<?xml version="1.0" encoding="UTF-8"?>
<testsuite xmlns:xsi="http://www.w3.org/2001/XMLSchema-instance" xsi:noNamespaceSchemaLocation="https://maven.apache.org/surefire/maven-surefire-plugin/xsd/surefire-test-report.xsd" name="org.apache.hadoop.ozone.client.rpc.TestMultiBlockWritesWithDnFailures" time="154.83" tests="2" errors="2" skipped="0" failures="0">
  <properties>
    <property name="awt.toolkit" value="sun.awt.X11.XToolkit"/>
    <property name="file.encoding.pkg" value="sun.io"/>
    <property name="java.specification.version" value="1.8"/>
    <property name="sun.cpu.isalist" value=""/>
    <property name="sun.jnu.encoding" value="ANSI_X3.4-1968"/>
    <property name="java.class.path" value="/workdir/hadoop-ozone/integration-test/target/test-classes:/workdir/hadoop-ozone/integration-test/target/classes:/home/user/.m2/repository/org/apache/hadoop/hadoop-ozone-common/0.5.0-SNAPSHOT/hadoop-ozone-common-0.5.0-SNAPSHOT.jar:/home/user/.m2/repository/org/apache/commons/commons-compress/1.4.1/commons-compress-1.4.1.jar:/home/user/.m2/repository/org/tukaani/xz/1.0/xz-1.0.jar:/home/user/.m2/repository/org/apache/hadoop/hadoop-common/3.2.0/hadoop-common-3.2.0.jar:/home/user/.m2/repository/org/apache/hadoop/hadoop-hdfs/3.2.0/hadoop-hdfs-3.2.0.jar:/home/user/.m2/repository/org/apache/hadoop/hadoop-hdfs-client/3.2.0/hadoop-hdfs-client-3.2.0.jar:/home/user/.m2/repository/com/fasterxml/jackson/core/jackson-annotations/2.9.9/jackson-annotations-2.9.9.jar:/home/user/.m2/repository/org/apache/hadoop/hadoop-hdds-common/0.5.0-SNAPSHOT/hadoop-hdds-common-0.5.0-SNAPSHOT.jar:/home/user/.m2/repository/javax/annotation/javax.annotation-api/1.2/javax.annotation-api-1.2.jar:/home/user/.m2/repository/org/apache/ratis/ratis-server/0.5.0-3f446aa-SNAPSHOT/ratis-server-0.5.0-3f446aa-SNAPSHOT.jar:/home/user/.m2/repository/org/apache/ratis/ratis-thirdparty-misc/0.2.0/ratis-thirdparty-misc-0.2.0.jar:/home/user/.m2/repository/org/apache/ratis/ratis-proto/0.5.0-3f446aa-SNAPSHOT/ratis-proto-0.5.0-3f446aa-SNAPSHOT.jar:/home/user/.m2/repository/org/apache/ratis/ratis-common/0.5.0-3f446aa-SNAPSHOT/ratis-common-0.5.0-3f446aa-SNAPSHOT.jar:/home/user/.m2/repository/org/apache/ratis/ratis-client/0.5.0-3f446aa-SNAPSHOT/ratis-client-0.5.0-3f446aa-SNAPSHOT.jar:/home/user/.m2/repository/org/apache/ratis/ratis-metrics/0.5.0-3f446aa-SNAPSHOT/ratis-metrics-0.5.0-3f446aa-SNAPSHOT.jar:/home/user/.m2/repository/com/github/joshelser/dropwizard-metrics-hadoop-metrics2-reporter/0.1.2/dropwizard-metrics-hadoop-metrics2-reporter-0.1.2.jar:/home/user/.m2/repository/io/dropwizard/metrics/metrics-jvm/3.2.5/metrics-jvm-3.2.5.jar:/home/user/.m2/repository/io/dropwizard/metrics/metrics-ganglia/3.2.5/metrics-ganglia-3.2.5.jar:/home/user/.m2/repository/info/ganglia/gmetric4j/gmetric4j/1.0.7/gmetric4j-1.0.7.jar:/home/user/.m2/repository/org/apache/ratis/ratis-netty/0.5.0-3f446aa-SNAPSHOT/ratis-netty-0.5.0-3f446aa-SNAPSHOT.jar:/home/user/.m2/repository/org/apache/ratis/ratis-grpc/0.5.0-3f446aa-SNAPSHOT/ratis-grpc-0.5.0-3f446aa-SNAPSHOT.jar:/home/user/.m2/repository/org/rocksdb/rocksdbjni/6.0.1/rocksdbjni-6.0.1.jar:/home/user/.m2/repository/org/apache/logging/log4j/log4j-api/2.11.0/log4j-api-2.11.0.jar:/home/user/.m2/repository/org/apache/logging/log4j/log4j-core/2.11.0/log4j-core-2.11.0.jar:/home/user/.m2/repository/com/lmax/disruptor/3.4.2/disruptor-3.4.2.jar:/home/user/.m2/repository/org/apache/commons/commons-pool2/2.6.0/commons-pool2-2.6.0.jar:/home/user/.m2/repository/org/bouncycastle/bcpkix-jdk15on/1.60/bcpkix-jdk15on-1.60.jar:/home/user/.m2/repository/commons-validator/commons-validator/1.6/commons-validator-1.6.jar:/home/user/.m2/repository/commons-digester/commons-digester/1.8.1/commons-digester-1.8.1.jar:/home/user/.m2/repository/io/jaegertracing/jaeger-client/0.34.0/jaeger-client-0.34.0.jar:/home/user/.m2/repository/io/jaegertracing/jaeger-thrift/0.34.0/jaeger-thrift-0.34.0.jar:/home/user/.m2/repository/org/apache/thrift/libthrift/0.12.0/libthrift-0.12.0.jar:/home/user/.m2/repository/com/squareup/okhttp3/okhttp/3.9.0/okhttp-3.9.0.jar:/home/user/.m2/repository/com/squareup/okio/okio/1.13.0/okio-1.13.0.jar:/home/user/.m2/repository/io/jaegertracing/jaeger-core/0.34.0/jaeger-core-0.34.0.jar:/home/user/.m2/repository/io/jaegertracing/jaeger-tracerresolver/0.34.0/jaeger-tracerresolver-0.34.0.jar:/home/user/.m2/repository/io/opentracing/contrib/opentracing-tracerresolver/0.1.5/opentracing-tracerresolver-0.1.5.jar:/home/user/.m2/repository/io/opentracing/opentracing-util/0.31.0/opentracing-util-0.31.0.jar:/home/user/.m2/repository/io/opentracing/opentracing-api/0.31.0/opentracing-api-0.31.0.jar:/home/user/.m2/repository/io/opentracing/opentracing-noop/0.31.0/opentracing-noop-0.31.0.jar:/home/user/.m2/repository/org/apache/hadoop/hadoop-hdds-server-framework/0.5.0-SNAPSHOT/hadoop-hdds-server-framework-0.5.0-SNAPSHOT.jar:/home/user/.m2/repository/org/apache/hadoop/hadoop-hdds-container-service/0.5.0-SNAPSHOT/hadoop-hdds-container-service-0.5.0-SNAPSHOT.jar:/home/user/.m2/repository/org/apache/hadoop/hadoop-hdds-client/0.5.0-SNAPSHOT/hadoop-hdds-client-0.5.0-SNAPSHOT.jar:/home/user/.m2/repository/org/apache/hadoop/hadoop-hdds-tools/0.5.0-SNAPSHOT/hadoop-hdds-tools-0.5.0-SNAPSHOT.jar:/home/user/.m2/repository/org/apache/hadoop/hadoop-hdds-server-scm/0.5.0-SNAPSHOT/hadoop-hdds-server-scm-0.5.0-SNAPSHOT.jar:/home/user/.m2/repository/org/apache/hadoop/hadoop-hdds-docs/0.5.0-SNAPSHOT/hadoop-hdds-docs-0.5.0-SNAPSHOT.jar:/home/user/.m2/repository/io/dropwizard/metrics/metrics-core/3.2.4/metrics-core-3.2.4.jar:/home/user/.m2/repository/org/hamcrest/hamcrest-all/1.3/hamcrest-all-1.3.jar:/home/user/.m2/repository/org/bouncycastle/bcprov-jdk15on/1.60/bcprov-jdk15on-1.60.jar:/home/user/.m2/repository/info/picocli/picocli/3.9.6/picocli-3.9.6.jar:/home/user/.m2/repository/com/google/protobuf/protobuf-java/2.5.0/protobuf-java-2.5.0.jar:/home/user/.m2/repository/com/google/guava/guava/11.0.2/guava-11.0.2.jar:/home/user/.m2/repository/org/apache/hadoop/hadoop-ozone-ozone-manager/0.5.0-SNAPSHOT/hadoop-ozone-ozone-manager-0.5.0-SNAPSHOT.jar:/home/user/.m2/repository/org/apache/hadoop/hadoop-minikdc/3.2.0/hadoop-minikdc-3.2.0.jar:/home/user/.m2/repository/commons-io/commons-io/2.5/commons-io-2.5.jar:/home/user/.m2/repository/org/apache/kerby/kerb-simplekdc/1.0.1/kerb-simplekdc-1.0.1.jar:/home/user/.m2/repository/org/apache/kerby/kerb-client/1.0.1/kerb-client-1.0.1.jar:/home/user/.m2/repository/org/apache/kerby/kerby-config/1.0.1/kerby-config-1.0.1.jar:/home/user/.m2/repository/org/apache/kerby/kerb-core/1.0.1/kerb-core-1.0.1.jar:/home/user/.m2/repository/org/apache/kerby/kerby-pkix/1.0.1/kerby-pkix-1.0.1.jar:/home/user/.m2/repository/org/apache/kerby/kerby-asn1/1.0.1/kerby-asn1-1.0.1.jar:/home/user/.m2/repository/org/apache/kerby/kerby-util/1.0.1/kerby-util-1.0.1.jar:/home/user/.m2/repository/org/apache/kerby/kerb-common/1.0.1/kerb-common-1.0.1.jar:/home/user/.m2/repository/org/apache/kerby/kerb-crypto/1.0.1/kerb-crypto-1.0.1.jar:/home/user/.m2/repository/org/apache/kerby/kerb-util/1.0.1/kerb-util-1.0.1.jar:/home/user/.m2/repository/org/apache/kerby/token-provider/1.0.1/token-provider-1.0.1.jar:/home/user/.m2/repository/org/apache/kerby/kerb-admin/1.0.1/kerb-admin-1.0.1.jar:/home/user/.m2/repository/org/apache/kerby/kerb-server/1.0.1/kerb-server-1.0.1.jar:/home/user/.m2/repository/org/apache/kerby/kerb-identity/1.0.1/kerb-identity-1.0.1.jar:/home/user/.m2/repository/org/apache/kerby/kerby-xdr/1.0.1/kerby-xdr-1.0.1.jar:/home/user/.m2/repository/org/slf4j/slf4j-log4j12/1.7.25/slf4j-log4j12-1.7.25.jar:/home/user/.m2/repository/org/apache/hadoop/hadoop-ozone-s3gateway/0.5.0-SNAPSHOT/hadoop-ozone-s3gateway-0.5.0-SNAPSHOT.jar:/home/user/.m2/repository/org/jboss/weld/servlet/weld-servlet/2.4.7.Final/weld-servlet-2.4.7.Final.jar:/home/user/.m2/repository/org/glassfish/jersey/containers/jersey-container-servlet-core/2.27/jersey-container-servlet-core-2.27.jar:/home/user/.m2/repository/org/glassfish/hk2/external/javax.inject/2.5.0-b42/javax.inject-2.5.0-b42.jar:/home/user/.m2/repository/org/glassfish/jersey/core/jersey-common/2.27/jersey-common-2.27.jar:/home/user/.m2/repository/org/glassfish/hk2/osgi-resource-locator/1.0.1/osgi-resource-locator-1.0.1.jar:/home/user/.m2/repository/javax/ws/rs/javax.ws.rs-api/2.1/javax.ws.rs-api-2.1.jar:/home/user/.m2/repository/org/glassfish/jersey/ext/cdi/jersey-cdi1x/2.27/jersey-cdi1x-2.27.jar:/home/user/.m2/repository/org/glassfish/jersey/inject/jersey-hk2/2.27/jersey-hk2-2.27.jar:/home/user/.m2/repository/org/glassfish/hk2/hk2-locator/2.5.0-b42/hk2-locator-2.5.0-b42.jar:/home/user/.m2/repository/org/javassist/javassist/3.22.0-CR2/javassist-3.22.0-CR2.jar:/home/user/.m2/repository/org/glassfish/hk2/hk2-api/2.5.0/hk2-api-2.5.0.jar:/home/user/.m2/repository/org/glassfish/hk2/external/jakarta.inject/2.5.0/jakarta.inject-2.5.0.jar:/home/user/.m2/repository/org/glassfish/hk2/hk2-utils/2.5.0/hk2-utils-2.5.0.jar:/home/user/.m2/repository/jakarta/annotation/jakarta.annotation-api/1.3.4/jakarta.annotation-api-1.3.4.jar:/home/user/.m2/repository/org/glassfish/hk2/external/aopalliance-repackaged/2.5.0/aopalliance-repackaged-2.5.0.jar:/home/user/.m2/repository/com/fasterxml/jackson/dataformat/jackson-dataformat-xml/2.9.0/jackson-dataformat-xml-2.9.0.jar:/home/user/.m2/repository/com/fasterxml/jackson/core/jackson-core/2.9.9/jackson-core-2.9.9.jar:/home/user/.m2/repository/com/fasterxml/jackson/module/jackson-module-jaxb-annotations/2.9.9/jackson-module-jaxb-annotations-2.9.9.jar:/home/user/.m2/repository/javax/enterprise/cdi-api/1.2/cdi-api-1.2.jar:/home/user/.m2/repository/javax/el/javax.el-api/3.0.0/javax.el-api-3.0.0.jar:/home/user/.m2/repository/javax/interceptor/javax.interceptor-api/1.2/javax.interceptor-api-1.2.jar:/home/user/.m2/repository/javax/inject/javax.inject/1/javax.inject-1.jar:/home/user/.m2/repository/com/sun/xml/bind/jaxb-impl/2.3.0.1/jaxb-impl-2.3.0.1.jar:/home/user/.m2/repository/com/sun/xml/bind/jaxb-core/2.3.0.1/jaxb-core-2.3.0.1.jar:/home/user/.m2/repository/javax/xml/bind/jaxb-api/2.3.0/jaxb-api-2.3.0.jar:/home/user/.m2/repository/javax/activation/activation/1.1.1/activation-1.1.1.jar:/home/user/.m2/repository/org/apache/hadoop/hadoop-ozone-csi/0.5.0-SNAPSHOT/hadoop-ozone-csi-0.5.0-SNAPSHOT.jar:/home/user/.m2/repository/com/google/protobuf/protobuf-java-util/3.5.1/protobuf-java-util-3.5.1.jar:/home/user/.m2/repository/org/apache/hadoop/hadoop-hdds-config/0.5.0-SNAPSHOT/hadoop-hdds-config-0.5.0-SNAPSHOT.jar:/home/user/.m2/repository/io/grpc/grpc-netty/1.17.1/grpc-netty-1.17.1.jar:/home/user/.m2/repository/io/grpc/grpc-core/1.17.1/grpc-core-1.17.1.jar:/home/user/.m2/repository/io/grpc/grpc-context/1.17.1/grpc-context-1.17.1.jar:/home/user/.m2/repository/com/google/errorprone/error_prone_annotations/2.2.0/error_prone_annotations-2.2.0.jar:/home/user/.m2/repository/org/codehaus/mojo/animal-sniffer-annotations/1.17/animal-sniffer-annotations-1.17.jar:/home/user/.m2/repository/io/opencensus/opencensus-api/0.17.0/opencensus-api-0.17.0.jar:/home/user/.m2/repository/io/opencensus/opencensus-contrib-grpc-metrics/0.17.0/opencensus-contrib-grpc-metrics-0.17.0.jar:/home/user/.m2/repository/io/netty/netty-codec-http2/4.1.30.Final/netty-codec-http2-4.1.30.Final.jar:/home/user/.m2/repository/io/netty/netty-codec-http/4.1.30.Final/netty-codec-http-4.1.30.Final.jar:/home/user/.m2/repository/io/netty/netty-codec/4.1.30.Final/netty-codec-4.1.30.Final.jar:/home/user/.m2/repository/io/netty/netty-handler/4.1.30.Final/netty-handler-4.1.30.Final.jar:/home/user/.m2/repository/io/netty/netty-handler-proxy/4.1.30.Final/netty-handler-proxy-4.1.30.Final.jar:/home/user/.m2/repository/io/netty/netty-codec-socks/4.1.30.Final/netty-codec-socks-4.1.30.Final.jar:/home/user/.m2/repository/io/netty/netty-transport-native-epoll/4.1.30.Final/netty-transport-native-epoll-4.1.30.Final.jar:/home/user/.m2/repository/io/netty/netty-common/4.1.30.Final/netty-common-4.1.30.Final.jar:/home/user/.m2/repository/io/netty/netty-buffer/4.1.30.Final/netty-buffer-4.1.30.Final.jar:/home/user/.m2/repository/io/netty/netty-transport/4.1.30.Final/netty-transport-4.1.30.Final.jar:/home/user/.m2/repository/io/netty/netty-resolver/4.1.30.Final/netty-resolver-4.1.30.Final.jar:/home/user/.m2/repository/io/netty/netty-transport-native-unix-common/4.1.30.Final/netty-transport-native-unix-common-4.1.30.Final.jar:/home/user/.m2/repository/io/grpc/grpc-protobuf/1.17.1/grpc-protobuf-1.17.1.jar:/home/user/.m2/repository/com/google/api/grpc/proto-google-common-protos/1.0.0/proto-google-common-protos-1.0.0.jar:/home/user/.m2/repository/io/grpc/grpc-protobuf-lite/1.17.1/grpc-protobuf-lite-1.17.1.jar:/home/user/.m2/repository/io/grpc/grpc-stub/1.17.1/grpc-stub-1.17.1.jar:/home/user/.m2/repository/org/apache/hadoop/hadoop-ozone-recon/0.5.0-SNAPSHOT/hadoop-ozone-recon-0.5.0-SNAPSHOT.jar:/home/user/.m2/repository/org/apache/hadoop/hadoop-ozone-reconcodegen/0.5.0-SNAPSHOT/hadoop-ozone-reconcodegen-0.5.0-SNAPSHOT.jar:/home/user/.m2/repository/com/google/inject/extensions/guice-multibindings/4.0/guice-multibindings-4.0.jar:/home/user/.m2/repository/com/google/inject/guice/4.0/guice-4.0.jar:/home/user/.m2/repository/aopalliance/aopalliance/1.0/aopalliance-1.0.jar:/home/user/.m2/repository/com/google/inject/extensions/guice-servlet/4.0/guice-servlet-4.0.jar:/home/user/.m2/repository/org/glassfish/jersey/containers/jersey-container-servlet/2.27/jersey-container-servlet-2.27.jar:/home/user/.m2/repository/org/glassfish/hk2/guice-bridge/2.5.0/guice-bridge-2.5.0.jar:/home/user/.m2/repository/org/glassfish/jersey/core/jersey-server/2.27/jersey-server-2.27.jar:/home/user/.m2/repository/org/glassfish/jersey/core/jersey-client/2.27/jersey-client-2.27.jar:/home/user/.m2/repository/org/glassfish/jersey/media/jersey-media-jaxb/2.27/jersey-media-jaxb-2.27.jar:/home/user/.m2/repository/javax/validation/validation-api/1.1.0.Final/validation-api-1.1.0.Final.jar:/home/user/.m2/repository/org/glassfish/jersey/media/jersey-media-json-jackson/2.27/jersey-media-json-jackson-2.27.jar:/home/user/.m2/repository/org/glassfish/jersey/ext/jersey-entity-filtering/2.27/jersey-entity-filtering-2.27.jar:/home/user/.m2/repository/com/google/inject/extensions/guice-assistedinject/4.0/guice-assistedinject-4.0.jar:/home/user/.m2/repository/org/jooq/jooq/3.11.10/jooq-3.11.10.jar:/home/user/.m2/repository/org/jooq/jooq-meta/3.11.10/jooq-meta-3.11.10.jar:/home/user/.m2/repository/org/jooq/jooq-codegen/3.11.10/jooq-codegen-3.11.10.jar:/home/user/.m2/repository/com/jolbox/bonecp/0.8.0.RELEASE/bonecp-0.8.0.RELEASE.jar:/home/user/.m2/repository/org/xerial/sqlite-jdbc/3.25.2/sqlite-jdbc-3.25.2.jar:/home/user/.m2/repository/org/springframework/spring-jdbc/5.1.3.RELEASE/spring-jdbc-5.1.3.RELEASE.jar:/home/user/.m2/repository/org/springframework/spring-beans/5.1.3.RELEASE/spring-beans-5.1.3.RELEASE.jar:/home/user/.m2/repository/org/springframework/spring-core/5.1.3.RELEASE/spring-core-5.1.3.RELEASE.jar:/home/user/.m2/repository/org/springframework/spring-jcl/5.1.3.RELEASE/spring-jcl-5.1.3.RELEASE.jar:/home/user/.m2/repository/org/springframework/spring-tx/5.1.3.RELEASE/spring-tx-5.1.3.RELEASE.jar:/home/user/.m2/repository/org/apache/hadoop/hadoop-ozone-client/0.5.0-SNAPSHOT/hadoop-ozone-client-0.5.0-SNAPSHOT.jar:/home/user/.m2/repository/commons-lang/commons-lang/2.6/commons-lang-2.6.jar:/home/user/.m2/repository/org/apache/hadoop/hadoop-ozone-ozone-manager/0.5.0-SNAPSHOT/hadoop-ozone-ozone-manager-0.5.0-SNAPSHOT-tests.jar:/home/user/.m2/repository/junit/junit/4.11/junit-4.11.jar:/home/user/.m2/repository/org/hamcrest/hamcrest-core/1.3/hamcrest-core-1.3.jar:/home/user/.m2/repository/org/openjdk/jmh/jmh-core/1.19/jmh-core-1.19.jar:/home/user/.m2/repository/net/sf/jopt-simple/jopt-simple/4.6/jopt-simple-4.6.jar:/home/user/.m2/repository/org/apache/commons/commons-math3/3.1.1/commons-math3-3.1.1.jar:/home/user/.m2/repository/org/openjdk/jmh/jmh-generator-annprocess/1.19/jmh-generator-annprocess-1.19.jar:/home/user/.m2/repository/org/mockito/mockito-all/1.8.5/mockito-all-1.8.5.jar:/home/user/.m2/repository/org/apache/hadoop/hadoop-kms/3.2.0/hadoop-kms-3.2.0.jar:/home/user/.m2/repository/org/apache/hadoop/hadoop-auth/3.2.0/hadoop-auth-3.2.0.jar:/home/user/.m2/repository/com/nimbusds/nimbus-jose-jwt/4.41.1/nimbus-jose-jwt-4.41.1.jar:/home/user/.m2/repository/com/github/stephenc/jcip/jcip-annotations/1.0-1/jcip-annotations-1.0-1.jar:/home/user/.m2/repository/net/minidev/json-smart/2.3/json-smart-2.3.jar:/home/user/.m2/repository/net/minidev/accessors-smart/1.2/accessors-smart-1.2.jar:/home/user/.m2/repository/org/ow2/asm/asm/5.0.4/asm-5.0.4.jar:/home/user/.m2/repository/org/apache/curator/curator-framework/2.12.0/curator-framework-2.12.0.jar:/home/user/.m2/repository/com/sun/jersey/jersey-core/1.19/jersey-core-1.19.jar:/home/user/.m2/repository/javax/ws/rs/jsr311-api/1.1.1/jsr311-api-1.1.1.jar:/home/user/.m2/repository/com/sun/jersey/jersey-server/1.19/jersey-server-1.19.jar:/home/user/.m2/repository/javax/servlet/javax.servlet-api/3.1.0/javax.servlet-api-3.1.0.jar:/home/user/.m2/repository/org/eclipse/jetty/jetty-server/9.3.25.v20180904/jetty-server-9.3.25.v20180904.jar:/home/user/.m2/repository/org/eclipse/jetty/jetty-http/9.3.25.v20180904/jetty-http-9.3.25.v20180904.jar:/home/user/.m2/repository/org/eclipse/jetty/jetty-io/9.3.25.v20180904/jetty-io-9.3.25.v20180904.jar:/home/user/.m2/repository/org/eclipse/jetty/jetty-webapp/9.3.25.v20180904/jetty-webapp-9.3.25.v20180904.jar:/home/user/.m2/repository/org/eclipse/jetty/jetty-xml/9.3.25.v20180904/jetty-xml-9.3.25.v20180904.jar:/home/user/.m2/repository/log4j/log4j/1.2.17/log4j-1.2.17.jar:/home/user/.m2/repository/org/slf4j/slf4j-api/1.7.25/slf4j-api-1.7.25.jar:/home/user/.m2/repository/org/slf4j/jul-to-slf4j/1.7.25/jul-to-slf4j-1.7.25.jar:/home/user/.m2/repository/org/eclipse/jetty/jetty-util/9.3.25.v20180904/jetty-util-9.3.25.v20180904.jar:/home/user/.m2/repository/com/fasterxml/jackson/core/jackson-databind/2.9.9/jackson-databind-2.9.9.jar:/home/user/.m2/repository/org/apache/hadoop/hadoop-kms/3.2.0/hadoop-kms-3.2.0-tests.jar:/home/user/.m2/repository/org/apache/hadoop/hadoop-hdds-server-scm/0.5.0-SNAPSHOT/hadoop-hdds-server-scm-0.5.0-SNAPSHOT-tests.jar:/home/user/.m2/repository/org/apache/hadoop/hadoop-hdds-container-service/0.5.0-SNAPSHOT/hadoop-hdds-container-service-0.5.0-SNAPSHOT-tests.jar:/home/user/.m2/repository/org/yaml/snakeyaml/1.16/snakeyaml-1.16.jar:/home/user/.m2/repository/org/apache/hadoop/hadoop-common/3.2.0/hadoop-common-3.2.0-tests.jar:/home/user/.m2/repository/org/apache/hadoop/hadoop-annotations/3.2.0/hadoop-annotations-3.2.0.jar:/usr/lib/jvm/java-1.8.0-openjdk-1.8.0.222.b10-1.el7_7.x86_64/jre/../lib/tools.jar:/home/user/.m2/repository/commons-cli/commons-cli/1.2/commons-cli-1.2.jar:/home/user/.m2/repository/org/apache/httpcomponents/httpclient/4.5.2/httpclient-4.5.2.jar:/home/user/.m2/repository/org/apache/httpcomponents/httpcore/4.4.4/httpcore-4.4.4.jar:/home/user/.m2/repository/commons-codec/commons-codec/1.11/commons-codec-1.11.jar:/home/user/.m2/repository/commons-net/commons-net/3.6/commons-net-3.6.jar:/home/user/.m2/repository/commons-collections/commons-collections/3.2.2/commons-collections-3.2.2.jar:/home/user/.m2/repository/org/eclipse/jetty/jetty-servlet/9.3.25.v20180904/jetty-servlet-9.3.25.v20180904.jar:/home/user/.m2/repository/org/eclipse/jetty/jetty-security/9.3.25.v20180904/jetty-security-9.3.25.v20180904.jar:/home/user/.m2/repository/javax/servlet/jsp/jsp-api/2.1/jsp-api-2.1.jar:/home/user/.m2/repository/com/sun/jersey/jersey-servlet/1.19/jersey-servlet-1.19.jar:/home/user/.m2/repository/com/sun/jersey/jersey-json/1.19/jersey-json-1.19.jar:/home/user/.m2/repository/org/codehaus/jettison/jettison/1.1/jettison-1.1.jar:/home/user/.m2/repository/org/codehaus/jackson/jackson-core-asl/1.9.13/jackson-core-asl-1.9.13.jar:/home/user/.m2/repository/org/codehaus/jackson/jackson-mapper-asl/1.9.13/jackson-mapper-asl-1.9.13.jar:/home/user/.m2/repository/org/codehaus/jackson/jackson-jaxrs/1.9.13/jackson-jaxrs-1.9.13.jar:/home/user/.m2/repository/org/codehaus/jackson/jackson-xc/1.9.13/jackson-xc-1.9.13.jar:/home/user/.m2/repository/commons-logging/commons-logging/1.1.3/commons-logging-1.1.3.jar:/home/user/.m2/repository/commons-beanutils/commons-beanutils/1.9.4/commons-beanutils-1.9.4.jar:/home/user/.m2/repository/org/apache/commons/commons-configuration2/2.1.1/commons-configuration2-2.1.1.jar:/home/user/.m2/repository/org/apache/commons/commons-lang3/3.7/commons-lang3-3.7.jar:/home/user/.m2/repository/org/apache/commons/commons-text/1.4/commons-text-1.4.jar:/home/user/.m2/repository/org/apache/avro/avro/1.7.7/avro-1.7.7.jar:/home/user/.m2/repository/com/thoughtworks/paranamer/paranamer/2.3/paranamer-2.3.jar:/home/user/.m2/repository/org/xerial/snappy/snappy-java/1.0.5/snappy-java-1.0.5.jar:/home/user/.m2/repository/com/google/re2j/re2j/1.1/re2j-1.1.jar:/home/user/.m2/repository/com/google/code/gson/gson/2.2.4/gson-2.2.4.jar:/home/user/.m2/repository/com/jcraft/jsch/0.1.54/jsch-0.1.54.jar:/home/user/.m2/repository/org/apache/curator/curator-client/2.12.0/curator-client-2.12.0.jar:/home/user/.m2/repository/org/apache/curator/curator-recipes/2.12.0/curator-recipes-2.12.0.jar:/home/user/.m2/repository/com/google/code/findbugs/jsr305/3.0.0/jsr305-3.0.0.jar:/home/user/.m2/repository/org/apache/htrace/htrace-core4/4.1.0-incubating/htrace-core4-4.1.0-incubating.jar:/home/user/.m2/repository/org/apache/zookeeper/zookeeper/3.4.13/zookeeper-3.4.13.jar:/home/user/.m2/repository/jline/jline/0.9.94/jline-0.9.94.jar:/home/user/.m2/repository/org/apache/yetus/audience-annotations/0.5.0/audience-annotations-0.5.0.jar:/home/user/.m2/repository/org/codehaus/woodstox/stax2-api/3.1.4/stax2-api-3.1.4.jar:/home/user/.m2/repository/com/fasterxml/woodstox/woodstox-core/5.0.3/woodstox-core-5.0.3.jar:/home/user/.m2/repository/dnsjava/dnsjava/2.1.7/dnsjava-2.1.7.jar:/home/user/.m2/repository/org/apache/hadoop/hadoop-hdfs/3.2.0/hadoop-hdfs-3.2.0-tests.jar:/home/user/.m2/repository/org/eclipse/jetty/jetty-util-ajax/9.3.25.v20180904/jetty-util-ajax-9.3.25.v20180904.jar:/home/user/.m2/repository/commons-daemon/commons-daemon/1.0.13/commons-daemon-1.0.13.jar:/home/user/.m2/repository/io/netty/netty/3.10.5.Final/netty-3.10.5.Final.jar:/home/user/.m2/repository/io/netty/netty-all/4.0.52.Final/netty-all-4.0.52.Final.jar:/home/user/.m2/repository/org/fusesource/leveldbjni/leveldbjni-all/1.8/leveldbjni-all-1.8.jar:"/>
    <property name="java.vm.vendor" value="Oracle Corporation"/>
    <property name="sun.arch.data.model" value="64"/>
    <property name="test.build.dir" value="/workdir/hadoop-ozone/integration-test/target/test-dir"/>
    <property name="test.cache.data" value=""/>
    <property name="java.vendor.url" value="http://java.oracle.com/"/>
    <property name="user.timezone" value=""/>
    <property name="java.vm.specification.version" value="1.8"/>
    <property name="os.name" value="Linux"/>
    <property name="test.build.data" value="/workdir/hadoop-ozone/integration-test/target/test-dir"/>
    <property name="user.country" value="US"/>
    <property name="sun.java.launcher" value="SUN_STANDARD"/>
    <property name="sun.boot.library.path" value="/usr/lib/jvm/java-1.8.0-openjdk-1.8.0.222.b10-1.el7_7.x86_64/jre/lib/amd64"/>
    <property name="sun.java.command" value="/workdir/hadoop-ozone/integration-test/target/surefire/surefirebooter625687916158654653.jar /workdir/hadoop-ozone/integration-test/target/surefire 2019-10-16T05-16-23_122-jvmRun1 surefire6641356185947236037tmp surefire_215043218866229651165tmp"/>
    <property name="surefire.test.class.path" value="/workdir/hadoop-ozone/integration-test/target/test-classes:/workdir/hadoop-ozone/integration-test/target/classes:/home/user/.m2/repository/org/apache/hadoop/hadoop-ozone-common/0.5.0-SNAPSHOT/hadoop-ozone-common-0.5.0-SNAPSHOT.jar:/home/user/.m2/repository/org/apache/commons/commons-compress/1.4.1/commons-compress-1.4.1.jar:/home/user/.m2/repository/org/tukaani/xz/1.0/xz-1.0.jar:/home/user/.m2/repository/org/apache/hadoop/hadoop-common/3.2.0/hadoop-common-3.2.0.jar:/home/user/.m2/repository/org/apache/hadoop/hadoop-hdfs/3.2.0/hadoop-hdfs-3.2.0.jar:/home/user/.m2/repository/org/apache/hadoop/hadoop-hdfs-client/3.2.0/hadoop-hdfs-client-3.2.0.jar:/home/user/.m2/repository/com/fasterxml/jackson/core/jackson-annotations/2.9.9/jackson-annotations-2.9.9.jar:/home/user/.m2/repository/org/apache/hadoop/hadoop-hdds-common/0.5.0-SNAPSHOT/hadoop-hdds-common-0.5.0-SNAPSHOT.jar:/home/user/.m2/repository/javax/annotation/javax.annotation-api/1.2/javax.annotation-api-1.2.jar:/home/user/.m2/repository/org/apache/ratis/ratis-server/0.5.0-3f446aa-SNAPSHOT/ratis-server-0.5.0-3f446aa-SNAPSHOT.jar:/home/user/.m2/repository/org/apache/ratis/ratis-thirdparty-misc/0.2.0/ratis-thirdparty-misc-0.2.0.jar:/home/user/.m2/repository/org/apache/ratis/ratis-proto/0.5.0-3f446aa-SNAPSHOT/ratis-proto-0.5.0-3f446aa-SNAPSHOT.jar:/home/user/.m2/repository/org/apache/ratis/ratis-common/0.5.0-3f446aa-SNAPSHOT/ratis-common-0.5.0-3f446aa-SNAPSHOT.jar:/home/user/.m2/repository/org/apache/ratis/ratis-client/0.5.0-3f446aa-SNAPSHOT/ratis-client-0.5.0-3f446aa-SNAPSHOT.jar:/home/user/.m2/repository/org/apache/ratis/ratis-metrics/0.5.0-3f446aa-SNAPSHOT/ratis-metrics-0.5.0-3f446aa-SNAPSHOT.jar:/home/user/.m2/repository/com/github/joshelser/dropwizard-metrics-hadoop-metrics2-reporter/0.1.2/dropwizard-metrics-hadoop-metrics2-reporter-0.1.2.jar:/home/user/.m2/repository/io/dropwizard/metrics/metrics-jvm/3.2.5/metrics-jvm-3.2.5.jar:/home/user/.m2/repository/io/dropwizard/metrics/metrics-ganglia/3.2.5/metrics-ganglia-3.2.5.jar:/home/user/.m2/repository/info/ganglia/gmetric4j/gmetric4j/1.0.7/gmetric4j-1.0.7.jar:/home/user/.m2/repository/org/apache/ratis/ratis-netty/0.5.0-3f446aa-SNAPSHOT/ratis-netty-0.5.0-3f446aa-SNAPSHOT.jar:/home/user/.m2/repository/org/apache/ratis/ratis-grpc/0.5.0-3f446aa-SNAPSHOT/ratis-grpc-0.5.0-3f446aa-SNAPSHOT.jar:/home/user/.m2/repository/org/rocksdb/rocksdbjni/6.0.1/rocksdbjni-6.0.1.jar:/home/user/.m2/repository/org/apache/logging/log4j/log4j-api/2.11.0/log4j-api-2.11.0.jar:/home/user/.m2/repository/org/apache/logging/log4j/log4j-core/2.11.0/log4j-core-2.11.0.jar:/home/user/.m2/repository/com/lmax/disruptor/3.4.2/disruptor-3.4.2.jar:/home/user/.m2/repository/org/apache/commons/commons-pool2/2.6.0/commons-pool2-2.6.0.jar:/home/user/.m2/repository/org/bouncycastle/bcpkix-jdk15on/1.60/bcpkix-jdk15on-1.60.jar:/home/user/.m2/repository/commons-validator/commons-validator/1.6/commons-validator-1.6.jar:/home/user/.m2/repository/commons-digester/commons-digester/1.8.1/commons-digester-1.8.1.jar:/home/user/.m2/repository/io/jaegertracing/jaeger-client/0.34.0/jaeger-client-0.34.0.jar:/home/user/.m2/repository/io/jaegertracing/jaeger-thrift/0.34.0/jaeger-thrift-0.34.0.jar:/home/user/.m2/repository/org/apache/thrift/libthrift/0.12.0/libthrift-0.12.0.jar:/home/user/.m2/repository/com/squareup/okhttp3/okhttp/3.9.0/okhttp-3.9.0.jar:/home/user/.m2/repository/com/squareup/okio/okio/1.13.0/okio-1.13.0.jar:/home/user/.m2/repository/io/jaegertracing/jaeger-core/0.34.0/jaeger-core-0.34.0.jar:/home/user/.m2/repository/io/jaegertracing/jaeger-tracerresolver/0.34.0/jaeger-tracerresolver-0.34.0.jar:/home/user/.m2/repository/io/opentracing/contrib/opentracing-tracerresolver/0.1.5/opentracing-tracerresolver-0.1.5.jar:/home/user/.m2/repository/io/opentracing/opentracing-util/0.31.0/opentracing-util-0.31.0.jar:/home/user/.m2/repository/io/opentracing/opentracing-api/0.31.0/opentracing-api-0.31.0.jar:/home/user/.m2/repository/io/opentracing/opentracing-noop/0.31.0/opentracing-noop-0.31.0.jar:/home/user/.m2/repository/org/apache/hadoop/hadoop-hdds-server-framework/0.5.0-SNAPSHOT/hadoop-hdds-server-framework-0.5.0-SNAPSHOT.jar:/home/user/.m2/repository/org/apache/hadoop/hadoop-hdds-container-service/0.5.0-SNAPSHOT/hadoop-hdds-container-service-0.5.0-SNAPSHOT.jar:/home/user/.m2/repository/org/apache/hadoop/hadoop-hdds-client/0.5.0-SNAPSHOT/hadoop-hdds-client-0.5.0-SNAPSHOT.jar:/home/user/.m2/repository/org/apache/hadoop/hadoop-hdds-tools/0.5.0-SNAPSHOT/hadoop-hdds-tools-0.5.0-SNAPSHOT.jar:/home/user/.m2/repository/org/apache/hadoop/hadoop-hdds-server-scm/0.5.0-SNAPSHOT/hadoop-hdds-server-scm-0.5.0-SNAPSHOT.jar:/home/user/.m2/repository/org/apache/hadoop/hadoop-hdds-docs/0.5.0-SNAPSHOT/hadoop-hdds-docs-0.5.0-SNAPSHOT.jar:/home/user/.m2/repository/io/dropwizard/metrics/metrics-core/3.2.4/metrics-core-3.2.4.jar:/home/user/.m2/repository/org/hamcrest/hamcrest-all/1.3/hamcrest-all-1.3.jar:/home/user/.m2/repository/org/bouncycastle/bcprov-jdk15on/1.60/bcprov-jdk15on-1.60.jar:/home/user/.m2/repository/info/picocli/picocli/3.9.6/picocli-3.9.6.jar:/home/user/.m2/repository/com/google/protobuf/protobuf-java/2.5.0/protobuf-java-2.5.0.jar:/home/user/.m2/repository/com/google/guava/guava/11.0.2/guava-11.0.2.jar:/home/user/.m2/repository/org/apache/hadoop/hadoop-ozone-ozone-manager/0.5.0-SNAPSHOT/hadoop-ozone-ozone-manager-0.5.0-SNAPSHOT.jar:/home/user/.m2/repository/org/apache/hadoop/hadoop-minikdc/3.2.0/hadoop-minikdc-3.2.0.jar:/home/user/.m2/repository/commons-io/commons-io/2.5/commons-io-2.5.jar:/home/user/.m2/repository/org/apache/kerby/kerb-simplekdc/1.0.1/kerb-simplekdc-1.0.1.jar:/home/user/.m2/repository/org/apache/kerby/kerb-client/1.0.1/kerb-client-1.0.1.jar:/home/user/.m2/repository/org/apache/kerby/kerby-config/1.0.1/kerby-config-1.0.1.jar:/home/user/.m2/repository/org/apache/kerby/kerb-core/1.0.1/kerb-core-1.0.1.jar:/home/user/.m2/repository/org/apache/kerby/kerby-pkix/1.0.1/kerby-pkix-1.0.1.jar:/home/user/.m2/repository/org/apache/kerby/kerby-asn1/1.0.1/kerby-asn1-1.0.1.jar:/home/user/.m2/repository/org/apache/kerby/kerby-util/1.0.1/kerby-util-1.0.1.jar:/home/user/.m2/repository/org/apache/kerby/kerb-common/1.0.1/kerb-common-1.0.1.jar:/home/user/.m2/repository/org/apache/kerby/kerb-crypto/1.0.1/kerb-crypto-1.0.1.jar:/home/user/.m2/repository/org/apache/kerby/kerb-util/1.0.1/kerb-util-1.0.1.jar:/home/user/.m2/repository/org/apache/kerby/token-provider/1.0.1/token-provider-1.0.1.jar:/home/user/.m2/repository/org/apache/kerby/kerb-admin/1.0.1/kerb-admin-1.0.1.jar:/home/user/.m2/repository/org/apache/kerby/kerb-server/1.0.1/kerb-server-1.0.1.jar:/home/user/.m2/repository/org/apache/kerby/kerb-identity/1.0.1/kerb-identity-1.0.1.jar:/home/user/.m2/repository/org/apache/kerby/kerby-xdr/1.0.1/kerby-xdr-1.0.1.jar:/home/user/.m2/repository/org/slf4j/slf4j-log4j12/1.7.25/slf4j-log4j12-1.7.25.jar:/home/user/.m2/repository/org/apache/hadoop/hadoop-ozone-s3gateway/0.5.0-SNAPSHOT/hadoop-ozone-s3gateway-0.5.0-SNAPSHOT.jar:/home/user/.m2/repository/org/jboss/weld/servlet/weld-servlet/2.4.7.Final/weld-servlet-2.4.7.Final.jar:/home/user/.m2/repository/org/glassfish/jersey/containers/jersey-container-servlet-core/2.27/jersey-container-servlet-core-2.27.jar:/home/user/.m2/repository/org/glassfish/hk2/external/javax.inject/2.5.0-b42/javax.inject-2.5.0-b42.jar:/home/user/.m2/repository/org/glassfish/jersey/core/jersey-common/2.27/jersey-common-2.27.jar:/home/user/.m2/repository/org/glassfish/hk2/osgi-resource-locator/1.0.1/osgi-resource-locator-1.0.1.jar:/home/user/.m2/repository/javax/ws/rs/javax.ws.rs-api/2.1/javax.ws.rs-api-2.1.jar:/home/user/.m2/repository/org/glassfish/jersey/ext/cdi/jersey-cdi1x/2.27/jersey-cdi1x-2.27.jar:/home/user/.m2/repository/org/glassfish/jersey/inject/jersey-hk2/2.27/jersey-hk2-2.27.jar:/home/user/.m2/repository/org/glassfish/hk2/hk2-locator/2.5.0-b42/hk2-locator-2.5.0-b42.jar:/home/user/.m2/repository/org/javassist/javassist/3.22.0-CR2/javassist-3.22.0-CR2.jar:/home/user/.m2/repository/org/glassfish/hk2/hk2-api/2.5.0/hk2-api-2.5.0.jar:/home/user/.m2/repository/org/glassfish/hk2/external/jakarta.inject/2.5.0/jakarta.inject-2.5.0.jar:/home/user/.m2/repository/org/glassfish/hk2/hk2-utils/2.5.0/hk2-utils-2.5.0.jar:/home/user/.m2/repository/jakarta/annotation/jakarta.annotation-api/1.3.4/jakarta.annotation-api-1.3.4.jar:/home/user/.m2/repository/org/glassfish/hk2/external/aopalliance-repackaged/2.5.0/aopalliance-repackaged-2.5.0.jar:/home/user/.m2/repository/com/fasterxml/jackson/dataformat/jackson-dataformat-xml/2.9.0/jackson-dataformat-xml-2.9.0.jar:/home/user/.m2/repository/com/fasterxml/jackson/core/jackson-core/2.9.9/jackson-core-2.9.9.jar:/home/user/.m2/repository/com/fasterxml/jackson/module/jackson-module-jaxb-annotations/2.9.9/jackson-module-jaxb-annotations-2.9.9.jar:/home/user/.m2/repository/javax/enterprise/cdi-api/1.2/cdi-api-1.2.jar:/home/user/.m2/repository/javax/el/javax.el-api/3.0.0/javax.el-api-3.0.0.jar:/home/user/.m2/repository/javax/interceptor/javax.interceptor-api/1.2/javax.interceptor-api-1.2.jar:/home/user/.m2/repository/javax/inject/javax.inject/1/javax.inject-1.jar:/home/user/.m2/repository/com/sun/xml/bind/jaxb-impl/2.3.0.1/jaxb-impl-2.3.0.1.jar:/home/user/.m2/repository/com/sun/xml/bind/jaxb-core/2.3.0.1/jaxb-core-2.3.0.1.jar:/home/user/.m2/repository/javax/xml/bind/jaxb-api/2.3.0/jaxb-api-2.3.0.jar:/home/user/.m2/repository/javax/activation/activation/1.1.1/activation-1.1.1.jar:/home/user/.m2/repository/org/apache/hadoop/hadoop-ozone-csi/0.5.0-SNAPSHOT/hadoop-ozone-csi-0.5.0-SNAPSHOT.jar:/home/user/.m2/repository/com/google/protobuf/protobuf-java-util/3.5.1/protobuf-java-util-3.5.1.jar:/home/user/.m2/repository/org/apache/hadoop/hadoop-hdds-config/0.5.0-SNAPSHOT/hadoop-hdds-config-0.5.0-SNAPSHOT.jar:/home/user/.m2/repository/io/grpc/grpc-netty/1.17.1/grpc-netty-1.17.1.jar:/home/user/.m2/repository/io/grpc/grpc-core/1.17.1/grpc-core-1.17.1.jar:/home/user/.m2/repository/io/grpc/grpc-context/1.17.1/grpc-context-1.17.1.jar:/home/user/.m2/repository/com/google/errorprone/error_prone_annotations/2.2.0/error_prone_annotations-2.2.0.jar:/home/user/.m2/repository/org/codehaus/mojo/animal-sniffer-annotations/1.17/animal-sniffer-annotations-1.17.jar:/home/user/.m2/repository/io/opencensus/opencensus-api/0.17.0/opencensus-api-0.17.0.jar:/home/user/.m2/repository/io/opencensus/opencensus-contrib-grpc-metrics/0.17.0/opencensus-contrib-grpc-metrics-0.17.0.jar:/home/user/.m2/repository/io/netty/netty-codec-http2/4.1.30.Final/netty-codec-http2-4.1.30.Final.jar:/home/user/.m2/repository/io/netty/netty-codec-http/4.1.30.Final/netty-codec-http-4.1.30.Final.jar:/home/user/.m2/repository/io/netty/netty-codec/4.1.30.Final/netty-codec-4.1.30.Final.jar:/home/user/.m2/repository/io/netty/netty-handler/4.1.30.Final/netty-handler-4.1.30.Final.jar:/home/user/.m2/repository/io/netty/netty-handler-proxy/4.1.30.Final/netty-handler-proxy-4.1.30.Final.jar:/home/user/.m2/repository/io/netty/netty-codec-socks/4.1.30.Final/netty-codec-socks-4.1.30.Final.jar:/home/user/.m2/repository/io/netty/netty-transport-native-epoll/4.1.30.Final/netty-transport-native-epoll-4.1.30.Final.jar:/home/user/.m2/repository/io/netty/netty-common/4.1.30.Final/netty-common-4.1.30.Final.jar:/home/user/.m2/repository/io/netty/netty-buffer/4.1.30.Final/netty-buffer-4.1.30.Final.jar:/home/user/.m2/repository/io/netty/netty-transport/4.1.30.Final/netty-transport-4.1.30.Final.jar:/home/user/.m2/repository/io/netty/netty-resolver/4.1.30.Final/netty-resolver-4.1.30.Final.jar:/home/user/.m2/repository/io/netty/netty-transport-native-unix-common/4.1.30.Final/netty-transport-native-unix-common-4.1.30.Final.jar:/home/user/.m2/repository/io/grpc/grpc-protobuf/1.17.1/grpc-protobuf-1.17.1.jar:/home/user/.m2/repository/com/google/api/grpc/proto-google-common-protos/1.0.0/proto-google-common-protos-1.0.0.jar:/home/user/.m2/repository/io/grpc/grpc-protobuf-lite/1.17.1/grpc-protobuf-lite-1.17.1.jar:/home/user/.m2/repository/io/grpc/grpc-stub/1.17.1/grpc-stub-1.17.1.jar:/home/user/.m2/repository/org/apache/hadoop/hadoop-ozone-recon/0.5.0-SNAPSHOT/hadoop-ozone-recon-0.5.0-SNAPSHOT.jar:/home/user/.m2/repository/org/apache/hadoop/hadoop-ozone-reconcodegen/0.5.0-SNAPSHOT/hadoop-ozone-reconcodegen-0.5.0-SNAPSHOT.jar:/home/user/.m2/repository/com/google/inject/extensions/guice-multibindings/4.0/guice-multibindings-4.0.jar:/home/user/.m2/repository/com/google/inject/guice/4.0/guice-4.0.jar:/home/user/.m2/repository/aopalliance/aopalliance/1.0/aopalliance-1.0.jar:/home/user/.m2/repository/com/google/inject/extensions/guice-servlet/4.0/guice-servlet-4.0.jar:/home/user/.m2/repository/org/glassfish/jersey/containers/jersey-container-servlet/2.27/jersey-container-servlet-2.27.jar:/home/user/.m2/repository/org/glassfish/hk2/guice-bridge/2.5.0/guice-bridge-2.5.0.jar:/home/user/.m2/repository/org/glassfish/jersey/core/jersey-server/2.27/jersey-server-2.27.jar:/home/user/.m2/repository/org/glassfish/jersey/core/jersey-client/2.27/jersey-client-2.27.jar:/home/user/.m2/repository/org/glassfish/jersey/media/jersey-media-jaxb/2.27/jersey-media-jaxb-2.27.jar:/home/user/.m2/repository/javax/validation/validation-api/1.1.0.Final/validation-api-1.1.0.Final.jar:/home/user/.m2/repository/org/glassfish/jersey/media/jersey-media-json-jackson/2.27/jersey-media-json-jackson-2.27.jar:/home/user/.m2/repository/org/glassfish/jersey/ext/jersey-entity-filtering/2.27/jersey-entity-filtering-2.27.jar:/home/user/.m2/repository/com/google/inject/extensions/guice-assistedinject/4.0/guice-assistedinject-4.0.jar:/home/user/.m2/repository/org/jooq/jooq/3.11.10/jooq-3.11.10.jar:/home/user/.m2/repository/org/jooq/jooq-meta/3.11.10/jooq-meta-3.11.10.jar:/home/user/.m2/repository/org/jooq/jooq-codegen/3.11.10/jooq-codegen-3.11.10.jar:/home/user/.m2/repository/com/jolbox/bonecp/0.8.0.RELEASE/bonecp-0.8.0.RELEASE.jar:/home/user/.m2/repository/org/xerial/sqlite-jdbc/3.25.2/sqlite-jdbc-3.25.2.jar:/home/user/.m2/repository/org/springframework/spring-jdbc/5.1.3.RELEASE/spring-jdbc-5.1.3.RELEASE.jar:/home/user/.m2/repository/org/springframework/spring-beans/5.1.3.RELEASE/spring-beans-5.1.3.RELEASE.jar:/home/user/.m2/repository/org/springframework/spring-core/5.1.3.RELEASE/spring-core-5.1.3.RELEASE.jar:/home/user/.m2/repository/org/springframework/spring-jcl/5.1.3.RELEASE/spring-jcl-5.1.3.RELEASE.jar:/home/user/.m2/repository/org/springframework/spring-tx/5.1.3.RELEASE/spring-tx-5.1.3.RELEASE.jar:/home/user/.m2/repository/org/apache/hadoop/hadoop-ozone-client/0.5.0-SNAPSHOT/hadoop-ozone-client-0.5.0-SNAPSHOT.jar:/home/user/.m2/repository/commons-lang/commons-lang/2.6/commons-lang-2.6.jar:/home/user/.m2/repository/org/apache/hadoop/hadoop-ozone-ozone-manager/0.5.0-SNAPSHOT/hadoop-ozone-ozone-manager-0.5.0-SNAPSHOT-tests.jar:/home/user/.m2/repository/junit/junit/4.11/junit-4.11.jar:/home/user/.m2/repository/org/hamcrest/hamcrest-core/1.3/hamcrest-core-1.3.jar:/home/user/.m2/repository/org/openjdk/jmh/jmh-core/1.19/jmh-core-1.19.jar:/home/user/.m2/repository/net/sf/jopt-simple/jopt-simple/4.6/jopt-simple-4.6.jar:/home/user/.m2/repository/org/apache/commons/commons-math3/3.1.1/commons-math3-3.1.1.jar:/home/user/.m2/repository/org/openjdk/jmh/jmh-generator-annprocess/1.19/jmh-generator-annprocess-1.19.jar:/home/user/.m2/repository/org/mockito/mockito-all/1.8.5/mockito-all-1.8.5.jar:/home/user/.m2/repository/org/apache/hadoop/hadoop-kms/3.2.0/hadoop-kms-3.2.0.jar:/home/user/.m2/repository/org/apache/hadoop/hadoop-auth/3.2.0/hadoop-auth-3.2.0.jar:/home/user/.m2/repository/com/nimbusds/nimbus-jose-jwt/4.41.1/nimbus-jose-jwt-4.41.1.jar:/home/user/.m2/repository/com/github/stephenc/jcip/jcip-annotations/1.0-1/jcip-annotations-1.0-1.jar:/home/user/.m2/repository/net/minidev/json-smart/2.3/json-smart-2.3.jar:/home/user/.m2/repository/net/minidev/accessors-smart/1.2/accessors-smart-1.2.jar:/home/user/.m2/repository/org/ow2/asm/asm/5.0.4/asm-5.0.4.jar:/home/user/.m2/repository/org/apache/curator/curator-framework/2.12.0/curator-framework-2.12.0.jar:/home/user/.m2/repository/com/sun/jersey/jersey-core/1.19/jersey-core-1.19.jar:/home/user/.m2/repository/javax/ws/rs/jsr311-api/1.1.1/jsr311-api-1.1.1.jar:/home/user/.m2/repository/com/sun/jersey/jersey-server/1.19/jersey-server-1.19.jar:/home/user/.m2/repository/javax/servlet/javax.servlet-api/3.1.0/javax.servlet-api-3.1.0.jar:/home/user/.m2/repository/org/eclipse/jetty/jetty-server/9.3.25.v20180904/jetty-server-9.3.25.v20180904.jar:/home/user/.m2/repository/org/eclipse/jetty/jetty-http/9.3.25.v20180904/jetty-http-9.3.25.v20180904.jar:/home/user/.m2/repository/org/eclipse/jetty/jetty-io/9.3.25.v20180904/jetty-io-9.3.25.v20180904.jar:/home/user/.m2/repository/org/eclipse/jetty/jetty-webapp/9.3.25.v20180904/jetty-webapp-9.3.25.v20180904.jar:/home/user/.m2/repository/org/eclipse/jetty/jetty-xml/9.3.25.v20180904/jetty-xml-9.3.25.v20180904.jar:/home/user/.m2/repository/log4j/log4j/1.2.17/log4j-1.2.17.jar:/home/user/.m2/repository/org/slf4j/slf4j-api/1.7.25/slf4j-api-1.7.25.jar:/home/user/.m2/repository/org/slf4j/jul-to-slf4j/1.7.25/jul-to-slf4j-1.7.25.jar:/home/user/.m2/repository/org/eclipse/jetty/jetty-util/9.3.25.v20180904/jetty-util-9.3.25.v20180904.jar:/home/user/.m2/repository/com/fasterxml/jackson/core/jackson-databind/2.9.9/jackson-databind-2.9.9.jar:/home/user/.m2/repository/org/apache/hadoop/hadoop-kms/3.2.0/hadoop-kms-3.2.0-tests.jar:/home/user/.m2/repository/org/apache/hadoop/hadoop-hdds-server-scm/0.5.0-SNAPSHOT/hadoop-hdds-server-scm-0.5.0-SNAPSHOT-tests.jar:/home/user/.m2/repository/org/apache/hadoop/hadoop-hdds-container-service/0.5.0-SNAPSHOT/hadoop-hdds-container-service-0.5.0-SNAPSHOT-tests.jar:/home/user/.m2/repository/org/yaml/snakeyaml/1.16/snakeyaml-1.16.jar:/home/user/.m2/repository/org/apache/hadoop/hadoop-common/3.2.0/hadoop-common-3.2.0-tests.jar:/home/user/.m2/repository/org/apache/hadoop/hadoop-annotations/3.2.0/hadoop-annotations-3.2.0.jar:/usr/lib/jvm/java-1.8.0-openjdk-1.8.0.222.b10-1.el7_7.x86_64/jre/../lib/tools.jar:/home/user/.m2/repository/commons-cli/commons-cli/1.2/commons-cli-1.2.jar:/home/user/.m2/repository/org/apache/httpcomponents/httpclient/4.5.2/httpclient-4.5.2.jar:/home/user/.m2/repository/org/apache/httpcomponents/httpcore/4.4.4/httpcore-4.4.4.jar:/home/user/.m2/repository/commons-codec/commons-codec/1.11/commons-codec-1.11.jar:/home/user/.m2/repository/commons-net/commons-net/3.6/commons-net-3.6.jar:/home/user/.m2/repository/commons-collections/commons-collections/3.2.2/commons-collections-3.2.2.jar:/home/user/.m2/repository/org/eclipse/jetty/jetty-servlet/9.3.25.v20180904/jetty-servlet-9.3.25.v20180904.jar:/home/user/.m2/repository/org/eclipse/jetty/jetty-security/9.3.25.v20180904/jetty-security-9.3.25.v20180904.jar:/home/user/.m2/repository/javax/servlet/jsp/jsp-api/2.1/jsp-api-2.1.jar:/home/user/.m2/repository/com/sun/jersey/jersey-servlet/1.19/jersey-servlet-1.19.jar:/home/user/.m2/repository/com/sun/jersey/jersey-json/1.19/jersey-json-1.19.jar:/home/user/.m2/repository/org/codehaus/jettison/jettison/1.1/jettison-1.1.jar:/home/user/.m2/repository/org/codehaus/jackson/jackson-core-asl/1.9.13/jackson-core-asl-1.9.13.jar:/home/user/.m2/repository/org/codehaus/jackson/jackson-mapper-asl/1.9.13/jackson-mapper-asl-1.9.13.jar:/home/user/.m2/repository/org/codehaus/jackson/jackson-jaxrs/1.9.13/jackson-jaxrs-1.9.13.jar:/home/user/.m2/repository/org/codehaus/jackson/jackson-xc/1.9.13/jackson-xc-1.9.13.jar:/home/user/.m2/repository/commons-logging/commons-logging/1.1.3/commons-logging-1.1.3.jar:/home/user/.m2/repository/commons-beanutils/commons-beanutils/1.9.4/commons-beanutils-1.9.4.jar:/home/user/.m2/repository/org/apache/commons/commons-configuration2/2.1.1/commons-configuration2-2.1.1.jar:/home/user/.m2/repository/org/apache/commons/commons-lang3/3.7/commons-lang3-3.7.jar:/home/user/.m2/repository/org/apache/commons/commons-text/1.4/commons-text-1.4.jar:/home/user/.m2/repository/org/apache/avro/avro/1.7.7/avro-1.7.7.jar:/home/user/.m2/repository/com/thoughtworks/paranamer/paranamer/2.3/paranamer-2.3.jar:/home/user/.m2/repository/org/xerial/snappy/snappy-java/1.0.5/snappy-java-1.0.5.jar:/home/user/.m2/repository/com/google/re2j/re2j/1.1/re2j-1.1.jar:/home/user/.m2/repository/com/google/code/gson/gson/2.2.4/gson-2.2.4.jar:/home/user/.m2/repository/com/jcraft/jsch/0.1.54/jsch-0.1.54.jar:/home/user/.m2/repository/org/apache/curator/curator-client/2.12.0/curator-client-2.12.0.jar:/home/user/.m2/repository/org/apache/curator/curator-recipes/2.12.0/curator-recipes-2.12.0.jar:/home/user/.m2/repository/com/google/code/findbugs/jsr305/3.0.0/jsr305-3.0.0.jar:/home/user/.m2/repository/org/apache/htrace/htrace-core4/4.1.0-incubating/htrace-core4-4.1.0-incubating.jar:/home/user/.m2/repository/org/apache/zookeeper/zookeeper/3.4.13/zookeeper-3.4.13.jar:/home/user/.m2/repository/jline/jline/0.9.94/jline-0.9.94.jar:/home/user/.m2/repository/org/apache/yetus/audience-annotations/0.5.0/audience-annotations-0.5.0.jar:/home/user/.m2/repository/org/codehaus/woodstox/stax2-api/3.1.4/stax2-api-3.1.4.jar:/home/user/.m2/repository/com/fasterxml/woodstox/woodstox-core/5.0.3/woodstox-core-5.0.3.jar:/home/user/.m2/repository/dnsjava/dnsjava/2.1.7/dnsjava-2.1.7.jar:/home/user/.m2/repository/org/apache/hadoop/hadoop-hdfs/3.2.0/hadoop-hdfs-3.2.0-tests.jar:/home/user/.m2/repository/org/eclipse/jetty/jetty-util-ajax/9.3.25.v20180904/jetty-util-ajax-9.3.25.v20180904.jar:/home/user/.m2/repository/commons-daemon/commons-daemon/1.0.13/commons-daemon-1.0.13.jar:/home/user/.m2/repository/io/netty/netty/3.10.5.Final/netty-3.10.5.Final.jar:/home/user/.m2/repository/io/netty/netty-all/4.0.52.Final/netty-all-4.0.52.Final.jar:/home/user/.m2/repository/org/fusesource/leveldbjni/leveldbjni-all/1.8/leveldbjni-all-1.8.jar:"/>
    <property name="sun.cpu.endian" value="little"/>
    <property name="user.home" value="/home/user"/>
    <property name="user.language" value="en"/>
    <property name="java.specification.vendor" value="Oracle Corporation"/>
    <property name="java.home" value="/usr/lib/jvm/java-1.8.0-openjdk-1.8.0.222.b10-1.el7_7.x86_64/jre"/>
    <property name="surefire.excludesFile" value="/tools/ozone-bad-unit-tests"/>
    <property name="java.security.krb5.conf" value="/workdir/hadoop-ozone/integration-test/target/test-classes/krb5.conf"/>
    <property name="basedir" value="/workdir/hadoop-ozone/integration-test"/>
    <property name="file.separator" value="/"/>
    <property name="line.separator" value="&#10;"/>
    <property name="java.vm.specification.vendor" value="Oracle Corporation"/>
    <property name="java.specification.name" value="Java Platform API Specification"/>
    <property name="java.awt.graphicsenv" value="sun.awt.X11GraphicsEnvironment"/>
    <property name="surefire.real.class.path" value="/workdir/hadoop-ozone/integration-test/target/surefire/surefirebooter625687916158654653.jar"/>
    <property name="hadoop.log.dir" value="/workdir/hadoop-ozone/integration-test/target/log"/>
    <property name="sun.boot.class.path" value="/usr/lib/jvm/java-1.8.0-openjdk-1.8.0.222.b10-1.el7_7.x86_64/jre/lib/resources.jar:/usr/lib/jvm/java-1.8.0-openjdk-1.8.0.222.b10-1.el7_7.x86_64/jre/lib/rt.jar:/usr/lib/jvm/java-1.8.0-openjdk-1.8.0.222.b10-1.el7_7.x86_64/jre/lib/sunrsasign.jar:/usr/lib/jvm/java-1.8.0-openjdk-1.8.0.222.b10-1.el7_7.x86_64/jre/lib/jsse.jar:/usr/lib/jvm/java-1.8.0-openjdk-1.8.0.222.b10-1.el7_7.x86_64/jre/lib/jce.jar:/usr/lib/jvm/java-1.8.0-openjdk-1.8.0.222.b10-1.el7_7.x86_64/jre/lib/charsets.jar:/usr/lib/jvm/java-1.8.0-openjdk-1.8.0.222.b10-1.el7_7.x86_64/jre/lib/jfr.jar:/usr/lib/jvm/java-1.8.0-openjdk-1.8.0.222.b10-1.el7_7.x86_64/jre/classes"/>
    <property name="sun.management.compiler" value="HotSpot 64-Bit Tiered Compilers"/>
    <property name="java.runtime.version" value="1.8.0_222-b10"/>
    <property name="java.net.preferIPv4Stack" value="true"/>
    <property name="user.name" value="jenkins1000"/>
    <property name="path.separator" value=":"/>
    <property name="java.security.egd" value="file:///dev/urandom"/>
    <property name="os.version" value="3.10.0-957.12.2.el7.x86_64"/>
    <property name="java.endorsed.dirs" value="/usr/lib/jvm/java-1.8.0-openjdk-1.8.0.222.b10-1.el7_7.x86_64/jre/lib/endorsed"/>
    <property name="java.runtime.name" value="OpenJDK Runtime Environment"/>
    <property name="file.encoding" value="ANSI_X3.4-1968"/>
    <property name="java.vm.name" value="OpenJDK 64-Bit Server VM"/>
    <property name="test.build.webapps" value=""/>
    <property name="localRepository" value="/home/user/.m2/repository"/>
    <property name="java.vendor.url.bug" value="http://bugreport.sun.com/bugreport/"/>
    <property name="java.io.tmpdir" value="/tmp"/>
    <property name="require.test.libhadoop" value=""/>
    <property name="java.version" value="1.8.0_222"/>
    <property name="user.dir" value="/workdir/hadoop-ozone/integration-test"/>
    <property name="os.arch" value="amd64"/>
    <property name="java.vm.specification.name" value="Java Virtual Machine Specification"/>
    <property name="test.build.classes" value="/workdir/hadoop-ozone/integration-test/target/test-classes"/>
    <property name="java.awt.printerjob" value="sun.print.PSPrinterJob"/>
    <property name="sun.os.patch.level" value="unknown"/>
    <property name="hadoop.tmp.dir" value="/workdir/hadoop-ozone/integration-test/target/tmp"/>
    <property name="java.library.path" value="/usr/lib:/workdir/hadoop-ozone/integration-test/target/native/target/usr/local/lib:/workdir/hadoop-ozone/integration-test/../../hadoop-common-project/hadoop-common/target/native/target/usr/local/lib:/usr/java/packages/lib/amd64:/usr/lib64:/lib64:/lib:/usr/lib"/>
    <property name="java.vm.info" value="mixed mode"/>
    <property name="java.vendor" value="Oracle Corporation"/>
    <property name="java.vm.version" value="25.222-b10"/>
    <property name="java.ext.dirs" value="/usr/lib/jvm/java-1.8.0-openjdk-1.8.0.222.b10-1.el7_7.x86_64/jre/lib/ext:/usr/java/packages/lib/ext"/>
    <property name="sun.io.unicode.encoding" value="UnicodeLittle"/>
    <property name="java.class.version" value="52.0"/>
  </properties>
  <testcase name="testMultiBlockWritesWithIntermittentDnFailures" classname="org.apache.hadoop.ozone.client.rpc.TestMultiBlockWritesWithDnFailures" time="84.934">
    <error message="Releasing lock on resource /datanodefailurehandlingtest/datanodefailurehandlingtest without acquiring lock&#10;	at org.apache.hadoop.ozone.lock.LockManager.getLockForReleasing(LockManager.java:220)&#10;	at org.apache.hadoop.ozone.lock.LockManager.release(LockManager.java:168)&#10;	at org.apache.hadoop.ozone.lock.LockManager.writeUnlock(LockManager.java:148)&#10;	at org.apache.hadoop.ozone.om.lock.OzoneManagerLock.unlock(OzoneManagerLock.java:364)&#10;	at org.apache.hadoop.ozone.om.lock.OzoneManagerLock.releaseWriteLock(OzoneManagerLock.java:329)&#10;	at org.apache.hadoop.ozone.om.request.key.OMKeyCommitRequest.validateAndUpdateCache(OMKeyCommitRequest.java:177)&#10;	at org.apache.hadoop.ozone.protocolPB.OzoneManagerProtocolServerSideTranslatorPB.submitRequestDirectlyToOM(OzoneManagerProtocolServerSideTranslatorPB.java:219)&#10;	at org.apache.hadoop.ozone.protocolPB.OzoneManagerProtocolServerSideTranslatorPB.processRequest(OzoneManagerProtocolServerSideTranslatorPB.java:134)&#10;	at org.apache.hadoop.hdds.server.OzoneProtocolMessageDispatcher.processRequest(OzoneProtocolMessageDispatcher.java:72)&#10;	at org.apache.hadoop.ozone.protocolPB.OzoneManagerProtocolServerSideTranslatorPB.submitRequest(OzoneManagerProtocolServerSideTranslatorPB.java:100)&#10;	at org.apache.hadoop.ozone.protocol.proto.OzoneManagerProtocolProtos$OzoneManagerService$2.callBlockingMethod(OzoneManagerProtocolProtos.java)&#10;	at org.apache.hadoop.ipc.ProtobufRpcEngine$Server$ProtoBufRpcInvoker.call(ProtobufRpcEngine.java:524)&#10;	at org.apache.hadoop.ipc.RPC$Server.call(RPC.java:1025)&#10;	at org.apache.hadoop.ipc.Server$RpcCall.run(Server.java:876)&#10;	at org.apache.hadoop.ipc.Server$RpcCall.run(Server.java:822)&#10;	at java.security.AccessController.doPrivileged(Native Method)&#10;	at javax.security.auth.Subject.doAs(Subject.java:422)&#10;	at org.apache.hadoop.security.UserGroupInformation.doAs(UserGroupInformation.java:1730)&#10;	at org.apache.hadoop.ipc.Server$Handler.run(Server.java:2682)&#10;" type="org.apache.hadoop.ipc.RemoteException(java.lang.IllegalMonitorStateException)">org.apache.hadoop.ipc.RemoteException(java.lang.IllegalMonitorStateException): Releasing lock on resource /datanodefailurehandlingtest/datanodefailurehandlingtest without acquiring lock
	at org.apache.hadoop.ozone.lock.LockManager.getLockForReleasing(LockManager.java:220)
	at org.apache.hadoop.ozone.lock.LockManager.release(LockManager.java:168)
	at org.apache.hadoop.ozone.lock.LockManager.writeUnlock(LockManager.java:148)
	at org.apache.hadoop.ozone.om.lock.OzoneManagerLock.unlock(OzoneManagerLock.java:364)
	at org.apache.hadoop.ozone.om.lock.OzoneManagerLock.releaseWriteLock(OzoneManagerLock.java:329)
	at org.apache.hadoop.ozone.om.request.key.OMKeyCommitRequest.validateAndUpdateCache(OMKeyCommitRequest.java:177)
	at org.apache.hadoop.ozone.protocolPB.OzoneManagerProtocolServerSideTranslatorPB.submitRequestDirectlyToOM(OzoneManagerProtocolServerSideTranslatorPB.java:219)
	at org.apache.hadoop.ozone.protocolPB.OzoneManagerProtocolServerSideTranslatorPB.processRequest(OzoneManagerProtocolServerSideTranslatorPB.java:134)
	at org.apache.hadoop.hdds.server.OzoneProtocolMessageDispatcher.processRequest(OzoneProtocolMessageDispatcher.java:72)
	at org.apache.hadoop.ozone.protocolPB.OzoneManagerProtocolServerSideTranslatorPB.submitRequest(OzoneManagerProtocolServerSideTranslatorPB.java:100)
	at org.apache.hadoop.ozone.protocol.proto.OzoneManagerProtocolProtos$OzoneManagerService$2.callBlockingMethod(OzoneManagerProtocolProtos.java)
	at org.apache.hadoop.ipc.ProtobufRpcEngine$Server$ProtoBufRpcInvoker.call(ProtobufRpcEngine.java:524)
	at org.apache.hadoop.ipc.RPC$Server.call(RPC.java:1025)
	at org.apache.hadoop.ipc.Server$RpcCall.run(Server.java:876)
	at org.apache.hadoop.ipc.Server$RpcCall.run(Server.java:822)
	at java.security.AccessController.doPrivileged(Native Method)
	at javax.security.auth.Subject.doAs(Subject.java:422)
	at org.apache.hadoop.security.UserGroupInformation.doAs(UserGroupInformation.java:1730)
	at org.apache.hadoop.ipc.Server$Handler.run(Server.java:2682)

	at org.apache.hadoop.ipc.Client.getRpcResponse(Client.java:1511)
	at org.apache.hadoop.ipc.Client.call(Client.java:1457)
	at org.apache.hadoop.ipc.Client.call(Client.java:1367)
	at org.apache.hadoop.ipc.ProtobufRpcEngine$Invoker.invoke(ProtobufRpcEngine.java:228)
	at org.apache.hadoop.ipc.ProtobufRpcEngine$Invoker.invoke(ProtobufRpcEngine.java:116)
	at com.sun.proxy.$Proxy35.submitRequest(Unknown Source)
	at sun.reflect.GeneratedMethodAccessor71.invoke(Unknown Source)
	at sun.reflect.DelegatingMethodAccessorImpl.invoke(DelegatingMethodAccessorImpl.java:43)
	at java.lang.reflect.Method.invoke(Method.java:498)
	at org.apache.hadoop.io.retry.RetryInvocationHandler.invokeMethod(RetryInvocationHandler.java:422)
	at org.apache.hadoop.io.retry.RetryInvocationHandler$Call.invokeMethod(RetryInvocationHandler.java:165)
	at org.apache.hadoop.io.retry.RetryInvocationHandler$Call.invoke(RetryInvocationHandler.java:157)
	at org.apache.hadoop.io.retry.RetryInvocationHandler$Call.invokeOnce(RetryInvocationHandler.java:95)
	at org.apache.hadoop.io.retry.RetryInvocationHandler.invoke(RetryInvocationHandler.java:359)
	at com.sun.proxy.$Proxy35.submitRequest(Unknown Source)
	at org.apache.hadoop.ozone.om.protocolPB.OzoneManagerProtocolClientSideTranslatorPB.submitRequest(OzoneManagerProtocolClientSideTranslatorPB.java:338)
	at org.apache.hadoop.ozone.om.protocolPB.OzoneManagerProtocolClientSideTranslatorPB.commitKey(OzoneManagerProtocolClientSideTranslatorPB.java:789)
	at sun.reflect.NativeMethodAccessorImpl.invoke0(Native Method)
	at sun.reflect.NativeMethodAccessorImpl.invoke(NativeMethodAccessorImpl.java:62)
	at sun.reflect.DelegatingMethodAccessorImpl.invoke(DelegatingMethodAccessorImpl.java:43)
	at java.lang.reflect.Method.invoke(Method.java:498)
	at org.apache.hadoop.hdds.tracing.TraceAllMethod.invoke(TraceAllMethod.java:66)
	at com.sun.proxy.$Proxy36.commitKey(Unknown Source)
	at org.apache.hadoop.ozone.client.io.BlockOutputStreamEntryPool.commitKey(BlockOutputStreamEntryPool.java:277)
	at org.apache.hadoop.ozone.client.io.KeyOutputStream.close(KeyOutputStream.java:474)
	at org.apache.hadoop.ozone.client.io.OzoneOutputStream.close(OzoneOutputStream.java:60)
	at org.apache.hadoop.ozone.client.rpc.TestMultiBlockWritesWithDnFailures.testMultiBlockWritesWithIntermittentDnFailures(TestMultiBlockWritesWithDnFailures.java:197)
	at sun.reflect.NativeMethodAccessorImpl.invoke0(Native Method)
	at sun.reflect.NativeMethodAccessorImpl.invoke(NativeMethodAccessorImpl.java:62)
	at sun.reflect.DelegatingMethodAccessorImpl.invoke(DelegatingMethodAccessorImpl.java:43)
	at java.lang.reflect.Method.invoke(Method.java:498)
	at org.junit.runners.model.FrameworkMethod$1.runReflectiveCall(FrameworkMethod.java:47)
	at org.junit.internal.runners.model.ReflectiveCallable.run(ReflectiveCallable.java:12)
	at org.junit.runners.model.FrameworkMethod.invokeExplosively(FrameworkMethod.java:44)
	at org.junit.internal.runners.statements.InvokeMethod.evaluate(InvokeMethod.java:17)
	at org.junit.internal.runners.statements.RunAfters.evaluate(RunAfters.java:27)
	at org.junit.runners.ParentRunner.runLeaf(ParentRunner.java:271)
	at org.junit.runners.BlockJUnit4ClassRunner.runChild(BlockJUnit4ClassRunner.java:70)
	at org.junit.runners.BlockJUnit4ClassRunner.runChild(BlockJUnit4ClassRunner.java:50)
	at org.junit.runners.ParentRunner$3.run(ParentRunner.java:238)
	at org.junit.runners.ParentRunner$1.schedule(ParentRunner.java:63)
	at org.junit.runners.ParentRunner.runChildren(ParentRunner.java:236)
	at org.junit.runners.ParentRunner.access$000(ParentRunner.java:53)
	at org.junit.runners.ParentRunner$2.evaluate(ParentRunner.java:229)
	at org.junit.runners.ParentRunner.run(ParentRunner.java:309)
	at org.apache.maven.surefire.junit4.JUnit4Provider.execute(JUnit4Provider.java:365)
	at org.apache.maven.surefire.junit4.JUnit4Provider.executeWithRerun(JUnit4Provider.java:273)
	at org.apache.maven.surefire.junit4.JUnit4Provider.executeTestSet(JUnit4Provider.java:238)
	at org.apache.maven.surefire.junit4.JUnit4Provider.invoke(JUnit4Provider.java:159)
	at org.apache.maven.surefire.booter.ForkedBooter.invokeProviderInSameClassLoader(ForkedBooter.java:384)
	at org.apache.maven.surefire.booter.ForkedBooter.runSuitesInProcess(ForkedBooter.java:345)
	at org.apache.maven.surefire.booter.ForkedBooter.execute(ForkedBooter.java:126)
	at org.apache.maven.surefire.booter.ForkedBooter.main(ForkedBooter.java:418)
</error>
    <system-out><![CDATA[2019-10-16 05:40:50,935 [main] WARN  server.ServerUtils (ServerUtils.java:getScmDbDir(145)) - ozone.scm.db.dirs is not configured. We recommend adding this setting. Falling back to ozone.metadata.dirs instead.
2019-10-16 05:40:51,059 [main] WARN  server.ServerUtils (ServerUtils.java:getScmDbDir(145)) - ozone.scm.db.dirs is not configured. We recommend adding this setting. Falling back to ozone.metadata.dirs instead.
2019-10-16 05:40:51,062 [main] WARN  server.ServerUtils (ServerUtils.java:getScmDbDir(145)) - ozone.scm.db.dirs is not configured. We recommend adding this setting. Falling back to ozone.metadata.dirs instead.
2019-10-16 05:40:51,088 [main] INFO  util.log (Log.java:initialized(192)) - Logging initialized @858ms
2019-10-16 05:40:51,184 [main] INFO  db.DBStoreBuilder (DBStoreBuilder.java:addTable(117)) - using custom profile for table: deletedBlocks
2019-10-16 05:40:51,184 [main] INFO  db.DBStoreBuilder (DBStoreBuilder.java:processTables(168)) - Using default column profile:DBProfile.DISK for Table:deletedBlocks
2019-10-16 05:40:51,185 [main] INFO  db.DBStoreBuilder (DBStoreBuilder.java:addTable(117)) - using custom profile for table: validCerts
2019-10-16 05:40:51,185 [main] INFO  db.DBStoreBuilder (DBStoreBuilder.java:processTables(168)) - Using default column profile:DBProfile.DISK for Table:validCerts
2019-10-16 05:40:51,185 [main] INFO  db.DBStoreBuilder (DBStoreBuilder.java:addTable(117)) - using custom profile for table: revokedCerts
2019-10-16 05:40:51,185 [main] INFO  db.DBStoreBuilder (DBStoreBuilder.java:processTables(168)) - Using default column profile:DBProfile.DISK for Table:revokedCerts
2019-10-16 05:40:51,197 [main] INFO  db.DBStoreBuilder (DBStoreBuilder.java:addTable(117)) - using custom profile for table: default
2019-10-16 05:40:51,197 [main] INFO  db.DBStoreBuilder (DBStoreBuilder.java:processTables(174)) - Using default column profile:DBProfile.DISK for Table:default
2019-10-16 05:40:51,198 [main] INFO  db.DBStoreBuilder (DBStoreBuilder.java:getDbProfile(205)) - Using default options. DBProfile.DISK
2019-10-16 05:40:51,522 [main] INFO  net.NodeSchemaLoader (NodeSchemaLoader.java:loadSchemaFromFile(125)) - Loading file from sun.misc.CompoundEnumeration@6b2ea799
2019-10-16 05:40:51,525 [main] INFO  net.NodeSchemaLoader (NodeSchemaLoader.java:loadSchema(171)) - Loading network topology layer schema file
2019-10-16 05:40:51,580 [main] INFO  node.SCMNodeManager (SCMNodeManager.java:<init>(116)) - Entering startup safe mode.
2019-10-16 05:40:51,635 [main] INFO  algorithms.ContainerPlacementPolicyFactory (ContainerPlacementPolicyFactory.java:getPolicy(57)) - Create container placement policy of type org.apache.hadoop.hdds.scm.container.placement.algorithms.SCMContainerPlacementRandom
2019-10-16 05:40:51,647 [main] WARN  server.ServerUtils (ServerUtils.java:getScmDbDir(145)) - ozone.scm.db.dirs is not configured. We recommend adding this setting. Falling back to ozone.metadata.dirs instead.
2019-10-16 05:40:51,745 [main] INFO  pipeline.SCMPipelineManager (SCMPipelineManager.java:initializePipelineState(132)) - No pipeline exists in current db
2019-10-16 05:40:51,746 [main] WARN  server.ServerUtils (ServerUtils.java:getScmDbDir(145)) - ozone.scm.db.dirs is not configured. We recommend adding this setting. Falling back to ozone.metadata.dirs instead.
2019-10-16 05:40:51,871 [main] WARN  events.EventQueue (EventQueue.java:fireEvent(183)) - No event handler registered for event TypedEvent{payloadType=SafeModeStatus, name='SafeModeStatus'}
2019-10-16 05:40:52,136 [main] INFO  ipc.CallQueueManager (CallQueueManager.java:<init>(84)) - Using callQueue: class java.util.concurrent.LinkedBlockingQueue, queueCapacity: 2000, scheduler: class org.apache.hadoop.ipc.DefaultRpcScheduler, ipcBackoff: false.
2019-10-16 05:40:52,154 [Socket Reader #1 for port 41792] INFO  ipc.Server (Server.java:run(1074)) - Starting Socket Reader #1 for port 41792
2019-10-16 05:40:52,303 [main] INFO  ipc.CallQueueManager (CallQueueManager.java:<init>(84)) - Using callQueue: class java.util.concurrent.LinkedBlockingQueue, queueCapacity: 2000, scheduler: class org.apache.hadoop.ipc.DefaultRpcScheduler, ipcBackoff: false.
2019-10-16 05:40:52,304 [Socket Reader #1 for port 42548] INFO  ipc.Server (Server.java:run(1074)) - Starting Socket Reader #1 for port 42548
2019-10-16 05:40:52,316 [main] INFO  ipc.CallQueueManager (CallQueueManager.java:<init>(84)) - Using callQueue: class java.util.concurrent.LinkedBlockingQueue, queueCapacity: 2000, scheduler: class org.apache.hadoop.ipc.DefaultRpcScheduler, ipcBackoff: false.
2019-10-16 05:40:52,317 [Socket Reader #1 for port 44159] INFO  ipc.Server (Server.java:run(1074)) - Starting Socket Reader #1 for port 44159
2019-10-16 05:40:52,348 [main] INFO  hdfs.DFSUtil (DFSUtil.java:httpServerTemplateForNNAndJN(1641)) - Starting Web-server for scm at: http://0.0.0.0:0
2019-10-16 05:40:52,527 [main] INFO  server.AuthenticationFilter (AuthenticationFilter.java:constructSecretProvider(240)) - Unable to initialize FileSignerSecretProvider, falling back to use random secrets.
2019-10-16 05:40:52,537 [main] WARN  http.HttpRequestLog (HttpRequestLog.java:getRequestLog(97)) - Jetty request log can only be enabled using Log4j
2019-10-16 05:40:52,545 [main] INFO  http.HttpServer2 (HttpServer2.java:addGlobalFilter(975)) - Added global filter 'safety' (class=org.apache.hadoop.http.HttpServer2$QuotingInputFilter)
2019-10-16 05:40:52,548 [main] INFO  http.HttpServer2 (HttpServer2.java:addFilter(948)) - Added filter static_user_filter (class=org.apache.hadoop.http.lib.StaticUserWebFilter$StaticUserFilter) to context scm
2019-10-16 05:40:52,548 [main] INFO  http.HttpServer2 (HttpServer2.java:addFilter(958)) - Added filter static_user_filter (class=org.apache.hadoop.http.lib.StaticUserWebFilter$StaticUserFilter) to context logs
2019-10-16 05:40:52,549 [main] INFO  http.HttpServer2 (HttpServer2.java:addFilter(958)) - Added filter static_user_filter (class=org.apache.hadoop.http.lib.StaticUserWebFilter$StaticUserFilter) to context static
2019-10-16 05:40:52,582 [main] INFO  server.StorageContainerManager (StorageContainerManager.java:start(772)) - StorageContainerLocationProtocol RPC server is listening at /0.0.0.0:44159
2019-10-16 05:40:52,651 [main] WARN  impl.MetricsConfig (MetricsConfig.java:loadFirst(134)) - Cannot locate configuration: tried hadoop-metrics2-storagecontainermanager.properties,hadoop-metrics2.properties
2019-10-16 05:40:52,665 [main] INFO  impl.MetricsSystemImpl (MetricsSystemImpl.java:startTimer(374)) - Scheduled Metric snapshot period at 10 second(s).
2019-10-16 05:40:52,666 [main] INFO  impl.MetricsSystemImpl (MetricsSystemImpl.java:start(191)) - StorageContainerManager metrics system started
2019-10-16 05:40:52,885 [main] INFO  server.SCMClientProtocolServer (SCMClientProtocolServer.java:start(159)) - RPC server for Client  is listening at /0.0.0.0:44159
2019-10-16 05:40:52,885 [IPC Server Responder] INFO  ipc.Server (Server.java:run(1314)) - IPC Server Responder: starting
2019-10-16 05:40:52,885 [IPC Server listener on 44159] INFO  ipc.Server (Server.java:run(1153)) - IPC Server listener on 44159: starting
2019-10-16 05:40:52,888 [main] INFO  server.StorageContainerManager (StorageContainerManager.java:start(782)) - ScmBlockLocationProtocol RPC server is listening at /0.0.0.0:42548
2019-10-16 05:40:52,889 [main] INFO  server.SCMBlockProtocolServer (SCMBlockProtocolServer.java:start(146)) - RPC server for Block Protocol is listening at /0.0.0.0:42548
2019-10-16 05:40:52,890 [IPC Server Responder] INFO  ipc.Server (Server.java:run(1314)) - IPC Server Responder: starting
2019-10-16 05:40:52,890 [IPC Server listener on 42548] INFO  ipc.Server (Server.java:run(1153)) - IPC Server listener on 42548: starting
2019-10-16 05:40:52,892 [main] INFO  server.StorageContainerManager (StorageContainerManager.java:start(786)) - ScmDatanodeProtocl RPC server is listening at /0.0.0.0:41792
2019-10-16 05:40:52,892 [main] INFO  server.SCMDatanodeProtocolServer (SCMDatanodeProtocolServer.java:start(169)) - RPC server for DataNodes is listening at /0.0.0.0:41792
2019-10-16 05:40:52,893 [IPC Server Responder] INFO  ipc.Server (Server.java:run(1314)) - IPC Server Responder: starting
2019-10-16 05:40:52,893 [IPC Server listener on 41792] INFO  ipc.Server (Server.java:run(1153)) - IPC Server listener on 41792: starting
2019-10-16 05:40:52,897 [main] INFO  http.HttpServer2 (HttpServer2.java:bindListener(1191)) - Jetty bound to port 43713
2019-10-16 05:40:52,899 [main] INFO  server.Server (Server.java:doStart(351)) - jetty-9.3.25.v20180904, build timestamp: 2018-09-04T21:11:46Z, git hash: 3ce520221d0240229c862b122d2b06c12a625732
2019-10-16 05:40:52,935 [main] INFO  handler.ContextHandler (ContextHandler.java:doStart(781)) - Started o.e.j.s.ServletContextHandler@340da44c{/logs,file:///workdir/hadoop-ozone/integration-test/target/log,AVAILABLE}
2019-10-16 05:40:52,935 [main] INFO  handler.ContextHandler (ContextHandler.java:doStart(781)) - Started o.e.j.s.ServletContextHandler@37052337{/static,file:///workdir/hadoop-ozone/integration-test/target/test-classes/webapps/static,AVAILABLE}
2019-10-16 05:40:52,966 [main] INFO  handler.ContextHandler (ContextHandler.java:doStart(781)) - Started o.e.j.w.WebAppContext@3b366632{/,file:///workdir/hadoop-ozone/integration-test/target/test-classes/webapps/scm/,AVAILABLE}{/scm}
2019-10-16 05:40:52,972 [main] INFO  server.AbstractConnector (AbstractConnector.java:doStart(278)) - Started ServerConnector@6815c5f2{HTTP/1.1,[http/1.1]}{0.0.0.0:43713}
2019-10-16 05:40:52,972 [main] INFO  server.Server (Server.java:doStart(419)) - Started @2742ms
2019-10-16 05:40:52,974 [main] INFO  impl.MetricsSinkAdapter (MetricsSinkAdapter.java:start(204)) - Sink prometheus started
2019-10-16 05:40:52,974 [main] INFO  impl.MetricsSystemImpl (MetricsSystemImpl.java:registerSink(301)) - Registered sink prometheus
2019-10-16 05:40:52,977 [main] INFO  server.BaseHttpServer (BaseHttpServer.java:updateConnectorAddress(215)) - HTTP server of SCM is listening at http://0.0.0.0:43713
2019-10-16 05:40:52,985 [org.apache.hadoop.util.JvmPauseMonitor$Monitor@4263b080] INFO  util.JvmPauseMonitor (JvmPauseMonitor.java:run(188)) - Starting JVM pause monitor
2019-10-16 05:40:52,990 [main] WARN  server.ServerUtils (ServerUtils.java:getDBPath(222)) - ozone.om.db.dirs is not configured. We recommend adding this setting. Falling back to ozone.metadata.dirs instead.
2019-10-16 05:40:53,124 [main] INFO  ha.OMHANodeDetails (OMHANodeDetails.java:loadOMHAConfig(190)) - Configuration either no ozone.om.address set. Falling back to the default OM address /127.0.0.1:0
2019-10-16 05:40:53,125 [main] INFO  ha.OMHANodeDetails (OMHANodeDetails.java:getOMNodeDetails(220)) - OM Service ID is not set. Setting it to the default ID: omServiceIdDefault
2019-10-16 05:40:53,127 [main] WARN  server.ServerUtils (ServerUtils.java:getDBPath(222)) - ozone.om.db.dirs is not configured. We recommend adding this setting. Falling back to ozone.metadata.dirs instead.
2019-10-16 05:40:53,128 [main] WARN  server.ServerUtils (ServerUtils.java:getDBPath(222)) - ozone.om.db.dirs is not configured. We recommend adding this setting. Falling back to ozone.metadata.dirs instead.
2019-10-16 05:40:53,753 [main] WARN  server.ServerUtils (ServerUtils.java:getDBPath(222)) - ozone.om.db.dirs is not configured. We recommend adding this setting. Falling back to ozone.metadata.dirs instead.
2019-10-16 05:40:53,761 [main] INFO  db.DBStoreBuilder (DBStoreBuilder.java:addTable(117)) - using custom profile for table: userTable
2019-10-16 05:40:53,761 [main] INFO  db.DBStoreBuilder (DBStoreBuilder.java:processTables(168)) - Using default column profile:DBProfile.DISK for Table:userTable
2019-10-16 05:40:53,761 [main] INFO  db.DBStoreBuilder (DBStoreBuilder.java:addTable(117)) - using custom profile for table: volumeTable
2019-10-16 05:40:53,761 [main] INFO  db.DBStoreBuilder (DBStoreBuilder.java:processTables(168)) - Using default column profile:DBProfile.DISK for Table:volumeTable
2019-10-16 05:40:53,762 [main] INFO  db.DBStoreBuilder (DBStoreBuilder.java:addTable(117)) - using custom profile for table: bucketTable
2019-10-16 05:40:53,762 [main] INFO  db.DBStoreBuilder (DBStoreBuilder.java:processTables(168)) - Using default column profile:DBProfile.DISK for Table:bucketTable
2019-10-16 05:40:53,762 [main] INFO  db.DBStoreBuilder (DBStoreBuilder.java:addTable(117)) - using custom profile for table: keyTable
2019-10-16 05:40:53,762 [main] INFO  db.DBStoreBuilder (DBStoreBuilder.java:processTables(168)) - Using default column profile:DBProfile.DISK for Table:keyTable
2019-10-16 05:40:53,763 [main] INFO  db.DBStoreBuilder (DBStoreBuilder.java:addTable(117)) - using custom profile for table: deletedTable
2019-10-16 05:40:53,763 [main] INFO  db.DBStoreBuilder (DBStoreBuilder.java:processTables(168)) - Using default column profile:DBProfile.DISK for Table:deletedTable
2019-10-16 05:40:53,763 [main] INFO  db.DBStoreBuilder (DBStoreBuilder.java:addTable(117)) - using custom profile for table: openKeyTable
2019-10-16 05:40:53,763 [main] INFO  db.DBStoreBuilder (DBStoreBuilder.java:processTables(168)) - Using default column profile:DBProfile.DISK for Table:openKeyTable
2019-10-16 05:40:53,764 [main] INFO  db.DBStoreBuilder (DBStoreBuilder.java:addTable(117)) - using custom profile for table: s3Table
2019-10-16 05:40:53,764 [main] INFO  db.DBStoreBuilder (DBStoreBuilder.java:processTables(168)) - Using default column profile:DBProfile.DISK for Table:s3Table
2019-10-16 05:40:53,764 [main] INFO  db.DBStoreBuilder (DBStoreBuilder.java:addTable(117)) - using custom profile for table: multipartInfoTable
2019-10-16 05:40:53,764 [main] INFO  db.DBStoreBuilder (DBStoreBuilder.java:processTables(168)) - Using default column profile:DBProfile.DISK for Table:multipartInfoTable
2019-10-16 05:40:53,765 [main] INFO  db.DBStoreBuilder (DBStoreBuilder.java:addTable(117)) - using custom profile for table: dTokenTable
2019-10-16 05:40:53,765 [main] INFO  db.DBStoreBuilder (DBStoreBuilder.java:processTables(168)) - Using default column profile:DBProfile.DISK for Table:dTokenTable
2019-10-16 05:40:53,765 [main] INFO  db.DBStoreBuilder (DBStoreBuilder.java:addTable(117)) - using custom profile for table: s3SecretTable
2019-10-16 05:40:53,765 [main] INFO  db.DBStoreBuilder (DBStoreBuilder.java:processTables(168)) - Using default column profile:DBProfile.DISK for Table:s3SecretTable
2019-10-16 05:40:53,766 [main] INFO  db.DBStoreBuilder (DBStoreBuilder.java:addTable(117)) - using custom profile for table: prefixTable
2019-10-16 05:40:53,766 [main] INFO  db.DBStoreBuilder (DBStoreBuilder.java:processTables(168)) - Using default column profile:DBProfile.DISK for Table:prefixTable
2019-10-16 05:40:53,766 [main] INFO  db.DBStoreBuilder (DBStoreBuilder.java:addTable(117)) - using custom profile for table: default
2019-10-16 05:40:53,766 [main] INFO  db.DBStoreBuilder (DBStoreBuilder.java:processTables(174)) - Using default column profile:DBProfile.DISK for Table:default
2019-10-16 05:40:53,767 [main] INFO  db.DBStoreBuilder (DBStoreBuilder.java:getDbProfile(205)) - Using default options. DBProfile.DISK
2019-10-16 05:40:54,391 [main] INFO  ipc.CallQueueManager (CallQueueManager.java:<init>(84)) - Using callQueue: class java.util.concurrent.LinkedBlockingQueue, queueCapacity: 2000, scheduler: class org.apache.hadoop.ipc.DefaultRpcScheduler, ipcBackoff: false.
2019-10-16 05:40:54,392 [Socket Reader #1 for port 40478] INFO  ipc.Server (Server.java:run(1074)) - Starting Socket Reader #1 for port 40478
2019-10-16 05:40:54,414 [main] INFO  om.OzoneManager (OzoneManager.java:start(1074)) - OzoneManager RPC server is listening at localhost/127.0.0.1:40478
2019-10-16 05:40:54,415 [main] INFO  impl.MetricsSystemImpl (MetricsSystemImpl.java:init(158)) - OzoneManager metrics system started (again)
2019-10-16 05:40:54,423 [IPC Server Responder] INFO  ipc.Server (Server.java:run(1314)) - IPC Server Responder: starting
2019-10-16 05:40:54,424 [IPC Server listener on 40478] INFO  ipc.Server (Server.java:run(1153)) - IPC Server listener on 40478: starting
2019-10-16 05:40:54,430 [main] INFO  hdfs.DFSUtil (DFSUtil.java:httpServerTemplateForNNAndJN(1641)) - Starting Web-server for ozoneManager at: http://0.0.0.0:0
2019-10-16 05:40:54,432 [main] INFO  server.AuthenticationFilter (AuthenticationFilter.java:constructSecretProvider(240)) - Unable to initialize FileSignerSecretProvider, falling back to use random secrets.
2019-10-16 05:40:54,432 [main] WARN  http.HttpRequestLog (HttpRequestLog.java:getRequestLog(97)) - Jetty request log can only be enabled using Log4j
2019-10-16 05:40:54,434 [main] INFO  http.HttpServer2 (HttpServer2.java:addGlobalFilter(975)) - Added global filter 'safety' (class=org.apache.hadoop.http.HttpServer2$QuotingInputFilter)
2019-10-16 05:40:54,435 [main] INFO  http.HttpServer2 (HttpServer2.java:addFilter(948)) - Added filter static_user_filter (class=org.apache.hadoop.http.lib.StaticUserWebFilter$StaticUserFilter) to context ozoneManager
2019-10-16 05:40:54,436 [main] INFO  http.HttpServer2 (HttpServer2.java:addFilter(958)) - Added filter static_user_filter (class=org.apache.hadoop.http.lib.StaticUserWebFilter$StaticUserFilter) to context logs
2019-10-16 05:40:54,436 [main] INFO  http.HttpServer2 (HttpServer2.java:addFilter(958)) - Added filter static_user_filter (class=org.apache.hadoop.http.lib.StaticUserWebFilter$StaticUserFilter) to context static
2019-10-16 05:40:54,438 [main] INFO  http.HttpServer2 (HttpServer2.java:bindListener(1191)) - Jetty bound to port 37077
2019-10-16 05:40:54,438 [main] INFO  server.Server (Server.java:doStart(351)) - jetty-9.3.25.v20180904, build timestamp: 2018-09-04T21:11:46Z, git hash: 3ce520221d0240229c862b122d2b06c12a625732
2019-10-16 05:40:54,440 [main] INFO  handler.ContextHandler (ContextHandler.java:doStart(781)) - Started o.e.j.s.ServletContextHandler@6b63d445{/logs,file:///workdir/hadoop-ozone/integration-test/target/log,AVAILABLE}
2019-10-16 05:40:54,441 [main] INFO  handler.ContextHandler (ContextHandler.java:doStart(781)) - Started o.e.j.s.ServletContextHandler@30b2b76f{/static,file:///workdir/hadoop-ozone/integration-test/target/test-classes/webapps/static,AVAILABLE}
2019-10-16 05:40:54,446 [main] INFO  handler.ContextHandler (ContextHandler.java:doStart(781)) - Started o.e.j.w.WebAppContext@12db3386{/,file:///workdir/hadoop-ozone/integration-test/target/test-classes/webapps/ozoneManager/,AVAILABLE}{/ozoneManager}
2019-10-16 05:40:54,447 [main] INFO  server.AbstractConnector (AbstractConnector.java:doStart(278)) - Started ServerConnector@4078695f{HTTP/1.1,[http/1.1]}{0.0.0.0:37077}
2019-10-16 05:40:54,447 [main] INFO  server.Server (Server.java:doStart(419)) - Started @4218ms
2019-10-16 05:40:54,447 [main] WARN  impl.MetricsSystemImpl (MetricsSystemImpl.java:register(276)) - Sink prometheus already exists!
2019-10-16 05:40:54,449 [main] INFO  server.BaseHttpServer (BaseHttpServer.java:updateConnectorAddress(215)) - HTTP server of OZONEMANAGER is listening at http://0.0.0.0:37077
2019-10-16 05:40:54,800 [main] INFO  impl.MetricsSystemImpl (MetricsSystemImpl.java:init(158)) - HddsDatanode metrics system started (again)
2019-10-16 05:40:54,848 [main] INFO  ozone.HddsDatanodeService (HddsDatanodeService.java:start(184)) - HddsDatanodeService host:pr-hdds-2312-q6qzp-1535798719 ip:192.168.69.104
2019-10-16 05:40:54,882 [main] INFO  volume.HddsVolume (HddsVolume.java:<init>(176)) - Creating Volume: /workdir/hadoop-ozone/integration-test/target/test-dir/MiniOzoneClusterImpl-2ede335a-ebf0-4a23-bcb3-98605d830964/datanode-0/data/containers/hdds of  storage type : DISK and capacity : 1482555576320
2019-10-16 05:40:54,884 [main] INFO  volume.VolumeSet (VolumeSet.java:initializeVolumeSet(170)) - Added Volume : /workdir/hadoop-ozone/integration-test/target/test-dir/MiniOzoneClusterImpl-2ede335a-ebf0-4a23-bcb3-98605d830964/datanode-0/data/containers/hdds to VolumeSet
2019-10-16 05:40:54,887 [main] INFO  volume.ThrottledAsyncChecker (ThrottledAsyncChecker.java:schedule(141)) - Scheduling a check for /workdir/hadoop-ozone/integration-test/target/test-dir/MiniOzoneClusterImpl-2ede335a-ebf0-4a23-bcb3-98605d830964/datanode-0/data/containers/hdds
2019-10-16 05:40:54,903 [main] INFO  volume.HddsVolumeChecker (HddsVolumeChecker.java:checkAllVolumes(204)) - Scheduled health check for volume /workdir/hadoop-ozone/integration-test/target/test-dir/MiniOzoneClusterImpl-2ede335a-ebf0-4a23-bcb3-98605d830964/datanode-0/data/containers/hdds
2019-10-16 05:40:55,005 [main] INFO  impl.RaftServerProxy (ConfUtils.java:logGet(43)) - raft.rpc.type = GRPC (default)
2019-10-16 05:40:55,066 [main] INFO  grpc.GrpcFactory (GrpcFactory.java:checkPooledByteBufAllocatorUseCacheForAllThreads(45)) - PERFORMANCE WARNING: useCacheForAllThreads is true that may cause Netty to create a lot garbage objects and, as a result, trigger GC.
	It is recommended to disable useCacheForAllThreads by setting -Dorg.apache.ratis.thirdparty.io.netty.allocator.useCacheForAllThreads=false in command line.
2019-10-16 05:40:55,072 [main] INFO  grpc.GrpcConfigKeys$Server (ConfUtils.java:logGet(43)) - raft.grpc.server.port = 0 (default)
2019-10-16 05:40:55,074 [main] INFO  server.GrpcService (ConfUtils.java:logGet(43)) - raft.grpc.message.size.max = 33570816 (custom)
2019-10-16 05:40:55,077 [main] INFO  server.RaftServerConfigKeys (ConfUtils.java:logGet(43)) - raft.server.log.appender.buffer.byte-limit = 33554432 (custom)
2019-10-16 05:40:55,078 [main] INFO  server.GrpcService (ConfUtils.java:logGet(43)) - raft.grpc.flow.control.window = 1MB (=1048576) (default)
2019-10-16 05:40:55,080 [main] INFO  server.RaftServerConfigKeys (ConfUtils.java:logGet(43)) - raft.server.rpc.request.timeout = 3000ms (default)
2019-10-16 05:40:55,248 [main] INFO  server.RaftServerConfigKeys (ConfUtils.java:logGet(43)) - raft.server.storage.dir = [/workdir/hadoop-ozone/integration-test/target/test-dir/MiniOzoneClusterImpl-2ede335a-ebf0-4a23-bcb3-98605d830964/datanode-0/data/ratis] (custom)
2019-10-16 05:40:55,299 [main] INFO  hdfs.DFSUtil (DFSUtil.java:httpServerTemplateForNNAndJN(1641)) - Starting Web-server for hddsDatanode at: http://0.0.0.0:0
2019-10-16 05:40:55,303 [main] INFO  server.AuthenticationFilter (AuthenticationFilter.java:constructSecretProvider(240)) - Unable to initialize FileSignerSecretProvider, falling back to use random secrets.
2019-10-16 05:40:55,304 [main] WARN  http.HttpRequestLog (HttpRequestLog.java:getRequestLog(97)) - Jetty request log can only be enabled using Log4j
2019-10-16 05:40:55,308 [main] INFO  http.HttpServer2 (HttpServer2.java:addGlobalFilter(975)) - Added global filter 'safety' (class=org.apache.hadoop.http.HttpServer2$QuotingInputFilter)
2019-10-16 05:40:55,309 [main] INFO  http.HttpServer2 (HttpServer2.java:addFilter(948)) - Added filter static_user_filter (class=org.apache.hadoop.http.lib.StaticUserWebFilter$StaticUserFilter) to context hddsDatanode
2019-10-16 05:40:55,310 [main] INFO  http.HttpServer2 (HttpServer2.java:addFilter(958)) - Added filter static_user_filter (class=org.apache.hadoop.http.lib.StaticUserWebFilter$StaticUserFilter) to context static
2019-10-16 05:40:55,310 [main] INFO  http.HttpServer2 (HttpServer2.java:addFilter(958)) - Added filter static_user_filter (class=org.apache.hadoop.http.lib.StaticUserWebFilter$StaticUserFilter) to context logs
2019-10-16 05:40:55,313 [main] INFO  http.HttpServer2 (HttpServer2.java:bindListener(1191)) - Jetty bound to port 45586
2019-10-16 05:40:55,313 [main] INFO  server.Server (Server.java:doStart(351)) - jetty-9.3.25.v20180904, build timestamp: 2018-09-04T21:11:46Z, git hash: 3ce520221d0240229c862b122d2b06c12a625732
2019-10-16 05:40:55,318 [main] INFO  handler.ContextHandler (ContextHandler.java:doStart(781)) - Started o.e.j.s.ServletContextHandler@644ded04{/logs,file:///workdir/hadoop-ozone/integration-test/target/log,AVAILABLE}
2019-10-16 05:40:55,319 [main] INFO  handler.ContextHandler (ContextHandler.java:doStart(781)) - Started o.e.j.s.ServletContextHandler@13d9261f{/static,jar:file:/home/user/.m2/repository/org/apache/hadoop/hadoop-hdds-container-service/0.5.0-SNAPSHOT/hadoop-hdds-container-service-0.5.0-SNAPSHOT.jar!/webapps/static,AVAILABLE}
2019-10-16 05:40:55,374 [main] INFO  handler.ContextHandler (ContextHandler.java:doStart(781)) - Started o.e.j.w.WebAppContext@61cd1c71{/,file:///tmp/jetty-0.0.0.0-45586-hddsDatanode-_-any-9150577171801085892.dir/webapp/,AVAILABLE}{/hddsDatanode}
2019-10-16 05:40:55,375 [main] INFO  server.AbstractConnector (AbstractConnector.java:doStart(278)) - Started ServerConnector@6724cdec{HTTP/1.1,[http/1.1]}{0.0.0.0:45586}
2019-10-16 05:40:55,375 [main] INFO  server.Server (Server.java:doStart(419)) - Started @5146ms
2019-10-16 05:40:55,376 [main] WARN  impl.MetricsSystemImpl (MetricsSystemImpl.java:register(276)) - Sink prometheus already exists!
2019-10-16 05:40:55,378 [main] INFO  server.BaseHttpServer (BaseHttpServer.java:updateConnectorAddress(215)) - HTTP server of HDDSDATANODE is listening at http://0.0.0.0:45586
2019-10-16 05:40:55,379 [main] INFO  impl.MetricsSystemImpl (MetricsSystemImpl.java:init(158)) - HddsDatanode metrics system started (again)
2019-10-16 05:40:55,382 [main] INFO  ozone.HddsDatanodeService (HddsDatanodeService.java:start(184)) - HddsDatanodeService host:pr-hdds-2312-q6qzp-1535798719 ip:192.168.69.104
2019-10-16 05:40:55,386 [org.apache.hadoop.util.JvmPauseMonitor$Monitor@59f29e92] INFO  util.JvmPauseMonitor (JvmPauseMonitor.java:run(188)) - Starting JVM pause monitor
2019-10-16 05:40:55,395 [main] INFO  volume.HddsVolume (HddsVolume.java:<init>(176)) - Creating Volume: /workdir/hadoop-ozone/integration-test/target/test-dir/MiniOzoneClusterImpl-2ede335a-ebf0-4a23-bcb3-98605d830964/datanode-1/data/containers/hdds of  storage type : DISK and capacity : 1482555576320
2019-10-16 05:40:55,396 [main] INFO  volume.VolumeSet (VolumeSet.java:initializeVolumeSet(170)) - Added Volume : /workdir/hadoop-ozone/integration-test/target/test-dir/MiniOzoneClusterImpl-2ede335a-ebf0-4a23-bcb3-98605d830964/datanode-1/data/containers/hdds to VolumeSet
2019-10-16 05:40:55,396 [main] INFO  volume.ThrottledAsyncChecker (ThrottledAsyncChecker.java:schedule(141)) - Scheduling a check for /workdir/hadoop-ozone/integration-test/target/test-dir/MiniOzoneClusterImpl-2ede335a-ebf0-4a23-bcb3-98605d830964/datanode-1/data/containers/hdds
2019-10-16 05:40:55,397 [main] INFO  volume.HddsVolumeChecker (HddsVolumeChecker.java:checkAllVolumes(204)) - Scheduled health check for volume /workdir/hadoop-ozone/integration-test/target/test-dir/MiniOzoneClusterImpl-2ede335a-ebf0-4a23-bcb3-98605d830964/datanode-1/data/containers/hdds
2019-10-16 05:40:55,418 [main] INFO  impl.RaftServerProxy (ConfUtils.java:logGet(43)) - raft.rpc.type = GRPC (default)
2019-10-16 05:40:55,418 [main] INFO  grpc.GrpcFactory (GrpcFactory.java:checkPooledByteBufAllocatorUseCacheForAllThreads(45)) - PERFORMANCE WARNING: useCacheForAllThreads is true that may cause Netty to create a lot garbage objects and, as a result, trigger GC.
	It is recommended to disable useCacheForAllThreads by setting -Dorg.apache.ratis.thirdparty.io.netty.allocator.useCacheForAllThreads=false in command line.
2019-10-16 05:40:55,418 [main] INFO  grpc.GrpcConfigKeys$Server (ConfUtils.java:logGet(43)) - raft.grpc.server.port = 0 (default)
2019-10-16 05:40:55,419 [main] INFO  server.GrpcService (ConfUtils.java:logGet(43)) - raft.grpc.message.size.max = 33570816 (custom)
2019-10-16 05:40:55,419 [main] INFO  server.RaftServerConfigKeys (ConfUtils.java:logGet(43)) - raft.server.log.appender.buffer.byte-limit = 33554432 (custom)
2019-10-16 05:40:55,420 [main] INFO  server.GrpcService (ConfUtils.java:logGet(43)) - raft.grpc.flow.control.window = 1MB (=1048576) (default)
2019-10-16 05:40:55,420 [main] INFO  server.RaftServerConfigKeys (ConfUtils.java:logGet(43)) - raft.server.rpc.request.timeout = 3000ms (default)
2019-10-16 05:40:55,421 [main] INFO  server.RaftServerConfigKeys (ConfUtils.java:logGet(43)) - raft.server.storage.dir = [/workdir/hadoop-ozone/integration-test/target/test-dir/MiniOzoneClusterImpl-2ede335a-ebf0-4a23-bcb3-98605d830964/datanode-1/data/ratis] (custom)
2019-10-16 05:40:55,423 [main] INFO  hdfs.DFSUtil (DFSUtil.java:httpServerTemplateForNNAndJN(1641)) - Starting Web-server for hddsDatanode at: http://0.0.0.0:0
2019-10-16 05:40:55,425 [main] INFO  server.AuthenticationFilter (AuthenticationFilter.java:constructSecretProvider(240)) - Unable to initialize FileSignerSecretProvider, falling back to use random secrets.
2019-10-16 05:40:55,425 [main] WARN  http.HttpRequestLog (HttpRequestLog.java:getRequestLog(97)) - Jetty request log can only be enabled using Log4j
2019-10-16 05:40:55,428 [main] INFO  http.HttpServer2 (HttpServer2.java:addGlobalFilter(975)) - Added global filter 'safety' (class=org.apache.hadoop.http.HttpServer2$QuotingInputFilter)
2019-10-16 05:40:55,429 [main] INFO  http.HttpServer2 (HttpServer2.java:addFilter(948)) - Added filter static_user_filter (class=org.apache.hadoop.http.lib.StaticUserWebFilter$StaticUserFilter) to context hddsDatanode
2019-10-16 05:40:55,429 [main] INFO  http.HttpServer2 (HttpServer2.java:addFilter(958)) - Added filter static_user_filter (class=org.apache.hadoop.http.lib.StaticUserWebFilter$StaticUserFilter) to context static
2019-10-16 05:40:55,429 [main] INFO  http.HttpServer2 (HttpServer2.java:addFilter(958)) - Added filter static_user_filter (class=org.apache.hadoop.http.lib.StaticUserWebFilter$StaticUserFilter) to context logs
2019-10-16 05:40:55,430 [main] INFO  http.HttpServer2 (HttpServer2.java:bindListener(1191)) - Jetty bound to port 41240
2019-10-16 05:40:55,431 [main] INFO  server.Server (Server.java:doStart(351)) - jetty-9.3.25.v20180904, build timestamp: 2018-09-04T21:11:46Z, git hash: 3ce520221d0240229c862b122d2b06c12a625732
2019-10-16 05:40:55,435 [main] INFO  handler.ContextHandler (ContextHandler.java:doStart(781)) - Started o.e.j.s.ServletContextHandler@fab35b1{/logs,file:///workdir/hadoop-ozone/integration-test/target/log,AVAILABLE}
2019-10-16 05:40:55,436 [main] INFO  handler.ContextHandler (ContextHandler.java:doStart(781)) - Started o.e.j.s.ServletContextHandler@65bdd558{/static,jar:file:/home/user/.m2/repository/org/apache/hadoop/hadoop-hdds-container-service/0.5.0-SNAPSHOT/hadoop-hdds-container-service-0.5.0-SNAPSHOT.jar!/webapps/static,AVAILABLE}
2019-10-16 05:40:55,470 [main] INFO  handler.ContextHandler (ContextHandler.java:doStart(781)) - Started o.e.j.w.WebAppContext@17f2dd85{/,file:///tmp/jetty-0.0.0.0-41240-hddsDatanode-_-any-1688730599648792259.dir/webapp/,AVAILABLE}{/hddsDatanode}
2019-10-16 05:40:55,471 [main] INFO  server.AbstractConnector (AbstractConnector.java:doStart(278)) - Started ServerConnector@1e58512c{HTTP/1.1,[http/1.1]}{0.0.0.0:41240}
2019-10-16 05:40:55,472 [main] INFO  server.Server (Server.java:doStart(419)) - Started @5242ms
2019-10-16 05:40:55,473 [main] WARN  impl.MetricsSystemImpl (MetricsSystemImpl.java:register(276)) - Sink prometheus already exists!
2019-10-16 05:40:55,474 [main] INFO  server.BaseHttpServer (BaseHttpServer.java:updateConnectorAddress(215)) - HTTP server of HDDSDATANODE is listening at http://0.0.0.0:41240
2019-10-16 05:40:55,474 [main] INFO  impl.MetricsSystemImpl (MetricsSystemImpl.java:init(158)) - HddsDatanode metrics system started (again)
2019-10-16 05:40:55,478 [main] INFO  ozone.HddsDatanodeService (HddsDatanodeService.java:start(184)) - HddsDatanodeService host:pr-hdds-2312-q6qzp-1535798719 ip:192.168.69.104
2019-10-16 05:40:55,478 [org.apache.hadoop.util.JvmPauseMonitor$Monitor@15ee9ba1] INFO  util.JvmPauseMonitor (JvmPauseMonitor.java:run(188)) - Starting JVM pause monitor
2019-10-16 05:40:55,489 [main] INFO  volume.HddsVolume (HddsVolume.java:<init>(176)) - Creating Volume: /workdir/hadoop-ozone/integration-test/target/test-dir/MiniOzoneClusterImpl-2ede335a-ebf0-4a23-bcb3-98605d830964/datanode-2/data/containers/hdds of  storage type : DISK and capacity : 1482555576320
2019-10-16 05:40:55,490 [main] INFO  volume.VolumeSet (VolumeSet.java:initializeVolumeSet(170)) - Added Volume : /workdir/hadoop-ozone/integration-test/target/test-dir/MiniOzoneClusterImpl-2ede335a-ebf0-4a23-bcb3-98605d830964/datanode-2/data/containers/hdds to VolumeSet
2019-10-16 05:40:55,490 [main] INFO  volume.ThrottledAsyncChecker (ThrottledAsyncChecker.java:schedule(141)) - Scheduling a check for /workdir/hadoop-ozone/integration-test/target/test-dir/MiniOzoneClusterImpl-2ede335a-ebf0-4a23-bcb3-98605d830964/datanode-2/data/containers/hdds
2019-10-16 05:40:55,491 [main] INFO  volume.HddsVolumeChecker (HddsVolumeChecker.java:checkAllVolumes(204)) - Scheduled health check for volume /workdir/hadoop-ozone/integration-test/target/test-dir/MiniOzoneClusterImpl-2ede335a-ebf0-4a23-bcb3-98605d830964/datanode-2/data/containers/hdds
2019-10-16 05:40:55,505 [main] INFO  impl.RaftServerProxy (ConfUtils.java:logGet(43)) - raft.rpc.type = GRPC (default)
2019-10-16 05:40:55,505 [main] INFO  grpc.GrpcFactory (GrpcFactory.java:checkPooledByteBufAllocatorUseCacheForAllThreads(45)) - PERFORMANCE WARNING: useCacheForAllThreads is true that may cause Netty to create a lot garbage objects and, as a result, trigger GC.
	It is recommended to disable useCacheForAllThreads by setting -Dorg.apache.ratis.thirdparty.io.netty.allocator.useCacheForAllThreads=false in command line.
2019-10-16 05:40:55,506 [main] INFO  grpc.GrpcConfigKeys$Server (ConfUtils.java:logGet(43)) - raft.grpc.server.port = 0 (default)
2019-10-16 05:40:55,506 [main] INFO  server.GrpcService (ConfUtils.java:logGet(43)) - raft.grpc.message.size.max = 33570816 (custom)
2019-10-16 05:40:55,506 [main] INFO  server.RaftServerConfigKeys (ConfUtils.java:logGet(43)) - raft.server.log.appender.buffer.byte-limit = 33554432 (custom)
2019-10-16 05:40:55,507 [main] INFO  server.GrpcService (ConfUtils.java:logGet(43)) - raft.grpc.flow.control.window = 1MB (=1048576) (default)
2019-10-16 05:40:55,507 [main] INFO  server.RaftServerConfigKeys (ConfUtils.java:logGet(43)) - raft.server.rpc.request.timeout = 3000ms (default)
2019-10-16 05:40:55,508 [main] INFO  server.RaftServerConfigKeys (ConfUtils.java:logGet(43)) - raft.server.storage.dir = [/workdir/hadoop-ozone/integration-test/target/test-dir/MiniOzoneClusterImpl-2ede335a-ebf0-4a23-bcb3-98605d830964/datanode-2/data/ratis] (custom)
2019-10-16 05:40:55,511 [main] INFO  hdfs.DFSUtil (DFSUtil.java:httpServerTemplateForNNAndJN(1641)) - Starting Web-server for hddsDatanode at: http://0.0.0.0:0
2019-10-16 05:40:55,513 [main] INFO  server.AuthenticationFilter (AuthenticationFilter.java:constructSecretProvider(240)) - Unable to initialize FileSignerSecretProvider, falling back to use random secrets.
2019-10-16 05:40:55,513 [main] WARN  http.HttpRequestLog (HttpRequestLog.java:getRequestLog(97)) - Jetty request log can only be enabled using Log4j
2019-10-16 05:40:55,515 [main] INFO  http.HttpServer2 (HttpServer2.java:addGlobalFilter(975)) - Added global filter 'safety' (class=org.apache.hadoop.http.HttpServer2$QuotingInputFilter)
2019-10-16 05:40:55,516 [main] INFO  http.HttpServer2 (HttpServer2.java:addFilter(948)) - Added filter static_user_filter (class=org.apache.hadoop.http.lib.StaticUserWebFilter$StaticUserFilter) to context hddsDatanode
2019-10-16 05:40:55,516 [main] INFO  http.HttpServer2 (HttpServer2.java:addFilter(958)) - Added filter static_user_filter (class=org.apache.hadoop.http.lib.StaticUserWebFilter$StaticUserFilter) to context static
2019-10-16 05:40:55,516 [main] INFO  http.HttpServer2 (HttpServer2.java:addFilter(958)) - Added filter static_user_filter (class=org.apache.hadoop.http.lib.StaticUserWebFilter$StaticUserFilter) to context logs
2019-10-16 05:40:55,517 [main] INFO  http.HttpServer2 (HttpServer2.java:bindListener(1191)) - Jetty bound to port 39374
2019-10-16 05:40:55,517 [main] INFO  server.Server (Server.java:doStart(351)) - jetty-9.3.25.v20180904, build timestamp: 2018-09-04T21:11:46Z, git hash: 3ce520221d0240229c862b122d2b06c12a625732
2019-10-16 05:40:55,521 [main] INFO  handler.ContextHandler (ContextHandler.java:doStart(781)) - Started o.e.j.s.ServletContextHandler@d109c4f{/logs,file:///workdir/hadoop-ozone/integration-test/target/log,AVAILABLE}
2019-10-16 05:40:55,521 [main] INFO  handler.ContextHandler (ContextHandler.java:doStart(781)) - Started o.e.j.s.ServletContextHandler@26f46fa6{/static,jar:file:/home/user/.m2/repository/org/apache/hadoop/hadoop-hdds-container-service/0.5.0-SNAPSHOT/hadoop-hdds-container-service-0.5.0-SNAPSHOT.jar!/webapps/static,AVAILABLE}
2019-10-16 05:40:55,527 [Datanode State Machine Thread - 0] INFO  datanode.InitDatanodeState (InitDatanodeState.java:persistContainerDatanodeDetails(140)) - DatanodeDetails is persisted to /workdir/hadoop-ozone/integration-test/target/test-dir/MiniOzoneClusterImpl-2ede335a-ebf0-4a23-bcb3-98605d830964/datanode-0/meta/datanode.id
2019-10-16 05:40:55,531 [Datanode State Machine Thread - 0] INFO  datanode.InitDatanodeState (InitDatanodeState.java:persistContainerDatanodeDetails(140)) - DatanodeDetails is persisted to /workdir/hadoop-ozone/integration-test/target/test-dir/MiniOzoneClusterImpl-2ede335a-ebf0-4a23-bcb3-98605d830964/datanode-1/meta/datanode.id
2019-10-16 05:40:55,556 [main] INFO  handler.ContextHandler (ContextHandler.java:doStart(781)) - Started o.e.j.w.WebAppContext@4c6007fb{/,file:///tmp/jetty-0.0.0.0-39374-hddsDatanode-_-any-1492698469710868410.dir/webapp/,AVAILABLE}{/hddsDatanode}
2019-10-16 05:40:55,557 [main] INFO  server.AbstractConnector (AbstractConnector.java:doStart(278)) - Started ServerConnector@3e33d73e{HTTP/1.1,[http/1.1]}{0.0.0.0:39374}
2019-10-16 05:40:55,557 [main] INFO  server.Server (Server.java:doStart(419)) - Started @5328ms
2019-10-16 05:40:55,558 [main] WARN  impl.MetricsSystemImpl (MetricsSystemImpl.java:register(276)) - Sink prometheus already exists!
2019-10-16 05:40:55,559 [main] INFO  server.BaseHttpServer (BaseHttpServer.java:updateConnectorAddress(215)) - HTTP server of HDDSDATANODE is listening at http://0.0.0.0:39374
2019-10-16 05:40:55,560 [main] INFO  impl.MetricsSystemImpl (MetricsSystemImpl.java:init(158)) - HddsDatanode metrics system started (again)
2019-10-16 05:40:55,564 [org.apache.hadoop.util.JvmPauseMonitor$Monitor@62249ce9] INFO  util.JvmPauseMonitor (JvmPauseMonitor.java:run(188)) - Starting JVM pause monitor
2019-10-16 05:40:55,564 [main] INFO  ozone.HddsDatanodeService (HddsDatanodeService.java:start(184)) - HddsDatanodeService host:pr-hdds-2312-q6qzp-1535798719 ip:192.168.69.104
2019-10-16 05:40:55,567 [Datanode State Machine Thread - 0] INFO  datanode.InitDatanodeState (InitDatanodeState.java:persistContainerDatanodeDetails(140)) - DatanodeDetails is persisted to /workdir/hadoop-ozone/integration-test/target/test-dir/MiniOzoneClusterImpl-2ede335a-ebf0-4a23-bcb3-98605d830964/datanode-2/meta/datanode.id
2019-10-16 05:40:55,575 [main] INFO  volume.HddsVolume (HddsVolume.java:<init>(176)) - Creating Volume: /workdir/hadoop-ozone/integration-test/target/test-dir/MiniOzoneClusterImpl-2ede335a-ebf0-4a23-bcb3-98605d830964/datanode-3/data/containers/hdds of  storage type : DISK and capacity : 1482555576320
2019-10-16 05:40:55,575 [main] INFO  volume.VolumeSet (VolumeSet.java:initializeVolumeSet(170)) - Added Volume : /workdir/hadoop-ozone/integration-test/target/test-dir/MiniOzoneClusterImpl-2ede335a-ebf0-4a23-bcb3-98605d830964/datanode-3/data/containers/hdds to VolumeSet
2019-10-16 05:40:55,576 [main] INFO  volume.ThrottledAsyncChecker (ThrottledAsyncChecker.java:schedule(141)) - Scheduling a check for /workdir/hadoop-ozone/integration-test/target/test-dir/MiniOzoneClusterImpl-2ede335a-ebf0-4a23-bcb3-98605d830964/datanode-3/data/containers/hdds
2019-10-16 05:40:55,576 [main] INFO  volume.HddsVolumeChecker (HddsVolumeChecker.java:checkAllVolumes(204)) - Scheduled health check for volume /workdir/hadoop-ozone/integration-test/target/test-dir/MiniOzoneClusterImpl-2ede335a-ebf0-4a23-bcb3-98605d830964/datanode-3/data/containers/hdds
2019-10-16 05:40:55,596 [main] INFO  impl.RaftServerProxy (ConfUtils.java:logGet(43)) - raft.rpc.type = GRPC (default)
2019-10-16 05:40:55,596 [main] INFO  grpc.GrpcFactory (GrpcFactory.java:checkPooledByteBufAllocatorUseCacheForAllThreads(45)) - PERFORMANCE WARNING: useCacheForAllThreads is true that may cause Netty to create a lot garbage objects and, as a result, trigger GC.
	It is recommended to disable useCacheForAllThreads by setting -Dorg.apache.ratis.thirdparty.io.netty.allocator.useCacheForAllThreads=false in command line.
2019-10-16 05:40:55,597 [main] INFO  grpc.GrpcConfigKeys$Server (ConfUtils.java:logGet(43)) - raft.grpc.server.port = 0 (default)
2019-10-16 05:40:55,597 [main] INFO  server.GrpcService (ConfUtils.java:logGet(43)) - raft.grpc.message.size.max = 33570816 (custom)
2019-10-16 05:40:55,597 [main] INFO  server.RaftServerConfigKeys (ConfUtils.java:logGet(43)) - raft.server.log.appender.buffer.byte-limit = 33554432 (custom)
2019-10-16 05:40:55,598 [main] INFO  server.GrpcService (ConfUtils.java:logGet(43)) - raft.grpc.flow.control.window = 1MB (=1048576) (default)
2019-10-16 05:40:55,598 [main] INFO  server.RaftServerConfigKeys (ConfUtils.java:logGet(43)) - raft.server.rpc.request.timeout = 3000ms (default)
2019-10-16 05:40:55,599 [main] INFO  server.RaftServerConfigKeys (ConfUtils.java:logGet(43)) - raft.server.storage.dir = [/workdir/hadoop-ozone/integration-test/target/test-dir/MiniOzoneClusterImpl-2ede335a-ebf0-4a23-bcb3-98605d830964/datanode-3/data/ratis] (custom)
2019-10-16 05:40:55,601 [main] INFO  hdfs.DFSUtil (DFSUtil.java:httpServerTemplateForNNAndJN(1641)) - Starting Web-server for hddsDatanode at: http://0.0.0.0:0
2019-10-16 05:40:55,603 [main] INFO  server.AuthenticationFilter (AuthenticationFilter.java:constructSecretProvider(240)) - Unable to initialize FileSignerSecretProvider, falling back to use random secrets.
2019-10-16 05:40:55,603 [main] WARN  http.HttpRequestLog (HttpRequestLog.java:getRequestLog(97)) - Jetty request log can only be enabled using Log4j
2019-10-16 05:40:55,605 [main] INFO  http.HttpServer2 (HttpServer2.java:addGlobalFilter(975)) - Added global filter 'safety' (class=org.apache.hadoop.http.HttpServer2$QuotingInputFilter)
2019-10-16 05:40:55,606 [main] INFO  http.HttpServer2 (HttpServer2.java:addFilter(948)) - Added filter static_user_filter (class=org.apache.hadoop.http.lib.StaticUserWebFilter$StaticUserFilter) to context hddsDatanode
2019-10-16 05:40:55,606 [main] INFO  http.HttpServer2 (HttpServer2.java:addFilter(958)) - Added filter static_user_filter (class=org.apache.hadoop.http.lib.StaticUserWebFilter$StaticUserFilter) to context logs
2019-10-16 05:40:55,606 [main] INFO  http.HttpServer2 (HttpServer2.java:addFilter(958)) - Added filter static_user_filter (class=org.apache.hadoop.http.lib.StaticUserWebFilter$StaticUserFilter) to context static
2019-10-16 05:40:55,607 [main] INFO  http.HttpServer2 (HttpServer2.java:bindListener(1191)) - Jetty bound to port 38557
2019-10-16 05:40:55,607 [main] INFO  server.Server (Server.java:doStart(351)) - jetty-9.3.25.v20180904, build timestamp: 2018-09-04T21:11:46Z, git hash: 3ce520221d0240229c862b122d2b06c12a625732
2019-10-16 05:40:55,611 [main] INFO  handler.ContextHandler (ContextHandler.java:doStart(781)) - Started o.e.j.s.ServletContextHandler@4b200971{/logs,file:///workdir/hadoop-ozone/integration-test/target/log,AVAILABLE}
2019-10-16 05:40:55,612 [main] INFO  handler.ContextHandler (ContextHandler.java:doStart(781)) - Started o.e.j.s.ServletContextHandler@68d7a2df{/static,jar:file:/home/user/.m2/repository/org/apache/hadoop/hadoop-hdds-container-service/0.5.0-SNAPSHOT/hadoop-hdds-container-service-0.5.0-SNAPSHOT.jar!/webapps/static,AVAILABLE}
2019-10-16 05:40:55,645 [main] INFO  handler.ContextHandler (ContextHandler.java:doStart(781)) - Started o.e.j.w.WebAppContext@4da6d664{/,file:///tmp/jetty-0.0.0.0-38557-hddsDatanode-_-any-1430385101858834857.dir/webapp/,AVAILABLE}{/hddsDatanode}
2019-10-16 05:40:55,646 [main] INFO  server.AbstractConnector (AbstractConnector.java:doStart(278)) - Started ServerConnector@5e5af8e1{HTTP/1.1,[http/1.1]}{0.0.0.0:38557}
2019-10-16 05:40:55,646 [main] INFO  server.Server (Server.java:doStart(419)) - Started @5417ms
2019-10-16 05:40:55,647 [main] WARN  impl.MetricsSystemImpl (MetricsSystemImpl.java:register(276)) - Sink prometheus already exists!
2019-10-16 05:40:55,649 [main] INFO  server.BaseHttpServer (BaseHttpServer.java:updateConnectorAddress(215)) - HTTP server of HDDSDATANODE is listening at http://0.0.0.0:38557
2019-10-16 05:40:55,650 [main] INFO  impl.MetricsSystemImpl (MetricsSystemImpl.java:init(158)) - HddsDatanode metrics system started (again)
2019-10-16 05:40:55,654 [org.apache.hadoop.util.JvmPauseMonitor$Monitor@48fb9297] INFO  util.JvmPauseMonitor (JvmPauseMonitor.java:run(188)) - Starting JVM pause monitor
2019-10-16 05:40:55,655 [main] INFO  ozone.HddsDatanodeService (HddsDatanodeService.java:start(184)) - HddsDatanodeService host:pr-hdds-2312-q6qzp-1535798719 ip:192.168.69.104
2019-10-16 05:40:55,658 [Datanode State Machine Thread - 0] INFO  datanode.InitDatanodeState (InitDatanodeState.java:persistContainerDatanodeDetails(140)) - DatanodeDetails is persisted to /workdir/hadoop-ozone/integration-test/target/test-dir/MiniOzoneClusterImpl-2ede335a-ebf0-4a23-bcb3-98605d830964/datanode-3/meta/datanode.id
2019-10-16 05:40:55,666 [main] INFO  volume.HddsVolume (HddsVolume.java:<init>(176)) - Creating Volume: /workdir/hadoop-ozone/integration-test/target/test-dir/MiniOzoneClusterImpl-2ede335a-ebf0-4a23-bcb3-98605d830964/datanode-4/data/containers/hdds of  storage type : DISK and capacity : 1482555576320
2019-10-16 05:40:55,667 [main] INFO  volume.VolumeSet (VolumeSet.java:initializeVolumeSet(170)) - Added Volume : /workdir/hadoop-ozone/integration-test/target/test-dir/MiniOzoneClusterImpl-2ede335a-ebf0-4a23-bcb3-98605d830964/datanode-4/data/containers/hdds to VolumeSet
2019-10-16 05:40:55,667 [main] INFO  volume.ThrottledAsyncChecker (ThrottledAsyncChecker.java:schedule(141)) - Scheduling a check for /workdir/hadoop-ozone/integration-test/target/test-dir/MiniOzoneClusterImpl-2ede335a-ebf0-4a23-bcb3-98605d830964/datanode-4/data/containers/hdds
2019-10-16 05:40:55,668 [main] INFO  volume.HddsVolumeChecker (HddsVolumeChecker.java:checkAllVolumes(204)) - Scheduled health check for volume /workdir/hadoop-ozone/integration-test/target/test-dir/MiniOzoneClusterImpl-2ede335a-ebf0-4a23-bcb3-98605d830964/datanode-4/data/containers/hdds
2019-10-16 05:40:55,690 [main] INFO  impl.RaftServerProxy (ConfUtils.java:logGet(43)) - raft.rpc.type = GRPC (default)
2019-10-16 05:40:55,691 [main] INFO  grpc.GrpcFactory (GrpcFactory.java:checkPooledByteBufAllocatorUseCacheForAllThreads(45)) - PERFORMANCE WARNING: useCacheForAllThreads is true that may cause Netty to create a lot garbage objects and, as a result, trigger GC.
	It is recommended to disable useCacheForAllThreads by setting -Dorg.apache.ratis.thirdparty.io.netty.allocator.useCacheForAllThreads=false in command line.
2019-10-16 05:40:55,691 [main] INFO  grpc.GrpcConfigKeys$Server (ConfUtils.java:logGet(43)) - raft.grpc.server.port = 0 (default)
2019-10-16 05:40:55,692 [main] INFO  server.GrpcService (ConfUtils.java:logGet(43)) - raft.grpc.message.size.max = 33570816 (custom)
2019-10-16 05:40:55,692 [main] INFO  server.RaftServerConfigKeys (ConfUtils.java:logGet(43)) - raft.server.log.appender.buffer.byte-limit = 33554432 (custom)
2019-10-16 05:40:55,692 [main] INFO  server.GrpcService (ConfUtils.java:logGet(43)) - raft.grpc.flow.control.window = 1MB (=1048576) (default)
2019-10-16 05:40:55,693 [main] INFO  server.RaftServerConfigKeys (ConfUtils.java:logGet(43)) - raft.server.rpc.request.timeout = 3000ms (default)
2019-10-16 05:40:55,695 [main] INFO  server.RaftServerConfigKeys (ConfUtils.java:logGet(43)) - raft.server.storage.dir = [/workdir/hadoop-ozone/integration-test/target/test-dir/MiniOzoneClusterImpl-2ede335a-ebf0-4a23-bcb3-98605d830964/datanode-4/data/ratis] (custom)
2019-10-16 05:40:55,699 [main] INFO  hdfs.DFSUtil (DFSUtil.java:httpServerTemplateForNNAndJN(1641)) - Starting Web-server for hddsDatanode at: http://0.0.0.0:0
2019-10-16 05:40:55,701 [main] INFO  server.AuthenticationFilter (AuthenticationFilter.java:constructSecretProvider(240)) - Unable to initialize FileSignerSecretProvider, falling back to use random secrets.
2019-10-16 05:40:55,702 [main] WARN  http.HttpRequestLog (HttpRequestLog.java:getRequestLog(97)) - Jetty request log can only be enabled using Log4j
2019-10-16 05:40:55,704 [main] INFO  http.HttpServer2 (HttpServer2.java:addGlobalFilter(975)) - Added global filter 'safety' (class=org.apache.hadoop.http.HttpServer2$QuotingInputFilter)
2019-10-16 05:40:55,705 [main] INFO  http.HttpServer2 (HttpServer2.java:addFilter(948)) - Added filter static_user_filter (class=org.apache.hadoop.http.lib.StaticUserWebFilter$StaticUserFilter) to context hddsDatanode
2019-10-16 05:40:55,705 [main] INFO  http.HttpServer2 (HttpServer2.java:addFilter(958)) - Added filter static_user_filter (class=org.apache.hadoop.http.lib.StaticUserWebFilter$StaticUserFilter) to context static
2019-10-16 05:40:55,705 [main] INFO  http.HttpServer2 (HttpServer2.java:addFilter(958)) - Added filter static_user_filter (class=org.apache.hadoop.http.lib.StaticUserWebFilter$StaticUserFilter) to context logs
2019-10-16 05:40:55,706 [main] INFO  http.HttpServer2 (HttpServer2.java:bindListener(1191)) - Jetty bound to port 33939
2019-10-16 05:40:55,706 [main] INFO  server.Server (Server.java:doStart(351)) - jetty-9.3.25.v20180904, build timestamp: 2018-09-04T21:11:46Z, git hash: 3ce520221d0240229c862b122d2b06c12a625732
2019-10-16 05:40:55,708 [main] INFO  handler.ContextHandler (ContextHandler.java:doStart(781)) - Started o.e.j.s.ServletContextHandler@712cfb63{/logs,file:///workdir/hadoop-ozone/integration-test/target/log,AVAILABLE}
2019-10-16 05:40:55,709 [main] INFO  handler.ContextHandler (ContextHandler.java:doStart(781)) - Started o.e.j.s.ServletContextHandler@15639440{/static,jar:file:/home/user/.m2/repository/org/apache/hadoop/hadoop-hdds-container-service/0.5.0-SNAPSHOT/hadoop-hdds-container-service-0.5.0-SNAPSHOT.jar!/webapps/static,AVAILABLE}
2019-10-16 05:40:55,741 [main] INFO  handler.ContextHandler (ContextHandler.java:doStart(781)) - Started o.e.j.w.WebAppContext@5a6fa56e{/,file:///tmp/jetty-0.0.0.0-33939-hddsDatanode-_-any-1380547553458020556.dir/webapp/,AVAILABLE}{/hddsDatanode}
2019-10-16 05:40:55,741 [main] INFO  server.AbstractConnector (AbstractConnector.java:doStart(278)) - Started ServerConnector@1981d861{HTTP/1.1,[http/1.1]}{0.0.0.0:33939}
2019-10-16 05:40:55,744 [main] INFO  server.Server (Server.java:doStart(419)) - Started @5514ms
2019-10-16 05:40:55,744 [main] WARN  impl.MetricsSystemImpl (MetricsSystemImpl.java:register(276)) - Sink prometheus already exists!
2019-10-16 05:40:55,745 [main] INFO  server.BaseHttpServer (BaseHttpServer.java:updateConnectorAddress(215)) - HTTP server of HDDSDATANODE is listening at http://0.0.0.0:33939
2019-10-16 05:40:55,746 [main] INFO  impl.MetricsSystemImpl (MetricsSystemImpl.java:init(158)) - HddsDatanode metrics system started (again)
2019-10-16 05:40:55,750 [main] INFO  ozone.HddsDatanodeService (HddsDatanodeService.java:start(184)) - HddsDatanodeService host:pr-hdds-2312-q6qzp-1535798719 ip:192.168.69.104
2019-10-16 05:40:55,750 [org.apache.hadoop.util.JvmPauseMonitor$Monitor@3af351c2] INFO  util.JvmPauseMonitor (JvmPauseMonitor.java:run(188)) - Starting JVM pause monitor
2019-10-16 05:40:55,754 [Datanode State Machine Thread - 0] INFO  datanode.InitDatanodeState (InitDatanodeState.java:persistContainerDatanodeDetails(140)) - DatanodeDetails is persisted to /workdir/hadoop-ozone/integration-test/target/test-dir/MiniOzoneClusterImpl-2ede335a-ebf0-4a23-bcb3-98605d830964/datanode-4/meta/datanode.id
2019-10-16 05:40:55,759 [main] INFO  volume.HddsVolume (HddsVolume.java:<init>(176)) - Creating Volume: /workdir/hadoop-ozone/integration-test/target/test-dir/MiniOzoneClusterImpl-2ede335a-ebf0-4a23-bcb3-98605d830964/datanode-5/data/containers/hdds of  storage type : DISK and capacity : 1482555576320
2019-10-16 05:40:55,759 [main] INFO  volume.VolumeSet (VolumeSet.java:initializeVolumeSet(170)) - Added Volume : /workdir/hadoop-ozone/integration-test/target/test-dir/MiniOzoneClusterImpl-2ede335a-ebf0-4a23-bcb3-98605d830964/datanode-5/data/containers/hdds to VolumeSet
2019-10-16 05:40:55,759 [main] INFO  volume.ThrottledAsyncChecker (ThrottledAsyncChecker.java:schedule(141)) - Scheduling a check for /workdir/hadoop-ozone/integration-test/target/test-dir/MiniOzoneClusterImpl-2ede335a-ebf0-4a23-bcb3-98605d830964/datanode-5/data/containers/hdds
2019-10-16 05:40:55,760 [main] INFO  volume.HddsVolumeChecker (HddsVolumeChecker.java:checkAllVolumes(204)) - Scheduled health check for volume /workdir/hadoop-ozone/integration-test/target/test-dir/MiniOzoneClusterImpl-2ede335a-ebf0-4a23-bcb3-98605d830964/datanode-5/data/containers/hdds
2019-10-16 05:40:55,777 [main] INFO  impl.RaftServerProxy (ConfUtils.java:logGet(43)) - raft.rpc.type = GRPC (default)
2019-10-16 05:40:55,777 [main] INFO  grpc.GrpcFactory (GrpcFactory.java:checkPooledByteBufAllocatorUseCacheForAllThreads(45)) - PERFORMANCE WARNING: useCacheForAllThreads is true that may cause Netty to create a lot garbage objects and, as a result, trigger GC.
	It is recommended to disable useCacheForAllThreads by setting -Dorg.apache.ratis.thirdparty.io.netty.allocator.useCacheForAllThreads=false in command line.
2019-10-16 05:40:55,778 [main] INFO  grpc.GrpcConfigKeys$Server (ConfUtils.java:logGet(43)) - raft.grpc.server.port = 0 (default)
2019-10-16 05:40:55,778 [main] INFO  server.GrpcService (ConfUtils.java:logGet(43)) - raft.grpc.message.size.max = 33570816 (custom)
2019-10-16 05:40:55,778 [main] INFO  server.RaftServerConfigKeys (ConfUtils.java:logGet(43)) - raft.server.log.appender.buffer.byte-limit = 33554432 (custom)
2019-10-16 05:40:55,778 [main] INFO  server.GrpcService (ConfUtils.java:logGet(43)) - raft.grpc.flow.control.window = 1MB (=1048576) (default)
2019-10-16 05:40:55,779 [main] INFO  server.RaftServerConfigKeys (ConfUtils.java:logGet(43)) - raft.server.rpc.request.timeout = 3000ms (default)
2019-10-16 05:40:55,779 [main] INFO  server.RaftServerConfigKeys (ConfUtils.java:logGet(43)) - raft.server.storage.dir = [/workdir/hadoop-ozone/integration-test/target/test-dir/MiniOzoneClusterImpl-2ede335a-ebf0-4a23-bcb3-98605d830964/datanode-5/data/ratis] (custom)
2019-10-16 05:40:55,781 [main] INFO  hdfs.DFSUtil (DFSUtil.java:httpServerTemplateForNNAndJN(1641)) - Starting Web-server for hddsDatanode at: http://0.0.0.0:0
2019-10-16 05:40:55,782 [main] INFO  server.AuthenticationFilter (AuthenticationFilter.java:constructSecretProvider(240)) - Unable to initialize FileSignerSecretProvider, falling back to use random secrets.
2019-10-16 05:40:55,783 [main] WARN  http.HttpRequestLog (HttpRequestLog.java:getRequestLog(97)) - Jetty request log can only be enabled using Log4j
2019-10-16 05:40:55,785 [main] INFO  http.HttpServer2 (HttpServer2.java:addGlobalFilter(975)) - Added global filter 'safety' (class=org.apache.hadoop.http.HttpServer2$QuotingInputFilter)
2019-10-16 05:40:55,785 [main] INFO  http.HttpServer2 (HttpServer2.java:addFilter(948)) - Added filter static_user_filter (class=org.apache.hadoop.http.lib.StaticUserWebFilter$StaticUserFilter) to context hddsDatanode
2019-10-16 05:40:55,785 [main] INFO  http.HttpServer2 (HttpServer2.java:addFilter(958)) - Added filter static_user_filter (class=org.apache.hadoop.http.lib.StaticUserWebFilter$StaticUserFilter) to context logs
2019-10-16 05:40:55,786 [main] INFO  http.HttpServer2 (HttpServer2.java:addFilter(958)) - Added filter static_user_filter (class=org.apache.hadoop.http.lib.StaticUserWebFilter$StaticUserFilter) to context static
2019-10-16 05:40:55,786 [main] INFO  http.HttpServer2 (HttpServer2.java:bindListener(1191)) - Jetty bound to port 46285
2019-10-16 05:40:55,787 [main] INFO  server.Server (Server.java:doStart(351)) - jetty-9.3.25.v20180904, build timestamp: 2018-09-04T21:11:46Z, git hash: 3ce520221d0240229c862b122d2b06c12a625732
2019-10-16 05:40:55,788 [main] INFO  handler.ContextHandler (ContextHandler.java:doStart(781)) - Started o.e.j.s.ServletContextHandler@72f9f27c{/logs,file:///workdir/hadoop-ozone/integration-test/target/log,AVAILABLE}
2019-10-16 05:40:55,789 [main] INFO  handler.ContextHandler (ContextHandler.java:doStart(781)) - Started o.e.j.s.ServletContextHandler@762637be{/static,jar:file:/home/user/.m2/repository/org/apache/hadoop/hadoop-hdds-container-service/0.5.0-SNAPSHOT/hadoop-hdds-container-service-0.5.0-SNAPSHOT.jar!/webapps/static,AVAILABLE}
2019-10-16 05:40:55,820 [main] INFO  handler.ContextHandler (ContextHandler.java:doStart(781)) - Started o.e.j.w.WebAppContext@7fb29ca9{/,file:///tmp/jetty-0.0.0.0-46285-hddsDatanode-_-any-4356829682217695297.dir/webapp/,AVAILABLE}{/hddsDatanode}
2019-10-16 05:40:55,821 [main] INFO  server.AbstractConnector (AbstractConnector.java:doStart(278)) - Started ServerConnector@1e253c9d{HTTP/1.1,[http/1.1]}{0.0.0.0:46285}
2019-10-16 05:40:55,822 [main] INFO  server.Server (Server.java:doStart(419)) - Started @5592ms
2019-10-16 05:40:55,822 [main] WARN  impl.MetricsSystemImpl (MetricsSystemImpl.java:register(276)) - Sink prometheus already exists!
2019-10-16 05:40:55,823 [main] INFO  server.BaseHttpServer (BaseHttpServer.java:updateConnectorAddress(215)) - HTTP server of HDDSDATANODE is listening at http://0.0.0.0:46285
2019-10-16 05:40:55,824 [main] INFO  impl.MetricsSystemImpl (MetricsSystemImpl.java:init(158)) - HddsDatanode metrics system started (again)
2019-10-16 05:40:55,827 [main] INFO  ozone.HddsDatanodeService (HddsDatanodeService.java:start(184)) - HddsDatanodeService host:pr-hdds-2312-q6qzp-1535798719 ip:192.168.69.104
2019-10-16 05:40:55,828 [org.apache.hadoop.util.JvmPauseMonitor$Monitor@288e6f7b] INFO  util.JvmPauseMonitor (JvmPauseMonitor.java:run(188)) - Starting JVM pause monitor
2019-10-16 05:40:55,831 [Datanode State Machine Thread - 0] INFO  datanode.InitDatanodeState (InitDatanodeState.java:persistContainerDatanodeDetails(140)) - DatanodeDetails is persisted to /workdir/hadoop-ozone/integration-test/target/test-dir/MiniOzoneClusterImpl-2ede335a-ebf0-4a23-bcb3-98605d830964/datanode-5/meta/datanode.id
2019-10-16 05:40:55,837 [main] INFO  volume.HddsVolume (HddsVolume.java:<init>(176)) - Creating Volume: /workdir/hadoop-ozone/integration-test/target/test-dir/MiniOzoneClusterImpl-2ede335a-ebf0-4a23-bcb3-98605d830964/datanode-6/data/containers/hdds of  storage type : DISK and capacity : 1482555576320
2019-10-16 05:40:55,837 [main] INFO  volume.VolumeSet (VolumeSet.java:initializeVolumeSet(170)) - Added Volume : /workdir/hadoop-ozone/integration-test/target/test-dir/MiniOzoneClusterImpl-2ede335a-ebf0-4a23-bcb3-98605d830964/datanode-6/data/containers/hdds to VolumeSet
2019-10-16 05:40:55,838 [main] INFO  volume.ThrottledAsyncChecker (ThrottledAsyncChecker.java:schedule(141)) - Scheduling a check for /workdir/hadoop-ozone/integration-test/target/test-dir/MiniOzoneClusterImpl-2ede335a-ebf0-4a23-bcb3-98605d830964/datanode-6/data/containers/hdds
2019-10-16 05:40:55,838 [main] INFO  volume.HddsVolumeChecker (HddsVolumeChecker.java:checkAllVolumes(204)) - Scheduled health check for volume /workdir/hadoop-ozone/integration-test/target/test-dir/MiniOzoneClusterImpl-2ede335a-ebf0-4a23-bcb3-98605d830964/datanode-6/data/containers/hdds
2019-10-16 05:40:55,852 [main] INFO  impl.RaftServerProxy (ConfUtils.java:logGet(43)) - raft.rpc.type = GRPC (default)
2019-10-16 05:40:55,852 [main] INFO  grpc.GrpcFactory (GrpcFactory.java:checkPooledByteBufAllocatorUseCacheForAllThreads(45)) - PERFORMANCE WARNING: useCacheForAllThreads is true that may cause Netty to create a lot garbage objects and, as a result, trigger GC.
	It is recommended to disable useCacheForAllThreads by setting -Dorg.apache.ratis.thirdparty.io.netty.allocator.useCacheForAllThreads=false in command line.
2019-10-16 05:40:55,853 [main] INFO  grpc.GrpcConfigKeys$Server (ConfUtils.java:logGet(43)) - raft.grpc.server.port = 0 (default)
2019-10-16 05:40:55,853 [main] INFO  server.GrpcService (ConfUtils.java:logGet(43)) - raft.grpc.message.size.max = 33570816 (custom)
2019-10-16 05:40:55,853 [main] INFO  server.RaftServerConfigKeys (ConfUtils.java:logGet(43)) - raft.server.log.appender.buffer.byte-limit = 33554432 (custom)
2019-10-16 05:40:55,854 [main] INFO  server.GrpcService (ConfUtils.java:logGet(43)) - raft.grpc.flow.control.window = 1MB (=1048576) (default)
2019-10-16 05:40:55,854 [main] INFO  server.RaftServerConfigKeys (ConfUtils.java:logGet(43)) - raft.server.rpc.request.timeout = 3000ms (default)
2019-10-16 05:40:55,855 [main] INFO  server.RaftServerConfigKeys (ConfUtils.java:logGet(43)) - raft.server.storage.dir = [/workdir/hadoop-ozone/integration-test/target/test-dir/MiniOzoneClusterImpl-2ede335a-ebf0-4a23-bcb3-98605d830964/datanode-6/data/ratis] (custom)
2019-10-16 05:40:55,857 [main] INFO  hdfs.DFSUtil (DFSUtil.java:httpServerTemplateForNNAndJN(1641)) - Starting Web-server for hddsDatanode at: http://0.0.0.0:0
2019-10-16 05:40:55,859 [main] INFO  server.AuthenticationFilter (AuthenticationFilter.java:constructSecretProvider(240)) - Unable to initialize FileSignerSecretProvider, falling back to use random secrets.
2019-10-16 05:40:55,860 [main] WARN  http.HttpRequestLog (HttpRequestLog.java:getRequestLog(97)) - Jetty request log can only be enabled using Log4j
2019-10-16 05:40:55,862 [main] INFO  http.HttpServer2 (HttpServer2.java:addGlobalFilter(975)) - Added global filter 'safety' (class=org.apache.hadoop.http.HttpServer2$QuotingInputFilter)
2019-10-16 05:40:55,864 [main] INFO  http.HttpServer2 (HttpServer2.java:addFilter(948)) - Added filter static_user_filter (class=org.apache.hadoop.http.lib.StaticUserWebFilter$StaticUserFilter) to context hddsDatanode
2019-10-16 05:40:55,864 [main] INFO  http.HttpServer2 (HttpServer2.java:addFilter(958)) - Added filter static_user_filter (class=org.apache.hadoop.http.lib.StaticUserWebFilter$StaticUserFilter) to context static
2019-10-16 05:40:55,864 [main] INFO  http.HttpServer2 (HttpServer2.java:addFilter(958)) - Added filter static_user_filter (class=org.apache.hadoop.http.lib.StaticUserWebFilter$StaticUserFilter) to context logs
2019-10-16 05:40:55,866 [main] INFO  http.HttpServer2 (HttpServer2.java:bindListener(1191)) - Jetty bound to port 41112
2019-10-16 05:40:55,866 [main] INFO  server.Server (Server.java:doStart(351)) - jetty-9.3.25.v20180904, build timestamp: 2018-09-04T21:11:46Z, git hash: 3ce520221d0240229c862b122d2b06c12a625732
2019-10-16 05:40:55,868 [main] INFO  handler.ContextHandler (ContextHandler.java:doStart(781)) - Started o.e.j.s.ServletContextHandler@17fa1336{/logs,file:///workdir/hadoop-ozone/integration-test/target/log,AVAILABLE}
2019-10-16 05:40:55,869 [main] INFO  handler.ContextHandler (ContextHandler.java:doStart(781)) - Started o.e.j.s.ServletContextHandler@68b9834c{/static,jar:file:/home/user/.m2/repository/org/apache/hadoop/hadoop-hdds-container-service/0.5.0-SNAPSHOT/hadoop-hdds-container-service-0.5.0-SNAPSHOT.jar!/webapps/static,AVAILABLE}
2019-10-16 05:40:55,917 [main] INFO  handler.ContextHandler (ContextHandler.java:doStart(781)) - Started o.e.j.w.WebAppContext@2630dbc4{/,file:///tmp/jetty-0.0.0.0-41112-hddsDatanode-_-any-5048891356793120610.dir/webapp/,AVAILABLE}{/hddsDatanode}
2019-10-16 05:40:55,917 [main] INFO  server.AbstractConnector (AbstractConnector.java:doStart(278)) - Started ServerConnector@5ea4300e{HTTP/1.1,[http/1.1]}{0.0.0.0:41112}
2019-10-16 05:40:55,918 [main] INFO  server.Server (Server.java:doStart(419)) - Started @5689ms
2019-10-16 05:40:55,918 [main] WARN  impl.MetricsSystemImpl (MetricsSystemImpl.java:register(276)) - Sink prometheus already exists!
2019-10-16 05:40:55,920 [main] INFO  server.BaseHttpServer (BaseHttpServer.java:updateConnectorAddress(215)) - HTTP server of HDDSDATANODE is listening at http://0.0.0.0:41112
2019-10-16 05:40:55,920 [main] INFO  impl.MetricsSystemImpl (MetricsSystemImpl.java:init(158)) - HddsDatanode metrics system started (again)
2019-10-16 05:40:55,924 [main] INFO  ozone.HddsDatanodeService (HddsDatanodeService.java:start(184)) - HddsDatanodeService host:pr-hdds-2312-q6qzp-1535798719 ip:192.168.69.104
2019-10-16 05:40:55,924 [org.apache.hadoop.util.JvmPauseMonitor$Monitor@6b808929] INFO  util.JvmPauseMonitor (JvmPauseMonitor.java:run(188)) - Starting JVM pause monitor
2019-10-16 05:40:55,928 [Datanode State Machine Thread - 0] INFO  datanode.InitDatanodeState (InitDatanodeState.java:persistContainerDatanodeDetails(140)) - DatanodeDetails is persisted to /workdir/hadoop-ozone/integration-test/target/test-dir/MiniOzoneClusterImpl-2ede335a-ebf0-4a23-bcb3-98605d830964/datanode-6/meta/datanode.id
2019-10-16 05:40:55,934 [main] INFO  volume.HddsVolume (HddsVolume.java:<init>(176)) - Creating Volume: /workdir/hadoop-ozone/integration-test/target/test-dir/MiniOzoneClusterImpl-2ede335a-ebf0-4a23-bcb3-98605d830964/datanode-7/data/containers/hdds of  storage type : DISK and capacity : 1482555576320
2019-10-16 05:40:55,934 [main] INFO  volume.VolumeSet (VolumeSet.java:initializeVolumeSet(170)) - Added Volume : /workdir/hadoop-ozone/integration-test/target/test-dir/MiniOzoneClusterImpl-2ede335a-ebf0-4a23-bcb3-98605d830964/datanode-7/data/containers/hdds to VolumeSet
2019-10-16 05:40:55,934 [main] INFO  volume.ThrottledAsyncChecker (ThrottledAsyncChecker.java:schedule(141)) - Scheduling a check for /workdir/hadoop-ozone/integration-test/target/test-dir/MiniOzoneClusterImpl-2ede335a-ebf0-4a23-bcb3-98605d830964/datanode-7/data/containers/hdds
2019-10-16 05:40:55,935 [main] INFO  volume.HddsVolumeChecker (HddsVolumeChecker.java:checkAllVolumes(204)) - Scheduled health check for volume /workdir/hadoop-ozone/integration-test/target/test-dir/MiniOzoneClusterImpl-2ede335a-ebf0-4a23-bcb3-98605d830964/datanode-7/data/containers/hdds
2019-10-16 05:40:55,952 [main] INFO  impl.RaftServerProxy (ConfUtils.java:logGet(43)) - raft.rpc.type = GRPC (default)
2019-10-16 05:40:55,952 [main] INFO  grpc.GrpcFactory (GrpcFactory.java:checkPooledByteBufAllocatorUseCacheForAllThreads(45)) - PERFORMANCE WARNING: useCacheForAllThreads is true that may cause Netty to create a lot garbage objects and, as a result, trigger GC.
	It is recommended to disable useCacheForAllThreads by setting -Dorg.apache.ratis.thirdparty.io.netty.allocator.useCacheForAllThreads=false in command line.
2019-10-16 05:40:55,953 [main] INFO  grpc.GrpcConfigKeys$Server (ConfUtils.java:logGet(43)) - raft.grpc.server.port = 0 (default)
2019-10-16 05:40:55,953 [main] INFO  server.GrpcService (ConfUtils.java:logGet(43)) - raft.grpc.message.size.max = 33570816 (custom)
2019-10-16 05:40:55,953 [main] INFO  server.RaftServerConfigKeys (ConfUtils.java:logGet(43)) - raft.server.log.appender.buffer.byte-limit = 33554432 (custom)
2019-10-16 05:40:55,953 [main] INFO  server.GrpcService (ConfUtils.java:logGet(43)) - raft.grpc.flow.control.window = 1MB (=1048576) (default)
2019-10-16 05:40:55,953 [main] INFO  server.RaftServerConfigKeys (ConfUtils.java:logGet(43)) - raft.server.rpc.request.timeout = 3000ms (default)
2019-10-16 05:40:55,954 [main] INFO  server.RaftServerConfigKeys (ConfUtils.java:logGet(43)) - raft.server.storage.dir = [/workdir/hadoop-ozone/integration-test/target/test-dir/MiniOzoneClusterImpl-2ede335a-ebf0-4a23-bcb3-98605d830964/datanode-7/data/ratis] (custom)
2019-10-16 05:40:55,955 [main] INFO  hdfs.DFSUtil (DFSUtil.java:httpServerTemplateForNNAndJN(1641)) - Starting Web-server for hddsDatanode at: http://0.0.0.0:0
2019-10-16 05:40:55,957 [main] INFO  server.AuthenticationFilter (AuthenticationFilter.java:constructSecretProvider(240)) - Unable to initialize FileSignerSecretProvider, falling back to use random secrets.
2019-10-16 05:40:55,957 [main] WARN  http.HttpRequestLog (HttpRequestLog.java:getRequestLog(97)) - Jetty request log can only be enabled using Log4j
2019-10-16 05:40:55,959 [main] INFO  http.HttpServer2 (HttpServer2.java:addGlobalFilter(975)) - Added global filter 'safety' (class=org.apache.hadoop.http.HttpServer2$QuotingInputFilter)
2019-10-16 05:40:55,959 [main] INFO  http.HttpServer2 (HttpServer2.java:addFilter(948)) - Added filter static_user_filter (class=org.apache.hadoop.http.lib.StaticUserWebFilter$StaticUserFilter) to context hddsDatanode
2019-10-16 05:40:55,959 [main] INFO  http.HttpServer2 (HttpServer2.java:addFilter(958)) - Added filter static_user_filter (class=org.apache.hadoop.http.lib.StaticUserWebFilter$StaticUserFilter) to context logs
2019-10-16 05:40:55,960 [main] INFO  http.HttpServer2 (HttpServer2.java:addFilter(958)) - Added filter static_user_filter (class=org.apache.hadoop.http.lib.StaticUserWebFilter$StaticUserFilter) to context static
2019-10-16 05:40:55,960 [main] INFO  http.HttpServer2 (HttpServer2.java:bindListener(1191)) - Jetty bound to port 46228
2019-10-16 05:40:55,961 [main] INFO  server.Server (Server.java:doStart(351)) - jetty-9.3.25.v20180904, build timestamp: 2018-09-04T21:11:46Z, git hash: 3ce520221d0240229c862b122d2b06c12a625732
2019-10-16 05:40:55,963 [main] INFO  handler.ContextHandler (ContextHandler.java:doStart(781)) - Started o.e.j.s.ServletContextHandler@31ddb930{/logs,file:///workdir/hadoop-ozone/integration-test/target/log,AVAILABLE}
2019-10-16 05:40:55,963 [main] INFO  handler.ContextHandler (ContextHandler.java:doStart(781)) - Started o.e.j.s.ServletContextHandler@3c3c4a71{/static,jar:file:/home/user/.m2/repository/org/apache/hadoop/hadoop-hdds-container-service/0.5.0-SNAPSHOT/hadoop-hdds-container-service-0.5.0-SNAPSHOT.jar!/webapps/static,AVAILABLE}
2019-10-16 05:40:55,993 [main] INFO  handler.ContextHandler (ContextHandler.java:doStart(781)) - Started o.e.j.w.WebAppContext@268cbb86{/,file:///tmp/jetty-0.0.0.0-46228-hddsDatanode-_-any-5910693787509502197.dir/webapp/,AVAILABLE}{/hddsDatanode}
2019-10-16 05:40:55,994 [main] INFO  server.AbstractConnector (AbstractConnector.java:doStart(278)) - Started ServerConnector@10f7918f{HTTP/1.1,[http/1.1]}{0.0.0.0:46228}
2019-10-16 05:40:55,995 [main] INFO  server.Server (Server.java:doStart(419)) - Started @5765ms
2019-10-16 05:40:55,995 [main] WARN  impl.MetricsSystemImpl (MetricsSystemImpl.java:register(276)) - Sink prometheus already exists!
2019-10-16 05:40:55,996 [main] INFO  server.BaseHttpServer (BaseHttpServer.java:updateConnectorAddress(215)) - HTTP server of HDDSDATANODE is listening at http://0.0.0.0:46228
2019-10-16 05:40:55,997 [main] INFO  impl.MetricsSystemImpl (MetricsSystemImpl.java:init(158)) - HddsDatanode metrics system started (again)
2019-10-16 05:40:56,002 [org.apache.hadoop.util.JvmPauseMonitor$Monitor@3025db50] INFO  util.JvmPauseMonitor (JvmPauseMonitor.java:run(188)) - Starting JVM pause monitor
2019-10-16 05:40:56,004 [main] INFO  ozone.HddsDatanodeService (HddsDatanodeService.java:start(184)) - HddsDatanodeService host:pr-hdds-2312-q6qzp-1535798719 ip:192.168.69.104
2019-10-16 05:40:56,006 [Datanode State Machine Thread - 0] INFO  datanode.InitDatanodeState (InitDatanodeState.java:persistContainerDatanodeDetails(140)) - DatanodeDetails is persisted to /workdir/hadoop-ozone/integration-test/target/test-dir/MiniOzoneClusterImpl-2ede335a-ebf0-4a23-bcb3-98605d830964/datanode-7/meta/datanode.id
2019-10-16 05:40:56,015 [main] INFO  volume.HddsVolume (HddsVolume.java:<init>(176)) - Creating Volume: /workdir/hadoop-ozone/integration-test/target/test-dir/MiniOzoneClusterImpl-2ede335a-ebf0-4a23-bcb3-98605d830964/datanode-8/data/containers/hdds of  storage type : DISK and capacity : 1482555576320
2019-10-16 05:40:56,016 [main] INFO  volume.VolumeSet (VolumeSet.java:initializeVolumeSet(170)) - Added Volume : /workdir/hadoop-ozone/integration-test/target/test-dir/MiniOzoneClusterImpl-2ede335a-ebf0-4a23-bcb3-98605d830964/datanode-8/data/containers/hdds to VolumeSet
2019-10-16 05:40:56,016 [main] INFO  volume.ThrottledAsyncChecker (ThrottledAsyncChecker.java:schedule(141)) - Scheduling a check for /workdir/hadoop-ozone/integration-test/target/test-dir/MiniOzoneClusterImpl-2ede335a-ebf0-4a23-bcb3-98605d830964/datanode-8/data/containers/hdds
2019-10-16 05:40:56,017 [main] INFO  volume.HddsVolumeChecker (HddsVolumeChecker.java:checkAllVolumes(204)) - Scheduled health check for volume /workdir/hadoop-ozone/integration-test/target/test-dir/MiniOzoneClusterImpl-2ede335a-ebf0-4a23-bcb3-98605d830964/datanode-8/data/containers/hdds
2019-10-16 05:40:56,039 [main] INFO  impl.RaftServerProxy (ConfUtils.java:logGet(43)) - raft.rpc.type = GRPC (default)
2019-10-16 05:40:56,039 [main] INFO  grpc.GrpcFactory (GrpcFactory.java:checkPooledByteBufAllocatorUseCacheForAllThreads(45)) - PERFORMANCE WARNING: useCacheForAllThreads is true that may cause Netty to create a lot garbage objects and, as a result, trigger GC.
	It is recommended to disable useCacheForAllThreads by setting -Dorg.apache.ratis.thirdparty.io.netty.allocator.useCacheForAllThreads=false in command line.
2019-10-16 05:40:56,040 [main] INFO  grpc.GrpcConfigKeys$Server (ConfUtils.java:logGet(43)) - raft.grpc.server.port = 0 (default)
2019-10-16 05:40:56,040 [main] INFO  server.GrpcService (ConfUtils.java:logGet(43)) - raft.grpc.message.size.max = 33570816 (custom)
2019-10-16 05:40:56,040 [main] INFO  server.RaftServerConfigKeys (ConfUtils.java:logGet(43)) - raft.server.log.appender.buffer.byte-limit = 33554432 (custom)
2019-10-16 05:40:56,040 [main] INFO  server.GrpcService (ConfUtils.java:logGet(43)) - raft.grpc.flow.control.window = 1MB (=1048576) (default)
2019-10-16 05:40:56,041 [main] INFO  server.RaftServerConfigKeys (ConfUtils.java:logGet(43)) - raft.server.rpc.request.timeout = 3000ms (default)
2019-10-16 05:40:56,041 [main] INFO  server.RaftServerConfigKeys (ConfUtils.java:logGet(43)) - raft.server.storage.dir = [/workdir/hadoop-ozone/integration-test/target/test-dir/MiniOzoneClusterImpl-2ede335a-ebf0-4a23-bcb3-98605d830964/datanode-8/data/ratis] (custom)
2019-10-16 05:40:56,044 [main] INFO  hdfs.DFSUtil (DFSUtil.java:httpServerTemplateForNNAndJN(1641)) - Starting Web-server for hddsDatanode at: http://0.0.0.0:0
2019-10-16 05:40:56,046 [main] INFO  server.AuthenticationFilter (AuthenticationFilter.java:constructSecretProvider(240)) - Unable to initialize FileSignerSecretProvider, falling back to use random secrets.
2019-10-16 05:40:56,046 [main] WARN  http.HttpRequestLog (HttpRequestLog.java:getRequestLog(97)) - Jetty request log can only be enabled using Log4j
2019-10-16 05:40:56,049 [main] INFO  http.HttpServer2 (HttpServer2.java:addGlobalFilter(975)) - Added global filter 'safety' (class=org.apache.hadoop.http.HttpServer2$QuotingInputFilter)
2019-10-16 05:40:56,049 [main] INFO  http.HttpServer2 (HttpServer2.java:addFilter(948)) - Added filter static_user_filter (class=org.apache.hadoop.http.lib.StaticUserWebFilter$StaticUserFilter) to context hddsDatanode
2019-10-16 05:40:56,050 [main] INFO  http.HttpServer2 (HttpServer2.java:addFilter(958)) - Added filter static_user_filter (class=org.apache.hadoop.http.lib.StaticUserWebFilter$StaticUserFilter) to context static
2019-10-16 05:40:56,050 [main] INFO  http.HttpServer2 (HttpServer2.java:addFilter(958)) - Added filter static_user_filter (class=org.apache.hadoop.http.lib.StaticUserWebFilter$StaticUserFilter) to context logs
2019-10-16 05:40:56,051 [main] INFO  http.HttpServer2 (HttpServer2.java:bindListener(1191)) - Jetty bound to port 36378
2019-10-16 05:40:56,051 [main] INFO  server.Server (Server.java:doStart(351)) - jetty-9.3.25.v20180904, build timestamp: 2018-09-04T21:11:46Z, git hash: 3ce520221d0240229c862b122d2b06c12a625732
2019-10-16 05:40:56,054 [main] INFO  handler.ContextHandler (ContextHandler.java:doStart(781)) - Started o.e.j.s.ServletContextHandler@79a04e5f{/logs,file:///workdir/hadoop-ozone/integration-test/target/log,AVAILABLE}
2019-10-16 05:40:56,054 [main] INFO  handler.ContextHandler (ContextHandler.java:doStart(781)) - Started o.e.j.s.ServletContextHandler@53311681{/static,jar:file:/home/user/.m2/repository/org/apache/hadoop/hadoop-hdds-container-service/0.5.0-SNAPSHOT/hadoop-hdds-container-service-0.5.0-SNAPSHOT.jar!/webapps/static,AVAILABLE}
2019-10-16 05:40:56,094 [main] INFO  handler.ContextHandler (ContextHandler.java:doStart(781)) - Started o.e.j.w.WebAppContext@59696551{/,file:///tmp/jetty-0.0.0.0-36378-hddsDatanode-_-any-116535339038997732.dir/webapp/,AVAILABLE}{/hddsDatanode}
2019-10-16 05:40:56,094 [main] INFO  server.AbstractConnector (AbstractConnector.java:doStart(278)) - Started ServerConnector@648d0e6d{HTTP/1.1,[http/1.1]}{0.0.0.0:36378}
2019-10-16 05:40:56,096 [main] INFO  server.Server (Server.java:doStart(419)) - Started @5866ms
2019-10-16 05:40:56,096 [main] WARN  impl.MetricsSystemImpl (MetricsSystemImpl.java:register(276)) - Sink prometheus already exists!
2019-10-16 05:40:56,097 [main] INFO  server.BaseHttpServer (BaseHttpServer.java:updateConnectorAddress(215)) - HTTP server of HDDSDATANODE is listening at http://0.0.0.0:36378
2019-10-16 05:40:56,097 [main] INFO  impl.MetricsSystemImpl (MetricsSystemImpl.java:init(158)) - HddsDatanode metrics system started (again)
2019-10-16 05:40:56,103 [org.apache.hadoop.util.JvmPauseMonitor$Monitor@3e7d12e5] INFO  util.JvmPauseMonitor (JvmPauseMonitor.java:run(188)) - Starting JVM pause monitor
2019-10-16 05:40:56,105 [main] INFO  ozone.HddsDatanodeService (HddsDatanodeService.java:start(184)) - HddsDatanodeService host:pr-hdds-2312-q6qzp-1535798719 ip:192.168.69.104
2019-10-16 05:40:56,107 [Datanode State Machine Thread - 0] INFO  datanode.InitDatanodeState (InitDatanodeState.java:persistContainerDatanodeDetails(140)) - DatanodeDetails is persisted to /workdir/hadoop-ozone/integration-test/target/test-dir/MiniOzoneClusterImpl-2ede335a-ebf0-4a23-bcb3-98605d830964/datanode-8/meta/datanode.id
2019-10-16 05:40:56,114 [main] INFO  volume.HddsVolume (HddsVolume.java:<init>(176)) - Creating Volume: /workdir/hadoop-ozone/integration-test/target/test-dir/MiniOzoneClusterImpl-2ede335a-ebf0-4a23-bcb3-98605d830964/datanode-9/data/containers/hdds of  storage type : DISK and capacity : 1482555576320
2019-10-16 05:40:56,114 [main] INFO  volume.VolumeSet (VolumeSet.java:initializeVolumeSet(170)) - Added Volume : /workdir/hadoop-ozone/integration-test/target/test-dir/MiniOzoneClusterImpl-2ede335a-ebf0-4a23-bcb3-98605d830964/datanode-9/data/containers/hdds to VolumeSet
2019-10-16 05:40:56,115 [main] INFO  volume.ThrottledAsyncChecker (ThrottledAsyncChecker.java:schedule(141)) - Scheduling a check for /workdir/hadoop-ozone/integration-test/target/test-dir/MiniOzoneClusterImpl-2ede335a-ebf0-4a23-bcb3-98605d830964/datanode-9/data/containers/hdds
2019-10-16 05:40:56,115 [main] INFO  volume.HddsVolumeChecker (HddsVolumeChecker.java:checkAllVolumes(204)) - Scheduled health check for volume /workdir/hadoop-ozone/integration-test/target/test-dir/MiniOzoneClusterImpl-2ede335a-ebf0-4a23-bcb3-98605d830964/datanode-9/data/containers/hdds
2019-10-16 05:40:56,132 [main] INFO  impl.RaftServerProxy (ConfUtils.java:logGet(43)) - raft.rpc.type = GRPC (default)
2019-10-16 05:40:56,133 [main] INFO  grpc.GrpcFactory (GrpcFactory.java:checkPooledByteBufAllocatorUseCacheForAllThreads(45)) - PERFORMANCE WARNING: useCacheForAllThreads is true that may cause Netty to create a lot garbage objects and, as a result, trigger GC.
	It is recommended to disable useCacheForAllThreads by setting -Dorg.apache.ratis.thirdparty.io.netty.allocator.useCacheForAllThreads=false in command line.
2019-10-16 05:40:56,133 [main] INFO  grpc.GrpcConfigKeys$Server (ConfUtils.java:logGet(43)) - raft.grpc.server.port = 0 (default)
2019-10-16 05:40:56,133 [main] INFO  server.GrpcService (ConfUtils.java:logGet(43)) - raft.grpc.message.size.max = 33570816 (custom)
2019-10-16 05:40:56,134 [main] INFO  server.RaftServerConfigKeys (ConfUtils.java:logGet(43)) - raft.server.log.appender.buffer.byte-limit = 33554432 (custom)
2019-10-16 05:40:56,134 [main] INFO  server.GrpcService (ConfUtils.java:logGet(43)) - raft.grpc.flow.control.window = 1MB (=1048576) (default)
2019-10-16 05:40:56,134 [main] INFO  server.RaftServerConfigKeys (ConfUtils.java:logGet(43)) - raft.server.rpc.request.timeout = 3000ms (default)
2019-10-16 05:40:56,135 [main] INFO  server.RaftServerConfigKeys (ConfUtils.java:logGet(43)) - raft.server.storage.dir = [/workdir/hadoop-ozone/integration-test/target/test-dir/MiniOzoneClusterImpl-2ede335a-ebf0-4a23-bcb3-98605d830964/datanode-9/data/ratis] (custom)
2019-10-16 05:40:56,137 [main] INFO  hdfs.DFSUtil (DFSUtil.java:httpServerTemplateForNNAndJN(1641)) - Starting Web-server for hddsDatanode at: http://0.0.0.0:0
2019-10-16 05:40:56,138 [main] INFO  server.AuthenticationFilter (AuthenticationFilter.java:constructSecretProvider(240)) - Unable to initialize FileSignerSecretProvider, falling back to use random secrets.
2019-10-16 05:40:56,139 [main] WARN  http.HttpRequestLog (HttpRequestLog.java:getRequestLog(97)) - Jetty request log can only be enabled using Log4j
2019-10-16 05:40:56,140 [main] INFO  http.HttpServer2 (HttpServer2.java:addGlobalFilter(975)) - Added global filter 'safety' (class=org.apache.hadoop.http.HttpServer2$QuotingInputFilter)
2019-10-16 05:40:56,141 [main] INFO  http.HttpServer2 (HttpServer2.java:addFilter(948)) - Added filter static_user_filter (class=org.apache.hadoop.http.lib.StaticUserWebFilter$StaticUserFilter) to context hddsDatanode
2019-10-16 05:40:56,141 [main] INFO  http.HttpServer2 (HttpServer2.java:addFilter(958)) - Added filter static_user_filter (class=org.apache.hadoop.http.lib.StaticUserWebFilter$StaticUserFilter) to context static
2019-10-16 05:40:56,141 [main] INFO  http.HttpServer2 (HttpServer2.java:addFilter(958)) - Added filter static_user_filter (class=org.apache.hadoop.http.lib.StaticUserWebFilter$StaticUserFilter) to context logs
2019-10-16 05:40:56,142 [main] INFO  http.HttpServer2 (HttpServer2.java:bindListener(1191)) - Jetty bound to port 35273
2019-10-16 05:40:56,143 [main] INFO  server.Server (Server.java:doStart(351)) - jetty-9.3.25.v20180904, build timestamp: 2018-09-04T21:11:46Z, git hash: 3ce520221d0240229c862b122d2b06c12a625732
2019-10-16 05:40:56,145 [main] INFO  handler.ContextHandler (ContextHandler.java:doStart(781)) - Started o.e.j.s.ServletContextHandler@6cbd0674{/logs,file:///workdir/hadoop-ozone/integration-test/target/log,AVAILABLE}
2019-10-16 05:40:56,145 [main] INFO  handler.ContextHandler (ContextHandler.java:doStart(781)) - Started o.e.j.s.ServletContextHandler@19a64eae{/static,jar:file:/home/user/.m2/repository/org/apache/hadoop/hadoop-hdds-container-service/0.5.0-SNAPSHOT/hadoop-hdds-container-service-0.5.0-SNAPSHOT.jar!/webapps/static,AVAILABLE}
2019-10-16 05:40:56,178 [main] INFO  handler.ContextHandler (ContextHandler.java:doStart(781)) - Started o.e.j.w.WebAppContext@10c72a6f{/,file:///tmp/jetty-0.0.0.0-35273-hddsDatanode-_-any-1050911428867196561.dir/webapp/,AVAILABLE}{/hddsDatanode}
2019-10-16 05:40:56,179 [main] INFO  server.AbstractConnector (AbstractConnector.java:doStart(278)) - Started ServerConnector@70e94ecb{HTTP/1.1,[http/1.1]}{0.0.0.0:35273}
2019-10-16 05:40:56,180 [main] INFO  server.Server (Server.java:doStart(419)) - Started @5950ms
2019-10-16 05:40:56,180 [main] WARN  impl.MetricsSystemImpl (MetricsSystemImpl.java:register(276)) - Sink prometheus already exists!
2019-10-16 05:40:56,181 [main] INFO  server.BaseHttpServer (BaseHttpServer.java:updateConnectorAddress(215)) - HTTP server of HDDSDATANODE is listening at http://0.0.0.0:35273
2019-10-16 05:40:56,186 [main] INFO  ozone.MiniOzoneClusterImpl (MiniOzoneClusterImpl.java:lambda$waitForClusterToBeReady$0(147)) - Waiting for cluster to be ready. Got 0 of 10 DN Heartbeats.
2019-10-16 05:40:56,187 [org.apache.hadoop.util.JvmPauseMonitor$Monitor@e79d452] INFO  util.JvmPauseMonitor (JvmPauseMonitor.java:run(188)) - Starting JVM pause monitor
2019-10-16 05:40:56,191 [Datanode State Machine Thread - 0] INFO  datanode.InitDatanodeState (InitDatanodeState.java:persistContainerDatanodeDetails(140)) - DatanodeDetails is persisted to /workdir/hadoop-ozone/integration-test/target/test-dir/MiniOzoneClusterImpl-2ede335a-ebf0-4a23-bcb3-98605d830964/datanode-9/meta/datanode.id
2019-10-16 05:40:57,186 [main] INFO  ozone.MiniOzoneClusterImpl (MiniOzoneClusterImpl.java:lambda$waitForClusterToBeReady$0(147)) - Waiting for cluster to be ready. Got 0 of 10 DN Heartbeats.
2019-10-16 05:40:57,500 [Datanode State Machine Thread - 0] INFO  ozoneimpl.OzoneContainer (OzoneContainer.java:start(213)) - Attempting to start container services.
2019-10-16 05:40:57,502 [Datanode State Machine Thread - 0] INFO  ozoneimpl.OzoneContainer (OzoneContainer.java:start(213)) - Attempting to start container services.
2019-10-16 05:40:57,509 [Datanode State Machine Thread - 0] INFO  ozoneimpl.OzoneContainer (OzoneContainer.java:startContainerScrub(177)) - Background container scanner has been disabled.
2019-10-16 05:40:57,509 [Datanode State Machine Thread - 0] INFO  ozoneimpl.OzoneContainer (OzoneContainer.java:startContainerScrub(177)) - Background container scanner has been disabled.
2019-10-16 05:40:57,509 [Datanode State Machine Thread - 0] INFO  ratis.XceiverServerRatis (XceiverServerRatis.java:start(418)) - Starting XceiverServerRatis a92c0124-0b6b-4eab-8828-4a4218b90be6 at port 0
2019-10-16 05:40:57,509 [Datanode State Machine Thread - 0] INFO  ratis.XceiverServerRatis (XceiverServerRatis.java:start(418)) - Starting XceiverServerRatis f1a365c1-fe59-4a48-93c2-eb51ec4ae0f7 at port 0
2019-10-16 05:40:57,548 [Datanode State Machine Thread - 0] INFO  impl.RaftServerProxy (RaftServerProxy.java:lambda$start$3(299)) - f1a365c1-fe59-4a48-93c2-eb51ec4ae0f7: start RPC server
2019-10-16 05:40:57,548 [Datanode State Machine Thread - 0] INFO  impl.RaftServerProxy (RaftServerProxy.java:lambda$start$3(299)) - a92c0124-0b6b-4eab-8828-4a4218b90be6: start RPC server
2019-10-16 05:40:57,582 [Datanode State Machine Thread - 0] INFO  ozoneimpl.OzoneContainer (OzoneContainer.java:start(213)) - Attempting to start container services.
2019-10-16 05:40:57,583 [Datanode State Machine Thread - 0] INFO  ozoneimpl.OzoneContainer (OzoneContainer.java:startContainerScrub(177)) - Background container scanner has been disabled.
2019-10-16 05:40:57,583 [Datanode State Machine Thread - 0] INFO  ratis.XceiverServerRatis (XceiverServerRatis.java:start(418)) - Starting XceiverServerRatis 9dd632ad-42c7-48e6-93db-e31edb4e1823 at port 0
2019-10-16 05:40:57,593 [Datanode State Machine Thread - 0] INFO  impl.RaftServerProxy (RaftServerProxy.java:lambda$start$3(299)) - 9dd632ad-42c7-48e6-93db-e31edb4e1823: start RPC server
2019-10-16 05:40:57,672 [Datanode State Machine Thread - 0] INFO  ozoneimpl.OzoneContainer (OzoneContainer.java:start(213)) - Attempting to start container services.
2019-10-16 05:40:57,677 [Datanode State Machine Thread - 0] INFO  ozoneimpl.OzoneContainer (OzoneContainer.java:startContainerScrub(177)) - Background container scanner has been disabled.
2019-10-16 05:40:57,677 [Datanode State Machine Thread - 0] INFO  ratis.XceiverServerRatis (XceiverServerRatis.java:start(418)) - Starting XceiverServerRatis 8fe94103-1ee8-4728-abac-39da8dc74e05 at port 0
2019-10-16 05:40:57,692 [Datanode State Machine Thread - 0] INFO  impl.RaftServerProxy (RaftServerProxy.java:lambda$start$3(299)) - 8fe94103-1ee8-4728-abac-39da8dc74e05: start RPC server
2019-10-16 05:40:57,698 [Datanode State Machine Thread - 0] INFO  server.GrpcService (GrpcService.java:startImpl(158)) - 8fe94103-1ee8-4728-abac-39da8dc74e05: GrpcService started, listening on 0.0.0.0/0.0.0.0:44899
2019-10-16 05:40:57,698 [Datanode State Machine Thread - 0] INFO  server.GrpcService (GrpcService.java:startImpl(158)) - 9dd632ad-42c7-48e6-93db-e31edb4e1823: GrpcService started, listening on 0.0.0.0/0.0.0.0:34049
2019-10-16 05:40:57,698 [Datanode State Machine Thread - 0] INFO  server.GrpcService (GrpcService.java:startImpl(158)) - f1a365c1-fe59-4a48-93c2-eb51ec4ae0f7: GrpcService started, listening on 0.0.0.0/0.0.0.0:43934
2019-10-16 05:40:57,698 [Datanode State Machine Thread - 0] INFO  server.GrpcService (GrpcService.java:startImpl(158)) - a92c0124-0b6b-4eab-8828-4a4218b90be6: GrpcService started, listening on 0.0.0.0/0.0.0.0:41501
2019-10-16 05:40:57,699 [Datanode State Machine Thread - 0] INFO  ratis.XceiverServerRatis (XceiverServerRatis.java:start(428)) - XceiverServerRatis f1a365c1-fe59-4a48-93c2-eb51ec4ae0f7 is started using port 43934
2019-10-16 05:40:57,699 [Datanode State Machine Thread - 0] INFO  ratis.XceiverServerRatis (XceiverServerRatis.java:start(428)) - XceiverServerRatis 9dd632ad-42c7-48e6-93db-e31edb4e1823 is started using port 34049
2019-10-16 05:40:57,699 [Datanode State Machine Thread - 0] INFO  ratis.XceiverServerRatis (XceiverServerRatis.java:start(428)) - XceiverServerRatis 8fe94103-1ee8-4728-abac-39da8dc74e05 is started using port 44899
2019-10-16 05:40:57,699 [Datanode State Machine Thread - 0] INFO  ratis.XceiverServerRatis (XceiverServerRatis.java:start(428)) - XceiverServerRatis a92c0124-0b6b-4eab-8828-4a4218b90be6 is started using port 41501
2019-10-16 05:40:57,708 [Datanode State Machine Thread - 0] INFO  server.XceiverServerGrpc (XceiverServerGrpc.java:start(149)) - XceiverServerGrpc a92c0124-0b6b-4eab-8828-4a4218b90be6 is started using port 42209
2019-10-16 05:40:57,708 [Datanode State Machine Thread - 0] INFO  server.XceiverServerGrpc (XceiverServerGrpc.java:start(149)) - XceiverServerGrpc 8fe94103-1ee8-4728-abac-39da8dc74e05 is started using port 34618
2019-10-16 05:40:57,709 [Datanode State Machine Thread - 0] INFO  server.XceiverServerGrpc (XceiverServerGrpc.java:start(149)) - XceiverServerGrpc 9dd632ad-42c7-48e6-93db-e31edb4e1823 is started using port 34892
2019-10-16 05:40:57,709 [Datanode State Machine Thread - 0] INFO  server.XceiverServerGrpc (XceiverServerGrpc.java:start(149)) - XceiverServerGrpc f1a365c1-fe59-4a48-93c2-eb51ec4ae0f7 is started using port 43279
2019-10-16 05:40:57,766 [Datanode State Machine Thread - 0] INFO  ozoneimpl.OzoneContainer (OzoneContainer.java:start(213)) - Attempting to start container services.
2019-10-16 05:40:57,767 [Datanode State Machine Thread - 0] INFO  ozoneimpl.OzoneContainer (OzoneContainer.java:startContainerScrub(177)) - Background container scanner has been disabled.
2019-10-16 05:40:57,767 [Datanode State Machine Thread - 0] INFO  ratis.XceiverServerRatis (XceiverServerRatis.java:start(418)) - Starting XceiverServerRatis a85e69e5-760c-4b40-a424-fc77673779df at port 0
2019-10-16 05:40:57,775 [Datanode State Machine Thread - 0] INFO  impl.RaftServerProxy (RaftServerProxy.java:lambda$start$3(299)) - a85e69e5-760c-4b40-a424-fc77673779df: start RPC server
2019-10-16 05:40:57,778 [Datanode State Machine Thread - 0] INFO  server.GrpcService (GrpcService.java:startImpl(158)) - a85e69e5-760c-4b40-a424-fc77673779df: GrpcService started, listening on 0.0.0.0/0.0.0.0:37941
2019-10-16 05:40:57,779 [Datanode State Machine Thread - 0] INFO  ratis.XceiverServerRatis (XceiverServerRatis.java:start(428)) - XceiverServerRatis a85e69e5-760c-4b40-a424-fc77673779df is started using port 37941
2019-10-16 05:40:57,781 [Datanode State Machine Thread - 0] INFO  server.XceiverServerGrpc (XceiverServerGrpc.java:start(149)) - XceiverServerGrpc a85e69e5-760c-4b40-a424-fc77673779df is started using port 38506
2019-10-16 05:40:57,845 [Datanode State Machine Thread - 0] INFO  ozoneimpl.OzoneContainer (OzoneContainer.java:start(213)) - Attempting to start container services.
2019-10-16 05:40:57,845 [Datanode State Machine Thread - 0] INFO  ozoneimpl.OzoneContainer (OzoneContainer.java:startContainerScrub(177)) - Background container scanner has been disabled.
2019-10-16 05:40:57,845 [Datanode State Machine Thread - 0] INFO  ratis.XceiverServerRatis (XceiverServerRatis.java:start(418)) - Starting XceiverServerRatis 73edb6ac-4c26-463f-ad6d-00f88e6dbd58 at port 0
2019-10-16 05:40:57,856 [Datanode State Machine Thread - 0] INFO  impl.RaftServerProxy (RaftServerProxy.java:lambda$start$3(299)) - 73edb6ac-4c26-463f-ad6d-00f88e6dbd58: start RPC server
2019-10-16 05:40:57,859 [Datanode State Machine Thread - 0] INFO  server.GrpcService (GrpcService.java:startImpl(158)) - 73edb6ac-4c26-463f-ad6d-00f88e6dbd58: GrpcService started, listening on 0.0.0.0/0.0.0.0:35488
2019-10-16 05:40:57,860 [Datanode State Machine Thread - 0] INFO  ratis.XceiverServerRatis (XceiverServerRatis.java:start(428)) - XceiverServerRatis 73edb6ac-4c26-463f-ad6d-00f88e6dbd58 is started using port 35488
2019-10-16 05:40:57,863 [Datanode State Machine Thread - 0] INFO  server.XceiverServerGrpc (XceiverServerGrpc.java:start(149)) - XceiverServerGrpc 73edb6ac-4c26-463f-ad6d-00f88e6dbd58 is started using port 41456
2019-10-16 05:40:57,941 [Datanode State Machine Thread - 0] INFO  ozoneimpl.OzoneContainer (OzoneContainer.java:start(213)) - Attempting to start container services.
2019-10-16 05:40:57,941 [Datanode State Machine Thread - 0] INFO  ozoneimpl.OzoneContainer (OzoneContainer.java:startContainerScrub(177)) - Background container scanner has been disabled.
2019-10-16 05:40:57,941 [Datanode State Machine Thread - 0] INFO  ratis.XceiverServerRatis (XceiverServerRatis.java:start(418)) - Starting XceiverServerRatis ad5f0ea4-5dae-48da-9087-47ae9aef0548 at port 0
2019-10-16 05:40:57,951 [Datanode State Machine Thread - 0] INFO  impl.RaftServerProxy (RaftServerProxy.java:lambda$start$3(299)) - ad5f0ea4-5dae-48da-9087-47ae9aef0548: start RPC server
2019-10-16 05:40:57,954 [Datanode State Machine Thread - 0] INFO  server.GrpcService (GrpcService.java:startImpl(158)) - ad5f0ea4-5dae-48da-9087-47ae9aef0548: GrpcService started, listening on 0.0.0.0/0.0.0.0:41460
2019-10-16 05:40:57,954 [Datanode State Machine Thread - 0] INFO  ratis.XceiverServerRatis (XceiverServerRatis.java:start(428)) - XceiverServerRatis ad5f0ea4-5dae-48da-9087-47ae9aef0548 is started using port 41460
2019-10-16 05:40:57,958 [Datanode State Machine Thread - 0] INFO  server.XceiverServerGrpc (XceiverServerGrpc.java:start(149)) - XceiverServerGrpc ad5f0ea4-5dae-48da-9087-47ae9aef0548 is started using port 41858
2019-10-16 05:40:58,019 [Datanode State Machine Thread - 0] INFO  ozoneimpl.OzoneContainer (OzoneContainer.java:start(213)) - Attempting to start container services.
2019-10-16 05:40:58,019 [Datanode State Machine Thread - 0] INFO  ozoneimpl.OzoneContainer (OzoneContainer.java:startContainerScrub(177)) - Background container scanner has been disabled.
2019-10-16 05:40:58,019 [Datanode State Machine Thread - 0] INFO  ratis.XceiverServerRatis (XceiverServerRatis.java:start(418)) - Starting XceiverServerRatis 906511fb-aae2-435f-94b3-d46461ade586 at port 0
2019-10-16 05:40:58,031 [Datanode State Machine Thread - 0] INFO  impl.RaftServerProxy (RaftServerProxy.java:lambda$start$3(299)) - 906511fb-aae2-435f-94b3-d46461ade586: start RPC server
2019-10-16 05:40:58,036 [Datanode State Machine Thread - 0] INFO  server.GrpcService (GrpcService.java:startImpl(158)) - 906511fb-aae2-435f-94b3-d46461ade586: GrpcService started, listening on 0.0.0.0/0.0.0.0:32980
2019-10-16 05:40:58,036 [Datanode State Machine Thread - 0] INFO  ratis.XceiverServerRatis (XceiverServerRatis.java:start(428)) - XceiverServerRatis 906511fb-aae2-435f-94b3-d46461ade586 is started using port 32980
2019-10-16 05:40:58,039 [Datanode State Machine Thread - 0] INFO  server.XceiverServerGrpc (XceiverServerGrpc.java:start(149)) - XceiverServerGrpc 906511fb-aae2-435f-94b3-d46461ade586 is started using port 39896
2019-10-16 05:40:58,120 [Datanode State Machine Thread - 0] INFO  ozoneimpl.OzoneContainer (OzoneContainer.java:start(213)) - Attempting to start container services.
2019-10-16 05:40:58,120 [Datanode State Machine Thread - 0] INFO  ozoneimpl.OzoneContainer (OzoneContainer.java:startContainerScrub(177)) - Background container scanner has been disabled.
2019-10-16 05:40:58,120 [Datanode State Machine Thread - 0] INFO  ratis.XceiverServerRatis (XceiverServerRatis.java:start(418)) - Starting XceiverServerRatis 8d41a728-337d-4af0-9cf5-a84877563a0d at port 0
2019-10-16 05:40:58,129 [Datanode State Machine Thread - 0] INFO  impl.RaftServerProxy (RaftServerProxy.java:lambda$start$3(299)) - 8d41a728-337d-4af0-9cf5-a84877563a0d: start RPC server
2019-10-16 05:40:58,133 [Datanode State Machine Thread - 0] INFO  server.GrpcService (GrpcService.java:startImpl(158)) - 8d41a728-337d-4af0-9cf5-a84877563a0d: GrpcService started, listening on 0.0.0.0/0.0.0.0:41721
2019-10-16 05:40:58,133 [Datanode State Machine Thread - 0] INFO  ratis.XceiverServerRatis (XceiverServerRatis.java:start(428)) - XceiverServerRatis 8d41a728-337d-4af0-9cf5-a84877563a0d is started using port 41721
2019-10-16 05:40:58,138 [Datanode State Machine Thread - 0] INFO  server.XceiverServerGrpc (XceiverServerGrpc.java:start(149)) - XceiverServerGrpc 8d41a728-337d-4af0-9cf5-a84877563a0d is started using port 45835
2019-10-16 05:40:58,187 [main] INFO  ozone.MiniOzoneClusterImpl (MiniOzoneClusterImpl.java:lambda$waitForClusterToBeReady$0(147)) - Waiting for cluster to be ready. Got 0 of 10 DN Heartbeats.
2019-10-16 05:40:58,204 [Datanode State Machine Thread - 0] INFO  ozoneimpl.OzoneContainer (OzoneContainer.java:start(213)) - Attempting to start container services.
2019-10-16 05:40:58,205 [Datanode State Machine Thread - 0] INFO  ozoneimpl.OzoneContainer (OzoneContainer.java:startContainerScrub(177)) - Background container scanner has been disabled.
2019-10-16 05:40:58,205 [Datanode State Machine Thread - 0] INFO  ratis.XceiverServerRatis (XceiverServerRatis.java:start(418)) - Starting XceiverServerRatis 163c5688-ede5-44ab-b3bd-c5a10f730980 at port 0
2019-10-16 05:40:58,214 [Datanode State Machine Thread - 0] INFO  impl.RaftServerProxy (RaftServerProxy.java:lambda$start$3(299)) - 163c5688-ede5-44ab-b3bd-c5a10f730980: start RPC server
2019-10-16 05:40:58,227 [Datanode State Machine Thread - 0] INFO  server.GrpcService (GrpcService.java:startImpl(158)) - 163c5688-ede5-44ab-b3bd-c5a10f730980: GrpcService started, listening on 0.0.0.0/0.0.0.0:45225
2019-10-16 05:40:58,227 [Datanode State Machine Thread - 0] INFO  ratis.XceiverServerRatis (XceiverServerRatis.java:start(428)) - XceiverServerRatis 163c5688-ede5-44ab-b3bd-c5a10f730980 is started using port 45225
2019-10-16 05:40:58,253 [Datanode State Machine Thread - 0] INFO  server.XceiverServerGrpc (XceiverServerGrpc.java:start(149)) - XceiverServerGrpc 163c5688-ede5-44ab-b3bd-c5a10f730980 is started using port 44923
2019-10-16 05:40:59,187 [main] INFO  ozone.MiniOzoneClusterImpl (MiniOzoneClusterImpl.java:lambda$waitForClusterToBeReady$0(147)) - Waiting for cluster to be ready. Got 0 of 10 DN Heartbeats.
2019-10-16 05:40:59,438 [IPC Server handler 3 on 41792] INFO  net.NetworkTopology (NetworkTopologyImpl.java:add(111)) - Added a new node: /default-rack/f1a365c1-fe59-4a48-93c2-eb51ec4ae0f7
2019-10-16 05:40:59,438 [IPC Server handler 3 on 41792] INFO  node.SCMNodeManager (SCMNodeManager.java:register(268)) - Registered Data node : f1a365c1-fe59-4a48-93c2-eb51ec4ae0f7{ip: 192.168.69.104, host: pr-hdds-2312-q6qzp-1535798719, networkLocation: /default-rack, certSerialId: null}
2019-10-16 05:40:59,443 [EventQueue-NodeRegistrationContainerReportForDataNodeSafeModeRule] INFO  safemode.SCMSafeModeManager (DataNodeSafeModeRule.java:process(71)) - SCM in safe mode. 1 DataNodes registered, 1 required.
2019-10-16 05:40:59,444 [EventQueue-NodeRegistrationContainerReportForDataNodeSafeModeRule] INFO  safemode.SCMSafeModeManager (SCMSafeModeManager.java:validateSafeModeExitRules(177)) - ScmSafeModeManager, all rules are successfully validated
2019-10-16 05:40:59,444 [EventQueue-NodeRegistrationContainerReportForDataNodeSafeModeRule] INFO  safemode.SCMSafeModeManager (SCMSafeModeManager.java:exitSafeMode(193)) - SCM exiting safe mode.
2019-10-16 05:40:59,482 [IPC Server handler 5 on 41792] INFO  net.NetworkTopology (NetworkTopologyImpl.java:add(111)) - Added a new node: /default-rack/a92c0124-0b6b-4eab-8828-4a4218b90be6
2019-10-16 05:40:59,484 [IPC Server handler 5 on 41792] INFO  node.SCMNodeManager (SCMNodeManager.java:register(268)) - Registered Data node : a92c0124-0b6b-4eab-8828-4a4218b90be6{ip: 192.168.69.104, host: pr-hdds-2312-q6qzp-1535798719, networkLocation: /default-rack, certSerialId: null}
2019-10-16 05:40:59,567 [IPC Server handler 6 on 41792] INFO  net.NetworkTopology (NetworkTopologyImpl.java:add(111)) - Added a new node: /default-rack/9dd632ad-42c7-48e6-93db-e31edb4e1823
2019-10-16 05:40:59,567 [IPC Server handler 6 on 41792] INFO  node.SCMNodeManager (SCMNodeManager.java:register(268)) - Registered Data node : 9dd632ad-42c7-48e6-93db-e31edb4e1823{ip: 192.168.69.104, host: pr-hdds-2312-q6qzp-1535798719, networkLocation: /default-rack, certSerialId: null}
2019-10-16 05:40:59,658 [IPC Server handler 7 on 41792] INFO  net.NetworkTopology (NetworkTopologyImpl.java:add(111)) - Added a new node: /default-rack/8fe94103-1ee8-4728-abac-39da8dc74e05
2019-10-16 05:40:59,658 [IPC Server handler 7 on 41792] INFO  node.SCMNodeManager (SCMNodeManager.java:register(268)) - Registered Data node : 8fe94103-1ee8-4728-abac-39da8dc74e05{ip: 192.168.69.104, host: pr-hdds-2312-q6qzp-1535798719, networkLocation: /default-rack, certSerialId: null}
2019-10-16 05:40:59,758 [IPC Server handler 9 on 41792] INFO  net.NetworkTopology (NetworkTopologyImpl.java:add(111)) - Added a new node: /default-rack/a85e69e5-760c-4b40-a424-fc77673779df
2019-10-16 05:40:59,758 [IPC Server handler 9 on 41792] INFO  node.SCMNodeManager (SCMNodeManager.java:register(268)) - Registered Data node : a85e69e5-760c-4b40-a424-fc77673779df{ip: 192.168.69.104, host: pr-hdds-2312-q6qzp-1535798719, networkLocation: /default-rack, certSerialId: null}
2019-10-16 05:40:59,858 [IPC Server handler 8 on 41792] INFO  net.NetworkTopology (NetworkTopologyImpl.java:add(111)) - Added a new node: /default-rack/73edb6ac-4c26-463f-ad6d-00f88e6dbd58
2019-10-16 05:40:59,858 [IPC Server handler 8 on 41792] INFO  node.SCMNodeManager (SCMNodeManager.java:register(268)) - Registered Data node : 73edb6ac-4c26-463f-ad6d-00f88e6dbd58{ip: 192.168.69.104, host: pr-hdds-2312-q6qzp-1535798719, networkLocation: /default-rack, certSerialId: null}
2019-10-16 05:40:59,928 [IPC Server handler 0 on 41792] INFO  net.NetworkTopology (NetworkTopologyImpl.java:add(111)) - Added a new node: /default-rack/ad5f0ea4-5dae-48da-9087-47ae9aef0548
2019-10-16 05:40:59,928 [IPC Server handler 0 on 41792] INFO  node.SCMNodeManager (SCMNodeManager.java:register(268)) - Registered Data node : ad5f0ea4-5dae-48da-9087-47ae9aef0548{ip: 192.168.69.104, host: pr-hdds-2312-q6qzp-1535798719, networkLocation: /default-rack, certSerialId: null}
2019-10-16 05:41:00,006 [IPC Server handler 1 on 41792] INFO  net.NetworkTopology (NetworkTopologyImpl.java:add(111)) - Added a new node: /default-rack/906511fb-aae2-435f-94b3-d46461ade586
2019-10-16 05:41:00,006 [IPC Server handler 1 on 41792] INFO  node.SCMNodeManager (SCMNodeManager.java:register(268)) - Registered Data node : 906511fb-aae2-435f-94b3-d46461ade586{ip: 192.168.69.104, host: pr-hdds-2312-q6qzp-1535798719, networkLocation: /default-rack, certSerialId: null}
2019-10-16 05:41:00,036 [grpc-default-executor-0] INFO  impl.RaftServerProxy (RaftServerProxy.java:addNew(89)) - f1a365c1-fe59-4a48-93c2-eb51ec4ae0f7: addNew group-8D1D59212C87:[f1a365c1-fe59-4a48-93c2-eb51ec4ae0f7:192.168.69.104:43934] returns group-8D1D59212C87:java.util.concurrent.CompletableFuture@455dd093[Not completed]
2019-10-16 05:41:00,057 [pool-27-thread-1] INFO  impl.RaftServerImpl (RaftServerImpl.java:<init>(104)) - f1a365c1-fe59-4a48-93c2-eb51ec4ae0f7: new RaftServerImpl for group-8D1D59212C87:[f1a365c1-fe59-4a48-93c2-eb51ec4ae0f7:192.168.69.104:43934] with ContainerStateMachine:uninitialized
2019-10-16 05:41:00,059 [pool-27-thread-1] INFO  server.RaftServerConfigKeys (ConfUtils.java:logGet(43)) - raft.server.rpc.timeout.min = 1s (custom)
2019-10-16 05:41:00,060 [pool-27-thread-1] INFO  server.RaftServerConfigKeys (ConfUtils.java:logGet(43)) - raft.server.rpc.timeout.max = 1200ms (custom)
2019-10-16 05:41:00,061 [pool-27-thread-1] INFO  server.RaftServerConfigKeys (ConfUtils.java:logGet(43)) - raft.server.rpcslowness.timeout = 120s (custom)
2019-10-16 05:41:00,061 [pool-27-thread-1] INFO  server.RaftServerConfigKeys (ConfUtils.java:logGet(43)) - raft.server.sleep.deviation.threshold = 300 (default)
2019-10-16 05:41:00,062 [pool-27-thread-1] INFO  server.RaftServerConfigKeys (ConfUtils.java:logGet(43)) - raft.server.log.appender.install.snapshot.enabled = false (custom)
2019-10-16 05:41:00,072 [pool-27-thread-1] INFO  impl.RaftServerImpl (ServerState.java:<init>(103)) - f1a365c1-fe59-4a48-93c2-eb51ec4ae0f7@group-8D1D59212C87: ConfigurationManager, init=-1: [f1a365c1-fe59-4a48-93c2-eb51ec4ae0f7:192.168.69.104:43934], old=null, confs=<EMPTY_MAP>
2019-10-16 05:41:00,073 [pool-27-thread-1] INFO  server.RaftServerConfigKeys (ConfUtils.java:logGet(43)) - raft.server.storage.dir = [/workdir/hadoop-ozone/integration-test/target/test-dir/MiniOzoneClusterImpl-2ede335a-ebf0-4a23-bcb3-98605d830964/datanode-0/data/ratis] (custom)
2019-10-16 05:41:00,081 [pool-27-thread-1] INFO  server.RaftServerConfigKeys (ConfUtils.java:logGet(43)) - raft.server.log.corruption.policy = EXCEPTION (default)
2019-10-16 05:41:00,083 [pool-27-thread-1] INFO  storage.RaftStorageDirectory (RaftStorageDirectory.java:analyzeStorage(246)) - The storage directory /workdir/hadoop-ozone/integration-test/target/test-dir/MiniOzoneClusterImpl-2ede335a-ebf0-4a23-bcb3-98605d830964/datanode-0/data/ratis/1945406c-d79b-4bb5-86a6-8d1d59212c87 does not exist. Creating ...
2019-10-16 05:41:00,101 [pool-27-thread-1] INFO  storage.RaftStorageDirectory (RaftStorageDirectory.java:tryLock(328)) - Lock on /workdir/hadoop-ozone/integration-test/target/test-dir/MiniOzoneClusterImpl-2ede335a-ebf0-4a23-bcb3-98605d830964/datanode-0/data/ratis/1945406c-d79b-4bb5-86a6-8d1d59212c87/in_use.lock acquired by nodename 13104@pr-hdds-2312-q6qzp-1535798719
2019-10-16 05:41:00,107 [IPC Server handler 4 on 41792] INFO  net.NetworkTopology (NetworkTopologyImpl.java:add(111)) - Added a new node: /default-rack/8d41a728-337d-4af0-9cf5-a84877563a0d
2019-10-16 05:41:00,107 [IPC Server handler 4 on 41792] INFO  node.SCMNodeManager (SCMNodeManager.java:register(268)) - Registered Data node : 8d41a728-337d-4af0-9cf5-a84877563a0d{ip: 192.168.69.104, host: pr-hdds-2312-q6qzp-1535798719, networkLocation: /default-rack, certSerialId: null}
2019-10-16 05:41:00,117 [pool-27-thread-1] INFO  storage.RaftStorage (RaftStorage.java:format(84)) - Storage directory /workdir/hadoop-ozone/integration-test/target/test-dir/MiniOzoneClusterImpl-2ede335a-ebf0-4a23-bcb3-98605d830964/datanode-0/data/ratis/1945406c-d79b-4bb5-86a6-8d1d59212c87 has been successfully formatted.
2019-10-16 05:41:00,119 [pool-27-thread-1] INFO  ratis.ContainerStateMachine (ContainerStateMachine.java:loadSnapshot(231)) - group-8D1D59212C87: The snapshot info is null. Setting the last applied indexto:(t:0, i:~)
2019-10-16 05:41:00,119 [pool-27-thread-1] INFO  server.RaftServerConfigKeys (ConfUtils.java:logGet(43)) - raft.server.notification.no-leader.timeout = 120s (custom)
2019-10-16 05:41:00,122 [pool-27-thread-1] INFO  server.RaftServerConfigKeys (ConfUtils.java:logGet(43)) - raft.server.log.use.memory = false (default)
2019-10-16 05:41:00,128 [pool-27-thread-1] INFO  server.RaftServerConfigKeys (ConfUtils.java:logGet(43)) - raft.server.log.purge.gap = 1000000 (custom)
2019-10-16 05:41:00,128 [pool-27-thread-1] INFO  server.RaftServerConfigKeys (ConfUtils.java:logGet(43)) - raft.server.log.appender.buffer.byte-limit = 33554432 (custom)
2019-10-16 05:41:00,131 [pool-27-thread-1] INFO  server.RaftServerConfigKeys (ConfUtils.java:logGet(43)) - raft.server.log.segment.size.max = 1048576 (custom)
2019-10-16 05:41:00,133 [pool-27-thread-1] INFO  impl.MetricsSystemImpl (MetricsSystemImpl.java:init(158)) - ratis metrics system started (again)
2019-10-16 05:41:00,137 [pool-27-thread-1] INFO  metrics.MetricRegistries (MetricRegistriesLoader.java:load(64)) - Loaded MetricRegistries class org.apache.ratis.metrics.impl.MetricRegistriesImpl
2019-10-16 05:41:00,180 [pool-27-thread-1] INFO  server.RaftServerConfigKeys (ConfUtils.java:logGet(43)) - raft.server.log.segment.cache.num.max = 2 (custom)
2019-10-16 05:41:00,188 [pool-27-thread-1] INFO  segmented.SegmentedRaftLogWorker (SegmentedRaftLogWorker.java:<init>(173)) - new f1a365c1-fe59-4a48-93c2-eb51ec4ae0f7@group-8D1D59212C87-SegmentedRaftLogWorker for RaftStorage:Storage Directory /workdir/hadoop-ozone/integration-test/target/test-dir/MiniOzoneClusterImpl-2ede335a-ebf0-4a23-bcb3-98605d830964/datanode-0/data/ratis/1945406c-d79b-4bb5-86a6-8d1d59212c87
2019-10-16 05:41:00,188 [main] INFO  ozone.MiniOzoneClusterImpl (MiniOzoneClusterImpl.java:lambda$waitForClusterToBeReady$0(147)) - Waiting for cluster to be ready. Got 9 of 10 DN Heartbeats.
2019-10-16 05:41:00,204 [pool-27-thread-1] INFO  server.RaftServerConfigKeys (ConfUtils.java:logGet(43)) - raft.server.log.queue.byte-limit = 2147483647 (custom)
2019-10-16 05:41:00,204 [pool-27-thread-1] INFO  server.RaftServerConfigKeys (ConfUtils.java:logGet(43)) - raft.server.log.queue.element-limit = 1024 (custom)
2019-10-16 05:41:00,205 [IPC Server handler 3 on 41792] INFO  net.NetworkTopology (NetworkTopologyImpl.java:add(111)) - Added a new node: /default-rack/163c5688-ede5-44ab-b3bd-c5a10f730980
2019-10-16 05:41:00,205 [IPC Server handler 3 on 41792] INFO  node.SCMNodeManager (SCMNodeManager.java:register(268)) - Registered Data node : 163c5688-ede5-44ab-b3bd-c5a10f730980{ip: 192.168.69.104, host: pr-hdds-2312-q6qzp-1535798719, networkLocation: /default-rack, certSerialId: null}
2019-10-16 05:41:00,207 [pool-27-thread-1] INFO  server.RaftServerConfigKeys (ConfUtils.java:logGet(43)) - raft.server.log.segment.size.max = 1048576 (custom)
2019-10-16 05:41:00,207 [pool-27-thread-1] INFO  server.RaftServerConfigKeys (ConfUtils.java:logGet(43)) - raft.server.log.preallocated.size = 16384 (custom)
2019-10-16 05:41:00,208 [pool-27-thread-1] INFO  server.RaftServerConfigKeys (ConfUtils.java:logGet(43)) - raft.server.log.write.buffer.size = 33554432 (custom)
2019-10-16 05:41:00,209 [pool-27-thread-1] INFO  server.RaftServerConfigKeys (ConfUtils.java:logGet(43)) - raft.server.log.force.sync.num = 128 (default)
2019-10-16 05:41:00,210 [pool-27-thread-1] INFO  server.RaftServerConfigKeys (ConfUtils.java:logGet(43)) - raft.server.log.statemachine.data.sync = true (default)
2019-10-16 05:41:00,210 [pool-27-thread-1] INFO  server.RaftServerConfigKeys (ConfUtils.java:logGet(43)) - raft.server.log.statemachine.data.sync.timeout = 10s (default)
2019-10-16 05:41:00,211 [pool-27-thread-1] INFO  server.RaftServerConfigKeys (ConfUtils.java:logGet(43)) - raft.server.log.statemachine.data.sync.timeout.retry = -1 (default)
2019-10-16 05:41:00,228 [pool-27-thread-1] INFO  server.RaftServerConfigKeys (ConfUtils.java:logGet(43)) - raft.server.log.statemachine.data.caching.enabled = true (custom)
2019-10-16 05:41:00,234 [pool-27-thread-1] INFO  segmented.SegmentedRaftLogWorker (SegmentedRaftLogWorker.java:lambda$new$0(128)) - f1a365c1-fe59-4a48-93c2-eb51ec4ae0f7@group-8D1D59212C87-SegmentedRaftLogWorker: flushIndex: setUnconditionally 0 -> -1
2019-10-16 05:41:00,240 [pool-27-thread-1] INFO  server.RaftServerConfigKeys (ConfUtils.java:logGet(43)) - raft.server.snapshot.auto.trigger.enabled = true (custom)
2019-10-16 05:41:00,241 [pool-27-thread-1] INFO  server.RaftServerConfigKeys (ConfUtils.java:logGet(43)) - raft.server.snapshot.auto.trigger.threshold = 10000 (custom)
2019-10-16 05:41:00,241 [pool-27-thread-1] INFO  server.RaftServerConfigKeys (ConfUtils.java:logGet(43)) - raft.server.snapshot.retention.file.num = 5 (custom)
2019-10-16 05:41:00,242 [pool-27-thread-1] INFO  server.RaftServerConfigKeys (ConfUtils.java:logGet(43)) - raft.server.retrycache.expirytime = 600000ms (custom)
2019-10-16 05:41:00,278 [pool-27-thread-1] INFO  impl.RaftServerImpl (RaftServerImpl.java:start(195)) - f1a365c1-fe59-4a48-93c2-eb51ec4ae0f7@group-8D1D59212C87: start as a follower, conf=-1: [f1a365c1-fe59-4a48-93c2-eb51ec4ae0f7:192.168.69.104:43934], old=null
2019-10-16 05:41:00,279 [pool-27-thread-1] INFO  impl.RaftServerImpl (RaftServerImpl.java:setRole(184)) - f1a365c1-fe59-4a48-93c2-eb51ec4ae0f7@group-8D1D59212C87: changes role from      null to FOLLOWER at term 0 for startAsFollower
2019-10-16 05:41:00,280 [pool-27-thread-1] INFO  impl.RoleInfo (RoleInfo.java:updateAndGet(143)) - f1a365c1-fe59-4a48-93c2-eb51ec4ae0f7: start FollowerState
2019-10-16 05:41:00,282 [pool-27-thread-1] INFO  util.JmxRegister (JmxRegister.java:tryRegister(44)) - Successfully registered JMX Bean with object name Ratis:service=RaftServer,group=group-8D1D59212C87,id=f1a365c1-fe59-4a48-93c2-eb51ec4ae0f7
2019-10-16 05:41:00,347 [Thread-285] INFO  impl.FollowerState (FollowerState.java:run(108)) - f1a365c1-fe59-4a48-93c2-eb51ec4ae0f7@group-8D1D59212C87-FollowerState: change to CANDIDATE, lastRpcTime:67ms, electionTimeout:66ms
2019-10-16 05:41:00,352 [Thread-285] INFO  impl.RoleInfo (RoleInfo.java:shutdownFollowerState(121)) - f1a365c1-fe59-4a48-93c2-eb51ec4ae0f7: shutdown FollowerState
2019-10-16 05:41:00,354 [Thread-285] INFO  impl.RaftServerImpl (RaftServerImpl.java:setRole(184)) - f1a365c1-fe59-4a48-93c2-eb51ec4ae0f7@group-8D1D59212C87: changes role from  FOLLOWER to CANDIDATE at term 0 for changeToCandidate
2019-10-16 05:41:00,364 [Thread-285] INFO  impl.RoleInfo (RoleInfo.java:updateAndGet(143)) - f1a365c1-fe59-4a48-93c2-eb51ec4ae0f7: start LeaderElection
2019-10-16 05:41:00,375 [RatisPipelineUtilsThread] INFO  pipeline.PipelineStateManager (PipelineStateManager.java:addPipeline(56)) - Created pipeline Pipeline[ Id: 1945406c-d79b-4bb5-86a6-8d1d59212c87, Nodes: f1a365c1-fe59-4a48-93c2-eb51ec4ae0f7{ip: 192.168.69.104, host: pr-hdds-2312-q6qzp-1535798719, networkLocation: /default-rack, certSerialId: null}, Type:RATIS, Factor:ONE, State:OPEN]
2019-10-16 05:41:00,394 [f1a365c1-fe59-4a48-93c2-eb51ec4ae0f7@group-8D1D59212C87-LeaderElection1] INFO  impl.LeaderElection (LeaderElection.java:askForVotes(178)) - f1a365c1-fe59-4a48-93c2-eb51ec4ae0f7@group-8D1D59212C87-LeaderElection1: begin an election at term 1 for -1: [f1a365c1-fe59-4a48-93c2-eb51ec4ae0f7:192.168.69.104:43934], old=null
2019-10-16 05:41:00,400 [f1a365c1-fe59-4a48-93c2-eb51ec4ae0f7@group-8D1D59212C87-LeaderElection1] INFO  impl.RoleInfo (RoleInfo.java:shutdownLeaderElection(134)) - f1a365c1-fe59-4a48-93c2-eb51ec4ae0f7: shutdown LeaderElection
2019-10-16 05:41:00,402 [f1a365c1-fe59-4a48-93c2-eb51ec4ae0f7@group-8D1D59212C87-LeaderElection1] INFO  impl.RaftServerImpl (RaftServerImpl.java:setRole(184)) - f1a365c1-fe59-4a48-93c2-eb51ec4ae0f7@group-8D1D59212C87: changes role from CANDIDATE to LEADER at term 1 for changeToLeader
2019-10-16 05:41:00,402 [grpc-default-executor-0] INFO  impl.RaftServerProxy (RaftServerProxy.java:addNew(89)) - ad5f0ea4-5dae-48da-9087-47ae9aef0548: addNew group-52334D2A50B0:[ad5f0ea4-5dae-48da-9087-47ae9aef0548:192.168.69.104:41460] returns group-52334D2A50B0:java.util.concurrent.CompletableFuture@48363fdd[Not completed]
2019-10-16 05:41:00,403 [f1a365c1-fe59-4a48-93c2-eb51ec4ae0f7@group-8D1D59212C87-LeaderElection1] INFO  impl.RaftServerImpl (ServerState.java:setLeader(256)) - f1a365c1-fe59-4a48-93c2-eb51ec4ae0f7@group-8D1D59212C87: change Leader from null to f1a365c1-fe59-4a48-93c2-eb51ec4ae0f7 at term 1 for becomeLeader, leader elected after 283ms
2019-10-16 05:41:00,456 [f1a365c1-fe59-4a48-93c2-eb51ec4ae0f7@group-8D1D59212C87-LeaderElection1] INFO  server.RaftServerConfigKeys (ConfUtils.java:logGet(43)) - raft.server.staging.catchup.gap = 1000 (default)
2019-10-16 05:41:00,459 [pool-87-thread-1] INFO  impl.RaftServerImpl (RaftServerImpl.java:<init>(104)) - ad5f0ea4-5dae-48da-9087-47ae9aef0548: new RaftServerImpl for group-52334D2A50B0:[ad5f0ea4-5dae-48da-9087-47ae9aef0548:192.168.69.104:41460] with ContainerStateMachine:uninitialized
2019-10-16 05:41:00,459 [f1a365c1-fe59-4a48-93c2-eb51ec4ae0f7@group-8D1D59212C87-LeaderElection1] INFO  server.RaftServerConfigKeys (ConfUtils.java:logGet(43)) - raft.server.rpc.sleep.time = 25ms (default)
2019-10-16 05:41:00,459 [pool-87-thread-1] INFO  server.RaftServerConfigKeys (ConfUtils.java:logGet(43)) - raft.server.rpc.timeout.min = 1s (custom)
2019-10-16 05:41:00,459 [pool-87-thread-1] INFO  server.RaftServerConfigKeys (ConfUtils.java:logGet(43)) - raft.server.rpc.timeout.max = 1200ms (custom)
2019-10-16 05:41:00,460 [pool-87-thread-1] INFO  server.RaftServerConfigKeys (ConfUtils.java:logGet(43)) - raft.server.rpcslowness.timeout = 120s (custom)
2019-10-16 05:41:00,460 [pool-87-thread-1] INFO  server.RaftServerConfigKeys (ConfUtils.java:logGet(43)) - raft.server.sleep.deviation.threshold = 300 (default)
2019-10-16 05:41:00,460 [pool-87-thread-1] INFO  server.RaftServerConfigKeys (ConfUtils.java:logGet(43)) - raft.server.log.appender.install.snapshot.enabled = false (custom)
2019-10-16 05:41:00,460 [pool-87-thread-1] INFO  impl.RaftServerImpl (ServerState.java:<init>(103)) - ad5f0ea4-5dae-48da-9087-47ae9aef0548@group-52334D2A50B0: ConfigurationManager, init=-1: [ad5f0ea4-5dae-48da-9087-47ae9aef0548:192.168.69.104:41460], old=null, confs=<EMPTY_MAP>
2019-10-16 05:41:00,460 [pool-87-thread-1] INFO  server.RaftServerConfigKeys (ConfUtils.java:logGet(43)) - raft.server.storage.dir = [/workdir/hadoop-ozone/integration-test/target/test-dir/MiniOzoneClusterImpl-2ede335a-ebf0-4a23-bcb3-98605d830964/datanode-6/data/ratis] (custom)
2019-10-16 05:41:00,461 [pool-87-thread-1] INFO  server.RaftServerConfigKeys (ConfUtils.java:logGet(43)) - raft.server.log.corruption.policy = EXCEPTION (default)
2019-10-16 05:41:00,461 [pool-87-thread-1] INFO  storage.RaftStorageDirectory (RaftStorageDirectory.java:analyzeStorage(246)) - The storage directory /workdir/hadoop-ozone/integration-test/target/test-dir/MiniOzoneClusterImpl-2ede335a-ebf0-4a23-bcb3-98605d830964/datanode-6/data/ratis/1190cd66-2ef2-44b4-90f9-52334d2a50b0 does not exist. Creating ...
2019-10-16 05:41:00,466 [f1a365c1-fe59-4a48-93c2-eb51ec4ae0f7@group-8D1D59212C87-LeaderElection1] INFO  server.RaftServerConfigKeys (ConfUtils.java:logGet(43)) - raft.server.write.element-limit = 4096 (default)
2019-10-16 05:41:00,469 [f1a365c1-fe59-4a48-93c2-eb51ec4ae0f7@group-8D1D59212C87-LeaderElection1] INFO  server.RaftServerConfigKeys (ConfUtils.java:logGet(43)) - raft.server.watch.timeout = 10s (default)
2019-10-16 05:41:00,469 [f1a365c1-fe59-4a48-93c2-eb51ec4ae0f7@group-8D1D59212C87-LeaderElection1] INFO  server.RaftServerConfigKeys (ConfUtils.java:logGet(43)) - raft.server.watch.timeout.denomination = 1s (default)
2019-10-16 05:41:00,470 [f1a365c1-fe59-4a48-93c2-eb51ec4ae0f7@group-8D1D59212C87-LeaderElection1] INFO  server.RaftServerConfigKeys (ConfUtils.java:logGet(43)) - raft.server.watch.element-limit = 65536 (default)
2019-10-16 05:41:00,476 [pool-87-thread-1] INFO  storage.RaftStorageDirectory (RaftStorageDirectory.java:tryLock(328)) - Lock on /workdir/hadoop-ozone/integration-test/target/test-dir/MiniOzoneClusterImpl-2ede335a-ebf0-4a23-bcb3-98605d830964/datanode-6/data/ratis/1190cd66-2ef2-44b4-90f9-52334d2a50b0/in_use.lock acquired by nodename 13104@pr-hdds-2312-q6qzp-1535798719
2019-10-16 05:41:00,486 [f1a365c1-fe59-4a48-93c2-eb51ec4ae0f7@group-8D1D59212C87-LeaderElection1] INFO  impl.RoleInfo (RoleInfo.java:updateAndGet(143)) - f1a365c1-fe59-4a48-93c2-eb51ec4ae0f7: start LeaderState
2019-10-16 05:41:00,501 [pool-87-thread-1] INFO  storage.RaftStorage (RaftStorage.java:format(84)) - Storage directory /workdir/hadoop-ozone/integration-test/target/test-dir/MiniOzoneClusterImpl-2ede335a-ebf0-4a23-bcb3-98605d830964/datanode-6/data/ratis/1190cd66-2ef2-44b4-90f9-52334d2a50b0 has been successfully formatted.
2019-10-16 05:41:00,503 [pool-87-thread-1] INFO  ratis.ContainerStateMachine (ContainerStateMachine.java:loadSnapshot(231)) - group-52334D2A50B0: The snapshot info is null. Setting the last applied indexto:(t:0, i:~)
2019-10-16 05:41:00,508 [pool-87-thread-1] INFO  server.RaftServerConfigKeys (ConfUtils.java:logGet(43)) - raft.server.notification.no-leader.timeout = 120s (custom)
2019-10-16 05:41:00,509 [pool-87-thread-1] INFO  server.RaftServerConfigKeys (ConfUtils.java:logGet(43)) - raft.server.log.use.memory = false (default)
2019-10-16 05:41:00,509 [pool-87-thread-1] INFO  server.RaftServerConfigKeys (ConfUtils.java:logGet(43)) - raft.server.log.purge.gap = 1000000 (custom)
2019-10-16 05:41:00,509 [pool-87-thread-1] INFO  server.RaftServerConfigKeys (ConfUtils.java:logGet(43)) - raft.server.log.appender.buffer.byte-limit = 33554432 (custom)
2019-10-16 05:41:00,509 [pool-87-thread-1] INFO  server.RaftServerConfigKeys (ConfUtils.java:logGet(43)) - raft.server.log.segment.size.max = 1048576 (custom)
2019-10-16 05:41:00,544 [f1a365c1-fe59-4a48-93c2-eb51ec4ae0f7@group-8D1D59212C87-LeaderElection1] INFO  segmented.SegmentedRaftLogWorker (SegmentedRaftLogWorker.java:startLogSegment(385)) - f1a365c1-fe59-4a48-93c2-eb51ec4ae0f7@group-8D1D59212C87-SegmentedRaftLogWorker: Starting segment from index:0
2019-10-16 05:41:00,578 [pool-87-thread-1] INFO  server.RaftServerConfigKeys (ConfUtils.java:logGet(43)) - raft.server.log.segment.cache.num.max = 2 (custom)
2019-10-16 05:41:00,579 [pool-87-thread-1] INFO  segmented.SegmentedRaftLogWorker (SegmentedRaftLogWorker.java:<init>(173)) - new ad5f0ea4-5dae-48da-9087-47ae9aef0548@group-52334D2A50B0-SegmentedRaftLogWorker for RaftStorage:Storage Directory /workdir/hadoop-ozone/integration-test/target/test-dir/MiniOzoneClusterImpl-2ede335a-ebf0-4a23-bcb3-98605d830964/datanode-6/data/ratis/1190cd66-2ef2-44b4-90f9-52334d2a50b0
2019-10-16 05:41:00,579 [pool-87-thread-1] INFO  server.RaftServerConfigKeys (ConfUtils.java:logGet(43)) - raft.server.log.queue.byte-limit = 2147483647 (custom)
2019-10-16 05:41:00,579 [pool-87-thread-1] INFO  server.RaftServerConfigKeys (ConfUtils.java:logGet(43)) - raft.server.log.queue.element-limit = 1024 (custom)
2019-10-16 05:41:00,579 [pool-87-thread-1] INFO  server.RaftServerConfigKeys (ConfUtils.java:logGet(43)) - raft.server.log.segment.size.max = 1048576 (custom)
2019-10-16 05:41:00,579 [pool-87-thread-1] INFO  server.RaftServerConfigKeys (ConfUtils.java:logGet(43)) - raft.server.log.preallocated.size = 16384 (custom)
2019-10-16 05:41:00,580 [pool-87-thread-1] INFO  server.RaftServerConfigKeys (ConfUtils.java:logGet(43)) - raft.server.log.write.buffer.size = 33554432 (custom)
2019-10-16 05:41:00,580 [pool-87-thread-1] INFO  server.RaftServerConfigKeys (ConfUtils.java:logGet(43)) - raft.server.log.force.sync.num = 128 (default)
2019-10-16 05:41:00,580 [pool-87-thread-1] INFO  server.RaftServerConfigKeys (ConfUtils.java:logGet(43)) - raft.server.log.statemachine.data.sync = true (default)
2019-10-16 05:41:00,580 [pool-87-thread-1] INFO  server.RaftServerConfigKeys (ConfUtils.java:logGet(43)) - raft.server.log.statemachine.data.sync.timeout = 10s (default)
2019-10-16 05:41:00,580 [pool-87-thread-1] INFO  server.RaftServerConfigKeys (ConfUtils.java:logGet(43)) - raft.server.log.statemachine.data.sync.timeout.retry = -1 (default)
2019-10-16 05:41:00,581 [pool-87-thread-1] INFO  server.RaftServerConfigKeys (ConfUtils.java:logGet(43)) - raft.server.log.statemachine.data.caching.enabled = true (custom)
2019-10-16 05:41:00,582 [pool-87-thread-1] INFO  segmented.SegmentedRaftLogWorker (SegmentedRaftLogWorker.java:lambda$new$0(128)) - ad5f0ea4-5dae-48da-9087-47ae9aef0548@group-52334D2A50B0-SegmentedRaftLogWorker: flushIndex: setUnconditionally 0 -> -1
2019-10-16 05:41:00,582 [pool-87-thread-1] INFO  server.RaftServerConfigKeys (ConfUtils.java:logGet(43)) - raft.server.snapshot.auto.trigger.enabled = true (custom)
2019-10-16 05:41:00,583 [pool-87-thread-1] INFO  server.RaftServerConfigKeys (ConfUtils.java:logGet(43)) - raft.server.snapshot.auto.trigger.threshold = 10000 (custom)
2019-10-16 05:41:00,583 [pool-87-thread-1] INFO  server.RaftServerConfigKeys (ConfUtils.java:logGet(43)) - raft.server.snapshot.retention.file.num = 5 (custom)
2019-10-16 05:41:00,583 [pool-87-thread-1] INFO  server.RaftServerConfigKeys (ConfUtils.java:logGet(43)) - raft.server.retrycache.expirytime = 600000ms (custom)
2019-10-16 05:41:00,585 [f1a365c1-fe59-4a48-93c2-eb51ec4ae0f7@group-8D1D59212C87-LeaderElection1] INFO  impl.RaftServerImpl (ServerState.java:setRaftConf(357)) - f1a365c1-fe59-4a48-93c2-eb51ec4ae0f7@group-8D1D59212C87: set configuration 0: [f1a365c1-fe59-4a48-93c2-eb51ec4ae0f7:192.168.69.104:43934], old=null at 0
2019-10-16 05:41:00,595 [pool-87-thread-1] INFO  impl.RaftServerImpl (RaftServerImpl.java:start(195)) - ad5f0ea4-5dae-48da-9087-47ae9aef0548@group-52334D2A50B0: start as a follower, conf=-1: [ad5f0ea4-5dae-48da-9087-47ae9aef0548:192.168.69.104:41460], old=null
2019-10-16 05:41:00,596 [pool-87-thread-1] INFO  impl.RaftServerImpl (RaftServerImpl.java:setRole(184)) - ad5f0ea4-5dae-48da-9087-47ae9aef0548@group-52334D2A50B0: changes role from      null to FOLLOWER at term 0 for startAsFollower
2019-10-16 05:41:00,596 [pool-87-thread-1] INFO  impl.RoleInfo (RoleInfo.java:updateAndGet(143)) - ad5f0ea4-5dae-48da-9087-47ae9aef0548: start FollowerState
2019-10-16 05:41:00,596 [pool-87-thread-1] INFO  util.JmxRegister (JmxRegister.java:tryRegister(44)) - Successfully registered JMX Bean with object name Ratis:service=RaftServer,group=group-52334D2A50B0,id=ad5f0ea4-5dae-48da-9087-47ae9aef0548
2019-10-16 05:41:00,618 [RatisPipelineUtilsThread] INFO  pipeline.PipelineStateManager (PipelineStateManager.java:addPipeline(56)) - Created pipeline Pipeline[ Id: 1190cd66-2ef2-44b4-90f9-52334d2a50b0, Nodes: ad5f0ea4-5dae-48da-9087-47ae9aef0548{ip: 192.168.69.104, host: pr-hdds-2312-q6qzp-1535798719, networkLocation: /default-rack, certSerialId: null}, Type:RATIS, Factor:ONE, State:OPEN]
2019-10-16 05:41:00,619 [Thread-290] INFO  impl.FollowerState (FollowerState.java:run(108)) - ad5f0ea4-5dae-48da-9087-47ae9aef0548@group-52334D2A50B0-FollowerState: change to CANDIDATE, lastRpcTime:23ms, electionTimeout:23ms
2019-10-16 05:41:00,621 [Thread-290] INFO  impl.RoleInfo (RoleInfo.java:shutdownFollowerState(121)) - ad5f0ea4-5dae-48da-9087-47ae9aef0548: shutdown FollowerState
2019-10-16 05:41:00,621 [Thread-290] INFO  impl.RaftServerImpl (RaftServerImpl.java:setRole(184)) - ad5f0ea4-5dae-48da-9087-47ae9aef0548@group-52334D2A50B0: changes role from  FOLLOWER to CANDIDATE at term 0 for changeToCandidate
2019-10-16 05:41:00,621 [Thread-290] INFO  impl.RoleInfo (RoleInfo.java:updateAndGet(143)) - ad5f0ea4-5dae-48da-9087-47ae9aef0548: start LeaderElection
2019-10-16 05:41:00,641 [ad5f0ea4-5dae-48da-9087-47ae9aef0548@group-52334D2A50B0-LeaderElection2] INFO  impl.LeaderElection (LeaderElection.java:askForVotes(178)) - ad5f0ea4-5dae-48da-9087-47ae9aef0548@group-52334D2A50B0-LeaderElection2: begin an election at term 1 for -1: [ad5f0ea4-5dae-48da-9087-47ae9aef0548:192.168.69.104:41460], old=null
2019-10-16 05:41:00,648 [ad5f0ea4-5dae-48da-9087-47ae9aef0548@group-52334D2A50B0-LeaderElection2] INFO  impl.RoleInfo (RoleInfo.java:shutdownLeaderElection(134)) - ad5f0ea4-5dae-48da-9087-47ae9aef0548: shutdown LeaderElection
2019-10-16 05:41:00,649 [ad5f0ea4-5dae-48da-9087-47ae9aef0548@group-52334D2A50B0-LeaderElection2] INFO  impl.RaftServerImpl (RaftServerImpl.java:setRole(184)) - ad5f0ea4-5dae-48da-9087-47ae9aef0548@group-52334D2A50B0: changes role from CANDIDATE to LEADER at term 1 for changeToLeader
2019-10-16 05:41:00,649 [ad5f0ea4-5dae-48da-9087-47ae9aef0548@group-52334D2A50B0-LeaderElection2] INFO  impl.RaftServerImpl (ServerState.java:setLeader(256)) - ad5f0ea4-5dae-48da-9087-47ae9aef0548@group-52334D2A50B0: change Leader from null to ad5f0ea4-5dae-48da-9087-47ae9aef0548 at term 1 for becomeLeader, leader elected after 140ms
2019-10-16 05:41:00,650 [ad5f0ea4-5dae-48da-9087-47ae9aef0548@group-52334D2A50B0-LeaderElection2] INFO  server.RaftServerConfigKeys (ConfUtils.java:logGet(43)) - raft.server.staging.catchup.gap = 1000 (default)
2019-10-16 05:41:00,650 [ad5f0ea4-5dae-48da-9087-47ae9aef0548@group-52334D2A50B0-LeaderElection2] INFO  server.RaftServerConfigKeys (ConfUtils.java:logGet(43)) - raft.server.rpc.sleep.time = 25ms (default)
2019-10-16 05:41:00,652 [ad5f0ea4-5dae-48da-9087-47ae9aef0548@group-52334D2A50B0-LeaderElection2] INFO  server.RaftServerConfigKeys (ConfUtils.java:logGet(43)) - raft.server.write.element-limit = 4096 (default)
2019-10-16 05:41:00,652 [ad5f0ea4-5dae-48da-9087-47ae9aef0548@group-52334D2A50B0-LeaderElection2] INFO  server.RaftServerConfigKeys (ConfUtils.java:logGet(43)) - raft.server.watch.timeout = 10s (default)
2019-10-16 05:41:00,653 [ad5f0ea4-5dae-48da-9087-47ae9aef0548@group-52334D2A50B0-LeaderElection2] INFO  server.RaftServerConfigKeys (ConfUtils.java:logGet(43)) - raft.server.watch.timeout.denomination = 1s (default)
2019-10-16 05:41:00,654 [ad5f0ea4-5dae-48da-9087-47ae9aef0548@group-52334D2A50B0-LeaderElection2] INFO  server.RaftServerConfigKeys (ConfUtils.java:logGet(43)) - raft.server.watch.element-limit = 65536 (default)
2019-10-16 05:41:00,654 [grpc-default-executor-0] INFO  impl.RaftServerProxy (RaftServerProxy.java:addNew(89)) - 9dd632ad-42c7-48e6-93db-e31edb4e1823: addNew group-A0F2C8CC7CB2:[9dd632ad-42c7-48e6-93db-e31edb4e1823:192.168.69.104:34049] returns group-A0F2C8CC7CB2:java.util.concurrent.CompletableFuture@6c747bb8[Not completed]
2019-10-16 05:41:00,742 [pool-47-thread-1] INFO  impl.RaftServerImpl (RaftServerImpl.java:<init>(104)) - 9dd632ad-42c7-48e6-93db-e31edb4e1823: new RaftServerImpl for group-A0F2C8CC7CB2:[9dd632ad-42c7-48e6-93db-e31edb4e1823:192.168.69.104:34049] with ContainerStateMachine:uninitialized
2019-10-16 05:41:00,746 [pool-47-thread-1] INFO  server.RaftServerConfigKeys (ConfUtils.java:logGet(43)) - raft.server.rpc.timeout.min = 1s (custom)
2019-10-16 05:41:00,748 [pool-47-thread-1] INFO  server.RaftServerConfigKeys (ConfUtils.java:logGet(43)) - raft.server.rpc.timeout.max = 1200ms (custom)
2019-10-16 05:41:00,750 [pool-47-thread-1] INFO  server.RaftServerConfigKeys (ConfUtils.java:logGet(43)) - raft.server.rpcslowness.timeout = 120s (custom)
2019-10-16 05:41:00,750 [pool-47-thread-1] INFO  server.RaftServerConfigKeys (ConfUtils.java:logGet(43)) - raft.server.sleep.deviation.threshold = 300 (default)
2019-10-16 05:41:00,750 [pool-47-thread-1] INFO  server.RaftServerConfigKeys (ConfUtils.java:logGet(43)) - raft.server.log.appender.install.snapshot.enabled = false (custom)
2019-10-16 05:41:00,750 [pool-47-thread-1] INFO  impl.RaftServerImpl (ServerState.java:<init>(103)) - 9dd632ad-42c7-48e6-93db-e31edb4e1823@group-A0F2C8CC7CB2: ConfigurationManager, init=-1: [9dd632ad-42c7-48e6-93db-e31edb4e1823:192.168.69.104:34049], old=null, confs=<EMPTY_MAP>
2019-10-16 05:41:00,750 [pool-47-thread-1] INFO  server.RaftServerConfigKeys (ConfUtils.java:logGet(43)) - raft.server.storage.dir = [/workdir/hadoop-ozone/integration-test/target/test-dir/MiniOzoneClusterImpl-2ede335a-ebf0-4a23-bcb3-98605d830964/datanode-2/data/ratis] (custom)
2019-10-16 05:41:00,751 [pool-47-thread-1] INFO  server.RaftServerConfigKeys (ConfUtils.java:logGet(43)) - raft.server.log.corruption.policy = EXCEPTION (default)
2019-10-16 05:41:00,751 [pool-47-thread-1] INFO  storage.RaftStorageDirectory (RaftStorageDirectory.java:analyzeStorage(246)) - The storage directory /workdir/hadoop-ozone/integration-test/target/test-dir/MiniOzoneClusterImpl-2ede335a-ebf0-4a23-bcb3-98605d830964/datanode-2/data/ratis/d0a5eb9a-fc92-41c5-b1f5-a0f2c8cc7cb2 does not exist. Creating ...
2019-10-16 05:41:00,751 [ad5f0ea4-5dae-48da-9087-47ae9aef0548@group-52334D2A50B0-LeaderElection2] INFO  impl.RoleInfo (RoleInfo.java:updateAndGet(143)) - ad5f0ea4-5dae-48da-9087-47ae9aef0548: start LeaderState
2019-10-16 05:41:00,752 [ad5f0ea4-5dae-48da-9087-47ae9aef0548@group-52334D2A50B0-LeaderElection2] INFO  segmented.SegmentedRaftLogWorker (SegmentedRaftLogWorker.java:startLogSegment(385)) - ad5f0ea4-5dae-48da-9087-47ae9aef0548@group-52334D2A50B0-SegmentedRaftLogWorker: Starting segment from index:0
2019-10-16 05:41:00,753 [ad5f0ea4-5dae-48da-9087-47ae9aef0548@group-52334D2A50B0-LeaderElection2] INFO  impl.RaftServerImpl (ServerState.java:setRaftConf(357)) - ad5f0ea4-5dae-48da-9087-47ae9aef0548@group-52334D2A50B0: set configuration 0: [ad5f0ea4-5dae-48da-9087-47ae9aef0548:192.168.69.104:41460], old=null at 0
2019-10-16 05:41:00,777 [pool-47-thread-1] INFO  storage.RaftStorageDirectory (RaftStorageDirectory.java:tryLock(328)) - Lock on /workdir/hadoop-ozone/integration-test/target/test-dir/MiniOzoneClusterImpl-2ede335a-ebf0-4a23-bcb3-98605d830964/datanode-2/data/ratis/d0a5eb9a-fc92-41c5-b1f5-a0f2c8cc7cb2/in_use.lock acquired by nodename 13104@pr-hdds-2312-q6qzp-1535798719
2019-10-16 05:41:00,809 [pool-47-thread-1] INFO  storage.RaftStorage (RaftStorage.java:format(84)) - Storage directory /workdir/hadoop-ozone/integration-test/target/test-dir/MiniOzoneClusterImpl-2ede335a-ebf0-4a23-bcb3-98605d830964/datanode-2/data/ratis/d0a5eb9a-fc92-41c5-b1f5-a0f2c8cc7cb2 has been successfully formatted.
2019-10-16 05:41:00,809 [pool-47-thread-1] INFO  ratis.ContainerStateMachine (ContainerStateMachine.java:loadSnapshot(231)) - group-A0F2C8CC7CB2: The snapshot info is null. Setting the last applied indexto:(t:0, i:~)
2019-10-16 05:41:00,809 [pool-47-thread-1] INFO  server.RaftServerConfigKeys (ConfUtils.java:logGet(43)) - raft.server.notification.no-leader.timeout = 120s (custom)
2019-10-16 05:41:00,810 [pool-47-thread-1] INFO  server.RaftServerConfigKeys (ConfUtils.java:logGet(43)) - raft.server.log.use.memory = false (default)
2019-10-16 05:41:00,810 [pool-47-thread-1] INFO  server.RaftServerConfigKeys (ConfUtils.java:logGet(43)) - raft.server.log.purge.gap = 1000000 (custom)
2019-10-16 05:41:00,810 [pool-47-thread-1] INFO  server.RaftServerConfigKeys (ConfUtils.java:logGet(43)) - raft.server.log.appender.buffer.byte-limit = 33554432 (custom)
2019-10-16 05:41:00,810 [pool-47-thread-1] INFO  server.RaftServerConfigKeys (ConfUtils.java:logGet(43)) - raft.server.log.segment.size.max = 1048576 (custom)
2019-10-16 05:41:00,813 [pool-47-thread-1] INFO  server.RaftServerConfigKeys (ConfUtils.java:logGet(43)) - raft.server.log.segment.cache.num.max = 2 (custom)
2019-10-16 05:41:00,813 [pool-47-thread-1] INFO  segmented.SegmentedRaftLogWorker (SegmentedRaftLogWorker.java:<init>(173)) - new 9dd632ad-42c7-48e6-93db-e31edb4e1823@group-A0F2C8CC7CB2-SegmentedRaftLogWorker for RaftStorage:Storage Directory /workdir/hadoop-ozone/integration-test/target/test-dir/MiniOzoneClusterImpl-2ede335a-ebf0-4a23-bcb3-98605d830964/datanode-2/data/ratis/d0a5eb9a-fc92-41c5-b1f5-a0f2c8cc7cb2
2019-10-16 05:41:00,814 [pool-47-thread-1] INFO  server.RaftServerConfigKeys (ConfUtils.java:logGet(43)) - raft.server.log.queue.byte-limit = 2147483647 (custom)
2019-10-16 05:41:00,814 [pool-47-thread-1] INFO  server.RaftServerConfigKeys (ConfUtils.java:logGet(43)) - raft.server.log.queue.element-limit = 1024 (custom)
2019-10-16 05:41:00,814 [pool-47-thread-1] INFO  server.RaftServerConfigKeys (ConfUtils.java:logGet(43)) - raft.server.log.segment.size.max = 1048576 (custom)
2019-10-16 05:41:00,814 [pool-47-thread-1] INFO  server.RaftServerConfigKeys (ConfUtils.java:logGet(43)) - raft.server.log.preallocated.size = 16384 (custom)
2019-10-16 05:41:00,814 [pool-47-thread-1] INFO  server.RaftServerConfigKeys (ConfUtils.java:logGet(43)) - raft.server.log.write.buffer.size = 33554432 (custom)
2019-10-16 05:41:00,814 [pool-47-thread-1] INFO  server.RaftServerConfigKeys (ConfUtils.java:logGet(43)) - raft.server.log.force.sync.num = 128 (default)
2019-10-16 05:41:00,814 [pool-47-thread-1] INFO  server.RaftServerConfigKeys (ConfUtils.java:logGet(43)) - raft.server.log.statemachine.data.sync = true (default)
2019-10-16 05:41:00,814 [pool-47-thread-1] INFO  server.RaftServerConfigKeys (ConfUtils.java:logGet(43)) - raft.server.log.statemachine.data.sync.timeout = 10s (default)
2019-10-16 05:41:00,814 [pool-47-thread-1] INFO  server.RaftServerConfigKeys (ConfUtils.java:logGet(43)) - raft.server.log.statemachine.data.sync.timeout.retry = -1 (default)
2019-10-16 05:41:00,815 [pool-47-thread-1] INFO  server.RaftServerConfigKeys (ConfUtils.java:logGet(43)) - raft.server.log.statemachine.data.caching.enabled = true (custom)
2019-10-16 05:41:00,815 [pool-47-thread-1] INFO  segmented.SegmentedRaftLogWorker (SegmentedRaftLogWorker.java:lambda$new$0(128)) - 9dd632ad-42c7-48e6-93db-e31edb4e1823@group-A0F2C8CC7CB2-SegmentedRaftLogWorker: flushIndex: setUnconditionally 0 -> -1
2019-10-16 05:41:00,816 [pool-47-thread-1] INFO  server.RaftServerConfigKeys (ConfUtils.java:logGet(43)) - raft.server.snapshot.auto.trigger.enabled = true (custom)
2019-10-16 05:41:00,816 [pool-47-thread-1] INFO  server.RaftServerConfigKeys (ConfUtils.java:logGet(43)) - raft.server.snapshot.auto.trigger.threshold = 10000 (custom)
2019-10-16 05:41:00,816 [pool-47-thread-1] INFO  server.RaftServerConfigKeys (ConfUtils.java:logGet(43)) - raft.server.snapshot.retention.file.num = 5 (custom)
2019-10-16 05:41:00,816 [pool-47-thread-1] INFO  server.RaftServerConfigKeys (ConfUtils.java:logGet(43)) - raft.server.retrycache.expirytime = 600000ms (custom)
2019-10-16 05:41:00,821 [pool-47-thread-1] INFO  impl.RaftServerImpl (RaftServerImpl.java:start(195)) - 9dd632ad-42c7-48e6-93db-e31edb4e1823@group-A0F2C8CC7CB2: start as a follower, conf=-1: [9dd632ad-42c7-48e6-93db-e31edb4e1823:192.168.69.104:34049], old=null
2019-10-16 05:41:00,821 [pool-47-thread-1] INFO  impl.RaftServerImpl (RaftServerImpl.java:setRole(184)) - 9dd632ad-42c7-48e6-93db-e31edb4e1823@group-A0F2C8CC7CB2: changes role from      null to FOLLOWER at term 0 for startAsFollower
2019-10-16 05:41:00,821 [pool-47-thread-1] INFO  impl.RoleInfo (RoleInfo.java:updateAndGet(143)) - 9dd632ad-42c7-48e6-93db-e31edb4e1823: start FollowerState
2019-10-16 05:41:00,822 [pool-47-thread-1] INFO  util.JmxRegister (JmxRegister.java:tryRegister(44)) - Successfully registered JMX Bean with object name Ratis:service=RaftServer,group=group-A0F2C8CC7CB2,id=9dd632ad-42c7-48e6-93db-e31edb4e1823
2019-10-16 05:41:00,842 [RatisPipelineUtilsThread] INFO  pipeline.PipelineStateManager (PipelineStateManager.java:addPipeline(56)) - Created pipeline Pipeline[ Id: d0a5eb9a-fc92-41c5-b1f5-a0f2c8cc7cb2, Nodes: 9dd632ad-42c7-48e6-93db-e31edb4e1823{ip: 192.168.69.104, host: pr-hdds-2312-q6qzp-1535798719, networkLocation: /default-rack, certSerialId: null}, Type:RATIS, Factor:ONE, State:OPEN]
2019-10-16 05:41:00,862 [grpc-default-executor-0] INFO  impl.RaftServerProxy (RaftServerProxy.java:addNew(89)) - 8d41a728-337d-4af0-9cf5-a84877563a0d: addNew group-1E09EE90BCA5:[8d41a728-337d-4af0-9cf5-a84877563a0d:192.168.69.104:41721] returns group-1E09EE90BCA5:java.util.concurrent.CompletableFuture@795b14f3[Not completed]
2019-10-16 05:41:00,867 [pool-107-thread-1] INFO  impl.RaftServerImpl (RaftServerImpl.java:<init>(104)) - 8d41a728-337d-4af0-9cf5-a84877563a0d: new RaftServerImpl for group-1E09EE90BCA5:[8d41a728-337d-4af0-9cf5-a84877563a0d:192.168.69.104:41721] with ContainerStateMachine:uninitialized
2019-10-16 05:41:00,867 [pool-107-thread-1] INFO  server.RaftServerConfigKeys (ConfUtils.java:logGet(43)) - raft.server.rpc.timeout.min = 1s (custom)
2019-10-16 05:41:00,867 [pool-107-thread-1] INFO  server.RaftServerConfigKeys (ConfUtils.java:logGet(43)) - raft.server.rpc.timeout.max = 1200ms (custom)
2019-10-16 05:41:00,867 [pool-107-thread-1] INFO  server.RaftServerConfigKeys (ConfUtils.java:logGet(43)) - raft.server.rpcslowness.timeout = 120s (custom)
2019-10-16 05:41:00,868 [pool-107-thread-1] INFO  server.RaftServerConfigKeys (ConfUtils.java:logGet(43)) - raft.server.sleep.deviation.threshold = 300 (default)
2019-10-16 05:41:00,868 [pool-107-thread-1] INFO  server.RaftServerConfigKeys (ConfUtils.java:logGet(43)) - raft.server.log.appender.install.snapshot.enabled = false (custom)
2019-10-16 05:41:00,868 [pool-107-thread-1] INFO  impl.RaftServerImpl (ServerState.java:<init>(103)) - 8d41a728-337d-4af0-9cf5-a84877563a0d@group-1E09EE90BCA5: ConfigurationManager, init=-1: [8d41a728-337d-4af0-9cf5-a84877563a0d:192.168.69.104:41721], old=null, confs=<EMPTY_MAP>
2019-10-16 05:41:00,868 [pool-107-thread-1] INFO  server.RaftServerConfigKeys (ConfUtils.java:logGet(43)) - raft.server.storage.dir = [/workdir/hadoop-ozone/integration-test/target/test-dir/MiniOzoneClusterImpl-2ede335a-ebf0-4a23-bcb3-98605d830964/datanode-8/data/ratis] (custom)
2019-10-16 05:41:00,869 [pool-107-thread-1] INFO  server.RaftServerConfigKeys (ConfUtils.java:logGet(43)) - raft.server.log.corruption.policy = EXCEPTION (default)
2019-10-16 05:41:00,869 [pool-107-thread-1] INFO  storage.RaftStorageDirectory (RaftStorageDirectory.java:analyzeStorage(246)) - The storage directory /workdir/hadoop-ozone/integration-test/target/test-dir/MiniOzoneClusterImpl-2ede335a-ebf0-4a23-bcb3-98605d830964/datanode-8/data/ratis/4fbfa735-d7a5-4bb2-bbb6-1e09ee90bca5 does not exist. Creating ...
2019-10-16 05:41:00,878 [Thread-295] INFO  impl.FollowerState (FollowerState.java:run(108)) - 9dd632ad-42c7-48e6-93db-e31edb4e1823@group-A0F2C8CC7CB2-FollowerState: change to CANDIDATE, lastRpcTime:56ms, electionTimeout:56ms
2019-10-16 05:41:00,878 [Thread-295] INFO  impl.RoleInfo (RoleInfo.java:shutdownFollowerState(121)) - 9dd632ad-42c7-48e6-93db-e31edb4e1823: shutdown FollowerState
2019-10-16 05:41:00,878 [Thread-295] INFO  impl.RaftServerImpl (RaftServerImpl.java:setRole(184)) - 9dd632ad-42c7-48e6-93db-e31edb4e1823@group-A0F2C8CC7CB2: changes role from  FOLLOWER to CANDIDATE at term 0 for changeToCandidate
2019-10-16 05:41:00,879 [Thread-295] INFO  impl.RoleInfo (RoleInfo.java:updateAndGet(143)) - 9dd632ad-42c7-48e6-93db-e31edb4e1823: start LeaderElection
2019-10-16 05:41:00,888 [pool-107-thread-1] INFO  storage.RaftStorageDirectory (RaftStorageDirectory.java:tryLock(328)) - Lock on /workdir/hadoop-ozone/integration-test/target/test-dir/MiniOzoneClusterImpl-2ede335a-ebf0-4a23-bcb3-98605d830964/datanode-8/data/ratis/4fbfa735-d7a5-4bb2-bbb6-1e09ee90bca5/in_use.lock acquired by nodename 13104@pr-hdds-2312-q6qzp-1535798719
2019-10-16 05:41:00,907 [pool-107-thread-1] INFO  storage.RaftStorage (RaftStorage.java:format(84)) - Storage directory /workdir/hadoop-ozone/integration-test/target/test-dir/MiniOzoneClusterImpl-2ede335a-ebf0-4a23-bcb3-98605d830964/datanode-8/data/ratis/4fbfa735-d7a5-4bb2-bbb6-1e09ee90bca5 has been successfully formatted.
2019-10-16 05:41:00,907 [9dd632ad-42c7-48e6-93db-e31edb4e1823@group-A0F2C8CC7CB2-LeaderElection3] INFO  impl.LeaderElection (LeaderElection.java:askForVotes(178)) - 9dd632ad-42c7-48e6-93db-e31edb4e1823@group-A0F2C8CC7CB2-LeaderElection3: begin an election at term 1 for -1: [9dd632ad-42c7-48e6-93db-e31edb4e1823:192.168.69.104:34049], old=null
2019-10-16 05:41:00,909 [9dd632ad-42c7-48e6-93db-e31edb4e1823@group-A0F2C8CC7CB2-LeaderElection3] INFO  impl.RoleInfo (RoleInfo.java:shutdownLeaderElection(134)) - 9dd632ad-42c7-48e6-93db-e31edb4e1823: shutdown LeaderElection
2019-10-16 05:41:00,910 [pool-107-thread-1] INFO  ratis.ContainerStateMachine (ContainerStateMachine.java:loadSnapshot(231)) - group-1E09EE90BCA5: The snapshot info is null. Setting the last applied indexto:(t:0, i:~)
2019-10-16 05:41:00,910 [9dd632ad-42c7-48e6-93db-e31edb4e1823@group-A0F2C8CC7CB2-LeaderElection3] INFO  impl.RaftServerImpl (RaftServerImpl.java:setRole(184)) - 9dd632ad-42c7-48e6-93db-e31edb4e1823@group-A0F2C8CC7CB2: changes role from CANDIDATE to LEADER at term 1 for changeToLeader
2019-10-16 05:41:00,910 [9dd632ad-42c7-48e6-93db-e31edb4e1823@group-A0F2C8CC7CB2-LeaderElection3] INFO  impl.RaftServerImpl (ServerState.java:setLeader(256)) - 9dd632ad-42c7-48e6-93db-e31edb4e1823@group-A0F2C8CC7CB2: change Leader from null to 9dd632ad-42c7-48e6-93db-e31edb4e1823 at term 1 for becomeLeader, leader elected after 100ms
2019-10-16 05:41:00,910 [pool-107-thread-1] INFO  server.RaftServerConfigKeys (ConfUtils.java:logGet(43)) - raft.server.notification.no-leader.timeout = 120s (custom)
2019-10-16 05:41:00,911 [9dd632ad-42c7-48e6-93db-e31edb4e1823@group-A0F2C8CC7CB2-LeaderElection3] INFO  server.RaftServerConfigKeys (ConfUtils.java:logGet(43)) - raft.server.staging.catchup.gap = 1000 (default)
2019-10-16 05:41:00,912 [pool-107-thread-1] INFO  server.RaftServerConfigKeys (ConfUtils.java:logGet(43)) - raft.server.log.use.memory = false (default)
2019-10-16 05:41:00,912 [9dd632ad-42c7-48e6-93db-e31edb4e1823@group-A0F2C8CC7CB2-LeaderElection3] INFO  server.RaftServerConfigKeys (ConfUtils.java:logGet(43)) - raft.server.rpc.sleep.time = 25ms (default)
2019-10-16 05:41:00,912 [pool-107-thread-1] INFO  server.RaftServerConfigKeys (ConfUtils.java:logGet(43)) - raft.server.log.purge.gap = 1000000 (custom)
2019-10-16 05:41:00,912 [pool-107-thread-1] INFO  server.RaftServerConfigKeys (ConfUtils.java:logGet(43)) - raft.server.log.appender.buffer.byte-limit = 33554432 (custom)
2019-10-16 05:41:00,913 [pool-107-thread-1] INFO  server.RaftServerConfigKeys (ConfUtils.java:logGet(43)) - raft.server.log.segment.size.max = 1048576 (custom)
2019-10-16 05:41:00,913 [9dd632ad-42c7-48e6-93db-e31edb4e1823@group-A0F2C8CC7CB2-LeaderElection3] INFO  server.RaftServerConfigKeys (ConfUtils.java:logGet(43)) - raft.server.write.element-limit = 4096 (default)
2019-10-16 05:41:00,913 [9dd632ad-42c7-48e6-93db-e31edb4e1823@group-A0F2C8CC7CB2-LeaderElection3] INFO  server.RaftServerConfigKeys (ConfUtils.java:logGet(43)) - raft.server.watch.timeout = 10s (default)
2019-10-16 05:41:00,913 [9dd632ad-42c7-48e6-93db-e31edb4e1823@group-A0F2C8CC7CB2-LeaderElection3] INFO  server.RaftServerConfigKeys (ConfUtils.java:logGet(43)) - raft.server.watch.timeout.denomination = 1s (default)
2019-10-16 05:41:00,914 [9dd632ad-42c7-48e6-93db-e31edb4e1823@group-A0F2C8CC7CB2-LeaderElection3] INFO  server.RaftServerConfigKeys (ConfUtils.java:logGet(43)) - raft.server.watch.element-limit = 65536 (default)
2019-10-16 05:41:00,920 [pool-107-thread-1] INFO  server.RaftServerConfigKeys (ConfUtils.java:logGet(43)) - raft.server.log.segment.cache.num.max = 2 (custom)
2019-10-16 05:41:00,921 [9dd632ad-42c7-48e6-93db-e31edb4e1823@group-A0F2C8CC7CB2-LeaderElection3] INFO  impl.RoleInfo (RoleInfo.java:updateAndGet(143)) - 9dd632ad-42c7-48e6-93db-e31edb4e1823: start LeaderState
2019-10-16 05:41:00,921 [pool-107-thread-1] INFO  segmented.SegmentedRaftLogWorker (SegmentedRaftLogWorker.java:<init>(173)) - new 8d41a728-337d-4af0-9cf5-a84877563a0d@group-1E09EE90BCA5-SegmentedRaftLogWorker for RaftStorage:Storage Directory /workdir/hadoop-ozone/integration-test/target/test-dir/MiniOzoneClusterImpl-2ede335a-ebf0-4a23-bcb3-98605d830964/datanode-8/data/ratis/4fbfa735-d7a5-4bb2-bbb6-1e09ee90bca5
2019-10-16 05:41:00,921 [pool-107-thread-1] INFO  server.RaftServerConfigKeys (ConfUtils.java:logGet(43)) - raft.server.log.queue.byte-limit = 2147483647 (custom)
2019-10-16 05:41:00,921 [pool-107-thread-1] INFO  server.RaftServerConfigKeys (ConfUtils.java:logGet(43)) - raft.server.log.queue.element-limit = 1024 (custom)
2019-10-16 05:41:00,921 [pool-107-thread-1] INFO  server.RaftServerConfigKeys (ConfUtils.java:logGet(43)) - raft.server.log.segment.size.max = 1048576 (custom)
2019-10-16 05:41:00,921 [9dd632ad-42c7-48e6-93db-e31edb4e1823@group-A0F2C8CC7CB2-LeaderElection3] INFO  segmented.SegmentedRaftLogWorker (SegmentedRaftLogWorker.java:startLogSegment(385)) - 9dd632ad-42c7-48e6-93db-e31edb4e1823@group-A0F2C8CC7CB2-SegmentedRaftLogWorker: Starting segment from index:0
2019-10-16 05:41:00,921 [pool-107-thread-1] INFO  server.RaftServerConfigKeys (ConfUtils.java:logGet(43)) - raft.server.log.preallocated.size = 16384 (custom)
2019-10-16 05:41:00,922 [pool-107-thread-1] INFO  server.RaftServerConfigKeys (ConfUtils.java:logGet(43)) - raft.server.log.write.buffer.size = 33554432 (custom)
2019-10-16 05:41:00,922 [pool-107-thread-1] INFO  server.RaftServerConfigKeys (ConfUtils.java:logGet(43)) - raft.server.log.force.sync.num = 128 (default)
2019-10-16 05:41:00,922 [pool-107-thread-1] INFO  server.RaftServerConfigKeys (ConfUtils.java:logGet(43)) - raft.server.log.statemachine.data.sync = true (default)
2019-10-16 05:41:00,922 [pool-107-thread-1] INFO  server.RaftServerConfigKeys (ConfUtils.java:logGet(43)) - raft.server.log.statemachine.data.sync.timeout = 10s (default)
2019-10-16 05:41:00,922 [pool-107-thread-1] INFO  server.RaftServerConfigKeys (ConfUtils.java:logGet(43)) - raft.server.log.statemachine.data.sync.timeout.retry = -1 (default)
2019-10-16 05:41:00,923 [9dd632ad-42c7-48e6-93db-e31edb4e1823@group-A0F2C8CC7CB2-LeaderElection3] INFO  impl.RaftServerImpl (ServerState.java:setRaftConf(357)) - 9dd632ad-42c7-48e6-93db-e31edb4e1823@group-A0F2C8CC7CB2: set configuration 0: [9dd632ad-42c7-48e6-93db-e31edb4e1823:192.168.69.104:34049], old=null at 0
2019-10-16 05:41:00,924 [pool-107-thread-1] INFO  server.RaftServerConfigKeys (ConfUtils.java:logGet(43)) - raft.server.log.statemachine.data.caching.enabled = true (custom)
2019-10-16 05:41:00,925 [pool-107-thread-1] INFO  segmented.SegmentedRaftLogWorker (SegmentedRaftLogWorker.java:lambda$new$0(128)) - 8d41a728-337d-4af0-9cf5-a84877563a0d@group-1E09EE90BCA5-SegmentedRaftLogWorker: flushIndex: setUnconditionally 0 -> -1
2019-10-16 05:41:00,925 [pool-107-thread-1] INFO  server.RaftServerConfigKeys (ConfUtils.java:logGet(43)) - raft.server.snapshot.auto.trigger.enabled = true (custom)
2019-10-16 05:41:00,925 [pool-107-thread-1] INFO  server.RaftServerConfigKeys (ConfUtils.java:logGet(43)) - raft.server.snapshot.auto.trigger.threshold = 10000 (custom)
2019-10-16 05:41:00,926 [pool-107-thread-1] INFO  server.RaftServerConfigKeys (ConfUtils.java:logGet(43)) - raft.server.snapshot.retention.file.num = 5 (custom)
2019-10-16 05:41:00,926 [pool-107-thread-1] INFO  server.RaftServerConfigKeys (ConfUtils.java:logGet(43)) - raft.server.retrycache.expirytime = 600000ms (custom)
2019-10-16 05:41:00,931 [pool-107-thread-1] INFO  impl.RaftServerImpl (RaftServerImpl.java:start(195)) - 8d41a728-337d-4af0-9cf5-a84877563a0d@group-1E09EE90BCA5: start as a follower, conf=-1: [8d41a728-337d-4af0-9cf5-a84877563a0d:192.168.69.104:41721], old=null
2019-10-16 05:41:00,931 [pool-107-thread-1] INFO  impl.RaftServerImpl (RaftServerImpl.java:setRole(184)) - 8d41a728-337d-4af0-9cf5-a84877563a0d@group-1E09EE90BCA5: changes role from      null to FOLLOWER at term 0 for startAsFollower
2019-10-16 05:41:00,931 [pool-107-thread-1] INFO  impl.RoleInfo (RoleInfo.java:updateAndGet(143)) - 8d41a728-337d-4af0-9cf5-a84877563a0d: start FollowerState
2019-10-16 05:41:00,932 [pool-107-thread-1] INFO  util.JmxRegister (JmxRegister.java:tryRegister(44)) - Successfully registered JMX Bean with object name Ratis:service=RaftServer,group=group-1E09EE90BCA5,id=8d41a728-337d-4af0-9cf5-a84877563a0d
2019-10-16 05:41:00,933 [Thread-300] INFO  impl.FollowerState (FollowerState.java:run(108)) - 8d41a728-337d-4af0-9cf5-a84877563a0d@group-1E09EE90BCA5-FollowerState: change to CANDIDATE, lastRpcTime:1ms, electionTimeout:1ms
2019-10-16 05:41:00,933 [Thread-300] INFO  impl.RoleInfo (RoleInfo.java:shutdownFollowerState(121)) - 8d41a728-337d-4af0-9cf5-a84877563a0d: shutdown FollowerState
2019-10-16 05:41:00,933 [Thread-300] INFO  impl.RaftServerImpl (RaftServerImpl.java:setRole(184)) - 8d41a728-337d-4af0-9cf5-a84877563a0d@group-1E09EE90BCA5: changes role from  FOLLOWER to CANDIDATE at term 0 for changeToCandidate
2019-10-16 05:41:00,933 [Thread-300] INFO  impl.RoleInfo (RoleInfo.java:updateAndGet(143)) - 8d41a728-337d-4af0-9cf5-a84877563a0d: start LeaderElection
2019-10-16 05:41:00,950 [8d41a728-337d-4af0-9cf5-a84877563a0d@group-1E09EE90BCA5-LeaderElection4] INFO  impl.LeaderElection (LeaderElection.java:askForVotes(178)) - 8d41a728-337d-4af0-9cf5-a84877563a0d@group-1E09EE90BCA5-LeaderElection4: begin an election at term 1 for -1: [8d41a728-337d-4af0-9cf5-a84877563a0d:192.168.69.104:41721], old=null
2019-10-16 05:41:00,950 [8d41a728-337d-4af0-9cf5-a84877563a0d@group-1E09EE90BCA5-LeaderElection4] INFO  impl.RoleInfo (RoleInfo.java:shutdownLeaderElection(134)) - 8d41a728-337d-4af0-9cf5-a84877563a0d: shutdown LeaderElection
2019-10-16 05:41:00,950 [8d41a728-337d-4af0-9cf5-a84877563a0d@group-1E09EE90BCA5-LeaderElection4] INFO  impl.RaftServerImpl (RaftServerImpl.java:setRole(184)) - 8d41a728-337d-4af0-9cf5-a84877563a0d@group-1E09EE90BCA5: changes role from CANDIDATE to LEADER at term 1 for changeToLeader
2019-10-16 05:41:00,950 [8d41a728-337d-4af0-9cf5-a84877563a0d@group-1E09EE90BCA5-LeaderElection4] INFO  impl.RaftServerImpl (ServerState.java:setLeader(256)) - 8d41a728-337d-4af0-9cf5-a84877563a0d@group-1E09EE90BCA5: change Leader from null to 8d41a728-337d-4af0-9cf5-a84877563a0d at term 1 for becomeLeader, leader elected after 40ms
2019-10-16 05:41:00,953 [8d41a728-337d-4af0-9cf5-a84877563a0d@group-1E09EE90BCA5-LeaderElection4] INFO  server.RaftServerConfigKeys (ConfUtils.java:logGet(43)) - raft.server.staging.catchup.gap = 1000 (default)
2019-10-16 05:41:00,953 [8d41a728-337d-4af0-9cf5-a84877563a0d@group-1E09EE90BCA5-LeaderElection4] INFO  server.RaftServerConfigKeys (ConfUtils.java:logGet(43)) - raft.server.rpc.sleep.time = 25ms (default)
2019-10-16 05:41:00,953 [8d41a728-337d-4af0-9cf5-a84877563a0d@group-1E09EE90BCA5-LeaderElection4] INFO  server.RaftServerConfigKeys (ConfUtils.java:logGet(43)) - raft.server.write.element-limit = 4096 (default)
2019-10-16 05:41:00,954 [8d41a728-337d-4af0-9cf5-a84877563a0d@group-1E09EE90BCA5-LeaderElection4] INFO  server.RaftServerConfigKeys (ConfUtils.java:logGet(43)) - raft.server.watch.timeout = 10s (default)
2019-10-16 05:41:00,955 [8d41a728-337d-4af0-9cf5-a84877563a0d@group-1E09EE90BCA5-LeaderElection4] INFO  server.RaftServerConfigKeys (ConfUtils.java:logGet(43)) - raft.server.watch.timeout.denomination = 1s (default)
2019-10-16 05:41:00,955 [8d41a728-337d-4af0-9cf5-a84877563a0d@group-1E09EE90BCA5-LeaderElection4] INFO  server.RaftServerConfigKeys (ConfUtils.java:logGet(43)) - raft.server.watch.element-limit = 65536 (default)
2019-10-16 05:41:00,958 [RatisPipelineUtilsThread] INFO  pipeline.PipelineStateManager (PipelineStateManager.java:addPipeline(56)) - Created pipeline Pipeline[ Id: 4fbfa735-d7a5-4bb2-bbb6-1e09ee90bca5, Nodes: 8d41a728-337d-4af0-9cf5-a84877563a0d{ip: 192.168.69.104, host: pr-hdds-2312-q6qzp-1535798719, networkLocation: /default-rack, certSerialId: null}, Type:RATIS, Factor:ONE, State:OPEN]
2019-10-16 05:41:00,958 [8d41a728-337d-4af0-9cf5-a84877563a0d@group-1E09EE90BCA5-LeaderElection4] INFO  impl.RoleInfo (RoleInfo.java:updateAndGet(143)) - 8d41a728-337d-4af0-9cf5-a84877563a0d: start LeaderState
2019-10-16 05:41:00,959 [8d41a728-337d-4af0-9cf5-a84877563a0d@group-1E09EE90BCA5-LeaderElection4] INFO  segmented.SegmentedRaftLogWorker (SegmentedRaftLogWorker.java:startLogSegment(385)) - 8d41a728-337d-4af0-9cf5-a84877563a0d@group-1E09EE90BCA5-SegmentedRaftLogWorker: Starting segment from index:0
2019-10-16 05:41:00,960 [8d41a728-337d-4af0-9cf5-a84877563a0d@group-1E09EE90BCA5-LeaderElection4] INFO  impl.RaftServerImpl (ServerState.java:setRaftConf(357)) - 8d41a728-337d-4af0-9cf5-a84877563a0d@group-1E09EE90BCA5: set configuration 0: [8d41a728-337d-4af0-9cf5-a84877563a0d:192.168.69.104:41721], old=null at 0
2019-10-16 05:41:00,979 [grpc-default-executor-0] INFO  impl.RaftServerProxy (RaftServerProxy.java:addNew(89)) - 163c5688-ede5-44ab-b3bd-c5a10f730980: addNew group-79A52924169B:[163c5688-ede5-44ab-b3bd-c5a10f730980:192.168.69.104:45225] returns group-79A52924169B:java.util.concurrent.CompletableFuture@49f0960a[Not completed]
2019-10-16 05:41:00,984 [pool-117-thread-1] INFO  impl.RaftServerImpl (RaftServerImpl.java:<init>(104)) - 163c5688-ede5-44ab-b3bd-c5a10f730980: new RaftServerImpl for group-79A52924169B:[163c5688-ede5-44ab-b3bd-c5a10f730980:192.168.69.104:45225] with ContainerStateMachine:uninitialized
2019-10-16 05:41:00,984 [pool-117-thread-1] INFO  server.RaftServerConfigKeys (ConfUtils.java:logGet(43)) - raft.server.rpc.timeout.min = 1s (custom)
2019-10-16 05:41:00,985 [pool-117-thread-1] INFO  server.RaftServerConfigKeys (ConfUtils.java:logGet(43)) - raft.server.rpc.timeout.max = 1200ms (custom)
2019-10-16 05:41:00,985 [pool-117-thread-1] INFO  server.RaftServerConfigKeys (ConfUtils.java:logGet(43)) - raft.server.rpcslowness.timeout = 120s (custom)
2019-10-16 05:41:00,985 [pool-117-thread-1] INFO  server.RaftServerConfigKeys (ConfUtils.java:logGet(43)) - raft.server.sleep.deviation.threshold = 300 (default)
2019-10-16 05:41:00,985 [pool-117-thread-1] INFO  server.RaftServerConfigKeys (ConfUtils.java:logGet(43)) - raft.server.log.appender.install.snapshot.enabled = false (custom)
2019-10-16 05:41:00,986 [pool-117-thread-1] INFO  impl.RaftServerImpl (ServerState.java:<init>(103)) - 163c5688-ede5-44ab-b3bd-c5a10f730980@group-79A52924169B: ConfigurationManager, init=-1: [163c5688-ede5-44ab-b3bd-c5a10f730980:192.168.69.104:45225], old=null, confs=<EMPTY_MAP>
2019-10-16 05:41:00,986 [pool-117-thread-1] INFO  server.RaftServerConfigKeys (ConfUtils.java:logGet(43)) - raft.server.storage.dir = [/workdir/hadoop-ozone/integration-test/target/test-dir/MiniOzoneClusterImpl-2ede335a-ebf0-4a23-bcb3-98605d830964/datanode-9/data/ratis] (custom)
2019-10-16 05:41:00,987 [pool-117-thread-1] INFO  server.RaftServerConfigKeys (ConfUtils.java:logGet(43)) - raft.server.log.corruption.policy = EXCEPTION (default)
2019-10-16 05:41:00,987 [pool-117-thread-1] INFO  storage.RaftStorageDirectory (RaftStorageDirectory.java:analyzeStorage(246)) - The storage directory /workdir/hadoop-ozone/integration-test/target/test-dir/MiniOzoneClusterImpl-2ede335a-ebf0-4a23-bcb3-98605d830964/datanode-9/data/ratis/afa2d74a-00cb-4d3e-bfb7-79a52924169b does not exist. Creating ...
2019-10-16 05:41:01,001 [pool-117-thread-1] INFO  storage.RaftStorageDirectory (RaftStorageDirectory.java:tryLock(328)) - Lock on /workdir/hadoop-ozone/integration-test/target/test-dir/MiniOzoneClusterImpl-2ede335a-ebf0-4a23-bcb3-98605d830964/datanode-9/data/ratis/afa2d74a-00cb-4d3e-bfb7-79a52924169b/in_use.lock acquired by nodename 13104@pr-hdds-2312-q6qzp-1535798719
2019-10-16 05:41:01,015 [pool-117-thread-1] INFO  storage.RaftStorage (RaftStorage.java:format(84)) - Storage directory /workdir/hadoop-ozone/integration-test/target/test-dir/MiniOzoneClusterImpl-2ede335a-ebf0-4a23-bcb3-98605d830964/datanode-9/data/ratis/afa2d74a-00cb-4d3e-bfb7-79a52924169b has been successfully formatted.
2019-10-16 05:41:01,015 [pool-117-thread-1] INFO  ratis.ContainerStateMachine (ContainerStateMachine.java:loadSnapshot(231)) - group-79A52924169B: The snapshot info is null. Setting the last applied indexto:(t:0, i:~)
2019-10-16 05:41:01,016 [pool-117-thread-1] INFO  server.RaftServerConfigKeys (ConfUtils.java:logGet(43)) - raft.server.notification.no-leader.timeout = 120s (custom)
2019-10-16 05:41:01,016 [pool-117-thread-1] INFO  server.RaftServerConfigKeys (ConfUtils.java:logGet(43)) - raft.server.log.use.memory = false (default)
2019-10-16 05:41:01,016 [pool-117-thread-1] INFO  server.RaftServerConfigKeys (ConfUtils.java:logGet(43)) - raft.server.log.purge.gap = 1000000 (custom)
2019-10-16 05:41:01,016 [pool-117-thread-1] INFO  server.RaftServerConfigKeys (ConfUtils.java:logGet(43)) - raft.server.log.appender.buffer.byte-limit = 33554432 (custom)
2019-10-16 05:41:01,016 [pool-117-thread-1] INFO  server.RaftServerConfigKeys (ConfUtils.java:logGet(43)) - raft.server.log.segment.size.max = 1048576 (custom)
2019-10-16 05:41:01,020 [pool-117-thread-1] INFO  server.RaftServerConfigKeys (ConfUtils.java:logGet(43)) - raft.server.log.segment.cache.num.max = 2 (custom)
2019-10-16 05:41:01,020 [pool-117-thread-1] INFO  segmented.SegmentedRaftLogWorker (SegmentedRaftLogWorker.java:<init>(173)) - new 163c5688-ede5-44ab-b3bd-c5a10f730980@group-79A52924169B-SegmentedRaftLogWorker for RaftStorage:Storage Directory /workdir/hadoop-ozone/integration-test/target/test-dir/MiniOzoneClusterImpl-2ede335a-ebf0-4a23-bcb3-98605d830964/datanode-9/data/ratis/afa2d74a-00cb-4d3e-bfb7-79a52924169b
2019-10-16 05:41:01,020 [pool-117-thread-1] INFO  server.RaftServerConfigKeys (ConfUtils.java:logGet(43)) - raft.server.log.queue.byte-limit = 2147483647 (custom)
2019-10-16 05:41:01,020 [pool-117-thread-1] INFO  server.RaftServerConfigKeys (ConfUtils.java:logGet(43)) - raft.server.log.queue.element-limit = 1024 (custom)
2019-10-16 05:41:01,020 [pool-117-thread-1] INFO  server.RaftServerConfigKeys (ConfUtils.java:logGet(43)) - raft.server.log.segment.size.max = 1048576 (custom)
2019-10-16 05:41:01,021 [pool-117-thread-1] INFO  server.RaftServerConfigKeys (ConfUtils.java:logGet(43)) - raft.server.log.preallocated.size = 16384 (custom)
2019-10-16 05:41:01,021 [pool-117-thread-1] INFO  server.RaftServerConfigKeys (ConfUtils.java:logGet(43)) - raft.server.log.write.buffer.size = 33554432 (custom)
2019-10-16 05:41:01,021 [pool-117-thread-1] INFO  server.RaftServerConfigKeys (ConfUtils.java:logGet(43)) - raft.server.log.force.sync.num = 128 (default)
2019-10-16 05:41:01,021 [pool-117-thread-1] INFO  server.RaftServerConfigKeys (ConfUtils.java:logGet(43)) - raft.server.log.statemachine.data.sync = true (default)
2019-10-16 05:41:01,021 [pool-117-thread-1] INFO  server.RaftServerConfigKeys (ConfUtils.java:logGet(43)) - raft.server.log.statemachine.data.sync.timeout = 10s (default)
2019-10-16 05:41:01,021 [pool-117-thread-1] INFO  server.RaftServerConfigKeys (ConfUtils.java:logGet(43)) - raft.server.log.statemachine.data.sync.timeout.retry = -1 (default)
2019-10-16 05:41:01,022 [pool-117-thread-1] INFO  server.RaftServerConfigKeys (ConfUtils.java:logGet(43)) - raft.server.log.statemachine.data.caching.enabled = true (custom)
2019-10-16 05:41:01,022 [pool-117-thread-1] INFO  segmented.SegmentedRaftLogWorker (SegmentedRaftLogWorker.java:lambda$new$0(128)) - 163c5688-ede5-44ab-b3bd-c5a10f730980@group-79A52924169B-SegmentedRaftLogWorker: flushIndex: setUnconditionally 0 -> -1
2019-10-16 05:41:01,023 [pool-117-thread-1] INFO  server.RaftServerConfigKeys (ConfUtils.java:logGet(43)) - raft.server.snapshot.auto.trigger.enabled = true (custom)
2019-10-16 05:41:01,023 [pool-117-thread-1] INFO  server.RaftServerConfigKeys (ConfUtils.java:logGet(43)) - raft.server.snapshot.auto.trigger.threshold = 10000 (custom)
2019-10-16 05:41:01,023 [pool-117-thread-1] INFO  server.RaftServerConfigKeys (ConfUtils.java:logGet(43)) - raft.server.snapshot.retention.file.num = 5 (custom)
2019-10-16 05:41:01,023 [pool-117-thread-1] INFO  server.RaftServerConfigKeys (ConfUtils.java:logGet(43)) - raft.server.retrycache.expirytime = 600000ms (custom)
2019-10-16 05:41:01,029 [pool-117-thread-1] INFO  impl.RaftServerImpl (RaftServerImpl.java:start(195)) - 163c5688-ede5-44ab-b3bd-c5a10f730980@group-79A52924169B: start as a follower, conf=-1: [163c5688-ede5-44ab-b3bd-c5a10f730980:192.168.69.104:45225], old=null
2019-10-16 05:41:01,029 [pool-117-thread-1] INFO  impl.RaftServerImpl (RaftServerImpl.java:setRole(184)) - 163c5688-ede5-44ab-b3bd-c5a10f730980@group-79A52924169B: changes role from      null to FOLLOWER at term 0 for startAsFollower
2019-10-16 05:41:01,029 [pool-117-thread-1] INFO  impl.RoleInfo (RoleInfo.java:updateAndGet(143)) - 163c5688-ede5-44ab-b3bd-c5a10f730980: start FollowerState
2019-10-16 05:41:01,030 [pool-117-thread-1] INFO  util.JmxRegister (JmxRegister.java:tryRegister(44)) - Successfully registered JMX Bean with object name Ratis:service=RaftServer,group=group-79A52924169B,id=163c5688-ede5-44ab-b3bd-c5a10f730980
2019-10-16 05:41:01,053 [RatisPipelineUtilsThread] INFO  pipeline.PipelineStateManager (PipelineStateManager.java:addPipeline(56)) - Created pipeline Pipeline[ Id: afa2d74a-00cb-4d3e-bfb7-79a52924169b, Nodes: 163c5688-ede5-44ab-b3bd-c5a10f730980{ip: 192.168.69.104, host: pr-hdds-2312-q6qzp-1535798719, networkLocation: /default-rack, certSerialId: null}, Type:RATIS, Factor:ONE, State:OPEN]
2019-10-16 05:41:01,064 [8d41a728-337d-4af0-9cf5-a84877563a0d@group-1E09EE90BCA5-SegmentedRaftLogWorker] INFO  segmented.SegmentedRaftLogWorker (SegmentedRaftLogWorker.java:execute(576)) - 8d41a728-337d-4af0-9cf5-a84877563a0d@group-1E09EE90BCA5-SegmentedRaftLogWorker: created new log segment /workdir/hadoop-ozone/integration-test/target/test-dir/MiniOzoneClusterImpl-2ede335a-ebf0-4a23-bcb3-98605d830964/datanode-8/data/ratis/4fbfa735-d7a5-4bb2-bbb6-1e09ee90bca5/current/log_inprogress_0
2019-10-16 05:41:01,064 [ad5f0ea4-5dae-48da-9087-47ae9aef0548@group-52334D2A50B0-SegmentedRaftLogWorker] INFO  segmented.SegmentedRaftLogWorker (SegmentedRaftLogWorker.java:execute(576)) - ad5f0ea4-5dae-48da-9087-47ae9aef0548@group-52334D2A50B0-SegmentedRaftLogWorker: created new log segment /workdir/hadoop-ozone/integration-test/target/test-dir/MiniOzoneClusterImpl-2ede335a-ebf0-4a23-bcb3-98605d830964/datanode-6/data/ratis/1190cd66-2ef2-44b4-90f9-52334d2a50b0/current/log_inprogress_0
2019-10-16 05:41:01,064 [f1a365c1-fe59-4a48-93c2-eb51ec4ae0f7@group-8D1D59212C87-SegmentedRaftLogWorker] INFO  segmented.SegmentedRaftLogWorker (SegmentedRaftLogWorker.java:execute(576)) - f1a365c1-fe59-4a48-93c2-eb51ec4ae0f7@group-8D1D59212C87-SegmentedRaftLogWorker: created new log segment /workdir/hadoop-ozone/integration-test/target/test-dir/MiniOzoneClusterImpl-2ede335a-ebf0-4a23-bcb3-98605d830964/datanode-0/data/ratis/1945406c-d79b-4bb5-86a6-8d1d59212c87/current/log_inprogress_0
2019-10-16 05:41:01,064 [9dd632ad-42c7-48e6-93db-e31edb4e1823@group-A0F2C8CC7CB2-SegmentedRaftLogWorker] INFO  segmented.SegmentedRaftLogWorker (SegmentedRaftLogWorker.java:execute(576)) - 9dd632ad-42c7-48e6-93db-e31edb4e1823@group-A0F2C8CC7CB2-SegmentedRaftLogWorker: created new log segment /workdir/hadoop-ozone/integration-test/target/test-dir/MiniOzoneClusterImpl-2ede335a-ebf0-4a23-bcb3-98605d830964/datanode-2/data/ratis/d0a5eb9a-fc92-41c5-b1f5-a0f2c8cc7cb2/current/log_inprogress_0
2019-10-16 05:41:01,072 [grpc-default-executor-0] INFO  impl.RaftServerProxy (RaftServerProxy.java:addNew(89)) - 73edb6ac-4c26-463f-ad6d-00f88e6dbd58: addNew group-500D4849A3ED:[73edb6ac-4c26-463f-ad6d-00f88e6dbd58:192.168.69.104:35488] returns group-500D4849A3ED:java.util.concurrent.CompletableFuture@42ae5eef[Not completed]
2019-10-16 05:41:01,078 [pool-77-thread-1] INFO  impl.RaftServerImpl (RaftServerImpl.java:<init>(104)) - 73edb6ac-4c26-463f-ad6d-00f88e6dbd58: new RaftServerImpl for group-500D4849A3ED:[73edb6ac-4c26-463f-ad6d-00f88e6dbd58:192.168.69.104:35488] with ContainerStateMachine:uninitialized
2019-10-16 05:41:01,079 [pool-77-thread-1] INFO  server.RaftServerConfigKeys (ConfUtils.java:logGet(43)) - raft.server.rpc.timeout.min = 1s (custom)
2019-10-16 05:41:01,079 [pool-77-thread-1] INFO  server.RaftServerConfigKeys (ConfUtils.java:logGet(43)) - raft.server.rpc.timeout.max = 1200ms (custom)
2019-10-16 05:41:01,079 [pool-77-thread-1] INFO  server.RaftServerConfigKeys (ConfUtils.java:logGet(43)) - raft.server.rpcslowness.timeout = 120s (custom)
2019-10-16 05:41:01,079 [pool-77-thread-1] INFO  server.RaftServerConfigKeys (ConfUtils.java:logGet(43)) - raft.server.sleep.deviation.threshold = 300 (default)
2019-10-16 05:41:01,079 [pool-77-thread-1] INFO  server.RaftServerConfigKeys (ConfUtils.java:logGet(43)) - raft.server.log.appender.install.snapshot.enabled = false (custom)
2019-10-16 05:41:01,080 [pool-77-thread-1] INFO  impl.RaftServerImpl (ServerState.java:<init>(103)) - 73edb6ac-4c26-463f-ad6d-00f88e6dbd58@group-500D4849A3ED: ConfigurationManager, init=-1: [73edb6ac-4c26-463f-ad6d-00f88e6dbd58:192.168.69.104:35488], old=null, confs=<EMPTY_MAP>
2019-10-16 05:41:01,080 [pool-77-thread-1] INFO  server.RaftServerConfigKeys (ConfUtils.java:logGet(43)) - raft.server.storage.dir = [/workdir/hadoop-ozone/integration-test/target/test-dir/MiniOzoneClusterImpl-2ede335a-ebf0-4a23-bcb3-98605d830964/datanode-5/data/ratis] (custom)
2019-10-16 05:41:01,080 [pool-77-thread-1] INFO  server.RaftServerConfigKeys (ConfUtils.java:logGet(43)) - raft.server.log.corruption.policy = EXCEPTION (default)
2019-10-16 05:41:01,080 [pool-77-thread-1] INFO  storage.RaftStorageDirectory (RaftStorageDirectory.java:analyzeStorage(246)) - The storage directory /workdir/hadoop-ozone/integration-test/target/test-dir/MiniOzoneClusterImpl-2ede335a-ebf0-4a23-bcb3-98605d830964/datanode-5/data/ratis/47407d07-8f7f-4428-a4cc-500d4849a3ed does not exist. Creating ...
2019-10-16 05:41:01,086 [pool-77-thread-1] INFO  storage.RaftStorageDirectory (RaftStorageDirectory.java:tryLock(328)) - Lock on /workdir/hadoop-ozone/integration-test/target/test-dir/MiniOzoneClusterImpl-2ede335a-ebf0-4a23-bcb3-98605d830964/datanode-5/data/ratis/47407d07-8f7f-4428-a4cc-500d4849a3ed/in_use.lock acquired by nodename 13104@pr-hdds-2312-q6qzp-1535798719
2019-10-16 05:41:01,100 [pool-77-thread-1] INFO  storage.RaftStorage (RaftStorage.java:format(84)) - Storage directory /workdir/hadoop-ozone/integration-test/target/test-dir/MiniOzoneClusterImpl-2ede335a-ebf0-4a23-bcb3-98605d830964/datanode-5/data/ratis/47407d07-8f7f-4428-a4cc-500d4849a3ed has been successfully formatted.
2019-10-16 05:41:01,100 [pool-77-thread-1] INFO  ratis.ContainerStateMachine (ContainerStateMachine.java:loadSnapshot(231)) - group-500D4849A3ED: The snapshot info is null. Setting the last applied indexto:(t:0, i:~)
2019-10-16 05:41:01,100 [pool-77-thread-1] INFO  server.RaftServerConfigKeys (ConfUtils.java:logGet(43)) - raft.server.notification.no-leader.timeout = 120s (custom)
2019-10-16 05:41:01,101 [pool-77-thread-1] INFO  server.RaftServerConfigKeys (ConfUtils.java:logGet(43)) - raft.server.log.use.memory = false (default)
2019-10-16 05:41:01,101 [pool-77-thread-1] INFO  server.RaftServerConfigKeys (ConfUtils.java:logGet(43)) - raft.server.log.purge.gap = 1000000 (custom)
2019-10-16 05:41:01,101 [pool-77-thread-1] INFO  server.RaftServerConfigKeys (ConfUtils.java:logGet(43)) - raft.server.log.appender.buffer.byte-limit = 33554432 (custom)
2019-10-16 05:41:01,101 [pool-77-thread-1] INFO  server.RaftServerConfigKeys (ConfUtils.java:logGet(43)) - raft.server.log.segment.size.max = 1048576 (custom)
2019-10-16 05:41:01,104 [pool-77-thread-1] INFO  server.RaftServerConfigKeys (ConfUtils.java:logGet(43)) - raft.server.log.segment.cache.num.max = 2 (custom)
2019-10-16 05:41:01,104 [pool-77-thread-1] INFO  segmented.SegmentedRaftLogWorker (SegmentedRaftLogWorker.java:<init>(173)) - new 73edb6ac-4c26-463f-ad6d-00f88e6dbd58@group-500D4849A3ED-SegmentedRaftLogWorker for RaftStorage:Storage Directory /workdir/hadoop-ozone/integration-test/target/test-dir/MiniOzoneClusterImpl-2ede335a-ebf0-4a23-bcb3-98605d830964/datanode-5/data/ratis/47407d07-8f7f-4428-a4cc-500d4849a3ed
2019-10-16 05:41:01,105 [pool-77-thread-1] INFO  server.RaftServerConfigKeys (ConfUtils.java:logGet(43)) - raft.server.log.queue.byte-limit = 2147483647 (custom)
2019-10-16 05:41:01,105 [pool-77-thread-1] INFO  server.RaftServerConfigKeys (ConfUtils.java:logGet(43)) - raft.server.log.queue.element-limit = 1024 (custom)
2019-10-16 05:41:01,105 [pool-77-thread-1] INFO  server.RaftServerConfigKeys (ConfUtils.java:logGet(43)) - raft.server.log.segment.size.max = 1048576 (custom)
2019-10-16 05:41:01,105 [pool-77-thread-1] INFO  server.RaftServerConfigKeys (ConfUtils.java:logGet(43)) - raft.server.log.preallocated.size = 16384 (custom)
2019-10-16 05:41:01,105 [pool-77-thread-1] INFO  server.RaftServerConfigKeys (ConfUtils.java:logGet(43)) - raft.server.log.write.buffer.size = 33554432 (custom)
2019-10-16 05:41:01,105 [pool-77-thread-1] INFO  server.RaftServerConfigKeys (ConfUtils.java:logGet(43)) - raft.server.log.force.sync.num = 128 (default)
2019-10-16 05:41:01,106 [pool-77-thread-1] INFO  server.RaftServerConfigKeys (ConfUtils.java:logGet(43)) - raft.server.log.statemachine.data.sync = true (default)
2019-10-16 05:41:01,106 [pool-77-thread-1] INFO  server.RaftServerConfigKeys (ConfUtils.java:logGet(43)) - raft.server.log.statemachine.data.sync.timeout = 10s (default)
2019-10-16 05:41:01,106 [pool-77-thread-1] INFO  server.RaftServerConfigKeys (ConfUtils.java:logGet(43)) - raft.server.log.statemachine.data.sync.timeout.retry = -1 (default)
2019-10-16 05:41:01,107 [pool-77-thread-1] INFO  server.RaftServerConfigKeys (ConfUtils.java:logGet(43)) - raft.server.log.statemachine.data.caching.enabled = true (custom)
2019-10-16 05:41:01,107 [pool-77-thread-1] INFO  segmented.SegmentedRaftLogWorker (SegmentedRaftLogWorker.java:lambda$new$0(128)) - 73edb6ac-4c26-463f-ad6d-00f88e6dbd58@group-500D4849A3ED-SegmentedRaftLogWorker: flushIndex: setUnconditionally 0 -> -1
2019-10-16 05:41:01,108 [pool-77-thread-1] INFO  server.RaftServerConfigKeys (ConfUtils.java:logGet(43)) - raft.server.snapshot.auto.trigger.enabled = true (custom)
2019-10-16 05:41:01,108 [pool-77-thread-1] INFO  server.RaftServerConfigKeys (ConfUtils.java:logGet(43)) - raft.server.snapshot.auto.trigger.threshold = 10000 (custom)
2019-10-16 05:41:01,108 [pool-77-thread-1] INFO  server.RaftServerConfigKeys (ConfUtils.java:logGet(43)) - raft.server.snapshot.retention.file.num = 5 (custom)
2019-10-16 05:41:01,108 [pool-77-thread-1] INFO  server.RaftServerConfigKeys (ConfUtils.java:logGet(43)) - raft.server.retrycache.expirytime = 600000ms (custom)
2019-10-16 05:41:01,113 [pool-77-thread-1] INFO  impl.RaftServerImpl (RaftServerImpl.java:start(195)) - 73edb6ac-4c26-463f-ad6d-00f88e6dbd58@group-500D4849A3ED: start as a follower, conf=-1: [73edb6ac-4c26-463f-ad6d-00f88e6dbd58:192.168.69.104:35488], old=null
2019-10-16 05:41:01,113 [pool-77-thread-1] INFO  impl.RaftServerImpl (RaftServerImpl.java:setRole(184)) - 73edb6ac-4c26-463f-ad6d-00f88e6dbd58@group-500D4849A3ED: changes role from      null to FOLLOWER at term 0 for startAsFollower
2019-10-16 05:41:01,114 [pool-77-thread-1] INFO  impl.RoleInfo (RoleInfo.java:updateAndGet(143)) - 73edb6ac-4c26-463f-ad6d-00f88e6dbd58: start FollowerState
2019-10-16 05:41:01,114 [pool-77-thread-1] INFO  util.JmxRegister (JmxRegister.java:tryRegister(44)) - Successfully registered JMX Bean with object name Ratis:service=RaftServer,group=group-500D4849A3ED,id=73edb6ac-4c26-463f-ad6d-00f88e6dbd58
2019-10-16 05:41:01,130 [RatisPipelineUtilsThread] INFO  pipeline.PipelineStateManager (PipelineStateManager.java:addPipeline(56)) - Created pipeline Pipeline[ Id: 47407d07-8f7f-4428-a4cc-500d4849a3ed, Nodes: 73edb6ac-4c26-463f-ad6d-00f88e6dbd58{ip: 192.168.69.104, host: pr-hdds-2312-q6qzp-1535798719, networkLocation: /default-rack, certSerialId: null}, Type:RATIS, Factor:ONE, State:OPEN]
2019-10-16 05:41:01,146 [grpc-default-executor-0] INFO  impl.RaftServerProxy (RaftServerProxy.java:addNew(89)) - a85e69e5-760c-4b40-a424-fc77673779df: addNew group-E6F4F842CC7B:[a85e69e5-760c-4b40-a424-fc77673779df:192.168.69.104:37941] returns group-E6F4F842CC7B:java.util.concurrent.CompletableFuture@3cc542c4[Not completed]
2019-10-16 05:41:01,150 [pool-67-thread-1] INFO  impl.RaftServerImpl (RaftServerImpl.java:<init>(104)) - a85e69e5-760c-4b40-a424-fc77673779df: new RaftServerImpl for group-E6F4F842CC7B:[a85e69e5-760c-4b40-a424-fc77673779df:192.168.69.104:37941] with ContainerStateMachine:uninitialized
2019-10-16 05:41:01,150 [pool-67-thread-1] INFO  server.RaftServerConfigKeys (ConfUtils.java:logGet(43)) - raft.server.rpc.timeout.min = 1s (custom)
2019-10-16 05:41:01,150 [pool-67-thread-1] INFO  server.RaftServerConfigKeys (ConfUtils.java:logGet(43)) - raft.server.rpc.timeout.max = 1200ms (custom)
2019-10-16 05:41:01,150 [pool-67-thread-1] INFO  server.RaftServerConfigKeys (ConfUtils.java:logGet(43)) - raft.server.rpcslowness.timeout = 120s (custom)
2019-10-16 05:41:01,150 [pool-67-thread-1] INFO  server.RaftServerConfigKeys (ConfUtils.java:logGet(43)) - raft.server.sleep.deviation.threshold = 300 (default)
2019-10-16 05:41:01,151 [pool-67-thread-1] INFO  server.RaftServerConfigKeys (ConfUtils.java:logGet(43)) - raft.server.log.appender.install.snapshot.enabled = false (custom)
2019-10-16 05:41:01,151 [pool-67-thread-1] INFO  impl.RaftServerImpl (ServerState.java:<init>(103)) - a85e69e5-760c-4b40-a424-fc77673779df@group-E6F4F842CC7B: ConfigurationManager, init=-1: [a85e69e5-760c-4b40-a424-fc77673779df:192.168.69.104:37941], old=null, confs=<EMPTY_MAP>
2019-10-16 05:41:01,151 [pool-67-thread-1] INFO  server.RaftServerConfigKeys (ConfUtils.java:logGet(43)) - raft.server.storage.dir = [/workdir/hadoop-ozone/integration-test/target/test-dir/MiniOzoneClusterImpl-2ede335a-ebf0-4a23-bcb3-98605d830964/datanode-4/data/ratis] (custom)
2019-10-16 05:41:01,151 [pool-67-thread-1] INFO  server.RaftServerConfigKeys (ConfUtils.java:logGet(43)) - raft.server.log.corruption.policy = EXCEPTION (default)
2019-10-16 05:41:01,151 [pool-67-thread-1] INFO  storage.RaftStorageDirectory (RaftStorageDirectory.java:analyzeStorage(246)) - The storage directory /workdir/hadoop-ozone/integration-test/target/test-dir/MiniOzoneClusterImpl-2ede335a-ebf0-4a23-bcb3-98605d830964/datanode-4/data/ratis/8427b899-5c40-4f47-bce5-e6f4f842cc7b does not exist. Creating ...
2019-10-16 05:41:01,164 [pool-67-thread-1] INFO  storage.RaftStorageDirectory (RaftStorageDirectory.java:tryLock(328)) - Lock on /workdir/hadoop-ozone/integration-test/target/test-dir/MiniOzoneClusterImpl-2ede335a-ebf0-4a23-bcb3-98605d830964/datanode-4/data/ratis/8427b899-5c40-4f47-bce5-e6f4f842cc7b/in_use.lock acquired by nodename 13104@pr-hdds-2312-q6qzp-1535798719
2019-10-16 05:41:01,188 [pool-67-thread-1] INFO  storage.RaftStorage (RaftStorage.java:format(84)) - Storage directory /workdir/hadoop-ozone/integration-test/target/test-dir/MiniOzoneClusterImpl-2ede335a-ebf0-4a23-bcb3-98605d830964/datanode-4/data/ratis/8427b899-5c40-4f47-bce5-e6f4f842cc7b has been successfully formatted.
2019-10-16 05:41:01,188 [pool-67-thread-1] INFO  ratis.ContainerStateMachine (ContainerStateMachine.java:loadSnapshot(231)) - group-E6F4F842CC7B: The snapshot info is null. Setting the last applied indexto:(t:0, i:~)
2019-10-16 05:41:01,188 [pool-67-thread-1] INFO  server.RaftServerConfigKeys (ConfUtils.java:logGet(43)) - raft.server.notification.no-leader.timeout = 120s (custom)
2019-10-16 05:41:01,188 [pool-67-thread-1] INFO  server.RaftServerConfigKeys (ConfUtils.java:logGet(43)) - raft.server.log.use.memory = false (default)
2019-10-16 05:41:01,189 [pool-67-thread-1] INFO  server.RaftServerConfigKeys (ConfUtils.java:logGet(43)) - raft.server.log.purge.gap = 1000000 (custom)
2019-10-16 05:41:01,189 [pool-67-thread-1] INFO  server.RaftServerConfigKeys (ConfUtils.java:logGet(43)) - raft.server.log.appender.buffer.byte-limit = 33554432 (custom)
2019-10-16 05:41:01,189 [pool-67-thread-1] INFO  server.RaftServerConfigKeys (ConfUtils.java:logGet(43)) - raft.server.log.segment.size.max = 1048576 (custom)
2019-10-16 05:41:01,191 [pool-67-thread-1] INFO  server.RaftServerConfigKeys (ConfUtils.java:logGet(43)) - raft.server.log.segment.cache.num.max = 2 (custom)
2019-10-16 05:41:01,192 [pool-67-thread-1] INFO  segmented.SegmentedRaftLogWorker (SegmentedRaftLogWorker.java:<init>(173)) - new a85e69e5-760c-4b40-a424-fc77673779df@group-E6F4F842CC7B-SegmentedRaftLogWorker for RaftStorage:Storage Directory /workdir/hadoop-ozone/integration-test/target/test-dir/MiniOzoneClusterImpl-2ede335a-ebf0-4a23-bcb3-98605d830964/datanode-4/data/ratis/8427b899-5c40-4f47-bce5-e6f4f842cc7b
2019-10-16 05:41:01,192 [pool-67-thread-1] INFO  server.RaftServerConfigKeys (ConfUtils.java:logGet(43)) - raft.server.log.queue.byte-limit = 2147483647 (custom)
2019-10-16 05:41:01,192 [pool-67-thread-1] INFO  server.RaftServerConfigKeys (ConfUtils.java:logGet(43)) - raft.server.log.queue.element-limit = 1024 (custom)
2019-10-16 05:41:01,192 [pool-67-thread-1] INFO  server.RaftServerConfigKeys (ConfUtils.java:logGet(43)) - raft.server.log.segment.size.max = 1048576 (custom)
2019-10-16 05:41:01,192 [pool-67-thread-1] INFO  server.RaftServerConfigKeys (ConfUtils.java:logGet(43)) - raft.server.log.preallocated.size = 16384 (custom)
2019-10-16 05:41:01,192 [pool-67-thread-1] INFO  server.RaftServerConfigKeys (ConfUtils.java:logGet(43)) - raft.server.log.write.buffer.size = 33554432 (custom)
2019-10-16 05:41:01,192 [pool-67-thread-1] INFO  server.RaftServerConfigKeys (ConfUtils.java:logGet(43)) - raft.server.log.force.sync.num = 128 (default)
2019-10-16 05:41:01,193 [pool-67-thread-1] INFO  server.RaftServerConfigKeys (ConfUtils.java:logGet(43)) - raft.server.log.statemachine.data.sync = true (default)
2019-10-16 05:41:01,193 [pool-67-thread-1] INFO  server.RaftServerConfigKeys (ConfUtils.java:logGet(43)) - raft.server.log.statemachine.data.sync.timeout = 10s (default)
2019-10-16 05:41:01,193 [pool-67-thread-1] INFO  server.RaftServerConfigKeys (ConfUtils.java:logGet(43)) - raft.server.log.statemachine.data.sync.timeout.retry = -1 (default)
2019-10-16 05:41:01,193 [pool-67-thread-1] INFO  server.RaftServerConfigKeys (ConfUtils.java:logGet(43)) - raft.server.log.statemachine.data.caching.enabled = true (custom)
2019-10-16 05:41:01,194 [pool-67-thread-1] INFO  segmented.SegmentedRaftLogWorker (SegmentedRaftLogWorker.java:lambda$new$0(128)) - a85e69e5-760c-4b40-a424-fc77673779df@group-E6F4F842CC7B-SegmentedRaftLogWorker: flushIndex: setUnconditionally 0 -> -1
2019-10-16 05:41:01,194 [pool-67-thread-1] INFO  server.RaftServerConfigKeys (ConfUtils.java:logGet(43)) - raft.server.snapshot.auto.trigger.enabled = true (custom)
2019-10-16 05:41:01,194 [pool-67-thread-1] INFO  server.RaftServerConfigKeys (ConfUtils.java:logGet(43)) - raft.server.snapshot.auto.trigger.threshold = 10000 (custom)
2019-10-16 05:41:01,194 [pool-67-thread-1] INFO  server.RaftServerConfigKeys (ConfUtils.java:logGet(43)) - raft.server.snapshot.retention.file.num = 5 (custom)
2019-10-16 05:41:01,194 [pool-67-thread-1] INFO  server.RaftServerConfigKeys (ConfUtils.java:logGet(43)) - raft.server.retrycache.expirytime = 600000ms (custom)
2019-10-16 05:41:01,199 [pool-67-thread-1] INFO  impl.RaftServerImpl (RaftServerImpl.java:start(195)) - a85e69e5-760c-4b40-a424-fc77673779df@group-E6F4F842CC7B: start as a follower, conf=-1: [a85e69e5-760c-4b40-a424-fc77673779df:192.168.69.104:37941], old=null
2019-10-16 05:41:01,199 [pool-67-thread-1] INFO  impl.RaftServerImpl (RaftServerImpl.java:setRole(184)) - a85e69e5-760c-4b40-a424-fc77673779df@group-E6F4F842CC7B: changes role from      null to FOLLOWER at term 0 for startAsFollower
2019-10-16 05:41:01,199 [pool-67-thread-1] INFO  impl.RoleInfo (RoleInfo.java:updateAndGet(143)) - a85e69e5-760c-4b40-a424-fc77673779df: start FollowerState
2019-10-16 05:41:01,199 [pool-67-thread-1] INFO  util.JmxRegister (JmxRegister.java:tryRegister(44)) - Successfully registered JMX Bean with object name Ratis:service=RaftServer,group=group-E6F4F842CC7B,id=a85e69e5-760c-4b40-a424-fc77673779df
2019-10-16 05:41:01,205 [main] INFO  ozone.MiniOzoneClusterImpl (MiniOzoneClusterImpl.java:lambda$waitForClusterToBeReady$0(147)) - Cluster is ready. Got 10 of 10 DN Heartbeats.
2019-10-16 05:41:01,220 [Thread-308] INFO  impl.FollowerState (FollowerState.java:run(108)) - 73edb6ac-4c26-463f-ad6d-00f88e6dbd58@group-500D4849A3ED-FollowerState: change to CANDIDATE, lastRpcTime:106ms, electionTimeout:102ms
2019-10-16 05:41:01,222 [Thread-308] INFO  impl.RoleInfo (RoleInfo.java:shutdownFollowerState(121)) - 73edb6ac-4c26-463f-ad6d-00f88e6dbd58: shutdown FollowerState
2019-10-16 05:41:01,222 [Thread-308] INFO  impl.RaftServerImpl (RaftServerImpl.java:setRole(184)) - 73edb6ac-4c26-463f-ad6d-00f88e6dbd58@group-500D4849A3ED: changes role from  FOLLOWER to CANDIDATE at term 0 for changeToCandidate
2019-10-16 05:41:01,223 [Thread-308] INFO  impl.RoleInfo (RoleInfo.java:updateAndGet(143)) - 73edb6ac-4c26-463f-ad6d-00f88e6dbd58: start LeaderElection
2019-10-16 05:41:01,223 [RatisPipelineUtilsThread] INFO  pipeline.PipelineStateManager (PipelineStateManager.java:addPipeline(56)) - Created pipeline Pipeline[ Id: 8427b899-5c40-4f47-bce5-e6f4f842cc7b, Nodes: a85e69e5-760c-4b40-a424-fc77673779df{ip: 192.168.69.104, host: pr-hdds-2312-q6qzp-1535798719, networkLocation: /default-rack, certSerialId: null}, Type:RATIS, Factor:ONE, State:OPEN]
2019-10-16 05:41:01,228 [Thread-305] INFO  impl.FollowerState (FollowerState.java:run(108)) - 163c5688-ede5-44ab-b3bd-c5a10f730980@group-79A52924169B-FollowerState: change to CANDIDATE, lastRpcTime:199ms, electionTimeout:196ms
2019-10-16 05:41:01,229 [Thread-305] INFO  impl.RoleInfo (RoleInfo.java:shutdownFollowerState(121)) - 163c5688-ede5-44ab-b3bd-c5a10f730980: shutdown FollowerState
2019-10-16 05:41:01,229 [Thread-305] INFO  impl.RaftServerImpl (RaftServerImpl.java:setRole(184)) - 163c5688-ede5-44ab-b3bd-c5a10f730980@group-79A52924169B: changes role from  FOLLOWER to CANDIDATE at term 0 for changeToCandidate
2019-10-16 05:41:01,229 [Thread-305] INFO  impl.RoleInfo (RoleInfo.java:updateAndGet(143)) - 163c5688-ede5-44ab-b3bd-c5a10f730980: start LeaderElection
2019-10-16 05:41:01,245 [73edb6ac-4c26-463f-ad6d-00f88e6dbd58@group-500D4849A3ED-LeaderElection5] INFO  impl.LeaderElection (LeaderElection.java:askForVotes(178)) - 73edb6ac-4c26-463f-ad6d-00f88e6dbd58@group-500D4849A3ED-LeaderElection5: begin an election at term 1 for -1: [73edb6ac-4c26-463f-ad6d-00f88e6dbd58:192.168.69.104:35488], old=null
2019-10-16 05:41:01,245 [163c5688-ede5-44ab-b3bd-c5a10f730980@group-79A52924169B-LeaderElection6] INFO  impl.LeaderElection (LeaderElection.java:askForVotes(178)) - 163c5688-ede5-44ab-b3bd-c5a10f730980@group-79A52924169B-LeaderElection6: begin an election at term 1 for -1: [163c5688-ede5-44ab-b3bd-c5a10f730980:192.168.69.104:45225], old=null
2019-10-16 05:41:01,245 [73edb6ac-4c26-463f-ad6d-00f88e6dbd58@group-500D4849A3ED-LeaderElection5] INFO  impl.RoleInfo (RoleInfo.java:shutdownLeaderElection(134)) - 73edb6ac-4c26-463f-ad6d-00f88e6dbd58: shutdown LeaderElection
2019-10-16 05:41:01,245 [163c5688-ede5-44ab-b3bd-c5a10f730980@group-79A52924169B-LeaderElection6] INFO  impl.RoleInfo (RoleInfo.java:shutdownLeaderElection(134)) - 163c5688-ede5-44ab-b3bd-c5a10f730980: shutdown LeaderElection
2019-10-16 05:41:01,245 [73edb6ac-4c26-463f-ad6d-00f88e6dbd58@group-500D4849A3ED-LeaderElection5] INFO  impl.RaftServerImpl (RaftServerImpl.java:setRole(184)) - 73edb6ac-4c26-463f-ad6d-00f88e6dbd58@group-500D4849A3ED: changes role from CANDIDATE to LEADER at term 1 for changeToLeader
2019-10-16 05:41:01,245 [163c5688-ede5-44ab-b3bd-c5a10f730980@group-79A52924169B-LeaderElection6] INFO  impl.RaftServerImpl (RaftServerImpl.java:setRole(184)) - 163c5688-ede5-44ab-b3bd-c5a10f730980@group-79A52924169B: changes role from CANDIDATE to LEADER at term 1 for changeToLeader
2019-10-16 05:41:01,245 [73edb6ac-4c26-463f-ad6d-00f88e6dbd58@group-500D4849A3ED-LeaderElection5] INFO  impl.RaftServerImpl (ServerState.java:setLeader(256)) - 73edb6ac-4c26-463f-ad6d-00f88e6dbd58@group-500D4849A3ED: change Leader from null to 73edb6ac-4c26-463f-ad6d-00f88e6dbd58 at term 1 for becomeLeader, leader elected after 144ms
2019-10-16 05:41:01,245 [163c5688-ede5-44ab-b3bd-c5a10f730980@group-79A52924169B-LeaderElection6] INFO  impl.RaftServerImpl (ServerState.java:setLeader(256)) - 163c5688-ede5-44ab-b3bd-c5a10f730980@group-79A52924169B: change Leader from null to 163c5688-ede5-44ab-b3bd-c5a10f730980 at term 1 for becomeLeader, leader elected after 229ms
2019-10-16 05:41:01,254 [73edb6ac-4c26-463f-ad6d-00f88e6dbd58@group-500D4849A3ED-LeaderElection5] INFO  server.RaftServerConfigKeys (ConfUtils.java:logGet(43)) - raft.server.staging.catchup.gap = 1000 (default)
2019-10-16 05:41:01,254 [163c5688-ede5-44ab-b3bd-c5a10f730980@group-79A52924169B-LeaderElection6] INFO  server.RaftServerConfigKeys (ConfUtils.java:logGet(43)) - raft.server.staging.catchup.gap = 1000 (default)
2019-10-16 05:41:01,254 [73edb6ac-4c26-463f-ad6d-00f88e6dbd58@group-500D4849A3ED-LeaderElection5] INFO  server.RaftServerConfigKeys (ConfUtils.java:logGet(43)) - raft.server.rpc.sleep.time = 25ms (default)
2019-10-16 05:41:01,255 [163c5688-ede5-44ab-b3bd-c5a10f730980@group-79A52924169B-LeaderElection6] INFO  server.RaftServerConfigKeys (ConfUtils.java:logGet(43)) - raft.server.rpc.sleep.time = 25ms (default)
2019-10-16 05:41:01,255 [73edb6ac-4c26-463f-ad6d-00f88e6dbd58@group-500D4849A3ED-LeaderElection5] INFO  server.RaftServerConfigKeys (ConfUtils.java:logGet(43)) - raft.server.write.element-limit = 4096 (default)
2019-10-16 05:41:01,255 [163c5688-ede5-44ab-b3bd-c5a10f730980@group-79A52924169B-LeaderElection6] INFO  server.RaftServerConfigKeys (ConfUtils.java:logGet(43)) - raft.server.write.element-limit = 4096 (default)
2019-10-16 05:41:01,255 [73edb6ac-4c26-463f-ad6d-00f88e6dbd58@group-500D4849A3ED-LeaderElection5] INFO  server.RaftServerConfigKeys (ConfUtils.java:logGet(43)) - raft.server.watch.timeout = 10s (default)
2019-10-16 05:41:01,255 [163c5688-ede5-44ab-b3bd-c5a10f730980@group-79A52924169B-LeaderElection6] INFO  server.RaftServerConfigKeys (ConfUtils.java:logGet(43)) - raft.server.watch.timeout = 10s (default)
2019-10-16 05:41:01,255 [73edb6ac-4c26-463f-ad6d-00f88e6dbd58@group-500D4849A3ED-LeaderElection5] INFO  server.RaftServerConfigKeys (ConfUtils.java:logGet(43)) - raft.server.watch.timeout.denomination = 1s (default)
2019-10-16 05:41:01,256 [163c5688-ede5-44ab-b3bd-c5a10f730980@group-79A52924169B-LeaderElection6] INFO  server.RaftServerConfigKeys (ConfUtils.java:logGet(43)) - raft.server.watch.timeout.denomination = 1s (default)
2019-10-16 05:41:01,256 [73edb6ac-4c26-463f-ad6d-00f88e6dbd58@group-500D4849A3ED-LeaderElection5] INFO  server.RaftServerConfigKeys (ConfUtils.java:logGet(43)) - raft.server.watch.element-limit = 65536 (default)
2019-10-16 05:41:01,256 [163c5688-ede5-44ab-b3bd-c5a10f730980@group-79A52924169B-LeaderElection6] INFO  server.RaftServerConfigKeys (ConfUtils.java:logGet(43)) - raft.server.watch.element-limit = 65536 (default)
2019-10-16 05:41:01,260 [73edb6ac-4c26-463f-ad6d-00f88e6dbd58@group-500D4849A3ED-LeaderElection5] INFO  impl.RoleInfo (RoleInfo.java:updateAndGet(143)) - 73edb6ac-4c26-463f-ad6d-00f88e6dbd58: start LeaderState
2019-10-16 05:41:01,262 [73edb6ac-4c26-463f-ad6d-00f88e6dbd58@group-500D4849A3ED-LeaderElection5] INFO  segmented.SegmentedRaftLogWorker (SegmentedRaftLogWorker.java:startLogSegment(385)) - 73edb6ac-4c26-463f-ad6d-00f88e6dbd58@group-500D4849A3ED-SegmentedRaftLogWorker: Starting segment from index:0
2019-10-16 05:41:01,262 [grpc-default-executor-0] INFO  impl.RaftServerProxy (RaftServerProxy.java:addNew(89)) - a92c0124-0b6b-4eab-8828-4a4218b90be6: addNew group-282A7E834449:[a92c0124-0b6b-4eab-8828-4a4218b90be6:192.168.69.104:41501] returns group-282A7E834449:java.util.concurrent.CompletableFuture@cf4d19a[Not completed]
2019-10-16 05:41:01,263 [73edb6ac-4c26-463f-ad6d-00f88e6dbd58@group-500D4849A3ED-LeaderElection5] INFO  impl.RaftServerImpl (ServerState.java:setRaftConf(357)) - 73edb6ac-4c26-463f-ad6d-00f88e6dbd58@group-500D4849A3ED: set configuration 0: [73edb6ac-4c26-463f-ad6d-00f88e6dbd58:192.168.69.104:35488], old=null at 0
2019-10-16 05:41:01,263 [163c5688-ede5-44ab-b3bd-c5a10f730980@group-79A52924169B-LeaderElection6] INFO  impl.RoleInfo (RoleInfo.java:updateAndGet(143)) - 163c5688-ede5-44ab-b3bd-c5a10f730980: start LeaderState
2019-10-16 05:41:01,265 [163c5688-ede5-44ab-b3bd-c5a10f730980@group-79A52924169B-LeaderElection6] INFO  segmented.SegmentedRaftLogWorker (SegmentedRaftLogWorker.java:startLogSegment(385)) - 163c5688-ede5-44ab-b3bd-c5a10f730980@group-79A52924169B-SegmentedRaftLogWorker: Starting segment from index:0
2019-10-16 05:41:01,266 [163c5688-ede5-44ab-b3bd-c5a10f730980@group-79A52924169B-LeaderElection6] INFO  impl.RaftServerImpl (ServerState.java:setRaftConf(357)) - 163c5688-ede5-44ab-b3bd-c5a10f730980@group-79A52924169B: set configuration 0: [163c5688-ede5-44ab-b3bd-c5a10f730980:192.168.69.104:45225], old=null at 0
2019-10-16 05:41:01,310 [pool-37-thread-1] INFO  impl.RaftServerImpl (RaftServerImpl.java:<init>(104)) - a92c0124-0b6b-4eab-8828-4a4218b90be6: new RaftServerImpl for group-282A7E834449:[a92c0124-0b6b-4eab-8828-4a4218b90be6:192.168.69.104:41501] with ContainerStateMachine:uninitialized
2019-10-16 05:41:01,310 [pool-37-thread-1] INFO  server.RaftServerConfigKeys (ConfUtils.java:logGet(43)) - raft.server.rpc.timeout.min = 1s (custom)
2019-10-16 05:41:01,310 [pool-37-thread-1] INFO  server.RaftServerConfigKeys (ConfUtils.java:logGet(43)) - raft.server.rpc.timeout.max = 1200ms (custom)
2019-10-16 05:41:01,310 [pool-37-thread-1] INFO  server.RaftServerConfigKeys (ConfUtils.java:logGet(43)) - raft.server.rpcslowness.timeout = 120s (custom)
2019-10-16 05:41:01,311 [pool-37-thread-1] INFO  server.RaftServerConfigKeys (ConfUtils.java:logGet(43)) - raft.server.sleep.deviation.threshold = 300 (default)
2019-10-16 05:41:01,311 [pool-37-thread-1] INFO  server.RaftServerConfigKeys (ConfUtils.java:logGet(43)) - raft.server.log.appender.install.snapshot.enabled = false (custom)
2019-10-16 05:41:01,311 [pool-37-thread-1] INFO  impl.RaftServerImpl (ServerState.java:<init>(103)) - a92c0124-0b6b-4eab-8828-4a4218b90be6@group-282A7E834449: ConfigurationManager, init=-1: [a92c0124-0b6b-4eab-8828-4a4218b90be6:192.168.69.104:41501], old=null, confs=<EMPTY_MAP>
2019-10-16 05:41:01,311 [pool-37-thread-1] INFO  server.RaftServerConfigKeys (ConfUtils.java:logGet(43)) - raft.server.storage.dir = [/workdir/hadoop-ozone/integration-test/target/test-dir/MiniOzoneClusterImpl-2ede335a-ebf0-4a23-bcb3-98605d830964/datanode-1/data/ratis] (custom)
2019-10-16 05:41:01,316 [pool-37-thread-1] INFO  server.RaftServerConfigKeys (ConfUtils.java:logGet(43)) - raft.server.log.corruption.policy = EXCEPTION (default)
2019-10-16 05:41:01,316 [pool-37-thread-1] INFO  storage.RaftStorageDirectory (RaftStorageDirectory.java:analyzeStorage(246)) - The storage directory /workdir/hadoop-ozone/integration-test/target/test-dir/MiniOzoneClusterImpl-2ede335a-ebf0-4a23-bcb3-98605d830964/datanode-1/data/ratis/bb4a54b3-4a0a-4bff-b1d5-282a7e834449 does not exist. Creating ...
2019-10-16 05:41:01,322 [pool-37-thread-1] INFO  storage.RaftStorageDirectory (RaftStorageDirectory.java:tryLock(328)) - Lock on /workdir/hadoop-ozone/integration-test/target/test-dir/MiniOzoneClusterImpl-2ede335a-ebf0-4a23-bcb3-98605d830964/datanode-1/data/ratis/bb4a54b3-4a0a-4bff-b1d5-282a7e834449/in_use.lock acquired by nodename 13104@pr-hdds-2312-q6qzp-1535798719
2019-10-16 05:41:01,324 [163c5688-ede5-44ab-b3bd-c5a10f730980@group-79A52924169B-SegmentedRaftLogWorker] INFO  segmented.SegmentedRaftLogWorker (SegmentedRaftLogWorker.java:execute(576)) - 163c5688-ede5-44ab-b3bd-c5a10f730980@group-79A52924169B-SegmentedRaftLogWorker: created new log segment /workdir/hadoop-ozone/integration-test/target/test-dir/MiniOzoneClusterImpl-2ede335a-ebf0-4a23-bcb3-98605d830964/datanode-9/data/ratis/afa2d74a-00cb-4d3e-bfb7-79a52924169b/current/log_inprogress_0
2019-10-16 05:41:01,322 [73edb6ac-4c26-463f-ad6d-00f88e6dbd58@group-500D4849A3ED-SegmentedRaftLogWorker] INFO  segmented.SegmentedRaftLogWorker (SegmentedRaftLogWorker.java:execute(576)) - 73edb6ac-4c26-463f-ad6d-00f88e6dbd58@group-500D4849A3ED-SegmentedRaftLogWorker: created new log segment /workdir/hadoop-ozone/integration-test/target/test-dir/MiniOzoneClusterImpl-2ede335a-ebf0-4a23-bcb3-98605d830964/datanode-5/data/ratis/47407d07-8f7f-4428-a4cc-500d4849a3ed/current/log_inprogress_0
2019-10-16 05:41:01,338 [pool-37-thread-1] INFO  storage.RaftStorage (RaftStorage.java:format(84)) - Storage directory /workdir/hadoop-ozone/integration-test/target/test-dir/MiniOzoneClusterImpl-2ede335a-ebf0-4a23-bcb3-98605d830964/datanode-1/data/ratis/bb4a54b3-4a0a-4bff-b1d5-282a7e834449 has been successfully formatted.
2019-10-16 05:41:01,338 [pool-37-thread-1] INFO  ratis.ContainerStateMachine (ContainerStateMachine.java:loadSnapshot(231)) - group-282A7E834449: The snapshot info is null. Setting the last applied indexto:(t:0, i:~)
2019-10-16 05:41:01,339 [pool-37-thread-1] INFO  server.RaftServerConfigKeys (ConfUtils.java:logGet(43)) - raft.server.notification.no-leader.timeout = 120s (custom)
2019-10-16 05:41:01,339 [pool-37-thread-1] INFO  server.RaftServerConfigKeys (ConfUtils.java:logGet(43)) - raft.server.log.use.memory = false (default)
2019-10-16 05:41:01,339 [pool-37-thread-1] INFO  server.RaftServerConfigKeys (ConfUtils.java:logGet(43)) - raft.server.log.purge.gap = 1000000 (custom)
2019-10-16 05:41:01,339 [pool-37-thread-1] INFO  server.RaftServerConfigKeys (ConfUtils.java:logGet(43)) - raft.server.log.appender.buffer.byte-limit = 33554432 (custom)
2019-10-16 05:41:01,339 [pool-37-thread-1] INFO  server.RaftServerConfigKeys (ConfUtils.java:logGet(43)) - raft.server.log.segment.size.max = 1048576 (custom)
2019-10-16 05:41:01,342 [pool-37-thread-1] INFO  server.RaftServerConfigKeys (ConfUtils.java:logGet(43)) - raft.server.log.segment.cache.num.max = 2 (custom)
2019-10-16 05:41:01,342 [pool-37-thread-1] INFO  segmented.SegmentedRaftLogWorker (SegmentedRaftLogWorker.java:<init>(173)) - new a92c0124-0b6b-4eab-8828-4a4218b90be6@group-282A7E834449-SegmentedRaftLogWorker for RaftStorage:Storage Directory /workdir/hadoop-ozone/integration-test/target/test-dir/MiniOzoneClusterImpl-2ede335a-ebf0-4a23-bcb3-98605d830964/datanode-1/data/ratis/bb4a54b3-4a0a-4bff-b1d5-282a7e834449
2019-10-16 05:41:01,343 [pool-37-thread-1] INFO  server.RaftServerConfigKeys (ConfUtils.java:logGet(43)) - raft.server.log.queue.byte-limit = 2147483647 (custom)
2019-10-16 05:41:01,343 [pool-37-thread-1] INFO  server.RaftServerConfigKeys (ConfUtils.java:logGet(43)) - raft.server.log.queue.element-limit = 1024 (custom)
2019-10-16 05:41:01,343 [pool-37-thread-1] INFO  server.RaftServerConfigKeys (ConfUtils.java:logGet(43)) - raft.server.log.segment.size.max = 1048576 (custom)
2019-10-16 05:41:01,343 [pool-37-thread-1] INFO  server.RaftServerConfigKeys (ConfUtils.java:logGet(43)) - raft.server.log.preallocated.size = 16384 (custom)
2019-10-16 05:41:01,343 [pool-37-thread-1] INFO  server.RaftServerConfigKeys (ConfUtils.java:logGet(43)) - raft.server.log.write.buffer.size = 33554432 (custom)
2019-10-16 05:41:01,343 [pool-37-thread-1] INFO  server.RaftServerConfigKeys (ConfUtils.java:logGet(43)) - raft.server.log.force.sync.num = 128 (default)
2019-10-16 05:41:01,343 [pool-37-thread-1] INFO  server.RaftServerConfigKeys (ConfUtils.java:logGet(43)) - raft.server.log.statemachine.data.sync = true (default)
2019-10-16 05:41:01,344 [pool-37-thread-1] INFO  server.RaftServerConfigKeys (ConfUtils.java:logGet(43)) - raft.server.log.statemachine.data.sync.timeout = 10s (default)
2019-10-16 05:41:01,344 [pool-37-thread-1] INFO  server.RaftServerConfigKeys (ConfUtils.java:logGet(43)) - raft.server.log.statemachine.data.sync.timeout.retry = -1 (default)
2019-10-16 05:41:01,344 [pool-37-thread-1] INFO  server.RaftServerConfigKeys (ConfUtils.java:logGet(43)) - raft.server.log.statemachine.data.caching.enabled = true (custom)
2019-10-16 05:41:01,345 [pool-37-thread-1] INFO  segmented.SegmentedRaftLogWorker (SegmentedRaftLogWorker.java:lambda$new$0(128)) - a92c0124-0b6b-4eab-8828-4a4218b90be6@group-282A7E834449-SegmentedRaftLogWorker: flushIndex: setUnconditionally 0 -> -1
2019-10-16 05:41:01,345 [pool-37-thread-1] INFO  server.RaftServerConfigKeys (ConfUtils.java:logGet(43)) - raft.server.snapshot.auto.trigger.enabled = true (custom)
2019-10-16 05:41:01,345 [pool-37-thread-1] INFO  server.RaftServerConfigKeys (ConfUtils.java:logGet(43)) - raft.server.snapshot.auto.trigger.threshold = 10000 (custom)
2019-10-16 05:41:01,345 [pool-37-thread-1] INFO  server.RaftServerConfigKeys (ConfUtils.java:logGet(43)) - raft.server.snapshot.retention.file.num = 5 (custom)
2019-10-16 05:41:01,346 [pool-37-thread-1] INFO  server.RaftServerConfigKeys (ConfUtils.java:logGet(43)) - raft.server.retrycache.expirytime = 600000ms (custom)
2019-10-16 05:41:01,350 [pool-37-thread-1] INFO  impl.RaftServerImpl (RaftServerImpl.java:start(195)) - a92c0124-0b6b-4eab-8828-4a4218b90be6@group-282A7E834449: start as a follower, conf=-1: [a92c0124-0b6b-4eab-8828-4a4218b90be6:192.168.69.104:41501], old=null
2019-10-16 05:41:01,350 [pool-37-thread-1] INFO  impl.RaftServerImpl (RaftServerImpl.java:setRole(184)) - a92c0124-0b6b-4eab-8828-4a4218b90be6@group-282A7E834449: changes role from      null to FOLLOWER at term 0 for startAsFollower
2019-10-16 05:41:01,350 [pool-37-thread-1] INFO  impl.RoleInfo (RoleInfo.java:updateAndGet(143)) - a92c0124-0b6b-4eab-8828-4a4218b90be6: start FollowerState
2019-10-16 05:41:01,351 [pool-37-thread-1] INFO  util.JmxRegister (JmxRegister.java:tryRegister(44)) - Successfully registered JMX Bean with object name Ratis:service=RaftServer,group=group-282A7E834449,id=a92c0124-0b6b-4eab-8828-4a4218b90be6
2019-10-16 05:41:01,353 [Thread-311] INFO  impl.FollowerState (FollowerState.java:run(108)) - a85e69e5-760c-4b40-a424-fc77673779df@group-E6F4F842CC7B-FollowerState: change to CANDIDATE, lastRpcTime:154ms, electionTimeout:154ms
2019-10-16 05:41:01,354 [Thread-311] INFO  impl.RoleInfo (RoleInfo.java:shutdownFollowerState(121)) - a85e69e5-760c-4b40-a424-fc77673779df: shutdown FollowerState
2019-10-16 05:41:01,354 [Thread-311] INFO  impl.RaftServerImpl (RaftServerImpl.java:setRole(184)) - a85e69e5-760c-4b40-a424-fc77673779df@group-E6F4F842CC7B: changes role from  FOLLOWER to CANDIDATE at term 0 for changeToCandidate
2019-10-16 05:41:01,354 [Thread-311] INFO  impl.RoleInfo (RoleInfo.java:updateAndGet(143)) - a85e69e5-760c-4b40-a424-fc77673779df: start LeaderElection
2019-10-16 05:41:01,373 [RatisPipelineUtilsThread] INFO  pipeline.PipelineStateManager (PipelineStateManager.java:addPipeline(56)) - Created pipeline Pipeline[ Id: bb4a54b3-4a0a-4bff-b1d5-282a7e834449, Nodes: a92c0124-0b6b-4eab-8828-4a4218b90be6{ip: 192.168.69.104, host: pr-hdds-2312-q6qzp-1535798719, networkLocation: /default-rack, certSerialId: null}, Type:RATIS, Factor:ONE, State:OPEN]
2019-10-16 05:41:01,374 [a85e69e5-760c-4b40-a424-fc77673779df@group-E6F4F842CC7B-LeaderElection7] INFO  impl.LeaderElection (LeaderElection.java:askForVotes(178)) - a85e69e5-760c-4b40-a424-fc77673779df@group-E6F4F842CC7B-LeaderElection7: begin an election at term 1 for -1: [a85e69e5-760c-4b40-a424-fc77673779df:192.168.69.104:37941], old=null
2019-10-16 05:41:01,374 [a85e69e5-760c-4b40-a424-fc77673779df@group-E6F4F842CC7B-LeaderElection7] INFO  impl.RoleInfo (RoleInfo.java:shutdownLeaderElection(134)) - a85e69e5-760c-4b40-a424-fc77673779df: shutdown LeaderElection
2019-10-16 05:41:01,374 [a85e69e5-760c-4b40-a424-fc77673779df@group-E6F4F842CC7B-LeaderElection7] INFO  impl.RaftServerImpl (RaftServerImpl.java:setRole(184)) - a85e69e5-760c-4b40-a424-fc77673779df@group-E6F4F842CC7B: changes role from CANDIDATE to LEADER at term 1 for changeToLeader
2019-10-16 05:41:01,374 [a85e69e5-760c-4b40-a424-fc77673779df@group-E6F4F842CC7B-LeaderElection7] INFO  impl.RaftServerImpl (ServerState.java:setLeader(256)) - a85e69e5-760c-4b40-a424-fc77673779df@group-E6F4F842CC7B: change Leader from null to a85e69e5-760c-4b40-a424-fc77673779df at term 1 for becomeLeader, leader elected after 185ms
2019-10-16 05:41:01,374 [a85e69e5-760c-4b40-a424-fc77673779df@group-E6F4F842CC7B-LeaderElection7] INFO  server.RaftServerConfigKeys (ConfUtils.java:logGet(43)) - raft.server.staging.catchup.gap = 1000 (default)
2019-10-16 05:41:01,375 [a85e69e5-760c-4b40-a424-fc77673779df@group-E6F4F842CC7B-LeaderElection7] INFO  server.RaftServerConfigKeys (ConfUtils.java:logGet(43)) - raft.server.rpc.sleep.time = 25ms (default)
2019-10-16 05:41:01,375 [a85e69e5-760c-4b40-a424-fc77673779df@group-E6F4F842CC7B-LeaderElection7] INFO  server.RaftServerConfigKeys (ConfUtils.java:logGet(43)) - raft.server.write.element-limit = 4096 (default)
2019-10-16 05:41:01,375 [a85e69e5-760c-4b40-a424-fc77673779df@group-E6F4F842CC7B-LeaderElection7] INFO  server.RaftServerConfigKeys (ConfUtils.java:logGet(43)) - raft.server.watch.timeout = 10s (default)
2019-10-16 05:41:01,375 [a85e69e5-760c-4b40-a424-fc77673779df@group-E6F4F842CC7B-LeaderElection7] INFO  server.RaftServerConfigKeys (ConfUtils.java:logGet(43)) - raft.server.watch.timeout.denomination = 1s (default)
2019-10-16 05:41:01,375 [a85e69e5-760c-4b40-a424-fc77673779df@group-E6F4F842CC7B-LeaderElection7] INFO  server.RaftServerConfigKeys (ConfUtils.java:logGet(43)) - raft.server.watch.element-limit = 65536 (default)
2019-10-16 05:41:01,386 [a85e69e5-760c-4b40-a424-fc77673779df@group-E6F4F842CC7B-LeaderElection7] INFO  impl.RoleInfo (RoleInfo.java:updateAndGet(143)) - a85e69e5-760c-4b40-a424-fc77673779df: start LeaderState
2019-10-16 05:41:01,387 [a85e69e5-760c-4b40-a424-fc77673779df@group-E6F4F842CC7B-LeaderElection7] INFO  segmented.SegmentedRaftLogWorker (SegmentedRaftLogWorker.java:startLogSegment(385)) - a85e69e5-760c-4b40-a424-fc77673779df@group-E6F4F842CC7B-SegmentedRaftLogWorker: Starting segment from index:0
2019-10-16 05:41:01,388 [a85e69e5-760c-4b40-a424-fc77673779df@group-E6F4F842CC7B-LeaderElection7] INFO  impl.RaftServerImpl (ServerState.java:setRaftConf(357)) - a85e69e5-760c-4b40-a424-fc77673779df@group-E6F4F842CC7B: set configuration 0: [a85e69e5-760c-4b40-a424-fc77673779df:192.168.69.104:37941], old=null at 0
2019-10-16 05:41:01,431 [Thread-318] INFO  impl.FollowerState (FollowerState.java:run(108)) - a92c0124-0b6b-4eab-8828-4a4218b90be6@group-282A7E834449-FollowerState: change to CANDIDATE, lastRpcTime:80ms, electionTimeout:79ms
2019-10-16 05:41:01,434 [Thread-318] INFO  impl.RoleInfo (RoleInfo.java:shutdownFollowerState(121)) - a92c0124-0b6b-4eab-8828-4a4218b90be6: shutdown FollowerState
2019-10-16 05:41:01,436 [Thread-318] INFO  impl.RaftServerImpl (RaftServerImpl.java:setRole(184)) - a92c0124-0b6b-4eab-8828-4a4218b90be6@group-282A7E834449: changes role from  FOLLOWER to CANDIDATE at term 0 for changeToCandidate
2019-10-16 05:41:01,436 [Thread-318] INFO  impl.RoleInfo (RoleInfo.java:updateAndGet(143)) - a92c0124-0b6b-4eab-8828-4a4218b90be6: start LeaderElection
2019-10-16 05:41:01,447 [grpc-default-executor-0] INFO  impl.RaftServerProxy (RaftServerProxy.java:addNew(89)) - 8fe94103-1ee8-4728-abac-39da8dc74e05: addNew group-183B0424CEEB:[8fe94103-1ee8-4728-abac-39da8dc74e05:192.168.69.104:44899] returns group-183B0424CEEB:java.util.concurrent.CompletableFuture@513084a[Not completed]
2019-10-16 05:41:01,451 [pool-57-thread-1] INFO  impl.RaftServerImpl (RaftServerImpl.java:<init>(104)) - 8fe94103-1ee8-4728-abac-39da8dc74e05: new RaftServerImpl for group-183B0424CEEB:[8fe94103-1ee8-4728-abac-39da8dc74e05:192.168.69.104:44899] with ContainerStateMachine:uninitialized
2019-10-16 05:41:01,451 [pool-57-thread-1] INFO  server.RaftServerConfigKeys (ConfUtils.java:logGet(43)) - raft.server.rpc.timeout.min = 1s (custom)
2019-10-16 05:41:01,451 [pool-57-thread-1] INFO  server.RaftServerConfigKeys (ConfUtils.java:logGet(43)) - raft.server.rpc.timeout.max = 1200ms (custom)
2019-10-16 05:41:01,451 [pool-57-thread-1] INFO  server.RaftServerConfigKeys (ConfUtils.java:logGet(43)) - raft.server.rpcslowness.timeout = 120s (custom)
2019-10-16 05:41:01,451 [pool-57-thread-1] INFO  server.RaftServerConfigKeys (ConfUtils.java:logGet(43)) - raft.server.sleep.deviation.threshold = 300 (default)
2019-10-16 05:41:01,452 [pool-57-thread-1] INFO  server.RaftServerConfigKeys (ConfUtils.java:logGet(43)) - raft.server.log.appender.install.snapshot.enabled = false (custom)
2019-10-16 05:41:01,452 [pool-57-thread-1] INFO  impl.RaftServerImpl (ServerState.java:<init>(103)) - 8fe94103-1ee8-4728-abac-39da8dc74e05@group-183B0424CEEB: ConfigurationManager, init=-1: [8fe94103-1ee8-4728-abac-39da8dc74e05:192.168.69.104:44899], old=null, confs=<EMPTY_MAP>
2019-10-16 05:41:01,452 [pool-57-thread-1] INFO  server.RaftServerConfigKeys (ConfUtils.java:logGet(43)) - raft.server.storage.dir = [/workdir/hadoop-ozone/integration-test/target/test-dir/MiniOzoneClusterImpl-2ede335a-ebf0-4a23-bcb3-98605d830964/datanode-3/data/ratis] (custom)
2019-10-16 05:41:01,452 [pool-57-thread-1] INFO  server.RaftServerConfigKeys (ConfUtils.java:logGet(43)) - raft.server.log.corruption.policy = EXCEPTION (default)
2019-10-16 05:41:01,452 [pool-57-thread-1] INFO  storage.RaftStorageDirectory (RaftStorageDirectory.java:analyzeStorage(246)) - The storage directory /workdir/hadoop-ozone/integration-test/target/test-dir/MiniOzoneClusterImpl-2ede335a-ebf0-4a23-bcb3-98605d830964/datanode-3/data/ratis/ee921589-62c7-471d-9dc8-183b0424ceeb does not exist. Creating ...
2019-10-16 05:41:01,454 [a85e69e5-760c-4b40-a424-fc77673779df@group-E6F4F842CC7B-SegmentedRaftLogWorker] INFO  segmented.SegmentedRaftLogWorker (SegmentedRaftLogWorker.java:execute(576)) - a85e69e5-760c-4b40-a424-fc77673779df@group-E6F4F842CC7B-SegmentedRaftLogWorker: created new log segment /workdir/hadoop-ozone/integration-test/target/test-dir/MiniOzoneClusterImpl-2ede335a-ebf0-4a23-bcb3-98605d830964/datanode-4/data/ratis/8427b899-5c40-4f47-bce5-e6f4f842cc7b/current/log_inprogress_0
2019-10-16 05:41:01,454 [a92c0124-0b6b-4eab-8828-4a4218b90be6@group-282A7E834449-LeaderElection8] INFO  impl.LeaderElection (LeaderElection.java:askForVotes(178)) - a92c0124-0b6b-4eab-8828-4a4218b90be6@group-282A7E834449-LeaderElection8: begin an election at term 1 for -1: [a92c0124-0b6b-4eab-8828-4a4218b90be6:192.168.69.104:41501], old=null
2019-10-16 05:41:01,454 [a92c0124-0b6b-4eab-8828-4a4218b90be6@group-282A7E834449-LeaderElection8] INFO  impl.RoleInfo (RoleInfo.java:shutdownLeaderElection(134)) - a92c0124-0b6b-4eab-8828-4a4218b90be6: shutdown LeaderElection
2019-10-16 05:41:01,455 [a92c0124-0b6b-4eab-8828-4a4218b90be6@group-282A7E834449-LeaderElection8] INFO  impl.RaftServerImpl (RaftServerImpl.java:setRole(184)) - a92c0124-0b6b-4eab-8828-4a4218b90be6@group-282A7E834449: changes role from CANDIDATE to LEADER at term 1 for changeToLeader
2019-10-16 05:41:01,455 [a92c0124-0b6b-4eab-8828-4a4218b90be6@group-282A7E834449-LeaderElection8] INFO  impl.RaftServerImpl (ServerState.java:setLeader(256)) - a92c0124-0b6b-4eab-8828-4a4218b90be6@group-282A7E834449: change Leader from null to a92c0124-0b6b-4eab-8828-4a4218b90be6 at term 1 for becomeLeader, leader elected after 116ms
2019-10-16 05:41:01,455 [a92c0124-0b6b-4eab-8828-4a4218b90be6@group-282A7E834449-LeaderElection8] INFO  server.RaftServerConfigKeys (ConfUtils.java:logGet(43)) - raft.server.staging.catchup.gap = 1000 (default)
2019-10-16 05:41:01,455 [a92c0124-0b6b-4eab-8828-4a4218b90be6@group-282A7E834449-LeaderElection8] INFO  server.RaftServerConfigKeys (ConfUtils.java:logGet(43)) - raft.server.rpc.sleep.time = 25ms (default)
2019-10-16 05:41:01,455 [a92c0124-0b6b-4eab-8828-4a4218b90be6@group-282A7E834449-LeaderElection8] INFO  server.RaftServerConfigKeys (ConfUtils.java:logGet(43)) - raft.server.write.element-limit = 4096 (default)
2019-10-16 05:41:01,455 [a92c0124-0b6b-4eab-8828-4a4218b90be6@group-282A7E834449-LeaderElection8] INFO  server.RaftServerConfigKeys (ConfUtils.java:logGet(43)) - raft.server.watch.timeout = 10s (default)
2019-10-16 05:41:01,456 [a92c0124-0b6b-4eab-8828-4a4218b90be6@group-282A7E834449-LeaderElection8] INFO  server.RaftServerConfigKeys (ConfUtils.java:logGet(43)) - raft.server.watch.timeout.denomination = 1s (default)
2019-10-16 05:41:01,456 [a92c0124-0b6b-4eab-8828-4a4218b90be6@group-282A7E834449-LeaderElection8] INFO  server.RaftServerConfigKeys (ConfUtils.java:logGet(43)) - raft.server.watch.element-limit = 65536 (default)
2019-10-16 05:41:01,457 [pool-57-thread-1] INFO  storage.RaftStorageDirectory (RaftStorageDirectory.java:tryLock(328)) - Lock on /workdir/hadoop-ozone/integration-test/target/test-dir/MiniOzoneClusterImpl-2ede335a-ebf0-4a23-bcb3-98605d830964/datanode-3/data/ratis/ee921589-62c7-471d-9dc8-183b0424ceeb/in_use.lock acquired by nodename 13104@pr-hdds-2312-q6qzp-1535798719
2019-10-16 05:41:01,468 [a92c0124-0b6b-4eab-8828-4a4218b90be6@group-282A7E834449-LeaderElection8] INFO  impl.RoleInfo (RoleInfo.java:updateAndGet(143)) - a92c0124-0b6b-4eab-8828-4a4218b90be6: start LeaderState
2019-10-16 05:41:01,468 [a92c0124-0b6b-4eab-8828-4a4218b90be6@group-282A7E834449-LeaderElection8] INFO  segmented.SegmentedRaftLogWorker (SegmentedRaftLogWorker.java:startLogSegment(385)) - a92c0124-0b6b-4eab-8828-4a4218b90be6@group-282A7E834449-SegmentedRaftLogWorker: Starting segment from index:0
2019-10-16 05:41:01,469 [a92c0124-0b6b-4eab-8828-4a4218b90be6@group-282A7E834449-LeaderElection8] INFO  impl.RaftServerImpl (ServerState.java:setRaftConf(357)) - a92c0124-0b6b-4eab-8828-4a4218b90be6@group-282A7E834449: set configuration 0: [a92c0124-0b6b-4eab-8828-4a4218b90be6:192.168.69.104:41501], old=null at 0
2019-10-16 05:41:01,499 [pool-57-thread-1] INFO  storage.RaftStorage (RaftStorage.java:format(84)) - Storage directory /workdir/hadoop-ozone/integration-test/target/test-dir/MiniOzoneClusterImpl-2ede335a-ebf0-4a23-bcb3-98605d830964/datanode-3/data/ratis/ee921589-62c7-471d-9dc8-183b0424ceeb has been successfully formatted.
2019-10-16 05:41:01,500 [pool-57-thread-1] INFO  ratis.ContainerStateMachine (ContainerStateMachine.java:loadSnapshot(231)) - group-183B0424CEEB: The snapshot info is null. Setting the last applied indexto:(t:0, i:~)
2019-10-16 05:41:01,501 [pool-57-thread-1] INFO  server.RaftServerConfigKeys (ConfUtils.java:logGet(43)) - raft.server.notification.no-leader.timeout = 120s (custom)
2019-10-16 05:41:01,501 [pool-57-thread-1] INFO  server.RaftServerConfigKeys (ConfUtils.java:logGet(43)) - raft.server.log.use.memory = false (default)
2019-10-16 05:41:01,501 [pool-57-thread-1] INFO  server.RaftServerConfigKeys (ConfUtils.java:logGet(43)) - raft.server.log.purge.gap = 1000000 (custom)
2019-10-16 05:41:01,502 [pool-57-thread-1] INFO  server.RaftServerConfigKeys (ConfUtils.java:logGet(43)) - raft.server.log.appender.buffer.byte-limit = 33554432 (custom)
2019-10-16 05:41:01,502 [pool-57-thread-1] INFO  server.RaftServerConfigKeys (ConfUtils.java:logGet(43)) - raft.server.log.segment.size.max = 1048576 (custom)
2019-10-16 05:41:01,504 [pool-57-thread-1] INFO  server.RaftServerConfigKeys (ConfUtils.java:logGet(43)) - raft.server.log.segment.cache.num.max = 2 (custom)
2019-10-16 05:41:01,505 [pool-57-thread-1] INFO  segmented.SegmentedRaftLogWorker (SegmentedRaftLogWorker.java:<init>(173)) - new 8fe94103-1ee8-4728-abac-39da8dc74e05@group-183B0424CEEB-SegmentedRaftLogWorker for RaftStorage:Storage Directory /workdir/hadoop-ozone/integration-test/target/test-dir/MiniOzoneClusterImpl-2ede335a-ebf0-4a23-bcb3-98605d830964/datanode-3/data/ratis/ee921589-62c7-471d-9dc8-183b0424ceeb
2019-10-16 05:41:01,505 [pool-57-thread-1] INFO  server.RaftServerConfigKeys (ConfUtils.java:logGet(43)) - raft.server.log.queue.byte-limit = 2147483647 (custom)
2019-10-16 05:41:01,505 [pool-57-thread-1] INFO  server.RaftServerConfigKeys (ConfUtils.java:logGet(43)) - raft.server.log.queue.element-limit = 1024 (custom)
2019-10-16 05:41:01,505 [pool-57-thread-1] INFO  server.RaftServerConfigKeys (ConfUtils.java:logGet(43)) - raft.server.log.segment.size.max = 1048576 (custom)
2019-10-16 05:41:01,505 [pool-57-thread-1] INFO  server.RaftServerConfigKeys (ConfUtils.java:logGet(43)) - raft.server.log.preallocated.size = 16384 (custom)
2019-10-16 05:41:01,505 [pool-57-thread-1] INFO  server.RaftServerConfigKeys (ConfUtils.java:logGet(43)) - raft.server.log.write.buffer.size = 33554432 (custom)
2019-10-16 05:41:01,505 [pool-57-thread-1] INFO  server.RaftServerConfigKeys (ConfUtils.java:logGet(43)) - raft.server.log.force.sync.num = 128 (default)
2019-10-16 05:41:01,506 [pool-57-thread-1] INFO  server.RaftServerConfigKeys (ConfUtils.java:logGet(43)) - raft.server.log.statemachine.data.sync = true (default)
2019-10-16 05:41:01,506 [pool-57-thread-1] INFO  server.RaftServerConfigKeys (ConfUtils.java:logGet(43)) - raft.server.log.statemachine.data.sync.timeout = 10s (default)
2019-10-16 05:41:01,506 [pool-57-thread-1] INFO  server.RaftServerConfigKeys (ConfUtils.java:logGet(43)) - raft.server.log.statemachine.data.sync.timeout.retry = -1 (default)
2019-10-16 05:41:01,506 [pool-57-thread-1] INFO  server.RaftServerConfigKeys (ConfUtils.java:logGet(43)) - raft.server.log.statemachine.data.caching.enabled = true (custom)
2019-10-16 05:41:01,507 [pool-57-thread-1] INFO  segmented.SegmentedRaftLogWorker (SegmentedRaftLogWorker.java:lambda$new$0(128)) - 8fe94103-1ee8-4728-abac-39da8dc74e05@group-183B0424CEEB-SegmentedRaftLogWorker: flushIndex: setUnconditionally 0 -> -1
2019-10-16 05:41:01,507 [pool-57-thread-1] INFO  server.RaftServerConfigKeys (ConfUtils.java:logGet(43)) - raft.server.snapshot.auto.trigger.enabled = true (custom)
2019-10-16 05:41:01,507 [pool-57-thread-1] INFO  server.RaftServerConfigKeys (ConfUtils.java:logGet(43)) - raft.server.snapshot.auto.trigger.threshold = 10000 (custom)
2019-10-16 05:41:01,507 [pool-57-thread-1] INFO  server.RaftServerConfigKeys (ConfUtils.java:logGet(43)) - raft.server.snapshot.retention.file.num = 5 (custom)
2019-10-16 05:41:01,507 [pool-57-thread-1] INFO  server.RaftServerConfigKeys (ConfUtils.java:logGet(43)) - raft.server.retrycache.expirytime = 600000ms (custom)
2019-10-16 05:41:01,511 [pool-57-thread-1] INFO  impl.RaftServerImpl (RaftServerImpl.java:start(195)) - 8fe94103-1ee8-4728-abac-39da8dc74e05@group-183B0424CEEB: start as a follower, conf=-1: [8fe94103-1ee8-4728-abac-39da8dc74e05:192.168.69.104:44899], old=null
2019-10-16 05:41:01,512 [pool-57-thread-1] INFO  impl.RaftServerImpl (RaftServerImpl.java:setRole(184)) - 8fe94103-1ee8-4728-abac-39da8dc74e05@group-183B0424CEEB: changes role from      null to FOLLOWER at term 0 for startAsFollower
2019-10-16 05:41:01,512 [a92c0124-0b6b-4eab-8828-4a4218b90be6@group-282A7E834449-SegmentedRaftLogWorker] INFO  segmented.SegmentedRaftLogWorker (SegmentedRaftLogWorker.java:execute(576)) - a92c0124-0b6b-4eab-8828-4a4218b90be6@group-282A7E834449-SegmentedRaftLogWorker: created new log segment /workdir/hadoop-ozone/integration-test/target/test-dir/MiniOzoneClusterImpl-2ede335a-ebf0-4a23-bcb3-98605d830964/datanode-1/data/ratis/bb4a54b3-4a0a-4bff-b1d5-282a7e834449/current/log_inprogress_0
2019-10-16 05:41:01,512 [pool-57-thread-1] INFO  impl.RoleInfo (RoleInfo.java:updateAndGet(143)) - 8fe94103-1ee8-4728-abac-39da8dc74e05: start FollowerState
2019-10-16 05:41:01,512 [pool-57-thread-1] INFO  util.JmxRegister (JmxRegister.java:tryRegister(44)) - Successfully registered JMX Bean with object name Ratis:service=RaftServer,group=group-183B0424CEEB,id=8fe94103-1ee8-4728-abac-39da8dc74e05
2019-10-16 05:41:01,526 [RatisPipelineUtilsThread] INFO  pipeline.PipelineStateManager (PipelineStateManager.java:addPipeline(56)) - Created pipeline Pipeline[ Id: ee921589-62c7-471d-9dc8-183b0424ceeb, Nodes: 8fe94103-1ee8-4728-abac-39da8dc74e05{ip: 192.168.69.104, host: pr-hdds-2312-q6qzp-1535798719, networkLocation: /default-rack, certSerialId: null}, Type:RATIS, Factor:ONE, State:OPEN]
2019-10-16 05:41:01,547 [grpc-default-executor-0] INFO  impl.RaftServerProxy (RaftServerProxy.java:addNew(89)) - 906511fb-aae2-435f-94b3-d46461ade586: addNew group-C555C49074BE:[906511fb-aae2-435f-94b3-d46461ade586:192.168.69.104:32980] returns group-C555C49074BE:java.util.concurrent.CompletableFuture@69d85d66[Not completed]
2019-10-16 05:41:01,549 [pool-97-thread-1] INFO  impl.RaftServerImpl (RaftServerImpl.java:<init>(104)) - 906511fb-aae2-435f-94b3-d46461ade586: new RaftServerImpl for group-C555C49074BE:[906511fb-aae2-435f-94b3-d46461ade586:192.168.69.104:32980] with ContainerStateMachine:uninitialized
2019-10-16 05:41:01,549 [pool-97-thread-1] INFO  server.RaftServerConfigKeys (ConfUtils.java:logGet(43)) - raft.server.rpc.timeout.min = 1s (custom)
2019-10-16 05:41:01,549 [pool-97-thread-1] INFO  server.RaftServerConfigKeys (ConfUtils.java:logGet(43)) - raft.server.rpc.timeout.max = 1200ms (custom)
2019-10-16 05:41:01,550 [pool-97-thread-1] INFO  server.RaftServerConfigKeys (ConfUtils.java:logGet(43)) - raft.server.rpcslowness.timeout = 120s (custom)
2019-10-16 05:41:01,550 [pool-97-thread-1] INFO  server.RaftServerConfigKeys (ConfUtils.java:logGet(43)) - raft.server.sleep.deviation.threshold = 300 (default)
2019-10-16 05:41:01,550 [pool-97-thread-1] INFO  server.RaftServerConfigKeys (ConfUtils.java:logGet(43)) - raft.server.log.appender.install.snapshot.enabled = false (custom)
2019-10-16 05:41:01,550 [pool-97-thread-1] INFO  impl.RaftServerImpl (ServerState.java:<init>(103)) - 906511fb-aae2-435f-94b3-d46461ade586@group-C555C49074BE: ConfigurationManager, init=-1: [906511fb-aae2-435f-94b3-d46461ade586:192.168.69.104:32980], old=null, confs=<EMPTY_MAP>
2019-10-16 05:41:01,550 [pool-97-thread-1] INFO  server.RaftServerConfigKeys (ConfUtils.java:logGet(43)) - raft.server.storage.dir = [/workdir/hadoop-ozone/integration-test/target/test-dir/MiniOzoneClusterImpl-2ede335a-ebf0-4a23-bcb3-98605d830964/datanode-7/data/ratis] (custom)
2019-10-16 05:41:01,550 [pool-97-thread-1] INFO  server.RaftServerConfigKeys (ConfUtils.java:logGet(43)) - raft.server.log.corruption.policy = EXCEPTION (default)
2019-10-16 05:41:01,550 [pool-97-thread-1] INFO  storage.RaftStorageDirectory (RaftStorageDirectory.java:analyzeStorage(246)) - The storage directory /workdir/hadoop-ozone/integration-test/target/test-dir/MiniOzoneClusterImpl-2ede335a-ebf0-4a23-bcb3-98605d830964/datanode-7/data/ratis/87e21cd0-3485-4f36-b209-c555c49074be does not exist. Creating ...
2019-10-16 05:41:01,557 [Thread-325] INFO  impl.FollowerState (FollowerState.java:run(108)) - 8fe94103-1ee8-4728-abac-39da8dc74e05@group-183B0424CEEB-FollowerState: change to CANDIDATE, lastRpcTime:45ms, electionTimeout:45ms
2019-10-16 05:41:01,557 [Thread-325] INFO  impl.RoleInfo (RoleInfo.java:shutdownFollowerState(121)) - 8fe94103-1ee8-4728-abac-39da8dc74e05: shutdown FollowerState
2019-10-16 05:41:01,558 [Thread-325] INFO  impl.RaftServerImpl (RaftServerImpl.java:setRole(184)) - 8fe94103-1ee8-4728-abac-39da8dc74e05@group-183B0424CEEB: changes role from  FOLLOWER to CANDIDATE at term 0 for changeToCandidate
2019-10-16 05:41:01,558 [Thread-325] INFO  impl.RoleInfo (RoleInfo.java:updateAndGet(143)) - 8fe94103-1ee8-4728-abac-39da8dc74e05: start LeaderElection
2019-10-16 05:41:01,564 [pool-97-thread-1] INFO  storage.RaftStorageDirectory (RaftStorageDirectory.java:tryLock(328)) - Lock on /workdir/hadoop-ozone/integration-test/target/test-dir/MiniOzoneClusterImpl-2ede335a-ebf0-4a23-bcb3-98605d830964/datanode-7/data/ratis/87e21cd0-3485-4f36-b209-c555c49074be/in_use.lock acquired by nodename 13104@pr-hdds-2312-q6qzp-1535798719
2019-10-16 05:41:01,564 [8fe94103-1ee8-4728-abac-39da8dc74e05@group-183B0424CEEB-LeaderElection9] INFO  impl.LeaderElection (LeaderElection.java:askForVotes(178)) - 8fe94103-1ee8-4728-abac-39da8dc74e05@group-183B0424CEEB-LeaderElection9: begin an election at term 1 for -1: [8fe94103-1ee8-4728-abac-39da8dc74e05:192.168.69.104:44899], old=null
2019-10-16 05:41:01,564 [8fe94103-1ee8-4728-abac-39da8dc74e05@group-183B0424CEEB-LeaderElection9] INFO  impl.RoleInfo (RoleInfo.java:shutdownLeaderElection(134)) - 8fe94103-1ee8-4728-abac-39da8dc74e05: shutdown LeaderElection
2019-10-16 05:41:01,564 [8fe94103-1ee8-4728-abac-39da8dc74e05@group-183B0424CEEB-LeaderElection9] INFO  impl.RaftServerImpl (RaftServerImpl.java:setRole(184)) - 8fe94103-1ee8-4728-abac-39da8dc74e05@group-183B0424CEEB: changes role from CANDIDATE to LEADER at term 1 for changeToLeader
2019-10-16 05:41:01,564 [8fe94103-1ee8-4728-abac-39da8dc74e05@group-183B0424CEEB-LeaderElection9] INFO  impl.RaftServerImpl (ServerState.java:setLeader(256)) - 8fe94103-1ee8-4728-abac-39da8dc74e05@group-183B0424CEEB: change Leader from null to 8fe94103-1ee8-4728-abac-39da8dc74e05 at term 1 for becomeLeader, leader elected after 64ms
2019-10-16 05:41:01,565 [8fe94103-1ee8-4728-abac-39da8dc74e05@group-183B0424CEEB-LeaderElection9] INFO  server.RaftServerConfigKeys (ConfUtils.java:logGet(43)) - raft.server.staging.catchup.gap = 1000 (default)
2019-10-16 05:41:01,565 [8fe94103-1ee8-4728-abac-39da8dc74e05@group-183B0424CEEB-LeaderElection9] INFO  server.RaftServerConfigKeys (ConfUtils.java:logGet(43)) - raft.server.rpc.sleep.time = 25ms (default)
2019-10-16 05:41:01,566 [8fe94103-1ee8-4728-abac-39da8dc74e05@group-183B0424CEEB-LeaderElection9] INFO  server.RaftServerConfigKeys (ConfUtils.java:logGet(43)) - raft.server.write.element-limit = 4096 (default)
2019-10-16 05:41:01,566 [8fe94103-1ee8-4728-abac-39da8dc74e05@group-183B0424CEEB-LeaderElection9] INFO  server.RaftServerConfigKeys (ConfUtils.java:logGet(43)) - raft.server.watch.timeout = 10s (default)
2019-10-16 05:41:01,566 [8fe94103-1ee8-4728-abac-39da8dc74e05@group-183B0424CEEB-LeaderElection9] INFO  server.RaftServerConfigKeys (ConfUtils.java:logGet(43)) - raft.server.watch.timeout.denomination = 1s (default)
2019-10-16 05:41:01,567 [8fe94103-1ee8-4728-abac-39da8dc74e05@group-183B0424CEEB-LeaderElection9] INFO  server.RaftServerConfigKeys (ConfUtils.java:logGet(43)) - raft.server.watch.element-limit = 65536 (default)
2019-10-16 05:41:01,569 [8fe94103-1ee8-4728-abac-39da8dc74e05@group-183B0424CEEB-LeaderElection9] INFO  impl.RoleInfo (RoleInfo.java:updateAndGet(143)) - 8fe94103-1ee8-4728-abac-39da8dc74e05: start LeaderState
2019-10-16 05:41:01,570 [8fe94103-1ee8-4728-abac-39da8dc74e05@group-183B0424CEEB-LeaderElection9] INFO  segmented.SegmentedRaftLogWorker (SegmentedRaftLogWorker.java:startLogSegment(385)) - 8fe94103-1ee8-4728-abac-39da8dc74e05@group-183B0424CEEB-SegmentedRaftLogWorker: Starting segment from index:0
2019-10-16 05:41:01,570 [8fe94103-1ee8-4728-abac-39da8dc74e05@group-183B0424CEEB-LeaderElection9] INFO  impl.RaftServerImpl (ServerState.java:setRaftConf(357)) - 8fe94103-1ee8-4728-abac-39da8dc74e05@group-183B0424CEEB: set configuration 0: [8fe94103-1ee8-4728-abac-39da8dc74e05:192.168.69.104:44899], old=null at 0
2019-10-16 05:41:01,598 [pool-97-thread-1] INFO  storage.RaftStorage (RaftStorage.java:format(84)) - Storage directory /workdir/hadoop-ozone/integration-test/target/test-dir/MiniOzoneClusterImpl-2ede335a-ebf0-4a23-bcb3-98605d830964/datanode-7/data/ratis/87e21cd0-3485-4f36-b209-c555c49074be has been successfully formatted.
2019-10-16 05:41:01,598 [pool-97-thread-1] INFO  ratis.ContainerStateMachine (ContainerStateMachine.java:loadSnapshot(231)) - group-C555C49074BE: The snapshot info is null. Setting the last applied indexto:(t:0, i:~)
2019-10-16 05:41:01,599 [pool-97-thread-1] INFO  server.RaftServerConfigKeys (ConfUtils.java:logGet(43)) - raft.server.notification.no-leader.timeout = 120s (custom)
2019-10-16 05:41:01,599 [pool-97-thread-1] INFO  server.RaftServerConfigKeys (ConfUtils.java:logGet(43)) - raft.server.log.use.memory = false (default)
2019-10-16 05:41:01,599 [pool-97-thread-1] INFO  server.RaftServerConfigKeys (ConfUtils.java:logGet(43)) - raft.server.log.purge.gap = 1000000 (custom)
2019-10-16 05:41:01,599 [pool-97-thread-1] INFO  server.RaftServerConfigKeys (ConfUtils.java:logGet(43)) - raft.server.log.appender.buffer.byte-limit = 33554432 (custom)
2019-10-16 05:41:01,599 [pool-97-thread-1] INFO  server.RaftServerConfigKeys (ConfUtils.java:logGet(43)) - raft.server.log.segment.size.max = 1048576 (custom)
2019-10-16 05:41:01,601 [pool-97-thread-1] INFO  server.RaftServerConfigKeys (ConfUtils.java:logGet(43)) - raft.server.log.segment.cache.num.max = 2 (custom)
2019-10-16 05:41:01,601 [pool-97-thread-1] INFO  segmented.SegmentedRaftLogWorker (SegmentedRaftLogWorker.java:<init>(173)) - new 906511fb-aae2-435f-94b3-d46461ade586@group-C555C49074BE-SegmentedRaftLogWorker for RaftStorage:Storage Directory /workdir/hadoop-ozone/integration-test/target/test-dir/MiniOzoneClusterImpl-2ede335a-ebf0-4a23-bcb3-98605d830964/datanode-7/data/ratis/87e21cd0-3485-4f36-b209-c555c49074be
2019-10-16 05:41:01,601 [pool-97-thread-1] INFO  server.RaftServerConfigKeys (ConfUtils.java:logGet(43)) - raft.server.log.queue.byte-limit = 2147483647 (custom)
2019-10-16 05:41:01,601 [pool-97-thread-1] INFO  server.RaftServerConfigKeys (ConfUtils.java:logGet(43)) - raft.server.log.queue.element-limit = 1024 (custom)
2019-10-16 05:41:01,602 [pool-97-thread-1] INFO  server.RaftServerConfigKeys (ConfUtils.java:logGet(43)) - raft.server.log.segment.size.max = 1048576 (custom)
2019-10-16 05:41:01,602 [pool-97-thread-1] INFO  server.RaftServerConfigKeys (ConfUtils.java:logGet(43)) - raft.server.log.preallocated.size = 16384 (custom)
2019-10-16 05:41:01,602 [pool-97-thread-1] INFO  server.RaftServerConfigKeys (ConfUtils.java:logGet(43)) - raft.server.log.write.buffer.size = 33554432 (custom)
2019-10-16 05:41:01,602 [pool-97-thread-1] INFO  server.RaftServerConfigKeys (ConfUtils.java:logGet(43)) - raft.server.log.force.sync.num = 128 (default)
2019-10-16 05:41:01,602 [pool-97-thread-1] INFO  server.RaftServerConfigKeys (ConfUtils.java:logGet(43)) - raft.server.log.statemachine.data.sync = true (default)
2019-10-16 05:41:01,602 [pool-97-thread-1] INFO  server.RaftServerConfigKeys (ConfUtils.java:logGet(43)) - raft.server.log.statemachine.data.sync.timeout = 10s (default)
2019-10-16 05:41:01,602 [pool-97-thread-1] INFO  server.RaftServerConfigKeys (ConfUtils.java:logGet(43)) - raft.server.log.statemachine.data.sync.timeout.retry = -1 (default)
2019-10-16 05:41:01,603 [pool-97-thread-1] INFO  server.RaftServerConfigKeys (ConfUtils.java:logGet(43)) - raft.server.log.statemachine.data.caching.enabled = true (custom)
2019-10-16 05:41:01,603 [pool-97-thread-1] INFO  segmented.SegmentedRaftLogWorker (SegmentedRaftLogWorker.java:lambda$new$0(128)) - 906511fb-aae2-435f-94b3-d46461ade586@group-C555C49074BE-SegmentedRaftLogWorker: flushIndex: setUnconditionally 0 -> -1
2019-10-16 05:41:01,603 [pool-97-thread-1] INFO  server.RaftServerConfigKeys (ConfUtils.java:logGet(43)) - raft.server.snapshot.auto.trigger.enabled = true (custom)
2019-10-16 05:41:01,603 [pool-97-thread-1] INFO  server.RaftServerConfigKeys (ConfUtils.java:logGet(43)) - raft.server.snapshot.auto.trigger.threshold = 10000 (custom)
2019-10-16 05:41:01,603 [pool-97-thread-1] INFO  server.RaftServerConfigKeys (ConfUtils.java:logGet(43)) - raft.server.snapshot.retention.file.num = 5 (custom)
2019-10-16 05:41:01,604 [pool-97-thread-1] INFO  server.RaftServerConfigKeys (ConfUtils.java:logGet(43)) - raft.server.retrycache.expirytime = 600000ms (custom)
2019-10-16 05:41:01,607 [pool-97-thread-1] INFO  impl.RaftServerImpl (RaftServerImpl.java:start(195)) - 906511fb-aae2-435f-94b3-d46461ade586@group-C555C49074BE: start as a follower, conf=-1: [906511fb-aae2-435f-94b3-d46461ade586:192.168.69.104:32980], old=null
2019-10-16 05:41:01,607 [pool-97-thread-1] INFO  impl.RaftServerImpl (RaftServerImpl.java:setRole(184)) - 906511fb-aae2-435f-94b3-d46461ade586@group-C555C49074BE: changes role from      null to FOLLOWER at term 0 for startAsFollower
2019-10-16 05:41:01,607 [pool-97-thread-1] INFO  impl.RoleInfo (RoleInfo.java:updateAndGet(143)) - 906511fb-aae2-435f-94b3-d46461ade586: start FollowerState
2019-10-16 05:41:01,607 [pool-97-thread-1] INFO  util.JmxRegister (JmxRegister.java:tryRegister(44)) - Successfully registered JMX Bean with object name Ratis:service=RaftServer,group=group-C555C49074BE,id=906511fb-aae2-435f-94b3-d46461ade586
2019-10-16 05:41:01,610 [8fe94103-1ee8-4728-abac-39da8dc74e05@group-183B0424CEEB-SegmentedRaftLogWorker] INFO  segmented.SegmentedRaftLogWorker (SegmentedRaftLogWorker.java:execute(576)) - 8fe94103-1ee8-4728-abac-39da8dc74e05@group-183B0424CEEB-SegmentedRaftLogWorker: created new log segment /workdir/hadoop-ozone/integration-test/target/test-dir/MiniOzoneClusterImpl-2ede335a-ebf0-4a23-bcb3-98605d830964/datanode-3/data/ratis/ee921589-62c7-471d-9dc8-183b0424ceeb/current/log_inprogress_0
2019-10-16 05:41:01,620 [RatisPipelineUtilsThread] INFO  pipeline.PipelineStateManager (PipelineStateManager.java:addPipeline(56)) - Created pipeline Pipeline[ Id: 87e21cd0-3485-4f36-b209-c555c49074be, Nodes: 906511fb-aae2-435f-94b3-d46461ade586{ip: 192.168.69.104, host: pr-hdds-2312-q6qzp-1535798719, networkLocation: /default-rack, certSerialId: null}, Type:RATIS, Factor:ONE, State:OPEN]
2019-10-16 05:41:01,640 [grpc-default-executor-2] INFO  impl.RaftServerProxy (RaftServerProxy.java:addNew(89)) - ad5f0ea4-5dae-48da-9087-47ae9aef0548: addNew group-527518A75D14:[ad5f0ea4-5dae-48da-9087-47ae9aef0548:192.168.69.104:41460, 8d41a728-337d-4af0-9cf5-a84877563a0d:192.168.69.104:41721, 9dd632ad-42c7-48e6-93db-e31edb4e1823:192.168.69.104:34049] returns group-527518A75D14:java.util.concurrent.CompletableFuture@1ef2fab2[Not completed]
2019-10-16 05:41:01,640 [grpc-default-executor-1] INFO  impl.RaftServerProxy (RaftServerProxy.java:addNew(89)) - 9dd632ad-42c7-48e6-93db-e31edb4e1823: addNew group-527518A75D14:[ad5f0ea4-5dae-48da-9087-47ae9aef0548:192.168.69.104:41460, 8d41a728-337d-4af0-9cf5-a84877563a0d:192.168.69.104:41721, 9dd632ad-42c7-48e6-93db-e31edb4e1823:192.168.69.104:34049] returns group-527518A75D14:java.util.concurrent.CompletableFuture@29fb322f[Not completed]
2019-10-16 05:41:01,642 [grpc-default-executor-1] INFO  impl.RaftServerProxy (RaftServerProxy.java:addNew(89)) - 8d41a728-337d-4af0-9cf5-a84877563a0d: addNew group-527518A75D14:[ad5f0ea4-5dae-48da-9087-47ae9aef0548:192.168.69.104:41460, 8d41a728-337d-4af0-9cf5-a84877563a0d:192.168.69.104:41721, 9dd632ad-42c7-48e6-93db-e31edb4e1823:192.168.69.104:34049] returns group-527518A75D14:java.util.concurrent.CompletableFuture@6cf9b974[Not completed]
2019-10-16 05:41:01,643 [pool-87-thread-1] INFO  impl.RaftServerImpl (RaftServerImpl.java:<init>(104)) - ad5f0ea4-5dae-48da-9087-47ae9aef0548: new RaftServerImpl for group-527518A75D14:[ad5f0ea4-5dae-48da-9087-47ae9aef0548:192.168.69.104:41460, 8d41a728-337d-4af0-9cf5-a84877563a0d:192.168.69.104:41721, 9dd632ad-42c7-48e6-93db-e31edb4e1823:192.168.69.104:34049] with ContainerStateMachine:uninitialized
2019-10-16 05:41:01,643 [pool-87-thread-1] INFO  server.RaftServerConfigKeys (ConfUtils.java:logGet(43)) - raft.server.rpc.timeout.min = 1s (custom)
2019-10-16 05:41:01,643 [pool-87-thread-1] INFO  server.RaftServerConfigKeys (ConfUtils.java:logGet(43)) - raft.server.rpc.timeout.max = 1200ms (custom)
2019-10-16 05:41:01,643 [pool-87-thread-1] INFO  server.RaftServerConfigKeys (ConfUtils.java:logGet(43)) - raft.server.rpcslowness.timeout = 120s (custom)
2019-10-16 05:41:01,644 [pool-87-thread-1] INFO  server.RaftServerConfigKeys (ConfUtils.java:logGet(43)) - raft.server.sleep.deviation.threshold = 300 (default)
2019-10-16 05:41:01,644 [pool-87-thread-1] INFO  server.RaftServerConfigKeys (ConfUtils.java:logGet(43)) - raft.server.log.appender.install.snapshot.enabled = false (custom)
2019-10-16 05:41:01,644 [pool-87-thread-1] INFO  impl.RaftServerImpl (ServerState.java:<init>(103)) - ad5f0ea4-5dae-48da-9087-47ae9aef0548@group-527518A75D14: ConfigurationManager, init=-1: [ad5f0ea4-5dae-48da-9087-47ae9aef0548:192.168.69.104:41460, 8d41a728-337d-4af0-9cf5-a84877563a0d:192.168.69.104:41721, 9dd632ad-42c7-48e6-93db-e31edb4e1823:192.168.69.104:34049], old=null, confs=<EMPTY_MAP>
2019-10-16 05:41:01,644 [pool-47-thread-1] INFO  impl.RaftServerImpl (RaftServerImpl.java:<init>(104)) - 9dd632ad-42c7-48e6-93db-e31edb4e1823: new RaftServerImpl for group-527518A75D14:[ad5f0ea4-5dae-48da-9087-47ae9aef0548:192.168.69.104:41460, 8d41a728-337d-4af0-9cf5-a84877563a0d:192.168.69.104:41721, 9dd632ad-42c7-48e6-93db-e31edb4e1823:192.168.69.104:34049] with ContainerStateMachine:uninitialized
2019-10-16 05:41:01,644 [pool-87-thread-1] INFO  server.RaftServerConfigKeys (ConfUtils.java:logGet(43)) - raft.server.storage.dir = [/workdir/hadoop-ozone/integration-test/target/test-dir/MiniOzoneClusterImpl-2ede335a-ebf0-4a23-bcb3-98605d830964/datanode-6/data/ratis] (custom)
2019-10-16 05:41:01,644 [pool-47-thread-1] INFO  server.RaftServerConfigKeys (ConfUtils.java:logGet(43)) - raft.server.rpc.timeout.min = 1s (custom)
2019-10-16 05:41:01,645 [pool-47-thread-1] INFO  server.RaftServerConfigKeys (ConfUtils.java:logGet(43)) - raft.server.rpc.timeout.max = 1200ms (custom)
2019-10-16 05:41:01,645 [pool-107-thread-1] INFO  impl.RaftServerImpl (RaftServerImpl.java:<init>(104)) - 8d41a728-337d-4af0-9cf5-a84877563a0d: new RaftServerImpl for group-527518A75D14:[ad5f0ea4-5dae-48da-9087-47ae9aef0548:192.168.69.104:41460, 8d41a728-337d-4af0-9cf5-a84877563a0d:192.168.69.104:41721, 9dd632ad-42c7-48e6-93db-e31edb4e1823:192.168.69.104:34049] with ContainerStateMachine:uninitialized
2019-10-16 05:41:01,645 [pool-87-thread-1] INFO  server.RaftServerConfigKeys (ConfUtils.java:logGet(43)) - raft.server.log.corruption.policy = EXCEPTION (default)
2019-10-16 05:41:01,645 [pool-47-thread-1] INFO  server.RaftServerConfigKeys (ConfUtils.java:logGet(43)) - raft.server.rpcslowness.timeout = 120s (custom)
2019-10-16 05:41:01,645 [pool-107-thread-1] INFO  server.RaftServerConfigKeys (ConfUtils.java:logGet(43)) - raft.server.rpc.timeout.min = 1s (custom)
2019-10-16 05:41:01,645 [pool-87-thread-1] INFO  storage.RaftStorageDirectory (RaftStorageDirectory.java:analyzeStorage(246)) - The storage directory /workdir/hadoop-ozone/integration-test/target/test-dir/MiniOzoneClusterImpl-2ede335a-ebf0-4a23-bcb3-98605d830964/datanode-6/data/ratis/fe15bb06-241c-4554-b82b-527518a75d14 does not exist. Creating ...
2019-10-16 05:41:01,645 [pool-47-thread-1] INFO  server.RaftServerConfigKeys (ConfUtils.java:logGet(43)) - raft.server.sleep.deviation.threshold = 300 (default)
2019-10-16 05:41:01,645 [pool-107-thread-1] INFO  server.RaftServerConfigKeys (ConfUtils.java:logGet(43)) - raft.server.rpc.timeout.max = 1200ms (custom)
2019-10-16 05:41:01,646 [pool-47-thread-1] INFO  server.RaftServerConfigKeys (ConfUtils.java:logGet(43)) - raft.server.log.appender.install.snapshot.enabled = false (custom)
2019-10-16 05:41:01,646 [pool-107-thread-1] INFO  server.RaftServerConfigKeys (ConfUtils.java:logGet(43)) - raft.server.rpcslowness.timeout = 120s (custom)
2019-10-16 05:41:01,646 [pool-47-thread-1] INFO  impl.RaftServerImpl (ServerState.java:<init>(103)) - 9dd632ad-42c7-48e6-93db-e31edb4e1823@group-527518A75D14: ConfigurationManager, init=-1: [ad5f0ea4-5dae-48da-9087-47ae9aef0548:192.168.69.104:41460, 8d41a728-337d-4af0-9cf5-a84877563a0d:192.168.69.104:41721, 9dd632ad-42c7-48e6-93db-e31edb4e1823:192.168.69.104:34049], old=null, confs=<EMPTY_MAP>
2019-10-16 05:41:01,646 [pool-107-thread-1] INFO  server.RaftServerConfigKeys (ConfUtils.java:logGet(43)) - raft.server.sleep.deviation.threshold = 300 (default)
2019-10-16 05:41:01,646 [pool-107-thread-1] INFO  server.RaftServerConfigKeys (ConfUtils.java:logGet(43)) - raft.server.log.appender.install.snapshot.enabled = false (custom)
2019-10-16 05:41:01,646 [pool-47-thread-1] INFO  server.RaftServerConfigKeys (ConfUtils.java:logGet(43)) - raft.server.storage.dir = [/workdir/hadoop-ozone/integration-test/target/test-dir/MiniOzoneClusterImpl-2ede335a-ebf0-4a23-bcb3-98605d830964/datanode-2/data/ratis] (custom)
2019-10-16 05:41:01,646 [pool-107-thread-1] INFO  impl.RaftServerImpl (ServerState.java:<init>(103)) - 8d41a728-337d-4af0-9cf5-a84877563a0d@group-527518A75D14: ConfigurationManager, init=-1: [ad5f0ea4-5dae-48da-9087-47ae9aef0548:192.168.69.104:41460, 8d41a728-337d-4af0-9cf5-a84877563a0d:192.168.69.104:41721, 9dd632ad-42c7-48e6-93db-e31edb4e1823:192.168.69.104:34049], old=null, confs=<EMPTY_MAP>
2019-10-16 05:41:01,647 [pool-107-thread-1] INFO  server.RaftServerConfigKeys (ConfUtils.java:logGet(43)) - raft.server.storage.dir = [/workdir/hadoop-ozone/integration-test/target/test-dir/MiniOzoneClusterImpl-2ede335a-ebf0-4a23-bcb3-98605d830964/datanode-8/data/ratis] (custom)
2019-10-16 05:41:01,647 [pool-47-thread-1] INFO  server.RaftServerConfigKeys (ConfUtils.java:logGet(43)) - raft.server.log.corruption.policy = EXCEPTION (default)
2019-10-16 05:41:01,647 [pool-107-thread-1] INFO  server.RaftServerConfigKeys (ConfUtils.java:logGet(43)) - raft.server.log.corruption.policy = EXCEPTION (default)
2019-10-16 05:41:01,647 [pool-47-thread-1] INFO  storage.RaftStorageDirectory (RaftStorageDirectory.java:analyzeStorage(246)) - The storage directory /workdir/hadoop-ozone/integration-test/target/test-dir/MiniOzoneClusterImpl-2ede335a-ebf0-4a23-bcb3-98605d830964/datanode-2/data/ratis/fe15bb06-241c-4554-b82b-527518a75d14 does not exist. Creating ...
2019-10-16 05:41:01,647 [pool-107-thread-1] INFO  storage.RaftStorageDirectory (RaftStorageDirectory.java:analyzeStorage(246)) - The storage directory /workdir/hadoop-ozone/integration-test/target/test-dir/MiniOzoneClusterImpl-2ede335a-ebf0-4a23-bcb3-98605d830964/datanode-8/data/ratis/fe15bb06-241c-4554-b82b-527518a75d14 does not exist. Creating ...
2019-10-16 05:41:01,659 [pool-107-thread-1] INFO  storage.RaftStorageDirectory (RaftStorageDirectory.java:tryLock(328)) - Lock on /workdir/hadoop-ozone/integration-test/target/test-dir/MiniOzoneClusterImpl-2ede335a-ebf0-4a23-bcb3-98605d830964/datanode-8/data/ratis/fe15bb06-241c-4554-b82b-527518a75d14/in_use.lock acquired by nodename 13104@pr-hdds-2312-q6qzp-1535798719
2019-10-16 05:41:01,659 [pool-87-thread-1] INFO  storage.RaftStorageDirectory (RaftStorageDirectory.java:tryLock(328)) - Lock on /workdir/hadoop-ozone/integration-test/target/test-dir/MiniOzoneClusterImpl-2ede335a-ebf0-4a23-bcb3-98605d830964/datanode-6/data/ratis/fe15bb06-241c-4554-b82b-527518a75d14/in_use.lock acquired by nodename 13104@pr-hdds-2312-q6qzp-1535798719
2019-10-16 05:41:01,659 [pool-47-thread-1] INFO  storage.RaftStorageDirectory (RaftStorageDirectory.java:tryLock(328)) - Lock on /workdir/hadoop-ozone/integration-test/target/test-dir/MiniOzoneClusterImpl-2ede335a-ebf0-4a23-bcb3-98605d830964/datanode-2/data/ratis/fe15bb06-241c-4554-b82b-527518a75d14/in_use.lock acquired by nodename 13104@pr-hdds-2312-q6qzp-1535798719
2019-10-16 05:41:01,673 [pool-87-thread-1] INFO  storage.RaftStorage (RaftStorage.java:format(84)) - Storage directory /workdir/hadoop-ozone/integration-test/target/test-dir/MiniOzoneClusterImpl-2ede335a-ebf0-4a23-bcb3-98605d830964/datanode-6/data/ratis/fe15bb06-241c-4554-b82b-527518a75d14 has been successfully formatted.
2019-10-16 05:41:01,673 [pool-47-thread-1] INFO  storage.RaftStorage (RaftStorage.java:format(84)) - Storage directory /workdir/hadoop-ozone/integration-test/target/test-dir/MiniOzoneClusterImpl-2ede335a-ebf0-4a23-bcb3-98605d830964/datanode-2/data/ratis/fe15bb06-241c-4554-b82b-527518a75d14 has been successfully formatted.
2019-10-16 05:41:01,673 [pool-107-thread-1] INFO  storage.RaftStorage (RaftStorage.java:format(84)) - Storage directory /workdir/hadoop-ozone/integration-test/target/test-dir/MiniOzoneClusterImpl-2ede335a-ebf0-4a23-bcb3-98605d830964/datanode-8/data/ratis/fe15bb06-241c-4554-b82b-527518a75d14 has been successfully formatted.
2019-10-16 05:41:01,673 [pool-87-thread-1] INFO  ratis.ContainerStateMachine (ContainerStateMachine.java:loadSnapshot(231)) - group-527518A75D14: The snapshot info is null. Setting the last applied indexto:(t:0, i:~)
2019-10-16 05:41:01,673 [pool-47-thread-1] INFO  ratis.ContainerStateMachine (ContainerStateMachine.java:loadSnapshot(231)) - group-527518A75D14: The snapshot info is null. Setting the last applied indexto:(t:0, i:~)
2019-10-16 05:41:01,673 [pool-107-thread-1] INFO  ratis.ContainerStateMachine (ContainerStateMachine.java:loadSnapshot(231)) - group-527518A75D14: The snapshot info is null. Setting the last applied indexto:(t:0, i:~)
2019-10-16 05:41:01,673 [pool-87-thread-1] INFO  server.RaftServerConfigKeys (ConfUtils.java:logGet(43)) - raft.server.notification.no-leader.timeout = 120s (custom)
2019-10-16 05:41:01,674 [pool-107-thread-1] INFO  server.RaftServerConfigKeys (ConfUtils.java:logGet(43)) - raft.server.notification.no-leader.timeout = 120s (custom)
2019-10-16 05:41:01,674 [pool-47-thread-1] INFO  server.RaftServerConfigKeys (ConfUtils.java:logGet(43)) - raft.server.notification.no-leader.timeout = 120s (custom)
2019-10-16 05:41:01,674 [pool-107-thread-1] INFO  server.RaftServerConfigKeys (ConfUtils.java:logGet(43)) - raft.server.log.use.memory = false (default)
2019-10-16 05:41:01,674 [pool-87-thread-1] INFO  server.RaftServerConfigKeys (ConfUtils.java:logGet(43)) - raft.server.log.use.memory = false (default)
2019-10-16 05:41:01,674 [pool-107-thread-1] INFO  server.RaftServerConfigKeys (ConfUtils.java:logGet(43)) - raft.server.log.purge.gap = 1000000 (custom)
2019-10-16 05:41:01,674 [pool-47-thread-1] INFO  server.RaftServerConfigKeys (ConfUtils.java:logGet(43)) - raft.server.log.use.memory = false (default)
2019-10-16 05:41:01,674 [pool-107-thread-1] INFO  server.RaftServerConfigKeys (ConfUtils.java:logGet(43)) - raft.server.log.appender.buffer.byte-limit = 33554432 (custom)
2019-10-16 05:41:01,674 [pool-87-thread-1] INFO  server.RaftServerConfigKeys (ConfUtils.java:logGet(43)) - raft.server.log.purge.gap = 1000000 (custom)
2019-10-16 05:41:01,674 [pool-107-thread-1] INFO  server.RaftServerConfigKeys (ConfUtils.java:logGet(43)) - raft.server.log.segment.size.max = 1048576 (custom)
2019-10-16 05:41:01,674 [pool-47-thread-1] INFO  server.RaftServerConfigKeys (ConfUtils.java:logGet(43)) - raft.server.log.purge.gap = 1000000 (custom)
2019-10-16 05:41:01,675 [pool-107-thread-1] INFO  server.RaftServerConfigKeys (ConfUtils.java:logGet(43)) - raft.server.log.segment.cache.num.max = 2 (custom)
2019-10-16 05:41:01,675 [pool-87-thread-1] INFO  server.RaftServerConfigKeys (ConfUtils.java:logGet(43)) - raft.server.log.appender.buffer.byte-limit = 33554432 (custom)
2019-10-16 05:41:01,675 [pool-107-thread-1] INFO  segmented.SegmentedRaftLogWorker (SegmentedRaftLogWorker.java:<init>(173)) - new 8d41a728-337d-4af0-9cf5-a84877563a0d@group-527518A75D14-SegmentedRaftLogWorker for RaftStorage:Storage Directory /workdir/hadoop-ozone/integration-test/target/test-dir/MiniOzoneClusterImpl-2ede335a-ebf0-4a23-bcb3-98605d830964/datanode-8/data/ratis/fe15bb06-241c-4554-b82b-527518a75d14
2019-10-16 05:41:01,675 [pool-47-thread-1] INFO  server.RaftServerConfigKeys (ConfUtils.java:logGet(43)) - raft.server.log.appender.buffer.byte-limit = 33554432 (custom)
2019-10-16 05:41:01,675 [pool-107-thread-1] INFO  server.RaftServerConfigKeys (ConfUtils.java:logGet(43)) - raft.server.log.queue.byte-limit = 2147483647 (custom)
2019-10-16 05:41:01,675 [pool-87-thread-1] INFO  server.RaftServerConfigKeys (ConfUtils.java:logGet(43)) - raft.server.log.segment.size.max = 1048576 (custom)
2019-10-16 05:41:01,675 [pool-107-thread-1] INFO  server.RaftServerConfigKeys (ConfUtils.java:logGet(43)) - raft.server.log.queue.element-limit = 1024 (custom)
2019-10-16 05:41:01,675 [pool-47-thread-1] INFO  server.RaftServerConfigKeys (ConfUtils.java:logGet(43)) - raft.server.log.segment.size.max = 1048576 (custom)
2019-10-16 05:41:01,675 [pool-107-thread-1] INFO  server.RaftServerConfigKeys (ConfUtils.java:logGet(43)) - raft.server.log.segment.size.max = 1048576 (custom)
2019-10-16 05:41:01,676 [pool-47-thread-1] INFO  server.RaftServerConfigKeys (ConfUtils.java:logGet(43)) - raft.server.log.segment.cache.num.max = 2 (custom)
2019-10-16 05:41:01,675 [pool-87-thread-1] INFO  server.RaftServerConfigKeys (ConfUtils.java:logGet(43)) - raft.server.log.segment.cache.num.max = 2 (custom)
2019-10-16 05:41:01,676 [pool-47-thread-1] INFO  segmented.SegmentedRaftLogWorker (SegmentedRaftLogWorker.java:<init>(173)) - new 9dd632ad-42c7-48e6-93db-e31edb4e1823@group-527518A75D14-SegmentedRaftLogWorker for RaftStorage:Storage Directory /workdir/hadoop-ozone/integration-test/target/test-dir/MiniOzoneClusterImpl-2ede335a-ebf0-4a23-bcb3-98605d830964/datanode-2/data/ratis/fe15bb06-241c-4554-b82b-527518a75d14
2019-10-16 05:41:01,676 [pool-107-thread-1] INFO  server.RaftServerConfigKeys (ConfUtils.java:logGet(43)) - raft.server.log.preallocated.size = 16384 (custom)
2019-10-16 05:41:01,676 [pool-47-thread-1] INFO  server.RaftServerConfigKeys (ConfUtils.java:logGet(43)) - raft.server.log.queue.byte-limit = 2147483647 (custom)
2019-10-16 05:41:01,676 [pool-87-thread-1] INFO  segmented.SegmentedRaftLogWorker (SegmentedRaftLogWorker.java:<init>(173)) - new ad5f0ea4-5dae-48da-9087-47ae9aef0548@group-527518A75D14-SegmentedRaftLogWorker for RaftStorage:Storage Directory /workdir/hadoop-ozone/integration-test/target/test-dir/MiniOzoneClusterImpl-2ede335a-ebf0-4a23-bcb3-98605d830964/datanode-6/data/ratis/fe15bb06-241c-4554-b82b-527518a75d14
2019-10-16 05:41:01,676 [pool-47-thread-1] INFO  server.RaftServerConfigKeys (ConfUtils.java:logGet(43)) - raft.server.log.queue.element-limit = 1024 (custom)
2019-10-16 05:41:01,676 [pool-107-thread-1] INFO  server.RaftServerConfigKeys (ConfUtils.java:logGet(43)) - raft.server.log.write.buffer.size = 33554432 (custom)
2019-10-16 05:41:01,676 [pool-47-thread-1] INFO  server.RaftServerConfigKeys (ConfUtils.java:logGet(43)) - raft.server.log.segment.size.max = 1048576 (custom)
2019-10-16 05:41:01,676 [pool-87-thread-1] INFO  server.RaftServerConfigKeys (ConfUtils.java:logGet(43)) - raft.server.log.queue.byte-limit = 2147483647 (custom)
2019-10-16 05:41:01,676 [pool-47-thread-1] INFO  server.RaftServerConfigKeys (ConfUtils.java:logGet(43)) - raft.server.log.preallocated.size = 16384 (custom)
2019-10-16 05:41:01,676 [pool-107-thread-1] INFO  server.RaftServerConfigKeys (ConfUtils.java:logGet(43)) - raft.server.log.force.sync.num = 128 (default)
2019-10-16 05:41:01,677 [pool-47-thread-1] INFO  server.RaftServerConfigKeys (ConfUtils.java:logGet(43)) - raft.server.log.write.buffer.size = 33554432 (custom)
2019-10-16 05:41:01,676 [pool-87-thread-1] INFO  server.RaftServerConfigKeys (ConfUtils.java:logGet(43)) - raft.server.log.queue.element-limit = 1024 (custom)
2019-10-16 05:41:01,677 [pool-47-thread-1] INFO  server.RaftServerConfigKeys (ConfUtils.java:logGet(43)) - raft.server.log.force.sync.num = 128 (default)
2019-10-16 05:41:01,677 [pool-107-thread-1] INFO  server.RaftServerConfigKeys (ConfUtils.java:logGet(43)) - raft.server.log.statemachine.data.sync = true (default)
2019-10-16 05:41:01,677 [pool-47-thread-1] INFO  server.RaftServerConfigKeys (ConfUtils.java:logGet(43)) - raft.server.log.statemachine.data.sync = true (default)
2019-10-16 05:41:01,677 [pool-87-thread-1] INFO  server.RaftServerConfigKeys (ConfUtils.java:logGet(43)) - raft.server.log.segment.size.max = 1048576 (custom)
2019-10-16 05:41:01,677 [pool-47-thread-1] INFO  server.RaftServerConfigKeys (ConfUtils.java:logGet(43)) - raft.server.log.statemachine.data.sync.timeout = 10s (default)
2019-10-16 05:41:01,677 [pool-107-thread-1] INFO  server.RaftServerConfigKeys (ConfUtils.java:logGet(43)) - raft.server.log.statemachine.data.sync.timeout = 10s (default)
2019-10-16 05:41:01,677 [pool-47-thread-1] INFO  server.RaftServerConfigKeys (ConfUtils.java:logGet(43)) - raft.server.log.statemachine.data.sync.timeout.retry = -1 (default)
2019-10-16 05:41:01,677 [pool-87-thread-1] INFO  server.RaftServerConfigKeys (ConfUtils.java:logGet(43)) - raft.server.log.preallocated.size = 16384 (custom)
2019-10-16 05:41:01,678 [pool-107-thread-1] INFO  server.RaftServerConfigKeys (ConfUtils.java:logGet(43)) - raft.server.log.statemachine.data.sync.timeout.retry = -1 (default)
2019-10-16 05:41:01,678 [pool-47-thread-1] INFO  server.RaftServerConfigKeys (ConfUtils.java:logGet(43)) - raft.server.log.statemachine.data.caching.enabled = true (custom)
2019-10-16 05:41:01,678 [pool-87-thread-1] INFO  server.RaftServerConfigKeys (ConfUtils.java:logGet(43)) - raft.server.log.write.buffer.size = 33554432 (custom)
2019-10-16 05:41:01,678 [pool-107-thread-1] INFO  server.RaftServerConfigKeys (ConfUtils.java:logGet(43)) - raft.server.log.statemachine.data.caching.enabled = true (custom)
2019-10-16 05:41:01,678 [pool-87-thread-1] INFO  server.RaftServerConfigKeys (ConfUtils.java:logGet(43)) - raft.server.log.force.sync.num = 128 (default)
2019-10-16 05:41:01,678 [pool-47-thread-1] INFO  segmented.SegmentedRaftLogWorker (SegmentedRaftLogWorker.java:lambda$new$0(128)) - 9dd632ad-42c7-48e6-93db-e31edb4e1823@group-527518A75D14-SegmentedRaftLogWorker: flushIndex: setUnconditionally 0 -> -1
2019-10-16 05:41:01,678 [pool-107-thread-1] INFO  segmented.SegmentedRaftLogWorker (SegmentedRaftLogWorker.java:lambda$new$0(128)) - 8d41a728-337d-4af0-9cf5-a84877563a0d@group-527518A75D14-SegmentedRaftLogWorker: flushIndex: setUnconditionally 0 -> -1
2019-10-16 05:41:01,678 [pool-87-thread-1] INFO  server.RaftServerConfigKeys (ConfUtils.java:logGet(43)) - raft.server.log.statemachine.data.sync = true (default)
2019-10-16 05:41:01,678 [pool-87-thread-1] INFO  server.RaftServerConfigKeys (ConfUtils.java:logGet(43)) - raft.server.log.statemachine.data.sync.timeout = 10s (default)
2019-10-16 05:41:01,678 [pool-47-thread-1] INFO  server.RaftServerConfigKeys (ConfUtils.java:logGet(43)) - raft.server.snapshot.auto.trigger.enabled = true (custom)
2019-10-16 05:41:01,679 [pool-107-thread-1] INFO  server.RaftServerConfigKeys (ConfUtils.java:logGet(43)) - raft.server.snapshot.auto.trigger.enabled = true (custom)
2019-10-16 05:41:01,679 [pool-87-thread-1] INFO  server.RaftServerConfigKeys (ConfUtils.java:logGet(43)) - raft.server.log.statemachine.data.sync.timeout.retry = -1 (default)
2019-10-16 05:41:01,679 [pool-107-thread-1] INFO  server.RaftServerConfigKeys (ConfUtils.java:logGet(43)) - raft.server.snapshot.auto.trigger.threshold = 10000 (custom)
2019-10-16 05:41:01,679 [pool-47-thread-1] INFO  server.RaftServerConfigKeys (ConfUtils.java:logGet(43)) - raft.server.snapshot.auto.trigger.threshold = 10000 (custom)
2019-10-16 05:41:01,679 [pool-107-thread-1] INFO  server.RaftServerConfigKeys (ConfUtils.java:logGet(43)) - raft.server.snapshot.retention.file.num = 5 (custom)
2019-10-16 05:41:01,679 [pool-87-thread-1] INFO  server.RaftServerConfigKeys (ConfUtils.java:logGet(43)) - raft.server.log.statemachine.data.caching.enabled = true (custom)
2019-10-16 05:41:01,679 [pool-107-thread-1] INFO  server.RaftServerConfigKeys (ConfUtils.java:logGet(43)) - raft.server.retrycache.expirytime = 600000ms (custom)
2019-10-16 05:41:01,679 [pool-47-thread-1] INFO  server.RaftServerConfigKeys (ConfUtils.java:logGet(43)) - raft.server.snapshot.retention.file.num = 5 (custom)
2019-10-16 05:41:01,679 [pool-87-thread-1] INFO  segmented.SegmentedRaftLogWorker (SegmentedRaftLogWorker.java:lambda$new$0(128)) - ad5f0ea4-5dae-48da-9087-47ae9aef0548@group-527518A75D14-SegmentedRaftLogWorker: flushIndex: setUnconditionally 0 -> -1
2019-10-16 05:41:01,679 [pool-47-thread-1] INFO  server.RaftServerConfigKeys (ConfUtils.java:logGet(43)) - raft.server.retrycache.expirytime = 600000ms (custom)
2019-10-16 05:41:01,680 [pool-87-thread-1] INFO  server.RaftServerConfigKeys (ConfUtils.java:logGet(43)) - raft.server.snapshot.auto.trigger.enabled = true (custom)
2019-10-16 05:41:01,680 [pool-87-thread-1] INFO  server.RaftServerConfigKeys (ConfUtils.java:logGet(43)) - raft.server.snapshot.auto.trigger.threshold = 10000 (custom)
2019-10-16 05:41:01,680 [pool-87-thread-1] INFO  server.RaftServerConfigKeys (ConfUtils.java:logGet(43)) - raft.server.snapshot.retention.file.num = 5 (custom)
2019-10-16 05:41:01,680 [pool-87-thread-1] INFO  server.RaftServerConfigKeys (ConfUtils.java:logGet(43)) - raft.server.retrycache.expirytime = 600000ms (custom)
2019-10-16 05:41:01,683 [pool-107-thread-1] INFO  impl.RaftServerImpl (RaftServerImpl.java:start(195)) - 8d41a728-337d-4af0-9cf5-a84877563a0d@group-527518A75D14: start as a follower, conf=-1: [ad5f0ea4-5dae-48da-9087-47ae9aef0548:192.168.69.104:41460, 8d41a728-337d-4af0-9cf5-a84877563a0d:192.168.69.104:41721, 9dd632ad-42c7-48e6-93db-e31edb4e1823:192.168.69.104:34049], old=null
2019-10-16 05:41:01,683 [pool-107-thread-1] INFO  impl.RaftServerImpl (RaftServerImpl.java:setRole(184)) - 8d41a728-337d-4af0-9cf5-a84877563a0d@group-527518A75D14: changes role from      null to FOLLOWER at term 0 for startAsFollower
2019-10-16 05:41:01,683 [pool-107-thread-1] INFO  impl.RoleInfo (RoleInfo.java:updateAndGet(143)) - 8d41a728-337d-4af0-9cf5-a84877563a0d: start FollowerState
2019-10-16 05:41:01,688 [pool-107-thread-1] INFO  util.JmxRegister (JmxRegister.java:tryRegister(44)) - Successfully registered JMX Bean with object name Ratis:service=RaftServer,group=group-527518A75D14,id=8d41a728-337d-4af0-9cf5-a84877563a0d
2019-10-16 05:41:01,689 [pool-47-thread-1] INFO  impl.RaftServerImpl (RaftServerImpl.java:start(195)) - 9dd632ad-42c7-48e6-93db-e31edb4e1823@group-527518A75D14: start as a follower, conf=-1: [ad5f0ea4-5dae-48da-9087-47ae9aef0548:192.168.69.104:41460, 8d41a728-337d-4af0-9cf5-a84877563a0d:192.168.69.104:41721, 9dd632ad-42c7-48e6-93db-e31edb4e1823:192.168.69.104:34049], old=null
2019-10-16 05:41:01,689 [pool-87-thread-1] INFO  impl.RaftServerImpl (RaftServerImpl.java:start(195)) - ad5f0ea4-5dae-48da-9087-47ae9aef0548@group-527518A75D14: start as a follower, conf=-1: [ad5f0ea4-5dae-48da-9087-47ae9aef0548:192.168.69.104:41460, 8d41a728-337d-4af0-9cf5-a84877563a0d:192.168.69.104:41721, 9dd632ad-42c7-48e6-93db-e31edb4e1823:192.168.69.104:34049], old=null
2019-10-16 05:41:01,689 [pool-47-thread-1] INFO  impl.RaftServerImpl (RaftServerImpl.java:setRole(184)) - 9dd632ad-42c7-48e6-93db-e31edb4e1823@group-527518A75D14: changes role from      null to FOLLOWER at term 0 for startAsFollower
2019-10-16 05:41:01,689 [pool-87-thread-1] INFO  impl.RaftServerImpl (RaftServerImpl.java:setRole(184)) - ad5f0ea4-5dae-48da-9087-47ae9aef0548@group-527518A75D14: changes role from      null to FOLLOWER at term 0 for startAsFollower
2019-10-16 05:41:01,689 [pool-47-thread-1] INFO  impl.RoleInfo (RoleInfo.java:updateAndGet(143)) - 9dd632ad-42c7-48e6-93db-e31edb4e1823: start FollowerState
2019-10-16 05:41:01,689 [pool-87-thread-1] INFO  impl.RoleInfo (RoleInfo.java:updateAndGet(143)) - ad5f0ea4-5dae-48da-9087-47ae9aef0548: start FollowerState
2019-10-16 05:41:01,689 [pool-47-thread-1] INFO  util.JmxRegister (JmxRegister.java:tryRegister(44)) - Successfully registered JMX Bean with object name Ratis:service=RaftServer,group=group-527518A75D14,id=9dd632ad-42c7-48e6-93db-e31edb4e1823
2019-10-16 05:41:01,689 [pool-87-thread-1] INFO  util.JmxRegister (JmxRegister.java:tryRegister(44)) - Successfully registered JMX Bean with object name Ratis:service=RaftServer,group=group-527518A75D14,id=ad5f0ea4-5dae-48da-9087-47ae9aef0548
2019-10-16 05:41:01,714 [Thread-330] INFO  impl.FollowerState (FollowerState.java:run(108)) - 906511fb-aae2-435f-94b3-d46461ade586@group-C555C49074BE-FollowerState: change to CANDIDATE, lastRpcTime:106ms, electionTimeout:106ms
2019-10-16 05:41:01,714 [Thread-330] INFO  impl.RoleInfo (RoleInfo.java:shutdownFollowerState(121)) - 906511fb-aae2-435f-94b3-d46461ade586: shutdown FollowerState
2019-10-16 05:41:01,714 [Thread-330] INFO  impl.RaftServerImpl (RaftServerImpl.java:setRole(184)) - 906511fb-aae2-435f-94b3-d46461ade586@group-C555C49074BE: changes role from  FOLLOWER to CANDIDATE at term 0 for changeToCandidate
2019-10-16 05:41:01,716 [Thread-330] INFO  impl.RoleInfo (RoleInfo.java:updateAndGet(143)) - 906511fb-aae2-435f-94b3-d46461ade586: start LeaderElection
2019-10-16 05:41:01,719 [RatisPipelineUtilsThread] INFO  pipeline.PipelineStateManager (PipelineStateManager.java:addPipeline(56)) - Created pipeline Pipeline[ Id: fe15bb06-241c-4554-b82b-527518a75d14, Nodes: ad5f0ea4-5dae-48da-9087-47ae9aef0548{ip: 192.168.69.104, host: pr-hdds-2312-q6qzp-1535798719, networkLocation: /default-rack, certSerialId: null}9dd632ad-42c7-48e6-93db-e31edb4e1823{ip: 192.168.69.104, host: pr-hdds-2312-q6qzp-1535798719, networkLocation: /default-rack, certSerialId: null}8d41a728-337d-4af0-9cf5-a84877563a0d{ip: 192.168.69.104, host: pr-hdds-2312-q6qzp-1535798719, networkLocation: /default-rack, certSerialId: null}, Type:RATIS, Factor:THREE, State:OPEN]
2019-10-16 05:41:01,732 [906511fb-aae2-435f-94b3-d46461ade586@group-C555C49074BE-LeaderElection10] INFO  impl.LeaderElection (LeaderElection.java:askForVotes(178)) - 906511fb-aae2-435f-94b3-d46461ade586@group-C555C49074BE-LeaderElection10: begin an election at term 1 for -1: [906511fb-aae2-435f-94b3-d46461ade586:192.168.69.104:32980], old=null
2019-10-16 05:41:01,732 [906511fb-aae2-435f-94b3-d46461ade586@group-C555C49074BE-LeaderElection10] INFO  impl.RoleInfo (RoleInfo.java:shutdownLeaderElection(134)) - 906511fb-aae2-435f-94b3-d46461ade586: shutdown LeaderElection
2019-10-16 05:41:01,733 [906511fb-aae2-435f-94b3-d46461ade586@group-C555C49074BE-LeaderElection10] INFO  impl.RaftServerImpl (RaftServerImpl.java:setRole(184)) - 906511fb-aae2-435f-94b3-d46461ade586@group-C555C49074BE: changes role from CANDIDATE to LEADER at term 1 for changeToLeader
2019-10-16 05:41:01,734 [906511fb-aae2-435f-94b3-d46461ade586@group-C555C49074BE-LeaderElection10] INFO  impl.RaftServerImpl (ServerState.java:setLeader(256)) - 906511fb-aae2-435f-94b3-d46461ade586@group-C555C49074BE: change Leader from null to 906511fb-aae2-435f-94b3-d46461ade586 at term 1 for becomeLeader, leader elected after 135ms
2019-10-16 05:41:01,735 [906511fb-aae2-435f-94b3-d46461ade586@group-C555C49074BE-LeaderElection10] INFO  server.RaftServerConfigKeys (ConfUtils.java:logGet(43)) - raft.server.staging.catchup.gap = 1000 (default)
2019-10-16 05:41:01,735 [906511fb-aae2-435f-94b3-d46461ade586@group-C555C49074BE-LeaderElection10] INFO  server.RaftServerConfigKeys (ConfUtils.java:logGet(43)) - raft.server.rpc.sleep.time = 25ms (default)
2019-10-16 05:41:01,735 [906511fb-aae2-435f-94b3-d46461ade586@group-C555C49074BE-LeaderElection10] INFO  server.RaftServerConfigKeys (ConfUtils.java:logGet(43)) - raft.server.write.element-limit = 4096 (default)
2019-10-16 05:41:01,735 [grpc-default-executor-1] INFO  impl.RaftServerProxy (RaftServerProxy.java:addNew(89)) - a85e69e5-760c-4b40-a424-fc77673779df: addNew group-AFFE1363742F:[163c5688-ede5-44ab-b3bd-c5a10f730980:192.168.69.104:45225, a85e69e5-760c-4b40-a424-fc77673779df:192.168.69.104:37941, 73edb6ac-4c26-463f-ad6d-00f88e6dbd58:192.168.69.104:35488] returns group-AFFE1363742F:java.util.concurrent.CompletableFuture@5ddf5320[Not completed]
2019-10-16 05:41:01,736 [grpc-default-executor-0] INFO  impl.RaftServerProxy (RaftServerProxy.java:addNew(89)) - 163c5688-ede5-44ab-b3bd-c5a10f730980: addNew group-AFFE1363742F:[163c5688-ede5-44ab-b3bd-c5a10f730980:192.168.69.104:45225, a85e69e5-760c-4b40-a424-fc77673779df:192.168.69.104:37941, 73edb6ac-4c26-463f-ad6d-00f88e6dbd58:192.168.69.104:35488] returns group-AFFE1363742F:java.util.concurrent.CompletableFuture@7617157f[Not completed]
2019-10-16 05:41:01,736 [906511fb-aae2-435f-94b3-d46461ade586@group-C555C49074BE-LeaderElection10] INFO  server.RaftServerConfigKeys (ConfUtils.java:logGet(43)) - raft.server.watch.timeout = 10s (default)
2019-10-16 05:41:01,738 [906511fb-aae2-435f-94b3-d46461ade586@group-C555C49074BE-LeaderElection10] INFO  server.RaftServerConfigKeys (ConfUtils.java:logGet(43)) - raft.server.watch.timeout.denomination = 1s (default)
2019-10-16 05:41:01,738 [906511fb-aae2-435f-94b3-d46461ade586@group-C555C49074BE-LeaderElection10] INFO  server.RaftServerConfigKeys (ConfUtils.java:logGet(43)) - raft.server.watch.element-limit = 65536 (default)
2019-10-16 05:41:01,738 [grpc-default-executor-0] INFO  impl.RaftServerProxy (RaftServerProxy.java:addNew(89)) - 73edb6ac-4c26-463f-ad6d-00f88e6dbd58: addNew group-AFFE1363742F:[163c5688-ede5-44ab-b3bd-c5a10f730980:192.168.69.104:45225, a85e69e5-760c-4b40-a424-fc77673779df:192.168.69.104:37941, 73edb6ac-4c26-463f-ad6d-00f88e6dbd58:192.168.69.104:35488] returns group-AFFE1363742F:java.util.concurrent.CompletableFuture@75cc9f36[Not completed]
2019-10-16 05:41:01,739 [pool-67-thread-1] INFO  impl.RaftServerImpl (RaftServerImpl.java:<init>(104)) - a85e69e5-760c-4b40-a424-fc77673779df: new RaftServerImpl for group-AFFE1363742F:[163c5688-ede5-44ab-b3bd-c5a10f730980:192.168.69.104:45225, a85e69e5-760c-4b40-a424-fc77673779df:192.168.69.104:37941, 73edb6ac-4c26-463f-ad6d-00f88e6dbd58:192.168.69.104:35488] with ContainerStateMachine:uninitialized
2019-10-16 05:41:01,739 [pool-67-thread-1] INFO  server.RaftServerConfigKeys (ConfUtils.java:logGet(43)) - raft.server.rpc.timeout.min = 1s (custom)
2019-10-16 05:41:01,739 [pool-67-thread-1] INFO  server.RaftServerConfigKeys (ConfUtils.java:logGet(43)) - raft.server.rpc.timeout.max = 1200ms (custom)
2019-10-16 05:41:01,739 [pool-67-thread-1] INFO  server.RaftServerConfigKeys (ConfUtils.java:logGet(43)) - raft.server.rpcslowness.timeout = 120s (custom)
2019-10-16 05:41:01,739 [pool-67-thread-1] INFO  server.RaftServerConfigKeys (ConfUtils.java:logGet(43)) - raft.server.sleep.deviation.threshold = 300 (default)
2019-10-16 05:41:01,739 [pool-67-thread-1] INFO  server.RaftServerConfigKeys (ConfUtils.java:logGet(43)) - raft.server.log.appender.install.snapshot.enabled = false (custom)
2019-10-16 05:41:01,739 [pool-67-thread-1] INFO  impl.RaftServerImpl (ServerState.java:<init>(103)) - a85e69e5-760c-4b40-a424-fc77673779df@group-AFFE1363742F: ConfigurationManager, init=-1: [163c5688-ede5-44ab-b3bd-c5a10f730980:192.168.69.104:45225, a85e69e5-760c-4b40-a424-fc77673779df:192.168.69.104:37941, 73edb6ac-4c26-463f-ad6d-00f88e6dbd58:192.168.69.104:35488], old=null, confs=<EMPTY_MAP>
2019-10-16 05:41:01,739 [pool-67-thread-1] INFO  server.RaftServerConfigKeys (ConfUtils.java:logGet(43)) - raft.server.storage.dir = [/workdir/hadoop-ozone/integration-test/target/test-dir/MiniOzoneClusterImpl-2ede335a-ebf0-4a23-bcb3-98605d830964/datanode-4/data/ratis] (custom)
2019-10-16 05:41:01,740 [pool-67-thread-1] INFO  server.RaftServerConfigKeys (ConfUtils.java:logGet(43)) - raft.server.log.corruption.policy = EXCEPTION (default)
2019-10-16 05:41:01,740 [pool-67-thread-1] INFO  storage.RaftStorageDirectory (RaftStorageDirectory.java:analyzeStorage(246)) - The storage directory /workdir/hadoop-ozone/integration-test/target/test-dir/MiniOzoneClusterImpl-2ede335a-ebf0-4a23-bcb3-98605d830964/datanode-4/data/ratis/95272ce7-baeb-427f-b9ae-affe1363742f does not exist. Creating ...
2019-10-16 05:41:01,740 [pool-117-thread-1] INFO  impl.RaftServerImpl (RaftServerImpl.java:<init>(104)) - 163c5688-ede5-44ab-b3bd-c5a10f730980: new RaftServerImpl for group-AFFE1363742F:[163c5688-ede5-44ab-b3bd-c5a10f730980:192.168.69.104:45225, a85e69e5-760c-4b40-a424-fc77673779df:192.168.69.104:37941, 73edb6ac-4c26-463f-ad6d-00f88e6dbd58:192.168.69.104:35488] with ContainerStateMachine:uninitialized
2019-10-16 05:41:01,740 [pool-117-thread-1] INFO  server.RaftServerConfigKeys (ConfUtils.java:logGet(43)) - raft.server.rpc.timeout.min = 1s (custom)
2019-10-16 05:41:01,740 [pool-117-thread-1] INFO  server.RaftServerConfigKeys (ConfUtils.java:logGet(43)) - raft.server.rpc.timeout.max = 1200ms (custom)
2019-10-16 05:41:01,740 [pool-77-thread-1] INFO  impl.RaftServerImpl (RaftServerImpl.java:<init>(104)) - 73edb6ac-4c26-463f-ad6d-00f88e6dbd58: new RaftServerImpl for group-AFFE1363742F:[163c5688-ede5-44ab-b3bd-c5a10f730980:192.168.69.104:45225, a85e69e5-760c-4b40-a424-fc77673779df:192.168.69.104:37941, 73edb6ac-4c26-463f-ad6d-00f88e6dbd58:192.168.69.104:35488] with ContainerStateMachine:uninitialized
2019-10-16 05:41:01,741 [pool-117-thread-1] INFO  server.RaftServerConfigKeys (ConfUtils.java:logGet(43)) - raft.server.rpcslowness.timeout = 120s (custom)
2019-10-16 05:41:01,741 [pool-77-thread-1] INFO  server.RaftServerConfigKeys (ConfUtils.java:logGet(43)) - raft.server.rpc.timeout.min = 1s (custom)
2019-10-16 05:41:01,741 [pool-77-thread-1] INFO  server.RaftServerConfigKeys (ConfUtils.java:logGet(43)) - raft.server.rpc.timeout.max = 1200ms (custom)
2019-10-16 05:41:01,741 [pool-117-thread-1] INFO  server.RaftServerConfigKeys (ConfUtils.java:logGet(43)) - raft.server.sleep.deviation.threshold = 300 (default)
2019-10-16 05:41:01,741 [pool-77-thread-1] INFO  server.RaftServerConfigKeys (ConfUtils.java:logGet(43)) - raft.server.rpcslowness.timeout = 120s (custom)
2019-10-16 05:41:01,741 [pool-117-thread-1] INFO  server.RaftServerConfigKeys (ConfUtils.java:logGet(43)) - raft.server.log.appender.install.snapshot.enabled = false (custom)
2019-10-16 05:41:01,741 [pool-77-thread-1] INFO  server.RaftServerConfigKeys (ConfUtils.java:logGet(43)) - raft.server.sleep.deviation.threshold = 300 (default)
2019-10-16 05:41:01,742 [pool-117-thread-1] INFO  impl.RaftServerImpl (ServerState.java:<init>(103)) - 163c5688-ede5-44ab-b3bd-c5a10f730980@group-AFFE1363742F: ConfigurationManager, init=-1: [163c5688-ede5-44ab-b3bd-c5a10f730980:192.168.69.104:45225, a85e69e5-760c-4b40-a424-fc77673779df:192.168.69.104:37941, 73edb6ac-4c26-463f-ad6d-00f88e6dbd58:192.168.69.104:35488], old=null, confs=<EMPTY_MAP>
2019-10-16 05:41:01,742 [pool-77-thread-1] INFO  server.RaftServerConfigKeys (ConfUtils.java:logGet(43)) - raft.server.log.appender.install.snapshot.enabled = false (custom)
2019-10-16 05:41:01,742 [pool-77-thread-1] INFO  impl.RaftServerImpl (ServerState.java:<init>(103)) - 73edb6ac-4c26-463f-ad6d-00f88e6dbd58@group-AFFE1363742F: ConfigurationManager, init=-1: [163c5688-ede5-44ab-b3bd-c5a10f730980:192.168.69.104:45225, a85e69e5-760c-4b40-a424-fc77673779df:192.168.69.104:37941, 73edb6ac-4c26-463f-ad6d-00f88e6dbd58:192.168.69.104:35488], old=null, confs=<EMPTY_MAP>
2019-10-16 05:41:01,742 [pool-117-thread-1] INFO  server.RaftServerConfigKeys (ConfUtils.java:logGet(43)) - raft.server.storage.dir = [/workdir/hadoop-ozone/integration-test/target/test-dir/MiniOzoneClusterImpl-2ede335a-ebf0-4a23-bcb3-98605d830964/datanode-9/data/ratis] (custom)
2019-10-16 05:41:01,742 [pool-77-thread-1] INFO  server.RaftServerConfigKeys (ConfUtils.java:logGet(43)) - raft.server.storage.dir = [/workdir/hadoop-ozone/integration-test/target/test-dir/MiniOzoneClusterImpl-2ede335a-ebf0-4a23-bcb3-98605d830964/datanode-5/data/ratis] (custom)
2019-10-16 05:41:01,742 [pool-117-thread-1] INFO  server.RaftServerConfigKeys (ConfUtils.java:logGet(43)) - raft.server.log.corruption.policy = EXCEPTION (default)
2019-10-16 05:41:01,742 [pool-77-thread-1] INFO  server.RaftServerConfigKeys (ConfUtils.java:logGet(43)) - raft.server.log.corruption.policy = EXCEPTION (default)
2019-10-16 05:41:01,742 [906511fb-aae2-435f-94b3-d46461ade586@group-C555C49074BE-LeaderElection10] INFO  impl.RoleInfo (RoleInfo.java:updateAndGet(143)) - 906511fb-aae2-435f-94b3-d46461ade586: start LeaderState
2019-10-16 05:41:01,743 [pool-77-thread-1] INFO  storage.RaftStorageDirectory (RaftStorageDirectory.java:analyzeStorage(246)) - The storage directory /workdir/hadoop-ozone/integration-test/target/test-dir/MiniOzoneClusterImpl-2ede335a-ebf0-4a23-bcb3-98605d830964/datanode-5/data/ratis/95272ce7-baeb-427f-b9ae-affe1363742f does not exist. Creating ...
2019-10-16 05:41:01,742 [pool-117-thread-1] INFO  storage.RaftStorageDirectory (RaftStorageDirectory.java:analyzeStorage(246)) - The storage directory /workdir/hadoop-ozone/integration-test/target/test-dir/MiniOzoneClusterImpl-2ede335a-ebf0-4a23-bcb3-98605d830964/datanode-9/data/ratis/95272ce7-baeb-427f-b9ae-affe1363742f does not exist. Creating ...
2019-10-16 05:41:01,743 [906511fb-aae2-435f-94b3-d46461ade586@group-C555C49074BE-LeaderElection10] INFO  segmented.SegmentedRaftLogWorker (SegmentedRaftLogWorker.java:startLogSegment(385)) - 906511fb-aae2-435f-94b3-d46461ade586@group-C555C49074BE-SegmentedRaftLogWorker: Starting segment from index:0
2019-10-16 05:41:01,743 [906511fb-aae2-435f-94b3-d46461ade586@group-C555C49074BE-LeaderElection10] INFO  impl.RaftServerImpl (ServerState.java:setRaftConf(357)) - 906511fb-aae2-435f-94b3-d46461ade586@group-C555C49074BE: set configuration 0: [906511fb-aae2-435f-94b3-d46461ade586:192.168.69.104:32980], old=null at 0
2019-10-16 05:41:01,782 [pool-67-thread-1] INFO  storage.RaftStorageDirectory (RaftStorageDirectory.java:tryLock(328)) - Lock on /workdir/hadoop-ozone/integration-test/target/test-dir/MiniOzoneClusterImpl-2ede335a-ebf0-4a23-bcb3-98605d830964/datanode-4/data/ratis/95272ce7-baeb-427f-b9ae-affe1363742f/in_use.lock acquired by nodename 13104@pr-hdds-2312-q6qzp-1535798719
2019-10-16 05:41:01,782 [pool-117-thread-1] INFO  storage.RaftStorageDirectory (RaftStorageDirectory.java:tryLock(328)) - Lock on /workdir/hadoop-ozone/integration-test/target/test-dir/MiniOzoneClusterImpl-2ede335a-ebf0-4a23-bcb3-98605d830964/datanode-9/data/ratis/95272ce7-baeb-427f-b9ae-affe1363742f/in_use.lock acquired by nodename 13104@pr-hdds-2312-q6qzp-1535798719
2019-10-16 05:41:01,782 [pool-77-thread-1] INFO  storage.RaftStorageDirectory (RaftStorageDirectory.java:tryLock(328)) - Lock on /workdir/hadoop-ozone/integration-test/target/test-dir/MiniOzoneClusterImpl-2ede335a-ebf0-4a23-bcb3-98605d830964/datanode-5/data/ratis/95272ce7-baeb-427f-b9ae-affe1363742f/in_use.lock acquired by nodename 13104@pr-hdds-2312-q6qzp-1535798719
2019-10-16 05:41:01,795 [pool-77-thread-1] INFO  storage.RaftStorage (RaftStorage.java:format(84)) - Storage directory /workdir/hadoop-ozone/integration-test/target/test-dir/MiniOzoneClusterImpl-2ede335a-ebf0-4a23-bcb3-98605d830964/datanode-5/data/ratis/95272ce7-baeb-427f-b9ae-affe1363742f has been successfully formatted.
2019-10-16 05:41:01,795 [pool-67-thread-1] INFO  storage.RaftStorage (RaftStorage.java:format(84)) - Storage directory /workdir/hadoop-ozone/integration-test/target/test-dir/MiniOzoneClusterImpl-2ede335a-ebf0-4a23-bcb3-98605d830964/datanode-4/data/ratis/95272ce7-baeb-427f-b9ae-affe1363742f has been successfully formatted.
2019-10-16 05:41:01,795 [906511fb-aae2-435f-94b3-d46461ade586@group-C555C49074BE-SegmentedRaftLogWorker] INFO  segmented.SegmentedRaftLogWorker (SegmentedRaftLogWorker.java:execute(576)) - 906511fb-aae2-435f-94b3-d46461ade586@group-C555C49074BE-SegmentedRaftLogWorker: created new log segment /workdir/hadoop-ozone/integration-test/target/test-dir/MiniOzoneClusterImpl-2ede335a-ebf0-4a23-bcb3-98605d830964/datanode-7/data/ratis/87e21cd0-3485-4f36-b209-c555c49074be/current/log_inprogress_0
2019-10-16 05:41:01,795 [pool-117-thread-1] INFO  storage.RaftStorage (RaftStorage.java:format(84)) - Storage directory /workdir/hadoop-ozone/integration-test/target/test-dir/MiniOzoneClusterImpl-2ede335a-ebf0-4a23-bcb3-98605d830964/datanode-9/data/ratis/95272ce7-baeb-427f-b9ae-affe1363742f has been successfully formatted.
2019-10-16 05:41:01,796 [pool-67-thread-1] INFO  ratis.ContainerStateMachine (ContainerStateMachine.java:loadSnapshot(231)) - group-AFFE1363742F: The snapshot info is null. Setting the last applied indexto:(t:0, i:~)
2019-10-16 05:41:01,796 [pool-77-thread-1] INFO  ratis.ContainerStateMachine (ContainerStateMachine.java:loadSnapshot(231)) - group-AFFE1363742F: The snapshot info is null. Setting the last applied indexto:(t:0, i:~)
2019-10-16 05:41:01,796 [pool-67-thread-1] INFO  server.RaftServerConfigKeys (ConfUtils.java:logGet(43)) - raft.server.notification.no-leader.timeout = 120s (custom)
2019-10-16 05:41:01,796 [pool-117-thread-1] INFO  ratis.ContainerStateMachine (ContainerStateMachine.java:loadSnapshot(231)) - group-AFFE1363742F: The snapshot info is null. Setting the last applied indexto:(t:0, i:~)
2019-10-16 05:41:01,796 [pool-67-thread-1] INFO  server.RaftServerConfigKeys (ConfUtils.java:logGet(43)) - raft.server.log.use.memory = false (default)
2019-10-16 05:41:01,796 [pool-77-thread-1] INFO  server.RaftServerConfigKeys (ConfUtils.java:logGet(43)) - raft.server.notification.no-leader.timeout = 120s (custom)
2019-10-16 05:41:01,797 [pool-67-thread-1] INFO  server.RaftServerConfigKeys (ConfUtils.java:logGet(43)) - raft.server.log.purge.gap = 1000000 (custom)
2019-10-16 05:41:01,796 [pool-117-thread-1] INFO  server.RaftServerConfigKeys (ConfUtils.java:logGet(43)) - raft.server.notification.no-leader.timeout = 120s (custom)
2019-10-16 05:41:01,797 [pool-67-thread-1] INFO  server.RaftServerConfigKeys (ConfUtils.java:logGet(43)) - raft.server.log.appender.buffer.byte-limit = 33554432 (custom)
2019-10-16 05:41:01,797 [pool-77-thread-1] INFO  server.RaftServerConfigKeys (ConfUtils.java:logGet(43)) - raft.server.log.use.memory = false (default)
2019-10-16 05:41:01,797 [pool-67-thread-1] INFO  server.RaftServerConfigKeys (ConfUtils.java:logGet(43)) - raft.server.log.segment.size.max = 1048576 (custom)
2019-10-16 05:41:01,797 [pool-117-thread-1] INFO  server.RaftServerConfigKeys (ConfUtils.java:logGet(43)) - raft.server.log.use.memory = false (default)
2019-10-16 05:41:01,797 [pool-67-thread-1] INFO  server.RaftServerConfigKeys (ConfUtils.java:logGet(43)) - raft.server.log.segment.cache.num.max = 2 (custom)
2019-10-16 05:41:01,797 [pool-117-thread-1] INFO  server.RaftServerConfigKeys (ConfUtils.java:logGet(43)) - raft.server.log.purge.gap = 1000000 (custom)
2019-10-16 05:41:01,797 [pool-77-thread-1] INFO  server.RaftServerConfigKeys (ConfUtils.java:logGet(43)) - raft.server.log.purge.gap = 1000000 (custom)
2019-10-16 05:41:01,798 [pool-117-thread-1] INFO  server.RaftServerConfigKeys (ConfUtils.java:logGet(43)) - raft.server.log.appender.buffer.byte-limit = 33554432 (custom)
2019-10-16 05:41:01,798 [pool-77-thread-1] INFO  server.RaftServerConfigKeys (ConfUtils.java:logGet(43)) - raft.server.log.appender.buffer.byte-limit = 33554432 (custom)
2019-10-16 05:41:01,797 [pool-67-thread-1] INFO  segmented.SegmentedRaftLogWorker (SegmentedRaftLogWorker.java:<init>(173)) - new a85e69e5-760c-4b40-a424-fc77673779df@group-AFFE1363742F-SegmentedRaftLogWorker for RaftStorage:Storage Directory /workdir/hadoop-ozone/integration-test/target/test-dir/MiniOzoneClusterImpl-2ede335a-ebf0-4a23-bcb3-98605d830964/datanode-4/data/ratis/95272ce7-baeb-427f-b9ae-affe1363742f
2019-10-16 05:41:01,798 [pool-77-thread-1] INFO  server.RaftServerConfigKeys (ConfUtils.java:logGet(43)) - raft.server.log.segment.size.max = 1048576 (custom)
2019-10-16 05:41:01,798 [pool-117-thread-1] INFO  server.RaftServerConfigKeys (ConfUtils.java:logGet(43)) - raft.server.log.segment.size.max = 1048576 (custom)
2019-10-16 05:41:01,798 [pool-77-thread-1] INFO  server.RaftServerConfigKeys (ConfUtils.java:logGet(43)) - raft.server.log.segment.cache.num.max = 2 (custom)
2019-10-16 05:41:01,798 [pool-67-thread-1] INFO  server.RaftServerConfigKeys (ConfUtils.java:logGet(43)) - raft.server.log.queue.byte-limit = 2147483647 (custom)
2019-10-16 05:41:01,798 [pool-77-thread-1] INFO  segmented.SegmentedRaftLogWorker (SegmentedRaftLogWorker.java:<init>(173)) - new 73edb6ac-4c26-463f-ad6d-00f88e6dbd58@group-AFFE1363742F-SegmentedRaftLogWorker for RaftStorage:Storage Directory /workdir/hadoop-ozone/integration-test/target/test-dir/MiniOzoneClusterImpl-2ede335a-ebf0-4a23-bcb3-98605d830964/datanode-5/data/ratis/95272ce7-baeb-427f-b9ae-affe1363742f
2019-10-16 05:41:01,798 [pool-117-thread-1] INFO  server.RaftServerConfigKeys (ConfUtils.java:logGet(43)) - raft.server.log.segment.cache.num.max = 2 (custom)
2019-10-16 05:41:01,799 [pool-77-thread-1] INFO  server.RaftServerConfigKeys (ConfUtils.java:logGet(43)) - raft.server.log.queue.byte-limit = 2147483647 (custom)
2019-10-16 05:41:01,799 [pool-67-thread-1] INFO  server.RaftServerConfigKeys (ConfUtils.java:logGet(43)) - raft.server.log.queue.element-limit = 1024 (custom)
2019-10-16 05:41:01,799 [pool-77-thread-1] INFO  server.RaftServerConfigKeys (ConfUtils.java:logGet(43)) - raft.server.log.queue.element-limit = 1024 (custom)
2019-10-16 05:41:01,799 [pool-117-thread-1] INFO  segmented.SegmentedRaftLogWorker (SegmentedRaftLogWorker.java:<init>(173)) - new 163c5688-ede5-44ab-b3bd-c5a10f730980@group-AFFE1363742F-SegmentedRaftLogWorker for RaftStorage:Storage Directory /workdir/hadoop-ozone/integration-test/target/test-dir/MiniOzoneClusterImpl-2ede335a-ebf0-4a23-bcb3-98605d830964/datanode-9/data/ratis/95272ce7-baeb-427f-b9ae-affe1363742f
2019-10-16 05:41:01,799 [pool-77-thread-1] INFO  server.RaftServerConfigKeys (ConfUtils.java:logGet(43)) - raft.server.log.segment.size.max = 1048576 (custom)
2019-10-16 05:41:01,799 [pool-67-thread-1] INFO  server.RaftServerConfigKeys (ConfUtils.java:logGet(43)) - raft.server.log.segment.size.max = 1048576 (custom)
2019-10-16 05:41:01,799 [pool-77-thread-1] INFO  server.RaftServerConfigKeys (ConfUtils.java:logGet(43)) - raft.server.log.preallocated.size = 16384 (custom)
2019-10-16 05:41:01,799 [pool-117-thread-1] INFO  server.RaftServerConfigKeys (ConfUtils.java:logGet(43)) - raft.server.log.queue.byte-limit = 2147483647 (custom)
2019-10-16 05:41:01,799 [pool-77-thread-1] INFO  server.RaftServerConfigKeys (ConfUtils.java:logGet(43)) - raft.server.log.write.buffer.size = 33554432 (custom)
2019-10-16 05:41:01,799 [pool-67-thread-1] INFO  server.RaftServerConfigKeys (ConfUtils.java:logGet(43)) - raft.server.log.preallocated.size = 16384 (custom)
2019-10-16 05:41:01,800 [pool-77-thread-1] INFO  server.RaftServerConfigKeys (ConfUtils.java:logGet(43)) - raft.server.log.force.sync.num = 128 (default)
2019-10-16 05:41:01,800 [pool-117-thread-1] INFO  server.RaftServerConfigKeys (ConfUtils.java:logGet(43)) - raft.server.log.queue.element-limit = 1024 (custom)
2019-10-16 05:41:01,800 [pool-77-thread-1] INFO  server.RaftServerConfigKeys (ConfUtils.java:logGet(43)) - raft.server.log.statemachine.data.sync = true (default)
2019-10-16 05:41:01,800 [pool-67-thread-1] INFO  server.RaftServerConfigKeys (ConfUtils.java:logGet(43)) - raft.server.log.write.buffer.size = 33554432 (custom)
2019-10-16 05:41:01,800 [Thread-336] INFO  impl.FollowerState (FollowerState.java:run(108)) - 8d41a728-337d-4af0-9cf5-a84877563a0d@group-527518A75D14-FollowerState: change to CANDIDATE, lastRpcTime:117ms, electionTimeout:112ms
2019-10-16 05:41:01,800 [pool-77-thread-1] INFO  server.RaftServerConfigKeys (ConfUtils.java:logGet(43)) - raft.server.log.statemachine.data.sync.timeout = 10s (default)
2019-10-16 05:41:01,800 [pool-117-thread-1] INFO  server.RaftServerConfigKeys (ConfUtils.java:logGet(43)) - raft.server.log.segment.size.max = 1048576 (custom)
2019-10-16 05:41:01,800 [pool-77-thread-1] INFO  server.RaftServerConfigKeys (ConfUtils.java:logGet(43)) - raft.server.log.statemachine.data.sync.timeout.retry = -1 (default)
2019-10-16 05:41:01,800 [Thread-336] INFO  impl.RoleInfo (RoleInfo.java:shutdownFollowerState(121)) - 8d41a728-337d-4af0-9cf5-a84877563a0d: shutdown FollowerState
2019-10-16 05:41:01,800 [pool-67-thread-1] INFO  server.RaftServerConfigKeys (ConfUtils.java:logGet(43)) - raft.server.log.force.sync.num = 128 (default)
2019-10-16 05:41:01,801 [pool-77-thread-1] INFO  server.RaftServerConfigKeys (ConfUtils.java:logGet(43)) - raft.server.log.statemachine.data.caching.enabled = true (custom)
2019-10-16 05:41:01,801 [Thread-336] INFO  impl.RaftServerImpl (RaftServerImpl.java:setRole(184)) - 8d41a728-337d-4af0-9cf5-a84877563a0d@group-527518A75D14: changes role from  FOLLOWER to CANDIDATE at term 0 for changeToCandidate
2019-10-16 05:41:01,800 [pool-117-thread-1] INFO  server.RaftServerConfigKeys (ConfUtils.java:logGet(43)) - raft.server.log.preallocated.size = 16384 (custom)
2019-10-16 05:41:01,801 [Thread-336] INFO  impl.RoleInfo (RoleInfo.java:updateAndGet(143)) - 8d41a728-337d-4af0-9cf5-a84877563a0d: start LeaderElection
2019-10-16 05:41:01,801 [pool-77-thread-1] INFO  segmented.SegmentedRaftLogWorker (SegmentedRaftLogWorker.java:lambda$new$0(128)) - 73edb6ac-4c26-463f-ad6d-00f88e6dbd58@group-AFFE1363742F-SegmentedRaftLogWorker: flushIndex: setUnconditionally 0 -> -1
2019-10-16 05:41:01,801 [pool-67-thread-1] INFO  server.RaftServerConfigKeys (ConfUtils.java:logGet(43)) - raft.server.log.statemachine.data.sync = true (default)
2019-10-16 05:41:01,801 [pool-117-thread-1] INFO  server.RaftServerConfigKeys (ConfUtils.java:logGet(43)) - raft.server.log.write.buffer.size = 33554432 (custom)
2019-10-16 05:41:01,801 [pool-67-thread-1] INFO  server.RaftServerConfigKeys (ConfUtils.java:logGet(43)) - raft.server.log.statemachine.data.sync.timeout = 10s (default)
2019-10-16 05:41:01,806 [pool-77-thread-1] INFO  server.RaftServerConfigKeys (ConfUtils.java:logGet(43)) - raft.server.snapshot.auto.trigger.enabled = true (custom)
2019-10-16 05:41:01,808 [pool-117-thread-1] INFO  server.RaftServerConfigKeys (ConfUtils.java:logGet(43)) - raft.server.log.force.sync.num = 128 (default)
2019-10-16 05:41:01,807 [Thread-337] INFO  impl.FollowerState (FollowerState.java:run(108)) - 9dd632ad-42c7-48e6-93db-e31edb4e1823@group-527518A75D14-FollowerState: change to CANDIDATE, lastRpcTime:118ms, electionTimeout:115ms
2019-10-16 05:41:01,813 [pool-117-thread-1] INFO  server.RaftServerConfigKeys (ConfUtils.java:logGet(43)) - raft.server.log.statemachine.data.sync = true (default)
2019-10-16 05:41:01,813 [pool-77-thread-1] INFO  server.RaftServerConfigKeys (ConfUtils.java:logGet(43)) - raft.server.snapshot.auto.trigger.threshold = 10000 (custom)
2019-10-16 05:41:01,811 [pool-67-thread-1] INFO  server.RaftServerConfigKeys (ConfUtils.java:logGet(43)) - raft.server.log.statemachine.data.sync.timeout.retry = -1 (default)
2019-10-16 05:41:01,813 [pool-77-thread-1] INFO  server.RaftServerConfigKeys (ConfUtils.java:logGet(43)) - raft.server.snapshot.retention.file.num = 5 (custom)
2019-10-16 05:41:01,813 [pool-117-thread-1] INFO  server.RaftServerConfigKeys (ConfUtils.java:logGet(43)) - raft.server.log.statemachine.data.sync.timeout = 10s (default)
2019-10-16 05:41:01,813 [Thread-337] INFO  impl.RoleInfo (RoleInfo.java:shutdownFollowerState(121)) - 9dd632ad-42c7-48e6-93db-e31edb4e1823: shutdown FollowerState
2019-10-16 05:41:01,814 [pool-77-thread-1] INFO  server.RaftServerConfigKeys (ConfUtils.java:logGet(43)) - raft.server.retrycache.expirytime = 600000ms (custom)
2019-10-16 05:41:01,814 [pool-67-thread-1] INFO  server.RaftServerConfigKeys (ConfUtils.java:logGet(43)) - raft.server.log.statemachine.data.caching.enabled = true (custom)
2019-10-16 05:41:01,814 [pool-117-thread-1] INFO  server.RaftServerConfigKeys (ConfUtils.java:logGet(43)) - raft.server.log.statemachine.data.sync.timeout.retry = -1 (default)
2019-10-16 05:41:01,814 [Thread-337] INFO  impl.RaftServerImpl (RaftServerImpl.java:setRole(184)) - 9dd632ad-42c7-48e6-93db-e31edb4e1823@group-527518A75D14: changes role from  FOLLOWER to CANDIDATE at term 0 for changeToCandidate
2019-10-16 05:41:01,814 [pool-67-thread-1] INFO  segmented.SegmentedRaftLogWorker (SegmentedRaftLogWorker.java:lambda$new$0(128)) - a85e69e5-760c-4b40-a424-fc77673779df@group-AFFE1363742F-SegmentedRaftLogWorker: flushIndex: setUnconditionally 0 -> -1
2019-10-16 05:41:01,814 [Thread-337] INFO  impl.RoleInfo (RoleInfo.java:updateAndGet(143)) - 9dd632ad-42c7-48e6-93db-e31edb4e1823: start LeaderElection
2019-10-16 05:41:01,814 [pool-117-thread-1] INFO  server.RaftServerConfigKeys (ConfUtils.java:logGet(43)) - raft.server.log.statemachine.data.caching.enabled = true (custom)
2019-10-16 05:41:01,815 [pool-67-thread-1] INFO  server.RaftServerConfigKeys (ConfUtils.java:logGet(43)) - raft.server.snapshot.auto.trigger.enabled = true (custom)
2019-10-16 05:41:01,815 [pool-67-thread-1] INFO  server.RaftServerConfigKeys (ConfUtils.java:logGet(43)) - raft.server.snapshot.auto.trigger.threshold = 10000 (custom)
2019-10-16 05:41:01,815 [pool-117-thread-1] INFO  segmented.SegmentedRaftLogWorker (SegmentedRaftLogWorker.java:lambda$new$0(128)) - 163c5688-ede5-44ab-b3bd-c5a10f730980@group-AFFE1363742F-SegmentedRaftLogWorker: flushIndex: setUnconditionally 0 -> -1
2019-10-16 05:41:01,815 [pool-67-thread-1] INFO  server.RaftServerConfigKeys (ConfUtils.java:logGet(43)) - raft.server.snapshot.retention.file.num = 5 (custom)
2019-10-16 05:41:01,819 [pool-117-thread-1] INFO  server.RaftServerConfigKeys (ConfUtils.java:logGet(43)) - raft.server.snapshot.auto.trigger.enabled = true (custom)
2019-10-16 05:41:01,819 [pool-117-thread-1] INFO  server.RaftServerConfigKeys (ConfUtils.java:logGet(43)) - raft.server.snapshot.auto.trigger.threshold = 10000 (custom)
2019-10-16 05:41:01,819 [pool-67-thread-1] INFO  server.RaftServerConfigKeys (ConfUtils.java:logGet(43)) - raft.server.retrycache.expirytime = 600000ms (custom)
2019-10-16 05:41:01,819 [pool-117-thread-1] INFO  server.RaftServerConfigKeys (ConfUtils.java:logGet(43)) - raft.server.snapshot.retention.file.num = 5 (custom)
2019-10-16 05:41:01,819 [pool-117-thread-1] INFO  server.RaftServerConfigKeys (ConfUtils.java:logGet(43)) - raft.server.retrycache.expirytime = 600000ms (custom)
2019-10-16 05:41:01,820 [pool-77-thread-1] INFO  impl.RaftServerImpl (RaftServerImpl.java:start(195)) - 73edb6ac-4c26-463f-ad6d-00f88e6dbd58@group-AFFE1363742F: start as a follower, conf=-1: [163c5688-ede5-44ab-b3bd-c5a10f730980:192.168.69.104:45225, a85e69e5-760c-4b40-a424-fc77673779df:192.168.69.104:37941, 73edb6ac-4c26-463f-ad6d-00f88e6dbd58:192.168.69.104:35488], old=null
2019-10-16 05:41:01,820 [pool-77-thread-1] INFO  impl.RaftServerImpl (RaftServerImpl.java:setRole(184)) - 73edb6ac-4c26-463f-ad6d-00f88e6dbd58@group-AFFE1363742F: changes role from      null to FOLLOWER at term 0 for startAsFollower
2019-10-16 05:41:01,820 [pool-77-thread-1] INFO  impl.RoleInfo (RoleInfo.java:updateAndGet(143)) - 73edb6ac-4c26-463f-ad6d-00f88e6dbd58: start FollowerState
2019-10-16 05:41:01,821 [pool-77-thread-1] INFO  util.JmxRegister (JmxRegister.java:tryRegister(44)) - Successfully registered JMX Bean with object name Ratis:service=RaftServer,group=group-AFFE1363742F,id=73edb6ac-4c26-463f-ad6d-00f88e6dbd58
2019-10-16 05:41:01,824 [pool-67-thread-1] INFO  impl.RaftServerImpl (RaftServerImpl.java:start(195)) - a85e69e5-760c-4b40-a424-fc77673779df@group-AFFE1363742F: start as a follower, conf=-1: [163c5688-ede5-44ab-b3bd-c5a10f730980:192.168.69.104:45225, a85e69e5-760c-4b40-a424-fc77673779df:192.168.69.104:37941, 73edb6ac-4c26-463f-ad6d-00f88e6dbd58:192.168.69.104:35488], old=null
2019-10-16 05:41:01,824 [pool-67-thread-1] INFO  impl.RaftServerImpl (RaftServerImpl.java:setRole(184)) - a85e69e5-760c-4b40-a424-fc77673779df@group-AFFE1363742F: changes role from      null to FOLLOWER at term 0 for startAsFollower
2019-10-16 05:41:01,824 [pool-67-thread-1] INFO  impl.RoleInfo (RoleInfo.java:updateAndGet(143)) - a85e69e5-760c-4b40-a424-fc77673779df: start FollowerState
2019-10-16 05:41:01,825 [pool-117-thread-1] INFO  impl.RaftServerImpl (RaftServerImpl.java:start(195)) - 163c5688-ede5-44ab-b3bd-c5a10f730980@group-AFFE1363742F: start as a follower, conf=-1: [163c5688-ede5-44ab-b3bd-c5a10f730980:192.168.69.104:45225, a85e69e5-760c-4b40-a424-fc77673779df:192.168.69.104:37941, 73edb6ac-4c26-463f-ad6d-00f88e6dbd58:192.168.69.104:35488], old=null
2019-10-16 05:41:01,825 [pool-117-thread-1] INFO  impl.RaftServerImpl (RaftServerImpl.java:setRole(184)) - 163c5688-ede5-44ab-b3bd-c5a10f730980@group-AFFE1363742F: changes role from      null to FOLLOWER at term 0 for startAsFollower
2019-10-16 05:41:01,825 [pool-67-thread-1] INFO  util.JmxRegister (JmxRegister.java:tryRegister(44)) - Successfully registered JMX Bean with object name Ratis:service=RaftServer,group=group-AFFE1363742F,id=a85e69e5-760c-4b40-a424-fc77673779df
2019-10-16 05:41:01,825 [pool-117-thread-1] INFO  impl.RoleInfo (RoleInfo.java:updateAndGet(143)) - 163c5688-ede5-44ab-b3bd-c5a10f730980: start FollowerState
2019-10-16 05:41:01,825 [pool-117-thread-1] INFO  util.JmxRegister (JmxRegister.java:tryRegister(44)) - Successfully registered JMX Bean with object name Ratis:service=RaftServer,group=group-AFFE1363742F,id=163c5688-ede5-44ab-b3bd-c5a10f730980
2019-10-16 05:41:01,826 [8d41a728-337d-4af0-9cf5-a84877563a0d@group-527518A75D14-LeaderElection11] INFO  impl.LeaderElection (LeaderElection.java:askForVotes(178)) - 8d41a728-337d-4af0-9cf5-a84877563a0d@group-527518A75D14-LeaderElection11: begin an election at term 1 for -1: [ad5f0ea4-5dae-48da-9087-47ae9aef0548:192.168.69.104:41460, 8d41a728-337d-4af0-9cf5-a84877563a0d:192.168.69.104:41721, 9dd632ad-42c7-48e6-93db-e31edb4e1823:192.168.69.104:34049], old=null
2019-10-16 05:41:01,826 [9dd632ad-42c7-48e6-93db-e31edb4e1823@group-527518A75D14-LeaderElection12] INFO  impl.LeaderElection (LeaderElection.java:askForVotes(178)) - 9dd632ad-42c7-48e6-93db-e31edb4e1823@group-527518A75D14-LeaderElection12: begin an election at term 1 for -1: [ad5f0ea4-5dae-48da-9087-47ae9aef0548:192.168.69.104:41460, 8d41a728-337d-4af0-9cf5-a84877563a0d:192.168.69.104:41721, 9dd632ad-42c7-48e6-93db-e31edb4e1823:192.168.69.104:34049], old=null
2019-10-16 05:41:01,849 [RatisPipelineUtilsThread] INFO  pipeline.PipelineStateManager (PipelineStateManager.java:addPipeline(56)) - Created pipeline Pipeline[ Id: 95272ce7-baeb-427f-b9ae-affe1363742f, Nodes: 163c5688-ede5-44ab-b3bd-c5a10f730980{ip: 192.168.69.104, host: pr-hdds-2312-q6qzp-1535798719, networkLocation: /default-rack, certSerialId: null}73edb6ac-4c26-463f-ad6d-00f88e6dbd58{ip: 192.168.69.104, host: pr-hdds-2312-q6qzp-1535798719, networkLocation: /default-rack, certSerialId: null}a85e69e5-760c-4b40-a424-fc77673779df{ip: 192.168.69.104, host: pr-hdds-2312-q6qzp-1535798719, networkLocation: /default-rack, certSerialId: null}, Type:RATIS, Factor:THREE, State:OPEN]
2019-10-16 05:41:01,853 [Thread-350] INFO  impl.FollowerState (FollowerState.java:run(108)) - a85e69e5-760c-4b40-a424-fc77673779df@group-AFFE1363742F-FollowerState: change to CANDIDATE, lastRpcTime:28ms, electionTimeout:27ms
2019-10-16 05:41:01,853 [Thread-338] INFO  impl.FollowerState (FollowerState.java:run(108)) - ad5f0ea4-5dae-48da-9087-47ae9aef0548@group-527518A75D14-FollowerState: change to CANDIDATE, lastRpcTime:164ms, electionTimeout:162ms
2019-10-16 05:41:01,865 [Thread-350] INFO  impl.RoleInfo (RoleInfo.java:shutdownFollowerState(121)) - a85e69e5-760c-4b40-a424-fc77673779df: shutdown FollowerState
2019-10-16 05:41:01,865 [Thread-338] INFO  impl.RoleInfo (RoleInfo.java:shutdownFollowerState(121)) - ad5f0ea4-5dae-48da-9087-47ae9aef0548: shutdown FollowerState
2019-10-16 05:41:01,865 [Thread-350] INFO  impl.RaftServerImpl (RaftServerImpl.java:setRole(184)) - a85e69e5-760c-4b40-a424-fc77673779df@group-AFFE1363742F: changes role from  FOLLOWER to CANDIDATE at term 0 for changeToCandidate
2019-10-16 05:41:01,865 [Thread-338] INFO  impl.RaftServerImpl (RaftServerImpl.java:setRole(184)) - ad5f0ea4-5dae-48da-9087-47ae9aef0548@group-527518A75D14: changes role from  FOLLOWER to CANDIDATE at term 0 for changeToCandidate
2019-10-16 05:41:01,868 [Thread-350] INFO  impl.RoleInfo (RoleInfo.java:updateAndGet(143)) - a85e69e5-760c-4b40-a424-fc77673779df: start LeaderElection
2019-10-16 05:41:01,870 [Thread-338] INFO  impl.RoleInfo (RoleInfo.java:updateAndGet(143)) - ad5f0ea4-5dae-48da-9087-47ae9aef0548: start LeaderElection
2019-10-16 05:41:01,894 [a85e69e5-760c-4b40-a424-fc77673779df@group-AFFE1363742F-LeaderElection13] INFO  impl.LeaderElection (LeaderElection.java:askForVotes(178)) - a85e69e5-760c-4b40-a424-fc77673779df@group-AFFE1363742F-LeaderElection13: begin an election at term 1 for -1: [163c5688-ede5-44ab-b3bd-c5a10f730980:192.168.69.104:45225, a85e69e5-760c-4b40-a424-fc77673779df:192.168.69.104:37941, 73edb6ac-4c26-463f-ad6d-00f88e6dbd58:192.168.69.104:35488], old=null
2019-10-16 05:41:01,894 [ad5f0ea4-5dae-48da-9087-47ae9aef0548@group-527518A75D14-LeaderElection14] INFO  impl.LeaderElection (LeaderElection.java:askForVotes(178)) - ad5f0ea4-5dae-48da-9087-47ae9aef0548@group-527518A75D14-LeaderElection14: begin an election at term 1 for -1: [ad5f0ea4-5dae-48da-9087-47ae9aef0548:192.168.69.104:41460, 8d41a728-337d-4af0-9cf5-a84877563a0d:192.168.69.104:41721, 9dd632ad-42c7-48e6-93db-e31edb4e1823:192.168.69.104:34049], old=null
2019-10-16 05:41:01,909 [grpc-default-executor-2] INFO  impl.RaftServerProxy (RaftServerProxy.java:addNew(89)) - a92c0124-0b6b-4eab-8828-4a4218b90be6: addNew group-FD3ACD3F2F2D:[f1a365c1-fe59-4a48-93c2-eb51ec4ae0f7:192.168.69.104:43934, a92c0124-0b6b-4eab-8828-4a4218b90be6:192.168.69.104:41501, 8fe94103-1ee8-4728-abac-39da8dc74e05:192.168.69.104:44899] returns group-FD3ACD3F2F2D:java.util.concurrent.CompletableFuture@634ffb11[Not completed]
2019-10-16 05:41:01,914 [pool-37-thread-1] INFO  impl.RaftServerImpl (RaftServerImpl.java:<init>(104)) - a92c0124-0b6b-4eab-8828-4a4218b90be6: new RaftServerImpl for group-FD3ACD3F2F2D:[f1a365c1-fe59-4a48-93c2-eb51ec4ae0f7:192.168.69.104:43934, a92c0124-0b6b-4eab-8828-4a4218b90be6:192.168.69.104:41501, 8fe94103-1ee8-4728-abac-39da8dc74e05:192.168.69.104:44899] with ContainerStateMachine:uninitialized
2019-10-16 05:41:01,914 [ad5f0ea4-5dae-48da-9087-47ae9aef0548@group-527518A75D14-LeaderElection14] INFO  impl.LeaderElection (LeaderElection.java:logAndReturn(56)) - ad5f0ea4-5dae-48da-9087-47ae9aef0548@group-527518A75D14-LeaderElection14: Election TIMEOUT; received 0 response(s) [] and 0 exception(s); ad5f0ea4-5dae-48da-9087-47ae9aef0548@group-527518A75D14:t1, leader=null, voted=ad5f0ea4-5dae-48da-9087-47ae9aef0548, raftlog=ad5f0ea4-5dae-48da-9087-47ae9aef0548@group-527518A75D14-SegmentedRaftLog:OPENED:c-1,f-1,i0, conf=-1: [ad5f0ea4-5dae-48da-9087-47ae9aef0548:192.168.69.104:41460, 8d41a728-337d-4af0-9cf5-a84877563a0d:192.168.69.104:41721, 9dd632ad-42c7-48e6-93db-e31edb4e1823:192.168.69.104:34049], old=null
2019-10-16 05:41:01,914 [pool-37-thread-1] INFO  server.RaftServerConfigKeys (ConfUtils.java:logGet(43)) - raft.server.rpc.timeout.min = 1s (custom)
2019-10-16 05:41:01,914 [9dd632ad-42c7-48e6-93db-e31edb4e1823@group-527518A75D14-LeaderElection12] INFO  impl.LeaderElection (LeaderElection.java:logAndReturn(56)) - 9dd632ad-42c7-48e6-93db-e31edb4e1823@group-527518A75D14-LeaderElection12: Election TIMEOUT; received 0 response(s) [] and 0 exception(s); 9dd632ad-42c7-48e6-93db-e31edb4e1823@group-527518A75D14:t1, leader=null, voted=9dd632ad-42c7-48e6-93db-e31edb4e1823, raftlog=9dd632ad-42c7-48e6-93db-e31edb4e1823@group-527518A75D14-SegmentedRaftLog:OPENED:c-1,f-1,i0, conf=-1: [ad5f0ea4-5dae-48da-9087-47ae9aef0548:192.168.69.104:41460, 8d41a728-337d-4af0-9cf5-a84877563a0d:192.168.69.104:41721, 9dd632ad-42c7-48e6-93db-e31edb4e1823:192.168.69.104:34049], old=null
2019-10-16 05:41:01,914 [pool-37-thread-1] INFO  server.RaftServerConfigKeys (ConfUtils.java:logGet(43)) - raft.server.rpc.timeout.max = 1200ms (custom)
2019-10-16 05:41:01,916 [pool-37-thread-1] INFO  server.RaftServerConfigKeys (ConfUtils.java:logGet(43)) - raft.server.rpcslowness.timeout = 120s (custom)
2019-10-16 05:41:01,916 [pool-37-thread-1] INFO  server.RaftServerConfigKeys (ConfUtils.java:logGet(43)) - raft.server.sleep.deviation.threshold = 300 (default)
2019-10-16 05:41:01,916 [pool-37-thread-1] INFO  server.RaftServerConfigKeys (ConfUtils.java:logGet(43)) - raft.server.log.appender.install.snapshot.enabled = false (custom)
2019-10-16 05:41:01,916 [pool-37-thread-1] INFO  impl.RaftServerImpl (ServerState.java:<init>(103)) - a92c0124-0b6b-4eab-8828-4a4218b90be6@group-FD3ACD3F2F2D: ConfigurationManager, init=-1: [f1a365c1-fe59-4a48-93c2-eb51ec4ae0f7:192.168.69.104:43934, a92c0124-0b6b-4eab-8828-4a4218b90be6:192.168.69.104:41501, 8fe94103-1ee8-4728-abac-39da8dc74e05:192.168.69.104:44899], old=null, confs=<EMPTY_MAP>
2019-10-16 05:41:01,919 [pool-37-thread-1] INFO  server.RaftServerConfigKeys (ConfUtils.java:logGet(43)) - raft.server.storage.dir = [/workdir/hadoop-ozone/integration-test/target/test-dir/MiniOzoneClusterImpl-2ede335a-ebf0-4a23-bcb3-98605d830964/datanode-1/data/ratis] (custom)
2019-10-16 05:41:01,920 [pool-37-thread-1] INFO  server.RaftServerConfigKeys (ConfUtils.java:logGet(43)) - raft.server.log.corruption.policy = EXCEPTION (default)
2019-10-16 05:41:01,920 [pool-37-thread-1] INFO  storage.RaftStorageDirectory (RaftStorageDirectory.java:analyzeStorage(246)) - The storage directory /workdir/hadoop-ozone/integration-test/target/test-dir/MiniOzoneClusterImpl-2ede335a-ebf0-4a23-bcb3-98605d830964/datanode-1/data/ratis/e1b70ff6-5c86-4e33-80e5-fd3acd3f2f2d does not exist. Creating ...
2019-10-16 05:41:01,931 [grpc-default-executor-6] INFO  impl.RaftServerProxy (RaftServerProxy.java:addNew(89)) - f1a365c1-fe59-4a48-93c2-eb51ec4ae0f7: addNew group-FD3ACD3F2F2D:[f1a365c1-fe59-4a48-93c2-eb51ec4ae0f7:192.168.69.104:43934, a92c0124-0b6b-4eab-8828-4a4218b90be6:192.168.69.104:41501, 8fe94103-1ee8-4728-abac-39da8dc74e05:192.168.69.104:44899] returns group-FD3ACD3F2F2D:java.util.concurrent.CompletableFuture@272d6269[Not completed]
2019-10-16 05:41:01,936 [pool-37-thread-1] INFO  storage.RaftStorageDirectory (RaftStorageDirectory.java:tryLock(328)) - Lock on /workdir/hadoop-ozone/integration-test/target/test-dir/MiniOzoneClusterImpl-2ede335a-ebf0-4a23-bcb3-98605d830964/datanode-1/data/ratis/e1b70ff6-5c86-4e33-80e5-fd3acd3f2f2d/in_use.lock acquired by nodename 13104@pr-hdds-2312-q6qzp-1535798719
2019-10-16 05:41:01,939 [a85e69e5-760c-4b40-a424-fc77673779df@group-AFFE1363742F-LeaderElection13] INFO  impl.LeaderElection (LeaderElection.java:logAndReturn(56)) - a85e69e5-760c-4b40-a424-fc77673779df@group-AFFE1363742F-LeaderElection13: Election TIMEOUT; received 0 response(s) [] and 0 exception(s); a85e69e5-760c-4b40-a424-fc77673779df@group-AFFE1363742F:t1, leader=null, voted=a85e69e5-760c-4b40-a424-fc77673779df, raftlog=a85e69e5-760c-4b40-a424-fc77673779df@group-AFFE1363742F-SegmentedRaftLog:OPENED:c-1,f-1,i0, conf=-1: [163c5688-ede5-44ab-b3bd-c5a10f730980:192.168.69.104:45225, a85e69e5-760c-4b40-a424-fc77673779df:192.168.69.104:37941, 73edb6ac-4c26-463f-ad6d-00f88e6dbd58:192.168.69.104:35488], old=null
2019-10-16 05:41:01,938 [9dd632ad-42c7-48e6-93db-e31edb4e1823@group-527518A75D14-LeaderElection12] INFO  impl.LeaderElection (LeaderElection.java:askForVotes(178)) - 9dd632ad-42c7-48e6-93db-e31edb4e1823@group-527518A75D14-LeaderElection12: begin an election at term 2 for -1: [ad5f0ea4-5dae-48da-9087-47ae9aef0548:192.168.69.104:41460, 8d41a728-337d-4af0-9cf5-a84877563a0d:192.168.69.104:41721, 9dd632ad-42c7-48e6-93db-e31edb4e1823:192.168.69.104:34049], old=null
2019-10-16 05:41:01,938 [ad5f0ea4-5dae-48da-9087-47ae9aef0548@group-527518A75D14-LeaderElection14] INFO  impl.LeaderElection (LeaderElection.java:askForVotes(178)) - ad5f0ea4-5dae-48da-9087-47ae9aef0548@group-527518A75D14-LeaderElection14: begin an election at term 2 for -1: [ad5f0ea4-5dae-48da-9087-47ae9aef0548:192.168.69.104:41460, 8d41a728-337d-4af0-9cf5-a84877563a0d:192.168.69.104:41721, 9dd632ad-42c7-48e6-93db-e31edb4e1823:192.168.69.104:34049], old=null
2019-10-16 05:41:01,948 [8d41a728-337d-4af0-9cf5-a84877563a0d@group-527518A75D14-LeaderElection11] INFO  impl.LeaderElection (LeaderElection.java:logAndReturn(56)) - 8d41a728-337d-4af0-9cf5-a84877563a0d@group-527518A75D14-LeaderElection11: Election REJECTED; received 2 response(s) [8d41a728-337d-4af0-9cf5-a84877563a0d<-ad5f0ea4-5dae-48da-9087-47ae9aef0548#0:FAIL-t1, 8d41a728-337d-4af0-9cf5-a84877563a0d<-9dd632ad-42c7-48e6-93db-e31edb4e1823#0:FAIL-t1] and 0 exception(s); 8d41a728-337d-4af0-9cf5-a84877563a0d@group-527518A75D14:t1, leader=null, voted=8d41a728-337d-4af0-9cf5-a84877563a0d, raftlog=8d41a728-337d-4af0-9cf5-a84877563a0d@group-527518A75D14-SegmentedRaftLog:OPENED:c-1,f-1,i0, conf=-1: [ad5f0ea4-5dae-48da-9087-47ae9aef0548:192.168.69.104:41460, 8d41a728-337d-4af0-9cf5-a84877563a0d:192.168.69.104:41721, 9dd632ad-42c7-48e6-93db-e31edb4e1823:192.168.69.104:34049], old=null
2019-10-16 05:41:01,949 [pool-27-thread-1] INFO  impl.RaftServerImpl (RaftServerImpl.java:<init>(104)) - f1a365c1-fe59-4a48-93c2-eb51ec4ae0f7: new RaftServerImpl for group-FD3ACD3F2F2D:[f1a365c1-fe59-4a48-93c2-eb51ec4ae0f7:192.168.69.104:43934, a92c0124-0b6b-4eab-8828-4a4218b90be6:192.168.69.104:41501, 8fe94103-1ee8-4728-abac-39da8dc74e05:192.168.69.104:44899] with ContainerStateMachine:uninitialized
2019-10-16 05:41:01,949 [grpc-default-executor-7] INFO  impl.RaftServerImpl (RaftServerImpl.java:setRole(184)) - 73edb6ac-4c26-463f-ad6d-00f88e6dbd58@group-AFFE1363742F: changes role from  FOLLOWER to FOLLOWER at term 1 for recognizeCandidate:a85e69e5-760c-4b40-a424-fc77673779df
2019-10-16 05:41:01,949 [8d41a728-337d-4af0-9cf5-a84877563a0d@group-527518A75D14-LeaderElection11] INFO  impl.RaftServerImpl (RaftServerImpl.java:setRole(184)) - 8d41a728-337d-4af0-9cf5-a84877563a0d@group-527518A75D14: changes role from CANDIDATE to FOLLOWER at term 1 for DISCOVERED_A_NEW_TERM
2019-10-16 05:41:01,951 [grpc-default-executor-7] INFO  impl.RoleInfo (RoleInfo.java:shutdownFollowerState(121)) - 73edb6ac-4c26-463f-ad6d-00f88e6dbd58: shutdown FollowerState
2019-10-16 05:41:01,955 [8d41a728-337d-4af0-9cf5-a84877563a0d@group-527518A75D14-LeaderElection11] INFO  impl.RoleInfo (RoleInfo.java:shutdownLeaderElection(134)) - 8d41a728-337d-4af0-9cf5-a84877563a0d: shutdown LeaderElection
2019-10-16 05:41:01,953 [pool-27-thread-1] INFO  server.RaftServerConfigKeys (ConfUtils.java:logGet(43)) - raft.server.rpc.timeout.min = 1s (custom)
2019-10-16 05:41:01,959 [pool-37-thread-1] INFO  storage.RaftStorage (RaftStorage.java:format(84)) - Storage directory /workdir/hadoop-ozone/integration-test/target/test-dir/MiniOzoneClusterImpl-2ede335a-ebf0-4a23-bcb3-98605d830964/datanode-1/data/ratis/e1b70ff6-5c86-4e33-80e5-fd3acd3f2f2d has been successfully formatted.
2019-10-16 05:41:01,953 [grpc-default-executor-3] INFO  impl.RaftServerProxy (RaftServerProxy.java:addNew(89)) - 8fe94103-1ee8-4728-abac-39da8dc74e05: addNew group-FD3ACD3F2F2D:[f1a365c1-fe59-4a48-93c2-eb51ec4ae0f7:192.168.69.104:43934, a92c0124-0b6b-4eab-8828-4a4218b90be6:192.168.69.104:41501, 8fe94103-1ee8-4728-abac-39da8dc74e05:192.168.69.104:44899] returns group-FD3ACD3F2F2D:java.util.concurrent.CompletableFuture@20909375[Not completed]
2019-10-16 05:41:01,953 [grpc-default-executor-6] INFO  impl.RaftServerImpl (RaftServerImpl.java:setRole(184)) - 163c5688-ede5-44ab-b3bd-c5a10f730980@group-AFFE1363742F: changes role from  FOLLOWER to FOLLOWER at term 1 for recognizeCandidate:a85e69e5-760c-4b40-a424-fc77673779df
2019-10-16 05:41:01,959 [pool-37-thread-1] INFO  ratis.ContainerStateMachine (ContainerStateMachine.java:loadSnapshot(231)) - group-FD3ACD3F2F2D: The snapshot info is null. Setting the last applied indexto:(t:0, i:~)
2019-10-16 05:41:01,959 [pool-27-thread-1] INFO  server.RaftServerConfigKeys (ConfUtils.java:logGet(43)) - raft.server.rpc.timeout.max = 1200ms (custom)
2019-10-16 05:41:01,959 [a85e69e5-760c-4b40-a424-fc77673779df@group-AFFE1363742F-LeaderElection13] INFO  impl.LeaderElection (LeaderElection.java:askForVotes(178)) - a85e69e5-760c-4b40-a424-fc77673779df@group-AFFE1363742F-LeaderElection13: begin an election at term 2 for -1: [163c5688-ede5-44ab-b3bd-c5a10f730980:192.168.69.104:45225, a85e69e5-760c-4b40-a424-fc77673779df:192.168.69.104:37941, 73edb6ac-4c26-463f-ad6d-00f88e6dbd58:192.168.69.104:35488], old=null
2019-10-16 05:41:01,961 [pool-27-thread-1] INFO  server.RaftServerConfigKeys (ConfUtils.java:logGet(43)) - raft.server.rpcslowness.timeout = 120s (custom)
2019-10-16 05:41:01,959 [8d41a728-337d-4af0-9cf5-a84877563a0d@group-527518A75D14-LeaderElection11] INFO  impl.RoleInfo (RoleInfo.java:updateAndGet(143)) - 8d41a728-337d-4af0-9cf5-a84877563a0d: start FollowerState
2019-10-16 05:41:01,959 [Thread-349] INFO  impl.FollowerState (FollowerState.java:run(117)) - 73edb6ac-4c26-463f-ad6d-00f88e6dbd58@group-AFFE1363742F-FollowerState was interrupted: java.lang.InterruptedException: sleep interrupted
2019-10-16 05:41:01,959 [grpc-default-executor-7] INFO  impl.RoleInfo (RoleInfo.java:updateAndGet(143)) - 73edb6ac-4c26-463f-ad6d-00f88e6dbd58: start FollowerState
2019-10-16 05:41:01,961 [pool-27-thread-1] INFO  server.RaftServerConfigKeys (ConfUtils.java:logGet(43)) - raft.server.sleep.deviation.threshold = 300 (default)
2019-10-16 05:41:01,961 [pool-57-thread-1] INFO  impl.RaftServerImpl (RaftServerImpl.java:<init>(104)) - 8fe94103-1ee8-4728-abac-39da8dc74e05: new RaftServerImpl for group-FD3ACD3F2F2D:[f1a365c1-fe59-4a48-93c2-eb51ec4ae0f7:192.168.69.104:43934, a92c0124-0b6b-4eab-8828-4a4218b90be6:192.168.69.104:41501, 8fe94103-1ee8-4728-abac-39da8dc74e05:192.168.69.104:44899] with ContainerStateMachine:uninitialized
2019-10-16 05:41:01,961 [pool-37-thread-1] INFO  server.RaftServerConfigKeys (ConfUtils.java:logGet(43)) - raft.server.notification.no-leader.timeout = 120s (custom)
2019-10-16 05:41:01,959 [grpc-default-executor-6] INFO  impl.RoleInfo (RoleInfo.java:shutdownFollowerState(121)) - 163c5688-ede5-44ab-b3bd-c5a10f730980: shutdown FollowerState
2019-10-16 05:41:01,964 [pool-37-thread-1] INFO  server.RaftServerConfigKeys (ConfUtils.java:logGet(43)) - raft.server.log.use.memory = false (default)
2019-10-16 05:41:01,964 [grpc-default-executor-3] INFO  impl.RaftServerImpl (RaftServerImpl.java:setRole(184)) - 8d41a728-337d-4af0-9cf5-a84877563a0d@group-527518A75D14: changes role from  FOLLOWER to FOLLOWER at term 2 for recognizeCandidate:9dd632ad-42c7-48e6-93db-e31edb4e1823
2019-10-16 05:41:01,973 [grpc-default-executor-3] INFO  impl.RoleInfo (RoleInfo.java:shutdownFollowerState(121)) - 8d41a728-337d-4af0-9cf5-a84877563a0d: shutdown FollowerState
2019-10-16 05:41:01,964 [pool-57-thread-1] INFO  server.RaftServerConfigKeys (ConfUtils.java:logGet(43)) - raft.server.rpc.timeout.min = 1s (custom)
2019-10-16 05:41:01,964 [pool-27-thread-1] INFO  server.RaftServerConfigKeys (ConfUtils.java:logGet(43)) - raft.server.log.appender.install.snapshot.enabled = false (custom)
2019-10-16 05:41:01,973 [pool-57-thread-1] INFO  server.RaftServerConfigKeys (ConfUtils.java:logGet(43)) - raft.server.rpc.timeout.max = 1200ms (custom)
2019-10-16 05:41:01,977 [pool-27-thread-1] INFO  impl.RaftServerImpl (ServerState.java:<init>(103)) - f1a365c1-fe59-4a48-93c2-eb51ec4ae0f7@group-FD3ACD3F2F2D: ConfigurationManager, init=-1: [f1a365c1-fe59-4a48-93c2-eb51ec4ae0f7:192.168.69.104:43934, a92c0124-0b6b-4eab-8828-4a4218b90be6:192.168.69.104:41501, 8fe94103-1ee8-4728-abac-39da8dc74e05:192.168.69.104:44899], old=null, confs=<EMPTY_MAP>
2019-10-16 05:41:01,973 [Thread-370] INFO  impl.FollowerState (FollowerState.java:run(117)) - 8d41a728-337d-4af0-9cf5-a84877563a0d@group-527518A75D14-FollowerState was interrupted: java.lang.InterruptedException: sleep interrupted
2019-10-16 05:41:01,973 [grpc-default-executor-3] INFO  impl.RoleInfo (RoleInfo.java:updateAndGet(143)) - 8d41a728-337d-4af0-9cf5-a84877563a0d: start FollowerState
2019-10-16 05:41:01,973 [a85e69e5-760c-4b40-a424-fc77673779df@group-AFFE1363742F-LeaderElection13] INFO  impl.LeaderElection (LeaderElection.java:logAndReturn(56)) - a85e69e5-760c-4b40-a424-fc77673779df@group-AFFE1363742F-LeaderElection13: Election TIMEOUT; received 0 response(s) [] and 0 exception(s); a85e69e5-760c-4b40-a424-fc77673779df@group-AFFE1363742F:t2, leader=null, voted=a85e69e5-760c-4b40-a424-fc77673779df, raftlog=a85e69e5-760c-4b40-a424-fc77673779df@group-AFFE1363742F-SegmentedRaftLog:OPENED:c-1,f-1,i0, conf=-1: [163c5688-ede5-44ab-b3bd-c5a10f730980:192.168.69.104:45225, a85e69e5-760c-4b40-a424-fc77673779df:192.168.69.104:37941, 73edb6ac-4c26-463f-ad6d-00f88e6dbd58:192.168.69.104:35488], old=null
2019-10-16 05:41:01,965 [pool-37-thread-1] INFO  server.RaftServerConfigKeys (ConfUtils.java:logGet(43)) - raft.server.log.purge.gap = 1000000 (custom)
2019-10-16 05:41:01,965 [grpc-default-executor-6] INFO  impl.RoleInfo (RoleInfo.java:updateAndGet(143)) - 163c5688-ede5-44ab-b3bd-c5a10f730980: start FollowerState
2019-10-16 05:41:01,965 [Thread-351] INFO  impl.FollowerState (FollowerState.java:run(117)) - 163c5688-ede5-44ab-b3bd-c5a10f730980@group-AFFE1363742F-FollowerState was interrupted: java.lang.InterruptedException: sleep interrupted
2019-10-16 05:41:01,982 [pool-37-thread-1] INFO  server.RaftServerConfigKeys (ConfUtils.java:logGet(43)) - raft.server.log.appender.buffer.byte-limit = 33554432 (custom)
2019-10-16 05:41:01,978 [pool-27-thread-1] INFO  server.RaftServerConfigKeys (ConfUtils.java:logGet(43)) - raft.server.storage.dir = [/workdir/hadoop-ozone/integration-test/target/test-dir/MiniOzoneClusterImpl-2ede335a-ebf0-4a23-bcb3-98605d830964/datanode-0/data/ratis] (custom)
2019-10-16 05:41:01,977 [pool-57-thread-1] INFO  server.RaftServerConfigKeys (ConfUtils.java:logGet(43)) - raft.server.rpcslowness.timeout = 120s (custom)
2019-10-16 05:41:01,985 [pool-37-thread-1] INFO  server.RaftServerConfigKeys (ConfUtils.java:logGet(43)) - raft.server.log.segment.size.max = 1048576 (custom)
2019-10-16 05:41:01,987 [pool-27-thread-1] INFO  server.RaftServerConfigKeys (ConfUtils.java:logGet(43)) - raft.server.log.corruption.policy = EXCEPTION (default)
2019-10-16 05:41:01,987 [pool-57-thread-1] INFO  server.RaftServerConfigKeys (ConfUtils.java:logGet(43)) - raft.server.sleep.deviation.threshold = 300 (default)
2019-10-16 05:41:01,989 [pool-37-thread-1] INFO  server.RaftServerConfigKeys (ConfUtils.java:logGet(43)) - raft.server.log.segment.cache.num.max = 2 (custom)
2019-10-16 05:41:01,989 [pool-27-thread-1] INFO  storage.RaftStorageDirectory (RaftStorageDirectory.java:analyzeStorage(246)) - The storage directory /workdir/hadoop-ozone/integration-test/target/test-dir/MiniOzoneClusterImpl-2ede335a-ebf0-4a23-bcb3-98605d830964/datanode-0/data/ratis/e1b70ff6-5c86-4e33-80e5-fd3acd3f2f2d does not exist. Creating ...
2019-10-16 05:41:01,989 [pool-57-thread-1] INFO  server.RaftServerConfigKeys (ConfUtils.java:logGet(43)) - raft.server.log.appender.install.snapshot.enabled = false (custom)
2019-10-16 05:41:01,989 [pool-37-thread-1] INFO  segmented.SegmentedRaftLogWorker (SegmentedRaftLogWorker.java:<init>(173)) - new a92c0124-0b6b-4eab-8828-4a4218b90be6@group-FD3ACD3F2F2D-SegmentedRaftLogWorker for RaftStorage:Storage Directory /workdir/hadoop-ozone/integration-test/target/test-dir/MiniOzoneClusterImpl-2ede335a-ebf0-4a23-bcb3-98605d830964/datanode-1/data/ratis/e1b70ff6-5c86-4e33-80e5-fd3acd3f2f2d
2019-10-16 05:41:01,989 [pool-57-thread-1] INFO  impl.RaftServerImpl (ServerState.java:<init>(103)) - 8fe94103-1ee8-4728-abac-39da8dc74e05@group-FD3ACD3F2F2D: ConfigurationManager, init=-1: [f1a365c1-fe59-4a48-93c2-eb51ec4ae0f7:192.168.69.104:43934, a92c0124-0b6b-4eab-8828-4a4218b90be6:192.168.69.104:41501, 8fe94103-1ee8-4728-abac-39da8dc74e05:192.168.69.104:44899], old=null, confs=<EMPTY_MAP>
2019-10-16 05:41:01,989 [pool-37-thread-1] INFO  server.RaftServerConfigKeys (ConfUtils.java:logGet(43)) - raft.server.log.queue.byte-limit = 2147483647 (custom)
2019-10-16 05:41:01,990 [pool-57-thread-1] INFO  server.RaftServerConfigKeys (ConfUtils.java:logGet(43)) - raft.server.storage.dir = [/workdir/hadoop-ozone/integration-test/target/test-dir/MiniOzoneClusterImpl-2ede335a-ebf0-4a23-bcb3-98605d830964/datanode-3/data/ratis] (custom)
2019-10-16 05:41:01,990 [pool-37-thread-1] INFO  server.RaftServerConfigKeys (ConfUtils.java:logGet(43)) - raft.server.log.queue.element-limit = 1024 (custom)
2019-10-16 05:41:01,990 [pool-37-thread-1] INFO  server.RaftServerConfigKeys (ConfUtils.java:logGet(43)) - raft.server.log.segment.size.max = 1048576 (custom)
2019-10-16 05:41:01,990 [pool-57-thread-1] INFO  server.RaftServerConfigKeys (ConfUtils.java:logGet(43)) - raft.server.log.corruption.policy = EXCEPTION (default)
2019-10-16 05:41:01,990 [pool-37-thread-1] INFO  server.RaftServerConfigKeys (ConfUtils.java:logGet(43)) - raft.server.log.preallocated.size = 16384 (custom)
2019-10-16 05:41:01,990 [pool-57-thread-1] INFO  storage.RaftStorageDirectory (RaftStorageDirectory.java:analyzeStorage(246)) - The storage directory /workdir/hadoop-ozone/integration-test/target/test-dir/MiniOzoneClusterImpl-2ede335a-ebf0-4a23-bcb3-98605d830964/datanode-3/data/ratis/e1b70ff6-5c86-4e33-80e5-fd3acd3f2f2d does not exist. Creating ...
2019-10-16 05:41:01,990 [pool-37-thread-1] INFO  server.RaftServerConfigKeys (ConfUtils.java:logGet(43)) - raft.server.log.write.buffer.size = 33554432 (custom)
2019-10-16 05:41:01,992 [pool-37-thread-1] INFO  server.RaftServerConfigKeys (ConfUtils.java:logGet(43)) - raft.server.log.force.sync.num = 128 (default)
2019-10-16 05:41:01,992 [pool-37-thread-1] INFO  server.RaftServerConfigKeys (ConfUtils.java:logGet(43)) - raft.server.log.statemachine.data.sync = true (default)
2019-10-16 05:41:01,992 [pool-37-thread-1] INFO  server.RaftServerConfigKeys (ConfUtils.java:logGet(43)) - raft.server.log.statemachine.data.sync.timeout = 10s (default)
2019-10-16 05:41:01,992 [pool-37-thread-1] INFO  server.RaftServerConfigKeys (ConfUtils.java:logGet(43)) - raft.server.log.statemachine.data.sync.timeout.retry = -1 (default)
2019-10-16 05:41:01,993 [pool-37-thread-1] INFO  server.RaftServerConfigKeys (ConfUtils.java:logGet(43)) - raft.server.log.statemachine.data.caching.enabled = true (custom)
2019-10-16 05:41:01,994 [pool-37-thread-1] INFO  segmented.SegmentedRaftLogWorker (SegmentedRaftLogWorker.java:lambda$new$0(128)) - a92c0124-0b6b-4eab-8828-4a4218b90be6@group-FD3ACD3F2F2D-SegmentedRaftLogWorker: flushIndex: setUnconditionally 0 -> -1
2019-10-16 05:41:01,995 [pool-37-thread-1] INFO  server.RaftServerConfigKeys (ConfUtils.java:logGet(43)) - raft.server.snapshot.auto.trigger.enabled = true (custom)
2019-10-16 05:41:01,995 [pool-37-thread-1] INFO  server.RaftServerConfigKeys (ConfUtils.java:logGet(43)) - raft.server.snapshot.auto.trigger.threshold = 10000 (custom)
2019-10-16 05:41:01,996 [pool-37-thread-1] INFO  server.RaftServerConfigKeys (ConfUtils.java:logGet(43)) - raft.server.snapshot.retention.file.num = 5 (custom)
2019-10-16 05:41:01,996 [pool-37-thread-1] INFO  server.RaftServerConfigKeys (ConfUtils.java:logGet(43)) - raft.server.retrycache.expirytime = 600000ms (custom)
2019-10-16 05:41:01,999 [9dd632ad-42c7-48e6-93db-e31edb4e1823@group-527518A75D14-LeaderElection12] INFO  impl.LeaderElection (LeaderElection.java:logAndReturn(56)) - 9dd632ad-42c7-48e6-93db-e31edb4e1823@group-527518A75D14-LeaderElection12: Election TIMEOUT; received 1 response(s) [9dd632ad-42c7-48e6-93db-e31edb4e1823<-ad5f0ea4-5dae-48da-9087-47ae9aef0548#0:FAIL-t2] and 0 exception(s); 9dd632ad-42c7-48e6-93db-e31edb4e1823@group-527518A75D14:t2, leader=null, voted=9dd632ad-42c7-48e6-93db-e31edb4e1823, raftlog=9dd632ad-42c7-48e6-93db-e31edb4e1823@group-527518A75D14-SegmentedRaftLog:OPENED:c-1,f-1,i0, conf=-1: [ad5f0ea4-5dae-48da-9087-47ae9aef0548:192.168.69.104:41460, 8d41a728-337d-4af0-9cf5-a84877563a0d:192.168.69.104:41721, 9dd632ad-42c7-48e6-93db-e31edb4e1823:192.168.69.104:34049], old=null
2019-10-16 05:41:02,002 [pool-37-thread-1] INFO  impl.RaftServerImpl (RaftServerImpl.java:start(195)) - a92c0124-0b6b-4eab-8828-4a4218b90be6@group-FD3ACD3F2F2D: start as a follower, conf=-1: [f1a365c1-fe59-4a48-93c2-eb51ec4ae0f7:192.168.69.104:43934, a92c0124-0b6b-4eab-8828-4a4218b90be6:192.168.69.104:41501, 8fe94103-1ee8-4728-abac-39da8dc74e05:192.168.69.104:44899], old=null
2019-10-16 05:41:02,002 [pool-37-thread-1] INFO  impl.RaftServerImpl (RaftServerImpl.java:setRole(184)) - a92c0124-0b6b-4eab-8828-4a4218b90be6@group-FD3ACD3F2F2D: changes role from      null to FOLLOWER at term 0 for startAsFollower
2019-10-16 05:41:02,002 [pool-37-thread-1] INFO  impl.RoleInfo (RoleInfo.java:updateAndGet(143)) - a92c0124-0b6b-4eab-8828-4a4218b90be6: start FollowerState
2019-10-16 05:41:02,002 [pool-37-thread-1] INFO  util.JmxRegister (JmxRegister.java:tryRegister(44)) - Successfully registered JMX Bean with object name Ratis:service=RaftServer,group=group-FD3ACD3F2F2D,id=a92c0124-0b6b-4eab-8828-4a4218b90be6
2019-10-16 05:41:02,006 [pool-27-thread-1] INFO  storage.RaftStorageDirectory (RaftStorageDirectory.java:tryLock(328)) - Lock on /workdir/hadoop-ozone/integration-test/target/test-dir/MiniOzoneClusterImpl-2ede335a-ebf0-4a23-bcb3-98605d830964/datanode-0/data/ratis/e1b70ff6-5c86-4e33-80e5-fd3acd3f2f2d/in_use.lock acquired by nodename 13104@pr-hdds-2312-q6qzp-1535798719
2019-10-16 05:41:02,007 [a85e69e5-760c-4b40-a424-fc77673779df@group-AFFE1363742F-LeaderElection13] INFO  impl.LeaderElection (LeaderElection.java:askForVotes(178)) - a85e69e5-760c-4b40-a424-fc77673779df@group-AFFE1363742F-LeaderElection13: begin an election at term 3 for -1: [163c5688-ede5-44ab-b3bd-c5a10f730980:192.168.69.104:45225, a85e69e5-760c-4b40-a424-fc77673779df:192.168.69.104:37941, 73edb6ac-4c26-463f-ad6d-00f88e6dbd58:192.168.69.104:35488], old=null
2019-10-16 05:41:02,006 [pool-57-thread-1] INFO  storage.RaftStorageDirectory (RaftStorageDirectory.java:tryLock(328)) - Lock on /workdir/hadoop-ozone/integration-test/target/test-dir/MiniOzoneClusterImpl-2ede335a-ebf0-4a23-bcb3-98605d830964/datanode-3/data/ratis/e1b70ff6-5c86-4e33-80e5-fd3acd3f2f2d/in_use.lock acquired by nodename 13104@pr-hdds-2312-q6qzp-1535798719
2019-10-16 05:41:02,008 [grpc-default-executor-1] INFO  impl.RaftServerImpl (RaftServerImpl.java:setRole(184)) - 163c5688-ede5-44ab-b3bd-c5a10f730980@group-AFFE1363742F: changes role from  FOLLOWER to FOLLOWER at term 2 for recognizeCandidate:a85e69e5-760c-4b40-a424-fc77673779df
2019-10-16 05:41:02,008 [9dd632ad-42c7-48e6-93db-e31edb4e1823@group-527518A75D14-LeaderElection12] INFO  impl.LeaderElection (LeaderElection.java:askForVotes(178)) - 9dd632ad-42c7-48e6-93db-e31edb4e1823@group-527518A75D14-LeaderElection12: begin an election at term 3 for -1: [ad5f0ea4-5dae-48da-9087-47ae9aef0548:192.168.69.104:41460, 8d41a728-337d-4af0-9cf5-a84877563a0d:192.168.69.104:41721, 9dd632ad-42c7-48e6-93db-e31edb4e1823:192.168.69.104:34049], old=null
2019-10-16 05:41:02,008 [grpc-default-executor-0] INFO  impl.RaftServerImpl (RaftServerImpl.java:setRole(184)) - 73edb6ac-4c26-463f-ad6d-00f88e6dbd58@group-AFFE1363742F: changes role from  FOLLOWER to FOLLOWER at term 2 for recognizeCandidate:a85e69e5-760c-4b40-a424-fc77673779df
2019-10-16 05:41:02,008 [grpc-default-executor-1] INFO  impl.RoleInfo (RoleInfo.java:shutdownFollowerState(121)) - 163c5688-ede5-44ab-b3bd-c5a10f730980: shutdown FollowerState
2019-10-16 05:41:02,008 [grpc-default-executor-0] INFO  impl.RoleInfo (RoleInfo.java:shutdownFollowerState(121)) - 73edb6ac-4c26-463f-ad6d-00f88e6dbd58: shutdown FollowerState
2019-10-16 05:41:02,009 [Thread-373] INFO  impl.FollowerState (FollowerState.java:run(117)) - 163c5688-ede5-44ab-b3bd-c5a10f730980@group-AFFE1363742F-FollowerState was interrupted: java.lang.InterruptedException: sleep interrupted
2019-10-16 05:41:02,013 [Thread-369] INFO  impl.FollowerState (FollowerState.java:run(117)) - 73edb6ac-4c26-463f-ad6d-00f88e6dbd58@group-AFFE1363742F-FollowerState was interrupted: java.lang.InterruptedException: sleep interrupted
2019-10-16 05:41:02,016 [Thread-376] INFO  impl.FollowerState (FollowerState.java:run(108)) - a92c0124-0b6b-4eab-8828-4a4218b90be6@group-FD3ACD3F2F2D-FollowerState: change to CANDIDATE, lastRpcTime:13ms, electionTimeout:12ms
2019-10-16 05:41:02,016 [grpc-default-executor-0] INFO  impl.RoleInfo (RoleInfo.java:updateAndGet(143)) - 73edb6ac-4c26-463f-ad6d-00f88e6dbd58: start FollowerState
2019-10-16 05:41:02,016 [Thread-376] INFO  impl.RoleInfo (RoleInfo.java:shutdownFollowerState(121)) - a92c0124-0b6b-4eab-8828-4a4218b90be6: shutdown FollowerState
2019-10-16 05:41:02,016 [grpc-default-executor-1] INFO  impl.RoleInfo (RoleInfo.java:updateAndGet(143)) - 163c5688-ede5-44ab-b3bd-c5a10f730980: start FollowerState
2019-10-16 05:41:02,018 [Thread-376] INFO  impl.RaftServerImpl (RaftServerImpl.java:setRole(184)) - a92c0124-0b6b-4eab-8828-4a4218b90be6@group-FD3ACD3F2F2D: changes role from  FOLLOWER to CANDIDATE at term 0 for changeToCandidate
2019-10-16 05:41:02,019 [Thread-376] INFO  impl.RoleInfo (RoleInfo.java:updateAndGet(143)) - a92c0124-0b6b-4eab-8828-4a4218b90be6: start LeaderElection
2019-10-16 05:41:02,030 [pool-27-thread-1] INFO  storage.RaftStorage (RaftStorage.java:format(84)) - Storage directory /workdir/hadoop-ozone/integration-test/target/test-dir/MiniOzoneClusterImpl-2ede335a-ebf0-4a23-bcb3-98605d830964/datanode-0/data/ratis/e1b70ff6-5c86-4e33-80e5-fd3acd3f2f2d has been successfully formatted.
2019-10-16 05:41:02,031 [pool-57-thread-1] INFO  storage.RaftStorage (RaftStorage.java:format(84)) - Storage directory /workdir/hadoop-ozone/integration-test/target/test-dir/MiniOzoneClusterImpl-2ede335a-ebf0-4a23-bcb3-98605d830964/datanode-3/data/ratis/e1b70ff6-5c86-4e33-80e5-fd3acd3f2f2d has been successfully formatted.
2019-10-16 05:41:02,035 [9dd632ad-42c7-48e6-93db-e31edb4e1823@group-527518A75D14-LeaderElection12] INFO  impl.LeaderElection (LeaderElection.java:logAndReturn(56)) - 9dd632ad-42c7-48e6-93db-e31edb4e1823@group-527518A75D14-LeaderElection12: Election TIMEOUT; received 0 response(s) [] and 0 exception(s); 9dd632ad-42c7-48e6-93db-e31edb4e1823@group-527518A75D14:t3, leader=null, voted=9dd632ad-42c7-48e6-93db-e31edb4e1823, raftlog=9dd632ad-42c7-48e6-93db-e31edb4e1823@group-527518A75D14-SegmentedRaftLog:OPENED:c-1,f-1,i0, conf=-1: [ad5f0ea4-5dae-48da-9087-47ae9aef0548:192.168.69.104:41460, 8d41a728-337d-4af0-9cf5-a84877563a0d:192.168.69.104:41721, 9dd632ad-42c7-48e6-93db-e31edb4e1823:192.168.69.104:34049], old=null
2019-10-16 05:41:02,035 [pool-27-thread-1] INFO  ratis.ContainerStateMachine (ContainerStateMachine.java:loadSnapshot(231)) - group-FD3ACD3F2F2D: The snapshot info is null. Setting the last applied indexto:(t:0, i:~)
2019-10-16 05:41:02,035 [pool-57-thread-1] INFO  ratis.ContainerStateMachine (ContainerStateMachine.java:loadSnapshot(231)) - group-FD3ACD3F2F2D: The snapshot info is null. Setting the last applied indexto:(t:0, i:~)
2019-10-16 05:41:02,037 [pool-57-thread-1] INFO  server.RaftServerConfigKeys (ConfUtils.java:logGet(43)) - raft.server.notification.no-leader.timeout = 120s (custom)
2019-10-16 05:41:02,037 [pool-27-thread-1] INFO  server.RaftServerConfigKeys (ConfUtils.java:logGet(43)) - raft.server.notification.no-leader.timeout = 120s (custom)
2019-10-16 05:41:02,037 [pool-57-thread-1] INFO  server.RaftServerConfigKeys (ConfUtils.java:logGet(43)) - raft.server.log.use.memory = false (default)
2019-10-16 05:41:02,037 [pool-27-thread-1] INFO  server.RaftServerConfigKeys (ConfUtils.java:logGet(43)) - raft.server.log.use.memory = false (default)
2019-10-16 05:41:02,037 [pool-57-thread-1] INFO  server.RaftServerConfigKeys (ConfUtils.java:logGet(43)) - raft.server.log.purge.gap = 1000000 (custom)
2019-10-16 05:41:02,038 [pool-27-thread-1] INFO  server.RaftServerConfigKeys (ConfUtils.java:logGet(43)) - raft.server.log.purge.gap = 1000000 (custom)
2019-10-16 05:41:02,038 [pool-57-thread-1] INFO  server.RaftServerConfigKeys (ConfUtils.java:logGet(43)) - raft.server.log.appender.buffer.byte-limit = 33554432 (custom)
2019-10-16 05:41:02,038 [pool-27-thread-1] INFO  server.RaftServerConfigKeys (ConfUtils.java:logGet(43)) - raft.server.log.appender.buffer.byte-limit = 33554432 (custom)
2019-10-16 05:41:02,038 [pool-57-thread-1] INFO  server.RaftServerConfigKeys (ConfUtils.java:logGet(43)) - raft.server.log.segment.size.max = 1048576 (custom)
2019-10-16 05:41:02,038 [pool-27-thread-1] INFO  server.RaftServerConfigKeys (ConfUtils.java:logGet(43)) - raft.server.log.segment.size.max = 1048576 (custom)
2019-10-16 05:41:02,040 [pool-57-thread-1] INFO  server.RaftServerConfigKeys (ConfUtils.java:logGet(43)) - raft.server.log.segment.cache.num.max = 2 (custom)
2019-10-16 05:41:02,042 [pool-27-thread-1] INFO  server.RaftServerConfigKeys (ConfUtils.java:logGet(43)) - raft.server.log.segment.cache.num.max = 2 (custom)
2019-10-16 05:41:02,042 [grpc-default-executor-6] INFO  impl.RaftServerImpl (RaftServerImpl.java:setRole(184)) - 8d41a728-337d-4af0-9cf5-a84877563a0d@group-527518A75D14: changes role from  FOLLOWER to FOLLOWER at term 3 for recognizeCandidate:9dd632ad-42c7-48e6-93db-e31edb4e1823
2019-10-16 05:41:02,050 [grpc-default-executor-6] INFO  impl.RoleInfo (RoleInfo.java:shutdownFollowerState(121)) - 8d41a728-337d-4af0-9cf5-a84877563a0d: shutdown FollowerState
2019-10-16 05:41:02,042 [pool-57-thread-1] INFO  segmented.SegmentedRaftLogWorker (SegmentedRaftLogWorker.java:<init>(173)) - new 8fe94103-1ee8-4728-abac-39da8dc74e05@group-FD3ACD3F2F2D-SegmentedRaftLogWorker for RaftStorage:Storage Directory /workdir/hadoop-ozone/integration-test/target/test-dir/MiniOzoneClusterImpl-2ede335a-ebf0-4a23-bcb3-98605d830964/datanode-3/data/ratis/e1b70ff6-5c86-4e33-80e5-fd3acd3f2f2d
2019-10-16 05:41:02,051 [Thread-374] INFO  impl.FollowerState (FollowerState.java:run(117)) - 8d41a728-337d-4af0-9cf5-a84877563a0d@group-527518A75D14-FollowerState was interrupted: java.lang.InterruptedException: sleep interrupted
2019-10-16 05:41:02,051 [grpc-default-executor-6] INFO  impl.RoleInfo (RoleInfo.java:updateAndGet(143)) - 8d41a728-337d-4af0-9cf5-a84877563a0d: start FollowerState
2019-10-16 05:41:02,051 [grpc-default-executor-0] INFO  impl.RaftServerImpl (RaftServerImpl.java:setRole(184)) - ad5f0ea4-5dae-48da-9087-47ae9aef0548@group-527518A75D14: changes role from CANDIDATE to FOLLOWER at term 3 for recognizeCandidate:9dd632ad-42c7-48e6-93db-e31edb4e1823
2019-10-16 05:41:02,050 [a92c0124-0b6b-4eab-8828-4a4218b90be6@group-FD3ACD3F2F2D-LeaderElection15] INFO  impl.LeaderElection (LeaderElection.java:askForVotes(178)) - a92c0124-0b6b-4eab-8828-4a4218b90be6@group-FD3ACD3F2F2D-LeaderElection15: begin an election at term 1 for -1: [f1a365c1-fe59-4a48-93c2-eb51ec4ae0f7:192.168.69.104:43934, a92c0124-0b6b-4eab-8828-4a4218b90be6:192.168.69.104:41501, 8fe94103-1ee8-4728-abac-39da8dc74e05:192.168.69.104:44899], old=null
2019-10-16 05:41:02,050 [9dd632ad-42c7-48e6-93db-e31edb4e1823@group-527518A75D14-LeaderElection12] INFO  impl.LeaderElection (LeaderElection.java:askForVotes(178)) - 9dd632ad-42c7-48e6-93db-e31edb4e1823@group-527518A75D14-LeaderElection12: begin an election at term 4 for -1: [ad5f0ea4-5dae-48da-9087-47ae9aef0548:192.168.69.104:41460, 8d41a728-337d-4af0-9cf5-a84877563a0d:192.168.69.104:41721, 9dd632ad-42c7-48e6-93db-e31edb4e1823:192.168.69.104:34049], old=null
2019-10-16 05:41:02,042 [ad5f0ea4-5dae-48da-9087-47ae9aef0548@group-527518A75D14-LeaderElection14] INFO  impl.LeaderElection (LeaderElection.java:logAndReturn(56)) - ad5f0ea4-5dae-48da-9087-47ae9aef0548@group-527518A75D14-LeaderElection14: Election REJECTED; received 2 response(s) [ad5f0ea4-5dae-48da-9087-47ae9aef0548<-8d41a728-337d-4af0-9cf5-a84877563a0d#0:FAIL-t2, ad5f0ea4-5dae-48da-9087-47ae9aef0548<-9dd632ad-42c7-48e6-93db-e31edb4e1823#0:FAIL-t2] and 0 exception(s); ad5f0ea4-5dae-48da-9087-47ae9aef0548@group-527518A75D14:t2, leader=null, voted=ad5f0ea4-5dae-48da-9087-47ae9aef0548, raftlog=ad5f0ea4-5dae-48da-9087-47ae9aef0548@group-527518A75D14-SegmentedRaftLog:OPENED:c-1,f-1,i0, conf=-1: [ad5f0ea4-5dae-48da-9087-47ae9aef0548:192.168.69.104:41460, 8d41a728-337d-4af0-9cf5-a84877563a0d:192.168.69.104:41721, 9dd632ad-42c7-48e6-93db-e31edb4e1823:192.168.69.104:34049], old=null
2019-10-16 05:41:02,042 [pool-27-thread-1] INFO  segmented.SegmentedRaftLogWorker (SegmentedRaftLogWorker.java:<init>(173)) - new f1a365c1-fe59-4a48-93c2-eb51ec4ae0f7@group-FD3ACD3F2F2D-SegmentedRaftLogWorker for RaftStorage:Storage Directory /workdir/hadoop-ozone/integration-test/target/test-dir/MiniOzoneClusterImpl-2ede335a-ebf0-4a23-bcb3-98605d830964/datanode-0/data/ratis/e1b70ff6-5c86-4e33-80e5-fd3acd3f2f2d
2019-10-16 05:41:02,054 [grpc-default-executor-4] INFO  impl.RaftServerImpl (RaftServerImpl.java:setRole(184)) - 163c5688-ede5-44ab-b3bd-c5a10f730980@group-AFFE1363742F: changes role from  FOLLOWER to FOLLOWER at term 3 for recognizeCandidate:a85e69e5-760c-4b40-a424-fc77673779df
2019-10-16 05:41:02,056 [grpc-default-executor-4] INFO  impl.RoleInfo (RoleInfo.java:shutdownFollowerState(121)) - 163c5688-ede5-44ab-b3bd-c5a10f730980: shutdown FollowerState
2019-10-16 05:41:02,053 [grpc-default-executor-0] INFO  impl.RoleInfo (RoleInfo.java:shutdownLeaderElection(134)) - ad5f0ea4-5dae-48da-9087-47ae9aef0548: shutdown LeaderElection
2019-10-16 05:41:02,051 [pool-57-thread-1] INFO  server.RaftServerConfigKeys (ConfUtils.java:logGet(43)) - raft.server.log.queue.byte-limit = 2147483647 (custom)
2019-10-16 05:41:02,056 [grpc-default-executor-4] INFO  impl.RoleInfo (RoleInfo.java:updateAndGet(143)) - 163c5688-ede5-44ab-b3bd-c5a10f730980: start FollowerState
2019-10-16 05:41:02,054 [pool-27-thread-1] INFO  server.RaftServerConfigKeys (ConfUtils.java:logGet(43)) - raft.server.log.queue.byte-limit = 2147483647 (custom)
2019-10-16 05:41:02,059 [grpc-default-executor-0] INFO  impl.RoleInfo (RoleInfo.java:updateAndGet(143)) - ad5f0ea4-5dae-48da-9087-47ae9aef0548: start FollowerState
2019-10-16 05:41:02,058 [pool-57-thread-1] INFO  server.RaftServerConfigKeys (ConfUtils.java:logGet(43)) - raft.server.log.queue.element-limit = 1024 (custom)
2019-10-16 05:41:02,061 [pool-27-thread-1] INFO  server.RaftServerConfigKeys (ConfUtils.java:logGet(43)) - raft.server.log.queue.element-limit = 1024 (custom)
2019-10-16 05:41:02,061 [pool-57-thread-1] INFO  server.RaftServerConfigKeys (ConfUtils.java:logGet(43)) - raft.server.log.segment.size.max = 1048576 (custom)
2019-10-16 05:41:02,061 [pool-27-thread-1] INFO  server.RaftServerConfigKeys (ConfUtils.java:logGet(43)) - raft.server.log.segment.size.max = 1048576 (custom)
2019-10-16 05:41:02,061 [pool-57-thread-1] INFO  server.RaftServerConfigKeys (ConfUtils.java:logGet(43)) - raft.server.log.preallocated.size = 16384 (custom)
2019-10-16 05:41:02,061 [pool-27-thread-1] INFO  server.RaftServerConfigKeys (ConfUtils.java:logGet(43)) - raft.server.log.preallocated.size = 16384 (custom)
2019-10-16 05:41:02,062 [pool-57-thread-1] INFO  server.RaftServerConfigKeys (ConfUtils.java:logGet(43)) - raft.server.log.write.buffer.size = 33554432 (custom)
2019-10-16 05:41:02,062 [grpc-default-executor-3] INFO  impl.RaftServerImpl (RaftServerImpl.java:setRole(184)) - 73edb6ac-4c26-463f-ad6d-00f88e6dbd58@group-AFFE1363742F: changes role from  FOLLOWER to FOLLOWER at term 3 for recognizeCandidate:a85e69e5-760c-4b40-a424-fc77673779df
2019-10-16 05:41:02,062 [pool-57-thread-1] INFO  server.RaftServerConfigKeys (ConfUtils.java:logGet(43)) - raft.server.log.force.sync.num = 128 (default)
2019-10-16 05:41:02,062 [pool-57-thread-1] INFO  server.RaftServerConfigKeys (ConfUtils.java:logGet(43)) - raft.server.log.statemachine.data.sync = true (default)
2019-10-16 05:41:02,062 [pool-27-thread-1] INFO  server.RaftServerConfigKeys (ConfUtils.java:logGet(43)) - raft.server.log.write.buffer.size = 33554432 (custom)
2019-10-16 05:41:02,062 [pool-57-thread-1] INFO  server.RaftServerConfigKeys (ConfUtils.java:logGet(43)) - raft.server.log.statemachine.data.sync.timeout = 10s (default)
2019-10-16 05:41:02,062 [grpc-default-executor-3] INFO  impl.RoleInfo (RoleInfo.java:shutdownFollowerState(121)) - 73edb6ac-4c26-463f-ad6d-00f88e6dbd58: shutdown FollowerState
2019-10-16 05:41:02,071 [pool-57-thread-1] INFO  server.RaftServerConfigKeys (ConfUtils.java:logGet(43)) - raft.server.log.statemachine.data.sync.timeout.retry = -1 (default)
2019-10-16 05:41:02,062 [pool-27-thread-1] INFO  server.RaftServerConfigKeys (ConfUtils.java:logGet(43)) - raft.server.log.force.sync.num = 128 (default)
2019-10-16 05:41:02,074 [Thread-383] INFO  impl.FollowerState (FollowerState.java:run(117)) - 73edb6ac-4c26-463f-ad6d-00f88e6dbd58@group-AFFE1363742F-FollowerState was interrupted: java.lang.InterruptedException: sleep interrupted
2019-10-16 05:41:02,074 [pool-57-thread-1] INFO  server.RaftServerConfigKeys (ConfUtils.java:logGet(43)) - raft.server.log.statemachine.data.caching.enabled = true (custom)
2019-10-16 05:41:02,074 [Thread-385] INFO  impl.FollowerState (FollowerState.java:run(108)) - 8d41a728-337d-4af0-9cf5-a84877563a0d@group-527518A75D14-FollowerState: change to CANDIDATE, lastRpcTime:22ms, electionTimeout:10ms
2019-10-16 05:41:02,073 [grpc-default-executor-3] INFO  impl.RoleInfo (RoleInfo.java:updateAndGet(143)) - 73edb6ac-4c26-463f-ad6d-00f88e6dbd58: start FollowerState
2019-10-16 05:41:02,074 [pool-57-thread-1] INFO  segmented.SegmentedRaftLogWorker (SegmentedRaftLogWorker.java:lambda$new$0(128)) - 8fe94103-1ee8-4728-abac-39da8dc74e05@group-FD3ACD3F2F2D-SegmentedRaftLogWorker: flushIndex: setUnconditionally 0 -> -1
2019-10-16 05:41:02,074 [Thread-385] INFO  impl.RoleInfo (RoleInfo.java:shutdownFollowerState(121)) - 8d41a728-337d-4af0-9cf5-a84877563a0d: shutdown FollowerState
2019-10-16 05:41:02,075 [pool-57-thread-1] INFO  server.RaftServerConfigKeys (ConfUtils.java:logGet(43)) - raft.server.snapshot.auto.trigger.enabled = true (custom)
2019-10-16 05:41:02,074 [pool-27-thread-1] INFO  server.RaftServerConfigKeys (ConfUtils.java:logGet(43)) - raft.server.log.statemachine.data.sync = true (default)
2019-10-16 05:41:02,075 [pool-57-thread-1] INFO  server.RaftServerConfigKeys (ConfUtils.java:logGet(43)) - raft.server.snapshot.auto.trigger.threshold = 10000 (custom)
2019-10-16 05:41:02,075 [pool-57-thread-1] INFO  server.RaftServerConfigKeys (ConfUtils.java:logGet(43)) - raft.server.snapshot.retention.file.num = 5 (custom)
2019-10-16 05:41:02,075 [Thread-385] INFO  impl.RaftServerImpl (RaftServerImpl.java:setRole(184)) - 8d41a728-337d-4af0-9cf5-a84877563a0d@group-527518A75D14: changes role from  FOLLOWER to CANDIDATE at term 3 for changeToCandidate
2019-10-16 05:41:02,074 [grpc-default-executor-0] INFO  impl.RaftServerImpl (RaftServerImpl.java:setRole(184)) - ad5f0ea4-5dae-48da-9087-47ae9aef0548@group-527518A75D14: changes role from  FOLLOWER to FOLLOWER at term 4 for recognizeCandidate:9dd632ad-42c7-48e6-93db-e31edb4e1823
2019-10-16 05:41:02,075 [Thread-385] INFO  impl.RoleInfo (RoleInfo.java:updateAndGet(143)) - 8d41a728-337d-4af0-9cf5-a84877563a0d: start LeaderElection
2019-10-16 05:41:02,075 [pool-57-thread-1] INFO  server.RaftServerConfigKeys (ConfUtils.java:logGet(43)) - raft.server.retrycache.expirytime = 600000ms (custom)
2019-10-16 05:41:02,075 [pool-27-thread-1] INFO  server.RaftServerConfigKeys (ConfUtils.java:logGet(43)) - raft.server.log.statemachine.data.sync.timeout = 10s (default)
2019-10-16 05:41:02,076 [grpc-default-executor-4] INFO  impl.RaftServerImpl (RaftServerImpl.java:setRole(184)) - 8d41a728-337d-4af0-9cf5-a84877563a0d@group-527518A75D14: changes role from CANDIDATE to FOLLOWER at term 4 for recognizeCandidate:9dd632ad-42c7-48e6-93db-e31edb4e1823
2019-10-16 05:41:02,076 [grpc-default-executor-0] INFO  impl.RoleInfo (RoleInfo.java:shutdownFollowerState(121)) - ad5f0ea4-5dae-48da-9087-47ae9aef0548: shutdown FollowerState
2019-10-16 05:41:02,078 [grpc-default-executor-4] INFO  impl.RoleInfo (RoleInfo.java:shutdownLeaderElection(134)) - 8d41a728-337d-4af0-9cf5-a84877563a0d: shutdown LeaderElection
2019-10-16 05:41:02,078 [pool-27-thread-1] INFO  server.RaftServerConfigKeys (ConfUtils.java:logGet(43)) - raft.server.log.statemachine.data.sync.timeout.retry = -1 (default)
2019-10-16 05:41:02,078 [a92c0124-0b6b-4eab-8828-4a4218b90be6@group-FD3ACD3F2F2D-LeaderElection15] INFO  impl.LeaderElection (LeaderElection.java:logAndReturn(56)) - a92c0124-0b6b-4eab-8828-4a4218b90be6@group-FD3ACD3F2F2D-LeaderElection15: Election TIMEOUT; received 0 response(s) [] and 0 exception(s); a92c0124-0b6b-4eab-8828-4a4218b90be6@group-FD3ACD3F2F2D:t1, leader=null, voted=a92c0124-0b6b-4eab-8828-4a4218b90be6, raftlog=a92c0124-0b6b-4eab-8828-4a4218b90be6@group-FD3ACD3F2F2D-SegmentedRaftLog:OPENED:c-1,f-1,i0, conf=-1: [f1a365c1-fe59-4a48-93c2-eb51ec4ae0f7:192.168.69.104:43934, a92c0124-0b6b-4eab-8828-4a4218b90be6:192.168.69.104:41501, 8fe94103-1ee8-4728-abac-39da8dc74e05:192.168.69.104:44899], old=null
2019-10-16 05:41:02,078 [grpc-default-executor-4] INFO  impl.RoleInfo (RoleInfo.java:updateAndGet(143)) - 8d41a728-337d-4af0-9cf5-a84877563a0d: start FollowerState
2019-10-16 05:41:02,078 [grpc-default-executor-0] INFO  impl.RoleInfo (RoleInfo.java:updateAndGet(143)) - ad5f0ea4-5dae-48da-9087-47ae9aef0548: start FollowerState
2019-10-16 05:41:02,078 [Thread-391] INFO  impl.FollowerState (FollowerState.java:run(117)) - ad5f0ea4-5dae-48da-9087-47ae9aef0548@group-527518A75D14-FollowerState was interrupted: java.lang.InterruptedException: sleep interrupted
2019-10-16 05:41:02,079 [a85e69e5-760c-4b40-a424-fc77673779df@group-AFFE1363742F-LeaderElection13] INFO  impl.LeaderElection (LeaderElection.java:logAndReturn(56)) - a85e69e5-760c-4b40-a424-fc77673779df@group-AFFE1363742F-LeaderElection13: Election PASSED; received 1 response(s) [a85e69e5-760c-4b40-a424-fc77673779df<-163c5688-ede5-44ab-b3bd-c5a10f730980#0:OK-t3] and 0 exception(s); a85e69e5-760c-4b40-a424-fc77673779df@group-AFFE1363742F:t3, leader=null, voted=a85e69e5-760c-4b40-a424-fc77673779df, raftlog=a85e69e5-760c-4b40-a424-fc77673779df@group-AFFE1363742F-SegmentedRaftLog:OPENED:c-1,f-1,i0, conf=-1: [163c5688-ede5-44ab-b3bd-c5a10f730980:192.168.69.104:45225, a85e69e5-760c-4b40-a424-fc77673779df:192.168.69.104:37941, 73edb6ac-4c26-463f-ad6d-00f88e6dbd58:192.168.69.104:35488], old=null
2019-10-16 05:41:02,079 [pool-27-thread-1] INFO  server.RaftServerConfigKeys (ConfUtils.java:logGet(43)) - raft.server.log.statemachine.data.caching.enabled = true (custom)
2019-10-16 05:41:02,082 [a85e69e5-760c-4b40-a424-fc77673779df@group-AFFE1363742F-LeaderElection13] INFO  impl.RoleInfo (RoleInfo.java:shutdownLeaderElection(134)) - a85e69e5-760c-4b40-a424-fc77673779df: shutdown LeaderElection
2019-10-16 05:41:02,084 [a85e69e5-760c-4b40-a424-fc77673779df@group-AFFE1363742F-LeaderElection13] INFO  impl.RaftServerImpl (RaftServerImpl.java:setRole(184)) - a85e69e5-760c-4b40-a424-fc77673779df@group-AFFE1363742F: changes role from CANDIDATE to LEADER at term 3 for changeToLeader
2019-10-16 05:41:02,084 [a85e69e5-760c-4b40-a424-fc77673779df@group-AFFE1363742F-LeaderElection13] INFO  impl.RaftServerImpl (ServerState.java:setLeader(256)) - a85e69e5-760c-4b40-a424-fc77673779df@group-AFFE1363742F: change Leader from null to a85e69e5-760c-4b40-a424-fc77673779df at term 3 for becomeLeader, leader elected after 287ms
2019-10-16 05:41:02,084 [pool-27-thread-1] INFO  segmented.SegmentedRaftLogWorker (SegmentedRaftLogWorker.java:lambda$new$0(128)) - f1a365c1-fe59-4a48-93c2-eb51ec4ae0f7@group-FD3ACD3F2F2D-SegmentedRaftLogWorker: flushIndex: setUnconditionally 0 -> -1
2019-10-16 05:41:02,084 [pool-57-thread-1] INFO  impl.RaftServerImpl (RaftServerImpl.java:start(195)) - 8fe94103-1ee8-4728-abac-39da8dc74e05@group-FD3ACD3F2F2D: start as a follower, conf=-1: [f1a365c1-fe59-4a48-93c2-eb51ec4ae0f7:192.168.69.104:43934, a92c0124-0b6b-4eab-8828-4a4218b90be6:192.168.69.104:41501, 8fe94103-1ee8-4728-abac-39da8dc74e05:192.168.69.104:44899], old=null
2019-10-16 05:41:02,084 [a85e69e5-760c-4b40-a424-fc77673779df@group-AFFE1363742F-LeaderElection13] INFO  server.RaftServerConfigKeys (ConfUtils.java:logGet(43)) - raft.server.staging.catchup.gap = 1000 (default)
2019-10-16 05:41:02,084 [pool-27-thread-1] INFO  server.RaftServerConfigKeys (ConfUtils.java:logGet(43)) - raft.server.snapshot.auto.trigger.enabled = true (custom)
2019-10-16 05:41:02,084 [pool-57-thread-1] INFO  impl.RaftServerImpl (RaftServerImpl.java:setRole(184)) - 8fe94103-1ee8-4728-abac-39da8dc74e05@group-FD3ACD3F2F2D: changes role from      null to FOLLOWER at term 0 for startAsFollower
2019-10-16 05:41:02,085 [pool-27-thread-1] INFO  server.RaftServerConfigKeys (ConfUtils.java:logGet(43)) - raft.server.snapshot.auto.trigger.threshold = 10000 (custom)
2019-10-16 05:41:02,084 [a85e69e5-760c-4b40-a424-fc77673779df@group-AFFE1363742F-LeaderElection13] INFO  server.RaftServerConfigKeys (ConfUtils.java:logGet(43)) - raft.server.rpc.sleep.time = 25ms (default)
2019-10-16 05:41:02,085 [pool-27-thread-1] INFO  server.RaftServerConfigKeys (ConfUtils.java:logGet(43)) - raft.server.snapshot.retention.file.num = 5 (custom)
2019-10-16 05:41:02,085 [a85e69e5-760c-4b40-a424-fc77673779df@group-AFFE1363742F-LeaderElection13] INFO  server.RaftServerConfigKeys (ConfUtils.java:logGet(43)) - raft.server.write.element-limit = 4096 (default)
2019-10-16 05:41:02,085 [pool-57-thread-1] INFO  impl.RoleInfo (RoleInfo.java:updateAndGet(143)) - 8fe94103-1ee8-4728-abac-39da8dc74e05: start FollowerState
2019-10-16 05:41:02,085 [pool-27-thread-1] INFO  server.RaftServerConfigKeys (ConfUtils.java:logGet(43)) - raft.server.retrycache.expirytime = 600000ms (custom)
2019-10-16 05:41:02,085 [a85e69e5-760c-4b40-a424-fc77673779df@group-AFFE1363742F-LeaderElection13] INFO  server.RaftServerConfigKeys (ConfUtils.java:logGet(43)) - raft.server.watch.timeout = 10s (default)
2019-10-16 05:41:02,085 [pool-57-thread-1] INFO  util.JmxRegister (JmxRegister.java:tryRegister(44)) - Successfully registered JMX Bean with object name Ratis:service=RaftServer,group=group-FD3ACD3F2F2D,id=8fe94103-1ee8-4728-abac-39da8dc74e05
2019-10-16 05:41:02,085 [a85e69e5-760c-4b40-a424-fc77673779df@group-AFFE1363742F-LeaderElection13] INFO  server.RaftServerConfigKeys (ConfUtils.java:logGet(43)) - raft.server.watch.timeout.denomination = 1s (default)
2019-10-16 05:41:02,086 [a85e69e5-760c-4b40-a424-fc77673779df@group-AFFE1363742F-LeaderElection13] INFO  server.RaftServerConfigKeys (ConfUtils.java:logGet(43)) - raft.server.watch.element-limit = 65536 (default)
2019-10-16 05:41:02,086 [grpc-default-executor-5] WARN  server.GrpcServerProtocolService (LogUtils.java:warn(134)) - 8fe94103-1ee8-4728-abac-39da8dc74e05: Failed requestVote a92c0124-0b6b-4eab-8828-4a4218b90be6->8fe94103-1ee8-4728-abac-39da8dc74e05#0: org.apache.ratis.protocol.ServerNotReadyException: 8fe94103-1ee8-4728-abac-39da8dc74e05@group-FD3ACD3F2F2D is not in [RUNNING]: current state is STARTING
2019-10-16 05:41:02,088 [a92c0124-0b6b-4eab-8828-4a4218b90be6@group-FD3ACD3F2F2D-LeaderElection15] INFO  impl.LeaderElection (LeaderElection.java:askForVotes(178)) - a92c0124-0b6b-4eab-8828-4a4218b90be6@group-FD3ACD3F2F2D-LeaderElection15: begin an election at term 2 for -1: [f1a365c1-fe59-4a48-93c2-eb51ec4ae0f7:192.168.69.104:43934, a92c0124-0b6b-4eab-8828-4a4218b90be6:192.168.69.104:41501, 8fe94103-1ee8-4728-abac-39da8dc74e05:192.168.69.104:44899], old=null
2019-10-16 05:41:02,092 [9dd632ad-42c7-48e6-93db-e31edb4e1823@group-527518A75D14-LeaderElection12] INFO  impl.LeaderElection (LeaderElection.java:logAndReturn(56)) - 9dd632ad-42c7-48e6-93db-e31edb4e1823@group-527518A75D14-LeaderElection12: Election PASSED; received 1 response(s) [9dd632ad-42c7-48e6-93db-e31edb4e1823<-ad5f0ea4-5dae-48da-9087-47ae9aef0548#0:OK-t4] and 0 exception(s); 9dd632ad-42c7-48e6-93db-e31edb4e1823@group-527518A75D14:t4, leader=null, voted=9dd632ad-42c7-48e6-93db-e31edb4e1823, raftlog=9dd632ad-42c7-48e6-93db-e31edb4e1823@group-527518A75D14-SegmentedRaftLog:OPENED:c-1,f-1,i0, conf=-1: [ad5f0ea4-5dae-48da-9087-47ae9aef0548:192.168.69.104:41460, 8d41a728-337d-4af0-9cf5-a84877563a0d:192.168.69.104:41721, 9dd632ad-42c7-48e6-93db-e31edb4e1823:192.168.69.104:34049], old=null
2019-10-16 05:41:02,092 [9dd632ad-42c7-48e6-93db-e31edb4e1823@group-527518A75D14-LeaderElection12] INFO  impl.RoleInfo (RoleInfo.java:shutdownLeaderElection(134)) - 9dd632ad-42c7-48e6-93db-e31edb4e1823: shutdown LeaderElection
2019-10-16 05:41:02,094 [9dd632ad-42c7-48e6-93db-e31edb4e1823@group-527518A75D14-LeaderElection12] INFO  impl.RaftServerImpl (RaftServerImpl.java:setRole(184)) - 9dd632ad-42c7-48e6-93db-e31edb4e1823@group-527518A75D14: changes role from CANDIDATE to LEADER at term 4 for changeToLeader
2019-10-16 05:41:02,094 [9dd632ad-42c7-48e6-93db-e31edb4e1823@group-527518A75D14-LeaderElection12] INFO  impl.RaftServerImpl (ServerState.java:setLeader(256)) - 9dd632ad-42c7-48e6-93db-e31edb4e1823@group-527518A75D14: change Leader from null to 9dd632ad-42c7-48e6-93db-e31edb4e1823 at term 4 for becomeLeader, leader elected after 420ms
2019-10-16 05:41:02,094 [9dd632ad-42c7-48e6-93db-e31edb4e1823@group-527518A75D14-LeaderElection12] INFO  server.RaftServerConfigKeys (ConfUtils.java:logGet(43)) - raft.server.staging.catchup.gap = 1000 (default)
2019-10-16 05:41:02,095 [9dd632ad-42c7-48e6-93db-e31edb4e1823@group-527518A75D14-LeaderElection12] INFO  server.RaftServerConfigKeys (ConfUtils.java:logGet(43)) - raft.server.rpc.sleep.time = 25ms (default)
2019-10-16 05:41:02,095 [9dd632ad-42c7-48e6-93db-e31edb4e1823@group-527518A75D14-LeaderElection12] INFO  server.RaftServerConfigKeys (ConfUtils.java:logGet(43)) - raft.server.write.element-limit = 4096 (default)
2019-10-16 05:41:02,095 [9dd632ad-42c7-48e6-93db-e31edb4e1823@group-527518A75D14-LeaderElection12] INFO  server.RaftServerConfigKeys (ConfUtils.java:logGet(43)) - raft.server.watch.timeout = 10s (default)
2019-10-16 05:41:02,095 [pool-27-thread-1] INFO  impl.RaftServerImpl (RaftServerImpl.java:start(195)) - f1a365c1-fe59-4a48-93c2-eb51ec4ae0f7@group-FD3ACD3F2F2D: start as a follower, conf=-1: [f1a365c1-fe59-4a48-93c2-eb51ec4ae0f7:192.168.69.104:43934, a92c0124-0b6b-4eab-8828-4a4218b90be6:192.168.69.104:41501, 8fe94103-1ee8-4728-abac-39da8dc74e05:192.168.69.104:44899], old=null
2019-10-16 05:41:02,096 [9dd632ad-42c7-48e6-93db-e31edb4e1823@group-527518A75D14-LeaderElection12] INFO  server.RaftServerConfigKeys (ConfUtils.java:logGet(43)) - raft.server.watch.timeout.denomination = 1s (default)
2019-10-16 05:41:02,095 [grpc-default-executor-6] WARN  server.GrpcServerProtocolService (LogUtils.java:warn(134)) - f1a365c1-fe59-4a48-93c2-eb51ec4ae0f7: Failed requestVote a92c0124-0b6b-4eab-8828-4a4218b90be6->f1a365c1-fe59-4a48-93c2-eb51ec4ae0f7#0: org.apache.ratis.protocol.ServerNotReadyException: f1a365c1-fe59-4a48-93c2-eb51ec4ae0f7@group-FD3ACD3F2F2D is not in [RUNNING]: current state is STARTING
2019-10-16 05:41:02,097 [9dd632ad-42c7-48e6-93db-e31edb4e1823@group-527518A75D14-LeaderElection12] INFO  server.RaftServerConfigKeys (ConfUtils.java:logGet(43)) - raft.server.watch.element-limit = 65536 (default)
2019-10-16 05:41:02,097 [grpc-default-executor-3] WARN  server.GrpcServerProtocolService (LogUtils.java:warn(134)) - f1a365c1-fe59-4a48-93c2-eb51ec4ae0f7: Failed requestVote a92c0124-0b6b-4eab-8828-4a4218b90be6->f1a365c1-fe59-4a48-93c2-eb51ec4ae0f7#0: org.apache.ratis.protocol.ServerNotReadyException: f1a365c1-fe59-4a48-93c2-eb51ec4ae0f7@group-FD3ACD3F2F2D is not in [RUNNING]: current state is STARTING
2019-10-16 05:41:02,098 [grpc-default-executor-4] INFO  impl.RaftServerImpl (RaftServerImpl.java:setRole(184)) - 8fe94103-1ee8-4728-abac-39da8dc74e05@group-FD3ACD3F2F2D: changes role from  FOLLOWER to FOLLOWER at term 2 for recognizeCandidate:a92c0124-0b6b-4eab-8828-4a4218b90be6
2019-10-16 05:41:02,097 [pool-27-thread-1] INFO  impl.RaftServerImpl (RaftServerImpl.java:setRole(184)) - f1a365c1-fe59-4a48-93c2-eb51ec4ae0f7@group-FD3ACD3F2F2D: changes role from      null to FOLLOWER at term 0 for startAsFollower
2019-10-16 05:41:02,099 [grpc-default-executor-4] INFO  impl.RoleInfo (RoleInfo.java:shutdownFollowerState(121)) - 8fe94103-1ee8-4728-abac-39da8dc74e05: shutdown FollowerState
2019-10-16 05:41:02,099 [pool-27-thread-1] INFO  impl.RoleInfo (RoleInfo.java:updateAndGet(143)) - f1a365c1-fe59-4a48-93c2-eb51ec4ae0f7: start FollowerState
2019-10-16 05:41:02,099 [grpc-default-executor-4] INFO  impl.RoleInfo (RoleInfo.java:updateAndGet(143)) - 8fe94103-1ee8-4728-abac-39da8dc74e05: start FollowerState
2019-10-16 05:41:02,099 [Thread-397] INFO  impl.FollowerState (FollowerState.java:run(117)) - 8fe94103-1ee8-4728-abac-39da8dc74e05@group-FD3ACD3F2F2D-FollowerState was interrupted: java.lang.InterruptedException: sleep interrupted
2019-10-16 05:41:02,103 [pool-27-thread-1] INFO  util.JmxRegister (JmxRegister.java:tryRegister(44)) - Successfully registered JMX Bean with object name Ratis:service=RaftServer,group=group-FD3ACD3F2F2D,id=f1a365c1-fe59-4a48-93c2-eb51ec4ae0f7
2019-10-16 05:41:02,103 [8d41a728-337d-4af0-9cf5-a84877563a0d@group-527518A75D14-LeaderElection16] INFO  impl.LeaderElection (LeaderElection.java:askForVotes(178)) - 8d41a728-337d-4af0-9cf5-a84877563a0d@group-527518A75D14-LeaderElection16: begin an election at term 5 for -1: [ad5f0ea4-5dae-48da-9087-47ae9aef0548:192.168.69.104:41460, 8d41a728-337d-4af0-9cf5-a84877563a0d:192.168.69.104:41721, 9dd632ad-42c7-48e6-93db-e31edb4e1823:192.168.69.104:34049], old=null
2019-10-16 05:41:02,103 [a85e69e5-760c-4b40-a424-fc77673779df@group-AFFE1363742F-LeaderElection13] INFO  server.RaftServerConfigKeys (ConfUtils.java:logGet(43)) - raft.server.log.appender.snapshot.chunk.size.max = 16MB (=16777216) (default)
2019-10-16 05:41:02,111 [a85e69e5-760c-4b40-a424-fc77673779df@group-AFFE1363742F-LeaderElection13] INFO  server.RaftServerConfigKeys (ConfUtils.java:logGet(43)) - raft.server.log.appender.buffer.byte-limit = 33554432 (custom)
2019-10-16 05:41:02,111 [9dd632ad-42c7-48e6-93db-e31edb4e1823@group-527518A75D14-LeaderElection12] INFO  server.RaftServerConfigKeys (ConfUtils.java:logGet(43)) - raft.server.log.appender.snapshot.chunk.size.max = 16MB (=16777216) (default)
2019-10-16 05:41:02,111 [8d41a728-337d-4af0-9cf5-a84877563a0d@group-527518A75D14-LeaderElection16] INFO  impl.LeaderElection (LeaderElection.java:logAndReturn(56)) - 8d41a728-337d-4af0-9cf5-a84877563a0d@group-527518A75D14-LeaderElection16: Election REJECTED; received 0 response(s) [] and 0 exception(s); 8d41a728-337d-4af0-9cf5-a84877563a0d@group-527518A75D14:t5, leader=null, voted=8d41a728-337d-4af0-9cf5-a84877563a0d, raftlog=8d41a728-337d-4af0-9cf5-a84877563a0d@group-527518A75D14-SegmentedRaftLog:OPENED:c-1,f-1,i0, conf=-1: [ad5f0ea4-5dae-48da-9087-47ae9aef0548:192.168.69.104:41460, 8d41a728-337d-4af0-9cf5-a84877563a0d:192.168.69.104:41721, 9dd632ad-42c7-48e6-93db-e31edb4e1823:192.168.69.104:34049], old=null
2019-10-16 05:41:02,111 [a85e69e5-760c-4b40-a424-fc77673779df@group-AFFE1363742F-LeaderElection13] INFO  server.RaftServerConfigKeys (ConfUtils.java:logGet(43)) - raft.server.log.appender.buffer.element-limit = 1 (custom)
2019-10-16 05:41:02,111 [9dd632ad-42c7-48e6-93db-e31edb4e1823@group-527518A75D14-LeaderElection12] INFO  server.RaftServerConfigKeys (ConfUtils.java:logGet(43)) - raft.server.log.appender.buffer.byte-limit = 33554432 (custom)
2019-10-16 05:41:02,114 [9dd632ad-42c7-48e6-93db-e31edb4e1823@group-527518A75D14-LeaderElection12] INFO  server.RaftServerConfigKeys (ConfUtils.java:logGet(43)) - raft.server.log.appender.buffer.element-limit = 1 (custom)
2019-10-16 05:41:02,115 [Thread-390] INFO  impl.FollowerState (FollowerState.java:run(108)) - 163c5688-ede5-44ab-b3bd-c5a10f730980@group-AFFE1363742F-FollowerState: change to CANDIDATE, lastRpcTime:58ms, electionTimeout:53ms
2019-10-16 05:41:02,115 [Thread-390] INFO  impl.RoleInfo (RoleInfo.java:shutdownFollowerState(121)) - 163c5688-ede5-44ab-b3bd-c5a10f730980: shutdown FollowerState
2019-10-16 05:41:02,115 [Thread-390] INFO  impl.RaftServerImpl (RaftServerImpl.java:setRole(184)) - 163c5688-ede5-44ab-b3bd-c5a10f730980@group-AFFE1363742F: changes role from  FOLLOWER to CANDIDATE at term 3 for changeToCandidate
2019-10-16 05:41:02,115 [Thread-390] INFO  impl.RoleInfo (RoleInfo.java:updateAndGet(143)) - 163c5688-ede5-44ab-b3bd-c5a10f730980: start LeaderElection
2019-10-16 05:41:02,119 [grpc-default-executor-0] INFO  impl.RaftServerImpl (RaftServerImpl.java:setRole(184)) - ad5f0ea4-5dae-48da-9087-47ae9aef0548@group-527518A75D14: changes role from  FOLLOWER to FOLLOWER at term 5 for recognizeCandidate:8d41a728-337d-4af0-9cf5-a84877563a0d
2019-10-16 05:41:02,119 [grpc-default-executor-0] INFO  impl.RoleInfo (RoleInfo.java:shutdownFollowerState(121)) - ad5f0ea4-5dae-48da-9087-47ae9aef0548: shutdown FollowerState
2019-10-16 05:41:02,119 [grpc-default-executor-0] INFO  impl.RoleInfo (RoleInfo.java:updateAndGet(143)) - ad5f0ea4-5dae-48da-9087-47ae9aef0548: start FollowerState
2019-10-16 05:41:02,119 [a85e69e5-760c-4b40-a424-fc77673779df@group-AFFE1363742F-LeaderElection13] INFO  grpc.GrpcConfigKeys$Server (ConfUtils.java:logGet(43)) - raft.grpc.server.leader.outstanding.appends.max = 128 (default)
2019-10-16 05:41:02,119 [Thread-395] INFO  impl.FollowerState (FollowerState.java:run(117)) - ad5f0ea4-5dae-48da-9087-47ae9aef0548@group-527518A75D14-FollowerState was interrupted: java.lang.InterruptedException: sleep interrupted
2019-10-16 05:41:02,121 [a85e69e5-760c-4b40-a424-fc77673779df@group-AFFE1363742F-LeaderElection13] INFO  server.RaftServerConfigKeys (ConfUtils.java:logGet(43)) - raft.server.rpc.request.timeout = 3000ms (default)
2019-10-16 05:41:02,120 [9dd632ad-42c7-48e6-93db-e31edb4e1823@group-527518A75D14-LeaderElection12] INFO  grpc.GrpcConfigKeys$Server (ConfUtils.java:logGet(43)) - raft.grpc.server.leader.outstanding.appends.max = 128 (default)
2019-10-16 05:41:02,124 [163c5688-ede5-44ab-b3bd-c5a10f730980@group-AFFE1363742F-LeaderElection17] INFO  impl.LeaderElection (LeaderElection.java:askForVotes(178)) - 163c5688-ede5-44ab-b3bd-c5a10f730980@group-AFFE1363742F-LeaderElection17: begin an election at term 4 for -1: [163c5688-ede5-44ab-b3bd-c5a10f730980:192.168.69.104:45225, a85e69e5-760c-4b40-a424-fc77673779df:192.168.69.104:37941, 73edb6ac-4c26-463f-ad6d-00f88e6dbd58:192.168.69.104:35488], old=null
2019-10-16 05:41:02,124 [a85e69e5-760c-4b40-a424-fc77673779df@group-AFFE1363742F-LeaderElection13] INFO  server.RaftServerConfigKeys (ConfUtils.java:logGet(43)) - raft.server.log.appender.install.snapshot.enabled = false (custom)
2019-10-16 05:41:02,124 [9dd632ad-42c7-48e6-93db-e31edb4e1823@group-527518A75D14-LeaderElection12] INFO  server.RaftServerConfigKeys (ConfUtils.java:logGet(43)) - raft.server.rpc.request.timeout = 3000ms (default)
2019-10-16 05:41:02,124 [9dd632ad-42c7-48e6-93db-e31edb4e1823@group-527518A75D14-LeaderElection12] INFO  server.RaftServerConfigKeys (ConfUtils.java:logGet(43)) - raft.server.log.appender.install.snapshot.enabled = false (custom)
2019-10-16 05:41:02,131 [RatisPipelineUtilsThread] INFO  pipeline.PipelineStateManager (PipelineStateManager.java:addPipeline(56)) - Created pipeline Pipeline[ Id: e1b70ff6-5c86-4e33-80e5-fd3acd3f2f2d, Nodes: f1a365c1-fe59-4a48-93c2-eb51ec4ae0f7{ip: 192.168.69.104, host: pr-hdds-2312-q6qzp-1535798719, networkLocation: /default-rack, certSerialId: null}a92c0124-0b6b-4eab-8828-4a4218b90be6{ip: 192.168.69.104, host: pr-hdds-2312-q6qzp-1535798719, networkLocation: /default-rack, certSerialId: null}8fe94103-1ee8-4728-abac-39da8dc74e05{ip: 192.168.69.104, host: pr-hdds-2312-q6qzp-1535798719, networkLocation: /default-rack, certSerialId: null}, Type:RATIS, Factor:THREE, State:OPEN]
2019-10-16 05:41:02,132 [a92c0124-0b6b-4eab-8828-4a4218b90be6@group-FD3ACD3F2F2D-LeaderElection15] INFO  impl.LeaderElection (LeaderElection.java:logAndReturn(56)) - a92c0124-0b6b-4eab-8828-4a4218b90be6@group-FD3ACD3F2F2D-LeaderElection15: Election PASSED; received 1 response(s) [a92c0124-0b6b-4eab-8828-4a4218b90be6<-8fe94103-1ee8-4728-abac-39da8dc74e05#0:OK-t2] and 0 exception(s); a92c0124-0b6b-4eab-8828-4a4218b90be6@group-FD3ACD3F2F2D:t2, leader=null, voted=a92c0124-0b6b-4eab-8828-4a4218b90be6, raftlog=a92c0124-0b6b-4eab-8828-4a4218b90be6@group-FD3ACD3F2F2D-SegmentedRaftLog:OPENED:c-1,f-1,i0, conf=-1: [f1a365c1-fe59-4a48-93c2-eb51ec4ae0f7:192.168.69.104:43934, a92c0124-0b6b-4eab-8828-4a4218b90be6:192.168.69.104:41501, 8fe94103-1ee8-4728-abac-39da8dc74e05:192.168.69.104:44899], old=null
2019-10-16 05:41:02,133 [a92c0124-0b6b-4eab-8828-4a4218b90be6@group-FD3ACD3F2F2D-LeaderElection15] INFO  impl.RoleInfo (RoleInfo.java:shutdownLeaderElection(134)) - a92c0124-0b6b-4eab-8828-4a4218b90be6: shutdown LeaderElection
2019-10-16 05:41:02,133 [a92c0124-0b6b-4eab-8828-4a4218b90be6@group-FD3ACD3F2F2D-LeaderElection15] INFO  impl.RaftServerImpl (RaftServerImpl.java:setRole(184)) - a92c0124-0b6b-4eab-8828-4a4218b90be6@group-FD3ACD3F2F2D: changes role from CANDIDATE to LEADER at term 2 for changeToLeader
2019-10-16 05:41:02,133 [a92c0124-0b6b-4eab-8828-4a4218b90be6@group-FD3ACD3F2F2D-LeaderElection15] INFO  impl.RaftServerImpl (ServerState.java:setLeader(256)) - a92c0124-0b6b-4eab-8828-4a4218b90be6@group-FD3ACD3F2F2D: change Leader from null to a92c0124-0b6b-4eab-8828-4a4218b90be6 at term 2 for becomeLeader, leader elected after 172ms
2019-10-16 05:41:02,134 [a92c0124-0b6b-4eab-8828-4a4218b90be6@group-FD3ACD3F2F2D-LeaderElection15] INFO  server.RaftServerConfigKeys (ConfUtils.java:logGet(43)) - raft.server.staging.catchup.gap = 1000 (default)
2019-10-16 05:41:02,135 [a92c0124-0b6b-4eab-8828-4a4218b90be6@group-FD3ACD3F2F2D-LeaderElection15] INFO  server.RaftServerConfigKeys (ConfUtils.java:logGet(43)) - raft.server.rpc.sleep.time = 25ms (default)
2019-10-16 05:41:02,135 [a92c0124-0b6b-4eab-8828-4a4218b90be6@group-FD3ACD3F2F2D-LeaderElection15] INFO  server.RaftServerConfigKeys (ConfUtils.java:logGet(43)) - raft.server.write.element-limit = 4096 (default)
2019-10-16 05:41:02,137 [a92c0124-0b6b-4eab-8828-4a4218b90be6@group-FD3ACD3F2F2D-LeaderElection15] INFO  server.RaftServerConfigKeys (ConfUtils.java:logGet(43)) - raft.server.watch.timeout = 10s (default)
2019-10-16 05:41:02,138 [a92c0124-0b6b-4eab-8828-4a4218b90be6@group-FD3ACD3F2F2D-LeaderElection15] INFO  server.RaftServerConfigKeys (ConfUtils.java:logGet(43)) - raft.server.watch.timeout.denomination = 1s (default)
2019-10-16 05:41:02,138 [a92c0124-0b6b-4eab-8828-4a4218b90be6@group-FD3ACD3F2F2D-LeaderElection15] INFO  server.RaftServerConfigKeys (ConfUtils.java:logGet(43)) - raft.server.watch.element-limit = 65536 (default)
2019-10-16 05:41:02,139 [163c5688-ede5-44ab-b3bd-c5a10f730980@group-AFFE1363742F-LeaderElection17] INFO  impl.LeaderElection (LeaderElection.java:logAndReturn(56)) - 163c5688-ede5-44ab-b3bd-c5a10f730980@group-AFFE1363742F-LeaderElection17: Election TIMEOUT; received 0 response(s) [] and 0 exception(s); 163c5688-ede5-44ab-b3bd-c5a10f730980@group-AFFE1363742F:t4, leader=null, voted=163c5688-ede5-44ab-b3bd-c5a10f730980, raftlog=163c5688-ede5-44ab-b3bd-c5a10f730980@group-AFFE1363742F-SegmentedRaftLog:OPENED:c-1,f-1,i0, conf=-1: [163c5688-ede5-44ab-b3bd-c5a10f730980:192.168.69.104:45225, a85e69e5-760c-4b40-a424-fc77673779df:192.168.69.104:37941, 73edb6ac-4c26-463f-ad6d-00f88e6dbd58:192.168.69.104:35488], old=null
2019-10-16 05:41:02,142 [a85e69e5-760c-4b40-a424-fc77673779df@group-AFFE1363742F-LeaderElection13] INFO  server.RaftServerConfigKeys (ConfUtils.java:logGet(43)) - raft.server.log.appender.snapshot.chunk.size.max = 16MB (=16777216) (default)
2019-10-16 05:41:02,142 [a85e69e5-760c-4b40-a424-fc77673779df@group-AFFE1363742F-LeaderElection13] INFO  server.RaftServerConfigKeys (ConfUtils.java:logGet(43)) - raft.server.log.appender.buffer.byte-limit = 33554432 (custom)
2019-10-16 05:41:02,142 [a85e69e5-760c-4b40-a424-fc77673779df@group-AFFE1363742F-LeaderElection13] INFO  server.RaftServerConfigKeys (ConfUtils.java:logGet(43)) - raft.server.log.appender.buffer.element-limit = 1 (custom)
2019-10-16 05:41:02,143 [a85e69e5-760c-4b40-a424-fc77673779df@group-AFFE1363742F-LeaderElection13] INFO  grpc.GrpcConfigKeys$Server (ConfUtils.java:logGet(43)) - raft.grpc.server.leader.outstanding.appends.max = 128 (default)
2019-10-16 05:41:02,143 [a85e69e5-760c-4b40-a424-fc77673779df@group-AFFE1363742F-LeaderElection13] INFO  server.RaftServerConfigKeys (ConfUtils.java:logGet(43)) - raft.server.rpc.request.timeout = 3000ms (default)
2019-10-16 05:41:02,143 [a85e69e5-760c-4b40-a424-fc77673779df@group-AFFE1363742F-LeaderElection13] INFO  server.RaftServerConfigKeys (ConfUtils.java:logGet(43)) - raft.server.log.appender.install.snapshot.enabled = false (custom)
2019-10-16 05:41:02,153 [163c5688-ede5-44ab-b3bd-c5a10f730980@group-AFFE1363742F-LeaderElection17] INFO  impl.LeaderElection (LeaderElection.java:askForVotes(178)) - 163c5688-ede5-44ab-b3bd-c5a10f730980@group-AFFE1363742F-LeaderElection17: begin an election at term 5 for -1: [163c5688-ede5-44ab-b3bd-c5a10f730980:192.168.69.104:45225, a85e69e5-760c-4b40-a424-fc77673779df:192.168.69.104:37941, 73edb6ac-4c26-463f-ad6d-00f88e6dbd58:192.168.69.104:35488], old=null
2019-10-16 05:41:02,165 [grpc-default-executor-4] INFO  impl.RaftServerImpl (RaftServerImpl.java:setRole(184)) - 73edb6ac-4c26-463f-ad6d-00f88e6dbd58@group-AFFE1363742F: changes role from  FOLLOWER to FOLLOWER at term 4 for recognizeCandidate:163c5688-ede5-44ab-b3bd-c5a10f730980
2019-10-16 05:41:02,165 [9dd632ad-42c7-48e6-93db-e31edb4e1823@group-527518A75D14-LeaderElection12] INFO  server.RaftServerConfigKeys (ConfUtils.java:logGet(43)) - raft.server.log.appender.snapshot.chunk.size.max = 16MB (=16777216) (default)
2019-10-16 05:41:02,166 [grpc-default-executor-4] INFO  impl.RoleInfo (RoleInfo.java:shutdownFollowerState(121)) - 73edb6ac-4c26-463f-ad6d-00f88e6dbd58: shutdown FollowerState
2019-10-16 05:41:02,166 [9dd632ad-42c7-48e6-93db-e31edb4e1823@group-527518A75D14-LeaderElection12] INFO  server.RaftServerConfigKeys (ConfUtils.java:logGet(43)) - raft.server.log.appender.buffer.byte-limit = 33554432 (custom)
2019-10-16 05:41:02,166 [grpc-default-executor-4] INFO  impl.RoleInfo (RoleInfo.java:updateAndGet(143)) - 73edb6ac-4c26-463f-ad6d-00f88e6dbd58: start FollowerState
2019-10-16 05:41:02,166 [Thread-392] INFO  impl.FollowerState (FollowerState.java:run(117)) - 73edb6ac-4c26-463f-ad6d-00f88e6dbd58@group-AFFE1363742F-FollowerState was interrupted: java.lang.InterruptedException: sleep interrupted
2019-10-16 05:41:02,166 [a92c0124-0b6b-4eab-8828-4a4218b90be6@group-FD3ACD3F2F2D-LeaderElection15] INFO  server.RaftServerConfigKeys (ConfUtils.java:logGet(43)) - raft.server.log.appender.snapshot.chunk.size.max = 16MB (=16777216) (default)
2019-10-16 05:41:02,166 [9dd632ad-42c7-48e6-93db-e31edb4e1823@group-527518A75D14-LeaderElection12] INFO  server.RaftServerConfigKeys (ConfUtils.java:logGet(43)) - raft.server.log.appender.buffer.element-limit = 1 (custom)
2019-10-16 05:41:02,168 [a92c0124-0b6b-4eab-8828-4a4218b90be6@group-FD3ACD3F2F2D-LeaderElection15] INFO  server.RaftServerConfigKeys (ConfUtils.java:logGet(43)) - raft.server.log.appender.buffer.byte-limit = 33554432 (custom)
2019-10-16 05:41:02,168 [9dd632ad-42c7-48e6-93db-e31edb4e1823@group-527518A75D14-LeaderElection12] INFO  grpc.GrpcConfigKeys$Server (ConfUtils.java:logGet(43)) - raft.grpc.server.leader.outstanding.appends.max = 128 (default)
2019-10-16 05:41:02,168 [a92c0124-0b6b-4eab-8828-4a4218b90be6@group-FD3ACD3F2F2D-LeaderElection15] INFO  server.RaftServerConfigKeys (ConfUtils.java:logGet(43)) - raft.server.log.appender.buffer.element-limit = 1 (custom)
2019-10-16 05:41:02,168 [9dd632ad-42c7-48e6-93db-e31edb4e1823@group-527518A75D14-LeaderElection12] INFO  server.RaftServerConfigKeys (ConfUtils.java:logGet(43)) - raft.server.rpc.request.timeout = 3000ms (default)
2019-10-16 05:41:02,169 [a92c0124-0b6b-4eab-8828-4a4218b90be6@group-FD3ACD3F2F2D-LeaderElection15] INFO  grpc.GrpcConfigKeys$Server (ConfUtils.java:logGet(43)) - raft.grpc.server.leader.outstanding.appends.max = 128 (default)
2019-10-16 05:41:02,169 [9dd632ad-42c7-48e6-93db-e31edb4e1823@group-527518A75D14-LeaderElection12] INFO  server.RaftServerConfigKeys (ConfUtils.java:logGet(43)) - raft.server.log.appender.install.snapshot.enabled = false (custom)
2019-10-16 05:41:02,169 [a92c0124-0b6b-4eab-8828-4a4218b90be6@group-FD3ACD3F2F2D-LeaderElection15] INFO  server.RaftServerConfigKeys (ConfUtils.java:logGet(43)) - raft.server.rpc.request.timeout = 3000ms (default)
2019-10-16 05:41:02,169 [a92c0124-0b6b-4eab-8828-4a4218b90be6@group-FD3ACD3F2F2D-LeaderElection15] INFO  server.RaftServerConfigKeys (ConfUtils.java:logGet(43)) - raft.server.log.appender.install.snapshot.enabled = false (custom)
2019-10-16 05:41:02,171 [a85e69e5-760c-4b40-a424-fc77673779df@group-AFFE1363742F-LeaderElection13] INFO  impl.RoleInfo (RoleInfo.java:updateAndGet(143)) - a85e69e5-760c-4b40-a424-fc77673779df: start LeaderState
2019-10-16 05:41:02,171 [a85e69e5-760c-4b40-a424-fc77673779df@group-AFFE1363742F-LeaderElection13] INFO  segmented.SegmentedRaftLogWorker (SegmentedRaftLogWorker.java:startLogSegment(385)) - a85e69e5-760c-4b40-a424-fc77673779df@group-AFFE1363742F-SegmentedRaftLogWorker: Starting segment from index:0
2019-10-16 05:41:02,172 [a85e69e5-760c-4b40-a424-fc77673779df@group-AFFE1363742F-LeaderElection13] INFO  impl.RaftServerImpl (ServerState.java:setRaftConf(357)) - a85e69e5-760c-4b40-a424-fc77673779df@group-AFFE1363742F: set configuration 0: [163c5688-ede5-44ab-b3bd-c5a10f730980:192.168.69.104:45225, a85e69e5-760c-4b40-a424-fc77673779df:192.168.69.104:37941, 73edb6ac-4c26-463f-ad6d-00f88e6dbd58:192.168.69.104:35488], old=null at 0
2019-10-16 05:41:02,172 [9dd632ad-42c7-48e6-93db-e31edb4e1823@group-527518A75D14-LeaderElection12] INFO  impl.RoleInfo (RoleInfo.java:updateAndGet(143)) - 9dd632ad-42c7-48e6-93db-e31edb4e1823: start LeaderState
2019-10-16 05:41:02,172 [grpc-default-executor-7] INFO  impl.RaftServerImpl (ServerState.java:setLeader(256)) - a85e69e5-760c-4b40-a424-fc77673779df@group-AFFE1363742F: change Leader from a85e69e5-760c-4b40-a424-fc77673779df to null at term 5 for updateCurrentTerm
2019-10-16 05:41:02,173 [9dd632ad-42c7-48e6-93db-e31edb4e1823@group-527518A75D14-LeaderElection12] INFO  segmented.SegmentedRaftLogWorker (SegmentedRaftLogWorker.java:startLogSegment(385)) - 9dd632ad-42c7-48e6-93db-e31edb4e1823@group-527518A75D14-SegmentedRaftLogWorker: Starting segment from index:0
2019-10-16 05:41:02,173 [a92c0124-0b6b-4eab-8828-4a4218b90be6@group-FD3ACD3F2F2D-LeaderElection15] INFO  server.RaftServerConfigKeys (ConfUtils.java:logGet(43)) - raft.server.log.appender.snapshot.chunk.size.max = 16MB (=16777216) (default)
2019-10-16 05:41:02,173 [grpc-default-executor-7] INFO  impl.RaftServerImpl (RaftServerImpl.java:setRole(184)) - a85e69e5-760c-4b40-a424-fc77673779df@group-AFFE1363742F: changes role from    LEADER to FOLLOWER at term 5 for recognizeCandidate:163c5688-ede5-44ab-b3bd-c5a10f730980
2019-10-16 05:41:02,206 [Thread-396] INFO  impl.FollowerState (FollowerState.java:run(108)) - 8d41a728-337d-4af0-9cf5-a84877563a0d@group-527518A75D14-FollowerState: change to CANDIDATE, lastRpcTime:127ms, electionTimeout:93ms
2019-10-16 05:41:02,201 [163c5688-ede5-44ab-b3bd-c5a10f730980@group-AFFE1363742F-LeaderElection17] INFO  impl.LeaderElection (LeaderElection.java:logAndReturn(56)) - 163c5688-ede5-44ab-b3bd-c5a10f730980@group-AFFE1363742F-LeaderElection17: Election TIMEOUT; received 0 response(s) [] and 0 exception(s); 163c5688-ede5-44ab-b3bd-c5a10f730980@group-AFFE1363742F:t5, leader=null, voted=163c5688-ede5-44ab-b3bd-c5a10f730980, raftlog=163c5688-ede5-44ab-b3bd-c5a10f730980@group-AFFE1363742F-SegmentedRaftLog:OPENED:c-1,f-1,i0, conf=-1: [163c5688-ede5-44ab-b3bd-c5a10f730980:192.168.69.104:45225, a85e69e5-760c-4b40-a424-fc77673779df:192.168.69.104:37941, 73edb6ac-4c26-463f-ad6d-00f88e6dbd58:192.168.69.104:35488], old=null
2019-10-16 05:41:02,201 [Thread-405] INFO  impl.FollowerState (FollowerState.java:run(108)) - 8fe94103-1ee8-4728-abac-39da8dc74e05@group-FD3ACD3F2F2D-FollowerState: change to CANDIDATE, lastRpcTime:101ms, electionTimeout:70ms
2019-10-16 05:41:02,239 [a85e69e5-760c-4b40-a424-fc77673779df@group-AFFE1363742F-SegmentedRaftLogWorker] INFO  segmented.SegmentedRaftLogWorker (SegmentedRaftLogWorker.java:execute(576)) - a85e69e5-760c-4b40-a424-fc77673779df@group-AFFE1363742F-SegmentedRaftLogWorker: created new log segment /workdir/hadoop-ozone/integration-test/target/test-dir/MiniOzoneClusterImpl-2ede335a-ebf0-4a23-bcb3-98605d830964/datanode-4/data/ratis/95272ce7-baeb-427f-b9ae-affe1363742f/current/log_inprogress_0
2019-10-16 05:41:02,239 [Thread-404] INFO  impl.FollowerState (FollowerState.java:run(108)) - f1a365c1-fe59-4a48-93c2-eb51ec4ae0f7@group-FD3ACD3F2F2D-FollowerState: change to CANDIDATE, lastRpcTime:139ms, electionTimeout:124ms
2019-10-16 05:41:02,207 [Thread-396] INFO  impl.RoleInfo (RoleInfo.java:shutdownFollowerState(121)) - 8d41a728-337d-4af0-9cf5-a84877563a0d: shutdown FollowerState
2019-10-16 05:41:02,206 [grpc-default-executor-7] INFO  impl.RoleInfo (RoleInfo.java:shutdownLeaderState(104)) - a85e69e5-760c-4b40-a424-fc77673779df: shutdown LeaderState
2019-10-16 05:41:02,206 [a92c0124-0b6b-4eab-8828-4a4218b90be6@group-FD3ACD3F2F2D-LeaderElection15] INFO  server.RaftServerConfigKeys (ConfUtils.java:logGet(43)) - raft.server.log.appender.buffer.byte-limit = 33554432 (custom)
2019-10-16 05:41:02,244 [Thread-396] INFO  impl.RaftServerImpl (RaftServerImpl.java:setRole(184)) - 8d41a728-337d-4af0-9cf5-a84877563a0d@group-527518A75D14: changes role from  FOLLOWER to CANDIDATE at term 5 for changeToCandidate
2019-10-16 05:41:02,244 [Thread-404] INFO  impl.RoleInfo (RoleInfo.java:shutdownFollowerState(121)) - f1a365c1-fe59-4a48-93c2-eb51ec4ae0f7: shutdown FollowerState
2019-10-16 05:41:02,243 [Thread-405] INFO  impl.RoleInfo (RoleInfo.java:shutdownFollowerState(121)) - 8fe94103-1ee8-4728-abac-39da8dc74e05: shutdown FollowerState
2019-10-16 05:41:02,243 [9dd632ad-42c7-48e6-93db-e31edb4e1823@group-527518A75D14-LeaderElection12] INFO  impl.RaftServerImpl (ServerState.java:setRaftConf(357)) - 9dd632ad-42c7-48e6-93db-e31edb4e1823@group-527518A75D14: set configuration 0: [ad5f0ea4-5dae-48da-9087-47ae9aef0548:192.168.69.104:41460, 8d41a728-337d-4af0-9cf5-a84877563a0d:192.168.69.104:41721, 9dd632ad-42c7-48e6-93db-e31edb4e1823:192.168.69.104:34049], old=null at 0
2019-10-16 05:41:02,243 [Thread-419] INFO  impl.FollowerState (FollowerState.java:run(108)) - 73edb6ac-4c26-463f-ad6d-00f88e6dbd58@group-AFFE1363742F-FollowerState: change to CANDIDATE, lastRpcTime:40ms, electionTimeout:17ms
2019-10-16 05:41:02,254 [163c5688-ede5-44ab-b3bd-c5a10f730980@group-AFFE1363742F-LeaderElection17] INFO  impl.LeaderElection (LeaderElection.java:askForVotes(178)) - 163c5688-ede5-44ab-b3bd-c5a10f730980@group-AFFE1363742F-LeaderElection17: begin an election at term 6 for -1: [163c5688-ede5-44ab-b3bd-c5a10f730980:192.168.69.104:45225, a85e69e5-760c-4b40-a424-fc77673779df:192.168.69.104:37941, 73edb6ac-4c26-463f-ad6d-00f88e6dbd58:192.168.69.104:35488], old=null
2019-10-16 05:41:02,255 [Thread-419] INFO  impl.RoleInfo (RoleInfo.java:shutdownFollowerState(121)) - 73edb6ac-4c26-463f-ad6d-00f88e6dbd58: shutdown FollowerState
2019-10-16 05:41:02,254 [grpc-default-executor-1] INFO  impl.RaftServerImpl (ServerState.java:setLeader(256)) - 9dd632ad-42c7-48e6-93db-e31edb4e1823@group-527518A75D14: change Leader from 9dd632ad-42c7-48e6-93db-e31edb4e1823 to null at term 5 for updateCurrentTerm
2019-10-16 05:41:02,252 [Thread-405] INFO  impl.RaftServerImpl (RaftServerImpl.java:setRole(184)) - 8fe94103-1ee8-4728-abac-39da8dc74e05@group-FD3ACD3F2F2D: changes role from  FOLLOWER to CANDIDATE at term 2 for changeToCandidate
2019-10-16 05:41:02,251 [Thread-404] INFO  impl.RaftServerImpl (RaftServerImpl.java:setRole(184)) - f1a365c1-fe59-4a48-93c2-eb51ec4ae0f7@group-FD3ACD3F2F2D: changes role from  FOLLOWER to CANDIDATE at term 0 for changeToCandidate
2019-10-16 05:41:02,251 [9dd632ad-42c7-48e6-93db-e31edb4e1823@group-527518A75D14-SegmentedRaftLogWorker] INFO  segmented.SegmentedRaftLogWorker (SegmentedRaftLogWorker.java:execute(576)) - 9dd632ad-42c7-48e6-93db-e31edb4e1823@group-527518A75D14-SegmentedRaftLogWorker: created new log segment /workdir/hadoop-ozone/integration-test/target/test-dir/MiniOzoneClusterImpl-2ede335a-ebf0-4a23-bcb3-98605d830964/datanode-2/data/ratis/fe15bb06-241c-4554-b82b-527518a75d14/current/log_inprogress_0
2019-10-16 05:41:02,251 [Thread-396] INFO  impl.RoleInfo (RoleInfo.java:updateAndGet(143)) - 8d41a728-337d-4af0-9cf5-a84877563a0d: start LeaderElection
2019-10-16 05:41:02,245 [a92c0124-0b6b-4eab-8828-4a4218b90be6@group-FD3ACD3F2F2D-LeaderElection15] INFO  server.RaftServerConfigKeys (ConfUtils.java:logGet(43)) - raft.server.log.appender.buffer.element-limit = 1 (custom)
2019-10-16 05:41:02,259 [Thread-404] INFO  impl.RoleInfo (RoleInfo.java:updateAndGet(143)) - f1a365c1-fe59-4a48-93c2-eb51ec4ae0f7: start LeaderElection
2019-10-16 05:41:02,259 [Thread-405] INFO  impl.RoleInfo (RoleInfo.java:updateAndGet(143)) - 8fe94103-1ee8-4728-abac-39da8dc74e05: start LeaderElection
2019-10-16 05:41:02,255 [grpc-default-executor-1] INFO  impl.RaftServerImpl (RaftServerImpl.java:setRole(184)) - 9dd632ad-42c7-48e6-93db-e31edb4e1823@group-527518A75D14: changes role from    LEADER to FOLLOWER at term 5 for recognizeCandidate:8d41a728-337d-4af0-9cf5-a84877563a0d
2019-10-16 05:41:02,255 [Thread-419] INFO  impl.RaftServerImpl (RaftServerImpl.java:setRole(184)) - 73edb6ac-4c26-463f-ad6d-00f88e6dbd58@group-AFFE1363742F: changes role from  FOLLOWER to CANDIDATE at term 4 for changeToCandidate
2019-10-16 05:41:02,254 [grpc-default-executor-7] INFO  impl.PendingRequests (PendingRequests.java:sendNotLeaderResponses(202)) - a85e69e5-760c-4b40-a424-fc77673779df@group-AFFE1363742F-PendingRequests: sendNotLeaderResponses
2019-10-16 05:41:02,262 [grpc-default-executor-1] INFO  impl.RoleInfo (RoleInfo.java:shutdownLeaderState(104)) - 9dd632ad-42c7-48e6-93db-e31edb4e1823: shutdown LeaderState
2019-10-16 05:41:02,261 [a92c0124-0b6b-4eab-8828-4a4218b90be6@group-FD3ACD3F2F2D-LeaderElection15] INFO  grpc.GrpcConfigKeys$Server (ConfUtils.java:logGet(43)) - raft.grpc.server.leader.outstanding.appends.max = 128 (default)
2019-10-16 05:41:02,268 [Thread-419] INFO  impl.RoleInfo (RoleInfo.java:updateAndGet(143)) - 73edb6ac-4c26-463f-ad6d-00f88e6dbd58: start LeaderElection
2019-10-16 05:41:02,274 [a92c0124-0b6b-4eab-8828-4a4218b90be6@group-FD3ACD3F2F2D-LeaderElection15] INFO  server.RaftServerConfigKeys (ConfUtils.java:logGet(43)) - raft.server.rpc.request.timeout = 3000ms (default)
2019-10-16 05:41:02,272 [grpc-default-executor-1] INFO  impl.PendingRequests (PendingRequests.java:sendNotLeaderResponses(202)) - 9dd632ad-42c7-48e6-93db-e31edb4e1823@group-527518A75D14-PendingRequests: sendNotLeaderResponses
2019-10-16 05:41:02,275 [a92c0124-0b6b-4eab-8828-4a4218b90be6@group-FD3ACD3F2F2D-LeaderElection15] INFO  server.RaftServerConfigKeys (ConfUtils.java:logGet(43)) - raft.server.log.appender.install.snapshot.enabled = false (custom)
2019-10-16 05:41:02,277 [grpc-default-executor-2] INFO  impl.RaftServerImpl (RaftServerImpl.java:setRole(184)) - 73edb6ac-4c26-463f-ad6d-00f88e6dbd58@group-AFFE1363742F: changes role from CANDIDATE to FOLLOWER at term 5 for recognizeCandidate:163c5688-ede5-44ab-b3bd-c5a10f730980
2019-10-16 05:41:02,277 [grpc-default-executor-2] INFO  impl.RoleInfo (RoleInfo.java:shutdownLeaderElection(134)) - 73edb6ac-4c26-463f-ad6d-00f88e6dbd58: shutdown LeaderElection
2019-10-16 05:41:02,278 [grpc-default-executor-2] INFO  impl.RoleInfo (RoleInfo.java:updateAndGet(143)) - 73edb6ac-4c26-463f-ad6d-00f88e6dbd58: start FollowerState
2019-10-16 05:41:02,278 [grpc-default-executor-1] INFO  impl.RoleInfo (RoleInfo.java:updateAndGet(143)) - 9dd632ad-42c7-48e6-93db-e31edb4e1823: start FollowerState
2019-10-16 05:41:02,279 [grpc-default-executor-7] INFO  impl.RoleInfo (RoleInfo.java:updateAndGet(143)) - a85e69e5-760c-4b40-a424-fc77673779df: start FollowerState
2019-10-16 05:41:02,280 [a92c0124-0b6b-4eab-8828-4a4218b90be6@group-FD3ACD3F2F2D-LeaderElection15] INFO  impl.RoleInfo (RoleInfo.java:updateAndGet(143)) - a92c0124-0b6b-4eab-8828-4a4218b90be6: start LeaderState
2019-10-16 05:41:02,281 [a92c0124-0b6b-4eab-8828-4a4218b90be6@group-FD3ACD3F2F2D-LeaderElection15] INFO  segmented.SegmentedRaftLogWorker (SegmentedRaftLogWorker.java:startLogSegment(385)) - a92c0124-0b6b-4eab-8828-4a4218b90be6@group-FD3ACD3F2F2D-SegmentedRaftLogWorker: Starting segment from index:0
2019-10-16 05:41:02,281 [org.apache.ratis.server.impl.LogAppender$AppenderDaemon$$Lambda$472/261109162@464ea0ac] WARN  server.GrpcLogAppender (GrpcLogAppender.java:mayWait(149)) - a85e69e5-760c-4b40-a424-fc77673779df@group-AFFE1363742F->163c5688-ede5-44ab-b3bd-c5a10f730980-GrpcLogAppender: Wait interrupted by java.lang.InterruptedException
2019-10-16 05:41:02,281 [org.apache.ratis.server.impl.LogAppender$AppenderDaemon$$Lambda$472/261109162@77bba6c8] WARN  server.GrpcLogAppender (GrpcLogAppender.java:mayWait(149)) - 9dd632ad-42c7-48e6-93db-e31edb4e1823@group-527518A75D14->ad5f0ea4-5dae-48da-9087-47ae9aef0548-GrpcLogAppender: Wait interrupted by java.lang.InterruptedException
2019-10-16 05:41:02,281 [org.apache.ratis.server.impl.LogAppender$AppenderDaemon$$Lambda$472/261109162@1edeeeed] WARN  server.GrpcLogAppender (GrpcLogAppender.java:mayWait(149)) - 9dd632ad-42c7-48e6-93db-e31edb4e1823@group-527518A75D14->8d41a728-337d-4af0-9cf5-a84877563a0d-GrpcLogAppender: Wait interrupted by java.lang.InterruptedException
2019-10-16 05:41:02,281 [org.apache.ratis.server.impl.LogAppender$AppenderDaemon$$Lambda$472/261109162@40530731] WARN  server.GrpcLogAppender (GrpcLogAppender.java:mayWait(149)) - a85e69e5-760c-4b40-a424-fc77673779df@group-AFFE1363742F->73edb6ac-4c26-463f-ad6d-00f88e6dbd58-GrpcLogAppender: Wait interrupted by java.lang.InterruptedException
2019-10-16 05:41:02,288 [a92c0124-0b6b-4eab-8828-4a4218b90be6@group-FD3ACD3F2F2D-LeaderElection15] INFO  impl.RaftServerImpl (ServerState.java:setRaftConf(357)) - a92c0124-0b6b-4eab-8828-4a4218b90be6@group-FD3ACD3F2F2D: set configuration 0: [f1a365c1-fe59-4a48-93c2-eb51ec4ae0f7:192.168.69.104:43934, a92c0124-0b6b-4eab-8828-4a4218b90be6:192.168.69.104:41501, 8fe94103-1ee8-4728-abac-39da8dc74e05:192.168.69.104:44899], old=null at 0
2019-10-16 05:41:02,291 [Thread-412] INFO  impl.FollowerState (FollowerState.java:run(108)) - ad5f0ea4-5dae-48da-9087-47ae9aef0548@group-527518A75D14-FollowerState: change to CANDIDATE, lastRpcTime:171ms, electionTimeout:169ms
2019-10-16 05:41:02,291 [Thread-412] INFO  impl.RoleInfo (RoleInfo.java:shutdownFollowerState(121)) - ad5f0ea4-5dae-48da-9087-47ae9aef0548: shutdown FollowerState
2019-10-16 05:41:02,291 [Thread-412] INFO  impl.RaftServerImpl (RaftServerImpl.java:setRole(184)) - ad5f0ea4-5dae-48da-9087-47ae9aef0548@group-527518A75D14: changes role from  FOLLOWER to CANDIDATE at term 5 for changeToCandidate
2019-10-16 05:41:02,291 [Thread-412] INFO  impl.RoleInfo (RoleInfo.java:updateAndGet(143)) - ad5f0ea4-5dae-48da-9087-47ae9aef0548: start LeaderElection
2019-10-16 05:41:02,601 [163c5688-ede5-44ab-b3bd-c5a10f730980@group-AFFE1363742F-LeaderElection17] INFO  impl.LeaderElection (LeaderElection.java:logAndReturn(56)) - 163c5688-ede5-44ab-b3bd-c5a10f730980@group-AFFE1363742F-LeaderElection17: Election TIMEOUT; received 0 response(s) [] and 0 exception(s); 163c5688-ede5-44ab-b3bd-c5a10f730980@group-AFFE1363742F:t6, leader=null, voted=163c5688-ede5-44ab-b3bd-c5a10f730980, raftlog=163c5688-ede5-44ab-b3bd-c5a10f730980@group-AFFE1363742F-SegmentedRaftLog:OPENED:c-1,f-1,i0, conf=-1: [163c5688-ede5-44ab-b3bd-c5a10f730980:192.168.69.104:45225, a85e69e5-760c-4b40-a424-fc77673779df:192.168.69.104:37941, 73edb6ac-4c26-463f-ad6d-00f88e6dbd58:192.168.69.104:35488], old=null
2019-10-16 05:41:02,603 [8d41a728-337d-4af0-9cf5-a84877563a0d@group-527518A75D14-LeaderElection18] INFO  impl.LeaderElection (LeaderElection.java:askForVotes(178)) - 8d41a728-337d-4af0-9cf5-a84877563a0d@group-527518A75D14-LeaderElection18: begin an election at term 6 for -1: [ad5f0ea4-5dae-48da-9087-47ae9aef0548:192.168.69.104:41460, 8d41a728-337d-4af0-9cf5-a84877563a0d:192.168.69.104:41721, 9dd632ad-42c7-48e6-93db-e31edb4e1823:192.168.69.104:34049], old=null
2019-10-16 05:41:02,603 [8fe94103-1ee8-4728-abac-39da8dc74e05@group-FD3ACD3F2F2D-LeaderElection19] INFO  impl.LeaderElection (LeaderElection.java:askForVotes(178)) - 8fe94103-1ee8-4728-abac-39da8dc74e05@group-FD3ACD3F2F2D-LeaderElection19: begin an election at term 3 for -1: [f1a365c1-fe59-4a48-93c2-eb51ec4ae0f7:192.168.69.104:43934, a92c0124-0b6b-4eab-8828-4a4218b90be6:192.168.69.104:41501, 8fe94103-1ee8-4728-abac-39da8dc74e05:192.168.69.104:44899], old=null
2019-10-16 05:41:02,603 [Thread-429] INFO  impl.FollowerState (FollowerState.java:run(108)) - 73edb6ac-4c26-463f-ad6d-00f88e6dbd58@group-AFFE1363742F-FollowerState: change to CANDIDATE, lastRpcTime:325ms, electionTimeout:89ms
2019-10-16 05:41:02,644 [f1a365c1-fe59-4a48-93c2-eb51ec4ae0f7@group-FD3ACD3F2F2D-LeaderElection20] INFO  impl.LeaderElection (LeaderElection.java:askForVotes(178)) - f1a365c1-fe59-4a48-93c2-eb51ec4ae0f7@group-FD3ACD3F2F2D-LeaderElection20: begin an election at term 1 for -1: [f1a365c1-fe59-4a48-93c2-eb51ec4ae0f7:192.168.69.104:43934, a92c0124-0b6b-4eab-8828-4a4218b90be6:192.168.69.104:41501, 8fe94103-1ee8-4728-abac-39da8dc74e05:192.168.69.104:44899], old=null
2019-10-16 05:41:02,647 [Thread-429] INFO  impl.RoleInfo (RoleInfo.java:shutdownFollowerState(121)) - 73edb6ac-4c26-463f-ad6d-00f88e6dbd58: shutdown FollowerState
2019-10-16 05:41:02,656 [grpc-default-executor-8] INFO  impl.RaftServerImpl (RaftServerImpl.java:setRole(184)) - a85e69e5-760c-4b40-a424-fc77673779df@group-AFFE1363742F: changes role from  FOLLOWER to FOLLOWER at term 6 for recognizeCandidate:163c5688-ede5-44ab-b3bd-c5a10f730980
2019-10-16 05:41:02,656 [Thread-429] INFO  impl.RaftServerImpl (RaftServerImpl.java:setRole(184)) - 73edb6ac-4c26-463f-ad6d-00f88e6dbd58@group-AFFE1363742F: changes role from  FOLLOWER to CANDIDATE at term 5 for changeToCandidate
2019-10-16 05:41:02,656 [grpc-default-executor-8] INFO  impl.RoleInfo (RoleInfo.java:shutdownFollowerState(121)) - a85e69e5-760c-4b40-a424-fc77673779df: shutdown FollowerState
2019-10-16 05:41:02,658 [Thread-429] INFO  impl.RoleInfo (RoleInfo.java:updateAndGet(143)) - 73edb6ac-4c26-463f-ad6d-00f88e6dbd58: start LeaderElection
2019-10-16 05:41:02,658 [ad5f0ea4-5dae-48da-9087-47ae9aef0548@group-527518A75D14-LeaderElection22] INFO  impl.LeaderElection (LeaderElection.java:askForVotes(178)) - ad5f0ea4-5dae-48da-9087-47ae9aef0548@group-527518A75D14-LeaderElection22: begin an election at term 6 for -1: [ad5f0ea4-5dae-48da-9087-47ae9aef0548:192.168.69.104:41460, 8d41a728-337d-4af0-9cf5-a84877563a0d:192.168.69.104:41721, 9dd632ad-42c7-48e6-93db-e31edb4e1823:192.168.69.104:34049], old=null
2019-10-16 05:41:02,658 [a92c0124-0b6b-4eab-8828-4a4218b90be6@group-FD3ACD3F2F2D-SegmentedRaftLogWorker] INFO  segmented.SegmentedRaftLogWorker (SegmentedRaftLogWorker.java:execute(576)) - a92c0124-0b6b-4eab-8828-4a4218b90be6@group-FD3ACD3F2F2D-SegmentedRaftLogWorker: created new log segment /workdir/hadoop-ozone/integration-test/target/test-dir/MiniOzoneClusterImpl-2ede335a-ebf0-4a23-bcb3-98605d830964/datanode-1/data/ratis/e1b70ff6-5c86-4e33-80e5-fd3acd3f2f2d/current/log_inprogress_0
2019-10-16 05:41:02,666 [grpc-default-executor-4] INFO  impl.RaftServerImpl (RaftServerImpl.java:setRole(184)) - 73edb6ac-4c26-463f-ad6d-00f88e6dbd58@group-AFFE1363742F: changes role from CANDIDATE to FOLLOWER at term 6 for recognizeCandidate:163c5688-ede5-44ab-b3bd-c5a10f730980
2019-10-16 05:41:02,666 [grpc-default-executor-4] INFO  impl.RoleInfo (RoleInfo.java:shutdownLeaderElection(134)) - 73edb6ac-4c26-463f-ad6d-00f88e6dbd58: shutdown LeaderElection
2019-10-16 05:41:02,667 [Thread-431] INFO  impl.FollowerState (FollowerState.java:run(117)) - a85e69e5-760c-4b40-a424-fc77673779df@group-AFFE1363742F-FollowerState was interrupted: java.lang.InterruptedException: sleep interrupted
2019-10-16 05:41:02,667 [grpc-default-executor-4] INFO  impl.RoleInfo (RoleInfo.java:updateAndGet(143)) - 73edb6ac-4c26-463f-ad6d-00f88e6dbd58: start FollowerState
2019-10-16 05:41:02,667 [grpc-default-executor-5] INFO  server.GrpcServerProtocolService (GrpcServerProtocolService.java:onCompleted(113)) - ad5f0ea4-5dae-48da-9087-47ae9aef0548: Completed APPEND_ENTRIES, lastRequest: null
2019-10-16 05:41:02,667 [grpc-default-executor-8] INFO  impl.RoleInfo (RoleInfo.java:updateAndGet(143)) - a85e69e5-760c-4b40-a424-fc77673779df: start FollowerState
2019-10-16 05:41:02,670 [grpc-default-executor-2] INFO  server.GrpcServerProtocolService (GrpcServerProtocolService.java:onCompleted(113)) - 73edb6ac-4c26-463f-ad6d-00f88e6dbd58: Completed APPEND_ENTRIES, lastRequest: null
2019-10-16 05:41:02,677 [Thread-283] INFO  container.ReplicationManager (ReplicationManager.java:start(162)) - Starting Replication Monitor Thread.
2019-10-16 05:41:02,677 [163c5688-ede5-44ab-b3bd-c5a10f730980@group-AFFE1363742F-LeaderElection17] INFO  impl.LeaderElection (LeaderElection.java:askForVotes(178)) - 163c5688-ede5-44ab-b3bd-c5a10f730980@group-AFFE1363742F-LeaderElection17: begin an election at term 7 for -1: [163c5688-ede5-44ab-b3bd-c5a10f730980:192.168.69.104:45225, a85e69e5-760c-4b40-a424-fc77673779df:192.168.69.104:37941, 73edb6ac-4c26-463f-ad6d-00f88e6dbd58:192.168.69.104:35488], old=null
2019-10-16 05:41:02,681 [ReplicationMonitor] INFO  container.ReplicationManager (ReplicationManager.java:run(225)) - Replication Monitor Thread took 2 milliseconds for processing 0 containers.
2019-10-16 05:41:02,681 [grpc-default-executor-2] INFO  server.GrpcLogAppender (GrpcLogAppender.java:onCompleted(308)) - 9dd632ad-42c7-48e6-93db-e31edb4e1823@group-527518A75D14->ad5f0ea4-5dae-48da-9087-47ae9aef0548-AppendLogResponseHandler: follower responses appendEntries COMPLETED
2019-10-16 05:41:02,687 [grpc-default-executor-1] INFO  server.GrpcLogAppender (GrpcLogAppender.java:onCompleted(308)) - a85e69e5-760c-4b40-a424-fc77673779df@group-AFFE1363742F->73edb6ac-4c26-463f-ad6d-00f88e6dbd58-AppendLogResponseHandler: follower responses appendEntries COMPLETED
2019-10-16 05:41:02,688 [grpc-default-executor-2] INFO  impl.FollowerInfo (FollowerInfo.java:lambda$new$0(51)) - 9dd632ad-42c7-48e6-93db-e31edb4e1823@group-527518A75D14->ad5f0ea4-5dae-48da-9087-47ae9aef0548: nextIndex: updateUnconditionally 0 -> 0
2019-10-16 05:41:02,689 [ad5f0ea4-5dae-48da-9087-47ae9aef0548@group-527518A75D14-LeaderElection22] INFO  impl.LeaderElection (LeaderElection.java:logAndReturn(56)) - ad5f0ea4-5dae-48da-9087-47ae9aef0548@group-527518A75D14-LeaderElection22: Election TIMEOUT; received 0 response(s) [] and 0 exception(s); ad5f0ea4-5dae-48da-9087-47ae9aef0548@group-527518A75D14:t6, leader=null, voted=ad5f0ea4-5dae-48da-9087-47ae9aef0548, raftlog=ad5f0ea4-5dae-48da-9087-47ae9aef0548@group-527518A75D14-SegmentedRaftLog:OPENED:c-1,f-1,i0, conf=-1: [ad5f0ea4-5dae-48da-9087-47ae9aef0548:192.168.69.104:41460, 8d41a728-337d-4af0-9cf5-a84877563a0d:192.168.69.104:41721, 9dd632ad-42c7-48e6-93db-e31edb4e1823:192.168.69.104:34049], old=null
2019-10-16 05:41:02,689 [grpc-default-executor-2] INFO  server.GrpcServerProtocolService (GrpcServerProtocolService.java:onCompleted(113)) - 8d41a728-337d-4af0-9cf5-a84877563a0d: Completed APPEND_ENTRIES, lastRequest: null
2019-10-16 05:41:02,689 [grpc-default-executor-8] INFO  impl.RaftServerImpl (RaftServerImpl.java:setRole(184)) - 9dd632ad-42c7-48e6-93db-e31edb4e1823@group-527518A75D14: changes role from  FOLLOWER to FOLLOWER at term 6 for recognizeCandidate:8d41a728-337d-4af0-9cf5-a84877563a0d
2019-10-16 05:41:02,691 [grpc-default-executor-8] INFO  impl.RoleInfo (RoleInfo.java:shutdownFollowerState(121)) - 9dd632ad-42c7-48e6-93db-e31edb4e1823: shutdown FollowerState
2019-10-16 05:41:02,691 [grpc-default-executor-8] INFO  impl.RoleInfo (RoleInfo.java:updateAndGet(143)) - 9dd632ad-42c7-48e6-93db-e31edb4e1823: start FollowerState
2019-10-16 05:41:02,691 [Thread-430] INFO  impl.FollowerState (FollowerState.java:run(117)) - 9dd632ad-42c7-48e6-93db-e31edb4e1823@group-527518A75D14-FollowerState was interrupted: java.lang.InterruptedException: sleep interrupted
2019-10-16 05:41:02,693 [grpc-default-executor-1] INFO  impl.FollowerInfo (FollowerInfo.java:lambda$new$0(51)) - a85e69e5-760c-4b40-a424-fc77673779df@group-AFFE1363742F->73edb6ac-4c26-463f-ad6d-00f88e6dbd58: nextIndex: updateUnconditionally 0 -> 0
2019-10-16 05:41:02,709 [ad5f0ea4-5dae-48da-9087-47ae9aef0548@group-527518A75D14-LeaderElection22] INFO  impl.LeaderElection (LeaderElection.java:askForVotes(178)) - ad5f0ea4-5dae-48da-9087-47ae9aef0548@group-527518A75D14-LeaderElection22: begin an election at term 7 for -1: [ad5f0ea4-5dae-48da-9087-47ae9aef0548:192.168.69.104:41460, 8d41a728-337d-4af0-9cf5-a84877563a0d:192.168.69.104:41721, 9dd632ad-42c7-48e6-93db-e31edb4e1823:192.168.69.104:34049], old=null
2019-10-16 05:41:02,710 [grpc-default-executor-6] INFO  impl.RaftServerImpl (RaftServerImpl.java:setRole(184)) - f1a365c1-fe59-4a48-93c2-eb51ec4ae0f7@group-FD3ACD3F2F2D: changes role from CANDIDATE to FOLLOWER at term 2 for appendEntries
2019-10-16 05:41:02,713 [grpc-default-executor-6] INFO  impl.RoleInfo (RoleInfo.java:shutdownLeaderElection(134)) - f1a365c1-fe59-4a48-93c2-eb51ec4ae0f7: shutdown LeaderElection
2019-10-16 05:41:02,713 [grpc-default-executor-6] INFO  impl.RoleInfo (RoleInfo.java:updateAndGet(143)) - f1a365c1-fe59-4a48-93c2-eb51ec4ae0f7: start FollowerState
2019-10-16 05:41:02,721 [grpc-default-executor-6] INFO  impl.RaftServerImpl (ServerState.java:setLeader(256)) - f1a365c1-fe59-4a48-93c2-eb51ec4ae0f7@group-FD3ACD3F2F2D: change Leader from null to a92c0124-0b6b-4eab-8828-4a4218b90be6 at term 2 for appendEntries, leader elected after 686ms
2019-10-16 05:41:02,722 [grpc-default-executor-8] INFO  server.GrpcServerProtocolService (GrpcServerProtocolService.java:onCompleted(113)) - 163c5688-ede5-44ab-b3bd-c5a10f730980: Completed APPEND_ENTRIES, lastRequest: null
2019-10-16 05:41:02,722 [73edb6ac-4c26-463f-ad6d-00f88e6dbd58@group-AFFE1363742F-LeaderElection21] INFO  impl.LeaderElection (LeaderElection.java:askForVotes(178)) - 73edb6ac-4c26-463f-ad6d-00f88e6dbd58@group-AFFE1363742F-LeaderElection21: begin an election at term 7 for -1: [163c5688-ede5-44ab-b3bd-c5a10f730980:192.168.69.104:45225, a85e69e5-760c-4b40-a424-fc77673779df:192.168.69.104:37941, 73edb6ac-4c26-463f-ad6d-00f88e6dbd58:192.168.69.104:35488], old=null
2019-10-16 05:41:02,722 [grpc-default-executor-4] INFO  impl.RaftServerImpl (RaftServerImpl.java:requestVote(776)) - a92c0124-0b6b-4eab-8828-4a4218b90be6@group-FD3ACD3F2F2D-   LEADER: Withhold vote from candidate f1a365c1-fe59-4a48-93c2-eb51ec4ae0f7 with term 1. State: leader=a92c0124-0b6b-4eab-8828-4a4218b90be6, term=2, lastRpcElapsed=null
2019-10-16 05:41:02,725 [grpc-default-executor-8] INFO  impl.RaftServerImpl (RaftServerImpl.java:setRole(184)) - 8d41a728-337d-4af0-9cf5-a84877563a0d@group-527518A75D14: changes role from CANDIDATE to FOLLOWER at term 7 for recognizeCandidate:ad5f0ea4-5dae-48da-9087-47ae9aef0548
2019-10-16 05:41:02,725 [grpc-default-executor-8] INFO  impl.RoleInfo (RoleInfo.java:shutdownLeaderElection(134)) - 8d41a728-337d-4af0-9cf5-a84877563a0d: shutdown LeaderElection
2019-10-16 05:41:02,737 [73edb6ac-4c26-463f-ad6d-00f88e6dbd58@group-AFFE1363742F-LeaderElection23] INFO  impl.LeaderElection (LeaderElection.java:askForVotes(178)) - 73edb6ac-4c26-463f-ad6d-00f88e6dbd58@group-AFFE1363742F-LeaderElection23: begin an election at term 8 for -1: [163c5688-ede5-44ab-b3bd-c5a10f730980:192.168.69.104:45225, a85e69e5-760c-4b40-a424-fc77673779df:192.168.69.104:37941, 73edb6ac-4c26-463f-ad6d-00f88e6dbd58:192.168.69.104:35488], old=null
2019-10-16 05:41:02,745 [ad5f0ea4-5dae-48da-9087-47ae9aef0548@group-527518A75D14-LeaderElection22] INFO  impl.LeaderElection (LeaderElection.java:logAndReturn(56)) - ad5f0ea4-5dae-48da-9087-47ae9aef0548@group-527518A75D14-LeaderElection22: Election TIMEOUT; received 0 response(s) [] and 0 exception(s); ad5f0ea4-5dae-48da-9087-47ae9aef0548@group-527518A75D14:t7, leader=null, voted=ad5f0ea4-5dae-48da-9087-47ae9aef0548, raftlog=ad5f0ea4-5dae-48da-9087-47ae9aef0548@group-527518A75D14-SegmentedRaftLog:OPENED:c-1,f-1,i0, conf=-1: [ad5f0ea4-5dae-48da-9087-47ae9aef0548:192.168.69.104:41460, 8d41a728-337d-4af0-9cf5-a84877563a0d:192.168.69.104:41721, 9dd632ad-42c7-48e6-93db-e31edb4e1823:192.168.69.104:34049], old=null
2019-10-16 05:41:02,749 [Thread-445] INFO  impl.FollowerState (FollowerState.java:run(108)) - 73edb6ac-4c26-463f-ad6d-00f88e6dbd58@group-AFFE1363742F-FollowerState: change to CANDIDATE, lastRpcTime:82ms, electionTimeout:77ms
2019-10-16 05:41:02,749 [Thread-445] INFO  impl.RoleInfo (RoleInfo.java:shutdownFollowerState(121)) - 73edb6ac-4c26-463f-ad6d-00f88e6dbd58: shutdown FollowerState
2019-10-16 05:41:02,749 [Thread-445] INFO  impl.RaftServerImpl (RaftServerImpl.java:setRole(184)) - 73edb6ac-4c26-463f-ad6d-00f88e6dbd58@group-AFFE1363742F: changes role from  FOLLOWER to CANDIDATE at term 8 for changeToCandidate
2019-10-16 05:41:02,752 [163c5688-ede5-44ab-b3bd-c5a10f730980@group-AFFE1363742F-LeaderElection17] INFO  impl.LeaderElection (LeaderElection.java:logAndReturn(56)) - 163c5688-ede5-44ab-b3bd-c5a10f730980@group-AFFE1363742F-LeaderElection17: Election TIMEOUT; received 1 response(s) [163c5688-ede5-44ab-b3bd-c5a10f730980<-73edb6ac-4c26-463f-ad6d-00f88e6dbd58#0:FAIL-t7] and 0 exception(s); 163c5688-ede5-44ab-b3bd-c5a10f730980@group-AFFE1363742F:t7, leader=null, voted=163c5688-ede5-44ab-b3bd-c5a10f730980, raftlog=163c5688-ede5-44ab-b3bd-c5a10f730980@group-AFFE1363742F-SegmentedRaftLog:OPENED:c-1,f-1,i0, conf=-1: [163c5688-ede5-44ab-b3bd-c5a10f730980:192.168.69.104:45225, a85e69e5-760c-4b40-a424-fc77673779df:192.168.69.104:37941, 73edb6ac-4c26-463f-ad6d-00f88e6dbd58:192.168.69.104:35488], old=null
2019-10-16 05:41:02,767 [grpc-default-executor-8] INFO  impl.RoleInfo (RoleInfo.java:updateAndGet(143)) - 8d41a728-337d-4af0-9cf5-a84877563a0d: start FollowerState
2019-10-16 05:41:02,759 [Thread-445] INFO  impl.RoleInfo (RoleInfo.java:updateAndGet(143)) - 73edb6ac-4c26-463f-ad6d-00f88e6dbd58: start LeaderElection
2019-10-16 05:41:02,773 [f1a365c1-fe59-4a48-93c2-eb51ec4ae0f7@group-FD3ACD3F2F2D-LeaderElection20] INFO  impl.LeaderElection (LeaderElection.java:logAndReturn(56)) - f1a365c1-fe59-4a48-93c2-eb51ec4ae0f7@group-FD3ACD3F2F2D-LeaderElection20: Election DISCOVERED_A_NEW_TERM; received 1 response(s) [f1a365c1-fe59-4a48-93c2-eb51ec4ae0f7<-8fe94103-1ee8-4728-abac-39da8dc74e05#0:FAIL-t3] and 0 exception(s); f1a365c1-fe59-4a48-93c2-eb51ec4ae0f7@group-FD3ACD3F2F2D:t2, leader=a92c0124-0b6b-4eab-8828-4a4218b90be6, voted=null, raftlog=f1a365c1-fe59-4a48-93c2-eb51ec4ae0f7@group-FD3ACD3F2F2D-SegmentedRaftLog:OPENED:c-1,f-1,i0, conf=-1: [f1a365c1-fe59-4a48-93c2-eb51ec4ae0f7:192.168.69.104:43934, a92c0124-0b6b-4eab-8828-4a4218b90be6:192.168.69.104:41501, 8fe94103-1ee8-4728-abac-39da8dc74e05:192.168.69.104:44899], old=null
2019-10-16 05:41:02,786 [73edb6ac-4c26-463f-ad6d-00f88e6dbd58@group-AFFE1363742F-LeaderElection23] INFO  impl.LeaderElection (LeaderElection.java:logAndReturn(56)) - 73edb6ac-4c26-463f-ad6d-00f88e6dbd58@group-AFFE1363742F-LeaderElection23: Election REJECTED; received 0 response(s) [] and 0 exception(s); 73edb6ac-4c26-463f-ad6d-00f88e6dbd58@group-AFFE1363742F:t9, leader=null, voted=73edb6ac-4c26-463f-ad6d-00f88e6dbd58, raftlog=73edb6ac-4c26-463f-ad6d-00f88e6dbd58@group-AFFE1363742F-SegmentedRaftLog:OPENED:c-1,f-1,i0, conf=-1: [163c5688-ede5-44ab-b3bd-c5a10f730980:192.168.69.104:45225, a85e69e5-760c-4b40-a424-fc77673779df:192.168.69.104:37941, 73edb6ac-4c26-463f-ad6d-00f88e6dbd58:192.168.69.104:35488], old=null
2019-10-16 05:41:02,801 [163c5688-ede5-44ab-b3bd-c5a10f730980@group-AFFE1363742F-LeaderElection17] INFO  impl.LeaderElection (LeaderElection.java:askForVotes(178)) - 163c5688-ede5-44ab-b3bd-c5a10f730980@group-AFFE1363742F-LeaderElection17: begin an election at term 8 for -1: [163c5688-ede5-44ab-b3bd-c5a10f730980:192.168.69.104:45225, a85e69e5-760c-4b40-a424-fc77673779df:192.168.69.104:37941, 73edb6ac-4c26-463f-ad6d-00f88e6dbd58:192.168.69.104:35488], old=null
2019-10-16 05:41:02,803 [73edb6ac-4c26-463f-ad6d-00f88e6dbd58@group-AFFE1363742F-LeaderElection21] INFO  impl.LeaderElection (LeaderElection.java:logAndReturn(56)) - 73edb6ac-4c26-463f-ad6d-00f88e6dbd58@group-AFFE1363742F-LeaderElection21: Election REJECTED; received 0 response(s) [] and 0 exception(s); 73edb6ac-4c26-463f-ad6d-00f88e6dbd58@group-AFFE1363742F:t9, leader=null, voted=73edb6ac-4c26-463f-ad6d-00f88e6dbd58, raftlog=73edb6ac-4c26-463f-ad6d-00f88e6dbd58@group-AFFE1363742F-SegmentedRaftLog:OPENED:c-1,f-1,i0, conf=-1: [163c5688-ede5-44ab-b3bd-c5a10f730980:192.168.69.104:45225, a85e69e5-760c-4b40-a424-fc77673779df:192.168.69.104:37941, 73edb6ac-4c26-463f-ad6d-00f88e6dbd58:192.168.69.104:35488], old=null
2019-10-16 05:41:02,804 [8d41a728-337d-4af0-9cf5-a84877563a0d@group-527518A75D14-LeaderElection18] INFO  impl.LeaderElection (LeaderElection.java:logAndReturn(56)) - 8d41a728-337d-4af0-9cf5-a84877563a0d@group-527518A75D14-LeaderElection18: Election REJECTED; received 1 response(s) [8d41a728-337d-4af0-9cf5-a84877563a0d<-9dd632ad-42c7-48e6-93db-e31edb4e1823#0:FAIL-t6] and 0 exception(s); 8d41a728-337d-4af0-9cf5-a84877563a0d@group-527518A75D14:t7, leader=null, voted=null, raftlog=8d41a728-337d-4af0-9cf5-a84877563a0d@group-527518A75D14-SegmentedRaftLog:OPENED:c-1,f-1,i0, conf=-1: [ad5f0ea4-5dae-48da-9087-47ae9aef0548:192.168.69.104:41460, 8d41a728-337d-4af0-9cf5-a84877563a0d:192.168.69.104:41721, 9dd632ad-42c7-48e6-93db-e31edb4e1823:192.168.69.104:34049], old=null
2019-10-16 05:41:02,815 [73edb6ac-4c26-463f-ad6d-00f88e6dbd58@group-AFFE1363742F-LeaderElection24] INFO  impl.LeaderElection (LeaderElection.java:askForVotes(178)) - 73edb6ac-4c26-463f-ad6d-00f88e6dbd58@group-AFFE1363742F-LeaderElection24: begin an election at term 9 for -1: [163c5688-ede5-44ab-b3bd-c5a10f730980:192.168.69.104:45225, a85e69e5-760c-4b40-a424-fc77673779df:192.168.69.104:37941, 73edb6ac-4c26-463f-ad6d-00f88e6dbd58:192.168.69.104:35488], old=null
2019-10-16 05:41:02,815 [ad5f0ea4-5dae-48da-9087-47ae9aef0548@group-527518A75D14-LeaderElection22] INFO  impl.LeaderElection (LeaderElection.java:askForVotes(178)) - ad5f0ea4-5dae-48da-9087-47ae9aef0548@group-527518A75D14-LeaderElection22: begin an election at term 8 for -1: [ad5f0ea4-5dae-48da-9087-47ae9aef0548:192.168.69.104:41460, 8d41a728-337d-4af0-9cf5-a84877563a0d:192.168.69.104:41721, 9dd632ad-42c7-48e6-93db-e31edb4e1823:192.168.69.104:34049], old=null
2019-10-16 05:41:02,819 [grpc-default-executor-1] INFO  impl.RaftServerImpl (RaftServerImpl.java:setRole(184)) - 9dd632ad-42c7-48e6-93db-e31edb4e1823@group-527518A75D14: changes role from  FOLLOWER to FOLLOWER at term 6 for recognizeCandidate:ad5f0ea4-5dae-48da-9087-47ae9aef0548
2019-10-16 05:41:02,819 [8fe94103-1ee8-4728-abac-39da8dc74e05@group-FD3ACD3F2F2D-LeaderElection19] INFO  impl.LeaderElection (LeaderElection.java:logAndReturn(56)) - 8fe94103-1ee8-4728-abac-39da8dc74e05@group-FD3ACD3F2F2D-LeaderElection19: Election TIMEOUT; received 0 response(s) [] and 0 exception(s); 8fe94103-1ee8-4728-abac-39da8dc74e05@group-FD3ACD3F2F2D:t3, leader=null, voted=8fe94103-1ee8-4728-abac-39da8dc74e05, raftlog=8fe94103-1ee8-4728-abac-39da8dc74e05@group-FD3ACD3F2F2D-SegmentedRaftLog:OPENED:c-1,f-1,i0, conf=-1: [f1a365c1-fe59-4a48-93c2-eb51ec4ae0f7:192.168.69.104:43934, a92c0124-0b6b-4eab-8828-4a4218b90be6:192.168.69.104:41501, 8fe94103-1ee8-4728-abac-39da8dc74e05:192.168.69.104:44899], old=null
2019-10-16 05:41:02,820 [grpc-default-executor-1] INFO  impl.RoleInfo (RoleInfo.java:shutdownFollowerState(121)) - 9dd632ad-42c7-48e6-93db-e31edb4e1823: shutdown FollowerState
2019-10-16 05:41:02,820 [Thread-449] INFO  impl.FollowerState (FollowerState.java:run(117)) - 9dd632ad-42c7-48e6-93db-e31edb4e1823@group-527518A75D14-FollowerState was interrupted: java.lang.InterruptedException: sleep interrupted
2019-10-16 05:41:02,820 [grpc-default-executor-1] INFO  impl.RoleInfo (RoleInfo.java:updateAndGet(143)) - 9dd632ad-42c7-48e6-93db-e31edb4e1823: start FollowerState
2019-10-16 05:41:02,860 [Thread-453] INFO  impl.FollowerState (FollowerState.java:run(108)) - 8d41a728-337d-4af0-9cf5-a84877563a0d@group-527518A75D14-FollowerState: change to CANDIDATE, lastRpcTime:92ms, electionTimeout:45ms
2019-10-16 05:41:02,843 [8fe94103-1ee8-4728-abac-39da8dc74e05@group-FD3ACD3F2F2D-LeaderElection19] INFO  impl.LeaderElection (LeaderElection.java:askForVotes(178)) - 8fe94103-1ee8-4728-abac-39da8dc74e05@group-FD3ACD3F2F2D-LeaderElection19: begin an election at term 4 for -1: [f1a365c1-fe59-4a48-93c2-eb51ec4ae0f7:192.168.69.104:43934, a92c0124-0b6b-4eab-8828-4a4218b90be6:192.168.69.104:41501, 8fe94103-1ee8-4728-abac-39da8dc74e05:192.168.69.104:44899], old=null
2019-10-16 05:41:02,860 [grpc-default-executor-7] INFO  impl.RaftServerImpl (RaftServerImpl.java:setRole(184)) - 9dd632ad-42c7-48e6-93db-e31edb4e1823@group-527518A75D14: changes role from  FOLLOWER to FOLLOWER at term 7 for recognizeCandidate:ad5f0ea4-5dae-48da-9087-47ae9aef0548
2019-10-16 05:41:02,828 [grpc-default-executor-8] INFO  server.GrpcLogAppender (GrpcLogAppender.java:onCompleted(308)) - a85e69e5-760c-4b40-a424-fc77673779df@group-AFFE1363742F->163c5688-ede5-44ab-b3bd-c5a10f730980-AppendLogResponseHandler: follower responses appendEntries COMPLETED
2019-10-16 05:41:02,828 [grpc-default-executor-2] INFO  impl.RaftServerImpl (RaftServerImpl.java:setRole(184)) - a85e69e5-760c-4b40-a424-fc77673779df@group-AFFE1363742F: changes role from  FOLLOWER to FOLLOWER at term 7 for recognizeCandidate:163c5688-ede5-44ab-b3bd-c5a10f730980
2019-10-16 05:41:02,870 [grpc-default-executor-1] INFO  server.GrpcLogAppender (GrpcLogAppender.java:onCompleted(308)) - 9dd632ad-42c7-48e6-93db-e31edb4e1823@group-527518A75D14->8d41a728-337d-4af0-9cf5-a84877563a0d-AppendLogResponseHandler: follower responses appendEntries COMPLETED
2019-10-16 05:41:02,861 [grpc-default-executor-7] INFO  impl.RoleInfo (RoleInfo.java:shutdownFollowerState(121)) - 9dd632ad-42c7-48e6-93db-e31edb4e1823: shutdown FollowerState
2019-10-16 05:41:02,860 [Thread-453] INFO  impl.RoleInfo (RoleInfo.java:shutdownFollowerState(121)) - 8d41a728-337d-4af0-9cf5-a84877563a0d: shutdown FollowerState
2019-10-16 05:41:02,877 [grpc-default-executor-7] INFO  impl.RoleInfo (RoleInfo.java:updateAndGet(143)) - 9dd632ad-42c7-48e6-93db-e31edb4e1823: start FollowerState
2019-10-16 05:41:02,877 [Thread-467] INFO  impl.FollowerState (FollowerState.java:run(117)) - 9dd632ad-42c7-48e6-93db-e31edb4e1823@group-527518A75D14-FollowerState was interrupted: java.lang.InterruptedException: sleep interrupted
2019-10-16 05:41:02,872 [grpc-default-executor-2] INFO  impl.RoleInfo (RoleInfo.java:shutdownFollowerState(121)) - a85e69e5-760c-4b40-a424-fc77673779df: shutdown FollowerState
2019-10-16 05:41:02,877 [Thread-453] INFO  impl.RaftServerImpl (RaftServerImpl.java:setRole(184)) - 8d41a728-337d-4af0-9cf5-a84877563a0d@group-527518A75D14: changes role from  FOLLOWER to CANDIDATE at term 7 for changeToCandidate
2019-10-16 05:41:02,880 [grpc-default-executor-2] INFO  impl.RoleInfo (RoleInfo.java:updateAndGet(143)) - a85e69e5-760c-4b40-a424-fc77673779df: start FollowerState
2019-10-16 05:41:02,880 [Thread-444] INFO  impl.FollowerState (FollowerState.java:run(117)) - a85e69e5-760c-4b40-a424-fc77673779df@group-AFFE1363742F-FollowerState was interrupted: java.lang.InterruptedException: sleep interrupted
2019-10-16 05:41:02,965 [Thread-453] INFO  impl.RoleInfo (RoleInfo.java:updateAndGet(143)) - 8d41a728-337d-4af0-9cf5-a84877563a0d: start LeaderElection
2019-10-16 05:41:02,965 [grpc-default-executor-8] INFO  impl.FollowerInfo (FollowerInfo.java:lambda$new$0(51)) - a85e69e5-760c-4b40-a424-fc77673779df@group-AFFE1363742F->163c5688-ede5-44ab-b3bd-c5a10f730980: nextIndex: updateUnconditionally 0 -> 0
2019-10-16 05:41:02,972 [grpc-default-executor-1] INFO  impl.FollowerInfo (FollowerInfo.java:lambda$new$0(51)) - 9dd632ad-42c7-48e6-93db-e31edb4e1823@group-527518A75D14->8d41a728-337d-4af0-9cf5-a84877563a0d: nextIndex: updateUnconditionally 0 -> 0
2019-10-16 05:41:02,974 [163c5688-ede5-44ab-b3bd-c5a10f730980@group-AFFE1363742F-LeaderElection17] INFO  impl.LeaderElection (LeaderElection.java:logAndReturn(56)) - 163c5688-ede5-44ab-b3bd-c5a10f730980@group-AFFE1363742F-LeaderElection17: Election DISCOVERED_A_NEW_TERM; received 1 response(s) [163c5688-ede5-44ab-b3bd-c5a10f730980<-73edb6ac-4c26-463f-ad6d-00f88e6dbd58#0:FAIL-t9] and 0 exception(s); 163c5688-ede5-44ab-b3bd-c5a10f730980@group-AFFE1363742F:t8, leader=null, voted=163c5688-ede5-44ab-b3bd-c5a10f730980, raftlog=163c5688-ede5-44ab-b3bd-c5a10f730980@group-AFFE1363742F-SegmentedRaftLog:OPENED:c-1,f-1,i0, conf=-1: [163c5688-ede5-44ab-b3bd-c5a10f730980:192.168.69.104:45225, a85e69e5-760c-4b40-a424-fc77673779df:192.168.69.104:37941, 73edb6ac-4c26-463f-ad6d-00f88e6dbd58:192.168.69.104:35488], old=null
2019-10-16 05:41:02,978 [8d41a728-337d-4af0-9cf5-a84877563a0d@group-527518A75D14-LeaderElection25] INFO  impl.LeaderElection (LeaderElection.java:askForVotes(178)) - 8d41a728-337d-4af0-9cf5-a84877563a0d@group-527518A75D14-LeaderElection25: begin an election at term 8 for -1: [ad5f0ea4-5dae-48da-9087-47ae9aef0548:192.168.69.104:41460, 8d41a728-337d-4af0-9cf5-a84877563a0d:192.168.69.104:41721, 9dd632ad-42c7-48e6-93db-e31edb4e1823:192.168.69.104:34049], old=null
2019-10-16 05:41:02,978 [grpc-default-executor-5] INFO  impl.RaftServerImpl (RaftServerImpl.java:setRole(184)) - a85e69e5-760c-4b40-a424-fc77673779df@group-AFFE1363742F: changes role from  FOLLOWER to FOLLOWER at term 9 for recognizeCandidate:73edb6ac-4c26-463f-ad6d-00f88e6dbd58
2019-10-16 05:41:03,025 [8fe94103-1ee8-4728-abac-39da8dc74e05@group-FD3ACD3F2F2D-LeaderElection19] INFO  impl.LeaderElection (LeaderElection.java:logAndReturn(56)) - 8fe94103-1ee8-4728-abac-39da8dc74e05@group-FD3ACD3F2F2D-LeaderElection19: Election TIMEOUT; received 0 response(s) [] and 0 exception(s); 8fe94103-1ee8-4728-abac-39da8dc74e05@group-FD3ACD3F2F2D:t4, leader=null, voted=8fe94103-1ee8-4728-abac-39da8dc74e05, raftlog=8fe94103-1ee8-4728-abac-39da8dc74e05@group-FD3ACD3F2F2D-SegmentedRaftLog:OPENED:c-1,f-1,i0, conf=-1: [f1a365c1-fe59-4a48-93c2-eb51ec4ae0f7:192.168.69.104:43934, a92c0124-0b6b-4eab-8828-4a4218b90be6:192.168.69.104:41501, 8fe94103-1ee8-4728-abac-39da8dc74e05:192.168.69.104:44899], old=null
2019-10-16 05:41:03,025 [ad5f0ea4-5dae-48da-9087-47ae9aef0548@group-527518A75D14-LeaderElection22] INFO  impl.LeaderElection (LeaderElection.java:logAndReturn(56)) - ad5f0ea4-5dae-48da-9087-47ae9aef0548@group-527518A75D14-LeaderElection22: Election TIMEOUT; received 0 response(s) [] and 0 exception(s); ad5f0ea4-5dae-48da-9087-47ae9aef0548@group-527518A75D14:t8, leader=null, voted=ad5f0ea4-5dae-48da-9087-47ae9aef0548, raftlog=ad5f0ea4-5dae-48da-9087-47ae9aef0548@group-527518A75D14-SegmentedRaftLog:OPENED:c-1,f-1,i0, conf=-1: [ad5f0ea4-5dae-48da-9087-47ae9aef0548:192.168.69.104:41460, 8d41a728-337d-4af0-9cf5-a84877563a0d:192.168.69.104:41721, 9dd632ad-42c7-48e6-93db-e31edb4e1823:192.168.69.104:34049], old=null
2019-10-16 05:41:02,986 [73edb6ac-4c26-463f-ad6d-00f88e6dbd58@group-AFFE1363742F-LeaderElection24] INFO  impl.LeaderElection (LeaderElection.java:logAndReturn(56)) - 73edb6ac-4c26-463f-ad6d-00f88e6dbd58@group-AFFE1363742F-LeaderElection24: Election TIMEOUT; received 0 response(s) [] and 0 exception(s); 73edb6ac-4c26-463f-ad6d-00f88e6dbd58@group-AFFE1363742F:t9, leader=null, voted=73edb6ac-4c26-463f-ad6d-00f88e6dbd58, raftlog=73edb6ac-4c26-463f-ad6d-00f88e6dbd58@group-AFFE1363742F-SegmentedRaftLog:OPENED:c-1,f-1,i0, conf=-1: [163c5688-ede5-44ab-b3bd-c5a10f730980:192.168.69.104:45225, a85e69e5-760c-4b40-a424-fc77673779df:192.168.69.104:37941, 73edb6ac-4c26-463f-ad6d-00f88e6dbd58:192.168.69.104:35488], old=null
2019-10-16 05:41:02,980 [Thread-415] INFO  impl.RaftServerImpl (ServerState.java:setLeader(256)) - a92c0124-0b6b-4eab-8828-4a4218b90be6@group-FD3ACD3F2F2D: change Leader from a92c0124-0b6b-4eab-8828-4a4218b90be6 to null at term 3 for updateCurrentTerm
2019-10-16 05:41:03,026 [163c5688-ede5-44ab-b3bd-c5a10f730980@group-AFFE1363742F-LeaderElection17] INFO  impl.RaftServerImpl (RaftServerImpl.java:setRole(184)) - 163c5688-ede5-44ab-b3bd-c5a10f730980@group-AFFE1363742F: changes role from CANDIDATE to FOLLOWER at term 9 for DISCOVERED_A_NEW_TERM
2019-10-16 05:41:03,026 [grpc-default-executor-5] INFO  impl.RoleInfo (RoleInfo.java:shutdownFollowerState(121)) - a85e69e5-760c-4b40-a424-fc77673779df: shutdown FollowerState
2019-10-16 05:41:03,034 [163c5688-ede5-44ab-b3bd-c5a10f730980@group-AFFE1363742F-LeaderElection17] INFO  impl.RoleInfo (RoleInfo.java:shutdownLeaderElection(134)) - 163c5688-ede5-44ab-b3bd-c5a10f730980: shutdown LeaderElection
2019-10-16 05:41:03,032 [Thread-415] INFO  impl.RaftServerImpl (RaftServerImpl.java:setRole(184)) - a92c0124-0b6b-4eab-8828-4a4218b90be6@group-FD3ACD3F2F2D: changes role from    LEADER to FOLLOWER at term 3 for stepDown
2019-10-16 05:41:03,034 [163c5688-ede5-44ab-b3bd-c5a10f730980@group-AFFE1363742F-LeaderElection17] INFO  impl.RoleInfo (RoleInfo.java:updateAndGet(143)) - 163c5688-ede5-44ab-b3bd-c5a10f730980: start FollowerState
2019-10-16 05:41:03,034 [grpc-default-executor-5] INFO  impl.RoleInfo (RoleInfo.java:updateAndGet(143)) - a85e69e5-760c-4b40-a424-fc77673779df: start FollowerState
2019-10-16 05:41:03,034 [Thread-471] INFO  impl.FollowerState (FollowerState.java:run(117)) - a85e69e5-760c-4b40-a424-fc77673779df@group-AFFE1363742F-FollowerState was interrupted: java.lang.InterruptedException: sleep interrupted
2019-10-16 05:41:03,034 [Thread-415] INFO  impl.RoleInfo (RoleInfo.java:shutdownLeaderState(104)) - a92c0124-0b6b-4eab-8828-4a4218b90be6: shutdown LeaderState
2019-10-16 05:41:03,038 [grpc-default-executor-7] INFO  impl.RaftServerImpl (RaftServerImpl.java:setRole(184)) - 9dd632ad-42c7-48e6-93db-e31edb4e1823@group-527518A75D14: changes role from  FOLLOWER to FOLLOWER at term 8 for recognizeCandidate:8d41a728-337d-4af0-9cf5-a84877563a0d
2019-10-16 05:41:03,038 [grpc-default-executor-7] INFO  impl.RoleInfo (RoleInfo.java:shutdownFollowerState(121)) - 9dd632ad-42c7-48e6-93db-e31edb4e1823: shutdown FollowerState
2019-10-16 05:41:03,048 [8fe94103-1ee8-4728-abac-39da8dc74e05@group-FD3ACD3F2F2D-LeaderElection19] INFO  impl.LeaderElection (LeaderElection.java:askForVotes(178)) - 8fe94103-1ee8-4728-abac-39da8dc74e05@group-FD3ACD3F2F2D-LeaderElection19: begin an election at term 5 for -1: [f1a365c1-fe59-4a48-93c2-eb51ec4ae0f7:192.168.69.104:43934, a92c0124-0b6b-4eab-8828-4a4218b90be6:192.168.69.104:41501, 8fe94103-1ee8-4728-abac-39da8dc74e05:192.168.69.104:44899], old=null
2019-10-16 05:41:03,048 [grpc-default-executor-1] INFO  impl.RaftServerImpl (RaftServerImpl.java:setRole(184)) - 163c5688-ede5-44ab-b3bd-c5a10f730980@group-AFFE1363742F: changes role from  FOLLOWER to FOLLOWER at term 9 for recognizeCandidate:73edb6ac-4c26-463f-ad6d-00f88e6dbd58
2019-10-16 05:41:03,048 [ad5f0ea4-5dae-48da-9087-47ae9aef0548@group-527518A75D14-LeaderElection22] INFO  impl.LeaderElection (LeaderElection.java:askForVotes(178)) - ad5f0ea4-5dae-48da-9087-47ae9aef0548@group-527518A75D14-LeaderElection22: begin an election at term 9 for -1: [ad5f0ea4-5dae-48da-9087-47ae9aef0548:192.168.69.104:41460, 8d41a728-337d-4af0-9cf5-a84877563a0d:192.168.69.104:41721, 9dd632ad-42c7-48e6-93db-e31edb4e1823:192.168.69.104:34049], old=null
2019-10-16 05:41:03,048 [73edb6ac-4c26-463f-ad6d-00f88e6dbd58@group-AFFE1363742F-LeaderElection24] INFO  impl.LeaderElection (LeaderElection.java:askForVotes(178)) - 73edb6ac-4c26-463f-ad6d-00f88e6dbd58@group-AFFE1363742F-LeaderElection24: begin an election at term 10 for -1: [163c5688-ede5-44ab-b3bd-c5a10f730980:192.168.69.104:45225, a85e69e5-760c-4b40-a424-fc77673779df:192.168.69.104:37941, 73edb6ac-4c26-463f-ad6d-00f88e6dbd58:192.168.69.104:35488], old=null
2019-10-16 05:41:03,049 [grpc-default-executor-1] INFO  impl.RoleInfo (RoleInfo.java:shutdownFollowerState(121)) - 163c5688-ede5-44ab-b3bd-c5a10f730980: shutdown FollowerState
2019-10-16 05:41:03,070 [Thread-476] INFO  impl.FollowerState (FollowerState.java:run(117)) - 163c5688-ede5-44ab-b3bd-c5a10f730980@group-AFFE1363742F-FollowerState was interrupted: java.lang.InterruptedException: sleep interrupted
2019-10-16 05:41:03,084 [Thread-470] INFO  impl.FollowerState (FollowerState.java:run(117)) - 9dd632ad-42c7-48e6-93db-e31edb4e1823@group-527518A75D14-FollowerState was interrupted: java.lang.InterruptedException: sleep interrupted
2019-10-16 05:41:03,084 [grpc-default-executor-7] INFO  impl.RoleInfo (RoleInfo.java:updateAndGet(143)) - 9dd632ad-42c7-48e6-93db-e31edb4e1823: start FollowerState
2019-10-16 05:41:03,085 [grpc-default-executor-1] INFO  impl.RoleInfo (RoleInfo.java:updateAndGet(143)) - 163c5688-ede5-44ab-b3bd-c5a10f730980: start FollowerState
2019-10-16 05:41:03,085 [org.apache.ratis.server.impl.LogAppender$AppenderDaemon$$Lambda$472/261109162@209ceba0] WARN  server.GrpcLogAppender (GrpcLogAppender.java:mayWait(149)) - a92c0124-0b6b-4eab-8828-4a4218b90be6@group-FD3ACD3F2F2D->f1a365c1-fe59-4a48-93c2-eb51ec4ae0f7-GrpcLogAppender: Wait interrupted by java.lang.InterruptedException
2019-10-16 05:41:03,104 [73edb6ac-4c26-463f-ad6d-00f88e6dbd58@group-AFFE1363742F-LeaderElection24] INFO  impl.LeaderElection (LeaderElection.java:logAndReturn(56)) - 73edb6ac-4c26-463f-ad6d-00f88e6dbd58@group-AFFE1363742F-LeaderElection24: Election TIMEOUT; received 0 response(s) [] and 0 exception(s); 73edb6ac-4c26-463f-ad6d-00f88e6dbd58@group-AFFE1363742F:t10, leader=null, voted=73edb6ac-4c26-463f-ad6d-00f88e6dbd58, raftlog=73edb6ac-4c26-463f-ad6d-00f88e6dbd58@group-AFFE1363742F-SegmentedRaftLog:OPENED:c-1,f-1,i0, conf=-1: [163c5688-ede5-44ab-b3bd-c5a10f730980:192.168.69.104:45225, a85e69e5-760c-4b40-a424-fc77673779df:192.168.69.104:37941, 73edb6ac-4c26-463f-ad6d-00f88e6dbd58:192.168.69.104:35488], old=null
2019-10-16 05:41:03,115 [8fe94103-1ee8-4728-abac-39da8dc74e05@group-FD3ACD3F2F2D-LeaderElection19] INFO  impl.LeaderElection (LeaderElection.java:logAndReturn(56)) - 8fe94103-1ee8-4728-abac-39da8dc74e05@group-FD3ACD3F2F2D-LeaderElection19: Election TIMEOUT; received 0 response(s) [] and 0 exception(s); 8fe94103-1ee8-4728-abac-39da8dc74e05@group-FD3ACD3F2F2D:t5, leader=null, voted=8fe94103-1ee8-4728-abac-39da8dc74e05, raftlog=8fe94103-1ee8-4728-abac-39da8dc74e05@group-FD3ACD3F2F2D-SegmentedRaftLog:OPENED:c-1,f-1,i0, conf=-1: [f1a365c1-fe59-4a48-93c2-eb51ec4ae0f7:192.168.69.104:43934, a92c0124-0b6b-4eab-8828-4a4218b90be6:192.168.69.104:41501, 8fe94103-1ee8-4728-abac-39da8dc74e05:192.168.69.104:44899], old=null
2019-10-16 05:41:03,126 [Thread-415] INFO  impl.PendingRequests (PendingRequests.java:sendNotLeaderResponses(202)) - a92c0124-0b6b-4eab-8828-4a4218b90be6@group-FD3ACD3F2F2D-PendingRequests: sendNotLeaderResponses
2019-10-16 05:41:03,127 [org.apache.ratis.server.impl.LogAppender$AppenderDaemon$$Lambda$472/261109162@7168a5e1] WARN  server.GrpcLogAppender (GrpcLogAppender.java:mayWait(149)) - a92c0124-0b6b-4eab-8828-4a4218b90be6@group-FD3ACD3F2F2D->8fe94103-1ee8-4728-abac-39da8dc74e05-GrpcLogAppender: Wait interrupted by java.lang.InterruptedException
2019-10-16 05:41:03,132 [Thread-415] INFO  impl.RoleInfo (RoleInfo.java:updateAndGet(143)) - a92c0124-0b6b-4eab-8828-4a4218b90be6: start FollowerState
2019-10-16 05:41:03,137 [grpc-default-executor-9] INFO  impl.RaftServerImpl (RaftServerImpl.java:setRole(184)) - a85e69e5-760c-4b40-a424-fc77673779df@group-AFFE1363742F: changes role from  FOLLOWER to FOLLOWER at term 10 for recognizeCandidate:73edb6ac-4c26-463f-ad6d-00f88e6dbd58
2019-10-16 05:41:03,137 [grpc-default-executor-9] INFO  impl.RoleInfo (RoleInfo.java:shutdownFollowerState(121)) - a85e69e5-760c-4b40-a424-fc77673779df: shutdown FollowerState
2019-10-16 05:41:03,144 [8fe94103-1ee8-4728-abac-39da8dc74e05@group-FD3ACD3F2F2D-LeaderElection19] INFO  impl.LeaderElection (LeaderElection.java:askForVotes(178)) - 8fe94103-1ee8-4728-abac-39da8dc74e05@group-FD3ACD3F2F2D-LeaderElection19: begin an election at term 6 for -1: [f1a365c1-fe59-4a48-93c2-eb51ec4ae0f7:192.168.69.104:43934, a92c0124-0b6b-4eab-8828-4a4218b90be6:192.168.69.104:41501, 8fe94103-1ee8-4728-abac-39da8dc74e05:192.168.69.104:44899], old=null
2019-10-16 05:41:03,144 [73edb6ac-4c26-463f-ad6d-00f88e6dbd58@group-AFFE1363742F-LeaderElection24] INFO  impl.LeaderElection (LeaderElection.java:askForVotes(178)) - 73edb6ac-4c26-463f-ad6d-00f88e6dbd58@group-AFFE1363742F-LeaderElection24: begin an election at term 11 for -1: [163c5688-ede5-44ab-b3bd-c5a10f730980:192.168.69.104:45225, a85e69e5-760c-4b40-a424-fc77673779df:192.168.69.104:37941, 73edb6ac-4c26-463f-ad6d-00f88e6dbd58:192.168.69.104:35488], old=null
2019-10-16 05:41:03,145 [grpc-default-executor-2] INFO  impl.RaftServerImpl (RaftServerImpl.java:setRole(184)) - a92c0124-0b6b-4eab-8828-4a4218b90be6@group-FD3ACD3F2F2D: changes role from  FOLLOWER to FOLLOWER at term 4 for recognizeCandidate:8fe94103-1ee8-4728-abac-39da8dc74e05
2019-10-16 05:41:03,145 [grpc-default-executor-2] INFO  impl.RoleInfo (RoleInfo.java:shutdownFollowerState(121)) - a92c0124-0b6b-4eab-8828-4a4218b90be6: shutdown FollowerState
2019-10-16 05:41:03,169 [grpc-default-executor-2] INFO  impl.RoleInfo (RoleInfo.java:updateAndGet(143)) - a92c0124-0b6b-4eab-8828-4a4218b90be6: start FollowerState
2019-10-16 05:41:03,169 [Thread-485] INFO  impl.FollowerState (FollowerState.java:run(117)) - a92c0124-0b6b-4eab-8828-4a4218b90be6@group-FD3ACD3F2F2D-FollowerState was interrupted: java.lang.InterruptedException: sleep interrupted
2019-10-16 05:41:03,172 [grpc-default-executor-9] INFO  impl.RoleInfo (RoleInfo.java:updateAndGet(143)) - a85e69e5-760c-4b40-a424-fc77673779df: start FollowerState
2019-10-16 05:41:03,172 [Thread-475] INFO  impl.FollowerState (FollowerState.java:run(117)) - a85e69e5-760c-4b40-a424-fc77673779df@group-AFFE1363742F-FollowerState was interrupted: java.lang.InterruptedException: sleep interrupted
2019-10-16 05:41:03,175 [grpc-default-executor-7] INFO  impl.RaftServerImpl (ServerState.java:setLeader(256)) - f1a365c1-fe59-4a48-93c2-eb51ec4ae0f7@group-FD3ACD3F2F2D: change Leader from a92c0124-0b6b-4eab-8828-4a4218b90be6 to null at term 3 for updateCurrentTerm
2019-10-16 05:41:03,175 [grpc-default-executor-7] INFO  impl.RaftServerImpl (RaftServerImpl.java:setRole(184)) - f1a365c1-fe59-4a48-93c2-eb51ec4ae0f7@group-FD3ACD3F2F2D: changes role from  FOLLOWER to FOLLOWER at term 3 for recognizeCandidate:8fe94103-1ee8-4728-abac-39da8dc74e05
2019-10-16 05:41:03,176 [grpc-default-executor-7] INFO  impl.RoleInfo (RoleInfo.java:shutdownFollowerState(121)) - f1a365c1-fe59-4a48-93c2-eb51ec4ae0f7: shutdown FollowerState
2019-10-16 05:41:03,176 [grpc-default-executor-5] INFO  impl.RaftServerImpl (RaftServerImpl.java:setRole(184)) - 9dd632ad-42c7-48e6-93db-e31edb4e1823@group-527518A75D14: changes role from  FOLLOWER to FOLLOWER at term 8 for recognizeCandidate:ad5f0ea4-5dae-48da-9087-47ae9aef0548
2019-10-16 05:41:03,178 [grpc-default-executor-7] INFO  impl.RoleInfo (RoleInfo.java:updateAndGet(143)) - f1a365c1-fe59-4a48-93c2-eb51ec4ae0f7: start FollowerState
2019-10-16 05:41:03,178 [Thread-452] INFO  impl.FollowerState (FollowerState.java:run(117)) - f1a365c1-fe59-4a48-93c2-eb51ec4ae0f7@group-FD3ACD3F2F2D-FollowerState was interrupted: java.lang.InterruptedException: sleep interrupted
2019-10-16 05:41:03,178 [grpc-default-executor-5] INFO  impl.RoleInfo (RoleInfo.java:shutdownFollowerState(121)) - 9dd632ad-42c7-48e6-93db-e31edb4e1823: shutdown FollowerState
2019-10-16 05:41:03,179 [ad5f0ea4-5dae-48da-9087-47ae9aef0548@group-527518A75D14-LeaderElection22] INFO  impl.LeaderElection (LeaderElection.java:logAndReturn(56)) - ad5f0ea4-5dae-48da-9087-47ae9aef0548@group-527518A75D14-LeaderElection22: Election TIMEOUT; received 0 response(s) [] and 0 exception(s); ad5f0ea4-5dae-48da-9087-47ae9aef0548@group-527518A75D14:t9, leader=null, voted=ad5f0ea4-5dae-48da-9087-47ae9aef0548, raftlog=ad5f0ea4-5dae-48da-9087-47ae9aef0548@group-527518A75D14-SegmentedRaftLog:OPENED:c-1,f-1,i0, conf=-1: [ad5f0ea4-5dae-48da-9087-47ae9aef0548:192.168.69.104:41460, 8d41a728-337d-4af0-9cf5-a84877563a0d:192.168.69.104:41721, 9dd632ad-42c7-48e6-93db-e31edb4e1823:192.168.69.104:34049], old=null
2019-10-16 05:41:03,181 [8d41a728-337d-4af0-9cf5-a84877563a0d@group-527518A75D14-LeaderElection25] INFO  impl.LeaderElection (LeaderElection.java:logAndReturn(56)) - 8d41a728-337d-4af0-9cf5-a84877563a0d@group-527518A75D14-LeaderElection25: Election TIMEOUT; received 0 response(s) [] and 0 exception(s); 8d41a728-337d-4af0-9cf5-a84877563a0d@group-527518A75D14:t8, leader=null, voted=8d41a728-337d-4af0-9cf5-a84877563a0d, raftlog=8d41a728-337d-4af0-9cf5-a84877563a0d@group-527518A75D14-SegmentedRaftLog:OPENED:c-1,f-1,i0, conf=-1: [ad5f0ea4-5dae-48da-9087-47ae9aef0548:192.168.69.104:41460, 8d41a728-337d-4af0-9cf5-a84877563a0d:192.168.69.104:41721, 9dd632ad-42c7-48e6-93db-e31edb4e1823:192.168.69.104:34049], old=null
2019-10-16 05:41:03,188 [grpc-default-executor-1] INFO  impl.RaftServerImpl (RaftServerImpl.java:setRole(184)) - a92c0124-0b6b-4eab-8828-4a4218b90be6@group-FD3ACD3F2F2D: changes role from  FOLLOWER to FOLLOWER at term 5 for recognizeCandidate:8fe94103-1ee8-4728-abac-39da8dc74e05
2019-10-16 05:41:03,209 [grpc-default-executor-1] INFO  impl.RoleInfo (RoleInfo.java:shutdownFollowerState(121)) - a92c0124-0b6b-4eab-8828-4a4218b90be6: shutdown FollowerState
2019-10-16 05:41:03,209 [Thread-484] INFO  impl.FollowerState (FollowerState.java:run(117)) - 9dd632ad-42c7-48e6-93db-e31edb4e1823@group-527518A75D14-FollowerState was interrupted: java.lang.InterruptedException: sleep interrupted
2019-10-16 05:41:03,212 [grpc-default-executor-1] INFO  impl.RoleInfo (RoleInfo.java:updateAndGet(143)) - a92c0124-0b6b-4eab-8828-4a4218b90be6: start FollowerState
2019-10-16 05:41:03,212 [Thread-488] INFO  impl.FollowerState (FollowerState.java:run(117)) - a92c0124-0b6b-4eab-8828-4a4218b90be6@group-FD3ACD3F2F2D-FollowerState was interrupted: java.lang.InterruptedException: sleep interrupted
2019-10-16 05:41:03,212 [grpc-default-executor-5] INFO  impl.RoleInfo (RoleInfo.java:updateAndGet(143)) - 9dd632ad-42c7-48e6-93db-e31edb4e1823: start FollowerState
2019-10-16 05:41:03,213 [grpc-default-executor-6] INFO  impl.RaftServerImpl (RaftServerImpl.java:setRole(184)) - 9dd632ad-42c7-48e6-93db-e31edb4e1823@group-527518A75D14: changes role from  FOLLOWER to FOLLOWER at term 9 for recognizeCandidate:ad5f0ea4-5dae-48da-9087-47ae9aef0548
2019-10-16 05:41:03,213 [grpc-default-executor-2] INFO  server.GrpcServerProtocolService (GrpcServerProtocolService.java:onCompleted(113)) - f1a365c1-fe59-4a48-93c2-eb51ec4ae0f7: Completed APPEND_ENTRIES, lastRequest: a92c0124-0b6b-4eab-8828-4a4218b90be6->f1a365c1-fe59-4a48-93c2-eb51ec4ae0f7#0-t2, previous=(t:0, i:0), leaderCommit=-1, initializing? false, entries: <empty>
2019-10-16 05:41:03,213 [grpc-default-executor-10] INFO  impl.RaftServerImpl (RaftServerImpl.java:setRole(184)) - 163c5688-ede5-44ab-b3bd-c5a10f730980@group-AFFE1363742F: changes role from  FOLLOWER to FOLLOWER at term 10 for recognizeCandidate:73edb6ac-4c26-463f-ad6d-00f88e6dbd58
2019-10-16 05:41:03,213 [grpc-default-executor-6] INFO  impl.RoleInfo (RoleInfo.java:shutdownFollowerState(121)) - 9dd632ad-42c7-48e6-93db-e31edb4e1823: shutdown FollowerState
2019-10-16 05:41:03,213 [grpc-default-executor-2] INFO  server.GrpcServerProtocolService (GrpcServerProtocolService.java:onCompleted(113)) - 8fe94103-1ee8-4728-abac-39da8dc74e05: Completed APPEND_ENTRIES, lastRequest: a92c0124-0b6b-4eab-8828-4a4218b90be6->8fe94103-1ee8-4728-abac-39da8dc74e05#0-t2, previous=(t:0, i:0), leaderCommit=-1, initializing? false, entries: <empty>
2019-10-16 05:41:03,213 [grpc-default-executor-10] INFO  impl.RoleInfo (RoleInfo.java:shutdownFollowerState(121)) - 163c5688-ede5-44ab-b3bd-c5a10f730980: shutdown FollowerState
2019-10-16 05:41:03,213 [Thread-494] INFO  impl.FollowerState (FollowerState.java:run(117)) - 9dd632ad-42c7-48e6-93db-e31edb4e1823@group-527518A75D14-FollowerState was interrupted: java.lang.InterruptedException: sleep interrupted
2019-10-16 05:41:03,213 [grpc-default-executor-6] INFO  impl.RoleInfo (RoleInfo.java:updateAndGet(143)) - 9dd632ad-42c7-48e6-93db-e31edb4e1823: start FollowerState
2019-10-16 05:41:03,228 [grpc-default-executor-10] INFO  impl.RoleInfo (RoleInfo.java:updateAndGet(143)) - 163c5688-ede5-44ab-b3bd-c5a10f730980: start FollowerState
2019-10-16 05:41:03,228 [ad5f0ea4-5dae-48da-9087-47ae9aef0548@group-527518A75D14-LeaderElection22] INFO  impl.LeaderElection (LeaderElection.java:askForVotes(178)) - ad5f0ea4-5dae-48da-9087-47ae9aef0548@group-527518A75D14-LeaderElection22: begin an election at term 10 for -1: [ad5f0ea4-5dae-48da-9087-47ae9aef0548:192.168.69.104:41460, 8d41a728-337d-4af0-9cf5-a84877563a0d:192.168.69.104:41721, 9dd632ad-42c7-48e6-93db-e31edb4e1823:192.168.69.104:34049], old=null
2019-10-16 05:41:03,228 [grpc-default-executor-4] INFO  impl.RaftServerImpl (RaftServerImpl.java:setRole(184)) - f1a365c1-fe59-4a48-93c2-eb51ec4ae0f7@group-FD3ACD3F2F2D: changes role from  FOLLOWER to FOLLOWER at term 5 for recognizeCandidate:8fe94103-1ee8-4728-abac-39da8dc74e05
2019-10-16 05:41:03,214 [Thread-480] INFO  impl.FollowerState (FollowerState.java:run(117)) - 163c5688-ede5-44ab-b3bd-c5a10f730980@group-AFFE1363742F-FollowerState was interrupted: java.lang.InterruptedException: sleep interrupted
2019-10-16 05:41:03,228 [grpc-default-executor-4] INFO  impl.RoleInfo (RoleInfo.java:shutdownFollowerState(121)) - f1a365c1-fe59-4a48-93c2-eb51ec4ae0f7: shutdown FollowerState
2019-10-16 05:41:03,228 [8d41a728-337d-4af0-9cf5-a84877563a0d@group-527518A75D14-LeaderElection25] INFO  impl.LeaderElection (LeaderElection.java:askForVotes(178)) - 8d41a728-337d-4af0-9cf5-a84877563a0d@group-527518A75D14-LeaderElection25: begin an election at term 9 for -1: [ad5f0ea4-5dae-48da-9087-47ae9aef0548:192.168.69.104:41460, 8d41a728-337d-4af0-9cf5-a84877563a0d:192.168.69.104:41721, 9dd632ad-42c7-48e6-93db-e31edb4e1823:192.168.69.104:34049], old=null
2019-10-16 05:41:03,229 [grpc-default-executor-1] INFO  impl.RaftServerImpl (RaftServerImpl.java:setRole(184)) - a92c0124-0b6b-4eab-8828-4a4218b90be6@group-FD3ACD3F2F2D: changes role from  FOLLOWER to FOLLOWER at term 6 for recognizeCandidate:8fe94103-1ee8-4728-abac-39da8dc74e05
2019-10-16 05:41:03,229 [grpc-default-executor-1] INFO  impl.RoleInfo (RoleInfo.java:shutdownFollowerState(121)) - a92c0124-0b6b-4eab-8828-4a4218b90be6: shutdown FollowerState
2019-10-16 05:41:03,230 [grpc-default-executor-0] INFO  server.GrpcLogAppender (GrpcLogAppender.java:onCompleted(308)) - a92c0124-0b6b-4eab-8828-4a4218b90be6@group-FD3ACD3F2F2D->f1a365c1-fe59-4a48-93c2-eb51ec4ae0f7-AppendLogResponseHandler: follower responses appendEntries COMPLETED
2019-10-16 05:41:03,230 [grpc-default-executor-2] INFO  server.GrpcLogAppender (GrpcLogAppender.java:onCompleted(308)) - a92c0124-0b6b-4eab-8828-4a4218b90be6@group-FD3ACD3F2F2D->8fe94103-1ee8-4728-abac-39da8dc74e05-AppendLogResponseHandler: follower responses appendEntries COMPLETED
2019-10-16 05:41:03,258 [grpc-default-executor-1] INFO  impl.RoleInfo (RoleInfo.java:updateAndGet(143)) - a92c0124-0b6b-4eab-8828-4a4218b90be6: start FollowerState
2019-10-16 05:41:03,258 [Thread-495] INFO  impl.FollowerState (FollowerState.java:run(117)) - a92c0124-0b6b-4eab-8828-4a4218b90be6@group-FD3ACD3F2F2D-FollowerState was interrupted: java.lang.InterruptedException: sleep interrupted
2019-10-16 05:41:03,258 [Thread-492] INFO  impl.FollowerState (FollowerState.java:run(117)) - f1a365c1-fe59-4a48-93c2-eb51ec4ae0f7@group-FD3ACD3F2F2D-FollowerState was interrupted: java.lang.InterruptedException: sleep interrupted
2019-10-16 05:41:03,261 [grpc-default-executor-4] INFO  impl.RoleInfo (RoleInfo.java:updateAndGet(143)) - f1a365c1-fe59-4a48-93c2-eb51ec4ae0f7: start FollowerState
2019-10-16 05:41:03,262 [grpc-default-executor-9] INFO  impl.RaftServerImpl (RaftServerImpl.java:setRole(184)) - a85e69e5-760c-4b40-a424-fc77673779df@group-AFFE1363742F: changes role from  FOLLOWER to FOLLOWER at term 11 for recognizeCandidate:73edb6ac-4c26-463f-ad6d-00f88e6dbd58
2019-10-16 05:41:03,273 [grpc-default-executor-9] INFO  impl.RoleInfo (RoleInfo.java:shutdownFollowerState(121)) - a85e69e5-760c-4b40-a424-fc77673779df: shutdown FollowerState
2019-10-16 05:41:03,273 [grpc-default-executor-9] INFO  impl.RoleInfo (RoleInfo.java:updateAndGet(143)) - a85e69e5-760c-4b40-a424-fc77673779df: start FollowerState
2019-10-16 05:41:03,273 [grpc-default-executor-0] INFO  impl.FollowerInfo (FollowerInfo.java:lambda$new$0(51)) - a92c0124-0b6b-4eab-8828-4a4218b90be6@group-FD3ACD3F2F2D->f1a365c1-fe59-4a48-93c2-eb51ec4ae0f7: nextIndex: updateUnconditionally 0 -> 0
2019-10-16 05:41:03,273 [Thread-491] INFO  impl.FollowerState (FollowerState.java:run(117)) - a85e69e5-760c-4b40-a424-fc77673779df@group-AFFE1363742F-FollowerState was interrupted: java.lang.InterruptedException: sleep interrupted
2019-10-16 05:41:03,279 [grpc-default-executor-2] INFO  impl.FollowerInfo (FollowerInfo.java:lambda$new$0(51)) - a92c0124-0b6b-4eab-8828-4a4218b90be6@group-FD3ACD3F2F2D->8fe94103-1ee8-4728-abac-39da8dc74e05: nextIndex: updateUnconditionally 0 -> 0
2019-10-16 05:41:03,280 [grpc-default-executor-0] INFO  impl.RaftServerImpl (RaftServerImpl.java:setRole(184)) - 8d41a728-337d-4af0-9cf5-a84877563a0d@group-527518A75D14: changes role from CANDIDATE to FOLLOWER at term 10 for recognizeCandidate:ad5f0ea4-5dae-48da-9087-47ae9aef0548
2019-10-16 05:41:03,280 [grpc-default-executor-0] INFO  impl.RoleInfo (RoleInfo.java:shutdownLeaderElection(134)) - 8d41a728-337d-4af0-9cf5-a84877563a0d: shutdown LeaderElection
2019-10-16 05:41:03,282 [main] INFO  rpc.RpcClient (RpcClient.java:createVolume(272)) - Creating Volume: datanodefailurehandlingtest, with jenkins1000 as owner.
2019-10-16 05:41:03,289 [grpc-default-executor-5] INFO  impl.RaftServerImpl (RaftServerImpl.java:setRole(184)) - 163c5688-ede5-44ab-b3bd-c5a10f730980@group-AFFE1363742F: changes role from  FOLLOWER to FOLLOWER at term 11 for recognizeCandidate:73edb6ac-4c26-463f-ad6d-00f88e6dbd58
2019-10-16 05:41:03,289 [grpc-default-executor-7] INFO  impl.RaftServerImpl (RaftServerImpl.java:setRole(184)) - f1a365c1-fe59-4a48-93c2-eb51ec4ae0f7@group-FD3ACD3F2F2D: changes role from  FOLLOWER to FOLLOWER at term 6 for recognizeCandidate:8fe94103-1ee8-4728-abac-39da8dc74e05
2019-10-16 05:41:03,289 [grpc-default-executor-3] INFO  impl.RaftServerImpl (RaftServerImpl.java:setRole(184)) - 9dd632ad-42c7-48e6-93db-e31edb4e1823@group-527518A75D14: changes role from  FOLLOWER to FOLLOWER at term 9 for recognizeCandidate:8d41a728-337d-4af0-9cf5-a84877563a0d
2019-10-16 05:41:03,289 [grpc-default-executor-7] INFO  impl.RoleInfo (RoleInfo.java:shutdownFollowerState(121)) - f1a365c1-fe59-4a48-93c2-eb51ec4ae0f7: shutdown FollowerState
2019-10-16 05:41:03,289 [grpc-default-executor-5] INFO  impl.RoleInfo (RoleInfo.java:shutdownFollowerState(121)) - 163c5688-ede5-44ab-b3bd-c5a10f730980: shutdown FollowerState
2019-10-16 05:41:03,289 [grpc-default-executor-3] INFO  impl.RoleInfo (RoleInfo.java:shutdownFollowerState(121)) - 9dd632ad-42c7-48e6-93db-e31edb4e1823: shutdown FollowerState
2019-10-16 05:41:03,305 [Thread-497] INFO  impl.FollowerState (FollowerState.java:run(103)) - 163c5688-ede5-44ab-b3bd-c5a10f730980@group-AFFE1363742F-FollowerState: Stopping now (isRunning? false, isFollower? true)
2019-10-16 05:41:03,313 [Thread-496] INFO  impl.FollowerState (FollowerState.java:run(117)) - 9dd632ad-42c7-48e6-93db-e31edb4e1823@group-527518A75D14-FollowerState was interrupted: java.lang.InterruptedException: sleep interrupted
2019-10-16 05:41:03,313 [grpc-default-executor-5] INFO  impl.RoleInfo (RoleInfo.java:updateAndGet(143)) - 163c5688-ede5-44ab-b3bd-c5a10f730980: start FollowerState
2019-10-16 05:41:03,313 [8d41a728-337d-4af0-9cf5-a84877563a0d@group-527518A75D14-LeaderElection25] INFO  impl.LeaderElection (LeaderElection.java:logAndReturn(56)) - 8d41a728-337d-4af0-9cf5-a84877563a0d@group-527518A75D14-LeaderElection25: Election DISCOVERED_A_NEW_TERM; received 1 response(s) [8d41a728-337d-4af0-9cf5-a84877563a0d<-ad5f0ea4-5dae-48da-9087-47ae9aef0548#0:FAIL-t10] and 0 exception(s); 8d41a728-337d-4af0-9cf5-a84877563a0d@group-527518A75D14:t10, leader=null, voted=null, raftlog=8d41a728-337d-4af0-9cf5-a84877563a0d@group-527518A75D14-SegmentedRaftLog:OPENED:c-1,f-1,i0, conf=-1: [ad5f0ea4-5dae-48da-9087-47ae9aef0548:192.168.69.104:41460, 8d41a728-337d-4af0-9cf5-a84877563a0d:192.168.69.104:41721, 9dd632ad-42c7-48e6-93db-e31edb4e1823:192.168.69.104:34049], old=null
2019-10-16 05:41:03,313 [grpc-default-executor-3] INFO  impl.RoleInfo (RoleInfo.java:updateAndGet(143)) - 9dd632ad-42c7-48e6-93db-e31edb4e1823: start FollowerState
2019-10-16 05:41:03,313 [grpc-default-executor-0] INFO  impl.RoleInfo (RoleInfo.java:updateAndGet(143)) - 8d41a728-337d-4af0-9cf5-a84877563a0d: start FollowerState
2019-10-16 05:41:03,313 [grpc-default-executor-7] INFO  impl.RoleInfo (RoleInfo.java:updateAndGet(143)) - f1a365c1-fe59-4a48-93c2-eb51ec4ae0f7: start FollowerState
2019-10-16 05:41:03,313 [Thread-502] INFO  impl.FollowerState (FollowerState.java:run(117)) - f1a365c1-fe59-4a48-93c2-eb51ec4ae0f7@group-FD3ACD3F2F2D-FollowerState was interrupted: java.lang.InterruptedException: sleep interrupted
2019-10-16 05:41:03,316 [grpc-default-executor-2] INFO  impl.RaftServerImpl (RaftServerImpl.java:setRole(184)) - 9dd632ad-42c7-48e6-93db-e31edb4e1823@group-527518A75D14: changes role from  FOLLOWER to FOLLOWER at term 10 for recognizeCandidate:ad5f0ea4-5dae-48da-9087-47ae9aef0548
2019-10-16 05:41:03,316 [grpc-default-executor-2] INFO  impl.RoleInfo (RoleInfo.java:shutdownFollowerState(121)) - 9dd632ad-42c7-48e6-93db-e31edb4e1823: shutdown FollowerState
2019-10-16 05:41:03,317 [Thread-506] INFO  impl.FollowerState (FollowerState.java:run(117)) - 9dd632ad-42c7-48e6-93db-e31edb4e1823@group-527518A75D14-FollowerState was interrupted: java.lang.InterruptedException: sleep interrupted
2019-10-16 05:41:03,317 [grpc-default-executor-2] INFO  impl.RoleInfo (RoleInfo.java:updateAndGet(143)) - 9dd632ad-42c7-48e6-93db-e31edb4e1823: start FollowerState
2019-10-16 05:41:03,332 [8fe94103-1ee8-4728-abac-39da8dc74e05@group-FD3ACD3F2F2D-LeaderElection19] INFO  impl.LeaderElection (LeaderElection.java:logAndReturn(56)) - 8fe94103-1ee8-4728-abac-39da8dc74e05@group-FD3ACD3F2F2D-LeaderElection19: Election PASSED; received 2 response(s) [8fe94103-1ee8-4728-abac-39da8dc74e05<-f1a365c1-fe59-4a48-93c2-eb51ec4ae0f7#0:OK-t6, 8fe94103-1ee8-4728-abac-39da8dc74e05<-a92c0124-0b6b-4eab-8828-4a4218b90be6#0:FAIL-t6] and 0 exception(s); 8fe94103-1ee8-4728-abac-39da8dc74e05@group-FD3ACD3F2F2D:t6, leader=null, voted=8fe94103-1ee8-4728-abac-39da8dc74e05, raftlog=8fe94103-1ee8-4728-abac-39da8dc74e05@group-FD3ACD3F2F2D-SegmentedRaftLog:OPENED:c-1,f-1,i0, conf=-1: [f1a365c1-fe59-4a48-93c2-eb51ec4ae0f7:192.168.69.104:43934, a92c0124-0b6b-4eab-8828-4a4218b90be6:192.168.69.104:41501, 8fe94103-1ee8-4728-abac-39da8dc74e05:192.168.69.104:44899], old=null
2019-10-16 05:41:03,332 [73edb6ac-4c26-463f-ad6d-00f88e6dbd58@group-AFFE1363742F-LeaderElection24] INFO  impl.LeaderElection (LeaderElection.java:logAndReturn(56)) - 73edb6ac-4c26-463f-ad6d-00f88e6dbd58@group-AFFE1363742F-LeaderElection24: Election PASSED; received 2 response(s) [73edb6ac-4c26-463f-ad6d-00f88e6dbd58<-163c5688-ede5-44ab-b3bd-c5a10f730980#0:OK-t11, 73edb6ac-4c26-463f-ad6d-00f88e6dbd58<-a85e69e5-760c-4b40-a424-fc77673779df#0:FAIL-t11] and 0 exception(s); 73edb6ac-4c26-463f-ad6d-00f88e6dbd58@group-AFFE1363742F:t11, leader=null, voted=73edb6ac-4c26-463f-ad6d-00f88e6dbd58, raftlog=73edb6ac-4c26-463f-ad6d-00f88e6dbd58@group-AFFE1363742F-SegmentedRaftLog:OPENED:c-1,f-1,i0, conf=-1: [163c5688-ede5-44ab-b3bd-c5a10f730980:192.168.69.104:45225, a85e69e5-760c-4b40-a424-fc77673779df:192.168.69.104:37941, 73edb6ac-4c26-463f-ad6d-00f88e6dbd58:192.168.69.104:35488], old=null
2019-10-16 05:41:03,349 [73edb6ac-4c26-463f-ad6d-00f88e6dbd58@group-AFFE1363742F-LeaderElection24] INFO  impl.RoleInfo (RoleInfo.java:shutdownLeaderElection(134)) - 73edb6ac-4c26-463f-ad6d-00f88e6dbd58: shutdown LeaderElection
2019-10-16 05:41:03,349 [8fe94103-1ee8-4728-abac-39da8dc74e05@group-FD3ACD3F2F2D-LeaderElection19] INFO  impl.RoleInfo (RoleInfo.java:shutdownLeaderElection(134)) - 8fe94103-1ee8-4728-abac-39da8dc74e05: shutdown LeaderElection
2019-10-16 05:41:03,352 [73edb6ac-4c26-463f-ad6d-00f88e6dbd58@group-AFFE1363742F-LeaderElection24] INFO  impl.RaftServerImpl (RaftServerImpl.java:setRole(184)) - 73edb6ac-4c26-463f-ad6d-00f88e6dbd58@group-AFFE1363742F: changes role from CANDIDATE to LEADER at term 11 for changeToLeader
2019-10-16 05:41:03,352 [8fe94103-1ee8-4728-abac-39da8dc74e05@group-FD3ACD3F2F2D-LeaderElection19] INFO  impl.RaftServerImpl (RaftServerImpl.java:setRole(184)) - 8fe94103-1ee8-4728-abac-39da8dc74e05@group-FD3ACD3F2F2D: changes role from CANDIDATE to LEADER at term 6 for changeToLeader
2019-10-16 05:41:03,352 [ad5f0ea4-5dae-48da-9087-47ae9aef0548@group-527518A75D14-LeaderElection22] INFO  impl.LeaderElection (LeaderElection.java:logAndReturn(56)) - ad5f0ea4-5dae-48da-9087-47ae9aef0548@group-527518A75D14-LeaderElection22: Election REJECTED; received 2 response(s) [ad5f0ea4-5dae-48da-9087-47ae9aef0548<-8d41a728-337d-4af0-9cf5-a84877563a0d#0:FAIL-t10, ad5f0ea4-5dae-48da-9087-47ae9aef0548<-9dd632ad-42c7-48e6-93db-e31edb4e1823#0:FAIL-t10] and 0 exception(s); ad5f0ea4-5dae-48da-9087-47ae9aef0548@group-527518A75D14:t10, leader=null, voted=ad5f0ea4-5dae-48da-9087-47ae9aef0548, raftlog=ad5f0ea4-5dae-48da-9087-47ae9aef0548@group-527518A75D14-SegmentedRaftLog:OPENED:c-1,f-1,i0, conf=-1: [ad5f0ea4-5dae-48da-9087-47ae9aef0548:192.168.69.104:41460, 8d41a728-337d-4af0-9cf5-a84877563a0d:192.168.69.104:41721, 9dd632ad-42c7-48e6-93db-e31edb4e1823:192.168.69.104:34049], old=null
2019-10-16 05:41:03,352 [8fe94103-1ee8-4728-abac-39da8dc74e05@group-FD3ACD3F2F2D-LeaderElection19] INFO  impl.RaftServerImpl (ServerState.java:setLeader(256)) - 8fe94103-1ee8-4728-abac-39da8dc74e05@group-FD3ACD3F2F2D: change Leader from null to 8fe94103-1ee8-4728-abac-39da8dc74e05 at term 6 for becomeLeader, leader elected after 1315ms
2019-10-16 05:41:03,352 [73edb6ac-4c26-463f-ad6d-00f88e6dbd58@group-AFFE1363742F-LeaderElection24] INFO  impl.RaftServerImpl (ServerState.java:setLeader(256)) - 73edb6ac-4c26-463f-ad6d-00f88e6dbd58@group-AFFE1363742F: change Leader from null to 73edb6ac-4c26-463f-ad6d-00f88e6dbd58 at term 11 for becomeLeader, leader elected after 1555ms
2019-10-16 05:41:03,353 [8fe94103-1ee8-4728-abac-39da8dc74e05@group-FD3ACD3F2F2D-LeaderElection19] INFO  server.RaftServerConfigKeys (ConfUtils.java:logGet(43)) - raft.server.staging.catchup.gap = 1000 (default)
2019-10-16 05:41:03,352 [ad5f0ea4-5dae-48da-9087-47ae9aef0548@group-527518A75D14-LeaderElection22] INFO  impl.RaftServerImpl (RaftServerImpl.java:setRole(184)) - ad5f0ea4-5dae-48da-9087-47ae9aef0548@group-527518A75D14: changes role from CANDIDATE to FOLLOWER at term 10 for DISCOVERED_A_NEW_TERM
2019-10-16 05:41:03,355 [8fe94103-1ee8-4728-abac-39da8dc74e05@group-FD3ACD3F2F2D-LeaderElection19] INFO  server.RaftServerConfigKeys (ConfUtils.java:logGet(43)) - raft.server.rpc.sleep.time = 25ms (default)
2019-10-16 05:41:03,355 [73edb6ac-4c26-463f-ad6d-00f88e6dbd58@group-AFFE1363742F-LeaderElection24] INFO  server.RaftServerConfigKeys (ConfUtils.java:logGet(43)) - raft.server.staging.catchup.gap = 1000 (default)
2019-10-16 05:41:03,356 [ad5f0ea4-5dae-48da-9087-47ae9aef0548@group-527518A75D14-LeaderElection22] INFO  impl.RoleInfo (RoleInfo.java:shutdownLeaderElection(134)) - ad5f0ea4-5dae-48da-9087-47ae9aef0548: shutdown LeaderElection
2019-10-16 05:41:03,362 [8fe94103-1ee8-4728-abac-39da8dc74e05@group-FD3ACD3F2F2D-LeaderElection19] INFO  server.RaftServerConfigKeys (ConfUtils.java:logGet(43)) - raft.server.write.element-limit = 4096 (default)
2019-10-16 05:41:03,362 [73edb6ac-4c26-463f-ad6d-00f88e6dbd58@group-AFFE1363742F-LeaderElection24] INFO  server.RaftServerConfigKeys (ConfUtils.java:logGet(43)) - raft.server.rpc.sleep.time = 25ms (default)
2019-10-16 05:41:03,362 [ad5f0ea4-5dae-48da-9087-47ae9aef0548@group-527518A75D14-LeaderElection22] INFO  impl.RoleInfo (RoleInfo.java:updateAndGet(143)) - ad5f0ea4-5dae-48da-9087-47ae9aef0548: start FollowerState
2019-10-16 05:41:03,362 [8fe94103-1ee8-4728-abac-39da8dc74e05@group-FD3ACD3F2F2D-LeaderElection19] INFO  server.RaftServerConfigKeys (ConfUtils.java:logGet(43)) - raft.server.watch.timeout = 10s (default)
2019-10-16 05:41:03,362 [73edb6ac-4c26-463f-ad6d-00f88e6dbd58@group-AFFE1363742F-LeaderElection24] INFO  server.RaftServerConfigKeys (ConfUtils.java:logGet(43)) - raft.server.write.element-limit = 4096 (default)
2019-10-16 05:41:03,362 [8fe94103-1ee8-4728-abac-39da8dc74e05@group-FD3ACD3F2F2D-LeaderElection19] INFO  server.RaftServerConfigKeys (ConfUtils.java:logGet(43)) - raft.server.watch.timeout.denomination = 1s (default)
2019-10-16 05:41:03,363 [73edb6ac-4c26-463f-ad6d-00f88e6dbd58@group-AFFE1363742F-LeaderElection24] INFO  server.RaftServerConfigKeys (ConfUtils.java:logGet(43)) - raft.server.watch.timeout = 10s (default)
2019-10-16 05:41:03,363 [8fe94103-1ee8-4728-abac-39da8dc74e05@group-FD3ACD3F2F2D-LeaderElection19] INFO  server.RaftServerConfigKeys (ConfUtils.java:logGet(43)) - raft.server.watch.element-limit = 65536 (default)
2019-10-16 05:41:03,363 [73edb6ac-4c26-463f-ad6d-00f88e6dbd58@group-AFFE1363742F-LeaderElection24] INFO  server.RaftServerConfigKeys (ConfUtils.java:logGet(43)) - raft.server.watch.timeout.denomination = 1s (default)
2019-10-16 05:41:03,363 [73edb6ac-4c26-463f-ad6d-00f88e6dbd58@group-AFFE1363742F-LeaderElection24] INFO  server.RaftServerConfigKeys (ConfUtils.java:logGet(43)) - raft.server.watch.element-limit = 65536 (default)
2019-10-16 05:41:03,387 [Timer for 'StorageContainerManager' metrics system] INFO  lib.Interns (Interns.java:removeEldestEntry(50)) - Metrics intern cache overflow at 2011 for MetricsSystem={MetricsSystem=MetricsInfoImpl{name=MetricsSystem, description=MetricsSystem}, MetricsSystem record=MetricsInfoImpl{name=MetricsSystem, description=MetricsSystem record}}
2019-10-16 05:41:03,391 [8fe94103-1ee8-4728-abac-39da8dc74e05@group-FD3ACD3F2F2D-LeaderElection19] INFO  server.RaftServerConfigKeys (ConfUtils.java:logGet(43)) - raft.server.log.appender.snapshot.chunk.size.max = 16MB (=16777216) (default)
2019-10-16 05:41:03,391 [73edb6ac-4c26-463f-ad6d-00f88e6dbd58@group-AFFE1363742F-LeaderElection24] INFO  server.RaftServerConfigKeys (ConfUtils.java:logGet(43)) - raft.server.log.appender.snapshot.chunk.size.max = 16MB (=16777216) (default)
2019-10-16 05:41:03,392 [8fe94103-1ee8-4728-abac-39da8dc74e05@group-FD3ACD3F2F2D-LeaderElection19] INFO  server.RaftServerConfigKeys (ConfUtils.java:logGet(43)) - raft.server.log.appender.buffer.byte-limit = 33554432 (custom)
2019-10-16 05:41:03,392 [73edb6ac-4c26-463f-ad6d-00f88e6dbd58@group-AFFE1363742F-LeaderElection24] INFO  server.RaftServerConfigKeys (ConfUtils.java:logGet(43)) - raft.server.log.appender.buffer.byte-limit = 33554432 (custom)
2019-10-16 05:41:03,392 [8fe94103-1ee8-4728-abac-39da8dc74e05@group-FD3ACD3F2F2D-LeaderElection19] INFO  server.RaftServerConfigKeys (ConfUtils.java:logGet(43)) - raft.server.log.appender.buffer.element-limit = 1 (custom)
2019-10-16 05:41:03,392 [73edb6ac-4c26-463f-ad6d-00f88e6dbd58@group-AFFE1363742F-LeaderElection24] INFO  server.RaftServerConfigKeys (ConfUtils.java:logGet(43)) - raft.server.log.appender.buffer.element-limit = 1 (custom)
2019-10-16 05:41:03,392 [8fe94103-1ee8-4728-abac-39da8dc74e05@group-FD3ACD3F2F2D-LeaderElection19] INFO  grpc.GrpcConfigKeys$Server (ConfUtils.java:logGet(43)) - raft.grpc.server.leader.outstanding.appends.max = 128 (default)
2019-10-16 05:41:03,392 [73edb6ac-4c26-463f-ad6d-00f88e6dbd58@group-AFFE1363742F-LeaderElection24] INFO  grpc.GrpcConfigKeys$Server (ConfUtils.java:logGet(43)) - raft.grpc.server.leader.outstanding.appends.max = 128 (default)
2019-10-16 05:41:03,393 [8fe94103-1ee8-4728-abac-39da8dc74e05@group-FD3ACD3F2F2D-LeaderElection19] INFO  server.RaftServerConfigKeys (ConfUtils.java:logGet(43)) - raft.server.rpc.request.timeout = 3000ms (default)
2019-10-16 05:41:03,393 [73edb6ac-4c26-463f-ad6d-00f88e6dbd58@group-AFFE1363742F-LeaderElection24] INFO  server.RaftServerConfigKeys (ConfUtils.java:logGet(43)) - raft.server.rpc.request.timeout = 3000ms (default)
2019-10-16 05:41:03,393 [8fe94103-1ee8-4728-abac-39da8dc74e05@group-FD3ACD3F2F2D-LeaderElection19] INFO  server.RaftServerConfigKeys (ConfUtils.java:logGet(43)) - raft.server.log.appender.install.snapshot.enabled = false (custom)
2019-10-16 05:41:03,393 [73edb6ac-4c26-463f-ad6d-00f88e6dbd58@group-AFFE1363742F-LeaderElection24] INFO  server.RaftServerConfigKeys (ConfUtils.java:logGet(43)) - raft.server.log.appender.install.snapshot.enabled = false (custom)
2019-10-16 05:41:03,396 [8fe94103-1ee8-4728-abac-39da8dc74e05@group-FD3ACD3F2F2D-LeaderElection19] INFO  server.RaftServerConfigKeys (ConfUtils.java:logGet(43)) - raft.server.log.appender.snapshot.chunk.size.max = 16MB (=16777216) (default)
2019-10-16 05:41:03,396 [73edb6ac-4c26-463f-ad6d-00f88e6dbd58@group-AFFE1363742F-LeaderElection24] INFO  server.RaftServerConfigKeys (ConfUtils.java:logGet(43)) - raft.server.log.appender.snapshot.chunk.size.max = 16MB (=16777216) (default)
2019-10-16 05:41:03,396 [8fe94103-1ee8-4728-abac-39da8dc74e05@group-FD3ACD3F2F2D-LeaderElection19] INFO  server.RaftServerConfigKeys (ConfUtils.java:logGet(43)) - raft.server.log.appender.buffer.byte-limit = 33554432 (custom)
2019-10-16 05:41:03,396 [73edb6ac-4c26-463f-ad6d-00f88e6dbd58@group-AFFE1363742F-LeaderElection24] INFO  server.RaftServerConfigKeys (ConfUtils.java:logGet(43)) - raft.server.log.appender.buffer.byte-limit = 33554432 (custom)
2019-10-16 05:41:03,396 [8fe94103-1ee8-4728-abac-39da8dc74e05@group-FD3ACD3F2F2D-LeaderElection19] INFO  server.RaftServerConfigKeys (ConfUtils.java:logGet(43)) - raft.server.log.appender.buffer.element-limit = 1 (custom)
2019-10-16 05:41:03,396 [73edb6ac-4c26-463f-ad6d-00f88e6dbd58@group-AFFE1363742F-LeaderElection24] INFO  server.RaftServerConfigKeys (ConfUtils.java:logGet(43)) - raft.server.log.appender.buffer.element-limit = 1 (custom)
2019-10-16 05:41:03,396 [8fe94103-1ee8-4728-abac-39da8dc74e05@group-FD3ACD3F2F2D-LeaderElection19] INFO  grpc.GrpcConfigKeys$Server (ConfUtils.java:logGet(43)) - raft.grpc.server.leader.outstanding.appends.max = 128 (default)
2019-10-16 05:41:03,396 [73edb6ac-4c26-463f-ad6d-00f88e6dbd58@group-AFFE1363742F-LeaderElection24] INFO  grpc.GrpcConfigKeys$Server (ConfUtils.java:logGet(43)) - raft.grpc.server.leader.outstanding.appends.max = 128 (default)
2019-10-16 05:41:03,397 [8fe94103-1ee8-4728-abac-39da8dc74e05@group-FD3ACD3F2F2D-LeaderElection19] INFO  server.RaftServerConfigKeys (ConfUtils.java:logGet(43)) - raft.server.rpc.request.timeout = 3000ms (default)
2019-10-16 05:41:03,397 [73edb6ac-4c26-463f-ad6d-00f88e6dbd58@group-AFFE1363742F-LeaderElection24] INFO  server.RaftServerConfigKeys (ConfUtils.java:logGet(43)) - raft.server.rpc.request.timeout = 3000ms (default)
2019-10-16 05:41:03,397 [8fe94103-1ee8-4728-abac-39da8dc74e05@group-FD3ACD3F2F2D-LeaderElection19] INFO  server.RaftServerConfigKeys (ConfUtils.java:logGet(43)) - raft.server.log.appender.install.snapshot.enabled = false (custom)
2019-10-16 05:41:03,397 [73edb6ac-4c26-463f-ad6d-00f88e6dbd58@group-AFFE1363742F-LeaderElection24] INFO  server.RaftServerConfigKeys (ConfUtils.java:logGet(43)) - raft.server.log.appender.install.snapshot.enabled = false (custom)
2019-10-16 05:41:03,400 [8fe94103-1ee8-4728-abac-39da8dc74e05@group-FD3ACD3F2F2D-LeaderElection19] INFO  impl.RoleInfo (RoleInfo.java:updateAndGet(143)) - 8fe94103-1ee8-4728-abac-39da8dc74e05: start LeaderState
2019-10-16 05:41:03,400 [73edb6ac-4c26-463f-ad6d-00f88e6dbd58@group-AFFE1363742F-LeaderElection24] INFO  impl.RoleInfo (RoleInfo.java:updateAndGet(143)) - 73edb6ac-4c26-463f-ad6d-00f88e6dbd58: start LeaderState
2019-10-16 05:41:03,400 [73edb6ac-4c26-463f-ad6d-00f88e6dbd58@group-AFFE1363742F-LeaderElection24] INFO  segmented.SegmentedRaftLogWorker (SegmentedRaftLogWorker.java:startLogSegment(385)) - 73edb6ac-4c26-463f-ad6d-00f88e6dbd58@group-AFFE1363742F-SegmentedRaftLogWorker: Starting segment from index:0
2019-10-16 05:41:03,400 [8fe94103-1ee8-4728-abac-39da8dc74e05@group-FD3ACD3F2F2D-LeaderElection19] INFO  segmented.SegmentedRaftLogWorker (SegmentedRaftLogWorker.java:startLogSegment(385)) - 8fe94103-1ee8-4728-abac-39da8dc74e05@group-FD3ACD3F2F2D-SegmentedRaftLogWorker: Starting segment from index:0
2019-10-16 05:41:03,401 [8fe94103-1ee8-4728-abac-39da8dc74e05@group-FD3ACD3F2F2D-LeaderElection19] INFO  impl.RaftServerImpl (ServerState.java:setRaftConf(357)) - 8fe94103-1ee8-4728-abac-39da8dc74e05@group-FD3ACD3F2F2D: set configuration 0: [f1a365c1-fe59-4a48-93c2-eb51ec4ae0f7:192.168.69.104:43934, a92c0124-0b6b-4eab-8828-4a4218b90be6:192.168.69.104:41501, 8fe94103-1ee8-4728-abac-39da8dc74e05:192.168.69.104:44899], old=null at 0
2019-10-16 05:41:03,401 [73edb6ac-4c26-463f-ad6d-00f88e6dbd58@group-AFFE1363742F-LeaderElection24] INFO  impl.RaftServerImpl (ServerState.java:setRaftConf(357)) - 73edb6ac-4c26-463f-ad6d-00f88e6dbd58@group-AFFE1363742F: set configuration 0: [163c5688-ede5-44ab-b3bd-c5a10f730980:192.168.69.104:45225, a85e69e5-760c-4b40-a424-fc77673779df:192.168.69.104:37941, 73edb6ac-4c26-463f-ad6d-00f88e6dbd58:192.168.69.104:35488], old=null at 0
2019-10-16 05:41:03,438 [grpc-default-executor-5] INFO  impl.RaftServerImpl (ServerState.java:setLeader(256)) - f1a365c1-fe59-4a48-93c2-eb51ec4ae0f7@group-FD3ACD3F2F2D: change Leader from null to 8fe94103-1ee8-4728-abac-39da8dc74e05 at term 6 for appendEntries, leader elected after 262ms
2019-10-16 05:41:03,438 [grpc-default-executor-2] INFO  impl.RaftServerImpl (ServerState.java:setLeader(256)) - a92c0124-0b6b-4eab-8828-4a4218b90be6@group-FD3ACD3F2F2D: change Leader from null to 8fe94103-1ee8-4728-abac-39da8dc74e05 at term 6 for appendEntries, leader elected after 457ms
2019-10-16 05:41:03,438 [grpc-default-executor-0] INFO  impl.RaftServerImpl (ServerState.java:setLeader(256)) - 163c5688-ede5-44ab-b3bd-c5a10f730980@group-AFFE1363742F: change Leader from null to 73edb6ac-4c26-463f-ad6d-00f88e6dbd58 at term 11 for appendEntries, leader elected after 1641ms
2019-10-16 05:41:03,438 [grpc-default-executor-7] INFO  impl.RaftServerImpl (ServerState.java:setLeader(256)) - a85e69e5-760c-4b40-a424-fc77673779df@group-AFFE1363742F: change Leader from null to 73edb6ac-4c26-463f-ad6d-00f88e6dbd58 at term 11 for appendEntries, leader elected after 1265ms
2019-10-16 05:41:03,449 [grpc-default-executor-2] INFO  impl.RaftServerImpl (ServerState.java:setRaftConf(357)) - f1a365c1-fe59-4a48-93c2-eb51ec4ae0f7@group-FD3ACD3F2F2D: set configuration 0: [f1a365c1-fe59-4a48-93c2-eb51ec4ae0f7:192.168.69.104:43934, a92c0124-0b6b-4eab-8828-4a4218b90be6:192.168.69.104:41501, 8fe94103-1ee8-4728-abac-39da8dc74e05:192.168.69.104:44899], old=null at 0
2019-10-16 05:41:03,450 [grpc-default-executor-0] INFO  impl.RaftServerImpl (ServerState.java:setRaftConf(357)) - 163c5688-ede5-44ab-b3bd-c5a10f730980@group-AFFE1363742F: set configuration 0: [163c5688-ede5-44ab-b3bd-c5a10f730980:192.168.69.104:45225, a85e69e5-760c-4b40-a424-fc77673779df:192.168.69.104:37941, 73edb6ac-4c26-463f-ad6d-00f88e6dbd58:192.168.69.104:35488], old=null at 0
2019-10-16 05:41:03,450 [grpc-default-executor-5] INFO  impl.RaftServerImpl (ServerState.java:setRaftConf(357)) - a85e69e5-760c-4b40-a424-fc77673779df@group-AFFE1363742F: set configuration 0: [163c5688-ede5-44ab-b3bd-c5a10f730980:192.168.69.104:45225, a85e69e5-760c-4b40-a424-fc77673779df:192.168.69.104:37941, 73edb6ac-4c26-463f-ad6d-00f88e6dbd58:192.168.69.104:35488], old=null at 0
2019-10-16 05:41:03,449 [grpc-default-executor-7] INFO  impl.RaftServerImpl (ServerState.java:setRaftConf(357)) - a92c0124-0b6b-4eab-8828-4a4218b90be6@group-FD3ACD3F2F2D: set configuration 0: [f1a365c1-fe59-4a48-93c2-eb51ec4ae0f7:192.168.69.104:43934, a92c0124-0b6b-4eab-8828-4a4218b90be6:192.168.69.104:41501, 8fe94103-1ee8-4728-abac-39da8dc74e05:192.168.69.104:44899], old=null at 0
2019-10-16 05:41:03,450 [grpc-default-executor-0] INFO  segmented.SegmentedRaftLogWorker (SegmentedRaftLogWorker.java:startLogSegment(385)) - 163c5688-ede5-44ab-b3bd-c5a10f730980@group-AFFE1363742F-SegmentedRaftLogWorker: Starting segment from index:0
2019-10-16 05:41:03,450 [IPC Server handler 8 on 40478] INFO  volume.OMVolumeCreateRequest (OMVolumeCreateRequest.java:validateAndUpdateCache(193)) - created volume:datanodefailurehandlingtest for user:jenkins1000
2019-10-16 05:41:03,450 [grpc-default-executor-2] INFO  segmented.SegmentedRaftLogWorker (SegmentedRaftLogWorker.java:startLogSegment(385)) - f1a365c1-fe59-4a48-93c2-eb51ec4ae0f7@group-FD3ACD3F2F2D-SegmentedRaftLogWorker: Starting segment from index:0
2019-10-16 05:41:03,451 [8fe94103-1ee8-4728-abac-39da8dc74e05@group-FD3ACD3F2F2D-SegmentedRaftLogWorker] INFO  segmented.SegmentedRaftLogWorker (SegmentedRaftLogWorker.java:execute(576)) - 8fe94103-1ee8-4728-abac-39da8dc74e05@group-FD3ACD3F2F2D-SegmentedRaftLogWorker: created new log segment /workdir/hadoop-ozone/integration-test/target/test-dir/MiniOzoneClusterImpl-2ede335a-ebf0-4a23-bcb3-98605d830964/datanode-3/data/ratis/e1b70ff6-5c86-4e33-80e5-fd3acd3f2f2d/current/log_inprogress_0
2019-10-16 05:41:03,451 [73edb6ac-4c26-463f-ad6d-00f88e6dbd58@group-AFFE1363742F-SegmentedRaftLogWorker] INFO  segmented.SegmentedRaftLogWorker (SegmentedRaftLogWorker.java:execute(576)) - 73edb6ac-4c26-463f-ad6d-00f88e6dbd58@group-AFFE1363742F-SegmentedRaftLogWorker: created new log segment /workdir/hadoop-ozone/integration-test/target/test-dir/MiniOzoneClusterImpl-2ede335a-ebf0-4a23-bcb3-98605d830964/datanode-5/data/ratis/95272ce7-baeb-427f-b9ae-affe1363742f/current/log_inprogress_0
2019-10-16 05:41:03,490 [Thread-511] INFO  impl.FollowerState (FollowerState.java:run(108)) - ad5f0ea4-5dae-48da-9087-47ae9aef0548@group-527518A75D14-FollowerState: change to CANDIDATE, lastRpcTime:128ms, electionTimeout:120ms
2019-10-16 05:41:03,490 [Thread-505] INFO  impl.FollowerState (FollowerState.java:run(108)) - 8d41a728-337d-4af0-9cf5-a84877563a0d@group-527518A75D14-FollowerState: change to CANDIDATE, lastRpcTime:177ms, electionTimeout:160ms
2019-10-16 05:41:03,491 [Thread-511] INFO  impl.RoleInfo (RoleInfo.java:shutdownFollowerState(121)) - ad5f0ea4-5dae-48da-9087-47ae9aef0548: shutdown FollowerState
2019-10-16 05:41:03,491 [Thread-505] INFO  impl.RoleInfo (RoleInfo.java:shutdownFollowerState(121)) - 8d41a728-337d-4af0-9cf5-a84877563a0d: shutdown FollowerState
2019-10-16 05:41:03,491 [Thread-511] INFO  impl.RaftServerImpl (RaftServerImpl.java:setRole(184)) - ad5f0ea4-5dae-48da-9087-47ae9aef0548@group-527518A75D14: changes role from  FOLLOWER to CANDIDATE at term 10 for changeToCandidate
2019-10-16 05:41:03,491 [Thread-505] INFO  impl.RaftServerImpl (RaftServerImpl.java:setRole(184)) - 8d41a728-337d-4af0-9cf5-a84877563a0d@group-527518A75D14: changes role from  FOLLOWER to CANDIDATE at term 10 for changeToCandidate
2019-10-16 05:41:03,491 [Thread-505] INFO  impl.RoleInfo (RoleInfo.java:updateAndGet(143)) - 8d41a728-337d-4af0-9cf5-a84877563a0d: start LeaderElection
2019-10-16 05:41:03,491 [Thread-511] INFO  impl.RoleInfo (RoleInfo.java:updateAndGet(143)) - ad5f0ea4-5dae-48da-9087-47ae9aef0548: start LeaderElection
2019-10-16 05:41:03,498 [grpc-default-executor-7] INFO  segmented.SegmentedRaftLogWorker (SegmentedRaftLogWorker.java:truncate(401)) - a92c0124-0b6b-4eab-8828-4a4218b90be6@group-FD3ACD3F2F2D-SegmentedRaftLogWorker: Truncating segments toTruncate: null
  toDelete: [(0, 0) isOpen? true, length=0, newEndIndex=-1], start index 0
2019-10-16 05:41:03,498 [grpc-default-executor-5] INFO  segmented.SegmentedRaftLogWorker (SegmentedRaftLogWorker.java:truncate(401)) - a85e69e5-760c-4b40-a424-fc77673779df@group-AFFE1363742F-SegmentedRaftLogWorker: Truncating segments toTruncate: null
  toDelete: [(0, 0) isOpen? true, length=0, newEndIndex=-1], start index 0
2019-10-16 05:41:03,502 [grpc-default-executor-5] INFO  segmented.SegmentedRaftLogWorker (SegmentedRaftLogWorker.java:startLogSegment(385)) - a85e69e5-760c-4b40-a424-fc77673779df@group-AFFE1363742F-SegmentedRaftLogWorker: Starting segment from index:0
2019-10-16 05:41:03,502 [grpc-default-executor-7] INFO  segmented.SegmentedRaftLogWorker (SegmentedRaftLogWorker.java:startLogSegment(385)) - a92c0124-0b6b-4eab-8828-4a4218b90be6@group-FD3ACD3F2F2D-SegmentedRaftLogWorker: Starting segment from index:0
2019-10-16 05:41:03,504 [163c5688-ede5-44ab-b3bd-c5a10f730980@group-AFFE1363742F-SegmentedRaftLogWorker] INFO  segmented.SegmentedRaftLogWorker (SegmentedRaftLogWorker.java:execute(576)) - 163c5688-ede5-44ab-b3bd-c5a10f730980@group-AFFE1363742F-SegmentedRaftLogWorker: created new log segment /workdir/hadoop-ozone/integration-test/target/test-dir/MiniOzoneClusterImpl-2ede335a-ebf0-4a23-bcb3-98605d830964/datanode-9/data/ratis/95272ce7-baeb-427f-b9ae-affe1363742f/current/log_inprogress_0
2019-10-16 05:41:03,504 [f1a365c1-fe59-4a48-93c2-eb51ec4ae0f7@group-FD3ACD3F2F2D-SegmentedRaftLogWorker] INFO  segmented.SegmentedRaftLogWorker (SegmentedRaftLogWorker.java:execute(576)) - f1a365c1-fe59-4a48-93c2-eb51ec4ae0f7@group-FD3ACD3F2F2D-SegmentedRaftLogWorker: created new log segment /workdir/hadoop-ozone/integration-test/target/test-dir/MiniOzoneClusterImpl-2ede335a-ebf0-4a23-bcb3-98605d830964/datanode-0/data/ratis/e1b70ff6-5c86-4e33-80e5-fd3acd3f2f2d/current/log_inprogress_0
2019-10-16 05:41:03,504 [ad5f0ea4-5dae-48da-9087-47ae9aef0548@group-527518A75D14-LeaderElection26] INFO  impl.LeaderElection (LeaderElection.java:askForVotes(178)) - ad5f0ea4-5dae-48da-9087-47ae9aef0548@group-527518A75D14-LeaderElection26: begin an election at term 11 for -1: [ad5f0ea4-5dae-48da-9087-47ae9aef0548:192.168.69.104:41460, 8d41a728-337d-4af0-9cf5-a84877563a0d:192.168.69.104:41721, 9dd632ad-42c7-48e6-93db-e31edb4e1823:192.168.69.104:34049], old=null
2019-10-16 05:41:03,504 [8d41a728-337d-4af0-9cf5-a84877563a0d@group-527518A75D14-LeaderElection27] INFO  impl.LeaderElection (LeaderElection.java:askForVotes(178)) - 8d41a728-337d-4af0-9cf5-a84877563a0d@group-527518A75D14-LeaderElection27: begin an election at term 11 for -1: [ad5f0ea4-5dae-48da-9087-47ae9aef0548:192.168.69.104:41460, 8d41a728-337d-4af0-9cf5-a84877563a0d:192.168.69.104:41721, 9dd632ad-42c7-48e6-93db-e31edb4e1823:192.168.69.104:34049], old=null
2019-10-16 05:41:03,505 [a85e69e5-760c-4b40-a424-fc77673779df@group-AFFE1363742F-SegmentedRaftLogWorker] INFO  segmented.SegmentedRaftLogWorker (SegmentedRaftLogWorker.java:execute(640)) - a85e69e5-760c-4b40-a424-fc77673779df@group-AFFE1363742F-SegmentedRaftLogWorker: Deleted log file /workdir/hadoop-ozone/integration-test/target/test-dir/MiniOzoneClusterImpl-2ede335a-ebf0-4a23-bcb3-98605d830964/datanode-4/data/ratis/95272ce7-baeb-427f-b9ae-affe1363742f/current/log_inprogress_0
2019-10-16 05:41:03,505 [a92c0124-0b6b-4eab-8828-4a4218b90be6@group-FD3ACD3F2F2D-SegmentedRaftLogWorker] INFO  segmented.SegmentedRaftLogWorker (SegmentedRaftLogWorker.java:execute(640)) - a92c0124-0b6b-4eab-8828-4a4218b90be6@group-FD3ACD3F2F2D-SegmentedRaftLogWorker: Deleted log file /workdir/hadoop-ozone/integration-test/target/test-dir/MiniOzoneClusterImpl-2ede335a-ebf0-4a23-bcb3-98605d830964/datanode-1/data/ratis/e1b70ff6-5c86-4e33-80e5-fd3acd3f2f2d/current/log_inprogress_0
2019-10-16 05:41:03,506 [a92c0124-0b6b-4eab-8828-4a4218b90be6@group-FD3ACD3F2F2D-SegmentedRaftLogWorker] INFO  segmented.SegmentedRaftLogWorker (SegmentedRaftLogWorker.java:lambda$new$0(128)) - a92c0124-0b6b-4eab-8828-4a4218b90be6@group-FD3ACD3F2F2D-SegmentedRaftLogWorker: flushIndex: setUnconditionally 0 -> -1
2019-10-16 05:41:03,506 [a85e69e5-760c-4b40-a424-fc77673779df@group-AFFE1363742F-SegmentedRaftLogWorker] INFO  segmented.SegmentedRaftLogWorker (SegmentedRaftLogWorker.java:lambda$new$0(128)) - a85e69e5-760c-4b40-a424-fc77673779df@group-AFFE1363742F-SegmentedRaftLogWorker: flushIndex: setUnconditionally 0 -> -1
2019-10-16 05:41:03,510 [grpc-default-executor-7] INFO  impl.RaftServerImpl (RaftServerImpl.java:setRole(184)) - 9dd632ad-42c7-48e6-93db-e31edb4e1823@group-527518A75D14: changes role from  FOLLOWER to FOLLOWER at term 11 for recognizeCandidate:8d41a728-337d-4af0-9cf5-a84877563a0d
2019-10-16 05:41:03,510 [grpc-default-executor-7] INFO  impl.RoleInfo (RoleInfo.java:shutdownFollowerState(121)) - 9dd632ad-42c7-48e6-93db-e31edb4e1823: shutdown FollowerState
2019-10-16 05:41:03,510 [grpc-default-executor-7] INFO  impl.RoleInfo (RoleInfo.java:updateAndGet(143)) - 9dd632ad-42c7-48e6-93db-e31edb4e1823: start FollowerState
2019-10-16 05:41:03,510 [Thread-509] INFO  impl.FollowerState (FollowerState.java:run(117)) - 9dd632ad-42c7-48e6-93db-e31edb4e1823@group-527518A75D14-FollowerState was interrupted: java.lang.InterruptedException: sleep interrupted
2019-10-16 05:41:03,516 [main] INFO  rpc.RpcClient (RpcClient.java:createBucket(411)) - Creating Bucket: datanodefailurehandlingtest/datanodefailurehandlingtest, with Versioning false and Storage Type set to DISK and Encryption set to false 
2019-10-16 05:41:03,518 [grpc-default-executor-0] INFO  impl.RaftServerImpl (RaftServerImpl.java:setRole(184)) - 9dd632ad-42c7-48e6-93db-e31edb4e1823@group-527518A75D14: changes role from  FOLLOWER to FOLLOWER at term 11 for recognizeCandidate:ad5f0ea4-5dae-48da-9087-47ae9aef0548
2019-10-16 05:41:03,518 [grpc-default-executor-0] INFO  impl.RoleInfo (RoleInfo.java:shutdownFollowerState(121)) - 9dd632ad-42c7-48e6-93db-e31edb4e1823: shutdown FollowerState
2019-10-16 05:41:03,519 [Thread-531] INFO  impl.FollowerState (FollowerState.java:run(117)) - 9dd632ad-42c7-48e6-93db-e31edb4e1823@group-527518A75D14-FollowerState was interrupted: java.lang.InterruptedException: sleep interrupted
2019-10-16 05:41:03,519 [grpc-default-executor-0] INFO  impl.RoleInfo (RoleInfo.java:updateAndGet(143)) - 9dd632ad-42c7-48e6-93db-e31edb4e1823: start FollowerState
2019-10-16 05:41:03,520 [8d41a728-337d-4af0-9cf5-a84877563a0d@group-527518A75D14-LeaderElection27] INFO  impl.LeaderElection (LeaderElection.java:logAndReturn(56)) - 8d41a728-337d-4af0-9cf5-a84877563a0d@group-527518A75D14-LeaderElection27: Election REJECTED; received 2 response(s) [8d41a728-337d-4af0-9cf5-a84877563a0d<-ad5f0ea4-5dae-48da-9087-47ae9aef0548#0:FAIL-t11, 8d41a728-337d-4af0-9cf5-a84877563a0d<-9dd632ad-42c7-48e6-93db-e31edb4e1823#0:FAIL-t11] and 0 exception(s); 8d41a728-337d-4af0-9cf5-a84877563a0d@group-527518A75D14:t11, leader=null, voted=8d41a728-337d-4af0-9cf5-a84877563a0d, raftlog=8d41a728-337d-4af0-9cf5-a84877563a0d@group-527518A75D14-SegmentedRaftLog:OPENED:c-1,f-1,i0, conf=-1: [ad5f0ea4-5dae-48da-9087-47ae9aef0548:192.168.69.104:41460, 8d41a728-337d-4af0-9cf5-a84877563a0d:192.168.69.104:41721, 9dd632ad-42c7-48e6-93db-e31edb4e1823:192.168.69.104:34049], old=null
2019-10-16 05:41:03,520 [8d41a728-337d-4af0-9cf5-a84877563a0d@group-527518A75D14-LeaderElection27] INFO  impl.RaftServerImpl (RaftServerImpl.java:setRole(184)) - 8d41a728-337d-4af0-9cf5-a84877563a0d@group-527518A75D14: changes role from CANDIDATE to FOLLOWER at term 11 for DISCOVERED_A_NEW_TERM
2019-10-16 05:41:03,520 [8d41a728-337d-4af0-9cf5-a84877563a0d@group-527518A75D14-LeaderElection27] INFO  impl.RoleInfo (RoleInfo.java:shutdownLeaderElection(134)) - 8d41a728-337d-4af0-9cf5-a84877563a0d: shutdown LeaderElection
2019-10-16 05:41:03,520 [8d41a728-337d-4af0-9cf5-a84877563a0d@group-527518A75D14-LeaderElection27] INFO  impl.RoleInfo (RoleInfo.java:updateAndGet(143)) - 8d41a728-337d-4af0-9cf5-a84877563a0d: start FollowerState
2019-10-16 05:41:03,521 [ad5f0ea4-5dae-48da-9087-47ae9aef0548@group-527518A75D14-LeaderElection26] INFO  impl.LeaderElection (LeaderElection.java:logAndReturn(56)) - ad5f0ea4-5dae-48da-9087-47ae9aef0548@group-527518A75D14-LeaderElection26: Election REJECTED; received 2 response(s) [ad5f0ea4-5dae-48da-9087-47ae9aef0548<-8d41a728-337d-4af0-9cf5-a84877563a0d#0:FAIL-t11, ad5f0ea4-5dae-48da-9087-47ae9aef0548<-9dd632ad-42c7-48e6-93db-e31edb4e1823#0:FAIL-t11] and 0 exception(s); ad5f0ea4-5dae-48da-9087-47ae9aef0548@group-527518A75D14:t11, leader=null, voted=ad5f0ea4-5dae-48da-9087-47ae9aef0548, raftlog=ad5f0ea4-5dae-48da-9087-47ae9aef0548@group-527518A75D14-SegmentedRaftLog:OPENED:c-1,f-1,i0, conf=-1: [ad5f0ea4-5dae-48da-9087-47ae9aef0548:192.168.69.104:41460, 8d41a728-337d-4af0-9cf5-a84877563a0d:192.168.69.104:41721, 9dd632ad-42c7-48e6-93db-e31edb4e1823:192.168.69.104:34049], old=null
2019-10-16 05:41:03,550 [ad5f0ea4-5dae-48da-9087-47ae9aef0548@group-527518A75D14-LeaderElection26] INFO  impl.RaftServerImpl (RaftServerImpl.java:setRole(184)) - ad5f0ea4-5dae-48da-9087-47ae9aef0548@group-527518A75D14: changes role from CANDIDATE to FOLLOWER at term 11 for DISCOVERED_A_NEW_TERM
2019-10-16 05:41:03,550 [ad5f0ea4-5dae-48da-9087-47ae9aef0548@group-527518A75D14-LeaderElection26] INFO  impl.RoleInfo (RoleInfo.java:shutdownLeaderElection(134)) - ad5f0ea4-5dae-48da-9087-47ae9aef0548: shutdown LeaderElection
2019-10-16 05:41:03,550 [ad5f0ea4-5dae-48da-9087-47ae9aef0548@group-527518A75D14-LeaderElection26] INFO  impl.RoleInfo (RoleInfo.java:updateAndGet(143)) - ad5f0ea4-5dae-48da-9087-47ae9aef0548: start FollowerState
2019-10-16 05:41:03,562 [a85e69e5-760c-4b40-a424-fc77673779df@group-AFFE1363742F-SegmentedRaftLogWorker] INFO  segmented.SegmentedRaftLogWorker (SegmentedRaftLogWorker.java:execute(576)) - a85e69e5-760c-4b40-a424-fc77673779df@group-AFFE1363742F-SegmentedRaftLogWorker: created new log segment /workdir/hadoop-ozone/integration-test/target/test-dir/MiniOzoneClusterImpl-2ede335a-ebf0-4a23-bcb3-98605d830964/datanode-4/data/ratis/95272ce7-baeb-427f-b9ae-affe1363742f/current/log_inprogress_0
2019-10-16 05:41:03,562 [a92c0124-0b6b-4eab-8828-4a4218b90be6@group-FD3ACD3F2F2D-SegmentedRaftLogWorker] INFO  segmented.SegmentedRaftLogWorker (SegmentedRaftLogWorker.java:execute(576)) - a92c0124-0b6b-4eab-8828-4a4218b90be6@group-FD3ACD3F2F2D-SegmentedRaftLogWorker: created new log segment /workdir/hadoop-ozone/integration-test/target/test-dir/MiniOzoneClusterImpl-2ede335a-ebf0-4a23-bcb3-98605d830964/datanode-1/data/ratis/e1b70ff6-5c86-4e33-80e5-fd3acd3f2f2d/current/log_inprogress_0
2019-10-16 05:41:03,629 [Thread-535] INFO  impl.FollowerState (FollowerState.java:run(108)) - 8d41a728-337d-4af0-9cf5-a84877563a0d@group-527518A75D14-FollowerState: change to CANDIDATE, lastRpcTime:108ms, electionTimeout:108ms
2019-10-16 05:41:03,629 [Thread-535] INFO  impl.RoleInfo (RoleInfo.java:shutdownFollowerState(121)) - 8d41a728-337d-4af0-9cf5-a84877563a0d: shutdown FollowerState
2019-10-16 05:41:03,629 [Thread-535] INFO  impl.RaftServerImpl (RaftServerImpl.java:setRole(184)) - 8d41a728-337d-4af0-9cf5-a84877563a0d@group-527518A75D14: changes role from  FOLLOWER to CANDIDATE at term 11 for changeToCandidate
2019-10-16 05:41:03,629 [Thread-535] INFO  impl.RoleInfo (RoleInfo.java:updateAndGet(143)) - 8d41a728-337d-4af0-9cf5-a84877563a0d: start LeaderElection
2019-10-16 05:41:03,644 [8d41a728-337d-4af0-9cf5-a84877563a0d@group-527518A75D14-LeaderElection28] INFO  impl.LeaderElection (LeaderElection.java:askForVotes(178)) - 8d41a728-337d-4af0-9cf5-a84877563a0d@group-527518A75D14-LeaderElection28: begin an election at term 12 for -1: [ad5f0ea4-5dae-48da-9087-47ae9aef0548:192.168.69.104:41460, 8d41a728-337d-4af0-9cf5-a84877563a0d:192.168.69.104:41721, 9dd632ad-42c7-48e6-93db-e31edb4e1823:192.168.69.104:34049], old=null
2019-10-16 05:41:03,645 [Thread-536] INFO  impl.FollowerState (FollowerState.java:run(108)) - ad5f0ea4-5dae-48da-9087-47ae9aef0548@group-527518A75D14-FollowerState: change to CANDIDATE, lastRpcTime:94ms, electionTimeout:94ms
2019-10-16 05:41:03,645 [Thread-536] INFO  impl.RoleInfo (RoleInfo.java:shutdownFollowerState(121)) - ad5f0ea4-5dae-48da-9087-47ae9aef0548: shutdown FollowerState
2019-10-16 05:41:03,645 [Thread-536] INFO  impl.RaftServerImpl (RaftServerImpl.java:setRole(184)) - ad5f0ea4-5dae-48da-9087-47ae9aef0548@group-527518A75D14: changes role from  FOLLOWER to CANDIDATE at term 11 for changeToCandidate
2019-10-16 05:41:03,645 [Thread-536] INFO  impl.RoleInfo (RoleInfo.java:updateAndGet(143)) - ad5f0ea4-5dae-48da-9087-47ae9aef0548: start LeaderElection
2019-10-16 05:41:03,647 [8d41a728-337d-4af0-9cf5-a84877563a0d@group-527518A75D14-LeaderElection28] INFO  impl.LeaderElection (LeaderElection.java:logAndReturn(56)) - 8d41a728-337d-4af0-9cf5-a84877563a0d@group-527518A75D14-LeaderElection28: Election TIMEOUT; received 0 response(s) [] and 0 exception(s); 8d41a728-337d-4af0-9cf5-a84877563a0d@group-527518A75D14:t12, leader=null, voted=8d41a728-337d-4af0-9cf5-a84877563a0d, raftlog=8d41a728-337d-4af0-9cf5-a84877563a0d@group-527518A75D14-SegmentedRaftLog:OPENED:c-1,f-1,i0, conf=-1: [ad5f0ea4-5dae-48da-9087-47ae9aef0548:192.168.69.104:41460, 8d41a728-337d-4af0-9cf5-a84877563a0d:192.168.69.104:41721, 9dd632ad-42c7-48e6-93db-e31edb4e1823:192.168.69.104:34049], old=null
2019-10-16 05:41:03,648 [grpc-default-executor-0] INFO  impl.RaftServerImpl (RaftServerImpl.java:setRole(184)) - 9dd632ad-42c7-48e6-93db-e31edb4e1823@group-527518A75D14: changes role from  FOLLOWER to FOLLOWER at term 12 for recognizeCandidate:8d41a728-337d-4af0-9cf5-a84877563a0d
2019-10-16 05:41:03,649 [grpc-default-executor-0] INFO  impl.RoleInfo (RoleInfo.java:shutdownFollowerState(121)) - 9dd632ad-42c7-48e6-93db-e31edb4e1823: shutdown FollowerState
2019-10-16 05:41:03,649 [grpc-default-executor-0] INFO  impl.RoleInfo (RoleInfo.java:updateAndGet(143)) - 9dd632ad-42c7-48e6-93db-e31edb4e1823: start FollowerState
2019-10-16 05:41:03,649 [Thread-534] INFO  impl.FollowerState (FollowerState.java:run(117)) - 9dd632ad-42c7-48e6-93db-e31edb4e1823@group-527518A75D14-FollowerState was interrupted: java.lang.InterruptedException: sleep interrupted
2019-10-16 05:41:03,660 [8d41a728-337d-4af0-9cf5-a84877563a0d@group-527518A75D14-LeaderElection28] INFO  impl.LeaderElection (LeaderElection.java:askForVotes(178)) - 8d41a728-337d-4af0-9cf5-a84877563a0d@group-527518A75D14-LeaderElection28: begin an election at term 13 for -1: [ad5f0ea4-5dae-48da-9087-47ae9aef0548:192.168.69.104:41460, 8d41a728-337d-4af0-9cf5-a84877563a0d:192.168.69.104:41721, 9dd632ad-42c7-48e6-93db-e31edb4e1823:192.168.69.104:34049], old=null
2019-10-16 05:41:03,660 [ad5f0ea4-5dae-48da-9087-47ae9aef0548@group-527518A75D14-LeaderElection29] INFO  impl.LeaderElection (LeaderElection.java:askForVotes(178)) - ad5f0ea4-5dae-48da-9087-47ae9aef0548@group-527518A75D14-LeaderElection29: begin an election at term 12 for -1: [ad5f0ea4-5dae-48da-9087-47ae9aef0548:192.168.69.104:41460, 8d41a728-337d-4af0-9cf5-a84877563a0d:192.168.69.104:41721, 9dd632ad-42c7-48e6-93db-e31edb4e1823:192.168.69.104:34049], old=null
2019-10-16 05:41:03,664 [grpc-default-executor-7] INFO  impl.RaftServerImpl (RaftServerImpl.java:setRole(184)) - ad5f0ea4-5dae-48da-9087-47ae9aef0548@group-527518A75D14: changes role from CANDIDATE to FOLLOWER at term 13 for recognizeCandidate:8d41a728-337d-4af0-9cf5-a84877563a0d
2019-10-16 05:41:03,664 [grpc-default-executor-7] INFO  impl.RoleInfo (RoleInfo.java:shutdownLeaderElection(134)) - ad5f0ea4-5dae-48da-9087-47ae9aef0548: shutdown LeaderElection
2019-10-16 05:41:03,664 [grpc-default-executor-7] INFO  impl.RoleInfo (RoleInfo.java:updateAndGet(143)) - ad5f0ea4-5dae-48da-9087-47ae9aef0548: start FollowerState
2019-10-16 05:41:03,664 [grpc-default-executor-0] INFO  impl.RaftServerImpl (RaftServerImpl.java:setRole(184)) - 9dd632ad-42c7-48e6-93db-e31edb4e1823@group-527518A75D14: changes role from  FOLLOWER to FOLLOWER at term 13 for recognizeCandidate:8d41a728-337d-4af0-9cf5-a84877563a0d
2019-10-16 05:41:03,664 [grpc-default-executor-0] INFO  impl.RoleInfo (RoleInfo.java:shutdownFollowerState(121)) - 9dd632ad-42c7-48e6-93db-e31edb4e1823: shutdown FollowerState
2019-10-16 05:41:03,665 [grpc-default-executor-0] INFO  impl.RoleInfo (RoleInfo.java:updateAndGet(143)) - 9dd632ad-42c7-48e6-93db-e31edb4e1823: start FollowerState
2019-10-16 05:41:03,665 [Thread-544] INFO  impl.FollowerState (FollowerState.java:run(117)) - 9dd632ad-42c7-48e6-93db-e31edb4e1823@group-527518A75D14-FollowerState was interrupted: java.lang.InterruptedException: sleep interrupted
2019-10-16 05:41:03,667 [ad5f0ea4-5dae-48da-9087-47ae9aef0548@group-527518A75D14-LeaderElection29] INFO  impl.LeaderElection (LeaderElection.java:logAndReturn(56)) - ad5f0ea4-5dae-48da-9087-47ae9aef0548@group-527518A75D14-LeaderElection29: Election DISCOVERED_A_NEW_TERM; received 1 response(s) [ad5f0ea4-5dae-48da-9087-47ae9aef0548<-8d41a728-337d-4af0-9cf5-a84877563a0d#0:FAIL-t13] and 0 exception(s); ad5f0ea4-5dae-48da-9087-47ae9aef0548@group-527518A75D14:t13, leader=null, voted=null, raftlog=ad5f0ea4-5dae-48da-9087-47ae9aef0548@group-527518A75D14-SegmentedRaftLog:OPENED:c-1,f-1,i0, conf=-1: [ad5f0ea4-5dae-48da-9087-47ae9aef0548:192.168.69.104:41460, 8d41a728-337d-4af0-9cf5-a84877563a0d:192.168.69.104:41721, 9dd632ad-42c7-48e6-93db-e31edb4e1823:192.168.69.104:34049], old=null
2019-10-16 05:41:03,679 [8d41a728-337d-4af0-9cf5-a84877563a0d@group-527518A75D14-LeaderElection28] INFO  impl.LeaderElection (LeaderElection.java:logAndReturn(56)) - 8d41a728-337d-4af0-9cf5-a84877563a0d@group-527518A75D14-LeaderElection28: Election REJECTED; received 2 response(s) [8d41a728-337d-4af0-9cf5-a84877563a0d<-ad5f0ea4-5dae-48da-9087-47ae9aef0548#0:FAIL-t13, 8d41a728-337d-4af0-9cf5-a84877563a0d<-9dd632ad-42c7-48e6-93db-e31edb4e1823#0:FAIL-t13] and 0 exception(s); 8d41a728-337d-4af0-9cf5-a84877563a0d@group-527518A75D14:t13, leader=null, voted=8d41a728-337d-4af0-9cf5-a84877563a0d, raftlog=8d41a728-337d-4af0-9cf5-a84877563a0d@group-527518A75D14-SegmentedRaftLog:OPENED:c-1,f-1,i0, conf=-1: [ad5f0ea4-5dae-48da-9087-47ae9aef0548:192.168.69.104:41460, 8d41a728-337d-4af0-9cf5-a84877563a0d:192.168.69.104:41721, 9dd632ad-42c7-48e6-93db-e31edb4e1823:192.168.69.104:34049], old=null
2019-10-16 05:41:03,679 [8d41a728-337d-4af0-9cf5-a84877563a0d@group-527518A75D14-LeaderElection28] INFO  impl.RaftServerImpl (RaftServerImpl.java:setRole(184)) - 8d41a728-337d-4af0-9cf5-a84877563a0d@group-527518A75D14: changes role from CANDIDATE to FOLLOWER at term 13 for DISCOVERED_A_NEW_TERM
2019-10-16 05:41:03,679 [8d41a728-337d-4af0-9cf5-a84877563a0d@group-527518A75D14-LeaderElection28] INFO  impl.RoleInfo (RoleInfo.java:shutdownLeaderElection(134)) - 8d41a728-337d-4af0-9cf5-a84877563a0d: shutdown LeaderElection
2019-10-16 05:41:03,680 [8d41a728-337d-4af0-9cf5-a84877563a0d@group-527518A75D14-LeaderElection28] INFO  impl.RoleInfo (RoleInfo.java:updateAndGet(143)) - 8d41a728-337d-4af0-9cf5-a84877563a0d: start FollowerState
2019-10-16 05:41:03,716 [Thread-549] INFO  impl.FollowerState (FollowerState.java:run(108)) - ad5f0ea4-5dae-48da-9087-47ae9aef0548@group-527518A75D14-FollowerState: change to CANDIDATE, lastRpcTime:52ms, electionTimeout:52ms
2019-10-16 05:41:03,717 [Thread-549] INFO  impl.RoleInfo (RoleInfo.java:shutdownFollowerState(121)) - ad5f0ea4-5dae-48da-9087-47ae9aef0548: shutdown FollowerState
2019-10-16 05:41:03,717 [Thread-549] INFO  impl.RaftServerImpl (RaftServerImpl.java:setRole(184)) - ad5f0ea4-5dae-48da-9087-47ae9aef0548@group-527518A75D14: changes role from  FOLLOWER to CANDIDATE at term 13 for changeToCandidate
2019-10-16 05:41:03,717 [Thread-549] INFO  impl.RoleInfo (RoleInfo.java:updateAndGet(143)) - ad5f0ea4-5dae-48da-9087-47ae9aef0548: start LeaderElection
2019-10-16 05:41:03,732 [ad5f0ea4-5dae-48da-9087-47ae9aef0548@group-527518A75D14-LeaderElection30] INFO  impl.LeaderElection (LeaderElection.java:askForVotes(178)) - ad5f0ea4-5dae-48da-9087-47ae9aef0548@group-527518A75D14-LeaderElection30: begin an election at term 14 for -1: [ad5f0ea4-5dae-48da-9087-47ae9aef0548:192.168.69.104:41460, 8d41a728-337d-4af0-9cf5-a84877563a0d:192.168.69.104:41721, 9dd632ad-42c7-48e6-93db-e31edb4e1823:192.168.69.104:34049], old=null
2019-10-16 05:41:03,735 [grpc-default-executor-5] INFO  impl.RaftServerImpl (RaftServerImpl.java:setRole(184)) - 9dd632ad-42c7-48e6-93db-e31edb4e1823@group-527518A75D14: changes role from  FOLLOWER to FOLLOWER at term 14 for recognizeCandidate:ad5f0ea4-5dae-48da-9087-47ae9aef0548
2019-10-16 05:41:03,736 [grpc-default-executor-5] INFO  impl.RoleInfo (RoleInfo.java:shutdownFollowerState(121)) - 9dd632ad-42c7-48e6-93db-e31edb4e1823: shutdown FollowerState
2019-10-16 05:41:03,736 [Thread-550] INFO  impl.FollowerState (FollowerState.java:run(117)) - 9dd632ad-42c7-48e6-93db-e31edb4e1823@group-527518A75D14-FollowerState was interrupted: java.lang.InterruptedException: sleep interrupted
2019-10-16 05:41:03,736 [grpc-default-executor-5] INFO  impl.RoleInfo (RoleInfo.java:updateAndGet(143)) - 9dd632ad-42c7-48e6-93db-e31edb4e1823: start FollowerState
2019-10-16 05:41:03,736 [grpc-default-executor-7] INFO  impl.RaftServerImpl (RaftServerImpl.java:setRole(184)) - 8d41a728-337d-4af0-9cf5-a84877563a0d@group-527518A75D14: changes role from  FOLLOWER to FOLLOWER at term 14 for recognizeCandidate:ad5f0ea4-5dae-48da-9087-47ae9aef0548
2019-10-16 05:41:03,736 [grpc-default-executor-7] INFO  impl.RoleInfo (RoleInfo.java:shutdownFollowerState(121)) - 8d41a728-337d-4af0-9cf5-a84877563a0d: shutdown FollowerState
2019-10-16 05:41:03,737 [Thread-551] INFO  impl.FollowerState (FollowerState.java:run(117)) - 8d41a728-337d-4af0-9cf5-a84877563a0d@group-527518A75D14-FollowerState was interrupted: java.lang.InterruptedException: sleep interrupted
2019-10-16 05:41:03,737 [grpc-default-executor-7] INFO  impl.RoleInfo (RoleInfo.java:updateAndGet(143)) - 8d41a728-337d-4af0-9cf5-a84877563a0d: start FollowerState
2019-10-16 05:41:03,752 [ad5f0ea4-5dae-48da-9087-47ae9aef0548@group-527518A75D14-LeaderElection30] INFO  impl.LeaderElection (LeaderElection.java:logAndReturn(56)) - ad5f0ea4-5dae-48da-9087-47ae9aef0548@group-527518A75D14-LeaderElection30: Election PASSED; received 2 response(s) [ad5f0ea4-5dae-48da-9087-47ae9aef0548<-8d41a728-337d-4af0-9cf5-a84877563a0d#0:OK-t14, ad5f0ea4-5dae-48da-9087-47ae9aef0548<-9dd632ad-42c7-48e6-93db-e31edb4e1823#0:FAIL-t14] and 0 exception(s); ad5f0ea4-5dae-48da-9087-47ae9aef0548@group-527518A75D14:t14, leader=null, voted=ad5f0ea4-5dae-48da-9087-47ae9aef0548, raftlog=ad5f0ea4-5dae-48da-9087-47ae9aef0548@group-527518A75D14-SegmentedRaftLog:OPENED:c-1,f-1,i0, conf=-1: [ad5f0ea4-5dae-48da-9087-47ae9aef0548:192.168.69.104:41460, 8d41a728-337d-4af0-9cf5-a84877563a0d:192.168.69.104:41721, 9dd632ad-42c7-48e6-93db-e31edb4e1823:192.168.69.104:34049], old=null
2019-10-16 05:41:03,752 [ad5f0ea4-5dae-48da-9087-47ae9aef0548@group-527518A75D14-LeaderElection30] INFO  impl.RoleInfo (RoleInfo.java:shutdownLeaderElection(134)) - ad5f0ea4-5dae-48da-9087-47ae9aef0548: shutdown LeaderElection
2019-10-16 05:41:03,752 [ad5f0ea4-5dae-48da-9087-47ae9aef0548@group-527518A75D14-LeaderElection30] INFO  impl.RaftServerImpl (RaftServerImpl.java:setRole(184)) - ad5f0ea4-5dae-48da-9087-47ae9aef0548@group-527518A75D14: changes role from CANDIDATE to LEADER at term 14 for changeToLeader
2019-10-16 05:41:03,752 [ad5f0ea4-5dae-48da-9087-47ae9aef0548@group-527518A75D14-LeaderElection30] INFO  impl.RaftServerImpl (ServerState.java:setLeader(256)) - ad5f0ea4-5dae-48da-9087-47ae9aef0548@group-527518A75D14: change Leader from null to ad5f0ea4-5dae-48da-9087-47ae9aef0548 at term 14 for becomeLeader, leader elected after 2078ms
2019-10-16 05:41:03,752 [ad5f0ea4-5dae-48da-9087-47ae9aef0548@group-527518A75D14-LeaderElection30] INFO  server.RaftServerConfigKeys (ConfUtils.java:logGet(43)) - raft.server.staging.catchup.gap = 1000 (default)
2019-10-16 05:41:03,753 [ad5f0ea4-5dae-48da-9087-47ae9aef0548@group-527518A75D14-LeaderElection30] INFO  server.RaftServerConfigKeys (ConfUtils.java:logGet(43)) - raft.server.rpc.sleep.time = 25ms (default)
2019-10-16 05:41:03,753 [ad5f0ea4-5dae-48da-9087-47ae9aef0548@group-527518A75D14-LeaderElection30] INFO  server.RaftServerConfigKeys (ConfUtils.java:logGet(43)) - raft.server.write.element-limit = 4096 (default)
2019-10-16 05:41:03,753 [ad5f0ea4-5dae-48da-9087-47ae9aef0548@group-527518A75D14-LeaderElection30] INFO  server.RaftServerConfigKeys (ConfUtils.java:logGet(43)) - raft.server.watch.timeout = 10s (default)
2019-10-16 05:41:03,753 [ad5f0ea4-5dae-48da-9087-47ae9aef0548@group-527518A75D14-LeaderElection30] INFO  server.RaftServerConfigKeys (ConfUtils.java:logGet(43)) - raft.server.watch.timeout.denomination = 1s (default)
2019-10-16 05:41:03,753 [ad5f0ea4-5dae-48da-9087-47ae9aef0548@group-527518A75D14-LeaderElection30] INFO  server.RaftServerConfigKeys (ConfUtils.java:logGet(43)) - raft.server.watch.element-limit = 65536 (default)
2019-10-16 05:41:03,756 [ad5f0ea4-5dae-48da-9087-47ae9aef0548@group-527518A75D14-LeaderElection30] INFO  server.RaftServerConfigKeys (ConfUtils.java:logGet(43)) - raft.server.log.appender.snapshot.chunk.size.max = 16MB (=16777216) (default)
2019-10-16 05:41:03,756 [ad5f0ea4-5dae-48da-9087-47ae9aef0548@group-527518A75D14-LeaderElection30] INFO  server.RaftServerConfigKeys (ConfUtils.java:logGet(43)) - raft.server.log.appender.buffer.byte-limit = 33554432 (custom)
2019-10-16 05:41:03,757 [ad5f0ea4-5dae-48da-9087-47ae9aef0548@group-527518A75D14-LeaderElection30] INFO  server.RaftServerConfigKeys (ConfUtils.java:logGet(43)) - raft.server.log.appender.buffer.element-limit = 1 (custom)
2019-10-16 05:41:03,757 [ad5f0ea4-5dae-48da-9087-47ae9aef0548@group-527518A75D14-LeaderElection30] INFO  grpc.GrpcConfigKeys$Server (ConfUtils.java:logGet(43)) - raft.grpc.server.leader.outstanding.appends.max = 128 (default)
2019-10-16 05:41:03,757 [ad5f0ea4-5dae-48da-9087-47ae9aef0548@group-527518A75D14-LeaderElection30] INFO  server.RaftServerConfigKeys (ConfUtils.java:logGet(43)) - raft.server.rpc.request.timeout = 3000ms (default)
2019-10-16 05:41:03,757 [ad5f0ea4-5dae-48da-9087-47ae9aef0548@group-527518A75D14-LeaderElection30] INFO  server.RaftServerConfigKeys (ConfUtils.java:logGet(43)) - raft.server.log.appender.install.snapshot.enabled = false (custom)
2019-10-16 05:41:03,760 [ad5f0ea4-5dae-48da-9087-47ae9aef0548@group-527518A75D14-LeaderElection30] INFO  server.RaftServerConfigKeys (ConfUtils.java:logGet(43)) - raft.server.log.appender.snapshot.chunk.size.max = 16MB (=16777216) (default)
2019-10-16 05:41:03,760 [ad5f0ea4-5dae-48da-9087-47ae9aef0548@group-527518A75D14-LeaderElection30] INFO  server.RaftServerConfigKeys (ConfUtils.java:logGet(43)) - raft.server.log.appender.buffer.byte-limit = 33554432 (custom)
2019-10-16 05:41:03,760 [ad5f0ea4-5dae-48da-9087-47ae9aef0548@group-527518A75D14-LeaderElection30] INFO  server.RaftServerConfigKeys (ConfUtils.java:logGet(43)) - raft.server.log.appender.buffer.element-limit = 1 (custom)
2019-10-16 05:41:03,760 [ad5f0ea4-5dae-48da-9087-47ae9aef0548@group-527518A75D14-LeaderElection30] INFO  grpc.GrpcConfigKeys$Server (ConfUtils.java:logGet(43)) - raft.grpc.server.leader.outstanding.appends.max = 128 (default)
2019-10-16 05:41:03,760 [ad5f0ea4-5dae-48da-9087-47ae9aef0548@group-527518A75D14-LeaderElection30] INFO  server.RaftServerConfigKeys (ConfUtils.java:logGet(43)) - raft.server.rpc.request.timeout = 3000ms (default)
2019-10-16 05:41:03,761 [ad5f0ea4-5dae-48da-9087-47ae9aef0548@group-527518A75D14-LeaderElection30] INFO  server.RaftServerConfigKeys (ConfUtils.java:logGet(43)) - raft.server.log.appender.install.snapshot.enabled = false (custom)
2019-10-16 05:41:03,763 [ad5f0ea4-5dae-48da-9087-47ae9aef0548@group-527518A75D14-LeaderElection30] INFO  impl.RoleInfo (RoleInfo.java:updateAndGet(143)) - ad5f0ea4-5dae-48da-9087-47ae9aef0548: start LeaderState
2019-10-16 05:41:03,763 [ad5f0ea4-5dae-48da-9087-47ae9aef0548@group-527518A75D14-LeaderElection30] INFO  segmented.SegmentedRaftLogWorker (SegmentedRaftLogWorker.java:startLogSegment(385)) - ad5f0ea4-5dae-48da-9087-47ae9aef0548@group-527518A75D14-SegmentedRaftLogWorker: Starting segment from index:0
2019-10-16 05:41:03,764 [ad5f0ea4-5dae-48da-9087-47ae9aef0548@group-527518A75D14-LeaderElection30] INFO  impl.RaftServerImpl (ServerState.java:setRaftConf(357)) - ad5f0ea4-5dae-48da-9087-47ae9aef0548@group-527518A75D14: set configuration 0: [ad5f0ea4-5dae-48da-9087-47ae9aef0548:192.168.69.104:41460, 8d41a728-337d-4af0-9cf5-a84877563a0d:192.168.69.104:41721, 9dd632ad-42c7-48e6-93db-e31edb4e1823:192.168.69.104:34049], old=null at 0
2019-10-16 05:41:03,793 [grpc-default-executor-7] INFO  impl.RaftServerImpl (ServerState.java:setLeader(256)) - 9dd632ad-42c7-48e6-93db-e31edb4e1823@group-527518A75D14: change Leader from null to ad5f0ea4-5dae-48da-9087-47ae9aef0548 at term 14 for appendEntries, leader elected after 1538ms
2019-10-16 05:41:03,793 [grpc-default-executor-5] INFO  impl.RaftServerImpl (ServerState.java:setLeader(256)) - 8d41a728-337d-4af0-9cf5-a84877563a0d@group-527518A75D14: change Leader from null to ad5f0ea4-5dae-48da-9087-47ae9aef0548 at term 14 for appendEntries, leader elected after 2119ms
2019-10-16 05:41:03,797 [grpc-default-executor-5] INFO  impl.RaftServerImpl (ServerState.java:setRaftConf(357)) - 9dd632ad-42c7-48e6-93db-e31edb4e1823@group-527518A75D14: set configuration 0: [ad5f0ea4-5dae-48da-9087-47ae9aef0548:192.168.69.104:41460, 8d41a728-337d-4af0-9cf5-a84877563a0d:192.168.69.104:41721, 9dd632ad-42c7-48e6-93db-e31edb4e1823:192.168.69.104:34049], old=null at 0
2019-10-16 05:41:03,797 [grpc-default-executor-7] INFO  impl.RaftServerImpl (ServerState.java:setRaftConf(357)) - 8d41a728-337d-4af0-9cf5-a84877563a0d@group-527518A75D14: set configuration 0: [ad5f0ea4-5dae-48da-9087-47ae9aef0548:192.168.69.104:41460, 8d41a728-337d-4af0-9cf5-a84877563a0d:192.168.69.104:41721, 9dd632ad-42c7-48e6-93db-e31edb4e1823:192.168.69.104:34049], old=null at 0
2019-10-16 05:41:03,797 [grpc-default-executor-5] INFO  segmented.SegmentedRaftLogWorker (SegmentedRaftLogWorker.java:truncate(401)) - 9dd632ad-42c7-48e6-93db-e31edb4e1823@group-527518A75D14-SegmentedRaftLogWorker: Truncating segments toTruncate: null
  toDelete: [(0, 0) isOpen? true, length=0, newEndIndex=-1], start index 0
2019-10-16 05:41:03,798 [grpc-default-executor-7] INFO  segmented.SegmentedRaftLogWorker (SegmentedRaftLogWorker.java:startLogSegment(385)) - 8d41a728-337d-4af0-9cf5-a84877563a0d@group-527518A75D14-SegmentedRaftLogWorker: Starting segment from index:0
2019-10-16 05:41:03,798 [grpc-default-executor-5] INFO  segmented.SegmentedRaftLogWorker (SegmentedRaftLogWorker.java:startLogSegment(385)) - 9dd632ad-42c7-48e6-93db-e31edb4e1823@group-527518A75D14-SegmentedRaftLogWorker: Starting segment from index:0
2019-10-16 05:41:03,798 [9dd632ad-42c7-48e6-93db-e31edb4e1823@group-527518A75D14-SegmentedRaftLogWorker] INFO  segmented.SegmentedRaftLogWorker (SegmentedRaftLogWorker.java:execute(640)) - 9dd632ad-42c7-48e6-93db-e31edb4e1823@group-527518A75D14-SegmentedRaftLogWorker: Deleted log file /workdir/hadoop-ozone/integration-test/target/test-dir/MiniOzoneClusterImpl-2ede335a-ebf0-4a23-bcb3-98605d830964/datanode-2/data/ratis/fe15bb06-241c-4554-b82b-527518a75d14/current/log_inprogress_0
2019-10-16 05:41:03,798 [9dd632ad-42c7-48e6-93db-e31edb4e1823@group-527518A75D14-SegmentedRaftLogWorker] INFO  segmented.SegmentedRaftLogWorker (SegmentedRaftLogWorker.java:lambda$new$0(128)) - 9dd632ad-42c7-48e6-93db-e31edb4e1823@group-527518A75D14-SegmentedRaftLogWorker: flushIndex: setUnconditionally 0 -> -1
2019-10-16 05:41:03,805 [ad5f0ea4-5dae-48da-9087-47ae9aef0548@group-527518A75D14-SegmentedRaftLogWorker] INFO  segmented.SegmentedRaftLogWorker (SegmentedRaftLogWorker.java:execute(576)) - ad5f0ea4-5dae-48da-9087-47ae9aef0548@group-527518A75D14-SegmentedRaftLogWorker: created new log segment /workdir/hadoop-ozone/integration-test/target/test-dir/MiniOzoneClusterImpl-2ede335a-ebf0-4a23-bcb3-98605d830964/datanode-6/data/ratis/fe15bb06-241c-4554-b82b-527518a75d14/current/log_inprogress_0
2019-10-16 05:41:03,837 [8d41a728-337d-4af0-9cf5-a84877563a0d@group-527518A75D14-SegmentedRaftLogWorker] INFO  segmented.SegmentedRaftLogWorker (SegmentedRaftLogWorker.java:execute(576)) - 8d41a728-337d-4af0-9cf5-a84877563a0d@group-527518A75D14-SegmentedRaftLogWorker: created new log segment /workdir/hadoop-ozone/integration-test/target/test-dir/MiniOzoneClusterImpl-2ede335a-ebf0-4a23-bcb3-98605d830964/datanode-8/data/ratis/fe15bb06-241c-4554-b82b-527518a75d14/current/log_inprogress_0
2019-10-16 05:41:03,837 [9dd632ad-42c7-48e6-93db-e31edb4e1823@group-527518A75D14-SegmentedRaftLogWorker] INFO  segmented.SegmentedRaftLogWorker (SegmentedRaftLogWorker.java:execute(576)) - 9dd632ad-42c7-48e6-93db-e31edb4e1823@group-527518A75D14-SegmentedRaftLogWorker: created new log segment /workdir/hadoop-ozone/integration-test/target/test-dir/MiniOzoneClusterImpl-2ede335a-ebf0-4a23-bcb3-98605d830964/datanode-2/data/ratis/fe15bb06-241c-4554-b82b-527518a75d14/current/log_inprogress_0
2019-10-16 05:41:03,935 [main] INFO  impl.MetricsSystemImpl (MetricsSystemImpl.java:init(158)) - XceiverClientMetrics metrics system started (again)
2019-10-16 05:41:06,304 [Datanode State Machine Thread - 0] INFO  statemachine.DatanodeStateMachine (DatanodeStateMachine.java:lambda$startDaemon$0(350)) - Ozone container server started.
2019-10-16 05:41:10,688 [main] INFO  ozoneimpl.OzoneContainer (OzoneContainer.java:stop(227)) - Attempting to stop container services.
2019-10-16 05:41:10,689 [main] INFO  impl.RaftServerProxy (RaftServerProxy.java:lambda$close$4(314)) - 163c5688-ede5-44ab-b3bd-c5a10f730980: close
2019-10-16 05:41:10,691 [main] INFO  impl.RaftServerImpl (RaftServerImpl.java:lambda$shutdown$3(261)) - 163c5688-ede5-44ab-b3bd-c5a10f730980@group-79A52924169B: shutdown
2019-10-16 05:41:10,691 [ForkJoinPool.commonPool-worker-1] INFO  impl.RaftServerImpl (RaftServerImpl.java:lambda$shutdown$3(261)) - 163c5688-ede5-44ab-b3bd-c5a10f730980@group-AFFE1363742F: shutdown
2019-10-16 05:41:10,691 [main] INFO  util.JmxRegister (JmxRegister.java:unregister(73)) - Successfully un-registered JMX Bean with object name Ratis:service=RaftServer,group=group-79A52924169B,id=163c5688-ede5-44ab-b3bd-c5a10f730980
2019-10-16 05:41:10,692 [ForkJoinPool.commonPool-worker-1] INFO  util.JmxRegister (JmxRegister.java:unregister(73)) - Successfully un-registered JMX Bean with object name Ratis:service=RaftServer,group=group-AFFE1363742F,id=163c5688-ede5-44ab-b3bd-c5a10f730980
2019-10-16 05:41:10,692 [main] INFO  impl.RoleInfo (RoleInfo.java:shutdownLeaderState(104)) - 163c5688-ede5-44ab-b3bd-c5a10f730980: shutdown LeaderState
2019-10-16 05:41:10,692 [ForkJoinPool.commonPool-worker-1] INFO  impl.RoleInfo (RoleInfo.java:shutdownFollowerState(121)) - 163c5688-ede5-44ab-b3bd-c5a10f730980: shutdown FollowerState
2019-10-16 05:41:10,692 [main] INFO  impl.PendingRequests (PendingRequests.java:sendNotLeaderResponses(202)) - 163c5688-ede5-44ab-b3bd-c5a10f730980@group-79A52924169B-PendingRequests: sendNotLeaderResponses
2019-10-16 05:41:10,693 [ForkJoinPool.commonPool-worker-1] INFO  impl.StateMachineUpdater (StateMachineUpdater.java:stopAndJoin(136)) - 163c5688-ede5-44ab-b3bd-c5a10f730980@group-AFFE1363742F-StateMachineUpdater: set stopIndex = 16
2019-10-16 05:41:10,693 [Thread-507] INFO  impl.FollowerState (FollowerState.java:run(117)) - 163c5688-ede5-44ab-b3bd-c5a10f730980@group-AFFE1363742F-FollowerState was interrupted: java.lang.InterruptedException: sleep interrupted
2019-10-16 05:41:10,693 [main] INFO  impl.StateMachineUpdater (StateMachineUpdater.java:stopAndJoin(136)) - 163c5688-ede5-44ab-b3bd-c5a10f730980@group-79A52924169B-StateMachineUpdater: set stopIndex = 0
2019-10-16 05:41:10,693 [163c5688-ede5-44ab-b3bd-c5a10f730980@group-AFFE1363742F-StateMachineUpdater] INFO  ratis.ContainerStateMachine (ContainerStateMachine.java:takeSnapshot(294)) - group-AFFE1363742F: Taking a snapshot at:(t:11, i:14) file /workdir/hadoop-ozone/integration-test/target/test-dir/MiniOzoneClusterImpl-2ede335a-ebf0-4a23-bcb3-98605d830964/datanode-9/data/ratis/95272ce7-baeb-427f-b9ae-affe1363742f/sm/snapshot.11_14
2019-10-16 05:41:10,697 [main] INFO  impl.RaftServerImpl (ServerState.java:close(388)) - 163c5688-ede5-44ab-b3bd-c5a10f730980@group-79A52924169B: closes. applyIndex: 0
2019-10-16 05:41:10,698 [163c5688-ede5-44ab-b3bd-c5a10f730980@group-79A52924169B-SegmentedRaftLogWorker] INFO  segmented.SegmentedRaftLogWorker (SegmentedRaftLogWorker.java:run(316)) - 163c5688-ede5-44ab-b3bd-c5a10f730980@group-79A52924169B-SegmentedRaftLogWorker was interrupted, exiting. There are 0 tasks remaining in the queue.
2019-10-16 05:41:10,703 [main] INFO  segmented.SegmentedRaftLogWorker (SegmentedRaftLogWorker.java:close(224)) - 163c5688-ede5-44ab-b3bd-c5a10f730980@group-79A52924169B-SegmentedRaftLogWorker close()
2019-10-16 05:41:10,805 [163c5688-ede5-44ab-b3bd-c5a10f730980@group-AFFE1363742F-StateMachineUpdater] INFO  ratis.ContainerStateMachine (ContainerStateMachine.java:takeSnapshot(305)) - group-AFFE1363742F: Finished taking a snapshot at:(t:11, i:14) file:/workdir/hadoop-ozone/integration-test/target/test-dir/MiniOzoneClusterImpl-2ede335a-ebf0-4a23-bcb3-98605d830964/datanode-9/data/ratis/95272ce7-baeb-427f-b9ae-affe1363742f/sm/snapshot.11_14 time:113
2019-10-16 05:41:10,806 [163c5688-ede5-44ab-b3bd-c5a10f730980@group-AFFE1363742F-StateMachineUpdater] INFO  impl.StateMachineUpdater (StateMachineUpdater.java:takeSnapshot(269)) - 163c5688-ede5-44ab-b3bd-c5a10f730980@group-AFFE1363742F-StateMachineUpdater: Took a snapshot at index 14
2019-10-16 05:41:10,806 [163c5688-ede5-44ab-b3bd-c5a10f730980@group-AFFE1363742F-StateMachineUpdater] INFO  impl.StateMachineUpdater (StateMachineUpdater.java:lambda$new$0(84)) - 163c5688-ede5-44ab-b3bd-c5a10f730980@group-AFFE1363742F-StateMachineUpdater: snapshotIndex: updateIncreasingly -1 -> 14
2019-10-16 05:41:10,812 [163c5688-ede5-44ab-b3bd-c5a10f730980@group-AFFE1363742F-StateMachineUpdater] INFO  ratis.ContainerStateMachine (ContainerStateMachine.java:takeSnapshot(294)) - group-AFFE1363742F: Taking a snapshot at:(t:11, i:14) file /workdir/hadoop-ozone/integration-test/target/test-dir/MiniOzoneClusterImpl-2ede335a-ebf0-4a23-bcb3-98605d830964/datanode-9/data/ratis/95272ce7-baeb-427f-b9ae-affe1363742f/sm/snapshot.11_14
2019-10-16 05:41:10,824 [163c5688-ede5-44ab-b3bd-c5a10f730980@group-AFFE1363742F-StateMachineUpdater] INFO  ratis.ContainerStateMachine (ContainerStateMachine.java:takeSnapshot(305)) - group-AFFE1363742F: Finished taking a snapshot at:(t:11, i:14) file:/workdir/hadoop-ozone/integration-test/target/test-dir/MiniOzoneClusterImpl-2ede335a-ebf0-4a23-bcb3-98605d830964/datanode-9/data/ratis/95272ce7-baeb-427f-b9ae-affe1363742f/sm/snapshot.11_14 time:12
2019-10-16 05:41:10,825 [163c5688-ede5-44ab-b3bd-c5a10f730980@group-AFFE1363742F-StateMachineUpdater] INFO  impl.StateMachineUpdater (StateMachineUpdater.java:takeSnapshot(269)) - 163c5688-ede5-44ab-b3bd-c5a10f730980@group-AFFE1363742F-StateMachineUpdater: Took a snapshot at index 14
2019-10-16 05:41:10,825 [163c5688-ede5-44ab-b3bd-c5a10f730980@group-AFFE1363742F-StateMachineUpdater] INFO  impl.StateMachineUpdater (StateMachineUpdater.java:lambda$new$0(84)) - 163c5688-ede5-44ab-b3bd-c5a10f730980@group-AFFE1363742F-StateMachineUpdater: snapshotIndex: updateIncreasingly 14 -> 14
2019-10-16 05:41:10,825 [ForkJoinPool.commonPool-worker-1] INFO  impl.RaftServerImpl (ServerState.java:close(388)) - 163c5688-ede5-44ab-b3bd-c5a10f730980@group-AFFE1363742F: closes. applyIndex: 16
2019-10-16 05:41:10,825 [163c5688-ede5-44ab-b3bd-c5a10f730980@group-AFFE1363742F-SegmentedRaftLogWorker] INFO  segmented.SegmentedRaftLogWorker (SegmentedRaftLogWorker.java:run(316)) - 163c5688-ede5-44ab-b3bd-c5a10f730980@group-AFFE1363742F-SegmentedRaftLogWorker was interrupted, exiting. There are 0 tasks remaining in the queue.
2019-10-16 05:41:10,830 [ForkJoinPool.commonPool-worker-1] INFO  segmented.SegmentedRaftLogWorker (SegmentedRaftLogWorker.java:close(224)) - 163c5688-ede5-44ab-b3bd-c5a10f730980@group-AFFE1363742F-SegmentedRaftLogWorker close()
2019-10-16 05:41:10,836 [main] INFO  server.GrpcService (GrpcService.java:closeImpl(164)) - 163c5688-ede5-44ab-b3bd-c5a10f730980: shutdown server with port 45225 now
2019-10-16 05:41:10,845 [grpc-default-executor-5] WARN  server.GrpcServerProtocolService (LogUtils.java:warn(134)) - 163c5688-ede5-44ab-b3bd-c5a10f730980: installSnapshot onError, lastRequest: 73edb6ac-4c26-463f-ad6d-00f88e6dbd58->163c5688-ede5-44ab-b3bd-c5a10f730980#30-t11, previous=(t:11, i:16), leaderCommit=16, initializing? false, entries: <empty>: org.apache.ratis.thirdparty.io.grpc.StatusRuntimeException: CANCELLED: cancelled before receiving half close
2019-10-16 05:41:10,846 [main] INFO  server.GrpcService (GrpcService.java:closeImpl(172)) - 163c5688-ede5-44ab-b3bd-c5a10f730980: shutdown server with port 45225 successfully
2019-10-16 05:41:10,853 [refreshUsed-/workdir/hadoop-ozone/integration-test/target/test-dir/MiniOzoneClusterImpl-2ede335a-ebf0-4a23-bcb3-98605d830964/datanode-9/data/containers] WARN  fs.CachingGetSpaceUsed (CachingGetSpaceUsed.java:run(183)) - Thread Interrupted waiting to refresh disk information: sleep interrupted
2019-10-16 05:41:10,855 [grpc-default-executor-5] WARN  server.GrpcLogAppender (LogUtils.java:warn(134)) - 73edb6ac-4c26-463f-ad6d-00f88e6dbd58@group-AFFE1363742F->163c5688-ede5-44ab-b3bd-c5a10f730980-AppendLogResponseHandler: Failed appendEntries: org.apache.ratis.thirdparty.io.grpc.StatusRuntimeException: CANCELLED: HTTP/2 error code: CANCEL
Received Rst Stream
2019-10-16 05:41:10,867 [main] INFO  utils.BackgroundService (BackgroundService.java:shutdown(151)) - Shutting down service BlockDeletingService
2019-10-16 05:41:10,874 [main] INFO  statemachine.DatanodeStateMachine (DatanodeStateMachine.java:stopDaemon(395)) - Ozone container server stopped.
2019-10-16 05:41:10,889 [main] INFO  handler.ContextHandler (ContextHandler.java:doStop(910)) - Stopped o.e.j.w.WebAppContext@10c72a6f{/,null,UNAVAILABLE}{/hddsDatanode}
2019-10-16 05:41:10,894 [main] INFO  server.AbstractConnector (AbstractConnector.java:doStop(318)) - Stopped ServerConnector@70e94ecb{HTTP/1.1,[http/1.1]}{0.0.0.0:0}
2019-10-16 05:41:10,895 [main] INFO  handler.ContextHandler (ContextHandler.java:doStop(910)) - Stopped o.e.j.s.ServletContextHandler@19a64eae{/static,jar:file:/home/user/.m2/repository/org/apache/hadoop/hadoop-hdds-container-service/0.5.0-SNAPSHOT/hadoop-hdds-container-service-0.5.0-SNAPSHOT.jar!/webapps/static,UNAVAILABLE}
2019-10-16 05:41:10,895 [main] INFO  handler.ContextHandler (ContextHandler.java:doStop(910)) - Stopped o.e.j.s.ServletContextHandler@6cbd0674{/logs,file:///workdir/hadoop-ozone/integration-test/target/log,UNAVAILABLE}
2019-10-16 05:41:13,754 [java.util.concurrent.ThreadPoolExecutor$Worker@6d2348e8[State = -1, empty queue]] WARN  server.GrpcLogAppender (GrpcLogAppender.java:timeoutAppendRequest(209)) - 73edb6ac-4c26-463f-ad6d-00f88e6dbd58@group-AFFE1363742F->163c5688-ede5-44ab-b3bd-c5a10f730980-GrpcLogAppender: appendEntries Timeout, request=73edb6ac-4c26-463f-ad6d-00f88e6dbd58->163c5688-ede5-44ab-b3bd-c5a10f730980#30-t11, previous=(t:11, i:16), leaderCommit=16, initializing? false, entries: <empty>
2019-10-16 05:41:13,970 [java.util.concurrent.ThreadPoolExecutor$Worker@6d2348e8[State = -1, empty queue]] WARN  server.GrpcLogAppender (GrpcLogAppender.java:timeoutAppendRequest(209)) - 73edb6ac-4c26-463f-ad6d-00f88e6dbd58@group-AFFE1363742F->163c5688-ede5-44ab-b3bd-c5a10f730980-GrpcLogAppender: appendEntries Timeout, request=73edb6ac-4c26-463f-ad6d-00f88e6dbd58->163c5688-ede5-44ab-b3bd-c5a10f730980#31-t11, previous=(t:11, i:16), leaderCommit=16, initializing? false, entries: size=1, first=(t:11, i:17), STATEMACHINELOGENTRY, client-E49425DFE6AB, cid=48
2019-10-16 05:41:13,970 [java.util.concurrent.ThreadPoolExecutor$Worker@6d2348e8[State = -1, empty queue]] WARN  server.GrpcLogAppender (GrpcLogAppender.java:timeoutAppendRequest(209)) - 73edb6ac-4c26-463f-ad6d-00f88e6dbd58@group-AFFE1363742F->163c5688-ede5-44ab-b3bd-c5a10f730980-GrpcLogAppender: appendEntries Timeout, request=73edb6ac-4c26-463f-ad6d-00f88e6dbd58->163c5688-ede5-44ab-b3bd-c5a10f730980#32-t11, previous=(t:11, i:17), leaderCommit=16, initializing? false, entries: size=1, first=(t:11, i:18), STATEMACHINELOGENTRY, client-E49425DFE6AB, cid=49
2019-10-16 05:41:13,974 [java.util.concurrent.ThreadPoolExecutor$Worker@6d2348e8[State = -1, empty queue]] WARN  server.GrpcLogAppender (GrpcLogAppender.java:timeoutAppendRequest(209)) - 73edb6ac-4c26-463f-ad6d-00f88e6dbd58@group-AFFE1363742F->163c5688-ede5-44ab-b3bd-c5a10f730980-GrpcLogAppender: appendEntries Timeout, request=73edb6ac-4c26-463f-ad6d-00f88e6dbd58->163c5688-ede5-44ab-b3bd-c5a10f730980#33-t11, previous=(t:11, i:18), leaderCommit=16, initializing? false, entries: size=1, first=(t:11, i:19), STATEMACHINELOGENTRY, client-E49425DFE6AB, cid=50
2019-10-16 05:41:13,974 [java.util.concurrent.ThreadPoolExecutor$Worker@6d2348e8[State = -1, empty queue]] WARN  server.GrpcLogAppender (GrpcLogAppender.java:timeoutAppendRequest(209)) - 73edb6ac-4c26-463f-ad6d-00f88e6dbd58@group-AFFE1363742F->163c5688-ede5-44ab-b3bd-c5a10f730980-GrpcLogAppender: appendEntries Timeout, request=73edb6ac-4c26-463f-ad6d-00f88e6dbd58->163c5688-ede5-44ab-b3bd-c5a10f730980#34-t11, previous=(t:11, i:19), leaderCommit=16, initializing? false, entries: size=1, first=(t:11, i:20), STATEMACHINELOGENTRY, client-E49425DFE6AB, cid=51
2019-10-16 05:41:14,127 [java.util.concurrent.ThreadPoolExecutor$Worker@6d2348e8[State = -1, empty queue]] WARN  server.GrpcLogAppender (GrpcLogAppender.java:timeoutAppendRequest(209)) - 73edb6ac-4c26-463f-ad6d-00f88e6dbd58@group-AFFE1363742F->163c5688-ede5-44ab-b3bd-c5a10f730980-GrpcLogAppender: appendEntries Timeout, request=73edb6ac-4c26-463f-ad6d-00f88e6dbd58->163c5688-ede5-44ab-b3bd-c5a10f730980#35-t11, previous=(t:11, i:20), leaderCommit=18, initializing? false, entries: size=1, first=(t:11, i:21), METADATAENTRY(c17)
2019-10-16 05:41:14,127 [java.util.concurrent.ThreadPoolExecutor$Worker@6d2348e8[State = -1, empty queue]] WARN  server.GrpcLogAppender (GrpcLogAppender.java:timeoutAppendRequest(209)) - 73edb6ac-4c26-463f-ad6d-00f88e6dbd58@group-AFFE1363742F->163c5688-ede5-44ab-b3bd-c5a10f730980-GrpcLogAppender: appendEntries Timeout, request=73edb6ac-4c26-463f-ad6d-00f88e6dbd58->163c5688-ede5-44ab-b3bd-c5a10f730980#36-t11, previous=(t:11, i:21), leaderCommit=19, initializing? false, entries: size=1, first=(t:11, i:22), METADATAENTRY(c18)
2019-10-16 05:41:14,127 [java.util.concurrent.ThreadPoolExecutor$Worker@6d2348e8[State = -1, empty queue]] WARN  server.GrpcLogAppender (GrpcLogAppender.java:timeoutAppendRequest(209)) - 73edb6ac-4c26-463f-ad6d-00f88e6dbd58@group-AFFE1363742F->163c5688-ede5-44ab-b3bd-c5a10f730980-GrpcLogAppender: appendEntries Timeout, request=73edb6ac-4c26-463f-ad6d-00f88e6dbd58->163c5688-ede5-44ab-b3bd-c5a10f730980#37-t11, previous=(t:11, i:22), leaderCommit=20, initializing? false, entries: size=1, first=(t:11, i:23), METADATAENTRY(c19)
2019-10-16 05:41:14,128 [java.util.concurrent.ThreadPoolExecutor$Worker@6d2348e8[State = -1, empty queue]] WARN  server.GrpcLogAppender (GrpcLogAppender.java:timeoutAppendRequest(209)) - 73edb6ac-4c26-463f-ad6d-00f88e6dbd58@group-AFFE1363742F->163c5688-ede5-44ab-b3bd-c5a10f730980-GrpcLogAppender: appendEntries Timeout, request=73edb6ac-4c26-463f-ad6d-00f88e6dbd58->163c5688-ede5-44ab-b3bd-c5a10f730980#38-t11, previous=(t:11, i:23), leaderCommit=20, initializing? false, entries: size=1, first=(t:11, i:24), METADATAENTRY(c20)
2019-10-16 05:41:14,629 [java.util.concurrent.ThreadPoolExecutor$Worker@6d2348e8[State = -1, empty queue]] WARN  server.GrpcLogAppender (GrpcLogAppender.java:timeoutAppendRequest(209)) - 73edb6ac-4c26-463f-ad6d-00f88e6dbd58@group-AFFE1363742F->163c5688-ede5-44ab-b3bd-c5a10f730980-GrpcLogAppender: appendEntries Timeout, request=73edb6ac-4c26-463f-ad6d-00f88e6dbd58->163c5688-ede5-44ab-b3bd-c5a10f730980#39-t11, previous=(t:11, i:24), leaderCommit=24, initializing? false, entries: <empty>
2019-10-16 05:41:15,129 [java.util.concurrent.ThreadPoolExecutor$Worker@6d2348e8[State = -1, empty queue]] WARN  server.GrpcLogAppender (GrpcLogAppender.java:timeoutAppendRequest(209)) - 73edb6ac-4c26-463f-ad6d-00f88e6dbd58@group-AFFE1363742F->163c5688-ede5-44ab-b3bd-c5a10f730980-GrpcLogAppender: appendEntries Timeout, request=73edb6ac-4c26-463f-ad6d-00f88e6dbd58->163c5688-ede5-44ab-b3bd-c5a10f730980#40-t11, previous=(t:11, i:24), leaderCommit=24, initializing? false, entries: <empty>
2019-10-16 05:41:15,629 [java.util.concurrent.ThreadPoolExecutor$Worker@6d2348e8[State = -1, empty queue]] WARN  server.GrpcLogAppender (GrpcLogAppender.java:timeoutAppendRequest(209)) - 73edb6ac-4c26-463f-ad6d-00f88e6dbd58@group-AFFE1363742F->163c5688-ede5-44ab-b3bd-c5a10f730980-GrpcLogAppender: appendEntries Timeout, request=73edb6ac-4c26-463f-ad6d-00f88e6dbd58->163c5688-ede5-44ab-b3bd-c5a10f730980#41-t11, previous=(t:11, i:24), leaderCommit=24, initializing? false, entries: <empty>
2019-10-16 05:41:16,131 [java.util.concurrent.ThreadPoolExecutor$Worker@6d2348e8[State = -1, empty queue]] WARN  server.GrpcLogAppender (GrpcLogAppender.java:timeoutAppendRequest(209)) - 73edb6ac-4c26-463f-ad6d-00f88e6dbd58@group-AFFE1363742F->163c5688-ede5-44ab-b3bd-c5a10f730980-GrpcLogAppender: appendEntries Timeout, request=73edb6ac-4c26-463f-ad6d-00f88e6dbd58->163c5688-ede5-44ab-b3bd-c5a10f730980#42-t11, previous=(t:11, i:24), leaderCommit=24, initializing? false, entries: <empty>
2019-10-16 05:41:16,266 [main] WARN  scm.XceiverClientRatis (XceiverClientRatis.java:watchForCommit(277)) - 3 way commit failed on pipeline Pipeline[ Id: 95272ce7-baeb-427f-b9ae-affe1363742f, Nodes: 163c5688-ede5-44ab-b3bd-c5a10f730980{ip: 192.168.69.104, host: pr-hdds-2312-q6qzp-1535798719, networkLocation: /default-rack, certSerialId: null}73edb6ac-4c26-463f-ad6d-00f88e6dbd58{ip: 192.168.69.104, host: pr-hdds-2312-q6qzp-1535798719, networkLocation: /default-rack, certSerialId: null}a85e69e5-760c-4b40-a424-fc77673779df{ip: 192.168.69.104, host: pr-hdds-2312-q6qzp-1535798719, networkLocation: /default-rack, certSerialId: null}, Type:RATIS, Factor:THREE, State:OPEN]
java.util.concurrent.TimeoutException
	at java.util.concurrent.CompletableFuture.timedGet(CompletableFuture.java:1771)
	at java.util.concurrent.CompletableFuture.get(CompletableFuture.java:1915)
	at org.apache.hadoop.hdds.scm.XceiverClientRatis.watchForCommit(XceiverClientRatis.java:274)
	at org.apache.hadoop.hdds.scm.storage.CommitWatcher.watchForCommit(CommitWatcher.java:198)
	at org.apache.hadoop.hdds.scm.storage.CommitWatcher.watchOnFirstIndex(CommitWatcher.java:137)
	at org.apache.hadoop.hdds.scm.storage.BlockOutputStream.watchForCommit(BlockOutputStream.java:346)
	at org.apache.hadoop.hdds.scm.storage.BlockOutputStream.handleFullBuffer(BlockOutputStream.java:323)
	at org.apache.hadoop.hdds.scm.storage.BlockOutputStream.write(BlockOutputStream.java:250)
	at org.apache.hadoop.ozone.client.io.BlockOutputStreamEntry.write(BlockOutputStreamEntry.java:129)
	at org.apache.hadoop.ozone.client.io.KeyOutputStream.handleWrite(KeyOutputStream.java:208)
	at org.apache.hadoop.ozone.client.io.KeyOutputStream.write(KeyOutputStream.java:190)
	at org.apache.hadoop.ozone.client.io.OzoneOutputStream.write(OzoneOutputStream.java:49)
	at java.io.OutputStream.write(OutputStream.java:75)
	at org.apache.hadoop.ozone.client.rpc.TestMultiBlockWritesWithDnFailures.testMultiBlockWritesWithIntermittentDnFailures(TestMultiBlockWritesWithDnFailures.java:192)
	at sun.reflect.NativeMethodAccessorImpl.invoke0(Native Method)
	at sun.reflect.NativeMethodAccessorImpl.invoke(NativeMethodAccessorImpl.java:62)
	at sun.reflect.DelegatingMethodAccessorImpl.invoke(DelegatingMethodAccessorImpl.java:43)
	at java.lang.reflect.Method.invoke(Method.java:498)
	at org.junit.runners.model.FrameworkMethod$1.runReflectiveCall(FrameworkMethod.java:47)
	at org.junit.internal.runners.model.ReflectiveCallable.run(ReflectiveCallable.java:12)
	at org.junit.runners.model.FrameworkMethod.invokeExplosively(FrameworkMethod.java:44)
	at org.junit.internal.runners.statements.InvokeMethod.evaluate(InvokeMethod.java:17)
	at org.junit.internal.runners.statements.RunAfters.evaluate(RunAfters.java:27)
	at org.junit.runners.ParentRunner.runLeaf(ParentRunner.java:271)
	at org.junit.runners.BlockJUnit4ClassRunner.runChild(BlockJUnit4ClassRunner.java:70)
	at org.junit.runners.BlockJUnit4ClassRunner.runChild(BlockJUnit4ClassRunner.java:50)
	at org.junit.runners.ParentRunner$3.run(ParentRunner.java:238)
	at org.junit.runners.ParentRunner$1.schedule(ParentRunner.java:63)
	at org.junit.runners.ParentRunner.runChildren(ParentRunner.java:236)
	at org.junit.runners.ParentRunner.access$000(ParentRunner.java:53)
	at org.junit.runners.ParentRunner$2.evaluate(ParentRunner.java:229)
	at org.junit.runners.ParentRunner.run(ParentRunner.java:309)
	at org.apache.maven.surefire.junit4.JUnit4Provider.execute(JUnit4Provider.java:365)
	at org.apache.maven.surefire.junit4.JUnit4Provider.executeWithRerun(JUnit4Provider.java:273)
	at org.apache.maven.surefire.junit4.JUnit4Provider.executeTestSet(JUnit4Provider.java:238)
	at org.apache.maven.surefire.junit4.JUnit4Provider.invoke(JUnit4Provider.java:159)
	at org.apache.maven.surefire.booter.ForkedBooter.invokeProviderInSameClassLoader(ForkedBooter.java:384)
	at org.apache.maven.surefire.booter.ForkedBooter.runSuitesInProcess(ForkedBooter.java:345)
	at org.apache.maven.surefire.booter.ForkedBooter.execute(ForkedBooter.java:126)
	at org.apache.maven.surefire.booter.ForkedBooter.main(ForkedBooter.java:418)
2019-10-16 05:41:16,280 [Thread-858] INFO  client.GrpcClientProtocolService (GrpcClientProtocolService.java:lambda$processClientRequest$0(278)) - Failed RaftClientRequest:client-E49425DFE6AB->a85e69e5-760c-4b40-a424-fc77673779df@group-AFFE1363742F, cid=53, seq=0, Watch-MAJORITY_COMMITTED(18), Message:<EMPTY>, reply=RaftClientReply:client-E49425DFE6AB->a85e69e5-760c-4b40-a424-fc77673779df@group-AFFE1363742F, cid=53, FAILED org.apache.ratis.protocol.NotLeaderException: Server a85e69e5-760c-4b40-a424-fc77673779df@group-AFFE1363742F is not the leader 73edb6ac-4c26-463f-ad6d-00f88e6dbd58:192.168.69.104:35488, logIndex=0, commits[a85e69e5-760c-4b40-a424-fc77673779df:c24, 163c5688-ede5-44ab-b3bd-c5a10f730980:c16, 73edb6ac-4c26-463f-ad6d-00f88e6dbd58:c24]
2019-10-16 05:41:16,631 [java.util.concurrent.ThreadPoolExecutor$Worker@6d2348e8[State = -1, empty queue]] WARN  server.GrpcLogAppender (GrpcLogAppender.java:timeoutAppendRequest(209)) - 73edb6ac-4c26-463f-ad6d-00f88e6dbd58@group-AFFE1363742F->163c5688-ede5-44ab-b3bd-c5a10f730980-GrpcLogAppender: appendEntries Timeout, request=73edb6ac-4c26-463f-ad6d-00f88e6dbd58->163c5688-ede5-44ab-b3bd-c5a10f730980#43-t11, previous=(t:11, i:24), leaderCommit=24, initializing? false, entries: <empty>
2019-10-16 05:41:17,134 [java.util.concurrent.ThreadPoolExecutor$Worker@6d2348e8[State = -1, empty queue]] WARN  server.GrpcLogAppender (GrpcLogAppender.java:timeoutAppendRequest(209)) - 73edb6ac-4c26-463f-ad6d-00f88e6dbd58@group-AFFE1363742F->163c5688-ede5-44ab-b3bd-c5a10f730980-GrpcLogAppender: appendEntries Timeout, request=73edb6ac-4c26-463f-ad6d-00f88e6dbd58->163c5688-ede5-44ab-b3bd-c5a10f730980#44-t11, previous=(t:11, i:24), leaderCommit=24, initializing? false, entries: <empty>
2019-10-16 05:41:17,634 [java.util.concurrent.ThreadPoolExecutor$Worker@6d2348e8[State = -1, empty queue]] WARN  server.GrpcLogAppender (GrpcLogAppender.java:timeoutAppendRequest(209)) - 73edb6ac-4c26-463f-ad6d-00f88e6dbd58@group-AFFE1363742F->163c5688-ede5-44ab-b3bd-c5a10f730980-GrpcLogAppender: appendEntries Timeout, request=73edb6ac-4c26-463f-ad6d-00f88e6dbd58->163c5688-ede5-44ab-b3bd-c5a10f730980#45-t11, previous=(t:11, i:24), leaderCommit=24, initializing? false, entries: <empty>
2019-10-16 05:41:18,135 [java.util.concurrent.ThreadPoolExecutor$Worker@6d2348e8[State = -1, empty queue]] WARN  server.GrpcLogAppender (GrpcLogAppender.java:timeoutAppendRequest(209)) - 73edb6ac-4c26-463f-ad6d-00f88e6dbd58@group-AFFE1363742F->163c5688-ede5-44ab-b3bd-c5a10f730980-GrpcLogAppender: appendEntries Timeout, request=73edb6ac-4c26-463f-ad6d-00f88e6dbd58->163c5688-ede5-44ab-b3bd-c5a10f730980#46-t11, previous=(t:11, i:24), leaderCommit=24, initializing? false, entries: <empty>
2019-10-16 05:41:18,635 [java.util.concurrent.ThreadPoolExecutor$Worker@6d2348e8[State = -1, empty queue]] WARN  server.GrpcLogAppender (GrpcLogAppender.java:timeoutAppendRequest(209)) - 73edb6ac-4c26-463f-ad6d-00f88e6dbd58@group-AFFE1363742F->163c5688-ede5-44ab-b3bd-c5a10f730980-GrpcLogAppender: appendEntries Timeout, request=73edb6ac-4c26-463f-ad6d-00f88e6dbd58->163c5688-ede5-44ab-b3bd-c5a10f730980#47-t11, previous=(t:11, i:24), leaderCommit=24, initializing? false, entries: <empty>
2019-10-16 05:41:19,136 [java.util.concurrent.ThreadPoolExecutor$Worker@6d2348e8[State = -1, empty queue]] WARN  server.GrpcLogAppender (GrpcLogAppender.java:timeoutAppendRequest(209)) - 73edb6ac-4c26-463f-ad6d-00f88e6dbd58@group-AFFE1363742F->163c5688-ede5-44ab-b3bd-c5a10f730980-GrpcLogAppender: appendEntries Timeout, request=73edb6ac-4c26-463f-ad6d-00f88e6dbd58->163c5688-ede5-44ab-b3bd-c5a10f730980#48-t11, previous=(t:11, i:24), leaderCommit=24, initializing? false, entries: <empty>
2019-10-16 05:41:19,298 [main] INFO  scm.XceiverClientRatis (XceiverClientRatis.java:lambda$watchForCommit$5(295)) - Could not commit index 18 on pipeline Pipeline[ Id: 95272ce7-baeb-427f-b9ae-affe1363742f, Nodes: 163c5688-ede5-44ab-b3bd-c5a10f730980{ip: 192.168.69.104, host: pr-hdds-2312-q6qzp-1535798719, networkLocation: /default-rack, certSerialId: null}73edb6ac-4c26-463f-ad6d-00f88e6dbd58{ip: 192.168.69.104, host: pr-hdds-2312-q6qzp-1535798719, networkLocation: /default-rack, certSerialId: null}a85e69e5-760c-4b40-a424-fc77673779df{ip: 192.168.69.104, host: pr-hdds-2312-q6qzp-1535798719, networkLocation: /default-rack, certSerialId: null}, Type:RATIS, Factor:THREE, State:OPEN] to all the nodes. Server 163c5688-ede5-44ab-b3bd-c5a10f730980 has failed. Committed by majority.
2019-10-16 05:41:19,299 [main] WARN  storage.BlockOutputStream (BlockOutputStream.java:watchForCommit(352)) - Failed to commit BlockId conID: 4 locID: 102970455729635331 bcsId: 20 on Pipeline[ Id: 95272ce7-baeb-427f-b9ae-affe1363742f, Nodes: 163c5688-ede5-44ab-b3bd-c5a10f730980{ip: 192.168.69.104, host: pr-hdds-2312-q6qzp-1535798719, networkLocation: /default-rack, certSerialId: null}73edb6ac-4c26-463f-ad6d-00f88e6dbd58{ip: 192.168.69.104, host: pr-hdds-2312-q6qzp-1535798719, networkLocation: /default-rack, certSerialId: null}a85e69e5-760c-4b40-a424-fc77673779df{ip: 192.168.69.104, host: pr-hdds-2312-q6qzp-1535798719, networkLocation: /default-rack, certSerialId: null}, Type:RATIS, Factor:THREE, State:OPEN]. Failed nodes: [163c5688-ede5-44ab-b3bd-c5a10f730980{ip: null, host: null, networkLocation: /default-rack, certSerialId: null}]
2019-10-16 05:41:19,637 [java.util.concurrent.ThreadPoolExecutor$Worker@6d2348e8[State = -1, empty queue]] WARN  server.GrpcLogAppender (GrpcLogAppender.java:timeoutAppendRequest(209)) - 73edb6ac-4c26-463f-ad6d-00f88e6dbd58@group-AFFE1363742F->163c5688-ede5-44ab-b3bd-c5a10f730980-GrpcLogAppender: appendEntries Timeout, request=73edb6ac-4c26-463f-ad6d-00f88e6dbd58->163c5688-ede5-44ab-b3bd-c5a10f730980#49-t11, previous=(t:11, i:24), leaderCommit=24, initializing? false, entries: <empty>
2019-10-16 05:41:20,137 [java.util.concurrent.ThreadPoolExecutor$Worker@6d2348e8[State = -1, empty queue]] WARN  server.GrpcLogAppender (GrpcLogAppender.java:timeoutAppendRequest(209)) - 73edb6ac-4c26-463f-ad6d-00f88e6dbd58@group-AFFE1363742F->163c5688-ede5-44ab-b3bd-c5a10f730980-GrpcLogAppender: appendEntries Timeout, request=73edb6ac-4c26-463f-ad6d-00f88e6dbd58->163c5688-ede5-44ab-b3bd-c5a10f730980#50-t11, previous=(t:11, i:24), leaderCommit=24, initializing? false, entries: <empty>
2019-10-16 05:41:20,637 [java.util.concurrent.ThreadPoolExecutor$Worker@6d2348e8[State = -1, empty queue]] WARN  server.GrpcLogAppender (GrpcLogAppender.java:timeoutAppendRequest(209)) - 73edb6ac-4c26-463f-ad6d-00f88e6dbd58@group-AFFE1363742F->163c5688-ede5-44ab-b3bd-c5a10f730980-GrpcLogAppender: appendEntries Timeout, request=73edb6ac-4c26-463f-ad6d-00f88e6dbd58->163c5688-ede5-44ab-b3bd-c5a10f730980#51-t11, previous=(t:11, i:24), leaderCommit=24, initializing? false, entries: <empty>
2019-10-16 05:41:21,138 [java.util.concurrent.ThreadPoolExecutor$Worker@6d2348e8[State = -1, empty queue]] WARN  server.GrpcLogAppender (GrpcLogAppender.java:timeoutAppendRequest(209)) - 73edb6ac-4c26-463f-ad6d-00f88e6dbd58@group-AFFE1363742F->163c5688-ede5-44ab-b3bd-c5a10f730980-GrpcLogAppender: appendEntries Timeout, request=73edb6ac-4c26-463f-ad6d-00f88e6dbd58->163c5688-ede5-44ab-b3bd-c5a10f730980#52-t11, previous=(t:11, i:24), leaderCommit=24, initializing? false, entries: <empty>
2019-10-16 05:41:21,639 [java.util.concurrent.ThreadPoolExecutor$Worker@6d2348e8[State = -1, empty queue]] WARN  server.GrpcLogAppender (GrpcLogAppender.java:timeoutAppendRequest(209)) - 73edb6ac-4c26-463f-ad6d-00f88e6dbd58@group-AFFE1363742F->163c5688-ede5-44ab-b3bd-c5a10f730980-GrpcLogAppender: appendEntries Timeout, request=73edb6ac-4c26-463f-ad6d-00f88e6dbd58->163c5688-ede5-44ab-b3bd-c5a10f730980#53-t11, previous=(t:11, i:24), leaderCommit=24, initializing? false, entries: <empty>
2019-10-16 05:41:21,893 [Thread-918] INFO  client.GrpcClientProtocolService (GrpcClientProtocolService.java:lambda$processClientRequest$0(278)) - Failed RaftClientRequest:client-E49425DFE6AB->73edb6ac-4c26-463f-ad6d-00f88e6dbd58@group-AFFE1363742F, cid=52, seq=0, Watch-ALL_COMMITTED(18), Message:<EMPTY>, reply=RaftClientReply:client-E49425DFE6AB->73edb6ac-4c26-463f-ad6d-00f88e6dbd58@group-AFFE1363742F, cid=52, FAILED org.apache.ratis.protocol.NotReplicatedException: Request with call Id 52 and log index 18 is not yet replicated to ALL_COMMITTED, logIndex=18, commits[73edb6ac-4c26-463f-ad6d-00f88e6dbd58:c24, 163c5688-ede5-44ab-b3bd-c5a10f730980:c16, a85e69e5-760c-4b40-a424-fc77673779df:c24]
2019-10-16 05:41:22,139 [java.util.concurrent.ThreadPoolExecutor$Worker@6d2348e8[State = -1, empty queue]] WARN  server.GrpcLogAppender (GrpcLogAppender.java:timeoutAppendRequest(209)) - 73edb6ac-4c26-463f-ad6d-00f88e6dbd58@group-AFFE1363742F->163c5688-ede5-44ab-b3bd-c5a10f730980-GrpcLogAppender: appendEntries Timeout, request=73edb6ac-4c26-463f-ad6d-00f88e6dbd58->163c5688-ede5-44ab-b3bd-c5a10f730980#54-t11, previous=(t:11, i:24), leaderCommit=24, initializing? false, entries: <empty>
2019-10-16 05:41:22,640 [java.util.concurrent.ThreadPoolExecutor$Worker@6d2348e8[State = -1, empty queue]] WARN  server.GrpcLogAppender (GrpcLogAppender.java:timeoutAppendRequest(209)) - 73edb6ac-4c26-463f-ad6d-00f88e6dbd58@group-AFFE1363742F->163c5688-ede5-44ab-b3bd-c5a10f730980-GrpcLogAppender: appendEntries Timeout, request=73edb6ac-4c26-463f-ad6d-00f88e6dbd58->163c5688-ede5-44ab-b3bd-c5a10f730980#55-t11, previous=(t:11, i:24), leaderCommit=24, initializing? false, entries: <empty>
2019-10-16 05:41:23,140 [java.util.concurrent.ThreadPoolExecutor$Worker@6d2348e8[State = -1, empty queue]] WARN  server.GrpcLogAppender (GrpcLogAppender.java:timeoutAppendRequest(209)) - 73edb6ac-4c26-463f-ad6d-00f88e6dbd58@group-AFFE1363742F->163c5688-ede5-44ab-b3bd-c5a10f730980-GrpcLogAppender: appendEntries Timeout, request=73edb6ac-4c26-463f-ad6d-00f88e6dbd58->163c5688-ede5-44ab-b3bd-c5a10f730980#56-t11, previous=(t:11, i:24), leaderCommit=24, initializing? false, entries: <empty>
2019-10-16 05:41:23,640 [java.util.concurrent.ThreadPoolExecutor$Worker@6d2348e8[State = -1, empty queue]] WARN  server.GrpcLogAppender (GrpcLogAppender.java:timeoutAppendRequest(209)) - 73edb6ac-4c26-463f-ad6d-00f88e6dbd58@group-AFFE1363742F->163c5688-ede5-44ab-b3bd-c5a10f730980-GrpcLogAppender: appendEntries Timeout, request=73edb6ac-4c26-463f-ad6d-00f88e6dbd58->163c5688-ede5-44ab-b3bd-c5a10f730980#57-t11, previous=(t:11, i:24), leaderCommit=24, initializing? false, entries: <empty>
2019-10-16 05:41:24,141 [java.util.concurrent.ThreadPoolExecutor$Worker@6d2348e8[State = -1, empty queue]] WARN  server.GrpcLogAppender (GrpcLogAppender.java:timeoutAppendRequest(209)) - 73edb6ac-4c26-463f-ad6d-00f88e6dbd58@group-AFFE1363742F->163c5688-ede5-44ab-b3bd-c5a10f730980-GrpcLogAppender: appendEntries Timeout, request=73edb6ac-4c26-463f-ad6d-00f88e6dbd58->163c5688-ede5-44ab-b3bd-c5a10f730980#58-t11, previous=(t:11, i:24), leaderCommit=24, initializing? false, entries: <empty>
2019-10-16 05:41:24,641 [java.util.concurrent.ThreadPoolExecutor$Worker@6d2348e8[State = -1, empty queue]] WARN  server.GrpcLogAppender (GrpcLogAppender.java:timeoutAppendRequest(209)) - 73edb6ac-4c26-463f-ad6d-00f88e6dbd58@group-AFFE1363742F->163c5688-ede5-44ab-b3bd-c5a10f730980-GrpcLogAppender: appendEntries Timeout, request=73edb6ac-4c26-463f-ad6d-00f88e6dbd58->163c5688-ede5-44ab-b3bd-c5a10f730980#59-t11, previous=(t:11, i:24), leaderCommit=24, initializing? false, entries: <empty>
2019-10-16 05:41:25,141 [java.util.concurrent.ThreadPoolExecutor$Worker@6d2348e8[State = -1, empty queue]] WARN  server.GrpcLogAppender (GrpcLogAppender.java:timeoutAppendRequest(209)) - 73edb6ac-4c26-463f-ad6d-00f88e6dbd58@group-AFFE1363742F->163c5688-ede5-44ab-b3bd-c5a10f730980-GrpcLogAppender: appendEntries Timeout, request=73edb6ac-4c26-463f-ad6d-00f88e6dbd58->163c5688-ede5-44ab-b3bd-c5a10f730980#60-t11, previous=(t:11, i:24), leaderCommit=24, initializing? false, entries: <empty>
2019-10-16 05:41:25,642 [java.util.concurrent.ThreadPoolExecutor$Worker@6d2348e8[State = -1, empty queue]] WARN  server.GrpcLogAppender (GrpcLogAppender.java:timeoutAppendRequest(209)) - 73edb6ac-4c26-463f-ad6d-00f88e6dbd58@group-AFFE1363742F->163c5688-ede5-44ab-b3bd-c5a10f730980-GrpcLogAppender: appendEntries Timeout, request=73edb6ac-4c26-463f-ad6d-00f88e6dbd58->163c5688-ede5-44ab-b3bd-c5a10f730980#61-t11, previous=(t:11, i:24), leaderCommit=24, initializing? false, entries: <empty>
2019-10-16 05:41:26,142 [java.util.concurrent.ThreadPoolExecutor$Worker@6d2348e8[State = -1, empty queue]] WARN  server.GrpcLogAppender (GrpcLogAppender.java:timeoutAppendRequest(209)) - 73edb6ac-4c26-463f-ad6d-00f88e6dbd58@group-AFFE1363742F->163c5688-ede5-44ab-b3bd-c5a10f730980-GrpcLogAppender: appendEntries Timeout, request=73edb6ac-4c26-463f-ad6d-00f88e6dbd58->163c5688-ede5-44ab-b3bd-c5a10f730980#62-t11, previous=(t:11, i:24), leaderCommit=24, initializing? false, entries: <empty>
2019-10-16 05:41:26,643 [java.util.concurrent.ThreadPoolExecutor$Worker@6d2348e8[State = -1, empty queue]] WARN  server.GrpcLogAppender (GrpcLogAppender.java:timeoutAppendRequest(209)) - 73edb6ac-4c26-463f-ad6d-00f88e6dbd58@group-AFFE1363742F->163c5688-ede5-44ab-b3bd-c5a10f730980-GrpcLogAppender: appendEntries Timeout, request=73edb6ac-4c26-463f-ad6d-00f88e6dbd58->163c5688-ede5-44ab-b3bd-c5a10f730980#63-t11, previous=(t:11, i:24), leaderCommit=24, initializing? false, entries: <empty>
2019-10-16 05:41:27,143 [java.util.concurrent.ThreadPoolExecutor$Worker@6d2348e8[State = -1, empty queue]] WARN  server.GrpcLogAppender (GrpcLogAppender.java:timeoutAppendRequest(209)) - 73edb6ac-4c26-463f-ad6d-00f88e6dbd58@group-AFFE1363742F->163c5688-ede5-44ab-b3bd-c5a10f730980-GrpcLogAppender: appendEntries Timeout, request=73edb6ac-4c26-463f-ad6d-00f88e6dbd58->163c5688-ede5-44ab-b3bd-c5a10f730980#64-t11, previous=(t:11, i:24), leaderCommit=24, initializing? false, entries: <empty>
2019-10-16 05:41:27,644 [java.util.concurrent.ThreadPoolExecutor$Worker@6d2348e8[State = -1, empty queue]] WARN  server.GrpcLogAppender (GrpcLogAppender.java:timeoutAppendRequest(209)) - 73edb6ac-4c26-463f-ad6d-00f88e6dbd58@group-AFFE1363742F->163c5688-ede5-44ab-b3bd-c5a10f730980-GrpcLogAppender: appendEntries Timeout, request=73edb6ac-4c26-463f-ad6d-00f88e6dbd58->163c5688-ede5-44ab-b3bd-c5a10f730980#65-t11, previous=(t:11, i:24), leaderCommit=24, initializing? false, entries: <empty>
2019-10-16 05:41:28,144 [java.util.concurrent.ThreadPoolExecutor$Worker@6d2348e8[State = -1, empty queue]] WARN  server.GrpcLogAppender (GrpcLogAppender.java:timeoutAppendRequest(209)) - 73edb6ac-4c26-463f-ad6d-00f88e6dbd58@group-AFFE1363742F->163c5688-ede5-44ab-b3bd-c5a10f730980-GrpcLogAppender: appendEntries Timeout, request=73edb6ac-4c26-463f-ad6d-00f88e6dbd58->163c5688-ede5-44ab-b3bd-c5a10f730980#66-t11, previous=(t:11, i:24), leaderCommit=24, initializing? false, entries: <empty>
2019-10-16 05:41:28,641 [Thread-986] INFO  client.GrpcClientProtocolService (GrpcClientProtocolService.java:lambda$processClientRequest$0(278)) - Failed RaftClientRequest:client-E49425DFE6AB->a85e69e5-760c-4b40-a424-fc77673779df@group-AFFE1363742F, cid=52, seq=0, Watch-ALL_COMMITTED(18), Message:<EMPTY>, reply=RaftClientReply:client-E49425DFE6AB->a85e69e5-760c-4b40-a424-fc77673779df@group-AFFE1363742F, cid=52, FAILED org.apache.ratis.protocol.NotLeaderException: Server a85e69e5-760c-4b40-a424-fc77673779df@group-AFFE1363742F is not the leader 73edb6ac-4c26-463f-ad6d-00f88e6dbd58:192.168.69.104:35488, logIndex=0, commits[a85e69e5-760c-4b40-a424-fc77673779df:c24, 163c5688-ede5-44ab-b3bd-c5a10f730980:c16, 73edb6ac-4c26-463f-ad6d-00f88e6dbd58:c24]
2019-10-16 05:41:28,647 [java.util.concurrent.ThreadPoolExecutor$Worker@6d2348e8[State = -1, empty queue]] WARN  server.GrpcLogAppender (GrpcLogAppender.java:timeoutAppendRequest(209)) - 73edb6ac-4c26-463f-ad6d-00f88e6dbd58@group-AFFE1363742F->163c5688-ede5-44ab-b3bd-c5a10f730980-GrpcLogAppender: appendEntries Timeout, request=73edb6ac-4c26-463f-ad6d-00f88e6dbd58->163c5688-ede5-44ab-b3bd-c5a10f730980#67-t11, previous=(t:11, i:24), leaderCommit=24, initializing? false, entries: <empty>
2019-10-16 05:41:29,145 [java.util.concurrent.ThreadPoolExecutor$Worker@6d2348e8[State = -1, empty queue]] WARN  server.GrpcLogAppender (GrpcLogAppender.java:timeoutAppendRequest(209)) - 73edb6ac-4c26-463f-ad6d-00f88e6dbd58@group-AFFE1363742F->163c5688-ede5-44ab-b3bd-c5a10f730980-GrpcLogAppender: appendEntries Timeout, request=73edb6ac-4c26-463f-ad6d-00f88e6dbd58->163c5688-ede5-44ab-b3bd-c5a10f730980#68-t11, previous=(t:11, i:24), leaderCommit=24, initializing? false, entries: <empty>
2019-10-16 05:41:29,645 [java.util.concurrent.ThreadPoolExecutor$Worker@6d2348e8[State = -1, empty queue]] WARN  server.GrpcLogAppender (GrpcLogAppender.java:timeoutAppendRequest(209)) - 73edb6ac-4c26-463f-ad6d-00f88e6dbd58@group-AFFE1363742F->163c5688-ede5-44ab-b3bd-c5a10f730980-GrpcLogAppender: appendEntries Timeout, request=73edb6ac-4c26-463f-ad6d-00f88e6dbd58->163c5688-ede5-44ab-b3bd-c5a10f730980#69-t11, previous=(t:11, i:24), leaderCommit=24, initializing? false, entries: <empty>
2019-10-16 05:41:30,112 [Datanode State Machine Thread - 0] INFO  statemachine.DatanodeStateMachine (DatanodeStateMachine.java:lambda$startDaemon$0(350)) - Ozone container server started.
2019-10-16 05:41:30,146 [java.util.concurrent.ThreadPoolExecutor$Worker@6d2348e8[State = -1, empty queue]] WARN  server.GrpcLogAppender (GrpcLogAppender.java:timeoutAppendRequest(209)) - 73edb6ac-4c26-463f-ad6d-00f88e6dbd58@group-AFFE1363742F->163c5688-ede5-44ab-b3bd-c5a10f730980-GrpcLogAppender: appendEntries Timeout, request=73edb6ac-4c26-463f-ad6d-00f88e6dbd58->163c5688-ede5-44ab-b3bd-c5a10f730980#70-t11, previous=(t:11, i:24), leaderCommit=24, initializing? false, entries: <empty>
2019-10-16 05:41:30,646 [java.util.concurrent.ThreadPoolExecutor$Worker@6d2348e8[State = -1, empty queue]] WARN  server.GrpcLogAppender (GrpcLogAppender.java:timeoutAppendRequest(209)) - 73edb6ac-4c26-463f-ad6d-00f88e6dbd58@group-AFFE1363742F->163c5688-ede5-44ab-b3bd-c5a10f730980-GrpcLogAppender: appendEntries Timeout, request=73edb6ac-4c26-463f-ad6d-00f88e6dbd58->163c5688-ede5-44ab-b3bd-c5a10f730980#71-t11, previous=(t:11, i:24), leaderCommit=24, initializing? false, entries: <empty>
2019-10-16 05:41:30,884 [Thread-1020] INFO  client.GrpcClientProtocolService (GrpcClientProtocolService.java:lambda$processClientRequest$0(278)) - Failed RaftClientRequest:client-E49425DFE6AB->73edb6ac-4c26-463f-ad6d-00f88e6dbd58@group-AFFE1363742F, cid=52, seq=0, Watch-ALL_COMMITTED(18), Message:<EMPTY>, reply=RaftClientReply:client-E49425DFE6AB->73edb6ac-4c26-463f-ad6d-00f88e6dbd58@group-AFFE1363742F, cid=52, FAILED org.apache.ratis.protocol.NotReplicatedException: Request with call Id 52 and log index 18 is not yet replicated to ALL_COMMITTED, logIndex=18, commits[73edb6ac-4c26-463f-ad6d-00f88e6dbd58:c28, 163c5688-ede5-44ab-b3bd-c5a10f730980:c16, a85e69e5-760c-4b40-a424-fc77673779df:c28]
2019-10-16 05:41:31,146 [java.util.concurrent.ThreadPoolExecutor$Worker@6d2348e8[State = -1, empty queue]] WARN  server.GrpcLogAppender (GrpcLogAppender.java:timeoutAppendRequest(209)) - 73edb6ac-4c26-463f-ad6d-00f88e6dbd58@group-AFFE1363742F->163c5688-ede5-44ab-b3bd-c5a10f730980-GrpcLogAppender: appendEntries Timeout, request=73edb6ac-4c26-463f-ad6d-00f88e6dbd58->163c5688-ede5-44ab-b3bd-c5a10f730980#72-t11, previous=(t:11, i:24), leaderCommit=24, initializing? false, entries: <empty>
2019-10-16 05:41:31,647 [java.util.concurrent.ThreadPoolExecutor$Worker@6d2348e8[State = -1, empty queue]] WARN  server.GrpcLogAppender (GrpcLogAppender.java:timeoutAppendRequest(209)) - 73edb6ac-4c26-463f-ad6d-00f88e6dbd58@group-AFFE1363742F->163c5688-ede5-44ab-b3bd-c5a10f730980-GrpcLogAppender: appendEntries Timeout, request=73edb6ac-4c26-463f-ad6d-00f88e6dbd58->163c5688-ede5-44ab-b3bd-c5a10f730980#73-t11, previous=(t:11, i:24), leaderCommit=24, initializing? false, entries: <empty>
2019-10-16 05:41:32,147 [java.util.concurrent.ThreadPoolExecutor$Worker@6d2348e8[State = -1, empty queue]] WARN  server.GrpcLogAppender (GrpcLogAppender.java:timeoutAppendRequest(209)) - 73edb6ac-4c26-463f-ad6d-00f88e6dbd58@group-AFFE1363742F->163c5688-ede5-44ab-b3bd-c5a10f730980-GrpcLogAppender: appendEntries Timeout, request=73edb6ac-4c26-463f-ad6d-00f88e6dbd58->163c5688-ede5-44ab-b3bd-c5a10f730980#74-t11, previous=(t:11, i:24), leaderCommit=24, initializing? false, entries: <empty>
2019-10-16 05:41:32,648 [java.util.concurrent.ThreadPoolExecutor$Worker@6d2348e8[State = -1, empty queue]] WARN  server.GrpcLogAppender (GrpcLogAppender.java:timeoutAppendRequest(209)) - 73edb6ac-4c26-463f-ad6d-00f88e6dbd58@group-AFFE1363742F->163c5688-ede5-44ab-b3bd-c5a10f730980-GrpcLogAppender: appendEntries Timeout, request=73edb6ac-4c26-463f-ad6d-00f88e6dbd58->163c5688-ede5-44ab-b3bd-c5a10f730980#75-t11, previous=(t:11, i:24), leaderCommit=24, initializing? false, entries: <empty>
2019-10-16 05:41:32,669 [java.util.concurrent.ThreadPoolExecutor$Worker@6d2348e8[State = -1, empty queue]] WARN  server.GrpcLogAppender (GrpcLogAppender.java:timeoutAppendRequest(209)) - 73edb6ac-4c26-463f-ad6d-00f88e6dbd58@group-AFFE1363742F->163c5688-ede5-44ab-b3bd-c5a10f730980-GrpcLogAppender: appendEntries Timeout, request=73edb6ac-4c26-463f-ad6d-00f88e6dbd58->163c5688-ede5-44ab-b3bd-c5a10f730980#76-t11, previous=(t:11, i:24), leaderCommit=24, initializing? false, entries: size=1, first=(t:11, i:25), STATEMACHINELOGENTRY, client-E49425DFE6AB, cid=54
2019-10-16 05:41:32,689 [java.util.concurrent.ThreadPoolExecutor$Worker@6d2348e8[State = -1, empty queue]] WARN  server.GrpcLogAppender (GrpcLogAppender.java:timeoutAppendRequest(209)) - 73edb6ac-4c26-463f-ad6d-00f88e6dbd58@group-AFFE1363742F->163c5688-ede5-44ab-b3bd-c5a10f730980-GrpcLogAppender: appendEntries Timeout, request=73edb6ac-4c26-463f-ad6d-00f88e6dbd58->163c5688-ede5-44ab-b3bd-c5a10f730980#77-t11, previous=(t:11, i:25), leaderCommit=25, initializing? false, entries: size=1, first=(t:11, i:26), METADATAENTRY(c25)
2019-10-16 05:41:32,699 [java.util.concurrent.ThreadPoolExecutor$Worker@6d2348e8[State = -1, empty queue]] WARN  server.GrpcLogAppender (GrpcLogAppender.java:timeoutAppendRequest(209)) - 73edb6ac-4c26-463f-ad6d-00f88e6dbd58@group-AFFE1363742F->163c5688-ede5-44ab-b3bd-c5a10f730980-GrpcLogAppender: appendEntries Timeout, request=73edb6ac-4c26-463f-ad6d-00f88e6dbd58->163c5688-ede5-44ab-b3bd-c5a10f730980#78-t11, previous=(t:11, i:26), leaderCommit=25, initializing? false, entries: size=1, first=(t:11, i:27), STATEMACHINELOGENTRY, client-E49425DFE6AB, cid=55
2019-10-16 05:41:32,702 [java.util.concurrent.ThreadPoolExecutor$Worker@6d2348e8[State = -1, empty queue]] WARN  server.GrpcLogAppender (GrpcLogAppender.java:timeoutAppendRequest(209)) - 73edb6ac-4c26-463f-ad6d-00f88e6dbd58@group-AFFE1363742F->163c5688-ede5-44ab-b3bd-c5a10f730980-GrpcLogAppender: appendEntries Timeout, request=73edb6ac-4c26-463f-ad6d-00f88e6dbd58->163c5688-ede5-44ab-b3bd-c5a10f730980#79-t11, previous=(t:11, i:27), leaderCommit=27, initializing? false, entries: size=1, first=(t:11, i:28), METADATAENTRY(c27)
2019-10-16 05:41:33,203 [java.util.concurrent.ThreadPoolExecutor$Worker@6d2348e8[State = -1, empty queue]] WARN  server.GrpcLogAppender (GrpcLogAppender.java:timeoutAppendRequest(209)) - 73edb6ac-4c26-463f-ad6d-00f88e6dbd58@group-AFFE1363742F->163c5688-ede5-44ab-b3bd-c5a10f730980-GrpcLogAppender: appendEntries Timeout, request=73edb6ac-4c26-463f-ad6d-00f88e6dbd58->163c5688-ede5-44ab-b3bd-c5a10f730980#80-t11, previous=(t:11, i:28), leaderCommit=28, initializing? false, entries: <empty>
2019-10-16 05:41:33,703 [java.util.concurrent.ThreadPoolExecutor$Worker@6d2348e8[State = -1, empty queue]] WARN  server.GrpcLogAppender (GrpcLogAppender.java:timeoutAppendRequest(209)) - 73edb6ac-4c26-463f-ad6d-00f88e6dbd58@group-AFFE1363742F->163c5688-ede5-44ab-b3bd-c5a10f730980-GrpcLogAppender: appendEntries Timeout, request=73edb6ac-4c26-463f-ad6d-00f88e6dbd58->163c5688-ede5-44ab-b3bd-c5a10f730980#81-t11, previous=(t:11, i:28), leaderCommit=28, initializing? false, entries: <empty>
2019-10-16 05:41:34,203 [java.util.concurrent.ThreadPoolExecutor$Worker@6d2348e8[State = -1, empty queue]] WARN  server.GrpcLogAppender (GrpcLogAppender.java:timeoutAppendRequest(209)) - 73edb6ac-4c26-463f-ad6d-00f88e6dbd58@group-AFFE1363742F->163c5688-ede5-44ab-b3bd-c5a10f730980-GrpcLogAppender: appendEntries Timeout, request=73edb6ac-4c26-463f-ad6d-00f88e6dbd58->163c5688-ede5-44ab-b3bd-c5a10f730980#82-t11, previous=(t:11, i:28), leaderCommit=28, initializing? false, entries: <empty>
2019-10-16 05:41:34,703 [java.util.concurrent.ThreadPoolExecutor$Worker@6d2348e8[State = -1, empty queue]] WARN  server.GrpcLogAppender (GrpcLogAppender.java:timeoutAppendRequest(209)) - 73edb6ac-4c26-463f-ad6d-00f88e6dbd58@group-AFFE1363742F->163c5688-ede5-44ab-b3bd-c5a10f730980-GrpcLogAppender: appendEntries Timeout, request=73edb6ac-4c26-463f-ad6d-00f88e6dbd58->163c5688-ede5-44ab-b3bd-c5a10f730980#83-t11, previous=(t:11, i:28), leaderCommit=28, initializing? false, entries: <empty>
2019-10-16 05:41:34,706 [main] INFO  ozoneimpl.OzoneContainer (OzoneContainer.java:stop(227)) - Attempting to stop container services.
2019-10-16 05:41:34,707 [main] INFO  impl.RaftServerProxy (RaftServerProxy.java:lambda$close$4(314)) - 73edb6ac-4c26-463f-ad6d-00f88e6dbd58: close
2019-10-16 05:41:34,707 [main] INFO  impl.RaftServerImpl (RaftServerImpl.java:lambda$shutdown$3(261)) - 73edb6ac-4c26-463f-ad6d-00f88e6dbd58@group-500D4849A3ED: shutdown
2019-10-16 05:41:34,708 [ForkJoinPool.commonPool-worker-1] INFO  impl.RaftServerImpl (RaftServerImpl.java:lambda$shutdown$3(261)) - 73edb6ac-4c26-463f-ad6d-00f88e6dbd58@group-AFFE1363742F: shutdown
2019-10-16 05:41:34,708 [main] INFO  util.JmxRegister (JmxRegister.java:unregister(73)) - Successfully un-registered JMX Bean with object name Ratis:service=RaftServer,group=group-500D4849A3ED,id=73edb6ac-4c26-463f-ad6d-00f88e6dbd58
2019-10-16 05:41:34,708 [ForkJoinPool.commonPool-worker-1] INFO  util.JmxRegister (JmxRegister.java:unregister(73)) - Successfully un-registered JMX Bean with object name Ratis:service=RaftServer,group=group-AFFE1363742F,id=73edb6ac-4c26-463f-ad6d-00f88e6dbd58
2019-10-16 05:41:34,709 [main] INFO  impl.RoleInfo (RoleInfo.java:shutdownLeaderState(104)) - 73edb6ac-4c26-463f-ad6d-00f88e6dbd58: shutdown LeaderState
2019-10-16 05:41:34,709 [ForkJoinPool.commonPool-worker-1] INFO  impl.RoleInfo (RoleInfo.java:shutdownLeaderState(104)) - 73edb6ac-4c26-463f-ad6d-00f88e6dbd58: shutdown LeaderState
2019-10-16 05:41:34,709 [main] INFO  impl.PendingRequests (PendingRequests.java:sendNotLeaderResponses(202)) - 73edb6ac-4c26-463f-ad6d-00f88e6dbd58@group-500D4849A3ED-PendingRequests: sendNotLeaderResponses
2019-10-16 05:41:34,715 [org.apache.ratis.server.impl.LogAppender$AppenderDaemon$$Lambda$472/261109162@75c777a4] WARN  server.GrpcLogAppender (GrpcLogAppender.java:mayWait(149)) - 73edb6ac-4c26-463f-ad6d-00f88e6dbd58@group-AFFE1363742F->163c5688-ede5-44ab-b3bd-c5a10f730980-GrpcLogAppender: Wait interrupted by java.lang.InterruptedException
2019-10-16 05:41:34,715 [org.apache.ratis.server.impl.LogAppender$AppenderDaemon$$Lambda$472/261109162@53884bf3] WARN  server.GrpcLogAppender (GrpcLogAppender.java:mayWait(149)) - 73edb6ac-4c26-463f-ad6d-00f88e6dbd58@group-AFFE1363742F->a85e69e5-760c-4b40-a424-fc77673779df-GrpcLogAppender: Wait interrupted by java.lang.InterruptedException
2019-10-16 05:41:34,715 [ForkJoinPool.commonPool-worker-1] INFO  impl.PendingRequests (PendingRequests.java:sendNotLeaderResponses(202)) - 73edb6ac-4c26-463f-ad6d-00f88e6dbd58@group-AFFE1363742F-PendingRequests: sendNotLeaderResponses
2019-10-16 05:41:34,716 [main] INFO  impl.StateMachineUpdater (StateMachineUpdater.java:stopAndJoin(136)) - 73edb6ac-4c26-463f-ad6d-00f88e6dbd58@group-500D4849A3ED-StateMachineUpdater: set stopIndex = 0
2019-10-16 05:41:34,717 [grpc-default-executor-5] INFO  server.GrpcServerProtocolService (GrpcServerProtocolService.java:onCompleted(113)) - a85e69e5-760c-4b40-a424-fc77673779df: Completed APPEND_ENTRIES, lastRequest: 73edb6ac-4c26-463f-ad6d-00f88e6dbd58->a85e69e5-760c-4b40-a424-fc77673779df#87-t11, previous=(t:11, i:28), leaderCommit=28, initializing? false, entries: <empty>
2019-10-16 05:41:34,717 [main] INFO  impl.RaftServerImpl (ServerState.java:close(388)) - 73edb6ac-4c26-463f-ad6d-00f88e6dbd58@group-500D4849A3ED: closes. applyIndex: 0
2019-10-16 05:41:34,718 [73edb6ac-4c26-463f-ad6d-00f88e6dbd58@group-500D4849A3ED-SegmentedRaftLogWorker] INFO  segmented.SegmentedRaftLogWorker (SegmentedRaftLogWorker.java:run(316)) - 73edb6ac-4c26-463f-ad6d-00f88e6dbd58@group-500D4849A3ED-SegmentedRaftLogWorker was interrupted, exiting. There are 0 tasks remaining in the queue.
2019-10-16 05:41:34,721 [grpc-default-executor-5] INFO  server.GrpcLogAppender (GrpcLogAppender.java:onCompleted(308)) - 73edb6ac-4c26-463f-ad6d-00f88e6dbd58@group-AFFE1363742F->a85e69e5-760c-4b40-a424-fc77673779df-AppendLogResponseHandler: follower responses appendEntries COMPLETED
2019-10-16 05:41:34,725 [grpc-default-executor-5] INFO  impl.FollowerInfo (FollowerInfo.java:lambda$new$0(51)) - 73edb6ac-4c26-463f-ad6d-00f88e6dbd58@group-AFFE1363742F->a85e69e5-760c-4b40-a424-fc77673779df: nextIndex: updateUnconditionally 29 -> 28
2019-10-16 05:41:34,732 [main] INFO  segmented.SegmentedRaftLogWorker (SegmentedRaftLogWorker.java:close(224)) - 73edb6ac-4c26-463f-ad6d-00f88e6dbd58@group-500D4849A3ED-SegmentedRaftLogWorker close()
2019-10-16 05:41:34,736 [ForkJoinPool.commonPool-worker-1] INFO  impl.StateMachineUpdater (StateMachineUpdater.java:stopAndJoin(136)) - 73edb6ac-4c26-463f-ad6d-00f88e6dbd58@group-AFFE1363742F-StateMachineUpdater: set stopIndex = 28
2019-10-16 05:41:34,737 [73edb6ac-4c26-463f-ad6d-00f88e6dbd58@group-AFFE1363742F-StateMachineUpdater] INFO  ratis.ContainerStateMachine (ContainerStateMachine.java:takeSnapshot(294)) - group-AFFE1363742F: Taking a snapshot at:(t:11, i:27) file /workdir/hadoop-ozone/integration-test/target/test-dir/MiniOzoneClusterImpl-2ede335a-ebf0-4a23-bcb3-98605d830964/datanode-5/data/ratis/95272ce7-baeb-427f-b9ae-affe1363742f/sm/snapshot.11_27
2019-10-16 05:41:34,737 [Thread-1061] INFO  client.GrpcClientProtocolService (GrpcClientProtocolService.java:lambda$processClientRequest$0(278)) - Failed RaftClientRequest:client-E49425DFE6AB->73edb6ac-4c26-463f-ad6d-00f88e6dbd58@group-AFFE1363742F, cid=52, seq=0, Watch-ALL_COMMITTED(18), Message:<EMPTY>, reply=RaftClientReply:client-E49425DFE6AB->73edb6ac-4c26-463f-ad6d-00f88e6dbd58@group-AFFE1363742F, cid=52, FAILED org.apache.ratis.protocol.NotLeaderException: Server 73edb6ac-4c26-463f-ad6d-00f88e6dbd58@group-AFFE1363742F is not the leader, logIndex=0, commits[73edb6ac-4c26-463f-ad6d-00f88e6dbd58:c28]
2019-10-16 05:41:34,744 [73edb6ac-4c26-463f-ad6d-00f88e6dbd58@group-AFFE1363742F-StateMachineUpdater] INFO  ratis.ContainerStateMachine (ContainerStateMachine.java:takeSnapshot(305)) - group-AFFE1363742F: Finished taking a snapshot at:(t:11, i:27) file:/workdir/hadoop-ozone/integration-test/target/test-dir/MiniOzoneClusterImpl-2ede335a-ebf0-4a23-bcb3-98605d830964/datanode-5/data/ratis/95272ce7-baeb-427f-b9ae-affe1363742f/sm/snapshot.11_27 time:7
2019-10-16 05:41:34,744 [73edb6ac-4c26-463f-ad6d-00f88e6dbd58@group-AFFE1363742F-StateMachineUpdater] INFO  impl.StateMachineUpdater (StateMachineUpdater.java:takeSnapshot(269)) - 73edb6ac-4c26-463f-ad6d-00f88e6dbd58@group-AFFE1363742F-StateMachineUpdater: Took a snapshot at index 27
2019-10-16 05:41:34,744 [73edb6ac-4c26-463f-ad6d-00f88e6dbd58@group-AFFE1363742F-StateMachineUpdater] INFO  impl.StateMachineUpdater (StateMachineUpdater.java:lambda$new$0(84)) - 73edb6ac-4c26-463f-ad6d-00f88e6dbd58@group-AFFE1363742F-StateMachineUpdater: snapshotIndex: updateIncreasingly -1 -> 27
2019-10-16 05:41:34,745 [73edb6ac-4c26-463f-ad6d-00f88e6dbd58@group-AFFE1363742F-StateMachineUpdater] INFO  ratis.ContainerStateMachine (ContainerStateMachine.java:takeSnapshot(294)) - group-AFFE1363742F: Taking a snapshot at:(t:11, i:27) file /workdir/hadoop-ozone/integration-test/target/test-dir/MiniOzoneClusterImpl-2ede335a-ebf0-4a23-bcb3-98605d830964/datanode-5/data/ratis/95272ce7-baeb-427f-b9ae-affe1363742f/sm/snapshot.11_27
2019-10-16 05:41:34,757 [73edb6ac-4c26-463f-ad6d-00f88e6dbd58@group-AFFE1363742F-StateMachineUpdater] INFO  ratis.ContainerStateMachine (ContainerStateMachine.java:takeSnapshot(305)) - group-AFFE1363742F: Finished taking a snapshot at:(t:11, i:27) file:/workdir/hadoop-ozone/integration-test/target/test-dir/MiniOzoneClusterImpl-2ede335a-ebf0-4a23-bcb3-98605d830964/datanode-5/data/ratis/95272ce7-baeb-427f-b9ae-affe1363742f/sm/snapshot.11_27 time:12
2019-10-16 05:41:34,757 [73edb6ac-4c26-463f-ad6d-00f88e6dbd58@group-AFFE1363742F-StateMachineUpdater] INFO  impl.StateMachineUpdater (StateMachineUpdater.java:takeSnapshot(269)) - 73edb6ac-4c26-463f-ad6d-00f88e6dbd58@group-AFFE1363742F-StateMachineUpdater: Took a snapshot at index 27
2019-10-16 05:41:34,757 [73edb6ac-4c26-463f-ad6d-00f88e6dbd58@group-AFFE1363742F-StateMachineUpdater] INFO  impl.StateMachineUpdater (StateMachineUpdater.java:lambda$new$0(84)) - 73edb6ac-4c26-463f-ad6d-00f88e6dbd58@group-AFFE1363742F-StateMachineUpdater: snapshotIndex: updateIncreasingly 27 -> 27
2019-10-16 05:41:34,758 [ForkJoinPool.commonPool-worker-1] INFO  impl.RaftServerImpl (ServerState.java:close(388)) - 73edb6ac-4c26-463f-ad6d-00f88e6dbd58@group-AFFE1363742F: closes. applyIndex: 28
2019-10-16 05:41:34,758 [73edb6ac-4c26-463f-ad6d-00f88e6dbd58@group-AFFE1363742F-SegmentedRaftLogWorker] INFO  segmented.SegmentedRaftLogWorker (SegmentedRaftLogWorker.java:run(316)) - 73edb6ac-4c26-463f-ad6d-00f88e6dbd58@group-AFFE1363742F-SegmentedRaftLogWorker was interrupted, exiting. There are 0 tasks remaining in the queue.
2019-10-16 05:41:34,760 [ForkJoinPool.commonPool-worker-1] INFO  segmented.SegmentedRaftLogWorker (SegmentedRaftLogWorker.java:close(224)) - 73edb6ac-4c26-463f-ad6d-00f88e6dbd58@group-AFFE1363742F-SegmentedRaftLogWorker close()
2019-10-16 05:41:34,764 [main] INFO  server.GrpcService (GrpcService.java:closeImpl(164)) - 73edb6ac-4c26-463f-ad6d-00f88e6dbd58: shutdown server with port 35488 now
2019-10-16 05:41:34,765 [main] INFO  server.GrpcService (GrpcService.java:closeImpl(172)) - 73edb6ac-4c26-463f-ad6d-00f88e6dbd58: shutdown server with port 35488 successfully
2019-10-16 05:41:34,766 [refreshUsed-/workdir/hadoop-ozone/integration-test/target/test-dir/MiniOzoneClusterImpl-2ede335a-ebf0-4a23-bcb3-98605d830964/datanode-5/data/containers] WARN  fs.CachingGetSpaceUsed (CachingGetSpaceUsed.java:run(183)) - Thread Interrupted waiting to refresh disk information: sleep interrupted
2019-10-16 05:41:34,790 [main] INFO  utils.BackgroundService (BackgroundService.java:shutdown(151)) - Shutting down service BlockDeletingService
2019-10-16 05:41:34,796 [main] INFO  statemachine.DatanodeStateMachine (DatanodeStateMachine.java:stopDaemon(395)) - Ozone container server stopped.
2019-10-16 05:41:34,798 [main] INFO  handler.ContextHandler (ContextHandler.java:doStop(910)) - Stopped o.e.j.w.WebAppContext@7fb29ca9{/,null,UNAVAILABLE}{/hddsDatanode}
2019-10-16 05:41:34,799 [main] INFO  server.AbstractConnector (AbstractConnector.java:doStop(318)) - Stopped ServerConnector@1e253c9d{HTTP/1.1,[http/1.1]}{0.0.0.0:0}
2019-10-16 05:41:34,799 [main] INFO  handler.ContextHandler (ContextHandler.java:doStop(910)) - Stopped o.e.j.s.ServletContextHandler@762637be{/static,jar:file:/home/user/.m2/repository/org/apache/hadoop/hadoop-hdds-container-service/0.5.0-SNAPSHOT/hadoop-hdds-container-service-0.5.0-SNAPSHOT.jar!/webapps/static,UNAVAILABLE}
2019-10-16 05:41:34,800 [main] INFO  handler.ContextHandler (ContextHandler.java:doStop(910)) - Stopped o.e.j.s.ServletContextHandler@72f9f27c{/logs,file:///workdir/hadoop-ozone/integration-test/target/log,UNAVAILABLE}
2019-10-16 05:41:35,204 [java.util.concurrent.ThreadPoolExecutor$Worker@6d2348e8[State = -1, empty queue]] WARN  server.GrpcLogAppender (GrpcLogAppender.java:timeoutAppendRequest(209)) - 73edb6ac-4c26-463f-ad6d-00f88e6dbd58@group-AFFE1363742F->163c5688-ede5-44ab-b3bd-c5a10f730980-GrpcLogAppender: appendEntries Timeout, request=73edb6ac-4c26-463f-ad6d-00f88e6dbd58->163c5688-ede5-44ab-b3bd-c5a10f730980#84-t11, previous=(t:11, i:28), leaderCommit=28, initializing? false, entries: <empty>
2019-10-16 05:41:35,704 [java.util.concurrent.ThreadPoolExecutor$Worker@6d2348e8[State = -1, empty queue]] WARN  server.GrpcLogAppender (GrpcLogAppender.java:timeoutAppendRequest(209)) - 73edb6ac-4c26-463f-ad6d-00f88e6dbd58@group-AFFE1363742F->163c5688-ede5-44ab-b3bd-c5a10f730980-GrpcLogAppender: appendEntries Timeout, request=73edb6ac-4c26-463f-ad6d-00f88e6dbd58->163c5688-ede5-44ab-b3bd-c5a10f730980#85-t11, previous=(t:11, i:28), leaderCommit=28, initializing? false, entries: <empty>
2019-10-16 05:41:35,743 [Thread-1071] INFO  client.GrpcClientProtocolService (GrpcClientProtocolService.java:lambda$processClientRequest$0(278)) - Failed RaftClientRequest:client-E49425DFE6AB->a85e69e5-760c-4b40-a424-fc77673779df@group-AFFE1363742F, cid=52, seq=0, Watch-ALL_COMMITTED(18), Message:<EMPTY>, reply=RaftClientReply:client-E49425DFE6AB->a85e69e5-760c-4b40-a424-fc77673779df@group-AFFE1363742F, cid=52, FAILED org.apache.ratis.protocol.NotLeaderException: Server a85e69e5-760c-4b40-a424-fc77673779df@group-AFFE1363742F is not the leader 73edb6ac-4c26-463f-ad6d-00f88e6dbd58:192.168.69.104:35488, logIndex=0, commits[a85e69e5-760c-4b40-a424-fc77673779df:c28, 163c5688-ede5-44ab-b3bd-c5a10f730980:c16, 73edb6ac-4c26-463f-ad6d-00f88e6dbd58:c28]
2019-10-16 05:41:36,204 [java.util.concurrent.ThreadPoolExecutor$Worker@6d2348e8[State = -1, empty queue]] WARN  server.GrpcLogAppender (GrpcLogAppender.java:timeoutAppendRequest(209)) - 73edb6ac-4c26-463f-ad6d-00f88e6dbd58@group-AFFE1363742F->163c5688-ede5-44ab-b3bd-c5a10f730980-GrpcLogAppender: appendEntries Timeout, request=73edb6ac-4c26-463f-ad6d-00f88e6dbd58->163c5688-ede5-44ab-b3bd-c5a10f730980#86-t11, previous=(t:11, i:28), leaderCommit=28, initializing? false, entries: <empty>
2019-10-16 05:41:36,317 [Thread-504] INFO  impl.FollowerState (FollowerState.java:run(108)) - a85e69e5-760c-4b40-a424-fc77673779df@group-AFFE1363742F-FollowerState: change to CANDIDATE, lastRpcTime:2072ms, electionTimeout:1041ms
2019-10-16 05:41:36,317 [Thread-504] INFO  impl.RoleInfo (RoleInfo.java:shutdownFollowerState(121)) - a85e69e5-760c-4b40-a424-fc77673779df: shutdown FollowerState
2019-10-16 05:41:36,317 [Thread-504] INFO  impl.RaftServerImpl (RaftServerImpl.java:setRole(184)) - a85e69e5-760c-4b40-a424-fc77673779df@group-AFFE1363742F: changes role from  FOLLOWER to CANDIDATE at term 11 for changeToCandidate
2019-10-16 05:41:36,318 [Thread-504] INFO  impl.RoleInfo (RoleInfo.java:updateAndGet(143)) - a85e69e5-760c-4b40-a424-fc77673779df: start LeaderElection
2019-10-16 05:41:36,318 [a85e69e5-760c-4b40-a424-fc77673779df@group-AFFE1363742F-LeaderElection31] INFO  impl.RaftServerImpl (ServerState.java:setLeader(256)) - a85e69e5-760c-4b40-a424-fc77673779df@group-AFFE1363742F: change Leader from 73edb6ac-4c26-463f-ad6d-00f88e6dbd58 to null at term 11 for initElection
2019-10-16 05:41:36,333 [a85e69e5-760c-4b40-a424-fc77673779df@group-AFFE1363742F-LeaderElection31] INFO  impl.LeaderElection (LeaderElection.java:askForVotes(178)) - a85e69e5-760c-4b40-a424-fc77673779df@group-AFFE1363742F-LeaderElection31: begin an election at term 12 for 0: [163c5688-ede5-44ab-b3bd-c5a10f730980:192.168.69.104:45225, a85e69e5-760c-4b40-a424-fc77673779df:192.168.69.104:37941, 73edb6ac-4c26-463f-ad6d-00f88e6dbd58:192.168.69.104:35488], old=null
2019-10-16 05:41:36,352 [a85e69e5-760c-4b40-a424-fc77673779df@group-AFFE1363742F-LeaderElection31] INFO  impl.LeaderElection (LogUtils.java:infoOrTrace(149)) - a85e69e5-760c-4b40-a424-fc77673779df@group-AFFE1363742F-LeaderElection31 got exception when requesting votes: {}
java.util.concurrent.ExecutionException: org.apache.ratis.thirdparty.io.grpc.StatusRuntimeException: UNAVAILABLE: io exception
	at java.util.concurrent.FutureTask.report(FutureTask.java:122)
	at java.util.concurrent.FutureTask.get(FutureTask.java:192)
	at org.apache.ratis.server.impl.LeaderElection.waitForResults(LeaderElection.java:259)
	at org.apache.ratis.server.impl.LeaderElection.askForVotes(LeaderElection.java:197)
	at org.apache.ratis.server.impl.LeaderElection.run(LeaderElection.java:133)
	at java.lang.Thread.run(Thread.java:748)
Caused by: org.apache.ratis.thirdparty.io.grpc.StatusRuntimeException: UNAVAILABLE: io exception
	at org.apache.ratis.thirdparty.io.grpc.stub.ClientCalls.toStatusRuntimeException(ClientCalls.java:233)
	at org.apache.ratis.thirdparty.io.grpc.stub.ClientCalls.getUnchecked(ClientCalls.java:214)
	at org.apache.ratis.thirdparty.io.grpc.stub.ClientCalls.blockingUnaryCall(ClientCalls.java:139)
	at org.apache.ratis.proto.grpc.RaftServerProtocolServiceGrpc$RaftServerProtocolServiceBlockingStub.requestVote(RaftServerProtocolServiceGrpc.java:265)
	at org.apache.ratis.grpc.server.GrpcServerProtocolClient.requestVote(GrpcServerProtocolClient.java:99)
	at org.apache.ratis.grpc.server.GrpcService.requestVote(GrpcService.java:204)
	at org.apache.ratis.server.impl.LeaderElection.lambda$submitRequests$1(LeaderElection.java:234)
	at java.util.concurrent.FutureTask.run(FutureTask.java:266)
	at java.util.concurrent.Executors$RunnableAdapter.call(Executors.java:511)
	at java.util.concurrent.FutureTask.run(FutureTask.java:266)
	at java.util.concurrent.ThreadPoolExecutor.runWorker(ThreadPoolExecutor.java:1149)
	at java.util.concurrent.ThreadPoolExecutor$Worker.run(ThreadPoolExecutor.java:624)
	... 1 more
Caused by: org.apache.ratis.thirdparty.io.netty.channel.AbstractChannel$AnnotatedConnectException: Connection refused: /192.168.69.104:45225
	at sun.nio.ch.SocketChannelImpl.checkConnect(Native Method)
	at sun.nio.ch.SocketChannelImpl.finishConnect(SocketChannelImpl.java:717)
	at org.apache.ratis.thirdparty.io.netty.channel.socket.nio.NioSocketChannel.doFinishConnect(NioSocketChannel.java:327)
	at org.apache.ratis.thirdparty.io.netty.channel.nio.AbstractNioChannel$AbstractNioUnsafe.finishConnect(AbstractNioChannel.java:340)
	at org.apache.ratis.thirdparty.io.netty.channel.nio.NioEventLoop.processSelectedKey(NioEventLoop.java:632)
	at org.apache.ratis.thirdparty.io.netty.channel.nio.NioEventLoop.processSelectedKeysOptimized(NioEventLoop.java:579)
	at org.apache.ratis.thirdparty.io.netty.channel.nio.NioEventLoop.processSelectedKeys(NioEventLoop.java:496)
	at org.apache.ratis.thirdparty.io.netty.channel.nio.NioEventLoop.run(NioEventLoop.java:458)
	at org.apache.ratis.thirdparty.io.netty.util.concurrent.SingleThreadEventExecutor$5.run(SingleThreadEventExecutor.java:897)
	at org.apache.ratis.thirdparty.io.netty.util.concurrent.FastThreadLocalRunnable.run(FastThreadLocalRunnable.java:30)
	... 1 more
Caused by: java.net.ConnectException: Connection refused
	... 11 more
2019-10-16 05:41:36,355 [a85e69e5-760c-4b40-a424-fc77673779df@group-AFFE1363742F-LeaderElection31] INFO  impl.LeaderElection (LogUtils.java:infoOrTrace(149)) - a85e69e5-760c-4b40-a424-fc77673779df@group-AFFE1363742F-LeaderElection31 got exception when requesting votes: {}
java.util.concurrent.ExecutionException: org.apache.ratis.thirdparty.io.grpc.StatusRuntimeException: UNAVAILABLE: io exception
	at java.util.concurrent.FutureTask.report(FutureTask.java:122)
	at java.util.concurrent.FutureTask.get(FutureTask.java:192)
	at org.apache.ratis.server.impl.LeaderElection.waitForResults(LeaderElection.java:259)
	at org.apache.ratis.server.impl.LeaderElection.askForVotes(LeaderElection.java:197)
	at org.apache.ratis.server.impl.LeaderElection.run(LeaderElection.java:133)
	at java.lang.Thread.run(Thread.java:748)
Caused by: org.apache.ratis.thirdparty.io.grpc.StatusRuntimeException: UNAVAILABLE: io exception
	at org.apache.ratis.thirdparty.io.grpc.stub.ClientCalls.toStatusRuntimeException(ClientCalls.java:233)
	at org.apache.ratis.thirdparty.io.grpc.stub.ClientCalls.getUnchecked(ClientCalls.java:214)
	at org.apache.ratis.thirdparty.io.grpc.stub.ClientCalls.blockingUnaryCall(ClientCalls.java:139)
	at org.apache.ratis.proto.grpc.RaftServerProtocolServiceGrpc$RaftServerProtocolServiceBlockingStub.requestVote(RaftServerProtocolServiceGrpc.java:265)
	at org.apache.ratis.grpc.server.GrpcServerProtocolClient.requestVote(GrpcServerProtocolClient.java:99)
	at org.apache.ratis.grpc.server.GrpcService.requestVote(GrpcService.java:204)
	at org.apache.ratis.server.impl.LeaderElection.lambda$submitRequests$1(LeaderElection.java:234)
	at java.util.concurrent.FutureTask.run(FutureTask.java:266)
	at java.util.concurrent.Executors$RunnableAdapter.call(Executors.java:511)
	at java.util.concurrent.FutureTask.run(FutureTask.java:266)
	at java.util.concurrent.ThreadPoolExecutor.runWorker(ThreadPoolExecutor.java:1149)
	at java.util.concurrent.ThreadPoolExecutor$Worker.run(ThreadPoolExecutor.java:624)
	... 1 more
Caused by: org.apache.ratis.thirdparty.io.netty.channel.AbstractChannel$AnnotatedConnectException: Connection refused: /192.168.69.104:35488
	at sun.nio.ch.SocketChannelImpl.checkConnect(Native Method)
	at sun.nio.ch.SocketChannelImpl.finishConnect(SocketChannelImpl.java:717)
	at org.apache.ratis.thirdparty.io.netty.channel.socket.nio.NioSocketChannel.doFinishConnect(NioSocketChannel.java:327)
	at org.apache.ratis.thirdparty.io.netty.channel.nio.AbstractNioChannel$AbstractNioUnsafe.finishConnect(AbstractNioChannel.java:340)
	at org.apache.ratis.thirdparty.io.netty.channel.nio.NioEventLoop.processSelectedKey(NioEventLoop.java:632)
	at org.apache.ratis.thirdparty.io.netty.channel.nio.NioEventLoop.processSelectedKeysOptimized(NioEventLoop.java:579)
	at org.apache.ratis.thirdparty.io.netty.channel.nio.NioEventLoop.processSelectedKeys(NioEventLoop.java:496)
	at org.apache.ratis.thirdparty.io.netty.channel.nio.NioEventLoop.run(NioEventLoop.java:458)
	at org.apache.ratis.thirdparty.io.netty.util.concurrent.SingleThreadEventExecutor$5.run(SingleThreadEventExecutor.java:897)
	at org.apache.ratis.thirdparty.io.netty.util.concurrent.FastThreadLocalRunnable.run(FastThreadLocalRunnable.java:30)
	... 1 more
Caused by: java.net.ConnectException: Connection refused
	... 11 more
2019-10-16 05:41:36,358 [a85e69e5-760c-4b40-a424-fc77673779df@group-AFFE1363742F-LeaderElection31] INFO  impl.LeaderElection (LeaderElection.java:logAndReturn(56)) - a85e69e5-760c-4b40-a424-fc77673779df@group-AFFE1363742F-LeaderElection31: Election REJECTED; received 0 response(s) [] and 2 exception(s); a85e69e5-760c-4b40-a424-fc77673779df@group-AFFE1363742F:t12, leader=null, voted=a85e69e5-760c-4b40-a424-fc77673779df, raftlog=a85e69e5-760c-4b40-a424-fc77673779df@group-AFFE1363742F-SegmentedRaftLog:OPENED:c28,f28,i28, conf=0: [163c5688-ede5-44ab-b3bd-c5a10f730980:192.168.69.104:45225, a85e69e5-760c-4b40-a424-fc77673779df:192.168.69.104:37941, 73edb6ac-4c26-463f-ad6d-00f88e6dbd58:192.168.69.104:35488], old=null
2019-10-16 05:41:36,358 [a85e69e5-760c-4b40-a424-fc77673779df@group-AFFE1363742F-LeaderElection31] INFO  impl.LeaderElection (LogUtils.java:infoOrTrace(149)) -   Exception 0: {}
java.util.concurrent.ExecutionException: org.apache.ratis.thirdparty.io.grpc.StatusRuntimeException: UNAVAILABLE: io exception
	at java.util.concurrent.FutureTask.report(FutureTask.java:122)
	at java.util.concurrent.FutureTask.get(FutureTask.java:192)
	at org.apache.ratis.server.impl.LeaderElection.waitForResults(LeaderElection.java:259)
	at org.apache.ratis.server.impl.LeaderElection.askForVotes(LeaderElection.java:197)
	at org.apache.ratis.server.impl.LeaderElection.run(LeaderElection.java:133)
	at java.lang.Thread.run(Thread.java:748)
Caused by: org.apache.ratis.thirdparty.io.grpc.StatusRuntimeException: UNAVAILABLE: io exception
	at org.apache.ratis.thirdparty.io.grpc.stub.ClientCalls.toStatusRuntimeException(ClientCalls.java:233)
	at org.apache.ratis.thirdparty.io.grpc.stub.ClientCalls.getUnchecked(ClientCalls.java:214)
	at org.apache.ratis.thirdparty.io.grpc.stub.ClientCalls.blockingUnaryCall(ClientCalls.java:139)
	at org.apache.ratis.proto.grpc.RaftServerProtocolServiceGrpc$RaftServerProtocolServiceBlockingStub.requestVote(RaftServerProtocolServiceGrpc.java:265)
	at org.apache.ratis.grpc.server.GrpcServerProtocolClient.requestVote(GrpcServerProtocolClient.java:99)
	at org.apache.ratis.grpc.server.GrpcService.requestVote(GrpcService.java:204)
	at org.apache.ratis.server.impl.LeaderElection.lambda$submitRequests$1(LeaderElection.java:234)
	at java.util.concurrent.FutureTask.run(FutureTask.java:266)
	at java.util.concurrent.Executors$RunnableAdapter.call(Executors.java:511)
	at java.util.concurrent.FutureTask.run(FutureTask.java:266)
	at java.util.concurrent.ThreadPoolExecutor.runWorker(ThreadPoolExecutor.java:1149)
	at java.util.concurrent.ThreadPoolExecutor$Worker.run(ThreadPoolExecutor.java:624)
	... 1 more
Caused by: org.apache.ratis.thirdparty.io.netty.channel.AbstractChannel$AnnotatedConnectException: Connection refused: /192.168.69.104:45225
	at sun.nio.ch.SocketChannelImpl.checkConnect(Native Method)
	at sun.nio.ch.SocketChannelImpl.finishConnect(SocketChannelImpl.java:717)
	at org.apache.ratis.thirdparty.io.netty.channel.socket.nio.NioSocketChannel.doFinishConnect(NioSocketChannel.java:327)
	at org.apache.ratis.thirdparty.io.netty.channel.nio.AbstractNioChannel$AbstractNioUnsafe.finishConnect(AbstractNioChannel.java:340)
	at org.apache.ratis.thirdparty.io.netty.channel.nio.NioEventLoop.processSelectedKey(NioEventLoop.java:632)
	at org.apache.ratis.thirdparty.io.netty.channel.nio.NioEventLoop.processSelectedKeysOptimized(NioEventLoop.java:579)
	at org.apache.ratis.thirdparty.io.netty.channel.nio.NioEventLoop.processSelectedKeys(NioEventLoop.java:496)
	at org.apache.ratis.thirdparty.io.netty.channel.nio.NioEventLoop.run(NioEventLoop.java:458)
	at org.apache.ratis.thirdparty.io.netty.util.concurrent.SingleThreadEventExecutor$5.run(SingleThreadEventExecutor.java:897)
	at org.apache.ratis.thirdparty.io.netty.util.concurrent.FastThreadLocalRunnable.run(FastThreadLocalRunnable.java:30)
	... 1 more
Caused by: java.net.ConnectException: Connection refused
	... 11 more
2019-10-16 05:41:36,359 [a85e69e5-760c-4b40-a424-fc77673779df@group-AFFE1363742F-LeaderElection31] INFO  impl.LeaderElection (LogUtils.java:infoOrTrace(149)) -   Exception 1: {}
java.util.concurrent.ExecutionException: org.apache.ratis.thirdparty.io.grpc.StatusRuntimeException: UNAVAILABLE: io exception
	at java.util.concurrent.FutureTask.report(FutureTask.java:122)
	at java.util.concurrent.FutureTask.get(FutureTask.java:192)
	at org.apache.ratis.server.impl.LeaderElection.waitForResults(LeaderElection.java:259)
	at org.apache.ratis.server.impl.LeaderElection.askForVotes(LeaderElection.java:197)
	at org.apache.ratis.server.impl.LeaderElection.run(LeaderElection.java:133)
	at java.lang.Thread.run(Thread.java:748)
Caused by: org.apache.ratis.thirdparty.io.grpc.StatusRuntimeException: UNAVAILABLE: io exception
	at org.apache.ratis.thirdparty.io.grpc.stub.ClientCalls.toStatusRuntimeException(ClientCalls.java:233)
	at org.apache.ratis.thirdparty.io.grpc.stub.ClientCalls.getUnchecked(ClientCalls.java:214)
	at org.apache.ratis.thirdparty.io.grpc.stub.ClientCalls.blockingUnaryCall(ClientCalls.java:139)
	at org.apache.ratis.proto.grpc.RaftServerProtocolServiceGrpc$RaftServerProtocolServiceBlockingStub.requestVote(RaftServerProtocolServiceGrpc.java:265)
	at org.apache.ratis.grpc.server.GrpcServerProtocolClient.requestVote(GrpcServerProtocolClient.java:99)
	at org.apache.ratis.grpc.server.GrpcService.requestVote(GrpcService.java:204)
	at org.apache.ratis.server.impl.LeaderElection.lambda$submitRequests$1(LeaderElection.java:234)
	at java.util.concurrent.FutureTask.run(FutureTask.java:266)
	at java.util.concurrent.Executors$RunnableAdapter.call(Executors.java:511)
	at java.util.concurrent.FutureTask.run(FutureTask.java:266)
	at java.util.concurrent.ThreadPoolExecutor.runWorker(ThreadPoolExecutor.java:1149)
	at java.util.concurrent.ThreadPoolExecutor$Worker.run(ThreadPoolExecutor.java:624)
	... 1 more
Caused by: org.apache.ratis.thirdparty.io.netty.channel.AbstractChannel$AnnotatedConnectException: Connection refused: /192.168.69.104:35488
	at sun.nio.ch.SocketChannelImpl.checkConnect(Native Method)
	at sun.nio.ch.SocketChannelImpl.finishConnect(SocketChannelImpl.java:717)
	at org.apache.ratis.thirdparty.io.netty.channel.socket.nio.NioSocketChannel.doFinishConnect(NioSocketChannel.java:327)
	at org.apache.ratis.thirdparty.io.netty.channel.nio.AbstractNioChannel$AbstractNioUnsafe.finishConnect(AbstractNioChannel.java:340)
	at org.apache.ratis.thirdparty.io.netty.channel.nio.NioEventLoop.processSelectedKey(NioEventLoop.java:632)
	at org.apache.ratis.thirdparty.io.netty.channel.nio.NioEventLoop.processSelectedKeysOptimized(NioEventLoop.java:579)
	at org.apache.ratis.thirdparty.io.netty.channel.nio.NioEventLoop.processSelectedKeys(NioEventLoop.java:496)
	at org.apache.ratis.thirdparty.io.netty.channel.nio.NioEventLoop.run(NioEventLoop.java:458)
	at org.apache.ratis.thirdparty.io.netty.util.concurrent.SingleThreadEventExecutor$5.run(SingleThreadEventExecutor.java:897)
	at org.apache.ratis.thirdparty.io.netty.util.concurrent.FastThreadLocalRunnable.run(FastThreadLocalRunnable.java:30)
	... 1 more
Caused by: java.net.ConnectException: Connection refused
	... 11 more
2019-10-16 05:41:36,360 [a85e69e5-760c-4b40-a424-fc77673779df@group-AFFE1363742F-LeaderElection31] INFO  impl.RaftServerImpl (RaftServerImpl.java:setRole(184)) - a85e69e5-760c-4b40-a424-fc77673779df@group-AFFE1363742F: changes role from CANDIDATE to FOLLOWER at term 12 for DISCOVERED_A_NEW_TERM
2019-10-16 05:41:36,361 [a85e69e5-760c-4b40-a424-fc77673779df@group-AFFE1363742F-LeaderElection31] INFO  impl.RoleInfo (RoleInfo.java:shutdownLeaderElection(134)) - a85e69e5-760c-4b40-a424-fc77673779df: shutdown LeaderElection
2019-10-16 05:41:36,361 [a85e69e5-760c-4b40-a424-fc77673779df@group-AFFE1363742F-LeaderElection31] INFO  impl.RoleInfo (RoleInfo.java:updateAndGet(143)) - a85e69e5-760c-4b40-a424-fc77673779df: start FollowerState
2019-10-16 05:41:36,705 [java.util.concurrent.ThreadPoolExecutor$Worker@6d2348e8[State = -1, empty queue]] WARN  server.GrpcLogAppender (GrpcLogAppender.java:timeoutAppendRequest(209)) - 73edb6ac-4c26-463f-ad6d-00f88e6dbd58@group-AFFE1363742F->163c5688-ede5-44ab-b3bd-c5a10f730980-GrpcLogAppender: appendEntries Timeout, request=73edb6ac-4c26-463f-ad6d-00f88e6dbd58->163c5688-ede5-44ab-b3bd-c5a10f730980#87-t11, previous=(t:11, i:28), leaderCommit=28, initializing? false, entries: <empty>
2019-10-16 05:41:37,205 [java.util.concurrent.ThreadPoolExecutor$Worker@6d2348e8[State = -1, empty queue]] WARN  server.GrpcLogAppender (GrpcLogAppender.java:timeoutAppendRequest(209)) - 73edb6ac-4c26-463f-ad6d-00f88e6dbd58@group-AFFE1363742F->163c5688-ede5-44ab-b3bd-c5a10f730980-GrpcLogAppender: appendEntries Timeout, request=73edb6ac-4c26-463f-ad6d-00f88e6dbd58->163c5688-ede5-44ab-b3bd-c5a10f730980#88-t11, previous=(t:11, i:28), leaderCommit=28, initializing? false, entries: <empty>
2019-10-16 05:41:37,545 [Thread-1080] INFO  impl.FollowerState (FollowerState.java:run(108)) - a85e69e5-760c-4b40-a424-fc77673779df@group-AFFE1363742F-FollowerState: change to CANDIDATE, lastRpcTime:1184ms, electionTimeout:1184ms
2019-10-16 05:41:37,546 [Thread-1080] INFO  impl.RoleInfo (RoleInfo.java:shutdownFollowerState(121)) - a85e69e5-760c-4b40-a424-fc77673779df: shutdown FollowerState
2019-10-16 05:41:37,546 [Thread-1080] INFO  impl.RaftServerImpl (RaftServerImpl.java:setRole(184)) - a85e69e5-760c-4b40-a424-fc77673779df@group-AFFE1363742F: changes role from  FOLLOWER to CANDIDATE at term 12 for changeToCandidate
2019-10-16 05:41:37,546 [Thread-1080] INFO  impl.RoleInfo (RoleInfo.java:updateAndGet(143)) - a85e69e5-760c-4b40-a424-fc77673779df: start LeaderElection
2019-10-16 05:41:37,572 [a85e69e5-760c-4b40-a424-fc77673779df@group-AFFE1363742F-LeaderElection32] INFO  impl.LeaderElection (LeaderElection.java:askForVotes(178)) - a85e69e5-760c-4b40-a424-fc77673779df@group-AFFE1363742F-LeaderElection32: begin an election at term 13 for 0: [163c5688-ede5-44ab-b3bd-c5a10f730980:192.168.69.104:45225, a85e69e5-760c-4b40-a424-fc77673779df:192.168.69.104:37941, 73edb6ac-4c26-463f-ad6d-00f88e6dbd58:192.168.69.104:35488], old=null
2019-10-16 05:41:37,574 [a85e69e5-760c-4b40-a424-fc77673779df@group-AFFE1363742F-LeaderElection32] INFO  impl.LeaderElection (LogUtils.java:infoOrTrace(149)) - a85e69e5-760c-4b40-a424-fc77673779df@group-AFFE1363742F-LeaderElection32 got exception when requesting votes: {}
java.util.concurrent.ExecutionException: org.apache.ratis.thirdparty.io.grpc.StatusRuntimeException: UNAVAILABLE: io exception
	at java.util.concurrent.FutureTask.report(FutureTask.java:122)
	at java.util.concurrent.FutureTask.get(FutureTask.java:192)
	at org.apache.ratis.server.impl.LeaderElection.waitForResults(LeaderElection.java:259)
	at org.apache.ratis.server.impl.LeaderElection.askForVotes(LeaderElection.java:197)
	at org.apache.ratis.server.impl.LeaderElection.run(LeaderElection.java:133)
	at java.lang.Thread.run(Thread.java:748)
Caused by: org.apache.ratis.thirdparty.io.grpc.StatusRuntimeException: UNAVAILABLE: io exception
	at org.apache.ratis.thirdparty.io.grpc.stub.ClientCalls.toStatusRuntimeException(ClientCalls.java:233)
	at org.apache.ratis.thirdparty.io.grpc.stub.ClientCalls.getUnchecked(ClientCalls.java:214)
	at org.apache.ratis.thirdparty.io.grpc.stub.ClientCalls.blockingUnaryCall(ClientCalls.java:139)
	at org.apache.ratis.proto.grpc.RaftServerProtocolServiceGrpc$RaftServerProtocolServiceBlockingStub.requestVote(RaftServerProtocolServiceGrpc.java:265)
	at org.apache.ratis.grpc.server.GrpcServerProtocolClient.requestVote(GrpcServerProtocolClient.java:99)
	at org.apache.ratis.grpc.server.GrpcService.requestVote(GrpcService.java:204)
	at org.apache.ratis.server.impl.LeaderElection.lambda$submitRequests$1(LeaderElection.java:234)
	at java.util.concurrent.FutureTask.run(FutureTask.java:266)
	at java.util.concurrent.Executors$RunnableAdapter.call(Executors.java:511)
	at java.util.concurrent.FutureTask.run(FutureTask.java:266)
	at java.util.concurrent.ThreadPoolExecutor.runWorker(ThreadPoolExecutor.java:1149)
	at java.util.concurrent.ThreadPoolExecutor$Worker.run(ThreadPoolExecutor.java:624)
	... 1 more
Caused by: org.apache.ratis.thirdparty.io.netty.channel.AbstractChannel$AnnotatedConnectException: Connection refused: /192.168.69.104:45225
	at sun.nio.ch.SocketChannelImpl.checkConnect(Native Method)
	at sun.nio.ch.SocketChannelImpl.finishConnect(SocketChannelImpl.java:717)
	at org.apache.ratis.thirdparty.io.netty.channel.socket.nio.NioSocketChannel.doFinishConnect(NioSocketChannel.java:327)
	at org.apache.ratis.thirdparty.io.netty.channel.nio.AbstractNioChannel$AbstractNioUnsafe.finishConnect(AbstractNioChannel.java:340)
	at org.apache.ratis.thirdparty.io.netty.channel.nio.NioEventLoop.processSelectedKey(NioEventLoop.java:632)
	at org.apache.ratis.thirdparty.io.netty.channel.nio.NioEventLoop.processSelectedKeysOptimized(NioEventLoop.java:579)
	at org.apache.ratis.thirdparty.io.netty.channel.nio.NioEventLoop.processSelectedKeys(NioEventLoop.java:496)
	at org.apache.ratis.thirdparty.io.netty.channel.nio.NioEventLoop.run(NioEventLoop.java:458)
	at org.apache.ratis.thirdparty.io.netty.util.concurrent.SingleThreadEventExecutor$5.run(SingleThreadEventExecutor.java:897)
	at org.apache.ratis.thirdparty.io.netty.util.concurrent.FastThreadLocalRunnable.run(FastThreadLocalRunnable.java:30)
	... 1 more
Caused by: java.net.ConnectException: Connection refused
	... 11 more
2019-10-16 05:41:37,579 [a85e69e5-760c-4b40-a424-fc77673779df@group-AFFE1363742F-LeaderElection32] INFO  impl.LeaderElection (LogUtils.java:infoOrTrace(149)) - a85e69e5-760c-4b40-a424-fc77673779df@group-AFFE1363742F-LeaderElection32 got exception when requesting votes: {}
java.util.concurrent.ExecutionException: org.apache.ratis.thirdparty.io.grpc.StatusRuntimeException: UNAVAILABLE: io exception
	at java.util.concurrent.FutureTask.report(FutureTask.java:122)
	at java.util.concurrent.FutureTask.get(FutureTask.java:192)
	at org.apache.ratis.server.impl.LeaderElection.waitForResults(LeaderElection.java:259)
	at org.apache.ratis.server.impl.LeaderElection.askForVotes(LeaderElection.java:197)
	at org.apache.ratis.server.impl.LeaderElection.run(LeaderElection.java:133)
	at java.lang.Thread.run(Thread.java:748)
Caused by: org.apache.ratis.thirdparty.io.grpc.StatusRuntimeException: UNAVAILABLE: io exception
	at org.apache.ratis.thirdparty.io.grpc.stub.ClientCalls.toStatusRuntimeException(ClientCalls.java:233)
	at org.apache.ratis.thirdparty.io.grpc.stub.ClientCalls.getUnchecked(ClientCalls.java:214)
	at org.apache.ratis.thirdparty.io.grpc.stub.ClientCalls.blockingUnaryCall(ClientCalls.java:139)
	at org.apache.ratis.proto.grpc.RaftServerProtocolServiceGrpc$RaftServerProtocolServiceBlockingStub.requestVote(RaftServerProtocolServiceGrpc.java:265)
	at org.apache.ratis.grpc.server.GrpcServerProtocolClient.requestVote(GrpcServerProtocolClient.java:99)
	at org.apache.ratis.grpc.server.GrpcService.requestVote(GrpcService.java:204)
	at org.apache.ratis.server.impl.LeaderElection.lambda$submitRequests$1(LeaderElection.java:234)
	at java.util.concurrent.FutureTask.run(FutureTask.java:266)
	at java.util.concurrent.Executors$RunnableAdapter.call(Executors.java:511)
	at java.util.concurrent.FutureTask.run(FutureTask.java:266)
	at java.util.concurrent.ThreadPoolExecutor.runWorker(ThreadPoolExecutor.java:1149)
	at java.util.concurrent.ThreadPoolExecutor$Worker.run(ThreadPoolExecutor.java:624)
	... 1 more
Caused by: org.apache.ratis.thirdparty.io.netty.channel.AbstractChannel$AnnotatedConnectException: Connection refused: /192.168.69.104:35488
	at sun.nio.ch.SocketChannelImpl.checkConnect(Native Method)
	at sun.nio.ch.SocketChannelImpl.finishConnect(SocketChannelImpl.java:717)
	at org.apache.ratis.thirdparty.io.netty.channel.socket.nio.NioSocketChannel.doFinishConnect(NioSocketChannel.java:327)
	at org.apache.ratis.thirdparty.io.netty.channel.nio.AbstractNioChannel$AbstractNioUnsafe.finishConnect(AbstractNioChannel.java:340)
	at org.apache.ratis.thirdparty.io.netty.channel.nio.NioEventLoop.processSelectedKey(NioEventLoop.java:632)
	at org.apache.ratis.thirdparty.io.netty.channel.nio.NioEventLoop.processSelectedKeysOptimized(NioEventLoop.java:579)
	at org.apache.ratis.thirdparty.io.netty.channel.nio.NioEventLoop.processSelectedKeys(NioEventLoop.java:496)
	at org.apache.ratis.thirdparty.io.netty.channel.nio.NioEventLoop.run(NioEventLoop.java:458)
	at org.apache.ratis.thirdparty.io.netty.util.concurrent.SingleThreadEventExecutor$5.run(SingleThreadEventExecutor.java:897)
	at org.apache.ratis.thirdparty.io.netty.util.concurrent.FastThreadLocalRunnable.run(FastThreadLocalRunnable.java:30)
	... 1 more
Caused by: java.net.ConnectException: Connection refused
	... 11 more
2019-10-16 05:41:37,581 [a85e69e5-760c-4b40-a424-fc77673779df@group-AFFE1363742F-LeaderElection32] INFO  impl.LeaderElection (LeaderElection.java:logAndReturn(56)) - a85e69e5-760c-4b40-a424-fc77673779df@group-AFFE1363742F-LeaderElection32: Election REJECTED; received 0 response(s) [] and 2 exception(s); a85e69e5-760c-4b40-a424-fc77673779df@group-AFFE1363742F:t13, leader=null, voted=a85e69e5-760c-4b40-a424-fc77673779df, raftlog=a85e69e5-760c-4b40-a424-fc77673779df@group-AFFE1363742F-SegmentedRaftLog:OPENED:c28,f28,i28, conf=0: [163c5688-ede5-44ab-b3bd-c5a10f730980:192.168.69.104:45225, a85e69e5-760c-4b40-a424-fc77673779df:192.168.69.104:37941, 73edb6ac-4c26-463f-ad6d-00f88e6dbd58:192.168.69.104:35488], old=null
2019-10-16 05:41:37,582 [a85e69e5-760c-4b40-a424-fc77673779df@group-AFFE1363742F-LeaderElection32] INFO  impl.LeaderElection (LogUtils.java:infoOrTrace(149)) -   Exception 0: {}
java.util.concurrent.ExecutionException: org.apache.ratis.thirdparty.io.grpc.StatusRuntimeException: UNAVAILABLE: io exception
	at java.util.concurrent.FutureTask.report(FutureTask.java:122)
	at java.util.concurrent.FutureTask.get(FutureTask.java:192)
	at org.apache.ratis.server.impl.LeaderElection.waitForResults(LeaderElection.java:259)
	at org.apache.ratis.server.impl.LeaderElection.askForVotes(LeaderElection.java:197)
	at org.apache.ratis.server.impl.LeaderElection.run(LeaderElection.java:133)
	at java.lang.Thread.run(Thread.java:748)
Caused by: org.apache.ratis.thirdparty.io.grpc.StatusRuntimeException: UNAVAILABLE: io exception
	at org.apache.ratis.thirdparty.io.grpc.stub.ClientCalls.toStatusRuntimeException(ClientCalls.java:233)
	at org.apache.ratis.thirdparty.io.grpc.stub.ClientCalls.getUnchecked(ClientCalls.java:214)
	at org.apache.ratis.thirdparty.io.grpc.stub.ClientCalls.blockingUnaryCall(ClientCalls.java:139)
	at org.apache.ratis.proto.grpc.RaftServerProtocolServiceGrpc$RaftServerProtocolServiceBlockingStub.requestVote(RaftServerProtocolServiceGrpc.java:265)
	at org.apache.ratis.grpc.server.GrpcServerProtocolClient.requestVote(GrpcServerProtocolClient.java:99)
	at org.apache.ratis.grpc.server.GrpcService.requestVote(GrpcService.java:204)
	at org.apache.ratis.server.impl.LeaderElection.lambda$submitRequests$1(LeaderElection.java:234)
	at java.util.concurrent.FutureTask.run(FutureTask.java:266)
	at java.util.concurrent.Executors$RunnableAdapter.call(Executors.java:511)
	at java.util.concurrent.FutureTask.run(FutureTask.java:266)
	at java.util.concurrent.ThreadPoolExecutor.runWorker(ThreadPoolExecutor.java:1149)
	at java.util.concurrent.ThreadPoolExecutor$Worker.run(ThreadPoolExecutor.java:624)
	... 1 more
Caused by: org.apache.ratis.thirdparty.io.netty.channel.AbstractChannel$AnnotatedConnectException: Connection refused: /192.168.69.104:45225
	at sun.nio.ch.SocketChannelImpl.checkConnect(Native Method)
	at sun.nio.ch.SocketChannelImpl.finishConnect(SocketChannelImpl.java:717)
	at org.apache.ratis.thirdparty.io.netty.channel.socket.nio.NioSocketChannel.doFinishConnect(NioSocketChannel.java:327)
	at org.apache.ratis.thirdparty.io.netty.channel.nio.AbstractNioChannel$AbstractNioUnsafe.finishConnect(AbstractNioChannel.java:340)
	at org.apache.ratis.thirdparty.io.netty.channel.nio.NioEventLoop.processSelectedKey(NioEventLoop.java:632)
	at org.apache.ratis.thirdparty.io.netty.channel.nio.NioEventLoop.processSelectedKeysOptimized(NioEventLoop.java:579)
	at org.apache.ratis.thirdparty.io.netty.channel.nio.NioEventLoop.processSelectedKeys(NioEventLoop.java:496)
	at org.apache.ratis.thirdparty.io.netty.channel.nio.NioEventLoop.run(NioEventLoop.java:458)
	at org.apache.ratis.thirdparty.io.netty.util.concurrent.SingleThreadEventExecutor$5.run(SingleThreadEventExecutor.java:897)
	at org.apache.ratis.thirdparty.io.netty.util.concurrent.FastThreadLocalRunnable.run(FastThreadLocalRunnable.java:30)
	... 1 more
Caused by: java.net.ConnectException: Connection refused
	... 11 more
2019-10-16 05:41:37,582 [a85e69e5-760c-4b40-a424-fc77673779df@group-AFFE1363742F-LeaderElection32] INFO  impl.LeaderElection (LogUtils.java:infoOrTrace(149)) -   Exception 1: {}
java.util.concurrent.ExecutionException: org.apache.ratis.thirdparty.io.grpc.StatusRuntimeException: UNAVAILABLE: io exception
	at java.util.concurrent.FutureTask.report(FutureTask.java:122)
	at java.util.concurrent.FutureTask.get(FutureTask.java:192)
	at org.apache.ratis.server.impl.LeaderElection.waitForResults(LeaderElection.java:259)
	at org.apache.ratis.server.impl.LeaderElection.askForVotes(LeaderElection.java:197)
	at org.apache.ratis.server.impl.LeaderElection.run(LeaderElection.java:133)
	at java.lang.Thread.run(Thread.java:748)
Caused by: org.apache.ratis.thirdparty.io.grpc.StatusRuntimeException: UNAVAILABLE: io exception
	at org.apache.ratis.thirdparty.io.grpc.stub.ClientCalls.toStatusRuntimeException(ClientCalls.java:233)
	at org.apache.ratis.thirdparty.io.grpc.stub.ClientCalls.getUnchecked(ClientCalls.java:214)
	at org.apache.ratis.thirdparty.io.grpc.stub.ClientCalls.blockingUnaryCall(ClientCalls.java:139)
	at org.apache.ratis.proto.grpc.RaftServerProtocolServiceGrpc$RaftServerProtocolServiceBlockingStub.requestVote(RaftServerProtocolServiceGrpc.java:265)
	at org.apache.ratis.grpc.server.GrpcServerProtocolClient.requestVote(GrpcServerProtocolClient.java:99)
	at org.apache.ratis.grpc.server.GrpcService.requestVote(GrpcService.java:204)
	at org.apache.ratis.server.impl.LeaderElection.lambda$submitRequests$1(LeaderElection.java:234)
	at java.util.concurrent.FutureTask.run(FutureTask.java:266)
	at java.util.concurrent.Executors$RunnableAdapter.call(Executors.java:511)
	at java.util.concurrent.FutureTask.run(FutureTask.java:266)
	at java.util.concurrent.ThreadPoolExecutor.runWorker(ThreadPoolExecutor.java:1149)
	at java.util.concurrent.ThreadPoolExecutor$Worker.run(ThreadPoolExecutor.java:624)
	... 1 more
Caused by: org.apache.ratis.thirdparty.io.netty.channel.AbstractChannel$AnnotatedConnectException: Connection refused: /192.168.69.104:35488
	at sun.nio.ch.SocketChannelImpl.checkConnect(Native Method)
	at sun.nio.ch.SocketChannelImpl.finishConnect(SocketChannelImpl.java:717)
	at org.apache.ratis.thirdparty.io.netty.channel.socket.nio.NioSocketChannel.doFinishConnect(NioSocketChannel.java:327)
	at org.apache.ratis.thirdparty.io.netty.channel.nio.AbstractNioChannel$AbstractNioUnsafe.finishConnect(AbstractNioChannel.java:340)
	at org.apache.ratis.thirdparty.io.netty.channel.nio.NioEventLoop.processSelectedKey(NioEventLoop.java:632)
	at org.apache.ratis.thirdparty.io.netty.channel.nio.NioEventLoop.processSelectedKeysOptimized(NioEventLoop.java:579)
	at org.apache.ratis.thirdparty.io.netty.channel.nio.NioEventLoop.processSelectedKeys(NioEventLoop.java:496)
	at org.apache.ratis.thirdparty.io.netty.channel.nio.NioEventLoop.run(NioEventLoop.java:458)
	at org.apache.ratis.thirdparty.io.netty.util.concurrent.SingleThreadEventExecutor$5.run(SingleThreadEventExecutor.java:897)
	at org.apache.ratis.thirdparty.io.netty.util.concurrent.FastThreadLocalRunnable.run(FastThreadLocalRunnable.java:30)
	... 1 more
Caused by: java.net.ConnectException: Connection refused
	... 11 more
2019-10-16 05:41:37,583 [a85e69e5-760c-4b40-a424-fc77673779df@group-AFFE1363742F-LeaderElection32] INFO  impl.RaftServerImpl (RaftServerImpl.java:setRole(184)) - a85e69e5-760c-4b40-a424-fc77673779df@group-AFFE1363742F: changes role from CANDIDATE to FOLLOWER at term 13 for DISCOVERED_A_NEW_TERM
2019-10-16 05:41:37,583 [a85e69e5-760c-4b40-a424-fc77673779df@group-AFFE1363742F-LeaderElection32] INFO  impl.RoleInfo (RoleInfo.java:shutdownLeaderElection(134)) - a85e69e5-760c-4b40-a424-fc77673779df: shutdown LeaderElection
2019-10-16 05:41:37,583 [a85e69e5-760c-4b40-a424-fc77673779df@group-AFFE1363742F-LeaderElection32] INFO  impl.RoleInfo (RoleInfo.java:updateAndGet(143)) - a85e69e5-760c-4b40-a424-fc77673779df: start FollowerState
2019-10-16 05:41:37,706 [java.util.concurrent.ThreadPoolExecutor$Worker@6d2348e8[State = -1, empty queue]] WARN  server.GrpcLogAppender (GrpcLogAppender.java:timeoutAppendRequest(209)) - 73edb6ac-4c26-463f-ad6d-00f88e6dbd58@group-AFFE1363742F->163c5688-ede5-44ab-b3bd-c5a10f730980-GrpcLogAppender: appendEntries Timeout, request=73edb6ac-4c26-463f-ad6d-00f88e6dbd58->163c5688-ede5-44ab-b3bd-c5a10f730980#89-t11, previous=(t:11, i:28), leaderCommit=28, initializing? false, entries: <empty>
2019-10-16 05:41:38,610 [Thread-1093] INFO  impl.FollowerState (FollowerState.java:run(108)) - a85e69e5-760c-4b40-a424-fc77673779df@group-AFFE1363742F-FollowerState: change to CANDIDATE, lastRpcTime:1026ms, electionTimeout:1026ms
2019-10-16 05:41:38,611 [Thread-1093] INFO  impl.RoleInfo (RoleInfo.java:shutdownFollowerState(121)) - a85e69e5-760c-4b40-a424-fc77673779df: shutdown FollowerState
2019-10-16 05:41:38,611 [Thread-1093] INFO  impl.RaftServerImpl (RaftServerImpl.java:setRole(184)) - a85e69e5-760c-4b40-a424-fc77673779df@group-AFFE1363742F: changes role from  FOLLOWER to CANDIDATE at term 13 for changeToCandidate
2019-10-16 05:41:38,612 [Thread-1093] INFO  impl.RoleInfo (RoleInfo.java:updateAndGet(143)) - a85e69e5-760c-4b40-a424-fc77673779df: start LeaderElection
2019-10-16 05:41:38,627 [a85e69e5-760c-4b40-a424-fc77673779df@group-AFFE1363742F-LeaderElection33] INFO  impl.LeaderElection (LeaderElection.java:askForVotes(178)) - a85e69e5-760c-4b40-a424-fc77673779df@group-AFFE1363742F-LeaderElection33: begin an election at term 14 for 0: [163c5688-ede5-44ab-b3bd-c5a10f730980:192.168.69.104:45225, a85e69e5-760c-4b40-a424-fc77673779df:192.168.69.104:37941, 73edb6ac-4c26-463f-ad6d-00f88e6dbd58:192.168.69.104:35488], old=null
2019-10-16 05:41:38,629 [a85e69e5-760c-4b40-a424-fc77673779df@group-AFFE1363742F-LeaderElection33] INFO  impl.LeaderElection (LogUtils.java:infoOrTrace(149)) - a85e69e5-760c-4b40-a424-fc77673779df@group-AFFE1363742F-LeaderElection33 got exception when requesting votes: {}
java.util.concurrent.ExecutionException: org.apache.ratis.thirdparty.io.grpc.StatusRuntimeException: UNAVAILABLE: io exception
	at java.util.concurrent.FutureTask.report(FutureTask.java:122)
	at java.util.concurrent.FutureTask.get(FutureTask.java:192)
	at org.apache.ratis.server.impl.LeaderElection.waitForResults(LeaderElection.java:259)
	at org.apache.ratis.server.impl.LeaderElection.askForVotes(LeaderElection.java:197)
	at org.apache.ratis.server.impl.LeaderElection.run(LeaderElection.java:133)
	at java.lang.Thread.run(Thread.java:748)
Caused by: org.apache.ratis.thirdparty.io.grpc.StatusRuntimeException: UNAVAILABLE: io exception
	at org.apache.ratis.thirdparty.io.grpc.stub.ClientCalls.toStatusRuntimeException(ClientCalls.java:233)
	at org.apache.ratis.thirdparty.io.grpc.stub.ClientCalls.getUnchecked(ClientCalls.java:214)
	at org.apache.ratis.thirdparty.io.grpc.stub.ClientCalls.blockingUnaryCall(ClientCalls.java:139)
	at org.apache.ratis.proto.grpc.RaftServerProtocolServiceGrpc$RaftServerProtocolServiceBlockingStub.requestVote(RaftServerProtocolServiceGrpc.java:265)
	at org.apache.ratis.grpc.server.GrpcServerProtocolClient.requestVote(GrpcServerProtocolClient.java:99)
	at org.apache.ratis.grpc.server.GrpcService.requestVote(GrpcService.java:204)
	at org.apache.ratis.server.impl.LeaderElection.lambda$submitRequests$1(LeaderElection.java:234)
	at java.util.concurrent.FutureTask.run(FutureTask.java:266)
	at java.util.concurrent.Executors$RunnableAdapter.call(Executors.java:511)
	at java.util.concurrent.FutureTask.run(FutureTask.java:266)
	at java.util.concurrent.ThreadPoolExecutor.runWorker(ThreadPoolExecutor.java:1149)
	at java.util.concurrent.ThreadPoolExecutor$Worker.run(ThreadPoolExecutor.java:624)
	... 1 more
Caused by: org.apache.ratis.thirdparty.io.netty.channel.AbstractChannel$AnnotatedConnectException: Connection refused: /192.168.69.104:45225
	at sun.nio.ch.SocketChannelImpl.checkConnect(Native Method)
	at sun.nio.ch.SocketChannelImpl.finishConnect(SocketChannelImpl.java:717)
	at org.apache.ratis.thirdparty.io.netty.channel.socket.nio.NioSocketChannel.doFinishConnect(NioSocketChannel.java:327)
	at org.apache.ratis.thirdparty.io.netty.channel.nio.AbstractNioChannel$AbstractNioUnsafe.finishConnect(AbstractNioChannel.java:340)
	at org.apache.ratis.thirdparty.io.netty.channel.nio.NioEventLoop.processSelectedKey(NioEventLoop.java:632)
	at org.apache.ratis.thirdparty.io.netty.channel.nio.NioEventLoop.processSelectedKeysOptimized(NioEventLoop.java:579)
	at org.apache.ratis.thirdparty.io.netty.channel.nio.NioEventLoop.processSelectedKeys(NioEventLoop.java:496)
	at org.apache.ratis.thirdparty.io.netty.channel.nio.NioEventLoop.run(NioEventLoop.java:458)
	at org.apache.ratis.thirdparty.io.netty.util.concurrent.SingleThreadEventExecutor$5.run(SingleThreadEventExecutor.java:897)
	at org.apache.ratis.thirdparty.io.netty.util.concurrent.FastThreadLocalRunnable.run(FastThreadLocalRunnable.java:30)
	... 1 more
Caused by: java.net.ConnectException: Connection refused
	... 11 more
2019-10-16 05:41:38,635 [a85e69e5-760c-4b40-a424-fc77673779df@group-AFFE1363742F-LeaderElection33] INFO  impl.LeaderElection (LogUtils.java:infoOrTrace(149)) - a85e69e5-760c-4b40-a424-fc77673779df@group-AFFE1363742F-LeaderElection33 got exception when requesting votes: {}
java.util.concurrent.ExecutionException: org.apache.ratis.thirdparty.io.grpc.StatusRuntimeException: UNAVAILABLE: io exception
	at java.util.concurrent.FutureTask.report(FutureTask.java:122)
	at java.util.concurrent.FutureTask.get(FutureTask.java:192)
	at org.apache.ratis.server.impl.LeaderElection.waitForResults(LeaderElection.java:259)
	at org.apache.ratis.server.impl.LeaderElection.askForVotes(LeaderElection.java:197)
	at org.apache.ratis.server.impl.LeaderElection.run(LeaderElection.java:133)
	at java.lang.Thread.run(Thread.java:748)
Caused by: org.apache.ratis.thirdparty.io.grpc.StatusRuntimeException: UNAVAILABLE: io exception
	at org.apache.ratis.thirdparty.io.grpc.stub.ClientCalls.toStatusRuntimeException(ClientCalls.java:233)
	at org.apache.ratis.thirdparty.io.grpc.stub.ClientCalls.getUnchecked(ClientCalls.java:214)
	at org.apache.ratis.thirdparty.io.grpc.stub.ClientCalls.blockingUnaryCall(ClientCalls.java:139)
	at org.apache.ratis.proto.grpc.RaftServerProtocolServiceGrpc$RaftServerProtocolServiceBlockingStub.requestVote(RaftServerProtocolServiceGrpc.java:265)
	at org.apache.ratis.grpc.server.GrpcServerProtocolClient.requestVote(GrpcServerProtocolClient.java:99)
	at org.apache.ratis.grpc.server.GrpcService.requestVote(GrpcService.java:204)
	at org.apache.ratis.server.impl.LeaderElection.lambda$submitRequests$1(LeaderElection.java:234)
	at java.util.concurrent.FutureTask.run(FutureTask.java:266)
	at java.util.concurrent.Executors$RunnableAdapter.call(Executors.java:511)
	at java.util.concurrent.FutureTask.run(FutureTask.java:266)
	at java.util.concurrent.ThreadPoolExecutor.runWorker(ThreadPoolExecutor.java:1149)
	at java.util.concurrent.ThreadPoolExecutor$Worker.run(ThreadPoolExecutor.java:624)
	... 1 more
Caused by: org.apache.ratis.thirdparty.io.netty.channel.AbstractChannel$AnnotatedConnectException: Connection refused: /192.168.69.104:35488
	at sun.nio.ch.SocketChannelImpl.checkConnect(Native Method)
	at sun.nio.ch.SocketChannelImpl.finishConnect(SocketChannelImpl.java:717)
	at org.apache.ratis.thirdparty.io.netty.channel.socket.nio.NioSocketChannel.doFinishConnect(NioSocketChannel.java:327)
	at org.apache.ratis.thirdparty.io.netty.channel.nio.AbstractNioChannel$AbstractNioUnsafe.finishConnect(AbstractNioChannel.java:340)
	at org.apache.ratis.thirdparty.io.netty.channel.nio.NioEventLoop.processSelectedKey(NioEventLoop.java:632)
	at org.apache.ratis.thirdparty.io.netty.channel.nio.NioEventLoop.processSelectedKeysOptimized(NioEventLoop.java:579)
	at org.apache.ratis.thirdparty.io.netty.channel.nio.NioEventLoop.processSelectedKeys(NioEventLoop.java:496)
	at org.apache.ratis.thirdparty.io.netty.channel.nio.NioEventLoop.run(NioEventLoop.java:458)
	at org.apache.ratis.thirdparty.io.netty.util.concurrent.SingleThreadEventExecutor$5.run(SingleThreadEventExecutor.java:897)
	at org.apache.ratis.thirdparty.io.netty.util.concurrent.FastThreadLocalRunnable.run(FastThreadLocalRunnable.java:30)
	... 1 more
Caused by: java.net.ConnectException: Connection refused
	... 11 more
2019-10-16 05:41:38,637 [a85e69e5-760c-4b40-a424-fc77673779df@group-AFFE1363742F-LeaderElection33] INFO  impl.LeaderElection (LeaderElection.java:logAndReturn(56)) - a85e69e5-760c-4b40-a424-fc77673779df@group-AFFE1363742F-LeaderElection33: Election REJECTED; received 0 response(s) [] and 2 exception(s); a85e69e5-760c-4b40-a424-fc77673779df@group-AFFE1363742F:t14, leader=null, voted=a85e69e5-760c-4b40-a424-fc77673779df, raftlog=a85e69e5-760c-4b40-a424-fc77673779df@group-AFFE1363742F-SegmentedRaftLog:OPENED:c28,f28,i28, conf=0: [163c5688-ede5-44ab-b3bd-c5a10f730980:192.168.69.104:45225, a85e69e5-760c-4b40-a424-fc77673779df:192.168.69.104:37941, 73edb6ac-4c26-463f-ad6d-00f88e6dbd58:192.168.69.104:35488], old=null
2019-10-16 05:41:38,637 [a85e69e5-760c-4b40-a424-fc77673779df@group-AFFE1363742F-LeaderElection33] INFO  impl.LeaderElection (LogUtils.java:infoOrTrace(149)) -   Exception 0: {}
java.util.concurrent.ExecutionException: org.apache.ratis.thirdparty.io.grpc.StatusRuntimeException: UNAVAILABLE: io exception
	at java.util.concurrent.FutureTask.report(FutureTask.java:122)
	at java.util.concurrent.FutureTask.get(FutureTask.java:192)
	at org.apache.ratis.server.impl.LeaderElection.waitForResults(LeaderElection.java:259)
	at org.apache.ratis.server.impl.LeaderElection.askForVotes(LeaderElection.java:197)
	at org.apache.ratis.server.impl.LeaderElection.run(LeaderElection.java:133)
	at java.lang.Thread.run(Thread.java:748)
Caused by: org.apache.ratis.thirdparty.io.grpc.StatusRuntimeException: UNAVAILABLE: io exception
	at org.apache.ratis.thirdparty.io.grpc.stub.ClientCalls.toStatusRuntimeException(ClientCalls.java:233)
	at org.apache.ratis.thirdparty.io.grpc.stub.ClientCalls.getUnchecked(ClientCalls.java:214)
	at org.apache.ratis.thirdparty.io.grpc.stub.ClientCalls.blockingUnaryCall(ClientCalls.java:139)
	at org.apache.ratis.proto.grpc.RaftServerProtocolServiceGrpc$RaftServerProtocolServiceBlockingStub.requestVote(RaftServerProtocolServiceGrpc.java:265)
	at org.apache.ratis.grpc.server.GrpcServerProtocolClient.requestVote(GrpcServerProtocolClient.java:99)
	at org.apache.ratis.grpc.server.GrpcService.requestVote(GrpcService.java:204)
	at org.apache.ratis.server.impl.LeaderElection.lambda$submitRequests$1(LeaderElection.java:234)
	at java.util.concurrent.FutureTask.run(FutureTask.java:266)
	at java.util.concurrent.Executors$RunnableAdapter.call(Executors.java:511)
	at java.util.concurrent.FutureTask.run(FutureTask.java:266)
	at java.util.concurrent.ThreadPoolExecutor.runWorker(ThreadPoolExecutor.java:1149)
	at java.util.concurrent.ThreadPoolExecutor$Worker.run(ThreadPoolExecutor.java:624)
	... 1 more
Caused by: org.apache.ratis.thirdparty.io.netty.channel.AbstractChannel$AnnotatedConnectException: Connection refused: /192.168.69.104:45225
	at sun.nio.ch.SocketChannelImpl.checkConnect(Native Method)
	at sun.nio.ch.SocketChannelImpl.finishConnect(SocketChannelImpl.java:717)
	at org.apache.ratis.thirdparty.io.netty.channel.socket.nio.NioSocketChannel.doFinishConnect(NioSocketChannel.java:327)
	at org.apache.ratis.thirdparty.io.netty.channel.nio.AbstractNioChannel$AbstractNioUnsafe.finishConnect(AbstractNioChannel.java:340)
	at org.apache.ratis.thirdparty.io.netty.channel.nio.NioEventLoop.processSelectedKey(NioEventLoop.java:632)
	at org.apache.ratis.thirdparty.io.netty.channel.nio.NioEventLoop.processSelectedKeysOptimized(NioEventLoop.java:579)
	at org.apache.ratis.thirdparty.io.netty.channel.nio.NioEventLoop.processSelectedKeys(NioEventLoop.java:496)
	at org.apache.ratis.thirdparty.io.netty.channel.nio.NioEventLoop.run(NioEventLoop.java:458)
	at org.apache.ratis.thirdparty.io.netty.util.concurrent.SingleThreadEventExecutor$5.run(SingleThreadEventExecutor.java:897)
	at org.apache.ratis.thirdparty.io.netty.util.concurrent.FastThreadLocalRunnable.run(FastThreadLocalRunnable.java:30)
	... 1 more
Caused by: java.net.ConnectException: Connection refused
	... 11 more
2019-10-16 05:41:38,638 [a85e69e5-760c-4b40-a424-fc77673779df@group-AFFE1363742F-LeaderElection33] INFO  impl.LeaderElection (LogUtils.java:infoOrTrace(149)) -   Exception 1: {}
java.util.concurrent.ExecutionException: org.apache.ratis.thirdparty.io.grpc.StatusRuntimeException: UNAVAILABLE: io exception
	at java.util.concurrent.FutureTask.report(FutureTask.java:122)
	at java.util.concurrent.FutureTask.get(FutureTask.java:192)
	at org.apache.ratis.server.impl.LeaderElection.waitForResults(LeaderElection.java:259)
	at org.apache.ratis.server.impl.LeaderElection.askForVotes(LeaderElection.java:197)
	at org.apache.ratis.server.impl.LeaderElection.run(LeaderElection.java:133)
	at java.lang.Thread.run(Thread.java:748)
Caused by: org.apache.ratis.thirdparty.io.grpc.StatusRuntimeException: UNAVAILABLE: io exception
	at org.apache.ratis.thirdparty.io.grpc.stub.ClientCalls.toStatusRuntimeException(ClientCalls.java:233)
	at org.apache.ratis.thirdparty.io.grpc.stub.ClientCalls.getUnchecked(ClientCalls.java:214)
	at org.apache.ratis.thirdparty.io.grpc.stub.ClientCalls.blockingUnaryCall(ClientCalls.java:139)
	at org.apache.ratis.proto.grpc.RaftServerProtocolServiceGrpc$RaftServerProtocolServiceBlockingStub.requestVote(RaftServerProtocolServiceGrpc.java:265)
	at org.apache.ratis.grpc.server.GrpcServerProtocolClient.requestVote(GrpcServerProtocolClient.java:99)
	at org.apache.ratis.grpc.server.GrpcService.requestVote(GrpcService.java:204)
	at org.apache.ratis.server.impl.LeaderElection.lambda$submitRequests$1(LeaderElection.java:234)
	at java.util.concurrent.FutureTask.run(FutureTask.java:266)
	at java.util.concurrent.Executors$RunnableAdapter.call(Executors.java:511)
	at java.util.concurrent.FutureTask.run(FutureTask.java:266)
	at java.util.concurrent.ThreadPoolExecutor.runWorker(ThreadPoolExecutor.java:1149)
	at java.util.concurrent.ThreadPoolExecutor$Worker.run(ThreadPoolExecutor.java:624)
	... 1 more
Caused by: org.apache.ratis.thirdparty.io.netty.channel.AbstractChannel$AnnotatedConnectException: Connection refused: /192.168.69.104:35488
	at sun.nio.ch.SocketChannelImpl.checkConnect(Native Method)
	at sun.nio.ch.SocketChannelImpl.finishConnect(SocketChannelImpl.java:717)
	at org.apache.ratis.thirdparty.io.netty.channel.socket.nio.NioSocketChannel.doFinishConnect(NioSocketChannel.java:327)
	at org.apache.ratis.thirdparty.io.netty.channel.nio.AbstractNioChannel$AbstractNioUnsafe.finishConnect(AbstractNioChannel.java:340)
	at org.apache.ratis.thirdparty.io.netty.channel.nio.NioEventLoop.processSelectedKey(NioEventLoop.java:632)
	at org.apache.ratis.thirdparty.io.netty.channel.nio.NioEventLoop.processSelectedKeysOptimized(NioEventLoop.java:579)
	at org.apache.ratis.thirdparty.io.netty.channel.nio.NioEventLoop.processSelectedKeys(NioEventLoop.java:496)
	at org.apache.ratis.thirdparty.io.netty.channel.nio.NioEventLoop.run(NioEventLoop.java:458)
	at org.apache.ratis.thirdparty.io.netty.util.concurrent.SingleThreadEventExecutor$5.run(SingleThreadEventExecutor.java:897)
	at org.apache.ratis.thirdparty.io.netty.util.concurrent.FastThreadLocalRunnable.run(FastThreadLocalRunnable.java:30)
	... 1 more
Caused by: java.net.ConnectException: Connection refused
	... 11 more
2019-10-16 05:41:38,638 [a85e69e5-760c-4b40-a424-fc77673779df@group-AFFE1363742F-LeaderElection33] INFO  impl.RaftServerImpl (RaftServerImpl.java:setRole(184)) - a85e69e5-760c-4b40-a424-fc77673779df@group-AFFE1363742F: changes role from CANDIDATE to FOLLOWER at term 14 for DISCOVERED_A_NEW_TERM
2019-10-16 05:41:38,638 [a85e69e5-760c-4b40-a424-fc77673779df@group-AFFE1363742F-LeaderElection33] INFO  impl.RoleInfo (RoleInfo.java:shutdownLeaderElection(134)) - a85e69e5-760c-4b40-a424-fc77673779df: shutdown LeaderElection
2019-10-16 05:41:38,639 [a85e69e5-760c-4b40-a424-fc77673779df@group-AFFE1363742F-LeaderElection33] INFO  impl.RoleInfo (RoleInfo.java:updateAndGet(143)) - a85e69e5-760c-4b40-a424-fc77673779df: start FollowerState
2019-10-16 05:41:39,723 [Thread-1105] INFO  impl.FollowerState (FollowerState.java:run(108)) - a85e69e5-760c-4b40-a424-fc77673779df@group-AFFE1363742F-FollowerState: change to CANDIDATE, lastRpcTime:1084ms, electionTimeout:1084ms
2019-10-16 05:41:39,723 [Thread-1105] INFO  impl.RoleInfo (RoleInfo.java:shutdownFollowerState(121)) - a85e69e5-760c-4b40-a424-fc77673779df: shutdown FollowerState
2019-10-16 05:41:39,724 [Thread-1105] INFO  impl.RaftServerImpl (RaftServerImpl.java:setRole(184)) - a85e69e5-760c-4b40-a424-fc77673779df@group-AFFE1363742F: changes role from  FOLLOWER to CANDIDATE at term 14 for changeToCandidate
2019-10-16 05:41:39,724 [Thread-1105] INFO  impl.RoleInfo (RoleInfo.java:updateAndGet(143)) - a85e69e5-760c-4b40-a424-fc77673779df: start LeaderElection
2019-10-16 05:41:39,738 [a85e69e5-760c-4b40-a424-fc77673779df@group-AFFE1363742F-LeaderElection34] INFO  impl.LeaderElection (LeaderElection.java:askForVotes(178)) - a85e69e5-760c-4b40-a424-fc77673779df@group-AFFE1363742F-LeaderElection34: begin an election at term 15 for 0: [163c5688-ede5-44ab-b3bd-c5a10f730980:192.168.69.104:45225, a85e69e5-760c-4b40-a424-fc77673779df:192.168.69.104:37941, 73edb6ac-4c26-463f-ad6d-00f88e6dbd58:192.168.69.104:35488], old=null
2019-10-16 05:41:39,739 [a85e69e5-760c-4b40-a424-fc77673779df@group-AFFE1363742F-LeaderElection34] INFO  impl.LeaderElection (LogUtils.java:infoOrTrace(149)) - a85e69e5-760c-4b40-a424-fc77673779df@group-AFFE1363742F-LeaderElection34 got exception when requesting votes: {}
java.util.concurrent.ExecutionException: org.apache.ratis.thirdparty.io.grpc.StatusRuntimeException: UNAVAILABLE: io exception
	at java.util.concurrent.FutureTask.report(FutureTask.java:122)
	at java.util.concurrent.FutureTask.get(FutureTask.java:192)
	at org.apache.ratis.server.impl.LeaderElection.waitForResults(LeaderElection.java:259)
	at org.apache.ratis.server.impl.LeaderElection.askForVotes(LeaderElection.java:197)
	at org.apache.ratis.server.impl.LeaderElection.run(LeaderElection.java:133)
	at java.lang.Thread.run(Thread.java:748)
Caused by: org.apache.ratis.thirdparty.io.grpc.StatusRuntimeException: UNAVAILABLE: io exception
	at org.apache.ratis.thirdparty.io.grpc.stub.ClientCalls.toStatusRuntimeException(ClientCalls.java:233)
	at org.apache.ratis.thirdparty.io.grpc.stub.ClientCalls.getUnchecked(ClientCalls.java:214)
	at org.apache.ratis.thirdparty.io.grpc.stub.ClientCalls.blockingUnaryCall(ClientCalls.java:139)
	at org.apache.ratis.proto.grpc.RaftServerProtocolServiceGrpc$RaftServerProtocolServiceBlockingStub.requestVote(RaftServerProtocolServiceGrpc.java:265)
	at org.apache.ratis.grpc.server.GrpcServerProtocolClient.requestVote(GrpcServerProtocolClient.java:99)
	at org.apache.ratis.grpc.server.GrpcService.requestVote(GrpcService.java:204)
	at org.apache.ratis.server.impl.LeaderElection.lambda$submitRequests$1(LeaderElection.java:234)
	at java.util.concurrent.FutureTask.run(FutureTask.java:266)
	at java.util.concurrent.Executors$RunnableAdapter.call(Executors.java:511)
	at java.util.concurrent.FutureTask.run(FutureTask.java:266)
	at java.util.concurrent.ThreadPoolExecutor.runWorker(ThreadPoolExecutor.java:1149)
	at java.util.concurrent.ThreadPoolExecutor$Worker.run(ThreadPoolExecutor.java:624)
	... 1 more
Caused by: org.apache.ratis.thirdparty.io.netty.channel.AbstractChannel$AnnotatedConnectException: Connection refused: /192.168.69.104:35488
	at sun.nio.ch.SocketChannelImpl.checkConnect(Native Method)
	at sun.nio.ch.SocketChannelImpl.finishConnect(SocketChannelImpl.java:717)
	at org.apache.ratis.thirdparty.io.netty.channel.socket.nio.NioSocketChannel.doFinishConnect(NioSocketChannel.java:327)
	at org.apache.ratis.thirdparty.io.netty.channel.nio.AbstractNioChannel$AbstractNioUnsafe.finishConnect(AbstractNioChannel.java:340)
	at org.apache.ratis.thirdparty.io.netty.channel.nio.NioEventLoop.processSelectedKey(NioEventLoop.java:632)
	at org.apache.ratis.thirdparty.io.netty.channel.nio.NioEventLoop.processSelectedKeysOptimized(NioEventLoop.java:579)
	at org.apache.ratis.thirdparty.io.netty.channel.nio.NioEventLoop.processSelectedKeys(NioEventLoop.java:496)
	at org.apache.ratis.thirdparty.io.netty.channel.nio.NioEventLoop.run(NioEventLoop.java:458)
	at org.apache.ratis.thirdparty.io.netty.util.concurrent.SingleThreadEventExecutor$5.run(SingleThreadEventExecutor.java:897)
	at org.apache.ratis.thirdparty.io.netty.util.concurrent.FastThreadLocalRunnable.run(FastThreadLocalRunnable.java:30)
	... 1 more
Caused by: java.net.ConnectException: Connection refused
	... 11 more
2019-10-16 05:41:39,742 [a85e69e5-760c-4b40-a424-fc77673779df@group-AFFE1363742F-LeaderElection34] INFO  impl.LeaderElection (LogUtils.java:infoOrTrace(149)) - a85e69e5-760c-4b40-a424-fc77673779df@group-AFFE1363742F-LeaderElection34 got exception when requesting votes: {}
java.util.concurrent.ExecutionException: org.apache.ratis.thirdparty.io.grpc.StatusRuntimeException: UNAVAILABLE: io exception
	at java.util.concurrent.FutureTask.report(FutureTask.java:122)
	at java.util.concurrent.FutureTask.get(FutureTask.java:192)
	at org.apache.ratis.server.impl.LeaderElection.waitForResults(LeaderElection.java:259)
	at org.apache.ratis.server.impl.LeaderElection.askForVotes(LeaderElection.java:197)
	at org.apache.ratis.server.impl.LeaderElection.run(LeaderElection.java:133)
	at java.lang.Thread.run(Thread.java:748)
Caused by: org.apache.ratis.thirdparty.io.grpc.StatusRuntimeException: UNAVAILABLE: io exception
	at org.apache.ratis.thirdparty.io.grpc.stub.ClientCalls.toStatusRuntimeException(ClientCalls.java:233)
	at org.apache.ratis.thirdparty.io.grpc.stub.ClientCalls.getUnchecked(ClientCalls.java:214)
	at org.apache.ratis.thirdparty.io.grpc.stub.ClientCalls.blockingUnaryCall(ClientCalls.java:139)
	at org.apache.ratis.proto.grpc.RaftServerProtocolServiceGrpc$RaftServerProtocolServiceBlockingStub.requestVote(RaftServerProtocolServiceGrpc.java:265)
	at org.apache.ratis.grpc.server.GrpcServerProtocolClient.requestVote(GrpcServerProtocolClient.java:99)
	at org.apache.ratis.grpc.server.GrpcService.requestVote(GrpcService.java:204)
	at org.apache.ratis.server.impl.LeaderElection.lambda$submitRequests$1(LeaderElection.java:234)
	at java.util.concurrent.FutureTask.run(FutureTask.java:266)
	at java.util.concurrent.Executors$RunnableAdapter.call(Executors.java:511)
	at java.util.concurrent.FutureTask.run(FutureTask.java:266)
	at java.util.concurrent.ThreadPoolExecutor.runWorker(ThreadPoolExecutor.java:1149)
	at java.util.concurrent.ThreadPoolExecutor$Worker.run(ThreadPoolExecutor.java:624)
	... 1 more
Caused by: org.apache.ratis.thirdparty.io.netty.channel.AbstractChannel$AnnotatedConnectException: Connection refused: /192.168.69.104:45225
	at sun.nio.ch.SocketChannelImpl.checkConnect(Native Method)
	at sun.nio.ch.SocketChannelImpl.finishConnect(SocketChannelImpl.java:717)
	at org.apache.ratis.thirdparty.io.netty.channel.socket.nio.NioSocketChannel.doFinishConnect(NioSocketChannel.java:327)
	at org.apache.ratis.thirdparty.io.netty.channel.nio.AbstractNioChannel$AbstractNioUnsafe.finishConnect(AbstractNioChannel.java:340)
	at org.apache.ratis.thirdparty.io.netty.channel.nio.NioEventLoop.processSelectedKey(NioEventLoop.java:632)
	at org.apache.ratis.thirdparty.io.netty.channel.nio.NioEventLoop.processSelectedKeysOptimized(NioEventLoop.java:579)
	at org.apache.ratis.thirdparty.io.netty.channel.nio.NioEventLoop.processSelectedKeys(NioEventLoop.java:496)
	at org.apache.ratis.thirdparty.io.netty.channel.nio.NioEventLoop.run(NioEventLoop.java:458)
	at org.apache.ratis.thirdparty.io.netty.util.concurrent.SingleThreadEventExecutor$5.run(SingleThreadEventExecutor.java:897)
	at org.apache.ratis.thirdparty.io.netty.util.concurrent.FastThreadLocalRunnable.run(FastThreadLocalRunnable.java:30)
	... 1 more
Caused by: java.net.ConnectException: Connection refused
	... 11 more
2019-10-16 05:41:39,745 [a85e69e5-760c-4b40-a424-fc77673779df@group-AFFE1363742F-LeaderElection34] INFO  impl.LeaderElection (LeaderElection.java:logAndReturn(56)) - a85e69e5-760c-4b40-a424-fc77673779df@group-AFFE1363742F-LeaderElection34: Election REJECTED; received 0 response(s) [] and 2 exception(s); a85e69e5-760c-4b40-a424-fc77673779df@group-AFFE1363742F:t15, leader=null, voted=a85e69e5-760c-4b40-a424-fc77673779df, raftlog=a85e69e5-760c-4b40-a424-fc77673779df@group-AFFE1363742F-SegmentedRaftLog:OPENED:c28,f28,i28, conf=0: [163c5688-ede5-44ab-b3bd-c5a10f730980:192.168.69.104:45225, a85e69e5-760c-4b40-a424-fc77673779df:192.168.69.104:37941, 73edb6ac-4c26-463f-ad6d-00f88e6dbd58:192.168.69.104:35488], old=null
2019-10-16 05:41:39,746 [a85e69e5-760c-4b40-a424-fc77673779df@group-AFFE1363742F-LeaderElection34] INFO  impl.LeaderElection (LogUtils.java:infoOrTrace(149)) -   Exception 0: {}
java.util.concurrent.ExecutionException: org.apache.ratis.thirdparty.io.grpc.StatusRuntimeException: UNAVAILABLE: io exception
	at java.util.concurrent.FutureTask.report(FutureTask.java:122)
	at java.util.concurrent.FutureTask.get(FutureTask.java:192)
	at org.apache.ratis.server.impl.LeaderElection.waitForResults(LeaderElection.java:259)
	at org.apache.ratis.server.impl.LeaderElection.askForVotes(LeaderElection.java:197)
	at org.apache.ratis.server.impl.LeaderElection.run(LeaderElection.java:133)
	at java.lang.Thread.run(Thread.java:748)
Caused by: org.apache.ratis.thirdparty.io.grpc.StatusRuntimeException: UNAVAILABLE: io exception
	at org.apache.ratis.thirdparty.io.grpc.stub.ClientCalls.toStatusRuntimeException(ClientCalls.java:233)
	at org.apache.ratis.thirdparty.io.grpc.stub.ClientCalls.getUnchecked(ClientCalls.java:214)
	at org.apache.ratis.thirdparty.io.grpc.stub.ClientCalls.blockingUnaryCall(ClientCalls.java:139)
	at org.apache.ratis.proto.grpc.RaftServerProtocolServiceGrpc$RaftServerProtocolServiceBlockingStub.requestVote(RaftServerProtocolServiceGrpc.java:265)
	at org.apache.ratis.grpc.server.GrpcServerProtocolClient.requestVote(GrpcServerProtocolClient.java:99)
	at org.apache.ratis.grpc.server.GrpcService.requestVote(GrpcService.java:204)
	at org.apache.ratis.server.impl.LeaderElection.lambda$submitRequests$1(LeaderElection.java:234)
	at java.util.concurrent.FutureTask.run(FutureTask.java:266)
	at java.util.concurrent.Executors$RunnableAdapter.call(Executors.java:511)
	at java.util.concurrent.FutureTask.run(FutureTask.java:266)
	at java.util.concurrent.ThreadPoolExecutor.runWorker(ThreadPoolExecutor.java:1149)
	at java.util.concurrent.ThreadPoolExecutor$Worker.run(ThreadPoolExecutor.java:624)
	... 1 more
Caused by: org.apache.ratis.thirdparty.io.netty.channel.AbstractChannel$AnnotatedConnectException: Connection refused: /192.168.69.104:35488
	at sun.nio.ch.SocketChannelImpl.checkConnect(Native Method)
	at sun.nio.ch.SocketChannelImpl.finishConnect(SocketChannelImpl.java:717)
	at org.apache.ratis.thirdparty.io.netty.channel.socket.nio.NioSocketChannel.doFinishConnect(NioSocketChannel.java:327)
	at org.apache.ratis.thirdparty.io.netty.channel.nio.AbstractNioChannel$AbstractNioUnsafe.finishConnect(AbstractNioChannel.java:340)
	at org.apache.ratis.thirdparty.io.netty.channel.nio.NioEventLoop.processSelectedKey(NioEventLoop.java:632)
	at org.apache.ratis.thirdparty.io.netty.channel.nio.NioEventLoop.processSelectedKeysOptimized(NioEventLoop.java:579)
	at org.apache.ratis.thirdparty.io.netty.channel.nio.NioEventLoop.processSelectedKeys(NioEventLoop.java:496)
	at org.apache.ratis.thirdparty.io.netty.channel.nio.NioEventLoop.run(NioEventLoop.java:458)
	at org.apache.ratis.thirdparty.io.netty.util.concurrent.SingleThreadEventExecutor$5.run(SingleThreadEventExecutor.java:897)
	at org.apache.ratis.thirdparty.io.netty.util.concurrent.FastThreadLocalRunnable.run(FastThreadLocalRunnable.java:30)
	... 1 more
Caused by: java.net.ConnectException: Connection refused
	... 11 more
2019-10-16 05:41:39,746 [a85e69e5-760c-4b40-a424-fc77673779df@group-AFFE1363742F-LeaderElection34] INFO  impl.LeaderElection (LogUtils.java:infoOrTrace(149)) -   Exception 1: {}
java.util.concurrent.ExecutionException: org.apache.ratis.thirdparty.io.grpc.StatusRuntimeException: UNAVAILABLE: io exception
	at java.util.concurrent.FutureTask.report(FutureTask.java:122)
	at java.util.concurrent.FutureTask.get(FutureTask.java:192)
	at org.apache.ratis.server.impl.LeaderElection.waitForResults(LeaderElection.java:259)
	at org.apache.ratis.server.impl.LeaderElection.askForVotes(LeaderElection.java:197)
	at org.apache.ratis.server.impl.LeaderElection.run(LeaderElection.java:133)
	at java.lang.Thread.run(Thread.java:748)
Caused by: org.apache.ratis.thirdparty.io.grpc.StatusRuntimeException: UNAVAILABLE: io exception
	at org.apache.ratis.thirdparty.io.grpc.stub.ClientCalls.toStatusRuntimeException(ClientCalls.java:233)
	at org.apache.ratis.thirdparty.io.grpc.stub.ClientCalls.getUnchecked(ClientCalls.java:214)
	at org.apache.ratis.thirdparty.io.grpc.stub.ClientCalls.blockingUnaryCall(ClientCalls.java:139)
	at org.apache.ratis.proto.grpc.RaftServerProtocolServiceGrpc$RaftServerProtocolServiceBlockingStub.requestVote(RaftServerProtocolServiceGrpc.java:265)
	at org.apache.ratis.grpc.server.GrpcServerProtocolClient.requestVote(GrpcServerProtocolClient.java:99)
	at org.apache.ratis.grpc.server.GrpcService.requestVote(GrpcService.java:204)
	at org.apache.ratis.server.impl.LeaderElection.lambda$submitRequests$1(LeaderElection.java:234)
	at java.util.concurrent.FutureTask.run(FutureTask.java:266)
	at java.util.concurrent.Executors$RunnableAdapter.call(Executors.java:511)
	at java.util.concurrent.FutureTask.run(FutureTask.java:266)
	at java.util.concurrent.ThreadPoolExecutor.runWorker(ThreadPoolExecutor.java:1149)
	at java.util.concurrent.ThreadPoolExecutor$Worker.run(ThreadPoolExecutor.java:624)
	... 1 more
Caused by: org.apache.ratis.thirdparty.io.netty.channel.AbstractChannel$AnnotatedConnectException: Connection refused: /192.168.69.104:45225
	at sun.nio.ch.SocketChannelImpl.checkConnect(Native Method)
	at sun.nio.ch.SocketChannelImpl.finishConnect(SocketChannelImpl.java:717)
	at org.apache.ratis.thirdparty.io.netty.channel.socket.nio.NioSocketChannel.doFinishConnect(NioSocketChannel.java:327)
	at org.apache.ratis.thirdparty.io.netty.channel.nio.AbstractNioChannel$AbstractNioUnsafe.finishConnect(AbstractNioChannel.java:340)
	at org.apache.ratis.thirdparty.io.netty.channel.nio.NioEventLoop.processSelectedKey(NioEventLoop.java:632)
	at org.apache.ratis.thirdparty.io.netty.channel.nio.NioEventLoop.processSelectedKeysOptimized(NioEventLoop.java:579)
	at org.apache.ratis.thirdparty.io.netty.channel.nio.NioEventLoop.processSelectedKeys(NioEventLoop.java:496)
	at org.apache.ratis.thirdparty.io.netty.channel.nio.NioEventLoop.run(NioEventLoop.java:458)
	at org.apache.ratis.thirdparty.io.netty.util.concurrent.SingleThreadEventExecutor$5.run(SingleThreadEventExecutor.java:897)
	at org.apache.ratis.thirdparty.io.netty.util.concurrent.FastThreadLocalRunnable.run(FastThreadLocalRunnable.java:30)
	... 1 more
Caused by: java.net.ConnectException: Connection refused
	... 11 more
2019-10-16 05:41:39,747 [a85e69e5-760c-4b40-a424-fc77673779df@group-AFFE1363742F-LeaderElection34] INFO  impl.RaftServerImpl (RaftServerImpl.java:setRole(184)) - a85e69e5-760c-4b40-a424-fc77673779df@group-AFFE1363742F: changes role from CANDIDATE to FOLLOWER at term 15 for DISCOVERED_A_NEW_TERM
2019-10-16 05:41:39,747 [a85e69e5-760c-4b40-a424-fc77673779df@group-AFFE1363742F-LeaderElection34] INFO  impl.RoleInfo (RoleInfo.java:shutdownLeaderElection(134)) - a85e69e5-760c-4b40-a424-fc77673779df: shutdown LeaderElection
2019-10-16 05:41:39,748 [a85e69e5-760c-4b40-a424-fc77673779df@group-AFFE1363742F-LeaderElection34] INFO  impl.RoleInfo (RoleInfo.java:updateAndGet(143)) - a85e69e5-760c-4b40-a424-fc77673779df: start FollowerState
2019-10-16 05:41:40,769 [Thread-1131] INFO  client.GrpcClientProtocolService (GrpcClientProtocolService.java:lambda$processClientRequest$0(278)) - Failed RaftClientRequest:client-E49425DFE6AB->a85e69e5-760c-4b40-a424-fc77673779df@group-AFFE1363742F, cid=52, seq=0, Watch-ALL_COMMITTED(18), Message:<EMPTY>, reply=RaftClientReply:client-E49425DFE6AB->a85e69e5-760c-4b40-a424-fc77673779df@group-AFFE1363742F, cid=52, FAILED org.apache.ratis.protocol.NotLeaderException: Server a85e69e5-760c-4b40-a424-fc77673779df@group-AFFE1363742F is not the leader, logIndex=0, commits[a85e69e5-760c-4b40-a424-fc77673779df:c28, 163c5688-ede5-44ab-b3bd-c5a10f730980:c16, 73edb6ac-4c26-463f-ad6d-00f88e6dbd58:c28]
2019-10-16 05:41:40,891 [Thread-1121] INFO  impl.FollowerState (FollowerState.java:run(108)) - a85e69e5-760c-4b40-a424-fc77673779df@group-AFFE1363742F-FollowerState: change to CANDIDATE, lastRpcTime:1143ms, electionTimeout:1143ms
2019-10-16 05:41:40,892 [Thread-1121] INFO  impl.RoleInfo (RoleInfo.java:shutdownFollowerState(121)) - a85e69e5-760c-4b40-a424-fc77673779df: shutdown FollowerState
2019-10-16 05:41:40,892 [Thread-1121] INFO  impl.RaftServerImpl (RaftServerImpl.java:setRole(184)) - a85e69e5-760c-4b40-a424-fc77673779df@group-AFFE1363742F: changes role from  FOLLOWER to CANDIDATE at term 15 for changeToCandidate
2019-10-16 05:41:40,892 [Thread-1121] INFO  impl.RoleInfo (RoleInfo.java:updateAndGet(143)) - a85e69e5-760c-4b40-a424-fc77673779df: start LeaderElection
2019-10-16 05:41:40,907 [a85e69e5-760c-4b40-a424-fc77673779df@group-AFFE1363742F-LeaderElection35] INFO  impl.LeaderElection (LeaderElection.java:askForVotes(178)) - a85e69e5-760c-4b40-a424-fc77673779df@group-AFFE1363742F-LeaderElection35: begin an election at term 16 for 0: [163c5688-ede5-44ab-b3bd-c5a10f730980:192.168.69.104:45225, a85e69e5-760c-4b40-a424-fc77673779df:192.168.69.104:37941, 73edb6ac-4c26-463f-ad6d-00f88e6dbd58:192.168.69.104:35488], old=null
2019-10-16 05:41:40,908 [a85e69e5-760c-4b40-a424-fc77673779df@group-AFFE1363742F-LeaderElection35] INFO  impl.LeaderElection (LogUtils.java:infoOrTrace(149)) - a85e69e5-760c-4b40-a424-fc77673779df@group-AFFE1363742F-LeaderElection35 got exception when requesting votes: {}
java.util.concurrent.ExecutionException: org.apache.ratis.thirdparty.io.grpc.StatusRuntimeException: UNAVAILABLE: io exception
	at java.util.concurrent.FutureTask.report(FutureTask.java:122)
	at java.util.concurrent.FutureTask.get(FutureTask.java:192)
	at org.apache.ratis.server.impl.LeaderElection.waitForResults(LeaderElection.java:259)
	at org.apache.ratis.server.impl.LeaderElection.askForVotes(LeaderElection.java:197)
	at org.apache.ratis.server.impl.LeaderElection.run(LeaderElection.java:133)
	at java.lang.Thread.run(Thread.java:748)
Caused by: org.apache.ratis.thirdparty.io.grpc.StatusRuntimeException: UNAVAILABLE: io exception
	at org.apache.ratis.thirdparty.io.grpc.stub.ClientCalls.toStatusRuntimeException(ClientCalls.java:233)
	at org.apache.ratis.thirdparty.io.grpc.stub.ClientCalls.getUnchecked(ClientCalls.java:214)
	at org.apache.ratis.thirdparty.io.grpc.stub.ClientCalls.blockingUnaryCall(ClientCalls.java:139)
	at org.apache.ratis.proto.grpc.RaftServerProtocolServiceGrpc$RaftServerProtocolServiceBlockingStub.requestVote(RaftServerProtocolServiceGrpc.java:265)
	at org.apache.ratis.grpc.server.GrpcServerProtocolClient.requestVote(GrpcServerProtocolClient.java:99)
	at org.apache.ratis.grpc.server.GrpcService.requestVote(GrpcService.java:204)
	at org.apache.ratis.server.impl.LeaderElection.lambda$submitRequests$1(LeaderElection.java:234)
	at java.util.concurrent.FutureTask.run(FutureTask.java:266)
	at java.util.concurrent.Executors$RunnableAdapter.call(Executors.java:511)
	at java.util.concurrent.FutureTask.run(FutureTask.java:266)
	at java.util.concurrent.ThreadPoolExecutor.runWorker(ThreadPoolExecutor.java:1149)
	at java.util.concurrent.ThreadPoolExecutor$Worker.run(ThreadPoolExecutor.java:624)
	... 1 more
Caused by: org.apache.ratis.thirdparty.io.netty.channel.AbstractChannel$AnnotatedConnectException: Connection refused: /192.168.69.104:45225
	at sun.nio.ch.SocketChannelImpl.checkConnect(Native Method)
	at sun.nio.ch.SocketChannelImpl.finishConnect(SocketChannelImpl.java:717)
	at org.apache.ratis.thirdparty.io.netty.channel.socket.nio.NioSocketChannel.doFinishConnect(NioSocketChannel.java:327)
	at org.apache.ratis.thirdparty.io.netty.channel.nio.AbstractNioChannel$AbstractNioUnsafe.finishConnect(AbstractNioChannel.java:340)
	at org.apache.ratis.thirdparty.io.netty.channel.nio.NioEventLoop.processSelectedKey(NioEventLoop.java:632)
	at org.apache.ratis.thirdparty.io.netty.channel.nio.NioEventLoop.processSelectedKeysOptimized(NioEventLoop.java:579)
	at org.apache.ratis.thirdparty.io.netty.channel.nio.NioEventLoop.processSelectedKeys(NioEventLoop.java:496)
	at org.apache.ratis.thirdparty.io.netty.channel.nio.NioEventLoop.run(NioEventLoop.java:458)
	at org.apache.ratis.thirdparty.io.netty.util.concurrent.SingleThreadEventExecutor$5.run(SingleThreadEventExecutor.java:897)
	at org.apache.ratis.thirdparty.io.netty.util.concurrent.FastThreadLocalRunnable.run(FastThreadLocalRunnable.java:30)
	... 1 more
Caused by: java.net.ConnectException: Connection refused
	... 11 more
2019-10-16 05:41:40,911 [a85e69e5-760c-4b40-a424-fc77673779df@group-AFFE1363742F-LeaderElection35] INFO  impl.LeaderElection (LogUtils.java:infoOrTrace(149)) - a85e69e5-760c-4b40-a424-fc77673779df@group-AFFE1363742F-LeaderElection35 got exception when requesting votes: {}
java.util.concurrent.ExecutionException: org.apache.ratis.thirdparty.io.grpc.StatusRuntimeException: UNAVAILABLE: io exception
	at java.util.concurrent.FutureTask.report(FutureTask.java:122)
	at java.util.concurrent.FutureTask.get(FutureTask.java:192)
	at org.apache.ratis.server.impl.LeaderElection.waitForResults(LeaderElection.java:259)
	at org.apache.ratis.server.impl.LeaderElection.askForVotes(LeaderElection.java:197)
	at org.apache.ratis.server.impl.LeaderElection.run(LeaderElection.java:133)
	at java.lang.Thread.run(Thread.java:748)
Caused by: org.apache.ratis.thirdparty.io.grpc.StatusRuntimeException: UNAVAILABLE: io exception
	at org.apache.ratis.thirdparty.io.grpc.stub.ClientCalls.toStatusRuntimeException(ClientCalls.java:233)
	at org.apache.ratis.thirdparty.io.grpc.stub.ClientCalls.getUnchecked(ClientCalls.java:214)
	at org.apache.ratis.thirdparty.io.grpc.stub.ClientCalls.blockingUnaryCall(ClientCalls.java:139)
	at org.apache.ratis.proto.grpc.RaftServerProtocolServiceGrpc$RaftServerProtocolServiceBlockingStub.requestVote(RaftServerProtocolServiceGrpc.java:265)
	at org.apache.ratis.grpc.server.GrpcServerProtocolClient.requestVote(GrpcServerProtocolClient.java:99)
	at org.apache.ratis.grpc.server.GrpcService.requestVote(GrpcService.java:204)
	at org.apache.ratis.server.impl.LeaderElection.lambda$submitRequests$1(LeaderElection.java:234)
	at java.util.concurrent.FutureTask.run(FutureTask.java:266)
	at java.util.concurrent.Executors$RunnableAdapter.call(Executors.java:511)
	at java.util.concurrent.FutureTask.run(FutureTask.java:266)
	at java.util.concurrent.ThreadPoolExecutor.runWorker(ThreadPoolExecutor.java:1149)
	at java.util.concurrent.ThreadPoolExecutor$Worker.run(ThreadPoolExecutor.java:624)
	... 1 more
Caused by: org.apache.ratis.thirdparty.io.netty.channel.AbstractChannel$AnnotatedConnectException: Connection refused: /192.168.69.104:35488
	at sun.nio.ch.SocketChannelImpl.checkConnect(Native Method)
	at sun.nio.ch.SocketChannelImpl.finishConnect(SocketChannelImpl.java:717)
	at org.apache.ratis.thirdparty.io.netty.channel.socket.nio.NioSocketChannel.doFinishConnect(NioSocketChannel.java:327)
	at org.apache.ratis.thirdparty.io.netty.channel.nio.AbstractNioChannel$AbstractNioUnsafe.finishConnect(AbstractNioChannel.java:340)
	at org.apache.ratis.thirdparty.io.netty.channel.nio.NioEventLoop.processSelectedKey(NioEventLoop.java:632)
	at org.apache.ratis.thirdparty.io.netty.channel.nio.NioEventLoop.processSelectedKeysOptimized(NioEventLoop.java:579)
	at org.apache.ratis.thirdparty.io.netty.channel.nio.NioEventLoop.processSelectedKeys(NioEventLoop.java:496)
	at org.apache.ratis.thirdparty.io.netty.channel.nio.NioEventLoop.run(NioEventLoop.java:458)
	at org.apache.ratis.thirdparty.io.netty.util.concurrent.SingleThreadEventExecutor$5.run(SingleThreadEventExecutor.java:897)
	at org.apache.ratis.thirdparty.io.netty.util.concurrent.FastThreadLocalRunnable.run(FastThreadLocalRunnable.java:30)
	... 1 more
Caused by: java.net.ConnectException: Connection refused
	... 11 more
2019-10-16 05:41:40,914 [a85e69e5-760c-4b40-a424-fc77673779df@group-AFFE1363742F-LeaderElection35] INFO  impl.LeaderElection (LeaderElection.java:logAndReturn(56)) - a85e69e5-760c-4b40-a424-fc77673779df@group-AFFE1363742F-LeaderElection35: Election REJECTED; received 0 response(s) [] and 2 exception(s); a85e69e5-760c-4b40-a424-fc77673779df@group-AFFE1363742F:t16, leader=null, voted=a85e69e5-760c-4b40-a424-fc77673779df, raftlog=a85e69e5-760c-4b40-a424-fc77673779df@group-AFFE1363742F-SegmentedRaftLog:OPENED:c28,f28,i28, conf=0: [163c5688-ede5-44ab-b3bd-c5a10f730980:192.168.69.104:45225, a85e69e5-760c-4b40-a424-fc77673779df:192.168.69.104:37941, 73edb6ac-4c26-463f-ad6d-00f88e6dbd58:192.168.69.104:35488], old=null
2019-10-16 05:41:40,914 [a85e69e5-760c-4b40-a424-fc77673779df@group-AFFE1363742F-LeaderElection35] INFO  impl.LeaderElection (LogUtils.java:infoOrTrace(149)) -   Exception 0: {}
java.util.concurrent.ExecutionException: org.apache.ratis.thirdparty.io.grpc.StatusRuntimeException: UNAVAILABLE: io exception
	at java.util.concurrent.FutureTask.report(FutureTask.java:122)
	at java.util.concurrent.FutureTask.get(FutureTask.java:192)
	at org.apache.ratis.server.impl.LeaderElection.waitForResults(LeaderElection.java:259)
	at org.apache.ratis.server.impl.LeaderElection.askForVotes(LeaderElection.java:197)
	at org.apache.ratis.server.impl.LeaderElection.run(LeaderElection.java:133)
	at java.lang.Thread.run(Thread.java:748)
Caused by: org.apache.ratis.thirdparty.io.grpc.StatusRuntimeException: UNAVAILABLE: io exception
	at org.apache.ratis.thirdparty.io.grpc.stub.ClientCalls.toStatusRuntimeException(ClientCalls.java:233)
	at org.apache.ratis.thirdparty.io.grpc.stub.ClientCalls.getUnchecked(ClientCalls.java:214)
	at org.apache.ratis.thirdparty.io.grpc.stub.ClientCalls.blockingUnaryCall(ClientCalls.java:139)
	at org.apache.ratis.proto.grpc.RaftServerProtocolServiceGrpc$RaftServerProtocolServiceBlockingStub.requestVote(RaftServerProtocolServiceGrpc.java:265)
	at org.apache.ratis.grpc.server.GrpcServerProtocolClient.requestVote(GrpcServerProtocolClient.java:99)
	at org.apache.ratis.grpc.server.GrpcService.requestVote(GrpcService.java:204)
	at org.apache.ratis.server.impl.LeaderElection.lambda$submitRequests$1(LeaderElection.java:234)
	at java.util.concurrent.FutureTask.run(FutureTask.java:266)
	at java.util.concurrent.Executors$RunnableAdapter.call(Executors.java:511)
	at java.util.concurrent.FutureTask.run(FutureTask.java:266)
	at java.util.concurrent.ThreadPoolExecutor.runWorker(ThreadPoolExecutor.java:1149)
	at java.util.concurrent.ThreadPoolExecutor$Worker.run(ThreadPoolExecutor.java:624)
	... 1 more
Caused by: org.apache.ratis.thirdparty.io.netty.channel.AbstractChannel$AnnotatedConnectException: Connection refused: /192.168.69.104:45225
	at sun.nio.ch.SocketChannelImpl.checkConnect(Native Method)
	at sun.nio.ch.SocketChannelImpl.finishConnect(SocketChannelImpl.java:717)
	at org.apache.ratis.thirdparty.io.netty.channel.socket.nio.NioSocketChannel.doFinishConnect(NioSocketChannel.java:327)
	at org.apache.ratis.thirdparty.io.netty.channel.nio.AbstractNioChannel$AbstractNioUnsafe.finishConnect(AbstractNioChannel.java:340)
	at org.apache.ratis.thirdparty.io.netty.channel.nio.NioEventLoop.processSelectedKey(NioEventLoop.java:632)
	at org.apache.ratis.thirdparty.io.netty.channel.nio.NioEventLoop.processSelectedKeysOptimized(NioEventLoop.java:579)
	at org.apache.ratis.thirdparty.io.netty.channel.nio.NioEventLoop.processSelectedKeys(NioEventLoop.java:496)
	at org.apache.ratis.thirdparty.io.netty.channel.nio.NioEventLoop.run(NioEventLoop.java:458)
	at org.apache.ratis.thirdparty.io.netty.util.concurrent.SingleThreadEventExecutor$5.run(SingleThreadEventExecutor.java:897)
	at org.apache.ratis.thirdparty.io.netty.util.concurrent.FastThreadLocalRunnable.run(FastThreadLocalRunnable.java:30)
	... 1 more
Caused by: java.net.ConnectException: Connection refused
	... 11 more
2019-10-16 05:41:40,915 [a85e69e5-760c-4b40-a424-fc77673779df@group-AFFE1363742F-LeaderElection35] INFO  impl.LeaderElection (LogUtils.java:infoOrTrace(149)) -   Exception 1: {}
java.util.concurrent.ExecutionException: org.apache.ratis.thirdparty.io.grpc.StatusRuntimeException: UNAVAILABLE: io exception
	at java.util.concurrent.FutureTask.report(FutureTask.java:122)
	at java.util.concurrent.FutureTask.get(FutureTask.java:192)
	at org.apache.ratis.server.impl.LeaderElection.waitForResults(LeaderElection.java:259)
	at org.apache.ratis.server.impl.LeaderElection.askForVotes(LeaderElection.java:197)
	at org.apache.ratis.server.impl.LeaderElection.run(LeaderElection.java:133)
	at java.lang.Thread.run(Thread.java:748)
Caused by: org.apache.ratis.thirdparty.io.grpc.StatusRuntimeException: UNAVAILABLE: io exception
	at org.apache.ratis.thirdparty.io.grpc.stub.ClientCalls.toStatusRuntimeException(ClientCalls.java:233)
	at org.apache.ratis.thirdparty.io.grpc.stub.ClientCalls.getUnchecked(ClientCalls.java:214)
	at org.apache.ratis.thirdparty.io.grpc.stub.ClientCalls.blockingUnaryCall(ClientCalls.java:139)
	at org.apache.ratis.proto.grpc.RaftServerProtocolServiceGrpc$RaftServerProtocolServiceBlockingStub.requestVote(RaftServerProtocolServiceGrpc.java:265)
	at org.apache.ratis.grpc.server.GrpcServerProtocolClient.requestVote(GrpcServerProtocolClient.java:99)
	at org.apache.ratis.grpc.server.GrpcService.requestVote(GrpcService.java:204)
	at org.apache.ratis.server.impl.LeaderElection.lambda$submitRequests$1(LeaderElection.java:234)
	at java.util.concurrent.FutureTask.run(FutureTask.java:266)
	at java.util.concurrent.Executors$RunnableAdapter.call(Executors.java:511)
	at java.util.concurrent.FutureTask.run(FutureTask.java:266)
	at java.util.concurrent.ThreadPoolExecutor.runWorker(ThreadPoolExecutor.java:1149)
	at java.util.concurrent.ThreadPoolExecutor$Worker.run(ThreadPoolExecutor.java:624)
	... 1 more
Caused by: org.apache.ratis.thirdparty.io.netty.channel.AbstractChannel$AnnotatedConnectException: Connection refused: /192.168.69.104:35488
	at sun.nio.ch.SocketChannelImpl.checkConnect(Native Method)
	at sun.nio.ch.SocketChannelImpl.finishConnect(SocketChannelImpl.java:717)
	at org.apache.ratis.thirdparty.io.netty.channel.socket.nio.NioSocketChannel.doFinishConnect(NioSocketChannel.java:327)
	at org.apache.ratis.thirdparty.io.netty.channel.nio.AbstractNioChannel$AbstractNioUnsafe.finishConnect(AbstractNioChannel.java:340)
	at org.apache.ratis.thirdparty.io.netty.channel.nio.NioEventLoop.processSelectedKey(NioEventLoop.java:632)
	at org.apache.ratis.thirdparty.io.netty.channel.nio.NioEventLoop.processSelectedKeysOptimized(NioEventLoop.java:579)
	at org.apache.ratis.thirdparty.io.netty.channel.nio.NioEventLoop.processSelectedKeys(NioEventLoop.java:496)
	at org.apache.ratis.thirdparty.io.netty.channel.nio.NioEventLoop.run(NioEventLoop.java:458)
	at org.apache.ratis.thirdparty.io.netty.util.concurrent.SingleThreadEventExecutor$5.run(SingleThreadEventExecutor.java:897)
	at org.apache.ratis.thirdparty.io.netty.util.concurrent.FastThreadLocalRunnable.run(FastThreadLocalRunnable.java:30)
	... 1 more
Caused by: java.net.ConnectException: Connection refused
	... 11 more
2019-10-16 05:41:40,916 [a85e69e5-760c-4b40-a424-fc77673779df@group-AFFE1363742F-LeaderElection35] INFO  impl.RaftServerImpl (RaftServerImpl.java:setRole(184)) - a85e69e5-760c-4b40-a424-fc77673779df@group-AFFE1363742F: changes role from CANDIDATE to FOLLOWER at term 16 for DISCOVERED_A_NEW_TERM
2019-10-16 05:41:40,916 [a85e69e5-760c-4b40-a424-fc77673779df@group-AFFE1363742F-LeaderElection35] INFO  impl.RoleInfo (RoleInfo.java:shutdownLeaderElection(134)) - a85e69e5-760c-4b40-a424-fc77673779df: shutdown LeaderElection
2019-10-16 05:41:40,916 [a85e69e5-760c-4b40-a424-fc77673779df@group-AFFE1363742F-LeaderElection35] INFO  impl.RoleInfo (RoleInfo.java:updateAndGet(143)) - a85e69e5-760c-4b40-a424-fc77673779df: start FollowerState
2019-10-16 05:41:42,011 [Thread-1136] INFO  impl.FollowerState (FollowerState.java:run(108)) - a85e69e5-760c-4b40-a424-fc77673779df@group-AFFE1363742F-FollowerState: change to CANDIDATE, lastRpcTime:1094ms, electionTimeout:1094ms
2019-10-16 05:41:42,011 [Thread-1136] INFO  impl.RoleInfo (RoleInfo.java:shutdownFollowerState(121)) - a85e69e5-760c-4b40-a424-fc77673779df: shutdown FollowerState
2019-10-16 05:41:42,011 [Thread-1136] INFO  impl.RaftServerImpl (RaftServerImpl.java:setRole(184)) - a85e69e5-760c-4b40-a424-fc77673779df@group-AFFE1363742F: changes role from  FOLLOWER to CANDIDATE at term 16 for changeToCandidate
2019-10-16 05:41:42,012 [Thread-1136] INFO  impl.RoleInfo (RoleInfo.java:updateAndGet(143)) - a85e69e5-760c-4b40-a424-fc77673779df: start LeaderElection
2019-10-16 05:41:42,026 [a85e69e5-760c-4b40-a424-fc77673779df@group-AFFE1363742F-LeaderElection36] INFO  impl.LeaderElection (LeaderElection.java:askForVotes(178)) - a85e69e5-760c-4b40-a424-fc77673779df@group-AFFE1363742F-LeaderElection36: begin an election at term 17 for 0: [163c5688-ede5-44ab-b3bd-c5a10f730980:192.168.69.104:45225, a85e69e5-760c-4b40-a424-fc77673779df:192.168.69.104:37941, 73edb6ac-4c26-463f-ad6d-00f88e6dbd58:192.168.69.104:35488], old=null
2019-10-16 05:41:42,028 [a85e69e5-760c-4b40-a424-fc77673779df@group-AFFE1363742F-LeaderElection36] INFO  impl.LeaderElection (LogUtils.java:infoOrTrace(149)) - a85e69e5-760c-4b40-a424-fc77673779df@group-AFFE1363742F-LeaderElection36 got exception when requesting votes: {}
java.util.concurrent.ExecutionException: org.apache.ratis.thirdparty.io.grpc.StatusRuntimeException: UNAVAILABLE: io exception
	at java.util.concurrent.FutureTask.report(FutureTask.java:122)
	at java.util.concurrent.FutureTask.get(FutureTask.java:192)
	at org.apache.ratis.server.impl.LeaderElection.waitForResults(LeaderElection.java:259)
	at org.apache.ratis.server.impl.LeaderElection.askForVotes(LeaderElection.java:197)
	at org.apache.ratis.server.impl.LeaderElection.run(LeaderElection.java:133)
	at java.lang.Thread.run(Thread.java:748)
Caused by: org.apache.ratis.thirdparty.io.grpc.StatusRuntimeException: UNAVAILABLE: io exception
	at org.apache.ratis.thirdparty.io.grpc.stub.ClientCalls.toStatusRuntimeException(ClientCalls.java:233)
	at org.apache.ratis.thirdparty.io.grpc.stub.ClientCalls.getUnchecked(ClientCalls.java:214)
	at org.apache.ratis.thirdparty.io.grpc.stub.ClientCalls.blockingUnaryCall(ClientCalls.java:139)
	at org.apache.ratis.proto.grpc.RaftServerProtocolServiceGrpc$RaftServerProtocolServiceBlockingStub.requestVote(RaftServerProtocolServiceGrpc.java:265)
	at org.apache.ratis.grpc.server.GrpcServerProtocolClient.requestVote(GrpcServerProtocolClient.java:99)
	at org.apache.ratis.grpc.server.GrpcService.requestVote(GrpcService.java:204)
	at org.apache.ratis.server.impl.LeaderElection.lambda$submitRequests$1(LeaderElection.java:234)
	at java.util.concurrent.FutureTask.run(FutureTask.java:266)
	at java.util.concurrent.Executors$RunnableAdapter.call(Executors.java:511)
	at java.util.concurrent.FutureTask.run(FutureTask.java:266)
	at java.util.concurrent.ThreadPoolExecutor.runWorker(ThreadPoolExecutor.java:1149)
	at java.util.concurrent.ThreadPoolExecutor$Worker.run(ThreadPoolExecutor.java:624)
	... 1 more
Caused by: org.apache.ratis.thirdparty.io.netty.channel.AbstractChannel$AnnotatedConnectException: Connection refused: /192.168.69.104:45225
	at sun.nio.ch.SocketChannelImpl.checkConnect(Native Method)
	at sun.nio.ch.SocketChannelImpl.finishConnect(SocketChannelImpl.java:717)
	at org.apache.ratis.thirdparty.io.netty.channel.socket.nio.NioSocketChannel.doFinishConnect(NioSocketChannel.java:327)
	at org.apache.ratis.thirdparty.io.netty.channel.nio.AbstractNioChannel$AbstractNioUnsafe.finishConnect(AbstractNioChannel.java:340)
	at org.apache.ratis.thirdparty.io.netty.channel.nio.NioEventLoop.processSelectedKey(NioEventLoop.java:632)
	at org.apache.ratis.thirdparty.io.netty.channel.nio.NioEventLoop.processSelectedKeysOptimized(NioEventLoop.java:579)
	at org.apache.ratis.thirdparty.io.netty.channel.nio.NioEventLoop.processSelectedKeys(NioEventLoop.java:496)
	at org.apache.ratis.thirdparty.io.netty.channel.nio.NioEventLoop.run(NioEventLoop.java:458)
	at org.apache.ratis.thirdparty.io.netty.util.concurrent.SingleThreadEventExecutor$5.run(SingleThreadEventExecutor.java:897)
	at org.apache.ratis.thirdparty.io.netty.util.concurrent.FastThreadLocalRunnable.run(FastThreadLocalRunnable.java:30)
	... 1 more
Caused by: java.net.ConnectException: Connection refused
	... 11 more
2019-10-16 05:41:42,032 [a85e69e5-760c-4b40-a424-fc77673779df@group-AFFE1363742F-LeaderElection36] INFO  impl.LeaderElection (LogUtils.java:infoOrTrace(149)) - a85e69e5-760c-4b40-a424-fc77673779df@group-AFFE1363742F-LeaderElection36 got exception when requesting votes: {}
java.util.concurrent.ExecutionException: org.apache.ratis.thirdparty.io.grpc.StatusRuntimeException: UNAVAILABLE: io exception
	at java.util.concurrent.FutureTask.report(FutureTask.java:122)
	at java.util.concurrent.FutureTask.get(FutureTask.java:192)
	at org.apache.ratis.server.impl.LeaderElection.waitForResults(LeaderElection.java:259)
	at org.apache.ratis.server.impl.LeaderElection.askForVotes(LeaderElection.java:197)
	at org.apache.ratis.server.impl.LeaderElection.run(LeaderElection.java:133)
	at java.lang.Thread.run(Thread.java:748)
Caused by: org.apache.ratis.thirdparty.io.grpc.StatusRuntimeException: UNAVAILABLE: io exception
	at org.apache.ratis.thirdparty.io.grpc.stub.ClientCalls.toStatusRuntimeException(ClientCalls.java:233)
	at org.apache.ratis.thirdparty.io.grpc.stub.ClientCalls.getUnchecked(ClientCalls.java:214)
	at org.apache.ratis.thirdparty.io.grpc.stub.ClientCalls.blockingUnaryCall(ClientCalls.java:139)
	at org.apache.ratis.proto.grpc.RaftServerProtocolServiceGrpc$RaftServerProtocolServiceBlockingStub.requestVote(RaftServerProtocolServiceGrpc.java:265)
	at org.apache.ratis.grpc.server.GrpcServerProtocolClient.requestVote(GrpcServerProtocolClient.java:99)
	at org.apache.ratis.grpc.server.GrpcService.requestVote(GrpcService.java:204)
	at org.apache.ratis.server.impl.LeaderElection.lambda$submitRequests$1(LeaderElection.java:234)
	at java.util.concurrent.FutureTask.run(FutureTask.java:266)
	at java.util.concurrent.Executors$RunnableAdapter.call(Executors.java:511)
	at java.util.concurrent.FutureTask.run(FutureTask.java:266)
	at java.util.concurrent.ThreadPoolExecutor.runWorker(ThreadPoolExecutor.java:1149)
	at java.util.concurrent.ThreadPoolExecutor$Worker.run(ThreadPoolExecutor.java:624)
	... 1 more
Caused by: org.apache.ratis.thirdparty.io.netty.channel.AbstractChannel$AnnotatedConnectException: Connection refused: /192.168.69.104:35488
	at sun.nio.ch.SocketChannelImpl.checkConnect(Native Method)
	at sun.nio.ch.SocketChannelImpl.finishConnect(SocketChannelImpl.java:717)
	at org.apache.ratis.thirdparty.io.netty.channel.socket.nio.NioSocketChannel.doFinishConnect(NioSocketChannel.java:327)
	at org.apache.ratis.thirdparty.io.netty.channel.nio.AbstractNioChannel$AbstractNioUnsafe.finishConnect(AbstractNioChannel.java:340)
	at org.apache.ratis.thirdparty.io.netty.channel.nio.NioEventLoop.processSelectedKey(NioEventLoop.java:632)
	at org.apache.ratis.thirdparty.io.netty.channel.nio.NioEventLoop.processSelectedKeysOptimized(NioEventLoop.java:579)
	at org.apache.ratis.thirdparty.io.netty.channel.nio.NioEventLoop.processSelectedKeys(NioEventLoop.java:496)
	at org.apache.ratis.thirdparty.io.netty.channel.nio.NioEventLoop.run(NioEventLoop.java:458)
	at org.apache.ratis.thirdparty.io.netty.util.concurrent.SingleThreadEventExecutor$5.run(SingleThreadEventExecutor.java:897)
	at org.apache.ratis.thirdparty.io.netty.util.concurrent.FastThreadLocalRunnable.run(FastThreadLocalRunnable.java:30)
	... 1 more
Caused by: java.net.ConnectException: Connection refused
	... 11 more
2019-10-16 05:41:42,035 [a85e69e5-760c-4b40-a424-fc77673779df@group-AFFE1363742F-LeaderElection36] INFO  impl.LeaderElection (LeaderElection.java:logAndReturn(56)) - a85e69e5-760c-4b40-a424-fc77673779df@group-AFFE1363742F-LeaderElection36: Election REJECTED; received 0 response(s) [] and 2 exception(s); a85e69e5-760c-4b40-a424-fc77673779df@group-AFFE1363742F:t17, leader=null, voted=a85e69e5-760c-4b40-a424-fc77673779df, raftlog=a85e69e5-760c-4b40-a424-fc77673779df@group-AFFE1363742F-SegmentedRaftLog:OPENED:c28,f28,i28, conf=0: [163c5688-ede5-44ab-b3bd-c5a10f730980:192.168.69.104:45225, a85e69e5-760c-4b40-a424-fc77673779df:192.168.69.104:37941, 73edb6ac-4c26-463f-ad6d-00f88e6dbd58:192.168.69.104:35488], old=null
2019-10-16 05:41:42,035 [a85e69e5-760c-4b40-a424-fc77673779df@group-AFFE1363742F-LeaderElection36] INFO  impl.LeaderElection (LogUtils.java:infoOrTrace(149)) -   Exception 0: {}
java.util.concurrent.ExecutionException: org.apache.ratis.thirdparty.io.grpc.StatusRuntimeException: UNAVAILABLE: io exception
	at java.util.concurrent.FutureTask.report(FutureTask.java:122)
	at java.util.concurrent.FutureTask.get(FutureTask.java:192)
	at org.apache.ratis.server.impl.LeaderElection.waitForResults(LeaderElection.java:259)
	at org.apache.ratis.server.impl.LeaderElection.askForVotes(LeaderElection.java:197)
	at org.apache.ratis.server.impl.LeaderElection.run(LeaderElection.java:133)
	at java.lang.Thread.run(Thread.java:748)
Caused by: org.apache.ratis.thirdparty.io.grpc.StatusRuntimeException: UNAVAILABLE: io exception
	at org.apache.ratis.thirdparty.io.grpc.stub.ClientCalls.toStatusRuntimeException(ClientCalls.java:233)
	at org.apache.ratis.thirdparty.io.grpc.stub.ClientCalls.getUnchecked(ClientCalls.java:214)
	at org.apache.ratis.thirdparty.io.grpc.stub.ClientCalls.blockingUnaryCall(ClientCalls.java:139)
	at org.apache.ratis.proto.grpc.RaftServerProtocolServiceGrpc$RaftServerProtocolServiceBlockingStub.requestVote(RaftServerProtocolServiceGrpc.java:265)
	at org.apache.ratis.grpc.server.GrpcServerProtocolClient.requestVote(GrpcServerProtocolClient.java:99)
	at org.apache.ratis.grpc.server.GrpcService.requestVote(GrpcService.java:204)
	at org.apache.ratis.server.impl.LeaderElection.lambda$submitRequests$1(LeaderElection.java:234)
	at java.util.concurrent.FutureTask.run(FutureTask.java:266)
	at java.util.concurrent.Executors$RunnableAdapter.call(Executors.java:511)
	at java.util.concurrent.FutureTask.run(FutureTask.java:266)
	at java.util.concurrent.ThreadPoolExecutor.runWorker(ThreadPoolExecutor.java:1149)
	at java.util.concurrent.ThreadPoolExecutor$Worker.run(ThreadPoolExecutor.java:624)
	... 1 more
Caused by: org.apache.ratis.thirdparty.io.netty.channel.AbstractChannel$AnnotatedConnectException: Connection refused: /192.168.69.104:45225
	at sun.nio.ch.SocketChannelImpl.checkConnect(Native Method)
	at sun.nio.ch.SocketChannelImpl.finishConnect(SocketChannelImpl.java:717)
	at org.apache.ratis.thirdparty.io.netty.channel.socket.nio.NioSocketChannel.doFinishConnect(NioSocketChannel.java:327)
	at org.apache.ratis.thirdparty.io.netty.channel.nio.AbstractNioChannel$AbstractNioUnsafe.finishConnect(AbstractNioChannel.java:340)
	at org.apache.ratis.thirdparty.io.netty.channel.nio.NioEventLoop.processSelectedKey(NioEventLoop.java:632)
	at org.apache.ratis.thirdparty.io.netty.channel.nio.NioEventLoop.processSelectedKeysOptimized(NioEventLoop.java:579)
	at org.apache.ratis.thirdparty.io.netty.channel.nio.NioEventLoop.processSelectedKeys(NioEventLoop.java:496)
	at org.apache.ratis.thirdparty.io.netty.channel.nio.NioEventLoop.run(NioEventLoop.java:458)
	at org.apache.ratis.thirdparty.io.netty.util.concurrent.SingleThreadEventExecutor$5.run(SingleThreadEventExecutor.java:897)
	at org.apache.ratis.thirdparty.io.netty.util.concurrent.FastThreadLocalRunnable.run(FastThreadLocalRunnable.java:30)
	... 1 more
Caused by: java.net.ConnectException: Connection refused
	... 11 more
2019-10-16 05:41:42,036 [a85e69e5-760c-4b40-a424-fc77673779df@group-AFFE1363742F-LeaderElection36] INFO  impl.LeaderElection (LogUtils.java:infoOrTrace(149)) -   Exception 1: {}
java.util.concurrent.ExecutionException: org.apache.ratis.thirdparty.io.grpc.StatusRuntimeException: UNAVAILABLE: io exception
	at java.util.concurrent.FutureTask.report(FutureTask.java:122)
	at java.util.concurrent.FutureTask.get(FutureTask.java:192)
	at org.apache.ratis.server.impl.LeaderElection.waitForResults(LeaderElection.java:259)
	at org.apache.ratis.server.impl.LeaderElection.askForVotes(LeaderElection.java:197)
	at org.apache.ratis.server.impl.LeaderElection.run(LeaderElection.java:133)
	at java.lang.Thread.run(Thread.java:748)
Caused by: org.apache.ratis.thirdparty.io.grpc.StatusRuntimeException: UNAVAILABLE: io exception
	at org.apache.ratis.thirdparty.io.grpc.stub.ClientCalls.toStatusRuntimeException(ClientCalls.java:233)
	at org.apache.ratis.thirdparty.io.grpc.stub.ClientCalls.getUnchecked(ClientCalls.java:214)
	at org.apache.ratis.thirdparty.io.grpc.stub.ClientCalls.blockingUnaryCall(ClientCalls.java:139)
	at org.apache.ratis.proto.grpc.RaftServerProtocolServiceGrpc$RaftServerProtocolServiceBlockingStub.requestVote(RaftServerProtocolServiceGrpc.java:265)
	at org.apache.ratis.grpc.server.GrpcServerProtocolClient.requestVote(GrpcServerProtocolClient.java:99)
	at org.apache.ratis.grpc.server.GrpcService.requestVote(GrpcService.java:204)
	at org.apache.ratis.server.impl.LeaderElection.lambda$submitRequests$1(LeaderElection.java:234)
	at java.util.concurrent.FutureTask.run(FutureTask.java:266)
	at java.util.concurrent.Executors$RunnableAdapter.call(Executors.java:511)
	at java.util.concurrent.FutureTask.run(FutureTask.java:266)
	at java.util.concurrent.ThreadPoolExecutor.runWorker(ThreadPoolExecutor.java:1149)
	at java.util.concurrent.ThreadPoolExecutor$Worker.run(ThreadPoolExecutor.java:624)
	... 1 more
Caused by: org.apache.ratis.thirdparty.io.netty.channel.AbstractChannel$AnnotatedConnectException: Connection refused: /192.168.69.104:35488
	at sun.nio.ch.SocketChannelImpl.checkConnect(Native Method)
	at sun.nio.ch.SocketChannelImpl.finishConnect(SocketChannelImpl.java:717)
	at org.apache.ratis.thirdparty.io.netty.channel.socket.nio.NioSocketChannel.doFinishConnect(NioSocketChannel.java:327)
	at org.apache.ratis.thirdparty.io.netty.channel.nio.AbstractNioChannel$AbstractNioUnsafe.finishConnect(AbstractNioChannel.java:340)
	at org.apache.ratis.thirdparty.io.netty.channel.nio.NioEventLoop.processSelectedKey(NioEventLoop.java:632)
	at org.apache.ratis.thirdparty.io.netty.channel.nio.NioEventLoop.processSelectedKeysOptimized(NioEventLoop.java:579)
	at org.apache.ratis.thirdparty.io.netty.channel.nio.NioEventLoop.processSelectedKeys(NioEventLoop.java:496)
	at org.apache.ratis.thirdparty.io.netty.channel.nio.NioEventLoop.run(NioEventLoop.java:458)
	at org.apache.ratis.thirdparty.io.netty.util.concurrent.SingleThreadEventExecutor$5.run(SingleThreadEventExecutor.java:897)
	at org.apache.ratis.thirdparty.io.netty.util.concurrent.FastThreadLocalRunnable.run(FastThreadLocalRunnable.java:30)
	... 1 more
Caused by: java.net.ConnectException: Connection refused
	... 11 more
2019-10-16 05:41:42,036 [a85e69e5-760c-4b40-a424-fc77673779df@group-AFFE1363742F-LeaderElection36] INFO  impl.RaftServerImpl (RaftServerImpl.java:setRole(184)) - a85e69e5-760c-4b40-a424-fc77673779df@group-AFFE1363742F: changes role from CANDIDATE to FOLLOWER at term 17 for DISCOVERED_A_NEW_TERM
2019-10-16 05:41:42,037 [a85e69e5-760c-4b40-a424-fc77673779df@group-AFFE1363742F-LeaderElection36] INFO  impl.RoleInfo (RoleInfo.java:shutdownLeaderElection(134)) - a85e69e5-760c-4b40-a424-fc77673779df: shutdown LeaderElection
2019-10-16 05:41:42,037 [a85e69e5-760c-4b40-a424-fc77673779df@group-AFFE1363742F-LeaderElection36] INFO  impl.RoleInfo (RoleInfo.java:updateAndGet(143)) - a85e69e5-760c-4b40-a424-fc77673779df: start FollowerState
2019-10-16 05:41:42,830 [Thread-1162] INFO  client.GrpcClientProtocolService (GrpcClientProtocolService.java:lambda$processClientRequest$0(278)) - Failed RaftClientRequest:client-E49425DFE6AB->a85e69e5-760c-4b40-a424-fc77673779df@group-AFFE1363742F, cid=52, seq=0, Watch-ALL_COMMITTED(18), Message:<EMPTY>, reply=RaftClientReply:client-E49425DFE6AB->a85e69e5-760c-4b40-a424-fc77673779df@group-AFFE1363742F, cid=52, FAILED org.apache.ratis.protocol.NotLeaderException: Server a85e69e5-760c-4b40-a424-fc77673779df@group-AFFE1363742F is not the leader, logIndex=0, commits[a85e69e5-760c-4b40-a424-fc77673779df:c28, 163c5688-ede5-44ab-b3bd-c5a10f730980:c16, 73edb6ac-4c26-463f-ad6d-00f88e6dbd58:c28]
2019-10-16 05:41:43,082 [Thread-1151] INFO  impl.FollowerState (FollowerState.java:run(108)) - a85e69e5-760c-4b40-a424-fc77673779df@group-AFFE1363742F-FollowerState: change to CANDIDATE, lastRpcTime:1045ms, electionTimeout:1045ms
2019-10-16 05:41:43,083 [Thread-1151] INFO  impl.RoleInfo (RoleInfo.java:shutdownFollowerState(121)) - a85e69e5-760c-4b40-a424-fc77673779df: shutdown FollowerState
2019-10-16 05:41:43,083 [Thread-1151] INFO  impl.RaftServerImpl (RaftServerImpl.java:setRole(184)) - a85e69e5-760c-4b40-a424-fc77673779df@group-AFFE1363742F: changes role from  FOLLOWER to CANDIDATE at term 17 for changeToCandidate
2019-10-16 05:41:43,084 [Thread-1151] INFO  impl.RoleInfo (RoleInfo.java:updateAndGet(143)) - a85e69e5-760c-4b40-a424-fc77673779df: start LeaderElection
2019-10-16 05:41:43,098 [a85e69e5-760c-4b40-a424-fc77673779df@group-AFFE1363742F-LeaderElection37] INFO  impl.LeaderElection (LeaderElection.java:askForVotes(178)) - a85e69e5-760c-4b40-a424-fc77673779df@group-AFFE1363742F-LeaderElection37: begin an election at term 18 for 0: [163c5688-ede5-44ab-b3bd-c5a10f730980:192.168.69.104:45225, a85e69e5-760c-4b40-a424-fc77673779df:192.168.69.104:37941, 73edb6ac-4c26-463f-ad6d-00f88e6dbd58:192.168.69.104:35488], old=null
2019-10-16 05:41:43,099 [a85e69e5-760c-4b40-a424-fc77673779df@group-AFFE1363742F-LeaderElection37] INFO  impl.LeaderElection (LogUtils.java:infoOrTrace(149)) - a85e69e5-760c-4b40-a424-fc77673779df@group-AFFE1363742F-LeaderElection37 got exception when requesting votes: {}
java.util.concurrent.ExecutionException: org.apache.ratis.thirdparty.io.grpc.StatusRuntimeException: UNAVAILABLE: io exception
	at java.util.concurrent.FutureTask.report(FutureTask.java:122)
	at java.util.concurrent.FutureTask.get(FutureTask.java:192)
	at org.apache.ratis.server.impl.LeaderElection.waitForResults(LeaderElection.java:259)
	at org.apache.ratis.server.impl.LeaderElection.askForVotes(LeaderElection.java:197)
	at org.apache.ratis.server.impl.LeaderElection.run(LeaderElection.java:133)
	at java.lang.Thread.run(Thread.java:748)
Caused by: org.apache.ratis.thirdparty.io.grpc.StatusRuntimeException: UNAVAILABLE: io exception
	at org.apache.ratis.thirdparty.io.grpc.stub.ClientCalls.toStatusRuntimeException(ClientCalls.java:233)
	at org.apache.ratis.thirdparty.io.grpc.stub.ClientCalls.getUnchecked(ClientCalls.java:214)
	at org.apache.ratis.thirdparty.io.grpc.stub.ClientCalls.blockingUnaryCall(ClientCalls.java:139)
	at org.apache.ratis.proto.grpc.RaftServerProtocolServiceGrpc$RaftServerProtocolServiceBlockingStub.requestVote(RaftServerProtocolServiceGrpc.java:265)
	at org.apache.ratis.grpc.server.GrpcServerProtocolClient.requestVote(GrpcServerProtocolClient.java:99)
	at org.apache.ratis.grpc.server.GrpcService.requestVote(GrpcService.java:204)
	at org.apache.ratis.server.impl.LeaderElection.lambda$submitRequests$1(LeaderElection.java:234)
	at java.util.concurrent.FutureTask.run(FutureTask.java:266)
	at java.util.concurrent.Executors$RunnableAdapter.call(Executors.java:511)
	at java.util.concurrent.FutureTask.run(FutureTask.java:266)
	at java.util.concurrent.ThreadPoolExecutor.runWorker(ThreadPoolExecutor.java:1149)
	at java.util.concurrent.ThreadPoolExecutor$Worker.run(ThreadPoolExecutor.java:624)
	... 1 more
Caused by: org.apache.ratis.thirdparty.io.netty.channel.AbstractChannel$AnnotatedConnectException: Connection refused: /192.168.69.104:45225
	at sun.nio.ch.SocketChannelImpl.checkConnect(Native Method)
	at sun.nio.ch.SocketChannelImpl.finishConnect(SocketChannelImpl.java:717)
	at org.apache.ratis.thirdparty.io.netty.channel.socket.nio.NioSocketChannel.doFinishConnect(NioSocketChannel.java:327)
	at org.apache.ratis.thirdparty.io.netty.channel.nio.AbstractNioChannel$AbstractNioUnsafe.finishConnect(AbstractNioChannel.java:340)
	at org.apache.ratis.thirdparty.io.netty.channel.nio.NioEventLoop.processSelectedKey(NioEventLoop.java:632)
	at org.apache.ratis.thirdparty.io.netty.channel.nio.NioEventLoop.processSelectedKeysOptimized(NioEventLoop.java:579)
	at org.apache.ratis.thirdparty.io.netty.channel.nio.NioEventLoop.processSelectedKeys(NioEventLoop.java:496)
	at org.apache.ratis.thirdparty.io.netty.channel.nio.NioEventLoop.run(NioEventLoop.java:458)
	at org.apache.ratis.thirdparty.io.netty.util.concurrent.SingleThreadEventExecutor$5.run(SingleThreadEventExecutor.java:897)
	at org.apache.ratis.thirdparty.io.netty.util.concurrent.FastThreadLocalRunnable.run(FastThreadLocalRunnable.java:30)
	... 1 more
Caused by: java.net.ConnectException: Connection refused
	... 11 more
2019-10-16 05:41:43,104 [a85e69e5-760c-4b40-a424-fc77673779df@group-AFFE1363742F-LeaderElection37] INFO  impl.LeaderElection (LogUtils.java:infoOrTrace(149)) - a85e69e5-760c-4b40-a424-fc77673779df@group-AFFE1363742F-LeaderElection37 got exception when requesting votes: {}
java.util.concurrent.ExecutionException: org.apache.ratis.thirdparty.io.grpc.StatusRuntimeException: UNAVAILABLE: io exception
	at java.util.concurrent.FutureTask.report(FutureTask.java:122)
	at java.util.concurrent.FutureTask.get(FutureTask.java:192)
	at org.apache.ratis.server.impl.LeaderElection.waitForResults(LeaderElection.java:259)
	at org.apache.ratis.server.impl.LeaderElection.askForVotes(LeaderElection.java:197)
	at org.apache.ratis.server.impl.LeaderElection.run(LeaderElection.java:133)
	at java.lang.Thread.run(Thread.java:748)
Caused by: org.apache.ratis.thirdparty.io.grpc.StatusRuntimeException: UNAVAILABLE: io exception
	at org.apache.ratis.thirdparty.io.grpc.stub.ClientCalls.toStatusRuntimeException(ClientCalls.java:233)
	at org.apache.ratis.thirdparty.io.grpc.stub.ClientCalls.getUnchecked(ClientCalls.java:214)
	at org.apache.ratis.thirdparty.io.grpc.stub.ClientCalls.blockingUnaryCall(ClientCalls.java:139)
	at org.apache.ratis.proto.grpc.RaftServerProtocolServiceGrpc$RaftServerProtocolServiceBlockingStub.requestVote(RaftServerProtocolServiceGrpc.java:265)
	at org.apache.ratis.grpc.server.GrpcServerProtocolClient.requestVote(GrpcServerProtocolClient.java:99)
	at org.apache.ratis.grpc.server.GrpcService.requestVote(GrpcService.java:204)
	at org.apache.ratis.server.impl.LeaderElection.lambda$submitRequests$1(LeaderElection.java:234)
	at java.util.concurrent.FutureTask.run(FutureTask.java:266)
	at java.util.concurrent.Executors$RunnableAdapter.call(Executors.java:511)
	at java.util.concurrent.FutureTask.run(FutureTask.java:266)
	at java.util.concurrent.ThreadPoolExecutor.runWorker(ThreadPoolExecutor.java:1149)
	at java.util.concurrent.ThreadPoolExecutor$Worker.run(ThreadPoolExecutor.java:624)
	... 1 more
Caused by: org.apache.ratis.thirdparty.io.netty.channel.AbstractChannel$AnnotatedConnectException: Connection refused: /192.168.69.104:35488
	at sun.nio.ch.SocketChannelImpl.checkConnect(Native Method)
	at sun.nio.ch.SocketChannelImpl.finishConnect(SocketChannelImpl.java:717)
	at org.apache.ratis.thirdparty.io.netty.channel.socket.nio.NioSocketChannel.doFinishConnect(NioSocketChannel.java:327)
	at org.apache.ratis.thirdparty.io.netty.channel.nio.AbstractNioChannel$AbstractNioUnsafe.finishConnect(AbstractNioChannel.java:340)
	at org.apache.ratis.thirdparty.io.netty.channel.nio.NioEventLoop.processSelectedKey(NioEventLoop.java:632)
	at org.apache.ratis.thirdparty.io.netty.channel.nio.NioEventLoop.processSelectedKeysOptimized(NioEventLoop.java:579)
	at org.apache.ratis.thirdparty.io.netty.channel.nio.NioEventLoop.processSelectedKeys(NioEventLoop.java:496)
	at org.apache.ratis.thirdparty.io.netty.channel.nio.NioEventLoop.run(NioEventLoop.java:458)
	at org.apache.ratis.thirdparty.io.netty.util.concurrent.SingleThreadEventExecutor$5.run(SingleThreadEventExecutor.java:897)
	at org.apache.ratis.thirdparty.io.netty.util.concurrent.FastThreadLocalRunnable.run(FastThreadLocalRunnable.java:30)
	... 1 more
Caused by: java.net.ConnectException: Connection refused
	... 11 more
2019-10-16 05:41:43,107 [a85e69e5-760c-4b40-a424-fc77673779df@group-AFFE1363742F-LeaderElection37] INFO  impl.LeaderElection (LeaderElection.java:logAndReturn(56)) - a85e69e5-760c-4b40-a424-fc77673779df@group-AFFE1363742F-LeaderElection37: Election REJECTED; received 0 response(s) [] and 2 exception(s); a85e69e5-760c-4b40-a424-fc77673779df@group-AFFE1363742F:t18, leader=null, voted=a85e69e5-760c-4b40-a424-fc77673779df, raftlog=a85e69e5-760c-4b40-a424-fc77673779df@group-AFFE1363742F-SegmentedRaftLog:OPENED:c28,f28,i28, conf=0: [163c5688-ede5-44ab-b3bd-c5a10f730980:192.168.69.104:45225, a85e69e5-760c-4b40-a424-fc77673779df:192.168.69.104:37941, 73edb6ac-4c26-463f-ad6d-00f88e6dbd58:192.168.69.104:35488], old=null
2019-10-16 05:41:43,107 [a85e69e5-760c-4b40-a424-fc77673779df@group-AFFE1363742F-LeaderElection37] INFO  impl.LeaderElection (LogUtils.java:infoOrTrace(149)) -   Exception 0: {}
java.util.concurrent.ExecutionException: org.apache.ratis.thirdparty.io.grpc.StatusRuntimeException: UNAVAILABLE: io exception
	at java.util.concurrent.FutureTask.report(FutureTask.java:122)
	at java.util.concurrent.FutureTask.get(FutureTask.java:192)
	at org.apache.ratis.server.impl.LeaderElection.waitForResults(LeaderElection.java:259)
	at org.apache.ratis.server.impl.LeaderElection.askForVotes(LeaderElection.java:197)
	at org.apache.ratis.server.impl.LeaderElection.run(LeaderElection.java:133)
	at java.lang.Thread.run(Thread.java:748)
Caused by: org.apache.ratis.thirdparty.io.grpc.StatusRuntimeException: UNAVAILABLE: io exception
	at org.apache.ratis.thirdparty.io.grpc.stub.ClientCalls.toStatusRuntimeException(ClientCalls.java:233)
	at org.apache.ratis.thirdparty.io.grpc.stub.ClientCalls.getUnchecked(ClientCalls.java:214)
	at org.apache.ratis.thirdparty.io.grpc.stub.ClientCalls.blockingUnaryCall(ClientCalls.java:139)
	at org.apache.ratis.proto.grpc.RaftServerProtocolServiceGrpc$RaftServerProtocolServiceBlockingStub.requestVote(RaftServerProtocolServiceGrpc.java:265)
	at org.apache.ratis.grpc.server.GrpcServerProtocolClient.requestVote(GrpcServerProtocolClient.java:99)
	at org.apache.ratis.grpc.server.GrpcService.requestVote(GrpcService.java:204)
	at org.apache.ratis.server.impl.LeaderElection.lambda$submitRequests$1(LeaderElection.java:234)
	at java.util.concurrent.FutureTask.run(FutureTask.java:266)
	at java.util.concurrent.Executors$RunnableAdapter.call(Executors.java:511)
	at java.util.concurrent.FutureTask.run(FutureTask.java:266)
	at java.util.concurrent.ThreadPoolExecutor.runWorker(ThreadPoolExecutor.java:1149)
	at java.util.concurrent.ThreadPoolExecutor$Worker.run(ThreadPoolExecutor.java:624)
	... 1 more
Caused by: org.apache.ratis.thirdparty.io.netty.channel.AbstractChannel$AnnotatedConnectException: Connection refused: /192.168.69.104:45225
	at sun.nio.ch.SocketChannelImpl.checkConnect(Native Method)
	at sun.nio.ch.SocketChannelImpl.finishConnect(SocketChannelImpl.java:717)
	at org.apache.ratis.thirdparty.io.netty.channel.socket.nio.NioSocketChannel.doFinishConnect(NioSocketChannel.java:327)
	at org.apache.ratis.thirdparty.io.netty.channel.nio.AbstractNioChannel$AbstractNioUnsafe.finishConnect(AbstractNioChannel.java:340)
	at org.apache.ratis.thirdparty.io.netty.channel.nio.NioEventLoop.processSelectedKey(NioEventLoop.java:632)
	at org.apache.ratis.thirdparty.io.netty.channel.nio.NioEventLoop.processSelectedKeysOptimized(NioEventLoop.java:579)
	at org.apache.ratis.thirdparty.io.netty.channel.nio.NioEventLoop.processSelectedKeys(NioEventLoop.java:496)
	at org.apache.ratis.thirdparty.io.netty.channel.nio.NioEventLoop.run(NioEventLoop.java:458)
	at org.apache.ratis.thirdparty.io.netty.util.concurrent.SingleThreadEventExecutor$5.run(SingleThreadEventExecutor.java:897)
	at org.apache.ratis.thirdparty.io.netty.util.concurrent.FastThreadLocalRunnable.run(FastThreadLocalRunnable.java:30)
	... 1 more
Caused by: java.net.ConnectException: Connection refused
	... 11 more
2019-10-16 05:41:43,108 [a85e69e5-760c-4b40-a424-fc77673779df@group-AFFE1363742F-LeaderElection37] INFO  impl.LeaderElection (LogUtils.java:infoOrTrace(149)) -   Exception 1: {}
java.util.concurrent.ExecutionException: org.apache.ratis.thirdparty.io.grpc.StatusRuntimeException: UNAVAILABLE: io exception
	at java.util.concurrent.FutureTask.report(FutureTask.java:122)
	at java.util.concurrent.FutureTask.get(FutureTask.java:192)
	at org.apache.ratis.server.impl.LeaderElection.waitForResults(LeaderElection.java:259)
	at org.apache.ratis.server.impl.LeaderElection.askForVotes(LeaderElection.java:197)
	at org.apache.ratis.server.impl.LeaderElection.run(LeaderElection.java:133)
	at java.lang.Thread.run(Thread.java:748)
Caused by: org.apache.ratis.thirdparty.io.grpc.StatusRuntimeException: UNAVAILABLE: io exception
	at org.apache.ratis.thirdparty.io.grpc.stub.ClientCalls.toStatusRuntimeException(ClientCalls.java:233)
	at org.apache.ratis.thirdparty.io.grpc.stub.ClientCalls.getUnchecked(ClientCalls.java:214)
	at org.apache.ratis.thirdparty.io.grpc.stub.ClientCalls.blockingUnaryCall(ClientCalls.java:139)
	at org.apache.ratis.proto.grpc.RaftServerProtocolServiceGrpc$RaftServerProtocolServiceBlockingStub.requestVote(RaftServerProtocolServiceGrpc.java:265)
	at org.apache.ratis.grpc.server.GrpcServerProtocolClient.requestVote(GrpcServerProtocolClient.java:99)
	at org.apache.ratis.grpc.server.GrpcService.requestVote(GrpcService.java:204)
	at org.apache.ratis.server.impl.LeaderElection.lambda$submitRequests$1(LeaderElection.java:234)
	at java.util.concurrent.FutureTask.run(FutureTask.java:266)
	at java.util.concurrent.Executors$RunnableAdapter.call(Executors.java:511)
	at java.util.concurrent.FutureTask.run(FutureTask.java:266)
	at java.util.concurrent.ThreadPoolExecutor.runWorker(ThreadPoolExecutor.java:1149)
	at java.util.concurrent.ThreadPoolExecutor$Worker.run(ThreadPoolExecutor.java:624)
	... 1 more
Caused by: org.apache.ratis.thirdparty.io.netty.channel.AbstractChannel$AnnotatedConnectException: Connection refused: /192.168.69.104:35488
	at sun.nio.ch.SocketChannelImpl.checkConnect(Native Method)
	at sun.nio.ch.SocketChannelImpl.finishConnect(SocketChannelImpl.java:717)
	at org.apache.ratis.thirdparty.io.netty.channel.socket.nio.NioSocketChannel.doFinishConnect(NioSocketChannel.java:327)
	at org.apache.ratis.thirdparty.io.netty.channel.nio.AbstractNioChannel$AbstractNioUnsafe.finishConnect(AbstractNioChannel.java:340)
	at org.apache.ratis.thirdparty.io.netty.channel.nio.NioEventLoop.processSelectedKey(NioEventLoop.java:632)
	at org.apache.ratis.thirdparty.io.netty.channel.nio.NioEventLoop.processSelectedKeysOptimized(NioEventLoop.java:579)
	at org.apache.ratis.thirdparty.io.netty.channel.nio.NioEventLoop.processSelectedKeys(NioEventLoop.java:496)
	at org.apache.ratis.thirdparty.io.netty.channel.nio.NioEventLoop.run(NioEventLoop.java:458)
	at org.apache.ratis.thirdparty.io.netty.util.concurrent.SingleThreadEventExecutor$5.run(SingleThreadEventExecutor.java:897)
	at org.apache.ratis.thirdparty.io.netty.util.concurrent.FastThreadLocalRunnable.run(FastThreadLocalRunnable.java:30)
	... 1 more
Caused by: java.net.ConnectException: Connection refused
	... 11 more
2019-10-16 05:41:43,109 [a85e69e5-760c-4b40-a424-fc77673779df@group-AFFE1363742F-LeaderElection37] INFO  impl.RaftServerImpl (RaftServerImpl.java:setRole(184)) - a85e69e5-760c-4b40-a424-fc77673779df@group-AFFE1363742F: changes role from CANDIDATE to FOLLOWER at term 18 for DISCOVERED_A_NEW_TERM
2019-10-16 05:41:43,109 [a85e69e5-760c-4b40-a424-fc77673779df@group-AFFE1363742F-LeaderElection37] INFO  impl.RoleInfo (RoleInfo.java:shutdownLeaderElection(134)) - a85e69e5-760c-4b40-a424-fc77673779df: shutdown LeaderElection
2019-10-16 05:41:43,109 [a85e69e5-760c-4b40-a424-fc77673779df@group-AFFE1363742F-LeaderElection37] INFO  impl.RoleInfo (RoleInfo.java:updateAndGet(143)) - a85e69e5-760c-4b40-a424-fc77673779df: start FollowerState
2019-10-16 05:41:44,286 [Thread-1167] INFO  impl.FollowerState (FollowerState.java:run(108)) - a85e69e5-760c-4b40-a424-fc77673779df@group-AFFE1363742F-FollowerState: change to CANDIDATE, lastRpcTime:1176ms, electionTimeout:1176ms
2019-10-16 05:41:44,286 [Thread-1167] INFO  impl.RoleInfo (RoleInfo.java:shutdownFollowerState(121)) - a85e69e5-760c-4b40-a424-fc77673779df: shutdown FollowerState
2019-10-16 05:41:44,286 [Thread-1167] INFO  impl.RaftServerImpl (RaftServerImpl.java:setRole(184)) - a85e69e5-760c-4b40-a424-fc77673779df@group-AFFE1363742F: changes role from  FOLLOWER to CANDIDATE at term 18 for changeToCandidate
2019-10-16 05:41:44,287 [Thread-1167] INFO  impl.RoleInfo (RoleInfo.java:updateAndGet(143)) - a85e69e5-760c-4b40-a424-fc77673779df: start LeaderElection
2019-10-16 05:41:44,301 [a85e69e5-760c-4b40-a424-fc77673779df@group-AFFE1363742F-LeaderElection38] INFO  impl.LeaderElection (LeaderElection.java:askForVotes(178)) - a85e69e5-760c-4b40-a424-fc77673779df@group-AFFE1363742F-LeaderElection38: begin an election at term 19 for 0: [163c5688-ede5-44ab-b3bd-c5a10f730980:192.168.69.104:45225, a85e69e5-760c-4b40-a424-fc77673779df:192.168.69.104:37941, 73edb6ac-4c26-463f-ad6d-00f88e6dbd58:192.168.69.104:35488], old=null
2019-10-16 05:41:44,303 [a85e69e5-760c-4b40-a424-fc77673779df@group-AFFE1363742F-LeaderElection38] INFO  impl.LeaderElection (LogUtils.java:infoOrTrace(149)) - a85e69e5-760c-4b40-a424-fc77673779df@group-AFFE1363742F-LeaderElection38 got exception when requesting votes: {}
java.util.concurrent.ExecutionException: org.apache.ratis.thirdparty.io.grpc.StatusRuntimeException: UNAVAILABLE: io exception
	at java.util.concurrent.FutureTask.report(FutureTask.java:122)
	at java.util.concurrent.FutureTask.get(FutureTask.java:192)
	at org.apache.ratis.server.impl.LeaderElection.waitForResults(LeaderElection.java:259)
	at org.apache.ratis.server.impl.LeaderElection.askForVotes(LeaderElection.java:197)
	at org.apache.ratis.server.impl.LeaderElection.run(LeaderElection.java:133)
	at java.lang.Thread.run(Thread.java:748)
Caused by: org.apache.ratis.thirdparty.io.grpc.StatusRuntimeException: UNAVAILABLE: io exception
	at org.apache.ratis.thirdparty.io.grpc.stub.ClientCalls.toStatusRuntimeException(ClientCalls.java:233)
	at org.apache.ratis.thirdparty.io.grpc.stub.ClientCalls.getUnchecked(ClientCalls.java:214)
	at org.apache.ratis.thirdparty.io.grpc.stub.ClientCalls.blockingUnaryCall(ClientCalls.java:139)
	at org.apache.ratis.proto.grpc.RaftServerProtocolServiceGrpc$RaftServerProtocolServiceBlockingStub.requestVote(RaftServerProtocolServiceGrpc.java:265)
	at org.apache.ratis.grpc.server.GrpcServerProtocolClient.requestVote(GrpcServerProtocolClient.java:99)
	at org.apache.ratis.grpc.server.GrpcService.requestVote(GrpcService.java:204)
	at org.apache.ratis.server.impl.LeaderElection.lambda$submitRequests$1(LeaderElection.java:234)
	at java.util.concurrent.FutureTask.run(FutureTask.java:266)
	at java.util.concurrent.Executors$RunnableAdapter.call(Executors.java:511)
	at java.util.concurrent.FutureTask.run(FutureTask.java:266)
	at java.util.concurrent.ThreadPoolExecutor.runWorker(ThreadPoolExecutor.java:1149)
	at java.util.concurrent.ThreadPoolExecutor$Worker.run(ThreadPoolExecutor.java:624)
	... 1 more
Caused by: org.apache.ratis.thirdparty.io.netty.channel.AbstractChannel$AnnotatedConnectException: Connection refused: /192.168.69.104:45225
	at sun.nio.ch.SocketChannelImpl.checkConnect(Native Method)
	at sun.nio.ch.SocketChannelImpl.finishConnect(SocketChannelImpl.java:717)
	at org.apache.ratis.thirdparty.io.netty.channel.socket.nio.NioSocketChannel.doFinishConnect(NioSocketChannel.java:327)
	at org.apache.ratis.thirdparty.io.netty.channel.nio.AbstractNioChannel$AbstractNioUnsafe.finishConnect(AbstractNioChannel.java:340)
	at org.apache.ratis.thirdparty.io.netty.channel.nio.NioEventLoop.processSelectedKey(NioEventLoop.java:632)
	at org.apache.ratis.thirdparty.io.netty.channel.nio.NioEventLoop.processSelectedKeysOptimized(NioEventLoop.java:579)
	at org.apache.ratis.thirdparty.io.netty.channel.nio.NioEventLoop.processSelectedKeys(NioEventLoop.java:496)
	at org.apache.ratis.thirdparty.io.netty.channel.nio.NioEventLoop.run(NioEventLoop.java:458)
	at org.apache.ratis.thirdparty.io.netty.util.concurrent.SingleThreadEventExecutor$5.run(SingleThreadEventExecutor.java:897)
	at org.apache.ratis.thirdparty.io.netty.util.concurrent.FastThreadLocalRunnable.run(FastThreadLocalRunnable.java:30)
	... 1 more
Caused by: java.net.ConnectException: Connection refused
	... 11 more
2019-10-16 05:41:44,305 [a85e69e5-760c-4b40-a424-fc77673779df@group-AFFE1363742F-LeaderElection38] INFO  impl.LeaderElection (LogUtils.java:infoOrTrace(149)) - a85e69e5-760c-4b40-a424-fc77673779df@group-AFFE1363742F-LeaderElection38 got exception when requesting votes: {}
java.util.concurrent.ExecutionException: org.apache.ratis.thirdparty.io.grpc.StatusRuntimeException: UNAVAILABLE: io exception
	at java.util.concurrent.FutureTask.report(FutureTask.java:122)
	at java.util.concurrent.FutureTask.get(FutureTask.java:192)
	at org.apache.ratis.server.impl.LeaderElection.waitForResults(LeaderElection.java:259)
	at org.apache.ratis.server.impl.LeaderElection.askForVotes(LeaderElection.java:197)
	at org.apache.ratis.server.impl.LeaderElection.run(LeaderElection.java:133)
	at java.lang.Thread.run(Thread.java:748)
Caused by: org.apache.ratis.thirdparty.io.grpc.StatusRuntimeException: UNAVAILABLE: io exception
	at org.apache.ratis.thirdparty.io.grpc.stub.ClientCalls.toStatusRuntimeException(ClientCalls.java:233)
	at org.apache.ratis.thirdparty.io.grpc.stub.ClientCalls.getUnchecked(ClientCalls.java:214)
	at org.apache.ratis.thirdparty.io.grpc.stub.ClientCalls.blockingUnaryCall(ClientCalls.java:139)
	at org.apache.ratis.proto.grpc.RaftServerProtocolServiceGrpc$RaftServerProtocolServiceBlockingStub.requestVote(RaftServerProtocolServiceGrpc.java:265)
	at org.apache.ratis.grpc.server.GrpcServerProtocolClient.requestVote(GrpcServerProtocolClient.java:99)
	at org.apache.ratis.grpc.server.GrpcService.requestVote(GrpcService.java:204)
	at org.apache.ratis.server.impl.LeaderElection.lambda$submitRequests$1(LeaderElection.java:234)
	at java.util.concurrent.FutureTask.run(FutureTask.java:266)
	at java.util.concurrent.Executors$RunnableAdapter.call(Executors.java:511)
	at java.util.concurrent.FutureTask.run(FutureTask.java:266)
	at java.util.concurrent.ThreadPoolExecutor.runWorker(ThreadPoolExecutor.java:1149)
	at java.util.concurrent.ThreadPoolExecutor$Worker.run(ThreadPoolExecutor.java:624)
	... 1 more
Caused by: org.apache.ratis.thirdparty.io.netty.channel.AbstractChannel$AnnotatedConnectException: Connection refused: /192.168.69.104:35488
	at sun.nio.ch.SocketChannelImpl.checkConnect(Native Method)
	at sun.nio.ch.SocketChannelImpl.finishConnect(SocketChannelImpl.java:717)
	at org.apache.ratis.thirdparty.io.netty.channel.socket.nio.NioSocketChannel.doFinishConnect(NioSocketChannel.java:327)
	at org.apache.ratis.thirdparty.io.netty.channel.nio.AbstractNioChannel$AbstractNioUnsafe.finishConnect(AbstractNioChannel.java:340)
	at org.apache.ratis.thirdparty.io.netty.channel.nio.NioEventLoop.processSelectedKey(NioEventLoop.java:632)
	at org.apache.ratis.thirdparty.io.netty.channel.nio.NioEventLoop.processSelectedKeysOptimized(NioEventLoop.java:579)
	at org.apache.ratis.thirdparty.io.netty.channel.nio.NioEventLoop.processSelectedKeys(NioEventLoop.java:496)
	at org.apache.ratis.thirdparty.io.netty.channel.nio.NioEventLoop.run(NioEventLoop.java:458)
	at org.apache.ratis.thirdparty.io.netty.util.concurrent.SingleThreadEventExecutor$5.run(SingleThreadEventExecutor.java:897)
	at org.apache.ratis.thirdparty.io.netty.util.concurrent.FastThreadLocalRunnable.run(FastThreadLocalRunnable.java:30)
	... 1 more
Caused by: java.net.ConnectException: Connection refused
	... 11 more
2019-10-16 05:41:44,307 [a85e69e5-760c-4b40-a424-fc77673779df@group-AFFE1363742F-LeaderElection38] INFO  impl.LeaderElection (LeaderElection.java:logAndReturn(56)) - a85e69e5-760c-4b40-a424-fc77673779df@group-AFFE1363742F-LeaderElection38: Election REJECTED; received 0 response(s) [] and 2 exception(s); a85e69e5-760c-4b40-a424-fc77673779df@group-AFFE1363742F:t19, leader=null, voted=a85e69e5-760c-4b40-a424-fc77673779df, raftlog=a85e69e5-760c-4b40-a424-fc77673779df@group-AFFE1363742F-SegmentedRaftLog:OPENED:c28,f28,i28, conf=0: [163c5688-ede5-44ab-b3bd-c5a10f730980:192.168.69.104:45225, a85e69e5-760c-4b40-a424-fc77673779df:192.168.69.104:37941, 73edb6ac-4c26-463f-ad6d-00f88e6dbd58:192.168.69.104:35488], old=null
2019-10-16 05:41:44,307 [a85e69e5-760c-4b40-a424-fc77673779df@group-AFFE1363742F-LeaderElection38] INFO  impl.LeaderElection (LogUtils.java:infoOrTrace(149)) -   Exception 0: {}
java.util.concurrent.ExecutionException: org.apache.ratis.thirdparty.io.grpc.StatusRuntimeException: UNAVAILABLE: io exception
	at java.util.concurrent.FutureTask.report(FutureTask.java:122)
	at java.util.concurrent.FutureTask.get(FutureTask.java:192)
	at org.apache.ratis.server.impl.LeaderElection.waitForResults(LeaderElection.java:259)
	at org.apache.ratis.server.impl.LeaderElection.askForVotes(LeaderElection.java:197)
	at org.apache.ratis.server.impl.LeaderElection.run(LeaderElection.java:133)
	at java.lang.Thread.run(Thread.java:748)
Caused by: org.apache.ratis.thirdparty.io.grpc.StatusRuntimeException: UNAVAILABLE: io exception
	at org.apache.ratis.thirdparty.io.grpc.stub.ClientCalls.toStatusRuntimeException(ClientCalls.java:233)
	at org.apache.ratis.thirdparty.io.grpc.stub.ClientCalls.getUnchecked(ClientCalls.java:214)
	at org.apache.ratis.thirdparty.io.grpc.stub.ClientCalls.blockingUnaryCall(ClientCalls.java:139)
	at org.apache.ratis.proto.grpc.RaftServerProtocolServiceGrpc$RaftServerProtocolServiceBlockingStub.requestVote(RaftServerProtocolServiceGrpc.java:265)
	at org.apache.ratis.grpc.server.GrpcServerProtocolClient.requestVote(GrpcServerProtocolClient.java:99)
	at org.apache.ratis.grpc.server.GrpcService.requestVote(GrpcService.java:204)
	at org.apache.ratis.server.impl.LeaderElection.lambda$submitRequests$1(LeaderElection.java:234)
	at java.util.concurrent.FutureTask.run(FutureTask.java:266)
	at java.util.concurrent.Executors$RunnableAdapter.call(Executors.java:511)
	at java.util.concurrent.FutureTask.run(FutureTask.java:266)
	at java.util.concurrent.ThreadPoolExecutor.runWorker(ThreadPoolExecutor.java:1149)
	at java.util.concurrent.ThreadPoolExecutor$Worker.run(ThreadPoolExecutor.java:624)
	... 1 more
Caused by: org.apache.ratis.thirdparty.io.netty.channel.AbstractChannel$AnnotatedConnectException: Connection refused: /192.168.69.104:45225
	at sun.nio.ch.SocketChannelImpl.checkConnect(Native Method)
	at sun.nio.ch.SocketChannelImpl.finishConnect(SocketChannelImpl.java:717)
	at org.apache.ratis.thirdparty.io.netty.channel.socket.nio.NioSocketChannel.doFinishConnect(NioSocketChannel.java:327)
	at org.apache.ratis.thirdparty.io.netty.channel.nio.AbstractNioChannel$AbstractNioUnsafe.finishConnect(AbstractNioChannel.java:340)
	at org.apache.ratis.thirdparty.io.netty.channel.nio.NioEventLoop.processSelectedKey(NioEventLoop.java:632)
	at org.apache.ratis.thirdparty.io.netty.channel.nio.NioEventLoop.processSelectedKeysOptimized(NioEventLoop.java:579)
	at org.apache.ratis.thirdparty.io.netty.channel.nio.NioEventLoop.processSelectedKeys(NioEventLoop.java:496)
	at org.apache.ratis.thirdparty.io.netty.channel.nio.NioEventLoop.run(NioEventLoop.java:458)
	at org.apache.ratis.thirdparty.io.netty.util.concurrent.SingleThreadEventExecutor$5.run(SingleThreadEventExecutor.java:897)
	at org.apache.ratis.thirdparty.io.netty.util.concurrent.FastThreadLocalRunnable.run(FastThreadLocalRunnable.java:30)
	... 1 more
Caused by: java.net.ConnectException: Connection refused
	... 11 more
2019-10-16 05:41:44,307 [a85e69e5-760c-4b40-a424-fc77673779df@group-AFFE1363742F-LeaderElection38] INFO  impl.LeaderElection (LogUtils.java:infoOrTrace(149)) -   Exception 1: {}
java.util.concurrent.ExecutionException: org.apache.ratis.thirdparty.io.grpc.StatusRuntimeException: UNAVAILABLE: io exception
	at java.util.concurrent.FutureTask.report(FutureTask.java:122)
	at java.util.concurrent.FutureTask.get(FutureTask.java:192)
	at org.apache.ratis.server.impl.LeaderElection.waitForResults(LeaderElection.java:259)
	at org.apache.ratis.server.impl.LeaderElection.askForVotes(LeaderElection.java:197)
	at org.apache.ratis.server.impl.LeaderElection.run(LeaderElection.java:133)
	at java.lang.Thread.run(Thread.java:748)
Caused by: org.apache.ratis.thirdparty.io.grpc.StatusRuntimeException: UNAVAILABLE: io exception
	at org.apache.ratis.thirdparty.io.grpc.stub.ClientCalls.toStatusRuntimeException(ClientCalls.java:233)
	at org.apache.ratis.thirdparty.io.grpc.stub.ClientCalls.getUnchecked(ClientCalls.java:214)
	at org.apache.ratis.thirdparty.io.grpc.stub.ClientCalls.blockingUnaryCall(ClientCalls.java:139)
	at org.apache.ratis.proto.grpc.RaftServerProtocolServiceGrpc$RaftServerProtocolServiceBlockingStub.requestVote(RaftServerProtocolServiceGrpc.java:265)
	at org.apache.ratis.grpc.server.GrpcServerProtocolClient.requestVote(GrpcServerProtocolClient.java:99)
	at org.apache.ratis.grpc.server.GrpcService.requestVote(GrpcService.java:204)
	at org.apache.ratis.server.impl.LeaderElection.lambda$submitRequests$1(LeaderElection.java:234)
	at java.util.concurrent.FutureTask.run(FutureTask.java:266)
	at java.util.concurrent.Executors$RunnableAdapter.call(Executors.java:511)
	at java.util.concurrent.FutureTask.run(FutureTask.java:266)
	at java.util.concurrent.ThreadPoolExecutor.runWorker(ThreadPoolExecutor.java:1149)
	at java.util.concurrent.ThreadPoolExecutor$Worker.run(ThreadPoolExecutor.java:624)
	... 1 more
Caused by: org.apache.ratis.thirdparty.io.netty.channel.AbstractChannel$AnnotatedConnectException: Connection refused: /192.168.69.104:35488
	at sun.nio.ch.SocketChannelImpl.checkConnect(Native Method)
	at sun.nio.ch.SocketChannelImpl.finishConnect(SocketChannelImpl.java:717)
	at org.apache.ratis.thirdparty.io.netty.channel.socket.nio.NioSocketChannel.doFinishConnect(NioSocketChannel.java:327)
	at org.apache.ratis.thirdparty.io.netty.channel.nio.AbstractNioChannel$AbstractNioUnsafe.finishConnect(AbstractNioChannel.java:340)
	at org.apache.ratis.thirdparty.io.netty.channel.nio.NioEventLoop.processSelectedKey(NioEventLoop.java:632)
	at org.apache.ratis.thirdparty.io.netty.channel.nio.NioEventLoop.processSelectedKeysOptimized(NioEventLoop.java:579)
	at org.apache.ratis.thirdparty.io.netty.channel.nio.NioEventLoop.processSelectedKeys(NioEventLoop.java:496)
	at org.apache.ratis.thirdparty.io.netty.channel.nio.NioEventLoop.run(NioEventLoop.java:458)
	at org.apache.ratis.thirdparty.io.netty.util.concurrent.SingleThreadEventExecutor$5.run(SingleThreadEventExecutor.java:897)
	at org.apache.ratis.thirdparty.io.netty.util.concurrent.FastThreadLocalRunnable.run(FastThreadLocalRunnable.java:30)
	... 1 more
Caused by: java.net.ConnectException: Connection refused
	... 11 more
2019-10-16 05:41:44,308 [a85e69e5-760c-4b40-a424-fc77673779df@group-AFFE1363742F-LeaderElection38] INFO  impl.RaftServerImpl (RaftServerImpl.java:setRole(184)) - a85e69e5-760c-4b40-a424-fc77673779df@group-AFFE1363742F: changes role from CANDIDATE to FOLLOWER at term 19 for DISCOVERED_A_NEW_TERM
2019-10-16 05:41:44,309 [a85e69e5-760c-4b40-a424-fc77673779df@group-AFFE1363742F-LeaderElection38] INFO  impl.RoleInfo (RoleInfo.java:shutdownLeaderElection(134)) - a85e69e5-760c-4b40-a424-fc77673779df: shutdown LeaderElection
2019-10-16 05:41:44,309 [a85e69e5-760c-4b40-a424-fc77673779df@group-AFFE1363742F-LeaderElection38] INFO  impl.RoleInfo (RoleInfo.java:updateAndGet(143)) - a85e69e5-760c-4b40-a424-fc77673779df: start FollowerState
2019-10-16 05:41:44,858 [Thread-1191] INFO  client.GrpcClientProtocolService (GrpcClientProtocolService.java:lambda$processClientRequest$0(278)) - Failed RaftClientRequest:client-E49425DFE6AB->a85e69e5-760c-4b40-a424-fc77673779df@group-AFFE1363742F, cid=52, seq=0, Watch-ALL_COMMITTED(18), Message:<EMPTY>, reply=RaftClientReply:client-E49425DFE6AB->a85e69e5-760c-4b40-a424-fc77673779df@group-AFFE1363742F, cid=52, FAILED org.apache.ratis.protocol.NotLeaderException: Server a85e69e5-760c-4b40-a424-fc77673779df@group-AFFE1363742F is not the leader, logIndex=0, commits[a85e69e5-760c-4b40-a424-fc77673779df:c28, 163c5688-ede5-44ab-b3bd-c5a10f730980:c16, 73edb6ac-4c26-463f-ad6d-00f88e6dbd58:c28]
2019-10-16 05:41:45,340 [Thread-1185] INFO  impl.FollowerState (FollowerState.java:run(108)) - a85e69e5-760c-4b40-a424-fc77673779df@group-AFFE1363742F-FollowerState: change to CANDIDATE, lastRpcTime:1031ms, electionTimeout:1031ms
2019-10-16 05:41:45,340 [Thread-1185] INFO  impl.RoleInfo (RoleInfo.java:shutdownFollowerState(121)) - a85e69e5-760c-4b40-a424-fc77673779df: shutdown FollowerState
2019-10-16 05:41:45,341 [Thread-1185] INFO  impl.RaftServerImpl (RaftServerImpl.java:setRole(184)) - a85e69e5-760c-4b40-a424-fc77673779df@group-AFFE1363742F: changes role from  FOLLOWER to CANDIDATE at term 19 for changeToCandidate
2019-10-16 05:41:45,341 [Thread-1185] INFO  impl.RoleInfo (RoleInfo.java:updateAndGet(143)) - a85e69e5-760c-4b40-a424-fc77673779df: start LeaderElection
2019-10-16 05:41:45,355 [a85e69e5-760c-4b40-a424-fc77673779df@group-AFFE1363742F-LeaderElection39] INFO  impl.LeaderElection (LeaderElection.java:askForVotes(178)) - a85e69e5-760c-4b40-a424-fc77673779df@group-AFFE1363742F-LeaderElection39: begin an election at term 20 for 0: [163c5688-ede5-44ab-b3bd-c5a10f730980:192.168.69.104:45225, a85e69e5-760c-4b40-a424-fc77673779df:192.168.69.104:37941, 73edb6ac-4c26-463f-ad6d-00f88e6dbd58:192.168.69.104:35488], old=null
2019-10-16 05:41:45,356 [a85e69e5-760c-4b40-a424-fc77673779df@group-AFFE1363742F-LeaderElection39] INFO  impl.LeaderElection (LogUtils.java:infoOrTrace(149)) - a85e69e5-760c-4b40-a424-fc77673779df@group-AFFE1363742F-LeaderElection39 got exception when requesting votes: {}
java.util.concurrent.ExecutionException: org.apache.ratis.thirdparty.io.grpc.StatusRuntimeException: UNAVAILABLE: io exception
	at java.util.concurrent.FutureTask.report(FutureTask.java:122)
	at java.util.concurrent.FutureTask.get(FutureTask.java:192)
	at org.apache.ratis.server.impl.LeaderElection.waitForResults(LeaderElection.java:259)
	at org.apache.ratis.server.impl.LeaderElection.askForVotes(LeaderElection.java:197)
	at org.apache.ratis.server.impl.LeaderElection.run(LeaderElection.java:133)
	at java.lang.Thread.run(Thread.java:748)
Caused by: org.apache.ratis.thirdparty.io.grpc.StatusRuntimeException: UNAVAILABLE: io exception
	at org.apache.ratis.thirdparty.io.grpc.stub.ClientCalls.toStatusRuntimeException(ClientCalls.java:233)
	at org.apache.ratis.thirdparty.io.grpc.stub.ClientCalls.getUnchecked(ClientCalls.java:214)
	at org.apache.ratis.thirdparty.io.grpc.stub.ClientCalls.blockingUnaryCall(ClientCalls.java:139)
	at org.apache.ratis.proto.grpc.RaftServerProtocolServiceGrpc$RaftServerProtocolServiceBlockingStub.requestVote(RaftServerProtocolServiceGrpc.java:265)
	at org.apache.ratis.grpc.server.GrpcServerProtocolClient.requestVote(GrpcServerProtocolClient.java:99)
	at org.apache.ratis.grpc.server.GrpcService.requestVote(GrpcService.java:204)
	at org.apache.ratis.server.impl.LeaderElection.lambda$submitRequests$1(LeaderElection.java:234)
	at java.util.concurrent.FutureTask.run(FutureTask.java:266)
	at java.util.concurrent.Executors$RunnableAdapter.call(Executors.java:511)
	at java.util.concurrent.FutureTask.run(FutureTask.java:266)
	at java.util.concurrent.ThreadPoolExecutor.runWorker(ThreadPoolExecutor.java:1149)
	at java.util.concurrent.ThreadPoolExecutor$Worker.run(ThreadPoolExecutor.java:624)
	... 1 more
Caused by: org.apache.ratis.thirdparty.io.netty.channel.AbstractChannel$AnnotatedConnectException: Connection refused: /192.168.69.104:45225
	at sun.nio.ch.SocketChannelImpl.checkConnect(Native Method)
	at sun.nio.ch.SocketChannelImpl.finishConnect(SocketChannelImpl.java:717)
	at org.apache.ratis.thirdparty.io.netty.channel.socket.nio.NioSocketChannel.doFinishConnect(NioSocketChannel.java:327)
	at org.apache.ratis.thirdparty.io.netty.channel.nio.AbstractNioChannel$AbstractNioUnsafe.finishConnect(AbstractNioChannel.java:340)
	at org.apache.ratis.thirdparty.io.netty.channel.nio.NioEventLoop.processSelectedKey(NioEventLoop.java:632)
	at org.apache.ratis.thirdparty.io.netty.channel.nio.NioEventLoop.processSelectedKeysOptimized(NioEventLoop.java:579)
	at org.apache.ratis.thirdparty.io.netty.channel.nio.NioEventLoop.processSelectedKeys(NioEventLoop.java:496)
	at org.apache.ratis.thirdparty.io.netty.channel.nio.NioEventLoop.run(NioEventLoop.java:458)
	at org.apache.ratis.thirdparty.io.netty.util.concurrent.SingleThreadEventExecutor$5.run(SingleThreadEventExecutor.java:897)
	at org.apache.ratis.thirdparty.io.netty.util.concurrent.FastThreadLocalRunnable.run(FastThreadLocalRunnable.java:30)
	... 1 more
Caused by: java.net.ConnectException: Connection refused
	... 11 more
2019-10-16 05:41:45,359 [a85e69e5-760c-4b40-a424-fc77673779df@group-AFFE1363742F-LeaderElection39] INFO  impl.LeaderElection (LogUtils.java:infoOrTrace(149)) - a85e69e5-760c-4b40-a424-fc77673779df@group-AFFE1363742F-LeaderElection39 got exception when requesting votes: {}
java.util.concurrent.ExecutionException: org.apache.ratis.thirdparty.io.grpc.StatusRuntimeException: UNAVAILABLE: io exception
	at java.util.concurrent.FutureTask.report(FutureTask.java:122)
	at java.util.concurrent.FutureTask.get(FutureTask.java:192)
	at org.apache.ratis.server.impl.LeaderElection.waitForResults(LeaderElection.java:259)
	at org.apache.ratis.server.impl.LeaderElection.askForVotes(LeaderElection.java:197)
	at org.apache.ratis.server.impl.LeaderElection.run(LeaderElection.java:133)
	at java.lang.Thread.run(Thread.java:748)
Caused by: org.apache.ratis.thirdparty.io.grpc.StatusRuntimeException: UNAVAILABLE: io exception
	at org.apache.ratis.thirdparty.io.grpc.stub.ClientCalls.toStatusRuntimeException(ClientCalls.java:233)
	at org.apache.ratis.thirdparty.io.grpc.stub.ClientCalls.getUnchecked(ClientCalls.java:214)
	at org.apache.ratis.thirdparty.io.grpc.stub.ClientCalls.blockingUnaryCall(ClientCalls.java:139)
	at org.apache.ratis.proto.grpc.RaftServerProtocolServiceGrpc$RaftServerProtocolServiceBlockingStub.requestVote(RaftServerProtocolServiceGrpc.java:265)
	at org.apache.ratis.grpc.server.GrpcServerProtocolClient.requestVote(GrpcServerProtocolClient.java:99)
	at org.apache.ratis.grpc.server.GrpcService.requestVote(GrpcService.java:204)
	at org.apache.ratis.server.impl.LeaderElection.lambda$submitRequests$1(LeaderElection.java:234)
	at java.util.concurrent.FutureTask.run(FutureTask.java:266)
	at java.util.concurrent.Executors$RunnableAdapter.call(Executors.java:511)
	at java.util.concurrent.FutureTask.run(FutureTask.java:266)
	at java.util.concurrent.ThreadPoolExecutor.runWorker(ThreadPoolExecutor.java:1149)
	at java.util.concurrent.ThreadPoolExecutor$Worker.run(ThreadPoolExecutor.java:624)
	... 1 more
Caused by: org.apache.ratis.thirdparty.io.netty.channel.AbstractChannel$AnnotatedConnectException: Connection refused: /192.168.69.104:35488
	at sun.nio.ch.SocketChannelImpl.checkConnect(Native Method)
	at sun.nio.ch.SocketChannelImpl.finishConnect(SocketChannelImpl.java:717)
	at org.apache.ratis.thirdparty.io.netty.channel.socket.nio.NioSocketChannel.doFinishConnect(NioSocketChannel.java:327)
	at org.apache.ratis.thirdparty.io.netty.channel.nio.AbstractNioChannel$AbstractNioUnsafe.finishConnect(AbstractNioChannel.java:340)
	at org.apache.ratis.thirdparty.io.netty.channel.nio.NioEventLoop.processSelectedKey(NioEventLoop.java:632)
	at org.apache.ratis.thirdparty.io.netty.channel.nio.NioEventLoop.processSelectedKeysOptimized(NioEventLoop.java:579)
	at org.apache.ratis.thirdparty.io.netty.channel.nio.NioEventLoop.processSelectedKeys(NioEventLoop.java:496)
	at org.apache.ratis.thirdparty.io.netty.channel.nio.NioEventLoop.run(NioEventLoop.java:458)
	at org.apache.ratis.thirdparty.io.netty.util.concurrent.SingleThreadEventExecutor$5.run(SingleThreadEventExecutor.java:897)
	at org.apache.ratis.thirdparty.io.netty.util.concurrent.FastThreadLocalRunnable.run(FastThreadLocalRunnable.java:30)
	... 1 more
Caused by: java.net.ConnectException: Connection refused
	... 11 more
2019-10-16 05:41:45,362 [a85e69e5-760c-4b40-a424-fc77673779df@group-AFFE1363742F-LeaderElection39] INFO  impl.LeaderElection (LeaderElection.java:logAndReturn(56)) - a85e69e5-760c-4b40-a424-fc77673779df@group-AFFE1363742F-LeaderElection39: Election REJECTED; received 0 response(s) [] and 2 exception(s); a85e69e5-760c-4b40-a424-fc77673779df@group-AFFE1363742F:t20, leader=null, voted=a85e69e5-760c-4b40-a424-fc77673779df, raftlog=a85e69e5-760c-4b40-a424-fc77673779df@group-AFFE1363742F-SegmentedRaftLog:OPENED:c28,f28,i28, conf=0: [163c5688-ede5-44ab-b3bd-c5a10f730980:192.168.69.104:45225, a85e69e5-760c-4b40-a424-fc77673779df:192.168.69.104:37941, 73edb6ac-4c26-463f-ad6d-00f88e6dbd58:192.168.69.104:35488], old=null
2019-10-16 05:41:45,362 [a85e69e5-760c-4b40-a424-fc77673779df@group-AFFE1363742F-LeaderElection39] INFO  impl.LeaderElection (LogUtils.java:infoOrTrace(149)) -   Exception 0: {}
java.util.concurrent.ExecutionException: org.apache.ratis.thirdparty.io.grpc.StatusRuntimeException: UNAVAILABLE: io exception
	at java.util.concurrent.FutureTask.report(FutureTask.java:122)
	at java.util.concurrent.FutureTask.get(FutureTask.java:192)
	at org.apache.ratis.server.impl.LeaderElection.waitForResults(LeaderElection.java:259)
	at org.apache.ratis.server.impl.LeaderElection.askForVotes(LeaderElection.java:197)
	at org.apache.ratis.server.impl.LeaderElection.run(LeaderElection.java:133)
	at java.lang.Thread.run(Thread.java:748)
Caused by: org.apache.ratis.thirdparty.io.grpc.StatusRuntimeException: UNAVAILABLE: io exception
	at org.apache.ratis.thirdparty.io.grpc.stub.ClientCalls.toStatusRuntimeException(ClientCalls.java:233)
	at org.apache.ratis.thirdparty.io.grpc.stub.ClientCalls.getUnchecked(ClientCalls.java:214)
	at org.apache.ratis.thirdparty.io.grpc.stub.ClientCalls.blockingUnaryCall(ClientCalls.java:139)
	at org.apache.ratis.proto.grpc.RaftServerProtocolServiceGrpc$RaftServerProtocolServiceBlockingStub.requestVote(RaftServerProtocolServiceGrpc.java:265)
	at org.apache.ratis.grpc.server.GrpcServerProtocolClient.requestVote(GrpcServerProtocolClient.java:99)
	at org.apache.ratis.grpc.server.GrpcService.requestVote(GrpcService.java:204)
	at org.apache.ratis.server.impl.LeaderElection.lambda$submitRequests$1(LeaderElection.java:234)
	at java.util.concurrent.FutureTask.run(FutureTask.java:266)
	at java.util.concurrent.Executors$RunnableAdapter.call(Executors.java:511)
	at java.util.concurrent.FutureTask.run(FutureTask.java:266)
	at java.util.concurrent.ThreadPoolExecutor.runWorker(ThreadPoolExecutor.java:1149)
	at java.util.concurrent.ThreadPoolExecutor$Worker.run(ThreadPoolExecutor.java:624)
	... 1 more
Caused by: org.apache.ratis.thirdparty.io.netty.channel.AbstractChannel$AnnotatedConnectException: Connection refused: /192.168.69.104:45225
	at sun.nio.ch.SocketChannelImpl.checkConnect(Native Method)
	at sun.nio.ch.SocketChannelImpl.finishConnect(SocketChannelImpl.java:717)
	at org.apache.ratis.thirdparty.io.netty.channel.socket.nio.NioSocketChannel.doFinishConnect(NioSocketChannel.java:327)
	at org.apache.ratis.thirdparty.io.netty.channel.nio.AbstractNioChannel$AbstractNioUnsafe.finishConnect(AbstractNioChannel.java:340)
	at org.apache.ratis.thirdparty.io.netty.channel.nio.NioEventLoop.processSelectedKey(NioEventLoop.java:632)
	at org.apache.ratis.thirdparty.io.netty.channel.nio.NioEventLoop.processSelectedKeysOptimized(NioEventLoop.java:579)
	at org.apache.ratis.thirdparty.io.netty.channel.nio.NioEventLoop.processSelectedKeys(NioEventLoop.java:496)
	at org.apache.ratis.thirdparty.io.netty.channel.nio.NioEventLoop.run(NioEventLoop.java:458)
	at org.apache.ratis.thirdparty.io.netty.util.concurrent.SingleThreadEventExecutor$5.run(SingleThreadEventExecutor.java:897)
	at org.apache.ratis.thirdparty.io.netty.util.concurrent.FastThreadLocalRunnable.run(FastThreadLocalRunnable.java:30)
	... 1 more
Caused by: java.net.ConnectException: Connection refused
	... 11 more
2019-10-16 05:41:45,362 [a85e69e5-760c-4b40-a424-fc77673779df@group-AFFE1363742F-LeaderElection39] INFO  impl.LeaderElection (LogUtils.java:infoOrTrace(149)) -   Exception 1: {}
java.util.concurrent.ExecutionException: org.apache.ratis.thirdparty.io.grpc.StatusRuntimeException: UNAVAILABLE: io exception
	at java.util.concurrent.FutureTask.report(FutureTask.java:122)
	at java.util.concurrent.FutureTask.get(FutureTask.java:192)
	at org.apache.ratis.server.impl.LeaderElection.waitForResults(LeaderElection.java:259)
	at org.apache.ratis.server.impl.LeaderElection.askForVotes(LeaderElection.java:197)
	at org.apache.ratis.server.impl.LeaderElection.run(LeaderElection.java:133)
	at java.lang.Thread.run(Thread.java:748)
Caused by: org.apache.ratis.thirdparty.io.grpc.StatusRuntimeException: UNAVAILABLE: io exception
	at org.apache.ratis.thirdparty.io.grpc.stub.ClientCalls.toStatusRuntimeException(ClientCalls.java:233)
	at org.apache.ratis.thirdparty.io.grpc.stub.ClientCalls.getUnchecked(ClientCalls.java:214)
	at org.apache.ratis.thirdparty.io.grpc.stub.ClientCalls.blockingUnaryCall(ClientCalls.java:139)
	at org.apache.ratis.proto.grpc.RaftServerProtocolServiceGrpc$RaftServerProtocolServiceBlockingStub.requestVote(RaftServerProtocolServiceGrpc.java:265)
	at org.apache.ratis.grpc.server.GrpcServerProtocolClient.requestVote(GrpcServerProtocolClient.java:99)
	at org.apache.ratis.grpc.server.GrpcService.requestVote(GrpcService.java:204)
	at org.apache.ratis.server.impl.LeaderElection.lambda$submitRequests$1(LeaderElection.java:234)
	at java.util.concurrent.FutureTask.run(FutureTask.java:266)
	at java.util.concurrent.Executors$RunnableAdapter.call(Executors.java:511)
	at java.util.concurrent.FutureTask.run(FutureTask.java:266)
	at java.util.concurrent.ThreadPoolExecutor.runWorker(ThreadPoolExecutor.java:1149)
	at java.util.concurrent.ThreadPoolExecutor$Worker.run(ThreadPoolExecutor.java:624)
	... 1 more
Caused by: org.apache.ratis.thirdparty.io.netty.channel.AbstractChannel$AnnotatedConnectException: Connection refused: /192.168.69.104:35488
	at sun.nio.ch.SocketChannelImpl.checkConnect(Native Method)
	at sun.nio.ch.SocketChannelImpl.finishConnect(SocketChannelImpl.java:717)
	at org.apache.ratis.thirdparty.io.netty.channel.socket.nio.NioSocketChannel.doFinishConnect(NioSocketChannel.java:327)
	at org.apache.ratis.thirdparty.io.netty.channel.nio.AbstractNioChannel$AbstractNioUnsafe.finishConnect(AbstractNioChannel.java:340)
	at org.apache.ratis.thirdparty.io.netty.channel.nio.NioEventLoop.processSelectedKey(NioEventLoop.java:632)
	at org.apache.ratis.thirdparty.io.netty.channel.nio.NioEventLoop.processSelectedKeysOptimized(NioEventLoop.java:579)
	at org.apache.ratis.thirdparty.io.netty.channel.nio.NioEventLoop.processSelectedKeys(NioEventLoop.java:496)
	at org.apache.ratis.thirdparty.io.netty.channel.nio.NioEventLoop.run(NioEventLoop.java:458)
	at org.apache.ratis.thirdparty.io.netty.util.concurrent.SingleThreadEventExecutor$5.run(SingleThreadEventExecutor.java:897)
	at org.apache.ratis.thirdparty.io.netty.util.concurrent.FastThreadLocalRunnable.run(FastThreadLocalRunnable.java:30)
	... 1 more
Caused by: java.net.ConnectException: Connection refused
	... 11 more
2019-10-16 05:41:45,363 [a85e69e5-760c-4b40-a424-fc77673779df@group-AFFE1363742F-LeaderElection39] INFO  impl.RaftServerImpl (RaftServerImpl.java:setRole(184)) - a85e69e5-760c-4b40-a424-fc77673779df@group-AFFE1363742F: changes role from CANDIDATE to FOLLOWER at term 20 for DISCOVERED_A_NEW_TERM
2019-10-16 05:41:45,363 [a85e69e5-760c-4b40-a424-fc77673779df@group-AFFE1363742F-LeaderElection39] INFO  impl.RoleInfo (RoleInfo.java:shutdownLeaderElection(134)) - a85e69e5-760c-4b40-a424-fc77673779df: shutdown LeaderElection
2019-10-16 05:41:45,363 [a85e69e5-760c-4b40-a424-fc77673779df@group-AFFE1363742F-LeaderElection39] INFO  impl.RoleInfo (RoleInfo.java:updateAndGet(143)) - a85e69e5-760c-4b40-a424-fc77673779df: start FollowerState
2019-10-16 05:41:46,395 [Thread-1201] INFO  impl.FollowerState (FollowerState.java:run(108)) - a85e69e5-760c-4b40-a424-fc77673779df@group-AFFE1363742F-FollowerState: change to CANDIDATE, lastRpcTime:1031ms, electionTimeout:1031ms
2019-10-16 05:41:46,395 [Thread-1201] INFO  impl.RoleInfo (RoleInfo.java:shutdownFollowerState(121)) - a85e69e5-760c-4b40-a424-fc77673779df: shutdown FollowerState
2019-10-16 05:41:46,395 [Thread-1201] INFO  impl.RaftServerImpl (RaftServerImpl.java:setRole(184)) - a85e69e5-760c-4b40-a424-fc77673779df@group-AFFE1363742F: changes role from  FOLLOWER to CANDIDATE at term 20 for changeToCandidate
2019-10-16 05:41:46,396 [Thread-1201] INFO  impl.RoleInfo (RoleInfo.java:updateAndGet(143)) - a85e69e5-760c-4b40-a424-fc77673779df: start LeaderElection
2019-10-16 05:41:46,410 [a85e69e5-760c-4b40-a424-fc77673779df@group-AFFE1363742F-LeaderElection40] INFO  impl.LeaderElection (LeaderElection.java:askForVotes(178)) - a85e69e5-760c-4b40-a424-fc77673779df@group-AFFE1363742F-LeaderElection40: begin an election at term 21 for 0: [163c5688-ede5-44ab-b3bd-c5a10f730980:192.168.69.104:45225, a85e69e5-760c-4b40-a424-fc77673779df:192.168.69.104:37941, 73edb6ac-4c26-463f-ad6d-00f88e6dbd58:192.168.69.104:35488], old=null
2019-10-16 05:41:46,412 [a85e69e5-760c-4b40-a424-fc77673779df@group-AFFE1363742F-LeaderElection40] INFO  impl.LeaderElection (LogUtils.java:infoOrTrace(149)) - a85e69e5-760c-4b40-a424-fc77673779df@group-AFFE1363742F-LeaderElection40 got exception when requesting votes: {}
java.util.concurrent.ExecutionException: org.apache.ratis.thirdparty.io.grpc.StatusRuntimeException: UNAVAILABLE: io exception
	at java.util.concurrent.FutureTask.report(FutureTask.java:122)
	at java.util.concurrent.FutureTask.get(FutureTask.java:192)
	at org.apache.ratis.server.impl.LeaderElection.waitForResults(LeaderElection.java:259)
	at org.apache.ratis.server.impl.LeaderElection.askForVotes(LeaderElection.java:197)
	at org.apache.ratis.server.impl.LeaderElection.run(LeaderElection.java:133)
	at java.lang.Thread.run(Thread.java:748)
Caused by: org.apache.ratis.thirdparty.io.grpc.StatusRuntimeException: UNAVAILABLE: io exception
	at org.apache.ratis.thirdparty.io.grpc.stub.ClientCalls.toStatusRuntimeException(ClientCalls.java:233)
	at org.apache.ratis.thirdparty.io.grpc.stub.ClientCalls.getUnchecked(ClientCalls.java:214)
	at org.apache.ratis.thirdparty.io.grpc.stub.ClientCalls.blockingUnaryCall(ClientCalls.java:139)
	at org.apache.ratis.proto.grpc.RaftServerProtocolServiceGrpc$RaftServerProtocolServiceBlockingStub.requestVote(RaftServerProtocolServiceGrpc.java:265)
	at org.apache.ratis.grpc.server.GrpcServerProtocolClient.requestVote(GrpcServerProtocolClient.java:99)
	at org.apache.ratis.grpc.server.GrpcService.requestVote(GrpcService.java:204)
	at org.apache.ratis.server.impl.LeaderElection.lambda$submitRequests$1(LeaderElection.java:234)
	at java.util.concurrent.FutureTask.run(FutureTask.java:266)
	at java.util.concurrent.Executors$RunnableAdapter.call(Executors.java:511)
	at java.util.concurrent.FutureTask.run(FutureTask.java:266)
	at java.util.concurrent.ThreadPoolExecutor.runWorker(ThreadPoolExecutor.java:1149)
	at java.util.concurrent.ThreadPoolExecutor$Worker.run(ThreadPoolExecutor.java:624)
	... 1 more
Caused by: org.apache.ratis.thirdparty.io.netty.channel.AbstractChannel$AnnotatedConnectException: Connection refused: /192.168.69.104:45225
	at sun.nio.ch.SocketChannelImpl.checkConnect(Native Method)
	at sun.nio.ch.SocketChannelImpl.finishConnect(SocketChannelImpl.java:717)
	at org.apache.ratis.thirdparty.io.netty.channel.socket.nio.NioSocketChannel.doFinishConnect(NioSocketChannel.java:327)
	at org.apache.ratis.thirdparty.io.netty.channel.nio.AbstractNioChannel$AbstractNioUnsafe.finishConnect(AbstractNioChannel.java:340)
	at org.apache.ratis.thirdparty.io.netty.channel.nio.NioEventLoop.processSelectedKey(NioEventLoop.java:632)
	at org.apache.ratis.thirdparty.io.netty.channel.nio.NioEventLoop.processSelectedKeysOptimized(NioEventLoop.java:579)
	at org.apache.ratis.thirdparty.io.netty.channel.nio.NioEventLoop.processSelectedKeys(NioEventLoop.java:496)
	at org.apache.ratis.thirdparty.io.netty.channel.nio.NioEventLoop.run(NioEventLoop.java:458)
	at org.apache.ratis.thirdparty.io.netty.util.concurrent.SingleThreadEventExecutor$5.run(SingleThreadEventExecutor.java:897)
	at org.apache.ratis.thirdparty.io.netty.util.concurrent.FastThreadLocalRunnable.run(FastThreadLocalRunnable.java:30)
	... 1 more
Caused by: java.net.ConnectException: Connection refused
	... 11 more
2019-10-16 05:41:46,427 [a85e69e5-760c-4b40-a424-fc77673779df@group-AFFE1363742F-LeaderElection40] INFO  impl.LeaderElection (LogUtils.java:infoOrTrace(149)) - a85e69e5-760c-4b40-a424-fc77673779df@group-AFFE1363742F-LeaderElection40 got exception when requesting votes: {}
java.util.concurrent.ExecutionException: org.apache.ratis.thirdparty.io.grpc.StatusRuntimeException: UNAVAILABLE: io exception
	at java.util.concurrent.FutureTask.report(FutureTask.java:122)
	at java.util.concurrent.FutureTask.get(FutureTask.java:192)
	at org.apache.ratis.server.impl.LeaderElection.waitForResults(LeaderElection.java:259)
	at org.apache.ratis.server.impl.LeaderElection.askForVotes(LeaderElection.java:197)
	at org.apache.ratis.server.impl.LeaderElection.run(LeaderElection.java:133)
	at java.lang.Thread.run(Thread.java:748)
Caused by: org.apache.ratis.thirdparty.io.grpc.StatusRuntimeException: UNAVAILABLE: io exception
	at org.apache.ratis.thirdparty.io.grpc.stub.ClientCalls.toStatusRuntimeException(ClientCalls.java:233)
	at org.apache.ratis.thirdparty.io.grpc.stub.ClientCalls.getUnchecked(ClientCalls.java:214)
	at org.apache.ratis.thirdparty.io.grpc.stub.ClientCalls.blockingUnaryCall(ClientCalls.java:139)
	at org.apache.ratis.proto.grpc.RaftServerProtocolServiceGrpc$RaftServerProtocolServiceBlockingStub.requestVote(RaftServerProtocolServiceGrpc.java:265)
	at org.apache.ratis.grpc.server.GrpcServerProtocolClient.requestVote(GrpcServerProtocolClient.java:99)
	at org.apache.ratis.grpc.server.GrpcService.requestVote(GrpcService.java:204)
	at org.apache.ratis.server.impl.LeaderElection.lambda$submitRequests$1(LeaderElection.java:234)
	at java.util.concurrent.FutureTask.run(FutureTask.java:266)
	at java.util.concurrent.Executors$RunnableAdapter.call(Executors.java:511)
	at java.util.concurrent.FutureTask.run(FutureTask.java:266)
	at java.util.concurrent.ThreadPoolExecutor.runWorker(ThreadPoolExecutor.java:1149)
	at java.util.concurrent.ThreadPoolExecutor$Worker.run(ThreadPoolExecutor.java:624)
	... 1 more
Caused by: org.apache.ratis.thirdparty.io.netty.channel.AbstractChannel$AnnotatedConnectException: Connection refused: /192.168.69.104:35488
	at sun.nio.ch.SocketChannelImpl.checkConnect(Native Method)
	at sun.nio.ch.SocketChannelImpl.finishConnect(SocketChannelImpl.java:717)
	at org.apache.ratis.thirdparty.io.netty.channel.socket.nio.NioSocketChannel.doFinishConnect(NioSocketChannel.java:327)
	at org.apache.ratis.thirdparty.io.netty.channel.nio.AbstractNioChannel$AbstractNioUnsafe.finishConnect(AbstractNioChannel.java:340)
	at org.apache.ratis.thirdparty.io.netty.channel.nio.NioEventLoop.processSelectedKey(NioEventLoop.java:632)
	at org.apache.ratis.thirdparty.io.netty.channel.nio.NioEventLoop.processSelectedKeysOptimized(NioEventLoop.java:579)
	at org.apache.ratis.thirdparty.io.netty.channel.nio.NioEventLoop.processSelectedKeys(NioEventLoop.java:496)
	at org.apache.ratis.thirdparty.io.netty.channel.nio.NioEventLoop.run(NioEventLoop.java:458)
	at org.apache.ratis.thirdparty.io.netty.util.concurrent.SingleThreadEventExecutor$5.run(SingleThreadEventExecutor.java:897)
	at org.apache.ratis.thirdparty.io.netty.util.concurrent.FastThreadLocalRunnable.run(FastThreadLocalRunnable.java:30)
	... 1 more
Caused by: java.net.ConnectException: Connection refused
	... 11 more
2019-10-16 05:41:46,434 [a85e69e5-760c-4b40-a424-fc77673779df@group-AFFE1363742F-LeaderElection40] INFO  impl.LeaderElection (LeaderElection.java:logAndReturn(56)) - a85e69e5-760c-4b40-a424-fc77673779df@group-AFFE1363742F-LeaderElection40: Election REJECTED; received 0 response(s) [] and 2 exception(s); a85e69e5-760c-4b40-a424-fc77673779df@group-AFFE1363742F:t21, leader=null, voted=a85e69e5-760c-4b40-a424-fc77673779df, raftlog=a85e69e5-760c-4b40-a424-fc77673779df@group-AFFE1363742F-SegmentedRaftLog:OPENED:c28,f28,i28, conf=0: [163c5688-ede5-44ab-b3bd-c5a10f730980:192.168.69.104:45225, a85e69e5-760c-4b40-a424-fc77673779df:192.168.69.104:37941, 73edb6ac-4c26-463f-ad6d-00f88e6dbd58:192.168.69.104:35488], old=null
2019-10-16 05:41:46,434 [a85e69e5-760c-4b40-a424-fc77673779df@group-AFFE1363742F-LeaderElection40] INFO  impl.LeaderElection (LogUtils.java:infoOrTrace(149)) -   Exception 0: {}
java.util.concurrent.ExecutionException: org.apache.ratis.thirdparty.io.grpc.StatusRuntimeException: UNAVAILABLE: io exception
	at java.util.concurrent.FutureTask.report(FutureTask.java:122)
	at java.util.concurrent.FutureTask.get(FutureTask.java:192)
	at org.apache.ratis.server.impl.LeaderElection.waitForResults(LeaderElection.java:259)
	at org.apache.ratis.server.impl.LeaderElection.askForVotes(LeaderElection.java:197)
	at org.apache.ratis.server.impl.LeaderElection.run(LeaderElection.java:133)
	at java.lang.Thread.run(Thread.java:748)
Caused by: org.apache.ratis.thirdparty.io.grpc.StatusRuntimeException: UNAVAILABLE: io exception
	at org.apache.ratis.thirdparty.io.grpc.stub.ClientCalls.toStatusRuntimeException(ClientCalls.java:233)
	at org.apache.ratis.thirdparty.io.grpc.stub.ClientCalls.getUnchecked(ClientCalls.java:214)
	at org.apache.ratis.thirdparty.io.grpc.stub.ClientCalls.blockingUnaryCall(ClientCalls.java:139)
	at org.apache.ratis.proto.grpc.RaftServerProtocolServiceGrpc$RaftServerProtocolServiceBlockingStub.requestVote(RaftServerProtocolServiceGrpc.java:265)
	at org.apache.ratis.grpc.server.GrpcServerProtocolClient.requestVote(GrpcServerProtocolClient.java:99)
	at org.apache.ratis.grpc.server.GrpcService.requestVote(GrpcService.java:204)
	at org.apache.ratis.server.impl.LeaderElection.lambda$submitRequests$1(LeaderElection.java:234)
	at java.util.concurrent.FutureTask.run(FutureTask.java:266)
	at java.util.concurrent.Executors$RunnableAdapter.call(Executors.java:511)
	at java.util.concurrent.FutureTask.run(FutureTask.java:266)
	at java.util.concurrent.ThreadPoolExecutor.runWorker(ThreadPoolExecutor.java:1149)
	at java.util.concurrent.ThreadPoolExecutor$Worker.run(ThreadPoolExecutor.java:624)
	... 1 more
Caused by: org.apache.ratis.thirdparty.io.netty.channel.AbstractChannel$AnnotatedConnectException: Connection refused: /192.168.69.104:45225
	at sun.nio.ch.SocketChannelImpl.checkConnect(Native Method)
	at sun.nio.ch.SocketChannelImpl.finishConnect(SocketChannelImpl.java:717)
	at org.apache.ratis.thirdparty.io.netty.channel.socket.nio.NioSocketChannel.doFinishConnect(NioSocketChannel.java:327)
	at org.apache.ratis.thirdparty.io.netty.channel.nio.AbstractNioChannel$AbstractNioUnsafe.finishConnect(AbstractNioChannel.java:340)
	at org.apache.ratis.thirdparty.io.netty.channel.nio.NioEventLoop.processSelectedKey(NioEventLoop.java:632)
	at org.apache.ratis.thirdparty.io.netty.channel.nio.NioEventLoop.processSelectedKeysOptimized(NioEventLoop.java:579)
	at org.apache.ratis.thirdparty.io.netty.channel.nio.NioEventLoop.processSelectedKeys(NioEventLoop.java:496)
	at org.apache.ratis.thirdparty.io.netty.channel.nio.NioEventLoop.run(NioEventLoop.java:458)
	at org.apache.ratis.thirdparty.io.netty.util.concurrent.SingleThreadEventExecutor$5.run(SingleThreadEventExecutor.java:897)
	at org.apache.ratis.thirdparty.io.netty.util.concurrent.FastThreadLocalRunnable.run(FastThreadLocalRunnable.java:30)
	... 1 more
Caused by: java.net.ConnectException: Connection refused
	... 11 more
2019-10-16 05:41:46,435 [a85e69e5-760c-4b40-a424-fc77673779df@group-AFFE1363742F-LeaderElection40] INFO  impl.LeaderElection (LogUtils.java:infoOrTrace(149)) -   Exception 1: {}
java.util.concurrent.ExecutionException: org.apache.ratis.thirdparty.io.grpc.StatusRuntimeException: UNAVAILABLE: io exception
	at java.util.concurrent.FutureTask.report(FutureTask.java:122)
	at java.util.concurrent.FutureTask.get(FutureTask.java:192)
	at org.apache.ratis.server.impl.LeaderElection.waitForResults(LeaderElection.java:259)
	at org.apache.ratis.server.impl.LeaderElection.askForVotes(LeaderElection.java:197)
	at org.apache.ratis.server.impl.LeaderElection.run(LeaderElection.java:133)
	at java.lang.Thread.run(Thread.java:748)
Caused by: org.apache.ratis.thirdparty.io.grpc.StatusRuntimeException: UNAVAILABLE: io exception
	at org.apache.ratis.thirdparty.io.grpc.stub.ClientCalls.toStatusRuntimeException(ClientCalls.java:233)
	at org.apache.ratis.thirdparty.io.grpc.stub.ClientCalls.getUnchecked(ClientCalls.java:214)
	at org.apache.ratis.thirdparty.io.grpc.stub.ClientCalls.blockingUnaryCall(ClientCalls.java:139)
	at org.apache.ratis.proto.grpc.RaftServerProtocolServiceGrpc$RaftServerProtocolServiceBlockingStub.requestVote(RaftServerProtocolServiceGrpc.java:265)
	at org.apache.ratis.grpc.server.GrpcServerProtocolClient.requestVote(GrpcServerProtocolClient.java:99)
	at org.apache.ratis.grpc.server.GrpcService.requestVote(GrpcService.java:204)
	at org.apache.ratis.server.impl.LeaderElection.lambda$submitRequests$1(LeaderElection.java:234)
	at java.util.concurrent.FutureTask.run(FutureTask.java:266)
	at java.util.concurrent.Executors$RunnableAdapter.call(Executors.java:511)
	at java.util.concurrent.FutureTask.run(FutureTask.java:266)
	at java.util.concurrent.ThreadPoolExecutor.runWorker(ThreadPoolExecutor.java:1149)
	at java.util.concurrent.ThreadPoolExecutor$Worker.run(ThreadPoolExecutor.java:624)
	... 1 more
Caused by: org.apache.ratis.thirdparty.io.netty.channel.AbstractChannel$AnnotatedConnectException: Connection refused: /192.168.69.104:35488
	at sun.nio.ch.SocketChannelImpl.checkConnect(Native Method)
	at sun.nio.ch.SocketChannelImpl.finishConnect(SocketChannelImpl.java:717)
	at org.apache.ratis.thirdparty.io.netty.channel.socket.nio.NioSocketChannel.doFinishConnect(NioSocketChannel.java:327)
	at org.apache.ratis.thirdparty.io.netty.channel.nio.AbstractNioChannel$AbstractNioUnsafe.finishConnect(AbstractNioChannel.java:340)
	at org.apache.ratis.thirdparty.io.netty.channel.nio.NioEventLoop.processSelectedKey(NioEventLoop.java:632)
	at org.apache.ratis.thirdparty.io.netty.channel.nio.NioEventLoop.processSelectedKeysOptimized(NioEventLoop.java:579)
	at org.apache.ratis.thirdparty.io.netty.channel.nio.NioEventLoop.processSelectedKeys(NioEventLoop.java:496)
	at org.apache.ratis.thirdparty.io.netty.channel.nio.NioEventLoop.run(NioEventLoop.java:458)
	at org.apache.ratis.thirdparty.io.netty.util.concurrent.SingleThreadEventExecutor$5.run(SingleThreadEventExecutor.java:897)
	at org.apache.ratis.thirdparty.io.netty.util.concurrent.FastThreadLocalRunnable.run(FastThreadLocalRunnable.java:30)
	... 1 more
Caused by: java.net.ConnectException: Connection refused
	... 11 more
2019-10-16 05:41:46,435 [a85e69e5-760c-4b40-a424-fc77673779df@group-AFFE1363742F-LeaderElection40] INFO  impl.RaftServerImpl (RaftServerImpl.java:setRole(184)) - a85e69e5-760c-4b40-a424-fc77673779df@group-AFFE1363742F: changes role from CANDIDATE to FOLLOWER at term 21 for DISCOVERED_A_NEW_TERM
2019-10-16 05:41:46,435 [a85e69e5-760c-4b40-a424-fc77673779df@group-AFFE1363742F-LeaderElection40] INFO  impl.RoleInfo (RoleInfo.java:shutdownLeaderElection(134)) - a85e69e5-760c-4b40-a424-fc77673779df: shutdown LeaderElection
2019-10-16 05:41:46,435 [a85e69e5-760c-4b40-a424-fc77673779df@group-AFFE1363742F-LeaderElection40] INFO  impl.RoleInfo (RoleInfo.java:updateAndGet(143)) - a85e69e5-760c-4b40-a424-fc77673779df: start FollowerState
2019-10-16 05:41:47,470 [Thread-1214] INFO  impl.FollowerState (FollowerState.java:run(108)) - a85e69e5-760c-4b40-a424-fc77673779df@group-AFFE1363742F-FollowerState: change to CANDIDATE, lastRpcTime:1034ms, electionTimeout:1034ms
2019-10-16 05:41:47,471 [Thread-1214] INFO  impl.RoleInfo (RoleInfo.java:shutdownFollowerState(121)) - a85e69e5-760c-4b40-a424-fc77673779df: shutdown FollowerState
2019-10-16 05:41:47,471 [Thread-1214] INFO  impl.RaftServerImpl (RaftServerImpl.java:setRole(184)) - a85e69e5-760c-4b40-a424-fc77673779df@group-AFFE1363742F: changes role from  FOLLOWER to CANDIDATE at term 21 for changeToCandidate
2019-10-16 05:41:47,471 [Thread-1214] INFO  impl.RoleInfo (RoleInfo.java:updateAndGet(143)) - a85e69e5-760c-4b40-a424-fc77673779df: start LeaderElection
2019-10-16 05:41:47,493 [a85e69e5-760c-4b40-a424-fc77673779df@group-AFFE1363742F-LeaderElection41] INFO  impl.LeaderElection (LeaderElection.java:askForVotes(178)) - a85e69e5-760c-4b40-a424-fc77673779df@group-AFFE1363742F-LeaderElection41: begin an election at term 22 for 0: [163c5688-ede5-44ab-b3bd-c5a10f730980:192.168.69.104:45225, a85e69e5-760c-4b40-a424-fc77673779df:192.168.69.104:37941, 73edb6ac-4c26-463f-ad6d-00f88e6dbd58:192.168.69.104:35488], old=null
2019-10-16 05:41:47,495 [a85e69e5-760c-4b40-a424-fc77673779df@group-AFFE1363742F-LeaderElection41] INFO  impl.LeaderElection (LogUtils.java:infoOrTrace(149)) - a85e69e5-760c-4b40-a424-fc77673779df@group-AFFE1363742F-LeaderElection41 got exception when requesting votes: {}
java.util.concurrent.ExecutionException: org.apache.ratis.thirdparty.io.grpc.StatusRuntimeException: UNAVAILABLE: io exception
	at java.util.concurrent.FutureTask.report(FutureTask.java:122)
	at java.util.concurrent.FutureTask.get(FutureTask.java:192)
	at org.apache.ratis.server.impl.LeaderElection.waitForResults(LeaderElection.java:259)
	at org.apache.ratis.server.impl.LeaderElection.askForVotes(LeaderElection.java:197)
	at org.apache.ratis.server.impl.LeaderElection.run(LeaderElection.java:133)
	at java.lang.Thread.run(Thread.java:748)
Caused by: org.apache.ratis.thirdparty.io.grpc.StatusRuntimeException: UNAVAILABLE: io exception
	at org.apache.ratis.thirdparty.io.grpc.stub.ClientCalls.toStatusRuntimeException(ClientCalls.java:233)
	at org.apache.ratis.thirdparty.io.grpc.stub.ClientCalls.getUnchecked(ClientCalls.java:214)
	at org.apache.ratis.thirdparty.io.grpc.stub.ClientCalls.blockingUnaryCall(ClientCalls.java:139)
	at org.apache.ratis.proto.grpc.RaftServerProtocolServiceGrpc$RaftServerProtocolServiceBlockingStub.requestVote(RaftServerProtocolServiceGrpc.java:265)
	at org.apache.ratis.grpc.server.GrpcServerProtocolClient.requestVote(GrpcServerProtocolClient.java:99)
	at org.apache.ratis.grpc.server.GrpcService.requestVote(GrpcService.java:204)
	at org.apache.ratis.server.impl.LeaderElection.lambda$submitRequests$1(LeaderElection.java:234)
	at java.util.concurrent.FutureTask.run(FutureTask.java:266)
	at java.util.concurrent.Executors$RunnableAdapter.call(Executors.java:511)
	at java.util.concurrent.FutureTask.run(FutureTask.java:266)
	at java.util.concurrent.ThreadPoolExecutor.runWorker(ThreadPoolExecutor.java:1149)
	at java.util.concurrent.ThreadPoolExecutor$Worker.run(ThreadPoolExecutor.java:624)
	... 1 more
Caused by: org.apache.ratis.thirdparty.io.netty.channel.AbstractChannel$AnnotatedConnectException: Connection refused: /192.168.69.104:45225
	at sun.nio.ch.SocketChannelImpl.checkConnect(Native Method)
	at sun.nio.ch.SocketChannelImpl.finishConnect(SocketChannelImpl.java:717)
	at org.apache.ratis.thirdparty.io.netty.channel.socket.nio.NioSocketChannel.doFinishConnect(NioSocketChannel.java:327)
	at org.apache.ratis.thirdparty.io.netty.channel.nio.AbstractNioChannel$AbstractNioUnsafe.finishConnect(AbstractNioChannel.java:340)
	at org.apache.ratis.thirdparty.io.netty.channel.nio.NioEventLoop.processSelectedKey(NioEventLoop.java:632)
	at org.apache.ratis.thirdparty.io.netty.channel.nio.NioEventLoop.processSelectedKeysOptimized(NioEventLoop.java:579)
	at org.apache.ratis.thirdparty.io.netty.channel.nio.NioEventLoop.processSelectedKeys(NioEventLoop.java:496)
	at org.apache.ratis.thirdparty.io.netty.channel.nio.NioEventLoop.run(NioEventLoop.java:458)
	at org.apache.ratis.thirdparty.io.netty.util.concurrent.SingleThreadEventExecutor$5.run(SingleThreadEventExecutor.java:897)
	at org.apache.ratis.thirdparty.io.netty.util.concurrent.FastThreadLocalRunnable.run(FastThreadLocalRunnable.java:30)
	... 1 more
Caused by: java.net.ConnectException: Connection refused
	... 11 more
2019-10-16 05:41:47,503 [a85e69e5-760c-4b40-a424-fc77673779df@group-AFFE1363742F-LeaderElection41] INFO  impl.LeaderElection (LogUtils.java:infoOrTrace(149)) - a85e69e5-760c-4b40-a424-fc77673779df@group-AFFE1363742F-LeaderElection41 got exception when requesting votes: {}
java.util.concurrent.ExecutionException: org.apache.ratis.thirdparty.io.grpc.StatusRuntimeException: UNAVAILABLE: io exception
	at java.util.concurrent.FutureTask.report(FutureTask.java:122)
	at java.util.concurrent.FutureTask.get(FutureTask.java:192)
	at org.apache.ratis.server.impl.LeaderElection.waitForResults(LeaderElection.java:259)
	at org.apache.ratis.server.impl.LeaderElection.askForVotes(LeaderElection.java:197)
	at org.apache.ratis.server.impl.LeaderElection.run(LeaderElection.java:133)
	at java.lang.Thread.run(Thread.java:748)
Caused by: org.apache.ratis.thirdparty.io.grpc.StatusRuntimeException: UNAVAILABLE: io exception
	at org.apache.ratis.thirdparty.io.grpc.stub.ClientCalls.toStatusRuntimeException(ClientCalls.java:233)
	at org.apache.ratis.thirdparty.io.grpc.stub.ClientCalls.getUnchecked(ClientCalls.java:214)
	at org.apache.ratis.thirdparty.io.grpc.stub.ClientCalls.blockingUnaryCall(ClientCalls.java:139)
	at org.apache.ratis.proto.grpc.RaftServerProtocolServiceGrpc$RaftServerProtocolServiceBlockingStub.requestVote(RaftServerProtocolServiceGrpc.java:265)
	at org.apache.ratis.grpc.server.GrpcServerProtocolClient.requestVote(GrpcServerProtocolClient.java:99)
	at org.apache.ratis.grpc.server.GrpcService.requestVote(GrpcService.java:204)
	at org.apache.ratis.server.impl.LeaderElection.lambda$submitRequests$1(LeaderElection.java:234)
	at java.util.concurrent.FutureTask.run(FutureTask.java:266)
	at java.util.concurrent.Executors$RunnableAdapter.call(Executors.java:511)
	at java.util.concurrent.FutureTask.run(FutureTask.java:266)
	at java.util.concurrent.ThreadPoolExecutor.runWorker(ThreadPoolExecutor.java:1149)
	at java.util.concurrent.ThreadPoolExecutor$Worker.run(ThreadPoolExecutor.java:624)
	... 1 more
Caused by: org.apache.ratis.thirdparty.io.netty.channel.AbstractChannel$AnnotatedConnectException: Connection refused: /192.168.69.104:35488
	at sun.nio.ch.SocketChannelImpl.checkConnect(Native Method)
	at sun.nio.ch.SocketChannelImpl.finishConnect(SocketChannelImpl.java:717)
	at org.apache.ratis.thirdparty.io.netty.channel.socket.nio.NioSocketChannel.doFinishConnect(NioSocketChannel.java:327)
	at org.apache.ratis.thirdparty.io.netty.channel.nio.AbstractNioChannel$AbstractNioUnsafe.finishConnect(AbstractNioChannel.java:340)
	at org.apache.ratis.thirdparty.io.netty.channel.nio.NioEventLoop.processSelectedKey(NioEventLoop.java:632)
	at org.apache.ratis.thirdparty.io.netty.channel.nio.NioEventLoop.processSelectedKeysOptimized(NioEventLoop.java:579)
	at org.apache.ratis.thirdparty.io.netty.channel.nio.NioEventLoop.processSelectedKeys(NioEventLoop.java:496)
	at org.apache.ratis.thirdparty.io.netty.channel.nio.NioEventLoop.run(NioEventLoop.java:458)
	at org.apache.ratis.thirdparty.io.netty.util.concurrent.SingleThreadEventExecutor$5.run(SingleThreadEventExecutor.java:897)
	at org.apache.ratis.thirdparty.io.netty.util.concurrent.FastThreadLocalRunnable.run(FastThreadLocalRunnable.java:30)
	... 1 more
Caused by: java.net.ConnectException: Connection refused
	... 11 more
2019-10-16 05:41:47,505 [a85e69e5-760c-4b40-a424-fc77673779df@group-AFFE1363742F-LeaderElection41] INFO  impl.LeaderElection (LeaderElection.java:logAndReturn(56)) - a85e69e5-760c-4b40-a424-fc77673779df@group-AFFE1363742F-LeaderElection41: Election REJECTED; received 0 response(s) [] and 2 exception(s); a85e69e5-760c-4b40-a424-fc77673779df@group-AFFE1363742F:t22, leader=null, voted=a85e69e5-760c-4b40-a424-fc77673779df, raftlog=a85e69e5-760c-4b40-a424-fc77673779df@group-AFFE1363742F-SegmentedRaftLog:OPENED:c28,f28,i28, conf=0: [163c5688-ede5-44ab-b3bd-c5a10f730980:192.168.69.104:45225, a85e69e5-760c-4b40-a424-fc77673779df:192.168.69.104:37941, 73edb6ac-4c26-463f-ad6d-00f88e6dbd58:192.168.69.104:35488], old=null
2019-10-16 05:41:47,506 [a85e69e5-760c-4b40-a424-fc77673779df@group-AFFE1363742F-LeaderElection41] INFO  impl.LeaderElection (LogUtils.java:infoOrTrace(149)) -   Exception 0: {}
java.util.concurrent.ExecutionException: org.apache.ratis.thirdparty.io.grpc.StatusRuntimeException: UNAVAILABLE: io exception
	at java.util.concurrent.FutureTask.report(FutureTask.java:122)
	at java.util.concurrent.FutureTask.get(FutureTask.java:192)
	at org.apache.ratis.server.impl.LeaderElection.waitForResults(LeaderElection.java:259)
	at org.apache.ratis.server.impl.LeaderElection.askForVotes(LeaderElection.java:197)
	at org.apache.ratis.server.impl.LeaderElection.run(LeaderElection.java:133)
	at java.lang.Thread.run(Thread.java:748)
Caused by: org.apache.ratis.thirdparty.io.grpc.StatusRuntimeException: UNAVAILABLE: io exception
	at org.apache.ratis.thirdparty.io.grpc.stub.ClientCalls.toStatusRuntimeException(ClientCalls.java:233)
	at org.apache.ratis.thirdparty.io.grpc.stub.ClientCalls.getUnchecked(ClientCalls.java:214)
	at org.apache.ratis.thirdparty.io.grpc.stub.ClientCalls.blockingUnaryCall(ClientCalls.java:139)
	at org.apache.ratis.proto.grpc.RaftServerProtocolServiceGrpc$RaftServerProtocolServiceBlockingStub.requestVote(RaftServerProtocolServiceGrpc.java:265)
	at org.apache.ratis.grpc.server.GrpcServerProtocolClient.requestVote(GrpcServerProtocolClient.java:99)
	at org.apache.ratis.grpc.server.GrpcService.requestVote(GrpcService.java:204)
	at org.apache.ratis.server.impl.LeaderElection.lambda$submitRequests$1(LeaderElection.java:234)
	at java.util.concurrent.FutureTask.run(FutureTask.java:266)
	at java.util.concurrent.Executors$RunnableAdapter.call(Executors.java:511)
	at java.util.concurrent.FutureTask.run(FutureTask.java:266)
	at java.util.concurrent.ThreadPoolExecutor.runWorker(ThreadPoolExecutor.java:1149)
	at java.util.concurrent.ThreadPoolExecutor$Worker.run(ThreadPoolExecutor.java:624)
	... 1 more
Caused by: org.apache.ratis.thirdparty.io.netty.channel.AbstractChannel$AnnotatedConnectException: Connection refused: /192.168.69.104:45225
	at sun.nio.ch.SocketChannelImpl.checkConnect(Native Method)
	at sun.nio.ch.SocketChannelImpl.finishConnect(SocketChannelImpl.java:717)
	at org.apache.ratis.thirdparty.io.netty.channel.socket.nio.NioSocketChannel.doFinishConnect(NioSocketChannel.java:327)
	at org.apache.ratis.thirdparty.io.netty.channel.nio.AbstractNioChannel$AbstractNioUnsafe.finishConnect(AbstractNioChannel.java:340)
	at org.apache.ratis.thirdparty.io.netty.channel.nio.NioEventLoop.processSelectedKey(NioEventLoop.java:632)
	at org.apache.ratis.thirdparty.io.netty.channel.nio.NioEventLoop.processSelectedKeysOptimized(NioEventLoop.java:579)
	at org.apache.ratis.thirdparty.io.netty.channel.nio.NioEventLoop.processSelectedKeys(NioEventLoop.java:496)
	at org.apache.ratis.thirdparty.io.netty.channel.nio.NioEventLoop.run(NioEventLoop.java:458)
	at org.apache.ratis.thirdparty.io.netty.util.concurrent.SingleThreadEventExecutor$5.run(SingleThreadEventExecutor.java:897)
	at org.apache.ratis.thirdparty.io.netty.util.concurrent.FastThreadLocalRunnable.run(FastThreadLocalRunnable.java:30)
	... 1 more
Caused by: java.net.ConnectException: Connection refused
	... 11 more
2019-10-16 05:41:47,506 [a85e69e5-760c-4b40-a424-fc77673779df@group-AFFE1363742F-LeaderElection41] INFO  impl.LeaderElection (LogUtils.java:infoOrTrace(149)) -   Exception 1: {}
java.util.concurrent.ExecutionException: org.apache.ratis.thirdparty.io.grpc.StatusRuntimeException: UNAVAILABLE: io exception
	at java.util.concurrent.FutureTask.report(FutureTask.java:122)
	at java.util.concurrent.FutureTask.get(FutureTask.java:192)
	at org.apache.ratis.server.impl.LeaderElection.waitForResults(LeaderElection.java:259)
	at org.apache.ratis.server.impl.LeaderElection.askForVotes(LeaderElection.java:197)
	at org.apache.ratis.server.impl.LeaderElection.run(LeaderElection.java:133)
	at java.lang.Thread.run(Thread.java:748)
Caused by: org.apache.ratis.thirdparty.io.grpc.StatusRuntimeException: UNAVAILABLE: io exception
	at org.apache.ratis.thirdparty.io.grpc.stub.ClientCalls.toStatusRuntimeException(ClientCalls.java:233)
	at org.apache.ratis.thirdparty.io.grpc.stub.ClientCalls.getUnchecked(ClientCalls.java:214)
	at org.apache.ratis.thirdparty.io.grpc.stub.ClientCalls.blockingUnaryCall(ClientCalls.java:139)
	at org.apache.ratis.proto.grpc.RaftServerProtocolServiceGrpc$RaftServerProtocolServiceBlockingStub.requestVote(RaftServerProtocolServiceGrpc.java:265)
	at org.apache.ratis.grpc.server.GrpcServerProtocolClient.requestVote(GrpcServerProtocolClient.java:99)
	at org.apache.ratis.grpc.server.GrpcService.requestVote(GrpcService.java:204)
	at org.apache.ratis.server.impl.LeaderElection.lambda$submitRequests$1(LeaderElection.java:234)
	at java.util.concurrent.FutureTask.run(FutureTask.java:266)
	at java.util.concurrent.Executors$RunnableAdapter.call(Executors.java:511)
	at java.util.concurrent.FutureTask.run(FutureTask.java:266)
	at java.util.concurrent.ThreadPoolExecutor.runWorker(ThreadPoolExecutor.java:1149)
	at java.util.concurrent.ThreadPoolExecutor$Worker.run(ThreadPoolExecutor.java:624)
	... 1 more
Caused by: org.apache.ratis.thirdparty.io.netty.channel.AbstractChannel$AnnotatedConnectException: Connection refused: /192.168.69.104:35488
	at sun.nio.ch.SocketChannelImpl.checkConnect(Native Method)
	at sun.nio.ch.SocketChannelImpl.finishConnect(SocketChannelImpl.java:717)
	at org.apache.ratis.thirdparty.io.netty.channel.socket.nio.NioSocketChannel.doFinishConnect(NioSocketChannel.java:327)
	at org.apache.ratis.thirdparty.io.netty.channel.nio.AbstractNioChannel$AbstractNioUnsafe.finishConnect(AbstractNioChannel.java:340)
	at org.apache.ratis.thirdparty.io.netty.channel.nio.NioEventLoop.processSelectedKey(NioEventLoop.java:632)
	at org.apache.ratis.thirdparty.io.netty.channel.nio.NioEventLoop.processSelectedKeysOptimized(NioEventLoop.java:579)
	at org.apache.ratis.thirdparty.io.netty.channel.nio.NioEventLoop.processSelectedKeys(NioEventLoop.java:496)
	at org.apache.ratis.thirdparty.io.netty.channel.nio.NioEventLoop.run(NioEventLoop.java:458)
	at org.apache.ratis.thirdparty.io.netty.util.concurrent.SingleThreadEventExecutor$5.run(SingleThreadEventExecutor.java:897)
	at org.apache.ratis.thirdparty.io.netty.util.concurrent.FastThreadLocalRunnable.run(FastThreadLocalRunnable.java:30)
	... 1 more
Caused by: java.net.ConnectException: Connection refused
	... 11 more
2019-10-16 05:41:47,506 [a85e69e5-760c-4b40-a424-fc77673779df@group-AFFE1363742F-LeaderElection41] INFO  impl.RaftServerImpl (RaftServerImpl.java:setRole(184)) - a85e69e5-760c-4b40-a424-fc77673779df@group-AFFE1363742F: changes role from CANDIDATE to FOLLOWER at term 22 for DISCOVERED_A_NEW_TERM
2019-10-16 05:41:47,506 [a85e69e5-760c-4b40-a424-fc77673779df@group-AFFE1363742F-LeaderElection41] INFO  impl.RoleInfo (RoleInfo.java:shutdownLeaderElection(134)) - a85e69e5-760c-4b40-a424-fc77673779df: shutdown LeaderElection
2019-10-16 05:41:47,507 [a85e69e5-760c-4b40-a424-fc77673779df@group-AFFE1363742F-LeaderElection41] INFO  impl.RoleInfo (RoleInfo.java:updateAndGet(143)) - a85e69e5-760c-4b40-a424-fc77673779df: start FollowerState
2019-10-16 05:41:48,644 [Thread-1228] INFO  impl.FollowerState (FollowerState.java:run(108)) - a85e69e5-760c-4b40-a424-fc77673779df@group-AFFE1363742F-FollowerState: change to CANDIDATE, lastRpcTime:1137ms, electionTimeout:1137ms
2019-10-16 05:41:48,645 [Thread-1228] INFO  impl.RoleInfo (RoleInfo.java:shutdownFollowerState(121)) - a85e69e5-760c-4b40-a424-fc77673779df: shutdown FollowerState
2019-10-16 05:41:48,645 [Thread-1228] INFO  impl.RaftServerImpl (RaftServerImpl.java:setRole(184)) - a85e69e5-760c-4b40-a424-fc77673779df@group-AFFE1363742F: changes role from  FOLLOWER to CANDIDATE at term 22 for changeToCandidate
2019-10-16 05:41:48,645 [Thread-1228] INFO  impl.RoleInfo (RoleInfo.java:updateAndGet(143)) - a85e69e5-760c-4b40-a424-fc77673779df: start LeaderElection
2019-10-16 05:41:48,653 [a85e69e5-760c-4b40-a424-fc77673779df@group-AFFE1363742F-LeaderElection42] INFO  impl.LeaderElection (LeaderElection.java:askForVotes(178)) - a85e69e5-760c-4b40-a424-fc77673779df@group-AFFE1363742F-LeaderElection42: begin an election at term 23 for 0: [163c5688-ede5-44ab-b3bd-c5a10f730980:192.168.69.104:45225, a85e69e5-760c-4b40-a424-fc77673779df:192.168.69.104:37941, 73edb6ac-4c26-463f-ad6d-00f88e6dbd58:192.168.69.104:35488], old=null
2019-10-16 05:41:48,654 [a85e69e5-760c-4b40-a424-fc77673779df@group-AFFE1363742F-LeaderElection42] INFO  impl.LeaderElection (LogUtils.java:infoOrTrace(149)) - a85e69e5-760c-4b40-a424-fc77673779df@group-AFFE1363742F-LeaderElection42 got exception when requesting votes: {}
java.util.concurrent.ExecutionException: org.apache.ratis.thirdparty.io.grpc.StatusRuntimeException: UNAVAILABLE: io exception
	at java.util.concurrent.FutureTask.report(FutureTask.java:122)
	at java.util.concurrent.FutureTask.get(FutureTask.java:192)
	at org.apache.ratis.server.impl.LeaderElection.waitForResults(LeaderElection.java:259)
	at org.apache.ratis.server.impl.LeaderElection.askForVotes(LeaderElection.java:197)
	at org.apache.ratis.server.impl.LeaderElection.run(LeaderElection.java:133)
	at java.lang.Thread.run(Thread.java:748)
Caused by: org.apache.ratis.thirdparty.io.grpc.StatusRuntimeException: UNAVAILABLE: io exception
	at org.apache.ratis.thirdparty.io.grpc.stub.ClientCalls.toStatusRuntimeException(ClientCalls.java:233)
	at org.apache.ratis.thirdparty.io.grpc.stub.ClientCalls.getUnchecked(ClientCalls.java:214)
	at org.apache.ratis.thirdparty.io.grpc.stub.ClientCalls.blockingUnaryCall(ClientCalls.java:139)
	at org.apache.ratis.proto.grpc.RaftServerProtocolServiceGrpc$RaftServerProtocolServiceBlockingStub.requestVote(RaftServerProtocolServiceGrpc.java:265)
	at org.apache.ratis.grpc.server.GrpcServerProtocolClient.requestVote(GrpcServerProtocolClient.java:99)
	at org.apache.ratis.grpc.server.GrpcService.requestVote(GrpcService.java:204)
	at org.apache.ratis.server.impl.LeaderElection.lambda$submitRequests$1(LeaderElection.java:234)
	at java.util.concurrent.FutureTask.run(FutureTask.java:266)
	at java.util.concurrent.Executors$RunnableAdapter.call(Executors.java:511)
	at java.util.concurrent.FutureTask.run(FutureTask.java:266)
	at java.util.concurrent.ThreadPoolExecutor.runWorker(ThreadPoolExecutor.java:1149)
	at java.util.concurrent.ThreadPoolExecutor$Worker.run(ThreadPoolExecutor.java:624)
	... 1 more
Caused by: org.apache.ratis.thirdparty.io.netty.channel.AbstractChannel$AnnotatedConnectException: Connection refused: /192.168.69.104:45225
	at sun.nio.ch.SocketChannelImpl.checkConnect(Native Method)
	at sun.nio.ch.SocketChannelImpl.finishConnect(SocketChannelImpl.java:717)
	at org.apache.ratis.thirdparty.io.netty.channel.socket.nio.NioSocketChannel.doFinishConnect(NioSocketChannel.java:327)
	at org.apache.ratis.thirdparty.io.netty.channel.nio.AbstractNioChannel$AbstractNioUnsafe.finishConnect(AbstractNioChannel.java:340)
	at org.apache.ratis.thirdparty.io.netty.channel.nio.NioEventLoop.processSelectedKey(NioEventLoop.java:632)
	at org.apache.ratis.thirdparty.io.netty.channel.nio.NioEventLoop.processSelectedKeysOptimized(NioEventLoop.java:579)
	at org.apache.ratis.thirdparty.io.netty.channel.nio.NioEventLoop.processSelectedKeys(NioEventLoop.java:496)
	at org.apache.ratis.thirdparty.io.netty.channel.nio.NioEventLoop.run(NioEventLoop.java:458)
	at org.apache.ratis.thirdparty.io.netty.util.concurrent.SingleThreadEventExecutor$5.run(SingleThreadEventExecutor.java:897)
	at org.apache.ratis.thirdparty.io.netty.util.concurrent.FastThreadLocalRunnable.run(FastThreadLocalRunnable.java:30)
	... 1 more
Caused by: java.net.ConnectException: Connection refused
	... 11 more
2019-10-16 05:41:48,659 [a85e69e5-760c-4b40-a424-fc77673779df@group-AFFE1363742F-LeaderElection42] INFO  impl.LeaderElection (LogUtils.java:infoOrTrace(149)) - a85e69e5-760c-4b40-a424-fc77673779df@group-AFFE1363742F-LeaderElection42 got exception when requesting votes: {}
java.util.concurrent.ExecutionException: org.apache.ratis.thirdparty.io.grpc.StatusRuntimeException: UNAVAILABLE: io exception
	at java.util.concurrent.FutureTask.report(FutureTask.java:122)
	at java.util.concurrent.FutureTask.get(FutureTask.java:192)
	at org.apache.ratis.server.impl.LeaderElection.waitForResults(LeaderElection.java:259)
	at org.apache.ratis.server.impl.LeaderElection.askForVotes(LeaderElection.java:197)
	at org.apache.ratis.server.impl.LeaderElection.run(LeaderElection.java:133)
	at java.lang.Thread.run(Thread.java:748)
Caused by: org.apache.ratis.thirdparty.io.grpc.StatusRuntimeException: UNAVAILABLE: io exception
	at org.apache.ratis.thirdparty.io.grpc.stub.ClientCalls.toStatusRuntimeException(ClientCalls.java:233)
	at org.apache.ratis.thirdparty.io.grpc.stub.ClientCalls.getUnchecked(ClientCalls.java:214)
	at org.apache.ratis.thirdparty.io.grpc.stub.ClientCalls.blockingUnaryCall(ClientCalls.java:139)
	at org.apache.ratis.proto.grpc.RaftServerProtocolServiceGrpc$RaftServerProtocolServiceBlockingStub.requestVote(RaftServerProtocolServiceGrpc.java:265)
	at org.apache.ratis.grpc.server.GrpcServerProtocolClient.requestVote(GrpcServerProtocolClient.java:99)
	at org.apache.ratis.grpc.server.GrpcService.requestVote(GrpcService.java:204)
	at org.apache.ratis.server.impl.LeaderElection.lambda$submitRequests$1(LeaderElection.java:234)
	at java.util.concurrent.FutureTask.run(FutureTask.java:266)
	at java.util.concurrent.Executors$RunnableAdapter.call(Executors.java:511)
	at java.util.concurrent.FutureTask.run(FutureTask.java:266)
	at java.util.concurrent.ThreadPoolExecutor.runWorker(ThreadPoolExecutor.java:1149)
	at java.util.concurrent.ThreadPoolExecutor$Worker.run(ThreadPoolExecutor.java:624)
	... 1 more
Caused by: org.apache.ratis.thirdparty.io.netty.channel.AbstractChannel$AnnotatedConnectException: Connection refused: /192.168.69.104:35488
	at sun.nio.ch.SocketChannelImpl.checkConnect(Native Method)
	at sun.nio.ch.SocketChannelImpl.finishConnect(SocketChannelImpl.java:717)
	at org.apache.ratis.thirdparty.io.netty.channel.socket.nio.NioSocketChannel.doFinishConnect(NioSocketChannel.java:327)
	at org.apache.ratis.thirdparty.io.netty.channel.nio.AbstractNioChannel$AbstractNioUnsafe.finishConnect(AbstractNioChannel.java:340)
	at org.apache.ratis.thirdparty.io.netty.channel.nio.NioEventLoop.processSelectedKey(NioEventLoop.java:632)
	at org.apache.ratis.thirdparty.io.netty.channel.nio.NioEventLoop.processSelectedKeysOptimized(NioEventLoop.java:579)
	at org.apache.ratis.thirdparty.io.netty.channel.nio.NioEventLoop.processSelectedKeys(NioEventLoop.java:496)
	at org.apache.ratis.thirdparty.io.netty.channel.nio.NioEventLoop.run(NioEventLoop.java:458)
	at org.apache.ratis.thirdparty.io.netty.util.concurrent.SingleThreadEventExecutor$5.run(SingleThreadEventExecutor.java:897)
	at org.apache.ratis.thirdparty.io.netty.util.concurrent.FastThreadLocalRunnable.run(FastThreadLocalRunnable.java:30)
	... 1 more
Caused by: java.net.ConnectException: Connection refused
	... 11 more
2019-10-16 05:41:48,662 [a85e69e5-760c-4b40-a424-fc77673779df@group-AFFE1363742F-LeaderElection42] INFO  impl.LeaderElection (LeaderElection.java:logAndReturn(56)) - a85e69e5-760c-4b40-a424-fc77673779df@group-AFFE1363742F-LeaderElection42: Election REJECTED; received 0 response(s) [] and 2 exception(s); a85e69e5-760c-4b40-a424-fc77673779df@group-AFFE1363742F:t23, leader=null, voted=a85e69e5-760c-4b40-a424-fc77673779df, raftlog=a85e69e5-760c-4b40-a424-fc77673779df@group-AFFE1363742F-SegmentedRaftLog:OPENED:c28,f28,i28, conf=0: [163c5688-ede5-44ab-b3bd-c5a10f730980:192.168.69.104:45225, a85e69e5-760c-4b40-a424-fc77673779df:192.168.69.104:37941, 73edb6ac-4c26-463f-ad6d-00f88e6dbd58:192.168.69.104:35488], old=null
2019-10-16 05:41:48,662 [a85e69e5-760c-4b40-a424-fc77673779df@group-AFFE1363742F-LeaderElection42] INFO  impl.LeaderElection (LogUtils.java:infoOrTrace(149)) -   Exception 0: {}
java.util.concurrent.ExecutionException: org.apache.ratis.thirdparty.io.grpc.StatusRuntimeException: UNAVAILABLE: io exception
	at java.util.concurrent.FutureTask.report(FutureTask.java:122)
	at java.util.concurrent.FutureTask.get(FutureTask.java:192)
	at org.apache.ratis.server.impl.LeaderElection.waitForResults(LeaderElection.java:259)
	at org.apache.ratis.server.impl.LeaderElection.askForVotes(LeaderElection.java:197)
	at org.apache.ratis.server.impl.LeaderElection.run(LeaderElection.java:133)
	at java.lang.Thread.run(Thread.java:748)
Caused by: org.apache.ratis.thirdparty.io.grpc.StatusRuntimeException: UNAVAILABLE: io exception
	at org.apache.ratis.thirdparty.io.grpc.stub.ClientCalls.toStatusRuntimeException(ClientCalls.java:233)
	at org.apache.ratis.thirdparty.io.grpc.stub.ClientCalls.getUnchecked(ClientCalls.java:214)
	at org.apache.ratis.thirdparty.io.grpc.stub.ClientCalls.blockingUnaryCall(ClientCalls.java:139)
	at org.apache.ratis.proto.grpc.RaftServerProtocolServiceGrpc$RaftServerProtocolServiceBlockingStub.requestVote(RaftServerProtocolServiceGrpc.java:265)
	at org.apache.ratis.grpc.server.GrpcServerProtocolClient.requestVote(GrpcServerProtocolClient.java:99)
	at org.apache.ratis.grpc.server.GrpcService.requestVote(GrpcService.java:204)
	at org.apache.ratis.server.impl.LeaderElection.lambda$submitRequests$1(LeaderElection.java:234)
	at java.util.concurrent.FutureTask.run(FutureTask.java:266)
	at java.util.concurrent.Executors$RunnableAdapter.call(Executors.java:511)
	at java.util.concurrent.FutureTask.run(FutureTask.java:266)
	at java.util.concurrent.ThreadPoolExecutor.runWorker(ThreadPoolExecutor.java:1149)
	at java.util.concurrent.ThreadPoolExecutor$Worker.run(ThreadPoolExecutor.java:624)
	... 1 more
Caused by: org.apache.ratis.thirdparty.io.netty.channel.AbstractChannel$AnnotatedConnectException: Connection refused: /192.168.69.104:45225
	at sun.nio.ch.SocketChannelImpl.checkConnect(Native Method)
	at sun.nio.ch.SocketChannelImpl.finishConnect(SocketChannelImpl.java:717)
	at org.apache.ratis.thirdparty.io.netty.channel.socket.nio.NioSocketChannel.doFinishConnect(NioSocketChannel.java:327)
	at org.apache.ratis.thirdparty.io.netty.channel.nio.AbstractNioChannel$AbstractNioUnsafe.finishConnect(AbstractNioChannel.java:340)
	at org.apache.ratis.thirdparty.io.netty.channel.nio.NioEventLoop.processSelectedKey(NioEventLoop.java:632)
	at org.apache.ratis.thirdparty.io.netty.channel.nio.NioEventLoop.processSelectedKeysOptimized(NioEventLoop.java:579)
	at org.apache.ratis.thirdparty.io.netty.channel.nio.NioEventLoop.processSelectedKeys(NioEventLoop.java:496)
	at org.apache.ratis.thirdparty.io.netty.channel.nio.NioEventLoop.run(NioEventLoop.java:458)
	at org.apache.ratis.thirdparty.io.netty.util.concurrent.SingleThreadEventExecutor$5.run(SingleThreadEventExecutor.java:897)
	at org.apache.ratis.thirdparty.io.netty.util.concurrent.FastThreadLocalRunnable.run(FastThreadLocalRunnable.java:30)
	... 1 more
Caused by: java.net.ConnectException: Connection refused
	... 11 more
2019-10-16 05:41:48,663 [a85e69e5-760c-4b40-a424-fc77673779df@group-AFFE1363742F-LeaderElection42] INFO  impl.LeaderElection (LogUtils.java:infoOrTrace(149)) -   Exception 1: {}
java.util.concurrent.ExecutionException: org.apache.ratis.thirdparty.io.grpc.StatusRuntimeException: UNAVAILABLE: io exception
	at java.util.concurrent.FutureTask.report(FutureTask.java:122)
	at java.util.concurrent.FutureTask.get(FutureTask.java:192)
	at org.apache.ratis.server.impl.LeaderElection.waitForResults(LeaderElection.java:259)
	at org.apache.ratis.server.impl.LeaderElection.askForVotes(LeaderElection.java:197)
	at org.apache.ratis.server.impl.LeaderElection.run(LeaderElection.java:133)
	at java.lang.Thread.run(Thread.java:748)
Caused by: org.apache.ratis.thirdparty.io.grpc.StatusRuntimeException: UNAVAILABLE: io exception
	at org.apache.ratis.thirdparty.io.grpc.stub.ClientCalls.toStatusRuntimeException(ClientCalls.java:233)
	at org.apache.ratis.thirdparty.io.grpc.stub.ClientCalls.getUnchecked(ClientCalls.java:214)
	at org.apache.ratis.thirdparty.io.grpc.stub.ClientCalls.blockingUnaryCall(ClientCalls.java:139)
	at org.apache.ratis.proto.grpc.RaftServerProtocolServiceGrpc$RaftServerProtocolServiceBlockingStub.requestVote(RaftServerProtocolServiceGrpc.java:265)
	at org.apache.ratis.grpc.server.GrpcServerProtocolClient.requestVote(GrpcServerProtocolClient.java:99)
	at org.apache.ratis.grpc.server.GrpcService.requestVote(GrpcService.java:204)
	at org.apache.ratis.server.impl.LeaderElection.lambda$submitRequests$1(LeaderElection.java:234)
	at java.util.concurrent.FutureTask.run(FutureTask.java:266)
	at java.util.concurrent.Executors$RunnableAdapter.call(Executors.java:511)
	at java.util.concurrent.FutureTask.run(FutureTask.java:266)
	at java.util.concurrent.ThreadPoolExecutor.runWorker(ThreadPoolExecutor.java:1149)
	at java.util.concurrent.ThreadPoolExecutor$Worker.run(ThreadPoolExecutor.java:624)
	... 1 more
Caused by: org.apache.ratis.thirdparty.io.netty.channel.AbstractChannel$AnnotatedConnectException: Connection refused: /192.168.69.104:35488
	at sun.nio.ch.SocketChannelImpl.checkConnect(Native Method)
	at sun.nio.ch.SocketChannelImpl.finishConnect(SocketChannelImpl.java:717)
	at org.apache.ratis.thirdparty.io.netty.channel.socket.nio.NioSocketChannel.doFinishConnect(NioSocketChannel.java:327)
	at org.apache.ratis.thirdparty.io.netty.channel.nio.AbstractNioChannel$AbstractNioUnsafe.finishConnect(AbstractNioChannel.java:340)
	at org.apache.ratis.thirdparty.io.netty.channel.nio.NioEventLoop.processSelectedKey(NioEventLoop.java:632)
	at org.apache.ratis.thirdparty.io.netty.channel.nio.NioEventLoop.processSelectedKeysOptimized(NioEventLoop.java:579)
	at org.apache.ratis.thirdparty.io.netty.channel.nio.NioEventLoop.processSelectedKeys(NioEventLoop.java:496)
	at org.apache.ratis.thirdparty.io.netty.channel.nio.NioEventLoop.run(NioEventLoop.java:458)
	at org.apache.ratis.thirdparty.io.netty.util.concurrent.SingleThreadEventExecutor$5.run(SingleThreadEventExecutor.java:897)
	at org.apache.ratis.thirdparty.io.netty.util.concurrent.FastThreadLocalRunnable.run(FastThreadLocalRunnable.java:30)
	... 1 more
Caused by: java.net.ConnectException: Connection refused
	... 11 more
2019-10-16 05:41:48,664 [a85e69e5-760c-4b40-a424-fc77673779df@group-AFFE1363742F-LeaderElection42] INFO  impl.RaftServerImpl (RaftServerImpl.java:setRole(184)) - a85e69e5-760c-4b40-a424-fc77673779df@group-AFFE1363742F: changes role from CANDIDATE to FOLLOWER at term 23 for DISCOVERED_A_NEW_TERM
2019-10-16 05:41:48,664 [a85e69e5-760c-4b40-a424-fc77673779df@group-AFFE1363742F-LeaderElection42] INFO  impl.RoleInfo (RoleInfo.java:shutdownLeaderElection(134)) - a85e69e5-760c-4b40-a424-fc77673779df: shutdown LeaderElection
2019-10-16 05:41:48,665 [a85e69e5-760c-4b40-a424-fc77673779df@group-AFFE1363742F-LeaderElection42] INFO  impl.RoleInfo (RoleInfo.java:updateAndGet(143)) - a85e69e5-760c-4b40-a424-fc77673779df: start FollowerState
2019-10-16 05:41:48,950 [main] WARN  io.KeyOutputStream (KeyOutputStream.java:handleException(274)) - Encountered exception java.io.IOException: Unexpected Storage Container Exception: java.util.concurrent.CompletionException: java.util.concurrent.CompletionException: org.apache.ratis.protocol.RaftRetryFailureException: Failed RaftClientRequest:client-E49425DFE6AB->163c5688-ede5-44ab-b3bd-c5a10f730980@group-AFFE1363742F, cid=56, seq=15*, RW, cmdType: WriteChunk
traceID: "3342e07f57f416ba:3342e07f57f416ba:0:0"
containerID: 4
datanodeUuid: "163c5688-ede5-44ab-b3bd-c5a10f730980"
writeChunk {
  blockID {
    containerID: 4
    localID: 102970455729635331
    blockCommitSequenceId: 27
  }
  chunkData {
    chunkName: "102970455729635331_chunk_4"
    offset: 0
    len: 1048576
    checksumData {
      type: CRC32
      bytesPerChecksum: 1048576
      checksums: "\361\003\002\247"
    }
  }
}
, data.size=1048576 for 10 attempts with RetryLimited(maxAttempts=10, sleepTime=1000ms) on the pipeline Pipeline[ Id: 95272ce7-baeb-427f-b9ae-affe1363742f, Nodes: 163c5688-ede5-44ab-b3bd-c5a10f730980{ip: 192.168.69.104, host: pr-hdds-2312-q6qzp-1535798719, networkLocation: /default-rack, certSerialId: null}73edb6ac-4c26-463f-ad6d-00f88e6dbd58{ip: 192.168.69.104, host: pr-hdds-2312-q6qzp-1535798719, networkLocation: /default-rack, certSerialId: null}a85e69e5-760c-4b40-a424-fc77673779df{ip: 192.168.69.104, host: pr-hdds-2312-q6qzp-1535798719, networkLocation: /default-rack, certSerialId: null}, Type:RATIS, Factor:THREE, State:OPEN]. The last committed block length is 2097152, uncommitted data length is 2097152 retry count 0
2019-10-16 05:41:49,704 [Thread-1241] INFO  impl.FollowerState (FollowerState.java:run(108)) - a85e69e5-760c-4b40-a424-fc77673779df@group-AFFE1363742F-FollowerState: change to CANDIDATE, lastRpcTime:1039ms, electionTimeout:1039ms
2019-10-16 05:41:49,704 [Thread-1241] INFO  impl.RoleInfo (RoleInfo.java:shutdownFollowerState(121)) - a85e69e5-760c-4b40-a424-fc77673779df: shutdown FollowerState
2019-10-16 05:41:49,705 [Thread-1241] INFO  impl.RaftServerImpl (RaftServerImpl.java:setRole(184)) - a85e69e5-760c-4b40-a424-fc77673779df@group-AFFE1363742F: changes role from  FOLLOWER to CANDIDATE at term 23 for changeToCandidate
2019-10-16 05:41:49,705 [Thread-1241] INFO  impl.RoleInfo (RoleInfo.java:updateAndGet(143)) - a85e69e5-760c-4b40-a424-fc77673779df: start LeaderElection
2019-10-16 05:41:49,710 [a85e69e5-760c-4b40-a424-fc77673779df@group-AFFE1363742F-LeaderElection43] INFO  impl.LeaderElection (LeaderElection.java:askForVotes(178)) - a85e69e5-760c-4b40-a424-fc77673779df@group-AFFE1363742F-LeaderElection43: begin an election at term 24 for 0: [163c5688-ede5-44ab-b3bd-c5a10f730980:192.168.69.104:45225, a85e69e5-760c-4b40-a424-fc77673779df:192.168.69.104:37941, 73edb6ac-4c26-463f-ad6d-00f88e6dbd58:192.168.69.104:35488], old=null
2019-10-16 05:41:49,712 [a85e69e5-760c-4b40-a424-fc77673779df@group-AFFE1363742F-LeaderElection43] INFO  impl.LeaderElection (LogUtils.java:infoOrTrace(149)) - a85e69e5-760c-4b40-a424-fc77673779df@group-AFFE1363742F-LeaderElection43 got exception when requesting votes: {}
java.util.concurrent.ExecutionException: org.apache.ratis.thirdparty.io.grpc.StatusRuntimeException: UNAVAILABLE: io exception
	at java.util.concurrent.FutureTask.report(FutureTask.java:122)
	at java.util.concurrent.FutureTask.get(FutureTask.java:192)
	at org.apache.ratis.server.impl.LeaderElection.waitForResults(LeaderElection.java:259)
	at org.apache.ratis.server.impl.LeaderElection.askForVotes(LeaderElection.java:197)
	at org.apache.ratis.server.impl.LeaderElection.run(LeaderElection.java:133)
	at java.lang.Thread.run(Thread.java:748)
Caused by: org.apache.ratis.thirdparty.io.grpc.StatusRuntimeException: UNAVAILABLE: io exception
	at org.apache.ratis.thirdparty.io.grpc.stub.ClientCalls.toStatusRuntimeException(ClientCalls.java:233)
	at org.apache.ratis.thirdparty.io.grpc.stub.ClientCalls.getUnchecked(ClientCalls.java:214)
	at org.apache.ratis.thirdparty.io.grpc.stub.ClientCalls.blockingUnaryCall(ClientCalls.java:139)
	at org.apache.ratis.proto.grpc.RaftServerProtocolServiceGrpc$RaftServerProtocolServiceBlockingStub.requestVote(RaftServerProtocolServiceGrpc.java:265)
	at org.apache.ratis.grpc.server.GrpcServerProtocolClient.requestVote(GrpcServerProtocolClient.java:99)
	at org.apache.ratis.grpc.server.GrpcService.requestVote(GrpcService.java:204)
	at org.apache.ratis.server.impl.LeaderElection.lambda$submitRequests$1(LeaderElection.java:234)
	at java.util.concurrent.FutureTask.run(FutureTask.java:266)
	at java.util.concurrent.Executors$RunnableAdapter.call(Executors.java:511)
	at java.util.concurrent.FutureTask.run(FutureTask.java:266)
	at java.util.concurrent.ThreadPoolExecutor.runWorker(ThreadPoolExecutor.java:1149)
	at java.util.concurrent.ThreadPoolExecutor$Worker.run(ThreadPoolExecutor.java:624)
	... 1 more
Caused by: org.apache.ratis.thirdparty.io.netty.channel.AbstractChannel$AnnotatedConnectException: Connection refused: /192.168.69.104:45225
	at sun.nio.ch.SocketChannelImpl.checkConnect(Native Method)
	at sun.nio.ch.SocketChannelImpl.finishConnect(SocketChannelImpl.java:717)
	at org.apache.ratis.thirdparty.io.netty.channel.socket.nio.NioSocketChannel.doFinishConnect(NioSocketChannel.java:327)
	at org.apache.ratis.thirdparty.io.netty.channel.nio.AbstractNioChannel$AbstractNioUnsafe.finishConnect(AbstractNioChannel.java:340)
	at org.apache.ratis.thirdparty.io.netty.channel.nio.NioEventLoop.processSelectedKey(NioEventLoop.java:632)
	at org.apache.ratis.thirdparty.io.netty.channel.nio.NioEventLoop.processSelectedKeysOptimized(NioEventLoop.java:579)
	at org.apache.ratis.thirdparty.io.netty.channel.nio.NioEventLoop.processSelectedKeys(NioEventLoop.java:496)
	at org.apache.ratis.thirdparty.io.netty.channel.nio.NioEventLoop.run(NioEventLoop.java:458)
	at org.apache.ratis.thirdparty.io.netty.util.concurrent.SingleThreadEventExecutor$5.run(SingleThreadEventExecutor.java:897)
	at org.apache.ratis.thirdparty.io.netty.util.concurrent.FastThreadLocalRunnable.run(FastThreadLocalRunnable.java:30)
	... 1 more
Caused by: java.net.ConnectException: Connection refused
	... 11 more
2019-10-16 05:41:49,715 [a85e69e5-760c-4b40-a424-fc77673779df@group-AFFE1363742F-LeaderElection43] INFO  impl.LeaderElection (LogUtils.java:infoOrTrace(149)) - a85e69e5-760c-4b40-a424-fc77673779df@group-AFFE1363742F-LeaderElection43 got exception when requesting votes: {}
java.util.concurrent.ExecutionException: org.apache.ratis.thirdparty.io.grpc.StatusRuntimeException: UNAVAILABLE: io exception
	at java.util.concurrent.FutureTask.report(FutureTask.java:122)
	at java.util.concurrent.FutureTask.get(FutureTask.java:192)
	at org.apache.ratis.server.impl.LeaderElection.waitForResults(LeaderElection.java:259)
	at org.apache.ratis.server.impl.LeaderElection.askForVotes(LeaderElection.java:197)
	at org.apache.ratis.server.impl.LeaderElection.run(LeaderElection.java:133)
	at java.lang.Thread.run(Thread.java:748)
Caused by: org.apache.ratis.thirdparty.io.grpc.StatusRuntimeException: UNAVAILABLE: io exception
	at org.apache.ratis.thirdparty.io.grpc.stub.ClientCalls.toStatusRuntimeException(ClientCalls.java:233)
	at org.apache.ratis.thirdparty.io.grpc.stub.ClientCalls.getUnchecked(ClientCalls.java:214)
	at org.apache.ratis.thirdparty.io.grpc.stub.ClientCalls.blockingUnaryCall(ClientCalls.java:139)
	at org.apache.ratis.proto.grpc.RaftServerProtocolServiceGrpc$RaftServerProtocolServiceBlockingStub.requestVote(RaftServerProtocolServiceGrpc.java:265)
	at org.apache.ratis.grpc.server.GrpcServerProtocolClient.requestVote(GrpcServerProtocolClient.java:99)
	at org.apache.ratis.grpc.server.GrpcService.requestVote(GrpcService.java:204)
	at org.apache.ratis.server.impl.LeaderElection.lambda$submitRequests$1(LeaderElection.java:234)
	at java.util.concurrent.FutureTask.run(FutureTask.java:266)
	at java.util.concurrent.Executors$RunnableAdapter.call(Executors.java:511)
	at java.util.concurrent.FutureTask.run(FutureTask.java:266)
	at java.util.concurrent.ThreadPoolExecutor.runWorker(ThreadPoolExecutor.java:1149)
	at java.util.concurrent.ThreadPoolExecutor$Worker.run(ThreadPoolExecutor.java:624)
	... 1 more
Caused by: org.apache.ratis.thirdparty.io.netty.channel.AbstractChannel$AnnotatedConnectException: Connection refused: /192.168.69.104:35488
	at sun.nio.ch.SocketChannelImpl.checkConnect(Native Method)
	at sun.nio.ch.SocketChannelImpl.finishConnect(SocketChannelImpl.java:717)
	at org.apache.ratis.thirdparty.io.netty.channel.socket.nio.NioSocketChannel.doFinishConnect(NioSocketChannel.java:327)
	at org.apache.ratis.thirdparty.io.netty.channel.nio.AbstractNioChannel$AbstractNioUnsafe.finishConnect(AbstractNioChannel.java:340)
	at org.apache.ratis.thirdparty.io.netty.channel.nio.NioEventLoop.processSelectedKey(NioEventLoop.java:632)
	at org.apache.ratis.thirdparty.io.netty.channel.nio.NioEventLoop.processSelectedKeysOptimized(NioEventLoop.java:579)
	at org.apache.ratis.thirdparty.io.netty.channel.nio.NioEventLoop.processSelectedKeys(NioEventLoop.java:496)
	at org.apache.ratis.thirdparty.io.netty.channel.nio.NioEventLoop.run(NioEventLoop.java:458)
	at org.apache.ratis.thirdparty.io.netty.util.concurrent.SingleThreadEventExecutor$5.run(SingleThreadEventExecutor.java:897)
	at org.apache.ratis.thirdparty.io.netty.util.concurrent.FastThreadLocalRunnable.run(FastThreadLocalRunnable.java:30)
	... 1 more
Caused by: java.net.ConnectException: Connection refused
	... 11 more
2019-10-16 05:41:49,718 [a85e69e5-760c-4b40-a424-fc77673779df@group-AFFE1363742F-LeaderElection43] INFO  impl.LeaderElection (LeaderElection.java:logAndReturn(56)) - a85e69e5-760c-4b40-a424-fc77673779df@group-AFFE1363742F-LeaderElection43: Election REJECTED; received 0 response(s) [] and 2 exception(s); a85e69e5-760c-4b40-a424-fc77673779df@group-AFFE1363742F:t24, leader=null, voted=a85e69e5-760c-4b40-a424-fc77673779df, raftlog=a85e69e5-760c-4b40-a424-fc77673779df@group-AFFE1363742F-SegmentedRaftLog:OPENED:c28,f28,i28, conf=0: [163c5688-ede5-44ab-b3bd-c5a10f730980:192.168.69.104:45225, a85e69e5-760c-4b40-a424-fc77673779df:192.168.69.104:37941, 73edb6ac-4c26-463f-ad6d-00f88e6dbd58:192.168.69.104:35488], old=null
2019-10-16 05:41:49,718 [a85e69e5-760c-4b40-a424-fc77673779df@group-AFFE1363742F-LeaderElection43] INFO  impl.LeaderElection (LogUtils.java:infoOrTrace(149)) -   Exception 0: {}
java.util.concurrent.ExecutionException: org.apache.ratis.thirdparty.io.grpc.StatusRuntimeException: UNAVAILABLE: io exception
	at java.util.concurrent.FutureTask.report(FutureTask.java:122)
	at java.util.concurrent.FutureTask.get(FutureTask.java:192)
	at org.apache.ratis.server.impl.LeaderElection.waitForResults(LeaderElection.java:259)
	at org.apache.ratis.server.impl.LeaderElection.askForVotes(LeaderElection.java:197)
	at org.apache.ratis.server.impl.LeaderElection.run(LeaderElection.java:133)
	at java.lang.Thread.run(Thread.java:748)
Caused by: org.apache.ratis.thirdparty.io.grpc.StatusRuntimeException: UNAVAILABLE: io exception
	at org.apache.ratis.thirdparty.io.grpc.stub.ClientCalls.toStatusRuntimeException(ClientCalls.java:233)
	at org.apache.ratis.thirdparty.io.grpc.stub.ClientCalls.getUnchecked(ClientCalls.java:214)
	at org.apache.ratis.thirdparty.io.grpc.stub.ClientCalls.blockingUnaryCall(ClientCalls.java:139)
	at org.apache.ratis.proto.grpc.RaftServerProtocolServiceGrpc$RaftServerProtocolServiceBlockingStub.requestVote(RaftServerProtocolServiceGrpc.java:265)
	at org.apache.ratis.grpc.server.GrpcServerProtocolClient.requestVote(GrpcServerProtocolClient.java:99)
	at org.apache.ratis.grpc.server.GrpcService.requestVote(GrpcService.java:204)
	at org.apache.ratis.server.impl.LeaderElection.lambda$submitRequests$1(LeaderElection.java:234)
	at java.util.concurrent.FutureTask.run(FutureTask.java:266)
	at java.util.concurrent.Executors$RunnableAdapter.call(Executors.java:511)
	at java.util.concurrent.FutureTask.run(FutureTask.java:266)
	at java.util.concurrent.ThreadPoolExecutor.runWorker(ThreadPoolExecutor.java:1149)
	at java.util.concurrent.ThreadPoolExecutor$Worker.run(ThreadPoolExecutor.java:624)
	... 1 more
Caused by: org.apache.ratis.thirdparty.io.netty.channel.AbstractChannel$AnnotatedConnectException: Connection refused: /192.168.69.104:45225
	at sun.nio.ch.SocketChannelImpl.checkConnect(Native Method)
	at sun.nio.ch.SocketChannelImpl.finishConnect(SocketChannelImpl.java:717)
	at org.apache.ratis.thirdparty.io.netty.channel.socket.nio.NioSocketChannel.doFinishConnect(NioSocketChannel.java:327)
	at org.apache.ratis.thirdparty.io.netty.channel.nio.AbstractNioChannel$AbstractNioUnsafe.finishConnect(AbstractNioChannel.java:340)
	at org.apache.ratis.thirdparty.io.netty.channel.nio.NioEventLoop.processSelectedKey(NioEventLoop.java:632)
	at org.apache.ratis.thirdparty.io.netty.channel.nio.NioEventLoop.processSelectedKeysOptimized(NioEventLoop.java:579)
	at org.apache.ratis.thirdparty.io.netty.channel.nio.NioEventLoop.processSelectedKeys(NioEventLoop.java:496)
	at org.apache.ratis.thirdparty.io.netty.channel.nio.NioEventLoop.run(NioEventLoop.java:458)
	at org.apache.ratis.thirdparty.io.netty.util.concurrent.SingleThreadEventExecutor$5.run(SingleThreadEventExecutor.java:897)
	at org.apache.ratis.thirdparty.io.netty.util.concurrent.FastThreadLocalRunnable.run(FastThreadLocalRunnable.java:30)
	... 1 more
Caused by: java.net.ConnectException: Connection refused
	... 11 more
2019-10-16 05:41:49,718 [a85e69e5-760c-4b40-a424-fc77673779df@group-AFFE1363742F-LeaderElection43] INFO  impl.LeaderElection (LogUtils.java:infoOrTrace(149)) -   Exception 1: {}
java.util.concurrent.ExecutionException: org.apache.ratis.thirdparty.io.grpc.StatusRuntimeException: UNAVAILABLE: io exception
	at java.util.concurrent.FutureTask.report(FutureTask.java:122)
	at java.util.concurrent.FutureTask.get(FutureTask.java:192)
	at org.apache.ratis.server.impl.LeaderElection.waitForResults(LeaderElection.java:259)
	at org.apache.ratis.server.impl.LeaderElection.askForVotes(LeaderElection.java:197)
	at org.apache.ratis.server.impl.LeaderElection.run(LeaderElection.java:133)
	at java.lang.Thread.run(Thread.java:748)
Caused by: org.apache.ratis.thirdparty.io.grpc.StatusRuntimeException: UNAVAILABLE: io exception
	at org.apache.ratis.thirdparty.io.grpc.stub.ClientCalls.toStatusRuntimeException(ClientCalls.java:233)
	at org.apache.ratis.thirdparty.io.grpc.stub.ClientCalls.getUnchecked(ClientCalls.java:214)
	at org.apache.ratis.thirdparty.io.grpc.stub.ClientCalls.blockingUnaryCall(ClientCalls.java:139)
	at org.apache.ratis.proto.grpc.RaftServerProtocolServiceGrpc$RaftServerProtocolServiceBlockingStub.requestVote(RaftServerProtocolServiceGrpc.java:265)
	at org.apache.ratis.grpc.server.GrpcServerProtocolClient.requestVote(GrpcServerProtocolClient.java:99)
	at org.apache.ratis.grpc.server.GrpcService.requestVote(GrpcService.java:204)
	at org.apache.ratis.server.impl.LeaderElection.lambda$submitRequests$1(LeaderElection.java:234)
	at java.util.concurrent.FutureTask.run(FutureTask.java:266)
	at java.util.concurrent.Executors$RunnableAdapter.call(Executors.java:511)
	at java.util.concurrent.FutureTask.run(FutureTask.java:266)
	at java.util.concurrent.ThreadPoolExecutor.runWorker(ThreadPoolExecutor.java:1149)
	at java.util.concurrent.ThreadPoolExecutor$Worker.run(ThreadPoolExecutor.java:624)
	... 1 more
Caused by: org.apache.ratis.thirdparty.io.netty.channel.AbstractChannel$AnnotatedConnectException: Connection refused: /192.168.69.104:35488
	at sun.nio.ch.SocketChannelImpl.checkConnect(Native Method)
	at sun.nio.ch.SocketChannelImpl.finishConnect(SocketChannelImpl.java:717)
	at org.apache.ratis.thirdparty.io.netty.channel.socket.nio.NioSocketChannel.doFinishConnect(NioSocketChannel.java:327)
	at org.apache.ratis.thirdparty.io.netty.channel.nio.AbstractNioChannel$AbstractNioUnsafe.finishConnect(AbstractNioChannel.java:340)
	at org.apache.ratis.thirdparty.io.netty.channel.nio.NioEventLoop.processSelectedKey(NioEventLoop.java:632)
	at org.apache.ratis.thirdparty.io.netty.channel.nio.NioEventLoop.processSelectedKeysOptimized(NioEventLoop.java:579)
	at org.apache.ratis.thirdparty.io.netty.channel.nio.NioEventLoop.processSelectedKeys(NioEventLoop.java:496)
	at org.apache.ratis.thirdparty.io.netty.channel.nio.NioEventLoop.run(NioEventLoop.java:458)
	at org.apache.ratis.thirdparty.io.netty.util.concurrent.SingleThreadEventExecutor$5.run(SingleThreadEventExecutor.java:897)
	at org.apache.ratis.thirdparty.io.netty.util.concurrent.FastThreadLocalRunnable.run(FastThreadLocalRunnable.java:30)
	... 1 more
Caused by: java.net.ConnectException: Connection refused
	... 11 more
2019-10-16 05:41:49,719 [a85e69e5-760c-4b40-a424-fc77673779df@group-AFFE1363742F-LeaderElection43] INFO  impl.RaftServerImpl (RaftServerImpl.java:setRole(184)) - a85e69e5-760c-4b40-a424-fc77673779df@group-AFFE1363742F: changes role from CANDIDATE to FOLLOWER at term 24 for DISCOVERED_A_NEW_TERM
2019-10-16 05:41:49,719 [a85e69e5-760c-4b40-a424-fc77673779df@group-AFFE1363742F-LeaderElection43] INFO  impl.RoleInfo (RoleInfo.java:shutdownLeaderElection(134)) - a85e69e5-760c-4b40-a424-fc77673779df: shutdown LeaderElection
2019-10-16 05:41:49,719 [a85e69e5-760c-4b40-a424-fc77673779df@group-AFFE1363742F-LeaderElection43] INFO  impl.RoleInfo (RoleInfo.java:updateAndGet(143)) - a85e69e5-760c-4b40-a424-fc77673779df: start FollowerState
2019-10-16 05:41:49,794 [IPC Server handler 7 on 40478] ERROR lock.LockManager (LockManager.java:getLockForReleasing(218)) - Trying to release the lock on /datanodefailurehandlingtest/datanodefailurehandlingtest, which was never acquired.
2019-10-16 05:41:49,794 [IPC Server handler 7 on 40478] WARN  ipc.Server (Server.java:logException(2724)) - IPC Server handler 7 on 40478, call Call#461 Retry#0 org.apache.hadoop.ozone.om.protocol.OzoneManagerProtocol.submitRequest from 127.0.0.1:42116
java.lang.IllegalMonitorStateException: Releasing lock on resource /datanodefailurehandlingtest/datanodefailurehandlingtest without acquiring lock
	at org.apache.hadoop.ozone.lock.LockManager.getLockForReleasing(LockManager.java:220)
	at org.apache.hadoop.ozone.lock.LockManager.release(LockManager.java:168)
	at org.apache.hadoop.ozone.lock.LockManager.writeUnlock(LockManager.java:148)
	at org.apache.hadoop.ozone.om.lock.OzoneManagerLock.unlock(OzoneManagerLock.java:364)
	at org.apache.hadoop.ozone.om.lock.OzoneManagerLock.releaseWriteLock(OzoneManagerLock.java:329)
	at org.apache.hadoop.ozone.om.request.key.OMKeyCommitRequest.validateAndUpdateCache(OMKeyCommitRequest.java:177)
	at org.apache.hadoop.ozone.protocolPB.OzoneManagerProtocolServerSideTranslatorPB.submitRequestDirectlyToOM(OzoneManagerProtocolServerSideTranslatorPB.java:219)
	at org.apache.hadoop.ozone.protocolPB.OzoneManagerProtocolServerSideTranslatorPB.processRequest(OzoneManagerProtocolServerSideTranslatorPB.java:134)
	at org.apache.hadoop.hdds.server.OzoneProtocolMessageDispatcher.processRequest(OzoneProtocolMessageDispatcher.java:72)
	at org.apache.hadoop.ozone.protocolPB.OzoneManagerProtocolServerSideTranslatorPB.submitRequest(OzoneManagerProtocolServerSideTranslatorPB.java:100)
	at org.apache.hadoop.ozone.protocol.proto.OzoneManagerProtocolProtos$OzoneManagerService$2.callBlockingMethod(OzoneManagerProtocolProtos.java)
	at org.apache.hadoop.ipc.ProtobufRpcEngine$Server$ProtoBufRpcInvoker.call(ProtobufRpcEngine.java:524)
	at org.apache.hadoop.ipc.RPC$Server.call(RPC.java:1025)
	at org.apache.hadoop.ipc.Server$RpcCall.run(Server.java:876)
	at org.apache.hadoop.ipc.Server$RpcCall.run(Server.java:822)
	at java.security.AccessController.doPrivileged(Native Method)
	at javax.security.auth.Subject.doAs(Subject.java:422)
	at org.apache.hadoop.security.UserGroupInformation.doAs(UserGroupInformation.java:1730)
	at org.apache.hadoop.ipc.Server$Handler.run(Server.java:2682)
2019-10-16 05:41:49,801 [main] INFO  retry.RetryInvocationHandler (RetryInvocationHandler.java:log(411)) - com.google.protobuf.ServiceException: org.apache.hadoop.ipc.RemoteException(java.lang.IllegalMonitorStateException): Releasing lock on resource /datanodefailurehandlingtest/datanodefailurehandlingtest without acquiring lock
	at org.apache.hadoop.ozone.lock.LockManager.getLockForReleasing(LockManager.java:220)
	at org.apache.hadoop.ozone.lock.LockManager.release(LockManager.java:168)
	at org.apache.hadoop.ozone.lock.LockManager.writeUnlock(LockManager.java:148)
	at org.apache.hadoop.ozone.om.lock.OzoneManagerLock.unlock(OzoneManagerLock.java:364)
	at org.apache.hadoop.ozone.om.lock.OzoneManagerLock.releaseWriteLock(OzoneManagerLock.java:329)
	at org.apache.hadoop.ozone.om.request.key.OMKeyCommitRequest.validateAndUpdateCache(OMKeyCommitRequest.java:177)
	at org.apache.hadoop.ozone.protocolPB.OzoneManagerProtocolServerSideTranslatorPB.submitRequestDirectlyToOM(OzoneManagerProtocolServerSideTranslatorPB.java:219)
	at org.apache.hadoop.ozone.protocolPB.OzoneManagerProtocolServerSideTranslatorPB.processRequest(OzoneManagerProtocolServerSideTranslatorPB.java:134)
	at org.apache.hadoop.hdds.server.OzoneProtocolMessageDispatcher.processRequest(OzoneProtocolMessageDispatcher.java:72)
	at org.apache.hadoop.ozone.protocolPB.OzoneManagerProtocolServerSideTranslatorPB.submitRequest(OzoneManagerProtocolServerSideTranslatorPB.java:100)
	at org.apache.hadoop.ozone.protocol.proto.OzoneManagerProtocolProtos$OzoneManagerService$2.callBlockingMethod(OzoneManagerProtocolProtos.java)
	at org.apache.hadoop.ipc.ProtobufRpcEngine$Server$ProtoBufRpcInvoker.call(ProtobufRpcEngine.java:524)
	at org.apache.hadoop.ipc.RPC$Server.call(RPC.java:1025)
	at org.apache.hadoop.ipc.Server$RpcCall.run(Server.java:876)
	at org.apache.hadoop.ipc.Server$RpcCall.run(Server.java:822)
	at java.security.AccessController.doPrivileged(Native Method)
	at javax.security.auth.Subject.doAs(Subject.java:422)
	at org.apache.hadoop.security.UserGroupInformation.doAs(UserGroupInformation.java:1730)
	at org.apache.hadoop.ipc.Server$Handler.run(Server.java:2682)
, while invoking $Proxy35.submitRequest over nodeId=null,nodeAddress=localhost:40478. Trying to failover immediately.
2019-10-16 05:41:49,810 [IPC Server handler 11 on 40478] ERROR lock.LockManager (LockManager.java:getLockForReleasing(218)) - Trying to release the lock on /datanodefailurehandlingtest/datanodefailurehandlingtest, which was never acquired.
2019-10-16 05:41:49,811 [IPC Server handler 11 on 40478] WARN  ipc.Server (Server.java:logException(2724)) - IPC Server handler 11 on 40478, call Call#461 Retry#1 org.apache.hadoop.ozone.om.protocol.OzoneManagerProtocol.submitRequest from 127.0.0.1:42116
java.lang.IllegalMonitorStateException: Releasing lock on resource /datanodefailurehandlingtest/datanodefailurehandlingtest without acquiring lock
	at org.apache.hadoop.ozone.lock.LockManager.getLockForReleasing(LockManager.java:220)
	at org.apache.hadoop.ozone.lock.LockManager.release(LockManager.java:168)
	at org.apache.hadoop.ozone.lock.LockManager.writeUnlock(LockManager.java:148)
	at org.apache.hadoop.ozone.om.lock.OzoneManagerLock.unlock(OzoneManagerLock.java:364)
	at org.apache.hadoop.ozone.om.lock.OzoneManagerLock.releaseWriteLock(OzoneManagerLock.java:329)
	at org.apache.hadoop.ozone.om.request.key.OMKeyCommitRequest.validateAndUpdateCache(OMKeyCommitRequest.java:177)
	at org.apache.hadoop.ozone.protocolPB.OzoneManagerProtocolServerSideTranslatorPB.submitRequestDirectlyToOM(OzoneManagerProtocolServerSideTranslatorPB.java:219)
	at org.apache.hadoop.ozone.protocolPB.OzoneManagerProtocolServerSideTranslatorPB.processRequest(OzoneManagerProtocolServerSideTranslatorPB.java:134)
	at org.apache.hadoop.hdds.server.OzoneProtocolMessageDispatcher.processRequest(OzoneProtocolMessageDispatcher.java:72)
	at org.apache.hadoop.ozone.protocolPB.OzoneManagerProtocolServerSideTranslatorPB.submitRequest(OzoneManagerProtocolServerSideTranslatorPB.java:100)
	at org.apache.hadoop.ozone.protocol.proto.OzoneManagerProtocolProtos$OzoneManagerService$2.callBlockingMethod(OzoneManagerProtocolProtos.java)
	at org.apache.hadoop.ipc.ProtobufRpcEngine$Server$ProtoBufRpcInvoker.call(ProtobufRpcEngine.java:524)
	at org.apache.hadoop.ipc.RPC$Server.call(RPC.java:1025)
	at org.apache.hadoop.ipc.Server$RpcCall.run(Server.java:876)
	at org.apache.hadoop.ipc.Server$RpcCall.run(Server.java:822)
	at java.security.AccessController.doPrivileged(Native Method)
	at javax.security.auth.Subject.doAs(Subject.java:422)
	at org.apache.hadoop.security.UserGroupInformation.doAs(UserGroupInformation.java:1730)
	at org.apache.hadoop.ipc.Server$Handler.run(Server.java:2682)
2019-10-16 05:41:49,814 [main] INFO  retry.RetryInvocationHandler (RetryInvocationHandler.java:log(411)) - com.google.protobuf.ServiceException: org.apache.hadoop.ipc.RemoteException(java.lang.IllegalMonitorStateException): Releasing lock on resource /datanodefailurehandlingtest/datanodefailurehandlingtest without acquiring lock
	at org.apache.hadoop.ozone.lock.LockManager.getLockForReleasing(LockManager.java:220)
	at org.apache.hadoop.ozone.lock.LockManager.release(LockManager.java:168)
	at org.apache.hadoop.ozone.lock.LockManager.writeUnlock(LockManager.java:148)
	at org.apache.hadoop.ozone.om.lock.OzoneManagerLock.unlock(OzoneManagerLock.java:364)
	at org.apache.hadoop.ozone.om.lock.OzoneManagerLock.releaseWriteLock(OzoneManagerLock.java:329)
	at org.apache.hadoop.ozone.om.request.key.OMKeyCommitRequest.validateAndUpdateCache(OMKeyCommitRequest.java:177)
	at org.apache.hadoop.ozone.protocolPB.OzoneManagerProtocolServerSideTranslatorPB.submitRequestDirectlyToOM(OzoneManagerProtocolServerSideTranslatorPB.java:219)
	at org.apache.hadoop.ozone.protocolPB.OzoneManagerProtocolServerSideTranslatorPB.processRequest(OzoneManagerProtocolServerSideTranslatorPB.java:134)
	at org.apache.hadoop.hdds.server.OzoneProtocolMessageDispatcher.processRequest(OzoneProtocolMessageDispatcher.java:72)
	at org.apache.hadoop.ozone.protocolPB.OzoneManagerProtocolServerSideTranslatorPB.submitRequest(OzoneManagerProtocolServerSideTranslatorPB.java:100)
	at org.apache.hadoop.ozone.protocol.proto.OzoneManagerProtocolProtos$OzoneManagerService$2.callBlockingMethod(OzoneManagerProtocolProtos.java)
	at org.apache.hadoop.ipc.ProtobufRpcEngine$Server$ProtoBufRpcInvoker.call(ProtobufRpcEngine.java:524)
	at org.apache.hadoop.ipc.RPC$Server.call(RPC.java:1025)
	at org.apache.hadoop.ipc.Server$RpcCall.run(Server.java:876)
	at org.apache.hadoop.ipc.Server$RpcCall.run(Server.java:822)
	at java.security.AccessController.doPrivileged(Native Method)
	at javax.security.auth.Subject.doAs(Subject.java:422)
	at org.apache.hadoop.security.UserGroupInformation.doAs(UserGroupInformation.java:1730)
	at org.apache.hadoop.ipc.Server$Handler.run(Server.java:2682)
, while invoking $Proxy35.submitRequest over nodeId=null,nodeAddress=localhost:40478 after 1 failover attempts. Trying to failover immediately.
2019-10-16 05:41:49,820 [IPC Server handler 9 on 40478] ERROR lock.LockManager (LockManager.java:getLockForReleasing(218)) - Trying to release the lock on /datanodefailurehandlingtest/datanodefailurehandlingtest, which was never acquired.
2019-10-16 05:41:49,820 [IPC Server handler 9 on 40478] WARN  ipc.Server (Server.java:logException(2724)) - IPC Server handler 9 on 40478, call Call#461 Retry#2 org.apache.hadoop.ozone.om.protocol.OzoneManagerProtocol.submitRequest from 127.0.0.1:42116
java.lang.IllegalMonitorStateException: Releasing lock on resource /datanodefailurehandlingtest/datanodefailurehandlingtest without acquiring lock
	at org.apache.hadoop.ozone.lock.LockManager.getLockForReleasing(LockManager.java:220)
	at org.apache.hadoop.ozone.lock.LockManager.release(LockManager.java:168)
	at org.apache.hadoop.ozone.lock.LockManager.writeUnlock(LockManager.java:148)
	at org.apache.hadoop.ozone.om.lock.OzoneManagerLock.unlock(OzoneManagerLock.java:364)
	at org.apache.hadoop.ozone.om.lock.OzoneManagerLock.releaseWriteLock(OzoneManagerLock.java:329)
	at org.apache.hadoop.ozone.om.request.key.OMKeyCommitRequest.validateAndUpdateCache(OMKeyCommitRequest.java:177)
	at org.apache.hadoop.ozone.protocolPB.OzoneManagerProtocolServerSideTranslatorPB.submitRequestDirectlyToOM(OzoneManagerProtocolServerSideTranslatorPB.java:219)
	at org.apache.hadoop.ozone.protocolPB.OzoneManagerProtocolServerSideTranslatorPB.processRequest(OzoneManagerProtocolServerSideTranslatorPB.java:134)
	at org.apache.hadoop.hdds.server.OzoneProtocolMessageDispatcher.processRequest(OzoneProtocolMessageDispatcher.java:72)
	at org.apache.hadoop.ozone.protocolPB.OzoneManagerProtocolServerSideTranslatorPB.submitRequest(OzoneManagerProtocolServerSideTranslatorPB.java:100)
	at org.apache.hadoop.ozone.protocol.proto.OzoneManagerProtocolProtos$OzoneManagerService$2.callBlockingMethod(OzoneManagerProtocolProtos.java)
	at org.apache.hadoop.ipc.ProtobufRpcEngine$Server$ProtoBufRpcInvoker.call(ProtobufRpcEngine.java:524)
	at org.apache.hadoop.ipc.RPC$Server.call(RPC.java:1025)
	at org.apache.hadoop.ipc.Server$RpcCall.run(Server.java:876)
	at org.apache.hadoop.ipc.Server$RpcCall.run(Server.java:822)
	at java.security.AccessController.doPrivileged(Native Method)
	at javax.security.auth.Subject.doAs(Subject.java:422)
	at org.apache.hadoop.security.UserGroupInformation.doAs(UserGroupInformation.java:1730)
	at org.apache.hadoop.ipc.Server$Handler.run(Server.java:2682)
2019-10-16 05:41:49,823 [main] INFO  retry.RetryInvocationHandler (RetryInvocationHandler.java:log(411)) - com.google.protobuf.ServiceException: org.apache.hadoop.ipc.RemoteException(java.lang.IllegalMonitorStateException): Releasing lock on resource /datanodefailurehandlingtest/datanodefailurehandlingtest without acquiring lock
	at org.apache.hadoop.ozone.lock.LockManager.getLockForReleasing(LockManager.java:220)
	at org.apache.hadoop.ozone.lock.LockManager.release(LockManager.java:168)
	at org.apache.hadoop.ozone.lock.LockManager.writeUnlock(LockManager.java:148)
	at org.apache.hadoop.ozone.om.lock.OzoneManagerLock.unlock(OzoneManagerLock.java:364)
	at org.apache.hadoop.ozone.om.lock.OzoneManagerLock.releaseWriteLock(OzoneManagerLock.java:329)
	at org.apache.hadoop.ozone.om.request.key.OMKeyCommitRequest.validateAndUpdateCache(OMKeyCommitRequest.java:177)
	at org.apache.hadoop.ozone.protocolPB.OzoneManagerProtocolServerSideTranslatorPB.submitRequestDirectlyToOM(OzoneManagerProtocolServerSideTranslatorPB.java:219)
	at org.apache.hadoop.ozone.protocolPB.OzoneManagerProtocolServerSideTranslatorPB.processRequest(OzoneManagerProtocolServerSideTranslatorPB.java:134)
	at org.apache.hadoop.hdds.server.OzoneProtocolMessageDispatcher.processRequest(OzoneProtocolMessageDispatcher.java:72)
	at org.apache.hadoop.ozone.protocolPB.OzoneManagerProtocolServerSideTranslatorPB.submitRequest(OzoneManagerProtocolServerSideTranslatorPB.java:100)
	at org.apache.hadoop.ozone.protocol.proto.OzoneManagerProtocolProtos$OzoneManagerService$2.callBlockingMethod(OzoneManagerProtocolProtos.java)
	at org.apache.hadoop.ipc.ProtobufRpcEngine$Server$ProtoBufRpcInvoker.call(ProtobufRpcEngine.java:524)
	at org.apache.hadoop.ipc.RPC$Server.call(RPC.java:1025)
	at org.apache.hadoop.ipc.Server$RpcCall.run(Server.java:876)
	at org.apache.hadoop.ipc.Server$RpcCall.run(Server.java:822)
	at java.security.AccessController.doPrivileged(Native Method)
	at javax.security.auth.Subject.doAs(Subject.java:422)
	at org.apache.hadoop.security.UserGroupInformation.doAs(UserGroupInformation.java:1730)
	at org.apache.hadoop.ipc.Server$Handler.run(Server.java:2682)
, while invoking $Proxy35.submitRequest over nodeId=null,nodeAddress=localhost:40478 after 2 failover attempts. Trying to failover immediately.
2019-10-16 05:41:49,829 [IPC Server handler 8 on 40478] ERROR lock.LockManager (LockManager.java:getLockForReleasing(218)) - Trying to release the lock on /datanodefailurehandlingtest/datanodefailurehandlingtest, which was never acquired.
2019-10-16 05:41:49,829 [IPC Server handler 8 on 40478] WARN  ipc.Server (Server.java:logException(2724)) - IPC Server handler 8 on 40478, call Call#461 Retry#3 org.apache.hadoop.ozone.om.protocol.OzoneManagerProtocol.submitRequest from 127.0.0.1:42116
java.lang.IllegalMonitorStateException: Releasing lock on resource /datanodefailurehandlingtest/datanodefailurehandlingtest without acquiring lock
	at org.apache.hadoop.ozone.lock.LockManager.getLockForReleasing(LockManager.java:220)
	at org.apache.hadoop.ozone.lock.LockManager.release(LockManager.java:168)
	at org.apache.hadoop.ozone.lock.LockManager.writeUnlock(LockManager.java:148)
	at org.apache.hadoop.ozone.om.lock.OzoneManagerLock.unlock(OzoneManagerLock.java:364)
	at org.apache.hadoop.ozone.om.lock.OzoneManagerLock.releaseWriteLock(OzoneManagerLock.java:329)
	at org.apache.hadoop.ozone.om.request.key.OMKeyCommitRequest.validateAndUpdateCache(OMKeyCommitRequest.java:177)
	at org.apache.hadoop.ozone.protocolPB.OzoneManagerProtocolServerSideTranslatorPB.submitRequestDirectlyToOM(OzoneManagerProtocolServerSideTranslatorPB.java:219)
	at org.apache.hadoop.ozone.protocolPB.OzoneManagerProtocolServerSideTranslatorPB.processRequest(OzoneManagerProtocolServerSideTranslatorPB.java:134)
	at org.apache.hadoop.hdds.server.OzoneProtocolMessageDispatcher.processRequest(OzoneProtocolMessageDispatcher.java:72)
	at org.apache.hadoop.ozone.protocolPB.OzoneManagerProtocolServerSideTranslatorPB.submitRequest(OzoneManagerProtocolServerSideTranslatorPB.java:100)
	at org.apache.hadoop.ozone.protocol.proto.OzoneManagerProtocolProtos$OzoneManagerService$2.callBlockingMethod(OzoneManagerProtocolProtos.java)
	at org.apache.hadoop.ipc.ProtobufRpcEngine$Server$ProtoBufRpcInvoker.call(ProtobufRpcEngine.java:524)
	at org.apache.hadoop.ipc.RPC$Server.call(RPC.java:1025)
	at org.apache.hadoop.ipc.Server$RpcCall.run(Server.java:876)
	at org.apache.hadoop.ipc.Server$RpcCall.run(Server.java:822)
	at java.security.AccessController.doPrivileged(Native Method)
	at javax.security.auth.Subject.doAs(Subject.java:422)
	at org.apache.hadoop.security.UserGroupInformation.doAs(UserGroupInformation.java:1730)
	at org.apache.hadoop.ipc.Server$Handler.run(Server.java:2682)
2019-10-16 05:41:49,832 [main] INFO  retry.RetryInvocationHandler (RetryInvocationHandler.java:log(411)) - com.google.protobuf.ServiceException: org.apache.hadoop.ipc.RemoteException(java.lang.IllegalMonitorStateException): Releasing lock on resource /datanodefailurehandlingtest/datanodefailurehandlingtest without acquiring lock
	at org.apache.hadoop.ozone.lock.LockManager.getLockForReleasing(LockManager.java:220)
	at org.apache.hadoop.ozone.lock.LockManager.release(LockManager.java:168)
	at org.apache.hadoop.ozone.lock.LockManager.writeUnlock(LockManager.java:148)
	at org.apache.hadoop.ozone.om.lock.OzoneManagerLock.unlock(OzoneManagerLock.java:364)
	at org.apache.hadoop.ozone.om.lock.OzoneManagerLock.releaseWriteLock(OzoneManagerLock.java:329)
	at org.apache.hadoop.ozone.om.request.key.OMKeyCommitRequest.validateAndUpdateCache(OMKeyCommitRequest.java:177)
	at org.apache.hadoop.ozone.protocolPB.OzoneManagerProtocolServerSideTranslatorPB.submitRequestDirectlyToOM(OzoneManagerProtocolServerSideTranslatorPB.java:219)
	at org.apache.hadoop.ozone.protocolPB.OzoneManagerProtocolServerSideTranslatorPB.processRequest(OzoneManagerProtocolServerSideTranslatorPB.java:134)
	at org.apache.hadoop.hdds.server.OzoneProtocolMessageDispatcher.processRequest(OzoneProtocolMessageDispatcher.java:72)
	at org.apache.hadoop.ozone.protocolPB.OzoneManagerProtocolServerSideTranslatorPB.submitRequest(OzoneManagerProtocolServerSideTranslatorPB.java:100)
	at org.apache.hadoop.ozone.protocol.proto.OzoneManagerProtocolProtos$OzoneManagerService$2.callBlockingMethod(OzoneManagerProtocolProtos.java)
	at org.apache.hadoop.ipc.ProtobufRpcEngine$Server$ProtoBufRpcInvoker.call(ProtobufRpcEngine.java:524)
	at org.apache.hadoop.ipc.RPC$Server.call(RPC.java:1025)
	at org.apache.hadoop.ipc.Server$RpcCall.run(Server.java:876)
	at org.apache.hadoop.ipc.Server$RpcCall.run(Server.java:822)
	at java.security.AccessController.doPrivileged(Native Method)
	at javax.security.auth.Subject.doAs(Subject.java:422)
	at org.apache.hadoop.security.UserGroupInformation.doAs(UserGroupInformation.java:1730)
	at org.apache.hadoop.ipc.Server$Handler.run(Server.java:2682)
, while invoking $Proxy35.submitRequest over nodeId=null,nodeAddress=localhost:40478 after 3 failover attempts. Trying to failover immediately.
2019-10-16 05:41:49,837 [IPC Server handler 12 on 40478] ERROR lock.LockManager (LockManager.java:getLockForReleasing(218)) - Trying to release the lock on /datanodefailurehandlingtest/datanodefailurehandlingtest, which was never acquired.
2019-10-16 05:41:49,837 [IPC Server handler 12 on 40478] WARN  ipc.Server (Server.java:logException(2724)) - IPC Server handler 12 on 40478, call Call#461 Retry#4 org.apache.hadoop.ozone.om.protocol.OzoneManagerProtocol.submitRequest from 127.0.0.1:42116
java.lang.IllegalMonitorStateException: Releasing lock on resource /datanodefailurehandlingtest/datanodefailurehandlingtest without acquiring lock
	at org.apache.hadoop.ozone.lock.LockManager.getLockForReleasing(LockManager.java:220)
	at org.apache.hadoop.ozone.lock.LockManager.release(LockManager.java:168)
	at org.apache.hadoop.ozone.lock.LockManager.writeUnlock(LockManager.java:148)
	at org.apache.hadoop.ozone.om.lock.OzoneManagerLock.unlock(OzoneManagerLock.java:364)
	at org.apache.hadoop.ozone.om.lock.OzoneManagerLock.releaseWriteLock(OzoneManagerLock.java:329)
	at org.apache.hadoop.ozone.om.request.key.OMKeyCommitRequest.validateAndUpdateCache(OMKeyCommitRequest.java:177)
	at org.apache.hadoop.ozone.protocolPB.OzoneManagerProtocolServerSideTranslatorPB.submitRequestDirectlyToOM(OzoneManagerProtocolServerSideTranslatorPB.java:219)
	at org.apache.hadoop.ozone.protocolPB.OzoneManagerProtocolServerSideTranslatorPB.processRequest(OzoneManagerProtocolServerSideTranslatorPB.java:134)
	at org.apache.hadoop.hdds.server.OzoneProtocolMessageDispatcher.processRequest(OzoneProtocolMessageDispatcher.java:72)
	at org.apache.hadoop.ozone.protocolPB.OzoneManagerProtocolServerSideTranslatorPB.submitRequest(OzoneManagerProtocolServerSideTranslatorPB.java:100)
	at org.apache.hadoop.ozone.protocol.proto.OzoneManagerProtocolProtos$OzoneManagerService$2.callBlockingMethod(OzoneManagerProtocolProtos.java)
	at org.apache.hadoop.ipc.ProtobufRpcEngine$Server$ProtoBufRpcInvoker.call(ProtobufRpcEngine.java:524)
	at org.apache.hadoop.ipc.RPC$Server.call(RPC.java:1025)
	at org.apache.hadoop.ipc.Server$RpcCall.run(Server.java:876)
	at org.apache.hadoop.ipc.Server$RpcCall.run(Server.java:822)
	at java.security.AccessController.doPrivileged(Native Method)
	at javax.security.auth.Subject.doAs(Subject.java:422)
	at org.apache.hadoop.security.UserGroupInformation.doAs(UserGroupInformation.java:1730)
	at org.apache.hadoop.ipc.Server$Handler.run(Server.java:2682)
2019-10-16 05:41:49,840 [main] INFO  retry.RetryInvocationHandler (RetryInvocationHandler.java:log(411)) - com.google.protobuf.ServiceException: org.apache.hadoop.ipc.RemoteException(java.lang.IllegalMonitorStateException): Releasing lock on resource /datanodefailurehandlingtest/datanodefailurehandlingtest without acquiring lock
	at org.apache.hadoop.ozone.lock.LockManager.getLockForReleasing(LockManager.java:220)
	at org.apache.hadoop.ozone.lock.LockManager.release(LockManager.java:168)
	at org.apache.hadoop.ozone.lock.LockManager.writeUnlock(LockManager.java:148)
	at org.apache.hadoop.ozone.om.lock.OzoneManagerLock.unlock(OzoneManagerLock.java:364)
	at org.apache.hadoop.ozone.om.lock.OzoneManagerLock.releaseWriteLock(OzoneManagerLock.java:329)
	at org.apache.hadoop.ozone.om.request.key.OMKeyCommitRequest.validateAndUpdateCache(OMKeyCommitRequest.java:177)
	at org.apache.hadoop.ozone.protocolPB.OzoneManagerProtocolServerSideTranslatorPB.submitRequestDirectlyToOM(OzoneManagerProtocolServerSideTranslatorPB.java:219)
	at org.apache.hadoop.ozone.protocolPB.OzoneManagerProtocolServerSideTranslatorPB.processRequest(OzoneManagerProtocolServerSideTranslatorPB.java:134)
	at org.apache.hadoop.hdds.server.OzoneProtocolMessageDispatcher.processRequest(OzoneProtocolMessageDispatcher.java:72)
	at org.apache.hadoop.ozone.protocolPB.OzoneManagerProtocolServerSideTranslatorPB.submitRequest(OzoneManagerProtocolServerSideTranslatorPB.java:100)
	at org.apache.hadoop.ozone.protocol.proto.OzoneManagerProtocolProtos$OzoneManagerService$2.callBlockingMethod(OzoneManagerProtocolProtos.java)
	at org.apache.hadoop.ipc.ProtobufRpcEngine$Server$ProtoBufRpcInvoker.call(ProtobufRpcEngine.java:524)
	at org.apache.hadoop.ipc.RPC$Server.call(RPC.java:1025)
	at org.apache.hadoop.ipc.Server$RpcCall.run(Server.java:876)
	at org.apache.hadoop.ipc.Server$RpcCall.run(Server.java:822)
	at java.security.AccessController.doPrivileged(Native Method)
	at javax.security.auth.Subject.doAs(Subject.java:422)
	at org.apache.hadoop.security.UserGroupInformation.doAs(UserGroupInformation.java:1730)
	at org.apache.hadoop.ipc.Server$Handler.run(Server.java:2682)
, while invoking $Proxy35.submitRequest over nodeId=null,nodeAddress=localhost:40478 after 4 failover attempts. Trying to failover immediately.
2019-10-16 05:41:49,845 [IPC Server handler 17 on 40478] ERROR lock.LockManager (LockManager.java:getLockForReleasing(218)) - Trying to release the lock on /datanodefailurehandlingtest/datanodefailurehandlingtest, which was never acquired.
2019-10-16 05:41:49,845 [IPC Server handler 17 on 40478] WARN  ipc.Server (Server.java:logException(2724)) - IPC Server handler 17 on 40478, call Call#461 Retry#5 org.apache.hadoop.ozone.om.protocol.OzoneManagerProtocol.submitRequest from 127.0.0.1:42116
java.lang.IllegalMonitorStateException: Releasing lock on resource /datanodefailurehandlingtest/datanodefailurehandlingtest without acquiring lock
	at org.apache.hadoop.ozone.lock.LockManager.getLockForReleasing(LockManager.java:220)
	at org.apache.hadoop.ozone.lock.LockManager.release(LockManager.java:168)
	at org.apache.hadoop.ozone.lock.LockManager.writeUnlock(LockManager.java:148)
	at org.apache.hadoop.ozone.om.lock.OzoneManagerLock.unlock(OzoneManagerLock.java:364)
	at org.apache.hadoop.ozone.om.lock.OzoneManagerLock.releaseWriteLock(OzoneManagerLock.java:329)
	at org.apache.hadoop.ozone.om.request.key.OMKeyCommitRequest.validateAndUpdateCache(OMKeyCommitRequest.java:177)
	at org.apache.hadoop.ozone.protocolPB.OzoneManagerProtocolServerSideTranslatorPB.submitRequestDirectlyToOM(OzoneManagerProtocolServerSideTranslatorPB.java:219)
	at org.apache.hadoop.ozone.protocolPB.OzoneManagerProtocolServerSideTranslatorPB.processRequest(OzoneManagerProtocolServerSideTranslatorPB.java:134)
	at org.apache.hadoop.hdds.server.OzoneProtocolMessageDispatcher.processRequest(OzoneProtocolMessageDispatcher.java:72)
	at org.apache.hadoop.ozone.protocolPB.OzoneManagerProtocolServerSideTranslatorPB.submitRequest(OzoneManagerProtocolServerSideTranslatorPB.java:100)
	at org.apache.hadoop.ozone.protocol.proto.OzoneManagerProtocolProtos$OzoneManagerService$2.callBlockingMethod(OzoneManagerProtocolProtos.java)
	at org.apache.hadoop.ipc.ProtobufRpcEngine$Server$ProtoBufRpcInvoker.call(ProtobufRpcEngine.java:524)
	at org.apache.hadoop.ipc.RPC$Server.call(RPC.java:1025)
	at org.apache.hadoop.ipc.Server$RpcCall.run(Server.java:876)
	at org.apache.hadoop.ipc.Server$RpcCall.run(Server.java:822)
	at java.security.AccessController.doPrivileged(Native Method)
	at javax.security.auth.Subject.doAs(Subject.java:422)
	at org.apache.hadoop.security.UserGroupInformation.doAs(UserGroupInformation.java:1730)
	at org.apache.hadoop.ipc.Server$Handler.run(Server.java:2682)
2019-10-16 05:41:49,848 [main] INFO  retry.RetryInvocationHandler (RetryInvocationHandler.java:log(411)) - com.google.protobuf.ServiceException: org.apache.hadoop.ipc.RemoteException(java.lang.IllegalMonitorStateException): Releasing lock on resource /datanodefailurehandlingtest/datanodefailurehandlingtest without acquiring lock
	at org.apache.hadoop.ozone.lock.LockManager.getLockForReleasing(LockManager.java:220)
	at org.apache.hadoop.ozone.lock.LockManager.release(LockManager.java:168)
	at org.apache.hadoop.ozone.lock.LockManager.writeUnlock(LockManager.java:148)
	at org.apache.hadoop.ozone.om.lock.OzoneManagerLock.unlock(OzoneManagerLock.java:364)
	at org.apache.hadoop.ozone.om.lock.OzoneManagerLock.releaseWriteLock(OzoneManagerLock.java:329)
	at org.apache.hadoop.ozone.om.request.key.OMKeyCommitRequest.validateAndUpdateCache(OMKeyCommitRequest.java:177)
	at org.apache.hadoop.ozone.protocolPB.OzoneManagerProtocolServerSideTranslatorPB.submitRequestDirectlyToOM(OzoneManagerProtocolServerSideTranslatorPB.java:219)
	at org.apache.hadoop.ozone.protocolPB.OzoneManagerProtocolServerSideTranslatorPB.processRequest(OzoneManagerProtocolServerSideTranslatorPB.java:134)
	at org.apache.hadoop.hdds.server.OzoneProtocolMessageDispatcher.processRequest(OzoneProtocolMessageDispatcher.java:72)
	at org.apache.hadoop.ozone.protocolPB.OzoneManagerProtocolServerSideTranslatorPB.submitRequest(OzoneManagerProtocolServerSideTranslatorPB.java:100)
	at org.apache.hadoop.ozone.protocol.proto.OzoneManagerProtocolProtos$OzoneManagerService$2.callBlockingMethod(OzoneManagerProtocolProtos.java)
	at org.apache.hadoop.ipc.ProtobufRpcEngine$Server$ProtoBufRpcInvoker.call(ProtobufRpcEngine.java:524)
	at org.apache.hadoop.ipc.RPC$Server.call(RPC.java:1025)
	at org.apache.hadoop.ipc.Server$RpcCall.run(Server.java:876)
	at org.apache.hadoop.ipc.Server$RpcCall.run(Server.java:822)
	at java.security.AccessController.doPrivileged(Native Method)
	at javax.security.auth.Subject.doAs(Subject.java:422)
	at org.apache.hadoop.security.UserGroupInformation.doAs(UserGroupInformation.java:1730)
	at org.apache.hadoop.ipc.Server$Handler.run(Server.java:2682)
, while invoking $Proxy35.submitRequest over nodeId=null,nodeAddress=localhost:40478 after 5 failover attempts. Trying to failover immediately.
2019-10-16 05:41:49,852 [IPC Server handler 10 on 40478] ERROR lock.LockManager (LockManager.java:getLockForReleasing(218)) - Trying to release the lock on /datanodefailurehandlingtest/datanodefailurehandlingtest, which was never acquired.
2019-10-16 05:41:49,852 [IPC Server handler 10 on 40478] WARN  ipc.Server (Server.java:logException(2724)) - IPC Server handler 10 on 40478, call Call#461 Retry#6 org.apache.hadoop.ozone.om.protocol.OzoneManagerProtocol.submitRequest from 127.0.0.1:42116
java.lang.IllegalMonitorStateException: Releasing lock on resource /datanodefailurehandlingtest/datanodefailurehandlingtest without acquiring lock
	at org.apache.hadoop.ozone.lock.LockManager.getLockForReleasing(LockManager.java:220)
	at org.apache.hadoop.ozone.lock.LockManager.release(LockManager.java:168)
	at org.apache.hadoop.ozone.lock.LockManager.writeUnlock(LockManager.java:148)
	at org.apache.hadoop.ozone.om.lock.OzoneManagerLock.unlock(OzoneManagerLock.java:364)
	at org.apache.hadoop.ozone.om.lock.OzoneManagerLock.releaseWriteLock(OzoneManagerLock.java:329)
	at org.apache.hadoop.ozone.om.request.key.OMKeyCommitRequest.validateAndUpdateCache(OMKeyCommitRequest.java:177)
	at org.apache.hadoop.ozone.protocolPB.OzoneManagerProtocolServerSideTranslatorPB.submitRequestDirectlyToOM(OzoneManagerProtocolServerSideTranslatorPB.java:219)
	at org.apache.hadoop.ozone.protocolPB.OzoneManagerProtocolServerSideTranslatorPB.processRequest(OzoneManagerProtocolServerSideTranslatorPB.java:134)
	at org.apache.hadoop.hdds.server.OzoneProtocolMessageDispatcher.processRequest(OzoneProtocolMessageDispatcher.java:72)
	at org.apache.hadoop.ozone.protocolPB.OzoneManagerProtocolServerSideTranslatorPB.submitRequest(OzoneManagerProtocolServerSideTranslatorPB.java:100)
	at org.apache.hadoop.ozone.protocol.proto.OzoneManagerProtocolProtos$OzoneManagerService$2.callBlockingMethod(OzoneManagerProtocolProtos.java)
	at org.apache.hadoop.ipc.ProtobufRpcEngine$Server$ProtoBufRpcInvoker.call(ProtobufRpcEngine.java:524)
	at org.apache.hadoop.ipc.RPC$Server.call(RPC.java:1025)
	at org.apache.hadoop.ipc.Server$RpcCall.run(Server.java:876)
	at org.apache.hadoop.ipc.Server$RpcCall.run(Server.java:822)
	at java.security.AccessController.doPrivileged(Native Method)
	at javax.security.auth.Subject.doAs(Subject.java:422)
	at org.apache.hadoop.security.UserGroupInformation.doAs(UserGroupInformation.java:1730)
	at org.apache.hadoop.ipc.Server$Handler.run(Server.java:2682)
2019-10-16 05:41:49,854 [main] INFO  retry.RetryInvocationHandler (RetryInvocationHandler.java:log(411)) - com.google.protobuf.ServiceException: org.apache.hadoop.ipc.RemoteException(java.lang.IllegalMonitorStateException): Releasing lock on resource /datanodefailurehandlingtest/datanodefailurehandlingtest without acquiring lock
	at org.apache.hadoop.ozone.lock.LockManager.getLockForReleasing(LockManager.java:220)
	at org.apache.hadoop.ozone.lock.LockManager.release(LockManager.java:168)
	at org.apache.hadoop.ozone.lock.LockManager.writeUnlock(LockManager.java:148)
	at org.apache.hadoop.ozone.om.lock.OzoneManagerLock.unlock(OzoneManagerLock.java:364)
	at org.apache.hadoop.ozone.om.lock.OzoneManagerLock.releaseWriteLock(OzoneManagerLock.java:329)
	at org.apache.hadoop.ozone.om.request.key.OMKeyCommitRequest.validateAndUpdateCache(OMKeyCommitRequest.java:177)
	at org.apache.hadoop.ozone.protocolPB.OzoneManagerProtocolServerSideTranslatorPB.submitRequestDirectlyToOM(OzoneManagerProtocolServerSideTranslatorPB.java:219)
	at org.apache.hadoop.ozone.protocolPB.OzoneManagerProtocolServerSideTranslatorPB.processRequest(OzoneManagerProtocolServerSideTranslatorPB.java:134)
	at org.apache.hadoop.hdds.server.OzoneProtocolMessageDispatcher.processRequest(OzoneProtocolMessageDispatcher.java:72)
	at org.apache.hadoop.ozone.protocolPB.OzoneManagerProtocolServerSideTranslatorPB.submitRequest(OzoneManagerProtocolServerSideTranslatorPB.java:100)
	at org.apache.hadoop.ozone.protocol.proto.OzoneManagerProtocolProtos$OzoneManagerService$2.callBlockingMethod(OzoneManagerProtocolProtos.java)
	at org.apache.hadoop.ipc.ProtobufRpcEngine$Server$ProtoBufRpcInvoker.call(ProtobufRpcEngine.java:524)
	at org.apache.hadoop.ipc.RPC$Server.call(RPC.java:1025)
	at org.apache.hadoop.ipc.Server$RpcCall.run(Server.java:876)
	at org.apache.hadoop.ipc.Server$RpcCall.run(Server.java:822)
	at java.security.AccessController.doPrivileged(Native Method)
	at javax.security.auth.Subject.doAs(Subject.java:422)
	at org.apache.hadoop.security.UserGroupInformation.doAs(UserGroupInformation.java:1730)
	at org.apache.hadoop.ipc.Server$Handler.run(Server.java:2682)
, while invoking $Proxy35.submitRequest over nodeId=null,nodeAddress=localhost:40478 after 6 failover attempts. Trying to failover immediately.
2019-10-16 05:41:49,859 [IPC Server handler 18 on 40478] ERROR lock.LockManager (LockManager.java:getLockForReleasing(218)) - Trying to release the lock on /datanodefailurehandlingtest/datanodefailurehandlingtest, which was never acquired.
2019-10-16 05:41:49,859 [IPC Server handler 18 on 40478] WARN  ipc.Server (Server.java:logException(2724)) - IPC Server handler 18 on 40478, call Call#461 Retry#7 org.apache.hadoop.ozone.om.protocol.OzoneManagerProtocol.submitRequest from 127.0.0.1:42116
java.lang.IllegalMonitorStateException: Releasing lock on resource /datanodefailurehandlingtest/datanodefailurehandlingtest without acquiring lock
	at org.apache.hadoop.ozone.lock.LockManager.getLockForReleasing(LockManager.java:220)
	at org.apache.hadoop.ozone.lock.LockManager.release(LockManager.java:168)
	at org.apache.hadoop.ozone.lock.LockManager.writeUnlock(LockManager.java:148)
	at org.apache.hadoop.ozone.om.lock.OzoneManagerLock.unlock(OzoneManagerLock.java:364)
	at org.apache.hadoop.ozone.om.lock.OzoneManagerLock.releaseWriteLock(OzoneManagerLock.java:329)
	at org.apache.hadoop.ozone.om.request.key.OMKeyCommitRequest.validateAndUpdateCache(OMKeyCommitRequest.java:177)
	at org.apache.hadoop.ozone.protocolPB.OzoneManagerProtocolServerSideTranslatorPB.submitRequestDirectlyToOM(OzoneManagerProtocolServerSideTranslatorPB.java:219)
	at org.apache.hadoop.ozone.protocolPB.OzoneManagerProtocolServerSideTranslatorPB.processRequest(OzoneManagerProtocolServerSideTranslatorPB.java:134)
	at org.apache.hadoop.hdds.server.OzoneProtocolMessageDispatcher.processRequest(OzoneProtocolMessageDispatcher.java:72)
	at org.apache.hadoop.ozone.protocolPB.OzoneManagerProtocolServerSideTranslatorPB.submitRequest(OzoneManagerProtocolServerSideTranslatorPB.java:100)
	at org.apache.hadoop.ozone.protocol.proto.OzoneManagerProtocolProtos$OzoneManagerService$2.callBlockingMethod(OzoneManagerProtocolProtos.java)
	at org.apache.hadoop.ipc.ProtobufRpcEngine$Server$ProtoBufRpcInvoker.call(ProtobufRpcEngine.java:524)
	at org.apache.hadoop.ipc.RPC$Server.call(RPC.java:1025)
	at org.apache.hadoop.ipc.Server$RpcCall.run(Server.java:876)
	at org.apache.hadoop.ipc.Server$RpcCall.run(Server.java:822)
	at java.security.AccessController.doPrivileged(Native Method)
	at javax.security.auth.Subject.doAs(Subject.java:422)
	at org.apache.hadoop.security.UserGroupInformation.doAs(UserGroupInformation.java:1730)
	at org.apache.hadoop.ipc.Server$Handler.run(Server.java:2682)
2019-10-16 05:41:49,862 [main] INFO  retry.RetryInvocationHandler (RetryInvocationHandler.java:log(411)) - com.google.protobuf.ServiceException: org.apache.hadoop.ipc.RemoteException(java.lang.IllegalMonitorStateException): Releasing lock on resource /datanodefailurehandlingtest/datanodefailurehandlingtest without acquiring lock
	at org.apache.hadoop.ozone.lock.LockManager.getLockForReleasing(LockManager.java:220)
	at org.apache.hadoop.ozone.lock.LockManager.release(LockManager.java:168)
	at org.apache.hadoop.ozone.lock.LockManager.writeUnlock(LockManager.java:148)
	at org.apache.hadoop.ozone.om.lock.OzoneManagerLock.unlock(OzoneManagerLock.java:364)
	at org.apache.hadoop.ozone.om.lock.OzoneManagerLock.releaseWriteLock(OzoneManagerLock.java:329)
	at org.apache.hadoop.ozone.om.request.key.OMKeyCommitRequest.validateAndUpdateCache(OMKeyCommitRequest.java:177)
	at org.apache.hadoop.ozone.protocolPB.OzoneManagerProtocolServerSideTranslatorPB.submitRequestDirectlyToOM(OzoneManagerProtocolServerSideTranslatorPB.java:219)
	at org.apache.hadoop.ozone.protocolPB.OzoneManagerProtocolServerSideTranslatorPB.processRequest(OzoneManagerProtocolServerSideTranslatorPB.java:134)
	at org.apache.hadoop.hdds.server.OzoneProtocolMessageDispatcher.processRequest(OzoneProtocolMessageDispatcher.java:72)
	at org.apache.hadoop.ozone.protocolPB.OzoneManagerProtocolServerSideTranslatorPB.submitRequest(OzoneManagerProtocolServerSideTranslatorPB.java:100)
	at org.apache.hadoop.ozone.protocol.proto.OzoneManagerProtocolProtos$OzoneManagerService$2.callBlockingMethod(OzoneManagerProtocolProtos.java)
	at org.apache.hadoop.ipc.ProtobufRpcEngine$Server$ProtoBufRpcInvoker.call(ProtobufRpcEngine.java:524)
	at org.apache.hadoop.ipc.RPC$Server.call(RPC.java:1025)
	at org.apache.hadoop.ipc.Server$RpcCall.run(Server.java:876)
	at org.apache.hadoop.ipc.Server$RpcCall.run(Server.java:822)
	at java.security.AccessController.doPrivileged(Native Method)
	at javax.security.auth.Subject.doAs(Subject.java:422)
	at org.apache.hadoop.security.UserGroupInformation.doAs(UserGroupInformation.java:1730)
	at org.apache.hadoop.ipc.Server$Handler.run(Server.java:2682)
, while invoking $Proxy35.submitRequest over nodeId=null,nodeAddress=localhost:40478 after 7 failover attempts. Trying to failover immediately.
2019-10-16 05:41:49,866 [IPC Server handler 15 on 40478] ERROR lock.LockManager (LockManager.java:getLockForReleasing(218)) - Trying to release the lock on /datanodefailurehandlingtest/datanodefailurehandlingtest, which was never acquired.
2019-10-16 05:41:49,867 [IPC Server handler 15 on 40478] WARN  ipc.Server (Server.java:logException(2724)) - IPC Server handler 15 on 40478, call Call#461 Retry#8 org.apache.hadoop.ozone.om.protocol.OzoneManagerProtocol.submitRequest from 127.0.0.1:42116
java.lang.IllegalMonitorStateException: Releasing lock on resource /datanodefailurehandlingtest/datanodefailurehandlingtest without acquiring lock
	at org.apache.hadoop.ozone.lock.LockManager.getLockForReleasing(LockManager.java:220)
	at org.apache.hadoop.ozone.lock.LockManager.release(LockManager.java:168)
	at org.apache.hadoop.ozone.lock.LockManager.writeUnlock(LockManager.java:148)
	at org.apache.hadoop.ozone.om.lock.OzoneManagerLock.unlock(OzoneManagerLock.java:364)
	at org.apache.hadoop.ozone.om.lock.OzoneManagerLock.releaseWriteLock(OzoneManagerLock.java:329)
	at org.apache.hadoop.ozone.om.request.key.OMKeyCommitRequest.validateAndUpdateCache(OMKeyCommitRequest.java:177)
	at org.apache.hadoop.ozone.protocolPB.OzoneManagerProtocolServerSideTranslatorPB.submitRequestDirectlyToOM(OzoneManagerProtocolServerSideTranslatorPB.java:219)
	at org.apache.hadoop.ozone.protocolPB.OzoneManagerProtocolServerSideTranslatorPB.processRequest(OzoneManagerProtocolServerSideTranslatorPB.java:134)
	at org.apache.hadoop.hdds.server.OzoneProtocolMessageDispatcher.processRequest(OzoneProtocolMessageDispatcher.java:72)
	at org.apache.hadoop.ozone.protocolPB.OzoneManagerProtocolServerSideTranslatorPB.submitRequest(OzoneManagerProtocolServerSideTranslatorPB.java:100)
	at org.apache.hadoop.ozone.protocol.proto.OzoneManagerProtocolProtos$OzoneManagerService$2.callBlockingMethod(OzoneManagerProtocolProtos.java)
	at org.apache.hadoop.ipc.ProtobufRpcEngine$Server$ProtoBufRpcInvoker.call(ProtobufRpcEngine.java:524)
	at org.apache.hadoop.ipc.RPC$Server.call(RPC.java:1025)
	at org.apache.hadoop.ipc.Server$RpcCall.run(Server.java:876)
	at org.apache.hadoop.ipc.Server$RpcCall.run(Server.java:822)
	at java.security.AccessController.doPrivileged(Native Method)
	at javax.security.auth.Subject.doAs(Subject.java:422)
	at org.apache.hadoop.security.UserGroupInformation.doAs(UserGroupInformation.java:1730)
	at org.apache.hadoop.ipc.Server$Handler.run(Server.java:2682)
2019-10-16 05:41:49,869 [main] INFO  retry.RetryInvocationHandler (RetryInvocationHandler.java:log(411)) - com.google.protobuf.ServiceException: org.apache.hadoop.ipc.RemoteException(java.lang.IllegalMonitorStateException): Releasing lock on resource /datanodefailurehandlingtest/datanodefailurehandlingtest without acquiring lock
	at org.apache.hadoop.ozone.lock.LockManager.getLockForReleasing(LockManager.java:220)
	at org.apache.hadoop.ozone.lock.LockManager.release(LockManager.java:168)
	at org.apache.hadoop.ozone.lock.LockManager.writeUnlock(LockManager.java:148)
	at org.apache.hadoop.ozone.om.lock.OzoneManagerLock.unlock(OzoneManagerLock.java:364)
	at org.apache.hadoop.ozone.om.lock.OzoneManagerLock.releaseWriteLock(OzoneManagerLock.java:329)
	at org.apache.hadoop.ozone.om.request.key.OMKeyCommitRequest.validateAndUpdateCache(OMKeyCommitRequest.java:177)
	at org.apache.hadoop.ozone.protocolPB.OzoneManagerProtocolServerSideTranslatorPB.submitRequestDirectlyToOM(OzoneManagerProtocolServerSideTranslatorPB.java:219)
	at org.apache.hadoop.ozone.protocolPB.OzoneManagerProtocolServerSideTranslatorPB.processRequest(OzoneManagerProtocolServerSideTranslatorPB.java:134)
	at org.apache.hadoop.hdds.server.OzoneProtocolMessageDispatcher.processRequest(OzoneProtocolMessageDispatcher.java:72)
	at org.apache.hadoop.ozone.protocolPB.OzoneManagerProtocolServerSideTranslatorPB.submitRequest(OzoneManagerProtocolServerSideTranslatorPB.java:100)
	at org.apache.hadoop.ozone.protocol.proto.OzoneManagerProtocolProtos$OzoneManagerService$2.callBlockingMethod(OzoneManagerProtocolProtos.java)
	at org.apache.hadoop.ipc.ProtobufRpcEngine$Server$ProtoBufRpcInvoker.call(ProtobufRpcEngine.java:524)
	at org.apache.hadoop.ipc.RPC$Server.call(RPC.java:1025)
	at org.apache.hadoop.ipc.Server$RpcCall.run(Server.java:876)
	at org.apache.hadoop.ipc.Server$RpcCall.run(Server.java:822)
	at java.security.AccessController.doPrivileged(Native Method)
	at javax.security.auth.Subject.doAs(Subject.java:422)
	at org.apache.hadoop.security.UserGroupInformation.doAs(UserGroupInformation.java:1730)
	at org.apache.hadoop.ipc.Server$Handler.run(Server.java:2682)
, while invoking $Proxy35.submitRequest over nodeId=null,nodeAddress=localhost:40478 after 8 failover attempts. Trying to failover immediately.
2019-10-16 05:41:49,875 [IPC Server handler 3 on 40478] ERROR lock.LockManager (LockManager.java:getLockForReleasing(218)) - Trying to release the lock on /datanodefailurehandlingtest/datanodefailurehandlingtest, which was never acquired.
2019-10-16 05:41:49,875 [IPC Server handler 3 on 40478] WARN  ipc.Server (Server.java:logException(2724)) - IPC Server handler 3 on 40478, call Call#461 Retry#9 org.apache.hadoop.ozone.om.protocol.OzoneManagerProtocol.submitRequest from 127.0.0.1:42116
java.lang.IllegalMonitorStateException: Releasing lock on resource /datanodefailurehandlingtest/datanodefailurehandlingtest without acquiring lock
	at org.apache.hadoop.ozone.lock.LockManager.getLockForReleasing(LockManager.java:220)
	at org.apache.hadoop.ozone.lock.LockManager.release(LockManager.java:168)
	at org.apache.hadoop.ozone.lock.LockManager.writeUnlock(LockManager.java:148)
	at org.apache.hadoop.ozone.om.lock.OzoneManagerLock.unlock(OzoneManagerLock.java:364)
	at org.apache.hadoop.ozone.om.lock.OzoneManagerLock.releaseWriteLock(OzoneManagerLock.java:329)
	at org.apache.hadoop.ozone.om.request.key.OMKeyCommitRequest.validateAndUpdateCache(OMKeyCommitRequest.java:177)
	at org.apache.hadoop.ozone.protocolPB.OzoneManagerProtocolServerSideTranslatorPB.submitRequestDirectlyToOM(OzoneManagerProtocolServerSideTranslatorPB.java:219)
	at org.apache.hadoop.ozone.protocolPB.OzoneManagerProtocolServerSideTranslatorPB.processRequest(OzoneManagerProtocolServerSideTranslatorPB.java:134)
	at org.apache.hadoop.hdds.server.OzoneProtocolMessageDispatcher.processRequest(OzoneProtocolMessageDispatcher.java:72)
	at org.apache.hadoop.ozone.protocolPB.OzoneManagerProtocolServerSideTranslatorPB.submitRequest(OzoneManagerProtocolServerSideTranslatorPB.java:100)
	at org.apache.hadoop.ozone.protocol.proto.OzoneManagerProtocolProtos$OzoneManagerService$2.callBlockingMethod(OzoneManagerProtocolProtos.java)
	at org.apache.hadoop.ipc.ProtobufRpcEngine$Server$ProtoBufRpcInvoker.call(ProtobufRpcEngine.java:524)
	at org.apache.hadoop.ipc.RPC$Server.call(RPC.java:1025)
	at org.apache.hadoop.ipc.Server$RpcCall.run(Server.java:876)
	at org.apache.hadoop.ipc.Server$RpcCall.run(Server.java:822)
	at java.security.AccessController.doPrivileged(Native Method)
	at javax.security.auth.Subject.doAs(Subject.java:422)
	at org.apache.hadoop.security.UserGroupInformation.doAs(UserGroupInformation.java:1730)
	at org.apache.hadoop.ipc.Server$Handler.run(Server.java:2682)
2019-10-16 05:41:49,878 [main] INFO  retry.RetryInvocationHandler (RetryInvocationHandler.java:log(411)) - com.google.protobuf.ServiceException: org.apache.hadoop.ipc.RemoteException(java.lang.IllegalMonitorStateException): Releasing lock on resource /datanodefailurehandlingtest/datanodefailurehandlingtest without acquiring lock
	at org.apache.hadoop.ozone.lock.LockManager.getLockForReleasing(LockManager.java:220)
	at org.apache.hadoop.ozone.lock.LockManager.release(LockManager.java:168)
	at org.apache.hadoop.ozone.lock.LockManager.writeUnlock(LockManager.java:148)
	at org.apache.hadoop.ozone.om.lock.OzoneManagerLock.unlock(OzoneManagerLock.java:364)
	at org.apache.hadoop.ozone.om.lock.OzoneManagerLock.releaseWriteLock(OzoneManagerLock.java:329)
	at org.apache.hadoop.ozone.om.request.key.OMKeyCommitRequest.validateAndUpdateCache(OMKeyCommitRequest.java:177)
	at org.apache.hadoop.ozone.protocolPB.OzoneManagerProtocolServerSideTranslatorPB.submitRequestDirectlyToOM(OzoneManagerProtocolServerSideTranslatorPB.java:219)
	at org.apache.hadoop.ozone.protocolPB.OzoneManagerProtocolServerSideTranslatorPB.processRequest(OzoneManagerProtocolServerSideTranslatorPB.java:134)
	at org.apache.hadoop.hdds.server.OzoneProtocolMessageDispatcher.processRequest(OzoneProtocolMessageDispatcher.java:72)
	at org.apache.hadoop.ozone.protocolPB.OzoneManagerProtocolServerSideTranslatorPB.submitRequest(OzoneManagerProtocolServerSideTranslatorPB.java:100)
	at org.apache.hadoop.ozone.protocol.proto.OzoneManagerProtocolProtos$OzoneManagerService$2.callBlockingMethod(OzoneManagerProtocolProtos.java)
	at org.apache.hadoop.ipc.ProtobufRpcEngine$Server$ProtoBufRpcInvoker.call(ProtobufRpcEngine.java:524)
	at org.apache.hadoop.ipc.RPC$Server.call(RPC.java:1025)
	at org.apache.hadoop.ipc.Server$RpcCall.run(Server.java:876)
	at org.apache.hadoop.ipc.Server$RpcCall.run(Server.java:822)
	at java.security.AccessController.doPrivileged(Native Method)
	at javax.security.auth.Subject.doAs(Subject.java:422)
	at org.apache.hadoop.security.UserGroupInformation.doAs(UserGroupInformation.java:1730)
	at org.apache.hadoop.ipc.Server$Handler.run(Server.java:2682)
, while invoking $Proxy35.submitRequest over nodeId=null,nodeAddress=localhost:40478 after 9 failover attempts. Trying to failover immediately.
2019-10-16 05:41:49,898 [IPC Server handler 5 on 40478] ERROR lock.LockManager (LockManager.java:getLockForReleasing(218)) - Trying to release the lock on /datanodefailurehandlingtest/datanodefailurehandlingtest, which was never acquired.
2019-10-16 05:41:49,899 [IPC Server handler 5 on 40478] WARN  ipc.Server (Server.java:logException(2724)) - IPC Server handler 5 on 40478, call Call#461 Retry#10 org.apache.hadoop.ozone.om.protocol.OzoneManagerProtocol.submitRequest from 127.0.0.1:42116
java.lang.IllegalMonitorStateException: Releasing lock on resource /datanodefailurehandlingtest/datanodefailurehandlingtest without acquiring lock
	at org.apache.hadoop.ozone.lock.LockManager.getLockForReleasing(LockManager.java:220)
	at org.apache.hadoop.ozone.lock.LockManager.release(LockManager.java:168)
	at org.apache.hadoop.ozone.lock.LockManager.writeUnlock(LockManager.java:148)
	at org.apache.hadoop.ozone.om.lock.OzoneManagerLock.unlock(OzoneManagerLock.java:364)
	at org.apache.hadoop.ozone.om.lock.OzoneManagerLock.releaseWriteLock(OzoneManagerLock.java:329)
	at org.apache.hadoop.ozone.om.request.key.OMKeyCommitRequest.validateAndUpdateCache(OMKeyCommitRequest.java:177)
	at org.apache.hadoop.ozone.protocolPB.OzoneManagerProtocolServerSideTranslatorPB.submitRequestDirectlyToOM(OzoneManagerProtocolServerSideTranslatorPB.java:219)
	at org.apache.hadoop.ozone.protocolPB.OzoneManagerProtocolServerSideTranslatorPB.processRequest(OzoneManagerProtocolServerSideTranslatorPB.java:134)
	at org.apache.hadoop.hdds.server.OzoneProtocolMessageDispatcher.processRequest(OzoneProtocolMessageDispatcher.java:72)
	at org.apache.hadoop.ozone.protocolPB.OzoneManagerProtocolServerSideTranslatorPB.submitRequest(OzoneManagerProtocolServerSideTranslatorPB.java:100)
	at org.apache.hadoop.ozone.protocol.proto.OzoneManagerProtocolProtos$OzoneManagerService$2.callBlockingMethod(OzoneManagerProtocolProtos.java)
	at org.apache.hadoop.ipc.ProtobufRpcEngine$Server$ProtoBufRpcInvoker.call(ProtobufRpcEngine.java:524)
	at org.apache.hadoop.ipc.RPC$Server.call(RPC.java:1025)
	at org.apache.hadoop.ipc.Server$RpcCall.run(Server.java:876)
	at org.apache.hadoop.ipc.Server$RpcCall.run(Server.java:822)
	at java.security.AccessController.doPrivileged(Native Method)
	at javax.security.auth.Subject.doAs(Subject.java:422)
	at org.apache.hadoop.security.UserGroupInformation.doAs(UserGroupInformation.java:1730)
	at org.apache.hadoop.ipc.Server$Handler.run(Server.java:2682)
2019-10-16 05:41:49,901 [main] ERROR ha.OMFailoverProxyProvider (OzoneManagerProtocolClientSideTranslatorPB.java:getRetryAction(268)) - Failed to connect to OM. Attempted 10 retries and 10 failovers
2019-10-16 05:41:49,902 [main] INFO  ozone.MiniOzoneClusterImpl (MiniOzoneClusterImpl.java:shutdown(314)) - Shutting down the Mini Ozone Cluster
2019-10-16 05:41:49,903 [main] INFO  ozone.MiniOzoneClusterImpl (MiniOzoneClusterImpl.java:stop(330)) - Stopping the Mini Ozone Cluster
2019-10-16 05:41:49,903 [main] INFO  ozone.MiniOzoneClusterImpl (MiniOzoneClusterImpl.java:stopOM(400)) - Stopping the OzoneManager
2019-10-16 05:41:49,904 [main] INFO  ipc.Server (Server.java:stop(3082)) - Stopping server on 40478
2019-10-16 05:41:49,912 [IPC Server listener on 40478] INFO  ipc.Server (Server.java:run(1185)) - Stopping IPC Server listener on 40478
2019-10-16 05:41:49,912 [main] INFO  ratis.OzoneManagerDoubleBuffer (OzoneManagerDoubleBuffer.java:stop(250)) - Stopping OMDoubleBuffer flush thread
2019-10-16 05:41:49,920 [IPC Server Responder] INFO  ipc.Server (Server.java:run(1319)) - Stopping IPC Server Responder
2019-10-16 05:41:49,921 [OMDoubleBufferFlushThread] INFO  ratis.OzoneManagerDoubleBuffer (OzoneManagerDoubleBuffer.java:flushTransactions(193)) - OMDoubleBuffer flush thread OMDoubleBufferFlushThread is interrupted and will exit. OMDoubleBufferFlushThread
2019-10-16 05:41:49,937 [main] INFO  utils.BackgroundService (BackgroundService.java:shutdown(151)) - Shutting down service KeyDeletingService
2019-10-16 05:41:49,939 [main] INFO  handler.ContextHandler (ContextHandler.java:doStop(910)) - Stopped o.e.j.w.WebAppContext@12db3386{/,null,UNAVAILABLE}{/ozoneManager}
2019-10-16 05:41:49,940 [main] INFO  server.AbstractConnector (AbstractConnector.java:doStop(318)) - Stopped ServerConnector@4078695f{HTTP/1.1,[http/1.1]}{0.0.0.0:0}
2019-10-16 05:41:49,940 [main] INFO  handler.ContextHandler (ContextHandler.java:doStop(910)) - Stopped o.e.j.s.ServletContextHandler@30b2b76f{/static,file:///workdir/hadoop-ozone/integration-test/target/test-classes/webapps/static,UNAVAILABLE}
2019-10-16 05:41:49,940 [main] INFO  handler.ContextHandler (ContextHandler.java:doStop(910)) - Stopped o.e.j.s.ServletContextHandler@6b63d445{/logs,file:///workdir/hadoop-ozone/integration-test/target/log,UNAVAILABLE}
2019-10-16 05:41:49,943 [main] INFO  ozone.MiniOzoneClusterImpl (MiniOzoneClusterImpl.java:stopDatanodes(377)) - Stopping the HddsDatanodes
2019-10-16 05:41:50,874 [Thread-1319] INFO  impl.FollowerState (FollowerState.java:run(108)) - a85e69e5-760c-4b40-a424-fc77673779df@group-AFFE1363742F-FollowerState: change to CANDIDATE, lastRpcTime:1154ms, electionTimeout:1154ms
2019-10-16 05:41:50,874 [Thread-1319] INFO  impl.RoleInfo (RoleInfo.java:shutdownFollowerState(121)) - a85e69e5-760c-4b40-a424-fc77673779df: shutdown FollowerState
2019-10-16 05:41:50,874 [Thread-1319] INFO  impl.RaftServerImpl (RaftServerImpl.java:setRole(184)) - a85e69e5-760c-4b40-a424-fc77673779df@group-AFFE1363742F: changes role from  FOLLOWER to CANDIDATE at term 24 for changeToCandidate
2019-10-16 05:41:50,874 [Thread-1319] INFO  impl.RoleInfo (RoleInfo.java:updateAndGet(143)) - a85e69e5-760c-4b40-a424-fc77673779df: start LeaderElection
2019-10-16 05:41:50,890 [Datanode State Machine Thread - 0] INFO  statemachine.DatanodeStateMachine (DatanodeStateMachine.java:lambda$startDaemon$0(350)) - Ozone container server started.
2019-10-16 05:41:50,892 [Datanode State Machine Thread - 0] INFO  statemachine.DatanodeStateMachine (DatanodeStateMachine.java:lambda$startDaemon$0(350)) - Ozone container server started.
2019-10-16 05:41:51,184 [a85e69e5-760c-4b40-a424-fc77673779df@group-AFFE1363742F-LeaderElection44] INFO  impl.LeaderElection (LeaderElection.java:askForVotes(178)) - a85e69e5-760c-4b40-a424-fc77673779df@group-AFFE1363742F-LeaderElection44: begin an election at term 25 for 0: [163c5688-ede5-44ab-b3bd-c5a10f730980:192.168.69.104:45225, a85e69e5-760c-4b40-a424-fc77673779df:192.168.69.104:37941, 73edb6ac-4c26-463f-ad6d-00f88e6dbd58:192.168.69.104:35488], old=null
2019-10-16 05:41:51,185 [a85e69e5-760c-4b40-a424-fc77673779df@group-AFFE1363742F-LeaderElection44] INFO  impl.LeaderElection (LogUtils.java:infoOrTrace(149)) - a85e69e5-760c-4b40-a424-fc77673779df@group-AFFE1363742F-LeaderElection44 got exception when requesting votes: {}
java.util.concurrent.ExecutionException: org.apache.ratis.thirdparty.io.grpc.StatusRuntimeException: UNAVAILABLE: io exception
	at java.util.concurrent.FutureTask.report(FutureTask.java:122)
	at java.util.concurrent.FutureTask.get(FutureTask.java:192)
	at org.apache.ratis.server.impl.LeaderElection.waitForResults(LeaderElection.java:259)
	at org.apache.ratis.server.impl.LeaderElection.askForVotes(LeaderElection.java:197)
	at org.apache.ratis.server.impl.LeaderElection.run(LeaderElection.java:133)
	at java.lang.Thread.run(Thread.java:748)
Caused by: org.apache.ratis.thirdparty.io.grpc.StatusRuntimeException: UNAVAILABLE: io exception
	at org.apache.ratis.thirdparty.io.grpc.stub.ClientCalls.toStatusRuntimeException(ClientCalls.java:233)
	at org.apache.ratis.thirdparty.io.grpc.stub.ClientCalls.getUnchecked(ClientCalls.java:214)
	at org.apache.ratis.thirdparty.io.grpc.stub.ClientCalls.blockingUnaryCall(ClientCalls.java:139)
	at org.apache.ratis.proto.grpc.RaftServerProtocolServiceGrpc$RaftServerProtocolServiceBlockingStub.requestVote(RaftServerProtocolServiceGrpc.java:265)
	at org.apache.ratis.grpc.server.GrpcServerProtocolClient.requestVote(GrpcServerProtocolClient.java:99)
	at org.apache.ratis.grpc.server.GrpcService.requestVote(GrpcService.java:204)
	at org.apache.ratis.server.impl.LeaderElection.lambda$submitRequests$1(LeaderElection.java:234)
	at java.util.concurrent.FutureTask.run(FutureTask.java:266)
	at java.util.concurrent.Executors$RunnableAdapter.call(Executors.java:511)
	at java.util.concurrent.FutureTask.run(FutureTask.java:266)
	at java.util.concurrent.ThreadPoolExecutor.runWorker(ThreadPoolExecutor.java:1149)
	at java.util.concurrent.ThreadPoolExecutor$Worker.run(ThreadPoolExecutor.java:624)
	... 1 more
Caused by: org.apache.ratis.thirdparty.io.netty.channel.AbstractChannel$AnnotatedConnectException: Connection refused: /192.168.69.104:45225
	at sun.nio.ch.SocketChannelImpl.checkConnect(Native Method)
	at sun.nio.ch.SocketChannelImpl.finishConnect(SocketChannelImpl.java:717)
	at org.apache.ratis.thirdparty.io.netty.channel.socket.nio.NioSocketChannel.doFinishConnect(NioSocketChannel.java:327)
	at org.apache.ratis.thirdparty.io.netty.channel.nio.AbstractNioChannel$AbstractNioUnsafe.finishConnect(AbstractNioChannel.java:340)
	at org.apache.ratis.thirdparty.io.netty.channel.nio.NioEventLoop.processSelectedKey(NioEventLoop.java:632)
	at org.apache.ratis.thirdparty.io.netty.channel.nio.NioEventLoop.processSelectedKeysOptimized(NioEventLoop.java:579)
	at org.apache.ratis.thirdparty.io.netty.channel.nio.NioEventLoop.processSelectedKeys(NioEventLoop.java:496)
	at org.apache.ratis.thirdparty.io.netty.channel.nio.NioEventLoop.run(NioEventLoop.java:458)
	at org.apache.ratis.thirdparty.io.netty.util.concurrent.SingleThreadEventExecutor$5.run(SingleThreadEventExecutor.java:897)
	at org.apache.ratis.thirdparty.io.netty.util.concurrent.FastThreadLocalRunnable.run(FastThreadLocalRunnable.java:30)
	... 1 more
Caused by: java.net.ConnectException: Connection refused
	... 11 more
2019-10-16 05:41:51,187 [a85e69e5-760c-4b40-a424-fc77673779df@group-AFFE1363742F-LeaderElection44] INFO  impl.LeaderElection (LogUtils.java:infoOrTrace(149)) - a85e69e5-760c-4b40-a424-fc77673779df@group-AFFE1363742F-LeaderElection44 got exception when requesting votes: {}
java.util.concurrent.ExecutionException: org.apache.ratis.thirdparty.io.grpc.StatusRuntimeException: UNAVAILABLE: io exception
	at java.util.concurrent.FutureTask.report(FutureTask.java:122)
	at java.util.concurrent.FutureTask.get(FutureTask.java:192)
	at org.apache.ratis.server.impl.LeaderElection.waitForResults(LeaderElection.java:259)
	at org.apache.ratis.server.impl.LeaderElection.askForVotes(LeaderElection.java:197)
	at org.apache.ratis.server.impl.LeaderElection.run(LeaderElection.java:133)
	at java.lang.Thread.run(Thread.java:748)
Caused by: org.apache.ratis.thirdparty.io.grpc.StatusRuntimeException: UNAVAILABLE: io exception
	at org.apache.ratis.thirdparty.io.grpc.stub.ClientCalls.toStatusRuntimeException(ClientCalls.java:233)
	at org.apache.ratis.thirdparty.io.grpc.stub.ClientCalls.getUnchecked(ClientCalls.java:214)
	at org.apache.ratis.thirdparty.io.grpc.stub.ClientCalls.blockingUnaryCall(ClientCalls.java:139)
	at org.apache.ratis.proto.grpc.RaftServerProtocolServiceGrpc$RaftServerProtocolServiceBlockingStub.requestVote(RaftServerProtocolServiceGrpc.java:265)
	at org.apache.ratis.grpc.server.GrpcServerProtocolClient.requestVote(GrpcServerProtocolClient.java:99)
	at org.apache.ratis.grpc.server.GrpcService.requestVote(GrpcService.java:204)
	at org.apache.ratis.server.impl.LeaderElection.lambda$submitRequests$1(LeaderElection.java:234)
	at java.util.concurrent.FutureTask.run(FutureTask.java:266)
	at java.util.concurrent.Executors$RunnableAdapter.call(Executors.java:511)
	at java.util.concurrent.FutureTask.run(FutureTask.java:266)
	at java.util.concurrent.ThreadPoolExecutor.runWorker(ThreadPoolExecutor.java:1149)
	at java.util.concurrent.ThreadPoolExecutor$Worker.run(ThreadPoolExecutor.java:624)
	... 1 more
Caused by: org.apache.ratis.thirdparty.io.netty.channel.AbstractChannel$AnnotatedConnectException: Connection refused: /192.168.69.104:35488
	at sun.nio.ch.SocketChannelImpl.checkConnect(Native Method)
	at sun.nio.ch.SocketChannelImpl.finishConnect(SocketChannelImpl.java:717)
	at org.apache.ratis.thirdparty.io.netty.channel.socket.nio.NioSocketChannel.doFinishConnect(NioSocketChannel.java:327)
	at org.apache.ratis.thirdparty.io.netty.channel.nio.AbstractNioChannel$AbstractNioUnsafe.finishConnect(AbstractNioChannel.java:340)
	at org.apache.ratis.thirdparty.io.netty.channel.nio.NioEventLoop.processSelectedKey(NioEventLoop.java:632)
	at org.apache.ratis.thirdparty.io.netty.channel.nio.NioEventLoop.processSelectedKeysOptimized(NioEventLoop.java:579)
	at org.apache.ratis.thirdparty.io.netty.channel.nio.NioEventLoop.processSelectedKeys(NioEventLoop.java:496)
	at org.apache.ratis.thirdparty.io.netty.channel.nio.NioEventLoop.run(NioEventLoop.java:458)
	at org.apache.ratis.thirdparty.io.netty.util.concurrent.SingleThreadEventExecutor$5.run(SingleThreadEventExecutor.java:897)
	at org.apache.ratis.thirdparty.io.netty.util.concurrent.FastThreadLocalRunnable.run(FastThreadLocalRunnable.java:30)
	... 1 more
Caused by: java.net.ConnectException: Connection refused
	... 11 more
2019-10-16 05:41:51,190 [a85e69e5-760c-4b40-a424-fc77673779df@group-AFFE1363742F-LeaderElection44] INFO  impl.LeaderElection (LeaderElection.java:logAndReturn(56)) - a85e69e5-760c-4b40-a424-fc77673779df@group-AFFE1363742F-LeaderElection44: Election REJECTED; received 0 response(s) [] and 2 exception(s); a85e69e5-760c-4b40-a424-fc77673779df@group-AFFE1363742F:t25, leader=null, voted=a85e69e5-760c-4b40-a424-fc77673779df, raftlog=a85e69e5-760c-4b40-a424-fc77673779df@group-AFFE1363742F-SegmentedRaftLog:OPENED:c28,f28,i28, conf=0: [163c5688-ede5-44ab-b3bd-c5a10f730980:192.168.69.104:45225, a85e69e5-760c-4b40-a424-fc77673779df:192.168.69.104:37941, 73edb6ac-4c26-463f-ad6d-00f88e6dbd58:192.168.69.104:35488], old=null
2019-10-16 05:41:51,190 [a85e69e5-760c-4b40-a424-fc77673779df@group-AFFE1363742F-LeaderElection44] INFO  impl.LeaderElection (LogUtils.java:infoOrTrace(149)) -   Exception 0: {}
java.util.concurrent.ExecutionException: org.apache.ratis.thirdparty.io.grpc.StatusRuntimeException: UNAVAILABLE: io exception
	at java.util.concurrent.FutureTask.report(FutureTask.java:122)
	at java.util.concurrent.FutureTask.get(FutureTask.java:192)
	at org.apache.ratis.server.impl.LeaderElection.waitForResults(LeaderElection.java:259)
	at org.apache.ratis.server.impl.LeaderElection.askForVotes(LeaderElection.java:197)
	at org.apache.ratis.server.impl.LeaderElection.run(LeaderElection.java:133)
	at java.lang.Thread.run(Thread.java:748)
Caused by: org.apache.ratis.thirdparty.io.grpc.StatusRuntimeException: UNAVAILABLE: io exception
	at org.apache.ratis.thirdparty.io.grpc.stub.ClientCalls.toStatusRuntimeException(ClientCalls.java:233)
	at org.apache.ratis.thirdparty.io.grpc.stub.ClientCalls.getUnchecked(ClientCalls.java:214)
	at org.apache.ratis.thirdparty.io.grpc.stub.ClientCalls.blockingUnaryCall(ClientCalls.java:139)
	at org.apache.ratis.proto.grpc.RaftServerProtocolServiceGrpc$RaftServerProtocolServiceBlockingStub.requestVote(RaftServerProtocolServiceGrpc.java:265)
	at org.apache.ratis.grpc.server.GrpcServerProtocolClient.requestVote(GrpcServerProtocolClient.java:99)
	at org.apache.ratis.grpc.server.GrpcService.requestVote(GrpcService.java:204)
	at org.apache.ratis.server.impl.LeaderElection.lambda$submitRequests$1(LeaderElection.java:234)
	at java.util.concurrent.FutureTask.run(FutureTask.java:266)
	at java.util.concurrent.Executors$RunnableAdapter.call(Executors.java:511)
	at java.util.concurrent.FutureTask.run(FutureTask.java:266)
	at java.util.concurrent.ThreadPoolExecutor.runWorker(ThreadPoolExecutor.java:1149)
	at java.util.concurrent.ThreadPoolExecutor$Worker.run(ThreadPoolExecutor.java:624)
	... 1 more
Caused by: org.apache.ratis.thirdparty.io.netty.channel.AbstractChannel$AnnotatedConnectException: Connection refused: /192.168.69.104:45225
	at sun.nio.ch.SocketChannelImpl.checkConnect(Native Method)
	at sun.nio.ch.SocketChannelImpl.finishConnect(SocketChannelImpl.java:717)
	at org.apache.ratis.thirdparty.io.netty.channel.socket.nio.NioSocketChannel.doFinishConnect(NioSocketChannel.java:327)
	at org.apache.ratis.thirdparty.io.netty.channel.nio.AbstractNioChannel$AbstractNioUnsafe.finishConnect(AbstractNioChannel.java:340)
	at org.apache.ratis.thirdparty.io.netty.channel.nio.NioEventLoop.processSelectedKey(NioEventLoop.java:632)
	at org.apache.ratis.thirdparty.io.netty.channel.nio.NioEventLoop.processSelectedKeysOptimized(NioEventLoop.java:579)
	at org.apache.ratis.thirdparty.io.netty.channel.nio.NioEventLoop.processSelectedKeys(NioEventLoop.java:496)
	at org.apache.ratis.thirdparty.io.netty.channel.nio.NioEventLoop.run(NioEventLoop.java:458)
	at org.apache.ratis.thirdparty.io.netty.util.concurrent.SingleThreadEventExecutor$5.run(SingleThreadEventExecutor.java:897)
	at org.apache.ratis.thirdparty.io.netty.util.concurrent.FastThreadLocalRunnable.run(FastThreadLocalRunnable.java:30)
	... 1 more
Caused by: java.net.ConnectException: Connection refused
	... 11 more
2019-10-16 05:41:51,191 [a85e69e5-760c-4b40-a424-fc77673779df@group-AFFE1363742F-LeaderElection44] INFO  impl.LeaderElection (LogUtils.java:infoOrTrace(149)) -   Exception 1: {}
java.util.concurrent.ExecutionException: org.apache.ratis.thirdparty.io.grpc.StatusRuntimeException: UNAVAILABLE: io exception
	at java.util.concurrent.FutureTask.report(FutureTask.java:122)
	at java.util.concurrent.FutureTask.get(FutureTask.java:192)
	at org.apache.ratis.server.impl.LeaderElection.waitForResults(LeaderElection.java:259)
	at org.apache.ratis.server.impl.LeaderElection.askForVotes(LeaderElection.java:197)
	at org.apache.ratis.server.impl.LeaderElection.run(LeaderElection.java:133)
	at java.lang.Thread.run(Thread.java:748)
Caused by: org.apache.ratis.thirdparty.io.grpc.StatusRuntimeException: UNAVAILABLE: io exception
	at org.apache.ratis.thirdparty.io.grpc.stub.ClientCalls.toStatusRuntimeException(ClientCalls.java:233)
	at org.apache.ratis.thirdparty.io.grpc.stub.ClientCalls.getUnchecked(ClientCalls.java:214)
	at org.apache.ratis.thirdparty.io.grpc.stub.ClientCalls.blockingUnaryCall(ClientCalls.java:139)
	at org.apache.ratis.proto.grpc.RaftServerProtocolServiceGrpc$RaftServerProtocolServiceBlockingStub.requestVote(RaftServerProtocolServiceGrpc.java:265)
	at org.apache.ratis.grpc.server.GrpcServerProtocolClient.requestVote(GrpcServerProtocolClient.java:99)
	at org.apache.ratis.grpc.server.GrpcService.requestVote(GrpcService.java:204)
	at org.apache.ratis.server.impl.LeaderElection.lambda$submitRequests$1(LeaderElection.java:234)
	at java.util.concurrent.FutureTask.run(FutureTask.java:266)
	at java.util.concurrent.Executors$RunnableAdapter.call(Executors.java:511)
	at java.util.concurrent.FutureTask.run(FutureTask.java:266)
	at java.util.concurrent.ThreadPoolExecutor.runWorker(ThreadPoolExecutor.java:1149)
	at java.util.concurrent.ThreadPoolExecutor$Worker.run(ThreadPoolExecutor.java:624)
	... 1 more
Caused by: org.apache.ratis.thirdparty.io.netty.channel.AbstractChannel$AnnotatedConnectException: Connection refused: /192.168.69.104:35488
	at sun.nio.ch.SocketChannelImpl.checkConnect(Native Method)
	at sun.nio.ch.SocketChannelImpl.finishConnect(SocketChannelImpl.java:717)
	at org.apache.ratis.thirdparty.io.netty.channel.socket.nio.NioSocketChannel.doFinishConnect(NioSocketChannel.java:327)
	at org.apache.ratis.thirdparty.io.netty.channel.nio.AbstractNioChannel$AbstractNioUnsafe.finishConnect(AbstractNioChannel.java:340)
	at org.apache.ratis.thirdparty.io.netty.channel.nio.NioEventLoop.processSelectedKey(NioEventLoop.java:632)
	at org.apache.ratis.thirdparty.io.netty.channel.nio.NioEventLoop.processSelectedKeysOptimized(NioEventLoop.java:579)
	at org.apache.ratis.thirdparty.io.netty.channel.nio.NioEventLoop.processSelectedKeys(NioEventLoop.java:496)
	at org.apache.ratis.thirdparty.io.netty.channel.nio.NioEventLoop.run(NioEventLoop.java:458)
	at org.apache.ratis.thirdparty.io.netty.util.concurrent.SingleThreadEventExecutor$5.run(SingleThreadEventExecutor.java:897)
	at org.apache.ratis.thirdparty.io.netty.util.concurrent.FastThreadLocalRunnable.run(FastThreadLocalRunnable.java:30)
	... 1 more
Caused by: java.net.ConnectException: Connection refused
	... 11 more
2019-10-16 05:41:51,192 [a85e69e5-760c-4b40-a424-fc77673779df@group-AFFE1363742F-LeaderElection44] INFO  impl.RaftServerImpl (RaftServerImpl.java:setRole(184)) - a85e69e5-760c-4b40-a424-fc77673779df@group-AFFE1363742F: changes role from CANDIDATE to FOLLOWER at term 25 for DISCOVERED_A_NEW_TERM
2019-10-16 05:41:51,192 [a85e69e5-760c-4b40-a424-fc77673779df@group-AFFE1363742F-LeaderElection44] INFO  impl.RoleInfo (RoleInfo.java:shutdownLeaderElection(134)) - a85e69e5-760c-4b40-a424-fc77673779df: shutdown LeaderElection
2019-10-16 05:41:51,192 [a85e69e5-760c-4b40-a424-fc77673779df@group-AFFE1363742F-LeaderElection44] INFO  impl.RoleInfo (RoleInfo.java:updateAndGet(143)) - a85e69e5-760c-4b40-a424-fc77673779df: start FollowerState
2019-10-16 05:41:52,305 [Thread-1336] INFO  impl.FollowerState (FollowerState.java:run(108)) - a85e69e5-760c-4b40-a424-fc77673779df@group-AFFE1363742F-FollowerState: change to CANDIDATE, lastRpcTime:1112ms, electionTimeout:1112ms
2019-10-16 05:41:52,305 [Thread-1336] INFO  impl.RoleInfo (RoleInfo.java:shutdownFollowerState(121)) - a85e69e5-760c-4b40-a424-fc77673779df: shutdown FollowerState
2019-10-16 05:41:52,305 [Thread-1336] INFO  impl.RaftServerImpl (RaftServerImpl.java:setRole(184)) - a85e69e5-760c-4b40-a424-fc77673779df@group-AFFE1363742F: changes role from  FOLLOWER to CANDIDATE at term 25 for changeToCandidate
2019-10-16 05:41:52,305 [Thread-1336] INFO  impl.RoleInfo (RoleInfo.java:updateAndGet(143)) - a85e69e5-760c-4b40-a424-fc77673779df: start LeaderElection
2019-10-16 05:41:52,321 [a85e69e5-760c-4b40-a424-fc77673779df@group-AFFE1363742F-LeaderElection45] INFO  impl.LeaderElection (LeaderElection.java:askForVotes(178)) - a85e69e5-760c-4b40-a424-fc77673779df@group-AFFE1363742F-LeaderElection45: begin an election at term 26 for 0: [163c5688-ede5-44ab-b3bd-c5a10f730980:192.168.69.104:45225, a85e69e5-760c-4b40-a424-fc77673779df:192.168.69.104:37941, 73edb6ac-4c26-463f-ad6d-00f88e6dbd58:192.168.69.104:35488], old=null
2019-10-16 05:41:52,323 [a85e69e5-760c-4b40-a424-fc77673779df@group-AFFE1363742F-LeaderElection45] INFO  impl.LeaderElection (LogUtils.java:infoOrTrace(149)) - a85e69e5-760c-4b40-a424-fc77673779df@group-AFFE1363742F-LeaderElection45 got exception when requesting votes: {}
java.util.concurrent.ExecutionException: org.apache.ratis.thirdparty.io.grpc.StatusRuntimeException: UNAVAILABLE: io exception
	at java.util.concurrent.FutureTask.report(FutureTask.java:122)
	at java.util.concurrent.FutureTask.get(FutureTask.java:192)
	at org.apache.ratis.server.impl.LeaderElection.waitForResults(LeaderElection.java:259)
	at org.apache.ratis.server.impl.LeaderElection.askForVotes(LeaderElection.java:197)
	at org.apache.ratis.server.impl.LeaderElection.run(LeaderElection.java:133)
	at java.lang.Thread.run(Thread.java:748)
Caused by: org.apache.ratis.thirdparty.io.grpc.StatusRuntimeException: UNAVAILABLE: io exception
	at org.apache.ratis.thirdparty.io.grpc.stub.ClientCalls.toStatusRuntimeException(ClientCalls.java:233)
	at org.apache.ratis.thirdparty.io.grpc.stub.ClientCalls.getUnchecked(ClientCalls.java:214)
	at org.apache.ratis.thirdparty.io.grpc.stub.ClientCalls.blockingUnaryCall(ClientCalls.java:139)
	at org.apache.ratis.proto.grpc.RaftServerProtocolServiceGrpc$RaftServerProtocolServiceBlockingStub.requestVote(RaftServerProtocolServiceGrpc.java:265)
	at org.apache.ratis.grpc.server.GrpcServerProtocolClient.requestVote(GrpcServerProtocolClient.java:99)
	at org.apache.ratis.grpc.server.GrpcService.requestVote(GrpcService.java:204)
	at org.apache.ratis.server.impl.LeaderElection.lambda$submitRequests$1(LeaderElection.java:234)
	at java.util.concurrent.FutureTask.run(FutureTask.java:266)
	at java.util.concurrent.Executors$RunnableAdapter.call(Executors.java:511)
	at java.util.concurrent.FutureTask.run(FutureTask.java:266)
	at java.util.concurrent.ThreadPoolExecutor.runWorker(ThreadPoolExecutor.java:1149)
	at java.util.concurrent.ThreadPoolExecutor$Worker.run(ThreadPoolExecutor.java:624)
	... 1 more
Caused by: org.apache.ratis.thirdparty.io.netty.channel.AbstractChannel$AnnotatedConnectException: Connection refused: /192.168.69.104:35488
	at sun.nio.ch.SocketChannelImpl.checkConnect(Native Method)
	at sun.nio.ch.SocketChannelImpl.finishConnect(SocketChannelImpl.java:717)
	at org.apache.ratis.thirdparty.io.netty.channel.socket.nio.NioSocketChannel.doFinishConnect(NioSocketChannel.java:327)
	at org.apache.ratis.thirdparty.io.netty.channel.nio.AbstractNioChannel$AbstractNioUnsafe.finishConnect(AbstractNioChannel.java:340)
	at org.apache.ratis.thirdparty.io.netty.channel.nio.NioEventLoop.processSelectedKey(NioEventLoop.java:632)
	at org.apache.ratis.thirdparty.io.netty.channel.nio.NioEventLoop.processSelectedKeysOptimized(NioEventLoop.java:579)
	at org.apache.ratis.thirdparty.io.netty.channel.nio.NioEventLoop.processSelectedKeys(NioEventLoop.java:496)
	at org.apache.ratis.thirdparty.io.netty.channel.nio.NioEventLoop.run(NioEventLoop.java:458)
	at org.apache.ratis.thirdparty.io.netty.util.concurrent.SingleThreadEventExecutor$5.run(SingleThreadEventExecutor.java:897)
	at org.apache.ratis.thirdparty.io.netty.util.concurrent.FastThreadLocalRunnable.run(FastThreadLocalRunnable.java:30)
	... 1 more
Caused by: java.net.ConnectException: Connection refused
	... 11 more
2019-10-16 05:41:52,326 [a85e69e5-760c-4b40-a424-fc77673779df@group-AFFE1363742F-LeaderElection45] INFO  impl.LeaderElection (LogUtils.java:infoOrTrace(149)) - a85e69e5-760c-4b40-a424-fc77673779df@group-AFFE1363742F-LeaderElection45 got exception when requesting votes: {}
java.util.concurrent.ExecutionException: org.apache.ratis.thirdparty.io.grpc.StatusRuntimeException: UNAVAILABLE: io exception
	at java.util.concurrent.FutureTask.report(FutureTask.java:122)
	at java.util.concurrent.FutureTask.get(FutureTask.java:192)
	at org.apache.ratis.server.impl.LeaderElection.waitForResults(LeaderElection.java:259)
	at org.apache.ratis.server.impl.LeaderElection.askForVotes(LeaderElection.java:197)
	at org.apache.ratis.server.impl.LeaderElection.run(LeaderElection.java:133)
	at java.lang.Thread.run(Thread.java:748)
Caused by: org.apache.ratis.thirdparty.io.grpc.StatusRuntimeException: UNAVAILABLE: io exception
	at org.apache.ratis.thirdparty.io.grpc.stub.ClientCalls.toStatusRuntimeException(ClientCalls.java:233)
	at org.apache.ratis.thirdparty.io.grpc.stub.ClientCalls.getUnchecked(ClientCalls.java:214)
	at org.apache.ratis.thirdparty.io.grpc.stub.ClientCalls.blockingUnaryCall(ClientCalls.java:139)
	at org.apache.ratis.proto.grpc.RaftServerProtocolServiceGrpc$RaftServerProtocolServiceBlockingStub.requestVote(RaftServerProtocolServiceGrpc.java:265)
	at org.apache.ratis.grpc.server.GrpcServerProtocolClient.requestVote(GrpcServerProtocolClient.java:99)
	at org.apache.ratis.grpc.server.GrpcService.requestVote(GrpcService.java:204)
	at org.apache.ratis.server.impl.LeaderElection.lambda$submitRequests$1(LeaderElection.java:234)
	at java.util.concurrent.FutureTask.run(FutureTask.java:266)
	at java.util.concurrent.Executors$RunnableAdapter.call(Executors.java:511)
	at java.util.concurrent.FutureTask.run(FutureTask.java:266)
	at java.util.concurrent.ThreadPoolExecutor.runWorker(ThreadPoolExecutor.java:1149)
	at java.util.concurrent.ThreadPoolExecutor$Worker.run(ThreadPoolExecutor.java:624)
	... 1 more
Caused by: org.apache.ratis.thirdparty.io.netty.channel.AbstractChannel$AnnotatedConnectException: Connection refused: /192.168.69.104:45225
	at sun.nio.ch.SocketChannelImpl.checkConnect(Native Method)
	at sun.nio.ch.SocketChannelImpl.finishConnect(SocketChannelImpl.java:717)
	at org.apache.ratis.thirdparty.io.netty.channel.socket.nio.NioSocketChannel.doFinishConnect(NioSocketChannel.java:327)
	at org.apache.ratis.thirdparty.io.netty.channel.nio.AbstractNioChannel$AbstractNioUnsafe.finishConnect(AbstractNioChannel.java:340)
	at org.apache.ratis.thirdparty.io.netty.channel.nio.NioEventLoop.processSelectedKey(NioEventLoop.java:632)
	at org.apache.ratis.thirdparty.io.netty.channel.nio.NioEventLoop.processSelectedKeysOptimized(NioEventLoop.java:579)
	at org.apache.ratis.thirdparty.io.netty.channel.nio.NioEventLoop.processSelectedKeys(NioEventLoop.java:496)
	at org.apache.ratis.thirdparty.io.netty.channel.nio.NioEventLoop.run(NioEventLoop.java:458)
	at org.apache.ratis.thirdparty.io.netty.util.concurrent.SingleThreadEventExecutor$5.run(SingleThreadEventExecutor.java:897)
	at org.apache.ratis.thirdparty.io.netty.util.concurrent.FastThreadLocalRunnable.run(FastThreadLocalRunnable.java:30)
	... 1 more
Caused by: java.net.ConnectException: Connection refused
	... 11 more
2019-10-16 05:41:52,329 [a85e69e5-760c-4b40-a424-fc77673779df@group-AFFE1363742F-LeaderElection45] INFO  impl.LeaderElection (LeaderElection.java:logAndReturn(56)) - a85e69e5-760c-4b40-a424-fc77673779df@group-AFFE1363742F-LeaderElection45: Election REJECTED; received 0 response(s) [] and 2 exception(s); a85e69e5-760c-4b40-a424-fc77673779df@group-AFFE1363742F:t26, leader=null, voted=a85e69e5-760c-4b40-a424-fc77673779df, raftlog=a85e69e5-760c-4b40-a424-fc77673779df@group-AFFE1363742F-SegmentedRaftLog:OPENED:c28,f28,i28, conf=0: [163c5688-ede5-44ab-b3bd-c5a10f730980:192.168.69.104:45225, a85e69e5-760c-4b40-a424-fc77673779df:192.168.69.104:37941, 73edb6ac-4c26-463f-ad6d-00f88e6dbd58:192.168.69.104:35488], old=null
2019-10-16 05:41:52,329 [a85e69e5-760c-4b40-a424-fc77673779df@group-AFFE1363742F-LeaderElection45] INFO  impl.LeaderElection (LogUtils.java:infoOrTrace(149)) -   Exception 0: {}
java.util.concurrent.ExecutionException: org.apache.ratis.thirdparty.io.grpc.StatusRuntimeException: UNAVAILABLE: io exception
	at java.util.concurrent.FutureTask.report(FutureTask.java:122)
	at java.util.concurrent.FutureTask.get(FutureTask.java:192)
	at org.apache.ratis.server.impl.LeaderElection.waitForResults(LeaderElection.java:259)
	at org.apache.ratis.server.impl.LeaderElection.askForVotes(LeaderElection.java:197)
	at org.apache.ratis.server.impl.LeaderElection.run(LeaderElection.java:133)
	at java.lang.Thread.run(Thread.java:748)
Caused by: org.apache.ratis.thirdparty.io.grpc.StatusRuntimeException: UNAVAILABLE: io exception
	at org.apache.ratis.thirdparty.io.grpc.stub.ClientCalls.toStatusRuntimeException(ClientCalls.java:233)
	at org.apache.ratis.thirdparty.io.grpc.stub.ClientCalls.getUnchecked(ClientCalls.java:214)
	at org.apache.ratis.thirdparty.io.grpc.stub.ClientCalls.blockingUnaryCall(ClientCalls.java:139)
	at org.apache.ratis.proto.grpc.RaftServerProtocolServiceGrpc$RaftServerProtocolServiceBlockingStub.requestVote(RaftServerProtocolServiceGrpc.java:265)
	at org.apache.ratis.grpc.server.GrpcServerProtocolClient.requestVote(GrpcServerProtocolClient.java:99)
	at org.apache.ratis.grpc.server.GrpcService.requestVote(GrpcService.java:204)
	at org.apache.ratis.server.impl.LeaderElection.lambda$submitRequests$1(LeaderElection.java:234)
	at java.util.concurrent.FutureTask.run(FutureTask.java:266)
	at java.util.concurrent.Executors$RunnableAdapter.call(Executors.java:511)
	at java.util.concurrent.FutureTask.run(FutureTask.java:266)
	at java.util.concurrent.ThreadPoolExecutor.runWorker(ThreadPoolExecutor.java:1149)
	at java.util.concurrent.ThreadPoolExecutor$Worker.run(ThreadPoolExecutor.java:624)
	... 1 more
Caused by: org.apache.ratis.thirdparty.io.netty.channel.AbstractChannel$AnnotatedConnectException: Connection refused: /192.168.69.104:35488
	at sun.nio.ch.SocketChannelImpl.checkConnect(Native Method)
	at sun.nio.ch.SocketChannelImpl.finishConnect(SocketChannelImpl.java:717)
	at org.apache.ratis.thirdparty.io.netty.channel.socket.nio.NioSocketChannel.doFinishConnect(NioSocketChannel.java:327)
	at org.apache.ratis.thirdparty.io.netty.channel.nio.AbstractNioChannel$AbstractNioUnsafe.finishConnect(AbstractNioChannel.java:340)
	at org.apache.ratis.thirdparty.io.netty.channel.nio.NioEventLoop.processSelectedKey(NioEventLoop.java:632)
	at org.apache.ratis.thirdparty.io.netty.channel.nio.NioEventLoop.processSelectedKeysOptimized(NioEventLoop.java:579)
	at org.apache.ratis.thirdparty.io.netty.channel.nio.NioEventLoop.processSelectedKeys(NioEventLoop.java:496)
	at org.apache.ratis.thirdparty.io.netty.channel.nio.NioEventLoop.run(NioEventLoop.java:458)
	at org.apache.ratis.thirdparty.io.netty.util.concurrent.SingleThreadEventExecutor$5.run(SingleThreadEventExecutor.java:897)
	at org.apache.ratis.thirdparty.io.netty.util.concurrent.FastThreadLocalRunnable.run(FastThreadLocalRunnable.java:30)
	... 1 more
Caused by: java.net.ConnectException: Connection refused
	... 11 more
2019-10-16 05:41:52,329 [a85e69e5-760c-4b40-a424-fc77673779df@group-AFFE1363742F-LeaderElection45] INFO  impl.LeaderElection (LogUtils.java:infoOrTrace(149)) -   Exception 1: {}
java.util.concurrent.ExecutionException: org.apache.ratis.thirdparty.io.grpc.StatusRuntimeException: UNAVAILABLE: io exception
	at java.util.concurrent.FutureTask.report(FutureTask.java:122)
	at java.util.concurrent.FutureTask.get(FutureTask.java:192)
	at org.apache.ratis.server.impl.LeaderElection.waitForResults(LeaderElection.java:259)
	at org.apache.ratis.server.impl.LeaderElection.askForVotes(LeaderElection.java:197)
	at org.apache.ratis.server.impl.LeaderElection.run(LeaderElection.java:133)
	at java.lang.Thread.run(Thread.java:748)
Caused by: org.apache.ratis.thirdparty.io.grpc.StatusRuntimeException: UNAVAILABLE: io exception
	at org.apache.ratis.thirdparty.io.grpc.stub.ClientCalls.toStatusRuntimeException(ClientCalls.java:233)
	at org.apache.ratis.thirdparty.io.grpc.stub.ClientCalls.getUnchecked(ClientCalls.java:214)
	at org.apache.ratis.thirdparty.io.grpc.stub.ClientCalls.blockingUnaryCall(ClientCalls.java:139)
	at org.apache.ratis.proto.grpc.RaftServerProtocolServiceGrpc$RaftServerProtocolServiceBlockingStub.requestVote(RaftServerProtocolServiceGrpc.java:265)
	at org.apache.ratis.grpc.server.GrpcServerProtocolClient.requestVote(GrpcServerProtocolClient.java:99)
	at org.apache.ratis.grpc.server.GrpcService.requestVote(GrpcService.java:204)
	at org.apache.ratis.server.impl.LeaderElection.lambda$submitRequests$1(LeaderElection.java:234)
	at java.util.concurrent.FutureTask.run(FutureTask.java:266)
	at java.util.concurrent.Executors$RunnableAdapter.call(Executors.java:511)
	at java.util.concurrent.FutureTask.run(FutureTask.java:266)
	at java.util.concurrent.ThreadPoolExecutor.runWorker(ThreadPoolExecutor.java:1149)
	at java.util.concurrent.ThreadPoolExecutor$Worker.run(ThreadPoolExecutor.java:624)
	... 1 more
Caused by: org.apache.ratis.thirdparty.io.netty.channel.AbstractChannel$AnnotatedConnectException: Connection refused: /192.168.69.104:45225
	at sun.nio.ch.SocketChannelImpl.checkConnect(Native Method)
	at sun.nio.ch.SocketChannelImpl.finishConnect(SocketChannelImpl.java:717)
	at org.apache.ratis.thirdparty.io.netty.channel.socket.nio.NioSocketChannel.doFinishConnect(NioSocketChannel.java:327)
	at org.apache.ratis.thirdparty.io.netty.channel.nio.AbstractNioChannel$AbstractNioUnsafe.finishConnect(AbstractNioChannel.java:340)
	at org.apache.ratis.thirdparty.io.netty.channel.nio.NioEventLoop.processSelectedKey(NioEventLoop.java:632)
	at org.apache.ratis.thirdparty.io.netty.channel.nio.NioEventLoop.processSelectedKeysOptimized(NioEventLoop.java:579)
	at org.apache.ratis.thirdparty.io.netty.channel.nio.NioEventLoop.processSelectedKeys(NioEventLoop.java:496)
	at org.apache.ratis.thirdparty.io.netty.channel.nio.NioEventLoop.run(NioEventLoop.java:458)
	at org.apache.ratis.thirdparty.io.netty.util.concurrent.SingleThreadEventExecutor$5.run(SingleThreadEventExecutor.java:897)
	at org.apache.ratis.thirdparty.io.netty.util.concurrent.FastThreadLocalRunnable.run(FastThreadLocalRunnable.java:30)
	... 1 more
Caused by: java.net.ConnectException: Connection refused
	... 11 more
2019-10-16 05:41:52,330 [a85e69e5-760c-4b40-a424-fc77673779df@group-AFFE1363742F-LeaderElection45] INFO  impl.RaftServerImpl (RaftServerImpl.java:setRole(184)) - a85e69e5-760c-4b40-a424-fc77673779df@group-AFFE1363742F: changes role from CANDIDATE to FOLLOWER at term 26 for DISCOVERED_A_NEW_TERM
2019-10-16 05:41:52,330 [a85e69e5-760c-4b40-a424-fc77673779df@group-AFFE1363742F-LeaderElection45] INFO  impl.RoleInfo (RoleInfo.java:shutdownLeaderElection(134)) - a85e69e5-760c-4b40-a424-fc77673779df: shutdown LeaderElection
2019-10-16 05:41:52,330 [a85e69e5-760c-4b40-a424-fc77673779df@group-AFFE1363742F-LeaderElection45] INFO  impl.RoleInfo (RoleInfo.java:updateAndGet(143)) - a85e69e5-760c-4b40-a424-fc77673779df: start FollowerState
2019-10-16 05:41:53,415 [Thread-1350] INFO  impl.FollowerState (FollowerState.java:run(108)) - a85e69e5-760c-4b40-a424-fc77673779df@group-AFFE1363742F-FollowerState: change to CANDIDATE, lastRpcTime:1084ms, electionTimeout:1084ms
2019-10-16 05:41:53,415 [Thread-1350] INFO  impl.RoleInfo (RoleInfo.java:shutdownFollowerState(121)) - a85e69e5-760c-4b40-a424-fc77673779df: shutdown FollowerState
2019-10-16 05:41:53,415 [Thread-1350] INFO  impl.RaftServerImpl (RaftServerImpl.java:setRole(184)) - a85e69e5-760c-4b40-a424-fc77673779df@group-AFFE1363742F: changes role from  FOLLOWER to CANDIDATE at term 26 for changeToCandidate
2019-10-16 05:41:53,416 [Thread-1350] INFO  impl.RoleInfo (RoleInfo.java:updateAndGet(143)) - a85e69e5-760c-4b40-a424-fc77673779df: start LeaderElection
2019-10-16 05:41:53,432 [a85e69e5-760c-4b40-a424-fc77673779df@group-AFFE1363742F-LeaderElection46] INFO  impl.LeaderElection (LeaderElection.java:askForVotes(178)) - a85e69e5-760c-4b40-a424-fc77673779df@group-AFFE1363742F-LeaderElection46: begin an election at term 27 for 0: [163c5688-ede5-44ab-b3bd-c5a10f730980:192.168.69.104:45225, a85e69e5-760c-4b40-a424-fc77673779df:192.168.69.104:37941, 73edb6ac-4c26-463f-ad6d-00f88e6dbd58:192.168.69.104:35488], old=null
2019-10-16 05:41:53,433 [a85e69e5-760c-4b40-a424-fc77673779df@group-AFFE1363742F-LeaderElection46] INFO  impl.LeaderElection (LogUtils.java:infoOrTrace(149)) - a85e69e5-760c-4b40-a424-fc77673779df@group-AFFE1363742F-LeaderElection46 got exception when requesting votes: {}
java.util.concurrent.ExecutionException: org.apache.ratis.thirdparty.io.grpc.StatusRuntimeException: UNAVAILABLE: io exception
	at java.util.concurrent.FutureTask.report(FutureTask.java:122)
	at java.util.concurrent.FutureTask.get(FutureTask.java:192)
	at org.apache.ratis.server.impl.LeaderElection.waitForResults(LeaderElection.java:259)
	at org.apache.ratis.server.impl.LeaderElection.askForVotes(LeaderElection.java:197)
	at org.apache.ratis.server.impl.LeaderElection.run(LeaderElection.java:133)
	at java.lang.Thread.run(Thread.java:748)
Caused by: org.apache.ratis.thirdparty.io.grpc.StatusRuntimeException: UNAVAILABLE: io exception
	at org.apache.ratis.thirdparty.io.grpc.stub.ClientCalls.toStatusRuntimeException(ClientCalls.java:233)
	at org.apache.ratis.thirdparty.io.grpc.stub.ClientCalls.getUnchecked(ClientCalls.java:214)
	at org.apache.ratis.thirdparty.io.grpc.stub.ClientCalls.blockingUnaryCall(ClientCalls.java:139)
	at org.apache.ratis.proto.grpc.RaftServerProtocolServiceGrpc$RaftServerProtocolServiceBlockingStub.requestVote(RaftServerProtocolServiceGrpc.java:265)
	at org.apache.ratis.grpc.server.GrpcServerProtocolClient.requestVote(GrpcServerProtocolClient.java:99)
	at org.apache.ratis.grpc.server.GrpcService.requestVote(GrpcService.java:204)
	at org.apache.ratis.server.impl.LeaderElection.lambda$submitRequests$1(LeaderElection.java:234)
	at java.util.concurrent.FutureTask.run(FutureTask.java:266)
	at java.util.concurrent.Executors$RunnableAdapter.call(Executors.java:511)
	at java.util.concurrent.FutureTask.run(FutureTask.java:266)
	at java.util.concurrent.ThreadPoolExecutor.runWorker(ThreadPoolExecutor.java:1149)
	at java.util.concurrent.ThreadPoolExecutor$Worker.run(ThreadPoolExecutor.java:624)
	... 1 more
Caused by: org.apache.ratis.thirdparty.io.netty.channel.AbstractChannel$AnnotatedConnectException: Connection refused: /192.168.69.104:35488
	at sun.nio.ch.SocketChannelImpl.checkConnect(Native Method)
	at sun.nio.ch.SocketChannelImpl.finishConnect(SocketChannelImpl.java:717)
	at org.apache.ratis.thirdparty.io.netty.channel.socket.nio.NioSocketChannel.doFinishConnect(NioSocketChannel.java:327)
	at org.apache.ratis.thirdparty.io.netty.channel.nio.AbstractNioChannel$AbstractNioUnsafe.finishConnect(AbstractNioChannel.java:340)
	at org.apache.ratis.thirdparty.io.netty.channel.nio.NioEventLoop.processSelectedKey(NioEventLoop.java:632)
	at org.apache.ratis.thirdparty.io.netty.channel.nio.NioEventLoop.processSelectedKeysOptimized(NioEventLoop.java:579)
	at org.apache.ratis.thirdparty.io.netty.channel.nio.NioEventLoop.processSelectedKeys(NioEventLoop.java:496)
	at org.apache.ratis.thirdparty.io.netty.channel.nio.NioEventLoop.run(NioEventLoop.java:458)
	at org.apache.ratis.thirdparty.io.netty.util.concurrent.SingleThreadEventExecutor$5.run(SingleThreadEventExecutor.java:897)
	at org.apache.ratis.thirdparty.io.netty.util.concurrent.FastThreadLocalRunnable.run(FastThreadLocalRunnable.java:30)
	... 1 more
Caused by: java.net.ConnectException: Connection refused
	... 11 more
2019-10-16 05:41:53,437 [a85e69e5-760c-4b40-a424-fc77673779df@group-AFFE1363742F-LeaderElection46] INFO  impl.LeaderElection (LogUtils.java:infoOrTrace(149)) - a85e69e5-760c-4b40-a424-fc77673779df@group-AFFE1363742F-LeaderElection46 got exception when requesting votes: {}
java.util.concurrent.ExecutionException: org.apache.ratis.thirdparty.io.grpc.StatusRuntimeException: UNAVAILABLE: io exception
	at java.util.concurrent.FutureTask.report(FutureTask.java:122)
	at java.util.concurrent.FutureTask.get(FutureTask.java:192)
	at org.apache.ratis.server.impl.LeaderElection.waitForResults(LeaderElection.java:259)
	at org.apache.ratis.server.impl.LeaderElection.askForVotes(LeaderElection.java:197)
	at org.apache.ratis.server.impl.LeaderElection.run(LeaderElection.java:133)
	at java.lang.Thread.run(Thread.java:748)
Caused by: org.apache.ratis.thirdparty.io.grpc.StatusRuntimeException: UNAVAILABLE: io exception
	at org.apache.ratis.thirdparty.io.grpc.stub.ClientCalls.toStatusRuntimeException(ClientCalls.java:233)
	at org.apache.ratis.thirdparty.io.grpc.stub.ClientCalls.getUnchecked(ClientCalls.java:214)
	at org.apache.ratis.thirdparty.io.grpc.stub.ClientCalls.blockingUnaryCall(ClientCalls.java:139)
	at org.apache.ratis.proto.grpc.RaftServerProtocolServiceGrpc$RaftServerProtocolServiceBlockingStub.requestVote(RaftServerProtocolServiceGrpc.java:265)
	at org.apache.ratis.grpc.server.GrpcServerProtocolClient.requestVote(GrpcServerProtocolClient.java:99)
	at org.apache.ratis.grpc.server.GrpcService.requestVote(GrpcService.java:204)
	at org.apache.ratis.server.impl.LeaderElection.lambda$submitRequests$1(LeaderElection.java:234)
	at java.util.concurrent.FutureTask.run(FutureTask.java:266)
	at java.util.concurrent.Executors$RunnableAdapter.call(Executors.java:511)
	at java.util.concurrent.FutureTask.run(FutureTask.java:266)
	at java.util.concurrent.ThreadPoolExecutor.runWorker(ThreadPoolExecutor.java:1149)
	at java.util.concurrent.ThreadPoolExecutor$Worker.run(ThreadPoolExecutor.java:624)
	... 1 more
Caused by: org.apache.ratis.thirdparty.io.netty.channel.AbstractChannel$AnnotatedConnectException: Connection refused: /192.168.69.104:45225
	at sun.nio.ch.SocketChannelImpl.checkConnect(Native Method)
	at sun.nio.ch.SocketChannelImpl.finishConnect(SocketChannelImpl.java:717)
	at org.apache.ratis.thirdparty.io.netty.channel.socket.nio.NioSocketChannel.doFinishConnect(NioSocketChannel.java:327)
	at org.apache.ratis.thirdparty.io.netty.channel.nio.AbstractNioChannel$AbstractNioUnsafe.finishConnect(AbstractNioChannel.java:340)
	at org.apache.ratis.thirdparty.io.netty.channel.nio.NioEventLoop.processSelectedKey(NioEventLoop.java:632)
	at org.apache.ratis.thirdparty.io.netty.channel.nio.NioEventLoop.processSelectedKeysOptimized(NioEventLoop.java:579)
	at org.apache.ratis.thirdparty.io.netty.channel.nio.NioEventLoop.processSelectedKeys(NioEventLoop.java:496)
	at org.apache.ratis.thirdparty.io.netty.channel.nio.NioEventLoop.run(NioEventLoop.java:458)
	at org.apache.ratis.thirdparty.io.netty.util.concurrent.SingleThreadEventExecutor$5.run(SingleThreadEventExecutor.java:897)
	at org.apache.ratis.thirdparty.io.netty.util.concurrent.FastThreadLocalRunnable.run(FastThreadLocalRunnable.java:30)
	... 1 more
Caused by: java.net.ConnectException: Connection refused
	... 11 more
2019-10-16 05:41:53,439 [a85e69e5-760c-4b40-a424-fc77673779df@group-AFFE1363742F-LeaderElection46] INFO  impl.LeaderElection (LeaderElection.java:logAndReturn(56)) - a85e69e5-760c-4b40-a424-fc77673779df@group-AFFE1363742F-LeaderElection46: Election REJECTED; received 0 response(s) [] and 2 exception(s); a85e69e5-760c-4b40-a424-fc77673779df@group-AFFE1363742F:t27, leader=null, voted=a85e69e5-760c-4b40-a424-fc77673779df, raftlog=a85e69e5-760c-4b40-a424-fc77673779df@group-AFFE1363742F-SegmentedRaftLog:OPENED:c28,f28,i28, conf=0: [163c5688-ede5-44ab-b3bd-c5a10f730980:192.168.69.104:45225, a85e69e5-760c-4b40-a424-fc77673779df:192.168.69.104:37941, 73edb6ac-4c26-463f-ad6d-00f88e6dbd58:192.168.69.104:35488], old=null
2019-10-16 05:41:53,439 [a85e69e5-760c-4b40-a424-fc77673779df@group-AFFE1363742F-LeaderElection46] INFO  impl.LeaderElection (LogUtils.java:infoOrTrace(149)) -   Exception 0: {}
java.util.concurrent.ExecutionException: org.apache.ratis.thirdparty.io.grpc.StatusRuntimeException: UNAVAILABLE: io exception
	at java.util.concurrent.FutureTask.report(FutureTask.java:122)
	at java.util.concurrent.FutureTask.get(FutureTask.java:192)
	at org.apache.ratis.server.impl.LeaderElection.waitForResults(LeaderElection.java:259)
	at org.apache.ratis.server.impl.LeaderElection.askForVotes(LeaderElection.java:197)
	at org.apache.ratis.server.impl.LeaderElection.run(LeaderElection.java:133)
	at java.lang.Thread.run(Thread.java:748)
Caused by: org.apache.ratis.thirdparty.io.grpc.StatusRuntimeException: UNAVAILABLE: io exception
	at org.apache.ratis.thirdparty.io.grpc.stub.ClientCalls.toStatusRuntimeException(ClientCalls.java:233)
	at org.apache.ratis.thirdparty.io.grpc.stub.ClientCalls.getUnchecked(ClientCalls.java:214)
	at org.apache.ratis.thirdparty.io.grpc.stub.ClientCalls.blockingUnaryCall(ClientCalls.java:139)
	at org.apache.ratis.proto.grpc.RaftServerProtocolServiceGrpc$RaftServerProtocolServiceBlockingStub.requestVote(RaftServerProtocolServiceGrpc.java:265)
	at org.apache.ratis.grpc.server.GrpcServerProtocolClient.requestVote(GrpcServerProtocolClient.java:99)
	at org.apache.ratis.grpc.server.GrpcService.requestVote(GrpcService.java:204)
	at org.apache.ratis.server.impl.LeaderElection.lambda$submitRequests$1(LeaderElection.java:234)
	at java.util.concurrent.FutureTask.run(FutureTask.java:266)
	at java.util.concurrent.Executors$RunnableAdapter.call(Executors.java:511)
	at java.util.concurrent.FutureTask.run(FutureTask.java:266)
	at java.util.concurrent.ThreadPoolExecutor.runWorker(ThreadPoolExecutor.java:1149)
	at java.util.concurrent.ThreadPoolExecutor$Worker.run(ThreadPoolExecutor.java:624)
	... 1 more
Caused by: org.apache.ratis.thirdparty.io.netty.channel.AbstractChannel$AnnotatedConnectException: Connection refused: /192.168.69.104:35488
	at sun.nio.ch.SocketChannelImpl.checkConnect(Native Method)
	at sun.nio.ch.SocketChannelImpl.finishConnect(SocketChannelImpl.java:717)
	at org.apache.ratis.thirdparty.io.netty.channel.socket.nio.NioSocketChannel.doFinishConnect(NioSocketChannel.java:327)
	at org.apache.ratis.thirdparty.io.netty.channel.nio.AbstractNioChannel$AbstractNioUnsafe.finishConnect(AbstractNioChannel.java:340)
	at org.apache.ratis.thirdparty.io.netty.channel.nio.NioEventLoop.processSelectedKey(NioEventLoop.java:632)
	at org.apache.ratis.thirdparty.io.netty.channel.nio.NioEventLoop.processSelectedKeysOptimized(NioEventLoop.java:579)
	at org.apache.ratis.thirdparty.io.netty.channel.nio.NioEventLoop.processSelectedKeys(NioEventLoop.java:496)
	at org.apache.ratis.thirdparty.io.netty.channel.nio.NioEventLoop.run(NioEventLoop.java:458)
	at org.apache.ratis.thirdparty.io.netty.util.concurrent.SingleThreadEventExecutor$5.run(SingleThreadEventExecutor.java:897)
	at org.apache.ratis.thirdparty.io.netty.util.concurrent.FastThreadLocalRunnable.run(FastThreadLocalRunnable.java:30)
	... 1 more
Caused by: java.net.ConnectException: Connection refused
	... 11 more
2019-10-16 05:41:53,440 [a85e69e5-760c-4b40-a424-fc77673779df@group-AFFE1363742F-LeaderElection46] INFO  impl.LeaderElection (LogUtils.java:infoOrTrace(149)) -   Exception 1: {}
java.util.concurrent.ExecutionException: org.apache.ratis.thirdparty.io.grpc.StatusRuntimeException: UNAVAILABLE: io exception
	at java.util.concurrent.FutureTask.report(FutureTask.java:122)
	at java.util.concurrent.FutureTask.get(FutureTask.java:192)
	at org.apache.ratis.server.impl.LeaderElection.waitForResults(LeaderElection.java:259)
	at org.apache.ratis.server.impl.LeaderElection.askForVotes(LeaderElection.java:197)
	at org.apache.ratis.server.impl.LeaderElection.run(LeaderElection.java:133)
	at java.lang.Thread.run(Thread.java:748)
Caused by: org.apache.ratis.thirdparty.io.grpc.StatusRuntimeException: UNAVAILABLE: io exception
	at org.apache.ratis.thirdparty.io.grpc.stub.ClientCalls.toStatusRuntimeException(ClientCalls.java:233)
	at org.apache.ratis.thirdparty.io.grpc.stub.ClientCalls.getUnchecked(ClientCalls.java:214)
	at org.apache.ratis.thirdparty.io.grpc.stub.ClientCalls.blockingUnaryCall(ClientCalls.java:139)
	at org.apache.ratis.proto.grpc.RaftServerProtocolServiceGrpc$RaftServerProtocolServiceBlockingStub.requestVote(RaftServerProtocolServiceGrpc.java:265)
	at org.apache.ratis.grpc.server.GrpcServerProtocolClient.requestVote(GrpcServerProtocolClient.java:99)
	at org.apache.ratis.grpc.server.GrpcService.requestVote(GrpcService.java:204)
	at org.apache.ratis.server.impl.LeaderElection.lambda$submitRequests$1(LeaderElection.java:234)
	at java.util.concurrent.FutureTask.run(FutureTask.java:266)
	at java.util.concurrent.Executors$RunnableAdapter.call(Executors.java:511)
	at java.util.concurrent.FutureTask.run(FutureTask.java:266)
	at java.util.concurrent.ThreadPoolExecutor.runWorker(ThreadPoolExecutor.java:1149)
	at java.util.concurrent.ThreadPoolExecutor$Worker.run(ThreadPoolExecutor.java:624)
	... 1 more
Caused by: org.apache.ratis.thirdparty.io.netty.channel.AbstractChannel$AnnotatedConnectException: Connection refused: /192.168.69.104:45225
	at sun.nio.ch.SocketChannelImpl.checkConnect(Native Method)
	at sun.nio.ch.SocketChannelImpl.finishConnect(SocketChannelImpl.java:717)
	at org.apache.ratis.thirdparty.io.netty.channel.socket.nio.NioSocketChannel.doFinishConnect(NioSocketChannel.java:327)
	at org.apache.ratis.thirdparty.io.netty.channel.nio.AbstractNioChannel$AbstractNioUnsafe.finishConnect(AbstractNioChannel.java:340)
	at org.apache.ratis.thirdparty.io.netty.channel.nio.NioEventLoop.processSelectedKey(NioEventLoop.java:632)
	at org.apache.ratis.thirdparty.io.netty.channel.nio.NioEventLoop.processSelectedKeysOptimized(NioEventLoop.java:579)
	at org.apache.ratis.thirdparty.io.netty.channel.nio.NioEventLoop.processSelectedKeys(NioEventLoop.java:496)
	at org.apache.ratis.thirdparty.io.netty.channel.nio.NioEventLoop.run(NioEventLoop.java:458)
	at org.apache.ratis.thirdparty.io.netty.util.concurrent.SingleThreadEventExecutor$5.run(SingleThreadEventExecutor.java:897)
	at org.apache.ratis.thirdparty.io.netty.util.concurrent.FastThreadLocalRunnable.run(FastThreadLocalRunnable.java:30)
	... 1 more
Caused by: java.net.ConnectException: Connection refused
	... 11 more
2019-10-16 05:41:53,440 [a85e69e5-760c-4b40-a424-fc77673779df@group-AFFE1363742F-LeaderElection46] INFO  impl.RaftServerImpl (RaftServerImpl.java:setRole(184)) - a85e69e5-760c-4b40-a424-fc77673779df@group-AFFE1363742F: changes role from CANDIDATE to FOLLOWER at term 27 for DISCOVERED_A_NEW_TERM
2019-10-16 05:41:53,440 [a85e69e5-760c-4b40-a424-fc77673779df@group-AFFE1363742F-LeaderElection46] INFO  impl.RoleInfo (RoleInfo.java:shutdownLeaderElection(134)) - a85e69e5-760c-4b40-a424-fc77673779df: shutdown LeaderElection
2019-10-16 05:41:53,440 [a85e69e5-760c-4b40-a424-fc77673779df@group-AFFE1363742F-LeaderElection46] INFO  impl.RoleInfo (RoleInfo.java:updateAndGet(143)) - a85e69e5-760c-4b40-a424-fc77673779df: start FollowerState
2019-10-16 05:41:54,464 [Thread-1362] INFO  impl.FollowerState (FollowerState.java:run(108)) - a85e69e5-760c-4b40-a424-fc77673779df@group-AFFE1363742F-FollowerState: change to CANDIDATE, lastRpcTime:1023ms, electionTimeout:1023ms
2019-10-16 05:41:54,464 [Thread-1362] INFO  impl.RoleInfo (RoleInfo.java:shutdownFollowerState(121)) - a85e69e5-760c-4b40-a424-fc77673779df: shutdown FollowerState
2019-10-16 05:41:54,464 [Thread-1362] INFO  impl.RaftServerImpl (RaftServerImpl.java:setRole(184)) - a85e69e5-760c-4b40-a424-fc77673779df@group-AFFE1363742F: changes role from  FOLLOWER to CANDIDATE at term 27 for changeToCandidate
2019-10-16 05:41:54,465 [Thread-1362] INFO  impl.RoleInfo (RoleInfo.java:updateAndGet(143)) - a85e69e5-760c-4b40-a424-fc77673779df: start LeaderElection
2019-10-16 05:41:54,490 [a85e69e5-760c-4b40-a424-fc77673779df@group-AFFE1363742F-LeaderElection47] INFO  impl.LeaderElection (LeaderElection.java:askForVotes(178)) - a85e69e5-760c-4b40-a424-fc77673779df@group-AFFE1363742F-LeaderElection47: begin an election at term 28 for 0: [163c5688-ede5-44ab-b3bd-c5a10f730980:192.168.69.104:45225, a85e69e5-760c-4b40-a424-fc77673779df:192.168.69.104:37941, 73edb6ac-4c26-463f-ad6d-00f88e6dbd58:192.168.69.104:35488], old=null
2019-10-16 05:41:54,492 [a85e69e5-760c-4b40-a424-fc77673779df@group-AFFE1363742F-LeaderElection47] INFO  impl.LeaderElection (LogUtils.java:infoOrTrace(149)) - a85e69e5-760c-4b40-a424-fc77673779df@group-AFFE1363742F-LeaderElection47 got exception when requesting votes: {}
java.util.concurrent.ExecutionException: org.apache.ratis.thirdparty.io.grpc.StatusRuntimeException: UNAVAILABLE: io exception
	at java.util.concurrent.FutureTask.report(FutureTask.java:122)
	at java.util.concurrent.FutureTask.get(FutureTask.java:192)
	at org.apache.ratis.server.impl.LeaderElection.waitForResults(LeaderElection.java:259)
	at org.apache.ratis.server.impl.LeaderElection.askForVotes(LeaderElection.java:197)
	at org.apache.ratis.server.impl.LeaderElection.run(LeaderElection.java:133)
	at java.lang.Thread.run(Thread.java:748)
Caused by: org.apache.ratis.thirdparty.io.grpc.StatusRuntimeException: UNAVAILABLE: io exception
	at org.apache.ratis.thirdparty.io.grpc.stub.ClientCalls.toStatusRuntimeException(ClientCalls.java:233)
	at org.apache.ratis.thirdparty.io.grpc.stub.ClientCalls.getUnchecked(ClientCalls.java:214)
	at org.apache.ratis.thirdparty.io.grpc.stub.ClientCalls.blockingUnaryCall(ClientCalls.java:139)
	at org.apache.ratis.proto.grpc.RaftServerProtocolServiceGrpc$RaftServerProtocolServiceBlockingStub.requestVote(RaftServerProtocolServiceGrpc.java:265)
	at org.apache.ratis.grpc.server.GrpcServerProtocolClient.requestVote(GrpcServerProtocolClient.java:99)
	at org.apache.ratis.grpc.server.GrpcService.requestVote(GrpcService.java:204)
	at org.apache.ratis.server.impl.LeaderElection.lambda$submitRequests$1(LeaderElection.java:234)
	at java.util.concurrent.FutureTask.run(FutureTask.java:266)
	at java.util.concurrent.Executors$RunnableAdapter.call(Executors.java:511)
	at java.util.concurrent.FutureTask.run(FutureTask.java:266)
	at java.util.concurrent.ThreadPoolExecutor.runWorker(ThreadPoolExecutor.java:1149)
	at java.util.concurrent.ThreadPoolExecutor$Worker.run(ThreadPoolExecutor.java:624)
	... 1 more
Caused by: org.apache.ratis.thirdparty.io.netty.channel.AbstractChannel$AnnotatedConnectException: Connection refused: /192.168.69.104:45225
	at sun.nio.ch.SocketChannelImpl.checkConnect(Native Method)
	at sun.nio.ch.SocketChannelImpl.finishConnect(SocketChannelImpl.java:717)
	at org.apache.ratis.thirdparty.io.netty.channel.socket.nio.NioSocketChannel.doFinishConnect(NioSocketChannel.java:327)
	at org.apache.ratis.thirdparty.io.netty.channel.nio.AbstractNioChannel$AbstractNioUnsafe.finishConnect(AbstractNioChannel.java:340)
	at org.apache.ratis.thirdparty.io.netty.channel.nio.NioEventLoop.processSelectedKey(NioEventLoop.java:632)
	at org.apache.ratis.thirdparty.io.netty.channel.nio.NioEventLoop.processSelectedKeysOptimized(NioEventLoop.java:579)
	at org.apache.ratis.thirdparty.io.netty.channel.nio.NioEventLoop.processSelectedKeys(NioEventLoop.java:496)
	at org.apache.ratis.thirdparty.io.netty.channel.nio.NioEventLoop.run(NioEventLoop.java:458)
	at org.apache.ratis.thirdparty.io.netty.util.concurrent.SingleThreadEventExecutor$5.run(SingleThreadEventExecutor.java:897)
	at org.apache.ratis.thirdparty.io.netty.util.concurrent.FastThreadLocalRunnable.run(FastThreadLocalRunnable.java:30)
	... 1 more
Caused by: java.net.ConnectException: Connection refused
	... 11 more
2019-10-16 05:41:54,494 [a85e69e5-760c-4b40-a424-fc77673779df@group-AFFE1363742F-LeaderElection47] INFO  impl.LeaderElection (LogUtils.java:infoOrTrace(149)) - a85e69e5-760c-4b40-a424-fc77673779df@group-AFFE1363742F-LeaderElection47 got exception when requesting votes: {}
java.util.concurrent.ExecutionException: org.apache.ratis.thirdparty.io.grpc.StatusRuntimeException: UNAVAILABLE: io exception
	at java.util.concurrent.FutureTask.report(FutureTask.java:122)
	at java.util.concurrent.FutureTask.get(FutureTask.java:192)
	at org.apache.ratis.server.impl.LeaderElection.waitForResults(LeaderElection.java:259)
	at org.apache.ratis.server.impl.LeaderElection.askForVotes(LeaderElection.java:197)
	at org.apache.ratis.server.impl.LeaderElection.run(LeaderElection.java:133)
	at java.lang.Thread.run(Thread.java:748)
Caused by: org.apache.ratis.thirdparty.io.grpc.StatusRuntimeException: UNAVAILABLE: io exception
	at org.apache.ratis.thirdparty.io.grpc.stub.ClientCalls.toStatusRuntimeException(ClientCalls.java:233)
	at org.apache.ratis.thirdparty.io.grpc.stub.ClientCalls.getUnchecked(ClientCalls.java:214)
	at org.apache.ratis.thirdparty.io.grpc.stub.ClientCalls.blockingUnaryCall(ClientCalls.java:139)
	at org.apache.ratis.proto.grpc.RaftServerProtocolServiceGrpc$RaftServerProtocolServiceBlockingStub.requestVote(RaftServerProtocolServiceGrpc.java:265)
	at org.apache.ratis.grpc.server.GrpcServerProtocolClient.requestVote(GrpcServerProtocolClient.java:99)
	at org.apache.ratis.grpc.server.GrpcService.requestVote(GrpcService.java:204)
	at org.apache.ratis.server.impl.LeaderElection.lambda$submitRequests$1(LeaderElection.java:234)
	at java.util.concurrent.FutureTask.run(FutureTask.java:266)
	at java.util.concurrent.Executors$RunnableAdapter.call(Executors.java:511)
	at java.util.concurrent.FutureTask.run(FutureTask.java:266)
	at java.util.concurrent.ThreadPoolExecutor.runWorker(ThreadPoolExecutor.java:1149)
	at java.util.concurrent.ThreadPoolExecutor$Worker.run(ThreadPoolExecutor.java:624)
	... 1 more
Caused by: org.apache.ratis.thirdparty.io.netty.channel.AbstractChannel$AnnotatedConnectException: Connection refused: /192.168.69.104:35488
	at sun.nio.ch.SocketChannelImpl.checkConnect(Native Method)
	at sun.nio.ch.SocketChannelImpl.finishConnect(SocketChannelImpl.java:717)
	at org.apache.ratis.thirdparty.io.netty.channel.socket.nio.NioSocketChannel.doFinishConnect(NioSocketChannel.java:327)
	at org.apache.ratis.thirdparty.io.netty.channel.nio.AbstractNioChannel$AbstractNioUnsafe.finishConnect(AbstractNioChannel.java:340)
	at org.apache.ratis.thirdparty.io.netty.channel.nio.NioEventLoop.processSelectedKey(NioEventLoop.java:632)
	at org.apache.ratis.thirdparty.io.netty.channel.nio.NioEventLoop.processSelectedKeysOptimized(NioEventLoop.java:579)
	at org.apache.ratis.thirdparty.io.netty.channel.nio.NioEventLoop.processSelectedKeys(NioEventLoop.java:496)
	at org.apache.ratis.thirdparty.io.netty.channel.nio.NioEventLoop.run(NioEventLoop.java:458)
	at org.apache.ratis.thirdparty.io.netty.util.concurrent.SingleThreadEventExecutor$5.run(SingleThreadEventExecutor.java:897)
	at org.apache.ratis.thirdparty.io.netty.util.concurrent.FastThreadLocalRunnable.run(FastThreadLocalRunnable.java:30)
	... 1 more
Caused by: java.net.ConnectException: Connection refused
	... 11 more
2019-10-16 05:41:54,497 [a85e69e5-760c-4b40-a424-fc77673779df@group-AFFE1363742F-LeaderElection47] INFO  impl.LeaderElection (LeaderElection.java:logAndReturn(56)) - a85e69e5-760c-4b40-a424-fc77673779df@group-AFFE1363742F-LeaderElection47: Election REJECTED; received 0 response(s) [] and 2 exception(s); a85e69e5-760c-4b40-a424-fc77673779df@group-AFFE1363742F:t28, leader=null, voted=a85e69e5-760c-4b40-a424-fc77673779df, raftlog=a85e69e5-760c-4b40-a424-fc77673779df@group-AFFE1363742F-SegmentedRaftLog:OPENED:c28,f28,i28, conf=0: [163c5688-ede5-44ab-b3bd-c5a10f730980:192.168.69.104:45225, a85e69e5-760c-4b40-a424-fc77673779df:192.168.69.104:37941, 73edb6ac-4c26-463f-ad6d-00f88e6dbd58:192.168.69.104:35488], old=null
2019-10-16 05:41:54,497 [a85e69e5-760c-4b40-a424-fc77673779df@group-AFFE1363742F-LeaderElection47] INFO  impl.LeaderElection (LogUtils.java:infoOrTrace(149)) -   Exception 0: {}
java.util.concurrent.ExecutionException: org.apache.ratis.thirdparty.io.grpc.StatusRuntimeException: UNAVAILABLE: io exception
	at java.util.concurrent.FutureTask.report(FutureTask.java:122)
	at java.util.concurrent.FutureTask.get(FutureTask.java:192)
	at org.apache.ratis.server.impl.LeaderElection.waitForResults(LeaderElection.java:259)
	at org.apache.ratis.server.impl.LeaderElection.askForVotes(LeaderElection.java:197)
	at org.apache.ratis.server.impl.LeaderElection.run(LeaderElection.java:133)
	at java.lang.Thread.run(Thread.java:748)
Caused by: org.apache.ratis.thirdparty.io.grpc.StatusRuntimeException: UNAVAILABLE: io exception
	at org.apache.ratis.thirdparty.io.grpc.stub.ClientCalls.toStatusRuntimeException(ClientCalls.java:233)
	at org.apache.ratis.thirdparty.io.grpc.stub.ClientCalls.getUnchecked(ClientCalls.java:214)
	at org.apache.ratis.thirdparty.io.grpc.stub.ClientCalls.blockingUnaryCall(ClientCalls.java:139)
	at org.apache.ratis.proto.grpc.RaftServerProtocolServiceGrpc$RaftServerProtocolServiceBlockingStub.requestVote(RaftServerProtocolServiceGrpc.java:265)
	at org.apache.ratis.grpc.server.GrpcServerProtocolClient.requestVote(GrpcServerProtocolClient.java:99)
	at org.apache.ratis.grpc.server.GrpcService.requestVote(GrpcService.java:204)
	at org.apache.ratis.server.impl.LeaderElection.lambda$submitRequests$1(LeaderElection.java:234)
	at java.util.concurrent.FutureTask.run(FutureTask.java:266)
	at java.util.concurrent.Executors$RunnableAdapter.call(Executors.java:511)
	at java.util.concurrent.FutureTask.run(FutureTask.java:266)
	at java.util.concurrent.ThreadPoolExecutor.runWorker(ThreadPoolExecutor.java:1149)
	at java.util.concurrent.ThreadPoolExecutor$Worker.run(ThreadPoolExecutor.java:624)
	... 1 more
Caused by: org.apache.ratis.thirdparty.io.netty.channel.AbstractChannel$AnnotatedConnectException: Connection refused: /192.168.69.104:45225
	at sun.nio.ch.SocketChannelImpl.checkConnect(Native Method)
	at sun.nio.ch.SocketChannelImpl.finishConnect(SocketChannelImpl.java:717)
	at org.apache.ratis.thirdparty.io.netty.channel.socket.nio.NioSocketChannel.doFinishConnect(NioSocketChannel.java:327)
	at org.apache.ratis.thirdparty.io.netty.channel.nio.AbstractNioChannel$AbstractNioUnsafe.finishConnect(AbstractNioChannel.java:340)
	at org.apache.ratis.thirdparty.io.netty.channel.nio.NioEventLoop.processSelectedKey(NioEventLoop.java:632)
	at org.apache.ratis.thirdparty.io.netty.channel.nio.NioEventLoop.processSelectedKeysOptimized(NioEventLoop.java:579)
	at org.apache.ratis.thirdparty.io.netty.channel.nio.NioEventLoop.processSelectedKeys(NioEventLoop.java:496)
	at org.apache.ratis.thirdparty.io.netty.channel.nio.NioEventLoop.run(NioEventLoop.java:458)
	at org.apache.ratis.thirdparty.io.netty.util.concurrent.SingleThreadEventExecutor$5.run(SingleThreadEventExecutor.java:897)
	at org.apache.ratis.thirdparty.io.netty.util.concurrent.FastThreadLocalRunnable.run(FastThreadLocalRunnable.java:30)
	... 1 more
Caused by: java.net.ConnectException: Connection refused
	... 11 more
2019-10-16 05:41:54,498 [a85e69e5-760c-4b40-a424-fc77673779df@group-AFFE1363742F-LeaderElection47] INFO  impl.LeaderElection (LogUtils.java:infoOrTrace(149)) -   Exception 1: {}
java.util.concurrent.ExecutionException: org.apache.ratis.thirdparty.io.grpc.StatusRuntimeException: UNAVAILABLE: io exception
	at java.util.concurrent.FutureTask.report(FutureTask.java:122)
	at java.util.concurrent.FutureTask.get(FutureTask.java:192)
	at org.apache.ratis.server.impl.LeaderElection.waitForResults(LeaderElection.java:259)
	at org.apache.ratis.server.impl.LeaderElection.askForVotes(LeaderElection.java:197)
	at org.apache.ratis.server.impl.LeaderElection.run(LeaderElection.java:133)
	at java.lang.Thread.run(Thread.java:748)
Caused by: org.apache.ratis.thirdparty.io.grpc.StatusRuntimeException: UNAVAILABLE: io exception
	at org.apache.ratis.thirdparty.io.grpc.stub.ClientCalls.toStatusRuntimeException(ClientCalls.java:233)
	at org.apache.ratis.thirdparty.io.grpc.stub.ClientCalls.getUnchecked(ClientCalls.java:214)
	at org.apache.ratis.thirdparty.io.grpc.stub.ClientCalls.blockingUnaryCall(ClientCalls.java:139)
	at org.apache.ratis.proto.grpc.RaftServerProtocolServiceGrpc$RaftServerProtocolServiceBlockingStub.requestVote(RaftServerProtocolServiceGrpc.java:265)
	at org.apache.ratis.grpc.server.GrpcServerProtocolClient.requestVote(GrpcServerProtocolClient.java:99)
	at org.apache.ratis.grpc.server.GrpcService.requestVote(GrpcService.java:204)
	at org.apache.ratis.server.impl.LeaderElection.lambda$submitRequests$1(LeaderElection.java:234)
	at java.util.concurrent.FutureTask.run(FutureTask.java:266)
	at java.util.concurrent.Executors$RunnableAdapter.call(Executors.java:511)
	at java.util.concurrent.FutureTask.run(FutureTask.java:266)
	at java.util.concurrent.ThreadPoolExecutor.runWorker(ThreadPoolExecutor.java:1149)
	at java.util.concurrent.ThreadPoolExecutor$Worker.run(ThreadPoolExecutor.java:624)
	... 1 more
Caused by: org.apache.ratis.thirdparty.io.netty.channel.AbstractChannel$AnnotatedConnectException: Connection refused: /192.168.69.104:35488
	at sun.nio.ch.SocketChannelImpl.checkConnect(Native Method)
	at sun.nio.ch.SocketChannelImpl.finishConnect(SocketChannelImpl.java:717)
	at org.apache.ratis.thirdparty.io.netty.channel.socket.nio.NioSocketChannel.doFinishConnect(NioSocketChannel.java:327)
	at org.apache.ratis.thirdparty.io.netty.channel.nio.AbstractNioChannel$AbstractNioUnsafe.finishConnect(AbstractNioChannel.java:340)
	at org.apache.ratis.thirdparty.io.netty.channel.nio.NioEventLoop.processSelectedKey(NioEventLoop.java:632)
	at org.apache.ratis.thirdparty.io.netty.channel.nio.NioEventLoop.processSelectedKeysOptimized(NioEventLoop.java:579)
	at org.apache.ratis.thirdparty.io.netty.channel.nio.NioEventLoop.processSelectedKeys(NioEventLoop.java:496)
	at org.apache.ratis.thirdparty.io.netty.channel.nio.NioEventLoop.run(NioEventLoop.java:458)
	at org.apache.ratis.thirdparty.io.netty.util.concurrent.SingleThreadEventExecutor$5.run(SingleThreadEventExecutor.java:897)
	at org.apache.ratis.thirdparty.io.netty.util.concurrent.FastThreadLocalRunnable.run(FastThreadLocalRunnable.java:30)
	... 1 more
Caused by: java.net.ConnectException: Connection refused
	... 11 more
2019-10-16 05:41:54,499 [a85e69e5-760c-4b40-a424-fc77673779df@group-AFFE1363742F-LeaderElection47] INFO  impl.RaftServerImpl (RaftServerImpl.java:setRole(184)) - a85e69e5-760c-4b40-a424-fc77673779df@group-AFFE1363742F: changes role from CANDIDATE to FOLLOWER at term 28 for DISCOVERED_A_NEW_TERM
2019-10-16 05:41:54,499 [a85e69e5-760c-4b40-a424-fc77673779df@group-AFFE1363742F-LeaderElection47] INFO  impl.RoleInfo (RoleInfo.java:shutdownLeaderElection(134)) - a85e69e5-760c-4b40-a424-fc77673779df: shutdown LeaderElection
2019-10-16 05:41:54,499 [a85e69e5-760c-4b40-a424-fc77673779df@group-AFFE1363742F-LeaderElection47] INFO  impl.RoleInfo (RoleInfo.java:updateAndGet(143)) - a85e69e5-760c-4b40-a424-fc77673779df: start FollowerState
2019-10-16 05:41:54,944 [ForkJoinPool.commonPool-worker-0] INFO  ozoneimpl.OzoneContainer (OzoneContainer.java:stop(227)) - Attempting to stop container services.
2019-10-16 05:41:54,944 [main] INFO  ozoneimpl.OzoneContainer (OzoneContainer.java:stop(227)) - Attempting to stop container services.
2019-10-16 05:41:54,945 [ForkJoinPool.commonPool-worker-0] INFO  impl.RaftServerProxy (RaftServerProxy.java:lambda$close$4(314)) - 9dd632ad-42c7-48e6-93db-e31edb4e1823: close
2019-10-16 05:41:54,946 [ForkJoinPool.commonPool-worker-0] INFO  impl.RaftServerImpl (RaftServerImpl.java:lambda$shutdown$3(261)) - 9dd632ad-42c7-48e6-93db-e31edb4e1823@group-A0F2C8CC7CB2: shutdown
2019-10-16 05:41:54,946 [ForkJoinPool.commonPool-worker-0] INFO  util.JmxRegister (JmxRegister.java:unregister(73)) - Successfully un-registered JMX Bean with object name Ratis:service=RaftServer,group=group-A0F2C8CC7CB2,id=9dd632ad-42c7-48e6-93db-e31edb4e1823
2019-10-16 05:41:54,946 [main] INFO  impl.RaftServerProxy (RaftServerProxy.java:lambda$close$4(314)) - ad5f0ea4-5dae-48da-9087-47ae9aef0548: close
2019-10-16 05:41:54,946 [ForkJoinPool.commonPool-worker-0] INFO  impl.RoleInfo (RoleInfo.java:shutdownLeaderState(104)) - 9dd632ad-42c7-48e6-93db-e31edb4e1823: shutdown LeaderState
2019-10-16 05:41:54,946 [main] INFO  impl.RaftServerImpl (RaftServerImpl.java:lambda$shutdown$3(261)) - ad5f0ea4-5dae-48da-9087-47ae9aef0548@group-52334D2A50B0: shutdown
2019-10-16 05:41:54,946 [ForkJoinPool.commonPool-worker-0] INFO  impl.PendingRequests (PendingRequests.java:sendNotLeaderResponses(202)) - 9dd632ad-42c7-48e6-93db-e31edb4e1823@group-A0F2C8CC7CB2-PendingRequests: sendNotLeaderResponses
2019-10-16 05:41:54,947 [ForkJoinPool.commonPool-worker-0] INFO  impl.StateMachineUpdater (StateMachineUpdater.java:stopAndJoin(136)) - 9dd632ad-42c7-48e6-93db-e31edb4e1823@group-A0F2C8CC7CB2-StateMachineUpdater: set stopIndex = 0
2019-10-16 05:41:54,947 [main] INFO  util.JmxRegister (JmxRegister.java:unregister(73)) - Successfully un-registered JMX Bean with object name Ratis:service=RaftServer,group=group-52334D2A50B0,id=ad5f0ea4-5dae-48da-9087-47ae9aef0548
2019-10-16 05:41:54,947 [main] INFO  impl.RoleInfo (RoleInfo.java:shutdownLeaderState(104)) - ad5f0ea4-5dae-48da-9087-47ae9aef0548: shutdown LeaderState
2019-10-16 05:41:54,948 [ForkJoinPool.commonPool-worker-0] INFO  impl.RaftServerImpl (ServerState.java:close(388)) - 9dd632ad-42c7-48e6-93db-e31edb4e1823@group-A0F2C8CC7CB2: closes. applyIndex: 0
2019-10-16 05:41:54,948 [main] INFO  impl.PendingRequests (PendingRequests.java:sendNotLeaderResponses(202)) - ad5f0ea4-5dae-48da-9087-47ae9aef0548@group-52334D2A50B0-PendingRequests: sendNotLeaderResponses
2019-10-16 05:41:54,948 [9dd632ad-42c7-48e6-93db-e31edb4e1823@group-A0F2C8CC7CB2-SegmentedRaftLogWorker] INFO  segmented.SegmentedRaftLogWorker (SegmentedRaftLogWorker.java:run(316)) - 9dd632ad-42c7-48e6-93db-e31edb4e1823@group-A0F2C8CC7CB2-SegmentedRaftLogWorker was interrupted, exiting. There are 0 tasks remaining in the queue.
2019-10-16 05:41:54,948 [main] INFO  impl.StateMachineUpdater (StateMachineUpdater.java:stopAndJoin(136)) - ad5f0ea4-5dae-48da-9087-47ae9aef0548@group-52334D2A50B0-StateMachineUpdater: set stopIndex = 0
2019-10-16 05:41:54,951 [ForkJoinPool.commonPool-worker-0] INFO  segmented.SegmentedRaftLogWorker (SegmentedRaftLogWorker.java:close(224)) - 9dd632ad-42c7-48e6-93db-e31edb4e1823@group-A0F2C8CC7CB2-SegmentedRaftLogWorker close()
2019-10-16 05:41:54,951 [main] INFO  impl.RaftServerImpl (ServerState.java:close(388)) - ad5f0ea4-5dae-48da-9087-47ae9aef0548@group-52334D2A50B0: closes. applyIndex: 0
2019-10-16 05:41:54,954 [ForkJoinPool.commonPool-worker-0] INFO  impl.RaftServerImpl (RaftServerImpl.java:lambda$shutdown$3(261)) - 9dd632ad-42c7-48e6-93db-e31edb4e1823@group-527518A75D14: shutdown
2019-10-16 05:41:54,955 [ad5f0ea4-5dae-48da-9087-47ae9aef0548@group-52334D2A50B0-SegmentedRaftLogWorker] INFO  segmented.SegmentedRaftLogWorker (SegmentedRaftLogWorker.java:run(316)) - ad5f0ea4-5dae-48da-9087-47ae9aef0548@group-52334D2A50B0-SegmentedRaftLogWorker was interrupted, exiting. There are 0 tasks remaining in the queue.
2019-10-16 05:41:54,955 [ForkJoinPool.commonPool-worker-0] INFO  util.JmxRegister (JmxRegister.java:unregister(73)) - Successfully un-registered JMX Bean with object name Ratis:service=RaftServer,group=group-527518A75D14,id=9dd632ad-42c7-48e6-93db-e31edb4e1823
2019-10-16 05:41:54,957 [main] INFO  segmented.SegmentedRaftLogWorker (SegmentedRaftLogWorker.java:close(224)) - ad5f0ea4-5dae-48da-9087-47ae9aef0548@group-52334D2A50B0-SegmentedRaftLogWorker close()
2019-10-16 05:41:54,958 [ForkJoinPool.commonPool-worker-0] INFO  impl.RoleInfo (RoleInfo.java:shutdownFollowerState(121)) - 9dd632ad-42c7-48e6-93db-e31edb4e1823: shutdown FollowerState
2019-10-16 05:41:54,961 [ForkJoinPool.commonPool-worker-0] INFO  impl.StateMachineUpdater (StateMachineUpdater.java:stopAndJoin(136)) - 9dd632ad-42c7-48e6-93db-e31edb4e1823@group-527518A75D14-StateMachineUpdater: set stopIndex = 16
2019-10-16 05:41:54,961 [main] INFO  impl.RaftServerImpl (RaftServerImpl.java:lambda$shutdown$3(261)) - ad5f0ea4-5dae-48da-9087-47ae9aef0548@group-527518A75D14: shutdown
2019-10-16 05:41:54,962 [9dd632ad-42c7-48e6-93db-e31edb4e1823@group-527518A75D14-StateMachineUpdater] INFO  ratis.ContainerStateMachine (ContainerStateMachine.java:takeSnapshot(294)) - group-527518A75D14: Taking a snapshot at:(t:14, i:13) file /workdir/hadoop-ozone/integration-test/target/test-dir/MiniOzoneClusterImpl-2ede335a-ebf0-4a23-bcb3-98605d830964/datanode-2/data/ratis/fe15bb06-241c-4554-b82b-527518a75d14/sm/snapshot.14_13
2019-10-16 05:41:54,962 [Thread-555] INFO  impl.FollowerState (FollowerState.java:run(117)) - 9dd632ad-42c7-48e6-93db-e31edb4e1823@group-527518A75D14-FollowerState was interrupted: java.lang.InterruptedException: sleep interrupted
2019-10-16 05:41:54,962 [main] INFO  util.JmxRegister (JmxRegister.java:unregister(73)) - Successfully un-registered JMX Bean with object name Ratis:service=RaftServer,group=group-527518A75D14,id=ad5f0ea4-5dae-48da-9087-47ae9aef0548
2019-10-16 05:41:54,963 [main] INFO  impl.RoleInfo (RoleInfo.java:shutdownLeaderState(104)) - ad5f0ea4-5dae-48da-9087-47ae9aef0548: shutdown LeaderState
2019-10-16 05:41:54,966 [main] INFO  impl.PendingRequests (PendingRequests.java:sendNotLeaderResponses(202)) - ad5f0ea4-5dae-48da-9087-47ae9aef0548@group-527518A75D14-PendingRequests: sendNotLeaderResponses
2019-10-16 05:41:54,966 [org.apache.ratis.server.impl.LogAppender$AppenderDaemon$$Lambda$472/261109162@11b60daa] WARN  server.GrpcLogAppender (GrpcLogAppender.java:mayWait(149)) - ad5f0ea4-5dae-48da-9087-47ae9aef0548@group-527518A75D14->8d41a728-337d-4af0-9cf5-a84877563a0d-GrpcLogAppender: Wait interrupted by java.lang.InterruptedException
2019-10-16 05:41:54,966 [org.apache.ratis.server.impl.LogAppender$AppenderDaemon$$Lambda$472/261109162@206d5d12] WARN  server.GrpcLogAppender (GrpcLogAppender.java:mayWait(149)) - ad5f0ea4-5dae-48da-9087-47ae9aef0548@group-527518A75D14->9dd632ad-42c7-48e6-93db-e31edb4e1823-GrpcLogAppender: Wait interrupted by java.lang.InterruptedException
2019-10-16 05:41:54,969 [main] INFO  impl.StateMachineUpdater (StateMachineUpdater.java:stopAndJoin(136)) - ad5f0ea4-5dae-48da-9087-47ae9aef0548@group-527518A75D14-StateMachineUpdater: set stopIndex = 16
2019-10-16 05:41:54,970 [grpc-default-executor-10] INFO  server.GrpcServerProtocolService (GrpcServerProtocolService.java:onCompleted(113)) - 9dd632ad-42c7-48e6-93db-e31edb4e1823: Completed APPEND_ENTRIES, lastRequest: ad5f0ea4-5dae-48da-9087-47ae9aef0548->9dd632ad-42c7-48e6-93db-e31edb4e1823#116-t14, previous=(t:14, i:16), leaderCommit=16, initializing? false, entries: <empty>
2019-10-16 05:41:54,970 [grpc-default-executor-0] INFO  server.GrpcServerProtocolService (GrpcServerProtocolService.java:onCompleted(113)) - 8d41a728-337d-4af0-9cf5-a84877563a0d: Completed APPEND_ENTRIES, lastRequest: ad5f0ea4-5dae-48da-9087-47ae9aef0548->8d41a728-337d-4af0-9cf5-a84877563a0d#116-t14, previous=(t:14, i:16), leaderCommit=16, initializing? false, entries: <empty>
2019-10-16 05:41:54,969 [ad5f0ea4-5dae-48da-9087-47ae9aef0548@group-527518A75D14-StateMachineUpdater] INFO  ratis.ContainerStateMachine (ContainerStateMachine.java:takeSnapshot(294)) - group-527518A75D14: Taking a snapshot at:(t:14, i:13) file /workdir/hadoop-ozone/integration-test/target/test-dir/MiniOzoneClusterImpl-2ede335a-ebf0-4a23-bcb3-98605d830964/datanode-6/data/ratis/fe15bb06-241c-4554-b82b-527518a75d14/sm/snapshot.14_13
2019-10-16 05:41:54,971 [grpc-default-executor-7] INFO  server.GrpcLogAppender (GrpcLogAppender.java:onCompleted(308)) - ad5f0ea4-5dae-48da-9087-47ae9aef0548@group-527518A75D14->8d41a728-337d-4af0-9cf5-a84877563a0d-AppendLogResponseHandler: follower responses appendEntries COMPLETED
2019-10-16 05:41:54,971 [grpc-default-executor-0] INFO  server.GrpcLogAppender (GrpcLogAppender.java:onCompleted(308)) - ad5f0ea4-5dae-48da-9087-47ae9aef0548@group-527518A75D14->9dd632ad-42c7-48e6-93db-e31edb4e1823-AppendLogResponseHandler: follower responses appendEntries COMPLETED
2019-10-16 05:41:54,972 [grpc-default-executor-7] INFO  impl.FollowerInfo (FollowerInfo.java:lambda$new$0(51)) - ad5f0ea4-5dae-48da-9087-47ae9aef0548@group-527518A75D14->8d41a728-337d-4af0-9cf5-a84877563a0d: nextIndex: updateUnconditionally 17 -> 16
2019-10-16 05:41:54,972 [grpc-default-executor-0] INFO  impl.FollowerInfo (FollowerInfo.java:lambda$new$0(51)) - ad5f0ea4-5dae-48da-9087-47ae9aef0548@group-527518A75D14->9dd632ad-42c7-48e6-93db-e31edb4e1823: nextIndex: updateUnconditionally 17 -> 16
2019-10-16 05:41:54,976 [9dd632ad-42c7-48e6-93db-e31edb4e1823@group-527518A75D14-StateMachineUpdater] INFO  ratis.ContainerStateMachine (ContainerStateMachine.java:takeSnapshot(305)) - group-527518A75D14: Finished taking a snapshot at:(t:14, i:13) file:/workdir/hadoop-ozone/integration-test/target/test-dir/MiniOzoneClusterImpl-2ede335a-ebf0-4a23-bcb3-98605d830964/datanode-2/data/ratis/fe15bb06-241c-4554-b82b-527518a75d14/sm/snapshot.14_13 time:15
2019-10-16 05:41:54,976 [ad5f0ea4-5dae-48da-9087-47ae9aef0548@group-527518A75D14-StateMachineUpdater] INFO  ratis.ContainerStateMachine (ContainerStateMachine.java:takeSnapshot(305)) - group-527518A75D14: Finished taking a snapshot at:(t:14, i:13) file:/workdir/hadoop-ozone/integration-test/target/test-dir/MiniOzoneClusterImpl-2ede335a-ebf0-4a23-bcb3-98605d830964/datanode-6/data/ratis/fe15bb06-241c-4554-b82b-527518a75d14/sm/snapshot.14_13 time:7
2019-10-16 05:41:54,977 [9dd632ad-42c7-48e6-93db-e31edb4e1823@group-527518A75D14-StateMachineUpdater] INFO  impl.StateMachineUpdater (StateMachineUpdater.java:takeSnapshot(269)) - 9dd632ad-42c7-48e6-93db-e31edb4e1823@group-527518A75D14-StateMachineUpdater: Took a snapshot at index 13
2019-10-16 05:41:54,977 [ad5f0ea4-5dae-48da-9087-47ae9aef0548@group-527518A75D14-StateMachineUpdater] INFO  impl.StateMachineUpdater (StateMachineUpdater.java:takeSnapshot(269)) - ad5f0ea4-5dae-48da-9087-47ae9aef0548@group-527518A75D14-StateMachineUpdater: Took a snapshot at index 13
2019-10-16 05:41:54,977 [9dd632ad-42c7-48e6-93db-e31edb4e1823@group-527518A75D14-StateMachineUpdater] INFO  impl.StateMachineUpdater (StateMachineUpdater.java:lambda$new$0(84)) - 9dd632ad-42c7-48e6-93db-e31edb4e1823@group-527518A75D14-StateMachineUpdater: snapshotIndex: updateIncreasingly -1 -> 13
2019-10-16 05:41:54,977 [ad5f0ea4-5dae-48da-9087-47ae9aef0548@group-527518A75D14-StateMachineUpdater] INFO  impl.StateMachineUpdater (StateMachineUpdater.java:lambda$new$0(84)) - ad5f0ea4-5dae-48da-9087-47ae9aef0548@group-527518A75D14-StateMachineUpdater: snapshotIndex: updateIncreasingly -1 -> 13
2019-10-16 05:41:54,977 [9dd632ad-42c7-48e6-93db-e31edb4e1823@group-527518A75D14-StateMachineUpdater] INFO  ratis.ContainerStateMachine (ContainerStateMachine.java:takeSnapshot(294)) - group-527518A75D14: Taking a snapshot at:(t:14, i:13) file /workdir/hadoop-ozone/integration-test/target/test-dir/MiniOzoneClusterImpl-2ede335a-ebf0-4a23-bcb3-98605d830964/datanode-2/data/ratis/fe15bb06-241c-4554-b82b-527518a75d14/sm/snapshot.14_13
2019-10-16 05:41:54,977 [ad5f0ea4-5dae-48da-9087-47ae9aef0548@group-527518A75D14-StateMachineUpdater] INFO  ratis.ContainerStateMachine (ContainerStateMachine.java:takeSnapshot(294)) - group-527518A75D14: Taking a snapshot at:(t:14, i:13) file /workdir/hadoop-ozone/integration-test/target/test-dir/MiniOzoneClusterImpl-2ede335a-ebf0-4a23-bcb3-98605d830964/datanode-6/data/ratis/fe15bb06-241c-4554-b82b-527518a75d14/sm/snapshot.14_13
2019-10-16 05:41:54,990 [ad5f0ea4-5dae-48da-9087-47ae9aef0548@group-527518A75D14-StateMachineUpdater] INFO  ratis.ContainerStateMachine (ContainerStateMachine.java:takeSnapshot(305)) - group-527518A75D14: Finished taking a snapshot at:(t:14, i:13) file:/workdir/hadoop-ozone/integration-test/target/test-dir/MiniOzoneClusterImpl-2ede335a-ebf0-4a23-bcb3-98605d830964/datanode-6/data/ratis/fe15bb06-241c-4554-b82b-527518a75d14/sm/snapshot.14_13 time:13
2019-10-16 05:41:54,990 [9dd632ad-42c7-48e6-93db-e31edb4e1823@group-527518A75D14-StateMachineUpdater] INFO  ratis.ContainerStateMachine (ContainerStateMachine.java:takeSnapshot(305)) - group-527518A75D14: Finished taking a snapshot at:(t:14, i:13) file:/workdir/hadoop-ozone/integration-test/target/test-dir/MiniOzoneClusterImpl-2ede335a-ebf0-4a23-bcb3-98605d830964/datanode-2/data/ratis/fe15bb06-241c-4554-b82b-527518a75d14/sm/snapshot.14_13 time:13
2019-10-16 05:41:54,990 [ad5f0ea4-5dae-48da-9087-47ae9aef0548@group-527518A75D14-StateMachineUpdater] INFO  impl.StateMachineUpdater (StateMachineUpdater.java:takeSnapshot(269)) - ad5f0ea4-5dae-48da-9087-47ae9aef0548@group-527518A75D14-StateMachineUpdater: Took a snapshot at index 13
2019-10-16 05:41:54,991 [ad5f0ea4-5dae-48da-9087-47ae9aef0548@group-527518A75D14-StateMachineUpdater] INFO  impl.StateMachineUpdater (StateMachineUpdater.java:lambda$new$0(84)) - ad5f0ea4-5dae-48da-9087-47ae9aef0548@group-527518A75D14-StateMachineUpdater: snapshotIndex: updateIncreasingly 13 -> 13
2019-10-16 05:41:54,991 [9dd632ad-42c7-48e6-93db-e31edb4e1823@group-527518A75D14-StateMachineUpdater] INFO  impl.StateMachineUpdater (StateMachineUpdater.java:takeSnapshot(269)) - 9dd632ad-42c7-48e6-93db-e31edb4e1823@group-527518A75D14-StateMachineUpdater: Took a snapshot at index 13
2019-10-16 05:41:54,991 [9dd632ad-42c7-48e6-93db-e31edb4e1823@group-527518A75D14-StateMachineUpdater] INFO  impl.StateMachineUpdater (StateMachineUpdater.java:lambda$new$0(84)) - 9dd632ad-42c7-48e6-93db-e31edb4e1823@group-527518A75D14-StateMachineUpdater: snapshotIndex: updateIncreasingly 13 -> 13
2019-10-16 05:41:54,991 [main] INFO  impl.RaftServerImpl (ServerState.java:close(388)) - ad5f0ea4-5dae-48da-9087-47ae9aef0548@group-527518A75D14: closes. applyIndex: 16
2019-10-16 05:41:54,991 [ForkJoinPool.commonPool-worker-0] INFO  impl.RaftServerImpl (ServerState.java:close(388)) - 9dd632ad-42c7-48e6-93db-e31edb4e1823@group-527518A75D14: closes. applyIndex: 16
2019-10-16 05:41:54,992 [ad5f0ea4-5dae-48da-9087-47ae9aef0548@group-527518A75D14-SegmentedRaftLogWorker] INFO  segmented.SegmentedRaftLogWorker (SegmentedRaftLogWorker.java:run(316)) - ad5f0ea4-5dae-48da-9087-47ae9aef0548@group-527518A75D14-SegmentedRaftLogWorker was interrupted, exiting. There are 0 tasks remaining in the queue.
2019-10-16 05:41:54,992 [9dd632ad-42c7-48e6-93db-e31edb4e1823@group-527518A75D14-SegmentedRaftLogWorker] INFO  segmented.SegmentedRaftLogWorker (SegmentedRaftLogWorker.java:run(316)) - 9dd632ad-42c7-48e6-93db-e31edb4e1823@group-527518A75D14-SegmentedRaftLogWorker was interrupted, exiting. There are 0 tasks remaining in the queue.
2019-10-16 05:41:54,994 [main] INFO  segmented.SegmentedRaftLogWorker (SegmentedRaftLogWorker.java:close(224)) - ad5f0ea4-5dae-48da-9087-47ae9aef0548@group-527518A75D14-SegmentedRaftLogWorker close()
2019-10-16 05:41:54,996 [ForkJoinPool.commonPool-worker-0] INFO  segmented.SegmentedRaftLogWorker (SegmentedRaftLogWorker.java:close(224)) - 9dd632ad-42c7-48e6-93db-e31edb4e1823@group-527518A75D14-SegmentedRaftLogWorker close()
2019-10-16 05:41:55,000 [main] INFO  server.GrpcService (GrpcService.java:closeImpl(164)) - ad5f0ea4-5dae-48da-9087-47ae9aef0548: shutdown server with port 41460 now
2019-10-16 05:41:55,003 [ForkJoinPool.commonPool-worker-0] INFO  server.GrpcService (GrpcService.java:closeImpl(164)) - 9dd632ad-42c7-48e6-93db-e31edb4e1823: shutdown server with port 34049 now
2019-10-16 05:41:55,004 [ForkJoinPool.commonPool-worker-0] INFO  server.GrpcService (GrpcService.java:closeImpl(172)) - 9dd632ad-42c7-48e6-93db-e31edb4e1823: shutdown server with port 34049 successfully
2019-10-16 05:41:55,005 [main] INFO  server.GrpcService (GrpcService.java:closeImpl(172)) - ad5f0ea4-5dae-48da-9087-47ae9aef0548: shutdown server with port 41460 successfully
2019-10-16 05:41:55,007 [refreshUsed-/workdir/hadoop-ozone/integration-test/target/test-dir/MiniOzoneClusterImpl-2ede335a-ebf0-4a23-bcb3-98605d830964/datanode-6/data/containers] WARN  fs.CachingGetSpaceUsed (CachingGetSpaceUsed.java:run(183)) - Thread Interrupted waiting to refresh disk information: sleep interrupted
2019-10-16 05:41:55,007 [grpc-default-executor-10] WARN  client.GrpcClientProtocolService (LogUtils.java:warn(134)) - 1-UnorderedRequestStreamObserver1: onError: org.apache.ratis.thirdparty.io.grpc.StatusRuntimeException: CANCELLED: cancelled before receiving half close
2019-10-16 05:41:55,015 [refreshUsed-/workdir/hadoop-ozone/integration-test/target/test-dir/MiniOzoneClusterImpl-2ede335a-ebf0-4a23-bcb3-98605d830964/datanode-2/data/containers] WARN  fs.CachingGetSpaceUsed (CachingGetSpaceUsed.java:run(183)) - Thread Interrupted waiting to refresh disk information: sleep interrupted
2019-10-16 05:41:55,035 [main] INFO  utils.BackgroundService (BackgroundService.java:shutdown(151)) - Shutting down service BlockDeletingService
2019-10-16 05:41:55,040 [main] INFO  statemachine.DatanodeStateMachine (DatanodeStateMachine.java:stopDaemon(395)) - Ozone container server stopped.
2019-10-16 05:41:55,043 [ForkJoinPool.commonPool-worker-0] INFO  utils.BackgroundService (BackgroundService.java:shutdown(151)) - Shutting down service BlockDeletingService
2019-10-16 05:41:55,046 [main] INFO  handler.ContextHandler (ContextHandler.java:doStop(910)) - Stopped o.e.j.w.WebAppContext@2630dbc4{/,null,UNAVAILABLE}{/hddsDatanode}
2019-10-16 05:41:55,047 [ForkJoinPool.commonPool-worker-0] INFO  statemachine.DatanodeStateMachine (DatanodeStateMachine.java:stopDaemon(395)) - Ozone container server stopped.
2019-10-16 05:41:55,052 [ForkJoinPool.commonPool-worker-0] INFO  handler.ContextHandler (ContextHandler.java:doStop(910)) - Stopped o.e.j.w.WebAppContext@4c6007fb{/,null,UNAVAILABLE}{/hddsDatanode}
2019-10-16 05:41:55,052 [main] INFO  server.AbstractConnector (AbstractConnector.java:doStop(318)) - Stopped ServerConnector@5ea4300e{HTTP/1.1,[http/1.1]}{0.0.0.0:0}
2019-10-16 05:41:55,053 [ForkJoinPool.commonPool-worker-0] INFO  server.AbstractConnector (AbstractConnector.java:doStop(318)) - Stopped ServerConnector@3e33d73e{HTTP/1.1,[http/1.1]}{0.0.0.0:0}
2019-10-16 05:41:55,053 [main] INFO  handler.ContextHandler (ContextHandler.java:doStop(910)) - Stopped o.e.j.s.ServletContextHandler@68b9834c{/static,jar:file:/home/user/.m2/repository/org/apache/hadoop/hadoop-hdds-container-service/0.5.0-SNAPSHOT/hadoop-hdds-container-service-0.5.0-SNAPSHOT.jar!/webapps/static,UNAVAILABLE}
2019-10-16 05:41:55,054 [ForkJoinPool.commonPool-worker-0] INFO  handler.ContextHandler (ContextHandler.java:doStop(910)) - Stopped o.e.j.s.ServletContextHandler@26f46fa6{/static,jar:file:/home/user/.m2/repository/org/apache/hadoop/hadoop-hdds-container-service/0.5.0-SNAPSHOT/hadoop-hdds-container-service-0.5.0-SNAPSHOT.jar!/webapps/static,UNAVAILABLE}
2019-10-16 05:41:55,055 [main] INFO  handler.ContextHandler (ContextHandler.java:doStop(910)) - Stopped o.e.j.s.ServletContextHandler@17fa1336{/logs,file:///workdir/hadoop-ozone/integration-test/target/log,UNAVAILABLE}
2019-10-16 05:41:55,056 [ForkJoinPool.commonPool-worker-0] INFO  handler.ContextHandler (ContextHandler.java:doStop(910)) - Stopped o.e.j.s.ServletContextHandler@d109c4f{/logs,file:///workdir/hadoop-ozone/integration-test/target/log,UNAVAILABLE}
2019-10-16 05:41:55,503 [Thread-1374] INFO  impl.FollowerState (FollowerState.java:run(108)) - a85e69e5-760c-4b40-a424-fc77673779df@group-AFFE1363742F-FollowerState: change to CANDIDATE, lastRpcTime:1004ms, electionTimeout:1004ms
2019-10-16 05:41:55,504 [Thread-1374] INFO  impl.RoleInfo (RoleInfo.java:shutdownFollowerState(121)) - a85e69e5-760c-4b40-a424-fc77673779df: shutdown FollowerState
2019-10-16 05:41:55,504 [Thread-1374] INFO  impl.RaftServerImpl (RaftServerImpl.java:setRole(184)) - a85e69e5-760c-4b40-a424-fc77673779df@group-AFFE1363742F: changes role from  FOLLOWER to CANDIDATE at term 28 for changeToCandidate
2019-10-16 05:41:55,504 [Thread-1374] INFO  impl.RoleInfo (RoleInfo.java:updateAndGet(143)) - a85e69e5-760c-4b40-a424-fc77673779df: start LeaderElection
2019-10-16 05:41:55,518 [a85e69e5-760c-4b40-a424-fc77673779df@group-AFFE1363742F-LeaderElection48] INFO  impl.LeaderElection (LeaderElection.java:askForVotes(178)) - a85e69e5-760c-4b40-a424-fc77673779df@group-AFFE1363742F-LeaderElection48: begin an election at term 29 for 0: [163c5688-ede5-44ab-b3bd-c5a10f730980:192.168.69.104:45225, a85e69e5-760c-4b40-a424-fc77673779df:192.168.69.104:37941, 73edb6ac-4c26-463f-ad6d-00f88e6dbd58:192.168.69.104:35488], old=null
2019-10-16 05:41:55,519 [a85e69e5-760c-4b40-a424-fc77673779df@group-AFFE1363742F-LeaderElection48] INFO  impl.LeaderElection (LogUtils.java:infoOrTrace(149)) - a85e69e5-760c-4b40-a424-fc77673779df@group-AFFE1363742F-LeaderElection48 got exception when requesting votes: {}
java.util.concurrent.ExecutionException: org.apache.ratis.thirdparty.io.grpc.StatusRuntimeException: UNAVAILABLE: io exception
	at java.util.concurrent.FutureTask.report(FutureTask.java:122)
	at java.util.concurrent.FutureTask.get(FutureTask.java:192)
	at org.apache.ratis.server.impl.LeaderElection.waitForResults(LeaderElection.java:259)
	at org.apache.ratis.server.impl.LeaderElection.askForVotes(LeaderElection.java:197)
	at org.apache.ratis.server.impl.LeaderElection.run(LeaderElection.java:133)
	at java.lang.Thread.run(Thread.java:748)
Caused by: org.apache.ratis.thirdparty.io.grpc.StatusRuntimeException: UNAVAILABLE: io exception
	at org.apache.ratis.thirdparty.io.grpc.stub.ClientCalls.toStatusRuntimeException(ClientCalls.java:233)
	at org.apache.ratis.thirdparty.io.grpc.stub.ClientCalls.getUnchecked(ClientCalls.java:214)
	at org.apache.ratis.thirdparty.io.grpc.stub.ClientCalls.blockingUnaryCall(ClientCalls.java:139)
	at org.apache.ratis.proto.grpc.RaftServerProtocolServiceGrpc$RaftServerProtocolServiceBlockingStub.requestVote(RaftServerProtocolServiceGrpc.java:265)
	at org.apache.ratis.grpc.server.GrpcServerProtocolClient.requestVote(GrpcServerProtocolClient.java:99)
	at org.apache.ratis.grpc.server.GrpcService.requestVote(GrpcService.java:204)
	at org.apache.ratis.server.impl.LeaderElection.lambda$submitRequests$1(LeaderElection.java:234)
	at java.util.concurrent.FutureTask.run(FutureTask.java:266)
	at java.util.concurrent.Executors$RunnableAdapter.call(Executors.java:511)
	at java.util.concurrent.FutureTask.run(FutureTask.java:266)
	at java.util.concurrent.ThreadPoolExecutor.runWorker(ThreadPoolExecutor.java:1149)
	at java.util.concurrent.ThreadPoolExecutor$Worker.run(ThreadPoolExecutor.java:624)
	... 1 more
Caused by: org.apache.ratis.thirdparty.io.netty.channel.AbstractChannel$AnnotatedConnectException: Connection refused: /192.168.69.104:45225
	at sun.nio.ch.SocketChannelImpl.checkConnect(Native Method)
	at sun.nio.ch.SocketChannelImpl.finishConnect(SocketChannelImpl.java:717)
	at org.apache.ratis.thirdparty.io.netty.channel.socket.nio.NioSocketChannel.doFinishConnect(NioSocketChannel.java:327)
	at org.apache.ratis.thirdparty.io.netty.channel.nio.AbstractNioChannel$AbstractNioUnsafe.finishConnect(AbstractNioChannel.java:340)
	at org.apache.ratis.thirdparty.io.netty.channel.nio.NioEventLoop.processSelectedKey(NioEventLoop.java:632)
	at org.apache.ratis.thirdparty.io.netty.channel.nio.NioEventLoop.processSelectedKeysOptimized(NioEventLoop.java:579)
	at org.apache.ratis.thirdparty.io.netty.channel.nio.NioEventLoop.processSelectedKeys(NioEventLoop.java:496)
	at org.apache.ratis.thirdparty.io.netty.channel.nio.NioEventLoop.run(NioEventLoop.java:458)
	at org.apache.ratis.thirdparty.io.netty.util.concurrent.SingleThreadEventExecutor$5.run(SingleThreadEventExecutor.java:897)
	at org.apache.ratis.thirdparty.io.netty.util.concurrent.FastThreadLocalRunnable.run(FastThreadLocalRunnable.java:30)
	... 1 more
Caused by: java.net.ConnectException: Connection refused
	... 11 more
2019-10-16 05:41:55,522 [a85e69e5-760c-4b40-a424-fc77673779df@group-AFFE1363742F-LeaderElection48] INFO  impl.LeaderElection (LogUtils.java:infoOrTrace(149)) - a85e69e5-760c-4b40-a424-fc77673779df@group-AFFE1363742F-LeaderElection48 got exception when requesting votes: {}
java.util.concurrent.ExecutionException: org.apache.ratis.thirdparty.io.grpc.StatusRuntimeException: UNAVAILABLE: io exception
	at java.util.concurrent.FutureTask.report(FutureTask.java:122)
	at java.util.concurrent.FutureTask.get(FutureTask.java:192)
	at org.apache.ratis.server.impl.LeaderElection.waitForResults(LeaderElection.java:259)
	at org.apache.ratis.server.impl.LeaderElection.askForVotes(LeaderElection.java:197)
	at org.apache.ratis.server.impl.LeaderElection.run(LeaderElection.java:133)
	at java.lang.Thread.run(Thread.java:748)
Caused by: org.apache.ratis.thirdparty.io.grpc.StatusRuntimeException: UNAVAILABLE: io exception
	at org.apache.ratis.thirdparty.io.grpc.stub.ClientCalls.toStatusRuntimeException(ClientCalls.java:233)
	at org.apache.ratis.thirdparty.io.grpc.stub.ClientCalls.getUnchecked(ClientCalls.java:214)
	at org.apache.ratis.thirdparty.io.grpc.stub.ClientCalls.blockingUnaryCall(ClientCalls.java:139)
	at org.apache.ratis.proto.grpc.RaftServerProtocolServiceGrpc$RaftServerProtocolServiceBlockingStub.requestVote(RaftServerProtocolServiceGrpc.java:265)
	at org.apache.ratis.grpc.server.GrpcServerProtocolClient.requestVote(GrpcServerProtocolClient.java:99)
	at org.apache.ratis.grpc.server.GrpcService.requestVote(GrpcService.java:204)
	at org.apache.ratis.server.impl.LeaderElection.lambda$submitRequests$1(LeaderElection.java:234)
	at java.util.concurrent.FutureTask.run(FutureTask.java:266)
	at java.util.concurrent.Executors$RunnableAdapter.call(Executors.java:511)
	at java.util.concurrent.FutureTask.run(FutureTask.java:266)
	at java.util.concurrent.ThreadPoolExecutor.runWorker(ThreadPoolExecutor.java:1149)
	at java.util.concurrent.ThreadPoolExecutor$Worker.run(ThreadPoolExecutor.java:624)
	... 1 more
Caused by: org.apache.ratis.thirdparty.io.netty.channel.AbstractChannel$AnnotatedConnectException: Connection refused: /192.168.69.104:35488
	at sun.nio.ch.SocketChannelImpl.checkConnect(Native Method)
	at sun.nio.ch.SocketChannelImpl.finishConnect(SocketChannelImpl.java:717)
	at org.apache.ratis.thirdparty.io.netty.channel.socket.nio.NioSocketChannel.doFinishConnect(NioSocketChannel.java:327)
	at org.apache.ratis.thirdparty.io.netty.channel.nio.AbstractNioChannel$AbstractNioUnsafe.finishConnect(AbstractNioChannel.java:340)
	at org.apache.ratis.thirdparty.io.netty.channel.nio.NioEventLoop.processSelectedKey(NioEventLoop.java:632)
	at org.apache.ratis.thirdparty.io.netty.channel.nio.NioEventLoop.processSelectedKeysOptimized(NioEventLoop.java:579)
	at org.apache.ratis.thirdparty.io.netty.channel.nio.NioEventLoop.processSelectedKeys(NioEventLoop.java:496)
	at org.apache.ratis.thirdparty.io.netty.channel.nio.NioEventLoop.run(NioEventLoop.java:458)
	at org.apache.ratis.thirdparty.io.netty.util.concurrent.SingleThreadEventExecutor$5.run(SingleThreadEventExecutor.java:897)
	at org.apache.ratis.thirdparty.io.netty.util.concurrent.FastThreadLocalRunnable.run(FastThreadLocalRunnable.java:30)
	... 1 more
Caused by: java.net.ConnectException: Connection refused
	... 11 more
2019-10-16 05:41:55,523 [a85e69e5-760c-4b40-a424-fc77673779df@group-AFFE1363742F-LeaderElection48] INFO  impl.LeaderElection (LeaderElection.java:logAndReturn(56)) - a85e69e5-760c-4b40-a424-fc77673779df@group-AFFE1363742F-LeaderElection48: Election REJECTED; received 0 response(s) [] and 2 exception(s); a85e69e5-760c-4b40-a424-fc77673779df@group-AFFE1363742F:t29, leader=null, voted=a85e69e5-760c-4b40-a424-fc77673779df, raftlog=a85e69e5-760c-4b40-a424-fc77673779df@group-AFFE1363742F-SegmentedRaftLog:OPENED:c28,f28,i28, conf=0: [163c5688-ede5-44ab-b3bd-c5a10f730980:192.168.69.104:45225, a85e69e5-760c-4b40-a424-fc77673779df:192.168.69.104:37941, 73edb6ac-4c26-463f-ad6d-00f88e6dbd58:192.168.69.104:35488], old=null
2019-10-16 05:41:55,524 [a85e69e5-760c-4b40-a424-fc77673779df@group-AFFE1363742F-LeaderElection48] INFO  impl.LeaderElection (LogUtils.java:infoOrTrace(149)) -   Exception 0: {}
java.util.concurrent.ExecutionException: org.apache.ratis.thirdparty.io.grpc.StatusRuntimeException: UNAVAILABLE: io exception
	at java.util.concurrent.FutureTask.report(FutureTask.java:122)
	at java.util.concurrent.FutureTask.get(FutureTask.java:192)
	at org.apache.ratis.server.impl.LeaderElection.waitForResults(LeaderElection.java:259)
	at org.apache.ratis.server.impl.LeaderElection.askForVotes(LeaderElection.java:197)
	at org.apache.ratis.server.impl.LeaderElection.run(LeaderElection.java:133)
	at java.lang.Thread.run(Thread.java:748)
Caused by: org.apache.ratis.thirdparty.io.grpc.StatusRuntimeException: UNAVAILABLE: io exception
	at org.apache.ratis.thirdparty.io.grpc.stub.ClientCalls.toStatusRuntimeException(ClientCalls.java:233)
	at org.apache.ratis.thirdparty.io.grpc.stub.ClientCalls.getUnchecked(ClientCalls.java:214)
	at org.apache.ratis.thirdparty.io.grpc.stub.ClientCalls.blockingUnaryCall(ClientCalls.java:139)
	at org.apache.ratis.proto.grpc.RaftServerProtocolServiceGrpc$RaftServerProtocolServiceBlockingStub.requestVote(RaftServerProtocolServiceGrpc.java:265)
	at org.apache.ratis.grpc.server.GrpcServerProtocolClient.requestVote(GrpcServerProtocolClient.java:99)
	at org.apache.ratis.grpc.server.GrpcService.requestVote(GrpcService.java:204)
	at org.apache.ratis.server.impl.LeaderElection.lambda$submitRequests$1(LeaderElection.java:234)
	at java.util.concurrent.FutureTask.run(FutureTask.java:266)
	at java.util.concurrent.Executors$RunnableAdapter.call(Executors.java:511)
	at java.util.concurrent.FutureTask.run(FutureTask.java:266)
	at java.util.concurrent.ThreadPoolExecutor.runWorker(ThreadPoolExecutor.java:1149)
	at java.util.concurrent.ThreadPoolExecutor$Worker.run(ThreadPoolExecutor.java:624)
	... 1 more
Caused by: org.apache.ratis.thirdparty.io.netty.channel.AbstractChannel$AnnotatedConnectException: Connection refused: /192.168.69.104:45225
	at sun.nio.ch.SocketChannelImpl.checkConnect(Native Method)
	at sun.nio.ch.SocketChannelImpl.finishConnect(SocketChannelImpl.java:717)
	at org.apache.ratis.thirdparty.io.netty.channel.socket.nio.NioSocketChannel.doFinishConnect(NioSocketChannel.java:327)
	at org.apache.ratis.thirdparty.io.netty.channel.nio.AbstractNioChannel$AbstractNioUnsafe.finishConnect(AbstractNioChannel.java:340)
	at org.apache.ratis.thirdparty.io.netty.channel.nio.NioEventLoop.processSelectedKey(NioEventLoop.java:632)
	at org.apache.ratis.thirdparty.io.netty.channel.nio.NioEventLoop.processSelectedKeysOptimized(NioEventLoop.java:579)
	at org.apache.ratis.thirdparty.io.netty.channel.nio.NioEventLoop.processSelectedKeys(NioEventLoop.java:496)
	at org.apache.ratis.thirdparty.io.netty.channel.nio.NioEventLoop.run(NioEventLoop.java:458)
	at org.apache.ratis.thirdparty.io.netty.util.concurrent.SingleThreadEventExecutor$5.run(SingleThreadEventExecutor.java:897)
	at org.apache.ratis.thirdparty.io.netty.util.concurrent.FastThreadLocalRunnable.run(FastThreadLocalRunnable.java:30)
	... 1 more
Caused by: java.net.ConnectException: Connection refused
	... 11 more
2019-10-16 05:41:55,524 [a85e69e5-760c-4b40-a424-fc77673779df@group-AFFE1363742F-LeaderElection48] INFO  impl.LeaderElection (LogUtils.java:infoOrTrace(149)) -   Exception 1: {}
java.util.concurrent.ExecutionException: org.apache.ratis.thirdparty.io.grpc.StatusRuntimeException: UNAVAILABLE: io exception
	at java.util.concurrent.FutureTask.report(FutureTask.java:122)
	at java.util.concurrent.FutureTask.get(FutureTask.java:192)
	at org.apache.ratis.server.impl.LeaderElection.waitForResults(LeaderElection.java:259)
	at org.apache.ratis.server.impl.LeaderElection.askForVotes(LeaderElection.java:197)
	at org.apache.ratis.server.impl.LeaderElection.run(LeaderElection.java:133)
	at java.lang.Thread.run(Thread.java:748)
Caused by: org.apache.ratis.thirdparty.io.grpc.StatusRuntimeException: UNAVAILABLE: io exception
	at org.apache.ratis.thirdparty.io.grpc.stub.ClientCalls.toStatusRuntimeException(ClientCalls.java:233)
	at org.apache.ratis.thirdparty.io.grpc.stub.ClientCalls.getUnchecked(ClientCalls.java:214)
	at org.apache.ratis.thirdparty.io.grpc.stub.ClientCalls.blockingUnaryCall(ClientCalls.java:139)
	at org.apache.ratis.proto.grpc.RaftServerProtocolServiceGrpc$RaftServerProtocolServiceBlockingStub.requestVote(RaftServerProtocolServiceGrpc.java:265)
	at org.apache.ratis.grpc.server.GrpcServerProtocolClient.requestVote(GrpcServerProtocolClient.java:99)
	at org.apache.ratis.grpc.server.GrpcService.requestVote(GrpcService.java:204)
	at org.apache.ratis.server.impl.LeaderElection.lambda$submitRequests$1(LeaderElection.java:234)
	at java.util.concurrent.FutureTask.run(FutureTask.java:266)
	at java.util.concurrent.Executors$RunnableAdapter.call(Executors.java:511)
	at java.util.concurrent.FutureTask.run(FutureTask.java:266)
	at java.util.concurrent.ThreadPoolExecutor.runWorker(ThreadPoolExecutor.java:1149)
	at java.util.concurrent.ThreadPoolExecutor$Worker.run(ThreadPoolExecutor.java:624)
	... 1 more
Caused by: org.apache.ratis.thirdparty.io.netty.channel.AbstractChannel$AnnotatedConnectException: Connection refused: /192.168.69.104:35488
	at sun.nio.ch.SocketChannelImpl.checkConnect(Native Method)
	at sun.nio.ch.SocketChannelImpl.finishConnect(SocketChannelImpl.java:717)
	at org.apache.ratis.thirdparty.io.netty.channel.socket.nio.NioSocketChannel.doFinishConnect(NioSocketChannel.java:327)
	at org.apache.ratis.thirdparty.io.netty.channel.nio.AbstractNioChannel$AbstractNioUnsafe.finishConnect(AbstractNioChannel.java:340)
	at org.apache.ratis.thirdparty.io.netty.channel.nio.NioEventLoop.processSelectedKey(NioEventLoop.java:632)
	at org.apache.ratis.thirdparty.io.netty.channel.nio.NioEventLoop.processSelectedKeysOptimized(NioEventLoop.java:579)
	at org.apache.ratis.thirdparty.io.netty.channel.nio.NioEventLoop.processSelectedKeys(NioEventLoop.java:496)
	at org.apache.ratis.thirdparty.io.netty.channel.nio.NioEventLoop.run(NioEventLoop.java:458)
	at org.apache.ratis.thirdparty.io.netty.util.concurrent.SingleThreadEventExecutor$5.run(SingleThreadEventExecutor.java:897)
	at org.apache.ratis.thirdparty.io.netty.util.concurrent.FastThreadLocalRunnable.run(FastThreadLocalRunnable.java:30)
	... 1 more
Caused by: java.net.ConnectException: Connection refused
	... 11 more
2019-10-16 05:41:55,524 [a85e69e5-760c-4b40-a424-fc77673779df@group-AFFE1363742F-LeaderElection48] INFO  impl.RaftServerImpl (RaftServerImpl.java:setRole(184)) - a85e69e5-760c-4b40-a424-fc77673779df@group-AFFE1363742F: changes role from CANDIDATE to FOLLOWER at term 29 for DISCOVERED_A_NEW_TERM
2019-10-16 05:41:55,524 [a85e69e5-760c-4b40-a424-fc77673779df@group-AFFE1363742F-LeaderElection48] INFO  impl.RoleInfo (RoleInfo.java:shutdownLeaderElection(134)) - a85e69e5-760c-4b40-a424-fc77673779df: shutdown LeaderElection
2019-10-16 05:41:55,525 [a85e69e5-760c-4b40-a424-fc77673779df@group-AFFE1363742F-LeaderElection48] INFO  impl.RoleInfo (RoleInfo.java:updateAndGet(143)) - a85e69e5-760c-4b40-a424-fc77673779df: start FollowerState
2019-10-16 05:41:55,566 [Datanode State Machine Thread - 0] INFO  statemachine.DatanodeStateMachine (DatanodeStateMachine.java:lambda$startDaemon$0(350)) - Ozone container server started.
2019-10-16 05:41:55,893 [Datanode State Machine Thread - 0] INFO  statemachine.DatanodeStateMachine (DatanodeStateMachine.java:lambda$startDaemon$0(350)) - Ozone container server started.
2019-10-16 05:41:56,549 [Thread-1384] INFO  impl.FollowerState (FollowerState.java:run(108)) - a85e69e5-760c-4b40-a424-fc77673779df@group-AFFE1363742F-FollowerState: change to CANDIDATE, lastRpcTime:1024ms, electionTimeout:1024ms
2019-10-16 05:41:56,549 [Thread-1384] INFO  impl.RoleInfo (RoleInfo.java:shutdownFollowerState(121)) - a85e69e5-760c-4b40-a424-fc77673779df: shutdown FollowerState
2019-10-16 05:41:56,549 [Thread-1384] INFO  impl.RaftServerImpl (RaftServerImpl.java:setRole(184)) - a85e69e5-760c-4b40-a424-fc77673779df@group-AFFE1363742F: changes role from  FOLLOWER to CANDIDATE at term 29 for changeToCandidate
2019-10-16 05:41:56,549 [Thread-1384] INFO  impl.RoleInfo (RoleInfo.java:updateAndGet(143)) - a85e69e5-760c-4b40-a424-fc77673779df: start LeaderElection
2019-10-16 05:41:56,563 [a85e69e5-760c-4b40-a424-fc77673779df@group-AFFE1363742F-LeaderElection49] INFO  impl.LeaderElection (LeaderElection.java:askForVotes(178)) - a85e69e5-760c-4b40-a424-fc77673779df@group-AFFE1363742F-LeaderElection49: begin an election at term 30 for 0: [163c5688-ede5-44ab-b3bd-c5a10f730980:192.168.69.104:45225, a85e69e5-760c-4b40-a424-fc77673779df:192.168.69.104:37941, 73edb6ac-4c26-463f-ad6d-00f88e6dbd58:192.168.69.104:35488], old=null
2019-10-16 05:41:56,564 [a85e69e5-760c-4b40-a424-fc77673779df@group-AFFE1363742F-LeaderElection49] INFO  impl.LeaderElection (LogUtils.java:infoOrTrace(149)) - a85e69e5-760c-4b40-a424-fc77673779df@group-AFFE1363742F-LeaderElection49 got exception when requesting votes: {}
java.util.concurrent.ExecutionException: org.apache.ratis.thirdparty.io.grpc.StatusRuntimeException: UNAVAILABLE: io exception
	at java.util.concurrent.FutureTask.report(FutureTask.java:122)
	at java.util.concurrent.FutureTask.get(FutureTask.java:192)
	at org.apache.ratis.server.impl.LeaderElection.waitForResults(LeaderElection.java:259)
	at org.apache.ratis.server.impl.LeaderElection.askForVotes(LeaderElection.java:197)
	at org.apache.ratis.server.impl.LeaderElection.run(LeaderElection.java:133)
	at java.lang.Thread.run(Thread.java:748)
Caused by: org.apache.ratis.thirdparty.io.grpc.StatusRuntimeException: UNAVAILABLE: io exception
	at org.apache.ratis.thirdparty.io.grpc.stub.ClientCalls.toStatusRuntimeException(ClientCalls.java:233)
	at org.apache.ratis.thirdparty.io.grpc.stub.ClientCalls.getUnchecked(ClientCalls.java:214)
	at org.apache.ratis.thirdparty.io.grpc.stub.ClientCalls.blockingUnaryCall(ClientCalls.java:139)
	at org.apache.ratis.proto.grpc.RaftServerProtocolServiceGrpc$RaftServerProtocolServiceBlockingStub.requestVote(RaftServerProtocolServiceGrpc.java:265)
	at org.apache.ratis.grpc.server.GrpcServerProtocolClient.requestVote(GrpcServerProtocolClient.java:99)
	at org.apache.ratis.grpc.server.GrpcService.requestVote(GrpcService.java:204)
	at org.apache.ratis.server.impl.LeaderElection.lambda$submitRequests$1(LeaderElection.java:234)
	at java.util.concurrent.FutureTask.run(FutureTask.java:266)
	at java.util.concurrent.Executors$RunnableAdapter.call(Executors.java:511)
	at java.util.concurrent.FutureTask.run(FutureTask.java:266)
	at java.util.concurrent.ThreadPoolExecutor.runWorker(ThreadPoolExecutor.java:1149)
	at java.util.concurrent.ThreadPoolExecutor$Worker.run(ThreadPoolExecutor.java:624)
	... 1 more
Caused by: org.apache.ratis.thirdparty.io.netty.channel.AbstractChannel$AnnotatedConnectException: Connection refused: /192.168.69.104:45225
	at sun.nio.ch.SocketChannelImpl.checkConnect(Native Method)
	at sun.nio.ch.SocketChannelImpl.finishConnect(SocketChannelImpl.java:717)
	at org.apache.ratis.thirdparty.io.netty.channel.socket.nio.NioSocketChannel.doFinishConnect(NioSocketChannel.java:327)
	at org.apache.ratis.thirdparty.io.netty.channel.nio.AbstractNioChannel$AbstractNioUnsafe.finishConnect(AbstractNioChannel.java:340)
	at org.apache.ratis.thirdparty.io.netty.channel.nio.NioEventLoop.processSelectedKey(NioEventLoop.java:632)
	at org.apache.ratis.thirdparty.io.netty.channel.nio.NioEventLoop.processSelectedKeysOptimized(NioEventLoop.java:579)
	at org.apache.ratis.thirdparty.io.netty.channel.nio.NioEventLoop.processSelectedKeys(NioEventLoop.java:496)
	at org.apache.ratis.thirdparty.io.netty.channel.nio.NioEventLoop.run(NioEventLoop.java:458)
	at org.apache.ratis.thirdparty.io.netty.util.concurrent.SingleThreadEventExecutor$5.run(SingleThreadEventExecutor.java:897)
	at org.apache.ratis.thirdparty.io.netty.util.concurrent.FastThreadLocalRunnable.run(FastThreadLocalRunnable.java:30)
	... 1 more
Caused by: java.net.ConnectException: Connection refused
	... 11 more
2019-10-16 05:41:56,567 [a85e69e5-760c-4b40-a424-fc77673779df@group-AFFE1363742F-LeaderElection49] INFO  impl.LeaderElection (LogUtils.java:infoOrTrace(149)) - a85e69e5-760c-4b40-a424-fc77673779df@group-AFFE1363742F-LeaderElection49 got exception when requesting votes: {}
java.util.concurrent.ExecutionException: org.apache.ratis.thirdparty.io.grpc.StatusRuntimeException: UNAVAILABLE: io exception
	at java.util.concurrent.FutureTask.report(FutureTask.java:122)
	at java.util.concurrent.FutureTask.get(FutureTask.java:192)
	at org.apache.ratis.server.impl.LeaderElection.waitForResults(LeaderElection.java:259)
	at org.apache.ratis.server.impl.LeaderElection.askForVotes(LeaderElection.java:197)
	at org.apache.ratis.server.impl.LeaderElection.run(LeaderElection.java:133)
	at java.lang.Thread.run(Thread.java:748)
Caused by: org.apache.ratis.thirdparty.io.grpc.StatusRuntimeException: UNAVAILABLE: io exception
	at org.apache.ratis.thirdparty.io.grpc.stub.ClientCalls.toStatusRuntimeException(ClientCalls.java:233)
	at org.apache.ratis.thirdparty.io.grpc.stub.ClientCalls.getUnchecked(ClientCalls.java:214)
	at org.apache.ratis.thirdparty.io.grpc.stub.ClientCalls.blockingUnaryCall(ClientCalls.java:139)
	at org.apache.ratis.proto.grpc.RaftServerProtocolServiceGrpc$RaftServerProtocolServiceBlockingStub.requestVote(RaftServerProtocolServiceGrpc.java:265)
	at org.apache.ratis.grpc.server.GrpcServerProtocolClient.requestVote(GrpcServerProtocolClient.java:99)
	at org.apache.ratis.grpc.server.GrpcService.requestVote(GrpcService.java:204)
	at org.apache.ratis.server.impl.LeaderElection.lambda$submitRequests$1(LeaderElection.java:234)
	at java.util.concurrent.FutureTask.run(FutureTask.java:266)
	at java.util.concurrent.Executors$RunnableAdapter.call(Executors.java:511)
	at java.util.concurrent.FutureTask.run(FutureTask.java:266)
	at java.util.concurrent.ThreadPoolExecutor.runWorker(ThreadPoolExecutor.java:1149)
	at java.util.concurrent.ThreadPoolExecutor$Worker.run(ThreadPoolExecutor.java:624)
	... 1 more
Caused by: org.apache.ratis.thirdparty.io.netty.channel.AbstractChannel$AnnotatedConnectException: Connection refused: /192.168.69.104:35488
	at sun.nio.ch.SocketChannelImpl.checkConnect(Native Method)
	at sun.nio.ch.SocketChannelImpl.finishConnect(SocketChannelImpl.java:717)
	at org.apache.ratis.thirdparty.io.netty.channel.socket.nio.NioSocketChannel.doFinishConnect(NioSocketChannel.java:327)
	at org.apache.ratis.thirdparty.io.netty.channel.nio.AbstractNioChannel$AbstractNioUnsafe.finishConnect(AbstractNioChannel.java:340)
	at org.apache.ratis.thirdparty.io.netty.channel.nio.NioEventLoop.processSelectedKey(NioEventLoop.java:632)
	at org.apache.ratis.thirdparty.io.netty.channel.nio.NioEventLoop.processSelectedKeysOptimized(NioEventLoop.java:579)
	at org.apache.ratis.thirdparty.io.netty.channel.nio.NioEventLoop.processSelectedKeys(NioEventLoop.java:496)
	at org.apache.ratis.thirdparty.io.netty.channel.nio.NioEventLoop.run(NioEventLoop.java:458)
	at org.apache.ratis.thirdparty.io.netty.util.concurrent.SingleThreadEventExecutor$5.run(SingleThreadEventExecutor.java:897)
	at org.apache.ratis.thirdparty.io.netty.util.concurrent.FastThreadLocalRunnable.run(FastThreadLocalRunnable.java:30)
	... 1 more
Caused by: java.net.ConnectException: Connection refused
	... 11 more
2019-10-16 05:41:56,569 [a85e69e5-760c-4b40-a424-fc77673779df@group-AFFE1363742F-LeaderElection49] INFO  impl.LeaderElection (LeaderElection.java:logAndReturn(56)) - a85e69e5-760c-4b40-a424-fc77673779df@group-AFFE1363742F-LeaderElection49: Election REJECTED; received 0 response(s) [] and 2 exception(s); a85e69e5-760c-4b40-a424-fc77673779df@group-AFFE1363742F:t30, leader=null, voted=a85e69e5-760c-4b40-a424-fc77673779df, raftlog=a85e69e5-760c-4b40-a424-fc77673779df@group-AFFE1363742F-SegmentedRaftLog:OPENED:c28,f28,i28, conf=0: [163c5688-ede5-44ab-b3bd-c5a10f730980:192.168.69.104:45225, a85e69e5-760c-4b40-a424-fc77673779df:192.168.69.104:37941, 73edb6ac-4c26-463f-ad6d-00f88e6dbd58:192.168.69.104:35488], old=null
2019-10-16 05:41:56,570 [a85e69e5-760c-4b40-a424-fc77673779df@group-AFFE1363742F-LeaderElection49] INFO  impl.LeaderElection (LogUtils.java:infoOrTrace(149)) -   Exception 0: {}
java.util.concurrent.ExecutionException: org.apache.ratis.thirdparty.io.grpc.StatusRuntimeException: UNAVAILABLE: io exception
	at java.util.concurrent.FutureTask.report(FutureTask.java:122)
	at java.util.concurrent.FutureTask.get(FutureTask.java:192)
	at org.apache.ratis.server.impl.LeaderElection.waitForResults(LeaderElection.java:259)
	at org.apache.ratis.server.impl.LeaderElection.askForVotes(LeaderElection.java:197)
	at org.apache.ratis.server.impl.LeaderElection.run(LeaderElection.java:133)
	at java.lang.Thread.run(Thread.java:748)
Caused by: org.apache.ratis.thirdparty.io.grpc.StatusRuntimeException: UNAVAILABLE: io exception
	at org.apache.ratis.thirdparty.io.grpc.stub.ClientCalls.toStatusRuntimeException(ClientCalls.java:233)
	at org.apache.ratis.thirdparty.io.grpc.stub.ClientCalls.getUnchecked(ClientCalls.java:214)
	at org.apache.ratis.thirdparty.io.grpc.stub.ClientCalls.blockingUnaryCall(ClientCalls.java:139)
	at org.apache.ratis.proto.grpc.RaftServerProtocolServiceGrpc$RaftServerProtocolServiceBlockingStub.requestVote(RaftServerProtocolServiceGrpc.java:265)
	at org.apache.ratis.grpc.server.GrpcServerProtocolClient.requestVote(GrpcServerProtocolClient.java:99)
	at org.apache.ratis.grpc.server.GrpcService.requestVote(GrpcService.java:204)
	at org.apache.ratis.server.impl.LeaderElection.lambda$submitRequests$1(LeaderElection.java:234)
	at java.util.concurrent.FutureTask.run(FutureTask.java:266)
	at java.util.concurrent.Executors$RunnableAdapter.call(Executors.java:511)
	at java.util.concurrent.FutureTask.run(FutureTask.java:266)
	at java.util.concurrent.ThreadPoolExecutor.runWorker(ThreadPoolExecutor.java:1149)
	at java.util.concurrent.ThreadPoolExecutor$Worker.run(ThreadPoolExecutor.java:624)
	... 1 more
Caused by: org.apache.ratis.thirdparty.io.netty.channel.AbstractChannel$AnnotatedConnectException: Connection refused: /192.168.69.104:45225
	at sun.nio.ch.SocketChannelImpl.checkConnect(Native Method)
	at sun.nio.ch.SocketChannelImpl.finishConnect(SocketChannelImpl.java:717)
	at org.apache.ratis.thirdparty.io.netty.channel.socket.nio.NioSocketChannel.doFinishConnect(NioSocketChannel.java:327)
	at org.apache.ratis.thirdparty.io.netty.channel.nio.AbstractNioChannel$AbstractNioUnsafe.finishConnect(AbstractNioChannel.java:340)
	at org.apache.ratis.thirdparty.io.netty.channel.nio.NioEventLoop.processSelectedKey(NioEventLoop.java:632)
	at org.apache.ratis.thirdparty.io.netty.channel.nio.NioEventLoop.processSelectedKeysOptimized(NioEventLoop.java:579)
	at org.apache.ratis.thirdparty.io.netty.channel.nio.NioEventLoop.processSelectedKeys(NioEventLoop.java:496)
	at org.apache.ratis.thirdparty.io.netty.channel.nio.NioEventLoop.run(NioEventLoop.java:458)
	at org.apache.ratis.thirdparty.io.netty.util.concurrent.SingleThreadEventExecutor$5.run(SingleThreadEventExecutor.java:897)
	at org.apache.ratis.thirdparty.io.netty.util.concurrent.FastThreadLocalRunnable.run(FastThreadLocalRunnable.java:30)
	... 1 more
Caused by: java.net.ConnectException: Connection refused
	... 11 more
2019-10-16 05:41:56,570 [a85e69e5-760c-4b40-a424-fc77673779df@group-AFFE1363742F-LeaderElection49] INFO  impl.LeaderElection (LogUtils.java:infoOrTrace(149)) -   Exception 1: {}
java.util.concurrent.ExecutionException: org.apache.ratis.thirdparty.io.grpc.StatusRuntimeException: UNAVAILABLE: io exception
	at java.util.concurrent.FutureTask.report(FutureTask.java:122)
	at java.util.concurrent.FutureTask.get(FutureTask.java:192)
	at org.apache.ratis.server.impl.LeaderElection.waitForResults(LeaderElection.java:259)
	at org.apache.ratis.server.impl.LeaderElection.askForVotes(LeaderElection.java:197)
	at org.apache.ratis.server.impl.LeaderElection.run(LeaderElection.java:133)
	at java.lang.Thread.run(Thread.java:748)
Caused by: org.apache.ratis.thirdparty.io.grpc.StatusRuntimeException: UNAVAILABLE: io exception
	at org.apache.ratis.thirdparty.io.grpc.stub.ClientCalls.toStatusRuntimeException(ClientCalls.java:233)
	at org.apache.ratis.thirdparty.io.grpc.stub.ClientCalls.getUnchecked(ClientCalls.java:214)
	at org.apache.ratis.thirdparty.io.grpc.stub.ClientCalls.blockingUnaryCall(ClientCalls.java:139)
	at org.apache.ratis.proto.grpc.RaftServerProtocolServiceGrpc$RaftServerProtocolServiceBlockingStub.requestVote(RaftServerProtocolServiceGrpc.java:265)
	at org.apache.ratis.grpc.server.GrpcServerProtocolClient.requestVote(GrpcServerProtocolClient.java:99)
	at org.apache.ratis.grpc.server.GrpcService.requestVote(GrpcService.java:204)
	at org.apache.ratis.server.impl.LeaderElection.lambda$submitRequests$1(LeaderElection.java:234)
	at java.util.concurrent.FutureTask.run(FutureTask.java:266)
	at java.util.concurrent.Executors$RunnableAdapter.call(Executors.java:511)
	at java.util.concurrent.FutureTask.run(FutureTask.java:266)
	at java.util.concurrent.ThreadPoolExecutor.runWorker(ThreadPoolExecutor.java:1149)
	at java.util.concurrent.ThreadPoolExecutor$Worker.run(ThreadPoolExecutor.java:624)
	... 1 more
Caused by: org.apache.ratis.thirdparty.io.netty.channel.AbstractChannel$AnnotatedConnectException: Connection refused: /192.168.69.104:35488
	at sun.nio.ch.SocketChannelImpl.checkConnect(Native Method)
	at sun.nio.ch.SocketChannelImpl.finishConnect(SocketChannelImpl.java:717)
	at org.apache.ratis.thirdparty.io.netty.channel.socket.nio.NioSocketChannel.doFinishConnect(NioSocketChannel.java:327)
	at org.apache.ratis.thirdparty.io.netty.channel.nio.AbstractNioChannel$AbstractNioUnsafe.finishConnect(AbstractNioChannel.java:340)
	at org.apache.ratis.thirdparty.io.netty.channel.nio.NioEventLoop.processSelectedKey(NioEventLoop.java:632)
	at org.apache.ratis.thirdparty.io.netty.channel.nio.NioEventLoop.processSelectedKeysOptimized(NioEventLoop.java:579)
	at org.apache.ratis.thirdparty.io.netty.channel.nio.NioEventLoop.processSelectedKeys(NioEventLoop.java:496)
	at org.apache.ratis.thirdparty.io.netty.channel.nio.NioEventLoop.run(NioEventLoop.java:458)
	at org.apache.ratis.thirdparty.io.netty.util.concurrent.SingleThreadEventExecutor$5.run(SingleThreadEventExecutor.java:897)
	at org.apache.ratis.thirdparty.io.netty.util.concurrent.FastThreadLocalRunnable.run(FastThreadLocalRunnable.java:30)
	... 1 more
Caused by: java.net.ConnectException: Connection refused
	... 11 more
2019-10-16 05:41:56,571 [a85e69e5-760c-4b40-a424-fc77673779df@group-AFFE1363742F-LeaderElection49] INFO  impl.RaftServerImpl (RaftServerImpl.java:setRole(184)) - a85e69e5-760c-4b40-a424-fc77673779df@group-AFFE1363742F: changes role from CANDIDATE to FOLLOWER at term 30 for DISCOVERED_A_NEW_TERM
2019-10-16 05:41:56,571 [a85e69e5-760c-4b40-a424-fc77673779df@group-AFFE1363742F-LeaderElection49] INFO  impl.RoleInfo (RoleInfo.java:shutdownLeaderElection(134)) - a85e69e5-760c-4b40-a424-fc77673779df: shutdown LeaderElection
2019-10-16 05:41:56,572 [a85e69e5-760c-4b40-a424-fc77673779df@group-AFFE1363742F-LeaderElection49] INFO  impl.RoleInfo (RoleInfo.java:updateAndGet(143)) - a85e69e5-760c-4b40-a424-fc77673779df: start FollowerState
2019-10-16 05:41:56,863 [Thread-556] INFO  impl.FollowerState (FollowerState.java:run(108)) - 8d41a728-337d-4af0-9cf5-a84877563a0d@group-527518A75D14-FollowerState: change to CANDIDATE, lastRpcTime:2051ms, electionTimeout:1119ms
2019-10-16 05:41:56,863 [Thread-556] INFO  impl.RoleInfo (RoleInfo.java:shutdownFollowerState(121)) - 8d41a728-337d-4af0-9cf5-a84877563a0d: shutdown FollowerState
2019-10-16 05:41:56,863 [Thread-556] INFO  impl.RaftServerImpl (RaftServerImpl.java:setRole(184)) - 8d41a728-337d-4af0-9cf5-a84877563a0d@group-527518A75D14: changes role from  FOLLOWER to CANDIDATE at term 14 for changeToCandidate
2019-10-16 05:41:56,863 [Thread-556] INFO  impl.RoleInfo (RoleInfo.java:updateAndGet(143)) - 8d41a728-337d-4af0-9cf5-a84877563a0d: start LeaderElection
2019-10-16 05:41:56,864 [8d41a728-337d-4af0-9cf5-a84877563a0d@group-527518A75D14-LeaderElection50] INFO  impl.RaftServerImpl (ServerState.java:setLeader(256)) - 8d41a728-337d-4af0-9cf5-a84877563a0d@group-527518A75D14: change Leader from ad5f0ea4-5dae-48da-9087-47ae9aef0548 to null at term 14 for initElection
2019-10-16 05:41:56,877 [8d41a728-337d-4af0-9cf5-a84877563a0d@group-527518A75D14-LeaderElection50] INFO  impl.LeaderElection (LeaderElection.java:askForVotes(178)) - 8d41a728-337d-4af0-9cf5-a84877563a0d@group-527518A75D14-LeaderElection50: begin an election at term 15 for 0: [ad5f0ea4-5dae-48da-9087-47ae9aef0548:192.168.69.104:41460, 8d41a728-337d-4af0-9cf5-a84877563a0d:192.168.69.104:41721, 9dd632ad-42c7-48e6-93db-e31edb4e1823:192.168.69.104:34049], old=null
2019-10-16 05:41:56,880 [8d41a728-337d-4af0-9cf5-a84877563a0d@group-527518A75D14-LeaderElection50] INFO  impl.LeaderElection (LogUtils.java:infoOrTrace(149)) - 8d41a728-337d-4af0-9cf5-a84877563a0d@group-527518A75D14-LeaderElection50 got exception when requesting votes: {}
java.util.concurrent.ExecutionException: org.apache.ratis.thirdparty.io.grpc.StatusRuntimeException: UNAVAILABLE: io exception
	at java.util.concurrent.FutureTask.report(FutureTask.java:122)
	at java.util.concurrent.FutureTask.get(FutureTask.java:192)
	at org.apache.ratis.server.impl.LeaderElection.waitForResults(LeaderElection.java:259)
	at org.apache.ratis.server.impl.LeaderElection.askForVotes(LeaderElection.java:197)
	at org.apache.ratis.server.impl.LeaderElection.run(LeaderElection.java:133)
	at java.lang.Thread.run(Thread.java:748)
Caused by: org.apache.ratis.thirdparty.io.grpc.StatusRuntimeException: UNAVAILABLE: io exception
	at org.apache.ratis.thirdparty.io.grpc.stub.ClientCalls.toStatusRuntimeException(ClientCalls.java:233)
	at org.apache.ratis.thirdparty.io.grpc.stub.ClientCalls.getUnchecked(ClientCalls.java:214)
	at org.apache.ratis.thirdparty.io.grpc.stub.ClientCalls.blockingUnaryCall(ClientCalls.java:139)
	at org.apache.ratis.proto.grpc.RaftServerProtocolServiceGrpc$RaftServerProtocolServiceBlockingStub.requestVote(RaftServerProtocolServiceGrpc.java:265)
	at org.apache.ratis.grpc.server.GrpcServerProtocolClient.requestVote(GrpcServerProtocolClient.java:99)
	at org.apache.ratis.grpc.server.GrpcService.requestVote(GrpcService.java:204)
	at org.apache.ratis.server.impl.LeaderElection.lambda$submitRequests$1(LeaderElection.java:234)
	at java.util.concurrent.FutureTask.run(FutureTask.java:266)
	at java.util.concurrent.Executors$RunnableAdapter.call(Executors.java:511)
	at java.util.concurrent.FutureTask.run(FutureTask.java:266)
	at java.util.concurrent.ThreadPoolExecutor.runWorker(ThreadPoolExecutor.java:1149)
	at java.util.concurrent.ThreadPoolExecutor$Worker.run(ThreadPoolExecutor.java:624)
	... 1 more
Caused by: org.apache.ratis.thirdparty.io.netty.channel.AbstractChannel$AnnotatedConnectException: Connection refused: /192.168.69.104:34049
	at sun.nio.ch.SocketChannelImpl.checkConnect(Native Method)
	at sun.nio.ch.SocketChannelImpl.finishConnect(SocketChannelImpl.java:717)
	at org.apache.ratis.thirdparty.io.netty.channel.socket.nio.NioSocketChannel.doFinishConnect(NioSocketChannel.java:327)
	at org.apache.ratis.thirdparty.io.netty.channel.nio.AbstractNioChannel$AbstractNioUnsafe.finishConnect(AbstractNioChannel.java:340)
	at org.apache.ratis.thirdparty.io.netty.channel.nio.NioEventLoop.processSelectedKey(NioEventLoop.java:632)
	at org.apache.ratis.thirdparty.io.netty.channel.nio.NioEventLoop.processSelectedKeysOptimized(NioEventLoop.java:579)
	at org.apache.ratis.thirdparty.io.netty.channel.nio.NioEventLoop.processSelectedKeys(NioEventLoop.java:496)
	at org.apache.ratis.thirdparty.io.netty.channel.nio.NioEventLoop.run(NioEventLoop.java:458)
	at org.apache.ratis.thirdparty.io.netty.util.concurrent.SingleThreadEventExecutor$5.run(SingleThreadEventExecutor.java:897)
	at org.apache.ratis.thirdparty.io.netty.util.concurrent.FastThreadLocalRunnable.run(FastThreadLocalRunnable.java:30)
	... 1 more
Caused by: java.net.ConnectException: Connection refused
	... 11 more
2019-10-16 05:41:56,883 [8d41a728-337d-4af0-9cf5-a84877563a0d@group-527518A75D14-LeaderElection50] INFO  impl.LeaderElection (LogUtils.java:infoOrTrace(149)) - 8d41a728-337d-4af0-9cf5-a84877563a0d@group-527518A75D14-LeaderElection50 got exception when requesting votes: {}
java.util.concurrent.ExecutionException: org.apache.ratis.thirdparty.io.grpc.StatusRuntimeException: UNAVAILABLE: io exception
	at java.util.concurrent.FutureTask.report(FutureTask.java:122)
	at java.util.concurrent.FutureTask.get(FutureTask.java:192)
	at org.apache.ratis.server.impl.LeaderElection.waitForResults(LeaderElection.java:259)
	at org.apache.ratis.server.impl.LeaderElection.askForVotes(LeaderElection.java:197)
	at org.apache.ratis.server.impl.LeaderElection.run(LeaderElection.java:133)
	at java.lang.Thread.run(Thread.java:748)
Caused by: org.apache.ratis.thirdparty.io.grpc.StatusRuntimeException: UNAVAILABLE: io exception
	at org.apache.ratis.thirdparty.io.grpc.stub.ClientCalls.toStatusRuntimeException(ClientCalls.java:233)
	at org.apache.ratis.thirdparty.io.grpc.stub.ClientCalls.getUnchecked(ClientCalls.java:214)
	at org.apache.ratis.thirdparty.io.grpc.stub.ClientCalls.blockingUnaryCall(ClientCalls.java:139)
	at org.apache.ratis.proto.grpc.RaftServerProtocolServiceGrpc$RaftServerProtocolServiceBlockingStub.requestVote(RaftServerProtocolServiceGrpc.java:265)
	at org.apache.ratis.grpc.server.GrpcServerProtocolClient.requestVote(GrpcServerProtocolClient.java:99)
	at org.apache.ratis.grpc.server.GrpcService.requestVote(GrpcService.java:204)
	at org.apache.ratis.server.impl.LeaderElection.lambda$submitRequests$1(LeaderElection.java:234)
	at java.util.concurrent.FutureTask.run(FutureTask.java:266)
	at java.util.concurrent.Executors$RunnableAdapter.call(Executors.java:511)
	at java.util.concurrent.FutureTask.run(FutureTask.java:266)
	at java.util.concurrent.ThreadPoolExecutor.runWorker(ThreadPoolExecutor.java:1149)
	at java.util.concurrent.ThreadPoolExecutor$Worker.run(ThreadPoolExecutor.java:624)
	... 1 more
Caused by: org.apache.ratis.thirdparty.io.netty.channel.AbstractChannel$AnnotatedConnectException: Connection refused: /192.168.69.104:41460
	at sun.nio.ch.SocketChannelImpl.checkConnect(Native Method)
	at sun.nio.ch.SocketChannelImpl.finishConnect(SocketChannelImpl.java:717)
	at org.apache.ratis.thirdparty.io.netty.channel.socket.nio.NioSocketChannel.doFinishConnect(NioSocketChannel.java:327)
	at org.apache.ratis.thirdparty.io.netty.channel.nio.AbstractNioChannel$AbstractNioUnsafe.finishConnect(AbstractNioChannel.java:340)
	at org.apache.ratis.thirdparty.io.netty.channel.nio.NioEventLoop.processSelectedKey(NioEventLoop.java:632)
	at org.apache.ratis.thirdparty.io.netty.channel.nio.NioEventLoop.processSelectedKeysOptimized(NioEventLoop.java:579)
	at org.apache.ratis.thirdparty.io.netty.channel.nio.NioEventLoop.processSelectedKeys(NioEventLoop.java:496)
	at org.apache.ratis.thirdparty.io.netty.channel.nio.NioEventLoop.run(NioEventLoop.java:458)
	at org.apache.ratis.thirdparty.io.netty.util.concurrent.SingleThreadEventExecutor$5.run(SingleThreadEventExecutor.java:897)
	at org.apache.ratis.thirdparty.io.netty.util.concurrent.FastThreadLocalRunnable.run(FastThreadLocalRunnable.java:30)
	... 1 more
Caused by: java.net.ConnectException: Connection refused
	... 11 more
2019-10-16 05:41:56,895 [8d41a728-337d-4af0-9cf5-a84877563a0d@group-527518A75D14-LeaderElection50] INFO  impl.LeaderElection (LeaderElection.java:logAndReturn(56)) - 8d41a728-337d-4af0-9cf5-a84877563a0d@group-527518A75D14-LeaderElection50: Election REJECTED; received 0 response(s) [] and 2 exception(s); 8d41a728-337d-4af0-9cf5-a84877563a0d@group-527518A75D14:t15, leader=null, voted=8d41a728-337d-4af0-9cf5-a84877563a0d, raftlog=8d41a728-337d-4af0-9cf5-a84877563a0d@group-527518A75D14-SegmentedRaftLog:OPENED:c16,f16,i16, conf=0: [ad5f0ea4-5dae-48da-9087-47ae9aef0548:192.168.69.104:41460, 8d41a728-337d-4af0-9cf5-a84877563a0d:192.168.69.104:41721, 9dd632ad-42c7-48e6-93db-e31edb4e1823:192.168.69.104:34049], old=null
2019-10-16 05:41:56,895 [8d41a728-337d-4af0-9cf5-a84877563a0d@group-527518A75D14-LeaderElection50] INFO  impl.LeaderElection (LogUtils.java:infoOrTrace(149)) -   Exception 0: {}
java.util.concurrent.ExecutionException: org.apache.ratis.thirdparty.io.grpc.StatusRuntimeException: UNAVAILABLE: io exception
	at java.util.concurrent.FutureTask.report(FutureTask.java:122)
	at java.util.concurrent.FutureTask.get(FutureTask.java:192)
	at org.apache.ratis.server.impl.LeaderElection.waitForResults(LeaderElection.java:259)
	at org.apache.ratis.server.impl.LeaderElection.askForVotes(LeaderElection.java:197)
	at org.apache.ratis.server.impl.LeaderElection.run(LeaderElection.java:133)
	at java.lang.Thread.run(Thread.java:748)
Caused by: org.apache.ratis.thirdparty.io.grpc.StatusRuntimeException: UNAVAILABLE: io exception
	at org.apache.ratis.thirdparty.io.grpc.stub.ClientCalls.toStatusRuntimeException(ClientCalls.java:233)
	at org.apache.ratis.thirdparty.io.grpc.stub.ClientCalls.getUnchecked(ClientCalls.java:214)
	at org.apache.ratis.thirdparty.io.grpc.stub.ClientCalls.blockingUnaryCall(ClientCalls.java:139)
	at org.apache.ratis.proto.grpc.RaftServerProtocolServiceGrpc$RaftServerProtocolServiceBlockingStub.requestVote(RaftServerProtocolServiceGrpc.java:265)
	at org.apache.ratis.grpc.server.GrpcServerProtocolClient.requestVote(GrpcServerProtocolClient.java:99)
	at org.apache.ratis.grpc.server.GrpcService.requestVote(GrpcService.java:204)
	at org.apache.ratis.server.impl.LeaderElection.lambda$submitRequests$1(LeaderElection.java:234)
	at java.util.concurrent.FutureTask.run(FutureTask.java:266)
	at java.util.concurrent.Executors$RunnableAdapter.call(Executors.java:511)
	at java.util.concurrent.FutureTask.run(FutureTask.java:266)
	at java.util.concurrent.ThreadPoolExecutor.runWorker(ThreadPoolExecutor.java:1149)
	at java.util.concurrent.ThreadPoolExecutor$Worker.run(ThreadPoolExecutor.java:624)
	... 1 more
Caused by: org.apache.ratis.thirdparty.io.netty.channel.AbstractChannel$AnnotatedConnectException: Connection refused: /192.168.69.104:34049
	at sun.nio.ch.SocketChannelImpl.checkConnect(Native Method)
	at sun.nio.ch.SocketChannelImpl.finishConnect(SocketChannelImpl.java:717)
	at org.apache.ratis.thirdparty.io.netty.channel.socket.nio.NioSocketChannel.doFinishConnect(NioSocketChannel.java:327)
	at org.apache.ratis.thirdparty.io.netty.channel.nio.AbstractNioChannel$AbstractNioUnsafe.finishConnect(AbstractNioChannel.java:340)
	at org.apache.ratis.thirdparty.io.netty.channel.nio.NioEventLoop.processSelectedKey(NioEventLoop.java:632)
	at org.apache.ratis.thirdparty.io.netty.channel.nio.NioEventLoop.processSelectedKeysOptimized(NioEventLoop.java:579)
	at org.apache.ratis.thirdparty.io.netty.channel.nio.NioEventLoop.processSelectedKeys(NioEventLoop.java:496)
	at org.apache.ratis.thirdparty.io.netty.channel.nio.NioEventLoop.run(NioEventLoop.java:458)
	at org.apache.ratis.thirdparty.io.netty.util.concurrent.SingleThreadEventExecutor$5.run(SingleThreadEventExecutor.java:897)
	at org.apache.ratis.thirdparty.io.netty.util.concurrent.FastThreadLocalRunnable.run(FastThreadLocalRunnable.java:30)
	... 1 more
Caused by: java.net.ConnectException: Connection refused
	... 11 more
2019-10-16 05:41:56,895 [8d41a728-337d-4af0-9cf5-a84877563a0d@group-527518A75D14-LeaderElection50] INFO  impl.LeaderElection (LogUtils.java:infoOrTrace(149)) -   Exception 1: {}
java.util.concurrent.ExecutionException: org.apache.ratis.thirdparty.io.grpc.StatusRuntimeException: UNAVAILABLE: io exception
	at java.util.concurrent.FutureTask.report(FutureTask.java:122)
	at java.util.concurrent.FutureTask.get(FutureTask.java:192)
	at org.apache.ratis.server.impl.LeaderElection.waitForResults(LeaderElection.java:259)
	at org.apache.ratis.server.impl.LeaderElection.askForVotes(LeaderElection.java:197)
	at org.apache.ratis.server.impl.LeaderElection.run(LeaderElection.java:133)
	at java.lang.Thread.run(Thread.java:748)
Caused by: org.apache.ratis.thirdparty.io.grpc.StatusRuntimeException: UNAVAILABLE: io exception
	at org.apache.ratis.thirdparty.io.grpc.stub.ClientCalls.toStatusRuntimeException(ClientCalls.java:233)
	at org.apache.ratis.thirdparty.io.grpc.stub.ClientCalls.getUnchecked(ClientCalls.java:214)
	at org.apache.ratis.thirdparty.io.grpc.stub.ClientCalls.blockingUnaryCall(ClientCalls.java:139)
	at org.apache.ratis.proto.grpc.RaftServerProtocolServiceGrpc$RaftServerProtocolServiceBlockingStub.requestVote(RaftServerProtocolServiceGrpc.java:265)
	at org.apache.ratis.grpc.server.GrpcServerProtocolClient.requestVote(GrpcServerProtocolClient.java:99)
	at org.apache.ratis.grpc.server.GrpcService.requestVote(GrpcService.java:204)
	at org.apache.ratis.server.impl.LeaderElection.lambda$submitRequests$1(LeaderElection.java:234)
	at java.util.concurrent.FutureTask.run(FutureTask.java:266)
	at java.util.concurrent.Executors$RunnableAdapter.call(Executors.java:511)
	at java.util.concurrent.FutureTask.run(FutureTask.java:266)
	at java.util.concurrent.ThreadPoolExecutor.runWorker(ThreadPoolExecutor.java:1149)
	at java.util.concurrent.ThreadPoolExecutor$Worker.run(ThreadPoolExecutor.java:624)
	... 1 more
Caused by: org.apache.ratis.thirdparty.io.netty.channel.AbstractChannel$AnnotatedConnectException: Connection refused: /192.168.69.104:41460
	at sun.nio.ch.SocketChannelImpl.checkConnect(Native Method)
	at sun.nio.ch.SocketChannelImpl.finishConnect(SocketChannelImpl.java:717)
	at org.apache.ratis.thirdparty.io.netty.channel.socket.nio.NioSocketChannel.doFinishConnect(NioSocketChannel.java:327)
	at org.apache.ratis.thirdparty.io.netty.channel.nio.AbstractNioChannel$AbstractNioUnsafe.finishConnect(AbstractNioChannel.java:340)
	at org.apache.ratis.thirdparty.io.netty.channel.nio.NioEventLoop.processSelectedKey(NioEventLoop.java:632)
	at org.apache.ratis.thirdparty.io.netty.channel.nio.NioEventLoop.processSelectedKeysOptimized(NioEventLoop.java:579)
	at org.apache.ratis.thirdparty.io.netty.channel.nio.NioEventLoop.processSelectedKeys(NioEventLoop.java:496)
	at org.apache.ratis.thirdparty.io.netty.channel.nio.NioEventLoop.run(NioEventLoop.java:458)
	at org.apache.ratis.thirdparty.io.netty.util.concurrent.SingleThreadEventExecutor$5.run(SingleThreadEventExecutor.java:897)
	at org.apache.ratis.thirdparty.io.netty.util.concurrent.FastThreadLocalRunnable.run(FastThreadLocalRunnable.java:30)
	... 1 more
Caused by: java.net.ConnectException: Connection refused
	... 11 more
2019-10-16 05:41:56,896 [8d41a728-337d-4af0-9cf5-a84877563a0d@group-527518A75D14-LeaderElection50] INFO  impl.RaftServerImpl (RaftServerImpl.java:setRole(184)) - 8d41a728-337d-4af0-9cf5-a84877563a0d@group-527518A75D14: changes role from CANDIDATE to FOLLOWER at term 15 for DISCOVERED_A_NEW_TERM
2019-10-16 05:41:56,896 [8d41a728-337d-4af0-9cf5-a84877563a0d@group-527518A75D14-LeaderElection50] INFO  impl.RoleInfo (RoleInfo.java:shutdownLeaderElection(134)) - 8d41a728-337d-4af0-9cf5-a84877563a0d: shutdown LeaderElection
2019-10-16 05:41:56,897 [8d41a728-337d-4af0-9cf5-a84877563a0d@group-527518A75D14-LeaderElection50] INFO  impl.RoleInfo (RoleInfo.java:updateAndGet(143)) - 8d41a728-337d-4af0-9cf5-a84877563a0d: start FollowerState
2019-10-16 05:41:57,772 [Thread-1393] INFO  impl.FollowerState (FollowerState.java:run(108)) - a85e69e5-760c-4b40-a424-fc77673779df@group-AFFE1363742F-FollowerState: change to CANDIDATE, lastRpcTime:1200ms, electionTimeout:1200ms
2019-10-16 05:41:57,772 [Thread-1393] INFO  impl.RoleInfo (RoleInfo.java:shutdownFollowerState(121)) - a85e69e5-760c-4b40-a424-fc77673779df: shutdown FollowerState
2019-10-16 05:41:57,772 [Thread-1393] INFO  impl.RaftServerImpl (RaftServerImpl.java:setRole(184)) - a85e69e5-760c-4b40-a424-fc77673779df@group-AFFE1363742F: changes role from  FOLLOWER to CANDIDATE at term 30 for changeToCandidate
2019-10-16 05:41:57,772 [Thread-1393] INFO  impl.RoleInfo (RoleInfo.java:updateAndGet(143)) - a85e69e5-760c-4b40-a424-fc77673779df: start LeaderElection
2019-10-16 05:41:57,787 [a85e69e5-760c-4b40-a424-fc77673779df@group-AFFE1363742F-LeaderElection51] INFO  impl.LeaderElection (LeaderElection.java:askForVotes(178)) - a85e69e5-760c-4b40-a424-fc77673779df@group-AFFE1363742F-LeaderElection51: begin an election at term 31 for 0: [163c5688-ede5-44ab-b3bd-c5a10f730980:192.168.69.104:45225, a85e69e5-760c-4b40-a424-fc77673779df:192.168.69.104:37941, 73edb6ac-4c26-463f-ad6d-00f88e6dbd58:192.168.69.104:35488], old=null
2019-10-16 05:41:57,788 [a85e69e5-760c-4b40-a424-fc77673779df@group-AFFE1363742F-LeaderElection51] INFO  impl.LeaderElection (LogUtils.java:infoOrTrace(149)) - a85e69e5-760c-4b40-a424-fc77673779df@group-AFFE1363742F-LeaderElection51 got exception when requesting votes: {}
java.util.concurrent.ExecutionException: org.apache.ratis.thirdparty.io.grpc.StatusRuntimeException: UNAVAILABLE: io exception
	at java.util.concurrent.FutureTask.report(FutureTask.java:122)
	at java.util.concurrent.FutureTask.get(FutureTask.java:192)
	at org.apache.ratis.server.impl.LeaderElection.waitForResults(LeaderElection.java:259)
	at org.apache.ratis.server.impl.LeaderElection.askForVotes(LeaderElection.java:197)
	at org.apache.ratis.server.impl.LeaderElection.run(LeaderElection.java:133)
	at java.lang.Thread.run(Thread.java:748)
Caused by: org.apache.ratis.thirdparty.io.grpc.StatusRuntimeException: UNAVAILABLE: io exception
	at org.apache.ratis.thirdparty.io.grpc.stub.ClientCalls.toStatusRuntimeException(ClientCalls.java:233)
	at org.apache.ratis.thirdparty.io.grpc.stub.ClientCalls.getUnchecked(ClientCalls.java:214)
	at org.apache.ratis.thirdparty.io.grpc.stub.ClientCalls.blockingUnaryCall(ClientCalls.java:139)
	at org.apache.ratis.proto.grpc.RaftServerProtocolServiceGrpc$RaftServerProtocolServiceBlockingStub.requestVote(RaftServerProtocolServiceGrpc.java:265)
	at org.apache.ratis.grpc.server.GrpcServerProtocolClient.requestVote(GrpcServerProtocolClient.java:99)
	at org.apache.ratis.grpc.server.GrpcService.requestVote(GrpcService.java:204)
	at org.apache.ratis.server.impl.LeaderElection.lambda$submitRequests$1(LeaderElection.java:234)
	at java.util.concurrent.FutureTask.run(FutureTask.java:266)
	at java.util.concurrent.Executors$RunnableAdapter.call(Executors.java:511)
	at java.util.concurrent.FutureTask.run(FutureTask.java:266)
	at java.util.concurrent.ThreadPoolExecutor.runWorker(ThreadPoolExecutor.java:1149)
	at java.util.concurrent.ThreadPoolExecutor$Worker.run(ThreadPoolExecutor.java:624)
	... 1 more
Caused by: org.apache.ratis.thirdparty.io.netty.channel.AbstractChannel$AnnotatedConnectException: Connection refused: /192.168.69.104:45225
	at sun.nio.ch.SocketChannelImpl.checkConnect(Native Method)
	at sun.nio.ch.SocketChannelImpl.finishConnect(SocketChannelImpl.java:717)
	at org.apache.ratis.thirdparty.io.netty.channel.socket.nio.NioSocketChannel.doFinishConnect(NioSocketChannel.java:327)
	at org.apache.ratis.thirdparty.io.netty.channel.nio.AbstractNioChannel$AbstractNioUnsafe.finishConnect(AbstractNioChannel.java:340)
	at org.apache.ratis.thirdparty.io.netty.channel.nio.NioEventLoop.processSelectedKey(NioEventLoop.java:632)
	at org.apache.ratis.thirdparty.io.netty.channel.nio.NioEventLoop.processSelectedKeysOptimized(NioEventLoop.java:579)
	at org.apache.ratis.thirdparty.io.netty.channel.nio.NioEventLoop.processSelectedKeys(NioEventLoop.java:496)
	at org.apache.ratis.thirdparty.io.netty.channel.nio.NioEventLoop.run(NioEventLoop.java:458)
	at org.apache.ratis.thirdparty.io.netty.util.concurrent.SingleThreadEventExecutor$5.run(SingleThreadEventExecutor.java:897)
	at org.apache.ratis.thirdparty.io.netty.util.concurrent.FastThreadLocalRunnable.run(FastThreadLocalRunnable.java:30)
	... 1 more
Caused by: java.net.ConnectException: Connection refused
	... 11 more
2019-10-16 05:41:57,789 [a85e69e5-760c-4b40-a424-fc77673779df@group-AFFE1363742F-LeaderElection51] INFO  impl.LeaderElection (LogUtils.java:infoOrTrace(149)) - a85e69e5-760c-4b40-a424-fc77673779df@group-AFFE1363742F-LeaderElection51 got exception when requesting votes: {}
java.util.concurrent.ExecutionException: org.apache.ratis.thirdparty.io.grpc.StatusRuntimeException: UNAVAILABLE: io exception
	at java.util.concurrent.FutureTask.report(FutureTask.java:122)
	at java.util.concurrent.FutureTask.get(FutureTask.java:192)
	at org.apache.ratis.server.impl.LeaderElection.waitForResults(LeaderElection.java:259)
	at org.apache.ratis.server.impl.LeaderElection.askForVotes(LeaderElection.java:197)
	at org.apache.ratis.server.impl.LeaderElection.run(LeaderElection.java:133)
	at java.lang.Thread.run(Thread.java:748)
Caused by: org.apache.ratis.thirdparty.io.grpc.StatusRuntimeException: UNAVAILABLE: io exception
	at org.apache.ratis.thirdparty.io.grpc.stub.ClientCalls.toStatusRuntimeException(ClientCalls.java:233)
	at org.apache.ratis.thirdparty.io.grpc.stub.ClientCalls.getUnchecked(ClientCalls.java:214)
	at org.apache.ratis.thirdparty.io.grpc.stub.ClientCalls.blockingUnaryCall(ClientCalls.java:139)
	at org.apache.ratis.proto.grpc.RaftServerProtocolServiceGrpc$RaftServerProtocolServiceBlockingStub.requestVote(RaftServerProtocolServiceGrpc.java:265)
	at org.apache.ratis.grpc.server.GrpcServerProtocolClient.requestVote(GrpcServerProtocolClient.java:99)
	at org.apache.ratis.grpc.server.GrpcService.requestVote(GrpcService.java:204)
	at org.apache.ratis.server.impl.LeaderElection.lambda$submitRequests$1(LeaderElection.java:234)
	at java.util.concurrent.FutureTask.run(FutureTask.java:266)
	at java.util.concurrent.Executors$RunnableAdapter.call(Executors.java:511)
	at java.util.concurrent.FutureTask.run(FutureTask.java:266)
	at java.util.concurrent.ThreadPoolExecutor.runWorker(ThreadPoolExecutor.java:1149)
	at java.util.concurrent.ThreadPoolExecutor$Worker.run(ThreadPoolExecutor.java:624)
	... 1 more
Caused by: org.apache.ratis.thirdparty.io.netty.channel.AbstractChannel$AnnotatedConnectException: Connection refused: /192.168.69.104:35488
	at sun.nio.ch.SocketChannelImpl.checkConnect(Native Method)
	at sun.nio.ch.SocketChannelImpl.finishConnect(SocketChannelImpl.java:717)
	at org.apache.ratis.thirdparty.io.netty.channel.socket.nio.NioSocketChannel.doFinishConnect(NioSocketChannel.java:327)
	at org.apache.ratis.thirdparty.io.netty.channel.nio.AbstractNioChannel$AbstractNioUnsafe.finishConnect(AbstractNioChannel.java:340)
	at org.apache.ratis.thirdparty.io.netty.channel.nio.NioEventLoop.processSelectedKey(NioEventLoop.java:632)
	at org.apache.ratis.thirdparty.io.netty.channel.nio.NioEventLoop.processSelectedKeysOptimized(NioEventLoop.java:579)
	at org.apache.ratis.thirdparty.io.netty.channel.nio.NioEventLoop.processSelectedKeys(NioEventLoop.java:496)
	at org.apache.ratis.thirdparty.io.netty.channel.nio.NioEventLoop.run(NioEventLoop.java:458)
	at org.apache.ratis.thirdparty.io.netty.util.concurrent.SingleThreadEventExecutor$5.run(SingleThreadEventExecutor.java:897)
	at org.apache.ratis.thirdparty.io.netty.util.concurrent.FastThreadLocalRunnable.run(FastThreadLocalRunnable.java:30)
	... 1 more
Caused by: java.net.ConnectException: Connection refused
	... 11 more
2019-10-16 05:41:57,789 [a85e69e5-760c-4b40-a424-fc77673779df@group-AFFE1363742F-LeaderElection51] INFO  impl.LeaderElection (LeaderElection.java:logAndReturn(56)) - a85e69e5-760c-4b40-a424-fc77673779df@group-AFFE1363742F-LeaderElection51: Election REJECTED; received 0 response(s) [] and 2 exception(s); a85e69e5-760c-4b40-a424-fc77673779df@group-AFFE1363742F:t31, leader=null, voted=a85e69e5-760c-4b40-a424-fc77673779df, raftlog=a85e69e5-760c-4b40-a424-fc77673779df@group-AFFE1363742F-SegmentedRaftLog:OPENED:c28,f28,i28, conf=0: [163c5688-ede5-44ab-b3bd-c5a10f730980:192.168.69.104:45225, a85e69e5-760c-4b40-a424-fc77673779df:192.168.69.104:37941, 73edb6ac-4c26-463f-ad6d-00f88e6dbd58:192.168.69.104:35488], old=null
2019-10-16 05:41:57,790 [a85e69e5-760c-4b40-a424-fc77673779df@group-AFFE1363742F-LeaderElection51] INFO  impl.LeaderElection (LogUtils.java:infoOrTrace(149)) -   Exception 0: {}
java.util.concurrent.ExecutionException: org.apache.ratis.thirdparty.io.grpc.StatusRuntimeException: UNAVAILABLE: io exception
	at java.util.concurrent.FutureTask.report(FutureTask.java:122)
	at java.util.concurrent.FutureTask.get(FutureTask.java:192)
	at org.apache.ratis.server.impl.LeaderElection.waitForResults(LeaderElection.java:259)
	at org.apache.ratis.server.impl.LeaderElection.askForVotes(LeaderElection.java:197)
	at org.apache.ratis.server.impl.LeaderElection.run(LeaderElection.java:133)
	at java.lang.Thread.run(Thread.java:748)
Caused by: org.apache.ratis.thirdparty.io.grpc.StatusRuntimeException: UNAVAILABLE: io exception
	at org.apache.ratis.thirdparty.io.grpc.stub.ClientCalls.toStatusRuntimeException(ClientCalls.java:233)
	at org.apache.ratis.thirdparty.io.grpc.stub.ClientCalls.getUnchecked(ClientCalls.java:214)
	at org.apache.ratis.thirdparty.io.grpc.stub.ClientCalls.blockingUnaryCall(ClientCalls.java:139)
	at org.apache.ratis.proto.grpc.RaftServerProtocolServiceGrpc$RaftServerProtocolServiceBlockingStub.requestVote(RaftServerProtocolServiceGrpc.java:265)
	at org.apache.ratis.grpc.server.GrpcServerProtocolClient.requestVote(GrpcServerProtocolClient.java:99)
	at org.apache.ratis.grpc.server.GrpcService.requestVote(GrpcService.java:204)
	at org.apache.ratis.server.impl.LeaderElection.lambda$submitRequests$1(LeaderElection.java:234)
	at java.util.concurrent.FutureTask.run(FutureTask.java:266)
	at java.util.concurrent.Executors$RunnableAdapter.call(Executors.java:511)
	at java.util.concurrent.FutureTask.run(FutureTask.java:266)
	at java.util.concurrent.ThreadPoolExecutor.runWorker(ThreadPoolExecutor.java:1149)
	at java.util.concurrent.ThreadPoolExecutor$Worker.run(ThreadPoolExecutor.java:624)
	... 1 more
Caused by: org.apache.ratis.thirdparty.io.netty.channel.AbstractChannel$AnnotatedConnectException: Connection refused: /192.168.69.104:45225
	at sun.nio.ch.SocketChannelImpl.checkConnect(Native Method)
	at sun.nio.ch.SocketChannelImpl.finishConnect(SocketChannelImpl.java:717)
	at org.apache.ratis.thirdparty.io.netty.channel.socket.nio.NioSocketChannel.doFinishConnect(NioSocketChannel.java:327)
	at org.apache.ratis.thirdparty.io.netty.channel.nio.AbstractNioChannel$AbstractNioUnsafe.finishConnect(AbstractNioChannel.java:340)
	at org.apache.ratis.thirdparty.io.netty.channel.nio.NioEventLoop.processSelectedKey(NioEventLoop.java:632)
	at org.apache.ratis.thirdparty.io.netty.channel.nio.NioEventLoop.processSelectedKeysOptimized(NioEventLoop.java:579)
	at org.apache.ratis.thirdparty.io.netty.channel.nio.NioEventLoop.processSelectedKeys(NioEventLoop.java:496)
	at org.apache.ratis.thirdparty.io.netty.channel.nio.NioEventLoop.run(NioEventLoop.java:458)
	at org.apache.ratis.thirdparty.io.netty.util.concurrent.SingleThreadEventExecutor$5.run(SingleThreadEventExecutor.java:897)
	at org.apache.ratis.thirdparty.io.netty.util.concurrent.FastThreadLocalRunnable.run(FastThreadLocalRunnable.java:30)
	... 1 more
Caused by: java.net.ConnectException: Connection refused
	... 11 more
2019-10-16 05:41:57,790 [a85e69e5-760c-4b40-a424-fc77673779df@group-AFFE1363742F-LeaderElection51] INFO  impl.LeaderElection (LogUtils.java:infoOrTrace(149)) -   Exception 1: {}
java.util.concurrent.ExecutionException: org.apache.ratis.thirdparty.io.grpc.StatusRuntimeException: UNAVAILABLE: io exception
	at java.util.concurrent.FutureTask.report(FutureTask.java:122)
	at java.util.concurrent.FutureTask.get(FutureTask.java:192)
	at org.apache.ratis.server.impl.LeaderElection.waitForResults(LeaderElection.java:259)
	at org.apache.ratis.server.impl.LeaderElection.askForVotes(LeaderElection.java:197)
	at org.apache.ratis.server.impl.LeaderElection.run(LeaderElection.java:133)
	at java.lang.Thread.run(Thread.java:748)
Caused by: org.apache.ratis.thirdparty.io.grpc.StatusRuntimeException: UNAVAILABLE: io exception
	at org.apache.ratis.thirdparty.io.grpc.stub.ClientCalls.toStatusRuntimeException(ClientCalls.java:233)
	at org.apache.ratis.thirdparty.io.grpc.stub.ClientCalls.getUnchecked(ClientCalls.java:214)
	at org.apache.ratis.thirdparty.io.grpc.stub.ClientCalls.blockingUnaryCall(ClientCalls.java:139)
	at org.apache.ratis.proto.grpc.RaftServerProtocolServiceGrpc$RaftServerProtocolServiceBlockingStub.requestVote(RaftServerProtocolServiceGrpc.java:265)
	at org.apache.ratis.grpc.server.GrpcServerProtocolClient.requestVote(GrpcServerProtocolClient.java:99)
	at org.apache.ratis.grpc.server.GrpcService.requestVote(GrpcService.java:204)
	at org.apache.ratis.server.impl.LeaderElection.lambda$submitRequests$1(LeaderElection.java:234)
	at java.util.concurrent.FutureTask.run(FutureTask.java:266)
	at java.util.concurrent.Executors$RunnableAdapter.call(Executors.java:511)
	at java.util.concurrent.FutureTask.run(FutureTask.java:266)
	at java.util.concurrent.ThreadPoolExecutor.runWorker(ThreadPoolExecutor.java:1149)
	at java.util.concurrent.ThreadPoolExecutor$Worker.run(ThreadPoolExecutor.java:624)
	... 1 more
Caused by: org.apache.ratis.thirdparty.io.netty.channel.AbstractChannel$AnnotatedConnectException: Connection refused: /192.168.69.104:35488
	at sun.nio.ch.SocketChannelImpl.checkConnect(Native Method)
	at sun.nio.ch.SocketChannelImpl.finishConnect(SocketChannelImpl.java:717)
	at org.apache.ratis.thirdparty.io.netty.channel.socket.nio.NioSocketChannel.doFinishConnect(NioSocketChannel.java:327)
	at org.apache.ratis.thirdparty.io.netty.channel.nio.AbstractNioChannel$AbstractNioUnsafe.finishConnect(AbstractNioChannel.java:340)
	at org.apache.ratis.thirdparty.io.netty.channel.nio.NioEventLoop.processSelectedKey(NioEventLoop.java:632)
	at org.apache.ratis.thirdparty.io.netty.channel.nio.NioEventLoop.processSelectedKeysOptimized(NioEventLoop.java:579)
	at org.apache.ratis.thirdparty.io.netty.channel.nio.NioEventLoop.processSelectedKeys(NioEventLoop.java:496)
	at org.apache.ratis.thirdparty.io.netty.channel.nio.NioEventLoop.run(NioEventLoop.java:458)
	at org.apache.ratis.thirdparty.io.netty.util.concurrent.SingleThreadEventExecutor$5.run(SingleThreadEventExecutor.java:897)
	at org.apache.ratis.thirdparty.io.netty.util.concurrent.FastThreadLocalRunnable.run(FastThreadLocalRunnable.java:30)
	... 1 more
Caused by: java.net.ConnectException: Connection refused
	... 11 more
2019-10-16 05:41:57,791 [a85e69e5-760c-4b40-a424-fc77673779df@group-AFFE1363742F-LeaderElection51] INFO  impl.RaftServerImpl (RaftServerImpl.java:setRole(184)) - a85e69e5-760c-4b40-a424-fc77673779df@group-AFFE1363742F: changes role from CANDIDATE to FOLLOWER at term 31 for DISCOVERED_A_NEW_TERM
2019-10-16 05:41:57,791 [a85e69e5-760c-4b40-a424-fc77673779df@group-AFFE1363742F-LeaderElection51] INFO  impl.RoleInfo (RoleInfo.java:shutdownLeaderElection(134)) - a85e69e5-760c-4b40-a424-fc77673779df: shutdown LeaderElection
2019-10-16 05:41:57,791 [a85e69e5-760c-4b40-a424-fc77673779df@group-AFFE1363742F-LeaderElection51] INFO  impl.RoleInfo (RoleInfo.java:updateAndGet(143)) - a85e69e5-760c-4b40-a424-fc77673779df: start FollowerState
2019-10-16 05:41:58,088 [Thread-1399] INFO  impl.FollowerState (FollowerState.java:run(108)) - 8d41a728-337d-4af0-9cf5-a84877563a0d@group-527518A75D14-FollowerState: change to CANDIDATE, lastRpcTime:1191ms, electionTimeout:1191ms
2019-10-16 05:41:58,088 [Thread-1399] INFO  impl.RoleInfo (RoleInfo.java:shutdownFollowerState(121)) - 8d41a728-337d-4af0-9cf5-a84877563a0d: shutdown FollowerState
2019-10-16 05:41:58,088 [Thread-1399] INFO  impl.RaftServerImpl (RaftServerImpl.java:setRole(184)) - 8d41a728-337d-4af0-9cf5-a84877563a0d@group-527518A75D14: changes role from  FOLLOWER to CANDIDATE at term 15 for changeToCandidate
2019-10-16 05:41:58,088 [Thread-1399] INFO  impl.RoleInfo (RoleInfo.java:updateAndGet(143)) - 8d41a728-337d-4af0-9cf5-a84877563a0d: start LeaderElection
2019-10-16 05:41:58,102 [8d41a728-337d-4af0-9cf5-a84877563a0d@group-527518A75D14-LeaderElection52] INFO  impl.LeaderElection (LeaderElection.java:askForVotes(178)) - 8d41a728-337d-4af0-9cf5-a84877563a0d@group-527518A75D14-LeaderElection52: begin an election at term 16 for 0: [ad5f0ea4-5dae-48da-9087-47ae9aef0548:192.168.69.104:41460, 8d41a728-337d-4af0-9cf5-a84877563a0d:192.168.69.104:41721, 9dd632ad-42c7-48e6-93db-e31edb4e1823:192.168.69.104:34049], old=null
2019-10-16 05:41:58,103 [8d41a728-337d-4af0-9cf5-a84877563a0d@group-527518A75D14-LeaderElection52] INFO  impl.LeaderElection (LogUtils.java:infoOrTrace(149)) - 8d41a728-337d-4af0-9cf5-a84877563a0d@group-527518A75D14-LeaderElection52 got exception when requesting votes: {}
java.util.concurrent.ExecutionException: org.apache.ratis.thirdparty.io.grpc.StatusRuntimeException: UNAVAILABLE: io exception
	at java.util.concurrent.FutureTask.report(FutureTask.java:122)
	at java.util.concurrent.FutureTask.get(FutureTask.java:192)
	at org.apache.ratis.server.impl.LeaderElection.waitForResults(LeaderElection.java:259)
	at org.apache.ratis.server.impl.LeaderElection.askForVotes(LeaderElection.java:197)
	at org.apache.ratis.server.impl.LeaderElection.run(LeaderElection.java:133)
	at java.lang.Thread.run(Thread.java:748)
Caused by: org.apache.ratis.thirdparty.io.grpc.StatusRuntimeException: UNAVAILABLE: io exception
	at org.apache.ratis.thirdparty.io.grpc.stub.ClientCalls.toStatusRuntimeException(ClientCalls.java:233)
	at org.apache.ratis.thirdparty.io.grpc.stub.ClientCalls.getUnchecked(ClientCalls.java:214)
	at org.apache.ratis.thirdparty.io.grpc.stub.ClientCalls.blockingUnaryCall(ClientCalls.java:139)
	at org.apache.ratis.proto.grpc.RaftServerProtocolServiceGrpc$RaftServerProtocolServiceBlockingStub.requestVote(RaftServerProtocolServiceGrpc.java:265)
	at org.apache.ratis.grpc.server.GrpcServerProtocolClient.requestVote(GrpcServerProtocolClient.java:99)
	at org.apache.ratis.grpc.server.GrpcService.requestVote(GrpcService.java:204)
	at org.apache.ratis.server.impl.LeaderElection.lambda$submitRequests$1(LeaderElection.java:234)
	at java.util.concurrent.FutureTask.run(FutureTask.java:266)
	at java.util.concurrent.Executors$RunnableAdapter.call(Executors.java:511)
	at java.util.concurrent.FutureTask.run(FutureTask.java:266)
	at java.util.concurrent.ThreadPoolExecutor.runWorker(ThreadPoolExecutor.java:1149)
	at java.util.concurrent.ThreadPoolExecutor$Worker.run(ThreadPoolExecutor.java:624)
	... 1 more
Caused by: org.apache.ratis.thirdparty.io.netty.channel.AbstractChannel$AnnotatedConnectException: Connection refused: /192.168.69.104:41460
	at sun.nio.ch.SocketChannelImpl.checkConnect(Native Method)
	at sun.nio.ch.SocketChannelImpl.finishConnect(SocketChannelImpl.java:717)
	at org.apache.ratis.thirdparty.io.netty.channel.socket.nio.NioSocketChannel.doFinishConnect(NioSocketChannel.java:327)
	at org.apache.ratis.thirdparty.io.netty.channel.nio.AbstractNioChannel$AbstractNioUnsafe.finishConnect(AbstractNioChannel.java:340)
	at org.apache.ratis.thirdparty.io.netty.channel.nio.NioEventLoop.processSelectedKey(NioEventLoop.java:632)
	at org.apache.ratis.thirdparty.io.netty.channel.nio.NioEventLoop.processSelectedKeysOptimized(NioEventLoop.java:579)
	at org.apache.ratis.thirdparty.io.netty.channel.nio.NioEventLoop.processSelectedKeys(NioEventLoop.java:496)
	at org.apache.ratis.thirdparty.io.netty.channel.nio.NioEventLoop.run(NioEventLoop.java:458)
	at org.apache.ratis.thirdparty.io.netty.util.concurrent.SingleThreadEventExecutor$5.run(SingleThreadEventExecutor.java:897)
	at org.apache.ratis.thirdparty.io.netty.util.concurrent.FastThreadLocalRunnable.run(FastThreadLocalRunnable.java:30)
	... 1 more
Caused by: java.net.ConnectException: Connection refused
	... 11 more
2019-10-16 05:41:58,104 [8d41a728-337d-4af0-9cf5-a84877563a0d@group-527518A75D14-LeaderElection52] INFO  impl.LeaderElection (LogUtils.java:infoOrTrace(149)) - 8d41a728-337d-4af0-9cf5-a84877563a0d@group-527518A75D14-LeaderElection52 got exception when requesting votes: {}
java.util.concurrent.ExecutionException: org.apache.ratis.thirdparty.io.grpc.StatusRuntimeException: UNAVAILABLE: io exception
	at java.util.concurrent.FutureTask.report(FutureTask.java:122)
	at java.util.concurrent.FutureTask.get(FutureTask.java:192)
	at org.apache.ratis.server.impl.LeaderElection.waitForResults(LeaderElection.java:259)
	at org.apache.ratis.server.impl.LeaderElection.askForVotes(LeaderElection.java:197)
	at org.apache.ratis.server.impl.LeaderElection.run(LeaderElection.java:133)
	at java.lang.Thread.run(Thread.java:748)
Caused by: org.apache.ratis.thirdparty.io.grpc.StatusRuntimeException: UNAVAILABLE: io exception
	at org.apache.ratis.thirdparty.io.grpc.stub.ClientCalls.toStatusRuntimeException(ClientCalls.java:233)
	at org.apache.ratis.thirdparty.io.grpc.stub.ClientCalls.getUnchecked(ClientCalls.java:214)
	at org.apache.ratis.thirdparty.io.grpc.stub.ClientCalls.blockingUnaryCall(ClientCalls.java:139)
	at org.apache.ratis.proto.grpc.RaftServerProtocolServiceGrpc$RaftServerProtocolServiceBlockingStub.requestVote(RaftServerProtocolServiceGrpc.java:265)
	at org.apache.ratis.grpc.server.GrpcServerProtocolClient.requestVote(GrpcServerProtocolClient.java:99)
	at org.apache.ratis.grpc.server.GrpcService.requestVote(GrpcService.java:204)
	at org.apache.ratis.server.impl.LeaderElection.lambda$submitRequests$1(LeaderElection.java:234)
	at java.util.concurrent.FutureTask.run(FutureTask.java:266)
	at java.util.concurrent.Executors$RunnableAdapter.call(Executors.java:511)
	at java.util.concurrent.FutureTask.run(FutureTask.java:266)
	at java.util.concurrent.ThreadPoolExecutor.runWorker(ThreadPoolExecutor.java:1149)
	at java.util.concurrent.ThreadPoolExecutor$Worker.run(ThreadPoolExecutor.java:624)
	... 1 more
Caused by: org.apache.ratis.thirdparty.io.netty.channel.AbstractChannel$AnnotatedConnectException: Connection refused: /192.168.69.104:34049
	at sun.nio.ch.SocketChannelImpl.checkConnect(Native Method)
	at sun.nio.ch.SocketChannelImpl.finishConnect(SocketChannelImpl.java:717)
	at org.apache.ratis.thirdparty.io.netty.channel.socket.nio.NioSocketChannel.doFinishConnect(NioSocketChannel.java:327)
	at org.apache.ratis.thirdparty.io.netty.channel.nio.AbstractNioChannel$AbstractNioUnsafe.finishConnect(AbstractNioChannel.java:340)
	at org.apache.ratis.thirdparty.io.netty.channel.nio.NioEventLoop.processSelectedKey(NioEventLoop.java:632)
	at org.apache.ratis.thirdparty.io.netty.channel.nio.NioEventLoop.processSelectedKeysOptimized(NioEventLoop.java:579)
	at org.apache.ratis.thirdparty.io.netty.channel.nio.NioEventLoop.processSelectedKeys(NioEventLoop.java:496)
	at org.apache.ratis.thirdparty.io.netty.channel.nio.NioEventLoop.run(NioEventLoop.java:458)
	at org.apache.ratis.thirdparty.io.netty.util.concurrent.SingleThreadEventExecutor$5.run(SingleThreadEventExecutor.java:897)
	at org.apache.ratis.thirdparty.io.netty.util.concurrent.FastThreadLocalRunnable.run(FastThreadLocalRunnable.java:30)
	... 1 more
Caused by: java.net.ConnectException: Connection refused
	... 11 more
2019-10-16 05:41:58,105 [8d41a728-337d-4af0-9cf5-a84877563a0d@group-527518A75D14-LeaderElection52] INFO  impl.LeaderElection (LeaderElection.java:logAndReturn(56)) - 8d41a728-337d-4af0-9cf5-a84877563a0d@group-527518A75D14-LeaderElection52: Election REJECTED; received 0 response(s) [] and 2 exception(s); 8d41a728-337d-4af0-9cf5-a84877563a0d@group-527518A75D14:t16, leader=null, voted=8d41a728-337d-4af0-9cf5-a84877563a0d, raftlog=8d41a728-337d-4af0-9cf5-a84877563a0d@group-527518A75D14-SegmentedRaftLog:OPENED:c16,f16,i16, conf=0: [ad5f0ea4-5dae-48da-9087-47ae9aef0548:192.168.69.104:41460, 8d41a728-337d-4af0-9cf5-a84877563a0d:192.168.69.104:41721, 9dd632ad-42c7-48e6-93db-e31edb4e1823:192.168.69.104:34049], old=null
2019-10-16 05:41:58,105 [8d41a728-337d-4af0-9cf5-a84877563a0d@group-527518A75D14-LeaderElection52] INFO  impl.LeaderElection (LogUtils.java:infoOrTrace(149)) -   Exception 0: {}
java.util.concurrent.ExecutionException: org.apache.ratis.thirdparty.io.grpc.StatusRuntimeException: UNAVAILABLE: io exception
	at java.util.concurrent.FutureTask.report(FutureTask.java:122)
	at java.util.concurrent.FutureTask.get(FutureTask.java:192)
	at org.apache.ratis.server.impl.LeaderElection.waitForResults(LeaderElection.java:259)
	at org.apache.ratis.server.impl.LeaderElection.askForVotes(LeaderElection.java:197)
	at org.apache.ratis.server.impl.LeaderElection.run(LeaderElection.java:133)
	at java.lang.Thread.run(Thread.java:748)
Caused by: org.apache.ratis.thirdparty.io.grpc.StatusRuntimeException: UNAVAILABLE: io exception
	at org.apache.ratis.thirdparty.io.grpc.stub.ClientCalls.toStatusRuntimeException(ClientCalls.java:233)
	at org.apache.ratis.thirdparty.io.grpc.stub.ClientCalls.getUnchecked(ClientCalls.java:214)
	at org.apache.ratis.thirdparty.io.grpc.stub.ClientCalls.blockingUnaryCall(ClientCalls.java:139)
	at org.apache.ratis.proto.grpc.RaftServerProtocolServiceGrpc$RaftServerProtocolServiceBlockingStub.requestVote(RaftServerProtocolServiceGrpc.java:265)
	at org.apache.ratis.grpc.server.GrpcServerProtocolClient.requestVote(GrpcServerProtocolClient.java:99)
	at org.apache.ratis.grpc.server.GrpcService.requestVote(GrpcService.java:204)
	at org.apache.ratis.server.impl.LeaderElection.lambda$submitRequests$1(LeaderElection.java:234)
	at java.util.concurrent.FutureTask.run(FutureTask.java:266)
	at java.util.concurrent.Executors$RunnableAdapter.call(Executors.java:511)
	at java.util.concurrent.FutureTask.run(FutureTask.java:266)
	at java.util.concurrent.ThreadPoolExecutor.runWorker(ThreadPoolExecutor.java:1149)
	at java.util.concurrent.ThreadPoolExecutor$Worker.run(ThreadPoolExecutor.java:624)
	... 1 more
Caused by: org.apache.ratis.thirdparty.io.netty.channel.AbstractChannel$AnnotatedConnectException: Connection refused: /192.168.69.104:41460
	at sun.nio.ch.SocketChannelImpl.checkConnect(Native Method)
	at sun.nio.ch.SocketChannelImpl.finishConnect(SocketChannelImpl.java:717)
	at org.apache.ratis.thirdparty.io.netty.channel.socket.nio.NioSocketChannel.doFinishConnect(NioSocketChannel.java:327)
	at org.apache.ratis.thirdparty.io.netty.channel.nio.AbstractNioChannel$AbstractNioUnsafe.finishConnect(AbstractNioChannel.java:340)
	at org.apache.ratis.thirdparty.io.netty.channel.nio.NioEventLoop.processSelectedKey(NioEventLoop.java:632)
	at org.apache.ratis.thirdparty.io.netty.channel.nio.NioEventLoop.processSelectedKeysOptimized(NioEventLoop.java:579)
	at org.apache.ratis.thirdparty.io.netty.channel.nio.NioEventLoop.processSelectedKeys(NioEventLoop.java:496)
	at org.apache.ratis.thirdparty.io.netty.channel.nio.NioEventLoop.run(NioEventLoop.java:458)
	at org.apache.ratis.thirdparty.io.netty.util.concurrent.SingleThreadEventExecutor$5.run(SingleThreadEventExecutor.java:897)
	at org.apache.ratis.thirdparty.io.netty.util.concurrent.FastThreadLocalRunnable.run(FastThreadLocalRunnable.java:30)
	... 1 more
Caused by: java.net.ConnectException: Connection refused
	... 11 more
2019-10-16 05:41:58,106 [8d41a728-337d-4af0-9cf5-a84877563a0d@group-527518A75D14-LeaderElection52] INFO  impl.LeaderElection (LogUtils.java:infoOrTrace(149)) -   Exception 1: {}
java.util.concurrent.ExecutionException: org.apache.ratis.thirdparty.io.grpc.StatusRuntimeException: UNAVAILABLE: io exception
	at java.util.concurrent.FutureTask.report(FutureTask.java:122)
	at java.util.concurrent.FutureTask.get(FutureTask.java:192)
	at org.apache.ratis.server.impl.LeaderElection.waitForResults(LeaderElection.java:259)
	at org.apache.ratis.server.impl.LeaderElection.askForVotes(LeaderElection.java:197)
	at org.apache.ratis.server.impl.LeaderElection.run(LeaderElection.java:133)
	at java.lang.Thread.run(Thread.java:748)
Caused by: org.apache.ratis.thirdparty.io.grpc.StatusRuntimeException: UNAVAILABLE: io exception
	at org.apache.ratis.thirdparty.io.grpc.stub.ClientCalls.toStatusRuntimeException(ClientCalls.java:233)
	at org.apache.ratis.thirdparty.io.grpc.stub.ClientCalls.getUnchecked(ClientCalls.java:214)
	at org.apache.ratis.thirdparty.io.grpc.stub.ClientCalls.blockingUnaryCall(ClientCalls.java:139)
	at org.apache.ratis.proto.grpc.RaftServerProtocolServiceGrpc$RaftServerProtocolServiceBlockingStub.requestVote(RaftServerProtocolServiceGrpc.java:265)
	at org.apache.ratis.grpc.server.GrpcServerProtocolClient.requestVote(GrpcServerProtocolClient.java:99)
	at org.apache.ratis.grpc.server.GrpcService.requestVote(GrpcService.java:204)
	at org.apache.ratis.server.impl.LeaderElection.lambda$submitRequests$1(LeaderElection.java:234)
	at java.util.concurrent.FutureTask.run(FutureTask.java:266)
	at java.util.concurrent.Executors$RunnableAdapter.call(Executors.java:511)
	at java.util.concurrent.FutureTask.run(FutureTask.java:266)
	at java.util.concurrent.ThreadPoolExecutor.runWorker(ThreadPoolExecutor.java:1149)
	at java.util.concurrent.ThreadPoolExecutor$Worker.run(ThreadPoolExecutor.java:624)
	... 1 more
Caused by: org.apache.ratis.thirdparty.io.netty.channel.AbstractChannel$AnnotatedConnectException: Connection refused: /192.168.69.104:34049
	at sun.nio.ch.SocketChannelImpl.checkConnect(Native Method)
	at sun.nio.ch.SocketChannelImpl.finishConnect(SocketChannelImpl.java:717)
	at org.apache.ratis.thirdparty.io.netty.channel.socket.nio.NioSocketChannel.doFinishConnect(NioSocketChannel.java:327)
	at org.apache.ratis.thirdparty.io.netty.channel.nio.AbstractNioChannel$AbstractNioUnsafe.finishConnect(AbstractNioChannel.java:340)
	at org.apache.ratis.thirdparty.io.netty.channel.nio.NioEventLoop.processSelectedKey(NioEventLoop.java:632)
	at org.apache.ratis.thirdparty.io.netty.channel.nio.NioEventLoop.processSelectedKeysOptimized(NioEventLoop.java:579)
	at org.apache.ratis.thirdparty.io.netty.channel.nio.NioEventLoop.processSelectedKeys(NioEventLoop.java:496)
	at org.apache.ratis.thirdparty.io.netty.channel.nio.NioEventLoop.run(NioEventLoop.java:458)
	at org.apache.ratis.thirdparty.io.netty.util.concurrent.SingleThreadEventExecutor$5.run(SingleThreadEventExecutor.java:897)
	at org.apache.ratis.thirdparty.io.netty.util.concurrent.FastThreadLocalRunnable.run(FastThreadLocalRunnable.java:30)
	... 1 more
Caused by: java.net.ConnectException: Connection refused
	... 11 more
2019-10-16 05:41:58,106 [8d41a728-337d-4af0-9cf5-a84877563a0d@group-527518A75D14-LeaderElection52] INFO  impl.RaftServerImpl (RaftServerImpl.java:setRole(184)) - 8d41a728-337d-4af0-9cf5-a84877563a0d@group-527518A75D14: changes role from CANDIDATE to FOLLOWER at term 16 for DISCOVERED_A_NEW_TERM
2019-10-16 05:41:58,107 [8d41a728-337d-4af0-9cf5-a84877563a0d@group-527518A75D14-LeaderElection52] INFO  impl.RoleInfo (RoleInfo.java:shutdownLeaderElection(134)) - 8d41a728-337d-4af0-9cf5-a84877563a0d: shutdown LeaderElection
2019-10-16 05:41:58,107 [8d41a728-337d-4af0-9cf5-a84877563a0d@group-527518A75D14-LeaderElection52] INFO  impl.RoleInfo (RoleInfo.java:updateAndGet(143)) - 8d41a728-337d-4af0-9cf5-a84877563a0d: start FollowerState
2019-10-16 05:41:58,983 [Thread-1411] INFO  impl.FollowerState (FollowerState.java:run(108)) - a85e69e5-760c-4b40-a424-fc77673779df@group-AFFE1363742F-FollowerState: change to CANDIDATE, lastRpcTime:1191ms, electionTimeout:1191ms
2019-10-16 05:41:58,983 [Thread-1411] INFO  impl.RoleInfo (RoleInfo.java:shutdownFollowerState(121)) - a85e69e5-760c-4b40-a424-fc77673779df: shutdown FollowerState
2019-10-16 05:41:58,983 [Thread-1411] INFO  impl.RaftServerImpl (RaftServerImpl.java:setRole(184)) - a85e69e5-760c-4b40-a424-fc77673779df@group-AFFE1363742F: changes role from  FOLLOWER to CANDIDATE at term 31 for changeToCandidate
2019-10-16 05:41:58,983 [Thread-1411] INFO  impl.RoleInfo (RoleInfo.java:updateAndGet(143)) - a85e69e5-760c-4b40-a424-fc77673779df: start LeaderElection
2019-10-16 05:41:58,997 [a85e69e5-760c-4b40-a424-fc77673779df@group-AFFE1363742F-LeaderElection53] INFO  impl.LeaderElection (LeaderElection.java:askForVotes(178)) - a85e69e5-760c-4b40-a424-fc77673779df@group-AFFE1363742F-LeaderElection53: begin an election at term 32 for 0: [163c5688-ede5-44ab-b3bd-c5a10f730980:192.168.69.104:45225, a85e69e5-760c-4b40-a424-fc77673779df:192.168.69.104:37941, 73edb6ac-4c26-463f-ad6d-00f88e6dbd58:192.168.69.104:35488], old=null
2019-10-16 05:41:58,998 [a85e69e5-760c-4b40-a424-fc77673779df@group-AFFE1363742F-LeaderElection53] INFO  impl.LeaderElection (LogUtils.java:infoOrTrace(149)) - a85e69e5-760c-4b40-a424-fc77673779df@group-AFFE1363742F-LeaderElection53 got exception when requesting votes: {}
java.util.concurrent.ExecutionException: org.apache.ratis.thirdparty.io.grpc.StatusRuntimeException: UNAVAILABLE: io exception
	at java.util.concurrent.FutureTask.report(FutureTask.java:122)
	at java.util.concurrent.FutureTask.get(FutureTask.java:192)
	at org.apache.ratis.server.impl.LeaderElection.waitForResults(LeaderElection.java:259)
	at org.apache.ratis.server.impl.LeaderElection.askForVotes(LeaderElection.java:197)
	at org.apache.ratis.server.impl.LeaderElection.run(LeaderElection.java:133)
	at java.lang.Thread.run(Thread.java:748)
Caused by: org.apache.ratis.thirdparty.io.grpc.StatusRuntimeException: UNAVAILABLE: io exception
	at org.apache.ratis.thirdparty.io.grpc.stub.ClientCalls.toStatusRuntimeException(ClientCalls.java:233)
	at org.apache.ratis.thirdparty.io.grpc.stub.ClientCalls.getUnchecked(ClientCalls.java:214)
	at org.apache.ratis.thirdparty.io.grpc.stub.ClientCalls.blockingUnaryCall(ClientCalls.java:139)
	at org.apache.ratis.proto.grpc.RaftServerProtocolServiceGrpc$RaftServerProtocolServiceBlockingStub.requestVote(RaftServerProtocolServiceGrpc.java:265)
	at org.apache.ratis.grpc.server.GrpcServerProtocolClient.requestVote(GrpcServerProtocolClient.java:99)
	at org.apache.ratis.grpc.server.GrpcService.requestVote(GrpcService.java:204)
	at org.apache.ratis.server.impl.LeaderElection.lambda$submitRequests$1(LeaderElection.java:234)
	at java.util.concurrent.FutureTask.run(FutureTask.java:266)
	at java.util.concurrent.Executors$RunnableAdapter.call(Executors.java:511)
	at java.util.concurrent.FutureTask.run(FutureTask.java:266)
	at java.util.concurrent.ThreadPoolExecutor.runWorker(ThreadPoolExecutor.java:1149)
	at java.util.concurrent.ThreadPoolExecutor$Worker.run(ThreadPoolExecutor.java:624)
	... 1 more
Caused by: org.apache.ratis.thirdparty.io.netty.channel.AbstractChannel$AnnotatedConnectException: Connection refused: /192.168.69.104:45225
	at sun.nio.ch.SocketChannelImpl.checkConnect(Native Method)
	at sun.nio.ch.SocketChannelImpl.finishConnect(SocketChannelImpl.java:717)
	at org.apache.ratis.thirdparty.io.netty.channel.socket.nio.NioSocketChannel.doFinishConnect(NioSocketChannel.java:327)
	at org.apache.ratis.thirdparty.io.netty.channel.nio.AbstractNioChannel$AbstractNioUnsafe.finishConnect(AbstractNioChannel.java:340)
	at org.apache.ratis.thirdparty.io.netty.channel.nio.NioEventLoop.processSelectedKey(NioEventLoop.java:632)
	at org.apache.ratis.thirdparty.io.netty.channel.nio.NioEventLoop.processSelectedKeysOptimized(NioEventLoop.java:579)
	at org.apache.ratis.thirdparty.io.netty.channel.nio.NioEventLoop.processSelectedKeys(NioEventLoop.java:496)
	at org.apache.ratis.thirdparty.io.netty.channel.nio.NioEventLoop.run(NioEventLoop.java:458)
	at org.apache.ratis.thirdparty.io.netty.util.concurrent.SingleThreadEventExecutor$5.run(SingleThreadEventExecutor.java:897)
	at org.apache.ratis.thirdparty.io.netty.util.concurrent.FastThreadLocalRunnable.run(FastThreadLocalRunnable.java:30)
	... 1 more
Caused by: java.net.ConnectException: Connection refused
	... 11 more
2019-10-16 05:41:58,999 [a85e69e5-760c-4b40-a424-fc77673779df@group-AFFE1363742F-LeaderElection53] INFO  impl.LeaderElection (LogUtils.java:infoOrTrace(149)) - a85e69e5-760c-4b40-a424-fc77673779df@group-AFFE1363742F-LeaderElection53 got exception when requesting votes: {}
java.util.concurrent.ExecutionException: org.apache.ratis.thirdparty.io.grpc.StatusRuntimeException: UNAVAILABLE: io exception
	at java.util.concurrent.FutureTask.report(FutureTask.java:122)
	at java.util.concurrent.FutureTask.get(FutureTask.java:192)
	at org.apache.ratis.server.impl.LeaderElection.waitForResults(LeaderElection.java:259)
	at org.apache.ratis.server.impl.LeaderElection.askForVotes(LeaderElection.java:197)
	at org.apache.ratis.server.impl.LeaderElection.run(LeaderElection.java:133)
	at java.lang.Thread.run(Thread.java:748)
Caused by: org.apache.ratis.thirdparty.io.grpc.StatusRuntimeException: UNAVAILABLE: io exception
	at org.apache.ratis.thirdparty.io.grpc.stub.ClientCalls.toStatusRuntimeException(ClientCalls.java:233)
	at org.apache.ratis.thirdparty.io.grpc.stub.ClientCalls.getUnchecked(ClientCalls.java:214)
	at org.apache.ratis.thirdparty.io.grpc.stub.ClientCalls.blockingUnaryCall(ClientCalls.java:139)
	at org.apache.ratis.proto.grpc.RaftServerProtocolServiceGrpc$RaftServerProtocolServiceBlockingStub.requestVote(RaftServerProtocolServiceGrpc.java:265)
	at org.apache.ratis.grpc.server.GrpcServerProtocolClient.requestVote(GrpcServerProtocolClient.java:99)
	at org.apache.ratis.grpc.server.GrpcService.requestVote(GrpcService.java:204)
	at org.apache.ratis.server.impl.LeaderElection.lambda$submitRequests$1(LeaderElection.java:234)
	at java.util.concurrent.FutureTask.run(FutureTask.java:266)
	at java.util.concurrent.Executors$RunnableAdapter.call(Executors.java:511)
	at java.util.concurrent.FutureTask.run(FutureTask.java:266)
	at java.util.concurrent.ThreadPoolExecutor.runWorker(ThreadPoolExecutor.java:1149)
	at java.util.concurrent.ThreadPoolExecutor$Worker.run(ThreadPoolExecutor.java:624)
	... 1 more
Caused by: org.apache.ratis.thirdparty.io.netty.channel.AbstractChannel$AnnotatedConnectException: Connection refused: /192.168.69.104:35488
	at sun.nio.ch.SocketChannelImpl.checkConnect(Native Method)
	at sun.nio.ch.SocketChannelImpl.finishConnect(SocketChannelImpl.java:717)
	at org.apache.ratis.thirdparty.io.netty.channel.socket.nio.NioSocketChannel.doFinishConnect(NioSocketChannel.java:327)
	at org.apache.ratis.thirdparty.io.netty.channel.nio.AbstractNioChannel$AbstractNioUnsafe.finishConnect(AbstractNioChannel.java:340)
	at org.apache.ratis.thirdparty.io.netty.channel.nio.NioEventLoop.processSelectedKey(NioEventLoop.java:632)
	at org.apache.ratis.thirdparty.io.netty.channel.nio.NioEventLoop.processSelectedKeysOptimized(NioEventLoop.java:579)
	at org.apache.ratis.thirdparty.io.netty.channel.nio.NioEventLoop.processSelectedKeys(NioEventLoop.java:496)
	at org.apache.ratis.thirdparty.io.netty.channel.nio.NioEventLoop.run(NioEventLoop.java:458)
	at org.apache.ratis.thirdparty.io.netty.util.concurrent.SingleThreadEventExecutor$5.run(SingleThreadEventExecutor.java:897)
	at org.apache.ratis.thirdparty.io.netty.util.concurrent.FastThreadLocalRunnable.run(FastThreadLocalRunnable.java:30)
	... 1 more
Caused by: java.net.ConnectException: Connection refused
	... 11 more
2019-10-16 05:41:58,999 [a85e69e5-760c-4b40-a424-fc77673779df@group-AFFE1363742F-LeaderElection53] INFO  impl.LeaderElection (LeaderElection.java:logAndReturn(56)) - a85e69e5-760c-4b40-a424-fc77673779df@group-AFFE1363742F-LeaderElection53: Election REJECTED; received 0 response(s) [] and 2 exception(s); a85e69e5-760c-4b40-a424-fc77673779df@group-AFFE1363742F:t32, leader=null, voted=a85e69e5-760c-4b40-a424-fc77673779df, raftlog=a85e69e5-760c-4b40-a424-fc77673779df@group-AFFE1363742F-SegmentedRaftLog:OPENED:c28,f28,i28, conf=0: [163c5688-ede5-44ab-b3bd-c5a10f730980:192.168.69.104:45225, a85e69e5-760c-4b40-a424-fc77673779df:192.168.69.104:37941, 73edb6ac-4c26-463f-ad6d-00f88e6dbd58:192.168.69.104:35488], old=null
2019-10-16 05:41:58,999 [a85e69e5-760c-4b40-a424-fc77673779df@group-AFFE1363742F-LeaderElection53] INFO  impl.LeaderElection (LogUtils.java:infoOrTrace(149)) -   Exception 0: {}
java.util.concurrent.ExecutionException: org.apache.ratis.thirdparty.io.grpc.StatusRuntimeException: UNAVAILABLE: io exception
	at java.util.concurrent.FutureTask.report(FutureTask.java:122)
	at java.util.concurrent.FutureTask.get(FutureTask.java:192)
	at org.apache.ratis.server.impl.LeaderElection.waitForResults(LeaderElection.java:259)
	at org.apache.ratis.server.impl.LeaderElection.askForVotes(LeaderElection.java:197)
	at org.apache.ratis.server.impl.LeaderElection.run(LeaderElection.java:133)
	at java.lang.Thread.run(Thread.java:748)
Caused by: org.apache.ratis.thirdparty.io.grpc.StatusRuntimeException: UNAVAILABLE: io exception
	at org.apache.ratis.thirdparty.io.grpc.stub.ClientCalls.toStatusRuntimeException(ClientCalls.java:233)
	at org.apache.ratis.thirdparty.io.grpc.stub.ClientCalls.getUnchecked(ClientCalls.java:214)
	at org.apache.ratis.thirdparty.io.grpc.stub.ClientCalls.blockingUnaryCall(ClientCalls.java:139)
	at org.apache.ratis.proto.grpc.RaftServerProtocolServiceGrpc$RaftServerProtocolServiceBlockingStub.requestVote(RaftServerProtocolServiceGrpc.java:265)
	at org.apache.ratis.grpc.server.GrpcServerProtocolClient.requestVote(GrpcServerProtocolClient.java:99)
	at org.apache.ratis.grpc.server.GrpcService.requestVote(GrpcService.java:204)
	at org.apache.ratis.server.impl.LeaderElection.lambda$submitRequests$1(LeaderElection.java:234)
	at java.util.concurrent.FutureTask.run(FutureTask.java:266)
	at java.util.concurrent.Executors$RunnableAdapter.call(Executors.java:511)
	at java.util.concurrent.FutureTask.run(FutureTask.java:266)
	at java.util.concurrent.ThreadPoolExecutor.runWorker(ThreadPoolExecutor.java:1149)
	at java.util.concurrent.ThreadPoolExecutor$Worker.run(ThreadPoolExecutor.java:624)
	... 1 more
Caused by: org.apache.ratis.thirdparty.io.netty.channel.AbstractChannel$AnnotatedConnectException: Connection refused: /192.168.69.104:45225
	at sun.nio.ch.SocketChannelImpl.checkConnect(Native Method)
	at sun.nio.ch.SocketChannelImpl.finishConnect(SocketChannelImpl.java:717)
	at org.apache.ratis.thirdparty.io.netty.channel.socket.nio.NioSocketChannel.doFinishConnect(NioSocketChannel.java:327)
	at org.apache.ratis.thirdparty.io.netty.channel.nio.AbstractNioChannel$AbstractNioUnsafe.finishConnect(AbstractNioChannel.java:340)
	at org.apache.ratis.thirdparty.io.netty.channel.nio.NioEventLoop.processSelectedKey(NioEventLoop.java:632)
	at org.apache.ratis.thirdparty.io.netty.channel.nio.NioEventLoop.processSelectedKeysOptimized(NioEventLoop.java:579)
	at org.apache.ratis.thirdparty.io.netty.channel.nio.NioEventLoop.processSelectedKeys(NioEventLoop.java:496)
	at org.apache.ratis.thirdparty.io.netty.channel.nio.NioEventLoop.run(NioEventLoop.java:458)
	at org.apache.ratis.thirdparty.io.netty.util.concurrent.SingleThreadEventExecutor$5.run(SingleThreadEventExecutor.java:897)
	at org.apache.ratis.thirdparty.io.netty.util.concurrent.FastThreadLocalRunnable.run(FastThreadLocalRunnable.java:30)
	... 1 more
Caused by: java.net.ConnectException: Connection refused
	... 11 more
2019-10-16 05:41:59,000 [a85e69e5-760c-4b40-a424-fc77673779df@group-AFFE1363742F-LeaderElection53] INFO  impl.LeaderElection (LogUtils.java:infoOrTrace(149)) -   Exception 1: {}
java.util.concurrent.ExecutionException: org.apache.ratis.thirdparty.io.grpc.StatusRuntimeException: UNAVAILABLE: io exception
	at java.util.concurrent.FutureTask.report(FutureTask.java:122)
	at java.util.concurrent.FutureTask.get(FutureTask.java:192)
	at org.apache.ratis.server.impl.LeaderElection.waitForResults(LeaderElection.java:259)
	at org.apache.ratis.server.impl.LeaderElection.askForVotes(LeaderElection.java:197)
	at org.apache.ratis.server.impl.LeaderElection.run(LeaderElection.java:133)
	at java.lang.Thread.run(Thread.java:748)
Caused by: org.apache.ratis.thirdparty.io.grpc.StatusRuntimeException: UNAVAILABLE: io exception
	at org.apache.ratis.thirdparty.io.grpc.stub.ClientCalls.toStatusRuntimeException(ClientCalls.java:233)
	at org.apache.ratis.thirdparty.io.grpc.stub.ClientCalls.getUnchecked(ClientCalls.java:214)
	at org.apache.ratis.thirdparty.io.grpc.stub.ClientCalls.blockingUnaryCall(ClientCalls.java:139)
	at org.apache.ratis.proto.grpc.RaftServerProtocolServiceGrpc$RaftServerProtocolServiceBlockingStub.requestVote(RaftServerProtocolServiceGrpc.java:265)
	at org.apache.ratis.grpc.server.GrpcServerProtocolClient.requestVote(GrpcServerProtocolClient.java:99)
	at org.apache.ratis.grpc.server.GrpcService.requestVote(GrpcService.java:204)
	at org.apache.ratis.server.impl.LeaderElection.lambda$submitRequests$1(LeaderElection.java:234)
	at java.util.concurrent.FutureTask.run(FutureTask.java:266)
	at java.util.concurrent.Executors$RunnableAdapter.call(Executors.java:511)
	at java.util.concurrent.FutureTask.run(FutureTask.java:266)
	at java.util.concurrent.ThreadPoolExecutor.runWorker(ThreadPoolExecutor.java:1149)
	at java.util.concurrent.ThreadPoolExecutor$Worker.run(ThreadPoolExecutor.java:624)
	... 1 more
Caused by: org.apache.ratis.thirdparty.io.netty.channel.AbstractChannel$AnnotatedConnectException: Connection refused: /192.168.69.104:35488
	at sun.nio.ch.SocketChannelImpl.checkConnect(Native Method)
	at sun.nio.ch.SocketChannelImpl.finishConnect(SocketChannelImpl.java:717)
	at org.apache.ratis.thirdparty.io.netty.channel.socket.nio.NioSocketChannel.doFinishConnect(NioSocketChannel.java:327)
	at org.apache.ratis.thirdparty.io.netty.channel.nio.AbstractNioChannel$AbstractNioUnsafe.finishConnect(AbstractNioChannel.java:340)
	at org.apache.ratis.thirdparty.io.netty.channel.nio.NioEventLoop.processSelectedKey(NioEventLoop.java:632)
	at org.apache.ratis.thirdparty.io.netty.channel.nio.NioEventLoop.processSelectedKeysOptimized(NioEventLoop.java:579)
	at org.apache.ratis.thirdparty.io.netty.channel.nio.NioEventLoop.processSelectedKeys(NioEventLoop.java:496)
	at org.apache.ratis.thirdparty.io.netty.channel.nio.NioEventLoop.run(NioEventLoop.java:458)
	at org.apache.ratis.thirdparty.io.netty.util.concurrent.SingleThreadEventExecutor$5.run(SingleThreadEventExecutor.java:897)
	at org.apache.ratis.thirdparty.io.netty.util.concurrent.FastThreadLocalRunnable.run(FastThreadLocalRunnable.java:30)
	... 1 more
Caused by: java.net.ConnectException: Connection refused
	... 11 more
2019-10-16 05:41:59,000 [a85e69e5-760c-4b40-a424-fc77673779df@group-AFFE1363742F-LeaderElection53] INFO  impl.RaftServerImpl (RaftServerImpl.java:setRole(184)) - a85e69e5-760c-4b40-a424-fc77673779df@group-AFFE1363742F: changes role from CANDIDATE to FOLLOWER at term 32 for DISCOVERED_A_NEW_TERM
2019-10-16 05:41:59,000 [a85e69e5-760c-4b40-a424-fc77673779df@group-AFFE1363742F-LeaderElection53] INFO  impl.RoleInfo (RoleInfo.java:shutdownLeaderElection(134)) - a85e69e5-760c-4b40-a424-fc77673779df: shutdown LeaderElection
2019-10-16 05:41:59,000 [a85e69e5-760c-4b40-a424-fc77673779df@group-AFFE1363742F-LeaderElection53] INFO  impl.RoleInfo (RoleInfo.java:updateAndGet(143)) - a85e69e5-760c-4b40-a424-fc77673779df: start FollowerState
2019-10-16 05:41:59,165 [Thread-1416] INFO  impl.FollowerState (FollowerState.java:run(108)) - 8d41a728-337d-4af0-9cf5-a84877563a0d@group-527518A75D14-FollowerState: change to CANDIDATE, lastRpcTime:1058ms, electionTimeout:1058ms
2019-10-16 05:41:59,165 [Thread-1416] INFO  impl.RoleInfo (RoleInfo.java:shutdownFollowerState(121)) - 8d41a728-337d-4af0-9cf5-a84877563a0d: shutdown FollowerState
2019-10-16 05:41:59,166 [Thread-1416] INFO  impl.RaftServerImpl (RaftServerImpl.java:setRole(184)) - 8d41a728-337d-4af0-9cf5-a84877563a0d@group-527518A75D14: changes role from  FOLLOWER to CANDIDATE at term 16 for changeToCandidate
2019-10-16 05:41:59,166 [Thread-1416] INFO  impl.RoleInfo (RoleInfo.java:updateAndGet(143)) - 8d41a728-337d-4af0-9cf5-a84877563a0d: start LeaderElection
2019-10-16 05:41:59,179 [8d41a728-337d-4af0-9cf5-a84877563a0d@group-527518A75D14-LeaderElection54] INFO  impl.LeaderElection (LeaderElection.java:askForVotes(178)) - 8d41a728-337d-4af0-9cf5-a84877563a0d@group-527518A75D14-LeaderElection54: begin an election at term 17 for 0: [ad5f0ea4-5dae-48da-9087-47ae9aef0548:192.168.69.104:41460, 8d41a728-337d-4af0-9cf5-a84877563a0d:192.168.69.104:41721, 9dd632ad-42c7-48e6-93db-e31edb4e1823:192.168.69.104:34049], old=null
2019-10-16 05:41:59,180 [8d41a728-337d-4af0-9cf5-a84877563a0d@group-527518A75D14-LeaderElection54] INFO  impl.LeaderElection (LogUtils.java:infoOrTrace(149)) - 8d41a728-337d-4af0-9cf5-a84877563a0d@group-527518A75D14-LeaderElection54 got exception when requesting votes: {}
java.util.concurrent.ExecutionException: org.apache.ratis.thirdparty.io.grpc.StatusRuntimeException: UNAVAILABLE: io exception
	at java.util.concurrent.FutureTask.report(FutureTask.java:122)
	at java.util.concurrent.FutureTask.get(FutureTask.java:192)
	at org.apache.ratis.server.impl.LeaderElection.waitForResults(LeaderElection.java:259)
	at org.apache.ratis.server.impl.LeaderElection.askForVotes(LeaderElection.java:197)
	at org.apache.ratis.server.impl.LeaderElection.run(LeaderElection.java:133)
	at java.lang.Thread.run(Thread.java:748)
Caused by: org.apache.ratis.thirdparty.io.grpc.StatusRuntimeException: UNAVAILABLE: io exception
	at org.apache.ratis.thirdparty.io.grpc.stub.ClientCalls.toStatusRuntimeException(ClientCalls.java:233)
	at org.apache.ratis.thirdparty.io.grpc.stub.ClientCalls.getUnchecked(ClientCalls.java:214)
	at org.apache.ratis.thirdparty.io.grpc.stub.ClientCalls.blockingUnaryCall(ClientCalls.java:139)
	at org.apache.ratis.proto.grpc.RaftServerProtocolServiceGrpc$RaftServerProtocolServiceBlockingStub.requestVote(RaftServerProtocolServiceGrpc.java:265)
	at org.apache.ratis.grpc.server.GrpcServerProtocolClient.requestVote(GrpcServerProtocolClient.java:99)
	at org.apache.ratis.grpc.server.GrpcService.requestVote(GrpcService.java:204)
	at org.apache.ratis.server.impl.LeaderElection.lambda$submitRequests$1(LeaderElection.java:234)
	at java.util.concurrent.FutureTask.run(FutureTask.java:266)
	at java.util.concurrent.Executors$RunnableAdapter.call(Executors.java:511)
	at java.util.concurrent.FutureTask.run(FutureTask.java:266)
	at java.util.concurrent.ThreadPoolExecutor.runWorker(ThreadPoolExecutor.java:1149)
	at java.util.concurrent.ThreadPoolExecutor$Worker.run(ThreadPoolExecutor.java:624)
	... 1 more
Caused by: org.apache.ratis.thirdparty.io.netty.channel.AbstractChannel$AnnotatedConnectException: Connection refused: /192.168.69.104:34049
	at sun.nio.ch.SocketChannelImpl.checkConnect(Native Method)
	at sun.nio.ch.SocketChannelImpl.finishConnect(SocketChannelImpl.java:717)
	at org.apache.ratis.thirdparty.io.netty.channel.socket.nio.NioSocketChannel.doFinishConnect(NioSocketChannel.java:327)
	at org.apache.ratis.thirdparty.io.netty.channel.nio.AbstractNioChannel$AbstractNioUnsafe.finishConnect(AbstractNioChannel.java:340)
	at org.apache.ratis.thirdparty.io.netty.channel.nio.NioEventLoop.processSelectedKey(NioEventLoop.java:632)
	at org.apache.ratis.thirdparty.io.netty.channel.nio.NioEventLoop.processSelectedKeysOptimized(NioEventLoop.java:579)
	at org.apache.ratis.thirdparty.io.netty.channel.nio.NioEventLoop.processSelectedKeys(NioEventLoop.java:496)
	at org.apache.ratis.thirdparty.io.netty.channel.nio.NioEventLoop.run(NioEventLoop.java:458)
	at org.apache.ratis.thirdparty.io.netty.util.concurrent.SingleThreadEventExecutor$5.run(SingleThreadEventExecutor.java:897)
	at org.apache.ratis.thirdparty.io.netty.util.concurrent.FastThreadLocalRunnable.run(FastThreadLocalRunnable.java:30)
	... 1 more
Caused by: java.net.ConnectException: Connection refused
	... 11 more
2019-10-16 05:41:59,181 [8d41a728-337d-4af0-9cf5-a84877563a0d@group-527518A75D14-LeaderElection54] INFO  impl.LeaderElection (LogUtils.java:infoOrTrace(149)) - 8d41a728-337d-4af0-9cf5-a84877563a0d@group-527518A75D14-LeaderElection54 got exception when requesting votes: {}
java.util.concurrent.ExecutionException: org.apache.ratis.thirdparty.io.grpc.StatusRuntimeException: UNAVAILABLE: io exception
	at java.util.concurrent.FutureTask.report(FutureTask.java:122)
	at java.util.concurrent.FutureTask.get(FutureTask.java:192)
	at org.apache.ratis.server.impl.LeaderElection.waitForResults(LeaderElection.java:259)
	at org.apache.ratis.server.impl.LeaderElection.askForVotes(LeaderElection.java:197)
	at org.apache.ratis.server.impl.LeaderElection.run(LeaderElection.java:133)
	at java.lang.Thread.run(Thread.java:748)
Caused by: org.apache.ratis.thirdparty.io.grpc.StatusRuntimeException: UNAVAILABLE: io exception
	at org.apache.ratis.thirdparty.io.grpc.stub.ClientCalls.toStatusRuntimeException(ClientCalls.java:233)
	at org.apache.ratis.thirdparty.io.grpc.stub.ClientCalls.getUnchecked(ClientCalls.java:214)
	at org.apache.ratis.thirdparty.io.grpc.stub.ClientCalls.blockingUnaryCall(ClientCalls.java:139)
	at org.apache.ratis.proto.grpc.RaftServerProtocolServiceGrpc$RaftServerProtocolServiceBlockingStub.requestVote(RaftServerProtocolServiceGrpc.java:265)
	at org.apache.ratis.grpc.server.GrpcServerProtocolClient.requestVote(GrpcServerProtocolClient.java:99)
	at org.apache.ratis.grpc.server.GrpcService.requestVote(GrpcService.java:204)
	at org.apache.ratis.server.impl.LeaderElection.lambda$submitRequests$1(LeaderElection.java:234)
	at java.util.concurrent.FutureTask.run(FutureTask.java:266)
	at java.util.concurrent.Executors$RunnableAdapter.call(Executors.java:511)
	at java.util.concurrent.FutureTask.run(FutureTask.java:266)
	at java.util.concurrent.ThreadPoolExecutor.runWorker(ThreadPoolExecutor.java:1149)
	at java.util.concurrent.ThreadPoolExecutor$Worker.run(ThreadPoolExecutor.java:624)
	... 1 more
Caused by: org.apache.ratis.thirdparty.io.netty.channel.AbstractChannel$AnnotatedConnectException: Connection refused: /192.168.69.104:41460
	at sun.nio.ch.SocketChannelImpl.checkConnect(Native Method)
	at sun.nio.ch.SocketChannelImpl.finishConnect(SocketChannelImpl.java:717)
	at org.apache.ratis.thirdparty.io.netty.channel.socket.nio.NioSocketChannel.doFinishConnect(NioSocketChannel.java:327)
	at org.apache.ratis.thirdparty.io.netty.channel.nio.AbstractNioChannel$AbstractNioUnsafe.finishConnect(AbstractNioChannel.java:340)
	at org.apache.ratis.thirdparty.io.netty.channel.nio.NioEventLoop.processSelectedKey(NioEventLoop.java:632)
	at org.apache.ratis.thirdparty.io.netty.channel.nio.NioEventLoop.processSelectedKeysOptimized(NioEventLoop.java:579)
	at org.apache.ratis.thirdparty.io.netty.channel.nio.NioEventLoop.processSelectedKeys(NioEventLoop.java:496)
	at org.apache.ratis.thirdparty.io.netty.channel.nio.NioEventLoop.run(NioEventLoop.java:458)
	at org.apache.ratis.thirdparty.io.netty.util.concurrent.SingleThreadEventExecutor$5.run(SingleThreadEventExecutor.java:897)
	at org.apache.ratis.thirdparty.io.netty.util.concurrent.FastThreadLocalRunnable.run(FastThreadLocalRunnable.java:30)
	... 1 more
Caused by: java.net.ConnectException: Connection refused
	... 11 more
2019-10-16 05:41:59,181 [8d41a728-337d-4af0-9cf5-a84877563a0d@group-527518A75D14-LeaderElection54] INFO  impl.LeaderElection (LeaderElection.java:logAndReturn(56)) - 8d41a728-337d-4af0-9cf5-a84877563a0d@group-527518A75D14-LeaderElection54: Election REJECTED; received 0 response(s) [] and 2 exception(s); 8d41a728-337d-4af0-9cf5-a84877563a0d@group-527518A75D14:t17, leader=null, voted=8d41a728-337d-4af0-9cf5-a84877563a0d, raftlog=8d41a728-337d-4af0-9cf5-a84877563a0d@group-527518A75D14-SegmentedRaftLog:OPENED:c16,f16,i16, conf=0: [ad5f0ea4-5dae-48da-9087-47ae9aef0548:192.168.69.104:41460, 8d41a728-337d-4af0-9cf5-a84877563a0d:192.168.69.104:41721, 9dd632ad-42c7-48e6-93db-e31edb4e1823:192.168.69.104:34049], old=null
2019-10-16 05:41:59,181 [8d41a728-337d-4af0-9cf5-a84877563a0d@group-527518A75D14-LeaderElection54] INFO  impl.LeaderElection (LogUtils.java:infoOrTrace(149)) -   Exception 0: {}
java.util.concurrent.ExecutionException: org.apache.ratis.thirdparty.io.grpc.StatusRuntimeException: UNAVAILABLE: io exception
	at java.util.concurrent.FutureTask.report(FutureTask.java:122)
	at java.util.concurrent.FutureTask.get(FutureTask.java:192)
	at org.apache.ratis.server.impl.LeaderElection.waitForResults(LeaderElection.java:259)
	at org.apache.ratis.server.impl.LeaderElection.askForVotes(LeaderElection.java:197)
	at org.apache.ratis.server.impl.LeaderElection.run(LeaderElection.java:133)
	at java.lang.Thread.run(Thread.java:748)
Caused by: org.apache.ratis.thirdparty.io.grpc.StatusRuntimeException: UNAVAILABLE: io exception
	at org.apache.ratis.thirdparty.io.grpc.stub.ClientCalls.toStatusRuntimeException(ClientCalls.java:233)
	at org.apache.ratis.thirdparty.io.grpc.stub.ClientCalls.getUnchecked(ClientCalls.java:214)
	at org.apache.ratis.thirdparty.io.grpc.stub.ClientCalls.blockingUnaryCall(ClientCalls.java:139)
	at org.apache.ratis.proto.grpc.RaftServerProtocolServiceGrpc$RaftServerProtocolServiceBlockingStub.requestVote(RaftServerProtocolServiceGrpc.java:265)
	at org.apache.ratis.grpc.server.GrpcServerProtocolClient.requestVote(GrpcServerProtocolClient.java:99)
	at org.apache.ratis.grpc.server.GrpcService.requestVote(GrpcService.java:204)
	at org.apache.ratis.server.impl.LeaderElection.lambda$submitRequests$1(LeaderElection.java:234)
	at java.util.concurrent.FutureTask.run(FutureTask.java:266)
	at java.util.concurrent.Executors$RunnableAdapter.call(Executors.java:511)
	at java.util.concurrent.FutureTask.run(FutureTask.java:266)
	at java.util.concurrent.ThreadPoolExecutor.runWorker(ThreadPoolExecutor.java:1149)
	at java.util.concurrent.ThreadPoolExecutor$Worker.run(ThreadPoolExecutor.java:624)
	... 1 more
Caused by: org.apache.ratis.thirdparty.io.netty.channel.AbstractChannel$AnnotatedConnectException: Connection refused: /192.168.69.104:34049
	at sun.nio.ch.SocketChannelImpl.checkConnect(Native Method)
	at sun.nio.ch.SocketChannelImpl.finishConnect(SocketChannelImpl.java:717)
	at org.apache.ratis.thirdparty.io.netty.channel.socket.nio.NioSocketChannel.doFinishConnect(NioSocketChannel.java:327)
	at org.apache.ratis.thirdparty.io.netty.channel.nio.AbstractNioChannel$AbstractNioUnsafe.finishConnect(AbstractNioChannel.java:340)
	at org.apache.ratis.thirdparty.io.netty.channel.nio.NioEventLoop.processSelectedKey(NioEventLoop.java:632)
	at org.apache.ratis.thirdparty.io.netty.channel.nio.NioEventLoop.processSelectedKeysOptimized(NioEventLoop.java:579)
	at org.apache.ratis.thirdparty.io.netty.channel.nio.NioEventLoop.processSelectedKeys(NioEventLoop.java:496)
	at org.apache.ratis.thirdparty.io.netty.channel.nio.NioEventLoop.run(NioEventLoop.java:458)
	at org.apache.ratis.thirdparty.io.netty.util.concurrent.SingleThreadEventExecutor$5.run(SingleThreadEventExecutor.java:897)
	at org.apache.ratis.thirdparty.io.netty.util.concurrent.FastThreadLocalRunnable.run(FastThreadLocalRunnable.java:30)
	... 1 more
Caused by: java.net.ConnectException: Connection refused
	... 11 more
2019-10-16 05:41:59,182 [8d41a728-337d-4af0-9cf5-a84877563a0d@group-527518A75D14-LeaderElection54] INFO  impl.LeaderElection (LogUtils.java:infoOrTrace(149)) -   Exception 1: {}
java.util.concurrent.ExecutionException: org.apache.ratis.thirdparty.io.grpc.StatusRuntimeException: UNAVAILABLE: io exception
	at java.util.concurrent.FutureTask.report(FutureTask.java:122)
	at java.util.concurrent.FutureTask.get(FutureTask.java:192)
	at org.apache.ratis.server.impl.LeaderElection.waitForResults(LeaderElection.java:259)
	at org.apache.ratis.server.impl.LeaderElection.askForVotes(LeaderElection.java:197)
	at org.apache.ratis.server.impl.LeaderElection.run(LeaderElection.java:133)
	at java.lang.Thread.run(Thread.java:748)
Caused by: org.apache.ratis.thirdparty.io.grpc.StatusRuntimeException: UNAVAILABLE: io exception
	at org.apache.ratis.thirdparty.io.grpc.stub.ClientCalls.toStatusRuntimeException(ClientCalls.java:233)
	at org.apache.ratis.thirdparty.io.grpc.stub.ClientCalls.getUnchecked(ClientCalls.java:214)
	at org.apache.ratis.thirdparty.io.grpc.stub.ClientCalls.blockingUnaryCall(ClientCalls.java:139)
	at org.apache.ratis.proto.grpc.RaftServerProtocolServiceGrpc$RaftServerProtocolServiceBlockingStub.requestVote(RaftServerProtocolServiceGrpc.java:265)
	at org.apache.ratis.grpc.server.GrpcServerProtocolClient.requestVote(GrpcServerProtocolClient.java:99)
	at org.apache.ratis.grpc.server.GrpcService.requestVote(GrpcService.java:204)
	at org.apache.ratis.server.impl.LeaderElection.lambda$submitRequests$1(LeaderElection.java:234)
	at java.util.concurrent.FutureTask.run(FutureTask.java:266)
	at java.util.concurrent.Executors$RunnableAdapter.call(Executors.java:511)
	at java.util.concurrent.FutureTask.run(FutureTask.java:266)
	at java.util.concurrent.ThreadPoolExecutor.runWorker(ThreadPoolExecutor.java:1149)
	at java.util.concurrent.ThreadPoolExecutor$Worker.run(ThreadPoolExecutor.java:624)
	... 1 more
Caused by: org.apache.ratis.thirdparty.io.netty.channel.AbstractChannel$AnnotatedConnectException: Connection refused: /192.168.69.104:41460
	at sun.nio.ch.SocketChannelImpl.checkConnect(Native Method)
	at sun.nio.ch.SocketChannelImpl.finishConnect(SocketChannelImpl.java:717)
	at org.apache.ratis.thirdparty.io.netty.channel.socket.nio.NioSocketChannel.doFinishConnect(NioSocketChannel.java:327)
	at org.apache.ratis.thirdparty.io.netty.channel.nio.AbstractNioChannel$AbstractNioUnsafe.finishConnect(AbstractNioChannel.java:340)
	at org.apache.ratis.thirdparty.io.netty.channel.nio.NioEventLoop.processSelectedKey(NioEventLoop.java:632)
	at org.apache.ratis.thirdparty.io.netty.channel.nio.NioEventLoop.processSelectedKeysOptimized(NioEventLoop.java:579)
	at org.apache.ratis.thirdparty.io.netty.channel.nio.NioEventLoop.processSelectedKeys(NioEventLoop.java:496)
	at org.apache.ratis.thirdparty.io.netty.channel.nio.NioEventLoop.run(NioEventLoop.java:458)
	at org.apache.ratis.thirdparty.io.netty.util.concurrent.SingleThreadEventExecutor$5.run(SingleThreadEventExecutor.java:897)
	at org.apache.ratis.thirdparty.io.netty.util.concurrent.FastThreadLocalRunnable.run(FastThreadLocalRunnable.java:30)
	... 1 more
Caused by: java.net.ConnectException: Connection refused
	... 11 more
2019-10-16 05:41:59,182 [8d41a728-337d-4af0-9cf5-a84877563a0d@group-527518A75D14-LeaderElection54] INFO  impl.RaftServerImpl (RaftServerImpl.java:setRole(184)) - 8d41a728-337d-4af0-9cf5-a84877563a0d@group-527518A75D14: changes role from CANDIDATE to FOLLOWER at term 17 for DISCOVERED_A_NEW_TERM
2019-10-16 05:41:59,182 [8d41a728-337d-4af0-9cf5-a84877563a0d@group-527518A75D14-LeaderElection54] INFO  impl.RoleInfo (RoleInfo.java:shutdownLeaderElection(134)) - 8d41a728-337d-4af0-9cf5-a84877563a0d: shutdown LeaderElection
2019-10-16 05:41:59,182 [8d41a728-337d-4af0-9cf5-a84877563a0d@group-527518A75D14-LeaderElection54] INFO  impl.RoleInfo (RoleInfo.java:updateAndGet(143)) - 8d41a728-337d-4af0-9cf5-a84877563a0d: start FollowerState
2019-10-16 05:42:00,032 [Thread-1425] INFO  impl.FollowerState (FollowerState.java:run(108)) - a85e69e5-760c-4b40-a424-fc77673779df@group-AFFE1363742F-FollowerState: change to CANDIDATE, lastRpcTime:1031ms, electionTimeout:1031ms
2019-10-16 05:42:00,032 [Thread-1425] INFO  impl.RoleInfo (RoleInfo.java:shutdownFollowerState(121)) - a85e69e5-760c-4b40-a424-fc77673779df: shutdown FollowerState
2019-10-16 05:42:00,032 [Thread-1425] INFO  impl.RaftServerImpl (RaftServerImpl.java:setRole(184)) - a85e69e5-760c-4b40-a424-fc77673779df@group-AFFE1363742F: changes role from  FOLLOWER to CANDIDATE at term 32 for changeToCandidate
2019-10-16 05:42:00,032 [Thread-1425] INFO  impl.RoleInfo (RoleInfo.java:updateAndGet(143)) - a85e69e5-760c-4b40-a424-fc77673779df: start LeaderElection
2019-10-16 05:42:00,046 [a85e69e5-760c-4b40-a424-fc77673779df@group-AFFE1363742F-LeaderElection55] INFO  impl.LeaderElection (LeaderElection.java:askForVotes(178)) - a85e69e5-760c-4b40-a424-fc77673779df@group-AFFE1363742F-LeaderElection55: begin an election at term 33 for 0: [163c5688-ede5-44ab-b3bd-c5a10f730980:192.168.69.104:45225, a85e69e5-760c-4b40-a424-fc77673779df:192.168.69.104:37941, 73edb6ac-4c26-463f-ad6d-00f88e6dbd58:192.168.69.104:35488], old=null
2019-10-16 05:42:00,048 [a85e69e5-760c-4b40-a424-fc77673779df@group-AFFE1363742F-LeaderElection55] INFO  impl.LeaderElection (LogUtils.java:infoOrTrace(149)) - a85e69e5-760c-4b40-a424-fc77673779df@group-AFFE1363742F-LeaderElection55 got exception when requesting votes: {}
java.util.concurrent.ExecutionException: org.apache.ratis.thirdparty.io.grpc.StatusRuntimeException: UNAVAILABLE: io exception
	at java.util.concurrent.FutureTask.report(FutureTask.java:122)
	at java.util.concurrent.FutureTask.get(FutureTask.java:192)
	at org.apache.ratis.server.impl.LeaderElection.waitForResults(LeaderElection.java:259)
	at org.apache.ratis.server.impl.LeaderElection.askForVotes(LeaderElection.java:197)
	at org.apache.ratis.server.impl.LeaderElection.run(LeaderElection.java:133)
	at java.lang.Thread.run(Thread.java:748)
Caused by: org.apache.ratis.thirdparty.io.grpc.StatusRuntimeException: UNAVAILABLE: io exception
	at org.apache.ratis.thirdparty.io.grpc.stub.ClientCalls.toStatusRuntimeException(ClientCalls.java:233)
	at org.apache.ratis.thirdparty.io.grpc.stub.ClientCalls.getUnchecked(ClientCalls.java:214)
	at org.apache.ratis.thirdparty.io.grpc.stub.ClientCalls.blockingUnaryCall(ClientCalls.java:139)
	at org.apache.ratis.proto.grpc.RaftServerProtocolServiceGrpc$RaftServerProtocolServiceBlockingStub.requestVote(RaftServerProtocolServiceGrpc.java:265)
	at org.apache.ratis.grpc.server.GrpcServerProtocolClient.requestVote(GrpcServerProtocolClient.java:99)
	at org.apache.ratis.grpc.server.GrpcService.requestVote(GrpcService.java:204)
	at org.apache.ratis.server.impl.LeaderElection.lambda$submitRequests$1(LeaderElection.java:234)
	at java.util.concurrent.FutureTask.run(FutureTask.java:266)
	at java.util.concurrent.Executors$RunnableAdapter.call(Executors.java:511)
	at java.util.concurrent.FutureTask.run(FutureTask.java:266)
	at java.util.concurrent.ThreadPoolExecutor.runWorker(ThreadPoolExecutor.java:1149)
	at java.util.concurrent.ThreadPoolExecutor$Worker.run(ThreadPoolExecutor.java:624)
	... 1 more
Caused by: org.apache.ratis.thirdparty.io.netty.channel.AbstractChannel$AnnotatedConnectException: Connection refused: /192.168.69.104:45225
	at sun.nio.ch.SocketChannelImpl.checkConnect(Native Method)
	at sun.nio.ch.SocketChannelImpl.finishConnect(SocketChannelImpl.java:717)
	at org.apache.ratis.thirdparty.io.netty.channel.socket.nio.NioSocketChannel.doFinishConnect(NioSocketChannel.java:327)
	at org.apache.ratis.thirdparty.io.netty.channel.nio.AbstractNioChannel$AbstractNioUnsafe.finishConnect(AbstractNioChannel.java:340)
	at org.apache.ratis.thirdparty.io.netty.channel.nio.NioEventLoop.processSelectedKey(NioEventLoop.java:632)
	at org.apache.ratis.thirdparty.io.netty.channel.nio.NioEventLoop.processSelectedKeysOptimized(NioEventLoop.java:579)
	at org.apache.ratis.thirdparty.io.netty.channel.nio.NioEventLoop.processSelectedKeys(NioEventLoop.java:496)
	at org.apache.ratis.thirdparty.io.netty.channel.nio.NioEventLoop.run(NioEventLoop.java:458)
	at org.apache.ratis.thirdparty.io.netty.util.concurrent.SingleThreadEventExecutor$5.run(SingleThreadEventExecutor.java:897)
	at org.apache.ratis.thirdparty.io.netty.util.concurrent.FastThreadLocalRunnable.run(FastThreadLocalRunnable.java:30)
	... 1 more
Caused by: java.net.ConnectException: Connection refused
	... 11 more
2019-10-16 05:42:00,048 [a85e69e5-760c-4b40-a424-fc77673779df@group-AFFE1363742F-LeaderElection55] INFO  impl.LeaderElection (LogUtils.java:infoOrTrace(149)) - a85e69e5-760c-4b40-a424-fc77673779df@group-AFFE1363742F-LeaderElection55 got exception when requesting votes: {}
java.util.concurrent.ExecutionException: org.apache.ratis.thirdparty.io.grpc.StatusRuntimeException: UNAVAILABLE: io exception
	at java.util.concurrent.FutureTask.report(FutureTask.java:122)
	at java.util.concurrent.FutureTask.get(FutureTask.java:192)
	at org.apache.ratis.server.impl.LeaderElection.waitForResults(LeaderElection.java:259)
	at org.apache.ratis.server.impl.LeaderElection.askForVotes(LeaderElection.java:197)
	at org.apache.ratis.server.impl.LeaderElection.run(LeaderElection.java:133)
	at java.lang.Thread.run(Thread.java:748)
Caused by: org.apache.ratis.thirdparty.io.grpc.StatusRuntimeException: UNAVAILABLE: io exception
	at org.apache.ratis.thirdparty.io.grpc.stub.ClientCalls.toStatusRuntimeException(ClientCalls.java:233)
	at org.apache.ratis.thirdparty.io.grpc.stub.ClientCalls.getUnchecked(ClientCalls.java:214)
	at org.apache.ratis.thirdparty.io.grpc.stub.ClientCalls.blockingUnaryCall(ClientCalls.java:139)
	at org.apache.ratis.proto.grpc.RaftServerProtocolServiceGrpc$RaftServerProtocolServiceBlockingStub.requestVote(RaftServerProtocolServiceGrpc.java:265)
	at org.apache.ratis.grpc.server.GrpcServerProtocolClient.requestVote(GrpcServerProtocolClient.java:99)
	at org.apache.ratis.grpc.server.GrpcService.requestVote(GrpcService.java:204)
	at org.apache.ratis.server.impl.LeaderElection.lambda$submitRequests$1(LeaderElection.java:234)
	at java.util.concurrent.FutureTask.run(FutureTask.java:266)
	at java.util.concurrent.Executors$RunnableAdapter.call(Executors.java:511)
	at java.util.concurrent.FutureTask.run(FutureTask.java:266)
	at java.util.concurrent.ThreadPoolExecutor.runWorker(ThreadPoolExecutor.java:1149)
	at java.util.concurrent.ThreadPoolExecutor$Worker.run(ThreadPoolExecutor.java:624)
	... 1 more
Caused by: org.apache.ratis.thirdparty.io.netty.channel.AbstractChannel$AnnotatedConnectException: Connection refused: /192.168.69.104:35488
	at sun.nio.ch.SocketChannelImpl.checkConnect(Native Method)
	at sun.nio.ch.SocketChannelImpl.finishConnect(SocketChannelImpl.java:717)
	at org.apache.ratis.thirdparty.io.netty.channel.socket.nio.NioSocketChannel.doFinishConnect(NioSocketChannel.java:327)
	at org.apache.ratis.thirdparty.io.netty.channel.nio.AbstractNioChannel$AbstractNioUnsafe.finishConnect(AbstractNioChannel.java:340)
	at org.apache.ratis.thirdparty.io.netty.channel.nio.NioEventLoop.processSelectedKey(NioEventLoop.java:632)
	at org.apache.ratis.thirdparty.io.netty.channel.nio.NioEventLoop.processSelectedKeysOptimized(NioEventLoop.java:579)
	at org.apache.ratis.thirdparty.io.netty.channel.nio.NioEventLoop.processSelectedKeys(NioEventLoop.java:496)
	at org.apache.ratis.thirdparty.io.netty.channel.nio.NioEventLoop.run(NioEventLoop.java:458)
	at org.apache.ratis.thirdparty.io.netty.util.concurrent.SingleThreadEventExecutor$5.run(SingleThreadEventExecutor.java:897)
	at org.apache.ratis.thirdparty.io.netty.util.concurrent.FastThreadLocalRunnable.run(FastThreadLocalRunnable.java:30)
	... 1 more
Caused by: java.net.ConnectException: Connection refused
	... 11 more
2019-10-16 05:42:00,049 [a85e69e5-760c-4b40-a424-fc77673779df@group-AFFE1363742F-LeaderElection55] INFO  impl.LeaderElection (LeaderElection.java:logAndReturn(56)) - a85e69e5-760c-4b40-a424-fc77673779df@group-AFFE1363742F-LeaderElection55: Election REJECTED; received 0 response(s) [] and 2 exception(s); a85e69e5-760c-4b40-a424-fc77673779df@group-AFFE1363742F:t33, leader=null, voted=a85e69e5-760c-4b40-a424-fc77673779df, raftlog=a85e69e5-760c-4b40-a424-fc77673779df@group-AFFE1363742F-SegmentedRaftLog:OPENED:c28,f28,i28, conf=0: [163c5688-ede5-44ab-b3bd-c5a10f730980:192.168.69.104:45225, a85e69e5-760c-4b40-a424-fc77673779df:192.168.69.104:37941, 73edb6ac-4c26-463f-ad6d-00f88e6dbd58:192.168.69.104:35488], old=null
2019-10-16 05:42:00,049 [a85e69e5-760c-4b40-a424-fc77673779df@group-AFFE1363742F-LeaderElection55] INFO  impl.LeaderElection (LogUtils.java:infoOrTrace(149)) -   Exception 0: {}
java.util.concurrent.ExecutionException: org.apache.ratis.thirdparty.io.grpc.StatusRuntimeException: UNAVAILABLE: io exception
	at java.util.concurrent.FutureTask.report(FutureTask.java:122)
	at java.util.concurrent.FutureTask.get(FutureTask.java:192)
	at org.apache.ratis.server.impl.LeaderElection.waitForResults(LeaderElection.java:259)
	at org.apache.ratis.server.impl.LeaderElection.askForVotes(LeaderElection.java:197)
	at org.apache.ratis.server.impl.LeaderElection.run(LeaderElection.java:133)
	at java.lang.Thread.run(Thread.java:748)
Caused by: org.apache.ratis.thirdparty.io.grpc.StatusRuntimeException: UNAVAILABLE: io exception
	at org.apache.ratis.thirdparty.io.grpc.stub.ClientCalls.toStatusRuntimeException(ClientCalls.java:233)
	at org.apache.ratis.thirdparty.io.grpc.stub.ClientCalls.getUnchecked(ClientCalls.java:214)
	at org.apache.ratis.thirdparty.io.grpc.stub.ClientCalls.blockingUnaryCall(ClientCalls.java:139)
	at org.apache.ratis.proto.grpc.RaftServerProtocolServiceGrpc$RaftServerProtocolServiceBlockingStub.requestVote(RaftServerProtocolServiceGrpc.java:265)
	at org.apache.ratis.grpc.server.GrpcServerProtocolClient.requestVote(GrpcServerProtocolClient.java:99)
	at org.apache.ratis.grpc.server.GrpcService.requestVote(GrpcService.java:204)
	at org.apache.ratis.server.impl.LeaderElection.lambda$submitRequests$1(LeaderElection.java:234)
	at java.util.concurrent.FutureTask.run(FutureTask.java:266)
	at java.util.concurrent.Executors$RunnableAdapter.call(Executors.java:511)
	at java.util.concurrent.FutureTask.run(FutureTask.java:266)
	at java.util.concurrent.ThreadPoolExecutor.runWorker(ThreadPoolExecutor.java:1149)
	at java.util.concurrent.ThreadPoolExecutor$Worker.run(ThreadPoolExecutor.java:624)
	... 1 more
Caused by: org.apache.ratis.thirdparty.io.netty.channel.AbstractChannel$AnnotatedConnectException: Connection refused: /192.168.69.104:45225
	at sun.nio.ch.SocketChannelImpl.checkConnect(Native Method)
	at sun.nio.ch.SocketChannelImpl.finishConnect(SocketChannelImpl.java:717)
	at org.apache.ratis.thirdparty.io.netty.channel.socket.nio.NioSocketChannel.doFinishConnect(NioSocketChannel.java:327)
	at org.apache.ratis.thirdparty.io.netty.channel.nio.AbstractNioChannel$AbstractNioUnsafe.finishConnect(AbstractNioChannel.java:340)
	at org.apache.ratis.thirdparty.io.netty.channel.nio.NioEventLoop.processSelectedKey(NioEventLoop.java:632)
	at org.apache.ratis.thirdparty.io.netty.channel.nio.NioEventLoop.processSelectedKeysOptimized(NioEventLoop.java:579)
	at org.apache.ratis.thirdparty.io.netty.channel.nio.NioEventLoop.processSelectedKeys(NioEventLoop.java:496)
	at org.apache.ratis.thirdparty.io.netty.channel.nio.NioEventLoop.run(NioEventLoop.java:458)
	at org.apache.ratis.thirdparty.io.netty.util.concurrent.SingleThreadEventExecutor$5.run(SingleThreadEventExecutor.java:897)
	at org.apache.ratis.thirdparty.io.netty.util.concurrent.FastThreadLocalRunnable.run(FastThreadLocalRunnable.java:30)
	... 1 more
Caused by: java.net.ConnectException: Connection refused
	... 11 more
2019-10-16 05:42:00,049 [a85e69e5-760c-4b40-a424-fc77673779df@group-AFFE1363742F-LeaderElection55] INFO  impl.LeaderElection (LogUtils.java:infoOrTrace(149)) -   Exception 1: {}
java.util.concurrent.ExecutionException: org.apache.ratis.thirdparty.io.grpc.StatusRuntimeException: UNAVAILABLE: io exception
	at java.util.concurrent.FutureTask.report(FutureTask.java:122)
	at java.util.concurrent.FutureTask.get(FutureTask.java:192)
	at org.apache.ratis.server.impl.LeaderElection.waitForResults(LeaderElection.java:259)
	at org.apache.ratis.server.impl.LeaderElection.askForVotes(LeaderElection.java:197)
	at org.apache.ratis.server.impl.LeaderElection.run(LeaderElection.java:133)
	at java.lang.Thread.run(Thread.java:748)
Caused by: org.apache.ratis.thirdparty.io.grpc.StatusRuntimeException: UNAVAILABLE: io exception
	at org.apache.ratis.thirdparty.io.grpc.stub.ClientCalls.toStatusRuntimeException(ClientCalls.java:233)
	at org.apache.ratis.thirdparty.io.grpc.stub.ClientCalls.getUnchecked(ClientCalls.java:214)
	at org.apache.ratis.thirdparty.io.grpc.stub.ClientCalls.blockingUnaryCall(ClientCalls.java:139)
	at org.apache.ratis.proto.grpc.RaftServerProtocolServiceGrpc$RaftServerProtocolServiceBlockingStub.requestVote(RaftServerProtocolServiceGrpc.java:265)
	at org.apache.ratis.grpc.server.GrpcServerProtocolClient.requestVote(GrpcServerProtocolClient.java:99)
	at org.apache.ratis.grpc.server.GrpcService.requestVote(GrpcService.java:204)
	at org.apache.ratis.server.impl.LeaderElection.lambda$submitRequests$1(LeaderElection.java:234)
	at java.util.concurrent.FutureTask.run(FutureTask.java:266)
	at java.util.concurrent.Executors$RunnableAdapter.call(Executors.java:511)
	at java.util.concurrent.FutureTask.run(FutureTask.java:266)
	at java.util.concurrent.ThreadPoolExecutor.runWorker(ThreadPoolExecutor.java:1149)
	at java.util.concurrent.ThreadPoolExecutor$Worker.run(ThreadPoolExecutor.java:624)
	... 1 more
Caused by: org.apache.ratis.thirdparty.io.netty.channel.AbstractChannel$AnnotatedConnectException: Connection refused: /192.168.69.104:35488
	at sun.nio.ch.SocketChannelImpl.checkConnect(Native Method)
	at sun.nio.ch.SocketChannelImpl.finishConnect(SocketChannelImpl.java:717)
	at org.apache.ratis.thirdparty.io.netty.channel.socket.nio.NioSocketChannel.doFinishConnect(NioSocketChannel.java:327)
	at org.apache.ratis.thirdparty.io.netty.channel.nio.AbstractNioChannel$AbstractNioUnsafe.finishConnect(AbstractNioChannel.java:340)
	at org.apache.ratis.thirdparty.io.netty.channel.nio.NioEventLoop.processSelectedKey(NioEventLoop.java:632)
	at org.apache.ratis.thirdparty.io.netty.channel.nio.NioEventLoop.processSelectedKeysOptimized(NioEventLoop.java:579)
	at org.apache.ratis.thirdparty.io.netty.channel.nio.NioEventLoop.processSelectedKeys(NioEventLoop.java:496)
	at org.apache.ratis.thirdparty.io.netty.channel.nio.NioEventLoop.run(NioEventLoop.java:458)
	at org.apache.ratis.thirdparty.io.netty.util.concurrent.SingleThreadEventExecutor$5.run(SingleThreadEventExecutor.java:897)
	at org.apache.ratis.thirdparty.io.netty.util.concurrent.FastThreadLocalRunnable.run(FastThreadLocalRunnable.java:30)
	... 1 more
Caused by: java.net.ConnectException: Connection refused
	... 11 more
2019-10-16 05:42:00,050 [a85e69e5-760c-4b40-a424-fc77673779df@group-AFFE1363742F-LeaderElection55] INFO  impl.RaftServerImpl (RaftServerImpl.java:setRole(184)) - a85e69e5-760c-4b40-a424-fc77673779df@group-AFFE1363742F: changes role from CANDIDATE to FOLLOWER at term 33 for DISCOVERED_A_NEW_TERM
2019-10-16 05:42:00,050 [a85e69e5-760c-4b40-a424-fc77673779df@group-AFFE1363742F-LeaderElection55] INFO  impl.RoleInfo (RoleInfo.java:shutdownLeaderElection(134)) - a85e69e5-760c-4b40-a424-fc77673779df: shutdown LeaderElection
2019-10-16 05:42:00,050 [a85e69e5-760c-4b40-a424-fc77673779df@group-AFFE1363742F-LeaderElection55] INFO  impl.RoleInfo (RoleInfo.java:updateAndGet(143)) - a85e69e5-760c-4b40-a424-fc77673779df: start FollowerState
2019-10-16 05:42:00,058 [main] INFO  ozoneimpl.OzoneContainer (OzoneContainer.java:stop(227)) - Attempting to stop container services.
2019-10-16 05:42:00,058 [ForkJoinPool.commonPool-worker-0] INFO  ozoneimpl.OzoneContainer (OzoneContainer.java:stop(227)) - Attempting to stop container services.
2019-10-16 05:42:00,059 [main] INFO  impl.RaftServerProxy (RaftServerProxy.java:lambda$close$4(314)) - 8d41a728-337d-4af0-9cf5-a84877563a0d: close
2019-10-16 05:42:00,059 [ForkJoinPool.commonPool-worker-0] INFO  impl.RaftServerProxy (RaftServerProxy.java:lambda$close$4(314)) - 8fe94103-1ee8-4728-abac-39da8dc74e05: close
2019-10-16 05:42:00,059 [main] INFO  impl.RaftServerImpl (RaftServerImpl.java:lambda$shutdown$3(261)) - 8d41a728-337d-4af0-9cf5-a84877563a0d@group-527518A75D14: shutdown
2019-10-16 05:42:00,059 [ForkJoinPool.commonPool-worker-0] INFO  impl.RaftServerImpl (RaftServerImpl.java:lambda$shutdown$3(261)) - 8fe94103-1ee8-4728-abac-39da8dc74e05@group-FD3ACD3F2F2D: shutdown
2019-10-16 05:42:00,059 [main] INFO  util.JmxRegister (JmxRegister.java:unregister(73)) - Successfully un-registered JMX Bean with object name Ratis:service=RaftServer,group=group-527518A75D14,id=8d41a728-337d-4af0-9cf5-a84877563a0d
2019-10-16 05:42:00,060 [ForkJoinPool.commonPool-worker-0] INFO  util.JmxRegister (JmxRegister.java:unregister(73)) - Successfully un-registered JMX Bean with object name Ratis:service=RaftServer,group=group-FD3ACD3F2F2D,id=8fe94103-1ee8-4728-abac-39da8dc74e05
2019-10-16 05:42:00,060 [main] INFO  impl.RoleInfo (RoleInfo.java:shutdownFollowerState(121)) - 8d41a728-337d-4af0-9cf5-a84877563a0d: shutdown FollowerState
2019-10-16 05:42:00,060 [ForkJoinPool.commonPool-worker-0] INFO  impl.RoleInfo (RoleInfo.java:shutdownLeaderState(104)) - 8fe94103-1ee8-4728-abac-39da8dc74e05: shutdown LeaderState
2019-10-16 05:42:00,060 [Thread-1431] INFO  impl.FollowerState (FollowerState.java:run(117)) - 8d41a728-337d-4af0-9cf5-a84877563a0d@group-527518A75D14-FollowerState was interrupted: java.lang.InterruptedException: sleep interrupted
2019-10-16 05:42:00,060 [main] INFO  impl.StateMachineUpdater (StateMachineUpdater.java:stopAndJoin(136)) - 8d41a728-337d-4af0-9cf5-a84877563a0d@group-527518A75D14-StateMachineUpdater: set stopIndex = 16
2019-10-16 05:42:00,064 [org.apache.ratis.server.impl.LogAppender$AppenderDaemon$$Lambda$472/261109162@7a92bbe6] WARN  server.GrpcLogAppender (GrpcLogAppender.java:mayWait(149)) - 8fe94103-1ee8-4728-abac-39da8dc74e05@group-FD3ACD3F2F2D->f1a365c1-fe59-4a48-93c2-eb51ec4ae0f7-GrpcLogAppender: Wait interrupted by java.lang.InterruptedException
2019-10-16 05:42:00,064 [8d41a728-337d-4af0-9cf5-a84877563a0d@group-527518A75D14-StateMachineUpdater] INFO  ratis.ContainerStateMachine (ContainerStateMachine.java:takeSnapshot(294)) - group-527518A75D14: Taking a snapshot at:(t:14, i:13) file /workdir/hadoop-ozone/integration-test/target/test-dir/MiniOzoneClusterImpl-2ede335a-ebf0-4a23-bcb3-98605d830964/datanode-8/data/ratis/fe15bb06-241c-4554-b82b-527518a75d14/sm/snapshot.14_13
2019-10-16 05:42:00,064 [ForkJoinPool.commonPool-worker-0] INFO  impl.PendingRequests (PendingRequests.java:sendNotLeaderResponses(202)) - 8fe94103-1ee8-4728-abac-39da8dc74e05@group-FD3ACD3F2F2D-PendingRequests: sendNotLeaderResponses
2019-10-16 05:42:00,064 [org.apache.ratis.server.impl.LogAppender$AppenderDaemon$$Lambda$472/261109162@7699f10c] WARN  server.GrpcLogAppender (GrpcLogAppender.java:mayWait(149)) - 8fe94103-1ee8-4728-abac-39da8dc74e05@group-FD3ACD3F2F2D->a92c0124-0b6b-4eab-8828-4a4218b90be6-GrpcLogAppender: Wait interrupted by java.lang.InterruptedException
2019-10-16 05:42:00,065 [grpc-default-executor-5] INFO  server.GrpcServerProtocolService (GrpcServerProtocolService.java:onCompleted(113)) - f1a365c1-fe59-4a48-93c2-eb51ec4ae0f7: Completed APPEND_ENTRIES, lastRequest: 8fe94103-1ee8-4728-abac-39da8dc74e05->f1a365c1-fe59-4a48-93c2-eb51ec4ae0f7#145-t6, previous=(t:6, i:36), leaderCommit=36, initializing? false, entries: <empty>
2019-10-16 05:42:00,067 [8fe94103-1ee8-4728-abac-39da8dc74e05@group-FD3ACD3F2F2D-StateMachineUpdater] INFO  ratis.ContainerStateMachine (ContainerStateMachine.java:takeSnapshot(294)) - group-FD3ACD3F2F2D: Taking a snapshot at:(t:6, i:36) file /workdir/hadoop-ozone/integration-test/target/test-dir/MiniOzoneClusterImpl-2ede335a-ebf0-4a23-bcb3-98605d830964/datanode-3/data/ratis/e1b70ff6-5c86-4e33-80e5-fd3acd3f2f2d/sm/snapshot.6_36
2019-10-16 05:42:00,067 [ForkJoinPool.commonPool-worker-0] INFO  impl.StateMachineUpdater (StateMachineUpdater.java:stopAndJoin(136)) - 8fe94103-1ee8-4728-abac-39da8dc74e05@group-FD3ACD3F2F2D-StateMachineUpdater: set stopIndex = 36
2019-10-16 05:42:00,067 [grpc-default-executor-5] INFO  server.GrpcServerProtocolService (GrpcServerProtocolService.java:onCompleted(113)) - a92c0124-0b6b-4eab-8828-4a4218b90be6: Completed APPEND_ENTRIES, lastRequest: 8fe94103-1ee8-4728-abac-39da8dc74e05->a92c0124-0b6b-4eab-8828-4a4218b90be6#145-t6, previous=(t:6, i:36), leaderCommit=36, initializing? false, entries: <empty>
2019-10-16 05:42:00,068 [grpc-default-executor-5] INFO  server.GrpcLogAppender (GrpcLogAppender.java:onCompleted(308)) - 8fe94103-1ee8-4728-abac-39da8dc74e05@group-FD3ACD3F2F2D->f1a365c1-fe59-4a48-93c2-eb51ec4ae0f7-AppendLogResponseHandler: follower responses appendEntries COMPLETED
2019-10-16 05:42:00,068 [grpc-default-executor-10] INFO  server.GrpcLogAppender (GrpcLogAppender.java:onCompleted(308)) - 8fe94103-1ee8-4728-abac-39da8dc74e05@group-FD3ACD3F2F2D->a92c0124-0b6b-4eab-8828-4a4218b90be6-AppendLogResponseHandler: follower responses appendEntries COMPLETED
2019-10-16 05:42:00,069 [grpc-default-executor-5] INFO  impl.FollowerInfo (FollowerInfo.java:lambda$new$0(51)) - 8fe94103-1ee8-4728-abac-39da8dc74e05@group-FD3ACD3F2F2D->f1a365c1-fe59-4a48-93c2-eb51ec4ae0f7: nextIndex: updateUnconditionally 37 -> 36
2019-10-16 05:42:00,069 [grpc-default-executor-10] INFO  impl.FollowerInfo (FollowerInfo.java:lambda$new$0(51)) - 8fe94103-1ee8-4728-abac-39da8dc74e05@group-FD3ACD3F2F2D->a92c0124-0b6b-4eab-8828-4a4218b90be6: nextIndex: updateUnconditionally 37 -> 36
2019-10-16 05:42:00,078 [8fe94103-1ee8-4728-abac-39da8dc74e05@group-FD3ACD3F2F2D-StateMachineUpdater] INFO  ratis.ContainerStateMachine (ContainerStateMachine.java:takeSnapshot(305)) - group-FD3ACD3F2F2D: Finished taking a snapshot at:(t:6, i:36) file:/workdir/hadoop-ozone/integration-test/target/test-dir/MiniOzoneClusterImpl-2ede335a-ebf0-4a23-bcb3-98605d830964/datanode-3/data/ratis/e1b70ff6-5c86-4e33-80e5-fd3acd3f2f2d/sm/snapshot.6_36 time:11
2019-10-16 05:42:00,078 [8d41a728-337d-4af0-9cf5-a84877563a0d@group-527518A75D14-StateMachineUpdater] INFO  ratis.ContainerStateMachine (ContainerStateMachine.java:takeSnapshot(305)) - group-527518A75D14: Finished taking a snapshot at:(t:14, i:13) file:/workdir/hadoop-ozone/integration-test/target/test-dir/MiniOzoneClusterImpl-2ede335a-ebf0-4a23-bcb3-98605d830964/datanode-8/data/ratis/fe15bb06-241c-4554-b82b-527518a75d14/sm/snapshot.14_13 time:15
2019-10-16 05:42:00,079 [8fe94103-1ee8-4728-abac-39da8dc74e05@group-FD3ACD3F2F2D-StateMachineUpdater] INFO  impl.StateMachineUpdater (StateMachineUpdater.java:takeSnapshot(269)) - 8fe94103-1ee8-4728-abac-39da8dc74e05@group-FD3ACD3F2F2D-StateMachineUpdater: Took a snapshot at index 36
2019-10-16 05:42:00,079 [8d41a728-337d-4af0-9cf5-a84877563a0d@group-527518A75D14-StateMachineUpdater] INFO  impl.StateMachineUpdater (StateMachineUpdater.java:takeSnapshot(269)) - 8d41a728-337d-4af0-9cf5-a84877563a0d@group-527518A75D14-StateMachineUpdater: Took a snapshot at index 13
2019-10-16 05:42:00,079 [8fe94103-1ee8-4728-abac-39da8dc74e05@group-FD3ACD3F2F2D-StateMachineUpdater] INFO  impl.StateMachineUpdater (StateMachineUpdater.java:lambda$new$0(84)) - 8fe94103-1ee8-4728-abac-39da8dc74e05@group-FD3ACD3F2F2D-StateMachineUpdater: snapshotIndex: updateIncreasingly -1 -> 36
2019-10-16 05:42:00,079 [8d41a728-337d-4af0-9cf5-a84877563a0d@group-527518A75D14-StateMachineUpdater] INFO  impl.StateMachineUpdater (StateMachineUpdater.java:lambda$new$0(84)) - 8d41a728-337d-4af0-9cf5-a84877563a0d@group-527518A75D14-StateMachineUpdater: snapshotIndex: updateIncreasingly -1 -> 13
2019-10-16 05:42:00,079 [8d41a728-337d-4af0-9cf5-a84877563a0d@group-527518A75D14-StateMachineUpdater] INFO  ratis.ContainerStateMachine (ContainerStateMachine.java:takeSnapshot(294)) - group-527518A75D14: Taking a snapshot at:(t:14, i:13) file /workdir/hadoop-ozone/integration-test/target/test-dir/MiniOzoneClusterImpl-2ede335a-ebf0-4a23-bcb3-98605d830964/datanode-8/data/ratis/fe15bb06-241c-4554-b82b-527518a75d14/sm/snapshot.14_13
2019-10-16 05:42:00,080 [ForkJoinPool.commonPool-worker-0] INFO  impl.RaftServerImpl (ServerState.java:close(388)) - 8fe94103-1ee8-4728-abac-39da8dc74e05@group-FD3ACD3F2F2D: closes. applyIndex: 36
2019-10-16 05:42:00,080 [8fe94103-1ee8-4728-abac-39da8dc74e05@group-FD3ACD3F2F2D-SegmentedRaftLogWorker] INFO  segmented.SegmentedRaftLogWorker (SegmentedRaftLogWorker.java:run(316)) - 8fe94103-1ee8-4728-abac-39da8dc74e05@group-FD3ACD3F2F2D-SegmentedRaftLogWorker was interrupted, exiting. There are 0 tasks remaining in the queue.
2019-10-16 05:42:00,082 [ForkJoinPool.commonPool-worker-0] INFO  segmented.SegmentedRaftLogWorker (SegmentedRaftLogWorker.java:close(224)) - 8fe94103-1ee8-4728-abac-39da8dc74e05@group-FD3ACD3F2F2D-SegmentedRaftLogWorker close()
2019-10-16 05:42:00,084 [ForkJoinPool.commonPool-worker-0] INFO  impl.RaftServerImpl (RaftServerImpl.java:lambda$shutdown$3(261)) - 8fe94103-1ee8-4728-abac-39da8dc74e05@group-183B0424CEEB: shutdown
2019-10-16 05:42:00,085 [ForkJoinPool.commonPool-worker-0] INFO  util.JmxRegister (JmxRegister.java:unregister(73)) - Successfully un-registered JMX Bean with object name Ratis:service=RaftServer,group=group-183B0424CEEB,id=8fe94103-1ee8-4728-abac-39da8dc74e05
2019-10-16 05:42:00,085 [ForkJoinPool.commonPool-worker-0] INFO  impl.RoleInfo (RoleInfo.java:shutdownLeaderState(104)) - 8fe94103-1ee8-4728-abac-39da8dc74e05: shutdown LeaderState
2019-10-16 05:42:00,085 [ForkJoinPool.commonPool-worker-0] INFO  impl.PendingRequests (PendingRequests.java:sendNotLeaderResponses(202)) - 8fe94103-1ee8-4728-abac-39da8dc74e05@group-183B0424CEEB-PendingRequests: sendNotLeaderResponses
2019-10-16 05:42:00,085 [ForkJoinPool.commonPool-worker-0] INFO  impl.StateMachineUpdater (StateMachineUpdater.java:stopAndJoin(136)) - 8fe94103-1ee8-4728-abac-39da8dc74e05@group-183B0424CEEB-StateMachineUpdater: set stopIndex = 0
2019-10-16 05:42:00,086 [ForkJoinPool.commonPool-worker-0] INFO  impl.RaftServerImpl (ServerState.java:close(388)) - 8fe94103-1ee8-4728-abac-39da8dc74e05@group-183B0424CEEB: closes. applyIndex: 0
2019-10-16 05:42:00,086 [8fe94103-1ee8-4728-abac-39da8dc74e05@group-183B0424CEEB-SegmentedRaftLogWorker] INFO  segmented.SegmentedRaftLogWorker (SegmentedRaftLogWorker.java:run(316)) - 8fe94103-1ee8-4728-abac-39da8dc74e05@group-183B0424CEEB-SegmentedRaftLogWorker was interrupted, exiting. There are 0 tasks remaining in the queue.
2019-10-16 05:42:00,088 [ForkJoinPool.commonPool-worker-0] INFO  segmented.SegmentedRaftLogWorker (SegmentedRaftLogWorker.java:close(224)) - 8fe94103-1ee8-4728-abac-39da8dc74e05@group-183B0424CEEB-SegmentedRaftLogWorker close()
2019-10-16 05:42:00,095 [ForkJoinPool.commonPool-worker-0] INFO  server.GrpcService (GrpcService.java:closeImpl(164)) - 8fe94103-1ee8-4728-abac-39da8dc74e05: shutdown server with port 44899 now
2019-10-16 05:42:00,096 [grpc-default-executor-7] WARN  client.GrpcClientProtocolService (LogUtils.java:warn(134)) - 3-UnorderedRequestStreamObserver3: onError: org.apache.ratis.thirdparty.io.grpc.StatusRuntimeException: CANCELLED: cancelled before receiving half close
2019-10-16 05:42:00,096 [ForkJoinPool.commonPool-worker-0] INFO  server.GrpcService (GrpcService.java:closeImpl(172)) - 8fe94103-1ee8-4728-abac-39da8dc74e05: shutdown server with port 44899 successfully
2019-10-16 05:42:00,100 [refreshUsed-/workdir/hadoop-ozone/integration-test/target/test-dir/MiniOzoneClusterImpl-2ede335a-ebf0-4a23-bcb3-98605d830964/datanode-3/data/containers] WARN  fs.CachingGetSpaceUsed (CachingGetSpaceUsed.java:run(183)) - Thread Interrupted waiting to refresh disk information: sleep interrupted
2019-10-16 05:42:00,104 [8d41a728-337d-4af0-9cf5-a84877563a0d@group-527518A75D14-StateMachineUpdater] INFO  ratis.ContainerStateMachine (ContainerStateMachine.java:takeSnapshot(305)) - group-527518A75D14: Finished taking a snapshot at:(t:14, i:13) file:/workdir/hadoop-ozone/integration-test/target/test-dir/MiniOzoneClusterImpl-2ede335a-ebf0-4a23-bcb3-98605d830964/datanode-8/data/ratis/fe15bb06-241c-4554-b82b-527518a75d14/sm/snapshot.14_13 time:25
2019-10-16 05:42:00,104 [8d41a728-337d-4af0-9cf5-a84877563a0d@group-527518A75D14-StateMachineUpdater] INFO  impl.StateMachineUpdater (StateMachineUpdater.java:takeSnapshot(269)) - 8d41a728-337d-4af0-9cf5-a84877563a0d@group-527518A75D14-StateMachineUpdater: Took a snapshot at index 13
2019-10-16 05:42:00,104 [8d41a728-337d-4af0-9cf5-a84877563a0d@group-527518A75D14-StateMachineUpdater] INFO  impl.StateMachineUpdater (StateMachineUpdater.java:lambda$new$0(84)) - 8d41a728-337d-4af0-9cf5-a84877563a0d@group-527518A75D14-StateMachineUpdater: snapshotIndex: updateIncreasingly 13 -> 13
2019-10-16 05:42:00,105 [main] INFO  impl.RaftServerImpl (ServerState.java:close(388)) - 8d41a728-337d-4af0-9cf5-a84877563a0d@group-527518A75D14: closes. applyIndex: 16
2019-10-16 05:42:00,105 [8d41a728-337d-4af0-9cf5-a84877563a0d@group-527518A75D14-SegmentedRaftLogWorker] INFO  segmented.SegmentedRaftLogWorker (SegmentedRaftLogWorker.java:run(316)) - 8d41a728-337d-4af0-9cf5-a84877563a0d@group-527518A75D14-SegmentedRaftLogWorker was interrupted, exiting. There are 0 tasks remaining in the queue.
2019-10-16 05:42:00,106 [main] INFO  segmented.SegmentedRaftLogWorker (SegmentedRaftLogWorker.java:close(224)) - 8d41a728-337d-4af0-9cf5-a84877563a0d@group-527518A75D14-SegmentedRaftLogWorker close()
2019-10-16 05:42:00,107 [main] INFO  impl.RaftServerImpl (RaftServerImpl.java:lambda$shutdown$3(261)) - 8d41a728-337d-4af0-9cf5-a84877563a0d@group-1E09EE90BCA5: shutdown
2019-10-16 05:42:00,108 [main] INFO  util.JmxRegister (JmxRegister.java:unregister(73)) - Successfully un-registered JMX Bean with object name Ratis:service=RaftServer,group=group-1E09EE90BCA5,id=8d41a728-337d-4af0-9cf5-a84877563a0d
2019-10-16 05:42:00,108 [main] INFO  impl.RoleInfo (RoleInfo.java:shutdownLeaderState(104)) - 8d41a728-337d-4af0-9cf5-a84877563a0d: shutdown LeaderState
2019-10-16 05:42:00,108 [main] INFO  impl.PendingRequests (PendingRequests.java:sendNotLeaderResponses(202)) - 8d41a728-337d-4af0-9cf5-a84877563a0d@group-1E09EE90BCA5-PendingRequests: sendNotLeaderResponses
2019-10-16 05:42:00,109 [main] INFO  impl.StateMachineUpdater (StateMachineUpdater.java:stopAndJoin(136)) - 8d41a728-337d-4af0-9cf5-a84877563a0d@group-1E09EE90BCA5-StateMachineUpdater: set stopIndex = 0
2019-10-16 05:42:00,109 [main] INFO  impl.RaftServerImpl (ServerState.java:close(388)) - 8d41a728-337d-4af0-9cf5-a84877563a0d@group-1E09EE90BCA5: closes. applyIndex: 0
2019-10-16 05:42:00,110 [8d41a728-337d-4af0-9cf5-a84877563a0d@group-1E09EE90BCA5-SegmentedRaftLogWorker] INFO  segmented.SegmentedRaftLogWorker (SegmentedRaftLogWorker.java:run(316)) - 8d41a728-337d-4af0-9cf5-a84877563a0d@group-1E09EE90BCA5-SegmentedRaftLogWorker was interrupted, exiting. There are 0 tasks remaining in the queue.
2019-10-16 05:42:00,110 [main] INFO  segmented.SegmentedRaftLogWorker (SegmentedRaftLogWorker.java:close(224)) - 8d41a728-337d-4af0-9cf5-a84877563a0d@group-1E09EE90BCA5-SegmentedRaftLogWorker close()
2019-10-16 05:42:00,111 [main] INFO  server.GrpcService (GrpcService.java:closeImpl(164)) - 8d41a728-337d-4af0-9cf5-a84877563a0d: shutdown server with port 41721 now
2019-10-16 05:42:00,112 [main] INFO  server.GrpcService (GrpcService.java:closeImpl(172)) - 8d41a728-337d-4af0-9cf5-a84877563a0d: shutdown server with port 41721 successfully
2019-10-16 05:42:00,113 [refreshUsed-/workdir/hadoop-ozone/integration-test/target/test-dir/MiniOzoneClusterImpl-2ede335a-ebf0-4a23-bcb3-98605d830964/datanode-8/data/containers] WARN  fs.CachingGetSpaceUsed (CachingGetSpaceUsed.java:run(183)) - Thread Interrupted waiting to refresh disk information: sleep interrupted
2019-10-16 05:42:00,125 [ForkJoinPool.commonPool-worker-0] INFO  utils.BackgroundService (BackgroundService.java:shutdown(151)) - Shutting down service BlockDeletingService
2019-10-16 05:42:00,129 [ForkJoinPool.commonPool-worker-0] INFO  statemachine.DatanodeStateMachine (DatanodeStateMachine.java:stopDaemon(395)) - Ozone container server stopped.
2019-10-16 05:42:00,133 [ForkJoinPool.commonPool-worker-0] INFO  handler.ContextHandler (ContextHandler.java:doStop(910)) - Stopped o.e.j.w.WebAppContext@4da6d664{/,null,UNAVAILABLE}{/hddsDatanode}
2019-10-16 05:42:00,134 [ForkJoinPool.commonPool-worker-0] INFO  server.AbstractConnector (AbstractConnector.java:doStop(318)) - Stopped ServerConnector@5e5af8e1{HTTP/1.1,[http/1.1]}{0.0.0.0:0}
2019-10-16 05:42:00,136 [ForkJoinPool.commonPool-worker-0] INFO  handler.ContextHandler (ContextHandler.java:doStop(910)) - Stopped o.e.j.s.ServletContextHandler@68d7a2df{/static,jar:file:/home/user/.m2/repository/org/apache/hadoop/hadoop-hdds-container-service/0.5.0-SNAPSHOT/hadoop-hdds-container-service-0.5.0-SNAPSHOT.jar!/webapps/static,UNAVAILABLE}
2019-10-16 05:42:00,137 [ForkJoinPool.commonPool-worker-0] INFO  handler.ContextHandler (ContextHandler.java:doStop(910)) - Stopped o.e.j.s.ServletContextHandler@4b200971{/logs,file:///workdir/hadoop-ozone/integration-test/target/log,UNAVAILABLE}
2019-10-16 05:42:00,144 [main] INFO  utils.BackgroundService (BackgroundService.java:shutdown(151)) - Shutting down service BlockDeletingService
2019-10-16 05:42:00,148 [main] INFO  statemachine.DatanodeStateMachine (DatanodeStateMachine.java:stopDaemon(395)) - Ozone container server stopped.
2019-10-16 05:42:00,149 [main] INFO  handler.ContextHandler (ContextHandler.java:doStop(910)) - Stopped o.e.j.w.WebAppContext@59696551{/,null,UNAVAILABLE}{/hddsDatanode}
2019-10-16 05:42:00,150 [main] INFO  server.AbstractConnector (AbstractConnector.java:doStop(318)) - Stopped ServerConnector@648d0e6d{HTTP/1.1,[http/1.1]}{0.0.0.0:0}
2019-10-16 05:42:00,150 [main] INFO  handler.ContextHandler (ContextHandler.java:doStop(910)) - Stopped o.e.j.s.ServletContextHandler@53311681{/static,jar:file:/home/user/.m2/repository/org/apache/hadoop/hadoop-hdds-container-service/0.5.0-SNAPSHOT/hadoop-hdds-container-service-0.5.0-SNAPSHOT.jar!/webapps/static,UNAVAILABLE}
2019-10-16 05:42:00,151 [main] INFO  handler.ContextHandler (ContextHandler.java:doStop(910)) - Stopped o.e.j.s.ServletContextHandler@79a04e5f{/logs,file:///workdir/hadoop-ozone/integration-test/target/log,UNAVAILABLE}
2019-10-16 05:42:01,012 [Datanode State Machine Thread - 0] INFO  statemachine.DatanodeStateMachine (DatanodeStateMachine.java:lambda$startDaemon$0(350)) - Ozone container server started.
2019-10-16 05:42:01,115 [Datanode State Machine Thread - 0] INFO  statemachine.DatanodeStateMachine (DatanodeStateMachine.java:lambda$startDaemon$0(350)) - Ozone container server started.
2019-10-16 05:42:01,125 [Thread-1437] INFO  impl.FollowerState (FollowerState.java:run(108)) - a85e69e5-760c-4b40-a424-fc77673779df@group-AFFE1363742F-FollowerState: change to CANDIDATE, lastRpcTime:1074ms, electionTimeout:1074ms
2019-10-16 05:42:01,125 [Thread-1437] INFO  impl.RoleInfo (RoleInfo.java:shutdownFollowerState(121)) - a85e69e5-760c-4b40-a424-fc77673779df: shutdown FollowerState
2019-10-16 05:42:01,125 [Thread-1437] INFO  impl.RaftServerImpl (RaftServerImpl.java:setRole(184)) - a85e69e5-760c-4b40-a424-fc77673779df@group-AFFE1363742F: changes role from  FOLLOWER to CANDIDATE at term 33 for changeToCandidate
2019-10-16 05:42:01,125 [Thread-1437] INFO  impl.RoleInfo (RoleInfo.java:updateAndGet(143)) - a85e69e5-760c-4b40-a424-fc77673779df: start LeaderElection
2019-10-16 05:42:01,152 [a85e69e5-760c-4b40-a424-fc77673779df@group-AFFE1363742F-LeaderElection56] INFO  impl.LeaderElection (LeaderElection.java:askForVotes(178)) - a85e69e5-760c-4b40-a424-fc77673779df@group-AFFE1363742F-LeaderElection56: begin an election at term 34 for 0: [163c5688-ede5-44ab-b3bd-c5a10f730980:192.168.69.104:45225, a85e69e5-760c-4b40-a424-fc77673779df:192.168.69.104:37941, 73edb6ac-4c26-463f-ad6d-00f88e6dbd58:192.168.69.104:35488], old=null
2019-10-16 05:42:01,154 [a85e69e5-760c-4b40-a424-fc77673779df@group-AFFE1363742F-LeaderElection56] INFO  impl.LeaderElection (LogUtils.java:infoOrTrace(149)) - a85e69e5-760c-4b40-a424-fc77673779df@group-AFFE1363742F-LeaderElection56 got exception when requesting votes: {}
java.util.concurrent.ExecutionException: org.apache.ratis.thirdparty.io.grpc.StatusRuntimeException: UNAVAILABLE: io exception
	at java.util.concurrent.FutureTask.report(FutureTask.java:122)
	at java.util.concurrent.FutureTask.get(FutureTask.java:192)
	at org.apache.ratis.server.impl.LeaderElection.waitForResults(LeaderElection.java:259)
	at org.apache.ratis.server.impl.LeaderElection.askForVotes(LeaderElection.java:197)
	at org.apache.ratis.server.impl.LeaderElection.run(LeaderElection.java:133)
	at java.lang.Thread.run(Thread.java:748)
Caused by: org.apache.ratis.thirdparty.io.grpc.StatusRuntimeException: UNAVAILABLE: io exception
	at org.apache.ratis.thirdparty.io.grpc.stub.ClientCalls.toStatusRuntimeException(ClientCalls.java:233)
	at org.apache.ratis.thirdparty.io.grpc.stub.ClientCalls.getUnchecked(ClientCalls.java:214)
	at org.apache.ratis.thirdparty.io.grpc.stub.ClientCalls.blockingUnaryCall(ClientCalls.java:139)
	at org.apache.ratis.proto.grpc.RaftServerProtocolServiceGrpc$RaftServerProtocolServiceBlockingStub.requestVote(RaftServerProtocolServiceGrpc.java:265)
	at org.apache.ratis.grpc.server.GrpcServerProtocolClient.requestVote(GrpcServerProtocolClient.java:99)
	at org.apache.ratis.grpc.server.GrpcService.requestVote(GrpcService.java:204)
	at org.apache.ratis.server.impl.LeaderElection.lambda$submitRequests$1(LeaderElection.java:234)
	at java.util.concurrent.FutureTask.run(FutureTask.java:266)
	at java.util.concurrent.Executors$RunnableAdapter.call(Executors.java:511)
	at java.util.concurrent.FutureTask.run(FutureTask.java:266)
	at java.util.concurrent.ThreadPoolExecutor.runWorker(ThreadPoolExecutor.java:1149)
	at java.util.concurrent.ThreadPoolExecutor$Worker.run(ThreadPoolExecutor.java:624)
	... 1 more
Caused by: org.apache.ratis.thirdparty.io.netty.channel.AbstractChannel$AnnotatedConnectException: Connection refused: /192.168.69.104:45225
	at sun.nio.ch.SocketChannelImpl.checkConnect(Native Method)
	at sun.nio.ch.SocketChannelImpl.finishConnect(SocketChannelImpl.java:717)
	at org.apache.ratis.thirdparty.io.netty.channel.socket.nio.NioSocketChannel.doFinishConnect(NioSocketChannel.java:327)
	at org.apache.ratis.thirdparty.io.netty.channel.nio.AbstractNioChannel$AbstractNioUnsafe.finishConnect(AbstractNioChannel.java:340)
	at org.apache.ratis.thirdparty.io.netty.channel.nio.NioEventLoop.processSelectedKey(NioEventLoop.java:632)
	at org.apache.ratis.thirdparty.io.netty.channel.nio.NioEventLoop.processSelectedKeysOptimized(NioEventLoop.java:579)
	at org.apache.ratis.thirdparty.io.netty.channel.nio.NioEventLoop.processSelectedKeys(NioEventLoop.java:496)
	at org.apache.ratis.thirdparty.io.netty.channel.nio.NioEventLoop.run(NioEventLoop.java:458)
	at org.apache.ratis.thirdparty.io.netty.util.concurrent.SingleThreadEventExecutor$5.run(SingleThreadEventExecutor.java:897)
	at org.apache.ratis.thirdparty.io.netty.util.concurrent.FastThreadLocalRunnable.run(FastThreadLocalRunnable.java:30)
	... 1 more
Caused by: java.net.ConnectException: Connection refused
	... 11 more
2019-10-16 05:42:01,154 [a85e69e5-760c-4b40-a424-fc77673779df@group-AFFE1363742F-LeaderElection56] INFO  impl.LeaderElection (LogUtils.java:infoOrTrace(149)) - a85e69e5-760c-4b40-a424-fc77673779df@group-AFFE1363742F-LeaderElection56 got exception when requesting votes: {}
java.util.concurrent.ExecutionException: org.apache.ratis.thirdparty.io.grpc.StatusRuntimeException: UNAVAILABLE: io exception
	at java.util.concurrent.FutureTask.report(FutureTask.java:122)
	at java.util.concurrent.FutureTask.get(FutureTask.java:192)
	at org.apache.ratis.server.impl.LeaderElection.waitForResults(LeaderElection.java:259)
	at org.apache.ratis.server.impl.LeaderElection.askForVotes(LeaderElection.java:197)
	at org.apache.ratis.server.impl.LeaderElection.run(LeaderElection.java:133)
	at java.lang.Thread.run(Thread.java:748)
Caused by: org.apache.ratis.thirdparty.io.grpc.StatusRuntimeException: UNAVAILABLE: io exception
	at org.apache.ratis.thirdparty.io.grpc.stub.ClientCalls.toStatusRuntimeException(ClientCalls.java:233)
	at org.apache.ratis.thirdparty.io.grpc.stub.ClientCalls.getUnchecked(ClientCalls.java:214)
	at org.apache.ratis.thirdparty.io.grpc.stub.ClientCalls.blockingUnaryCall(ClientCalls.java:139)
	at org.apache.ratis.proto.grpc.RaftServerProtocolServiceGrpc$RaftServerProtocolServiceBlockingStub.requestVote(RaftServerProtocolServiceGrpc.java:265)
	at org.apache.ratis.grpc.server.GrpcServerProtocolClient.requestVote(GrpcServerProtocolClient.java:99)
	at org.apache.ratis.grpc.server.GrpcService.requestVote(GrpcService.java:204)
	at org.apache.ratis.server.impl.LeaderElection.lambda$submitRequests$1(LeaderElection.java:234)
	at java.util.concurrent.FutureTask.run(FutureTask.java:266)
	at java.util.concurrent.Executors$RunnableAdapter.call(Executors.java:511)
	at java.util.concurrent.FutureTask.run(FutureTask.java:266)
	at java.util.concurrent.ThreadPoolExecutor.runWorker(ThreadPoolExecutor.java:1149)
	at java.util.concurrent.ThreadPoolExecutor$Worker.run(ThreadPoolExecutor.java:624)
	... 1 more
Caused by: org.apache.ratis.thirdparty.io.netty.channel.AbstractChannel$AnnotatedConnectException: Connection refused: /192.168.69.104:35488
	at sun.nio.ch.SocketChannelImpl.checkConnect(Native Method)
	at sun.nio.ch.SocketChannelImpl.finishConnect(SocketChannelImpl.java:717)
	at org.apache.ratis.thirdparty.io.netty.channel.socket.nio.NioSocketChannel.doFinishConnect(NioSocketChannel.java:327)
	at org.apache.ratis.thirdparty.io.netty.channel.nio.AbstractNioChannel$AbstractNioUnsafe.finishConnect(AbstractNioChannel.java:340)
	at org.apache.ratis.thirdparty.io.netty.channel.nio.NioEventLoop.processSelectedKey(NioEventLoop.java:632)
	at org.apache.ratis.thirdparty.io.netty.channel.nio.NioEventLoop.processSelectedKeysOptimized(NioEventLoop.java:579)
	at org.apache.ratis.thirdparty.io.netty.channel.nio.NioEventLoop.processSelectedKeys(NioEventLoop.java:496)
	at org.apache.ratis.thirdparty.io.netty.channel.nio.NioEventLoop.run(NioEventLoop.java:458)
	at org.apache.ratis.thirdparty.io.netty.util.concurrent.SingleThreadEventExecutor$5.run(SingleThreadEventExecutor.java:897)
	at org.apache.ratis.thirdparty.io.netty.util.concurrent.FastThreadLocalRunnable.run(FastThreadLocalRunnable.java:30)
	... 1 more
Caused by: java.net.ConnectException: Connection refused
	... 11 more
2019-10-16 05:42:01,155 [a85e69e5-760c-4b40-a424-fc77673779df@group-AFFE1363742F-LeaderElection56] INFO  impl.LeaderElection (LeaderElection.java:logAndReturn(56)) - a85e69e5-760c-4b40-a424-fc77673779df@group-AFFE1363742F-LeaderElection56: Election REJECTED; received 0 response(s) [] and 2 exception(s); a85e69e5-760c-4b40-a424-fc77673779df@group-AFFE1363742F:t34, leader=null, voted=a85e69e5-760c-4b40-a424-fc77673779df, raftlog=a85e69e5-760c-4b40-a424-fc77673779df@group-AFFE1363742F-SegmentedRaftLog:OPENED:c28,f28,i28, conf=0: [163c5688-ede5-44ab-b3bd-c5a10f730980:192.168.69.104:45225, a85e69e5-760c-4b40-a424-fc77673779df:192.168.69.104:37941, 73edb6ac-4c26-463f-ad6d-00f88e6dbd58:192.168.69.104:35488], old=null
2019-10-16 05:42:01,155 [a85e69e5-760c-4b40-a424-fc77673779df@group-AFFE1363742F-LeaderElection56] INFO  impl.LeaderElection (LogUtils.java:infoOrTrace(149)) -   Exception 0: {}
java.util.concurrent.ExecutionException: org.apache.ratis.thirdparty.io.grpc.StatusRuntimeException: UNAVAILABLE: io exception
	at java.util.concurrent.FutureTask.report(FutureTask.java:122)
	at java.util.concurrent.FutureTask.get(FutureTask.java:192)
	at org.apache.ratis.server.impl.LeaderElection.waitForResults(LeaderElection.java:259)
	at org.apache.ratis.server.impl.LeaderElection.askForVotes(LeaderElection.java:197)
	at org.apache.ratis.server.impl.LeaderElection.run(LeaderElection.java:133)
	at java.lang.Thread.run(Thread.java:748)
Caused by: org.apache.ratis.thirdparty.io.grpc.StatusRuntimeException: UNAVAILABLE: io exception
	at org.apache.ratis.thirdparty.io.grpc.stub.ClientCalls.toStatusRuntimeException(ClientCalls.java:233)
	at org.apache.ratis.thirdparty.io.grpc.stub.ClientCalls.getUnchecked(ClientCalls.java:214)
	at org.apache.ratis.thirdparty.io.grpc.stub.ClientCalls.blockingUnaryCall(ClientCalls.java:139)
	at org.apache.ratis.proto.grpc.RaftServerProtocolServiceGrpc$RaftServerProtocolServiceBlockingStub.requestVote(RaftServerProtocolServiceGrpc.java:265)
	at org.apache.ratis.grpc.server.GrpcServerProtocolClient.requestVote(GrpcServerProtocolClient.java:99)
	at org.apache.ratis.grpc.server.GrpcService.requestVote(GrpcService.java:204)
	at org.apache.ratis.server.impl.LeaderElection.lambda$submitRequests$1(LeaderElection.java:234)
	at java.util.concurrent.FutureTask.run(FutureTask.java:266)
	at java.util.concurrent.Executors$RunnableAdapter.call(Executors.java:511)
	at java.util.concurrent.FutureTask.run(FutureTask.java:266)
	at java.util.concurrent.ThreadPoolExecutor.runWorker(ThreadPoolExecutor.java:1149)
	at java.util.concurrent.ThreadPoolExecutor$Worker.run(ThreadPoolExecutor.java:624)
	... 1 more
Caused by: org.apache.ratis.thirdparty.io.netty.channel.AbstractChannel$AnnotatedConnectException: Connection refused: /192.168.69.104:45225
	at sun.nio.ch.SocketChannelImpl.checkConnect(Native Method)
	at sun.nio.ch.SocketChannelImpl.finishConnect(SocketChannelImpl.java:717)
	at org.apache.ratis.thirdparty.io.netty.channel.socket.nio.NioSocketChannel.doFinishConnect(NioSocketChannel.java:327)
	at org.apache.ratis.thirdparty.io.netty.channel.nio.AbstractNioChannel$AbstractNioUnsafe.finishConnect(AbstractNioChannel.java:340)
	at org.apache.ratis.thirdparty.io.netty.channel.nio.NioEventLoop.processSelectedKey(NioEventLoop.java:632)
	at org.apache.ratis.thirdparty.io.netty.channel.nio.NioEventLoop.processSelectedKeysOptimized(NioEventLoop.java:579)
	at org.apache.ratis.thirdparty.io.netty.channel.nio.NioEventLoop.processSelectedKeys(NioEventLoop.java:496)
	at org.apache.ratis.thirdparty.io.netty.channel.nio.NioEventLoop.run(NioEventLoop.java:458)
	at org.apache.ratis.thirdparty.io.netty.util.concurrent.SingleThreadEventExecutor$5.run(SingleThreadEventExecutor.java:897)
	at org.apache.ratis.thirdparty.io.netty.util.concurrent.FastThreadLocalRunnable.run(FastThreadLocalRunnable.java:30)
	... 1 more
Caused by: java.net.ConnectException: Connection refused
	... 11 more
2019-10-16 05:42:01,155 [a85e69e5-760c-4b40-a424-fc77673779df@group-AFFE1363742F-LeaderElection56] INFO  impl.LeaderElection (LogUtils.java:infoOrTrace(149)) -   Exception 1: {}
java.util.concurrent.ExecutionException: org.apache.ratis.thirdparty.io.grpc.StatusRuntimeException: UNAVAILABLE: io exception
	at java.util.concurrent.FutureTask.report(FutureTask.java:122)
	at java.util.concurrent.FutureTask.get(FutureTask.java:192)
	at org.apache.ratis.server.impl.LeaderElection.waitForResults(LeaderElection.java:259)
	at org.apache.ratis.server.impl.LeaderElection.askForVotes(LeaderElection.java:197)
	at org.apache.ratis.server.impl.LeaderElection.run(LeaderElection.java:133)
	at java.lang.Thread.run(Thread.java:748)
Caused by: org.apache.ratis.thirdparty.io.grpc.StatusRuntimeException: UNAVAILABLE: io exception
	at org.apache.ratis.thirdparty.io.grpc.stub.ClientCalls.toStatusRuntimeException(ClientCalls.java:233)
	at org.apache.ratis.thirdparty.io.grpc.stub.ClientCalls.getUnchecked(ClientCalls.java:214)
	at org.apache.ratis.thirdparty.io.grpc.stub.ClientCalls.blockingUnaryCall(ClientCalls.java:139)
	at org.apache.ratis.proto.grpc.RaftServerProtocolServiceGrpc$RaftServerProtocolServiceBlockingStub.requestVote(RaftServerProtocolServiceGrpc.java:265)
	at org.apache.ratis.grpc.server.GrpcServerProtocolClient.requestVote(GrpcServerProtocolClient.java:99)
	at org.apache.ratis.grpc.server.GrpcService.requestVote(GrpcService.java:204)
	at org.apache.ratis.server.impl.LeaderElection.lambda$submitRequests$1(LeaderElection.java:234)
	at java.util.concurrent.FutureTask.run(FutureTask.java:266)
	at java.util.concurrent.Executors$RunnableAdapter.call(Executors.java:511)
	at java.util.concurrent.FutureTask.run(FutureTask.java:266)
	at java.util.concurrent.ThreadPoolExecutor.runWorker(ThreadPoolExecutor.java:1149)
	at java.util.concurrent.ThreadPoolExecutor$Worker.run(ThreadPoolExecutor.java:624)
	... 1 more
Caused by: org.apache.ratis.thirdparty.io.netty.channel.AbstractChannel$AnnotatedConnectException: Connection refused: /192.168.69.104:35488
	at sun.nio.ch.SocketChannelImpl.checkConnect(Native Method)
	at sun.nio.ch.SocketChannelImpl.finishConnect(SocketChannelImpl.java:717)
	at org.apache.ratis.thirdparty.io.netty.channel.socket.nio.NioSocketChannel.doFinishConnect(NioSocketChannel.java:327)
	at org.apache.ratis.thirdparty.io.netty.channel.nio.AbstractNioChannel$AbstractNioUnsafe.finishConnect(AbstractNioChannel.java:340)
	at org.apache.ratis.thirdparty.io.netty.channel.nio.NioEventLoop.processSelectedKey(NioEventLoop.java:632)
	at org.apache.ratis.thirdparty.io.netty.channel.nio.NioEventLoop.processSelectedKeysOptimized(NioEventLoop.java:579)
	at org.apache.ratis.thirdparty.io.netty.channel.nio.NioEventLoop.processSelectedKeys(NioEventLoop.java:496)
	at org.apache.ratis.thirdparty.io.netty.channel.nio.NioEventLoop.run(NioEventLoop.java:458)
	at org.apache.ratis.thirdparty.io.netty.util.concurrent.SingleThreadEventExecutor$5.run(SingleThreadEventExecutor.java:897)
	at org.apache.ratis.thirdparty.io.netty.util.concurrent.FastThreadLocalRunnable.run(FastThreadLocalRunnable.java:30)
	... 1 more
Caused by: java.net.ConnectException: Connection refused
	... 11 more
2019-10-16 05:42:01,156 [a85e69e5-760c-4b40-a424-fc77673779df@group-AFFE1363742F-LeaderElection56] INFO  impl.RaftServerImpl (RaftServerImpl.java:setRole(184)) - a85e69e5-760c-4b40-a424-fc77673779df@group-AFFE1363742F: changes role from CANDIDATE to FOLLOWER at term 34 for DISCOVERED_A_NEW_TERM
2019-10-16 05:42:01,156 [a85e69e5-760c-4b40-a424-fc77673779df@group-AFFE1363742F-LeaderElection56] INFO  impl.RoleInfo (RoleInfo.java:shutdownLeaderElection(134)) - a85e69e5-760c-4b40-a424-fc77673779df: shutdown LeaderElection
2019-10-16 05:42:01,156 [a85e69e5-760c-4b40-a424-fc77673779df@group-AFFE1363742F-LeaderElection56] INFO  impl.RoleInfo (RoleInfo.java:updateAndGet(143)) - a85e69e5-760c-4b40-a424-fc77673779df: start FollowerState
2019-10-16 05:42:01,372 [Thread-500] INFO  impl.FollowerState (FollowerState.java:run(108)) - a92c0124-0b6b-4eab-8828-4a4218b90be6@group-FD3ACD3F2F2D-FollowerState: change to CANDIDATE, lastRpcTime:1731ms, electionTimeout:1103ms
2019-10-16 05:42:01,372 [Thread-500] INFO  impl.RoleInfo (RoleInfo.java:shutdownFollowerState(121)) - a92c0124-0b6b-4eab-8828-4a4218b90be6: shutdown FollowerState
2019-10-16 05:42:01,372 [Thread-500] INFO  impl.RaftServerImpl (RaftServerImpl.java:setRole(184)) - a92c0124-0b6b-4eab-8828-4a4218b90be6@group-FD3ACD3F2F2D: changes role from  FOLLOWER to CANDIDATE at term 6 for changeToCandidate
2019-10-16 05:42:01,372 [Thread-500] INFO  impl.RoleInfo (RoleInfo.java:updateAndGet(143)) - a92c0124-0b6b-4eab-8828-4a4218b90be6: start LeaderElection
2019-10-16 05:42:01,373 [a92c0124-0b6b-4eab-8828-4a4218b90be6@group-FD3ACD3F2F2D-LeaderElection57] INFO  impl.RaftServerImpl (ServerState.java:setLeader(256)) - a92c0124-0b6b-4eab-8828-4a4218b90be6@group-FD3ACD3F2F2D: change Leader from 8fe94103-1ee8-4728-abac-39da8dc74e05 to null at term 6 for initElection
2019-10-16 05:42:01,386 [a92c0124-0b6b-4eab-8828-4a4218b90be6@group-FD3ACD3F2F2D-LeaderElection57] INFO  impl.LeaderElection (LeaderElection.java:askForVotes(178)) - a92c0124-0b6b-4eab-8828-4a4218b90be6@group-FD3ACD3F2F2D-LeaderElection57: begin an election at term 7 for 0: [f1a365c1-fe59-4a48-93c2-eb51ec4ae0f7:192.168.69.104:43934, a92c0124-0b6b-4eab-8828-4a4218b90be6:192.168.69.104:41501, 8fe94103-1ee8-4728-abac-39da8dc74e05:192.168.69.104:44899], old=null
2019-10-16 05:42:01,390 [a92c0124-0b6b-4eab-8828-4a4218b90be6@group-FD3ACD3F2F2D-LeaderElection57] INFO  impl.LeaderElection (LogUtils.java:infoOrTrace(149)) - a92c0124-0b6b-4eab-8828-4a4218b90be6@group-FD3ACD3F2F2D-LeaderElection57 got exception when requesting votes: {}
java.util.concurrent.ExecutionException: org.apache.ratis.thirdparty.io.grpc.StatusRuntimeException: UNAVAILABLE: io exception
	at java.util.concurrent.FutureTask.report(FutureTask.java:122)
	at java.util.concurrent.FutureTask.get(FutureTask.java:192)
	at org.apache.ratis.server.impl.LeaderElection.waitForResults(LeaderElection.java:259)
	at org.apache.ratis.server.impl.LeaderElection.askForVotes(LeaderElection.java:197)
	at org.apache.ratis.server.impl.LeaderElection.run(LeaderElection.java:133)
	at java.lang.Thread.run(Thread.java:748)
Caused by: org.apache.ratis.thirdparty.io.grpc.StatusRuntimeException: UNAVAILABLE: io exception
	at org.apache.ratis.thirdparty.io.grpc.stub.ClientCalls.toStatusRuntimeException(ClientCalls.java:233)
	at org.apache.ratis.thirdparty.io.grpc.stub.ClientCalls.getUnchecked(ClientCalls.java:214)
	at org.apache.ratis.thirdparty.io.grpc.stub.ClientCalls.blockingUnaryCall(ClientCalls.java:139)
	at org.apache.ratis.proto.grpc.RaftServerProtocolServiceGrpc$RaftServerProtocolServiceBlockingStub.requestVote(RaftServerProtocolServiceGrpc.java:265)
	at org.apache.ratis.grpc.server.GrpcServerProtocolClient.requestVote(GrpcServerProtocolClient.java:99)
	at org.apache.ratis.grpc.server.GrpcService.requestVote(GrpcService.java:204)
	at org.apache.ratis.server.impl.LeaderElection.lambda$submitRequests$1(LeaderElection.java:234)
	at java.util.concurrent.FutureTask.run(FutureTask.java:266)
	at java.util.concurrent.Executors$RunnableAdapter.call(Executors.java:511)
	at java.util.concurrent.FutureTask.run(FutureTask.java:266)
	at java.util.concurrent.ThreadPoolExecutor.runWorker(ThreadPoolExecutor.java:1149)
	at java.util.concurrent.ThreadPoolExecutor$Worker.run(ThreadPoolExecutor.java:624)
	... 1 more
Caused by: org.apache.ratis.thirdparty.io.netty.channel.AbstractChannel$AnnotatedConnectException: Connection refused: /192.168.69.104:44899
	at sun.nio.ch.SocketChannelImpl.checkConnect(Native Method)
	at sun.nio.ch.SocketChannelImpl.finishConnect(SocketChannelImpl.java:717)
	at org.apache.ratis.thirdparty.io.netty.channel.socket.nio.NioSocketChannel.doFinishConnect(NioSocketChannel.java:327)
	at org.apache.ratis.thirdparty.io.netty.channel.nio.AbstractNioChannel$AbstractNioUnsafe.finishConnect(AbstractNioChannel.java:340)
	at org.apache.ratis.thirdparty.io.netty.channel.nio.NioEventLoop.processSelectedKey(NioEventLoop.java:632)
	at org.apache.ratis.thirdparty.io.netty.channel.nio.NioEventLoop.processSelectedKeysOptimized(NioEventLoop.java:579)
	at org.apache.ratis.thirdparty.io.netty.channel.nio.NioEventLoop.processSelectedKeys(NioEventLoop.java:496)
	at org.apache.ratis.thirdparty.io.netty.channel.nio.NioEventLoop.run(NioEventLoop.java:458)
	at org.apache.ratis.thirdparty.io.netty.util.concurrent.SingleThreadEventExecutor$5.run(SingleThreadEventExecutor.java:897)
	at org.apache.ratis.thirdparty.io.netty.util.concurrent.FastThreadLocalRunnable.run(FastThreadLocalRunnable.java:30)
	... 1 more
Caused by: java.net.ConnectException: Connection refused
	... 11 more
2019-10-16 05:42:01,391 [grpc-default-executor-10] INFO  impl.RaftServerImpl (ServerState.java:setLeader(256)) - f1a365c1-fe59-4a48-93c2-eb51ec4ae0f7@group-FD3ACD3F2F2D: change Leader from 8fe94103-1ee8-4728-abac-39da8dc74e05 to null at term 7 for updateCurrentTerm
2019-10-16 05:42:01,392 [grpc-default-executor-10] INFO  impl.RaftServerImpl (RaftServerImpl.java:setRole(184)) - f1a365c1-fe59-4a48-93c2-eb51ec4ae0f7@group-FD3ACD3F2F2D: changes role from  FOLLOWER to FOLLOWER at term 7 for recognizeCandidate:a92c0124-0b6b-4eab-8828-4a4218b90be6
2019-10-16 05:42:01,392 [grpc-default-executor-10] INFO  impl.RoleInfo (RoleInfo.java:shutdownFollowerState(121)) - f1a365c1-fe59-4a48-93c2-eb51ec4ae0f7: shutdown FollowerState
2019-10-16 05:42:01,392 [grpc-default-executor-10] INFO  impl.RoleInfo (RoleInfo.java:updateAndGet(143)) - f1a365c1-fe59-4a48-93c2-eb51ec4ae0f7: start FollowerState
2019-10-16 05:42:01,392 [Thread-508] INFO  impl.FollowerState (FollowerState.java:run(117)) - f1a365c1-fe59-4a48-93c2-eb51ec4ae0f7@group-FD3ACD3F2F2D-FollowerState was interrupted: java.lang.InterruptedException: sleep interrupted
2019-10-16 05:42:01,406 [a92c0124-0b6b-4eab-8828-4a4218b90be6@group-FD3ACD3F2F2D-LeaderElection57] INFO  impl.LeaderElection (LeaderElection.java:logAndReturn(56)) - a92c0124-0b6b-4eab-8828-4a4218b90be6@group-FD3ACD3F2F2D-LeaderElection57: Election PASSED; received 1 response(s) [a92c0124-0b6b-4eab-8828-4a4218b90be6<-f1a365c1-fe59-4a48-93c2-eb51ec4ae0f7#0:OK-t7] and 1 exception(s); a92c0124-0b6b-4eab-8828-4a4218b90be6@group-FD3ACD3F2F2D:t7, leader=null, voted=a92c0124-0b6b-4eab-8828-4a4218b90be6, raftlog=a92c0124-0b6b-4eab-8828-4a4218b90be6@group-FD3ACD3F2F2D-SegmentedRaftLog:OPENED:c36,f36,i36, conf=0: [f1a365c1-fe59-4a48-93c2-eb51ec4ae0f7:192.168.69.104:43934, a92c0124-0b6b-4eab-8828-4a4218b90be6:192.168.69.104:41501, 8fe94103-1ee8-4728-abac-39da8dc74e05:192.168.69.104:44899], old=null
2019-10-16 05:42:01,407 [a92c0124-0b6b-4eab-8828-4a4218b90be6@group-FD3ACD3F2F2D-LeaderElection57] INFO  impl.LeaderElection (LogUtils.java:infoOrTrace(149)) -   Exception 0: {}
java.util.concurrent.ExecutionException: org.apache.ratis.thirdparty.io.grpc.StatusRuntimeException: UNAVAILABLE: io exception
	at java.util.concurrent.FutureTask.report(FutureTask.java:122)
	at java.util.concurrent.FutureTask.get(FutureTask.java:192)
	at org.apache.ratis.server.impl.LeaderElection.waitForResults(LeaderElection.java:259)
	at org.apache.ratis.server.impl.LeaderElection.askForVotes(LeaderElection.java:197)
	at org.apache.ratis.server.impl.LeaderElection.run(LeaderElection.java:133)
	at java.lang.Thread.run(Thread.java:748)
Caused by: org.apache.ratis.thirdparty.io.grpc.StatusRuntimeException: UNAVAILABLE: io exception
	at org.apache.ratis.thirdparty.io.grpc.stub.ClientCalls.toStatusRuntimeException(ClientCalls.java:233)
	at org.apache.ratis.thirdparty.io.grpc.stub.ClientCalls.getUnchecked(ClientCalls.java:214)
	at org.apache.ratis.thirdparty.io.grpc.stub.ClientCalls.blockingUnaryCall(ClientCalls.java:139)
	at org.apache.ratis.proto.grpc.RaftServerProtocolServiceGrpc$RaftServerProtocolServiceBlockingStub.requestVote(RaftServerProtocolServiceGrpc.java:265)
	at org.apache.ratis.grpc.server.GrpcServerProtocolClient.requestVote(GrpcServerProtocolClient.java:99)
	at org.apache.ratis.grpc.server.GrpcService.requestVote(GrpcService.java:204)
	at org.apache.ratis.server.impl.LeaderElection.lambda$submitRequests$1(LeaderElection.java:234)
	at java.util.concurrent.FutureTask.run(FutureTask.java:266)
	at java.util.concurrent.Executors$RunnableAdapter.call(Executors.java:511)
	at java.util.concurrent.FutureTask.run(FutureTask.java:266)
	at java.util.concurrent.ThreadPoolExecutor.runWorker(ThreadPoolExecutor.java:1149)
	at java.util.concurrent.ThreadPoolExecutor$Worker.run(ThreadPoolExecutor.java:624)
	... 1 more
Caused by: org.apache.ratis.thirdparty.io.netty.channel.AbstractChannel$AnnotatedConnectException: Connection refused: /192.168.69.104:44899
	at sun.nio.ch.SocketChannelImpl.checkConnect(Native Method)
	at sun.nio.ch.SocketChannelImpl.finishConnect(SocketChannelImpl.java:717)
	at org.apache.ratis.thirdparty.io.netty.channel.socket.nio.NioSocketChannel.doFinishConnect(NioSocketChannel.java:327)
	at org.apache.ratis.thirdparty.io.netty.channel.nio.AbstractNioChannel$AbstractNioUnsafe.finishConnect(AbstractNioChannel.java:340)
	at org.apache.ratis.thirdparty.io.netty.channel.nio.NioEventLoop.processSelectedKey(NioEventLoop.java:632)
	at org.apache.ratis.thirdparty.io.netty.channel.nio.NioEventLoop.processSelectedKeysOptimized(NioEventLoop.java:579)
	at org.apache.ratis.thirdparty.io.netty.channel.nio.NioEventLoop.processSelectedKeys(NioEventLoop.java:496)
	at org.apache.ratis.thirdparty.io.netty.channel.nio.NioEventLoop.run(NioEventLoop.java:458)
	at org.apache.ratis.thirdparty.io.netty.util.concurrent.SingleThreadEventExecutor$5.run(SingleThreadEventExecutor.java:897)
	at org.apache.ratis.thirdparty.io.netty.util.concurrent.FastThreadLocalRunnable.run(FastThreadLocalRunnable.java:30)
	... 1 more
Caused by: java.net.ConnectException: Connection refused
	... 11 more
2019-10-16 05:42:01,407 [a92c0124-0b6b-4eab-8828-4a4218b90be6@group-FD3ACD3F2F2D-LeaderElection57] INFO  impl.RoleInfo (RoleInfo.java:shutdownLeaderElection(134)) - a92c0124-0b6b-4eab-8828-4a4218b90be6: shutdown LeaderElection
2019-10-16 05:42:01,407 [a92c0124-0b6b-4eab-8828-4a4218b90be6@group-FD3ACD3F2F2D-LeaderElection57] INFO  impl.RaftServerImpl (RaftServerImpl.java:setRole(184)) - a92c0124-0b6b-4eab-8828-4a4218b90be6@group-FD3ACD3F2F2D: changes role from CANDIDATE to LEADER at term 7 for changeToLeader
2019-10-16 05:42:01,407 [a92c0124-0b6b-4eab-8828-4a4218b90be6@group-FD3ACD3F2F2D-LeaderElection57] INFO  impl.RaftServerImpl (ServerState.java:setLeader(256)) - a92c0124-0b6b-4eab-8828-4a4218b90be6@group-FD3ACD3F2F2D: change Leader from null to a92c0124-0b6b-4eab-8828-4a4218b90be6 at term 7 for becomeLeader, leader elected after 34ms
2019-10-16 05:42:01,407 [a92c0124-0b6b-4eab-8828-4a4218b90be6@group-FD3ACD3F2F2D-LeaderElection57] INFO  server.RaftServerConfigKeys (ConfUtils.java:logGet(43)) - raft.server.staging.catchup.gap = 1000 (default)
2019-10-16 05:42:01,408 [a92c0124-0b6b-4eab-8828-4a4218b90be6@group-FD3ACD3F2F2D-LeaderElection57] INFO  server.RaftServerConfigKeys (ConfUtils.java:logGet(43)) - raft.server.rpc.sleep.time = 25ms (default)
2019-10-16 05:42:01,408 [a92c0124-0b6b-4eab-8828-4a4218b90be6@group-FD3ACD3F2F2D-LeaderElection57] INFO  server.RaftServerConfigKeys (ConfUtils.java:logGet(43)) - raft.server.write.element-limit = 4096 (default)
2019-10-16 05:42:01,408 [a92c0124-0b6b-4eab-8828-4a4218b90be6@group-FD3ACD3F2F2D-LeaderElection57] INFO  server.RaftServerConfigKeys (ConfUtils.java:logGet(43)) - raft.server.watch.timeout = 10s (default)
2019-10-16 05:42:01,408 [a92c0124-0b6b-4eab-8828-4a4218b90be6@group-FD3ACD3F2F2D-LeaderElection57] INFO  server.RaftServerConfigKeys (ConfUtils.java:logGet(43)) - raft.server.watch.timeout.denomination = 1s (default)
2019-10-16 05:42:01,408 [a92c0124-0b6b-4eab-8828-4a4218b90be6@group-FD3ACD3F2F2D-LeaderElection57] INFO  server.RaftServerConfigKeys (ConfUtils.java:logGet(43)) - raft.server.watch.element-limit = 65536 (default)
2019-10-16 05:42:01,409 [a92c0124-0b6b-4eab-8828-4a4218b90be6@group-FD3ACD3F2F2D-LeaderElection57] INFO  server.RaftServerConfigKeys (ConfUtils.java:logGet(43)) - raft.server.log.appender.snapshot.chunk.size.max = 16MB (=16777216) (default)
2019-10-16 05:42:01,409 [a92c0124-0b6b-4eab-8828-4a4218b90be6@group-FD3ACD3F2F2D-LeaderElection57] INFO  server.RaftServerConfigKeys (ConfUtils.java:logGet(43)) - raft.server.log.appender.buffer.byte-limit = 33554432 (custom)
2019-10-16 05:42:01,409 [a92c0124-0b6b-4eab-8828-4a4218b90be6@group-FD3ACD3F2F2D-LeaderElection57] INFO  server.RaftServerConfigKeys (ConfUtils.java:logGet(43)) - raft.server.log.appender.buffer.element-limit = 1 (custom)
2019-10-16 05:42:01,409 [a92c0124-0b6b-4eab-8828-4a4218b90be6@group-FD3ACD3F2F2D-LeaderElection57] INFO  grpc.GrpcConfigKeys$Server (ConfUtils.java:logGet(43)) - raft.grpc.server.leader.outstanding.appends.max = 128 (default)
2019-10-16 05:42:01,409 [a92c0124-0b6b-4eab-8828-4a4218b90be6@group-FD3ACD3F2F2D-LeaderElection57] INFO  server.RaftServerConfigKeys (ConfUtils.java:logGet(43)) - raft.server.rpc.request.timeout = 3000ms (default)
2019-10-16 05:42:01,410 [a92c0124-0b6b-4eab-8828-4a4218b90be6@group-FD3ACD3F2F2D-LeaderElection57] INFO  server.RaftServerConfigKeys (ConfUtils.java:logGet(43)) - raft.server.log.appender.install.snapshot.enabled = false (custom)
2019-10-16 05:42:01,413 [a92c0124-0b6b-4eab-8828-4a4218b90be6@group-FD3ACD3F2F2D-LeaderElection57] INFO  server.RaftServerConfigKeys (ConfUtils.java:logGet(43)) - raft.server.log.appender.snapshot.chunk.size.max = 16MB (=16777216) (default)
2019-10-16 05:42:01,413 [a92c0124-0b6b-4eab-8828-4a4218b90be6@group-FD3ACD3F2F2D-LeaderElection57] INFO  server.RaftServerConfigKeys (ConfUtils.java:logGet(43)) - raft.server.log.appender.buffer.byte-limit = 33554432 (custom)
2019-10-16 05:42:01,413 [a92c0124-0b6b-4eab-8828-4a4218b90be6@group-FD3ACD3F2F2D-LeaderElection57] INFO  server.RaftServerConfigKeys (ConfUtils.java:logGet(43)) - raft.server.log.appender.buffer.element-limit = 1 (custom)
2019-10-16 05:42:01,413 [a92c0124-0b6b-4eab-8828-4a4218b90be6@group-FD3ACD3F2F2D-LeaderElection57] INFO  grpc.GrpcConfigKeys$Server (ConfUtils.java:logGet(43)) - raft.grpc.server.leader.outstanding.appends.max = 128 (default)
2019-10-16 05:42:01,414 [a92c0124-0b6b-4eab-8828-4a4218b90be6@group-FD3ACD3F2F2D-LeaderElection57] INFO  server.RaftServerConfigKeys (ConfUtils.java:logGet(43)) - raft.server.rpc.request.timeout = 3000ms (default)
2019-10-16 05:42:01,414 [a92c0124-0b6b-4eab-8828-4a4218b90be6@group-FD3ACD3F2F2D-LeaderElection57] INFO  server.RaftServerConfigKeys (ConfUtils.java:logGet(43)) - raft.server.log.appender.install.snapshot.enabled = false (custom)
2019-10-16 05:42:01,416 [a92c0124-0b6b-4eab-8828-4a4218b90be6@group-FD3ACD3F2F2D-LeaderElection57] INFO  impl.RoleInfo (RoleInfo.java:updateAndGet(143)) - a92c0124-0b6b-4eab-8828-4a4218b90be6: start LeaderState
2019-10-16 05:42:01,416 [a92c0124-0b6b-4eab-8828-4a4218b90be6@group-FD3ACD3F2F2D-LeaderElection57] INFO  segmented.SegmentedRaftLogWorker (SegmentedRaftLogWorker.java:rollLogSegment(390)) - a92c0124-0b6b-4eab-8828-4a4218b90be6@group-FD3ACD3F2F2D-SegmentedRaftLogWorker: Rolling segment log-0_36 to index:36
2019-10-16 05:42:01,418 [a92c0124-0b6b-4eab-8828-4a4218b90be6@group-FD3ACD3F2F2D-LeaderElection57] INFO  impl.RaftServerImpl (ServerState.java:setRaftConf(357)) - a92c0124-0b6b-4eab-8828-4a4218b90be6@group-FD3ACD3F2F2D: set configuration 37: [f1a365c1-fe59-4a48-93c2-eb51ec4ae0f7:192.168.69.104:43934, a92c0124-0b6b-4eab-8828-4a4218b90be6:192.168.69.104:41501, 8fe94103-1ee8-4728-abac-39da8dc74e05:192.168.69.104:44899], old=null at 37
2019-10-16 05:42:01,419 [grpc-default-executor-10] WARN  server.GrpcLogAppender (LogUtils.java:warn(134)) - a92c0124-0b6b-4eab-8828-4a4218b90be6@group-FD3ACD3F2F2D->8fe94103-1ee8-4728-abac-39da8dc74e05-AppendLogResponseHandler: Failed appendEntries: org.apache.ratis.thirdparty.io.grpc.StatusRuntimeException: UNAVAILABLE: io exception
2019-10-16 05:42:01,423 [a92c0124-0b6b-4eab-8828-4a4218b90be6@group-FD3ACD3F2F2D-SegmentedRaftLogWorker] INFO  segmented.SegmentedRaftLogWorker (SegmentedRaftLogWorker.java:execute(533)) - a92c0124-0b6b-4eab-8828-4a4218b90be6@group-FD3ACD3F2F2D-SegmentedRaftLogWorker: Rolled log segment from /workdir/hadoop-ozone/integration-test/target/test-dir/MiniOzoneClusterImpl-2ede335a-ebf0-4a23-bcb3-98605d830964/datanode-1/data/ratis/e1b70ff6-5c86-4e33-80e5-fd3acd3f2f2d/current/log_inprogress_0 to /workdir/hadoop-ozone/integration-test/target/test-dir/MiniOzoneClusterImpl-2ede335a-ebf0-4a23-bcb3-98605d830964/datanode-1/data/ratis/e1b70ff6-5c86-4e33-80e5-fd3acd3f2f2d/current/log_0-36
2019-10-16 05:42:01,423 [grpc-default-executor-7] INFO  impl.RaftServerImpl (ServerState.java:setLeader(256)) - f1a365c1-fe59-4a48-93c2-eb51ec4ae0f7@group-FD3ACD3F2F2D: change Leader from null to a92c0124-0b6b-4eab-8828-4a4218b90be6 at term 7 for appendEntries, leader elected after 31ms
2019-10-16 05:42:01,459 [grpc-default-executor-7] INFO  impl.RaftServerImpl (ServerState.java:setRaftConf(357)) - f1a365c1-fe59-4a48-93c2-eb51ec4ae0f7@group-FD3ACD3F2F2D: set configuration 37: [f1a365c1-fe59-4a48-93c2-eb51ec4ae0f7:192.168.69.104:43934, a92c0124-0b6b-4eab-8828-4a4218b90be6:192.168.69.104:41501, 8fe94103-1ee8-4728-abac-39da8dc74e05:192.168.69.104:44899], old=null at 37
2019-10-16 05:42:01,460 [grpc-default-executor-7] INFO  segmented.SegmentedRaftLogWorker (SegmentedRaftLogWorker.java:rollLogSegment(390)) - f1a365c1-fe59-4a48-93c2-eb51ec4ae0f7@group-FD3ACD3F2F2D-SegmentedRaftLogWorker: Rolling segment log-0_36 to index:36
2019-10-16 05:42:01,460 [f1a365c1-fe59-4a48-93c2-eb51ec4ae0f7@group-FD3ACD3F2F2D-SegmentedRaftLogWorker] INFO  segmented.SegmentedRaftLogWorker (SegmentedRaftLogWorker.java:execute(533)) - f1a365c1-fe59-4a48-93c2-eb51ec4ae0f7@group-FD3ACD3F2F2D-SegmentedRaftLogWorker: Rolled log segment from /workdir/hadoop-ozone/integration-test/target/test-dir/MiniOzoneClusterImpl-2ede335a-ebf0-4a23-bcb3-98605d830964/datanode-0/data/ratis/e1b70ff6-5c86-4e33-80e5-fd3acd3f2f2d/current/log_inprogress_0 to /workdir/hadoop-ozone/integration-test/target/test-dir/MiniOzoneClusterImpl-2ede335a-ebf0-4a23-bcb3-98605d830964/datanode-0/data/ratis/e1b70ff6-5c86-4e33-80e5-fd3acd3f2f2d/current/log_0-36
2019-10-16 05:42:01,470 [a92c0124-0b6b-4eab-8828-4a4218b90be6@group-FD3ACD3F2F2D-SegmentedRaftLogWorker] INFO  segmented.SegmentedRaftLogWorker (SegmentedRaftLogWorker.java:execute(576)) - a92c0124-0b6b-4eab-8828-4a4218b90be6@group-FD3ACD3F2F2D-SegmentedRaftLogWorker: created new log segment /workdir/hadoop-ozone/integration-test/target/test-dir/MiniOzoneClusterImpl-2ede335a-ebf0-4a23-bcb3-98605d830964/datanode-1/data/ratis/e1b70ff6-5c86-4e33-80e5-fd3acd3f2f2d/current/log_inprogress_37
2019-10-16 05:42:01,498 [f1a365c1-fe59-4a48-93c2-eb51ec4ae0f7@group-FD3ACD3F2F2D-SegmentedRaftLogWorker] INFO  segmented.SegmentedRaftLogWorker (SegmentedRaftLogWorker.java:execute(576)) - f1a365c1-fe59-4a48-93c2-eb51ec4ae0f7@group-FD3ACD3F2F2D-SegmentedRaftLogWorker: created new log segment /workdir/hadoop-ozone/integration-test/target/test-dir/MiniOzoneClusterImpl-2ede335a-ebf0-4a23-bcb3-98605d830964/datanode-0/data/ratis/e1b70ff6-5c86-4e33-80e5-fd3acd3f2f2d/current/log_inprogress_37
2019-10-16 05:42:02,217 [Thread-1441] INFO  impl.FollowerState (FollowerState.java:run(108)) - a85e69e5-760c-4b40-a424-fc77673779df@group-AFFE1363742F-FollowerState: change to CANDIDATE, lastRpcTime:1061ms, electionTimeout:1061ms
2019-10-16 05:42:02,218 [Thread-1441] INFO  impl.RoleInfo (RoleInfo.java:shutdownFollowerState(121)) - a85e69e5-760c-4b40-a424-fc77673779df: shutdown FollowerState
2019-10-16 05:42:02,218 [Thread-1441] INFO  impl.RaftServerImpl (RaftServerImpl.java:setRole(184)) - a85e69e5-760c-4b40-a424-fc77673779df@group-AFFE1363742F: changes role from  FOLLOWER to CANDIDATE at term 34 for changeToCandidate
2019-10-16 05:42:02,218 [Thread-1441] INFO  impl.RoleInfo (RoleInfo.java:updateAndGet(143)) - a85e69e5-760c-4b40-a424-fc77673779df: start LeaderElection
2019-10-16 05:42:02,231 [a85e69e5-760c-4b40-a424-fc77673779df@group-AFFE1363742F-LeaderElection58] INFO  impl.LeaderElection (LeaderElection.java:askForVotes(178)) - a85e69e5-760c-4b40-a424-fc77673779df@group-AFFE1363742F-LeaderElection58: begin an election at term 35 for 0: [163c5688-ede5-44ab-b3bd-c5a10f730980:192.168.69.104:45225, a85e69e5-760c-4b40-a424-fc77673779df:192.168.69.104:37941, 73edb6ac-4c26-463f-ad6d-00f88e6dbd58:192.168.69.104:35488], old=null
2019-10-16 05:42:02,233 [a85e69e5-760c-4b40-a424-fc77673779df@group-AFFE1363742F-LeaderElection58] INFO  impl.LeaderElection (LogUtils.java:infoOrTrace(149)) - a85e69e5-760c-4b40-a424-fc77673779df@group-AFFE1363742F-LeaderElection58 got exception when requesting votes: {}
java.util.concurrent.ExecutionException: org.apache.ratis.thirdparty.io.grpc.StatusRuntimeException: UNAVAILABLE: io exception
	at java.util.concurrent.FutureTask.report(FutureTask.java:122)
	at java.util.concurrent.FutureTask.get(FutureTask.java:192)
	at org.apache.ratis.server.impl.LeaderElection.waitForResults(LeaderElection.java:259)
	at org.apache.ratis.server.impl.LeaderElection.askForVotes(LeaderElection.java:197)
	at org.apache.ratis.server.impl.LeaderElection.run(LeaderElection.java:133)
	at java.lang.Thread.run(Thread.java:748)
Caused by: org.apache.ratis.thirdparty.io.grpc.StatusRuntimeException: UNAVAILABLE: io exception
	at org.apache.ratis.thirdparty.io.grpc.stub.ClientCalls.toStatusRuntimeException(ClientCalls.java:233)
	at org.apache.ratis.thirdparty.io.grpc.stub.ClientCalls.getUnchecked(ClientCalls.java:214)
	at org.apache.ratis.thirdparty.io.grpc.stub.ClientCalls.blockingUnaryCall(ClientCalls.java:139)
	at org.apache.ratis.proto.grpc.RaftServerProtocolServiceGrpc$RaftServerProtocolServiceBlockingStub.requestVote(RaftServerProtocolServiceGrpc.java:265)
	at org.apache.ratis.grpc.server.GrpcServerProtocolClient.requestVote(GrpcServerProtocolClient.java:99)
	at org.apache.ratis.grpc.server.GrpcService.requestVote(GrpcService.java:204)
	at org.apache.ratis.server.impl.LeaderElection.lambda$submitRequests$1(LeaderElection.java:234)
	at java.util.concurrent.FutureTask.run(FutureTask.java:266)
	at java.util.concurrent.Executors$RunnableAdapter.call(Executors.java:511)
	at java.util.concurrent.FutureTask.run(FutureTask.java:266)
	at java.util.concurrent.ThreadPoolExecutor.runWorker(ThreadPoolExecutor.java:1149)
	at java.util.concurrent.ThreadPoolExecutor$Worker.run(ThreadPoolExecutor.java:624)
	... 1 more
Caused by: org.apache.ratis.thirdparty.io.netty.channel.AbstractChannel$AnnotatedConnectException: Connection refused: /192.168.69.104:35488
	at sun.nio.ch.SocketChannelImpl.checkConnect(Native Method)
	at sun.nio.ch.SocketChannelImpl.finishConnect(SocketChannelImpl.java:717)
	at org.apache.ratis.thirdparty.io.netty.channel.socket.nio.NioSocketChannel.doFinishConnect(NioSocketChannel.java:327)
	at org.apache.ratis.thirdparty.io.netty.channel.nio.AbstractNioChannel$AbstractNioUnsafe.finishConnect(AbstractNioChannel.java:340)
	at org.apache.ratis.thirdparty.io.netty.channel.nio.NioEventLoop.processSelectedKey(NioEventLoop.java:632)
	at org.apache.ratis.thirdparty.io.netty.channel.nio.NioEventLoop.processSelectedKeysOptimized(NioEventLoop.java:579)
	at org.apache.ratis.thirdparty.io.netty.channel.nio.NioEventLoop.processSelectedKeys(NioEventLoop.java:496)
	at org.apache.ratis.thirdparty.io.netty.channel.nio.NioEventLoop.run(NioEventLoop.java:458)
	at org.apache.ratis.thirdparty.io.netty.util.concurrent.SingleThreadEventExecutor$5.run(SingleThreadEventExecutor.java:897)
	at org.apache.ratis.thirdparty.io.netty.util.concurrent.FastThreadLocalRunnable.run(FastThreadLocalRunnable.java:30)
	... 1 more
Caused by: java.net.ConnectException: Connection refused
	... 11 more
2019-10-16 05:42:02,233 [a85e69e5-760c-4b40-a424-fc77673779df@group-AFFE1363742F-LeaderElection58] INFO  impl.LeaderElection (LogUtils.java:infoOrTrace(149)) - a85e69e5-760c-4b40-a424-fc77673779df@group-AFFE1363742F-LeaderElection58 got exception when requesting votes: {}
java.util.concurrent.ExecutionException: org.apache.ratis.thirdparty.io.grpc.StatusRuntimeException: UNAVAILABLE: io exception
	at java.util.concurrent.FutureTask.report(FutureTask.java:122)
	at java.util.concurrent.FutureTask.get(FutureTask.java:192)
	at org.apache.ratis.server.impl.LeaderElection.waitForResults(LeaderElection.java:259)
	at org.apache.ratis.server.impl.LeaderElection.askForVotes(LeaderElection.java:197)
	at org.apache.ratis.server.impl.LeaderElection.run(LeaderElection.java:133)
	at java.lang.Thread.run(Thread.java:748)
Caused by: org.apache.ratis.thirdparty.io.grpc.StatusRuntimeException: UNAVAILABLE: io exception
	at org.apache.ratis.thirdparty.io.grpc.stub.ClientCalls.toStatusRuntimeException(ClientCalls.java:233)
	at org.apache.ratis.thirdparty.io.grpc.stub.ClientCalls.getUnchecked(ClientCalls.java:214)
	at org.apache.ratis.thirdparty.io.grpc.stub.ClientCalls.blockingUnaryCall(ClientCalls.java:139)
	at org.apache.ratis.proto.grpc.RaftServerProtocolServiceGrpc$RaftServerProtocolServiceBlockingStub.requestVote(RaftServerProtocolServiceGrpc.java:265)
	at org.apache.ratis.grpc.server.GrpcServerProtocolClient.requestVote(GrpcServerProtocolClient.java:99)
	at org.apache.ratis.grpc.server.GrpcService.requestVote(GrpcService.java:204)
	at org.apache.ratis.server.impl.LeaderElection.lambda$submitRequests$1(LeaderElection.java:234)
	at java.util.concurrent.FutureTask.run(FutureTask.java:266)
	at java.util.concurrent.Executors$RunnableAdapter.call(Executors.java:511)
	at java.util.concurrent.FutureTask.run(FutureTask.java:266)
	at java.util.concurrent.ThreadPoolExecutor.runWorker(ThreadPoolExecutor.java:1149)
	at java.util.concurrent.ThreadPoolExecutor$Worker.run(ThreadPoolExecutor.java:624)
	... 1 more
Caused by: org.apache.ratis.thirdparty.io.netty.channel.AbstractChannel$AnnotatedConnectException: Connection refused: /192.168.69.104:45225
	at sun.nio.ch.SocketChannelImpl.checkConnect(Native Method)
	at sun.nio.ch.SocketChannelImpl.finishConnect(SocketChannelImpl.java:717)
	at org.apache.ratis.thirdparty.io.netty.channel.socket.nio.NioSocketChannel.doFinishConnect(NioSocketChannel.java:327)
	at org.apache.ratis.thirdparty.io.netty.channel.nio.AbstractNioChannel$AbstractNioUnsafe.finishConnect(AbstractNioChannel.java:340)
	at org.apache.ratis.thirdparty.io.netty.channel.nio.NioEventLoop.processSelectedKey(NioEventLoop.java:632)
	at org.apache.ratis.thirdparty.io.netty.channel.nio.NioEventLoop.processSelectedKeysOptimized(NioEventLoop.java:579)
	at org.apache.ratis.thirdparty.io.netty.channel.nio.NioEventLoop.processSelectedKeys(NioEventLoop.java:496)
	at org.apache.ratis.thirdparty.io.netty.channel.nio.NioEventLoop.run(NioEventLoop.java:458)
	at org.apache.ratis.thirdparty.io.netty.util.concurrent.SingleThreadEventExecutor$5.run(SingleThreadEventExecutor.java:897)
	at org.apache.ratis.thirdparty.io.netty.util.concurrent.FastThreadLocalRunnable.run(FastThreadLocalRunnable.java:30)
	... 1 more
Caused by: java.net.ConnectException: Connection refused
	... 11 more
2019-10-16 05:42:02,234 [a85e69e5-760c-4b40-a424-fc77673779df@group-AFFE1363742F-LeaderElection58] INFO  impl.LeaderElection (LeaderElection.java:logAndReturn(56)) - a85e69e5-760c-4b40-a424-fc77673779df@group-AFFE1363742F-LeaderElection58: Election REJECTED; received 0 response(s) [] and 2 exception(s); a85e69e5-760c-4b40-a424-fc77673779df@group-AFFE1363742F:t35, leader=null, voted=a85e69e5-760c-4b40-a424-fc77673779df, raftlog=a85e69e5-760c-4b40-a424-fc77673779df@group-AFFE1363742F-SegmentedRaftLog:OPENED:c28,f28,i28, conf=0: [163c5688-ede5-44ab-b3bd-c5a10f730980:192.168.69.104:45225, a85e69e5-760c-4b40-a424-fc77673779df:192.168.69.104:37941, 73edb6ac-4c26-463f-ad6d-00f88e6dbd58:192.168.69.104:35488], old=null
2019-10-16 05:42:02,234 [a85e69e5-760c-4b40-a424-fc77673779df@group-AFFE1363742F-LeaderElection58] INFO  impl.LeaderElection (LogUtils.java:infoOrTrace(149)) -   Exception 0: {}
java.util.concurrent.ExecutionException: org.apache.ratis.thirdparty.io.grpc.StatusRuntimeException: UNAVAILABLE: io exception
	at java.util.concurrent.FutureTask.report(FutureTask.java:122)
	at java.util.concurrent.FutureTask.get(FutureTask.java:192)
	at org.apache.ratis.server.impl.LeaderElection.waitForResults(LeaderElection.java:259)
	at org.apache.ratis.server.impl.LeaderElection.askForVotes(LeaderElection.java:197)
	at org.apache.ratis.server.impl.LeaderElection.run(LeaderElection.java:133)
	at java.lang.Thread.run(Thread.java:748)
Caused by: org.apache.ratis.thirdparty.io.grpc.StatusRuntimeException: UNAVAILABLE: io exception
	at org.apache.ratis.thirdparty.io.grpc.stub.ClientCalls.toStatusRuntimeException(ClientCalls.java:233)
	at org.apache.ratis.thirdparty.io.grpc.stub.ClientCalls.getUnchecked(ClientCalls.java:214)
	at org.apache.ratis.thirdparty.io.grpc.stub.ClientCalls.blockingUnaryCall(ClientCalls.java:139)
	at org.apache.ratis.proto.grpc.RaftServerProtocolServiceGrpc$RaftServerProtocolServiceBlockingStub.requestVote(RaftServerProtocolServiceGrpc.java:265)
	at org.apache.ratis.grpc.server.GrpcServerProtocolClient.requestVote(GrpcServerProtocolClient.java:99)
	at org.apache.ratis.grpc.server.GrpcService.requestVote(GrpcService.java:204)
	at org.apache.ratis.server.impl.LeaderElection.lambda$submitRequests$1(LeaderElection.java:234)
	at java.util.concurrent.FutureTask.run(FutureTask.java:266)
	at java.util.concurrent.Executors$RunnableAdapter.call(Executors.java:511)
	at java.util.concurrent.FutureTask.run(FutureTask.java:266)
	at java.util.concurrent.ThreadPoolExecutor.runWorker(ThreadPoolExecutor.java:1149)
	at java.util.concurrent.ThreadPoolExecutor$Worker.run(ThreadPoolExecutor.java:624)
	... 1 more
Caused by: org.apache.ratis.thirdparty.io.netty.channel.AbstractChannel$AnnotatedConnectException: Connection refused: /192.168.69.104:35488
	at sun.nio.ch.SocketChannelImpl.checkConnect(Native Method)
	at sun.nio.ch.SocketChannelImpl.finishConnect(SocketChannelImpl.java:717)
	at org.apache.ratis.thirdparty.io.netty.channel.socket.nio.NioSocketChannel.doFinishConnect(NioSocketChannel.java:327)
	at org.apache.ratis.thirdparty.io.netty.channel.nio.AbstractNioChannel$AbstractNioUnsafe.finishConnect(AbstractNioChannel.java:340)
	at org.apache.ratis.thirdparty.io.netty.channel.nio.NioEventLoop.processSelectedKey(NioEventLoop.java:632)
	at org.apache.ratis.thirdparty.io.netty.channel.nio.NioEventLoop.processSelectedKeysOptimized(NioEventLoop.java:579)
	at org.apache.ratis.thirdparty.io.netty.channel.nio.NioEventLoop.processSelectedKeys(NioEventLoop.java:496)
	at org.apache.ratis.thirdparty.io.netty.channel.nio.NioEventLoop.run(NioEventLoop.java:458)
	at org.apache.ratis.thirdparty.io.netty.util.concurrent.SingleThreadEventExecutor$5.run(SingleThreadEventExecutor.java:897)
	at org.apache.ratis.thirdparty.io.netty.util.concurrent.FastThreadLocalRunnable.run(FastThreadLocalRunnable.java:30)
	... 1 more
Caused by: java.net.ConnectException: Connection refused
	... 11 more
2019-10-16 05:42:02,234 [a85e69e5-760c-4b40-a424-fc77673779df@group-AFFE1363742F-LeaderElection58] INFO  impl.LeaderElection (LogUtils.java:infoOrTrace(149)) -   Exception 1: {}
java.util.concurrent.ExecutionException: org.apache.ratis.thirdparty.io.grpc.StatusRuntimeException: UNAVAILABLE: io exception
	at java.util.concurrent.FutureTask.report(FutureTask.java:122)
	at java.util.concurrent.FutureTask.get(FutureTask.java:192)
	at org.apache.ratis.server.impl.LeaderElection.waitForResults(LeaderElection.java:259)
	at org.apache.ratis.server.impl.LeaderElection.askForVotes(LeaderElection.java:197)
	at org.apache.ratis.server.impl.LeaderElection.run(LeaderElection.java:133)
	at java.lang.Thread.run(Thread.java:748)
Caused by: org.apache.ratis.thirdparty.io.grpc.StatusRuntimeException: UNAVAILABLE: io exception
	at org.apache.ratis.thirdparty.io.grpc.stub.ClientCalls.toStatusRuntimeException(ClientCalls.java:233)
	at org.apache.ratis.thirdparty.io.grpc.stub.ClientCalls.getUnchecked(ClientCalls.java:214)
	at org.apache.ratis.thirdparty.io.grpc.stub.ClientCalls.blockingUnaryCall(ClientCalls.java:139)
	at org.apache.ratis.proto.grpc.RaftServerProtocolServiceGrpc$RaftServerProtocolServiceBlockingStub.requestVote(RaftServerProtocolServiceGrpc.java:265)
	at org.apache.ratis.grpc.server.GrpcServerProtocolClient.requestVote(GrpcServerProtocolClient.java:99)
	at org.apache.ratis.grpc.server.GrpcService.requestVote(GrpcService.java:204)
	at org.apache.ratis.server.impl.LeaderElection.lambda$submitRequests$1(LeaderElection.java:234)
	at java.util.concurrent.FutureTask.run(FutureTask.java:266)
	at java.util.concurrent.Executors$RunnableAdapter.call(Executors.java:511)
	at java.util.concurrent.FutureTask.run(FutureTask.java:266)
	at java.util.concurrent.ThreadPoolExecutor.runWorker(ThreadPoolExecutor.java:1149)
	at java.util.concurrent.ThreadPoolExecutor$Worker.run(ThreadPoolExecutor.java:624)
	... 1 more
Caused by: org.apache.ratis.thirdparty.io.netty.channel.AbstractChannel$AnnotatedConnectException: Connection refused: /192.168.69.104:45225
	at sun.nio.ch.SocketChannelImpl.checkConnect(Native Method)
	at sun.nio.ch.SocketChannelImpl.finishConnect(SocketChannelImpl.java:717)
	at org.apache.ratis.thirdparty.io.netty.channel.socket.nio.NioSocketChannel.doFinishConnect(NioSocketChannel.java:327)
	at org.apache.ratis.thirdparty.io.netty.channel.nio.AbstractNioChannel$AbstractNioUnsafe.finishConnect(AbstractNioChannel.java:340)
	at org.apache.ratis.thirdparty.io.netty.channel.nio.NioEventLoop.processSelectedKey(NioEventLoop.java:632)
	at org.apache.ratis.thirdparty.io.netty.channel.nio.NioEventLoop.processSelectedKeysOptimized(NioEventLoop.java:579)
	at org.apache.ratis.thirdparty.io.netty.channel.nio.NioEventLoop.processSelectedKeys(NioEventLoop.java:496)
	at org.apache.ratis.thirdparty.io.netty.channel.nio.NioEventLoop.run(NioEventLoop.java:458)
	at org.apache.ratis.thirdparty.io.netty.util.concurrent.SingleThreadEventExecutor$5.run(SingleThreadEventExecutor.java:897)
	at org.apache.ratis.thirdparty.io.netty.util.concurrent.FastThreadLocalRunnable.run(FastThreadLocalRunnable.java:30)
	... 1 more
Caused by: java.net.ConnectException: Connection refused
	... 11 more
2019-10-16 05:42:02,235 [a85e69e5-760c-4b40-a424-fc77673779df@group-AFFE1363742F-LeaderElection58] INFO  impl.RaftServerImpl (RaftServerImpl.java:setRole(184)) - a85e69e5-760c-4b40-a424-fc77673779df@group-AFFE1363742F: changes role from CANDIDATE to FOLLOWER at term 35 for DISCOVERED_A_NEW_TERM
2019-10-16 05:42:02,235 [a85e69e5-760c-4b40-a424-fc77673779df@group-AFFE1363742F-LeaderElection58] INFO  impl.RoleInfo (RoleInfo.java:shutdownLeaderElection(134)) - a85e69e5-760c-4b40-a424-fc77673779df: shutdown LeaderElection
2019-10-16 05:42:02,235 [a85e69e5-760c-4b40-a424-fc77673779df@group-AFFE1363742F-LeaderElection58] INFO  impl.RoleInfo (RoleInfo.java:updateAndGet(143)) - a85e69e5-760c-4b40-a424-fc77673779df: start FollowerState
2019-10-16 05:42:03,331 [Thread-1458] INFO  impl.FollowerState (FollowerState.java:run(108)) - a85e69e5-760c-4b40-a424-fc77673779df@group-AFFE1363742F-FollowerState: change to CANDIDATE, lastRpcTime:1096ms, electionTimeout:1096ms
2019-10-16 05:42:03,332 [Thread-1458] INFO  impl.RoleInfo (RoleInfo.java:shutdownFollowerState(121)) - a85e69e5-760c-4b40-a424-fc77673779df: shutdown FollowerState
2019-10-16 05:42:03,332 [Thread-1458] INFO  impl.RaftServerImpl (RaftServerImpl.java:setRole(184)) - a85e69e5-760c-4b40-a424-fc77673779df@group-AFFE1363742F: changes role from  FOLLOWER to CANDIDATE at term 35 for changeToCandidate
2019-10-16 05:42:03,332 [Thread-1458] INFO  impl.RoleInfo (RoleInfo.java:updateAndGet(143)) - a85e69e5-760c-4b40-a424-fc77673779df: start LeaderElection
2019-10-16 05:42:03,346 [a85e69e5-760c-4b40-a424-fc77673779df@group-AFFE1363742F-LeaderElection59] INFO  impl.LeaderElection (LeaderElection.java:askForVotes(178)) - a85e69e5-760c-4b40-a424-fc77673779df@group-AFFE1363742F-LeaderElection59: begin an election at term 36 for 0: [163c5688-ede5-44ab-b3bd-c5a10f730980:192.168.69.104:45225, a85e69e5-760c-4b40-a424-fc77673779df:192.168.69.104:37941, 73edb6ac-4c26-463f-ad6d-00f88e6dbd58:192.168.69.104:35488], old=null
2019-10-16 05:42:03,347 [a85e69e5-760c-4b40-a424-fc77673779df@group-AFFE1363742F-LeaderElection59] INFO  impl.LeaderElection (LogUtils.java:infoOrTrace(149)) - a85e69e5-760c-4b40-a424-fc77673779df@group-AFFE1363742F-LeaderElection59 got exception when requesting votes: {}
java.util.concurrent.ExecutionException: org.apache.ratis.thirdparty.io.grpc.StatusRuntimeException: UNAVAILABLE: io exception
	at java.util.concurrent.FutureTask.report(FutureTask.java:122)
	at java.util.concurrent.FutureTask.get(FutureTask.java:192)
	at org.apache.ratis.server.impl.LeaderElection.waitForResults(LeaderElection.java:259)
	at org.apache.ratis.server.impl.LeaderElection.askForVotes(LeaderElection.java:197)
	at org.apache.ratis.server.impl.LeaderElection.run(LeaderElection.java:133)
	at java.lang.Thread.run(Thread.java:748)
Caused by: org.apache.ratis.thirdparty.io.grpc.StatusRuntimeException: UNAVAILABLE: io exception
	at org.apache.ratis.thirdparty.io.grpc.stub.ClientCalls.toStatusRuntimeException(ClientCalls.java:233)
	at org.apache.ratis.thirdparty.io.grpc.stub.ClientCalls.getUnchecked(ClientCalls.java:214)
	at org.apache.ratis.thirdparty.io.grpc.stub.ClientCalls.blockingUnaryCall(ClientCalls.java:139)
	at org.apache.ratis.proto.grpc.RaftServerProtocolServiceGrpc$RaftServerProtocolServiceBlockingStub.requestVote(RaftServerProtocolServiceGrpc.java:265)
	at org.apache.ratis.grpc.server.GrpcServerProtocolClient.requestVote(GrpcServerProtocolClient.java:99)
	at org.apache.ratis.grpc.server.GrpcService.requestVote(GrpcService.java:204)
	at org.apache.ratis.server.impl.LeaderElection.lambda$submitRequests$1(LeaderElection.java:234)
	at java.util.concurrent.FutureTask.run(FutureTask.java:266)
	at java.util.concurrent.Executors$RunnableAdapter.call(Executors.java:511)
	at java.util.concurrent.FutureTask.run(FutureTask.java:266)
	at java.util.concurrent.ThreadPoolExecutor.runWorker(ThreadPoolExecutor.java:1149)
	at java.util.concurrent.ThreadPoolExecutor$Worker.run(ThreadPoolExecutor.java:624)
	... 1 more
Caused by: org.apache.ratis.thirdparty.io.netty.channel.AbstractChannel$AnnotatedConnectException: Connection refused: /192.168.69.104:45225
	at sun.nio.ch.SocketChannelImpl.checkConnect(Native Method)
	at sun.nio.ch.SocketChannelImpl.finishConnect(SocketChannelImpl.java:717)
	at org.apache.ratis.thirdparty.io.netty.channel.socket.nio.NioSocketChannel.doFinishConnect(NioSocketChannel.java:327)
	at org.apache.ratis.thirdparty.io.netty.channel.nio.AbstractNioChannel$AbstractNioUnsafe.finishConnect(AbstractNioChannel.java:340)
	at org.apache.ratis.thirdparty.io.netty.channel.nio.NioEventLoop.processSelectedKey(NioEventLoop.java:632)
	at org.apache.ratis.thirdparty.io.netty.channel.nio.NioEventLoop.processSelectedKeysOptimized(NioEventLoop.java:579)
	at org.apache.ratis.thirdparty.io.netty.channel.nio.NioEventLoop.processSelectedKeys(NioEventLoop.java:496)
	at org.apache.ratis.thirdparty.io.netty.channel.nio.NioEventLoop.run(NioEventLoop.java:458)
	at org.apache.ratis.thirdparty.io.netty.util.concurrent.SingleThreadEventExecutor$5.run(SingleThreadEventExecutor.java:897)
	at org.apache.ratis.thirdparty.io.netty.util.concurrent.FastThreadLocalRunnable.run(FastThreadLocalRunnable.java:30)
	... 1 more
Caused by: java.net.ConnectException: Connection refused
	... 11 more
2019-10-16 05:42:03,348 [a85e69e5-760c-4b40-a424-fc77673779df@group-AFFE1363742F-LeaderElection59] INFO  impl.LeaderElection (LogUtils.java:infoOrTrace(149)) - a85e69e5-760c-4b40-a424-fc77673779df@group-AFFE1363742F-LeaderElection59 got exception when requesting votes: {}
java.util.concurrent.ExecutionException: org.apache.ratis.thirdparty.io.grpc.StatusRuntimeException: UNAVAILABLE: io exception
	at java.util.concurrent.FutureTask.report(FutureTask.java:122)
	at java.util.concurrent.FutureTask.get(FutureTask.java:192)
	at org.apache.ratis.server.impl.LeaderElection.waitForResults(LeaderElection.java:259)
	at org.apache.ratis.server.impl.LeaderElection.askForVotes(LeaderElection.java:197)
	at org.apache.ratis.server.impl.LeaderElection.run(LeaderElection.java:133)
	at java.lang.Thread.run(Thread.java:748)
Caused by: org.apache.ratis.thirdparty.io.grpc.StatusRuntimeException: UNAVAILABLE: io exception
	at org.apache.ratis.thirdparty.io.grpc.stub.ClientCalls.toStatusRuntimeException(ClientCalls.java:233)
	at org.apache.ratis.thirdparty.io.grpc.stub.ClientCalls.getUnchecked(ClientCalls.java:214)
	at org.apache.ratis.thirdparty.io.grpc.stub.ClientCalls.blockingUnaryCall(ClientCalls.java:139)
	at org.apache.ratis.proto.grpc.RaftServerProtocolServiceGrpc$RaftServerProtocolServiceBlockingStub.requestVote(RaftServerProtocolServiceGrpc.java:265)
	at org.apache.ratis.grpc.server.GrpcServerProtocolClient.requestVote(GrpcServerProtocolClient.java:99)
	at org.apache.ratis.grpc.server.GrpcService.requestVote(GrpcService.java:204)
	at org.apache.ratis.server.impl.LeaderElection.lambda$submitRequests$1(LeaderElection.java:234)
	at java.util.concurrent.FutureTask.run(FutureTask.java:266)
	at java.util.concurrent.Executors$RunnableAdapter.call(Executors.java:511)
	at java.util.concurrent.FutureTask.run(FutureTask.java:266)
	at java.util.concurrent.ThreadPoolExecutor.runWorker(ThreadPoolExecutor.java:1149)
	at java.util.concurrent.ThreadPoolExecutor$Worker.run(ThreadPoolExecutor.java:624)
	... 1 more
Caused by: org.apache.ratis.thirdparty.io.netty.channel.AbstractChannel$AnnotatedConnectException: Connection refused: /192.168.69.104:35488
	at sun.nio.ch.SocketChannelImpl.checkConnect(Native Method)
	at sun.nio.ch.SocketChannelImpl.finishConnect(SocketChannelImpl.java:717)
	at org.apache.ratis.thirdparty.io.netty.channel.socket.nio.NioSocketChannel.doFinishConnect(NioSocketChannel.java:327)
	at org.apache.ratis.thirdparty.io.netty.channel.nio.AbstractNioChannel$AbstractNioUnsafe.finishConnect(AbstractNioChannel.java:340)
	at org.apache.ratis.thirdparty.io.netty.channel.nio.NioEventLoop.processSelectedKey(NioEventLoop.java:632)
	at org.apache.ratis.thirdparty.io.netty.channel.nio.NioEventLoop.processSelectedKeysOptimized(NioEventLoop.java:579)
	at org.apache.ratis.thirdparty.io.netty.channel.nio.NioEventLoop.processSelectedKeys(NioEventLoop.java:496)
	at org.apache.ratis.thirdparty.io.netty.channel.nio.NioEventLoop.run(NioEventLoop.java:458)
	at org.apache.ratis.thirdparty.io.netty.util.concurrent.SingleThreadEventExecutor$5.run(SingleThreadEventExecutor.java:897)
	at org.apache.ratis.thirdparty.io.netty.util.concurrent.FastThreadLocalRunnable.run(FastThreadLocalRunnable.java:30)
	... 1 more
Caused by: java.net.ConnectException: Connection refused
	... 11 more
2019-10-16 05:42:03,349 [a85e69e5-760c-4b40-a424-fc77673779df@group-AFFE1363742F-LeaderElection59] INFO  impl.LeaderElection (LeaderElection.java:logAndReturn(56)) - a85e69e5-760c-4b40-a424-fc77673779df@group-AFFE1363742F-LeaderElection59: Election REJECTED; received 0 response(s) [] and 2 exception(s); a85e69e5-760c-4b40-a424-fc77673779df@group-AFFE1363742F:t36, leader=null, voted=a85e69e5-760c-4b40-a424-fc77673779df, raftlog=a85e69e5-760c-4b40-a424-fc77673779df@group-AFFE1363742F-SegmentedRaftLog:OPENED:c28,f28,i28, conf=0: [163c5688-ede5-44ab-b3bd-c5a10f730980:192.168.69.104:45225, a85e69e5-760c-4b40-a424-fc77673779df:192.168.69.104:37941, 73edb6ac-4c26-463f-ad6d-00f88e6dbd58:192.168.69.104:35488], old=null
2019-10-16 05:42:03,349 [a85e69e5-760c-4b40-a424-fc77673779df@group-AFFE1363742F-LeaderElection59] INFO  impl.LeaderElection (LogUtils.java:infoOrTrace(149)) -   Exception 0: {}
java.util.concurrent.ExecutionException: org.apache.ratis.thirdparty.io.grpc.StatusRuntimeException: UNAVAILABLE: io exception
	at java.util.concurrent.FutureTask.report(FutureTask.java:122)
	at java.util.concurrent.FutureTask.get(FutureTask.java:192)
	at org.apache.ratis.server.impl.LeaderElection.waitForResults(LeaderElection.java:259)
	at org.apache.ratis.server.impl.LeaderElection.askForVotes(LeaderElection.java:197)
	at org.apache.ratis.server.impl.LeaderElection.run(LeaderElection.java:133)
	at java.lang.Thread.run(Thread.java:748)
Caused by: org.apache.ratis.thirdparty.io.grpc.StatusRuntimeException: UNAVAILABLE: io exception
	at org.apache.ratis.thirdparty.io.grpc.stub.ClientCalls.toStatusRuntimeException(ClientCalls.java:233)
	at org.apache.ratis.thirdparty.io.grpc.stub.ClientCalls.getUnchecked(ClientCalls.java:214)
	at org.apache.ratis.thirdparty.io.grpc.stub.ClientCalls.blockingUnaryCall(ClientCalls.java:139)
	at org.apache.ratis.proto.grpc.RaftServerProtocolServiceGrpc$RaftServerProtocolServiceBlockingStub.requestVote(RaftServerProtocolServiceGrpc.java:265)
	at org.apache.ratis.grpc.server.GrpcServerProtocolClient.requestVote(GrpcServerProtocolClient.java:99)
	at org.apache.ratis.grpc.server.GrpcService.requestVote(GrpcService.java:204)
	at org.apache.ratis.server.impl.LeaderElection.lambda$submitRequests$1(LeaderElection.java:234)
	at java.util.concurrent.FutureTask.run(FutureTask.java:266)
	at java.util.concurrent.Executors$RunnableAdapter.call(Executors.java:511)
	at java.util.concurrent.FutureTask.run(FutureTask.java:266)
	at java.util.concurrent.ThreadPoolExecutor.runWorker(ThreadPoolExecutor.java:1149)
	at java.util.concurrent.ThreadPoolExecutor$Worker.run(ThreadPoolExecutor.java:624)
	... 1 more
Caused by: org.apache.ratis.thirdparty.io.netty.channel.AbstractChannel$AnnotatedConnectException: Connection refused: /192.168.69.104:45225
	at sun.nio.ch.SocketChannelImpl.checkConnect(Native Method)
	at sun.nio.ch.SocketChannelImpl.finishConnect(SocketChannelImpl.java:717)
	at org.apache.ratis.thirdparty.io.netty.channel.socket.nio.NioSocketChannel.doFinishConnect(NioSocketChannel.java:327)
	at org.apache.ratis.thirdparty.io.netty.channel.nio.AbstractNioChannel$AbstractNioUnsafe.finishConnect(AbstractNioChannel.java:340)
	at org.apache.ratis.thirdparty.io.netty.channel.nio.NioEventLoop.processSelectedKey(NioEventLoop.java:632)
	at org.apache.ratis.thirdparty.io.netty.channel.nio.NioEventLoop.processSelectedKeysOptimized(NioEventLoop.java:579)
	at org.apache.ratis.thirdparty.io.netty.channel.nio.NioEventLoop.processSelectedKeys(NioEventLoop.java:496)
	at org.apache.ratis.thirdparty.io.netty.channel.nio.NioEventLoop.run(NioEventLoop.java:458)
	at org.apache.ratis.thirdparty.io.netty.util.concurrent.SingleThreadEventExecutor$5.run(SingleThreadEventExecutor.java:897)
	at org.apache.ratis.thirdparty.io.netty.util.concurrent.FastThreadLocalRunnable.run(FastThreadLocalRunnable.java:30)
	... 1 more
Caused by: java.net.ConnectException: Connection refused
	... 11 more
2019-10-16 05:42:03,349 [a85e69e5-760c-4b40-a424-fc77673779df@group-AFFE1363742F-LeaderElection59] INFO  impl.LeaderElection (LogUtils.java:infoOrTrace(149)) -   Exception 1: {}
java.util.concurrent.ExecutionException: org.apache.ratis.thirdparty.io.grpc.StatusRuntimeException: UNAVAILABLE: io exception
	at java.util.concurrent.FutureTask.report(FutureTask.java:122)
	at java.util.concurrent.FutureTask.get(FutureTask.java:192)
	at org.apache.ratis.server.impl.LeaderElection.waitForResults(LeaderElection.java:259)
	at org.apache.ratis.server.impl.LeaderElection.askForVotes(LeaderElection.java:197)
	at org.apache.ratis.server.impl.LeaderElection.run(LeaderElection.java:133)
	at java.lang.Thread.run(Thread.java:748)
Caused by: org.apache.ratis.thirdparty.io.grpc.StatusRuntimeException: UNAVAILABLE: io exception
	at org.apache.ratis.thirdparty.io.grpc.stub.ClientCalls.toStatusRuntimeException(ClientCalls.java:233)
	at org.apache.ratis.thirdparty.io.grpc.stub.ClientCalls.getUnchecked(ClientCalls.java:214)
	at org.apache.ratis.thirdparty.io.grpc.stub.ClientCalls.blockingUnaryCall(ClientCalls.java:139)
	at org.apache.ratis.proto.grpc.RaftServerProtocolServiceGrpc$RaftServerProtocolServiceBlockingStub.requestVote(RaftServerProtocolServiceGrpc.java:265)
	at org.apache.ratis.grpc.server.GrpcServerProtocolClient.requestVote(GrpcServerProtocolClient.java:99)
	at org.apache.ratis.grpc.server.GrpcService.requestVote(GrpcService.java:204)
	at org.apache.ratis.server.impl.LeaderElection.lambda$submitRequests$1(LeaderElection.java:234)
	at java.util.concurrent.FutureTask.run(FutureTask.java:266)
	at java.util.concurrent.Executors$RunnableAdapter.call(Executors.java:511)
	at java.util.concurrent.FutureTask.run(FutureTask.java:266)
	at java.util.concurrent.ThreadPoolExecutor.runWorker(ThreadPoolExecutor.java:1149)
	at java.util.concurrent.ThreadPoolExecutor$Worker.run(ThreadPoolExecutor.java:624)
	... 1 more
Caused by: org.apache.ratis.thirdparty.io.netty.channel.AbstractChannel$AnnotatedConnectException: Connection refused: /192.168.69.104:35488
	at sun.nio.ch.SocketChannelImpl.checkConnect(Native Method)
	at sun.nio.ch.SocketChannelImpl.finishConnect(SocketChannelImpl.java:717)
	at org.apache.ratis.thirdparty.io.netty.channel.socket.nio.NioSocketChannel.doFinishConnect(NioSocketChannel.java:327)
	at org.apache.ratis.thirdparty.io.netty.channel.nio.AbstractNioChannel$AbstractNioUnsafe.finishConnect(AbstractNioChannel.java:340)
	at org.apache.ratis.thirdparty.io.netty.channel.nio.NioEventLoop.processSelectedKey(NioEventLoop.java:632)
	at org.apache.ratis.thirdparty.io.netty.channel.nio.NioEventLoop.processSelectedKeysOptimized(NioEventLoop.java:579)
	at org.apache.ratis.thirdparty.io.netty.channel.nio.NioEventLoop.processSelectedKeys(NioEventLoop.java:496)
	at org.apache.ratis.thirdparty.io.netty.channel.nio.NioEventLoop.run(NioEventLoop.java:458)
	at org.apache.ratis.thirdparty.io.netty.util.concurrent.SingleThreadEventExecutor$5.run(SingleThreadEventExecutor.java:897)
	at org.apache.ratis.thirdparty.io.netty.util.concurrent.FastThreadLocalRunnable.run(FastThreadLocalRunnable.java:30)
	... 1 more
Caused by: java.net.ConnectException: Connection refused
	... 11 more
2019-10-16 05:42:03,349 [a85e69e5-760c-4b40-a424-fc77673779df@group-AFFE1363742F-LeaderElection59] INFO  impl.RaftServerImpl (RaftServerImpl.java:setRole(184)) - a85e69e5-760c-4b40-a424-fc77673779df@group-AFFE1363742F: changes role from CANDIDATE to FOLLOWER at term 36 for DISCOVERED_A_NEW_TERM
2019-10-16 05:42:03,350 [a85e69e5-760c-4b40-a424-fc77673779df@group-AFFE1363742F-LeaderElection59] INFO  impl.RoleInfo (RoleInfo.java:shutdownLeaderElection(134)) - a85e69e5-760c-4b40-a424-fc77673779df: shutdown LeaderElection
2019-10-16 05:42:03,350 [a85e69e5-760c-4b40-a424-fc77673779df@group-AFFE1363742F-LeaderElection59] INFO  impl.RoleInfo (RoleInfo.java:updateAndGet(143)) - a85e69e5-760c-4b40-a424-fc77673779df: start FollowerState
2019-10-16 05:42:04,419 [java.util.concurrent.ThreadPoolExecutor$Worker@4d25108f[State = -1, empty queue]] WARN  server.GrpcLogAppender (GrpcLogAppender.java:timeoutAppendRequest(209)) - a92c0124-0b6b-4eab-8828-4a4218b90be6@group-FD3ACD3F2F2D->8fe94103-1ee8-4728-abac-39da8dc74e05-GrpcLogAppender: appendEntries Timeout, request=a92c0124-0b6b-4eab-8828-4a4218b90be6->8fe94103-1ee8-4728-abac-39da8dc74e05#0-t7, previous=(t:6, i:36), leaderCommit=36, initializing? false, entries: <empty>
2019-10-16 05:42:04,482 [Thread-1464] INFO  impl.FollowerState (FollowerState.java:run(108)) - a85e69e5-760c-4b40-a424-fc77673779df@group-AFFE1363742F-FollowerState: change to CANDIDATE, lastRpcTime:1132ms, electionTimeout:1132ms
2019-10-16 05:42:04,482 [Thread-1464] INFO  impl.RoleInfo (RoleInfo.java:shutdownFollowerState(121)) - a85e69e5-760c-4b40-a424-fc77673779df: shutdown FollowerState
2019-10-16 05:42:04,482 [Thread-1464] INFO  impl.RaftServerImpl (RaftServerImpl.java:setRole(184)) - a85e69e5-760c-4b40-a424-fc77673779df@group-AFFE1363742F: changes role from  FOLLOWER to CANDIDATE at term 36 for changeToCandidate
2019-10-16 05:42:04,482 [Thread-1464] INFO  impl.RoleInfo (RoleInfo.java:updateAndGet(143)) - a85e69e5-760c-4b40-a424-fc77673779df: start LeaderElection
2019-10-16 05:42:04,505 [a85e69e5-760c-4b40-a424-fc77673779df@group-AFFE1363742F-LeaderElection60] INFO  impl.LeaderElection (LeaderElection.java:askForVotes(178)) - a85e69e5-760c-4b40-a424-fc77673779df@group-AFFE1363742F-LeaderElection60: begin an election at term 37 for 0: [163c5688-ede5-44ab-b3bd-c5a10f730980:192.168.69.104:45225, a85e69e5-760c-4b40-a424-fc77673779df:192.168.69.104:37941, 73edb6ac-4c26-463f-ad6d-00f88e6dbd58:192.168.69.104:35488], old=null
2019-10-16 05:42:04,506 [a85e69e5-760c-4b40-a424-fc77673779df@group-AFFE1363742F-LeaderElection60] INFO  impl.LeaderElection (LogUtils.java:infoOrTrace(149)) - a85e69e5-760c-4b40-a424-fc77673779df@group-AFFE1363742F-LeaderElection60 got exception when requesting votes: {}
java.util.concurrent.ExecutionException: org.apache.ratis.thirdparty.io.grpc.StatusRuntimeException: UNAVAILABLE: io exception
	at java.util.concurrent.FutureTask.report(FutureTask.java:122)
	at java.util.concurrent.FutureTask.get(FutureTask.java:192)
	at org.apache.ratis.server.impl.LeaderElection.waitForResults(LeaderElection.java:259)
	at org.apache.ratis.server.impl.LeaderElection.askForVotes(LeaderElection.java:197)
	at org.apache.ratis.server.impl.LeaderElection.run(LeaderElection.java:133)
	at java.lang.Thread.run(Thread.java:748)
Caused by: org.apache.ratis.thirdparty.io.grpc.StatusRuntimeException: UNAVAILABLE: io exception
	at org.apache.ratis.thirdparty.io.grpc.stub.ClientCalls.toStatusRuntimeException(ClientCalls.java:233)
	at org.apache.ratis.thirdparty.io.grpc.stub.ClientCalls.getUnchecked(ClientCalls.java:214)
	at org.apache.ratis.thirdparty.io.grpc.stub.ClientCalls.blockingUnaryCall(ClientCalls.java:139)
	at org.apache.ratis.proto.grpc.RaftServerProtocolServiceGrpc$RaftServerProtocolServiceBlockingStub.requestVote(RaftServerProtocolServiceGrpc.java:265)
	at org.apache.ratis.grpc.server.GrpcServerProtocolClient.requestVote(GrpcServerProtocolClient.java:99)
	at org.apache.ratis.grpc.server.GrpcService.requestVote(GrpcService.java:204)
	at org.apache.ratis.server.impl.LeaderElection.lambda$submitRequests$1(LeaderElection.java:234)
	at java.util.concurrent.FutureTask.run(FutureTask.java:266)
	at java.util.concurrent.Executors$RunnableAdapter.call(Executors.java:511)
	at java.util.concurrent.FutureTask.run(FutureTask.java:266)
	at java.util.concurrent.ThreadPoolExecutor.runWorker(ThreadPoolExecutor.java:1149)
	at java.util.concurrent.ThreadPoolExecutor$Worker.run(ThreadPoolExecutor.java:624)
	... 1 more
Caused by: org.apache.ratis.thirdparty.io.netty.channel.AbstractChannel$AnnotatedConnectException: Connection refused: /192.168.69.104:35488
	at sun.nio.ch.SocketChannelImpl.checkConnect(Native Method)
	at sun.nio.ch.SocketChannelImpl.finishConnect(SocketChannelImpl.java:717)
	at org.apache.ratis.thirdparty.io.netty.channel.socket.nio.NioSocketChannel.doFinishConnect(NioSocketChannel.java:327)
	at org.apache.ratis.thirdparty.io.netty.channel.nio.AbstractNioChannel$AbstractNioUnsafe.finishConnect(AbstractNioChannel.java:340)
	at org.apache.ratis.thirdparty.io.netty.channel.nio.NioEventLoop.processSelectedKey(NioEventLoop.java:632)
	at org.apache.ratis.thirdparty.io.netty.channel.nio.NioEventLoop.processSelectedKeysOptimized(NioEventLoop.java:579)
	at org.apache.ratis.thirdparty.io.netty.channel.nio.NioEventLoop.processSelectedKeys(NioEventLoop.java:496)
	at org.apache.ratis.thirdparty.io.netty.channel.nio.NioEventLoop.run(NioEventLoop.java:458)
	at org.apache.ratis.thirdparty.io.netty.util.concurrent.SingleThreadEventExecutor$5.run(SingleThreadEventExecutor.java:897)
	at org.apache.ratis.thirdparty.io.netty.util.concurrent.FastThreadLocalRunnable.run(FastThreadLocalRunnable.java:30)
	... 1 more
Caused by: java.net.ConnectException: Connection refused
	... 11 more
2019-10-16 05:42:04,507 [a85e69e5-760c-4b40-a424-fc77673779df@group-AFFE1363742F-LeaderElection60] INFO  impl.LeaderElection (LogUtils.java:infoOrTrace(149)) - a85e69e5-760c-4b40-a424-fc77673779df@group-AFFE1363742F-LeaderElection60 got exception when requesting votes: {}
java.util.concurrent.ExecutionException: org.apache.ratis.thirdparty.io.grpc.StatusRuntimeException: UNAVAILABLE: io exception
	at java.util.concurrent.FutureTask.report(FutureTask.java:122)
	at java.util.concurrent.FutureTask.get(FutureTask.java:192)
	at org.apache.ratis.server.impl.LeaderElection.waitForResults(LeaderElection.java:259)
	at org.apache.ratis.server.impl.LeaderElection.askForVotes(LeaderElection.java:197)
	at org.apache.ratis.server.impl.LeaderElection.run(LeaderElection.java:133)
	at java.lang.Thread.run(Thread.java:748)
Caused by: org.apache.ratis.thirdparty.io.grpc.StatusRuntimeException: UNAVAILABLE: io exception
	at org.apache.ratis.thirdparty.io.grpc.stub.ClientCalls.toStatusRuntimeException(ClientCalls.java:233)
	at org.apache.ratis.thirdparty.io.grpc.stub.ClientCalls.getUnchecked(ClientCalls.java:214)
	at org.apache.ratis.thirdparty.io.grpc.stub.ClientCalls.blockingUnaryCall(ClientCalls.java:139)
	at org.apache.ratis.proto.grpc.RaftServerProtocolServiceGrpc$RaftServerProtocolServiceBlockingStub.requestVote(RaftServerProtocolServiceGrpc.java:265)
	at org.apache.ratis.grpc.server.GrpcServerProtocolClient.requestVote(GrpcServerProtocolClient.java:99)
	at org.apache.ratis.grpc.server.GrpcService.requestVote(GrpcService.java:204)
	at org.apache.ratis.server.impl.LeaderElection.lambda$submitRequests$1(LeaderElection.java:234)
	at java.util.concurrent.FutureTask.run(FutureTask.java:266)
	at java.util.concurrent.Executors$RunnableAdapter.call(Executors.java:511)
	at java.util.concurrent.FutureTask.run(FutureTask.java:266)
	at java.util.concurrent.ThreadPoolExecutor.runWorker(ThreadPoolExecutor.java:1149)
	at java.util.concurrent.ThreadPoolExecutor$Worker.run(ThreadPoolExecutor.java:624)
	... 1 more
Caused by: org.apache.ratis.thirdparty.io.netty.channel.AbstractChannel$AnnotatedConnectException: Connection refused: /192.168.69.104:45225
	at sun.nio.ch.SocketChannelImpl.checkConnect(Native Method)
	at sun.nio.ch.SocketChannelImpl.finishConnect(SocketChannelImpl.java:717)
	at org.apache.ratis.thirdparty.io.netty.channel.socket.nio.NioSocketChannel.doFinishConnect(NioSocketChannel.java:327)
	at org.apache.ratis.thirdparty.io.netty.channel.nio.AbstractNioChannel$AbstractNioUnsafe.finishConnect(AbstractNioChannel.java:340)
	at org.apache.ratis.thirdparty.io.netty.channel.nio.NioEventLoop.processSelectedKey(NioEventLoop.java:632)
	at org.apache.ratis.thirdparty.io.netty.channel.nio.NioEventLoop.processSelectedKeysOptimized(NioEventLoop.java:579)
	at org.apache.ratis.thirdparty.io.netty.channel.nio.NioEventLoop.processSelectedKeys(NioEventLoop.java:496)
	at org.apache.ratis.thirdparty.io.netty.channel.nio.NioEventLoop.run(NioEventLoop.java:458)
	at org.apache.ratis.thirdparty.io.netty.util.concurrent.SingleThreadEventExecutor$5.run(SingleThreadEventExecutor.java:897)
	at org.apache.ratis.thirdparty.io.netty.util.concurrent.FastThreadLocalRunnable.run(FastThreadLocalRunnable.java:30)
	... 1 more
Caused by: java.net.ConnectException: Connection refused
	... 11 more
2019-10-16 05:42:04,507 [a85e69e5-760c-4b40-a424-fc77673779df@group-AFFE1363742F-LeaderElection60] INFO  impl.LeaderElection (LeaderElection.java:logAndReturn(56)) - a85e69e5-760c-4b40-a424-fc77673779df@group-AFFE1363742F-LeaderElection60: Election REJECTED; received 0 response(s) [] and 2 exception(s); a85e69e5-760c-4b40-a424-fc77673779df@group-AFFE1363742F:t37, leader=null, voted=a85e69e5-760c-4b40-a424-fc77673779df, raftlog=a85e69e5-760c-4b40-a424-fc77673779df@group-AFFE1363742F-SegmentedRaftLog:OPENED:c28,f28,i28, conf=0: [163c5688-ede5-44ab-b3bd-c5a10f730980:192.168.69.104:45225, a85e69e5-760c-4b40-a424-fc77673779df:192.168.69.104:37941, 73edb6ac-4c26-463f-ad6d-00f88e6dbd58:192.168.69.104:35488], old=null
2019-10-16 05:42:04,507 [a85e69e5-760c-4b40-a424-fc77673779df@group-AFFE1363742F-LeaderElection60] INFO  impl.LeaderElection (LogUtils.java:infoOrTrace(149)) -   Exception 0: {}
java.util.concurrent.ExecutionException: org.apache.ratis.thirdparty.io.grpc.StatusRuntimeException: UNAVAILABLE: io exception
	at java.util.concurrent.FutureTask.report(FutureTask.java:122)
	at java.util.concurrent.FutureTask.get(FutureTask.java:192)
	at org.apache.ratis.server.impl.LeaderElection.waitForResults(LeaderElection.java:259)
	at org.apache.ratis.server.impl.LeaderElection.askForVotes(LeaderElection.java:197)
	at org.apache.ratis.server.impl.LeaderElection.run(LeaderElection.java:133)
	at java.lang.Thread.run(Thread.java:748)
Caused by: org.apache.ratis.thirdparty.io.grpc.StatusRuntimeException: UNAVAILABLE: io exception
	at org.apache.ratis.thirdparty.io.grpc.stub.ClientCalls.toStatusRuntimeException(ClientCalls.java:233)
	at org.apache.ratis.thirdparty.io.grpc.stub.ClientCalls.getUnchecked(ClientCalls.java:214)
	at org.apache.ratis.thirdparty.io.grpc.stub.ClientCalls.blockingUnaryCall(ClientCalls.java:139)
	at org.apache.ratis.proto.grpc.RaftServerProtocolServiceGrpc$RaftServerProtocolServiceBlockingStub.requestVote(RaftServerProtocolServiceGrpc.java:265)
	at org.apache.ratis.grpc.server.GrpcServerProtocolClient.requestVote(GrpcServerProtocolClient.java:99)
	at org.apache.ratis.grpc.server.GrpcService.requestVote(GrpcService.java:204)
	at org.apache.ratis.server.impl.LeaderElection.lambda$submitRequests$1(LeaderElection.java:234)
	at java.util.concurrent.FutureTask.run(FutureTask.java:266)
	at java.util.concurrent.Executors$RunnableAdapter.call(Executors.java:511)
	at java.util.concurrent.FutureTask.run(FutureTask.java:266)
	at java.util.concurrent.ThreadPoolExecutor.runWorker(ThreadPoolExecutor.java:1149)
	at java.util.concurrent.ThreadPoolExecutor$Worker.run(ThreadPoolExecutor.java:624)
	... 1 more
Caused by: org.apache.ratis.thirdparty.io.netty.channel.AbstractChannel$AnnotatedConnectException: Connection refused: /192.168.69.104:35488
	at sun.nio.ch.SocketChannelImpl.checkConnect(Native Method)
	at sun.nio.ch.SocketChannelImpl.finishConnect(SocketChannelImpl.java:717)
	at org.apache.ratis.thirdparty.io.netty.channel.socket.nio.NioSocketChannel.doFinishConnect(NioSocketChannel.java:327)
	at org.apache.ratis.thirdparty.io.netty.channel.nio.AbstractNioChannel$AbstractNioUnsafe.finishConnect(AbstractNioChannel.java:340)
	at org.apache.ratis.thirdparty.io.netty.channel.nio.NioEventLoop.processSelectedKey(NioEventLoop.java:632)
	at org.apache.ratis.thirdparty.io.netty.channel.nio.NioEventLoop.processSelectedKeysOptimized(NioEventLoop.java:579)
	at org.apache.ratis.thirdparty.io.netty.channel.nio.NioEventLoop.processSelectedKeys(NioEventLoop.java:496)
	at org.apache.ratis.thirdparty.io.netty.channel.nio.NioEventLoop.run(NioEventLoop.java:458)
	at org.apache.ratis.thirdparty.io.netty.util.concurrent.SingleThreadEventExecutor$5.run(SingleThreadEventExecutor.java:897)
	at org.apache.ratis.thirdparty.io.netty.util.concurrent.FastThreadLocalRunnable.run(FastThreadLocalRunnable.java:30)
	... 1 more
Caused by: java.net.ConnectException: Connection refused
	... 11 more
2019-10-16 05:42:04,508 [a85e69e5-760c-4b40-a424-fc77673779df@group-AFFE1363742F-LeaderElection60] INFO  impl.LeaderElection (LogUtils.java:infoOrTrace(149)) -   Exception 1: {}
java.util.concurrent.ExecutionException: org.apache.ratis.thirdparty.io.grpc.StatusRuntimeException: UNAVAILABLE: io exception
	at java.util.concurrent.FutureTask.report(FutureTask.java:122)
	at java.util.concurrent.FutureTask.get(FutureTask.java:192)
	at org.apache.ratis.server.impl.LeaderElection.waitForResults(LeaderElection.java:259)
	at org.apache.ratis.server.impl.LeaderElection.askForVotes(LeaderElection.java:197)
	at org.apache.ratis.server.impl.LeaderElection.run(LeaderElection.java:133)
	at java.lang.Thread.run(Thread.java:748)
Caused by: org.apache.ratis.thirdparty.io.grpc.StatusRuntimeException: UNAVAILABLE: io exception
	at org.apache.ratis.thirdparty.io.grpc.stub.ClientCalls.toStatusRuntimeException(ClientCalls.java:233)
	at org.apache.ratis.thirdparty.io.grpc.stub.ClientCalls.getUnchecked(ClientCalls.java:214)
	at org.apache.ratis.thirdparty.io.grpc.stub.ClientCalls.blockingUnaryCall(ClientCalls.java:139)
	at org.apache.ratis.proto.grpc.RaftServerProtocolServiceGrpc$RaftServerProtocolServiceBlockingStub.requestVote(RaftServerProtocolServiceGrpc.java:265)
	at org.apache.ratis.grpc.server.GrpcServerProtocolClient.requestVote(GrpcServerProtocolClient.java:99)
	at org.apache.ratis.grpc.server.GrpcService.requestVote(GrpcService.java:204)
	at org.apache.ratis.server.impl.LeaderElection.lambda$submitRequests$1(LeaderElection.java:234)
	at java.util.concurrent.FutureTask.run(FutureTask.java:266)
	at java.util.concurrent.Executors$RunnableAdapter.call(Executors.java:511)
	at java.util.concurrent.FutureTask.run(FutureTask.java:266)
	at java.util.concurrent.ThreadPoolExecutor.runWorker(ThreadPoolExecutor.java:1149)
	at java.util.concurrent.ThreadPoolExecutor$Worker.run(ThreadPoolExecutor.java:624)
	... 1 more
Caused by: org.apache.ratis.thirdparty.io.netty.channel.AbstractChannel$AnnotatedConnectException: Connection refused: /192.168.69.104:45225
	at sun.nio.ch.SocketChannelImpl.checkConnect(Native Method)
	at sun.nio.ch.SocketChannelImpl.finishConnect(SocketChannelImpl.java:717)
	at org.apache.ratis.thirdparty.io.netty.channel.socket.nio.NioSocketChannel.doFinishConnect(NioSocketChannel.java:327)
	at org.apache.ratis.thirdparty.io.netty.channel.nio.AbstractNioChannel$AbstractNioUnsafe.finishConnect(AbstractNioChannel.java:340)
	at org.apache.ratis.thirdparty.io.netty.channel.nio.NioEventLoop.processSelectedKey(NioEventLoop.java:632)
	at org.apache.ratis.thirdparty.io.netty.channel.nio.NioEventLoop.processSelectedKeysOptimized(NioEventLoop.java:579)
	at org.apache.ratis.thirdparty.io.netty.channel.nio.NioEventLoop.processSelectedKeys(NioEventLoop.java:496)
	at org.apache.ratis.thirdparty.io.netty.channel.nio.NioEventLoop.run(NioEventLoop.java:458)
	at org.apache.ratis.thirdparty.io.netty.util.concurrent.SingleThreadEventExecutor$5.run(SingleThreadEventExecutor.java:897)
	at org.apache.ratis.thirdparty.io.netty.util.concurrent.FastThreadLocalRunnable.run(FastThreadLocalRunnable.java:30)
	... 1 more
Caused by: java.net.ConnectException: Connection refused
	... 11 more
2019-10-16 05:42:04,509 [a85e69e5-760c-4b40-a424-fc77673779df@group-AFFE1363742F-LeaderElection60] INFO  impl.RaftServerImpl (RaftServerImpl.java:setRole(184)) - a85e69e5-760c-4b40-a424-fc77673779df@group-AFFE1363742F: changes role from CANDIDATE to FOLLOWER at term 37 for DISCOVERED_A_NEW_TERM
2019-10-16 05:42:04,509 [a85e69e5-760c-4b40-a424-fc77673779df@group-AFFE1363742F-LeaderElection60] INFO  impl.RoleInfo (RoleInfo.java:shutdownLeaderElection(134)) - a85e69e5-760c-4b40-a424-fc77673779df: shutdown LeaderElection
2019-10-16 05:42:04,509 [a85e69e5-760c-4b40-a424-fc77673779df@group-AFFE1363742F-LeaderElection60] INFO  impl.RoleInfo (RoleInfo.java:updateAndGet(143)) - a85e69e5-760c-4b40-a424-fc77673779df: start FollowerState
2019-10-16 05:42:05,138 [ForkJoinPool.commonPool-worker-0] INFO  ozoneimpl.OzoneContainer (OzoneContainer.java:stop(227)) - Attempting to stop container services.
2019-10-16 05:42:05,139 [ForkJoinPool.commonPool-worker-0] INFO  impl.RaftServerProxy (RaftServerProxy.java:lambda$close$4(314)) - a85e69e5-760c-4b40-a424-fc77673779df: close
2019-10-16 05:42:05,139 [ForkJoinPool.commonPool-worker-0] INFO  impl.RaftServerImpl (RaftServerImpl.java:lambda$shutdown$3(261)) - a85e69e5-760c-4b40-a424-fc77673779df@group-E6F4F842CC7B: shutdown
2019-10-16 05:42:05,139 [ForkJoinPool.commonPool-worker-0] INFO  util.JmxRegister (JmxRegister.java:unregister(73)) - Successfully un-registered JMX Bean with object name Ratis:service=RaftServer,group=group-E6F4F842CC7B,id=a85e69e5-760c-4b40-a424-fc77673779df
2019-10-16 05:42:05,140 [ForkJoinPool.commonPool-worker-0] INFO  impl.RoleInfo (RoleInfo.java:shutdownLeaderState(104)) - a85e69e5-760c-4b40-a424-fc77673779df: shutdown LeaderState
2019-10-16 05:42:05,140 [ForkJoinPool.commonPool-worker-0] INFO  impl.PendingRequests (PendingRequests.java:sendNotLeaderResponses(202)) - a85e69e5-760c-4b40-a424-fc77673779df@group-E6F4F842CC7B-PendingRequests: sendNotLeaderResponses
2019-10-16 05:42:05,140 [ForkJoinPool.commonPool-worker-0] INFO  impl.StateMachineUpdater (StateMachineUpdater.java:stopAndJoin(136)) - a85e69e5-760c-4b40-a424-fc77673779df@group-E6F4F842CC7B-StateMachineUpdater: set stopIndex = 0
2019-10-16 05:42:05,140 [ForkJoinPool.commonPool-worker-0] INFO  impl.RaftServerImpl (ServerState.java:close(388)) - a85e69e5-760c-4b40-a424-fc77673779df@group-E6F4F842CC7B: closes. applyIndex: 0
2019-10-16 05:42:05,141 [a85e69e5-760c-4b40-a424-fc77673779df@group-E6F4F842CC7B-SegmentedRaftLogWorker] INFO  segmented.SegmentedRaftLogWorker (SegmentedRaftLogWorker.java:run(316)) - a85e69e5-760c-4b40-a424-fc77673779df@group-E6F4F842CC7B-SegmentedRaftLogWorker was interrupted, exiting. There are 0 tasks remaining in the queue.
2019-10-16 05:42:05,141 [ForkJoinPool.commonPool-worker-0] INFO  segmented.SegmentedRaftLogWorker (SegmentedRaftLogWorker.java:close(224)) - a85e69e5-760c-4b40-a424-fc77673779df@group-E6F4F842CC7B-SegmentedRaftLogWorker close()
2019-10-16 05:42:05,144 [ForkJoinPool.commonPool-worker-0] INFO  impl.RaftServerImpl (RaftServerImpl.java:lambda$shutdown$3(261)) - a85e69e5-760c-4b40-a424-fc77673779df@group-AFFE1363742F: shutdown
2019-10-16 05:42:05,144 [ForkJoinPool.commonPool-worker-0] INFO  util.JmxRegister (JmxRegister.java:unregister(73)) - Successfully un-registered JMX Bean with object name Ratis:service=RaftServer,group=group-AFFE1363742F,id=a85e69e5-760c-4b40-a424-fc77673779df
2019-10-16 05:42:05,144 [ForkJoinPool.commonPool-worker-0] INFO  impl.RoleInfo (RoleInfo.java:shutdownFollowerState(121)) - a85e69e5-760c-4b40-a424-fc77673779df: shutdown FollowerState
2019-10-16 05:42:05,145 [ForkJoinPool.commonPool-worker-0] INFO  impl.StateMachineUpdater (StateMachineUpdater.java:stopAndJoin(136)) - a85e69e5-760c-4b40-a424-fc77673779df@group-AFFE1363742F-StateMachineUpdater: set stopIndex = 28
2019-10-16 05:42:05,145 [a85e69e5-760c-4b40-a424-fc77673779df@group-AFFE1363742F-StateMachineUpdater] INFO  ratis.ContainerStateMachine (ContainerStateMachine.java:takeSnapshot(294)) - group-AFFE1363742F: Taking a snapshot at:(t:11, i:27) file /workdir/hadoop-ozone/integration-test/target/test-dir/MiniOzoneClusterImpl-2ede335a-ebf0-4a23-bcb3-98605d830964/datanode-4/data/ratis/95272ce7-baeb-427f-b9ae-affe1363742f/sm/snapshot.11_27
2019-10-16 05:42:05,145 [Thread-1470] INFO  impl.FollowerState (FollowerState.java:run(117)) - a85e69e5-760c-4b40-a424-fc77673779df@group-AFFE1363742F-FollowerState was interrupted: java.lang.InterruptedException: sleep interrupted
2019-10-16 05:42:05,152 [main] INFO  ozoneimpl.OzoneContainer (OzoneContainer.java:stop(227)) - Attempting to stop container services.
2019-10-16 05:42:05,152 [main] INFO  impl.RaftServerProxy (RaftServerProxy.java:lambda$close$4(314)) - 906511fb-aae2-435f-94b3-d46461ade586: close
2019-10-16 05:42:05,153 [main] INFO  impl.RaftServerImpl (RaftServerImpl.java:lambda$shutdown$3(261)) - 906511fb-aae2-435f-94b3-d46461ade586@group-C555C49074BE: shutdown
2019-10-16 05:42:05,153 [main] INFO  util.JmxRegister (JmxRegister.java:unregister(73)) - Successfully un-registered JMX Bean with object name Ratis:service=RaftServer,group=group-C555C49074BE,id=906511fb-aae2-435f-94b3-d46461ade586
2019-10-16 05:42:05,153 [main] INFO  impl.RoleInfo (RoleInfo.java:shutdownLeaderState(104)) - 906511fb-aae2-435f-94b3-d46461ade586: shutdown LeaderState
2019-10-16 05:42:05,153 [main] INFO  impl.PendingRequests (PendingRequests.java:sendNotLeaderResponses(202)) - 906511fb-aae2-435f-94b3-d46461ade586@group-C555C49074BE-PendingRequests: sendNotLeaderResponses
2019-10-16 05:42:05,153 [main] INFO  impl.StateMachineUpdater (StateMachineUpdater.java:stopAndJoin(136)) - 906511fb-aae2-435f-94b3-d46461ade586@group-C555C49074BE-StateMachineUpdater: set stopIndex = 0
2019-10-16 05:42:05,154 [main] INFO  impl.RaftServerImpl (ServerState.java:close(388)) - 906511fb-aae2-435f-94b3-d46461ade586@group-C555C49074BE: closes. applyIndex: 0
2019-10-16 05:42:05,154 [906511fb-aae2-435f-94b3-d46461ade586@group-C555C49074BE-SegmentedRaftLogWorker] INFO  segmented.SegmentedRaftLogWorker (SegmentedRaftLogWorker.java:run(316)) - 906511fb-aae2-435f-94b3-d46461ade586@group-C555C49074BE-SegmentedRaftLogWorker was interrupted, exiting. There are 0 tasks remaining in the queue.
2019-10-16 05:42:05,155 [main] INFO  segmented.SegmentedRaftLogWorker (SegmentedRaftLogWorker.java:close(224)) - 906511fb-aae2-435f-94b3-d46461ade586@group-C555C49074BE-SegmentedRaftLogWorker close()
2019-10-16 05:42:05,156 [main] INFO  server.GrpcService (GrpcService.java:closeImpl(164)) - 906511fb-aae2-435f-94b3-d46461ade586: shutdown server with port 32980 now
2019-10-16 05:42:05,158 [main] INFO  server.GrpcService (GrpcService.java:closeImpl(172)) - 906511fb-aae2-435f-94b3-d46461ade586: shutdown server with port 32980 successfully
2019-10-16 05:42:05,159 [a85e69e5-760c-4b40-a424-fc77673779df@group-AFFE1363742F-StateMachineUpdater] INFO  ratis.ContainerStateMachine (ContainerStateMachine.java:takeSnapshot(305)) - group-AFFE1363742F: Finished taking a snapshot at:(t:11, i:27) file:/workdir/hadoop-ozone/integration-test/target/test-dir/MiniOzoneClusterImpl-2ede335a-ebf0-4a23-bcb3-98605d830964/datanode-4/data/ratis/95272ce7-baeb-427f-b9ae-affe1363742f/sm/snapshot.11_27 time:13
2019-10-16 05:42:05,159 [a85e69e5-760c-4b40-a424-fc77673779df@group-AFFE1363742F-StateMachineUpdater] INFO  impl.StateMachineUpdater (StateMachineUpdater.java:takeSnapshot(269)) - a85e69e5-760c-4b40-a424-fc77673779df@group-AFFE1363742F-StateMachineUpdater: Took a snapshot at index 27
2019-10-16 05:42:05,159 [a85e69e5-760c-4b40-a424-fc77673779df@group-AFFE1363742F-StateMachineUpdater] INFO  impl.StateMachineUpdater (StateMachineUpdater.java:lambda$new$0(84)) - a85e69e5-760c-4b40-a424-fc77673779df@group-AFFE1363742F-StateMachineUpdater: snapshotIndex: updateIncreasingly -1 -> 27
2019-10-16 05:42:05,160 [a85e69e5-760c-4b40-a424-fc77673779df@group-AFFE1363742F-StateMachineUpdater] INFO  ratis.ContainerStateMachine (ContainerStateMachine.java:takeSnapshot(294)) - group-AFFE1363742F: Taking a snapshot at:(t:11, i:27) file /workdir/hadoop-ozone/integration-test/target/test-dir/MiniOzoneClusterImpl-2ede335a-ebf0-4a23-bcb3-98605d830964/datanode-4/data/ratis/95272ce7-baeb-427f-b9ae-affe1363742f/sm/snapshot.11_27
2019-10-16 05:42:05,160 [refreshUsed-/workdir/hadoop-ozone/integration-test/target/test-dir/MiniOzoneClusterImpl-2ede335a-ebf0-4a23-bcb3-98605d830964/datanode-7/data/containers] WARN  fs.CachingGetSpaceUsed (CachingGetSpaceUsed.java:run(183)) - Thread Interrupted waiting to refresh disk information: sleep interrupted
2019-10-16 05:42:05,173 [a85e69e5-760c-4b40-a424-fc77673779df@group-AFFE1363742F-StateMachineUpdater] INFO  ratis.ContainerStateMachine (ContainerStateMachine.java:takeSnapshot(305)) - group-AFFE1363742F: Finished taking a snapshot at:(t:11, i:27) file:/workdir/hadoop-ozone/integration-test/target/test-dir/MiniOzoneClusterImpl-2ede335a-ebf0-4a23-bcb3-98605d830964/datanode-4/data/ratis/95272ce7-baeb-427f-b9ae-affe1363742f/sm/snapshot.11_27 time:13
2019-10-16 05:42:05,173 [a85e69e5-760c-4b40-a424-fc77673779df@group-AFFE1363742F-StateMachineUpdater] INFO  impl.StateMachineUpdater (StateMachineUpdater.java:takeSnapshot(269)) - a85e69e5-760c-4b40-a424-fc77673779df@group-AFFE1363742F-StateMachineUpdater: Took a snapshot at index 27
2019-10-16 05:42:05,173 [a85e69e5-760c-4b40-a424-fc77673779df@group-AFFE1363742F-StateMachineUpdater] INFO  impl.StateMachineUpdater (StateMachineUpdater.java:lambda$new$0(84)) - a85e69e5-760c-4b40-a424-fc77673779df@group-AFFE1363742F-StateMachineUpdater: snapshotIndex: updateIncreasingly 27 -> 27
2019-10-16 05:42:05,173 [ForkJoinPool.commonPool-worker-0] INFO  impl.RaftServerImpl (ServerState.java:close(388)) - a85e69e5-760c-4b40-a424-fc77673779df@group-AFFE1363742F: closes. applyIndex: 28
2019-10-16 05:42:05,174 [a85e69e5-760c-4b40-a424-fc77673779df@group-AFFE1363742F-SegmentedRaftLogWorker] INFO  segmented.SegmentedRaftLogWorker (SegmentedRaftLogWorker.java:run(316)) - a85e69e5-760c-4b40-a424-fc77673779df@group-AFFE1363742F-SegmentedRaftLogWorker was interrupted, exiting. There are 0 tasks remaining in the queue.
2019-10-16 05:42:05,174 [ForkJoinPool.commonPool-worker-0] INFO  segmented.SegmentedRaftLogWorker (SegmentedRaftLogWorker.java:close(224)) - a85e69e5-760c-4b40-a424-fc77673779df@group-AFFE1363742F-SegmentedRaftLogWorker close()
2019-10-16 05:42:05,175 [ForkJoinPool.commonPool-worker-0] INFO  server.GrpcService (GrpcService.java:closeImpl(164)) - a85e69e5-760c-4b40-a424-fc77673779df: shutdown server with port 37941 now
2019-10-16 05:42:05,176 [main] INFO  utils.BackgroundService (BackgroundService.java:shutdown(151)) - Shutting down service BlockDeletingService
2019-10-16 05:42:05,176 [ForkJoinPool.commonPool-worker-0] INFO  server.GrpcService (GrpcService.java:closeImpl(172)) - a85e69e5-760c-4b40-a424-fc77673779df: shutdown server with port 37941 successfully
2019-10-16 05:42:05,180 [main] INFO  statemachine.DatanodeStateMachine (DatanodeStateMachine.java:stopDaemon(395)) - Ozone container server stopped.
2019-10-16 05:42:05,181 [refreshUsed-/workdir/hadoop-ozone/integration-test/target/test-dir/MiniOzoneClusterImpl-2ede335a-ebf0-4a23-bcb3-98605d830964/datanode-4/data/containers] WARN  fs.CachingGetSpaceUsed (CachingGetSpaceUsed.java:run(183)) - Thread Interrupted waiting to refresh disk information: sleep interrupted
2019-10-16 05:42:05,182 [main] INFO  handler.ContextHandler (ContextHandler.java:doStop(910)) - Stopped o.e.j.w.WebAppContext@268cbb86{/,null,UNAVAILABLE}{/hddsDatanode}
2019-10-16 05:42:05,182 [main] INFO  server.AbstractConnector (AbstractConnector.java:doStop(318)) - Stopped ServerConnector@10f7918f{HTTP/1.1,[http/1.1]}{0.0.0.0:0}
2019-10-16 05:42:05,183 [main] INFO  handler.ContextHandler (ContextHandler.java:doStop(910)) - Stopped o.e.j.s.ServletContextHandler@3c3c4a71{/static,jar:file:/home/user/.m2/repository/org/apache/hadoop/hadoop-hdds-container-service/0.5.0-SNAPSHOT/hadoop-hdds-container-service-0.5.0-SNAPSHOT.jar!/webapps/static,UNAVAILABLE}
2019-10-16 05:42:05,183 [main] INFO  handler.ContextHandler (ContextHandler.java:doStop(910)) - Stopped o.e.j.s.ServletContextHandler@31ddb930{/logs,file:///workdir/hadoop-ozone/integration-test/target/log,UNAVAILABLE}
2019-10-16 05:42:05,203 [ForkJoinPool.commonPool-worker-0] INFO  utils.BackgroundService (BackgroundService.java:shutdown(151)) - Shutting down service BlockDeletingService
2019-10-16 05:42:05,206 [ForkJoinPool.commonPool-worker-0] INFO  statemachine.DatanodeStateMachine (DatanodeStateMachine.java:stopDaemon(395)) - Ozone container server stopped.
2019-10-16 05:42:05,210 [ForkJoinPool.commonPool-worker-0] INFO  handler.ContextHandler (ContextHandler.java:doStop(910)) - Stopped o.e.j.w.WebAppContext@5a6fa56e{/,null,UNAVAILABLE}{/hddsDatanode}
2019-10-16 05:42:05,210 [ForkJoinPool.commonPool-worker-0] INFO  server.AbstractConnector (AbstractConnector.java:doStop(318)) - Stopped ServerConnector@1981d861{HTTP/1.1,[http/1.1]}{0.0.0.0:0}
2019-10-16 05:42:05,211 [ForkJoinPool.commonPool-worker-0] INFO  handler.ContextHandler (ContextHandler.java:doStop(910)) - Stopped o.e.j.s.ServletContextHandler@15639440{/static,jar:file:/home/user/.m2/repository/org/apache/hadoop/hadoop-hdds-container-service/0.5.0-SNAPSHOT/hadoop-hdds-container-service-0.5.0-SNAPSHOT.jar!/webapps/static,UNAVAILABLE}
2019-10-16 05:42:05,212 [ForkJoinPool.commonPool-worker-0] INFO  handler.ContextHandler (ContextHandler.java:doStop(910)) - Stopped o.e.j.s.ServletContextHandler@712cfb63{/logs,file:///workdir/hadoop-ozone/integration-test/target/log,UNAVAILABLE}
2019-10-16 05:42:05,567 [Datanode State Machine Thread - 0] INFO  statemachine.DatanodeStateMachine (DatanodeStateMachine.java:lambda$startDaemon$0(350)) - Ozone container server started.
2019-10-16 05:42:07,516 [java.util.concurrent.ThreadPoolExecutor$Worker@4d25108f[State = -1, empty queue]] WARN  server.GrpcLogAppender (GrpcLogAppender.java:timeoutAppendRequest(209)) - a92c0124-0b6b-4eab-8828-4a4218b90be6@group-FD3ACD3F2F2D->8fe94103-1ee8-4728-abac-39da8dc74e05-GrpcLogAppender: appendEntries Timeout, request=a92c0124-0b6b-4eab-8828-4a4218b90be6->8fe94103-1ee8-4728-abac-39da8dc74e05#1-t7, previous=(t:6, i:36), leaderCommit=38, initializing? false, entries: <empty>
2019-10-16 05:42:10,187 [main] INFO  ozoneimpl.OzoneContainer (OzoneContainer.java:stop(227)) - Attempting to stop container services.
2019-10-16 05:42:10,190 [main] INFO  impl.RaftServerProxy (RaftServerProxy.java:lambda$close$4(314)) - f1a365c1-fe59-4a48-93c2-eb51ec4ae0f7: close
2019-10-16 05:42:10,191 [main] INFO  impl.RaftServerImpl (RaftServerImpl.java:lambda$shutdown$3(261)) - f1a365c1-fe59-4a48-93c2-eb51ec4ae0f7@group-FD3ACD3F2F2D: shutdown
2019-10-16 05:42:10,192 [main] INFO  util.JmxRegister (JmxRegister.java:unregister(73)) - Successfully un-registered JMX Bean with object name Ratis:service=RaftServer,group=group-FD3ACD3F2F2D,id=f1a365c1-fe59-4a48-93c2-eb51ec4ae0f7
2019-10-16 05:42:10,192 [main] INFO  impl.RoleInfo (RoleInfo.java:shutdownFollowerState(121)) - f1a365c1-fe59-4a48-93c2-eb51ec4ae0f7: shutdown FollowerState
2019-10-16 05:42:10,193 [main] INFO  impl.StateMachineUpdater (StateMachineUpdater.java:stopAndJoin(136)) - f1a365c1-fe59-4a48-93c2-eb51ec4ae0f7@group-FD3ACD3F2F2D-StateMachineUpdater: set stopIndex = 38
2019-10-16 05:42:10,193 [f1a365c1-fe59-4a48-93c2-eb51ec4ae0f7@group-FD3ACD3F2F2D-StateMachineUpdater] INFO  ratis.ContainerStateMachine (ContainerStateMachine.java:takeSnapshot(294)) - group-FD3ACD3F2F2D: Taking a snapshot at:(t:6, i:34) file /workdir/hadoop-ozone/integration-test/target/test-dir/MiniOzoneClusterImpl-2ede335a-ebf0-4a23-bcb3-98605d830964/datanode-0/data/ratis/e1b70ff6-5c86-4e33-80e5-fd3acd3f2f2d/sm/snapshot.6_34
2019-10-16 05:42:10,193 [Thread-1445] INFO  impl.FollowerState (FollowerState.java:run(117)) - f1a365c1-fe59-4a48-93c2-eb51ec4ae0f7@group-FD3ACD3F2F2D-FollowerState was interrupted: java.lang.InterruptedException: sleep interrupted
2019-10-16 05:42:10,207 [f1a365c1-fe59-4a48-93c2-eb51ec4ae0f7@group-FD3ACD3F2F2D-StateMachineUpdater] INFO  ratis.ContainerStateMachine (ContainerStateMachine.java:takeSnapshot(305)) - group-FD3ACD3F2F2D: Finished taking a snapshot at:(t:6, i:34) file:/workdir/hadoop-ozone/integration-test/target/test-dir/MiniOzoneClusterImpl-2ede335a-ebf0-4a23-bcb3-98605d830964/datanode-0/data/ratis/e1b70ff6-5c86-4e33-80e5-fd3acd3f2f2d/sm/snapshot.6_34 time:14
2019-10-16 05:42:10,208 [f1a365c1-fe59-4a48-93c2-eb51ec4ae0f7@group-FD3ACD3F2F2D-StateMachineUpdater] INFO  impl.StateMachineUpdater (StateMachineUpdater.java:takeSnapshot(269)) - f1a365c1-fe59-4a48-93c2-eb51ec4ae0f7@group-FD3ACD3F2F2D-StateMachineUpdater: Took a snapshot at index 34
2019-10-16 05:42:10,208 [f1a365c1-fe59-4a48-93c2-eb51ec4ae0f7@group-FD3ACD3F2F2D-StateMachineUpdater] INFO  impl.StateMachineUpdater (StateMachineUpdater.java:lambda$new$0(84)) - f1a365c1-fe59-4a48-93c2-eb51ec4ae0f7@group-FD3ACD3F2F2D-StateMachineUpdater: snapshotIndex: updateIncreasingly -1 -> 34
2019-10-16 05:42:10,209 [f1a365c1-fe59-4a48-93c2-eb51ec4ae0f7@group-FD3ACD3F2F2D-StateMachineUpdater] INFO  ratis.ContainerStateMachine (ContainerStateMachine.java:takeSnapshot(294)) - group-FD3ACD3F2F2D: Taking a snapshot at:(t:6, i:34) file /workdir/hadoop-ozone/integration-test/target/test-dir/MiniOzoneClusterImpl-2ede335a-ebf0-4a23-bcb3-98605d830964/datanode-0/data/ratis/e1b70ff6-5c86-4e33-80e5-fd3acd3f2f2d/sm/snapshot.6_34
2019-10-16 05:42:10,221 [f1a365c1-fe59-4a48-93c2-eb51ec4ae0f7@group-FD3ACD3F2F2D-StateMachineUpdater] INFO  ratis.ContainerStateMachine (ContainerStateMachine.java:takeSnapshot(305)) - group-FD3ACD3F2F2D: Finished taking a snapshot at:(t:6, i:34) file:/workdir/hadoop-ozone/integration-test/target/test-dir/MiniOzoneClusterImpl-2ede335a-ebf0-4a23-bcb3-98605d830964/datanode-0/data/ratis/e1b70ff6-5c86-4e33-80e5-fd3acd3f2f2d/sm/snapshot.6_34 time:12
2019-10-16 05:42:10,221 [f1a365c1-fe59-4a48-93c2-eb51ec4ae0f7@group-FD3ACD3F2F2D-StateMachineUpdater] INFO  impl.StateMachineUpdater (StateMachineUpdater.java:takeSnapshot(269)) - f1a365c1-fe59-4a48-93c2-eb51ec4ae0f7@group-FD3ACD3F2F2D-StateMachineUpdater: Took a snapshot at index 34
2019-10-16 05:42:10,221 [f1a365c1-fe59-4a48-93c2-eb51ec4ae0f7@group-FD3ACD3F2F2D-StateMachineUpdater] INFO  impl.StateMachineUpdater (StateMachineUpdater.java:lambda$new$0(84)) - f1a365c1-fe59-4a48-93c2-eb51ec4ae0f7@group-FD3ACD3F2F2D-StateMachineUpdater: snapshotIndex: updateIncreasingly 34 -> 34
2019-10-16 05:42:10,222 [main] INFO  impl.RaftServerImpl (ServerState.java:close(388)) - f1a365c1-fe59-4a48-93c2-eb51ec4ae0f7@group-FD3ACD3F2F2D: closes. applyIndex: 38
2019-10-16 05:42:10,223 [f1a365c1-fe59-4a48-93c2-eb51ec4ae0f7@group-FD3ACD3F2F2D-SegmentedRaftLogWorker] INFO  segmented.SegmentedRaftLogWorker (SegmentedRaftLogWorker.java:run(316)) - f1a365c1-fe59-4a48-93c2-eb51ec4ae0f7@group-FD3ACD3F2F2D-SegmentedRaftLogWorker was interrupted, exiting. There are 0 tasks remaining in the queue.
2019-10-16 05:42:10,228 [main] INFO  segmented.SegmentedRaftLogWorker (SegmentedRaftLogWorker.java:close(224)) - f1a365c1-fe59-4a48-93c2-eb51ec4ae0f7@group-FD3ACD3F2F2D-SegmentedRaftLogWorker close()
2019-10-16 05:42:10,229 [main] INFO  impl.RaftServerImpl (RaftServerImpl.java:lambda$shutdown$3(261)) - f1a365c1-fe59-4a48-93c2-eb51ec4ae0f7@group-8D1D59212C87: shutdown
2019-10-16 05:42:10,229 [main] INFO  util.JmxRegister (JmxRegister.java:unregister(73)) - Successfully un-registered JMX Bean with object name Ratis:service=RaftServer,group=group-8D1D59212C87,id=f1a365c1-fe59-4a48-93c2-eb51ec4ae0f7
2019-10-16 05:42:10,230 [main] INFO  impl.RoleInfo (RoleInfo.java:shutdownLeaderState(104)) - f1a365c1-fe59-4a48-93c2-eb51ec4ae0f7: shutdown LeaderState
2019-10-16 05:42:10,230 [main] INFO  impl.PendingRequests (PendingRequests.java:sendNotLeaderResponses(202)) - f1a365c1-fe59-4a48-93c2-eb51ec4ae0f7@group-8D1D59212C87-PendingRequests: sendNotLeaderResponses
2019-10-16 05:42:10,231 [main] INFO  impl.StateMachineUpdater (StateMachineUpdater.java:stopAndJoin(136)) - f1a365c1-fe59-4a48-93c2-eb51ec4ae0f7@group-8D1D59212C87-StateMachineUpdater: set stopIndex = 0
2019-10-16 05:42:10,231 [main] INFO  impl.RaftServerImpl (ServerState.java:close(388)) - f1a365c1-fe59-4a48-93c2-eb51ec4ae0f7@group-8D1D59212C87: closes. applyIndex: 0
2019-10-16 05:42:10,232 [f1a365c1-fe59-4a48-93c2-eb51ec4ae0f7@group-8D1D59212C87-SegmentedRaftLogWorker] INFO  segmented.SegmentedRaftLogWorker (SegmentedRaftLogWorker.java:run(316)) - f1a365c1-fe59-4a48-93c2-eb51ec4ae0f7@group-8D1D59212C87-SegmentedRaftLogWorker was interrupted, exiting. There are 0 tasks remaining in the queue.
2019-10-16 05:42:10,232 [main] INFO  segmented.SegmentedRaftLogWorker (SegmentedRaftLogWorker.java:close(224)) - f1a365c1-fe59-4a48-93c2-eb51ec4ae0f7@group-8D1D59212C87-SegmentedRaftLogWorker close()
2019-10-16 05:42:10,234 [main] INFO  server.GrpcService (GrpcService.java:closeImpl(164)) - f1a365c1-fe59-4a48-93c2-eb51ec4ae0f7: shutdown server with port 43934 now
2019-10-16 05:42:10,236 [main] INFO  server.GrpcService (GrpcService.java:closeImpl(172)) - f1a365c1-fe59-4a48-93c2-eb51ec4ae0f7: shutdown server with port 43934 successfully
2019-10-16 05:42:10,236 [grpc-default-executor-7] WARN  server.GrpcServerProtocolService (LogUtils.java:warn(134)) - f1a365c1-fe59-4a48-93c2-eb51ec4ae0f7: installSnapshot onError, lastRequest: a92c0124-0b6b-4eab-8828-4a4218b90be6->f1a365c1-fe59-4a48-93c2-eb51ec4ae0f7#19-t7, previous=(t:7, i:38), leaderCommit=38, initializing? false, entries: <empty>: org.apache.ratis.thirdparty.io.grpc.StatusRuntimeException: CANCELLED: cancelled before receiving half close
2019-10-16 05:42:10,236 [grpc-default-executor-5] WARN  server.GrpcLogAppender (LogUtils.java:warn(134)) - a92c0124-0b6b-4eab-8828-4a4218b90be6@group-FD3ACD3F2F2D->f1a365c1-fe59-4a48-93c2-eb51ec4ae0f7-AppendLogResponseHandler: Failed appendEntries: org.apache.ratis.thirdparty.io.grpc.StatusRuntimeException: CANCELLED: HTTP/2 error code: CANCEL
Received Rst Stream
2019-10-16 05:42:10,242 [refreshUsed-/workdir/hadoop-ozone/integration-test/target/test-dir/MiniOzoneClusterImpl-2ede335a-ebf0-4a23-bcb3-98605d830964/datanode-0/data/containers] WARN  fs.CachingGetSpaceUsed (CachingGetSpaceUsed.java:run(183)) - Thread Interrupted waiting to refresh disk information: sleep interrupted
2019-10-16 05:42:10,262 [main] INFO  utils.BackgroundService (BackgroundService.java:shutdown(151)) - Shutting down service BlockDeletingService
2019-10-16 05:42:10,266 [main] INFO  statemachine.DatanodeStateMachine (DatanodeStateMachine.java:stopDaemon(395)) - Ozone container server stopped.
2019-10-16 05:42:10,267 [main] INFO  handler.ContextHandler (ContextHandler.java:doStop(910)) - Stopped o.e.j.w.WebAppContext@61cd1c71{/,null,UNAVAILABLE}{/hddsDatanode}
2019-10-16 05:42:10,268 [main] INFO  server.AbstractConnector (AbstractConnector.java:doStop(318)) - Stopped ServerConnector@6724cdec{HTTP/1.1,[http/1.1]}{0.0.0.0:0}
2019-10-16 05:42:10,269 [main] INFO  handler.ContextHandler (ContextHandler.java:doStop(910)) - Stopped o.e.j.s.ServletContextHandler@13d9261f{/static,jar:file:/home/user/.m2/repository/org/apache/hadoop/hadoop-hdds-container-service/0.5.0-SNAPSHOT/hadoop-hdds-container-service-0.5.0-SNAPSHOT.jar!/webapps/static,UNAVAILABLE}
2019-10-16 05:42:10,269 [main] INFO  handler.ContextHandler (ContextHandler.java:doStop(910)) - Stopped o.e.j.s.ServletContextHandler@644ded04{/logs,file:///workdir/hadoop-ozone/integration-test/target/log,UNAVAILABLE}
2019-10-16 05:42:10,517 [java.util.concurrent.ThreadPoolExecutor$Worker@4d25108f[State = -1, empty queue]] WARN  server.GrpcLogAppender (GrpcLogAppender.java:timeoutAppendRequest(209)) - a92c0124-0b6b-4eab-8828-4a4218b90be6@group-FD3ACD3F2F2D->8fe94103-1ee8-4728-abac-39da8dc74e05-GrpcLogAppender: appendEntries Timeout, request=a92c0124-0b6b-4eab-8828-4a4218b90be6->8fe94103-1ee8-4728-abac-39da8dc74e05#2-t7, previous=(t:6, i:36), leaderCommit=38, initializing? false, entries: <empty>
2019-10-16 05:42:10,569 [Datanode State Machine Thread - 0] INFO  statemachine.DatanodeStateMachine (DatanodeStateMachine.java:lambda$startDaemon$0(350)) - Ozone container server started.
2019-10-16 05:42:13,520 [java.util.concurrent.ThreadPoolExecutor$Worker@4d25108f[State = -1, empty queue]] WARN  server.GrpcLogAppender (GrpcLogAppender.java:timeoutAppendRequest(209)) - a92c0124-0b6b-4eab-8828-4a4218b90be6@group-FD3ACD3F2F2D->8fe94103-1ee8-4728-abac-39da8dc74e05-GrpcLogAppender: appendEntries Timeout, request=a92c0124-0b6b-4eab-8828-4a4218b90be6->8fe94103-1ee8-4728-abac-39da8dc74e05#3-t7, previous=(t:6, i:36), leaderCommit=38, initializing? false, entries: <empty>
2019-10-16 05:42:13,559 [java.util.concurrent.ThreadPoolExecutor$Worker@7a58dad7[State = -1, empty queue]] WARN  server.GrpcLogAppender (GrpcLogAppender.java:timeoutAppendRequest(209)) - a92c0124-0b6b-4eab-8828-4a4218b90be6@group-FD3ACD3F2F2D->f1a365c1-fe59-4a48-93c2-eb51ec4ae0f7-GrpcLogAppender: appendEntries Timeout, request=a92c0124-0b6b-4eab-8828-4a4218b90be6->f1a365c1-fe59-4a48-93c2-eb51ec4ae0f7#20-t7, previous=(t:7, i:38), leaderCommit=38, initializing? false, entries: <empty>
2019-10-16 05:42:14,060 [java.util.concurrent.ThreadPoolExecutor$Worker@7a58dad7[State = -1, empty queue]] WARN  server.GrpcLogAppender (GrpcLogAppender.java:timeoutAppendRequest(209)) - a92c0124-0b6b-4eab-8828-4a4218b90be6@group-FD3ACD3F2F2D->f1a365c1-fe59-4a48-93c2-eb51ec4ae0f7-GrpcLogAppender: appendEntries Timeout, request=a92c0124-0b6b-4eab-8828-4a4218b90be6->f1a365c1-fe59-4a48-93c2-eb51ec4ae0f7#21-t7, previous=(t:7, i:38), leaderCommit=38, initializing? false, entries: <empty>
2019-10-16 05:42:14,561 [java.util.concurrent.ThreadPoolExecutor$Worker@7a58dad7[State = -1, empty queue]] WARN  server.GrpcLogAppender (GrpcLogAppender.java:timeoutAppendRequest(209)) - a92c0124-0b6b-4eab-8828-4a4218b90be6@group-FD3ACD3F2F2D->f1a365c1-fe59-4a48-93c2-eb51ec4ae0f7-GrpcLogAppender: appendEntries Timeout, request=a92c0124-0b6b-4eab-8828-4a4218b90be6->f1a365c1-fe59-4a48-93c2-eb51ec4ae0f7#22-t7, previous=(t:7, i:38), leaderCommit=38, initializing? false, entries: <empty>
2019-10-16 05:42:15,060 [java.util.concurrent.ThreadPoolExecutor$Worker@7a58dad7[State = -1, empty queue]] WARN  server.GrpcLogAppender (GrpcLogAppender.java:timeoutAppendRequest(209)) - a92c0124-0b6b-4eab-8828-4a4218b90be6@group-FD3ACD3F2F2D->f1a365c1-fe59-4a48-93c2-eb51ec4ae0f7-GrpcLogAppender: appendEntries Timeout, request=a92c0124-0b6b-4eab-8828-4a4218b90be6->f1a365c1-fe59-4a48-93c2-eb51ec4ae0f7#23-t7, previous=(t:7, i:38), leaderCommit=38, initializing? false, entries: <empty>
2019-10-16 05:42:15,272 [main] INFO  ozoneimpl.OzoneContainer (OzoneContainer.java:stop(227)) - Attempting to stop container services.
2019-10-16 05:42:15,274 [main] INFO  impl.RaftServerProxy (RaftServerProxy.java:lambda$close$4(314)) - a92c0124-0b6b-4eab-8828-4a4218b90be6: close
2019-10-16 05:42:15,275 [main] INFO  impl.RaftServerImpl (RaftServerImpl.java:lambda$shutdown$3(261)) - a92c0124-0b6b-4eab-8828-4a4218b90be6@group-282A7E834449: shutdown
2019-10-16 05:42:15,276 [main] INFO  util.JmxRegister (JmxRegister.java:unregister(73)) - Successfully un-registered JMX Bean with object name Ratis:service=RaftServer,group=group-282A7E834449,id=a92c0124-0b6b-4eab-8828-4a4218b90be6
2019-10-16 05:42:15,276 [main] INFO  impl.RoleInfo (RoleInfo.java:shutdownLeaderState(104)) - a92c0124-0b6b-4eab-8828-4a4218b90be6: shutdown LeaderState
2019-10-16 05:42:15,277 [main] INFO  impl.PendingRequests (PendingRequests.java:sendNotLeaderResponses(202)) - a92c0124-0b6b-4eab-8828-4a4218b90be6@group-282A7E834449-PendingRequests: sendNotLeaderResponses
2019-10-16 05:42:15,278 [main] INFO  impl.StateMachineUpdater (StateMachineUpdater.java:stopAndJoin(136)) - a92c0124-0b6b-4eab-8828-4a4218b90be6@group-282A7E834449-StateMachineUpdater: set stopIndex = 0
2019-10-16 05:42:15,279 [main] INFO  impl.RaftServerImpl (ServerState.java:close(388)) - a92c0124-0b6b-4eab-8828-4a4218b90be6@group-282A7E834449: closes. applyIndex: 0
2019-10-16 05:42:15,280 [a92c0124-0b6b-4eab-8828-4a4218b90be6@group-282A7E834449-SegmentedRaftLogWorker] INFO  segmented.SegmentedRaftLogWorker (SegmentedRaftLogWorker.java:run(316)) - a92c0124-0b6b-4eab-8828-4a4218b90be6@group-282A7E834449-SegmentedRaftLogWorker was interrupted, exiting. There are 0 tasks remaining in the queue.
2019-10-16 05:42:15,280 [main] INFO  segmented.SegmentedRaftLogWorker (SegmentedRaftLogWorker.java:close(224)) - a92c0124-0b6b-4eab-8828-4a4218b90be6@group-282A7E834449-SegmentedRaftLogWorker close()
2019-10-16 05:42:15,284 [main] INFO  impl.RaftServerImpl (RaftServerImpl.java:lambda$shutdown$3(261)) - a92c0124-0b6b-4eab-8828-4a4218b90be6@group-FD3ACD3F2F2D: shutdown
2019-10-16 05:42:15,284 [main] INFO  util.JmxRegister (JmxRegister.java:unregister(73)) - Successfully un-registered JMX Bean with object name Ratis:service=RaftServer,group=group-FD3ACD3F2F2D,id=a92c0124-0b6b-4eab-8828-4a4218b90be6
2019-10-16 05:42:15,285 [main] INFO  impl.RoleInfo (RoleInfo.java:shutdownLeaderState(104)) - a92c0124-0b6b-4eab-8828-4a4218b90be6: shutdown LeaderState
2019-10-16 05:42:15,286 [main] INFO  impl.PendingRequests (PendingRequests.java:sendNotLeaderResponses(202)) - a92c0124-0b6b-4eab-8828-4a4218b90be6@group-FD3ACD3F2F2D-PendingRequests: sendNotLeaderResponses
2019-10-16 05:42:15,287 [org.apache.ratis.server.impl.LogAppender$AppenderDaemon$$Lambda$472/261109162@4808d71a] WARN  server.GrpcLogAppender (GrpcLogAppender.java:mayWait(149)) - a92c0124-0b6b-4eab-8828-4a4218b90be6@group-FD3ACD3F2F2D->f1a365c1-fe59-4a48-93c2-eb51ec4ae0f7-GrpcLogAppender: Wait interrupted by java.lang.InterruptedException
2019-10-16 05:42:15,287 [org.apache.ratis.server.impl.LogAppender$AppenderDaemon$$Lambda$472/261109162@30a04401] WARN  server.GrpcLogAppender (GrpcLogAppender.java:mayWait(149)) - a92c0124-0b6b-4eab-8828-4a4218b90be6@group-FD3ACD3F2F2D->8fe94103-1ee8-4728-abac-39da8dc74e05-GrpcLogAppender: Wait interrupted by java.lang.InterruptedException
2019-10-16 05:42:15,288 [main] INFO  impl.StateMachineUpdater (StateMachineUpdater.java:stopAndJoin(136)) - a92c0124-0b6b-4eab-8828-4a4218b90be6@group-FD3ACD3F2F2D-StateMachineUpdater: set stopIndex = 38
2019-10-16 05:42:15,288 [a92c0124-0b6b-4eab-8828-4a4218b90be6@group-FD3ACD3F2F2D-StateMachineUpdater] INFO  ratis.ContainerStateMachine (ContainerStateMachine.java:takeSnapshot(294)) - group-FD3ACD3F2F2D: Taking a snapshot at:(t:6, i:34) file /workdir/hadoop-ozone/integration-test/target/test-dir/MiniOzoneClusterImpl-2ede335a-ebf0-4a23-bcb3-98605d830964/datanode-1/data/ratis/e1b70ff6-5c86-4e33-80e5-fd3acd3f2f2d/sm/snapshot.6_34
2019-10-16 05:42:15,294 [a92c0124-0b6b-4eab-8828-4a4218b90be6@group-FD3ACD3F2F2D-StateMachineUpdater] INFO  ratis.ContainerStateMachine (ContainerStateMachine.java:takeSnapshot(305)) - group-FD3ACD3F2F2D: Finished taking a snapshot at:(t:6, i:34) file:/workdir/hadoop-ozone/integration-test/target/test-dir/MiniOzoneClusterImpl-2ede335a-ebf0-4a23-bcb3-98605d830964/datanode-1/data/ratis/e1b70ff6-5c86-4e33-80e5-fd3acd3f2f2d/sm/snapshot.6_34 time:6
2019-10-16 05:42:15,295 [a92c0124-0b6b-4eab-8828-4a4218b90be6@group-FD3ACD3F2F2D-StateMachineUpdater] INFO  impl.StateMachineUpdater (StateMachineUpdater.java:takeSnapshot(269)) - a92c0124-0b6b-4eab-8828-4a4218b90be6@group-FD3ACD3F2F2D-StateMachineUpdater: Took a snapshot at index 34
2019-10-16 05:42:15,295 [a92c0124-0b6b-4eab-8828-4a4218b90be6@group-FD3ACD3F2F2D-StateMachineUpdater] INFO  impl.StateMachineUpdater (StateMachineUpdater.java:lambda$new$0(84)) - a92c0124-0b6b-4eab-8828-4a4218b90be6@group-FD3ACD3F2F2D-StateMachineUpdater: snapshotIndex: updateIncreasingly -1 -> 34
2019-10-16 05:42:15,296 [a92c0124-0b6b-4eab-8828-4a4218b90be6@group-FD3ACD3F2F2D-StateMachineUpdater] INFO  ratis.ContainerStateMachine (ContainerStateMachine.java:takeSnapshot(294)) - group-FD3ACD3F2F2D: Taking a snapshot at:(t:6, i:34) file /workdir/hadoop-ozone/integration-test/target/test-dir/MiniOzoneClusterImpl-2ede335a-ebf0-4a23-bcb3-98605d830964/datanode-1/data/ratis/e1b70ff6-5c86-4e33-80e5-fd3acd3f2f2d/sm/snapshot.6_34
2019-10-16 05:42:15,308 [a92c0124-0b6b-4eab-8828-4a4218b90be6@group-FD3ACD3F2F2D-StateMachineUpdater] INFO  ratis.ContainerStateMachine (ContainerStateMachine.java:takeSnapshot(305)) - group-FD3ACD3F2F2D: Finished taking a snapshot at:(t:6, i:34) file:/workdir/hadoop-ozone/integration-test/target/test-dir/MiniOzoneClusterImpl-2ede335a-ebf0-4a23-bcb3-98605d830964/datanode-1/data/ratis/e1b70ff6-5c86-4e33-80e5-fd3acd3f2f2d/sm/snapshot.6_34 time:13
2019-10-16 05:42:15,308 [a92c0124-0b6b-4eab-8828-4a4218b90be6@group-FD3ACD3F2F2D-StateMachineUpdater] INFO  impl.StateMachineUpdater (StateMachineUpdater.java:takeSnapshot(269)) - a92c0124-0b6b-4eab-8828-4a4218b90be6@group-FD3ACD3F2F2D-StateMachineUpdater: Took a snapshot at index 34
2019-10-16 05:42:15,308 [a92c0124-0b6b-4eab-8828-4a4218b90be6@group-FD3ACD3F2F2D-StateMachineUpdater] INFO  impl.StateMachineUpdater (StateMachineUpdater.java:lambda$new$0(84)) - a92c0124-0b6b-4eab-8828-4a4218b90be6@group-FD3ACD3F2F2D-StateMachineUpdater: snapshotIndex: updateIncreasingly 34 -> 34
2019-10-16 05:42:15,309 [main] INFO  impl.RaftServerImpl (ServerState.java:close(388)) - a92c0124-0b6b-4eab-8828-4a4218b90be6@group-FD3ACD3F2F2D: closes. applyIndex: 38
2019-10-16 05:42:15,309 [a92c0124-0b6b-4eab-8828-4a4218b90be6@group-FD3ACD3F2F2D-SegmentedRaftLogWorker] INFO  segmented.SegmentedRaftLogWorker (SegmentedRaftLogWorker.java:run(316)) - a92c0124-0b6b-4eab-8828-4a4218b90be6@group-FD3ACD3F2F2D-SegmentedRaftLogWorker was interrupted, exiting. There are 0 tasks remaining in the queue.
2019-10-16 05:42:15,310 [main] INFO  segmented.SegmentedRaftLogWorker (SegmentedRaftLogWorker.java:close(224)) - a92c0124-0b6b-4eab-8828-4a4218b90be6@group-FD3ACD3F2F2D-SegmentedRaftLogWorker close()
2019-10-16 05:42:15,311 [main] INFO  server.GrpcService (GrpcService.java:closeImpl(164)) - a92c0124-0b6b-4eab-8828-4a4218b90be6: shutdown server with port 41501 now
2019-10-16 05:42:15,314 [main] INFO  server.GrpcService (GrpcService.java:closeImpl(172)) - a92c0124-0b6b-4eab-8828-4a4218b90be6: shutdown server with port 41501 successfully
2019-10-16 05:42:15,320 [refreshUsed-/workdir/hadoop-ozone/integration-test/target/test-dir/MiniOzoneClusterImpl-2ede335a-ebf0-4a23-bcb3-98605d830964/datanode-1/data/containers] WARN  fs.CachingGetSpaceUsed (CachingGetSpaceUsed.java:run(183)) - Thread Interrupted waiting to refresh disk information: sleep interrupted
2019-10-16 05:42:15,342 [main] INFO  utils.BackgroundService (BackgroundService.java:shutdown(151)) - Shutting down service BlockDeletingService
2019-10-16 05:42:15,345 [main] INFO  statemachine.DatanodeStateMachine (DatanodeStateMachine.java:stopDaemon(395)) - Ozone container server stopped.
2019-10-16 05:42:15,348 [main] INFO  handler.ContextHandler (ContextHandler.java:doStop(910)) - Stopped o.e.j.w.WebAppContext@17f2dd85{/,null,UNAVAILABLE}{/hddsDatanode}
2019-10-16 05:42:15,349 [main] INFO  server.AbstractConnector (AbstractConnector.java:doStop(318)) - Stopped ServerConnector@1e58512c{HTTP/1.1,[http/1.1]}{0.0.0.0:0}
2019-10-16 05:42:15,349 [main] INFO  handler.ContextHandler (ContextHandler.java:doStop(910)) - Stopped o.e.j.s.ServletContextHandler@65bdd558{/static,jar:file:/home/user/.m2/repository/org/apache/hadoop/hadoop-hdds-container-service/0.5.0-SNAPSHOT/hadoop-hdds-container-service-0.5.0-SNAPSHOT.jar!/webapps/static,UNAVAILABLE}
2019-10-16 05:42:15,350 [main] INFO  handler.ContextHandler (ContextHandler.java:doStop(910)) - Stopped o.e.j.s.ServletContextHandler@fab35b1{/logs,file:///workdir/hadoop-ozone/integration-test/target/log,UNAVAILABLE}
2019-10-16 05:42:15,352 [main] INFO  ozone.MiniOzoneClusterImpl (MiniOzoneClusterImpl.java:stopSCM(392)) - Stopping the StorageContainerManager
2019-10-16 05:42:15,352 [main] INFO  server.StorageContainerManager (StorageContainerManager.java:stop(810)) - Stopping Replication Manager Service.
2019-10-16 05:42:15,352 [main] INFO  container.ReplicationManager (ReplicationManager.java:stop(203)) - Stopping Replication Monitor Thread.
2019-10-16 05:42:15,352 [main] INFO  server.StorageContainerManager (StorageContainerManager.java:stop(817)) - Stopping Lease Manager of the command watchers
2019-10-16 05:42:15,353 [main] INFO  server.StorageContainerManager (StorageContainerManager.java:stop(824)) - Stopping datanode service RPC server
2019-10-16 05:42:15,353 [main] INFO  server.SCMDatanodeProtocolServer (SCMDatanodeProtocolServer.java:stop(346)) - Stopping the RPC server for DataNodes
2019-10-16 05:42:15,354 [main] INFO  ipc.Server (Server.java:stop(3082)) - Stopping server on 41792
2019-10-16 05:42:15,355 [IPC Server listener on 41792] INFO  ipc.Server (Server.java:run(1185)) - Stopping IPC Server listener on 41792
2019-10-16 05:42:15,356 [IPC Server Responder] INFO  ipc.Server (Server.java:run(1319)) - Stopping IPC Server Responder
2019-10-16 05:42:15,406 [SCM Heartbeat Processing Thread - 0] WARN  node.NodeStateManager (NodeStateManager.java:scheduleNextHealthCheck(646)) - Current Thread is interrupted, shutting down HB processing thread for Node Manager.
2019-10-16 05:42:15,406 [main] INFO  server.StorageContainerManager (StorageContainerManager.java:stop(832)) - Stopping block service RPC server
2019-10-16 05:42:15,407 [main] INFO  server.SCMBlockProtocolServer (SCMBlockProtocolServer.java:stop(155)) - Stopping the RPC server for Block Protocol
2019-10-16 05:42:15,407 [main] INFO  ipc.Server (Server.java:stop(3082)) - Stopping server on 42548
2019-10-16 05:42:15,408 [IPC Server listener on 42548] INFO  ipc.Server (Server.java:run(1185)) - Stopping IPC Server listener on 42548
2019-10-16 05:42:15,409 [main] INFO  server.StorageContainerManager (StorageContainerManager.java:stop(839)) - Stopping the StorageContainerLocationProtocol RPC server
2019-10-16 05:42:15,409 [IPC Server Responder] INFO  ipc.Server (Server.java:run(1319)) - Stopping IPC Server Responder
2019-10-16 05:42:15,410 [main] INFO  server.SCMClientProtocolServer (SCMClientProtocolServer.java:stop(168)) - Stopping the RPC server for Client Protocol
2019-10-16 05:42:15,410 [main] INFO  ipc.Server (Server.java:stop(3082)) - Stopping server on 44159
2019-10-16 05:42:15,411 [IPC Server listener on 44159] INFO  ipc.Server (Server.java:run(1185)) - Stopping IPC Server listener on 44159
2019-10-16 05:42:15,411 [main] INFO  server.StorageContainerManager (StorageContainerManager.java:stop(846)) - Stopping Storage Container Manager HTTP server.
2019-10-16 05:42:15,412 [IPC Server Responder] INFO  ipc.Server (Server.java:run(1319)) - Stopping IPC Server Responder
2019-10-16 05:42:15,413 [main] INFO  handler.ContextHandler (ContextHandler.java:doStop(910)) - Stopped o.e.j.w.WebAppContext@3b366632{/,null,UNAVAILABLE}{/scm}
2019-10-16 05:42:15,414 [main] INFO  server.AbstractConnector (AbstractConnector.java:doStop(318)) - Stopped ServerConnector@6815c5f2{HTTP/1.1,[http/1.1]}{0.0.0.0:0}
2019-10-16 05:42:15,415 [main] INFO  handler.ContextHandler (ContextHandler.java:doStop(910)) - Stopped o.e.j.s.ServletContextHandler@37052337{/static,file:///workdir/hadoop-ozone/integration-test/target/test-classes/webapps/static,UNAVAILABLE}
2019-10-16 05:42:15,415 [main] INFO  handler.ContextHandler (ContextHandler.java:doStop(910)) - Stopped o.e.j.s.ServletContextHandler@340da44c{/logs,file:///workdir/hadoop-ozone/integration-test/target/log,UNAVAILABLE}
2019-10-16 05:42:15,416 [main] INFO  server.StorageContainerManager (StorageContainerManager.java:stop(857)) - Stopping Block Manager Service.
2019-10-16 05:42:15,416 [main] INFO  utils.BackgroundService (BackgroundService.java:shutdown(151)) - Shutting down service SCMBlockDeletingService
2019-10-16 05:42:15,417 [main] INFO  utils.BackgroundService (BackgroundService.java:shutdown(151)) - Shutting down service SCMBlockDeletingService
2019-10-16 05:42:15,418 [main] INFO  server.StorageContainerManager (StorageContainerManager.java:stop(879)) - Stopping SCM Event Queue.
2019-10-16 05:42:15,429 [main] INFO  impl.MetricsSystemImpl (MetricsSystemImpl.java:stop(210)) - Stopping XceiverClientMetrics metrics system...
2019-10-16 05:42:15,443 [prometheus] INFO  impl.MetricsSinkAdapter (MetricsSinkAdapter.java:publishMetricsFromQueue(141)) - prometheus thread interrupted.
2019-10-16 05:42:15,444 [main] INFO  impl.MetricsSystemImpl (MetricsSystemImpl.java:stop(216)) - XceiverClientMetrics metrics system stopped.
]]></system-out>
    <system-err><![CDATA[ERROR StatusLogger No Log4j 2 configuration file found. Using default configuration (logging only errors to the console), or user programmatically provided configurations. Set system property 'log4j2.debug' to show Log4j 2 internal initialization logging. See https://logging.apache.org/log4j/2.x/manual/configuration.html for instructions on how to configure Log4j 2
Oct 16, 2019 5:41:10 AM org.apache.ratis.thirdparty.io.grpc.internal.SerializingExecutor run
SEVERE: Exception while executing runnable org.apache.ratis.thirdparty.io.grpc.internal.ServerImpl$JumpToApplicationThreadServerStreamListener$1Closed@172fa901
org.apache.ratis.thirdparty.io.grpc.StatusRuntimeException: CANCELLED: call already cancelled
	at org.apache.ratis.thirdparty.io.grpc.Status.asRuntimeException(Status.java:517)
	at org.apache.ratis.thirdparty.io.grpc.stub.ServerCalls$ServerCallStreamObserverImpl.onCompleted(ServerCalls.java:356)
	at org.apache.ratis.grpc.server.GrpcServerProtocolService$ServerRequestStreamObserver.onError(GrpcServerProtocolService.java:121)
	at org.apache.ratis.thirdparty.io.grpc.stub.ServerCalls$StreamingServerCallHandler$StreamingServerCallListener.onCancel(ServerCalls.java:269)
	at org.apache.ratis.thirdparty.io.grpc.internal.ServerCallImpl$ServerStreamListenerImpl.closed(ServerCallImpl.java:293)
	at org.apache.ratis.thirdparty.io.grpc.internal.ServerImpl$JumpToApplicationThreadServerStreamListener$1Closed.runInContext(ServerImpl.java:741)
	at org.apache.ratis.thirdparty.io.grpc.internal.ContextRunnable.run(ContextRunnable.java:37)
	at org.apache.ratis.thirdparty.io.grpc.internal.SerializingExecutor.run(SerializingExecutor.java:123)
	at java.util.concurrent.ThreadPoolExecutor.runWorker(ThreadPoolExecutor.java:1149)
	at java.util.concurrent.ThreadPoolExecutor$Worker.run(ThreadPoolExecutor.java:624)
	at java.lang.Thread.run(Thread.java:748)

Oct 16, 2019 5:41:10 AM org.apache.ratis.thirdparty.io.grpc.internal.SerializingExecutor run
SEVERE: Exception while executing runnable org.apache.ratis.thirdparty.io.grpc.internal.ClientCallImpl$ClientStreamListenerImpl$1StreamClosed@11026897
java.lang.NullPointerException
	at org.apache.ratis.grpc.server.GrpcLogAppender$AppendLogResponseHandler.onError(GrpcLogAppender.java:303)
	at org.apache.ratis.thirdparty.io.grpc.stub.ClientCalls$StreamObserverToCallListenerAdapter.onClose(ClientCalls.java:434)
	at org.apache.ratis.thirdparty.io.grpc.PartialForwardingClientCallListener.onClose(PartialForwardingClientCallListener.java:39)
	at org.apache.ratis.thirdparty.io.grpc.ForwardingClientCallListener.onClose(ForwardingClientCallListener.java:23)
	at org.apache.ratis.thirdparty.io.grpc.ForwardingClientCallListener$SimpleForwardingClientCallListener.onClose(ForwardingClientCallListener.java:40)
	at org.apache.ratis.thirdparty.io.grpc.internal.CensusStatsModule$StatsClientInterceptor$1$1.onClose(CensusStatsModule.java:678)
	at org.apache.ratis.thirdparty.io.grpc.PartialForwardingClientCallListener.onClose(PartialForwardingClientCallListener.java:39)
	at org.apache.ratis.thirdparty.io.grpc.ForwardingClientCallListener.onClose(ForwardingClientCallListener.java:23)
	at org.apache.ratis.thirdparty.io.grpc.ForwardingClientCallListener$SimpleForwardingClientCallListener.onClose(ForwardingClientCallListener.java:40)
	at org.apache.ratis.thirdparty.io.grpc.internal.CensusTracingModule$TracingClientInterceptor$1$1.onClose(CensusTracingModule.java:397)
	at org.apache.ratis.thirdparty.io.grpc.internal.ClientCallImpl.closeObserver(ClientCallImpl.java:459)
	at org.apache.ratis.thirdparty.io.grpc.internal.ClientCallImpl.access$300(ClientCallImpl.java:63)
	at org.apache.ratis.thirdparty.io.grpc.internal.ClientCallImpl$ClientStreamListenerImpl.close(ClientCallImpl.java:546)
	at org.apache.ratis.thirdparty.io.grpc.internal.ClientCallImpl$ClientStreamListenerImpl.access$600(ClientCallImpl.java:467)
	at org.apache.ratis.thirdparty.io.grpc.internal.ClientCallImpl$ClientStreamListenerImpl$1StreamClosed.runInContext(ClientCallImpl.java:584)
	at org.apache.ratis.thirdparty.io.grpc.internal.ContextRunnable.run(ContextRunnable.java:37)
	at org.apache.ratis.thirdparty.io.grpc.internal.SerializingExecutor.run(SerializingExecutor.java:123)
	at java.util.concurrent.ThreadPoolExecutor.runWorker(ThreadPoolExecutor.java:1149)
	at java.util.concurrent.ThreadPoolExecutor$Worker.run(ThreadPoolExecutor.java:624)
	at java.lang.Thread.run(Thread.java:748)

Oct 16, 2019 5:42:01 AM org.apache.ratis.thirdparty.io.grpc.internal.SerializingExecutor run
SEVERE: Exception while executing runnable org.apache.ratis.thirdparty.io.grpc.internal.ClientCallImpl$ClientStreamListenerImpl$1StreamClosed@260d16ee
java.lang.NullPointerException
	at org.apache.ratis.grpc.server.GrpcLogAppender$AppendLogResponseHandler.onError(GrpcLogAppender.java:303)
	at org.apache.ratis.thirdparty.io.grpc.stub.ClientCalls$StreamObserverToCallListenerAdapter.onClose(ClientCalls.java:434)
	at org.apache.ratis.thirdparty.io.grpc.PartialForwardingClientCallListener.onClose(PartialForwardingClientCallListener.java:39)
	at org.apache.ratis.thirdparty.io.grpc.ForwardingClientCallListener.onClose(ForwardingClientCallListener.java:23)
	at org.apache.ratis.thirdparty.io.grpc.ForwardingClientCallListener$SimpleForwardingClientCallListener.onClose(ForwardingClientCallListener.java:40)
	at org.apache.ratis.thirdparty.io.grpc.internal.CensusStatsModule$StatsClientInterceptor$1$1.onClose(CensusStatsModule.java:678)
	at org.apache.ratis.thirdparty.io.grpc.PartialForwardingClientCallListener.onClose(PartialForwardingClientCallListener.java:39)
	at org.apache.ratis.thirdparty.io.grpc.ForwardingClientCallListener.onClose(ForwardingClientCallListener.java:23)
	at org.apache.ratis.thirdparty.io.grpc.ForwardingClientCallListener$SimpleForwardingClientCallListener.onClose(ForwardingClientCallListener.java:40)
	at org.apache.ratis.thirdparty.io.grpc.internal.CensusTracingModule$TracingClientInterceptor$1$1.onClose(CensusTracingModule.java:397)
	at org.apache.ratis.thirdparty.io.grpc.internal.ClientCallImpl.closeObserver(ClientCallImpl.java:459)
	at org.apache.ratis.thirdparty.io.grpc.internal.ClientCallImpl.access$300(ClientCallImpl.java:63)
	at org.apache.ratis.thirdparty.io.grpc.internal.ClientCallImpl$ClientStreamListenerImpl.close(ClientCallImpl.java:546)
	at org.apache.ratis.thirdparty.io.grpc.internal.ClientCallImpl$ClientStreamListenerImpl.access$600(ClientCallImpl.java:467)
	at org.apache.ratis.thirdparty.io.grpc.internal.ClientCallImpl$ClientStreamListenerImpl$1StreamClosed.runInContext(ClientCallImpl.java:584)
	at org.apache.ratis.thirdparty.io.grpc.internal.ContextRunnable.run(ContextRunnable.java:37)
	at org.apache.ratis.thirdparty.io.grpc.internal.SerializingExecutor.run(SerializingExecutor.java:123)
	at java.util.concurrent.ThreadPoolExecutor.runWorker(ThreadPoolExecutor.java:1149)
	at java.util.concurrent.ThreadPoolExecutor$Worker.run(ThreadPoolExecutor.java:624)
	at java.lang.Thread.run(Thread.java:748)

Oct 16, 2019 5:42:10 AM org.apache.ratis.thirdparty.io.grpc.internal.SerializingExecutor run
SEVERE: Exception while executing runnable org.apache.ratis.thirdparty.io.grpc.internal.ServerImpl$JumpToApplicationThreadServerStreamListener$1Closed@7f40fce4
org.apache.ratis.thirdparty.io.grpc.StatusRuntimeException: CANCELLED: call already cancelled
	at org.apache.ratis.thirdparty.io.grpc.Status.asRuntimeException(Status.java:517)
	at org.apache.ratis.thirdparty.io.grpc.stub.ServerCalls$ServerCallStreamObserverImpl.onCompleted(ServerCalls.java:356)
	at org.apache.ratis.grpc.server.GrpcServerProtocolService$ServerRequestStreamObserver.onError(GrpcServerProtocolService.java:121)
	at org.apache.ratis.thirdparty.io.grpc.stub.ServerCalls$StreamingServerCallHandler$StreamingServerCallListener.onCancel(ServerCalls.java:269)
	at org.apache.ratis.thirdparty.io.grpc.internal.ServerCallImpl$ServerStreamListenerImpl.closed(ServerCallImpl.java:293)
	at org.apache.ratis.thirdparty.io.grpc.internal.ServerImpl$JumpToApplicationThreadServerStreamListener$1Closed.runInContext(ServerImpl.java:741)
	at org.apache.ratis.thirdparty.io.grpc.internal.ContextRunnable.run(ContextRunnable.java:37)
	at org.apache.ratis.thirdparty.io.grpc.internal.SerializingExecutor.run(SerializingExecutor.java:123)
	at java.util.concurrent.ThreadPoolExecutor.runWorker(ThreadPoolExecutor.java:1149)
	at java.util.concurrent.ThreadPoolExecutor$Worker.run(ThreadPoolExecutor.java:624)
	at java.lang.Thread.run(Thread.java:748)

Oct 16, 2019 5:42:10 AM org.apache.ratis.thirdparty.io.grpc.internal.SerializingExecutor run
SEVERE: Exception while executing runnable org.apache.ratis.thirdparty.io.grpc.internal.ClientCallImpl$ClientStreamListenerImpl$1StreamClosed@686db60f
java.lang.NullPointerException
	at org.apache.ratis.grpc.server.GrpcLogAppender$AppendLogResponseHandler.onError(GrpcLogAppender.java:303)
	at org.apache.ratis.thirdparty.io.grpc.stub.ClientCalls$StreamObserverToCallListenerAdapter.onClose(ClientCalls.java:434)
	at org.apache.ratis.thirdparty.io.grpc.PartialForwardingClientCallListener.onClose(PartialForwardingClientCallListener.java:39)
	at org.apache.ratis.thirdparty.io.grpc.ForwardingClientCallListener.onClose(ForwardingClientCallListener.java:23)
	at org.apache.ratis.thirdparty.io.grpc.ForwardingClientCallListener$SimpleForwardingClientCallListener.onClose(ForwardingClientCallListener.java:40)
	at org.apache.ratis.thirdparty.io.grpc.internal.CensusStatsModule$StatsClientInterceptor$1$1.onClose(CensusStatsModule.java:678)
	at org.apache.ratis.thirdparty.io.grpc.PartialForwardingClientCallListener.onClose(PartialForwardingClientCallListener.java:39)
	at org.apache.ratis.thirdparty.io.grpc.ForwardingClientCallListener.onClose(ForwardingClientCallListener.java:23)
	at org.apache.ratis.thirdparty.io.grpc.ForwardingClientCallListener$SimpleForwardingClientCallListener.onClose(ForwardingClientCallListener.java:40)
	at org.apache.ratis.thirdparty.io.grpc.internal.CensusTracingModule$TracingClientInterceptor$1$1.onClose(CensusTracingModule.java:397)
	at org.apache.ratis.thirdparty.io.grpc.internal.ClientCallImpl.closeObserver(ClientCallImpl.java:459)
	at org.apache.ratis.thirdparty.io.grpc.internal.ClientCallImpl.access$300(ClientCallImpl.java:63)
	at org.apache.ratis.thirdparty.io.grpc.internal.ClientCallImpl$ClientStreamListenerImpl.close(ClientCallImpl.java:546)
	at org.apache.ratis.thirdparty.io.grpc.internal.ClientCallImpl$ClientStreamListenerImpl.access$600(ClientCallImpl.java:467)
	at org.apache.ratis.thirdparty.io.grpc.internal.ClientCallImpl$ClientStreamListenerImpl$1StreamClosed.runInContext(ClientCallImpl.java:584)
	at org.apache.ratis.thirdparty.io.grpc.internal.ContextRunnable.run(ContextRunnable.java:37)
	at org.apache.ratis.thirdparty.io.grpc.internal.SerializingExecutor.run(SerializingExecutor.java:123)
	at java.util.concurrent.ThreadPoolExecutor.runWorker(ThreadPoolExecutor.java:1149)
	at java.util.concurrent.ThreadPoolExecutor$Worker.run(ThreadPoolExecutor.java:624)
	at java.lang.Thread.run(Thread.java:748)

]]></system-err>
  </testcase>
  <testcase name="testMultiBlockWritesWithDnFailures" classname="org.apache.hadoop.ozone.client.rpc.TestMultiBlockWritesWithDnFailures" time="69.836">
    <error message="Releasing lock on resource /datanodefailurehandlingtest/datanodefailurehandlingtest without acquiring lock&#10;	at org.apache.hadoop.ozone.lock.LockManager.getLockForReleasing(LockManager.java:220)&#10;	at org.apache.hadoop.ozone.lock.LockManager.release(LockManager.java:168)&#10;	at org.apache.hadoop.ozone.lock.LockManager.writeUnlock(LockManager.java:148)&#10;	at org.apache.hadoop.ozone.om.lock.OzoneManagerLock.unlock(OzoneManagerLock.java:364)&#10;	at org.apache.hadoop.ozone.om.lock.OzoneManagerLock.releaseWriteLock(OzoneManagerLock.java:329)&#10;	at org.apache.hadoop.ozone.om.request.key.OMKeyCommitRequest.validateAndUpdateCache(OMKeyCommitRequest.java:177)&#10;	at org.apache.hadoop.ozone.protocolPB.OzoneManagerProtocolServerSideTranslatorPB.submitRequestDirectlyToOM(OzoneManagerProtocolServerSideTranslatorPB.java:219)&#10;	at org.apache.hadoop.ozone.protocolPB.OzoneManagerProtocolServerSideTranslatorPB.processRequest(OzoneManagerProtocolServerSideTranslatorPB.java:134)&#10;	at org.apache.hadoop.hdds.server.OzoneProtocolMessageDispatcher.processRequest(OzoneProtocolMessageDispatcher.java:72)&#10;	at org.apache.hadoop.ozone.protocolPB.OzoneManagerProtocolServerSideTranslatorPB.submitRequest(OzoneManagerProtocolServerSideTranslatorPB.java:100)&#10;	at org.apache.hadoop.ozone.protocol.proto.OzoneManagerProtocolProtos$OzoneManagerService$2.callBlockingMethod(OzoneManagerProtocolProtos.java)&#10;	at org.apache.hadoop.ipc.ProtobufRpcEngine$Server$ProtoBufRpcInvoker.call(ProtobufRpcEngine.java:524)&#10;	at org.apache.hadoop.ipc.RPC$Server.call(RPC.java:1025)&#10;	at org.apache.hadoop.ipc.Server$RpcCall.run(Server.java:876)&#10;	at org.apache.hadoop.ipc.Server$RpcCall.run(Server.java:822)&#10;	at java.security.AccessController.doPrivileged(Native Method)&#10;	at javax.security.auth.Subject.doAs(Subject.java:422)&#10;	at org.apache.hadoop.security.UserGroupInformation.doAs(UserGroupInformation.java:1730)&#10;	at org.apache.hadoop.ipc.Server$Handler.run(Server.java:2682)&#10;" type="org.apache.hadoop.ipc.RemoteException(java.lang.IllegalMonitorStateException)">org.apache.hadoop.ipc.RemoteException(java.lang.IllegalMonitorStateException): Releasing lock on resource /datanodefailurehandlingtest/datanodefailurehandlingtest without acquiring lock
	at org.apache.hadoop.ozone.lock.LockManager.getLockForReleasing(LockManager.java:220)
	at org.apache.hadoop.ozone.lock.LockManager.release(LockManager.java:168)
	at org.apache.hadoop.ozone.lock.LockManager.writeUnlock(LockManager.java:148)
	at org.apache.hadoop.ozone.om.lock.OzoneManagerLock.unlock(OzoneManagerLock.java:364)
	at org.apache.hadoop.ozone.om.lock.OzoneManagerLock.releaseWriteLock(OzoneManagerLock.java:329)
	at org.apache.hadoop.ozone.om.request.key.OMKeyCommitRequest.validateAndUpdateCache(OMKeyCommitRequest.java:177)
	at org.apache.hadoop.ozone.protocolPB.OzoneManagerProtocolServerSideTranslatorPB.submitRequestDirectlyToOM(OzoneManagerProtocolServerSideTranslatorPB.java:219)
	at org.apache.hadoop.ozone.protocolPB.OzoneManagerProtocolServerSideTranslatorPB.processRequest(OzoneManagerProtocolServerSideTranslatorPB.java:134)
	at org.apache.hadoop.hdds.server.OzoneProtocolMessageDispatcher.processRequest(OzoneProtocolMessageDispatcher.java:72)
	at org.apache.hadoop.ozone.protocolPB.OzoneManagerProtocolServerSideTranslatorPB.submitRequest(OzoneManagerProtocolServerSideTranslatorPB.java:100)
	at org.apache.hadoop.ozone.protocol.proto.OzoneManagerProtocolProtos$OzoneManagerService$2.callBlockingMethod(OzoneManagerProtocolProtos.java)
	at org.apache.hadoop.ipc.ProtobufRpcEngine$Server$ProtoBufRpcInvoker.call(ProtobufRpcEngine.java:524)
	at org.apache.hadoop.ipc.RPC$Server.call(RPC.java:1025)
	at org.apache.hadoop.ipc.Server$RpcCall.run(Server.java:876)
	at org.apache.hadoop.ipc.Server$RpcCall.run(Server.java:822)
	at java.security.AccessController.doPrivileged(Native Method)
	at javax.security.auth.Subject.doAs(Subject.java:422)
	at org.apache.hadoop.security.UserGroupInformation.doAs(UserGroupInformation.java:1730)
	at org.apache.hadoop.ipc.Server$Handler.run(Server.java:2682)

	at org.apache.hadoop.ipc.Client.getRpcResponse(Client.java:1511)
	at org.apache.hadoop.ipc.Client.call(Client.java:1457)
	at org.apache.hadoop.ipc.Client.call(Client.java:1367)
	at org.apache.hadoop.ipc.ProtobufRpcEngine$Invoker.invoke(ProtobufRpcEngine.java:228)
	at org.apache.hadoop.ipc.ProtobufRpcEngine$Invoker.invoke(ProtobufRpcEngine.java:116)
	at com.sun.proxy.$Proxy35.submitRequest(Unknown Source)
	at sun.reflect.GeneratedMethodAccessor71.invoke(Unknown Source)
	at sun.reflect.DelegatingMethodAccessorImpl.invoke(DelegatingMethodAccessorImpl.java:43)
	at java.lang.reflect.Method.invoke(Method.java:498)
	at org.apache.hadoop.io.retry.RetryInvocationHandler.invokeMethod(RetryInvocationHandler.java:422)
	at org.apache.hadoop.io.retry.RetryInvocationHandler$Call.invokeMethod(RetryInvocationHandler.java:165)
	at org.apache.hadoop.io.retry.RetryInvocationHandler$Call.invoke(RetryInvocationHandler.java:157)
	at org.apache.hadoop.io.retry.RetryInvocationHandler$Call.invokeOnce(RetryInvocationHandler.java:95)
	at org.apache.hadoop.io.retry.RetryInvocationHandler.invoke(RetryInvocationHandler.java:359)
	at com.sun.proxy.$Proxy35.submitRequest(Unknown Source)
	at org.apache.hadoop.ozone.om.protocolPB.OzoneManagerProtocolClientSideTranslatorPB.submitRequest(OzoneManagerProtocolClientSideTranslatorPB.java:338)
	at org.apache.hadoop.ozone.om.protocolPB.OzoneManagerProtocolClientSideTranslatorPB.commitKey(OzoneManagerProtocolClientSideTranslatorPB.java:789)
	at sun.reflect.NativeMethodAccessorImpl.invoke0(Native Method)
	at sun.reflect.NativeMethodAccessorImpl.invoke(NativeMethodAccessorImpl.java:62)
	at sun.reflect.DelegatingMethodAccessorImpl.invoke(DelegatingMethodAccessorImpl.java:43)
	at java.lang.reflect.Method.invoke(Method.java:498)
	at org.apache.hadoop.hdds.tracing.TraceAllMethod.invoke(TraceAllMethod.java:66)
	at com.sun.proxy.$Proxy36.commitKey(Unknown Source)
	at org.apache.hadoop.ozone.client.io.BlockOutputStreamEntryPool.commitKey(BlockOutputStreamEntryPool.java:277)
	at org.apache.hadoop.ozone.client.io.KeyOutputStream.close(KeyOutputStream.java:474)
	at org.apache.hadoop.ozone.client.io.OzoneOutputStream.close(OzoneOutputStream.java:60)
	at org.apache.hadoop.ozone.client.rpc.TestMultiBlockWritesWithDnFailures.testMultiBlockWritesWithDnFailures(TestMultiBlockWritesWithDnFailures.java:146)
	at sun.reflect.NativeMethodAccessorImpl.invoke0(Native Method)
	at sun.reflect.NativeMethodAccessorImpl.invoke(NativeMethodAccessorImpl.java:62)
	at sun.reflect.DelegatingMethodAccessorImpl.invoke(DelegatingMethodAccessorImpl.java:43)
	at java.lang.reflect.Method.invoke(Method.java:498)
	at org.junit.runners.model.FrameworkMethod$1.runReflectiveCall(FrameworkMethod.java:47)
	at org.junit.internal.runners.model.ReflectiveCallable.run(ReflectiveCallable.java:12)
	at org.junit.runners.model.FrameworkMethod.invokeExplosively(FrameworkMethod.java:44)
	at org.junit.internal.runners.statements.InvokeMethod.evaluate(InvokeMethod.java:17)
	at org.junit.internal.runners.statements.RunAfters.evaluate(RunAfters.java:27)
	at org.junit.runners.ParentRunner.runLeaf(ParentRunner.java:271)
	at org.junit.runners.BlockJUnit4ClassRunner.runChild(BlockJUnit4ClassRunner.java:70)
	at org.junit.runners.BlockJUnit4ClassRunner.runChild(BlockJUnit4ClassRunner.java:50)
	at org.junit.runners.ParentRunner$3.run(ParentRunner.java:238)
	at org.junit.runners.ParentRunner$1.schedule(ParentRunner.java:63)
	at org.junit.runners.ParentRunner.runChildren(ParentRunner.java:236)
	at org.junit.runners.ParentRunner.access$000(ParentRunner.java:53)
	at org.junit.runners.ParentRunner$2.evaluate(ParentRunner.java:229)
	at org.junit.runners.ParentRunner.run(ParentRunner.java:309)
	at org.apache.maven.surefire.junit4.JUnit4Provider.execute(JUnit4Provider.java:365)
	at org.apache.maven.surefire.junit4.JUnit4Provider.executeWithRerun(JUnit4Provider.java:273)
	at org.apache.maven.surefire.junit4.JUnit4Provider.executeTestSet(JUnit4Provider.java:238)
	at org.apache.maven.surefire.junit4.JUnit4Provider.invoke(JUnit4Provider.java:159)
	at org.apache.maven.surefire.booter.ForkedBooter.invokeProviderInSameClassLoader(ForkedBooter.java:384)
	at org.apache.maven.surefire.booter.ForkedBooter.runSuitesInProcess(ForkedBooter.java:345)
	at org.apache.maven.surefire.booter.ForkedBooter.execute(ForkedBooter.java:126)
	at org.apache.maven.surefire.booter.ForkedBooter.main(ForkedBooter.java:418)
</error>
    <system-out><![CDATA[2019-10-16 05:42:15,553 [main] WARN  server.ServerUtils (ServerUtils.java:getScmDbDir(145)) - ozone.scm.db.dirs is not configured. We recommend adding this setting. Falling back to ozone.metadata.dirs instead.
2019-10-16 05:42:15,561 [java.util.concurrent.ThreadPoolExecutor$Worker@7a58dad7[State = -1, empty queue]] WARN  server.GrpcLogAppender (GrpcLogAppender.java:timeoutAppendRequest(209)) - a92c0124-0b6b-4eab-8828-4a4218b90be6@group-FD3ACD3F2F2D->f1a365c1-fe59-4a48-93c2-eb51ec4ae0f7-GrpcLogAppender: appendEntries Timeout, request=a92c0124-0b6b-4eab-8828-4a4218b90be6->f1a365c1-fe59-4a48-93c2-eb51ec4ae0f7#24-t7, previous=(t:7, i:38), leaderCommit=38, initializing? false, entries: <empty>
2019-10-16 05:42:15,579 [main] WARN  server.ServerUtils (ServerUtils.java:getScmDbDir(145)) - ozone.scm.db.dirs is not configured. We recommend adding this setting. Falling back to ozone.metadata.dirs instead.
2019-10-16 05:42:15,580 [main] WARN  server.ServerUtils (ServerUtils.java:getScmDbDir(145)) - ozone.scm.db.dirs is not configured. We recommend adding this setting. Falling back to ozone.metadata.dirs instead.
2019-10-16 05:42:15,581 [main] INFO  db.DBStoreBuilder (DBStoreBuilder.java:addTable(117)) - using custom profile for table: deletedBlocks
2019-10-16 05:42:15,581 [main] INFO  db.DBStoreBuilder (DBStoreBuilder.java:processTables(168)) - Using default column profile:DBProfile.DISK for Table:deletedBlocks
2019-10-16 05:42:15,581 [main] INFO  db.DBStoreBuilder (DBStoreBuilder.java:addTable(117)) - using custom profile for table: validCerts
2019-10-16 05:42:15,581 [main] INFO  db.DBStoreBuilder (DBStoreBuilder.java:processTables(168)) - Using default column profile:DBProfile.DISK for Table:validCerts
2019-10-16 05:42:15,582 [main] INFO  db.DBStoreBuilder (DBStoreBuilder.java:addTable(117)) - using custom profile for table: revokedCerts
2019-10-16 05:42:15,582 [main] INFO  db.DBStoreBuilder (DBStoreBuilder.java:processTables(168)) - Using default column profile:DBProfile.DISK for Table:revokedCerts
2019-10-16 05:42:15,583 [main] INFO  db.DBStoreBuilder (DBStoreBuilder.java:addTable(117)) - using custom profile for table: default
2019-10-16 05:42:15,583 [main] INFO  db.DBStoreBuilder (DBStoreBuilder.java:processTables(174)) - Using default column profile:DBProfile.DISK for Table:default
2019-10-16 05:42:15,583 [main] INFO  db.DBStoreBuilder (DBStoreBuilder.java:getDbProfile(205)) - Using default options. DBProfile.DISK
2019-10-16 05:42:15,753 [main] INFO  net.NodeSchemaLoader (NodeSchemaLoader.java:loadSchemaFromFile(125)) - Loading file from sun.misc.CompoundEnumeration@2b0e9f30
2019-10-16 05:42:15,753 [main] INFO  net.NodeSchemaLoader (NodeSchemaLoader.java:loadSchema(171)) - Loading network topology layer schema file
2019-10-16 05:42:15,759 [main] INFO  node.SCMNodeManager (SCMNodeManager.java:<init>(116)) - Entering startup safe mode.
2019-10-16 05:42:15,760 [main] INFO  algorithms.ContainerPlacementPolicyFactory (ContainerPlacementPolicyFactory.java:getPolicy(57)) - Create container placement policy of type org.apache.hadoop.hdds.scm.container.placement.algorithms.SCMContainerPlacementRandom
2019-10-16 05:42:15,760 [main] WARN  server.ServerUtils (ServerUtils.java:getScmDbDir(145)) - ozone.scm.db.dirs is not configured. We recommend adding this setting. Falling back to ozone.metadata.dirs instead.
2019-10-16 05:42:15,808 [main] INFO  pipeline.SCMPipelineManager (SCMPipelineManager.java:initializePipelineState(132)) - No pipeline exists in current db
2019-10-16 05:42:15,808 [main] WARN  server.ServerUtils (ServerUtils.java:getScmDbDir(145)) - ozone.scm.db.dirs is not configured. We recommend adding this setting. Falling back to ozone.metadata.dirs instead.
2019-10-16 05:42:15,868 [main] WARN  events.EventQueue (EventQueue.java:fireEvent(183)) - No event handler registered for event TypedEvent{payloadType=SafeModeStatus, name='SafeModeStatus'}
2019-10-16 05:42:15,869 [main] INFO  ipc.CallQueueManager (CallQueueManager.java:<init>(84)) - Using callQueue: class java.util.concurrent.LinkedBlockingQueue, queueCapacity: 2000, scheduler: class org.apache.hadoop.ipc.DefaultRpcScheduler, ipcBackoff: false.
2019-10-16 05:42:15,870 [Socket Reader #1 for port 32997] INFO  ipc.Server (Server.java:run(1074)) - Starting Socket Reader #1 for port 32997
2019-10-16 05:42:15,871 [main] INFO  ipc.CallQueueManager (CallQueueManager.java:<init>(84)) - Using callQueue: class java.util.concurrent.LinkedBlockingQueue, queueCapacity: 2000, scheduler: class org.apache.hadoop.ipc.DefaultRpcScheduler, ipcBackoff: false.
2019-10-16 05:42:15,872 [Socket Reader #1 for port 46140] INFO  ipc.Server (Server.java:run(1074)) - Starting Socket Reader #1 for port 46140
2019-10-16 05:42:15,873 [main] INFO  ipc.CallQueueManager (CallQueueManager.java:<init>(84)) - Using callQueue: class java.util.concurrent.LinkedBlockingQueue, queueCapacity: 2000, scheduler: class org.apache.hadoop.ipc.DefaultRpcScheduler, ipcBackoff: false.
2019-10-16 05:42:15,874 [Socket Reader #1 for port 40961] INFO  ipc.Server (Server.java:run(1074)) - Starting Socket Reader #1 for port 40961
2019-10-16 05:42:15,876 [main] INFO  hdfs.DFSUtil (DFSUtil.java:httpServerTemplateForNNAndJN(1641)) - Starting Web-server for scm at: http://0.0.0.0:0
2019-10-16 05:42:15,878 [main] INFO  server.AuthenticationFilter (AuthenticationFilter.java:constructSecretProvider(240)) - Unable to initialize FileSignerSecretProvider, falling back to use random secrets.
2019-10-16 05:42:15,879 [main] WARN  http.HttpRequestLog (HttpRequestLog.java:getRequestLog(97)) - Jetty request log can only be enabled using Log4j
2019-10-16 05:42:15,880 [main] INFO  http.HttpServer2 (HttpServer2.java:addGlobalFilter(975)) - Added global filter 'safety' (class=org.apache.hadoop.http.HttpServer2$QuotingInputFilter)
2019-10-16 05:42:15,881 [main] INFO  http.HttpServer2 (HttpServer2.java:addFilter(948)) - Added filter static_user_filter (class=org.apache.hadoop.http.lib.StaticUserWebFilter$StaticUserFilter) to context scm
2019-10-16 05:42:15,881 [main] INFO  http.HttpServer2 (HttpServer2.java:addFilter(958)) - Added filter static_user_filter (class=org.apache.hadoop.http.lib.StaticUserWebFilter$StaticUserFilter) to context logs
2019-10-16 05:42:15,881 [main] INFO  http.HttpServer2 (HttpServer2.java:addFilter(958)) - Added filter static_user_filter (class=org.apache.hadoop.http.lib.StaticUserWebFilter$StaticUserFilter) to context static
2019-10-16 05:42:15,883 [main] INFO  server.StorageContainerManager (StorageContainerManager.java:start(772)) - StorageContainerLocationProtocol RPC server is listening at /0.0.0.0:40961
2019-10-16 05:42:15,885 [main] WARN  impl.MetricsConfig (MetricsConfig.java:loadFirst(134)) - Cannot locate configuration: tried hadoop-metrics2-storagecontainermanager.properties,hadoop-metrics2.properties
2019-10-16 05:42:15,886 [main] INFO  impl.MetricsSystemImpl (MetricsSystemImpl.java:startTimer(374)) - Scheduled Metric snapshot period at 10 second(s).
2019-10-16 05:42:15,886 [main] INFO  impl.MetricsSystemImpl (MetricsSystemImpl.java:start(191)) - StorageContainerManager metrics system started
2019-10-16 05:42:15,939 [main] WARN  impl.MetricsSystemImpl (MetricsSystemImpl.java:register(276)) - Sink prometheus already exists!
2019-10-16 05:42:15,945 [main] INFO  server.SCMClientProtocolServer (SCMClientProtocolServer.java:start(159)) - RPC server for Client  is listening at /0.0.0.0:40961
2019-10-16 05:42:15,946 [IPC Server Responder] INFO  ipc.Server (Server.java:run(1314)) - IPC Server Responder: starting
2019-10-16 05:42:15,946 [IPC Server listener on 40961] INFO  ipc.Server (Server.java:run(1153)) - IPC Server listener on 40961: starting
2019-10-16 05:42:15,949 [main] INFO  server.StorageContainerManager (StorageContainerManager.java:start(782)) - ScmBlockLocationProtocol RPC server is listening at /0.0.0.0:46140
2019-10-16 05:42:15,950 [main] INFO  server.SCMBlockProtocolServer (SCMBlockProtocolServer.java:start(146)) - RPC server for Block Protocol is listening at /0.0.0.0:46140
2019-10-16 05:42:15,950 [IPC Server Responder] INFO  ipc.Server (Server.java:run(1314)) - IPC Server Responder: starting
2019-10-16 05:42:15,950 [IPC Server listener on 46140] INFO  ipc.Server (Server.java:run(1153)) - IPC Server listener on 46140: starting
2019-10-16 05:42:15,954 [main] INFO  server.StorageContainerManager (StorageContainerManager.java:start(786)) - ScmDatanodeProtocl RPC server is listening at /0.0.0.0:32997
2019-10-16 05:42:15,954 [main] INFO  server.SCMDatanodeProtocolServer (SCMDatanodeProtocolServer.java:start(169)) - RPC server for DataNodes is listening at /0.0.0.0:32997
2019-10-16 05:42:15,954 [IPC Server Responder] INFO  ipc.Server (Server.java:run(1314)) - IPC Server Responder: starting
2019-10-16 05:42:15,954 [IPC Server listener on 32997] INFO  ipc.Server (Server.java:run(1153)) - IPC Server listener on 32997: starting
2019-10-16 05:42:15,958 [main] INFO  http.HttpServer2 (HttpServer2.java:bindListener(1191)) - Jetty bound to port 44840
2019-10-16 05:42:15,958 [main] INFO  server.Server (Server.java:doStart(351)) - jetty-9.3.25.v20180904, build timestamp: 2018-09-04T21:11:46Z, git hash: 3ce520221d0240229c862b122d2b06c12a625732
2019-10-16 05:42:15,960 [main] INFO  handler.ContextHandler (ContextHandler.java:doStart(781)) - Started o.e.j.s.ServletContextHandler@49e4c2d5{/logs,file:///workdir/hadoop-ozone/integration-test/target/log,AVAILABLE}
2019-10-16 05:42:15,960 [main] INFO  handler.ContextHandler (ContextHandler.java:doStart(781)) - Started o.e.j.s.ServletContextHandler@3e36b7a0{/static,file:///workdir/hadoop-ozone/integration-test/target/test-classes/webapps/static,AVAILABLE}
2019-10-16 05:42:15,964 [main] INFO  handler.ContextHandler (ContextHandler.java:doStart(781)) - Started o.e.j.w.WebAppContext@1a1cc163{/,file:///workdir/hadoop-ozone/integration-test/target/test-classes/webapps/scm/,AVAILABLE}{/scm}
2019-10-16 05:42:15,965 [main] INFO  server.AbstractConnector (AbstractConnector.java:doStart(278)) - Started ServerConnector@5b5ac798{HTTP/1.1,[http/1.1]}{0.0.0.0:44840}
2019-10-16 05:42:15,965 [main] INFO  server.Server (Server.java:doStart(419)) - Started @85736ms
2019-10-16 05:42:15,965 [main] WARN  impl.MetricsSystemImpl (MetricsSystemImpl.java:register(276)) - Sink prometheus already exists!
2019-10-16 05:42:15,967 [main] INFO  server.BaseHttpServer (BaseHttpServer.java:updateConnectorAddress(215)) - HTTP server of SCM is listening at http://0.0.0.0:44840
2019-10-16 05:42:15,968 [main] WARN  server.ServerUtils (ServerUtils.java:getDBPath(222)) - ozone.om.db.dirs is not configured. We recommend adding this setting. Falling back to ozone.metadata.dirs instead.
2019-10-16 05:42:15,968 [org.apache.hadoop.util.JvmPauseMonitor$Monitor@7668892a] INFO  util.JvmPauseMonitor (JvmPauseMonitor.java:run(188)) - Starting JVM pause monitor
2019-10-16 05:42:15,982 [main] INFO  ha.OMHANodeDetails (OMHANodeDetails.java:loadOMHAConfig(190)) - Configuration either no ozone.om.address set. Falling back to the default OM address /127.0.0.1:0
2019-10-16 05:42:15,982 [main] INFO  ha.OMHANodeDetails (OMHANodeDetails.java:getOMNodeDetails(220)) - OM Service ID is not set. Setting it to the default ID: omServiceIdDefault
2019-10-16 05:42:15,982 [main] WARN  server.ServerUtils (ServerUtils.java:getDBPath(222)) - ozone.om.db.dirs is not configured. We recommend adding this setting. Falling back to ozone.metadata.dirs instead.
2019-10-16 05:42:15,982 [main] WARN  server.ServerUtils (ServerUtils.java:getDBPath(222)) - ozone.om.db.dirs is not configured. We recommend adding this setting. Falling back to ozone.metadata.dirs instead.
2019-10-16 05:42:15,989 [main] WARN  server.ServerUtils (ServerUtils.java:getDBPath(222)) - ozone.om.db.dirs is not configured. We recommend adding this setting. Falling back to ozone.metadata.dirs instead.
2019-10-16 05:42:15,989 [main] INFO  db.DBStoreBuilder (DBStoreBuilder.java:addTable(117)) - using custom profile for table: userTable
2019-10-16 05:42:15,989 [main] INFO  db.DBStoreBuilder (DBStoreBuilder.java:processTables(168)) - Using default column profile:DBProfile.DISK for Table:userTable
2019-10-16 05:42:15,990 [main] INFO  db.DBStoreBuilder (DBStoreBuilder.java:addTable(117)) - using custom profile for table: volumeTable
2019-10-16 05:42:15,990 [main] INFO  db.DBStoreBuilder (DBStoreBuilder.java:processTables(168)) - Using default column profile:DBProfile.DISK for Table:volumeTable
2019-10-16 05:42:15,990 [main] INFO  db.DBStoreBuilder (DBStoreBuilder.java:addTable(117)) - using custom profile for table: bucketTable
2019-10-16 05:42:15,990 [main] INFO  db.DBStoreBuilder (DBStoreBuilder.java:processTables(168)) - Using default column profile:DBProfile.DISK for Table:bucketTable
2019-10-16 05:42:15,990 [main] INFO  db.DBStoreBuilder (DBStoreBuilder.java:addTable(117)) - using custom profile for table: keyTable
2019-10-16 05:42:15,990 [main] INFO  db.DBStoreBuilder (DBStoreBuilder.java:processTables(168)) - Using default column profile:DBProfile.DISK for Table:keyTable
2019-10-16 05:42:15,990 [main] INFO  db.DBStoreBuilder (DBStoreBuilder.java:addTable(117)) - using custom profile for table: deletedTable
2019-10-16 05:42:15,991 [main] INFO  db.DBStoreBuilder (DBStoreBuilder.java:processTables(168)) - Using default column profile:DBProfile.DISK for Table:deletedTable
2019-10-16 05:42:15,991 [main] INFO  db.DBStoreBuilder (DBStoreBuilder.java:addTable(117)) - using custom profile for table: openKeyTable
2019-10-16 05:42:15,991 [main] INFO  db.DBStoreBuilder (DBStoreBuilder.java:processTables(168)) - Using default column profile:DBProfile.DISK for Table:openKeyTable
2019-10-16 05:42:15,991 [main] INFO  db.DBStoreBuilder (DBStoreBuilder.java:addTable(117)) - using custom profile for table: s3Table
2019-10-16 05:42:15,991 [main] INFO  db.DBStoreBuilder (DBStoreBuilder.java:processTables(168)) - Using default column profile:DBProfile.DISK for Table:s3Table
2019-10-16 05:42:15,991 [main] INFO  db.DBStoreBuilder (DBStoreBuilder.java:addTable(117)) - using custom profile for table: multipartInfoTable
2019-10-16 05:42:15,991 [main] INFO  db.DBStoreBuilder (DBStoreBuilder.java:processTables(168)) - Using default column profile:DBProfile.DISK for Table:multipartInfoTable
2019-10-16 05:42:15,991 [main] INFO  db.DBStoreBuilder (DBStoreBuilder.java:addTable(117)) - using custom profile for table: dTokenTable
2019-10-16 05:42:15,992 [main] INFO  db.DBStoreBuilder (DBStoreBuilder.java:processTables(168)) - Using default column profile:DBProfile.DISK for Table:dTokenTable
2019-10-16 05:42:15,992 [main] INFO  db.DBStoreBuilder (DBStoreBuilder.java:addTable(117)) - using custom profile for table: s3SecretTable
2019-10-16 05:42:15,992 [main] INFO  db.DBStoreBuilder (DBStoreBuilder.java:processTables(168)) - Using default column profile:DBProfile.DISK for Table:s3SecretTable
2019-10-16 05:42:15,992 [main] INFO  db.DBStoreBuilder (DBStoreBuilder.java:addTable(117)) - using custom profile for table: prefixTable
2019-10-16 05:42:15,992 [main] INFO  db.DBStoreBuilder (DBStoreBuilder.java:processTables(168)) - Using default column profile:DBProfile.DISK for Table:prefixTable
2019-10-16 05:42:15,992 [main] INFO  db.DBStoreBuilder (DBStoreBuilder.java:addTable(117)) - using custom profile for table: default
2019-10-16 05:42:15,992 [main] INFO  db.DBStoreBuilder (DBStoreBuilder.java:processTables(174)) - Using default column profile:DBProfile.DISK for Table:default
2019-10-16 05:42:15,993 [main] INFO  db.DBStoreBuilder (DBStoreBuilder.java:getDbProfile(205)) - Using default options. DBProfile.DISK
2019-10-16 05:42:16,062 [java.util.concurrent.ThreadPoolExecutor$Worker@7a58dad7[State = -1, empty queue]] WARN  server.GrpcLogAppender (GrpcLogAppender.java:timeoutAppendRequest(209)) - a92c0124-0b6b-4eab-8828-4a4218b90be6@group-FD3ACD3F2F2D->f1a365c1-fe59-4a48-93c2-eb51ec4ae0f7-GrpcLogAppender: appendEntries Timeout, request=a92c0124-0b6b-4eab-8828-4a4218b90be6->f1a365c1-fe59-4a48-93c2-eb51ec4ae0f7#25-t7, previous=(t:7, i:38), leaderCommit=38, initializing? false, entries: <empty>
2019-10-16 05:42:16,521 [java.util.concurrent.ThreadPoolExecutor$Worker@4d25108f[State = -1, empty queue]] WARN  server.GrpcLogAppender (GrpcLogAppender.java:timeoutAppendRequest(209)) - a92c0124-0b6b-4eab-8828-4a4218b90be6@group-FD3ACD3F2F2D->8fe94103-1ee8-4728-abac-39da8dc74e05-GrpcLogAppender: appendEntries Timeout, request=a92c0124-0b6b-4eab-8828-4a4218b90be6->8fe94103-1ee8-4728-abac-39da8dc74e05#4-t7, previous=(t:6, i:36), leaderCommit=38, initializing? false, entries: <empty>
2019-10-16 05:42:16,562 [java.util.concurrent.ThreadPoolExecutor$Worker@7a58dad7[State = -1, empty queue]] WARN  server.GrpcLogAppender (GrpcLogAppender.java:timeoutAppendRequest(209)) - a92c0124-0b6b-4eab-8828-4a4218b90be6@group-FD3ACD3F2F2D->f1a365c1-fe59-4a48-93c2-eb51ec4ae0f7-GrpcLogAppender: appendEntries Timeout, request=a92c0124-0b6b-4eab-8828-4a4218b90be6->f1a365c1-fe59-4a48-93c2-eb51ec4ae0f7#26-t7, previous=(t:7, i:38), leaderCommit=38, initializing? false, entries: <empty>
2019-10-16 05:42:16,585 [main] INFO  ipc.CallQueueManager (CallQueueManager.java:<init>(84)) - Using callQueue: class java.util.concurrent.LinkedBlockingQueue, queueCapacity: 2000, scheduler: class org.apache.hadoop.ipc.DefaultRpcScheduler, ipcBackoff: false.
2019-10-16 05:42:16,585 [Socket Reader #1 for port 37358] INFO  ipc.Server (Server.java:run(1074)) - Starting Socket Reader #1 for port 37358
2019-10-16 05:42:16,601 [main] INFO  om.OzoneManager (OzoneManager.java:start(1074)) - OzoneManager RPC server is listening at localhost/127.0.0.1:37358
2019-10-16 05:42:16,601 [main] INFO  impl.MetricsSystemImpl (MetricsSystemImpl.java:init(158)) - OzoneManager metrics system started (again)
2019-10-16 05:42:16,602 [IPC Server Responder] INFO  ipc.Server (Server.java:run(1314)) - IPC Server Responder: starting
2019-10-16 05:42:16,603 [IPC Server listener on 37358] INFO  ipc.Server (Server.java:run(1153)) - IPC Server listener on 37358: starting
2019-10-16 05:42:16,608 [main] INFO  hdfs.DFSUtil (DFSUtil.java:httpServerTemplateForNNAndJN(1641)) - Starting Web-server for ozoneManager at: http://0.0.0.0:0
2019-10-16 05:42:16,610 [main] INFO  server.AuthenticationFilter (AuthenticationFilter.java:constructSecretProvider(240)) - Unable to initialize FileSignerSecretProvider, falling back to use random secrets.
2019-10-16 05:42:16,610 [main] WARN  http.HttpRequestLog (HttpRequestLog.java:getRequestLog(97)) - Jetty request log can only be enabled using Log4j
2019-10-16 05:42:16,612 [main] INFO  http.HttpServer2 (HttpServer2.java:addGlobalFilter(975)) - Added global filter 'safety' (class=org.apache.hadoop.http.HttpServer2$QuotingInputFilter)
2019-10-16 05:42:16,612 [main] INFO  http.HttpServer2 (HttpServer2.java:addFilter(948)) - Added filter static_user_filter (class=org.apache.hadoop.http.lib.StaticUserWebFilter$StaticUserFilter) to context ozoneManager
2019-10-16 05:42:16,613 [main] INFO  http.HttpServer2 (HttpServer2.java:addFilter(958)) - Added filter static_user_filter (class=org.apache.hadoop.http.lib.StaticUserWebFilter$StaticUserFilter) to context static
2019-10-16 05:42:16,613 [main] INFO  http.HttpServer2 (HttpServer2.java:addFilter(958)) - Added filter static_user_filter (class=org.apache.hadoop.http.lib.StaticUserWebFilter$StaticUserFilter) to context logs
2019-10-16 05:42:16,613 [main] INFO  http.HttpServer2 (HttpServer2.java:bindListener(1191)) - Jetty bound to port 40904
2019-10-16 05:42:16,614 [main] INFO  server.Server (Server.java:doStart(351)) - jetty-9.3.25.v20180904, build timestamp: 2018-09-04T21:11:46Z, git hash: 3ce520221d0240229c862b122d2b06c12a625732
2019-10-16 05:42:16,615 [main] INFO  handler.ContextHandler (ContextHandler.java:doStart(781)) - Started o.e.j.s.ServletContextHandler@309cedb6{/logs,file:///workdir/hadoop-ozone/integration-test/target/log,AVAILABLE}
2019-10-16 05:42:16,616 [main] INFO  handler.ContextHandler (ContextHandler.java:doStart(781)) - Started o.e.j.s.ServletContextHandler@3bf54172{/static,file:///workdir/hadoop-ozone/integration-test/target/test-classes/webapps/static,AVAILABLE}
2019-10-16 05:42:16,620 [main] INFO  handler.ContextHandler (ContextHandler.java:doStart(781)) - Started o.e.j.w.WebAppContext@36b9cb99{/,file:///workdir/hadoop-ozone/integration-test/target/test-classes/webapps/ozoneManager/,AVAILABLE}{/ozoneManager}
2019-10-16 05:42:16,620 [main] INFO  server.AbstractConnector (AbstractConnector.java:doStart(278)) - Started ServerConnector@4130955c{HTTP/1.1,[http/1.1]}{0.0.0.0:40904}
2019-10-16 05:42:16,621 [main] INFO  server.Server (Server.java:doStart(419)) - Started @86391ms
2019-10-16 05:42:16,621 [main] WARN  impl.MetricsSystemImpl (MetricsSystemImpl.java:register(276)) - Sink prometheus already exists!
2019-10-16 05:42:16,623 [main] INFO  server.BaseHttpServer (BaseHttpServer.java:updateConnectorAddress(215)) - HTTP server of OZONEMANAGER is listening at http://0.0.0.0:40904
2019-10-16 05:42:16,647 [main] INFO  impl.MetricsSystemImpl (MetricsSystemImpl.java:init(158)) - HddsDatanode metrics system started (again)
2019-10-16 05:42:16,650 [main] INFO  ozone.HddsDatanodeService (HddsDatanodeService.java:start(184)) - HddsDatanodeService host:pr-hdds-2312-q6qzp-1535798719 ip:192.168.69.104
2019-10-16 05:42:16,658 [main] INFO  volume.HddsVolume (HddsVolume.java:<init>(176)) - Creating Volume: /workdir/hadoop-ozone/integration-test/target/test-dir/MiniOzoneClusterImpl-da60a4be-53b2-4b3d-9348-253d2842e1e4/datanode-0/data/containers/hdds of  storage type : DISK and capacity : 1482555576320
2019-10-16 05:42:16,658 [main] INFO  volume.VolumeSet (VolumeSet.java:initializeVolumeSet(170)) - Added Volume : /workdir/hadoop-ozone/integration-test/target/test-dir/MiniOzoneClusterImpl-da60a4be-53b2-4b3d-9348-253d2842e1e4/datanode-0/data/containers/hdds to VolumeSet
2019-10-16 05:42:16,658 [main] INFO  volume.ThrottledAsyncChecker (ThrottledAsyncChecker.java:schedule(141)) - Scheduling a check for /workdir/hadoop-ozone/integration-test/target/test-dir/MiniOzoneClusterImpl-da60a4be-53b2-4b3d-9348-253d2842e1e4/datanode-0/data/containers/hdds
2019-10-16 05:42:16,660 [main] INFO  volume.HddsVolumeChecker (HddsVolumeChecker.java:checkAllVolumes(204)) - Scheduled health check for volume /workdir/hadoop-ozone/integration-test/target/test-dir/MiniOzoneClusterImpl-da60a4be-53b2-4b3d-9348-253d2842e1e4/datanode-0/data/containers/hdds
2019-10-16 05:42:16,681 [main] INFO  impl.RaftServerProxy (ConfUtils.java:logGet(43)) - raft.rpc.type = GRPC (default)
2019-10-16 05:42:16,681 [main] INFO  grpc.GrpcFactory (GrpcFactory.java:checkPooledByteBufAllocatorUseCacheForAllThreads(45)) - PERFORMANCE WARNING: useCacheForAllThreads is true that may cause Netty to create a lot garbage objects and, as a result, trigger GC.
	It is recommended to disable useCacheForAllThreads by setting -Dorg.apache.ratis.thirdparty.io.netty.allocator.useCacheForAllThreads=false in command line.
2019-10-16 05:42:16,681 [main] INFO  grpc.GrpcConfigKeys$Server (ConfUtils.java:logGet(43)) - raft.grpc.server.port = 0 (default)
2019-10-16 05:42:16,681 [main] INFO  server.GrpcService (ConfUtils.java:logGet(43)) - raft.grpc.message.size.max = 33570816 (custom)
2019-10-16 05:42:16,682 [main] INFO  server.RaftServerConfigKeys (ConfUtils.java:logGet(43)) - raft.server.log.appender.buffer.byte-limit = 33554432 (custom)
2019-10-16 05:42:16,682 [main] INFO  server.GrpcService (ConfUtils.java:logGet(43)) - raft.grpc.flow.control.window = 1MB (=1048576) (default)
2019-10-16 05:42:16,682 [main] INFO  server.RaftServerConfigKeys (ConfUtils.java:logGet(43)) - raft.server.rpc.request.timeout = 3000ms (default)
2019-10-16 05:42:16,683 [main] INFO  server.RaftServerConfigKeys (ConfUtils.java:logGet(43)) - raft.server.storage.dir = [/workdir/hadoop-ozone/integration-test/target/test-dir/MiniOzoneClusterImpl-da60a4be-53b2-4b3d-9348-253d2842e1e4/datanode-0/data/ratis] (custom)
2019-10-16 05:42:16,685 [main] INFO  hdfs.DFSUtil (DFSUtil.java:httpServerTemplateForNNAndJN(1641)) - Starting Web-server for hddsDatanode at: http://0.0.0.0:0
2019-10-16 05:42:16,686 [main] INFO  server.AuthenticationFilter (AuthenticationFilter.java:constructSecretProvider(240)) - Unable to initialize FileSignerSecretProvider, falling back to use random secrets.
2019-10-16 05:42:16,687 [main] WARN  http.HttpRequestLog (HttpRequestLog.java:getRequestLog(97)) - Jetty request log can only be enabled using Log4j
2019-10-16 05:42:16,689 [main] INFO  http.HttpServer2 (HttpServer2.java:addGlobalFilter(975)) - Added global filter 'safety' (class=org.apache.hadoop.http.HttpServer2$QuotingInputFilter)
2019-10-16 05:42:16,690 [main] INFO  http.HttpServer2 (HttpServer2.java:addFilter(948)) - Added filter static_user_filter (class=org.apache.hadoop.http.lib.StaticUserWebFilter$StaticUserFilter) to context hddsDatanode
2019-10-16 05:42:16,690 [main] INFO  http.HttpServer2 (HttpServer2.java:addFilter(958)) - Added filter static_user_filter (class=org.apache.hadoop.http.lib.StaticUserWebFilter$StaticUserFilter) to context static
2019-10-16 05:42:16,690 [main] INFO  http.HttpServer2 (HttpServer2.java:addFilter(958)) - Added filter static_user_filter (class=org.apache.hadoop.http.lib.StaticUserWebFilter$StaticUserFilter) to context logs
2019-10-16 05:42:16,691 [main] INFO  http.HttpServer2 (HttpServer2.java:bindListener(1191)) - Jetty bound to port 38676
2019-10-16 05:42:16,691 [main] INFO  server.Server (Server.java:doStart(351)) - jetty-9.3.25.v20180904, build timestamp: 2018-09-04T21:11:46Z, git hash: 3ce520221d0240229c862b122d2b06c12a625732
2019-10-16 05:42:16,693 [main] INFO  handler.ContextHandler (ContextHandler.java:doStart(781)) - Started o.e.j.s.ServletContextHandler@798256c5{/logs,file:///workdir/hadoop-ozone/integration-test/target/log,AVAILABLE}
2019-10-16 05:42:16,694 [main] INFO  handler.ContextHandler (ContextHandler.java:doStart(781)) - Started o.e.j.s.ServletContextHandler@748a654a{/static,jar:file:/home/user/.m2/repository/org/apache/hadoop/hadoop-hdds-container-service/0.5.0-SNAPSHOT/hadoop-hdds-container-service-0.5.0-SNAPSHOT.jar!/webapps/static,AVAILABLE}
2019-10-16 05:42:16,730 [main] INFO  handler.ContextHandler (ContextHandler.java:doStart(781)) - Started o.e.j.w.WebAppContext@5c9934da{/,file:///tmp/jetty-0.0.0.0-38676-hddsDatanode-_-any-3251434315176661118.dir/webapp/,AVAILABLE}{/hddsDatanode}
2019-10-16 05:42:16,731 [main] INFO  server.AbstractConnector (AbstractConnector.java:doStart(278)) - Started ServerConnector@4cb702ce{HTTP/1.1,[http/1.1]}{0.0.0.0:38676}
2019-10-16 05:42:16,732 [main] INFO  server.Server (Server.java:doStart(419)) - Started @86503ms
2019-10-16 05:42:16,732 [main] WARN  impl.MetricsSystemImpl (MetricsSystemImpl.java:register(276)) - Sink prometheus already exists!
2019-10-16 05:42:16,733 [main] INFO  server.BaseHttpServer (BaseHttpServer.java:updateConnectorAddress(215)) - HTTP server of HDDSDATANODE is listening at http://0.0.0.0:38676
2019-10-16 05:42:16,734 [main] INFO  impl.MetricsSystemImpl (MetricsSystemImpl.java:init(158)) - HddsDatanode metrics system started (again)
2019-10-16 05:42:16,737 [org.apache.hadoop.util.JvmPauseMonitor$Monitor@428098d6] INFO  util.JvmPauseMonitor (JvmPauseMonitor.java:run(188)) - Starting JVM pause monitor
2019-10-16 05:42:16,737 [main] INFO  ozone.HddsDatanodeService (HddsDatanodeService.java:start(184)) - HddsDatanodeService host:pr-hdds-2312-q6qzp-1535798719 ip:192.168.69.104
2019-10-16 05:42:16,740 [Datanode State Machine Thread - 0] INFO  datanode.InitDatanodeState (InitDatanodeState.java:persistContainerDatanodeDetails(140)) - DatanodeDetails is persisted to /workdir/hadoop-ozone/integration-test/target/test-dir/MiniOzoneClusterImpl-da60a4be-53b2-4b3d-9348-253d2842e1e4/datanode-0/meta/datanode.id
2019-10-16 05:42:16,747 [main] INFO  volume.HddsVolume (HddsVolume.java:<init>(176)) - Creating Volume: /workdir/hadoop-ozone/integration-test/target/test-dir/MiniOzoneClusterImpl-da60a4be-53b2-4b3d-9348-253d2842e1e4/datanode-1/data/containers/hdds of  storage type : DISK and capacity : 1482555576320
2019-10-16 05:42:16,747 [main] INFO  volume.VolumeSet (VolumeSet.java:initializeVolumeSet(170)) - Added Volume : /workdir/hadoop-ozone/integration-test/target/test-dir/MiniOzoneClusterImpl-da60a4be-53b2-4b3d-9348-253d2842e1e4/datanode-1/data/containers/hdds to VolumeSet
2019-10-16 05:42:16,748 [main] INFO  volume.ThrottledAsyncChecker (ThrottledAsyncChecker.java:schedule(141)) - Scheduling a check for /workdir/hadoop-ozone/integration-test/target/test-dir/MiniOzoneClusterImpl-da60a4be-53b2-4b3d-9348-253d2842e1e4/datanode-1/data/containers/hdds
2019-10-16 05:42:16,748 [main] INFO  volume.HddsVolumeChecker (HddsVolumeChecker.java:checkAllVolumes(204)) - Scheduled health check for volume /workdir/hadoop-ozone/integration-test/target/test-dir/MiniOzoneClusterImpl-da60a4be-53b2-4b3d-9348-253d2842e1e4/datanode-1/data/containers/hdds
2019-10-16 05:42:16,770 [main] INFO  impl.RaftServerProxy (ConfUtils.java:logGet(43)) - raft.rpc.type = GRPC (default)
2019-10-16 05:42:16,771 [main] INFO  grpc.GrpcFactory (GrpcFactory.java:checkPooledByteBufAllocatorUseCacheForAllThreads(45)) - PERFORMANCE WARNING: useCacheForAllThreads is true that may cause Netty to create a lot garbage objects and, as a result, trigger GC.
	It is recommended to disable useCacheForAllThreads by setting -Dorg.apache.ratis.thirdparty.io.netty.allocator.useCacheForAllThreads=false in command line.
2019-10-16 05:42:16,771 [main] INFO  grpc.GrpcConfigKeys$Server (ConfUtils.java:logGet(43)) - raft.grpc.server.port = 0 (default)
2019-10-16 05:42:16,771 [main] INFO  server.GrpcService (ConfUtils.java:logGet(43)) - raft.grpc.message.size.max = 33570816 (custom)
2019-10-16 05:42:16,771 [main] INFO  server.RaftServerConfigKeys (ConfUtils.java:logGet(43)) - raft.server.log.appender.buffer.byte-limit = 33554432 (custom)
2019-10-16 05:42:16,771 [main] INFO  server.GrpcService (ConfUtils.java:logGet(43)) - raft.grpc.flow.control.window = 1MB (=1048576) (default)
2019-10-16 05:42:16,772 [main] INFO  server.RaftServerConfigKeys (ConfUtils.java:logGet(43)) - raft.server.rpc.request.timeout = 3000ms (default)
2019-10-16 05:42:16,772 [main] INFO  server.RaftServerConfigKeys (ConfUtils.java:logGet(43)) - raft.server.storage.dir = [/workdir/hadoop-ozone/integration-test/target/test-dir/MiniOzoneClusterImpl-da60a4be-53b2-4b3d-9348-253d2842e1e4/datanode-1/data/ratis] (custom)
2019-10-16 05:42:16,774 [main] INFO  hdfs.DFSUtil (DFSUtil.java:httpServerTemplateForNNAndJN(1641)) - Starting Web-server for hddsDatanode at: http://0.0.0.0:0
2019-10-16 05:42:16,777 [main] INFO  server.AuthenticationFilter (AuthenticationFilter.java:constructSecretProvider(240)) - Unable to initialize FileSignerSecretProvider, falling back to use random secrets.
2019-10-16 05:42:16,777 [main] WARN  http.HttpRequestLog (HttpRequestLog.java:getRequestLog(97)) - Jetty request log can only be enabled using Log4j
2019-10-16 05:42:16,779 [main] INFO  http.HttpServer2 (HttpServer2.java:addGlobalFilter(975)) - Added global filter 'safety' (class=org.apache.hadoop.http.HttpServer2$QuotingInputFilter)
2019-10-16 05:42:16,781 [main] INFO  http.HttpServer2 (HttpServer2.java:addFilter(948)) - Added filter static_user_filter (class=org.apache.hadoop.http.lib.StaticUserWebFilter$StaticUserFilter) to context hddsDatanode
2019-10-16 05:42:16,781 [main] INFO  http.HttpServer2 (HttpServer2.java:addFilter(958)) - Added filter static_user_filter (class=org.apache.hadoop.http.lib.StaticUserWebFilter$StaticUserFilter) to context static
2019-10-16 05:42:16,781 [main] INFO  http.HttpServer2 (HttpServer2.java:addFilter(958)) - Added filter static_user_filter (class=org.apache.hadoop.http.lib.StaticUserWebFilter$StaticUserFilter) to context logs
2019-10-16 05:42:16,783 [main] INFO  http.HttpServer2 (HttpServer2.java:bindListener(1191)) - Jetty bound to port 35675
2019-10-16 05:42:16,783 [main] INFO  server.Server (Server.java:doStart(351)) - jetty-9.3.25.v20180904, build timestamp: 2018-09-04T21:11:46Z, git hash: 3ce520221d0240229c862b122d2b06c12a625732
2019-10-16 05:42:16,786 [main] INFO  handler.ContextHandler (ContextHandler.java:doStart(781)) - Started o.e.j.s.ServletContextHandler@30ec7d21{/logs,file:///workdir/hadoop-ozone/integration-test/target/log,AVAILABLE}
2019-10-16 05:42:16,787 [main] INFO  handler.ContextHandler (ContextHandler.java:doStart(781)) - Started o.e.j.s.ServletContextHandler@7efa3f63{/static,jar:file:/home/user/.m2/repository/org/apache/hadoop/hadoop-hdds-container-service/0.5.0-SNAPSHOT/hadoop-hdds-container-service-0.5.0-SNAPSHOT.jar!/webapps/static,AVAILABLE}
2019-10-16 05:42:16,834 [main] INFO  handler.ContextHandler (ContextHandler.java:doStart(781)) - Started o.e.j.w.WebAppContext@12a470dd{/,file:///tmp/jetty-0.0.0.0-35675-hddsDatanode-_-any-8968114076211994810.dir/webapp/,AVAILABLE}{/hddsDatanode}
2019-10-16 05:42:16,834 [main] INFO  server.AbstractConnector (AbstractConnector.java:doStart(278)) - Started ServerConnector@6968bcec{HTTP/1.1,[http/1.1]}{0.0.0.0:35675}
2019-10-16 05:42:16,836 [main] INFO  server.Server (Server.java:doStart(419)) - Started @86606ms
2019-10-16 05:42:16,836 [main] WARN  impl.MetricsSystemImpl (MetricsSystemImpl.java:register(276)) - Sink prometheus already exists!
2019-10-16 05:42:16,837 [main] INFO  server.BaseHttpServer (BaseHttpServer.java:updateConnectorAddress(215)) - HTTP server of HDDSDATANODE is listening at http://0.0.0.0:35675
2019-10-16 05:42:16,837 [main] INFO  impl.MetricsSystemImpl (MetricsSystemImpl.java:init(158)) - HddsDatanode metrics system started (again)
2019-10-16 05:42:16,840 [main] INFO  ozone.HddsDatanodeService (HddsDatanodeService.java:start(184)) - HddsDatanodeService host:pr-hdds-2312-q6qzp-1535798719 ip:192.168.69.104
2019-10-16 05:42:16,840 [org.apache.hadoop.util.JvmPauseMonitor$Monitor@2d4e4e09] INFO  util.JvmPauseMonitor (JvmPauseMonitor.java:run(188)) - Starting JVM pause monitor
2019-10-16 05:42:16,843 [Datanode State Machine Thread - 0] INFO  datanode.InitDatanodeState (InitDatanodeState.java:persistContainerDatanodeDetails(140)) - DatanodeDetails is persisted to /workdir/hadoop-ozone/integration-test/target/test-dir/MiniOzoneClusterImpl-da60a4be-53b2-4b3d-9348-253d2842e1e4/datanode-1/meta/datanode.id
2019-10-16 05:42:16,847 [main] INFO  volume.HddsVolume (HddsVolume.java:<init>(176)) - Creating Volume: /workdir/hadoop-ozone/integration-test/target/test-dir/MiniOzoneClusterImpl-da60a4be-53b2-4b3d-9348-253d2842e1e4/datanode-2/data/containers/hdds of  storage type : DISK and capacity : 1482555576320
2019-10-16 05:42:16,848 [main] INFO  volume.VolumeSet (VolumeSet.java:initializeVolumeSet(170)) - Added Volume : /workdir/hadoop-ozone/integration-test/target/test-dir/MiniOzoneClusterImpl-da60a4be-53b2-4b3d-9348-253d2842e1e4/datanode-2/data/containers/hdds to VolumeSet
2019-10-16 05:42:16,848 [main] INFO  volume.ThrottledAsyncChecker (ThrottledAsyncChecker.java:schedule(141)) - Scheduling a check for /workdir/hadoop-ozone/integration-test/target/test-dir/MiniOzoneClusterImpl-da60a4be-53b2-4b3d-9348-253d2842e1e4/datanode-2/data/containers/hdds
2019-10-16 05:42:16,848 [main] INFO  volume.HddsVolumeChecker (HddsVolumeChecker.java:checkAllVolumes(204)) - Scheduled health check for volume /workdir/hadoop-ozone/integration-test/target/test-dir/MiniOzoneClusterImpl-da60a4be-53b2-4b3d-9348-253d2842e1e4/datanode-2/data/containers/hdds
2019-10-16 05:42:16,863 [main] INFO  impl.RaftServerProxy (ConfUtils.java:logGet(43)) - raft.rpc.type = GRPC (default)
2019-10-16 05:42:16,863 [main] INFO  grpc.GrpcFactory (GrpcFactory.java:checkPooledByteBufAllocatorUseCacheForAllThreads(45)) - PERFORMANCE WARNING: useCacheForAllThreads is true that may cause Netty to create a lot garbage objects and, as a result, trigger GC.
	It is recommended to disable useCacheForAllThreads by setting -Dorg.apache.ratis.thirdparty.io.netty.allocator.useCacheForAllThreads=false in command line.
2019-10-16 05:42:16,863 [main] INFO  grpc.GrpcConfigKeys$Server (ConfUtils.java:logGet(43)) - raft.grpc.server.port = 0 (default)
2019-10-16 05:42:16,863 [main] INFO  server.GrpcService (ConfUtils.java:logGet(43)) - raft.grpc.message.size.max = 33570816 (custom)
2019-10-16 05:42:16,863 [main] INFO  server.RaftServerConfigKeys (ConfUtils.java:logGet(43)) - raft.server.log.appender.buffer.byte-limit = 33554432 (custom)
2019-10-16 05:42:16,864 [main] INFO  server.GrpcService (ConfUtils.java:logGet(43)) - raft.grpc.flow.control.window = 1MB (=1048576) (default)
2019-10-16 05:42:16,864 [main] INFO  server.RaftServerConfigKeys (ConfUtils.java:logGet(43)) - raft.server.rpc.request.timeout = 3000ms (default)
2019-10-16 05:42:16,864 [main] INFO  server.RaftServerConfigKeys (ConfUtils.java:logGet(43)) - raft.server.storage.dir = [/workdir/hadoop-ozone/integration-test/target/test-dir/MiniOzoneClusterImpl-da60a4be-53b2-4b3d-9348-253d2842e1e4/datanode-2/data/ratis] (custom)
2019-10-16 05:42:16,866 [main] INFO  hdfs.DFSUtil (DFSUtil.java:httpServerTemplateForNNAndJN(1641)) - Starting Web-server for hddsDatanode at: http://0.0.0.0:0
2019-10-16 05:42:16,867 [main] INFO  server.AuthenticationFilter (AuthenticationFilter.java:constructSecretProvider(240)) - Unable to initialize FileSignerSecretProvider, falling back to use random secrets.
2019-10-16 05:42:16,867 [main] WARN  http.HttpRequestLog (HttpRequestLog.java:getRequestLog(97)) - Jetty request log can only be enabled using Log4j
2019-10-16 05:42:16,869 [main] INFO  http.HttpServer2 (HttpServer2.java:addGlobalFilter(975)) - Added global filter 'safety' (class=org.apache.hadoop.http.HttpServer2$QuotingInputFilter)
2019-10-16 05:42:16,870 [main] INFO  http.HttpServer2 (HttpServer2.java:addFilter(948)) - Added filter static_user_filter (class=org.apache.hadoop.http.lib.StaticUserWebFilter$StaticUserFilter) to context hddsDatanode
2019-10-16 05:42:16,870 [main] INFO  http.HttpServer2 (HttpServer2.java:addFilter(958)) - Added filter static_user_filter (class=org.apache.hadoop.http.lib.StaticUserWebFilter$StaticUserFilter) to context logs
2019-10-16 05:42:16,870 [main] INFO  http.HttpServer2 (HttpServer2.java:addFilter(958)) - Added filter static_user_filter (class=org.apache.hadoop.http.lib.StaticUserWebFilter$StaticUserFilter) to context static
2019-10-16 05:42:16,871 [main] INFO  http.HttpServer2 (HttpServer2.java:bindListener(1191)) - Jetty bound to port 33338
2019-10-16 05:42:16,871 [main] INFO  server.Server (Server.java:doStart(351)) - jetty-9.3.25.v20180904, build timestamp: 2018-09-04T21:11:46Z, git hash: 3ce520221d0240229c862b122d2b06c12a625732
2019-10-16 05:42:16,873 [main] INFO  handler.ContextHandler (ContextHandler.java:doStart(781)) - Started o.e.j.s.ServletContextHandler@46dcbeab{/logs,file:///workdir/hadoop-ozone/integration-test/target/log,AVAILABLE}
2019-10-16 05:42:16,874 [main] INFO  handler.ContextHandler (ContextHandler.java:doStart(781)) - Started o.e.j.s.ServletContextHandler@152c4495{/static,jar:file:/home/user/.m2/repository/org/apache/hadoop/hadoop-hdds-container-service/0.5.0-SNAPSHOT/hadoop-hdds-container-service-0.5.0-SNAPSHOT.jar!/webapps/static,AVAILABLE}
2019-10-16 05:42:16,906 [main] INFO  handler.ContextHandler (ContextHandler.java:doStart(781)) - Started o.e.j.w.WebAppContext@fb0a08c{/,file:///tmp/jetty-0.0.0.0-33338-hddsDatanode-_-any-5830460308325287390.dir/webapp/,AVAILABLE}{/hddsDatanode}
2019-10-16 05:42:16,906 [main] INFO  server.AbstractConnector (AbstractConnector.java:doStart(278)) - Started ServerConnector@1faf386c{HTTP/1.1,[http/1.1]}{0.0.0.0:33338}
2019-10-16 05:42:16,908 [main] INFO  server.Server (Server.java:doStart(419)) - Started @86678ms
2019-10-16 05:42:16,908 [main] WARN  impl.MetricsSystemImpl (MetricsSystemImpl.java:register(276)) - Sink prometheus already exists!
2019-10-16 05:42:16,909 [main] INFO  server.BaseHttpServer (BaseHttpServer.java:updateConnectorAddress(215)) - HTTP server of HDDSDATANODE is listening at http://0.0.0.0:33338
2019-10-16 05:42:16,909 [main] INFO  impl.MetricsSystemImpl (MetricsSystemImpl.java:init(158)) - HddsDatanode metrics system started (again)
2019-10-16 05:42:16,913 [org.apache.hadoop.util.JvmPauseMonitor$Monitor@31658a2] INFO  util.JvmPauseMonitor (JvmPauseMonitor.java:run(188)) - Starting JVM pause monitor
2019-10-16 05:42:16,914 [main] INFO  ozone.HddsDatanodeService (HddsDatanodeService.java:start(184)) - HddsDatanodeService host:pr-hdds-2312-q6qzp-1535798719 ip:192.168.69.104
2019-10-16 05:42:16,914 [Datanode State Machine Thread - 0] INFO  datanode.InitDatanodeState (InitDatanodeState.java:persistContainerDatanodeDetails(140)) - DatanodeDetails is persisted to /workdir/hadoop-ozone/integration-test/target/test-dir/MiniOzoneClusterImpl-da60a4be-53b2-4b3d-9348-253d2842e1e4/datanode-2/meta/datanode.id
2019-10-16 05:42:16,922 [main] INFO  volume.HddsVolume (HddsVolume.java:<init>(176)) - Creating Volume: /workdir/hadoop-ozone/integration-test/target/test-dir/MiniOzoneClusterImpl-da60a4be-53b2-4b3d-9348-253d2842e1e4/datanode-3/data/containers/hdds of  storage type : DISK and capacity : 1482555576320
2019-10-16 05:42:16,923 [main] INFO  volume.VolumeSet (VolumeSet.java:initializeVolumeSet(170)) - Added Volume : /workdir/hadoop-ozone/integration-test/target/test-dir/MiniOzoneClusterImpl-da60a4be-53b2-4b3d-9348-253d2842e1e4/datanode-3/data/containers/hdds to VolumeSet
2019-10-16 05:42:16,923 [main] INFO  volume.ThrottledAsyncChecker (ThrottledAsyncChecker.java:schedule(141)) - Scheduling a check for /workdir/hadoop-ozone/integration-test/target/test-dir/MiniOzoneClusterImpl-da60a4be-53b2-4b3d-9348-253d2842e1e4/datanode-3/data/containers/hdds
2019-10-16 05:42:16,923 [main] INFO  volume.HddsVolumeChecker (HddsVolumeChecker.java:checkAllVolumes(204)) - Scheduled health check for volume /workdir/hadoop-ozone/integration-test/target/test-dir/MiniOzoneClusterImpl-da60a4be-53b2-4b3d-9348-253d2842e1e4/datanode-3/data/containers/hdds
2019-10-16 05:42:16,942 [main] INFO  impl.RaftServerProxy (ConfUtils.java:logGet(43)) - raft.rpc.type = GRPC (default)
2019-10-16 05:42:16,942 [main] INFO  grpc.GrpcFactory (GrpcFactory.java:checkPooledByteBufAllocatorUseCacheForAllThreads(45)) - PERFORMANCE WARNING: useCacheForAllThreads is true that may cause Netty to create a lot garbage objects and, as a result, trigger GC.
	It is recommended to disable useCacheForAllThreads by setting -Dorg.apache.ratis.thirdparty.io.netty.allocator.useCacheForAllThreads=false in command line.
2019-10-16 05:42:16,943 [main] INFO  grpc.GrpcConfigKeys$Server (ConfUtils.java:logGet(43)) - raft.grpc.server.port = 0 (default)
2019-10-16 05:42:16,943 [main] INFO  server.GrpcService (ConfUtils.java:logGet(43)) - raft.grpc.message.size.max = 33570816 (custom)
2019-10-16 05:42:16,943 [main] INFO  server.RaftServerConfigKeys (ConfUtils.java:logGet(43)) - raft.server.log.appender.buffer.byte-limit = 33554432 (custom)
2019-10-16 05:42:16,943 [main] INFO  server.GrpcService (ConfUtils.java:logGet(43)) - raft.grpc.flow.control.window = 1MB (=1048576) (default)
2019-10-16 05:42:16,944 [main] INFO  server.RaftServerConfigKeys (ConfUtils.java:logGet(43)) - raft.server.rpc.request.timeout = 3000ms (default)
2019-10-16 05:42:16,944 [main] INFO  server.RaftServerConfigKeys (ConfUtils.java:logGet(43)) - raft.server.storage.dir = [/workdir/hadoop-ozone/integration-test/target/test-dir/MiniOzoneClusterImpl-da60a4be-53b2-4b3d-9348-253d2842e1e4/datanode-3/data/ratis] (custom)
2019-10-16 05:42:16,946 [main] INFO  hdfs.DFSUtil (DFSUtil.java:httpServerTemplateForNNAndJN(1641)) - Starting Web-server for hddsDatanode at: http://0.0.0.0:0
2019-10-16 05:42:16,948 [main] INFO  server.AuthenticationFilter (AuthenticationFilter.java:constructSecretProvider(240)) - Unable to initialize FileSignerSecretProvider, falling back to use random secrets.
2019-10-16 05:42:16,948 [main] WARN  http.HttpRequestLog (HttpRequestLog.java:getRequestLog(97)) - Jetty request log can only be enabled using Log4j
2019-10-16 05:42:16,950 [main] INFO  http.HttpServer2 (HttpServer2.java:addGlobalFilter(975)) - Added global filter 'safety' (class=org.apache.hadoop.http.HttpServer2$QuotingInputFilter)
2019-10-16 05:42:16,951 [main] INFO  http.HttpServer2 (HttpServer2.java:addFilter(948)) - Added filter static_user_filter (class=org.apache.hadoop.http.lib.StaticUserWebFilter$StaticUserFilter) to context hddsDatanode
2019-10-16 05:42:16,951 [main] INFO  http.HttpServer2 (HttpServer2.java:addFilter(958)) - Added filter static_user_filter (class=org.apache.hadoop.http.lib.StaticUserWebFilter$StaticUserFilter) to context static
2019-10-16 05:42:16,951 [main] INFO  http.HttpServer2 (HttpServer2.java:addFilter(958)) - Added filter static_user_filter (class=org.apache.hadoop.http.lib.StaticUserWebFilter$StaticUserFilter) to context logs
2019-10-16 05:42:16,952 [main] INFO  http.HttpServer2 (HttpServer2.java:bindListener(1191)) - Jetty bound to port 32996
2019-10-16 05:42:16,952 [main] INFO  server.Server (Server.java:doStart(351)) - jetty-9.3.25.v20180904, build timestamp: 2018-09-04T21:11:46Z, git hash: 3ce520221d0240229c862b122d2b06c12a625732
2019-10-16 05:42:16,954 [main] INFO  handler.ContextHandler (ContextHandler.java:doStart(781)) - Started o.e.j.s.ServletContextHandler@4887de2b{/logs,file:///workdir/hadoop-ozone/integration-test/target/log,AVAILABLE}
2019-10-16 05:42:16,955 [main] INFO  handler.ContextHandler (ContextHandler.java:doStart(781)) - Started o.e.j.s.ServletContextHandler@40ac6b76{/static,jar:file:/home/user/.m2/repository/org/apache/hadoop/hadoop-hdds-container-service/0.5.0-SNAPSHOT/hadoop-hdds-container-service-0.5.0-SNAPSHOT.jar!/webapps/static,AVAILABLE}
2019-10-16 05:42:16,995 [main] INFO  handler.ContextHandler (ContextHandler.java:doStart(781)) - Started o.e.j.w.WebAppContext@4997552e{/,file:///tmp/jetty-0.0.0.0-32996-hddsDatanode-_-any-7331898975557093217.dir/webapp/,AVAILABLE}{/hddsDatanode}
2019-10-16 05:42:16,995 [main] INFO  server.AbstractConnector (AbstractConnector.java:doStart(278)) - Started ServerConnector@7bcecef6{HTTP/1.1,[http/1.1]}{0.0.0.0:32996}
2019-10-16 05:42:16,996 [main] INFO  server.Server (Server.java:doStart(419)) - Started @86767ms
2019-10-16 05:42:16,996 [main] WARN  impl.MetricsSystemImpl (MetricsSystemImpl.java:register(276)) - Sink prometheus already exists!
2019-10-16 05:42:16,998 [main] INFO  server.BaseHttpServer (BaseHttpServer.java:updateConnectorAddress(215)) - HTTP server of HDDSDATANODE is listening at http://0.0.0.0:32996
2019-10-16 05:42:16,998 [main] INFO  impl.MetricsSystemImpl (MetricsSystemImpl.java:init(158)) - HddsDatanode metrics system started (again)
2019-10-16 05:42:17,002 [org.apache.hadoop.util.JvmPauseMonitor$Monitor@2854ca35] INFO  util.JvmPauseMonitor (JvmPauseMonitor.java:run(188)) - Starting JVM pause monitor
2019-10-16 05:42:17,003 [main] INFO  ozone.HddsDatanodeService (HddsDatanodeService.java:start(184)) - HddsDatanodeService host:pr-hdds-2312-q6qzp-1535798719 ip:192.168.69.104
2019-10-16 05:42:17,004 [Datanode State Machine Thread - 0] INFO  datanode.InitDatanodeState (InitDatanodeState.java:persistContainerDatanodeDetails(140)) - DatanodeDetails is persisted to /workdir/hadoop-ozone/integration-test/target/test-dir/MiniOzoneClusterImpl-da60a4be-53b2-4b3d-9348-253d2842e1e4/datanode-3/meta/datanode.id
2019-10-16 05:42:17,011 [main] INFO  volume.HddsVolume (HddsVolume.java:<init>(176)) - Creating Volume: /workdir/hadoop-ozone/integration-test/target/test-dir/MiniOzoneClusterImpl-da60a4be-53b2-4b3d-9348-253d2842e1e4/datanode-4/data/containers/hdds of  storage type : DISK and capacity : 1482555576320
2019-10-16 05:42:17,012 [main] INFO  volume.VolumeSet (VolumeSet.java:initializeVolumeSet(170)) - Added Volume : /workdir/hadoop-ozone/integration-test/target/test-dir/MiniOzoneClusterImpl-da60a4be-53b2-4b3d-9348-253d2842e1e4/datanode-4/data/containers/hdds to VolumeSet
2019-10-16 05:42:17,012 [main] INFO  volume.ThrottledAsyncChecker (ThrottledAsyncChecker.java:schedule(141)) - Scheduling a check for /workdir/hadoop-ozone/integration-test/target/test-dir/MiniOzoneClusterImpl-da60a4be-53b2-4b3d-9348-253d2842e1e4/datanode-4/data/containers/hdds
2019-10-16 05:42:17,013 [main] INFO  volume.HddsVolumeChecker (HddsVolumeChecker.java:checkAllVolumes(204)) - Scheduled health check for volume /workdir/hadoop-ozone/integration-test/target/test-dir/MiniOzoneClusterImpl-da60a4be-53b2-4b3d-9348-253d2842e1e4/datanode-4/data/containers/hdds
2019-10-16 05:42:17,031 [main] INFO  impl.RaftServerProxy (ConfUtils.java:logGet(43)) - raft.rpc.type = GRPC (default)
2019-10-16 05:42:17,031 [main] INFO  grpc.GrpcFactory (GrpcFactory.java:checkPooledByteBufAllocatorUseCacheForAllThreads(45)) - PERFORMANCE WARNING: useCacheForAllThreads is true that may cause Netty to create a lot garbage objects and, as a result, trigger GC.
	It is recommended to disable useCacheForAllThreads by setting -Dorg.apache.ratis.thirdparty.io.netty.allocator.useCacheForAllThreads=false in command line.
2019-10-16 05:42:17,031 [main] INFO  grpc.GrpcConfigKeys$Server (ConfUtils.java:logGet(43)) - raft.grpc.server.port = 0 (default)
2019-10-16 05:42:17,032 [main] INFO  server.GrpcService (ConfUtils.java:logGet(43)) - raft.grpc.message.size.max = 33570816 (custom)
2019-10-16 05:42:17,032 [main] INFO  server.RaftServerConfigKeys (ConfUtils.java:logGet(43)) - raft.server.log.appender.buffer.byte-limit = 33554432 (custom)
2019-10-16 05:42:17,032 [main] INFO  server.GrpcService (ConfUtils.java:logGet(43)) - raft.grpc.flow.control.window = 1MB (=1048576) (default)
2019-10-16 05:42:17,032 [main] INFO  server.RaftServerConfigKeys (ConfUtils.java:logGet(43)) - raft.server.rpc.request.timeout = 3000ms (default)
2019-10-16 05:42:17,033 [main] INFO  server.RaftServerConfigKeys (ConfUtils.java:logGet(43)) - raft.server.storage.dir = [/workdir/hadoop-ozone/integration-test/target/test-dir/MiniOzoneClusterImpl-da60a4be-53b2-4b3d-9348-253d2842e1e4/datanode-4/data/ratis] (custom)
2019-10-16 05:42:17,034 [main] INFO  hdfs.DFSUtil (DFSUtil.java:httpServerTemplateForNNAndJN(1641)) - Starting Web-server for hddsDatanode at: http://0.0.0.0:0
2019-10-16 05:42:17,036 [main] INFO  server.AuthenticationFilter (AuthenticationFilter.java:constructSecretProvider(240)) - Unable to initialize FileSignerSecretProvider, falling back to use random secrets.
2019-10-16 05:42:17,037 [main] WARN  http.HttpRequestLog (HttpRequestLog.java:getRequestLog(97)) - Jetty request log can only be enabled using Log4j
2019-10-16 05:42:17,038 [main] INFO  http.HttpServer2 (HttpServer2.java:addGlobalFilter(975)) - Added global filter 'safety' (class=org.apache.hadoop.http.HttpServer2$QuotingInputFilter)
2019-10-16 05:42:17,039 [main] INFO  http.HttpServer2 (HttpServer2.java:addFilter(948)) - Added filter static_user_filter (class=org.apache.hadoop.http.lib.StaticUserWebFilter$StaticUserFilter) to context hddsDatanode
2019-10-16 05:42:17,039 [main] INFO  http.HttpServer2 (HttpServer2.java:addFilter(958)) - Added filter static_user_filter (class=org.apache.hadoop.http.lib.StaticUserWebFilter$StaticUserFilter) to context static
2019-10-16 05:42:17,039 [main] INFO  http.HttpServer2 (HttpServer2.java:addFilter(958)) - Added filter static_user_filter (class=org.apache.hadoop.http.lib.StaticUserWebFilter$StaticUserFilter) to context logs
2019-10-16 05:42:17,040 [main] INFO  http.HttpServer2 (HttpServer2.java:bindListener(1191)) - Jetty bound to port 38088
2019-10-16 05:42:17,040 [main] INFO  server.Server (Server.java:doStart(351)) - jetty-9.3.25.v20180904, build timestamp: 2018-09-04T21:11:46Z, git hash: 3ce520221d0240229c862b122d2b06c12a625732
2019-10-16 05:42:17,042 [main] INFO  handler.ContextHandler (ContextHandler.java:doStart(781)) - Started o.e.j.s.ServletContextHandler@1b9d9a2b{/logs,file:///workdir/hadoop-ozone/integration-test/target/log,AVAILABLE}
2019-10-16 05:42:17,043 [main] INFO  handler.ContextHandler (ContextHandler.java:doStart(781)) - Started o.e.j.s.ServletContextHandler@17dad32f{/static,jar:file:/home/user/.m2/repository/org/apache/hadoop/hadoop-hdds-container-service/0.5.0-SNAPSHOT/hadoop-hdds-container-service-0.5.0-SNAPSHOT.jar!/webapps/static,AVAILABLE}
2019-10-16 05:42:17,063 [java.util.concurrent.ThreadPoolExecutor$Worker@7a58dad7[State = -1, empty queue]] WARN  server.GrpcLogAppender (GrpcLogAppender.java:timeoutAppendRequest(209)) - a92c0124-0b6b-4eab-8828-4a4218b90be6@group-FD3ACD3F2F2D->f1a365c1-fe59-4a48-93c2-eb51ec4ae0f7-GrpcLogAppender: appendEntries Timeout, request=a92c0124-0b6b-4eab-8828-4a4218b90be6->f1a365c1-fe59-4a48-93c2-eb51ec4ae0f7#27-t7, previous=(t:7, i:38), leaderCommit=38, initializing? false, entries: <empty>
2019-10-16 05:42:17,082 [main] INFO  handler.ContextHandler (ContextHandler.java:doStart(781)) - Started o.e.j.w.WebAppContext@da28d03{/,file:///tmp/jetty-0.0.0.0-38088-hddsDatanode-_-any-6307000634600433540.dir/webapp/,AVAILABLE}{/hddsDatanode}
2019-10-16 05:42:17,082 [main] INFO  server.AbstractConnector (AbstractConnector.java:doStart(278)) - Started ServerConnector@ebda593{HTTP/1.1,[http/1.1]}{0.0.0.0:38088}
2019-10-16 05:42:17,084 [main] INFO  server.Server (Server.java:doStart(419)) - Started @86854ms
2019-10-16 05:42:17,084 [main] WARN  impl.MetricsSystemImpl (MetricsSystemImpl.java:register(276)) - Sink prometheus already exists!
2019-10-16 05:42:17,085 [main] INFO  server.BaseHttpServer (BaseHttpServer.java:updateConnectorAddress(215)) - HTTP server of HDDSDATANODE is listening at http://0.0.0.0:38088
2019-10-16 05:42:17,085 [main] INFO  impl.MetricsSystemImpl (MetricsSystemImpl.java:init(158)) - HddsDatanode metrics system started (again)
2019-10-16 05:42:17,089 [org.apache.hadoop.util.JvmPauseMonitor$Monitor@f75cb32] INFO  util.JvmPauseMonitor (JvmPauseMonitor.java:run(188)) - Starting JVM pause monitor
2019-10-16 05:42:17,089 [main] INFO  ozone.HddsDatanodeService (HddsDatanodeService.java:start(184)) - HddsDatanodeService host:pr-hdds-2312-q6qzp-1535798719 ip:192.168.69.104
2019-10-16 05:42:17,090 [Datanode State Machine Thread - 0] INFO  datanode.InitDatanodeState (InitDatanodeState.java:persistContainerDatanodeDetails(140)) - DatanodeDetails is persisted to /workdir/hadoop-ozone/integration-test/target/test-dir/MiniOzoneClusterImpl-da60a4be-53b2-4b3d-9348-253d2842e1e4/datanode-4/meta/datanode.id
2019-10-16 05:42:17,097 [main] INFO  volume.HddsVolume (HddsVolume.java:<init>(176)) - Creating Volume: /workdir/hadoop-ozone/integration-test/target/test-dir/MiniOzoneClusterImpl-da60a4be-53b2-4b3d-9348-253d2842e1e4/datanode-5/data/containers/hdds of  storage type : DISK and capacity : 1482555576320
2019-10-16 05:42:17,097 [main] INFO  volume.VolumeSet (VolumeSet.java:initializeVolumeSet(170)) - Added Volume : /workdir/hadoop-ozone/integration-test/target/test-dir/MiniOzoneClusterImpl-da60a4be-53b2-4b3d-9348-253d2842e1e4/datanode-5/data/containers/hdds to VolumeSet
2019-10-16 05:42:17,097 [main] INFO  volume.ThrottledAsyncChecker (ThrottledAsyncChecker.java:schedule(141)) - Scheduling a check for /workdir/hadoop-ozone/integration-test/target/test-dir/MiniOzoneClusterImpl-da60a4be-53b2-4b3d-9348-253d2842e1e4/datanode-5/data/containers/hdds
2019-10-16 05:42:17,098 [main] INFO  volume.HddsVolumeChecker (HddsVolumeChecker.java:checkAllVolumes(204)) - Scheduled health check for volume /workdir/hadoop-ozone/integration-test/target/test-dir/MiniOzoneClusterImpl-da60a4be-53b2-4b3d-9348-253d2842e1e4/datanode-5/data/containers/hdds
2019-10-16 05:42:17,114 [main] INFO  impl.RaftServerProxy (ConfUtils.java:logGet(43)) - raft.rpc.type = GRPC (default)
2019-10-16 05:42:17,114 [main] INFO  grpc.GrpcFactory (GrpcFactory.java:checkPooledByteBufAllocatorUseCacheForAllThreads(45)) - PERFORMANCE WARNING: useCacheForAllThreads is true that may cause Netty to create a lot garbage objects and, as a result, trigger GC.
	It is recommended to disable useCacheForAllThreads by setting -Dorg.apache.ratis.thirdparty.io.netty.allocator.useCacheForAllThreads=false in command line.
2019-10-16 05:42:17,114 [main] INFO  grpc.GrpcConfigKeys$Server (ConfUtils.java:logGet(43)) - raft.grpc.server.port = 0 (default)
2019-10-16 05:42:17,114 [main] INFO  server.GrpcService (ConfUtils.java:logGet(43)) - raft.grpc.message.size.max = 33570816 (custom)
2019-10-16 05:42:17,115 [main] INFO  server.RaftServerConfigKeys (ConfUtils.java:logGet(43)) - raft.server.log.appender.buffer.byte-limit = 33554432 (custom)
2019-10-16 05:42:17,115 [main] INFO  server.GrpcService (ConfUtils.java:logGet(43)) - raft.grpc.flow.control.window = 1MB (=1048576) (default)
2019-10-16 05:42:17,115 [main] INFO  server.RaftServerConfigKeys (ConfUtils.java:logGet(43)) - raft.server.rpc.request.timeout = 3000ms (default)
2019-10-16 05:42:17,115 [main] INFO  server.RaftServerConfigKeys (ConfUtils.java:logGet(43)) - raft.server.storage.dir = [/workdir/hadoop-ozone/integration-test/target/test-dir/MiniOzoneClusterImpl-da60a4be-53b2-4b3d-9348-253d2842e1e4/datanode-5/data/ratis] (custom)
2019-10-16 05:42:17,118 [main] INFO  hdfs.DFSUtil (DFSUtil.java:httpServerTemplateForNNAndJN(1641)) - Starting Web-server for hddsDatanode at: http://0.0.0.0:0
2019-10-16 05:42:17,120 [main] INFO  server.AuthenticationFilter (AuthenticationFilter.java:constructSecretProvider(240)) - Unable to initialize FileSignerSecretProvider, falling back to use random secrets.
2019-10-16 05:42:17,120 [main] WARN  http.HttpRequestLog (HttpRequestLog.java:getRequestLog(97)) - Jetty request log can only be enabled using Log4j
2019-10-16 05:42:17,122 [main] INFO  http.HttpServer2 (HttpServer2.java:addGlobalFilter(975)) - Added global filter 'safety' (class=org.apache.hadoop.http.HttpServer2$QuotingInputFilter)
2019-10-16 05:42:17,123 [main] INFO  http.HttpServer2 (HttpServer2.java:addFilter(948)) - Added filter static_user_filter (class=org.apache.hadoop.http.lib.StaticUserWebFilter$StaticUserFilter) to context hddsDatanode
2019-10-16 05:42:17,123 [main] INFO  http.HttpServer2 (HttpServer2.java:addFilter(958)) - Added filter static_user_filter (class=org.apache.hadoop.http.lib.StaticUserWebFilter$StaticUserFilter) to context static
2019-10-16 05:42:17,124 [main] INFO  http.HttpServer2 (HttpServer2.java:addFilter(958)) - Added filter static_user_filter (class=org.apache.hadoop.http.lib.StaticUserWebFilter$StaticUserFilter) to context logs
2019-10-16 05:42:17,125 [main] INFO  http.HttpServer2 (HttpServer2.java:bindListener(1191)) - Jetty bound to port 44819
2019-10-16 05:42:17,125 [main] INFO  server.Server (Server.java:doStart(351)) - jetty-9.3.25.v20180904, build timestamp: 2018-09-04T21:11:46Z, git hash: 3ce520221d0240229c862b122d2b06c12a625732
2019-10-16 05:42:17,127 [main] INFO  handler.ContextHandler (ContextHandler.java:doStart(781)) - Started o.e.j.s.ServletContextHandler@2e7bf7b7{/logs,file:///workdir/hadoop-ozone/integration-test/target/log,AVAILABLE}
2019-10-16 05:42:17,128 [main] INFO  handler.ContextHandler (ContextHandler.java:doStart(781)) - Started o.e.j.s.ServletContextHandler@de81be1{/static,jar:file:/home/user/.m2/repository/org/apache/hadoop/hadoop-hdds-container-service/0.5.0-SNAPSHOT/hadoop-hdds-container-service-0.5.0-SNAPSHOT.jar!/webapps/static,AVAILABLE}
2019-10-16 05:42:17,171 [main] INFO  handler.ContextHandler (ContextHandler.java:doStart(781)) - Started o.e.j.w.WebAppContext@45900b64{/,file:///tmp/jetty-0.0.0.0-44819-hddsDatanode-_-any-6545570495995616672.dir/webapp/,AVAILABLE}{/hddsDatanode}
2019-10-16 05:42:17,172 [main] INFO  server.AbstractConnector (AbstractConnector.java:doStart(278)) - Started ServerConnector@f2a1813{HTTP/1.1,[http/1.1]}{0.0.0.0:44819}
2019-10-16 05:42:17,173 [main] INFO  server.Server (Server.java:doStart(419)) - Started @86943ms
2019-10-16 05:42:17,173 [main] WARN  impl.MetricsSystemImpl (MetricsSystemImpl.java:register(276)) - Sink prometheus already exists!
2019-10-16 05:42:17,174 [main] INFO  server.BaseHttpServer (BaseHttpServer.java:updateConnectorAddress(215)) - HTTP server of HDDSDATANODE is listening at http://0.0.0.0:44819
2019-10-16 05:42:17,174 [main] INFO  ozone.MiniOzoneClusterImpl (MiniOzoneClusterImpl.java:lambda$waitForClusterToBeReady$0(147)) - Waiting for cluster to be ready. Got 0 of 6 DN Heartbeats.
2019-10-16 05:42:17,176 [org.apache.hadoop.util.JvmPauseMonitor$Monitor@2232b449] INFO  util.JvmPauseMonitor (JvmPauseMonitor.java:run(188)) - Starting JVM pause monitor
2019-10-16 05:42:17,179 [Datanode State Machine Thread - 0] INFO  datanode.InitDatanodeState (InitDatanodeState.java:persistContainerDatanodeDetails(140)) - DatanodeDetails is persisted to /workdir/hadoop-ozone/integration-test/target/test-dir/MiniOzoneClusterImpl-da60a4be-53b2-4b3d-9348-253d2842e1e4/datanode-5/meta/datanode.id
2019-10-16 05:42:17,564 [java.util.concurrent.ThreadPoolExecutor$Worker@7a58dad7[State = -1, empty queue]] WARN  server.GrpcLogAppender (GrpcLogAppender.java:timeoutAppendRequest(209)) - a92c0124-0b6b-4eab-8828-4a4218b90be6@group-FD3ACD3F2F2D->f1a365c1-fe59-4a48-93c2-eb51ec4ae0f7-GrpcLogAppender: appendEntries Timeout, request=a92c0124-0b6b-4eab-8828-4a4218b90be6->f1a365c1-fe59-4a48-93c2-eb51ec4ae0f7#28-t7, previous=(t:7, i:38), leaderCommit=38, initializing? false, entries: <empty>
2019-10-16 05:42:18,064 [java.util.concurrent.ThreadPoolExecutor$Worker@7a58dad7[State = -1, empty queue]] WARN  server.GrpcLogAppender (GrpcLogAppender.java:timeoutAppendRequest(209)) - a92c0124-0b6b-4eab-8828-4a4218b90be6@group-FD3ACD3F2F2D->f1a365c1-fe59-4a48-93c2-eb51ec4ae0f7-GrpcLogAppender: appendEntries Timeout, request=a92c0124-0b6b-4eab-8828-4a4218b90be6->f1a365c1-fe59-4a48-93c2-eb51ec4ae0f7#29-t7, previous=(t:7, i:38), leaderCommit=38, initializing? false, entries: <empty>
2019-10-16 05:42:18,175 [main] INFO  ozone.MiniOzoneClusterImpl (MiniOzoneClusterImpl.java:lambda$waitForClusterToBeReady$0(147)) - Waiting for cluster to be ready. Got 0 of 6 DN Heartbeats.
2019-10-16 05:42:18,762 [Datanode State Machine Thread - 0] INFO  ozoneimpl.OzoneContainer (OzoneContainer.java:start(213)) - Attempting to start container services.
2019-10-16 05:42:18,763 [Datanode State Machine Thread - 0] INFO  ozoneimpl.OzoneContainer (OzoneContainer.java:startContainerScrub(177)) - Background container scanner has been disabled.
2019-10-16 05:42:18,763 [Datanode State Machine Thread - 0] INFO  ratis.XceiverServerRatis (XceiverServerRatis.java:start(418)) - Starting XceiverServerRatis 7a2a869d-5b21-4221-99f1-36371e590fe9 at port 0
2019-10-16 05:42:18,772 [Datanode State Machine Thread - 0] INFO  impl.RaftServerProxy (RaftServerProxy.java:lambda$start$3(299)) - 7a2a869d-5b21-4221-99f1-36371e590fe9: start RPC server
2019-10-16 05:42:18,774 [Datanode State Machine Thread - 0] INFO  server.GrpcService (GrpcService.java:startImpl(158)) - 7a2a869d-5b21-4221-99f1-36371e590fe9: GrpcService started, listening on 0.0.0.0/0.0.0.0:40701
2019-10-16 05:42:18,774 [Datanode State Machine Thread - 0] INFO  ratis.XceiverServerRatis (XceiverServerRatis.java:start(428)) - XceiverServerRatis 7a2a869d-5b21-4221-99f1-36371e590fe9 is started using port 40701
2019-10-16 05:42:18,776 [Datanode State Machine Thread - 0] INFO  server.XceiverServerGrpc (XceiverServerGrpc.java:start(149)) - XceiverServerGrpc 7a2a869d-5b21-4221-99f1-36371e590fe9 is started using port 35135
2019-10-16 05:42:18,857 [Datanode State Machine Thread - 0] INFO  ozoneimpl.OzoneContainer (OzoneContainer.java:start(213)) - Attempting to start container services.
2019-10-16 05:42:18,857 [Datanode State Machine Thread - 0] INFO  ozoneimpl.OzoneContainer (OzoneContainer.java:startContainerScrub(177)) - Background container scanner has been disabled.
2019-10-16 05:42:18,857 [Datanode State Machine Thread - 0] INFO  ratis.XceiverServerRatis (XceiverServerRatis.java:start(418)) - Starting XceiverServerRatis 3b6ccc7f-fc72-450a-94fb-7a4617c5e7bc at port 0
2019-10-16 05:42:18,866 [Datanode State Machine Thread - 0] INFO  impl.RaftServerProxy (RaftServerProxy.java:lambda$start$3(299)) - 3b6ccc7f-fc72-450a-94fb-7a4617c5e7bc: start RPC server
2019-10-16 05:42:18,868 [Datanode State Machine Thread - 0] INFO  server.GrpcService (GrpcService.java:startImpl(158)) - 3b6ccc7f-fc72-450a-94fb-7a4617c5e7bc: GrpcService started, listening on 0.0.0.0/0.0.0.0:46152
2019-10-16 05:42:18,869 [Datanode State Machine Thread - 0] INFO  ratis.XceiverServerRatis (XceiverServerRatis.java:start(428)) - XceiverServerRatis 3b6ccc7f-fc72-450a-94fb-7a4617c5e7bc is started using port 46152
2019-10-16 05:42:18,869 [Datanode State Machine Thread - 0] INFO  server.XceiverServerGrpc (XceiverServerGrpc.java:start(149)) - XceiverServerGrpc 3b6ccc7f-fc72-450a-94fb-7a4617c5e7bc is started using port 45825
2019-10-16 05:42:18,927 [Datanode State Machine Thread - 0] INFO  ozoneimpl.OzoneContainer (OzoneContainer.java:start(213)) - Attempting to start container services.
2019-10-16 05:42:18,927 [Datanode State Machine Thread - 0] INFO  ozoneimpl.OzoneContainer (OzoneContainer.java:startContainerScrub(177)) - Background container scanner has been disabled.
2019-10-16 05:42:18,927 [Datanode State Machine Thread - 0] INFO  ratis.XceiverServerRatis (XceiverServerRatis.java:start(418)) - Starting XceiverServerRatis 3032a4bc-851b-4099-9ce6-a0f2caedf8e6 at port 0
2019-10-16 05:42:18,935 [Datanode State Machine Thread - 0] INFO  impl.RaftServerProxy (RaftServerProxy.java:lambda$start$3(299)) - 3032a4bc-851b-4099-9ce6-a0f2caedf8e6: start RPC server
2019-10-16 05:42:18,936 [Datanode State Machine Thread - 0] INFO  server.GrpcService (GrpcService.java:startImpl(158)) - 3032a4bc-851b-4099-9ce6-a0f2caedf8e6: GrpcService started, listening on 0.0.0.0/0.0.0.0:35946
2019-10-16 05:42:18,936 [Datanode State Machine Thread - 0] INFO  ratis.XceiverServerRatis (XceiverServerRatis.java:start(428)) - XceiverServerRatis 3032a4bc-851b-4099-9ce6-a0f2caedf8e6 is started using port 35946
2019-10-16 05:42:18,936 [Datanode State Machine Thread - 0] INFO  server.XceiverServerGrpc (XceiverServerGrpc.java:start(149)) - XceiverServerGrpc 3032a4bc-851b-4099-9ce6-a0f2caedf8e6 is started using port 40772
2019-10-16 05:42:19,016 [Datanode State Machine Thread - 0] INFO  ozoneimpl.OzoneContainer (OzoneContainer.java:start(213)) - Attempting to start container services.
2019-10-16 05:42:19,017 [Datanode State Machine Thread - 0] INFO  ozoneimpl.OzoneContainer (OzoneContainer.java:startContainerScrub(177)) - Background container scanner has been disabled.
2019-10-16 05:42:19,017 [Datanode State Machine Thread - 0] INFO  ratis.XceiverServerRatis (XceiverServerRatis.java:start(418)) - Starting XceiverServerRatis e414d63a-fd4b-43a7-bf4d-c8b49f4c8716 at port 0
2019-10-16 05:42:19,025 [Datanode State Machine Thread - 0] INFO  impl.RaftServerProxy (RaftServerProxy.java:lambda$start$3(299)) - e414d63a-fd4b-43a7-bf4d-c8b49f4c8716: start RPC server
2019-10-16 05:42:19,027 [Datanode State Machine Thread - 0] INFO  server.GrpcService (GrpcService.java:startImpl(158)) - e414d63a-fd4b-43a7-bf4d-c8b49f4c8716: GrpcService started, listening on 0.0.0.0/0.0.0.0:34794
2019-10-16 05:42:19,028 [Datanode State Machine Thread - 0] INFO  ratis.XceiverServerRatis (XceiverServerRatis.java:start(428)) - XceiverServerRatis e414d63a-fd4b-43a7-bf4d-c8b49f4c8716 is started using port 34794
2019-10-16 05:42:19,029 [Datanode State Machine Thread - 0] INFO  server.XceiverServerGrpc (XceiverServerGrpc.java:start(149)) - XceiverServerGrpc e414d63a-fd4b-43a7-bf4d-c8b49f4c8716 is started using port 37216
2019-10-16 05:42:19,105 [Datanode State Machine Thread - 0] INFO  ozoneimpl.OzoneContainer (OzoneContainer.java:start(213)) - Attempting to start container services.
2019-10-16 05:42:19,105 [Datanode State Machine Thread - 0] INFO  ozoneimpl.OzoneContainer (OzoneContainer.java:startContainerScrub(177)) - Background container scanner has been disabled.
2019-10-16 05:42:19,105 [Datanode State Machine Thread - 0] INFO  ratis.XceiverServerRatis (XceiverServerRatis.java:start(418)) - Starting XceiverServerRatis 2450c03a-3fc4-4268-b47d-cfd48db35b18 at port 0
2019-10-16 05:42:19,114 [Datanode State Machine Thread - 0] INFO  impl.RaftServerProxy (RaftServerProxy.java:lambda$start$3(299)) - 2450c03a-3fc4-4268-b47d-cfd48db35b18: start RPC server
2019-10-16 05:42:19,115 [Datanode State Machine Thread - 0] INFO  server.GrpcService (GrpcService.java:startImpl(158)) - 2450c03a-3fc4-4268-b47d-cfd48db35b18: GrpcService started, listening on 0.0.0.0/0.0.0.0:40062
2019-10-16 05:42:19,115 [Datanode State Machine Thread - 0] INFO  ratis.XceiverServerRatis (XceiverServerRatis.java:start(428)) - XceiverServerRatis 2450c03a-3fc4-4268-b47d-cfd48db35b18 is started using port 40062
2019-10-16 05:42:19,116 [Datanode State Machine Thread - 0] INFO  server.XceiverServerGrpc (XceiverServerGrpc.java:start(149)) - XceiverServerGrpc 2450c03a-3fc4-4268-b47d-cfd48db35b18 is started using port 34735
2019-10-16 05:42:19,175 [main] INFO  ozone.MiniOzoneClusterImpl (MiniOzoneClusterImpl.java:lambda$waitForClusterToBeReady$0(147)) - Waiting for cluster to be ready. Got 0 of 6 DN Heartbeats.
2019-10-16 05:42:19,192 [Datanode State Machine Thread - 0] INFO  ozoneimpl.OzoneContainer (OzoneContainer.java:start(213)) - Attempting to start container services.
2019-10-16 05:42:19,194 [Datanode State Machine Thread - 0] INFO  ozoneimpl.OzoneContainer (OzoneContainer.java:startContainerScrub(177)) - Background container scanner has been disabled.
2019-10-16 05:42:19,194 [Datanode State Machine Thread - 0] INFO  ratis.XceiverServerRatis (XceiverServerRatis.java:start(418)) - Starting XceiverServerRatis 059e0156-43bf-4f6e-8295-5d3dc33502d0 at port 0
2019-10-16 05:42:19,203 [Datanode State Machine Thread - 0] INFO  impl.RaftServerProxy (RaftServerProxy.java:lambda$start$3(299)) - 059e0156-43bf-4f6e-8295-5d3dc33502d0: start RPC server
2019-10-16 05:42:19,204 [Datanode State Machine Thread - 0] INFO  server.GrpcService (GrpcService.java:startImpl(158)) - 059e0156-43bf-4f6e-8295-5d3dc33502d0: GrpcService started, listening on 0.0.0.0/0.0.0.0:35178
2019-10-16 05:42:19,204 [Datanode State Machine Thread - 0] INFO  ratis.XceiverServerRatis (XceiverServerRatis.java:start(428)) - XceiverServerRatis 059e0156-43bf-4f6e-8295-5d3dc33502d0 is started using port 35178
2019-10-16 05:42:19,205 [Datanode State Machine Thread - 0] INFO  server.XceiverServerGrpc (XceiverServerGrpc.java:start(149)) - XceiverServerGrpc 059e0156-43bf-4f6e-8295-5d3dc33502d0 is started using port 46580
2019-10-16 05:42:20,176 [main] INFO  ozone.MiniOzoneClusterImpl (MiniOzoneClusterImpl.java:lambda$waitForClusterToBeReady$0(147)) - Waiting for cluster to be ready. Got 0 of 6 DN Heartbeats.
2019-10-16 05:42:20,742 [IPC Server handler 4 on 32997] INFO  net.NetworkTopology (NetworkTopologyImpl.java:add(111)) - Added a new node: /default-rack/7a2a869d-5b21-4221-99f1-36371e590fe9
2019-10-16 05:42:20,744 [IPC Server handler 4 on 32997] INFO  node.SCMNodeManager (SCMNodeManager.java:register(268)) - Registered Data node : 7a2a869d-5b21-4221-99f1-36371e590fe9{ip: 192.168.69.104, host: pr-hdds-2312-q6qzp-1535798719, networkLocation: /default-rack, certSerialId: null}
2019-10-16 05:42:20,745 [EventQueue-NodeRegistrationContainerReportForDataNodeSafeModeRule] INFO  safemode.SCMSafeModeManager (DataNodeSafeModeRule.java:process(71)) - SCM in safe mode. 1 DataNodes registered, 1 required.
2019-10-16 05:42:20,747 [EventQueue-NodeRegistrationContainerReportForDataNodeSafeModeRule] INFO  safemode.SCMSafeModeManager (SCMSafeModeManager.java:validateSafeModeExitRules(177)) - ScmSafeModeManager, all rules are successfully validated
2019-10-16 05:42:20,748 [EventQueue-NodeRegistrationContainerReportForDataNodeSafeModeRule] INFO  safemode.SCMSafeModeManager (SCMSafeModeManager.java:exitSafeMode(193)) - SCM exiting safe mode.
2019-10-16 05:42:20,762 [grpc-default-executor-5] INFO  impl.RaftServerProxy (RaftServerProxy.java:addNew(89)) - 7a2a869d-5b21-4221-99f1-36371e590fe9: addNew group-28D81125A63A:[7a2a869d-5b21-4221-99f1-36371e590fe9:192.168.69.104:40701] returns group-28D81125A63A:java.util.concurrent.CompletableFuture@54c9c382[Not completed]
2019-10-16 05:42:20,765 [pool-153-thread-1] INFO  impl.RaftServerImpl (RaftServerImpl.java:<init>(104)) - 7a2a869d-5b21-4221-99f1-36371e590fe9: new RaftServerImpl for group-28D81125A63A:[7a2a869d-5b21-4221-99f1-36371e590fe9:192.168.69.104:40701] with ContainerStateMachine:uninitialized
2019-10-16 05:42:20,765 [pool-153-thread-1] INFO  server.RaftServerConfigKeys (ConfUtils.java:logGet(43)) - raft.server.rpc.timeout.min = 1s (custom)
2019-10-16 05:42:20,765 [pool-153-thread-1] INFO  server.RaftServerConfigKeys (ConfUtils.java:logGet(43)) - raft.server.rpc.timeout.max = 1200ms (custom)
2019-10-16 05:42:20,765 [pool-153-thread-1] INFO  server.RaftServerConfigKeys (ConfUtils.java:logGet(43)) - raft.server.rpcslowness.timeout = 120s (custom)
2019-10-16 05:42:20,765 [pool-153-thread-1] INFO  server.RaftServerConfigKeys (ConfUtils.java:logGet(43)) - raft.server.sleep.deviation.threshold = 300 (default)
2019-10-16 05:42:20,766 [pool-153-thread-1] INFO  server.RaftServerConfigKeys (ConfUtils.java:logGet(43)) - raft.server.log.appender.install.snapshot.enabled = false (custom)
2019-10-16 05:42:20,766 [pool-153-thread-1] INFO  impl.RaftServerImpl (ServerState.java:<init>(103)) - 7a2a869d-5b21-4221-99f1-36371e590fe9@group-28D81125A63A: ConfigurationManager, init=-1: [7a2a869d-5b21-4221-99f1-36371e590fe9:192.168.69.104:40701], old=null, confs=<EMPTY_MAP>
2019-10-16 05:42:20,766 [pool-153-thread-1] INFO  server.RaftServerConfigKeys (ConfUtils.java:logGet(43)) - raft.server.storage.dir = [/workdir/hadoop-ozone/integration-test/target/test-dir/MiniOzoneClusterImpl-da60a4be-53b2-4b3d-9348-253d2842e1e4/datanode-0/data/ratis] (custom)
2019-10-16 05:42:20,766 [pool-153-thread-1] INFO  server.RaftServerConfigKeys (ConfUtils.java:logGet(43)) - raft.server.log.corruption.policy = EXCEPTION (default)
2019-10-16 05:42:20,767 [pool-153-thread-1] INFO  storage.RaftStorageDirectory (RaftStorageDirectory.java:analyzeStorage(246)) - The storage directory /workdir/hadoop-ozone/integration-test/target/test-dir/MiniOzoneClusterImpl-da60a4be-53b2-4b3d-9348-253d2842e1e4/datanode-0/data/ratis/694ff90f-3258-4f02-82b5-28d81125a63a does not exist. Creating ...
2019-10-16 05:42:20,780 [pool-153-thread-1] INFO  storage.RaftStorageDirectory (RaftStorageDirectory.java:tryLock(328)) - Lock on /workdir/hadoop-ozone/integration-test/target/test-dir/MiniOzoneClusterImpl-da60a4be-53b2-4b3d-9348-253d2842e1e4/datanode-0/data/ratis/694ff90f-3258-4f02-82b5-28d81125a63a/in_use.lock acquired by nodename 13104@pr-hdds-2312-q6qzp-1535798719
2019-10-16 05:42:20,794 [pool-153-thread-1] INFO  storage.RaftStorage (RaftStorage.java:format(84)) - Storage directory /workdir/hadoop-ozone/integration-test/target/test-dir/MiniOzoneClusterImpl-da60a4be-53b2-4b3d-9348-253d2842e1e4/datanode-0/data/ratis/694ff90f-3258-4f02-82b5-28d81125a63a has been successfully formatted.
2019-10-16 05:42:20,794 [pool-153-thread-1] INFO  ratis.ContainerStateMachine (ContainerStateMachine.java:loadSnapshot(231)) - group-28D81125A63A: The snapshot info is null. Setting the last applied indexto:(t:0, i:~)
2019-10-16 05:42:20,795 [pool-153-thread-1] INFO  server.RaftServerConfigKeys (ConfUtils.java:logGet(43)) - raft.server.notification.no-leader.timeout = 120s (custom)
2019-10-16 05:42:20,795 [pool-153-thread-1] INFO  server.RaftServerConfigKeys (ConfUtils.java:logGet(43)) - raft.server.log.use.memory = false (default)
2019-10-16 05:42:20,795 [pool-153-thread-1] INFO  server.RaftServerConfigKeys (ConfUtils.java:logGet(43)) - raft.server.log.purge.gap = 1000000 (custom)
2019-10-16 05:42:20,795 [pool-153-thread-1] INFO  server.RaftServerConfigKeys (ConfUtils.java:logGet(43)) - raft.server.log.appender.buffer.byte-limit = 33554432 (custom)
2019-10-16 05:42:20,795 [pool-153-thread-1] INFO  server.RaftServerConfigKeys (ConfUtils.java:logGet(43)) - raft.server.log.segment.size.max = 1048576 (custom)
2019-10-16 05:42:20,798 [pool-153-thread-1] INFO  server.RaftServerConfigKeys (ConfUtils.java:logGet(43)) - raft.server.log.segment.cache.num.max = 2 (custom)
2019-10-16 05:42:20,798 [pool-153-thread-1] INFO  segmented.SegmentedRaftLogWorker (SegmentedRaftLogWorker.java:<init>(173)) - new 7a2a869d-5b21-4221-99f1-36371e590fe9@group-28D81125A63A-SegmentedRaftLogWorker for RaftStorage:Storage Directory /workdir/hadoop-ozone/integration-test/target/test-dir/MiniOzoneClusterImpl-da60a4be-53b2-4b3d-9348-253d2842e1e4/datanode-0/data/ratis/694ff90f-3258-4f02-82b5-28d81125a63a
2019-10-16 05:42:20,798 [pool-153-thread-1] INFO  server.RaftServerConfigKeys (ConfUtils.java:logGet(43)) - raft.server.log.queue.byte-limit = 2147483647 (custom)
2019-10-16 05:42:20,798 [pool-153-thread-1] INFO  server.RaftServerConfigKeys (ConfUtils.java:logGet(43)) - raft.server.log.queue.element-limit = 1024 (custom)
2019-10-16 05:42:20,799 [pool-153-thread-1] INFO  server.RaftServerConfigKeys (ConfUtils.java:logGet(43)) - raft.server.log.segment.size.max = 1048576 (custom)
2019-10-16 05:42:20,799 [pool-153-thread-1] INFO  server.RaftServerConfigKeys (ConfUtils.java:logGet(43)) - raft.server.log.preallocated.size = 16384 (custom)
2019-10-16 05:42:20,799 [pool-153-thread-1] INFO  server.RaftServerConfigKeys (ConfUtils.java:logGet(43)) - raft.server.log.write.buffer.size = 33554432 (custom)
2019-10-16 05:42:20,799 [pool-153-thread-1] INFO  server.RaftServerConfigKeys (ConfUtils.java:logGet(43)) - raft.server.log.force.sync.num = 128 (default)
2019-10-16 05:42:20,799 [pool-153-thread-1] INFO  server.RaftServerConfigKeys (ConfUtils.java:logGet(43)) - raft.server.log.statemachine.data.sync = true (default)
2019-10-16 05:42:20,799 [pool-153-thread-1] INFO  server.RaftServerConfigKeys (ConfUtils.java:logGet(43)) - raft.server.log.statemachine.data.sync.timeout = 10s (default)
2019-10-16 05:42:20,799 [pool-153-thread-1] INFO  server.RaftServerConfigKeys (ConfUtils.java:logGet(43)) - raft.server.log.statemachine.data.sync.timeout.retry = -1 (default)
2019-10-16 05:42:20,800 [pool-153-thread-1] INFO  server.RaftServerConfigKeys (ConfUtils.java:logGet(43)) - raft.server.log.statemachine.data.caching.enabled = true (custom)
2019-10-16 05:42:20,800 [pool-153-thread-1] INFO  segmented.SegmentedRaftLogWorker (SegmentedRaftLogWorker.java:lambda$new$0(128)) - 7a2a869d-5b21-4221-99f1-36371e590fe9@group-28D81125A63A-SegmentedRaftLogWorker: flushIndex: setUnconditionally 0 -> -1
2019-10-16 05:42:20,801 [pool-153-thread-1] INFO  server.RaftServerConfigKeys (ConfUtils.java:logGet(43)) - raft.server.snapshot.auto.trigger.enabled = true (custom)
2019-10-16 05:42:20,801 [pool-153-thread-1] INFO  server.RaftServerConfigKeys (ConfUtils.java:logGet(43)) - raft.server.snapshot.auto.trigger.threshold = 10000 (custom)
2019-10-16 05:42:20,801 [pool-153-thread-1] INFO  server.RaftServerConfigKeys (ConfUtils.java:logGet(43)) - raft.server.snapshot.retention.file.num = 5 (custom)
2019-10-16 05:42:20,801 [pool-153-thread-1] INFO  server.RaftServerConfigKeys (ConfUtils.java:logGet(43)) - raft.server.retrycache.expirytime = 600000ms (custom)
2019-10-16 05:42:20,806 [pool-153-thread-1] INFO  impl.RaftServerImpl (RaftServerImpl.java:start(195)) - 7a2a869d-5b21-4221-99f1-36371e590fe9@group-28D81125A63A: start as a follower, conf=-1: [7a2a869d-5b21-4221-99f1-36371e590fe9:192.168.69.104:40701], old=null
2019-10-16 05:42:20,806 [pool-153-thread-1] INFO  impl.RaftServerImpl (RaftServerImpl.java:setRole(184)) - 7a2a869d-5b21-4221-99f1-36371e590fe9@group-28D81125A63A: changes role from      null to FOLLOWER at term 0 for startAsFollower
2019-10-16 05:42:20,806 [pool-153-thread-1] INFO  impl.RoleInfo (RoleInfo.java:updateAndGet(143)) - 7a2a869d-5b21-4221-99f1-36371e590fe9: start FollowerState
2019-10-16 05:42:20,816 [pool-153-thread-1] INFO  util.JmxRegister (JmxRegister.java:tryRegister(44)) - Successfully registered JMX Bean with object name Ratis:service=RaftServer,group=group-28D81125A63A,id=7a2a869d-5b21-4221-99f1-36371e590fe9
2019-10-16 05:42:20,826 [RatisPipelineUtilsThread] INFO  pipeline.PipelineStateManager (PipelineStateManager.java:addPipeline(56)) - Created pipeline Pipeline[ Id: 694ff90f-3258-4f02-82b5-28d81125a63a, Nodes: 7a2a869d-5b21-4221-99f1-36371e590fe9{ip: 192.168.69.104, host: pr-hdds-2312-q6qzp-1535798719, networkLocation: /default-rack, certSerialId: null}, Type:RATIS, Factor:ONE, State:OPEN]
2019-10-16 05:42:20,843 [IPC Server handler 2 on 32997] INFO  net.NetworkTopology (NetworkTopologyImpl.java:add(111)) - Added a new node: /default-rack/3b6ccc7f-fc72-450a-94fb-7a4617c5e7bc
2019-10-16 05:42:20,843 [IPC Server handler 2 on 32997] INFO  node.SCMNodeManager (SCMNodeManager.java:register(268)) - Registered Data node : 3b6ccc7f-fc72-450a-94fb-7a4617c5e7bc{ip: 192.168.69.104, host: pr-hdds-2312-q6qzp-1535798719, networkLocation: /default-rack, certSerialId: null}
2019-10-16 05:42:20,850 [grpc-default-executor-5] INFO  impl.RaftServerProxy (RaftServerProxy.java:addNew(89)) - 3b6ccc7f-fc72-450a-94fb-7a4617c5e7bc: addNew group-FBA016C92DF4:[3b6ccc7f-fc72-450a-94fb-7a4617c5e7bc:192.168.69.104:46152] returns group-FBA016C92DF4:java.util.concurrent.CompletableFuture@76265bb6[Not completed]
2019-10-16 05:42:20,851 [pool-163-thread-1] INFO  impl.RaftServerImpl (RaftServerImpl.java:<init>(104)) - 3b6ccc7f-fc72-450a-94fb-7a4617c5e7bc: new RaftServerImpl for group-FBA016C92DF4:[3b6ccc7f-fc72-450a-94fb-7a4617c5e7bc:192.168.69.104:46152] with ContainerStateMachine:uninitialized
2019-10-16 05:42:20,851 [pool-163-thread-1] INFO  server.RaftServerConfigKeys (ConfUtils.java:logGet(43)) - raft.server.rpc.timeout.min = 1s (custom)
2019-10-16 05:42:20,851 [pool-163-thread-1] INFO  server.RaftServerConfigKeys (ConfUtils.java:logGet(43)) - raft.server.rpc.timeout.max = 1200ms (custom)
2019-10-16 05:42:20,851 [pool-163-thread-1] INFO  server.RaftServerConfigKeys (ConfUtils.java:logGet(43)) - raft.server.rpcslowness.timeout = 120s (custom)
2019-10-16 05:42:20,852 [pool-163-thread-1] INFO  server.RaftServerConfigKeys (ConfUtils.java:logGet(43)) - raft.server.sleep.deviation.threshold = 300 (default)
2019-10-16 05:42:20,852 [pool-163-thread-1] INFO  server.RaftServerConfigKeys (ConfUtils.java:logGet(43)) - raft.server.log.appender.install.snapshot.enabled = false (custom)
2019-10-16 05:42:20,852 [pool-163-thread-1] INFO  impl.RaftServerImpl (ServerState.java:<init>(103)) - 3b6ccc7f-fc72-450a-94fb-7a4617c5e7bc@group-FBA016C92DF4: ConfigurationManager, init=-1: [3b6ccc7f-fc72-450a-94fb-7a4617c5e7bc:192.168.69.104:46152], old=null, confs=<EMPTY_MAP>
2019-10-16 05:42:20,852 [pool-163-thread-1] INFO  server.RaftServerConfigKeys (ConfUtils.java:logGet(43)) - raft.server.storage.dir = [/workdir/hadoop-ozone/integration-test/target/test-dir/MiniOzoneClusterImpl-da60a4be-53b2-4b3d-9348-253d2842e1e4/datanode-1/data/ratis] (custom)
2019-10-16 05:42:20,852 [pool-163-thread-1] INFO  server.RaftServerConfigKeys (ConfUtils.java:logGet(43)) - raft.server.log.corruption.policy = EXCEPTION (default)
2019-10-16 05:42:20,852 [pool-163-thread-1] INFO  storage.RaftStorageDirectory (RaftStorageDirectory.java:analyzeStorage(246)) - The storage directory /workdir/hadoop-ozone/integration-test/target/test-dir/MiniOzoneClusterImpl-da60a4be-53b2-4b3d-9348-253d2842e1e4/datanode-1/data/ratis/f833c375-e3ee-434f-a4b1-fba016c92df4 does not exist. Creating ...
2019-10-16 05:42:20,865 [pool-163-thread-1] INFO  storage.RaftStorageDirectory (RaftStorageDirectory.java:tryLock(328)) - Lock on /workdir/hadoop-ozone/integration-test/target/test-dir/MiniOzoneClusterImpl-da60a4be-53b2-4b3d-9348-253d2842e1e4/datanode-1/data/ratis/f833c375-e3ee-434f-a4b1-fba016c92df4/in_use.lock acquired by nodename 13104@pr-hdds-2312-q6qzp-1535798719
2019-10-16 05:42:20,887 [pool-163-thread-1] INFO  storage.RaftStorage (RaftStorage.java:format(84)) - Storage directory /workdir/hadoop-ozone/integration-test/target/test-dir/MiniOzoneClusterImpl-da60a4be-53b2-4b3d-9348-253d2842e1e4/datanode-1/data/ratis/f833c375-e3ee-434f-a4b1-fba016c92df4 has been successfully formatted.
2019-10-16 05:42:20,887 [pool-163-thread-1] INFO  ratis.ContainerStateMachine (ContainerStateMachine.java:loadSnapshot(231)) - group-FBA016C92DF4: The snapshot info is null. Setting the last applied indexto:(t:0, i:~)
2019-10-16 05:42:20,887 [pool-163-thread-1] INFO  server.RaftServerConfigKeys (ConfUtils.java:logGet(43)) - raft.server.notification.no-leader.timeout = 120s (custom)
2019-10-16 05:42:20,887 [pool-163-thread-1] INFO  server.RaftServerConfigKeys (ConfUtils.java:logGet(43)) - raft.server.log.use.memory = false (default)
2019-10-16 05:42:20,887 [pool-163-thread-1] INFO  server.RaftServerConfigKeys (ConfUtils.java:logGet(43)) - raft.server.log.purge.gap = 1000000 (custom)
2019-10-16 05:42:20,888 [pool-163-thread-1] INFO  server.RaftServerConfigKeys (ConfUtils.java:logGet(43)) - raft.server.log.appender.buffer.byte-limit = 33554432 (custom)
2019-10-16 05:42:20,888 [pool-163-thread-1] INFO  server.RaftServerConfigKeys (ConfUtils.java:logGet(43)) - raft.server.log.segment.size.max = 1048576 (custom)
2019-10-16 05:42:20,890 [pool-163-thread-1] INFO  server.RaftServerConfigKeys (ConfUtils.java:logGet(43)) - raft.server.log.segment.cache.num.max = 2 (custom)
2019-10-16 05:42:20,890 [pool-163-thread-1] INFO  segmented.SegmentedRaftLogWorker (SegmentedRaftLogWorker.java:<init>(173)) - new 3b6ccc7f-fc72-450a-94fb-7a4617c5e7bc@group-FBA016C92DF4-SegmentedRaftLogWorker for RaftStorage:Storage Directory /workdir/hadoop-ozone/integration-test/target/test-dir/MiniOzoneClusterImpl-da60a4be-53b2-4b3d-9348-253d2842e1e4/datanode-1/data/ratis/f833c375-e3ee-434f-a4b1-fba016c92df4
2019-10-16 05:42:20,890 [pool-163-thread-1] INFO  server.RaftServerConfigKeys (ConfUtils.java:logGet(43)) - raft.server.log.queue.byte-limit = 2147483647 (custom)
2019-10-16 05:42:20,890 [pool-163-thread-1] INFO  server.RaftServerConfigKeys (ConfUtils.java:logGet(43)) - raft.server.log.queue.element-limit = 1024 (custom)
2019-10-16 05:42:20,891 [pool-163-thread-1] INFO  server.RaftServerConfigKeys (ConfUtils.java:logGet(43)) - raft.server.log.segment.size.max = 1048576 (custom)
2019-10-16 05:42:20,891 [pool-163-thread-1] INFO  server.RaftServerConfigKeys (ConfUtils.java:logGet(43)) - raft.server.log.preallocated.size = 16384 (custom)
2019-10-16 05:42:20,891 [pool-163-thread-1] INFO  server.RaftServerConfigKeys (ConfUtils.java:logGet(43)) - raft.server.log.write.buffer.size = 33554432 (custom)
2019-10-16 05:42:20,891 [pool-163-thread-1] INFO  server.RaftServerConfigKeys (ConfUtils.java:logGet(43)) - raft.server.log.force.sync.num = 128 (default)
2019-10-16 05:42:20,891 [pool-163-thread-1] INFO  server.RaftServerConfigKeys (ConfUtils.java:logGet(43)) - raft.server.log.statemachine.data.sync = true (default)
2019-10-16 05:42:20,891 [pool-163-thread-1] INFO  server.RaftServerConfigKeys (ConfUtils.java:logGet(43)) - raft.server.log.statemachine.data.sync.timeout = 10s (default)
2019-10-16 05:42:20,891 [pool-163-thread-1] INFO  server.RaftServerConfigKeys (ConfUtils.java:logGet(43)) - raft.server.log.statemachine.data.sync.timeout.retry = -1 (default)
2019-10-16 05:42:20,892 [pool-163-thread-1] INFO  server.RaftServerConfigKeys (ConfUtils.java:logGet(43)) - raft.server.log.statemachine.data.caching.enabled = true (custom)
2019-10-16 05:42:20,892 [pool-163-thread-1] INFO  segmented.SegmentedRaftLogWorker (SegmentedRaftLogWorker.java:lambda$new$0(128)) - 3b6ccc7f-fc72-450a-94fb-7a4617c5e7bc@group-FBA016C92DF4-SegmentedRaftLogWorker: flushIndex: setUnconditionally 0 -> -1
2019-10-16 05:42:20,893 [pool-163-thread-1] INFO  server.RaftServerConfigKeys (ConfUtils.java:logGet(43)) - raft.server.snapshot.auto.trigger.enabled = true (custom)
2019-10-16 05:42:20,893 [pool-163-thread-1] INFO  server.RaftServerConfigKeys (ConfUtils.java:logGet(43)) - raft.server.snapshot.auto.trigger.threshold = 10000 (custom)
2019-10-16 05:42:20,893 [pool-163-thread-1] INFO  server.RaftServerConfigKeys (ConfUtils.java:logGet(43)) - raft.server.snapshot.retention.file.num = 5 (custom)
2019-10-16 05:42:20,893 [pool-163-thread-1] INFO  server.RaftServerConfigKeys (ConfUtils.java:logGet(43)) - raft.server.retrycache.expirytime = 600000ms (custom)
2019-10-16 05:42:20,897 [pool-163-thread-1] INFO  impl.RaftServerImpl (RaftServerImpl.java:start(195)) - 3b6ccc7f-fc72-450a-94fb-7a4617c5e7bc@group-FBA016C92DF4: start as a follower, conf=-1: [3b6ccc7f-fc72-450a-94fb-7a4617c5e7bc:192.168.69.104:46152], old=null
2019-10-16 05:42:20,897 [pool-163-thread-1] INFO  impl.RaftServerImpl (RaftServerImpl.java:setRole(184)) - 3b6ccc7f-fc72-450a-94fb-7a4617c5e7bc@group-FBA016C92DF4: changes role from      null to FOLLOWER at term 0 for startAsFollower
2019-10-16 05:42:20,897 [pool-163-thread-1] INFO  impl.RoleInfo (RoleInfo.java:updateAndGet(143)) - 3b6ccc7f-fc72-450a-94fb-7a4617c5e7bc: start FollowerState
2019-10-16 05:42:20,898 [pool-163-thread-1] INFO  util.JmxRegister (JmxRegister.java:tryRegister(44)) - Successfully registered JMX Bean with object name Ratis:service=RaftServer,group=group-FBA016C92DF4,id=3b6ccc7f-fc72-450a-94fb-7a4617c5e7bc
2019-10-16 05:42:20,902 [RatisPipelineUtilsThread] INFO  pipeline.PipelineStateManager (PipelineStateManager.java:addPipeline(56)) - Created pipeline Pipeline[ Id: f833c375-e3ee-434f-a4b1-fba016c92df4, Nodes: 3b6ccc7f-fc72-450a-94fb-7a4617c5e7bc{ip: 192.168.69.104, host: pr-hdds-2312-q6qzp-1535798719, networkLocation: /default-rack, certSerialId: null}, Type:RATIS, Factor:ONE, State:OPEN]
2019-10-16 05:42:20,914 [IPC Server handler 7 on 32997] INFO  net.NetworkTopology (NetworkTopologyImpl.java:add(111)) - Added a new node: /default-rack/3032a4bc-851b-4099-9ce6-a0f2caedf8e6
2019-10-16 05:42:20,914 [IPC Server handler 7 on 32997] INFO  node.SCMNodeManager (SCMNodeManager.java:register(268)) - Registered Data node : 3032a4bc-851b-4099-9ce6-a0f2caedf8e6{ip: 192.168.69.104, host: pr-hdds-2312-q6qzp-1535798719, networkLocation: /default-rack, certSerialId: null}
2019-10-16 05:42:20,923 [grpc-default-executor-5] INFO  impl.RaftServerProxy (RaftServerProxy.java:addNew(89)) - 3032a4bc-851b-4099-9ce6-a0f2caedf8e6: addNew group-E5422380C23B:[3032a4bc-851b-4099-9ce6-a0f2caedf8e6:192.168.69.104:35946] returns group-E5422380C23B:java.util.concurrent.CompletableFuture@30e2c0e6[Not completed]
2019-10-16 05:42:20,924 [pool-173-thread-1] INFO  impl.RaftServerImpl (RaftServerImpl.java:<init>(104)) - 3032a4bc-851b-4099-9ce6-a0f2caedf8e6: new RaftServerImpl for group-E5422380C23B:[3032a4bc-851b-4099-9ce6-a0f2caedf8e6:192.168.69.104:35946] with ContainerStateMachine:uninitialized
2019-10-16 05:42:20,924 [pool-173-thread-1] INFO  server.RaftServerConfigKeys (ConfUtils.java:logGet(43)) - raft.server.rpc.timeout.min = 1s (custom)
2019-10-16 05:42:20,924 [pool-173-thread-1] INFO  server.RaftServerConfigKeys (ConfUtils.java:logGet(43)) - raft.server.rpc.timeout.max = 1200ms (custom)
2019-10-16 05:42:20,925 [pool-173-thread-1] INFO  server.RaftServerConfigKeys (ConfUtils.java:logGet(43)) - raft.server.rpcslowness.timeout = 120s (custom)
2019-10-16 05:42:20,925 [Thread-1701] INFO  impl.FollowerState (FollowerState.java:run(108)) - 7a2a869d-5b21-4221-99f1-36371e590fe9@group-28D81125A63A-FollowerState: change to CANDIDATE, lastRpcTime:118ms, electionTimeout:118ms
2019-10-16 05:42:20,925 [pool-173-thread-1] INFO  server.RaftServerConfigKeys (ConfUtils.java:logGet(43)) - raft.server.sleep.deviation.threshold = 300 (default)
2019-10-16 05:42:20,925 [pool-173-thread-1] INFO  server.RaftServerConfigKeys (ConfUtils.java:logGet(43)) - raft.server.log.appender.install.snapshot.enabled = false (custom)
2019-10-16 05:42:20,925 [Thread-1701] INFO  impl.RoleInfo (RoleInfo.java:shutdownFollowerState(121)) - 7a2a869d-5b21-4221-99f1-36371e590fe9: shutdown FollowerState
2019-10-16 05:42:20,925 [pool-173-thread-1] INFO  impl.RaftServerImpl (ServerState.java:<init>(103)) - 3032a4bc-851b-4099-9ce6-a0f2caedf8e6@group-E5422380C23B: ConfigurationManager, init=-1: [3032a4bc-851b-4099-9ce6-a0f2caedf8e6:192.168.69.104:35946], old=null, confs=<EMPTY_MAP>
2019-10-16 05:42:20,925 [Thread-1701] INFO  impl.RaftServerImpl (RaftServerImpl.java:setRole(184)) - 7a2a869d-5b21-4221-99f1-36371e590fe9@group-28D81125A63A: changes role from  FOLLOWER to CANDIDATE at term 0 for changeToCandidate
2019-10-16 05:42:20,925 [pool-173-thread-1] INFO  server.RaftServerConfigKeys (ConfUtils.java:logGet(43)) - raft.server.storage.dir = [/workdir/hadoop-ozone/integration-test/target/test-dir/MiniOzoneClusterImpl-da60a4be-53b2-4b3d-9348-253d2842e1e4/datanode-2/data/ratis] (custom)
2019-10-16 05:42:20,925 [Thread-1701] INFO  impl.RoleInfo (RoleInfo.java:updateAndGet(143)) - 7a2a869d-5b21-4221-99f1-36371e590fe9: start LeaderElection
2019-10-16 05:42:20,926 [pool-173-thread-1] INFO  server.RaftServerConfigKeys (ConfUtils.java:logGet(43)) - raft.server.log.corruption.policy = EXCEPTION (default)
2019-10-16 05:42:20,926 [pool-173-thread-1] INFO  storage.RaftStorageDirectory (RaftStorageDirectory.java:analyzeStorage(246)) - The storage directory /workdir/hadoop-ozone/integration-test/target/test-dir/MiniOzoneClusterImpl-da60a4be-53b2-4b3d-9348-253d2842e1e4/datanode-2/data/ratis/ef39d285-0e2c-4505-9438-e5422380c23b does not exist. Creating ...
2019-10-16 05:42:20,947 [pool-173-thread-1] INFO  storage.RaftStorageDirectory (RaftStorageDirectory.java:tryLock(328)) - Lock on /workdir/hadoop-ozone/integration-test/target/test-dir/MiniOzoneClusterImpl-da60a4be-53b2-4b3d-9348-253d2842e1e4/datanode-2/data/ratis/ef39d285-0e2c-4505-9438-e5422380c23b/in_use.lock acquired by nodename 13104@pr-hdds-2312-q6qzp-1535798719
2019-10-16 05:42:20,947 [7a2a869d-5b21-4221-99f1-36371e590fe9@group-28D81125A63A-LeaderElection61] INFO  impl.LeaderElection (LeaderElection.java:askForVotes(178)) - 7a2a869d-5b21-4221-99f1-36371e590fe9@group-28D81125A63A-LeaderElection61: begin an election at term 1 for -1: [7a2a869d-5b21-4221-99f1-36371e590fe9:192.168.69.104:40701], old=null
2019-10-16 05:42:20,948 [7a2a869d-5b21-4221-99f1-36371e590fe9@group-28D81125A63A-LeaderElection61] INFO  impl.RoleInfo (RoleInfo.java:shutdownLeaderElection(134)) - 7a2a869d-5b21-4221-99f1-36371e590fe9: shutdown LeaderElection
2019-10-16 05:42:20,948 [7a2a869d-5b21-4221-99f1-36371e590fe9@group-28D81125A63A-LeaderElection61] INFO  impl.RaftServerImpl (RaftServerImpl.java:setRole(184)) - 7a2a869d-5b21-4221-99f1-36371e590fe9@group-28D81125A63A: changes role from CANDIDATE to LEADER at term 1 for changeToLeader
2019-10-16 05:42:20,948 [7a2a869d-5b21-4221-99f1-36371e590fe9@group-28D81125A63A-LeaderElection61] INFO  impl.RaftServerImpl (ServerState.java:setLeader(256)) - 7a2a869d-5b21-4221-99f1-36371e590fe9@group-28D81125A63A: change Leader from null to 7a2a869d-5b21-4221-99f1-36371e590fe9 at term 1 for becomeLeader, leader elected after 153ms
2019-10-16 05:42:20,948 [7a2a869d-5b21-4221-99f1-36371e590fe9@group-28D81125A63A-LeaderElection61] INFO  server.RaftServerConfigKeys (ConfUtils.java:logGet(43)) - raft.server.staging.catchup.gap = 1000 (default)
2019-10-16 05:42:20,948 [7a2a869d-5b21-4221-99f1-36371e590fe9@group-28D81125A63A-LeaderElection61] INFO  server.RaftServerConfigKeys (ConfUtils.java:logGet(43)) - raft.server.rpc.sleep.time = 25ms (default)
2019-10-16 05:42:20,948 [7a2a869d-5b21-4221-99f1-36371e590fe9@group-28D81125A63A-LeaderElection61] INFO  server.RaftServerConfigKeys (ConfUtils.java:logGet(43)) - raft.server.write.element-limit = 4096 (default)
2019-10-16 05:42:20,948 [7a2a869d-5b21-4221-99f1-36371e590fe9@group-28D81125A63A-LeaderElection61] INFO  server.RaftServerConfigKeys (ConfUtils.java:logGet(43)) - raft.server.watch.timeout = 10s (default)
2019-10-16 05:42:20,948 [7a2a869d-5b21-4221-99f1-36371e590fe9@group-28D81125A63A-LeaderElection61] INFO  server.RaftServerConfigKeys (ConfUtils.java:logGet(43)) - raft.server.watch.timeout.denomination = 1s (default)
2019-10-16 05:42:20,949 [7a2a869d-5b21-4221-99f1-36371e590fe9@group-28D81125A63A-LeaderElection61] INFO  server.RaftServerConfigKeys (ConfUtils.java:logGet(43)) - raft.server.watch.element-limit = 65536 (default)
2019-10-16 05:42:20,950 [7a2a869d-5b21-4221-99f1-36371e590fe9@group-28D81125A63A-LeaderElection61] INFO  impl.RoleInfo (RoleInfo.java:updateAndGet(143)) - 7a2a869d-5b21-4221-99f1-36371e590fe9: start LeaderState
2019-10-16 05:42:20,950 [7a2a869d-5b21-4221-99f1-36371e590fe9@group-28D81125A63A-LeaderElection61] INFO  segmented.SegmentedRaftLogWorker (SegmentedRaftLogWorker.java:startLogSegment(385)) - 7a2a869d-5b21-4221-99f1-36371e590fe9@group-28D81125A63A-SegmentedRaftLogWorker: Starting segment from index:0
2019-10-16 05:42:20,951 [7a2a869d-5b21-4221-99f1-36371e590fe9@group-28D81125A63A-LeaderElection61] INFO  impl.RaftServerImpl (ServerState.java:setRaftConf(357)) - 7a2a869d-5b21-4221-99f1-36371e590fe9@group-28D81125A63A: set configuration 0: [7a2a869d-5b21-4221-99f1-36371e590fe9:192.168.69.104:40701], old=null at 0
2019-10-16 05:42:20,960 [pool-173-thread-1] INFO  storage.RaftStorage (RaftStorage.java:format(84)) - Storage directory /workdir/hadoop-ozone/integration-test/target/test-dir/MiniOzoneClusterImpl-da60a4be-53b2-4b3d-9348-253d2842e1e4/datanode-2/data/ratis/ef39d285-0e2c-4505-9438-e5422380c23b has been successfully formatted.
2019-10-16 05:42:20,961 [pool-173-thread-1] INFO  ratis.ContainerStateMachine (ContainerStateMachine.java:loadSnapshot(231)) - group-E5422380C23B: The snapshot info is null. Setting the last applied indexto:(t:0, i:~)
2019-10-16 05:42:20,961 [pool-173-thread-1] INFO  server.RaftServerConfigKeys (ConfUtils.java:logGet(43)) - raft.server.notification.no-leader.timeout = 120s (custom)
2019-10-16 05:42:20,961 [pool-173-thread-1] INFO  server.RaftServerConfigKeys (ConfUtils.java:logGet(43)) - raft.server.log.use.memory = false (default)
2019-10-16 05:42:20,961 [pool-173-thread-1] INFO  server.RaftServerConfigKeys (ConfUtils.java:logGet(43)) - raft.server.log.purge.gap = 1000000 (custom)
2019-10-16 05:42:20,962 [pool-173-thread-1] INFO  server.RaftServerConfigKeys (ConfUtils.java:logGet(43)) - raft.server.log.appender.buffer.byte-limit = 33554432 (custom)
2019-10-16 05:42:20,962 [pool-173-thread-1] INFO  server.RaftServerConfigKeys (ConfUtils.java:logGet(43)) - raft.server.log.segment.size.max = 1048576 (custom)
2019-10-16 05:42:20,965 [pool-173-thread-1] INFO  server.RaftServerConfigKeys (ConfUtils.java:logGet(43)) - raft.server.log.segment.cache.num.max = 2 (custom)
2019-10-16 05:42:20,965 [pool-173-thread-1] INFO  segmented.SegmentedRaftLogWorker (SegmentedRaftLogWorker.java:<init>(173)) - new 3032a4bc-851b-4099-9ce6-a0f2caedf8e6@group-E5422380C23B-SegmentedRaftLogWorker for RaftStorage:Storage Directory /workdir/hadoop-ozone/integration-test/target/test-dir/MiniOzoneClusterImpl-da60a4be-53b2-4b3d-9348-253d2842e1e4/datanode-2/data/ratis/ef39d285-0e2c-4505-9438-e5422380c23b
2019-10-16 05:42:20,966 [pool-173-thread-1] INFO  server.RaftServerConfigKeys (ConfUtils.java:logGet(43)) - raft.server.log.queue.byte-limit = 2147483647 (custom)
2019-10-16 05:42:20,966 [pool-173-thread-1] INFO  server.RaftServerConfigKeys (ConfUtils.java:logGet(43)) - raft.server.log.queue.element-limit = 1024 (custom)
2019-10-16 05:42:20,966 [pool-173-thread-1] INFO  server.RaftServerConfigKeys (ConfUtils.java:logGet(43)) - raft.server.log.segment.size.max = 1048576 (custom)
2019-10-16 05:42:20,966 [pool-173-thread-1] INFO  server.RaftServerConfigKeys (ConfUtils.java:logGet(43)) - raft.server.log.preallocated.size = 16384 (custom)
2019-10-16 05:42:20,967 [pool-173-thread-1] INFO  server.RaftServerConfigKeys (ConfUtils.java:logGet(43)) - raft.server.log.write.buffer.size = 33554432 (custom)
2019-10-16 05:42:20,967 [pool-173-thread-1] INFO  server.RaftServerConfigKeys (ConfUtils.java:logGet(43)) - raft.server.log.force.sync.num = 128 (default)
2019-10-16 05:42:20,967 [pool-173-thread-1] INFO  server.RaftServerConfigKeys (ConfUtils.java:logGet(43)) - raft.server.log.statemachine.data.sync = true (default)
2019-10-16 05:42:20,967 [pool-173-thread-1] INFO  server.RaftServerConfigKeys (ConfUtils.java:logGet(43)) - raft.server.log.statemachine.data.sync.timeout = 10s (default)
2019-10-16 05:42:20,967 [pool-173-thread-1] INFO  server.RaftServerConfigKeys (ConfUtils.java:logGet(43)) - raft.server.log.statemachine.data.sync.timeout.retry = -1 (default)
2019-10-16 05:42:20,968 [pool-173-thread-1] INFO  server.RaftServerConfigKeys (ConfUtils.java:logGet(43)) - raft.server.log.statemachine.data.caching.enabled = true (custom)
2019-10-16 05:42:20,969 [pool-173-thread-1] INFO  segmented.SegmentedRaftLogWorker (SegmentedRaftLogWorker.java:lambda$new$0(128)) - 3032a4bc-851b-4099-9ce6-a0f2caedf8e6@group-E5422380C23B-SegmentedRaftLogWorker: flushIndex: setUnconditionally 0 -> -1
2019-10-16 05:42:20,969 [pool-173-thread-1] INFO  server.RaftServerConfigKeys (ConfUtils.java:logGet(43)) - raft.server.snapshot.auto.trigger.enabled = true (custom)
2019-10-16 05:42:20,969 [pool-173-thread-1] INFO  server.RaftServerConfigKeys (ConfUtils.java:logGet(43)) - raft.server.snapshot.auto.trigger.threshold = 10000 (custom)
2019-10-16 05:42:20,969 [pool-173-thread-1] INFO  server.RaftServerConfigKeys (ConfUtils.java:logGet(43)) - raft.server.snapshot.retention.file.num = 5 (custom)
2019-10-16 05:42:20,970 [pool-173-thread-1] INFO  server.RaftServerConfigKeys (ConfUtils.java:logGet(43)) - raft.server.retrycache.expirytime = 600000ms (custom)
2019-10-16 05:42:20,976 [pool-173-thread-1] INFO  impl.RaftServerImpl (RaftServerImpl.java:start(195)) - 3032a4bc-851b-4099-9ce6-a0f2caedf8e6@group-E5422380C23B: start as a follower, conf=-1: [3032a4bc-851b-4099-9ce6-a0f2caedf8e6:192.168.69.104:35946], old=null
2019-10-16 05:42:20,976 [pool-173-thread-1] INFO  impl.RaftServerImpl (RaftServerImpl.java:setRole(184)) - 3032a4bc-851b-4099-9ce6-a0f2caedf8e6@group-E5422380C23B: changes role from      null to FOLLOWER at term 0 for startAsFollower
2019-10-16 05:42:20,976 [pool-173-thread-1] INFO  impl.RoleInfo (RoleInfo.java:updateAndGet(143)) - 3032a4bc-851b-4099-9ce6-a0f2caedf8e6: start FollowerState
2019-10-16 05:42:20,977 [pool-173-thread-1] INFO  util.JmxRegister (JmxRegister.java:tryRegister(44)) - Successfully registered JMX Bean with object name Ratis:service=RaftServer,group=group-E5422380C23B,id=3032a4bc-851b-4099-9ce6-a0f2caedf8e6
2019-10-16 05:42:20,983 [RatisPipelineUtilsThread] INFO  pipeline.PipelineStateManager (PipelineStateManager.java:addPipeline(56)) - Created pipeline Pipeline[ Id: ef39d285-0e2c-4505-9438-e5422380c23b, Nodes: 3032a4bc-851b-4099-9ce6-a0f2caedf8e6{ip: 192.168.69.104, host: pr-hdds-2312-q6qzp-1535798719, networkLocation: /default-rack, certSerialId: null}, Type:RATIS, Factor:ONE, State:OPEN]
2019-10-16 05:42:20,994 [Thread-1704] INFO  impl.FollowerState (FollowerState.java:run(108)) - 3b6ccc7f-fc72-450a-94fb-7a4617c5e7bc@group-FBA016C92DF4-FollowerState: change to CANDIDATE, lastRpcTime:97ms, electionTimeout:96ms
2019-10-16 05:42:20,995 [Thread-1704] INFO  impl.RoleInfo (RoleInfo.java:shutdownFollowerState(121)) - 3b6ccc7f-fc72-450a-94fb-7a4617c5e7bc: shutdown FollowerState
2019-10-16 05:42:20,995 [Thread-1704] INFO  impl.RaftServerImpl (RaftServerImpl.java:setRole(184)) - 3b6ccc7f-fc72-450a-94fb-7a4617c5e7bc@group-FBA016C92DF4: changes role from  FOLLOWER to CANDIDATE at term 0 for changeToCandidate
2019-10-16 05:42:20,996 [Thread-1704] INFO  impl.RoleInfo (RoleInfo.java:updateAndGet(143)) - 3b6ccc7f-fc72-450a-94fb-7a4617c5e7bc: start LeaderElection
2019-10-16 05:42:21,000 [grpc-default-executor-10] INFO  impl.RaftServerProxy (RaftServerProxy.java:addNew(89)) - 3032a4bc-851b-4099-9ce6-a0f2caedf8e6: addNew group-39ACCE41D6CB:[7a2a869d-5b21-4221-99f1-36371e590fe9:192.168.69.104:40701, 3b6ccc7f-fc72-450a-94fb-7a4617c5e7bc:192.168.69.104:46152, 3032a4bc-851b-4099-9ce6-a0f2caedf8e6:192.168.69.104:35946] returns group-39ACCE41D6CB:java.util.concurrent.CompletableFuture@6cb78d54[Not completed]
2019-10-16 05:42:21,000 [grpc-default-executor-5] INFO  impl.RaftServerProxy (RaftServerProxy.java:addNew(89)) - 3b6ccc7f-fc72-450a-94fb-7a4617c5e7bc: addNew group-39ACCE41D6CB:[7a2a869d-5b21-4221-99f1-36371e590fe9:192.168.69.104:40701, 3b6ccc7f-fc72-450a-94fb-7a4617c5e7bc:192.168.69.104:46152, 3032a4bc-851b-4099-9ce6-a0f2caedf8e6:192.168.69.104:35946] returns group-39ACCE41D6CB:java.util.concurrent.CompletableFuture@528be344[Not completed]
2019-10-16 05:42:21,000 [grpc-default-executor-7] INFO  impl.RaftServerProxy (RaftServerProxy.java:addNew(89)) - 7a2a869d-5b21-4221-99f1-36371e590fe9: addNew group-39ACCE41D6CB:[7a2a869d-5b21-4221-99f1-36371e590fe9:192.168.69.104:40701, 3b6ccc7f-fc72-450a-94fb-7a4617c5e7bc:192.168.69.104:46152, 3032a4bc-851b-4099-9ce6-a0f2caedf8e6:192.168.69.104:35946] returns group-39ACCE41D6CB:java.util.concurrent.CompletableFuture@10f7783d[Not completed]
2019-10-16 05:42:21,001 [pool-173-thread-1] INFO  impl.RaftServerImpl (RaftServerImpl.java:<init>(104)) - 3032a4bc-851b-4099-9ce6-a0f2caedf8e6: new RaftServerImpl for group-39ACCE41D6CB:[7a2a869d-5b21-4221-99f1-36371e590fe9:192.168.69.104:40701, 3b6ccc7f-fc72-450a-94fb-7a4617c5e7bc:192.168.69.104:46152, 3032a4bc-851b-4099-9ce6-a0f2caedf8e6:192.168.69.104:35946] with ContainerStateMachine:uninitialized
2019-10-16 05:42:21,001 [pool-173-thread-1] INFO  server.RaftServerConfigKeys (ConfUtils.java:logGet(43)) - raft.server.rpc.timeout.min = 1s (custom)
2019-10-16 05:42:21,001 [pool-173-thread-1] INFO  server.RaftServerConfigKeys (ConfUtils.java:logGet(43)) - raft.server.rpc.timeout.max = 1200ms (custom)
2019-10-16 05:42:21,002 [pool-173-thread-1] INFO  server.RaftServerConfigKeys (ConfUtils.java:logGet(43)) - raft.server.rpcslowness.timeout = 120s (custom)
2019-10-16 05:42:21,002 [pool-173-thread-1] INFO  server.RaftServerConfigKeys (ConfUtils.java:logGet(43)) - raft.server.sleep.deviation.threshold = 300 (default)
2019-10-16 05:42:21,002 [pool-173-thread-1] INFO  server.RaftServerConfigKeys (ConfUtils.java:logGet(43)) - raft.server.log.appender.install.snapshot.enabled = false (custom)
2019-10-16 05:42:21,002 [pool-163-thread-1] INFO  impl.RaftServerImpl (RaftServerImpl.java:<init>(104)) - 3b6ccc7f-fc72-450a-94fb-7a4617c5e7bc: new RaftServerImpl for group-39ACCE41D6CB:[7a2a869d-5b21-4221-99f1-36371e590fe9:192.168.69.104:40701, 3b6ccc7f-fc72-450a-94fb-7a4617c5e7bc:192.168.69.104:46152, 3032a4bc-851b-4099-9ce6-a0f2caedf8e6:192.168.69.104:35946] with ContainerStateMachine:uninitialized
2019-10-16 05:42:21,002 [pool-173-thread-1] INFO  impl.RaftServerImpl (ServerState.java:<init>(103)) - 3032a4bc-851b-4099-9ce6-a0f2caedf8e6@group-39ACCE41D6CB: ConfigurationManager, init=-1: [7a2a869d-5b21-4221-99f1-36371e590fe9:192.168.69.104:40701, 3b6ccc7f-fc72-450a-94fb-7a4617c5e7bc:192.168.69.104:46152, 3032a4bc-851b-4099-9ce6-a0f2caedf8e6:192.168.69.104:35946], old=null, confs=<EMPTY_MAP>
2019-10-16 05:42:21,002 [pool-163-thread-1] INFO  server.RaftServerConfigKeys (ConfUtils.java:logGet(43)) - raft.server.rpc.timeout.min = 1s (custom)
2019-10-16 05:42:21,002 [pool-173-thread-1] INFO  server.RaftServerConfigKeys (ConfUtils.java:logGet(43)) - raft.server.storage.dir = [/workdir/hadoop-ozone/integration-test/target/test-dir/MiniOzoneClusterImpl-da60a4be-53b2-4b3d-9348-253d2842e1e4/datanode-2/data/ratis] (custom)
2019-10-16 05:42:21,002 [pool-163-thread-1] INFO  server.RaftServerConfigKeys (ConfUtils.java:logGet(43)) - raft.server.rpc.timeout.max = 1200ms (custom)
2019-10-16 05:42:21,003 [pool-163-thread-1] INFO  server.RaftServerConfigKeys (ConfUtils.java:logGet(43)) - raft.server.rpcslowness.timeout = 120s (custom)
2019-10-16 05:42:21,003 [pool-173-thread-1] INFO  server.RaftServerConfigKeys (ConfUtils.java:logGet(43)) - raft.server.log.corruption.policy = EXCEPTION (default)
2019-10-16 05:42:21,003 [pool-153-thread-1] INFO  impl.RaftServerImpl (RaftServerImpl.java:<init>(104)) - 7a2a869d-5b21-4221-99f1-36371e590fe9: new RaftServerImpl for group-39ACCE41D6CB:[7a2a869d-5b21-4221-99f1-36371e590fe9:192.168.69.104:40701, 3b6ccc7f-fc72-450a-94fb-7a4617c5e7bc:192.168.69.104:46152, 3032a4bc-851b-4099-9ce6-a0f2caedf8e6:192.168.69.104:35946] with ContainerStateMachine:uninitialized
2019-10-16 05:42:21,003 [pool-173-thread-1] INFO  storage.RaftStorageDirectory (RaftStorageDirectory.java:analyzeStorage(246)) - The storage directory /workdir/hadoop-ozone/integration-test/target/test-dir/MiniOzoneClusterImpl-da60a4be-53b2-4b3d-9348-253d2842e1e4/datanode-2/data/ratis/67bc400e-598b-4780-915b-39acce41d6cb does not exist. Creating ...
2019-10-16 05:42:21,003 [pool-163-thread-1] INFO  server.RaftServerConfigKeys (ConfUtils.java:logGet(43)) - raft.server.sleep.deviation.threshold = 300 (default)
2019-10-16 05:42:21,003 [IPC Server handler 0 on 32997] INFO  net.NetworkTopology (NetworkTopologyImpl.java:add(111)) - Added a new node: /default-rack/e414d63a-fd4b-43a7-bf4d-c8b49f4c8716
2019-10-16 05:42:21,003 [pool-153-thread-1] INFO  server.RaftServerConfigKeys (ConfUtils.java:logGet(43)) - raft.server.rpc.timeout.min = 1s (custom)
2019-10-16 05:42:21,003 [IPC Server handler 0 on 32997] INFO  node.SCMNodeManager (SCMNodeManager.java:register(268)) - Registered Data node : e414d63a-fd4b-43a7-bf4d-c8b49f4c8716{ip: 192.168.69.104, host: pr-hdds-2312-q6qzp-1535798719, networkLocation: /default-rack, certSerialId: null}
2019-10-16 05:42:21,003 [pool-163-thread-1] INFO  server.RaftServerConfigKeys (ConfUtils.java:logGet(43)) - raft.server.log.appender.install.snapshot.enabled = false (custom)
2019-10-16 05:42:21,004 [pool-153-thread-1] INFO  server.RaftServerConfigKeys (ConfUtils.java:logGet(43)) - raft.server.rpc.timeout.max = 1200ms (custom)
2019-10-16 05:42:21,004 [pool-163-thread-1] INFO  impl.RaftServerImpl (ServerState.java:<init>(103)) - 3b6ccc7f-fc72-450a-94fb-7a4617c5e7bc@group-39ACCE41D6CB: ConfigurationManager, init=-1: [7a2a869d-5b21-4221-99f1-36371e590fe9:192.168.69.104:40701, 3b6ccc7f-fc72-450a-94fb-7a4617c5e7bc:192.168.69.104:46152, 3032a4bc-851b-4099-9ce6-a0f2caedf8e6:192.168.69.104:35946], old=null, confs=<EMPTY_MAP>
2019-10-16 05:42:21,004 [pool-153-thread-1] INFO  server.RaftServerConfigKeys (ConfUtils.java:logGet(43)) - raft.server.rpcslowness.timeout = 120s (custom)
2019-10-16 05:42:21,004 [pool-163-thread-1] INFO  server.RaftServerConfigKeys (ConfUtils.java:logGet(43)) - raft.server.storage.dir = [/workdir/hadoop-ozone/integration-test/target/test-dir/MiniOzoneClusterImpl-da60a4be-53b2-4b3d-9348-253d2842e1e4/datanode-1/data/ratis] (custom)
2019-10-16 05:42:21,004 [pool-153-thread-1] INFO  server.RaftServerConfigKeys (ConfUtils.java:logGet(43)) - raft.server.sleep.deviation.threshold = 300 (default)
2019-10-16 05:42:21,004 [pool-153-thread-1] INFO  server.RaftServerConfigKeys (ConfUtils.java:logGet(43)) - raft.server.log.appender.install.snapshot.enabled = false (custom)
2019-10-16 05:42:21,004 [pool-163-thread-1] INFO  server.RaftServerConfigKeys (ConfUtils.java:logGet(43)) - raft.server.log.corruption.policy = EXCEPTION (default)
2019-10-16 05:42:21,005 [pool-153-thread-1] INFO  impl.RaftServerImpl (ServerState.java:<init>(103)) - 7a2a869d-5b21-4221-99f1-36371e590fe9@group-39ACCE41D6CB: ConfigurationManager, init=-1: [7a2a869d-5b21-4221-99f1-36371e590fe9:192.168.69.104:40701, 3b6ccc7f-fc72-450a-94fb-7a4617c5e7bc:192.168.69.104:46152, 3032a4bc-851b-4099-9ce6-a0f2caedf8e6:192.168.69.104:35946], old=null, confs=<EMPTY_MAP>
2019-10-16 05:42:21,005 [pool-163-thread-1] INFO  storage.RaftStorageDirectory (RaftStorageDirectory.java:analyzeStorage(246)) - The storage directory /workdir/hadoop-ozone/integration-test/target/test-dir/MiniOzoneClusterImpl-da60a4be-53b2-4b3d-9348-253d2842e1e4/datanode-1/data/ratis/67bc400e-598b-4780-915b-39acce41d6cb does not exist. Creating ...
2019-10-16 05:42:21,005 [pool-153-thread-1] INFO  server.RaftServerConfigKeys (ConfUtils.java:logGet(43)) - raft.server.storage.dir = [/workdir/hadoop-ozone/integration-test/target/test-dir/MiniOzoneClusterImpl-da60a4be-53b2-4b3d-9348-253d2842e1e4/datanode-0/data/ratis] (custom)
2019-10-16 05:42:21,005 [pool-153-thread-1] INFO  server.RaftServerConfigKeys (ConfUtils.java:logGet(43)) - raft.server.log.corruption.policy = EXCEPTION (default)
2019-10-16 05:42:21,005 [pool-153-thread-1] INFO  storage.RaftStorageDirectory (RaftStorageDirectory.java:analyzeStorage(246)) - The storage directory /workdir/hadoop-ozone/integration-test/target/test-dir/MiniOzoneClusterImpl-da60a4be-53b2-4b3d-9348-253d2842e1e4/datanode-0/data/ratis/67bc400e-598b-4780-915b-39acce41d6cb does not exist. Creating ...
2019-10-16 05:42:21,008 [pool-153-thread-1] INFO  storage.RaftStorageDirectory (RaftStorageDirectory.java:tryLock(328)) - Lock on /workdir/hadoop-ozone/integration-test/target/test-dir/MiniOzoneClusterImpl-da60a4be-53b2-4b3d-9348-253d2842e1e4/datanode-0/data/ratis/67bc400e-598b-4780-915b-39acce41d6cb/in_use.lock acquired by nodename 13104@pr-hdds-2312-q6qzp-1535798719
2019-10-16 05:42:21,009 [3b6ccc7f-fc72-450a-94fb-7a4617c5e7bc@group-FBA016C92DF4-LeaderElection62] INFO  impl.LeaderElection (LeaderElection.java:askForVotes(178)) - 3b6ccc7f-fc72-450a-94fb-7a4617c5e7bc@group-FBA016C92DF4-LeaderElection62: begin an election at term 1 for -1: [3b6ccc7f-fc72-450a-94fb-7a4617c5e7bc:192.168.69.104:46152], old=null
2019-10-16 05:42:21,008 [7a2a869d-5b21-4221-99f1-36371e590fe9@group-28D81125A63A-SegmentedRaftLogWorker] INFO  segmented.SegmentedRaftLogWorker (SegmentedRaftLogWorker.java:execute(576)) - 7a2a869d-5b21-4221-99f1-36371e590fe9@group-28D81125A63A-SegmentedRaftLogWorker: created new log segment /workdir/hadoop-ozone/integration-test/target/test-dir/MiniOzoneClusterImpl-da60a4be-53b2-4b3d-9348-253d2842e1e4/datanode-0/data/ratis/694ff90f-3258-4f02-82b5-28d81125a63a/current/log_inprogress_0
2019-10-16 05:42:21,008 [pool-173-thread-1] INFO  storage.RaftStorageDirectory (RaftStorageDirectory.java:tryLock(328)) - Lock on /workdir/hadoop-ozone/integration-test/target/test-dir/MiniOzoneClusterImpl-da60a4be-53b2-4b3d-9348-253d2842e1e4/datanode-2/data/ratis/67bc400e-598b-4780-915b-39acce41d6cb/in_use.lock acquired by nodename 13104@pr-hdds-2312-q6qzp-1535798719
2019-10-16 05:42:21,008 [pool-163-thread-1] INFO  storage.RaftStorageDirectory (RaftStorageDirectory.java:tryLock(328)) - Lock on /workdir/hadoop-ozone/integration-test/target/test-dir/MiniOzoneClusterImpl-da60a4be-53b2-4b3d-9348-253d2842e1e4/datanode-1/data/ratis/67bc400e-598b-4780-915b-39acce41d6cb/in_use.lock acquired by nodename 13104@pr-hdds-2312-q6qzp-1535798719
2019-10-16 05:42:21,009 [3b6ccc7f-fc72-450a-94fb-7a4617c5e7bc@group-FBA016C92DF4-LeaderElection62] INFO  impl.RoleInfo (RoleInfo.java:shutdownLeaderElection(134)) - 3b6ccc7f-fc72-450a-94fb-7a4617c5e7bc: shutdown LeaderElection
2019-10-16 05:42:21,009 [3b6ccc7f-fc72-450a-94fb-7a4617c5e7bc@group-FBA016C92DF4-LeaderElection62] INFO  impl.RaftServerImpl (RaftServerImpl.java:setRole(184)) - 3b6ccc7f-fc72-450a-94fb-7a4617c5e7bc@group-FBA016C92DF4: changes role from CANDIDATE to LEADER at term 1 for changeToLeader
2019-10-16 05:42:21,010 [3b6ccc7f-fc72-450a-94fb-7a4617c5e7bc@group-FBA016C92DF4-LeaderElection62] INFO  impl.RaftServerImpl (ServerState.java:setLeader(256)) - 3b6ccc7f-fc72-450a-94fb-7a4617c5e7bc@group-FBA016C92DF4: change Leader from null to 3b6ccc7f-fc72-450a-94fb-7a4617c5e7bc at term 1 for becomeLeader, leader elected after 122ms
2019-10-16 05:42:21,010 [3b6ccc7f-fc72-450a-94fb-7a4617c5e7bc@group-FBA016C92DF4-LeaderElection62] INFO  server.RaftServerConfigKeys (ConfUtils.java:logGet(43)) - raft.server.staging.catchup.gap = 1000 (default)
2019-10-16 05:42:21,010 [3b6ccc7f-fc72-450a-94fb-7a4617c5e7bc@group-FBA016C92DF4-LeaderElection62] INFO  server.RaftServerConfigKeys (ConfUtils.java:logGet(43)) - raft.server.rpc.sleep.time = 25ms (default)
2019-10-16 05:42:21,010 [3b6ccc7f-fc72-450a-94fb-7a4617c5e7bc@group-FBA016C92DF4-LeaderElection62] INFO  server.RaftServerConfigKeys (ConfUtils.java:logGet(43)) - raft.server.write.element-limit = 4096 (default)
2019-10-16 05:42:21,010 [3b6ccc7f-fc72-450a-94fb-7a4617c5e7bc@group-FBA016C92DF4-LeaderElection62] INFO  server.RaftServerConfigKeys (ConfUtils.java:logGet(43)) - raft.server.watch.timeout = 10s (default)
2019-10-16 05:42:21,010 [3b6ccc7f-fc72-450a-94fb-7a4617c5e7bc@group-FBA016C92DF4-LeaderElection62] INFO  server.RaftServerConfigKeys (ConfUtils.java:logGet(43)) - raft.server.watch.timeout.denomination = 1s (default)
2019-10-16 05:42:21,011 [3b6ccc7f-fc72-450a-94fb-7a4617c5e7bc@group-FBA016C92DF4-LeaderElection62] INFO  server.RaftServerConfigKeys (ConfUtils.java:logGet(43)) - raft.server.watch.element-limit = 65536 (default)
2019-10-16 05:42:21,013 [3b6ccc7f-fc72-450a-94fb-7a4617c5e7bc@group-FBA016C92DF4-LeaderElection62] INFO  impl.RoleInfo (RoleInfo.java:updateAndGet(143)) - 3b6ccc7f-fc72-450a-94fb-7a4617c5e7bc: start LeaderState
2019-10-16 05:42:21,013 [3b6ccc7f-fc72-450a-94fb-7a4617c5e7bc@group-FBA016C92DF4-LeaderElection62] INFO  segmented.SegmentedRaftLogWorker (SegmentedRaftLogWorker.java:startLogSegment(385)) - 3b6ccc7f-fc72-450a-94fb-7a4617c5e7bc@group-FBA016C92DF4-SegmentedRaftLogWorker: Starting segment from index:0
2019-10-16 05:42:21,014 [3b6ccc7f-fc72-450a-94fb-7a4617c5e7bc@group-FBA016C92DF4-LeaderElection62] INFO  impl.RaftServerImpl (ServerState.java:setRaftConf(357)) - 3b6ccc7f-fc72-450a-94fb-7a4617c5e7bc@group-FBA016C92DF4: set configuration 0: [3b6ccc7f-fc72-450a-94fb-7a4617c5e7bc:192.168.69.104:46152], old=null at 0
2019-10-16 05:42:21,043 [Thread-1709] INFO  impl.FollowerState (FollowerState.java:run(108)) - 3032a4bc-851b-4099-9ce6-a0f2caedf8e6@group-E5422380C23B-FollowerState: change to CANDIDATE, lastRpcTime:66ms, electionTimeout:59ms
2019-10-16 05:42:21,044 [pool-173-thread-1] INFO  storage.RaftStorage (RaftStorage.java:format(84)) - Storage directory /workdir/hadoop-ozone/integration-test/target/test-dir/MiniOzoneClusterImpl-da60a4be-53b2-4b3d-9348-253d2842e1e4/datanode-2/data/ratis/67bc400e-598b-4780-915b-39acce41d6cb has been successfully formatted.
2019-10-16 05:42:21,044 [Thread-1709] INFO  impl.RoleInfo (RoleInfo.java:shutdownFollowerState(121)) - 3032a4bc-851b-4099-9ce6-a0f2caedf8e6: shutdown FollowerState
2019-10-16 05:42:21,044 [pool-163-thread-1] INFO  storage.RaftStorage (RaftStorage.java:format(84)) - Storage directory /workdir/hadoop-ozone/integration-test/target/test-dir/MiniOzoneClusterImpl-da60a4be-53b2-4b3d-9348-253d2842e1e4/datanode-1/data/ratis/67bc400e-598b-4780-915b-39acce41d6cb has been successfully formatted.
2019-10-16 05:42:21,044 [pool-153-thread-1] INFO  storage.RaftStorage (RaftStorage.java:format(84)) - Storage directory /workdir/hadoop-ozone/integration-test/target/test-dir/MiniOzoneClusterImpl-da60a4be-53b2-4b3d-9348-253d2842e1e4/datanode-0/data/ratis/67bc400e-598b-4780-915b-39acce41d6cb has been successfully formatted.
2019-10-16 05:42:21,044 [pool-163-thread-1] INFO  ratis.ContainerStateMachine (ContainerStateMachine.java:loadSnapshot(231)) - group-39ACCE41D6CB: The snapshot info is null. Setting the last applied indexto:(t:0, i:~)
2019-10-16 05:42:21,044 [pool-153-thread-1] INFO  ratis.ContainerStateMachine (ContainerStateMachine.java:loadSnapshot(231)) - group-39ACCE41D6CB: The snapshot info is null. Setting the last applied indexto:(t:0, i:~)
2019-10-16 05:42:21,044 [Thread-1709] INFO  impl.RaftServerImpl (RaftServerImpl.java:setRole(184)) - 3032a4bc-851b-4099-9ce6-a0f2caedf8e6@group-E5422380C23B: changes role from  FOLLOWER to CANDIDATE at term 0 for changeToCandidate
2019-10-16 05:42:21,044 [pool-173-thread-1] INFO  ratis.ContainerStateMachine (ContainerStateMachine.java:loadSnapshot(231)) - group-39ACCE41D6CB: The snapshot info is null. Setting the last applied indexto:(t:0, i:~)
2019-10-16 05:42:21,045 [pool-153-thread-1] INFO  server.RaftServerConfigKeys (ConfUtils.java:logGet(43)) - raft.server.notification.no-leader.timeout = 120s (custom)
2019-10-16 05:42:21,044 [pool-163-thread-1] INFO  server.RaftServerConfigKeys (ConfUtils.java:logGet(43)) - raft.server.notification.no-leader.timeout = 120s (custom)
2019-10-16 05:42:21,045 [pool-153-thread-1] INFO  server.RaftServerConfigKeys (ConfUtils.java:logGet(43)) - raft.server.log.use.memory = false (default)
2019-10-16 05:42:21,045 [pool-173-thread-1] INFO  server.RaftServerConfigKeys (ConfUtils.java:logGet(43)) - raft.server.notification.no-leader.timeout = 120s (custom)
2019-10-16 05:42:21,045 [Thread-1709] INFO  impl.RoleInfo (RoleInfo.java:updateAndGet(143)) - 3032a4bc-851b-4099-9ce6-a0f2caedf8e6: start LeaderElection
2019-10-16 05:42:21,045 [pool-173-thread-1] INFO  server.RaftServerConfigKeys (ConfUtils.java:logGet(43)) - raft.server.log.use.memory = false (default)
2019-10-16 05:42:21,045 [pool-153-thread-1] INFO  server.RaftServerConfigKeys (ConfUtils.java:logGet(43)) - raft.server.log.purge.gap = 1000000 (custom)
2019-10-16 05:42:21,045 [pool-163-thread-1] INFO  server.RaftServerConfigKeys (ConfUtils.java:logGet(43)) - raft.server.log.use.memory = false (default)
2019-10-16 05:42:21,046 [pool-153-thread-1] INFO  server.RaftServerConfigKeys (ConfUtils.java:logGet(43)) - raft.server.log.appender.buffer.byte-limit = 33554432 (custom)
2019-10-16 05:42:21,045 [pool-173-thread-1] INFO  server.RaftServerConfigKeys (ConfUtils.java:logGet(43)) - raft.server.log.purge.gap = 1000000 (custom)
2019-10-16 05:42:21,049 [pool-153-thread-1] INFO  server.RaftServerConfigKeys (ConfUtils.java:logGet(43)) - raft.server.log.segment.size.max = 1048576 (custom)
2019-10-16 05:42:21,046 [pool-163-thread-1] INFO  server.RaftServerConfigKeys (ConfUtils.java:logGet(43)) - raft.server.log.purge.gap = 1000000 (custom)
2019-10-16 05:42:21,050 [pool-153-thread-1] INFO  server.RaftServerConfigKeys (ConfUtils.java:logGet(43)) - raft.server.log.segment.cache.num.max = 2 (custom)
2019-10-16 05:42:21,049 [pool-173-thread-1] INFO  server.RaftServerConfigKeys (ConfUtils.java:logGet(43)) - raft.server.log.appender.buffer.byte-limit = 33554432 (custom)
2019-10-16 05:42:21,050 [pool-153-thread-1] INFO  segmented.SegmentedRaftLogWorker (SegmentedRaftLogWorker.java:<init>(173)) - new 7a2a869d-5b21-4221-99f1-36371e590fe9@group-39ACCE41D6CB-SegmentedRaftLogWorker for RaftStorage:Storage Directory /workdir/hadoop-ozone/integration-test/target/test-dir/MiniOzoneClusterImpl-da60a4be-53b2-4b3d-9348-253d2842e1e4/datanode-0/data/ratis/67bc400e-598b-4780-915b-39acce41d6cb
2019-10-16 05:42:21,050 [pool-163-thread-1] INFO  server.RaftServerConfigKeys (ConfUtils.java:logGet(43)) - raft.server.log.appender.buffer.byte-limit = 33554432 (custom)
2019-10-16 05:42:21,050 [pool-153-thread-1] INFO  server.RaftServerConfigKeys (ConfUtils.java:logGet(43)) - raft.server.log.queue.byte-limit = 2147483647 (custom)
2019-10-16 05:42:21,050 [pool-173-thread-1] INFO  server.RaftServerConfigKeys (ConfUtils.java:logGet(43)) - raft.server.log.segment.size.max = 1048576 (custom)
2019-10-16 05:42:21,050 [pool-153-thread-1] INFO  server.RaftServerConfigKeys (ConfUtils.java:logGet(43)) - raft.server.log.queue.element-limit = 1024 (custom)
2019-10-16 05:42:21,050 [pool-163-thread-1] INFO  server.RaftServerConfigKeys (ConfUtils.java:logGet(43)) - raft.server.log.segment.size.max = 1048576 (custom)
2019-10-16 05:42:21,051 [pool-153-thread-1] INFO  server.RaftServerConfigKeys (ConfUtils.java:logGet(43)) - raft.server.log.segment.size.max = 1048576 (custom)
2019-10-16 05:42:21,051 [pool-173-thread-1] INFO  server.RaftServerConfigKeys (ConfUtils.java:logGet(43)) - raft.server.log.segment.cache.num.max = 2 (custom)
2019-10-16 05:42:21,051 [pool-153-thread-1] INFO  server.RaftServerConfigKeys (ConfUtils.java:logGet(43)) - raft.server.log.preallocated.size = 16384 (custom)
2019-10-16 05:42:21,051 [pool-153-thread-1] INFO  server.RaftServerConfigKeys (ConfUtils.java:logGet(43)) - raft.server.log.write.buffer.size = 33554432 (custom)
2019-10-16 05:42:21,051 [pool-163-thread-1] INFO  server.RaftServerConfigKeys (ConfUtils.java:logGet(43)) - raft.server.log.segment.cache.num.max = 2 (custom)
2019-10-16 05:42:21,051 [pool-153-thread-1] INFO  server.RaftServerConfigKeys (ConfUtils.java:logGet(43)) - raft.server.log.force.sync.num = 128 (default)
2019-10-16 05:42:21,051 [pool-173-thread-1] INFO  segmented.SegmentedRaftLogWorker (SegmentedRaftLogWorker.java:<init>(173)) - new 3032a4bc-851b-4099-9ce6-a0f2caedf8e6@group-39ACCE41D6CB-SegmentedRaftLogWorker for RaftStorage:Storage Directory /workdir/hadoop-ozone/integration-test/target/test-dir/MiniOzoneClusterImpl-da60a4be-53b2-4b3d-9348-253d2842e1e4/datanode-2/data/ratis/67bc400e-598b-4780-915b-39acce41d6cb
2019-10-16 05:42:21,052 [pool-153-thread-1] INFO  server.RaftServerConfigKeys (ConfUtils.java:logGet(43)) - raft.server.log.statemachine.data.sync = true (default)
2019-10-16 05:42:21,051 [pool-163-thread-1] INFO  segmented.SegmentedRaftLogWorker (SegmentedRaftLogWorker.java:<init>(173)) - new 3b6ccc7f-fc72-450a-94fb-7a4617c5e7bc@group-39ACCE41D6CB-SegmentedRaftLogWorker for RaftStorage:Storage Directory /workdir/hadoop-ozone/integration-test/target/test-dir/MiniOzoneClusterImpl-da60a4be-53b2-4b3d-9348-253d2842e1e4/datanode-1/data/ratis/67bc400e-598b-4780-915b-39acce41d6cb
2019-10-16 05:42:21,052 [pool-153-thread-1] INFO  server.RaftServerConfigKeys (ConfUtils.java:logGet(43)) - raft.server.log.statemachine.data.sync.timeout = 10s (default)
2019-10-16 05:42:21,052 [pool-173-thread-1] INFO  server.RaftServerConfigKeys (ConfUtils.java:logGet(43)) - raft.server.log.queue.byte-limit = 2147483647 (custom)
2019-10-16 05:42:21,052 [pool-153-thread-1] INFO  server.RaftServerConfigKeys (ConfUtils.java:logGet(43)) - raft.server.log.statemachine.data.sync.timeout.retry = -1 (default)
2019-10-16 05:42:21,052 [pool-163-thread-1] INFO  server.RaftServerConfigKeys (ConfUtils.java:logGet(43)) - raft.server.log.queue.byte-limit = 2147483647 (custom)
2019-10-16 05:42:21,052 [pool-153-thread-1] INFO  server.RaftServerConfigKeys (ConfUtils.java:logGet(43)) - raft.server.log.statemachine.data.caching.enabled = true (custom)
2019-10-16 05:42:21,052 [pool-173-thread-1] INFO  server.RaftServerConfigKeys (ConfUtils.java:logGet(43)) - raft.server.log.queue.element-limit = 1024 (custom)
2019-10-16 05:42:21,052 [pool-163-thread-1] INFO  server.RaftServerConfigKeys (ConfUtils.java:logGet(43)) - raft.server.log.queue.element-limit = 1024 (custom)
2019-10-16 05:42:21,053 [pool-153-thread-1] INFO  segmented.SegmentedRaftLogWorker (SegmentedRaftLogWorker.java:lambda$new$0(128)) - 7a2a869d-5b21-4221-99f1-36371e590fe9@group-39ACCE41D6CB-SegmentedRaftLogWorker: flushIndex: setUnconditionally 0 -> -1
2019-10-16 05:42:21,053 [pool-173-thread-1] INFO  server.RaftServerConfigKeys (ConfUtils.java:logGet(43)) - raft.server.log.segment.size.max = 1048576 (custom)
2019-10-16 05:42:21,053 [pool-163-thread-1] INFO  server.RaftServerConfigKeys (ConfUtils.java:logGet(43)) - raft.server.log.segment.size.max = 1048576 (custom)
2019-10-16 05:42:21,053 [pool-153-thread-1] INFO  server.RaftServerConfigKeys (ConfUtils.java:logGet(43)) - raft.server.snapshot.auto.trigger.enabled = true (custom)
2019-10-16 05:42:21,053 [pool-173-thread-1] INFO  server.RaftServerConfigKeys (ConfUtils.java:logGet(43)) - raft.server.log.preallocated.size = 16384 (custom)
2019-10-16 05:42:21,053 [pool-153-thread-1] INFO  server.RaftServerConfigKeys (ConfUtils.java:logGet(43)) - raft.server.snapshot.auto.trigger.threshold = 10000 (custom)
2019-10-16 05:42:21,053 [pool-163-thread-1] INFO  server.RaftServerConfigKeys (ConfUtils.java:logGet(43)) - raft.server.log.preallocated.size = 16384 (custom)
2019-10-16 05:42:21,054 [pool-153-thread-1] INFO  server.RaftServerConfigKeys (ConfUtils.java:logGet(43)) - raft.server.snapshot.retention.file.num = 5 (custom)
2019-10-16 05:42:21,053 [pool-173-thread-1] INFO  server.RaftServerConfigKeys (ConfUtils.java:logGet(43)) - raft.server.log.write.buffer.size = 33554432 (custom)
2019-10-16 05:42:21,054 [pool-153-thread-1] INFO  server.RaftServerConfigKeys (ConfUtils.java:logGet(43)) - raft.server.retrycache.expirytime = 600000ms (custom)
2019-10-16 05:42:21,054 [pool-163-thread-1] INFO  server.RaftServerConfigKeys (ConfUtils.java:logGet(43)) - raft.server.log.write.buffer.size = 33554432 (custom)
2019-10-16 05:42:21,054 [pool-173-thread-1] INFO  server.RaftServerConfigKeys (ConfUtils.java:logGet(43)) - raft.server.log.force.sync.num = 128 (default)
2019-10-16 05:42:21,054 [pool-163-thread-1] INFO  server.RaftServerConfigKeys (ConfUtils.java:logGet(43)) - raft.server.log.force.sync.num = 128 (default)
2019-10-16 05:42:21,054 [pool-173-thread-1] INFO  server.RaftServerConfigKeys (ConfUtils.java:logGet(43)) - raft.server.log.statemachine.data.sync = true (default)
2019-10-16 05:42:21,054 [pool-163-thread-1] INFO  server.RaftServerConfigKeys (ConfUtils.java:logGet(43)) - raft.server.log.statemachine.data.sync = true (default)
2019-10-16 05:42:21,055 [pool-173-thread-1] INFO  server.RaftServerConfigKeys (ConfUtils.java:logGet(43)) - raft.server.log.statemachine.data.sync.timeout = 10s (default)
2019-10-16 05:42:21,055 [pool-163-thread-1] INFO  server.RaftServerConfigKeys (ConfUtils.java:logGet(43)) - raft.server.log.statemachine.data.sync.timeout = 10s (default)
2019-10-16 05:42:21,055 [pool-173-thread-1] INFO  server.RaftServerConfigKeys (ConfUtils.java:logGet(43)) - raft.server.log.statemachine.data.sync.timeout.retry = -1 (default)
2019-10-16 05:42:21,055 [pool-163-thread-1] INFO  server.RaftServerConfigKeys (ConfUtils.java:logGet(43)) - raft.server.log.statemachine.data.sync.timeout.retry = -1 (default)
2019-10-16 05:42:21,055 [pool-173-thread-1] INFO  server.RaftServerConfigKeys (ConfUtils.java:logGet(43)) - raft.server.log.statemachine.data.caching.enabled = true (custom)
2019-10-16 05:42:21,055 [pool-163-thread-1] INFO  server.RaftServerConfigKeys (ConfUtils.java:logGet(43)) - raft.server.log.statemachine.data.caching.enabled = true (custom)
2019-10-16 05:42:21,055 [pool-173-thread-1] INFO  segmented.SegmentedRaftLogWorker (SegmentedRaftLogWorker.java:lambda$new$0(128)) - 3032a4bc-851b-4099-9ce6-a0f2caedf8e6@group-39ACCE41D6CB-SegmentedRaftLogWorker: flushIndex: setUnconditionally 0 -> -1
2019-10-16 05:42:21,055 [pool-163-thread-1] INFO  segmented.SegmentedRaftLogWorker (SegmentedRaftLogWorker.java:lambda$new$0(128)) - 3b6ccc7f-fc72-450a-94fb-7a4617c5e7bc@group-39ACCE41D6CB-SegmentedRaftLogWorker: flushIndex: setUnconditionally 0 -> -1
2019-10-16 05:42:21,056 [pool-173-thread-1] INFO  server.RaftServerConfigKeys (ConfUtils.java:logGet(43)) - raft.server.snapshot.auto.trigger.enabled = true (custom)
2019-10-16 05:42:21,056 [pool-173-thread-1] INFO  server.RaftServerConfigKeys (ConfUtils.java:logGet(43)) - raft.server.snapshot.auto.trigger.threshold = 10000 (custom)
2019-10-16 05:42:21,056 [pool-173-thread-1] INFO  server.RaftServerConfigKeys (ConfUtils.java:logGet(43)) - raft.server.snapshot.retention.file.num = 5 (custom)
2019-10-16 05:42:21,056 [pool-163-thread-1] INFO  server.RaftServerConfigKeys (ConfUtils.java:logGet(43)) - raft.server.snapshot.auto.trigger.enabled = true (custom)
2019-10-16 05:42:21,056 [pool-173-thread-1] INFO  server.RaftServerConfigKeys (ConfUtils.java:logGet(43)) - raft.server.retrycache.expirytime = 600000ms (custom)
2019-10-16 05:42:21,056 [pool-163-thread-1] INFO  server.RaftServerConfigKeys (ConfUtils.java:logGet(43)) - raft.server.snapshot.auto.trigger.threshold = 10000 (custom)
2019-10-16 05:42:21,056 [pool-163-thread-1] INFO  server.RaftServerConfigKeys (ConfUtils.java:logGet(43)) - raft.server.snapshot.retention.file.num = 5 (custom)
2019-10-16 05:42:21,056 [pool-153-thread-1] INFO  impl.RaftServerImpl (RaftServerImpl.java:start(195)) - 7a2a869d-5b21-4221-99f1-36371e590fe9@group-39ACCE41D6CB: start as a follower, conf=-1: [7a2a869d-5b21-4221-99f1-36371e590fe9:192.168.69.104:40701, 3b6ccc7f-fc72-450a-94fb-7a4617c5e7bc:192.168.69.104:46152, 3032a4bc-851b-4099-9ce6-a0f2caedf8e6:192.168.69.104:35946], old=null
2019-10-16 05:42:21,056 [pool-163-thread-1] INFO  server.RaftServerConfigKeys (ConfUtils.java:logGet(43)) - raft.server.retrycache.expirytime = 600000ms (custom)
2019-10-16 05:42:21,057 [pool-153-thread-1] INFO  impl.RaftServerImpl (RaftServerImpl.java:setRole(184)) - 7a2a869d-5b21-4221-99f1-36371e590fe9@group-39ACCE41D6CB: changes role from      null to FOLLOWER at term 0 for startAsFollower
2019-10-16 05:42:21,057 [pool-153-thread-1] INFO  impl.RoleInfo (RoleInfo.java:updateAndGet(143)) - 7a2a869d-5b21-4221-99f1-36371e590fe9: start FollowerState
2019-10-16 05:42:21,057 [pool-153-thread-1] INFO  util.JmxRegister (JmxRegister.java:tryRegister(44)) - Successfully registered JMX Bean with object name Ratis:service=RaftServer,group=group-39ACCE41D6CB,id=7a2a869d-5b21-4221-99f1-36371e590fe9
2019-10-16 05:42:21,058 [pool-173-thread-1] INFO  impl.RaftServerImpl (RaftServerImpl.java:start(195)) - 3032a4bc-851b-4099-9ce6-a0f2caedf8e6@group-39ACCE41D6CB: start as a follower, conf=-1: [7a2a869d-5b21-4221-99f1-36371e590fe9:192.168.69.104:40701, 3b6ccc7f-fc72-450a-94fb-7a4617c5e7bc:192.168.69.104:46152, 3032a4bc-851b-4099-9ce6-a0f2caedf8e6:192.168.69.104:35946], old=null
2019-10-16 05:42:21,058 [pool-173-thread-1] INFO  impl.RaftServerImpl (RaftServerImpl.java:setRole(184)) - 3032a4bc-851b-4099-9ce6-a0f2caedf8e6@group-39ACCE41D6CB: changes role from      null to FOLLOWER at term 0 for startAsFollower
2019-10-16 05:42:21,058 [pool-173-thread-1] INFO  impl.RoleInfo (RoleInfo.java:updateAndGet(143)) - 3032a4bc-851b-4099-9ce6-a0f2caedf8e6: start FollowerState
2019-10-16 05:42:21,059 [pool-173-thread-1] INFO  util.JmxRegister (JmxRegister.java:tryRegister(44)) - Successfully registered JMX Bean with object name Ratis:service=RaftServer,group=group-39ACCE41D6CB,id=3032a4bc-851b-4099-9ce6-a0f2caedf8e6
2019-10-16 05:42:21,060 [pool-163-thread-1] INFO  impl.RaftServerImpl (RaftServerImpl.java:start(195)) - 3b6ccc7f-fc72-450a-94fb-7a4617c5e7bc@group-39ACCE41D6CB: start as a follower, conf=-1: [7a2a869d-5b21-4221-99f1-36371e590fe9:192.168.69.104:40701, 3b6ccc7f-fc72-450a-94fb-7a4617c5e7bc:192.168.69.104:46152, 3032a4bc-851b-4099-9ce6-a0f2caedf8e6:192.168.69.104:35946], old=null
2019-10-16 05:42:21,060 [pool-163-thread-1] INFO  impl.RaftServerImpl (RaftServerImpl.java:setRole(184)) - 3b6ccc7f-fc72-450a-94fb-7a4617c5e7bc@group-39ACCE41D6CB: changes role from      null to FOLLOWER at term 0 for startAsFollower
2019-10-16 05:42:21,060 [pool-163-thread-1] INFO  impl.RoleInfo (RoleInfo.java:updateAndGet(143)) - 3b6ccc7f-fc72-450a-94fb-7a4617c5e7bc: start FollowerState
2019-10-16 05:42:21,061 [pool-163-thread-1] INFO  util.JmxRegister (JmxRegister.java:tryRegister(44)) - Successfully registered JMX Bean with object name Ratis:service=RaftServer,group=group-39ACCE41D6CB,id=3b6ccc7f-fc72-450a-94fb-7a4617c5e7bc
2019-10-16 05:42:21,061 [3b6ccc7f-fc72-450a-94fb-7a4617c5e7bc@group-FBA016C92DF4-SegmentedRaftLogWorker] INFO  segmented.SegmentedRaftLogWorker (SegmentedRaftLogWorker.java:execute(576)) - 3b6ccc7f-fc72-450a-94fb-7a4617c5e7bc@group-FBA016C92DF4-SegmentedRaftLogWorker: created new log segment /workdir/hadoop-ozone/integration-test/target/test-dir/MiniOzoneClusterImpl-da60a4be-53b2-4b3d-9348-253d2842e1e4/datanode-1/data/ratis/f833c375-e3ee-434f-a4b1-fba016c92df4/current/log_inprogress_0
2019-10-16 05:42:21,061 [3032a4bc-851b-4099-9ce6-a0f2caedf8e6@group-E5422380C23B-LeaderElection63] INFO  impl.LeaderElection (LeaderElection.java:askForVotes(178)) - 3032a4bc-851b-4099-9ce6-a0f2caedf8e6@group-E5422380C23B-LeaderElection63: begin an election at term 1 for -1: [3032a4bc-851b-4099-9ce6-a0f2caedf8e6:192.168.69.104:35946], old=null
2019-10-16 05:42:21,062 [3032a4bc-851b-4099-9ce6-a0f2caedf8e6@group-E5422380C23B-LeaderElection63] INFO  impl.RoleInfo (RoleInfo.java:shutdownLeaderElection(134)) - 3032a4bc-851b-4099-9ce6-a0f2caedf8e6: shutdown LeaderElection
2019-10-16 05:42:21,062 [3032a4bc-851b-4099-9ce6-a0f2caedf8e6@group-E5422380C23B-LeaderElection63] INFO  impl.RaftServerImpl (RaftServerImpl.java:setRole(184)) - 3032a4bc-851b-4099-9ce6-a0f2caedf8e6@group-E5422380C23B: changes role from CANDIDATE to LEADER at term 1 for changeToLeader
2019-10-16 05:42:21,062 [3032a4bc-851b-4099-9ce6-a0f2caedf8e6@group-E5422380C23B-LeaderElection63] INFO  impl.RaftServerImpl (ServerState.java:setLeader(256)) - 3032a4bc-851b-4099-9ce6-a0f2caedf8e6@group-E5422380C23B: change Leader from null to 3032a4bc-851b-4099-9ce6-a0f2caedf8e6 at term 1 for becomeLeader, leader elected after 100ms
2019-10-16 05:42:21,062 [3032a4bc-851b-4099-9ce6-a0f2caedf8e6@group-E5422380C23B-LeaderElection63] INFO  server.RaftServerConfigKeys (ConfUtils.java:logGet(43)) - raft.server.staging.catchup.gap = 1000 (default)
2019-10-16 05:42:21,062 [3032a4bc-851b-4099-9ce6-a0f2caedf8e6@group-E5422380C23B-LeaderElection63] INFO  server.RaftServerConfigKeys (ConfUtils.java:logGet(43)) - raft.server.rpc.sleep.time = 25ms (default)
2019-10-16 05:42:21,062 [3032a4bc-851b-4099-9ce6-a0f2caedf8e6@group-E5422380C23B-LeaderElection63] INFO  server.RaftServerConfigKeys (ConfUtils.java:logGet(43)) - raft.server.write.element-limit = 4096 (default)
2019-10-16 05:42:21,063 [3032a4bc-851b-4099-9ce6-a0f2caedf8e6@group-E5422380C23B-LeaderElection63] INFO  server.RaftServerConfigKeys (ConfUtils.java:logGet(43)) - raft.server.watch.timeout = 10s (default)
2019-10-16 05:42:21,063 [3032a4bc-851b-4099-9ce6-a0f2caedf8e6@group-E5422380C23B-LeaderElection63] INFO  server.RaftServerConfigKeys (ConfUtils.java:logGet(43)) - raft.server.watch.timeout.denomination = 1s (default)
2019-10-16 05:42:21,063 [3032a4bc-851b-4099-9ce6-a0f2caedf8e6@group-E5422380C23B-LeaderElection63] INFO  server.RaftServerConfigKeys (ConfUtils.java:logGet(43)) - raft.server.watch.element-limit = 65536 (default)
2019-10-16 05:42:21,065 [RatisPipelineUtilsThread] INFO  pipeline.PipelineStateManager (PipelineStateManager.java:addPipeline(56)) - Created pipeline Pipeline[ Id: 67bc400e-598b-4780-915b-39acce41d6cb, Nodes: 7a2a869d-5b21-4221-99f1-36371e590fe9{ip: 192.168.69.104, host: pr-hdds-2312-q6qzp-1535798719, networkLocation: /default-rack, certSerialId: null}3032a4bc-851b-4099-9ce6-a0f2caedf8e6{ip: 192.168.69.104, host: pr-hdds-2312-q6qzp-1535798719, networkLocation: /default-rack, certSerialId: null}3b6ccc7f-fc72-450a-94fb-7a4617c5e7bc{ip: 192.168.69.104, host: pr-hdds-2312-q6qzp-1535798719, networkLocation: /default-rack, certSerialId: null}, Type:RATIS, Factor:THREE, State:OPEN]
2019-10-16 05:42:21,065 [3032a4bc-851b-4099-9ce6-a0f2caedf8e6@group-E5422380C23B-LeaderElection63] INFO  impl.RoleInfo (RoleInfo.java:updateAndGet(143)) - 3032a4bc-851b-4099-9ce6-a0f2caedf8e6: start LeaderState
2019-10-16 05:42:21,066 [3032a4bc-851b-4099-9ce6-a0f2caedf8e6@group-E5422380C23B-LeaderElection63] INFO  segmented.SegmentedRaftLogWorker (SegmentedRaftLogWorker.java:startLogSegment(385)) - 3032a4bc-851b-4099-9ce6-a0f2caedf8e6@group-E5422380C23B-SegmentedRaftLogWorker: Starting segment from index:0
2019-10-16 05:42:21,066 [3032a4bc-851b-4099-9ce6-a0f2caedf8e6@group-E5422380C23B-LeaderElection63] INFO  impl.RaftServerImpl (ServerState.java:setRaftConf(357)) - 3032a4bc-851b-4099-9ce6-a0f2caedf8e6@group-E5422380C23B: set configuration 0: [3032a4bc-851b-4099-9ce6-a0f2caedf8e6:192.168.69.104:35946], old=null at 0
2019-10-16 05:42:21,090 [IPC Server handler 3 on 32997] INFO  net.NetworkTopology (NetworkTopologyImpl.java:add(111)) - Added a new node: /default-rack/2450c03a-3fc4-4268-b47d-cfd48db35b18
2019-10-16 05:42:21,090 [IPC Server handler 3 on 32997] INFO  node.SCMNodeManager (SCMNodeManager.java:register(268)) - Registered Data node : 2450c03a-3fc4-4268-b47d-cfd48db35b18{ip: 192.168.69.104, host: pr-hdds-2312-q6qzp-1535798719, networkLocation: /default-rack, certSerialId: null}
2019-10-16 05:42:21,102 [grpc-default-executor-7] INFO  impl.RaftServerProxy (RaftServerProxy.java:addNew(89)) - e414d63a-fd4b-43a7-bf4d-c8b49f4c8716: addNew group-27B393925771:[e414d63a-fd4b-43a7-bf4d-c8b49f4c8716:192.168.69.104:34794] returns group-27B393925771:java.util.concurrent.CompletableFuture@1f8db93a[Not completed]
2019-10-16 05:42:21,104 [Thread-1718] INFO  impl.FollowerState (FollowerState.java:run(108)) - 3032a4bc-851b-4099-9ce6-a0f2caedf8e6@group-39ACCE41D6CB-FollowerState: change to CANDIDATE, lastRpcTime:45ms, electionTimeout:45ms
2019-10-16 05:42:21,104 [pool-183-thread-1] INFO  impl.RaftServerImpl (RaftServerImpl.java:<init>(104)) - e414d63a-fd4b-43a7-bf4d-c8b49f4c8716: new RaftServerImpl for group-27B393925771:[e414d63a-fd4b-43a7-bf4d-c8b49f4c8716:192.168.69.104:34794] with ContainerStateMachine:uninitialized
2019-10-16 05:42:21,104 [Thread-1718] INFO  impl.RoleInfo (RoleInfo.java:shutdownFollowerState(121)) - 3032a4bc-851b-4099-9ce6-a0f2caedf8e6: shutdown FollowerState
2019-10-16 05:42:21,104 [pool-183-thread-1] INFO  server.RaftServerConfigKeys (ConfUtils.java:logGet(43)) - raft.server.rpc.timeout.min = 1s (custom)
2019-10-16 05:42:21,104 [Thread-1718] INFO  impl.RaftServerImpl (RaftServerImpl.java:setRole(184)) - 3032a4bc-851b-4099-9ce6-a0f2caedf8e6@group-39ACCE41D6CB: changes role from  FOLLOWER to CANDIDATE at term 0 for changeToCandidate
2019-10-16 05:42:21,104 [pool-183-thread-1] INFO  server.RaftServerConfigKeys (ConfUtils.java:logGet(43)) - raft.server.rpc.timeout.max = 1200ms (custom)
2019-10-16 05:42:21,104 [Thread-1718] INFO  impl.RoleInfo (RoleInfo.java:updateAndGet(143)) - 3032a4bc-851b-4099-9ce6-a0f2caedf8e6: start LeaderElection
2019-10-16 05:42:21,104 [pool-183-thread-1] INFO  server.RaftServerConfigKeys (ConfUtils.java:logGet(43)) - raft.server.rpcslowness.timeout = 120s (custom)
2019-10-16 05:42:21,104 [pool-183-thread-1] INFO  server.RaftServerConfigKeys (ConfUtils.java:logGet(43)) - raft.server.sleep.deviation.threshold = 300 (default)
2019-10-16 05:42:21,105 [pool-183-thread-1] INFO  server.RaftServerConfigKeys (ConfUtils.java:logGet(43)) - raft.server.log.appender.install.snapshot.enabled = false (custom)
2019-10-16 05:42:21,108 [3032a4bc-851b-4099-9ce6-a0f2caedf8e6@group-E5422380C23B-SegmentedRaftLogWorker] INFO  segmented.SegmentedRaftLogWorker (SegmentedRaftLogWorker.java:execute(576)) - 3032a4bc-851b-4099-9ce6-a0f2caedf8e6@group-E5422380C23B-SegmentedRaftLogWorker: created new log segment /workdir/hadoop-ozone/integration-test/target/test-dir/MiniOzoneClusterImpl-da60a4be-53b2-4b3d-9348-253d2842e1e4/datanode-2/data/ratis/ef39d285-0e2c-4505-9438-e5422380c23b/current/log_inprogress_0
2019-10-16 05:42:21,108 [pool-183-thread-1] INFO  impl.RaftServerImpl (ServerState.java:<init>(103)) - e414d63a-fd4b-43a7-bf4d-c8b49f4c8716@group-27B393925771: ConfigurationManager, init=-1: [e414d63a-fd4b-43a7-bf4d-c8b49f4c8716:192.168.69.104:34794], old=null, confs=<EMPTY_MAP>
2019-10-16 05:42:21,108 [pool-183-thread-1] INFO  server.RaftServerConfigKeys (ConfUtils.java:logGet(43)) - raft.server.storage.dir = [/workdir/hadoop-ozone/integration-test/target/test-dir/MiniOzoneClusterImpl-da60a4be-53b2-4b3d-9348-253d2842e1e4/datanode-3/data/ratis] (custom)
2019-10-16 05:42:21,108 [pool-183-thread-1] INFO  server.RaftServerConfigKeys (ConfUtils.java:logGet(43)) - raft.server.log.corruption.policy = EXCEPTION (default)
2019-10-16 05:42:21,109 [pool-183-thread-1] INFO  storage.RaftStorageDirectory (RaftStorageDirectory.java:analyzeStorage(246)) - The storage directory /workdir/hadoop-ozone/integration-test/target/test-dir/MiniOzoneClusterImpl-da60a4be-53b2-4b3d-9348-253d2842e1e4/datanode-3/data/ratis/8b6ff576-1837-480b-a459-27b393925771 does not exist. Creating ...
2019-10-16 05:42:21,109 [Thread-1717] INFO  impl.FollowerState (FollowerState.java:run(108)) - 7a2a869d-5b21-4221-99f1-36371e590fe9@group-39ACCE41D6CB-FollowerState: change to CANDIDATE, lastRpcTime:52ms, electionTimeout:52ms
2019-10-16 05:42:21,109 [Thread-1717] INFO  impl.RoleInfo (RoleInfo.java:shutdownFollowerState(121)) - 7a2a869d-5b21-4221-99f1-36371e590fe9: shutdown FollowerState
2019-10-16 05:42:21,109 [Thread-1717] INFO  impl.RaftServerImpl (RaftServerImpl.java:setRole(184)) - 7a2a869d-5b21-4221-99f1-36371e590fe9@group-39ACCE41D6CB: changes role from  FOLLOWER to CANDIDATE at term 0 for changeToCandidate
2019-10-16 05:42:21,110 [Thread-1717] INFO  impl.RoleInfo (RoleInfo.java:updateAndGet(143)) - 7a2a869d-5b21-4221-99f1-36371e590fe9: start LeaderElection
2019-10-16 05:42:21,121 [pool-183-thread-1] INFO  storage.RaftStorageDirectory (RaftStorageDirectory.java:tryLock(328)) - Lock on /workdir/hadoop-ozone/integration-test/target/test-dir/MiniOzoneClusterImpl-da60a4be-53b2-4b3d-9348-253d2842e1e4/datanode-3/data/ratis/8b6ff576-1837-480b-a459-27b393925771/in_use.lock acquired by nodename 13104@pr-hdds-2312-q6qzp-1535798719
2019-10-16 05:42:21,121 [3032a4bc-851b-4099-9ce6-a0f2caedf8e6@group-39ACCE41D6CB-LeaderElection64] INFO  impl.LeaderElection (LeaderElection.java:askForVotes(178)) - 3032a4bc-851b-4099-9ce6-a0f2caedf8e6@group-39ACCE41D6CB-LeaderElection64: begin an election at term 1 for -1: [7a2a869d-5b21-4221-99f1-36371e590fe9:192.168.69.104:40701, 3b6ccc7f-fc72-450a-94fb-7a4617c5e7bc:192.168.69.104:46152, 3032a4bc-851b-4099-9ce6-a0f2caedf8e6:192.168.69.104:35946], old=null
2019-10-16 05:42:21,121 [7a2a869d-5b21-4221-99f1-36371e590fe9@group-39ACCE41D6CB-LeaderElection65] INFO  impl.LeaderElection (LeaderElection.java:askForVotes(178)) - 7a2a869d-5b21-4221-99f1-36371e590fe9@group-39ACCE41D6CB-LeaderElection65: begin an election at term 1 for -1: [7a2a869d-5b21-4221-99f1-36371e590fe9:192.168.69.104:40701, 3b6ccc7f-fc72-450a-94fb-7a4617c5e7bc:192.168.69.104:46152, 3032a4bc-851b-4099-9ce6-a0f2caedf8e6:192.168.69.104:35946], old=null
2019-10-16 05:42:21,129 [grpc-default-executor-0] INFO  impl.RaftServerImpl (RaftServerImpl.java:setRole(184)) - 3b6ccc7f-fc72-450a-94fb-7a4617c5e7bc@group-39ACCE41D6CB: changes role from  FOLLOWER to FOLLOWER at term 1 for recognizeCandidate:7a2a869d-5b21-4221-99f1-36371e590fe9
2019-10-16 05:42:21,130 [grpc-default-executor-0] INFO  impl.RoleInfo (RoleInfo.java:shutdownFollowerState(121)) - 3b6ccc7f-fc72-450a-94fb-7a4617c5e7bc: shutdown FollowerState
2019-10-16 05:42:21,130 [grpc-default-executor-0] INFO  impl.RoleInfo (RoleInfo.java:updateAndGet(143)) - 3b6ccc7f-fc72-450a-94fb-7a4617c5e7bc: start FollowerState
2019-10-16 05:42:21,130 [Thread-1719] INFO  impl.FollowerState (FollowerState.java:run(117)) - 3b6ccc7f-fc72-450a-94fb-7a4617c5e7bc@group-39ACCE41D6CB-FollowerState was interrupted: java.lang.InterruptedException: sleep interrupted
2019-10-16 05:42:21,135 [pool-183-thread-1] INFO  storage.RaftStorage (RaftStorage.java:format(84)) - Storage directory /workdir/hadoop-ozone/integration-test/target/test-dir/MiniOzoneClusterImpl-da60a4be-53b2-4b3d-9348-253d2842e1e4/datanode-3/data/ratis/8b6ff576-1837-480b-a459-27b393925771 has been successfully formatted.
2019-10-16 05:42:21,136 [Thread-1730] INFO  impl.FollowerState (FollowerState.java:run(108)) - 3b6ccc7f-fc72-450a-94fb-7a4617c5e7bc@group-39ACCE41D6CB-FollowerState: change to CANDIDATE, lastRpcTime:5ms, electionTimeout:0ms
2019-10-16 05:42:21,136 [pool-183-thread-1] INFO  ratis.ContainerStateMachine (ContainerStateMachine.java:loadSnapshot(231)) - group-27B393925771: The snapshot info is null. Setting the last applied indexto:(t:0, i:~)
2019-10-16 05:42:21,136 [Thread-1730] INFO  impl.RoleInfo (RoleInfo.java:shutdownFollowerState(121)) - 3b6ccc7f-fc72-450a-94fb-7a4617c5e7bc: shutdown FollowerState
2019-10-16 05:42:21,136 [pool-183-thread-1] INFO  server.RaftServerConfigKeys (ConfUtils.java:logGet(43)) - raft.server.notification.no-leader.timeout = 120s (custom)
2019-10-16 05:42:21,136 [Thread-1730] INFO  impl.RaftServerImpl (RaftServerImpl.java:setRole(184)) - 3b6ccc7f-fc72-450a-94fb-7a4617c5e7bc@group-39ACCE41D6CB: changes role from  FOLLOWER to CANDIDATE at term 1 for changeToCandidate
2019-10-16 05:42:21,136 [pool-183-thread-1] INFO  server.RaftServerConfigKeys (ConfUtils.java:logGet(43)) - raft.server.log.use.memory = false (default)
2019-10-16 05:42:21,136 [Thread-1730] INFO  impl.RoleInfo (RoleInfo.java:updateAndGet(143)) - 3b6ccc7f-fc72-450a-94fb-7a4617c5e7bc: start LeaderElection
2019-10-16 05:42:21,136 [pool-183-thread-1] INFO  server.RaftServerConfigKeys (ConfUtils.java:logGet(43)) - raft.server.log.purge.gap = 1000000 (custom)
2019-10-16 05:42:21,136 [pool-183-thread-1] INFO  server.RaftServerConfigKeys (ConfUtils.java:logGet(43)) - raft.server.log.appender.buffer.byte-limit = 33554432 (custom)
2019-10-16 05:42:21,136 [7a2a869d-5b21-4221-99f1-36371e590fe9@group-39ACCE41D6CB-LeaderElection65] INFO  impl.LeaderElection (LeaderElection.java:logAndReturn(56)) - 7a2a869d-5b21-4221-99f1-36371e590fe9@group-39ACCE41D6CB-LeaderElection65: Election PASSED; received 2 response(s) [7a2a869d-5b21-4221-99f1-36371e590fe9<-3b6ccc7f-fc72-450a-94fb-7a4617c5e7bc#0:OK-t1, 7a2a869d-5b21-4221-99f1-36371e590fe9<-3032a4bc-851b-4099-9ce6-a0f2caedf8e6#0:FAIL-t1] and 0 exception(s); 7a2a869d-5b21-4221-99f1-36371e590fe9@group-39ACCE41D6CB:t1, leader=null, voted=7a2a869d-5b21-4221-99f1-36371e590fe9, raftlog=7a2a869d-5b21-4221-99f1-36371e590fe9@group-39ACCE41D6CB-SegmentedRaftLog:OPENED:c-1,f-1,i0, conf=-1: [7a2a869d-5b21-4221-99f1-36371e590fe9:192.168.69.104:40701, 3b6ccc7f-fc72-450a-94fb-7a4617c5e7bc:192.168.69.104:46152, 3032a4bc-851b-4099-9ce6-a0f2caedf8e6:192.168.69.104:35946], old=null
2019-10-16 05:42:21,137 [pool-183-thread-1] INFO  server.RaftServerConfigKeys (ConfUtils.java:logGet(43)) - raft.server.log.segment.size.max = 1048576 (custom)
2019-10-16 05:42:21,137 [7a2a869d-5b21-4221-99f1-36371e590fe9@group-39ACCE41D6CB-LeaderElection65] INFO  impl.RoleInfo (RoleInfo.java:shutdownLeaderElection(134)) - 7a2a869d-5b21-4221-99f1-36371e590fe9: shutdown LeaderElection
2019-10-16 05:42:21,137 [7a2a869d-5b21-4221-99f1-36371e590fe9@group-39ACCE41D6CB-LeaderElection65] INFO  impl.RaftServerImpl (RaftServerImpl.java:setRole(184)) - 7a2a869d-5b21-4221-99f1-36371e590fe9@group-39ACCE41D6CB: changes role from CANDIDATE to LEADER at term 1 for changeToLeader
2019-10-16 05:42:21,137 [7a2a869d-5b21-4221-99f1-36371e590fe9@group-39ACCE41D6CB-LeaderElection65] INFO  impl.RaftServerImpl (ServerState.java:setLeader(256)) - 7a2a869d-5b21-4221-99f1-36371e590fe9@group-39ACCE41D6CB: change Leader from null to 7a2a869d-5b21-4221-99f1-36371e590fe9 at term 1 for becomeLeader, leader elected after 92ms
2019-10-16 05:42:21,137 [7a2a869d-5b21-4221-99f1-36371e590fe9@group-39ACCE41D6CB-LeaderElection65] INFO  server.RaftServerConfigKeys (ConfUtils.java:logGet(43)) - raft.server.staging.catchup.gap = 1000 (default)
2019-10-16 05:42:21,138 [7a2a869d-5b21-4221-99f1-36371e590fe9@group-39ACCE41D6CB-LeaderElection65] INFO  server.RaftServerConfigKeys (ConfUtils.java:logGet(43)) - raft.server.rpc.sleep.time = 25ms (default)
2019-10-16 05:42:21,138 [3032a4bc-851b-4099-9ce6-a0f2caedf8e6@group-39ACCE41D6CB-LeaderElection64] INFO  impl.LeaderElection (LeaderElection.java:logAndReturn(56)) - 3032a4bc-851b-4099-9ce6-a0f2caedf8e6@group-39ACCE41D6CB-LeaderElection64: Election REJECTED; received 2 response(s) [3032a4bc-851b-4099-9ce6-a0f2caedf8e6<-7a2a869d-5b21-4221-99f1-36371e590fe9#0:FAIL-t1, 3032a4bc-851b-4099-9ce6-a0f2caedf8e6<-3b6ccc7f-fc72-450a-94fb-7a4617c5e7bc#0:FAIL-t1] and 0 exception(s); 3032a4bc-851b-4099-9ce6-a0f2caedf8e6@group-39ACCE41D6CB:t1, leader=null, voted=3032a4bc-851b-4099-9ce6-a0f2caedf8e6, raftlog=3032a4bc-851b-4099-9ce6-a0f2caedf8e6@group-39ACCE41D6CB-SegmentedRaftLog:OPENED:c-1,f-1,i0, conf=-1: [7a2a869d-5b21-4221-99f1-36371e590fe9:192.168.69.104:40701, 3b6ccc7f-fc72-450a-94fb-7a4617c5e7bc:192.168.69.104:46152, 3032a4bc-851b-4099-9ce6-a0f2caedf8e6:192.168.69.104:35946], old=null
2019-10-16 05:42:21,138 [7a2a869d-5b21-4221-99f1-36371e590fe9@group-39ACCE41D6CB-LeaderElection65] INFO  server.RaftServerConfigKeys (ConfUtils.java:logGet(43)) - raft.server.write.element-limit = 4096 (default)
2019-10-16 05:42:21,138 [3032a4bc-851b-4099-9ce6-a0f2caedf8e6@group-39ACCE41D6CB-LeaderElection64] INFO  impl.RaftServerImpl (RaftServerImpl.java:setRole(184)) - 3032a4bc-851b-4099-9ce6-a0f2caedf8e6@group-39ACCE41D6CB: changes role from CANDIDATE to FOLLOWER at term 1 for DISCOVERED_A_NEW_TERM
2019-10-16 05:42:21,138 [7a2a869d-5b21-4221-99f1-36371e590fe9@group-39ACCE41D6CB-LeaderElection65] INFO  server.RaftServerConfigKeys (ConfUtils.java:logGet(43)) - raft.server.watch.timeout = 10s (default)
2019-10-16 05:42:21,138 [3032a4bc-851b-4099-9ce6-a0f2caedf8e6@group-39ACCE41D6CB-LeaderElection64] INFO  impl.RoleInfo (RoleInfo.java:shutdownLeaderElection(134)) - 3032a4bc-851b-4099-9ce6-a0f2caedf8e6: shutdown LeaderElection
2019-10-16 05:42:21,138 [7a2a869d-5b21-4221-99f1-36371e590fe9@group-39ACCE41D6CB-LeaderElection65] INFO  server.RaftServerConfigKeys (ConfUtils.java:logGet(43)) - raft.server.watch.timeout.denomination = 1s (default)
2019-10-16 05:42:21,138 [3032a4bc-851b-4099-9ce6-a0f2caedf8e6@group-39ACCE41D6CB-LeaderElection64] INFO  impl.RoleInfo (RoleInfo.java:updateAndGet(143)) - 3032a4bc-851b-4099-9ce6-a0f2caedf8e6: start FollowerState
2019-10-16 05:42:21,138 [7a2a869d-5b21-4221-99f1-36371e590fe9@group-39ACCE41D6CB-LeaderElection65] INFO  server.RaftServerConfigKeys (ConfUtils.java:logGet(43)) - raft.server.watch.element-limit = 65536 (default)
2019-10-16 05:42:21,139 [pool-183-thread-1] INFO  server.RaftServerConfigKeys (ConfUtils.java:logGet(43)) - raft.server.log.segment.cache.num.max = 2 (custom)
2019-10-16 05:42:21,139 [pool-183-thread-1] INFO  segmented.SegmentedRaftLogWorker (SegmentedRaftLogWorker.java:<init>(173)) - new e414d63a-fd4b-43a7-bf4d-c8b49f4c8716@group-27B393925771-SegmentedRaftLogWorker for RaftStorage:Storage Directory /workdir/hadoop-ozone/integration-test/target/test-dir/MiniOzoneClusterImpl-da60a4be-53b2-4b3d-9348-253d2842e1e4/datanode-3/data/ratis/8b6ff576-1837-480b-a459-27b393925771
2019-10-16 05:42:21,139 [pool-183-thread-1] INFO  server.RaftServerConfigKeys (ConfUtils.java:logGet(43)) - raft.server.log.queue.byte-limit = 2147483647 (custom)
2019-10-16 05:42:21,139 [pool-183-thread-1] INFO  server.RaftServerConfigKeys (ConfUtils.java:logGet(43)) - raft.server.log.queue.element-limit = 1024 (custom)
2019-10-16 05:42:21,139 [pool-183-thread-1] INFO  server.RaftServerConfigKeys (ConfUtils.java:logGet(43)) - raft.server.log.segment.size.max = 1048576 (custom)
2019-10-16 05:42:21,139 [pool-183-thread-1] INFO  server.RaftServerConfigKeys (ConfUtils.java:logGet(43)) - raft.server.log.preallocated.size = 16384 (custom)
2019-10-16 05:42:21,140 [pool-183-thread-1] INFO  server.RaftServerConfigKeys (ConfUtils.java:logGet(43)) - raft.server.log.write.buffer.size = 33554432 (custom)
2019-10-16 05:42:21,140 [pool-183-thread-1] INFO  server.RaftServerConfigKeys (ConfUtils.java:logGet(43)) - raft.server.log.force.sync.num = 128 (default)
2019-10-16 05:42:21,140 [pool-183-thread-1] INFO  server.RaftServerConfigKeys (ConfUtils.java:logGet(43)) - raft.server.log.statemachine.data.sync = true (default)
2019-10-16 05:42:21,140 [pool-183-thread-1] INFO  server.RaftServerConfigKeys (ConfUtils.java:logGet(43)) - raft.server.log.statemachine.data.sync.timeout = 10s (default)
2019-10-16 05:42:21,140 [pool-183-thread-1] INFO  server.RaftServerConfigKeys (ConfUtils.java:logGet(43)) - raft.server.log.statemachine.data.sync.timeout.retry = -1 (default)
2019-10-16 05:42:21,141 [pool-183-thread-1] INFO  server.RaftServerConfigKeys (ConfUtils.java:logGet(43)) - raft.server.log.statemachine.data.caching.enabled = true (custom)
2019-10-16 05:42:21,141 [7a2a869d-5b21-4221-99f1-36371e590fe9@group-39ACCE41D6CB-LeaderElection65] INFO  server.RaftServerConfigKeys (ConfUtils.java:logGet(43)) - raft.server.log.appender.snapshot.chunk.size.max = 16MB (=16777216) (default)
2019-10-16 05:42:21,141 [pool-183-thread-1] INFO  segmented.SegmentedRaftLogWorker (SegmentedRaftLogWorker.java:lambda$new$0(128)) - e414d63a-fd4b-43a7-bf4d-c8b49f4c8716@group-27B393925771-SegmentedRaftLogWorker: flushIndex: setUnconditionally 0 -> -1
2019-10-16 05:42:21,141 [7a2a869d-5b21-4221-99f1-36371e590fe9@group-39ACCE41D6CB-LeaderElection65] INFO  server.RaftServerConfigKeys (ConfUtils.java:logGet(43)) - raft.server.log.appender.buffer.byte-limit = 33554432 (custom)
2019-10-16 05:42:21,141 [pool-183-thread-1] INFO  server.RaftServerConfigKeys (ConfUtils.java:logGet(43)) - raft.server.snapshot.auto.trigger.enabled = true (custom)
2019-10-16 05:42:21,141 [7a2a869d-5b21-4221-99f1-36371e590fe9@group-39ACCE41D6CB-LeaderElection65] INFO  server.RaftServerConfigKeys (ConfUtils.java:logGet(43)) - raft.server.log.appender.buffer.element-limit = 1 (custom)
2019-10-16 05:42:21,141 [pool-183-thread-1] INFO  server.RaftServerConfigKeys (ConfUtils.java:logGet(43)) - raft.server.snapshot.auto.trigger.threshold = 10000 (custom)
2019-10-16 05:42:21,142 [pool-183-thread-1] INFO  server.RaftServerConfigKeys (ConfUtils.java:logGet(43)) - raft.server.snapshot.retention.file.num = 5 (custom)
2019-10-16 05:42:21,142 [7a2a869d-5b21-4221-99f1-36371e590fe9@group-39ACCE41D6CB-LeaderElection65] INFO  grpc.GrpcConfigKeys$Server (ConfUtils.java:logGet(43)) - raft.grpc.server.leader.outstanding.appends.max = 128 (default)
2019-10-16 05:42:21,142 [pool-183-thread-1] INFO  server.RaftServerConfigKeys (ConfUtils.java:logGet(43)) - raft.server.retrycache.expirytime = 600000ms (custom)
2019-10-16 05:42:21,142 [7a2a869d-5b21-4221-99f1-36371e590fe9@group-39ACCE41D6CB-LeaderElection65] INFO  server.RaftServerConfigKeys (ConfUtils.java:logGet(43)) - raft.server.rpc.request.timeout = 3000ms (default)
2019-10-16 05:42:21,142 [7a2a869d-5b21-4221-99f1-36371e590fe9@group-39ACCE41D6CB-LeaderElection65] INFO  server.RaftServerConfigKeys (ConfUtils.java:logGet(43)) - raft.server.log.appender.install.snapshot.enabled = false (custom)
2019-10-16 05:42:21,145 [7a2a869d-5b21-4221-99f1-36371e590fe9@group-39ACCE41D6CB-LeaderElection65] INFO  server.RaftServerConfigKeys (ConfUtils.java:logGet(43)) - raft.server.log.appender.snapshot.chunk.size.max = 16MB (=16777216) (default)
2019-10-16 05:42:21,146 [7a2a869d-5b21-4221-99f1-36371e590fe9@group-39ACCE41D6CB-LeaderElection65] INFO  server.RaftServerConfigKeys (ConfUtils.java:logGet(43)) - raft.server.log.appender.buffer.byte-limit = 33554432 (custom)
2019-10-16 05:42:21,146 [7a2a869d-5b21-4221-99f1-36371e590fe9@group-39ACCE41D6CB-LeaderElection65] INFO  server.RaftServerConfigKeys (ConfUtils.java:logGet(43)) - raft.server.log.appender.buffer.element-limit = 1 (custom)
2019-10-16 05:42:21,146 [7a2a869d-5b21-4221-99f1-36371e590fe9@group-39ACCE41D6CB-LeaderElection65] INFO  grpc.GrpcConfigKeys$Server (ConfUtils.java:logGet(43)) - raft.grpc.server.leader.outstanding.appends.max = 128 (default)
2019-10-16 05:42:21,146 [7a2a869d-5b21-4221-99f1-36371e590fe9@group-39ACCE41D6CB-LeaderElection65] INFO  server.RaftServerConfigKeys (ConfUtils.java:logGet(43)) - raft.server.rpc.request.timeout = 3000ms (default)
2019-10-16 05:42:21,146 [7a2a869d-5b21-4221-99f1-36371e590fe9@group-39ACCE41D6CB-LeaderElection65] INFO  server.RaftServerConfigKeys (ConfUtils.java:logGet(43)) - raft.server.log.appender.install.snapshot.enabled = false (custom)
2019-10-16 05:42:21,147 [pool-183-thread-1] INFO  impl.RaftServerImpl (RaftServerImpl.java:start(195)) - e414d63a-fd4b-43a7-bf4d-c8b49f4c8716@group-27B393925771: start as a follower, conf=-1: [e414d63a-fd4b-43a7-bf4d-c8b49f4c8716:192.168.69.104:34794], old=null
2019-10-16 05:42:21,147 [pool-183-thread-1] INFO  impl.RaftServerImpl (RaftServerImpl.java:setRole(184)) - e414d63a-fd4b-43a7-bf4d-c8b49f4c8716@group-27B393925771: changes role from      null to FOLLOWER at term 0 for startAsFollower
2019-10-16 05:42:21,147 [pool-183-thread-1] INFO  impl.RoleInfo (RoleInfo.java:updateAndGet(143)) - e414d63a-fd4b-43a7-bf4d-c8b49f4c8716: start FollowerState
2019-10-16 05:42:21,147 [pool-183-thread-1] INFO  util.JmxRegister (JmxRegister.java:tryRegister(44)) - Successfully registered JMX Bean with object name Ratis:service=RaftServer,group=group-27B393925771,id=e414d63a-fd4b-43a7-bf4d-c8b49f4c8716
2019-10-16 05:42:21,149 [7a2a869d-5b21-4221-99f1-36371e590fe9@group-39ACCE41D6CB-LeaderElection65] INFO  impl.RoleInfo (RoleInfo.java:updateAndGet(143)) - 7a2a869d-5b21-4221-99f1-36371e590fe9: start LeaderState
2019-10-16 05:42:21,149 [7a2a869d-5b21-4221-99f1-36371e590fe9@group-39ACCE41D6CB-LeaderElection65] INFO  segmented.SegmentedRaftLogWorker (SegmentedRaftLogWorker.java:startLogSegment(385)) - 7a2a869d-5b21-4221-99f1-36371e590fe9@group-39ACCE41D6CB-SegmentedRaftLogWorker: Starting segment from index:0
2019-10-16 05:42:21,150 [3b6ccc7f-fc72-450a-94fb-7a4617c5e7bc@group-39ACCE41D6CB-LeaderElection66] INFO  impl.LeaderElection (LeaderElection.java:askForVotes(178)) - 3b6ccc7f-fc72-450a-94fb-7a4617c5e7bc@group-39ACCE41D6CB-LeaderElection66: begin an election at term 2 for -1: [7a2a869d-5b21-4221-99f1-36371e590fe9:192.168.69.104:40701, 3b6ccc7f-fc72-450a-94fb-7a4617c5e7bc:192.168.69.104:46152, 3032a4bc-851b-4099-9ce6-a0f2caedf8e6:192.168.69.104:35946], old=null
2019-10-16 05:42:21,151 [7a2a869d-5b21-4221-99f1-36371e590fe9@group-39ACCE41D6CB-LeaderElection65] INFO  impl.RaftServerImpl (ServerState.java:setRaftConf(357)) - 7a2a869d-5b21-4221-99f1-36371e590fe9@group-39ACCE41D6CB: set configuration 0: [7a2a869d-5b21-4221-99f1-36371e590fe9:192.168.69.104:40701, 3b6ccc7f-fc72-450a-94fb-7a4617c5e7bc:192.168.69.104:46152, 3032a4bc-851b-4099-9ce6-a0f2caedf8e6:192.168.69.104:35946], old=null at 0
2019-10-16 05:42:21,153 [Thread-1732] INFO  impl.RaftServerImpl (ServerState.java:setLeader(256)) - 7a2a869d-5b21-4221-99f1-36371e590fe9@group-39ACCE41D6CB: change Leader from 7a2a869d-5b21-4221-99f1-36371e590fe9 to null at term 2 for updateCurrentTerm
2019-10-16 05:42:21,153 [Thread-1732] INFO  impl.RaftServerImpl (RaftServerImpl.java:setRole(184)) - 7a2a869d-5b21-4221-99f1-36371e590fe9@group-39ACCE41D6CB: changes role from    LEADER to FOLLOWER at term 2 for stepDown
2019-10-16 05:42:21,153 [Thread-1732] INFO  impl.RoleInfo (RoleInfo.java:shutdownLeaderState(104)) - 7a2a869d-5b21-4221-99f1-36371e590fe9: shutdown LeaderState
2019-10-16 05:42:21,185 [Thread-1733] INFO  impl.FollowerState (FollowerState.java:run(108)) - 3032a4bc-851b-4099-9ce6-a0f2caedf8e6@group-39ACCE41D6CB-FollowerState: change to CANDIDATE, lastRpcTime:46ms, electionTimeout:41ms
2019-10-16 05:42:21,185 [Thread-1732] INFO  impl.PendingRequests (PendingRequests.java:sendNotLeaderResponses(202)) - 7a2a869d-5b21-4221-99f1-36371e590fe9@group-39ACCE41D6CB-PendingRequests: sendNotLeaderResponses
2019-10-16 05:42:21,186 [main] INFO  ozone.MiniOzoneClusterImpl (MiniOzoneClusterImpl.java:lambda$waitForClusterToBeReady$0(147)) - Waiting for cluster to be ready. Got 5 of 6 DN Heartbeats.
2019-10-16 05:42:21,186 [org.apache.ratis.server.impl.LogAppender$AppenderDaemon$$Lambda$472/261109162@3c1f0c48] WARN  server.GrpcLogAppender (GrpcLogAppender.java:mayWait(149)) - 7a2a869d-5b21-4221-99f1-36371e590fe9@group-39ACCE41D6CB->3b6ccc7f-fc72-450a-94fb-7a4617c5e7bc-GrpcLogAppender: Wait interrupted by java.lang.InterruptedException
2019-10-16 05:42:21,185 [Thread-1733] INFO  impl.RoleInfo (RoleInfo.java:shutdownFollowerState(121)) - 3032a4bc-851b-4099-9ce6-a0f2caedf8e6: shutdown FollowerState
2019-10-16 05:42:21,186 [Thread-1733] INFO  impl.RaftServerImpl (RaftServerImpl.java:setRole(184)) - 3032a4bc-851b-4099-9ce6-a0f2caedf8e6@group-39ACCE41D6CB: changes role from  FOLLOWER to CANDIDATE at term 1 for changeToCandidate
2019-10-16 05:42:21,185 [org.apache.ratis.server.impl.LogAppender$AppenderDaemon$$Lambda$472/261109162@de9d055] WARN  server.GrpcLogAppender (GrpcLogAppender.java:mayWait(149)) - 7a2a869d-5b21-4221-99f1-36371e590fe9@group-39ACCE41D6CB->3032a4bc-851b-4099-9ce6-a0f2caedf8e6-GrpcLogAppender: Wait interrupted by java.lang.InterruptedException
2019-10-16 05:42:21,186 [Thread-1733] INFO  impl.RoleInfo (RoleInfo.java:updateAndGet(143)) - 3032a4bc-851b-4099-9ce6-a0f2caedf8e6: start LeaderElection
2019-10-16 05:42:21,186 [Thread-1732] INFO  impl.RoleInfo (RoleInfo.java:updateAndGet(143)) - 7a2a869d-5b21-4221-99f1-36371e590fe9: start FollowerState
2019-10-16 05:42:21,187 [grpc-default-executor-10] INFO  server.GrpcServerProtocolService (GrpcServerProtocolService.java:onCompleted(113)) - 3b6ccc7f-fc72-450a-94fb-7a4617c5e7bc: Completed APPEND_ENTRIES, lastRequest: 7a2a869d-5b21-4221-99f1-36371e590fe9->3b6ccc7f-fc72-450a-94fb-7a4617c5e7bc#0-t1, previous=(t:0, i:0), leaderCommit=-1, initializing? false, entries: <empty>
2019-10-16 05:42:21,187 [IPC Server handler 4 on 32997] INFO  net.NetworkTopology (NetworkTopologyImpl.java:add(111)) - Added a new node: /default-rack/059e0156-43bf-4f6e-8295-5d3dc33502d0
2019-10-16 05:42:21,187 [grpc-default-executor-7] INFO  impl.RaftServerImpl (RaftServerImpl.java:setRole(184)) - 3032a4bc-851b-4099-9ce6-a0f2caedf8e6@group-39ACCE41D6CB: changes role from CANDIDATE to FOLLOWER at term 2 for recognizeCandidate:3b6ccc7f-fc72-450a-94fb-7a4617c5e7bc
2019-10-16 05:42:21,187 [IPC Server handler 4 on 32997] INFO  node.SCMNodeManager (SCMNodeManager.java:register(268)) - Registered Data node : 059e0156-43bf-4f6e-8295-5d3dc33502d0{ip: 192.168.69.104, host: pr-hdds-2312-q6qzp-1535798719, networkLocation: /default-rack, certSerialId: null}
2019-10-16 05:42:21,188 [RatisPipelineUtilsThread] INFO  pipeline.PipelineStateManager (PipelineStateManager.java:addPipeline(56)) - Created pipeline Pipeline[ Id: 8b6ff576-1837-480b-a459-27b393925771, Nodes: e414d63a-fd4b-43a7-bf4d-c8b49f4c8716{ip: 192.168.69.104, host: pr-hdds-2312-q6qzp-1535798719, networkLocation: /default-rack, certSerialId: null}, Type:RATIS, Factor:ONE, State:OPEN]
2019-10-16 05:42:21,187 [grpc-default-executor-7] INFO  impl.RoleInfo (RoleInfo.java:shutdownLeaderElection(134)) - 3032a4bc-851b-4099-9ce6-a0f2caedf8e6: shutdown LeaderElection
2019-10-16 05:42:21,187 [grpc-default-executor-10] INFO  server.GrpcLogAppender (GrpcLogAppender.java:onCompleted(308)) - 7a2a869d-5b21-4221-99f1-36371e590fe9@group-39ACCE41D6CB->3b6ccc7f-fc72-450a-94fb-7a4617c5e7bc-AppendLogResponseHandler: follower responses appendEntries COMPLETED
2019-10-16 05:42:21,188 [grpc-default-executor-7] INFO  impl.RoleInfo (RoleInfo.java:updateAndGet(143)) - 3032a4bc-851b-4099-9ce6-a0f2caedf8e6: start FollowerState
2019-10-16 05:42:21,190 [grpc-default-executor-10] INFO  impl.FollowerInfo (FollowerInfo.java:lambda$new$0(51)) - 7a2a869d-5b21-4221-99f1-36371e590fe9@group-39ACCE41D6CB->3b6ccc7f-fc72-450a-94fb-7a4617c5e7bc: nextIndex: updateUnconditionally 0 -> 0
2019-10-16 05:42:21,196 [grpc-default-executor-10] INFO  impl.RaftServerProxy (RaftServerProxy.java:addNew(89)) - 2450c03a-3fc4-4268-b47d-cfd48db35b18: addNew group-7B6DD9232CAC:[2450c03a-3fc4-4268-b47d-cfd48db35b18:192.168.69.104:40062] returns group-7B6DD9232CAC:java.util.concurrent.CompletableFuture@3e041485[Not completed]
2019-10-16 05:42:21,198 [pool-193-thread-1] INFO  impl.RaftServerImpl (RaftServerImpl.java:<init>(104)) - 2450c03a-3fc4-4268-b47d-cfd48db35b18: new RaftServerImpl for group-7B6DD9232CAC:[2450c03a-3fc4-4268-b47d-cfd48db35b18:192.168.69.104:40062] with ContainerStateMachine:uninitialized
2019-10-16 05:42:21,198 [pool-193-thread-1] INFO  server.RaftServerConfigKeys (ConfUtils.java:logGet(43)) - raft.server.rpc.timeout.min = 1s (custom)
2019-10-16 05:42:21,198 [pool-193-thread-1] INFO  server.RaftServerConfigKeys (ConfUtils.java:logGet(43)) - raft.server.rpc.timeout.max = 1200ms (custom)
2019-10-16 05:42:21,198 [pool-193-thread-1] INFO  server.RaftServerConfigKeys (ConfUtils.java:logGet(43)) - raft.server.rpcslowness.timeout = 120s (custom)
2019-10-16 05:42:21,198 [pool-193-thread-1] INFO  server.RaftServerConfigKeys (ConfUtils.java:logGet(43)) - raft.server.sleep.deviation.threshold = 300 (default)
2019-10-16 05:42:21,199 [pool-193-thread-1] INFO  server.RaftServerConfigKeys (ConfUtils.java:logGet(43)) - raft.server.log.appender.install.snapshot.enabled = false (custom)
2019-10-16 05:42:21,199 [7a2a869d-5b21-4221-99f1-36371e590fe9@group-39ACCE41D6CB-SegmentedRaftLogWorker] INFO  segmented.SegmentedRaftLogWorker (SegmentedRaftLogWorker.java:execute(576)) - 7a2a869d-5b21-4221-99f1-36371e590fe9@group-39ACCE41D6CB-SegmentedRaftLogWorker: created new log segment /workdir/hadoop-ozone/integration-test/target/test-dir/MiniOzoneClusterImpl-da60a4be-53b2-4b3d-9348-253d2842e1e4/datanode-0/data/ratis/67bc400e-598b-4780-915b-39acce41d6cb/current/log_inprogress_0
2019-10-16 05:42:21,199 [pool-193-thread-1] INFO  impl.RaftServerImpl (ServerState.java:<init>(103)) - 2450c03a-3fc4-4268-b47d-cfd48db35b18@group-7B6DD9232CAC: ConfigurationManager, init=-1: [2450c03a-3fc4-4268-b47d-cfd48db35b18:192.168.69.104:40062], old=null, confs=<EMPTY_MAP>
2019-10-16 05:42:21,200 [grpc-default-executor-0] INFO  server.GrpcServerProtocolService (GrpcServerProtocolService.java:onCompleted(113)) - 3032a4bc-851b-4099-9ce6-a0f2caedf8e6: Completed APPEND_ENTRIES, lastRequest: 7a2a869d-5b21-4221-99f1-36371e590fe9->3032a4bc-851b-4099-9ce6-a0f2caedf8e6#0-t1, previous=(t:0, i:0), leaderCommit=-1, initializing? false, entries: <empty>
2019-10-16 05:42:21,200 [grpc-default-executor-5] INFO  impl.RaftServerImpl (RaftServerImpl.java:setRole(184)) - 7a2a869d-5b21-4221-99f1-36371e590fe9@group-39ACCE41D6CB: changes role from  FOLLOWER to FOLLOWER at term 2 for recognizeCandidate:3b6ccc7f-fc72-450a-94fb-7a4617c5e7bc
2019-10-16 05:42:21,200 [pool-193-thread-1] INFO  server.RaftServerConfigKeys (ConfUtils.java:logGet(43)) - raft.server.storage.dir = [/workdir/hadoop-ozone/integration-test/target/test-dir/MiniOzoneClusterImpl-da60a4be-53b2-4b3d-9348-253d2842e1e4/datanode-4/data/ratis] (custom)
2019-10-16 05:42:21,200 [Thread-1745] INFO  impl.FollowerState (FollowerState.java:run(108)) - 3032a4bc-851b-4099-9ce6-a0f2caedf8e6@group-39ACCE41D6CB-FollowerState: change to CANDIDATE, lastRpcTime:12ms, electionTimeout:5ms
2019-10-16 05:42:21,201 [grpc-default-executor-5] INFO  impl.RoleInfo (RoleInfo.java:shutdownFollowerState(121)) - 7a2a869d-5b21-4221-99f1-36371e590fe9: shutdown FollowerState
2019-10-16 05:42:21,201 [pool-193-thread-1] INFO  server.RaftServerConfigKeys (ConfUtils.java:logGet(43)) - raft.server.log.corruption.policy = EXCEPTION (default)
2019-10-16 05:42:21,201 [Thread-1743] INFO  impl.FollowerState (FollowerState.java:run(117)) - 7a2a869d-5b21-4221-99f1-36371e590fe9@group-39ACCE41D6CB-FollowerState was interrupted: java.lang.InterruptedException: sleep interrupted
2019-10-16 05:42:21,201 [Thread-1745] INFO  impl.RoleInfo (RoleInfo.java:shutdownFollowerState(121)) - 3032a4bc-851b-4099-9ce6-a0f2caedf8e6: shutdown FollowerState
2019-10-16 05:42:21,201 [pool-193-thread-1] INFO  storage.RaftStorageDirectory (RaftStorageDirectory.java:analyzeStorage(246)) - The storage directory /workdir/hadoop-ozone/integration-test/target/test-dir/MiniOzoneClusterImpl-da60a4be-53b2-4b3d-9348-253d2842e1e4/datanode-4/data/ratis/d3e945ee-61a7-48b1-a8c0-7b6dd9232cac does not exist. Creating ...
2019-10-16 05:42:21,201 [grpc-default-executor-5] INFO  impl.RoleInfo (RoleInfo.java:updateAndGet(143)) - 7a2a869d-5b21-4221-99f1-36371e590fe9: start FollowerState
2019-10-16 05:42:21,201 [Thread-1745] INFO  impl.RaftServerImpl (RaftServerImpl.java:setRole(184)) - 3032a4bc-851b-4099-9ce6-a0f2caedf8e6@group-39ACCE41D6CB: changes role from  FOLLOWER to CANDIDATE at term 2 for changeToCandidate
2019-10-16 05:42:21,202 [Thread-1745] INFO  impl.RoleInfo (RoleInfo.java:updateAndGet(143)) - 3032a4bc-851b-4099-9ce6-a0f2caedf8e6: start LeaderElection
2019-10-16 05:42:21,202 [grpc-default-executor-0] INFO  server.GrpcLogAppender (GrpcLogAppender.java:onCompleted(308)) - 7a2a869d-5b21-4221-99f1-36371e590fe9@group-39ACCE41D6CB->3032a4bc-851b-4099-9ce6-a0f2caedf8e6-AppendLogResponseHandler: follower responses appendEntries COMPLETED
2019-10-16 05:42:21,205 [grpc-default-executor-0] INFO  impl.FollowerInfo (FollowerInfo.java:lambda$new$0(51)) - 7a2a869d-5b21-4221-99f1-36371e590fe9@group-39ACCE41D6CB->3032a4bc-851b-4099-9ce6-a0f2caedf8e6: nextIndex: updateUnconditionally 0 -> 0
2019-10-16 05:42:21,205 [3b6ccc7f-fc72-450a-94fb-7a4617c5e7bc@group-39ACCE41D6CB-LeaderElection66] INFO  impl.LeaderElection (LeaderElection.java:logAndReturn(56)) - 3b6ccc7f-fc72-450a-94fb-7a4617c5e7bc@group-39ACCE41D6CB-LeaderElection66: Election REJECTED; received 2 response(s) [3b6ccc7f-fc72-450a-94fb-7a4617c5e7bc<-7a2a869d-5b21-4221-99f1-36371e590fe9#0:FAIL-t2, 3b6ccc7f-fc72-450a-94fb-7a4617c5e7bc<-3032a4bc-851b-4099-9ce6-a0f2caedf8e6#0:FAIL-t2] and 0 exception(s); 3b6ccc7f-fc72-450a-94fb-7a4617c5e7bc@group-39ACCE41D6CB:t2, leader=null, voted=3b6ccc7f-fc72-450a-94fb-7a4617c5e7bc, raftlog=3b6ccc7f-fc72-450a-94fb-7a4617c5e7bc@group-39ACCE41D6CB-SegmentedRaftLog:OPENED:c-1,f-1,i0, conf=-1: [7a2a869d-5b21-4221-99f1-36371e590fe9:192.168.69.104:40701, 3b6ccc7f-fc72-450a-94fb-7a4617c5e7bc:192.168.69.104:46152, 3032a4bc-851b-4099-9ce6-a0f2caedf8e6:192.168.69.104:35946], old=null
2019-10-16 05:42:21,205 [3b6ccc7f-fc72-450a-94fb-7a4617c5e7bc@group-39ACCE41D6CB-LeaderElection66] INFO  impl.RaftServerImpl (RaftServerImpl.java:setRole(184)) - 3b6ccc7f-fc72-450a-94fb-7a4617c5e7bc@group-39ACCE41D6CB: changes role from CANDIDATE to FOLLOWER at term 2 for DISCOVERED_A_NEW_TERM
2019-10-16 05:42:21,206 [3b6ccc7f-fc72-450a-94fb-7a4617c5e7bc@group-39ACCE41D6CB-LeaderElection66] INFO  impl.RoleInfo (RoleInfo.java:shutdownLeaderElection(134)) - 3b6ccc7f-fc72-450a-94fb-7a4617c5e7bc: shutdown LeaderElection
2019-10-16 05:42:21,206 [3b6ccc7f-fc72-450a-94fb-7a4617c5e7bc@group-39ACCE41D6CB-LeaderElection66] INFO  impl.RoleInfo (RoleInfo.java:updateAndGet(143)) - 3b6ccc7f-fc72-450a-94fb-7a4617c5e7bc: start FollowerState
2019-10-16 05:42:21,213 [pool-193-thread-1] INFO  storage.RaftStorageDirectory (RaftStorageDirectory.java:tryLock(328)) - Lock on /workdir/hadoop-ozone/integration-test/target/test-dir/MiniOzoneClusterImpl-da60a4be-53b2-4b3d-9348-253d2842e1e4/datanode-4/data/ratis/d3e945ee-61a7-48b1-a8c0-7b6dd9232cac/in_use.lock acquired by nodename 13104@pr-hdds-2312-q6qzp-1535798719
2019-10-16 05:42:21,213 [3032a4bc-851b-4099-9ce6-a0f2caedf8e6@group-39ACCE41D6CB-LeaderElection67] INFO  impl.LeaderElection (LeaderElection.java:askForVotes(178)) - 3032a4bc-851b-4099-9ce6-a0f2caedf8e6@group-39ACCE41D6CB-LeaderElection67: begin an election at term 3 for -1: [7a2a869d-5b21-4221-99f1-36371e590fe9:192.168.69.104:40701, 3b6ccc7f-fc72-450a-94fb-7a4617c5e7bc:192.168.69.104:46152, 3032a4bc-851b-4099-9ce6-a0f2caedf8e6:192.168.69.104:35946], old=null
2019-10-16 05:42:21,227 [pool-193-thread-1] INFO  storage.RaftStorage (RaftStorage.java:format(84)) - Storage directory /workdir/hadoop-ozone/integration-test/target/test-dir/MiniOzoneClusterImpl-da60a4be-53b2-4b3d-9348-253d2842e1e4/datanode-4/data/ratis/d3e945ee-61a7-48b1-a8c0-7b6dd9232cac has been successfully formatted.
2019-10-16 05:42:21,227 [3032a4bc-851b-4099-9ce6-a0f2caedf8e6@group-39ACCE41D6CB-LeaderElection68] INFO  impl.LeaderElection (LeaderElection.java:askForVotes(178)) - 3032a4bc-851b-4099-9ce6-a0f2caedf8e6@group-39ACCE41D6CB-LeaderElection68: begin an election at term 4 for -1: [7a2a869d-5b21-4221-99f1-36371e590fe9:192.168.69.104:40701, 3b6ccc7f-fc72-450a-94fb-7a4617c5e7bc:192.168.69.104:46152, 3032a4bc-851b-4099-9ce6-a0f2caedf8e6:192.168.69.104:35946], old=null
2019-10-16 05:42:21,227 [pool-193-thread-1] INFO  ratis.ContainerStateMachine (ContainerStateMachine.java:loadSnapshot(231)) - group-7B6DD9232CAC: The snapshot info is null. Setting the last applied indexto:(t:0, i:~)
2019-10-16 05:42:21,227 [pool-193-thread-1] INFO  server.RaftServerConfigKeys (ConfUtils.java:logGet(43)) - raft.server.notification.no-leader.timeout = 120s (custom)
2019-10-16 05:42:21,227 [pool-193-thread-1] INFO  server.RaftServerConfigKeys (ConfUtils.java:logGet(43)) - raft.server.log.use.memory = false (default)
2019-10-16 05:42:21,227 [pool-193-thread-1] INFO  server.RaftServerConfigKeys (ConfUtils.java:logGet(43)) - raft.server.log.purge.gap = 1000000 (custom)
2019-10-16 05:42:21,228 [pool-193-thread-1] INFO  server.RaftServerConfigKeys (ConfUtils.java:logGet(43)) - raft.server.log.appender.buffer.byte-limit = 33554432 (custom)
2019-10-16 05:42:21,228 [3032a4bc-851b-4099-9ce6-a0f2caedf8e6@group-39ACCE41D6CB-LeaderElection67] INFO  impl.LeaderElection (LeaderElection.java:logAndReturn(56)) - 3032a4bc-851b-4099-9ce6-a0f2caedf8e6@group-39ACCE41D6CB-LeaderElection67: Election REJECTED; received 0 response(s) [] and 0 exception(s); 3032a4bc-851b-4099-9ce6-a0f2caedf8e6@group-39ACCE41D6CB:t4, leader=null, voted=3032a4bc-851b-4099-9ce6-a0f2caedf8e6, raftlog=3032a4bc-851b-4099-9ce6-a0f2caedf8e6@group-39ACCE41D6CB-SegmentedRaftLog:OPENED:c-1,f-1,i0, conf=-1: [7a2a869d-5b21-4221-99f1-36371e590fe9:192.168.69.104:40701, 3b6ccc7f-fc72-450a-94fb-7a4617c5e7bc:192.168.69.104:46152, 3032a4bc-851b-4099-9ce6-a0f2caedf8e6:192.168.69.104:35946], old=null
2019-10-16 05:42:21,228 [pool-193-thread-1] INFO  server.RaftServerConfigKeys (ConfUtils.java:logGet(43)) - raft.server.log.segment.size.max = 1048576 (custom)
2019-10-16 05:42:21,229 [pool-193-thread-1] INFO  server.RaftServerConfigKeys (ConfUtils.java:logGet(43)) - raft.server.log.segment.cache.num.max = 2 (custom)
2019-10-16 05:42:21,229 [grpc-default-executor-0] INFO  impl.RaftServerImpl (RaftServerImpl.java:setRole(184)) - 7a2a869d-5b21-4221-99f1-36371e590fe9@group-39ACCE41D6CB: changes role from  FOLLOWER to FOLLOWER at term 3 for recognizeCandidate:3032a4bc-851b-4099-9ce6-a0f2caedf8e6
2019-10-16 05:42:21,230 [grpc-default-executor-0] INFO  impl.RoleInfo (RoleInfo.java:shutdownFollowerState(121)) - 7a2a869d-5b21-4221-99f1-36371e590fe9: shutdown FollowerState
2019-10-16 05:42:21,229 [pool-193-thread-1] INFO  segmented.SegmentedRaftLogWorker (SegmentedRaftLogWorker.java:<init>(173)) - new 2450c03a-3fc4-4268-b47d-cfd48db35b18@group-7B6DD9232CAC-SegmentedRaftLogWorker for RaftStorage:Storage Directory /workdir/hadoop-ozone/integration-test/target/test-dir/MiniOzoneClusterImpl-da60a4be-53b2-4b3d-9348-253d2842e1e4/datanode-4/data/ratis/d3e945ee-61a7-48b1-a8c0-7b6dd9232cac
2019-10-16 05:42:21,230 [grpc-default-executor-5] INFO  impl.RaftServerImpl (RaftServerImpl.java:setRole(184)) - 3b6ccc7f-fc72-450a-94fb-7a4617c5e7bc@group-39ACCE41D6CB: changes role from  FOLLOWER to FOLLOWER at term 3 for recognizeCandidate:3032a4bc-851b-4099-9ce6-a0f2caedf8e6
2019-10-16 05:42:21,230 [Thread-1746] INFO  impl.FollowerState (FollowerState.java:run(117)) - 7a2a869d-5b21-4221-99f1-36371e590fe9@group-39ACCE41D6CB-FollowerState was interrupted: java.lang.InterruptedException: sleep interrupted
2019-10-16 05:42:21,230 [grpc-default-executor-0] INFO  impl.RoleInfo (RoleInfo.java:updateAndGet(143)) - 7a2a869d-5b21-4221-99f1-36371e590fe9: start FollowerState
2019-10-16 05:42:21,230 [grpc-default-executor-5] INFO  impl.RoleInfo (RoleInfo.java:shutdownFollowerState(121)) - 3b6ccc7f-fc72-450a-94fb-7a4617c5e7bc: shutdown FollowerState
2019-10-16 05:42:21,230 [pool-193-thread-1] INFO  server.RaftServerConfigKeys (ConfUtils.java:logGet(43)) - raft.server.log.queue.byte-limit = 2147483647 (custom)
2019-10-16 05:42:21,231 [Thread-1748] INFO  impl.FollowerState (FollowerState.java:run(117)) - 3b6ccc7f-fc72-450a-94fb-7a4617c5e7bc@group-39ACCE41D6CB-FollowerState was interrupted: java.lang.InterruptedException: sleep interrupted
2019-10-16 05:42:21,231 [grpc-default-executor-5] INFO  impl.RoleInfo (RoleInfo.java:updateAndGet(143)) - 3b6ccc7f-fc72-450a-94fb-7a4617c5e7bc: start FollowerState
2019-10-16 05:42:21,231 [pool-193-thread-1] INFO  server.RaftServerConfigKeys (ConfUtils.java:logGet(43)) - raft.server.log.queue.element-limit = 1024 (custom)
2019-10-16 05:42:21,232 [pool-193-thread-1] INFO  server.RaftServerConfigKeys (ConfUtils.java:logGet(43)) - raft.server.log.segment.size.max = 1048576 (custom)
2019-10-16 05:42:21,232 [pool-193-thread-1] INFO  server.RaftServerConfigKeys (ConfUtils.java:logGet(43)) - raft.server.log.preallocated.size = 16384 (custom)
2019-10-16 05:42:21,232 [pool-193-thread-1] INFO  server.RaftServerConfigKeys (ConfUtils.java:logGet(43)) - raft.server.log.write.buffer.size = 33554432 (custom)
2019-10-16 05:42:21,232 [pool-193-thread-1] INFO  server.RaftServerConfigKeys (ConfUtils.java:logGet(43)) - raft.server.log.force.sync.num = 128 (default)
2019-10-16 05:42:21,232 [pool-193-thread-1] INFO  server.RaftServerConfigKeys (ConfUtils.java:logGet(43)) - raft.server.log.statemachine.data.sync = true (default)
2019-10-16 05:42:21,233 [pool-193-thread-1] INFO  server.RaftServerConfigKeys (ConfUtils.java:logGet(43)) - raft.server.log.statemachine.data.sync.timeout = 10s (default)
2019-10-16 05:42:21,233 [pool-193-thread-1] INFO  server.RaftServerConfigKeys (ConfUtils.java:logGet(43)) - raft.server.log.statemachine.data.sync.timeout.retry = -1 (default)
2019-10-16 05:42:21,233 [pool-193-thread-1] INFO  server.RaftServerConfigKeys (ConfUtils.java:logGet(43)) - raft.server.log.statemachine.data.caching.enabled = true (custom)
2019-10-16 05:42:21,234 [pool-193-thread-1] INFO  segmented.SegmentedRaftLogWorker (SegmentedRaftLogWorker.java:lambda$new$0(128)) - 2450c03a-3fc4-4268-b47d-cfd48db35b18@group-7B6DD9232CAC-SegmentedRaftLogWorker: flushIndex: setUnconditionally 0 -> -1
2019-10-16 05:42:21,234 [pool-193-thread-1] INFO  server.RaftServerConfigKeys (ConfUtils.java:logGet(43)) - raft.server.snapshot.auto.trigger.enabled = true (custom)
2019-10-16 05:42:21,234 [pool-193-thread-1] INFO  server.RaftServerConfigKeys (ConfUtils.java:logGet(43)) - raft.server.snapshot.auto.trigger.threshold = 10000 (custom)
2019-10-16 05:42:21,234 [pool-193-thread-1] INFO  server.RaftServerConfigKeys (ConfUtils.java:logGet(43)) - raft.server.snapshot.retention.file.num = 5 (custom)
2019-10-16 05:42:21,234 [pool-193-thread-1] INFO  server.RaftServerConfigKeys (ConfUtils.java:logGet(43)) - raft.server.retrycache.expirytime = 600000ms (custom)
2019-10-16 05:42:21,238 [pool-193-thread-1] INFO  impl.RaftServerImpl (RaftServerImpl.java:start(195)) - 2450c03a-3fc4-4268-b47d-cfd48db35b18@group-7B6DD9232CAC: start as a follower, conf=-1: [2450c03a-3fc4-4268-b47d-cfd48db35b18:192.168.69.104:40062], old=null
2019-10-16 05:42:21,239 [pool-193-thread-1] INFO  impl.RaftServerImpl (RaftServerImpl.java:setRole(184)) - 2450c03a-3fc4-4268-b47d-cfd48db35b18@group-7B6DD9232CAC: changes role from      null to FOLLOWER at term 0 for startAsFollower
2019-10-16 05:42:21,239 [pool-193-thread-1] INFO  impl.RoleInfo (RoleInfo.java:updateAndGet(143)) - 2450c03a-3fc4-4268-b47d-cfd48db35b18: start FollowerState
2019-10-16 05:42:21,239 [pool-193-thread-1] INFO  util.JmxRegister (JmxRegister.java:tryRegister(44)) - Successfully registered JMX Bean with object name Ratis:service=RaftServer,group=group-7B6DD9232CAC,id=2450c03a-3fc4-4268-b47d-cfd48db35b18
2019-10-16 05:42:21,244 [RatisPipelineUtilsThread] INFO  pipeline.PipelineStateManager (PipelineStateManager.java:addPipeline(56)) - Created pipeline Pipeline[ Id: d3e945ee-61a7-48b1-a8c0-7b6dd9232cac, Nodes: 2450c03a-3fc4-4268-b47d-cfd48db35b18{ip: 192.168.69.104, host: pr-hdds-2312-q6qzp-1535798719, networkLocation: /default-rack, certSerialId: null}, Type:RATIS, Factor:ONE, State:OPEN]
2019-10-16 05:42:21,244 [grpc-default-executor-10] INFO  impl.RaftServerImpl (RaftServerImpl.java:setRole(184)) - 3b6ccc7f-fc72-450a-94fb-7a4617c5e7bc@group-39ACCE41D6CB: changes role from  FOLLOWER to FOLLOWER at term 4 for recognizeCandidate:3032a4bc-851b-4099-9ce6-a0f2caedf8e6
2019-10-16 05:42:21,244 [grpc-default-executor-7] INFO  impl.RaftServerImpl (RaftServerImpl.java:setRole(184)) - 7a2a869d-5b21-4221-99f1-36371e590fe9@group-39ACCE41D6CB: changes role from  FOLLOWER to FOLLOWER at term 4 for recognizeCandidate:3032a4bc-851b-4099-9ce6-a0f2caedf8e6
2019-10-16 05:42:21,244 [grpc-default-executor-10] INFO  impl.RoleInfo (RoleInfo.java:shutdownFollowerState(121)) - 3b6ccc7f-fc72-450a-94fb-7a4617c5e7bc: shutdown FollowerState
2019-10-16 05:42:21,244 [grpc-default-executor-7] INFO  impl.RoleInfo (RoleInfo.java:shutdownFollowerState(121)) - 7a2a869d-5b21-4221-99f1-36371e590fe9: shutdown FollowerState
2019-10-16 05:42:21,252 [Thread-1754] INFO  impl.FollowerState (FollowerState.java:run(117)) - 3b6ccc7f-fc72-450a-94fb-7a4617c5e7bc@group-39ACCE41D6CB-FollowerState was interrupted: java.lang.InterruptedException: sleep interrupted
2019-10-16 05:42:21,252 [grpc-default-executor-10] INFO  impl.RoleInfo (RoleInfo.java:updateAndGet(143)) - 3b6ccc7f-fc72-450a-94fb-7a4617c5e7bc: start FollowerState
2019-10-16 05:42:21,253 [Thread-1753] INFO  impl.FollowerState (FollowerState.java:run(117)) - 7a2a869d-5b21-4221-99f1-36371e590fe9@group-39ACCE41D6CB-FollowerState was interrupted: java.lang.InterruptedException: sleep interrupted
2019-10-16 05:42:21,253 [grpc-default-executor-7] INFO  impl.RoleInfo (RoleInfo.java:updateAndGet(143)) - 7a2a869d-5b21-4221-99f1-36371e590fe9: start FollowerState
2019-10-16 05:42:21,259 [grpc-default-executor-5] INFO  impl.RaftServerProxy (RaftServerProxy.java:addNew(89)) - 059e0156-43bf-4f6e-8295-5d3dc33502d0: addNew group-FA5F3D6117EE:[059e0156-43bf-4f6e-8295-5d3dc33502d0:192.168.69.104:35178] returns group-FA5F3D6117EE:java.util.concurrent.CompletableFuture@5a83fac7[Not completed]
2019-10-16 05:42:21,260 [pool-203-thread-1] INFO  impl.RaftServerImpl (RaftServerImpl.java:<init>(104)) - 059e0156-43bf-4f6e-8295-5d3dc33502d0: new RaftServerImpl for group-FA5F3D6117EE:[059e0156-43bf-4f6e-8295-5d3dc33502d0:192.168.69.104:35178] with ContainerStateMachine:uninitialized
2019-10-16 05:42:21,260 [pool-203-thread-1] INFO  server.RaftServerConfigKeys (ConfUtils.java:logGet(43)) - raft.server.rpc.timeout.min = 1s (custom)
2019-10-16 05:42:21,261 [pool-203-thread-1] INFO  server.RaftServerConfigKeys (ConfUtils.java:logGet(43)) - raft.server.rpc.timeout.max = 1200ms (custom)
2019-10-16 05:42:21,261 [pool-203-thread-1] INFO  server.RaftServerConfigKeys (ConfUtils.java:logGet(43)) - raft.server.rpcslowness.timeout = 120s (custom)
2019-10-16 05:42:21,261 [pool-203-thread-1] INFO  server.RaftServerConfigKeys (ConfUtils.java:logGet(43)) - raft.server.sleep.deviation.threshold = 300 (default)
2019-10-16 05:42:21,261 [pool-203-thread-1] INFO  server.RaftServerConfigKeys (ConfUtils.java:logGet(43)) - raft.server.log.appender.install.snapshot.enabled = false (custom)
2019-10-16 05:42:21,261 [pool-203-thread-1] INFO  impl.RaftServerImpl (ServerState.java:<init>(103)) - 059e0156-43bf-4f6e-8295-5d3dc33502d0@group-FA5F3D6117EE: ConfigurationManager, init=-1: [059e0156-43bf-4f6e-8295-5d3dc33502d0:192.168.69.104:35178], old=null, confs=<EMPTY_MAP>
2019-10-16 05:42:21,261 [pool-203-thread-1] INFO  server.RaftServerConfigKeys (ConfUtils.java:logGet(43)) - raft.server.storage.dir = [/workdir/hadoop-ozone/integration-test/target/test-dir/MiniOzoneClusterImpl-da60a4be-53b2-4b3d-9348-253d2842e1e4/datanode-5/data/ratis] (custom)
2019-10-16 05:42:21,262 [pool-203-thread-1] INFO  server.RaftServerConfigKeys (ConfUtils.java:logGet(43)) - raft.server.log.corruption.policy = EXCEPTION (default)
2019-10-16 05:42:21,262 [pool-203-thread-1] INFO  storage.RaftStorageDirectory (RaftStorageDirectory.java:analyzeStorage(246)) - The storage directory /workdir/hadoop-ozone/integration-test/target/test-dir/MiniOzoneClusterImpl-da60a4be-53b2-4b3d-9348-253d2842e1e4/datanode-5/data/ratis/b2f09162-f4a4-4180-b1cb-fa5f3d6117ee does not exist. Creating ...
2019-10-16 05:42:21,266 [pool-203-thread-1] INFO  storage.RaftStorageDirectory (RaftStorageDirectory.java:tryLock(328)) - Lock on /workdir/hadoop-ozone/integration-test/target/test-dir/MiniOzoneClusterImpl-da60a4be-53b2-4b3d-9348-253d2842e1e4/datanode-5/data/ratis/b2f09162-f4a4-4180-b1cb-fa5f3d6117ee/in_use.lock acquired by nodename 13104@pr-hdds-2312-q6qzp-1535798719
2019-10-16 05:42:21,267 [3032a4bc-851b-4099-9ce6-a0f2caedf8e6@group-39ACCE41D6CB-LeaderElection68] INFO  impl.LeaderElection (LeaderElection.java:logAndReturn(56)) - 3032a4bc-851b-4099-9ce6-a0f2caedf8e6@group-39ACCE41D6CB-LeaderElection68: Election PASSED; received 2 response(s) [3032a4bc-851b-4099-9ce6-a0f2caedf8e6<-7a2a869d-5b21-4221-99f1-36371e590fe9#0:FAIL-t4, 3032a4bc-851b-4099-9ce6-a0f2caedf8e6<-3b6ccc7f-fc72-450a-94fb-7a4617c5e7bc#0:OK-t4] and 0 exception(s); 3032a4bc-851b-4099-9ce6-a0f2caedf8e6@group-39ACCE41D6CB:t4, leader=null, voted=3032a4bc-851b-4099-9ce6-a0f2caedf8e6, raftlog=3032a4bc-851b-4099-9ce6-a0f2caedf8e6@group-39ACCE41D6CB-SegmentedRaftLog:OPENED:c-1,f-1,i0, conf=-1: [7a2a869d-5b21-4221-99f1-36371e590fe9:192.168.69.104:40701, 3b6ccc7f-fc72-450a-94fb-7a4617c5e7bc:192.168.69.104:46152, 3032a4bc-851b-4099-9ce6-a0f2caedf8e6:192.168.69.104:35946], old=null
2019-10-16 05:42:21,267 [3032a4bc-851b-4099-9ce6-a0f2caedf8e6@group-39ACCE41D6CB-LeaderElection68] INFO  impl.RoleInfo (RoleInfo.java:shutdownLeaderElection(134)) - 3032a4bc-851b-4099-9ce6-a0f2caedf8e6: shutdown LeaderElection
2019-10-16 05:42:21,268 [3032a4bc-851b-4099-9ce6-a0f2caedf8e6@group-39ACCE41D6CB-LeaderElection68] INFO  impl.RaftServerImpl (RaftServerImpl.java:setRole(184)) - 3032a4bc-851b-4099-9ce6-a0f2caedf8e6@group-39ACCE41D6CB: changes role from CANDIDATE to LEADER at term 4 for changeToLeader
2019-10-16 05:42:21,268 [3032a4bc-851b-4099-9ce6-a0f2caedf8e6@group-39ACCE41D6CB-LeaderElection68] INFO  impl.RaftServerImpl (ServerState.java:setLeader(256)) - 3032a4bc-851b-4099-9ce6-a0f2caedf8e6@group-39ACCE41D6CB: change Leader from null to 3032a4bc-851b-4099-9ce6-a0f2caedf8e6 at term 4 for becomeLeader, leader elected after 223ms
2019-10-16 05:42:21,268 [3032a4bc-851b-4099-9ce6-a0f2caedf8e6@group-39ACCE41D6CB-LeaderElection68] INFO  server.RaftServerConfigKeys (ConfUtils.java:logGet(43)) - raft.server.staging.catchup.gap = 1000 (default)
2019-10-16 05:42:21,268 [3032a4bc-851b-4099-9ce6-a0f2caedf8e6@group-39ACCE41D6CB-LeaderElection68] INFO  server.RaftServerConfigKeys (ConfUtils.java:logGet(43)) - raft.server.rpc.sleep.time = 25ms (default)
2019-10-16 05:42:21,268 [3032a4bc-851b-4099-9ce6-a0f2caedf8e6@group-39ACCE41D6CB-LeaderElection68] INFO  server.RaftServerConfigKeys (ConfUtils.java:logGet(43)) - raft.server.write.element-limit = 4096 (default)
2019-10-16 05:42:21,268 [3032a4bc-851b-4099-9ce6-a0f2caedf8e6@group-39ACCE41D6CB-LeaderElection68] INFO  server.RaftServerConfigKeys (ConfUtils.java:logGet(43)) - raft.server.watch.timeout = 10s (default)
2019-10-16 05:42:21,269 [3032a4bc-851b-4099-9ce6-a0f2caedf8e6@group-39ACCE41D6CB-LeaderElection68] INFO  server.RaftServerConfigKeys (ConfUtils.java:logGet(43)) - raft.server.watch.timeout.denomination = 1s (default)
2019-10-16 05:42:21,269 [3032a4bc-851b-4099-9ce6-a0f2caedf8e6@group-39ACCE41D6CB-LeaderElection68] INFO  server.RaftServerConfigKeys (ConfUtils.java:logGet(43)) - raft.server.watch.element-limit = 65536 (default)
2019-10-16 05:42:21,271 [3032a4bc-851b-4099-9ce6-a0f2caedf8e6@group-39ACCE41D6CB-LeaderElection68] INFO  server.RaftServerConfigKeys (ConfUtils.java:logGet(43)) - raft.server.log.appender.snapshot.chunk.size.max = 16MB (=16777216) (default)
2019-10-16 05:42:21,271 [3032a4bc-851b-4099-9ce6-a0f2caedf8e6@group-39ACCE41D6CB-LeaderElection68] INFO  server.RaftServerConfigKeys (ConfUtils.java:logGet(43)) - raft.server.log.appender.buffer.byte-limit = 33554432 (custom)
2019-10-16 05:42:21,271 [3032a4bc-851b-4099-9ce6-a0f2caedf8e6@group-39ACCE41D6CB-LeaderElection68] INFO  server.RaftServerConfigKeys (ConfUtils.java:logGet(43)) - raft.server.log.appender.buffer.element-limit = 1 (custom)
2019-10-16 05:42:21,272 [3032a4bc-851b-4099-9ce6-a0f2caedf8e6@group-39ACCE41D6CB-LeaderElection68] INFO  grpc.GrpcConfigKeys$Server (ConfUtils.java:logGet(43)) - raft.grpc.server.leader.outstanding.appends.max = 128 (default)
2019-10-16 05:42:21,272 [3032a4bc-851b-4099-9ce6-a0f2caedf8e6@group-39ACCE41D6CB-LeaderElection68] INFO  server.RaftServerConfigKeys (ConfUtils.java:logGet(43)) - raft.server.rpc.request.timeout = 3000ms (default)
2019-10-16 05:42:21,272 [3032a4bc-851b-4099-9ce6-a0f2caedf8e6@group-39ACCE41D6CB-LeaderElection68] INFO  server.RaftServerConfigKeys (ConfUtils.java:logGet(43)) - raft.server.log.appender.install.snapshot.enabled = false (custom)
2019-10-16 05:42:21,274 [3032a4bc-851b-4099-9ce6-a0f2caedf8e6@group-39ACCE41D6CB-LeaderElection68] INFO  server.RaftServerConfigKeys (ConfUtils.java:logGet(43)) - raft.server.log.appender.snapshot.chunk.size.max = 16MB (=16777216) (default)
2019-10-16 05:42:21,274 [3032a4bc-851b-4099-9ce6-a0f2caedf8e6@group-39ACCE41D6CB-LeaderElection68] INFO  server.RaftServerConfigKeys (ConfUtils.java:logGet(43)) - raft.server.log.appender.buffer.byte-limit = 33554432 (custom)
2019-10-16 05:42:21,275 [3032a4bc-851b-4099-9ce6-a0f2caedf8e6@group-39ACCE41D6CB-LeaderElection68] INFO  server.RaftServerConfigKeys (ConfUtils.java:logGet(43)) - raft.server.log.appender.buffer.element-limit = 1 (custom)
2019-10-16 05:42:21,275 [3032a4bc-851b-4099-9ce6-a0f2caedf8e6@group-39ACCE41D6CB-LeaderElection68] INFO  grpc.GrpcConfigKeys$Server (ConfUtils.java:logGet(43)) - raft.grpc.server.leader.outstanding.appends.max = 128 (default)
2019-10-16 05:42:21,275 [3032a4bc-851b-4099-9ce6-a0f2caedf8e6@group-39ACCE41D6CB-LeaderElection68] INFO  server.RaftServerConfigKeys (ConfUtils.java:logGet(43)) - raft.server.rpc.request.timeout = 3000ms (default)
2019-10-16 05:42:21,275 [3032a4bc-851b-4099-9ce6-a0f2caedf8e6@group-39ACCE41D6CB-LeaderElection68] INFO  server.RaftServerConfigKeys (ConfUtils.java:logGet(43)) - raft.server.log.appender.install.snapshot.enabled = false (custom)
2019-10-16 05:42:21,278 [3032a4bc-851b-4099-9ce6-a0f2caedf8e6@group-39ACCE41D6CB-LeaderElection68] INFO  impl.RoleInfo (RoleInfo.java:updateAndGet(143)) - 3032a4bc-851b-4099-9ce6-a0f2caedf8e6: start LeaderState
2019-10-16 05:42:21,278 [3032a4bc-851b-4099-9ce6-a0f2caedf8e6@group-39ACCE41D6CB-LeaderElection68] INFO  segmented.SegmentedRaftLogWorker (SegmentedRaftLogWorker.java:startLogSegment(385)) - 3032a4bc-851b-4099-9ce6-a0f2caedf8e6@group-39ACCE41D6CB-SegmentedRaftLogWorker: Starting segment from index:0
2019-10-16 05:42:21,279 [3032a4bc-851b-4099-9ce6-a0f2caedf8e6@group-39ACCE41D6CB-LeaderElection68] INFO  impl.RaftServerImpl (ServerState.java:setRaftConf(357)) - 3032a4bc-851b-4099-9ce6-a0f2caedf8e6@group-39ACCE41D6CB: set configuration 0: [7a2a869d-5b21-4221-99f1-36371e590fe9:192.168.69.104:40701, 3b6ccc7f-fc72-450a-94fb-7a4617c5e7bc:192.168.69.104:46152, 3032a4bc-851b-4099-9ce6-a0f2caedf8e6:192.168.69.104:35946], old=null at 0
2019-10-16 05:42:21,312 [pool-203-thread-1] INFO  storage.RaftStorage (RaftStorage.java:format(84)) - Storage directory /workdir/hadoop-ozone/integration-test/target/test-dir/MiniOzoneClusterImpl-da60a4be-53b2-4b3d-9348-253d2842e1e4/datanode-5/data/ratis/b2f09162-f4a4-4180-b1cb-fa5f3d6117ee has been successfully formatted.
2019-10-16 05:42:21,312 [pool-203-thread-1] INFO  ratis.ContainerStateMachine (ContainerStateMachine.java:loadSnapshot(231)) - group-FA5F3D6117EE: The snapshot info is null. Setting the last applied indexto:(t:0, i:~)
2019-10-16 05:42:21,313 [pool-203-thread-1] INFO  server.RaftServerConfigKeys (ConfUtils.java:logGet(43)) - raft.server.notification.no-leader.timeout = 120s (custom)
2019-10-16 05:42:21,313 [pool-203-thread-1] INFO  server.RaftServerConfigKeys (ConfUtils.java:logGet(43)) - raft.server.log.use.memory = false (default)
2019-10-16 05:42:21,313 [pool-203-thread-1] INFO  server.RaftServerConfigKeys (ConfUtils.java:logGet(43)) - raft.server.log.purge.gap = 1000000 (custom)
2019-10-16 05:42:21,313 [pool-203-thread-1] INFO  server.RaftServerConfigKeys (ConfUtils.java:logGet(43)) - raft.server.log.appender.buffer.byte-limit = 33554432 (custom)
2019-10-16 05:42:21,313 [pool-203-thread-1] INFO  server.RaftServerConfigKeys (ConfUtils.java:logGet(43)) - raft.server.log.segment.size.max = 1048576 (custom)
2019-10-16 05:42:21,314 [grpc-default-executor-10] INFO  impl.RaftServerImpl (ServerState.java:setLeader(256)) - 3b6ccc7f-fc72-450a-94fb-7a4617c5e7bc@group-39ACCE41D6CB: change Leader from null to 3032a4bc-851b-4099-9ce6-a0f2caedf8e6 at term 4 for appendEntries, leader elected after 269ms
2019-10-16 05:42:21,314 [grpc-default-executor-7] INFO  impl.RaftServerImpl (ServerState.java:setLeader(256)) - 7a2a869d-5b21-4221-99f1-36371e590fe9@group-39ACCE41D6CB: change Leader from null to 3032a4bc-851b-4099-9ce6-a0f2caedf8e6 at term 4 for appendEntries, leader elected after 160ms
2019-10-16 05:42:21,316 [pool-203-thread-1] INFO  server.RaftServerConfigKeys (ConfUtils.java:logGet(43)) - raft.server.log.segment.cache.num.max = 2 (custom)
2019-10-16 05:42:21,316 [pool-203-thread-1] INFO  segmented.SegmentedRaftLogWorker (SegmentedRaftLogWorker.java:<init>(173)) - new 059e0156-43bf-4f6e-8295-5d3dc33502d0@group-FA5F3D6117EE-SegmentedRaftLogWorker for RaftStorage:Storage Directory /workdir/hadoop-ozone/integration-test/target/test-dir/MiniOzoneClusterImpl-da60a4be-53b2-4b3d-9348-253d2842e1e4/datanode-5/data/ratis/b2f09162-f4a4-4180-b1cb-fa5f3d6117ee
2019-10-16 05:42:21,316 [pool-203-thread-1] INFO  server.RaftServerConfigKeys (ConfUtils.java:logGet(43)) - raft.server.log.queue.byte-limit = 2147483647 (custom)
2019-10-16 05:42:21,316 [pool-203-thread-1] INFO  server.RaftServerConfigKeys (ConfUtils.java:logGet(43)) - raft.server.log.queue.element-limit = 1024 (custom)
2019-10-16 05:42:21,316 [pool-203-thread-1] INFO  server.RaftServerConfigKeys (ConfUtils.java:logGet(43)) - raft.server.log.segment.size.max = 1048576 (custom)
2019-10-16 05:42:21,317 [pool-203-thread-1] INFO  server.RaftServerConfigKeys (ConfUtils.java:logGet(43)) - raft.server.log.preallocated.size = 16384 (custom)
2019-10-16 05:42:21,317 [pool-203-thread-1] INFO  server.RaftServerConfigKeys (ConfUtils.java:logGet(43)) - raft.server.log.write.buffer.size = 33554432 (custom)
2019-10-16 05:42:21,317 [grpc-default-executor-7] INFO  impl.RaftServerImpl (ServerState.java:setRaftConf(357)) - 7a2a869d-5b21-4221-99f1-36371e590fe9@group-39ACCE41D6CB: set configuration 0: [7a2a869d-5b21-4221-99f1-36371e590fe9:192.168.69.104:40701, 3b6ccc7f-fc72-450a-94fb-7a4617c5e7bc:192.168.69.104:46152, 3032a4bc-851b-4099-9ce6-a0f2caedf8e6:192.168.69.104:35946], old=null at 0
2019-10-16 05:42:21,317 [grpc-default-executor-10] INFO  impl.RaftServerImpl (ServerState.java:setRaftConf(357)) - 3b6ccc7f-fc72-450a-94fb-7a4617c5e7bc@group-39ACCE41D6CB: set configuration 0: [7a2a869d-5b21-4221-99f1-36371e590fe9:192.168.69.104:40701, 3b6ccc7f-fc72-450a-94fb-7a4617c5e7bc:192.168.69.104:46152, 3032a4bc-851b-4099-9ce6-a0f2caedf8e6:192.168.69.104:35946], old=null at 0
2019-10-16 05:42:21,317 [pool-203-thread-1] INFO  server.RaftServerConfigKeys (ConfUtils.java:logGet(43)) - raft.server.log.force.sync.num = 128 (default)
2019-10-16 05:42:21,317 [grpc-default-executor-7] INFO  segmented.SegmentedRaftLogWorker (SegmentedRaftLogWorker.java:truncate(401)) - 7a2a869d-5b21-4221-99f1-36371e590fe9@group-39ACCE41D6CB-SegmentedRaftLogWorker: Truncating segments toTruncate: null
  toDelete: [(0, 0) isOpen? true, length=0, newEndIndex=-1], start index 0
2019-10-16 05:42:21,317 [grpc-default-executor-10] INFO  segmented.SegmentedRaftLogWorker (SegmentedRaftLogWorker.java:startLogSegment(385)) - 3b6ccc7f-fc72-450a-94fb-7a4617c5e7bc@group-39ACCE41D6CB-SegmentedRaftLogWorker: Starting segment from index:0
2019-10-16 05:42:21,317 [grpc-default-executor-7] INFO  segmented.SegmentedRaftLogWorker (SegmentedRaftLogWorker.java:startLogSegment(385)) - 7a2a869d-5b21-4221-99f1-36371e590fe9@group-39ACCE41D6CB-SegmentedRaftLogWorker: Starting segment from index:0
2019-10-16 05:42:21,317 [pool-203-thread-1] INFO  server.RaftServerConfigKeys (ConfUtils.java:logGet(43)) - raft.server.log.statemachine.data.sync = true (default)
2019-10-16 05:42:21,318 [7a2a869d-5b21-4221-99f1-36371e590fe9@group-39ACCE41D6CB-SegmentedRaftLogWorker] INFO  segmented.SegmentedRaftLogWorker (SegmentedRaftLogWorker.java:execute(640)) - 7a2a869d-5b21-4221-99f1-36371e590fe9@group-39ACCE41D6CB-SegmentedRaftLogWorker: Deleted log file /workdir/hadoop-ozone/integration-test/target/test-dir/MiniOzoneClusterImpl-da60a4be-53b2-4b3d-9348-253d2842e1e4/datanode-0/data/ratis/67bc400e-598b-4780-915b-39acce41d6cb/current/log_inprogress_0
2019-10-16 05:42:21,318 [pool-203-thread-1] INFO  server.RaftServerConfigKeys (ConfUtils.java:logGet(43)) - raft.server.log.statemachine.data.sync.timeout = 10s (default)
2019-10-16 05:42:21,318 [7a2a869d-5b21-4221-99f1-36371e590fe9@group-39ACCE41D6CB-SegmentedRaftLogWorker] INFO  segmented.SegmentedRaftLogWorker (SegmentedRaftLogWorker.java:lambda$new$0(128)) - 7a2a869d-5b21-4221-99f1-36371e590fe9@group-39ACCE41D6CB-SegmentedRaftLogWorker: flushIndex: setUnconditionally 0 -> -1
2019-10-16 05:42:21,318 [pool-203-thread-1] INFO  server.RaftServerConfigKeys (ConfUtils.java:logGet(43)) - raft.server.log.statemachine.data.sync.timeout.retry = -1 (default)
2019-10-16 05:42:21,319 [pool-203-thread-1] INFO  server.RaftServerConfigKeys (ConfUtils.java:logGet(43)) - raft.server.log.statemachine.data.caching.enabled = true (custom)
2019-10-16 05:42:21,319 [pool-203-thread-1] INFO  segmented.SegmentedRaftLogWorker (SegmentedRaftLogWorker.java:lambda$new$0(128)) - 059e0156-43bf-4f6e-8295-5d3dc33502d0@group-FA5F3D6117EE-SegmentedRaftLogWorker: flushIndex: setUnconditionally 0 -> -1
2019-10-16 05:42:21,320 [pool-203-thread-1] INFO  server.RaftServerConfigKeys (ConfUtils.java:logGet(43)) - raft.server.snapshot.auto.trigger.enabled = true (custom)
2019-10-16 05:42:21,320 [pool-203-thread-1] INFO  server.RaftServerConfigKeys (ConfUtils.java:logGet(43)) - raft.server.snapshot.auto.trigger.threshold = 10000 (custom)
2019-10-16 05:42:21,320 [pool-203-thread-1] INFO  server.RaftServerConfigKeys (ConfUtils.java:logGet(43)) - raft.server.snapshot.retention.file.num = 5 (custom)
2019-10-16 05:42:21,320 [pool-203-thread-1] INFO  server.RaftServerConfigKeys (ConfUtils.java:logGet(43)) - raft.server.retrycache.expirytime = 600000ms (custom)
2019-10-16 05:42:21,323 [pool-203-thread-1] INFO  impl.RaftServerImpl (RaftServerImpl.java:start(195)) - 059e0156-43bf-4f6e-8295-5d3dc33502d0@group-FA5F3D6117EE: start as a follower, conf=-1: [059e0156-43bf-4f6e-8295-5d3dc33502d0:192.168.69.104:35178], old=null
2019-10-16 05:42:21,324 [pool-203-thread-1] INFO  impl.RaftServerImpl (RaftServerImpl.java:setRole(184)) - 059e0156-43bf-4f6e-8295-5d3dc33502d0@group-FA5F3D6117EE: changes role from      null to FOLLOWER at term 0 for startAsFollower
2019-10-16 05:42:21,324 [pool-203-thread-1] INFO  impl.RoleInfo (RoleInfo.java:updateAndGet(143)) - 059e0156-43bf-4f6e-8295-5d3dc33502d0: start FollowerState
2019-10-16 05:42:21,324 [pool-203-thread-1] INFO  util.JmxRegister (JmxRegister.java:tryRegister(44)) - Successfully registered JMX Bean with object name Ratis:service=RaftServer,group=group-FA5F3D6117EE,id=059e0156-43bf-4f6e-8295-5d3dc33502d0
2019-10-16 05:42:21,324 [3032a4bc-851b-4099-9ce6-a0f2caedf8e6@group-39ACCE41D6CB-SegmentedRaftLogWorker] INFO  segmented.SegmentedRaftLogWorker (SegmentedRaftLogWorker.java:execute(576)) - 3032a4bc-851b-4099-9ce6-a0f2caedf8e6@group-39ACCE41D6CB-SegmentedRaftLogWorker: created new log segment /workdir/hadoop-ozone/integration-test/target/test-dir/MiniOzoneClusterImpl-da60a4be-53b2-4b3d-9348-253d2842e1e4/datanode-2/data/ratis/67bc400e-598b-4780-915b-39acce41d6cb/current/log_inprogress_0
2019-10-16 05:42:21,329 [RatisPipelineUtilsThread] INFO  pipeline.PipelineStateManager (PipelineStateManager.java:addPipeline(56)) - Created pipeline Pipeline[ Id: b2f09162-f4a4-4180-b1cb-fa5f3d6117ee, Nodes: 059e0156-43bf-4f6e-8295-5d3dc33502d0{ip: 192.168.69.104, host: pr-hdds-2312-q6qzp-1535798719, networkLocation: /default-rack, certSerialId: null}, Type:RATIS, Factor:ONE, State:OPEN]
2019-10-16 05:42:21,367 [Thread-1756] INFO  impl.FollowerState (FollowerState.java:run(108)) - 2450c03a-3fc4-4268-b47d-cfd48db35b18@group-7B6DD9232CAC-FollowerState: change to CANDIDATE, lastRpcTime:127ms, electionTimeout:114ms
2019-10-16 05:42:21,367 [Thread-1737] INFO  impl.FollowerState (FollowerState.java:run(108)) - e414d63a-fd4b-43a7-bf4d-c8b49f4c8716@group-27B393925771-FollowerState: change to CANDIDATE, lastRpcTime:220ms, electionTimeout:197ms
2019-10-16 05:42:21,367 [Thread-1756] INFO  impl.RoleInfo (RoleInfo.java:shutdownFollowerState(121)) - 2450c03a-3fc4-4268-b47d-cfd48db35b18: shutdown FollowerState
2019-10-16 05:42:21,367 [Thread-1737] INFO  impl.RoleInfo (RoleInfo.java:shutdownFollowerState(121)) - e414d63a-fd4b-43a7-bf4d-c8b49f4c8716: shutdown FollowerState
2019-10-16 05:42:21,367 [Thread-1756] INFO  impl.RaftServerImpl (RaftServerImpl.java:setRole(184)) - 2450c03a-3fc4-4268-b47d-cfd48db35b18@group-7B6DD9232CAC: changes role from  FOLLOWER to CANDIDATE at term 0 for changeToCandidate
2019-10-16 05:42:21,368 [Thread-1737] INFO  impl.RaftServerImpl (RaftServerImpl.java:setRole(184)) - e414d63a-fd4b-43a7-bf4d-c8b49f4c8716@group-27B393925771: changes role from  FOLLOWER to CANDIDATE at term 0 for changeToCandidate
2019-10-16 05:42:21,368 [Thread-1756] INFO  impl.RoleInfo (RoleInfo.java:updateAndGet(143)) - 2450c03a-3fc4-4268-b47d-cfd48db35b18: start LeaderElection
2019-10-16 05:42:21,368 [Thread-1737] INFO  impl.RoleInfo (RoleInfo.java:updateAndGet(143)) - e414d63a-fd4b-43a7-bf4d-c8b49f4c8716: start LeaderElection
2019-10-16 05:42:21,382 [grpc-default-executor-10] INFO  impl.RaftServerProxy (RaftServerProxy.java:addNew(89)) - e414d63a-fd4b-43a7-bf4d-c8b49f4c8716: addNew group-28296F217838:[059e0156-43bf-4f6e-8295-5d3dc33502d0:192.168.69.104:35178, e414d63a-fd4b-43a7-bf4d-c8b49f4c8716:192.168.69.104:34794, 2450c03a-3fc4-4268-b47d-cfd48db35b18:192.168.69.104:40062] returns group-28296F217838:java.util.concurrent.CompletableFuture@640e64d8[Not completed]
2019-10-16 05:42:21,382 [grpc-default-executor-5] INFO  impl.RaftServerProxy (RaftServerProxy.java:addNew(89)) - 2450c03a-3fc4-4268-b47d-cfd48db35b18: addNew group-28296F217838:[059e0156-43bf-4f6e-8295-5d3dc33502d0:192.168.69.104:35178, e414d63a-fd4b-43a7-bf4d-c8b49f4c8716:192.168.69.104:34794, 2450c03a-3fc4-4268-b47d-cfd48db35b18:192.168.69.104:40062] returns group-28296F217838:java.util.concurrent.CompletableFuture@643df977[Not completed]
2019-10-16 05:42:21,382 [grpc-default-executor-7] INFO  impl.RaftServerProxy (RaftServerProxy.java:addNew(89)) - 059e0156-43bf-4f6e-8295-5d3dc33502d0: addNew group-28296F217838:[059e0156-43bf-4f6e-8295-5d3dc33502d0:192.168.69.104:35178, e414d63a-fd4b-43a7-bf4d-c8b49f4c8716:192.168.69.104:34794, 2450c03a-3fc4-4268-b47d-cfd48db35b18:192.168.69.104:40062] returns group-28296F217838:java.util.concurrent.CompletableFuture@5231c98e[Not completed]
2019-10-16 05:42:21,384 [pool-193-thread-1] INFO  impl.RaftServerImpl (RaftServerImpl.java:<init>(104)) - 2450c03a-3fc4-4268-b47d-cfd48db35b18: new RaftServerImpl for group-28296F217838:[059e0156-43bf-4f6e-8295-5d3dc33502d0:192.168.69.104:35178, e414d63a-fd4b-43a7-bf4d-c8b49f4c8716:192.168.69.104:34794, 2450c03a-3fc4-4268-b47d-cfd48db35b18:192.168.69.104:40062] with ContainerStateMachine:uninitialized
2019-10-16 05:42:21,384 [pool-193-thread-1] INFO  server.RaftServerConfigKeys (ConfUtils.java:logGet(43)) - raft.server.rpc.timeout.min = 1s (custom)
2019-10-16 05:42:21,384 [pool-193-thread-1] INFO  server.RaftServerConfigKeys (ConfUtils.java:logGet(43)) - raft.server.rpc.timeout.max = 1200ms (custom)
2019-10-16 05:42:21,384 [pool-193-thread-1] INFO  server.RaftServerConfigKeys (ConfUtils.java:logGet(43)) - raft.server.rpcslowness.timeout = 120s (custom)
2019-10-16 05:42:21,384 [pool-193-thread-1] INFO  server.RaftServerConfigKeys (ConfUtils.java:logGet(43)) - raft.server.sleep.deviation.threshold = 300 (default)
2019-10-16 05:42:21,384 [pool-193-thread-1] INFO  server.RaftServerConfigKeys (ConfUtils.java:logGet(43)) - raft.server.log.appender.install.snapshot.enabled = false (custom)
2019-10-16 05:42:21,384 [pool-193-thread-1] INFO  impl.RaftServerImpl (ServerState.java:<init>(103)) - 2450c03a-3fc4-4268-b47d-cfd48db35b18@group-28296F217838: ConfigurationManager, init=-1: [059e0156-43bf-4f6e-8295-5d3dc33502d0:192.168.69.104:35178, e414d63a-fd4b-43a7-bf4d-c8b49f4c8716:192.168.69.104:34794, 2450c03a-3fc4-4268-b47d-cfd48db35b18:192.168.69.104:40062], old=null, confs=<EMPTY_MAP>
2019-10-16 05:42:21,384 [pool-193-thread-1] INFO  server.RaftServerConfigKeys (ConfUtils.java:logGet(43)) - raft.server.storage.dir = [/workdir/hadoop-ozone/integration-test/target/test-dir/MiniOzoneClusterImpl-da60a4be-53b2-4b3d-9348-253d2842e1e4/datanode-4/data/ratis] (custom)
2019-10-16 05:42:21,385 [pool-193-thread-1] INFO  server.RaftServerConfigKeys (ConfUtils.java:logGet(43)) - raft.server.log.corruption.policy = EXCEPTION (default)
2019-10-16 05:42:21,385 [pool-203-thread-1] INFO  impl.RaftServerImpl (RaftServerImpl.java:<init>(104)) - 059e0156-43bf-4f6e-8295-5d3dc33502d0: new RaftServerImpl for group-28296F217838:[059e0156-43bf-4f6e-8295-5d3dc33502d0:192.168.69.104:35178, e414d63a-fd4b-43a7-bf4d-c8b49f4c8716:192.168.69.104:34794, 2450c03a-3fc4-4268-b47d-cfd48db35b18:192.168.69.104:40062] with ContainerStateMachine:uninitialized
2019-10-16 05:42:21,385 [pool-193-thread-1] INFO  storage.RaftStorageDirectory (RaftStorageDirectory.java:analyzeStorage(246)) - The storage directory /workdir/hadoop-ozone/integration-test/target/test-dir/MiniOzoneClusterImpl-da60a4be-53b2-4b3d-9348-253d2842e1e4/datanode-4/data/ratis/f3b09cde-754b-4fc3-8542-28296f217838 does not exist. Creating ...
2019-10-16 05:42:21,385 [pool-203-thread-1] INFO  server.RaftServerConfigKeys (ConfUtils.java:logGet(43)) - raft.server.rpc.timeout.min = 1s (custom)
2019-10-16 05:42:21,385 [pool-183-thread-1] INFO  impl.RaftServerImpl (RaftServerImpl.java:<init>(104)) - e414d63a-fd4b-43a7-bf4d-c8b49f4c8716: new RaftServerImpl for group-28296F217838:[059e0156-43bf-4f6e-8295-5d3dc33502d0:192.168.69.104:35178, e414d63a-fd4b-43a7-bf4d-c8b49f4c8716:192.168.69.104:34794, 2450c03a-3fc4-4268-b47d-cfd48db35b18:192.168.69.104:40062] with ContainerStateMachine:uninitialized
2019-10-16 05:42:21,385 [pool-203-thread-1] INFO  server.RaftServerConfigKeys (ConfUtils.java:logGet(43)) - raft.server.rpc.timeout.max = 1200ms (custom)
2019-10-16 05:42:21,385 [pool-183-thread-1] INFO  server.RaftServerConfigKeys (ConfUtils.java:logGet(43)) - raft.server.rpc.timeout.min = 1s (custom)
2019-10-16 05:42:21,385 [pool-203-thread-1] INFO  server.RaftServerConfigKeys (ConfUtils.java:logGet(43)) - raft.server.rpcslowness.timeout = 120s (custom)
2019-10-16 05:42:21,385 [pool-183-thread-1] INFO  server.RaftServerConfigKeys (ConfUtils.java:logGet(43)) - raft.server.rpc.timeout.max = 1200ms (custom)
2019-10-16 05:42:21,386 [pool-203-thread-1] INFO  server.RaftServerConfigKeys (ConfUtils.java:logGet(43)) - raft.server.sleep.deviation.threshold = 300 (default)
2019-10-16 05:42:21,386 [pool-183-thread-1] INFO  server.RaftServerConfigKeys (ConfUtils.java:logGet(43)) - raft.server.rpcslowness.timeout = 120s (custom)
2019-10-16 05:42:21,386 [pool-203-thread-1] INFO  server.RaftServerConfigKeys (ConfUtils.java:logGet(43)) - raft.server.log.appender.install.snapshot.enabled = false (custom)
2019-10-16 05:42:21,386 [pool-183-thread-1] INFO  server.RaftServerConfigKeys (ConfUtils.java:logGet(43)) - raft.server.sleep.deviation.threshold = 300 (default)
2019-10-16 05:42:21,386 [pool-183-thread-1] INFO  server.RaftServerConfigKeys (ConfUtils.java:logGet(43)) - raft.server.log.appender.install.snapshot.enabled = false (custom)
2019-10-16 05:42:21,386 [pool-203-thread-1] INFO  impl.RaftServerImpl (ServerState.java:<init>(103)) - 059e0156-43bf-4f6e-8295-5d3dc33502d0@group-28296F217838: ConfigurationManager, init=-1: [059e0156-43bf-4f6e-8295-5d3dc33502d0:192.168.69.104:35178, e414d63a-fd4b-43a7-bf4d-c8b49f4c8716:192.168.69.104:34794, 2450c03a-3fc4-4268-b47d-cfd48db35b18:192.168.69.104:40062], old=null, confs=<EMPTY_MAP>
2019-10-16 05:42:21,386 [pool-183-thread-1] INFO  impl.RaftServerImpl (ServerState.java:<init>(103)) - e414d63a-fd4b-43a7-bf4d-c8b49f4c8716@group-28296F217838: ConfigurationManager, init=-1: [059e0156-43bf-4f6e-8295-5d3dc33502d0:192.168.69.104:35178, e414d63a-fd4b-43a7-bf4d-c8b49f4c8716:192.168.69.104:34794, 2450c03a-3fc4-4268-b47d-cfd48db35b18:192.168.69.104:40062], old=null, confs=<EMPTY_MAP>
2019-10-16 05:42:21,386 [pool-203-thread-1] INFO  server.RaftServerConfigKeys (ConfUtils.java:logGet(43)) - raft.server.storage.dir = [/workdir/hadoop-ozone/integration-test/target/test-dir/MiniOzoneClusterImpl-da60a4be-53b2-4b3d-9348-253d2842e1e4/datanode-5/data/ratis] (custom)
2019-10-16 05:42:21,386 [pool-183-thread-1] INFO  server.RaftServerConfigKeys (ConfUtils.java:logGet(43)) - raft.server.storage.dir = [/workdir/hadoop-ozone/integration-test/target/test-dir/MiniOzoneClusterImpl-da60a4be-53b2-4b3d-9348-253d2842e1e4/datanode-3/data/ratis] (custom)
2019-10-16 05:42:21,387 [pool-183-thread-1] INFO  server.RaftServerConfigKeys (ConfUtils.java:logGet(43)) - raft.server.log.corruption.policy = EXCEPTION (default)
2019-10-16 05:42:21,387 [pool-203-thread-1] INFO  server.RaftServerConfigKeys (ConfUtils.java:logGet(43)) - raft.server.log.corruption.policy = EXCEPTION (default)
2019-10-16 05:42:21,387 [pool-183-thread-1] INFO  storage.RaftStorageDirectory (RaftStorageDirectory.java:analyzeStorage(246)) - The storage directory /workdir/hadoop-ozone/integration-test/target/test-dir/MiniOzoneClusterImpl-da60a4be-53b2-4b3d-9348-253d2842e1e4/datanode-3/data/ratis/f3b09cde-754b-4fc3-8542-28296f217838 does not exist. Creating ...
2019-10-16 05:42:21,387 [pool-203-thread-1] INFO  storage.RaftStorageDirectory (RaftStorageDirectory.java:analyzeStorage(246)) - The storage directory /workdir/hadoop-ozone/integration-test/target/test-dir/MiniOzoneClusterImpl-da60a4be-53b2-4b3d-9348-253d2842e1e4/datanode-5/data/ratis/f3b09cde-754b-4fc3-8542-28296f217838 does not exist. Creating ...
2019-10-16 05:42:21,400 [3b6ccc7f-fc72-450a-94fb-7a4617c5e7bc@group-39ACCE41D6CB-SegmentedRaftLogWorker] INFO  segmented.SegmentedRaftLogWorker (SegmentedRaftLogWorker.java:execute(576)) - 3b6ccc7f-fc72-450a-94fb-7a4617c5e7bc@group-39ACCE41D6CB-SegmentedRaftLogWorker: created new log segment /workdir/hadoop-ozone/integration-test/target/test-dir/MiniOzoneClusterImpl-da60a4be-53b2-4b3d-9348-253d2842e1e4/datanode-1/data/ratis/67bc400e-598b-4780-915b-39acce41d6cb/current/log_inprogress_0
2019-10-16 05:42:21,400 [7a2a869d-5b21-4221-99f1-36371e590fe9@group-39ACCE41D6CB-SegmentedRaftLogWorker] INFO  segmented.SegmentedRaftLogWorker (SegmentedRaftLogWorker.java:execute(576)) - 7a2a869d-5b21-4221-99f1-36371e590fe9@group-39ACCE41D6CB-SegmentedRaftLogWorker: created new log segment /workdir/hadoop-ozone/integration-test/target/test-dir/MiniOzoneClusterImpl-da60a4be-53b2-4b3d-9348-253d2842e1e4/datanode-0/data/ratis/67bc400e-598b-4780-915b-39acce41d6cb/current/log_inprogress_0
2019-10-16 05:42:21,401 [2450c03a-3fc4-4268-b47d-cfd48db35b18@group-7B6DD9232CAC-LeaderElection69] INFO  impl.LeaderElection (LeaderElection.java:askForVotes(178)) - 2450c03a-3fc4-4268-b47d-cfd48db35b18@group-7B6DD9232CAC-LeaderElection69: begin an election at term 1 for -1: [2450c03a-3fc4-4268-b47d-cfd48db35b18:192.168.69.104:40062], old=null
2019-10-16 05:42:21,401 [e414d63a-fd4b-43a7-bf4d-c8b49f4c8716@group-27B393925771-LeaderElection70] INFO  impl.LeaderElection (LeaderElection.java:askForVotes(178)) - e414d63a-fd4b-43a7-bf4d-c8b49f4c8716@group-27B393925771-LeaderElection70: begin an election at term 1 for -1: [e414d63a-fd4b-43a7-bf4d-c8b49f4c8716:192.168.69.104:34794], old=null
2019-10-16 05:42:21,401 [2450c03a-3fc4-4268-b47d-cfd48db35b18@group-7B6DD9232CAC-LeaderElection69] INFO  impl.RoleInfo (RoleInfo.java:shutdownLeaderElection(134)) - 2450c03a-3fc4-4268-b47d-cfd48db35b18: shutdown LeaderElection
2019-10-16 05:42:21,401 [e414d63a-fd4b-43a7-bf4d-c8b49f4c8716@group-27B393925771-LeaderElection70] INFO  impl.RoleInfo (RoleInfo.java:shutdownLeaderElection(134)) - e414d63a-fd4b-43a7-bf4d-c8b49f4c8716: shutdown LeaderElection
2019-10-16 05:42:21,401 [2450c03a-3fc4-4268-b47d-cfd48db35b18@group-7B6DD9232CAC-LeaderElection69] INFO  impl.RaftServerImpl (RaftServerImpl.java:setRole(184)) - 2450c03a-3fc4-4268-b47d-cfd48db35b18@group-7B6DD9232CAC: changes role from CANDIDATE to LEADER at term 1 for changeToLeader
2019-10-16 05:42:21,401 [e414d63a-fd4b-43a7-bf4d-c8b49f4c8716@group-27B393925771-LeaderElection70] INFO  impl.RaftServerImpl (RaftServerImpl.java:setRole(184)) - e414d63a-fd4b-43a7-bf4d-c8b49f4c8716@group-27B393925771: changes role from CANDIDATE to LEADER at term 1 for changeToLeader
2019-10-16 05:42:21,401 [2450c03a-3fc4-4268-b47d-cfd48db35b18@group-7B6DD9232CAC-LeaderElection69] INFO  impl.RaftServerImpl (ServerState.java:setLeader(256)) - 2450c03a-3fc4-4268-b47d-cfd48db35b18@group-7B6DD9232CAC: change Leader from null to 2450c03a-3fc4-4268-b47d-cfd48db35b18 at term 1 for becomeLeader, leader elected after 174ms
2019-10-16 05:42:21,401 [e414d63a-fd4b-43a7-bf4d-c8b49f4c8716@group-27B393925771-LeaderElection70] INFO  impl.RaftServerImpl (ServerState.java:setLeader(256)) - e414d63a-fd4b-43a7-bf4d-c8b49f4c8716@group-27B393925771: change Leader from null to e414d63a-fd4b-43a7-bf4d-c8b49f4c8716 at term 1 for becomeLeader, leader elected after 265ms
2019-10-16 05:42:21,401 [2450c03a-3fc4-4268-b47d-cfd48db35b18@group-7B6DD9232CAC-LeaderElection69] INFO  server.RaftServerConfigKeys (ConfUtils.java:logGet(43)) - raft.server.staging.catchup.gap = 1000 (default)
2019-10-16 05:42:21,402 [e414d63a-fd4b-43a7-bf4d-c8b49f4c8716@group-27B393925771-LeaderElection70] INFO  server.RaftServerConfigKeys (ConfUtils.java:logGet(43)) - raft.server.staging.catchup.gap = 1000 (default)
2019-10-16 05:42:21,402 [2450c03a-3fc4-4268-b47d-cfd48db35b18@group-7B6DD9232CAC-LeaderElection69] INFO  server.RaftServerConfigKeys (ConfUtils.java:logGet(43)) - raft.server.rpc.sleep.time = 25ms (default)
2019-10-16 05:42:21,402 [e414d63a-fd4b-43a7-bf4d-c8b49f4c8716@group-27B393925771-LeaderElection70] INFO  server.RaftServerConfigKeys (ConfUtils.java:logGet(43)) - raft.server.rpc.sleep.time = 25ms (default)
2019-10-16 05:42:21,402 [2450c03a-3fc4-4268-b47d-cfd48db35b18@group-7B6DD9232CAC-LeaderElection69] INFO  server.RaftServerConfigKeys (ConfUtils.java:logGet(43)) - raft.server.write.element-limit = 4096 (default)
2019-10-16 05:42:21,402 [e414d63a-fd4b-43a7-bf4d-c8b49f4c8716@group-27B393925771-LeaderElection70] INFO  server.RaftServerConfigKeys (ConfUtils.java:logGet(43)) - raft.server.write.element-limit = 4096 (default)
2019-10-16 05:42:21,402 [2450c03a-3fc4-4268-b47d-cfd48db35b18@group-7B6DD9232CAC-LeaderElection69] INFO  server.RaftServerConfigKeys (ConfUtils.java:logGet(43)) - raft.server.watch.timeout = 10s (default)
2019-10-16 05:42:21,402 [e414d63a-fd4b-43a7-bf4d-c8b49f4c8716@group-27B393925771-LeaderElection70] INFO  server.RaftServerConfigKeys (ConfUtils.java:logGet(43)) - raft.server.watch.timeout = 10s (default)
2019-10-16 05:42:21,402 [2450c03a-3fc4-4268-b47d-cfd48db35b18@group-7B6DD9232CAC-LeaderElection69] INFO  server.RaftServerConfigKeys (ConfUtils.java:logGet(43)) - raft.server.watch.timeout.denomination = 1s (default)
2019-10-16 05:42:21,402 [e414d63a-fd4b-43a7-bf4d-c8b49f4c8716@group-27B393925771-LeaderElection70] INFO  server.RaftServerConfigKeys (ConfUtils.java:logGet(43)) - raft.server.watch.timeout.denomination = 1s (default)
2019-10-16 05:42:21,402 [2450c03a-3fc4-4268-b47d-cfd48db35b18@group-7B6DD9232CAC-LeaderElection69] INFO  server.RaftServerConfigKeys (ConfUtils.java:logGet(43)) - raft.server.watch.element-limit = 65536 (default)
2019-10-16 05:42:21,402 [e414d63a-fd4b-43a7-bf4d-c8b49f4c8716@group-27B393925771-LeaderElection70] INFO  server.RaftServerConfigKeys (ConfUtils.java:logGet(43)) - raft.server.watch.element-limit = 65536 (default)
2019-10-16 05:42:21,404 [pool-183-thread-1] INFO  storage.RaftStorageDirectory (RaftStorageDirectory.java:tryLock(328)) - Lock on /workdir/hadoop-ozone/integration-test/target/test-dir/MiniOzoneClusterImpl-da60a4be-53b2-4b3d-9348-253d2842e1e4/datanode-3/data/ratis/f3b09cde-754b-4fc3-8542-28296f217838/in_use.lock acquired by nodename 13104@pr-hdds-2312-q6qzp-1535798719
2019-10-16 05:42:21,404 [pool-203-thread-1] INFO  storage.RaftStorageDirectory (RaftStorageDirectory.java:tryLock(328)) - Lock on /workdir/hadoop-ozone/integration-test/target/test-dir/MiniOzoneClusterImpl-da60a4be-53b2-4b3d-9348-253d2842e1e4/datanode-5/data/ratis/f3b09cde-754b-4fc3-8542-28296f217838/in_use.lock acquired by nodename 13104@pr-hdds-2312-q6qzp-1535798719
2019-10-16 05:42:21,404 [pool-193-thread-1] INFO  storage.RaftStorageDirectory (RaftStorageDirectory.java:tryLock(328)) - Lock on /workdir/hadoop-ozone/integration-test/target/test-dir/MiniOzoneClusterImpl-da60a4be-53b2-4b3d-9348-253d2842e1e4/datanode-4/data/ratis/f3b09cde-754b-4fc3-8542-28296f217838/in_use.lock acquired by nodename 13104@pr-hdds-2312-q6qzp-1535798719
2019-10-16 05:42:21,405 [2450c03a-3fc4-4268-b47d-cfd48db35b18@group-7B6DD9232CAC-LeaderElection69] INFO  impl.RoleInfo (RoleInfo.java:updateAndGet(143)) - 2450c03a-3fc4-4268-b47d-cfd48db35b18: start LeaderState
2019-10-16 05:42:21,405 [e414d63a-fd4b-43a7-bf4d-c8b49f4c8716@group-27B393925771-LeaderElection70] INFO  impl.RoleInfo (RoleInfo.java:updateAndGet(143)) - e414d63a-fd4b-43a7-bf4d-c8b49f4c8716: start LeaderState
2019-10-16 05:42:21,405 [2450c03a-3fc4-4268-b47d-cfd48db35b18@group-7B6DD9232CAC-LeaderElection69] INFO  segmented.SegmentedRaftLogWorker (SegmentedRaftLogWorker.java:startLogSegment(385)) - 2450c03a-3fc4-4268-b47d-cfd48db35b18@group-7B6DD9232CAC-SegmentedRaftLogWorker: Starting segment from index:0
2019-10-16 05:42:21,405 [e414d63a-fd4b-43a7-bf4d-c8b49f4c8716@group-27B393925771-LeaderElection70] INFO  segmented.SegmentedRaftLogWorker (SegmentedRaftLogWorker.java:startLogSegment(385)) - e414d63a-fd4b-43a7-bf4d-c8b49f4c8716@group-27B393925771-SegmentedRaftLogWorker: Starting segment from index:0
2019-10-16 05:42:21,406 [2450c03a-3fc4-4268-b47d-cfd48db35b18@group-7B6DD9232CAC-LeaderElection69] INFO  impl.RaftServerImpl (ServerState.java:setRaftConf(357)) - 2450c03a-3fc4-4268-b47d-cfd48db35b18@group-7B6DD9232CAC: set configuration 0: [2450c03a-3fc4-4268-b47d-cfd48db35b18:192.168.69.104:40062], old=null at 0
2019-10-16 05:42:21,406 [e414d63a-fd4b-43a7-bf4d-c8b49f4c8716@group-27B393925771-LeaderElection70] INFO  impl.RaftServerImpl (ServerState.java:setRaftConf(357)) - e414d63a-fd4b-43a7-bf4d-c8b49f4c8716@group-27B393925771: set configuration 0: [e414d63a-fd4b-43a7-bf4d-c8b49f4c8716:192.168.69.104:34794], old=null at 0
2019-10-16 05:42:21,418 [pool-193-thread-1] INFO  storage.RaftStorage (RaftStorage.java:format(84)) - Storage directory /workdir/hadoop-ozone/integration-test/target/test-dir/MiniOzoneClusterImpl-da60a4be-53b2-4b3d-9348-253d2842e1e4/datanode-4/data/ratis/f3b09cde-754b-4fc3-8542-28296f217838 has been successfully formatted.
2019-10-16 05:42:21,418 [pool-183-thread-1] INFO  storage.RaftStorage (RaftStorage.java:format(84)) - Storage directory /workdir/hadoop-ozone/integration-test/target/test-dir/MiniOzoneClusterImpl-da60a4be-53b2-4b3d-9348-253d2842e1e4/datanode-3/data/ratis/f3b09cde-754b-4fc3-8542-28296f217838 has been successfully formatted.
2019-10-16 05:42:21,418 [pool-203-thread-1] INFO  storage.RaftStorage (RaftStorage.java:format(84)) - Storage directory /workdir/hadoop-ozone/integration-test/target/test-dir/MiniOzoneClusterImpl-da60a4be-53b2-4b3d-9348-253d2842e1e4/datanode-5/data/ratis/f3b09cde-754b-4fc3-8542-28296f217838 has been successfully formatted.
2019-10-16 05:42:21,418 [pool-193-thread-1] INFO  ratis.ContainerStateMachine (ContainerStateMachine.java:loadSnapshot(231)) - group-28296F217838: The snapshot info is null. Setting the last applied indexto:(t:0, i:~)
2019-10-16 05:42:21,418 [pool-183-thread-1] INFO  ratis.ContainerStateMachine (ContainerStateMachine.java:loadSnapshot(231)) - group-28296F217838: The snapshot info is null. Setting the last applied indexto:(t:0, i:~)
2019-10-16 05:42:21,418 [pool-203-thread-1] INFO  ratis.ContainerStateMachine (ContainerStateMachine.java:loadSnapshot(231)) - group-28296F217838: The snapshot info is null. Setting the last applied indexto:(t:0, i:~)
2019-10-16 05:42:21,418 [pool-193-thread-1] INFO  server.RaftServerConfigKeys (ConfUtils.java:logGet(43)) - raft.server.notification.no-leader.timeout = 120s (custom)
2019-10-16 05:42:21,418 [pool-203-thread-1] INFO  server.RaftServerConfigKeys (ConfUtils.java:logGet(43)) - raft.server.notification.no-leader.timeout = 120s (custom)
2019-10-16 05:42:21,418 [pool-183-thread-1] INFO  server.RaftServerConfigKeys (ConfUtils.java:logGet(43)) - raft.server.notification.no-leader.timeout = 120s (custom)
2019-10-16 05:42:21,418 [pool-203-thread-1] INFO  server.RaftServerConfigKeys (ConfUtils.java:logGet(43)) - raft.server.log.use.memory = false (default)
2019-10-16 05:42:21,418 [pool-193-thread-1] INFO  server.RaftServerConfigKeys (ConfUtils.java:logGet(43)) - raft.server.log.use.memory = false (default)
2019-10-16 05:42:21,419 [pool-203-thread-1] INFO  server.RaftServerConfigKeys (ConfUtils.java:logGet(43)) - raft.server.log.purge.gap = 1000000 (custom)
2019-10-16 05:42:21,419 [pool-183-thread-1] INFO  server.RaftServerConfigKeys (ConfUtils.java:logGet(43)) - raft.server.log.use.memory = false (default)
2019-10-16 05:42:21,419 [pool-203-thread-1] INFO  server.RaftServerConfigKeys (ConfUtils.java:logGet(43)) - raft.server.log.appender.buffer.byte-limit = 33554432 (custom)
2019-10-16 05:42:21,419 [pool-193-thread-1] INFO  server.RaftServerConfigKeys (ConfUtils.java:logGet(43)) - raft.server.log.purge.gap = 1000000 (custom)
2019-10-16 05:42:21,419 [pool-203-thread-1] INFO  server.RaftServerConfigKeys (ConfUtils.java:logGet(43)) - raft.server.log.segment.size.max = 1048576 (custom)
2019-10-16 05:42:21,419 [pool-183-thread-1] INFO  server.RaftServerConfigKeys (ConfUtils.java:logGet(43)) - raft.server.log.purge.gap = 1000000 (custom)
2019-10-16 05:42:21,419 [pool-203-thread-1] INFO  server.RaftServerConfigKeys (ConfUtils.java:logGet(43)) - raft.server.log.segment.cache.num.max = 2 (custom)
2019-10-16 05:42:21,419 [pool-193-thread-1] INFO  server.RaftServerConfigKeys (ConfUtils.java:logGet(43)) - raft.server.log.appender.buffer.byte-limit = 33554432 (custom)
2019-10-16 05:42:21,420 [pool-203-thread-1] INFO  segmented.SegmentedRaftLogWorker (SegmentedRaftLogWorker.java:<init>(173)) - new 059e0156-43bf-4f6e-8295-5d3dc33502d0@group-28296F217838-SegmentedRaftLogWorker for RaftStorage:Storage Directory /workdir/hadoop-ozone/integration-test/target/test-dir/MiniOzoneClusterImpl-da60a4be-53b2-4b3d-9348-253d2842e1e4/datanode-5/data/ratis/f3b09cde-754b-4fc3-8542-28296f217838
2019-10-16 05:42:21,419 [pool-183-thread-1] INFO  server.RaftServerConfigKeys (ConfUtils.java:logGet(43)) - raft.server.log.appender.buffer.byte-limit = 33554432 (custom)
2019-10-16 05:42:21,420 [pool-203-thread-1] INFO  server.RaftServerConfigKeys (ConfUtils.java:logGet(43)) - raft.server.log.queue.byte-limit = 2147483647 (custom)
2019-10-16 05:42:21,420 [pool-193-thread-1] INFO  server.RaftServerConfigKeys (ConfUtils.java:logGet(43)) - raft.server.log.segment.size.max = 1048576 (custom)
2019-10-16 05:42:21,420 [pool-203-thread-1] INFO  server.RaftServerConfigKeys (ConfUtils.java:logGet(43)) - raft.server.log.queue.element-limit = 1024 (custom)
2019-10-16 05:42:21,420 [pool-183-thread-1] INFO  server.RaftServerConfigKeys (ConfUtils.java:logGet(43)) - raft.server.log.segment.size.max = 1048576 (custom)
2019-10-16 05:42:21,420 [pool-203-thread-1] INFO  server.RaftServerConfigKeys (ConfUtils.java:logGet(43)) - raft.server.log.segment.size.max = 1048576 (custom)
2019-10-16 05:42:21,420 [pool-193-thread-1] INFO  server.RaftServerConfigKeys (ConfUtils.java:logGet(43)) - raft.server.log.segment.cache.num.max = 2 (custom)
2019-10-16 05:42:21,420 [pool-203-thread-1] INFO  server.RaftServerConfigKeys (ConfUtils.java:logGet(43)) - raft.server.log.preallocated.size = 16384 (custom)
2019-10-16 05:42:21,421 [pool-203-thread-1] INFO  server.RaftServerConfigKeys (ConfUtils.java:logGet(43)) - raft.server.log.write.buffer.size = 33554432 (custom)
2019-10-16 05:42:21,420 [pool-183-thread-1] INFO  server.RaftServerConfigKeys (ConfUtils.java:logGet(43)) - raft.server.log.segment.cache.num.max = 2 (custom)
2019-10-16 05:42:21,421 [pool-203-thread-1] INFO  server.RaftServerConfigKeys (ConfUtils.java:logGet(43)) - raft.server.log.force.sync.num = 128 (default)
2019-10-16 05:42:21,421 [pool-193-thread-1] INFO  segmented.SegmentedRaftLogWorker (SegmentedRaftLogWorker.java:<init>(173)) - new 2450c03a-3fc4-4268-b47d-cfd48db35b18@group-28296F217838-SegmentedRaftLogWorker for RaftStorage:Storage Directory /workdir/hadoop-ozone/integration-test/target/test-dir/MiniOzoneClusterImpl-da60a4be-53b2-4b3d-9348-253d2842e1e4/datanode-4/data/ratis/f3b09cde-754b-4fc3-8542-28296f217838
2019-10-16 05:42:21,421 [pool-203-thread-1] INFO  server.RaftServerConfigKeys (ConfUtils.java:logGet(43)) - raft.server.log.statemachine.data.sync = true (default)
2019-10-16 05:42:21,421 [pool-203-thread-1] INFO  server.RaftServerConfigKeys (ConfUtils.java:logGet(43)) - raft.server.log.statemachine.data.sync.timeout = 10s (default)
2019-10-16 05:42:21,421 [pool-183-thread-1] INFO  segmented.SegmentedRaftLogWorker (SegmentedRaftLogWorker.java:<init>(173)) - new e414d63a-fd4b-43a7-bf4d-c8b49f4c8716@group-28296F217838-SegmentedRaftLogWorker for RaftStorage:Storage Directory /workdir/hadoop-ozone/integration-test/target/test-dir/MiniOzoneClusterImpl-da60a4be-53b2-4b3d-9348-253d2842e1e4/datanode-3/data/ratis/f3b09cde-754b-4fc3-8542-28296f217838
2019-10-16 05:42:21,421 [pool-203-thread-1] INFO  server.RaftServerConfigKeys (ConfUtils.java:logGet(43)) - raft.server.log.statemachine.data.sync.timeout.retry = -1 (default)
2019-10-16 05:42:21,421 [pool-193-thread-1] INFO  server.RaftServerConfigKeys (ConfUtils.java:logGet(43)) - raft.server.log.queue.byte-limit = 2147483647 (custom)
2019-10-16 05:42:21,422 [pool-203-thread-1] INFO  server.RaftServerConfigKeys (ConfUtils.java:logGet(43)) - raft.server.log.statemachine.data.caching.enabled = true (custom)
2019-10-16 05:42:21,421 [pool-183-thread-1] INFO  server.RaftServerConfigKeys (ConfUtils.java:logGet(43)) - raft.server.log.queue.byte-limit = 2147483647 (custom)
2019-10-16 05:42:21,422 [pool-193-thread-1] INFO  server.RaftServerConfigKeys (ConfUtils.java:logGet(43)) - raft.server.log.queue.element-limit = 1024 (custom)
2019-10-16 05:42:21,422 [pool-203-thread-1] INFO  segmented.SegmentedRaftLogWorker (SegmentedRaftLogWorker.java:lambda$new$0(128)) - 059e0156-43bf-4f6e-8295-5d3dc33502d0@group-28296F217838-SegmentedRaftLogWorker: flushIndex: setUnconditionally 0 -> -1
2019-10-16 05:42:21,422 [pool-183-thread-1] INFO  server.RaftServerConfigKeys (ConfUtils.java:logGet(43)) - raft.server.log.queue.element-limit = 1024 (custom)
2019-10-16 05:42:21,422 [pool-193-thread-1] INFO  server.RaftServerConfigKeys (ConfUtils.java:logGet(43)) - raft.server.log.segment.size.max = 1048576 (custom)
2019-10-16 05:42:21,422 [pool-203-thread-1] INFO  server.RaftServerConfigKeys (ConfUtils.java:logGet(43)) - raft.server.snapshot.auto.trigger.enabled = true (custom)
2019-10-16 05:42:21,422 [pool-183-thread-1] INFO  server.RaftServerConfigKeys (ConfUtils.java:logGet(43)) - raft.server.log.segment.size.max = 1048576 (custom)
2019-10-16 05:42:21,422 [pool-203-thread-1] INFO  server.RaftServerConfigKeys (ConfUtils.java:logGet(43)) - raft.server.snapshot.auto.trigger.threshold = 10000 (custom)
2019-10-16 05:42:21,422 [pool-193-thread-1] INFO  server.RaftServerConfigKeys (ConfUtils.java:logGet(43)) - raft.server.log.preallocated.size = 16384 (custom)
2019-10-16 05:42:21,422 [pool-203-thread-1] INFO  server.RaftServerConfigKeys (ConfUtils.java:logGet(43)) - raft.server.snapshot.retention.file.num = 5 (custom)
2019-10-16 05:42:21,422 [pool-183-thread-1] INFO  server.RaftServerConfigKeys (ConfUtils.java:logGet(43)) - raft.server.log.preallocated.size = 16384 (custom)
2019-10-16 05:42:21,423 [pool-203-thread-1] INFO  server.RaftServerConfigKeys (ConfUtils.java:logGet(43)) - raft.server.retrycache.expirytime = 600000ms (custom)
2019-10-16 05:42:21,423 [pool-193-thread-1] INFO  server.RaftServerConfigKeys (ConfUtils.java:logGet(43)) - raft.server.log.write.buffer.size = 33554432 (custom)
2019-10-16 05:42:21,423 [pool-183-thread-1] INFO  server.RaftServerConfigKeys (ConfUtils.java:logGet(43)) - raft.server.log.write.buffer.size = 33554432 (custom)
2019-10-16 05:42:21,423 [pool-193-thread-1] INFO  server.RaftServerConfigKeys (ConfUtils.java:logGet(43)) - raft.server.log.force.sync.num = 128 (default)
2019-10-16 05:42:21,423 [pool-183-thread-1] INFO  server.RaftServerConfigKeys (ConfUtils.java:logGet(43)) - raft.server.log.force.sync.num = 128 (default)
2019-10-16 05:42:21,423 [pool-193-thread-1] INFO  server.RaftServerConfigKeys (ConfUtils.java:logGet(43)) - raft.server.log.statemachine.data.sync = true (default)
2019-10-16 05:42:21,423 [pool-183-thread-1] INFO  server.RaftServerConfigKeys (ConfUtils.java:logGet(43)) - raft.server.log.statemachine.data.sync = true (default)
2019-10-16 05:42:21,423 [pool-193-thread-1] INFO  server.RaftServerConfigKeys (ConfUtils.java:logGet(43)) - raft.server.log.statemachine.data.sync.timeout = 10s (default)
2019-10-16 05:42:21,424 [pool-183-thread-1] INFO  server.RaftServerConfigKeys (ConfUtils.java:logGet(43)) - raft.server.log.statemachine.data.sync.timeout = 10s (default)
2019-10-16 05:42:21,424 [pool-193-thread-1] INFO  server.RaftServerConfigKeys (ConfUtils.java:logGet(43)) - raft.server.log.statemachine.data.sync.timeout.retry = -1 (default)
2019-10-16 05:42:21,424 [pool-183-thread-1] INFO  server.RaftServerConfigKeys (ConfUtils.java:logGet(43)) - raft.server.log.statemachine.data.sync.timeout.retry = -1 (default)
2019-10-16 05:42:21,424 [pool-193-thread-1] INFO  server.RaftServerConfigKeys (ConfUtils.java:logGet(43)) - raft.server.log.statemachine.data.caching.enabled = true (custom)
2019-10-16 05:42:21,424 [pool-183-thread-1] INFO  server.RaftServerConfigKeys (ConfUtils.java:logGet(43)) - raft.server.log.statemachine.data.caching.enabled = true (custom)
2019-10-16 05:42:21,424 [pool-193-thread-1] INFO  segmented.SegmentedRaftLogWorker (SegmentedRaftLogWorker.java:lambda$new$0(128)) - 2450c03a-3fc4-4268-b47d-cfd48db35b18@group-28296F217838-SegmentedRaftLogWorker: flushIndex: setUnconditionally 0 -> -1
2019-10-16 05:42:21,424 [pool-183-thread-1] INFO  segmented.SegmentedRaftLogWorker (SegmentedRaftLogWorker.java:lambda$new$0(128)) - e414d63a-fd4b-43a7-bf4d-c8b49f4c8716@group-28296F217838-SegmentedRaftLogWorker: flushIndex: setUnconditionally 0 -> -1
2019-10-16 05:42:21,424 [pool-193-thread-1] INFO  server.RaftServerConfigKeys (ConfUtils.java:logGet(43)) - raft.server.snapshot.auto.trigger.enabled = true (custom)
2019-10-16 05:42:21,425 [pool-193-thread-1] INFO  server.RaftServerConfigKeys (ConfUtils.java:logGet(43)) - raft.server.snapshot.auto.trigger.threshold = 10000 (custom)
2019-10-16 05:42:21,425 [pool-183-thread-1] INFO  server.RaftServerConfigKeys (ConfUtils.java:logGet(43)) - raft.server.snapshot.auto.trigger.enabled = true (custom)
2019-10-16 05:42:21,425 [pool-193-thread-1] INFO  server.RaftServerConfigKeys (ConfUtils.java:logGet(43)) - raft.server.snapshot.retention.file.num = 5 (custom)
2019-10-16 05:42:21,425 [pool-183-thread-1] INFO  server.RaftServerConfigKeys (ConfUtils.java:logGet(43)) - raft.server.snapshot.auto.trigger.threshold = 10000 (custom)
2019-10-16 05:42:21,425 [pool-203-thread-1] INFO  impl.RaftServerImpl (RaftServerImpl.java:start(195)) - 059e0156-43bf-4f6e-8295-5d3dc33502d0@group-28296F217838: start as a follower, conf=-1: [059e0156-43bf-4f6e-8295-5d3dc33502d0:192.168.69.104:35178, e414d63a-fd4b-43a7-bf4d-c8b49f4c8716:192.168.69.104:34794, 2450c03a-3fc4-4268-b47d-cfd48db35b18:192.168.69.104:40062], old=null
2019-10-16 05:42:21,425 [pool-193-thread-1] INFO  server.RaftServerConfigKeys (ConfUtils.java:logGet(43)) - raft.server.retrycache.expirytime = 600000ms (custom)
2019-10-16 05:42:21,425 [pool-203-thread-1] INFO  impl.RaftServerImpl (RaftServerImpl.java:setRole(184)) - 059e0156-43bf-4f6e-8295-5d3dc33502d0@group-28296F217838: changes role from      null to FOLLOWER at term 0 for startAsFollower
2019-10-16 05:42:21,425 [pool-183-thread-1] INFO  server.RaftServerConfigKeys (ConfUtils.java:logGet(43)) - raft.server.snapshot.retention.file.num = 5 (custom)
2019-10-16 05:42:21,425 [pool-203-thread-1] INFO  impl.RoleInfo (RoleInfo.java:updateAndGet(143)) - 059e0156-43bf-4f6e-8295-5d3dc33502d0: start FollowerState
2019-10-16 05:42:21,426 [pool-183-thread-1] INFO  server.RaftServerConfigKeys (ConfUtils.java:logGet(43)) - raft.server.retrycache.expirytime = 600000ms (custom)
2019-10-16 05:42:21,426 [pool-203-thread-1] INFO  util.JmxRegister (JmxRegister.java:tryRegister(44)) - Successfully registered JMX Bean with object name Ratis:service=RaftServer,group=group-28296F217838,id=059e0156-43bf-4f6e-8295-5d3dc33502d0
2019-10-16 05:42:21,428 [pool-193-thread-1] INFO  impl.RaftServerImpl (RaftServerImpl.java:start(195)) - 2450c03a-3fc4-4268-b47d-cfd48db35b18@group-28296F217838: start as a follower, conf=-1: [059e0156-43bf-4f6e-8295-5d3dc33502d0:192.168.69.104:35178, e414d63a-fd4b-43a7-bf4d-c8b49f4c8716:192.168.69.104:34794, 2450c03a-3fc4-4268-b47d-cfd48db35b18:192.168.69.104:40062], old=null
2019-10-16 05:42:21,428 [pool-193-thread-1] INFO  impl.RaftServerImpl (RaftServerImpl.java:setRole(184)) - 2450c03a-3fc4-4268-b47d-cfd48db35b18@group-28296F217838: changes role from      null to FOLLOWER at term 0 for startAsFollower
2019-10-16 05:42:21,428 [pool-193-thread-1] INFO  impl.RoleInfo (RoleInfo.java:updateAndGet(143)) - 2450c03a-3fc4-4268-b47d-cfd48db35b18: start FollowerState
2019-10-16 05:42:21,429 [pool-193-thread-1] INFO  util.JmxRegister (JmxRegister.java:tryRegister(44)) - Successfully registered JMX Bean with object name Ratis:service=RaftServer,group=group-28296F217838,id=2450c03a-3fc4-4268-b47d-cfd48db35b18
2019-10-16 05:42:21,429 [pool-183-thread-1] INFO  impl.RaftServerImpl (RaftServerImpl.java:start(195)) - e414d63a-fd4b-43a7-bf4d-c8b49f4c8716@group-28296F217838: start as a follower, conf=-1: [059e0156-43bf-4f6e-8295-5d3dc33502d0:192.168.69.104:35178, e414d63a-fd4b-43a7-bf4d-c8b49f4c8716:192.168.69.104:34794, 2450c03a-3fc4-4268-b47d-cfd48db35b18:192.168.69.104:40062], old=null
2019-10-16 05:42:21,429 [pool-183-thread-1] INFO  impl.RaftServerImpl (RaftServerImpl.java:setRole(184)) - e414d63a-fd4b-43a7-bf4d-c8b49f4c8716@group-28296F217838: changes role from      null to FOLLOWER at term 0 for startAsFollower
2019-10-16 05:42:21,430 [pool-183-thread-1] INFO  impl.RoleInfo (RoleInfo.java:updateAndGet(143)) - e414d63a-fd4b-43a7-bf4d-c8b49f4c8716: start FollowerState
2019-10-16 05:42:21,430 [pool-183-thread-1] INFO  util.JmxRegister (JmxRegister.java:tryRegister(44)) - Successfully registered JMX Bean with object name Ratis:service=RaftServer,group=group-28296F217838,id=e414d63a-fd4b-43a7-bf4d-c8b49f4c8716
2019-10-16 05:42:21,433 [RatisPipelineUtilsThread] INFO  pipeline.PipelineStateManager (PipelineStateManager.java:addPipeline(56)) - Created pipeline Pipeline[ Id: f3b09cde-754b-4fc3-8542-28296f217838, Nodes: e414d63a-fd4b-43a7-bf4d-c8b49f4c8716{ip: 192.168.69.104, host: pr-hdds-2312-q6qzp-1535798719, networkLocation: /default-rack, certSerialId: null}2450c03a-3fc4-4268-b47d-cfd48db35b18{ip: 192.168.69.104, host: pr-hdds-2312-q6qzp-1535798719, networkLocation: /default-rack, certSerialId: null}059e0156-43bf-4f6e-8295-5d3dc33502d0{ip: 192.168.69.104, host: pr-hdds-2312-q6qzp-1535798719, networkLocation: /default-rack, certSerialId: null}, Type:RATIS, Factor:THREE, State:OPEN]
2019-10-16 05:42:21,457 [e414d63a-fd4b-43a7-bf4d-c8b49f4c8716@group-27B393925771-SegmentedRaftLogWorker] INFO  segmented.SegmentedRaftLogWorker (SegmentedRaftLogWorker.java:execute(576)) - e414d63a-fd4b-43a7-bf4d-c8b49f4c8716@group-27B393925771-SegmentedRaftLogWorker: created new log segment /workdir/hadoop-ozone/integration-test/target/test-dir/MiniOzoneClusterImpl-da60a4be-53b2-4b3d-9348-253d2842e1e4/datanode-3/data/ratis/8b6ff576-1837-480b-a459-27b393925771/current/log_inprogress_0
2019-10-16 05:42:21,457 [2450c03a-3fc4-4268-b47d-cfd48db35b18@group-7B6DD9232CAC-SegmentedRaftLogWorker] INFO  segmented.SegmentedRaftLogWorker (SegmentedRaftLogWorker.java:execute(576)) - 2450c03a-3fc4-4268-b47d-cfd48db35b18@group-7B6DD9232CAC-SegmentedRaftLogWorker: created new log segment /workdir/hadoop-ozone/integration-test/target/test-dir/MiniOzoneClusterImpl-da60a4be-53b2-4b3d-9348-253d2842e1e4/datanode-4/data/ratis/d3e945ee-61a7-48b1-a8c0-7b6dd9232cac/current/log_inprogress_0
2019-10-16 05:42:21,465 [Thread-1778] INFO  impl.FollowerState (FollowerState.java:run(108)) - 059e0156-43bf-4f6e-8295-5d3dc33502d0@group-28296F217838-FollowerState: change to CANDIDATE, lastRpcTime:39ms, electionTimeout:39ms
2019-10-16 05:42:21,465 [Thread-1778] INFO  impl.RoleInfo (RoleInfo.java:shutdownFollowerState(121)) - 059e0156-43bf-4f6e-8295-5d3dc33502d0: shutdown FollowerState
2019-10-16 05:42:21,465 [Thread-1778] INFO  impl.RaftServerImpl (RaftServerImpl.java:setRole(184)) - 059e0156-43bf-4f6e-8295-5d3dc33502d0@group-28296F217838: changes role from  FOLLOWER to CANDIDATE at term 0 for changeToCandidate
2019-10-16 05:42:21,466 [Thread-1778] INFO  impl.RoleInfo (RoleInfo.java:updateAndGet(143)) - 059e0156-43bf-4f6e-8295-5d3dc33502d0: start LeaderElection
2019-10-16 05:42:21,473 [Thread-1768] INFO  impl.FollowerState (FollowerState.java:run(108)) - 059e0156-43bf-4f6e-8295-5d3dc33502d0@group-FA5F3D6117EE-FollowerState: change to CANDIDATE, lastRpcTime:149ms, electionTimeout:149ms
2019-10-16 05:42:21,473 [Thread-1768] INFO  impl.RoleInfo (RoleInfo.java:shutdownFollowerState(121)) - 059e0156-43bf-4f6e-8295-5d3dc33502d0: shutdown FollowerState
2019-10-16 05:42:21,473 [Thread-1768] INFO  impl.RaftServerImpl (RaftServerImpl.java:setRole(184)) - 059e0156-43bf-4f6e-8295-5d3dc33502d0@group-FA5F3D6117EE: changes role from  FOLLOWER to CANDIDATE at term 0 for changeToCandidate
2019-10-16 05:42:21,474 [Thread-1768] INFO  impl.RoleInfo (RoleInfo.java:updateAndGet(143)) - 059e0156-43bf-4f6e-8295-5d3dc33502d0: start LeaderElection
2019-10-16 05:42:21,482 [059e0156-43bf-4f6e-8295-5d3dc33502d0@group-FA5F3D6117EE-LeaderElection72] INFO  impl.LeaderElection (LeaderElection.java:askForVotes(178)) - 059e0156-43bf-4f6e-8295-5d3dc33502d0@group-FA5F3D6117EE-LeaderElection72: begin an election at term 1 for -1: [059e0156-43bf-4f6e-8295-5d3dc33502d0:192.168.69.104:35178], old=null
2019-10-16 05:42:21,482 [059e0156-43bf-4f6e-8295-5d3dc33502d0@group-28296F217838-LeaderElection71] INFO  impl.LeaderElection (LeaderElection.java:askForVotes(178)) - 059e0156-43bf-4f6e-8295-5d3dc33502d0@group-28296F217838-LeaderElection71: begin an election at term 1 for -1: [059e0156-43bf-4f6e-8295-5d3dc33502d0:192.168.69.104:35178, e414d63a-fd4b-43a7-bf4d-c8b49f4c8716:192.168.69.104:34794, 2450c03a-3fc4-4268-b47d-cfd48db35b18:192.168.69.104:40062], old=null
2019-10-16 05:42:21,482 [059e0156-43bf-4f6e-8295-5d3dc33502d0@group-FA5F3D6117EE-LeaderElection72] INFO  impl.RoleInfo (RoleInfo.java:shutdownLeaderElection(134)) - 059e0156-43bf-4f6e-8295-5d3dc33502d0: shutdown LeaderElection
2019-10-16 05:42:21,483 [059e0156-43bf-4f6e-8295-5d3dc33502d0@group-FA5F3D6117EE-LeaderElection72] INFO  impl.RaftServerImpl (RaftServerImpl.java:setRole(184)) - 059e0156-43bf-4f6e-8295-5d3dc33502d0@group-FA5F3D6117EE: changes role from CANDIDATE to LEADER at term 1 for changeToLeader
2019-10-16 05:42:21,483 [059e0156-43bf-4f6e-8295-5d3dc33502d0@group-FA5F3D6117EE-LeaderElection72] INFO  impl.RaftServerImpl (ServerState.java:setLeader(256)) - 059e0156-43bf-4f6e-8295-5d3dc33502d0@group-FA5F3D6117EE: change Leader from null to 059e0156-43bf-4f6e-8295-5d3dc33502d0 at term 1 for becomeLeader, leader elected after 170ms
2019-10-16 05:42:21,483 [059e0156-43bf-4f6e-8295-5d3dc33502d0@group-FA5F3D6117EE-LeaderElection72] INFO  server.RaftServerConfigKeys (ConfUtils.java:logGet(43)) - raft.server.staging.catchup.gap = 1000 (default)
2019-10-16 05:42:21,483 [059e0156-43bf-4f6e-8295-5d3dc33502d0@group-FA5F3D6117EE-LeaderElection72] INFO  server.RaftServerConfigKeys (ConfUtils.java:logGet(43)) - raft.server.rpc.sleep.time = 25ms (default)
2019-10-16 05:42:21,483 [059e0156-43bf-4f6e-8295-5d3dc33502d0@group-FA5F3D6117EE-LeaderElection72] INFO  server.RaftServerConfigKeys (ConfUtils.java:logGet(43)) - raft.server.write.element-limit = 4096 (default)
2019-10-16 05:42:21,483 [059e0156-43bf-4f6e-8295-5d3dc33502d0@group-FA5F3D6117EE-LeaderElection72] INFO  server.RaftServerConfigKeys (ConfUtils.java:logGet(43)) - raft.server.watch.timeout = 10s (default)
2019-10-16 05:42:21,484 [059e0156-43bf-4f6e-8295-5d3dc33502d0@group-FA5F3D6117EE-LeaderElection72] INFO  server.RaftServerConfigKeys (ConfUtils.java:logGet(43)) - raft.server.watch.timeout.denomination = 1s (default)
2019-10-16 05:42:21,484 [059e0156-43bf-4f6e-8295-5d3dc33502d0@group-FA5F3D6117EE-LeaderElection72] INFO  server.RaftServerConfigKeys (ConfUtils.java:logGet(43)) - raft.server.watch.element-limit = 65536 (default)
2019-10-16 05:42:21,486 [059e0156-43bf-4f6e-8295-5d3dc33502d0@group-FA5F3D6117EE-LeaderElection72] INFO  impl.RoleInfo (RoleInfo.java:updateAndGet(143)) - 059e0156-43bf-4f6e-8295-5d3dc33502d0: start LeaderState
2019-10-16 05:42:21,486 [059e0156-43bf-4f6e-8295-5d3dc33502d0@group-FA5F3D6117EE-LeaderElection72] INFO  segmented.SegmentedRaftLogWorker (SegmentedRaftLogWorker.java:startLogSegment(385)) - 059e0156-43bf-4f6e-8295-5d3dc33502d0@group-FA5F3D6117EE-SegmentedRaftLogWorker: Starting segment from index:0
2019-10-16 05:42:21,489 [grpc-default-executor-5] INFO  impl.RaftServerImpl (RaftServerImpl.java:setRole(184)) - e414d63a-fd4b-43a7-bf4d-c8b49f4c8716@group-28296F217838: changes role from  FOLLOWER to FOLLOWER at term 1 for recognizeCandidate:059e0156-43bf-4f6e-8295-5d3dc33502d0
2019-10-16 05:42:21,489 [059e0156-43bf-4f6e-8295-5d3dc33502d0@group-FA5F3D6117EE-LeaderElection72] INFO  impl.RaftServerImpl (ServerState.java:setRaftConf(357)) - 059e0156-43bf-4f6e-8295-5d3dc33502d0@group-FA5F3D6117EE: set configuration 0: [059e0156-43bf-4f6e-8295-5d3dc33502d0:192.168.69.104:35178], old=null at 0
2019-10-16 05:42:21,489 [grpc-default-executor-5] INFO  impl.RoleInfo (RoleInfo.java:shutdownFollowerState(121)) - e414d63a-fd4b-43a7-bf4d-c8b49f4c8716: shutdown FollowerState
2019-10-16 05:42:21,489 [grpc-default-executor-7] INFO  impl.RaftServerImpl (RaftServerImpl.java:setRole(184)) - 2450c03a-3fc4-4268-b47d-cfd48db35b18@group-28296F217838: changes role from  FOLLOWER to FOLLOWER at term 1 for recognizeCandidate:059e0156-43bf-4f6e-8295-5d3dc33502d0
2019-10-16 05:42:21,526 [Thread-1781] INFO  impl.FollowerState (FollowerState.java:run(117)) - e414d63a-fd4b-43a7-bf4d-c8b49f4c8716@group-28296F217838-FollowerState was interrupted: java.lang.InterruptedException: sleep interrupted
2019-10-16 05:42:21,526 [grpc-default-executor-5] INFO  impl.RoleInfo (RoleInfo.java:updateAndGet(143)) - e414d63a-fd4b-43a7-bf4d-c8b49f4c8716: start FollowerState
2019-10-16 05:42:21,526 [059e0156-43bf-4f6e-8295-5d3dc33502d0@group-28296F217838-LeaderElection71] INFO  impl.LeaderElection (LeaderElection.java:logAndReturn(56)) - 059e0156-43bf-4f6e-8295-5d3dc33502d0@group-28296F217838-LeaderElection71: Election TIMEOUT; received 0 response(s) [] and 0 exception(s); 059e0156-43bf-4f6e-8295-5d3dc33502d0@group-28296F217838:t1, leader=null, voted=059e0156-43bf-4f6e-8295-5d3dc33502d0, raftlog=059e0156-43bf-4f6e-8295-5d3dc33502d0@group-28296F217838-SegmentedRaftLog:OPENED:c-1,f-1,i0, conf=-1: [059e0156-43bf-4f6e-8295-5d3dc33502d0:192.168.69.104:35178, e414d63a-fd4b-43a7-bf4d-c8b49f4c8716:192.168.69.104:34794, 2450c03a-3fc4-4268-b47d-cfd48db35b18:192.168.69.104:40062], old=null
2019-10-16 05:42:21,527 [grpc-default-executor-7] INFO  impl.RoleInfo (RoleInfo.java:shutdownFollowerState(121)) - 2450c03a-3fc4-4268-b47d-cfd48db35b18: shutdown FollowerState
2019-10-16 05:42:21,527 [grpc-default-executor-7] INFO  impl.RoleInfo (RoleInfo.java:updateAndGet(143)) - 2450c03a-3fc4-4268-b47d-cfd48db35b18: start FollowerState
2019-10-16 05:42:21,538 [059e0156-43bf-4f6e-8295-5d3dc33502d0@group-FA5F3D6117EE-SegmentedRaftLogWorker] INFO  segmented.SegmentedRaftLogWorker (SegmentedRaftLogWorker.java:execute(576)) - 059e0156-43bf-4f6e-8295-5d3dc33502d0@group-FA5F3D6117EE-SegmentedRaftLogWorker: created new log segment /workdir/hadoop-ozone/integration-test/target/test-dir/MiniOzoneClusterImpl-da60a4be-53b2-4b3d-9348-253d2842e1e4/datanode-5/data/ratis/b2f09162-f4a4-4180-b1cb-fa5f3d6117ee/current/log_inprogress_0
2019-10-16 05:42:21,538 [059e0156-43bf-4f6e-8295-5d3dc33502d0@group-28296F217838-LeaderElection71] INFO  impl.LeaderElection (LeaderElection.java:askForVotes(178)) - 059e0156-43bf-4f6e-8295-5d3dc33502d0@group-28296F217838-LeaderElection71: begin an election at term 2 for -1: [059e0156-43bf-4f6e-8295-5d3dc33502d0:192.168.69.104:35178, e414d63a-fd4b-43a7-bf4d-c8b49f4c8716:192.168.69.104:34794, 2450c03a-3fc4-4268-b47d-cfd48db35b18:192.168.69.104:40062], old=null
2019-10-16 05:42:21,539 [Thread-1791] INFO  impl.FollowerState (FollowerState.java:run(108)) - 2450c03a-3fc4-4268-b47d-cfd48db35b18@group-28296F217838-FollowerState: change to CANDIDATE, lastRpcTime:11ms, electionTimeout:11ms
2019-10-16 05:42:21,539 [Thread-1791] INFO  impl.RoleInfo (RoleInfo.java:shutdownFollowerState(121)) - 2450c03a-3fc4-4268-b47d-cfd48db35b18: shutdown FollowerState
2019-10-16 05:42:21,539 [Thread-1791] INFO  impl.RaftServerImpl (RaftServerImpl.java:setRole(184)) - 2450c03a-3fc4-4268-b47d-cfd48db35b18@group-28296F217838: changes role from  FOLLOWER to CANDIDATE at term 1 for changeToCandidate
2019-10-16 05:42:21,539 [Thread-1791] INFO  impl.RoleInfo (RoleInfo.java:updateAndGet(143)) - 2450c03a-3fc4-4268-b47d-cfd48db35b18: start LeaderElection
2019-10-16 05:42:21,541 [grpc-default-executor-5] INFO  impl.RaftServerImpl (RaftServerImpl.java:setRole(184)) - e414d63a-fd4b-43a7-bf4d-c8b49f4c8716@group-28296F217838: changes role from  FOLLOWER to FOLLOWER at term 2 for recognizeCandidate:059e0156-43bf-4f6e-8295-5d3dc33502d0
2019-10-16 05:42:21,541 [grpc-default-executor-5] INFO  impl.RoleInfo (RoleInfo.java:shutdownFollowerState(121)) - e414d63a-fd4b-43a7-bf4d-c8b49f4c8716: shutdown FollowerState
2019-10-16 05:42:21,541 [grpc-default-executor-5] INFO  impl.RoleInfo (RoleInfo.java:updateAndGet(143)) - e414d63a-fd4b-43a7-bf4d-c8b49f4c8716: start FollowerState
2019-10-16 05:42:21,541 [Thread-1790] INFO  impl.FollowerState (FollowerState.java:run(117)) - e414d63a-fd4b-43a7-bf4d-c8b49f4c8716@group-28296F217838-FollowerState was interrupted: java.lang.InterruptedException: sleep interrupted
2019-10-16 05:42:21,552 [2450c03a-3fc4-4268-b47d-cfd48db35b18@group-28296F217838-LeaderElection73] INFO  impl.LeaderElection (LeaderElection.java:askForVotes(178)) - 2450c03a-3fc4-4268-b47d-cfd48db35b18@group-28296F217838-LeaderElection73: begin an election at term 2 for -1: [059e0156-43bf-4f6e-8295-5d3dc33502d0:192.168.69.104:35178, e414d63a-fd4b-43a7-bf4d-c8b49f4c8716:192.168.69.104:34794, 2450c03a-3fc4-4268-b47d-cfd48db35b18:192.168.69.104:40062], old=null
2019-10-16 05:42:21,553 [059e0156-43bf-4f6e-8295-5d3dc33502d0@group-28296F217838-LeaderElection71] INFO  impl.LeaderElection (LeaderElection.java:logAndReturn(56)) - 059e0156-43bf-4f6e-8295-5d3dc33502d0@group-28296F217838-LeaderElection71: Election PASSED; received 2 response(s) [059e0156-43bf-4f6e-8295-5d3dc33502d0<-e414d63a-fd4b-43a7-bf4d-c8b49f4c8716#0:OK-t2, 059e0156-43bf-4f6e-8295-5d3dc33502d0<-2450c03a-3fc4-4268-b47d-cfd48db35b18#0:FAIL-t2] and 0 exception(s); 059e0156-43bf-4f6e-8295-5d3dc33502d0@group-28296F217838:t2, leader=null, voted=059e0156-43bf-4f6e-8295-5d3dc33502d0, raftlog=059e0156-43bf-4f6e-8295-5d3dc33502d0@group-28296F217838-SegmentedRaftLog:OPENED:c-1,f-1,i0, conf=-1: [059e0156-43bf-4f6e-8295-5d3dc33502d0:192.168.69.104:35178, e414d63a-fd4b-43a7-bf4d-c8b49f4c8716:192.168.69.104:34794, 2450c03a-3fc4-4268-b47d-cfd48db35b18:192.168.69.104:40062], old=null
2019-10-16 05:42:21,553 [059e0156-43bf-4f6e-8295-5d3dc33502d0@group-28296F217838-LeaderElection71] INFO  impl.RoleInfo (RoleInfo.java:shutdownLeaderElection(134)) - 059e0156-43bf-4f6e-8295-5d3dc33502d0: shutdown LeaderElection
2019-10-16 05:42:21,553 [059e0156-43bf-4f6e-8295-5d3dc33502d0@group-28296F217838-LeaderElection71] INFO  impl.RaftServerImpl (RaftServerImpl.java:setRole(184)) - 059e0156-43bf-4f6e-8295-5d3dc33502d0@group-28296F217838: changes role from CANDIDATE to LEADER at term 2 for changeToLeader
2019-10-16 05:42:21,553 [059e0156-43bf-4f6e-8295-5d3dc33502d0@group-28296F217838-LeaderElection71] INFO  impl.RaftServerImpl (ServerState.java:setLeader(256)) - 059e0156-43bf-4f6e-8295-5d3dc33502d0@group-28296F217838: change Leader from null to 059e0156-43bf-4f6e-8295-5d3dc33502d0 at term 2 for becomeLeader, leader elected after 134ms
2019-10-16 05:42:21,553 [059e0156-43bf-4f6e-8295-5d3dc33502d0@group-28296F217838-LeaderElection71] INFO  server.RaftServerConfigKeys (ConfUtils.java:logGet(43)) - raft.server.staging.catchup.gap = 1000 (default)
2019-10-16 05:42:21,553 [059e0156-43bf-4f6e-8295-5d3dc33502d0@group-28296F217838-LeaderElection71] INFO  server.RaftServerConfigKeys (ConfUtils.java:logGet(43)) - raft.server.rpc.sleep.time = 25ms (default)
2019-10-16 05:42:21,554 [059e0156-43bf-4f6e-8295-5d3dc33502d0@group-28296F217838-LeaderElection71] INFO  server.RaftServerConfigKeys (ConfUtils.java:logGet(43)) - raft.server.write.element-limit = 4096 (default)
2019-10-16 05:42:21,554 [059e0156-43bf-4f6e-8295-5d3dc33502d0@group-28296F217838-LeaderElection71] INFO  server.RaftServerConfigKeys (ConfUtils.java:logGet(43)) - raft.server.watch.timeout = 10s (default)
2019-10-16 05:42:21,554 [059e0156-43bf-4f6e-8295-5d3dc33502d0@group-28296F217838-LeaderElection71] INFO  server.RaftServerConfigKeys (ConfUtils.java:logGet(43)) - raft.server.watch.timeout.denomination = 1s (default)
2019-10-16 05:42:21,554 [059e0156-43bf-4f6e-8295-5d3dc33502d0@group-28296F217838-LeaderElection71] INFO  server.RaftServerConfigKeys (ConfUtils.java:logGet(43)) - raft.server.watch.element-limit = 65536 (default)
2019-10-16 05:42:21,559 [059e0156-43bf-4f6e-8295-5d3dc33502d0@group-28296F217838-LeaderElection71] INFO  server.RaftServerConfigKeys (ConfUtils.java:logGet(43)) - raft.server.log.appender.snapshot.chunk.size.max = 16MB (=16777216) (default)
2019-10-16 05:42:21,559 [059e0156-43bf-4f6e-8295-5d3dc33502d0@group-28296F217838-LeaderElection71] INFO  server.RaftServerConfigKeys (ConfUtils.java:logGet(43)) - raft.server.log.appender.buffer.byte-limit = 33554432 (custom)
2019-10-16 05:42:21,559 [059e0156-43bf-4f6e-8295-5d3dc33502d0@group-28296F217838-LeaderElection71] INFO  server.RaftServerConfigKeys (ConfUtils.java:logGet(43)) - raft.server.log.appender.buffer.element-limit = 1 (custom)
2019-10-16 05:42:21,559 [059e0156-43bf-4f6e-8295-5d3dc33502d0@group-28296F217838-LeaderElection71] INFO  grpc.GrpcConfigKeys$Server (ConfUtils.java:logGet(43)) - raft.grpc.server.leader.outstanding.appends.max = 128 (default)
2019-10-16 05:42:21,560 [059e0156-43bf-4f6e-8295-5d3dc33502d0@group-28296F217838-LeaderElection71] INFO  server.RaftServerConfigKeys (ConfUtils.java:logGet(43)) - raft.server.rpc.request.timeout = 3000ms (default)
2019-10-16 05:42:21,560 [059e0156-43bf-4f6e-8295-5d3dc33502d0@group-28296F217838-LeaderElection71] INFO  server.RaftServerConfigKeys (ConfUtils.java:logGet(43)) - raft.server.log.appender.install.snapshot.enabled = false (custom)
2019-10-16 05:42:21,561 [059e0156-43bf-4f6e-8295-5d3dc33502d0@group-28296F217838-LeaderElection71] INFO  server.RaftServerConfigKeys (ConfUtils.java:logGet(43)) - raft.server.log.appender.snapshot.chunk.size.max = 16MB (=16777216) (default)
2019-10-16 05:42:21,562 [059e0156-43bf-4f6e-8295-5d3dc33502d0@group-28296F217838-LeaderElection71] INFO  server.RaftServerConfigKeys (ConfUtils.java:logGet(43)) - raft.server.log.appender.buffer.byte-limit = 33554432 (custom)
2019-10-16 05:42:21,562 [059e0156-43bf-4f6e-8295-5d3dc33502d0@group-28296F217838-LeaderElection71] INFO  server.RaftServerConfigKeys (ConfUtils.java:logGet(43)) - raft.server.log.appender.buffer.element-limit = 1 (custom)
2019-10-16 05:42:21,562 [059e0156-43bf-4f6e-8295-5d3dc33502d0@group-28296F217838-LeaderElection71] INFO  grpc.GrpcConfigKeys$Server (ConfUtils.java:logGet(43)) - raft.grpc.server.leader.outstanding.appends.max = 128 (default)
2019-10-16 05:42:21,562 [059e0156-43bf-4f6e-8295-5d3dc33502d0@group-28296F217838-LeaderElection71] INFO  server.RaftServerConfigKeys (ConfUtils.java:logGet(43)) - raft.server.rpc.request.timeout = 3000ms (default)
2019-10-16 05:42:21,562 [059e0156-43bf-4f6e-8295-5d3dc33502d0@group-28296F217838-LeaderElection71] INFO  server.RaftServerConfigKeys (ConfUtils.java:logGet(43)) - raft.server.log.appender.install.snapshot.enabled = false (custom)
2019-10-16 05:42:21,564 [059e0156-43bf-4f6e-8295-5d3dc33502d0@group-28296F217838-LeaderElection71] INFO  impl.RoleInfo (RoleInfo.java:updateAndGet(143)) - 059e0156-43bf-4f6e-8295-5d3dc33502d0: start LeaderState
2019-10-16 05:42:21,564 [059e0156-43bf-4f6e-8295-5d3dc33502d0@group-28296F217838-LeaderElection71] INFO  segmented.SegmentedRaftLogWorker (SegmentedRaftLogWorker.java:startLogSegment(385)) - 059e0156-43bf-4f6e-8295-5d3dc33502d0@group-28296F217838-SegmentedRaftLogWorker: Starting segment from index:0
2019-10-16 05:42:21,565 [059e0156-43bf-4f6e-8295-5d3dc33502d0@group-28296F217838-LeaderElection71] INFO  impl.RaftServerImpl (ServerState.java:setRaftConf(357)) - 059e0156-43bf-4f6e-8295-5d3dc33502d0@group-28296F217838: set configuration 0: [059e0156-43bf-4f6e-8295-5d3dc33502d0:192.168.69.104:35178, e414d63a-fd4b-43a7-bf4d-c8b49f4c8716:192.168.69.104:34794, 2450c03a-3fc4-4268-b47d-cfd48db35b18:192.168.69.104:40062], old=null at 0
2019-10-16 05:42:21,565 [grpc-default-executor-5] INFO  impl.RaftServerImpl (RaftServerImpl.java:requestVote(776)) - 059e0156-43bf-4f6e-8295-5d3dc33502d0@group-28296F217838-   LEADER: Withhold vote from candidate 2450c03a-3fc4-4268-b47d-cfd48db35b18 with term 2. State: leader=059e0156-43bf-4f6e-8295-5d3dc33502d0, term=2, lastRpcElapsed=null
2019-10-16 05:42:21,566 [2450c03a-3fc4-4268-b47d-cfd48db35b18@group-28296F217838-LeaderElection73] INFO  impl.LeaderElection (LeaderElection.java:logAndReturn(56)) - 2450c03a-3fc4-4268-b47d-cfd48db35b18@group-28296F217838-LeaderElection73: Election REJECTED; received 2 response(s) [2450c03a-3fc4-4268-b47d-cfd48db35b18<-059e0156-43bf-4f6e-8295-5d3dc33502d0#0:FAIL-t2, 2450c03a-3fc4-4268-b47d-cfd48db35b18<-e414d63a-fd4b-43a7-bf4d-c8b49f4c8716#0:FAIL-t2] and 0 exception(s); 2450c03a-3fc4-4268-b47d-cfd48db35b18@group-28296F217838:t2, leader=null, voted=2450c03a-3fc4-4268-b47d-cfd48db35b18, raftlog=2450c03a-3fc4-4268-b47d-cfd48db35b18@group-28296F217838-SegmentedRaftLog:OPENED:c-1,f-1,i0, conf=-1: [059e0156-43bf-4f6e-8295-5d3dc33502d0:192.168.69.104:35178, e414d63a-fd4b-43a7-bf4d-c8b49f4c8716:192.168.69.104:34794, 2450c03a-3fc4-4268-b47d-cfd48db35b18:192.168.69.104:40062], old=null
2019-10-16 05:42:21,566 [2450c03a-3fc4-4268-b47d-cfd48db35b18@group-28296F217838-LeaderElection73] INFO  impl.RaftServerImpl (RaftServerImpl.java:setRole(184)) - 2450c03a-3fc4-4268-b47d-cfd48db35b18@group-28296F217838: changes role from CANDIDATE to FOLLOWER at term 2 for DISCOVERED_A_NEW_TERM
2019-10-16 05:42:21,567 [2450c03a-3fc4-4268-b47d-cfd48db35b18@group-28296F217838-LeaderElection73] INFO  impl.RoleInfo (RoleInfo.java:shutdownLeaderElection(134)) - 2450c03a-3fc4-4268-b47d-cfd48db35b18: shutdown LeaderElection
2019-10-16 05:42:21,567 [2450c03a-3fc4-4268-b47d-cfd48db35b18@group-28296F217838-LeaderElection73] INFO  impl.RoleInfo (RoleInfo.java:updateAndGet(143)) - 2450c03a-3fc4-4268-b47d-cfd48db35b18: start FollowerState
2019-10-16 05:42:21,608 [grpc-default-executor-7] INFO  impl.RaftServerImpl (ServerState.java:setLeader(256)) - 2450c03a-3fc4-4268-b47d-cfd48db35b18@group-28296F217838: change Leader from null to 059e0156-43bf-4f6e-8295-5d3dc33502d0 at term 2 for appendEntries, leader elected after 190ms
2019-10-16 05:42:21,608 [grpc-default-executor-5] INFO  impl.RaftServerImpl (ServerState.java:setLeader(256)) - e414d63a-fd4b-43a7-bf4d-c8b49f4c8716@group-28296F217838: change Leader from null to 059e0156-43bf-4f6e-8295-5d3dc33502d0 at term 2 for appendEntries, leader elected after 190ms
2019-10-16 05:42:21,613 [grpc-default-executor-5] INFO  impl.RaftServerImpl (ServerState.java:setRaftConf(357)) - e414d63a-fd4b-43a7-bf4d-c8b49f4c8716@group-28296F217838: set configuration 0: [059e0156-43bf-4f6e-8295-5d3dc33502d0:192.168.69.104:35178, e414d63a-fd4b-43a7-bf4d-c8b49f4c8716:192.168.69.104:34794, 2450c03a-3fc4-4268-b47d-cfd48db35b18:192.168.69.104:40062], old=null at 0
2019-10-16 05:42:21,613 [grpc-default-executor-7] INFO  impl.RaftServerImpl (ServerState.java:setRaftConf(357)) - 2450c03a-3fc4-4268-b47d-cfd48db35b18@group-28296F217838: set configuration 0: [059e0156-43bf-4f6e-8295-5d3dc33502d0:192.168.69.104:35178, e414d63a-fd4b-43a7-bf4d-c8b49f4c8716:192.168.69.104:34794, 2450c03a-3fc4-4268-b47d-cfd48db35b18:192.168.69.104:40062], old=null at 0
2019-10-16 05:42:21,614 [grpc-default-executor-5] INFO  segmented.SegmentedRaftLogWorker (SegmentedRaftLogWorker.java:startLogSegment(385)) - e414d63a-fd4b-43a7-bf4d-c8b49f4c8716@group-28296F217838-SegmentedRaftLogWorker: Starting segment from index:0
2019-10-16 05:42:21,614 [grpc-default-executor-7] INFO  segmented.SegmentedRaftLogWorker (SegmentedRaftLogWorker.java:startLogSegment(385)) - 2450c03a-3fc4-4268-b47d-cfd48db35b18@group-28296F217838-SegmentedRaftLogWorker: Starting segment from index:0
2019-10-16 05:42:21,621 [059e0156-43bf-4f6e-8295-5d3dc33502d0@group-28296F217838-SegmentedRaftLogWorker] INFO  segmented.SegmentedRaftLogWorker (SegmentedRaftLogWorker.java:execute(576)) - 059e0156-43bf-4f6e-8295-5d3dc33502d0@group-28296F217838-SegmentedRaftLogWorker: created new log segment /workdir/hadoop-ozone/integration-test/target/test-dir/MiniOzoneClusterImpl-da60a4be-53b2-4b3d-9348-253d2842e1e4/datanode-5/data/ratis/f3b09cde-754b-4fc3-8542-28296f217838/current/log_inprogress_0
2019-10-16 05:42:21,657 [2450c03a-3fc4-4268-b47d-cfd48db35b18@group-28296F217838-SegmentedRaftLogWorker] INFO  segmented.SegmentedRaftLogWorker (SegmentedRaftLogWorker.java:execute(576)) - 2450c03a-3fc4-4268-b47d-cfd48db35b18@group-28296F217838-SegmentedRaftLogWorker: created new log segment /workdir/hadoop-ozone/integration-test/target/test-dir/MiniOzoneClusterImpl-da60a4be-53b2-4b3d-9348-253d2842e1e4/datanode-4/data/ratis/f3b09cde-754b-4fc3-8542-28296f217838/current/log_inprogress_0
2019-10-16 05:42:21,657 [e414d63a-fd4b-43a7-bf4d-c8b49f4c8716@group-28296F217838-SegmentedRaftLogWorker] INFO  segmented.SegmentedRaftLogWorker (SegmentedRaftLogWorker.java:execute(576)) - e414d63a-fd4b-43a7-bf4d-c8b49f4c8716@group-28296F217838-SegmentedRaftLogWorker: created new log segment /workdir/hadoop-ozone/integration-test/target/test-dir/MiniOzoneClusterImpl-da60a4be-53b2-4b3d-9348-253d2842e1e4/datanode-3/data/ratis/f3b09cde-754b-4fc3-8542-28296f217838/current/log_inprogress_0
2019-10-16 05:42:22,186 [main] INFO  ozone.MiniOzoneClusterImpl (MiniOzoneClusterImpl.java:lambda$waitForClusterToBeReady$0(147)) - Cluster is ready. Got 6 of 6 DN Heartbeats.
2019-10-16 05:42:22,219 [main] INFO  rpc.RpcClient (RpcClient.java:createVolume(272)) - Creating Volume: datanodefailurehandlingtest, with jenkins1000 as owner.
2019-10-16 05:42:22,223 [IPC Server handler 9 on 37358] INFO  volume.OMVolumeCreateRequest (OMVolumeCreateRequest.java:validateAndUpdateCache(193)) - created volume:datanodefailurehandlingtest for user:jenkins1000
2019-10-16 05:42:22,234 [main] INFO  rpc.RpcClient (RpcClient.java:createBucket(411)) - Creating Bucket: datanodefailurehandlingtest/datanodefailurehandlingtest, with Versioning false and Storage Type set to DISK and Encryption set to false 
2019-10-16 05:42:22,978 [Datanode State Machine Thread - 0] INFO  statemachine.DatanodeStateMachine (DatanodeStateMachine.java:lambda$startDaemon$0(350)) - Ozone container server started.
2019-10-16 05:42:23,749 [Thread-1699] INFO  container.ReplicationManager (ReplicationManager.java:start(162)) - Starting Replication Monitor Thread.
2019-10-16 05:42:23,753 [ReplicationMonitor] INFO  container.ReplicationManager (ReplicationManager.java:run(225)) - Replication Monitor Thread took 1 milliseconds for processing 2 containers.
2019-10-16 05:42:27,824 [main] INFO  ozoneimpl.OzoneContainer (OzoneContainer.java:stop(227)) - Attempting to stop container services.
2019-10-16 05:42:27,825 [main] INFO  impl.RaftServerProxy (RaftServerProxy.java:lambda$close$4(314)) - e414d63a-fd4b-43a7-bf4d-c8b49f4c8716: close
2019-10-16 05:42:27,825 [main] INFO  impl.RaftServerImpl (RaftServerImpl.java:lambda$shutdown$3(261)) - e414d63a-fd4b-43a7-bf4d-c8b49f4c8716@group-28296F217838: shutdown
2019-10-16 05:42:27,825 [ForkJoinPool.commonPool-worker-0] INFO  impl.RaftServerImpl (RaftServerImpl.java:lambda$shutdown$3(261)) - e414d63a-fd4b-43a7-bf4d-c8b49f4c8716@group-27B393925771: shutdown
2019-10-16 05:42:27,825 [main] INFO  util.JmxRegister (JmxRegister.java:unregister(73)) - Successfully un-registered JMX Bean with object name Ratis:service=RaftServer,group=group-28296F217838,id=e414d63a-fd4b-43a7-bf4d-c8b49f4c8716
2019-10-16 05:42:27,826 [ForkJoinPool.commonPool-worker-0] INFO  util.JmxRegister (JmxRegister.java:unregister(73)) - Successfully un-registered JMX Bean with object name Ratis:service=RaftServer,group=group-27B393925771,id=e414d63a-fd4b-43a7-bf4d-c8b49f4c8716
2019-10-16 05:42:27,826 [main] INFO  impl.RoleInfo (RoleInfo.java:shutdownFollowerState(121)) - e414d63a-fd4b-43a7-bf4d-c8b49f4c8716: shutdown FollowerState
2019-10-16 05:42:27,826 [ForkJoinPool.commonPool-worker-0] INFO  impl.RoleInfo (RoleInfo.java:shutdownLeaderState(104)) - e414d63a-fd4b-43a7-bf4d-c8b49f4c8716: shutdown LeaderState
2019-10-16 05:42:27,826 [Thread-1795] INFO  impl.FollowerState (FollowerState.java:run(117)) - e414d63a-fd4b-43a7-bf4d-c8b49f4c8716@group-28296F217838-FollowerState was interrupted: java.lang.InterruptedException: sleep interrupted
2019-10-16 05:42:27,826 [main] INFO  impl.StateMachineUpdater (StateMachineUpdater.java:stopAndJoin(136)) - e414d63a-fd4b-43a7-bf4d-c8b49f4c8716@group-28296F217838-StateMachineUpdater: set stopIndex = 4
2019-10-16 05:42:27,827 [ForkJoinPool.commonPool-worker-0] INFO  impl.PendingRequests (PendingRequests.java:sendNotLeaderResponses(202)) - e414d63a-fd4b-43a7-bf4d-c8b49f4c8716@group-27B393925771-PendingRequests: sendNotLeaderResponses
2019-10-16 05:42:27,826 [e414d63a-fd4b-43a7-bf4d-c8b49f4c8716@group-28296F217838-StateMachineUpdater] INFO  ratis.ContainerStateMachine (ContainerStateMachine.java:takeSnapshot(294)) - group-28296F217838: Taking a snapshot at:(t:2, i:3) file /workdir/hadoop-ozone/integration-test/target/test-dir/MiniOzoneClusterImpl-da60a4be-53b2-4b3d-9348-253d2842e1e4/datanode-3/data/ratis/f3b09cde-754b-4fc3-8542-28296f217838/sm/snapshot.2_3
2019-10-16 05:42:27,827 [ForkJoinPool.commonPool-worker-0] INFO  impl.StateMachineUpdater (StateMachineUpdater.java:stopAndJoin(136)) - e414d63a-fd4b-43a7-bf4d-c8b49f4c8716@group-27B393925771-StateMachineUpdater: set stopIndex = 0
2019-10-16 05:42:27,827 [ForkJoinPool.commonPool-worker-0] INFO  impl.RaftServerImpl (ServerState.java:close(388)) - e414d63a-fd4b-43a7-bf4d-c8b49f4c8716@group-27B393925771: closes. applyIndex: 0
2019-10-16 05:42:27,828 [e414d63a-fd4b-43a7-bf4d-c8b49f4c8716@group-27B393925771-SegmentedRaftLogWorker] INFO  segmented.SegmentedRaftLogWorker (SegmentedRaftLogWorker.java:run(316)) - e414d63a-fd4b-43a7-bf4d-c8b49f4c8716@group-27B393925771-SegmentedRaftLogWorker was interrupted, exiting. There are 0 tasks remaining in the queue.
2019-10-16 05:42:27,830 [ForkJoinPool.commonPool-worker-0] INFO  segmented.SegmentedRaftLogWorker (SegmentedRaftLogWorker.java:close(224)) - e414d63a-fd4b-43a7-bf4d-c8b49f4c8716@group-27B393925771-SegmentedRaftLogWorker close()
2019-10-16 05:42:27,860 [e414d63a-fd4b-43a7-bf4d-c8b49f4c8716@group-28296F217838-StateMachineUpdater] INFO  ratis.ContainerStateMachine (ContainerStateMachine.java:takeSnapshot(305)) - group-28296F217838: Finished taking a snapshot at:(t:2, i:3) file:/workdir/hadoop-ozone/integration-test/target/test-dir/MiniOzoneClusterImpl-da60a4be-53b2-4b3d-9348-253d2842e1e4/datanode-3/data/ratis/f3b09cde-754b-4fc3-8542-28296f217838/sm/snapshot.2_3 time:33
2019-10-16 05:42:27,860 [e414d63a-fd4b-43a7-bf4d-c8b49f4c8716@group-28296F217838-StateMachineUpdater] INFO  impl.StateMachineUpdater (StateMachineUpdater.java:takeSnapshot(269)) - e414d63a-fd4b-43a7-bf4d-c8b49f4c8716@group-28296F217838-StateMachineUpdater: Took a snapshot at index 3
2019-10-16 05:42:27,860 [e414d63a-fd4b-43a7-bf4d-c8b49f4c8716@group-28296F217838-StateMachineUpdater] INFO  impl.StateMachineUpdater (StateMachineUpdater.java:lambda$new$0(84)) - e414d63a-fd4b-43a7-bf4d-c8b49f4c8716@group-28296F217838-StateMachineUpdater: snapshotIndex: updateIncreasingly -1 -> 3
2019-10-16 05:42:27,861 [e414d63a-fd4b-43a7-bf4d-c8b49f4c8716@group-28296F217838-StateMachineUpdater] INFO  ratis.ContainerStateMachine (ContainerStateMachine.java:takeSnapshot(294)) - group-28296F217838: Taking a snapshot at:(t:2, i:3) file /workdir/hadoop-ozone/integration-test/target/test-dir/MiniOzoneClusterImpl-da60a4be-53b2-4b3d-9348-253d2842e1e4/datanode-3/data/ratis/f3b09cde-754b-4fc3-8542-28296f217838/sm/snapshot.2_3
2019-10-16 05:42:27,874 [e414d63a-fd4b-43a7-bf4d-c8b49f4c8716@group-28296F217838-StateMachineUpdater] INFO  ratis.ContainerStateMachine (ContainerStateMachine.java:takeSnapshot(305)) - group-28296F217838: Finished taking a snapshot at:(t:2, i:3) file:/workdir/hadoop-ozone/integration-test/target/test-dir/MiniOzoneClusterImpl-da60a4be-53b2-4b3d-9348-253d2842e1e4/datanode-3/data/ratis/f3b09cde-754b-4fc3-8542-28296f217838/sm/snapshot.2_3 time:14
2019-10-16 05:42:27,875 [e414d63a-fd4b-43a7-bf4d-c8b49f4c8716@group-28296F217838-StateMachineUpdater] INFO  impl.StateMachineUpdater (StateMachineUpdater.java:takeSnapshot(269)) - e414d63a-fd4b-43a7-bf4d-c8b49f4c8716@group-28296F217838-StateMachineUpdater: Took a snapshot at index 3
2019-10-16 05:42:27,875 [e414d63a-fd4b-43a7-bf4d-c8b49f4c8716@group-28296F217838-StateMachineUpdater] INFO  impl.StateMachineUpdater (StateMachineUpdater.java:lambda$new$0(84)) - e414d63a-fd4b-43a7-bf4d-c8b49f4c8716@group-28296F217838-StateMachineUpdater: snapshotIndex: updateIncreasingly 3 -> 3
2019-10-16 05:42:27,876 [main] INFO  impl.RaftServerImpl (ServerState.java:close(388)) - e414d63a-fd4b-43a7-bf4d-c8b49f4c8716@group-28296F217838: closes. applyIndex: 4
2019-10-16 05:42:27,876 [e414d63a-fd4b-43a7-bf4d-c8b49f4c8716@group-28296F217838-SegmentedRaftLogWorker] INFO  segmented.SegmentedRaftLogWorker (SegmentedRaftLogWorker.java:run(316)) - e414d63a-fd4b-43a7-bf4d-c8b49f4c8716@group-28296F217838-SegmentedRaftLogWorker was interrupted, exiting. There are 0 tasks remaining in the queue.
2019-10-16 05:42:27,878 [main] INFO  segmented.SegmentedRaftLogWorker (SegmentedRaftLogWorker.java:close(224)) - e414d63a-fd4b-43a7-bf4d-c8b49f4c8716@group-28296F217838-SegmentedRaftLogWorker close()
2019-10-16 05:42:27,880 [main] INFO  server.GrpcService (GrpcService.java:closeImpl(164)) - e414d63a-fd4b-43a7-bf4d-c8b49f4c8716: shutdown server with port 34794 now
2019-10-16 05:42:27,882 [grpc-default-executor-5] WARN  server.GrpcServerProtocolService (LogUtils.java:warn(134)) - e414d63a-fd4b-43a7-bf4d-c8b49f4c8716: installSnapshot onError, lastRequest: 059e0156-43bf-4f6e-8295-5d3dc33502d0->e414d63a-fd4b-43a7-bf4d-c8b49f4c8716#16-t2, previous=(t:2, i:4), leaderCommit=4, initializing? false, entries: <empty>: org.apache.ratis.thirdparty.io.grpc.StatusRuntimeException: CANCELLED: cancelled before receiving half close
2019-10-16 05:42:27,882 [main] INFO  server.GrpcService (GrpcService.java:closeImpl(172)) - e414d63a-fd4b-43a7-bf4d-c8b49f4c8716: shutdown server with port 34794 successfully
2019-10-16 05:42:27,883 [grpc-default-executor-7] WARN  server.GrpcLogAppender (LogUtils.java:warn(134)) - 059e0156-43bf-4f6e-8295-5d3dc33502d0@group-28296F217838->e414d63a-fd4b-43a7-bf4d-c8b49f4c8716-AppendLogResponseHandler: Failed appendEntries: org.apache.ratis.thirdparty.io.grpc.StatusRuntimeException: CANCELLED: HTTP/2 error code: CANCEL
Received Rst Stream
2019-10-16 05:42:27,884 [refreshUsed-/workdir/hadoop-ozone/integration-test/target/test-dir/MiniOzoneClusterImpl-da60a4be-53b2-4b3d-9348-253d2842e1e4/datanode-3/data/containers] WARN  fs.CachingGetSpaceUsed (CachingGetSpaceUsed.java:run(183)) - Thread Interrupted waiting to refresh disk information: sleep interrupted
2019-10-16 05:42:27,905 [main] INFO  utils.BackgroundService (BackgroundService.java:shutdown(151)) - Shutting down service BlockDeletingService
2019-10-16 05:42:27,911 [main] INFO  statemachine.DatanodeStateMachine (DatanodeStateMachine.java:stopDaemon(395)) - Ozone container server stopped.
2019-10-16 05:42:27,912 [main] INFO  handler.ContextHandler (ContextHandler.java:doStop(910)) - Stopped o.e.j.w.WebAppContext@4997552e{/,null,UNAVAILABLE}{/hddsDatanode}
2019-10-16 05:42:27,913 [main] INFO  server.AbstractConnector (AbstractConnector.java:doStop(318)) - Stopped ServerConnector@7bcecef6{HTTP/1.1,[http/1.1]}{0.0.0.0:0}
2019-10-16 05:42:27,913 [main] INFO  handler.ContextHandler (ContextHandler.java:doStop(910)) - Stopped o.e.j.s.ServletContextHandler@40ac6b76{/static,jar:file:/home/user/.m2/repository/org/apache/hadoop/hadoop-hdds-container-service/0.5.0-SNAPSHOT/hadoop-hdds-container-service-0.5.0-SNAPSHOT.jar!/webapps/static,UNAVAILABLE}
2019-10-16 05:42:27,914 [main] INFO  handler.ContextHandler (ContextHandler.java:doStop(910)) - Stopped o.e.j.s.ServletContextHandler@4887de2b{/logs,file:///workdir/hadoop-ozone/integration-test/target/log,UNAVAILABLE}
2019-10-16 05:42:27,979 [Datanode State Machine Thread - 0] INFO  statemachine.DatanodeStateMachine (DatanodeStateMachine.java:lambda$startDaemon$0(350)) - Ozone container server started.
2019-10-16 05:42:31,045 [java.util.concurrent.ThreadPoolExecutor$Worker@7cfcfa30[State = -1, empty queue]] WARN  server.GrpcLogAppender (GrpcLogAppender.java:timeoutAppendRequest(209)) - 059e0156-43bf-4f6e-8295-5d3dc33502d0@group-28296F217838->e414d63a-fd4b-43a7-bf4d-c8b49f4c8716-GrpcLogAppender: appendEntries Timeout, request=059e0156-43bf-4f6e-8295-5d3dc33502d0->e414d63a-fd4b-43a7-bf4d-c8b49f4c8716#17-t2, previous=(t:2, i:4), leaderCommit=4, initializing? false, entries: <empty>
2019-10-16 05:42:31,545 [java.util.concurrent.ThreadPoolExecutor$Worker@7cfcfa30[State = -1, empty queue]] WARN  server.GrpcLogAppender (GrpcLogAppender.java:timeoutAppendRequest(209)) - 059e0156-43bf-4f6e-8295-5d3dc33502d0@group-28296F217838->e414d63a-fd4b-43a7-bf4d-c8b49f4c8716-GrpcLogAppender: appendEntries Timeout, request=059e0156-43bf-4f6e-8295-5d3dc33502d0->e414d63a-fd4b-43a7-bf4d-c8b49f4c8716#18-t2, previous=(t:2, i:4), leaderCommit=4, initializing? false, entries: <empty>
2019-10-16 05:42:32,045 [java.util.concurrent.ThreadPoolExecutor$Worker@7cfcfa30[State = -1, empty queue]] WARN  server.GrpcLogAppender (GrpcLogAppender.java:timeoutAppendRequest(209)) - 059e0156-43bf-4f6e-8295-5d3dc33502d0@group-28296F217838->e414d63a-fd4b-43a7-bf4d-c8b49f4c8716-GrpcLogAppender: appendEntries Timeout, request=059e0156-43bf-4f6e-8295-5d3dc33502d0->e414d63a-fd4b-43a7-bf4d-c8b49f4c8716#19-t2, previous=(t:2, i:4), leaderCommit=4, initializing? false, entries: <empty>
2019-10-16 05:42:32,545 [java.util.concurrent.ThreadPoolExecutor$Worker@7cfcfa30[State = -1, empty queue]] WARN  server.GrpcLogAppender (GrpcLogAppender.java:timeoutAppendRequest(209)) - 059e0156-43bf-4f6e-8295-5d3dc33502d0@group-28296F217838->e414d63a-fd4b-43a7-bf4d-c8b49f4c8716-GrpcLogAppender: appendEntries Timeout, request=059e0156-43bf-4f6e-8295-5d3dc33502d0->e414d63a-fd4b-43a7-bf4d-c8b49f4c8716#20-t2, previous=(t:2, i:4), leaderCommit=4, initializing? false, entries: <empty>
2019-10-16 05:42:32,917 [main] INFO  ozoneimpl.OzoneContainer (OzoneContainer.java:stop(227)) - Attempting to stop container services.
2019-10-16 05:42:32,919 [main] INFO  impl.RaftServerProxy (RaftServerProxy.java:lambda$close$4(314)) - 2450c03a-3fc4-4268-b47d-cfd48db35b18: close
2019-10-16 05:42:32,920 [main] INFO  impl.RaftServerImpl (RaftServerImpl.java:lambda$shutdown$3(261)) - 2450c03a-3fc4-4268-b47d-cfd48db35b18@group-7B6DD9232CAC: shutdown
2019-10-16 05:42:32,921 [main] INFO  util.JmxRegister (JmxRegister.java:unregister(73)) - Successfully un-registered JMX Bean with object name Ratis:service=RaftServer,group=group-7B6DD9232CAC,id=2450c03a-3fc4-4268-b47d-cfd48db35b18
2019-10-16 05:42:32,921 [main] INFO  impl.RoleInfo (RoleInfo.java:shutdownLeaderState(104)) - 2450c03a-3fc4-4268-b47d-cfd48db35b18: shutdown LeaderState
2019-10-16 05:42:32,922 [main] INFO  impl.PendingRequests (PendingRequests.java:sendNotLeaderResponses(202)) - 2450c03a-3fc4-4268-b47d-cfd48db35b18@group-7B6DD9232CAC-PendingRequests: sendNotLeaderResponses
2019-10-16 05:42:32,923 [main] INFO  impl.StateMachineUpdater (StateMachineUpdater.java:stopAndJoin(136)) - 2450c03a-3fc4-4268-b47d-cfd48db35b18@group-7B6DD9232CAC-StateMachineUpdater: set stopIndex = 0
2019-10-16 05:42:32,923 [main] INFO  impl.RaftServerImpl (ServerState.java:close(388)) - 2450c03a-3fc4-4268-b47d-cfd48db35b18@group-7B6DD9232CAC: closes. applyIndex: 0
2019-10-16 05:42:32,924 [2450c03a-3fc4-4268-b47d-cfd48db35b18@group-7B6DD9232CAC-SegmentedRaftLogWorker] INFO  segmented.SegmentedRaftLogWorker (SegmentedRaftLogWorker.java:run(316)) - 2450c03a-3fc4-4268-b47d-cfd48db35b18@group-7B6DD9232CAC-SegmentedRaftLogWorker was interrupted, exiting. There are 0 tasks remaining in the queue.
2019-10-16 05:42:32,926 [main] INFO  segmented.SegmentedRaftLogWorker (SegmentedRaftLogWorker.java:close(224)) - 2450c03a-3fc4-4268-b47d-cfd48db35b18@group-7B6DD9232CAC-SegmentedRaftLogWorker close()
2019-10-16 05:42:32,928 [main] INFO  impl.RaftServerImpl (RaftServerImpl.java:lambda$shutdown$3(261)) - 2450c03a-3fc4-4268-b47d-cfd48db35b18@group-28296F217838: shutdown
2019-10-16 05:42:32,929 [main] INFO  util.JmxRegister (JmxRegister.java:unregister(73)) - Successfully un-registered JMX Bean with object name Ratis:service=RaftServer,group=group-28296F217838,id=2450c03a-3fc4-4268-b47d-cfd48db35b18
2019-10-16 05:42:32,929 [main] INFO  impl.RoleInfo (RoleInfo.java:shutdownFollowerState(121)) - 2450c03a-3fc4-4268-b47d-cfd48db35b18: shutdown FollowerState
2019-10-16 05:42:32,929 [main] INFO  impl.StateMachineUpdater (StateMachineUpdater.java:stopAndJoin(136)) - 2450c03a-3fc4-4268-b47d-cfd48db35b18@group-28296F217838-StateMachineUpdater: set stopIndex = 4
2019-10-16 05:42:32,930 [Thread-1803] INFO  impl.FollowerState (FollowerState.java:run(117)) - 2450c03a-3fc4-4268-b47d-cfd48db35b18@group-28296F217838-FollowerState was interrupted: java.lang.InterruptedException: sleep interrupted
2019-10-16 05:42:32,930 [2450c03a-3fc4-4268-b47d-cfd48db35b18@group-28296F217838-StateMachineUpdater] INFO  ratis.ContainerStateMachine (ContainerStateMachine.java:takeSnapshot(294)) - group-28296F217838: Taking a snapshot at:(t:2, i:3) file /workdir/hadoop-ozone/integration-test/target/test-dir/MiniOzoneClusterImpl-da60a4be-53b2-4b3d-9348-253d2842e1e4/datanode-4/data/ratis/f3b09cde-754b-4fc3-8542-28296f217838/sm/snapshot.2_3
2019-10-16 05:42:32,941 [2450c03a-3fc4-4268-b47d-cfd48db35b18@group-28296F217838-StateMachineUpdater] INFO  ratis.ContainerStateMachine (ContainerStateMachine.java:takeSnapshot(305)) - group-28296F217838: Finished taking a snapshot at:(t:2, i:3) file:/workdir/hadoop-ozone/integration-test/target/test-dir/MiniOzoneClusterImpl-da60a4be-53b2-4b3d-9348-253d2842e1e4/datanode-4/data/ratis/f3b09cde-754b-4fc3-8542-28296f217838/sm/snapshot.2_3 time:12
2019-10-16 05:42:32,942 [2450c03a-3fc4-4268-b47d-cfd48db35b18@group-28296F217838-StateMachineUpdater] INFO  impl.StateMachineUpdater (StateMachineUpdater.java:takeSnapshot(269)) - 2450c03a-3fc4-4268-b47d-cfd48db35b18@group-28296F217838-StateMachineUpdater: Took a snapshot at index 3
2019-10-16 05:42:32,942 [2450c03a-3fc4-4268-b47d-cfd48db35b18@group-28296F217838-StateMachineUpdater] INFO  impl.StateMachineUpdater (StateMachineUpdater.java:lambda$new$0(84)) - 2450c03a-3fc4-4268-b47d-cfd48db35b18@group-28296F217838-StateMachineUpdater: snapshotIndex: updateIncreasingly -1 -> 3
2019-10-16 05:42:32,942 [2450c03a-3fc4-4268-b47d-cfd48db35b18@group-28296F217838-StateMachineUpdater] INFO  ratis.ContainerStateMachine (ContainerStateMachine.java:takeSnapshot(294)) - group-28296F217838: Taking a snapshot at:(t:2, i:3) file /workdir/hadoop-ozone/integration-test/target/test-dir/MiniOzoneClusterImpl-da60a4be-53b2-4b3d-9348-253d2842e1e4/datanode-4/data/ratis/f3b09cde-754b-4fc3-8542-28296f217838/sm/snapshot.2_3
2019-10-16 05:42:32,955 [2450c03a-3fc4-4268-b47d-cfd48db35b18@group-28296F217838-StateMachineUpdater] INFO  ratis.ContainerStateMachine (ContainerStateMachine.java:takeSnapshot(305)) - group-28296F217838: Finished taking a snapshot at:(t:2, i:3) file:/workdir/hadoop-ozone/integration-test/target/test-dir/MiniOzoneClusterImpl-da60a4be-53b2-4b3d-9348-253d2842e1e4/datanode-4/data/ratis/f3b09cde-754b-4fc3-8542-28296f217838/sm/snapshot.2_3 time:12
2019-10-16 05:42:32,955 [2450c03a-3fc4-4268-b47d-cfd48db35b18@group-28296F217838-StateMachineUpdater] INFO  impl.StateMachineUpdater (StateMachineUpdater.java:takeSnapshot(269)) - 2450c03a-3fc4-4268-b47d-cfd48db35b18@group-28296F217838-StateMachineUpdater: Took a snapshot at index 3
2019-10-16 05:42:32,955 [2450c03a-3fc4-4268-b47d-cfd48db35b18@group-28296F217838-StateMachineUpdater] INFO  impl.StateMachineUpdater (StateMachineUpdater.java:lambda$new$0(84)) - 2450c03a-3fc4-4268-b47d-cfd48db35b18@group-28296F217838-StateMachineUpdater: snapshotIndex: updateIncreasingly 3 -> 3
2019-10-16 05:42:32,956 [main] INFO  impl.RaftServerImpl (ServerState.java:close(388)) - 2450c03a-3fc4-4268-b47d-cfd48db35b18@group-28296F217838: closes. applyIndex: 4
2019-10-16 05:42:32,956 [2450c03a-3fc4-4268-b47d-cfd48db35b18@group-28296F217838-SegmentedRaftLogWorker] INFO  segmented.SegmentedRaftLogWorker (SegmentedRaftLogWorker.java:run(316)) - 2450c03a-3fc4-4268-b47d-cfd48db35b18@group-28296F217838-SegmentedRaftLogWorker was interrupted, exiting. There are 0 tasks remaining in the queue.
2019-10-16 05:42:32,958 [main] INFO  segmented.SegmentedRaftLogWorker (SegmentedRaftLogWorker.java:close(224)) - 2450c03a-3fc4-4268-b47d-cfd48db35b18@group-28296F217838-SegmentedRaftLogWorker close()
2019-10-16 05:42:32,960 [main] INFO  server.GrpcService (GrpcService.java:closeImpl(164)) - 2450c03a-3fc4-4268-b47d-cfd48db35b18: shutdown server with port 40062 now
2019-10-16 05:42:32,965 [grpc-default-executor-5] WARN  server.GrpcServerProtocolService (LogUtils.java:warn(134)) - 2450c03a-3fc4-4268-b47d-cfd48db35b18: installSnapshot onError, lastRequest: 059e0156-43bf-4f6e-8295-5d3dc33502d0->2450c03a-3fc4-4268-b47d-cfd48db35b18#26-t2, previous=(t:2, i:4), leaderCommit=4, initializing? false, entries: <empty>: org.apache.ratis.thirdparty.io.grpc.StatusRuntimeException: CANCELLED: cancelled before receiving half close
2019-10-16 05:42:32,966 [main] INFO  server.GrpcService (GrpcService.java:closeImpl(172)) - 2450c03a-3fc4-4268-b47d-cfd48db35b18: shutdown server with port 40062 successfully
2019-10-16 05:42:32,966 [grpc-default-executor-7] WARN  server.GrpcLogAppender (LogUtils.java:warn(134)) - 059e0156-43bf-4f6e-8295-5d3dc33502d0@group-28296F217838->2450c03a-3fc4-4268-b47d-cfd48db35b18-AppendLogResponseHandler: Failed appendEntries: org.apache.ratis.thirdparty.io.grpc.StatusRuntimeException: CANCELLED: HTTP/2 error code: CANCEL
Received Rst Stream
2019-10-16 05:42:32,973 [refreshUsed-/workdir/hadoop-ozone/integration-test/target/test-dir/MiniOzoneClusterImpl-da60a4be-53b2-4b3d-9348-253d2842e1e4/datanode-4/data/containers] WARN  fs.CachingGetSpaceUsed (CachingGetSpaceUsed.java:run(183)) - Thread Interrupted waiting to refresh disk information: sleep interrupted
2019-10-16 05:42:32,992 [main] INFO  utils.BackgroundService (BackgroundService.java:shutdown(151)) - Shutting down service BlockDeletingService
2019-10-16 05:42:32,996 [main] INFO  statemachine.DatanodeStateMachine (DatanodeStateMachine.java:stopDaemon(395)) - Ozone container server stopped.
2019-10-16 05:42:33,000 [main] INFO  handler.ContextHandler (ContextHandler.java:doStop(910)) - Stopped o.e.j.w.WebAppContext@da28d03{/,null,UNAVAILABLE}{/hddsDatanode}
2019-10-16 05:42:33,001 [main] INFO  server.AbstractConnector (AbstractConnector.java:doStop(318)) - Stopped ServerConnector@ebda593{HTTP/1.1,[http/1.1]}{0.0.0.0:0}
2019-10-16 05:42:33,002 [main] INFO  handler.ContextHandler (ContextHandler.java:doStop(910)) - Stopped o.e.j.s.ServletContextHandler@17dad32f{/static,jar:file:/home/user/.m2/repository/org/apache/hadoop/hadoop-hdds-container-service/0.5.0-SNAPSHOT/hadoop-hdds-container-service-0.5.0-SNAPSHOT.jar!/webapps/static,UNAVAILABLE}
2019-10-16 05:42:33,002 [main] INFO  handler.ContextHandler (ContextHandler.java:doStop(910)) - Stopped o.e.j.s.ServletContextHandler@1b9d9a2b{/logs,file:///workdir/hadoop-ozone/integration-test/target/log,UNAVAILABLE}
2019-10-16 05:42:33,046 [java.util.concurrent.ThreadPoolExecutor$Worker@7cfcfa30[State = -1, empty queue]] WARN  server.GrpcLogAppender (GrpcLogAppender.java:timeoutAppendRequest(209)) - 059e0156-43bf-4f6e-8295-5d3dc33502d0@group-28296F217838->e414d63a-fd4b-43a7-bf4d-c8b49f4c8716-GrpcLogAppender: appendEntries Timeout, request=059e0156-43bf-4f6e-8295-5d3dc33502d0->e414d63a-fd4b-43a7-bf4d-c8b49f4c8716#21-t2, previous=(t:2, i:4), leaderCommit=4, initializing? false, entries: <empty>
2019-10-16 05:42:33,546 [java.util.concurrent.ThreadPoolExecutor$Worker@7cfcfa30[State = -1, empty queue]] WARN  server.GrpcLogAppender (GrpcLogAppender.java:timeoutAppendRequest(209)) - 059e0156-43bf-4f6e-8295-5d3dc33502d0@group-28296F217838->e414d63a-fd4b-43a7-bf4d-c8b49f4c8716-GrpcLogAppender: appendEntries Timeout, request=059e0156-43bf-4f6e-8295-5d3dc33502d0->e414d63a-fd4b-43a7-bf4d-c8b49f4c8716#22-t2, previous=(t:2, i:4), leaderCommit=4, initializing? false, entries: <empty>
2019-10-16 05:42:34,046 [java.util.concurrent.ThreadPoolExecutor$Worker@7cfcfa30[State = -1, empty queue]] WARN  server.GrpcLogAppender (GrpcLogAppender.java:timeoutAppendRequest(209)) - 059e0156-43bf-4f6e-8295-5d3dc33502d0@group-28296F217838->e414d63a-fd4b-43a7-bf4d-c8b49f4c8716-GrpcLogAppender: appendEntries Timeout, request=059e0156-43bf-4f6e-8295-5d3dc33502d0->e414d63a-fd4b-43a7-bf4d-c8b49f4c8716#23-t2, previous=(t:2, i:4), leaderCommit=4, initializing? false, entries: <empty>
2019-10-16 05:42:34,547 [java.util.concurrent.ThreadPoolExecutor$Worker@7cfcfa30[State = -1, empty queue]] WARN  server.GrpcLogAppender (GrpcLogAppender.java:timeoutAppendRequest(209)) - 059e0156-43bf-4f6e-8295-5d3dc33502d0@group-28296F217838->e414d63a-fd4b-43a7-bf4d-c8b49f4c8716-GrpcLogAppender: appendEntries Timeout, request=059e0156-43bf-4f6e-8295-5d3dc33502d0->e414d63a-fd4b-43a7-bf4d-c8b49f4c8716#24-t2, previous=(t:2, i:4), leaderCommit=4, initializing? false, entries: <empty>
2019-10-16 05:42:35,048 [java.util.concurrent.ThreadPoolExecutor$Worker@7cfcfa30[State = -1, empty queue]] WARN  server.GrpcLogAppender (GrpcLogAppender.java:timeoutAppendRequest(209)) - 059e0156-43bf-4f6e-8295-5d3dc33502d0@group-28296F217838->e414d63a-fd4b-43a7-bf4d-c8b49f4c8716-GrpcLogAppender: appendEntries Timeout, request=059e0156-43bf-4f6e-8295-5d3dc33502d0->e414d63a-fd4b-43a7-bf4d-c8b49f4c8716#25-t2, previous=(t:2, i:4), leaderCommit=4, initializing? false, entries: <empty>
2019-10-16 05:42:35,548 [java.util.concurrent.ThreadPoolExecutor$Worker@7cfcfa30[State = -1, empty queue]] WARN  server.GrpcLogAppender (GrpcLogAppender.java:timeoutAppendRequest(209)) - 059e0156-43bf-4f6e-8295-5d3dc33502d0@group-28296F217838->e414d63a-fd4b-43a7-bf4d-c8b49f4c8716-GrpcLogAppender: appendEntries Timeout, request=059e0156-43bf-4f6e-8295-5d3dc33502d0->e414d63a-fd4b-43a7-bf4d-c8b49f4c8716#26-t2, previous=(t:2, i:4), leaderCommit=4, initializing? false, entries: <empty>
2019-10-16 05:42:36,032 [java.util.concurrent.ThreadPoolExecutor$Worker@209795e0[State = -1, empty queue]] WARN  server.GrpcLogAppender (GrpcLogAppender.java:timeoutAppendRequest(209)) - 059e0156-43bf-4f6e-8295-5d3dc33502d0@group-28296F217838->2450c03a-3fc4-4268-b47d-cfd48db35b18-GrpcLogAppender: appendEntries Timeout, request=059e0156-43bf-4f6e-8295-5d3dc33502d0->2450c03a-3fc4-4268-b47d-cfd48db35b18#27-t2, previous=(t:2, i:4), leaderCommit=4, initializing? false, entries: size=1, first=(t:2, i:5), STATEMACHINELOGENTRY, client-3B7FBF8C3222, cid=96
2019-10-16 05:42:36,032 [java.util.concurrent.ThreadPoolExecutor$Worker@7cfcfa30[State = -1, empty queue]] WARN  server.GrpcLogAppender (GrpcLogAppender.java:timeoutAppendRequest(209)) - 059e0156-43bf-4f6e-8295-5d3dc33502d0@group-28296F217838->e414d63a-fd4b-43a7-bf4d-c8b49f4c8716-GrpcLogAppender: appendEntries Timeout, request=059e0156-43bf-4f6e-8295-5d3dc33502d0->e414d63a-fd4b-43a7-bf4d-c8b49f4c8716#27-t2, previous=(t:2, i:4), leaderCommit=4, initializing? false, entries: size=1, first=(t:2, i:5), STATEMACHINELOGENTRY, client-3B7FBF8C3222, cid=96
2019-10-16 05:42:36,032 [java.util.concurrent.ThreadPoolExecutor$Worker@209795e0[State = -1, empty queue]] WARN  server.GrpcLogAppender (GrpcLogAppender.java:timeoutAppendRequest(209)) - 059e0156-43bf-4f6e-8295-5d3dc33502d0@group-28296F217838->2450c03a-3fc4-4268-b47d-cfd48db35b18-GrpcLogAppender: appendEntries Timeout, request=059e0156-43bf-4f6e-8295-5d3dc33502d0->2450c03a-3fc4-4268-b47d-cfd48db35b18#28-t2, previous=(t:2, i:5), leaderCommit=4, initializing? false, entries: size=1, first=(t:2, i:6), STATEMACHINELOGENTRY, client-3B7FBF8C3222, cid=97
2019-10-16 05:42:36,032 [java.util.concurrent.ThreadPoolExecutor$Worker@7cfcfa30[State = -1, empty queue]] WARN  server.GrpcLogAppender (GrpcLogAppender.java:timeoutAppendRequest(209)) - 059e0156-43bf-4f6e-8295-5d3dc33502d0@group-28296F217838->e414d63a-fd4b-43a7-bf4d-c8b49f4c8716-GrpcLogAppender: appendEntries Timeout, request=059e0156-43bf-4f6e-8295-5d3dc33502d0->e414d63a-fd4b-43a7-bf4d-c8b49f4c8716#28-t2, previous=(t:2, i:5), leaderCommit=4, initializing? false, entries: size=1, first=(t:2, i:6), STATEMACHINELOGENTRY, client-3B7FBF8C3222, cid=97
2019-10-16 05:42:36,532 [java.util.concurrent.ThreadPoolExecutor$Worker@209795e0[State = -1, empty queue]] WARN  server.GrpcLogAppender (GrpcLogAppender.java:timeoutAppendRequest(209)) - 059e0156-43bf-4f6e-8295-5d3dc33502d0@group-28296F217838->2450c03a-3fc4-4268-b47d-cfd48db35b18-GrpcLogAppender: appendEntries Timeout, request=059e0156-43bf-4f6e-8295-5d3dc33502d0->2450c03a-3fc4-4268-b47d-cfd48db35b18#29-t2, previous=(t:2, i:6), leaderCommit=4, initializing? false, entries: <empty>
2019-10-16 05:42:36,532 [java.util.concurrent.ThreadPoolExecutor$Worker@7cfcfa30[State = -1, empty queue]] WARN  server.GrpcLogAppender (GrpcLogAppender.java:timeoutAppendRequest(209)) - 059e0156-43bf-4f6e-8295-5d3dc33502d0@group-28296F217838->e414d63a-fd4b-43a7-bf4d-c8b49f4c8716-GrpcLogAppender: appendEntries Timeout, request=059e0156-43bf-4f6e-8295-5d3dc33502d0->e414d63a-fd4b-43a7-bf4d-c8b49f4c8716#29-t2, previous=(t:2, i:6), leaderCommit=4, initializing? false, entries: <empty>
2019-10-16 05:42:37,032 [java.util.concurrent.ThreadPoolExecutor$Worker@209795e0[State = -1, empty queue]] WARN  server.GrpcLogAppender (GrpcLogAppender.java:timeoutAppendRequest(209)) - 059e0156-43bf-4f6e-8295-5d3dc33502d0@group-28296F217838->2450c03a-3fc4-4268-b47d-cfd48db35b18-GrpcLogAppender: appendEntries Timeout, request=059e0156-43bf-4f6e-8295-5d3dc33502d0->2450c03a-3fc4-4268-b47d-cfd48db35b18#30-t2, previous=(t:2, i:6), leaderCommit=4, initializing? false, entries: <empty>
2019-10-16 05:42:37,032 [java.util.concurrent.ThreadPoolExecutor$Worker@7cfcfa30[State = -1, empty queue]] WARN  server.GrpcLogAppender (GrpcLogAppender.java:timeoutAppendRequest(209)) - 059e0156-43bf-4f6e-8295-5d3dc33502d0@group-28296F217838->e414d63a-fd4b-43a7-bf4d-c8b49f4c8716-GrpcLogAppender: appendEntries Timeout, request=059e0156-43bf-4f6e-8295-5d3dc33502d0->e414d63a-fd4b-43a7-bf4d-c8b49f4c8716#30-t2, previous=(t:2, i:6), leaderCommit=4, initializing? false, entries: <empty>
2019-10-16 05:42:37,533 [java.util.concurrent.ThreadPoolExecutor$Worker@209795e0[State = -1, empty queue]] WARN  server.GrpcLogAppender (GrpcLogAppender.java:timeoutAppendRequest(209)) - 059e0156-43bf-4f6e-8295-5d3dc33502d0@group-28296F217838->2450c03a-3fc4-4268-b47d-cfd48db35b18-GrpcLogAppender: appendEntries Timeout, request=059e0156-43bf-4f6e-8295-5d3dc33502d0->2450c03a-3fc4-4268-b47d-cfd48db35b18#31-t2, previous=(t:2, i:6), leaderCommit=4, initializing? false, entries: <empty>
2019-10-16 05:42:37,533 [java.util.concurrent.ThreadPoolExecutor$Worker@7cfcfa30[State = -1, empty queue]] WARN  server.GrpcLogAppender (GrpcLogAppender.java:timeoutAppendRequest(209)) - 059e0156-43bf-4f6e-8295-5d3dc33502d0@group-28296F217838->e414d63a-fd4b-43a7-bf4d-c8b49f4c8716-GrpcLogAppender: appendEntries Timeout, request=059e0156-43bf-4f6e-8295-5d3dc33502d0->e414d63a-fd4b-43a7-bf4d-c8b49f4c8716#31-t2, previous=(t:2, i:6), leaderCommit=4, initializing? false, entries: <empty>
2019-10-16 05:42:38,034 [java.util.concurrent.ThreadPoolExecutor$Worker@7cfcfa30[State = -1, empty queue]] WARN  server.GrpcLogAppender (GrpcLogAppender.java:timeoutAppendRequest(209)) - 059e0156-43bf-4f6e-8295-5d3dc33502d0@group-28296F217838->e414d63a-fd4b-43a7-bf4d-c8b49f4c8716-GrpcLogAppender: appendEntries Timeout, request=059e0156-43bf-4f6e-8295-5d3dc33502d0->e414d63a-fd4b-43a7-bf4d-c8b49f4c8716#32-t2, previous=(t:2, i:6), leaderCommit=4, initializing? false, entries: <empty>
2019-10-16 05:42:38,034 [java.util.concurrent.ThreadPoolExecutor$Worker@209795e0[State = -1, empty queue]] WARN  server.GrpcLogAppender (GrpcLogAppender.java:timeoutAppendRequest(209)) - 059e0156-43bf-4f6e-8295-5d3dc33502d0@group-28296F217838->2450c03a-3fc4-4268-b47d-cfd48db35b18-GrpcLogAppender: appendEntries Timeout, request=059e0156-43bf-4f6e-8295-5d3dc33502d0->2450c03a-3fc4-4268-b47d-cfd48db35b18#32-t2, previous=(t:2, i:6), leaderCommit=4, initializing? false, entries: <empty>
2019-10-16 05:42:38,534 [java.util.concurrent.ThreadPoolExecutor$Worker@209795e0[State = -1, empty queue]] WARN  server.GrpcLogAppender (GrpcLogAppender.java:timeoutAppendRequest(209)) - 059e0156-43bf-4f6e-8295-5d3dc33502d0@group-28296F217838->2450c03a-3fc4-4268-b47d-cfd48db35b18-GrpcLogAppender: appendEntries Timeout, request=059e0156-43bf-4f6e-8295-5d3dc33502d0->2450c03a-3fc4-4268-b47d-cfd48db35b18#33-t2, previous=(t:2, i:6), leaderCommit=4, initializing? false, entries: <empty>
2019-10-16 05:42:38,534 [java.util.concurrent.ThreadPoolExecutor$Worker@7cfcfa30[State = -1, empty queue]] WARN  server.GrpcLogAppender (GrpcLogAppender.java:timeoutAppendRequest(209)) - 059e0156-43bf-4f6e-8295-5d3dc33502d0@group-28296F217838->e414d63a-fd4b-43a7-bf4d-c8b49f4c8716-GrpcLogAppender: appendEntries Timeout, request=059e0156-43bf-4f6e-8295-5d3dc33502d0->e414d63a-fd4b-43a7-bf4d-c8b49f4c8716#33-t2, previous=(t:2, i:6), leaderCommit=4, initializing? false, entries: <empty>
2019-10-16 05:42:39,035 [java.util.concurrent.ThreadPoolExecutor$Worker@209795e0[State = -1, empty queue]] WARN  server.GrpcLogAppender (GrpcLogAppender.java:timeoutAppendRequest(209)) - 059e0156-43bf-4f6e-8295-5d3dc33502d0@group-28296F217838->2450c03a-3fc4-4268-b47d-cfd48db35b18-GrpcLogAppender: appendEntries Timeout, request=059e0156-43bf-4f6e-8295-5d3dc33502d0->2450c03a-3fc4-4268-b47d-cfd48db35b18#34-t2, previous=(t:2, i:6), leaderCommit=4, initializing? false, entries: <empty>
2019-10-16 05:42:39,035 [java.util.concurrent.ThreadPoolExecutor$Worker@7cfcfa30[State = -1, empty queue]] WARN  server.GrpcLogAppender (GrpcLogAppender.java:timeoutAppendRequest(209)) - 059e0156-43bf-4f6e-8295-5d3dc33502d0@group-28296F217838->e414d63a-fd4b-43a7-bf4d-c8b49f4c8716-GrpcLogAppender: appendEntries Timeout, request=059e0156-43bf-4f6e-8295-5d3dc33502d0->e414d63a-fd4b-43a7-bf4d-c8b49f4c8716#34-t2, previous=(t:2, i:6), leaderCommit=4, initializing? false, entries: <empty>
2019-10-16 05:42:39,535 [java.util.concurrent.ThreadPoolExecutor$Worker@7cfcfa30[State = -1, empty queue]] WARN  server.GrpcLogAppender (GrpcLogAppender.java:timeoutAppendRequest(209)) - 059e0156-43bf-4f6e-8295-5d3dc33502d0@group-28296F217838->e414d63a-fd4b-43a7-bf4d-c8b49f4c8716-GrpcLogAppender: appendEntries Timeout, request=059e0156-43bf-4f6e-8295-5d3dc33502d0->e414d63a-fd4b-43a7-bf4d-c8b49f4c8716#35-t2, previous=(t:2, i:6), leaderCommit=4, initializing? false, entries: <empty>
2019-10-16 05:42:39,535 [java.util.concurrent.ThreadPoolExecutor$Worker@209795e0[State = -1, empty queue]] WARN  server.GrpcLogAppender (GrpcLogAppender.java:timeoutAppendRequest(209)) - 059e0156-43bf-4f6e-8295-5d3dc33502d0@group-28296F217838->2450c03a-3fc4-4268-b47d-cfd48db35b18-GrpcLogAppender: appendEntries Timeout, request=059e0156-43bf-4f6e-8295-5d3dc33502d0->2450c03a-3fc4-4268-b47d-cfd48db35b18#35-t2, previous=(t:2, i:6), leaderCommit=4, initializing? false, entries: <empty>
2019-10-16 05:42:40,039 [java.util.concurrent.ThreadPoolExecutor$Worker@7cfcfa30[State = -1, empty queue]] WARN  server.GrpcLogAppender (GrpcLogAppender.java:timeoutAppendRequest(209)) - 059e0156-43bf-4f6e-8295-5d3dc33502d0@group-28296F217838->e414d63a-fd4b-43a7-bf4d-c8b49f4c8716-GrpcLogAppender: appendEntries Timeout, request=059e0156-43bf-4f6e-8295-5d3dc33502d0->e414d63a-fd4b-43a7-bf4d-c8b49f4c8716#36-t2, previous=(t:2, i:6), leaderCommit=4, initializing? false, entries: <empty>
2019-10-16 05:42:40,039 [java.util.concurrent.ThreadPoolExecutor$Worker@209795e0[State = -1, empty queue]] WARN  server.GrpcLogAppender (GrpcLogAppender.java:timeoutAppendRequest(209)) - 059e0156-43bf-4f6e-8295-5d3dc33502d0@group-28296F217838->2450c03a-3fc4-4268-b47d-cfd48db35b18-GrpcLogAppender: appendEntries Timeout, request=059e0156-43bf-4f6e-8295-5d3dc33502d0->2450c03a-3fc4-4268-b47d-cfd48db35b18#36-t2, previous=(t:2, i:6), leaderCommit=4, initializing? false, entries: <empty>
2019-10-16 05:42:40,536 [java.util.concurrent.ThreadPoolExecutor$Worker@7cfcfa30[State = -1, empty queue]] WARN  server.GrpcLogAppender (GrpcLogAppender.java:timeoutAppendRequest(209)) - 059e0156-43bf-4f6e-8295-5d3dc33502d0@group-28296F217838->e414d63a-fd4b-43a7-bf4d-c8b49f4c8716-GrpcLogAppender: appendEntries Timeout, request=059e0156-43bf-4f6e-8295-5d3dc33502d0->e414d63a-fd4b-43a7-bf4d-c8b49f4c8716#37-t2, previous=(t:2, i:6), leaderCommit=4, initializing? false, entries: <empty>
2019-10-16 05:42:40,536 [java.util.concurrent.ThreadPoolExecutor$Worker@209795e0[State = -1, empty queue]] WARN  server.GrpcLogAppender (GrpcLogAppender.java:timeoutAppendRequest(209)) - 059e0156-43bf-4f6e-8295-5d3dc33502d0@group-28296F217838->2450c03a-3fc4-4268-b47d-cfd48db35b18-GrpcLogAppender: appendEntries Timeout, request=059e0156-43bf-4f6e-8295-5d3dc33502d0->2450c03a-3fc4-4268-b47d-cfd48db35b18#37-t2, previous=(t:2, i:6), leaderCommit=4, initializing? false, entries: <empty>
2019-10-16 05:42:41,036 [java.util.concurrent.ThreadPoolExecutor$Worker@7cfcfa30[State = -1, empty queue]] WARN  server.GrpcLogAppender (GrpcLogAppender.java:timeoutAppendRequest(209)) - 059e0156-43bf-4f6e-8295-5d3dc33502d0@group-28296F217838->e414d63a-fd4b-43a7-bf4d-c8b49f4c8716-GrpcLogAppender: appendEntries Timeout, request=059e0156-43bf-4f6e-8295-5d3dc33502d0->e414d63a-fd4b-43a7-bf4d-c8b49f4c8716#38-t2, previous=(t:2, i:6), leaderCommit=4, initializing? false, entries: <empty>
2019-10-16 05:42:41,036 [java.util.concurrent.ThreadPoolExecutor$Worker@209795e0[State = -1, empty queue]] WARN  server.GrpcLogAppender (GrpcLogAppender.java:timeoutAppendRequest(209)) - 059e0156-43bf-4f6e-8295-5d3dc33502d0@group-28296F217838->2450c03a-3fc4-4268-b47d-cfd48db35b18-GrpcLogAppender: appendEntries Timeout, request=059e0156-43bf-4f6e-8295-5d3dc33502d0->2450c03a-3fc4-4268-b47d-cfd48db35b18#38-t2, previous=(t:2, i:6), leaderCommit=4, initializing? false, entries: <empty>
2019-10-16 05:42:41,537 [java.util.concurrent.ThreadPoolExecutor$Worker@7cfcfa30[State = -1, empty queue]] WARN  server.GrpcLogAppender (GrpcLogAppender.java:timeoutAppendRequest(209)) - 059e0156-43bf-4f6e-8295-5d3dc33502d0@group-28296F217838->e414d63a-fd4b-43a7-bf4d-c8b49f4c8716-GrpcLogAppender: appendEntries Timeout, request=059e0156-43bf-4f6e-8295-5d3dc33502d0->e414d63a-fd4b-43a7-bf4d-c8b49f4c8716#39-t2, previous=(t:2, i:6), leaderCommit=4, initializing? false, entries: <empty>
2019-10-16 05:42:41,537 [java.util.concurrent.ThreadPoolExecutor$Worker@209795e0[State = -1, empty queue]] WARN  server.GrpcLogAppender (GrpcLogAppender.java:timeoutAppendRequest(209)) - 059e0156-43bf-4f6e-8295-5d3dc33502d0@group-28296F217838->2450c03a-3fc4-4268-b47d-cfd48db35b18-GrpcLogAppender: appendEntries Timeout, request=059e0156-43bf-4f6e-8295-5d3dc33502d0->2450c03a-3fc4-4268-b47d-cfd48db35b18#39-t2, previous=(t:2, i:6), leaderCommit=4, initializing? false, entries: <empty>
2019-10-16 05:42:42,039 [java.util.concurrent.ThreadPoolExecutor$Worker@7cfcfa30[State = -1, empty queue]] WARN  server.GrpcLogAppender (GrpcLogAppender.java:timeoutAppendRequest(209)) - 059e0156-43bf-4f6e-8295-5d3dc33502d0@group-28296F217838->e414d63a-fd4b-43a7-bf4d-c8b49f4c8716-GrpcLogAppender: appendEntries Timeout, request=059e0156-43bf-4f6e-8295-5d3dc33502d0->e414d63a-fd4b-43a7-bf4d-c8b49f4c8716#40-t2, previous=(t:2, i:6), leaderCommit=4, initializing? false, entries: <empty>
2019-10-16 05:42:42,039 [java.util.concurrent.ThreadPoolExecutor$Worker@209795e0[State = -1, empty queue]] WARN  server.GrpcLogAppender (GrpcLogAppender.java:timeoutAppendRequest(209)) - 059e0156-43bf-4f6e-8295-5d3dc33502d0@group-28296F217838->2450c03a-3fc4-4268-b47d-cfd48db35b18-GrpcLogAppender: appendEntries Timeout, request=059e0156-43bf-4f6e-8295-5d3dc33502d0->2450c03a-3fc4-4268-b47d-cfd48db35b18#40-t2, previous=(t:2, i:6), leaderCommit=4, initializing? false, entries: <empty>
2019-10-16 05:42:42,538 [java.util.concurrent.ThreadPoolExecutor$Worker@7cfcfa30[State = -1, empty queue]] WARN  server.GrpcLogAppender (GrpcLogAppender.java:timeoutAppendRequest(209)) - 059e0156-43bf-4f6e-8295-5d3dc33502d0@group-28296F217838->e414d63a-fd4b-43a7-bf4d-c8b49f4c8716-GrpcLogAppender: appendEntries Timeout, request=059e0156-43bf-4f6e-8295-5d3dc33502d0->e414d63a-fd4b-43a7-bf4d-c8b49f4c8716#41-t2, previous=(t:2, i:6), leaderCommit=4, initializing? false, entries: <empty>
2019-10-16 05:42:42,538 [java.util.concurrent.ThreadPoolExecutor$Worker@209795e0[State = -1, empty queue]] WARN  server.GrpcLogAppender (GrpcLogAppender.java:timeoutAppendRequest(209)) - 059e0156-43bf-4f6e-8295-5d3dc33502d0@group-28296F217838->2450c03a-3fc4-4268-b47d-cfd48db35b18-GrpcLogAppender: appendEntries Timeout, request=059e0156-43bf-4f6e-8295-5d3dc33502d0->2450c03a-3fc4-4268-b47d-cfd48db35b18#41-t2, previous=(t:2, i:6), leaderCommit=4, initializing? false, entries: <empty>
2019-10-16 05:42:43,039 [java.util.concurrent.ThreadPoolExecutor$Worker@7cfcfa30[State = -1, empty queue]] WARN  server.GrpcLogAppender (GrpcLogAppender.java:timeoutAppendRequest(209)) - 059e0156-43bf-4f6e-8295-5d3dc33502d0@group-28296F217838->e414d63a-fd4b-43a7-bf4d-c8b49f4c8716-GrpcLogAppender: appendEntries Timeout, request=059e0156-43bf-4f6e-8295-5d3dc33502d0->e414d63a-fd4b-43a7-bf4d-c8b49f4c8716#42-t2, previous=(t:2, i:6), leaderCommit=4, initializing? false, entries: <empty>
2019-10-16 05:42:43,039 [java.util.concurrent.ThreadPoolExecutor$Worker@209795e0[State = -1, empty queue]] WARN  server.GrpcLogAppender (GrpcLogAppender.java:timeoutAppendRequest(209)) - 059e0156-43bf-4f6e-8295-5d3dc33502d0@group-28296F217838->2450c03a-3fc4-4268-b47d-cfd48db35b18-GrpcLogAppender: appendEntries Timeout, request=059e0156-43bf-4f6e-8295-5d3dc33502d0->2450c03a-3fc4-4268-b47d-cfd48db35b18#42-t2, previous=(t:2, i:6), leaderCommit=4, initializing? false, entries: <empty>
2019-10-16 05:42:43,540 [java.util.concurrent.ThreadPoolExecutor$Worker@7cfcfa30[State = -1, empty queue]] WARN  server.GrpcLogAppender (GrpcLogAppender.java:timeoutAppendRequest(209)) - 059e0156-43bf-4f6e-8295-5d3dc33502d0@group-28296F217838->e414d63a-fd4b-43a7-bf4d-c8b49f4c8716-GrpcLogAppender: appendEntries Timeout, request=059e0156-43bf-4f6e-8295-5d3dc33502d0->e414d63a-fd4b-43a7-bf4d-c8b49f4c8716#43-t2, previous=(t:2, i:6), leaderCommit=4, initializing? false, entries: <empty>
2019-10-16 05:42:43,540 [java.util.concurrent.ThreadPoolExecutor$Worker@209795e0[State = -1, empty queue]] WARN  server.GrpcLogAppender (GrpcLogAppender.java:timeoutAppendRequest(209)) - 059e0156-43bf-4f6e-8295-5d3dc33502d0@group-28296F217838->2450c03a-3fc4-4268-b47d-cfd48db35b18-GrpcLogAppender: appendEntries Timeout, request=059e0156-43bf-4f6e-8295-5d3dc33502d0->2450c03a-3fc4-4268-b47d-cfd48db35b18#43-t2, previous=(t:2, i:6), leaderCommit=4, initializing? false, entries: <empty>
2019-10-16 05:42:44,040 [java.util.concurrent.ThreadPoolExecutor$Worker@7cfcfa30[State = -1, empty queue]] WARN  server.GrpcLogAppender (GrpcLogAppender.java:timeoutAppendRequest(209)) - 059e0156-43bf-4f6e-8295-5d3dc33502d0@group-28296F217838->e414d63a-fd4b-43a7-bf4d-c8b49f4c8716-GrpcLogAppender: appendEntries Timeout, request=059e0156-43bf-4f6e-8295-5d3dc33502d0->e414d63a-fd4b-43a7-bf4d-c8b49f4c8716#44-t2, previous=(t:2, i:6), leaderCommit=4, initializing? false, entries: <empty>
2019-10-16 05:42:44,040 [java.util.concurrent.ThreadPoolExecutor$Worker@209795e0[State = -1, empty queue]] WARN  server.GrpcLogAppender (GrpcLogAppender.java:timeoutAppendRequest(209)) - 059e0156-43bf-4f6e-8295-5d3dc33502d0@group-28296F217838->2450c03a-3fc4-4268-b47d-cfd48db35b18-GrpcLogAppender: appendEntries Timeout, request=059e0156-43bf-4f6e-8295-5d3dc33502d0->2450c03a-3fc4-4268-b47d-cfd48db35b18#44-t2, previous=(t:2, i:6), leaderCommit=4, initializing? false, entries: <empty>
2019-10-16 05:42:44,540 [java.util.concurrent.ThreadPoolExecutor$Worker@7cfcfa30[State = -1, empty queue]] WARN  server.GrpcLogAppender (GrpcLogAppender.java:timeoutAppendRequest(209)) - 059e0156-43bf-4f6e-8295-5d3dc33502d0@group-28296F217838->e414d63a-fd4b-43a7-bf4d-c8b49f4c8716-GrpcLogAppender: appendEntries Timeout, request=059e0156-43bf-4f6e-8295-5d3dc33502d0->e414d63a-fd4b-43a7-bf4d-c8b49f4c8716#45-t2, previous=(t:2, i:6), leaderCommit=4, initializing? false, entries: <empty>
2019-10-16 05:42:44,540 [java.util.concurrent.ThreadPoolExecutor$Worker@209795e0[State = -1, empty queue]] WARN  server.GrpcLogAppender (GrpcLogAppender.java:timeoutAppendRequest(209)) - 059e0156-43bf-4f6e-8295-5d3dc33502d0@group-28296F217838->2450c03a-3fc4-4268-b47d-cfd48db35b18-GrpcLogAppender: appendEntries Timeout, request=059e0156-43bf-4f6e-8295-5d3dc33502d0->2450c03a-3fc4-4268-b47d-cfd48db35b18#45-t2, previous=(t:2, i:6), leaderCommit=4, initializing? false, entries: <empty>
2019-10-16 05:42:45,044 [java.util.concurrent.ThreadPoolExecutor$Worker@209795e0[State = -1, empty queue]] WARN  server.GrpcLogAppender (GrpcLogAppender.java:timeoutAppendRequest(209)) - 059e0156-43bf-4f6e-8295-5d3dc33502d0@group-28296F217838->2450c03a-3fc4-4268-b47d-cfd48db35b18-GrpcLogAppender: appendEntries Timeout, request=059e0156-43bf-4f6e-8295-5d3dc33502d0->2450c03a-3fc4-4268-b47d-cfd48db35b18#46-t2, previous=(t:2, i:6), leaderCommit=4, initializing? false, entries: <empty>
2019-10-16 05:42:45,044 [java.util.concurrent.ThreadPoolExecutor$Worker@7cfcfa30[State = -1, empty queue]] WARN  server.GrpcLogAppender (GrpcLogAppender.java:timeoutAppendRequest(209)) - 059e0156-43bf-4f6e-8295-5d3dc33502d0@group-28296F217838->e414d63a-fd4b-43a7-bf4d-c8b49f4c8716-GrpcLogAppender: appendEntries Timeout, request=059e0156-43bf-4f6e-8295-5d3dc33502d0->e414d63a-fd4b-43a7-bf4d-c8b49f4c8716#46-t2, previous=(t:2, i:6), leaderCommit=4, initializing? false, entries: <empty>
2019-10-16 05:42:45,544 [java.util.concurrent.ThreadPoolExecutor$Worker@7cfcfa30[State = -1, empty queue]] WARN  server.GrpcLogAppender (GrpcLogAppender.java:timeoutAppendRequest(209)) - 059e0156-43bf-4f6e-8295-5d3dc33502d0@group-28296F217838->e414d63a-fd4b-43a7-bf4d-c8b49f4c8716-GrpcLogAppender: appendEntries Timeout, request=059e0156-43bf-4f6e-8295-5d3dc33502d0->e414d63a-fd4b-43a7-bf4d-c8b49f4c8716#47-t2, previous=(t:2, i:6), leaderCommit=4, initializing? false, entries: <empty>
2019-10-16 05:42:45,544 [java.util.concurrent.ThreadPoolExecutor$Worker@209795e0[State = -1, empty queue]] WARN  server.GrpcLogAppender (GrpcLogAppender.java:timeoutAppendRequest(209)) - 059e0156-43bf-4f6e-8295-5d3dc33502d0@group-28296F217838->2450c03a-3fc4-4268-b47d-cfd48db35b18-GrpcLogAppender: appendEntries Timeout, request=059e0156-43bf-4f6e-8295-5d3dc33502d0->2450c03a-3fc4-4268-b47d-cfd48db35b18#47-t2, previous=(t:2, i:6), leaderCommit=4, initializing? false, entries: <empty>
2019-10-16 05:42:46,046 [java.util.concurrent.ThreadPoolExecutor$Worker@209795e0[State = -1, empty queue]] WARN  server.GrpcLogAppender (GrpcLogAppender.java:timeoutAppendRequest(209)) - 059e0156-43bf-4f6e-8295-5d3dc33502d0@group-28296F217838->2450c03a-3fc4-4268-b47d-cfd48db35b18-GrpcLogAppender: appendEntries Timeout, request=059e0156-43bf-4f6e-8295-5d3dc33502d0->2450c03a-3fc4-4268-b47d-cfd48db35b18#48-t2, previous=(t:2, i:6), leaderCommit=4, initializing? false, entries: <empty>
2019-10-16 05:42:46,046 [java.util.concurrent.ThreadPoolExecutor$Worker@7cfcfa30[State = -1, empty queue]] WARN  server.GrpcLogAppender (GrpcLogAppender.java:timeoutAppendRequest(209)) - 059e0156-43bf-4f6e-8295-5d3dc33502d0@group-28296F217838->e414d63a-fd4b-43a7-bf4d-c8b49f4c8716-GrpcLogAppender: appendEntries Timeout, request=059e0156-43bf-4f6e-8295-5d3dc33502d0->e414d63a-fd4b-43a7-bf4d-c8b49f4c8716#48-t2, previous=(t:2, i:6), leaderCommit=4, initializing? false, entries: <empty>
2019-10-16 05:42:46,546 [java.util.concurrent.ThreadPoolExecutor$Worker@7cfcfa30[State = -1, empty queue]] WARN  server.GrpcLogAppender (GrpcLogAppender.java:timeoutAppendRequest(209)) - 059e0156-43bf-4f6e-8295-5d3dc33502d0@group-28296F217838->e414d63a-fd4b-43a7-bf4d-c8b49f4c8716-GrpcLogAppender: appendEntries Timeout, request=059e0156-43bf-4f6e-8295-5d3dc33502d0->e414d63a-fd4b-43a7-bf4d-c8b49f4c8716#49-t2, previous=(t:2, i:6), leaderCommit=4, initializing? false, entries: <empty>
2019-10-16 05:42:46,546 [java.util.concurrent.ThreadPoolExecutor$Worker@209795e0[State = -1, empty queue]] WARN  server.GrpcLogAppender (GrpcLogAppender.java:timeoutAppendRequest(209)) - 059e0156-43bf-4f6e-8295-5d3dc33502d0@group-28296F217838->2450c03a-3fc4-4268-b47d-cfd48db35b18-GrpcLogAppender: appendEntries Timeout, request=059e0156-43bf-4f6e-8295-5d3dc33502d0->2450c03a-3fc4-4268-b47d-cfd48db35b18#49-t2, previous=(t:2, i:6), leaderCommit=4, initializing? false, entries: <empty>
2019-10-16 05:42:47,047 [java.util.concurrent.ThreadPoolExecutor$Worker@7cfcfa30[State = -1, empty queue]] WARN  server.GrpcLogAppender (GrpcLogAppender.java:timeoutAppendRequest(209)) - 059e0156-43bf-4f6e-8295-5d3dc33502d0@group-28296F217838->e414d63a-fd4b-43a7-bf4d-c8b49f4c8716-GrpcLogAppender: appendEntries Timeout, request=059e0156-43bf-4f6e-8295-5d3dc33502d0->e414d63a-fd4b-43a7-bf4d-c8b49f4c8716#50-t2, previous=(t:2, i:6), leaderCommit=4, initializing? false, entries: <empty>
2019-10-16 05:42:47,047 [java.util.concurrent.ThreadPoolExecutor$Worker@209795e0[State = -1, empty queue]] WARN  server.GrpcLogAppender (GrpcLogAppender.java:timeoutAppendRequest(209)) - 059e0156-43bf-4f6e-8295-5d3dc33502d0@group-28296F217838->2450c03a-3fc4-4268-b47d-cfd48db35b18-GrpcLogAppender: appendEntries Timeout, request=059e0156-43bf-4f6e-8295-5d3dc33502d0->2450c03a-3fc4-4268-b47d-cfd48db35b18#50-t2, previous=(t:2, i:6), leaderCommit=4, initializing? false, entries: <empty>
2019-10-16 05:42:47,548 [java.util.concurrent.ThreadPoolExecutor$Worker@7cfcfa30[State = -1, empty queue]] WARN  server.GrpcLogAppender (GrpcLogAppender.java:timeoutAppendRequest(209)) - 059e0156-43bf-4f6e-8295-5d3dc33502d0@group-28296F217838->e414d63a-fd4b-43a7-bf4d-c8b49f4c8716-GrpcLogAppender: appendEntries Timeout, request=059e0156-43bf-4f6e-8295-5d3dc33502d0->e414d63a-fd4b-43a7-bf4d-c8b49f4c8716#51-t2, previous=(t:2, i:6), leaderCommit=4, initializing? false, entries: <empty>
2019-10-16 05:42:47,548 [java.util.concurrent.ThreadPoolExecutor$Worker@209795e0[State = -1, empty queue]] WARN  server.GrpcLogAppender (GrpcLogAppender.java:timeoutAppendRequest(209)) - 059e0156-43bf-4f6e-8295-5d3dc33502d0@group-28296F217838->2450c03a-3fc4-4268-b47d-cfd48db35b18-GrpcLogAppender: appendEntries Timeout, request=059e0156-43bf-4f6e-8295-5d3dc33502d0->2450c03a-3fc4-4268-b47d-cfd48db35b18#51-t2, previous=(t:2, i:6), leaderCommit=4, initializing? false, entries: <empty>
2019-10-16 05:42:48,048 [java.util.concurrent.ThreadPoolExecutor$Worker@7cfcfa30[State = -1, empty queue]] WARN  server.GrpcLogAppender (GrpcLogAppender.java:timeoutAppendRequest(209)) - 059e0156-43bf-4f6e-8295-5d3dc33502d0@group-28296F217838->e414d63a-fd4b-43a7-bf4d-c8b49f4c8716-GrpcLogAppender: appendEntries Timeout, request=059e0156-43bf-4f6e-8295-5d3dc33502d0->e414d63a-fd4b-43a7-bf4d-c8b49f4c8716#52-t2, previous=(t:2, i:6), leaderCommit=4, initializing? false, entries: <empty>
2019-10-16 05:42:48,048 [java.util.concurrent.ThreadPoolExecutor$Worker@209795e0[State = -1, empty queue]] WARN  server.GrpcLogAppender (GrpcLogAppender.java:timeoutAppendRequest(209)) - 059e0156-43bf-4f6e-8295-5d3dc33502d0@group-28296F217838->2450c03a-3fc4-4268-b47d-cfd48db35b18-GrpcLogAppender: appendEntries Timeout, request=059e0156-43bf-4f6e-8295-5d3dc33502d0->2450c03a-3fc4-4268-b47d-cfd48db35b18#52-t2, previous=(t:2, i:6), leaderCommit=4, initializing? false, entries: <empty>
2019-10-16 05:42:48,548 [java.util.concurrent.ThreadPoolExecutor$Worker@7cfcfa30[State = -1, empty queue]] WARN  server.GrpcLogAppender (GrpcLogAppender.java:timeoutAppendRequest(209)) - 059e0156-43bf-4f6e-8295-5d3dc33502d0@group-28296F217838->e414d63a-fd4b-43a7-bf4d-c8b49f4c8716-GrpcLogAppender: appendEntries Timeout, request=059e0156-43bf-4f6e-8295-5d3dc33502d0->e414d63a-fd4b-43a7-bf4d-c8b49f4c8716#53-t2, previous=(t:2, i:6), leaderCommit=4, initializing? false, entries: <empty>
2019-10-16 05:42:48,548 [java.util.concurrent.ThreadPoolExecutor$Worker@209795e0[State = -1, empty queue]] WARN  server.GrpcLogAppender (GrpcLogAppender.java:timeoutAppendRequest(209)) - 059e0156-43bf-4f6e-8295-5d3dc33502d0@group-28296F217838->2450c03a-3fc4-4268-b47d-cfd48db35b18-GrpcLogAppender: appendEntries Timeout, request=059e0156-43bf-4f6e-8295-5d3dc33502d0->2450c03a-3fc4-4268-b47d-cfd48db35b18#53-t2, previous=(t:2, i:6), leaderCommit=4, initializing? false, entries: <empty>
2019-10-16 05:42:49,049 [java.util.concurrent.ThreadPoolExecutor$Worker@209795e0[State = -1, empty queue]] WARN  server.GrpcLogAppender (GrpcLogAppender.java:timeoutAppendRequest(209)) - 059e0156-43bf-4f6e-8295-5d3dc33502d0@group-28296F217838->2450c03a-3fc4-4268-b47d-cfd48db35b18-GrpcLogAppender: appendEntries Timeout, request=059e0156-43bf-4f6e-8295-5d3dc33502d0->2450c03a-3fc4-4268-b47d-cfd48db35b18#54-t2, previous=(t:2, i:6), leaderCommit=4, initializing? false, entries: <empty>
2019-10-16 05:42:49,049 [java.util.concurrent.ThreadPoolExecutor$Worker@7cfcfa30[State = -1, empty queue]] WARN  server.GrpcLogAppender (GrpcLogAppender.java:timeoutAppendRequest(209)) - 059e0156-43bf-4f6e-8295-5d3dc33502d0@group-28296F217838->e414d63a-fd4b-43a7-bf4d-c8b49f4c8716-GrpcLogAppender: appendEntries Timeout, request=059e0156-43bf-4f6e-8295-5d3dc33502d0->e414d63a-fd4b-43a7-bf4d-c8b49f4c8716#54-t2, previous=(t:2, i:6), leaderCommit=4, initializing? false, entries: <empty>
2019-10-16 05:42:49,549 [java.util.concurrent.ThreadPoolExecutor$Worker@7cfcfa30[State = -1, empty queue]] WARN  server.GrpcLogAppender (GrpcLogAppender.java:timeoutAppendRequest(209)) - 059e0156-43bf-4f6e-8295-5d3dc33502d0@group-28296F217838->e414d63a-fd4b-43a7-bf4d-c8b49f4c8716-GrpcLogAppender: appendEntries Timeout, request=059e0156-43bf-4f6e-8295-5d3dc33502d0->e414d63a-fd4b-43a7-bf4d-c8b49f4c8716#55-t2, previous=(t:2, i:6), leaderCommit=4, initializing? false, entries: <empty>
2019-10-16 05:42:49,549 [java.util.concurrent.ThreadPoolExecutor$Worker@209795e0[State = -1, empty queue]] WARN  server.GrpcLogAppender (GrpcLogAppender.java:timeoutAppendRequest(209)) - 059e0156-43bf-4f6e-8295-5d3dc33502d0@group-28296F217838->2450c03a-3fc4-4268-b47d-cfd48db35b18-GrpcLogAppender: appendEntries Timeout, request=059e0156-43bf-4f6e-8295-5d3dc33502d0->2450c03a-3fc4-4268-b47d-cfd48db35b18#55-t2, previous=(t:2, i:6), leaderCommit=4, initializing? false, entries: <empty>
2019-10-16 05:42:50,049 [java.util.concurrent.ThreadPoolExecutor$Worker@209795e0[State = -1, empty queue]] WARN  server.GrpcLogAppender (GrpcLogAppender.java:timeoutAppendRequest(209)) - 059e0156-43bf-4f6e-8295-5d3dc33502d0@group-28296F217838->2450c03a-3fc4-4268-b47d-cfd48db35b18-GrpcLogAppender: appendEntries Timeout, request=059e0156-43bf-4f6e-8295-5d3dc33502d0->2450c03a-3fc4-4268-b47d-cfd48db35b18#56-t2, previous=(t:2, i:6), leaderCommit=4, initializing? false, entries: <empty>
2019-10-16 05:42:50,049 [java.util.concurrent.ThreadPoolExecutor$Worker@7cfcfa30[State = -1, empty queue]] WARN  server.GrpcLogAppender (GrpcLogAppender.java:timeoutAppendRequest(209)) - 059e0156-43bf-4f6e-8295-5d3dc33502d0@group-28296F217838->e414d63a-fd4b-43a7-bf4d-c8b49f4c8716-GrpcLogAppender: appendEntries Timeout, request=059e0156-43bf-4f6e-8295-5d3dc33502d0->e414d63a-fd4b-43a7-bf4d-c8b49f4c8716#56-t2, previous=(t:2, i:6), leaderCommit=4, initializing? false, entries: <empty>
2019-10-16 05:42:50,549 [java.util.concurrent.ThreadPoolExecutor$Worker@209795e0[State = -1, empty queue]] WARN  server.GrpcLogAppender (GrpcLogAppender.java:timeoutAppendRequest(209)) - 059e0156-43bf-4f6e-8295-5d3dc33502d0@group-28296F217838->2450c03a-3fc4-4268-b47d-cfd48db35b18-GrpcLogAppender: appendEntries Timeout, request=059e0156-43bf-4f6e-8295-5d3dc33502d0->2450c03a-3fc4-4268-b47d-cfd48db35b18#57-t2, previous=(t:2, i:6), leaderCommit=4, initializing? false, entries: <empty>
2019-10-16 05:42:50,549 [java.util.concurrent.ThreadPoolExecutor$Worker@7cfcfa30[State = -1, empty queue]] WARN  server.GrpcLogAppender (GrpcLogAppender.java:timeoutAppendRequest(209)) - 059e0156-43bf-4f6e-8295-5d3dc33502d0@group-28296F217838->e414d63a-fd4b-43a7-bf4d-c8b49f4c8716-GrpcLogAppender: appendEntries Timeout, request=059e0156-43bf-4f6e-8295-5d3dc33502d0->e414d63a-fd4b-43a7-bf4d-c8b49f4c8716#57-t2, previous=(t:2, i:6), leaderCommit=4, initializing? false, entries: <empty>
2019-10-16 05:42:51,050 [java.util.concurrent.ThreadPoolExecutor$Worker@7cfcfa30[State = -1, empty queue]] WARN  server.GrpcLogAppender (GrpcLogAppender.java:timeoutAppendRequest(209)) - 059e0156-43bf-4f6e-8295-5d3dc33502d0@group-28296F217838->e414d63a-fd4b-43a7-bf4d-c8b49f4c8716-GrpcLogAppender: appendEntries Timeout, request=059e0156-43bf-4f6e-8295-5d3dc33502d0->e414d63a-fd4b-43a7-bf4d-c8b49f4c8716#58-t2, previous=(t:2, i:6), leaderCommit=4, initializing? false, entries: <empty>
2019-10-16 05:42:51,050 [java.util.concurrent.ThreadPoolExecutor$Worker@209795e0[State = -1, empty queue]] WARN  server.GrpcLogAppender (GrpcLogAppender.java:timeoutAppendRequest(209)) - 059e0156-43bf-4f6e-8295-5d3dc33502d0@group-28296F217838->2450c03a-3fc4-4268-b47d-cfd48db35b18-GrpcLogAppender: appendEntries Timeout, request=059e0156-43bf-4f6e-8295-5d3dc33502d0->2450c03a-3fc4-4268-b47d-cfd48db35b18#58-t2, previous=(t:2, i:6), leaderCommit=4, initializing? false, entries: <empty>
2019-10-16 05:42:51,550 [java.util.concurrent.ThreadPoolExecutor$Worker@7cfcfa30[State = -1, empty queue]] WARN  server.GrpcLogAppender (GrpcLogAppender.java:timeoutAppendRequest(209)) - 059e0156-43bf-4f6e-8295-5d3dc33502d0@group-28296F217838->e414d63a-fd4b-43a7-bf4d-c8b49f4c8716-GrpcLogAppender: appendEntries Timeout, request=059e0156-43bf-4f6e-8295-5d3dc33502d0->e414d63a-fd4b-43a7-bf4d-c8b49f4c8716#59-t2, previous=(t:2, i:6), leaderCommit=4, initializing? false, entries: <empty>
2019-10-16 05:42:51,550 [java.util.concurrent.ThreadPoolExecutor$Worker@209795e0[State = -1, empty queue]] WARN  server.GrpcLogAppender (GrpcLogAppender.java:timeoutAppendRequest(209)) - 059e0156-43bf-4f6e-8295-5d3dc33502d0@group-28296F217838->2450c03a-3fc4-4268-b47d-cfd48db35b18-GrpcLogAppender: appendEntries Timeout, request=059e0156-43bf-4f6e-8295-5d3dc33502d0->2450c03a-3fc4-4268-b47d-cfd48db35b18#59-t2, previous=(t:2, i:6), leaderCommit=4, initializing? false, entries: <empty>
2019-10-16 05:42:52,050 [java.util.concurrent.ThreadPoolExecutor$Worker@209795e0[State = -1, empty queue]] WARN  server.GrpcLogAppender (GrpcLogAppender.java:timeoutAppendRequest(209)) - 059e0156-43bf-4f6e-8295-5d3dc33502d0@group-28296F217838->2450c03a-3fc4-4268-b47d-cfd48db35b18-GrpcLogAppender: appendEntries Timeout, request=059e0156-43bf-4f6e-8295-5d3dc33502d0->2450c03a-3fc4-4268-b47d-cfd48db35b18#60-t2, previous=(t:2, i:6), leaderCommit=4, initializing? false, entries: <empty>
2019-10-16 05:42:52,050 [java.util.concurrent.ThreadPoolExecutor$Worker@7cfcfa30[State = -1, empty queue]] WARN  server.GrpcLogAppender (GrpcLogAppender.java:timeoutAppendRequest(209)) - 059e0156-43bf-4f6e-8295-5d3dc33502d0@group-28296F217838->e414d63a-fd4b-43a7-bf4d-c8b49f4c8716-GrpcLogAppender: appendEntries Timeout, request=059e0156-43bf-4f6e-8295-5d3dc33502d0->e414d63a-fd4b-43a7-bf4d-c8b49f4c8716#60-t2, previous=(t:2, i:6), leaderCommit=4, initializing? false, entries: <empty>
2019-10-16 05:42:52,551 [java.util.concurrent.ThreadPoolExecutor$Worker@209795e0[State = -1, empty queue]] WARN  server.GrpcLogAppender (GrpcLogAppender.java:timeoutAppendRequest(209)) - 059e0156-43bf-4f6e-8295-5d3dc33502d0@group-28296F217838->2450c03a-3fc4-4268-b47d-cfd48db35b18-GrpcLogAppender: appendEntries Timeout, request=059e0156-43bf-4f6e-8295-5d3dc33502d0->2450c03a-3fc4-4268-b47d-cfd48db35b18#61-t2, previous=(t:2, i:6), leaderCommit=4, initializing? false, entries: <empty>
2019-10-16 05:42:52,551 [java.util.concurrent.ThreadPoolExecutor$Worker@7cfcfa30[State = -1, empty queue]] WARN  server.GrpcLogAppender (GrpcLogAppender.java:timeoutAppendRequest(209)) - 059e0156-43bf-4f6e-8295-5d3dc33502d0@group-28296F217838->e414d63a-fd4b-43a7-bf4d-c8b49f4c8716-GrpcLogAppender: appendEntries Timeout, request=059e0156-43bf-4f6e-8295-5d3dc33502d0->e414d63a-fd4b-43a7-bf4d-c8b49f4c8716#61-t2, previous=(t:2, i:6), leaderCommit=4, initializing? false, entries: <empty>
2019-10-16 05:42:53,051 [java.util.concurrent.ThreadPoolExecutor$Worker@209795e0[State = -1, empty queue]] WARN  server.GrpcLogAppender (GrpcLogAppender.java:timeoutAppendRequest(209)) - 059e0156-43bf-4f6e-8295-5d3dc33502d0@group-28296F217838->2450c03a-3fc4-4268-b47d-cfd48db35b18-GrpcLogAppender: appendEntries Timeout, request=059e0156-43bf-4f6e-8295-5d3dc33502d0->2450c03a-3fc4-4268-b47d-cfd48db35b18#62-t2, previous=(t:2, i:6), leaderCommit=4, initializing? false, entries: <empty>
2019-10-16 05:42:53,051 [java.util.concurrent.ThreadPoolExecutor$Worker@7cfcfa30[State = -1, empty queue]] WARN  server.GrpcLogAppender (GrpcLogAppender.java:timeoutAppendRequest(209)) - 059e0156-43bf-4f6e-8295-5d3dc33502d0@group-28296F217838->e414d63a-fd4b-43a7-bf4d-c8b49f4c8716-GrpcLogAppender: appendEntries Timeout, request=059e0156-43bf-4f6e-8295-5d3dc33502d0->e414d63a-fd4b-43a7-bf4d-c8b49f4c8716#62-t2, previous=(t:2, i:6), leaderCommit=4, initializing? false, entries: <empty>
2019-10-16 05:42:53,551 [java.util.concurrent.ThreadPoolExecutor$Worker@209795e0[State = -1, empty queue]] WARN  server.GrpcLogAppender (GrpcLogAppender.java:timeoutAppendRequest(209)) - 059e0156-43bf-4f6e-8295-5d3dc33502d0@group-28296F217838->2450c03a-3fc4-4268-b47d-cfd48db35b18-GrpcLogAppender: appendEntries Timeout, request=059e0156-43bf-4f6e-8295-5d3dc33502d0->2450c03a-3fc4-4268-b47d-cfd48db35b18#63-t2, previous=(t:2, i:6), leaderCommit=4, initializing? false, entries: <empty>
2019-10-16 05:42:53,551 [java.util.concurrent.ThreadPoolExecutor$Worker@7cfcfa30[State = -1, empty queue]] WARN  server.GrpcLogAppender (GrpcLogAppender.java:timeoutAppendRequest(209)) - 059e0156-43bf-4f6e-8295-5d3dc33502d0@group-28296F217838->e414d63a-fd4b-43a7-bf4d-c8b49f4c8716-GrpcLogAppender: appendEntries Timeout, request=059e0156-43bf-4f6e-8295-5d3dc33502d0->e414d63a-fd4b-43a7-bf4d-c8b49f4c8716#63-t2, previous=(t:2, i:6), leaderCommit=4, initializing? false, entries: <empty>
2019-10-16 05:42:54,051 [java.util.concurrent.ThreadPoolExecutor$Worker@209795e0[State = -1, empty queue]] WARN  server.GrpcLogAppender (GrpcLogAppender.java:timeoutAppendRequest(209)) - 059e0156-43bf-4f6e-8295-5d3dc33502d0@group-28296F217838->2450c03a-3fc4-4268-b47d-cfd48db35b18-GrpcLogAppender: appendEntries Timeout, request=059e0156-43bf-4f6e-8295-5d3dc33502d0->2450c03a-3fc4-4268-b47d-cfd48db35b18#64-t2, previous=(t:2, i:6), leaderCommit=4, initializing? false, entries: <empty>
2019-10-16 05:42:54,052 [java.util.concurrent.ThreadPoolExecutor$Worker@7cfcfa30[State = -1, empty queue]] WARN  server.GrpcLogAppender (GrpcLogAppender.java:timeoutAppendRequest(209)) - 059e0156-43bf-4f6e-8295-5d3dc33502d0@group-28296F217838->e414d63a-fd4b-43a7-bf4d-c8b49f4c8716-GrpcLogAppender: appendEntries Timeout, request=059e0156-43bf-4f6e-8295-5d3dc33502d0->e414d63a-fd4b-43a7-bf4d-c8b49f4c8716#64-t2, previous=(t:2, i:6), leaderCommit=4, initializing? false, entries: <empty>
2019-10-16 05:42:54,552 [java.util.concurrent.ThreadPoolExecutor$Worker@209795e0[State = -1, empty queue]] WARN  server.GrpcLogAppender (GrpcLogAppender.java:timeoutAppendRequest(209)) - 059e0156-43bf-4f6e-8295-5d3dc33502d0@group-28296F217838->2450c03a-3fc4-4268-b47d-cfd48db35b18-GrpcLogAppender: appendEntries Timeout, request=059e0156-43bf-4f6e-8295-5d3dc33502d0->2450c03a-3fc4-4268-b47d-cfd48db35b18#65-t2, previous=(t:2, i:6), leaderCommit=4, initializing? false, entries: <empty>
2019-10-16 05:42:54,552 [java.util.concurrent.ThreadPoolExecutor$Worker@7cfcfa30[State = -1, empty queue]] WARN  server.GrpcLogAppender (GrpcLogAppender.java:timeoutAppendRequest(209)) - 059e0156-43bf-4f6e-8295-5d3dc33502d0@group-28296F217838->e414d63a-fd4b-43a7-bf4d-c8b49f4c8716-GrpcLogAppender: appendEntries Timeout, request=059e0156-43bf-4f6e-8295-5d3dc33502d0->e414d63a-fd4b-43a7-bf4d-c8b49f4c8716#65-t2, previous=(t:2, i:6), leaderCommit=4, initializing? false, entries: <empty>
2019-10-16 05:42:55,052 [java.util.concurrent.ThreadPoolExecutor$Worker@209795e0[State = -1, empty queue]] WARN  server.GrpcLogAppender (GrpcLogAppender.java:timeoutAppendRequest(209)) - 059e0156-43bf-4f6e-8295-5d3dc33502d0@group-28296F217838->2450c03a-3fc4-4268-b47d-cfd48db35b18-GrpcLogAppender: appendEntries Timeout, request=059e0156-43bf-4f6e-8295-5d3dc33502d0->2450c03a-3fc4-4268-b47d-cfd48db35b18#66-t2, previous=(t:2, i:6), leaderCommit=4, initializing? false, entries: <empty>
2019-10-16 05:42:55,052 [java.util.concurrent.ThreadPoolExecutor$Worker@7cfcfa30[State = -1, empty queue]] WARN  server.GrpcLogAppender (GrpcLogAppender.java:timeoutAppendRequest(209)) - 059e0156-43bf-4f6e-8295-5d3dc33502d0@group-28296F217838->e414d63a-fd4b-43a7-bf4d-c8b49f4c8716-GrpcLogAppender: appendEntries Timeout, request=059e0156-43bf-4f6e-8295-5d3dc33502d0->e414d63a-fd4b-43a7-bf4d-c8b49f4c8716#66-t2, previous=(t:2, i:6), leaderCommit=4, initializing? false, entries: <empty>
2019-10-16 05:42:55,552 [java.util.concurrent.ThreadPoolExecutor$Worker@209795e0[State = -1, empty queue]] WARN  server.GrpcLogAppender (GrpcLogAppender.java:timeoutAppendRequest(209)) - 059e0156-43bf-4f6e-8295-5d3dc33502d0@group-28296F217838->2450c03a-3fc4-4268-b47d-cfd48db35b18-GrpcLogAppender: appendEntries Timeout, request=059e0156-43bf-4f6e-8295-5d3dc33502d0->2450c03a-3fc4-4268-b47d-cfd48db35b18#67-t2, previous=(t:2, i:6), leaderCommit=4, initializing? false, entries: <empty>
2019-10-16 05:42:55,552 [java.util.concurrent.ThreadPoolExecutor$Worker@7cfcfa30[State = -1, empty queue]] WARN  server.GrpcLogAppender (GrpcLogAppender.java:timeoutAppendRequest(209)) - 059e0156-43bf-4f6e-8295-5d3dc33502d0@group-28296F217838->e414d63a-fd4b-43a7-bf4d-c8b49f4c8716-GrpcLogAppender: appendEntries Timeout, request=059e0156-43bf-4f6e-8295-5d3dc33502d0->e414d63a-fd4b-43a7-bf4d-c8b49f4c8716#67-t2, previous=(t:2, i:6), leaderCommit=4, initializing? false, entries: <empty>
2019-10-16 05:42:56,052 [java.util.concurrent.ThreadPoolExecutor$Worker@7cfcfa30[State = -1, empty queue]] WARN  server.GrpcLogAppender (GrpcLogAppender.java:timeoutAppendRequest(209)) - 059e0156-43bf-4f6e-8295-5d3dc33502d0@group-28296F217838->e414d63a-fd4b-43a7-bf4d-c8b49f4c8716-GrpcLogAppender: appendEntries Timeout, request=059e0156-43bf-4f6e-8295-5d3dc33502d0->e414d63a-fd4b-43a7-bf4d-c8b49f4c8716#68-t2, previous=(t:2, i:6), leaderCommit=4, initializing? false, entries: <empty>
2019-10-16 05:42:56,052 [java.util.concurrent.ThreadPoolExecutor$Worker@209795e0[State = -1, empty queue]] WARN  server.GrpcLogAppender (GrpcLogAppender.java:timeoutAppendRequest(209)) - 059e0156-43bf-4f6e-8295-5d3dc33502d0@group-28296F217838->2450c03a-3fc4-4268-b47d-cfd48db35b18-GrpcLogAppender: appendEntries Timeout, request=059e0156-43bf-4f6e-8295-5d3dc33502d0->2450c03a-3fc4-4268-b47d-cfd48db35b18#68-t2, previous=(t:2, i:6), leaderCommit=4, initializing? false, entries: <empty>
2019-10-16 05:42:56,553 [java.util.concurrent.ThreadPoolExecutor$Worker@7cfcfa30[State = -1, empty queue]] WARN  server.GrpcLogAppender (GrpcLogAppender.java:timeoutAppendRequest(209)) - 059e0156-43bf-4f6e-8295-5d3dc33502d0@group-28296F217838->e414d63a-fd4b-43a7-bf4d-c8b49f4c8716-GrpcLogAppender: appendEntries Timeout, request=059e0156-43bf-4f6e-8295-5d3dc33502d0->e414d63a-fd4b-43a7-bf4d-c8b49f4c8716#69-t2, previous=(t:2, i:6), leaderCommit=4, initializing? false, entries: <empty>
2019-10-16 05:42:56,553 [java.util.concurrent.ThreadPoolExecutor$Worker@209795e0[State = -1, empty queue]] WARN  server.GrpcLogAppender (GrpcLogAppender.java:timeoutAppendRequest(209)) - 059e0156-43bf-4f6e-8295-5d3dc33502d0@group-28296F217838->2450c03a-3fc4-4268-b47d-cfd48db35b18-GrpcLogAppender: appendEntries Timeout, request=059e0156-43bf-4f6e-8295-5d3dc33502d0->2450c03a-3fc4-4268-b47d-cfd48db35b18#69-t2, previous=(t:2, i:6), leaderCommit=4, initializing? false, entries: <empty>
2019-10-16 05:42:57,054 [java.util.concurrent.ThreadPoolExecutor$Worker@209795e0[State = -1, empty queue]] WARN  server.GrpcLogAppender (GrpcLogAppender.java:timeoutAppendRequest(209)) - 059e0156-43bf-4f6e-8295-5d3dc33502d0@group-28296F217838->2450c03a-3fc4-4268-b47d-cfd48db35b18-GrpcLogAppender: appendEntries Timeout, request=059e0156-43bf-4f6e-8295-5d3dc33502d0->2450c03a-3fc4-4268-b47d-cfd48db35b18#70-t2, previous=(t:2, i:6), leaderCommit=4, initializing? false, entries: <empty>
2019-10-16 05:42:57,054 [java.util.concurrent.ThreadPoolExecutor$Worker@7cfcfa30[State = -1, empty queue]] WARN  server.GrpcLogAppender (GrpcLogAppender.java:timeoutAppendRequest(209)) - 059e0156-43bf-4f6e-8295-5d3dc33502d0@group-28296F217838->e414d63a-fd4b-43a7-bf4d-c8b49f4c8716-GrpcLogAppender: appendEntries Timeout, request=059e0156-43bf-4f6e-8295-5d3dc33502d0->e414d63a-fd4b-43a7-bf4d-c8b49f4c8716#70-t2, previous=(t:2, i:6), leaderCommit=4, initializing? false, entries: <empty>
2019-10-16 05:42:57,554 [java.util.concurrent.ThreadPoolExecutor$Worker@209795e0[State = -1, empty queue]] WARN  server.GrpcLogAppender (GrpcLogAppender.java:timeoutAppendRequest(209)) - 059e0156-43bf-4f6e-8295-5d3dc33502d0@group-28296F217838->2450c03a-3fc4-4268-b47d-cfd48db35b18-GrpcLogAppender: appendEntries Timeout, request=059e0156-43bf-4f6e-8295-5d3dc33502d0->2450c03a-3fc4-4268-b47d-cfd48db35b18#71-t2, previous=(t:2, i:6), leaderCommit=4, initializing? false, entries: <empty>
2019-10-16 05:42:57,554 [java.util.concurrent.ThreadPoolExecutor$Worker@7cfcfa30[State = -1, empty queue]] WARN  server.GrpcLogAppender (GrpcLogAppender.java:timeoutAppendRequest(209)) - 059e0156-43bf-4f6e-8295-5d3dc33502d0@group-28296F217838->e414d63a-fd4b-43a7-bf4d-c8b49f4c8716-GrpcLogAppender: appendEntries Timeout, request=059e0156-43bf-4f6e-8295-5d3dc33502d0->e414d63a-fd4b-43a7-bf4d-c8b49f4c8716#71-t2, previous=(t:2, i:6), leaderCommit=4, initializing? false, entries: <empty>
2019-10-16 05:42:58,054 [java.util.concurrent.ThreadPoolExecutor$Worker@7cfcfa30[State = -1, empty queue]] WARN  server.GrpcLogAppender (GrpcLogAppender.java:timeoutAppendRequest(209)) - 059e0156-43bf-4f6e-8295-5d3dc33502d0@group-28296F217838->e414d63a-fd4b-43a7-bf4d-c8b49f4c8716-GrpcLogAppender: appendEntries Timeout, request=059e0156-43bf-4f6e-8295-5d3dc33502d0->e414d63a-fd4b-43a7-bf4d-c8b49f4c8716#72-t2, previous=(t:2, i:6), leaderCommit=4, initializing? false, entries: <empty>
2019-10-16 05:42:58,054 [java.util.concurrent.ThreadPoolExecutor$Worker@209795e0[State = -1, empty queue]] WARN  server.GrpcLogAppender (GrpcLogAppender.java:timeoutAppendRequest(209)) - 059e0156-43bf-4f6e-8295-5d3dc33502d0@group-28296F217838->2450c03a-3fc4-4268-b47d-cfd48db35b18-GrpcLogAppender: appendEntries Timeout, request=059e0156-43bf-4f6e-8295-5d3dc33502d0->2450c03a-3fc4-4268-b47d-cfd48db35b18#72-t2, previous=(t:2, i:6), leaderCommit=4, initializing? false, entries: <empty>
2019-10-16 05:42:58,555 [java.util.concurrent.ThreadPoolExecutor$Worker@209795e0[State = -1, empty queue]] WARN  server.GrpcLogAppender (GrpcLogAppender.java:timeoutAppendRequest(209)) - 059e0156-43bf-4f6e-8295-5d3dc33502d0@group-28296F217838->2450c03a-3fc4-4268-b47d-cfd48db35b18-GrpcLogAppender: appendEntries Timeout, request=059e0156-43bf-4f6e-8295-5d3dc33502d0->2450c03a-3fc4-4268-b47d-cfd48db35b18#73-t2, previous=(t:2, i:6), leaderCommit=4, initializing? false, entries: <empty>
2019-10-16 05:42:58,555 [java.util.concurrent.ThreadPoolExecutor$Worker@7cfcfa30[State = -1, empty queue]] WARN  server.GrpcLogAppender (GrpcLogAppender.java:timeoutAppendRequest(209)) - 059e0156-43bf-4f6e-8295-5d3dc33502d0@group-28296F217838->e414d63a-fd4b-43a7-bf4d-c8b49f4c8716-GrpcLogAppender: appendEntries Timeout, request=059e0156-43bf-4f6e-8295-5d3dc33502d0->e414d63a-fd4b-43a7-bf4d-c8b49f4c8716#73-t2, previous=(t:2, i:6), leaderCommit=4, initializing? false, entries: <empty>
2019-10-16 05:42:59,055 [java.util.concurrent.ThreadPoolExecutor$Worker@7cfcfa30[State = -1, empty queue]] WARN  server.GrpcLogAppender (GrpcLogAppender.java:timeoutAppendRequest(209)) - 059e0156-43bf-4f6e-8295-5d3dc33502d0@group-28296F217838->e414d63a-fd4b-43a7-bf4d-c8b49f4c8716-GrpcLogAppender: appendEntries Timeout, request=059e0156-43bf-4f6e-8295-5d3dc33502d0->e414d63a-fd4b-43a7-bf4d-c8b49f4c8716#74-t2, previous=(t:2, i:6), leaderCommit=4, initializing? false, entries: <empty>
2019-10-16 05:42:59,055 [java.util.concurrent.ThreadPoolExecutor$Worker@209795e0[State = -1, empty queue]] WARN  server.GrpcLogAppender (GrpcLogAppender.java:timeoutAppendRequest(209)) - 059e0156-43bf-4f6e-8295-5d3dc33502d0@group-28296F217838->2450c03a-3fc4-4268-b47d-cfd48db35b18-GrpcLogAppender: appendEntries Timeout, request=059e0156-43bf-4f6e-8295-5d3dc33502d0->2450c03a-3fc4-4268-b47d-cfd48db35b18#74-t2, previous=(t:2, i:6), leaderCommit=4, initializing? false, entries: <empty>
2019-10-16 05:42:59,555 [java.util.concurrent.ThreadPoolExecutor$Worker@7cfcfa30[State = -1, empty queue]] WARN  server.GrpcLogAppender (GrpcLogAppender.java:timeoutAppendRequest(209)) - 059e0156-43bf-4f6e-8295-5d3dc33502d0@group-28296F217838->e414d63a-fd4b-43a7-bf4d-c8b49f4c8716-GrpcLogAppender: appendEntries Timeout, request=059e0156-43bf-4f6e-8295-5d3dc33502d0->e414d63a-fd4b-43a7-bf4d-c8b49f4c8716#75-t2, previous=(t:2, i:6), leaderCommit=4, initializing? false, entries: <empty>
2019-10-16 05:42:59,555 [java.util.concurrent.ThreadPoolExecutor$Worker@209795e0[State = -1, empty queue]] WARN  server.GrpcLogAppender (GrpcLogAppender.java:timeoutAppendRequest(209)) - 059e0156-43bf-4f6e-8295-5d3dc33502d0@group-28296F217838->2450c03a-3fc4-4268-b47d-cfd48db35b18-GrpcLogAppender: appendEntries Timeout, request=059e0156-43bf-4f6e-8295-5d3dc33502d0->2450c03a-3fc4-4268-b47d-cfd48db35b18#75-t2, previous=(t:2, i:6), leaderCommit=4, initializing? false, entries: <empty>
2019-10-16 05:43:00,055 [java.util.concurrent.ThreadPoolExecutor$Worker@7cfcfa30[State = -1, empty queue]] WARN  server.GrpcLogAppender (GrpcLogAppender.java:timeoutAppendRequest(209)) - 059e0156-43bf-4f6e-8295-5d3dc33502d0@group-28296F217838->e414d63a-fd4b-43a7-bf4d-c8b49f4c8716-GrpcLogAppender: appendEntries Timeout, request=059e0156-43bf-4f6e-8295-5d3dc33502d0->e414d63a-fd4b-43a7-bf4d-c8b49f4c8716#76-t2, previous=(t:2, i:6), leaderCommit=4, initializing? false, entries: <empty>
2019-10-16 05:43:00,056 [java.util.concurrent.ThreadPoolExecutor$Worker@209795e0[State = -1, empty queue]] WARN  server.GrpcLogAppender (GrpcLogAppender.java:timeoutAppendRequest(209)) - 059e0156-43bf-4f6e-8295-5d3dc33502d0@group-28296F217838->2450c03a-3fc4-4268-b47d-cfd48db35b18-GrpcLogAppender: appendEntries Timeout, request=059e0156-43bf-4f6e-8295-5d3dc33502d0->2450c03a-3fc4-4268-b47d-cfd48db35b18#76-t2, previous=(t:2, i:6), leaderCommit=4, initializing? false, entries: <empty>
2019-10-16 05:43:00,555 [java.util.concurrent.ThreadPoolExecutor$Worker@7cfcfa30[State = -1, empty queue]] WARN  server.GrpcLogAppender (GrpcLogAppender.java:timeoutAppendRequest(209)) - 059e0156-43bf-4f6e-8295-5d3dc33502d0@group-28296F217838->e414d63a-fd4b-43a7-bf4d-c8b49f4c8716-GrpcLogAppender: appendEntries Timeout, request=059e0156-43bf-4f6e-8295-5d3dc33502d0->e414d63a-fd4b-43a7-bf4d-c8b49f4c8716#77-t2, previous=(t:2, i:6), leaderCommit=4, initializing? false, entries: <empty>
2019-10-16 05:43:00,556 [java.util.concurrent.ThreadPoolExecutor$Worker@209795e0[State = -1, empty queue]] WARN  server.GrpcLogAppender (GrpcLogAppender.java:timeoutAppendRequest(209)) - 059e0156-43bf-4f6e-8295-5d3dc33502d0@group-28296F217838->2450c03a-3fc4-4268-b47d-cfd48db35b18-GrpcLogAppender: appendEntries Timeout, request=059e0156-43bf-4f6e-8295-5d3dc33502d0->2450c03a-3fc4-4268-b47d-cfd48db35b18#77-t2, previous=(t:2, i:6), leaderCommit=4, initializing? false, entries: <empty>
2019-10-16 05:43:01,056 [java.util.concurrent.ThreadPoolExecutor$Worker@7cfcfa30[State = -1, empty queue]] WARN  server.GrpcLogAppender (GrpcLogAppender.java:timeoutAppendRequest(209)) - 059e0156-43bf-4f6e-8295-5d3dc33502d0@group-28296F217838->e414d63a-fd4b-43a7-bf4d-c8b49f4c8716-GrpcLogAppender: appendEntries Timeout, request=059e0156-43bf-4f6e-8295-5d3dc33502d0->e414d63a-fd4b-43a7-bf4d-c8b49f4c8716#78-t2, previous=(t:2, i:6), leaderCommit=4, initializing? false, entries: <empty>
2019-10-16 05:43:01,056 [java.util.concurrent.ThreadPoolExecutor$Worker@209795e0[State = -1, empty queue]] WARN  server.GrpcLogAppender (GrpcLogAppender.java:timeoutAppendRequest(209)) - 059e0156-43bf-4f6e-8295-5d3dc33502d0@group-28296F217838->2450c03a-3fc4-4268-b47d-cfd48db35b18-GrpcLogAppender: appendEntries Timeout, request=059e0156-43bf-4f6e-8295-5d3dc33502d0->2450c03a-3fc4-4268-b47d-cfd48db35b18#78-t2, previous=(t:2, i:6), leaderCommit=4, initializing? false, entries: <empty>
2019-10-16 05:43:01,557 [java.util.concurrent.ThreadPoolExecutor$Worker@7cfcfa30[State = -1, empty queue]] WARN  server.GrpcLogAppender (GrpcLogAppender.java:timeoutAppendRequest(209)) - 059e0156-43bf-4f6e-8295-5d3dc33502d0@group-28296F217838->e414d63a-fd4b-43a7-bf4d-c8b49f4c8716-GrpcLogAppender: appendEntries Timeout, request=059e0156-43bf-4f6e-8295-5d3dc33502d0->e414d63a-fd4b-43a7-bf4d-c8b49f4c8716#79-t2, previous=(t:2, i:6), leaderCommit=4, initializing? false, entries: <empty>
2019-10-16 05:43:01,557 [java.util.concurrent.ThreadPoolExecutor$Worker@209795e0[State = -1, empty queue]] WARN  server.GrpcLogAppender (GrpcLogAppender.java:timeoutAppendRequest(209)) - 059e0156-43bf-4f6e-8295-5d3dc33502d0@group-28296F217838->2450c03a-3fc4-4268-b47d-cfd48db35b18-GrpcLogAppender: appendEntries Timeout, request=059e0156-43bf-4f6e-8295-5d3dc33502d0->2450c03a-3fc4-4268-b47d-cfd48db35b18#79-t2, previous=(t:2, i:6), leaderCommit=4, initializing? false, entries: <empty>
2019-10-16 05:43:02,057 [java.util.concurrent.ThreadPoolExecutor$Worker@209795e0[State = -1, empty queue]] WARN  server.GrpcLogAppender (GrpcLogAppender.java:timeoutAppendRequest(209)) - 059e0156-43bf-4f6e-8295-5d3dc33502d0@group-28296F217838->2450c03a-3fc4-4268-b47d-cfd48db35b18-GrpcLogAppender: appendEntries Timeout, request=059e0156-43bf-4f6e-8295-5d3dc33502d0->2450c03a-3fc4-4268-b47d-cfd48db35b18#80-t2, previous=(t:2, i:6), leaderCommit=4, initializing? false, entries: <empty>
2019-10-16 05:43:02,057 [java.util.concurrent.ThreadPoolExecutor$Worker@7cfcfa30[State = -1, empty queue]] WARN  server.GrpcLogAppender (GrpcLogAppender.java:timeoutAppendRequest(209)) - 059e0156-43bf-4f6e-8295-5d3dc33502d0@group-28296F217838->e414d63a-fd4b-43a7-bf4d-c8b49f4c8716-GrpcLogAppender: appendEntries Timeout, request=059e0156-43bf-4f6e-8295-5d3dc33502d0->e414d63a-fd4b-43a7-bf4d-c8b49f4c8716#80-t2, previous=(t:2, i:6), leaderCommit=4, initializing? false, entries: <empty>
2019-10-16 05:43:02,557 [java.util.concurrent.ThreadPoolExecutor$Worker@209795e0[State = -1, empty queue]] WARN  server.GrpcLogAppender (GrpcLogAppender.java:timeoutAppendRequest(209)) - 059e0156-43bf-4f6e-8295-5d3dc33502d0@group-28296F217838->2450c03a-3fc4-4268-b47d-cfd48db35b18-GrpcLogAppender: appendEntries Timeout, request=059e0156-43bf-4f6e-8295-5d3dc33502d0->2450c03a-3fc4-4268-b47d-cfd48db35b18#81-t2, previous=(t:2, i:6), leaderCommit=4, initializing? false, entries: <empty>
2019-10-16 05:43:02,557 [java.util.concurrent.ThreadPoolExecutor$Worker@7cfcfa30[State = -1, empty queue]] WARN  server.GrpcLogAppender (GrpcLogAppender.java:timeoutAppendRequest(209)) - 059e0156-43bf-4f6e-8295-5d3dc33502d0@group-28296F217838->e414d63a-fd4b-43a7-bf4d-c8b49f4c8716-GrpcLogAppender: appendEntries Timeout, request=059e0156-43bf-4f6e-8295-5d3dc33502d0->e414d63a-fd4b-43a7-bf4d-c8b49f4c8716#81-t2, previous=(t:2, i:6), leaderCommit=4, initializing? false, entries: <empty>
2019-10-16 05:43:03,057 [java.util.concurrent.ThreadPoolExecutor$Worker@7cfcfa30[State = -1, empty queue]] WARN  server.GrpcLogAppender (GrpcLogAppender.java:timeoutAppendRequest(209)) - 059e0156-43bf-4f6e-8295-5d3dc33502d0@group-28296F217838->e414d63a-fd4b-43a7-bf4d-c8b49f4c8716-GrpcLogAppender: appendEntries Timeout, request=059e0156-43bf-4f6e-8295-5d3dc33502d0->e414d63a-fd4b-43a7-bf4d-c8b49f4c8716#82-t2, previous=(t:2, i:6), leaderCommit=4, initializing? false, entries: <empty>
2019-10-16 05:43:03,057 [java.util.concurrent.ThreadPoolExecutor$Worker@209795e0[State = -1, empty queue]] WARN  server.GrpcLogAppender (GrpcLogAppender.java:timeoutAppendRequest(209)) - 059e0156-43bf-4f6e-8295-5d3dc33502d0@group-28296F217838->2450c03a-3fc4-4268-b47d-cfd48db35b18-GrpcLogAppender: appendEntries Timeout, request=059e0156-43bf-4f6e-8295-5d3dc33502d0->2450c03a-3fc4-4268-b47d-cfd48db35b18#82-t2, previous=(t:2, i:6), leaderCommit=4, initializing? false, entries: <empty>
2019-10-16 05:43:03,558 [java.util.concurrent.ThreadPoolExecutor$Worker@7cfcfa30[State = -1, empty queue]] WARN  server.GrpcLogAppender (GrpcLogAppender.java:timeoutAppendRequest(209)) - 059e0156-43bf-4f6e-8295-5d3dc33502d0@group-28296F217838->e414d63a-fd4b-43a7-bf4d-c8b49f4c8716-GrpcLogAppender: appendEntries Timeout, request=059e0156-43bf-4f6e-8295-5d3dc33502d0->e414d63a-fd4b-43a7-bf4d-c8b49f4c8716#83-t2, previous=(t:2, i:6), leaderCommit=4, initializing? false, entries: <empty>
2019-10-16 05:43:03,558 [java.util.concurrent.ThreadPoolExecutor$Worker@209795e0[State = -1, empty queue]] WARN  server.GrpcLogAppender (GrpcLogAppender.java:timeoutAppendRequest(209)) - 059e0156-43bf-4f6e-8295-5d3dc33502d0@group-28296F217838->2450c03a-3fc4-4268-b47d-cfd48db35b18-GrpcLogAppender: appendEntries Timeout, request=059e0156-43bf-4f6e-8295-5d3dc33502d0->2450c03a-3fc4-4268-b47d-cfd48db35b18#83-t2, previous=(t:2, i:6), leaderCommit=4, initializing? false, entries: <empty>
2019-10-16 05:43:04,058 [java.util.concurrent.ThreadPoolExecutor$Worker@7cfcfa30[State = -1, empty queue]] WARN  server.GrpcLogAppender (GrpcLogAppender.java:timeoutAppendRequest(209)) - 059e0156-43bf-4f6e-8295-5d3dc33502d0@group-28296F217838->e414d63a-fd4b-43a7-bf4d-c8b49f4c8716-GrpcLogAppender: appendEntries Timeout, request=059e0156-43bf-4f6e-8295-5d3dc33502d0->e414d63a-fd4b-43a7-bf4d-c8b49f4c8716#84-t2, previous=(t:2, i:6), leaderCommit=4, initializing? false, entries: <empty>
2019-10-16 05:43:04,058 [java.util.concurrent.ThreadPoolExecutor$Worker@209795e0[State = -1, empty queue]] WARN  server.GrpcLogAppender (GrpcLogAppender.java:timeoutAppendRequest(209)) - 059e0156-43bf-4f6e-8295-5d3dc33502d0@group-28296F217838->2450c03a-3fc4-4268-b47d-cfd48db35b18-GrpcLogAppender: appendEntries Timeout, request=059e0156-43bf-4f6e-8295-5d3dc33502d0->2450c03a-3fc4-4268-b47d-cfd48db35b18#84-t2, previous=(t:2, i:6), leaderCommit=4, initializing? false, entries: <empty>
2019-10-16 05:43:04,558 [java.util.concurrent.ThreadPoolExecutor$Worker@209795e0[State = -1, empty queue]] WARN  server.GrpcLogAppender (GrpcLogAppender.java:timeoutAppendRequest(209)) - 059e0156-43bf-4f6e-8295-5d3dc33502d0@group-28296F217838->2450c03a-3fc4-4268-b47d-cfd48db35b18-GrpcLogAppender: appendEntries Timeout, request=059e0156-43bf-4f6e-8295-5d3dc33502d0->2450c03a-3fc4-4268-b47d-cfd48db35b18#85-t2, previous=(t:2, i:6), leaderCommit=4, initializing? false, entries: <empty>
2019-10-16 05:43:04,558 [java.util.concurrent.ThreadPoolExecutor$Worker@7cfcfa30[State = -1, empty queue]] WARN  server.GrpcLogAppender (GrpcLogAppender.java:timeoutAppendRequest(209)) - 059e0156-43bf-4f6e-8295-5d3dc33502d0@group-28296F217838->e414d63a-fd4b-43a7-bf4d-c8b49f4c8716-GrpcLogAppender: appendEntries Timeout, request=059e0156-43bf-4f6e-8295-5d3dc33502d0->e414d63a-fd4b-43a7-bf4d-c8b49f4c8716#85-t2, previous=(t:2, i:6), leaderCommit=4, initializing? false, entries: <empty>
2019-10-16 05:43:05,058 [java.util.concurrent.ThreadPoolExecutor$Worker@209795e0[State = -1, empty queue]] WARN  server.GrpcLogAppender (GrpcLogAppender.java:timeoutAppendRequest(209)) - 059e0156-43bf-4f6e-8295-5d3dc33502d0@group-28296F217838->2450c03a-3fc4-4268-b47d-cfd48db35b18-GrpcLogAppender: appendEntries Timeout, request=059e0156-43bf-4f6e-8295-5d3dc33502d0->2450c03a-3fc4-4268-b47d-cfd48db35b18#86-t2, previous=(t:2, i:6), leaderCommit=4, initializing? false, entries: <empty>
2019-10-16 05:43:05,058 [java.util.concurrent.ThreadPoolExecutor$Worker@7cfcfa30[State = -1, empty queue]] WARN  server.GrpcLogAppender (GrpcLogAppender.java:timeoutAppendRequest(209)) - 059e0156-43bf-4f6e-8295-5d3dc33502d0@group-28296F217838->e414d63a-fd4b-43a7-bf4d-c8b49f4c8716-GrpcLogAppender: appendEntries Timeout, request=059e0156-43bf-4f6e-8295-5d3dc33502d0->e414d63a-fd4b-43a7-bf4d-c8b49f4c8716#86-t2, previous=(t:2, i:6), leaderCommit=4, initializing? false, entries: <empty>
2019-10-16 05:43:05,559 [java.util.concurrent.ThreadPoolExecutor$Worker@209795e0[State = -1, empty queue]] WARN  server.GrpcLogAppender (GrpcLogAppender.java:timeoutAppendRequest(209)) - 059e0156-43bf-4f6e-8295-5d3dc33502d0@group-28296F217838->2450c03a-3fc4-4268-b47d-cfd48db35b18-GrpcLogAppender: appendEntries Timeout, request=059e0156-43bf-4f6e-8295-5d3dc33502d0->2450c03a-3fc4-4268-b47d-cfd48db35b18#87-t2, previous=(t:2, i:6), leaderCommit=4, initializing? false, entries: <empty>
2019-10-16 05:43:05,559 [java.util.concurrent.ThreadPoolExecutor$Worker@7cfcfa30[State = -1, empty queue]] WARN  server.GrpcLogAppender (GrpcLogAppender.java:timeoutAppendRequest(209)) - 059e0156-43bf-4f6e-8295-5d3dc33502d0@group-28296F217838->e414d63a-fd4b-43a7-bf4d-c8b49f4c8716-GrpcLogAppender: appendEntries Timeout, request=059e0156-43bf-4f6e-8295-5d3dc33502d0->e414d63a-fd4b-43a7-bf4d-c8b49f4c8716#87-t2, previous=(t:2, i:6), leaderCommit=4, initializing? false, entries: <empty>
2019-10-16 05:43:06,059 [java.util.concurrent.ThreadPoolExecutor$Worker@209795e0[State = -1, empty queue]] WARN  server.GrpcLogAppender (GrpcLogAppender.java:timeoutAppendRequest(209)) - 059e0156-43bf-4f6e-8295-5d3dc33502d0@group-28296F217838->2450c03a-3fc4-4268-b47d-cfd48db35b18-GrpcLogAppender: appendEntries Timeout, request=059e0156-43bf-4f6e-8295-5d3dc33502d0->2450c03a-3fc4-4268-b47d-cfd48db35b18#88-t2, previous=(t:2, i:6), leaderCommit=4, initializing? false, entries: <empty>
2019-10-16 05:43:06,059 [java.util.concurrent.ThreadPoolExecutor$Worker@7cfcfa30[State = -1, empty queue]] WARN  server.GrpcLogAppender (GrpcLogAppender.java:timeoutAppendRequest(209)) - 059e0156-43bf-4f6e-8295-5d3dc33502d0@group-28296F217838->e414d63a-fd4b-43a7-bf4d-c8b49f4c8716-GrpcLogAppender: appendEntries Timeout, request=059e0156-43bf-4f6e-8295-5d3dc33502d0->e414d63a-fd4b-43a7-bf4d-c8b49f4c8716#88-t2, previous=(t:2, i:6), leaderCommit=4, initializing? false, entries: <empty>
2019-10-16 05:43:06,559 [java.util.concurrent.ThreadPoolExecutor$Worker@209795e0[State = -1, empty queue]] WARN  server.GrpcLogAppender (GrpcLogAppender.java:timeoutAppendRequest(209)) - 059e0156-43bf-4f6e-8295-5d3dc33502d0@group-28296F217838->2450c03a-3fc4-4268-b47d-cfd48db35b18-GrpcLogAppender: appendEntries Timeout, request=059e0156-43bf-4f6e-8295-5d3dc33502d0->2450c03a-3fc4-4268-b47d-cfd48db35b18#89-t2, previous=(t:2, i:6), leaderCommit=4, initializing? false, entries: <empty>
2019-10-16 05:43:06,559 [java.util.concurrent.ThreadPoolExecutor$Worker@7cfcfa30[State = -1, empty queue]] WARN  server.GrpcLogAppender (GrpcLogAppender.java:timeoutAppendRequest(209)) - 059e0156-43bf-4f6e-8295-5d3dc33502d0@group-28296F217838->e414d63a-fd4b-43a7-bf4d-c8b49f4c8716-GrpcLogAppender: appendEntries Timeout, request=059e0156-43bf-4f6e-8295-5d3dc33502d0->e414d63a-fd4b-43a7-bf4d-c8b49f4c8716#89-t2, previous=(t:2, i:6), leaderCommit=4, initializing? false, entries: <empty>
2019-10-16 05:43:07,060 [java.util.concurrent.ThreadPoolExecutor$Worker@209795e0[State = -1, empty queue]] WARN  server.GrpcLogAppender (GrpcLogAppender.java:timeoutAppendRequest(209)) - 059e0156-43bf-4f6e-8295-5d3dc33502d0@group-28296F217838->2450c03a-3fc4-4268-b47d-cfd48db35b18-GrpcLogAppender: appendEntries Timeout, request=059e0156-43bf-4f6e-8295-5d3dc33502d0->2450c03a-3fc4-4268-b47d-cfd48db35b18#90-t2, previous=(t:2, i:6), leaderCommit=4, initializing? false, entries: <empty>
2019-10-16 05:43:07,060 [java.util.concurrent.ThreadPoolExecutor$Worker@7cfcfa30[State = -1, empty queue]] WARN  server.GrpcLogAppender (GrpcLogAppender.java:timeoutAppendRequest(209)) - 059e0156-43bf-4f6e-8295-5d3dc33502d0@group-28296F217838->e414d63a-fd4b-43a7-bf4d-c8b49f4c8716-GrpcLogAppender: appendEntries Timeout, request=059e0156-43bf-4f6e-8295-5d3dc33502d0->e414d63a-fd4b-43a7-bf4d-c8b49f4c8716#90-t2, previous=(t:2, i:6), leaderCommit=4, initializing? false, entries: <empty>
2019-10-16 05:43:07,560 [java.util.concurrent.ThreadPoolExecutor$Worker@209795e0[State = -1, empty queue]] WARN  server.GrpcLogAppender (GrpcLogAppender.java:timeoutAppendRequest(209)) - 059e0156-43bf-4f6e-8295-5d3dc33502d0@group-28296F217838->2450c03a-3fc4-4268-b47d-cfd48db35b18-GrpcLogAppender: appendEntries Timeout, request=059e0156-43bf-4f6e-8295-5d3dc33502d0->2450c03a-3fc4-4268-b47d-cfd48db35b18#91-t2, previous=(t:2, i:6), leaderCommit=4, initializing? false, entries: <empty>
2019-10-16 05:43:07,560 [java.util.concurrent.ThreadPoolExecutor$Worker@7cfcfa30[State = -1, empty queue]] WARN  server.GrpcLogAppender (GrpcLogAppender.java:timeoutAppendRequest(209)) - 059e0156-43bf-4f6e-8295-5d3dc33502d0@group-28296F217838->e414d63a-fd4b-43a7-bf4d-c8b49f4c8716-GrpcLogAppender: appendEntries Timeout, request=059e0156-43bf-4f6e-8295-5d3dc33502d0->e414d63a-fd4b-43a7-bf4d-c8b49f4c8716#91-t2, previous=(t:2, i:6), leaderCommit=4, initializing? false, entries: <empty>
2019-10-16 05:43:08,060 [java.util.concurrent.ThreadPoolExecutor$Worker@209795e0[State = -1, empty queue]] WARN  server.GrpcLogAppender (GrpcLogAppender.java:timeoutAppendRequest(209)) - 059e0156-43bf-4f6e-8295-5d3dc33502d0@group-28296F217838->2450c03a-3fc4-4268-b47d-cfd48db35b18-GrpcLogAppender: appendEntries Timeout, request=059e0156-43bf-4f6e-8295-5d3dc33502d0->2450c03a-3fc4-4268-b47d-cfd48db35b18#92-t2, previous=(t:2, i:6), leaderCommit=4, initializing? false, entries: <empty>
2019-10-16 05:43:08,060 [java.util.concurrent.ThreadPoolExecutor$Worker@7cfcfa30[State = -1, empty queue]] WARN  server.GrpcLogAppender (GrpcLogAppender.java:timeoutAppendRequest(209)) - 059e0156-43bf-4f6e-8295-5d3dc33502d0@group-28296F217838->e414d63a-fd4b-43a7-bf4d-c8b49f4c8716-GrpcLogAppender: appendEntries Timeout, request=059e0156-43bf-4f6e-8295-5d3dc33502d0->e414d63a-fd4b-43a7-bf4d-c8b49f4c8716#92-t2, previous=(t:2, i:6), leaderCommit=4, initializing? false, entries: <empty>
2019-10-16 05:43:08,560 [java.util.concurrent.ThreadPoolExecutor$Worker@209795e0[State = -1, empty queue]] WARN  server.GrpcLogAppender (GrpcLogAppender.java:timeoutAppendRequest(209)) - 059e0156-43bf-4f6e-8295-5d3dc33502d0@group-28296F217838->2450c03a-3fc4-4268-b47d-cfd48db35b18-GrpcLogAppender: appendEntries Timeout, request=059e0156-43bf-4f6e-8295-5d3dc33502d0->2450c03a-3fc4-4268-b47d-cfd48db35b18#93-t2, previous=(t:2, i:6), leaderCommit=4, initializing? false, entries: <empty>
2019-10-16 05:43:08,561 [java.util.concurrent.ThreadPoolExecutor$Worker@7cfcfa30[State = -1, empty queue]] WARN  server.GrpcLogAppender (GrpcLogAppender.java:timeoutAppendRequest(209)) - 059e0156-43bf-4f6e-8295-5d3dc33502d0@group-28296F217838->e414d63a-fd4b-43a7-bf4d-c8b49f4c8716-GrpcLogAppender: appendEntries Timeout, request=059e0156-43bf-4f6e-8295-5d3dc33502d0->e414d63a-fd4b-43a7-bf4d-c8b49f4c8716#93-t2, previous=(t:2, i:6), leaderCommit=4, initializing? false, entries: <empty>
2019-10-16 05:43:09,060 [java.util.concurrent.ThreadPoolExecutor$Worker@209795e0[State = -1, empty queue]] WARN  server.GrpcLogAppender (GrpcLogAppender.java:timeoutAppendRequest(209)) - 059e0156-43bf-4f6e-8295-5d3dc33502d0@group-28296F217838->2450c03a-3fc4-4268-b47d-cfd48db35b18-GrpcLogAppender: appendEntries Timeout, request=059e0156-43bf-4f6e-8295-5d3dc33502d0->2450c03a-3fc4-4268-b47d-cfd48db35b18#94-t2, previous=(t:2, i:6), leaderCommit=4, initializing? false, entries: <empty>
2019-10-16 05:43:09,061 [java.util.concurrent.ThreadPoolExecutor$Worker@7cfcfa30[State = -1, empty queue]] WARN  server.GrpcLogAppender (GrpcLogAppender.java:timeoutAppendRequest(209)) - 059e0156-43bf-4f6e-8295-5d3dc33502d0@group-28296F217838->e414d63a-fd4b-43a7-bf4d-c8b49f4c8716-GrpcLogAppender: appendEntries Timeout, request=059e0156-43bf-4f6e-8295-5d3dc33502d0->e414d63a-fd4b-43a7-bf4d-c8b49f4c8716#94-t2, previous=(t:2, i:6), leaderCommit=4, initializing? false, entries: <empty>
2019-10-16 05:43:09,162 [main] WARN  io.KeyOutputStream (KeyOutputStream.java:handleException(274)) - Encountered exception java.io.IOException: Unexpected Storage Container Exception: java.util.concurrent.CompletionException: java.util.concurrent.CompletionException: org.apache.ratis.protocol.RaftRetryFailureException: Failed RaftClientRequest:client-3B7FBF8C3222->059e0156-43bf-4f6e-8295-5d3dc33502d0@group-28296F217838, cid=96, seq=3*, RW, cmdType: WriteChunk
traceID: "9183926d22ce64b1:9183926d22ce64b1:0:0"
containerID: 2
datanodeUuid: "e414d63a-fd4b-43a7-bf4d-c8b49f4c8716"
writeChunk {
  blockID {
    containerID: 2
    localID: 102970460917923851
    blockCommitSequenceId: 3
  }
  chunkData {
    chunkName: "102970460917923851_chunk_2"
    offset: 0
    len: 1048576
    checksumData {
      type: CRC32
      bytesPerChecksum: 1048576
      checksums: "\361\003\002\247"
    }
  }
}
, data.size=1048576 for 10 attempts with RetryLimited(maxAttempts=10, sleepTime=1000ms) on the pipeline Pipeline[ Id: f3b09cde-754b-4fc3-8542-28296f217838, Nodes: e414d63a-fd4b-43a7-bf4d-c8b49f4c8716{ip: 192.168.69.104, host: pr-hdds-2312-q6qzp-1535798719, networkLocation: /default-rack, certSerialId: null}2450c03a-3fc4-4268-b47d-cfd48db35b18{ip: 192.168.69.104, host: pr-hdds-2312-q6qzp-1535798719, networkLocation: /default-rack, certSerialId: null}059e0156-43bf-4f6e-8295-5d3dc33502d0{ip: 192.168.69.104, host: pr-hdds-2312-q6qzp-1535798719, networkLocation: /default-rack, certSerialId: null}, Type:RATIS, Factor:THREE, State:OPEN]. The last committed block length is 1048576, uncommitted data length is 1048576 retry count 0
2019-10-16 05:43:09,560 [java.util.concurrent.ThreadPoolExecutor$Worker@209795e0[State = -1, empty queue]] WARN  server.GrpcLogAppender (GrpcLogAppender.java:timeoutAppendRequest(209)) - 059e0156-43bf-4f6e-8295-5d3dc33502d0@group-28296F217838->2450c03a-3fc4-4268-b47d-cfd48db35b18-GrpcLogAppender: appendEntries Timeout, request=059e0156-43bf-4f6e-8295-5d3dc33502d0->2450c03a-3fc4-4268-b47d-cfd48db35b18#95-t2, previous=(t:2, i:6), leaderCommit=4, initializing? false, entries: <empty>
2019-10-16 05:43:09,561 [java.util.concurrent.ThreadPoolExecutor$Worker@7cfcfa30[State = -1, empty queue]] WARN  server.GrpcLogAppender (GrpcLogAppender.java:timeoutAppendRequest(209)) - 059e0156-43bf-4f6e-8295-5d3dc33502d0@group-28296F217838->e414d63a-fd4b-43a7-bf4d-c8b49f4c8716-GrpcLogAppender: appendEntries Timeout, request=059e0156-43bf-4f6e-8295-5d3dc33502d0->e414d63a-fd4b-43a7-bf4d-c8b49f4c8716#95-t2, previous=(t:2, i:6), leaderCommit=4, initializing? false, entries: <empty>
2019-10-16 05:43:10,061 [java.util.concurrent.ThreadPoolExecutor$Worker@209795e0[State = -1, empty queue]] WARN  server.GrpcLogAppender (GrpcLogAppender.java:timeoutAppendRequest(209)) - 059e0156-43bf-4f6e-8295-5d3dc33502d0@group-28296F217838->2450c03a-3fc4-4268-b47d-cfd48db35b18-GrpcLogAppender: appendEntries Timeout, request=059e0156-43bf-4f6e-8295-5d3dc33502d0->2450c03a-3fc4-4268-b47d-cfd48db35b18#96-t2, previous=(t:2, i:6), leaderCommit=4, initializing? false, entries: <empty>
2019-10-16 05:43:10,061 [java.util.concurrent.ThreadPoolExecutor$Worker@7cfcfa30[State = -1, empty queue]] WARN  server.GrpcLogAppender (GrpcLogAppender.java:timeoutAppendRequest(209)) - 059e0156-43bf-4f6e-8295-5d3dc33502d0@group-28296F217838->e414d63a-fd4b-43a7-bf4d-c8b49f4c8716-GrpcLogAppender: appendEntries Timeout, request=059e0156-43bf-4f6e-8295-5d3dc33502d0->e414d63a-fd4b-43a7-bf4d-c8b49f4c8716#96-t2, previous=(t:2, i:6), leaderCommit=4, initializing? false, entries: <empty>
2019-10-16 05:43:10,561 [java.util.concurrent.ThreadPoolExecutor$Worker@209795e0[State = -1, empty queue]] WARN  server.GrpcLogAppender (GrpcLogAppender.java:timeoutAppendRequest(209)) - 059e0156-43bf-4f6e-8295-5d3dc33502d0@group-28296F217838->2450c03a-3fc4-4268-b47d-cfd48db35b18-GrpcLogAppender: appendEntries Timeout, request=059e0156-43bf-4f6e-8295-5d3dc33502d0->2450c03a-3fc4-4268-b47d-cfd48db35b18#97-t2, previous=(t:2, i:6), leaderCommit=4, initializing? false, entries: <empty>
2019-10-16 05:43:10,561 [java.util.concurrent.ThreadPoolExecutor$Worker@7cfcfa30[State = -1, empty queue]] WARN  server.GrpcLogAppender (GrpcLogAppender.java:timeoutAppendRequest(209)) - 059e0156-43bf-4f6e-8295-5d3dc33502d0@group-28296F217838->e414d63a-fd4b-43a7-bf4d-c8b49f4c8716-GrpcLogAppender: appendEntries Timeout, request=059e0156-43bf-4f6e-8295-5d3dc33502d0->e414d63a-fd4b-43a7-bf4d-c8b49f4c8716#97-t2, previous=(t:2, i:6), leaderCommit=4, initializing? false, entries: <empty>
2019-10-16 05:43:11,061 [java.util.concurrent.ThreadPoolExecutor$Worker@209795e0[State = -1, empty queue]] WARN  server.GrpcLogAppender (GrpcLogAppender.java:timeoutAppendRequest(209)) - 059e0156-43bf-4f6e-8295-5d3dc33502d0@group-28296F217838->2450c03a-3fc4-4268-b47d-cfd48db35b18-GrpcLogAppender: appendEntries Timeout, request=059e0156-43bf-4f6e-8295-5d3dc33502d0->2450c03a-3fc4-4268-b47d-cfd48db35b18#98-t2, previous=(t:2, i:6), leaderCommit=4, initializing? false, entries: <empty>
2019-10-16 05:43:11,062 [java.util.concurrent.ThreadPoolExecutor$Worker@7cfcfa30[State = -1, empty queue]] WARN  server.GrpcLogAppender (GrpcLogAppender.java:timeoutAppendRequest(209)) - 059e0156-43bf-4f6e-8295-5d3dc33502d0@group-28296F217838->e414d63a-fd4b-43a7-bf4d-c8b49f4c8716-GrpcLogAppender: appendEntries Timeout, request=059e0156-43bf-4f6e-8295-5d3dc33502d0->e414d63a-fd4b-43a7-bf4d-c8b49f4c8716#98-t2, previous=(t:2, i:6), leaderCommit=4, initializing? false, entries: <empty>
2019-10-16 05:43:11,561 [java.util.concurrent.ThreadPoolExecutor$Worker@209795e0[State = -1, empty queue]] WARN  server.GrpcLogAppender (GrpcLogAppender.java:timeoutAppendRequest(209)) - 059e0156-43bf-4f6e-8295-5d3dc33502d0@group-28296F217838->2450c03a-3fc4-4268-b47d-cfd48db35b18-GrpcLogAppender: appendEntries Timeout, request=059e0156-43bf-4f6e-8295-5d3dc33502d0->2450c03a-3fc4-4268-b47d-cfd48db35b18#99-t2, previous=(t:2, i:6), leaderCommit=4, initializing? false, entries: <empty>
2019-10-16 05:43:11,562 [java.util.concurrent.ThreadPoolExecutor$Worker@7cfcfa30[State = -1, empty queue]] WARN  server.GrpcLogAppender (GrpcLogAppender.java:timeoutAppendRequest(209)) - 059e0156-43bf-4f6e-8295-5d3dc33502d0@group-28296F217838->e414d63a-fd4b-43a7-bf4d-c8b49f4c8716-GrpcLogAppender: appendEntries Timeout, request=059e0156-43bf-4f6e-8295-5d3dc33502d0->e414d63a-fd4b-43a7-bf4d-c8b49f4c8716#99-t2, previous=(t:2, i:6), leaderCommit=4, initializing? false, entries: <empty>
2019-10-16 05:43:12,062 [java.util.concurrent.ThreadPoolExecutor$Worker@209795e0[State = -1, empty queue]] WARN  server.GrpcLogAppender (GrpcLogAppender.java:timeoutAppendRequest(209)) - 059e0156-43bf-4f6e-8295-5d3dc33502d0@group-28296F217838->2450c03a-3fc4-4268-b47d-cfd48db35b18-GrpcLogAppender: appendEntries Timeout, request=059e0156-43bf-4f6e-8295-5d3dc33502d0->2450c03a-3fc4-4268-b47d-cfd48db35b18#100-t2, previous=(t:2, i:6), leaderCommit=4, initializing? false, entries: <empty>
2019-10-16 05:43:12,062 [java.util.concurrent.ThreadPoolExecutor$Worker@7cfcfa30[State = -1, empty queue]] WARN  server.GrpcLogAppender (GrpcLogAppender.java:timeoutAppendRequest(209)) - 059e0156-43bf-4f6e-8295-5d3dc33502d0@group-28296F217838->e414d63a-fd4b-43a7-bf4d-c8b49f4c8716-GrpcLogAppender: appendEntries Timeout, request=059e0156-43bf-4f6e-8295-5d3dc33502d0->e414d63a-fd4b-43a7-bf4d-c8b49f4c8716#100-t2, previous=(t:2, i:6), leaderCommit=4, initializing? false, entries: <empty>
2019-10-16 05:43:12,562 [java.util.concurrent.ThreadPoolExecutor$Worker@209795e0[State = -1, empty queue]] WARN  server.GrpcLogAppender (GrpcLogAppender.java:timeoutAppendRequest(209)) - 059e0156-43bf-4f6e-8295-5d3dc33502d0@group-28296F217838->2450c03a-3fc4-4268-b47d-cfd48db35b18-GrpcLogAppender: appendEntries Timeout, request=059e0156-43bf-4f6e-8295-5d3dc33502d0->2450c03a-3fc4-4268-b47d-cfd48db35b18#101-t2, previous=(t:2, i:6), leaderCommit=4, initializing? false, entries: <empty>
2019-10-16 05:43:12,562 [java.util.concurrent.ThreadPoolExecutor$Worker@7cfcfa30[State = -1, empty queue]] WARN  server.GrpcLogAppender (GrpcLogAppender.java:timeoutAppendRequest(209)) - 059e0156-43bf-4f6e-8295-5d3dc33502d0@group-28296F217838->e414d63a-fd4b-43a7-bf4d-c8b49f4c8716-GrpcLogAppender: appendEntries Timeout, request=059e0156-43bf-4f6e-8295-5d3dc33502d0->e414d63a-fd4b-43a7-bf4d-c8b49f4c8716#101-t2, previous=(t:2, i:6), leaderCommit=4, initializing? false, entries: <empty>
2019-10-16 05:43:13,062 [java.util.concurrent.ThreadPoolExecutor$Worker@209795e0[State = -1, empty queue]] WARN  server.GrpcLogAppender (GrpcLogAppender.java:timeoutAppendRequest(209)) - 059e0156-43bf-4f6e-8295-5d3dc33502d0@group-28296F217838->2450c03a-3fc4-4268-b47d-cfd48db35b18-GrpcLogAppender: appendEntries Timeout, request=059e0156-43bf-4f6e-8295-5d3dc33502d0->2450c03a-3fc4-4268-b47d-cfd48db35b18#102-t2, previous=(t:2, i:6), leaderCommit=4, initializing? false, entries: <empty>
2019-10-16 05:43:13,063 [java.util.concurrent.ThreadPoolExecutor$Worker@7cfcfa30[State = -1, empty queue]] WARN  server.GrpcLogAppender (GrpcLogAppender.java:timeoutAppendRequest(209)) - 059e0156-43bf-4f6e-8295-5d3dc33502d0@group-28296F217838->e414d63a-fd4b-43a7-bf4d-c8b49f4c8716-GrpcLogAppender: appendEntries Timeout, request=059e0156-43bf-4f6e-8295-5d3dc33502d0->e414d63a-fd4b-43a7-bf4d-c8b49f4c8716#102-t2, previous=(t:2, i:6), leaderCommit=4, initializing? false, entries: <empty>
2019-10-16 05:43:13,562 [java.util.concurrent.ThreadPoolExecutor$Worker@209795e0[State = -1, empty queue]] WARN  server.GrpcLogAppender (GrpcLogAppender.java:timeoutAppendRequest(209)) - 059e0156-43bf-4f6e-8295-5d3dc33502d0@group-28296F217838->2450c03a-3fc4-4268-b47d-cfd48db35b18-GrpcLogAppender: appendEntries Timeout, request=059e0156-43bf-4f6e-8295-5d3dc33502d0->2450c03a-3fc4-4268-b47d-cfd48db35b18#103-t2, previous=(t:2, i:6), leaderCommit=4, initializing? false, entries: <empty>
2019-10-16 05:43:13,563 [java.util.concurrent.ThreadPoolExecutor$Worker@7cfcfa30[State = -1, empty queue]] WARN  server.GrpcLogAppender (GrpcLogAppender.java:timeoutAppendRequest(209)) - 059e0156-43bf-4f6e-8295-5d3dc33502d0@group-28296F217838->e414d63a-fd4b-43a7-bf4d-c8b49f4c8716-GrpcLogAppender: appendEntries Timeout, request=059e0156-43bf-4f6e-8295-5d3dc33502d0->e414d63a-fd4b-43a7-bf4d-c8b49f4c8716#103-t2, previous=(t:2, i:6), leaderCommit=4, initializing? false, entries: <empty>
2019-10-16 05:43:14,062 [java.util.concurrent.ThreadPoolExecutor$Worker@209795e0[State = -1, empty queue]] WARN  server.GrpcLogAppender (GrpcLogAppender.java:timeoutAppendRequest(209)) - 059e0156-43bf-4f6e-8295-5d3dc33502d0@group-28296F217838->2450c03a-3fc4-4268-b47d-cfd48db35b18-GrpcLogAppender: appendEntries Timeout, request=059e0156-43bf-4f6e-8295-5d3dc33502d0->2450c03a-3fc4-4268-b47d-cfd48db35b18#104-t2, previous=(t:2, i:6), leaderCommit=4, initializing? false, entries: <empty>
2019-10-16 05:43:14,063 [java.util.concurrent.ThreadPoolExecutor$Worker@7cfcfa30[State = -1, empty queue]] WARN  server.GrpcLogAppender (GrpcLogAppender.java:timeoutAppendRequest(209)) - 059e0156-43bf-4f6e-8295-5d3dc33502d0@group-28296F217838->e414d63a-fd4b-43a7-bf4d-c8b49f4c8716-GrpcLogAppender: appendEntries Timeout, request=059e0156-43bf-4f6e-8295-5d3dc33502d0->e414d63a-fd4b-43a7-bf4d-c8b49f4c8716#104-t2, previous=(t:2, i:6), leaderCommit=4, initializing? false, entries: <empty>
2019-10-16 05:43:14,562 [java.util.concurrent.ThreadPoolExecutor$Worker@209795e0[State = -1, empty queue]] WARN  server.GrpcLogAppender (GrpcLogAppender.java:timeoutAppendRequest(209)) - 059e0156-43bf-4f6e-8295-5d3dc33502d0@group-28296F217838->2450c03a-3fc4-4268-b47d-cfd48db35b18-GrpcLogAppender: appendEntries Timeout, request=059e0156-43bf-4f6e-8295-5d3dc33502d0->2450c03a-3fc4-4268-b47d-cfd48db35b18#105-t2, previous=(t:2, i:6), leaderCommit=4, initializing? false, entries: <empty>
2019-10-16 05:43:14,563 [java.util.concurrent.ThreadPoolExecutor$Worker@7cfcfa30[State = -1, empty queue]] WARN  server.GrpcLogAppender (GrpcLogAppender.java:timeoutAppendRequest(209)) - 059e0156-43bf-4f6e-8295-5d3dc33502d0@group-28296F217838->e414d63a-fd4b-43a7-bf4d-c8b49f4c8716-GrpcLogAppender: appendEntries Timeout, request=059e0156-43bf-4f6e-8295-5d3dc33502d0->e414d63a-fd4b-43a7-bf4d-c8b49f4c8716#105-t2, previous=(t:2, i:6), leaderCommit=4, initializing? false, entries: <empty>
2019-10-16 05:43:14,860 [IPC Server handler 12 on 37358] ERROR lock.LockManager (LockManager.java:getLockForReleasing(218)) - Trying to release the lock on /datanodefailurehandlingtest/datanodefailurehandlingtest, which was never acquired.
2019-10-16 05:43:14,861 [IPC Server handler 12 on 37358] WARN  ipc.Server (Server.java:logException(2724)) - IPC Server handler 12 on 37358, call Call#780 Retry#0 org.apache.hadoop.ozone.om.protocol.OzoneManagerProtocol.submitRequest from 127.0.0.1:58396
java.lang.IllegalMonitorStateException: Releasing lock on resource /datanodefailurehandlingtest/datanodefailurehandlingtest without acquiring lock
	at org.apache.hadoop.ozone.lock.LockManager.getLockForReleasing(LockManager.java:220)
	at org.apache.hadoop.ozone.lock.LockManager.release(LockManager.java:168)
	at org.apache.hadoop.ozone.lock.LockManager.writeUnlock(LockManager.java:148)
	at org.apache.hadoop.ozone.om.lock.OzoneManagerLock.unlock(OzoneManagerLock.java:364)
	at org.apache.hadoop.ozone.om.lock.OzoneManagerLock.releaseWriteLock(OzoneManagerLock.java:329)
	at org.apache.hadoop.ozone.om.request.key.OMKeyCommitRequest.validateAndUpdateCache(OMKeyCommitRequest.java:177)
	at org.apache.hadoop.ozone.protocolPB.OzoneManagerProtocolServerSideTranslatorPB.submitRequestDirectlyToOM(OzoneManagerProtocolServerSideTranslatorPB.java:219)
	at org.apache.hadoop.ozone.protocolPB.OzoneManagerProtocolServerSideTranslatorPB.processRequest(OzoneManagerProtocolServerSideTranslatorPB.java:134)
	at org.apache.hadoop.hdds.server.OzoneProtocolMessageDispatcher.processRequest(OzoneProtocolMessageDispatcher.java:72)
	at org.apache.hadoop.ozone.protocolPB.OzoneManagerProtocolServerSideTranslatorPB.submitRequest(OzoneManagerProtocolServerSideTranslatorPB.java:100)
	at org.apache.hadoop.ozone.protocol.proto.OzoneManagerProtocolProtos$OzoneManagerService$2.callBlockingMethod(OzoneManagerProtocolProtos.java)
	at org.apache.hadoop.ipc.ProtobufRpcEngine$Server$ProtoBufRpcInvoker.call(ProtobufRpcEngine.java:524)
	at org.apache.hadoop.ipc.RPC$Server.call(RPC.java:1025)
	at org.apache.hadoop.ipc.Server$RpcCall.run(Server.java:876)
	at org.apache.hadoop.ipc.Server$RpcCall.run(Server.java:822)
	at java.security.AccessController.doPrivileged(Native Method)
	at javax.security.auth.Subject.doAs(Subject.java:422)
	at org.apache.hadoop.security.UserGroupInformation.doAs(UserGroupInformation.java:1730)
	at org.apache.hadoop.ipc.Server$Handler.run(Server.java:2682)
2019-10-16 05:43:14,866 [main] INFO  retry.RetryInvocationHandler (RetryInvocationHandler.java:log(411)) - com.google.protobuf.ServiceException: org.apache.hadoop.ipc.RemoteException(java.lang.IllegalMonitorStateException): Releasing lock on resource /datanodefailurehandlingtest/datanodefailurehandlingtest without acquiring lock
	at org.apache.hadoop.ozone.lock.LockManager.getLockForReleasing(LockManager.java:220)
	at org.apache.hadoop.ozone.lock.LockManager.release(LockManager.java:168)
	at org.apache.hadoop.ozone.lock.LockManager.writeUnlock(LockManager.java:148)
	at org.apache.hadoop.ozone.om.lock.OzoneManagerLock.unlock(OzoneManagerLock.java:364)
	at org.apache.hadoop.ozone.om.lock.OzoneManagerLock.releaseWriteLock(OzoneManagerLock.java:329)
	at org.apache.hadoop.ozone.om.request.key.OMKeyCommitRequest.validateAndUpdateCache(OMKeyCommitRequest.java:177)
	at org.apache.hadoop.ozone.protocolPB.OzoneManagerProtocolServerSideTranslatorPB.submitRequestDirectlyToOM(OzoneManagerProtocolServerSideTranslatorPB.java:219)
	at org.apache.hadoop.ozone.protocolPB.OzoneManagerProtocolServerSideTranslatorPB.processRequest(OzoneManagerProtocolServerSideTranslatorPB.java:134)
	at org.apache.hadoop.hdds.server.OzoneProtocolMessageDispatcher.processRequest(OzoneProtocolMessageDispatcher.java:72)
	at org.apache.hadoop.ozone.protocolPB.OzoneManagerProtocolServerSideTranslatorPB.submitRequest(OzoneManagerProtocolServerSideTranslatorPB.java:100)
	at org.apache.hadoop.ozone.protocol.proto.OzoneManagerProtocolProtos$OzoneManagerService$2.callBlockingMethod(OzoneManagerProtocolProtos.java)
	at org.apache.hadoop.ipc.ProtobufRpcEngine$Server$ProtoBufRpcInvoker.call(ProtobufRpcEngine.java:524)
	at org.apache.hadoop.ipc.RPC$Server.call(RPC.java:1025)
	at org.apache.hadoop.ipc.Server$RpcCall.run(Server.java:876)
	at org.apache.hadoop.ipc.Server$RpcCall.run(Server.java:822)
	at java.security.AccessController.doPrivileged(Native Method)
	at javax.security.auth.Subject.doAs(Subject.java:422)
	at org.apache.hadoop.security.UserGroupInformation.doAs(UserGroupInformation.java:1730)
	at org.apache.hadoop.ipc.Server$Handler.run(Server.java:2682)
, while invoking $Proxy35.submitRequest over nodeId=null,nodeAddress=localhost:37358. Trying to failover immediately.
2019-10-16 05:43:14,870 [IPC Server handler 11 on 37358] ERROR lock.LockManager (LockManager.java:getLockForReleasing(218)) - Trying to release the lock on /datanodefailurehandlingtest/datanodefailurehandlingtest, which was never acquired.
2019-10-16 05:43:14,870 [IPC Server handler 11 on 37358] WARN  ipc.Server (Server.java:logException(2724)) - IPC Server handler 11 on 37358, call Call#780 Retry#1 org.apache.hadoop.ozone.om.protocol.OzoneManagerProtocol.submitRequest from 127.0.0.1:58396
java.lang.IllegalMonitorStateException: Releasing lock on resource /datanodefailurehandlingtest/datanodefailurehandlingtest without acquiring lock
	at org.apache.hadoop.ozone.lock.LockManager.getLockForReleasing(LockManager.java:220)
	at org.apache.hadoop.ozone.lock.LockManager.release(LockManager.java:168)
	at org.apache.hadoop.ozone.lock.LockManager.writeUnlock(LockManager.java:148)
	at org.apache.hadoop.ozone.om.lock.OzoneManagerLock.unlock(OzoneManagerLock.java:364)
	at org.apache.hadoop.ozone.om.lock.OzoneManagerLock.releaseWriteLock(OzoneManagerLock.java:329)
	at org.apache.hadoop.ozone.om.request.key.OMKeyCommitRequest.validateAndUpdateCache(OMKeyCommitRequest.java:177)
	at org.apache.hadoop.ozone.protocolPB.OzoneManagerProtocolServerSideTranslatorPB.submitRequestDirectlyToOM(OzoneManagerProtocolServerSideTranslatorPB.java:219)
	at org.apache.hadoop.ozone.protocolPB.OzoneManagerProtocolServerSideTranslatorPB.processRequest(OzoneManagerProtocolServerSideTranslatorPB.java:134)
	at org.apache.hadoop.hdds.server.OzoneProtocolMessageDispatcher.processRequest(OzoneProtocolMessageDispatcher.java:72)
	at org.apache.hadoop.ozone.protocolPB.OzoneManagerProtocolServerSideTranslatorPB.submitRequest(OzoneManagerProtocolServerSideTranslatorPB.java:100)
	at org.apache.hadoop.ozone.protocol.proto.OzoneManagerProtocolProtos$OzoneManagerService$2.callBlockingMethod(OzoneManagerProtocolProtos.java)
	at org.apache.hadoop.ipc.ProtobufRpcEngine$Server$ProtoBufRpcInvoker.call(ProtobufRpcEngine.java:524)
	at org.apache.hadoop.ipc.RPC$Server.call(RPC.java:1025)
	at org.apache.hadoop.ipc.Server$RpcCall.run(Server.java:876)
	at org.apache.hadoop.ipc.Server$RpcCall.run(Server.java:822)
	at java.security.AccessController.doPrivileged(Native Method)
	at javax.security.auth.Subject.doAs(Subject.java:422)
	at org.apache.hadoop.security.UserGroupInformation.doAs(UserGroupInformation.java:1730)
	at org.apache.hadoop.ipc.Server$Handler.run(Server.java:2682)
2019-10-16 05:43:14,873 [main] INFO  retry.RetryInvocationHandler (RetryInvocationHandler.java:log(411)) - com.google.protobuf.ServiceException: org.apache.hadoop.ipc.RemoteException(java.lang.IllegalMonitorStateException): Releasing lock on resource /datanodefailurehandlingtest/datanodefailurehandlingtest without acquiring lock
	at org.apache.hadoop.ozone.lock.LockManager.getLockForReleasing(LockManager.java:220)
	at org.apache.hadoop.ozone.lock.LockManager.release(LockManager.java:168)
	at org.apache.hadoop.ozone.lock.LockManager.writeUnlock(LockManager.java:148)
	at org.apache.hadoop.ozone.om.lock.OzoneManagerLock.unlock(OzoneManagerLock.java:364)
	at org.apache.hadoop.ozone.om.lock.OzoneManagerLock.releaseWriteLock(OzoneManagerLock.java:329)
	at org.apache.hadoop.ozone.om.request.key.OMKeyCommitRequest.validateAndUpdateCache(OMKeyCommitRequest.java:177)
	at org.apache.hadoop.ozone.protocolPB.OzoneManagerProtocolServerSideTranslatorPB.submitRequestDirectlyToOM(OzoneManagerProtocolServerSideTranslatorPB.java:219)
	at org.apache.hadoop.ozone.protocolPB.OzoneManagerProtocolServerSideTranslatorPB.processRequest(OzoneManagerProtocolServerSideTranslatorPB.java:134)
	at org.apache.hadoop.hdds.server.OzoneProtocolMessageDispatcher.processRequest(OzoneProtocolMessageDispatcher.java:72)
	at org.apache.hadoop.ozone.protocolPB.OzoneManagerProtocolServerSideTranslatorPB.submitRequest(OzoneManagerProtocolServerSideTranslatorPB.java:100)
	at org.apache.hadoop.ozone.protocol.proto.OzoneManagerProtocolProtos$OzoneManagerService$2.callBlockingMethod(OzoneManagerProtocolProtos.java)
	at org.apache.hadoop.ipc.ProtobufRpcEngine$Server$ProtoBufRpcInvoker.call(ProtobufRpcEngine.java:524)
	at org.apache.hadoop.ipc.RPC$Server.call(RPC.java:1025)
	at org.apache.hadoop.ipc.Server$RpcCall.run(Server.java:876)
	at org.apache.hadoop.ipc.Server$RpcCall.run(Server.java:822)
	at java.security.AccessController.doPrivileged(Native Method)
	at javax.security.auth.Subject.doAs(Subject.java:422)
	at org.apache.hadoop.security.UserGroupInformation.doAs(UserGroupInformation.java:1730)
	at org.apache.hadoop.ipc.Server$Handler.run(Server.java:2682)
, while invoking $Proxy35.submitRequest over nodeId=null,nodeAddress=localhost:37358 after 1 failover attempts. Trying to failover immediately.
2019-10-16 05:43:14,876 [IPC Server handler 9 on 37358] ERROR lock.LockManager (LockManager.java:getLockForReleasing(218)) - Trying to release the lock on /datanodefailurehandlingtest/datanodefailurehandlingtest, which was never acquired.
2019-10-16 05:43:14,876 [IPC Server handler 9 on 37358] WARN  ipc.Server (Server.java:logException(2724)) - IPC Server handler 9 on 37358, call Call#780 Retry#2 org.apache.hadoop.ozone.om.protocol.OzoneManagerProtocol.submitRequest from 127.0.0.1:58396
java.lang.IllegalMonitorStateException: Releasing lock on resource /datanodefailurehandlingtest/datanodefailurehandlingtest without acquiring lock
	at org.apache.hadoop.ozone.lock.LockManager.getLockForReleasing(LockManager.java:220)
	at org.apache.hadoop.ozone.lock.LockManager.release(LockManager.java:168)
	at org.apache.hadoop.ozone.lock.LockManager.writeUnlock(LockManager.java:148)
	at org.apache.hadoop.ozone.om.lock.OzoneManagerLock.unlock(OzoneManagerLock.java:364)
	at org.apache.hadoop.ozone.om.lock.OzoneManagerLock.releaseWriteLock(OzoneManagerLock.java:329)
	at org.apache.hadoop.ozone.om.request.key.OMKeyCommitRequest.validateAndUpdateCache(OMKeyCommitRequest.java:177)
	at org.apache.hadoop.ozone.protocolPB.OzoneManagerProtocolServerSideTranslatorPB.submitRequestDirectlyToOM(OzoneManagerProtocolServerSideTranslatorPB.java:219)
	at org.apache.hadoop.ozone.protocolPB.OzoneManagerProtocolServerSideTranslatorPB.processRequest(OzoneManagerProtocolServerSideTranslatorPB.java:134)
	at org.apache.hadoop.hdds.server.OzoneProtocolMessageDispatcher.processRequest(OzoneProtocolMessageDispatcher.java:72)
	at org.apache.hadoop.ozone.protocolPB.OzoneManagerProtocolServerSideTranslatorPB.submitRequest(OzoneManagerProtocolServerSideTranslatorPB.java:100)
	at org.apache.hadoop.ozone.protocol.proto.OzoneManagerProtocolProtos$OzoneManagerService$2.callBlockingMethod(OzoneManagerProtocolProtos.java)
	at org.apache.hadoop.ipc.ProtobufRpcEngine$Server$ProtoBufRpcInvoker.call(ProtobufRpcEngine.java:524)
	at org.apache.hadoop.ipc.RPC$Server.call(RPC.java:1025)
	at org.apache.hadoop.ipc.Server$RpcCall.run(Server.java:876)
	at org.apache.hadoop.ipc.Server$RpcCall.run(Server.java:822)
	at java.security.AccessController.doPrivileged(Native Method)
	at javax.security.auth.Subject.doAs(Subject.java:422)
	at org.apache.hadoop.security.UserGroupInformation.doAs(UserGroupInformation.java:1730)
	at org.apache.hadoop.ipc.Server$Handler.run(Server.java:2682)
2019-10-16 05:43:14,878 [main] INFO  retry.RetryInvocationHandler (RetryInvocationHandler.java:log(411)) - com.google.protobuf.ServiceException: org.apache.hadoop.ipc.RemoteException(java.lang.IllegalMonitorStateException): Releasing lock on resource /datanodefailurehandlingtest/datanodefailurehandlingtest without acquiring lock
	at org.apache.hadoop.ozone.lock.LockManager.getLockForReleasing(LockManager.java:220)
	at org.apache.hadoop.ozone.lock.LockManager.release(LockManager.java:168)
	at org.apache.hadoop.ozone.lock.LockManager.writeUnlock(LockManager.java:148)
	at org.apache.hadoop.ozone.om.lock.OzoneManagerLock.unlock(OzoneManagerLock.java:364)
	at org.apache.hadoop.ozone.om.lock.OzoneManagerLock.releaseWriteLock(OzoneManagerLock.java:329)
	at org.apache.hadoop.ozone.om.request.key.OMKeyCommitRequest.validateAndUpdateCache(OMKeyCommitRequest.java:177)
	at org.apache.hadoop.ozone.protocolPB.OzoneManagerProtocolServerSideTranslatorPB.submitRequestDirectlyToOM(OzoneManagerProtocolServerSideTranslatorPB.java:219)
	at org.apache.hadoop.ozone.protocolPB.OzoneManagerProtocolServerSideTranslatorPB.processRequest(OzoneManagerProtocolServerSideTranslatorPB.java:134)
	at org.apache.hadoop.hdds.server.OzoneProtocolMessageDispatcher.processRequest(OzoneProtocolMessageDispatcher.java:72)
	at org.apache.hadoop.ozone.protocolPB.OzoneManagerProtocolServerSideTranslatorPB.submitRequest(OzoneManagerProtocolServerSideTranslatorPB.java:100)
	at org.apache.hadoop.ozone.protocol.proto.OzoneManagerProtocolProtos$OzoneManagerService$2.callBlockingMethod(OzoneManagerProtocolProtos.java)
	at org.apache.hadoop.ipc.ProtobufRpcEngine$Server$ProtoBufRpcInvoker.call(ProtobufRpcEngine.java:524)
	at org.apache.hadoop.ipc.RPC$Server.call(RPC.java:1025)
	at org.apache.hadoop.ipc.Server$RpcCall.run(Server.java:876)
	at org.apache.hadoop.ipc.Server$RpcCall.run(Server.java:822)
	at java.security.AccessController.doPrivileged(Native Method)
	at javax.security.auth.Subject.doAs(Subject.java:422)
	at org.apache.hadoop.security.UserGroupInformation.doAs(UserGroupInformation.java:1730)
	at org.apache.hadoop.ipc.Server$Handler.run(Server.java:2682)
, while invoking $Proxy35.submitRequest over nodeId=null,nodeAddress=localhost:37358 after 2 failover attempts. Trying to failover immediately.
2019-10-16 05:43:14,882 [IPC Server handler 8 on 37358] ERROR lock.LockManager (LockManager.java:getLockForReleasing(218)) - Trying to release the lock on /datanodefailurehandlingtest/datanodefailurehandlingtest, which was never acquired.
2019-10-16 05:43:14,882 [IPC Server handler 8 on 37358] WARN  ipc.Server (Server.java:logException(2724)) - IPC Server handler 8 on 37358, call Call#780 Retry#3 org.apache.hadoop.ozone.om.protocol.OzoneManagerProtocol.submitRequest from 127.0.0.1:58396
java.lang.IllegalMonitorStateException: Releasing lock on resource /datanodefailurehandlingtest/datanodefailurehandlingtest without acquiring lock
	at org.apache.hadoop.ozone.lock.LockManager.getLockForReleasing(LockManager.java:220)
	at org.apache.hadoop.ozone.lock.LockManager.release(LockManager.java:168)
	at org.apache.hadoop.ozone.lock.LockManager.writeUnlock(LockManager.java:148)
	at org.apache.hadoop.ozone.om.lock.OzoneManagerLock.unlock(OzoneManagerLock.java:364)
	at org.apache.hadoop.ozone.om.lock.OzoneManagerLock.releaseWriteLock(OzoneManagerLock.java:329)
	at org.apache.hadoop.ozone.om.request.key.OMKeyCommitRequest.validateAndUpdateCache(OMKeyCommitRequest.java:177)
	at org.apache.hadoop.ozone.protocolPB.OzoneManagerProtocolServerSideTranslatorPB.submitRequestDirectlyToOM(OzoneManagerProtocolServerSideTranslatorPB.java:219)
	at org.apache.hadoop.ozone.protocolPB.OzoneManagerProtocolServerSideTranslatorPB.processRequest(OzoneManagerProtocolServerSideTranslatorPB.java:134)
	at org.apache.hadoop.hdds.server.OzoneProtocolMessageDispatcher.processRequest(OzoneProtocolMessageDispatcher.java:72)
	at org.apache.hadoop.ozone.protocolPB.OzoneManagerProtocolServerSideTranslatorPB.submitRequest(OzoneManagerProtocolServerSideTranslatorPB.java:100)
	at org.apache.hadoop.ozone.protocol.proto.OzoneManagerProtocolProtos$OzoneManagerService$2.callBlockingMethod(OzoneManagerProtocolProtos.java)
	at org.apache.hadoop.ipc.ProtobufRpcEngine$Server$ProtoBufRpcInvoker.call(ProtobufRpcEngine.java:524)
	at org.apache.hadoop.ipc.RPC$Server.call(RPC.java:1025)
	at org.apache.hadoop.ipc.Server$RpcCall.run(Server.java:876)
	at org.apache.hadoop.ipc.Server$RpcCall.run(Server.java:822)
	at java.security.AccessController.doPrivileged(Native Method)
	at javax.security.auth.Subject.doAs(Subject.java:422)
	at org.apache.hadoop.security.UserGroupInformation.doAs(UserGroupInformation.java:1730)
	at org.apache.hadoop.ipc.Server$Handler.run(Server.java:2682)
2019-10-16 05:43:14,884 [main] INFO  retry.RetryInvocationHandler (RetryInvocationHandler.java:log(411)) - com.google.protobuf.ServiceException: org.apache.hadoop.ipc.RemoteException(java.lang.IllegalMonitorStateException): Releasing lock on resource /datanodefailurehandlingtest/datanodefailurehandlingtest without acquiring lock
	at org.apache.hadoop.ozone.lock.LockManager.getLockForReleasing(LockManager.java:220)
	at org.apache.hadoop.ozone.lock.LockManager.release(LockManager.java:168)
	at org.apache.hadoop.ozone.lock.LockManager.writeUnlock(LockManager.java:148)
	at org.apache.hadoop.ozone.om.lock.OzoneManagerLock.unlock(OzoneManagerLock.java:364)
	at org.apache.hadoop.ozone.om.lock.OzoneManagerLock.releaseWriteLock(OzoneManagerLock.java:329)
	at org.apache.hadoop.ozone.om.request.key.OMKeyCommitRequest.validateAndUpdateCache(OMKeyCommitRequest.java:177)
	at org.apache.hadoop.ozone.protocolPB.OzoneManagerProtocolServerSideTranslatorPB.submitRequestDirectlyToOM(OzoneManagerProtocolServerSideTranslatorPB.java:219)
	at org.apache.hadoop.ozone.protocolPB.OzoneManagerProtocolServerSideTranslatorPB.processRequest(OzoneManagerProtocolServerSideTranslatorPB.java:134)
	at org.apache.hadoop.hdds.server.OzoneProtocolMessageDispatcher.processRequest(OzoneProtocolMessageDispatcher.java:72)
	at org.apache.hadoop.ozone.protocolPB.OzoneManagerProtocolServerSideTranslatorPB.submitRequest(OzoneManagerProtocolServerSideTranslatorPB.java:100)
	at org.apache.hadoop.ozone.protocol.proto.OzoneManagerProtocolProtos$OzoneManagerService$2.callBlockingMethod(OzoneManagerProtocolProtos.java)
	at org.apache.hadoop.ipc.ProtobufRpcEngine$Server$ProtoBufRpcInvoker.call(ProtobufRpcEngine.java:524)
	at org.apache.hadoop.ipc.RPC$Server.call(RPC.java:1025)
	at org.apache.hadoop.ipc.Server$RpcCall.run(Server.java:876)
	at org.apache.hadoop.ipc.Server$RpcCall.run(Server.java:822)
	at java.security.AccessController.doPrivileged(Native Method)
	at javax.security.auth.Subject.doAs(Subject.java:422)
	at org.apache.hadoop.security.UserGroupInformation.doAs(UserGroupInformation.java:1730)
	at org.apache.hadoop.ipc.Server$Handler.run(Server.java:2682)
, while invoking $Proxy35.submitRequest over nodeId=null,nodeAddress=localhost:37358 after 3 failover attempts. Trying to failover immediately.
2019-10-16 05:43:14,890 [IPC Server handler 7 on 37358] ERROR lock.LockManager (LockManager.java:getLockForReleasing(218)) - Trying to release the lock on /datanodefailurehandlingtest/datanodefailurehandlingtest, which was never acquired.
2019-10-16 05:43:14,890 [IPC Server handler 7 on 37358] WARN  ipc.Server (Server.java:logException(2724)) - IPC Server handler 7 on 37358, call Call#780 Retry#4 org.apache.hadoop.ozone.om.protocol.OzoneManagerProtocol.submitRequest from 127.0.0.1:58396
java.lang.IllegalMonitorStateException: Releasing lock on resource /datanodefailurehandlingtest/datanodefailurehandlingtest without acquiring lock
	at org.apache.hadoop.ozone.lock.LockManager.getLockForReleasing(LockManager.java:220)
	at org.apache.hadoop.ozone.lock.LockManager.release(LockManager.java:168)
	at org.apache.hadoop.ozone.lock.LockManager.writeUnlock(LockManager.java:148)
	at org.apache.hadoop.ozone.om.lock.OzoneManagerLock.unlock(OzoneManagerLock.java:364)
	at org.apache.hadoop.ozone.om.lock.OzoneManagerLock.releaseWriteLock(OzoneManagerLock.java:329)
	at org.apache.hadoop.ozone.om.request.key.OMKeyCommitRequest.validateAndUpdateCache(OMKeyCommitRequest.java:177)
	at org.apache.hadoop.ozone.protocolPB.OzoneManagerProtocolServerSideTranslatorPB.submitRequestDirectlyToOM(OzoneManagerProtocolServerSideTranslatorPB.java:219)
	at org.apache.hadoop.ozone.protocolPB.OzoneManagerProtocolServerSideTranslatorPB.processRequest(OzoneManagerProtocolServerSideTranslatorPB.java:134)
	at org.apache.hadoop.hdds.server.OzoneProtocolMessageDispatcher.processRequest(OzoneProtocolMessageDispatcher.java:72)
	at org.apache.hadoop.ozone.protocolPB.OzoneManagerProtocolServerSideTranslatorPB.submitRequest(OzoneManagerProtocolServerSideTranslatorPB.java:100)
	at org.apache.hadoop.ozone.protocol.proto.OzoneManagerProtocolProtos$OzoneManagerService$2.callBlockingMethod(OzoneManagerProtocolProtos.java)
	at org.apache.hadoop.ipc.ProtobufRpcEngine$Server$ProtoBufRpcInvoker.call(ProtobufRpcEngine.java:524)
	at org.apache.hadoop.ipc.RPC$Server.call(RPC.java:1025)
	at org.apache.hadoop.ipc.Server$RpcCall.run(Server.java:876)
	at org.apache.hadoop.ipc.Server$RpcCall.run(Server.java:822)
	at java.security.AccessController.doPrivileged(Native Method)
	at javax.security.auth.Subject.doAs(Subject.java:422)
	at org.apache.hadoop.security.UserGroupInformation.doAs(UserGroupInformation.java:1730)
	at org.apache.hadoop.ipc.Server$Handler.run(Server.java:2682)
2019-10-16 05:43:14,893 [main] INFO  retry.RetryInvocationHandler (RetryInvocationHandler.java:log(411)) - com.google.protobuf.ServiceException: org.apache.hadoop.ipc.RemoteException(java.lang.IllegalMonitorStateException): Releasing lock on resource /datanodefailurehandlingtest/datanodefailurehandlingtest without acquiring lock
	at org.apache.hadoop.ozone.lock.LockManager.getLockForReleasing(LockManager.java:220)
	at org.apache.hadoop.ozone.lock.LockManager.release(LockManager.java:168)
	at org.apache.hadoop.ozone.lock.LockManager.writeUnlock(LockManager.java:148)
	at org.apache.hadoop.ozone.om.lock.OzoneManagerLock.unlock(OzoneManagerLock.java:364)
	at org.apache.hadoop.ozone.om.lock.OzoneManagerLock.releaseWriteLock(OzoneManagerLock.java:329)
	at org.apache.hadoop.ozone.om.request.key.OMKeyCommitRequest.validateAndUpdateCache(OMKeyCommitRequest.java:177)
	at org.apache.hadoop.ozone.protocolPB.OzoneManagerProtocolServerSideTranslatorPB.submitRequestDirectlyToOM(OzoneManagerProtocolServerSideTranslatorPB.java:219)
	at org.apache.hadoop.ozone.protocolPB.OzoneManagerProtocolServerSideTranslatorPB.processRequest(OzoneManagerProtocolServerSideTranslatorPB.java:134)
	at org.apache.hadoop.hdds.server.OzoneProtocolMessageDispatcher.processRequest(OzoneProtocolMessageDispatcher.java:72)
	at org.apache.hadoop.ozone.protocolPB.OzoneManagerProtocolServerSideTranslatorPB.submitRequest(OzoneManagerProtocolServerSideTranslatorPB.java:100)
	at org.apache.hadoop.ozone.protocol.proto.OzoneManagerProtocolProtos$OzoneManagerService$2.callBlockingMethod(OzoneManagerProtocolProtos.java)
	at org.apache.hadoop.ipc.ProtobufRpcEngine$Server$ProtoBufRpcInvoker.call(ProtobufRpcEngine.java:524)
	at org.apache.hadoop.ipc.RPC$Server.call(RPC.java:1025)
	at org.apache.hadoop.ipc.Server$RpcCall.run(Server.java:876)
	at org.apache.hadoop.ipc.Server$RpcCall.run(Server.java:822)
	at java.security.AccessController.doPrivileged(Native Method)
	at javax.security.auth.Subject.doAs(Subject.java:422)
	at org.apache.hadoop.security.UserGroupInformation.doAs(UserGroupInformation.java:1730)
	at org.apache.hadoop.ipc.Server$Handler.run(Server.java:2682)
, while invoking $Proxy35.submitRequest over nodeId=null,nodeAddress=localhost:37358 after 4 failover attempts. Trying to failover immediately.
2019-10-16 05:43:14,897 [IPC Server handler 10 on 37358] ERROR lock.LockManager (LockManager.java:getLockForReleasing(218)) - Trying to release the lock on /datanodefailurehandlingtest/datanodefailurehandlingtest, which was never acquired.
2019-10-16 05:43:14,897 [IPC Server handler 10 on 37358] WARN  ipc.Server (Server.java:logException(2724)) - IPC Server handler 10 on 37358, call Call#780 Retry#5 org.apache.hadoop.ozone.om.protocol.OzoneManagerProtocol.submitRequest from 127.0.0.1:58396
java.lang.IllegalMonitorStateException: Releasing lock on resource /datanodefailurehandlingtest/datanodefailurehandlingtest without acquiring lock
	at org.apache.hadoop.ozone.lock.LockManager.getLockForReleasing(LockManager.java:220)
	at org.apache.hadoop.ozone.lock.LockManager.release(LockManager.java:168)
	at org.apache.hadoop.ozone.lock.LockManager.writeUnlock(LockManager.java:148)
	at org.apache.hadoop.ozone.om.lock.OzoneManagerLock.unlock(OzoneManagerLock.java:364)
	at org.apache.hadoop.ozone.om.lock.OzoneManagerLock.releaseWriteLock(OzoneManagerLock.java:329)
	at org.apache.hadoop.ozone.om.request.key.OMKeyCommitRequest.validateAndUpdateCache(OMKeyCommitRequest.java:177)
	at org.apache.hadoop.ozone.protocolPB.OzoneManagerProtocolServerSideTranslatorPB.submitRequestDirectlyToOM(OzoneManagerProtocolServerSideTranslatorPB.java:219)
	at org.apache.hadoop.ozone.protocolPB.OzoneManagerProtocolServerSideTranslatorPB.processRequest(OzoneManagerProtocolServerSideTranslatorPB.java:134)
	at org.apache.hadoop.hdds.server.OzoneProtocolMessageDispatcher.processRequest(OzoneProtocolMessageDispatcher.java:72)
	at org.apache.hadoop.ozone.protocolPB.OzoneManagerProtocolServerSideTranslatorPB.submitRequest(OzoneManagerProtocolServerSideTranslatorPB.java:100)
	at org.apache.hadoop.ozone.protocol.proto.OzoneManagerProtocolProtos$OzoneManagerService$2.callBlockingMethod(OzoneManagerProtocolProtos.java)
	at org.apache.hadoop.ipc.ProtobufRpcEngine$Server$ProtoBufRpcInvoker.call(ProtobufRpcEngine.java:524)
	at org.apache.hadoop.ipc.RPC$Server.call(RPC.java:1025)
	at org.apache.hadoop.ipc.Server$RpcCall.run(Server.java:876)
	at org.apache.hadoop.ipc.Server$RpcCall.run(Server.java:822)
	at java.security.AccessController.doPrivileged(Native Method)
	at javax.security.auth.Subject.doAs(Subject.java:422)
	at org.apache.hadoop.security.UserGroupInformation.doAs(UserGroupInformation.java:1730)
	at org.apache.hadoop.ipc.Server$Handler.run(Server.java:2682)
2019-10-16 05:43:14,899 [main] INFO  retry.RetryInvocationHandler (RetryInvocationHandler.java:log(411)) - com.google.protobuf.ServiceException: org.apache.hadoop.ipc.RemoteException(java.lang.IllegalMonitorStateException): Releasing lock on resource /datanodefailurehandlingtest/datanodefailurehandlingtest without acquiring lock
	at org.apache.hadoop.ozone.lock.LockManager.getLockForReleasing(LockManager.java:220)
	at org.apache.hadoop.ozone.lock.LockManager.release(LockManager.java:168)
	at org.apache.hadoop.ozone.lock.LockManager.writeUnlock(LockManager.java:148)
	at org.apache.hadoop.ozone.om.lock.OzoneManagerLock.unlock(OzoneManagerLock.java:364)
	at org.apache.hadoop.ozone.om.lock.OzoneManagerLock.releaseWriteLock(OzoneManagerLock.java:329)
	at org.apache.hadoop.ozone.om.request.key.OMKeyCommitRequest.validateAndUpdateCache(OMKeyCommitRequest.java:177)
	at org.apache.hadoop.ozone.protocolPB.OzoneManagerProtocolServerSideTranslatorPB.submitRequestDirectlyToOM(OzoneManagerProtocolServerSideTranslatorPB.java:219)
	at org.apache.hadoop.ozone.protocolPB.OzoneManagerProtocolServerSideTranslatorPB.processRequest(OzoneManagerProtocolServerSideTranslatorPB.java:134)
	at org.apache.hadoop.hdds.server.OzoneProtocolMessageDispatcher.processRequest(OzoneProtocolMessageDispatcher.java:72)
	at org.apache.hadoop.ozone.protocolPB.OzoneManagerProtocolServerSideTranslatorPB.submitRequest(OzoneManagerProtocolServerSideTranslatorPB.java:100)
	at org.apache.hadoop.ozone.protocol.proto.OzoneManagerProtocolProtos$OzoneManagerService$2.callBlockingMethod(OzoneManagerProtocolProtos.java)
	at org.apache.hadoop.ipc.ProtobufRpcEngine$Server$ProtoBufRpcInvoker.call(ProtobufRpcEngine.java:524)
	at org.apache.hadoop.ipc.RPC$Server.call(RPC.java:1025)
	at org.apache.hadoop.ipc.Server$RpcCall.run(Server.java:876)
	at org.apache.hadoop.ipc.Server$RpcCall.run(Server.java:822)
	at java.security.AccessController.doPrivileged(Native Method)
	at javax.security.auth.Subject.doAs(Subject.java:422)
	at org.apache.hadoop.security.UserGroupInformation.doAs(UserGroupInformation.java:1730)
	at org.apache.hadoop.ipc.Server$Handler.run(Server.java:2682)
, while invoking $Proxy35.submitRequest over nodeId=null,nodeAddress=localhost:37358 after 5 failover attempts. Trying to failover immediately.
2019-10-16 05:43:14,902 [IPC Server handler 19 on 37358] ERROR lock.LockManager (LockManager.java:getLockForReleasing(218)) - Trying to release the lock on /datanodefailurehandlingtest/datanodefailurehandlingtest, which was never acquired.
2019-10-16 05:43:14,902 [IPC Server handler 19 on 37358] WARN  ipc.Server (Server.java:logException(2724)) - IPC Server handler 19 on 37358, call Call#780 Retry#6 org.apache.hadoop.ozone.om.protocol.OzoneManagerProtocol.submitRequest from 127.0.0.1:58396
java.lang.IllegalMonitorStateException: Releasing lock on resource /datanodefailurehandlingtest/datanodefailurehandlingtest without acquiring lock
	at org.apache.hadoop.ozone.lock.LockManager.getLockForReleasing(LockManager.java:220)
	at org.apache.hadoop.ozone.lock.LockManager.release(LockManager.java:168)
	at org.apache.hadoop.ozone.lock.LockManager.writeUnlock(LockManager.java:148)
	at org.apache.hadoop.ozone.om.lock.OzoneManagerLock.unlock(OzoneManagerLock.java:364)
	at org.apache.hadoop.ozone.om.lock.OzoneManagerLock.releaseWriteLock(OzoneManagerLock.java:329)
	at org.apache.hadoop.ozone.om.request.key.OMKeyCommitRequest.validateAndUpdateCache(OMKeyCommitRequest.java:177)
	at org.apache.hadoop.ozone.protocolPB.OzoneManagerProtocolServerSideTranslatorPB.submitRequestDirectlyToOM(OzoneManagerProtocolServerSideTranslatorPB.java:219)
	at org.apache.hadoop.ozone.protocolPB.OzoneManagerProtocolServerSideTranslatorPB.processRequest(OzoneManagerProtocolServerSideTranslatorPB.java:134)
	at org.apache.hadoop.hdds.server.OzoneProtocolMessageDispatcher.processRequest(OzoneProtocolMessageDispatcher.java:72)
	at org.apache.hadoop.ozone.protocolPB.OzoneManagerProtocolServerSideTranslatorPB.submitRequest(OzoneManagerProtocolServerSideTranslatorPB.java:100)
	at org.apache.hadoop.ozone.protocol.proto.OzoneManagerProtocolProtos$OzoneManagerService$2.callBlockingMethod(OzoneManagerProtocolProtos.java)
	at org.apache.hadoop.ipc.ProtobufRpcEngine$Server$ProtoBufRpcInvoker.call(ProtobufRpcEngine.java:524)
	at org.apache.hadoop.ipc.RPC$Server.call(RPC.java:1025)
	at org.apache.hadoop.ipc.Server$RpcCall.run(Server.java:876)
	at org.apache.hadoop.ipc.Server$RpcCall.run(Server.java:822)
	at java.security.AccessController.doPrivileged(Native Method)
	at javax.security.auth.Subject.doAs(Subject.java:422)
	at org.apache.hadoop.security.UserGroupInformation.doAs(UserGroupInformation.java:1730)
	at org.apache.hadoop.ipc.Server$Handler.run(Server.java:2682)
2019-10-16 05:43:14,904 [main] INFO  retry.RetryInvocationHandler (RetryInvocationHandler.java:log(411)) - com.google.protobuf.ServiceException: org.apache.hadoop.ipc.RemoteException(java.lang.IllegalMonitorStateException): Releasing lock on resource /datanodefailurehandlingtest/datanodefailurehandlingtest without acquiring lock
	at org.apache.hadoop.ozone.lock.LockManager.getLockForReleasing(LockManager.java:220)
	at org.apache.hadoop.ozone.lock.LockManager.release(LockManager.java:168)
	at org.apache.hadoop.ozone.lock.LockManager.writeUnlock(LockManager.java:148)
	at org.apache.hadoop.ozone.om.lock.OzoneManagerLock.unlock(OzoneManagerLock.java:364)
	at org.apache.hadoop.ozone.om.lock.OzoneManagerLock.releaseWriteLock(OzoneManagerLock.java:329)
	at org.apache.hadoop.ozone.om.request.key.OMKeyCommitRequest.validateAndUpdateCache(OMKeyCommitRequest.java:177)
	at org.apache.hadoop.ozone.protocolPB.OzoneManagerProtocolServerSideTranslatorPB.submitRequestDirectlyToOM(OzoneManagerProtocolServerSideTranslatorPB.java:219)
	at org.apache.hadoop.ozone.protocolPB.OzoneManagerProtocolServerSideTranslatorPB.processRequest(OzoneManagerProtocolServerSideTranslatorPB.java:134)
	at org.apache.hadoop.hdds.server.OzoneProtocolMessageDispatcher.processRequest(OzoneProtocolMessageDispatcher.java:72)
	at org.apache.hadoop.ozone.protocolPB.OzoneManagerProtocolServerSideTranslatorPB.submitRequest(OzoneManagerProtocolServerSideTranslatorPB.java:100)
	at org.apache.hadoop.ozone.protocol.proto.OzoneManagerProtocolProtos$OzoneManagerService$2.callBlockingMethod(OzoneManagerProtocolProtos.java)
	at org.apache.hadoop.ipc.ProtobufRpcEngine$Server$ProtoBufRpcInvoker.call(ProtobufRpcEngine.java:524)
	at org.apache.hadoop.ipc.RPC$Server.call(RPC.java:1025)
	at org.apache.hadoop.ipc.Server$RpcCall.run(Server.java:876)
	at org.apache.hadoop.ipc.Server$RpcCall.run(Server.java:822)
	at java.security.AccessController.doPrivileged(Native Method)
	at javax.security.auth.Subject.doAs(Subject.java:422)
	at org.apache.hadoop.security.UserGroupInformation.doAs(UserGroupInformation.java:1730)
	at org.apache.hadoop.ipc.Server$Handler.run(Server.java:2682)
, while invoking $Proxy35.submitRequest over nodeId=null,nodeAddress=localhost:37358 after 6 failover attempts. Trying to failover immediately.
2019-10-16 05:43:14,908 [IPC Server handler 15 on 37358] ERROR lock.LockManager (LockManager.java:getLockForReleasing(218)) - Trying to release the lock on /datanodefailurehandlingtest/datanodefailurehandlingtest, which was never acquired.
2019-10-16 05:43:14,908 [IPC Server handler 15 on 37358] WARN  ipc.Server (Server.java:logException(2724)) - IPC Server handler 15 on 37358, call Call#780 Retry#7 org.apache.hadoop.ozone.om.protocol.OzoneManagerProtocol.submitRequest from 127.0.0.1:58396
java.lang.IllegalMonitorStateException: Releasing lock on resource /datanodefailurehandlingtest/datanodefailurehandlingtest without acquiring lock
	at org.apache.hadoop.ozone.lock.LockManager.getLockForReleasing(LockManager.java:220)
	at org.apache.hadoop.ozone.lock.LockManager.release(LockManager.java:168)
	at org.apache.hadoop.ozone.lock.LockManager.writeUnlock(LockManager.java:148)
	at org.apache.hadoop.ozone.om.lock.OzoneManagerLock.unlock(OzoneManagerLock.java:364)
	at org.apache.hadoop.ozone.om.lock.OzoneManagerLock.releaseWriteLock(OzoneManagerLock.java:329)
	at org.apache.hadoop.ozone.om.request.key.OMKeyCommitRequest.validateAndUpdateCache(OMKeyCommitRequest.java:177)
	at org.apache.hadoop.ozone.protocolPB.OzoneManagerProtocolServerSideTranslatorPB.submitRequestDirectlyToOM(OzoneManagerProtocolServerSideTranslatorPB.java:219)
	at org.apache.hadoop.ozone.protocolPB.OzoneManagerProtocolServerSideTranslatorPB.processRequest(OzoneManagerProtocolServerSideTranslatorPB.java:134)
	at org.apache.hadoop.hdds.server.OzoneProtocolMessageDispatcher.processRequest(OzoneProtocolMessageDispatcher.java:72)
	at org.apache.hadoop.ozone.protocolPB.OzoneManagerProtocolServerSideTranslatorPB.submitRequest(OzoneManagerProtocolServerSideTranslatorPB.java:100)
	at org.apache.hadoop.ozone.protocol.proto.OzoneManagerProtocolProtos$OzoneManagerService$2.callBlockingMethod(OzoneManagerProtocolProtos.java)
	at org.apache.hadoop.ipc.ProtobufRpcEngine$Server$ProtoBufRpcInvoker.call(ProtobufRpcEngine.java:524)
	at org.apache.hadoop.ipc.RPC$Server.call(RPC.java:1025)
	at org.apache.hadoop.ipc.Server$RpcCall.run(Server.java:876)
	at org.apache.hadoop.ipc.Server$RpcCall.run(Server.java:822)
	at java.security.AccessController.doPrivileged(Native Method)
	at javax.security.auth.Subject.doAs(Subject.java:422)
	at org.apache.hadoop.security.UserGroupInformation.doAs(UserGroupInformation.java:1730)
	at org.apache.hadoop.ipc.Server$Handler.run(Server.java:2682)
2019-10-16 05:43:14,910 [main] INFO  retry.RetryInvocationHandler (RetryInvocationHandler.java:log(411)) - com.google.protobuf.ServiceException: org.apache.hadoop.ipc.RemoteException(java.lang.IllegalMonitorStateException): Releasing lock on resource /datanodefailurehandlingtest/datanodefailurehandlingtest without acquiring lock
	at org.apache.hadoop.ozone.lock.LockManager.getLockForReleasing(LockManager.java:220)
	at org.apache.hadoop.ozone.lock.LockManager.release(LockManager.java:168)
	at org.apache.hadoop.ozone.lock.LockManager.writeUnlock(LockManager.java:148)
	at org.apache.hadoop.ozone.om.lock.OzoneManagerLock.unlock(OzoneManagerLock.java:364)
	at org.apache.hadoop.ozone.om.lock.OzoneManagerLock.releaseWriteLock(OzoneManagerLock.java:329)
	at org.apache.hadoop.ozone.om.request.key.OMKeyCommitRequest.validateAndUpdateCache(OMKeyCommitRequest.java:177)
	at org.apache.hadoop.ozone.protocolPB.OzoneManagerProtocolServerSideTranslatorPB.submitRequestDirectlyToOM(OzoneManagerProtocolServerSideTranslatorPB.java:219)
	at org.apache.hadoop.ozone.protocolPB.OzoneManagerProtocolServerSideTranslatorPB.processRequest(OzoneManagerProtocolServerSideTranslatorPB.java:134)
	at org.apache.hadoop.hdds.server.OzoneProtocolMessageDispatcher.processRequest(OzoneProtocolMessageDispatcher.java:72)
	at org.apache.hadoop.ozone.protocolPB.OzoneManagerProtocolServerSideTranslatorPB.submitRequest(OzoneManagerProtocolServerSideTranslatorPB.java:100)
	at org.apache.hadoop.ozone.protocol.proto.OzoneManagerProtocolProtos$OzoneManagerService$2.callBlockingMethod(OzoneManagerProtocolProtos.java)
	at org.apache.hadoop.ipc.ProtobufRpcEngine$Server$ProtoBufRpcInvoker.call(ProtobufRpcEngine.java:524)
	at org.apache.hadoop.ipc.RPC$Server.call(RPC.java:1025)
	at org.apache.hadoop.ipc.Server$RpcCall.run(Server.java:876)
	at org.apache.hadoop.ipc.Server$RpcCall.run(Server.java:822)
	at java.security.AccessController.doPrivileged(Native Method)
	at javax.security.auth.Subject.doAs(Subject.java:422)
	at org.apache.hadoop.security.UserGroupInformation.doAs(UserGroupInformation.java:1730)
	at org.apache.hadoop.ipc.Server$Handler.run(Server.java:2682)
, while invoking $Proxy35.submitRequest over nodeId=null,nodeAddress=localhost:37358 after 7 failover attempts. Trying to failover immediately.
2019-10-16 05:43:14,914 [IPC Server handler 18 on 37358] ERROR lock.LockManager (LockManager.java:getLockForReleasing(218)) - Trying to release the lock on /datanodefailurehandlingtest/datanodefailurehandlingtest, which was never acquired.
2019-10-16 05:43:14,914 [IPC Server handler 18 on 37358] WARN  ipc.Server (Server.java:logException(2724)) - IPC Server handler 18 on 37358, call Call#780 Retry#8 org.apache.hadoop.ozone.om.protocol.OzoneManagerProtocol.submitRequest from 127.0.0.1:58396
java.lang.IllegalMonitorStateException: Releasing lock on resource /datanodefailurehandlingtest/datanodefailurehandlingtest without acquiring lock
	at org.apache.hadoop.ozone.lock.LockManager.getLockForReleasing(LockManager.java:220)
	at org.apache.hadoop.ozone.lock.LockManager.release(LockManager.java:168)
	at org.apache.hadoop.ozone.lock.LockManager.writeUnlock(LockManager.java:148)
	at org.apache.hadoop.ozone.om.lock.OzoneManagerLock.unlock(OzoneManagerLock.java:364)
	at org.apache.hadoop.ozone.om.lock.OzoneManagerLock.releaseWriteLock(OzoneManagerLock.java:329)
	at org.apache.hadoop.ozone.om.request.key.OMKeyCommitRequest.validateAndUpdateCache(OMKeyCommitRequest.java:177)
	at org.apache.hadoop.ozone.protocolPB.OzoneManagerProtocolServerSideTranslatorPB.submitRequestDirectlyToOM(OzoneManagerProtocolServerSideTranslatorPB.java:219)
	at org.apache.hadoop.ozone.protocolPB.OzoneManagerProtocolServerSideTranslatorPB.processRequest(OzoneManagerProtocolServerSideTranslatorPB.java:134)
	at org.apache.hadoop.hdds.server.OzoneProtocolMessageDispatcher.processRequest(OzoneProtocolMessageDispatcher.java:72)
	at org.apache.hadoop.ozone.protocolPB.OzoneManagerProtocolServerSideTranslatorPB.submitRequest(OzoneManagerProtocolServerSideTranslatorPB.java:100)
	at org.apache.hadoop.ozone.protocol.proto.OzoneManagerProtocolProtos$OzoneManagerService$2.callBlockingMethod(OzoneManagerProtocolProtos.java)
	at org.apache.hadoop.ipc.ProtobufRpcEngine$Server$ProtoBufRpcInvoker.call(ProtobufRpcEngine.java:524)
	at org.apache.hadoop.ipc.RPC$Server.call(RPC.java:1025)
	at org.apache.hadoop.ipc.Server$RpcCall.run(Server.java:876)
	at org.apache.hadoop.ipc.Server$RpcCall.run(Server.java:822)
	at java.security.AccessController.doPrivileged(Native Method)
	at javax.security.auth.Subject.doAs(Subject.java:422)
	at org.apache.hadoop.security.UserGroupInformation.doAs(UserGroupInformation.java:1730)
	at org.apache.hadoop.ipc.Server$Handler.run(Server.java:2682)
2019-10-16 05:43:14,926 [main] INFO  retry.RetryInvocationHandler (RetryInvocationHandler.java:log(411)) - com.google.protobuf.ServiceException: org.apache.hadoop.ipc.RemoteException(java.lang.IllegalMonitorStateException): Releasing lock on resource /datanodefailurehandlingtest/datanodefailurehandlingtest without acquiring lock
	at org.apache.hadoop.ozone.lock.LockManager.getLockForReleasing(LockManager.java:220)
	at org.apache.hadoop.ozone.lock.LockManager.release(LockManager.java:168)
	at org.apache.hadoop.ozone.lock.LockManager.writeUnlock(LockManager.java:148)
	at org.apache.hadoop.ozone.om.lock.OzoneManagerLock.unlock(OzoneManagerLock.java:364)
	at org.apache.hadoop.ozone.om.lock.OzoneManagerLock.releaseWriteLock(OzoneManagerLock.java:329)
	at org.apache.hadoop.ozone.om.request.key.OMKeyCommitRequest.validateAndUpdateCache(OMKeyCommitRequest.java:177)
	at org.apache.hadoop.ozone.protocolPB.OzoneManagerProtocolServerSideTranslatorPB.submitRequestDirectlyToOM(OzoneManagerProtocolServerSideTranslatorPB.java:219)
	at org.apache.hadoop.ozone.protocolPB.OzoneManagerProtocolServerSideTranslatorPB.processRequest(OzoneManagerProtocolServerSideTranslatorPB.java:134)
	at org.apache.hadoop.hdds.server.OzoneProtocolMessageDispatcher.processRequest(OzoneProtocolMessageDispatcher.java:72)
	at org.apache.hadoop.ozone.protocolPB.OzoneManagerProtocolServerSideTranslatorPB.submitRequest(OzoneManagerProtocolServerSideTranslatorPB.java:100)
	at org.apache.hadoop.ozone.protocol.proto.OzoneManagerProtocolProtos$OzoneManagerService$2.callBlockingMethod(OzoneManagerProtocolProtos.java)
	at org.apache.hadoop.ipc.ProtobufRpcEngine$Server$ProtoBufRpcInvoker.call(ProtobufRpcEngine.java:524)
	at org.apache.hadoop.ipc.RPC$Server.call(RPC.java:1025)
	at org.apache.hadoop.ipc.Server$RpcCall.run(Server.java:876)
	at org.apache.hadoop.ipc.Server$RpcCall.run(Server.java:822)
	at java.security.AccessController.doPrivileged(Native Method)
	at javax.security.auth.Subject.doAs(Subject.java:422)
	at org.apache.hadoop.security.UserGroupInformation.doAs(UserGroupInformation.java:1730)
	at org.apache.hadoop.ipc.Server$Handler.run(Server.java:2682)
, while invoking $Proxy35.submitRequest over nodeId=null,nodeAddress=localhost:37358 after 8 failover attempts. Trying to failover immediately.
2019-10-16 05:43:14,930 [IPC Server handler 17 on 37358] ERROR lock.LockManager (LockManager.java:getLockForReleasing(218)) - Trying to release the lock on /datanodefailurehandlingtest/datanodefailurehandlingtest, which was never acquired.
2019-10-16 05:43:14,931 [IPC Server handler 17 on 37358] WARN  ipc.Server (Server.java:logException(2724)) - IPC Server handler 17 on 37358, call Call#780 Retry#9 org.apache.hadoop.ozone.om.protocol.OzoneManagerProtocol.submitRequest from 127.0.0.1:58396
java.lang.IllegalMonitorStateException: Releasing lock on resource /datanodefailurehandlingtest/datanodefailurehandlingtest without acquiring lock
	at org.apache.hadoop.ozone.lock.LockManager.getLockForReleasing(LockManager.java:220)
	at org.apache.hadoop.ozone.lock.LockManager.release(LockManager.java:168)
	at org.apache.hadoop.ozone.lock.LockManager.writeUnlock(LockManager.java:148)
	at org.apache.hadoop.ozone.om.lock.OzoneManagerLock.unlock(OzoneManagerLock.java:364)
	at org.apache.hadoop.ozone.om.lock.OzoneManagerLock.releaseWriteLock(OzoneManagerLock.java:329)
	at org.apache.hadoop.ozone.om.request.key.OMKeyCommitRequest.validateAndUpdateCache(OMKeyCommitRequest.java:177)
	at org.apache.hadoop.ozone.protocolPB.OzoneManagerProtocolServerSideTranslatorPB.submitRequestDirectlyToOM(OzoneManagerProtocolServerSideTranslatorPB.java:219)
	at org.apache.hadoop.ozone.protocolPB.OzoneManagerProtocolServerSideTranslatorPB.processRequest(OzoneManagerProtocolServerSideTranslatorPB.java:134)
	at org.apache.hadoop.hdds.server.OzoneProtocolMessageDispatcher.processRequest(OzoneProtocolMessageDispatcher.java:72)
	at org.apache.hadoop.ozone.protocolPB.OzoneManagerProtocolServerSideTranslatorPB.submitRequest(OzoneManagerProtocolServerSideTranslatorPB.java:100)
	at org.apache.hadoop.ozone.protocol.proto.OzoneManagerProtocolProtos$OzoneManagerService$2.callBlockingMethod(OzoneManagerProtocolProtos.java)
	at org.apache.hadoop.ipc.ProtobufRpcEngine$Server$ProtoBufRpcInvoker.call(ProtobufRpcEngine.java:524)
	at org.apache.hadoop.ipc.RPC$Server.call(RPC.java:1025)
	at org.apache.hadoop.ipc.Server$RpcCall.run(Server.java:876)
	at org.apache.hadoop.ipc.Server$RpcCall.run(Server.java:822)
	at java.security.AccessController.doPrivileged(Native Method)
	at javax.security.auth.Subject.doAs(Subject.java:422)
	at org.apache.hadoop.security.UserGroupInformation.doAs(UserGroupInformation.java:1730)
	at org.apache.hadoop.ipc.Server$Handler.run(Server.java:2682)
2019-10-16 05:43:14,933 [main] INFO  retry.RetryInvocationHandler (RetryInvocationHandler.java:log(411)) - com.google.protobuf.ServiceException: org.apache.hadoop.ipc.RemoteException(java.lang.IllegalMonitorStateException): Releasing lock on resource /datanodefailurehandlingtest/datanodefailurehandlingtest without acquiring lock
	at org.apache.hadoop.ozone.lock.LockManager.getLockForReleasing(LockManager.java:220)
	at org.apache.hadoop.ozone.lock.LockManager.release(LockManager.java:168)
	at org.apache.hadoop.ozone.lock.LockManager.writeUnlock(LockManager.java:148)
	at org.apache.hadoop.ozone.om.lock.OzoneManagerLock.unlock(OzoneManagerLock.java:364)
	at org.apache.hadoop.ozone.om.lock.OzoneManagerLock.releaseWriteLock(OzoneManagerLock.java:329)
	at org.apache.hadoop.ozone.om.request.key.OMKeyCommitRequest.validateAndUpdateCache(OMKeyCommitRequest.java:177)
	at org.apache.hadoop.ozone.protocolPB.OzoneManagerProtocolServerSideTranslatorPB.submitRequestDirectlyToOM(OzoneManagerProtocolServerSideTranslatorPB.java:219)
	at org.apache.hadoop.ozone.protocolPB.OzoneManagerProtocolServerSideTranslatorPB.processRequest(OzoneManagerProtocolServerSideTranslatorPB.java:134)
	at org.apache.hadoop.hdds.server.OzoneProtocolMessageDispatcher.processRequest(OzoneProtocolMessageDispatcher.java:72)
	at org.apache.hadoop.ozone.protocolPB.OzoneManagerProtocolServerSideTranslatorPB.submitRequest(OzoneManagerProtocolServerSideTranslatorPB.java:100)
	at org.apache.hadoop.ozone.protocol.proto.OzoneManagerProtocolProtos$OzoneManagerService$2.callBlockingMethod(OzoneManagerProtocolProtos.java)
	at org.apache.hadoop.ipc.ProtobufRpcEngine$Server$ProtoBufRpcInvoker.call(ProtobufRpcEngine.java:524)
	at org.apache.hadoop.ipc.RPC$Server.call(RPC.java:1025)
	at org.apache.hadoop.ipc.Server$RpcCall.run(Server.java:876)
	at org.apache.hadoop.ipc.Server$RpcCall.run(Server.java:822)
	at java.security.AccessController.doPrivileged(Native Method)
	at javax.security.auth.Subject.doAs(Subject.java:422)
	at org.apache.hadoop.security.UserGroupInformation.doAs(UserGroupInformation.java:1730)
	at org.apache.hadoop.ipc.Server$Handler.run(Server.java:2682)
, while invoking $Proxy35.submitRequest over nodeId=null,nodeAddress=localhost:37358 after 9 failover attempts. Trying to failover immediately.
2019-10-16 05:43:14,936 [IPC Server handler 14 on 37358] ERROR lock.LockManager (LockManager.java:getLockForReleasing(218)) - Trying to release the lock on /datanodefailurehandlingtest/datanodefailurehandlingtest, which was never acquired.
2019-10-16 05:43:14,936 [IPC Server handler 14 on 37358] WARN  ipc.Server (Server.java:logException(2724)) - IPC Server handler 14 on 37358, call Call#780 Retry#10 org.apache.hadoop.ozone.om.protocol.OzoneManagerProtocol.submitRequest from 127.0.0.1:58396
java.lang.IllegalMonitorStateException: Releasing lock on resource /datanodefailurehandlingtest/datanodefailurehandlingtest without acquiring lock
	at org.apache.hadoop.ozone.lock.LockManager.getLockForReleasing(LockManager.java:220)
	at org.apache.hadoop.ozone.lock.LockManager.release(LockManager.java:168)
	at org.apache.hadoop.ozone.lock.LockManager.writeUnlock(LockManager.java:148)
	at org.apache.hadoop.ozone.om.lock.OzoneManagerLock.unlock(OzoneManagerLock.java:364)
	at org.apache.hadoop.ozone.om.lock.OzoneManagerLock.releaseWriteLock(OzoneManagerLock.java:329)
	at org.apache.hadoop.ozone.om.request.key.OMKeyCommitRequest.validateAndUpdateCache(OMKeyCommitRequest.java:177)
	at org.apache.hadoop.ozone.protocolPB.OzoneManagerProtocolServerSideTranslatorPB.submitRequestDirectlyToOM(OzoneManagerProtocolServerSideTranslatorPB.java:219)
	at org.apache.hadoop.ozone.protocolPB.OzoneManagerProtocolServerSideTranslatorPB.processRequest(OzoneManagerProtocolServerSideTranslatorPB.java:134)
	at org.apache.hadoop.hdds.server.OzoneProtocolMessageDispatcher.processRequest(OzoneProtocolMessageDispatcher.java:72)
	at org.apache.hadoop.ozone.protocolPB.OzoneManagerProtocolServerSideTranslatorPB.submitRequest(OzoneManagerProtocolServerSideTranslatorPB.java:100)
	at org.apache.hadoop.ozone.protocol.proto.OzoneManagerProtocolProtos$OzoneManagerService$2.callBlockingMethod(OzoneManagerProtocolProtos.java)
	at org.apache.hadoop.ipc.ProtobufRpcEngine$Server$ProtoBufRpcInvoker.call(ProtobufRpcEngine.java:524)
	at org.apache.hadoop.ipc.RPC$Server.call(RPC.java:1025)
	at org.apache.hadoop.ipc.Server$RpcCall.run(Server.java:876)
	at org.apache.hadoop.ipc.Server$RpcCall.run(Server.java:822)
	at java.security.AccessController.doPrivileged(Native Method)
	at javax.security.auth.Subject.doAs(Subject.java:422)
	at org.apache.hadoop.security.UserGroupInformation.doAs(UserGroupInformation.java:1730)
	at org.apache.hadoop.ipc.Server$Handler.run(Server.java:2682)
2019-10-16 05:43:14,938 [main] ERROR ha.OMFailoverProxyProvider (OzoneManagerProtocolClientSideTranslatorPB.java:getRetryAction(268)) - Failed to connect to OM. Attempted 10 retries and 10 failovers
2019-10-16 05:43:14,939 [main] INFO  ozone.MiniOzoneClusterImpl (MiniOzoneClusterImpl.java:shutdown(314)) - Shutting down the Mini Ozone Cluster
2019-10-16 05:43:14,939 [main] INFO  ozone.MiniOzoneClusterImpl (MiniOzoneClusterImpl.java:stop(330)) - Stopping the Mini Ozone Cluster
2019-10-16 05:43:14,939 [main] INFO  ozone.MiniOzoneClusterImpl (MiniOzoneClusterImpl.java:stopOM(400)) - Stopping the OzoneManager
2019-10-16 05:43:14,939 [main] INFO  ipc.Server (Server.java:stop(3082)) - Stopping server on 37358
2019-10-16 05:43:14,950 [IPC Server listener on 37358] INFO  ipc.Server (Server.java:run(1185)) - Stopping IPC Server listener on 37358
2019-10-16 05:43:14,950 [main] INFO  ratis.OzoneManagerDoubleBuffer (OzoneManagerDoubleBuffer.java:stop(250)) - Stopping OMDoubleBuffer flush thread
2019-10-16 05:43:14,952 [IPC Server Responder] INFO  ipc.Server (Server.java:run(1319)) - Stopping IPC Server Responder
2019-10-16 05:43:14,958 [OMDoubleBufferFlushThread] INFO  ratis.OzoneManagerDoubleBuffer (OzoneManagerDoubleBuffer.java:flushTransactions(193)) - OMDoubleBuffer flush thread OMDoubleBufferFlushThread is interrupted and will exit. OMDoubleBufferFlushThread
2019-10-16 05:43:14,959 [main] INFO  utils.BackgroundService (BackgroundService.java:shutdown(151)) - Shutting down service KeyDeletingService
2019-10-16 05:43:14,961 [main] INFO  handler.ContextHandler (ContextHandler.java:doStop(910)) - Stopped o.e.j.w.WebAppContext@36b9cb99{/,null,UNAVAILABLE}{/ozoneManager}
2019-10-16 05:43:14,962 [main] INFO  server.AbstractConnector (AbstractConnector.java:doStop(318)) - Stopped ServerConnector@4130955c{HTTP/1.1,[http/1.1]}{0.0.0.0:0}
2019-10-16 05:43:14,962 [main] INFO  handler.ContextHandler (ContextHandler.java:doStop(910)) - Stopped o.e.j.s.ServletContextHandler@3bf54172{/static,file:///workdir/hadoop-ozone/integration-test/target/test-classes/webapps/static,UNAVAILABLE}
2019-10-16 05:43:14,963 [main] INFO  handler.ContextHandler (ContextHandler.java:doStop(910)) - Stopped o.e.j.s.ServletContextHandler@309cedb6{/logs,file:///workdir/hadoop-ozone/integration-test/target/log,UNAVAILABLE}
2019-10-16 05:43:14,967 [main] INFO  ozone.MiniOzoneClusterImpl (MiniOzoneClusterImpl.java:stopDatanodes(377)) - Stopping the HddsDatanodes
2019-10-16 05:43:14,984 [Datanode State Machine Thread - 0] INFO  statemachine.DatanodeStateMachine (DatanodeStateMachine.java:lambda$startDaemon$0(350)) - Ozone container server started.
2019-10-16 05:43:15,063 [java.util.concurrent.ThreadPoolExecutor$Worker@209795e0[State = -1, empty queue]] WARN  server.GrpcLogAppender (GrpcLogAppender.java:timeoutAppendRequest(209)) - 059e0156-43bf-4f6e-8295-5d3dc33502d0@group-28296F217838->2450c03a-3fc4-4268-b47d-cfd48db35b18-GrpcLogAppender: appendEntries Timeout, request=059e0156-43bf-4f6e-8295-5d3dc33502d0->2450c03a-3fc4-4268-b47d-cfd48db35b18#106-t2, previous=(t:2, i:6), leaderCommit=4, initializing? false, entries: <empty>
2019-10-16 05:43:15,063 [java.util.concurrent.ThreadPoolExecutor$Worker@7cfcfa30[State = -1, empty queue]] WARN  server.GrpcLogAppender (GrpcLogAppender.java:timeoutAppendRequest(209)) - 059e0156-43bf-4f6e-8295-5d3dc33502d0@group-28296F217838->e414d63a-fd4b-43a7-bf4d-c8b49f4c8716-GrpcLogAppender: appendEntries Timeout, request=059e0156-43bf-4f6e-8295-5d3dc33502d0->e414d63a-fd4b-43a7-bf4d-c8b49f4c8716#106-t2, previous=(t:2, i:6), leaderCommit=4, initializing? false, entries: <empty>
2019-10-16 05:43:15,563 [java.util.concurrent.ThreadPoolExecutor$Worker@209795e0[State = -1, empty queue]] WARN  server.GrpcLogAppender (GrpcLogAppender.java:timeoutAppendRequest(209)) - 059e0156-43bf-4f6e-8295-5d3dc33502d0@group-28296F217838->2450c03a-3fc4-4268-b47d-cfd48db35b18-GrpcLogAppender: appendEntries Timeout, request=059e0156-43bf-4f6e-8295-5d3dc33502d0->2450c03a-3fc4-4268-b47d-cfd48db35b18#107-t2, previous=(t:2, i:6), leaderCommit=4, initializing? false, entries: <empty>
2019-10-16 05:43:15,563 [java.util.concurrent.ThreadPoolExecutor$Worker@7cfcfa30[State = -1, empty queue]] WARN  server.GrpcLogAppender (GrpcLogAppender.java:timeoutAppendRequest(209)) - 059e0156-43bf-4f6e-8295-5d3dc33502d0@group-28296F217838->e414d63a-fd4b-43a7-bf4d-c8b49f4c8716-GrpcLogAppender: appendEntries Timeout, request=059e0156-43bf-4f6e-8295-5d3dc33502d0->e414d63a-fd4b-43a7-bf4d-c8b49f4c8716#107-t2, previous=(t:2, i:6), leaderCommit=4, initializing? false, entries: <empty>
2019-10-16 05:43:15,770 [Datanode State Machine Thread - 0] INFO  statemachine.DatanodeStateMachine (DatanodeStateMachine.java:lambda$startDaemon$0(350)) - Ozone container server started.
2019-10-16 05:43:16,063 [java.util.concurrent.ThreadPoolExecutor$Worker@209795e0[State = -1, empty queue]] WARN  server.GrpcLogAppender (GrpcLogAppender.java:timeoutAppendRequest(209)) - 059e0156-43bf-4f6e-8295-5d3dc33502d0@group-28296F217838->2450c03a-3fc4-4268-b47d-cfd48db35b18-GrpcLogAppender: appendEntries Timeout, request=059e0156-43bf-4f6e-8295-5d3dc33502d0->2450c03a-3fc4-4268-b47d-cfd48db35b18#108-t2, previous=(t:2, i:6), leaderCommit=4, initializing? false, entries: <empty>
2019-10-16 05:43:16,064 [java.util.concurrent.ThreadPoolExecutor$Worker@7cfcfa30[State = -1, empty queue]] WARN  server.GrpcLogAppender (GrpcLogAppender.java:timeoutAppendRequest(209)) - 059e0156-43bf-4f6e-8295-5d3dc33502d0@group-28296F217838->e414d63a-fd4b-43a7-bf4d-c8b49f4c8716-GrpcLogAppender: appendEntries Timeout, request=059e0156-43bf-4f6e-8295-5d3dc33502d0->e414d63a-fd4b-43a7-bf4d-c8b49f4c8716#108-t2, previous=(t:2, i:6), leaderCommit=4, initializing? false, entries: <empty>
2019-10-16 05:43:16,564 [java.util.concurrent.ThreadPoolExecutor$Worker@209795e0[State = -1, empty queue]] WARN  server.GrpcLogAppender (GrpcLogAppender.java:timeoutAppendRequest(209)) - 059e0156-43bf-4f6e-8295-5d3dc33502d0@group-28296F217838->2450c03a-3fc4-4268-b47d-cfd48db35b18-GrpcLogAppender: appendEntries Timeout, request=059e0156-43bf-4f6e-8295-5d3dc33502d0->2450c03a-3fc4-4268-b47d-cfd48db35b18#109-t2, previous=(t:2, i:6), leaderCommit=4, initializing? false, entries: <empty>
2019-10-16 05:43:16,564 [java.util.concurrent.ThreadPoolExecutor$Worker@7cfcfa30[State = -1, empty queue]] WARN  server.GrpcLogAppender (GrpcLogAppender.java:timeoutAppendRequest(209)) - 059e0156-43bf-4f6e-8295-5d3dc33502d0@group-28296F217838->e414d63a-fd4b-43a7-bf4d-c8b49f4c8716-GrpcLogAppender: appendEntries Timeout, request=059e0156-43bf-4f6e-8295-5d3dc33502d0->e414d63a-fd4b-43a7-bf4d-c8b49f4c8716#109-t2, previous=(t:2, i:6), leaderCommit=4, initializing? false, entries: <empty>
2019-10-16 05:43:17,064 [java.util.concurrent.ThreadPoolExecutor$Worker@209795e0[State = -1, empty queue]] WARN  server.GrpcLogAppender (GrpcLogAppender.java:timeoutAppendRequest(209)) - 059e0156-43bf-4f6e-8295-5d3dc33502d0@group-28296F217838->2450c03a-3fc4-4268-b47d-cfd48db35b18-GrpcLogAppender: appendEntries Timeout, request=059e0156-43bf-4f6e-8295-5d3dc33502d0->2450c03a-3fc4-4268-b47d-cfd48db35b18#110-t2, previous=(t:2, i:6), leaderCommit=4, initializing? false, entries: <empty>
2019-10-16 05:43:17,064 [java.util.concurrent.ThreadPoolExecutor$Worker@7cfcfa30[State = -1, empty queue]] WARN  server.GrpcLogAppender (GrpcLogAppender.java:timeoutAppendRequest(209)) - 059e0156-43bf-4f6e-8295-5d3dc33502d0@group-28296F217838->e414d63a-fd4b-43a7-bf4d-c8b49f4c8716-GrpcLogAppender: appendEntries Timeout, request=059e0156-43bf-4f6e-8295-5d3dc33502d0->e414d63a-fd4b-43a7-bf4d-c8b49f4c8716#110-t2, previous=(t:2, i:6), leaderCommit=4, initializing? false, entries: <empty>
2019-10-16 05:43:17,564 [java.util.concurrent.ThreadPoolExecutor$Worker@209795e0[State = -1, empty queue]] WARN  server.GrpcLogAppender (GrpcLogAppender.java:timeoutAppendRequest(209)) - 059e0156-43bf-4f6e-8295-5d3dc33502d0@group-28296F217838->2450c03a-3fc4-4268-b47d-cfd48db35b18-GrpcLogAppender: appendEntries Timeout, request=059e0156-43bf-4f6e-8295-5d3dc33502d0->2450c03a-3fc4-4268-b47d-cfd48db35b18#111-t2, previous=(t:2, i:6), leaderCommit=4, initializing? false, entries: <empty>
2019-10-16 05:43:17,564 [java.util.concurrent.ThreadPoolExecutor$Worker@7cfcfa30[State = -1, empty queue]] WARN  server.GrpcLogAppender (GrpcLogAppender.java:timeoutAppendRequest(209)) - 059e0156-43bf-4f6e-8295-5d3dc33502d0@group-28296F217838->e414d63a-fd4b-43a7-bf4d-c8b49f4c8716-GrpcLogAppender: appendEntries Timeout, request=059e0156-43bf-4f6e-8295-5d3dc33502d0->e414d63a-fd4b-43a7-bf4d-c8b49f4c8716#111-t2, previous=(t:2, i:6), leaderCommit=4, initializing? false, entries: <empty>
2019-10-16 05:43:18,065 [java.util.concurrent.ThreadPoolExecutor$Worker@209795e0[State = -1, empty queue]] WARN  server.GrpcLogAppender (GrpcLogAppender.java:timeoutAppendRequest(209)) - 059e0156-43bf-4f6e-8295-5d3dc33502d0@group-28296F217838->2450c03a-3fc4-4268-b47d-cfd48db35b18-GrpcLogAppender: appendEntries Timeout, request=059e0156-43bf-4f6e-8295-5d3dc33502d0->2450c03a-3fc4-4268-b47d-cfd48db35b18#112-t2, previous=(t:2, i:6), leaderCommit=4, initializing? false, entries: <empty>
2019-10-16 05:43:18,065 [java.util.concurrent.ThreadPoolExecutor$Worker@7cfcfa30[State = -1, empty queue]] WARN  server.GrpcLogAppender (GrpcLogAppender.java:timeoutAppendRequest(209)) - 059e0156-43bf-4f6e-8295-5d3dc33502d0@group-28296F217838->e414d63a-fd4b-43a7-bf4d-c8b49f4c8716-GrpcLogAppender: appendEntries Timeout, request=059e0156-43bf-4f6e-8295-5d3dc33502d0->e414d63a-fd4b-43a7-bf4d-c8b49f4c8716#112-t2, previous=(t:2, i:6), leaderCommit=4, initializing? false, entries: <empty>
2019-10-16 05:43:18,565 [java.util.concurrent.ThreadPoolExecutor$Worker@209795e0[State = -1, empty queue]] WARN  server.GrpcLogAppender (GrpcLogAppender.java:timeoutAppendRequest(209)) - 059e0156-43bf-4f6e-8295-5d3dc33502d0@group-28296F217838->2450c03a-3fc4-4268-b47d-cfd48db35b18-GrpcLogAppender: appendEntries Timeout, request=059e0156-43bf-4f6e-8295-5d3dc33502d0->2450c03a-3fc4-4268-b47d-cfd48db35b18#113-t2, previous=(t:2, i:6), leaderCommit=4, initializing? false, entries: <empty>
2019-10-16 05:43:18,565 [java.util.concurrent.ThreadPoolExecutor$Worker@7cfcfa30[State = -1, empty queue]] WARN  server.GrpcLogAppender (GrpcLogAppender.java:timeoutAppendRequest(209)) - 059e0156-43bf-4f6e-8295-5d3dc33502d0@group-28296F217838->e414d63a-fd4b-43a7-bf4d-c8b49f4c8716-GrpcLogAppender: appendEntries Timeout, request=059e0156-43bf-4f6e-8295-5d3dc33502d0->e414d63a-fd4b-43a7-bf4d-c8b49f4c8716#113-t2, previous=(t:2, i:6), leaderCommit=4, initializing? false, entries: <empty>
2019-10-16 05:43:19,065 [java.util.concurrent.ThreadPoolExecutor$Worker@209795e0[State = -1, empty queue]] WARN  server.GrpcLogAppender (GrpcLogAppender.java:timeoutAppendRequest(209)) - 059e0156-43bf-4f6e-8295-5d3dc33502d0@group-28296F217838->2450c03a-3fc4-4268-b47d-cfd48db35b18-GrpcLogAppender: appendEntries Timeout, request=059e0156-43bf-4f6e-8295-5d3dc33502d0->2450c03a-3fc4-4268-b47d-cfd48db35b18#114-t2, previous=(t:2, i:6), leaderCommit=4, initializing? false, entries: <empty>
2019-10-16 05:43:19,065 [java.util.concurrent.ThreadPoolExecutor$Worker@7cfcfa30[State = -1, empty queue]] WARN  server.GrpcLogAppender (GrpcLogAppender.java:timeoutAppendRequest(209)) - 059e0156-43bf-4f6e-8295-5d3dc33502d0@group-28296F217838->e414d63a-fd4b-43a7-bf4d-c8b49f4c8716-GrpcLogAppender: appendEntries Timeout, request=059e0156-43bf-4f6e-8295-5d3dc33502d0->e414d63a-fd4b-43a7-bf4d-c8b49f4c8716#114-t2, previous=(t:2, i:6), leaderCommit=4, initializing? false, entries: <empty>
2019-10-16 05:43:19,566 [java.util.concurrent.ThreadPoolExecutor$Worker@7cfcfa30[State = -1, empty queue]] WARN  server.GrpcLogAppender (GrpcLogAppender.java:timeoutAppendRequest(209)) - 059e0156-43bf-4f6e-8295-5d3dc33502d0@group-28296F217838->e414d63a-fd4b-43a7-bf4d-c8b49f4c8716-GrpcLogAppender: appendEntries Timeout, request=059e0156-43bf-4f6e-8295-5d3dc33502d0->e414d63a-fd4b-43a7-bf4d-c8b49f4c8716#115-t2, previous=(t:2, i:6), leaderCommit=4, initializing? false, entries: <empty>
2019-10-16 05:43:19,566 [java.util.concurrent.ThreadPoolExecutor$Worker@209795e0[State = -1, empty queue]] WARN  server.GrpcLogAppender (GrpcLogAppender.java:timeoutAppendRequest(209)) - 059e0156-43bf-4f6e-8295-5d3dc33502d0@group-28296F217838->2450c03a-3fc4-4268-b47d-cfd48db35b18-GrpcLogAppender: appendEntries Timeout, request=059e0156-43bf-4f6e-8295-5d3dc33502d0->2450c03a-3fc4-4268-b47d-cfd48db35b18#115-t2, previous=(t:2, i:6), leaderCommit=4, initializing? false, entries: <empty>
2019-10-16 05:43:19,969 [ForkJoinPool.commonPool-worker-1] INFO  ozoneimpl.OzoneContainer (OzoneContainer.java:stop(227)) - Attempting to stop container services.
2019-10-16 05:43:19,969 [main] INFO  ozoneimpl.OzoneContainer (OzoneContainer.java:stop(227)) - Attempting to stop container services.
2019-10-16 05:43:19,971 [ForkJoinPool.commonPool-worker-1] INFO  impl.RaftServerProxy (RaftServerProxy.java:lambda$close$4(314)) - 3b6ccc7f-fc72-450a-94fb-7a4617c5e7bc: close
2019-10-16 05:43:19,971 [main] INFO  impl.RaftServerProxy (RaftServerProxy.java:lambda$close$4(314)) - 059e0156-43bf-4f6e-8295-5d3dc33502d0: close
2019-10-16 05:43:19,972 [ForkJoinPool.commonPool-worker-1] INFO  impl.RaftServerImpl (RaftServerImpl.java:lambda$shutdown$3(261)) - 3b6ccc7f-fc72-450a-94fb-7a4617c5e7bc@group-39ACCE41D6CB: shutdown
2019-10-16 05:43:19,972 [main] INFO  impl.RaftServerImpl (RaftServerImpl.java:lambda$shutdown$3(261)) - 059e0156-43bf-4f6e-8295-5d3dc33502d0@group-28296F217838: shutdown
2019-10-16 05:43:19,972 [ForkJoinPool.commonPool-worker-1] INFO  util.JmxRegister (JmxRegister.java:unregister(73)) - Successfully un-registered JMX Bean with object name Ratis:service=RaftServer,group=group-39ACCE41D6CB,id=3b6ccc7f-fc72-450a-94fb-7a4617c5e7bc
2019-10-16 05:43:19,973 [main] INFO  util.JmxRegister (JmxRegister.java:unregister(73)) - Successfully un-registered JMX Bean with object name Ratis:service=RaftServer,group=group-28296F217838,id=059e0156-43bf-4f6e-8295-5d3dc33502d0
2019-10-16 05:43:19,973 [ForkJoinPool.commonPool-worker-1] INFO  impl.RoleInfo (RoleInfo.java:shutdownFollowerState(121)) - 3b6ccc7f-fc72-450a-94fb-7a4617c5e7bc: shutdown FollowerState
2019-10-16 05:43:19,973 [main] INFO  impl.RoleInfo (RoleInfo.java:shutdownLeaderState(104)) - 059e0156-43bf-4f6e-8295-5d3dc33502d0: shutdown LeaderState
2019-10-16 05:43:19,974 [Thread-1758] INFO  impl.FollowerState (FollowerState.java:run(117)) - 3b6ccc7f-fc72-450a-94fb-7a4617c5e7bc@group-39ACCE41D6CB-FollowerState was interrupted: java.lang.InterruptedException: sleep interrupted
2019-10-16 05:43:19,980 [main] INFO  impl.PendingRequests (PendingRequests.java:sendNotLeaderResponses(202)) - 059e0156-43bf-4f6e-8295-5d3dc33502d0@group-28296F217838-PendingRequests: sendNotLeaderResponses
2019-10-16 05:43:19,973 [ForkJoinPool.commonPool-worker-1] INFO  impl.StateMachineUpdater (StateMachineUpdater.java:stopAndJoin(136)) - 3b6ccc7f-fc72-450a-94fb-7a4617c5e7bc@group-39ACCE41D6CB-StateMachineUpdater: set stopIndex = 35
2019-10-16 05:43:19,981 [org.apache.ratis.server.impl.LogAppender$AppenderDaemon$$Lambda$472/261109162@e7a09c3] WARN  server.GrpcLogAppender (GrpcLogAppender.java:mayWait(149)) - 059e0156-43bf-4f6e-8295-5d3dc33502d0@group-28296F217838->e414d63a-fd4b-43a7-bf4d-c8b49f4c8716-GrpcLogAppender: Wait interrupted by java.lang.InterruptedException
2019-10-16 05:43:19,980 [org.apache.ratis.server.impl.LogAppender$AppenderDaemon$$Lambda$472/261109162@5f20a9db] WARN  server.GrpcLogAppender (GrpcLogAppender.java:mayWait(149)) - 059e0156-43bf-4f6e-8295-5d3dc33502d0@group-28296F217838->2450c03a-3fc4-4268-b47d-cfd48db35b18-GrpcLogAppender: Wait interrupted by java.lang.InterruptedException
2019-10-16 05:43:19,974 [3b6ccc7f-fc72-450a-94fb-7a4617c5e7bc@group-39ACCE41D6CB-StateMachineUpdater] INFO  ratis.ContainerStateMachine (ContainerStateMachine.java:takeSnapshot(294)) - group-39ACCE41D6CB: Taking a snapshot at:(t:4, i:33) file /workdir/hadoop-ozone/integration-test/target/test-dir/MiniOzoneClusterImpl-da60a4be-53b2-4b3d-9348-253d2842e1e4/datanode-1/data/ratis/67bc400e-598b-4780-915b-39acce41d6cb/sm/snapshot.4_33
2019-10-16 05:43:19,996 [main] INFO  impl.StateMachineUpdater (StateMachineUpdater.java:stopAndJoin(136)) - 059e0156-43bf-4f6e-8295-5d3dc33502d0@group-28296F217838-StateMachineUpdater: set stopIndex = 4
2019-10-16 05:43:19,996 [059e0156-43bf-4f6e-8295-5d3dc33502d0@group-28296F217838-StateMachineUpdater] INFO  ratis.ContainerStateMachine (ContainerStateMachine.java:takeSnapshot(294)) - group-28296F217838: Taking a snapshot at:(t:2, i:4) file /workdir/hadoop-ozone/integration-test/target/test-dir/MiniOzoneClusterImpl-da60a4be-53b2-4b3d-9348-253d2842e1e4/datanode-5/data/ratis/f3b09cde-754b-4fc3-8542-28296f217838/sm/snapshot.2_4
2019-10-16 05:43:20,026 [3b6ccc7f-fc72-450a-94fb-7a4617c5e7bc@group-39ACCE41D6CB-StateMachineUpdater] INFO  ratis.ContainerStateMachine (ContainerStateMachine.java:takeSnapshot(305)) - group-39ACCE41D6CB: Finished taking a snapshot at:(t:4, i:33) file:/workdir/hadoop-ozone/integration-test/target/test-dir/MiniOzoneClusterImpl-da60a4be-53b2-4b3d-9348-253d2842e1e4/datanode-1/data/ratis/67bc400e-598b-4780-915b-39acce41d6cb/sm/snapshot.4_33 time:52
2019-10-16 05:43:20,026 [059e0156-43bf-4f6e-8295-5d3dc33502d0@group-28296F217838-StateMachineUpdater] INFO  ratis.ContainerStateMachine (ContainerStateMachine.java:takeSnapshot(305)) - group-28296F217838: Finished taking a snapshot at:(t:2, i:4) file:/workdir/hadoop-ozone/integration-test/target/test-dir/MiniOzoneClusterImpl-da60a4be-53b2-4b3d-9348-253d2842e1e4/datanode-5/data/ratis/f3b09cde-754b-4fc3-8542-28296f217838/sm/snapshot.2_4 time:29
2019-10-16 05:43:20,026 [059e0156-43bf-4f6e-8295-5d3dc33502d0@group-28296F217838-StateMachineUpdater] INFO  impl.StateMachineUpdater (StateMachineUpdater.java:takeSnapshot(269)) - 059e0156-43bf-4f6e-8295-5d3dc33502d0@group-28296F217838-StateMachineUpdater: Took a snapshot at index 4
2019-10-16 05:43:20,026 [3b6ccc7f-fc72-450a-94fb-7a4617c5e7bc@group-39ACCE41D6CB-StateMachineUpdater] INFO  impl.StateMachineUpdater (StateMachineUpdater.java:takeSnapshot(269)) - 3b6ccc7f-fc72-450a-94fb-7a4617c5e7bc@group-39ACCE41D6CB-StateMachineUpdater: Took a snapshot at index 33
2019-10-16 05:43:20,026 [059e0156-43bf-4f6e-8295-5d3dc33502d0@group-28296F217838-StateMachineUpdater] INFO  impl.StateMachineUpdater (StateMachineUpdater.java:lambda$new$0(84)) - 059e0156-43bf-4f6e-8295-5d3dc33502d0@group-28296F217838-StateMachineUpdater: snapshotIndex: updateIncreasingly -1 -> 4
2019-10-16 05:43:20,026 [3b6ccc7f-fc72-450a-94fb-7a4617c5e7bc@group-39ACCE41D6CB-StateMachineUpdater] INFO  impl.StateMachineUpdater (StateMachineUpdater.java:lambda$new$0(84)) - 3b6ccc7f-fc72-450a-94fb-7a4617c5e7bc@group-39ACCE41D6CB-StateMachineUpdater: snapshotIndex: updateIncreasingly -1 -> 33
2019-10-16 05:43:20,027 [3b6ccc7f-fc72-450a-94fb-7a4617c5e7bc@group-39ACCE41D6CB-StateMachineUpdater] INFO  ratis.ContainerStateMachine (ContainerStateMachine.java:takeSnapshot(294)) - group-39ACCE41D6CB: Taking a snapshot at:(t:4, i:33) file /workdir/hadoop-ozone/integration-test/target/test-dir/MiniOzoneClusterImpl-da60a4be-53b2-4b3d-9348-253d2842e1e4/datanode-1/data/ratis/67bc400e-598b-4780-915b-39acce41d6cb/sm/snapshot.4_33
2019-10-16 05:43:20,027 [main] INFO  impl.RaftServerImpl (ServerState.java:close(388)) - 059e0156-43bf-4f6e-8295-5d3dc33502d0@group-28296F217838: closes. applyIndex: 4
2019-10-16 05:43:20,028 [059e0156-43bf-4f6e-8295-5d3dc33502d0@group-28296F217838-SegmentedRaftLogWorker] INFO  segmented.SegmentedRaftLogWorker (SegmentedRaftLogWorker.java:run(316)) - 059e0156-43bf-4f6e-8295-5d3dc33502d0@group-28296F217838-SegmentedRaftLogWorker was interrupted, exiting. There are 0 tasks remaining in the queue.
2019-10-16 05:43:20,030 [main] INFO  segmented.SegmentedRaftLogWorker (SegmentedRaftLogWorker.java:close(224)) - 059e0156-43bf-4f6e-8295-5d3dc33502d0@group-28296F217838-SegmentedRaftLogWorker close()
2019-10-16 05:43:20,032 [main] INFO  impl.RaftServerImpl (RaftServerImpl.java:lambda$shutdown$3(261)) - 059e0156-43bf-4f6e-8295-5d3dc33502d0@group-FA5F3D6117EE: shutdown
2019-10-16 05:43:20,032 [main] INFO  util.JmxRegister (JmxRegister.java:unregister(73)) - Successfully un-registered JMX Bean with object name Ratis:service=RaftServer,group=group-FA5F3D6117EE,id=059e0156-43bf-4f6e-8295-5d3dc33502d0
2019-10-16 05:43:20,033 [main] INFO  impl.RoleInfo (RoleInfo.java:shutdownLeaderState(104)) - 059e0156-43bf-4f6e-8295-5d3dc33502d0: shutdown LeaderState
2019-10-16 05:43:20,033 [main] INFO  impl.PendingRequests (PendingRequests.java:sendNotLeaderResponses(202)) - 059e0156-43bf-4f6e-8295-5d3dc33502d0@group-FA5F3D6117EE-PendingRequests: sendNotLeaderResponses
2019-10-16 05:43:20,034 [main] INFO  impl.StateMachineUpdater (StateMachineUpdater.java:stopAndJoin(136)) - 059e0156-43bf-4f6e-8295-5d3dc33502d0@group-FA5F3D6117EE-StateMachineUpdater: set stopIndex = 0
2019-10-16 05:43:20,034 [main] INFO  impl.RaftServerImpl (ServerState.java:close(388)) - 059e0156-43bf-4f6e-8295-5d3dc33502d0@group-FA5F3D6117EE: closes. applyIndex: 0
2019-10-16 05:43:20,035 [059e0156-43bf-4f6e-8295-5d3dc33502d0@group-FA5F3D6117EE-SegmentedRaftLogWorker] INFO  segmented.SegmentedRaftLogWorker (SegmentedRaftLogWorker.java:run(316)) - 059e0156-43bf-4f6e-8295-5d3dc33502d0@group-FA5F3D6117EE-SegmentedRaftLogWorker was interrupted, exiting. There are 0 tasks remaining in the queue.
2019-10-16 05:43:20,036 [main] INFO  segmented.SegmentedRaftLogWorker (SegmentedRaftLogWorker.java:close(224)) - 059e0156-43bf-4f6e-8295-5d3dc33502d0@group-FA5F3D6117EE-SegmentedRaftLogWorker close()
2019-10-16 05:43:20,038 [main] INFO  server.GrpcService (GrpcService.java:closeImpl(164)) - 059e0156-43bf-4f6e-8295-5d3dc33502d0: shutdown server with port 35178 now
2019-10-16 05:43:20,039 [main] INFO  server.GrpcService (GrpcService.java:closeImpl(172)) - 059e0156-43bf-4f6e-8295-5d3dc33502d0: shutdown server with port 35178 successfully
2019-10-16 05:43:20,051 [refreshUsed-/workdir/hadoop-ozone/integration-test/target/test-dir/MiniOzoneClusterImpl-da60a4be-53b2-4b3d-9348-253d2842e1e4/datanode-5/data/containers] WARN  fs.CachingGetSpaceUsed (CachingGetSpaceUsed.java:run(183)) - Thread Interrupted waiting to refresh disk information: sleep interrupted
2019-10-16 05:43:20,052 [3b6ccc7f-fc72-450a-94fb-7a4617c5e7bc@group-39ACCE41D6CB-StateMachineUpdater] INFO  ratis.ContainerStateMachine (ContainerStateMachine.java:takeSnapshot(305)) - group-39ACCE41D6CB: Finished taking a snapshot at:(t:4, i:33) file:/workdir/hadoop-ozone/integration-test/target/test-dir/MiniOzoneClusterImpl-da60a4be-53b2-4b3d-9348-253d2842e1e4/datanode-1/data/ratis/67bc400e-598b-4780-915b-39acce41d6cb/sm/snapshot.4_33 time:25
2019-10-16 05:43:20,052 [3b6ccc7f-fc72-450a-94fb-7a4617c5e7bc@group-39ACCE41D6CB-StateMachineUpdater] INFO  impl.StateMachineUpdater (StateMachineUpdater.java:takeSnapshot(269)) - 3b6ccc7f-fc72-450a-94fb-7a4617c5e7bc@group-39ACCE41D6CB-StateMachineUpdater: Took a snapshot at index 33
2019-10-16 05:43:20,052 [3b6ccc7f-fc72-450a-94fb-7a4617c5e7bc@group-39ACCE41D6CB-StateMachineUpdater] INFO  impl.StateMachineUpdater (StateMachineUpdater.java:lambda$new$0(84)) - 3b6ccc7f-fc72-450a-94fb-7a4617c5e7bc@group-39ACCE41D6CB-StateMachineUpdater: snapshotIndex: updateIncreasingly 33 -> 33
2019-10-16 05:43:20,053 [ForkJoinPool.commonPool-worker-1] INFO  impl.RaftServerImpl (ServerState.java:close(388)) - 3b6ccc7f-fc72-450a-94fb-7a4617c5e7bc@group-39ACCE41D6CB: closes. applyIndex: 35
2019-10-16 05:43:20,053 [3b6ccc7f-fc72-450a-94fb-7a4617c5e7bc@group-39ACCE41D6CB-SegmentedRaftLogWorker] INFO  segmented.SegmentedRaftLogWorker (SegmentedRaftLogWorker.java:run(316)) - 3b6ccc7f-fc72-450a-94fb-7a4617c5e7bc@group-39ACCE41D6CB-SegmentedRaftLogWorker was interrupted, exiting. There are 0 tasks remaining in the queue.
2019-10-16 05:43:20,054 [ForkJoinPool.commonPool-worker-1] INFO  segmented.SegmentedRaftLogWorker (SegmentedRaftLogWorker.java:close(224)) - 3b6ccc7f-fc72-450a-94fb-7a4617c5e7bc@group-39ACCE41D6CB-SegmentedRaftLogWorker close()
2019-10-16 05:43:20,056 [ForkJoinPool.commonPool-worker-1] INFO  impl.RaftServerImpl (RaftServerImpl.java:lambda$shutdown$3(261)) - 3b6ccc7f-fc72-450a-94fb-7a4617c5e7bc@group-FBA016C92DF4: shutdown
2019-10-16 05:43:20,056 [ForkJoinPool.commonPool-worker-1] INFO  util.JmxRegister (JmxRegister.java:unregister(73)) - Successfully un-registered JMX Bean with object name Ratis:service=RaftServer,group=group-FBA016C92DF4,id=3b6ccc7f-fc72-450a-94fb-7a4617c5e7bc
2019-10-16 05:43:20,056 [ForkJoinPool.commonPool-worker-1] INFO  impl.RoleInfo (RoleInfo.java:shutdownLeaderState(104)) - 3b6ccc7f-fc72-450a-94fb-7a4617c5e7bc: shutdown LeaderState
2019-10-16 05:43:20,056 [ForkJoinPool.commonPool-worker-1] INFO  impl.PendingRequests (PendingRequests.java:sendNotLeaderResponses(202)) - 3b6ccc7f-fc72-450a-94fb-7a4617c5e7bc@group-FBA016C92DF4-PendingRequests: sendNotLeaderResponses
2019-10-16 05:43:20,057 [ForkJoinPool.commonPool-worker-1] INFO  impl.StateMachineUpdater (StateMachineUpdater.java:stopAndJoin(136)) - 3b6ccc7f-fc72-450a-94fb-7a4617c5e7bc@group-FBA016C92DF4-StateMachineUpdater: set stopIndex = 0
2019-10-16 05:43:20,057 [ForkJoinPool.commonPool-worker-1] INFO  impl.RaftServerImpl (ServerState.java:close(388)) - 3b6ccc7f-fc72-450a-94fb-7a4617c5e7bc@group-FBA016C92DF4: closes. applyIndex: 0
2019-10-16 05:43:20,058 [3b6ccc7f-fc72-450a-94fb-7a4617c5e7bc@group-FBA016C92DF4-SegmentedRaftLogWorker] INFO  segmented.SegmentedRaftLogWorker (SegmentedRaftLogWorker.java:run(316)) - 3b6ccc7f-fc72-450a-94fb-7a4617c5e7bc@group-FBA016C92DF4-SegmentedRaftLogWorker was interrupted, exiting. There are 0 tasks remaining in the queue.
2019-10-16 05:43:20,059 [ForkJoinPool.commonPool-worker-1] INFO  segmented.SegmentedRaftLogWorker (SegmentedRaftLogWorker.java:close(224)) - 3b6ccc7f-fc72-450a-94fb-7a4617c5e7bc@group-FBA016C92DF4-SegmentedRaftLogWorker close()
2019-10-16 05:43:20,061 [ForkJoinPool.commonPool-worker-1] INFO  server.GrpcService (GrpcService.java:closeImpl(164)) - 3b6ccc7f-fc72-450a-94fb-7a4617c5e7bc: shutdown server with port 46152 now
2019-10-16 05:43:20,062 [grpc-default-executor-0] WARN  server.GrpcServerProtocolService (LogUtils.java:warn(134)) - 3b6ccc7f-fc72-450a-94fb-7a4617c5e7bc: installSnapshot onError, lastRequest: 3032a4bc-851b-4099-9ce6-a0f2caedf8e6->3b6ccc7f-fc72-450a-94fb-7a4617c5e7bc#149-t4, previous=(t:4, i:35), leaderCommit=35, initializing? false, entries: <empty>: org.apache.ratis.thirdparty.io.grpc.StatusRuntimeException: CANCELLED: cancelled before receiving half close
2019-10-16 05:43:20,062 [ForkJoinPool.commonPool-worker-1] INFO  server.GrpcService (GrpcService.java:closeImpl(172)) - 3b6ccc7f-fc72-450a-94fb-7a4617c5e7bc: shutdown server with port 46152 successfully
2019-10-16 05:43:20,062 [grpc-default-executor-10] WARN  server.GrpcLogAppender (LogUtils.java:warn(134)) - 3032a4bc-851b-4099-9ce6-a0f2caedf8e6@group-39ACCE41D6CB->3b6ccc7f-fc72-450a-94fb-7a4617c5e7bc-AppendLogResponseHandler: Failed appendEntries: org.apache.ratis.thirdparty.io.grpc.StatusRuntimeException: CANCELLED: HTTP/2 error code: CANCEL
Received Rst Stream
2019-10-16 05:43:20,064 [refreshUsed-/workdir/hadoop-ozone/integration-test/target/test-dir/MiniOzoneClusterImpl-da60a4be-53b2-4b3d-9348-253d2842e1e4/datanode-1/data/containers] WARN  fs.CachingGetSpaceUsed (CachingGetSpaceUsed.java:run(183)) - Thread Interrupted waiting to refresh disk information: sleep interrupted
2019-10-16 05:43:20,066 [java.util.concurrent.ThreadPoolExecutor$Worker@7cfcfa30[State = -1, empty queue]] WARN  server.GrpcLogAppender (GrpcLogAppender.java:timeoutAppendRequest(209)) - 059e0156-43bf-4f6e-8295-5d3dc33502d0@group-28296F217838->e414d63a-fd4b-43a7-bf4d-c8b49f4c8716-GrpcLogAppender: appendEntries Timeout, request=059e0156-43bf-4f6e-8295-5d3dc33502d0->e414d63a-fd4b-43a7-bf4d-c8b49f4c8716#116-t2, previous=(t:2, i:6), leaderCommit=4, initializing? false, entries: <empty>
2019-10-16 05:43:20,066 [java.util.concurrent.ThreadPoolExecutor$Worker@209795e0[State = -1, empty queue]] WARN  server.GrpcLogAppender (GrpcLogAppender.java:timeoutAppendRequest(209)) - 059e0156-43bf-4f6e-8295-5d3dc33502d0@group-28296F217838->2450c03a-3fc4-4268-b47d-cfd48db35b18-GrpcLogAppender: appendEntries Timeout, request=059e0156-43bf-4f6e-8295-5d3dc33502d0->2450c03a-3fc4-4268-b47d-cfd48db35b18#116-t2, previous=(t:2, i:6), leaderCommit=4, initializing? false, entries: <empty>
2019-10-16 05:43:20,076 [main] INFO  utils.BackgroundService (BackgroundService.java:shutdown(151)) - Shutting down service BlockDeletingService
2019-10-16 05:43:20,080 [main] INFO  statemachine.DatanodeStateMachine (DatanodeStateMachine.java:stopDaemon(395)) - Ozone container server stopped.
2019-10-16 05:43:20,082 [main] INFO  handler.ContextHandler (ContextHandler.java:doStop(910)) - Stopped o.e.j.w.WebAppContext@45900b64{/,null,UNAVAILABLE}{/hddsDatanode}
2019-10-16 05:43:20,083 [main] INFO  server.AbstractConnector (AbstractConnector.java:doStop(318)) - Stopped ServerConnector@f2a1813{HTTP/1.1,[http/1.1]}{0.0.0.0:0}
2019-10-16 05:43:20,084 [main] INFO  handler.ContextHandler (ContextHandler.java:doStop(910)) - Stopped o.e.j.s.ServletContextHandler@de81be1{/static,jar:file:/home/user/.m2/repository/org/apache/hadoop/hadoop-hdds-container-service/0.5.0-SNAPSHOT/hadoop-hdds-container-service-0.5.0-SNAPSHOT.jar!/webapps/static,UNAVAILABLE}
2019-10-16 05:43:20,084 [main] INFO  handler.ContextHandler (ContextHandler.java:doStop(910)) - Stopped o.e.j.s.ServletContextHandler@2e7bf7b7{/logs,file:///workdir/hadoop-ozone/integration-test/target/log,UNAVAILABLE}
2019-10-16 05:43:20,085 [ForkJoinPool.commonPool-worker-1] INFO  utils.BackgroundService (BackgroundService.java:shutdown(151)) - Shutting down service BlockDeletingService
2019-10-16 05:43:20,089 [ForkJoinPool.commonPool-worker-1] INFO  statemachine.DatanodeStateMachine (DatanodeStateMachine.java:stopDaemon(395)) - Ozone container server stopped.
2019-10-16 05:43:20,092 [ForkJoinPool.commonPool-worker-1] INFO  handler.ContextHandler (ContextHandler.java:doStop(910)) - Stopped o.e.j.w.WebAppContext@12a470dd{/,null,UNAVAILABLE}{/hddsDatanode}
2019-10-16 05:43:20,093 [ForkJoinPool.commonPool-worker-1] INFO  server.AbstractConnector (AbstractConnector.java:doStop(318)) - Stopped ServerConnector@6968bcec{HTTP/1.1,[http/1.1]}{0.0.0.0:0}
2019-10-16 05:43:20,094 [ForkJoinPool.commonPool-worker-1] INFO  handler.ContextHandler (ContextHandler.java:doStop(910)) - Stopped o.e.j.s.ServletContextHandler@7efa3f63{/static,jar:file:/home/user/.m2/repository/org/apache/hadoop/hadoop-hdds-container-service/0.5.0-SNAPSHOT/hadoop-hdds-container-service-0.5.0-SNAPSHOT.jar!/webapps/static,UNAVAILABLE}
2019-10-16 05:43:20,095 [ForkJoinPool.commonPool-worker-1] INFO  handler.ContextHandler (ContextHandler.java:doStop(910)) - Stopped o.e.j.s.ServletContextHandler@30ec7d21{/logs,file:///workdir/hadoop-ozone/integration-test/target/log,UNAVAILABLE}
2019-10-16 05:43:20,566 [java.util.concurrent.ThreadPoolExecutor$Worker@7cfcfa30[State = -1, empty queue]] WARN  server.GrpcLogAppender (GrpcLogAppender.java:timeoutAppendRequest(209)) - 059e0156-43bf-4f6e-8295-5d3dc33502d0@group-28296F217838->e414d63a-fd4b-43a7-bf4d-c8b49f4c8716-GrpcLogAppender: appendEntries Timeout, request=059e0156-43bf-4f6e-8295-5d3dc33502d0->e414d63a-fd4b-43a7-bf4d-c8b49f4c8716#117-t2, previous=(t:2, i:6), leaderCommit=4, initializing? false, entries: <empty>
2019-10-16 05:43:20,566 [java.util.concurrent.ThreadPoolExecutor$Worker@209795e0[State = -1, empty queue]] WARN  server.GrpcLogAppender (GrpcLogAppender.java:timeoutAppendRequest(209)) - 059e0156-43bf-4f6e-8295-5d3dc33502d0@group-28296F217838->2450c03a-3fc4-4268-b47d-cfd48db35b18-GrpcLogAppender: appendEntries Timeout, request=059e0156-43bf-4f6e-8295-5d3dc33502d0->2450c03a-3fc4-4268-b47d-cfd48db35b18#117-t2, previous=(t:2, i:6), leaderCommit=4, initializing? false, entries: <empty>
2019-10-16 05:43:20,771 [Datanode State Machine Thread - 0] INFO  statemachine.DatanodeStateMachine (DatanodeStateMachine.java:lambda$startDaemon$0(350)) - Ozone container server started.
2019-10-16 05:43:20,772 [Datanode State Machine Thread - 0] INFO  statemachine.DatanodeStateMachine (DatanodeStateMachine.java:lambda$startDaemon$0(350)) - Ozone container server started.
2019-10-16 05:43:21,066 [java.util.concurrent.ThreadPoolExecutor$Worker@7cfcfa30[State = -1, empty queue]] WARN  server.GrpcLogAppender (GrpcLogAppender.java:timeoutAppendRequest(209)) - 059e0156-43bf-4f6e-8295-5d3dc33502d0@group-28296F217838->e414d63a-fd4b-43a7-bf4d-c8b49f4c8716-GrpcLogAppender: appendEntries Timeout, request=059e0156-43bf-4f6e-8295-5d3dc33502d0->e414d63a-fd4b-43a7-bf4d-c8b49f4c8716#118-t2, previous=(t:2, i:6), leaderCommit=4, initializing? false, entries: <empty>
2019-10-16 05:43:21,066 [java.util.concurrent.ThreadPoolExecutor$Worker@209795e0[State = -1, empty queue]] WARN  server.GrpcLogAppender (GrpcLogAppender.java:timeoutAppendRequest(209)) - 059e0156-43bf-4f6e-8295-5d3dc33502d0@group-28296F217838->2450c03a-3fc4-4268-b47d-cfd48db35b18-GrpcLogAppender: appendEntries Timeout, request=059e0156-43bf-4f6e-8295-5d3dc33502d0->2450c03a-3fc4-4268-b47d-cfd48db35b18#118-t2, previous=(t:2, i:6), leaderCommit=4, initializing? false, entries: <empty>
2019-10-16 05:43:21,566 [java.util.concurrent.ThreadPoolExecutor$Worker@7cfcfa30[State = -1, empty queue]] WARN  server.GrpcLogAppender (GrpcLogAppender.java:timeoutAppendRequest(209)) - 059e0156-43bf-4f6e-8295-5d3dc33502d0@group-28296F217838->e414d63a-fd4b-43a7-bf4d-c8b49f4c8716-GrpcLogAppender: appendEntries Timeout, request=059e0156-43bf-4f6e-8295-5d3dc33502d0->e414d63a-fd4b-43a7-bf4d-c8b49f4c8716#119-t2, previous=(t:2, i:6), leaderCommit=4, initializing? false, entries: <empty>
2019-10-16 05:43:21,566 [java.util.concurrent.ThreadPoolExecutor$Worker@209795e0[State = -1, empty queue]] WARN  server.GrpcLogAppender (GrpcLogAppender.java:timeoutAppendRequest(209)) - 059e0156-43bf-4f6e-8295-5d3dc33502d0@group-28296F217838->2450c03a-3fc4-4268-b47d-cfd48db35b18-GrpcLogAppender: appendEntries Timeout, request=059e0156-43bf-4f6e-8295-5d3dc33502d0->2450c03a-3fc4-4268-b47d-cfd48db35b18#119-t2, previous=(t:2, i:6), leaderCommit=4, initializing? false, entries: <empty>
2019-10-16 05:43:22,067 [java.util.concurrent.ThreadPoolExecutor$Worker@209795e0[State = -1, empty queue]] WARN  server.GrpcLogAppender (GrpcLogAppender.java:timeoutAppendRequest(209)) - 059e0156-43bf-4f6e-8295-5d3dc33502d0@group-28296F217838->2450c03a-3fc4-4268-b47d-cfd48db35b18-GrpcLogAppender: appendEntries Timeout, request=059e0156-43bf-4f6e-8295-5d3dc33502d0->2450c03a-3fc4-4268-b47d-cfd48db35b18#120-t2, previous=(t:2, i:6), leaderCommit=4, initializing? false, entries: <empty>
2019-10-16 05:43:22,067 [java.util.concurrent.ThreadPoolExecutor$Worker@7cfcfa30[State = -1, empty queue]] WARN  server.GrpcLogAppender (GrpcLogAppender.java:timeoutAppendRequest(209)) - 059e0156-43bf-4f6e-8295-5d3dc33502d0@group-28296F217838->e414d63a-fd4b-43a7-bf4d-c8b49f4c8716-GrpcLogAppender: appendEntries Timeout, request=059e0156-43bf-4f6e-8295-5d3dc33502d0->e414d63a-fd4b-43a7-bf4d-c8b49f4c8716#120-t2, previous=(t:2, i:6), leaderCommit=4, initializing? false, entries: <empty>
2019-10-16 05:43:22,567 [java.util.concurrent.ThreadPoolExecutor$Worker@7cfcfa30[State = -1, empty queue]] WARN  server.GrpcLogAppender (GrpcLogAppender.java:timeoutAppendRequest(209)) - 059e0156-43bf-4f6e-8295-5d3dc33502d0@group-28296F217838->e414d63a-fd4b-43a7-bf4d-c8b49f4c8716-GrpcLogAppender: appendEntries Timeout, request=059e0156-43bf-4f6e-8295-5d3dc33502d0->e414d63a-fd4b-43a7-bf4d-c8b49f4c8716#121-t2, previous=(t:2, i:6), leaderCommit=4, initializing? false, entries: <empty>
2019-10-16 05:43:22,567 [java.util.concurrent.ThreadPoolExecutor$Worker@209795e0[State = -1, empty queue]] WARN  server.GrpcLogAppender (GrpcLogAppender.java:timeoutAppendRequest(209)) - 059e0156-43bf-4f6e-8295-5d3dc33502d0@group-28296F217838->2450c03a-3fc4-4268-b47d-cfd48db35b18-GrpcLogAppender: appendEntries Timeout, request=059e0156-43bf-4f6e-8295-5d3dc33502d0->2450c03a-3fc4-4268-b47d-cfd48db35b18#121-t2, previous=(t:2, i:6), leaderCommit=4, initializing? false, entries: <empty>
2019-10-16 05:43:23,326 [java.util.concurrent.ThreadPoolExecutor$Worker@7354d56c[State = -1, empty queue]] WARN  server.GrpcLogAppender (GrpcLogAppender.java:timeoutAppendRequest(209)) - 3032a4bc-851b-4099-9ce6-a0f2caedf8e6@group-39ACCE41D6CB->3b6ccc7f-fc72-450a-94fb-7a4617c5e7bc-GrpcLogAppender: appendEntries Timeout, request=3032a4bc-851b-4099-9ce6-a0f2caedf8e6->3b6ccc7f-fc72-450a-94fb-7a4617c5e7bc#150-t4, previous=(t:4, i:35), leaderCommit=35, initializing? false, entries: <empty>
2019-10-16 05:43:23,826 [java.util.concurrent.ThreadPoolExecutor$Worker@7354d56c[State = -1, empty queue]] WARN  server.GrpcLogAppender (GrpcLogAppender.java:timeoutAppendRequest(209)) - 3032a4bc-851b-4099-9ce6-a0f2caedf8e6@group-39ACCE41D6CB->3b6ccc7f-fc72-450a-94fb-7a4617c5e7bc-GrpcLogAppender: appendEntries Timeout, request=3032a4bc-851b-4099-9ce6-a0f2caedf8e6->3b6ccc7f-fc72-450a-94fb-7a4617c5e7bc#151-t4, previous=(t:4, i:35), leaderCommit=35, initializing? false, entries: <empty>
2019-10-16 05:43:24,326 [java.util.concurrent.ThreadPoolExecutor$Worker@7354d56c[State = -1, empty queue]] WARN  server.GrpcLogAppender (GrpcLogAppender.java:timeoutAppendRequest(209)) - 3032a4bc-851b-4099-9ce6-a0f2caedf8e6@group-39ACCE41D6CB->3b6ccc7f-fc72-450a-94fb-7a4617c5e7bc-GrpcLogAppender: appendEntries Timeout, request=3032a4bc-851b-4099-9ce6-a0f2caedf8e6->3b6ccc7f-fc72-450a-94fb-7a4617c5e7bc#152-t4, previous=(t:4, i:35), leaderCommit=35, initializing? false, entries: <empty>
2019-10-16 05:43:24,826 [java.util.concurrent.ThreadPoolExecutor$Worker@7354d56c[State = -1, empty queue]] WARN  server.GrpcLogAppender (GrpcLogAppender.java:timeoutAppendRequest(209)) - 3032a4bc-851b-4099-9ce6-a0f2caedf8e6@group-39ACCE41D6CB->3b6ccc7f-fc72-450a-94fb-7a4617c5e7bc-GrpcLogAppender: appendEntries Timeout, request=3032a4bc-851b-4099-9ce6-a0f2caedf8e6->3b6ccc7f-fc72-450a-94fb-7a4617c5e7bc#153-t4, previous=(t:4, i:35), leaderCommit=35, initializing? false, entries: <empty>
2019-10-16 05:43:25,087 [main] INFO  ozoneimpl.OzoneContainer (OzoneContainer.java:stop(227)) - Attempting to stop container services.
2019-10-16 05:43:25,090 [main] INFO  impl.RaftServerProxy (RaftServerProxy.java:lambda$close$4(314)) - 7a2a869d-5b21-4221-99f1-36371e590fe9: close
2019-10-16 05:43:25,090 [main] INFO  impl.RaftServerImpl (RaftServerImpl.java:lambda$shutdown$3(261)) - 7a2a869d-5b21-4221-99f1-36371e590fe9@group-39ACCE41D6CB: shutdown
2019-10-16 05:43:25,091 [main] INFO  util.JmxRegister (JmxRegister.java:unregister(73)) - Successfully un-registered JMX Bean with object name Ratis:service=RaftServer,group=group-39ACCE41D6CB,id=7a2a869d-5b21-4221-99f1-36371e590fe9
2019-10-16 05:43:25,091 [main] INFO  impl.RoleInfo (RoleInfo.java:shutdownFollowerState(121)) - 7a2a869d-5b21-4221-99f1-36371e590fe9: shutdown FollowerState
2019-10-16 05:43:25,092 [main] INFO  impl.StateMachineUpdater (StateMachineUpdater.java:stopAndJoin(136)) - 7a2a869d-5b21-4221-99f1-36371e590fe9@group-39ACCE41D6CB-StateMachineUpdater: set stopIndex = 35
2019-10-16 05:43:25,092 [Thread-1759] INFO  impl.FollowerState (FollowerState.java:run(117)) - 7a2a869d-5b21-4221-99f1-36371e590fe9@group-39ACCE41D6CB-FollowerState was interrupted: java.lang.InterruptedException: sleep interrupted
2019-10-16 05:43:25,092 [7a2a869d-5b21-4221-99f1-36371e590fe9@group-39ACCE41D6CB-StateMachineUpdater] INFO  ratis.ContainerStateMachine (ContainerStateMachine.java:takeSnapshot(294)) - group-39ACCE41D6CB: Taking a snapshot at:(t:4, i:33) file /workdir/hadoop-ozone/integration-test/target/test-dir/MiniOzoneClusterImpl-da60a4be-53b2-4b3d-9348-253d2842e1e4/datanode-0/data/ratis/67bc400e-598b-4780-915b-39acce41d6cb/sm/snapshot.4_33
2019-10-16 05:43:25,097 [ForkJoinPool.commonPool-worker-1] INFO  ozoneimpl.OzoneContainer (OzoneContainer.java:stop(227)) - Attempting to stop container services.
2019-10-16 05:43:25,106 [ForkJoinPool.commonPool-worker-1] INFO  impl.RaftServerProxy (RaftServerProxy.java:lambda$close$4(314)) - 3032a4bc-851b-4099-9ce6-a0f2caedf8e6: close
2019-10-16 05:43:25,107 [ForkJoinPool.commonPool-worker-1] INFO  impl.RaftServerImpl (RaftServerImpl.java:lambda$shutdown$3(261)) - 3032a4bc-851b-4099-9ce6-a0f2caedf8e6@group-E5422380C23B: shutdown
2019-10-16 05:43:25,107 [ForkJoinPool.commonPool-worker-1] INFO  util.JmxRegister (JmxRegister.java:unregister(73)) - Successfully un-registered JMX Bean with object name Ratis:service=RaftServer,group=group-E5422380C23B,id=3032a4bc-851b-4099-9ce6-a0f2caedf8e6
2019-10-16 05:43:25,107 [ForkJoinPool.commonPool-worker-1] INFO  impl.RoleInfo (RoleInfo.java:shutdownLeaderState(104)) - 3032a4bc-851b-4099-9ce6-a0f2caedf8e6: shutdown LeaderState
2019-10-16 05:43:25,107 [ForkJoinPool.commonPool-worker-1] INFO  impl.PendingRequests (PendingRequests.java:sendNotLeaderResponses(202)) - 3032a4bc-851b-4099-9ce6-a0f2caedf8e6@group-E5422380C23B-PendingRequests: sendNotLeaderResponses
2019-10-16 05:43:25,108 [ForkJoinPool.commonPool-worker-1] INFO  impl.StateMachineUpdater (StateMachineUpdater.java:stopAndJoin(136)) - 3032a4bc-851b-4099-9ce6-a0f2caedf8e6@group-E5422380C23B-StateMachineUpdater: set stopIndex = 0
2019-10-16 05:43:25,109 [ForkJoinPool.commonPool-worker-1] INFO  impl.RaftServerImpl (ServerState.java:close(388)) - 3032a4bc-851b-4099-9ce6-a0f2caedf8e6@group-E5422380C23B: closes. applyIndex: 0
2019-10-16 05:43:25,110 [3032a4bc-851b-4099-9ce6-a0f2caedf8e6@group-E5422380C23B-SegmentedRaftLogWorker] INFO  segmented.SegmentedRaftLogWorker (SegmentedRaftLogWorker.java:run(316)) - 3032a4bc-851b-4099-9ce6-a0f2caedf8e6@group-E5422380C23B-SegmentedRaftLogWorker was interrupted, exiting. There are 0 tasks remaining in the queue.
2019-10-16 05:43:25,112 [ForkJoinPool.commonPool-worker-1] INFO  segmented.SegmentedRaftLogWorker (SegmentedRaftLogWorker.java:close(224)) - 3032a4bc-851b-4099-9ce6-a0f2caedf8e6@group-E5422380C23B-SegmentedRaftLogWorker close()
2019-10-16 05:43:25,113 [ForkJoinPool.commonPool-worker-1] INFO  impl.RaftServerImpl (RaftServerImpl.java:lambda$shutdown$3(261)) - 3032a4bc-851b-4099-9ce6-a0f2caedf8e6@group-39ACCE41D6CB: shutdown
2019-10-16 05:43:25,113 [ForkJoinPool.commonPool-worker-1] INFO  util.JmxRegister (JmxRegister.java:unregister(73)) - Successfully un-registered JMX Bean with object name Ratis:service=RaftServer,group=group-39ACCE41D6CB,id=3032a4bc-851b-4099-9ce6-a0f2caedf8e6
2019-10-16 05:43:25,114 [ForkJoinPool.commonPool-worker-1] INFO  impl.RoleInfo (RoleInfo.java:shutdownLeaderState(104)) - 3032a4bc-851b-4099-9ce6-a0f2caedf8e6: shutdown LeaderState
2019-10-16 05:43:25,130 [ForkJoinPool.commonPool-worker-1] INFO  impl.PendingRequests (PendingRequests.java:sendNotLeaderResponses(202)) - 3032a4bc-851b-4099-9ce6-a0f2caedf8e6@group-39ACCE41D6CB-PendingRequests: sendNotLeaderResponses
2019-10-16 05:43:25,130 [org.apache.ratis.server.impl.LogAppender$AppenderDaemon$$Lambda$472/261109162@39955e49] WARN  server.GrpcLogAppender (GrpcLogAppender.java:mayWait(149)) - 3032a4bc-851b-4099-9ce6-a0f2caedf8e6@group-39ACCE41D6CB->3b6ccc7f-fc72-450a-94fb-7a4617c5e7bc-GrpcLogAppender: Wait interrupted by java.lang.InterruptedException
2019-10-16 05:43:25,130 [org.apache.ratis.server.impl.LogAppender$AppenderDaemon$$Lambda$472/261109162@8d7f678] WARN  server.GrpcLogAppender (GrpcLogAppender.java:mayWait(149)) - 3032a4bc-851b-4099-9ce6-a0f2caedf8e6@group-39ACCE41D6CB->7a2a869d-5b21-4221-99f1-36371e590fe9-GrpcLogAppender: Wait interrupted by java.lang.InterruptedException
2019-10-16 05:43:25,131 [7a2a869d-5b21-4221-99f1-36371e590fe9@group-39ACCE41D6CB-StateMachineUpdater] INFO  ratis.ContainerStateMachine (ContainerStateMachine.java:takeSnapshot(305)) - group-39ACCE41D6CB: Finished taking a snapshot at:(t:4, i:33) file:/workdir/hadoop-ozone/integration-test/target/test-dir/MiniOzoneClusterImpl-da60a4be-53b2-4b3d-9348-253d2842e1e4/datanode-0/data/ratis/67bc400e-598b-4780-915b-39acce41d6cb/sm/snapshot.4_33 time:39
2019-10-16 05:43:25,131 [ForkJoinPool.commonPool-worker-1] INFO  impl.StateMachineUpdater (StateMachineUpdater.java:stopAndJoin(136)) - 3032a4bc-851b-4099-9ce6-a0f2caedf8e6@group-39ACCE41D6CB-StateMachineUpdater: set stopIndex = 35
2019-10-16 05:43:25,131 [3032a4bc-851b-4099-9ce6-a0f2caedf8e6@group-39ACCE41D6CB-StateMachineUpdater] INFO  ratis.ContainerStateMachine (ContainerStateMachine.java:takeSnapshot(294)) - group-39ACCE41D6CB: Taking a snapshot at:(t:4, i:35) file /workdir/hadoop-ozone/integration-test/target/test-dir/MiniOzoneClusterImpl-da60a4be-53b2-4b3d-9348-253d2842e1e4/datanode-2/data/ratis/67bc400e-598b-4780-915b-39acce41d6cb/sm/snapshot.4_35
2019-10-16 05:43:25,131 [7a2a869d-5b21-4221-99f1-36371e590fe9@group-39ACCE41D6CB-StateMachineUpdater] INFO  impl.StateMachineUpdater (StateMachineUpdater.java:takeSnapshot(269)) - 7a2a869d-5b21-4221-99f1-36371e590fe9@group-39ACCE41D6CB-StateMachineUpdater: Took a snapshot at index 33
2019-10-16 05:43:25,131 [grpc-default-executor-10] INFO  server.GrpcServerProtocolService (GrpcServerProtocolService.java:onCompleted(113)) - 7a2a869d-5b21-4221-99f1-36371e590fe9: Completed APPEND_ENTRIES, lastRequest: 3032a4bc-851b-4099-9ce6-a0f2caedf8e6->7a2a869d-5b21-4221-99f1-36371e590fe9#159-t4, previous=(t:4, i:35), leaderCommit=35, initializing? false, entries: <empty>
2019-10-16 05:43:25,131 [7a2a869d-5b21-4221-99f1-36371e590fe9@group-39ACCE41D6CB-StateMachineUpdater] INFO  impl.StateMachineUpdater (StateMachineUpdater.java:lambda$new$0(84)) - 7a2a869d-5b21-4221-99f1-36371e590fe9@group-39ACCE41D6CB-StateMachineUpdater: snapshotIndex: updateIncreasingly -1 -> 33
2019-10-16 05:43:25,132 [7a2a869d-5b21-4221-99f1-36371e590fe9@group-39ACCE41D6CB-StateMachineUpdater] INFO  ratis.ContainerStateMachine (ContainerStateMachine.java:takeSnapshot(294)) - group-39ACCE41D6CB: Taking a snapshot at:(t:4, i:33) file /workdir/hadoop-ozone/integration-test/target/test-dir/MiniOzoneClusterImpl-da60a4be-53b2-4b3d-9348-253d2842e1e4/datanode-0/data/ratis/67bc400e-598b-4780-915b-39acce41d6cb/sm/snapshot.4_33
2019-10-16 05:43:25,132 [grpc-default-executor-0] INFO  server.GrpcLogAppender (GrpcLogAppender.java:onCompleted(308)) - 3032a4bc-851b-4099-9ce6-a0f2caedf8e6@group-39ACCE41D6CB->7a2a869d-5b21-4221-99f1-36371e590fe9-AppendLogResponseHandler: follower responses appendEntries COMPLETED
2019-10-16 05:43:25,134 [grpc-default-executor-0] INFO  impl.FollowerInfo (FollowerInfo.java:lambda$new$0(51)) - 3032a4bc-851b-4099-9ce6-a0f2caedf8e6@group-39ACCE41D6CB->7a2a869d-5b21-4221-99f1-36371e590fe9: nextIndex: updateUnconditionally 36 -> 35
2019-10-16 05:43:25,156 [7a2a869d-5b21-4221-99f1-36371e590fe9@group-39ACCE41D6CB-StateMachineUpdater] INFO  ratis.ContainerStateMachine (ContainerStateMachine.java:takeSnapshot(305)) - group-39ACCE41D6CB: Finished taking a snapshot at:(t:4, i:33) file:/workdir/hadoop-ozone/integration-test/target/test-dir/MiniOzoneClusterImpl-da60a4be-53b2-4b3d-9348-253d2842e1e4/datanode-0/data/ratis/67bc400e-598b-4780-915b-39acce41d6cb/sm/snapshot.4_33 time:23
2019-10-16 05:43:25,156 [3032a4bc-851b-4099-9ce6-a0f2caedf8e6@group-39ACCE41D6CB-StateMachineUpdater] INFO  ratis.ContainerStateMachine (ContainerStateMachine.java:takeSnapshot(305)) - group-39ACCE41D6CB: Finished taking a snapshot at:(t:4, i:35) file:/workdir/hadoop-ozone/integration-test/target/test-dir/MiniOzoneClusterImpl-da60a4be-53b2-4b3d-9348-253d2842e1e4/datanode-2/data/ratis/67bc400e-598b-4780-915b-39acce41d6cb/sm/snapshot.4_35 time:24
2019-10-16 05:43:25,156 [7a2a869d-5b21-4221-99f1-36371e590fe9@group-39ACCE41D6CB-StateMachineUpdater] INFO  impl.StateMachineUpdater (StateMachineUpdater.java:takeSnapshot(269)) - 7a2a869d-5b21-4221-99f1-36371e590fe9@group-39ACCE41D6CB-StateMachineUpdater: Took a snapshot at index 33
2019-10-16 05:43:25,156 [7a2a869d-5b21-4221-99f1-36371e590fe9@group-39ACCE41D6CB-StateMachineUpdater] INFO  impl.StateMachineUpdater (StateMachineUpdater.java:lambda$new$0(84)) - 7a2a869d-5b21-4221-99f1-36371e590fe9@group-39ACCE41D6CB-StateMachineUpdater: snapshotIndex: updateIncreasingly 33 -> 33
2019-10-16 05:43:25,156 [3032a4bc-851b-4099-9ce6-a0f2caedf8e6@group-39ACCE41D6CB-StateMachineUpdater] INFO  impl.StateMachineUpdater (StateMachineUpdater.java:takeSnapshot(269)) - 3032a4bc-851b-4099-9ce6-a0f2caedf8e6@group-39ACCE41D6CB-StateMachineUpdater: Took a snapshot at index 35
2019-10-16 05:43:25,156 [3032a4bc-851b-4099-9ce6-a0f2caedf8e6@group-39ACCE41D6CB-StateMachineUpdater] INFO  impl.StateMachineUpdater (StateMachineUpdater.java:lambda$new$0(84)) - 3032a4bc-851b-4099-9ce6-a0f2caedf8e6@group-39ACCE41D6CB-StateMachineUpdater: snapshotIndex: updateIncreasingly -1 -> 35
2019-10-16 05:43:25,157 [main] INFO  impl.RaftServerImpl (ServerState.java:close(388)) - 7a2a869d-5b21-4221-99f1-36371e590fe9@group-39ACCE41D6CB: closes. applyIndex: 35
2019-10-16 05:43:25,157 [ForkJoinPool.commonPool-worker-1] INFO  impl.RaftServerImpl (ServerState.java:close(388)) - 3032a4bc-851b-4099-9ce6-a0f2caedf8e6@group-39ACCE41D6CB: closes. applyIndex: 35
2019-10-16 05:43:25,158 [7a2a869d-5b21-4221-99f1-36371e590fe9@group-39ACCE41D6CB-SegmentedRaftLogWorker] INFO  segmented.SegmentedRaftLogWorker (SegmentedRaftLogWorker.java:run(316)) - 7a2a869d-5b21-4221-99f1-36371e590fe9@group-39ACCE41D6CB-SegmentedRaftLogWorker was interrupted, exiting. There are 0 tasks remaining in the queue.
2019-10-16 05:43:25,158 [3032a4bc-851b-4099-9ce6-a0f2caedf8e6@group-39ACCE41D6CB-SegmentedRaftLogWorker] INFO  segmented.SegmentedRaftLogWorker (SegmentedRaftLogWorker.java:run(316)) - 3032a4bc-851b-4099-9ce6-a0f2caedf8e6@group-39ACCE41D6CB-SegmentedRaftLogWorker was interrupted, exiting. There are 0 tasks remaining in the queue.
2019-10-16 05:43:25,159 [main] INFO  segmented.SegmentedRaftLogWorker (SegmentedRaftLogWorker.java:close(224)) - 7a2a869d-5b21-4221-99f1-36371e590fe9@group-39ACCE41D6CB-SegmentedRaftLogWorker close()
2019-10-16 05:43:25,162 [ForkJoinPool.commonPool-worker-1] INFO  segmented.SegmentedRaftLogWorker (SegmentedRaftLogWorker.java:close(224)) - 3032a4bc-851b-4099-9ce6-a0f2caedf8e6@group-39ACCE41D6CB-SegmentedRaftLogWorker close()
2019-10-16 05:43:25,162 [main] INFO  impl.RaftServerImpl (RaftServerImpl.java:lambda$shutdown$3(261)) - 7a2a869d-5b21-4221-99f1-36371e590fe9@group-28D81125A63A: shutdown
2019-10-16 05:43:25,163 [ForkJoinPool.commonPool-worker-1] INFO  server.GrpcService (GrpcService.java:closeImpl(164)) - 3032a4bc-851b-4099-9ce6-a0f2caedf8e6: shutdown server with port 35946 now
2019-10-16 05:43:25,163 [main] INFO  util.JmxRegister (JmxRegister.java:unregister(73)) - Successfully un-registered JMX Bean with object name Ratis:service=RaftServer,group=group-28D81125A63A,id=7a2a869d-5b21-4221-99f1-36371e590fe9
2019-10-16 05:43:25,163 [main] INFO  impl.RoleInfo (RoleInfo.java:shutdownLeaderState(104)) - 7a2a869d-5b21-4221-99f1-36371e590fe9: shutdown LeaderState
2019-10-16 05:43:25,164 [main] INFO  impl.PendingRequests (PendingRequests.java:sendNotLeaderResponses(202)) - 7a2a869d-5b21-4221-99f1-36371e590fe9@group-28D81125A63A-PendingRequests: sendNotLeaderResponses
2019-10-16 05:43:25,164 [ForkJoinPool.commonPool-worker-1] INFO  server.GrpcService (GrpcService.java:closeImpl(172)) - 3032a4bc-851b-4099-9ce6-a0f2caedf8e6: shutdown server with port 35946 successfully
2019-10-16 05:43:25,164 [grpc-default-executor-10] WARN  client.GrpcClientProtocolService (LogUtils.java:warn(134)) - 3-UnorderedRequestStreamObserver3: onError: org.apache.ratis.thirdparty.io.grpc.StatusRuntimeException: CANCELLED: cancelled before receiving half close
2019-10-16 05:43:25,164 [main] INFO  impl.StateMachineUpdater (StateMachineUpdater.java:stopAndJoin(136)) - 7a2a869d-5b21-4221-99f1-36371e590fe9@group-28D81125A63A-StateMachineUpdater: set stopIndex = 0
2019-10-16 05:43:25,166 [main] INFO  impl.RaftServerImpl (ServerState.java:close(388)) - 7a2a869d-5b21-4221-99f1-36371e590fe9@group-28D81125A63A: closes. applyIndex: 0
2019-10-16 05:43:25,167 [7a2a869d-5b21-4221-99f1-36371e590fe9@group-28D81125A63A-SegmentedRaftLogWorker] INFO  segmented.SegmentedRaftLogWorker (SegmentedRaftLogWorker.java:run(316)) - 7a2a869d-5b21-4221-99f1-36371e590fe9@group-28D81125A63A-SegmentedRaftLogWorker was interrupted, exiting. There are 0 tasks remaining in the queue.
2019-10-16 05:43:25,167 [main] INFO  segmented.SegmentedRaftLogWorker (SegmentedRaftLogWorker.java:close(224)) - 7a2a869d-5b21-4221-99f1-36371e590fe9@group-28D81125A63A-SegmentedRaftLogWorker close()
2019-10-16 05:43:25,168 [refreshUsed-/workdir/hadoop-ozone/integration-test/target/test-dir/MiniOzoneClusterImpl-da60a4be-53b2-4b3d-9348-253d2842e1e4/datanode-2/data/containers] WARN  fs.CachingGetSpaceUsed (CachingGetSpaceUsed.java:run(183)) - Thread Interrupted waiting to refresh disk information: sleep interrupted
2019-10-16 05:43:25,168 [main] INFO  server.GrpcService (GrpcService.java:closeImpl(164)) - 7a2a869d-5b21-4221-99f1-36371e590fe9: shutdown server with port 40701 now
2019-10-16 05:43:25,169 [main] INFO  server.GrpcService (GrpcService.java:closeImpl(172)) - 7a2a869d-5b21-4221-99f1-36371e590fe9: shutdown server with port 40701 successfully
2019-10-16 05:43:25,178 [refreshUsed-/workdir/hadoop-ozone/integration-test/target/test-dir/MiniOzoneClusterImpl-da60a4be-53b2-4b3d-9348-253d2842e1e4/datanode-0/data/containers] WARN  fs.CachingGetSpaceUsed (CachingGetSpaceUsed.java:run(183)) - Thread Interrupted waiting to refresh disk information: sleep interrupted
2019-10-16 05:43:25,191 [main] INFO  utils.BackgroundService (BackgroundService.java:shutdown(151)) - Shutting down service BlockDeletingService
2019-10-16 05:43:25,193 [main] INFO  statemachine.DatanodeStateMachine (DatanodeStateMachine.java:stopDaemon(395)) - Ozone container server stopped.
2019-10-16 05:43:25,194 [ForkJoinPool.commonPool-worker-1] INFO  utils.BackgroundService (BackgroundService.java:shutdown(151)) - Shutting down service BlockDeletingService
2019-10-16 05:43:25,196 [ForkJoinPool.commonPool-worker-1] INFO  statemachine.DatanodeStateMachine (DatanodeStateMachine.java:stopDaemon(395)) - Ozone container server stopped.
2019-10-16 05:43:25,198 [main] INFO  handler.ContextHandler (ContextHandler.java:doStop(910)) - Stopped o.e.j.w.WebAppContext@5c9934da{/,null,UNAVAILABLE}{/hddsDatanode}
2019-10-16 05:43:25,199 [ForkJoinPool.commonPool-worker-1] INFO  handler.ContextHandler (ContextHandler.java:doStop(910)) - Stopped o.e.j.w.WebAppContext@fb0a08c{/,null,UNAVAILABLE}{/hddsDatanode}
2019-10-16 05:43:25,200 [main] INFO  server.AbstractConnector (AbstractConnector.java:doStop(318)) - Stopped ServerConnector@4cb702ce{HTTP/1.1,[http/1.1]}{0.0.0.0:0}
2019-10-16 05:43:25,200 [main] INFO  handler.ContextHandler (ContextHandler.java:doStop(910)) - Stopped o.e.j.s.ServletContextHandler@748a654a{/static,jar:file:/home/user/.m2/repository/org/apache/hadoop/hadoop-hdds-container-service/0.5.0-SNAPSHOT/hadoop-hdds-container-service-0.5.0-SNAPSHOT.jar!/webapps/static,UNAVAILABLE}
2019-10-16 05:43:25,200 [ForkJoinPool.commonPool-worker-1] INFO  server.AbstractConnector (AbstractConnector.java:doStop(318)) - Stopped ServerConnector@1faf386c{HTTP/1.1,[http/1.1]}{0.0.0.0:0}
2019-10-16 05:43:25,200 [main] INFO  handler.ContextHandler (ContextHandler.java:doStop(910)) - Stopped o.e.j.s.ServletContextHandler@798256c5{/logs,file:///workdir/hadoop-ozone/integration-test/target/log,UNAVAILABLE}
2019-10-16 05:43:25,201 [ForkJoinPool.commonPool-worker-1] INFO  handler.ContextHandler (ContextHandler.java:doStop(910)) - Stopped o.e.j.s.ServletContextHandler@152c4495{/static,jar:file:/home/user/.m2/repository/org/apache/hadoop/hadoop-hdds-container-service/0.5.0-SNAPSHOT/hadoop-hdds-container-service-0.5.0-SNAPSHOT.jar!/webapps/static,UNAVAILABLE}
2019-10-16 05:43:25,203 [ForkJoinPool.commonPool-worker-1] INFO  handler.ContextHandler (ContextHandler.java:doStop(910)) - Stopped o.e.j.s.ServletContextHandler@46dcbeab{/logs,file:///workdir/hadoop-ozone/integration-test/target/log,UNAVAILABLE}
2019-10-16 05:43:25,204 [main] INFO  ozone.MiniOzoneClusterImpl (MiniOzoneClusterImpl.java:stopSCM(392)) - Stopping the StorageContainerManager
2019-10-16 05:43:25,204 [main] INFO  server.StorageContainerManager (StorageContainerManager.java:stop(810)) - Stopping Replication Manager Service.
2019-10-16 05:43:25,204 [main] INFO  container.ReplicationManager (ReplicationManager.java:stop(203)) - Stopping Replication Monitor Thread.
2019-10-16 05:43:25,205 [main] INFO  server.StorageContainerManager (StorageContainerManager.java:stop(817)) - Stopping Lease Manager of the command watchers
2019-10-16 05:43:25,205 [main] INFO  server.StorageContainerManager (StorageContainerManager.java:stop(824)) - Stopping datanode service RPC server
2019-10-16 05:43:25,205 [main] INFO  server.SCMDatanodeProtocolServer (SCMDatanodeProtocolServer.java:stop(346)) - Stopping the RPC server for DataNodes
2019-10-16 05:43:25,205 [main] INFO  ipc.Server (Server.java:stop(3082)) - Stopping server on 32997
2019-10-16 05:43:25,207 [IPC Server listener on 32997] INFO  ipc.Server (Server.java:run(1185)) - Stopping IPC Server listener on 32997
2019-10-16 05:43:25,208 [IPC Server Responder] INFO  ipc.Server (Server.java:run(1319)) - Stopping IPC Server Responder
2019-10-16 05:43:25,288 [SCM Heartbeat Processing Thread - 0] WARN  node.NodeStateManager (NodeStateManager.java:scheduleNextHealthCheck(646)) - Current Thread is interrupted, shutting down HB processing thread for Node Manager.
2019-10-16 05:43:25,288 [main] INFO  server.StorageContainerManager (StorageContainerManager.java:stop(832)) - Stopping block service RPC server
2019-10-16 05:43:25,288 [main] INFO  server.SCMBlockProtocolServer (SCMBlockProtocolServer.java:stop(155)) - Stopping the RPC server for Block Protocol
2019-10-16 05:43:25,288 [main] INFO  ipc.Server (Server.java:stop(3082)) - Stopping server on 46140
2019-10-16 05:43:25,290 [IPC Server listener on 46140] INFO  ipc.Server (Server.java:run(1185)) - Stopping IPC Server listener on 46140
2019-10-16 05:43:25,290 [main] INFO  server.StorageContainerManager (StorageContainerManager.java:stop(839)) - Stopping the StorageContainerLocationProtocol RPC server
2019-10-16 05:43:25,290 [IPC Server Responder] INFO  ipc.Server (Server.java:run(1319)) - Stopping IPC Server Responder
2019-10-16 05:43:25,291 [main] INFO  server.SCMClientProtocolServer (SCMClientProtocolServer.java:stop(168)) - Stopping the RPC server for Client Protocol
2019-10-16 05:43:25,292 [main] INFO  ipc.Server (Server.java:stop(3082)) - Stopping server on 40961
2019-10-16 05:43:25,294 [IPC Server listener on 40961] INFO  ipc.Server (Server.java:run(1185)) - Stopping IPC Server listener on 40961
2019-10-16 05:43:25,294 [main] INFO  server.StorageContainerManager (StorageContainerManager.java:stop(846)) - Stopping Storage Container Manager HTTP server.
2019-10-16 05:43:25,295 [IPC Server Responder] INFO  ipc.Server (Server.java:run(1319)) - Stopping IPC Server Responder
2019-10-16 05:43:25,297 [main] INFO  handler.ContextHandler (ContextHandler.java:doStop(910)) - Stopped o.e.j.w.WebAppContext@1a1cc163{/,null,UNAVAILABLE}{/scm}
2019-10-16 05:43:25,298 [main] INFO  server.AbstractConnector (AbstractConnector.java:doStop(318)) - Stopped ServerConnector@5b5ac798{HTTP/1.1,[http/1.1]}{0.0.0.0:0}
2019-10-16 05:43:25,298 [main] INFO  handler.ContextHandler (ContextHandler.java:doStop(910)) - Stopped o.e.j.s.ServletContextHandler@3e36b7a0{/static,file:///workdir/hadoop-ozone/integration-test/target/test-classes/webapps/static,UNAVAILABLE}
2019-10-16 05:43:25,298 [main] INFO  handler.ContextHandler (ContextHandler.java:doStop(910)) - Stopped o.e.j.s.ServletContextHandler@49e4c2d5{/logs,file:///workdir/hadoop-ozone/integration-test/target/log,UNAVAILABLE}
2019-10-16 05:43:25,299 [main] INFO  server.StorageContainerManager (StorageContainerManager.java:stop(857)) - Stopping Block Manager Service.
2019-10-16 05:43:25,300 [main] INFO  utils.BackgroundService (BackgroundService.java:shutdown(151)) - Shutting down service SCMBlockDeletingService
2019-10-16 05:43:25,300 [main] INFO  utils.BackgroundService (BackgroundService.java:shutdown(151)) - Shutting down service SCMBlockDeletingService
2019-10-16 05:43:25,301 [main] INFO  server.StorageContainerManager (StorageContainerManager.java:stop(879)) - Stopping SCM Event Queue.
2019-10-16 05:43:25,306 [main] INFO  impl.MetricsSystemImpl (MetricsSystemImpl.java:stop(210)) - Stopping HddsDatanode metrics system...
2019-10-16 05:43:25,323 [main] INFO  impl.MetricsSystemImpl (MetricsSystemImpl.java:stop(216)) - HddsDatanode metrics system stopped.
2019-10-16 05:43:25,327 [java.util.concurrent.ThreadPoolExecutor$Worker@7354d56c[State = -1, empty queue]] WARN  server.GrpcLogAppender (GrpcLogAppender.java:timeoutAppendRequest(209)) - 3032a4bc-851b-4099-9ce6-a0f2caedf8e6@group-39ACCE41D6CB->3b6ccc7f-fc72-450a-94fb-7a4617c5e7bc-GrpcLogAppender: appendEntries Timeout, request=3032a4bc-851b-4099-9ce6-a0f2caedf8e6->3b6ccc7f-fc72-450a-94fb-7a4617c5e7bc#154-t4, previous=(t:4, i:35), leaderCommit=35, initializing? false, entries: <empty>
]]></system-out>
    <system-err><![CDATA[Oct 16, 2019 5:42:27 AM org.apache.ratis.thirdparty.io.grpc.internal.SerializingExecutor run
SEVERE: Exception while executing runnable org.apache.ratis.thirdparty.io.grpc.internal.ServerImpl$JumpToApplicationThreadServerStreamListener$1Closed@72e362e0
org.apache.ratis.thirdparty.io.grpc.StatusRuntimeException: CANCELLED: call already cancelled
	at org.apache.ratis.thirdparty.io.grpc.Status.asRuntimeException(Status.java:517)
	at org.apache.ratis.thirdparty.io.grpc.stub.ServerCalls$ServerCallStreamObserverImpl.onCompleted(ServerCalls.java:356)
	at org.apache.ratis.grpc.server.GrpcServerProtocolService$ServerRequestStreamObserver.onError(GrpcServerProtocolService.java:121)
	at org.apache.ratis.thirdparty.io.grpc.stub.ServerCalls$StreamingServerCallHandler$StreamingServerCallListener.onCancel(ServerCalls.java:269)
	at org.apache.ratis.thirdparty.io.grpc.internal.ServerCallImpl$ServerStreamListenerImpl.closed(ServerCallImpl.java:293)
	at org.apache.ratis.thirdparty.io.grpc.internal.ServerImpl$JumpToApplicationThreadServerStreamListener$1Closed.runInContext(ServerImpl.java:741)
	at org.apache.ratis.thirdparty.io.grpc.internal.ContextRunnable.run(ContextRunnable.java:37)
	at org.apache.ratis.thirdparty.io.grpc.internal.SerializingExecutor.run(SerializingExecutor.java:123)
	at java.util.concurrent.ThreadPoolExecutor.runWorker(ThreadPoolExecutor.java:1149)
	at java.util.concurrent.ThreadPoolExecutor$Worker.run(ThreadPoolExecutor.java:624)
	at java.lang.Thread.run(Thread.java:748)

Oct 16, 2019 5:42:27 AM org.apache.ratis.thirdparty.io.grpc.internal.SerializingExecutor run
SEVERE: Exception while executing runnable org.apache.ratis.thirdparty.io.grpc.internal.ClientCallImpl$ClientStreamListenerImpl$1StreamClosed@53153b4d
java.lang.NullPointerException
	at org.apache.ratis.grpc.server.GrpcLogAppender$AppendLogResponseHandler.onError(GrpcLogAppender.java:303)
	at org.apache.ratis.thirdparty.io.grpc.stub.ClientCalls$StreamObserverToCallListenerAdapter.onClose(ClientCalls.java:434)
	at org.apache.ratis.thirdparty.io.grpc.PartialForwardingClientCallListener.onClose(PartialForwardingClientCallListener.java:39)
	at org.apache.ratis.thirdparty.io.grpc.ForwardingClientCallListener.onClose(ForwardingClientCallListener.java:23)
	at org.apache.ratis.thirdparty.io.grpc.ForwardingClientCallListener$SimpleForwardingClientCallListener.onClose(ForwardingClientCallListener.java:40)
	at org.apache.ratis.thirdparty.io.grpc.internal.CensusStatsModule$StatsClientInterceptor$1$1.onClose(CensusStatsModule.java:678)
	at org.apache.ratis.thirdparty.io.grpc.PartialForwardingClientCallListener.onClose(PartialForwardingClientCallListener.java:39)
	at org.apache.ratis.thirdparty.io.grpc.ForwardingClientCallListener.onClose(ForwardingClientCallListener.java:23)
	at org.apache.ratis.thirdparty.io.grpc.ForwardingClientCallListener$SimpleForwardingClientCallListener.onClose(ForwardingClientCallListener.java:40)
	at org.apache.ratis.thirdparty.io.grpc.internal.CensusTracingModule$TracingClientInterceptor$1$1.onClose(CensusTracingModule.java:397)
	at org.apache.ratis.thirdparty.io.grpc.internal.ClientCallImpl.closeObserver(ClientCallImpl.java:459)
	at org.apache.ratis.thirdparty.io.grpc.internal.ClientCallImpl.access$300(ClientCallImpl.java:63)
	at org.apache.ratis.thirdparty.io.grpc.internal.ClientCallImpl$ClientStreamListenerImpl.close(ClientCallImpl.java:546)
	at org.apache.ratis.thirdparty.io.grpc.internal.ClientCallImpl$ClientStreamListenerImpl.access$600(ClientCallImpl.java:467)
	at org.apache.ratis.thirdparty.io.grpc.internal.ClientCallImpl$ClientStreamListenerImpl$1StreamClosed.runInContext(ClientCallImpl.java:584)
	at org.apache.ratis.thirdparty.io.grpc.internal.ContextRunnable.run(ContextRunnable.java:37)
	at org.apache.ratis.thirdparty.io.grpc.internal.SerializingExecutor.run(SerializingExecutor.java:123)
	at java.util.concurrent.ThreadPoolExecutor.runWorker(ThreadPoolExecutor.java:1149)
	at java.util.concurrent.ThreadPoolExecutor$Worker.run(ThreadPoolExecutor.java:624)
	at java.lang.Thread.run(Thread.java:748)

Oct 16, 2019 5:42:32 AM org.apache.ratis.thirdparty.io.grpc.internal.SerializingExecutor run
SEVERE: Exception while executing runnable org.apache.ratis.thirdparty.io.grpc.internal.ServerImpl$JumpToApplicationThreadServerStreamListener$1Closed@147938fe
org.apache.ratis.thirdparty.io.grpc.StatusRuntimeException: CANCELLED: call already cancelled
	at org.apache.ratis.thirdparty.io.grpc.Status.asRuntimeException(Status.java:517)
	at org.apache.ratis.thirdparty.io.grpc.stub.ServerCalls$ServerCallStreamObserverImpl.onCompleted(ServerCalls.java:356)
	at org.apache.ratis.grpc.server.GrpcServerProtocolService$ServerRequestStreamObserver.onError(GrpcServerProtocolService.java:121)
	at org.apache.ratis.thirdparty.io.grpc.stub.ServerCalls$StreamingServerCallHandler$StreamingServerCallListener.onCancel(ServerCalls.java:269)
	at org.apache.ratis.thirdparty.io.grpc.internal.ServerCallImpl$ServerStreamListenerImpl.closed(ServerCallImpl.java:293)
	at org.apache.ratis.thirdparty.io.grpc.internal.ServerImpl$JumpToApplicationThreadServerStreamListener$1Closed.runInContext(ServerImpl.java:741)
	at org.apache.ratis.thirdparty.io.grpc.internal.ContextRunnable.run(ContextRunnable.java:37)
	at org.apache.ratis.thirdparty.io.grpc.internal.SerializingExecutor.run(SerializingExecutor.java:123)
	at java.util.concurrent.ThreadPoolExecutor.runWorker(ThreadPoolExecutor.java:1149)
	at java.util.concurrent.ThreadPoolExecutor$Worker.run(ThreadPoolExecutor.java:624)
	at java.lang.Thread.run(Thread.java:748)

Oct 16, 2019 5:42:32 AM org.apache.ratis.thirdparty.io.grpc.internal.SerializingExecutor run
SEVERE: Exception while executing runnable org.apache.ratis.thirdparty.io.grpc.internal.ClientCallImpl$ClientStreamListenerImpl$1StreamClosed@1e1c76c
java.lang.NullPointerException
	at org.apache.ratis.grpc.server.GrpcLogAppender$AppendLogResponseHandler.onError(GrpcLogAppender.java:303)
	at org.apache.ratis.thirdparty.io.grpc.stub.ClientCalls$StreamObserverToCallListenerAdapter.onClose(ClientCalls.java:434)
	at org.apache.ratis.thirdparty.io.grpc.PartialForwardingClientCallListener.onClose(PartialForwardingClientCallListener.java:39)
	at org.apache.ratis.thirdparty.io.grpc.ForwardingClientCallListener.onClose(ForwardingClientCallListener.java:23)
	at org.apache.ratis.thirdparty.io.grpc.ForwardingClientCallListener$SimpleForwardingClientCallListener.onClose(ForwardingClientCallListener.java:40)
	at org.apache.ratis.thirdparty.io.grpc.internal.CensusStatsModule$StatsClientInterceptor$1$1.onClose(CensusStatsModule.java:678)
	at org.apache.ratis.thirdparty.io.grpc.PartialForwardingClientCallListener.onClose(PartialForwardingClientCallListener.java:39)
	at org.apache.ratis.thirdparty.io.grpc.ForwardingClientCallListener.onClose(ForwardingClientCallListener.java:23)
	at org.apache.ratis.thirdparty.io.grpc.ForwardingClientCallListener$SimpleForwardingClientCallListener.onClose(ForwardingClientCallListener.java:40)
	at org.apache.ratis.thirdparty.io.grpc.internal.CensusTracingModule$TracingClientInterceptor$1$1.onClose(CensusTracingModule.java:397)
	at org.apache.ratis.thirdparty.io.grpc.internal.ClientCallImpl.closeObserver(ClientCallImpl.java:459)
	at org.apache.ratis.thirdparty.io.grpc.internal.ClientCallImpl.access$300(ClientCallImpl.java:63)
	at org.apache.ratis.thirdparty.io.grpc.internal.ClientCallImpl$ClientStreamListenerImpl.close(ClientCallImpl.java:546)
	at org.apache.ratis.thirdparty.io.grpc.internal.ClientCallImpl$ClientStreamListenerImpl.access$600(ClientCallImpl.java:467)
	at org.apache.ratis.thirdparty.io.grpc.internal.ClientCallImpl$ClientStreamListenerImpl$1StreamClosed.runInContext(ClientCallImpl.java:584)
	at org.apache.ratis.thirdparty.io.grpc.internal.ContextRunnable.run(ContextRunnable.java:37)
	at org.apache.ratis.thirdparty.io.grpc.internal.SerializingExecutor.run(SerializingExecutor.java:123)
	at java.util.concurrent.ThreadPoolExecutor.runWorker(ThreadPoolExecutor.java:1149)
	at java.util.concurrent.ThreadPoolExecutor$Worker.run(ThreadPoolExecutor.java:624)
	at java.lang.Thread.run(Thread.java:748)

Oct 16, 2019 5:43:20 AM org.apache.ratis.thirdparty.io.grpc.internal.SerializingExecutor run
SEVERE: Exception while executing runnable org.apache.ratis.thirdparty.io.grpc.internal.ServerImpl$JumpToApplicationThreadServerStreamListener$1Closed@487a512a
org.apache.ratis.thirdparty.io.grpc.StatusRuntimeException: CANCELLED: call already cancelled
	at org.apache.ratis.thirdparty.io.grpc.Status.asRuntimeException(Status.java:517)
	at org.apache.ratis.thirdparty.io.grpc.stub.ServerCalls$ServerCallStreamObserverImpl.onCompleted(ServerCalls.java:356)
	at org.apache.ratis.grpc.server.GrpcServerProtocolService$ServerRequestStreamObserver.onError(GrpcServerProtocolService.java:121)
	at org.apache.ratis.thirdparty.io.grpc.stub.ServerCalls$StreamingServerCallHandler$StreamingServerCallListener.onCancel(ServerCalls.java:269)
	at org.apache.ratis.thirdparty.io.grpc.internal.ServerCallImpl$ServerStreamListenerImpl.closed(ServerCallImpl.java:293)
	at org.apache.ratis.thirdparty.io.grpc.internal.ServerImpl$JumpToApplicationThreadServerStreamListener$1Closed.runInContext(ServerImpl.java:741)
	at org.apache.ratis.thirdparty.io.grpc.internal.ContextRunnable.run(ContextRunnable.java:37)
	at org.apache.ratis.thirdparty.io.grpc.internal.SerializingExecutor.run(SerializingExecutor.java:123)
	at java.util.concurrent.ThreadPoolExecutor.runWorker(ThreadPoolExecutor.java:1149)
	at java.util.concurrent.ThreadPoolExecutor$Worker.run(ThreadPoolExecutor.java:624)
	at java.lang.Thread.run(Thread.java:748)

Oct 16, 2019 5:43:20 AM org.apache.ratis.thirdparty.io.grpc.internal.SerializingExecutor run
SEVERE: Exception while executing runnable org.apache.ratis.thirdparty.io.grpc.internal.ClientCallImpl$ClientStreamListenerImpl$1StreamClosed@67acb88f
java.lang.NullPointerException
	at org.apache.ratis.grpc.server.GrpcLogAppender$AppendLogResponseHandler.onError(GrpcLogAppender.java:303)
	at org.apache.ratis.thirdparty.io.grpc.stub.ClientCalls$StreamObserverToCallListenerAdapter.onClose(ClientCalls.java:434)
	at org.apache.ratis.thirdparty.io.grpc.PartialForwardingClientCallListener.onClose(PartialForwardingClientCallListener.java:39)
	at org.apache.ratis.thirdparty.io.grpc.ForwardingClientCallListener.onClose(ForwardingClientCallListener.java:23)
	at org.apache.ratis.thirdparty.io.grpc.ForwardingClientCallListener$SimpleForwardingClientCallListener.onClose(ForwardingClientCallListener.java:40)
	at org.apache.ratis.thirdparty.io.grpc.internal.CensusStatsModule$StatsClientInterceptor$1$1.onClose(CensusStatsModule.java:678)
	at org.apache.ratis.thirdparty.io.grpc.PartialForwardingClientCallListener.onClose(PartialForwardingClientCallListener.java:39)
	at org.apache.ratis.thirdparty.io.grpc.ForwardingClientCallListener.onClose(ForwardingClientCallListener.java:23)
	at org.apache.ratis.thirdparty.io.grpc.ForwardingClientCallListener$SimpleForwardingClientCallListener.onClose(ForwardingClientCallListener.java:40)
	at org.apache.ratis.thirdparty.io.grpc.internal.CensusTracingModule$TracingClientInterceptor$1$1.onClose(CensusTracingModule.java:397)
	at org.apache.ratis.thirdparty.io.grpc.internal.ClientCallImpl.closeObserver(ClientCallImpl.java:459)
	at org.apache.ratis.thirdparty.io.grpc.internal.ClientCallImpl.access$300(ClientCallImpl.java:63)
	at org.apache.ratis.thirdparty.io.grpc.internal.ClientCallImpl$ClientStreamListenerImpl.close(ClientCallImpl.java:546)
	at org.apache.ratis.thirdparty.io.grpc.internal.ClientCallImpl$ClientStreamListenerImpl.access$600(ClientCallImpl.java:467)
	at org.apache.ratis.thirdparty.io.grpc.internal.ClientCallImpl$ClientStreamListenerImpl$1StreamClosed.runInContext(ClientCallImpl.java:584)
	at org.apache.ratis.thirdparty.io.grpc.internal.ContextRunnable.run(ContextRunnable.java:37)
	at org.apache.ratis.thirdparty.io.grpc.internal.SerializingExecutor.run(SerializingExecutor.java:123)
	at java.util.concurrent.ThreadPoolExecutor.runWorker(ThreadPoolExecutor.java:1149)
	at java.util.concurrent.ThreadPoolExecutor$Worker.run(ThreadPoolExecutor.java:624)
	at java.lang.Thread.run(Thread.java:748)

]]></system-err>
  </testcase>
</testsuite>