<?xml version="1.0" encoding="UTF-8"?>
<testsuite xmlns:xsi="http://www.w3.org/2001/XMLSchema-instance" xsi:noNamespaceSchemaLocation="https://maven.apache.org/surefire/maven-surefire-plugin/xsd/surefire-test-report.xsd" name="org.apache.hadoop.ozone.client.rpc.TestOzoneRpcClientWithRatis" time="37.292" tests="70" errors="17" skipped="2" failures="0">
  <properties>
    <property name="awt.toolkit" value="sun.awt.X11.XToolkit"/>
    <property name="file.encoding.pkg" value="sun.io"/>
    <property name="java.specification.version" value="1.8"/>
    <property name="sun.cpu.isalist" value=""/>
    <property name="sun.jnu.encoding" value="ANSI_X3.4-1968"/>
    <property name="java.class.path" value="/workdir/hadoop-ozone/integration-test/target/test-classes:/workdir/hadoop-ozone/integration-test/target/classes:/home/user/.m2/repository/org/apache/hadoop/hadoop-ozone-common/0.5.0-SNAPSHOT/hadoop-ozone-common-0.5.0-SNAPSHOT.jar:/home/user/.m2/repository/org/apache/commons/commons-compress/1.4.1/commons-compress-1.4.1.jar:/home/user/.m2/repository/org/tukaani/xz/1.0/xz-1.0.jar:/home/user/.m2/repository/org/apache/hadoop/hadoop-common/3.2.0/hadoop-common-3.2.0.jar:/home/user/.m2/repository/org/apache/hadoop/hadoop-hdfs/3.2.0/hadoop-hdfs-3.2.0.jar:/home/user/.m2/repository/org/apache/hadoop/hadoop-hdfs-client/3.2.0/hadoop-hdfs-client-3.2.0.jar:/home/user/.m2/repository/com/fasterxml/jackson/core/jackson-annotations/2.9.9/jackson-annotations-2.9.9.jar:/home/user/.m2/repository/org/apache/hadoop/hadoop-hdds-common/0.5.0-SNAPSHOT/hadoop-hdds-common-0.5.0-SNAPSHOT.jar:/home/user/.m2/repository/javax/annotation/javax.annotation-api/1.2/javax.annotation-api-1.2.jar:/home/user/.m2/repository/org/apache/ratis/ratis-server/0.5.0-3f446aa-SNAPSHOT/ratis-server-0.5.0-3f446aa-SNAPSHOT.jar:/home/user/.m2/repository/org/apache/ratis/ratis-thirdparty-misc/0.2.0/ratis-thirdparty-misc-0.2.0.jar:/home/user/.m2/repository/org/apache/ratis/ratis-proto/0.5.0-3f446aa-SNAPSHOT/ratis-proto-0.5.0-3f446aa-SNAPSHOT.jar:/home/user/.m2/repository/org/apache/ratis/ratis-common/0.5.0-3f446aa-SNAPSHOT/ratis-common-0.5.0-3f446aa-SNAPSHOT.jar:/home/user/.m2/repository/org/apache/ratis/ratis-client/0.5.0-3f446aa-SNAPSHOT/ratis-client-0.5.0-3f446aa-SNAPSHOT.jar:/home/user/.m2/repository/org/apache/ratis/ratis-metrics/0.5.0-3f446aa-SNAPSHOT/ratis-metrics-0.5.0-3f446aa-SNAPSHOT.jar:/home/user/.m2/repository/com/github/joshelser/dropwizard-metrics-hadoop-metrics2-reporter/0.1.2/dropwizard-metrics-hadoop-metrics2-reporter-0.1.2.jar:/home/user/.m2/repository/io/dropwizard/metrics/metrics-jvm/3.2.5/metrics-jvm-3.2.5.jar:/home/user/.m2/repository/io/dropwizard/metrics/metrics-ganglia/3.2.5/metrics-ganglia-3.2.5.jar:/home/user/.m2/repository/info/ganglia/gmetric4j/gmetric4j/1.0.7/gmetric4j-1.0.7.jar:/home/user/.m2/repository/org/apache/ratis/ratis-netty/0.5.0-3f446aa-SNAPSHOT/ratis-netty-0.5.0-3f446aa-SNAPSHOT.jar:/home/user/.m2/repository/org/apache/ratis/ratis-grpc/0.5.0-3f446aa-SNAPSHOT/ratis-grpc-0.5.0-3f446aa-SNAPSHOT.jar:/home/user/.m2/repository/org/rocksdb/rocksdbjni/6.0.1/rocksdbjni-6.0.1.jar:/home/user/.m2/repository/org/apache/logging/log4j/log4j-api/2.11.0/log4j-api-2.11.0.jar:/home/user/.m2/repository/org/apache/logging/log4j/log4j-core/2.11.0/log4j-core-2.11.0.jar:/home/user/.m2/repository/com/lmax/disruptor/3.4.2/disruptor-3.4.2.jar:/home/user/.m2/repository/org/apache/commons/commons-pool2/2.6.0/commons-pool2-2.6.0.jar:/home/user/.m2/repository/org/bouncycastle/bcpkix-jdk15on/1.60/bcpkix-jdk15on-1.60.jar:/home/user/.m2/repository/commons-validator/commons-validator/1.6/commons-validator-1.6.jar:/home/user/.m2/repository/commons-digester/commons-digester/1.8.1/commons-digester-1.8.1.jar:/home/user/.m2/repository/io/jaegertracing/jaeger-client/0.34.0/jaeger-client-0.34.0.jar:/home/user/.m2/repository/io/jaegertracing/jaeger-thrift/0.34.0/jaeger-thrift-0.34.0.jar:/home/user/.m2/repository/org/apache/thrift/libthrift/0.12.0/libthrift-0.12.0.jar:/home/user/.m2/repository/com/squareup/okhttp3/okhttp/3.9.0/okhttp-3.9.0.jar:/home/user/.m2/repository/com/squareup/okio/okio/1.13.0/okio-1.13.0.jar:/home/user/.m2/repository/io/jaegertracing/jaeger-core/0.34.0/jaeger-core-0.34.0.jar:/home/user/.m2/repository/io/jaegertracing/jaeger-tracerresolver/0.34.0/jaeger-tracerresolver-0.34.0.jar:/home/user/.m2/repository/io/opentracing/contrib/opentracing-tracerresolver/0.1.5/opentracing-tracerresolver-0.1.5.jar:/home/user/.m2/repository/io/opentracing/opentracing-util/0.31.0/opentracing-util-0.31.0.jar:/home/user/.m2/repository/io/opentracing/opentracing-api/0.31.0/opentracing-api-0.31.0.jar:/home/user/.m2/repository/io/opentracing/opentracing-noop/0.31.0/opentracing-noop-0.31.0.jar:/home/user/.m2/repository/org/apache/hadoop/hadoop-hdds-server-framework/0.5.0-SNAPSHOT/hadoop-hdds-server-framework-0.5.0-SNAPSHOT.jar:/home/user/.m2/repository/org/apache/hadoop/hadoop-hdds-container-service/0.5.0-SNAPSHOT/hadoop-hdds-container-service-0.5.0-SNAPSHOT.jar:/home/user/.m2/repository/org/apache/hadoop/hadoop-hdds-client/0.5.0-SNAPSHOT/hadoop-hdds-client-0.5.0-SNAPSHOT.jar:/home/user/.m2/repository/org/apache/hadoop/hadoop-hdds-tools/0.5.0-SNAPSHOT/hadoop-hdds-tools-0.5.0-SNAPSHOT.jar:/home/user/.m2/repository/org/apache/hadoop/hadoop-hdds-server-scm/0.5.0-SNAPSHOT/hadoop-hdds-server-scm-0.5.0-SNAPSHOT.jar:/home/user/.m2/repository/org/apache/hadoop/hadoop-hdds-docs/0.5.0-SNAPSHOT/hadoop-hdds-docs-0.5.0-SNAPSHOT.jar:/home/user/.m2/repository/io/dropwizard/metrics/metrics-core/3.2.4/metrics-core-3.2.4.jar:/home/user/.m2/repository/org/hamcrest/hamcrest-all/1.3/hamcrest-all-1.3.jar:/home/user/.m2/repository/org/bouncycastle/bcprov-jdk15on/1.60/bcprov-jdk15on-1.60.jar:/home/user/.m2/repository/info/picocli/picocli/3.9.6/picocli-3.9.6.jar:/home/user/.m2/repository/com/google/protobuf/protobuf-java/2.5.0/protobuf-java-2.5.0.jar:/home/user/.m2/repository/com/google/guava/guava/11.0.2/guava-11.0.2.jar:/home/user/.m2/repository/org/apache/hadoop/hadoop-ozone-ozone-manager/0.5.0-SNAPSHOT/hadoop-ozone-ozone-manager-0.5.0-SNAPSHOT.jar:/home/user/.m2/repository/org/apache/hadoop/hadoop-minikdc/3.2.0/hadoop-minikdc-3.2.0.jar:/home/user/.m2/repository/commons-io/commons-io/2.5/commons-io-2.5.jar:/home/user/.m2/repository/org/apache/kerby/kerb-simplekdc/1.0.1/kerb-simplekdc-1.0.1.jar:/home/user/.m2/repository/org/apache/kerby/kerb-client/1.0.1/kerb-client-1.0.1.jar:/home/user/.m2/repository/org/apache/kerby/kerby-config/1.0.1/kerby-config-1.0.1.jar:/home/user/.m2/repository/org/apache/kerby/kerb-core/1.0.1/kerb-core-1.0.1.jar:/home/user/.m2/repository/org/apache/kerby/kerby-pkix/1.0.1/kerby-pkix-1.0.1.jar:/home/user/.m2/repository/org/apache/kerby/kerby-asn1/1.0.1/kerby-asn1-1.0.1.jar:/home/user/.m2/repository/org/apache/kerby/kerby-util/1.0.1/kerby-util-1.0.1.jar:/home/user/.m2/repository/org/apache/kerby/kerb-common/1.0.1/kerb-common-1.0.1.jar:/home/user/.m2/repository/org/apache/kerby/kerb-crypto/1.0.1/kerb-crypto-1.0.1.jar:/home/user/.m2/repository/org/apache/kerby/kerb-util/1.0.1/kerb-util-1.0.1.jar:/home/user/.m2/repository/org/apache/kerby/token-provider/1.0.1/token-provider-1.0.1.jar:/home/user/.m2/repository/org/apache/kerby/kerb-admin/1.0.1/kerb-admin-1.0.1.jar:/home/user/.m2/repository/org/apache/kerby/kerb-server/1.0.1/kerb-server-1.0.1.jar:/home/user/.m2/repository/org/apache/kerby/kerb-identity/1.0.1/kerb-identity-1.0.1.jar:/home/user/.m2/repository/org/apache/kerby/kerby-xdr/1.0.1/kerby-xdr-1.0.1.jar:/home/user/.m2/repository/org/slf4j/slf4j-log4j12/1.7.25/slf4j-log4j12-1.7.25.jar:/home/user/.m2/repository/org/apache/hadoop/hadoop-ozone-s3gateway/0.5.0-SNAPSHOT/hadoop-ozone-s3gateway-0.5.0-SNAPSHOT.jar:/home/user/.m2/repository/org/jboss/weld/servlet/weld-servlet/2.4.7.Final/weld-servlet-2.4.7.Final.jar:/home/user/.m2/repository/org/glassfish/jersey/containers/jersey-container-servlet-core/2.27/jersey-container-servlet-core-2.27.jar:/home/user/.m2/repository/org/glassfish/hk2/external/javax.inject/2.5.0-b42/javax.inject-2.5.0-b42.jar:/home/user/.m2/repository/org/glassfish/jersey/core/jersey-common/2.27/jersey-common-2.27.jar:/home/user/.m2/repository/org/glassfish/hk2/osgi-resource-locator/1.0.1/osgi-resource-locator-1.0.1.jar:/home/user/.m2/repository/javax/ws/rs/javax.ws.rs-api/2.1/javax.ws.rs-api-2.1.jar:/home/user/.m2/repository/org/glassfish/jersey/ext/cdi/jersey-cdi1x/2.27/jersey-cdi1x-2.27.jar:/home/user/.m2/repository/org/glassfish/jersey/inject/jersey-hk2/2.27/jersey-hk2-2.27.jar:/home/user/.m2/repository/org/glassfish/hk2/hk2-locator/2.5.0-b42/hk2-locator-2.5.0-b42.jar:/home/user/.m2/repository/org/javassist/javassist/3.22.0-CR2/javassist-3.22.0-CR2.jar:/home/user/.m2/repository/org/glassfish/hk2/hk2-api/2.5.0/hk2-api-2.5.0.jar:/home/user/.m2/repository/org/glassfish/hk2/external/jakarta.inject/2.5.0/jakarta.inject-2.5.0.jar:/home/user/.m2/repository/org/glassfish/hk2/hk2-utils/2.5.0/hk2-utils-2.5.0.jar:/home/user/.m2/repository/jakarta/annotation/jakarta.annotation-api/1.3.4/jakarta.annotation-api-1.3.4.jar:/home/user/.m2/repository/org/glassfish/hk2/external/aopalliance-repackaged/2.5.0/aopalliance-repackaged-2.5.0.jar:/home/user/.m2/repository/com/fasterxml/jackson/dataformat/jackson-dataformat-xml/2.9.0/jackson-dataformat-xml-2.9.0.jar:/home/user/.m2/repository/com/fasterxml/jackson/core/jackson-core/2.9.9/jackson-core-2.9.9.jar:/home/user/.m2/repository/com/fasterxml/jackson/module/jackson-module-jaxb-annotations/2.9.9/jackson-module-jaxb-annotations-2.9.9.jar:/home/user/.m2/repository/javax/enterprise/cdi-api/1.2/cdi-api-1.2.jar:/home/user/.m2/repository/javax/el/javax.el-api/3.0.0/javax.el-api-3.0.0.jar:/home/user/.m2/repository/javax/interceptor/javax.interceptor-api/1.2/javax.interceptor-api-1.2.jar:/home/user/.m2/repository/javax/inject/javax.inject/1/javax.inject-1.jar:/home/user/.m2/repository/com/sun/xml/bind/jaxb-impl/2.3.0.1/jaxb-impl-2.3.0.1.jar:/home/user/.m2/repository/com/sun/xml/bind/jaxb-core/2.3.0.1/jaxb-core-2.3.0.1.jar:/home/user/.m2/repository/javax/xml/bind/jaxb-api/2.3.0/jaxb-api-2.3.0.jar:/home/user/.m2/repository/javax/activation/activation/1.1.1/activation-1.1.1.jar:/home/user/.m2/repository/org/apache/hadoop/hadoop-ozone-csi/0.5.0-SNAPSHOT/hadoop-ozone-csi-0.5.0-SNAPSHOT.jar:/home/user/.m2/repository/com/google/protobuf/protobuf-java-util/3.5.1/protobuf-java-util-3.5.1.jar:/home/user/.m2/repository/org/apache/hadoop/hadoop-hdds-config/0.5.0-SNAPSHOT/hadoop-hdds-config-0.5.0-SNAPSHOT.jar:/home/user/.m2/repository/io/grpc/grpc-netty/1.17.1/grpc-netty-1.17.1.jar:/home/user/.m2/repository/io/grpc/grpc-core/1.17.1/grpc-core-1.17.1.jar:/home/user/.m2/repository/io/grpc/grpc-context/1.17.1/grpc-context-1.17.1.jar:/home/user/.m2/repository/com/google/errorprone/error_prone_annotations/2.2.0/error_prone_annotations-2.2.0.jar:/home/user/.m2/repository/org/codehaus/mojo/animal-sniffer-annotations/1.17/animal-sniffer-annotations-1.17.jar:/home/user/.m2/repository/io/opencensus/opencensus-api/0.17.0/opencensus-api-0.17.0.jar:/home/user/.m2/repository/io/opencensus/opencensus-contrib-grpc-metrics/0.17.0/opencensus-contrib-grpc-metrics-0.17.0.jar:/home/user/.m2/repository/io/netty/netty-codec-http2/4.1.30.Final/netty-codec-http2-4.1.30.Final.jar:/home/user/.m2/repository/io/netty/netty-codec-http/4.1.30.Final/netty-codec-http-4.1.30.Final.jar:/home/user/.m2/repository/io/netty/netty-codec/4.1.30.Final/netty-codec-4.1.30.Final.jar:/home/user/.m2/repository/io/netty/netty-handler/4.1.30.Final/netty-handler-4.1.30.Final.jar:/home/user/.m2/repository/io/netty/netty-handler-proxy/4.1.30.Final/netty-handler-proxy-4.1.30.Final.jar:/home/user/.m2/repository/io/netty/netty-codec-socks/4.1.30.Final/netty-codec-socks-4.1.30.Final.jar:/home/user/.m2/repository/io/netty/netty-transport-native-epoll/4.1.30.Final/netty-transport-native-epoll-4.1.30.Final.jar:/home/user/.m2/repository/io/netty/netty-common/4.1.30.Final/netty-common-4.1.30.Final.jar:/home/user/.m2/repository/io/netty/netty-buffer/4.1.30.Final/netty-buffer-4.1.30.Final.jar:/home/user/.m2/repository/io/netty/netty-transport/4.1.30.Final/netty-transport-4.1.30.Final.jar:/home/user/.m2/repository/io/netty/netty-resolver/4.1.30.Final/netty-resolver-4.1.30.Final.jar:/home/user/.m2/repository/io/netty/netty-transport-native-unix-common/4.1.30.Final/netty-transport-native-unix-common-4.1.30.Final.jar:/home/user/.m2/repository/io/grpc/grpc-protobuf/1.17.1/grpc-protobuf-1.17.1.jar:/home/user/.m2/repository/com/google/api/grpc/proto-google-common-protos/1.0.0/proto-google-common-protos-1.0.0.jar:/home/user/.m2/repository/io/grpc/grpc-protobuf-lite/1.17.1/grpc-protobuf-lite-1.17.1.jar:/home/user/.m2/repository/io/grpc/grpc-stub/1.17.1/grpc-stub-1.17.1.jar:/home/user/.m2/repository/org/apache/hadoop/hadoop-ozone-recon/0.5.0-SNAPSHOT/hadoop-ozone-recon-0.5.0-SNAPSHOT.jar:/home/user/.m2/repository/org/apache/hadoop/hadoop-ozone-reconcodegen/0.5.0-SNAPSHOT/hadoop-ozone-reconcodegen-0.5.0-SNAPSHOT.jar:/home/user/.m2/repository/com/google/inject/extensions/guice-multibindings/4.0/guice-multibindings-4.0.jar:/home/user/.m2/repository/com/google/inject/guice/4.0/guice-4.0.jar:/home/user/.m2/repository/aopalliance/aopalliance/1.0/aopalliance-1.0.jar:/home/user/.m2/repository/com/google/inject/extensions/guice-servlet/4.0/guice-servlet-4.0.jar:/home/user/.m2/repository/org/glassfish/jersey/containers/jersey-container-servlet/2.27/jersey-container-servlet-2.27.jar:/home/user/.m2/repository/org/glassfish/hk2/guice-bridge/2.5.0/guice-bridge-2.5.0.jar:/home/user/.m2/repository/org/glassfish/jersey/core/jersey-server/2.27/jersey-server-2.27.jar:/home/user/.m2/repository/org/glassfish/jersey/core/jersey-client/2.27/jersey-client-2.27.jar:/home/user/.m2/repository/org/glassfish/jersey/media/jersey-media-jaxb/2.27/jersey-media-jaxb-2.27.jar:/home/user/.m2/repository/javax/validation/validation-api/1.1.0.Final/validation-api-1.1.0.Final.jar:/home/user/.m2/repository/org/glassfish/jersey/media/jersey-media-json-jackson/2.27/jersey-media-json-jackson-2.27.jar:/home/user/.m2/repository/org/glassfish/jersey/ext/jersey-entity-filtering/2.27/jersey-entity-filtering-2.27.jar:/home/user/.m2/repository/com/google/inject/extensions/guice-assistedinject/4.0/guice-assistedinject-4.0.jar:/home/user/.m2/repository/org/jooq/jooq/3.11.10/jooq-3.11.10.jar:/home/user/.m2/repository/org/jooq/jooq-meta/3.11.10/jooq-meta-3.11.10.jar:/home/user/.m2/repository/org/jooq/jooq-codegen/3.11.10/jooq-codegen-3.11.10.jar:/home/user/.m2/repository/com/jolbox/bonecp/0.8.0.RELEASE/bonecp-0.8.0.RELEASE.jar:/home/user/.m2/repository/org/xerial/sqlite-jdbc/3.25.2/sqlite-jdbc-3.25.2.jar:/home/user/.m2/repository/org/springframework/spring-jdbc/5.1.3.RELEASE/spring-jdbc-5.1.3.RELEASE.jar:/home/user/.m2/repository/org/springframework/spring-beans/5.1.3.RELEASE/spring-beans-5.1.3.RELEASE.jar:/home/user/.m2/repository/org/springframework/spring-core/5.1.3.RELEASE/spring-core-5.1.3.RELEASE.jar:/home/user/.m2/repository/org/springframework/spring-jcl/5.1.3.RELEASE/spring-jcl-5.1.3.RELEASE.jar:/home/user/.m2/repository/org/springframework/spring-tx/5.1.3.RELEASE/spring-tx-5.1.3.RELEASE.jar:/home/user/.m2/repository/org/apache/hadoop/hadoop-ozone-client/0.5.0-SNAPSHOT/hadoop-ozone-client-0.5.0-SNAPSHOT.jar:/home/user/.m2/repository/commons-lang/commons-lang/2.6/commons-lang-2.6.jar:/home/user/.m2/repository/org/apache/hadoop/hadoop-ozone-ozone-manager/0.5.0-SNAPSHOT/hadoop-ozone-ozone-manager-0.5.0-SNAPSHOT-tests.jar:/home/user/.m2/repository/junit/junit/4.11/junit-4.11.jar:/home/user/.m2/repository/org/hamcrest/hamcrest-core/1.3/hamcrest-core-1.3.jar:/home/user/.m2/repository/org/openjdk/jmh/jmh-core/1.19/jmh-core-1.19.jar:/home/user/.m2/repository/net/sf/jopt-simple/jopt-simple/4.6/jopt-simple-4.6.jar:/home/user/.m2/repository/org/apache/commons/commons-math3/3.1.1/commons-math3-3.1.1.jar:/home/user/.m2/repository/org/openjdk/jmh/jmh-generator-annprocess/1.19/jmh-generator-annprocess-1.19.jar:/home/user/.m2/repository/org/mockito/mockito-all/1.8.5/mockito-all-1.8.5.jar:/home/user/.m2/repository/org/apache/hadoop/hadoop-kms/3.2.0/hadoop-kms-3.2.0.jar:/home/user/.m2/repository/org/apache/hadoop/hadoop-auth/3.2.0/hadoop-auth-3.2.0.jar:/home/user/.m2/repository/com/nimbusds/nimbus-jose-jwt/4.41.1/nimbus-jose-jwt-4.41.1.jar:/home/user/.m2/repository/com/github/stephenc/jcip/jcip-annotations/1.0-1/jcip-annotations-1.0-1.jar:/home/user/.m2/repository/net/minidev/json-smart/2.3/json-smart-2.3.jar:/home/user/.m2/repository/net/minidev/accessors-smart/1.2/accessors-smart-1.2.jar:/home/user/.m2/repository/org/ow2/asm/asm/5.0.4/asm-5.0.4.jar:/home/user/.m2/repository/org/apache/curator/curator-framework/2.12.0/curator-framework-2.12.0.jar:/home/user/.m2/repository/com/sun/jersey/jersey-core/1.19/jersey-core-1.19.jar:/home/user/.m2/repository/javax/ws/rs/jsr311-api/1.1.1/jsr311-api-1.1.1.jar:/home/user/.m2/repository/com/sun/jersey/jersey-server/1.19/jersey-server-1.19.jar:/home/user/.m2/repository/javax/servlet/javax.servlet-api/3.1.0/javax.servlet-api-3.1.0.jar:/home/user/.m2/repository/org/eclipse/jetty/jetty-server/9.3.25.v20180904/jetty-server-9.3.25.v20180904.jar:/home/user/.m2/repository/org/eclipse/jetty/jetty-http/9.3.25.v20180904/jetty-http-9.3.25.v20180904.jar:/home/user/.m2/repository/org/eclipse/jetty/jetty-io/9.3.25.v20180904/jetty-io-9.3.25.v20180904.jar:/home/user/.m2/repository/org/eclipse/jetty/jetty-webapp/9.3.25.v20180904/jetty-webapp-9.3.25.v20180904.jar:/home/user/.m2/repository/org/eclipse/jetty/jetty-xml/9.3.25.v20180904/jetty-xml-9.3.25.v20180904.jar:/home/user/.m2/repository/log4j/log4j/1.2.17/log4j-1.2.17.jar:/home/user/.m2/repository/org/slf4j/slf4j-api/1.7.25/slf4j-api-1.7.25.jar:/home/user/.m2/repository/org/slf4j/jul-to-slf4j/1.7.25/jul-to-slf4j-1.7.25.jar:/home/user/.m2/repository/org/eclipse/jetty/jetty-util/9.3.25.v20180904/jetty-util-9.3.25.v20180904.jar:/home/user/.m2/repository/com/fasterxml/jackson/core/jackson-databind/2.9.9/jackson-databind-2.9.9.jar:/home/user/.m2/repository/org/apache/hadoop/hadoop-kms/3.2.0/hadoop-kms-3.2.0-tests.jar:/home/user/.m2/repository/org/apache/hadoop/hadoop-hdds-server-scm/0.5.0-SNAPSHOT/hadoop-hdds-server-scm-0.5.0-SNAPSHOT-tests.jar:/home/user/.m2/repository/org/apache/hadoop/hadoop-hdds-container-service/0.5.0-SNAPSHOT/hadoop-hdds-container-service-0.5.0-SNAPSHOT-tests.jar:/home/user/.m2/repository/org/yaml/snakeyaml/1.16/snakeyaml-1.16.jar:/home/user/.m2/repository/org/apache/hadoop/hadoop-common/3.2.0/hadoop-common-3.2.0-tests.jar:/home/user/.m2/repository/org/apache/hadoop/hadoop-annotations/3.2.0/hadoop-annotations-3.2.0.jar:/usr/lib/jvm/java-1.8.0-openjdk-1.8.0.222.b10-1.el7_7.x86_64/jre/../lib/tools.jar:/home/user/.m2/repository/commons-cli/commons-cli/1.2/commons-cli-1.2.jar:/home/user/.m2/repository/org/apache/httpcomponents/httpclient/4.5.2/httpclient-4.5.2.jar:/home/user/.m2/repository/org/apache/httpcomponents/httpcore/4.4.4/httpcore-4.4.4.jar:/home/user/.m2/repository/commons-codec/commons-codec/1.11/commons-codec-1.11.jar:/home/user/.m2/repository/commons-net/commons-net/3.6/commons-net-3.6.jar:/home/user/.m2/repository/commons-collections/commons-collections/3.2.2/commons-collections-3.2.2.jar:/home/user/.m2/repository/org/eclipse/jetty/jetty-servlet/9.3.25.v20180904/jetty-servlet-9.3.25.v20180904.jar:/home/user/.m2/repository/org/eclipse/jetty/jetty-security/9.3.25.v20180904/jetty-security-9.3.25.v20180904.jar:/home/user/.m2/repository/javax/servlet/jsp/jsp-api/2.1/jsp-api-2.1.jar:/home/user/.m2/repository/com/sun/jersey/jersey-servlet/1.19/jersey-servlet-1.19.jar:/home/user/.m2/repository/com/sun/jersey/jersey-json/1.19/jersey-json-1.19.jar:/home/user/.m2/repository/org/codehaus/jettison/jettison/1.1/jettison-1.1.jar:/home/user/.m2/repository/org/codehaus/jackson/jackson-core-asl/1.9.13/jackson-core-asl-1.9.13.jar:/home/user/.m2/repository/org/codehaus/jackson/jackson-mapper-asl/1.9.13/jackson-mapper-asl-1.9.13.jar:/home/user/.m2/repository/org/codehaus/jackson/jackson-jaxrs/1.9.13/jackson-jaxrs-1.9.13.jar:/home/user/.m2/repository/org/codehaus/jackson/jackson-xc/1.9.13/jackson-xc-1.9.13.jar:/home/user/.m2/repository/commons-logging/commons-logging/1.1.3/commons-logging-1.1.3.jar:/home/user/.m2/repository/commons-beanutils/commons-beanutils/1.9.4/commons-beanutils-1.9.4.jar:/home/user/.m2/repository/org/apache/commons/commons-configuration2/2.1.1/commons-configuration2-2.1.1.jar:/home/user/.m2/repository/org/apache/commons/commons-lang3/3.7/commons-lang3-3.7.jar:/home/user/.m2/repository/org/apache/commons/commons-text/1.4/commons-text-1.4.jar:/home/user/.m2/repository/org/apache/avro/avro/1.7.7/avro-1.7.7.jar:/home/user/.m2/repository/com/thoughtworks/paranamer/paranamer/2.3/paranamer-2.3.jar:/home/user/.m2/repository/org/xerial/snappy/snappy-java/1.0.5/snappy-java-1.0.5.jar:/home/user/.m2/repository/com/google/re2j/re2j/1.1/re2j-1.1.jar:/home/user/.m2/repository/com/google/code/gson/gson/2.2.4/gson-2.2.4.jar:/home/user/.m2/repository/com/jcraft/jsch/0.1.54/jsch-0.1.54.jar:/home/user/.m2/repository/org/apache/curator/curator-client/2.12.0/curator-client-2.12.0.jar:/home/user/.m2/repository/org/apache/curator/curator-recipes/2.12.0/curator-recipes-2.12.0.jar:/home/user/.m2/repository/com/google/code/findbugs/jsr305/3.0.0/jsr305-3.0.0.jar:/home/user/.m2/repository/org/apache/htrace/htrace-core4/4.1.0-incubating/htrace-core4-4.1.0-incubating.jar:/home/user/.m2/repository/org/apache/zookeeper/zookeeper/3.4.13/zookeeper-3.4.13.jar:/home/user/.m2/repository/jline/jline/0.9.94/jline-0.9.94.jar:/home/user/.m2/repository/org/apache/yetus/audience-annotations/0.5.0/audience-annotations-0.5.0.jar:/home/user/.m2/repository/org/codehaus/woodstox/stax2-api/3.1.4/stax2-api-3.1.4.jar:/home/user/.m2/repository/com/fasterxml/woodstox/woodstox-core/5.0.3/woodstox-core-5.0.3.jar:/home/user/.m2/repository/dnsjava/dnsjava/2.1.7/dnsjava-2.1.7.jar:/home/user/.m2/repository/org/apache/hadoop/hadoop-hdfs/3.2.0/hadoop-hdfs-3.2.0-tests.jar:/home/user/.m2/repository/org/eclipse/jetty/jetty-util-ajax/9.3.25.v20180904/jetty-util-ajax-9.3.25.v20180904.jar:/home/user/.m2/repository/commons-daemon/commons-daemon/1.0.13/commons-daemon-1.0.13.jar:/home/user/.m2/repository/io/netty/netty/3.10.5.Final/netty-3.10.5.Final.jar:/home/user/.m2/repository/io/netty/netty-all/4.0.52.Final/netty-all-4.0.52.Final.jar:/home/user/.m2/repository/org/fusesource/leveldbjni/leveldbjni-all/1.8/leveldbjni-all-1.8.jar:"/>
    <property name="java.vm.vendor" value="Oracle Corporation"/>
    <property name="sun.arch.data.model" value="64"/>
    <property name="test.build.dir" value="/workdir/hadoop-ozone/integration-test/target/test-dir"/>
    <property name="test.cache.data" value=""/>
    <property name="java.vendor.url" value="http://java.oracle.com/"/>
    <property name="user.timezone" value=""/>
    <property name="java.vm.specification.version" value="1.8"/>
    <property name="os.name" value="Linux"/>
    <property name="test.build.data" value="/workdir/hadoop-ozone/integration-test/target/test-dir"/>
    <property name="user.country" value="US"/>
    <property name="sun.java.launcher" value="SUN_STANDARD"/>
    <property name="sun.boot.library.path" value="/usr/lib/jvm/java-1.8.0-openjdk-1.8.0.222.b10-1.el7_7.x86_64/jre/lib/amd64"/>
    <property name="sun.java.command" value="/workdir/hadoop-ozone/integration-test/target/surefire/surefirebooter6670589674136145075.jar /workdir/hadoop-ozone/integration-test/target/surefire 2019-10-16T05-16-23_122-jvmRun1 surefire7024648497078510943tmp surefire_221309699724116486165tmp"/>
    <property name="surefire.test.class.path" value="/workdir/hadoop-ozone/integration-test/target/test-classes:/workdir/hadoop-ozone/integration-test/target/classes:/home/user/.m2/repository/org/apache/hadoop/hadoop-ozone-common/0.5.0-SNAPSHOT/hadoop-ozone-common-0.5.0-SNAPSHOT.jar:/home/user/.m2/repository/org/apache/commons/commons-compress/1.4.1/commons-compress-1.4.1.jar:/home/user/.m2/repository/org/tukaani/xz/1.0/xz-1.0.jar:/home/user/.m2/repository/org/apache/hadoop/hadoop-common/3.2.0/hadoop-common-3.2.0.jar:/home/user/.m2/repository/org/apache/hadoop/hadoop-hdfs/3.2.0/hadoop-hdfs-3.2.0.jar:/home/user/.m2/repository/org/apache/hadoop/hadoop-hdfs-client/3.2.0/hadoop-hdfs-client-3.2.0.jar:/home/user/.m2/repository/com/fasterxml/jackson/core/jackson-annotations/2.9.9/jackson-annotations-2.9.9.jar:/home/user/.m2/repository/org/apache/hadoop/hadoop-hdds-common/0.5.0-SNAPSHOT/hadoop-hdds-common-0.5.0-SNAPSHOT.jar:/home/user/.m2/repository/javax/annotation/javax.annotation-api/1.2/javax.annotation-api-1.2.jar:/home/user/.m2/repository/org/apache/ratis/ratis-server/0.5.0-3f446aa-SNAPSHOT/ratis-server-0.5.0-3f446aa-SNAPSHOT.jar:/home/user/.m2/repository/org/apache/ratis/ratis-thirdparty-misc/0.2.0/ratis-thirdparty-misc-0.2.0.jar:/home/user/.m2/repository/org/apache/ratis/ratis-proto/0.5.0-3f446aa-SNAPSHOT/ratis-proto-0.5.0-3f446aa-SNAPSHOT.jar:/home/user/.m2/repository/org/apache/ratis/ratis-common/0.5.0-3f446aa-SNAPSHOT/ratis-common-0.5.0-3f446aa-SNAPSHOT.jar:/home/user/.m2/repository/org/apache/ratis/ratis-client/0.5.0-3f446aa-SNAPSHOT/ratis-client-0.5.0-3f446aa-SNAPSHOT.jar:/home/user/.m2/repository/org/apache/ratis/ratis-metrics/0.5.0-3f446aa-SNAPSHOT/ratis-metrics-0.5.0-3f446aa-SNAPSHOT.jar:/home/user/.m2/repository/com/github/joshelser/dropwizard-metrics-hadoop-metrics2-reporter/0.1.2/dropwizard-metrics-hadoop-metrics2-reporter-0.1.2.jar:/home/user/.m2/repository/io/dropwizard/metrics/metrics-jvm/3.2.5/metrics-jvm-3.2.5.jar:/home/user/.m2/repository/io/dropwizard/metrics/metrics-ganglia/3.2.5/metrics-ganglia-3.2.5.jar:/home/user/.m2/repository/info/ganglia/gmetric4j/gmetric4j/1.0.7/gmetric4j-1.0.7.jar:/home/user/.m2/repository/org/apache/ratis/ratis-netty/0.5.0-3f446aa-SNAPSHOT/ratis-netty-0.5.0-3f446aa-SNAPSHOT.jar:/home/user/.m2/repository/org/apache/ratis/ratis-grpc/0.5.0-3f446aa-SNAPSHOT/ratis-grpc-0.5.0-3f446aa-SNAPSHOT.jar:/home/user/.m2/repository/org/rocksdb/rocksdbjni/6.0.1/rocksdbjni-6.0.1.jar:/home/user/.m2/repository/org/apache/logging/log4j/log4j-api/2.11.0/log4j-api-2.11.0.jar:/home/user/.m2/repository/org/apache/logging/log4j/log4j-core/2.11.0/log4j-core-2.11.0.jar:/home/user/.m2/repository/com/lmax/disruptor/3.4.2/disruptor-3.4.2.jar:/home/user/.m2/repository/org/apache/commons/commons-pool2/2.6.0/commons-pool2-2.6.0.jar:/home/user/.m2/repository/org/bouncycastle/bcpkix-jdk15on/1.60/bcpkix-jdk15on-1.60.jar:/home/user/.m2/repository/commons-validator/commons-validator/1.6/commons-validator-1.6.jar:/home/user/.m2/repository/commons-digester/commons-digester/1.8.1/commons-digester-1.8.1.jar:/home/user/.m2/repository/io/jaegertracing/jaeger-client/0.34.0/jaeger-client-0.34.0.jar:/home/user/.m2/repository/io/jaegertracing/jaeger-thrift/0.34.0/jaeger-thrift-0.34.0.jar:/home/user/.m2/repository/org/apache/thrift/libthrift/0.12.0/libthrift-0.12.0.jar:/home/user/.m2/repository/com/squareup/okhttp3/okhttp/3.9.0/okhttp-3.9.0.jar:/home/user/.m2/repository/com/squareup/okio/okio/1.13.0/okio-1.13.0.jar:/home/user/.m2/repository/io/jaegertracing/jaeger-core/0.34.0/jaeger-core-0.34.0.jar:/home/user/.m2/repository/io/jaegertracing/jaeger-tracerresolver/0.34.0/jaeger-tracerresolver-0.34.0.jar:/home/user/.m2/repository/io/opentracing/contrib/opentracing-tracerresolver/0.1.5/opentracing-tracerresolver-0.1.5.jar:/home/user/.m2/repository/io/opentracing/opentracing-util/0.31.0/opentracing-util-0.31.0.jar:/home/user/.m2/repository/io/opentracing/opentracing-api/0.31.0/opentracing-api-0.31.0.jar:/home/user/.m2/repository/io/opentracing/opentracing-noop/0.31.0/opentracing-noop-0.31.0.jar:/home/user/.m2/repository/org/apache/hadoop/hadoop-hdds-server-framework/0.5.0-SNAPSHOT/hadoop-hdds-server-framework-0.5.0-SNAPSHOT.jar:/home/user/.m2/repository/org/apache/hadoop/hadoop-hdds-container-service/0.5.0-SNAPSHOT/hadoop-hdds-container-service-0.5.0-SNAPSHOT.jar:/home/user/.m2/repository/org/apache/hadoop/hadoop-hdds-client/0.5.0-SNAPSHOT/hadoop-hdds-client-0.5.0-SNAPSHOT.jar:/home/user/.m2/repository/org/apache/hadoop/hadoop-hdds-tools/0.5.0-SNAPSHOT/hadoop-hdds-tools-0.5.0-SNAPSHOT.jar:/home/user/.m2/repository/org/apache/hadoop/hadoop-hdds-server-scm/0.5.0-SNAPSHOT/hadoop-hdds-server-scm-0.5.0-SNAPSHOT.jar:/home/user/.m2/repository/org/apache/hadoop/hadoop-hdds-docs/0.5.0-SNAPSHOT/hadoop-hdds-docs-0.5.0-SNAPSHOT.jar:/home/user/.m2/repository/io/dropwizard/metrics/metrics-core/3.2.4/metrics-core-3.2.4.jar:/home/user/.m2/repository/org/hamcrest/hamcrest-all/1.3/hamcrest-all-1.3.jar:/home/user/.m2/repository/org/bouncycastle/bcprov-jdk15on/1.60/bcprov-jdk15on-1.60.jar:/home/user/.m2/repository/info/picocli/picocli/3.9.6/picocli-3.9.6.jar:/home/user/.m2/repository/com/google/protobuf/protobuf-java/2.5.0/protobuf-java-2.5.0.jar:/home/user/.m2/repository/com/google/guava/guava/11.0.2/guava-11.0.2.jar:/home/user/.m2/repository/org/apache/hadoop/hadoop-ozone-ozone-manager/0.5.0-SNAPSHOT/hadoop-ozone-ozone-manager-0.5.0-SNAPSHOT.jar:/home/user/.m2/repository/org/apache/hadoop/hadoop-minikdc/3.2.0/hadoop-minikdc-3.2.0.jar:/home/user/.m2/repository/commons-io/commons-io/2.5/commons-io-2.5.jar:/home/user/.m2/repository/org/apache/kerby/kerb-simplekdc/1.0.1/kerb-simplekdc-1.0.1.jar:/home/user/.m2/repository/org/apache/kerby/kerb-client/1.0.1/kerb-client-1.0.1.jar:/home/user/.m2/repository/org/apache/kerby/kerby-config/1.0.1/kerby-config-1.0.1.jar:/home/user/.m2/repository/org/apache/kerby/kerb-core/1.0.1/kerb-core-1.0.1.jar:/home/user/.m2/repository/org/apache/kerby/kerby-pkix/1.0.1/kerby-pkix-1.0.1.jar:/home/user/.m2/repository/org/apache/kerby/kerby-asn1/1.0.1/kerby-asn1-1.0.1.jar:/home/user/.m2/repository/org/apache/kerby/kerby-util/1.0.1/kerby-util-1.0.1.jar:/home/user/.m2/repository/org/apache/kerby/kerb-common/1.0.1/kerb-common-1.0.1.jar:/home/user/.m2/repository/org/apache/kerby/kerb-crypto/1.0.1/kerb-crypto-1.0.1.jar:/home/user/.m2/repository/org/apache/kerby/kerb-util/1.0.1/kerb-util-1.0.1.jar:/home/user/.m2/repository/org/apache/kerby/token-provider/1.0.1/token-provider-1.0.1.jar:/home/user/.m2/repository/org/apache/kerby/kerb-admin/1.0.1/kerb-admin-1.0.1.jar:/home/user/.m2/repository/org/apache/kerby/kerb-server/1.0.1/kerb-server-1.0.1.jar:/home/user/.m2/repository/org/apache/kerby/kerb-identity/1.0.1/kerb-identity-1.0.1.jar:/home/user/.m2/repository/org/apache/kerby/kerby-xdr/1.0.1/kerby-xdr-1.0.1.jar:/home/user/.m2/repository/org/slf4j/slf4j-log4j12/1.7.25/slf4j-log4j12-1.7.25.jar:/home/user/.m2/repository/org/apache/hadoop/hadoop-ozone-s3gateway/0.5.0-SNAPSHOT/hadoop-ozone-s3gateway-0.5.0-SNAPSHOT.jar:/home/user/.m2/repository/org/jboss/weld/servlet/weld-servlet/2.4.7.Final/weld-servlet-2.4.7.Final.jar:/home/user/.m2/repository/org/glassfish/jersey/containers/jersey-container-servlet-core/2.27/jersey-container-servlet-core-2.27.jar:/home/user/.m2/repository/org/glassfish/hk2/external/javax.inject/2.5.0-b42/javax.inject-2.5.0-b42.jar:/home/user/.m2/repository/org/glassfish/jersey/core/jersey-common/2.27/jersey-common-2.27.jar:/home/user/.m2/repository/org/glassfish/hk2/osgi-resource-locator/1.0.1/osgi-resource-locator-1.0.1.jar:/home/user/.m2/repository/javax/ws/rs/javax.ws.rs-api/2.1/javax.ws.rs-api-2.1.jar:/home/user/.m2/repository/org/glassfish/jersey/ext/cdi/jersey-cdi1x/2.27/jersey-cdi1x-2.27.jar:/home/user/.m2/repository/org/glassfish/jersey/inject/jersey-hk2/2.27/jersey-hk2-2.27.jar:/home/user/.m2/repository/org/glassfish/hk2/hk2-locator/2.5.0-b42/hk2-locator-2.5.0-b42.jar:/home/user/.m2/repository/org/javassist/javassist/3.22.0-CR2/javassist-3.22.0-CR2.jar:/home/user/.m2/repository/org/glassfish/hk2/hk2-api/2.5.0/hk2-api-2.5.0.jar:/home/user/.m2/repository/org/glassfish/hk2/external/jakarta.inject/2.5.0/jakarta.inject-2.5.0.jar:/home/user/.m2/repository/org/glassfish/hk2/hk2-utils/2.5.0/hk2-utils-2.5.0.jar:/home/user/.m2/repository/jakarta/annotation/jakarta.annotation-api/1.3.4/jakarta.annotation-api-1.3.4.jar:/home/user/.m2/repository/org/glassfish/hk2/external/aopalliance-repackaged/2.5.0/aopalliance-repackaged-2.5.0.jar:/home/user/.m2/repository/com/fasterxml/jackson/dataformat/jackson-dataformat-xml/2.9.0/jackson-dataformat-xml-2.9.0.jar:/home/user/.m2/repository/com/fasterxml/jackson/core/jackson-core/2.9.9/jackson-core-2.9.9.jar:/home/user/.m2/repository/com/fasterxml/jackson/module/jackson-module-jaxb-annotations/2.9.9/jackson-module-jaxb-annotations-2.9.9.jar:/home/user/.m2/repository/javax/enterprise/cdi-api/1.2/cdi-api-1.2.jar:/home/user/.m2/repository/javax/el/javax.el-api/3.0.0/javax.el-api-3.0.0.jar:/home/user/.m2/repository/javax/interceptor/javax.interceptor-api/1.2/javax.interceptor-api-1.2.jar:/home/user/.m2/repository/javax/inject/javax.inject/1/javax.inject-1.jar:/home/user/.m2/repository/com/sun/xml/bind/jaxb-impl/2.3.0.1/jaxb-impl-2.3.0.1.jar:/home/user/.m2/repository/com/sun/xml/bind/jaxb-core/2.3.0.1/jaxb-core-2.3.0.1.jar:/home/user/.m2/repository/javax/xml/bind/jaxb-api/2.3.0/jaxb-api-2.3.0.jar:/home/user/.m2/repository/javax/activation/activation/1.1.1/activation-1.1.1.jar:/home/user/.m2/repository/org/apache/hadoop/hadoop-ozone-csi/0.5.0-SNAPSHOT/hadoop-ozone-csi-0.5.0-SNAPSHOT.jar:/home/user/.m2/repository/com/google/protobuf/protobuf-java-util/3.5.1/protobuf-java-util-3.5.1.jar:/home/user/.m2/repository/org/apache/hadoop/hadoop-hdds-config/0.5.0-SNAPSHOT/hadoop-hdds-config-0.5.0-SNAPSHOT.jar:/home/user/.m2/repository/io/grpc/grpc-netty/1.17.1/grpc-netty-1.17.1.jar:/home/user/.m2/repository/io/grpc/grpc-core/1.17.1/grpc-core-1.17.1.jar:/home/user/.m2/repository/io/grpc/grpc-context/1.17.1/grpc-context-1.17.1.jar:/home/user/.m2/repository/com/google/errorprone/error_prone_annotations/2.2.0/error_prone_annotations-2.2.0.jar:/home/user/.m2/repository/org/codehaus/mojo/animal-sniffer-annotations/1.17/animal-sniffer-annotations-1.17.jar:/home/user/.m2/repository/io/opencensus/opencensus-api/0.17.0/opencensus-api-0.17.0.jar:/home/user/.m2/repository/io/opencensus/opencensus-contrib-grpc-metrics/0.17.0/opencensus-contrib-grpc-metrics-0.17.0.jar:/home/user/.m2/repository/io/netty/netty-codec-http2/4.1.30.Final/netty-codec-http2-4.1.30.Final.jar:/home/user/.m2/repository/io/netty/netty-codec-http/4.1.30.Final/netty-codec-http-4.1.30.Final.jar:/home/user/.m2/repository/io/netty/netty-codec/4.1.30.Final/netty-codec-4.1.30.Final.jar:/home/user/.m2/repository/io/netty/netty-handler/4.1.30.Final/netty-handler-4.1.30.Final.jar:/home/user/.m2/repository/io/netty/netty-handler-proxy/4.1.30.Final/netty-handler-proxy-4.1.30.Final.jar:/home/user/.m2/repository/io/netty/netty-codec-socks/4.1.30.Final/netty-codec-socks-4.1.30.Final.jar:/home/user/.m2/repository/io/netty/netty-transport-native-epoll/4.1.30.Final/netty-transport-native-epoll-4.1.30.Final.jar:/home/user/.m2/repository/io/netty/netty-common/4.1.30.Final/netty-common-4.1.30.Final.jar:/home/user/.m2/repository/io/netty/netty-buffer/4.1.30.Final/netty-buffer-4.1.30.Final.jar:/home/user/.m2/repository/io/netty/netty-transport/4.1.30.Final/netty-transport-4.1.30.Final.jar:/home/user/.m2/repository/io/netty/netty-resolver/4.1.30.Final/netty-resolver-4.1.30.Final.jar:/home/user/.m2/repository/io/netty/netty-transport-native-unix-common/4.1.30.Final/netty-transport-native-unix-common-4.1.30.Final.jar:/home/user/.m2/repository/io/grpc/grpc-protobuf/1.17.1/grpc-protobuf-1.17.1.jar:/home/user/.m2/repository/com/google/api/grpc/proto-google-common-protos/1.0.0/proto-google-common-protos-1.0.0.jar:/home/user/.m2/repository/io/grpc/grpc-protobuf-lite/1.17.1/grpc-protobuf-lite-1.17.1.jar:/home/user/.m2/repository/io/grpc/grpc-stub/1.17.1/grpc-stub-1.17.1.jar:/home/user/.m2/repository/org/apache/hadoop/hadoop-ozone-recon/0.5.0-SNAPSHOT/hadoop-ozone-recon-0.5.0-SNAPSHOT.jar:/home/user/.m2/repository/org/apache/hadoop/hadoop-ozone-reconcodegen/0.5.0-SNAPSHOT/hadoop-ozone-reconcodegen-0.5.0-SNAPSHOT.jar:/home/user/.m2/repository/com/google/inject/extensions/guice-multibindings/4.0/guice-multibindings-4.0.jar:/home/user/.m2/repository/com/google/inject/guice/4.0/guice-4.0.jar:/home/user/.m2/repository/aopalliance/aopalliance/1.0/aopalliance-1.0.jar:/home/user/.m2/repository/com/google/inject/extensions/guice-servlet/4.0/guice-servlet-4.0.jar:/home/user/.m2/repository/org/glassfish/jersey/containers/jersey-container-servlet/2.27/jersey-container-servlet-2.27.jar:/home/user/.m2/repository/org/glassfish/hk2/guice-bridge/2.5.0/guice-bridge-2.5.0.jar:/home/user/.m2/repository/org/glassfish/jersey/core/jersey-server/2.27/jersey-server-2.27.jar:/home/user/.m2/repository/org/glassfish/jersey/core/jersey-client/2.27/jersey-client-2.27.jar:/home/user/.m2/repository/org/glassfish/jersey/media/jersey-media-jaxb/2.27/jersey-media-jaxb-2.27.jar:/home/user/.m2/repository/javax/validation/validation-api/1.1.0.Final/validation-api-1.1.0.Final.jar:/home/user/.m2/repository/org/glassfish/jersey/media/jersey-media-json-jackson/2.27/jersey-media-json-jackson-2.27.jar:/home/user/.m2/repository/org/glassfish/jersey/ext/jersey-entity-filtering/2.27/jersey-entity-filtering-2.27.jar:/home/user/.m2/repository/com/google/inject/extensions/guice-assistedinject/4.0/guice-assistedinject-4.0.jar:/home/user/.m2/repository/org/jooq/jooq/3.11.10/jooq-3.11.10.jar:/home/user/.m2/repository/org/jooq/jooq-meta/3.11.10/jooq-meta-3.11.10.jar:/home/user/.m2/repository/org/jooq/jooq-codegen/3.11.10/jooq-codegen-3.11.10.jar:/home/user/.m2/repository/com/jolbox/bonecp/0.8.0.RELEASE/bonecp-0.8.0.RELEASE.jar:/home/user/.m2/repository/org/xerial/sqlite-jdbc/3.25.2/sqlite-jdbc-3.25.2.jar:/home/user/.m2/repository/org/springframework/spring-jdbc/5.1.3.RELEASE/spring-jdbc-5.1.3.RELEASE.jar:/home/user/.m2/repository/org/springframework/spring-beans/5.1.3.RELEASE/spring-beans-5.1.3.RELEASE.jar:/home/user/.m2/repository/org/springframework/spring-core/5.1.3.RELEASE/spring-core-5.1.3.RELEASE.jar:/home/user/.m2/repository/org/springframework/spring-jcl/5.1.3.RELEASE/spring-jcl-5.1.3.RELEASE.jar:/home/user/.m2/repository/org/springframework/spring-tx/5.1.3.RELEASE/spring-tx-5.1.3.RELEASE.jar:/home/user/.m2/repository/org/apache/hadoop/hadoop-ozone-client/0.5.0-SNAPSHOT/hadoop-ozone-client-0.5.0-SNAPSHOT.jar:/home/user/.m2/repository/commons-lang/commons-lang/2.6/commons-lang-2.6.jar:/home/user/.m2/repository/org/apache/hadoop/hadoop-ozone-ozone-manager/0.5.0-SNAPSHOT/hadoop-ozone-ozone-manager-0.5.0-SNAPSHOT-tests.jar:/home/user/.m2/repository/junit/junit/4.11/junit-4.11.jar:/home/user/.m2/repository/org/hamcrest/hamcrest-core/1.3/hamcrest-core-1.3.jar:/home/user/.m2/repository/org/openjdk/jmh/jmh-core/1.19/jmh-core-1.19.jar:/home/user/.m2/repository/net/sf/jopt-simple/jopt-simple/4.6/jopt-simple-4.6.jar:/home/user/.m2/repository/org/apache/commons/commons-math3/3.1.1/commons-math3-3.1.1.jar:/home/user/.m2/repository/org/openjdk/jmh/jmh-generator-annprocess/1.19/jmh-generator-annprocess-1.19.jar:/home/user/.m2/repository/org/mockito/mockito-all/1.8.5/mockito-all-1.8.5.jar:/home/user/.m2/repository/org/apache/hadoop/hadoop-kms/3.2.0/hadoop-kms-3.2.0.jar:/home/user/.m2/repository/org/apache/hadoop/hadoop-auth/3.2.0/hadoop-auth-3.2.0.jar:/home/user/.m2/repository/com/nimbusds/nimbus-jose-jwt/4.41.1/nimbus-jose-jwt-4.41.1.jar:/home/user/.m2/repository/com/github/stephenc/jcip/jcip-annotations/1.0-1/jcip-annotations-1.0-1.jar:/home/user/.m2/repository/net/minidev/json-smart/2.3/json-smart-2.3.jar:/home/user/.m2/repository/net/minidev/accessors-smart/1.2/accessors-smart-1.2.jar:/home/user/.m2/repository/org/ow2/asm/asm/5.0.4/asm-5.0.4.jar:/home/user/.m2/repository/org/apache/curator/curator-framework/2.12.0/curator-framework-2.12.0.jar:/home/user/.m2/repository/com/sun/jersey/jersey-core/1.19/jersey-core-1.19.jar:/home/user/.m2/repository/javax/ws/rs/jsr311-api/1.1.1/jsr311-api-1.1.1.jar:/home/user/.m2/repository/com/sun/jersey/jersey-server/1.19/jersey-server-1.19.jar:/home/user/.m2/repository/javax/servlet/javax.servlet-api/3.1.0/javax.servlet-api-3.1.0.jar:/home/user/.m2/repository/org/eclipse/jetty/jetty-server/9.3.25.v20180904/jetty-server-9.3.25.v20180904.jar:/home/user/.m2/repository/org/eclipse/jetty/jetty-http/9.3.25.v20180904/jetty-http-9.3.25.v20180904.jar:/home/user/.m2/repository/org/eclipse/jetty/jetty-io/9.3.25.v20180904/jetty-io-9.3.25.v20180904.jar:/home/user/.m2/repository/org/eclipse/jetty/jetty-webapp/9.3.25.v20180904/jetty-webapp-9.3.25.v20180904.jar:/home/user/.m2/repository/org/eclipse/jetty/jetty-xml/9.3.25.v20180904/jetty-xml-9.3.25.v20180904.jar:/home/user/.m2/repository/log4j/log4j/1.2.17/log4j-1.2.17.jar:/home/user/.m2/repository/org/slf4j/slf4j-api/1.7.25/slf4j-api-1.7.25.jar:/home/user/.m2/repository/org/slf4j/jul-to-slf4j/1.7.25/jul-to-slf4j-1.7.25.jar:/home/user/.m2/repository/org/eclipse/jetty/jetty-util/9.3.25.v20180904/jetty-util-9.3.25.v20180904.jar:/home/user/.m2/repository/com/fasterxml/jackson/core/jackson-databind/2.9.9/jackson-databind-2.9.9.jar:/home/user/.m2/repository/org/apache/hadoop/hadoop-kms/3.2.0/hadoop-kms-3.2.0-tests.jar:/home/user/.m2/repository/org/apache/hadoop/hadoop-hdds-server-scm/0.5.0-SNAPSHOT/hadoop-hdds-server-scm-0.5.0-SNAPSHOT-tests.jar:/home/user/.m2/repository/org/apache/hadoop/hadoop-hdds-container-service/0.5.0-SNAPSHOT/hadoop-hdds-container-service-0.5.0-SNAPSHOT-tests.jar:/home/user/.m2/repository/org/yaml/snakeyaml/1.16/snakeyaml-1.16.jar:/home/user/.m2/repository/org/apache/hadoop/hadoop-common/3.2.0/hadoop-common-3.2.0-tests.jar:/home/user/.m2/repository/org/apache/hadoop/hadoop-annotations/3.2.0/hadoop-annotations-3.2.0.jar:/usr/lib/jvm/java-1.8.0-openjdk-1.8.0.222.b10-1.el7_7.x86_64/jre/../lib/tools.jar:/home/user/.m2/repository/commons-cli/commons-cli/1.2/commons-cli-1.2.jar:/home/user/.m2/repository/org/apache/httpcomponents/httpclient/4.5.2/httpclient-4.5.2.jar:/home/user/.m2/repository/org/apache/httpcomponents/httpcore/4.4.4/httpcore-4.4.4.jar:/home/user/.m2/repository/commons-codec/commons-codec/1.11/commons-codec-1.11.jar:/home/user/.m2/repository/commons-net/commons-net/3.6/commons-net-3.6.jar:/home/user/.m2/repository/commons-collections/commons-collections/3.2.2/commons-collections-3.2.2.jar:/home/user/.m2/repository/org/eclipse/jetty/jetty-servlet/9.3.25.v20180904/jetty-servlet-9.3.25.v20180904.jar:/home/user/.m2/repository/org/eclipse/jetty/jetty-security/9.3.25.v20180904/jetty-security-9.3.25.v20180904.jar:/home/user/.m2/repository/javax/servlet/jsp/jsp-api/2.1/jsp-api-2.1.jar:/home/user/.m2/repository/com/sun/jersey/jersey-servlet/1.19/jersey-servlet-1.19.jar:/home/user/.m2/repository/com/sun/jersey/jersey-json/1.19/jersey-json-1.19.jar:/home/user/.m2/repository/org/codehaus/jettison/jettison/1.1/jettison-1.1.jar:/home/user/.m2/repository/org/codehaus/jackson/jackson-core-asl/1.9.13/jackson-core-asl-1.9.13.jar:/home/user/.m2/repository/org/codehaus/jackson/jackson-mapper-asl/1.9.13/jackson-mapper-asl-1.9.13.jar:/home/user/.m2/repository/org/codehaus/jackson/jackson-jaxrs/1.9.13/jackson-jaxrs-1.9.13.jar:/home/user/.m2/repository/org/codehaus/jackson/jackson-xc/1.9.13/jackson-xc-1.9.13.jar:/home/user/.m2/repository/commons-logging/commons-logging/1.1.3/commons-logging-1.1.3.jar:/home/user/.m2/repository/commons-beanutils/commons-beanutils/1.9.4/commons-beanutils-1.9.4.jar:/home/user/.m2/repository/org/apache/commons/commons-configuration2/2.1.1/commons-configuration2-2.1.1.jar:/home/user/.m2/repository/org/apache/commons/commons-lang3/3.7/commons-lang3-3.7.jar:/home/user/.m2/repository/org/apache/commons/commons-text/1.4/commons-text-1.4.jar:/home/user/.m2/repository/org/apache/avro/avro/1.7.7/avro-1.7.7.jar:/home/user/.m2/repository/com/thoughtworks/paranamer/paranamer/2.3/paranamer-2.3.jar:/home/user/.m2/repository/org/xerial/snappy/snappy-java/1.0.5/snappy-java-1.0.5.jar:/home/user/.m2/repository/com/google/re2j/re2j/1.1/re2j-1.1.jar:/home/user/.m2/repository/com/google/code/gson/gson/2.2.4/gson-2.2.4.jar:/home/user/.m2/repository/com/jcraft/jsch/0.1.54/jsch-0.1.54.jar:/home/user/.m2/repository/org/apache/curator/curator-client/2.12.0/curator-client-2.12.0.jar:/home/user/.m2/repository/org/apache/curator/curator-recipes/2.12.0/curator-recipes-2.12.0.jar:/home/user/.m2/repository/com/google/code/findbugs/jsr305/3.0.0/jsr305-3.0.0.jar:/home/user/.m2/repository/org/apache/htrace/htrace-core4/4.1.0-incubating/htrace-core4-4.1.0-incubating.jar:/home/user/.m2/repository/org/apache/zookeeper/zookeeper/3.4.13/zookeeper-3.4.13.jar:/home/user/.m2/repository/jline/jline/0.9.94/jline-0.9.94.jar:/home/user/.m2/repository/org/apache/yetus/audience-annotations/0.5.0/audience-annotations-0.5.0.jar:/home/user/.m2/repository/org/codehaus/woodstox/stax2-api/3.1.4/stax2-api-3.1.4.jar:/home/user/.m2/repository/com/fasterxml/woodstox/woodstox-core/5.0.3/woodstox-core-5.0.3.jar:/home/user/.m2/repository/dnsjava/dnsjava/2.1.7/dnsjava-2.1.7.jar:/home/user/.m2/repository/org/apache/hadoop/hadoop-hdfs/3.2.0/hadoop-hdfs-3.2.0-tests.jar:/home/user/.m2/repository/org/eclipse/jetty/jetty-util-ajax/9.3.25.v20180904/jetty-util-ajax-9.3.25.v20180904.jar:/home/user/.m2/repository/commons-daemon/commons-daemon/1.0.13/commons-daemon-1.0.13.jar:/home/user/.m2/repository/io/netty/netty/3.10.5.Final/netty-3.10.5.Final.jar:/home/user/.m2/repository/io/netty/netty-all/4.0.52.Final/netty-all-4.0.52.Final.jar:/home/user/.m2/repository/org/fusesource/leveldbjni/leveldbjni-all/1.8/leveldbjni-all-1.8.jar:"/>
    <property name="sun.cpu.endian" value="little"/>
    <property name="user.home" value="/home/user"/>
    <property name="user.language" value="en"/>
    <property name="java.specification.vendor" value="Oracle Corporation"/>
    <property name="java.home" value="/usr/lib/jvm/java-1.8.0-openjdk-1.8.0.222.b10-1.el7_7.x86_64/jre"/>
    <property name="surefire.excludesFile" value="/tools/ozone-bad-unit-tests"/>
    <property name="java.security.krb5.conf" value="/workdir/hadoop-ozone/integration-test/target/test-classes/krb5.conf"/>
    <property name="basedir" value="/workdir/hadoop-ozone/integration-test"/>
    <property name="file.separator" value="/"/>
    <property name="line.separator" value="&#10;"/>
    <property name="java.vm.specification.vendor" value="Oracle Corporation"/>
    <property name="java.specification.name" value="Java Platform API Specification"/>
    <property name="java.awt.graphicsenv" value="sun.awt.X11GraphicsEnvironment"/>
    <property name="surefire.real.class.path" value="/workdir/hadoop-ozone/integration-test/target/surefire/surefirebooter6670589674136145075.jar"/>
    <property name="hadoop.log.dir" value="/workdir/hadoop-ozone/integration-test/target/log"/>
    <property name="sun.boot.class.path" value="/usr/lib/jvm/java-1.8.0-openjdk-1.8.0.222.b10-1.el7_7.x86_64/jre/lib/resources.jar:/usr/lib/jvm/java-1.8.0-openjdk-1.8.0.222.b10-1.el7_7.x86_64/jre/lib/rt.jar:/usr/lib/jvm/java-1.8.0-openjdk-1.8.0.222.b10-1.el7_7.x86_64/jre/lib/sunrsasign.jar:/usr/lib/jvm/java-1.8.0-openjdk-1.8.0.222.b10-1.el7_7.x86_64/jre/lib/jsse.jar:/usr/lib/jvm/java-1.8.0-openjdk-1.8.0.222.b10-1.el7_7.x86_64/jre/lib/jce.jar:/usr/lib/jvm/java-1.8.0-openjdk-1.8.0.222.b10-1.el7_7.x86_64/jre/lib/charsets.jar:/usr/lib/jvm/java-1.8.0-openjdk-1.8.0.222.b10-1.el7_7.x86_64/jre/lib/jfr.jar:/usr/lib/jvm/java-1.8.0-openjdk-1.8.0.222.b10-1.el7_7.x86_64/jre/classes"/>
    <property name="sun.management.compiler" value="HotSpot 64-Bit Tiered Compilers"/>
    <property name="java.runtime.version" value="1.8.0_222-b10"/>
    <property name="java.net.preferIPv4Stack" value="true"/>
    <property name="user.name" value="jenkins1000"/>
    <property name="path.separator" value=":"/>
    <property name="java.security.egd" value="file:///dev/urandom"/>
    <property name="os.version" value="3.10.0-957.12.2.el7.x86_64"/>
    <property name="java.endorsed.dirs" value="/usr/lib/jvm/java-1.8.0-openjdk-1.8.0.222.b10-1.el7_7.x86_64/jre/lib/endorsed"/>
    <property name="java.runtime.name" value="OpenJDK Runtime Environment"/>
    <property name="file.encoding" value="ANSI_X3.4-1968"/>
    <property name="java.vm.name" value="OpenJDK 64-Bit Server VM"/>
    <property name="test.build.webapps" value=""/>
    <property name="localRepository" value="/home/user/.m2/repository"/>
    <property name="java.vendor.url.bug" value="http://bugreport.sun.com/bugreport/"/>
    <property name="java.io.tmpdir" value="/tmp"/>
    <property name="require.test.libhadoop" value=""/>
    <property name="java.version" value="1.8.0_222"/>
    <property name="user.dir" value="/workdir/hadoop-ozone/integration-test"/>
    <property name="os.arch" value="amd64"/>
    <property name="java.vm.specification.name" value="Java Virtual Machine Specification"/>
    <property name="test.build.classes" value="/workdir/hadoop-ozone/integration-test/target/test-classes"/>
    <property name="java.awt.printerjob" value="sun.print.PSPrinterJob"/>
    <property name="sun.os.patch.level" value="unknown"/>
    <property name="hadoop.tmp.dir" value="/workdir/hadoop-ozone/integration-test/target/tmp"/>
    <property name="java.library.path" value="/usr/lib:/workdir/hadoop-ozone/integration-test/target/native/target/usr/local/lib:/workdir/hadoop-ozone/integration-test/../../hadoop-common-project/hadoop-common/target/native/target/usr/local/lib:/usr/java/packages/lib/amd64:/usr/lib64:/lib64:/lib:/usr/lib"/>
    <property name="java.vm.info" value="mixed mode"/>
    <property name="java.vendor" value="Oracle Corporation"/>
    <property name="java.vm.version" value="25.222-b10"/>
    <property name="java.ext.dirs" value="/usr/lib/jvm/java-1.8.0-openjdk-1.8.0.222.b10-1.el7_7.x86_64/jre/lib/ext:/usr/java/packages/lib/ext"/>
    <property name="sun.io.unicode.encoding" value="UnicodeLittle"/>
    <property name="java.class.version" value="52.0"/>
  </properties>
  <testcase name="testGetKeyAndFileWithNetworkTopology" classname="org.apache.hadoop.ozone.client.rpc.TestOzoneRpcClientWithRatis" time="0.956">
    <error message="java.lang.IllegalMonitorStateException: Releasing lock on resource /c4add90b-8987-42a5-8b8d-99879c3373f9/4f7d1c1b-188a-41d3-b189-7a99739b21bb without acquiring lock" type="INTERNAL_ERROR org.apache.hadoop.ozone.om.exceptions.OMException">INTERNAL_ERROR org.apache.hadoop.ozone.om.exceptions.OMException: java.lang.IllegalMonitorStateException: Releasing lock on resource /c4add90b-8987-42a5-8b8d-99879c3373f9/4f7d1c1b-188a-41d3-b189-7a99739b21bb without acquiring lock
	at org.apache.hadoop.ozone.om.protocolPB.OzoneManagerProtocolClientSideTranslatorPB.handleError(OzoneManagerProtocolClientSideTranslatorPB.java:732)
	at org.apache.hadoop.ozone.om.protocolPB.OzoneManagerProtocolClientSideTranslatorPB.commitKey(OzoneManagerProtocolClientSideTranslatorPB.java:789)
	at sun.reflect.NativeMethodAccessorImpl.invoke0(Native Method)
	at sun.reflect.NativeMethodAccessorImpl.invoke(NativeMethodAccessorImpl.java:62)
	at sun.reflect.DelegatingMethodAccessorImpl.invoke(DelegatingMethodAccessorImpl.java:43)
	at java.lang.reflect.Method.invoke(Method.java:498)
	at org.apache.hadoop.hdds.tracing.TraceAllMethod.invoke(TraceAllMethod.java:66)
	at com.sun.proxy.$Proxy38.commitKey(Unknown Source)
	at org.apache.hadoop.ozone.client.io.BlockOutputStreamEntryPool.commitKey(BlockOutputStreamEntryPool.java:277)
	at org.apache.hadoop.ozone.client.io.KeyOutputStream.close(KeyOutputStream.java:474)
	at org.apache.hadoop.ozone.client.io.OzoneOutputStream.close(OzoneOutputStream.java:60)
	at org.apache.hadoop.ozone.client.rpc.TestOzoneRpcClientWithRatis.testGetKeyAndFileWithNetworkTopology(TestOzoneRpcClientWithRatis.java:101)
	at sun.reflect.NativeMethodAccessorImpl.invoke0(Native Method)
	at sun.reflect.NativeMethodAccessorImpl.invoke(NativeMethodAccessorImpl.java:62)
	at sun.reflect.DelegatingMethodAccessorImpl.invoke(DelegatingMethodAccessorImpl.java:43)
	at java.lang.reflect.Method.invoke(Method.java:498)
	at org.junit.runners.model.FrameworkMethod$1.runReflectiveCall(FrameworkMethod.java:47)
	at org.junit.internal.runners.model.ReflectiveCallable.run(ReflectiveCallable.java:12)
	at org.junit.runners.model.FrameworkMethod.invokeExplosively(FrameworkMethod.java:44)
	at org.junit.internal.runners.statements.InvokeMethod.evaluate(InvokeMethod.java:17)
	at org.junit.runners.ParentRunner.runLeaf(ParentRunner.java:271)
	at org.junit.runners.BlockJUnit4ClassRunner.runChild(BlockJUnit4ClassRunner.java:70)
	at org.junit.runners.BlockJUnit4ClassRunner.runChild(BlockJUnit4ClassRunner.java:50)
	at org.junit.runners.ParentRunner$3.run(ParentRunner.java:238)
	at org.junit.runners.ParentRunner$1.schedule(ParentRunner.java:63)
	at org.junit.runners.ParentRunner.runChildren(ParentRunner.java:236)
	at org.junit.runners.ParentRunner.access$000(ParentRunner.java:53)
	at org.junit.runners.ParentRunner$2.evaluate(ParentRunner.java:229)
	at org.junit.internal.runners.statements.RunBefores.evaluate(RunBefores.java:26)
	at org.junit.internal.runners.statements.RunAfters.evaluate(RunAfters.java:27)
	at org.junit.runners.ParentRunner.run(ParentRunner.java:309)
	at org.apache.maven.surefire.junit4.JUnit4Provider.execute(JUnit4Provider.java:365)
	at org.apache.maven.surefire.junit4.JUnit4Provider.executeWithRerun(JUnit4Provider.java:273)
	at org.apache.maven.surefire.junit4.JUnit4Provider.executeTestSet(JUnit4Provider.java:238)
	at org.apache.maven.surefire.junit4.JUnit4Provider.invoke(JUnit4Provider.java:159)
	at org.apache.maven.surefire.booter.ForkedBooter.invokeProviderInSameClassLoader(ForkedBooter.java:384)
	at org.apache.maven.surefire.booter.ForkedBooter.runSuitesInProcess(ForkedBooter.java:345)
	at org.apache.maven.surefire.booter.ForkedBooter.execute(ForkedBooter.java:126)
	at org.apache.maven.surefire.booter.ForkedBooter.main(ForkedBooter.java:418)
</error>
    <system-out><![CDATA[2019-10-16 05:43:26,843 [main] WARN  server.ServerUtils (ServerUtils.java:getScmDbDir(145)) - ozone.scm.db.dirs is not configured. We recommend adding this setting. Falling back to ozone.metadata.dirs instead.
2019-10-16 05:43:26,960 [main] WARN  server.ServerUtils (ServerUtils.java:getScmDbDir(145)) - ozone.scm.db.dirs is not configured. We recommend adding this setting. Falling back to ozone.metadata.dirs instead.
2019-10-16 05:43:26,963 [main] WARN  server.ServerUtils (ServerUtils.java:getScmDbDir(145)) - ozone.scm.db.dirs is not configured. We recommend adding this setting. Falling back to ozone.metadata.dirs instead.
2019-10-16 05:43:26,988 [main] INFO  util.log (Log.java:initialized(192)) - Logging initialized @895ms
2019-10-16 05:43:27,083 [main] INFO  db.DBStoreBuilder (DBStoreBuilder.java:addTable(117)) - using custom profile for table: deletedBlocks
2019-10-16 05:43:27,084 [main] INFO  db.DBStoreBuilder (DBStoreBuilder.java:processTables(168)) - Using default column profile:DBProfile.DISK for Table:deletedBlocks
2019-10-16 05:43:27,084 [main] INFO  db.DBStoreBuilder (DBStoreBuilder.java:addTable(117)) - using custom profile for table: validCerts
2019-10-16 05:43:27,084 [main] INFO  db.DBStoreBuilder (DBStoreBuilder.java:processTables(168)) - Using default column profile:DBProfile.DISK for Table:validCerts
2019-10-16 05:43:27,085 [main] INFO  db.DBStoreBuilder (DBStoreBuilder.java:addTable(117)) - using custom profile for table: revokedCerts
2019-10-16 05:43:27,085 [main] INFO  db.DBStoreBuilder (DBStoreBuilder.java:processTables(168)) - Using default column profile:DBProfile.DISK for Table:revokedCerts
2019-10-16 05:43:27,096 [main] INFO  db.DBStoreBuilder (DBStoreBuilder.java:addTable(117)) - using custom profile for table: default
2019-10-16 05:43:27,096 [main] INFO  db.DBStoreBuilder (DBStoreBuilder.java:processTables(174)) - Using default column profile:DBProfile.DISK for Table:default
2019-10-16 05:43:27,097 [main] INFO  db.DBStoreBuilder (DBStoreBuilder.java:getDbProfile(205)) - Using default options. DBProfile.DISK
2019-10-16 05:43:27,390 [main] INFO  net.NodeSchemaLoader (NodeSchemaLoader.java:loadSchemaFromFile(125)) - Loading file from sun.misc.CompoundEnumeration@5aa9e4eb
2019-10-16 05:43:27,392 [main] INFO  net.NodeSchemaLoader (NodeSchemaLoader.java:loadSchema(171)) - Loading network topology layer schema file
2019-10-16 05:43:27,449 [main] WARN  server.ServerUtils (ServerUtils.java:sanitizeUserArgs(70)) - ozone.scm.stale.node.interval value = 300000 is larger than max = 100000 based on the key value of ozone.scm.heartbeat.thread.interval, reset to the max value 100000.
2019-10-16 05:43:27,451 [main] WARN  server.ServerUtils (ServerUtils.java:sanitizeUserArgs(70)) - ozone.scm.stale.node.interval value = 300000 is larger than max = 100000 based on the key value of ozone.scm.heartbeat.thread.interval, reset to the max value 100000.
2019-10-16 05:43:27,453 [main] INFO  node.SCMNodeManager (SCMNodeManager.java:<init>(116)) - Entering startup safe mode.
2019-10-16 05:43:27,513 [main] INFO  algorithms.ContainerPlacementPolicyFactory (ContainerPlacementPolicyFactory.java:getPolicy(57)) - Create container placement policy of type org.apache.hadoop.hdds.scm.container.placement.algorithms.SCMContainerPlacementRandom
2019-10-16 05:43:27,526 [main] WARN  server.ServerUtils (ServerUtils.java:getScmDbDir(145)) - ozone.scm.db.dirs is not configured. We recommend adding this setting. Falling back to ozone.metadata.dirs instead.
2019-10-16 05:43:27,646 [main] INFO  pipeline.SCMPipelineManager (SCMPipelineManager.java:initializePipelineState(132)) - No pipeline exists in current db
2019-10-16 05:43:27,650 [main] WARN  server.ServerUtils (ServerUtils.java:getScmDbDir(145)) - ozone.scm.db.dirs is not configured. We recommend adding this setting. Falling back to ozone.metadata.dirs instead.
2019-10-16 05:43:27,801 [main] WARN  events.EventQueue (EventQueue.java:fireEvent(183)) - No event handler registered for event TypedEvent{payloadType=SafeModeStatus, name='SafeModeStatus'}
2019-10-16 05:43:28,162 [main] INFO  ipc.CallQueueManager (CallQueueManager.java:<init>(84)) - Using callQueue: class java.util.concurrent.LinkedBlockingQueue, queueCapacity: 2000, scheduler: class org.apache.hadoop.ipc.DefaultRpcScheduler, ipcBackoff: false.
2019-10-16 05:43:28,308 [Socket Reader #1 for port 32900] INFO  ipc.Server (Server.java:run(1074)) - Starting Socket Reader #1 for port 32900
2019-10-16 05:43:28,344 [main] INFO  ipc.CallQueueManager (CallQueueManager.java:<init>(84)) - Using callQueue: class java.util.concurrent.LinkedBlockingQueue, queueCapacity: 2000, scheduler: class org.apache.hadoop.ipc.DefaultRpcScheduler, ipcBackoff: false.
2019-10-16 05:43:28,345 [Socket Reader #1 for port 34341] INFO  ipc.Server (Server.java:run(1074)) - Starting Socket Reader #1 for port 34341
2019-10-16 05:43:28,355 [main] INFO  ipc.CallQueueManager (CallQueueManager.java:<init>(84)) - Using callQueue: class java.util.concurrent.LinkedBlockingQueue, queueCapacity: 2000, scheduler: class org.apache.hadoop.ipc.DefaultRpcScheduler, ipcBackoff: false.
2019-10-16 05:43:28,356 [Socket Reader #1 for port 34931] INFO  ipc.Server (Server.java:run(1074)) - Starting Socket Reader #1 for port 34931
2019-10-16 05:43:28,384 [main] INFO  hdfs.DFSUtil (DFSUtil.java:httpServerTemplateForNNAndJN(1641)) - Starting Web-server for scm at: http://0.0.0.0:0
2019-10-16 05:43:28,564 [main] INFO  server.AuthenticationFilter (AuthenticationFilter.java:constructSecretProvider(240)) - Unable to initialize FileSignerSecretProvider, falling back to use random secrets.
2019-10-16 05:43:28,572 [main] WARN  http.HttpRequestLog (HttpRequestLog.java:getRequestLog(97)) - Jetty request log can only be enabled using Log4j
2019-10-16 05:43:28,579 [main] INFO  http.HttpServer2 (HttpServer2.java:addGlobalFilter(975)) - Added global filter 'safety' (class=org.apache.hadoop.http.HttpServer2$QuotingInputFilter)
2019-10-16 05:43:28,581 [main] INFO  http.HttpServer2 (HttpServer2.java:addFilter(948)) - Added filter static_user_filter (class=org.apache.hadoop.http.lib.StaticUserWebFilter$StaticUserFilter) to context scm
2019-10-16 05:43:28,582 [main] INFO  http.HttpServer2 (HttpServer2.java:addFilter(958)) - Added filter static_user_filter (class=org.apache.hadoop.http.lib.StaticUserWebFilter$StaticUserFilter) to context logs
2019-10-16 05:43:28,582 [main] INFO  http.HttpServer2 (HttpServer2.java:addFilter(958)) - Added filter static_user_filter (class=org.apache.hadoop.http.lib.StaticUserWebFilter$StaticUserFilter) to context static
2019-10-16 05:43:28,610 [main] INFO  server.StorageContainerManager (StorageContainerManager.java:start(772)) - StorageContainerLocationProtocol RPC server is listening at /0.0.0.0:34931
2019-10-16 05:43:28,671 [main] WARN  impl.MetricsConfig (MetricsConfig.java:loadFirst(134)) - Cannot locate configuration: tried hadoop-metrics2-storagecontainermanager.properties,hadoop-metrics2.properties
2019-10-16 05:43:28,683 [main] INFO  impl.MetricsSystemImpl (MetricsSystemImpl.java:startTimer(374)) - Scheduled Metric snapshot period at 10 second(s).
2019-10-16 05:43:28,683 [main] INFO  impl.MetricsSystemImpl (MetricsSystemImpl.java:start(191)) - StorageContainerManager metrics system started
2019-10-16 05:43:28,897 [main] INFO  server.SCMClientProtocolServer (SCMClientProtocolServer.java:start(159)) - RPC server for Client  is listening at /0.0.0.0:34931
2019-10-16 05:43:28,898 [IPC Server Responder] INFO  ipc.Server (Server.java:run(1314)) - IPC Server Responder: starting
2019-10-16 05:43:28,898 [IPC Server listener on 34931] INFO  ipc.Server (Server.java:run(1153)) - IPC Server listener on 34931: starting
2019-10-16 05:43:28,901 [main] INFO  server.StorageContainerManager (StorageContainerManager.java:start(782)) - ScmBlockLocationProtocol RPC server is listening at /0.0.0.0:34341
2019-10-16 05:43:28,901 [main] INFO  server.SCMBlockProtocolServer (SCMBlockProtocolServer.java:start(146)) - RPC server for Block Protocol is listening at /0.0.0.0:34341
2019-10-16 05:43:28,902 [IPC Server Responder] INFO  ipc.Server (Server.java:run(1314)) - IPC Server Responder: starting
2019-10-16 05:43:28,902 [IPC Server listener on 34341] INFO  ipc.Server (Server.java:run(1153)) - IPC Server listener on 34341: starting
2019-10-16 05:43:28,904 [main] INFO  server.StorageContainerManager (StorageContainerManager.java:start(786)) - ScmDatanodeProtocl RPC server is listening at /0.0.0.0:32900
2019-10-16 05:43:28,904 [main] INFO  server.SCMDatanodeProtocolServer (SCMDatanodeProtocolServer.java:start(169)) - RPC server for DataNodes is listening at /0.0.0.0:32900
2019-10-16 05:43:28,905 [IPC Server Responder] INFO  ipc.Server (Server.java:run(1314)) - IPC Server Responder: starting
2019-10-16 05:43:28,905 [IPC Server listener on 32900] INFO  ipc.Server (Server.java:run(1153)) - IPC Server listener on 32900: starting
2019-10-16 05:43:28,909 [main] INFO  http.HttpServer2 (HttpServer2.java:bindListener(1191)) - Jetty bound to port 35023
2019-10-16 05:43:28,911 [main] INFO  server.Server (Server.java:doStart(351)) - jetty-9.3.25.v20180904, build timestamp: 2018-09-04T21:11:46Z, git hash: 3ce520221d0240229c862b122d2b06c12a625732
2019-10-16 05:43:28,946 [main] INFO  handler.ContextHandler (ContextHandler.java:doStart(781)) - Started o.e.j.s.ServletContextHandler@ccb4b1b{/logs,file:///workdir/hadoop-ozone/integration-test/target/log,AVAILABLE}
2019-10-16 05:43:28,947 [main] INFO  handler.ContextHandler (ContextHandler.java:doStart(781)) - Started o.e.j.s.ServletContextHandler@ec2cc4{/static,file:///workdir/hadoop-ozone/integration-test/target/test-classes/webapps/static,AVAILABLE}
2019-10-16 05:43:29,005 [main] INFO  handler.ContextHandler (ContextHandler.java:doStart(781)) - Started o.e.j.w.WebAppContext@4108fa66{/,file:///workdir/hadoop-ozone/integration-test/target/test-classes/webapps/scm/,AVAILABLE}{/scm}
2019-10-16 05:43:29,013 [main] INFO  server.AbstractConnector (AbstractConnector.java:doStart(278)) - Started ServerConnector@21ca139c{HTTP/1.1,[http/1.1]}{0.0.0.0:35023}
2019-10-16 05:43:29,013 [main] INFO  server.Server (Server.java:doStart(419)) - Started @2920ms
2019-10-16 05:43:29,016 [main] INFO  impl.MetricsSinkAdapter (MetricsSinkAdapter.java:start(204)) - Sink prometheus started
2019-10-16 05:43:29,016 [main] INFO  impl.MetricsSystemImpl (MetricsSystemImpl.java:registerSink(301)) - Registered sink prometheus
2019-10-16 05:43:29,019 [main] INFO  server.BaseHttpServer (BaseHttpServer.java:updateConnectorAddress(215)) - HTTP server of SCM is listening at http://0.0.0.0:35023
2019-10-16 05:43:29,028 [org.apache.hadoop.util.JvmPauseMonitor$Monitor@5aa0dbf4] INFO  util.JvmPauseMonitor (JvmPauseMonitor.java:run(188)) - Starting JVM pause monitor
2019-10-16 05:43:29,033 [main] WARN  server.ServerUtils (ServerUtils.java:getDBPath(222)) - ozone.om.db.dirs is not configured. We recommend adding this setting. Falling back to ozone.metadata.dirs instead.
2019-10-16 05:43:29,152 [main] INFO  ha.OMHANodeDetails (OMHANodeDetails.java:loadOMHAConfig(190)) - Configuration either no ozone.om.address set. Falling back to the default OM address /127.0.0.1:0
2019-10-16 05:43:29,152 [main] INFO  ha.OMHANodeDetails (OMHANodeDetails.java:getOMNodeDetails(220)) - OM Service ID is not set. Setting it to the default ID: omServiceIdDefault
2019-10-16 05:43:29,154 [main] WARN  server.ServerUtils (ServerUtils.java:getDBPath(222)) - ozone.om.db.dirs is not configured. We recommend adding this setting. Falling back to ozone.metadata.dirs instead.
2019-10-16 05:43:29,155 [main] WARN  server.ServerUtils (ServerUtils.java:getDBPath(222)) - ozone.om.db.dirs is not configured. We recommend adding this setting. Falling back to ozone.metadata.dirs instead.
2019-10-16 05:43:29,767 [main] WARN  server.ServerUtils (ServerUtils.java:getDBPath(222)) - ozone.om.db.dirs is not configured. We recommend adding this setting. Falling back to ozone.metadata.dirs instead.
2019-10-16 05:43:29,775 [main] INFO  db.DBStoreBuilder (DBStoreBuilder.java:addTable(117)) - using custom profile for table: userTable
2019-10-16 05:43:29,775 [main] INFO  db.DBStoreBuilder (DBStoreBuilder.java:processTables(168)) - Using default column profile:DBProfile.DISK for Table:userTable
2019-10-16 05:43:29,775 [main] INFO  db.DBStoreBuilder (DBStoreBuilder.java:addTable(117)) - using custom profile for table: volumeTable
2019-10-16 05:43:29,775 [main] INFO  db.DBStoreBuilder (DBStoreBuilder.java:processTables(168)) - Using default column profile:DBProfile.DISK for Table:volumeTable
2019-10-16 05:43:29,776 [main] INFO  db.DBStoreBuilder (DBStoreBuilder.java:addTable(117)) - using custom profile for table: bucketTable
2019-10-16 05:43:29,776 [main] INFO  db.DBStoreBuilder (DBStoreBuilder.java:processTables(168)) - Using default column profile:DBProfile.DISK for Table:bucketTable
2019-10-16 05:43:29,776 [main] INFO  db.DBStoreBuilder (DBStoreBuilder.java:addTable(117)) - using custom profile for table: keyTable
2019-10-16 05:43:29,776 [main] INFO  db.DBStoreBuilder (DBStoreBuilder.java:processTables(168)) - Using default column profile:DBProfile.DISK for Table:keyTable
2019-10-16 05:43:29,777 [main] INFO  db.DBStoreBuilder (DBStoreBuilder.java:addTable(117)) - using custom profile for table: deletedTable
2019-10-16 05:43:29,777 [main] INFO  db.DBStoreBuilder (DBStoreBuilder.java:processTables(168)) - Using default column profile:DBProfile.DISK for Table:deletedTable
2019-10-16 05:43:29,777 [main] INFO  db.DBStoreBuilder (DBStoreBuilder.java:addTable(117)) - using custom profile for table: openKeyTable
2019-10-16 05:43:29,777 [main] INFO  db.DBStoreBuilder (DBStoreBuilder.java:processTables(168)) - Using default column profile:DBProfile.DISK for Table:openKeyTable
2019-10-16 05:43:29,777 [main] INFO  db.DBStoreBuilder (DBStoreBuilder.java:addTable(117)) - using custom profile for table: s3Table
2019-10-16 05:43:29,778 [main] INFO  db.DBStoreBuilder (DBStoreBuilder.java:processTables(168)) - Using default column profile:DBProfile.DISK for Table:s3Table
2019-10-16 05:43:29,778 [main] INFO  db.DBStoreBuilder (DBStoreBuilder.java:addTable(117)) - using custom profile for table: multipartInfoTable
2019-10-16 05:43:29,778 [main] INFO  db.DBStoreBuilder (DBStoreBuilder.java:processTables(168)) - Using default column profile:DBProfile.DISK for Table:multipartInfoTable
2019-10-16 05:43:29,778 [main] INFO  db.DBStoreBuilder (DBStoreBuilder.java:addTable(117)) - using custom profile for table: dTokenTable
2019-10-16 05:43:29,779 [main] INFO  db.DBStoreBuilder (DBStoreBuilder.java:processTables(168)) - Using default column profile:DBProfile.DISK for Table:dTokenTable
2019-10-16 05:43:29,779 [main] INFO  db.DBStoreBuilder (DBStoreBuilder.java:addTable(117)) - using custom profile for table: s3SecretTable
2019-10-16 05:43:29,779 [main] INFO  db.DBStoreBuilder (DBStoreBuilder.java:processTables(168)) - Using default column profile:DBProfile.DISK for Table:s3SecretTable
2019-10-16 05:43:29,779 [main] INFO  db.DBStoreBuilder (DBStoreBuilder.java:addTable(117)) - using custom profile for table: prefixTable
2019-10-16 05:43:29,779 [main] INFO  db.DBStoreBuilder (DBStoreBuilder.java:processTables(168)) - Using default column profile:DBProfile.DISK for Table:prefixTable
2019-10-16 05:43:29,780 [main] INFO  db.DBStoreBuilder (DBStoreBuilder.java:addTable(117)) - using custom profile for table: default
2019-10-16 05:43:29,780 [main] INFO  db.DBStoreBuilder (DBStoreBuilder.java:processTables(174)) - Using default column profile:DBProfile.DISK for Table:default
2019-10-16 05:43:29,780 [main] INFO  db.DBStoreBuilder (DBStoreBuilder.java:getDbProfile(205)) - Using default options. DBProfile.DISK
2019-10-16 05:43:30,467 [main] WARN  scm.HddsServerUtil (HddsServerUtil.java:getDefaultRatisDirectory(354)) - Storage directory for Ratis is not configured. It is a good idea to map this to an SSD disk. Falling back to ozone.metadata.dirs
2019-10-16 05:43:30,491 [main] INFO  ratis.OzoneManagerRatisServer (OzoneManagerRatisServer.java:<init>(243)) - Instantiating OM Ratis server with GroupID: omServiceIdDefault and Raft Peers: localhost:9872
2019-10-16 05:43:30,635 [main] INFO  impl.RaftServerProxy (ConfUtils.java:logGet(43)) - raft.rpc.type = GRPC (default)
2019-10-16 05:43:30,697 [main] INFO  grpc.GrpcFactory (GrpcFactory.java:checkPooledByteBufAllocatorUseCacheForAllThreads(45)) - PERFORMANCE WARNING: useCacheForAllThreads is true that may cause Netty to create a lot garbage objects and, as a result, trigger GC.
	It is recommended to disable useCacheForAllThreads by setting -Dorg.apache.ratis.thirdparty.io.netty.allocator.useCacheForAllThreads=false in command line.
2019-10-16 05:43:30,702 [main] INFO  grpc.GrpcConfigKeys$Server (ConfUtils.java:logGet(43)) - raft.grpc.server.port = 9872 (custom)
2019-10-16 05:43:30,703 [main] INFO  server.GrpcService (ConfUtils.java:logGet(43)) - raft.grpc.message.size.max = 33554432 (custom)
2019-10-16 05:43:30,704 [main] INFO  server.RaftServerConfigKeys (ConfUtils.java:logGet(43)) - raft.server.log.appender.buffer.byte-limit = 33554432 (custom)
2019-10-16 05:43:30,705 [main] INFO  server.GrpcService (ConfUtils.java:logGet(43)) - raft.grpc.flow.control.window = 1MB (=1048576) (default)
2019-10-16 05:43:30,706 [main] INFO  server.RaftServerConfigKeys (ConfUtils.java:logGet(43)) - raft.server.rpc.request.timeout = 3000ms (default)
2019-10-16 05:43:30,855 [main] INFO  server.RaftServerConfigKeys (ConfUtils.java:logGet(43)) - raft.server.storage.dir = [/workdir/hadoop-ozone/integration-test/target/test-dir/MiniOzoneClusterImpl-7e713ef8-135d-4b72-83a4-970ab5ab51ec/ozone-meta/ratis] (custom)
2019-10-16 05:43:30,861 [main] INFO  impl.RaftServerProxy (RaftServerProxy.java:addNew(89)) - 1d6ce82d-311b-4c95-9b55-5aa5987b40a4: addNew group-C5BA1605619E:[1d6ce82d-311b-4c95-9b55-5aa5987b40a4:localhost:9872] returns group-C5BA1605619E:java.util.concurrent.CompletableFuture@4f966719[Not completed]
2019-10-16 05:43:30,863 [main] INFO  om.OzoneManager (OzoneManager.java:initializeRatisServer(1220)) - OzoneManager Ratis server initialized at port 9872
2019-10-16 05:43:30,865 [main] WARN  scm.HddsServerUtil (HddsServerUtil.java:getDefaultRatisDirectory(354)) - Storage directory for Ratis is not configured. It is a good idea to map this to an SSD disk. Falling back to ozone.metadata.dirs
2019-10-16 05:43:30,866 [main] WARN  scm.HddsServerUtil (HddsServerUtil.java:getDefaultRatisDirectory(354)) - Storage directory for Ratis is not configured. It is a good idea to map this to an SSD disk. Falling back to ozone.metadata.dirs
2019-10-16 05:43:30,878 [pool-22-thread-1] INFO  impl.RaftServerImpl (RaftServerImpl.java:<init>(104)) - 1d6ce82d-311b-4c95-9b55-5aa5987b40a4: new RaftServerImpl for group-C5BA1605619E:[1d6ce82d-311b-4c95-9b55-5aa5987b40a4:localhost:9872] with OzoneManagerStateMachine:uninitialized
2019-10-16 05:43:30,881 [main] INFO  ipc.CallQueueManager (CallQueueManager.java:<init>(84)) - Using callQueue: class java.util.concurrent.LinkedBlockingQueue, queueCapacity: 2000, scheduler: class org.apache.hadoop.ipc.DefaultRpcScheduler, ipcBackoff: false.
2019-10-16 05:43:30,881 [pool-22-thread-1] INFO  server.RaftServerConfigKeys (ConfUtils.java:logGet(43)) - raft.server.rpc.timeout.min = 1s (custom)
2019-10-16 05:43:30,882 [pool-22-thread-1] INFO  server.RaftServerConfigKeys (ConfUtils.java:logGet(43)) - raft.server.rpc.timeout.max = 1200ms (custom)
2019-10-16 05:43:30,882 [Socket Reader #1 for port 45158] INFO  ipc.Server (Server.java:run(1074)) - Starting Socket Reader #1 for port 45158
2019-10-16 05:43:30,882 [pool-22-thread-1] INFO  server.RaftServerConfigKeys (ConfUtils.java:logGet(43)) - raft.server.rpcslowness.timeout = 120s (custom)
2019-10-16 05:43:30,883 [pool-22-thread-1] INFO  server.RaftServerConfigKeys (ConfUtils.java:logGet(43)) - raft.server.sleep.deviation.threshold = 300 (default)
2019-10-16 05:43:30,884 [pool-22-thread-1] INFO  server.RaftServerConfigKeys (ConfUtils.java:logGet(43)) - raft.server.log.appender.install.snapshot.enabled = false (custom)
2019-10-16 05:43:30,895 [pool-22-thread-1] INFO  impl.RaftServerImpl (ServerState.java:<init>(103)) - 1d6ce82d-311b-4c95-9b55-5aa5987b40a4@group-C5BA1605619E: ConfigurationManager, init=-1: [1d6ce82d-311b-4c95-9b55-5aa5987b40a4:localhost:9872], old=null, confs=<EMPTY_MAP>
2019-10-16 05:43:30,895 [pool-22-thread-1] INFO  server.RaftServerConfigKeys (ConfUtils.java:logGet(43)) - raft.server.storage.dir = [/workdir/hadoop-ozone/integration-test/target/test-dir/MiniOzoneClusterImpl-7e713ef8-135d-4b72-83a4-970ab5ab51ec/ozone-meta/ratis] (custom)
2019-10-16 05:43:30,903 [main] INFO  om.OzoneManager (OzoneManager.java:start(1074)) - OzoneManager RPC server is listening at localhost/127.0.0.1:45158
2019-10-16 05:43:30,903 [main] INFO  impl.MetricsSystemImpl (MetricsSystemImpl.java:init(158)) - OzoneManager metrics system started (again)
2019-10-16 05:43:30,904 [main] INFO  ratis.OzoneManagerRatisServer (OzoneManagerRatisServer.java:start(333)) - Starting OzoneManagerRatisServer 1d6ce82d-311b-4c95-9b55-5aa5987b40a4 at port 9872
2019-10-16 05:43:30,909 [pool-22-thread-1] INFO  server.RaftServerConfigKeys (ConfUtils.java:logGet(43)) - raft.server.log.corruption.policy = EXCEPTION (default)
2019-10-16 05:43:30,911 [pool-22-thread-1] INFO  storage.RaftStorageDirectory (RaftStorageDirectory.java:analyzeStorage(246)) - The storage directory /workdir/hadoop-ozone/integration-test/target/test-dir/MiniOzoneClusterImpl-7e713ef8-135d-4b72-83a4-970ab5ab51ec/ozone-meta/ratis/bf265839-605b-3f16-9796-c5ba1605619e does not exist. Creating ...
2019-10-16 05:43:30,943 [pool-22-thread-1] INFO  storage.RaftStorageDirectory (RaftStorageDirectory.java:tryLock(328)) - Lock on /workdir/hadoop-ozone/integration-test/target/test-dir/MiniOzoneClusterImpl-7e713ef8-135d-4b72-83a4-970ab5ab51ec/ozone-meta/ratis/bf265839-605b-3f16-9796-c5ba1605619e/in_use.lock acquired by nodename 18194@pr-hdds-2312-q6qzp-1535798719
2019-10-16 05:43:30,964 [pool-22-thread-1] INFO  storage.RaftStorage (RaftStorage.java:format(84)) - Storage directory /workdir/hadoop-ozone/integration-test/target/test-dir/MiniOzoneClusterImpl-7e713ef8-135d-4b72-83a4-970ab5ab51ec/ozone-meta/ratis/bf265839-605b-3f16-9796-c5ba1605619e has been successfully formatted.
2019-10-16 05:43:30,968 [pool-22-thread-1] INFO  server.RaftServerConfigKeys (ConfUtils.java:logGet(43)) - raft.server.notification.no-leader.timeout = 120s (custom)
2019-10-16 05:43:30,972 [pool-22-thread-1] INFO  server.RaftServerConfigKeys (ConfUtils.java:logGet(43)) - raft.server.log.use.memory = false (default)
2019-10-16 05:43:30,979 [pool-22-thread-1] INFO  server.RaftServerConfigKeys (ConfUtils.java:logGet(43)) - raft.server.log.purge.gap = 1000000 (custom)
2019-10-16 05:43:30,980 [pool-22-thread-1] INFO  server.RaftServerConfigKeys (ConfUtils.java:logGet(43)) - raft.server.log.appender.buffer.byte-limit = 33554432 (custom)
2019-10-16 05:43:30,982 [pool-22-thread-1] INFO  server.RaftServerConfigKeys (ConfUtils.java:logGet(43)) - raft.server.log.segment.size.max = 16384 (custom)
2019-10-16 05:43:30,984 [pool-22-thread-1] INFO  impl.MetricsSystemImpl (MetricsSystemImpl.java:init(158)) - ratis metrics system started (again)
2019-10-16 05:43:30,988 [pool-22-thread-1] INFO  metrics.MetricRegistries (MetricRegistriesLoader.java:load(64)) - Loaded MetricRegistries class org.apache.ratis.metrics.impl.MetricRegistriesImpl
2019-10-16 05:43:31,026 [pool-22-thread-1] INFO  server.RaftServerConfigKeys (ConfUtils.java:logGet(43)) - raft.server.log.segment.cache.num.max = 2 (custom)
2019-10-16 05:43:31,031 [pool-22-thread-1] INFO  segmented.SegmentedRaftLogWorker (SegmentedRaftLogWorker.java:<init>(173)) - new 1d6ce82d-311b-4c95-9b55-5aa5987b40a4@group-C5BA1605619E-SegmentedRaftLogWorker for RaftStorage:Storage Directory /workdir/hadoop-ozone/integration-test/target/test-dir/MiniOzoneClusterImpl-7e713ef8-135d-4b72-83a4-970ab5ab51ec/ozone-meta/ratis/bf265839-605b-3f16-9796-c5ba1605619e
2019-10-16 05:43:31,032 [pool-22-thread-1] INFO  server.RaftServerConfigKeys (ConfUtils.java:logGet(43)) - raft.server.log.queue.byte-limit = 64MB (=67108864) (default)
2019-10-16 05:43:31,032 [pool-22-thread-1] INFO  server.RaftServerConfigKeys (ConfUtils.java:logGet(43)) - raft.server.log.queue.element-limit = 4096 (default)
2019-10-16 05:43:31,033 [pool-22-thread-1] INFO  server.RaftServerConfigKeys (ConfUtils.java:logGet(43)) - raft.server.log.segment.size.max = 16384 (custom)
2019-10-16 05:43:31,034 [pool-22-thread-1] INFO  server.RaftServerConfigKeys (ConfUtils.java:logGet(43)) - raft.server.log.preallocated.size = 16384 (custom)
2019-10-16 05:43:31,034 [pool-22-thread-1] INFO  server.RaftServerConfigKeys (ConfUtils.java:logGet(43)) - raft.server.log.write.buffer.size = 64KB (=65536) (default)
2019-10-16 05:43:31,035 [pool-22-thread-1] INFO  server.RaftServerConfigKeys (ConfUtils.java:logGet(43)) - raft.server.log.force.sync.num = 128 (default)
2019-10-16 05:43:31,036 [pool-22-thread-1] INFO  server.RaftServerConfigKeys (ConfUtils.java:logGet(43)) - raft.server.log.statemachine.data.sync = true (default)
2019-10-16 05:43:31,036 [pool-22-thread-1] INFO  server.RaftServerConfigKeys (ConfUtils.java:logGet(43)) - raft.server.log.statemachine.data.sync.timeout = 10s (default)
2019-10-16 05:43:31,037 [pool-22-thread-1] INFO  server.RaftServerConfigKeys (ConfUtils.java:logGet(43)) - raft.server.log.statemachine.data.sync.timeout.retry = -1 (default)
2019-10-16 05:43:31,048 [pool-22-thread-1] INFO  server.RaftServerConfigKeys (ConfUtils.java:logGet(43)) - raft.server.log.statemachine.data.caching.enabled = false (default)
2019-10-16 05:43:31,053 [pool-22-thread-1] INFO  segmented.SegmentedRaftLogWorker (SegmentedRaftLogWorker.java:lambda$new$0(128)) - 1d6ce82d-311b-4c95-9b55-5aa5987b40a4@group-C5BA1605619E-SegmentedRaftLogWorker: flushIndex: setUnconditionally 0 -> -1
2019-10-16 05:43:31,056 [pool-22-thread-1] INFO  server.RaftServerConfigKeys (ConfUtils.java:logGet(43)) - raft.server.snapshot.auto.trigger.enabled = true (custom)
2019-10-16 05:43:31,057 [pool-22-thread-1] INFO  server.RaftServerConfigKeys (ConfUtils.java:logGet(43)) - raft.server.snapshot.auto.trigger.threshold = 400000 (default)
2019-10-16 05:43:31,058 [pool-22-thread-1] INFO  server.RaftServerConfigKeys (ConfUtils.java:logGet(43)) - raft.server.snapshot.retention.file.num = -1 (default)
2019-10-16 05:43:31,059 [pool-22-thread-1] INFO  server.RaftServerConfigKeys (ConfUtils.java:logGet(43)) - raft.server.retrycache.expirytime = 600000ms (custom)
2019-10-16 05:43:31,087 [main] INFO  impl.RaftServerImpl (RaftServerImpl.java:start(195)) - 1d6ce82d-311b-4c95-9b55-5aa5987b40a4@group-C5BA1605619E: start as a follower, conf=-1: [1d6ce82d-311b-4c95-9b55-5aa5987b40a4:localhost:9872], old=null
2019-10-16 05:43:31,089 [main] INFO  impl.RaftServerImpl (RaftServerImpl.java:setRole(184)) - 1d6ce82d-311b-4c95-9b55-5aa5987b40a4@group-C5BA1605619E: changes role from      null to FOLLOWER at term 0 for startAsFollower
2019-10-16 05:43:31,090 [main] INFO  impl.RoleInfo (RoleInfo.java:updateAndGet(143)) - 1d6ce82d-311b-4c95-9b55-5aa5987b40a4: start FollowerState
2019-10-16 05:43:31,092 [main] INFO  util.JmxRegister (JmxRegister.java:tryRegister(44)) - Successfully registered JMX Bean with object name Ratis:service=RaftServer,group=group-C5BA1605619E,id=1d6ce82d-311b-4c95-9b55-5aa5987b40a4
2019-10-16 05:43:31,108 [main] INFO  impl.RaftServerProxy (RaftServerProxy.java:lambda$start$3(299)) - 1d6ce82d-311b-4c95-9b55-5aa5987b40a4: start RPC server
2019-10-16 05:43:31,186 [Thread-93] INFO  impl.FollowerState (FollowerState.java:run(108)) - 1d6ce82d-311b-4c95-9b55-5aa5987b40a4@group-C5BA1605619E-FollowerState: change to CANDIDATE, lastRpcTime:96ms, electionTimeout:95ms
2019-10-16 05:43:31,189 [Thread-93] INFO  impl.RoleInfo (RoleInfo.java:shutdownFollowerState(121)) - 1d6ce82d-311b-4c95-9b55-5aa5987b40a4: shutdown FollowerState
2019-10-16 05:43:31,190 [Thread-93] INFO  impl.RaftServerImpl (RaftServerImpl.java:setRole(184)) - 1d6ce82d-311b-4c95-9b55-5aa5987b40a4@group-C5BA1605619E: changes role from  FOLLOWER to CANDIDATE at term 0 for changeToCandidate
2019-10-16 05:43:31,194 [Thread-93] INFO  impl.RoleInfo (RoleInfo.java:updateAndGet(143)) - 1d6ce82d-311b-4c95-9b55-5aa5987b40a4: start LeaderElection
2019-10-16 05:43:31,205 [main] INFO  server.GrpcService (GrpcService.java:startImpl(158)) - 1d6ce82d-311b-4c95-9b55-5aa5987b40a4: GrpcService started, listening on 0.0.0.0/0.0.0.0:9872
2019-10-16 05:43:31,209 [1d6ce82d-311b-4c95-9b55-5aa5987b40a4@group-C5BA1605619E-LeaderElection1] INFO  impl.LeaderElection (LeaderElection.java:askForVotes(178)) - 1d6ce82d-311b-4c95-9b55-5aa5987b40a4@group-C5BA1605619E-LeaderElection1: begin an election at term 1 for -1: [1d6ce82d-311b-4c95-9b55-5aa5987b40a4:localhost:9872], old=null
2019-10-16 05:43:31,211 [1d6ce82d-311b-4c95-9b55-5aa5987b40a4@group-C5BA1605619E-LeaderElection1] INFO  impl.RoleInfo (RoleInfo.java:shutdownLeaderElection(134)) - 1d6ce82d-311b-4c95-9b55-5aa5987b40a4: shutdown LeaderElection
2019-10-16 05:43:31,211 [1d6ce82d-311b-4c95-9b55-5aa5987b40a4@group-C5BA1605619E-LeaderElection1] INFO  impl.RaftServerImpl (RaftServerImpl.java:setRole(184)) - 1d6ce82d-311b-4c95-9b55-5aa5987b40a4@group-C5BA1605619E: changes role from CANDIDATE to LEADER at term 1 for changeToLeader
2019-10-16 05:43:31,212 [1d6ce82d-311b-4c95-9b55-5aa5987b40a4@group-C5BA1605619E-LeaderElection1] INFO  impl.RaftServerImpl (ServerState.java:setLeader(256)) - 1d6ce82d-311b-4c95-9b55-5aa5987b40a4@group-C5BA1605619E: change Leader from null to 1d6ce82d-311b-4c95-9b55-5aa5987b40a4 at term 1 for becomeLeader, leader elected after 243ms
2019-10-16 05:43:31,217 [IPC Server Responder] INFO  ipc.Server (Server.java:run(1314)) - IPC Server Responder: starting
2019-10-16 05:43:31,217 [IPC Server listener on 45158] INFO  ipc.Server (Server.java:run(1153)) - IPC Server listener on 45158: starting
2019-10-16 05:43:31,222 [1d6ce82d-311b-4c95-9b55-5aa5987b40a4@group-C5BA1605619E-LeaderElection1] INFO  server.RaftServerConfigKeys (ConfUtils.java:logGet(43)) - raft.server.staging.catchup.gap = 1000 (default)
2019-10-16 05:43:31,222 [1d6ce82d-311b-4c95-9b55-5aa5987b40a4@group-C5BA1605619E-LeaderElection1] INFO  server.RaftServerConfigKeys (ConfUtils.java:logGet(43)) - raft.server.rpc.sleep.time = 25ms (default)
2019-10-16 05:43:31,223 [main] INFO  hdfs.DFSUtil (DFSUtil.java:httpServerTemplateForNNAndJN(1641)) - Starting Web-server for ozoneManager at: http://0.0.0.0:0
2019-10-16 05:43:31,225 [main] INFO  server.AuthenticationFilter (AuthenticationFilter.java:constructSecretProvider(240)) - Unable to initialize FileSignerSecretProvider, falling back to use random secrets.
2019-10-16 05:43:31,225 [main] WARN  http.HttpRequestLog (HttpRequestLog.java:getRequestLog(97)) - Jetty request log can only be enabled using Log4j
2019-10-16 05:43:31,227 [main] INFO  http.HttpServer2 (HttpServer2.java:addGlobalFilter(975)) - Added global filter 'safety' (class=org.apache.hadoop.http.HttpServer2$QuotingInputFilter)
2019-10-16 05:43:31,228 [main] INFO  http.HttpServer2 (HttpServer2.java:addFilter(948)) - Added filter static_user_filter (class=org.apache.hadoop.http.lib.StaticUserWebFilter$StaticUserFilter) to context ozoneManager
2019-10-16 05:43:31,228 [main] INFO  http.HttpServer2 (HttpServer2.java:addFilter(958)) - Added filter static_user_filter (class=org.apache.hadoop.http.lib.StaticUserWebFilter$StaticUserFilter) to context logs
2019-10-16 05:43:31,228 [main] INFO  http.HttpServer2 (HttpServer2.java:addFilter(958)) - Added filter static_user_filter (class=org.apache.hadoop.http.lib.StaticUserWebFilter$StaticUserFilter) to context static
2019-10-16 05:43:31,229 [1d6ce82d-311b-4c95-9b55-5aa5987b40a4@group-C5BA1605619E-LeaderElection1] INFO  server.RaftServerConfigKeys (ConfUtils.java:logGet(43)) - raft.server.write.element-limit = 4096 (default)
2019-10-16 05:43:31,230 [main] INFO  http.HttpServer2 (HttpServer2.java:bindListener(1191)) - Jetty bound to port 36636
2019-10-16 05:43:31,230 [main] INFO  server.Server (Server.java:doStart(351)) - jetty-9.3.25.v20180904, build timestamp: 2018-09-04T21:11:46Z, git hash: 3ce520221d0240229c862b122d2b06c12a625732
2019-10-16 05:43:31,233 [main] INFO  handler.ContextHandler (ContextHandler.java:doStart(781)) - Started o.e.j.s.ServletContextHandler@3ae9d1e2{/logs,file:///workdir/hadoop-ozone/integration-test/target/log,AVAILABLE}
2019-10-16 05:43:31,234 [main] INFO  handler.ContextHandler (ContextHandler.java:doStart(781)) - Started o.e.j.s.ServletContextHandler@e9dc4d0{/static,file:///workdir/hadoop-ozone/integration-test/target/test-classes/webapps/static,AVAILABLE}
2019-10-16 05:43:31,235 [1d6ce82d-311b-4c95-9b55-5aa5987b40a4@group-C5BA1605619E-LeaderElection1] INFO  server.RaftServerConfigKeys (ConfUtils.java:logGet(43)) - raft.server.watch.timeout = 10s (default)
2019-10-16 05:43:31,236 [1d6ce82d-311b-4c95-9b55-5aa5987b40a4@group-C5BA1605619E-LeaderElection1] INFO  server.RaftServerConfigKeys (ConfUtils.java:logGet(43)) - raft.server.watch.timeout.denomination = 1s (default)
2019-10-16 05:43:31,237 [1d6ce82d-311b-4c95-9b55-5aa5987b40a4@group-C5BA1605619E-LeaderElection1] INFO  server.RaftServerConfigKeys (ConfUtils.java:logGet(43)) - raft.server.watch.element-limit = 65536 (default)
2019-10-16 05:43:31,238 [main] INFO  handler.ContextHandler (ContextHandler.java:doStart(781)) - Started o.e.j.w.WebAppContext@3724b43e{/,file:///workdir/hadoop-ozone/integration-test/target/test-classes/webapps/ozoneManager/,AVAILABLE}{/ozoneManager}
2019-10-16 05:43:31,239 [main] INFO  server.AbstractConnector (AbstractConnector.java:doStart(278)) - Started ServerConnector@77eb5790{HTTP/1.1,[http/1.1]}{0.0.0.0:36636}
2019-10-16 05:43:31,240 [main] INFO  server.Server (Server.java:doStart(419)) - Started @5147ms
2019-10-16 05:43:31,241 [main] WARN  impl.MetricsSystemImpl (MetricsSystemImpl.java:register(276)) - Sink prometheus already exists!
2019-10-16 05:43:31,242 [main] INFO  server.BaseHttpServer (BaseHttpServer.java:updateConnectorAddress(215)) - HTTP server of OZONEMANAGER is listening at http://0.0.0.0:36636
2019-10-16 05:43:31,268 [1d6ce82d-311b-4c95-9b55-5aa5987b40a4@group-C5BA1605619E-LeaderElection1] INFO  impl.RoleInfo (RoleInfo.java:updateAndGet(143)) - 1d6ce82d-311b-4c95-9b55-5aa5987b40a4: start LeaderState
2019-10-16 05:43:31,293 [1d6ce82d-311b-4c95-9b55-5aa5987b40a4@group-C5BA1605619E-LeaderElection1] INFO  segmented.SegmentedRaftLogWorker (SegmentedRaftLogWorker.java:startLogSegment(385)) - 1d6ce82d-311b-4c95-9b55-5aa5987b40a4@group-C5BA1605619E-SegmentedRaftLogWorker: Starting segment from index:0
2019-10-16 05:43:31,318 [1d6ce82d-311b-4c95-9b55-5aa5987b40a4@group-C5BA1605619E-LeaderElection1] INFO  impl.RaftServerImpl (ServerState.java:setRaftConf(357)) - 1d6ce82d-311b-4c95-9b55-5aa5987b40a4@group-C5BA1605619E: set configuration 0: [1d6ce82d-311b-4c95-9b55-5aa5987b40a4:localhost:9872], old=null at 0
2019-10-16 05:43:31,379 [main] INFO  impl.MetricsSystemImpl (MetricsSystemImpl.java:init(158)) - HddsDatanode metrics system started (again)
2019-10-16 05:43:31,433 [main] INFO  ozone.HddsDatanodeService (HddsDatanodeService.java:start(184)) - HddsDatanodeService host:pr-hdds-2312-q6qzp-1535798719 ip:192.168.69.104
2019-10-16 05:43:31,467 [1d6ce82d-311b-4c95-9b55-5aa5987b40a4@group-C5BA1605619E-SegmentedRaftLogWorker] INFO  segmented.SegmentedRaftLogWorker (SegmentedRaftLogWorker.java:execute(576)) - 1d6ce82d-311b-4c95-9b55-5aa5987b40a4@group-C5BA1605619E-SegmentedRaftLogWorker: created new log segment /workdir/hadoop-ozone/integration-test/target/test-dir/MiniOzoneClusterImpl-7e713ef8-135d-4b72-83a4-970ab5ab51ec/ozone-meta/ratis/bf265839-605b-3f16-9796-c5ba1605619e/current/log_inprogress_0
2019-10-16 05:43:31,468 [main] INFO  volume.HddsVolume (HddsVolume.java:<init>(176)) - Creating Volume: /workdir/hadoop-ozone/integration-test/target/test-dir/MiniOzoneClusterImpl-7e713ef8-135d-4b72-83a4-970ab5ab51ec/datanode-0/data/containers/hdds of  storage type : DISK and capacity : 1482555576320
2019-10-16 05:43:31,470 [main] INFO  volume.VolumeSet (VolumeSet.java:initializeVolumeSet(170)) - Added Volume : /workdir/hadoop-ozone/integration-test/target/test-dir/MiniOzoneClusterImpl-7e713ef8-135d-4b72-83a4-970ab5ab51ec/datanode-0/data/containers/hdds to VolumeSet
2019-10-16 05:43:31,473 [main] INFO  volume.ThrottledAsyncChecker (ThrottledAsyncChecker.java:schedule(141)) - Scheduling a check for /workdir/hadoop-ozone/integration-test/target/test-dir/MiniOzoneClusterImpl-7e713ef8-135d-4b72-83a4-970ab5ab51ec/datanode-0/data/containers/hdds
2019-10-16 05:43:31,490 [main] INFO  volume.HddsVolumeChecker (HddsVolumeChecker.java:checkAllVolumes(204)) - Scheduled health check for volume /workdir/hadoop-ozone/integration-test/target/test-dir/MiniOzoneClusterImpl-7e713ef8-135d-4b72-83a4-970ab5ab51ec/datanode-0/data/containers/hdds
2019-10-16 05:43:31,539 [main] INFO  impl.RaftServerProxy (ConfUtils.java:logGet(43)) - raft.rpc.type = GRPC (default)
2019-10-16 05:43:31,539 [main] INFO  grpc.GrpcFactory (GrpcFactory.java:checkPooledByteBufAllocatorUseCacheForAllThreads(45)) - PERFORMANCE WARNING: useCacheForAllThreads is true that may cause Netty to create a lot garbage objects and, as a result, trigger GC.
	It is recommended to disable useCacheForAllThreads by setting -Dorg.apache.ratis.thirdparty.io.netty.allocator.useCacheForAllThreads=false in command line.
2019-10-16 05:43:31,539 [main] INFO  grpc.GrpcConfigKeys$Server (ConfUtils.java:logGet(43)) - raft.grpc.server.port = 0 (default)
2019-10-16 05:43:31,539 [main] INFO  server.GrpcService (ConfUtils.java:logGet(43)) - raft.grpc.message.size.max = 33570816 (custom)
2019-10-16 05:43:31,540 [main] INFO  server.RaftServerConfigKeys (ConfUtils.java:logGet(43)) - raft.server.log.appender.buffer.byte-limit = 33554432 (custom)
2019-10-16 05:43:31,540 [main] INFO  server.GrpcService (ConfUtils.java:logGet(43)) - raft.grpc.flow.control.window = 1MB (=1048576) (default)
2019-10-16 05:43:31,540 [main] INFO  server.RaftServerConfigKeys (ConfUtils.java:logGet(43)) - raft.server.rpc.request.timeout = 3000ms (default)
2019-10-16 05:43:31,541 [main] INFO  server.RaftServerConfigKeys (ConfUtils.java:logGet(43)) - raft.server.storage.dir = [/workdir/hadoop-ozone/integration-test/target/test-dir/MiniOzoneClusterImpl-7e713ef8-135d-4b72-83a4-970ab5ab51ec/datanode-0/data/ratis] (custom)
2019-10-16 05:43:31,588 [main] INFO  hdfs.DFSUtil (DFSUtil.java:httpServerTemplateForNNAndJN(1641)) - Starting Web-server for hddsDatanode at: http://0.0.0.0:0
2019-10-16 05:43:31,590 [main] INFO  server.AuthenticationFilter (AuthenticationFilter.java:constructSecretProvider(240)) - Unable to initialize FileSignerSecretProvider, falling back to use random secrets.
2019-10-16 05:43:31,591 [main] WARN  http.HttpRequestLog (HttpRequestLog.java:getRequestLog(97)) - Jetty request log can only be enabled using Log4j
2019-10-16 05:43:31,593 [main] INFO  http.HttpServer2 (HttpServer2.java:addGlobalFilter(975)) - Added global filter 'safety' (class=org.apache.hadoop.http.HttpServer2$QuotingInputFilter)
2019-10-16 05:43:31,594 [main] INFO  http.HttpServer2 (HttpServer2.java:addFilter(948)) - Added filter static_user_filter (class=org.apache.hadoop.http.lib.StaticUserWebFilter$StaticUserFilter) to context hddsDatanode
2019-10-16 05:43:31,594 [main] INFO  http.HttpServer2 (HttpServer2.java:addFilter(958)) - Added filter static_user_filter (class=org.apache.hadoop.http.lib.StaticUserWebFilter$StaticUserFilter) to context static
2019-10-16 05:43:31,594 [main] INFO  http.HttpServer2 (HttpServer2.java:addFilter(958)) - Added filter static_user_filter (class=org.apache.hadoop.http.lib.StaticUserWebFilter$StaticUserFilter) to context logs
2019-10-16 05:43:31,595 [main] INFO  http.HttpServer2 (HttpServer2.java:bindListener(1191)) - Jetty bound to port 37929
2019-10-16 05:43:31,595 [main] INFO  server.Server (Server.java:doStart(351)) - jetty-9.3.25.v20180904, build timestamp: 2018-09-04T21:11:46Z, git hash: 3ce520221d0240229c862b122d2b06c12a625732
2019-10-16 05:43:31,598 [main] INFO  handler.ContextHandler (ContextHandler.java:doStart(781)) - Started o.e.j.s.ServletContextHandler@58434b19{/logs,file:///workdir/hadoop-ozone/integration-test/target/log,AVAILABLE}
2019-10-16 05:43:31,599 [main] INFO  handler.ContextHandler (ContextHandler.java:doStart(781)) - Started o.e.j.s.ServletContextHandler@7dbe2ebf{/static,jar:file:/home/user/.m2/repository/org/apache/hadoop/hadoop-hdds-container-service/0.5.0-SNAPSHOT/hadoop-hdds-container-service-0.5.0-SNAPSHOT.jar!/webapps/static,AVAILABLE}
2019-10-16 05:43:31,637 [main] INFO  handler.ContextHandler (ContextHandler.java:doStart(781)) - Started o.e.j.w.WebAppContext@6a818392{/,file:///tmp/jetty-0.0.0.0-37929-hddsDatanode-_-any-8613308596877694251.dir/webapp/,AVAILABLE}{/hddsDatanode}
2019-10-16 05:43:31,638 [main] INFO  server.AbstractConnector (AbstractConnector.java:doStart(278)) - Started ServerConnector@489091bd{HTTP/1.1,[http/1.1]}{0.0.0.0:37929}
2019-10-16 05:43:31,638 [main] INFO  server.Server (Server.java:doStart(419)) - Started @5545ms
2019-10-16 05:43:31,639 [main] WARN  impl.MetricsSystemImpl (MetricsSystemImpl.java:register(276)) - Sink prometheus already exists!
2019-10-16 05:43:31,641 [main] INFO  server.BaseHttpServer (BaseHttpServer.java:updateConnectorAddress(215)) - HTTP server of HDDSDATANODE is listening at http://0.0.0.0:37929
2019-10-16 05:43:31,643 [main] INFO  impl.MetricsSystemImpl (MetricsSystemImpl.java:init(158)) - HddsDatanode metrics system started (again)
2019-10-16 05:43:31,645 [main] INFO  ozone.HddsDatanodeService (HddsDatanodeService.java:start(184)) - HddsDatanodeService host:pr-hdds-2312-q6qzp-1535798719 ip:192.168.69.104
2019-10-16 05:43:31,648 [org.apache.hadoop.util.JvmPauseMonitor$Monitor@5c014eb] INFO  util.JvmPauseMonitor (JvmPauseMonitor.java:run(188)) - Starting JVM pause monitor
2019-10-16 05:43:31,652 [main] INFO  volume.HddsVolume (HddsVolume.java:<init>(176)) - Creating Volume: /workdir/hadoop-ozone/integration-test/target/test-dir/MiniOzoneClusterImpl-7e713ef8-135d-4b72-83a4-970ab5ab51ec/datanode-1/data/containers/hdds of  storage type : DISK and capacity : 1482555576320
2019-10-16 05:43:31,653 [main] INFO  volume.VolumeSet (VolumeSet.java:initializeVolumeSet(170)) - Added Volume : /workdir/hadoop-ozone/integration-test/target/test-dir/MiniOzoneClusterImpl-7e713ef8-135d-4b72-83a4-970ab5ab51ec/datanode-1/data/containers/hdds to VolumeSet
2019-10-16 05:43:31,653 [main] INFO  volume.ThrottledAsyncChecker (ThrottledAsyncChecker.java:schedule(141)) - Scheduling a check for /workdir/hadoop-ozone/integration-test/target/test-dir/MiniOzoneClusterImpl-7e713ef8-135d-4b72-83a4-970ab5ab51ec/datanode-1/data/containers/hdds
2019-10-16 05:43:31,654 [main] INFO  volume.HddsVolumeChecker (HddsVolumeChecker.java:checkAllVolumes(204)) - Scheduled health check for volume /workdir/hadoop-ozone/integration-test/target/test-dir/MiniOzoneClusterImpl-7e713ef8-135d-4b72-83a4-970ab5ab51ec/datanode-1/data/containers/hdds
2019-10-16 05:43:31,673 [main] INFO  impl.RaftServerProxy (ConfUtils.java:logGet(43)) - raft.rpc.type = GRPC (default)
2019-10-16 05:43:31,674 [main] INFO  grpc.GrpcFactory (GrpcFactory.java:checkPooledByteBufAllocatorUseCacheForAllThreads(45)) - PERFORMANCE WARNING: useCacheForAllThreads is true that may cause Netty to create a lot garbage objects and, as a result, trigger GC.
	It is recommended to disable useCacheForAllThreads by setting -Dorg.apache.ratis.thirdparty.io.netty.allocator.useCacheForAllThreads=false in command line.
2019-10-16 05:43:31,674 [main] INFO  grpc.GrpcConfigKeys$Server (ConfUtils.java:logGet(43)) - raft.grpc.server.port = 0 (default)
2019-10-16 05:43:31,674 [main] INFO  server.GrpcService (ConfUtils.java:logGet(43)) - raft.grpc.message.size.max = 33570816 (custom)
2019-10-16 05:43:31,674 [main] INFO  server.RaftServerConfigKeys (ConfUtils.java:logGet(43)) - raft.server.log.appender.buffer.byte-limit = 33554432 (custom)
2019-10-16 05:43:31,675 [main] INFO  server.GrpcService (ConfUtils.java:logGet(43)) - raft.grpc.flow.control.window = 1MB (=1048576) (default)
2019-10-16 05:43:31,675 [main] INFO  server.RaftServerConfigKeys (ConfUtils.java:logGet(43)) - raft.server.rpc.request.timeout = 3000ms (default)
2019-10-16 05:43:31,676 [main] INFO  server.RaftServerConfigKeys (ConfUtils.java:logGet(43)) - raft.server.storage.dir = [/workdir/hadoop-ozone/integration-test/target/test-dir/MiniOzoneClusterImpl-7e713ef8-135d-4b72-83a4-970ab5ab51ec/datanode-1/data/ratis] (custom)
2019-10-16 05:43:31,678 [main] INFO  hdfs.DFSUtil (DFSUtil.java:httpServerTemplateForNNAndJN(1641)) - Starting Web-server for hddsDatanode at: http://0.0.0.0:0
2019-10-16 05:43:31,680 [main] INFO  server.AuthenticationFilter (AuthenticationFilter.java:constructSecretProvider(240)) - Unable to initialize FileSignerSecretProvider, falling back to use random secrets.
2019-10-16 05:43:31,681 [main] WARN  http.HttpRequestLog (HttpRequestLog.java:getRequestLog(97)) - Jetty request log can only be enabled using Log4j
2019-10-16 05:43:31,683 [main] INFO  http.HttpServer2 (HttpServer2.java:addGlobalFilter(975)) - Added global filter 'safety' (class=org.apache.hadoop.http.HttpServer2$QuotingInputFilter)
2019-10-16 05:43:31,684 [main] INFO  http.HttpServer2 (HttpServer2.java:addFilter(948)) - Added filter static_user_filter (class=org.apache.hadoop.http.lib.StaticUserWebFilter$StaticUserFilter) to context hddsDatanode
2019-10-16 05:43:31,685 [main] INFO  http.HttpServer2 (HttpServer2.java:addFilter(958)) - Added filter static_user_filter (class=org.apache.hadoop.http.lib.StaticUserWebFilter$StaticUserFilter) to context static
2019-10-16 05:43:31,685 [main] INFO  http.HttpServer2 (HttpServer2.java:addFilter(958)) - Added filter static_user_filter (class=org.apache.hadoop.http.lib.StaticUserWebFilter$StaticUserFilter) to context logs
2019-10-16 05:43:31,686 [main] INFO  http.HttpServer2 (HttpServer2.java:bindListener(1191)) - Jetty bound to port 46454
2019-10-16 05:43:31,686 [main] INFO  server.Server (Server.java:doStart(351)) - jetty-9.3.25.v20180904, build timestamp: 2018-09-04T21:11:46Z, git hash: 3ce520221d0240229c862b122d2b06c12a625732
2019-10-16 05:43:31,690 [main] INFO  handler.ContextHandler (ContextHandler.java:doStart(781)) - Started o.e.j.s.ServletContextHandler@2b960a7{/logs,file:///workdir/hadoop-ozone/integration-test/target/log,AVAILABLE}
2019-10-16 05:43:31,691 [main] INFO  handler.ContextHandler (ContextHandler.java:doStart(781)) - Started o.e.j.s.ServletContextHandler@37b52340{/static,jar:file:/home/user/.m2/repository/org/apache/hadoop/hadoop-hdds-container-service/0.5.0-SNAPSHOT/hadoop-hdds-container-service-0.5.0-SNAPSHOT.jar!/webapps/static,AVAILABLE}
2019-10-16 05:43:31,733 [main] INFO  handler.ContextHandler (ContextHandler.java:doStart(781)) - Started o.e.j.w.WebAppContext@14a049f9{/,file:///tmp/jetty-0.0.0.0-46454-hddsDatanode-_-any-3739452799202869297.dir/webapp/,AVAILABLE}{/hddsDatanode}
2019-10-16 05:43:31,733 [main] INFO  server.AbstractConnector (AbstractConnector.java:doStart(278)) - Started ServerConnector@94e51e8{HTTP/1.1,[http/1.1]}{0.0.0.0:46454}
2019-10-16 05:43:31,735 [main] INFO  server.Server (Server.java:doStart(419)) - Started @5641ms
2019-10-16 05:43:31,735 [main] WARN  impl.MetricsSystemImpl (MetricsSystemImpl.java:register(276)) - Sink prometheus already exists!
2019-10-16 05:43:31,737 [main] INFO  server.BaseHttpServer (BaseHttpServer.java:updateConnectorAddress(215)) - HTTP server of HDDSDATANODE is listening at http://0.0.0.0:46454
2019-10-16 05:43:31,738 [main] INFO  impl.MetricsSystemImpl (MetricsSystemImpl.java:init(158)) - HddsDatanode metrics system started (again)
2019-10-16 05:43:31,740 [org.apache.hadoop.util.JvmPauseMonitor$Monitor@3c89d9ed] INFO  util.JvmPauseMonitor (JvmPauseMonitor.java:run(188)) - Starting JVM pause monitor
2019-10-16 05:43:31,742 [main] INFO  ozone.HddsDatanodeService (HddsDatanodeService.java:start(184)) - HddsDatanodeService host:pr-hdds-2312-q6qzp-1535798719 ip:192.168.69.104
2019-10-16 05:43:31,751 [main] INFO  volume.HddsVolume (HddsVolume.java:<init>(176)) - Creating Volume: /workdir/hadoop-ozone/integration-test/target/test-dir/MiniOzoneClusterImpl-7e713ef8-135d-4b72-83a4-970ab5ab51ec/datanode-2/data/containers/hdds of  storage type : DISK and capacity : 1482555576320
2019-10-16 05:43:31,752 [main] INFO  volume.VolumeSet (VolumeSet.java:initializeVolumeSet(170)) - Added Volume : /workdir/hadoop-ozone/integration-test/target/test-dir/MiniOzoneClusterImpl-7e713ef8-135d-4b72-83a4-970ab5ab51ec/datanode-2/data/containers/hdds to VolumeSet
2019-10-16 05:43:31,752 [main] INFO  volume.ThrottledAsyncChecker (ThrottledAsyncChecker.java:schedule(141)) - Scheduling a check for /workdir/hadoop-ozone/integration-test/target/test-dir/MiniOzoneClusterImpl-7e713ef8-135d-4b72-83a4-970ab5ab51ec/datanode-2/data/containers/hdds
2019-10-16 05:43:31,756 [main] INFO  volume.HddsVolumeChecker (HddsVolumeChecker.java:checkAllVolumes(204)) - Scheduled health check for volume /workdir/hadoop-ozone/integration-test/target/test-dir/MiniOzoneClusterImpl-7e713ef8-135d-4b72-83a4-970ab5ab51ec/datanode-2/data/containers/hdds
2019-10-16 05:43:31,766 [Datanode State Machine Thread - 0] INFO  datanode.InitDatanodeState (InitDatanodeState.java:persistContainerDatanodeDetails(140)) - DatanodeDetails is persisted to /workdir/hadoop-ozone/integration-test/target/test-dir/MiniOzoneClusterImpl-7e713ef8-135d-4b72-83a4-970ab5ab51ec/datanode-0/meta/datanode.id
2019-10-16 05:43:31,770 [Datanode State Machine Thread - 0] INFO  datanode.InitDatanodeState (InitDatanodeState.java:persistContainerDatanodeDetails(140)) - DatanodeDetails is persisted to /workdir/hadoop-ozone/integration-test/target/test-dir/MiniOzoneClusterImpl-7e713ef8-135d-4b72-83a4-970ab5ab51ec/datanode-1/meta/datanode.id
2019-10-16 05:43:31,780 [main] INFO  impl.RaftServerProxy (ConfUtils.java:logGet(43)) - raft.rpc.type = GRPC (default)
2019-10-16 05:43:31,780 [main] INFO  grpc.GrpcFactory (GrpcFactory.java:checkPooledByteBufAllocatorUseCacheForAllThreads(45)) - PERFORMANCE WARNING: useCacheForAllThreads is true that may cause Netty to create a lot garbage objects and, as a result, trigger GC.
	It is recommended to disable useCacheForAllThreads by setting -Dorg.apache.ratis.thirdparty.io.netty.allocator.useCacheForAllThreads=false in command line.
2019-10-16 05:43:31,780 [main] INFO  grpc.GrpcConfigKeys$Server (ConfUtils.java:logGet(43)) - raft.grpc.server.port = 0 (default)
2019-10-16 05:43:31,780 [main] INFO  server.GrpcService (ConfUtils.java:logGet(43)) - raft.grpc.message.size.max = 33570816 (custom)
2019-10-16 05:43:31,781 [main] INFO  server.RaftServerConfigKeys (ConfUtils.java:logGet(43)) - raft.server.log.appender.buffer.byte-limit = 33554432 (custom)
2019-10-16 05:43:31,781 [main] INFO  server.GrpcService (ConfUtils.java:logGet(43)) - raft.grpc.flow.control.window = 1MB (=1048576) (default)
2019-10-16 05:43:31,781 [main] INFO  server.RaftServerConfigKeys (ConfUtils.java:logGet(43)) - raft.server.rpc.request.timeout = 3000ms (default)
2019-10-16 05:43:31,783 [main] INFO  server.RaftServerConfigKeys (ConfUtils.java:logGet(43)) - raft.server.storage.dir = [/workdir/hadoop-ozone/integration-test/target/test-dir/MiniOzoneClusterImpl-7e713ef8-135d-4b72-83a4-970ab5ab51ec/datanode-2/data/ratis] (custom)
2019-10-16 05:43:31,785 [main] INFO  hdfs.DFSUtil (DFSUtil.java:httpServerTemplateForNNAndJN(1641)) - Starting Web-server for hddsDatanode at: http://0.0.0.0:0
2019-10-16 05:43:31,787 [main] INFO  server.AuthenticationFilter (AuthenticationFilter.java:constructSecretProvider(240)) - Unable to initialize FileSignerSecretProvider, falling back to use random secrets.
2019-10-16 05:43:31,788 [main] WARN  http.HttpRequestLog (HttpRequestLog.java:getRequestLog(97)) - Jetty request log can only be enabled using Log4j
2019-10-16 05:43:31,790 [main] INFO  http.HttpServer2 (HttpServer2.java:addGlobalFilter(975)) - Added global filter 'safety' (class=org.apache.hadoop.http.HttpServer2$QuotingInputFilter)
2019-10-16 05:43:31,791 [main] INFO  http.HttpServer2 (HttpServer2.java:addFilter(948)) - Added filter static_user_filter (class=org.apache.hadoop.http.lib.StaticUserWebFilter$StaticUserFilter) to context hddsDatanode
2019-10-16 05:43:31,791 [main] INFO  http.HttpServer2 (HttpServer2.java:addFilter(958)) - Added filter static_user_filter (class=org.apache.hadoop.http.lib.StaticUserWebFilter$StaticUserFilter) to context logs
2019-10-16 05:43:31,791 [main] INFO  http.HttpServer2 (HttpServer2.java:addFilter(958)) - Added filter static_user_filter (class=org.apache.hadoop.http.lib.StaticUserWebFilter$StaticUserFilter) to context static
2019-10-16 05:43:31,792 [main] INFO  http.HttpServer2 (HttpServer2.java:bindListener(1191)) - Jetty bound to port 41561
2019-10-16 05:43:31,793 [main] INFO  server.Server (Server.java:doStart(351)) - jetty-9.3.25.v20180904, build timestamp: 2018-09-04T21:11:46Z, git hash: 3ce520221d0240229c862b122d2b06c12a625732
2019-10-16 05:43:31,795 [main] INFO  handler.ContextHandler (ContextHandler.java:doStart(781)) - Started o.e.j.s.ServletContextHandler@7e0bc8a3{/logs,file:///workdir/hadoop-ozone/integration-test/target/log,AVAILABLE}
2019-10-16 05:43:31,795 [main] INFO  handler.ContextHandler (ContextHandler.java:doStart(781)) - Started o.e.j.s.ServletContextHandler@33063f5b{/static,jar:file:/home/user/.m2/repository/org/apache/hadoop/hadoop-hdds-container-service/0.5.0-SNAPSHOT/hadoop-hdds-container-service-0.5.0-SNAPSHOT.jar!/webapps/static,AVAILABLE}
2019-10-16 05:43:31,840 [main] INFO  handler.ContextHandler (ContextHandler.java:doStart(781)) - Started o.e.j.w.WebAppContext@480ad82c{/,file:///tmp/jetty-0.0.0.0-41561-hddsDatanode-_-any-4069520403856970470.dir/webapp/,AVAILABLE}{/hddsDatanode}
2019-10-16 05:43:31,841 [main] INFO  server.AbstractConnector (AbstractConnector.java:doStart(278)) - Started ServerConnector@4d18b73a{HTTP/1.1,[http/1.1]}{0.0.0.0:41561}
2019-10-16 05:43:31,841 [main] INFO  server.Server (Server.java:doStart(419)) - Started @5748ms
2019-10-16 05:43:31,842 [main] WARN  impl.MetricsSystemImpl (MetricsSystemImpl.java:register(276)) - Sink prometheus already exists!
2019-10-16 05:43:31,843 [main] INFO  server.BaseHttpServer (BaseHttpServer.java:updateConnectorAddress(215)) - HTTP server of HDDSDATANODE is listening at http://0.0.0.0:41561
2019-10-16 05:43:31,845 [main] INFO  ozone.MiniOzoneClusterImpl (MiniOzoneClusterImpl.java:lambda$waitForClusterToBeReady$0(147)) - Waiting for cluster to be ready. Got 0 of 3 DN Heartbeats.
2019-10-16 05:43:31,846 [org.apache.hadoop.util.JvmPauseMonitor$Monitor@50aeaa26] INFO  util.JvmPauseMonitor (JvmPauseMonitor.java:run(188)) - Starting JVM pause monitor
2019-10-16 05:43:31,848 [Datanode State Machine Thread - 0] INFO  datanode.InitDatanodeState (InitDatanodeState.java:persistContainerDatanodeDetails(140)) - DatanodeDetails is persisted to /workdir/hadoop-ozone/integration-test/target/test-dir/MiniOzoneClusterImpl-7e713ef8-135d-4b72-83a4-970ab5ab51ec/datanode-2/meta/datanode.id
2019-10-16 05:43:32,846 [main] INFO  ozone.MiniOzoneClusterImpl (MiniOzoneClusterImpl.java:lambda$waitForClusterToBeReady$0(147)) - Waiting for cluster to be ready. Got 0 of 3 DN Heartbeats.
2019-10-16 05:43:33,746 [Datanode State Machine Thread - 0] INFO  ozoneimpl.OzoneContainer (OzoneContainer.java:start(213)) - Attempting to start container services.
2019-10-16 05:43:33,749 [Datanode State Machine Thread - 0] INFO  ozoneimpl.OzoneContainer (OzoneContainer.java:start(213)) - Attempting to start container services.
2019-10-16 05:43:33,751 [Datanode State Machine Thread - 0] INFO  ozoneimpl.OzoneContainer (OzoneContainer.java:startContainerScrub(177)) - Background container scanner has been disabled.
2019-10-16 05:43:33,751 [Datanode State Machine Thread - 0] INFO  ozoneimpl.OzoneContainer (OzoneContainer.java:startContainerScrub(177)) - Background container scanner has been disabled.
2019-10-16 05:43:33,751 [Datanode State Machine Thread - 0] INFO  ratis.XceiverServerRatis (XceiverServerRatis.java:start(418)) - Starting XceiverServerRatis a683ec46-7ba5-463a-a97d-824dd7951247 at port 0
2019-10-16 05:43:33,751 [Datanode State Machine Thread - 0] INFO  ratis.XceiverServerRatis (XceiverServerRatis.java:start(418)) - Starting XceiverServerRatis dbf467a0-0c16-4c77-8fc8-07b3e2d48dc4 at port 0
2019-10-16 05:43:33,771 [Datanode State Machine Thread - 0] INFO  impl.RaftServerProxy (RaftServerProxy.java:lambda$start$3(299)) - a683ec46-7ba5-463a-a97d-824dd7951247: start RPC server
2019-10-16 05:43:33,772 [Datanode State Machine Thread - 0] INFO  impl.RaftServerProxy (RaftServerProxy.java:lambda$start$3(299)) - dbf467a0-0c16-4c77-8fc8-07b3e2d48dc4: start RPC server
2019-10-16 05:43:33,778 [Datanode State Machine Thread - 0] INFO  server.GrpcService (GrpcService.java:startImpl(158)) - dbf467a0-0c16-4c77-8fc8-07b3e2d48dc4: GrpcService started, listening on 0.0.0.0/0.0.0.0:32967
2019-10-16 05:43:33,778 [Datanode State Machine Thread - 0] INFO  server.GrpcService (GrpcService.java:startImpl(158)) - a683ec46-7ba5-463a-a97d-824dd7951247: GrpcService started, listening on 0.0.0.0/0.0.0.0:41416
2019-10-16 05:43:33,779 [Datanode State Machine Thread - 0] INFO  ratis.XceiverServerRatis (XceiverServerRatis.java:start(428)) - XceiverServerRatis dbf467a0-0c16-4c77-8fc8-07b3e2d48dc4 is started using port 32967
2019-10-16 05:43:33,779 [Datanode State Machine Thread - 0] INFO  ratis.XceiverServerRatis (XceiverServerRatis.java:start(428)) - XceiverServerRatis a683ec46-7ba5-463a-a97d-824dd7951247 is started using port 41416
2019-10-16 05:43:33,783 [Datanode State Machine Thread - 0] INFO  server.XceiverServerGrpc (XceiverServerGrpc.java:start(149)) - XceiverServerGrpc a683ec46-7ba5-463a-a97d-824dd7951247 is started using port 42926
2019-10-16 05:43:33,783 [Datanode State Machine Thread - 0] INFO  server.XceiverServerGrpc (XceiverServerGrpc.java:start(149)) - XceiverServerGrpc dbf467a0-0c16-4c77-8fc8-07b3e2d48dc4 is started using port 44190
2019-10-16 05:43:33,846 [main] INFO  ozone.MiniOzoneClusterImpl (MiniOzoneClusterImpl.java:lambda$waitForClusterToBeReady$0(147)) - Waiting for cluster to be ready. Got 0 of 3 DN Heartbeats.
2019-10-16 05:43:33,862 [Datanode State Machine Thread - 0] INFO  ozoneimpl.OzoneContainer (OzoneContainer.java:start(213)) - Attempting to start container services.
2019-10-16 05:43:33,864 [Datanode State Machine Thread - 0] INFO  ozoneimpl.OzoneContainer (OzoneContainer.java:startContainerScrub(177)) - Background container scanner has been disabled.
2019-10-16 05:43:33,864 [Datanode State Machine Thread - 0] INFO  ratis.XceiverServerRatis (XceiverServerRatis.java:start(418)) - Starting XceiverServerRatis 9b4198f4-6cbd-47e8-bfe4-aedb21d8f827 at port 0
2019-10-16 05:43:33,875 [Datanode State Machine Thread - 0] INFO  impl.RaftServerProxy (RaftServerProxy.java:lambda$start$3(299)) - 9b4198f4-6cbd-47e8-bfe4-aedb21d8f827: start RPC server
2019-10-16 05:43:33,877 [Datanode State Machine Thread - 0] INFO  server.GrpcService (GrpcService.java:startImpl(158)) - 9b4198f4-6cbd-47e8-bfe4-aedb21d8f827: GrpcService started, listening on 0.0.0.0/0.0.0.0:39177
2019-10-16 05:43:33,877 [Datanode State Machine Thread - 0] INFO  ratis.XceiverServerRatis (XceiverServerRatis.java:start(428)) - XceiverServerRatis 9b4198f4-6cbd-47e8-bfe4-aedb21d8f827 is started using port 39177
2019-10-16 05:43:33,879 [Datanode State Machine Thread - 0] INFO  server.XceiverServerGrpc (XceiverServerGrpc.java:start(149)) - XceiverServerGrpc 9b4198f4-6cbd-47e8-bfe4-aedb21d8f827 is started using port 45008
2019-10-16 05:43:34,847 [main] INFO  ozone.MiniOzoneClusterImpl (MiniOzoneClusterImpl.java:lambda$waitForClusterToBeReady$0(147)) - Waiting for cluster to be ready. Got 0 of 3 DN Heartbeats.
2019-10-16 05:43:35,694 [IPC Server handler 1 on 32900] INFO  net.NetworkTopology (NetworkTopologyImpl.java:add(111)) - Added a new node: /default-rack/dbf467a0-0c16-4c77-8fc8-07b3e2d48dc4
2019-10-16 05:43:35,696 [IPC Server handler 1 on 32900] INFO  node.SCMNodeManager (SCMNodeManager.java:register(268)) - Registered Data node : dbf467a0-0c16-4c77-8fc8-07b3e2d48dc4{ip: 192.168.69.104, host: pr-hdds-2312-q6qzp-1535798719, networkLocation: /default-rack, certSerialId: null}
2019-10-16 05:43:35,699 [EventQueue-NodeRegistrationContainerReportForDataNodeSafeModeRule] INFO  safemode.SCMSafeModeManager (DataNodeSafeModeRule.java:process(71)) - SCM in safe mode. 1 DataNodes registered, 1 required.
2019-10-16 05:43:35,700 [EventQueue-NodeRegistrationContainerReportForDataNodeSafeModeRule] INFO  safemode.SCMSafeModeManager (SCMSafeModeManager.java:validateSafeModeExitRules(177)) - ScmSafeModeManager, all rules are successfully validated
2019-10-16 05:43:35,700 [EventQueue-NodeRegistrationContainerReportForDataNodeSafeModeRule] INFO  safemode.SCMSafeModeManager (SCMSafeModeManager.java:exitSafeMode(193)) - SCM exiting safe mode.
2019-10-16 05:43:35,744 [IPC Server handler 0 on 32900] INFO  net.NetworkTopology (NetworkTopologyImpl.java:add(111)) - Added a new node: /default-rack/a683ec46-7ba5-463a-a97d-824dd7951247
2019-10-16 05:43:35,745 [IPC Server handler 0 on 32900] INFO  node.SCMNodeManager (SCMNodeManager.java:register(268)) - Registered Data node : a683ec46-7ba5-463a-a97d-824dd7951247{ip: 192.168.69.104, host: pr-hdds-2312-q6qzp-1535798719, networkLocation: /default-rack, certSerialId: null}
2019-10-16 05:43:35,848 [main] INFO  ozone.MiniOzoneClusterImpl (MiniOzoneClusterImpl.java:lambda$waitForClusterToBeReady$0(147)) - Waiting for cluster to be ready. Got 2 of 3 DN Heartbeats.
2019-10-16 05:43:35,850 [IPC Server handler 2 on 32900] INFO  net.NetworkTopology (NetworkTopologyImpl.java:add(111)) - Added a new node: /default-rack/9b4198f4-6cbd-47e8-bfe4-aedb21d8f827
2019-10-16 05:43:35,850 [IPC Server handler 2 on 32900] INFO  node.SCMNodeManager (SCMNodeManager.java:register(268)) - Registered Data node : 9b4198f4-6cbd-47e8-bfe4-aedb21d8f827{ip: 192.168.69.104, host: pr-hdds-2312-q6qzp-1535798719, networkLocation: /default-rack, certSerialId: null}
2019-10-16 05:43:36,175 [grpc-default-executor-0] INFO  impl.RaftServerProxy (RaftServerProxy.java:addNew(89)) - dbf467a0-0c16-4c77-8fc8-07b3e2d48dc4: addNew group-C71BC0C830B6:[dbf467a0-0c16-4c77-8fc8-07b3e2d48dc4:192.168.69.104:32967] returns group-C71BC0C830B6:java.util.concurrent.CompletableFuture@583b0417[Not completed]
2019-10-16 05:43:36,189 [pool-32-thread-1] INFO  impl.RaftServerImpl (RaftServerImpl.java:<init>(104)) - dbf467a0-0c16-4c77-8fc8-07b3e2d48dc4: new RaftServerImpl for group-C71BC0C830B6:[dbf467a0-0c16-4c77-8fc8-07b3e2d48dc4:192.168.69.104:32967] with ContainerStateMachine:uninitialized
2019-10-16 05:43:36,191 [pool-32-thread-1] INFO  server.RaftServerConfigKeys (ConfUtils.java:logGet(43)) - raft.server.rpc.timeout.min = 5s (custom)
2019-10-16 05:43:36,191 [pool-32-thread-1] INFO  server.RaftServerConfigKeys (ConfUtils.java:logGet(43)) - raft.server.rpc.timeout.max = 5200ms (custom)
2019-10-16 05:43:36,191 [pool-32-thread-1] INFO  server.RaftServerConfigKeys (ConfUtils.java:logGet(43)) - raft.server.rpcslowness.timeout = 120s (custom)
2019-10-16 05:43:36,191 [pool-32-thread-1] INFO  server.RaftServerConfigKeys (ConfUtils.java:logGet(43)) - raft.server.sleep.deviation.threshold = 300 (default)
2019-10-16 05:43:36,192 [pool-32-thread-1] INFO  server.RaftServerConfigKeys (ConfUtils.java:logGet(43)) - raft.server.log.appender.install.snapshot.enabled = false (custom)
2019-10-16 05:43:36,192 [pool-32-thread-1] INFO  impl.RaftServerImpl (ServerState.java:<init>(103)) - dbf467a0-0c16-4c77-8fc8-07b3e2d48dc4@group-C71BC0C830B6: ConfigurationManager, init=-1: [dbf467a0-0c16-4c77-8fc8-07b3e2d48dc4:192.168.69.104:32967], old=null, confs=<EMPTY_MAP>
2019-10-16 05:43:36,192 [pool-32-thread-1] INFO  server.RaftServerConfigKeys (ConfUtils.java:logGet(43)) - raft.server.storage.dir = [/workdir/hadoop-ozone/integration-test/target/test-dir/MiniOzoneClusterImpl-7e713ef8-135d-4b72-83a4-970ab5ab51ec/datanode-0/data/ratis] (custom)
2019-10-16 05:43:36,193 [pool-32-thread-1] INFO  server.RaftServerConfigKeys (ConfUtils.java:logGet(43)) - raft.server.log.corruption.policy = EXCEPTION (default)
2019-10-16 05:43:36,194 [pool-32-thread-1] INFO  storage.RaftStorageDirectory (RaftStorageDirectory.java:analyzeStorage(246)) - The storage directory /workdir/hadoop-ozone/integration-test/target/test-dir/MiniOzoneClusterImpl-7e713ef8-135d-4b72-83a4-970ab5ab51ec/datanode-0/data/ratis/ecbd3622-9148-4668-8728-c71bc0c830b6 does not exist. Creating ...
2019-10-16 05:43:36,209 [pool-32-thread-1] INFO  storage.RaftStorageDirectory (RaftStorageDirectory.java:tryLock(328)) - Lock on /workdir/hadoop-ozone/integration-test/target/test-dir/MiniOzoneClusterImpl-7e713ef8-135d-4b72-83a4-970ab5ab51ec/datanode-0/data/ratis/ecbd3622-9148-4668-8728-c71bc0c830b6/in_use.lock acquired by nodename 18194@pr-hdds-2312-q6qzp-1535798719
2019-10-16 05:43:36,230 [pool-32-thread-1] INFO  storage.RaftStorage (RaftStorage.java:format(84)) - Storage directory /workdir/hadoop-ozone/integration-test/target/test-dir/MiniOzoneClusterImpl-7e713ef8-135d-4b72-83a4-970ab5ab51ec/datanode-0/data/ratis/ecbd3622-9148-4668-8728-c71bc0c830b6 has been successfully formatted.
2019-10-16 05:43:36,232 [pool-32-thread-1] INFO  ratis.ContainerStateMachine (ContainerStateMachine.java:loadSnapshot(231)) - group-C71BC0C830B6: The snapshot info is null. Setting the last applied indexto:(t:0, i:~)
2019-10-16 05:43:36,232 [pool-32-thread-1] INFO  server.RaftServerConfigKeys (ConfUtils.java:logGet(43)) - raft.server.notification.no-leader.timeout = 120s (custom)
2019-10-16 05:43:36,233 [pool-32-thread-1] INFO  server.RaftServerConfigKeys (ConfUtils.java:logGet(43)) - raft.server.log.use.memory = false (default)
2019-10-16 05:43:36,233 [pool-32-thread-1] INFO  server.RaftServerConfigKeys (ConfUtils.java:logGet(43)) - raft.server.log.purge.gap = 1000000 (custom)
2019-10-16 05:43:36,233 [pool-32-thread-1] INFO  server.RaftServerConfigKeys (ConfUtils.java:logGet(43)) - raft.server.log.appender.buffer.byte-limit = 33554432 (custom)
2019-10-16 05:43:36,234 [pool-32-thread-1] INFO  server.RaftServerConfigKeys (ConfUtils.java:logGet(43)) - raft.server.log.segment.size.max = 1048576 (custom)
2019-10-16 05:43:36,244 [pool-32-thread-1] INFO  server.RaftServerConfigKeys (ConfUtils.java:logGet(43)) - raft.server.log.segment.cache.num.max = 2 (custom)
2019-10-16 05:43:36,244 [pool-32-thread-1] INFO  segmented.SegmentedRaftLogWorker (SegmentedRaftLogWorker.java:<init>(173)) - new dbf467a0-0c16-4c77-8fc8-07b3e2d48dc4@group-C71BC0C830B6-SegmentedRaftLogWorker for RaftStorage:Storage Directory /workdir/hadoop-ozone/integration-test/target/test-dir/MiniOzoneClusterImpl-7e713ef8-135d-4b72-83a4-970ab5ab51ec/datanode-0/data/ratis/ecbd3622-9148-4668-8728-c71bc0c830b6
2019-10-16 05:43:36,244 [pool-32-thread-1] INFO  server.RaftServerConfigKeys (ConfUtils.java:logGet(43)) - raft.server.log.queue.byte-limit = 2147483647 (custom)
2019-10-16 05:43:36,245 [pool-32-thread-1] INFO  server.RaftServerConfigKeys (ConfUtils.java:logGet(43)) - raft.server.log.queue.element-limit = 1024 (custom)
2019-10-16 05:43:36,245 [pool-32-thread-1] INFO  server.RaftServerConfigKeys (ConfUtils.java:logGet(43)) - raft.server.log.segment.size.max = 1048576 (custom)
2019-10-16 05:43:36,245 [pool-32-thread-1] INFO  server.RaftServerConfigKeys (ConfUtils.java:logGet(43)) - raft.server.log.preallocated.size = 16384 (custom)
2019-10-16 05:43:36,245 [pool-32-thread-1] INFO  server.RaftServerConfigKeys (ConfUtils.java:logGet(43)) - raft.server.log.write.buffer.size = 33554432 (custom)
2019-10-16 05:43:36,246 [pool-32-thread-1] INFO  server.RaftServerConfigKeys (ConfUtils.java:logGet(43)) - raft.server.log.force.sync.num = 128 (default)
2019-10-16 05:43:36,246 [pool-32-thread-1] INFO  server.RaftServerConfigKeys (ConfUtils.java:logGet(43)) - raft.server.log.statemachine.data.sync = true (default)
2019-10-16 05:43:36,246 [pool-32-thread-1] INFO  server.RaftServerConfigKeys (ConfUtils.java:logGet(43)) - raft.server.log.statemachine.data.sync.timeout = 10s (default)
2019-10-16 05:43:36,247 [pool-32-thread-1] INFO  server.RaftServerConfigKeys (ConfUtils.java:logGet(43)) - raft.server.log.statemachine.data.sync.timeout.retry = -1 (default)
2019-10-16 05:43:36,248 [pool-32-thread-1] INFO  server.RaftServerConfigKeys (ConfUtils.java:logGet(43)) - raft.server.log.statemachine.data.caching.enabled = true (custom)
2019-10-16 05:43:36,249 [pool-32-thread-1] INFO  segmented.SegmentedRaftLogWorker (SegmentedRaftLogWorker.java:lambda$new$0(128)) - dbf467a0-0c16-4c77-8fc8-07b3e2d48dc4@group-C71BC0C830B6-SegmentedRaftLogWorker: flushIndex: setUnconditionally 0 -> -1
2019-10-16 05:43:36,249 [pool-32-thread-1] INFO  server.RaftServerConfigKeys (ConfUtils.java:logGet(43)) - raft.server.snapshot.auto.trigger.enabled = true (custom)
2019-10-16 05:43:36,250 [pool-32-thread-1] INFO  server.RaftServerConfigKeys (ConfUtils.java:logGet(43)) - raft.server.snapshot.auto.trigger.threshold = 10000 (custom)
2019-10-16 05:43:36,250 [pool-32-thread-1] INFO  server.RaftServerConfigKeys (ConfUtils.java:logGet(43)) - raft.server.snapshot.retention.file.num = 5 (custom)
2019-10-16 05:43:36,250 [pool-32-thread-1] INFO  server.RaftServerConfigKeys (ConfUtils.java:logGet(43)) - raft.server.retrycache.expirytime = 600000ms (custom)
2019-10-16 05:43:36,264 [pool-32-thread-1] INFO  impl.RaftServerImpl (RaftServerImpl.java:start(195)) - dbf467a0-0c16-4c77-8fc8-07b3e2d48dc4@group-C71BC0C830B6: start as a follower, conf=-1: [dbf467a0-0c16-4c77-8fc8-07b3e2d48dc4:192.168.69.104:32967], old=null
2019-10-16 05:43:36,265 [pool-32-thread-1] INFO  impl.RaftServerImpl (RaftServerImpl.java:setRole(184)) - dbf467a0-0c16-4c77-8fc8-07b3e2d48dc4@group-C71BC0C830B6: changes role from      null to FOLLOWER at term 0 for startAsFollower
2019-10-16 05:43:36,265 [pool-32-thread-1] INFO  impl.RoleInfo (RoleInfo.java:updateAndGet(143)) - dbf467a0-0c16-4c77-8fc8-07b3e2d48dc4: start FollowerState
2019-10-16 05:43:36,266 [pool-32-thread-1] INFO  util.JmxRegister (JmxRegister.java:tryRegister(44)) - Successfully registered JMX Bean with object name Ratis:service=RaftServer,group=group-C71BC0C830B6,id=dbf467a0-0c16-4c77-8fc8-07b3e2d48dc4
2019-10-16 05:43:36,273 [Thread-187] INFO  impl.FollowerState (FollowerState.java:run(108)) - dbf467a0-0c16-4c77-8fc8-07b3e2d48dc4@group-C71BC0C830B6-FollowerState: change to CANDIDATE, lastRpcTime:7ms, electionTimeout:7ms
2019-10-16 05:43:36,274 [Thread-187] INFO  impl.RoleInfo (RoleInfo.java:shutdownFollowerState(121)) - dbf467a0-0c16-4c77-8fc8-07b3e2d48dc4: shutdown FollowerState
2019-10-16 05:43:36,274 [Thread-187] INFO  impl.RaftServerImpl (RaftServerImpl.java:setRole(184)) - dbf467a0-0c16-4c77-8fc8-07b3e2d48dc4@group-C71BC0C830B6: changes role from  FOLLOWER to CANDIDATE at term 0 for changeToCandidate
2019-10-16 05:43:36,275 [Thread-187] INFO  impl.RoleInfo (RoleInfo.java:updateAndGet(143)) - dbf467a0-0c16-4c77-8fc8-07b3e2d48dc4: start LeaderElection
2019-10-16 05:43:36,289 [dbf467a0-0c16-4c77-8fc8-07b3e2d48dc4@group-C71BC0C830B6-LeaderElection2] INFO  impl.LeaderElection (LeaderElection.java:askForVotes(178)) - dbf467a0-0c16-4c77-8fc8-07b3e2d48dc4@group-C71BC0C830B6-LeaderElection2: begin an election at term 1 for -1: [dbf467a0-0c16-4c77-8fc8-07b3e2d48dc4:192.168.69.104:32967], old=null
2019-10-16 05:43:36,290 [dbf467a0-0c16-4c77-8fc8-07b3e2d48dc4@group-C71BC0C830B6-LeaderElection2] INFO  impl.RoleInfo (RoleInfo.java:shutdownLeaderElection(134)) - dbf467a0-0c16-4c77-8fc8-07b3e2d48dc4: shutdown LeaderElection
2019-10-16 05:43:36,291 [dbf467a0-0c16-4c77-8fc8-07b3e2d48dc4@group-C71BC0C830B6-LeaderElection2] INFO  impl.RaftServerImpl (RaftServerImpl.java:setRole(184)) - dbf467a0-0c16-4c77-8fc8-07b3e2d48dc4@group-C71BC0C830B6: changes role from CANDIDATE to LEADER at term 1 for changeToLeader
2019-10-16 05:43:36,291 [dbf467a0-0c16-4c77-8fc8-07b3e2d48dc4@group-C71BC0C830B6-LeaderElection2] INFO  impl.RaftServerImpl (ServerState.java:setLeader(256)) - dbf467a0-0c16-4c77-8fc8-07b3e2d48dc4@group-C71BC0C830B6: change Leader from null to dbf467a0-0c16-4c77-8fc8-07b3e2d48dc4 at term 1 for becomeLeader, leader elected after 58ms
2019-10-16 05:43:36,291 [dbf467a0-0c16-4c77-8fc8-07b3e2d48dc4@group-C71BC0C830B6-LeaderElection2] INFO  server.RaftServerConfigKeys (ConfUtils.java:logGet(43)) - raft.server.staging.catchup.gap = 1000 (default)
2019-10-16 05:43:36,291 [dbf467a0-0c16-4c77-8fc8-07b3e2d48dc4@group-C71BC0C830B6-LeaderElection2] INFO  server.RaftServerConfigKeys (ConfUtils.java:logGet(43)) - raft.server.rpc.sleep.time = 25ms (default)
2019-10-16 05:43:36,293 [dbf467a0-0c16-4c77-8fc8-07b3e2d48dc4@group-C71BC0C830B6-LeaderElection2] INFO  server.RaftServerConfigKeys (ConfUtils.java:logGet(43)) - raft.server.write.element-limit = 4096 (default)
2019-10-16 05:43:36,293 [dbf467a0-0c16-4c77-8fc8-07b3e2d48dc4@group-C71BC0C830B6-LeaderElection2] INFO  server.RaftServerConfigKeys (ConfUtils.java:logGet(43)) - raft.server.watch.timeout = 10s (default)
2019-10-16 05:43:36,293 [dbf467a0-0c16-4c77-8fc8-07b3e2d48dc4@group-C71BC0C830B6-LeaderElection2] INFO  server.RaftServerConfigKeys (ConfUtils.java:logGet(43)) - raft.server.watch.timeout.denomination = 1s (default)
2019-10-16 05:43:36,294 [dbf467a0-0c16-4c77-8fc8-07b3e2d48dc4@group-C71BC0C830B6-LeaderElection2] INFO  server.RaftServerConfigKeys (ConfUtils.java:logGet(43)) - raft.server.watch.element-limit = 65536 (default)
2019-10-16 05:43:36,301 [dbf467a0-0c16-4c77-8fc8-07b3e2d48dc4@group-C71BC0C830B6-LeaderElection2] INFO  impl.RoleInfo (RoleInfo.java:updateAndGet(143)) - dbf467a0-0c16-4c77-8fc8-07b3e2d48dc4: start LeaderState
2019-10-16 05:43:36,302 [dbf467a0-0c16-4c77-8fc8-07b3e2d48dc4@group-C71BC0C830B6-LeaderElection2] INFO  segmented.SegmentedRaftLogWorker (SegmentedRaftLogWorker.java:startLogSegment(385)) - dbf467a0-0c16-4c77-8fc8-07b3e2d48dc4@group-C71BC0C830B6-SegmentedRaftLogWorker: Starting segment from index:0
2019-10-16 05:43:36,304 [dbf467a0-0c16-4c77-8fc8-07b3e2d48dc4@group-C71BC0C830B6-LeaderElection2] INFO  impl.RaftServerImpl (ServerState.java:setRaftConf(357)) - dbf467a0-0c16-4c77-8fc8-07b3e2d48dc4@group-C71BC0C830B6: set configuration 0: [dbf467a0-0c16-4c77-8fc8-07b3e2d48dc4:192.168.69.104:32967], old=null at 0
2019-10-16 05:43:36,356 [dbf467a0-0c16-4c77-8fc8-07b3e2d48dc4@group-C71BC0C830B6-SegmentedRaftLogWorker] INFO  segmented.SegmentedRaftLogWorker (SegmentedRaftLogWorker.java:execute(576)) - dbf467a0-0c16-4c77-8fc8-07b3e2d48dc4@group-C71BC0C830B6-SegmentedRaftLogWorker: created new log segment /workdir/hadoop-ozone/integration-test/target/test-dir/MiniOzoneClusterImpl-7e713ef8-135d-4b72-83a4-970ab5ab51ec/datanode-0/data/ratis/ecbd3622-9148-4668-8728-c71bc0c830b6/current/log_inprogress_0
2019-10-16 05:43:36,371 [RatisPipelineUtilsThread] INFO  pipeline.PipelineStateManager (PipelineStateManager.java:addPipeline(56)) - Created pipeline Pipeline[ Id: ecbd3622-9148-4668-8728-c71bc0c830b6, Nodes: dbf467a0-0c16-4c77-8fc8-07b3e2d48dc4{ip: 192.168.69.104, host: pr-hdds-2312-q6qzp-1535798719, networkLocation: /default-rack, certSerialId: null}, Type:RATIS, Factor:ONE, State:OPEN]
2019-10-16 05:43:36,391 [grpc-default-executor-0] INFO  impl.RaftServerProxy (RaftServerProxy.java:addNew(89)) - 9b4198f4-6cbd-47e8-bfe4-aedb21d8f827: addNew group-B78916C56B22:[9b4198f4-6cbd-47e8-bfe4-aedb21d8f827:192.168.69.104:39177] returns group-B78916C56B22:java.util.concurrent.CompletableFuture@4dc2d1f2[Not completed]
2019-10-16 05:43:36,402 [pool-52-thread-1] INFO  impl.RaftServerImpl (RaftServerImpl.java:<init>(104)) - 9b4198f4-6cbd-47e8-bfe4-aedb21d8f827: new RaftServerImpl for group-B78916C56B22:[9b4198f4-6cbd-47e8-bfe4-aedb21d8f827:192.168.69.104:39177] with ContainerStateMachine:uninitialized
2019-10-16 05:43:36,403 [pool-52-thread-1] INFO  server.RaftServerConfigKeys (ConfUtils.java:logGet(43)) - raft.server.rpc.timeout.min = 5s (custom)
2019-10-16 05:43:36,403 [pool-52-thread-1] INFO  server.RaftServerConfigKeys (ConfUtils.java:logGet(43)) - raft.server.rpc.timeout.max = 5200ms (custom)
2019-10-16 05:43:36,404 [pool-52-thread-1] INFO  server.RaftServerConfigKeys (ConfUtils.java:logGet(43)) - raft.server.rpcslowness.timeout = 120s (custom)
2019-10-16 05:43:36,404 [pool-52-thread-1] INFO  server.RaftServerConfigKeys (ConfUtils.java:logGet(43)) - raft.server.sleep.deviation.threshold = 300 (default)
2019-10-16 05:43:36,404 [pool-52-thread-1] INFO  server.RaftServerConfigKeys (ConfUtils.java:logGet(43)) - raft.server.log.appender.install.snapshot.enabled = false (custom)
2019-10-16 05:43:36,404 [pool-52-thread-1] INFO  impl.RaftServerImpl (ServerState.java:<init>(103)) - 9b4198f4-6cbd-47e8-bfe4-aedb21d8f827@group-B78916C56B22: ConfigurationManager, init=-1: [9b4198f4-6cbd-47e8-bfe4-aedb21d8f827:192.168.69.104:39177], old=null, confs=<EMPTY_MAP>
2019-10-16 05:43:36,404 [pool-52-thread-1] INFO  server.RaftServerConfigKeys (ConfUtils.java:logGet(43)) - raft.server.storage.dir = [/workdir/hadoop-ozone/integration-test/target/test-dir/MiniOzoneClusterImpl-7e713ef8-135d-4b72-83a4-970ab5ab51ec/datanode-2/data/ratis] (custom)
2019-10-16 05:43:36,405 [pool-52-thread-1] INFO  server.RaftServerConfigKeys (ConfUtils.java:logGet(43)) - raft.server.log.corruption.policy = EXCEPTION (default)
2019-10-16 05:43:36,405 [pool-52-thread-1] INFO  storage.RaftStorageDirectory (RaftStorageDirectory.java:analyzeStorage(246)) - The storage directory /workdir/hadoop-ozone/integration-test/target/test-dir/MiniOzoneClusterImpl-7e713ef8-135d-4b72-83a4-970ab5ab51ec/datanode-2/data/ratis/21e340bb-4889-4592-bc6f-b78916c56b22 does not exist. Creating ...
2019-10-16 05:43:36,430 [pool-52-thread-1] INFO  storage.RaftStorageDirectory (RaftStorageDirectory.java:tryLock(328)) - Lock on /workdir/hadoop-ozone/integration-test/target/test-dir/MiniOzoneClusterImpl-7e713ef8-135d-4b72-83a4-970ab5ab51ec/datanode-2/data/ratis/21e340bb-4889-4592-bc6f-b78916c56b22/in_use.lock acquired by nodename 18194@pr-hdds-2312-q6qzp-1535798719
2019-10-16 05:43:36,443 [pool-52-thread-1] INFO  storage.RaftStorage (RaftStorage.java:format(84)) - Storage directory /workdir/hadoop-ozone/integration-test/target/test-dir/MiniOzoneClusterImpl-7e713ef8-135d-4b72-83a4-970ab5ab51ec/datanode-2/data/ratis/21e340bb-4889-4592-bc6f-b78916c56b22 has been successfully formatted.
2019-10-16 05:43:36,443 [pool-52-thread-1] INFO  ratis.ContainerStateMachine (ContainerStateMachine.java:loadSnapshot(231)) - group-B78916C56B22: The snapshot info is null. Setting the last applied indexto:(t:0, i:~)
2019-10-16 05:43:36,444 [pool-52-thread-1] INFO  server.RaftServerConfigKeys (ConfUtils.java:logGet(43)) - raft.server.notification.no-leader.timeout = 120s (custom)
2019-10-16 05:43:36,444 [pool-52-thread-1] INFO  server.RaftServerConfigKeys (ConfUtils.java:logGet(43)) - raft.server.log.use.memory = false (default)
2019-10-16 05:43:36,445 [pool-52-thread-1] INFO  server.RaftServerConfigKeys (ConfUtils.java:logGet(43)) - raft.server.log.purge.gap = 1000000 (custom)
2019-10-16 05:43:36,445 [pool-52-thread-1] INFO  server.RaftServerConfigKeys (ConfUtils.java:logGet(43)) - raft.server.log.appender.buffer.byte-limit = 33554432 (custom)
2019-10-16 05:43:36,445 [pool-52-thread-1] INFO  server.RaftServerConfigKeys (ConfUtils.java:logGet(43)) - raft.server.log.segment.size.max = 1048576 (custom)
2019-10-16 05:43:36,450 [pool-52-thread-1] INFO  server.RaftServerConfigKeys (ConfUtils.java:logGet(43)) - raft.server.log.segment.cache.num.max = 2 (custom)
2019-10-16 05:43:36,450 [pool-52-thread-1] INFO  segmented.SegmentedRaftLogWorker (SegmentedRaftLogWorker.java:<init>(173)) - new 9b4198f4-6cbd-47e8-bfe4-aedb21d8f827@group-B78916C56B22-SegmentedRaftLogWorker for RaftStorage:Storage Directory /workdir/hadoop-ozone/integration-test/target/test-dir/MiniOzoneClusterImpl-7e713ef8-135d-4b72-83a4-970ab5ab51ec/datanode-2/data/ratis/21e340bb-4889-4592-bc6f-b78916c56b22
2019-10-16 05:43:36,451 [pool-52-thread-1] INFO  server.RaftServerConfigKeys (ConfUtils.java:logGet(43)) - raft.server.log.queue.byte-limit = 2147483647 (custom)
2019-10-16 05:43:36,451 [pool-52-thread-1] INFO  server.RaftServerConfigKeys (ConfUtils.java:logGet(43)) - raft.server.log.queue.element-limit = 1024 (custom)
2019-10-16 05:43:36,451 [pool-52-thread-1] INFO  server.RaftServerConfigKeys (ConfUtils.java:logGet(43)) - raft.server.log.segment.size.max = 1048576 (custom)
2019-10-16 05:43:36,451 [pool-52-thread-1] INFO  server.RaftServerConfigKeys (ConfUtils.java:logGet(43)) - raft.server.log.preallocated.size = 16384 (custom)
2019-10-16 05:43:36,452 [pool-52-thread-1] INFO  server.RaftServerConfigKeys (ConfUtils.java:logGet(43)) - raft.server.log.write.buffer.size = 33554432 (custom)
2019-10-16 05:43:36,452 [pool-52-thread-1] INFO  server.RaftServerConfigKeys (ConfUtils.java:logGet(43)) - raft.server.log.force.sync.num = 128 (default)
2019-10-16 05:43:36,452 [pool-52-thread-1] INFO  server.RaftServerConfigKeys (ConfUtils.java:logGet(43)) - raft.server.log.statemachine.data.sync = true (default)
2019-10-16 05:43:36,452 [pool-52-thread-1] INFO  server.RaftServerConfigKeys (ConfUtils.java:logGet(43)) - raft.server.log.statemachine.data.sync.timeout = 10s (default)
2019-10-16 05:43:36,453 [pool-52-thread-1] INFO  server.RaftServerConfigKeys (ConfUtils.java:logGet(43)) - raft.server.log.statemachine.data.sync.timeout.retry = -1 (default)
2019-10-16 05:43:36,454 [pool-52-thread-1] INFO  server.RaftServerConfigKeys (ConfUtils.java:logGet(43)) - raft.server.log.statemachine.data.caching.enabled = true (custom)
2019-10-16 05:43:36,454 [pool-52-thread-1] INFO  segmented.SegmentedRaftLogWorker (SegmentedRaftLogWorker.java:lambda$new$0(128)) - 9b4198f4-6cbd-47e8-bfe4-aedb21d8f827@group-B78916C56B22-SegmentedRaftLogWorker: flushIndex: setUnconditionally 0 -> -1
2019-10-16 05:43:36,455 [pool-52-thread-1] INFO  server.RaftServerConfigKeys (ConfUtils.java:logGet(43)) - raft.server.snapshot.auto.trigger.enabled = true (custom)
2019-10-16 05:43:36,455 [pool-52-thread-1] INFO  server.RaftServerConfigKeys (ConfUtils.java:logGet(43)) - raft.server.snapshot.auto.trigger.threshold = 10000 (custom)
2019-10-16 05:43:36,455 [pool-52-thread-1] INFO  server.RaftServerConfigKeys (ConfUtils.java:logGet(43)) - raft.server.snapshot.retention.file.num = 5 (custom)
2019-10-16 05:43:36,456 [pool-52-thread-1] INFO  server.RaftServerConfigKeys (ConfUtils.java:logGet(43)) - raft.server.retrycache.expirytime = 600000ms (custom)
2019-10-16 05:43:36,464 [pool-52-thread-1] INFO  impl.RaftServerImpl (RaftServerImpl.java:start(195)) - 9b4198f4-6cbd-47e8-bfe4-aedb21d8f827@group-B78916C56B22: start as a follower, conf=-1: [9b4198f4-6cbd-47e8-bfe4-aedb21d8f827:192.168.69.104:39177], old=null
2019-10-16 05:43:36,464 [pool-52-thread-1] INFO  impl.RaftServerImpl (RaftServerImpl.java:setRole(184)) - 9b4198f4-6cbd-47e8-bfe4-aedb21d8f827@group-B78916C56B22: changes role from      null to FOLLOWER at term 0 for startAsFollower
2019-10-16 05:43:36,464 [pool-52-thread-1] INFO  impl.RoleInfo (RoleInfo.java:updateAndGet(143)) - 9b4198f4-6cbd-47e8-bfe4-aedb21d8f827: start FollowerState
2019-10-16 05:43:36,465 [pool-52-thread-1] INFO  util.JmxRegister (JmxRegister.java:tryRegister(44)) - Successfully registered JMX Bean with object name Ratis:service=RaftServer,group=group-B78916C56B22,id=9b4198f4-6cbd-47e8-bfe4-aedb21d8f827
2019-10-16 05:43:36,481 [RatisPipelineUtilsThread] INFO  pipeline.PipelineStateManager (PipelineStateManager.java:addPipeline(56)) - Created pipeline Pipeline[ Id: 21e340bb-4889-4592-bc6f-b78916c56b22, Nodes: 9b4198f4-6cbd-47e8-bfe4-aedb21d8f827{ip: 192.168.69.104, host: pr-hdds-2312-q6qzp-1535798719, networkLocation: /default-rack, certSerialId: null}, Type:RATIS, Factor:ONE, State:OPEN]
2019-10-16 05:43:36,504 [grpc-default-executor-0] INFO  impl.RaftServerProxy (RaftServerProxy.java:addNew(89)) - a683ec46-7ba5-463a-a97d-824dd7951247: addNew group-B01F38EEA3FB:[a683ec46-7ba5-463a-a97d-824dd7951247:192.168.69.104:41416] returns group-B01F38EEA3FB:java.util.concurrent.CompletableFuture@4ed48130[Not completed]
2019-10-16 05:43:36,505 [pool-42-thread-1] INFO  impl.RaftServerImpl (RaftServerImpl.java:<init>(104)) - a683ec46-7ba5-463a-a97d-824dd7951247: new RaftServerImpl for group-B01F38EEA3FB:[a683ec46-7ba5-463a-a97d-824dd7951247:192.168.69.104:41416] with ContainerStateMachine:uninitialized
2019-10-16 05:43:36,506 [pool-42-thread-1] INFO  server.RaftServerConfigKeys (ConfUtils.java:logGet(43)) - raft.server.rpc.timeout.min = 5s (custom)
2019-10-16 05:43:36,507 [pool-42-thread-1] INFO  server.RaftServerConfigKeys (ConfUtils.java:logGet(43)) - raft.server.rpc.timeout.max = 5200ms (custom)
2019-10-16 05:43:36,507 [pool-42-thread-1] INFO  server.RaftServerConfigKeys (ConfUtils.java:logGet(43)) - raft.server.rpcslowness.timeout = 120s (custom)
2019-10-16 05:43:36,507 [pool-42-thread-1] INFO  server.RaftServerConfigKeys (ConfUtils.java:logGet(43)) - raft.server.sleep.deviation.threshold = 300 (default)
2019-10-16 05:43:36,507 [pool-42-thread-1] INFO  server.RaftServerConfigKeys (ConfUtils.java:logGet(43)) - raft.server.log.appender.install.snapshot.enabled = false (custom)
2019-10-16 05:43:36,507 [pool-42-thread-1] INFO  impl.RaftServerImpl (ServerState.java:<init>(103)) - a683ec46-7ba5-463a-a97d-824dd7951247@group-B01F38EEA3FB: ConfigurationManager, init=-1: [a683ec46-7ba5-463a-a97d-824dd7951247:192.168.69.104:41416], old=null, confs=<EMPTY_MAP>
2019-10-16 05:43:36,508 [pool-42-thread-1] INFO  server.RaftServerConfigKeys (ConfUtils.java:logGet(43)) - raft.server.storage.dir = [/workdir/hadoop-ozone/integration-test/target/test-dir/MiniOzoneClusterImpl-7e713ef8-135d-4b72-83a4-970ab5ab51ec/datanode-1/data/ratis] (custom)
2019-10-16 05:43:36,508 [pool-42-thread-1] INFO  server.RaftServerConfigKeys (ConfUtils.java:logGet(43)) - raft.server.log.corruption.policy = EXCEPTION (default)
2019-10-16 05:43:36,508 [pool-42-thread-1] INFO  storage.RaftStorageDirectory (RaftStorageDirectory.java:analyzeStorage(246)) - The storage directory /workdir/hadoop-ozone/integration-test/target/test-dir/MiniOzoneClusterImpl-7e713ef8-135d-4b72-83a4-970ab5ab51ec/datanode-1/data/ratis/63f9f512-72d5-47fb-b6fc-b01f38eea3fb does not exist. Creating ...
2019-10-16 05:43:36,521 [pool-42-thread-1] INFO  storage.RaftStorageDirectory (RaftStorageDirectory.java:tryLock(328)) - Lock on /workdir/hadoop-ozone/integration-test/target/test-dir/MiniOzoneClusterImpl-7e713ef8-135d-4b72-83a4-970ab5ab51ec/datanode-1/data/ratis/63f9f512-72d5-47fb-b6fc-b01f38eea3fb/in_use.lock acquired by nodename 18194@pr-hdds-2312-q6qzp-1535798719
2019-10-16 05:43:36,534 [pool-42-thread-1] INFO  storage.RaftStorage (RaftStorage.java:format(84)) - Storage directory /workdir/hadoop-ozone/integration-test/target/test-dir/MiniOzoneClusterImpl-7e713ef8-135d-4b72-83a4-970ab5ab51ec/datanode-1/data/ratis/63f9f512-72d5-47fb-b6fc-b01f38eea3fb has been successfully formatted.
2019-10-16 05:43:36,534 [pool-42-thread-1] INFO  ratis.ContainerStateMachine (ContainerStateMachine.java:loadSnapshot(231)) - group-B01F38EEA3FB: The snapshot info is null. Setting the last applied indexto:(t:0, i:~)
2019-10-16 05:43:36,534 [pool-42-thread-1] INFO  server.RaftServerConfigKeys (ConfUtils.java:logGet(43)) - raft.server.notification.no-leader.timeout = 120s (custom)
2019-10-16 05:43:36,534 [pool-42-thread-1] INFO  server.RaftServerConfigKeys (ConfUtils.java:logGet(43)) - raft.server.log.use.memory = false (default)
2019-10-16 05:43:36,534 [pool-42-thread-1] INFO  server.RaftServerConfigKeys (ConfUtils.java:logGet(43)) - raft.server.log.purge.gap = 1000000 (custom)
2019-10-16 05:43:36,535 [pool-42-thread-1] INFO  server.RaftServerConfigKeys (ConfUtils.java:logGet(43)) - raft.server.log.appender.buffer.byte-limit = 33554432 (custom)
2019-10-16 05:43:36,535 [pool-42-thread-1] INFO  server.RaftServerConfigKeys (ConfUtils.java:logGet(43)) - raft.server.log.segment.size.max = 1048576 (custom)
2019-10-16 05:43:36,537 [pool-42-thread-1] INFO  server.RaftServerConfigKeys (ConfUtils.java:logGet(43)) - raft.server.log.segment.cache.num.max = 2 (custom)
2019-10-16 05:43:36,537 [pool-42-thread-1] INFO  segmented.SegmentedRaftLogWorker (SegmentedRaftLogWorker.java:<init>(173)) - new a683ec46-7ba5-463a-a97d-824dd7951247@group-B01F38EEA3FB-SegmentedRaftLogWorker for RaftStorage:Storage Directory /workdir/hadoop-ozone/integration-test/target/test-dir/MiniOzoneClusterImpl-7e713ef8-135d-4b72-83a4-970ab5ab51ec/datanode-1/data/ratis/63f9f512-72d5-47fb-b6fc-b01f38eea3fb
2019-10-16 05:43:36,537 [pool-42-thread-1] INFO  server.RaftServerConfigKeys (ConfUtils.java:logGet(43)) - raft.server.log.queue.byte-limit = 2147483647 (custom)
2019-10-16 05:43:36,538 [pool-42-thread-1] INFO  server.RaftServerConfigKeys (ConfUtils.java:logGet(43)) - raft.server.log.queue.element-limit = 1024 (custom)
2019-10-16 05:43:36,538 [pool-42-thread-1] INFO  server.RaftServerConfigKeys (ConfUtils.java:logGet(43)) - raft.server.log.segment.size.max = 1048576 (custom)
2019-10-16 05:43:36,538 [pool-42-thread-1] INFO  server.RaftServerConfigKeys (ConfUtils.java:logGet(43)) - raft.server.log.preallocated.size = 16384 (custom)
2019-10-16 05:43:36,538 [pool-42-thread-1] INFO  server.RaftServerConfigKeys (ConfUtils.java:logGet(43)) - raft.server.log.write.buffer.size = 33554432 (custom)
2019-10-16 05:43:36,538 [pool-42-thread-1] INFO  server.RaftServerConfigKeys (ConfUtils.java:logGet(43)) - raft.server.log.force.sync.num = 128 (default)
2019-10-16 05:43:36,538 [pool-42-thread-1] INFO  server.RaftServerConfigKeys (ConfUtils.java:logGet(43)) - raft.server.log.statemachine.data.sync = true (default)
2019-10-16 05:43:36,538 [pool-42-thread-1] INFO  server.RaftServerConfigKeys (ConfUtils.java:logGet(43)) - raft.server.log.statemachine.data.sync.timeout = 10s (default)
2019-10-16 05:43:36,538 [pool-42-thread-1] INFO  server.RaftServerConfigKeys (ConfUtils.java:logGet(43)) - raft.server.log.statemachine.data.sync.timeout.retry = -1 (default)
2019-10-16 05:43:36,539 [pool-42-thread-1] INFO  server.RaftServerConfigKeys (ConfUtils.java:logGet(43)) - raft.server.log.statemachine.data.caching.enabled = true (custom)
2019-10-16 05:43:36,539 [pool-42-thread-1] INFO  segmented.SegmentedRaftLogWorker (SegmentedRaftLogWorker.java:lambda$new$0(128)) - a683ec46-7ba5-463a-a97d-824dd7951247@group-B01F38EEA3FB-SegmentedRaftLogWorker: flushIndex: setUnconditionally 0 -> -1
2019-10-16 05:43:36,539 [pool-42-thread-1] INFO  server.RaftServerConfigKeys (ConfUtils.java:logGet(43)) - raft.server.snapshot.auto.trigger.enabled = true (custom)
2019-10-16 05:43:36,540 [pool-42-thread-1] INFO  server.RaftServerConfigKeys (ConfUtils.java:logGet(43)) - raft.server.snapshot.auto.trigger.threshold = 10000 (custom)
2019-10-16 05:43:36,540 [pool-42-thread-1] INFO  server.RaftServerConfigKeys (ConfUtils.java:logGet(43)) - raft.server.snapshot.retention.file.num = 5 (custom)
2019-10-16 05:43:36,540 [pool-42-thread-1] INFO  server.RaftServerConfigKeys (ConfUtils.java:logGet(43)) - raft.server.retrycache.expirytime = 600000ms (custom)
2019-10-16 05:43:36,546 [pool-42-thread-1] INFO  impl.RaftServerImpl (RaftServerImpl.java:start(195)) - a683ec46-7ba5-463a-a97d-824dd7951247@group-B01F38EEA3FB: start as a follower, conf=-1: [a683ec46-7ba5-463a-a97d-824dd7951247:192.168.69.104:41416], old=null
2019-10-16 05:43:36,546 [pool-42-thread-1] INFO  impl.RaftServerImpl (RaftServerImpl.java:setRole(184)) - a683ec46-7ba5-463a-a97d-824dd7951247@group-B01F38EEA3FB: changes role from      null to FOLLOWER at term 0 for startAsFollower
2019-10-16 05:43:36,547 [pool-42-thread-1] INFO  impl.RoleInfo (RoleInfo.java:updateAndGet(143)) - a683ec46-7ba5-463a-a97d-824dd7951247: start FollowerState
2019-10-16 05:43:36,547 [pool-42-thread-1] INFO  util.JmxRegister (JmxRegister.java:tryRegister(44)) - Successfully registered JMX Bean with object name Ratis:service=RaftServer,group=group-B01F38EEA3FB,id=a683ec46-7ba5-463a-a97d-824dd7951247
2019-10-16 05:43:36,564 [RatisPipelineUtilsThread] INFO  pipeline.PipelineStateManager (PipelineStateManager.java:addPipeline(56)) - Created pipeline Pipeline[ Id: 63f9f512-72d5-47fb-b6fc-b01f38eea3fb, Nodes: a683ec46-7ba5-463a-a97d-824dd7951247{ip: 192.168.69.104, host: pr-hdds-2312-q6qzp-1535798719, networkLocation: /default-rack, certSerialId: null}, Type:RATIS, Factor:ONE, State:OPEN]
2019-10-16 05:43:36,594 [grpc-default-executor-1] INFO  impl.RaftServerProxy (RaftServerProxy.java:addNew(89)) - dbf467a0-0c16-4c77-8fc8-07b3e2d48dc4: addNew group-B1F92E60D0E4:[dbf467a0-0c16-4c77-8fc8-07b3e2d48dc4:192.168.69.104:32967, a683ec46-7ba5-463a-a97d-824dd7951247:192.168.69.104:41416, 9b4198f4-6cbd-47e8-bfe4-aedb21d8f827:192.168.69.104:39177] returns group-B1F92E60D0E4:java.util.concurrent.CompletableFuture@2b21d90b[Not completed]
2019-10-16 05:43:36,595 [grpc-default-executor-2] INFO  impl.RaftServerProxy (RaftServerProxy.java:addNew(89)) - a683ec46-7ba5-463a-a97d-824dd7951247: addNew group-B1F92E60D0E4:[dbf467a0-0c16-4c77-8fc8-07b3e2d48dc4:192.168.69.104:32967, a683ec46-7ba5-463a-a97d-824dd7951247:192.168.69.104:41416, 9b4198f4-6cbd-47e8-bfe4-aedb21d8f827:192.168.69.104:39177] returns group-B1F92E60D0E4:java.util.concurrent.CompletableFuture@765e1a07[Not completed]
2019-10-16 05:43:36,596 [pool-32-thread-1] INFO  impl.RaftServerImpl (RaftServerImpl.java:<init>(104)) - dbf467a0-0c16-4c77-8fc8-07b3e2d48dc4: new RaftServerImpl for group-B1F92E60D0E4:[dbf467a0-0c16-4c77-8fc8-07b3e2d48dc4:192.168.69.104:32967, a683ec46-7ba5-463a-a97d-824dd7951247:192.168.69.104:41416, 9b4198f4-6cbd-47e8-bfe4-aedb21d8f827:192.168.69.104:39177] with ContainerStateMachine:uninitialized
2019-10-16 05:43:36,597 [pool-32-thread-1] INFO  server.RaftServerConfigKeys (ConfUtils.java:logGet(43)) - raft.server.rpc.timeout.min = 5s (custom)
2019-10-16 05:43:36,598 [pool-32-thread-1] INFO  server.RaftServerConfigKeys (ConfUtils.java:logGet(43)) - raft.server.rpc.timeout.max = 5200ms (custom)
2019-10-16 05:43:36,598 [pool-32-thread-1] INFO  server.RaftServerConfigKeys (ConfUtils.java:logGet(43)) - raft.server.rpcslowness.timeout = 120s (custom)
2019-10-16 05:43:36,598 [pool-32-thread-1] INFO  server.RaftServerConfigKeys (ConfUtils.java:logGet(43)) - raft.server.sleep.deviation.threshold = 300 (default)
2019-10-16 05:43:36,598 [pool-32-thread-1] INFO  server.RaftServerConfigKeys (ConfUtils.java:logGet(43)) - raft.server.log.appender.install.snapshot.enabled = false (custom)
2019-10-16 05:43:36,598 [pool-32-thread-1] INFO  impl.RaftServerImpl (ServerState.java:<init>(103)) - dbf467a0-0c16-4c77-8fc8-07b3e2d48dc4@group-B1F92E60D0E4: ConfigurationManager, init=-1: [dbf467a0-0c16-4c77-8fc8-07b3e2d48dc4:192.168.69.104:32967, a683ec46-7ba5-463a-a97d-824dd7951247:192.168.69.104:41416, 9b4198f4-6cbd-47e8-bfe4-aedb21d8f827:192.168.69.104:39177], old=null, confs=<EMPTY_MAP>
2019-10-16 05:43:36,598 [pool-42-thread-1] INFO  impl.RaftServerImpl (RaftServerImpl.java:<init>(104)) - a683ec46-7ba5-463a-a97d-824dd7951247: new RaftServerImpl for group-B1F92E60D0E4:[dbf467a0-0c16-4c77-8fc8-07b3e2d48dc4:192.168.69.104:32967, a683ec46-7ba5-463a-a97d-824dd7951247:192.168.69.104:41416, 9b4198f4-6cbd-47e8-bfe4-aedb21d8f827:192.168.69.104:39177] with ContainerStateMachine:uninitialized
2019-10-16 05:43:36,599 [pool-32-thread-1] INFO  server.RaftServerConfigKeys (ConfUtils.java:logGet(43)) - raft.server.storage.dir = [/workdir/hadoop-ozone/integration-test/target/test-dir/MiniOzoneClusterImpl-7e713ef8-135d-4b72-83a4-970ab5ab51ec/datanode-0/data/ratis] (custom)
2019-10-16 05:43:36,599 [pool-42-thread-1] INFO  server.RaftServerConfigKeys (ConfUtils.java:logGet(43)) - raft.server.rpc.timeout.min = 5s (custom)
2019-10-16 05:43:36,599 [pool-42-thread-1] INFO  server.RaftServerConfigKeys (ConfUtils.java:logGet(43)) - raft.server.rpc.timeout.max = 5200ms (custom)
2019-10-16 05:43:36,600 [pool-32-thread-1] INFO  server.RaftServerConfigKeys (ConfUtils.java:logGet(43)) - raft.server.log.corruption.policy = EXCEPTION (default)
2019-10-16 05:43:36,600 [pool-42-thread-1] INFO  server.RaftServerConfigKeys (ConfUtils.java:logGet(43)) - raft.server.rpcslowness.timeout = 120s (custom)
2019-10-16 05:43:36,600 [grpc-default-executor-2] INFO  impl.RaftServerProxy (RaftServerProxy.java:addNew(89)) - 9b4198f4-6cbd-47e8-bfe4-aedb21d8f827: addNew group-B1F92E60D0E4:[dbf467a0-0c16-4c77-8fc8-07b3e2d48dc4:192.168.69.104:32967, a683ec46-7ba5-463a-a97d-824dd7951247:192.168.69.104:41416, 9b4198f4-6cbd-47e8-bfe4-aedb21d8f827:192.168.69.104:39177] returns group-B1F92E60D0E4:java.util.concurrent.CompletableFuture@335c9aa8[Not completed]
2019-10-16 05:43:36,600 [pool-32-thread-1] INFO  storage.RaftStorageDirectory (RaftStorageDirectory.java:analyzeStorage(246)) - The storage directory /workdir/hadoop-ozone/integration-test/target/test-dir/MiniOzoneClusterImpl-7e713ef8-135d-4b72-83a4-970ab5ab51ec/datanode-0/data/ratis/b0c0b9ea-f8e5-4669-8ea4-b1f92e60d0e4 does not exist. Creating ...
2019-10-16 05:43:36,600 [pool-42-thread-1] INFO  server.RaftServerConfigKeys (ConfUtils.java:logGet(43)) - raft.server.sleep.deviation.threshold = 300 (default)
2019-10-16 05:43:36,600 [pool-42-thread-1] INFO  server.RaftServerConfigKeys (ConfUtils.java:logGet(43)) - raft.server.log.appender.install.snapshot.enabled = false (custom)
2019-10-16 05:43:36,601 [pool-42-thread-1] INFO  impl.RaftServerImpl (ServerState.java:<init>(103)) - a683ec46-7ba5-463a-a97d-824dd7951247@group-B1F92E60D0E4: ConfigurationManager, init=-1: [dbf467a0-0c16-4c77-8fc8-07b3e2d48dc4:192.168.69.104:32967, a683ec46-7ba5-463a-a97d-824dd7951247:192.168.69.104:41416, 9b4198f4-6cbd-47e8-bfe4-aedb21d8f827:192.168.69.104:39177], old=null, confs=<EMPTY_MAP>
2019-10-16 05:43:36,601 [pool-42-thread-1] INFO  server.RaftServerConfigKeys (ConfUtils.java:logGet(43)) - raft.server.storage.dir = [/workdir/hadoop-ozone/integration-test/target/test-dir/MiniOzoneClusterImpl-7e713ef8-135d-4b72-83a4-970ab5ab51ec/datanode-1/data/ratis] (custom)
2019-10-16 05:43:36,601 [pool-42-thread-1] INFO  server.RaftServerConfigKeys (ConfUtils.java:logGet(43)) - raft.server.log.corruption.policy = EXCEPTION (default)
2019-10-16 05:43:36,601 [pool-42-thread-1] INFO  storage.RaftStorageDirectory (RaftStorageDirectory.java:analyzeStorage(246)) - The storage directory /workdir/hadoop-ozone/integration-test/target/test-dir/MiniOzoneClusterImpl-7e713ef8-135d-4b72-83a4-970ab5ab51ec/datanode-1/data/ratis/b0c0b9ea-f8e5-4669-8ea4-b1f92e60d0e4 does not exist. Creating ...
2019-10-16 05:43:36,602 [pool-52-thread-1] INFO  impl.RaftServerImpl (RaftServerImpl.java:<init>(104)) - 9b4198f4-6cbd-47e8-bfe4-aedb21d8f827: new RaftServerImpl for group-B1F92E60D0E4:[dbf467a0-0c16-4c77-8fc8-07b3e2d48dc4:192.168.69.104:32967, a683ec46-7ba5-463a-a97d-824dd7951247:192.168.69.104:41416, 9b4198f4-6cbd-47e8-bfe4-aedb21d8f827:192.168.69.104:39177] with ContainerStateMachine:uninitialized
2019-10-16 05:43:36,602 [pool-52-thread-1] INFO  server.RaftServerConfigKeys (ConfUtils.java:logGet(43)) - raft.server.rpc.timeout.min = 5s (custom)
2019-10-16 05:43:36,602 [pool-52-thread-1] INFO  server.RaftServerConfigKeys (ConfUtils.java:logGet(43)) - raft.server.rpc.timeout.max = 5200ms (custom)
2019-10-16 05:43:36,602 [pool-52-thread-1] INFO  server.RaftServerConfigKeys (ConfUtils.java:logGet(43)) - raft.server.rpcslowness.timeout = 120s (custom)
2019-10-16 05:43:36,603 [pool-52-thread-1] INFO  server.RaftServerConfigKeys (ConfUtils.java:logGet(43)) - raft.server.sleep.deviation.threshold = 300 (default)
2019-10-16 05:43:36,603 [pool-52-thread-1] INFO  server.RaftServerConfigKeys (ConfUtils.java:logGet(43)) - raft.server.log.appender.install.snapshot.enabled = false (custom)
2019-10-16 05:43:36,603 [pool-52-thread-1] INFO  impl.RaftServerImpl (ServerState.java:<init>(103)) - 9b4198f4-6cbd-47e8-bfe4-aedb21d8f827@group-B1F92E60D0E4: ConfigurationManager, init=-1: [dbf467a0-0c16-4c77-8fc8-07b3e2d48dc4:192.168.69.104:32967, a683ec46-7ba5-463a-a97d-824dd7951247:192.168.69.104:41416, 9b4198f4-6cbd-47e8-bfe4-aedb21d8f827:192.168.69.104:39177], old=null, confs=<EMPTY_MAP>
2019-10-16 05:43:36,603 [pool-52-thread-1] INFO  server.RaftServerConfigKeys (ConfUtils.java:logGet(43)) - raft.server.storage.dir = [/workdir/hadoop-ozone/integration-test/target/test-dir/MiniOzoneClusterImpl-7e713ef8-135d-4b72-83a4-970ab5ab51ec/datanode-2/data/ratis] (custom)
2019-10-16 05:43:36,604 [pool-52-thread-1] INFO  server.RaftServerConfigKeys (ConfUtils.java:logGet(43)) - raft.server.log.corruption.policy = EXCEPTION (default)
2019-10-16 05:43:36,604 [pool-52-thread-1] INFO  storage.RaftStorageDirectory (RaftStorageDirectory.java:analyzeStorage(246)) - The storage directory /workdir/hadoop-ozone/integration-test/target/test-dir/MiniOzoneClusterImpl-7e713ef8-135d-4b72-83a4-970ab5ab51ec/datanode-2/data/ratis/b0c0b9ea-f8e5-4669-8ea4-b1f92e60d0e4 does not exist. Creating ...
2019-10-16 05:43:36,614 [pool-32-thread-1] INFO  storage.RaftStorageDirectory (RaftStorageDirectory.java:tryLock(328)) - Lock on /workdir/hadoop-ozone/integration-test/target/test-dir/MiniOzoneClusterImpl-7e713ef8-135d-4b72-83a4-970ab5ab51ec/datanode-0/data/ratis/b0c0b9ea-f8e5-4669-8ea4-b1f92e60d0e4/in_use.lock acquired by nodename 18194@pr-hdds-2312-q6qzp-1535798719
2019-10-16 05:43:36,614 [pool-52-thread-1] INFO  storage.RaftStorageDirectory (RaftStorageDirectory.java:tryLock(328)) - Lock on /workdir/hadoop-ozone/integration-test/target/test-dir/MiniOzoneClusterImpl-7e713ef8-135d-4b72-83a4-970ab5ab51ec/datanode-2/data/ratis/b0c0b9ea-f8e5-4669-8ea4-b1f92e60d0e4/in_use.lock acquired by nodename 18194@pr-hdds-2312-q6qzp-1535798719
2019-10-16 05:43:36,614 [pool-42-thread-1] INFO  storage.RaftStorageDirectory (RaftStorageDirectory.java:tryLock(328)) - Lock on /workdir/hadoop-ozone/integration-test/target/test-dir/MiniOzoneClusterImpl-7e713ef8-135d-4b72-83a4-970ab5ab51ec/datanode-1/data/ratis/b0c0b9ea-f8e5-4669-8ea4-b1f92e60d0e4/in_use.lock acquired by nodename 18194@pr-hdds-2312-q6qzp-1535798719
2019-10-16 05:43:36,625 [Thread-192] INFO  impl.FollowerState (FollowerState.java:run(108)) - 9b4198f4-6cbd-47e8-bfe4-aedb21d8f827@group-B78916C56B22-FollowerState: change to CANDIDATE, lastRpcTime:160ms, electionTimeout:160ms
2019-10-16 05:43:36,625 [Thread-192] INFO  impl.RoleInfo (RoleInfo.java:shutdownFollowerState(121)) - 9b4198f4-6cbd-47e8-bfe4-aedb21d8f827: shutdown FollowerState
2019-10-16 05:43:36,625 [Thread-192] INFO  impl.RaftServerImpl (RaftServerImpl.java:setRole(184)) - 9b4198f4-6cbd-47e8-bfe4-aedb21d8f827@group-B78916C56B22: changes role from  FOLLOWER to CANDIDATE at term 0 for changeToCandidate
2019-10-16 05:43:36,626 [Thread-192] INFO  impl.RoleInfo (RoleInfo.java:updateAndGet(143)) - 9b4198f4-6cbd-47e8-bfe4-aedb21d8f827: start LeaderElection
2019-10-16 05:43:36,630 [pool-52-thread-1] INFO  storage.RaftStorage (RaftStorage.java:format(84)) - Storage directory /workdir/hadoop-ozone/integration-test/target/test-dir/MiniOzoneClusterImpl-7e713ef8-135d-4b72-83a4-970ab5ab51ec/datanode-2/data/ratis/b0c0b9ea-f8e5-4669-8ea4-b1f92e60d0e4 has been successfully formatted.
2019-10-16 05:43:36,630 [pool-42-thread-1] INFO  storage.RaftStorage (RaftStorage.java:format(84)) - Storage directory /workdir/hadoop-ozone/integration-test/target/test-dir/MiniOzoneClusterImpl-7e713ef8-135d-4b72-83a4-970ab5ab51ec/datanode-1/data/ratis/b0c0b9ea-f8e5-4669-8ea4-b1f92e60d0e4 has been successfully formatted.
2019-10-16 05:43:36,630 [pool-32-thread-1] INFO  storage.RaftStorage (RaftStorage.java:format(84)) - Storage directory /workdir/hadoop-ozone/integration-test/target/test-dir/MiniOzoneClusterImpl-7e713ef8-135d-4b72-83a4-970ab5ab51ec/datanode-0/data/ratis/b0c0b9ea-f8e5-4669-8ea4-b1f92e60d0e4 has been successfully formatted.
2019-10-16 05:43:36,631 [pool-52-thread-1] INFO  ratis.ContainerStateMachine (ContainerStateMachine.java:loadSnapshot(231)) - group-B1F92E60D0E4: The snapshot info is null. Setting the last applied indexto:(t:0, i:~)
2019-10-16 05:43:36,631 [pool-52-thread-1] INFO  server.RaftServerConfigKeys (ConfUtils.java:logGet(43)) - raft.server.notification.no-leader.timeout = 120s (custom)
2019-10-16 05:43:36,631 [pool-52-thread-1] INFO  server.RaftServerConfigKeys (ConfUtils.java:logGet(43)) - raft.server.log.use.memory = false (default)
2019-10-16 05:43:36,631 [pool-52-thread-1] INFO  server.RaftServerConfigKeys (ConfUtils.java:logGet(43)) - raft.server.log.purge.gap = 1000000 (custom)
2019-10-16 05:43:36,631 [pool-32-thread-1] INFO  ratis.ContainerStateMachine (ContainerStateMachine.java:loadSnapshot(231)) - group-B1F92E60D0E4: The snapshot info is null. Setting the last applied indexto:(t:0, i:~)
2019-10-16 05:43:36,632 [pool-42-thread-1] INFO  ratis.ContainerStateMachine (ContainerStateMachine.java:loadSnapshot(231)) - group-B1F92E60D0E4: The snapshot info is null. Setting the last applied indexto:(t:0, i:~)
2019-10-16 05:43:36,631 [pool-52-thread-1] INFO  server.RaftServerConfigKeys (ConfUtils.java:logGet(43)) - raft.server.log.appender.buffer.byte-limit = 33554432 (custom)
2019-10-16 05:43:36,632 [pool-42-thread-1] INFO  server.RaftServerConfigKeys (ConfUtils.java:logGet(43)) - raft.server.notification.no-leader.timeout = 120s (custom)
2019-10-16 05:43:36,632 [pool-32-thread-1] INFO  server.RaftServerConfigKeys (ConfUtils.java:logGet(43)) - raft.server.notification.no-leader.timeout = 120s (custom)
2019-10-16 05:43:36,632 [pool-42-thread-1] INFO  server.RaftServerConfigKeys (ConfUtils.java:logGet(43)) - raft.server.log.use.memory = false (default)
2019-10-16 05:43:36,632 [pool-52-thread-1] INFO  server.RaftServerConfigKeys (ConfUtils.java:logGet(43)) - raft.server.log.segment.size.max = 1048576 (custom)
2019-10-16 05:43:36,633 [pool-42-thread-1] INFO  server.RaftServerConfigKeys (ConfUtils.java:logGet(43)) - raft.server.log.purge.gap = 1000000 (custom)
2019-10-16 05:43:36,632 [pool-32-thread-1] INFO  server.RaftServerConfigKeys (ConfUtils.java:logGet(43)) - raft.server.log.use.memory = false (default)
2019-10-16 05:43:36,633 [pool-42-thread-1] INFO  server.RaftServerConfigKeys (ConfUtils.java:logGet(43)) - raft.server.log.appender.buffer.byte-limit = 33554432 (custom)
2019-10-16 05:43:36,633 [pool-52-thread-1] INFO  server.RaftServerConfigKeys (ConfUtils.java:logGet(43)) - raft.server.log.segment.cache.num.max = 2 (custom)
2019-10-16 05:43:36,633 [pool-42-thread-1] INFO  server.RaftServerConfigKeys (ConfUtils.java:logGet(43)) - raft.server.log.segment.size.max = 1048576 (custom)
2019-10-16 05:43:36,633 [pool-32-thread-1] INFO  server.RaftServerConfigKeys (ConfUtils.java:logGet(43)) - raft.server.log.purge.gap = 1000000 (custom)
2019-10-16 05:43:36,634 [pool-42-thread-1] INFO  server.RaftServerConfigKeys (ConfUtils.java:logGet(43)) - raft.server.log.segment.cache.num.max = 2 (custom)
2019-10-16 05:43:36,634 [pool-52-thread-1] INFO  segmented.SegmentedRaftLogWorker (SegmentedRaftLogWorker.java:<init>(173)) - new 9b4198f4-6cbd-47e8-bfe4-aedb21d8f827@group-B1F92E60D0E4-SegmentedRaftLogWorker for RaftStorage:Storage Directory /workdir/hadoop-ozone/integration-test/target/test-dir/MiniOzoneClusterImpl-7e713ef8-135d-4b72-83a4-970ab5ab51ec/datanode-2/data/ratis/b0c0b9ea-f8e5-4669-8ea4-b1f92e60d0e4
2019-10-16 05:43:36,634 [pool-42-thread-1] INFO  segmented.SegmentedRaftLogWorker (SegmentedRaftLogWorker.java:<init>(173)) - new a683ec46-7ba5-463a-a97d-824dd7951247@group-B1F92E60D0E4-SegmentedRaftLogWorker for RaftStorage:Storage Directory /workdir/hadoop-ozone/integration-test/target/test-dir/MiniOzoneClusterImpl-7e713ef8-135d-4b72-83a4-970ab5ab51ec/datanode-1/data/ratis/b0c0b9ea-f8e5-4669-8ea4-b1f92e60d0e4
2019-10-16 05:43:36,634 [pool-32-thread-1] INFO  server.RaftServerConfigKeys (ConfUtils.java:logGet(43)) - raft.server.log.appender.buffer.byte-limit = 33554432 (custom)
2019-10-16 05:43:36,634 [pool-42-thread-1] INFO  server.RaftServerConfigKeys (ConfUtils.java:logGet(43)) - raft.server.log.queue.byte-limit = 2147483647 (custom)
2019-10-16 05:43:36,634 [pool-52-thread-1] INFO  server.RaftServerConfigKeys (ConfUtils.java:logGet(43)) - raft.server.log.queue.byte-limit = 2147483647 (custom)
2019-10-16 05:43:36,635 [pool-42-thread-1] INFO  server.RaftServerConfigKeys (ConfUtils.java:logGet(43)) - raft.server.log.queue.element-limit = 1024 (custom)
2019-10-16 05:43:36,634 [pool-32-thread-1] INFO  server.RaftServerConfigKeys (ConfUtils.java:logGet(43)) - raft.server.log.segment.size.max = 1048576 (custom)
2019-10-16 05:43:36,635 [pool-42-thread-1] INFO  server.RaftServerConfigKeys (ConfUtils.java:logGet(43)) - raft.server.log.segment.size.max = 1048576 (custom)
2019-10-16 05:43:36,635 [pool-52-thread-1] INFO  server.RaftServerConfigKeys (ConfUtils.java:logGet(43)) - raft.server.log.queue.element-limit = 1024 (custom)
2019-10-16 05:43:36,635 [pool-42-thread-1] INFO  server.RaftServerConfigKeys (ConfUtils.java:logGet(43)) - raft.server.log.preallocated.size = 16384 (custom)
2019-10-16 05:43:36,635 [pool-32-thread-1] INFO  server.RaftServerConfigKeys (ConfUtils.java:logGet(43)) - raft.server.log.segment.cache.num.max = 2 (custom)
2019-10-16 05:43:36,636 [pool-42-thread-1] INFO  server.RaftServerConfigKeys (ConfUtils.java:logGet(43)) - raft.server.log.write.buffer.size = 33554432 (custom)
2019-10-16 05:43:36,635 [pool-52-thread-1] INFO  server.RaftServerConfigKeys (ConfUtils.java:logGet(43)) - raft.server.log.segment.size.max = 1048576 (custom)
2019-10-16 05:43:36,636 [pool-42-thread-1] INFO  server.RaftServerConfigKeys (ConfUtils.java:logGet(43)) - raft.server.log.force.sync.num = 128 (default)
2019-10-16 05:43:36,636 [pool-32-thread-1] INFO  segmented.SegmentedRaftLogWorker (SegmentedRaftLogWorker.java:<init>(173)) - new dbf467a0-0c16-4c77-8fc8-07b3e2d48dc4@group-B1F92E60D0E4-SegmentedRaftLogWorker for RaftStorage:Storage Directory /workdir/hadoop-ozone/integration-test/target/test-dir/MiniOzoneClusterImpl-7e713ef8-135d-4b72-83a4-970ab5ab51ec/datanode-0/data/ratis/b0c0b9ea-f8e5-4669-8ea4-b1f92e60d0e4
2019-10-16 05:43:36,636 [pool-42-thread-1] INFO  server.RaftServerConfigKeys (ConfUtils.java:logGet(43)) - raft.server.log.statemachine.data.sync = true (default)
2019-10-16 05:43:36,636 [pool-52-thread-1] INFO  server.RaftServerConfigKeys (ConfUtils.java:logGet(43)) - raft.server.log.preallocated.size = 16384 (custom)
2019-10-16 05:43:36,637 [pool-42-thread-1] INFO  server.RaftServerConfigKeys (ConfUtils.java:logGet(43)) - raft.server.log.statemachine.data.sync.timeout = 10s (default)
2019-10-16 05:43:36,636 [pool-32-thread-1] INFO  server.RaftServerConfigKeys (ConfUtils.java:logGet(43)) - raft.server.log.queue.byte-limit = 2147483647 (custom)
2019-10-16 05:43:36,637 [pool-42-thread-1] INFO  server.RaftServerConfigKeys (ConfUtils.java:logGet(43)) - raft.server.log.statemachine.data.sync.timeout.retry = -1 (default)
2019-10-16 05:43:36,637 [pool-52-thread-1] INFO  server.RaftServerConfigKeys (ConfUtils.java:logGet(43)) - raft.server.log.write.buffer.size = 33554432 (custom)
2019-10-16 05:43:36,637 [pool-32-thread-1] INFO  server.RaftServerConfigKeys (ConfUtils.java:logGet(43)) - raft.server.log.queue.element-limit = 1024 (custom)
2019-10-16 05:43:36,637 [pool-42-thread-1] INFO  server.RaftServerConfigKeys (ConfUtils.java:logGet(43)) - raft.server.log.statemachine.data.caching.enabled = true (custom)
2019-10-16 05:43:36,637 [pool-52-thread-1] INFO  server.RaftServerConfigKeys (ConfUtils.java:logGet(43)) - raft.server.log.force.sync.num = 128 (default)
2019-10-16 05:43:36,637 [pool-32-thread-1] INFO  server.RaftServerConfigKeys (ConfUtils.java:logGet(43)) - raft.server.log.segment.size.max = 1048576 (custom)
2019-10-16 05:43:36,638 [pool-52-thread-1] INFO  server.RaftServerConfigKeys (ConfUtils.java:logGet(43)) - raft.server.log.statemachine.data.sync = true (default)
2019-10-16 05:43:36,638 [pool-32-thread-1] INFO  server.RaftServerConfigKeys (ConfUtils.java:logGet(43)) - raft.server.log.preallocated.size = 16384 (custom)
2019-10-16 05:43:36,638 [pool-42-thread-1] INFO  segmented.SegmentedRaftLogWorker (SegmentedRaftLogWorker.java:lambda$new$0(128)) - a683ec46-7ba5-463a-a97d-824dd7951247@group-B1F92E60D0E4-SegmentedRaftLogWorker: flushIndex: setUnconditionally 0 -> -1
2019-10-16 05:43:36,638 [pool-32-thread-1] INFO  server.RaftServerConfigKeys (ConfUtils.java:logGet(43)) - raft.server.log.write.buffer.size = 33554432 (custom)
2019-10-16 05:43:36,638 [pool-52-thread-1] INFO  server.RaftServerConfigKeys (ConfUtils.java:logGet(43)) - raft.server.log.statemachine.data.sync.timeout = 10s (default)
2019-10-16 05:43:36,638 [pool-42-thread-1] INFO  server.RaftServerConfigKeys (ConfUtils.java:logGet(43)) - raft.server.snapshot.auto.trigger.enabled = true (custom)
2019-10-16 05:43:36,638 [pool-32-thread-1] INFO  server.RaftServerConfigKeys (ConfUtils.java:logGet(43)) - raft.server.log.force.sync.num = 128 (default)
2019-10-16 05:43:36,639 [pool-42-thread-1] INFO  server.RaftServerConfigKeys (ConfUtils.java:logGet(43)) - raft.server.snapshot.auto.trigger.threshold = 10000 (custom)
2019-10-16 05:43:36,639 [pool-52-thread-1] INFO  server.RaftServerConfigKeys (ConfUtils.java:logGet(43)) - raft.server.log.statemachine.data.sync.timeout.retry = -1 (default)
2019-10-16 05:43:36,639 [pool-42-thread-1] INFO  server.RaftServerConfigKeys (ConfUtils.java:logGet(43)) - raft.server.snapshot.retention.file.num = 5 (custom)
2019-10-16 05:43:36,639 [pool-32-thread-1] INFO  server.RaftServerConfigKeys (ConfUtils.java:logGet(43)) - raft.server.log.statemachine.data.sync = true (default)
2019-10-16 05:43:36,639 [pool-52-thread-1] INFO  server.RaftServerConfigKeys (ConfUtils.java:logGet(43)) - raft.server.log.statemachine.data.caching.enabled = true (custom)
2019-10-16 05:43:36,639 [pool-32-thread-1] INFO  server.RaftServerConfigKeys (ConfUtils.java:logGet(43)) - raft.server.log.statemachine.data.sync.timeout = 10s (default)
2019-10-16 05:43:36,639 [pool-42-thread-1] INFO  server.RaftServerConfigKeys (ConfUtils.java:logGet(43)) - raft.server.retrycache.expirytime = 600000ms (custom)
2019-10-16 05:43:36,640 [pool-32-thread-1] INFO  server.RaftServerConfigKeys (ConfUtils.java:logGet(43)) - raft.server.log.statemachine.data.sync.timeout.retry = -1 (default)
2019-10-16 05:43:36,640 [pool-52-thread-1] INFO  segmented.SegmentedRaftLogWorker (SegmentedRaftLogWorker.java:lambda$new$0(128)) - 9b4198f4-6cbd-47e8-bfe4-aedb21d8f827@group-B1F92E60D0E4-SegmentedRaftLogWorker: flushIndex: setUnconditionally 0 -> -1
2019-10-16 05:43:36,640 [pool-32-thread-1] INFO  server.RaftServerConfigKeys (ConfUtils.java:logGet(43)) - raft.server.log.statemachine.data.caching.enabled = true (custom)
2019-10-16 05:43:36,640 [pool-52-thread-1] INFO  server.RaftServerConfigKeys (ConfUtils.java:logGet(43)) - raft.server.snapshot.auto.trigger.enabled = true (custom)
2019-10-16 05:43:36,641 [pool-32-thread-1] INFO  segmented.SegmentedRaftLogWorker (SegmentedRaftLogWorker.java:lambda$new$0(128)) - dbf467a0-0c16-4c77-8fc8-07b3e2d48dc4@group-B1F92E60D0E4-SegmentedRaftLogWorker: flushIndex: setUnconditionally 0 -> -1
2019-10-16 05:43:36,641 [pool-52-thread-1] INFO  server.RaftServerConfigKeys (ConfUtils.java:logGet(43)) - raft.server.snapshot.auto.trigger.threshold = 10000 (custom)
2019-10-16 05:43:36,641 [9b4198f4-6cbd-47e8-bfe4-aedb21d8f827@group-B78916C56B22-LeaderElection3] INFO  impl.LeaderElection (LeaderElection.java:askForVotes(178)) - 9b4198f4-6cbd-47e8-bfe4-aedb21d8f827@group-B78916C56B22-LeaderElection3: begin an election at term 1 for -1: [9b4198f4-6cbd-47e8-bfe4-aedb21d8f827:192.168.69.104:39177], old=null
2019-10-16 05:43:36,641 [pool-32-thread-1] INFO  server.RaftServerConfigKeys (ConfUtils.java:logGet(43)) - raft.server.snapshot.auto.trigger.enabled = true (custom)
2019-10-16 05:43:36,641 [pool-52-thread-1] INFO  server.RaftServerConfigKeys (ConfUtils.java:logGet(43)) - raft.server.snapshot.retention.file.num = 5 (custom)
2019-10-16 05:43:36,641 [pool-32-thread-1] INFO  server.RaftServerConfigKeys (ConfUtils.java:logGet(43)) - raft.server.snapshot.auto.trigger.threshold = 10000 (custom)
2019-10-16 05:43:36,641 [9b4198f4-6cbd-47e8-bfe4-aedb21d8f827@group-B78916C56B22-LeaderElection3] INFO  impl.RoleInfo (RoleInfo.java:shutdownLeaderElection(134)) - 9b4198f4-6cbd-47e8-bfe4-aedb21d8f827: shutdown LeaderElection
2019-10-16 05:43:36,642 [pool-52-thread-1] INFO  server.RaftServerConfigKeys (ConfUtils.java:logGet(43)) - raft.server.retrycache.expirytime = 600000ms (custom)
2019-10-16 05:43:36,642 [pool-32-thread-1] INFO  server.RaftServerConfigKeys (ConfUtils.java:logGet(43)) - raft.server.snapshot.retention.file.num = 5 (custom)
2019-10-16 05:43:36,642 [9b4198f4-6cbd-47e8-bfe4-aedb21d8f827@group-B78916C56B22-LeaderElection3] INFO  impl.RaftServerImpl (RaftServerImpl.java:setRole(184)) - 9b4198f4-6cbd-47e8-bfe4-aedb21d8f827@group-B78916C56B22: changes role from CANDIDATE to LEADER at term 1 for changeToLeader
2019-10-16 05:43:36,642 [pool-32-thread-1] INFO  server.RaftServerConfigKeys (ConfUtils.java:logGet(43)) - raft.server.retrycache.expirytime = 600000ms (custom)
2019-10-16 05:43:36,642 [9b4198f4-6cbd-47e8-bfe4-aedb21d8f827@group-B78916C56B22-LeaderElection3] INFO  impl.RaftServerImpl (ServerState.java:setLeader(256)) - 9b4198f4-6cbd-47e8-bfe4-aedb21d8f827@group-B78916C56B22: change Leader from null to 9b4198f4-6cbd-47e8-bfe4-aedb21d8f827 at term 1 for becomeLeader, leader elected after 197ms
2019-10-16 05:43:36,642 [9b4198f4-6cbd-47e8-bfe4-aedb21d8f827@group-B78916C56B22-LeaderElection3] INFO  server.RaftServerConfigKeys (ConfUtils.java:logGet(43)) - raft.server.staging.catchup.gap = 1000 (default)
2019-10-16 05:43:36,643 [9b4198f4-6cbd-47e8-bfe4-aedb21d8f827@group-B78916C56B22-LeaderElection3] INFO  server.RaftServerConfigKeys (ConfUtils.java:logGet(43)) - raft.server.rpc.sleep.time = 25ms (default)
2019-10-16 05:43:36,643 [9b4198f4-6cbd-47e8-bfe4-aedb21d8f827@group-B78916C56B22-LeaderElection3] INFO  server.RaftServerConfigKeys (ConfUtils.java:logGet(43)) - raft.server.write.element-limit = 4096 (default)
2019-10-16 05:43:36,643 [9b4198f4-6cbd-47e8-bfe4-aedb21d8f827@group-B78916C56B22-LeaderElection3] INFO  server.RaftServerConfigKeys (ConfUtils.java:logGet(43)) - raft.server.watch.timeout = 10s (default)
2019-10-16 05:43:36,643 [9b4198f4-6cbd-47e8-bfe4-aedb21d8f827@group-B78916C56B22-LeaderElection3] INFO  server.RaftServerConfigKeys (ConfUtils.java:logGet(43)) - raft.server.watch.timeout.denomination = 1s (default)
2019-10-16 05:43:36,643 [9b4198f4-6cbd-47e8-bfe4-aedb21d8f827@group-B78916C56B22-LeaderElection3] INFO  server.RaftServerConfigKeys (ConfUtils.java:logGet(43)) - raft.server.watch.element-limit = 65536 (default)
2019-10-16 05:43:36,644 [pool-42-thread-1] INFO  impl.RaftServerImpl (RaftServerImpl.java:start(195)) - a683ec46-7ba5-463a-a97d-824dd7951247@group-B1F92E60D0E4: start as a follower, conf=-1: [dbf467a0-0c16-4c77-8fc8-07b3e2d48dc4:192.168.69.104:32967, a683ec46-7ba5-463a-a97d-824dd7951247:192.168.69.104:41416, 9b4198f4-6cbd-47e8-bfe4-aedb21d8f827:192.168.69.104:39177], old=null
2019-10-16 05:43:36,644 [pool-42-thread-1] INFO  impl.RaftServerImpl (RaftServerImpl.java:setRole(184)) - a683ec46-7ba5-463a-a97d-824dd7951247@group-B1F92E60D0E4: changes role from      null to FOLLOWER at term 0 for startAsFollower
2019-10-16 05:43:36,644 [pool-42-thread-1] INFO  impl.RoleInfo (RoleInfo.java:updateAndGet(143)) - a683ec46-7ba5-463a-a97d-824dd7951247: start FollowerState
2019-10-16 05:43:36,645 [pool-42-thread-1] INFO  util.JmxRegister (JmxRegister.java:tryRegister(44)) - Successfully registered JMX Bean with object name Ratis:service=RaftServer,group=group-B1F92E60D0E4,id=a683ec46-7ba5-463a-a97d-824dd7951247
2019-10-16 05:43:36,648 [pool-52-thread-1] INFO  impl.RaftServerImpl (RaftServerImpl.java:start(195)) - 9b4198f4-6cbd-47e8-bfe4-aedb21d8f827@group-B1F92E60D0E4: start as a follower, conf=-1: [dbf467a0-0c16-4c77-8fc8-07b3e2d48dc4:192.168.69.104:32967, a683ec46-7ba5-463a-a97d-824dd7951247:192.168.69.104:41416, 9b4198f4-6cbd-47e8-bfe4-aedb21d8f827:192.168.69.104:39177], old=null
2019-10-16 05:43:36,648 [pool-52-thread-1] INFO  impl.RaftServerImpl (RaftServerImpl.java:setRole(184)) - 9b4198f4-6cbd-47e8-bfe4-aedb21d8f827@group-B1F92E60D0E4: changes role from      null to FOLLOWER at term 0 for startAsFollower
2019-10-16 05:43:36,648 [pool-52-thread-1] INFO  impl.RoleInfo (RoleInfo.java:updateAndGet(143)) - 9b4198f4-6cbd-47e8-bfe4-aedb21d8f827: start FollowerState
2019-10-16 05:43:36,648 [pool-32-thread-1] INFO  impl.RaftServerImpl (RaftServerImpl.java:start(195)) - dbf467a0-0c16-4c77-8fc8-07b3e2d48dc4@group-B1F92E60D0E4: start as a follower, conf=-1: [dbf467a0-0c16-4c77-8fc8-07b3e2d48dc4:192.168.69.104:32967, a683ec46-7ba5-463a-a97d-824dd7951247:192.168.69.104:41416, 9b4198f4-6cbd-47e8-bfe4-aedb21d8f827:192.168.69.104:39177], old=null
2019-10-16 05:43:36,648 [pool-52-thread-1] INFO  util.JmxRegister (JmxRegister.java:tryRegister(44)) - Successfully registered JMX Bean with object name Ratis:service=RaftServer,group=group-B1F92E60D0E4,id=9b4198f4-6cbd-47e8-bfe4-aedb21d8f827
2019-10-16 05:43:36,649 [pool-32-thread-1] INFO  impl.RaftServerImpl (RaftServerImpl.java:setRole(184)) - dbf467a0-0c16-4c77-8fc8-07b3e2d48dc4@group-B1F92E60D0E4: changes role from      null to FOLLOWER at term 0 for startAsFollower
2019-10-16 05:43:36,649 [pool-32-thread-1] INFO  impl.RoleInfo (RoleInfo.java:updateAndGet(143)) - dbf467a0-0c16-4c77-8fc8-07b3e2d48dc4: start FollowerState
2019-10-16 05:43:36,649 [pool-32-thread-1] INFO  util.JmxRegister (JmxRegister.java:tryRegister(44)) - Successfully registered JMX Bean with object name Ratis:service=RaftServer,group=group-B1F92E60D0E4,id=dbf467a0-0c16-4c77-8fc8-07b3e2d48dc4
2019-10-16 05:43:36,649 [9b4198f4-6cbd-47e8-bfe4-aedb21d8f827@group-B78916C56B22-LeaderElection3] INFO  impl.RoleInfo (RoleInfo.java:updateAndGet(143)) - 9b4198f4-6cbd-47e8-bfe4-aedb21d8f827: start LeaderState
2019-10-16 05:43:36,650 [9b4198f4-6cbd-47e8-bfe4-aedb21d8f827@group-B78916C56B22-LeaderElection3] INFO  segmented.SegmentedRaftLogWorker (SegmentedRaftLogWorker.java:startLogSegment(385)) - 9b4198f4-6cbd-47e8-bfe4-aedb21d8f827@group-B78916C56B22-SegmentedRaftLogWorker: Starting segment from index:0
2019-10-16 05:43:36,651 [9b4198f4-6cbd-47e8-bfe4-aedb21d8f827@group-B78916C56B22-LeaderElection3] INFO  impl.RaftServerImpl (ServerState.java:setRaftConf(357)) - 9b4198f4-6cbd-47e8-bfe4-aedb21d8f827@group-B78916C56B22: set configuration 0: [9b4198f4-6cbd-47e8-bfe4-aedb21d8f827:192.168.69.104:39177], old=null at 0
2019-10-16 05:43:36,709 [RatisPipelineUtilsThread] INFO  pipeline.PipelineStateManager (PipelineStateManager.java:addPipeline(56)) - Created pipeline Pipeline[ Id: b0c0b9ea-f8e5-4669-8ea4-b1f92e60d0e4, Nodes: 9b4198f4-6cbd-47e8-bfe4-aedb21d8f827{ip: 192.168.69.104, host: pr-hdds-2312-q6qzp-1535798719, networkLocation: /default-rack, certSerialId: null}a683ec46-7ba5-463a-a97d-824dd7951247{ip: 192.168.69.104, host: pr-hdds-2312-q6qzp-1535798719, networkLocation: /default-rack, certSerialId: null}dbf467a0-0c16-4c77-8fc8-07b3e2d48dc4{ip: 192.168.69.104, host: pr-hdds-2312-q6qzp-1535798719, networkLocation: /default-rack, certSerialId: null}, Type:RATIS, Factor:THREE, State:OPEN]
2019-10-16 05:43:36,713 [9b4198f4-6cbd-47e8-bfe4-aedb21d8f827@group-B78916C56B22-SegmentedRaftLogWorker] INFO  segmented.SegmentedRaftLogWorker (SegmentedRaftLogWorker.java:execute(576)) - 9b4198f4-6cbd-47e8-bfe4-aedb21d8f827@group-B78916C56B22-SegmentedRaftLogWorker: created new log segment /workdir/hadoop-ozone/integration-test/target/test-dir/MiniOzoneClusterImpl-7e713ef8-135d-4b72-83a4-970ab5ab51ec/datanode-2/data/ratis/21e340bb-4889-4592-bc6f-b78916c56b22/current/log_inprogress_0
2019-10-16 05:43:36,721 [Thread-202] INFO  impl.FollowerState (FollowerState.java:run(108)) - a683ec46-7ba5-463a-a97d-824dd7951247@group-B1F92E60D0E4-FollowerState: change to CANDIDATE, lastRpcTime:76ms, electionTimeout:76ms
2019-10-16 05:43:36,722 [Thread-202] INFO  impl.RoleInfo (RoleInfo.java:shutdownFollowerState(121)) - a683ec46-7ba5-463a-a97d-824dd7951247: shutdown FollowerState
2019-10-16 05:43:36,722 [Thread-202] INFO  impl.RaftServerImpl (RaftServerImpl.java:setRole(184)) - a683ec46-7ba5-463a-a97d-824dd7951247@group-B1F92E60D0E4: changes role from  FOLLOWER to CANDIDATE at term 0 for changeToCandidate
2019-10-16 05:43:36,722 [Thread-202] INFO  impl.RoleInfo (RoleInfo.java:updateAndGet(143)) - a683ec46-7ba5-463a-a97d-824dd7951247: start LeaderElection
2019-10-16 05:43:36,722 [Thread-204] INFO  impl.FollowerState (FollowerState.java:run(108)) - dbf467a0-0c16-4c77-8fc8-07b3e2d48dc4@group-B1F92E60D0E4-FollowerState: change to CANDIDATE, lastRpcTime:73ms, electionTimeout:73ms
2019-10-16 05:43:36,723 [Thread-204] INFO  impl.RoleInfo (RoleInfo.java:shutdownFollowerState(121)) - dbf467a0-0c16-4c77-8fc8-07b3e2d48dc4: shutdown FollowerState
2019-10-16 05:43:36,725 [Thread-204] INFO  impl.RaftServerImpl (RaftServerImpl.java:setRole(184)) - dbf467a0-0c16-4c77-8fc8-07b3e2d48dc4@group-B1F92E60D0E4: changes role from  FOLLOWER to CANDIDATE at term 0 for changeToCandidate
2019-10-16 05:43:36,725 [Thread-204] INFO  impl.RoleInfo (RoleInfo.java:updateAndGet(143)) - dbf467a0-0c16-4c77-8fc8-07b3e2d48dc4: start LeaderElection
2019-10-16 05:43:36,739 [a683ec46-7ba5-463a-a97d-824dd7951247@group-B1F92E60D0E4-LeaderElection4] INFO  impl.LeaderElection (LeaderElection.java:askForVotes(178)) - a683ec46-7ba5-463a-a97d-824dd7951247@group-B1F92E60D0E4-LeaderElection4: begin an election at term 1 for -1: [dbf467a0-0c16-4c77-8fc8-07b3e2d48dc4:192.168.69.104:32967, a683ec46-7ba5-463a-a97d-824dd7951247:192.168.69.104:41416, 9b4198f4-6cbd-47e8-bfe4-aedb21d8f827:192.168.69.104:39177], old=null
2019-10-16 05:43:36,739 [dbf467a0-0c16-4c77-8fc8-07b3e2d48dc4@group-B1F92E60D0E4-LeaderElection5] INFO  impl.LeaderElection (LeaderElection.java:askForVotes(178)) - dbf467a0-0c16-4c77-8fc8-07b3e2d48dc4@group-B1F92E60D0E4-LeaderElection5: begin an election at term 1 for -1: [dbf467a0-0c16-4c77-8fc8-07b3e2d48dc4:192.168.69.104:32967, a683ec46-7ba5-463a-a97d-824dd7951247:192.168.69.104:41416, 9b4198f4-6cbd-47e8-bfe4-aedb21d8f827:192.168.69.104:39177], old=null
2019-10-16 05:43:36,747 [Thread-195] INFO  impl.FollowerState (FollowerState.java:run(108)) - a683ec46-7ba5-463a-a97d-824dd7951247@group-B01F38EEA3FB-FollowerState: change to CANDIDATE, lastRpcTime:200ms, electionTimeout:200ms
2019-10-16 05:43:36,749 [Thread-195] INFO  impl.RoleInfo (RoleInfo.java:shutdownFollowerState(121)) - a683ec46-7ba5-463a-a97d-824dd7951247: shutdown FollowerState
2019-10-16 05:43:36,749 [Thread-195] INFO  impl.RaftServerImpl (RaftServerImpl.java:setRole(184)) - a683ec46-7ba5-463a-a97d-824dd7951247@group-B01F38EEA3FB: changes role from  FOLLOWER to CANDIDATE at term 0 for changeToCandidate
2019-10-16 05:43:36,749 [Thread-195] INFO  impl.RoleInfo (RoleInfo.java:updateAndGet(143)) - a683ec46-7ba5-463a-a97d-824dd7951247: start LeaderElection
2019-10-16 05:43:36,780 [a683ec46-7ba5-463a-a97d-824dd7951247@group-B01F38EEA3FB-LeaderElection6] INFO  impl.LeaderElection (LeaderElection.java:askForVotes(178)) - a683ec46-7ba5-463a-a97d-824dd7951247@group-B01F38EEA3FB-LeaderElection6: begin an election at term 1 for -1: [a683ec46-7ba5-463a-a97d-824dd7951247:192.168.69.104:41416], old=null
2019-10-16 05:43:36,780 [a683ec46-7ba5-463a-a97d-824dd7951247@group-B01F38EEA3FB-LeaderElection6] INFO  impl.RoleInfo (RoleInfo.java:shutdownLeaderElection(134)) - a683ec46-7ba5-463a-a97d-824dd7951247: shutdown LeaderElection
2019-10-16 05:43:36,780 [a683ec46-7ba5-463a-a97d-824dd7951247@group-B01F38EEA3FB-LeaderElection6] INFO  impl.RaftServerImpl (RaftServerImpl.java:setRole(184)) - a683ec46-7ba5-463a-a97d-824dd7951247@group-B01F38EEA3FB: changes role from CANDIDATE to LEADER at term 1 for changeToLeader
2019-10-16 05:43:36,780 [a683ec46-7ba5-463a-a97d-824dd7951247@group-B01F38EEA3FB-LeaderElection6] INFO  impl.RaftServerImpl (ServerState.java:setLeader(256)) - a683ec46-7ba5-463a-a97d-824dd7951247@group-B01F38EEA3FB: change Leader from null to a683ec46-7ba5-463a-a97d-824dd7951247 at term 1 for becomeLeader, leader elected after 246ms
2019-10-16 05:43:36,781 [a683ec46-7ba5-463a-a97d-824dd7951247@group-B01F38EEA3FB-LeaderElection6] INFO  server.RaftServerConfigKeys (ConfUtils.java:logGet(43)) - raft.server.staging.catchup.gap = 1000 (default)
2019-10-16 05:43:36,782 [a683ec46-7ba5-463a-a97d-824dd7951247@group-B01F38EEA3FB-LeaderElection6] INFO  server.RaftServerConfigKeys (ConfUtils.java:logGet(43)) - raft.server.rpc.sleep.time = 25ms (default)
2019-10-16 05:43:36,782 [a683ec46-7ba5-463a-a97d-824dd7951247@group-B01F38EEA3FB-LeaderElection6] INFO  server.RaftServerConfigKeys (ConfUtils.java:logGet(43)) - raft.server.write.element-limit = 4096 (default)
2019-10-16 05:43:36,782 [a683ec46-7ba5-463a-a97d-824dd7951247@group-B01F38EEA3FB-LeaderElection6] INFO  server.RaftServerConfigKeys (ConfUtils.java:logGet(43)) - raft.server.watch.timeout = 10s (default)
2019-10-16 05:43:36,782 [a683ec46-7ba5-463a-a97d-824dd7951247@group-B01F38EEA3FB-LeaderElection6] INFO  server.RaftServerConfigKeys (ConfUtils.java:logGet(43)) - raft.server.watch.timeout.denomination = 1s (default)
2019-10-16 05:43:36,783 [a683ec46-7ba5-463a-a97d-824dd7951247@group-B01F38EEA3FB-LeaderElection6] INFO  server.RaftServerConfigKeys (ConfUtils.java:logGet(43)) - raft.server.watch.element-limit = 65536 (default)
2019-10-16 05:43:36,789 [grpc-default-executor-3] INFO  impl.RaftServerImpl (RaftServerImpl.java:setRole(184)) - 9b4198f4-6cbd-47e8-bfe4-aedb21d8f827@group-B1F92E60D0E4: changes role from  FOLLOWER to FOLLOWER at term 1 for recognizeCandidate:dbf467a0-0c16-4c77-8fc8-07b3e2d48dc4
2019-10-16 05:43:36,790 [grpc-default-executor-3] INFO  impl.RoleInfo (RoleInfo.java:shutdownFollowerState(121)) - 9b4198f4-6cbd-47e8-bfe4-aedb21d8f827: shutdown FollowerState
2019-10-16 05:43:36,791 [Thread-203] INFO  impl.FollowerState (FollowerState.java:run(117)) - 9b4198f4-6cbd-47e8-bfe4-aedb21d8f827@group-B1F92E60D0E4-FollowerState was interrupted: java.lang.InterruptedException: sleep interrupted
2019-10-16 05:43:36,791 [a683ec46-7ba5-463a-a97d-824dd7951247@group-B01F38EEA3FB-LeaderElection6] INFO  impl.RoleInfo (RoleInfo.java:updateAndGet(143)) - a683ec46-7ba5-463a-a97d-824dd7951247: start LeaderState
2019-10-16 05:43:36,791 [grpc-default-executor-3] INFO  impl.RoleInfo (RoleInfo.java:updateAndGet(143)) - 9b4198f4-6cbd-47e8-bfe4-aedb21d8f827: start FollowerState
2019-10-16 05:43:36,792 [a683ec46-7ba5-463a-a97d-824dd7951247@group-B01F38EEA3FB-LeaderElection6] INFO  segmented.SegmentedRaftLogWorker (SegmentedRaftLogWorker.java:startLogSegment(385)) - a683ec46-7ba5-463a-a97d-824dd7951247@group-B01F38EEA3FB-SegmentedRaftLogWorker: Starting segment from index:0
2019-10-16 05:43:36,793 [a683ec46-7ba5-463a-a97d-824dd7951247@group-B01F38EEA3FB-LeaderElection6] INFO  impl.RaftServerImpl (ServerState.java:setRaftConf(357)) - a683ec46-7ba5-463a-a97d-824dd7951247@group-B01F38EEA3FB: set configuration 0: [a683ec46-7ba5-463a-a97d-824dd7951247:192.168.69.104:41416], old=null at 0
2019-10-16 05:43:36,832 [dbf467a0-0c16-4c77-8fc8-07b3e2d48dc4@group-B1F92E60D0E4-LeaderElection5] INFO  impl.LeaderElection (LeaderElection.java:logAndReturn(56)) - dbf467a0-0c16-4c77-8fc8-07b3e2d48dc4@group-B1F92E60D0E4-LeaderElection5: Election TIMEOUT; received 0 response(s) [] and 0 exception(s); dbf467a0-0c16-4c77-8fc8-07b3e2d48dc4@group-B1F92E60D0E4:t1, leader=null, voted=dbf467a0-0c16-4c77-8fc8-07b3e2d48dc4, raftlog=dbf467a0-0c16-4c77-8fc8-07b3e2d48dc4@group-B1F92E60D0E4-SegmentedRaftLog:OPENED:c-1,f-1,i0, conf=-1: [dbf467a0-0c16-4c77-8fc8-07b3e2d48dc4:192.168.69.104:32967, a683ec46-7ba5-463a-a97d-824dd7951247:192.168.69.104:41416, 9b4198f4-6cbd-47e8-bfe4-aedb21d8f827:192.168.69.104:39177], old=null
2019-10-16 05:43:36,839 [a683ec46-7ba5-463a-a97d-824dd7951247@group-B01F38EEA3FB-SegmentedRaftLogWorker] INFO  segmented.SegmentedRaftLogWorker (SegmentedRaftLogWorker.java:execute(576)) - a683ec46-7ba5-463a-a97d-824dd7951247@group-B01F38EEA3FB-SegmentedRaftLogWorker: created new log segment /workdir/hadoop-ozone/integration-test/target/test-dir/MiniOzoneClusterImpl-7e713ef8-135d-4b72-83a4-970ab5ab51ec/datanode-1/data/ratis/63f9f512-72d5-47fb-b6fc-b01f38eea3fb/current/log_inprogress_0
2019-10-16 05:43:36,839 [dbf467a0-0c16-4c77-8fc8-07b3e2d48dc4@group-B1F92E60D0E4-LeaderElection5] INFO  impl.LeaderElection (LeaderElection.java:askForVotes(178)) - dbf467a0-0c16-4c77-8fc8-07b3e2d48dc4@group-B1F92E60D0E4-LeaderElection5: begin an election at term 2 for -1: [dbf467a0-0c16-4c77-8fc8-07b3e2d48dc4:192.168.69.104:32967, a683ec46-7ba5-463a-a97d-824dd7951247:192.168.69.104:41416, 9b4198f4-6cbd-47e8-bfe4-aedb21d8f827:192.168.69.104:39177], old=null
2019-10-16 05:43:36,839 [Thread-216] INFO  impl.FollowerState (FollowerState.java:run(108)) - 9b4198f4-6cbd-47e8-bfe4-aedb21d8f827@group-B1F92E60D0E4-FollowerState: change to CANDIDATE, lastRpcTime:48ms, electionTimeout:28ms
2019-10-16 05:43:36,840 [Thread-216] INFO  impl.RoleInfo (RoleInfo.java:shutdownFollowerState(121)) - 9b4198f4-6cbd-47e8-bfe4-aedb21d8f827: shutdown FollowerState
2019-10-16 05:43:36,840 [Thread-216] INFO  impl.RaftServerImpl (RaftServerImpl.java:setRole(184)) - 9b4198f4-6cbd-47e8-bfe4-aedb21d8f827@group-B1F92E60D0E4: changes role from  FOLLOWER to CANDIDATE at term 1 for changeToCandidate
2019-10-16 05:43:36,840 [Thread-216] INFO  impl.RoleInfo (RoleInfo.java:updateAndGet(143)) - 9b4198f4-6cbd-47e8-bfe4-aedb21d8f827: start LeaderElection
2019-10-16 05:43:36,846 [grpc-default-executor-3] INFO  impl.RaftServerImpl (RaftServerImpl.java:setRole(184)) - a683ec46-7ba5-463a-a97d-824dd7951247@group-B1F92E60D0E4: changes role from CANDIDATE to FOLLOWER at term 2 for recognizeCandidate:dbf467a0-0c16-4c77-8fc8-07b3e2d48dc4
2019-10-16 05:43:36,847 [grpc-default-executor-3] INFO  impl.RoleInfo (RoleInfo.java:shutdownLeaderElection(134)) - a683ec46-7ba5-463a-a97d-824dd7951247: shutdown LeaderElection
2019-10-16 05:43:36,847 [grpc-default-executor-3] INFO  impl.RoleInfo (RoleInfo.java:updateAndGet(143)) - a683ec46-7ba5-463a-a97d-824dd7951247: start FollowerState
2019-10-16 05:43:36,849 [main] INFO  ozone.MiniOzoneClusterImpl (MiniOzoneClusterImpl.java:lambda$waitForClusterToBeReady$0(147)) - Cluster is ready. Got 3 of 3 DN Heartbeats.
2019-10-16 05:43:36,860 [a683ec46-7ba5-463a-a97d-824dd7951247@group-B1F92E60D0E4-LeaderElection4] INFO  impl.LeaderElection (LeaderElection.java:logAndReturn(56)) - a683ec46-7ba5-463a-a97d-824dd7951247@group-B1F92E60D0E4-LeaderElection4: Election REJECTED; received 1 response(s) [a683ec46-7ba5-463a-a97d-824dd7951247<-dbf467a0-0c16-4c77-8fc8-07b3e2d48dc4#0:FAIL-t1] and 0 exception(s); a683ec46-7ba5-463a-a97d-824dd7951247@group-B1F92E60D0E4:t2, leader=null, voted=null, raftlog=a683ec46-7ba5-463a-a97d-824dd7951247@group-B1F92E60D0E4-SegmentedRaftLog:OPENED:c-1,f-1,i0, conf=-1: [dbf467a0-0c16-4c77-8fc8-07b3e2d48dc4:192.168.69.104:32967, a683ec46-7ba5-463a-a97d-824dd7951247:192.168.69.104:41416, 9b4198f4-6cbd-47e8-bfe4-aedb21d8f827:192.168.69.104:39177], old=null
2019-10-16 05:43:36,865 [9b4198f4-6cbd-47e8-bfe4-aedb21d8f827@group-B1F92E60D0E4-LeaderElection7] INFO  impl.LeaderElection (LeaderElection.java:askForVotes(178)) - 9b4198f4-6cbd-47e8-bfe4-aedb21d8f827@group-B1F92E60D0E4-LeaderElection7: begin an election at term 2 for -1: [dbf467a0-0c16-4c77-8fc8-07b3e2d48dc4:192.168.69.104:32967, a683ec46-7ba5-463a-a97d-824dd7951247:192.168.69.104:41416, 9b4198f4-6cbd-47e8-bfe4-aedb21d8f827:192.168.69.104:39177], old=null
2019-10-16 05:43:36,878 [dbf467a0-0c16-4c77-8fc8-07b3e2d48dc4@group-B1F92E60D0E4-LeaderElection5] INFO  impl.LeaderElection (LeaderElection.java:logAndReturn(56)) - dbf467a0-0c16-4c77-8fc8-07b3e2d48dc4@group-B1F92E60D0E4-LeaderElection5: Election REJECTED; received 2 response(s) [dbf467a0-0c16-4c77-8fc8-07b3e2d48dc4<-a683ec46-7ba5-463a-a97d-824dd7951247#0:FAIL-t2, dbf467a0-0c16-4c77-8fc8-07b3e2d48dc4<-9b4198f4-6cbd-47e8-bfe4-aedb21d8f827#0:FAIL-t2] and 0 exception(s); dbf467a0-0c16-4c77-8fc8-07b3e2d48dc4@group-B1F92E60D0E4:t2, leader=null, voted=dbf467a0-0c16-4c77-8fc8-07b3e2d48dc4, raftlog=dbf467a0-0c16-4c77-8fc8-07b3e2d48dc4@group-B1F92E60D0E4-SegmentedRaftLog:OPENED:c-1,f-1,i0, conf=-1: [dbf467a0-0c16-4c77-8fc8-07b3e2d48dc4:192.168.69.104:32967, a683ec46-7ba5-463a-a97d-824dd7951247:192.168.69.104:41416, 9b4198f4-6cbd-47e8-bfe4-aedb21d8f827:192.168.69.104:39177], old=null
2019-10-16 05:43:36,879 [dbf467a0-0c16-4c77-8fc8-07b3e2d48dc4@group-B1F92E60D0E4-LeaderElection5] INFO  impl.RaftServerImpl (RaftServerImpl.java:setRole(184)) - dbf467a0-0c16-4c77-8fc8-07b3e2d48dc4@group-B1F92E60D0E4: changes role from CANDIDATE to FOLLOWER at term 2 for DISCOVERED_A_NEW_TERM
2019-10-16 05:43:36,881 [dbf467a0-0c16-4c77-8fc8-07b3e2d48dc4@group-B1F92E60D0E4-LeaderElection5] INFO  impl.RoleInfo (RoleInfo.java:shutdownLeaderElection(134)) - dbf467a0-0c16-4c77-8fc8-07b3e2d48dc4: shutdown LeaderElection
2019-10-16 05:43:36,881 [dbf467a0-0c16-4c77-8fc8-07b3e2d48dc4@group-B1F92E60D0E4-LeaderElection5] INFO  impl.RoleInfo (RoleInfo.java:updateAndGet(143)) - dbf467a0-0c16-4c77-8fc8-07b3e2d48dc4: start FollowerState
2019-10-16 05:43:36,886 [grpc-default-executor-0] INFO  impl.RaftServerImpl (RaftServerImpl.java:setRole(184)) - a683ec46-7ba5-463a-a97d-824dd7951247@group-B1F92E60D0E4: changes role from  FOLLOWER to FOLLOWER at term 2 for recognizeCandidate:9b4198f4-6cbd-47e8-bfe4-aedb21d8f827
2019-10-16 05:43:36,887 [grpc-default-executor-0] INFO  impl.RoleInfo (RoleInfo.java:shutdownFollowerState(121)) - a683ec46-7ba5-463a-a97d-824dd7951247: shutdown FollowerState
2019-10-16 05:43:36,887 [grpc-default-executor-0] INFO  impl.RoleInfo (RoleInfo.java:updateAndGet(143)) - a683ec46-7ba5-463a-a97d-824dd7951247: start FollowerState
2019-10-16 05:43:36,887 [Thread-220] INFO  impl.FollowerState (FollowerState.java:run(117)) - a683ec46-7ba5-463a-a97d-824dd7951247@group-B1F92E60D0E4-FollowerState was interrupted: java.lang.InterruptedException: sleep interrupted
2019-10-16 05:43:36,906 [9b4198f4-6cbd-47e8-bfe4-aedb21d8f827@group-B1F92E60D0E4-LeaderElection7] INFO  impl.LeaderElection (LeaderElection.java:logAndReturn(56)) - 9b4198f4-6cbd-47e8-bfe4-aedb21d8f827@group-B1F92E60D0E4-LeaderElection7: Election PASSED; received 2 response(s) [9b4198f4-6cbd-47e8-bfe4-aedb21d8f827<-dbf467a0-0c16-4c77-8fc8-07b3e2d48dc4#0:FAIL-t2, 9b4198f4-6cbd-47e8-bfe4-aedb21d8f827<-a683ec46-7ba5-463a-a97d-824dd7951247#0:OK-t2] and 0 exception(s); 9b4198f4-6cbd-47e8-bfe4-aedb21d8f827@group-B1F92E60D0E4:t2, leader=null, voted=9b4198f4-6cbd-47e8-bfe4-aedb21d8f827, raftlog=9b4198f4-6cbd-47e8-bfe4-aedb21d8f827@group-B1F92E60D0E4-SegmentedRaftLog:OPENED:c-1,f-1,i0, conf=-1: [dbf467a0-0c16-4c77-8fc8-07b3e2d48dc4:192.168.69.104:32967, a683ec46-7ba5-463a-a97d-824dd7951247:192.168.69.104:41416, 9b4198f4-6cbd-47e8-bfe4-aedb21d8f827:192.168.69.104:39177], old=null
2019-10-16 05:43:36,907 [9b4198f4-6cbd-47e8-bfe4-aedb21d8f827@group-B1F92E60D0E4-LeaderElection7] INFO  impl.RoleInfo (RoleInfo.java:shutdownLeaderElection(134)) - 9b4198f4-6cbd-47e8-bfe4-aedb21d8f827: shutdown LeaderElection
2019-10-16 05:43:36,908 [9b4198f4-6cbd-47e8-bfe4-aedb21d8f827@group-B1F92E60D0E4-LeaderElection7] INFO  impl.RaftServerImpl (RaftServerImpl.java:setRole(184)) - 9b4198f4-6cbd-47e8-bfe4-aedb21d8f827@group-B1F92E60D0E4: changes role from CANDIDATE to LEADER at term 2 for changeToLeader
2019-10-16 05:43:36,908 [9b4198f4-6cbd-47e8-bfe4-aedb21d8f827@group-B1F92E60D0E4-LeaderElection7] INFO  impl.RaftServerImpl (ServerState.java:setLeader(256)) - 9b4198f4-6cbd-47e8-bfe4-aedb21d8f827@group-B1F92E60D0E4: change Leader from null to 9b4198f4-6cbd-47e8-bfe4-aedb21d8f827 at term 2 for becomeLeader, leader elected after 277ms
2019-10-16 05:43:36,908 [9b4198f4-6cbd-47e8-bfe4-aedb21d8f827@group-B1F92E60D0E4-LeaderElection7] INFO  server.RaftServerConfigKeys (ConfUtils.java:logGet(43)) - raft.server.staging.catchup.gap = 1000 (default)
2019-10-16 05:43:36,908 [9b4198f4-6cbd-47e8-bfe4-aedb21d8f827@group-B1F92E60D0E4-LeaderElection7] INFO  server.RaftServerConfigKeys (ConfUtils.java:logGet(43)) - raft.server.rpc.sleep.time = 25ms (default)
2019-10-16 05:43:36,909 [9b4198f4-6cbd-47e8-bfe4-aedb21d8f827@group-B1F92E60D0E4-LeaderElection7] INFO  server.RaftServerConfigKeys (ConfUtils.java:logGet(43)) - raft.server.write.element-limit = 4096 (default)
2019-10-16 05:43:36,909 [9b4198f4-6cbd-47e8-bfe4-aedb21d8f827@group-B1F92E60D0E4-LeaderElection7] INFO  server.RaftServerConfigKeys (ConfUtils.java:logGet(43)) - raft.server.watch.timeout = 10s (default)
2019-10-16 05:43:36,909 [9b4198f4-6cbd-47e8-bfe4-aedb21d8f827@group-B1F92E60D0E4-LeaderElection7] INFO  server.RaftServerConfigKeys (ConfUtils.java:logGet(43)) - raft.server.watch.timeout.denomination = 1s (default)
2019-10-16 05:43:36,909 [9b4198f4-6cbd-47e8-bfe4-aedb21d8f827@group-B1F92E60D0E4-LeaderElection7] INFO  server.RaftServerConfigKeys (ConfUtils.java:logGet(43)) - raft.server.watch.element-limit = 65536 (default)
2019-10-16 05:43:36,915 [9b4198f4-6cbd-47e8-bfe4-aedb21d8f827@group-B1F92E60D0E4-LeaderElection7] INFO  server.RaftServerConfigKeys (ConfUtils.java:logGet(43)) - raft.server.log.appender.snapshot.chunk.size.max = 16MB (=16777216) (default)
2019-10-16 05:43:36,915 [9b4198f4-6cbd-47e8-bfe4-aedb21d8f827@group-B1F92E60D0E4-LeaderElection7] INFO  server.RaftServerConfigKeys (ConfUtils.java:logGet(43)) - raft.server.log.appender.buffer.byte-limit = 33554432 (custom)
2019-10-16 05:43:36,916 [9b4198f4-6cbd-47e8-bfe4-aedb21d8f827@group-B1F92E60D0E4-LeaderElection7] INFO  server.RaftServerConfigKeys (ConfUtils.java:logGet(43)) - raft.server.log.appender.buffer.element-limit = 1 (custom)
2019-10-16 05:43:36,919 [9b4198f4-6cbd-47e8-bfe4-aedb21d8f827@group-B1F92E60D0E4-LeaderElection7] INFO  grpc.GrpcConfigKeys$Server (ConfUtils.java:logGet(43)) - raft.grpc.server.leader.outstanding.appends.max = 128 (default)
2019-10-16 05:43:36,921 [9b4198f4-6cbd-47e8-bfe4-aedb21d8f827@group-B1F92E60D0E4-LeaderElection7] INFO  server.RaftServerConfigKeys (ConfUtils.java:logGet(43)) - raft.server.rpc.request.timeout = 3000ms (default)
2019-10-16 05:43:36,921 [9b4198f4-6cbd-47e8-bfe4-aedb21d8f827@group-B1F92E60D0E4-LeaderElection7] INFO  server.RaftServerConfigKeys (ConfUtils.java:logGet(43)) - raft.server.log.appender.install.snapshot.enabled = false (custom)
2019-10-16 05:43:36,925 [9b4198f4-6cbd-47e8-bfe4-aedb21d8f827@group-B1F92E60D0E4-LeaderElection7] INFO  server.RaftServerConfigKeys (ConfUtils.java:logGet(43)) - raft.server.log.appender.snapshot.chunk.size.max = 16MB (=16777216) (default)
2019-10-16 05:43:36,925 [9b4198f4-6cbd-47e8-bfe4-aedb21d8f827@group-B1F92E60D0E4-LeaderElection7] INFO  server.RaftServerConfigKeys (ConfUtils.java:logGet(43)) - raft.server.log.appender.buffer.byte-limit = 33554432 (custom)
2019-10-16 05:43:36,925 [9b4198f4-6cbd-47e8-bfe4-aedb21d8f827@group-B1F92E60D0E4-LeaderElection7] INFO  server.RaftServerConfigKeys (ConfUtils.java:logGet(43)) - raft.server.log.appender.buffer.element-limit = 1 (custom)
2019-10-16 05:43:36,926 [9b4198f4-6cbd-47e8-bfe4-aedb21d8f827@group-B1F92E60D0E4-LeaderElection7] INFO  grpc.GrpcConfigKeys$Server (ConfUtils.java:logGet(43)) - raft.grpc.server.leader.outstanding.appends.max = 128 (default)
2019-10-16 05:43:36,926 [9b4198f4-6cbd-47e8-bfe4-aedb21d8f827@group-B1F92E60D0E4-LeaderElection7] INFO  server.RaftServerConfigKeys (ConfUtils.java:logGet(43)) - raft.server.rpc.request.timeout = 3000ms (default)
2019-10-16 05:43:36,926 [9b4198f4-6cbd-47e8-bfe4-aedb21d8f827@group-B1F92E60D0E4-LeaderElection7] INFO  server.RaftServerConfigKeys (ConfUtils.java:logGet(43)) - raft.server.log.appender.install.snapshot.enabled = false (custom)
2019-10-16 05:43:36,931 [9b4198f4-6cbd-47e8-bfe4-aedb21d8f827@group-B1F92E60D0E4-LeaderElection7] INFO  impl.RoleInfo (RoleInfo.java:updateAndGet(143)) - 9b4198f4-6cbd-47e8-bfe4-aedb21d8f827: start LeaderState
2019-10-16 05:43:36,931 [9b4198f4-6cbd-47e8-bfe4-aedb21d8f827@group-B1F92E60D0E4-LeaderElection7] INFO  segmented.SegmentedRaftLogWorker (SegmentedRaftLogWorker.java:startLogSegment(385)) - 9b4198f4-6cbd-47e8-bfe4-aedb21d8f827@group-B1F92E60D0E4-SegmentedRaftLogWorker: Starting segment from index:0
2019-10-16 05:43:36,932 [9b4198f4-6cbd-47e8-bfe4-aedb21d8f827@group-B1F92E60D0E4-LeaderElection7] INFO  impl.RaftServerImpl (ServerState.java:setRaftConf(357)) - 9b4198f4-6cbd-47e8-bfe4-aedb21d8f827@group-B1F92E60D0E4: set configuration 0: [dbf467a0-0c16-4c77-8fc8-07b3e2d48dc4:192.168.69.104:32967, a683ec46-7ba5-463a-a97d-824dd7951247:192.168.69.104:41416, 9b4198f4-6cbd-47e8-bfe4-aedb21d8f827:192.168.69.104:39177], old=null at 0
2019-10-16 05:43:36,959 [Thread-224] INFO  impl.FollowerState (FollowerState.java:run(108)) - a683ec46-7ba5-463a-a97d-824dd7951247@group-B1F92E60D0E4-FollowerState: change to CANDIDATE, lastRpcTime:71ms, electionTimeout:58ms
2019-10-16 05:43:36,959 [Thread-224] INFO  impl.RoleInfo (RoleInfo.java:shutdownFollowerState(121)) - a683ec46-7ba5-463a-a97d-824dd7951247: shutdown FollowerState
2019-10-16 05:43:36,960 [Thread-224] INFO  impl.RaftServerImpl (RaftServerImpl.java:setRole(184)) - a683ec46-7ba5-463a-a97d-824dd7951247@group-B1F92E60D0E4: changes role from  FOLLOWER to CANDIDATE at term 2 for changeToCandidate
2019-10-16 05:43:36,960 [Thread-224] INFO  impl.RoleInfo (RoleInfo.java:updateAndGet(143)) - a683ec46-7ba5-463a-a97d-824dd7951247: start LeaderElection
2019-10-16 05:43:36,974 [Thread-223] INFO  impl.FollowerState (FollowerState.java:run(108)) - dbf467a0-0c16-4c77-8fc8-07b3e2d48dc4@group-B1F92E60D0E4-FollowerState: change to CANDIDATE, lastRpcTime:93ms, electionTimeout:92ms
2019-10-16 05:43:36,974 [Thread-223] INFO  impl.RoleInfo (RoleInfo.java:shutdownFollowerState(121)) - dbf467a0-0c16-4c77-8fc8-07b3e2d48dc4: shutdown FollowerState
2019-10-16 05:43:36,974 [Thread-223] INFO  impl.RaftServerImpl (RaftServerImpl.java:setRole(184)) - dbf467a0-0c16-4c77-8fc8-07b3e2d48dc4@group-B1F92E60D0E4: changes role from  FOLLOWER to CANDIDATE at term 2 for changeToCandidate
2019-10-16 05:43:36,974 [Thread-223] INFO  impl.RoleInfo (RoleInfo.java:updateAndGet(143)) - dbf467a0-0c16-4c77-8fc8-07b3e2d48dc4: start LeaderElection
2019-10-16 05:43:36,991 [9b4198f4-6cbd-47e8-bfe4-aedb21d8f827@group-B1F92E60D0E4-SegmentedRaftLogWorker] INFO  segmented.SegmentedRaftLogWorker (SegmentedRaftLogWorker.java:execute(576)) - 9b4198f4-6cbd-47e8-bfe4-aedb21d8f827@group-B1F92E60D0E4-SegmentedRaftLogWorker: created new log segment /workdir/hadoop-ozone/integration-test/target/test-dir/MiniOzoneClusterImpl-7e713ef8-135d-4b72-83a4-970ab5ab51ec/datanode-2/data/ratis/b0c0b9ea-f8e5-4669-8ea4-b1f92e60d0e4/current/log_inprogress_0
2019-10-16 05:43:36,991 [a683ec46-7ba5-463a-a97d-824dd7951247@group-B1F92E60D0E4-LeaderElection8] INFO  impl.LeaderElection (LeaderElection.java:askForVotes(178)) - a683ec46-7ba5-463a-a97d-824dd7951247@group-B1F92E60D0E4-LeaderElection8: begin an election at term 3 for -1: [dbf467a0-0c16-4c77-8fc8-07b3e2d48dc4:192.168.69.104:32967, a683ec46-7ba5-463a-a97d-824dd7951247:192.168.69.104:41416, 9b4198f4-6cbd-47e8-bfe4-aedb21d8f827:192.168.69.104:39177], old=null
2019-10-16 05:43:36,994 [dbf467a0-0c16-4c77-8fc8-07b3e2d48dc4@group-B1F92E60D0E4-LeaderElection9] INFO  impl.LeaderElection (LeaderElection.java:askForVotes(178)) - dbf467a0-0c16-4c77-8fc8-07b3e2d48dc4@group-B1F92E60D0E4-LeaderElection9: begin an election at term 3 for -1: [dbf467a0-0c16-4c77-8fc8-07b3e2d48dc4:192.168.69.104:32967, a683ec46-7ba5-463a-a97d-824dd7951247:192.168.69.104:41416, 9b4198f4-6cbd-47e8-bfe4-aedb21d8f827:192.168.69.104:39177], old=null
2019-10-16 05:43:37,001 [grpc-default-executor-2] INFO  impl.RaftServerImpl (ServerState.java:setLeader(256)) - 9b4198f4-6cbd-47e8-bfe4-aedb21d8f827@group-B1F92E60D0E4: change Leader from 9b4198f4-6cbd-47e8-bfe4-aedb21d8f827 to null at term 3 for updateCurrentTerm
2019-10-16 05:43:37,002 [grpc-default-executor-2] INFO  impl.RaftServerImpl (RaftServerImpl.java:setRole(184)) - 9b4198f4-6cbd-47e8-bfe4-aedb21d8f827@group-B1F92E60D0E4: changes role from    LEADER to FOLLOWER at term 3 for recognizeCandidate:a683ec46-7ba5-463a-a97d-824dd7951247
2019-10-16 05:43:37,002 [grpc-default-executor-2] INFO  impl.RoleInfo (RoleInfo.java:shutdownLeaderState(104)) - 9b4198f4-6cbd-47e8-bfe4-aedb21d8f827: shutdown LeaderState
2019-10-16 05:43:37,004 [org.apache.ratis.server.impl.LogAppender$AppenderDaemon$$Lambda$405/457600806@3dfe5946] WARN  server.GrpcLogAppender (GrpcLogAppender.java:mayWait(149)) - 9b4198f4-6cbd-47e8-bfe4-aedb21d8f827@group-B1F92E60D0E4->a683ec46-7ba5-463a-a97d-824dd7951247-GrpcLogAppender: Wait interrupted by java.lang.InterruptedException
2019-10-16 05:43:37,004 [org.apache.ratis.server.impl.LogAppender$AppenderDaemon$$Lambda$405/457600806@63ad1a96] WARN  server.GrpcLogAppender (GrpcLogAppender.java:mayWait(149)) - 9b4198f4-6cbd-47e8-bfe4-aedb21d8f827@group-B1F92E60D0E4->dbf467a0-0c16-4c77-8fc8-07b3e2d48dc4-GrpcLogAppender: Wait interrupted by java.lang.InterruptedException
2019-10-16 05:43:37,005 [grpc-default-executor-2] INFO  impl.PendingRequests (PendingRequests.java:sendNotLeaderResponses(202)) - 9b4198f4-6cbd-47e8-bfe4-aedb21d8f827@group-B1F92E60D0E4-PendingRequests: sendNotLeaderResponses
2019-10-16 05:43:37,009 [grpc-default-executor-2] INFO  impl.RoleInfo (RoleInfo.java:updateAndGet(143)) - 9b4198f4-6cbd-47e8-bfe4-aedb21d8f827: start FollowerState
2019-10-16 05:43:37,010 [grpc-default-executor-5] INFO  server.GrpcServerProtocolService (GrpcServerProtocolService.java:onCompleted(113)) - a683ec46-7ba5-463a-a97d-824dd7951247: Completed APPEND_ENTRIES, lastRequest: 9b4198f4-6cbd-47e8-bfe4-aedb21d8f827->a683ec46-7ba5-463a-a97d-824dd7951247#0-t2, previous=(t:0, i:0), leaderCommit=-1, initializing? false, entries: <empty>
2019-10-16 05:43:37,012 [a683ec46-7ba5-463a-a97d-824dd7951247@group-B1F92E60D0E4-LeaderElection8] INFO  impl.LeaderElection (LeaderElection.java:logAndReturn(56)) - a683ec46-7ba5-463a-a97d-824dd7951247@group-B1F92E60D0E4-LeaderElection8: Election TIMEOUT; received 1 response(s) [a683ec46-7ba5-463a-a97d-824dd7951247<-dbf467a0-0c16-4c77-8fc8-07b3e2d48dc4#0:FAIL-t3] and 0 exception(s); a683ec46-7ba5-463a-a97d-824dd7951247@group-B1F92E60D0E4:t3, leader=null, voted=a683ec46-7ba5-463a-a97d-824dd7951247, raftlog=a683ec46-7ba5-463a-a97d-824dd7951247@group-B1F92E60D0E4-SegmentedRaftLog:OPENED:c-1,f-1,i0, conf=-1: [dbf467a0-0c16-4c77-8fc8-07b3e2d48dc4:192.168.69.104:32967, a683ec46-7ba5-463a-a97d-824dd7951247:192.168.69.104:41416, 9b4198f4-6cbd-47e8-bfe4-aedb21d8f827:192.168.69.104:39177], old=null
2019-10-16 05:43:37,009 [grpc-default-executor-1] INFO  server.GrpcServerProtocolService (GrpcServerProtocolService.java:onCompleted(113)) - dbf467a0-0c16-4c77-8fc8-07b3e2d48dc4: Completed APPEND_ENTRIES, lastRequest: 9b4198f4-6cbd-47e8-bfe4-aedb21d8f827->dbf467a0-0c16-4c77-8fc8-07b3e2d48dc4#0-t2, previous=(t:0, i:0), leaderCommit=-1, initializing? false, entries: <empty>
2019-10-16 05:43:37,038 [a683ec46-7ba5-463a-a97d-824dd7951247@group-B1F92E60D0E4-LeaderElection8] INFO  impl.LeaderElection (LeaderElection.java:askForVotes(178)) - a683ec46-7ba5-463a-a97d-824dd7951247@group-B1F92E60D0E4-LeaderElection8: begin an election at term 4 for -1: [dbf467a0-0c16-4c77-8fc8-07b3e2d48dc4:192.168.69.104:32967, a683ec46-7ba5-463a-a97d-824dd7951247:192.168.69.104:41416, 9b4198f4-6cbd-47e8-bfe4-aedb21d8f827:192.168.69.104:39177], old=null
2019-10-16 05:43:37,039 [grpc-default-executor-3] INFO  server.GrpcLogAppender (GrpcLogAppender.java:onCompleted(308)) - 9b4198f4-6cbd-47e8-bfe4-aedb21d8f827@group-B1F92E60D0E4->a683ec46-7ba5-463a-a97d-824dd7951247-AppendLogResponseHandler: follower responses appendEntries COMPLETED
2019-10-16 05:43:37,039 [grpc-default-executor-4] INFO  impl.RaftServerImpl (RaftServerImpl.java:setRole(184)) - 9b4198f4-6cbd-47e8-bfe4-aedb21d8f827@group-B1F92E60D0E4: changes role from  FOLLOWER to FOLLOWER at term 3 for recognizeCandidate:dbf467a0-0c16-4c77-8fc8-07b3e2d48dc4
2019-10-16 05:43:37,039 [grpc-default-executor-0] INFO  server.GrpcLogAppender (GrpcLogAppender.java:onCompleted(308)) - 9b4198f4-6cbd-47e8-bfe4-aedb21d8f827@group-B1F92E60D0E4->dbf467a0-0c16-4c77-8fc8-07b3e2d48dc4-AppendLogResponseHandler: follower responses appendEntries COMPLETED
2019-10-16 05:43:37,040 [grpc-default-executor-4] INFO  impl.RoleInfo (RoleInfo.java:shutdownFollowerState(121)) - 9b4198f4-6cbd-47e8-bfe4-aedb21d8f827: shutdown FollowerState
2019-10-16 05:43:37,041 [dbf467a0-0c16-4c77-8fc8-07b3e2d48dc4@group-B1F92E60D0E4-LeaderElection9] INFO  impl.LeaderElection (LeaderElection.java:logAndReturn(56)) - dbf467a0-0c16-4c77-8fc8-07b3e2d48dc4@group-B1F92E60D0E4-LeaderElection9: Election TIMEOUT; received 1 response(s) [dbf467a0-0c16-4c77-8fc8-07b3e2d48dc4<-a683ec46-7ba5-463a-a97d-824dd7951247#0:FAIL-t3] and 0 exception(s); dbf467a0-0c16-4c77-8fc8-07b3e2d48dc4@group-B1F92E60D0E4:t3, leader=null, voted=dbf467a0-0c16-4c77-8fc8-07b3e2d48dc4, raftlog=dbf467a0-0c16-4c77-8fc8-07b3e2d48dc4@group-B1F92E60D0E4-SegmentedRaftLog:OPENED:c-1,f-1,i0, conf=-1: [dbf467a0-0c16-4c77-8fc8-07b3e2d48dc4:192.168.69.104:32967, a683ec46-7ba5-463a-a97d-824dd7951247:192.168.69.104:41416, 9b4198f4-6cbd-47e8-bfe4-aedb21d8f827:192.168.69.104:39177], old=null
2019-10-16 05:43:37,041 [Thread-236] INFO  impl.FollowerState (FollowerState.java:run(117)) - 9b4198f4-6cbd-47e8-bfe4-aedb21d8f827@group-B1F92E60D0E4-FollowerState was interrupted: java.lang.InterruptedException: sleep interrupted
2019-10-16 05:43:37,041 [grpc-default-executor-4] INFO  impl.RoleInfo (RoleInfo.java:updateAndGet(143)) - 9b4198f4-6cbd-47e8-bfe4-aedb21d8f827: start FollowerState
2019-10-16 05:43:37,051 [grpc-default-executor-3] INFO  impl.FollowerInfo (FollowerInfo.java:lambda$new$0(51)) - 9b4198f4-6cbd-47e8-bfe4-aedb21d8f827@group-B1F92E60D0E4->a683ec46-7ba5-463a-a97d-824dd7951247: nextIndex: updateUnconditionally 0 -> 0
2019-10-16 05:43:37,052 [grpc-default-executor-0] INFO  impl.FollowerInfo (FollowerInfo.java:lambda$new$0(51)) - 9b4198f4-6cbd-47e8-bfe4-aedb21d8f827@group-B1F92E60D0E4->dbf467a0-0c16-4c77-8fc8-07b3e2d48dc4: nextIndex: updateUnconditionally 0 -> 0
2019-10-16 05:43:37,055 [grpc-default-executor-3] INFO  impl.RaftServerImpl (RaftServerImpl.java:setRole(184)) - 9b4198f4-6cbd-47e8-bfe4-aedb21d8f827@group-B1F92E60D0E4: changes role from  FOLLOWER to FOLLOWER at term 4 for recognizeCandidate:a683ec46-7ba5-463a-a97d-824dd7951247
2019-10-16 05:43:37,056 [grpc-default-executor-3] INFO  impl.RoleInfo (RoleInfo.java:shutdownFollowerState(121)) - 9b4198f4-6cbd-47e8-bfe4-aedb21d8f827: shutdown FollowerState
2019-10-16 05:43:37,056 [Thread-239] INFO  impl.FollowerState (FollowerState.java:run(117)) - 9b4198f4-6cbd-47e8-bfe4-aedb21d8f827@group-B1F92E60D0E4-FollowerState was interrupted: java.lang.InterruptedException: sleep interrupted
2019-10-16 05:43:37,056 [grpc-default-executor-3] INFO  impl.RoleInfo (RoleInfo.java:updateAndGet(143)) - 9b4198f4-6cbd-47e8-bfe4-aedb21d8f827: start FollowerState
2019-10-16 05:43:37,076 [dbf467a0-0c16-4c77-8fc8-07b3e2d48dc4@group-B1F92E60D0E4-LeaderElection9] INFO  impl.LeaderElection (LeaderElection.java:askForVotes(178)) - dbf467a0-0c16-4c77-8fc8-07b3e2d48dc4@group-B1F92E60D0E4-LeaderElection9: begin an election at term 4 for -1: [dbf467a0-0c16-4c77-8fc8-07b3e2d48dc4:192.168.69.104:32967, a683ec46-7ba5-463a-a97d-824dd7951247:192.168.69.104:41416, 9b4198f4-6cbd-47e8-bfe4-aedb21d8f827:192.168.69.104:39177], old=null
2019-10-16 05:43:37,079 [a683ec46-7ba5-463a-a97d-824dd7951247@group-B1F92E60D0E4-LeaderElection8] INFO  impl.LeaderElection (LeaderElection.java:logAndReturn(56)) - a683ec46-7ba5-463a-a97d-824dd7951247@group-B1F92E60D0E4-LeaderElection8: Election REJECTED; received 2 response(s) [a683ec46-7ba5-463a-a97d-824dd7951247<-dbf467a0-0c16-4c77-8fc8-07b3e2d48dc4#0:FAIL-t4, a683ec46-7ba5-463a-a97d-824dd7951247<-9b4198f4-6cbd-47e8-bfe4-aedb21d8f827#0:FAIL-t4] and 0 exception(s); a683ec46-7ba5-463a-a97d-824dd7951247@group-B1F92E60D0E4:t4, leader=null, voted=a683ec46-7ba5-463a-a97d-824dd7951247, raftlog=a683ec46-7ba5-463a-a97d-824dd7951247@group-B1F92E60D0E4-SegmentedRaftLog:OPENED:c-1,f-1,i0, conf=-1: [dbf467a0-0c16-4c77-8fc8-07b3e2d48dc4:192.168.69.104:32967, a683ec46-7ba5-463a-a97d-824dd7951247:192.168.69.104:41416, 9b4198f4-6cbd-47e8-bfe4-aedb21d8f827:192.168.69.104:39177], old=null
2019-10-16 05:43:37,080 [a683ec46-7ba5-463a-a97d-824dd7951247@group-B1F92E60D0E4-LeaderElection8] INFO  impl.RaftServerImpl (RaftServerImpl.java:setRole(184)) - a683ec46-7ba5-463a-a97d-824dd7951247@group-B1F92E60D0E4: changes role from CANDIDATE to FOLLOWER at term 4 for DISCOVERED_A_NEW_TERM
2019-10-16 05:43:37,080 [a683ec46-7ba5-463a-a97d-824dd7951247@group-B1F92E60D0E4-LeaderElection8] INFO  impl.RoleInfo (RoleInfo.java:shutdownLeaderElection(134)) - a683ec46-7ba5-463a-a97d-824dd7951247: shutdown LeaderElection
2019-10-16 05:43:37,081 [a683ec46-7ba5-463a-a97d-824dd7951247@group-B1F92E60D0E4-LeaderElection8] INFO  impl.RoleInfo (RoleInfo.java:updateAndGet(143)) - a683ec46-7ba5-463a-a97d-824dd7951247: start FollowerState
2019-10-16 05:43:37,082 [grpc-default-executor-0] INFO  impl.RaftServerImpl (RaftServerImpl.java:setRole(184)) - 9b4198f4-6cbd-47e8-bfe4-aedb21d8f827@group-B1F92E60D0E4: changes role from  FOLLOWER to FOLLOWER at term 4 for recognizeCandidate:dbf467a0-0c16-4c77-8fc8-07b3e2d48dc4
2019-10-16 05:43:37,082 [grpc-default-executor-0] INFO  impl.RoleInfo (RoleInfo.java:shutdownFollowerState(121)) - 9b4198f4-6cbd-47e8-bfe4-aedb21d8f827: shutdown FollowerState
2019-10-16 05:43:37,083 [Thread-240] INFO  impl.FollowerState (FollowerState.java:run(117)) - 9b4198f4-6cbd-47e8-bfe4-aedb21d8f827@group-B1F92E60D0E4-FollowerState was interrupted: java.lang.InterruptedException: sleep interrupted
2019-10-16 05:43:37,083 [grpc-default-executor-0] INFO  impl.RoleInfo (RoleInfo.java:updateAndGet(143)) - 9b4198f4-6cbd-47e8-bfe4-aedb21d8f827: start FollowerState
2019-10-16 05:43:37,086 [dbf467a0-0c16-4c77-8fc8-07b3e2d48dc4@group-B1F92E60D0E4-LeaderElection9] INFO  impl.LeaderElection (LeaderElection.java:logAndReturn(56)) - dbf467a0-0c16-4c77-8fc8-07b3e2d48dc4@group-B1F92E60D0E4-LeaderElection9: Election REJECTED; received 2 response(s) [dbf467a0-0c16-4c77-8fc8-07b3e2d48dc4<-a683ec46-7ba5-463a-a97d-824dd7951247#0:FAIL-t4, dbf467a0-0c16-4c77-8fc8-07b3e2d48dc4<-9b4198f4-6cbd-47e8-bfe4-aedb21d8f827#0:FAIL-t4] and 0 exception(s); dbf467a0-0c16-4c77-8fc8-07b3e2d48dc4@group-B1F92E60D0E4:t4, leader=null, voted=dbf467a0-0c16-4c77-8fc8-07b3e2d48dc4, raftlog=dbf467a0-0c16-4c77-8fc8-07b3e2d48dc4@group-B1F92E60D0E4-SegmentedRaftLog:OPENED:c-1,f-1,i0, conf=-1: [dbf467a0-0c16-4c77-8fc8-07b3e2d48dc4:192.168.69.104:32967, a683ec46-7ba5-463a-a97d-824dd7951247:192.168.69.104:41416, 9b4198f4-6cbd-47e8-bfe4-aedb21d8f827:192.168.69.104:39177], old=null
2019-10-16 05:43:37,086 [dbf467a0-0c16-4c77-8fc8-07b3e2d48dc4@group-B1F92E60D0E4-LeaderElection9] INFO  impl.RaftServerImpl (RaftServerImpl.java:setRole(184)) - dbf467a0-0c16-4c77-8fc8-07b3e2d48dc4@group-B1F92E60D0E4: changes role from CANDIDATE to FOLLOWER at term 4 for DISCOVERED_A_NEW_TERM
2019-10-16 05:43:37,087 [dbf467a0-0c16-4c77-8fc8-07b3e2d48dc4@group-B1F92E60D0E4-LeaderElection9] INFO  impl.RoleInfo (RoleInfo.java:shutdownLeaderElection(134)) - dbf467a0-0c16-4c77-8fc8-07b3e2d48dc4: shutdown LeaderElection
2019-10-16 05:43:37,087 [dbf467a0-0c16-4c77-8fc8-07b3e2d48dc4@group-B1F92E60D0E4-LeaderElection9] INFO  impl.RoleInfo (RoleInfo.java:updateAndGet(143)) - dbf467a0-0c16-4c77-8fc8-07b3e2d48dc4: start FollowerState
2019-10-16 05:43:37,117 [Thread-243] INFO  impl.FollowerState (FollowerState.java:run(108)) - a683ec46-7ba5-463a-a97d-824dd7951247@group-B1F92E60D0E4-FollowerState: change to CANDIDATE, lastRpcTime:35ms, electionTimeout:34ms
2019-10-16 05:43:37,123 [Thread-243] INFO  impl.RoleInfo (RoleInfo.java:shutdownFollowerState(121)) - a683ec46-7ba5-463a-a97d-824dd7951247: shutdown FollowerState
2019-10-16 05:43:37,124 [Thread-243] INFO  impl.RaftServerImpl (RaftServerImpl.java:setRole(184)) - a683ec46-7ba5-463a-a97d-824dd7951247@group-B1F92E60D0E4: changes role from  FOLLOWER to CANDIDATE at term 4 for changeToCandidate
2019-10-16 05:43:37,124 [Thread-243] INFO  impl.RoleInfo (RoleInfo.java:updateAndGet(143)) - a683ec46-7ba5-463a-a97d-824dd7951247: start LeaderElection
2019-10-16 05:43:37,140 [a683ec46-7ba5-463a-a97d-824dd7951247@group-B1F92E60D0E4-LeaderElection10] INFO  impl.LeaderElection (LeaderElection.java:askForVotes(178)) - a683ec46-7ba5-463a-a97d-824dd7951247@group-B1F92E60D0E4-LeaderElection10: begin an election at term 5 for -1: [dbf467a0-0c16-4c77-8fc8-07b3e2d48dc4:192.168.69.104:32967, a683ec46-7ba5-463a-a97d-824dd7951247:192.168.69.104:41416, 9b4198f4-6cbd-47e8-bfe4-aedb21d8f827:192.168.69.104:39177], old=null
2019-10-16 05:43:37,149 [grpc-default-executor-4] INFO  impl.RaftServerImpl (RaftServerImpl.java:setRole(184)) - dbf467a0-0c16-4c77-8fc8-07b3e2d48dc4@group-B1F92E60D0E4: changes role from  FOLLOWER to FOLLOWER at term 5 for recognizeCandidate:a683ec46-7ba5-463a-a97d-824dd7951247
2019-10-16 05:43:37,150 [grpc-default-executor-4] INFO  impl.RoleInfo (RoleInfo.java:shutdownFollowerState(121)) - dbf467a0-0c16-4c77-8fc8-07b3e2d48dc4: shutdown FollowerState
2019-10-16 05:43:37,150 [grpc-default-executor-0] INFO  impl.RaftServerImpl (RaftServerImpl.java:setRole(184)) - 9b4198f4-6cbd-47e8-bfe4-aedb21d8f827@group-B1F92E60D0E4: changes role from  FOLLOWER to FOLLOWER at term 5 for recognizeCandidate:a683ec46-7ba5-463a-a97d-824dd7951247
2019-10-16 05:43:37,150 [Thread-245] INFO  impl.FollowerState (FollowerState.java:run(117)) - dbf467a0-0c16-4c77-8fc8-07b3e2d48dc4@group-B1F92E60D0E4-FollowerState was interrupted: java.lang.InterruptedException: sleep interrupted
2019-10-16 05:43:37,150 [grpc-default-executor-4] INFO  impl.RoleInfo (RoleInfo.java:updateAndGet(143)) - dbf467a0-0c16-4c77-8fc8-07b3e2d48dc4: start FollowerState
2019-10-16 05:43:37,150 [grpc-default-executor-0] INFO  impl.RoleInfo (RoleInfo.java:shutdownFollowerState(121)) - 9b4198f4-6cbd-47e8-bfe4-aedb21d8f827: shutdown FollowerState
2019-10-16 05:43:37,151 [Thread-244] INFO  impl.FollowerState (FollowerState.java:run(117)) - 9b4198f4-6cbd-47e8-bfe4-aedb21d8f827@group-B1F92E60D0E4-FollowerState was interrupted: java.lang.InterruptedException: sleep interrupted
2019-10-16 05:43:37,151 [grpc-default-executor-0] INFO  impl.RoleInfo (RoleInfo.java:updateAndGet(143)) - 9b4198f4-6cbd-47e8-bfe4-aedb21d8f827: start FollowerState
2019-10-16 05:43:37,164 [a683ec46-7ba5-463a-a97d-824dd7951247@group-B1F92E60D0E4-LeaderElection10] INFO  impl.LeaderElection (LeaderElection.java:logAndReturn(56)) - a683ec46-7ba5-463a-a97d-824dd7951247@group-B1F92E60D0E4-LeaderElection10: Election PASSED; received 1 response(s) [a683ec46-7ba5-463a-a97d-824dd7951247<-dbf467a0-0c16-4c77-8fc8-07b3e2d48dc4#0:OK-t5] and 0 exception(s); a683ec46-7ba5-463a-a97d-824dd7951247@group-B1F92E60D0E4:t5, leader=null, voted=a683ec46-7ba5-463a-a97d-824dd7951247, raftlog=a683ec46-7ba5-463a-a97d-824dd7951247@group-B1F92E60D0E4-SegmentedRaftLog:OPENED:c-1,f-1,i0, conf=-1: [dbf467a0-0c16-4c77-8fc8-07b3e2d48dc4:192.168.69.104:32967, a683ec46-7ba5-463a-a97d-824dd7951247:192.168.69.104:41416, 9b4198f4-6cbd-47e8-bfe4-aedb21d8f827:192.168.69.104:39177], old=null
2019-10-16 05:43:37,164 [a683ec46-7ba5-463a-a97d-824dd7951247@group-B1F92E60D0E4-LeaderElection10] INFO  impl.RoleInfo (RoleInfo.java:shutdownLeaderElection(134)) - a683ec46-7ba5-463a-a97d-824dd7951247: shutdown LeaderElection
2019-10-16 05:43:37,165 [a683ec46-7ba5-463a-a97d-824dd7951247@group-B1F92E60D0E4-LeaderElection10] INFO  impl.RaftServerImpl (RaftServerImpl.java:setRole(184)) - a683ec46-7ba5-463a-a97d-824dd7951247@group-B1F92E60D0E4: changes role from CANDIDATE to LEADER at term 5 for changeToLeader
2019-10-16 05:43:37,165 [a683ec46-7ba5-463a-a97d-824dd7951247@group-B1F92E60D0E4-LeaderElection10] INFO  impl.RaftServerImpl (ServerState.java:setLeader(256)) - a683ec46-7ba5-463a-a97d-824dd7951247@group-B1F92E60D0E4: change Leader from null to a683ec46-7ba5-463a-a97d-824dd7951247 at term 5 for becomeLeader, leader elected after 533ms
2019-10-16 05:43:37,166 [a683ec46-7ba5-463a-a97d-824dd7951247@group-B1F92E60D0E4-LeaderElection10] INFO  server.RaftServerConfigKeys (ConfUtils.java:logGet(43)) - raft.server.staging.catchup.gap = 1000 (default)
2019-10-16 05:43:37,166 [a683ec46-7ba5-463a-a97d-824dd7951247@group-B1F92E60D0E4-LeaderElection10] INFO  server.RaftServerConfigKeys (ConfUtils.java:logGet(43)) - raft.server.rpc.sleep.time = 25ms (default)
2019-10-16 05:43:37,166 [a683ec46-7ba5-463a-a97d-824dd7951247@group-B1F92E60D0E4-LeaderElection10] INFO  server.RaftServerConfigKeys (ConfUtils.java:logGet(43)) - raft.server.write.element-limit = 4096 (default)
2019-10-16 05:43:37,166 [a683ec46-7ba5-463a-a97d-824dd7951247@group-B1F92E60D0E4-LeaderElection10] INFO  server.RaftServerConfigKeys (ConfUtils.java:logGet(43)) - raft.server.watch.timeout = 10s (default)
2019-10-16 05:43:37,166 [a683ec46-7ba5-463a-a97d-824dd7951247@group-B1F92E60D0E4-LeaderElection10] INFO  server.RaftServerConfigKeys (ConfUtils.java:logGet(43)) - raft.server.watch.timeout.denomination = 1s (default)
2019-10-16 05:43:37,167 [a683ec46-7ba5-463a-a97d-824dd7951247@group-B1F92E60D0E4-LeaderElection10] INFO  server.RaftServerConfigKeys (ConfUtils.java:logGet(43)) - raft.server.watch.element-limit = 65536 (default)
2019-10-16 05:43:37,170 [a683ec46-7ba5-463a-a97d-824dd7951247@group-B1F92E60D0E4-LeaderElection10] INFO  server.RaftServerConfigKeys (ConfUtils.java:logGet(43)) - raft.server.log.appender.snapshot.chunk.size.max = 16MB (=16777216) (default)
2019-10-16 05:43:37,170 [a683ec46-7ba5-463a-a97d-824dd7951247@group-B1F92E60D0E4-LeaderElection10] INFO  server.RaftServerConfigKeys (ConfUtils.java:logGet(43)) - raft.server.log.appender.buffer.byte-limit = 33554432 (custom)
2019-10-16 05:43:37,171 [a683ec46-7ba5-463a-a97d-824dd7951247@group-B1F92E60D0E4-LeaderElection10] INFO  server.RaftServerConfigKeys (ConfUtils.java:logGet(43)) - raft.server.log.appender.buffer.element-limit = 1 (custom)
2019-10-16 05:43:37,171 [a683ec46-7ba5-463a-a97d-824dd7951247@group-B1F92E60D0E4-LeaderElection10] INFO  grpc.GrpcConfigKeys$Server (ConfUtils.java:logGet(43)) - raft.grpc.server.leader.outstanding.appends.max = 128 (default)
2019-10-16 05:43:37,171 [a683ec46-7ba5-463a-a97d-824dd7951247@group-B1F92E60D0E4-LeaderElection10] INFO  server.RaftServerConfigKeys (ConfUtils.java:logGet(43)) - raft.server.rpc.request.timeout = 3000ms (default)
2019-10-16 05:43:37,171 [a683ec46-7ba5-463a-a97d-824dd7951247@group-B1F92E60D0E4-LeaderElection10] INFO  server.RaftServerConfigKeys (ConfUtils.java:logGet(43)) - raft.server.log.appender.install.snapshot.enabled = false (custom)
2019-10-16 05:43:37,175 [a683ec46-7ba5-463a-a97d-824dd7951247@group-B1F92E60D0E4-LeaderElection10] INFO  server.RaftServerConfigKeys (ConfUtils.java:logGet(43)) - raft.server.log.appender.snapshot.chunk.size.max = 16MB (=16777216) (default)
2019-10-16 05:43:37,175 [a683ec46-7ba5-463a-a97d-824dd7951247@group-B1F92E60D0E4-LeaderElection10] INFO  server.RaftServerConfigKeys (ConfUtils.java:logGet(43)) - raft.server.log.appender.buffer.byte-limit = 33554432 (custom)
2019-10-16 05:43:37,175 [a683ec46-7ba5-463a-a97d-824dd7951247@group-B1F92E60D0E4-LeaderElection10] INFO  server.RaftServerConfigKeys (ConfUtils.java:logGet(43)) - raft.server.log.appender.buffer.element-limit = 1 (custom)
2019-10-16 05:43:37,175 [a683ec46-7ba5-463a-a97d-824dd7951247@group-B1F92E60D0E4-LeaderElection10] INFO  grpc.GrpcConfigKeys$Server (ConfUtils.java:logGet(43)) - raft.grpc.server.leader.outstanding.appends.max = 128 (default)
2019-10-16 05:43:37,176 [a683ec46-7ba5-463a-a97d-824dd7951247@group-B1F92E60D0E4-LeaderElection10] INFO  server.RaftServerConfigKeys (ConfUtils.java:logGet(43)) - raft.server.rpc.request.timeout = 3000ms (default)
2019-10-16 05:43:37,176 [a683ec46-7ba5-463a-a97d-824dd7951247@group-B1F92E60D0E4-LeaderElection10] INFO  server.RaftServerConfigKeys (ConfUtils.java:logGet(43)) - raft.server.log.appender.install.snapshot.enabled = false (custom)
2019-10-16 05:43:37,179 [a683ec46-7ba5-463a-a97d-824dd7951247@group-B1F92E60D0E4-LeaderElection10] INFO  impl.RoleInfo (RoleInfo.java:updateAndGet(143)) - a683ec46-7ba5-463a-a97d-824dd7951247: start LeaderState
2019-10-16 05:43:37,179 [a683ec46-7ba5-463a-a97d-824dd7951247@group-B1F92E60D0E4-LeaderElection10] INFO  segmented.SegmentedRaftLogWorker (SegmentedRaftLogWorker.java:startLogSegment(385)) - a683ec46-7ba5-463a-a97d-824dd7951247@group-B1F92E60D0E4-SegmentedRaftLogWorker: Starting segment from index:0
2019-10-16 05:43:37,180 [a683ec46-7ba5-463a-a97d-824dd7951247@group-B1F92E60D0E4-LeaderElection10] INFO  impl.RaftServerImpl (ServerState.java:setRaftConf(357)) - a683ec46-7ba5-463a-a97d-824dd7951247@group-B1F92E60D0E4: set configuration 0: [dbf467a0-0c16-4c77-8fc8-07b3e2d48dc4:192.168.69.104:32967, a683ec46-7ba5-463a-a97d-824dd7951247:192.168.69.104:41416, 9b4198f4-6cbd-47e8-bfe4-aedb21d8f827:192.168.69.104:39177], old=null at 0
2019-10-16 05:43:37,213 [grpc-default-executor-0] INFO  impl.RaftServerImpl (ServerState.java:setLeader(256)) - dbf467a0-0c16-4c77-8fc8-07b3e2d48dc4@group-B1F92E60D0E4: change Leader from null to a683ec46-7ba5-463a-a97d-824dd7951247 at term 5 for appendEntries, leader elected after 581ms
2019-10-16 05:43:37,214 [grpc-default-executor-4] INFO  impl.RaftServerImpl (ServerState.java:setLeader(256)) - 9b4198f4-6cbd-47e8-bfe4-aedb21d8f827@group-B1F92E60D0E4: change Leader from null to a683ec46-7ba5-463a-a97d-824dd7951247 at term 5 for appendEntries, leader elected after 213ms
2019-10-16 05:43:37,223 [a683ec46-7ba5-463a-a97d-824dd7951247@group-B1F92E60D0E4-SegmentedRaftLogWorker] INFO  segmented.SegmentedRaftLogWorker (SegmentedRaftLogWorker.java:execute(576)) - a683ec46-7ba5-463a-a97d-824dd7951247@group-B1F92E60D0E4-SegmentedRaftLogWorker: created new log segment /workdir/hadoop-ozone/integration-test/target/test-dir/MiniOzoneClusterImpl-7e713ef8-135d-4b72-83a4-970ab5ab51ec/datanode-1/data/ratis/b0c0b9ea-f8e5-4669-8ea4-b1f92e60d0e4/current/log_inprogress_0
2019-10-16 05:43:37,245 [grpc-default-executor-4] INFO  impl.RaftServerImpl (ServerState.java:setRaftConf(357)) - dbf467a0-0c16-4c77-8fc8-07b3e2d48dc4@group-B1F92E60D0E4: set configuration 0: [dbf467a0-0c16-4c77-8fc8-07b3e2d48dc4:192.168.69.104:32967, a683ec46-7ba5-463a-a97d-824dd7951247:192.168.69.104:41416, 9b4198f4-6cbd-47e8-bfe4-aedb21d8f827:192.168.69.104:39177], old=null at 0
2019-10-16 05:43:37,245 [grpc-default-executor-0] INFO  impl.RaftServerImpl (ServerState.java:setRaftConf(357)) - 9b4198f4-6cbd-47e8-bfe4-aedb21d8f827@group-B1F92E60D0E4: set configuration 0: [dbf467a0-0c16-4c77-8fc8-07b3e2d48dc4:192.168.69.104:32967, a683ec46-7ba5-463a-a97d-824dd7951247:192.168.69.104:41416, 9b4198f4-6cbd-47e8-bfe4-aedb21d8f827:192.168.69.104:39177], old=null at 0
2019-10-16 05:43:37,245 [grpc-default-executor-4] INFO  segmented.SegmentedRaftLogWorker (SegmentedRaftLogWorker.java:startLogSegment(385)) - dbf467a0-0c16-4c77-8fc8-07b3e2d48dc4@group-B1F92E60D0E4-SegmentedRaftLogWorker: Starting segment from index:0
2019-10-16 05:43:37,248 [grpc-default-executor-0] INFO  segmented.SegmentedRaftLogWorker (SegmentedRaftLogWorker.java:truncate(401)) - 9b4198f4-6cbd-47e8-bfe4-aedb21d8f827@group-B1F92E60D0E4-SegmentedRaftLogWorker: Truncating segments toTruncate: null
  toDelete: [(0, 0) isOpen? true, length=0, newEndIndex=-1], start index 0
2019-10-16 05:43:37,249 [grpc-default-executor-0] INFO  segmented.SegmentedRaftLogWorker (SegmentedRaftLogWorker.java:startLogSegment(385)) - 9b4198f4-6cbd-47e8-bfe4-aedb21d8f827@group-B1F92E60D0E4-SegmentedRaftLogWorker: Starting segment from index:0
2019-10-16 05:43:37,250 [9b4198f4-6cbd-47e8-bfe4-aedb21d8f827@group-B1F92E60D0E4-SegmentedRaftLogWorker] INFO  segmented.SegmentedRaftLogWorker (SegmentedRaftLogWorker.java:execute(640)) - 9b4198f4-6cbd-47e8-bfe4-aedb21d8f827@group-B1F92E60D0E4-SegmentedRaftLogWorker: Deleted log file /workdir/hadoop-ozone/integration-test/target/test-dir/MiniOzoneClusterImpl-7e713ef8-135d-4b72-83a4-970ab5ab51ec/datanode-2/data/ratis/b0c0b9ea-f8e5-4669-8ea4-b1f92e60d0e4/current/log_inprogress_0
2019-10-16 05:43:37,251 [9b4198f4-6cbd-47e8-bfe4-aedb21d8f827@group-B1F92E60D0E4-SegmentedRaftLogWorker] INFO  segmented.SegmentedRaftLogWorker (SegmentedRaftLogWorker.java:lambda$new$0(128)) - 9b4198f4-6cbd-47e8-bfe4-aedb21d8f827@group-B1F92E60D0E4-SegmentedRaftLogWorker: flushIndex: setUnconditionally 0 -> -1
2019-10-16 05:43:37,287 [9b4198f4-6cbd-47e8-bfe4-aedb21d8f827@group-B1F92E60D0E4-SegmentedRaftLogWorker] INFO  segmented.SegmentedRaftLogWorker (SegmentedRaftLogWorker.java:execute(576)) - 9b4198f4-6cbd-47e8-bfe4-aedb21d8f827@group-B1F92E60D0E4-SegmentedRaftLogWorker: created new log segment /workdir/hadoop-ozone/integration-test/target/test-dir/MiniOzoneClusterImpl-7e713ef8-135d-4b72-83a4-970ab5ab51ec/datanode-2/data/ratis/b0c0b9ea-f8e5-4669-8ea4-b1f92e60d0e4/current/log_inprogress_0
2019-10-16 05:43:37,287 [dbf467a0-0c16-4c77-8fc8-07b3e2d48dc4@group-B1F92E60D0E4-SegmentedRaftLogWorker] INFO  segmented.SegmentedRaftLogWorker (SegmentedRaftLogWorker.java:execute(576)) - dbf467a0-0c16-4c77-8fc8-07b3e2d48dc4@group-B1F92E60D0E4-SegmentedRaftLogWorker: created new log segment /workdir/hadoop-ozone/integration-test/target/test-dir/MiniOzoneClusterImpl-7e713ef8-135d-4b72-83a4-970ab5ab51ec/datanode-0/data/ratis/b0c0b9ea-f8e5-4669-8ea4-b1f92e60d0e4/current/log_inprogress_0
2019-10-16 05:43:37,828 [main] INFO  ozone.MiniOzoneClusterImpl (MiniOzoneClusterImpl.java:getStorageContainerLocationClient(234)) - Creating StorageContainerLocationProtocol RPC client with address /0.0.0.0:34931
2019-10-16 05:43:37,858 [main] INFO  rpc.RpcClient (RpcClient.java:createVolume(272)) - Creating Volume: c4add90b-8987-42a5-8b8d-99879c3373f9, with jenkins1000 as owner.
2019-10-16 05:43:37,998 [OM StateMachine ApplyTransaction Thread - 0] INFO  volume.OMVolumeCreateRequest (OMVolumeCreateRequest.java:validateAndUpdateCache(193)) - created volume:c4add90b-8987-42a5-8b8d-99879c3373f9 for user:jenkins1000
2019-10-16 05:43:38,018 [main] INFO  rpc.RpcClient (RpcClient.java:createBucket(411)) - Creating Bucket: c4add90b-8987-42a5-8b8d-99879c3373f9/4f7d1c1b-188a-41d3-b189-7a99739b21bb, with Versioning false and Storage Type set to DISK and Encryption set to false 
2019-10-16 05:43:38,212 [main] INFO  impl.MetricsSystemImpl (MetricsSystemImpl.java:init(158)) - XceiverClientMetrics metrics system started (again)
2019-10-16 05:43:38,771 [Thread-185] INFO  container.ReplicationManager (ReplicationManager.java:start(162)) - Starting Replication Monitor Thread.
2019-10-16 05:43:38,773 [ReplicationMonitor] INFO  container.ReplicationManager (ReplicationManager.java:run(225)) - Replication Monitor Thread took 1 milliseconds for processing 1 containers.
2019-10-16 05:43:38,777 [OM StateMachine ApplyTransaction Thread - 0] ERROR lock.LockManager (LockManager.java:getLockForReleasing(218)) - Trying to release the lock on /c4add90b-8987-42a5-8b8d-99879c3373f9/4f7d1c1b-188a-41d3-b189-7a99739b21bb, which was never acquired.
]]></system-out>
    <system-err><![CDATA[ERROR StatusLogger No Log4j 2 configuration file found. Using default configuration (logging only errors to the console), or user programmatically provided configurations. Set system property 'log4j2.debug' to show Log4j 2 internal initialization logging. See https://logging.apache.org/log4j/2.x/manual/configuration.html for instructions on how to configure Log4j 2
]]></system-err>
  </testcase>
  <testcase name="testMultipartUpload" classname="org.apache.hadoop.ozone.client.rpc.TestOzoneRpcClientWithRatis" time="3.73"/>
  <testcase name="testInitiateMultipartUploadWithReplicationInformationSet" classname="org.apache.hadoop.ozone.client.rpc.TestOzoneRpcClientWithRatis" time="0.054"/>
  <testcase name="testRenameKey" classname="org.apache.hadoop.ozone.client.rpc.TestOzoneRpcClientWithRatis" time="0.286">
    <error message="java.lang.IllegalMonitorStateException: Releasing lock on resource /f7bc579e-31bc-4f62-bf13-74138deaa3e6/d9ede9a8-6dda-4f98-be2a-34185f6b5b77 without acquiring lock" type="INTERNAL_ERROR org.apache.hadoop.ozone.om.exceptions.OMException">INTERNAL_ERROR org.apache.hadoop.ozone.om.exceptions.OMException: java.lang.IllegalMonitorStateException: Releasing lock on resource /f7bc579e-31bc-4f62-bf13-74138deaa3e6/d9ede9a8-6dda-4f98-be2a-34185f6b5b77 without acquiring lock
	at org.apache.hadoop.ozone.om.protocolPB.OzoneManagerProtocolClientSideTranslatorPB.handleError(OzoneManagerProtocolClientSideTranslatorPB.java:732)
	at org.apache.hadoop.ozone.om.protocolPB.OzoneManagerProtocolClientSideTranslatorPB.commitKey(OzoneManagerProtocolClientSideTranslatorPB.java:789)
	at sun.reflect.NativeMethodAccessorImpl.invoke0(Native Method)
	at sun.reflect.NativeMethodAccessorImpl.invoke(NativeMethodAccessorImpl.java:62)
	at sun.reflect.DelegatingMethodAccessorImpl.invoke(DelegatingMethodAccessorImpl.java:43)
	at java.lang.reflect.Method.invoke(Method.java:498)
	at org.apache.hadoop.hdds.tracing.TraceAllMethod.invoke(TraceAllMethod.java:66)
	at com.sun.proxy.$Proxy38.commitKey(Unknown Source)
	at org.apache.hadoop.ozone.client.io.BlockOutputStreamEntryPool.commitKey(BlockOutputStreamEntryPool.java:277)
	at org.apache.hadoop.ozone.client.io.KeyOutputStream.close(KeyOutputStream.java:474)
	at org.apache.hadoop.ozone.client.io.OzoneOutputStream.close(OzoneOutputStream.java:60)
	at org.apache.hadoop.ozone.client.rpc.TestOzoneRpcClientAbstract.testRenameKey(TestOzoneRpcClientAbstract.java:1278)
	at sun.reflect.NativeMethodAccessorImpl.invoke0(Native Method)
	at sun.reflect.NativeMethodAccessorImpl.invoke(NativeMethodAccessorImpl.java:62)
	at sun.reflect.DelegatingMethodAccessorImpl.invoke(DelegatingMethodAccessorImpl.java:43)
	at java.lang.reflect.Method.invoke(Method.java:498)
	at org.junit.runners.model.FrameworkMethod$1.runReflectiveCall(FrameworkMethod.java:47)
	at org.junit.internal.runners.model.ReflectiveCallable.run(ReflectiveCallable.java:12)
	at org.junit.runners.model.FrameworkMethod.invokeExplosively(FrameworkMethod.java:44)
	at org.junit.internal.runners.statements.InvokeMethod.evaluate(InvokeMethod.java:17)
	at org.junit.runners.ParentRunner.runLeaf(ParentRunner.java:271)
	at org.junit.runners.BlockJUnit4ClassRunner.runChild(BlockJUnit4ClassRunner.java:70)
	at org.junit.runners.BlockJUnit4ClassRunner.runChild(BlockJUnit4ClassRunner.java:50)
	at org.junit.runners.ParentRunner$3.run(ParentRunner.java:238)
	at org.junit.runners.ParentRunner$1.schedule(ParentRunner.java:63)
	at org.junit.runners.ParentRunner.runChildren(ParentRunner.java:236)
	at org.junit.runners.ParentRunner.access$000(ParentRunner.java:53)
	at org.junit.runners.ParentRunner$2.evaluate(ParentRunner.java:229)
	at org.junit.internal.runners.statements.RunBefores.evaluate(RunBefores.java:26)
	at org.junit.internal.runners.statements.RunAfters.evaluate(RunAfters.java:27)
	at org.junit.runners.ParentRunner.run(ParentRunner.java:309)
	at org.apache.maven.surefire.junit4.JUnit4Provider.execute(JUnit4Provider.java:365)
	at org.apache.maven.surefire.junit4.JUnit4Provider.executeWithRerun(JUnit4Provider.java:273)
	at org.apache.maven.surefire.junit4.JUnit4Provider.executeTestSet(JUnit4Provider.java:238)
	at org.apache.maven.surefire.junit4.JUnit4Provider.invoke(JUnit4Provider.java:159)
	at org.apache.maven.surefire.booter.ForkedBooter.invokeProviderInSameClassLoader(ForkedBooter.java:384)
	at org.apache.maven.surefire.booter.ForkedBooter.runSuitesInProcess(ForkedBooter.java:345)
	at org.apache.maven.surefire.booter.ForkedBooter.execute(ForkedBooter.java:126)
	at org.apache.maven.surefire.booter.ForkedBooter.main(ForkedBooter.java:418)
</error>
    <system-out><![CDATA[2019-10-16 05:43:42,573 [main] INFO  rpc.RpcClient (RpcClient.java:createVolume(272)) - Creating Volume: f7bc579e-31bc-4f62-bf13-74138deaa3e6, with jenkins1000 as owner.
2019-10-16 05:43:42,584 [OM StateMachine ApplyTransaction Thread - 0] INFO  volume.OMVolumeCreateRequest (OMVolumeCreateRequest.java:validateAndUpdateCache(193)) - created volume:f7bc579e-31bc-4f62-bf13-74138deaa3e6 for user:jenkins1000
2019-10-16 05:43:42,586 [main] INFO  rpc.RpcClient (RpcClient.java:createBucket(411)) - Creating Bucket: f7bc579e-31bc-4f62-bf13-74138deaa3e6/d9ede9a8-6dda-4f98-be2a-34185f6b5b77, with Versioning false and Storage Type set to DISK and Encryption set to false 
2019-10-16 05:43:42,604 [IPC Server handler 1 on 34341] INFO  pipeline.PipelineStateManager (PipelineStateManager.java:addPipeline(56)) - Created pipeline Pipeline[ Id: 84673e3f-9d84-4f01-932a-0e3e6941df8d, Nodes: dbf467a0-0c16-4c77-8fc8-07b3e2d48dc4{ip: 192.168.69.104, host: pr-hdds-2312-q6qzp-1535798719, networkLocation: /default-rack, certSerialId: null}, Type:STAND_ALONE, Factor:ONE, State:OPEN]
2019-10-16 05:43:42,800 [IPC Server handler 12 on 45158] INFO  segmented.SegmentedRaftLogWorker (SegmentedRaftLogWorker.java:rollLogSegment(390)) - 1d6ce82d-311b-4c95-9b55-5aa5987b40a4@group-C5BA1605619E-SegmentedRaftLogWorker: Rolling segment log-0_52 to index:52
2019-10-16 05:43:42,803 [1d6ce82d-311b-4c95-9b55-5aa5987b40a4@group-C5BA1605619E-SegmentedRaftLogWorker] INFO  segmented.SegmentedRaftLogWorker (SegmentedRaftLogWorker.java:execute(533)) - 1d6ce82d-311b-4c95-9b55-5aa5987b40a4@group-C5BA1605619E-SegmentedRaftLogWorker: Rolled log segment from /workdir/hadoop-ozone/integration-test/target/test-dir/MiniOzoneClusterImpl-7e713ef8-135d-4b72-83a4-970ab5ab51ec/ozone-meta/ratis/bf265839-605b-3f16-9796-c5ba1605619e/current/log_inprogress_0 to /workdir/hadoop-ozone/integration-test/target/test-dir/MiniOzoneClusterImpl-7e713ef8-135d-4b72-83a4-970ab5ab51ec/ozone-meta/ratis/bf265839-605b-3f16-9796-c5ba1605619e/current/log_0-52
2019-10-16 05:43:42,828 [1d6ce82d-311b-4c95-9b55-5aa5987b40a4@group-C5BA1605619E-SegmentedRaftLogWorker] INFO  segmented.SegmentedRaftLogWorker (SegmentedRaftLogWorker.java:execute(576)) - 1d6ce82d-311b-4c95-9b55-5aa5987b40a4@group-C5BA1605619E-SegmentedRaftLogWorker: created new log segment /workdir/hadoop-ozone/integration-test/target/test-dir/MiniOzoneClusterImpl-7e713ef8-135d-4b72-83a4-970ab5ab51ec/ozone-meta/ratis/bf265839-605b-3f16-9796-c5ba1605619e/current/log_inprogress_53
2019-10-16 05:43:42,855 [OM StateMachine ApplyTransaction Thread - 0] ERROR lock.LockManager (LockManager.java:getLockForReleasing(218)) - Trying to release the lock on /f7bc579e-31bc-4f62-bf13-74138deaa3e6/d9ede9a8-6dda-4f98-be2a-34185f6b5b77, which was never acquired.
]]></system-out>
  </testcase>
  <testcase name="testCreateBucketWithVersioning" classname="org.apache.hadoop.ozone.client.rpc.TestOzoneRpcClientWithRatis" time="0.029"/>
  <testcase name="testCreateS3Bucket" classname="org.apache.hadoop.ozone.client.rpc.TestOzoneRpcClientWithRatis" time="0.02"/>
  <testcase name="testUploadPartOverrideWithStandAlone" classname="org.apache.hadoop.ozone.client.rpc.TestOzoneRpcClientWithRatis" time="0.134"/>
  <testcase name="testNativeAclsForKey" classname="org.apache.hadoop.ozone.client.rpc.TestOzoneRpcClientWithRatis" time="0.072">
    <error message="java.lang.IllegalMonitorStateException: Releasing lock on resource /c9a51b76-9f9e-468c-8e35-86ba269590de/07b8149d-8198-4db2-87db-1a671294b191 without acquiring lock" type="INTERNAL_ERROR org.apache.hadoop.ozone.om.exceptions.OMException">INTERNAL_ERROR org.apache.hadoop.ozone.om.exceptions.OMException: java.lang.IllegalMonitorStateException: Releasing lock on resource /c9a51b76-9f9e-468c-8e35-86ba269590de/07b8149d-8198-4db2-87db-1a671294b191 without acquiring lock
	at org.apache.hadoop.ozone.om.protocolPB.OzoneManagerProtocolClientSideTranslatorPB.handleError(OzoneManagerProtocolClientSideTranslatorPB.java:732)
	at org.apache.hadoop.ozone.om.protocolPB.OzoneManagerProtocolClientSideTranslatorPB.commitKey(OzoneManagerProtocolClientSideTranslatorPB.java:789)
	at sun.reflect.NativeMethodAccessorImpl.invoke0(Native Method)
	at sun.reflect.NativeMethodAccessorImpl.invoke(NativeMethodAccessorImpl.java:62)
	at sun.reflect.DelegatingMethodAccessorImpl.invoke(DelegatingMethodAccessorImpl.java:43)
	at java.lang.reflect.Method.invoke(Method.java:498)
	at org.apache.hadoop.hdds.tracing.TraceAllMethod.invoke(TraceAllMethod.java:66)
	at com.sun.proxy.$Proxy38.commitKey(Unknown Source)
	at org.apache.hadoop.ozone.client.io.BlockOutputStreamEntryPool.commitKey(BlockOutputStreamEntryPool.java:277)
	at org.apache.hadoop.ozone.client.io.KeyOutputStream.close(KeyOutputStream.java:474)
	at org.apache.hadoop.ozone.client.io.OzoneOutputStream.close(OzoneOutputStream.java:60)
	at org.apache.hadoop.ozone.client.rpc.TestOzoneRpcClientAbstract.writeKey(TestOzoneRpcClientAbstract.java:2546)
	at org.apache.hadoop.ozone.client.rpc.TestOzoneRpcClientAbstract.testNativeAclsForKey(TestOzoneRpcClientAbstract.java:2310)
	at sun.reflect.NativeMethodAccessorImpl.invoke0(Native Method)
	at sun.reflect.NativeMethodAccessorImpl.invoke(NativeMethodAccessorImpl.java:62)
	at sun.reflect.DelegatingMethodAccessorImpl.invoke(DelegatingMethodAccessorImpl.java:43)
	at java.lang.reflect.Method.invoke(Method.java:498)
	at org.junit.runners.model.FrameworkMethod$1.runReflectiveCall(FrameworkMethod.java:47)
	at org.junit.internal.runners.model.ReflectiveCallable.run(ReflectiveCallable.java:12)
	at org.junit.runners.model.FrameworkMethod.invokeExplosively(FrameworkMethod.java:44)
	at org.junit.internal.runners.statements.InvokeMethod.evaluate(InvokeMethod.java:17)
	at org.junit.runners.ParentRunner.runLeaf(ParentRunner.java:271)
	at org.junit.runners.BlockJUnit4ClassRunner.runChild(BlockJUnit4ClassRunner.java:70)
	at org.junit.runners.BlockJUnit4ClassRunner.runChild(BlockJUnit4ClassRunner.java:50)
	at org.junit.runners.ParentRunner$3.run(ParentRunner.java:238)
	at org.junit.runners.ParentRunner$1.schedule(ParentRunner.java:63)
	at org.junit.runners.ParentRunner.runChildren(ParentRunner.java:236)
	at org.junit.runners.ParentRunner.access$000(ParentRunner.java:53)
	at org.junit.runners.ParentRunner$2.evaluate(ParentRunner.java:229)
	at org.junit.internal.runners.statements.RunBefores.evaluate(RunBefores.java:26)
	at org.junit.internal.runners.statements.RunAfters.evaluate(RunAfters.java:27)
	at org.junit.runners.ParentRunner.run(ParentRunner.java:309)
	at org.apache.maven.surefire.junit4.JUnit4Provider.execute(JUnit4Provider.java:365)
	at org.apache.maven.surefire.junit4.JUnit4Provider.executeWithRerun(JUnit4Provider.java:273)
	at org.apache.maven.surefire.junit4.JUnit4Provider.executeTestSet(JUnit4Provider.java:238)
	at org.apache.maven.surefire.junit4.JUnit4Provider.invoke(JUnit4Provider.java:159)
	at org.apache.maven.surefire.booter.ForkedBooter.invokeProviderInSameClassLoader(ForkedBooter.java:384)
	at org.apache.maven.surefire.booter.ForkedBooter.runSuitesInProcess(ForkedBooter.java:345)
	at org.apache.maven.surefire.booter.ForkedBooter.execute(ForkedBooter.java:126)
	at org.apache.maven.surefire.booter.ForkedBooter.main(ForkedBooter.java:418)
</error>
    <system-out><![CDATA[2019-10-16 05:43:43,042 [main] INFO  rpc.RpcClient (RpcClient.java:createVolume(272)) - Creating Volume: c9a51b76-9f9e-468c-8e35-86ba269590de, with jenkins1000 as owner.
2019-10-16 05:43:43,055 [OM StateMachine ApplyTransaction Thread - 0] INFO  volume.OMVolumeCreateRequest (OMVolumeCreateRequest.java:validateAndUpdateCache(193)) - created volume:c9a51b76-9f9e-468c-8e35-86ba269590de for user:jenkins1000
2019-10-16 05:43:43,057 [main] INFO  rpc.RpcClient (RpcClient.java:createBucket(411)) - Creating Bucket: c9a51b76-9f9e-468c-8e35-86ba269590de/07b8149d-8198-4db2-87db-1a671294b191, with Versioning false and Storage Type set to DISK and Encryption set to false 
2019-10-16 05:43:43,111 [OM StateMachine ApplyTransaction Thread - 0] ERROR lock.LockManager (LockManager.java:getLockForReleasing(218)) - Trying to release the lock on /c9a51b76-9f9e-468c-8e35-86ba269590de/07b8149d-8198-4db2-87db-1a671294b191, which was never acquired.
]]></system-out>
  </testcase>
  <testcase name="testAddBucketAcl" classname="org.apache.hadoop.ozone.client.rpc.TestOzoneRpcClientWithRatis" time="0.058"/>
  <testcase name="testReadKeyWithVerifyChecksumFlagDisable" classname="org.apache.hadoop.ozone.client.rpc.TestOzoneRpcClientWithRatis" time="0.295">
    <error message="java.lang.IllegalMonitorStateException: Releasing lock on resource /0e93760e-6d50-44d4-8086-b4d4c39487be/d0469f18-0caa-45f4-a6a1-6b92ad78b298 without acquiring lock" type="INTERNAL_ERROR org.apache.hadoop.ozone.om.exceptions.OMException">INTERNAL_ERROR org.apache.hadoop.ozone.om.exceptions.OMException: java.lang.IllegalMonitorStateException: Releasing lock on resource /0e93760e-6d50-44d4-8086-b4d4c39487be/d0469f18-0caa-45f4-a6a1-6b92ad78b298 without acquiring lock
	at org.apache.hadoop.ozone.om.protocolPB.OzoneManagerProtocolClientSideTranslatorPB.handleError(OzoneManagerProtocolClientSideTranslatorPB.java:732)
	at org.apache.hadoop.ozone.om.protocolPB.OzoneManagerProtocolClientSideTranslatorPB.commitKey(OzoneManagerProtocolClientSideTranslatorPB.java:789)
	at sun.reflect.NativeMethodAccessorImpl.invoke0(Native Method)
	at sun.reflect.NativeMethodAccessorImpl.invoke(NativeMethodAccessorImpl.java:62)
	at sun.reflect.DelegatingMethodAccessorImpl.invoke(DelegatingMethodAccessorImpl.java:43)
	at java.lang.reflect.Method.invoke(Method.java:498)
	at org.apache.hadoop.hdds.tracing.TraceAllMethod.invoke(TraceAllMethod.java:66)
	at com.sun.proxy.$Proxy38.commitKey(Unknown Source)
	at org.apache.hadoop.ozone.client.io.BlockOutputStreamEntryPool.commitKey(BlockOutputStreamEntryPool.java:277)
	at org.apache.hadoop.ozone.client.io.KeyOutputStream.close(KeyOutputStream.java:474)
	at org.apache.hadoop.ozone.client.io.OzoneOutputStream.close(OzoneOutputStream.java:60)
	at org.apache.hadoop.ozone.client.rpc.TestOzoneRpcClientAbstract.createAndCorruptKey(TestOzoneRpcClientAbstract.java:924)
	at org.apache.hadoop.ozone.client.rpc.TestOzoneRpcClientAbstract.testReadKeyWithVerifyChecksumFlagDisable(TestOzoneRpcClientAbstract.java:904)
	at sun.reflect.NativeMethodAccessorImpl.invoke0(Native Method)
	at sun.reflect.NativeMethodAccessorImpl.invoke(NativeMethodAccessorImpl.java:62)
	at sun.reflect.DelegatingMethodAccessorImpl.invoke(DelegatingMethodAccessorImpl.java:43)
	at java.lang.reflect.Method.invoke(Method.java:498)
	at org.junit.runners.model.FrameworkMethod$1.runReflectiveCall(FrameworkMethod.java:47)
	at org.junit.internal.runners.model.ReflectiveCallable.run(ReflectiveCallable.java:12)
	at org.junit.runners.model.FrameworkMethod.invokeExplosively(FrameworkMethod.java:44)
	at org.junit.internal.runners.statements.InvokeMethod.evaluate(InvokeMethod.java:17)
	at org.junit.runners.ParentRunner.runLeaf(ParentRunner.java:271)
	at org.junit.runners.BlockJUnit4ClassRunner.runChild(BlockJUnit4ClassRunner.java:70)
	at org.junit.runners.BlockJUnit4ClassRunner.runChild(BlockJUnit4ClassRunner.java:50)
	at org.junit.runners.ParentRunner$3.run(ParentRunner.java:238)
	at org.junit.runners.ParentRunner$1.schedule(ParentRunner.java:63)
	at org.junit.runners.ParentRunner.runChildren(ParentRunner.java:236)
	at org.junit.runners.ParentRunner.access$000(ParentRunner.java:53)
	at org.junit.runners.ParentRunner$2.evaluate(ParentRunner.java:229)
	at org.junit.internal.runners.statements.RunBefores.evaluate(RunBefores.java:26)
	at org.junit.internal.runners.statements.RunAfters.evaluate(RunAfters.java:27)
	at org.junit.runners.ParentRunner.run(ParentRunner.java:309)
	at org.apache.maven.surefire.junit4.JUnit4Provider.execute(JUnit4Provider.java:365)
	at org.apache.maven.surefire.junit4.JUnit4Provider.executeWithRerun(JUnit4Provider.java:273)
	at org.apache.maven.surefire.junit4.JUnit4Provider.executeTestSet(JUnit4Provider.java:238)
	at org.apache.maven.surefire.junit4.JUnit4Provider.invoke(JUnit4Provider.java:159)
	at org.apache.maven.surefire.booter.ForkedBooter.invokeProviderInSameClassLoader(ForkedBooter.java:384)
	at org.apache.maven.surefire.booter.ForkedBooter.runSuitesInProcess(ForkedBooter.java:345)
	at org.apache.maven.surefire.booter.ForkedBooter.execute(ForkedBooter.java:126)
	at org.apache.maven.surefire.booter.ForkedBooter.main(ForkedBooter.java:418)
</error>
    <system-out><![CDATA[2019-10-16 05:43:43,173 [main] INFO  rpc.RpcClient (RpcClient.java:createVolume(272)) - Creating Volume: 0e93760e-6d50-44d4-8086-b4d4c39487be, with jenkins1000 as owner.
2019-10-16 05:43:43,186 [OM StateMachine ApplyTransaction Thread - 0] INFO  volume.OMVolumeCreateRequest (OMVolumeCreateRequest.java:validateAndUpdateCache(193)) - created volume:0e93760e-6d50-44d4-8086-b4d4c39487be for user:jenkins1000
2019-10-16 05:43:43,188 [main] INFO  rpc.RpcClient (RpcClient.java:createBucket(411)) - Creating Bucket: 0e93760e-6d50-44d4-8086-b4d4c39487be/d0469f18-0caa-45f4-a6a1-6b92ad78b298, with Versioning false and Storage Type set to DISK and Encryption set to false 
2019-10-16 05:43:43,464 [OM StateMachine ApplyTransaction Thread - 0] ERROR lock.LockManager (LockManager.java:getLockForReleasing(218)) - Trying to release the lock on /0e93760e-6d50-44d4-8086-b4d4c39487be/d0469f18-0caa-45f4-a6a1-6b92ad78b298, which was never acquired.
]]></system-out>
  </testcase>
  <testcase name="testDeletedKeyForGDPR" classname="org.apache.hadoop.ozone.client.rpc.TestOzoneRpcClientWithRatis" time="0.116">
    <error message="java.lang.IllegalMonitorStateException: Releasing lock on resource /75aa8710-9639-4a1d-868e-2e364136f449/d998f58b-9f38-49be-b7be-5e7280b17c41 without acquiring lock" type="INTERNAL_ERROR org.apache.hadoop.ozone.om.exceptions.OMException">INTERNAL_ERROR org.apache.hadoop.ozone.om.exceptions.OMException: java.lang.IllegalMonitorStateException: Releasing lock on resource /75aa8710-9639-4a1d-868e-2e364136f449/d998f58b-9f38-49be-b7be-5e7280b17c41 without acquiring lock
	at org.apache.hadoop.ozone.om.protocolPB.OzoneManagerProtocolClientSideTranslatorPB.handleError(OzoneManagerProtocolClientSideTranslatorPB.java:732)
	at org.apache.hadoop.ozone.om.protocolPB.OzoneManagerProtocolClientSideTranslatorPB.commitKey(OzoneManagerProtocolClientSideTranslatorPB.java:789)
	at sun.reflect.NativeMethodAccessorImpl.invoke0(Native Method)
	at sun.reflect.NativeMethodAccessorImpl.invoke(NativeMethodAccessorImpl.java:62)
	at sun.reflect.DelegatingMethodAccessorImpl.invoke(DelegatingMethodAccessorImpl.java:43)
	at java.lang.reflect.Method.invoke(Method.java:498)
	at org.apache.hadoop.hdds.tracing.TraceAllMethod.invoke(TraceAllMethod.java:66)
	at com.sun.proxy.$Proxy38.commitKey(Unknown Source)
	at org.apache.hadoop.ozone.client.io.BlockOutputStreamEntryPool.commitKey(BlockOutputStreamEntryPool.java:277)
	at org.apache.hadoop.ozone.client.io.KeyOutputStream.close(KeyOutputStream.java:474)
	at javax.crypto.CipherOutputStream.close(CipherOutputStream.java:225)
	at org.apache.hadoop.ozone.client.io.OzoneOutputStream.close(OzoneOutputStream.java:60)
	at org.apache.hadoop.ozone.client.rpc.TestOzoneRpcClientAbstract.testDeletedKeyForGDPR(TestOzoneRpcClientAbstract.java:2775)
	at sun.reflect.NativeMethodAccessorImpl.invoke0(Native Method)
	at sun.reflect.NativeMethodAccessorImpl.invoke(NativeMethodAccessorImpl.java:62)
	at sun.reflect.DelegatingMethodAccessorImpl.invoke(DelegatingMethodAccessorImpl.java:43)
	at java.lang.reflect.Method.invoke(Method.java:498)
	at org.junit.runners.model.FrameworkMethod$1.runReflectiveCall(FrameworkMethod.java:47)
	at org.junit.internal.runners.model.ReflectiveCallable.run(ReflectiveCallable.java:12)
	at org.junit.runners.model.FrameworkMethod.invokeExplosively(FrameworkMethod.java:44)
	at org.junit.internal.runners.statements.InvokeMethod.evaluate(InvokeMethod.java:17)
	at org.junit.runners.ParentRunner.runLeaf(ParentRunner.java:271)
	at org.junit.runners.BlockJUnit4ClassRunner.runChild(BlockJUnit4ClassRunner.java:70)
	at org.junit.runners.BlockJUnit4ClassRunner.runChild(BlockJUnit4ClassRunner.java:50)
	at org.junit.runners.ParentRunner$3.run(ParentRunner.java:238)
	at org.junit.runners.ParentRunner$1.schedule(ParentRunner.java:63)
	at org.junit.runners.ParentRunner.runChildren(ParentRunner.java:236)
	at org.junit.runners.ParentRunner.access$000(ParentRunner.java:53)
	at org.junit.runners.ParentRunner$2.evaluate(ParentRunner.java:229)
	at org.junit.internal.runners.statements.RunBefores.evaluate(RunBefores.java:26)
	at org.junit.internal.runners.statements.RunAfters.evaluate(RunAfters.java:27)
	at org.junit.runners.ParentRunner.run(ParentRunner.java:309)
	at org.apache.maven.surefire.junit4.JUnit4Provider.execute(JUnit4Provider.java:365)
	at org.apache.maven.surefire.junit4.JUnit4Provider.executeWithRerun(JUnit4Provider.java:273)
	at org.apache.maven.surefire.junit4.JUnit4Provider.executeTestSet(JUnit4Provider.java:238)
	at org.apache.maven.surefire.junit4.JUnit4Provider.invoke(JUnit4Provider.java:159)
	at org.apache.maven.surefire.booter.ForkedBooter.invokeProviderInSameClassLoader(ForkedBooter.java:384)
	at org.apache.maven.surefire.booter.ForkedBooter.runSuitesInProcess(ForkedBooter.java:345)
	at org.apache.maven.surefire.booter.ForkedBooter.execute(ForkedBooter.java:126)
	at org.apache.maven.surefire.booter.ForkedBooter.main(ForkedBooter.java:418)
</error>
    <system-out><![CDATA[2019-10-16 05:43:43,468 [main] INFO  rpc.RpcClient (RpcClient.java:createVolume(272)) - Creating Volume: 75aa8710-9639-4a1d-868e-2e364136f449, with jenkins1000 as owner.
2019-10-16 05:43:43,475 [OM StateMachine ApplyTransaction Thread - 0] INFO  volume.OMVolumeCreateRequest (OMVolumeCreateRequest.java:validateAndUpdateCache(193)) - created volume:75aa8710-9639-4a1d-868e-2e364136f449 for user:jenkins1000
2019-10-16 05:43:43,477 [main] INFO  rpc.RpcClient (RpcClient.java:createBucket(411)) - Creating Bucket: 75aa8710-9639-4a1d-868e-2e364136f449/d998f58b-9f38-49be-b7be-5e7280b17c41, with Versioning false and Storage Type set to DISK and Encryption set to false 
2019-10-16 05:43:43,581 [OM StateMachine ApplyTransaction Thread - 0] ERROR lock.LockManager (LockManager.java:getLockForReleasing(218)) - Trying to release the lock on /75aa8710-9639-4a1d-868e-2e364136f449/d998f58b-9f38-49be-b7be-5e7280b17c41, which was never acquired.
]]></system-out>
  </testcase>
  <testcase name="testAclsAfterCallingSetBucketProperty" classname="org.apache.hadoop.ozone.client.rpc.TestOzoneRpcClientWithRatis" time="0.049"/>
  <testcase name="testListMultipartUploadParts" classname="org.apache.hadoop.ozone.client.rpc.TestOzoneRpcClientWithRatis" time="0.471"/>
  <testcase name="testNativeAclsForBucket" classname="org.apache.hadoop.ozone.client.rpc.TestOzoneRpcClientWithRatis" time="0.239"/>
  <testcase name="testPutKeyRatisThreeNodesParallel" classname="org.apache.hadoop.ozone.client.rpc.TestOzoneRpcClientWithRatis" time="0">
    <skipped message="Debug Jenkins Timeout"/>
  </testcase>
  <testcase name="testDeleteS3NonExistingBucket" classname="org.apache.hadoop.ozone.client.rpc.TestOzoneRpcClientWithRatis" time="0.033"/>
  <testcase name="testListPartsWithInvalidUploadID" classname="org.apache.hadoop.ozone.client.rpc.TestOzoneRpcClientWithRatis" time="0.033"/>
  <testcase name="testUploadPartOverrideWithRatis" classname="org.apache.hadoop.ozone.client.rpc.TestOzoneRpcClientWithRatis" time="0.222"/>
  <testcase name="testListBucket" classname="org.apache.hadoop.ozone.client.rpc.TestOzoneRpcClientWithRatis" time="0.604"/>
  <testcase name="testSetBucketStorageType" classname="org.apache.hadoop.ozone.client.rpc.TestOzoneRpcClientWithRatis" time="0.045"/>
  <testcase name="testGetKeyDetails" classname="org.apache.hadoop.ozone.client.rpc.TestOzoneRpcClientWithRatis" time="0.066">
    <error message="java.lang.IllegalMonitorStateException: Releasing lock on resource /26818e0c-c45f-419b-80f2-b7b736d08fcd/f6cac504-3f67-45f4-8f84-6cd6c8051fcd without acquiring lock" type="INTERNAL_ERROR org.apache.hadoop.ozone.om.exceptions.OMException">INTERNAL_ERROR org.apache.hadoop.ozone.om.exceptions.OMException: java.lang.IllegalMonitorStateException: Releasing lock on resource /26818e0c-c45f-419b-80f2-b7b736d08fcd/f6cac504-3f67-45f4-8f84-6cd6c8051fcd without acquiring lock
	at org.apache.hadoop.ozone.om.protocolPB.OzoneManagerProtocolClientSideTranslatorPB.handleError(OzoneManagerProtocolClientSideTranslatorPB.java:732)
	at org.apache.hadoop.ozone.om.protocolPB.OzoneManagerProtocolClientSideTranslatorPB.commitKey(OzoneManagerProtocolClientSideTranslatorPB.java:789)
	at sun.reflect.NativeMethodAccessorImpl.invoke0(Native Method)
	at sun.reflect.NativeMethodAccessorImpl.invoke(NativeMethodAccessorImpl.java:62)
	at sun.reflect.DelegatingMethodAccessorImpl.invoke(DelegatingMethodAccessorImpl.java:43)
	at java.lang.reflect.Method.invoke(Method.java:498)
	at org.apache.hadoop.hdds.tracing.TraceAllMethod.invoke(TraceAllMethod.java:66)
	at com.sun.proxy.$Proxy38.commitKey(Unknown Source)
	at org.apache.hadoop.ozone.client.io.BlockOutputStreamEntryPool.commitKey(BlockOutputStreamEntryPool.java:277)
	at org.apache.hadoop.ozone.client.io.KeyOutputStream.close(KeyOutputStream.java:474)
	at org.apache.hadoop.ozone.client.io.OzoneOutputStream.close(OzoneOutputStream.java:60)
	at org.apache.hadoop.ozone.client.rpc.TestOzoneRpcClientAbstract.testGetKeyDetails(TestOzoneRpcClientAbstract.java:997)
	at sun.reflect.NativeMethodAccessorImpl.invoke0(Native Method)
	at sun.reflect.NativeMethodAccessorImpl.invoke(NativeMethodAccessorImpl.java:62)
	at sun.reflect.DelegatingMethodAccessorImpl.invoke(DelegatingMethodAccessorImpl.java:43)
	at java.lang.reflect.Method.invoke(Method.java:498)
	at org.junit.runners.model.FrameworkMethod$1.runReflectiveCall(FrameworkMethod.java:47)
	at org.junit.internal.runners.model.ReflectiveCallable.run(ReflectiveCallable.java:12)
	at org.junit.runners.model.FrameworkMethod.invokeExplosively(FrameworkMethod.java:44)
	at org.junit.internal.runners.statements.InvokeMethod.evaluate(InvokeMethod.java:17)
	at org.junit.runners.ParentRunner.runLeaf(ParentRunner.java:271)
	at org.junit.runners.BlockJUnit4ClassRunner.runChild(BlockJUnit4ClassRunner.java:70)
	at org.junit.runners.BlockJUnit4ClassRunner.runChild(BlockJUnit4ClassRunner.java:50)
	at org.junit.runners.ParentRunner$3.run(ParentRunner.java:238)
	at org.junit.runners.ParentRunner$1.schedule(ParentRunner.java:63)
	at org.junit.runners.ParentRunner.runChildren(ParentRunner.java:236)
	at org.junit.runners.ParentRunner.access$000(ParentRunner.java:53)
	at org.junit.runners.ParentRunner$2.evaluate(ParentRunner.java:229)
	at org.junit.internal.runners.statements.RunBefores.evaluate(RunBefores.java:26)
	at org.junit.internal.runners.statements.RunAfters.evaluate(RunAfters.java:27)
	at org.junit.runners.ParentRunner.run(ParentRunner.java:309)
	at org.apache.maven.surefire.junit4.JUnit4Provider.execute(JUnit4Provider.java:365)
	at org.apache.maven.surefire.junit4.JUnit4Provider.executeWithRerun(JUnit4Provider.java:273)
	at org.apache.maven.surefire.junit4.JUnit4Provider.executeTestSet(JUnit4Provider.java:238)
	at org.apache.maven.surefire.junit4.JUnit4Provider.invoke(JUnit4Provider.java:159)
	at org.apache.maven.surefire.booter.ForkedBooter.invokeProviderInSameClassLoader(ForkedBooter.java:384)
	at org.apache.maven.surefire.booter.ForkedBooter.runSuitesInProcess(ForkedBooter.java:345)
	at org.apache.maven.surefire.booter.ForkedBooter.execute(ForkedBooter.java:126)
	at org.apache.maven.surefire.booter.ForkedBooter.main(ForkedBooter.java:418)
</error>
    <system-out><![CDATA[2019-10-16 05:43:45,281 [main] INFO  rpc.RpcClient (RpcClient.java:createVolume(272)) - Creating Volume: 26818e0c-c45f-419b-80f2-b7b736d08fcd, with jenkins1000 as owner.
2019-10-16 05:43:45,294 [OM StateMachine ApplyTransaction Thread - 0] INFO  volume.OMVolumeCreateRequest (OMVolumeCreateRequest.java:validateAndUpdateCache(193)) - created volume:26818e0c-c45f-419b-80f2-b7b736d08fcd for user:jenkins1000
2019-10-16 05:43:45,295 [main] INFO  rpc.RpcClient (RpcClient.java:createBucket(411)) - Creating Bucket: 26818e0c-c45f-419b-80f2-b7b736d08fcd/f6cac504-3f67-45f4-8f84-6cd6c8051fcd, with Versioning false and Storage Type set to DISK and Encryption set to false 
2019-10-16 05:43:45,343 [OM StateMachine ApplyTransaction Thread - 0] ERROR lock.LockManager (LockManager.java:getLockForReleasing(218)) - Trying to release the lock on /26818e0c-c45f-419b-80f2-b7b736d08fcd/f6cac504-3f67-45f4-8f84-6cd6c8051fcd, which was never acquired.
]]></system-out>
  </testcase>
  <testcase name="testNativeAclsForPrefix" classname="org.apache.hadoop.ozone.client.rpc.TestOzoneRpcClientWithRatis" time="0.073">
    <error message="java.lang.IllegalMonitorStateException: Releasing lock on resource /fa33c124-3f55-4539-bd00-966f64ed0c86/333b959f-2e43-4998-9533-2a2be800f62c without acquiring lock" type="INTERNAL_ERROR org.apache.hadoop.ozone.om.exceptions.OMException">INTERNAL_ERROR org.apache.hadoop.ozone.om.exceptions.OMException: java.lang.IllegalMonitorStateException: Releasing lock on resource /fa33c124-3f55-4539-bd00-966f64ed0c86/333b959f-2e43-4998-9533-2a2be800f62c without acquiring lock
	at org.apache.hadoop.ozone.om.protocolPB.OzoneManagerProtocolClientSideTranslatorPB.handleError(OzoneManagerProtocolClientSideTranslatorPB.java:732)
	at org.apache.hadoop.ozone.om.protocolPB.OzoneManagerProtocolClientSideTranslatorPB.commitKey(OzoneManagerProtocolClientSideTranslatorPB.java:789)
	at sun.reflect.NativeMethodAccessorImpl.invoke0(Native Method)
	at sun.reflect.NativeMethodAccessorImpl.invoke(NativeMethodAccessorImpl.java:62)
	at sun.reflect.DelegatingMethodAccessorImpl.invoke(DelegatingMethodAccessorImpl.java:43)
	at java.lang.reflect.Method.invoke(Method.java:498)
	at org.apache.hadoop.hdds.tracing.TraceAllMethod.invoke(TraceAllMethod.java:66)
	at com.sun.proxy.$Proxy38.commitKey(Unknown Source)
	at org.apache.hadoop.ozone.client.io.BlockOutputStreamEntryPool.commitKey(BlockOutputStreamEntryPool.java:277)
	at org.apache.hadoop.ozone.client.io.KeyOutputStream.close(KeyOutputStream.java:474)
	at org.apache.hadoop.ozone.client.io.OzoneOutputStream.close(OzoneOutputStream.java:60)
	at org.apache.hadoop.ozone.client.rpc.TestOzoneRpcClientAbstract.writeKey(TestOzoneRpcClientAbstract.java:2546)
	at org.apache.hadoop.ozone.client.rpc.TestOzoneRpcClientAbstract.testNativeAclsForPrefix(TestOzoneRpcClientAbstract.java:2376)
	at sun.reflect.NativeMethodAccessorImpl.invoke0(Native Method)
	at sun.reflect.NativeMethodAccessorImpl.invoke(NativeMethodAccessorImpl.java:62)
	at sun.reflect.DelegatingMethodAccessorImpl.invoke(DelegatingMethodAccessorImpl.java:43)
	at java.lang.reflect.Method.invoke(Method.java:498)
	at org.junit.runners.model.FrameworkMethod$1.runReflectiveCall(FrameworkMethod.java:47)
	at org.junit.internal.runners.model.ReflectiveCallable.run(ReflectiveCallable.java:12)
	at org.junit.runners.model.FrameworkMethod.invokeExplosively(FrameworkMethod.java:44)
	at org.junit.internal.runners.statements.InvokeMethod.evaluate(InvokeMethod.java:17)
	at org.junit.runners.ParentRunner.runLeaf(ParentRunner.java:271)
	at org.junit.runners.BlockJUnit4ClassRunner.runChild(BlockJUnit4ClassRunner.java:70)
	at org.junit.runners.BlockJUnit4ClassRunner.runChild(BlockJUnit4ClassRunner.java:50)
	at org.junit.runners.ParentRunner$3.run(ParentRunner.java:238)
	at org.junit.runners.ParentRunner$1.schedule(ParentRunner.java:63)
	at org.junit.runners.ParentRunner.runChildren(ParentRunner.java:236)
	at org.junit.runners.ParentRunner.access$000(ParentRunner.java:53)
	at org.junit.runners.ParentRunner$2.evaluate(ParentRunner.java:229)
	at org.junit.internal.runners.statements.RunBefores.evaluate(RunBefores.java:26)
	at org.junit.internal.runners.statements.RunAfters.evaluate(RunAfters.java:27)
	at org.junit.runners.ParentRunner.run(ParentRunner.java:309)
	at org.apache.maven.surefire.junit4.JUnit4Provider.execute(JUnit4Provider.java:365)
	at org.apache.maven.surefire.junit4.JUnit4Provider.executeWithRerun(JUnit4Provider.java:273)
	at org.apache.maven.surefire.junit4.JUnit4Provider.executeTestSet(JUnit4Provider.java:238)
	at org.apache.maven.surefire.junit4.JUnit4Provider.invoke(JUnit4Provider.java:159)
	at org.apache.maven.surefire.booter.ForkedBooter.invokeProviderInSameClassLoader(ForkedBooter.java:384)
	at org.apache.maven.surefire.booter.ForkedBooter.runSuitesInProcess(ForkedBooter.java:345)
	at org.apache.maven.surefire.booter.ForkedBooter.execute(ForkedBooter.java:126)
	at org.apache.maven.surefire.booter.ForkedBooter.main(ForkedBooter.java:418)
</error>
    <system-out><![CDATA[2019-10-16 05:43:45,347 [main] INFO  rpc.RpcClient (RpcClient.java:createVolume(272)) - Creating Volume: fa33c124-3f55-4539-bd00-966f64ed0c86, with jenkins1000 as owner.
2019-10-16 05:43:45,364 [OM StateMachine ApplyTransaction Thread - 0] INFO  volume.OMVolumeCreateRequest (OMVolumeCreateRequest.java:validateAndUpdateCache(193)) - created volume:fa33c124-3f55-4539-bd00-966f64ed0c86 for user:jenkins1000
2019-10-16 05:43:45,366 [main] INFO  rpc.RpcClient (RpcClient.java:createBucket(411)) - Creating Bucket: fa33c124-3f55-4539-bd00-966f64ed0c86/333b959f-2e43-4998-9533-2a2be800f62c, with Versioning false and Storage Type set to DISK and Encryption set to false 
2019-10-16 05:43:45,417 [OM StateMachine ApplyTransaction Thread - 0] ERROR lock.LockManager (LockManager.java:getLockForReleasing(218)) - Trying to release the lock on /fa33c124-3f55-4539-bd00-966f64ed0c86/333b959f-2e43-4998-9533-2a2be800f62c, which was never acquired.
]]></system-out>
  </testcase>
  <testcase name="testOMClientProxyProvider" classname="org.apache.hadoop.ozone.client.rpc.TestOzoneRpcClientWithRatis" time="0"/>
  <testcase name="testCreateBucketWithAllArgument" classname="org.apache.hadoop.ozone.client.rpc.TestOzoneRpcClientWithRatis" time="0.037"/>
  <testcase name="testRemoveBucketAcl" classname="org.apache.hadoop.ozone.client.rpc.TestOzoneRpcClientWithRatis" time="0.045"/>
  <testcase name="testNativeAclsForVolume" classname="org.apache.hadoop.ozone.client.rpc.TestOzoneRpcClientWithRatis" time="0.143"/>
  <testcase name="testDeleteS3Bucket" classname="org.apache.hadoop.ozone.client.rpc.TestOzoneRpcClientWithRatis" time="0.031"/>
  <testcase name="testCreateSecureS3Bucket" classname="org.apache.hadoop.ozone.client.rpc.TestOzoneRpcClientWithRatis" time="0.024"/>
  <testcase name="testMultipartUploadWithMissingParts" classname="org.apache.hadoop.ozone.client.rpc.TestOzoneRpcClientWithRatis" time="0.108"/>
  <testcase name="testListVolume" classname="org.apache.hadoop.ozone.client.rpc.TestOzoneRpcClientWithRatis" time="0">
    <skipped/>
  </testcase>
  <testcase name="testSetVolumeQuota" classname="org.apache.hadoop.ozone.client.rpc.TestOzoneRpcClientWithRatis" time="0.033"/>
  <testcase name="testDeleteBucket" classname="org.apache.hadoop.ozone.client.rpc.TestOzoneRpcClientWithRatis" time="0.044"/>
  <testcase name="testListKey" classname="org.apache.hadoop.ozone.client.rpc.TestOzoneRpcClientWithRatis" time="0.144">
    <error message="java.lang.IllegalMonitorStateException: Releasing lock on resource /vol-a-02920/buc-a-80247 without acquiring lock" type="INTERNAL_ERROR org.apache.hadoop.ozone.om.exceptions.OMException">INTERNAL_ERROR org.apache.hadoop.ozone.om.exceptions.OMException: java.lang.IllegalMonitorStateException: Releasing lock on resource /vol-a-02920/buc-a-80247 without acquiring lock
	at org.apache.hadoop.ozone.om.protocolPB.OzoneManagerProtocolClientSideTranslatorPB.handleError(OzoneManagerProtocolClientSideTranslatorPB.java:732)
	at org.apache.hadoop.ozone.om.protocolPB.OzoneManagerProtocolClientSideTranslatorPB.commitKey(OzoneManagerProtocolClientSideTranslatorPB.java:789)
	at sun.reflect.NativeMethodAccessorImpl.invoke0(Native Method)
	at sun.reflect.NativeMethodAccessorImpl.invoke(NativeMethodAccessorImpl.java:62)
	at sun.reflect.DelegatingMethodAccessorImpl.invoke(DelegatingMethodAccessorImpl.java:43)
	at java.lang.reflect.Method.invoke(Method.java:498)
	at org.apache.hadoop.hdds.tracing.TraceAllMethod.invoke(TraceAllMethod.java:66)
	at com.sun.proxy.$Proxy38.commitKey(Unknown Source)
	at org.apache.hadoop.ozone.client.io.BlockOutputStreamEntryPool.commitKey(BlockOutputStreamEntryPool.java:277)
	at org.apache.hadoop.ozone.client.io.KeyOutputStream.close(KeyOutputStream.java:474)
	at org.apache.hadoop.ozone.client.io.OzoneOutputStream.close(OzoneOutputStream.java:60)
	at org.apache.hadoop.ozone.client.rpc.TestOzoneRpcClientAbstract.testListKey(TestOzoneRpcClientAbstract.java:1473)
	at sun.reflect.NativeMethodAccessorImpl.invoke0(Native Method)
	at sun.reflect.NativeMethodAccessorImpl.invoke(NativeMethodAccessorImpl.java:62)
	at sun.reflect.DelegatingMethodAccessorImpl.invoke(DelegatingMethodAccessorImpl.java:43)
	at java.lang.reflect.Method.invoke(Method.java:498)
	at org.junit.runners.model.FrameworkMethod$1.runReflectiveCall(FrameworkMethod.java:47)
	at org.junit.internal.runners.model.ReflectiveCallable.run(ReflectiveCallable.java:12)
	at org.junit.runners.model.FrameworkMethod.invokeExplosively(FrameworkMethod.java:44)
	at org.junit.internal.runners.statements.InvokeMethod.evaluate(InvokeMethod.java:17)
	at org.junit.runners.ParentRunner.runLeaf(ParentRunner.java:271)
	at org.junit.runners.BlockJUnit4ClassRunner.runChild(BlockJUnit4ClassRunner.java:70)
	at org.junit.runners.BlockJUnit4ClassRunner.runChild(BlockJUnit4ClassRunner.java:50)
	at org.junit.runners.ParentRunner$3.run(ParentRunner.java:238)
	at org.junit.runners.ParentRunner$1.schedule(ParentRunner.java:63)
	at org.junit.runners.ParentRunner.runChildren(ParentRunner.java:236)
	at org.junit.runners.ParentRunner.access$000(ParentRunner.java:53)
	at org.junit.runners.ParentRunner$2.evaluate(ParentRunner.java:229)
	at org.junit.internal.runners.statements.RunBefores.evaluate(RunBefores.java:26)
	at org.junit.internal.runners.statements.RunAfters.evaluate(RunAfters.java:27)
	at org.junit.runners.ParentRunner.run(ParentRunner.java:309)
	at org.apache.maven.surefire.junit4.JUnit4Provider.execute(JUnit4Provider.java:365)
	at org.apache.maven.surefire.junit4.JUnit4Provider.executeWithRerun(JUnit4Provider.java:273)
	at org.apache.maven.surefire.junit4.JUnit4Provider.executeTestSet(JUnit4Provider.java:238)
	at org.apache.maven.surefire.junit4.JUnit4Provider.invoke(JUnit4Provider.java:159)
	at org.apache.maven.surefire.booter.ForkedBooter.invokeProviderInSameClassLoader(ForkedBooter.java:384)
	at org.apache.maven.surefire.booter.ForkedBooter.runSuitesInProcess(ForkedBooter.java:345)
	at org.apache.maven.surefire.booter.ForkedBooter.execute(ForkedBooter.java:126)
	at org.apache.maven.surefire.booter.ForkedBooter.main(ForkedBooter.java:418)
</error>
    <system-out><![CDATA[2019-10-16 05:43:45,887 [main] INFO  rpc.RpcClient (RpcClient.java:createVolume(272)) - Creating Volume: vol-a-02920, with jenkins1000 as owner.
2019-10-16 05:43:45,906 [OM StateMachine ApplyTransaction Thread - 0] INFO  volume.OMVolumeCreateRequest (OMVolumeCreateRequest.java:validateAndUpdateCache(193)) - created volume:vol-a-02920 for user:jenkins1000
2019-10-16 05:43:45,907 [main] INFO  rpc.RpcClient (RpcClient.java:createVolume(272)) - Creating Volume: vol-b-39669, with jenkins1000 as owner.
2019-10-16 05:43:45,918 [OM StateMachine ApplyTransaction Thread - 0] INFO  volume.OMVolumeCreateRequest (OMVolumeCreateRequest.java:validateAndUpdateCache(193)) - created volume:vol-b-39669 for user:jenkins1000
2019-10-16 05:43:45,921 [main] INFO  rpc.RpcClient (RpcClient.java:createBucket(411)) - Creating Bucket: vol-a-02920/buc-a-80247, with Versioning false and Storage Type set to DISK and Encryption set to false 
2019-10-16 05:43:45,935 [main] INFO  rpc.RpcClient (RpcClient.java:createBucket(411)) - Creating Bucket: vol-a-02920/buc-b-72924, with Versioning false and Storage Type set to DISK and Encryption set to false 
2019-10-16 05:43:45,954 [main] INFO  rpc.RpcClient (RpcClient.java:createBucket(411)) - Creating Bucket: vol-b-39669/buc-a-80247, with Versioning false and Storage Type set to DISK and Encryption set to false 
2019-10-16 05:43:45,967 [main] INFO  rpc.RpcClient (RpcClient.java:createBucket(411)) - Creating Bucket: vol-b-39669/buc-b-72924, with Versioning false and Storage Type set to DISK and Encryption set to false 
2019-10-16 05:43:46,026 [OM StateMachine ApplyTransaction Thread - 0] ERROR lock.LockManager (LockManager.java:getLockForReleasing(218)) - Trying to release the lock on /vol-a-02920/buc-a-80247, which was never acquired.
]]></system-out>
  </testcase>
  <testcase name="testListPartsInvalidPartMarker" classname="org.apache.hadoop.ozone.client.rpc.TestOzoneRpcClientWithRatis" time="0.03"/>
  <testcase name="testMultipartUploadWithPartsLessThanMinSize" classname="org.apache.hadoop.ozone.client.rpc.TestOzoneRpcClientWithRatis" time="0.178"/>
  <testcase name="testPutKeyRatisOneNode" classname="org.apache.hadoop.ozone.client.rpc.TestOzoneRpcClientWithRatis" time="0.272">
    <error message="java.lang.IllegalMonitorStateException: Releasing lock on resource /703b8b45-ada8-4f27-9001-506131a9cc74/1bc78f61-a06a-4a28-a0c0-7193c5f6a16f without acquiring lock" type="INTERNAL_ERROR org.apache.hadoop.ozone.om.exceptions.OMException">INTERNAL_ERROR org.apache.hadoop.ozone.om.exceptions.OMException: java.lang.IllegalMonitorStateException: Releasing lock on resource /703b8b45-ada8-4f27-9001-506131a9cc74/1bc78f61-a06a-4a28-a0c0-7193c5f6a16f without acquiring lock
	at org.apache.hadoop.ozone.om.protocolPB.OzoneManagerProtocolClientSideTranslatorPB.handleError(OzoneManagerProtocolClientSideTranslatorPB.java:732)
	at org.apache.hadoop.ozone.om.protocolPB.OzoneManagerProtocolClientSideTranslatorPB.commitKey(OzoneManagerProtocolClientSideTranslatorPB.java:789)
	at sun.reflect.NativeMethodAccessorImpl.invoke0(Native Method)
	at sun.reflect.NativeMethodAccessorImpl.invoke(NativeMethodAccessorImpl.java:62)
	at sun.reflect.DelegatingMethodAccessorImpl.invoke(DelegatingMethodAccessorImpl.java:43)
	at java.lang.reflect.Method.invoke(Method.java:498)
	at org.apache.hadoop.hdds.tracing.TraceAllMethod.invoke(TraceAllMethod.java:66)
	at com.sun.proxy.$Proxy38.commitKey(Unknown Source)
	at org.apache.hadoop.ozone.client.io.BlockOutputStreamEntryPool.commitKey(BlockOutputStreamEntryPool.java:277)
	at org.apache.hadoop.ozone.client.io.KeyOutputStream.close(KeyOutputStream.java:474)
	at org.apache.hadoop.ozone.client.io.OzoneOutputStream.close(OzoneOutputStream.java:60)
	at org.apache.hadoop.ozone.client.rpc.TestOzoneRpcClientAbstract.testPutKeyRatisOneNode(TestOzoneRpcClientAbstract.java:769)
	at sun.reflect.NativeMethodAccessorImpl.invoke0(Native Method)
	at sun.reflect.NativeMethodAccessorImpl.invoke(NativeMethodAccessorImpl.java:62)
	at sun.reflect.DelegatingMethodAccessorImpl.invoke(DelegatingMethodAccessorImpl.java:43)
	at java.lang.reflect.Method.invoke(Method.java:498)
	at org.junit.runners.model.FrameworkMethod$1.runReflectiveCall(FrameworkMethod.java:47)
	at org.junit.internal.runners.model.ReflectiveCallable.run(ReflectiveCallable.java:12)
	at org.junit.runners.model.FrameworkMethod.invokeExplosively(FrameworkMethod.java:44)
	at org.junit.internal.runners.statements.InvokeMethod.evaluate(InvokeMethod.java:17)
	at org.junit.runners.ParentRunner.runLeaf(ParentRunner.java:271)
	at org.junit.runners.BlockJUnit4ClassRunner.runChild(BlockJUnit4ClassRunner.java:70)
	at org.junit.runners.BlockJUnit4ClassRunner.runChild(BlockJUnit4ClassRunner.java:50)
	at org.junit.runners.ParentRunner$3.run(ParentRunner.java:238)
	at org.junit.runners.ParentRunner$1.schedule(ParentRunner.java:63)
	at org.junit.runners.ParentRunner.runChildren(ParentRunner.java:236)
	at org.junit.runners.ParentRunner.access$000(ParentRunner.java:53)
	at org.junit.runners.ParentRunner$2.evaluate(ParentRunner.java:229)
	at org.junit.internal.runners.statements.RunBefores.evaluate(RunBefores.java:26)
	at org.junit.internal.runners.statements.RunAfters.evaluate(RunAfters.java:27)
	at org.junit.runners.ParentRunner.run(ParentRunner.java:309)
	at org.apache.maven.surefire.junit4.JUnit4Provider.execute(JUnit4Provider.java:365)
	at org.apache.maven.surefire.junit4.JUnit4Provider.executeWithRerun(JUnit4Provider.java:273)
	at org.apache.maven.surefire.junit4.JUnit4Provider.executeTestSet(JUnit4Provider.java:238)
	at org.apache.maven.surefire.junit4.JUnit4Provider.invoke(JUnit4Provider.java:159)
	at org.apache.maven.surefire.booter.ForkedBooter.invokeProviderInSameClassLoader(ForkedBooter.java:384)
	at org.apache.maven.surefire.booter.ForkedBooter.runSuitesInProcess(ForkedBooter.java:345)
	at org.apache.maven.surefire.booter.ForkedBooter.execute(ForkedBooter.java:126)
	at org.apache.maven.surefire.booter.ForkedBooter.main(ForkedBooter.java:418)
</error>
    <system-out><![CDATA[2019-10-16 05:43:46,238 [main] INFO  rpc.RpcClient (RpcClient.java:createVolume(272)) - Creating Volume: 703b8b45-ada8-4f27-9001-506131a9cc74, with jenkins1000 as owner.
2019-10-16 05:43:46,252 [OM StateMachine ApplyTransaction Thread - 0] INFO  volume.OMVolumeCreateRequest (OMVolumeCreateRequest.java:validateAndUpdateCache(193)) - created volume:703b8b45-ada8-4f27-9001-506131a9cc74 for user:jenkins1000
2019-10-16 05:43:46,254 [main] INFO  rpc.RpcClient (RpcClient.java:createBucket(411)) - Creating Bucket: 703b8b45-ada8-4f27-9001-506131a9cc74/1bc78f61-a06a-4a28-a0c0-7193c5f6a16f, with Versioning false and Storage Type set to DISK and Encryption set to false 
2019-10-16 05:43:46,507 [OM StateMachine ApplyTransaction Thread - 0] ERROR lock.LockManager (LockManager.java:getLockForReleasing(218)) - Trying to release the lock on /703b8b45-ada8-4f27-9001-506131a9cc74/1bc78f61-a06a-4a28-a0c0-7193c5f6a16f, which was never acquired.
]]></system-out>
  </testcase>
  <testcase name="testListS3Buckets" classname="org.apache.hadoop.ozone.client.rpc.TestOzoneRpcClientWithRatis" time="0.045"/>
  <testcase name="testAbortUploadSuccessWithParts" classname="org.apache.hadoop.ozone.client.rpc.TestOzoneRpcClientWithRatis" time="0.112"/>
  <testcase name="testListS3BucketsFail" classname="org.apache.hadoop.ozone.client.rpc.TestOzoneRpcClientWithRatis" time="0.005"/>
  <testcase name="testListMultipartUploadPartsWithContinuation" classname="org.apache.hadoop.ozone.client.rpc.TestOzoneRpcClientWithRatis" time="0.549"/>
  <testcase name="testListBucketsOnEmptyVolume" classname="org.apache.hadoop.ozone.client.rpc.TestOzoneRpcClientWithRatis" time="0.024"/>
  <testcase name="testCreateBucketWithStorageType" classname="org.apache.hadoop.ozone.client.rpc.TestOzoneRpcClientWithRatis" time="0.028"/>
  <testcase name="testRemoveBucketAclUsingRpcClientRemoveAcl" classname="org.apache.hadoop.ozone.client.rpc.TestOzoneRpcClientWithRatis" time="0.055"/>
  <testcase name="testDeleteKey" classname="org.apache.hadoop.ozone.client.rpc.TestOzoneRpcClientWithRatis" time="0.069">
    <error message="java.lang.IllegalMonitorStateException: Releasing lock on resource /63ee948f-a041-4db5-a2b8-1a6d9c767598/83299a73-9ac8-408f-b2b9-10a3a69ed7f4 without acquiring lock" type="INTERNAL_ERROR org.apache.hadoop.ozone.om.exceptions.OMException">INTERNAL_ERROR org.apache.hadoop.ozone.om.exceptions.OMException: java.lang.IllegalMonitorStateException: Releasing lock on resource /63ee948f-a041-4db5-a2b8-1a6d9c767598/83299a73-9ac8-408f-b2b9-10a3a69ed7f4 without acquiring lock
	at org.apache.hadoop.ozone.om.protocolPB.OzoneManagerProtocolClientSideTranslatorPB.handleError(OzoneManagerProtocolClientSideTranslatorPB.java:732)
	at org.apache.hadoop.ozone.om.protocolPB.OzoneManagerProtocolClientSideTranslatorPB.commitKey(OzoneManagerProtocolClientSideTranslatorPB.java:789)
	at sun.reflect.NativeMethodAccessorImpl.invoke0(Native Method)
	at sun.reflect.NativeMethodAccessorImpl.invoke(NativeMethodAccessorImpl.java:62)
	at sun.reflect.DelegatingMethodAccessorImpl.invoke(DelegatingMethodAccessorImpl.java:43)
	at java.lang.reflect.Method.invoke(Method.java:498)
	at org.apache.hadoop.hdds.tracing.TraceAllMethod.invoke(TraceAllMethod.java:66)
	at com.sun.proxy.$Proxy38.commitKey(Unknown Source)
	at org.apache.hadoop.ozone.client.io.BlockOutputStreamEntryPool.commitKey(BlockOutputStreamEntryPool.java:277)
	at org.apache.hadoop.ozone.client.io.KeyOutputStream.close(KeyOutputStream.java:474)
	at org.apache.hadoop.ozone.client.io.OzoneOutputStream.close(OzoneOutputStream.java:60)
	at org.apache.hadoop.ozone.client.rpc.TestOzoneRpcClientAbstract.testDeleteKey(TestOzoneRpcClientAbstract.java:1254)
	at sun.reflect.NativeMethodAccessorImpl.invoke0(Native Method)
	at sun.reflect.NativeMethodAccessorImpl.invoke(NativeMethodAccessorImpl.java:62)
	at sun.reflect.DelegatingMethodAccessorImpl.invoke(DelegatingMethodAccessorImpl.java:43)
	at java.lang.reflect.Method.invoke(Method.java:498)
	at org.junit.runners.model.FrameworkMethod$1.runReflectiveCall(FrameworkMethod.java:47)
	at org.junit.internal.runners.model.ReflectiveCallable.run(ReflectiveCallable.java:12)
	at org.junit.runners.model.FrameworkMethod.invokeExplosively(FrameworkMethod.java:44)
	at org.junit.internal.runners.statements.InvokeMethod.evaluate(InvokeMethod.java:17)
	at org.junit.runners.ParentRunner.runLeaf(ParentRunner.java:271)
	at org.junit.runners.BlockJUnit4ClassRunner.runChild(BlockJUnit4ClassRunner.java:70)
	at org.junit.runners.BlockJUnit4ClassRunner.runChild(BlockJUnit4ClassRunner.java:50)
	at org.junit.runners.ParentRunner$3.run(ParentRunner.java:238)
	at org.junit.runners.ParentRunner$1.schedule(ParentRunner.java:63)
	at org.junit.runners.ParentRunner.runChildren(ParentRunner.java:236)
	at org.junit.runners.ParentRunner.access$000(ParentRunner.java:53)
	at org.junit.runners.ParentRunner$2.evaluate(ParentRunner.java:229)
	at org.junit.internal.runners.statements.RunBefores.evaluate(RunBefores.java:26)
	at org.junit.internal.runners.statements.RunAfters.evaluate(RunAfters.java:27)
	at org.junit.runners.ParentRunner.run(ParentRunner.java:309)
	at org.apache.maven.surefire.junit4.JUnit4Provider.execute(JUnit4Provider.java:365)
	at org.apache.maven.surefire.junit4.JUnit4Provider.executeWithRerun(JUnit4Provider.java:273)
	at org.apache.maven.surefire.junit4.JUnit4Provider.executeTestSet(JUnit4Provider.java:238)
	at org.apache.maven.surefire.junit4.JUnit4Provider.invoke(JUnit4Provider.java:159)
	at org.apache.maven.surefire.booter.ForkedBooter.invokeProviderInSameClassLoader(ForkedBooter.java:384)
	at org.apache.maven.surefire.booter.ForkedBooter.runSuitesInProcess(ForkedBooter.java:345)
	at org.apache.maven.surefire.booter.ForkedBooter.execute(ForkedBooter.java:126)
	at org.apache.maven.surefire.booter.ForkedBooter.main(ForkedBooter.java:418)
</error>
    <system-out><![CDATA[2019-10-16 05:43:47,328 [main] INFO  rpc.RpcClient (RpcClient.java:createVolume(272)) - Creating Volume: 63ee948f-a041-4db5-a2b8-1a6d9c767598, with jenkins1000 as owner.
2019-10-16 05:43:47,341 [OM StateMachine ApplyTransaction Thread - 0] INFO  volume.OMVolumeCreateRequest (OMVolumeCreateRequest.java:validateAndUpdateCache(193)) - created volume:63ee948f-a041-4db5-a2b8-1a6d9c767598 for user:jenkins1000
2019-10-16 05:43:47,343 [main] INFO  rpc.RpcClient (RpcClient.java:createBucket(411)) - Creating Bucket: 63ee948f-a041-4db5-a2b8-1a6d9c767598/83299a73-9ac8-408f-b2b9-10a3a69ed7f4, with Versioning false and Storage Type set to DISK and Encryption set to false 
2019-10-16 05:43:47,393 [OM StateMachine ApplyTransaction Thread - 0] ERROR lock.LockManager (LockManager.java:getLockForReleasing(218)) - Trying to release the lock on /63ee948f-a041-4db5-a2b8-1a6d9c767598/83299a73-9ac8-408f-b2b9-10a3a69ed7f4, which was never acquired.
]]></system-out>
  </testcase>
  <testcase name="testDeleteVolume" classname="org.apache.hadoop.ozone.client.rpc.TestOzoneRpcClientWithRatis" time="0.033"/>
  <testcase name="testInvalidBucketCreation" classname="org.apache.hadoop.ozone.client.rpc.TestOzoneRpcClientWithRatis" time="0.016"/>
  <testcase name="testReadKeyWithVerifyChecksumFlagEnable" classname="org.apache.hadoop.ozone.client.rpc.TestOzoneRpcClientWithRatis" time="0.09">
    <error message="java.lang.IllegalMonitorStateException: Releasing lock on resource /51fa27a8-32ce-412d-9f09-f0a8b1816acb/267589a2-6b1f-42f6-920b-266feea2dd31 without acquiring lock" type="INTERNAL_ERROR org.apache.hadoop.ozone.om.exceptions.OMException">INTERNAL_ERROR org.apache.hadoop.ozone.om.exceptions.OMException: java.lang.IllegalMonitorStateException: Releasing lock on resource /51fa27a8-32ce-412d-9f09-f0a8b1816acb/267589a2-6b1f-42f6-920b-266feea2dd31 without acquiring lock
	at org.apache.hadoop.ozone.om.protocolPB.OzoneManagerProtocolClientSideTranslatorPB.handleError(OzoneManagerProtocolClientSideTranslatorPB.java:732)
	at org.apache.hadoop.ozone.om.protocolPB.OzoneManagerProtocolClientSideTranslatorPB.commitKey(OzoneManagerProtocolClientSideTranslatorPB.java:789)
	at sun.reflect.NativeMethodAccessorImpl.invoke0(Native Method)
	at sun.reflect.NativeMethodAccessorImpl.invoke(NativeMethodAccessorImpl.java:62)
	at sun.reflect.DelegatingMethodAccessorImpl.invoke(DelegatingMethodAccessorImpl.java:43)
	at java.lang.reflect.Method.invoke(Method.java:498)
	at org.apache.hadoop.hdds.tracing.TraceAllMethod.invoke(TraceAllMethod.java:66)
	at com.sun.proxy.$Proxy38.commitKey(Unknown Source)
	at org.apache.hadoop.ozone.client.io.BlockOutputStreamEntryPool.commitKey(BlockOutputStreamEntryPool.java:277)
	at org.apache.hadoop.ozone.client.io.KeyOutputStream.close(KeyOutputStream.java:474)
	at org.apache.hadoop.ozone.client.io.OzoneOutputStream.close(OzoneOutputStream.java:60)
	at org.apache.hadoop.ozone.client.rpc.TestOzoneRpcClientAbstract.createAndCorruptKey(TestOzoneRpcClientAbstract.java:924)
	at org.apache.hadoop.ozone.client.rpc.TestOzoneRpcClientAbstract.testReadKeyWithVerifyChecksumFlagEnable(TestOzoneRpcClientAbstract.java:889)
	at sun.reflect.NativeMethodAccessorImpl.invoke0(Native Method)
	at sun.reflect.NativeMethodAccessorImpl.invoke(NativeMethodAccessorImpl.java:62)
	at sun.reflect.DelegatingMethodAccessorImpl.invoke(DelegatingMethodAccessorImpl.java:43)
	at java.lang.reflect.Method.invoke(Method.java:498)
	at org.junit.runners.model.FrameworkMethod$1.runReflectiveCall(FrameworkMethod.java:47)
	at org.junit.internal.runners.model.ReflectiveCallable.run(ReflectiveCallable.java:12)
	at org.junit.runners.model.FrameworkMethod.invokeExplosively(FrameworkMethod.java:44)
	at org.junit.internal.runners.statements.InvokeMethod.evaluate(InvokeMethod.java:17)
	at org.junit.runners.ParentRunner.runLeaf(ParentRunner.java:271)
	at org.junit.runners.BlockJUnit4ClassRunner.runChild(BlockJUnit4ClassRunner.java:70)
	at org.junit.runners.BlockJUnit4ClassRunner.runChild(BlockJUnit4ClassRunner.java:50)
	at org.junit.runners.ParentRunner$3.run(ParentRunner.java:238)
	at org.junit.runners.ParentRunner$1.schedule(ParentRunner.java:63)
	at org.junit.runners.ParentRunner.runChildren(ParentRunner.java:236)
	at org.junit.runners.ParentRunner.access$000(ParentRunner.java:53)
	at org.junit.runners.ParentRunner$2.evaluate(ParentRunner.java:229)
	at org.junit.internal.runners.statements.RunBefores.evaluate(RunBefores.java:26)
	at org.junit.internal.runners.statements.RunAfters.evaluate(RunAfters.java:27)
	at org.junit.runners.ParentRunner.run(ParentRunner.java:309)
	at org.apache.maven.surefire.junit4.JUnit4Provider.execute(JUnit4Provider.java:365)
	at org.apache.maven.surefire.junit4.JUnit4Provider.executeWithRerun(JUnit4Provider.java:273)
	at org.apache.maven.surefire.junit4.JUnit4Provider.executeTestSet(JUnit4Provider.java:238)
	at org.apache.maven.surefire.junit4.JUnit4Provider.invoke(JUnit4Provider.java:159)
	at org.apache.maven.surefire.booter.ForkedBooter.invokeProviderInSameClassLoader(ForkedBooter.java:384)
	at org.apache.maven.surefire.booter.ForkedBooter.runSuitesInProcess(ForkedBooter.java:345)
	at org.apache.maven.surefire.booter.ForkedBooter.execute(ForkedBooter.java:126)
	at org.apache.maven.surefire.booter.ForkedBooter.main(ForkedBooter.java:418)
</error>
    <system-out><![CDATA[2019-10-16 05:43:47,446 [main] INFO  rpc.RpcClient (RpcClient.java:createVolume(272)) - Creating Volume: 51fa27a8-32ce-412d-9f09-f0a8b1816acb, with jenkins1000 as owner.
2019-10-16 05:43:47,457 [OM StateMachine ApplyTransaction Thread - 0] INFO  volume.OMVolumeCreateRequest (OMVolumeCreateRequest.java:validateAndUpdateCache(193)) - created volume:51fa27a8-32ce-412d-9f09-f0a8b1816acb for user:jenkins1000
2019-10-16 05:43:47,459 [main] INFO  rpc.RpcClient (RpcClient.java:createBucket(411)) - Creating Bucket: 51fa27a8-32ce-412d-9f09-f0a8b1816acb/267589a2-6b1f-42f6-920b-266feea2dd31, with Versioning false and Storage Type set to DISK and Encryption set to false 
2019-10-16 05:43:47,533 [OM StateMachine ApplyTransaction Thread - 0] ERROR lock.LockManager (LockManager.java:getLockForReleasing(218)) - Trying to release the lock on /51fa27a8-32ce-412d-9f09-f0a8b1816acb/267589a2-6b1f-42f6-920b-266feea2dd31, which was never acquired.
]]></system-out>
  </testcase>
  <testcase name="testAbortUploadSuccessWithOutAnyParts" classname="org.apache.hadoop.ozone.client.rpc.TestOzoneRpcClientWithRatis" time="0.057"/>
  <testcase name="testListPartsInvalidMaxParts" classname="org.apache.hadoop.ozone.client.rpc.TestOzoneRpcClientWithRatis" time="0.038"/>
  <testcase name="testSetBucketVersioning" classname="org.apache.hadoop.ozone.client.rpc.TestOzoneRpcClientWithRatis" time="0.041"/>
  <testcase name="testAbortUploadFail" classname="org.apache.hadoop.ozone.client.rpc.TestOzoneRpcClientWithRatis" time="0.038"/>
  <testcase name="testCreateS3BucketMapping" classname="org.apache.hadoop.ozone.client.rpc.TestOzoneRpcClientWithRatis" time="0.019"/>
  <testcase name="testMultipartUploadOverride" classname="org.apache.hadoop.ozone.client.rpc.TestOzoneRpcClientWithRatis" time="3.909"/>
  <testcase name="testKeyReadWriteForGDPR" classname="org.apache.hadoop.ozone.client.rpc.TestOzoneRpcClientWithRatis" time="0.068">
    <error message="java.lang.IllegalMonitorStateException: Releasing lock on resource /a4692864-dfa6-49ce-a6e6-ddd273e29ea7/d2f4b951-4e7b-4a98-8d36-9503ee6ed4dd without acquiring lock" type="INTERNAL_ERROR org.apache.hadoop.ozone.om.exceptions.OMException">INTERNAL_ERROR org.apache.hadoop.ozone.om.exceptions.OMException: java.lang.IllegalMonitorStateException: Releasing lock on resource /a4692864-dfa6-49ce-a6e6-ddd273e29ea7/d2f4b951-4e7b-4a98-8d36-9503ee6ed4dd without acquiring lock
	at org.apache.hadoop.ozone.om.protocolPB.OzoneManagerProtocolClientSideTranslatorPB.handleError(OzoneManagerProtocolClientSideTranslatorPB.java:732)
	at org.apache.hadoop.ozone.om.protocolPB.OzoneManagerProtocolClientSideTranslatorPB.commitKey(OzoneManagerProtocolClientSideTranslatorPB.java:789)
	at sun.reflect.NativeMethodAccessorImpl.invoke0(Native Method)
	at sun.reflect.NativeMethodAccessorImpl.invoke(NativeMethodAccessorImpl.java:62)
	at sun.reflect.DelegatingMethodAccessorImpl.invoke(DelegatingMethodAccessorImpl.java:43)
	at java.lang.reflect.Method.invoke(Method.java:498)
	at org.apache.hadoop.hdds.tracing.TraceAllMethod.invoke(TraceAllMethod.java:66)
	at com.sun.proxy.$Proxy38.commitKey(Unknown Source)
	at org.apache.hadoop.ozone.client.io.BlockOutputStreamEntryPool.commitKey(BlockOutputStreamEntryPool.java:277)
	at org.apache.hadoop.ozone.client.io.KeyOutputStream.close(KeyOutputStream.java:474)
	at javax.crypto.CipherOutputStream.close(CipherOutputStream.java:225)
	at org.apache.hadoop.ozone.client.io.OzoneOutputStream.close(OzoneOutputStream.java:60)
	at org.apache.hadoop.ozone.client.rpc.TestOzoneRpcClientAbstract.testKeyReadWriteForGDPR(TestOzoneRpcClientAbstract.java:2695)
	at sun.reflect.NativeMethodAccessorImpl.invoke0(Native Method)
	at sun.reflect.NativeMethodAccessorImpl.invoke(NativeMethodAccessorImpl.java:62)
	at sun.reflect.DelegatingMethodAccessorImpl.invoke(DelegatingMethodAccessorImpl.java:43)
	at java.lang.reflect.Method.invoke(Method.java:498)
	at org.junit.runners.model.FrameworkMethod$1.runReflectiveCall(FrameworkMethod.java:47)
	at org.junit.internal.runners.model.ReflectiveCallable.run(ReflectiveCallable.java:12)
	at org.junit.runners.model.FrameworkMethod.invokeExplosively(FrameworkMethod.java:44)
	at org.junit.internal.runners.statements.InvokeMethod.evaluate(InvokeMethod.java:17)
	at org.junit.runners.ParentRunner.runLeaf(ParentRunner.java:271)
	at org.junit.runners.BlockJUnit4ClassRunner.runChild(BlockJUnit4ClassRunner.java:70)
	at org.junit.runners.BlockJUnit4ClassRunner.runChild(BlockJUnit4ClassRunner.java:50)
	at org.junit.runners.ParentRunner$3.run(ParentRunner.java:238)
	at org.junit.runners.ParentRunner$1.schedule(ParentRunner.java:63)
	at org.junit.runners.ParentRunner.runChildren(ParentRunner.java:236)
	at org.junit.runners.ParentRunner.access$000(ParentRunner.java:53)
	at org.junit.runners.ParentRunner$2.evaluate(ParentRunner.java:229)
	at org.junit.internal.runners.statements.RunBefores.evaluate(RunBefores.java:26)
	at org.junit.internal.runners.statements.RunAfters.evaluate(RunAfters.java:27)
	at org.junit.runners.ParentRunner.run(ParentRunner.java:309)
	at org.apache.maven.surefire.junit4.JUnit4Provider.execute(JUnit4Provider.java:365)
	at org.apache.maven.surefire.junit4.JUnit4Provider.executeWithRerun(JUnit4Provider.java:273)
	at org.apache.maven.surefire.junit4.JUnit4Provider.executeTestSet(JUnit4Provider.java:238)
	at org.apache.maven.surefire.junit4.JUnit4Provider.invoke(JUnit4Provider.java:159)
	at org.apache.maven.surefire.booter.ForkedBooter.invokeProviderInSameClassLoader(ForkedBooter.java:384)
	at org.apache.maven.surefire.booter.ForkedBooter.runSuitesInProcess(ForkedBooter.java:345)
	at org.apache.maven.surefire.booter.ForkedBooter.execute(ForkedBooter.java:126)
	at org.apache.maven.surefire.booter.ForkedBooter.main(ForkedBooter.java:418)
</error>
    <system-out><![CDATA[2019-10-16 05:43:51,640 [main] INFO  rpc.RpcClient (RpcClient.java:createVolume(272)) - Creating Volume: a4692864-dfa6-49ce-a6e6-ddd273e29ea7, with jenkins1000 as owner.
2019-10-16 05:43:51,653 [OM StateMachine ApplyTransaction Thread - 0] INFO  volume.OMVolumeCreateRequest (OMVolumeCreateRequest.java:validateAndUpdateCache(193)) - created volume:a4692864-dfa6-49ce-a6e6-ddd273e29ea7 for user:jenkins1000
2019-10-16 05:43:51,654 [main] INFO  rpc.RpcClient (RpcClient.java:createBucket(411)) - Creating Bucket: a4692864-dfa6-49ce-a6e6-ddd273e29ea7/d2f4b951-4e7b-4a98-8d36-9503ee6ed4dd, with Versioning false and Storage Type set to DISK and Encryption set to false 
2019-10-16 05:43:51,704 [OM StateMachine ApplyTransaction Thread - 0] ERROR lock.LockManager (LockManager.java:getLockForReleasing(218)) - Trying to release the lock on /a4692864-dfa6-49ce-a6e6-ddd273e29ea7/d2f4b951-4e7b-4a98-8d36-9503ee6ed4dd, which was never acquired.
]]></system-out>
  </testcase>
  <testcase name="testValidateBlockLengthWithCommitKey" classname="org.apache.hadoop.ozone.client.rpc.TestOzoneRpcClientWithRatis" time="0.066">
    <error message="java.lang.IllegalMonitorStateException: Releasing lock on resource /fe827287-a614-4f28-b1a8-2204ab77e586/482d74e2-7e1a-4a55-aead-30499560b1ad without acquiring lock" type="INTERNAL_ERROR org.apache.hadoop.ozone.om.exceptions.OMException">INTERNAL_ERROR org.apache.hadoop.ozone.om.exceptions.OMException: java.lang.IllegalMonitorStateException: Releasing lock on resource /fe827287-a614-4f28-b1a8-2204ab77e586/482d74e2-7e1a-4a55-aead-30499560b1ad without acquiring lock
	at org.apache.hadoop.ozone.om.protocolPB.OzoneManagerProtocolClientSideTranslatorPB.handleError(OzoneManagerProtocolClientSideTranslatorPB.java:732)
	at org.apache.hadoop.ozone.om.protocolPB.OzoneManagerProtocolClientSideTranslatorPB.commitKey(OzoneManagerProtocolClientSideTranslatorPB.java:789)
	at sun.reflect.NativeMethodAccessorImpl.invoke0(Native Method)
	at sun.reflect.NativeMethodAccessorImpl.invoke(NativeMethodAccessorImpl.java:62)
	at sun.reflect.DelegatingMethodAccessorImpl.invoke(DelegatingMethodAccessorImpl.java:43)
	at java.lang.reflect.Method.invoke(Method.java:498)
	at org.apache.hadoop.hdds.tracing.TraceAllMethod.invoke(TraceAllMethod.java:66)
	at com.sun.proxy.$Proxy38.commitKey(Unknown Source)
	at org.apache.hadoop.ozone.client.io.BlockOutputStreamEntryPool.commitKey(BlockOutputStreamEntryPool.java:277)
	at org.apache.hadoop.ozone.client.io.KeyOutputStream.close(KeyOutputStream.java:474)
	at org.apache.hadoop.ozone.client.io.OzoneOutputStream.close(OzoneOutputStream.java:60)
	at org.apache.hadoop.ozone.client.rpc.TestOzoneRpcClientAbstract.testValidateBlockLengthWithCommitKey(TestOzoneRpcClientAbstract.java:732)
	at sun.reflect.NativeMethodAccessorImpl.invoke0(Native Method)
	at sun.reflect.NativeMethodAccessorImpl.invoke(NativeMethodAccessorImpl.java:62)
	at sun.reflect.DelegatingMethodAccessorImpl.invoke(DelegatingMethodAccessorImpl.java:43)
	at java.lang.reflect.Method.invoke(Method.java:498)
	at org.junit.runners.model.FrameworkMethod$1.runReflectiveCall(FrameworkMethod.java:47)
	at org.junit.internal.runners.model.ReflectiveCallable.run(ReflectiveCallable.java:12)
	at org.junit.runners.model.FrameworkMethod.invokeExplosively(FrameworkMethod.java:44)
	at org.junit.internal.runners.statements.InvokeMethod.evaluate(InvokeMethod.java:17)
	at org.junit.runners.ParentRunner.runLeaf(ParentRunner.java:271)
	at org.junit.runners.BlockJUnit4ClassRunner.runChild(BlockJUnit4ClassRunner.java:70)
	at org.junit.runners.BlockJUnit4ClassRunner.runChild(BlockJUnit4ClassRunner.java:50)
	at org.junit.runners.ParentRunner$3.run(ParentRunner.java:238)
	at org.junit.runners.ParentRunner$1.schedule(ParentRunner.java:63)
	at org.junit.runners.ParentRunner.runChildren(ParentRunner.java:236)
	at org.junit.runners.ParentRunner.access$000(ParentRunner.java:53)
	at org.junit.runners.ParentRunner$2.evaluate(ParentRunner.java:229)
	at org.junit.internal.runners.statements.RunBefores.evaluate(RunBefores.java:26)
	at org.junit.internal.runners.statements.RunAfters.evaluate(RunAfters.java:27)
	at org.junit.runners.ParentRunner.run(ParentRunner.java:309)
	at org.apache.maven.surefire.junit4.JUnit4Provider.execute(JUnit4Provider.java:365)
	at org.apache.maven.surefire.junit4.JUnit4Provider.executeWithRerun(JUnit4Provider.java:273)
	at org.apache.maven.surefire.junit4.JUnit4Provider.executeTestSet(JUnit4Provider.java:238)
	at org.apache.maven.surefire.junit4.JUnit4Provider.invoke(JUnit4Provider.java:159)
	at org.apache.maven.surefire.booter.ForkedBooter.invokeProviderInSameClassLoader(ForkedBooter.java:384)
	at org.apache.maven.surefire.booter.ForkedBooter.runSuitesInProcess(ForkedBooter.java:345)
	at org.apache.maven.surefire.booter.ForkedBooter.execute(ForkedBooter.java:126)
	at org.apache.maven.surefire.booter.ForkedBooter.main(ForkedBooter.java:418)
</error>
    <system-out><![CDATA[2019-10-16 05:43:51,709 [main] INFO  rpc.RpcClient (RpcClient.java:createVolume(272)) - Creating Volume: fe827287-a614-4f28-b1a8-2204ab77e586, with jenkins1000 as owner.
2019-10-16 05:43:51,722 [OM StateMachine ApplyTransaction Thread - 0] INFO  volume.OMVolumeCreateRequest (OMVolumeCreateRequest.java:validateAndUpdateCache(193)) - created volume:fe827287-a614-4f28-b1a8-2204ab77e586 for user:jenkins1000
2019-10-16 05:43:51,723 [main] INFO  rpc.RpcClient (RpcClient.java:createBucket(411)) - Creating Bucket: fe827287-a614-4f28-b1a8-2204ab77e586/482d74e2-7e1a-4a55-aead-30499560b1ad, with Versioning false and Storage Type set to DISK and Encryption set to false 
2019-10-16 05:43:51,771 [OM StateMachine ApplyTransaction Thread - 0] ERROR lock.LockManager (LockManager.java:getLockForReleasing(218)) - Trying to release the lock on /fe827287-a614-4f28-b1a8-2204ab77e586/482d74e2-7e1a-4a55-aead-30499560b1ad, which was never acquired.
]]></system-out>
  </testcase>
  <testcase name="testMultipartUploadWithPartsMisMatchWithListSizeDifferent" classname="org.apache.hadoop.ozone.client.rpc.TestOzoneRpcClientWithRatis" time="0.054"/>
  <testcase name="testNoSuchUploadError" classname="org.apache.hadoop.ozone.client.rpc.TestOzoneRpcClientWithRatis" time="0.048"/>
  <testcase name="testPutKeyRatisThreeNodes" classname="org.apache.hadoop.ozone.client.rpc.TestOzoneRpcClientWithRatis" time="0.107">
    <error message="java.lang.IllegalMonitorStateException: Releasing lock on resource /88803b27-39d6-4721-942a-806945d3c595/448c6351-6952-48a3-9df1-1d159c63e536 without acquiring lock" type="INTERNAL_ERROR org.apache.hadoop.ozone.om.exceptions.OMException">INTERNAL_ERROR org.apache.hadoop.ozone.om.exceptions.OMException: java.lang.IllegalMonitorStateException: Releasing lock on resource /88803b27-39d6-4721-942a-806945d3c595/448c6351-6952-48a3-9df1-1d159c63e536 without acquiring lock
	at org.apache.hadoop.ozone.om.protocolPB.OzoneManagerProtocolClientSideTranslatorPB.handleError(OzoneManagerProtocolClientSideTranslatorPB.java:732)
	at org.apache.hadoop.ozone.om.protocolPB.OzoneManagerProtocolClientSideTranslatorPB.commitKey(OzoneManagerProtocolClientSideTranslatorPB.java:789)
	at sun.reflect.NativeMethodAccessorImpl.invoke0(Native Method)
	at sun.reflect.NativeMethodAccessorImpl.invoke(NativeMethodAccessorImpl.java:62)
	at sun.reflect.DelegatingMethodAccessorImpl.invoke(DelegatingMethodAccessorImpl.java:43)
	at java.lang.reflect.Method.invoke(Method.java:498)
	at org.apache.hadoop.hdds.tracing.TraceAllMethod.invoke(TraceAllMethod.java:66)
	at com.sun.proxy.$Proxy38.commitKey(Unknown Source)
	at org.apache.hadoop.ozone.client.io.BlockOutputStreamEntryPool.commitKey(BlockOutputStreamEntryPool.java:277)
	at org.apache.hadoop.ozone.client.io.KeyOutputStream.close(KeyOutputStream.java:474)
	at org.apache.hadoop.ozone.client.io.OzoneOutputStream.close(OzoneOutputStream.java:60)
	at org.apache.hadoop.ozone.client.rpc.TestOzoneRpcClientAbstract.testPutKeyRatisThreeNodes(TestOzoneRpcClientAbstract.java:804)
	at sun.reflect.NativeMethodAccessorImpl.invoke0(Native Method)
	at sun.reflect.NativeMethodAccessorImpl.invoke(NativeMethodAccessorImpl.java:62)
	at sun.reflect.DelegatingMethodAccessorImpl.invoke(DelegatingMethodAccessorImpl.java:43)
	at java.lang.reflect.Method.invoke(Method.java:498)
	at org.junit.runners.model.FrameworkMethod$1.runReflectiveCall(FrameworkMethod.java:47)
	at org.junit.internal.runners.model.ReflectiveCallable.run(ReflectiveCallable.java:12)
	at org.junit.runners.model.FrameworkMethod.invokeExplosively(FrameworkMethod.java:44)
	at org.junit.internal.runners.statements.InvokeMethod.evaluate(InvokeMethod.java:17)
	at org.junit.runners.ParentRunner.runLeaf(ParentRunner.java:271)
	at org.junit.runners.BlockJUnit4ClassRunner.runChild(BlockJUnit4ClassRunner.java:70)
	at org.junit.runners.BlockJUnit4ClassRunner.runChild(BlockJUnit4ClassRunner.java:50)
	at org.junit.runners.ParentRunner$3.run(ParentRunner.java:238)
	at org.junit.runners.ParentRunner$1.schedule(ParentRunner.java:63)
	at org.junit.runners.ParentRunner.runChildren(ParentRunner.java:236)
	at org.junit.runners.ParentRunner.access$000(ParentRunner.java:53)
	at org.junit.runners.ParentRunner$2.evaluate(ParentRunner.java:229)
	at org.junit.internal.runners.statements.RunBefores.evaluate(RunBefores.java:26)
	at org.junit.internal.runners.statements.RunAfters.evaluate(RunAfters.java:27)
	at org.junit.runners.ParentRunner.run(ParentRunner.java:309)
	at org.apache.maven.surefire.junit4.JUnit4Provider.execute(JUnit4Provider.java:365)
	at org.apache.maven.surefire.junit4.JUnit4Provider.executeWithRerun(JUnit4Provider.java:273)
	at org.apache.maven.surefire.junit4.JUnit4Provider.executeTestSet(JUnit4Provider.java:238)
	at org.apache.maven.surefire.junit4.JUnit4Provider.invoke(JUnit4Provider.java:159)
	at org.apache.maven.surefire.booter.ForkedBooter.invokeProviderInSameClassLoader(ForkedBooter.java:384)
	at org.apache.maven.surefire.booter.ForkedBooter.runSuitesInProcess(ForkedBooter.java:345)
	at org.apache.maven.surefire.booter.ForkedBooter.execute(ForkedBooter.java:126)
	at org.apache.maven.surefire.booter.ForkedBooter.main(ForkedBooter.java:418)
</error>
    <system-out><![CDATA[2019-10-16 05:43:51,876 [main] INFO  rpc.RpcClient (RpcClient.java:createVolume(272)) - Creating Volume: 88803b27-39d6-4721-942a-806945d3c595, with jenkins1000 as owner.
2019-10-16 05:43:51,889 [OM StateMachine ApplyTransaction Thread - 0] INFO  volume.OMVolumeCreateRequest (OMVolumeCreateRequest.java:validateAndUpdateCache(193)) - created volume:88803b27-39d6-4721-942a-806945d3c595 for user:jenkins1000
2019-10-16 05:43:51,890 [main] INFO  rpc.RpcClient (RpcClient.java:createBucket(411)) - Creating Bucket: 88803b27-39d6-4721-942a-806945d3c595/448c6351-6952-48a3-9df1-1d159c63e536, with Versioning false and Storage Type set to DISK and Encryption set to false 
2019-10-16 05:43:51,978 [OM StateMachine ApplyTransaction Thread - 0] ERROR lock.LockManager (LockManager.java:getLockForReleasing(218)) - Trying to release the lock on /88803b27-39d6-4721-942a-806945d3c595/448c6351-6952-48a3-9df1-1d159c63e536, which was never acquired.
]]></system-out>
  </testcase>
  <testcase name="testListKeyOnEmptyBucket" classname="org.apache.hadoop.ozone.client.rpc.TestOzoneRpcClientWithRatis" time="0.033"/>
  <testcase name="testReadKeyWithCorruptedDataWithMutiNodes" classname="org.apache.hadoop.ozone.client.rpc.TestOzoneRpcClientWithRatis" time="0.123">
    <error message="java.lang.IllegalMonitorStateException: Releasing lock on resource /fd2686e7-f21c-4fef-a36a-5478458e6753/6e69c077-13fa-4961-a9ee-66ec8fb93802 without acquiring lock" type="INTERNAL_ERROR org.apache.hadoop.ozone.om.exceptions.OMException">INTERNAL_ERROR org.apache.hadoop.ozone.om.exceptions.OMException: java.lang.IllegalMonitorStateException: Releasing lock on resource /fd2686e7-f21c-4fef-a36a-5478458e6753/6e69c077-13fa-4961-a9ee-66ec8fb93802 without acquiring lock
	at org.apache.hadoop.ozone.om.protocolPB.OzoneManagerProtocolClientSideTranslatorPB.handleError(OzoneManagerProtocolClientSideTranslatorPB.java:732)
	at org.apache.hadoop.ozone.om.protocolPB.OzoneManagerProtocolClientSideTranslatorPB.commitKey(OzoneManagerProtocolClientSideTranslatorPB.java:789)
	at sun.reflect.NativeMethodAccessorImpl.invoke0(Native Method)
	at sun.reflect.NativeMethodAccessorImpl.invoke(NativeMethodAccessorImpl.java:62)
	at sun.reflect.DelegatingMethodAccessorImpl.invoke(DelegatingMethodAccessorImpl.java:43)
	at java.lang.reflect.Method.invoke(Method.java:498)
	at org.apache.hadoop.hdds.tracing.TraceAllMethod.invoke(TraceAllMethod.java:66)
	at com.sun.proxy.$Proxy38.commitKey(Unknown Source)
	at org.apache.hadoop.ozone.client.io.BlockOutputStreamEntryPool.commitKey(BlockOutputStreamEntryPool.java:277)
	at org.apache.hadoop.ozone.client.io.KeyOutputStream.close(KeyOutputStream.java:474)
	at org.apache.hadoop.ozone.client.io.OzoneOutputStream.close(OzoneOutputStream.java:60)
	at org.apache.hadoop.ozone.client.rpc.TestOzoneRpcClientAbstract.testReadKeyWithCorruptedDataWithMutiNodes(TestOzoneRpcClientAbstract.java:1139)
	at sun.reflect.NativeMethodAccessorImpl.invoke0(Native Method)
	at sun.reflect.NativeMethodAccessorImpl.invoke(NativeMethodAccessorImpl.java:62)
	at sun.reflect.DelegatingMethodAccessorImpl.invoke(DelegatingMethodAccessorImpl.java:43)
	at java.lang.reflect.Method.invoke(Method.java:498)
	at org.junit.runners.model.FrameworkMethod$1.runReflectiveCall(FrameworkMethod.java:47)
	at org.junit.internal.runners.model.ReflectiveCallable.run(ReflectiveCallable.java:12)
	at org.junit.runners.model.FrameworkMethod.invokeExplosively(FrameworkMethod.java:44)
	at org.junit.internal.runners.statements.InvokeMethod.evaluate(InvokeMethod.java:17)
	at org.junit.runners.ParentRunner.runLeaf(ParentRunner.java:271)
	at org.junit.runners.BlockJUnit4ClassRunner.runChild(BlockJUnit4ClassRunner.java:70)
	at org.junit.runners.BlockJUnit4ClassRunner.runChild(BlockJUnit4ClassRunner.java:50)
	at org.junit.runners.ParentRunner$3.run(ParentRunner.java:238)
	at org.junit.runners.ParentRunner$1.schedule(ParentRunner.java:63)
	at org.junit.runners.ParentRunner.runChildren(ParentRunner.java:236)
	at org.junit.runners.ParentRunner.access$000(ParentRunner.java:53)
	at org.junit.runners.ParentRunner$2.evaluate(ParentRunner.java:229)
	at org.junit.internal.runners.statements.RunBefores.evaluate(RunBefores.java:26)
	at org.junit.internal.runners.statements.RunAfters.evaluate(RunAfters.java:27)
	at org.junit.runners.ParentRunner.run(ParentRunner.java:309)
	at org.apache.maven.surefire.junit4.JUnit4Provider.execute(JUnit4Provider.java:365)
	at org.apache.maven.surefire.junit4.JUnit4Provider.executeWithRerun(JUnit4Provider.java:273)
	at org.apache.maven.surefire.junit4.JUnit4Provider.executeTestSet(JUnit4Provider.java:238)
	at org.apache.maven.surefire.junit4.JUnit4Provider.invoke(JUnit4Provider.java:159)
	at org.apache.maven.surefire.booter.ForkedBooter.invokeProviderInSameClassLoader(ForkedBooter.java:384)
	at org.apache.maven.surefire.booter.ForkedBooter.runSuitesInProcess(ForkedBooter.java:345)
	at org.apache.maven.surefire.booter.ForkedBooter.execute(ForkedBooter.java:126)
	at org.apache.maven.surefire.booter.ForkedBooter.main(ForkedBooter.java:418)
</error>
    <system-out><![CDATA[2019-10-16 05:43:52,016 [main] INFO  rpc.RpcClient (RpcClient.java:createVolume(272)) - Creating Volume: fd2686e7-f21c-4fef-a36a-5478458e6753, with jenkins1000 as owner.
2019-10-16 05:43:52,029 [OM StateMachine ApplyTransaction Thread - 0] INFO  volume.OMVolumeCreateRequest (OMVolumeCreateRequest.java:validateAndUpdateCache(193)) - created volume:fd2686e7-f21c-4fef-a36a-5478458e6753 for user:jenkins1000
2019-10-16 05:43:52,030 [main] INFO  rpc.RpcClient (RpcClient.java:createBucket(411)) - Creating Bucket: fd2686e7-f21c-4fef-a36a-5478458e6753/6e69c077-13fa-4961-a9ee-66ec8fb93802, with Versioning false and Storage Type set to DISK and Encryption set to false 
2019-10-16 05:43:52,100 [IPC Server handler 12 on 45158] INFO  segmented.SegmentedRaftLogWorker (SegmentedRaftLogWorker.java:rollLogSegment(390)) - 1d6ce82d-311b-4c95-9b55-5aa5987b40a4@group-C5BA1605619E-SegmentedRaftLogWorker: Rolling segment log-557_618 to index:618
2019-10-16 05:43:52,101 [1d6ce82d-311b-4c95-9b55-5aa5987b40a4@group-C5BA1605619E-SegmentedRaftLogWorker] INFO  segmented.SegmentedRaftLogWorker (SegmentedRaftLogWorker.java:execute(533)) - 1d6ce82d-311b-4c95-9b55-5aa5987b40a4@group-C5BA1605619E-SegmentedRaftLogWorker: Rolled log segment from /workdir/hadoop-ozone/integration-test/target/test-dir/MiniOzoneClusterImpl-7e713ef8-135d-4b72-83a4-970ab5ab51ec/ozone-meta/ratis/bf265839-605b-3f16-9796-c5ba1605619e/current/log_inprogress_557 to /workdir/hadoop-ozone/integration-test/target/test-dir/MiniOzoneClusterImpl-7e713ef8-135d-4b72-83a4-970ab5ab51ec/ozone-meta/ratis/bf265839-605b-3f16-9796-c5ba1605619e/current/log_557-618
2019-10-16 05:43:52,123 [1d6ce82d-311b-4c95-9b55-5aa5987b40a4@group-C5BA1605619E-SegmentedRaftLogWorker] INFO  segmented.SegmentedRaftLogWorker (SegmentedRaftLogWorker.java:execute(576)) - 1d6ce82d-311b-4c95-9b55-5aa5987b40a4@group-C5BA1605619E-SegmentedRaftLogWorker: created new log segment /workdir/hadoop-ozone/integration-test/target/test-dir/MiniOzoneClusterImpl-7e713ef8-135d-4b72-83a4-970ab5ab51ec/ozone-meta/ratis/bf265839-605b-3f16-9796-c5ba1605619e/current/log_inprogress_619
2019-10-16 05:43:52,135 [OM StateMachine ApplyTransaction Thread - 0] ERROR lock.LockManager (LockManager.java:getLockForReleasing(218)) - Trying to release the lock on /fd2686e7-f21c-4fef-a36a-5478458e6753/6e69c077-13fa-4961-a9ee-66ec8fb93802, which was never acquired.
]]></system-out>
  </testcase>
  <testcase name="testPutKey" classname="org.apache.hadoop.ozone.client.rpc.TestOzoneRpcClientWithRatis" time="0.067">
    <error message="java.lang.IllegalMonitorStateException: Releasing lock on resource /862620ae-c5ed-4476-beef-c86af3a06b8f/37797dd7-195e-4878-b9dc-0765430eccb3 without acquiring lock" type="INTERNAL_ERROR org.apache.hadoop.ozone.om.exceptions.OMException">INTERNAL_ERROR org.apache.hadoop.ozone.om.exceptions.OMException: java.lang.IllegalMonitorStateException: Releasing lock on resource /862620ae-c5ed-4476-beef-c86af3a06b8f/37797dd7-195e-4878-b9dc-0765430eccb3 without acquiring lock
	at org.apache.hadoop.ozone.om.protocolPB.OzoneManagerProtocolClientSideTranslatorPB.handleError(OzoneManagerProtocolClientSideTranslatorPB.java:732)
	at org.apache.hadoop.ozone.om.protocolPB.OzoneManagerProtocolClientSideTranslatorPB.commitKey(OzoneManagerProtocolClientSideTranslatorPB.java:789)
	at sun.reflect.NativeMethodAccessorImpl.invoke0(Native Method)
	at sun.reflect.NativeMethodAccessorImpl.invoke(NativeMethodAccessorImpl.java:62)
	at sun.reflect.DelegatingMethodAccessorImpl.invoke(DelegatingMethodAccessorImpl.java:43)
	at java.lang.reflect.Method.invoke(Method.java:498)
	at org.apache.hadoop.hdds.tracing.TraceAllMethod.invoke(TraceAllMethod.java:66)
	at com.sun.proxy.$Proxy38.commitKey(Unknown Source)
	at org.apache.hadoop.ozone.client.io.BlockOutputStreamEntryPool.commitKey(BlockOutputStreamEntryPool.java:277)
	at org.apache.hadoop.ozone.client.io.KeyOutputStream.close(KeyOutputStream.java:474)
	at org.apache.hadoop.ozone.client.io.OzoneOutputStream.close(OzoneOutputStream.java:60)
	at org.apache.hadoop.ozone.client.rpc.TestOzoneRpcClientAbstract.testPutKey(TestOzoneRpcClientAbstract.java:701)
	at sun.reflect.NativeMethodAccessorImpl.invoke0(Native Method)
	at sun.reflect.NativeMethodAccessorImpl.invoke(NativeMethodAccessorImpl.java:62)
	at sun.reflect.DelegatingMethodAccessorImpl.invoke(DelegatingMethodAccessorImpl.java:43)
	at java.lang.reflect.Method.invoke(Method.java:498)
	at org.junit.runners.model.FrameworkMethod$1.runReflectiveCall(FrameworkMethod.java:47)
	at org.junit.internal.runners.model.ReflectiveCallable.run(ReflectiveCallable.java:12)
	at org.junit.runners.model.FrameworkMethod.invokeExplosively(FrameworkMethod.java:44)
	at org.junit.internal.runners.statements.InvokeMethod.evaluate(InvokeMethod.java:17)
	at org.junit.runners.ParentRunner.runLeaf(ParentRunner.java:271)
	at org.junit.runners.BlockJUnit4ClassRunner.runChild(BlockJUnit4ClassRunner.java:70)
	at org.junit.runners.BlockJUnit4ClassRunner.runChild(BlockJUnit4ClassRunner.java:50)
	at org.junit.runners.ParentRunner$3.run(ParentRunner.java:238)
	at org.junit.runners.ParentRunner$1.schedule(ParentRunner.java:63)
	at org.junit.runners.ParentRunner.runChildren(ParentRunner.java:236)
	at org.junit.runners.ParentRunner.access$000(ParentRunner.java:53)
	at org.junit.runners.ParentRunner$2.evaluate(ParentRunner.java:229)
	at org.junit.internal.runners.statements.RunBefores.evaluate(RunBefores.java:26)
	at org.junit.internal.runners.statements.RunAfters.evaluate(RunAfters.java:27)
	at org.junit.runners.ParentRunner.run(ParentRunner.java:309)
	at org.apache.maven.surefire.junit4.JUnit4Provider.execute(JUnit4Provider.java:365)
	at org.apache.maven.surefire.junit4.JUnit4Provider.executeWithRerun(JUnit4Provider.java:273)
	at org.apache.maven.surefire.junit4.JUnit4Provider.executeTestSet(JUnit4Provider.java:238)
	at org.apache.maven.surefire.junit4.JUnit4Provider.invoke(JUnit4Provider.java:159)
	at org.apache.maven.surefire.booter.ForkedBooter.invokeProviderInSameClassLoader(ForkedBooter.java:384)
	at org.apache.maven.surefire.booter.ForkedBooter.runSuitesInProcess(ForkedBooter.java:345)
	at org.apache.maven.surefire.booter.ForkedBooter.execute(ForkedBooter.java:126)
	at org.apache.maven.surefire.booter.ForkedBooter.main(ForkedBooter.java:418)
</error>
    <system-out><![CDATA[2019-10-16 05:43:52,139 [main] INFO  rpc.RpcClient (RpcClient.java:createVolume(272)) - Creating Volume: 862620ae-c5ed-4476-beef-c86af3a06b8f, with jenkins1000 as owner.
2019-10-16 05:43:52,150 [OM StateMachine ApplyTransaction Thread - 0] INFO  volume.OMVolumeCreateRequest (OMVolumeCreateRequest.java:validateAndUpdateCache(193)) - created volume:862620ae-c5ed-4476-beef-c86af3a06b8f for user:jenkins1000
2019-10-16 05:43:52,151 [main] INFO  rpc.RpcClient (RpcClient.java:createBucket(411)) - Creating Bucket: 862620ae-c5ed-4476-beef-c86af3a06b8f/37797dd7-195e-4878-b9dc-0765430eccb3, with Versioning false and Storage Type set to DISK and Encryption set to false 
2019-10-16 05:43:52,203 [OM StateMachine ApplyTransaction Thread - 0] ERROR lock.LockManager (LockManager.java:getLockForReleasing(218)) - Trying to release the lock on /862620ae-c5ed-4476-beef-c86af3a06b8f/37797dd7-195e-4878-b9dc-0765430eccb3, which was never acquired.
]]></system-out>
  </testcase>
  <testcase name="testReadKeyWithCorruptedData" classname="org.apache.hadoop.ozone.client.rpc.TestOzoneRpcClientWithRatis" time="0.288">
    <error message="java.lang.IllegalMonitorStateException: Releasing lock on resource /a7c62cc9-5d0e-4161-a719-78c3a8c0a9a4/3cc0e4f8-6fbd-4c32-a041-2683a3c77001 without acquiring lock" type="INTERNAL_ERROR org.apache.hadoop.ozone.om.exceptions.OMException">INTERNAL_ERROR org.apache.hadoop.ozone.om.exceptions.OMException: java.lang.IllegalMonitorStateException: Releasing lock on resource /a7c62cc9-5d0e-4161-a719-78c3a8c0a9a4/3cc0e4f8-6fbd-4c32-a041-2683a3c77001 without acquiring lock
	at org.apache.hadoop.ozone.om.protocolPB.OzoneManagerProtocolClientSideTranslatorPB.handleError(OzoneManagerProtocolClientSideTranslatorPB.java:732)
	at org.apache.hadoop.ozone.om.protocolPB.OzoneManagerProtocolClientSideTranslatorPB.commitKey(OzoneManagerProtocolClientSideTranslatorPB.java:789)
	at sun.reflect.GeneratedMethodAccessor232.invoke(Unknown Source)
	at sun.reflect.DelegatingMethodAccessorImpl.invoke(DelegatingMethodAccessorImpl.java:43)
	at java.lang.reflect.Method.invoke(Method.java:498)
	at org.apache.hadoop.hdds.tracing.TraceAllMethod.invoke(TraceAllMethod.java:66)
	at com.sun.proxy.$Proxy38.commitKey(Unknown Source)
	at org.apache.hadoop.ozone.client.io.BlockOutputStreamEntryPool.commitKey(BlockOutputStreamEntryPool.java:277)
	at org.apache.hadoop.ozone.client.io.KeyOutputStream.close(KeyOutputStream.java:474)
	at org.apache.hadoop.ozone.client.io.OzoneOutputStream.close(OzoneOutputStream.java:60)
	at org.apache.hadoop.ozone.client.rpc.TestOzoneRpcClientAbstract.testReadKeyWithCorruptedData(TestOzoneRpcClientAbstract.java:1085)
	at sun.reflect.NativeMethodAccessorImpl.invoke0(Native Method)
	at sun.reflect.NativeMethodAccessorImpl.invoke(NativeMethodAccessorImpl.java:62)
	at sun.reflect.DelegatingMethodAccessorImpl.invoke(DelegatingMethodAccessorImpl.java:43)
	at java.lang.reflect.Method.invoke(Method.java:498)
	at org.junit.runners.model.FrameworkMethod$1.runReflectiveCall(FrameworkMethod.java:47)
	at org.junit.internal.runners.model.ReflectiveCallable.run(ReflectiveCallable.java:12)
	at org.junit.runners.model.FrameworkMethod.invokeExplosively(FrameworkMethod.java:44)
	at org.junit.internal.runners.statements.InvokeMethod.evaluate(InvokeMethod.java:17)
	at org.junit.runners.ParentRunner.runLeaf(ParentRunner.java:271)
	at org.junit.runners.BlockJUnit4ClassRunner.runChild(BlockJUnit4ClassRunner.java:70)
	at org.junit.runners.BlockJUnit4ClassRunner.runChild(BlockJUnit4ClassRunner.java:50)
	at org.junit.runners.ParentRunner$3.run(ParentRunner.java:238)
	at org.junit.runners.ParentRunner$1.schedule(ParentRunner.java:63)
	at org.junit.runners.ParentRunner.runChildren(ParentRunner.java:236)
	at org.junit.runners.ParentRunner.access$000(ParentRunner.java:53)
	at org.junit.runners.ParentRunner$2.evaluate(ParentRunner.java:229)
	at org.junit.internal.runners.statements.RunBefores.evaluate(RunBefores.java:26)
	at org.junit.internal.runners.statements.RunAfters.evaluate(RunAfters.java:27)
	at org.junit.runners.ParentRunner.run(ParentRunner.java:309)
	at org.apache.maven.surefire.junit4.JUnit4Provider.execute(JUnit4Provider.java:365)
	at org.apache.maven.surefire.junit4.JUnit4Provider.executeWithRerun(JUnit4Provider.java:273)
	at org.apache.maven.surefire.junit4.JUnit4Provider.executeTestSet(JUnit4Provider.java:238)
	at org.apache.maven.surefire.junit4.JUnit4Provider.invoke(JUnit4Provider.java:159)
	at org.apache.maven.surefire.booter.ForkedBooter.invokeProviderInSameClassLoader(ForkedBooter.java:384)
	at org.apache.maven.surefire.booter.ForkedBooter.runSuitesInProcess(ForkedBooter.java:345)
	at org.apache.maven.surefire.booter.ForkedBooter.execute(ForkedBooter.java:126)
	at org.apache.maven.surefire.booter.ForkedBooter.main(ForkedBooter.java:418)
</error>
    <system-out><![CDATA[2019-10-16 05:43:52,206 [main] INFO  rpc.RpcClient (RpcClient.java:createVolume(272)) - Creating Volume: a7c62cc9-5d0e-4161-a719-78c3a8c0a9a4, with jenkins1000 as owner.
2019-10-16 05:43:52,218 [OM StateMachine ApplyTransaction Thread - 0] INFO  volume.OMVolumeCreateRequest (OMVolumeCreateRequest.java:validateAndUpdateCache(193)) - created volume:a7c62cc9-5d0e-4161-a719-78c3a8c0a9a4 for user:jenkins1000
2019-10-16 05:43:52,220 [main] INFO  rpc.RpcClient (RpcClient.java:createBucket(411)) - Creating Bucket: a7c62cc9-5d0e-4161-a719-78c3a8c0a9a4/3cc0e4f8-6fbd-4c32-a041-2683a3c77001, with Versioning false and Storage Type set to DISK and Encryption set to false 
2019-10-16 05:43:52,491 [OM StateMachine ApplyTransaction Thread - 0] ERROR lock.LockManager (LockManager.java:getLockForReleasing(218)) - Trying to release the lock on /a7c62cc9-5d0e-4161-a719-78c3a8c0a9a4/3cc0e4f8-6fbd-4c32-a041-2683a3c77001, which was never acquired.
]]></system-out>
  </testcase>
  <testcase name="testCreateBucketWithAcls" classname="org.apache.hadoop.ozone.client.rpc.TestOzoneRpcClientWithRatis" time="0.03"/>
  <testcase name="testMultipartUploadWithPartsMisMatchWithIncorrectPartName" classname="org.apache.hadoop.ozone.client.rpc.TestOzoneRpcClientWithRatis" time="0.108"/>
  <testcase name="testCreateVolumeWithMetadata" classname="org.apache.hadoop.ozone.client.rpc.TestOzoneRpcClientWithRatis" time="0.032"/>
  <testcase name="testCreateBucketWithMetadata" classname="org.apache.hadoop.ozone.client.rpc.TestOzoneRpcClientWithRatis" time="0.028"/>
  <testcase name="testListPartsWithPartMarkerGreaterThanPartCount" classname="org.apache.hadoop.ozone.client.rpc.TestOzoneRpcClientWithRatis" time="0.267"/>
  <testcase name="testCreateBucket" classname="org.apache.hadoop.ozone.client.rpc.TestOzoneRpcClientWithRatis" time="0.028"/>
  <testcase name="testUploadPartWithNoOverride" classname="org.apache.hadoop.ozone.client.rpc.TestOzoneRpcClientWithRatis" time="0.087"/>
  <testcase name="testInitiateMultipartUploadWithDefaultReplication" classname="org.apache.hadoop.ozone.client.rpc.TestOzoneRpcClientWithRatis" time="0.055"/>
</testsuite>