<?xml version="1.0" encoding="UTF-8"?>
<testsuite xmlns:xsi="http://www.w3.org/2001/XMLSchema-instance" xsi:noNamespaceSchemaLocation="https://maven.apache.org/surefire/maven-surefire-plugin/xsd/surefire-test-report.xsd" name="org.apache.hadoop.ozone.client.rpc.TestSecureOzoneRpcClient" time="358.57" tests="71" errors="17" skipped="3" failures="0">
  <properties>
    <property name="awt.toolkit" value="sun.awt.X11.XToolkit"/>
    <property name="file.encoding.pkg" value="sun.io"/>
    <property name="java.specification.version" value="1.8"/>
    <property name="sun.cpu.isalist" value=""/>
    <property name="sun.jnu.encoding" value="ANSI_X3.4-1968"/>
    <property name="java.class.path" value="/workdir/hadoop-ozone/integration-test/target/test-classes:/workdir/hadoop-ozone/integration-test/target/classes:/home/user/.m2/repository/org/apache/hadoop/hadoop-ozone-common/0.5.0-SNAPSHOT/hadoop-ozone-common-0.5.0-SNAPSHOT.jar:/home/user/.m2/repository/org/apache/commons/commons-compress/1.4.1/commons-compress-1.4.1.jar:/home/user/.m2/repository/org/tukaani/xz/1.0/xz-1.0.jar:/home/user/.m2/repository/org/apache/hadoop/hadoop-common/3.2.0/hadoop-common-3.2.0.jar:/home/user/.m2/repository/org/apache/hadoop/hadoop-hdfs/3.2.0/hadoop-hdfs-3.2.0.jar:/home/user/.m2/repository/org/apache/hadoop/hadoop-hdfs-client/3.2.0/hadoop-hdfs-client-3.2.0.jar:/home/user/.m2/repository/com/fasterxml/jackson/core/jackson-annotations/2.9.9/jackson-annotations-2.9.9.jar:/home/user/.m2/repository/org/apache/hadoop/hadoop-hdds-common/0.5.0-SNAPSHOT/hadoop-hdds-common-0.5.0-SNAPSHOT.jar:/home/user/.m2/repository/javax/annotation/javax.annotation-api/1.2/javax.annotation-api-1.2.jar:/home/user/.m2/repository/org/apache/ratis/ratis-server/0.5.0-3f446aa-SNAPSHOT/ratis-server-0.5.0-3f446aa-SNAPSHOT.jar:/home/user/.m2/repository/org/apache/ratis/ratis-thirdparty-misc/0.2.0/ratis-thirdparty-misc-0.2.0.jar:/home/user/.m2/repository/org/apache/ratis/ratis-proto/0.5.0-3f446aa-SNAPSHOT/ratis-proto-0.5.0-3f446aa-SNAPSHOT.jar:/home/user/.m2/repository/org/apache/ratis/ratis-common/0.5.0-3f446aa-SNAPSHOT/ratis-common-0.5.0-3f446aa-SNAPSHOT.jar:/home/user/.m2/repository/org/apache/ratis/ratis-client/0.5.0-3f446aa-SNAPSHOT/ratis-client-0.5.0-3f446aa-SNAPSHOT.jar:/home/user/.m2/repository/org/apache/ratis/ratis-metrics/0.5.0-3f446aa-SNAPSHOT/ratis-metrics-0.5.0-3f446aa-SNAPSHOT.jar:/home/user/.m2/repository/com/github/joshelser/dropwizard-metrics-hadoop-metrics2-reporter/0.1.2/dropwizard-metrics-hadoop-metrics2-reporter-0.1.2.jar:/home/user/.m2/repository/io/dropwizard/metrics/metrics-jvm/3.2.5/metrics-jvm-3.2.5.jar:/home/user/.m2/repository/io/dropwizard/metrics/metrics-ganglia/3.2.5/metrics-ganglia-3.2.5.jar:/home/user/.m2/repository/info/ganglia/gmetric4j/gmetric4j/1.0.7/gmetric4j-1.0.7.jar:/home/user/.m2/repository/org/apache/ratis/ratis-netty/0.5.0-3f446aa-SNAPSHOT/ratis-netty-0.5.0-3f446aa-SNAPSHOT.jar:/home/user/.m2/repository/org/apache/ratis/ratis-grpc/0.5.0-3f446aa-SNAPSHOT/ratis-grpc-0.5.0-3f446aa-SNAPSHOT.jar:/home/user/.m2/repository/org/rocksdb/rocksdbjni/6.0.1/rocksdbjni-6.0.1.jar:/home/user/.m2/repository/org/apache/logging/log4j/log4j-api/2.11.0/log4j-api-2.11.0.jar:/home/user/.m2/repository/org/apache/logging/log4j/log4j-core/2.11.0/log4j-core-2.11.0.jar:/home/user/.m2/repository/com/lmax/disruptor/3.4.2/disruptor-3.4.2.jar:/home/user/.m2/repository/org/apache/commons/commons-pool2/2.6.0/commons-pool2-2.6.0.jar:/home/user/.m2/repository/org/bouncycastle/bcpkix-jdk15on/1.60/bcpkix-jdk15on-1.60.jar:/home/user/.m2/repository/commons-validator/commons-validator/1.6/commons-validator-1.6.jar:/home/user/.m2/repository/commons-digester/commons-digester/1.8.1/commons-digester-1.8.1.jar:/home/user/.m2/repository/io/jaegertracing/jaeger-client/0.34.0/jaeger-client-0.34.0.jar:/home/user/.m2/repository/io/jaegertracing/jaeger-thrift/0.34.0/jaeger-thrift-0.34.0.jar:/home/user/.m2/repository/org/apache/thrift/libthrift/0.12.0/libthrift-0.12.0.jar:/home/user/.m2/repository/com/squareup/okhttp3/okhttp/3.9.0/okhttp-3.9.0.jar:/home/user/.m2/repository/com/squareup/okio/okio/1.13.0/okio-1.13.0.jar:/home/user/.m2/repository/io/jaegertracing/jaeger-core/0.34.0/jaeger-core-0.34.0.jar:/home/user/.m2/repository/io/jaegertracing/jaeger-tracerresolver/0.34.0/jaeger-tracerresolver-0.34.0.jar:/home/user/.m2/repository/io/opentracing/contrib/opentracing-tracerresolver/0.1.5/opentracing-tracerresolver-0.1.5.jar:/home/user/.m2/repository/io/opentracing/opentracing-util/0.31.0/opentracing-util-0.31.0.jar:/home/user/.m2/repository/io/opentracing/opentracing-api/0.31.0/opentracing-api-0.31.0.jar:/home/user/.m2/repository/io/opentracing/opentracing-noop/0.31.0/opentracing-noop-0.31.0.jar:/home/user/.m2/repository/org/apache/hadoop/hadoop-hdds-server-framework/0.5.0-SNAPSHOT/hadoop-hdds-server-framework-0.5.0-SNAPSHOT.jar:/home/user/.m2/repository/org/apache/hadoop/hadoop-hdds-container-service/0.5.0-SNAPSHOT/hadoop-hdds-container-service-0.5.0-SNAPSHOT.jar:/home/user/.m2/repository/org/apache/hadoop/hadoop-hdds-client/0.5.0-SNAPSHOT/hadoop-hdds-client-0.5.0-SNAPSHOT.jar:/home/user/.m2/repository/org/apache/hadoop/hadoop-hdds-tools/0.5.0-SNAPSHOT/hadoop-hdds-tools-0.5.0-SNAPSHOT.jar:/home/user/.m2/repository/org/apache/hadoop/hadoop-hdds-server-scm/0.5.0-SNAPSHOT/hadoop-hdds-server-scm-0.5.0-SNAPSHOT.jar:/home/user/.m2/repository/org/apache/hadoop/hadoop-hdds-docs/0.5.0-SNAPSHOT/hadoop-hdds-docs-0.5.0-SNAPSHOT.jar:/home/user/.m2/repository/io/dropwizard/metrics/metrics-core/3.2.4/metrics-core-3.2.4.jar:/home/user/.m2/repository/org/hamcrest/hamcrest-all/1.3/hamcrest-all-1.3.jar:/home/user/.m2/repository/org/bouncycastle/bcprov-jdk15on/1.60/bcprov-jdk15on-1.60.jar:/home/user/.m2/repository/info/picocli/picocli/3.9.6/picocli-3.9.6.jar:/home/user/.m2/repository/com/google/protobuf/protobuf-java/2.5.0/protobuf-java-2.5.0.jar:/home/user/.m2/repository/com/google/guava/guava/11.0.2/guava-11.0.2.jar:/home/user/.m2/repository/org/apache/hadoop/hadoop-ozone-ozone-manager/0.5.0-SNAPSHOT/hadoop-ozone-ozone-manager-0.5.0-SNAPSHOT.jar:/home/user/.m2/repository/org/apache/hadoop/hadoop-minikdc/3.2.0/hadoop-minikdc-3.2.0.jar:/home/user/.m2/repository/commons-io/commons-io/2.5/commons-io-2.5.jar:/home/user/.m2/repository/org/apache/kerby/kerb-simplekdc/1.0.1/kerb-simplekdc-1.0.1.jar:/home/user/.m2/repository/org/apache/kerby/kerb-client/1.0.1/kerb-client-1.0.1.jar:/home/user/.m2/repository/org/apache/kerby/kerby-config/1.0.1/kerby-config-1.0.1.jar:/home/user/.m2/repository/org/apache/kerby/kerb-core/1.0.1/kerb-core-1.0.1.jar:/home/user/.m2/repository/org/apache/kerby/kerby-pkix/1.0.1/kerby-pkix-1.0.1.jar:/home/user/.m2/repository/org/apache/kerby/kerby-asn1/1.0.1/kerby-asn1-1.0.1.jar:/home/user/.m2/repository/org/apache/kerby/kerby-util/1.0.1/kerby-util-1.0.1.jar:/home/user/.m2/repository/org/apache/kerby/kerb-common/1.0.1/kerb-common-1.0.1.jar:/home/user/.m2/repository/org/apache/kerby/kerb-crypto/1.0.1/kerb-crypto-1.0.1.jar:/home/user/.m2/repository/org/apache/kerby/kerb-util/1.0.1/kerb-util-1.0.1.jar:/home/user/.m2/repository/org/apache/kerby/token-provider/1.0.1/token-provider-1.0.1.jar:/home/user/.m2/repository/org/apache/kerby/kerb-admin/1.0.1/kerb-admin-1.0.1.jar:/home/user/.m2/repository/org/apache/kerby/kerb-server/1.0.1/kerb-server-1.0.1.jar:/home/user/.m2/repository/org/apache/kerby/kerb-identity/1.0.1/kerb-identity-1.0.1.jar:/home/user/.m2/repository/org/apache/kerby/kerby-xdr/1.0.1/kerby-xdr-1.0.1.jar:/home/user/.m2/repository/org/slf4j/slf4j-log4j12/1.7.25/slf4j-log4j12-1.7.25.jar:/home/user/.m2/repository/org/apache/hadoop/hadoop-ozone-s3gateway/0.5.0-SNAPSHOT/hadoop-ozone-s3gateway-0.5.0-SNAPSHOT.jar:/home/user/.m2/repository/org/jboss/weld/servlet/weld-servlet/2.4.7.Final/weld-servlet-2.4.7.Final.jar:/home/user/.m2/repository/org/glassfish/jersey/containers/jersey-container-servlet-core/2.27/jersey-container-servlet-core-2.27.jar:/home/user/.m2/repository/org/glassfish/hk2/external/javax.inject/2.5.0-b42/javax.inject-2.5.0-b42.jar:/home/user/.m2/repository/org/glassfish/jersey/core/jersey-common/2.27/jersey-common-2.27.jar:/home/user/.m2/repository/org/glassfish/hk2/osgi-resource-locator/1.0.1/osgi-resource-locator-1.0.1.jar:/home/user/.m2/repository/javax/ws/rs/javax.ws.rs-api/2.1/javax.ws.rs-api-2.1.jar:/home/user/.m2/repository/org/glassfish/jersey/ext/cdi/jersey-cdi1x/2.27/jersey-cdi1x-2.27.jar:/home/user/.m2/repository/org/glassfish/jersey/inject/jersey-hk2/2.27/jersey-hk2-2.27.jar:/home/user/.m2/repository/org/glassfish/hk2/hk2-locator/2.5.0-b42/hk2-locator-2.5.0-b42.jar:/home/user/.m2/repository/org/javassist/javassist/3.22.0-CR2/javassist-3.22.0-CR2.jar:/home/user/.m2/repository/org/glassfish/hk2/hk2-api/2.5.0/hk2-api-2.5.0.jar:/home/user/.m2/repository/org/glassfish/hk2/external/jakarta.inject/2.5.0/jakarta.inject-2.5.0.jar:/home/user/.m2/repository/org/glassfish/hk2/hk2-utils/2.5.0/hk2-utils-2.5.0.jar:/home/user/.m2/repository/jakarta/annotation/jakarta.annotation-api/1.3.4/jakarta.annotation-api-1.3.4.jar:/home/user/.m2/repository/org/glassfish/hk2/external/aopalliance-repackaged/2.5.0/aopalliance-repackaged-2.5.0.jar:/home/user/.m2/repository/com/fasterxml/jackson/dataformat/jackson-dataformat-xml/2.9.0/jackson-dataformat-xml-2.9.0.jar:/home/user/.m2/repository/com/fasterxml/jackson/core/jackson-core/2.9.9/jackson-core-2.9.9.jar:/home/user/.m2/repository/com/fasterxml/jackson/module/jackson-module-jaxb-annotations/2.9.9/jackson-module-jaxb-annotations-2.9.9.jar:/home/user/.m2/repository/javax/enterprise/cdi-api/1.2/cdi-api-1.2.jar:/home/user/.m2/repository/javax/el/javax.el-api/3.0.0/javax.el-api-3.0.0.jar:/home/user/.m2/repository/javax/interceptor/javax.interceptor-api/1.2/javax.interceptor-api-1.2.jar:/home/user/.m2/repository/javax/inject/javax.inject/1/javax.inject-1.jar:/home/user/.m2/repository/com/sun/xml/bind/jaxb-impl/2.3.0.1/jaxb-impl-2.3.0.1.jar:/home/user/.m2/repository/com/sun/xml/bind/jaxb-core/2.3.0.1/jaxb-core-2.3.0.1.jar:/home/user/.m2/repository/javax/xml/bind/jaxb-api/2.3.0/jaxb-api-2.3.0.jar:/home/user/.m2/repository/javax/activation/activation/1.1.1/activation-1.1.1.jar:/home/user/.m2/repository/org/apache/hadoop/hadoop-ozone-csi/0.5.0-SNAPSHOT/hadoop-ozone-csi-0.5.0-SNAPSHOT.jar:/home/user/.m2/repository/com/google/protobuf/protobuf-java-util/3.5.1/protobuf-java-util-3.5.1.jar:/home/user/.m2/repository/org/apache/hadoop/hadoop-hdds-config/0.5.0-SNAPSHOT/hadoop-hdds-config-0.5.0-SNAPSHOT.jar:/home/user/.m2/repository/io/grpc/grpc-netty/1.17.1/grpc-netty-1.17.1.jar:/home/user/.m2/repository/io/grpc/grpc-core/1.17.1/grpc-core-1.17.1.jar:/home/user/.m2/repository/io/grpc/grpc-context/1.17.1/grpc-context-1.17.1.jar:/home/user/.m2/repository/com/google/errorprone/error_prone_annotations/2.2.0/error_prone_annotations-2.2.0.jar:/home/user/.m2/repository/org/codehaus/mojo/animal-sniffer-annotations/1.17/animal-sniffer-annotations-1.17.jar:/home/user/.m2/repository/io/opencensus/opencensus-api/0.17.0/opencensus-api-0.17.0.jar:/home/user/.m2/repository/io/opencensus/opencensus-contrib-grpc-metrics/0.17.0/opencensus-contrib-grpc-metrics-0.17.0.jar:/home/user/.m2/repository/io/netty/netty-codec-http2/4.1.30.Final/netty-codec-http2-4.1.30.Final.jar:/home/user/.m2/repository/io/netty/netty-codec-http/4.1.30.Final/netty-codec-http-4.1.30.Final.jar:/home/user/.m2/repository/io/netty/netty-codec/4.1.30.Final/netty-codec-4.1.30.Final.jar:/home/user/.m2/repository/io/netty/netty-handler/4.1.30.Final/netty-handler-4.1.30.Final.jar:/home/user/.m2/repository/io/netty/netty-handler-proxy/4.1.30.Final/netty-handler-proxy-4.1.30.Final.jar:/home/user/.m2/repository/io/netty/netty-codec-socks/4.1.30.Final/netty-codec-socks-4.1.30.Final.jar:/home/user/.m2/repository/io/netty/netty-transport-native-epoll/4.1.30.Final/netty-transport-native-epoll-4.1.30.Final.jar:/home/user/.m2/repository/io/netty/netty-common/4.1.30.Final/netty-common-4.1.30.Final.jar:/home/user/.m2/repository/io/netty/netty-buffer/4.1.30.Final/netty-buffer-4.1.30.Final.jar:/home/user/.m2/repository/io/netty/netty-transport/4.1.30.Final/netty-transport-4.1.30.Final.jar:/home/user/.m2/repository/io/netty/netty-resolver/4.1.30.Final/netty-resolver-4.1.30.Final.jar:/home/user/.m2/repository/io/netty/netty-transport-native-unix-common/4.1.30.Final/netty-transport-native-unix-common-4.1.30.Final.jar:/home/user/.m2/repository/io/grpc/grpc-protobuf/1.17.1/grpc-protobuf-1.17.1.jar:/home/user/.m2/repository/com/google/api/grpc/proto-google-common-protos/1.0.0/proto-google-common-protos-1.0.0.jar:/home/user/.m2/repository/io/grpc/grpc-protobuf-lite/1.17.1/grpc-protobuf-lite-1.17.1.jar:/home/user/.m2/repository/io/grpc/grpc-stub/1.17.1/grpc-stub-1.17.1.jar:/home/user/.m2/repository/org/apache/hadoop/hadoop-ozone-recon/0.5.0-SNAPSHOT/hadoop-ozone-recon-0.5.0-SNAPSHOT.jar:/home/user/.m2/repository/org/apache/hadoop/hadoop-ozone-reconcodegen/0.5.0-SNAPSHOT/hadoop-ozone-reconcodegen-0.5.0-SNAPSHOT.jar:/home/user/.m2/repository/com/google/inject/extensions/guice-multibindings/4.0/guice-multibindings-4.0.jar:/home/user/.m2/repository/com/google/inject/guice/4.0/guice-4.0.jar:/home/user/.m2/repository/aopalliance/aopalliance/1.0/aopalliance-1.0.jar:/home/user/.m2/repository/com/google/inject/extensions/guice-servlet/4.0/guice-servlet-4.0.jar:/home/user/.m2/repository/org/glassfish/jersey/containers/jersey-container-servlet/2.27/jersey-container-servlet-2.27.jar:/home/user/.m2/repository/org/glassfish/hk2/guice-bridge/2.5.0/guice-bridge-2.5.0.jar:/home/user/.m2/repository/org/glassfish/jersey/core/jersey-server/2.27/jersey-server-2.27.jar:/home/user/.m2/repository/org/glassfish/jersey/core/jersey-client/2.27/jersey-client-2.27.jar:/home/user/.m2/repository/org/glassfish/jersey/media/jersey-media-jaxb/2.27/jersey-media-jaxb-2.27.jar:/home/user/.m2/repository/javax/validation/validation-api/1.1.0.Final/validation-api-1.1.0.Final.jar:/home/user/.m2/repository/org/glassfish/jersey/media/jersey-media-json-jackson/2.27/jersey-media-json-jackson-2.27.jar:/home/user/.m2/repository/org/glassfish/jersey/ext/jersey-entity-filtering/2.27/jersey-entity-filtering-2.27.jar:/home/user/.m2/repository/com/google/inject/extensions/guice-assistedinject/4.0/guice-assistedinject-4.0.jar:/home/user/.m2/repository/org/jooq/jooq/3.11.10/jooq-3.11.10.jar:/home/user/.m2/repository/org/jooq/jooq-meta/3.11.10/jooq-meta-3.11.10.jar:/home/user/.m2/repository/org/jooq/jooq-codegen/3.11.10/jooq-codegen-3.11.10.jar:/home/user/.m2/repository/com/jolbox/bonecp/0.8.0.RELEASE/bonecp-0.8.0.RELEASE.jar:/home/user/.m2/repository/org/xerial/sqlite-jdbc/3.25.2/sqlite-jdbc-3.25.2.jar:/home/user/.m2/repository/org/springframework/spring-jdbc/5.1.3.RELEASE/spring-jdbc-5.1.3.RELEASE.jar:/home/user/.m2/repository/org/springframework/spring-beans/5.1.3.RELEASE/spring-beans-5.1.3.RELEASE.jar:/home/user/.m2/repository/org/springframework/spring-core/5.1.3.RELEASE/spring-core-5.1.3.RELEASE.jar:/home/user/.m2/repository/org/springframework/spring-jcl/5.1.3.RELEASE/spring-jcl-5.1.3.RELEASE.jar:/home/user/.m2/repository/org/springframework/spring-tx/5.1.3.RELEASE/spring-tx-5.1.3.RELEASE.jar:/home/user/.m2/repository/org/apache/hadoop/hadoop-ozone-client/0.5.0-SNAPSHOT/hadoop-ozone-client-0.5.0-SNAPSHOT.jar:/home/user/.m2/repository/commons-lang/commons-lang/2.6/commons-lang-2.6.jar:/home/user/.m2/repository/org/apache/hadoop/hadoop-ozone-ozone-manager/0.5.0-SNAPSHOT/hadoop-ozone-ozone-manager-0.5.0-SNAPSHOT-tests.jar:/home/user/.m2/repository/junit/junit/4.11/junit-4.11.jar:/home/user/.m2/repository/org/hamcrest/hamcrest-core/1.3/hamcrest-core-1.3.jar:/home/user/.m2/repository/org/openjdk/jmh/jmh-core/1.19/jmh-core-1.19.jar:/home/user/.m2/repository/net/sf/jopt-simple/jopt-simple/4.6/jopt-simple-4.6.jar:/home/user/.m2/repository/org/apache/commons/commons-math3/3.1.1/commons-math3-3.1.1.jar:/home/user/.m2/repository/org/openjdk/jmh/jmh-generator-annprocess/1.19/jmh-generator-annprocess-1.19.jar:/home/user/.m2/repository/org/mockito/mockito-all/1.8.5/mockito-all-1.8.5.jar:/home/user/.m2/repository/org/apache/hadoop/hadoop-kms/3.2.0/hadoop-kms-3.2.0.jar:/home/user/.m2/repository/org/apache/hadoop/hadoop-auth/3.2.0/hadoop-auth-3.2.0.jar:/home/user/.m2/repository/com/nimbusds/nimbus-jose-jwt/4.41.1/nimbus-jose-jwt-4.41.1.jar:/home/user/.m2/repository/com/github/stephenc/jcip/jcip-annotations/1.0-1/jcip-annotations-1.0-1.jar:/home/user/.m2/repository/net/minidev/json-smart/2.3/json-smart-2.3.jar:/home/user/.m2/repository/net/minidev/accessors-smart/1.2/accessors-smart-1.2.jar:/home/user/.m2/repository/org/ow2/asm/asm/5.0.4/asm-5.0.4.jar:/home/user/.m2/repository/org/apache/curator/curator-framework/2.12.0/curator-framework-2.12.0.jar:/home/user/.m2/repository/com/sun/jersey/jersey-core/1.19/jersey-core-1.19.jar:/home/user/.m2/repository/javax/ws/rs/jsr311-api/1.1.1/jsr311-api-1.1.1.jar:/home/user/.m2/repository/com/sun/jersey/jersey-server/1.19/jersey-server-1.19.jar:/home/user/.m2/repository/javax/servlet/javax.servlet-api/3.1.0/javax.servlet-api-3.1.0.jar:/home/user/.m2/repository/org/eclipse/jetty/jetty-server/9.3.25.v20180904/jetty-server-9.3.25.v20180904.jar:/home/user/.m2/repository/org/eclipse/jetty/jetty-http/9.3.25.v20180904/jetty-http-9.3.25.v20180904.jar:/home/user/.m2/repository/org/eclipse/jetty/jetty-io/9.3.25.v20180904/jetty-io-9.3.25.v20180904.jar:/home/user/.m2/repository/org/eclipse/jetty/jetty-webapp/9.3.25.v20180904/jetty-webapp-9.3.25.v20180904.jar:/home/user/.m2/repository/org/eclipse/jetty/jetty-xml/9.3.25.v20180904/jetty-xml-9.3.25.v20180904.jar:/home/user/.m2/repository/log4j/log4j/1.2.17/log4j-1.2.17.jar:/home/user/.m2/repository/org/slf4j/slf4j-api/1.7.25/slf4j-api-1.7.25.jar:/home/user/.m2/repository/org/slf4j/jul-to-slf4j/1.7.25/jul-to-slf4j-1.7.25.jar:/home/user/.m2/repository/org/eclipse/jetty/jetty-util/9.3.25.v20180904/jetty-util-9.3.25.v20180904.jar:/home/user/.m2/repository/com/fasterxml/jackson/core/jackson-databind/2.9.9/jackson-databind-2.9.9.jar:/home/user/.m2/repository/org/apache/hadoop/hadoop-kms/3.2.0/hadoop-kms-3.2.0-tests.jar:/home/user/.m2/repository/org/apache/hadoop/hadoop-hdds-server-scm/0.5.0-SNAPSHOT/hadoop-hdds-server-scm-0.5.0-SNAPSHOT-tests.jar:/home/user/.m2/repository/org/apache/hadoop/hadoop-hdds-container-service/0.5.0-SNAPSHOT/hadoop-hdds-container-service-0.5.0-SNAPSHOT-tests.jar:/home/user/.m2/repository/org/yaml/snakeyaml/1.16/snakeyaml-1.16.jar:/home/user/.m2/repository/org/apache/hadoop/hadoop-common/3.2.0/hadoop-common-3.2.0-tests.jar:/home/user/.m2/repository/org/apache/hadoop/hadoop-annotations/3.2.0/hadoop-annotations-3.2.0.jar:/usr/lib/jvm/java-1.8.0-openjdk-1.8.0.222.b10-1.el7_7.x86_64/jre/../lib/tools.jar:/home/user/.m2/repository/commons-cli/commons-cli/1.2/commons-cli-1.2.jar:/home/user/.m2/repository/org/apache/httpcomponents/httpclient/4.5.2/httpclient-4.5.2.jar:/home/user/.m2/repository/org/apache/httpcomponents/httpcore/4.4.4/httpcore-4.4.4.jar:/home/user/.m2/repository/commons-codec/commons-codec/1.11/commons-codec-1.11.jar:/home/user/.m2/repository/commons-net/commons-net/3.6/commons-net-3.6.jar:/home/user/.m2/repository/commons-collections/commons-collections/3.2.2/commons-collections-3.2.2.jar:/home/user/.m2/repository/org/eclipse/jetty/jetty-servlet/9.3.25.v20180904/jetty-servlet-9.3.25.v20180904.jar:/home/user/.m2/repository/org/eclipse/jetty/jetty-security/9.3.25.v20180904/jetty-security-9.3.25.v20180904.jar:/home/user/.m2/repository/javax/servlet/jsp/jsp-api/2.1/jsp-api-2.1.jar:/home/user/.m2/repository/com/sun/jersey/jersey-servlet/1.19/jersey-servlet-1.19.jar:/home/user/.m2/repository/com/sun/jersey/jersey-json/1.19/jersey-json-1.19.jar:/home/user/.m2/repository/org/codehaus/jettison/jettison/1.1/jettison-1.1.jar:/home/user/.m2/repository/org/codehaus/jackson/jackson-core-asl/1.9.13/jackson-core-asl-1.9.13.jar:/home/user/.m2/repository/org/codehaus/jackson/jackson-mapper-asl/1.9.13/jackson-mapper-asl-1.9.13.jar:/home/user/.m2/repository/org/codehaus/jackson/jackson-jaxrs/1.9.13/jackson-jaxrs-1.9.13.jar:/home/user/.m2/repository/org/codehaus/jackson/jackson-xc/1.9.13/jackson-xc-1.9.13.jar:/home/user/.m2/repository/commons-logging/commons-logging/1.1.3/commons-logging-1.1.3.jar:/home/user/.m2/repository/commons-beanutils/commons-beanutils/1.9.4/commons-beanutils-1.9.4.jar:/home/user/.m2/repository/org/apache/commons/commons-configuration2/2.1.1/commons-configuration2-2.1.1.jar:/home/user/.m2/repository/org/apache/commons/commons-lang3/3.7/commons-lang3-3.7.jar:/home/user/.m2/repository/org/apache/commons/commons-text/1.4/commons-text-1.4.jar:/home/user/.m2/repository/org/apache/avro/avro/1.7.7/avro-1.7.7.jar:/home/user/.m2/repository/com/thoughtworks/paranamer/paranamer/2.3/paranamer-2.3.jar:/home/user/.m2/repository/org/xerial/snappy/snappy-java/1.0.5/snappy-java-1.0.5.jar:/home/user/.m2/repository/com/google/re2j/re2j/1.1/re2j-1.1.jar:/home/user/.m2/repository/com/google/code/gson/gson/2.2.4/gson-2.2.4.jar:/home/user/.m2/repository/com/jcraft/jsch/0.1.54/jsch-0.1.54.jar:/home/user/.m2/repository/org/apache/curator/curator-client/2.12.0/curator-client-2.12.0.jar:/home/user/.m2/repository/org/apache/curator/curator-recipes/2.12.0/curator-recipes-2.12.0.jar:/home/user/.m2/repository/com/google/code/findbugs/jsr305/3.0.0/jsr305-3.0.0.jar:/home/user/.m2/repository/org/apache/htrace/htrace-core4/4.1.0-incubating/htrace-core4-4.1.0-incubating.jar:/home/user/.m2/repository/org/apache/zookeeper/zookeeper/3.4.13/zookeeper-3.4.13.jar:/home/user/.m2/repository/jline/jline/0.9.94/jline-0.9.94.jar:/home/user/.m2/repository/org/apache/yetus/audience-annotations/0.5.0/audience-annotations-0.5.0.jar:/home/user/.m2/repository/org/codehaus/woodstox/stax2-api/3.1.4/stax2-api-3.1.4.jar:/home/user/.m2/repository/com/fasterxml/woodstox/woodstox-core/5.0.3/woodstox-core-5.0.3.jar:/home/user/.m2/repository/dnsjava/dnsjava/2.1.7/dnsjava-2.1.7.jar:/home/user/.m2/repository/org/apache/hadoop/hadoop-hdfs/3.2.0/hadoop-hdfs-3.2.0-tests.jar:/home/user/.m2/repository/org/eclipse/jetty/jetty-util-ajax/9.3.25.v20180904/jetty-util-ajax-9.3.25.v20180904.jar:/home/user/.m2/repository/commons-daemon/commons-daemon/1.0.13/commons-daemon-1.0.13.jar:/home/user/.m2/repository/io/netty/netty/3.10.5.Final/netty-3.10.5.Final.jar:/home/user/.m2/repository/io/netty/netty-all/4.0.52.Final/netty-all-4.0.52.Final.jar:/home/user/.m2/repository/org/fusesource/leveldbjni/leveldbjni-all/1.8/leveldbjni-all-1.8.jar:"/>
    <property name="java.vm.vendor" value="Oracle Corporation"/>
    <property name="sun.arch.data.model" value="64"/>
    <property name="test.build.dir" value="/workdir/hadoop-ozone/integration-test/target/test-dir"/>
    <property name="test.cache.data" value=""/>
    <property name="java.vendor.url" value="http://java.oracle.com/"/>
    <property name="user.timezone" value=""/>
    <property name="java.vm.specification.version" value="1.8"/>
    <property name="os.name" value="Linux"/>
    <property name="test.build.data" value="/workdir/hadoop-ozone/integration-test/target/test-dir"/>
    <property name="user.country" value="US"/>
    <property name="sun.java.launcher" value="SUN_STANDARD"/>
    <property name="sun.boot.library.path" value="/usr/lib/jvm/java-1.8.0-openjdk-1.8.0.222.b10-1.el7_7.x86_64/jre/lib/amd64"/>
    <property name="sun.java.command" value="/workdir/hadoop-ozone/integration-test/target/surefire/surefirebooter7830804939635059572.jar /workdir/hadoop-ozone/integration-test/target/surefire 2019-10-16T05-16-23_122-jvmRun1 surefire5977795904412950600tmp surefire_333529123741757031436tmp"/>
    <property name="surefire.test.class.path" value="/workdir/hadoop-ozone/integration-test/target/test-classes:/workdir/hadoop-ozone/integration-test/target/classes:/home/user/.m2/repository/org/apache/hadoop/hadoop-ozone-common/0.5.0-SNAPSHOT/hadoop-ozone-common-0.5.0-SNAPSHOT.jar:/home/user/.m2/repository/org/apache/commons/commons-compress/1.4.1/commons-compress-1.4.1.jar:/home/user/.m2/repository/org/tukaani/xz/1.0/xz-1.0.jar:/home/user/.m2/repository/org/apache/hadoop/hadoop-common/3.2.0/hadoop-common-3.2.0.jar:/home/user/.m2/repository/org/apache/hadoop/hadoop-hdfs/3.2.0/hadoop-hdfs-3.2.0.jar:/home/user/.m2/repository/org/apache/hadoop/hadoop-hdfs-client/3.2.0/hadoop-hdfs-client-3.2.0.jar:/home/user/.m2/repository/com/fasterxml/jackson/core/jackson-annotations/2.9.9/jackson-annotations-2.9.9.jar:/home/user/.m2/repository/org/apache/hadoop/hadoop-hdds-common/0.5.0-SNAPSHOT/hadoop-hdds-common-0.5.0-SNAPSHOT.jar:/home/user/.m2/repository/javax/annotation/javax.annotation-api/1.2/javax.annotation-api-1.2.jar:/home/user/.m2/repository/org/apache/ratis/ratis-server/0.5.0-3f446aa-SNAPSHOT/ratis-server-0.5.0-3f446aa-SNAPSHOT.jar:/home/user/.m2/repository/org/apache/ratis/ratis-thirdparty-misc/0.2.0/ratis-thirdparty-misc-0.2.0.jar:/home/user/.m2/repository/org/apache/ratis/ratis-proto/0.5.0-3f446aa-SNAPSHOT/ratis-proto-0.5.0-3f446aa-SNAPSHOT.jar:/home/user/.m2/repository/org/apache/ratis/ratis-common/0.5.0-3f446aa-SNAPSHOT/ratis-common-0.5.0-3f446aa-SNAPSHOT.jar:/home/user/.m2/repository/org/apache/ratis/ratis-client/0.5.0-3f446aa-SNAPSHOT/ratis-client-0.5.0-3f446aa-SNAPSHOT.jar:/home/user/.m2/repository/org/apache/ratis/ratis-metrics/0.5.0-3f446aa-SNAPSHOT/ratis-metrics-0.5.0-3f446aa-SNAPSHOT.jar:/home/user/.m2/repository/com/github/joshelser/dropwizard-metrics-hadoop-metrics2-reporter/0.1.2/dropwizard-metrics-hadoop-metrics2-reporter-0.1.2.jar:/home/user/.m2/repository/io/dropwizard/metrics/metrics-jvm/3.2.5/metrics-jvm-3.2.5.jar:/home/user/.m2/repository/io/dropwizard/metrics/metrics-ganglia/3.2.5/metrics-ganglia-3.2.5.jar:/home/user/.m2/repository/info/ganglia/gmetric4j/gmetric4j/1.0.7/gmetric4j-1.0.7.jar:/home/user/.m2/repository/org/apache/ratis/ratis-netty/0.5.0-3f446aa-SNAPSHOT/ratis-netty-0.5.0-3f446aa-SNAPSHOT.jar:/home/user/.m2/repository/org/apache/ratis/ratis-grpc/0.5.0-3f446aa-SNAPSHOT/ratis-grpc-0.5.0-3f446aa-SNAPSHOT.jar:/home/user/.m2/repository/org/rocksdb/rocksdbjni/6.0.1/rocksdbjni-6.0.1.jar:/home/user/.m2/repository/org/apache/logging/log4j/log4j-api/2.11.0/log4j-api-2.11.0.jar:/home/user/.m2/repository/org/apache/logging/log4j/log4j-core/2.11.0/log4j-core-2.11.0.jar:/home/user/.m2/repository/com/lmax/disruptor/3.4.2/disruptor-3.4.2.jar:/home/user/.m2/repository/org/apache/commons/commons-pool2/2.6.0/commons-pool2-2.6.0.jar:/home/user/.m2/repository/org/bouncycastle/bcpkix-jdk15on/1.60/bcpkix-jdk15on-1.60.jar:/home/user/.m2/repository/commons-validator/commons-validator/1.6/commons-validator-1.6.jar:/home/user/.m2/repository/commons-digester/commons-digester/1.8.1/commons-digester-1.8.1.jar:/home/user/.m2/repository/io/jaegertracing/jaeger-client/0.34.0/jaeger-client-0.34.0.jar:/home/user/.m2/repository/io/jaegertracing/jaeger-thrift/0.34.0/jaeger-thrift-0.34.0.jar:/home/user/.m2/repository/org/apache/thrift/libthrift/0.12.0/libthrift-0.12.0.jar:/home/user/.m2/repository/com/squareup/okhttp3/okhttp/3.9.0/okhttp-3.9.0.jar:/home/user/.m2/repository/com/squareup/okio/okio/1.13.0/okio-1.13.0.jar:/home/user/.m2/repository/io/jaegertracing/jaeger-core/0.34.0/jaeger-core-0.34.0.jar:/home/user/.m2/repository/io/jaegertracing/jaeger-tracerresolver/0.34.0/jaeger-tracerresolver-0.34.0.jar:/home/user/.m2/repository/io/opentracing/contrib/opentracing-tracerresolver/0.1.5/opentracing-tracerresolver-0.1.5.jar:/home/user/.m2/repository/io/opentracing/opentracing-util/0.31.0/opentracing-util-0.31.0.jar:/home/user/.m2/repository/io/opentracing/opentracing-api/0.31.0/opentracing-api-0.31.0.jar:/home/user/.m2/repository/io/opentracing/opentracing-noop/0.31.0/opentracing-noop-0.31.0.jar:/home/user/.m2/repository/org/apache/hadoop/hadoop-hdds-server-framework/0.5.0-SNAPSHOT/hadoop-hdds-server-framework-0.5.0-SNAPSHOT.jar:/home/user/.m2/repository/org/apache/hadoop/hadoop-hdds-container-service/0.5.0-SNAPSHOT/hadoop-hdds-container-service-0.5.0-SNAPSHOT.jar:/home/user/.m2/repository/org/apache/hadoop/hadoop-hdds-client/0.5.0-SNAPSHOT/hadoop-hdds-client-0.5.0-SNAPSHOT.jar:/home/user/.m2/repository/org/apache/hadoop/hadoop-hdds-tools/0.5.0-SNAPSHOT/hadoop-hdds-tools-0.5.0-SNAPSHOT.jar:/home/user/.m2/repository/org/apache/hadoop/hadoop-hdds-server-scm/0.5.0-SNAPSHOT/hadoop-hdds-server-scm-0.5.0-SNAPSHOT.jar:/home/user/.m2/repository/org/apache/hadoop/hadoop-hdds-docs/0.5.0-SNAPSHOT/hadoop-hdds-docs-0.5.0-SNAPSHOT.jar:/home/user/.m2/repository/io/dropwizard/metrics/metrics-core/3.2.4/metrics-core-3.2.4.jar:/home/user/.m2/repository/org/hamcrest/hamcrest-all/1.3/hamcrest-all-1.3.jar:/home/user/.m2/repository/org/bouncycastle/bcprov-jdk15on/1.60/bcprov-jdk15on-1.60.jar:/home/user/.m2/repository/info/picocli/picocli/3.9.6/picocli-3.9.6.jar:/home/user/.m2/repository/com/google/protobuf/protobuf-java/2.5.0/protobuf-java-2.5.0.jar:/home/user/.m2/repository/com/google/guava/guava/11.0.2/guava-11.0.2.jar:/home/user/.m2/repository/org/apache/hadoop/hadoop-ozone-ozone-manager/0.5.0-SNAPSHOT/hadoop-ozone-ozone-manager-0.5.0-SNAPSHOT.jar:/home/user/.m2/repository/org/apache/hadoop/hadoop-minikdc/3.2.0/hadoop-minikdc-3.2.0.jar:/home/user/.m2/repository/commons-io/commons-io/2.5/commons-io-2.5.jar:/home/user/.m2/repository/org/apache/kerby/kerb-simplekdc/1.0.1/kerb-simplekdc-1.0.1.jar:/home/user/.m2/repository/org/apache/kerby/kerb-client/1.0.1/kerb-client-1.0.1.jar:/home/user/.m2/repository/org/apache/kerby/kerby-config/1.0.1/kerby-config-1.0.1.jar:/home/user/.m2/repository/org/apache/kerby/kerb-core/1.0.1/kerb-core-1.0.1.jar:/home/user/.m2/repository/org/apache/kerby/kerby-pkix/1.0.1/kerby-pkix-1.0.1.jar:/home/user/.m2/repository/org/apache/kerby/kerby-asn1/1.0.1/kerby-asn1-1.0.1.jar:/home/user/.m2/repository/org/apache/kerby/kerby-util/1.0.1/kerby-util-1.0.1.jar:/home/user/.m2/repository/org/apache/kerby/kerb-common/1.0.1/kerb-common-1.0.1.jar:/home/user/.m2/repository/org/apache/kerby/kerb-crypto/1.0.1/kerb-crypto-1.0.1.jar:/home/user/.m2/repository/org/apache/kerby/kerb-util/1.0.1/kerb-util-1.0.1.jar:/home/user/.m2/repository/org/apache/kerby/token-provider/1.0.1/token-provider-1.0.1.jar:/home/user/.m2/repository/org/apache/kerby/kerb-admin/1.0.1/kerb-admin-1.0.1.jar:/home/user/.m2/repository/org/apache/kerby/kerb-server/1.0.1/kerb-server-1.0.1.jar:/home/user/.m2/repository/org/apache/kerby/kerb-identity/1.0.1/kerb-identity-1.0.1.jar:/home/user/.m2/repository/org/apache/kerby/kerby-xdr/1.0.1/kerby-xdr-1.0.1.jar:/home/user/.m2/repository/org/slf4j/slf4j-log4j12/1.7.25/slf4j-log4j12-1.7.25.jar:/home/user/.m2/repository/org/apache/hadoop/hadoop-ozone-s3gateway/0.5.0-SNAPSHOT/hadoop-ozone-s3gateway-0.5.0-SNAPSHOT.jar:/home/user/.m2/repository/org/jboss/weld/servlet/weld-servlet/2.4.7.Final/weld-servlet-2.4.7.Final.jar:/home/user/.m2/repository/org/glassfish/jersey/containers/jersey-container-servlet-core/2.27/jersey-container-servlet-core-2.27.jar:/home/user/.m2/repository/org/glassfish/hk2/external/javax.inject/2.5.0-b42/javax.inject-2.5.0-b42.jar:/home/user/.m2/repository/org/glassfish/jersey/core/jersey-common/2.27/jersey-common-2.27.jar:/home/user/.m2/repository/org/glassfish/hk2/osgi-resource-locator/1.0.1/osgi-resource-locator-1.0.1.jar:/home/user/.m2/repository/javax/ws/rs/javax.ws.rs-api/2.1/javax.ws.rs-api-2.1.jar:/home/user/.m2/repository/org/glassfish/jersey/ext/cdi/jersey-cdi1x/2.27/jersey-cdi1x-2.27.jar:/home/user/.m2/repository/org/glassfish/jersey/inject/jersey-hk2/2.27/jersey-hk2-2.27.jar:/home/user/.m2/repository/org/glassfish/hk2/hk2-locator/2.5.0-b42/hk2-locator-2.5.0-b42.jar:/home/user/.m2/repository/org/javassist/javassist/3.22.0-CR2/javassist-3.22.0-CR2.jar:/home/user/.m2/repository/org/glassfish/hk2/hk2-api/2.5.0/hk2-api-2.5.0.jar:/home/user/.m2/repository/org/glassfish/hk2/external/jakarta.inject/2.5.0/jakarta.inject-2.5.0.jar:/home/user/.m2/repository/org/glassfish/hk2/hk2-utils/2.5.0/hk2-utils-2.5.0.jar:/home/user/.m2/repository/jakarta/annotation/jakarta.annotation-api/1.3.4/jakarta.annotation-api-1.3.4.jar:/home/user/.m2/repository/org/glassfish/hk2/external/aopalliance-repackaged/2.5.0/aopalliance-repackaged-2.5.0.jar:/home/user/.m2/repository/com/fasterxml/jackson/dataformat/jackson-dataformat-xml/2.9.0/jackson-dataformat-xml-2.9.0.jar:/home/user/.m2/repository/com/fasterxml/jackson/core/jackson-core/2.9.9/jackson-core-2.9.9.jar:/home/user/.m2/repository/com/fasterxml/jackson/module/jackson-module-jaxb-annotations/2.9.9/jackson-module-jaxb-annotations-2.9.9.jar:/home/user/.m2/repository/javax/enterprise/cdi-api/1.2/cdi-api-1.2.jar:/home/user/.m2/repository/javax/el/javax.el-api/3.0.0/javax.el-api-3.0.0.jar:/home/user/.m2/repository/javax/interceptor/javax.interceptor-api/1.2/javax.interceptor-api-1.2.jar:/home/user/.m2/repository/javax/inject/javax.inject/1/javax.inject-1.jar:/home/user/.m2/repository/com/sun/xml/bind/jaxb-impl/2.3.0.1/jaxb-impl-2.3.0.1.jar:/home/user/.m2/repository/com/sun/xml/bind/jaxb-core/2.3.0.1/jaxb-core-2.3.0.1.jar:/home/user/.m2/repository/javax/xml/bind/jaxb-api/2.3.0/jaxb-api-2.3.0.jar:/home/user/.m2/repository/javax/activation/activation/1.1.1/activation-1.1.1.jar:/home/user/.m2/repository/org/apache/hadoop/hadoop-ozone-csi/0.5.0-SNAPSHOT/hadoop-ozone-csi-0.5.0-SNAPSHOT.jar:/home/user/.m2/repository/com/google/protobuf/protobuf-java-util/3.5.1/protobuf-java-util-3.5.1.jar:/home/user/.m2/repository/org/apache/hadoop/hadoop-hdds-config/0.5.0-SNAPSHOT/hadoop-hdds-config-0.5.0-SNAPSHOT.jar:/home/user/.m2/repository/io/grpc/grpc-netty/1.17.1/grpc-netty-1.17.1.jar:/home/user/.m2/repository/io/grpc/grpc-core/1.17.1/grpc-core-1.17.1.jar:/home/user/.m2/repository/io/grpc/grpc-context/1.17.1/grpc-context-1.17.1.jar:/home/user/.m2/repository/com/google/errorprone/error_prone_annotations/2.2.0/error_prone_annotations-2.2.0.jar:/home/user/.m2/repository/org/codehaus/mojo/animal-sniffer-annotations/1.17/animal-sniffer-annotations-1.17.jar:/home/user/.m2/repository/io/opencensus/opencensus-api/0.17.0/opencensus-api-0.17.0.jar:/home/user/.m2/repository/io/opencensus/opencensus-contrib-grpc-metrics/0.17.0/opencensus-contrib-grpc-metrics-0.17.0.jar:/home/user/.m2/repository/io/netty/netty-codec-http2/4.1.30.Final/netty-codec-http2-4.1.30.Final.jar:/home/user/.m2/repository/io/netty/netty-codec-http/4.1.30.Final/netty-codec-http-4.1.30.Final.jar:/home/user/.m2/repository/io/netty/netty-codec/4.1.30.Final/netty-codec-4.1.30.Final.jar:/home/user/.m2/repository/io/netty/netty-handler/4.1.30.Final/netty-handler-4.1.30.Final.jar:/home/user/.m2/repository/io/netty/netty-handler-proxy/4.1.30.Final/netty-handler-proxy-4.1.30.Final.jar:/home/user/.m2/repository/io/netty/netty-codec-socks/4.1.30.Final/netty-codec-socks-4.1.30.Final.jar:/home/user/.m2/repository/io/netty/netty-transport-native-epoll/4.1.30.Final/netty-transport-native-epoll-4.1.30.Final.jar:/home/user/.m2/repository/io/netty/netty-common/4.1.30.Final/netty-common-4.1.30.Final.jar:/home/user/.m2/repository/io/netty/netty-buffer/4.1.30.Final/netty-buffer-4.1.30.Final.jar:/home/user/.m2/repository/io/netty/netty-transport/4.1.30.Final/netty-transport-4.1.30.Final.jar:/home/user/.m2/repository/io/netty/netty-resolver/4.1.30.Final/netty-resolver-4.1.30.Final.jar:/home/user/.m2/repository/io/netty/netty-transport-native-unix-common/4.1.30.Final/netty-transport-native-unix-common-4.1.30.Final.jar:/home/user/.m2/repository/io/grpc/grpc-protobuf/1.17.1/grpc-protobuf-1.17.1.jar:/home/user/.m2/repository/com/google/api/grpc/proto-google-common-protos/1.0.0/proto-google-common-protos-1.0.0.jar:/home/user/.m2/repository/io/grpc/grpc-protobuf-lite/1.17.1/grpc-protobuf-lite-1.17.1.jar:/home/user/.m2/repository/io/grpc/grpc-stub/1.17.1/grpc-stub-1.17.1.jar:/home/user/.m2/repository/org/apache/hadoop/hadoop-ozone-recon/0.5.0-SNAPSHOT/hadoop-ozone-recon-0.5.0-SNAPSHOT.jar:/home/user/.m2/repository/org/apache/hadoop/hadoop-ozone-reconcodegen/0.5.0-SNAPSHOT/hadoop-ozone-reconcodegen-0.5.0-SNAPSHOT.jar:/home/user/.m2/repository/com/google/inject/extensions/guice-multibindings/4.0/guice-multibindings-4.0.jar:/home/user/.m2/repository/com/google/inject/guice/4.0/guice-4.0.jar:/home/user/.m2/repository/aopalliance/aopalliance/1.0/aopalliance-1.0.jar:/home/user/.m2/repository/com/google/inject/extensions/guice-servlet/4.0/guice-servlet-4.0.jar:/home/user/.m2/repository/org/glassfish/jersey/containers/jersey-container-servlet/2.27/jersey-container-servlet-2.27.jar:/home/user/.m2/repository/org/glassfish/hk2/guice-bridge/2.5.0/guice-bridge-2.5.0.jar:/home/user/.m2/repository/org/glassfish/jersey/core/jersey-server/2.27/jersey-server-2.27.jar:/home/user/.m2/repository/org/glassfish/jersey/core/jersey-client/2.27/jersey-client-2.27.jar:/home/user/.m2/repository/org/glassfish/jersey/media/jersey-media-jaxb/2.27/jersey-media-jaxb-2.27.jar:/home/user/.m2/repository/javax/validation/validation-api/1.1.0.Final/validation-api-1.1.0.Final.jar:/home/user/.m2/repository/org/glassfish/jersey/media/jersey-media-json-jackson/2.27/jersey-media-json-jackson-2.27.jar:/home/user/.m2/repository/org/glassfish/jersey/ext/jersey-entity-filtering/2.27/jersey-entity-filtering-2.27.jar:/home/user/.m2/repository/com/google/inject/extensions/guice-assistedinject/4.0/guice-assistedinject-4.0.jar:/home/user/.m2/repository/org/jooq/jooq/3.11.10/jooq-3.11.10.jar:/home/user/.m2/repository/org/jooq/jooq-meta/3.11.10/jooq-meta-3.11.10.jar:/home/user/.m2/repository/org/jooq/jooq-codegen/3.11.10/jooq-codegen-3.11.10.jar:/home/user/.m2/repository/com/jolbox/bonecp/0.8.0.RELEASE/bonecp-0.8.0.RELEASE.jar:/home/user/.m2/repository/org/xerial/sqlite-jdbc/3.25.2/sqlite-jdbc-3.25.2.jar:/home/user/.m2/repository/org/springframework/spring-jdbc/5.1.3.RELEASE/spring-jdbc-5.1.3.RELEASE.jar:/home/user/.m2/repository/org/springframework/spring-beans/5.1.3.RELEASE/spring-beans-5.1.3.RELEASE.jar:/home/user/.m2/repository/org/springframework/spring-core/5.1.3.RELEASE/spring-core-5.1.3.RELEASE.jar:/home/user/.m2/repository/org/springframework/spring-jcl/5.1.3.RELEASE/spring-jcl-5.1.3.RELEASE.jar:/home/user/.m2/repository/org/springframework/spring-tx/5.1.3.RELEASE/spring-tx-5.1.3.RELEASE.jar:/home/user/.m2/repository/org/apache/hadoop/hadoop-ozone-client/0.5.0-SNAPSHOT/hadoop-ozone-client-0.5.0-SNAPSHOT.jar:/home/user/.m2/repository/commons-lang/commons-lang/2.6/commons-lang-2.6.jar:/home/user/.m2/repository/org/apache/hadoop/hadoop-ozone-ozone-manager/0.5.0-SNAPSHOT/hadoop-ozone-ozone-manager-0.5.0-SNAPSHOT-tests.jar:/home/user/.m2/repository/junit/junit/4.11/junit-4.11.jar:/home/user/.m2/repository/org/hamcrest/hamcrest-core/1.3/hamcrest-core-1.3.jar:/home/user/.m2/repository/org/openjdk/jmh/jmh-core/1.19/jmh-core-1.19.jar:/home/user/.m2/repository/net/sf/jopt-simple/jopt-simple/4.6/jopt-simple-4.6.jar:/home/user/.m2/repository/org/apache/commons/commons-math3/3.1.1/commons-math3-3.1.1.jar:/home/user/.m2/repository/org/openjdk/jmh/jmh-generator-annprocess/1.19/jmh-generator-annprocess-1.19.jar:/home/user/.m2/repository/org/mockito/mockito-all/1.8.5/mockito-all-1.8.5.jar:/home/user/.m2/repository/org/apache/hadoop/hadoop-kms/3.2.0/hadoop-kms-3.2.0.jar:/home/user/.m2/repository/org/apache/hadoop/hadoop-auth/3.2.0/hadoop-auth-3.2.0.jar:/home/user/.m2/repository/com/nimbusds/nimbus-jose-jwt/4.41.1/nimbus-jose-jwt-4.41.1.jar:/home/user/.m2/repository/com/github/stephenc/jcip/jcip-annotations/1.0-1/jcip-annotations-1.0-1.jar:/home/user/.m2/repository/net/minidev/json-smart/2.3/json-smart-2.3.jar:/home/user/.m2/repository/net/minidev/accessors-smart/1.2/accessors-smart-1.2.jar:/home/user/.m2/repository/org/ow2/asm/asm/5.0.4/asm-5.0.4.jar:/home/user/.m2/repository/org/apache/curator/curator-framework/2.12.0/curator-framework-2.12.0.jar:/home/user/.m2/repository/com/sun/jersey/jersey-core/1.19/jersey-core-1.19.jar:/home/user/.m2/repository/javax/ws/rs/jsr311-api/1.1.1/jsr311-api-1.1.1.jar:/home/user/.m2/repository/com/sun/jersey/jersey-server/1.19/jersey-server-1.19.jar:/home/user/.m2/repository/javax/servlet/javax.servlet-api/3.1.0/javax.servlet-api-3.1.0.jar:/home/user/.m2/repository/org/eclipse/jetty/jetty-server/9.3.25.v20180904/jetty-server-9.3.25.v20180904.jar:/home/user/.m2/repository/org/eclipse/jetty/jetty-http/9.3.25.v20180904/jetty-http-9.3.25.v20180904.jar:/home/user/.m2/repository/org/eclipse/jetty/jetty-io/9.3.25.v20180904/jetty-io-9.3.25.v20180904.jar:/home/user/.m2/repository/org/eclipse/jetty/jetty-webapp/9.3.25.v20180904/jetty-webapp-9.3.25.v20180904.jar:/home/user/.m2/repository/org/eclipse/jetty/jetty-xml/9.3.25.v20180904/jetty-xml-9.3.25.v20180904.jar:/home/user/.m2/repository/log4j/log4j/1.2.17/log4j-1.2.17.jar:/home/user/.m2/repository/org/slf4j/slf4j-api/1.7.25/slf4j-api-1.7.25.jar:/home/user/.m2/repository/org/slf4j/jul-to-slf4j/1.7.25/jul-to-slf4j-1.7.25.jar:/home/user/.m2/repository/org/eclipse/jetty/jetty-util/9.3.25.v20180904/jetty-util-9.3.25.v20180904.jar:/home/user/.m2/repository/com/fasterxml/jackson/core/jackson-databind/2.9.9/jackson-databind-2.9.9.jar:/home/user/.m2/repository/org/apache/hadoop/hadoop-kms/3.2.0/hadoop-kms-3.2.0-tests.jar:/home/user/.m2/repository/org/apache/hadoop/hadoop-hdds-server-scm/0.5.0-SNAPSHOT/hadoop-hdds-server-scm-0.5.0-SNAPSHOT-tests.jar:/home/user/.m2/repository/org/apache/hadoop/hadoop-hdds-container-service/0.5.0-SNAPSHOT/hadoop-hdds-container-service-0.5.0-SNAPSHOT-tests.jar:/home/user/.m2/repository/org/yaml/snakeyaml/1.16/snakeyaml-1.16.jar:/home/user/.m2/repository/org/apache/hadoop/hadoop-common/3.2.0/hadoop-common-3.2.0-tests.jar:/home/user/.m2/repository/org/apache/hadoop/hadoop-annotations/3.2.0/hadoop-annotations-3.2.0.jar:/usr/lib/jvm/java-1.8.0-openjdk-1.8.0.222.b10-1.el7_7.x86_64/jre/../lib/tools.jar:/home/user/.m2/repository/commons-cli/commons-cli/1.2/commons-cli-1.2.jar:/home/user/.m2/repository/org/apache/httpcomponents/httpclient/4.5.2/httpclient-4.5.2.jar:/home/user/.m2/repository/org/apache/httpcomponents/httpcore/4.4.4/httpcore-4.4.4.jar:/home/user/.m2/repository/commons-codec/commons-codec/1.11/commons-codec-1.11.jar:/home/user/.m2/repository/commons-net/commons-net/3.6/commons-net-3.6.jar:/home/user/.m2/repository/commons-collections/commons-collections/3.2.2/commons-collections-3.2.2.jar:/home/user/.m2/repository/org/eclipse/jetty/jetty-servlet/9.3.25.v20180904/jetty-servlet-9.3.25.v20180904.jar:/home/user/.m2/repository/org/eclipse/jetty/jetty-security/9.3.25.v20180904/jetty-security-9.3.25.v20180904.jar:/home/user/.m2/repository/javax/servlet/jsp/jsp-api/2.1/jsp-api-2.1.jar:/home/user/.m2/repository/com/sun/jersey/jersey-servlet/1.19/jersey-servlet-1.19.jar:/home/user/.m2/repository/com/sun/jersey/jersey-json/1.19/jersey-json-1.19.jar:/home/user/.m2/repository/org/codehaus/jettison/jettison/1.1/jettison-1.1.jar:/home/user/.m2/repository/org/codehaus/jackson/jackson-core-asl/1.9.13/jackson-core-asl-1.9.13.jar:/home/user/.m2/repository/org/codehaus/jackson/jackson-mapper-asl/1.9.13/jackson-mapper-asl-1.9.13.jar:/home/user/.m2/repository/org/codehaus/jackson/jackson-jaxrs/1.9.13/jackson-jaxrs-1.9.13.jar:/home/user/.m2/repository/org/codehaus/jackson/jackson-xc/1.9.13/jackson-xc-1.9.13.jar:/home/user/.m2/repository/commons-logging/commons-logging/1.1.3/commons-logging-1.1.3.jar:/home/user/.m2/repository/commons-beanutils/commons-beanutils/1.9.4/commons-beanutils-1.9.4.jar:/home/user/.m2/repository/org/apache/commons/commons-configuration2/2.1.1/commons-configuration2-2.1.1.jar:/home/user/.m2/repository/org/apache/commons/commons-lang3/3.7/commons-lang3-3.7.jar:/home/user/.m2/repository/org/apache/commons/commons-text/1.4/commons-text-1.4.jar:/home/user/.m2/repository/org/apache/avro/avro/1.7.7/avro-1.7.7.jar:/home/user/.m2/repository/com/thoughtworks/paranamer/paranamer/2.3/paranamer-2.3.jar:/home/user/.m2/repository/org/xerial/snappy/snappy-java/1.0.5/snappy-java-1.0.5.jar:/home/user/.m2/repository/com/google/re2j/re2j/1.1/re2j-1.1.jar:/home/user/.m2/repository/com/google/code/gson/gson/2.2.4/gson-2.2.4.jar:/home/user/.m2/repository/com/jcraft/jsch/0.1.54/jsch-0.1.54.jar:/home/user/.m2/repository/org/apache/curator/curator-client/2.12.0/curator-client-2.12.0.jar:/home/user/.m2/repository/org/apache/curator/curator-recipes/2.12.0/curator-recipes-2.12.0.jar:/home/user/.m2/repository/com/google/code/findbugs/jsr305/3.0.0/jsr305-3.0.0.jar:/home/user/.m2/repository/org/apache/htrace/htrace-core4/4.1.0-incubating/htrace-core4-4.1.0-incubating.jar:/home/user/.m2/repository/org/apache/zookeeper/zookeeper/3.4.13/zookeeper-3.4.13.jar:/home/user/.m2/repository/jline/jline/0.9.94/jline-0.9.94.jar:/home/user/.m2/repository/org/apache/yetus/audience-annotations/0.5.0/audience-annotations-0.5.0.jar:/home/user/.m2/repository/org/codehaus/woodstox/stax2-api/3.1.4/stax2-api-3.1.4.jar:/home/user/.m2/repository/com/fasterxml/woodstox/woodstox-core/5.0.3/woodstox-core-5.0.3.jar:/home/user/.m2/repository/dnsjava/dnsjava/2.1.7/dnsjava-2.1.7.jar:/home/user/.m2/repository/org/apache/hadoop/hadoop-hdfs/3.2.0/hadoop-hdfs-3.2.0-tests.jar:/home/user/.m2/repository/org/eclipse/jetty/jetty-util-ajax/9.3.25.v20180904/jetty-util-ajax-9.3.25.v20180904.jar:/home/user/.m2/repository/commons-daemon/commons-daemon/1.0.13/commons-daemon-1.0.13.jar:/home/user/.m2/repository/io/netty/netty/3.10.5.Final/netty-3.10.5.Final.jar:/home/user/.m2/repository/io/netty/netty-all/4.0.52.Final/netty-all-4.0.52.Final.jar:/home/user/.m2/repository/org/fusesource/leveldbjni/leveldbjni-all/1.8/leveldbjni-all-1.8.jar:"/>
    <property name="sun.cpu.endian" value="little"/>
    <property name="user.home" value="/home/user"/>
    <property name="user.language" value="en"/>
    <property name="java.specification.vendor" value="Oracle Corporation"/>
    <property name="java.home" value="/usr/lib/jvm/java-1.8.0-openjdk-1.8.0.222.b10-1.el7_7.x86_64/jre"/>
    <property name="surefire.excludesFile" value="/tools/ozone-bad-unit-tests"/>
    <property name="java.security.krb5.conf" value="/workdir/hadoop-ozone/integration-test/target/test-classes/krb5.conf"/>
    <property name="basedir" value="/workdir/hadoop-ozone/integration-test"/>
    <property name="file.separator" value="/"/>
    <property name="line.separator" value="&#10;"/>
    <property name="java.vm.specification.vendor" value="Oracle Corporation"/>
    <property name="java.specification.name" value="Java Platform API Specification"/>
    <property name="java.awt.graphicsenv" value="sun.awt.X11GraphicsEnvironment"/>
    <property name="surefire.real.class.path" value="/workdir/hadoop-ozone/integration-test/target/surefire/surefirebooter7830804939635059572.jar"/>
    <property name="hadoop.log.dir" value="/workdir/hadoop-ozone/integration-test/target/log"/>
    <property name="sun.boot.class.path" value="/usr/lib/jvm/java-1.8.0-openjdk-1.8.0.222.b10-1.el7_7.x86_64/jre/lib/resources.jar:/usr/lib/jvm/java-1.8.0-openjdk-1.8.0.222.b10-1.el7_7.x86_64/jre/lib/rt.jar:/usr/lib/jvm/java-1.8.0-openjdk-1.8.0.222.b10-1.el7_7.x86_64/jre/lib/sunrsasign.jar:/usr/lib/jvm/java-1.8.0-openjdk-1.8.0.222.b10-1.el7_7.x86_64/jre/lib/jsse.jar:/usr/lib/jvm/java-1.8.0-openjdk-1.8.0.222.b10-1.el7_7.x86_64/jre/lib/jce.jar:/usr/lib/jvm/java-1.8.0-openjdk-1.8.0.222.b10-1.el7_7.x86_64/jre/lib/charsets.jar:/usr/lib/jvm/java-1.8.0-openjdk-1.8.0.222.b10-1.el7_7.x86_64/jre/lib/jfr.jar:/usr/lib/jvm/java-1.8.0-openjdk-1.8.0.222.b10-1.el7_7.x86_64/jre/classes"/>
    <property name="sun.management.compiler" value="HotSpot 64-Bit Tiered Compilers"/>
    <property name="java.runtime.version" value="1.8.0_222-b10"/>
    <property name="java.net.preferIPv4Stack" value="true"/>
    <property name="user.name" value="jenkins1000"/>
    <property name="path.separator" value=":"/>
    <property name="java.security.egd" value="file:///dev/urandom"/>
    <property name="os.version" value="3.10.0-957.12.2.el7.x86_64"/>
    <property name="java.endorsed.dirs" value="/usr/lib/jvm/java-1.8.0-openjdk-1.8.0.222.b10-1.el7_7.x86_64/jre/lib/endorsed"/>
    <property name="java.runtime.name" value="OpenJDK Runtime Environment"/>
    <property name="file.encoding" value="ANSI_X3.4-1968"/>
    <property name="java.vm.name" value="OpenJDK 64-Bit Server VM"/>
    <property name="test.build.webapps" value=""/>
    <property name="localRepository" value="/home/user/.m2/repository"/>
    <property name="java.vendor.url.bug" value="http://bugreport.sun.com/bugreport/"/>
    <property name="java.io.tmpdir" value="/tmp"/>
    <property name="require.test.libhadoop" value=""/>
    <property name="java.version" value="1.8.0_222"/>
    <property name="user.dir" value="/workdir/hadoop-ozone/integration-test"/>
    <property name="os.arch" value="amd64"/>
    <property name="java.vm.specification.name" value="Java Virtual Machine Specification"/>
    <property name="test.build.classes" value="/workdir/hadoop-ozone/integration-test/target/test-classes"/>
    <property name="java.awt.printerjob" value="sun.print.PSPrinterJob"/>
    <property name="sun.os.patch.level" value="unknown"/>
    <property name="hadoop.tmp.dir" value="/workdir/hadoop-ozone/integration-test/target/tmp"/>
    <property name="java.library.path" value="/usr/lib:/workdir/hadoop-ozone/integration-test/target/native/target/usr/local/lib:/workdir/hadoop-ozone/integration-test/../../hadoop-common-project/hadoop-common/target/native/target/usr/local/lib:/usr/java/packages/lib/amd64:/usr/lib64:/lib64:/lib:/usr/lib"/>
    <property name="java.vm.info" value="mixed mode"/>
    <property name="java.vendor" value="Oracle Corporation"/>
    <property name="java.vm.version" value="25.222-b10"/>
    <property name="java.ext.dirs" value="/usr/lib/jvm/java-1.8.0-openjdk-1.8.0.222.b10-1.el7_7.x86_64/jre/lib/ext:/usr/java/packages/lib/ext"/>
    <property name="sun.io.unicode.encoding" value="UnicodeLittle"/>
    <property name="java.class.version" value="52.0"/>
  </properties>
  <testcase name="testPutKeySuccessWithBlockToken" classname="org.apache.hadoop.ozone.client.rpc.TestSecureOzoneRpcClient" time="2.064">
    <error message="Releasing lock on resource /6ba827bd-1a2e-4345-96e2-0c308c4b6327/beb650cf-e810-4ed6-8504-2e9ea9ddb610 without acquiring lock&#10;	at org.apache.hadoop.ozone.lock.LockManager.getLockForReleasing(LockManager.java:220)&#10;	at org.apache.hadoop.ozone.lock.LockManager.release(LockManager.java:168)&#10;	at org.apache.hadoop.ozone.lock.LockManager.writeUnlock(LockManager.java:148)&#10;	at org.apache.hadoop.ozone.om.lock.OzoneManagerLock.unlock(OzoneManagerLock.java:364)&#10;	at org.apache.hadoop.ozone.om.lock.OzoneManagerLock.releaseWriteLock(OzoneManagerLock.java:329)&#10;	at org.apache.hadoop.ozone.om.request.key.OMKeyCommitRequest.validateAndUpdateCache(OMKeyCommitRequest.java:177)&#10;	at org.apache.hadoop.ozone.protocolPB.OzoneManagerProtocolServerSideTranslatorPB.submitRequestDirectlyToOM(OzoneManagerProtocolServerSideTranslatorPB.java:219)&#10;	at org.apache.hadoop.ozone.protocolPB.OzoneManagerProtocolServerSideTranslatorPB.processRequest(OzoneManagerProtocolServerSideTranslatorPB.java:134)&#10;	at org.apache.hadoop.hdds.server.OzoneProtocolMessageDispatcher.processRequest(OzoneProtocolMessageDispatcher.java:72)&#10;	at org.apache.hadoop.ozone.protocolPB.OzoneManagerProtocolServerSideTranslatorPB.submitRequest(OzoneManagerProtocolServerSideTranslatorPB.java:100)&#10;	at org.apache.hadoop.ozone.protocol.proto.OzoneManagerProtocolProtos$OzoneManagerService$2.callBlockingMethod(OzoneManagerProtocolProtos.java)&#10;	at org.apache.hadoop.ipc.ProtobufRpcEngine$Server$ProtoBufRpcInvoker.call(ProtobufRpcEngine.java:524)&#10;	at org.apache.hadoop.ipc.RPC$Server.call(RPC.java:1025)&#10;	at org.apache.hadoop.ipc.Server$RpcCall.run(Server.java:876)&#10;	at org.apache.hadoop.ipc.Server$RpcCall.run(Server.java:822)&#10;	at java.security.AccessController.doPrivileged(Native Method)&#10;	at javax.security.auth.Subject.doAs(Subject.java:422)&#10;	at org.apache.hadoop.security.UserGroupInformation.doAs(UserGroupInformation.java:1730)&#10;	at org.apache.hadoop.ipc.Server$Handler.run(Server.java:2682)&#10;" type="org.apache.hadoop.ipc.RemoteException(java.lang.IllegalMonitorStateException)">org.apache.hadoop.ipc.RemoteException(java.lang.IllegalMonitorStateException): Releasing lock on resource /6ba827bd-1a2e-4345-96e2-0c308c4b6327/beb650cf-e810-4ed6-8504-2e9ea9ddb610 without acquiring lock
	at org.apache.hadoop.ozone.lock.LockManager.getLockForReleasing(LockManager.java:220)
	at org.apache.hadoop.ozone.lock.LockManager.release(LockManager.java:168)
	at org.apache.hadoop.ozone.lock.LockManager.writeUnlock(LockManager.java:148)
	at org.apache.hadoop.ozone.om.lock.OzoneManagerLock.unlock(OzoneManagerLock.java:364)
	at org.apache.hadoop.ozone.om.lock.OzoneManagerLock.releaseWriteLock(OzoneManagerLock.java:329)
	at org.apache.hadoop.ozone.om.request.key.OMKeyCommitRequest.validateAndUpdateCache(OMKeyCommitRequest.java:177)
	at org.apache.hadoop.ozone.protocolPB.OzoneManagerProtocolServerSideTranslatorPB.submitRequestDirectlyToOM(OzoneManagerProtocolServerSideTranslatorPB.java:219)
	at org.apache.hadoop.ozone.protocolPB.OzoneManagerProtocolServerSideTranslatorPB.processRequest(OzoneManagerProtocolServerSideTranslatorPB.java:134)
	at org.apache.hadoop.hdds.server.OzoneProtocolMessageDispatcher.processRequest(OzoneProtocolMessageDispatcher.java:72)
	at org.apache.hadoop.ozone.protocolPB.OzoneManagerProtocolServerSideTranslatorPB.submitRequest(OzoneManagerProtocolServerSideTranslatorPB.java:100)
	at org.apache.hadoop.ozone.protocol.proto.OzoneManagerProtocolProtos$OzoneManagerService$2.callBlockingMethod(OzoneManagerProtocolProtos.java)
	at org.apache.hadoop.ipc.ProtobufRpcEngine$Server$ProtoBufRpcInvoker.call(ProtobufRpcEngine.java:524)
	at org.apache.hadoop.ipc.RPC$Server.call(RPC.java:1025)
	at org.apache.hadoop.ipc.Server$RpcCall.run(Server.java:876)
	at org.apache.hadoop.ipc.Server$RpcCall.run(Server.java:822)
	at java.security.AccessController.doPrivileged(Native Method)
	at javax.security.auth.Subject.doAs(Subject.java:422)
	at org.apache.hadoop.security.UserGroupInformation.doAs(UserGroupInformation.java:1730)
	at org.apache.hadoop.ipc.Server$Handler.run(Server.java:2682)

	at org.apache.hadoop.ipc.Client.getRpcResponse(Client.java:1511)
	at org.apache.hadoop.ipc.Client.call(Client.java:1457)
	at org.apache.hadoop.ipc.Client.call(Client.java:1367)
	at org.apache.hadoop.ipc.ProtobufRpcEngine$Invoker.invoke(ProtobufRpcEngine.java:228)
	at org.apache.hadoop.ipc.ProtobufRpcEngine$Invoker.invoke(ProtobufRpcEngine.java:116)
	at com.sun.proxy.$Proxy37.submitRequest(Unknown Source)
	at sun.reflect.GeneratedMethodAccessor72.invoke(Unknown Source)
	at sun.reflect.DelegatingMethodAccessorImpl.invoke(DelegatingMethodAccessorImpl.java:43)
	at java.lang.reflect.Method.invoke(Method.java:498)
	at org.apache.hadoop.io.retry.RetryInvocationHandler.invokeMethod(RetryInvocationHandler.java:422)
	at org.apache.hadoop.io.retry.RetryInvocationHandler$Call.invokeMethod(RetryInvocationHandler.java:165)
	at org.apache.hadoop.io.retry.RetryInvocationHandler$Call.invoke(RetryInvocationHandler.java:157)
	at org.apache.hadoop.io.retry.RetryInvocationHandler$Call.invokeOnce(RetryInvocationHandler.java:95)
	at org.apache.hadoop.io.retry.RetryInvocationHandler.invoke(RetryInvocationHandler.java:359)
	at com.sun.proxy.$Proxy37.submitRequest(Unknown Source)
	at org.apache.hadoop.ozone.om.protocolPB.OzoneManagerProtocolClientSideTranslatorPB.submitRequest(OzoneManagerProtocolClientSideTranslatorPB.java:338)
	at org.apache.hadoop.ozone.om.protocolPB.OzoneManagerProtocolClientSideTranslatorPB.commitKey(OzoneManagerProtocolClientSideTranslatorPB.java:789)
	at sun.reflect.NativeMethodAccessorImpl.invoke0(Native Method)
	at sun.reflect.NativeMethodAccessorImpl.invoke(NativeMethodAccessorImpl.java:62)
	at sun.reflect.DelegatingMethodAccessorImpl.invoke(DelegatingMethodAccessorImpl.java:43)
	at java.lang.reflect.Method.invoke(Method.java:498)
	at org.apache.hadoop.hdds.tracing.TraceAllMethod.invoke(TraceAllMethod.java:66)
	at com.sun.proxy.$Proxy38.commitKey(Unknown Source)
	at org.apache.hadoop.ozone.client.io.BlockOutputStreamEntryPool.commitKey(BlockOutputStreamEntryPool.java:277)
	at org.apache.hadoop.ozone.client.io.KeyOutputStream.close(KeyOutputStream.java:474)
	at org.apache.hadoop.ozone.client.io.OzoneOutputStream.close(OzoneOutputStream.java:60)
	at org.apache.hadoop.ozone.client.rpc.TestSecureOzoneRpcClient.testPutKeySuccessWithBlockToken(TestSecureOzoneRpcClient.java:157)
	at sun.reflect.NativeMethodAccessorImpl.invoke0(Native Method)
	at sun.reflect.NativeMethodAccessorImpl.invoke(NativeMethodAccessorImpl.java:62)
	at sun.reflect.DelegatingMethodAccessorImpl.invoke(DelegatingMethodAccessorImpl.java:43)
	at java.lang.reflect.Method.invoke(Method.java:498)
	at org.junit.runners.model.FrameworkMethod$1.runReflectiveCall(FrameworkMethod.java:47)
	at org.junit.internal.runners.model.ReflectiveCallable.run(ReflectiveCallable.java:12)
	at org.junit.runners.model.FrameworkMethod.invokeExplosively(FrameworkMethod.java:44)
	at org.junit.internal.runners.statements.InvokeMethod.evaluate(InvokeMethod.java:17)
	at org.junit.runners.ParentRunner.runLeaf(ParentRunner.java:271)
	at org.junit.runners.BlockJUnit4ClassRunner.runChild(BlockJUnit4ClassRunner.java:70)
	at org.junit.runners.BlockJUnit4ClassRunner.runChild(BlockJUnit4ClassRunner.java:50)
	at org.junit.runners.ParentRunner$3.run(ParentRunner.java:238)
	at org.junit.runners.ParentRunner$1.schedule(ParentRunner.java:63)
	at org.junit.runners.ParentRunner.runChildren(ParentRunner.java:236)
	at org.junit.runners.ParentRunner.access$000(ParentRunner.java:53)
	at org.junit.runners.ParentRunner$2.evaluate(ParentRunner.java:229)
	at org.junit.internal.runners.statements.RunBefores.evaluate(RunBefores.java:26)
	at org.junit.internal.runners.statements.RunAfters.evaluate(RunAfters.java:27)
	at org.junit.runners.ParentRunner.run(ParentRunner.java:309)
	at org.apache.maven.surefire.junit4.JUnit4Provider.execute(JUnit4Provider.java:365)
	at org.apache.maven.surefire.junit4.JUnit4Provider.executeWithRerun(JUnit4Provider.java:273)
	at org.apache.maven.surefire.junit4.JUnit4Provider.executeTestSet(JUnit4Provider.java:238)
	at org.apache.maven.surefire.junit4.JUnit4Provider.invoke(JUnit4Provider.java:159)
	at org.apache.maven.surefire.booter.ForkedBooter.invokeProviderInSameClassLoader(ForkedBooter.java:384)
	at org.apache.maven.surefire.booter.ForkedBooter.runSuitesInProcess(ForkedBooter.java:345)
	at org.apache.maven.surefire.booter.ForkedBooter.execute(ForkedBooter.java:126)
	at org.apache.maven.surefire.booter.ForkedBooter.main(ForkedBooter.java:418)
</error>
    <system-out><![CDATA[2019-10-16 06:00:57,437 [main] WARN  server.ServerUtils (ServerUtils.java:getScmDbDir(145)) - ozone.scm.db.dirs is not configured. We recommend adding this setting. Falling back to ozone.metadata.dirs instead.
2019-10-16 06:00:57,499 [main] WARN  server.ServerUtils (ServerUtils.java:getScmDbDir(145)) - ozone.scm.db.dirs is not configured. We recommend adding this setting. Falling back to ozone.metadata.dirs instead.
2019-10-16 06:00:57,501 [main] WARN  server.ServerUtils (ServerUtils.java:getScmDbDir(145)) - ozone.scm.db.dirs is not configured. We recommend adding this setting. Falling back to ozone.metadata.dirs instead.
2019-10-16 06:00:57,520 [main] INFO  util.log (Log.java:initialized(192)) - Logging initialized @2226ms
2019-10-16 06:00:57,594 [main] INFO  db.DBStoreBuilder (DBStoreBuilder.java:addTable(117)) - using custom profile for table: deletedBlocks
2019-10-16 06:00:57,595 [main] INFO  db.DBStoreBuilder (DBStoreBuilder.java:processTables(168)) - Using default column profile:DBProfile.DISK for Table:deletedBlocks
2019-10-16 06:00:57,595 [main] INFO  db.DBStoreBuilder (DBStoreBuilder.java:addTable(117)) - using custom profile for table: validCerts
2019-10-16 06:00:57,595 [main] INFO  db.DBStoreBuilder (DBStoreBuilder.java:processTables(168)) - Using default column profile:DBProfile.DISK for Table:validCerts
2019-10-16 06:00:57,595 [main] INFO  db.DBStoreBuilder (DBStoreBuilder.java:addTable(117)) - using custom profile for table: revokedCerts
2019-10-16 06:00:57,595 [main] INFO  db.DBStoreBuilder (DBStoreBuilder.java:processTables(168)) - Using default column profile:DBProfile.DISK for Table:revokedCerts
2019-10-16 06:00:57,604 [main] INFO  db.DBStoreBuilder (DBStoreBuilder.java:addTable(117)) - using custom profile for table: default
2019-10-16 06:00:57,604 [main] INFO  db.DBStoreBuilder (DBStoreBuilder.java:processTables(174)) - Using default column profile:DBProfile.DISK for Table:default
2019-10-16 06:00:57,605 [main] INFO  db.DBStoreBuilder (DBStoreBuilder.java:getDbProfile(205)) - Using default options. DBProfile.DISK
2019-10-16 06:00:57,897 [main] INFO  net.NodeSchemaLoader (NodeSchemaLoader.java:loadSchemaFromFile(125)) - Loading file from sun.misc.CompoundEnumeration@328cf0e1
2019-10-16 06:00:57,899 [main] INFO  net.NodeSchemaLoader (NodeSchemaLoader.java:loadSchema(171)) - Loading network topology layer schema file
2019-10-16 06:00:57,956 [main] WARN  server.ServerUtils (ServerUtils.java:sanitizeUserArgs(70)) - ozone.scm.stale.node.interval value = 300000 is larger than max = 100000 based on the key value of ozone.scm.heartbeat.thread.interval, reset to the max value 100000.
2019-10-16 06:00:57,958 [main] WARN  server.ServerUtils (ServerUtils.java:sanitizeUserArgs(70)) - ozone.scm.stale.node.interval value = 300000 is larger than max = 100000 based on the key value of ozone.scm.heartbeat.thread.interval, reset to the max value 100000.
2019-10-16 06:00:57,960 [main] INFO  node.SCMNodeManager (SCMNodeManager.java:<init>(116)) - Entering startup safe mode.
2019-10-16 06:00:57,977 [main] INFO  algorithms.ContainerPlacementPolicyFactory (ContainerPlacementPolicyFactory.java:getPolicy(57)) - Create container placement policy of type org.apache.hadoop.hdds.scm.container.placement.algorithms.SCMContainerPlacementRandom
2019-10-16 06:00:57,989 [main] WARN  server.ServerUtils (ServerUtils.java:getScmDbDir(145)) - ozone.scm.db.dirs is not configured. We recommend adding this setting. Falling back to ozone.metadata.dirs instead.
2019-10-16 06:00:58,099 [main] INFO  pipeline.SCMPipelineManager (SCMPipelineManager.java:initializePipelineState(132)) - No pipeline exists in current db
2019-10-16 06:00:58,103 [main] WARN  server.ServerUtils (ServerUtils.java:getScmDbDir(145)) - ozone.scm.db.dirs is not configured. We recommend adding this setting. Falling back to ozone.metadata.dirs instead.
2019-10-16 06:00:58,243 [main] WARN  events.EventQueue (EventQueue.java:fireEvent(183)) - No event handler registered for event TypedEvent{payloadType=SafeModeStatus, name='SafeModeStatus'}
2019-10-16 06:00:58,348 [main] INFO  ipc.CallQueueManager (CallQueueManager.java:<init>(84)) - Using callQueue: class java.util.concurrent.LinkedBlockingQueue, queueCapacity: 2000, scheduler: class org.apache.hadoop.ipc.DefaultRpcScheduler, ipcBackoff: false.
2019-10-16 06:00:58,371 [Socket Reader #1 for port 40973] INFO  ipc.Server (Server.java:run(1074)) - Starting Socket Reader #1 for port 40973
2019-10-16 06:00:58,393 [main] INFO  ipc.CallQueueManager (CallQueueManager.java:<init>(84)) - Using callQueue: class java.util.concurrent.LinkedBlockingQueue, queueCapacity: 2000, scheduler: class org.apache.hadoop.ipc.DefaultRpcScheduler, ipcBackoff: false.
2019-10-16 06:00:58,393 [Socket Reader #1 for port 40906] INFO  ipc.Server (Server.java:run(1074)) - Starting Socket Reader #1 for port 40906
2019-10-16 06:00:58,400 [main] INFO  ipc.CallQueueManager (CallQueueManager.java:<init>(84)) - Using callQueue: class java.util.concurrent.LinkedBlockingQueue, queueCapacity: 2000, scheduler: class org.apache.hadoop.ipc.DefaultRpcScheduler, ipcBackoff: false.
2019-10-16 06:00:58,401 [Socket Reader #1 for port 46584] INFO  ipc.Server (Server.java:run(1074)) - Starting Socket Reader #1 for port 46584
2019-10-16 06:00:58,422 [main] INFO  hdfs.DFSUtil (DFSUtil.java:httpServerTemplateForNNAndJN(1641)) - Starting Web-server for scm at: http://0.0.0.0:0
2019-10-16 06:00:58,576 [main] INFO  server.AuthenticationFilter (AuthenticationFilter.java:constructSecretProvider(240)) - Unable to initialize FileSignerSecretProvider, falling back to use random secrets.
2019-10-16 06:00:58,584 [main] WARN  http.HttpRequestLog (HttpRequestLog.java:getRequestLog(97)) - Jetty request log can only be enabled using Log4j
2019-10-16 06:00:58,592 [main] INFO  http.HttpServer2 (HttpServer2.java:addGlobalFilter(975)) - Added global filter 'safety' (class=org.apache.hadoop.http.HttpServer2$QuotingInputFilter)
2019-10-16 06:00:58,594 [main] INFO  http.HttpServer2 (HttpServer2.java:addFilter(948)) - Added filter static_user_filter (class=org.apache.hadoop.http.lib.StaticUserWebFilter$StaticUserFilter) to context scm
2019-10-16 06:00:58,594 [main] INFO  http.HttpServer2 (HttpServer2.java:addFilter(958)) - Added filter static_user_filter (class=org.apache.hadoop.http.lib.StaticUserWebFilter$StaticUserFilter) to context logs
2019-10-16 06:00:58,595 [main] INFO  http.HttpServer2 (HttpServer2.java:addFilter(958)) - Added filter static_user_filter (class=org.apache.hadoop.http.lib.StaticUserWebFilter$StaticUserFilter) to context static
2019-10-16 06:00:58,622 [main] INFO  server.StorageContainerManager (StorageContainerManager.java:start(772)) - StorageContainerLocationProtocol RPC server is listening at /0.0.0.0:46584
2019-10-16 06:00:58,683 [main] WARN  impl.MetricsConfig (MetricsConfig.java:loadFirst(134)) - Cannot locate configuration: tried hadoop-metrics2-storagecontainermanager.properties,hadoop-metrics2.properties
2019-10-16 06:00:58,695 [main] INFO  impl.MetricsSystemImpl (MetricsSystemImpl.java:startTimer(374)) - Scheduled Metric snapshot period at 10 second(s).
2019-10-16 06:00:58,695 [main] INFO  impl.MetricsSystemImpl (MetricsSystemImpl.java:start(191)) - StorageContainerManager metrics system started
2019-10-16 06:00:58,741 [main] INFO  server.SCMClientProtocolServer (SCMClientProtocolServer.java:start(159)) - RPC server for Client  is listening at /0.0.0.0:46584
2019-10-16 06:00:58,742 [IPC Server Responder] INFO  ipc.Server (Server.java:run(1314)) - IPC Server Responder: starting
2019-10-16 06:00:58,742 [IPC Server listener on 46584] INFO  ipc.Server (Server.java:run(1153)) - IPC Server listener on 46584: starting
2019-10-16 06:00:58,745 [main] INFO  server.StorageContainerManager (StorageContainerManager.java:start(782)) - ScmBlockLocationProtocol RPC server is listening at /0.0.0.0:40906
2019-10-16 06:00:58,746 [main] INFO  server.SCMBlockProtocolServer (SCMBlockProtocolServer.java:start(146)) - RPC server for Block Protocol is listening at /0.0.0.0:40906
2019-10-16 06:00:58,746 [IPC Server Responder] INFO  ipc.Server (Server.java:run(1314)) - IPC Server Responder: starting
2019-10-16 06:00:58,747 [IPC Server listener on 40906] INFO  ipc.Server (Server.java:run(1153)) - IPC Server listener on 40906: starting
2019-10-16 06:00:58,749 [main] INFO  server.StorageContainerManager (StorageContainerManager.java:start(786)) - ScmDatanodeProtocl RPC server is listening at /0.0.0.0:40973
2019-10-16 06:00:58,749 [main] INFO  server.SCMDatanodeProtocolServer (SCMDatanodeProtocolServer.java:start(169)) - RPC server for DataNodes is listening at /0.0.0.0:40973
2019-10-16 06:00:58,750 [IPC Server Responder] INFO  ipc.Server (Server.java:run(1314)) - IPC Server Responder: starting
2019-10-16 06:00:58,750 [IPC Server listener on 40973] INFO  ipc.Server (Server.java:run(1153)) - IPC Server listener on 40973: starting
2019-10-16 06:00:58,754 [main] INFO  http.HttpServer2 (HttpServer2.java:bindListener(1191)) - Jetty bound to port 44265
2019-10-16 06:00:58,756 [main] INFO  server.Server (Server.java:doStart(351)) - jetty-9.3.25.v20180904, build timestamp: 2018-09-04T21:11:46Z, git hash: 3ce520221d0240229c862b122d2b06c12a625732
2019-10-16 06:00:58,791 [main] INFO  handler.ContextHandler (ContextHandler.java:doStart(781)) - Started o.e.j.s.ServletContextHandler@11ee02f8{/logs,file:///workdir/hadoop-ozone/integration-test/target/log,AVAILABLE}
2019-10-16 06:00:58,792 [main] INFO  handler.ContextHandler (ContextHandler.java:doStart(781)) - Started o.e.j.s.ServletContextHandler@61a5b4ae{/static,file:///workdir/hadoop-ozone/integration-test/target/test-classes/webapps/static,AVAILABLE}
2019-10-16 06:00:58,823 [main] INFO  handler.ContextHandler (ContextHandler.java:doStart(781)) - Started o.e.j.w.WebAppContext@7180e701{/,file:///workdir/hadoop-ozone/integration-test/target/test-classes/webapps/scm/,AVAILABLE}{/scm}
2019-10-16 06:00:58,828 [main] INFO  server.AbstractConnector (AbstractConnector.java:doStart(278)) - Started ServerConnector@2375b321{HTTP/1.1,[http/1.1]}{0.0.0.0:44265}
2019-10-16 06:00:58,828 [main] INFO  server.Server (Server.java:doStart(419)) - Started @3534ms
2019-10-16 06:00:58,831 [main] INFO  impl.MetricsSinkAdapter (MetricsSinkAdapter.java:start(204)) - Sink prometheus started
2019-10-16 06:00:58,831 [main] INFO  impl.MetricsSystemImpl (MetricsSystemImpl.java:registerSink(301)) - Registered sink prometheus
2019-10-16 06:00:58,832 [main] INFO  server.BaseHttpServer (BaseHttpServer.java:updateConnectorAddress(215)) - HTTP server of SCM is listening at http://0.0.0.0:44265
2019-10-16 06:00:58,838 [org.apache.hadoop.util.JvmPauseMonitor$Monitor@40226788] INFO  util.JvmPauseMonitor (JvmPauseMonitor.java:run(188)) - Starting JVM pause monitor
2019-10-16 06:00:58,839 [main] WARN  server.ServerUtils (ServerUtils.java:getDBPath(222)) - ozone.om.db.dirs is not configured. We recommend adding this setting. Falling back to ozone.metadata.dirs instead.
2019-10-16 06:00:58,855 [main] INFO  ha.OMHANodeDetails (OMHANodeDetails.java:loadOMHAConfig(190)) - Configuration either no ozone.om.address set. Falling back to the default OM address /127.0.0.1:0
2019-10-16 06:00:58,856 [main] INFO  ha.OMHANodeDetails (OMHANodeDetails.java:getOMNodeDetails(220)) - OM Service ID is not set. Setting it to the default ID: omServiceIdDefault
2019-10-16 06:00:58,857 [main] WARN  server.ServerUtils (ServerUtils.java:getDBPath(222)) - ozone.om.db.dirs is not configured. We recommend adding this setting. Falling back to ozone.metadata.dirs instead.
2019-10-16 06:00:58,858 [main] WARN  server.ServerUtils (ServerUtils.java:getDBPath(222)) - ozone.om.db.dirs is not configured. We recommend adding this setting. Falling back to ozone.metadata.dirs instead.
2019-10-16 06:00:58,947 [main] WARN  server.ServerUtils (ServerUtils.java:getDBPath(222)) - ozone.om.db.dirs is not configured. We recommend adding this setting. Falling back to ozone.metadata.dirs instead.
2019-10-16 06:00:58,955 [main] INFO  db.DBStoreBuilder (DBStoreBuilder.java:addTable(117)) - using custom profile for table: userTable
2019-10-16 06:00:58,956 [main] INFO  db.DBStoreBuilder (DBStoreBuilder.java:processTables(168)) - Using default column profile:DBProfile.DISK for Table:userTable
2019-10-16 06:00:58,956 [main] INFO  db.DBStoreBuilder (DBStoreBuilder.java:addTable(117)) - using custom profile for table: volumeTable
2019-10-16 06:00:58,956 [main] INFO  db.DBStoreBuilder (DBStoreBuilder.java:processTables(168)) - Using default column profile:DBProfile.DISK for Table:volumeTable
2019-10-16 06:00:58,956 [main] INFO  db.DBStoreBuilder (DBStoreBuilder.java:addTable(117)) - using custom profile for table: bucketTable
2019-10-16 06:00:58,957 [main] INFO  db.DBStoreBuilder (DBStoreBuilder.java:processTables(168)) - Using default column profile:DBProfile.DISK for Table:bucketTable
2019-10-16 06:00:58,957 [main] INFO  db.DBStoreBuilder (DBStoreBuilder.java:addTable(117)) - using custom profile for table: keyTable
2019-10-16 06:00:58,957 [main] INFO  db.DBStoreBuilder (DBStoreBuilder.java:processTables(168)) - Using default column profile:DBProfile.DISK for Table:keyTable
2019-10-16 06:00:58,957 [main] INFO  db.DBStoreBuilder (DBStoreBuilder.java:addTable(117)) - using custom profile for table: deletedTable
2019-10-16 06:00:58,957 [main] INFO  db.DBStoreBuilder (DBStoreBuilder.java:processTables(168)) - Using default column profile:DBProfile.DISK for Table:deletedTable
2019-10-16 06:00:58,958 [main] INFO  db.DBStoreBuilder (DBStoreBuilder.java:addTable(117)) - using custom profile for table: openKeyTable
2019-10-16 06:00:58,958 [main] INFO  db.DBStoreBuilder (DBStoreBuilder.java:processTables(168)) - Using default column profile:DBProfile.DISK for Table:openKeyTable
2019-10-16 06:00:58,958 [main] INFO  db.DBStoreBuilder (DBStoreBuilder.java:addTable(117)) - using custom profile for table: s3Table
2019-10-16 06:00:58,958 [main] INFO  db.DBStoreBuilder (DBStoreBuilder.java:processTables(168)) - Using default column profile:DBProfile.DISK for Table:s3Table
2019-10-16 06:00:58,959 [main] INFO  db.DBStoreBuilder (DBStoreBuilder.java:addTable(117)) - using custom profile for table: multipartInfoTable
2019-10-16 06:00:58,959 [main] INFO  db.DBStoreBuilder (DBStoreBuilder.java:processTables(168)) - Using default column profile:DBProfile.DISK for Table:multipartInfoTable
2019-10-16 06:00:58,959 [main] INFO  db.DBStoreBuilder (DBStoreBuilder.java:addTable(117)) - using custom profile for table: dTokenTable
2019-10-16 06:00:58,959 [main] INFO  db.DBStoreBuilder (DBStoreBuilder.java:processTables(168)) - Using default column profile:DBProfile.DISK for Table:dTokenTable
2019-10-16 06:00:58,959 [main] INFO  db.DBStoreBuilder (DBStoreBuilder.java:addTable(117)) - using custom profile for table: s3SecretTable
2019-10-16 06:00:58,960 [main] INFO  db.DBStoreBuilder (DBStoreBuilder.java:processTables(168)) - Using default column profile:DBProfile.DISK for Table:s3SecretTable
2019-10-16 06:00:58,960 [main] INFO  db.DBStoreBuilder (DBStoreBuilder.java:addTable(117)) - using custom profile for table: prefixTable
2019-10-16 06:00:58,960 [main] INFO  db.DBStoreBuilder (DBStoreBuilder.java:processTables(168)) - Using default column profile:DBProfile.DISK for Table:prefixTable
2019-10-16 06:00:58,960 [main] INFO  db.DBStoreBuilder (DBStoreBuilder.java:addTable(117)) - using custom profile for table: default
2019-10-16 06:00:58,960 [main] INFO  db.DBStoreBuilder (DBStoreBuilder.java:processTables(174)) - Using default column profile:DBProfile.DISK for Table:default
2019-10-16 06:00:58,961 [main] INFO  db.DBStoreBuilder (DBStoreBuilder.java:getDbProfile(205)) - Using default options. DBProfile.DISK
2019-10-16 06:00:59,581 [main] INFO  ipc.CallQueueManager (CallQueueManager.java:<init>(84)) - Using callQueue: class java.util.concurrent.LinkedBlockingQueue, queueCapacity: 2000, scheduler: class org.apache.hadoop.ipc.DefaultRpcScheduler, ipcBackoff: false.
2019-10-16 06:00:59,582 [Socket Reader #1 for port 42894] INFO  ipc.Server (Server.java:run(1074)) - Starting Socket Reader #1 for port 42894
2019-10-16 06:00:59,601 [main] INFO  om.OzoneManager (OzoneManager.java:start(1074)) - OzoneManager RPC server is listening at localhost/127.0.0.1:42894
2019-10-16 06:00:59,601 [main] INFO  impl.MetricsSystemImpl (MetricsSystemImpl.java:init(158)) - OzoneManager metrics system started (again)
2019-10-16 06:00:59,618 [IPC Server Responder] INFO  ipc.Server (Server.java:run(1314)) - IPC Server Responder: starting
2019-10-16 06:00:59,618 [IPC Server listener on 42894] INFO  ipc.Server (Server.java:run(1153)) - IPC Server listener on 42894: starting
2019-10-16 06:00:59,626 [main] INFO  hdfs.DFSUtil (DFSUtil.java:httpServerTemplateForNNAndJN(1641)) - Starting Web-server for ozoneManager at: http://0.0.0.0:0
2019-10-16 06:00:59,629 [main] INFO  server.AuthenticationFilter (AuthenticationFilter.java:constructSecretProvider(240)) - Unable to initialize FileSignerSecretProvider, falling back to use random secrets.
2019-10-16 06:00:59,630 [main] WARN  http.HttpRequestLog (HttpRequestLog.java:getRequestLog(97)) - Jetty request log can only be enabled using Log4j
2019-10-16 06:00:59,633 [main] INFO  http.HttpServer2 (HttpServer2.java:addGlobalFilter(975)) - Added global filter 'safety' (class=org.apache.hadoop.http.HttpServer2$QuotingInputFilter)
2019-10-16 06:00:59,635 [main] INFO  http.HttpServer2 (HttpServer2.java:addFilter(948)) - Added filter static_user_filter (class=org.apache.hadoop.http.lib.StaticUserWebFilter$StaticUserFilter) to context ozoneManager
2019-10-16 06:00:59,635 [main] INFO  http.HttpServer2 (HttpServer2.java:addFilter(958)) - Added filter static_user_filter (class=org.apache.hadoop.http.lib.StaticUserWebFilter$StaticUserFilter) to context static
2019-10-16 06:00:59,635 [main] INFO  http.HttpServer2 (HttpServer2.java:addFilter(958)) - Added filter static_user_filter (class=org.apache.hadoop.http.lib.StaticUserWebFilter$StaticUserFilter) to context logs
2019-10-16 06:00:59,638 [main] INFO  http.HttpServer2 (HttpServer2.java:bindListener(1191)) - Jetty bound to port 42379
2019-10-16 06:00:59,639 [main] INFO  server.Server (Server.java:doStart(351)) - jetty-9.3.25.v20180904, build timestamp: 2018-09-04T21:11:46Z, git hash: 3ce520221d0240229c862b122d2b06c12a625732
2019-10-16 06:00:59,641 [main] INFO  handler.ContextHandler (ContextHandler.java:doStart(781)) - Started o.e.j.s.ServletContextHandler@77a281fc{/logs,file:///workdir/hadoop-ozone/integration-test/target/log,AVAILABLE}
2019-10-16 06:00:59,642 [main] INFO  handler.ContextHandler (ContextHandler.java:doStart(781)) - Started o.e.j.s.ServletContextHandler@2bfbffb2{/static,file:///workdir/hadoop-ozone/integration-test/target/test-classes/webapps/static,AVAILABLE}
2019-10-16 06:00:59,650 [main] INFO  handler.ContextHandler (ContextHandler.java:doStart(781)) - Started o.e.j.w.WebAppContext@15fa55a6{/,file:///workdir/hadoop-ozone/integration-test/target/test-classes/webapps/ozoneManager/,AVAILABLE}{/ozoneManager}
2019-10-16 06:00:59,651 [main] INFO  server.AbstractConnector (AbstractConnector.java:doStart(278)) - Started ServerConnector@4f186450{HTTP/1.1,[http/1.1]}{0.0.0.0:42379}
2019-10-16 06:00:59,651 [main] INFO  server.Server (Server.java:doStart(419)) - Started @4357ms
2019-10-16 06:00:59,652 [main] WARN  impl.MetricsSystemImpl (MetricsSystemImpl.java:register(276)) - Sink prometheus already exists!
2019-10-16 06:00:59,653 [main] INFO  server.BaseHttpServer (BaseHttpServer.java:updateConnectorAddress(215)) - HTTP server of OZONEMANAGER is listening at http://0.0.0.0:42379
2019-10-16 06:00:59,906 [main] INFO  impl.MetricsSystemImpl (MetricsSystemImpl.java:init(158)) - HddsDatanode metrics system started (again)
2019-10-16 06:00:59,959 [main] INFO  ozone.HddsDatanodeService (HddsDatanodeService.java:start(184)) - HddsDatanodeService host:pr-hdds-2312-q6qzp-1535798719 ip:192.168.69.104
2019-10-16 06:00:59,990 [main] INFO  volume.HddsVolume (HddsVolume.java:<init>(176)) - Creating Volume: /workdir/hadoop-ozone/integration-test/target/test-dir/MiniOzoneClusterImpl-257c3db4-a93f-4c6f-afa5-a7c4c1fab1a3/datanode-0/data/containers/hdds of  storage type : DISK and capacity : 1482555576320
2019-10-16 06:00:59,992 [main] INFO  volume.VolumeSet (VolumeSet.java:initializeVolumeSet(170)) - Added Volume : /workdir/hadoop-ozone/integration-test/target/test-dir/MiniOzoneClusterImpl-257c3db4-a93f-4c6f-afa5-a7c4c1fab1a3/datanode-0/data/containers/hdds to VolumeSet
2019-10-16 06:00:59,994 [main] INFO  volume.ThrottledAsyncChecker (ThrottledAsyncChecker.java:schedule(141)) - Scheduling a check for /workdir/hadoop-ozone/integration-test/target/test-dir/MiniOzoneClusterImpl-257c3db4-a93f-4c6f-afa5-a7c4c1fab1a3/datanode-0/data/containers/hdds
2019-10-16 06:01:00,008 [main] INFO  volume.HddsVolumeChecker (HddsVolumeChecker.java:checkAllVolumes(204)) - Scheduled health check for volume /workdir/hadoop-ozone/integration-test/target/test-dir/MiniOzoneClusterImpl-257c3db4-a93f-4c6f-afa5-a7c4c1fab1a3/datanode-0/data/containers/hdds
2019-10-16 06:01:00,108 [main] INFO  impl.RaftServerProxy (ConfUtils.java:logGet(43)) - raft.rpc.type = GRPC (default)
2019-10-16 06:01:00,168 [main] INFO  grpc.GrpcFactory (GrpcFactory.java:checkPooledByteBufAllocatorUseCacheForAllThreads(45)) - PERFORMANCE WARNING: useCacheForAllThreads is true that may cause Netty to create a lot garbage objects and, as a result, trigger GC.
	It is recommended to disable useCacheForAllThreads by setting -Dorg.apache.ratis.thirdparty.io.netty.allocator.useCacheForAllThreads=false in command line.
2019-10-16 06:01:00,173 [main] INFO  grpc.GrpcConfigKeys$Server (ConfUtils.java:logGet(43)) - raft.grpc.server.port = 0 (default)
2019-10-16 06:01:00,173 [main] INFO  server.GrpcService (ConfUtils.java:logGet(43)) - raft.grpc.message.size.max = 33570816 (custom)
2019-10-16 06:01:00,175 [main] INFO  server.RaftServerConfigKeys (ConfUtils.java:logGet(43)) - raft.server.log.appender.buffer.byte-limit = 33554432 (custom)
2019-10-16 06:01:00,176 [main] INFO  server.GrpcService (ConfUtils.java:logGet(43)) - raft.grpc.flow.control.window = 1MB (=1048576) (default)
2019-10-16 06:01:00,176 [main] INFO  server.RaftServerConfigKeys (ConfUtils.java:logGet(43)) - raft.server.rpc.request.timeout = 3000ms (default)
2019-10-16 06:01:00,323 [main] INFO  server.RaftServerConfigKeys (ConfUtils.java:logGet(43)) - raft.server.storage.dir = [/workdir/hadoop-ozone/integration-test/target/test-dir/MiniOzoneClusterImpl-257c3db4-a93f-4c6f-afa5-a7c4c1fab1a3/datanode-0/data/ratis] (custom)
2019-10-16 06:01:00,369 [main] INFO  hdfs.DFSUtil (DFSUtil.java:httpServerTemplateForNNAndJN(1641)) - Starting Web-server for hddsDatanode at: http://0.0.0.0:0
2019-10-16 06:01:00,370 [main] INFO  server.AuthenticationFilter (AuthenticationFilter.java:constructSecretProvider(240)) - Unable to initialize FileSignerSecretProvider, falling back to use random secrets.
2019-10-16 06:01:00,371 [main] WARN  http.HttpRequestLog (HttpRequestLog.java:getRequestLog(97)) - Jetty request log can only be enabled using Log4j
2019-10-16 06:01:00,373 [main] INFO  http.HttpServer2 (HttpServer2.java:addGlobalFilter(975)) - Added global filter 'safety' (class=org.apache.hadoop.http.HttpServer2$QuotingInputFilter)
2019-10-16 06:01:00,373 [main] INFO  http.HttpServer2 (HttpServer2.java:addFilter(948)) - Added filter static_user_filter (class=org.apache.hadoop.http.lib.StaticUserWebFilter$StaticUserFilter) to context hddsDatanode
2019-10-16 06:01:00,373 [main] INFO  http.HttpServer2 (HttpServer2.java:addFilter(958)) - Added filter static_user_filter (class=org.apache.hadoop.http.lib.StaticUserWebFilter$StaticUserFilter) to context logs
2019-10-16 06:01:00,373 [main] INFO  http.HttpServer2 (HttpServer2.java:addFilter(958)) - Added filter static_user_filter (class=org.apache.hadoop.http.lib.StaticUserWebFilter$StaticUserFilter) to context static
2019-10-16 06:01:00,374 [main] INFO  http.HttpServer2 (HttpServer2.java:bindListener(1191)) - Jetty bound to port 44955
2019-10-16 06:01:00,374 [main] INFO  server.Server (Server.java:doStart(351)) - jetty-9.3.25.v20180904, build timestamp: 2018-09-04T21:11:46Z, git hash: 3ce520221d0240229c862b122d2b06c12a625732
2019-10-16 06:01:00,377 [main] INFO  handler.ContextHandler (ContextHandler.java:doStart(781)) - Started o.e.j.s.ServletContextHandler@625d9132{/logs,file:///workdir/hadoop-ozone/integration-test/target/log,AVAILABLE}
2019-10-16 06:01:00,377 [main] INFO  handler.ContextHandler (ContextHandler.java:doStart(781)) - Started o.e.j.s.ServletContextHandler@277b8fa4{/static,jar:file:/home/user/.m2/repository/org/apache/hadoop/hadoop-hdds-container-service/0.5.0-SNAPSHOT/hadoop-hdds-container-service-0.5.0-SNAPSHOT.jar!/webapps/static,AVAILABLE}
2019-10-16 06:01:00,411 [main] INFO  handler.ContextHandler (ContextHandler.java:doStart(781)) - Started o.e.j.w.WebAppContext@5e519ad3{/,file:///tmp/jetty-0.0.0.0-44955-hddsDatanode-_-any-1493402996696610194.dir/webapp/,AVAILABLE}{/hddsDatanode}
2019-10-16 06:01:00,411 [main] INFO  server.AbstractConnector (AbstractConnector.java:doStart(278)) - Started ServerConnector@7bc44ce8{HTTP/1.1,[http/1.1]}{0.0.0.0:44955}
2019-10-16 06:01:00,412 [main] INFO  server.Server (Server.java:doStart(419)) - Started @5118ms
2019-10-16 06:01:00,412 [main] WARN  impl.MetricsSystemImpl (MetricsSystemImpl.java:register(276)) - Sink prometheus already exists!
2019-10-16 06:01:00,414 [main] INFO  server.BaseHttpServer (BaseHttpServer.java:updateConnectorAddress(215)) - HTTP server of HDDSDATANODE is listening at http://0.0.0.0:44955
2019-10-16 06:01:00,415 [main] INFO  impl.MetricsSystemImpl (MetricsSystemImpl.java:init(158)) - HddsDatanode metrics system started (again)
2019-10-16 06:01:00,419 [main] INFO  ozone.HddsDatanodeService (HddsDatanodeService.java:start(184)) - HddsDatanodeService host:pr-hdds-2312-q6qzp-1535798719 ip:192.168.69.104
2019-10-16 06:01:00,421 [org.apache.hadoop.util.JvmPauseMonitor$Monitor@68b9737c] INFO  util.JvmPauseMonitor (JvmPauseMonitor.java:run(188)) - Starting JVM pause monitor
2019-10-16 06:01:00,430 [main] INFO  volume.HddsVolume (HddsVolume.java:<init>(176)) - Creating Volume: /workdir/hadoop-ozone/integration-test/target/test-dir/MiniOzoneClusterImpl-257c3db4-a93f-4c6f-afa5-a7c4c1fab1a3/datanode-1/data/containers/hdds of  storage type : DISK and capacity : 1482555576320
2019-10-16 06:01:00,430 [main] INFO  volume.VolumeSet (VolumeSet.java:initializeVolumeSet(170)) - Added Volume : /workdir/hadoop-ozone/integration-test/target/test-dir/MiniOzoneClusterImpl-257c3db4-a93f-4c6f-afa5-a7c4c1fab1a3/datanode-1/data/containers/hdds to VolumeSet
2019-10-16 06:01:00,430 [main] INFO  volume.ThrottledAsyncChecker (ThrottledAsyncChecker.java:schedule(141)) - Scheduling a check for /workdir/hadoop-ozone/integration-test/target/test-dir/MiniOzoneClusterImpl-257c3db4-a93f-4c6f-afa5-a7c4c1fab1a3/datanode-1/data/containers/hdds
2019-10-16 06:01:00,431 [main] INFO  volume.HddsVolumeChecker (HddsVolumeChecker.java:checkAllVolumes(204)) - Scheduled health check for volume /workdir/hadoop-ozone/integration-test/target/test-dir/MiniOzoneClusterImpl-257c3db4-a93f-4c6f-afa5-a7c4c1fab1a3/datanode-1/data/containers/hdds
2019-10-16 06:01:00,451 [main] INFO  impl.RaftServerProxy (ConfUtils.java:logGet(43)) - raft.rpc.type = GRPC (default)
2019-10-16 06:01:00,451 [main] INFO  grpc.GrpcFactory (GrpcFactory.java:checkPooledByteBufAllocatorUseCacheForAllThreads(45)) - PERFORMANCE WARNING: useCacheForAllThreads is true that may cause Netty to create a lot garbage objects and, as a result, trigger GC.
	It is recommended to disable useCacheForAllThreads by setting -Dorg.apache.ratis.thirdparty.io.netty.allocator.useCacheForAllThreads=false in command line.
2019-10-16 06:01:00,452 [main] INFO  grpc.GrpcConfigKeys$Server (ConfUtils.java:logGet(43)) - raft.grpc.server.port = 0 (default)
2019-10-16 06:01:00,452 [main] INFO  server.GrpcService (ConfUtils.java:logGet(43)) - raft.grpc.message.size.max = 33570816 (custom)
2019-10-16 06:01:00,452 [main] INFO  server.RaftServerConfigKeys (ConfUtils.java:logGet(43)) - raft.server.log.appender.buffer.byte-limit = 33554432 (custom)
2019-10-16 06:01:00,453 [main] INFO  server.GrpcService (ConfUtils.java:logGet(43)) - raft.grpc.flow.control.window = 1MB (=1048576) (default)
2019-10-16 06:01:00,453 [main] INFO  server.RaftServerConfigKeys (ConfUtils.java:logGet(43)) - raft.server.rpc.request.timeout = 3000ms (default)
2019-10-16 06:01:00,454 [main] INFO  server.RaftServerConfigKeys (ConfUtils.java:logGet(43)) - raft.server.storage.dir = [/workdir/hadoop-ozone/integration-test/target/test-dir/MiniOzoneClusterImpl-257c3db4-a93f-4c6f-afa5-a7c4c1fab1a3/datanode-1/data/ratis] (custom)
2019-10-16 06:01:00,456 [main] INFO  hdfs.DFSUtil (DFSUtil.java:httpServerTemplateForNNAndJN(1641)) - Starting Web-server for hddsDatanode at: http://0.0.0.0:0
2019-10-16 06:01:00,457 [main] INFO  server.AuthenticationFilter (AuthenticationFilter.java:constructSecretProvider(240)) - Unable to initialize FileSignerSecretProvider, falling back to use random secrets.
2019-10-16 06:01:00,458 [main] WARN  http.HttpRequestLog (HttpRequestLog.java:getRequestLog(97)) - Jetty request log can only be enabled using Log4j
2019-10-16 06:01:00,460 [main] INFO  http.HttpServer2 (HttpServer2.java:addGlobalFilter(975)) - Added global filter 'safety' (class=org.apache.hadoop.http.HttpServer2$QuotingInputFilter)
2019-10-16 06:01:00,461 [main] INFO  http.HttpServer2 (HttpServer2.java:addFilter(948)) - Added filter static_user_filter (class=org.apache.hadoop.http.lib.StaticUserWebFilter$StaticUserFilter) to context hddsDatanode
2019-10-16 06:01:00,462 [main] INFO  http.HttpServer2 (HttpServer2.java:addFilter(958)) - Added filter static_user_filter (class=org.apache.hadoop.http.lib.StaticUserWebFilter$StaticUserFilter) to context logs
2019-10-16 06:01:00,462 [main] INFO  http.HttpServer2 (HttpServer2.java:addFilter(958)) - Added filter static_user_filter (class=org.apache.hadoop.http.lib.StaticUserWebFilter$StaticUserFilter) to context static
2019-10-16 06:01:00,464 [main] INFO  http.HttpServer2 (HttpServer2.java:bindListener(1191)) - Jetty bound to port 38167
2019-10-16 06:01:00,464 [main] INFO  server.Server (Server.java:doStart(351)) - jetty-9.3.25.v20180904, build timestamp: 2018-09-04T21:11:46Z, git hash: 3ce520221d0240229c862b122d2b06c12a625732
2019-10-16 06:01:00,468 [main] INFO  handler.ContextHandler (ContextHandler.java:doStart(781)) - Started o.e.j.s.ServletContextHandler@5624657a{/logs,file:///workdir/hadoop-ozone/integration-test/target/log,AVAILABLE}
2019-10-16 06:01:00,469 [main] INFO  handler.ContextHandler (ContextHandler.java:doStart(781)) - Started o.e.j.s.ServletContextHandler@4d21c56e{/static,jar:file:/home/user/.m2/repository/org/apache/hadoop/hadoop-hdds-container-service/0.5.0-SNAPSHOT/hadoop-hdds-container-service-0.5.0-SNAPSHOT.jar!/webapps/static,AVAILABLE}
2019-10-16 06:01:00,521 [main] INFO  handler.ContextHandler (ContextHandler.java:doStart(781)) - Started o.e.j.w.WebAppContext@4a163575{/,file:///tmp/jetty-0.0.0.0-38167-hddsDatanode-_-any-7797858785172125882.dir/webapp/,AVAILABLE}{/hddsDatanode}
2019-10-16 06:01:00,522 [main] INFO  server.AbstractConnector (AbstractConnector.java:doStart(278)) - Started ServerConnector@7e642b88{HTTP/1.1,[http/1.1]}{0.0.0.0:38167}
2019-10-16 06:01:00,523 [main] INFO  server.Server (Server.java:doStart(419)) - Started @5229ms
2019-10-16 06:01:00,523 [main] WARN  impl.MetricsSystemImpl (MetricsSystemImpl.java:register(276)) - Sink prometheus already exists!
2019-10-16 06:01:00,525 [main] INFO  server.BaseHttpServer (BaseHttpServer.java:updateConnectorAddress(215)) - HTTP server of HDDSDATANODE is listening at http://0.0.0.0:38167
2019-10-16 06:01:00,525 [main] INFO  impl.MetricsSystemImpl (MetricsSystemImpl.java:init(158)) - HddsDatanode metrics system started (again)
2019-10-16 06:01:00,528 [main] INFO  ozone.HddsDatanodeService (HddsDatanodeService.java:start(184)) - HddsDatanodeService host:pr-hdds-2312-q6qzp-1535798719 ip:192.168.69.104
2019-10-16 06:01:00,529 [org.apache.hadoop.util.JvmPauseMonitor$Monitor@6e162cf7] INFO  util.JvmPauseMonitor (JvmPauseMonitor.java:run(188)) - Starting JVM pause monitor
2019-10-16 06:01:00,537 [main] INFO  volume.HddsVolume (HddsVolume.java:<init>(176)) - Creating Volume: /workdir/hadoop-ozone/integration-test/target/test-dir/MiniOzoneClusterImpl-257c3db4-a93f-4c6f-afa5-a7c4c1fab1a3/datanode-2/data/containers/hdds of  storage type : DISK and capacity : 1482555576320
2019-10-16 06:01:00,537 [main] INFO  volume.VolumeSet (VolumeSet.java:initializeVolumeSet(170)) - Added Volume : /workdir/hadoop-ozone/integration-test/target/test-dir/MiniOzoneClusterImpl-257c3db4-a93f-4c6f-afa5-a7c4c1fab1a3/datanode-2/data/containers/hdds to VolumeSet
2019-10-16 06:01:00,538 [main] INFO  volume.ThrottledAsyncChecker (ThrottledAsyncChecker.java:schedule(141)) - Scheduling a check for /workdir/hadoop-ozone/integration-test/target/test-dir/MiniOzoneClusterImpl-257c3db4-a93f-4c6f-afa5-a7c4c1fab1a3/datanode-2/data/containers/hdds
2019-10-16 06:01:00,538 [main] INFO  volume.HddsVolumeChecker (HddsVolumeChecker.java:checkAllVolumes(204)) - Scheduled health check for volume /workdir/hadoop-ozone/integration-test/target/test-dir/MiniOzoneClusterImpl-257c3db4-a93f-4c6f-afa5-a7c4c1fab1a3/datanode-2/data/containers/hdds
2019-10-16 06:01:00,543 [Datanode State Machine Thread - 0] INFO  datanode.InitDatanodeState (InitDatanodeState.java:persistContainerDatanodeDetails(140)) - DatanodeDetails is persisted to /workdir/hadoop-ozone/integration-test/target/test-dir/MiniOzoneClusterImpl-257c3db4-a93f-4c6f-afa5-a7c4c1fab1a3/datanode-0/meta/datanode.id
2019-10-16 06:01:00,547 [Datanode State Machine Thread - 0] INFO  datanode.InitDatanodeState (InitDatanodeState.java:persistContainerDatanodeDetails(140)) - DatanodeDetails is persisted to /workdir/hadoop-ozone/integration-test/target/test-dir/MiniOzoneClusterImpl-257c3db4-a93f-4c6f-afa5-a7c4c1fab1a3/datanode-1/meta/datanode.id
2019-10-16 06:01:00,553 [main] INFO  impl.RaftServerProxy (ConfUtils.java:logGet(43)) - raft.rpc.type = GRPC (default)
2019-10-16 06:01:00,554 [main] INFO  grpc.GrpcFactory (GrpcFactory.java:checkPooledByteBufAllocatorUseCacheForAllThreads(45)) - PERFORMANCE WARNING: useCacheForAllThreads is true that may cause Netty to create a lot garbage objects and, as a result, trigger GC.
	It is recommended to disable useCacheForAllThreads by setting -Dorg.apache.ratis.thirdparty.io.netty.allocator.useCacheForAllThreads=false in command line.
2019-10-16 06:01:00,554 [main] INFO  grpc.GrpcConfigKeys$Server (ConfUtils.java:logGet(43)) - raft.grpc.server.port = 0 (default)
2019-10-16 06:01:00,554 [main] INFO  server.GrpcService (ConfUtils.java:logGet(43)) - raft.grpc.message.size.max = 33570816 (custom)
2019-10-16 06:01:00,554 [main] INFO  server.RaftServerConfigKeys (ConfUtils.java:logGet(43)) - raft.server.log.appender.buffer.byte-limit = 33554432 (custom)
2019-10-16 06:01:00,554 [main] INFO  server.GrpcService (ConfUtils.java:logGet(43)) - raft.grpc.flow.control.window = 1MB (=1048576) (default)
2019-10-16 06:01:00,555 [main] INFO  server.RaftServerConfigKeys (ConfUtils.java:logGet(43)) - raft.server.rpc.request.timeout = 3000ms (default)
2019-10-16 06:01:00,555 [main] INFO  server.RaftServerConfigKeys (ConfUtils.java:logGet(43)) - raft.server.storage.dir = [/workdir/hadoop-ozone/integration-test/target/test-dir/MiniOzoneClusterImpl-257c3db4-a93f-4c6f-afa5-a7c4c1fab1a3/datanode-2/data/ratis] (custom)
2019-10-16 06:01:00,558 [main] INFO  hdfs.DFSUtil (DFSUtil.java:httpServerTemplateForNNAndJN(1641)) - Starting Web-server for hddsDatanode at: http://0.0.0.0:0
2019-10-16 06:01:00,561 [main] INFO  server.AuthenticationFilter (AuthenticationFilter.java:constructSecretProvider(240)) - Unable to initialize FileSignerSecretProvider, falling back to use random secrets.
2019-10-16 06:01:00,563 [main] WARN  http.HttpRequestLog (HttpRequestLog.java:getRequestLog(97)) - Jetty request log can only be enabled using Log4j
2019-10-16 06:01:00,566 [main] INFO  http.HttpServer2 (HttpServer2.java:addGlobalFilter(975)) - Added global filter 'safety' (class=org.apache.hadoop.http.HttpServer2$QuotingInputFilter)
2019-10-16 06:01:00,567 [main] INFO  http.HttpServer2 (HttpServer2.java:addFilter(948)) - Added filter static_user_filter (class=org.apache.hadoop.http.lib.StaticUserWebFilter$StaticUserFilter) to context hddsDatanode
2019-10-16 06:01:00,567 [main] INFO  http.HttpServer2 (HttpServer2.java:addFilter(958)) - Added filter static_user_filter (class=org.apache.hadoop.http.lib.StaticUserWebFilter$StaticUserFilter) to context static
2019-10-16 06:01:00,567 [main] INFO  http.HttpServer2 (HttpServer2.java:addFilter(958)) - Added filter static_user_filter (class=org.apache.hadoop.http.lib.StaticUserWebFilter$StaticUserFilter) to context logs
2019-10-16 06:01:00,568 [main] INFO  http.HttpServer2 (HttpServer2.java:bindListener(1191)) - Jetty bound to port 35678
2019-10-16 06:01:00,569 [main] INFO  server.Server (Server.java:doStart(351)) - jetty-9.3.25.v20180904, build timestamp: 2018-09-04T21:11:46Z, git hash: 3ce520221d0240229c862b122d2b06c12a625732
2019-10-16 06:01:00,571 [main] INFO  handler.ContextHandler (ContextHandler.java:doStart(781)) - Started o.e.j.s.ServletContextHandler@97d0c06{/logs,file:///workdir/hadoop-ozone/integration-test/target/log,AVAILABLE}
2019-10-16 06:01:00,572 [main] INFO  handler.ContextHandler (ContextHandler.java:doStart(781)) - Started o.e.j.s.ServletContextHandler@43af351a{/static,jar:file:/home/user/.m2/repository/org/apache/hadoop/hadoop-hdds-container-service/0.5.0-SNAPSHOT/hadoop-hdds-container-service-0.5.0-SNAPSHOT.jar!/webapps/static,AVAILABLE}
2019-10-16 06:01:00,615 [main] INFO  handler.ContextHandler (ContextHandler.java:doStart(781)) - Started o.e.j.w.WebAppContext@15b642b9{/,file:///tmp/jetty-0.0.0.0-35678-hddsDatanode-_-any-5021977007719110336.dir/webapp/,AVAILABLE}{/hddsDatanode}
2019-10-16 06:01:00,618 [main] INFO  server.AbstractConnector (AbstractConnector.java:doStart(278)) - Started ServerConnector@518bfd90{HTTP/1.1,[http/1.1]}{0.0.0.0:35678}
2019-10-16 06:01:00,619 [main] INFO  server.Server (Server.java:doStart(419)) - Started @5325ms
2019-10-16 06:01:00,619 [main] WARN  impl.MetricsSystemImpl (MetricsSystemImpl.java:register(276)) - Sink prometheus already exists!
2019-10-16 06:01:00,620 [main] INFO  server.BaseHttpServer (BaseHttpServer.java:updateConnectorAddress(215)) - HTTP server of HDDSDATANODE is listening at http://0.0.0.0:35678
2019-10-16 06:01:00,621 [main] INFO  impl.MetricsSystemImpl (MetricsSystemImpl.java:init(158)) - HddsDatanode metrics system started (again)
2019-10-16 06:01:00,625 [org.apache.hadoop.util.JvmPauseMonitor$Monitor@75fd06d3] INFO  util.JvmPauseMonitor (JvmPauseMonitor.java:run(188)) - Starting JVM pause monitor
2019-10-16 06:01:00,626 [main] INFO  ozone.HddsDatanodeService (HddsDatanodeService.java:start(184)) - HddsDatanodeService host:pr-hdds-2312-q6qzp-1535798719 ip:192.168.69.104
2019-10-16 06:01:00,629 [Datanode State Machine Thread - 0] INFO  datanode.InitDatanodeState (InitDatanodeState.java:persistContainerDatanodeDetails(140)) - DatanodeDetails is persisted to /workdir/hadoop-ozone/integration-test/target/test-dir/MiniOzoneClusterImpl-257c3db4-a93f-4c6f-afa5-a7c4c1fab1a3/datanode-2/meta/datanode.id
2019-10-16 06:01:00,636 [main] INFO  volume.HddsVolume (HddsVolume.java:<init>(176)) - Creating Volume: /workdir/hadoop-ozone/integration-test/target/test-dir/MiniOzoneClusterImpl-257c3db4-a93f-4c6f-afa5-a7c4c1fab1a3/datanode-3/data/containers/hdds of  storage type : DISK and capacity : 1482555576320
2019-10-16 06:01:00,636 [main] INFO  volume.VolumeSet (VolumeSet.java:initializeVolumeSet(170)) - Added Volume : /workdir/hadoop-ozone/integration-test/target/test-dir/MiniOzoneClusterImpl-257c3db4-a93f-4c6f-afa5-a7c4c1fab1a3/datanode-3/data/containers/hdds to VolumeSet
2019-10-16 06:01:00,636 [main] INFO  volume.ThrottledAsyncChecker (ThrottledAsyncChecker.java:schedule(141)) - Scheduling a check for /workdir/hadoop-ozone/integration-test/target/test-dir/MiniOzoneClusterImpl-257c3db4-a93f-4c6f-afa5-a7c4c1fab1a3/datanode-3/data/containers/hdds
2019-10-16 06:01:00,638 [main] INFO  volume.HddsVolumeChecker (HddsVolumeChecker.java:checkAllVolumes(204)) - Scheduled health check for volume /workdir/hadoop-ozone/integration-test/target/test-dir/MiniOzoneClusterImpl-257c3db4-a93f-4c6f-afa5-a7c4c1fab1a3/datanode-3/data/containers/hdds
2019-10-16 06:01:00,658 [main] INFO  impl.RaftServerProxy (ConfUtils.java:logGet(43)) - raft.rpc.type = GRPC (default)
2019-10-16 06:01:00,658 [main] INFO  grpc.GrpcFactory (GrpcFactory.java:checkPooledByteBufAllocatorUseCacheForAllThreads(45)) - PERFORMANCE WARNING: useCacheForAllThreads is true that may cause Netty to create a lot garbage objects and, as a result, trigger GC.
	It is recommended to disable useCacheForAllThreads by setting -Dorg.apache.ratis.thirdparty.io.netty.allocator.useCacheForAllThreads=false in command line.
2019-10-16 06:01:00,658 [main] INFO  grpc.GrpcConfigKeys$Server (ConfUtils.java:logGet(43)) - raft.grpc.server.port = 0 (default)
2019-10-16 06:01:00,659 [main] INFO  server.GrpcService (ConfUtils.java:logGet(43)) - raft.grpc.message.size.max = 33570816 (custom)
2019-10-16 06:01:00,659 [main] INFO  server.RaftServerConfigKeys (ConfUtils.java:logGet(43)) - raft.server.log.appender.buffer.byte-limit = 33554432 (custom)
2019-10-16 06:01:00,659 [main] INFO  server.GrpcService (ConfUtils.java:logGet(43)) - raft.grpc.flow.control.window = 1MB (=1048576) (default)
2019-10-16 06:01:00,659 [main] INFO  server.RaftServerConfigKeys (ConfUtils.java:logGet(43)) - raft.server.rpc.request.timeout = 3000ms (default)
2019-10-16 06:01:00,661 [main] INFO  server.RaftServerConfigKeys (ConfUtils.java:logGet(43)) - raft.server.storage.dir = [/workdir/hadoop-ozone/integration-test/target/test-dir/MiniOzoneClusterImpl-257c3db4-a93f-4c6f-afa5-a7c4c1fab1a3/datanode-3/data/ratis] (custom)
2019-10-16 06:01:00,663 [main] INFO  hdfs.DFSUtil (DFSUtil.java:httpServerTemplateForNNAndJN(1641)) - Starting Web-server for hddsDatanode at: http://0.0.0.0:0
2019-10-16 06:01:00,665 [main] INFO  server.AuthenticationFilter (AuthenticationFilter.java:constructSecretProvider(240)) - Unable to initialize FileSignerSecretProvider, falling back to use random secrets.
2019-10-16 06:01:00,666 [main] WARN  http.HttpRequestLog (HttpRequestLog.java:getRequestLog(97)) - Jetty request log can only be enabled using Log4j
2019-10-16 06:01:00,669 [main] INFO  http.HttpServer2 (HttpServer2.java:addGlobalFilter(975)) - Added global filter 'safety' (class=org.apache.hadoop.http.HttpServer2$QuotingInputFilter)
2019-10-16 06:01:00,670 [main] INFO  http.HttpServer2 (HttpServer2.java:addFilter(948)) - Added filter static_user_filter (class=org.apache.hadoop.http.lib.StaticUserWebFilter$StaticUserFilter) to context hddsDatanode
2019-10-16 06:01:00,670 [main] INFO  http.HttpServer2 (HttpServer2.java:addFilter(958)) - Added filter static_user_filter (class=org.apache.hadoop.http.lib.StaticUserWebFilter$StaticUserFilter) to context logs
2019-10-16 06:01:00,670 [main] INFO  http.HttpServer2 (HttpServer2.java:addFilter(958)) - Added filter static_user_filter (class=org.apache.hadoop.http.lib.StaticUserWebFilter$StaticUserFilter) to context static
2019-10-16 06:01:00,672 [main] INFO  http.HttpServer2 (HttpServer2.java:bindListener(1191)) - Jetty bound to port 38598
2019-10-16 06:01:00,672 [main] INFO  server.Server (Server.java:doStart(351)) - jetty-9.3.25.v20180904, build timestamp: 2018-09-04T21:11:46Z, git hash: 3ce520221d0240229c862b122d2b06c12a625732
2019-10-16 06:01:00,677 [main] INFO  handler.ContextHandler (ContextHandler.java:doStart(781)) - Started o.e.j.s.ServletContextHandler@1457fde{/logs,file:///workdir/hadoop-ozone/integration-test/target/log,AVAILABLE}
2019-10-16 06:01:00,677 [main] INFO  handler.ContextHandler (ContextHandler.java:doStart(781)) - Started o.e.j.s.ServletContextHandler@17fa1336{/static,jar:file:/home/user/.m2/repository/org/apache/hadoop/hadoop-hdds-container-service/0.5.0-SNAPSHOT/hadoop-hdds-container-service-0.5.0-SNAPSHOT.jar!/webapps/static,AVAILABLE}
2019-10-16 06:01:00,729 [main] INFO  handler.ContextHandler (ContextHandler.java:doStart(781)) - Started o.e.j.w.WebAppContext@142213d5{/,file:///tmp/jetty-0.0.0.0-38598-hddsDatanode-_-any-559255660338767403.dir/webapp/,AVAILABLE}{/hddsDatanode}
2019-10-16 06:01:00,730 [main] INFO  server.AbstractConnector (AbstractConnector.java:doStart(278)) - Started ServerConnector@934b52f{HTTP/1.1,[http/1.1]}{0.0.0.0:38598}
2019-10-16 06:01:00,732 [main] INFO  server.Server (Server.java:doStart(419)) - Started @5437ms
2019-10-16 06:01:00,732 [main] WARN  impl.MetricsSystemImpl (MetricsSystemImpl.java:register(276)) - Sink prometheus already exists!
2019-10-16 06:01:00,733 [main] INFO  server.BaseHttpServer (BaseHttpServer.java:updateConnectorAddress(215)) - HTTP server of HDDSDATANODE is listening at http://0.0.0.0:38598
2019-10-16 06:01:00,734 [main] INFO  impl.MetricsSystemImpl (MetricsSystemImpl.java:init(158)) - HddsDatanode metrics system started (again)
2019-10-16 06:01:00,737 [main] INFO  ozone.HddsDatanodeService (HddsDatanodeService.java:start(184)) - HddsDatanodeService host:pr-hdds-2312-q6qzp-1535798719 ip:192.168.69.104
2019-10-16 06:01:00,737 [org.apache.hadoop.util.JvmPauseMonitor$Monitor@19998452] INFO  util.JvmPauseMonitor (JvmPauseMonitor.java:run(188)) - Starting JVM pause monitor
2019-10-16 06:01:00,744 [Datanode State Machine Thread - 0] INFO  datanode.InitDatanodeState (InitDatanodeState.java:persistContainerDatanodeDetails(140)) - DatanodeDetails is persisted to /workdir/hadoop-ozone/integration-test/target/test-dir/MiniOzoneClusterImpl-257c3db4-a93f-4c6f-afa5-a7c4c1fab1a3/datanode-3/meta/datanode.id
2019-10-16 06:01:00,749 [main] INFO  volume.HddsVolume (HddsVolume.java:<init>(176)) - Creating Volume: /workdir/hadoop-ozone/integration-test/target/test-dir/MiniOzoneClusterImpl-257c3db4-a93f-4c6f-afa5-a7c4c1fab1a3/datanode-4/data/containers/hdds of  storage type : DISK and capacity : 1482555576320
2019-10-16 06:01:00,750 [main] INFO  volume.VolumeSet (VolumeSet.java:initializeVolumeSet(170)) - Added Volume : /workdir/hadoop-ozone/integration-test/target/test-dir/MiniOzoneClusterImpl-257c3db4-a93f-4c6f-afa5-a7c4c1fab1a3/datanode-4/data/containers/hdds to VolumeSet
2019-10-16 06:01:00,751 [main] INFO  volume.ThrottledAsyncChecker (ThrottledAsyncChecker.java:schedule(141)) - Scheduling a check for /workdir/hadoop-ozone/integration-test/target/test-dir/MiniOzoneClusterImpl-257c3db4-a93f-4c6f-afa5-a7c4c1fab1a3/datanode-4/data/containers/hdds
2019-10-16 06:01:00,751 [main] INFO  volume.HddsVolumeChecker (HddsVolumeChecker.java:checkAllVolumes(204)) - Scheduled health check for volume /workdir/hadoop-ozone/integration-test/target/test-dir/MiniOzoneClusterImpl-257c3db4-a93f-4c6f-afa5-a7c4c1fab1a3/datanode-4/data/containers/hdds
2019-10-16 06:01:00,764 [main] INFO  impl.RaftServerProxy (ConfUtils.java:logGet(43)) - raft.rpc.type = GRPC (default)
2019-10-16 06:01:00,764 [main] INFO  grpc.GrpcFactory (GrpcFactory.java:checkPooledByteBufAllocatorUseCacheForAllThreads(45)) - PERFORMANCE WARNING: useCacheForAllThreads is true that may cause Netty to create a lot garbage objects and, as a result, trigger GC.
	It is recommended to disable useCacheForAllThreads by setting -Dorg.apache.ratis.thirdparty.io.netty.allocator.useCacheForAllThreads=false in command line.
2019-10-16 06:01:00,764 [main] INFO  grpc.GrpcConfigKeys$Server (ConfUtils.java:logGet(43)) - raft.grpc.server.port = 0 (default)
2019-10-16 06:01:00,764 [main] INFO  server.GrpcService (ConfUtils.java:logGet(43)) - raft.grpc.message.size.max = 33570816 (custom)
2019-10-16 06:01:00,765 [main] INFO  server.RaftServerConfigKeys (ConfUtils.java:logGet(43)) - raft.server.log.appender.buffer.byte-limit = 33554432 (custom)
2019-10-16 06:01:00,765 [main] INFO  server.GrpcService (ConfUtils.java:logGet(43)) - raft.grpc.flow.control.window = 1MB (=1048576) (default)
2019-10-16 06:01:00,765 [main] INFO  server.RaftServerConfigKeys (ConfUtils.java:logGet(43)) - raft.server.rpc.request.timeout = 3000ms (default)
2019-10-16 06:01:00,766 [main] INFO  server.RaftServerConfigKeys (ConfUtils.java:logGet(43)) - raft.server.storage.dir = [/workdir/hadoop-ozone/integration-test/target/test-dir/MiniOzoneClusterImpl-257c3db4-a93f-4c6f-afa5-a7c4c1fab1a3/datanode-4/data/ratis] (custom)
2019-10-16 06:01:00,768 [main] INFO  hdfs.DFSUtil (DFSUtil.java:httpServerTemplateForNNAndJN(1641)) - Starting Web-server for hddsDatanode at: http://0.0.0.0:0
2019-10-16 06:01:00,770 [main] INFO  server.AuthenticationFilter (AuthenticationFilter.java:constructSecretProvider(240)) - Unable to initialize FileSignerSecretProvider, falling back to use random secrets.
2019-10-16 06:01:00,771 [main] WARN  http.HttpRequestLog (HttpRequestLog.java:getRequestLog(97)) - Jetty request log can only be enabled using Log4j
2019-10-16 06:01:00,773 [main] INFO  http.HttpServer2 (HttpServer2.java:addGlobalFilter(975)) - Added global filter 'safety' (class=org.apache.hadoop.http.HttpServer2$QuotingInputFilter)
2019-10-16 06:01:00,774 [main] INFO  http.HttpServer2 (HttpServer2.java:addFilter(948)) - Added filter static_user_filter (class=org.apache.hadoop.http.lib.StaticUserWebFilter$StaticUserFilter) to context hddsDatanode
2019-10-16 06:01:00,774 [main] INFO  http.HttpServer2 (HttpServer2.java:addFilter(958)) - Added filter static_user_filter (class=org.apache.hadoop.http.lib.StaticUserWebFilter$StaticUserFilter) to context logs
2019-10-16 06:01:00,774 [main] INFO  http.HttpServer2 (HttpServer2.java:addFilter(958)) - Added filter static_user_filter (class=org.apache.hadoop.http.lib.StaticUserWebFilter$StaticUserFilter) to context static
2019-10-16 06:01:00,776 [main] INFO  http.HttpServer2 (HttpServer2.java:bindListener(1191)) - Jetty bound to port 35593
2019-10-16 06:01:00,776 [main] INFO  server.Server (Server.java:doStart(351)) - jetty-9.3.25.v20180904, build timestamp: 2018-09-04T21:11:46Z, git hash: 3ce520221d0240229c862b122d2b06c12a625732
2019-10-16 06:01:00,778 [main] INFO  handler.ContextHandler (ContextHandler.java:doStart(781)) - Started o.e.j.s.ServletContextHandler@7e53339{/logs,file:///workdir/hadoop-ozone/integration-test/target/log,AVAILABLE}
2019-10-16 06:01:00,779 [main] INFO  handler.ContextHandler (ContextHandler.java:doStart(781)) - Started o.e.j.s.ServletContextHandler@31ddb930{/static,jar:file:/home/user/.m2/repository/org/apache/hadoop/hadoop-hdds-container-service/0.5.0-SNAPSHOT/hadoop-hdds-container-service-0.5.0-SNAPSHOT.jar!/webapps/static,AVAILABLE}
2019-10-16 06:01:00,824 [main] INFO  handler.ContextHandler (ContextHandler.java:doStart(781)) - Started o.e.j.w.WebAppContext@100c8b75{/,file:///tmp/jetty-0.0.0.0-35593-hddsDatanode-_-any-1453649298787723043.dir/webapp/,AVAILABLE}{/hddsDatanode}
2019-10-16 06:01:00,825 [main] INFO  server.AbstractConnector (AbstractConnector.java:doStart(278)) - Started ServerConnector@2bc378f7{HTTP/1.1,[http/1.1]}{0.0.0.0:35593}
2019-10-16 06:01:00,826 [main] INFO  server.Server (Server.java:doStart(419)) - Started @5531ms
2019-10-16 06:01:00,826 [main] WARN  impl.MetricsSystemImpl (MetricsSystemImpl.java:register(276)) - Sink prometheus already exists!
2019-10-16 06:01:00,827 [main] INFO  server.BaseHttpServer (BaseHttpServer.java:updateConnectorAddress(215)) - HTTP server of HDDSDATANODE is listening at http://0.0.0.0:35593
2019-10-16 06:01:00,828 [main] INFO  impl.MetricsSystemImpl (MetricsSystemImpl.java:init(158)) - HddsDatanode metrics system started (again)
2019-10-16 06:01:00,831 [main] INFO  ozone.HddsDatanodeService (HddsDatanodeService.java:start(184)) - HddsDatanodeService host:pr-hdds-2312-q6qzp-1535798719 ip:192.168.69.104
2019-10-16 06:01:00,832 [org.apache.hadoop.util.JvmPauseMonitor$Monitor@6360dba8] INFO  util.JvmPauseMonitor (JvmPauseMonitor.java:run(188)) - Starting JVM pause monitor
2019-10-16 06:01:00,835 [Datanode State Machine Thread - 0] INFO  datanode.InitDatanodeState (InitDatanodeState.java:persistContainerDatanodeDetails(140)) - DatanodeDetails is persisted to /workdir/hadoop-ozone/integration-test/target/test-dir/MiniOzoneClusterImpl-257c3db4-a93f-4c6f-afa5-a7c4c1fab1a3/datanode-4/meta/datanode.id
2019-10-16 06:01:00,841 [main] INFO  volume.HddsVolume (HddsVolume.java:<init>(176)) - Creating Volume: /workdir/hadoop-ozone/integration-test/target/test-dir/MiniOzoneClusterImpl-257c3db4-a93f-4c6f-afa5-a7c4c1fab1a3/datanode-5/data/containers/hdds of  storage type : DISK and capacity : 1482555576320
2019-10-16 06:01:00,841 [main] INFO  volume.VolumeSet (VolumeSet.java:initializeVolumeSet(170)) - Added Volume : /workdir/hadoop-ozone/integration-test/target/test-dir/MiniOzoneClusterImpl-257c3db4-a93f-4c6f-afa5-a7c4c1fab1a3/datanode-5/data/containers/hdds to VolumeSet
2019-10-16 06:01:00,841 [main] INFO  volume.ThrottledAsyncChecker (ThrottledAsyncChecker.java:schedule(141)) - Scheduling a check for /workdir/hadoop-ozone/integration-test/target/test-dir/MiniOzoneClusterImpl-257c3db4-a93f-4c6f-afa5-a7c4c1fab1a3/datanode-5/data/containers/hdds
2019-10-16 06:01:00,842 [main] INFO  volume.HddsVolumeChecker (HddsVolumeChecker.java:checkAllVolumes(204)) - Scheduled health check for volume /workdir/hadoop-ozone/integration-test/target/test-dir/MiniOzoneClusterImpl-257c3db4-a93f-4c6f-afa5-a7c4c1fab1a3/datanode-5/data/containers/hdds
2019-10-16 06:01:00,860 [main] INFO  impl.RaftServerProxy (ConfUtils.java:logGet(43)) - raft.rpc.type = GRPC (default)
2019-10-16 06:01:00,860 [main] INFO  grpc.GrpcFactory (GrpcFactory.java:checkPooledByteBufAllocatorUseCacheForAllThreads(45)) - PERFORMANCE WARNING: useCacheForAllThreads is true that may cause Netty to create a lot garbage objects and, as a result, trigger GC.
	It is recommended to disable useCacheForAllThreads by setting -Dorg.apache.ratis.thirdparty.io.netty.allocator.useCacheForAllThreads=false in command line.
2019-10-16 06:01:00,860 [main] INFO  grpc.GrpcConfigKeys$Server (ConfUtils.java:logGet(43)) - raft.grpc.server.port = 0 (default)
2019-10-16 06:01:00,860 [main] INFO  server.GrpcService (ConfUtils.java:logGet(43)) - raft.grpc.message.size.max = 33570816 (custom)
2019-10-16 06:01:00,860 [main] INFO  server.RaftServerConfigKeys (ConfUtils.java:logGet(43)) - raft.server.log.appender.buffer.byte-limit = 33554432 (custom)
2019-10-16 06:01:00,861 [main] INFO  server.GrpcService (ConfUtils.java:logGet(43)) - raft.grpc.flow.control.window = 1MB (=1048576) (default)
2019-10-16 06:01:00,861 [main] INFO  server.RaftServerConfigKeys (ConfUtils.java:logGet(43)) - raft.server.rpc.request.timeout = 3000ms (default)
2019-10-16 06:01:00,861 [main] INFO  server.RaftServerConfigKeys (ConfUtils.java:logGet(43)) - raft.server.storage.dir = [/workdir/hadoop-ozone/integration-test/target/test-dir/MiniOzoneClusterImpl-257c3db4-a93f-4c6f-afa5-a7c4c1fab1a3/datanode-5/data/ratis] (custom)
2019-10-16 06:01:00,863 [main] INFO  hdfs.DFSUtil (DFSUtil.java:httpServerTemplateForNNAndJN(1641)) - Starting Web-server for hddsDatanode at: http://0.0.0.0:0
2019-10-16 06:01:00,865 [main] INFO  server.AuthenticationFilter (AuthenticationFilter.java:constructSecretProvider(240)) - Unable to initialize FileSignerSecretProvider, falling back to use random secrets.
2019-10-16 06:01:00,865 [main] WARN  http.HttpRequestLog (HttpRequestLog.java:getRequestLog(97)) - Jetty request log can only be enabled using Log4j
2019-10-16 06:01:00,866 [main] INFO  http.HttpServer2 (HttpServer2.java:addGlobalFilter(975)) - Added global filter 'safety' (class=org.apache.hadoop.http.HttpServer2$QuotingInputFilter)
2019-10-16 06:01:00,867 [main] INFO  http.HttpServer2 (HttpServer2.java:addFilter(948)) - Added filter static_user_filter (class=org.apache.hadoop.http.lib.StaticUserWebFilter$StaticUserFilter) to context hddsDatanode
2019-10-16 06:01:00,867 [main] INFO  http.HttpServer2 (HttpServer2.java:addFilter(958)) - Added filter static_user_filter (class=org.apache.hadoop.http.lib.StaticUserWebFilter$StaticUserFilter) to context logs
2019-10-16 06:01:00,867 [main] INFO  http.HttpServer2 (HttpServer2.java:addFilter(958)) - Added filter static_user_filter (class=org.apache.hadoop.http.lib.StaticUserWebFilter$StaticUserFilter) to context static
2019-10-16 06:01:00,868 [main] INFO  http.HttpServer2 (HttpServer2.java:bindListener(1191)) - Jetty bound to port 36201
2019-10-16 06:01:00,868 [main] INFO  server.Server (Server.java:doStart(351)) - jetty-9.3.25.v20180904, build timestamp: 2018-09-04T21:11:46Z, git hash: 3ce520221d0240229c862b122d2b06c12a625732
2019-10-16 06:01:00,870 [main] INFO  handler.ContextHandler (ContextHandler.java:doStart(781)) - Started o.e.j.s.ServletContextHandler@1ab5f08a{/logs,file:///workdir/hadoop-ozone/integration-test/target/log,AVAILABLE}
2019-10-16 06:01:00,870 [main] INFO  handler.ContextHandler (ContextHandler.java:doStart(781)) - Started o.e.j.s.ServletContextHandler@79a04e5f{/static,jar:file:/home/user/.m2/repository/org/apache/hadoop/hadoop-hdds-container-service/0.5.0-SNAPSHOT/hadoop-hdds-container-service-0.5.0-SNAPSHOT.jar!/webapps/static,AVAILABLE}
2019-10-16 06:01:00,902 [main] INFO  handler.ContextHandler (ContextHandler.java:doStart(781)) - Started o.e.j.w.WebAppContext@57272109{/,file:///tmp/jetty-0.0.0.0-36201-hddsDatanode-_-any-2378908036077456342.dir/webapp/,AVAILABLE}{/hddsDatanode}
2019-10-16 06:01:00,902 [main] INFO  server.AbstractConnector (AbstractConnector.java:doStart(278)) - Started ServerConnector@59696551{HTTP/1.1,[http/1.1]}{0.0.0.0:36201}
2019-10-16 06:01:00,903 [main] INFO  server.Server (Server.java:doStart(419)) - Started @5609ms
2019-10-16 06:01:00,903 [main] WARN  impl.MetricsSystemImpl (MetricsSystemImpl.java:register(276)) - Sink prometheus already exists!
2019-10-16 06:01:00,904 [main] INFO  server.BaseHttpServer (BaseHttpServer.java:updateConnectorAddress(215)) - HTTP server of HDDSDATANODE is listening at http://0.0.0.0:36201
2019-10-16 06:01:00,905 [main] INFO  impl.MetricsSystemImpl (MetricsSystemImpl.java:init(158)) - HddsDatanode metrics system started (again)
2019-10-16 06:01:00,909 [org.apache.hadoop.util.JvmPauseMonitor$Monitor@277cf0b4] INFO  util.JvmPauseMonitor (JvmPauseMonitor.java:run(188)) - Starting JVM pause monitor
2019-10-16 06:01:00,911 [main] INFO  ozone.HddsDatanodeService (HddsDatanodeService.java:start(184)) - HddsDatanodeService host:pr-hdds-2312-q6qzp-1535798719 ip:192.168.69.104
2019-10-16 06:01:00,913 [Datanode State Machine Thread - 0] INFO  datanode.InitDatanodeState (InitDatanodeState.java:persistContainerDatanodeDetails(140)) - DatanodeDetails is persisted to /workdir/hadoop-ozone/integration-test/target/test-dir/MiniOzoneClusterImpl-257c3db4-a93f-4c6f-afa5-a7c4c1fab1a3/datanode-5/meta/datanode.id
2019-10-16 06:01:00,920 [main] INFO  volume.HddsVolume (HddsVolume.java:<init>(176)) - Creating Volume: /workdir/hadoop-ozone/integration-test/target/test-dir/MiniOzoneClusterImpl-257c3db4-a93f-4c6f-afa5-a7c4c1fab1a3/datanode-6/data/containers/hdds of  storage type : DISK and capacity : 1482555576320
2019-10-16 06:01:00,921 [main] INFO  volume.VolumeSet (VolumeSet.java:initializeVolumeSet(170)) - Added Volume : /workdir/hadoop-ozone/integration-test/target/test-dir/MiniOzoneClusterImpl-257c3db4-a93f-4c6f-afa5-a7c4c1fab1a3/datanode-6/data/containers/hdds to VolumeSet
2019-10-16 06:01:00,921 [main] INFO  volume.ThrottledAsyncChecker (ThrottledAsyncChecker.java:schedule(141)) - Scheduling a check for /workdir/hadoop-ozone/integration-test/target/test-dir/MiniOzoneClusterImpl-257c3db4-a93f-4c6f-afa5-a7c4c1fab1a3/datanode-6/data/containers/hdds
2019-10-16 06:01:00,922 [main] INFO  volume.HddsVolumeChecker (HddsVolumeChecker.java:checkAllVolumes(204)) - Scheduled health check for volume /workdir/hadoop-ozone/integration-test/target/test-dir/MiniOzoneClusterImpl-257c3db4-a93f-4c6f-afa5-a7c4c1fab1a3/datanode-6/data/containers/hdds
2019-10-16 06:01:00,942 [main] INFO  impl.RaftServerProxy (ConfUtils.java:logGet(43)) - raft.rpc.type = GRPC (default)
2019-10-16 06:01:00,943 [main] INFO  grpc.GrpcFactory (GrpcFactory.java:checkPooledByteBufAllocatorUseCacheForAllThreads(45)) - PERFORMANCE WARNING: useCacheForAllThreads is true that may cause Netty to create a lot garbage objects and, as a result, trigger GC.
	It is recommended to disable useCacheForAllThreads by setting -Dorg.apache.ratis.thirdparty.io.netty.allocator.useCacheForAllThreads=false in command line.
2019-10-16 06:01:00,943 [main] INFO  grpc.GrpcConfigKeys$Server (ConfUtils.java:logGet(43)) - raft.grpc.server.port = 0 (default)
2019-10-16 06:01:00,943 [main] INFO  server.GrpcService (ConfUtils.java:logGet(43)) - raft.grpc.message.size.max = 33570816 (custom)
2019-10-16 06:01:00,943 [main] INFO  server.RaftServerConfigKeys (ConfUtils.java:logGet(43)) - raft.server.log.appender.buffer.byte-limit = 33554432 (custom)
2019-10-16 06:01:00,944 [main] INFO  server.GrpcService (ConfUtils.java:logGet(43)) - raft.grpc.flow.control.window = 1MB (=1048576) (default)
2019-10-16 06:01:00,944 [main] INFO  server.RaftServerConfigKeys (ConfUtils.java:logGet(43)) - raft.server.rpc.request.timeout = 3000ms (default)
2019-10-16 06:01:00,945 [main] INFO  server.RaftServerConfigKeys (ConfUtils.java:logGet(43)) - raft.server.storage.dir = [/workdir/hadoop-ozone/integration-test/target/test-dir/MiniOzoneClusterImpl-257c3db4-a93f-4c6f-afa5-a7c4c1fab1a3/datanode-6/data/ratis] (custom)
2019-10-16 06:01:00,947 [main] INFO  hdfs.DFSUtil (DFSUtil.java:httpServerTemplateForNNAndJN(1641)) - Starting Web-server for hddsDatanode at: http://0.0.0.0:0
2019-10-16 06:01:00,948 [main] INFO  server.AuthenticationFilter (AuthenticationFilter.java:constructSecretProvider(240)) - Unable to initialize FileSignerSecretProvider, falling back to use random secrets.
2019-10-16 06:01:00,949 [main] WARN  http.HttpRequestLog (HttpRequestLog.java:getRequestLog(97)) - Jetty request log can only be enabled using Log4j
2019-10-16 06:01:00,950 [main] INFO  http.HttpServer2 (HttpServer2.java:addGlobalFilter(975)) - Added global filter 'safety' (class=org.apache.hadoop.http.HttpServer2$QuotingInputFilter)
2019-10-16 06:01:00,951 [main] INFO  http.HttpServer2 (HttpServer2.java:addFilter(948)) - Added filter static_user_filter (class=org.apache.hadoop.http.lib.StaticUserWebFilter$StaticUserFilter) to context hddsDatanode
2019-10-16 06:01:00,951 [main] INFO  http.HttpServer2 (HttpServer2.java:addFilter(958)) - Added filter static_user_filter (class=org.apache.hadoop.http.lib.StaticUserWebFilter$StaticUserFilter) to context static
2019-10-16 06:01:00,951 [main] INFO  http.HttpServer2 (HttpServer2.java:addFilter(958)) - Added filter static_user_filter (class=org.apache.hadoop.http.lib.StaticUserWebFilter$StaticUserFilter) to context logs
2019-10-16 06:01:00,952 [main] INFO  http.HttpServer2 (HttpServer2.java:bindListener(1191)) - Jetty bound to port 35295
2019-10-16 06:01:00,952 [main] INFO  server.Server (Server.java:doStart(351)) - jetty-9.3.25.v20180904, build timestamp: 2018-09-04T21:11:46Z, git hash: 3ce520221d0240229c862b122d2b06c12a625732
2019-10-16 06:01:00,954 [main] INFO  handler.ContextHandler (ContextHandler.java:doStart(781)) - Started o.e.j.s.ServletContextHandler@15c4af7a{/logs,file:///workdir/hadoop-ozone/integration-test/target/log,AVAILABLE}
2019-10-16 06:01:00,955 [main] INFO  handler.ContextHandler (ContextHandler.java:doStart(781)) - Started o.e.j.s.ServletContextHandler@55d58825{/static,jar:file:/home/user/.m2/repository/org/apache/hadoop/hadoop-hdds-container-service/0.5.0-SNAPSHOT/hadoop-hdds-container-service-0.5.0-SNAPSHOT.jar!/webapps/static,AVAILABLE}
2019-10-16 06:01:00,985 [main] INFO  handler.ContextHandler (ContextHandler.java:doStart(781)) - Started o.e.j.w.WebAppContext@4acc5dff{/,file:///tmp/jetty-0.0.0.0-35295-hddsDatanode-_-any-747480641518575912.dir/webapp/,AVAILABLE}{/hddsDatanode}
2019-10-16 06:01:00,986 [main] INFO  server.AbstractConnector (AbstractConnector.java:doStart(278)) - Started ServerConnector@10c72a6f{HTTP/1.1,[http/1.1]}{0.0.0.0:35295}
2019-10-16 06:01:00,987 [main] INFO  server.Server (Server.java:doStart(419)) - Started @5692ms
2019-10-16 06:01:00,987 [main] WARN  impl.MetricsSystemImpl (MetricsSystemImpl.java:register(276)) - Sink prometheus already exists!
2019-10-16 06:01:00,988 [main] INFO  server.BaseHttpServer (BaseHttpServer.java:updateConnectorAddress(215)) - HTTP server of HDDSDATANODE is listening at http://0.0.0.0:35295
2019-10-16 06:01:00,988 [main] INFO  impl.MetricsSystemImpl (MetricsSystemImpl.java:init(158)) - HddsDatanode metrics system started (again)
2019-10-16 06:01:00,992 [main] INFO  ozone.HddsDatanodeService (HddsDatanodeService.java:start(184)) - HddsDatanodeService host:pr-hdds-2312-q6qzp-1535798719 ip:192.168.69.104
2019-10-16 06:01:00,993 [org.apache.hadoop.util.JvmPauseMonitor$Monitor@2a3f2f] INFO  util.JvmPauseMonitor (JvmPauseMonitor.java:run(188)) - Starting JVM pause monitor
2019-10-16 06:01:00,996 [Datanode State Machine Thread - 0] INFO  datanode.InitDatanodeState (InitDatanodeState.java:persistContainerDatanodeDetails(140)) - DatanodeDetails is persisted to /workdir/hadoop-ozone/integration-test/target/test-dir/MiniOzoneClusterImpl-257c3db4-a93f-4c6f-afa5-a7c4c1fab1a3/datanode-6/meta/datanode.id
2019-10-16 06:01:01,001 [main] INFO  volume.HddsVolume (HddsVolume.java:<init>(176)) - Creating Volume: /workdir/hadoop-ozone/integration-test/target/test-dir/MiniOzoneClusterImpl-257c3db4-a93f-4c6f-afa5-a7c4c1fab1a3/datanode-7/data/containers/hdds of  storage type : DISK and capacity : 1482555576320
2019-10-16 06:01:01,002 [main] INFO  volume.VolumeSet (VolumeSet.java:initializeVolumeSet(170)) - Added Volume : /workdir/hadoop-ozone/integration-test/target/test-dir/MiniOzoneClusterImpl-257c3db4-a93f-4c6f-afa5-a7c4c1fab1a3/datanode-7/data/containers/hdds to VolumeSet
2019-10-16 06:01:01,002 [main] INFO  volume.ThrottledAsyncChecker (ThrottledAsyncChecker.java:schedule(141)) - Scheduling a check for /workdir/hadoop-ozone/integration-test/target/test-dir/MiniOzoneClusterImpl-257c3db4-a93f-4c6f-afa5-a7c4c1fab1a3/datanode-7/data/containers/hdds
2019-10-16 06:01:01,003 [main] INFO  volume.HddsVolumeChecker (HddsVolumeChecker.java:checkAllVolumes(204)) - Scheduled health check for volume /workdir/hadoop-ozone/integration-test/target/test-dir/MiniOzoneClusterImpl-257c3db4-a93f-4c6f-afa5-a7c4c1fab1a3/datanode-7/data/containers/hdds
2019-10-16 06:01:01,016 [main] INFO  impl.RaftServerProxy (ConfUtils.java:logGet(43)) - raft.rpc.type = GRPC (default)
2019-10-16 06:01:01,016 [main] INFO  grpc.GrpcFactory (GrpcFactory.java:checkPooledByteBufAllocatorUseCacheForAllThreads(45)) - PERFORMANCE WARNING: useCacheForAllThreads is true that may cause Netty to create a lot garbage objects and, as a result, trigger GC.
	It is recommended to disable useCacheForAllThreads by setting -Dorg.apache.ratis.thirdparty.io.netty.allocator.useCacheForAllThreads=false in command line.
2019-10-16 06:01:01,016 [main] INFO  grpc.GrpcConfigKeys$Server (ConfUtils.java:logGet(43)) - raft.grpc.server.port = 0 (default)
2019-10-16 06:01:01,016 [main] INFO  server.GrpcService (ConfUtils.java:logGet(43)) - raft.grpc.message.size.max = 33570816 (custom)
2019-10-16 06:01:01,017 [main] INFO  server.RaftServerConfigKeys (ConfUtils.java:logGet(43)) - raft.server.log.appender.buffer.byte-limit = 33554432 (custom)
2019-10-16 06:01:01,017 [main] INFO  server.GrpcService (ConfUtils.java:logGet(43)) - raft.grpc.flow.control.window = 1MB (=1048576) (default)
2019-10-16 06:01:01,017 [main] INFO  server.RaftServerConfigKeys (ConfUtils.java:logGet(43)) - raft.server.rpc.request.timeout = 3000ms (default)
2019-10-16 06:01:01,017 [main] INFO  server.RaftServerConfigKeys (ConfUtils.java:logGet(43)) - raft.server.storage.dir = [/workdir/hadoop-ozone/integration-test/target/test-dir/MiniOzoneClusterImpl-257c3db4-a93f-4c6f-afa5-a7c4c1fab1a3/datanode-7/data/ratis] (custom)
2019-10-16 06:01:01,019 [main] INFO  hdfs.DFSUtil (DFSUtil.java:httpServerTemplateForNNAndJN(1641)) - Starting Web-server for hddsDatanode at: http://0.0.0.0:0
2019-10-16 06:01:01,020 [main] INFO  server.AuthenticationFilter (AuthenticationFilter.java:constructSecretProvider(240)) - Unable to initialize FileSignerSecretProvider, falling back to use random secrets.
2019-10-16 06:01:01,021 [main] WARN  http.HttpRequestLog (HttpRequestLog.java:getRequestLog(97)) - Jetty request log can only be enabled using Log4j
2019-10-16 06:01:01,022 [main] INFO  http.HttpServer2 (HttpServer2.java:addGlobalFilter(975)) - Added global filter 'safety' (class=org.apache.hadoop.http.HttpServer2$QuotingInputFilter)
2019-10-16 06:01:01,023 [main] INFO  http.HttpServer2 (HttpServer2.java:addFilter(948)) - Added filter static_user_filter (class=org.apache.hadoop.http.lib.StaticUserWebFilter$StaticUserFilter) to context hddsDatanode
2019-10-16 06:01:01,023 [main] INFO  http.HttpServer2 (HttpServer2.java:addFilter(958)) - Added filter static_user_filter (class=org.apache.hadoop.http.lib.StaticUserWebFilter$StaticUserFilter) to context logs
2019-10-16 06:01:01,023 [main] INFO  http.HttpServer2 (HttpServer2.java:addFilter(958)) - Added filter static_user_filter (class=org.apache.hadoop.http.lib.StaticUserWebFilter$StaticUserFilter) to context static
2019-10-16 06:01:01,024 [main] INFO  http.HttpServer2 (HttpServer2.java:bindListener(1191)) - Jetty bound to port 45220
2019-10-16 06:01:01,024 [main] INFO  server.Server (Server.java:doStart(351)) - jetty-9.3.25.v20180904, build timestamp: 2018-09-04T21:11:46Z, git hash: 3ce520221d0240229c862b122d2b06c12a625732
2019-10-16 06:01:01,026 [main] INFO  handler.ContextHandler (ContextHandler.java:doStart(781)) - Started o.e.j.s.ServletContextHandler@6d11ceef{/logs,file:///workdir/hadoop-ozone/integration-test/target/log,AVAILABLE}
2019-10-16 06:01:01,026 [main] INFO  handler.ContextHandler (ContextHandler.java:doStart(781)) - Started o.e.j.s.ServletContextHandler@72e295cc{/static,jar:file:/home/user/.m2/repository/org/apache/hadoop/hadoop-hdds-container-service/0.5.0-SNAPSHOT/hadoop-hdds-container-service-0.5.0-SNAPSHOT.jar!/webapps/static,AVAILABLE}
2019-10-16 06:01:01,056 [main] INFO  handler.ContextHandler (ContextHandler.java:doStart(781)) - Started o.e.j.w.WebAppContext@2373ad99{/,file:///tmp/jetty-0.0.0.0-45220-hddsDatanode-_-any-6893838085155617709.dir/webapp/,AVAILABLE}{/hddsDatanode}
2019-10-16 06:01:01,057 [main] INFO  server.AbstractConnector (AbstractConnector.java:doStart(278)) - Started ServerConnector@33634f04{HTTP/1.1,[http/1.1]}{0.0.0.0:45220}
2019-10-16 06:01:01,057 [main] INFO  server.Server (Server.java:doStart(419)) - Started @5763ms
2019-10-16 06:01:01,058 [main] WARN  impl.MetricsSystemImpl (MetricsSystemImpl.java:register(276)) - Sink prometheus already exists!
2019-10-16 06:01:01,058 [main] INFO  server.BaseHttpServer (BaseHttpServer.java:updateConnectorAddress(215)) - HTTP server of HDDSDATANODE is listening at http://0.0.0.0:45220
2019-10-16 06:01:01,059 [main] INFO  impl.MetricsSystemImpl (MetricsSystemImpl.java:init(158)) - HddsDatanode metrics system started (again)
2019-10-16 06:01:01,063 [main] INFO  ozone.HddsDatanodeService (HddsDatanodeService.java:start(184)) - HddsDatanodeService host:pr-hdds-2312-q6qzp-1535798719 ip:192.168.69.104
2019-10-16 06:01:01,064 [org.apache.hadoop.util.JvmPauseMonitor$Monitor@183569cc] INFO  util.JvmPauseMonitor (JvmPauseMonitor.java:run(188)) - Starting JVM pause monitor
2019-10-16 06:01:01,067 [Datanode State Machine Thread - 0] INFO  datanode.InitDatanodeState (InitDatanodeState.java:persistContainerDatanodeDetails(140)) - DatanodeDetails is persisted to /workdir/hadoop-ozone/integration-test/target/test-dir/MiniOzoneClusterImpl-257c3db4-a93f-4c6f-afa5-a7c4c1fab1a3/datanode-7/meta/datanode.id
2019-10-16 06:01:01,073 [main] INFO  volume.HddsVolume (HddsVolume.java:<init>(176)) - Creating Volume: /workdir/hadoop-ozone/integration-test/target/test-dir/MiniOzoneClusterImpl-257c3db4-a93f-4c6f-afa5-a7c4c1fab1a3/datanode-8/data/containers/hdds of  storage type : DISK and capacity : 1482555576320
2019-10-16 06:01:01,074 [main] INFO  volume.VolumeSet (VolumeSet.java:initializeVolumeSet(170)) - Added Volume : /workdir/hadoop-ozone/integration-test/target/test-dir/MiniOzoneClusterImpl-257c3db4-a93f-4c6f-afa5-a7c4c1fab1a3/datanode-8/data/containers/hdds to VolumeSet
2019-10-16 06:01:01,074 [main] INFO  volume.ThrottledAsyncChecker (ThrottledAsyncChecker.java:schedule(141)) - Scheduling a check for /workdir/hadoop-ozone/integration-test/target/test-dir/MiniOzoneClusterImpl-257c3db4-a93f-4c6f-afa5-a7c4c1fab1a3/datanode-8/data/containers/hdds
2019-10-16 06:01:01,074 [main] INFO  volume.HddsVolumeChecker (HddsVolumeChecker.java:checkAllVolumes(204)) - Scheduled health check for volume /workdir/hadoop-ozone/integration-test/target/test-dir/MiniOzoneClusterImpl-257c3db4-a93f-4c6f-afa5-a7c4c1fab1a3/datanode-8/data/containers/hdds
2019-10-16 06:01:01,087 [main] INFO  impl.RaftServerProxy (ConfUtils.java:logGet(43)) - raft.rpc.type = GRPC (default)
2019-10-16 06:01:01,087 [main] INFO  grpc.GrpcFactory (GrpcFactory.java:checkPooledByteBufAllocatorUseCacheForAllThreads(45)) - PERFORMANCE WARNING: useCacheForAllThreads is true that may cause Netty to create a lot garbage objects and, as a result, trigger GC.
	It is recommended to disable useCacheForAllThreads by setting -Dorg.apache.ratis.thirdparty.io.netty.allocator.useCacheForAllThreads=false in command line.
2019-10-16 06:01:01,087 [main] INFO  grpc.GrpcConfigKeys$Server (ConfUtils.java:logGet(43)) - raft.grpc.server.port = 0 (default)
2019-10-16 06:01:01,088 [main] INFO  server.GrpcService (ConfUtils.java:logGet(43)) - raft.grpc.message.size.max = 33570816 (custom)
2019-10-16 06:01:01,088 [main] INFO  server.RaftServerConfigKeys (ConfUtils.java:logGet(43)) - raft.server.log.appender.buffer.byte-limit = 33554432 (custom)
2019-10-16 06:01:01,088 [main] INFO  server.GrpcService (ConfUtils.java:logGet(43)) - raft.grpc.flow.control.window = 1MB (=1048576) (default)
2019-10-16 06:01:01,088 [main] INFO  server.RaftServerConfigKeys (ConfUtils.java:logGet(43)) - raft.server.rpc.request.timeout = 3000ms (default)
2019-10-16 06:01:01,089 [main] INFO  server.RaftServerConfigKeys (ConfUtils.java:logGet(43)) - raft.server.storage.dir = [/workdir/hadoop-ozone/integration-test/target/test-dir/MiniOzoneClusterImpl-257c3db4-a93f-4c6f-afa5-a7c4c1fab1a3/datanode-8/data/ratis] (custom)
2019-10-16 06:01:01,090 [main] INFO  hdfs.DFSUtil (DFSUtil.java:httpServerTemplateForNNAndJN(1641)) - Starting Web-server for hddsDatanode at: http://0.0.0.0:0
2019-10-16 06:01:01,093 [main] INFO  server.AuthenticationFilter (AuthenticationFilter.java:constructSecretProvider(240)) - Unable to initialize FileSignerSecretProvider, falling back to use random secrets.
2019-10-16 06:01:01,094 [main] WARN  http.HttpRequestLog (HttpRequestLog.java:getRequestLog(97)) - Jetty request log can only be enabled using Log4j
2019-10-16 06:01:01,096 [main] INFO  http.HttpServer2 (HttpServer2.java:addGlobalFilter(975)) - Added global filter 'safety' (class=org.apache.hadoop.http.HttpServer2$QuotingInputFilter)
2019-10-16 06:01:01,097 [main] INFO  http.HttpServer2 (HttpServer2.java:addFilter(948)) - Added filter static_user_filter (class=org.apache.hadoop.http.lib.StaticUserWebFilter$StaticUserFilter) to context hddsDatanode
2019-10-16 06:01:01,097 [main] INFO  http.HttpServer2 (HttpServer2.java:addFilter(958)) - Added filter static_user_filter (class=org.apache.hadoop.http.lib.StaticUserWebFilter$StaticUserFilter) to context static
2019-10-16 06:01:01,098 [main] INFO  http.HttpServer2 (HttpServer2.java:addFilter(958)) - Added filter static_user_filter (class=org.apache.hadoop.http.lib.StaticUserWebFilter$StaticUserFilter) to context logs
2019-10-16 06:01:01,099 [main] INFO  http.HttpServer2 (HttpServer2.java:bindListener(1191)) - Jetty bound to port 36819
2019-10-16 06:01:01,099 [main] INFO  server.Server (Server.java:doStart(351)) - jetty-9.3.25.v20180904, build timestamp: 2018-09-04T21:11:46Z, git hash: 3ce520221d0240229c862b122d2b06c12a625732
2019-10-16 06:01:01,102 [main] INFO  handler.ContextHandler (ContextHandler.java:doStart(781)) - Started o.e.j.s.ServletContextHandler@5ad5be4a{/logs,file:///workdir/hadoop-ozone/integration-test/target/log,AVAILABLE}
2019-10-16 06:01:01,103 [main] INFO  handler.ContextHandler (ContextHandler.java:doStart(781)) - Started o.e.j.s.ServletContextHandler@737d100a{/static,jar:file:/home/user/.m2/repository/org/apache/hadoop/hadoop-hdds-container-service/0.5.0-SNAPSHOT/hadoop-hdds-container-service-0.5.0-SNAPSHOT.jar!/webapps/static,AVAILABLE}
2019-10-16 06:01:01,149 [main] INFO  handler.ContextHandler (ContextHandler.java:doStart(781)) - Started o.e.j.w.WebAppContext@47c40b56{/,file:///tmp/jetty-0.0.0.0-36819-hddsDatanode-_-any-6020988478383263762.dir/webapp/,AVAILABLE}{/hddsDatanode}
2019-10-16 06:01:01,150 [main] INFO  server.AbstractConnector (AbstractConnector.java:doStart(278)) - Started ServerConnector@4b039c6d{HTTP/1.1,[http/1.1]}{0.0.0.0:36819}
2019-10-16 06:01:01,151 [main] INFO  server.Server (Server.java:doStart(419)) - Started @5856ms
2019-10-16 06:01:01,151 [main] WARN  impl.MetricsSystemImpl (MetricsSystemImpl.java:register(276)) - Sink prometheus already exists!
2019-10-16 06:01:01,152 [main] INFO  server.BaseHttpServer (BaseHttpServer.java:updateConnectorAddress(215)) - HTTP server of HDDSDATANODE is listening at http://0.0.0.0:36819
2019-10-16 06:01:01,152 [main] INFO  impl.MetricsSystemImpl (MetricsSystemImpl.java:init(158)) - HddsDatanode metrics system started (again)
2019-10-16 06:01:01,157 [main] INFO  ozone.HddsDatanodeService (HddsDatanodeService.java:start(184)) - HddsDatanodeService host:pr-hdds-2312-q6qzp-1535798719 ip:192.168.69.104
2019-10-16 06:01:01,157 [org.apache.hadoop.util.JvmPauseMonitor$Monitor@4f6d6eee] INFO  util.JvmPauseMonitor (JvmPauseMonitor.java:run(188)) - Starting JVM pause monitor
2019-10-16 06:01:01,161 [Datanode State Machine Thread - 0] INFO  datanode.InitDatanodeState (InitDatanodeState.java:persistContainerDatanodeDetails(140)) - DatanodeDetails is persisted to /workdir/hadoop-ozone/integration-test/target/test-dir/MiniOzoneClusterImpl-257c3db4-a93f-4c6f-afa5-a7c4c1fab1a3/datanode-8/meta/datanode.id
2019-10-16 06:01:01,166 [main] INFO  volume.HddsVolume (HddsVolume.java:<init>(176)) - Creating Volume: /workdir/hadoop-ozone/integration-test/target/test-dir/MiniOzoneClusterImpl-257c3db4-a93f-4c6f-afa5-a7c4c1fab1a3/datanode-9/data/containers/hdds of  storage type : DISK and capacity : 1482555576320
2019-10-16 06:01:01,166 [main] INFO  volume.VolumeSet (VolumeSet.java:initializeVolumeSet(170)) - Added Volume : /workdir/hadoop-ozone/integration-test/target/test-dir/MiniOzoneClusterImpl-257c3db4-a93f-4c6f-afa5-a7c4c1fab1a3/datanode-9/data/containers/hdds to VolumeSet
2019-10-16 06:01:01,166 [main] INFO  volume.ThrottledAsyncChecker (ThrottledAsyncChecker.java:schedule(141)) - Scheduling a check for /workdir/hadoop-ozone/integration-test/target/test-dir/MiniOzoneClusterImpl-257c3db4-a93f-4c6f-afa5-a7c4c1fab1a3/datanode-9/data/containers/hdds
2019-10-16 06:01:01,167 [main] INFO  volume.HddsVolumeChecker (HddsVolumeChecker.java:checkAllVolumes(204)) - Scheduled health check for volume /workdir/hadoop-ozone/integration-test/target/test-dir/MiniOzoneClusterImpl-257c3db4-a93f-4c6f-afa5-a7c4c1fab1a3/datanode-9/data/containers/hdds
2019-10-16 06:01:01,179 [main] INFO  impl.RaftServerProxy (ConfUtils.java:logGet(43)) - raft.rpc.type = GRPC (default)
2019-10-16 06:01:01,179 [main] INFO  grpc.GrpcFactory (GrpcFactory.java:checkPooledByteBufAllocatorUseCacheForAllThreads(45)) - PERFORMANCE WARNING: useCacheForAllThreads is true that may cause Netty to create a lot garbage objects and, as a result, trigger GC.
	It is recommended to disable useCacheForAllThreads by setting -Dorg.apache.ratis.thirdparty.io.netty.allocator.useCacheForAllThreads=false in command line.
2019-10-16 06:01:01,180 [main] INFO  grpc.GrpcConfigKeys$Server (ConfUtils.java:logGet(43)) - raft.grpc.server.port = 0 (default)
2019-10-16 06:01:01,180 [main] INFO  server.GrpcService (ConfUtils.java:logGet(43)) - raft.grpc.message.size.max = 33570816 (custom)
2019-10-16 06:01:01,180 [main] INFO  server.RaftServerConfigKeys (ConfUtils.java:logGet(43)) - raft.server.log.appender.buffer.byte-limit = 33554432 (custom)
2019-10-16 06:01:01,180 [main] INFO  server.GrpcService (ConfUtils.java:logGet(43)) - raft.grpc.flow.control.window = 1MB (=1048576) (default)
2019-10-16 06:01:01,180 [main] INFO  server.RaftServerConfigKeys (ConfUtils.java:logGet(43)) - raft.server.rpc.request.timeout = 3000ms (default)
2019-10-16 06:01:01,181 [main] INFO  server.RaftServerConfigKeys (ConfUtils.java:logGet(43)) - raft.server.storage.dir = [/workdir/hadoop-ozone/integration-test/target/test-dir/MiniOzoneClusterImpl-257c3db4-a93f-4c6f-afa5-a7c4c1fab1a3/datanode-9/data/ratis] (custom)
2019-10-16 06:01:01,182 [main] INFO  hdfs.DFSUtil (DFSUtil.java:httpServerTemplateForNNAndJN(1641)) - Starting Web-server for hddsDatanode at: http://0.0.0.0:0
2019-10-16 06:01:01,183 [main] INFO  server.AuthenticationFilter (AuthenticationFilter.java:constructSecretProvider(240)) - Unable to initialize FileSignerSecretProvider, falling back to use random secrets.
2019-10-16 06:01:01,184 [main] WARN  http.HttpRequestLog (HttpRequestLog.java:getRequestLog(97)) - Jetty request log can only be enabled using Log4j
2019-10-16 06:01:01,185 [main] INFO  http.HttpServer2 (HttpServer2.java:addGlobalFilter(975)) - Added global filter 'safety' (class=org.apache.hadoop.http.HttpServer2$QuotingInputFilter)
2019-10-16 06:01:01,186 [main] INFO  http.HttpServer2 (HttpServer2.java:addFilter(948)) - Added filter static_user_filter (class=org.apache.hadoop.http.lib.StaticUserWebFilter$StaticUserFilter) to context hddsDatanode
2019-10-16 06:01:01,186 [main] INFO  http.HttpServer2 (HttpServer2.java:addFilter(958)) - Added filter static_user_filter (class=org.apache.hadoop.http.lib.StaticUserWebFilter$StaticUserFilter) to context static
2019-10-16 06:01:01,186 [main] INFO  http.HttpServer2 (HttpServer2.java:addFilter(958)) - Added filter static_user_filter (class=org.apache.hadoop.http.lib.StaticUserWebFilter$StaticUserFilter) to context logs
2019-10-16 06:01:01,187 [main] INFO  http.HttpServer2 (HttpServer2.java:bindListener(1191)) - Jetty bound to port 39297
2019-10-16 06:01:01,187 [main] INFO  server.Server (Server.java:doStart(351)) - jetty-9.3.25.v20180904, build timestamp: 2018-09-04T21:11:46Z, git hash: 3ce520221d0240229c862b122d2b06c12a625732
2019-10-16 06:01:01,189 [main] INFO  handler.ContextHandler (ContextHandler.java:doStart(781)) - Started o.e.j.s.ServletContextHandler@d613308{/logs,file:///workdir/hadoop-ozone/integration-test/target/log,AVAILABLE}
2019-10-16 06:01:01,189 [main] INFO  handler.ContextHandler (ContextHandler.java:doStart(781)) - Started o.e.j.s.ServletContextHandler@7b27e8f4{/static,jar:file:/home/user/.m2/repository/org/apache/hadoop/hadoop-hdds-container-service/0.5.0-SNAPSHOT/hadoop-hdds-container-service-0.5.0-SNAPSHOT.jar!/webapps/static,AVAILABLE}
2019-10-16 06:01:01,219 [main] INFO  handler.ContextHandler (ContextHandler.java:doStart(781)) - Started o.e.j.w.WebAppContext@32177fa5{/,file:///tmp/jetty-0.0.0.0-39297-hddsDatanode-_-any-1427833823382468143.dir/webapp/,AVAILABLE}{/hddsDatanode}
2019-10-16 06:01:01,219 [main] INFO  server.AbstractConnector (AbstractConnector.java:doStart(278)) - Started ServerConnector@a96d56c{HTTP/1.1,[http/1.1]}{0.0.0.0:39297}
2019-10-16 06:01:01,220 [main] INFO  server.Server (Server.java:doStart(419)) - Started @5926ms
2019-10-16 06:01:01,220 [main] WARN  impl.MetricsSystemImpl (MetricsSystemImpl.java:register(276)) - Sink prometheus already exists!
2019-10-16 06:01:01,221 [main] INFO  server.BaseHttpServer (BaseHttpServer.java:updateConnectorAddress(215)) - HTTP server of HDDSDATANODE is listening at http://0.0.0.0:39297
2019-10-16 06:01:01,225 [main] INFO  security.OzoneBlockTokenSecretManager (OzoneSecretManager.java:updateCurrentKey(170)) - Updating the current master key for generating tokens
2019-10-16 06:01:01,227 [org.apache.hadoop.util.JvmPauseMonitor$Monitor@89ed2a0] INFO  util.JvmPauseMonitor (JvmPauseMonitor.java:run(188)) - Starting JVM pause monitor
2019-10-16 06:01:01,230 [Datanode State Machine Thread - 0] INFO  datanode.InitDatanodeState (InitDatanodeState.java:persistContainerDatanodeDetails(140)) - DatanodeDetails is persisted to /workdir/hadoop-ozone/integration-test/target/test-dir/MiniOzoneClusterImpl-257c3db4-a93f-4c6f-afa5-a7c4c1fab1a3/datanode-9/meta/datanode.id
2019-10-16 06:01:01,243 [main] INFO  om.OzoneManager (OzoneManager.java:readKeyPair(716)) - Reading keypair and certificate from file system.
2019-10-16 06:01:01,243 [main] INFO  om.OzoneManager (OzoneManager.java:startSecretManager(682)) - Starting OM block token secret manager
2019-10-16 06:01:01,243 [main] INFO  security.OzoneBlockTokenSecretManager (OzoneSecretManager.java:updateCurrentKey(170)) - Updating the current master key for generating tokens
2019-10-16 06:01:01,244 [main] INFO  ozone.MiniOzoneClusterImpl (MiniOzoneClusterImpl.java:lambda$waitForClusterToBeReady$0(147)) - Waiting for cluster to be ready. Got 0 of 10 DN Heartbeats.
2019-10-16 06:01:02,244 [main] INFO  ozone.MiniOzoneClusterImpl (MiniOzoneClusterImpl.java:lambda$waitForClusterToBeReady$0(147)) - Waiting for cluster to be ready. Got 0 of 10 DN Heartbeats.
2019-10-16 06:01:02,741 [Datanode State Machine Thread - 0] INFO  ozoneimpl.OzoneContainer (OzoneContainer.java:start(213)) - Attempting to start container services.
2019-10-16 06:01:02,741 [Datanode State Machine Thread - 0] INFO  ozoneimpl.OzoneContainer (OzoneContainer.java:start(213)) - Attempting to start container services.
2019-10-16 06:01:02,741 [Datanode State Machine Thread - 0] INFO  ozoneimpl.OzoneContainer (OzoneContainer.java:start(213)) - Attempting to start container services.
2019-10-16 06:01:02,744 [Datanode State Machine Thread - 0] INFO  ozoneimpl.OzoneContainer (OzoneContainer.java:startContainerScrub(177)) - Background container scanner has been disabled.
2019-10-16 06:01:02,744 [Datanode State Machine Thread - 0] INFO  ratis.XceiverServerRatis (XceiverServerRatis.java:start(418)) - Starting XceiverServerRatis 33262cc1-fa76-4c5f-8480-ecaaaa59e1c3 at port 0
2019-10-16 06:01:02,744 [Datanode State Machine Thread - 0] INFO  ozoneimpl.OzoneContainer (OzoneContainer.java:startContainerScrub(177)) - Background container scanner has been disabled.
2019-10-16 06:01:02,744 [Datanode State Machine Thread - 0] INFO  ozoneimpl.OzoneContainer (OzoneContainer.java:startContainerScrub(177)) - Background container scanner has been disabled.
2019-10-16 06:01:02,744 [Datanode State Machine Thread - 0] INFO  ratis.XceiverServerRatis (XceiverServerRatis.java:start(418)) - Starting XceiverServerRatis 46286b1e-0911-4b60-930a-7d069b9f5ead at port 0
2019-10-16 06:01:02,745 [Datanode State Machine Thread - 0] INFO  ratis.XceiverServerRatis (XceiverServerRatis.java:start(418)) - Starting XceiverServerRatis f4df195b-7a0f-45aa-bcc4-04d0d9ee9376 at port 0
2019-10-16 06:01:02,753 [Datanode State Machine Thread - 0] INFO  ozoneimpl.OzoneContainer (OzoneContainer.java:start(213)) - Attempting to start container services.
2019-10-16 06:01:02,760 [Datanode State Machine Thread - 0] INFO  ozoneimpl.OzoneContainer (OzoneContainer.java:startContainerScrub(177)) - Background container scanner has been disabled.
2019-10-16 06:01:02,760 [Datanode State Machine Thread - 0] INFO  ratis.XceiverServerRatis (XceiverServerRatis.java:start(418)) - Starting XceiverServerRatis d1fdf168-58cb-444a-97ca-5abcdb1babef at port 0
2019-10-16 06:01:02,801 [Datanode State Machine Thread - 0] INFO  impl.RaftServerProxy (RaftServerProxy.java:lambda$start$3(299)) - 33262cc1-fa76-4c5f-8480-ecaaaa59e1c3: start RPC server
2019-10-16 06:01:02,801 [Datanode State Machine Thread - 0] INFO  impl.RaftServerProxy (RaftServerProxy.java:lambda$start$3(299)) - 46286b1e-0911-4b60-930a-7d069b9f5ead: start RPC server
2019-10-16 06:01:02,801 [Datanode State Machine Thread - 0] INFO  impl.RaftServerProxy (RaftServerProxy.java:lambda$start$3(299)) - f4df195b-7a0f-45aa-bcc4-04d0d9ee9376: start RPC server
2019-10-16 06:01:02,801 [Datanode State Machine Thread - 0] INFO  impl.RaftServerProxy (RaftServerProxy.java:lambda$start$3(299)) - d1fdf168-58cb-444a-97ca-5abcdb1babef: start RPC server
2019-10-16 06:01:02,848 [Datanode State Machine Thread - 0] INFO  ozoneimpl.OzoneContainer (OzoneContainer.java:start(213)) - Attempting to start container services.
2019-10-16 06:01:02,848 [Datanode State Machine Thread - 0] INFO  ozoneimpl.OzoneContainer (OzoneContainer.java:startContainerScrub(177)) - Background container scanner has been disabled.
2019-10-16 06:01:02,848 [Datanode State Machine Thread - 0] INFO  ratis.XceiverServerRatis (XceiverServerRatis.java:start(418)) - Starting XceiverServerRatis 8c19deeb-317a-48b3-82a9-f18220a73035 at port 0
2019-10-16 06:01:02,864 [Datanode State Machine Thread - 0] INFO  impl.RaftServerProxy (RaftServerProxy.java:lambda$start$3(299)) - 8c19deeb-317a-48b3-82a9-f18220a73035: start RPC server
2019-10-16 06:01:02,929 [Datanode State Machine Thread - 0] INFO  ozoneimpl.OzoneContainer (OzoneContainer.java:start(213)) - Attempting to start container services.
2019-10-16 06:01:02,930 [Datanode State Machine Thread - 0] INFO  ozoneimpl.OzoneContainer (OzoneContainer.java:startContainerScrub(177)) - Background container scanner has been disabled.
2019-10-16 06:01:02,931 [Datanode State Machine Thread - 0] INFO  ratis.XceiverServerRatis (XceiverServerRatis.java:start(418)) - Starting XceiverServerRatis 312a2b1d-4089-408f-ae02-669a7707c04d at port 0
2019-10-16 06:01:02,946 [Datanode State Machine Thread - 0] INFO  impl.RaftServerProxy (RaftServerProxy.java:lambda$start$3(299)) - 312a2b1d-4089-408f-ae02-669a7707c04d: start RPC server
2019-10-16 06:01:02,952 [Datanode State Machine Thread - 0] INFO  server.GrpcService (GrpcService.java:startImpl(158)) - 46286b1e-0911-4b60-930a-7d069b9f5ead: GrpcService started, listening on 0.0.0.0/0.0.0.0:35014
2019-10-16 06:01:02,952 [Datanode State Machine Thread - 0] INFO  server.GrpcService (GrpcService.java:startImpl(158)) - d1fdf168-58cb-444a-97ca-5abcdb1babef: GrpcService started, listening on 0.0.0.0/0.0.0.0:44847
2019-10-16 06:01:02,953 [Datanode State Machine Thread - 0] INFO  ratis.XceiverServerRatis (XceiverServerRatis.java:start(428)) - XceiverServerRatis 46286b1e-0911-4b60-930a-7d069b9f5ead is started using port 35014
2019-10-16 06:01:02,952 [Datanode State Machine Thread - 0] INFO  server.GrpcService (GrpcService.java:startImpl(158)) - f4df195b-7a0f-45aa-bcc4-04d0d9ee9376: GrpcService started, listening on 0.0.0.0/0.0.0.0:37704
2019-10-16 06:01:02,952 [Datanode State Machine Thread - 0] INFO  server.GrpcService (GrpcService.java:startImpl(158)) - 8c19deeb-317a-48b3-82a9-f18220a73035: GrpcService started, listening on 0.0.0.0/0.0.0.0:45027
2019-10-16 06:01:02,952 [Datanode State Machine Thread - 0] INFO  server.GrpcService (GrpcService.java:startImpl(158)) - 33262cc1-fa76-4c5f-8480-ecaaaa59e1c3: GrpcService started, listening on 0.0.0.0/0.0.0.0:35873
2019-10-16 06:01:02,952 [Datanode State Machine Thread - 0] INFO  server.GrpcService (GrpcService.java:startImpl(158)) - 312a2b1d-4089-408f-ae02-669a7707c04d: GrpcService started, listening on 0.0.0.0/0.0.0.0:33667
2019-10-16 06:01:02,954 [Datanode State Machine Thread - 0] INFO  ratis.XceiverServerRatis (XceiverServerRatis.java:start(428)) - XceiverServerRatis 33262cc1-fa76-4c5f-8480-ecaaaa59e1c3 is started using port 35873
2019-10-16 06:01:02,953 [Datanode State Machine Thread - 0] INFO  ratis.XceiverServerRatis (XceiverServerRatis.java:start(428)) - XceiverServerRatis 8c19deeb-317a-48b3-82a9-f18220a73035 is started using port 45027
2019-10-16 06:01:02,953 [Datanode State Machine Thread - 0] INFO  ratis.XceiverServerRatis (XceiverServerRatis.java:start(428)) - XceiverServerRatis f4df195b-7a0f-45aa-bcc4-04d0d9ee9376 is started using port 37704
2019-10-16 06:01:02,953 [Datanode State Machine Thread - 0] INFO  ratis.XceiverServerRatis (XceiverServerRatis.java:start(428)) - XceiverServerRatis d1fdf168-58cb-444a-97ca-5abcdb1babef is started using port 44847
2019-10-16 06:01:02,958 [Datanode State Machine Thread - 0] INFO  server.XceiverServerGrpc (XceiverServerGrpc.java:start(149)) - XceiverServerGrpc 46286b1e-0911-4b60-930a-7d069b9f5ead is started using port 35445
2019-10-16 06:01:02,954 [Datanode State Machine Thread - 0] INFO  ratis.XceiverServerRatis (XceiverServerRatis.java:start(428)) - XceiverServerRatis 312a2b1d-4089-408f-ae02-669a7707c04d is started using port 33667
2019-10-16 06:01:02,958 [Datanode State Machine Thread - 0] INFO  server.XceiverServerGrpc (XceiverServerGrpc.java:start(149)) - XceiverServerGrpc 33262cc1-fa76-4c5f-8480-ecaaaa59e1c3 is started using port 36259
2019-10-16 06:01:02,965 [Datanode State Machine Thread - 0] INFO  server.XceiverServerGrpc (XceiverServerGrpc.java:start(149)) - XceiverServerGrpc f4df195b-7a0f-45aa-bcc4-04d0d9ee9376 is started using port 37166
2019-10-16 06:01:02,965 [Datanode State Machine Thread - 0] INFO  server.XceiverServerGrpc (XceiverServerGrpc.java:start(149)) - XceiverServerGrpc 8c19deeb-317a-48b3-82a9-f18220a73035 is started using port 43931
2019-10-16 06:01:02,966 [Datanode State Machine Thread - 0] INFO  server.XceiverServerGrpc (XceiverServerGrpc.java:start(149)) - XceiverServerGrpc 312a2b1d-4089-408f-ae02-669a7707c04d is started using port 37113
2019-10-16 06:01:02,965 [Datanode State Machine Thread - 0] INFO  server.XceiverServerGrpc (XceiverServerGrpc.java:start(149)) - XceiverServerGrpc d1fdf168-58cb-444a-97ca-5abcdb1babef is started using port 33716
2019-10-16 06:01:03,011 [Datanode State Machine Thread - 0] INFO  ozoneimpl.OzoneContainer (OzoneContainer.java:start(213)) - Attempting to start container services.
2019-10-16 06:01:03,011 [Datanode State Machine Thread - 0] INFO  ozoneimpl.OzoneContainer (OzoneContainer.java:startContainerScrub(177)) - Background container scanner has been disabled.
2019-10-16 06:01:03,011 [Datanode State Machine Thread - 0] INFO  ratis.XceiverServerRatis (XceiverServerRatis.java:start(418)) - Starting XceiverServerRatis 7e1ad21a-3198-4af5-880c-f1c096872e7a at port 0
2019-10-16 06:01:03,020 [Datanode State Machine Thread - 0] INFO  impl.RaftServerProxy (RaftServerProxy.java:lambda$start$3(299)) - 7e1ad21a-3198-4af5-880c-f1c096872e7a: start RPC server
2019-10-16 06:01:03,024 [Datanode State Machine Thread - 0] INFO  server.GrpcService (GrpcService.java:startImpl(158)) - 7e1ad21a-3198-4af5-880c-f1c096872e7a: GrpcService started, listening on 0.0.0.0/0.0.0.0:36957
2019-10-16 06:01:03,024 [Datanode State Machine Thread - 0] INFO  ratis.XceiverServerRatis (XceiverServerRatis.java:start(428)) - XceiverServerRatis 7e1ad21a-3198-4af5-880c-f1c096872e7a is started using port 36957
2019-10-16 06:01:03,027 [Datanode State Machine Thread - 0] INFO  server.XceiverServerGrpc (XceiverServerGrpc.java:start(149)) - XceiverServerGrpc 7e1ad21a-3198-4af5-880c-f1c096872e7a is started using port 44505
2019-10-16 06:01:03,080 [Datanode State Machine Thread - 0] INFO  ozoneimpl.OzoneContainer (OzoneContainer.java:start(213)) - Attempting to start container services.
2019-10-16 06:01:03,080 [Datanode State Machine Thread - 0] INFO  ozoneimpl.OzoneContainer (OzoneContainer.java:startContainerScrub(177)) - Background container scanner has been disabled.
2019-10-16 06:01:03,080 [Datanode State Machine Thread - 0] INFO  ratis.XceiverServerRatis (XceiverServerRatis.java:start(418)) - Starting XceiverServerRatis a6a89e7b-4373-48ec-bc5c-6616215175c9 at port 0
2019-10-16 06:01:03,090 [Datanode State Machine Thread - 0] INFO  impl.RaftServerProxy (RaftServerProxy.java:lambda$start$3(299)) - a6a89e7b-4373-48ec-bc5c-6616215175c9: start RPC server
2019-10-16 06:01:03,093 [Datanode State Machine Thread - 0] INFO  server.GrpcService (GrpcService.java:startImpl(158)) - a6a89e7b-4373-48ec-bc5c-6616215175c9: GrpcService started, listening on 0.0.0.0/0.0.0.0:33975
2019-10-16 06:01:03,094 [Datanode State Machine Thread - 0] INFO  ratis.XceiverServerRatis (XceiverServerRatis.java:start(428)) - XceiverServerRatis a6a89e7b-4373-48ec-bc5c-6616215175c9 is started using port 33975
2019-10-16 06:01:03,097 [Datanode State Machine Thread - 0] INFO  server.XceiverServerGrpc (XceiverServerGrpc.java:start(149)) - XceiverServerGrpc a6a89e7b-4373-48ec-bc5c-6616215175c9 is started using port 41595
2019-10-16 06:01:03,175 [Datanode State Machine Thread - 0] INFO  ozoneimpl.OzoneContainer (OzoneContainer.java:start(213)) - Attempting to start container services.
2019-10-16 06:01:03,175 [Datanode State Machine Thread - 0] INFO  ozoneimpl.OzoneContainer (OzoneContainer.java:startContainerScrub(177)) - Background container scanner has been disabled.
2019-10-16 06:01:03,175 [Datanode State Machine Thread - 0] INFO  ratis.XceiverServerRatis (XceiverServerRatis.java:start(418)) - Starting XceiverServerRatis 4a4798ab-8917-4d71-b7ea-449ce36720dc at port 0
2019-10-16 06:01:03,187 [Datanode State Machine Thread - 0] INFO  impl.RaftServerProxy (RaftServerProxy.java:lambda$start$3(299)) - 4a4798ab-8917-4d71-b7ea-449ce36720dc: start RPC server
2019-10-16 06:01:03,191 [Datanode State Machine Thread - 0] INFO  server.GrpcService (GrpcService.java:startImpl(158)) - 4a4798ab-8917-4d71-b7ea-449ce36720dc: GrpcService started, listening on 0.0.0.0/0.0.0.0:41062
2019-10-16 06:01:03,191 [Datanode State Machine Thread - 0] INFO  ratis.XceiverServerRatis (XceiverServerRatis.java:start(428)) - XceiverServerRatis 4a4798ab-8917-4d71-b7ea-449ce36720dc is started using port 41062
2019-10-16 06:01:03,208 [Datanode State Machine Thread - 0] INFO  server.XceiverServerGrpc (XceiverServerGrpc.java:start(149)) - XceiverServerGrpc 4a4798ab-8917-4d71-b7ea-449ce36720dc is started using port 34549
2019-10-16 06:01:03,243 [Datanode State Machine Thread - 0] INFO  ozoneimpl.OzoneContainer (OzoneContainer.java:start(213)) - Attempting to start container services.
2019-10-16 06:01:03,244 [Datanode State Machine Thread - 0] INFO  ozoneimpl.OzoneContainer (OzoneContainer.java:startContainerScrub(177)) - Background container scanner has been disabled.
2019-10-16 06:01:03,244 [Datanode State Machine Thread - 0] INFO  ratis.XceiverServerRatis (XceiverServerRatis.java:start(418)) - Starting XceiverServerRatis f57e9b24-e963-44a9-9a1d-af10325c0693 at port 0
2019-10-16 06:01:03,245 [main] INFO  ozone.MiniOzoneClusterImpl (MiniOzoneClusterImpl.java:lambda$waitForClusterToBeReady$0(147)) - Waiting for cluster to be ready. Got 0 of 10 DN Heartbeats.
2019-10-16 06:01:03,253 [Datanode State Machine Thread - 0] INFO  impl.RaftServerProxy (RaftServerProxy.java:lambda$start$3(299)) - f57e9b24-e963-44a9-9a1d-af10325c0693: start RPC server
2019-10-16 06:01:03,257 [Datanode State Machine Thread - 0] INFO  server.GrpcService (GrpcService.java:startImpl(158)) - f57e9b24-e963-44a9-9a1d-af10325c0693: GrpcService started, listening on 0.0.0.0/0.0.0.0:44592
2019-10-16 06:01:03,257 [Datanode State Machine Thread - 0] INFO  ratis.XceiverServerRatis (XceiverServerRatis.java:start(428)) - XceiverServerRatis f57e9b24-e963-44a9-9a1d-af10325c0693 is started using port 44592
2019-10-16 06:01:03,277 [Datanode State Machine Thread - 0] INFO  server.XceiverServerGrpc (XceiverServerGrpc.java:start(149)) - XceiverServerGrpc f57e9b24-e963-44a9-9a1d-af10325c0693 is started using port 44689
2019-10-16 06:01:04,246 [main] INFO  ozone.MiniOzoneClusterImpl (MiniOzoneClusterImpl.java:lambda$waitForClusterToBeReady$0(147)) - Waiting for cluster to be ready. Got 0 of 10 DN Heartbeats.
2019-10-16 06:01:04,468 [IPC Server handler 10 on 40973] INFO  net.NetworkTopology (NetworkTopologyImpl.java:add(111)) - Added a new node: /default-rack/46286b1e-0911-4b60-930a-7d069b9f5ead
2019-10-16 06:01:04,469 [IPC Server handler 10 on 40973] INFO  node.SCMNodeManager (SCMNodeManager.java:register(268)) - Registered Data node : 46286b1e-0911-4b60-930a-7d069b9f5ead{ip: 192.168.69.104, host: pr-hdds-2312-q6qzp-1535798719, networkLocation: /default-rack, certSerialId: null}
2019-10-16 06:01:04,474 [EventQueue-NodeRegistrationContainerReportForDataNodeSafeModeRule] INFO  safemode.SCMSafeModeManager (DataNodeSafeModeRule.java:process(71)) - SCM in safe mode. 1 DataNodes registered, 1 required.
2019-10-16 06:01:04,474 [EventQueue-NodeRegistrationContainerReportForDataNodeSafeModeRule] INFO  safemode.SCMSafeModeManager (SCMSafeModeManager.java:validateSafeModeExitRules(177)) - ScmSafeModeManager, all rules are successfully validated
2019-10-16 06:01:04,474 [EventQueue-NodeRegistrationContainerReportForDataNodeSafeModeRule] INFO  safemode.SCMSafeModeManager (SCMSafeModeManager.java:exitSafeMode(193)) - SCM exiting safe mode.
2019-10-16 06:01:04,535 [IPC Server handler 11 on 40973] INFO  net.NetworkTopology (NetworkTopologyImpl.java:add(111)) - Added a new node: /default-rack/f4df195b-7a0f-45aa-bcc4-04d0d9ee9376
2019-10-16 06:01:04,535 [IPC Server handler 11 on 40973] INFO  node.SCMNodeManager (SCMNodeManager.java:register(268)) - Registered Data node : f4df195b-7a0f-45aa-bcc4-04d0d9ee9376{ip: 192.168.69.104, host: pr-hdds-2312-q6qzp-1535798719, networkLocation: /default-rack, certSerialId: null}
2019-10-16 06:01:04,629 [IPC Server handler 7 on 40973] INFO  net.NetworkTopology (NetworkTopologyImpl.java:add(111)) - Added a new node: /default-rack/33262cc1-fa76-4c5f-8480-ecaaaa59e1c3
2019-10-16 06:01:04,629 [IPC Server handler 7 on 40973] INFO  node.SCMNodeManager (SCMNodeManager.java:register(268)) - Registered Data node : 33262cc1-fa76-4c5f-8480-ecaaaa59e1c3{ip: 192.168.69.104, host: pr-hdds-2312-q6qzp-1535798719, networkLocation: /default-rack, certSerialId: null}
2019-10-16 06:01:04,742 [IPC Server handler 9 on 40973] INFO  net.NetworkTopology (NetworkTopologyImpl.java:add(111)) - Added a new node: /default-rack/d1fdf168-58cb-444a-97ca-5abcdb1babef
2019-10-16 06:01:04,742 [IPC Server handler 9 on 40973] INFO  node.SCMNodeManager (SCMNodeManager.java:register(268)) - Registered Data node : d1fdf168-58cb-444a-97ca-5abcdb1babef{ip: 192.168.69.104, host: pr-hdds-2312-q6qzp-1535798719, networkLocation: /default-rack, certSerialId: null}
2019-10-16 06:01:04,835 [IPC Server handler 14 on 40973] INFO  net.NetworkTopology (NetworkTopologyImpl.java:add(111)) - Added a new node: /default-rack/8c19deeb-317a-48b3-82a9-f18220a73035
2019-10-16 06:01:04,837 [IPC Server handler 14 on 40973] INFO  node.SCMNodeManager (SCMNodeManager.java:register(268)) - Registered Data node : 8c19deeb-317a-48b3-82a9-f18220a73035{ip: 192.168.69.104, host: pr-hdds-2312-q6qzp-1535798719, networkLocation: /default-rack, certSerialId: null}
2019-10-16 06:01:04,913 [IPC Server handler 18 on 40973] INFO  net.NetworkTopology (NetworkTopologyImpl.java:add(111)) - Added a new node: /default-rack/312a2b1d-4089-408f-ae02-669a7707c04d
2019-10-16 06:01:04,914 [IPC Server handler 18 on 40973] INFO  node.SCMNodeManager (SCMNodeManager.java:register(268)) - Registered Data node : 312a2b1d-4089-408f-ae02-669a7707c04d{ip: 192.168.69.104, host: pr-hdds-2312-q6qzp-1535798719, networkLocation: /default-rack, certSerialId: null}
2019-10-16 06:01:04,996 [IPC Server handler 17 on 40973] INFO  net.NetworkTopology (NetworkTopologyImpl.java:add(111)) - Added a new node: /default-rack/7e1ad21a-3198-4af5-880c-f1c096872e7a
2019-10-16 06:01:04,996 [IPC Server handler 17 on 40973] INFO  node.SCMNodeManager (SCMNodeManager.java:register(268)) - Registered Data node : 7e1ad21a-3198-4af5-880c-f1c096872e7a{ip: 192.168.69.104, host: pr-hdds-2312-q6qzp-1535798719, networkLocation: /default-rack, certSerialId: null}
2019-10-16 06:01:05,068 [IPC Server handler 13 on 40973] INFO  net.NetworkTopology (NetworkTopologyImpl.java:add(111)) - Added a new node: /default-rack/a6a89e7b-4373-48ec-bc5c-6616215175c9
2019-10-16 06:01:05,068 [IPC Server handler 13 on 40973] INFO  node.SCMNodeManager (SCMNodeManager.java:register(268)) - Registered Data node : a6a89e7b-4373-48ec-bc5c-6616215175c9{ip: 192.168.69.104, host: pr-hdds-2312-q6qzp-1535798719, networkLocation: /default-rack, certSerialId: null}
2019-10-16 06:01:05,078 [grpc-default-executor-0] INFO  impl.RaftServerProxy (RaftServerProxy.java:addNew(89)) - 46286b1e-0911-4b60-930a-7d069b9f5ead: addNew group-E721DE41F8F5:[46286b1e-0911-4b60-930a-7d069b9f5ead:192.168.69.104:35014] returns group-E721DE41F8F5:java.util.concurrent.CompletableFuture@21004d4d[Not completed]
2019-10-16 06:01:05,096 [pool-27-thread-1] INFO  impl.RaftServerImpl (RaftServerImpl.java:<init>(104)) - 46286b1e-0911-4b60-930a-7d069b9f5ead: new RaftServerImpl for group-E721DE41F8F5:[46286b1e-0911-4b60-930a-7d069b9f5ead:192.168.69.104:35014] with ContainerStateMachine:uninitialized
2019-10-16 06:01:05,098 [pool-27-thread-1] INFO  server.RaftServerConfigKeys (ConfUtils.java:logGet(43)) - raft.server.rpc.timeout.min = 5s (custom)
2019-10-16 06:01:05,100 [pool-27-thread-1] INFO  server.RaftServerConfigKeys (ConfUtils.java:logGet(43)) - raft.server.rpc.timeout.max = 5200ms (custom)
2019-10-16 06:01:05,100 [pool-27-thread-1] INFO  server.RaftServerConfigKeys (ConfUtils.java:logGet(43)) - raft.server.rpcslowness.timeout = 120s (custom)
2019-10-16 06:01:05,101 [pool-27-thread-1] INFO  server.RaftServerConfigKeys (ConfUtils.java:logGet(43)) - raft.server.sleep.deviation.threshold = 300 (default)
2019-10-16 06:01:05,102 [pool-27-thread-1] INFO  server.RaftServerConfigKeys (ConfUtils.java:logGet(43)) - raft.server.log.appender.install.snapshot.enabled = false (custom)
2019-10-16 06:01:05,113 [pool-27-thread-1] INFO  impl.RaftServerImpl (ServerState.java:<init>(103)) - 46286b1e-0911-4b60-930a-7d069b9f5ead@group-E721DE41F8F5: ConfigurationManager, init=-1: [46286b1e-0911-4b60-930a-7d069b9f5ead:192.168.69.104:35014], old=null, confs=<EMPTY_MAP>
2019-10-16 06:01:05,114 [pool-27-thread-1] INFO  server.RaftServerConfigKeys (ConfUtils.java:logGet(43)) - raft.server.storage.dir = [/workdir/hadoop-ozone/integration-test/target/test-dir/MiniOzoneClusterImpl-257c3db4-a93f-4c6f-afa5-a7c4c1fab1a3/datanode-0/data/ratis] (custom)
2019-10-16 06:01:05,124 [pool-27-thread-1] INFO  server.RaftServerConfigKeys (ConfUtils.java:logGet(43)) - raft.server.log.corruption.policy = EXCEPTION (default)
2019-10-16 06:01:05,126 [pool-27-thread-1] INFO  storage.RaftStorageDirectory (RaftStorageDirectory.java:analyzeStorage(246)) - The storage directory /workdir/hadoop-ozone/integration-test/target/test-dir/MiniOzoneClusterImpl-257c3db4-a93f-4c6f-afa5-a7c4c1fab1a3/datanode-0/data/ratis/b0b2d29a-e33b-4639-aaf9-e721de41f8f5 does not exist. Creating ...
2019-10-16 06:01:05,146 [pool-27-thread-1] INFO  storage.RaftStorageDirectory (RaftStorageDirectory.java:tryLock(328)) - Lock on /workdir/hadoop-ozone/integration-test/target/test-dir/MiniOzoneClusterImpl-257c3db4-a93f-4c6f-afa5-a7c4c1fab1a3/datanode-0/data/ratis/b0b2d29a-e33b-4639-aaf9-e721de41f8f5/in_use.lock acquired by nodename 7263@pr-hdds-2312-q6qzp-1535798719
2019-10-16 06:01:05,162 [pool-27-thread-1] INFO  storage.RaftStorage (RaftStorage.java:format(84)) - Storage directory /workdir/hadoop-ozone/integration-test/target/test-dir/MiniOzoneClusterImpl-257c3db4-a93f-4c6f-afa5-a7c4c1fab1a3/datanode-0/data/ratis/b0b2d29a-e33b-4639-aaf9-e721de41f8f5 has been successfully formatted.
2019-10-16 06:01:05,163 [IPC Server handler 16 on 40973] INFO  net.NetworkTopology (NetworkTopologyImpl.java:add(111)) - Added a new node: /default-rack/4a4798ab-8917-4d71-b7ea-449ce36720dc
2019-10-16 06:01:05,163 [IPC Server handler 16 on 40973] INFO  node.SCMNodeManager (SCMNodeManager.java:register(268)) - Registered Data node : 4a4798ab-8917-4d71-b7ea-449ce36720dc{ip: 192.168.69.104, host: pr-hdds-2312-q6qzp-1535798719, networkLocation: /default-rack, certSerialId: null}
2019-10-16 06:01:05,165 [pool-27-thread-1] INFO  ratis.ContainerStateMachine (ContainerStateMachine.java:loadSnapshot(231)) - group-E721DE41F8F5: The snapshot info is null. Setting the last applied indexto:(t:0, i:~)
2019-10-16 06:01:05,165 [pool-27-thread-1] INFO  server.RaftServerConfigKeys (ConfUtils.java:logGet(43)) - raft.server.notification.no-leader.timeout = 120s (custom)
2019-10-16 06:01:05,168 [pool-27-thread-1] INFO  server.RaftServerConfigKeys (ConfUtils.java:logGet(43)) - raft.server.log.use.memory = false (default)
2019-10-16 06:01:05,175 [pool-27-thread-1] INFO  server.RaftServerConfigKeys (ConfUtils.java:logGet(43)) - raft.server.log.purge.gap = 1000000 (custom)
2019-10-16 06:01:05,176 [pool-27-thread-1] INFO  server.RaftServerConfigKeys (ConfUtils.java:logGet(43)) - raft.server.log.appender.buffer.byte-limit = 33554432 (custom)
2019-10-16 06:01:05,178 [pool-27-thread-1] INFO  server.RaftServerConfigKeys (ConfUtils.java:logGet(43)) - raft.server.log.segment.size.max = 1048576 (custom)
2019-10-16 06:01:05,180 [pool-27-thread-1] INFO  impl.MetricsSystemImpl (MetricsSystemImpl.java:init(158)) - ratis metrics system started (again)
2019-10-16 06:01:05,185 [pool-27-thread-1] INFO  metrics.MetricRegistries (MetricRegistriesLoader.java:load(64)) - Loaded MetricRegistries class org.apache.ratis.metrics.impl.MetricRegistriesImpl
2019-10-16 06:01:05,227 [pool-27-thread-1] INFO  server.RaftServerConfigKeys (ConfUtils.java:logGet(43)) - raft.server.log.segment.cache.num.max = 2 (custom)
2019-10-16 06:01:05,243 [IPC Server handler 10 on 40973] INFO  net.NetworkTopology (NetworkTopologyImpl.java:add(111)) - Added a new node: /default-rack/f57e9b24-e963-44a9-9a1d-af10325c0693
2019-10-16 06:01:05,243 [IPC Server handler 10 on 40973] INFO  node.SCMNodeManager (SCMNodeManager.java:register(268)) - Registered Data node : f57e9b24-e963-44a9-9a1d-af10325c0693{ip: 192.168.69.104, host: pr-hdds-2312-q6qzp-1535798719, networkLocation: /default-rack, certSerialId: null}
2019-10-16 06:01:05,246 [main] INFO  ozone.MiniOzoneClusterImpl (MiniOzoneClusterImpl.java:lambda$waitForClusterToBeReady$0(147)) - Cluster is ready. Got 10 of 10 DN Heartbeats.
2019-10-16 06:01:05,247 [pool-27-thread-1] INFO  segmented.SegmentedRaftLogWorker (SegmentedRaftLogWorker.java:<init>(173)) - new 46286b1e-0911-4b60-930a-7d069b9f5ead@group-E721DE41F8F5-SegmentedRaftLogWorker for RaftStorage:Storage Directory /workdir/hadoop-ozone/integration-test/target/test-dir/MiniOzoneClusterImpl-257c3db4-a93f-4c6f-afa5-a7c4c1fab1a3/datanode-0/data/ratis/b0b2d29a-e33b-4639-aaf9-e721de41f8f5
2019-10-16 06:01:05,247 [pool-27-thread-1] INFO  server.RaftServerConfigKeys (ConfUtils.java:logGet(43)) - raft.server.log.queue.byte-limit = 2147483647 (custom)
2019-10-16 06:01:05,247 [pool-27-thread-1] INFO  server.RaftServerConfigKeys (ConfUtils.java:logGet(43)) - raft.server.log.queue.element-limit = 1024 (custom)
2019-10-16 06:01:05,249 [pool-27-thread-1] INFO  server.RaftServerConfigKeys (ConfUtils.java:logGet(43)) - raft.server.log.segment.size.max = 1048576 (custom)
2019-10-16 06:01:05,249 [pool-27-thread-1] INFO  server.RaftServerConfigKeys (ConfUtils.java:logGet(43)) - raft.server.log.preallocated.size = 16384 (custom)
2019-10-16 06:01:05,249 [pool-27-thread-1] INFO  server.RaftServerConfigKeys (ConfUtils.java:logGet(43)) - raft.server.log.write.buffer.size = 33554432 (custom)
2019-10-16 06:01:05,250 [pool-27-thread-1] INFO  server.RaftServerConfigKeys (ConfUtils.java:logGet(43)) - raft.server.log.force.sync.num = 128 (default)
2019-10-16 06:01:05,251 [pool-27-thread-1] INFO  server.RaftServerConfigKeys (ConfUtils.java:logGet(43)) - raft.server.log.statemachine.data.sync = true (default)
2019-10-16 06:01:05,251 [pool-27-thread-1] INFO  server.RaftServerConfigKeys (ConfUtils.java:logGet(43)) - raft.server.log.statemachine.data.sync.timeout = 10s (default)
2019-10-16 06:01:05,251 [pool-27-thread-1] INFO  server.RaftServerConfigKeys (ConfUtils.java:logGet(43)) - raft.server.log.statemachine.data.sync.timeout.retry = -1 (default)
2019-10-16 06:01:05,263 [pool-27-thread-1] INFO  server.RaftServerConfigKeys (ConfUtils.java:logGet(43)) - raft.server.log.statemachine.data.caching.enabled = true (custom)
2019-10-16 06:01:05,267 [pool-27-thread-1] INFO  segmented.SegmentedRaftLogWorker (SegmentedRaftLogWorker.java:lambda$new$0(128)) - 46286b1e-0911-4b60-930a-7d069b9f5ead@group-E721DE41F8F5-SegmentedRaftLogWorker: flushIndex: setUnconditionally 0 -> -1
2019-10-16 06:01:05,271 [pool-27-thread-1] INFO  server.RaftServerConfigKeys (ConfUtils.java:logGet(43)) - raft.server.snapshot.auto.trigger.enabled = true (custom)
2019-10-16 06:01:05,272 [pool-27-thread-1] INFO  server.RaftServerConfigKeys (ConfUtils.java:logGet(43)) - raft.server.snapshot.auto.trigger.threshold = 10000 (custom)
2019-10-16 06:01:05,272 [pool-27-thread-1] INFO  server.RaftServerConfigKeys (ConfUtils.java:logGet(43)) - raft.server.snapshot.retention.file.num = 5 (custom)
2019-10-16 06:01:05,273 [pool-27-thread-1] INFO  server.RaftServerConfigKeys (ConfUtils.java:logGet(43)) - raft.server.retrycache.expirytime = 600000ms (custom)
2019-10-16 06:01:05,410 [pool-27-thread-1] INFO  impl.RaftServerImpl (RaftServerImpl.java:start(195)) - 46286b1e-0911-4b60-930a-7d069b9f5ead@group-E721DE41F8F5: start as a follower, conf=-1: [46286b1e-0911-4b60-930a-7d069b9f5ead:192.168.69.104:35014], old=null
2019-10-16 06:01:05,411 [pool-27-thread-1] INFO  impl.RaftServerImpl (RaftServerImpl.java:setRole(184)) - 46286b1e-0911-4b60-930a-7d069b9f5ead@group-E721DE41F8F5: changes role from      null to FOLLOWER at term 0 for startAsFollower
2019-10-16 06:01:05,413 [pool-27-thread-1] INFO  impl.RoleInfo (RoleInfo.java:updateAndGet(143)) - 46286b1e-0911-4b60-930a-7d069b9f5ead: start FollowerState
2019-10-16 06:01:05,415 [pool-27-thread-1] INFO  util.JmxRegister (JmxRegister.java:tryRegister(44)) - Successfully registered JMX Bean with object name Ratis:service=RaftServer,group=group-E721DE41F8F5,id=46286b1e-0911-4b60-930a-7d069b9f5ead
2019-10-16 06:01:05,491 [RatisPipelineUtilsThread] INFO  pipeline.PipelineStateManager (PipelineStateManager.java:addPipeline(56)) - Created pipeline Pipeline[ Id: b0b2d29a-e33b-4639-aaf9-e721de41f8f5, Nodes: 46286b1e-0911-4b60-930a-7d069b9f5ead{ip: 192.168.69.104, host: pr-hdds-2312-q6qzp-1535798719, networkLocation: /default-rack, certSerialId: null}, Type:RATIS, Factor:ONE, State:OPEN]
2019-10-16 06:01:05,513 [grpc-default-executor-0] INFO  impl.RaftServerProxy (RaftServerProxy.java:addNew(89)) - 8c19deeb-317a-48b3-82a9-f18220a73035: addNew group-B58C57C48A52:[8c19deeb-317a-48b3-82a9-f18220a73035:192.168.69.104:45027] returns group-B58C57C48A52:java.util.concurrent.CompletableFuture@3424e967[Not completed]
2019-10-16 06:01:05,561 [pool-67-thread-1] INFO  impl.RaftServerImpl (RaftServerImpl.java:<init>(104)) - 8c19deeb-317a-48b3-82a9-f18220a73035: new RaftServerImpl for group-B58C57C48A52:[8c19deeb-317a-48b3-82a9-f18220a73035:192.168.69.104:45027] with ContainerStateMachine:uninitialized
2019-10-16 06:01:05,562 [pool-67-thread-1] INFO  server.RaftServerConfigKeys (ConfUtils.java:logGet(43)) - raft.server.rpc.timeout.min = 5s (custom)
2019-10-16 06:01:05,563 [pool-67-thread-1] INFO  server.RaftServerConfigKeys (ConfUtils.java:logGet(43)) - raft.server.rpc.timeout.max = 5200ms (custom)
2019-10-16 06:01:05,563 [pool-67-thread-1] INFO  server.RaftServerConfigKeys (ConfUtils.java:logGet(43)) - raft.server.rpcslowness.timeout = 120s (custom)
2019-10-16 06:01:05,563 [pool-67-thread-1] INFO  server.RaftServerConfigKeys (ConfUtils.java:logGet(43)) - raft.server.sleep.deviation.threshold = 300 (default)
2019-10-16 06:01:05,563 [pool-67-thread-1] INFO  server.RaftServerConfigKeys (ConfUtils.java:logGet(43)) - raft.server.log.appender.install.snapshot.enabled = false (custom)
2019-10-16 06:01:05,563 [pool-67-thread-1] INFO  impl.RaftServerImpl (ServerState.java:<init>(103)) - 8c19deeb-317a-48b3-82a9-f18220a73035@group-B58C57C48A52: ConfigurationManager, init=-1: [8c19deeb-317a-48b3-82a9-f18220a73035:192.168.69.104:45027], old=null, confs=<EMPTY_MAP>
2019-10-16 06:01:05,563 [pool-67-thread-1] INFO  server.RaftServerConfigKeys (ConfUtils.java:logGet(43)) - raft.server.storage.dir = [/workdir/hadoop-ozone/integration-test/target/test-dir/MiniOzoneClusterImpl-257c3db4-a93f-4c6f-afa5-a7c4c1fab1a3/datanode-4/data/ratis] (custom)
2019-10-16 06:01:05,564 [pool-67-thread-1] INFO  server.RaftServerConfigKeys (ConfUtils.java:logGet(43)) - raft.server.log.corruption.policy = EXCEPTION (default)
2019-10-16 06:01:05,587 [pool-67-thread-1] INFO  storage.RaftStorageDirectory (RaftStorageDirectory.java:analyzeStorage(246)) - The storage directory /workdir/hadoop-ozone/integration-test/target/test-dir/MiniOzoneClusterImpl-257c3db4-a93f-4c6f-afa5-a7c4c1fab1a3/datanode-4/data/ratis/cd74862e-857c-44b3-a550-b58c57c48a52 does not exist. Creating ...
2019-10-16 06:01:05,600 [pool-67-thread-1] INFO  storage.RaftStorageDirectory (RaftStorageDirectory.java:tryLock(328)) - Lock on /workdir/hadoop-ozone/integration-test/target/test-dir/MiniOzoneClusterImpl-257c3db4-a93f-4c6f-afa5-a7c4c1fab1a3/datanode-4/data/ratis/cd74862e-857c-44b3-a550-b58c57c48a52/in_use.lock acquired by nodename 7263@pr-hdds-2312-q6qzp-1535798719
2019-10-16 06:01:05,609 [pool-67-thread-1] INFO  storage.RaftStorage (RaftStorage.java:format(84)) - Storage directory /workdir/hadoop-ozone/integration-test/target/test-dir/MiniOzoneClusterImpl-257c3db4-a93f-4c6f-afa5-a7c4c1fab1a3/datanode-4/data/ratis/cd74862e-857c-44b3-a550-b58c57c48a52 has been successfully formatted.
2019-10-16 06:01:05,611 [pool-67-thread-1] INFO  ratis.ContainerStateMachine (ContainerStateMachine.java:loadSnapshot(231)) - group-B58C57C48A52: The snapshot info is null. Setting the last applied indexto:(t:0, i:~)
2019-10-16 06:01:05,615 [Thread-284] INFO  impl.FollowerState (FollowerState.java:run(108)) - 46286b1e-0911-4b60-930a-7d069b9f5ead@group-E721DE41F8F5-FollowerState: change to CANDIDATE, lastRpcTime:202ms, electionTimeout:197ms
2019-10-16 06:01:05,615 [pool-67-thread-1] INFO  server.RaftServerConfigKeys (ConfUtils.java:logGet(43)) - raft.server.notification.no-leader.timeout = 120s (custom)
2019-10-16 06:01:05,616 [pool-67-thread-1] INFO  server.RaftServerConfigKeys (ConfUtils.java:logGet(43)) - raft.server.log.use.memory = false (default)
2019-10-16 06:01:05,616 [pool-67-thread-1] INFO  server.RaftServerConfigKeys (ConfUtils.java:logGet(43)) - raft.server.log.purge.gap = 1000000 (custom)
2019-10-16 06:01:05,616 [pool-67-thread-1] INFO  server.RaftServerConfigKeys (ConfUtils.java:logGet(43)) - raft.server.log.appender.buffer.byte-limit = 33554432 (custom)
2019-10-16 06:01:05,616 [pool-67-thread-1] INFO  server.RaftServerConfigKeys (ConfUtils.java:logGet(43)) - raft.server.log.segment.size.max = 1048576 (custom)
2019-10-16 06:01:05,618 [Thread-284] INFO  impl.RoleInfo (RoleInfo.java:shutdownFollowerState(121)) - 46286b1e-0911-4b60-930a-7d069b9f5ead: shutdown FollowerState
2019-10-16 06:01:05,619 [Thread-284] INFO  impl.RaftServerImpl (RaftServerImpl.java:setRole(184)) - 46286b1e-0911-4b60-930a-7d069b9f5ead@group-E721DE41F8F5: changes role from  FOLLOWER to CANDIDATE at term 0 for changeToCandidate
2019-10-16 06:01:05,628 [pool-67-thread-1] INFO  server.RaftServerConfigKeys (ConfUtils.java:logGet(43)) - raft.server.log.segment.cache.num.max = 2 (custom)
2019-10-16 06:01:05,632 [pool-67-thread-1] INFO  segmented.SegmentedRaftLogWorker (SegmentedRaftLogWorker.java:<init>(173)) - new 8c19deeb-317a-48b3-82a9-f18220a73035@group-B58C57C48A52-SegmentedRaftLogWorker for RaftStorage:Storage Directory /workdir/hadoop-ozone/integration-test/target/test-dir/MiniOzoneClusterImpl-257c3db4-a93f-4c6f-afa5-a7c4c1fab1a3/datanode-4/data/ratis/cd74862e-857c-44b3-a550-b58c57c48a52
2019-10-16 06:01:05,632 [Thread-284] INFO  impl.RoleInfo (RoleInfo.java:updateAndGet(143)) - 46286b1e-0911-4b60-930a-7d069b9f5ead: start LeaderElection
2019-10-16 06:01:05,632 [pool-67-thread-1] INFO  server.RaftServerConfigKeys (ConfUtils.java:logGet(43)) - raft.server.log.queue.byte-limit = 2147483647 (custom)
2019-10-16 06:01:05,633 [pool-67-thread-1] INFO  server.RaftServerConfigKeys (ConfUtils.java:logGet(43)) - raft.server.log.queue.element-limit = 1024 (custom)
2019-10-16 06:01:05,633 [pool-67-thread-1] INFO  server.RaftServerConfigKeys (ConfUtils.java:logGet(43)) - raft.server.log.segment.size.max = 1048576 (custom)
2019-10-16 06:01:05,635 [pool-67-thread-1] INFO  server.RaftServerConfigKeys (ConfUtils.java:logGet(43)) - raft.server.log.preallocated.size = 16384 (custom)
2019-10-16 06:01:05,636 [pool-67-thread-1] INFO  server.RaftServerConfigKeys (ConfUtils.java:logGet(43)) - raft.server.log.write.buffer.size = 33554432 (custom)
2019-10-16 06:01:05,636 [pool-67-thread-1] INFO  server.RaftServerConfigKeys (ConfUtils.java:logGet(43)) - raft.server.log.force.sync.num = 128 (default)
2019-10-16 06:01:05,636 [pool-67-thread-1] INFO  server.RaftServerConfigKeys (ConfUtils.java:logGet(43)) - raft.server.log.statemachine.data.sync = true (default)
2019-10-16 06:01:05,637 [pool-67-thread-1] INFO  server.RaftServerConfigKeys (ConfUtils.java:logGet(43)) - raft.server.log.statemachine.data.sync.timeout = 10s (default)
2019-10-16 06:01:05,637 [pool-67-thread-1] INFO  server.RaftServerConfigKeys (ConfUtils.java:logGet(43)) - raft.server.log.statemachine.data.sync.timeout.retry = -1 (default)
2019-10-16 06:01:05,638 [pool-67-thread-1] INFO  server.RaftServerConfigKeys (ConfUtils.java:logGet(43)) - raft.server.log.statemachine.data.caching.enabled = true (custom)
2019-10-16 06:01:05,638 [pool-67-thread-1] INFO  segmented.SegmentedRaftLogWorker (SegmentedRaftLogWorker.java:lambda$new$0(128)) - 8c19deeb-317a-48b3-82a9-f18220a73035@group-B58C57C48A52-SegmentedRaftLogWorker: flushIndex: setUnconditionally 0 -> -1
2019-10-16 06:01:05,639 [pool-67-thread-1] INFO  server.RaftServerConfigKeys (ConfUtils.java:logGet(43)) - raft.server.snapshot.auto.trigger.enabled = true (custom)
2019-10-16 06:01:05,639 [pool-67-thread-1] INFO  server.RaftServerConfigKeys (ConfUtils.java:logGet(43)) - raft.server.snapshot.auto.trigger.threshold = 10000 (custom)
2019-10-16 06:01:05,639 [pool-67-thread-1] INFO  server.RaftServerConfigKeys (ConfUtils.java:logGet(43)) - raft.server.snapshot.retention.file.num = 5 (custom)
2019-10-16 06:01:05,639 [pool-67-thread-1] INFO  server.RaftServerConfigKeys (ConfUtils.java:logGet(43)) - raft.server.retrycache.expirytime = 600000ms (custom)
2019-10-16 06:01:05,646 [46286b1e-0911-4b60-930a-7d069b9f5ead@group-E721DE41F8F5-LeaderElection1] INFO  impl.LeaderElection (LeaderElection.java:askForVotes(178)) - 46286b1e-0911-4b60-930a-7d069b9f5ead@group-E721DE41F8F5-LeaderElection1: begin an election at term 1 for -1: [46286b1e-0911-4b60-930a-7d069b9f5ead:192.168.69.104:35014], old=null
2019-10-16 06:01:05,648 [pool-67-thread-1] INFO  impl.RaftServerImpl (RaftServerImpl.java:start(195)) - 8c19deeb-317a-48b3-82a9-f18220a73035@group-B58C57C48A52: start as a follower, conf=-1: [8c19deeb-317a-48b3-82a9-f18220a73035:192.168.69.104:45027], old=null
2019-10-16 06:01:05,648 [pool-67-thread-1] INFO  impl.RaftServerImpl (RaftServerImpl.java:setRole(184)) - 8c19deeb-317a-48b3-82a9-f18220a73035@group-B58C57C48A52: changes role from      null to FOLLOWER at term 0 for startAsFollower
2019-10-16 06:01:05,648 [46286b1e-0911-4b60-930a-7d069b9f5ead@group-E721DE41F8F5-LeaderElection1] INFO  impl.RoleInfo (RoleInfo.java:shutdownLeaderElection(134)) - 46286b1e-0911-4b60-930a-7d069b9f5ead: shutdown LeaderElection
2019-10-16 06:01:05,649 [pool-67-thread-1] INFO  impl.RoleInfo (RoleInfo.java:updateAndGet(143)) - 8c19deeb-317a-48b3-82a9-f18220a73035: start FollowerState
2019-10-16 06:01:05,650 [pool-67-thread-1] INFO  util.JmxRegister (JmxRegister.java:tryRegister(44)) - Successfully registered JMX Bean with object name Ratis:service=RaftServer,group=group-B58C57C48A52,id=8c19deeb-317a-48b3-82a9-f18220a73035
2019-10-16 06:01:05,650 [46286b1e-0911-4b60-930a-7d069b9f5ead@group-E721DE41F8F5-LeaderElection1] INFO  impl.RaftServerImpl (RaftServerImpl.java:setRole(184)) - 46286b1e-0911-4b60-930a-7d069b9f5ead@group-E721DE41F8F5: changes role from CANDIDATE to LEADER at term 1 for changeToLeader
2019-10-16 06:01:05,650 [46286b1e-0911-4b60-930a-7d069b9f5ead@group-E721DE41F8F5-LeaderElection1] INFO  impl.RaftServerImpl (ServerState.java:setLeader(256)) - 46286b1e-0911-4b60-930a-7d069b9f5ead@group-E721DE41F8F5: change Leader from null to 46286b1e-0911-4b60-930a-7d069b9f5ead at term 1 for becomeLeader, leader elected after 484ms
2019-10-16 06:01:05,659 [46286b1e-0911-4b60-930a-7d069b9f5ead@group-E721DE41F8F5-LeaderElection1] INFO  server.RaftServerConfigKeys (ConfUtils.java:logGet(43)) - raft.server.staging.catchup.gap = 1000 (default)
2019-10-16 06:01:05,660 [46286b1e-0911-4b60-930a-7d069b9f5ead@group-E721DE41F8F5-LeaderElection1] INFO  server.RaftServerConfigKeys (ConfUtils.java:logGet(43)) - raft.server.rpc.sleep.time = 25ms (default)
2019-10-16 06:01:05,670 [46286b1e-0911-4b60-930a-7d069b9f5ead@group-E721DE41F8F5-LeaderElection1] INFO  server.RaftServerConfigKeys (ConfUtils.java:logGet(43)) - raft.server.write.element-limit = 4096 (default)
2019-10-16 06:01:05,670 [RatisPipelineUtilsThread] INFO  pipeline.PipelineStateManager (PipelineStateManager.java:addPipeline(56)) - Created pipeline Pipeline[ Id: cd74862e-857c-44b3-a550-b58c57c48a52, Nodes: 8c19deeb-317a-48b3-82a9-f18220a73035{ip: 192.168.69.104, host: pr-hdds-2312-q6qzp-1535798719, networkLocation: /default-rack, certSerialId: null}, Type:RATIS, Factor:ONE, State:OPEN]
2019-10-16 06:01:05,673 [46286b1e-0911-4b60-930a-7d069b9f5ead@group-E721DE41F8F5-LeaderElection1] INFO  server.RaftServerConfigKeys (ConfUtils.java:logGet(43)) - raft.server.watch.timeout = 10s (default)
2019-10-16 06:01:05,673 [46286b1e-0911-4b60-930a-7d069b9f5ead@group-E721DE41F8F5-LeaderElection1] INFO  server.RaftServerConfigKeys (ConfUtils.java:logGet(43)) - raft.server.watch.timeout.denomination = 1s (default)
2019-10-16 06:01:05,678 [46286b1e-0911-4b60-930a-7d069b9f5ead@group-E721DE41F8F5-LeaderElection1] INFO  server.RaftServerConfigKeys (ConfUtils.java:logGet(43)) - raft.server.watch.element-limit = 65536 (default)
2019-10-16 06:01:05,737 [grpc-default-executor-0] INFO  impl.RaftServerProxy (RaftServerProxy.java:addNew(89)) - f57e9b24-e963-44a9-9a1d-af10325c0693: addNew group-B4EA8FEA8C89:[f57e9b24-e963-44a9-9a1d-af10325c0693:192.168.69.104:44592] returns group-B4EA8FEA8C89:java.util.concurrent.CompletableFuture@4446b0cc[Not completed]
2019-10-16 06:01:05,743 [pool-117-thread-1] INFO  impl.RaftServerImpl (RaftServerImpl.java:<init>(104)) - f57e9b24-e963-44a9-9a1d-af10325c0693: new RaftServerImpl for group-B4EA8FEA8C89:[f57e9b24-e963-44a9-9a1d-af10325c0693:192.168.69.104:44592] with ContainerStateMachine:uninitialized
2019-10-16 06:01:05,743 [pool-117-thread-1] INFO  server.RaftServerConfigKeys (ConfUtils.java:logGet(43)) - raft.server.rpc.timeout.min = 5s (custom)
2019-10-16 06:01:05,743 [pool-117-thread-1] INFO  server.RaftServerConfigKeys (ConfUtils.java:logGet(43)) - raft.server.rpc.timeout.max = 5200ms (custom)
2019-10-16 06:01:05,743 [pool-117-thread-1] INFO  server.RaftServerConfigKeys (ConfUtils.java:logGet(43)) - raft.server.rpcslowness.timeout = 120s (custom)
2019-10-16 06:01:05,744 [pool-117-thread-1] INFO  server.RaftServerConfigKeys (ConfUtils.java:logGet(43)) - raft.server.sleep.deviation.threshold = 300 (default)
2019-10-16 06:01:05,744 [pool-117-thread-1] INFO  server.RaftServerConfigKeys (ConfUtils.java:logGet(43)) - raft.server.log.appender.install.snapshot.enabled = false (custom)
2019-10-16 06:01:05,744 [pool-117-thread-1] INFO  impl.RaftServerImpl (ServerState.java:<init>(103)) - f57e9b24-e963-44a9-9a1d-af10325c0693@group-B4EA8FEA8C89: ConfigurationManager, init=-1: [f57e9b24-e963-44a9-9a1d-af10325c0693:192.168.69.104:44592], old=null, confs=<EMPTY_MAP>
2019-10-16 06:01:05,744 [pool-117-thread-1] INFO  server.RaftServerConfigKeys (ConfUtils.java:logGet(43)) - raft.server.storage.dir = [/workdir/hadoop-ozone/integration-test/target/test-dir/MiniOzoneClusterImpl-257c3db4-a93f-4c6f-afa5-a7c4c1fab1a3/datanode-9/data/ratis] (custom)
2019-10-16 06:01:05,744 [pool-117-thread-1] INFO  server.RaftServerConfigKeys (ConfUtils.java:logGet(43)) - raft.server.log.corruption.policy = EXCEPTION (default)
2019-10-16 06:01:05,745 [pool-117-thread-1] INFO  storage.RaftStorageDirectory (RaftStorageDirectory.java:analyzeStorage(246)) - The storage directory /workdir/hadoop-ozone/integration-test/target/test-dir/MiniOzoneClusterImpl-257c3db4-a93f-4c6f-afa5-a7c4c1fab1a3/datanode-9/data/ratis/e9878b65-b315-400b-b53c-b4ea8fea8c89 does not exist. Creating ...
2019-10-16 06:01:05,748 [46286b1e-0911-4b60-930a-7d069b9f5ead@group-E721DE41F8F5-LeaderElection1] INFO  impl.RoleInfo (RoleInfo.java:updateAndGet(143)) - 46286b1e-0911-4b60-930a-7d069b9f5ead: start LeaderState
2019-10-16 06:01:05,758 [pool-117-thread-1] INFO  storage.RaftStorageDirectory (RaftStorageDirectory.java:tryLock(328)) - Lock on /workdir/hadoop-ozone/integration-test/target/test-dir/MiniOzoneClusterImpl-257c3db4-a93f-4c6f-afa5-a7c4c1fab1a3/datanode-9/data/ratis/e9878b65-b315-400b-b53c-b4ea8fea8c89/in_use.lock acquired by nodename 7263@pr-hdds-2312-q6qzp-1535798719
2019-10-16 06:01:05,769 [46286b1e-0911-4b60-930a-7d069b9f5ead@group-E721DE41F8F5-LeaderElection1] INFO  segmented.SegmentedRaftLogWorker (SegmentedRaftLogWorker.java:startLogSegment(385)) - 46286b1e-0911-4b60-930a-7d069b9f5ead@group-E721DE41F8F5-SegmentedRaftLogWorker: Starting segment from index:0
2019-10-16 06:01:05,775 [pool-117-thread-1] INFO  storage.RaftStorage (RaftStorage.java:format(84)) - Storage directory /workdir/hadoop-ozone/integration-test/target/test-dir/MiniOzoneClusterImpl-257c3db4-a93f-4c6f-afa5-a7c4c1fab1a3/datanode-9/data/ratis/e9878b65-b315-400b-b53c-b4ea8fea8c89 has been successfully formatted.
2019-10-16 06:01:05,775 [pool-117-thread-1] INFO  ratis.ContainerStateMachine (ContainerStateMachine.java:loadSnapshot(231)) - group-B4EA8FEA8C89: The snapshot info is null. Setting the last applied indexto:(t:0, i:~)
2019-10-16 06:01:05,777 [pool-117-thread-1] INFO  server.RaftServerConfigKeys (ConfUtils.java:logGet(43)) - raft.server.notification.no-leader.timeout = 120s (custom)
2019-10-16 06:01:05,777 [pool-117-thread-1] INFO  server.RaftServerConfigKeys (ConfUtils.java:logGet(43)) - raft.server.log.use.memory = false (default)
2019-10-16 06:01:05,777 [pool-117-thread-1] INFO  server.RaftServerConfigKeys (ConfUtils.java:logGet(43)) - raft.server.log.purge.gap = 1000000 (custom)
2019-10-16 06:01:05,777 [pool-117-thread-1] INFO  server.RaftServerConfigKeys (ConfUtils.java:logGet(43)) - raft.server.log.appender.buffer.byte-limit = 33554432 (custom)
2019-10-16 06:01:05,777 [pool-117-thread-1] INFO  server.RaftServerConfigKeys (ConfUtils.java:logGet(43)) - raft.server.log.segment.size.max = 1048576 (custom)
2019-10-16 06:01:05,781 [46286b1e-0911-4b60-930a-7d069b9f5ead@group-E721DE41F8F5-LeaderElection1] INFO  impl.RaftServerImpl (ServerState.java:setRaftConf(357)) - 46286b1e-0911-4b60-930a-7d069b9f5ead@group-E721DE41F8F5: set configuration 0: [46286b1e-0911-4b60-930a-7d069b9f5ead:192.168.69.104:35014], old=null at 0
2019-10-16 06:01:05,783 [pool-117-thread-1] INFO  server.RaftServerConfigKeys (ConfUtils.java:logGet(43)) - raft.server.log.segment.cache.num.max = 2 (custom)
2019-10-16 06:01:05,783 [pool-117-thread-1] INFO  segmented.SegmentedRaftLogWorker (SegmentedRaftLogWorker.java:<init>(173)) - new f57e9b24-e963-44a9-9a1d-af10325c0693@group-B4EA8FEA8C89-SegmentedRaftLogWorker for RaftStorage:Storage Directory /workdir/hadoop-ozone/integration-test/target/test-dir/MiniOzoneClusterImpl-257c3db4-a93f-4c6f-afa5-a7c4c1fab1a3/datanode-9/data/ratis/e9878b65-b315-400b-b53c-b4ea8fea8c89
2019-10-16 06:01:05,784 [pool-117-thread-1] INFO  server.RaftServerConfigKeys (ConfUtils.java:logGet(43)) - raft.server.log.queue.byte-limit = 2147483647 (custom)
2019-10-16 06:01:05,784 [pool-117-thread-1] INFO  server.RaftServerConfigKeys (ConfUtils.java:logGet(43)) - raft.server.log.queue.element-limit = 1024 (custom)
2019-10-16 06:01:05,784 [pool-117-thread-1] INFO  server.RaftServerConfigKeys (ConfUtils.java:logGet(43)) - raft.server.log.segment.size.max = 1048576 (custom)
2019-10-16 06:01:05,784 [pool-117-thread-1] INFO  server.RaftServerConfigKeys (ConfUtils.java:logGet(43)) - raft.server.log.preallocated.size = 16384 (custom)
2019-10-16 06:01:05,784 [pool-117-thread-1] INFO  server.RaftServerConfigKeys (ConfUtils.java:logGet(43)) - raft.server.log.write.buffer.size = 33554432 (custom)
2019-10-16 06:01:05,784 [pool-117-thread-1] INFO  server.RaftServerConfigKeys (ConfUtils.java:logGet(43)) - raft.server.log.force.sync.num = 128 (default)
2019-10-16 06:01:05,784 [pool-117-thread-1] INFO  server.RaftServerConfigKeys (ConfUtils.java:logGet(43)) - raft.server.log.statemachine.data.sync = true (default)
2019-10-16 06:01:05,785 [pool-117-thread-1] INFO  server.RaftServerConfigKeys (ConfUtils.java:logGet(43)) - raft.server.log.statemachine.data.sync.timeout = 10s (default)
2019-10-16 06:01:05,785 [pool-117-thread-1] INFO  server.RaftServerConfigKeys (ConfUtils.java:logGet(43)) - raft.server.log.statemachine.data.sync.timeout.retry = -1 (default)
2019-10-16 06:01:05,786 [pool-117-thread-1] INFO  server.RaftServerConfigKeys (ConfUtils.java:logGet(43)) - raft.server.log.statemachine.data.caching.enabled = true (custom)
2019-10-16 06:01:05,786 [pool-117-thread-1] INFO  segmented.SegmentedRaftLogWorker (SegmentedRaftLogWorker.java:lambda$new$0(128)) - f57e9b24-e963-44a9-9a1d-af10325c0693@group-B4EA8FEA8C89-SegmentedRaftLogWorker: flushIndex: setUnconditionally 0 -> -1
2019-10-16 06:01:05,786 [pool-117-thread-1] INFO  server.RaftServerConfigKeys (ConfUtils.java:logGet(43)) - raft.server.snapshot.auto.trigger.enabled = true (custom)
2019-10-16 06:01:05,786 [pool-117-thread-1] INFO  server.RaftServerConfigKeys (ConfUtils.java:logGet(43)) - raft.server.snapshot.auto.trigger.threshold = 10000 (custom)
2019-10-16 06:01:05,787 [pool-117-thread-1] INFO  server.RaftServerConfigKeys (ConfUtils.java:logGet(43)) - raft.server.snapshot.retention.file.num = 5 (custom)
2019-10-16 06:01:05,787 [pool-117-thread-1] INFO  server.RaftServerConfigKeys (ConfUtils.java:logGet(43)) - raft.server.retrycache.expirytime = 600000ms (custom)
2019-10-16 06:01:05,794 [pool-117-thread-1] INFO  impl.RaftServerImpl (RaftServerImpl.java:start(195)) - f57e9b24-e963-44a9-9a1d-af10325c0693@group-B4EA8FEA8C89: start as a follower, conf=-1: [f57e9b24-e963-44a9-9a1d-af10325c0693:192.168.69.104:44592], old=null
2019-10-16 06:01:05,794 [pool-117-thread-1] INFO  impl.RaftServerImpl (RaftServerImpl.java:setRole(184)) - f57e9b24-e963-44a9-9a1d-af10325c0693@group-B4EA8FEA8C89: changes role from      null to FOLLOWER at term 0 for startAsFollower
2019-10-16 06:01:05,794 [pool-117-thread-1] INFO  impl.RoleInfo (RoleInfo.java:updateAndGet(143)) - f57e9b24-e963-44a9-9a1d-af10325c0693: start FollowerState
2019-10-16 06:01:05,795 [pool-117-thread-1] INFO  util.JmxRegister (JmxRegister.java:tryRegister(44)) - Successfully registered JMX Bean with object name Ratis:service=RaftServer,group=group-B4EA8FEA8C89,id=f57e9b24-e963-44a9-9a1d-af10325c0693
2019-10-16 06:01:05,796 [Thread-289] INFO  impl.FollowerState (FollowerState.java:run(108)) - 8c19deeb-317a-48b3-82a9-f18220a73035@group-B58C57C48A52-FollowerState: change to CANDIDATE, lastRpcTime:146ms, electionTimeout:146ms
2019-10-16 06:01:05,798 [Thread-289] INFO  impl.RoleInfo (RoleInfo.java:shutdownFollowerState(121)) - 8c19deeb-317a-48b3-82a9-f18220a73035: shutdown FollowerState
2019-10-16 06:01:05,798 [Thread-289] INFO  impl.RaftServerImpl (RaftServerImpl.java:setRole(184)) - 8c19deeb-317a-48b3-82a9-f18220a73035@group-B58C57C48A52: changes role from  FOLLOWER to CANDIDATE at term 0 for changeToCandidate
2019-10-16 06:01:05,798 [Thread-289] INFO  impl.RoleInfo (RoleInfo.java:updateAndGet(143)) - 8c19deeb-317a-48b3-82a9-f18220a73035: start LeaderElection
2019-10-16 06:01:05,814 [8c19deeb-317a-48b3-82a9-f18220a73035@group-B58C57C48A52-LeaderElection2] INFO  impl.LeaderElection (LeaderElection.java:askForVotes(178)) - 8c19deeb-317a-48b3-82a9-f18220a73035@group-B58C57C48A52-LeaderElection2: begin an election at term 1 for -1: [8c19deeb-317a-48b3-82a9-f18220a73035:192.168.69.104:45027], old=null
2019-10-16 06:01:05,815 [8c19deeb-317a-48b3-82a9-f18220a73035@group-B58C57C48A52-LeaderElection2] INFO  impl.RoleInfo (RoleInfo.java:shutdownLeaderElection(134)) - 8c19deeb-317a-48b3-82a9-f18220a73035: shutdown LeaderElection
2019-10-16 06:01:05,817 [8c19deeb-317a-48b3-82a9-f18220a73035@group-B58C57C48A52-LeaderElection2] INFO  impl.RaftServerImpl (RaftServerImpl.java:setRole(184)) - 8c19deeb-317a-48b3-82a9-f18220a73035@group-B58C57C48A52: changes role from CANDIDATE to LEADER at term 1 for changeToLeader
2019-10-16 06:01:05,817 [8c19deeb-317a-48b3-82a9-f18220a73035@group-B58C57C48A52-LeaderElection2] INFO  impl.RaftServerImpl (ServerState.java:setLeader(256)) - 8c19deeb-317a-48b3-82a9-f18220a73035@group-B58C57C48A52: change Leader from null to 8c19deeb-317a-48b3-82a9-f18220a73035 at term 1 for becomeLeader, leader elected after 201ms
2019-10-16 06:01:05,823 [8c19deeb-317a-48b3-82a9-f18220a73035@group-B58C57C48A52-LeaderElection2] INFO  server.RaftServerConfigKeys (ConfUtils.java:logGet(43)) - raft.server.staging.catchup.gap = 1000 (default)
2019-10-16 06:01:05,823 [8c19deeb-317a-48b3-82a9-f18220a73035@group-B58C57C48A52-LeaderElection2] INFO  server.RaftServerConfigKeys (ConfUtils.java:logGet(43)) - raft.server.rpc.sleep.time = 25ms (default)
2019-10-16 06:01:05,833 [8c19deeb-317a-48b3-82a9-f18220a73035@group-B58C57C48A52-LeaderElection2] INFO  server.RaftServerConfigKeys (ConfUtils.java:logGet(43)) - raft.server.write.element-limit = 4096 (default)
2019-10-16 06:01:05,833 [RatisPipelineUtilsThread] INFO  pipeline.PipelineStateManager (PipelineStateManager.java:addPipeline(56)) - Created pipeline Pipeline[ Id: e9878b65-b315-400b-b53c-b4ea8fea8c89, Nodes: f57e9b24-e963-44a9-9a1d-af10325c0693{ip: 192.168.69.104, host: pr-hdds-2312-q6qzp-1535798719, networkLocation: /default-rack, certSerialId: null}, Type:RATIS, Factor:ONE, State:OPEN]
2019-10-16 06:01:05,834 [8c19deeb-317a-48b3-82a9-f18220a73035@group-B58C57C48A52-LeaderElection2] INFO  server.RaftServerConfigKeys (ConfUtils.java:logGet(43)) - raft.server.watch.timeout = 10s (default)
2019-10-16 06:01:05,835 [8c19deeb-317a-48b3-82a9-f18220a73035@group-B58C57C48A52-LeaderElection2] INFO  server.RaftServerConfigKeys (ConfUtils.java:logGet(43)) - raft.server.watch.timeout.denomination = 1s (default)
2019-10-16 06:01:05,835 [8c19deeb-317a-48b3-82a9-f18220a73035@group-B58C57C48A52-LeaderElection2] INFO  server.RaftServerConfigKeys (ConfUtils.java:logGet(43)) - raft.server.watch.element-limit = 65536 (default)
2019-10-16 06:01:05,846 [8c19deeb-317a-48b3-82a9-f18220a73035@group-B58C57C48A52-LeaderElection2] INFO  impl.RoleInfo (RoleInfo.java:updateAndGet(143)) - 8c19deeb-317a-48b3-82a9-f18220a73035: start LeaderState
2019-10-16 06:01:05,848 [8c19deeb-317a-48b3-82a9-f18220a73035@group-B58C57C48A52-LeaderElection2] INFO  segmented.SegmentedRaftLogWorker (SegmentedRaftLogWorker.java:startLogSegment(385)) - 8c19deeb-317a-48b3-82a9-f18220a73035@group-B58C57C48A52-SegmentedRaftLogWorker: Starting segment from index:0
2019-10-16 06:01:05,851 [8c19deeb-317a-48b3-82a9-f18220a73035@group-B58C57C48A52-LeaderElection2] INFO  impl.RaftServerImpl (ServerState.java:setRaftConf(357)) - 8c19deeb-317a-48b3-82a9-f18220a73035@group-B58C57C48A52: set configuration 0: [8c19deeb-317a-48b3-82a9-f18220a73035:192.168.69.104:45027], old=null at 0
2019-10-16 06:01:05,862 [grpc-default-executor-0] INFO  impl.RaftServerProxy (RaftServerProxy.java:addNew(89)) - 312a2b1d-4089-408f-ae02-669a7707c04d: addNew group-E42E6FFB0B1A:[312a2b1d-4089-408f-ae02-669a7707c04d:192.168.69.104:33667] returns group-E42E6FFB0B1A:java.util.concurrent.CompletableFuture@5d106091[Not completed]
2019-10-16 06:01:05,865 [pool-77-thread-1] INFO  impl.RaftServerImpl (RaftServerImpl.java:<init>(104)) - 312a2b1d-4089-408f-ae02-669a7707c04d: new RaftServerImpl for group-E42E6FFB0B1A:[312a2b1d-4089-408f-ae02-669a7707c04d:192.168.69.104:33667] with ContainerStateMachine:uninitialized
2019-10-16 06:01:05,866 [pool-77-thread-1] INFO  server.RaftServerConfigKeys (ConfUtils.java:logGet(43)) - raft.server.rpc.timeout.min = 5s (custom)
2019-10-16 06:01:05,866 [pool-77-thread-1] INFO  server.RaftServerConfigKeys (ConfUtils.java:logGet(43)) - raft.server.rpc.timeout.max = 5200ms (custom)
2019-10-16 06:01:05,866 [pool-77-thread-1] INFO  server.RaftServerConfigKeys (ConfUtils.java:logGet(43)) - raft.server.rpcslowness.timeout = 120s (custom)
2019-10-16 06:01:05,866 [pool-77-thread-1] INFO  server.RaftServerConfigKeys (ConfUtils.java:logGet(43)) - raft.server.sleep.deviation.threshold = 300 (default)
2019-10-16 06:01:05,866 [pool-77-thread-1] INFO  server.RaftServerConfigKeys (ConfUtils.java:logGet(43)) - raft.server.log.appender.install.snapshot.enabled = false (custom)
2019-10-16 06:01:05,866 [pool-77-thread-1] INFO  impl.RaftServerImpl (ServerState.java:<init>(103)) - 312a2b1d-4089-408f-ae02-669a7707c04d@group-E42E6FFB0B1A: ConfigurationManager, init=-1: [312a2b1d-4089-408f-ae02-669a7707c04d:192.168.69.104:33667], old=null, confs=<EMPTY_MAP>
2019-10-16 06:01:05,867 [pool-77-thread-1] INFO  server.RaftServerConfigKeys (ConfUtils.java:logGet(43)) - raft.server.storage.dir = [/workdir/hadoop-ozone/integration-test/target/test-dir/MiniOzoneClusterImpl-257c3db4-a93f-4c6f-afa5-a7c4c1fab1a3/datanode-5/data/ratis] (custom)
2019-10-16 06:01:05,867 [pool-77-thread-1] INFO  server.RaftServerConfigKeys (ConfUtils.java:logGet(43)) - raft.server.log.corruption.policy = EXCEPTION (default)
2019-10-16 06:01:05,867 [pool-77-thread-1] INFO  storage.RaftStorageDirectory (RaftStorageDirectory.java:analyzeStorage(246)) - The storage directory /workdir/hadoop-ozone/integration-test/target/test-dir/MiniOzoneClusterImpl-257c3db4-a93f-4c6f-afa5-a7c4c1fab1a3/datanode-5/data/ratis/6c01119e-68f5-49a4-8613-e42e6ffb0b1a does not exist. Creating ...
2019-10-16 06:01:05,881 [pool-77-thread-1] INFO  storage.RaftStorageDirectory (RaftStorageDirectory.java:tryLock(328)) - Lock on /workdir/hadoop-ozone/integration-test/target/test-dir/MiniOzoneClusterImpl-257c3db4-a93f-4c6f-afa5-a7c4c1fab1a3/datanode-5/data/ratis/6c01119e-68f5-49a4-8613-e42e6ffb0b1a/in_use.lock acquired by nodename 7263@pr-hdds-2312-q6qzp-1535798719
2019-10-16 06:01:05,894 [pool-77-thread-1] INFO  storage.RaftStorage (RaftStorage.java:format(84)) - Storage directory /workdir/hadoop-ozone/integration-test/target/test-dir/MiniOzoneClusterImpl-257c3db4-a93f-4c6f-afa5-a7c4c1fab1a3/datanode-5/data/ratis/6c01119e-68f5-49a4-8613-e42e6ffb0b1a has been successfully formatted.
2019-10-16 06:01:05,895 [pool-77-thread-1] INFO  ratis.ContainerStateMachine (ContainerStateMachine.java:loadSnapshot(231)) - group-E42E6FFB0B1A: The snapshot info is null. Setting the last applied indexto:(t:0, i:~)
2019-10-16 06:01:05,895 [pool-77-thread-1] INFO  server.RaftServerConfigKeys (ConfUtils.java:logGet(43)) - raft.server.notification.no-leader.timeout = 120s (custom)
2019-10-16 06:01:05,895 [pool-77-thread-1] INFO  server.RaftServerConfigKeys (ConfUtils.java:logGet(43)) - raft.server.log.use.memory = false (default)
2019-10-16 06:01:05,895 [pool-77-thread-1] INFO  server.RaftServerConfigKeys (ConfUtils.java:logGet(43)) - raft.server.log.purge.gap = 1000000 (custom)
2019-10-16 06:01:05,895 [pool-77-thread-1] INFO  server.RaftServerConfigKeys (ConfUtils.java:logGet(43)) - raft.server.log.appender.buffer.byte-limit = 33554432 (custom)
2019-10-16 06:01:05,895 [pool-77-thread-1] INFO  server.RaftServerConfigKeys (ConfUtils.java:logGet(43)) - raft.server.log.segment.size.max = 1048576 (custom)
2019-10-16 06:01:05,899 [pool-77-thread-1] INFO  server.RaftServerConfigKeys (ConfUtils.java:logGet(43)) - raft.server.log.segment.cache.num.max = 2 (custom)
2019-10-16 06:01:05,900 [pool-77-thread-1] INFO  segmented.SegmentedRaftLogWorker (SegmentedRaftLogWorker.java:<init>(173)) - new 312a2b1d-4089-408f-ae02-669a7707c04d@group-E42E6FFB0B1A-SegmentedRaftLogWorker for RaftStorage:Storage Directory /workdir/hadoop-ozone/integration-test/target/test-dir/MiniOzoneClusterImpl-257c3db4-a93f-4c6f-afa5-a7c4c1fab1a3/datanode-5/data/ratis/6c01119e-68f5-49a4-8613-e42e6ffb0b1a
2019-10-16 06:01:05,900 [pool-77-thread-1] INFO  server.RaftServerConfigKeys (ConfUtils.java:logGet(43)) - raft.server.log.queue.byte-limit = 2147483647 (custom)
2019-10-16 06:01:05,900 [pool-77-thread-1] INFO  server.RaftServerConfigKeys (ConfUtils.java:logGet(43)) - raft.server.log.queue.element-limit = 1024 (custom)
2019-10-16 06:01:05,900 [pool-77-thread-1] INFO  server.RaftServerConfigKeys (ConfUtils.java:logGet(43)) - raft.server.log.segment.size.max = 1048576 (custom)
2019-10-16 06:01:05,900 [pool-77-thread-1] INFO  server.RaftServerConfigKeys (ConfUtils.java:logGet(43)) - raft.server.log.preallocated.size = 16384 (custom)
2019-10-16 06:01:05,900 [pool-77-thread-1] INFO  server.RaftServerConfigKeys (ConfUtils.java:logGet(43)) - raft.server.log.write.buffer.size = 33554432 (custom)
2019-10-16 06:01:05,900 [pool-77-thread-1] INFO  server.RaftServerConfigKeys (ConfUtils.java:logGet(43)) - raft.server.log.force.sync.num = 128 (default)
2019-10-16 06:01:05,900 [pool-77-thread-1] INFO  server.RaftServerConfigKeys (ConfUtils.java:logGet(43)) - raft.server.log.statemachine.data.sync = true (default)
2019-10-16 06:01:05,900 [pool-77-thread-1] INFO  server.RaftServerConfigKeys (ConfUtils.java:logGet(43)) - raft.server.log.statemachine.data.sync.timeout = 10s (default)
2019-10-16 06:01:05,900 [pool-77-thread-1] INFO  server.RaftServerConfigKeys (ConfUtils.java:logGet(43)) - raft.server.log.statemachine.data.sync.timeout.retry = -1 (default)
2019-10-16 06:01:05,901 [pool-77-thread-1] INFO  server.RaftServerConfigKeys (ConfUtils.java:logGet(43)) - raft.server.log.statemachine.data.caching.enabled = true (custom)
2019-10-16 06:01:05,901 [pool-77-thread-1] INFO  segmented.SegmentedRaftLogWorker (SegmentedRaftLogWorker.java:lambda$new$0(128)) - 312a2b1d-4089-408f-ae02-669a7707c04d@group-E42E6FFB0B1A-SegmentedRaftLogWorker: flushIndex: setUnconditionally 0 -> -1
2019-10-16 06:01:05,902 [pool-77-thread-1] INFO  server.RaftServerConfigKeys (ConfUtils.java:logGet(43)) - raft.server.snapshot.auto.trigger.enabled = true (custom)
2019-10-16 06:01:05,902 [pool-77-thread-1] INFO  server.RaftServerConfigKeys (ConfUtils.java:logGet(43)) - raft.server.snapshot.auto.trigger.threshold = 10000 (custom)
2019-10-16 06:01:05,902 [pool-77-thread-1] INFO  server.RaftServerConfigKeys (ConfUtils.java:logGet(43)) - raft.server.snapshot.retention.file.num = 5 (custom)
2019-10-16 06:01:05,902 [pool-77-thread-1] INFO  server.RaftServerConfigKeys (ConfUtils.java:logGet(43)) - raft.server.retrycache.expirytime = 600000ms (custom)
2019-10-16 06:01:05,908 [pool-77-thread-1] INFO  impl.RaftServerImpl (RaftServerImpl.java:start(195)) - 312a2b1d-4089-408f-ae02-669a7707c04d@group-E42E6FFB0B1A: start as a follower, conf=-1: [312a2b1d-4089-408f-ae02-669a7707c04d:192.168.69.104:33667], old=null
2019-10-16 06:01:05,908 [pool-77-thread-1] INFO  impl.RaftServerImpl (RaftServerImpl.java:setRole(184)) - 312a2b1d-4089-408f-ae02-669a7707c04d@group-E42E6FFB0B1A: changes role from      null to FOLLOWER at term 0 for startAsFollower
2019-10-16 06:01:05,908 [pool-77-thread-1] INFO  impl.RoleInfo (RoleInfo.java:updateAndGet(143)) - 312a2b1d-4089-408f-ae02-669a7707c04d: start FollowerState
2019-10-16 06:01:05,909 [pool-77-thread-1] INFO  util.JmxRegister (JmxRegister.java:tryRegister(44)) - Successfully registered JMX Bean with object name Ratis:service=RaftServer,group=group-E42E6FFB0B1A,id=312a2b1d-4089-408f-ae02-669a7707c04d
2019-10-16 06:01:05,911 [Thread-293] INFO  impl.FollowerState (FollowerState.java:run(108)) - f57e9b24-e963-44a9-9a1d-af10325c0693@group-B4EA8FEA8C89-FollowerState: change to CANDIDATE, lastRpcTime:116ms, electionTimeout:116ms
2019-10-16 06:01:05,911 [Thread-293] INFO  impl.RoleInfo (RoleInfo.java:shutdownFollowerState(121)) - f57e9b24-e963-44a9-9a1d-af10325c0693: shutdown FollowerState
2019-10-16 06:01:05,911 [Thread-293] INFO  impl.RaftServerImpl (RaftServerImpl.java:setRole(184)) - f57e9b24-e963-44a9-9a1d-af10325c0693@group-B4EA8FEA8C89: changes role from  FOLLOWER to CANDIDATE at term 0 for changeToCandidate
2019-10-16 06:01:05,911 [Thread-293] INFO  impl.RoleInfo (RoleInfo.java:updateAndGet(143)) - f57e9b24-e963-44a9-9a1d-af10325c0693: start LeaderElection
2019-10-16 06:01:05,935 [f57e9b24-e963-44a9-9a1d-af10325c0693@group-B4EA8FEA8C89-LeaderElection3] INFO  impl.LeaderElection (LeaderElection.java:askForVotes(178)) - f57e9b24-e963-44a9-9a1d-af10325c0693@group-B4EA8FEA8C89-LeaderElection3: begin an election at term 1 for -1: [f57e9b24-e963-44a9-9a1d-af10325c0693:192.168.69.104:44592], old=null
2019-10-16 06:01:05,937 [f57e9b24-e963-44a9-9a1d-af10325c0693@group-B4EA8FEA8C89-LeaderElection3] INFO  impl.RoleInfo (RoleInfo.java:shutdownLeaderElection(134)) - f57e9b24-e963-44a9-9a1d-af10325c0693: shutdown LeaderElection
2019-10-16 06:01:05,937 [f57e9b24-e963-44a9-9a1d-af10325c0693@group-B4EA8FEA8C89-LeaderElection3] INFO  impl.RaftServerImpl (RaftServerImpl.java:setRole(184)) - f57e9b24-e963-44a9-9a1d-af10325c0693@group-B4EA8FEA8C89: changes role from CANDIDATE to LEADER at term 1 for changeToLeader
2019-10-16 06:01:05,937 [f57e9b24-e963-44a9-9a1d-af10325c0693@group-B4EA8FEA8C89-LeaderElection3] INFO  impl.RaftServerImpl (ServerState.java:setLeader(256)) - f57e9b24-e963-44a9-9a1d-af10325c0693@group-B4EA8FEA8C89: change Leader from null to f57e9b24-e963-44a9-9a1d-af10325c0693 at term 1 for becomeLeader, leader elected after 160ms
2019-10-16 06:01:05,938 [f57e9b24-e963-44a9-9a1d-af10325c0693@group-B4EA8FEA8C89-LeaderElection3] INFO  server.RaftServerConfigKeys (ConfUtils.java:logGet(43)) - raft.server.staging.catchup.gap = 1000 (default)
2019-10-16 06:01:05,939 [f57e9b24-e963-44a9-9a1d-af10325c0693@group-B4EA8FEA8C89-LeaderElection3] INFO  server.RaftServerConfigKeys (ConfUtils.java:logGet(43)) - raft.server.rpc.sleep.time = 25ms (default)
2019-10-16 06:01:05,939 [f57e9b24-e963-44a9-9a1d-af10325c0693@group-B4EA8FEA8C89-LeaderElection3] INFO  server.RaftServerConfigKeys (ConfUtils.java:logGet(43)) - raft.server.write.element-limit = 4096 (default)
2019-10-16 06:01:05,939 [f57e9b24-e963-44a9-9a1d-af10325c0693@group-B4EA8FEA8C89-LeaderElection3] INFO  server.RaftServerConfigKeys (ConfUtils.java:logGet(43)) - raft.server.watch.timeout = 10s (default)
2019-10-16 06:01:05,939 [f57e9b24-e963-44a9-9a1d-af10325c0693@group-B4EA8FEA8C89-LeaderElection3] INFO  server.RaftServerConfigKeys (ConfUtils.java:logGet(43)) - raft.server.watch.timeout.denomination = 1s (default)
2019-10-16 06:01:05,939 [RatisPipelineUtilsThread] INFO  pipeline.PipelineStateManager (PipelineStateManager.java:addPipeline(56)) - Created pipeline Pipeline[ Id: 6c01119e-68f5-49a4-8613-e42e6ffb0b1a, Nodes: 312a2b1d-4089-408f-ae02-669a7707c04d{ip: 192.168.69.104, host: pr-hdds-2312-q6qzp-1535798719, networkLocation: /default-rack, certSerialId: null}, Type:RATIS, Factor:ONE, State:OPEN]
2019-10-16 06:01:05,939 [f57e9b24-e963-44a9-9a1d-af10325c0693@group-B4EA8FEA8C89-LeaderElection3] INFO  server.RaftServerConfigKeys (ConfUtils.java:logGet(43)) - raft.server.watch.element-limit = 65536 (default)
2019-10-16 06:01:05,944 [f57e9b24-e963-44a9-9a1d-af10325c0693@group-B4EA8FEA8C89-LeaderElection3] INFO  impl.RoleInfo (RoleInfo.java:updateAndGet(143)) - f57e9b24-e963-44a9-9a1d-af10325c0693: start LeaderState
2019-10-16 06:01:05,944 [f57e9b24-e963-44a9-9a1d-af10325c0693@group-B4EA8FEA8C89-LeaderElection3] INFO  segmented.SegmentedRaftLogWorker (SegmentedRaftLogWorker.java:startLogSegment(385)) - f57e9b24-e963-44a9-9a1d-af10325c0693@group-B4EA8FEA8C89-SegmentedRaftLogWorker: Starting segment from index:0
2019-10-16 06:01:05,947 [f57e9b24-e963-44a9-9a1d-af10325c0693@group-B4EA8FEA8C89-LeaderElection3] INFO  impl.RaftServerImpl (ServerState.java:setRaftConf(357)) - f57e9b24-e963-44a9-9a1d-af10325c0693@group-B4EA8FEA8C89: set configuration 0: [f57e9b24-e963-44a9-9a1d-af10325c0693:192.168.69.104:44592], old=null at 0
2019-10-16 06:01:05,960 [grpc-default-executor-0] INFO  impl.RaftServerProxy (RaftServerProxy.java:addNew(89)) - d1fdf168-58cb-444a-97ca-5abcdb1babef: addNew group-BF4DA341C999:[d1fdf168-58cb-444a-97ca-5abcdb1babef:192.168.69.104:44847] returns group-BF4DA341C999:java.util.concurrent.CompletableFuture@457fdda8[Not completed]
2019-10-16 06:01:05,965 [pool-57-thread-1] INFO  impl.RaftServerImpl (RaftServerImpl.java:<init>(104)) - d1fdf168-58cb-444a-97ca-5abcdb1babef: new RaftServerImpl for group-BF4DA341C999:[d1fdf168-58cb-444a-97ca-5abcdb1babef:192.168.69.104:44847] with ContainerStateMachine:uninitialized
2019-10-16 06:01:05,965 [pool-57-thread-1] INFO  server.RaftServerConfigKeys (ConfUtils.java:logGet(43)) - raft.server.rpc.timeout.min = 5s (custom)
2019-10-16 06:01:05,968 [pool-57-thread-1] INFO  server.RaftServerConfigKeys (ConfUtils.java:logGet(43)) - raft.server.rpc.timeout.max = 5200ms (custom)
2019-10-16 06:01:05,979 [pool-57-thread-1] INFO  server.RaftServerConfigKeys (ConfUtils.java:logGet(43)) - raft.server.rpcslowness.timeout = 120s (custom)
2019-10-16 06:01:05,979 [pool-57-thread-1] INFO  server.RaftServerConfigKeys (ConfUtils.java:logGet(43)) - raft.server.sleep.deviation.threshold = 300 (default)
2019-10-16 06:01:05,980 [pool-57-thread-1] INFO  server.RaftServerConfigKeys (ConfUtils.java:logGet(43)) - raft.server.log.appender.install.snapshot.enabled = false (custom)
2019-10-16 06:01:05,980 [pool-57-thread-1] INFO  impl.RaftServerImpl (ServerState.java:<init>(103)) - d1fdf168-58cb-444a-97ca-5abcdb1babef@group-BF4DA341C999: ConfigurationManager, init=-1: [d1fdf168-58cb-444a-97ca-5abcdb1babef:192.168.69.104:44847], old=null, confs=<EMPTY_MAP>
2019-10-16 06:01:05,980 [pool-57-thread-1] INFO  server.RaftServerConfigKeys (ConfUtils.java:logGet(43)) - raft.server.storage.dir = [/workdir/hadoop-ozone/integration-test/target/test-dir/MiniOzoneClusterImpl-257c3db4-a93f-4c6f-afa5-a7c4c1fab1a3/datanode-3/data/ratis] (custom)
2019-10-16 06:01:05,980 [pool-57-thread-1] INFO  server.RaftServerConfigKeys (ConfUtils.java:logGet(43)) - raft.server.log.corruption.policy = EXCEPTION (default)
2019-10-16 06:01:05,980 [pool-57-thread-1] INFO  storage.RaftStorageDirectory (RaftStorageDirectory.java:analyzeStorage(246)) - The storage directory /workdir/hadoop-ozone/integration-test/target/test-dir/MiniOzoneClusterImpl-257c3db4-a93f-4c6f-afa5-a7c4c1fab1a3/datanode-3/data/ratis/05bea082-b5ec-414b-acc9-bf4da341c999 does not exist. Creating ...
2019-10-16 06:01:05,993 [pool-57-thread-1] INFO  storage.RaftStorageDirectory (RaftStorageDirectory.java:tryLock(328)) - Lock on /workdir/hadoop-ozone/integration-test/target/test-dir/MiniOzoneClusterImpl-257c3db4-a93f-4c6f-afa5-a7c4c1fab1a3/datanode-3/data/ratis/05bea082-b5ec-414b-acc9-bf4da341c999/in_use.lock acquired by nodename 7263@pr-hdds-2312-q6qzp-1535798719
2019-10-16 06:01:06,006 [pool-57-thread-1] INFO  storage.RaftStorage (RaftStorage.java:format(84)) - Storage directory /workdir/hadoop-ozone/integration-test/target/test-dir/MiniOzoneClusterImpl-257c3db4-a93f-4c6f-afa5-a7c4c1fab1a3/datanode-3/data/ratis/05bea082-b5ec-414b-acc9-bf4da341c999 has been successfully formatted.
2019-10-16 06:01:06,006 [pool-57-thread-1] INFO  ratis.ContainerStateMachine (ContainerStateMachine.java:loadSnapshot(231)) - group-BF4DA341C999: The snapshot info is null. Setting the last applied indexto:(t:0, i:~)
2019-10-16 06:01:06,007 [pool-57-thread-1] INFO  server.RaftServerConfigKeys (ConfUtils.java:logGet(43)) - raft.server.notification.no-leader.timeout = 120s (custom)
2019-10-16 06:01:06,007 [pool-57-thread-1] INFO  server.RaftServerConfigKeys (ConfUtils.java:logGet(43)) - raft.server.log.use.memory = false (default)
2019-10-16 06:01:06,007 [pool-57-thread-1] INFO  server.RaftServerConfigKeys (ConfUtils.java:logGet(43)) - raft.server.log.purge.gap = 1000000 (custom)
2019-10-16 06:01:06,007 [pool-57-thread-1] INFO  server.RaftServerConfigKeys (ConfUtils.java:logGet(43)) - raft.server.log.appender.buffer.byte-limit = 33554432 (custom)
2019-10-16 06:01:06,007 [pool-57-thread-1] INFO  server.RaftServerConfigKeys (ConfUtils.java:logGet(43)) - raft.server.log.segment.size.max = 1048576 (custom)
2019-10-16 06:01:06,009 [pool-57-thread-1] INFO  server.RaftServerConfigKeys (ConfUtils.java:logGet(43)) - raft.server.log.segment.cache.num.max = 2 (custom)
2019-10-16 06:01:06,010 [pool-57-thread-1] INFO  segmented.SegmentedRaftLogWorker (SegmentedRaftLogWorker.java:<init>(173)) - new d1fdf168-58cb-444a-97ca-5abcdb1babef@group-BF4DA341C999-SegmentedRaftLogWorker for RaftStorage:Storage Directory /workdir/hadoop-ozone/integration-test/target/test-dir/MiniOzoneClusterImpl-257c3db4-a93f-4c6f-afa5-a7c4c1fab1a3/datanode-3/data/ratis/05bea082-b5ec-414b-acc9-bf4da341c999
2019-10-16 06:01:06,010 [pool-57-thread-1] INFO  server.RaftServerConfigKeys (ConfUtils.java:logGet(43)) - raft.server.log.queue.byte-limit = 2147483647 (custom)
2019-10-16 06:01:06,010 [pool-57-thread-1] INFO  server.RaftServerConfigKeys (ConfUtils.java:logGet(43)) - raft.server.log.queue.element-limit = 1024 (custom)
2019-10-16 06:01:06,010 [pool-57-thread-1] INFO  server.RaftServerConfigKeys (ConfUtils.java:logGet(43)) - raft.server.log.segment.size.max = 1048576 (custom)
2019-10-16 06:01:06,010 [pool-57-thread-1] INFO  server.RaftServerConfigKeys (ConfUtils.java:logGet(43)) - raft.server.log.preallocated.size = 16384 (custom)
2019-10-16 06:01:06,010 [pool-57-thread-1] INFO  server.RaftServerConfigKeys (ConfUtils.java:logGet(43)) - raft.server.log.write.buffer.size = 33554432 (custom)
2019-10-16 06:01:06,010 [pool-57-thread-1] INFO  server.RaftServerConfigKeys (ConfUtils.java:logGet(43)) - raft.server.log.force.sync.num = 128 (default)
2019-10-16 06:01:06,011 [pool-57-thread-1] INFO  server.RaftServerConfigKeys (ConfUtils.java:logGet(43)) - raft.server.log.statemachine.data.sync = true (default)
2019-10-16 06:01:06,011 [pool-57-thread-1] INFO  server.RaftServerConfigKeys (ConfUtils.java:logGet(43)) - raft.server.log.statemachine.data.sync.timeout = 10s (default)
2019-10-16 06:01:06,011 [pool-57-thread-1] INFO  server.RaftServerConfigKeys (ConfUtils.java:logGet(43)) - raft.server.log.statemachine.data.sync.timeout.retry = -1 (default)
2019-10-16 06:01:06,011 [pool-57-thread-1] INFO  server.RaftServerConfigKeys (ConfUtils.java:logGet(43)) - raft.server.log.statemachine.data.caching.enabled = true (custom)
2019-10-16 06:01:06,012 [pool-57-thread-1] INFO  segmented.SegmentedRaftLogWorker (SegmentedRaftLogWorker.java:lambda$new$0(128)) - d1fdf168-58cb-444a-97ca-5abcdb1babef@group-BF4DA341C999-SegmentedRaftLogWorker: flushIndex: setUnconditionally 0 -> -1
2019-10-16 06:01:06,012 [pool-57-thread-1] INFO  server.RaftServerConfigKeys (ConfUtils.java:logGet(43)) - raft.server.snapshot.auto.trigger.enabled = true (custom)
2019-10-16 06:01:06,012 [pool-57-thread-1] INFO  server.RaftServerConfigKeys (ConfUtils.java:logGet(43)) - raft.server.snapshot.auto.trigger.threshold = 10000 (custom)
2019-10-16 06:01:06,012 [pool-57-thread-1] INFO  server.RaftServerConfigKeys (ConfUtils.java:logGet(43)) - raft.server.snapshot.retention.file.num = 5 (custom)
2019-10-16 06:01:06,013 [pool-57-thread-1] INFO  server.RaftServerConfigKeys (ConfUtils.java:logGet(43)) - raft.server.retrycache.expirytime = 600000ms (custom)
2019-10-16 06:01:06,016 [pool-57-thread-1] INFO  impl.RaftServerImpl (RaftServerImpl.java:start(195)) - d1fdf168-58cb-444a-97ca-5abcdb1babef@group-BF4DA341C999: start as a follower, conf=-1: [d1fdf168-58cb-444a-97ca-5abcdb1babef:192.168.69.104:44847], old=null
2019-10-16 06:01:06,017 [pool-57-thread-1] INFO  impl.RaftServerImpl (RaftServerImpl.java:setRole(184)) - d1fdf168-58cb-444a-97ca-5abcdb1babef@group-BF4DA341C999: changes role from      null to FOLLOWER at term 0 for startAsFollower
2019-10-16 06:01:06,017 [pool-57-thread-1] INFO  impl.RoleInfo (RoleInfo.java:updateAndGet(143)) - d1fdf168-58cb-444a-97ca-5abcdb1babef: start FollowerState
2019-10-16 06:01:06,017 [pool-57-thread-1] INFO  util.JmxRegister (JmxRegister.java:tryRegister(44)) - Successfully registered JMX Bean with object name Ratis:service=RaftServer,group=group-BF4DA341C999,id=d1fdf168-58cb-444a-97ca-5abcdb1babef
2019-10-16 06:01:06,022 [Thread-304] INFO  impl.FollowerState (FollowerState.java:run(108)) - d1fdf168-58cb-444a-97ca-5abcdb1babef@group-BF4DA341C999-FollowerState: change to CANDIDATE, lastRpcTime:5ms, electionTimeout:5ms
2019-10-16 06:01:06,023 [Thread-304] INFO  impl.RoleInfo (RoleInfo.java:shutdownFollowerState(121)) - d1fdf168-58cb-444a-97ca-5abcdb1babef: shutdown FollowerState
2019-10-16 06:01:06,023 [Thread-304] INFO  impl.RaftServerImpl (RaftServerImpl.java:setRole(184)) - d1fdf168-58cb-444a-97ca-5abcdb1babef@group-BF4DA341C999: changes role from  FOLLOWER to CANDIDATE at term 0 for changeToCandidate
2019-10-16 06:01:06,023 [Thread-304] INFO  impl.RoleInfo (RoleInfo.java:updateAndGet(143)) - d1fdf168-58cb-444a-97ca-5abcdb1babef: start LeaderElection
2019-10-16 06:01:06,035 [RatisPipelineUtilsThread] INFO  pipeline.PipelineStateManager (PipelineStateManager.java:addPipeline(56)) - Created pipeline Pipeline[ Id: 05bea082-b5ec-414b-acc9-bf4da341c999, Nodes: d1fdf168-58cb-444a-97ca-5abcdb1babef{ip: 192.168.69.104, host: pr-hdds-2312-q6qzp-1535798719, networkLocation: /default-rack, certSerialId: null}, Type:RATIS, Factor:ONE, State:OPEN]
2019-10-16 06:01:06,045 [d1fdf168-58cb-444a-97ca-5abcdb1babef@group-BF4DA341C999-LeaderElection4] INFO  impl.LeaderElection (LeaderElection.java:askForVotes(178)) - d1fdf168-58cb-444a-97ca-5abcdb1babef@group-BF4DA341C999-LeaderElection4: begin an election at term 1 for -1: [d1fdf168-58cb-444a-97ca-5abcdb1babef:192.168.69.104:44847], old=null
2019-10-16 06:01:06,046 [d1fdf168-58cb-444a-97ca-5abcdb1babef@group-BF4DA341C999-LeaderElection4] INFO  impl.RoleInfo (RoleInfo.java:shutdownLeaderElection(134)) - d1fdf168-58cb-444a-97ca-5abcdb1babef: shutdown LeaderElection
2019-10-16 06:01:06,046 [d1fdf168-58cb-444a-97ca-5abcdb1babef@group-BF4DA341C999-LeaderElection4] INFO  impl.RaftServerImpl (RaftServerImpl.java:setRole(184)) - d1fdf168-58cb-444a-97ca-5abcdb1babef@group-BF4DA341C999: changes role from CANDIDATE to LEADER at term 1 for changeToLeader
2019-10-16 06:01:06,046 [d1fdf168-58cb-444a-97ca-5abcdb1babef@group-BF4DA341C999-LeaderElection4] INFO  impl.RaftServerImpl (ServerState.java:setLeader(256)) - d1fdf168-58cb-444a-97ca-5abcdb1babef@group-BF4DA341C999: change Leader from null to d1fdf168-58cb-444a-97ca-5abcdb1babef at term 1 for becomeLeader, leader elected after 39ms
2019-10-16 06:01:06,048 [d1fdf168-58cb-444a-97ca-5abcdb1babef@group-BF4DA341C999-LeaderElection4] INFO  server.RaftServerConfigKeys (ConfUtils.java:logGet(43)) - raft.server.staging.catchup.gap = 1000 (default)
2019-10-16 06:01:06,048 [d1fdf168-58cb-444a-97ca-5abcdb1babef@group-BF4DA341C999-LeaderElection4] INFO  server.RaftServerConfigKeys (ConfUtils.java:logGet(43)) - raft.server.rpc.sleep.time = 25ms (default)
2019-10-16 06:01:06,048 [d1fdf168-58cb-444a-97ca-5abcdb1babef@group-BF4DA341C999-LeaderElection4] INFO  server.RaftServerConfigKeys (ConfUtils.java:logGet(43)) - raft.server.write.element-limit = 4096 (default)
2019-10-16 06:01:06,049 [d1fdf168-58cb-444a-97ca-5abcdb1babef@group-BF4DA341C999-LeaderElection4] INFO  server.RaftServerConfigKeys (ConfUtils.java:logGet(43)) - raft.server.watch.timeout = 10s (default)
2019-10-16 06:01:06,049 [d1fdf168-58cb-444a-97ca-5abcdb1babef@group-BF4DA341C999-LeaderElection4] INFO  server.RaftServerConfigKeys (ConfUtils.java:logGet(43)) - raft.server.watch.timeout.denomination = 1s (default)
2019-10-16 06:01:06,049 [d1fdf168-58cb-444a-97ca-5abcdb1babef@group-BF4DA341C999-LeaderElection4] INFO  server.RaftServerConfigKeys (ConfUtils.java:logGet(43)) - raft.server.watch.element-limit = 65536 (default)
2019-10-16 06:01:06,058 [grpc-default-executor-0] INFO  impl.RaftServerProxy (RaftServerProxy.java:addNew(89)) - 4a4798ab-8917-4d71-b7ea-449ce36720dc: addNew group-0E73E32504E4:[4a4798ab-8917-4d71-b7ea-449ce36720dc:192.168.69.104:41062] returns group-0E73E32504E4:java.util.concurrent.CompletableFuture@481b4e7b[Not completed]
2019-10-16 06:01:06,058 [d1fdf168-58cb-444a-97ca-5abcdb1babef@group-BF4DA341C999-LeaderElection4] INFO  impl.RoleInfo (RoleInfo.java:updateAndGet(143)) - d1fdf168-58cb-444a-97ca-5abcdb1babef: start LeaderState
2019-10-16 06:01:06,059 [d1fdf168-58cb-444a-97ca-5abcdb1babef@group-BF4DA341C999-LeaderElection4] INFO  segmented.SegmentedRaftLogWorker (SegmentedRaftLogWorker.java:startLogSegment(385)) - d1fdf168-58cb-444a-97ca-5abcdb1babef@group-BF4DA341C999-SegmentedRaftLogWorker: Starting segment from index:0
2019-10-16 06:01:06,063 [pool-107-thread-1] INFO  impl.RaftServerImpl (RaftServerImpl.java:<init>(104)) - 4a4798ab-8917-4d71-b7ea-449ce36720dc: new RaftServerImpl for group-0E73E32504E4:[4a4798ab-8917-4d71-b7ea-449ce36720dc:192.168.69.104:41062] with ContainerStateMachine:uninitialized
2019-10-16 06:01:06,063 [d1fdf168-58cb-444a-97ca-5abcdb1babef@group-BF4DA341C999-LeaderElection4] INFO  impl.RaftServerImpl (ServerState.java:setRaftConf(357)) - d1fdf168-58cb-444a-97ca-5abcdb1babef@group-BF4DA341C999: set configuration 0: [d1fdf168-58cb-444a-97ca-5abcdb1babef:192.168.69.104:44847], old=null at 0
2019-10-16 06:01:06,063 [pool-107-thread-1] INFO  server.RaftServerConfigKeys (ConfUtils.java:logGet(43)) - raft.server.rpc.timeout.min = 5s (custom)
2019-10-16 06:01:06,065 [pool-107-thread-1] INFO  server.RaftServerConfigKeys (ConfUtils.java:logGet(43)) - raft.server.rpc.timeout.max = 5200ms (custom)
2019-10-16 06:01:06,065 [pool-107-thread-1] INFO  server.RaftServerConfigKeys (ConfUtils.java:logGet(43)) - raft.server.rpcslowness.timeout = 120s (custom)
2019-10-16 06:01:06,065 [pool-107-thread-1] INFO  server.RaftServerConfigKeys (ConfUtils.java:logGet(43)) - raft.server.sleep.deviation.threshold = 300 (default)
2019-10-16 06:01:06,065 [pool-107-thread-1] INFO  server.RaftServerConfigKeys (ConfUtils.java:logGet(43)) - raft.server.log.appender.install.snapshot.enabled = false (custom)
2019-10-16 06:01:06,065 [pool-107-thread-1] INFO  impl.RaftServerImpl (ServerState.java:<init>(103)) - 4a4798ab-8917-4d71-b7ea-449ce36720dc@group-0E73E32504E4: ConfigurationManager, init=-1: [4a4798ab-8917-4d71-b7ea-449ce36720dc:192.168.69.104:41062], old=null, confs=<EMPTY_MAP>
2019-10-16 06:01:06,066 [pool-107-thread-1] INFO  server.RaftServerConfigKeys (ConfUtils.java:logGet(43)) - raft.server.storage.dir = [/workdir/hadoop-ozone/integration-test/target/test-dir/MiniOzoneClusterImpl-257c3db4-a93f-4c6f-afa5-a7c4c1fab1a3/datanode-8/data/ratis] (custom)
2019-10-16 06:01:06,066 [pool-107-thread-1] INFO  server.RaftServerConfigKeys (ConfUtils.java:logGet(43)) - raft.server.log.corruption.policy = EXCEPTION (default)
2019-10-16 06:01:06,066 [pool-107-thread-1] INFO  storage.RaftStorageDirectory (RaftStorageDirectory.java:analyzeStorage(246)) - The storage directory /workdir/hadoop-ozone/integration-test/target/test-dir/MiniOzoneClusterImpl-257c3db4-a93f-4c6f-afa5-a7c4c1fab1a3/datanode-8/data/ratis/b4d1910f-5a34-4340-ab13-0e73e32504e4 does not exist. Creating ...
2019-10-16 06:01:06,379 [pool-107-thread-1] INFO  storage.RaftStorageDirectory (RaftStorageDirectory.java:tryLock(328)) - Lock on /workdir/hadoop-ozone/integration-test/target/test-dir/MiniOzoneClusterImpl-257c3db4-a93f-4c6f-afa5-a7c4c1fab1a3/datanode-8/data/ratis/b4d1910f-5a34-4340-ab13-0e73e32504e4/in_use.lock acquired by nodename 7263@pr-hdds-2312-q6qzp-1535798719
2019-10-16 06:01:06,379 [Thread-298] INFO  impl.FollowerState (FollowerState.java:run(108)) - 312a2b1d-4089-408f-ae02-669a7707c04d@group-E42E6FFB0B1A-FollowerState: change to CANDIDATE, lastRpcTime:470ms, electionTimeout:171ms
2019-10-16 06:01:06,383 [Thread-298] INFO  impl.RoleInfo (RoleInfo.java:shutdownFollowerState(121)) - 312a2b1d-4089-408f-ae02-669a7707c04d: shutdown FollowerState
2019-10-16 06:01:06,386 [Thread-298] INFO  impl.RaftServerImpl (RaftServerImpl.java:setRole(184)) - 312a2b1d-4089-408f-ae02-669a7707c04d@group-E42E6FFB0B1A: changes role from  FOLLOWER to CANDIDATE at term 0 for changeToCandidate
2019-10-16 06:01:06,386 [Thread-298] INFO  impl.RoleInfo (RoleInfo.java:updateAndGet(143)) - 312a2b1d-4089-408f-ae02-669a7707c04d: start LeaderElection
2019-10-16 06:01:06,398 [pool-107-thread-1] INFO  storage.RaftStorage (RaftStorage.java:format(84)) - Storage directory /workdir/hadoop-ozone/integration-test/target/test-dir/MiniOzoneClusterImpl-257c3db4-a93f-4c6f-afa5-a7c4c1fab1a3/datanode-8/data/ratis/b4d1910f-5a34-4340-ab13-0e73e32504e4 has been successfully formatted.
2019-10-16 06:01:06,398 [312a2b1d-4089-408f-ae02-669a7707c04d@group-E42E6FFB0B1A-LeaderElection5] INFO  impl.LeaderElection (LeaderElection.java:askForVotes(178)) - 312a2b1d-4089-408f-ae02-669a7707c04d@group-E42E6FFB0B1A-LeaderElection5: begin an election at term 1 for -1: [312a2b1d-4089-408f-ae02-669a7707c04d:192.168.69.104:33667], old=null
2019-10-16 06:01:06,399 [312a2b1d-4089-408f-ae02-669a7707c04d@group-E42E6FFB0B1A-LeaderElection5] INFO  impl.RoleInfo (RoleInfo.java:shutdownLeaderElection(134)) - 312a2b1d-4089-408f-ae02-669a7707c04d: shutdown LeaderElection
2019-10-16 06:01:06,399 [pool-107-thread-1] INFO  ratis.ContainerStateMachine (ContainerStateMachine.java:loadSnapshot(231)) - group-0E73E32504E4: The snapshot info is null. Setting the last applied indexto:(t:0, i:~)
2019-10-16 06:01:06,399 [312a2b1d-4089-408f-ae02-669a7707c04d@group-E42E6FFB0B1A-LeaderElection5] INFO  impl.RaftServerImpl (RaftServerImpl.java:setRole(184)) - 312a2b1d-4089-408f-ae02-669a7707c04d@group-E42E6FFB0B1A: changes role from CANDIDATE to LEADER at term 1 for changeToLeader
2019-10-16 06:01:06,399 [pool-107-thread-1] INFO  server.RaftServerConfigKeys (ConfUtils.java:logGet(43)) - raft.server.notification.no-leader.timeout = 120s (custom)
2019-10-16 06:01:06,399 [312a2b1d-4089-408f-ae02-669a7707c04d@group-E42E6FFB0B1A-LeaderElection5] INFO  impl.RaftServerImpl (ServerState.java:setLeader(256)) - 312a2b1d-4089-408f-ae02-669a7707c04d@group-E42E6FFB0B1A: change Leader from null to 312a2b1d-4089-408f-ae02-669a7707c04d at term 1 for becomeLeader, leader elected after 504ms
2019-10-16 06:01:06,399 [pool-107-thread-1] INFO  server.RaftServerConfigKeys (ConfUtils.java:logGet(43)) - raft.server.log.use.memory = false (default)
2019-10-16 06:01:06,401 [312a2b1d-4089-408f-ae02-669a7707c04d@group-E42E6FFB0B1A-LeaderElection5] INFO  server.RaftServerConfigKeys (ConfUtils.java:logGet(43)) - raft.server.staging.catchup.gap = 1000 (default)
2019-10-16 06:01:06,401 [pool-107-thread-1] INFO  server.RaftServerConfigKeys (ConfUtils.java:logGet(43)) - raft.server.log.purge.gap = 1000000 (custom)
2019-10-16 06:01:06,401 [312a2b1d-4089-408f-ae02-669a7707c04d@group-E42E6FFB0B1A-LeaderElection5] INFO  server.RaftServerConfigKeys (ConfUtils.java:logGet(43)) - raft.server.rpc.sleep.time = 25ms (default)
2019-10-16 06:01:06,401 [pool-107-thread-1] INFO  server.RaftServerConfigKeys (ConfUtils.java:logGet(43)) - raft.server.log.appender.buffer.byte-limit = 33554432 (custom)
2019-10-16 06:01:06,402 [312a2b1d-4089-408f-ae02-669a7707c04d@group-E42E6FFB0B1A-LeaderElection5] INFO  server.RaftServerConfigKeys (ConfUtils.java:logGet(43)) - raft.server.write.element-limit = 4096 (default)
2019-10-16 06:01:06,402 [pool-107-thread-1] INFO  server.RaftServerConfigKeys (ConfUtils.java:logGet(43)) - raft.server.log.segment.size.max = 1048576 (custom)
2019-10-16 06:01:06,402 [312a2b1d-4089-408f-ae02-669a7707c04d@group-E42E6FFB0B1A-LeaderElection5] INFO  server.RaftServerConfigKeys (ConfUtils.java:logGet(43)) - raft.server.watch.timeout = 10s (default)
2019-10-16 06:01:06,402 [312a2b1d-4089-408f-ae02-669a7707c04d@group-E42E6FFB0B1A-LeaderElection5] INFO  server.RaftServerConfigKeys (ConfUtils.java:logGet(43)) - raft.server.watch.timeout.denomination = 1s (default)
2019-10-16 06:01:06,402 [312a2b1d-4089-408f-ae02-669a7707c04d@group-E42E6FFB0B1A-LeaderElection5] INFO  server.RaftServerConfigKeys (ConfUtils.java:logGet(43)) - raft.server.watch.element-limit = 65536 (default)
2019-10-16 06:01:06,408 [pool-107-thread-1] INFO  server.RaftServerConfigKeys (ConfUtils.java:logGet(43)) - raft.server.log.segment.cache.num.max = 2 (custom)
2019-10-16 06:01:06,408 [pool-107-thread-1] INFO  segmented.SegmentedRaftLogWorker (SegmentedRaftLogWorker.java:<init>(173)) - new 4a4798ab-8917-4d71-b7ea-449ce36720dc@group-0E73E32504E4-SegmentedRaftLogWorker for RaftStorage:Storage Directory /workdir/hadoop-ozone/integration-test/target/test-dir/MiniOzoneClusterImpl-257c3db4-a93f-4c6f-afa5-a7c4c1fab1a3/datanode-8/data/ratis/b4d1910f-5a34-4340-ab13-0e73e32504e4
2019-10-16 06:01:06,411 [pool-107-thread-1] INFO  server.RaftServerConfigKeys (ConfUtils.java:logGet(43)) - raft.server.log.queue.byte-limit = 2147483647 (custom)
2019-10-16 06:01:06,411 [pool-107-thread-1] INFO  server.RaftServerConfigKeys (ConfUtils.java:logGet(43)) - raft.server.log.queue.element-limit = 1024 (custom)
2019-10-16 06:01:06,411 [pool-107-thread-1] INFO  server.RaftServerConfigKeys (ConfUtils.java:logGet(43)) - raft.server.log.segment.size.max = 1048576 (custom)
2019-10-16 06:01:06,412 [pool-107-thread-1] INFO  server.RaftServerConfigKeys (ConfUtils.java:logGet(43)) - raft.server.log.preallocated.size = 16384 (custom)
2019-10-16 06:01:06,412 [pool-107-thread-1] INFO  server.RaftServerConfigKeys (ConfUtils.java:logGet(43)) - raft.server.log.write.buffer.size = 33554432 (custom)
2019-10-16 06:01:06,412 [pool-107-thread-1] INFO  server.RaftServerConfigKeys (ConfUtils.java:logGet(43)) - raft.server.log.force.sync.num = 128 (default)
2019-10-16 06:01:06,412 [pool-107-thread-1] INFO  server.RaftServerConfigKeys (ConfUtils.java:logGet(43)) - raft.server.log.statemachine.data.sync = true (default)
2019-10-16 06:01:06,412 [312a2b1d-4089-408f-ae02-669a7707c04d@group-E42E6FFB0B1A-LeaderElection5] INFO  impl.RoleInfo (RoleInfo.java:updateAndGet(143)) - 312a2b1d-4089-408f-ae02-669a7707c04d: start LeaderState
2019-10-16 06:01:06,412 [pool-107-thread-1] INFO  server.RaftServerConfigKeys (ConfUtils.java:logGet(43)) - raft.server.log.statemachine.data.sync.timeout = 10s (default)
2019-10-16 06:01:06,412 [pool-107-thread-1] INFO  server.RaftServerConfigKeys (ConfUtils.java:logGet(43)) - raft.server.log.statemachine.data.sync.timeout.retry = -1 (default)
2019-10-16 06:01:06,412 [312a2b1d-4089-408f-ae02-669a7707c04d@group-E42E6FFB0B1A-LeaderElection5] INFO  segmented.SegmentedRaftLogWorker (SegmentedRaftLogWorker.java:startLogSegment(385)) - 312a2b1d-4089-408f-ae02-669a7707c04d@group-E42E6FFB0B1A-SegmentedRaftLogWorker: Starting segment from index:0
2019-10-16 06:01:06,413 [pool-107-thread-1] INFO  server.RaftServerConfigKeys (ConfUtils.java:logGet(43)) - raft.server.log.statemachine.data.caching.enabled = true (custom)
2019-10-16 06:01:06,413 [pool-107-thread-1] INFO  segmented.SegmentedRaftLogWorker (SegmentedRaftLogWorker.java:lambda$new$0(128)) - 4a4798ab-8917-4d71-b7ea-449ce36720dc@group-0E73E32504E4-SegmentedRaftLogWorker: flushIndex: setUnconditionally 0 -> -1
2019-10-16 06:01:06,413 [312a2b1d-4089-408f-ae02-669a7707c04d@group-E42E6FFB0B1A-LeaderElection5] INFO  impl.RaftServerImpl (ServerState.java:setRaftConf(357)) - 312a2b1d-4089-408f-ae02-669a7707c04d@group-E42E6FFB0B1A: set configuration 0: [312a2b1d-4089-408f-ae02-669a7707c04d:192.168.69.104:33667], old=null at 0
2019-10-16 06:01:06,413 [pool-107-thread-1] INFO  server.RaftServerConfigKeys (ConfUtils.java:logGet(43)) - raft.server.snapshot.auto.trigger.enabled = true (custom)
2019-10-16 06:01:06,415 [pool-107-thread-1] INFO  server.RaftServerConfigKeys (ConfUtils.java:logGet(43)) - raft.server.snapshot.auto.trigger.threshold = 10000 (custom)
2019-10-16 06:01:06,415 [pool-107-thread-1] INFO  server.RaftServerConfigKeys (ConfUtils.java:logGet(43)) - raft.server.snapshot.retention.file.num = 5 (custom)
2019-10-16 06:01:06,416 [pool-107-thread-1] INFO  server.RaftServerConfigKeys (ConfUtils.java:logGet(43)) - raft.server.retrycache.expirytime = 600000ms (custom)
2019-10-16 06:01:06,425 [pool-107-thread-1] INFO  impl.RaftServerImpl (RaftServerImpl.java:start(195)) - 4a4798ab-8917-4d71-b7ea-449ce36720dc@group-0E73E32504E4: start as a follower, conf=-1: [4a4798ab-8917-4d71-b7ea-449ce36720dc:192.168.69.104:41062], old=null
2019-10-16 06:01:06,426 [pool-107-thread-1] INFO  impl.RaftServerImpl (RaftServerImpl.java:setRole(184)) - 4a4798ab-8917-4d71-b7ea-449ce36720dc@group-0E73E32504E4: changes role from      null to FOLLOWER at term 0 for startAsFollower
2019-10-16 06:01:06,426 [pool-107-thread-1] INFO  impl.RoleInfo (RoleInfo.java:updateAndGet(143)) - 4a4798ab-8917-4d71-b7ea-449ce36720dc: start FollowerState
2019-10-16 06:01:06,426 [pool-107-thread-1] INFO  util.JmxRegister (JmxRegister.java:tryRegister(44)) - Successfully registered JMX Bean with object name Ratis:service=RaftServer,group=group-0E73E32504E4,id=4a4798ab-8917-4d71-b7ea-449ce36720dc
2019-10-16 06:01:06,444 [RatisPipelineUtilsThread] INFO  pipeline.PipelineStateManager (PipelineStateManager.java:addPipeline(56)) - Created pipeline Pipeline[ Id: b4d1910f-5a34-4340-ab13-0e73e32504e4, Nodes: 4a4798ab-8917-4d71-b7ea-449ce36720dc{ip: 192.168.69.104, host: pr-hdds-2312-q6qzp-1535798719, networkLocation: /default-rack, certSerialId: null}, Type:RATIS, Factor:ONE, State:OPEN]
2019-10-16 06:01:06,498 [main] INFO  ozone.MiniOzoneClusterImpl (MiniOzoneClusterImpl.java:getStorageContainerLocationClient(234)) - Creating StorageContainerLocationProtocol RPC client with address /0.0.0.0:46584
2019-10-16 06:01:06,503 [grpc-default-executor-0] INFO  impl.RaftServerProxy (RaftServerProxy.java:addNew(89)) - 7e1ad21a-3198-4af5-880c-f1c096872e7a: addNew group-7A8F1B1789CB:[7e1ad21a-3198-4af5-880c-f1c096872e7a:192.168.69.104:36957] returns group-7A8F1B1789CB:java.util.concurrent.CompletableFuture@2ff3ebf6[Not completed]
2019-10-16 06:01:06,512 [pool-87-thread-1] INFO  impl.RaftServerImpl (RaftServerImpl.java:<init>(104)) - 7e1ad21a-3198-4af5-880c-f1c096872e7a: new RaftServerImpl for group-7A8F1B1789CB:[7e1ad21a-3198-4af5-880c-f1c096872e7a:192.168.69.104:36957] with ContainerStateMachine:uninitialized
2019-10-16 06:01:06,512 [d1fdf168-58cb-444a-97ca-5abcdb1babef@group-BF4DA341C999-SegmentedRaftLogWorker] INFO  segmented.SegmentedRaftLogWorker (SegmentedRaftLogWorker.java:execute(576)) - d1fdf168-58cb-444a-97ca-5abcdb1babef@group-BF4DA341C999-SegmentedRaftLogWorker: created new log segment /workdir/hadoop-ozone/integration-test/target/test-dir/MiniOzoneClusterImpl-257c3db4-a93f-4c6f-afa5-a7c4c1fab1a3/datanode-3/data/ratis/05bea082-b5ec-414b-acc9-bf4da341c999/current/log_inprogress_0
2019-10-16 06:01:06,517 [pool-87-thread-1] INFO  server.RaftServerConfigKeys (ConfUtils.java:logGet(43)) - raft.server.rpc.timeout.min = 5s (custom)
2019-10-16 06:01:06,517 [312a2b1d-4089-408f-ae02-669a7707c04d@group-E42E6FFB0B1A-SegmentedRaftLogWorker] INFO  segmented.SegmentedRaftLogWorker (SegmentedRaftLogWorker.java:execute(576)) - 312a2b1d-4089-408f-ae02-669a7707c04d@group-E42E6FFB0B1A-SegmentedRaftLogWorker: created new log segment /workdir/hadoop-ozone/integration-test/target/test-dir/MiniOzoneClusterImpl-257c3db4-a93f-4c6f-afa5-a7c4c1fab1a3/datanode-5/data/ratis/6c01119e-68f5-49a4-8613-e42e6ffb0b1a/current/log_inprogress_0
2019-10-16 06:01:06,512 [8c19deeb-317a-48b3-82a9-f18220a73035@group-B58C57C48A52-SegmentedRaftLogWorker] INFO  segmented.SegmentedRaftLogWorker (SegmentedRaftLogWorker.java:execute(576)) - 8c19deeb-317a-48b3-82a9-f18220a73035@group-B58C57C48A52-SegmentedRaftLogWorker: created new log segment /workdir/hadoop-ozone/integration-test/target/test-dir/MiniOzoneClusterImpl-257c3db4-a93f-4c6f-afa5-a7c4c1fab1a3/datanode-4/data/ratis/cd74862e-857c-44b3-a550-b58c57c48a52/current/log_inprogress_0
2019-10-16 06:01:06,512 [f57e9b24-e963-44a9-9a1d-af10325c0693@group-B4EA8FEA8C89-SegmentedRaftLogWorker] INFO  segmented.SegmentedRaftLogWorker (SegmentedRaftLogWorker.java:execute(576)) - f57e9b24-e963-44a9-9a1d-af10325c0693@group-B4EA8FEA8C89-SegmentedRaftLogWorker: created new log segment /workdir/hadoop-ozone/integration-test/target/test-dir/MiniOzoneClusterImpl-257c3db4-a93f-4c6f-afa5-a7c4c1fab1a3/datanode-9/data/ratis/e9878b65-b315-400b-b53c-b4ea8fea8c89/current/log_inprogress_0
2019-10-16 06:01:06,512 [46286b1e-0911-4b60-930a-7d069b9f5ead@group-E721DE41F8F5-SegmentedRaftLogWorker] INFO  segmented.SegmentedRaftLogWorker (SegmentedRaftLogWorker.java:execute(576)) - 46286b1e-0911-4b60-930a-7d069b9f5ead@group-E721DE41F8F5-SegmentedRaftLogWorker: created new log segment /workdir/hadoop-ozone/integration-test/target/test-dir/MiniOzoneClusterImpl-257c3db4-a93f-4c6f-afa5-a7c4c1fab1a3/datanode-0/data/ratis/b0b2d29a-e33b-4639-aaf9-e721de41f8f5/current/log_inprogress_0
2019-10-16 06:01:06,518 [pool-87-thread-1] INFO  server.RaftServerConfigKeys (ConfUtils.java:logGet(43)) - raft.server.rpc.timeout.max = 5200ms (custom)
2019-10-16 06:01:06,518 [pool-87-thread-1] INFO  server.RaftServerConfigKeys (ConfUtils.java:logGet(43)) - raft.server.rpcslowness.timeout = 120s (custom)
2019-10-16 06:01:06,518 [pool-87-thread-1] INFO  server.RaftServerConfigKeys (ConfUtils.java:logGet(43)) - raft.server.sleep.deviation.threshold = 300 (default)
2019-10-16 06:01:06,519 [pool-87-thread-1] INFO  server.RaftServerConfigKeys (ConfUtils.java:logGet(43)) - raft.server.log.appender.install.snapshot.enabled = false (custom)
2019-10-16 06:01:06,519 [pool-87-thread-1] INFO  impl.RaftServerImpl (ServerState.java:<init>(103)) - 7e1ad21a-3198-4af5-880c-f1c096872e7a@group-7A8F1B1789CB: ConfigurationManager, init=-1: [7e1ad21a-3198-4af5-880c-f1c096872e7a:192.168.69.104:36957], old=null, confs=<EMPTY_MAP>
2019-10-16 06:01:06,519 [pool-87-thread-1] INFO  server.RaftServerConfigKeys (ConfUtils.java:logGet(43)) - raft.server.storage.dir = [/workdir/hadoop-ozone/integration-test/target/test-dir/MiniOzoneClusterImpl-257c3db4-a93f-4c6f-afa5-a7c4c1fab1a3/datanode-6/data/ratis] (custom)
2019-10-16 06:01:06,519 [pool-87-thread-1] INFO  server.RaftServerConfigKeys (ConfUtils.java:logGet(43)) - raft.server.log.corruption.policy = EXCEPTION (default)
2019-10-16 06:01:06,519 [pool-87-thread-1] INFO  storage.RaftStorageDirectory (RaftStorageDirectory.java:analyzeStorage(246)) - The storage directory /workdir/hadoop-ozone/integration-test/target/test-dir/MiniOzoneClusterImpl-257c3db4-a93f-4c6f-afa5-a7c4c1fab1a3/datanode-6/data/ratis/b8018d64-247d-43e3-b788-7a8f1b1789cb does not exist. Creating ...
2019-10-16 06:01:06,533 [pool-87-thread-1] INFO  storage.RaftStorageDirectory (RaftStorageDirectory.java:tryLock(328)) - Lock on /workdir/hadoop-ozone/integration-test/target/test-dir/MiniOzoneClusterImpl-257c3db4-a93f-4c6f-afa5-a7c4c1fab1a3/datanode-6/data/ratis/b8018d64-247d-43e3-b788-7a8f1b1789cb/in_use.lock acquired by nodename 7263@pr-hdds-2312-q6qzp-1535798719
2019-10-16 06:01:06,547 [main] INFO  rpc.RpcClient (RpcClient.java:createVolume(272)) - Creating Volume: 6ba827bd-1a2e-4345-96e2-0c308c4b6327, with jenkins1000 as owner.
2019-10-16 06:01:06,553 [pool-87-thread-1] INFO  storage.RaftStorage (RaftStorage.java:format(84)) - Storage directory /workdir/hadoop-ozone/integration-test/target/test-dir/MiniOzoneClusterImpl-257c3db4-a93f-4c6f-afa5-a7c4c1fab1a3/datanode-6/data/ratis/b8018d64-247d-43e3-b788-7a8f1b1789cb has been successfully formatted.
2019-10-16 06:01:06,553 [pool-87-thread-1] INFO  ratis.ContainerStateMachine (ContainerStateMachine.java:loadSnapshot(231)) - group-7A8F1B1789CB: The snapshot info is null. Setting the last applied indexto:(t:0, i:~)
2019-10-16 06:01:06,553 [pool-87-thread-1] INFO  server.RaftServerConfigKeys (ConfUtils.java:logGet(43)) - raft.server.notification.no-leader.timeout = 120s (custom)
2019-10-16 06:01:06,553 [pool-87-thread-1] INFO  server.RaftServerConfigKeys (ConfUtils.java:logGet(43)) - raft.server.log.use.memory = false (default)
2019-10-16 06:01:06,553 [pool-87-thread-1] INFO  server.RaftServerConfigKeys (ConfUtils.java:logGet(43)) - raft.server.log.purge.gap = 1000000 (custom)
2019-10-16 06:01:06,553 [pool-87-thread-1] INFO  server.RaftServerConfigKeys (ConfUtils.java:logGet(43)) - raft.server.log.appender.buffer.byte-limit = 33554432 (custom)
2019-10-16 06:01:06,553 [pool-87-thread-1] INFO  server.RaftServerConfigKeys (ConfUtils.java:logGet(43)) - raft.server.log.segment.size.max = 1048576 (custom)
2019-10-16 06:01:06,557 [pool-87-thread-1] INFO  server.RaftServerConfigKeys (ConfUtils.java:logGet(43)) - raft.server.log.segment.cache.num.max = 2 (custom)
2019-10-16 06:01:06,557 [pool-87-thread-1] INFO  segmented.SegmentedRaftLogWorker (SegmentedRaftLogWorker.java:<init>(173)) - new 7e1ad21a-3198-4af5-880c-f1c096872e7a@group-7A8F1B1789CB-SegmentedRaftLogWorker for RaftStorage:Storage Directory /workdir/hadoop-ozone/integration-test/target/test-dir/MiniOzoneClusterImpl-257c3db4-a93f-4c6f-afa5-a7c4c1fab1a3/datanode-6/data/ratis/b8018d64-247d-43e3-b788-7a8f1b1789cb
2019-10-16 06:01:06,557 [pool-87-thread-1] INFO  server.RaftServerConfigKeys (ConfUtils.java:logGet(43)) - raft.server.log.queue.byte-limit = 2147483647 (custom)
2019-10-16 06:01:06,557 [pool-87-thread-1] INFO  server.RaftServerConfigKeys (ConfUtils.java:logGet(43)) - raft.server.log.queue.element-limit = 1024 (custom)
2019-10-16 06:01:06,558 [pool-87-thread-1] INFO  server.RaftServerConfigKeys (ConfUtils.java:logGet(43)) - raft.server.log.segment.size.max = 1048576 (custom)
2019-10-16 06:01:06,558 [pool-87-thread-1] INFO  server.RaftServerConfigKeys (ConfUtils.java:logGet(43)) - raft.server.log.preallocated.size = 16384 (custom)
2019-10-16 06:01:06,558 [pool-87-thread-1] INFO  server.RaftServerConfigKeys (ConfUtils.java:logGet(43)) - raft.server.log.write.buffer.size = 33554432 (custom)
2019-10-16 06:01:06,558 [pool-87-thread-1] INFO  server.RaftServerConfigKeys (ConfUtils.java:logGet(43)) - raft.server.log.force.sync.num = 128 (default)
2019-10-16 06:01:06,558 [pool-87-thread-1] INFO  server.RaftServerConfigKeys (ConfUtils.java:logGet(43)) - raft.server.log.statemachine.data.sync = true (default)
2019-10-16 06:01:06,558 [pool-87-thread-1] INFO  server.RaftServerConfigKeys (ConfUtils.java:logGet(43)) - raft.server.log.statemachine.data.sync.timeout = 10s (default)
2019-10-16 06:01:06,558 [pool-87-thread-1] INFO  server.RaftServerConfigKeys (ConfUtils.java:logGet(43)) - raft.server.log.statemachine.data.sync.timeout.retry = -1 (default)
2019-10-16 06:01:06,559 [pool-87-thread-1] INFO  server.RaftServerConfigKeys (ConfUtils.java:logGet(43)) - raft.server.log.statemachine.data.caching.enabled = true (custom)
2019-10-16 06:01:06,559 [pool-87-thread-1] INFO  segmented.SegmentedRaftLogWorker (SegmentedRaftLogWorker.java:lambda$new$0(128)) - 7e1ad21a-3198-4af5-880c-f1c096872e7a@group-7A8F1B1789CB-SegmentedRaftLogWorker: flushIndex: setUnconditionally 0 -> -1
2019-10-16 06:01:06,559 [pool-87-thread-1] INFO  server.RaftServerConfigKeys (ConfUtils.java:logGet(43)) - raft.server.snapshot.auto.trigger.enabled = true (custom)
2019-10-16 06:01:06,559 [pool-87-thread-1] INFO  server.RaftServerConfigKeys (ConfUtils.java:logGet(43)) - raft.server.snapshot.auto.trigger.threshold = 10000 (custom)
2019-10-16 06:01:06,559 [pool-87-thread-1] INFO  server.RaftServerConfigKeys (ConfUtils.java:logGet(43)) - raft.server.snapshot.retention.file.num = 5 (custom)
2019-10-16 06:01:06,559 [pool-87-thread-1] INFO  server.RaftServerConfigKeys (ConfUtils.java:logGet(43)) - raft.server.retrycache.expirytime = 600000ms (custom)
2019-10-16 06:01:06,563 [pool-87-thread-1] INFO  impl.RaftServerImpl (RaftServerImpl.java:start(195)) - 7e1ad21a-3198-4af5-880c-f1c096872e7a@group-7A8F1B1789CB: start as a follower, conf=-1: [7e1ad21a-3198-4af5-880c-f1c096872e7a:192.168.69.104:36957], old=null
2019-10-16 06:01:06,563 [pool-87-thread-1] INFO  impl.RaftServerImpl (RaftServerImpl.java:setRole(184)) - 7e1ad21a-3198-4af5-880c-f1c096872e7a@group-7A8F1B1789CB: changes role from      null to FOLLOWER at term 0 for startAsFollower
2019-10-16 06:01:06,563 [pool-87-thread-1] INFO  impl.RoleInfo (RoleInfo.java:updateAndGet(143)) - 7e1ad21a-3198-4af5-880c-f1c096872e7a: start FollowerState
2019-10-16 06:01:06,563 [pool-87-thread-1] INFO  util.JmxRegister (JmxRegister.java:tryRegister(44)) - Successfully registered JMX Bean with object name Ratis:service=RaftServer,group=group-7A8F1B1789CB,id=7e1ad21a-3198-4af5-880c-f1c096872e7a
2019-10-16 06:01:06,579 [RatisPipelineUtilsThread] INFO  pipeline.PipelineStateManager (PipelineStateManager.java:addPipeline(56)) - Created pipeline Pipeline[ Id: b8018d64-247d-43e3-b788-7a8f1b1789cb, Nodes: 7e1ad21a-3198-4af5-880c-f1c096872e7a{ip: 192.168.69.104, host: pr-hdds-2312-q6qzp-1535798719, networkLocation: /default-rack, certSerialId: null}, Type:RATIS, Factor:ONE, State:OPEN]
2019-10-16 06:01:06,594 [grpc-default-executor-0] INFO  impl.RaftServerProxy (RaftServerProxy.java:addNew(89)) - f4df195b-7a0f-45aa-bcc4-04d0d9ee9376: addNew group-91878DD04776:[f4df195b-7a0f-45aa-bcc4-04d0d9ee9376:192.168.69.104:37704] returns group-91878DD04776:java.util.concurrent.CompletableFuture@6e582f37[Not completed]
2019-10-16 06:01:06,595 [pool-37-thread-1] INFO  impl.RaftServerImpl (RaftServerImpl.java:<init>(104)) - f4df195b-7a0f-45aa-bcc4-04d0d9ee9376: new RaftServerImpl for group-91878DD04776:[f4df195b-7a0f-45aa-bcc4-04d0d9ee9376:192.168.69.104:37704] with ContainerStateMachine:uninitialized
2019-10-16 06:01:06,595 [pool-37-thread-1] INFO  server.RaftServerConfigKeys (ConfUtils.java:logGet(43)) - raft.server.rpc.timeout.min = 5s (custom)
2019-10-16 06:01:06,596 [pool-37-thread-1] INFO  server.RaftServerConfigKeys (ConfUtils.java:logGet(43)) - raft.server.rpc.timeout.max = 5200ms (custom)
2019-10-16 06:01:06,596 [pool-37-thread-1] INFO  server.RaftServerConfigKeys (ConfUtils.java:logGet(43)) - raft.server.rpcslowness.timeout = 120s (custom)
2019-10-16 06:01:06,596 [pool-37-thread-1] INFO  server.RaftServerConfigKeys (ConfUtils.java:logGet(43)) - raft.server.sleep.deviation.threshold = 300 (default)
2019-10-16 06:01:06,596 [pool-37-thread-1] INFO  server.RaftServerConfigKeys (ConfUtils.java:logGet(43)) - raft.server.log.appender.install.snapshot.enabled = false (custom)
2019-10-16 06:01:06,596 [pool-37-thread-1] INFO  impl.RaftServerImpl (ServerState.java:<init>(103)) - f4df195b-7a0f-45aa-bcc4-04d0d9ee9376@group-91878DD04776: ConfigurationManager, init=-1: [f4df195b-7a0f-45aa-bcc4-04d0d9ee9376:192.168.69.104:37704], old=null, confs=<EMPTY_MAP>
2019-10-16 06:01:06,596 [pool-37-thread-1] INFO  server.RaftServerConfigKeys (ConfUtils.java:logGet(43)) - raft.server.storage.dir = [/workdir/hadoop-ozone/integration-test/target/test-dir/MiniOzoneClusterImpl-257c3db4-a93f-4c6f-afa5-a7c4c1fab1a3/datanode-1/data/ratis] (custom)
2019-10-16 06:01:06,596 [pool-37-thread-1] INFO  server.RaftServerConfigKeys (ConfUtils.java:logGet(43)) - raft.server.log.corruption.policy = EXCEPTION (default)
2019-10-16 06:01:06,597 [pool-37-thread-1] INFO  storage.RaftStorageDirectory (RaftStorageDirectory.java:analyzeStorage(246)) - The storage directory /workdir/hadoop-ozone/integration-test/target/test-dir/MiniOzoneClusterImpl-257c3db4-a93f-4c6f-afa5-a7c4c1fab1a3/datanode-1/data/ratis/be2539e4-ab47-49f5-86a5-91878dd04776 does not exist. Creating ...
2019-10-16 06:01:06,600 [Thread-311] INFO  impl.FollowerState (FollowerState.java:run(108)) - 4a4798ab-8917-4d71-b7ea-449ce36720dc@group-0E73E32504E4-FollowerState: change to CANDIDATE, lastRpcTime:174ms, electionTimeout:174ms
2019-10-16 06:01:06,601 [Thread-311] INFO  impl.RoleInfo (RoleInfo.java:shutdownFollowerState(121)) - 4a4798ab-8917-4d71-b7ea-449ce36720dc: shutdown FollowerState
2019-10-16 06:01:06,601 [Thread-311] INFO  impl.RaftServerImpl (RaftServerImpl.java:setRole(184)) - 4a4798ab-8917-4d71-b7ea-449ce36720dc@group-0E73E32504E4: changes role from  FOLLOWER to CANDIDATE at term 0 for changeToCandidate
2019-10-16 06:01:06,601 [Thread-311] INFO  impl.RoleInfo (RoleInfo.java:updateAndGet(143)) - 4a4798ab-8917-4d71-b7ea-449ce36720dc: start LeaderElection
2019-10-16 06:01:06,609 [pool-37-thread-1] INFO  storage.RaftStorageDirectory (RaftStorageDirectory.java:tryLock(328)) - Lock on /workdir/hadoop-ozone/integration-test/target/test-dir/MiniOzoneClusterImpl-257c3db4-a93f-4c6f-afa5-a7c4c1fab1a3/datanode-1/data/ratis/be2539e4-ab47-49f5-86a5-91878dd04776/in_use.lock acquired by nodename 7263@pr-hdds-2312-q6qzp-1535798719
2019-10-16 06:01:06,610 [4a4798ab-8917-4d71-b7ea-449ce36720dc@group-0E73E32504E4-LeaderElection6] INFO  impl.LeaderElection (LeaderElection.java:askForVotes(178)) - 4a4798ab-8917-4d71-b7ea-449ce36720dc@group-0E73E32504E4-LeaderElection6: begin an election at term 1 for -1: [4a4798ab-8917-4d71-b7ea-449ce36720dc:192.168.69.104:41062], old=null
2019-10-16 06:01:06,610 [4a4798ab-8917-4d71-b7ea-449ce36720dc@group-0E73E32504E4-LeaderElection6] INFO  impl.RoleInfo (RoleInfo.java:shutdownLeaderElection(134)) - 4a4798ab-8917-4d71-b7ea-449ce36720dc: shutdown LeaderElection
2019-10-16 06:01:06,610 [4a4798ab-8917-4d71-b7ea-449ce36720dc@group-0E73E32504E4-LeaderElection6] INFO  impl.RaftServerImpl (RaftServerImpl.java:setRole(184)) - 4a4798ab-8917-4d71-b7ea-449ce36720dc@group-0E73E32504E4: changes role from CANDIDATE to LEADER at term 1 for changeToLeader
2019-10-16 06:01:06,610 [4a4798ab-8917-4d71-b7ea-449ce36720dc@group-0E73E32504E4-LeaderElection6] INFO  impl.RaftServerImpl (ServerState.java:setLeader(256)) - 4a4798ab-8917-4d71-b7ea-449ce36720dc@group-0E73E32504E4: change Leader from null to 4a4798ab-8917-4d71-b7ea-449ce36720dc at term 1 for becomeLeader, leader elected after 211ms
2019-10-16 06:01:06,610 [4a4798ab-8917-4d71-b7ea-449ce36720dc@group-0E73E32504E4-LeaderElection6] INFO  server.RaftServerConfigKeys (ConfUtils.java:logGet(43)) - raft.server.staging.catchup.gap = 1000 (default)
2019-10-16 06:01:06,610 [4a4798ab-8917-4d71-b7ea-449ce36720dc@group-0E73E32504E4-LeaderElection6] INFO  server.RaftServerConfigKeys (ConfUtils.java:logGet(43)) - raft.server.rpc.sleep.time = 25ms (default)
2019-10-16 06:01:06,611 [4a4798ab-8917-4d71-b7ea-449ce36720dc@group-0E73E32504E4-LeaderElection6] INFO  server.RaftServerConfigKeys (ConfUtils.java:logGet(43)) - raft.server.write.element-limit = 4096 (default)
2019-10-16 06:01:06,611 [4a4798ab-8917-4d71-b7ea-449ce36720dc@group-0E73E32504E4-LeaderElection6] INFO  server.RaftServerConfigKeys (ConfUtils.java:logGet(43)) - raft.server.watch.timeout = 10s (default)
2019-10-16 06:01:06,611 [4a4798ab-8917-4d71-b7ea-449ce36720dc@group-0E73E32504E4-LeaderElection6] INFO  server.RaftServerConfigKeys (ConfUtils.java:logGet(43)) - raft.server.watch.timeout.denomination = 1s (default)
2019-10-16 06:01:06,611 [4a4798ab-8917-4d71-b7ea-449ce36720dc@group-0E73E32504E4-LeaderElection6] INFO  server.RaftServerConfigKeys (ConfUtils.java:logGet(43)) - raft.server.watch.element-limit = 65536 (default)
2019-10-16 06:01:06,614 [4a4798ab-8917-4d71-b7ea-449ce36720dc@group-0E73E32504E4-LeaderElection6] INFO  impl.RoleInfo (RoleInfo.java:updateAndGet(143)) - 4a4798ab-8917-4d71-b7ea-449ce36720dc: start LeaderState
2019-10-16 06:01:06,614 [4a4798ab-8917-4d71-b7ea-449ce36720dc@group-0E73E32504E4-LeaderElection6] INFO  segmented.SegmentedRaftLogWorker (SegmentedRaftLogWorker.java:startLogSegment(385)) - 4a4798ab-8917-4d71-b7ea-449ce36720dc@group-0E73E32504E4-SegmentedRaftLogWorker: Starting segment from index:0
2019-10-16 06:01:06,615 [4a4798ab-8917-4d71-b7ea-449ce36720dc@group-0E73E32504E4-LeaderElection6] INFO  impl.RaftServerImpl (ServerState.java:setRaftConf(357)) - 4a4798ab-8917-4d71-b7ea-449ce36720dc@group-0E73E32504E4: set configuration 0: [4a4798ab-8917-4d71-b7ea-449ce36720dc:192.168.69.104:41062], old=null at 0
2019-10-16 06:01:06,651 [pool-37-thread-1] INFO  storage.RaftStorage (RaftStorage.java:format(84)) - Storage directory /workdir/hadoop-ozone/integration-test/target/test-dir/MiniOzoneClusterImpl-257c3db4-a93f-4c6f-afa5-a7c4c1fab1a3/datanode-1/data/ratis/be2539e4-ab47-49f5-86a5-91878dd04776 has been successfully formatted.
2019-10-16 06:01:06,652 [pool-37-thread-1] INFO  ratis.ContainerStateMachine (ContainerStateMachine.java:loadSnapshot(231)) - group-91878DD04776: The snapshot info is null. Setting the last applied indexto:(t:0, i:~)
2019-10-16 06:01:06,654 [pool-37-thread-1] INFO  server.RaftServerConfigKeys (ConfUtils.java:logGet(43)) - raft.server.notification.no-leader.timeout = 120s (custom)
2019-10-16 06:01:06,654 [pool-37-thread-1] INFO  server.RaftServerConfigKeys (ConfUtils.java:logGet(43)) - raft.server.log.use.memory = false (default)
2019-10-16 06:01:06,654 [pool-37-thread-1] INFO  server.RaftServerConfigKeys (ConfUtils.java:logGet(43)) - raft.server.log.purge.gap = 1000000 (custom)
2019-10-16 06:01:06,655 [pool-37-thread-1] INFO  server.RaftServerConfigKeys (ConfUtils.java:logGet(43)) - raft.server.log.appender.buffer.byte-limit = 33554432 (custom)
2019-10-16 06:01:06,655 [pool-37-thread-1] INFO  server.RaftServerConfigKeys (ConfUtils.java:logGet(43)) - raft.server.log.segment.size.max = 1048576 (custom)
2019-10-16 06:01:06,657 [Thread-315] INFO  impl.FollowerState (FollowerState.java:run(108)) - 7e1ad21a-3198-4af5-880c-f1c096872e7a@group-7A8F1B1789CB-FollowerState: change to CANDIDATE, lastRpcTime:93ms, electionTimeout:93ms
2019-10-16 06:01:06,657 [Thread-315] INFO  impl.RoleInfo (RoleInfo.java:shutdownFollowerState(121)) - 7e1ad21a-3198-4af5-880c-f1c096872e7a: shutdown FollowerState
2019-10-16 06:01:06,657 [Thread-315] INFO  impl.RaftServerImpl (RaftServerImpl.java:setRole(184)) - 7e1ad21a-3198-4af5-880c-f1c096872e7a@group-7A8F1B1789CB: changes role from  FOLLOWER to CANDIDATE at term 0 for changeToCandidate
2019-10-16 06:01:06,657 [Thread-315] INFO  impl.RoleInfo (RoleInfo.java:updateAndGet(143)) - 7e1ad21a-3198-4af5-880c-f1c096872e7a: start LeaderElection
2019-10-16 06:01:06,663 [4a4798ab-8917-4d71-b7ea-449ce36720dc@group-0E73E32504E4-SegmentedRaftLogWorker] INFO  segmented.SegmentedRaftLogWorker (SegmentedRaftLogWorker.java:execute(576)) - 4a4798ab-8917-4d71-b7ea-449ce36720dc@group-0E73E32504E4-SegmentedRaftLogWorker: created new log segment /workdir/hadoop-ozone/integration-test/target/test-dir/MiniOzoneClusterImpl-257c3db4-a93f-4c6f-afa5-a7c4c1fab1a3/datanode-8/data/ratis/b4d1910f-5a34-4340-ab13-0e73e32504e4/current/log_inprogress_0
2019-10-16 06:01:06,663 [pool-37-thread-1] INFO  server.RaftServerConfigKeys (ConfUtils.java:logGet(43)) - raft.server.log.segment.cache.num.max = 2 (custom)
2019-10-16 06:01:06,664 [pool-37-thread-1] INFO  segmented.SegmentedRaftLogWorker (SegmentedRaftLogWorker.java:<init>(173)) - new f4df195b-7a0f-45aa-bcc4-04d0d9ee9376@group-91878DD04776-SegmentedRaftLogWorker for RaftStorage:Storage Directory /workdir/hadoop-ozone/integration-test/target/test-dir/MiniOzoneClusterImpl-257c3db4-a93f-4c6f-afa5-a7c4c1fab1a3/datanode-1/data/ratis/be2539e4-ab47-49f5-86a5-91878dd04776
2019-10-16 06:01:06,664 [pool-37-thread-1] INFO  server.RaftServerConfigKeys (ConfUtils.java:logGet(43)) - raft.server.log.queue.byte-limit = 2147483647 (custom)
2019-10-16 06:01:06,664 [pool-37-thread-1] INFO  server.RaftServerConfigKeys (ConfUtils.java:logGet(43)) - raft.server.log.queue.element-limit = 1024 (custom)
2019-10-16 06:01:06,664 [pool-37-thread-1] INFO  server.RaftServerConfigKeys (ConfUtils.java:logGet(43)) - raft.server.log.segment.size.max = 1048576 (custom)
2019-10-16 06:01:06,664 [pool-37-thread-1] INFO  server.RaftServerConfigKeys (ConfUtils.java:logGet(43)) - raft.server.log.preallocated.size = 16384 (custom)
2019-10-16 06:01:06,664 [pool-37-thread-1] INFO  server.RaftServerConfigKeys (ConfUtils.java:logGet(43)) - raft.server.log.write.buffer.size = 33554432 (custom)
2019-10-16 06:01:06,665 [pool-37-thread-1] INFO  server.RaftServerConfigKeys (ConfUtils.java:logGet(43)) - raft.server.log.force.sync.num = 128 (default)
2019-10-16 06:01:06,665 [pool-37-thread-1] INFO  server.RaftServerConfigKeys (ConfUtils.java:logGet(43)) - raft.server.log.statemachine.data.sync = true (default)
2019-10-16 06:01:06,665 [pool-37-thread-1] INFO  server.RaftServerConfigKeys (ConfUtils.java:logGet(43)) - raft.server.log.statemachine.data.sync.timeout = 10s (default)
2019-10-16 06:01:06,665 [pool-37-thread-1] INFO  server.RaftServerConfigKeys (ConfUtils.java:logGet(43)) - raft.server.log.statemachine.data.sync.timeout.retry = -1 (default)
2019-10-16 06:01:06,666 [pool-37-thread-1] INFO  server.RaftServerConfigKeys (ConfUtils.java:logGet(43)) - raft.server.log.statemachine.data.caching.enabled = true (custom)
2019-10-16 06:01:06,666 [pool-37-thread-1] INFO  segmented.SegmentedRaftLogWorker (SegmentedRaftLogWorker.java:lambda$new$0(128)) - f4df195b-7a0f-45aa-bcc4-04d0d9ee9376@group-91878DD04776-SegmentedRaftLogWorker: flushIndex: setUnconditionally 0 -> -1
2019-10-16 06:01:06,666 [pool-37-thread-1] INFO  server.RaftServerConfigKeys (ConfUtils.java:logGet(43)) - raft.server.snapshot.auto.trigger.enabled = true (custom)
2019-10-16 06:01:06,666 [pool-37-thread-1] INFO  server.RaftServerConfigKeys (ConfUtils.java:logGet(43)) - raft.server.snapshot.auto.trigger.threshold = 10000 (custom)
2019-10-16 06:01:06,667 [pool-37-thread-1] INFO  server.RaftServerConfigKeys (ConfUtils.java:logGet(43)) - raft.server.snapshot.retention.file.num = 5 (custom)
2019-10-16 06:01:06,667 [pool-37-thread-1] INFO  server.RaftServerConfigKeys (ConfUtils.java:logGet(43)) - raft.server.retrycache.expirytime = 600000ms (custom)
2019-10-16 06:01:06,671 [pool-37-thread-1] INFO  impl.RaftServerImpl (RaftServerImpl.java:start(195)) - f4df195b-7a0f-45aa-bcc4-04d0d9ee9376@group-91878DD04776: start as a follower, conf=-1: [f4df195b-7a0f-45aa-bcc4-04d0d9ee9376:192.168.69.104:37704], old=null
2019-10-16 06:01:06,671 [pool-37-thread-1] INFO  impl.RaftServerImpl (RaftServerImpl.java:setRole(184)) - f4df195b-7a0f-45aa-bcc4-04d0d9ee9376@group-91878DD04776: changes role from      null to FOLLOWER at term 0 for startAsFollower
2019-10-16 06:01:06,672 [pool-37-thread-1] INFO  impl.RoleInfo (RoleInfo.java:updateAndGet(143)) - f4df195b-7a0f-45aa-bcc4-04d0d9ee9376: start FollowerState
2019-10-16 06:01:06,672 [pool-37-thread-1] INFO  util.JmxRegister (JmxRegister.java:tryRegister(44)) - Successfully registered JMX Bean with object name Ratis:service=RaftServer,group=group-91878DD04776,id=f4df195b-7a0f-45aa-bcc4-04d0d9ee9376
2019-10-16 06:01:06,677 [7e1ad21a-3198-4af5-880c-f1c096872e7a@group-7A8F1B1789CB-LeaderElection7] INFO  impl.LeaderElection (LeaderElection.java:askForVotes(178)) - 7e1ad21a-3198-4af5-880c-f1c096872e7a@group-7A8F1B1789CB-LeaderElection7: begin an election at term 1 for -1: [7e1ad21a-3198-4af5-880c-f1c096872e7a:192.168.69.104:36957], old=null
2019-10-16 06:01:06,678 [7e1ad21a-3198-4af5-880c-f1c096872e7a@group-7A8F1B1789CB-LeaderElection7] INFO  impl.RoleInfo (RoleInfo.java:shutdownLeaderElection(134)) - 7e1ad21a-3198-4af5-880c-f1c096872e7a: shutdown LeaderElection
2019-10-16 06:01:06,678 [7e1ad21a-3198-4af5-880c-f1c096872e7a@group-7A8F1B1789CB-LeaderElection7] INFO  impl.RaftServerImpl (RaftServerImpl.java:setRole(184)) - 7e1ad21a-3198-4af5-880c-f1c096872e7a@group-7A8F1B1789CB: changes role from CANDIDATE to LEADER at term 1 for changeToLeader
2019-10-16 06:01:06,678 [7e1ad21a-3198-4af5-880c-f1c096872e7a@group-7A8F1B1789CB-LeaderElection7] INFO  impl.RaftServerImpl (ServerState.java:setLeader(256)) - 7e1ad21a-3198-4af5-880c-f1c096872e7a@group-7A8F1B1789CB: change Leader from null to 7e1ad21a-3198-4af5-880c-f1c096872e7a at term 1 for becomeLeader, leader elected after 125ms
2019-10-16 06:01:06,678 [7e1ad21a-3198-4af5-880c-f1c096872e7a@group-7A8F1B1789CB-LeaderElection7] INFO  server.RaftServerConfigKeys (ConfUtils.java:logGet(43)) - raft.server.staging.catchup.gap = 1000 (default)
2019-10-16 06:01:06,678 [7e1ad21a-3198-4af5-880c-f1c096872e7a@group-7A8F1B1789CB-LeaderElection7] INFO  server.RaftServerConfigKeys (ConfUtils.java:logGet(43)) - raft.server.rpc.sleep.time = 25ms (default)
2019-10-16 06:01:06,679 [7e1ad21a-3198-4af5-880c-f1c096872e7a@group-7A8F1B1789CB-LeaderElection7] INFO  server.RaftServerConfigKeys (ConfUtils.java:logGet(43)) - raft.server.write.element-limit = 4096 (default)
2019-10-16 06:01:06,679 [7e1ad21a-3198-4af5-880c-f1c096872e7a@group-7A8F1B1789CB-LeaderElection7] INFO  server.RaftServerConfigKeys (ConfUtils.java:logGet(43)) - raft.server.watch.timeout = 10s (default)
2019-10-16 06:01:06,679 [7e1ad21a-3198-4af5-880c-f1c096872e7a@group-7A8F1B1789CB-LeaderElection7] INFO  server.RaftServerConfigKeys (ConfUtils.java:logGet(43)) - raft.server.watch.timeout.denomination = 1s (default)
2019-10-16 06:01:06,679 [7e1ad21a-3198-4af5-880c-f1c096872e7a@group-7A8F1B1789CB-LeaderElection7] INFO  server.RaftServerConfigKeys (ConfUtils.java:logGet(43)) - raft.server.watch.element-limit = 65536 (default)
2019-10-16 06:01:06,687 [RatisPipelineUtilsThread] INFO  pipeline.PipelineStateManager (PipelineStateManager.java:addPipeline(56)) - Created pipeline Pipeline[ Id: be2539e4-ab47-49f5-86a5-91878dd04776, Nodes: f4df195b-7a0f-45aa-bcc4-04d0d9ee9376{ip: 192.168.69.104, host: pr-hdds-2312-q6qzp-1535798719, networkLocation: /default-rack, certSerialId: null}, Type:RATIS, Factor:ONE, State:OPEN]
2019-10-16 06:01:06,687 [7e1ad21a-3198-4af5-880c-f1c096872e7a@group-7A8F1B1789CB-LeaderElection7] INFO  impl.RoleInfo (RoleInfo.java:updateAndGet(143)) - 7e1ad21a-3198-4af5-880c-f1c096872e7a: start LeaderState
2019-10-16 06:01:06,688 [7e1ad21a-3198-4af5-880c-f1c096872e7a@group-7A8F1B1789CB-LeaderElection7] INFO  segmented.SegmentedRaftLogWorker (SegmentedRaftLogWorker.java:startLogSegment(385)) - 7e1ad21a-3198-4af5-880c-f1c096872e7a@group-7A8F1B1789CB-SegmentedRaftLogWorker: Starting segment from index:0
2019-10-16 06:01:06,688 [7e1ad21a-3198-4af5-880c-f1c096872e7a@group-7A8F1B1789CB-LeaderElection7] INFO  impl.RaftServerImpl (ServerState.java:setRaftConf(357)) - 7e1ad21a-3198-4af5-880c-f1c096872e7a@group-7A8F1B1789CB: set configuration 0: [7e1ad21a-3198-4af5-880c-f1c096872e7a:192.168.69.104:36957], old=null at 0
2019-10-16 06:01:06,743 [7e1ad21a-3198-4af5-880c-f1c096872e7a@group-7A8F1B1789CB-SegmentedRaftLogWorker] INFO  segmented.SegmentedRaftLogWorker (SegmentedRaftLogWorker.java:execute(576)) - 7e1ad21a-3198-4af5-880c-f1c096872e7a@group-7A8F1B1789CB-SegmentedRaftLogWorker: created new log segment /workdir/hadoop-ozone/integration-test/target/test-dir/MiniOzoneClusterImpl-257c3db4-a93f-4c6f-afa5-a7c4c1fab1a3/datanode-6/data/ratis/b8018d64-247d-43e3-b788-7a8f1b1789cb/current/log_inprogress_0
2019-10-16 06:01:06,749 [grpc-default-executor-0] INFO  impl.RaftServerProxy (RaftServerProxy.java:addNew(89)) - 33262cc1-fa76-4c5f-8480-ecaaaa59e1c3: addNew group-29BA16D0915B:[33262cc1-fa76-4c5f-8480-ecaaaa59e1c3:192.168.69.104:35873] returns group-29BA16D0915B:java.util.concurrent.CompletableFuture@3580d315[Not completed]
2019-10-16 06:01:06,751 [pool-47-thread-1] INFO  impl.RaftServerImpl (RaftServerImpl.java:<init>(104)) - 33262cc1-fa76-4c5f-8480-ecaaaa59e1c3: new RaftServerImpl for group-29BA16D0915B:[33262cc1-fa76-4c5f-8480-ecaaaa59e1c3:192.168.69.104:35873] with ContainerStateMachine:uninitialized
2019-10-16 06:01:06,751 [pool-47-thread-1] INFO  server.RaftServerConfigKeys (ConfUtils.java:logGet(43)) - raft.server.rpc.timeout.min = 5s (custom)
2019-10-16 06:01:06,752 [pool-47-thread-1] INFO  server.RaftServerConfigKeys (ConfUtils.java:logGet(43)) - raft.server.rpc.timeout.max = 5200ms (custom)
2019-10-16 06:01:06,752 [pool-47-thread-1] INFO  server.RaftServerConfigKeys (ConfUtils.java:logGet(43)) - raft.server.rpcslowness.timeout = 120s (custom)
2019-10-16 06:01:06,752 [pool-47-thread-1] INFO  server.RaftServerConfigKeys (ConfUtils.java:logGet(43)) - raft.server.sleep.deviation.threshold = 300 (default)
2019-10-16 06:01:06,752 [pool-47-thread-1] INFO  server.RaftServerConfigKeys (ConfUtils.java:logGet(43)) - raft.server.log.appender.install.snapshot.enabled = false (custom)
2019-10-16 06:01:06,752 [pool-47-thread-1] INFO  impl.RaftServerImpl (ServerState.java:<init>(103)) - 33262cc1-fa76-4c5f-8480-ecaaaa59e1c3@group-29BA16D0915B: ConfigurationManager, init=-1: [33262cc1-fa76-4c5f-8480-ecaaaa59e1c3:192.168.69.104:35873], old=null, confs=<EMPTY_MAP>
2019-10-16 06:01:06,752 [pool-47-thread-1] INFO  server.RaftServerConfigKeys (ConfUtils.java:logGet(43)) - raft.server.storage.dir = [/workdir/hadoop-ozone/integration-test/target/test-dir/MiniOzoneClusterImpl-257c3db4-a93f-4c6f-afa5-a7c4c1fab1a3/datanode-2/data/ratis] (custom)
2019-10-16 06:01:06,753 [pool-47-thread-1] INFO  server.RaftServerConfigKeys (ConfUtils.java:logGet(43)) - raft.server.log.corruption.policy = EXCEPTION (default)
2019-10-16 06:01:06,753 [pool-47-thread-1] INFO  storage.RaftStorageDirectory (RaftStorageDirectory.java:analyzeStorage(246)) - The storage directory /workdir/hadoop-ozone/integration-test/target/test-dir/MiniOzoneClusterImpl-257c3db4-a93f-4c6f-afa5-a7c4c1fab1a3/datanode-2/data/ratis/e92d53b3-e558-4a53-8643-29ba16d0915b does not exist. Creating ...
2019-10-16 06:01:06,755 [Thread-321] INFO  impl.FollowerState (FollowerState.java:run(108)) - f4df195b-7a0f-45aa-bcc4-04d0d9ee9376@group-91878DD04776-FollowerState: change to CANDIDATE, lastRpcTime:83ms, electionTimeout:83ms
2019-10-16 06:01:06,755 [Thread-321] INFO  impl.RoleInfo (RoleInfo.java:shutdownFollowerState(121)) - f4df195b-7a0f-45aa-bcc4-04d0d9ee9376: shutdown FollowerState
2019-10-16 06:01:06,756 [Thread-321] INFO  impl.RaftServerImpl (RaftServerImpl.java:setRole(184)) - f4df195b-7a0f-45aa-bcc4-04d0d9ee9376@group-91878DD04776: changes role from  FOLLOWER to CANDIDATE at term 0 for changeToCandidate
2019-10-16 06:01:06,756 [Thread-321] INFO  impl.RoleInfo (RoleInfo.java:updateAndGet(143)) - f4df195b-7a0f-45aa-bcc4-04d0d9ee9376: start LeaderElection
2019-10-16 06:01:06,758 [pool-47-thread-1] INFO  storage.RaftStorageDirectory (RaftStorageDirectory.java:tryLock(328)) - Lock on /workdir/hadoop-ozone/integration-test/target/test-dir/MiniOzoneClusterImpl-257c3db4-a93f-4c6f-afa5-a7c4c1fab1a3/datanode-2/data/ratis/e92d53b3-e558-4a53-8643-29ba16d0915b/in_use.lock acquired by nodename 7263@pr-hdds-2312-q6qzp-1535798719
2019-10-16 06:01:06,773 [IPC Server handler 1 on 42894] INFO  volume.OMVolumeCreateRequest (OMVolumeCreateRequest.java:validateAndUpdateCache(193)) - created volume:6ba827bd-1a2e-4345-96e2-0c308c4b6327 for user:jenkins1000
2019-10-16 06:01:06,775 [pool-47-thread-1] INFO  storage.RaftStorage (RaftStorage.java:format(84)) - Storage directory /workdir/hadoop-ozone/integration-test/target/test-dir/MiniOzoneClusterImpl-257c3db4-a93f-4c6f-afa5-a7c4c1fab1a3/datanode-2/data/ratis/e92d53b3-e558-4a53-8643-29ba16d0915b has been successfully formatted.
2019-10-16 06:01:06,775 [f4df195b-7a0f-45aa-bcc4-04d0d9ee9376@group-91878DD04776-LeaderElection8] INFO  impl.LeaderElection (LeaderElection.java:askForVotes(178)) - f4df195b-7a0f-45aa-bcc4-04d0d9ee9376@group-91878DD04776-LeaderElection8: begin an election at term 1 for -1: [f4df195b-7a0f-45aa-bcc4-04d0d9ee9376:192.168.69.104:37704], old=null
2019-10-16 06:01:06,775 [pool-47-thread-1] INFO  ratis.ContainerStateMachine (ContainerStateMachine.java:loadSnapshot(231)) - group-29BA16D0915B: The snapshot info is null. Setting the last applied indexto:(t:0, i:~)
2019-10-16 06:01:06,775 [f4df195b-7a0f-45aa-bcc4-04d0d9ee9376@group-91878DD04776-LeaderElection8] INFO  impl.RoleInfo (RoleInfo.java:shutdownLeaderElection(134)) - f4df195b-7a0f-45aa-bcc4-04d0d9ee9376: shutdown LeaderElection
2019-10-16 06:01:06,776 [pool-47-thread-1] INFO  server.RaftServerConfigKeys (ConfUtils.java:logGet(43)) - raft.server.notification.no-leader.timeout = 120s (custom)
2019-10-16 06:01:06,776 [f4df195b-7a0f-45aa-bcc4-04d0d9ee9376@group-91878DD04776-LeaderElection8] INFO  impl.RaftServerImpl (RaftServerImpl.java:setRole(184)) - f4df195b-7a0f-45aa-bcc4-04d0d9ee9376@group-91878DD04776: changes role from CANDIDATE to LEADER at term 1 for changeToLeader
2019-10-16 06:01:06,776 [pool-47-thread-1] INFO  server.RaftServerConfigKeys (ConfUtils.java:logGet(43)) - raft.server.log.use.memory = false (default)
2019-10-16 06:01:06,776 [f4df195b-7a0f-45aa-bcc4-04d0d9ee9376@group-91878DD04776-LeaderElection8] INFO  impl.RaftServerImpl (ServerState.java:setLeader(256)) - f4df195b-7a0f-45aa-bcc4-04d0d9ee9376@group-91878DD04776: change Leader from null to f4df195b-7a0f-45aa-bcc4-04d0d9ee9376 at term 1 for becomeLeader, leader elected after 122ms
2019-10-16 06:01:06,776 [pool-47-thread-1] INFO  server.RaftServerConfigKeys (ConfUtils.java:logGet(43)) - raft.server.log.purge.gap = 1000000 (custom)
2019-10-16 06:01:06,776 [f4df195b-7a0f-45aa-bcc4-04d0d9ee9376@group-91878DD04776-LeaderElection8] INFO  server.RaftServerConfigKeys (ConfUtils.java:logGet(43)) - raft.server.staging.catchup.gap = 1000 (default)
2019-10-16 06:01:06,776 [pool-47-thread-1] INFO  server.RaftServerConfigKeys (ConfUtils.java:logGet(43)) - raft.server.log.appender.buffer.byte-limit = 33554432 (custom)
2019-10-16 06:01:06,777 [f4df195b-7a0f-45aa-bcc4-04d0d9ee9376@group-91878DD04776-LeaderElection8] INFO  server.RaftServerConfigKeys (ConfUtils.java:logGet(43)) - raft.server.rpc.sleep.time = 25ms (default)
2019-10-16 06:01:06,777 [pool-47-thread-1] INFO  server.RaftServerConfigKeys (ConfUtils.java:logGet(43)) - raft.server.log.segment.size.max = 1048576 (custom)
2019-10-16 06:01:06,777 [f4df195b-7a0f-45aa-bcc4-04d0d9ee9376@group-91878DD04776-LeaderElection8] INFO  server.RaftServerConfigKeys (ConfUtils.java:logGet(43)) - raft.server.write.element-limit = 4096 (default)
2019-10-16 06:01:06,777 [f4df195b-7a0f-45aa-bcc4-04d0d9ee9376@group-91878DD04776-LeaderElection8] INFO  server.RaftServerConfigKeys (ConfUtils.java:logGet(43)) - raft.server.watch.timeout = 10s (default)
2019-10-16 06:01:06,777 [f4df195b-7a0f-45aa-bcc4-04d0d9ee9376@group-91878DD04776-LeaderElection8] INFO  server.RaftServerConfigKeys (ConfUtils.java:logGet(43)) - raft.server.watch.timeout.denomination = 1s (default)
2019-10-16 06:01:06,778 [f4df195b-7a0f-45aa-bcc4-04d0d9ee9376@group-91878DD04776-LeaderElection8] INFO  server.RaftServerConfigKeys (ConfUtils.java:logGet(43)) - raft.server.watch.element-limit = 65536 (default)
2019-10-16 06:01:06,781 [pool-47-thread-1] INFO  server.RaftServerConfigKeys (ConfUtils.java:logGet(43)) - raft.server.log.segment.cache.num.max = 2 (custom)
2019-10-16 06:01:06,783 [pool-47-thread-1] INFO  segmented.SegmentedRaftLogWorker (SegmentedRaftLogWorker.java:<init>(173)) - new 33262cc1-fa76-4c5f-8480-ecaaaa59e1c3@group-29BA16D0915B-SegmentedRaftLogWorker for RaftStorage:Storage Directory /workdir/hadoop-ozone/integration-test/target/test-dir/MiniOzoneClusterImpl-257c3db4-a93f-4c6f-afa5-a7c4c1fab1a3/datanode-2/data/ratis/e92d53b3-e558-4a53-8643-29ba16d0915b
2019-10-16 06:01:06,784 [pool-47-thread-1] INFO  server.RaftServerConfigKeys (ConfUtils.java:logGet(43)) - raft.server.log.queue.byte-limit = 2147483647 (custom)
2019-10-16 06:01:06,784 [pool-47-thread-1] INFO  server.RaftServerConfigKeys (ConfUtils.java:logGet(43)) - raft.server.log.queue.element-limit = 1024 (custom)
2019-10-16 06:01:06,784 [f4df195b-7a0f-45aa-bcc4-04d0d9ee9376@group-91878DD04776-LeaderElection8] INFO  impl.RoleInfo (RoleInfo.java:updateAndGet(143)) - f4df195b-7a0f-45aa-bcc4-04d0d9ee9376: start LeaderState
2019-10-16 06:01:06,784 [pool-47-thread-1] INFO  server.RaftServerConfigKeys (ConfUtils.java:logGet(43)) - raft.server.log.segment.size.max = 1048576 (custom)
2019-10-16 06:01:06,784 [pool-47-thread-1] INFO  server.RaftServerConfigKeys (ConfUtils.java:logGet(43)) - raft.server.log.preallocated.size = 16384 (custom)
2019-10-16 06:01:06,785 [f4df195b-7a0f-45aa-bcc4-04d0d9ee9376@group-91878DD04776-LeaderElection8] INFO  segmented.SegmentedRaftLogWorker (SegmentedRaftLogWorker.java:startLogSegment(385)) - f4df195b-7a0f-45aa-bcc4-04d0d9ee9376@group-91878DD04776-SegmentedRaftLogWorker: Starting segment from index:0
2019-10-16 06:01:06,785 [pool-47-thread-1] INFO  server.RaftServerConfigKeys (ConfUtils.java:logGet(43)) - raft.server.log.write.buffer.size = 33554432 (custom)
2019-10-16 06:01:06,788 [pool-47-thread-1] INFO  server.RaftServerConfigKeys (ConfUtils.java:logGet(43)) - raft.server.log.force.sync.num = 128 (default)
2019-10-16 06:01:06,789 [pool-47-thread-1] INFO  server.RaftServerConfigKeys (ConfUtils.java:logGet(43)) - raft.server.log.statemachine.data.sync = true (default)
2019-10-16 06:01:06,789 [f4df195b-7a0f-45aa-bcc4-04d0d9ee9376@group-91878DD04776-LeaderElection8] INFO  impl.RaftServerImpl (ServerState.java:setRaftConf(357)) - f4df195b-7a0f-45aa-bcc4-04d0d9ee9376@group-91878DD04776: set configuration 0: [f4df195b-7a0f-45aa-bcc4-04d0d9ee9376:192.168.69.104:37704], old=null at 0
2019-10-16 06:01:06,789 [pool-47-thread-1] INFO  server.RaftServerConfigKeys (ConfUtils.java:logGet(43)) - raft.server.log.statemachine.data.sync.timeout = 10s (default)
2019-10-16 06:01:06,828 [pool-47-thread-1] INFO  server.RaftServerConfigKeys (ConfUtils.java:logGet(43)) - raft.server.log.statemachine.data.sync.timeout.retry = -1 (default)
2019-10-16 06:01:06,829 [pool-47-thread-1] INFO  server.RaftServerConfigKeys (ConfUtils.java:logGet(43)) - raft.server.log.statemachine.data.caching.enabled = true (custom)
2019-10-16 06:01:06,830 [pool-47-thread-1] INFO  segmented.SegmentedRaftLogWorker (SegmentedRaftLogWorker.java:lambda$new$0(128)) - 33262cc1-fa76-4c5f-8480-ecaaaa59e1c3@group-29BA16D0915B-SegmentedRaftLogWorker: flushIndex: setUnconditionally 0 -> -1
2019-10-16 06:01:06,830 [pool-47-thread-1] INFO  server.RaftServerConfigKeys (ConfUtils.java:logGet(43)) - raft.server.snapshot.auto.trigger.enabled = true (custom)
2019-10-16 06:01:06,830 [pool-47-thread-1] INFO  server.RaftServerConfigKeys (ConfUtils.java:logGet(43)) - raft.server.snapshot.auto.trigger.threshold = 10000 (custom)
2019-10-16 06:01:06,834 [pool-47-thread-1] INFO  server.RaftServerConfigKeys (ConfUtils.java:logGet(43)) - raft.server.snapshot.retention.file.num = 5 (custom)
2019-10-16 06:01:06,837 [pool-47-thread-1] INFO  server.RaftServerConfigKeys (ConfUtils.java:logGet(43)) - raft.server.retrycache.expirytime = 600000ms (custom)
2019-10-16 06:01:06,844 [f4df195b-7a0f-45aa-bcc4-04d0d9ee9376@group-91878DD04776-SegmentedRaftLogWorker] INFO  segmented.SegmentedRaftLogWorker (SegmentedRaftLogWorker.java:execute(576)) - f4df195b-7a0f-45aa-bcc4-04d0d9ee9376@group-91878DD04776-SegmentedRaftLogWorker: created new log segment /workdir/hadoop-ozone/integration-test/target/test-dir/MiniOzoneClusterImpl-257c3db4-a93f-4c6f-afa5-a7c4c1fab1a3/datanode-1/data/ratis/be2539e4-ab47-49f5-86a5-91878dd04776/current/log_inprogress_0
2019-10-16 06:01:06,845 [pool-47-thread-1] INFO  impl.RaftServerImpl (RaftServerImpl.java:start(195)) - 33262cc1-fa76-4c5f-8480-ecaaaa59e1c3@group-29BA16D0915B: start as a follower, conf=-1: [33262cc1-fa76-4c5f-8480-ecaaaa59e1c3:192.168.69.104:35873], old=null
2019-10-16 06:01:06,845 [pool-47-thread-1] INFO  impl.RaftServerImpl (RaftServerImpl.java:setRole(184)) - 33262cc1-fa76-4c5f-8480-ecaaaa59e1c3@group-29BA16D0915B: changes role from      null to FOLLOWER at term 0 for startAsFollower
2019-10-16 06:01:06,846 [pool-47-thread-1] INFO  impl.RoleInfo (RoleInfo.java:updateAndGet(143)) - 33262cc1-fa76-4c5f-8480-ecaaaa59e1c3: start FollowerState
2019-10-16 06:01:06,846 [pool-47-thread-1] INFO  util.JmxRegister (JmxRegister.java:tryRegister(44)) - Successfully registered JMX Bean with object name Ratis:service=RaftServer,group=group-29BA16D0915B,id=33262cc1-fa76-4c5f-8480-ecaaaa59e1c3
2019-10-16 06:01:06,864 [main] INFO  rpc.RpcClient (RpcClient.java:createBucket(411)) - Creating Bucket: 6ba827bd-1a2e-4345-96e2-0c308c4b6327/beb650cf-e810-4ed6-8504-2e9ea9ddb610, with Versioning false and Storage Type set to DISK and Encryption set to false 
2019-10-16 06:01:06,872 [RatisPipelineUtilsThread] INFO  pipeline.PipelineStateManager (PipelineStateManager.java:addPipeline(56)) - Created pipeline Pipeline[ Id: e92d53b3-e558-4a53-8643-29ba16d0915b, Nodes: 33262cc1-fa76-4c5f-8480-ecaaaa59e1c3{ip: 192.168.69.104, host: pr-hdds-2312-q6qzp-1535798719, networkLocation: /default-rack, certSerialId: null}, Type:RATIS, Factor:ONE, State:OPEN]
2019-10-16 06:01:06,902 [grpc-default-executor-0] INFO  impl.RaftServerProxy (RaftServerProxy.java:addNew(89)) - a6a89e7b-4373-48ec-bc5c-6616215175c9: addNew group-C076B62C90C9:[a6a89e7b-4373-48ec-bc5c-6616215175c9:192.168.69.104:33975] returns group-C076B62C90C9:java.util.concurrent.CompletableFuture@3235fa07[Not completed]
2019-10-16 06:01:06,907 [pool-97-thread-1] INFO  impl.RaftServerImpl (RaftServerImpl.java:<init>(104)) - a6a89e7b-4373-48ec-bc5c-6616215175c9: new RaftServerImpl for group-C076B62C90C9:[a6a89e7b-4373-48ec-bc5c-6616215175c9:192.168.69.104:33975] with ContainerStateMachine:uninitialized
2019-10-16 06:01:06,907 [pool-97-thread-1] INFO  server.RaftServerConfigKeys (ConfUtils.java:logGet(43)) - raft.server.rpc.timeout.min = 5s (custom)
2019-10-16 06:01:06,908 [pool-97-thread-1] INFO  server.RaftServerConfigKeys (ConfUtils.java:logGet(43)) - raft.server.rpc.timeout.max = 5200ms (custom)
2019-10-16 06:01:06,908 [pool-97-thread-1] INFO  server.RaftServerConfigKeys (ConfUtils.java:logGet(43)) - raft.server.rpcslowness.timeout = 120s (custom)
2019-10-16 06:01:06,908 [pool-97-thread-1] INFO  server.RaftServerConfigKeys (ConfUtils.java:logGet(43)) - raft.server.sleep.deviation.threshold = 300 (default)
2019-10-16 06:01:06,908 [pool-97-thread-1] INFO  server.RaftServerConfigKeys (ConfUtils.java:logGet(43)) - raft.server.log.appender.install.snapshot.enabled = false (custom)
2019-10-16 06:01:06,908 [pool-97-thread-1] INFO  impl.RaftServerImpl (ServerState.java:<init>(103)) - a6a89e7b-4373-48ec-bc5c-6616215175c9@group-C076B62C90C9: ConfigurationManager, init=-1: [a6a89e7b-4373-48ec-bc5c-6616215175c9:192.168.69.104:33975], old=null, confs=<EMPTY_MAP>
2019-10-16 06:01:06,908 [pool-97-thread-1] INFO  server.RaftServerConfigKeys (ConfUtils.java:logGet(43)) - raft.server.storage.dir = [/workdir/hadoop-ozone/integration-test/target/test-dir/MiniOzoneClusterImpl-257c3db4-a93f-4c6f-afa5-a7c4c1fab1a3/datanode-7/data/ratis] (custom)
2019-10-16 06:01:06,909 [pool-97-thread-1] INFO  server.RaftServerConfigKeys (ConfUtils.java:logGet(43)) - raft.server.log.corruption.policy = EXCEPTION (default)
2019-10-16 06:01:06,909 [pool-97-thread-1] INFO  storage.RaftStorageDirectory (RaftStorageDirectory.java:analyzeStorage(246)) - The storage directory /workdir/hadoop-ozone/integration-test/target/test-dir/MiniOzoneClusterImpl-257c3db4-a93f-4c6f-afa5-a7c4c1fab1a3/datanode-7/data/ratis/1535b269-5e47-4c9e-8a33-c076b62c90c9 does not exist. Creating ...
2019-10-16 06:01:06,922 [pool-97-thread-1] INFO  storage.RaftStorageDirectory (RaftStorageDirectory.java:tryLock(328)) - Lock on /workdir/hadoop-ozone/integration-test/target/test-dir/MiniOzoneClusterImpl-257c3db4-a93f-4c6f-afa5-a7c4c1fab1a3/datanode-7/data/ratis/1535b269-5e47-4c9e-8a33-c076b62c90c9/in_use.lock acquired by nodename 7263@pr-hdds-2312-q6qzp-1535798719
2019-10-16 06:01:06,935 [pool-97-thread-1] INFO  storage.RaftStorage (RaftStorage.java:format(84)) - Storage directory /workdir/hadoop-ozone/integration-test/target/test-dir/MiniOzoneClusterImpl-257c3db4-a93f-4c6f-afa5-a7c4c1fab1a3/datanode-7/data/ratis/1535b269-5e47-4c9e-8a33-c076b62c90c9 has been successfully formatted.
2019-10-16 06:01:06,936 [pool-97-thread-1] INFO  ratis.ContainerStateMachine (ContainerStateMachine.java:loadSnapshot(231)) - group-C076B62C90C9: The snapshot info is null. Setting the last applied indexto:(t:0, i:~)
2019-10-16 06:01:06,936 [pool-97-thread-1] INFO  server.RaftServerConfigKeys (ConfUtils.java:logGet(43)) - raft.server.notification.no-leader.timeout = 120s (custom)
2019-10-16 06:01:06,936 [pool-97-thread-1] INFO  server.RaftServerConfigKeys (ConfUtils.java:logGet(43)) - raft.server.log.use.memory = false (default)
2019-10-16 06:01:06,936 [pool-97-thread-1] INFO  server.RaftServerConfigKeys (ConfUtils.java:logGet(43)) - raft.server.log.purge.gap = 1000000 (custom)
2019-10-16 06:01:06,936 [pool-97-thread-1] INFO  server.RaftServerConfigKeys (ConfUtils.java:logGet(43)) - raft.server.log.appender.buffer.byte-limit = 33554432 (custom)
2019-10-16 06:01:06,936 [pool-97-thread-1] INFO  server.RaftServerConfigKeys (ConfUtils.java:logGet(43)) - raft.server.log.segment.size.max = 1048576 (custom)
2019-10-16 06:01:06,939 [pool-97-thread-1] INFO  server.RaftServerConfigKeys (ConfUtils.java:logGet(43)) - raft.server.log.segment.cache.num.max = 2 (custom)
2019-10-16 06:01:06,939 [pool-97-thread-1] INFO  segmented.SegmentedRaftLogWorker (SegmentedRaftLogWorker.java:<init>(173)) - new a6a89e7b-4373-48ec-bc5c-6616215175c9@group-C076B62C90C9-SegmentedRaftLogWorker for RaftStorage:Storage Directory /workdir/hadoop-ozone/integration-test/target/test-dir/MiniOzoneClusterImpl-257c3db4-a93f-4c6f-afa5-a7c4c1fab1a3/datanode-7/data/ratis/1535b269-5e47-4c9e-8a33-c076b62c90c9
2019-10-16 06:01:06,939 [pool-97-thread-1] INFO  server.RaftServerConfigKeys (ConfUtils.java:logGet(43)) - raft.server.log.queue.byte-limit = 2147483647 (custom)
2019-10-16 06:01:06,939 [pool-97-thread-1] INFO  server.RaftServerConfigKeys (ConfUtils.java:logGet(43)) - raft.server.log.queue.element-limit = 1024 (custom)
2019-10-16 06:01:06,939 [pool-97-thread-1] INFO  server.RaftServerConfigKeys (ConfUtils.java:logGet(43)) - raft.server.log.segment.size.max = 1048576 (custom)
2019-10-16 06:01:06,939 [pool-97-thread-1] INFO  server.RaftServerConfigKeys (ConfUtils.java:logGet(43)) - raft.server.log.preallocated.size = 16384 (custom)
2019-10-16 06:01:06,939 [pool-97-thread-1] INFO  server.RaftServerConfigKeys (ConfUtils.java:logGet(43)) - raft.server.log.write.buffer.size = 33554432 (custom)
2019-10-16 06:01:06,940 [pool-97-thread-1] INFO  server.RaftServerConfigKeys (ConfUtils.java:logGet(43)) - raft.server.log.force.sync.num = 128 (default)
2019-10-16 06:01:06,940 [pool-97-thread-1] INFO  server.RaftServerConfigKeys (ConfUtils.java:logGet(43)) - raft.server.log.statemachine.data.sync = true (default)
2019-10-16 06:01:06,940 [pool-97-thread-1] INFO  server.RaftServerConfigKeys (ConfUtils.java:logGet(43)) - raft.server.log.statemachine.data.sync.timeout = 10s (default)
2019-10-16 06:01:06,940 [pool-97-thread-1] INFO  server.RaftServerConfigKeys (ConfUtils.java:logGet(43)) - raft.server.log.statemachine.data.sync.timeout.retry = -1 (default)
2019-10-16 06:01:06,941 [pool-97-thread-1] INFO  server.RaftServerConfigKeys (ConfUtils.java:logGet(43)) - raft.server.log.statemachine.data.caching.enabled = true (custom)
2019-10-16 06:01:06,941 [pool-97-thread-1] INFO  segmented.SegmentedRaftLogWorker (SegmentedRaftLogWorker.java:lambda$new$0(128)) - a6a89e7b-4373-48ec-bc5c-6616215175c9@group-C076B62C90C9-SegmentedRaftLogWorker: flushIndex: setUnconditionally 0 -> -1
2019-10-16 06:01:06,941 [pool-97-thread-1] INFO  server.RaftServerConfigKeys (ConfUtils.java:logGet(43)) - raft.server.snapshot.auto.trigger.enabled = true (custom)
2019-10-16 06:01:06,941 [pool-97-thread-1] INFO  server.RaftServerConfigKeys (ConfUtils.java:logGet(43)) - raft.server.snapshot.auto.trigger.threshold = 10000 (custom)
2019-10-16 06:01:06,941 [pool-97-thread-1] INFO  server.RaftServerConfigKeys (ConfUtils.java:logGet(43)) - raft.server.snapshot.retention.file.num = 5 (custom)
2019-10-16 06:01:06,942 [pool-97-thread-1] INFO  server.RaftServerConfigKeys (ConfUtils.java:logGet(43)) - raft.server.retrycache.expirytime = 600000ms (custom)
2019-10-16 06:01:06,946 [pool-97-thread-1] INFO  impl.RaftServerImpl (RaftServerImpl.java:start(195)) - a6a89e7b-4373-48ec-bc5c-6616215175c9@group-C076B62C90C9: start as a follower, conf=-1: [a6a89e7b-4373-48ec-bc5c-6616215175c9:192.168.69.104:33975], old=null
2019-10-16 06:01:06,946 [pool-97-thread-1] INFO  impl.RaftServerImpl (RaftServerImpl.java:setRole(184)) - a6a89e7b-4373-48ec-bc5c-6616215175c9@group-C076B62C90C9: changes role from      null to FOLLOWER at term 0 for startAsFollower
2019-10-16 06:01:06,946 [pool-97-thread-1] INFO  impl.RoleInfo (RoleInfo.java:updateAndGet(143)) - a6a89e7b-4373-48ec-bc5c-6616215175c9: start FollowerState
2019-10-16 06:01:06,946 [pool-97-thread-1] INFO  util.JmxRegister (JmxRegister.java:tryRegister(44)) - Successfully registered JMX Bean with object name Ratis:service=RaftServer,group=group-C076B62C90C9,id=a6a89e7b-4373-48ec-bc5c-6616215175c9
2019-10-16 06:01:06,966 [Thread-330] INFO  impl.FollowerState (FollowerState.java:run(108)) - a6a89e7b-4373-48ec-bc5c-6616215175c9@group-C076B62C90C9-FollowerState: change to CANDIDATE, lastRpcTime:19ms, electionTimeout:18ms
2019-10-16 06:01:06,968 [Thread-330] INFO  impl.RoleInfo (RoleInfo.java:shutdownFollowerState(121)) - a6a89e7b-4373-48ec-bc5c-6616215175c9: shutdown FollowerState
2019-10-16 06:01:06,968 [Thread-330] INFO  impl.RaftServerImpl (RaftServerImpl.java:setRole(184)) - a6a89e7b-4373-48ec-bc5c-6616215175c9@group-C076B62C90C9: changes role from  FOLLOWER to CANDIDATE at term 0 for changeToCandidate
2019-10-16 06:01:06,968 [Thread-330] INFO  impl.RoleInfo (RoleInfo.java:updateAndGet(143)) - a6a89e7b-4373-48ec-bc5c-6616215175c9: start LeaderElection
2019-10-16 06:01:06,974 [RatisPipelineUtilsThread] INFO  pipeline.PipelineStateManager (PipelineStateManager.java:addPipeline(56)) - Created pipeline Pipeline[ Id: 1535b269-5e47-4c9e-8a33-c076b62c90c9, Nodes: a6a89e7b-4373-48ec-bc5c-6616215175c9{ip: 192.168.69.104, host: pr-hdds-2312-q6qzp-1535798719, networkLocation: /default-rack, certSerialId: null}, Type:RATIS, Factor:ONE, State:OPEN]
2019-10-16 06:01:06,987 [a6a89e7b-4373-48ec-bc5c-6616215175c9@group-C076B62C90C9-LeaderElection9] INFO  impl.LeaderElection (LeaderElection.java:askForVotes(178)) - a6a89e7b-4373-48ec-bc5c-6616215175c9@group-C076B62C90C9-LeaderElection9: begin an election at term 1 for -1: [a6a89e7b-4373-48ec-bc5c-6616215175c9:192.168.69.104:33975], old=null
2019-10-16 06:01:06,990 [a6a89e7b-4373-48ec-bc5c-6616215175c9@group-C076B62C90C9-LeaderElection9] INFO  impl.RoleInfo (RoleInfo.java:shutdownLeaderElection(134)) - a6a89e7b-4373-48ec-bc5c-6616215175c9: shutdown LeaderElection
2019-10-16 06:01:06,992 [a6a89e7b-4373-48ec-bc5c-6616215175c9@group-C076B62C90C9-LeaderElection9] INFO  impl.RaftServerImpl (RaftServerImpl.java:setRole(184)) - a6a89e7b-4373-48ec-bc5c-6616215175c9@group-C076B62C90C9: changes role from CANDIDATE to LEADER at term 1 for changeToLeader
2019-10-16 06:01:06,992 [a6a89e7b-4373-48ec-bc5c-6616215175c9@group-C076B62C90C9-LeaderElection9] INFO  impl.RaftServerImpl (ServerState.java:setLeader(256)) - a6a89e7b-4373-48ec-bc5c-6616215175c9@group-C076B62C90C9: change Leader from null to a6a89e7b-4373-48ec-bc5c-6616215175c9 at term 1 for becomeLeader, leader elected after 56ms
2019-10-16 06:01:06,994 [a6a89e7b-4373-48ec-bc5c-6616215175c9@group-C076B62C90C9-LeaderElection9] INFO  server.RaftServerConfigKeys (ConfUtils.java:logGet(43)) - raft.server.staging.catchup.gap = 1000 (default)
2019-10-16 06:01:06,996 [a6a89e7b-4373-48ec-bc5c-6616215175c9@group-C076B62C90C9-LeaderElection9] INFO  server.RaftServerConfigKeys (ConfUtils.java:logGet(43)) - raft.server.rpc.sleep.time = 25ms (default)
2019-10-16 06:01:06,998 [a6a89e7b-4373-48ec-bc5c-6616215175c9@group-C076B62C90C9-LeaderElection9] INFO  server.RaftServerConfigKeys (ConfUtils.java:logGet(43)) - raft.server.write.element-limit = 4096 (default)
2019-10-16 06:01:07,001 [a6a89e7b-4373-48ec-bc5c-6616215175c9@group-C076B62C90C9-LeaderElection9] INFO  server.RaftServerConfigKeys (ConfUtils.java:logGet(43)) - raft.server.watch.timeout = 10s (default)
2019-10-16 06:01:07,001 [a6a89e7b-4373-48ec-bc5c-6616215175c9@group-C076B62C90C9-LeaderElection9] INFO  server.RaftServerConfigKeys (ConfUtils.java:logGet(43)) - raft.server.watch.timeout.denomination = 1s (default)
2019-10-16 06:01:07,002 [a6a89e7b-4373-48ec-bc5c-6616215175c9@group-C076B62C90C9-LeaderElection9] INFO  server.RaftServerConfigKeys (ConfUtils.java:logGet(43)) - raft.server.watch.element-limit = 65536 (default)
2019-10-16 06:01:07,012 [grpc-default-executor-1] INFO  impl.RaftServerProxy (RaftServerProxy.java:addNew(89)) - 312a2b1d-4089-408f-ae02-669a7707c04d: addNew group-2716D4593A72:[312a2b1d-4089-408f-ae02-669a7707c04d:192.168.69.104:33667, f57e9b24-e963-44a9-9a1d-af10325c0693:192.168.69.104:44592, 8c19deeb-317a-48b3-82a9-f18220a73035:192.168.69.104:45027] returns group-2716D4593A72:java.util.concurrent.CompletableFuture@18bc96f6[Not completed]
2019-10-16 06:01:07,012 [a6a89e7b-4373-48ec-bc5c-6616215175c9@group-C076B62C90C9-LeaderElection9] INFO  impl.RoleInfo (RoleInfo.java:updateAndGet(143)) - a6a89e7b-4373-48ec-bc5c-6616215175c9: start LeaderState
2019-10-16 06:01:07,012 [grpc-default-executor-2] INFO  impl.RaftServerProxy (RaftServerProxy.java:addNew(89)) - 8c19deeb-317a-48b3-82a9-f18220a73035: addNew group-2716D4593A72:[312a2b1d-4089-408f-ae02-669a7707c04d:192.168.69.104:33667, f57e9b24-e963-44a9-9a1d-af10325c0693:192.168.69.104:44592, 8c19deeb-317a-48b3-82a9-f18220a73035:192.168.69.104:45027] returns group-2716D4593A72:java.util.concurrent.CompletableFuture@71edf2b4[Not completed]
2019-10-16 06:01:07,012 [a6a89e7b-4373-48ec-bc5c-6616215175c9@group-C076B62C90C9-LeaderElection9] INFO  segmented.SegmentedRaftLogWorker (SegmentedRaftLogWorker.java:startLogSegment(385)) - a6a89e7b-4373-48ec-bc5c-6616215175c9@group-C076B62C90C9-SegmentedRaftLogWorker: Starting segment from index:0
2019-10-16 06:01:07,013 [a6a89e7b-4373-48ec-bc5c-6616215175c9@group-C076B62C90C9-LeaderElection9] INFO  impl.RaftServerImpl (ServerState.java:setRaftConf(357)) - a6a89e7b-4373-48ec-bc5c-6616215175c9@group-C076B62C90C9: set configuration 0: [a6a89e7b-4373-48ec-bc5c-6616215175c9:192.168.69.104:33975], old=null at 0
2019-10-16 06:01:07,046 [Thread-327] INFO  impl.FollowerState (FollowerState.java:run(108)) - 33262cc1-fa76-4c5f-8480-ecaaaa59e1c3@group-29BA16D0915B-FollowerState: change to CANDIDATE, lastRpcTime:200ms, electionTimeout:196ms
2019-10-16 06:01:07,046 [Thread-327] INFO  impl.RoleInfo (RoleInfo.java:shutdownFollowerState(121)) - 33262cc1-fa76-4c5f-8480-ecaaaa59e1c3: shutdown FollowerState
2019-10-16 06:01:07,048 [pool-77-thread-1] INFO  impl.RaftServerImpl (RaftServerImpl.java:<init>(104)) - 312a2b1d-4089-408f-ae02-669a7707c04d: new RaftServerImpl for group-2716D4593A72:[312a2b1d-4089-408f-ae02-669a7707c04d:192.168.69.104:33667, f57e9b24-e963-44a9-9a1d-af10325c0693:192.168.69.104:44592, 8c19deeb-317a-48b3-82a9-f18220a73035:192.168.69.104:45027] with ContainerStateMachine:uninitialized
2019-10-16 06:01:07,049 [Thread-327] INFO  impl.RaftServerImpl (RaftServerImpl.java:setRole(184)) - 33262cc1-fa76-4c5f-8480-ecaaaa59e1c3@group-29BA16D0915B: changes role from  FOLLOWER to CANDIDATE at term 0 for changeToCandidate
2019-10-16 06:01:07,049 [pool-77-thread-1] INFO  server.RaftServerConfigKeys (ConfUtils.java:logGet(43)) - raft.server.rpc.timeout.min = 5s (custom)
2019-10-16 06:01:07,049 [pool-77-thread-1] INFO  server.RaftServerConfigKeys (ConfUtils.java:logGet(43)) - raft.server.rpc.timeout.max = 5200ms (custom)
2019-10-16 06:01:07,049 [Thread-327] INFO  impl.RoleInfo (RoleInfo.java:updateAndGet(143)) - 33262cc1-fa76-4c5f-8480-ecaaaa59e1c3: start LeaderElection
2019-10-16 06:01:07,049 [pool-77-thread-1] INFO  server.RaftServerConfigKeys (ConfUtils.java:logGet(43)) - raft.server.rpcslowness.timeout = 120s (custom)
2019-10-16 06:01:07,050 [pool-77-thread-1] INFO  server.RaftServerConfigKeys (ConfUtils.java:logGet(43)) - raft.server.sleep.deviation.threshold = 300 (default)
2019-10-16 06:01:07,050 [grpc-default-executor-2] INFO  impl.RaftServerProxy (RaftServerProxy.java:addNew(89)) - f57e9b24-e963-44a9-9a1d-af10325c0693: addNew group-2716D4593A72:[312a2b1d-4089-408f-ae02-669a7707c04d:192.168.69.104:33667, f57e9b24-e963-44a9-9a1d-af10325c0693:192.168.69.104:44592, 8c19deeb-317a-48b3-82a9-f18220a73035:192.168.69.104:45027] returns group-2716D4593A72:java.util.concurrent.CompletableFuture@34ef62ed[Not completed]
2019-10-16 06:01:07,055 [pool-67-thread-1] INFO  impl.RaftServerImpl (RaftServerImpl.java:<init>(104)) - 8c19deeb-317a-48b3-82a9-f18220a73035: new RaftServerImpl for group-2716D4593A72:[312a2b1d-4089-408f-ae02-669a7707c04d:192.168.69.104:33667, f57e9b24-e963-44a9-9a1d-af10325c0693:192.168.69.104:44592, 8c19deeb-317a-48b3-82a9-f18220a73035:192.168.69.104:45027] with ContainerStateMachine:uninitialized
2019-10-16 06:01:07,055 [pool-77-thread-1] INFO  server.RaftServerConfigKeys (ConfUtils.java:logGet(43)) - raft.server.log.appender.install.snapshot.enabled = false (custom)
2019-10-16 06:01:07,055 [pool-67-thread-1] INFO  server.RaftServerConfigKeys (ConfUtils.java:logGet(43)) - raft.server.rpc.timeout.min = 5s (custom)
2019-10-16 06:01:07,055 [pool-77-thread-1] INFO  impl.RaftServerImpl (ServerState.java:<init>(103)) - 312a2b1d-4089-408f-ae02-669a7707c04d@group-2716D4593A72: ConfigurationManager, init=-1: [312a2b1d-4089-408f-ae02-669a7707c04d:192.168.69.104:33667, f57e9b24-e963-44a9-9a1d-af10325c0693:192.168.69.104:44592, 8c19deeb-317a-48b3-82a9-f18220a73035:192.168.69.104:45027], old=null, confs=<EMPTY_MAP>
2019-10-16 06:01:07,055 [pool-67-thread-1] INFO  server.RaftServerConfigKeys (ConfUtils.java:logGet(43)) - raft.server.rpc.timeout.max = 5200ms (custom)
2019-10-16 06:01:07,056 [pool-77-thread-1] INFO  server.RaftServerConfigKeys (ConfUtils.java:logGet(43)) - raft.server.storage.dir = [/workdir/hadoop-ozone/integration-test/target/test-dir/MiniOzoneClusterImpl-257c3db4-a93f-4c6f-afa5-a7c4c1fab1a3/datanode-5/data/ratis] (custom)
2019-10-16 06:01:07,056 [pool-67-thread-1] INFO  server.RaftServerConfigKeys (ConfUtils.java:logGet(43)) - raft.server.rpcslowness.timeout = 120s (custom)
2019-10-16 06:01:07,056 [pool-67-thread-1] INFO  server.RaftServerConfigKeys (ConfUtils.java:logGet(43)) - raft.server.sleep.deviation.threshold = 300 (default)
2019-10-16 06:01:07,057 [pool-77-thread-1] INFO  server.RaftServerConfigKeys (ConfUtils.java:logGet(43)) - raft.server.log.corruption.policy = EXCEPTION (default)
2019-10-16 06:01:07,058 [pool-117-thread-1] INFO  impl.RaftServerImpl (RaftServerImpl.java:<init>(104)) - f57e9b24-e963-44a9-9a1d-af10325c0693: new RaftServerImpl for group-2716D4593A72:[312a2b1d-4089-408f-ae02-669a7707c04d:192.168.69.104:33667, f57e9b24-e963-44a9-9a1d-af10325c0693:192.168.69.104:44592, 8c19deeb-317a-48b3-82a9-f18220a73035:192.168.69.104:45027] with ContainerStateMachine:uninitialized
2019-10-16 06:01:07,058 [pool-67-thread-1] INFO  server.RaftServerConfigKeys (ConfUtils.java:logGet(43)) - raft.server.log.appender.install.snapshot.enabled = false (custom)
2019-10-16 06:01:07,058 [pool-117-thread-1] INFO  server.RaftServerConfigKeys (ConfUtils.java:logGet(43)) - raft.server.rpc.timeout.min = 5s (custom)
2019-10-16 06:01:07,058 [pool-77-thread-1] INFO  storage.RaftStorageDirectory (RaftStorageDirectory.java:analyzeStorage(246)) - The storage directory /workdir/hadoop-ozone/integration-test/target/test-dir/MiniOzoneClusterImpl-257c3db4-a93f-4c6f-afa5-a7c4c1fab1a3/datanode-5/data/ratis/f3beb66c-3cca-4993-88e3-2716d4593a72 does not exist. Creating ...
2019-10-16 06:01:07,058 [pool-117-thread-1] INFO  server.RaftServerConfigKeys (ConfUtils.java:logGet(43)) - raft.server.rpc.timeout.max = 5200ms (custom)
2019-10-16 06:01:07,058 [pool-67-thread-1] INFO  impl.RaftServerImpl (ServerState.java:<init>(103)) - 8c19deeb-317a-48b3-82a9-f18220a73035@group-2716D4593A72: ConfigurationManager, init=-1: [312a2b1d-4089-408f-ae02-669a7707c04d:192.168.69.104:33667, f57e9b24-e963-44a9-9a1d-af10325c0693:192.168.69.104:44592, 8c19deeb-317a-48b3-82a9-f18220a73035:192.168.69.104:45027], old=null, confs=<EMPTY_MAP>
2019-10-16 06:01:07,058 [pool-117-thread-1] INFO  server.RaftServerConfigKeys (ConfUtils.java:logGet(43)) - raft.server.rpcslowness.timeout = 120s (custom)
2019-10-16 06:01:07,059 [pool-117-thread-1] INFO  server.RaftServerConfigKeys (ConfUtils.java:logGet(43)) - raft.server.sleep.deviation.threshold = 300 (default)
2019-10-16 06:01:07,059 [pool-67-thread-1] INFO  server.RaftServerConfigKeys (ConfUtils.java:logGet(43)) - raft.server.storage.dir = [/workdir/hadoop-ozone/integration-test/target/test-dir/MiniOzoneClusterImpl-257c3db4-a93f-4c6f-afa5-a7c4c1fab1a3/datanode-4/data/ratis] (custom)
2019-10-16 06:01:07,059 [pool-117-thread-1] INFO  server.RaftServerConfigKeys (ConfUtils.java:logGet(43)) - raft.server.log.appender.install.snapshot.enabled = false (custom)
2019-10-16 06:01:07,059 [a6a89e7b-4373-48ec-bc5c-6616215175c9@group-C076B62C90C9-SegmentedRaftLogWorker] INFO  segmented.SegmentedRaftLogWorker (SegmentedRaftLogWorker.java:execute(576)) - a6a89e7b-4373-48ec-bc5c-6616215175c9@group-C076B62C90C9-SegmentedRaftLogWorker: created new log segment /workdir/hadoop-ozone/integration-test/target/test-dir/MiniOzoneClusterImpl-257c3db4-a93f-4c6f-afa5-a7c4c1fab1a3/datanode-7/data/ratis/1535b269-5e47-4c9e-8a33-c076b62c90c9/current/log_inprogress_0
2019-10-16 06:01:07,059 [pool-117-thread-1] INFO  impl.RaftServerImpl (ServerState.java:<init>(103)) - f57e9b24-e963-44a9-9a1d-af10325c0693@group-2716D4593A72: ConfigurationManager, init=-1: [312a2b1d-4089-408f-ae02-669a7707c04d:192.168.69.104:33667, f57e9b24-e963-44a9-9a1d-af10325c0693:192.168.69.104:44592, 8c19deeb-317a-48b3-82a9-f18220a73035:192.168.69.104:45027], old=null, confs=<EMPTY_MAP>
2019-10-16 06:01:07,059 [33262cc1-fa76-4c5f-8480-ecaaaa59e1c3@group-29BA16D0915B-LeaderElection10] INFO  impl.LeaderElection (LeaderElection.java:askForVotes(178)) - 33262cc1-fa76-4c5f-8480-ecaaaa59e1c3@group-29BA16D0915B-LeaderElection10: begin an election at term 1 for -1: [33262cc1-fa76-4c5f-8480-ecaaaa59e1c3:192.168.69.104:35873], old=null
2019-10-16 06:01:07,060 [pool-117-thread-1] INFO  server.RaftServerConfigKeys (ConfUtils.java:logGet(43)) - raft.server.storage.dir = [/workdir/hadoop-ozone/integration-test/target/test-dir/MiniOzoneClusterImpl-257c3db4-a93f-4c6f-afa5-a7c4c1fab1a3/datanode-9/data/ratis] (custom)
2019-10-16 06:01:07,059 [pool-67-thread-1] INFO  server.RaftServerConfigKeys (ConfUtils.java:logGet(43)) - raft.server.log.corruption.policy = EXCEPTION (default)
2019-10-16 06:01:07,060 [33262cc1-fa76-4c5f-8480-ecaaaa59e1c3@group-29BA16D0915B-LeaderElection10] INFO  impl.RoleInfo (RoleInfo.java:shutdownLeaderElection(134)) - 33262cc1-fa76-4c5f-8480-ecaaaa59e1c3: shutdown LeaderElection
2019-10-16 06:01:07,060 [pool-117-thread-1] INFO  server.RaftServerConfigKeys (ConfUtils.java:logGet(43)) - raft.server.log.corruption.policy = EXCEPTION (default)
2019-10-16 06:01:07,060 [33262cc1-fa76-4c5f-8480-ecaaaa59e1c3@group-29BA16D0915B-LeaderElection10] INFO  impl.RaftServerImpl (RaftServerImpl.java:setRole(184)) - 33262cc1-fa76-4c5f-8480-ecaaaa59e1c3@group-29BA16D0915B: changes role from CANDIDATE to LEADER at term 1 for changeToLeader
2019-10-16 06:01:07,060 [pool-67-thread-1] INFO  storage.RaftStorageDirectory (RaftStorageDirectory.java:analyzeStorage(246)) - The storage directory /workdir/hadoop-ozone/integration-test/target/test-dir/MiniOzoneClusterImpl-257c3db4-a93f-4c6f-afa5-a7c4c1fab1a3/datanode-4/data/ratis/f3beb66c-3cca-4993-88e3-2716d4593a72 does not exist. Creating ...
2019-10-16 06:01:07,060 [33262cc1-fa76-4c5f-8480-ecaaaa59e1c3@group-29BA16D0915B-LeaderElection10] INFO  impl.RaftServerImpl (ServerState.java:setLeader(256)) - 33262cc1-fa76-4c5f-8480-ecaaaa59e1c3@group-29BA16D0915B: change Leader from null to 33262cc1-fa76-4c5f-8480-ecaaaa59e1c3 at term 1 for becomeLeader, leader elected after 284ms
2019-10-16 06:01:07,062 [pool-77-thread-1] INFO  storage.RaftStorageDirectory (RaftStorageDirectory.java:tryLock(328)) - Lock on /workdir/hadoop-ozone/integration-test/target/test-dir/MiniOzoneClusterImpl-257c3db4-a93f-4c6f-afa5-a7c4c1fab1a3/datanode-5/data/ratis/f3beb66c-3cca-4993-88e3-2716d4593a72/in_use.lock acquired by nodename 7263@pr-hdds-2312-q6qzp-1535798719
2019-10-16 06:01:07,060 [pool-117-thread-1] INFO  storage.RaftStorageDirectory (RaftStorageDirectory.java:analyzeStorage(246)) - The storage directory /workdir/hadoop-ozone/integration-test/target/test-dir/MiniOzoneClusterImpl-257c3db4-a93f-4c6f-afa5-a7c4c1fab1a3/datanode-9/data/ratis/f3beb66c-3cca-4993-88e3-2716d4593a72 does not exist. Creating ...
2019-10-16 06:01:07,063 [33262cc1-fa76-4c5f-8480-ecaaaa59e1c3@group-29BA16D0915B-LeaderElection10] INFO  server.RaftServerConfigKeys (ConfUtils.java:logGet(43)) - raft.server.staging.catchup.gap = 1000 (default)
2019-10-16 06:01:07,064 [33262cc1-fa76-4c5f-8480-ecaaaa59e1c3@group-29BA16D0915B-LeaderElection10] INFO  server.RaftServerConfigKeys (ConfUtils.java:logGet(43)) - raft.server.rpc.sleep.time = 25ms (default)
2019-10-16 06:01:07,064 [33262cc1-fa76-4c5f-8480-ecaaaa59e1c3@group-29BA16D0915B-LeaderElection10] INFO  server.RaftServerConfigKeys (ConfUtils.java:logGet(43)) - raft.server.write.element-limit = 4096 (default)
2019-10-16 06:01:07,066 [33262cc1-fa76-4c5f-8480-ecaaaa59e1c3@group-29BA16D0915B-LeaderElection10] INFO  server.RaftServerConfigKeys (ConfUtils.java:logGet(43)) - raft.server.watch.timeout = 10s (default)
2019-10-16 06:01:07,067 [33262cc1-fa76-4c5f-8480-ecaaaa59e1c3@group-29BA16D0915B-LeaderElection10] INFO  server.RaftServerConfigKeys (ConfUtils.java:logGet(43)) - raft.server.watch.timeout.denomination = 1s (default)
2019-10-16 06:01:07,067 [33262cc1-fa76-4c5f-8480-ecaaaa59e1c3@group-29BA16D0915B-LeaderElection10] INFO  server.RaftServerConfigKeys (ConfUtils.java:logGet(43)) - raft.server.watch.element-limit = 65536 (default)
2019-10-16 06:01:07,070 [33262cc1-fa76-4c5f-8480-ecaaaa59e1c3@group-29BA16D0915B-LeaderElection10] INFO  impl.RoleInfo (RoleInfo.java:updateAndGet(143)) - 33262cc1-fa76-4c5f-8480-ecaaaa59e1c3: start LeaderState
2019-10-16 06:01:07,071 [33262cc1-fa76-4c5f-8480-ecaaaa59e1c3@group-29BA16D0915B-LeaderElection10] INFO  segmented.SegmentedRaftLogWorker (SegmentedRaftLogWorker.java:startLogSegment(385)) - 33262cc1-fa76-4c5f-8480-ecaaaa59e1c3@group-29BA16D0915B-SegmentedRaftLogWorker: Starting segment from index:0
2019-10-16 06:01:07,071 [33262cc1-fa76-4c5f-8480-ecaaaa59e1c3@group-29BA16D0915B-LeaderElection10] INFO  impl.RaftServerImpl (ServerState.java:setRaftConf(357)) - 33262cc1-fa76-4c5f-8480-ecaaaa59e1c3@group-29BA16D0915B: set configuration 0: [33262cc1-fa76-4c5f-8480-ecaaaa59e1c3:192.168.69.104:35873], old=null at 0
2019-10-16 06:01:07,106 [pool-117-thread-1] INFO  storage.RaftStorageDirectory (RaftStorageDirectory.java:tryLock(328)) - Lock on /workdir/hadoop-ozone/integration-test/target/test-dir/MiniOzoneClusterImpl-257c3db4-a93f-4c6f-afa5-a7c4c1fab1a3/datanode-9/data/ratis/f3beb66c-3cca-4993-88e3-2716d4593a72/in_use.lock acquired by nodename 7263@pr-hdds-2312-q6qzp-1535798719
2019-10-16 06:01:07,106 [pool-67-thread-1] INFO  storage.RaftStorageDirectory (RaftStorageDirectory.java:tryLock(328)) - Lock on /workdir/hadoop-ozone/integration-test/target/test-dir/MiniOzoneClusterImpl-257c3db4-a93f-4c6f-afa5-a7c4c1fab1a3/datanode-4/data/ratis/f3beb66c-3cca-4993-88e3-2716d4593a72/in_use.lock acquired by nodename 7263@pr-hdds-2312-q6qzp-1535798719
2019-10-16 06:01:07,106 [pool-77-thread-1] INFO  storage.RaftStorage (RaftStorage.java:format(84)) - Storage directory /workdir/hadoop-ozone/integration-test/target/test-dir/MiniOzoneClusterImpl-257c3db4-a93f-4c6f-afa5-a7c4c1fab1a3/datanode-5/data/ratis/f3beb66c-3cca-4993-88e3-2716d4593a72 has been successfully formatted.
2019-10-16 06:01:07,107 [pool-77-thread-1] INFO  ratis.ContainerStateMachine (ContainerStateMachine.java:loadSnapshot(231)) - group-2716D4593A72: The snapshot info is null. Setting the last applied indexto:(t:0, i:~)
2019-10-16 06:01:07,107 [pool-77-thread-1] INFO  server.RaftServerConfigKeys (ConfUtils.java:logGet(43)) - raft.server.notification.no-leader.timeout = 120s (custom)
2019-10-16 06:01:07,107 [pool-77-thread-1] INFO  server.RaftServerConfigKeys (ConfUtils.java:logGet(43)) - raft.server.log.use.memory = false (default)
2019-10-16 06:01:07,107 [pool-77-thread-1] INFO  server.RaftServerConfigKeys (ConfUtils.java:logGet(43)) - raft.server.log.purge.gap = 1000000 (custom)
2019-10-16 06:01:07,108 [pool-77-thread-1] INFO  server.RaftServerConfigKeys (ConfUtils.java:logGet(43)) - raft.server.log.appender.buffer.byte-limit = 33554432 (custom)
2019-10-16 06:01:07,108 [pool-77-thread-1] INFO  server.RaftServerConfigKeys (ConfUtils.java:logGet(43)) - raft.server.log.segment.size.max = 1048576 (custom)
2019-10-16 06:01:07,108 [pool-77-thread-1] INFO  server.RaftServerConfigKeys (ConfUtils.java:logGet(43)) - raft.server.log.segment.cache.num.max = 2 (custom)
2019-10-16 06:01:07,108 [pool-77-thread-1] INFO  segmented.SegmentedRaftLogWorker (SegmentedRaftLogWorker.java:<init>(173)) - new 312a2b1d-4089-408f-ae02-669a7707c04d@group-2716D4593A72-SegmentedRaftLogWorker for RaftStorage:Storage Directory /workdir/hadoop-ozone/integration-test/target/test-dir/MiniOzoneClusterImpl-257c3db4-a93f-4c6f-afa5-a7c4c1fab1a3/datanode-5/data/ratis/f3beb66c-3cca-4993-88e3-2716d4593a72
2019-10-16 06:01:07,108 [pool-77-thread-1] INFO  server.RaftServerConfigKeys (ConfUtils.java:logGet(43)) - raft.server.log.queue.byte-limit = 2147483647 (custom)
2019-10-16 06:01:07,108 [pool-77-thread-1] INFO  server.RaftServerConfigKeys (ConfUtils.java:logGet(43)) - raft.server.log.queue.element-limit = 1024 (custom)
2019-10-16 06:01:07,109 [pool-77-thread-1] INFO  server.RaftServerConfigKeys (ConfUtils.java:logGet(43)) - raft.server.log.segment.size.max = 1048576 (custom)
2019-10-16 06:01:07,109 [pool-77-thread-1] INFO  server.RaftServerConfigKeys (ConfUtils.java:logGet(43)) - raft.server.log.preallocated.size = 16384 (custom)
2019-10-16 06:01:07,109 [pool-77-thread-1] INFO  server.RaftServerConfigKeys (ConfUtils.java:logGet(43)) - raft.server.log.write.buffer.size = 33554432 (custom)
2019-10-16 06:01:07,109 [pool-77-thread-1] INFO  server.RaftServerConfigKeys (ConfUtils.java:logGet(43)) - raft.server.log.force.sync.num = 128 (default)
2019-10-16 06:01:07,109 [pool-77-thread-1] INFO  server.RaftServerConfigKeys (ConfUtils.java:logGet(43)) - raft.server.log.statemachine.data.sync = true (default)
2019-10-16 06:01:07,109 [pool-77-thread-1] INFO  server.RaftServerConfigKeys (ConfUtils.java:logGet(43)) - raft.server.log.statemachine.data.sync.timeout = 10s (default)
2019-10-16 06:01:07,109 [pool-77-thread-1] INFO  server.RaftServerConfigKeys (ConfUtils.java:logGet(43)) - raft.server.log.statemachine.data.sync.timeout.retry = -1 (default)
2019-10-16 06:01:07,110 [pool-77-thread-1] INFO  server.RaftServerConfigKeys (ConfUtils.java:logGet(43)) - raft.server.log.statemachine.data.caching.enabled = true (custom)
2019-10-16 06:01:07,110 [pool-77-thread-1] INFO  segmented.SegmentedRaftLogWorker (SegmentedRaftLogWorker.java:lambda$new$0(128)) - 312a2b1d-4089-408f-ae02-669a7707c04d@group-2716D4593A72-SegmentedRaftLogWorker: flushIndex: setUnconditionally 0 -> -1
2019-10-16 06:01:07,110 [pool-77-thread-1] INFO  server.RaftServerConfigKeys (ConfUtils.java:logGet(43)) - raft.server.snapshot.auto.trigger.enabled = true (custom)
2019-10-16 06:01:07,111 [pool-77-thread-1] INFO  server.RaftServerConfigKeys (ConfUtils.java:logGet(43)) - raft.server.snapshot.auto.trigger.threshold = 10000 (custom)
2019-10-16 06:01:07,111 [pool-77-thread-1] INFO  server.RaftServerConfigKeys (ConfUtils.java:logGet(43)) - raft.server.snapshot.retention.file.num = 5 (custom)
2019-10-16 06:01:07,111 [pool-77-thread-1] INFO  server.RaftServerConfigKeys (ConfUtils.java:logGet(43)) - raft.server.retrycache.expirytime = 600000ms (custom)
2019-10-16 06:01:07,116 [pool-77-thread-1] INFO  impl.RaftServerImpl (RaftServerImpl.java:start(195)) - 312a2b1d-4089-408f-ae02-669a7707c04d@group-2716D4593A72: start as a follower, conf=-1: [312a2b1d-4089-408f-ae02-669a7707c04d:192.168.69.104:33667, f57e9b24-e963-44a9-9a1d-af10325c0693:192.168.69.104:44592, 8c19deeb-317a-48b3-82a9-f18220a73035:192.168.69.104:45027], old=null
2019-10-16 06:01:07,116 [pool-77-thread-1] INFO  impl.RaftServerImpl (RaftServerImpl.java:setRole(184)) - 312a2b1d-4089-408f-ae02-669a7707c04d@group-2716D4593A72: changes role from      null to FOLLOWER at term 0 for startAsFollower
2019-10-16 06:01:07,116 [pool-77-thread-1] INFO  impl.RoleInfo (RoleInfo.java:updateAndGet(143)) - 312a2b1d-4089-408f-ae02-669a7707c04d: start FollowerState
2019-10-16 06:01:07,117 [pool-77-thread-1] INFO  util.JmxRegister (JmxRegister.java:tryRegister(44)) - Successfully registered JMX Bean with object name Ratis:service=RaftServer,group=group-2716D4593A72,id=312a2b1d-4089-408f-ae02-669a7707c04d
2019-10-16 06:01:07,118 [pool-117-thread-1] INFO  storage.RaftStorage (RaftStorage.java:format(84)) - Storage directory /workdir/hadoop-ozone/integration-test/target/test-dir/MiniOzoneClusterImpl-257c3db4-a93f-4c6f-afa5-a7c4c1fab1a3/datanode-9/data/ratis/f3beb66c-3cca-4993-88e3-2716d4593a72 has been successfully formatted.
2019-10-16 06:01:07,118 [pool-67-thread-1] INFO  storage.RaftStorage (RaftStorage.java:format(84)) - Storage directory /workdir/hadoop-ozone/integration-test/target/test-dir/MiniOzoneClusterImpl-257c3db4-a93f-4c6f-afa5-a7c4c1fab1a3/datanode-4/data/ratis/f3beb66c-3cca-4993-88e3-2716d4593a72 has been successfully formatted.
2019-10-16 06:01:07,119 [pool-117-thread-1] INFO  ratis.ContainerStateMachine (ContainerStateMachine.java:loadSnapshot(231)) - group-2716D4593A72: The snapshot info is null. Setting the last applied indexto:(t:0, i:~)
2019-10-16 06:01:07,118 [33262cc1-fa76-4c5f-8480-ecaaaa59e1c3@group-29BA16D0915B-SegmentedRaftLogWorker] INFO  segmented.SegmentedRaftLogWorker (SegmentedRaftLogWorker.java:execute(576)) - 33262cc1-fa76-4c5f-8480-ecaaaa59e1c3@group-29BA16D0915B-SegmentedRaftLogWorker: created new log segment /workdir/hadoop-ozone/integration-test/target/test-dir/MiniOzoneClusterImpl-257c3db4-a93f-4c6f-afa5-a7c4c1fab1a3/datanode-2/data/ratis/e92d53b3-e558-4a53-8643-29ba16d0915b/current/log_inprogress_0
2019-10-16 06:01:07,119 [pool-67-thread-1] INFO  ratis.ContainerStateMachine (ContainerStateMachine.java:loadSnapshot(231)) - group-2716D4593A72: The snapshot info is null. Setting the last applied indexto:(t:0, i:~)
2019-10-16 06:01:07,119 [pool-117-thread-1] INFO  server.RaftServerConfigKeys (ConfUtils.java:logGet(43)) - raft.server.notification.no-leader.timeout = 120s (custom)
2019-10-16 06:01:07,119 [pool-67-thread-1] INFO  server.RaftServerConfigKeys (ConfUtils.java:logGet(43)) - raft.server.notification.no-leader.timeout = 120s (custom)
2019-10-16 06:01:07,119 [pool-117-thread-1] INFO  server.RaftServerConfigKeys (ConfUtils.java:logGet(43)) - raft.server.log.use.memory = false (default)
2019-10-16 06:01:07,120 [pool-67-thread-1] INFO  server.RaftServerConfigKeys (ConfUtils.java:logGet(43)) - raft.server.log.use.memory = false (default)
2019-10-16 06:01:07,120 [pool-117-thread-1] INFO  server.RaftServerConfigKeys (ConfUtils.java:logGet(43)) - raft.server.log.purge.gap = 1000000 (custom)
2019-10-16 06:01:07,120 [pool-67-thread-1] INFO  server.RaftServerConfigKeys (ConfUtils.java:logGet(43)) - raft.server.log.purge.gap = 1000000 (custom)
2019-10-16 06:01:07,120 [pool-117-thread-1] INFO  server.RaftServerConfigKeys (ConfUtils.java:logGet(43)) - raft.server.log.appender.buffer.byte-limit = 33554432 (custom)
2019-10-16 06:01:07,120 [pool-67-thread-1] INFO  server.RaftServerConfigKeys (ConfUtils.java:logGet(43)) - raft.server.log.appender.buffer.byte-limit = 33554432 (custom)
2019-10-16 06:01:07,120 [pool-117-thread-1] INFO  server.RaftServerConfigKeys (ConfUtils.java:logGet(43)) - raft.server.log.segment.size.max = 1048576 (custom)
2019-10-16 06:01:07,121 [pool-67-thread-1] INFO  server.RaftServerConfigKeys (ConfUtils.java:logGet(43)) - raft.server.log.segment.size.max = 1048576 (custom)
2019-10-16 06:01:07,121 [pool-117-thread-1] INFO  server.RaftServerConfigKeys (ConfUtils.java:logGet(43)) - raft.server.log.segment.cache.num.max = 2 (custom)
2019-10-16 06:01:07,121 [pool-117-thread-1] INFO  segmented.SegmentedRaftLogWorker (SegmentedRaftLogWorker.java:<init>(173)) - new f57e9b24-e963-44a9-9a1d-af10325c0693@group-2716D4593A72-SegmentedRaftLogWorker for RaftStorage:Storage Directory /workdir/hadoop-ozone/integration-test/target/test-dir/MiniOzoneClusterImpl-257c3db4-a93f-4c6f-afa5-a7c4c1fab1a3/datanode-9/data/ratis/f3beb66c-3cca-4993-88e3-2716d4593a72
2019-10-16 06:01:07,121 [pool-67-thread-1] INFO  server.RaftServerConfigKeys (ConfUtils.java:logGet(43)) - raft.server.log.segment.cache.num.max = 2 (custom)
2019-10-16 06:01:07,121 [pool-117-thread-1] INFO  server.RaftServerConfigKeys (ConfUtils.java:logGet(43)) - raft.server.log.queue.byte-limit = 2147483647 (custom)
2019-10-16 06:01:07,122 [pool-67-thread-1] INFO  segmented.SegmentedRaftLogWorker (SegmentedRaftLogWorker.java:<init>(173)) - new 8c19deeb-317a-48b3-82a9-f18220a73035@group-2716D4593A72-SegmentedRaftLogWorker for RaftStorage:Storage Directory /workdir/hadoop-ozone/integration-test/target/test-dir/MiniOzoneClusterImpl-257c3db4-a93f-4c6f-afa5-a7c4c1fab1a3/datanode-4/data/ratis/f3beb66c-3cca-4993-88e3-2716d4593a72
2019-10-16 06:01:07,124 [pool-117-thread-1] INFO  server.RaftServerConfigKeys (ConfUtils.java:logGet(43)) - raft.server.log.queue.element-limit = 1024 (custom)
2019-10-16 06:01:07,124 [pool-67-thread-1] INFO  server.RaftServerConfigKeys (ConfUtils.java:logGet(43)) - raft.server.log.queue.byte-limit = 2147483647 (custom)
2019-10-16 06:01:07,124 [pool-117-thread-1] INFO  server.RaftServerConfigKeys (ConfUtils.java:logGet(43)) - raft.server.log.segment.size.max = 1048576 (custom)
2019-10-16 06:01:07,126 [pool-67-thread-1] INFO  server.RaftServerConfigKeys (ConfUtils.java:logGet(43)) - raft.server.log.queue.element-limit = 1024 (custom)
2019-10-16 06:01:07,126 [pool-117-thread-1] INFO  server.RaftServerConfigKeys (ConfUtils.java:logGet(43)) - raft.server.log.preallocated.size = 16384 (custom)
2019-10-16 06:01:07,126 [pool-67-thread-1] INFO  server.RaftServerConfigKeys (ConfUtils.java:logGet(43)) - raft.server.log.segment.size.max = 1048576 (custom)
2019-10-16 06:01:07,128 [pool-117-thread-1] INFO  server.RaftServerConfigKeys (ConfUtils.java:logGet(43)) - raft.server.log.write.buffer.size = 33554432 (custom)
2019-10-16 06:01:07,128 [pool-67-thread-1] INFO  server.RaftServerConfigKeys (ConfUtils.java:logGet(43)) - raft.server.log.preallocated.size = 16384 (custom)
2019-10-16 06:01:07,130 [pool-117-thread-1] INFO  server.RaftServerConfigKeys (ConfUtils.java:logGet(43)) - raft.server.log.force.sync.num = 128 (default)
2019-10-16 06:01:07,131 [pool-67-thread-1] INFO  server.RaftServerConfigKeys (ConfUtils.java:logGet(43)) - raft.server.log.write.buffer.size = 33554432 (custom)
2019-10-16 06:01:07,131 [pool-117-thread-1] INFO  server.RaftServerConfigKeys (ConfUtils.java:logGet(43)) - raft.server.log.statemachine.data.sync = true (default)
2019-10-16 06:01:07,131 [pool-67-thread-1] INFO  server.RaftServerConfigKeys (ConfUtils.java:logGet(43)) - raft.server.log.force.sync.num = 128 (default)
2019-10-16 06:01:07,131 [pool-117-thread-1] INFO  server.RaftServerConfigKeys (ConfUtils.java:logGet(43)) - raft.server.log.statemachine.data.sync.timeout = 10s (default)
2019-10-16 06:01:07,131 [pool-67-thread-1] INFO  server.RaftServerConfigKeys (ConfUtils.java:logGet(43)) - raft.server.log.statemachine.data.sync = true (default)
2019-10-16 06:01:07,131 [pool-117-thread-1] INFO  server.RaftServerConfigKeys (ConfUtils.java:logGet(43)) - raft.server.log.statemachine.data.sync.timeout.retry = -1 (default)
2019-10-16 06:01:07,132 [pool-67-thread-1] INFO  server.RaftServerConfigKeys (ConfUtils.java:logGet(43)) - raft.server.log.statemachine.data.sync.timeout = 10s (default)
2019-10-16 06:01:07,132 [pool-117-thread-1] INFO  server.RaftServerConfigKeys (ConfUtils.java:logGet(43)) - raft.server.log.statemachine.data.caching.enabled = true (custom)
2019-10-16 06:01:07,132 [pool-67-thread-1] INFO  server.RaftServerConfigKeys (ConfUtils.java:logGet(43)) - raft.server.log.statemachine.data.sync.timeout.retry = -1 (default)
2019-10-16 06:01:07,132 [pool-117-thread-1] INFO  segmented.SegmentedRaftLogWorker (SegmentedRaftLogWorker.java:lambda$new$0(128)) - f57e9b24-e963-44a9-9a1d-af10325c0693@group-2716D4593A72-SegmentedRaftLogWorker: flushIndex: setUnconditionally 0 -> -1
2019-10-16 06:01:07,132 [pool-67-thread-1] INFO  server.RaftServerConfigKeys (ConfUtils.java:logGet(43)) - raft.server.log.statemachine.data.caching.enabled = true (custom)
2019-10-16 06:01:07,133 [pool-117-thread-1] INFO  server.RaftServerConfigKeys (ConfUtils.java:logGet(43)) - raft.server.snapshot.auto.trigger.enabled = true (custom)
2019-10-16 06:01:07,133 [pool-117-thread-1] INFO  server.RaftServerConfigKeys (ConfUtils.java:logGet(43)) - raft.server.snapshot.auto.trigger.threshold = 10000 (custom)
2019-10-16 06:01:07,133 [pool-67-thread-1] INFO  segmented.SegmentedRaftLogWorker (SegmentedRaftLogWorker.java:lambda$new$0(128)) - 8c19deeb-317a-48b3-82a9-f18220a73035@group-2716D4593A72-SegmentedRaftLogWorker: flushIndex: setUnconditionally 0 -> -1
2019-10-16 06:01:07,133 [pool-117-thread-1] INFO  server.RaftServerConfigKeys (ConfUtils.java:logGet(43)) - raft.server.snapshot.retention.file.num = 5 (custom)
2019-10-16 06:01:07,133 [pool-117-thread-1] INFO  server.RaftServerConfigKeys (ConfUtils.java:logGet(43)) - raft.server.retrycache.expirytime = 600000ms (custom)
2019-10-16 06:01:07,133 [pool-67-thread-1] INFO  server.RaftServerConfigKeys (ConfUtils.java:logGet(43)) - raft.server.snapshot.auto.trigger.enabled = true (custom)
2019-10-16 06:01:07,134 [pool-67-thread-1] INFO  server.RaftServerConfigKeys (ConfUtils.java:logGet(43)) - raft.server.snapshot.auto.trigger.threshold = 10000 (custom)
2019-10-16 06:01:07,134 [pool-67-thread-1] INFO  server.RaftServerConfigKeys (ConfUtils.java:logGet(43)) - raft.server.snapshot.retention.file.num = 5 (custom)
2019-10-16 06:01:07,134 [pool-67-thread-1] INFO  server.RaftServerConfigKeys (ConfUtils.java:logGet(43)) - raft.server.retrycache.expirytime = 600000ms (custom)
2019-10-16 06:01:07,137 [pool-117-thread-1] INFO  impl.RaftServerImpl (RaftServerImpl.java:start(195)) - f57e9b24-e963-44a9-9a1d-af10325c0693@group-2716D4593A72: start as a follower, conf=-1: [312a2b1d-4089-408f-ae02-669a7707c04d:192.168.69.104:33667, f57e9b24-e963-44a9-9a1d-af10325c0693:192.168.69.104:44592, 8c19deeb-317a-48b3-82a9-f18220a73035:192.168.69.104:45027], old=null
2019-10-16 06:01:07,137 [pool-117-thread-1] INFO  impl.RaftServerImpl (RaftServerImpl.java:setRole(184)) - f57e9b24-e963-44a9-9a1d-af10325c0693@group-2716D4593A72: changes role from      null to FOLLOWER at term 0 for startAsFollower
2019-10-16 06:01:07,137 [pool-117-thread-1] INFO  impl.RoleInfo (RoleInfo.java:updateAndGet(143)) - f57e9b24-e963-44a9-9a1d-af10325c0693: start FollowerState
2019-10-16 06:01:07,137 [pool-117-thread-1] INFO  util.JmxRegister (JmxRegister.java:tryRegister(44)) - Successfully registered JMX Bean with object name Ratis:service=RaftServer,group=group-2716D4593A72,id=f57e9b24-e963-44a9-9a1d-af10325c0693
2019-10-16 06:01:07,138 [pool-67-thread-1] INFO  impl.RaftServerImpl (RaftServerImpl.java:start(195)) - 8c19deeb-317a-48b3-82a9-f18220a73035@group-2716D4593A72: start as a follower, conf=-1: [312a2b1d-4089-408f-ae02-669a7707c04d:192.168.69.104:33667, f57e9b24-e963-44a9-9a1d-af10325c0693:192.168.69.104:44592, 8c19deeb-317a-48b3-82a9-f18220a73035:192.168.69.104:45027], old=null
2019-10-16 06:01:07,139 [pool-67-thread-1] INFO  impl.RaftServerImpl (RaftServerImpl.java:setRole(184)) - 8c19deeb-317a-48b3-82a9-f18220a73035@group-2716D4593A72: changes role from      null to FOLLOWER at term 0 for startAsFollower
2019-10-16 06:01:07,139 [pool-67-thread-1] INFO  impl.RoleInfo (RoleInfo.java:updateAndGet(143)) - 8c19deeb-317a-48b3-82a9-f18220a73035: start FollowerState
2019-10-16 06:01:07,139 [pool-67-thread-1] INFO  util.JmxRegister (JmxRegister.java:tryRegister(44)) - Successfully registered JMX Bean with object name Ratis:service=RaftServer,group=group-2716D4593A72,id=8c19deeb-317a-48b3-82a9-f18220a73035
2019-10-16 06:01:07,147 [Thread-342] INFO  impl.FollowerState (FollowerState.java:run(108)) - f57e9b24-e963-44a9-9a1d-af10325c0693@group-2716D4593A72-FollowerState: change to CANDIDATE, lastRpcTime:9ms, electionTimeout:9ms
2019-10-16 06:01:07,149 [Thread-342] INFO  impl.RoleInfo (RoleInfo.java:shutdownFollowerState(121)) - f57e9b24-e963-44a9-9a1d-af10325c0693: shutdown FollowerState
2019-10-16 06:01:07,151 [Thread-342] INFO  impl.RaftServerImpl (RaftServerImpl.java:setRole(184)) - f57e9b24-e963-44a9-9a1d-af10325c0693@group-2716D4593A72: changes role from  FOLLOWER to CANDIDATE at term 0 for changeToCandidate
2019-10-16 06:01:07,153 [Thread-342] INFO  impl.RoleInfo (RoleInfo.java:updateAndGet(143)) - f57e9b24-e963-44a9-9a1d-af10325c0693: start LeaderElection
2019-10-16 06:01:07,173 [RatisPipelineUtilsThread] INFO  pipeline.PipelineStateManager (PipelineStateManager.java:addPipeline(56)) - Created pipeline Pipeline[ Id: f3beb66c-3cca-4993-88e3-2716d4593a72, Nodes: 8c19deeb-317a-48b3-82a9-f18220a73035{ip: 192.168.69.104, host: pr-hdds-2312-q6qzp-1535798719, networkLocation: /default-rack, certSerialId: null}f57e9b24-e963-44a9-9a1d-af10325c0693{ip: 192.168.69.104, host: pr-hdds-2312-q6qzp-1535798719, networkLocation: /default-rack, certSerialId: null}312a2b1d-4089-408f-ae02-669a7707c04d{ip: 192.168.69.104, host: pr-hdds-2312-q6qzp-1535798719, networkLocation: /default-rack, certSerialId: null}, Type:RATIS, Factor:THREE, State:OPEN]
2019-10-16 06:01:07,176 [f57e9b24-e963-44a9-9a1d-af10325c0693@group-2716D4593A72-LeaderElection11] INFO  impl.LeaderElection (LeaderElection.java:askForVotes(178)) - f57e9b24-e963-44a9-9a1d-af10325c0693@group-2716D4593A72-LeaderElection11: begin an election at term 1 for -1: [312a2b1d-4089-408f-ae02-669a7707c04d:192.168.69.104:33667, f57e9b24-e963-44a9-9a1d-af10325c0693:192.168.69.104:44592, 8c19deeb-317a-48b3-82a9-f18220a73035:192.168.69.104:45027], old=null
2019-10-16 06:01:07,200 [grpc-default-executor-0] INFO  impl.RaftServerProxy (RaftServerProxy.java:addNew(89)) - 46286b1e-0911-4b60-930a-7d069b9f5ead: addNew group-A77B575CA011:[46286b1e-0911-4b60-930a-7d069b9f5ead:192.168.69.104:35014, 4a4798ab-8917-4d71-b7ea-449ce36720dc:192.168.69.104:41062, d1fdf168-58cb-444a-97ca-5abcdb1babef:192.168.69.104:44847] returns group-A77B575CA011:java.util.concurrent.CompletableFuture@20296aa7[Not completed]
2019-10-16 06:01:07,204 [grpc-default-executor-1] INFO  impl.RaftServerProxy (RaftServerProxy.java:addNew(89)) - d1fdf168-58cb-444a-97ca-5abcdb1babef: addNew group-A77B575CA011:[46286b1e-0911-4b60-930a-7d069b9f5ead:192.168.69.104:35014, 4a4798ab-8917-4d71-b7ea-449ce36720dc:192.168.69.104:41062, d1fdf168-58cb-444a-97ca-5abcdb1babef:192.168.69.104:44847] returns group-A77B575CA011:java.util.concurrent.CompletableFuture@59819ccd[Not completed]
2019-10-16 06:01:07,206 [grpc-default-executor-1] INFO  impl.RaftServerProxy (RaftServerProxy.java:addNew(89)) - 4a4798ab-8917-4d71-b7ea-449ce36720dc: addNew group-A77B575CA011:[46286b1e-0911-4b60-930a-7d069b9f5ead:192.168.69.104:35014, 4a4798ab-8917-4d71-b7ea-449ce36720dc:192.168.69.104:41062, d1fdf168-58cb-444a-97ca-5abcdb1babef:192.168.69.104:44847] returns group-A77B575CA011:java.util.concurrent.CompletableFuture@14658c96[Not completed]
2019-10-16 06:01:07,210 [pool-27-thread-1] INFO  impl.RaftServerImpl (RaftServerImpl.java:<init>(104)) - 46286b1e-0911-4b60-930a-7d069b9f5ead: new RaftServerImpl for group-A77B575CA011:[46286b1e-0911-4b60-930a-7d069b9f5ead:192.168.69.104:35014, 4a4798ab-8917-4d71-b7ea-449ce36720dc:192.168.69.104:41062, d1fdf168-58cb-444a-97ca-5abcdb1babef:192.168.69.104:44847] with ContainerStateMachine:uninitialized
2019-10-16 06:01:07,211 [pool-27-thread-1] INFO  server.RaftServerConfigKeys (ConfUtils.java:logGet(43)) - raft.server.rpc.timeout.min = 5s (custom)
2019-10-16 06:01:07,211 [pool-27-thread-1] INFO  server.RaftServerConfigKeys (ConfUtils.java:logGet(43)) - raft.server.rpc.timeout.max = 5200ms (custom)
2019-10-16 06:01:07,211 [pool-27-thread-1] INFO  server.RaftServerConfigKeys (ConfUtils.java:logGet(43)) - raft.server.rpcslowness.timeout = 120s (custom)
2019-10-16 06:01:07,211 [pool-27-thread-1] INFO  server.RaftServerConfigKeys (ConfUtils.java:logGet(43)) - raft.server.sleep.deviation.threshold = 300 (default)
2019-10-16 06:01:07,211 [pool-27-thread-1] INFO  server.RaftServerConfigKeys (ConfUtils.java:logGet(43)) - raft.server.log.appender.install.snapshot.enabled = false (custom)
2019-10-16 06:01:07,212 [pool-27-thread-1] INFO  impl.RaftServerImpl (ServerState.java:<init>(103)) - 46286b1e-0911-4b60-930a-7d069b9f5ead@group-A77B575CA011: ConfigurationManager, init=-1: [46286b1e-0911-4b60-930a-7d069b9f5ead:192.168.69.104:35014, 4a4798ab-8917-4d71-b7ea-449ce36720dc:192.168.69.104:41062, d1fdf168-58cb-444a-97ca-5abcdb1babef:192.168.69.104:44847], old=null, confs=<EMPTY_MAP>
2019-10-16 06:01:07,212 [pool-107-thread-1] INFO  impl.RaftServerImpl (RaftServerImpl.java:<init>(104)) - 4a4798ab-8917-4d71-b7ea-449ce36720dc: new RaftServerImpl for group-A77B575CA011:[46286b1e-0911-4b60-930a-7d069b9f5ead:192.168.69.104:35014, 4a4798ab-8917-4d71-b7ea-449ce36720dc:192.168.69.104:41062, d1fdf168-58cb-444a-97ca-5abcdb1babef:192.168.69.104:44847] with ContainerStateMachine:uninitialized
2019-10-16 06:01:07,212 [pool-27-thread-1] INFO  server.RaftServerConfigKeys (ConfUtils.java:logGet(43)) - raft.server.storage.dir = [/workdir/hadoop-ozone/integration-test/target/test-dir/MiniOzoneClusterImpl-257c3db4-a93f-4c6f-afa5-a7c4c1fab1a3/datanode-0/data/ratis] (custom)
2019-10-16 06:01:07,212 [pool-107-thread-1] INFO  server.RaftServerConfigKeys (ConfUtils.java:logGet(43)) - raft.server.rpc.timeout.min = 5s (custom)
2019-10-16 06:01:07,212 [f57e9b24-e963-44a9-9a1d-af10325c0693@group-2716D4593A72-LeaderElection11] INFO  impl.LeaderElection (LeaderElection.java:logAndReturn(56)) - f57e9b24-e963-44a9-9a1d-af10325c0693@group-2716D4593A72-LeaderElection11: Election TIMEOUT; received 0 response(s) [] and 0 exception(s); f57e9b24-e963-44a9-9a1d-af10325c0693@group-2716D4593A72:t1, leader=null, voted=f57e9b24-e963-44a9-9a1d-af10325c0693, raftlog=f57e9b24-e963-44a9-9a1d-af10325c0693@group-2716D4593A72-SegmentedRaftLog:OPENED:c-1,f-1,i0, conf=-1: [312a2b1d-4089-408f-ae02-669a7707c04d:192.168.69.104:33667, f57e9b24-e963-44a9-9a1d-af10325c0693:192.168.69.104:44592, 8c19deeb-317a-48b3-82a9-f18220a73035:192.168.69.104:45027], old=null
2019-10-16 06:01:07,213 [pool-27-thread-1] INFO  server.RaftServerConfigKeys (ConfUtils.java:logGet(43)) - raft.server.log.corruption.policy = EXCEPTION (default)
2019-10-16 06:01:07,212 [pool-107-thread-1] INFO  server.RaftServerConfigKeys (ConfUtils.java:logGet(43)) - raft.server.rpc.timeout.max = 5200ms (custom)
2019-10-16 06:01:07,215 [pool-27-thread-1] INFO  storage.RaftStorageDirectory (RaftStorageDirectory.java:analyzeStorage(246)) - The storage directory /workdir/hadoop-ozone/integration-test/target/test-dir/MiniOzoneClusterImpl-257c3db4-a93f-4c6f-afa5-a7c4c1fab1a3/datanode-0/data/ratis/1de679fa-bc33-450d-93d9-a77b575ca011 does not exist. Creating ...
2019-10-16 06:01:07,215 [pool-57-thread-1] INFO  impl.RaftServerImpl (RaftServerImpl.java:<init>(104)) - d1fdf168-58cb-444a-97ca-5abcdb1babef: new RaftServerImpl for group-A77B575CA011:[46286b1e-0911-4b60-930a-7d069b9f5ead:192.168.69.104:35014, 4a4798ab-8917-4d71-b7ea-449ce36720dc:192.168.69.104:41062, d1fdf168-58cb-444a-97ca-5abcdb1babef:192.168.69.104:44847] with ContainerStateMachine:uninitialized
2019-10-16 06:01:07,215 [pool-107-thread-1] INFO  server.RaftServerConfigKeys (ConfUtils.java:logGet(43)) - raft.server.rpcslowness.timeout = 120s (custom)
2019-10-16 06:01:07,215 [pool-57-thread-1] INFO  server.RaftServerConfigKeys (ConfUtils.java:logGet(43)) - raft.server.rpc.timeout.min = 5s (custom)
2019-10-16 06:01:07,215 [pool-107-thread-1] INFO  server.RaftServerConfigKeys (ConfUtils.java:logGet(43)) - raft.server.sleep.deviation.threshold = 300 (default)
2019-10-16 06:01:07,217 [pool-57-thread-1] INFO  server.RaftServerConfigKeys (ConfUtils.java:logGet(43)) - raft.server.rpc.timeout.max = 5200ms (custom)
2019-10-16 06:01:07,217 [pool-107-thread-1] INFO  server.RaftServerConfigKeys (ConfUtils.java:logGet(43)) - raft.server.log.appender.install.snapshot.enabled = false (custom)
2019-10-16 06:01:07,218 [pool-57-thread-1] INFO  server.RaftServerConfigKeys (ConfUtils.java:logGet(43)) - raft.server.rpcslowness.timeout = 120s (custom)
2019-10-16 06:01:07,218 [pool-107-thread-1] INFO  impl.RaftServerImpl (ServerState.java:<init>(103)) - 4a4798ab-8917-4d71-b7ea-449ce36720dc@group-A77B575CA011: ConfigurationManager, init=-1: [46286b1e-0911-4b60-930a-7d069b9f5ead:192.168.69.104:35014, 4a4798ab-8917-4d71-b7ea-449ce36720dc:192.168.69.104:41062, d1fdf168-58cb-444a-97ca-5abcdb1babef:192.168.69.104:44847], old=null, confs=<EMPTY_MAP>
2019-10-16 06:01:07,218 [pool-57-thread-1] INFO  server.RaftServerConfigKeys (ConfUtils.java:logGet(43)) - raft.server.sleep.deviation.threshold = 300 (default)
2019-10-16 06:01:07,218 [pool-107-thread-1] INFO  server.RaftServerConfigKeys (ConfUtils.java:logGet(43)) - raft.server.storage.dir = [/workdir/hadoop-ozone/integration-test/target/test-dir/MiniOzoneClusterImpl-257c3db4-a93f-4c6f-afa5-a7c4c1fab1a3/datanode-8/data/ratis] (custom)
2019-10-16 06:01:07,218 [pool-57-thread-1] INFO  server.RaftServerConfigKeys (ConfUtils.java:logGet(43)) - raft.server.log.appender.install.snapshot.enabled = false (custom)
2019-10-16 06:01:07,218 [pool-57-thread-1] INFO  impl.RaftServerImpl (ServerState.java:<init>(103)) - d1fdf168-58cb-444a-97ca-5abcdb1babef@group-A77B575CA011: ConfigurationManager, init=-1: [46286b1e-0911-4b60-930a-7d069b9f5ead:192.168.69.104:35014, 4a4798ab-8917-4d71-b7ea-449ce36720dc:192.168.69.104:41062, d1fdf168-58cb-444a-97ca-5abcdb1babef:192.168.69.104:44847], old=null, confs=<EMPTY_MAP>
2019-10-16 06:01:07,218 [pool-107-thread-1] INFO  server.RaftServerConfigKeys (ConfUtils.java:logGet(43)) - raft.server.log.corruption.policy = EXCEPTION (default)
2019-10-16 06:01:07,219 [pool-57-thread-1] INFO  server.RaftServerConfigKeys (ConfUtils.java:logGet(43)) - raft.server.storage.dir = [/workdir/hadoop-ozone/integration-test/target/test-dir/MiniOzoneClusterImpl-257c3db4-a93f-4c6f-afa5-a7c4c1fab1a3/datanode-3/data/ratis] (custom)
2019-10-16 06:01:07,219 [pool-107-thread-1] INFO  storage.RaftStorageDirectory (RaftStorageDirectory.java:analyzeStorage(246)) - The storage directory /workdir/hadoop-ozone/integration-test/target/test-dir/MiniOzoneClusterImpl-257c3db4-a93f-4c6f-afa5-a7c4c1fab1a3/datanode-8/data/ratis/1de679fa-bc33-450d-93d9-a77b575ca011 does not exist. Creating ...
2019-10-16 06:01:07,219 [pool-57-thread-1] INFO  server.RaftServerConfigKeys (ConfUtils.java:logGet(43)) - raft.server.log.corruption.policy = EXCEPTION (default)
2019-10-16 06:01:07,219 [pool-57-thread-1] INFO  storage.RaftStorageDirectory (RaftStorageDirectory.java:analyzeStorage(246)) - The storage directory /workdir/hadoop-ozone/integration-test/target/test-dir/MiniOzoneClusterImpl-257c3db4-a93f-4c6f-afa5-a7c4c1fab1a3/datanode-3/data/ratis/1de679fa-bc33-450d-93d9-a77b575ca011 does not exist. Creating ...
2019-10-16 06:01:07,223 [grpc-default-executor-2] INFO  impl.RaftServerImpl (RaftServerImpl.java:setRole(184)) - 8c19deeb-317a-48b3-82a9-f18220a73035@group-2716D4593A72: changes role from  FOLLOWER to FOLLOWER at term 1 for recognizeCandidate:f57e9b24-e963-44a9-9a1d-af10325c0693
2019-10-16 06:01:07,223 [grpc-default-executor-0] INFO  impl.RaftServerImpl (RaftServerImpl.java:setRole(184)) - 312a2b1d-4089-408f-ae02-669a7707c04d@group-2716D4593A72: changes role from  FOLLOWER to FOLLOWER at term 1 for recognizeCandidate:f57e9b24-e963-44a9-9a1d-af10325c0693
2019-10-16 06:01:07,223 [grpc-default-executor-2] INFO  impl.RoleInfo (RoleInfo.java:shutdownFollowerState(121)) - 8c19deeb-317a-48b3-82a9-f18220a73035: shutdown FollowerState
2019-10-16 06:01:07,224 [grpc-default-executor-0] INFO  impl.RoleInfo (RoleInfo.java:shutdownFollowerState(121)) - 312a2b1d-4089-408f-ae02-669a7707c04d: shutdown FollowerState
2019-10-16 06:01:07,224 [Thread-343] INFO  impl.FollowerState (FollowerState.java:run(117)) - 8c19deeb-317a-48b3-82a9-f18220a73035@group-2716D4593A72-FollowerState was interrupted: java.lang.InterruptedException: sleep interrupted
2019-10-16 06:01:07,224 [grpc-default-executor-0] INFO  impl.RoleInfo (RoleInfo.java:updateAndGet(143)) - 312a2b1d-4089-408f-ae02-669a7707c04d: start FollowerState
2019-10-16 06:01:07,224 [grpc-default-executor-2] INFO  impl.RoleInfo (RoleInfo.java:updateAndGet(143)) - 8c19deeb-317a-48b3-82a9-f18220a73035: start FollowerState
2019-10-16 06:01:07,224 [Thread-338] INFO  impl.FollowerState (FollowerState.java:run(117)) - 312a2b1d-4089-408f-ae02-669a7707c04d@group-2716D4593A72-FollowerState was interrupted: java.lang.InterruptedException: sleep interrupted
2019-10-16 06:01:07,229 [pool-57-thread-1] INFO  storage.RaftStorageDirectory (RaftStorageDirectory.java:tryLock(328)) - Lock on /workdir/hadoop-ozone/integration-test/target/test-dir/MiniOzoneClusterImpl-257c3db4-a93f-4c6f-afa5-a7c4c1fab1a3/datanode-3/data/ratis/1de679fa-bc33-450d-93d9-a77b575ca011/in_use.lock acquired by nodename 7263@pr-hdds-2312-q6qzp-1535798719
2019-10-16 06:01:07,229 [pool-27-thread-1] INFO  storage.RaftStorageDirectory (RaftStorageDirectory.java:tryLock(328)) - Lock on /workdir/hadoop-ozone/integration-test/target/test-dir/MiniOzoneClusterImpl-257c3db4-a93f-4c6f-afa5-a7c4c1fab1a3/datanode-0/data/ratis/1de679fa-bc33-450d-93d9-a77b575ca011/in_use.lock acquired by nodename 7263@pr-hdds-2312-q6qzp-1535798719
2019-10-16 06:01:07,229 [f57e9b24-e963-44a9-9a1d-af10325c0693@group-2716D4593A72-LeaderElection11] INFO  impl.LeaderElection (LeaderElection.java:askForVotes(178)) - f57e9b24-e963-44a9-9a1d-af10325c0693@group-2716D4593A72-LeaderElection11: begin an election at term 2 for -1: [312a2b1d-4089-408f-ae02-669a7707c04d:192.168.69.104:33667, f57e9b24-e963-44a9-9a1d-af10325c0693:192.168.69.104:44592, 8c19deeb-317a-48b3-82a9-f18220a73035:192.168.69.104:45027], old=null
2019-10-16 06:01:07,229 [pool-107-thread-1] INFO  storage.RaftStorageDirectory (RaftStorageDirectory.java:tryLock(328)) - Lock on /workdir/hadoop-ozone/integration-test/target/test-dir/MiniOzoneClusterImpl-257c3db4-a93f-4c6f-afa5-a7c4c1fab1a3/datanode-8/data/ratis/1de679fa-bc33-450d-93d9-a77b575ca011/in_use.lock acquired by nodename 7263@pr-hdds-2312-q6qzp-1535798719
2019-10-16 06:01:07,263 [pool-57-thread-1] INFO  storage.RaftStorage (RaftStorage.java:format(84)) - Storage directory /workdir/hadoop-ozone/integration-test/target/test-dir/MiniOzoneClusterImpl-257c3db4-a93f-4c6f-afa5-a7c4c1fab1a3/datanode-3/data/ratis/1de679fa-bc33-450d-93d9-a77b575ca011 has been successfully formatted.
2019-10-16 06:01:07,263 [pool-27-thread-1] INFO  storage.RaftStorage (RaftStorage.java:format(84)) - Storage directory /workdir/hadoop-ozone/integration-test/target/test-dir/MiniOzoneClusterImpl-257c3db4-a93f-4c6f-afa5-a7c4c1fab1a3/datanode-0/data/ratis/1de679fa-bc33-450d-93d9-a77b575ca011 has been successfully formatted.
2019-10-16 06:01:07,263 [pool-57-thread-1] INFO  ratis.ContainerStateMachine (ContainerStateMachine.java:loadSnapshot(231)) - group-A77B575CA011: The snapshot info is null. Setting the last applied indexto:(t:0, i:~)
2019-10-16 06:01:07,267 [pool-27-thread-1] INFO  ratis.ContainerStateMachine (ContainerStateMachine.java:loadSnapshot(231)) - group-A77B575CA011: The snapshot info is null. Setting the last applied indexto:(t:0, i:~)
2019-10-16 06:01:07,263 [pool-107-thread-1] INFO  storage.RaftStorage (RaftStorage.java:format(84)) - Storage directory /workdir/hadoop-ozone/integration-test/target/test-dir/MiniOzoneClusterImpl-257c3db4-a93f-4c6f-afa5-a7c4c1fab1a3/datanode-8/data/ratis/1de679fa-bc33-450d-93d9-a77b575ca011 has been successfully formatted.
2019-10-16 06:01:07,267 [pool-27-thread-1] INFO  server.RaftServerConfigKeys (ConfUtils.java:logGet(43)) - raft.server.notification.no-leader.timeout = 120s (custom)
2019-10-16 06:01:07,267 [pool-57-thread-1] INFO  server.RaftServerConfigKeys (ConfUtils.java:logGet(43)) - raft.server.notification.no-leader.timeout = 120s (custom)
2019-10-16 06:01:07,268 [pool-107-thread-1] INFO  ratis.ContainerStateMachine (ContainerStateMachine.java:loadSnapshot(231)) - group-A77B575CA011: The snapshot info is null. Setting the last applied indexto:(t:0, i:~)
2019-10-16 06:01:07,268 [pool-27-thread-1] INFO  server.RaftServerConfigKeys (ConfUtils.java:logGet(43)) - raft.server.log.use.memory = false (default)
2019-10-16 06:01:07,268 [pool-107-thread-1] INFO  server.RaftServerConfigKeys (ConfUtils.java:logGet(43)) - raft.server.notification.no-leader.timeout = 120s (custom)
2019-10-16 06:01:07,268 [pool-57-thread-1] INFO  server.RaftServerConfigKeys (ConfUtils.java:logGet(43)) - raft.server.log.use.memory = false (default)
2019-10-16 06:01:07,268 [pool-107-thread-1] INFO  server.RaftServerConfigKeys (ConfUtils.java:logGet(43)) - raft.server.log.use.memory = false (default)
2019-10-16 06:01:07,268 [pool-27-thread-1] INFO  server.RaftServerConfigKeys (ConfUtils.java:logGet(43)) - raft.server.log.purge.gap = 1000000 (custom)
2019-10-16 06:01:07,269 [pool-107-thread-1] INFO  server.RaftServerConfigKeys (ConfUtils.java:logGet(43)) - raft.server.log.purge.gap = 1000000 (custom)
2019-10-16 06:01:07,269 [pool-57-thread-1] INFO  server.RaftServerConfigKeys (ConfUtils.java:logGet(43)) - raft.server.log.purge.gap = 1000000 (custom)
2019-10-16 06:01:07,269 [pool-107-thread-1] INFO  server.RaftServerConfigKeys (ConfUtils.java:logGet(43)) - raft.server.log.appender.buffer.byte-limit = 33554432 (custom)
2019-10-16 06:01:07,269 [pool-27-thread-1] INFO  server.RaftServerConfigKeys (ConfUtils.java:logGet(43)) - raft.server.log.appender.buffer.byte-limit = 33554432 (custom)
2019-10-16 06:01:07,269 [pool-107-thread-1] INFO  server.RaftServerConfigKeys (ConfUtils.java:logGet(43)) - raft.server.log.segment.size.max = 1048576 (custom)
2019-10-16 06:01:07,269 [grpc-default-executor-1] INFO  impl.RaftServerImpl (RaftServerImpl.java:setRole(184)) - 8c19deeb-317a-48b3-82a9-f18220a73035@group-2716D4593A72: changes role from  FOLLOWER to FOLLOWER at term 2 for recognizeCandidate:f57e9b24-e963-44a9-9a1d-af10325c0693
2019-10-16 06:01:07,269 [grpc-default-executor-3] INFO  impl.RaftServerImpl (RaftServerImpl.java:setRole(184)) - 312a2b1d-4089-408f-ae02-669a7707c04d@group-2716D4593A72: changes role from  FOLLOWER to FOLLOWER at term 2 for recognizeCandidate:f57e9b24-e963-44a9-9a1d-af10325c0693
2019-10-16 06:01:07,269 [pool-57-thread-1] INFO  server.RaftServerConfigKeys (ConfUtils.java:logGet(43)) - raft.server.log.appender.buffer.byte-limit = 33554432 (custom)
2019-10-16 06:01:07,270 [grpc-default-executor-3] INFO  impl.RoleInfo (RoleInfo.java:shutdownFollowerState(121)) - 312a2b1d-4089-408f-ae02-669a7707c04d: shutdown FollowerState
2019-10-16 06:01:07,270 [grpc-default-executor-1] INFO  impl.RoleInfo (RoleInfo.java:shutdownFollowerState(121)) - 8c19deeb-317a-48b3-82a9-f18220a73035: shutdown FollowerState
2019-10-16 06:01:07,270 [pool-107-thread-1] INFO  server.RaftServerConfigKeys (ConfUtils.java:logGet(43)) - raft.server.log.segment.cache.num.max = 2 (custom)
2019-10-16 06:01:07,270 [pool-27-thread-1] INFO  server.RaftServerConfigKeys (ConfUtils.java:logGet(43)) - raft.server.log.segment.size.max = 1048576 (custom)
2019-10-16 06:01:07,273 [pool-107-thread-1] INFO  segmented.SegmentedRaftLogWorker (SegmentedRaftLogWorker.java:<init>(173)) - new 4a4798ab-8917-4d71-b7ea-449ce36720dc@group-A77B575CA011-SegmentedRaftLogWorker for RaftStorage:Storage Directory /workdir/hadoop-ozone/integration-test/target/test-dir/MiniOzoneClusterImpl-257c3db4-a93f-4c6f-afa5-a7c4c1fab1a3/datanode-8/data/ratis/1de679fa-bc33-450d-93d9-a77b575ca011
2019-10-16 06:01:07,273 [grpc-default-executor-1] INFO  impl.RoleInfo (RoleInfo.java:updateAndGet(143)) - 8c19deeb-317a-48b3-82a9-f18220a73035: start FollowerState
2019-10-16 06:01:07,273 [Thread-349] INFO  impl.FollowerState (FollowerState.java:run(117)) - 8c19deeb-317a-48b3-82a9-f18220a73035@group-2716D4593A72-FollowerState was interrupted: java.lang.InterruptedException: sleep interrupted
2019-10-16 06:01:07,271 [Thread-350] INFO  impl.FollowerState (FollowerState.java:run(117)) - 312a2b1d-4089-408f-ae02-669a7707c04d@group-2716D4593A72-FollowerState was interrupted: java.lang.InterruptedException: sleep interrupted
2019-10-16 06:01:07,270 [grpc-default-executor-3] INFO  impl.RoleInfo (RoleInfo.java:updateAndGet(143)) - 312a2b1d-4089-408f-ae02-669a7707c04d: start FollowerState
2019-10-16 06:01:07,270 [pool-57-thread-1] INFO  server.RaftServerConfigKeys (ConfUtils.java:logGet(43)) - raft.server.log.segment.size.max = 1048576 (custom)
2019-10-16 06:01:07,287 [pool-107-thread-1] INFO  server.RaftServerConfigKeys (ConfUtils.java:logGet(43)) - raft.server.log.queue.byte-limit = 2147483647 (custom)
2019-10-16 06:01:07,285 [pool-27-thread-1] INFO  server.RaftServerConfigKeys (ConfUtils.java:logGet(43)) - raft.server.log.segment.cache.num.max = 2 (custom)
2019-10-16 06:01:07,295 [pool-107-thread-1] INFO  server.RaftServerConfigKeys (ConfUtils.java:logGet(43)) - raft.server.log.queue.element-limit = 1024 (custom)
2019-10-16 06:01:07,294 [pool-57-thread-1] INFO  server.RaftServerConfigKeys (ConfUtils.java:logGet(43)) - raft.server.log.segment.cache.num.max = 2 (custom)
2019-10-16 06:01:07,295 [pool-107-thread-1] INFO  server.RaftServerConfigKeys (ConfUtils.java:logGet(43)) - raft.server.log.segment.size.max = 1048576 (custom)
2019-10-16 06:01:07,295 [pool-27-thread-1] INFO  segmented.SegmentedRaftLogWorker (SegmentedRaftLogWorker.java:<init>(173)) - new 46286b1e-0911-4b60-930a-7d069b9f5ead@group-A77B575CA011-SegmentedRaftLogWorker for RaftStorage:Storage Directory /workdir/hadoop-ozone/integration-test/target/test-dir/MiniOzoneClusterImpl-257c3db4-a93f-4c6f-afa5-a7c4c1fab1a3/datanode-0/data/ratis/1de679fa-bc33-450d-93d9-a77b575ca011
2019-10-16 06:01:07,295 [pool-107-thread-1] INFO  server.RaftServerConfigKeys (ConfUtils.java:logGet(43)) - raft.server.log.preallocated.size = 16384 (custom)
2019-10-16 06:01:07,295 [pool-57-thread-1] INFO  segmented.SegmentedRaftLogWorker (SegmentedRaftLogWorker.java:<init>(173)) - new d1fdf168-58cb-444a-97ca-5abcdb1babef@group-A77B575CA011-SegmentedRaftLogWorker for RaftStorage:Storage Directory /workdir/hadoop-ozone/integration-test/target/test-dir/MiniOzoneClusterImpl-257c3db4-a93f-4c6f-afa5-a7c4c1fab1a3/datanode-3/data/ratis/1de679fa-bc33-450d-93d9-a77b575ca011
2019-10-16 06:01:07,296 [pool-107-thread-1] INFO  server.RaftServerConfigKeys (ConfUtils.java:logGet(43)) - raft.server.log.write.buffer.size = 33554432 (custom)
2019-10-16 06:01:07,295 [pool-27-thread-1] INFO  server.RaftServerConfigKeys (ConfUtils.java:logGet(43)) - raft.server.log.queue.byte-limit = 2147483647 (custom)
2019-10-16 06:01:07,296 [pool-107-thread-1] INFO  server.RaftServerConfigKeys (ConfUtils.java:logGet(43)) - raft.server.log.force.sync.num = 128 (default)
2019-10-16 06:01:07,296 [pool-107-thread-1] INFO  server.RaftServerConfigKeys (ConfUtils.java:logGet(43)) - raft.server.log.statemachine.data.sync = true (default)
2019-10-16 06:01:07,296 [pool-57-thread-1] INFO  server.RaftServerConfigKeys (ConfUtils.java:logGet(43)) - raft.server.log.queue.byte-limit = 2147483647 (custom)
2019-10-16 06:01:07,296 [pool-107-thread-1] INFO  server.RaftServerConfigKeys (ConfUtils.java:logGet(43)) - raft.server.log.statemachine.data.sync.timeout = 10s (default)
2019-10-16 06:01:07,296 [pool-27-thread-1] INFO  server.RaftServerConfigKeys (ConfUtils.java:logGet(43)) - raft.server.log.queue.element-limit = 1024 (custom)
2019-10-16 06:01:07,297 [pool-107-thread-1] INFO  server.RaftServerConfigKeys (ConfUtils.java:logGet(43)) - raft.server.log.statemachine.data.sync.timeout.retry = -1 (default)
2019-10-16 06:01:07,297 [pool-57-thread-1] INFO  server.RaftServerConfigKeys (ConfUtils.java:logGet(43)) - raft.server.log.queue.element-limit = 1024 (custom)
2019-10-16 06:01:07,297 [pool-107-thread-1] INFO  server.RaftServerConfigKeys (ConfUtils.java:logGet(43)) - raft.server.log.statemachine.data.caching.enabled = true (custom)
2019-10-16 06:01:07,297 [pool-27-thread-1] INFO  server.RaftServerConfigKeys (ConfUtils.java:logGet(43)) - raft.server.log.segment.size.max = 1048576 (custom)
2019-10-16 06:01:07,297 [pool-57-thread-1] INFO  server.RaftServerConfigKeys (ConfUtils.java:logGet(43)) - raft.server.log.segment.size.max = 1048576 (custom)
2019-10-16 06:01:07,298 [pool-107-thread-1] INFO  segmented.SegmentedRaftLogWorker (SegmentedRaftLogWorker.java:lambda$new$0(128)) - 4a4798ab-8917-4d71-b7ea-449ce36720dc@group-A77B575CA011-SegmentedRaftLogWorker: flushIndex: setUnconditionally 0 -> -1
2019-10-16 06:01:07,297 [pool-27-thread-1] INFO  server.RaftServerConfigKeys (ConfUtils.java:logGet(43)) - raft.server.log.preallocated.size = 16384 (custom)
2019-10-16 06:01:07,298 [pool-57-thread-1] INFO  server.RaftServerConfigKeys (ConfUtils.java:logGet(43)) - raft.server.log.preallocated.size = 16384 (custom)
2019-10-16 06:01:07,298 [pool-107-thread-1] INFO  server.RaftServerConfigKeys (ConfUtils.java:logGet(43)) - raft.server.snapshot.auto.trigger.enabled = true (custom)
2019-10-16 06:01:07,298 [pool-107-thread-1] INFO  server.RaftServerConfigKeys (ConfUtils.java:logGet(43)) - raft.server.snapshot.auto.trigger.threshold = 10000 (custom)
2019-10-16 06:01:07,298 [pool-27-thread-1] INFO  server.RaftServerConfigKeys (ConfUtils.java:logGet(43)) - raft.server.log.write.buffer.size = 33554432 (custom)
2019-10-16 06:01:07,298 [pool-107-thread-1] INFO  server.RaftServerConfigKeys (ConfUtils.java:logGet(43)) - raft.server.snapshot.retention.file.num = 5 (custom)
2019-10-16 06:01:07,298 [pool-57-thread-1] INFO  server.RaftServerConfigKeys (ConfUtils.java:logGet(43)) - raft.server.log.write.buffer.size = 33554432 (custom)
2019-10-16 06:01:07,299 [pool-107-thread-1] INFO  server.RaftServerConfigKeys (ConfUtils.java:logGet(43)) - raft.server.retrycache.expirytime = 600000ms (custom)
2019-10-16 06:01:07,299 [pool-27-thread-1] INFO  server.RaftServerConfigKeys (ConfUtils.java:logGet(43)) - raft.server.log.force.sync.num = 128 (default)
2019-10-16 06:01:07,299 [pool-57-thread-1] INFO  server.RaftServerConfigKeys (ConfUtils.java:logGet(43)) - raft.server.log.force.sync.num = 128 (default)
2019-10-16 06:01:07,299 [pool-27-thread-1] INFO  server.RaftServerConfigKeys (ConfUtils.java:logGet(43)) - raft.server.log.statemachine.data.sync = true (default)
2019-10-16 06:01:07,299 [pool-57-thread-1] INFO  server.RaftServerConfigKeys (ConfUtils.java:logGet(43)) - raft.server.log.statemachine.data.sync = true (default)
2019-10-16 06:01:07,300 [pool-27-thread-1] INFO  server.RaftServerConfigKeys (ConfUtils.java:logGet(43)) - raft.server.log.statemachine.data.sync.timeout = 10s (default)
2019-10-16 06:01:07,300 [pool-57-thread-1] INFO  server.RaftServerConfigKeys (ConfUtils.java:logGet(43)) - raft.server.log.statemachine.data.sync.timeout = 10s (default)
2019-10-16 06:01:07,300 [pool-27-thread-1] INFO  server.RaftServerConfigKeys (ConfUtils.java:logGet(43)) - raft.server.log.statemachine.data.sync.timeout.retry = -1 (default)
2019-10-16 06:01:07,300 [pool-57-thread-1] INFO  server.RaftServerConfigKeys (ConfUtils.java:logGet(43)) - raft.server.log.statemachine.data.sync.timeout.retry = -1 (default)
2019-10-16 06:01:07,300 [pool-27-thread-1] INFO  server.RaftServerConfigKeys (ConfUtils.java:logGet(43)) - raft.server.log.statemachine.data.caching.enabled = true (custom)
2019-10-16 06:01:07,300 [pool-57-thread-1] INFO  server.RaftServerConfigKeys (ConfUtils.java:logGet(43)) - raft.server.log.statemachine.data.caching.enabled = true (custom)
2019-10-16 06:01:07,301 [pool-27-thread-1] INFO  segmented.SegmentedRaftLogWorker (SegmentedRaftLogWorker.java:lambda$new$0(128)) - 46286b1e-0911-4b60-930a-7d069b9f5ead@group-A77B575CA011-SegmentedRaftLogWorker: flushIndex: setUnconditionally 0 -> -1
2019-10-16 06:01:07,301 [pool-57-thread-1] INFO  segmented.SegmentedRaftLogWorker (SegmentedRaftLogWorker.java:lambda$new$0(128)) - d1fdf168-58cb-444a-97ca-5abcdb1babef@group-A77B575CA011-SegmentedRaftLogWorker: flushIndex: setUnconditionally 0 -> -1
2019-10-16 06:01:07,301 [pool-27-thread-1] INFO  server.RaftServerConfigKeys (ConfUtils.java:logGet(43)) - raft.server.snapshot.auto.trigger.enabled = true (custom)
2019-10-16 06:01:07,302 [pool-57-thread-1] INFO  server.RaftServerConfigKeys (ConfUtils.java:logGet(43)) - raft.server.snapshot.auto.trigger.enabled = true (custom)
2019-10-16 06:01:07,302 [pool-27-thread-1] INFO  server.RaftServerConfigKeys (ConfUtils.java:logGet(43)) - raft.server.snapshot.auto.trigger.threshold = 10000 (custom)
2019-10-16 06:01:07,302 [pool-57-thread-1] INFO  server.RaftServerConfigKeys (ConfUtils.java:logGet(43)) - raft.server.snapshot.auto.trigger.threshold = 10000 (custom)
2019-10-16 06:01:07,302 [pool-107-thread-1] INFO  impl.RaftServerImpl (RaftServerImpl.java:start(195)) - 4a4798ab-8917-4d71-b7ea-449ce36720dc@group-A77B575CA011: start as a follower, conf=-1: [46286b1e-0911-4b60-930a-7d069b9f5ead:192.168.69.104:35014, 4a4798ab-8917-4d71-b7ea-449ce36720dc:192.168.69.104:41062, d1fdf168-58cb-444a-97ca-5abcdb1babef:192.168.69.104:44847], old=null
2019-10-16 06:01:07,302 [pool-27-thread-1] INFO  server.RaftServerConfigKeys (ConfUtils.java:logGet(43)) - raft.server.snapshot.retention.file.num = 5 (custom)
2019-10-16 06:01:07,302 [pool-107-thread-1] INFO  impl.RaftServerImpl (RaftServerImpl.java:setRole(184)) - 4a4798ab-8917-4d71-b7ea-449ce36720dc@group-A77B575CA011: changes role from      null to FOLLOWER at term 0 for startAsFollower
2019-10-16 06:01:07,302 [pool-57-thread-1] INFO  server.RaftServerConfigKeys (ConfUtils.java:logGet(43)) - raft.server.snapshot.retention.file.num = 5 (custom)
2019-10-16 06:01:07,302 [pool-107-thread-1] INFO  impl.RoleInfo (RoleInfo.java:updateAndGet(143)) - 4a4798ab-8917-4d71-b7ea-449ce36720dc: start FollowerState
2019-10-16 06:01:07,303 [pool-57-thread-1] INFO  server.RaftServerConfigKeys (ConfUtils.java:logGet(43)) - raft.server.retrycache.expirytime = 600000ms (custom)
2019-10-16 06:01:07,302 [pool-27-thread-1] INFO  server.RaftServerConfigKeys (ConfUtils.java:logGet(43)) - raft.server.retrycache.expirytime = 600000ms (custom)
2019-10-16 06:01:07,303 [pool-107-thread-1] INFO  util.JmxRegister (JmxRegister.java:tryRegister(44)) - Successfully registered JMX Bean with object name Ratis:service=RaftServer,group=group-A77B575CA011,id=4a4798ab-8917-4d71-b7ea-449ce36720dc
2019-10-16 06:01:07,307 [pool-57-thread-1] INFO  impl.RaftServerImpl (RaftServerImpl.java:start(195)) - d1fdf168-58cb-444a-97ca-5abcdb1babef@group-A77B575CA011: start as a follower, conf=-1: [46286b1e-0911-4b60-930a-7d069b9f5ead:192.168.69.104:35014, 4a4798ab-8917-4d71-b7ea-449ce36720dc:192.168.69.104:41062, d1fdf168-58cb-444a-97ca-5abcdb1babef:192.168.69.104:44847], old=null
2019-10-16 06:01:07,307 [pool-57-thread-1] INFO  impl.RaftServerImpl (RaftServerImpl.java:setRole(184)) - d1fdf168-58cb-444a-97ca-5abcdb1babef@group-A77B575CA011: changes role from      null to FOLLOWER at term 0 for startAsFollower
2019-10-16 06:01:07,308 [pool-57-thread-1] INFO  impl.RoleInfo (RoleInfo.java:updateAndGet(143)) - d1fdf168-58cb-444a-97ca-5abcdb1babef: start FollowerState
2019-10-16 06:01:07,308 [pool-57-thread-1] INFO  util.JmxRegister (JmxRegister.java:tryRegister(44)) - Successfully registered JMX Bean with object name Ratis:service=RaftServer,group=group-A77B575CA011,id=d1fdf168-58cb-444a-97ca-5abcdb1babef
2019-10-16 06:01:07,308 [Thread-353] INFO  impl.FollowerState (FollowerState.java:run(108)) - 312a2b1d-4089-408f-ae02-669a7707c04d@group-2716D4593A72-FollowerState: change to CANDIDATE, lastRpcTime:37ms, electionTimeout:6ms
2019-10-16 06:01:07,308 [Thread-353] INFO  impl.RoleInfo (RoleInfo.java:shutdownFollowerState(121)) - 312a2b1d-4089-408f-ae02-669a7707c04d: shutdown FollowerState
2019-10-16 06:01:07,309 [Thread-353] INFO  impl.RaftServerImpl (RaftServerImpl.java:setRole(184)) - 312a2b1d-4089-408f-ae02-669a7707c04d@group-2716D4593A72: changes role from  FOLLOWER to CANDIDATE at term 2 for changeToCandidate
2019-10-16 06:01:07,309 [Thread-353] INFO  impl.RoleInfo (RoleInfo.java:updateAndGet(143)) - 312a2b1d-4089-408f-ae02-669a7707c04d: start LeaderElection
2019-10-16 06:01:07,315 [pool-27-thread-1] INFO  impl.RaftServerImpl (RaftServerImpl.java:start(195)) - 46286b1e-0911-4b60-930a-7d069b9f5ead@group-A77B575CA011: start as a follower, conf=-1: [46286b1e-0911-4b60-930a-7d069b9f5ead:192.168.69.104:35014, 4a4798ab-8917-4d71-b7ea-449ce36720dc:192.168.69.104:41062, d1fdf168-58cb-444a-97ca-5abcdb1babef:192.168.69.104:44847], old=null
2019-10-16 06:01:07,315 [pool-27-thread-1] INFO  impl.RaftServerImpl (RaftServerImpl.java:setRole(184)) - 46286b1e-0911-4b60-930a-7d069b9f5ead@group-A77B575CA011: changes role from      null to FOLLOWER at term 0 for startAsFollower
2019-10-16 06:01:07,315 [f57e9b24-e963-44a9-9a1d-af10325c0693@group-2716D4593A72-LeaderElection11] INFO  impl.LeaderElection (LeaderElection.java:logAndReturn(56)) - f57e9b24-e963-44a9-9a1d-af10325c0693@group-2716D4593A72-LeaderElection11: Election PASSED; received 1 response(s) [f57e9b24-e963-44a9-9a1d-af10325c0693<-312a2b1d-4089-408f-ae02-669a7707c04d#0:OK-t2] and 0 exception(s); f57e9b24-e963-44a9-9a1d-af10325c0693@group-2716D4593A72:t2, leader=null, voted=f57e9b24-e963-44a9-9a1d-af10325c0693, raftlog=f57e9b24-e963-44a9-9a1d-af10325c0693@group-2716D4593A72-SegmentedRaftLog:OPENED:c-1,f-1,i0, conf=-1: [312a2b1d-4089-408f-ae02-669a7707c04d:192.168.69.104:33667, f57e9b24-e963-44a9-9a1d-af10325c0693:192.168.69.104:44592, 8c19deeb-317a-48b3-82a9-f18220a73035:192.168.69.104:45027], old=null
2019-10-16 06:01:07,315 [pool-27-thread-1] INFO  impl.RoleInfo (RoleInfo.java:updateAndGet(143)) - 46286b1e-0911-4b60-930a-7d069b9f5ead: start FollowerState
2019-10-16 06:01:07,315 [f57e9b24-e963-44a9-9a1d-af10325c0693@group-2716D4593A72-LeaderElection11] INFO  impl.RoleInfo (RoleInfo.java:shutdownLeaderElection(134)) - f57e9b24-e963-44a9-9a1d-af10325c0693: shutdown LeaderElection
2019-10-16 06:01:07,320 [f57e9b24-e963-44a9-9a1d-af10325c0693@group-2716D4593A72-LeaderElection11] INFO  impl.RaftServerImpl (RaftServerImpl.java:setRole(184)) - f57e9b24-e963-44a9-9a1d-af10325c0693@group-2716D4593A72: changes role from CANDIDATE to LEADER at term 2 for changeToLeader
2019-10-16 06:01:07,322 [pool-27-thread-1] INFO  util.JmxRegister (JmxRegister.java:tryRegister(44)) - Successfully registered JMX Bean with object name Ratis:service=RaftServer,group=group-A77B575CA011,id=46286b1e-0911-4b60-930a-7d069b9f5ead
2019-10-16 06:01:07,322 [f57e9b24-e963-44a9-9a1d-af10325c0693@group-2716D4593A72-LeaderElection11] INFO  impl.RaftServerImpl (ServerState.java:setLeader(256)) - f57e9b24-e963-44a9-9a1d-af10325c0693@group-2716D4593A72: change Leader from null to f57e9b24-e963-44a9-9a1d-af10325c0693 at term 2 for becomeLeader, leader elected after 203ms
2019-10-16 06:01:07,323 [f57e9b24-e963-44a9-9a1d-af10325c0693@group-2716D4593A72-LeaderElection11] INFO  server.RaftServerConfigKeys (ConfUtils.java:logGet(43)) - raft.server.staging.catchup.gap = 1000 (default)
2019-10-16 06:01:07,323 [f57e9b24-e963-44a9-9a1d-af10325c0693@group-2716D4593A72-LeaderElection11] INFO  server.RaftServerConfigKeys (ConfUtils.java:logGet(43)) - raft.server.rpc.sleep.time = 25ms (default)
2019-10-16 06:01:07,323 [f57e9b24-e963-44a9-9a1d-af10325c0693@group-2716D4593A72-LeaderElection11] INFO  server.RaftServerConfigKeys (ConfUtils.java:logGet(43)) - raft.server.write.element-limit = 4096 (default)
2019-10-16 06:01:07,323 [f57e9b24-e963-44a9-9a1d-af10325c0693@group-2716D4593A72-LeaderElection11] INFO  server.RaftServerConfigKeys (ConfUtils.java:logGet(43)) - raft.server.watch.timeout = 10s (default)
2019-10-16 06:01:07,323 [f57e9b24-e963-44a9-9a1d-af10325c0693@group-2716D4593A72-LeaderElection11] INFO  server.RaftServerConfigKeys (ConfUtils.java:logGet(43)) - raft.server.watch.timeout.denomination = 1s (default)
2019-10-16 06:01:07,323 [f57e9b24-e963-44a9-9a1d-af10325c0693@group-2716D4593A72-LeaderElection11] INFO  server.RaftServerConfigKeys (ConfUtils.java:logGet(43)) - raft.server.watch.element-limit = 65536 (default)
2019-10-16 06:01:07,327 [312a2b1d-4089-408f-ae02-669a7707c04d@group-2716D4593A72-LeaderElection12] INFO  impl.LeaderElection (LeaderElection.java:askForVotes(178)) - 312a2b1d-4089-408f-ae02-669a7707c04d@group-2716D4593A72-LeaderElection12: begin an election at term 3 for -1: [312a2b1d-4089-408f-ae02-669a7707c04d:192.168.69.104:33667, f57e9b24-e963-44a9-9a1d-af10325c0693:192.168.69.104:44592, 8c19deeb-317a-48b3-82a9-f18220a73035:192.168.69.104:45027], old=null
2019-10-16 06:01:07,348 [Thread-362] INFO  impl.FollowerState (FollowerState.java:run(108)) - 46286b1e-0911-4b60-930a-7d069b9f5ead@group-A77B575CA011-FollowerState: change to CANDIDATE, lastRpcTime:32ms, electionTimeout:24ms
2019-10-16 06:01:07,352 [Thread-362] INFO  impl.RoleInfo (RoleInfo.java:shutdownFollowerState(121)) - 46286b1e-0911-4b60-930a-7d069b9f5ead: shutdown FollowerState
2019-10-16 06:01:07,352 [Thread-362] INFO  impl.RaftServerImpl (RaftServerImpl.java:setRole(184)) - 46286b1e-0911-4b60-930a-7d069b9f5ead@group-A77B575CA011: changes role from  FOLLOWER to CANDIDATE at term 0 for changeToCandidate
2019-10-16 06:01:07,352 [f57e9b24-e963-44a9-9a1d-af10325c0693@group-2716D4593A72-LeaderElection11] INFO  server.RaftServerConfigKeys (ConfUtils.java:logGet(43)) - raft.server.log.appender.snapshot.chunk.size.max = 16MB (=16777216) (default)
2019-10-16 06:01:07,353 [Thread-362] INFO  impl.RoleInfo (RoleInfo.java:updateAndGet(143)) - 46286b1e-0911-4b60-930a-7d069b9f5ead: start LeaderElection
2019-10-16 06:01:07,353 [f57e9b24-e963-44a9-9a1d-af10325c0693@group-2716D4593A72-LeaderElection11] INFO  server.RaftServerConfigKeys (ConfUtils.java:logGet(43)) - raft.server.log.appender.buffer.byte-limit = 33554432 (custom)
2019-10-16 06:01:07,361 [f57e9b24-e963-44a9-9a1d-af10325c0693@group-2716D4593A72-LeaderElection11] INFO  server.RaftServerConfigKeys (ConfUtils.java:logGet(43)) - raft.server.log.appender.buffer.element-limit = 1 (custom)
2019-10-16 06:01:07,362 [RatisPipelineUtilsThread] INFO  pipeline.PipelineStateManager (PipelineStateManager.java:addPipeline(56)) - Created pipeline Pipeline[ Id: 1de679fa-bc33-450d-93d9-a77b575ca011, Nodes: d1fdf168-58cb-444a-97ca-5abcdb1babef{ip: 192.168.69.104, host: pr-hdds-2312-q6qzp-1535798719, networkLocation: /default-rack, certSerialId: null}4a4798ab-8917-4d71-b7ea-449ce36720dc{ip: 192.168.69.104, host: pr-hdds-2312-q6qzp-1535798719, networkLocation: /default-rack, certSerialId: null}46286b1e-0911-4b60-930a-7d069b9f5ead{ip: 192.168.69.104, host: pr-hdds-2312-q6qzp-1535798719, networkLocation: /default-rack, certSerialId: null}, Type:RATIS, Factor:THREE, State:OPEN]
2019-10-16 06:01:07,367 [grpc-default-executor-3] INFO  impl.RaftServerImpl (RaftServerImpl.java:setRole(184)) - 8c19deeb-317a-48b3-82a9-f18220a73035@group-2716D4593A72: changes role from  FOLLOWER to FOLLOWER at term 3 for recognizeCandidate:312a2b1d-4089-408f-ae02-669a7707c04d
2019-10-16 06:01:07,367 [grpc-default-executor-3] INFO  impl.RoleInfo (RoleInfo.java:shutdownFollowerState(121)) - 8c19deeb-317a-48b3-82a9-f18220a73035: shutdown FollowerState
2019-10-16 06:01:07,368 [grpc-default-executor-3] INFO  impl.RoleInfo (RoleInfo.java:updateAndGet(143)) - 8c19deeb-317a-48b3-82a9-f18220a73035: start FollowerState
2019-10-16 06:01:07,368 [Thread-354] INFO  impl.FollowerState (FollowerState.java:run(117)) - 8c19deeb-317a-48b3-82a9-f18220a73035@group-2716D4593A72-FollowerState was interrupted: java.lang.InterruptedException: sleep interrupted
2019-10-16 06:01:07,371 [f57e9b24-e963-44a9-9a1d-af10325c0693@group-2716D4593A72-LeaderElection11] INFO  grpc.GrpcConfigKeys$Server (ConfUtils.java:logGet(43)) - raft.grpc.server.leader.outstanding.appends.max = 128 (default)
2019-10-16 06:01:07,373 [f57e9b24-e963-44a9-9a1d-af10325c0693@group-2716D4593A72-LeaderElection11] INFO  server.RaftServerConfigKeys (ConfUtils.java:logGet(43)) - raft.server.rpc.request.timeout = 3000ms (default)
2019-10-16 06:01:07,378 [46286b1e-0911-4b60-930a-7d069b9f5ead@group-A77B575CA011-LeaderElection13] INFO  impl.LeaderElection (LeaderElection.java:askForVotes(178)) - 46286b1e-0911-4b60-930a-7d069b9f5ead@group-A77B575CA011-LeaderElection13: begin an election at term 1 for -1: [46286b1e-0911-4b60-930a-7d069b9f5ead:192.168.69.104:35014, 4a4798ab-8917-4d71-b7ea-449ce36720dc:192.168.69.104:41062, d1fdf168-58cb-444a-97ca-5abcdb1babef:192.168.69.104:44847], old=null
2019-10-16 06:01:07,379 [f57e9b24-e963-44a9-9a1d-af10325c0693@group-2716D4593A72-LeaderElection11] INFO  server.RaftServerConfigKeys (ConfUtils.java:logGet(43)) - raft.server.log.appender.install.snapshot.enabled = false (custom)
2019-10-16 06:01:07,392 [Thread-359] INFO  impl.FollowerState (FollowerState.java:run(108)) - d1fdf168-58cb-444a-97ca-5abcdb1babef@group-A77B575CA011-FollowerState: change to CANDIDATE, lastRpcTime:84ms, electionTimeout:84ms
2019-10-16 06:01:07,393 [Thread-359] INFO  impl.RoleInfo (RoleInfo.java:shutdownFollowerState(121)) - d1fdf168-58cb-444a-97ca-5abcdb1babef: shutdown FollowerState
2019-10-16 06:01:07,393 [f57e9b24-e963-44a9-9a1d-af10325c0693@group-2716D4593A72-LeaderElection11] INFO  server.RaftServerConfigKeys (ConfUtils.java:logGet(43)) - raft.server.log.appender.snapshot.chunk.size.max = 16MB (=16777216) (default)
2019-10-16 06:01:07,393 [grpc-default-executor-2] INFO  impl.RaftServerProxy (RaftServerProxy.java:addNew(89)) - 33262cc1-fa76-4c5f-8480-ecaaaa59e1c3: addNew group-D291069948D7:[7e1ad21a-3198-4af5-880c-f1c096872e7a:192.168.69.104:36957, 33262cc1-fa76-4c5f-8480-ecaaaa59e1c3:192.168.69.104:35873, f4df195b-7a0f-45aa-bcc4-04d0d9ee9376:192.168.69.104:37704] returns group-D291069948D7:java.util.concurrent.CompletableFuture@1919d7a7[Not completed]
2019-10-16 06:01:07,393 [Thread-359] INFO  impl.RaftServerImpl (RaftServerImpl.java:setRole(184)) - d1fdf168-58cb-444a-97ca-5abcdb1babef@group-A77B575CA011: changes role from  FOLLOWER to CANDIDATE at term 0 for changeToCandidate
2019-10-16 06:01:07,393 [f57e9b24-e963-44a9-9a1d-af10325c0693@group-2716D4593A72-LeaderElection11] INFO  server.RaftServerConfigKeys (ConfUtils.java:logGet(43)) - raft.server.log.appender.buffer.byte-limit = 33554432 (custom)
2019-10-16 06:01:07,393 [f57e9b24-e963-44a9-9a1d-af10325c0693@group-2716D4593A72-LeaderElection11] INFO  server.RaftServerConfigKeys (ConfUtils.java:logGet(43)) - raft.server.log.appender.buffer.element-limit = 1 (custom)
2019-10-16 06:01:07,396 [Thread-359] INFO  impl.RoleInfo (RoleInfo.java:updateAndGet(143)) - d1fdf168-58cb-444a-97ca-5abcdb1babef: start LeaderElection
2019-10-16 06:01:07,396 [f57e9b24-e963-44a9-9a1d-af10325c0693@group-2716D4593A72-LeaderElection11] INFO  grpc.GrpcConfigKeys$Server (ConfUtils.java:logGet(43)) - raft.grpc.server.leader.outstanding.appends.max = 128 (default)
2019-10-16 06:01:07,396 [grpc-default-executor-2] INFO  impl.RaftServerProxy (RaftServerProxy.java:addNew(89)) - f4df195b-7a0f-45aa-bcc4-04d0d9ee9376: addNew group-D291069948D7:[7e1ad21a-3198-4af5-880c-f1c096872e7a:192.168.69.104:36957, 33262cc1-fa76-4c5f-8480-ecaaaa59e1c3:192.168.69.104:35873, f4df195b-7a0f-45aa-bcc4-04d0d9ee9376:192.168.69.104:37704] returns group-D291069948D7:java.util.concurrent.CompletableFuture@79e67174[Not completed]
2019-10-16 06:01:07,396 [f57e9b24-e963-44a9-9a1d-af10325c0693@group-2716D4593A72-LeaderElection11] INFO  server.RaftServerConfigKeys (ConfUtils.java:logGet(43)) - raft.server.rpc.request.timeout = 3000ms (default)
2019-10-16 06:01:07,401 [Thread-357] INFO  impl.FollowerState (FollowerState.java:run(108)) - 4a4798ab-8917-4d71-b7ea-449ce36720dc@group-A77B575CA011-FollowerState: change to CANDIDATE, lastRpcTime:98ms, electionTimeout:97ms
2019-10-16 06:01:07,403 [f57e9b24-e963-44a9-9a1d-af10325c0693@group-2716D4593A72-LeaderElection11] INFO  server.RaftServerConfigKeys (ConfUtils.java:logGet(43)) - raft.server.log.appender.install.snapshot.enabled = false (custom)
2019-10-16 06:01:07,403 [pool-47-thread-1] INFO  impl.RaftServerImpl (RaftServerImpl.java:<init>(104)) - 33262cc1-fa76-4c5f-8480-ecaaaa59e1c3: new RaftServerImpl for group-D291069948D7:[7e1ad21a-3198-4af5-880c-f1c096872e7a:192.168.69.104:36957, 33262cc1-fa76-4c5f-8480-ecaaaa59e1c3:192.168.69.104:35873, f4df195b-7a0f-45aa-bcc4-04d0d9ee9376:192.168.69.104:37704] with ContainerStateMachine:uninitialized
2019-10-16 06:01:07,403 [Thread-357] INFO  impl.RoleInfo (RoleInfo.java:shutdownFollowerState(121)) - 4a4798ab-8917-4d71-b7ea-449ce36720dc: shutdown FollowerState
2019-10-16 06:01:07,404 [pool-47-thread-1] INFO  server.RaftServerConfigKeys (ConfUtils.java:logGet(43)) - raft.server.rpc.timeout.min = 5s (custom)
2019-10-16 06:01:07,406 [Thread-357] INFO  impl.RaftServerImpl (RaftServerImpl.java:setRole(184)) - 4a4798ab-8917-4d71-b7ea-449ce36720dc@group-A77B575CA011: changes role from  FOLLOWER to CANDIDATE at term 0 for changeToCandidate
2019-10-16 06:01:07,406 [grpc-default-executor-0] INFO  impl.RaftServerProxy (RaftServerProxy.java:addNew(89)) - 7e1ad21a-3198-4af5-880c-f1c096872e7a: addNew group-D291069948D7:[7e1ad21a-3198-4af5-880c-f1c096872e7a:192.168.69.104:36957, 33262cc1-fa76-4c5f-8480-ecaaaa59e1c3:192.168.69.104:35873, f4df195b-7a0f-45aa-bcc4-04d0d9ee9376:192.168.69.104:37704] returns group-D291069948D7:java.util.concurrent.CompletableFuture@55d0bd28[Not completed]
2019-10-16 06:01:07,406 [Thread-357] INFO  impl.RoleInfo (RoleInfo.java:updateAndGet(143)) - 4a4798ab-8917-4d71-b7ea-449ce36720dc: start LeaderElection
2019-10-16 06:01:07,406 [pool-47-thread-1] INFO  server.RaftServerConfigKeys (ConfUtils.java:logGet(43)) - raft.server.rpc.timeout.max = 5200ms (custom)
2019-10-16 06:01:07,406 [pool-37-thread-1] INFO  impl.RaftServerImpl (RaftServerImpl.java:<init>(104)) - f4df195b-7a0f-45aa-bcc4-04d0d9ee9376: new RaftServerImpl for group-D291069948D7:[7e1ad21a-3198-4af5-880c-f1c096872e7a:192.168.69.104:36957, 33262cc1-fa76-4c5f-8480-ecaaaa59e1c3:192.168.69.104:35873, f4df195b-7a0f-45aa-bcc4-04d0d9ee9376:192.168.69.104:37704] with ContainerStateMachine:uninitialized
2019-10-16 06:01:07,406 [pool-47-thread-1] INFO  server.RaftServerConfigKeys (ConfUtils.java:logGet(43)) - raft.server.rpcslowness.timeout = 120s (custom)
2019-10-16 06:01:07,417 [312a2b1d-4089-408f-ae02-669a7707c04d@group-2716D4593A72-LeaderElection12] INFO  impl.LeaderElection (LeaderElection.java:logAndReturn(56)) - 312a2b1d-4089-408f-ae02-669a7707c04d@group-2716D4593A72-LeaderElection12: Election PASSED; received 1 response(s) [312a2b1d-4089-408f-ae02-669a7707c04d<-8c19deeb-317a-48b3-82a9-f18220a73035#0:OK-t3] and 0 exception(s); 312a2b1d-4089-408f-ae02-669a7707c04d@group-2716D4593A72:t3, leader=null, voted=312a2b1d-4089-408f-ae02-669a7707c04d, raftlog=312a2b1d-4089-408f-ae02-669a7707c04d@group-2716D4593A72-SegmentedRaftLog:OPENED:c-1,f-1,i0, conf=-1: [312a2b1d-4089-408f-ae02-669a7707c04d:192.168.69.104:33667, f57e9b24-e963-44a9-9a1d-af10325c0693:192.168.69.104:44592, 8c19deeb-317a-48b3-82a9-f18220a73035:192.168.69.104:45027], old=null
2019-10-16 06:01:07,417 [d1fdf168-58cb-444a-97ca-5abcdb1babef@group-A77B575CA011-LeaderElection14] INFO  impl.LeaderElection (LeaderElection.java:askForVotes(178)) - d1fdf168-58cb-444a-97ca-5abcdb1babef@group-A77B575CA011-LeaderElection14: begin an election at term 1 for -1: [46286b1e-0911-4b60-930a-7d069b9f5ead:192.168.69.104:35014, 4a4798ab-8917-4d71-b7ea-449ce36720dc:192.168.69.104:41062, d1fdf168-58cb-444a-97ca-5abcdb1babef:192.168.69.104:44847], old=null
2019-10-16 06:01:07,417 [pool-47-thread-1] INFO  server.RaftServerConfigKeys (ConfUtils.java:logGet(43)) - raft.server.sleep.deviation.threshold = 300 (default)
2019-10-16 06:01:07,419 [pool-47-thread-1] INFO  server.RaftServerConfigKeys (ConfUtils.java:logGet(43)) - raft.server.log.appender.install.snapshot.enabled = false (custom)
2019-10-16 06:01:07,417 [pool-37-thread-1] INFO  server.RaftServerConfigKeys (ConfUtils.java:logGet(43)) - raft.server.rpc.timeout.min = 5s (custom)
2019-10-16 06:01:07,417 [312a2b1d-4089-408f-ae02-669a7707c04d@group-2716D4593A72-LeaderElection12] INFO  impl.RoleInfo (RoleInfo.java:shutdownLeaderElection(134)) - 312a2b1d-4089-408f-ae02-669a7707c04d: shutdown LeaderElection
2019-10-16 06:01:07,420 [pool-37-thread-1] INFO  server.RaftServerConfigKeys (ConfUtils.java:logGet(43)) - raft.server.rpc.timeout.max = 5200ms (custom)
2019-10-16 06:01:07,420 [pool-47-thread-1] INFO  impl.RaftServerImpl (ServerState.java:<init>(103)) - 33262cc1-fa76-4c5f-8480-ecaaaa59e1c3@group-D291069948D7: ConfigurationManager, init=-1: [7e1ad21a-3198-4af5-880c-f1c096872e7a:192.168.69.104:36957, 33262cc1-fa76-4c5f-8480-ecaaaa59e1c3:192.168.69.104:35873, f4df195b-7a0f-45aa-bcc4-04d0d9ee9376:192.168.69.104:37704], old=null, confs=<EMPTY_MAP>
2019-10-16 06:01:07,420 [pool-37-thread-1] INFO  server.RaftServerConfigKeys (ConfUtils.java:logGet(43)) - raft.server.rpcslowness.timeout = 120s (custom)
2019-10-16 06:01:07,420 [pool-37-thread-1] INFO  server.RaftServerConfigKeys (ConfUtils.java:logGet(43)) - raft.server.sleep.deviation.threshold = 300 (default)
2019-10-16 06:01:07,420 [312a2b1d-4089-408f-ae02-669a7707c04d@group-2716D4593A72-LeaderElection12] INFO  impl.RaftServerImpl (RaftServerImpl.java:setRole(184)) - 312a2b1d-4089-408f-ae02-669a7707c04d@group-2716D4593A72: changes role from CANDIDATE to LEADER at term 3 for changeToLeader
2019-10-16 06:01:07,420 [pool-37-thread-1] INFO  server.RaftServerConfigKeys (ConfUtils.java:logGet(43)) - raft.server.log.appender.install.snapshot.enabled = false (custom)
2019-10-16 06:01:07,420 [pool-47-thread-1] INFO  server.RaftServerConfigKeys (ConfUtils.java:logGet(43)) - raft.server.storage.dir = [/workdir/hadoop-ozone/integration-test/target/test-dir/MiniOzoneClusterImpl-257c3db4-a93f-4c6f-afa5-a7c4c1fab1a3/datanode-2/data/ratis] (custom)
2019-10-16 06:01:07,432 [Thread-370] INFO  impl.FollowerState (FollowerState.java:run(108)) - 8c19deeb-317a-48b3-82a9-f18220a73035@group-2716D4593A72-FollowerState: change to CANDIDATE, lastRpcTime:64ms, electionTimeout:49ms
2019-10-16 06:01:07,433 [pool-87-thread-1] INFO  impl.RaftServerImpl (RaftServerImpl.java:<init>(104)) - 7e1ad21a-3198-4af5-880c-f1c096872e7a: new RaftServerImpl for group-D291069948D7:[7e1ad21a-3198-4af5-880c-f1c096872e7a:192.168.69.104:36957, 33262cc1-fa76-4c5f-8480-ecaaaa59e1c3:192.168.69.104:35873, f4df195b-7a0f-45aa-bcc4-04d0d9ee9376:192.168.69.104:37704] with ContainerStateMachine:uninitialized
2019-10-16 06:01:07,422 [312a2b1d-4089-408f-ae02-669a7707c04d@group-2716D4593A72-LeaderElection12] INFO  impl.RaftServerImpl (ServerState.java:setLeader(256)) - 312a2b1d-4089-408f-ae02-669a7707c04d@group-2716D4593A72: change Leader from null to 312a2b1d-4089-408f-ae02-669a7707c04d at term 3 for becomeLeader, leader elected after 315ms
2019-10-16 06:01:07,435 [4a4798ab-8917-4d71-b7ea-449ce36720dc@group-A77B575CA011-LeaderElection15] INFO  impl.LeaderElection (LeaderElection.java:askForVotes(178)) - 4a4798ab-8917-4d71-b7ea-449ce36720dc@group-A77B575CA011-LeaderElection15: begin an election at term 1 for -1: [46286b1e-0911-4b60-930a-7d069b9f5ead:192.168.69.104:35014, 4a4798ab-8917-4d71-b7ea-449ce36720dc:192.168.69.104:41062, d1fdf168-58cb-444a-97ca-5abcdb1babef:192.168.69.104:44847], old=null
2019-10-16 06:01:07,435 [312a2b1d-4089-408f-ae02-669a7707c04d@group-2716D4593A72-LeaderElection12] INFO  server.RaftServerConfigKeys (ConfUtils.java:logGet(43)) - raft.server.staging.catchup.gap = 1000 (default)
2019-10-16 06:01:07,435 [pool-87-thread-1] INFO  server.RaftServerConfigKeys (ConfUtils.java:logGet(43)) - raft.server.rpc.timeout.min = 5s (custom)
2019-10-16 06:01:07,435 [Thread-370] INFO  impl.RoleInfo (RoleInfo.java:shutdownFollowerState(121)) - 8c19deeb-317a-48b3-82a9-f18220a73035: shutdown FollowerState
2019-10-16 06:01:07,433 [pool-47-thread-1] INFO  server.RaftServerConfigKeys (ConfUtils.java:logGet(43)) - raft.server.log.corruption.policy = EXCEPTION (default)
2019-10-16 06:01:07,433 [pool-37-thread-1] INFO  impl.RaftServerImpl (ServerState.java:<init>(103)) - f4df195b-7a0f-45aa-bcc4-04d0d9ee9376@group-D291069948D7: ConfigurationManager, init=-1: [7e1ad21a-3198-4af5-880c-f1c096872e7a:192.168.69.104:36957, 33262cc1-fa76-4c5f-8480-ecaaaa59e1c3:192.168.69.104:35873, f4df195b-7a0f-45aa-bcc4-04d0d9ee9376:192.168.69.104:37704], old=null, confs=<EMPTY_MAP>
2019-10-16 06:01:07,436 [Thread-370] INFO  impl.RaftServerImpl (RaftServerImpl.java:setRole(184)) - 8c19deeb-317a-48b3-82a9-f18220a73035@group-2716D4593A72: changes role from  FOLLOWER to CANDIDATE at term 3 for changeToCandidate
2019-10-16 06:01:07,436 [pool-37-thread-1] INFO  server.RaftServerConfigKeys (ConfUtils.java:logGet(43)) - raft.server.storage.dir = [/workdir/hadoop-ozone/integration-test/target/test-dir/MiniOzoneClusterImpl-257c3db4-a93f-4c6f-afa5-a7c4c1fab1a3/datanode-1/data/ratis] (custom)
2019-10-16 06:01:07,436 [pool-87-thread-1] INFO  server.RaftServerConfigKeys (ConfUtils.java:logGet(43)) - raft.server.rpc.timeout.max = 5200ms (custom)
2019-10-16 06:01:07,436 [312a2b1d-4089-408f-ae02-669a7707c04d@group-2716D4593A72-LeaderElection12] INFO  server.RaftServerConfigKeys (ConfUtils.java:logGet(43)) - raft.server.rpc.sleep.time = 25ms (default)
2019-10-16 06:01:07,436 [pool-37-thread-1] INFO  server.RaftServerConfigKeys (ConfUtils.java:logGet(43)) - raft.server.log.corruption.policy = EXCEPTION (default)
2019-10-16 06:01:07,436 [pool-87-thread-1] INFO  server.RaftServerConfigKeys (ConfUtils.java:logGet(43)) - raft.server.rpcslowness.timeout = 120s (custom)
2019-10-16 06:01:07,436 [Thread-370] INFO  impl.RoleInfo (RoleInfo.java:updateAndGet(143)) - 8c19deeb-317a-48b3-82a9-f18220a73035: start LeaderElection
2019-10-16 06:01:07,436 [pool-47-thread-1] INFO  storage.RaftStorageDirectory (RaftStorageDirectory.java:analyzeStorage(246)) - The storage directory /workdir/hadoop-ozone/integration-test/target/test-dir/MiniOzoneClusterImpl-257c3db4-a93f-4c6f-afa5-a7c4c1fab1a3/datanode-2/data/ratis/55b4299b-2bd8-4a48-8c74-d291069948d7 does not exist. Creating ...
2019-10-16 06:01:07,441 [pool-87-thread-1] INFO  server.RaftServerConfigKeys (ConfUtils.java:logGet(43)) - raft.server.sleep.deviation.threshold = 300 (default)
2019-10-16 06:01:07,441 [pool-37-thread-1] INFO  storage.RaftStorageDirectory (RaftStorageDirectory.java:analyzeStorage(246)) - The storage directory /workdir/hadoop-ozone/integration-test/target/test-dir/MiniOzoneClusterImpl-257c3db4-a93f-4c6f-afa5-a7c4c1fab1a3/datanode-1/data/ratis/55b4299b-2bd8-4a48-8c74-d291069948d7 does not exist. Creating ...
2019-10-16 06:01:07,441 [312a2b1d-4089-408f-ae02-669a7707c04d@group-2716D4593A72-LeaderElection12] INFO  server.RaftServerConfigKeys (ConfUtils.java:logGet(43)) - raft.server.write.element-limit = 4096 (default)
2019-10-16 06:01:07,442 [pool-87-thread-1] INFO  server.RaftServerConfigKeys (ConfUtils.java:logGet(43)) - raft.server.log.appender.install.snapshot.enabled = false (custom)
2019-10-16 06:01:07,442 [46286b1e-0911-4b60-930a-7d069b9f5ead@group-A77B575CA011-LeaderElection13] INFO  impl.LeaderElection (LeaderElection.java:logAndReturn(56)) - 46286b1e-0911-4b60-930a-7d069b9f5ead@group-A77B575CA011-LeaderElection13: Election REJECTED; received 2 response(s) [46286b1e-0911-4b60-930a-7d069b9f5ead<-4a4798ab-8917-4d71-b7ea-449ce36720dc#0:FAIL-t1, 46286b1e-0911-4b60-930a-7d069b9f5ead<-d1fdf168-58cb-444a-97ca-5abcdb1babef#0:FAIL-t1] and 0 exception(s); 46286b1e-0911-4b60-930a-7d069b9f5ead@group-A77B575CA011:t1, leader=null, voted=46286b1e-0911-4b60-930a-7d069b9f5ead, raftlog=46286b1e-0911-4b60-930a-7d069b9f5ead@group-A77B575CA011-SegmentedRaftLog:OPENED:c-1,f-1,i0, conf=-1: [46286b1e-0911-4b60-930a-7d069b9f5ead:192.168.69.104:35014, 4a4798ab-8917-4d71-b7ea-449ce36720dc:192.168.69.104:41062, d1fdf168-58cb-444a-97ca-5abcdb1babef:192.168.69.104:44847], old=null
2019-10-16 06:01:07,442 [312a2b1d-4089-408f-ae02-669a7707c04d@group-2716D4593A72-LeaderElection12] INFO  server.RaftServerConfigKeys (ConfUtils.java:logGet(43)) - raft.server.watch.timeout = 10s (default)
2019-10-16 06:01:07,442 [d1fdf168-58cb-444a-97ca-5abcdb1babef@group-A77B575CA011-LeaderElection14] INFO  impl.LeaderElection (LeaderElection.java:logAndReturn(56)) - d1fdf168-58cb-444a-97ca-5abcdb1babef@group-A77B575CA011-LeaderElection14: Election TIMEOUT; received 0 response(s) [] and 0 exception(s); d1fdf168-58cb-444a-97ca-5abcdb1babef@group-A77B575CA011:t1, leader=null, voted=d1fdf168-58cb-444a-97ca-5abcdb1babef, raftlog=d1fdf168-58cb-444a-97ca-5abcdb1babef@group-A77B575CA011-SegmentedRaftLog:OPENED:c-1,f-1,i0, conf=-1: [46286b1e-0911-4b60-930a-7d069b9f5ead:192.168.69.104:35014, 4a4798ab-8917-4d71-b7ea-449ce36720dc:192.168.69.104:41062, d1fdf168-58cb-444a-97ca-5abcdb1babef:192.168.69.104:44847], old=null
2019-10-16 06:01:07,442 [pool-87-thread-1] INFO  impl.RaftServerImpl (ServerState.java:<init>(103)) - 7e1ad21a-3198-4af5-880c-f1c096872e7a@group-D291069948D7: ConfigurationManager, init=-1: [7e1ad21a-3198-4af5-880c-f1c096872e7a:192.168.69.104:36957, 33262cc1-fa76-4c5f-8480-ecaaaa59e1c3:192.168.69.104:35873, f4df195b-7a0f-45aa-bcc4-04d0d9ee9376:192.168.69.104:37704], old=null, confs=<EMPTY_MAP>
2019-10-16 06:01:07,448 [46286b1e-0911-4b60-930a-7d069b9f5ead@group-A77B575CA011-LeaderElection13] INFO  impl.RaftServerImpl (RaftServerImpl.java:setRole(184)) - 46286b1e-0911-4b60-930a-7d069b9f5ead@group-A77B575CA011: changes role from CANDIDATE to FOLLOWER at term 1 for DISCOVERED_A_NEW_TERM
2019-10-16 06:01:07,446 [312a2b1d-4089-408f-ae02-669a7707c04d@group-2716D4593A72-LeaderElection12] INFO  server.RaftServerConfigKeys (ConfUtils.java:logGet(43)) - raft.server.watch.timeout.denomination = 1s (default)
2019-10-16 06:01:07,451 [46286b1e-0911-4b60-930a-7d069b9f5ead@group-A77B575CA011-LeaderElection13] INFO  impl.RoleInfo (RoleInfo.java:shutdownLeaderElection(134)) - 46286b1e-0911-4b60-930a-7d069b9f5ead: shutdown LeaderElection
2019-10-16 06:01:07,451 [f57e9b24-e963-44a9-9a1d-af10325c0693@group-2716D4593A72-LeaderElection11] INFO  impl.RoleInfo (RoleInfo.java:updateAndGet(143)) - f57e9b24-e963-44a9-9a1d-af10325c0693: start LeaderState
2019-10-16 06:01:07,451 [pool-87-thread-1] INFO  server.RaftServerConfigKeys (ConfUtils.java:logGet(43)) - raft.server.storage.dir = [/workdir/hadoop-ozone/integration-test/target/test-dir/MiniOzoneClusterImpl-257c3db4-a93f-4c6f-afa5-a7c4c1fab1a3/datanode-6/data/ratis] (custom)
2019-10-16 06:01:07,452 [46286b1e-0911-4b60-930a-7d069b9f5ead@group-A77B575CA011-LeaderElection13] INFO  impl.RoleInfo (RoleInfo.java:updateAndGet(143)) - 46286b1e-0911-4b60-930a-7d069b9f5ead: start FollowerState
2019-10-16 06:01:07,452 [312a2b1d-4089-408f-ae02-669a7707c04d@group-2716D4593A72-LeaderElection12] INFO  server.RaftServerConfigKeys (ConfUtils.java:logGet(43)) - raft.server.watch.element-limit = 65536 (default)
2019-10-16 06:01:07,452 [pool-87-thread-1] INFO  server.RaftServerConfigKeys (ConfUtils.java:logGet(43)) - raft.server.log.corruption.policy = EXCEPTION (default)
2019-10-16 06:01:07,452 [f57e9b24-e963-44a9-9a1d-af10325c0693@group-2716D4593A72-LeaderElection11] INFO  segmented.SegmentedRaftLogWorker (SegmentedRaftLogWorker.java:startLogSegment(385)) - f57e9b24-e963-44a9-9a1d-af10325c0693@group-2716D4593A72-SegmentedRaftLogWorker: Starting segment from index:0
2019-10-16 06:01:07,454 [pool-87-thread-1] INFO  storage.RaftStorageDirectory (RaftStorageDirectory.java:analyzeStorage(246)) - The storage directory /workdir/hadoop-ozone/integration-test/target/test-dir/MiniOzoneClusterImpl-257c3db4-a93f-4c6f-afa5-a7c4c1fab1a3/datanode-6/data/ratis/55b4299b-2bd8-4a48-8c74-d291069948d7 does not exist. Creating ...
2019-10-16 06:01:07,456 [8c19deeb-317a-48b3-82a9-f18220a73035@group-2716D4593A72-LeaderElection16] INFO  impl.LeaderElection (LeaderElection.java:askForVotes(178)) - 8c19deeb-317a-48b3-82a9-f18220a73035@group-2716D4593A72-LeaderElection16: begin an election at term 4 for -1: [312a2b1d-4089-408f-ae02-669a7707c04d:192.168.69.104:33667, f57e9b24-e963-44a9-9a1d-af10325c0693:192.168.69.104:44592, 8c19deeb-317a-48b3-82a9-f18220a73035:192.168.69.104:45027], old=null
2019-10-16 06:01:07,456 [d1fdf168-58cb-444a-97ca-5abcdb1babef@group-A77B575CA011-LeaderElection14] INFO  impl.LeaderElection (LeaderElection.java:askForVotes(178)) - d1fdf168-58cb-444a-97ca-5abcdb1babef@group-A77B575CA011-LeaderElection14: begin an election at term 2 for -1: [46286b1e-0911-4b60-930a-7d069b9f5ead:192.168.69.104:35014, 4a4798ab-8917-4d71-b7ea-449ce36720dc:192.168.69.104:41062, d1fdf168-58cb-444a-97ca-5abcdb1babef:192.168.69.104:44847], old=null
2019-10-16 06:01:07,455 [pool-37-thread-1] INFO  storage.RaftStorageDirectory (RaftStorageDirectory.java:tryLock(328)) - Lock on /workdir/hadoop-ozone/integration-test/target/test-dir/MiniOzoneClusterImpl-257c3db4-a93f-4c6f-afa5-a7c4c1fab1a3/datanode-1/data/ratis/55b4299b-2bd8-4a48-8c74-d291069948d7/in_use.lock acquired by nodename 7263@pr-hdds-2312-q6qzp-1535798719
2019-10-16 06:01:07,455 [pool-47-thread-1] INFO  storage.RaftStorageDirectory (RaftStorageDirectory.java:tryLock(328)) - Lock on /workdir/hadoop-ozone/integration-test/target/test-dir/MiniOzoneClusterImpl-257c3db4-a93f-4c6f-afa5-a7c4c1fab1a3/datanode-2/data/ratis/55b4299b-2bd8-4a48-8c74-d291069948d7/in_use.lock acquired by nodename 7263@pr-hdds-2312-q6qzp-1535798719
2019-10-16 06:01:07,487 [pool-87-thread-1] INFO  storage.RaftStorageDirectory (RaftStorageDirectory.java:tryLock(328)) - Lock on /workdir/hadoop-ozone/integration-test/target/test-dir/MiniOzoneClusterImpl-257c3db4-a93f-4c6f-afa5-a7c4c1fab1a3/datanode-6/data/ratis/55b4299b-2bd8-4a48-8c74-d291069948d7/in_use.lock acquired by nodename 7263@pr-hdds-2312-q6qzp-1535798719
2019-10-16 06:01:07,490 [f57e9b24-e963-44a9-9a1d-af10325c0693@group-2716D4593A72-LeaderElection11] INFO  impl.RaftServerImpl (ServerState.java:setRaftConf(357)) - f57e9b24-e963-44a9-9a1d-af10325c0693@group-2716D4593A72: set configuration 0: [312a2b1d-4089-408f-ae02-669a7707c04d:192.168.69.104:33667, f57e9b24-e963-44a9-9a1d-af10325c0693:192.168.69.104:44592, 8c19deeb-317a-48b3-82a9-f18220a73035:192.168.69.104:45027], old=null at 0
2019-10-16 06:01:07,497 [grpc-default-executor-4] INFO  impl.RaftServerImpl (ServerState.java:setLeader(256)) - f57e9b24-e963-44a9-9a1d-af10325c0693@group-2716D4593A72: change Leader from f57e9b24-e963-44a9-9a1d-af10325c0693 to null at term 3 for updateCurrentTerm
2019-10-16 06:01:07,497 [grpc-default-executor-4] INFO  impl.RaftServerImpl (RaftServerImpl.java:setRole(184)) - f57e9b24-e963-44a9-9a1d-af10325c0693@group-2716D4593A72: changes role from    LEADER to FOLLOWER at term 3 for recognizeCandidate:312a2b1d-4089-408f-ae02-669a7707c04d
2019-10-16 06:01:07,498 [grpc-default-executor-4] INFO  impl.RoleInfo (RoleInfo.java:shutdownLeaderState(104)) - f57e9b24-e963-44a9-9a1d-af10325c0693: shutdown LeaderState
2019-10-16 06:01:07,507 [pool-47-thread-1] INFO  storage.RaftStorage (RaftStorage.java:format(84)) - Storage directory /workdir/hadoop-ozone/integration-test/target/test-dir/MiniOzoneClusterImpl-257c3db4-a93f-4c6f-afa5-a7c4c1fab1a3/datanode-2/data/ratis/55b4299b-2bd8-4a48-8c74-d291069948d7 has been successfully formatted.
2019-10-16 06:01:07,516 [312a2b1d-4089-408f-ae02-669a7707c04d@group-2716D4593A72-LeaderElection12] INFO  server.RaftServerConfigKeys (ConfUtils.java:logGet(43)) - raft.server.log.appender.snapshot.chunk.size.max = 16MB (=16777216) (default)
2019-10-16 06:01:07,520 [pool-47-thread-1] INFO  ratis.ContainerStateMachine (ContainerStateMachine.java:loadSnapshot(231)) - group-D291069948D7: The snapshot info is null. Setting the last applied indexto:(t:0, i:~)
2019-10-16 06:01:07,516 [pool-87-thread-1] INFO  storage.RaftStorage (RaftStorage.java:format(84)) - Storage directory /workdir/hadoop-ozone/integration-test/target/test-dir/MiniOzoneClusterImpl-257c3db4-a93f-4c6f-afa5-a7c4c1fab1a3/datanode-6/data/ratis/55b4299b-2bd8-4a48-8c74-d291069948d7 has been successfully formatted.
2019-10-16 06:01:07,516 [pool-37-thread-1] INFO  storage.RaftStorage (RaftStorage.java:format(84)) - Storage directory /workdir/hadoop-ozone/integration-test/target/test-dir/MiniOzoneClusterImpl-257c3db4-a93f-4c6f-afa5-a7c4c1fab1a3/datanode-1/data/ratis/55b4299b-2bd8-4a48-8c74-d291069948d7 has been successfully formatted.
2019-10-16 06:01:07,515 [f57e9b24-e963-44a9-9a1d-af10325c0693@group-2716D4593A72-SegmentedRaftLogWorker] INFO  segmented.SegmentedRaftLogWorker (SegmentedRaftLogWorker.java:execute(576)) - f57e9b24-e963-44a9-9a1d-af10325c0693@group-2716D4593A72-SegmentedRaftLogWorker: created new log segment /workdir/hadoop-ozone/integration-test/target/test-dir/MiniOzoneClusterImpl-257c3db4-a93f-4c6f-afa5-a7c4c1fab1a3/datanode-9/data/ratis/f3beb66c-3cca-4993-88e3-2716d4593a72/current/log_inprogress_0
2019-10-16 06:01:07,521 [pool-87-thread-1] INFO  ratis.ContainerStateMachine (ContainerStateMachine.java:loadSnapshot(231)) - group-D291069948D7: The snapshot info is null. Setting the last applied indexto:(t:0, i:~)
2019-10-16 06:01:07,520 [pool-47-thread-1] INFO  server.RaftServerConfigKeys (ConfUtils.java:logGet(43)) - raft.server.notification.no-leader.timeout = 120s (custom)
2019-10-16 06:01:07,520 [312a2b1d-4089-408f-ae02-669a7707c04d@group-2716D4593A72-LeaderElection12] INFO  server.RaftServerConfigKeys (ConfUtils.java:logGet(43)) - raft.server.log.appender.buffer.byte-limit = 33554432 (custom)
2019-10-16 06:01:07,523 [pool-47-thread-1] INFO  server.RaftServerConfigKeys (ConfUtils.java:logGet(43)) - raft.server.log.use.memory = false (default)
2019-10-16 06:01:07,523 [pool-87-thread-1] INFO  server.RaftServerConfigKeys (ConfUtils.java:logGet(43)) - raft.server.notification.no-leader.timeout = 120s (custom)
2019-10-16 06:01:07,521 [pool-37-thread-1] INFO  ratis.ContainerStateMachine (ContainerStateMachine.java:loadSnapshot(231)) - group-D291069948D7: The snapshot info is null. Setting the last applied indexto:(t:0, i:~)
2019-10-16 06:01:07,521 [grpc-default-executor-4] INFO  impl.PendingRequests (PendingRequests.java:sendNotLeaderResponses(202)) - f57e9b24-e963-44a9-9a1d-af10325c0693@group-2716D4593A72-PendingRequests: sendNotLeaderResponses
2019-10-16 06:01:07,524 [pool-37-thread-1] INFO  server.RaftServerConfigKeys (ConfUtils.java:logGet(43)) - raft.server.notification.no-leader.timeout = 120s (custom)
2019-10-16 06:01:07,524 [pool-87-thread-1] INFO  server.RaftServerConfigKeys (ConfUtils.java:logGet(43)) - raft.server.log.use.memory = false (default)
2019-10-16 06:01:07,524 [pool-47-thread-1] INFO  server.RaftServerConfigKeys (ConfUtils.java:logGet(43)) - raft.server.log.purge.gap = 1000000 (custom)
2019-10-16 06:01:07,528 [Thread-282] INFO  container.ReplicationManager (ReplicationManager.java:start(162)) - Starting Replication Monitor Thread.
2019-10-16 06:01:07,523 [312a2b1d-4089-408f-ae02-669a7707c04d@group-2716D4593A72-LeaderElection12] INFO  server.RaftServerConfigKeys (ConfUtils.java:logGet(43)) - raft.server.log.appender.buffer.element-limit = 1 (custom)
2019-10-16 06:01:07,529 [4a4798ab-8917-4d71-b7ea-449ce36720dc@group-A77B575CA011-LeaderElection15] INFO  impl.LeaderElection (LeaderElection.java:logAndReturn(56)) - 4a4798ab-8917-4d71-b7ea-449ce36720dc@group-A77B575CA011-LeaderElection15: Election DISCOVERED_A_NEW_TERM; received 1 response(s) [4a4798ab-8917-4d71-b7ea-449ce36720dc<-d1fdf168-58cb-444a-97ca-5abcdb1babef#0:FAIL-t2] and 0 exception(s); 4a4798ab-8917-4d71-b7ea-449ce36720dc@group-A77B575CA011:t1, leader=null, voted=4a4798ab-8917-4d71-b7ea-449ce36720dc, raftlog=4a4798ab-8917-4d71-b7ea-449ce36720dc@group-A77B575CA011-SegmentedRaftLog:OPENED:c-1,f-1,i0, conf=-1: [46286b1e-0911-4b60-930a-7d069b9f5ead:192.168.69.104:35014, 4a4798ab-8917-4d71-b7ea-449ce36720dc:192.168.69.104:41062, d1fdf168-58cb-444a-97ca-5abcdb1babef:192.168.69.104:44847], old=null
2019-10-16 06:01:07,533 [grpc-default-executor-5] INFO  impl.RaftServerImpl (RaftServerImpl.java:setRole(184)) - 4a4798ab-8917-4d71-b7ea-449ce36720dc@group-A77B575CA011: changes role from CANDIDATE to FOLLOWER at term 2 for recognizeCandidate:d1fdf168-58cb-444a-97ca-5abcdb1babef
2019-10-16 06:01:07,528 [pool-47-thread-1] INFO  server.RaftServerConfigKeys (ConfUtils.java:logGet(43)) - raft.server.log.appender.buffer.byte-limit = 33554432 (custom)
2019-10-16 06:01:07,528 [grpc-default-executor-1] INFO  impl.RaftServerImpl (RaftServerImpl.java:setRole(184)) - 46286b1e-0911-4b60-930a-7d069b9f5ead@group-A77B575CA011: changes role from  FOLLOWER to FOLLOWER at term 2 for recognizeCandidate:d1fdf168-58cb-444a-97ca-5abcdb1babef
2019-10-16 06:01:07,535 [grpc-default-executor-1] INFO  impl.RoleInfo (RoleInfo.java:shutdownFollowerState(121)) - 46286b1e-0911-4b60-930a-7d069b9f5ead: shutdown FollowerState
2019-10-16 06:01:07,528 [pool-87-thread-1] INFO  server.RaftServerConfigKeys (ConfUtils.java:logGet(43)) - raft.server.log.purge.gap = 1000000 (custom)
2019-10-16 06:01:07,528 [pool-37-thread-1] INFO  server.RaftServerConfigKeys (ConfUtils.java:logGet(43)) - raft.server.log.use.memory = false (default)
2019-10-16 06:01:07,536 [pool-87-thread-1] INFO  server.RaftServerConfigKeys (ConfUtils.java:logGet(43)) - raft.server.log.appender.buffer.byte-limit = 33554432 (custom)
2019-10-16 06:01:07,536 [grpc-default-executor-4] INFO  impl.RoleInfo (RoleInfo.java:updateAndGet(143)) - f57e9b24-e963-44a9-9a1d-af10325c0693: start FollowerState
2019-10-16 06:01:07,535 [grpc-default-executor-1] INFO  impl.RoleInfo (RoleInfo.java:updateAndGet(143)) - 46286b1e-0911-4b60-930a-7d069b9f5ead: start FollowerState
2019-10-16 06:01:07,535 [Thread-382] INFO  impl.FollowerState (FollowerState.java:run(117)) - 46286b1e-0911-4b60-930a-7d069b9f5ead@group-A77B575CA011-FollowerState was interrupted: java.lang.InterruptedException: sleep interrupted
2019-10-16 06:01:07,535 [pool-47-thread-1] INFO  server.RaftServerConfigKeys (ConfUtils.java:logGet(43)) - raft.server.log.segment.size.max = 1048576 (custom)
2019-10-16 06:01:07,533 [grpc-default-executor-5] INFO  impl.RoleInfo (RoleInfo.java:shutdownLeaderElection(134)) - 4a4798ab-8917-4d71-b7ea-449ce36720dc: shutdown LeaderElection
2019-10-16 06:01:07,531 [312a2b1d-4089-408f-ae02-669a7707c04d@group-2716D4593A72-LeaderElection12] INFO  grpc.GrpcConfigKeys$Server (ConfUtils.java:logGet(43)) - raft.grpc.server.leader.outstanding.appends.max = 128 (default)
2019-10-16 06:01:07,539 [grpc-default-executor-5] INFO  impl.RoleInfo (RoleInfo.java:updateAndGet(143)) - 4a4798ab-8917-4d71-b7ea-449ce36720dc: start FollowerState
2019-10-16 06:01:07,538 [pool-47-thread-1] INFO  server.RaftServerConfigKeys (ConfUtils.java:logGet(43)) - raft.server.log.segment.cache.num.max = 2 (custom)
2019-10-16 06:01:07,536 [pool-87-thread-1] INFO  server.RaftServerConfigKeys (ConfUtils.java:logGet(43)) - raft.server.log.segment.size.max = 1048576 (custom)
2019-10-16 06:01:07,536 [pool-37-thread-1] INFO  server.RaftServerConfigKeys (ConfUtils.java:logGet(43)) - raft.server.log.purge.gap = 1000000 (custom)
2019-10-16 06:01:07,536 [ReplicationMonitor] INFO  container.ReplicationManager (ReplicationManager.java:run(225)) - Replication Monitor Thread took 0 milliseconds for processing 0 containers.
2019-10-16 06:01:07,541 [pool-37-thread-1] INFO  server.RaftServerConfigKeys (ConfUtils.java:logGet(43)) - raft.server.log.appender.buffer.byte-limit = 33554432 (custom)
2019-10-16 06:01:07,541 [pool-87-thread-1] INFO  server.RaftServerConfigKeys (ConfUtils.java:logGet(43)) - raft.server.log.segment.cache.num.max = 2 (custom)
2019-10-16 06:01:07,541 [pool-47-thread-1] INFO  segmented.SegmentedRaftLogWorker (SegmentedRaftLogWorker.java:<init>(173)) - new 33262cc1-fa76-4c5f-8480-ecaaaa59e1c3@group-D291069948D7-SegmentedRaftLogWorker for RaftStorage:Storage Directory /workdir/hadoop-ozone/integration-test/target/test-dir/MiniOzoneClusterImpl-257c3db4-a93f-4c6f-afa5-a7c4c1fab1a3/datanode-2/data/ratis/55b4299b-2bd8-4a48-8c74-d291069948d7
2019-10-16 06:01:07,540 [312a2b1d-4089-408f-ae02-669a7707c04d@group-2716D4593A72-LeaderElection12] INFO  server.RaftServerConfigKeys (ConfUtils.java:logGet(43)) - raft.server.rpc.request.timeout = 3000ms (default)
2019-10-16 06:01:07,542 [org.apache.ratis.server.impl.LogAppender$AppenderDaemon$$Lambda$552/2085075379@54e31868] WARN  server.GrpcLogAppender (GrpcLogAppender.java:mayWait(149)) - f57e9b24-e963-44a9-9a1d-af10325c0693@group-2716D4593A72->312a2b1d-4089-408f-ae02-669a7707c04d-GrpcLogAppender: Wait interrupted by java.lang.InterruptedException
2019-10-16 06:01:07,542 [pool-47-thread-1] INFO  server.RaftServerConfigKeys (ConfUtils.java:logGet(43)) - raft.server.log.queue.byte-limit = 2147483647 (custom)
2019-10-16 06:01:07,542 [pool-87-thread-1] INFO  segmented.SegmentedRaftLogWorker (SegmentedRaftLogWorker.java:<init>(173)) - new 7e1ad21a-3198-4af5-880c-f1c096872e7a@group-D291069948D7-SegmentedRaftLogWorker for RaftStorage:Storage Directory /workdir/hadoop-ozone/integration-test/target/test-dir/MiniOzoneClusterImpl-257c3db4-a93f-4c6f-afa5-a7c4c1fab1a3/datanode-6/data/ratis/55b4299b-2bd8-4a48-8c74-d291069948d7
2019-10-16 06:01:07,541 [pool-37-thread-1] INFO  server.RaftServerConfigKeys (ConfUtils.java:logGet(43)) - raft.server.log.segment.size.max = 1048576 (custom)
2019-10-16 06:01:07,546 [pool-87-thread-1] INFO  server.RaftServerConfigKeys (ConfUtils.java:logGet(43)) - raft.server.log.queue.byte-limit = 2147483647 (custom)
2019-10-16 06:01:07,544 [pool-47-thread-1] INFO  server.RaftServerConfigKeys (ConfUtils.java:logGet(43)) - raft.server.log.queue.element-limit = 1024 (custom)
2019-10-16 06:01:07,542 [org.apache.ratis.server.impl.LogAppender$AppenderDaemon$$Lambda$552/2085075379@46ba0949] WARN  server.GrpcLogAppender (GrpcLogAppender.java:mayWait(149)) - f57e9b24-e963-44a9-9a1d-af10325c0693@group-2716D4593A72->8c19deeb-317a-48b3-82a9-f18220a73035-GrpcLogAppender: Wait interrupted by java.lang.InterruptedException
2019-10-16 06:01:07,542 [312a2b1d-4089-408f-ae02-669a7707c04d@group-2716D4593A72-LeaderElection12] INFO  server.RaftServerConfigKeys (ConfUtils.java:logGet(43)) - raft.server.log.appender.install.snapshot.enabled = false (custom)
2019-10-16 06:01:07,546 [pool-47-thread-1] INFO  server.RaftServerConfigKeys (ConfUtils.java:logGet(43)) - raft.server.log.segment.size.max = 1048576 (custom)
2019-10-16 06:01:07,546 [pool-87-thread-1] INFO  server.RaftServerConfigKeys (ConfUtils.java:logGet(43)) - raft.server.log.queue.element-limit = 1024 (custom)
2019-10-16 06:01:07,546 [pool-37-thread-1] INFO  server.RaftServerConfigKeys (ConfUtils.java:logGet(43)) - raft.server.log.segment.cache.num.max = 2 (custom)
2019-10-16 06:01:07,547 [pool-87-thread-1] INFO  server.RaftServerConfigKeys (ConfUtils.java:logGet(43)) - raft.server.log.segment.size.max = 1048576 (custom)
2019-10-16 06:01:07,547 [pool-47-thread-1] INFO  server.RaftServerConfigKeys (ConfUtils.java:logGet(43)) - raft.server.log.preallocated.size = 16384 (custom)
2019-10-16 06:01:07,547 [pool-87-thread-1] INFO  server.RaftServerConfigKeys (ConfUtils.java:logGet(43)) - raft.server.log.preallocated.size = 16384 (custom)
2019-10-16 06:01:07,547 [pool-37-thread-1] INFO  segmented.SegmentedRaftLogWorker (SegmentedRaftLogWorker.java:<init>(173)) - new f4df195b-7a0f-45aa-bcc4-04d0d9ee9376@group-D291069948D7-SegmentedRaftLogWorker for RaftStorage:Storage Directory /workdir/hadoop-ozone/integration-test/target/test-dir/MiniOzoneClusterImpl-257c3db4-a93f-4c6f-afa5-a7c4c1fab1a3/datanode-1/data/ratis/55b4299b-2bd8-4a48-8c74-d291069948d7
2019-10-16 06:01:07,547 [pool-87-thread-1] INFO  server.RaftServerConfigKeys (ConfUtils.java:logGet(43)) - raft.server.log.write.buffer.size = 33554432 (custom)
2019-10-16 06:01:07,547 [pool-47-thread-1] INFO  server.RaftServerConfigKeys (ConfUtils.java:logGet(43)) - raft.server.log.write.buffer.size = 33554432 (custom)
2019-10-16 06:01:07,548 [pool-87-thread-1] INFO  server.RaftServerConfigKeys (ConfUtils.java:logGet(43)) - raft.server.log.force.sync.num = 128 (default)
2019-10-16 06:01:07,547 [pool-37-thread-1] INFO  server.RaftServerConfigKeys (ConfUtils.java:logGet(43)) - raft.server.log.queue.byte-limit = 2147483647 (custom)
2019-10-16 06:01:07,548 [pool-87-thread-1] INFO  server.RaftServerConfigKeys (ConfUtils.java:logGet(43)) - raft.server.log.statemachine.data.sync = true (default)
2019-10-16 06:01:07,548 [pool-47-thread-1] INFO  server.RaftServerConfigKeys (ConfUtils.java:logGet(43)) - raft.server.log.force.sync.num = 128 (default)
2019-10-16 06:01:07,548 [pool-87-thread-1] INFO  server.RaftServerConfigKeys (ConfUtils.java:logGet(43)) - raft.server.log.statemachine.data.sync.timeout = 10s (default)
2019-10-16 06:01:07,548 [pool-37-thread-1] INFO  server.RaftServerConfigKeys (ConfUtils.java:logGet(43)) - raft.server.log.queue.element-limit = 1024 (custom)
2019-10-16 06:01:07,548 [pool-87-thread-1] INFO  server.RaftServerConfigKeys (ConfUtils.java:logGet(43)) - raft.server.log.statemachine.data.sync.timeout.retry = -1 (default)
2019-10-16 06:01:07,548 [pool-47-thread-1] INFO  server.RaftServerConfigKeys (ConfUtils.java:logGet(43)) - raft.server.log.statemachine.data.sync = true (default)
2019-10-16 06:01:07,549 [pool-87-thread-1] INFO  server.RaftServerConfigKeys (ConfUtils.java:logGet(43)) - raft.server.log.statemachine.data.caching.enabled = true (custom)
2019-10-16 06:01:07,548 [pool-37-thread-1] INFO  server.RaftServerConfigKeys (ConfUtils.java:logGet(43)) - raft.server.log.segment.size.max = 1048576 (custom)
2019-10-16 06:01:07,549 [pool-47-thread-1] INFO  server.RaftServerConfigKeys (ConfUtils.java:logGet(43)) - raft.server.log.statemachine.data.sync.timeout = 10s (default)
2019-10-16 06:01:07,549 [pool-37-thread-1] INFO  server.RaftServerConfigKeys (ConfUtils.java:logGet(43)) - raft.server.log.preallocated.size = 16384 (custom)
2019-10-16 06:01:07,549 [pool-47-thread-1] INFO  server.RaftServerConfigKeys (ConfUtils.java:logGet(43)) - raft.server.log.statemachine.data.sync.timeout.retry = -1 (default)
2019-10-16 06:01:07,549 [pool-37-thread-1] INFO  server.RaftServerConfigKeys (ConfUtils.java:logGet(43)) - raft.server.log.write.buffer.size = 33554432 (custom)
2019-10-16 06:01:07,549 [pool-47-thread-1] INFO  server.RaftServerConfigKeys (ConfUtils.java:logGet(43)) - raft.server.log.statemachine.data.caching.enabled = true (custom)
2019-10-16 06:01:07,549 [312a2b1d-4089-408f-ae02-669a7707c04d@group-2716D4593A72-LeaderElection12] INFO  server.RaftServerConfigKeys (ConfUtils.java:logGet(43)) - raft.server.log.appender.snapshot.chunk.size.max = 16MB (=16777216) (default)
2019-10-16 06:01:07,549 [pool-37-thread-1] INFO  server.RaftServerConfigKeys (ConfUtils.java:logGet(43)) - raft.server.log.force.sync.num = 128 (default)
2019-10-16 06:01:07,550 [312a2b1d-4089-408f-ae02-669a7707c04d@group-2716D4593A72-LeaderElection12] INFO  server.RaftServerConfigKeys (ConfUtils.java:logGet(43)) - raft.server.log.appender.buffer.byte-limit = 33554432 (custom)
2019-10-16 06:01:07,550 [pool-37-thread-1] INFO  server.RaftServerConfigKeys (ConfUtils.java:logGet(43)) - raft.server.log.statemachine.data.sync = true (default)
2019-10-16 06:01:07,550 [grpc-default-executor-0] INFO  server.GrpcServerProtocolService (GrpcServerProtocolService.java:onCompleted(113)) - 312a2b1d-4089-408f-ae02-669a7707c04d: Completed APPEND_ENTRIES, lastRequest: null
2019-10-16 06:01:07,550 [312a2b1d-4089-408f-ae02-669a7707c04d@group-2716D4593A72-LeaderElection12] INFO  server.RaftServerConfigKeys (ConfUtils.java:logGet(43)) - raft.server.log.appender.buffer.element-limit = 1 (custom)
2019-10-16 06:01:07,552 [pool-37-thread-1] INFO  server.RaftServerConfigKeys (ConfUtils.java:logGet(43)) - raft.server.log.statemachine.data.sync.timeout = 10s (default)
2019-10-16 06:01:07,552 [pool-37-thread-1] INFO  server.RaftServerConfigKeys (ConfUtils.java:logGet(43)) - raft.server.log.statemachine.data.sync.timeout.retry = -1 (default)
2019-10-16 06:01:07,550 [grpc-default-executor-6] INFO  server.GrpcServerProtocolService (GrpcServerProtocolService.java:onCompleted(113)) - 8c19deeb-317a-48b3-82a9-f18220a73035: Completed APPEND_ENTRIES, lastRequest: null
2019-10-16 06:01:07,552 [pool-37-thread-1] INFO  server.RaftServerConfigKeys (ConfUtils.java:logGet(43)) - raft.server.log.statemachine.data.caching.enabled = true (custom)
2019-10-16 06:01:07,552 [312a2b1d-4089-408f-ae02-669a7707c04d@group-2716D4593A72-LeaderElection12] INFO  grpc.GrpcConfigKeys$Server (ConfUtils.java:logGet(43)) - raft.grpc.server.leader.outstanding.appends.max = 128 (default)
2019-10-16 06:01:07,553 [grpc-default-executor-6] INFO  server.GrpcLogAppender (GrpcLogAppender.java:onCompleted(308)) - f57e9b24-e963-44a9-9a1d-af10325c0693@group-2716D4593A72->312a2b1d-4089-408f-ae02-669a7707c04d-AppendLogResponseHandler: follower responses appendEntries COMPLETED
2019-10-16 06:01:07,553 [312a2b1d-4089-408f-ae02-669a7707c04d@group-2716D4593A72-LeaderElection12] INFO  server.RaftServerConfigKeys (ConfUtils.java:logGet(43)) - raft.server.rpc.request.timeout = 3000ms (default)
2019-10-16 06:01:07,553 [pool-47-thread-1] INFO  segmented.SegmentedRaftLogWorker (SegmentedRaftLogWorker.java:lambda$new$0(128)) - 33262cc1-fa76-4c5f-8480-ecaaaa59e1c3@group-D291069948D7-SegmentedRaftLogWorker: flushIndex: setUnconditionally 0 -> -1
2019-10-16 06:01:07,556 [grpc-default-executor-0] INFO  server.GrpcLogAppender (GrpcLogAppender.java:onCompleted(308)) - f57e9b24-e963-44a9-9a1d-af10325c0693@group-2716D4593A72->8c19deeb-317a-48b3-82a9-f18220a73035-AppendLogResponseHandler: follower responses appendEntries COMPLETED
2019-10-16 06:01:07,553 [pool-87-thread-1] INFO  segmented.SegmentedRaftLogWorker (SegmentedRaftLogWorker.java:lambda$new$0(128)) - 7e1ad21a-3198-4af5-880c-f1c096872e7a@group-D291069948D7-SegmentedRaftLogWorker: flushIndex: setUnconditionally 0 -> -1
2019-10-16 06:01:07,553 [pool-37-thread-1] INFO  segmented.SegmentedRaftLogWorker (SegmentedRaftLogWorker.java:lambda$new$0(128)) - f4df195b-7a0f-45aa-bcc4-04d0d9ee9376@group-D291069948D7-SegmentedRaftLogWorker: flushIndex: setUnconditionally 0 -> -1
2019-10-16 06:01:07,557 [pool-47-thread-1] INFO  server.RaftServerConfigKeys (ConfUtils.java:logGet(43)) - raft.server.snapshot.auto.trigger.enabled = true (custom)
2019-10-16 06:01:07,557 [pool-47-thread-1] INFO  server.RaftServerConfigKeys (ConfUtils.java:logGet(43)) - raft.server.snapshot.auto.trigger.threshold = 10000 (custom)
2019-10-16 06:01:07,559 [pool-37-thread-1] INFO  server.RaftServerConfigKeys (ConfUtils.java:logGet(43)) - raft.server.snapshot.auto.trigger.enabled = true (custom)
2019-10-16 06:01:07,557 [grpc-default-executor-3] INFO  impl.RaftServerImpl (RaftServerImpl.java:setRole(184)) - f57e9b24-e963-44a9-9a1d-af10325c0693@group-2716D4593A72: changes role from  FOLLOWER to FOLLOWER at term 4 for recognizeCandidate:8c19deeb-317a-48b3-82a9-f18220a73035
2019-10-16 06:01:07,555 [312a2b1d-4089-408f-ae02-669a7707c04d@group-2716D4593A72-LeaderElection12] INFO  server.RaftServerConfigKeys (ConfUtils.java:logGet(43)) - raft.server.log.appender.install.snapshot.enabled = false (custom)
2019-10-16 06:01:07,559 [grpc-default-executor-6] INFO  impl.FollowerInfo (FollowerInfo.java:lambda$new$0(51)) - f57e9b24-e963-44a9-9a1d-af10325c0693@group-2716D4593A72->312a2b1d-4089-408f-ae02-669a7707c04d: nextIndex: updateUnconditionally 0 -> 0
2019-10-16 06:01:07,559 [grpc-default-executor-3] INFO  impl.RoleInfo (RoleInfo.java:shutdownFollowerState(121)) - f57e9b24-e963-44a9-9a1d-af10325c0693: shutdown FollowerState
2019-10-16 06:01:07,559 [pool-37-thread-1] INFO  server.RaftServerConfigKeys (ConfUtils.java:logGet(43)) - raft.server.snapshot.auto.trigger.threshold = 10000 (custom)
2019-10-16 06:01:07,559 [pool-47-thread-1] INFO  server.RaftServerConfigKeys (ConfUtils.java:logGet(43)) - raft.server.snapshot.retention.file.num = 5 (custom)
2019-10-16 06:01:07,557 [pool-87-thread-1] INFO  server.RaftServerConfigKeys (ConfUtils.java:logGet(43)) - raft.server.snapshot.auto.trigger.enabled = true (custom)
2019-10-16 06:01:07,563 [pool-47-thread-1] INFO  server.RaftServerConfigKeys (ConfUtils.java:logGet(43)) - raft.server.retrycache.expirytime = 600000ms (custom)
2019-10-16 06:01:07,563 [pool-37-thread-1] INFO  server.RaftServerConfigKeys (ConfUtils.java:logGet(43)) - raft.server.snapshot.retention.file.num = 5 (custom)
2019-10-16 06:01:07,563 [d1fdf168-58cb-444a-97ca-5abcdb1babef@group-A77B575CA011-LeaderElection14] INFO  impl.LeaderElection (LeaderElection.java:logAndReturn(56)) - d1fdf168-58cb-444a-97ca-5abcdb1babef@group-A77B575CA011-LeaderElection14: Election PASSED; received 1 response(s) [d1fdf168-58cb-444a-97ca-5abcdb1babef<-46286b1e-0911-4b60-930a-7d069b9f5ead#0:OK-t2] and 0 exception(s); d1fdf168-58cb-444a-97ca-5abcdb1babef@group-A77B575CA011:t2, leader=null, voted=d1fdf168-58cb-444a-97ca-5abcdb1babef, raftlog=d1fdf168-58cb-444a-97ca-5abcdb1babef@group-A77B575CA011-SegmentedRaftLog:OPENED:c-1,f-1,i0, conf=-1: [46286b1e-0911-4b60-930a-7d069b9f5ead:192.168.69.104:35014, 4a4798ab-8917-4d71-b7ea-449ce36720dc:192.168.69.104:41062, d1fdf168-58cb-444a-97ca-5abcdb1babef:192.168.69.104:44847], old=null
2019-10-16 06:01:07,563 [Thread-390] INFO  impl.FollowerState (FollowerState.java:run(117)) - f57e9b24-e963-44a9-9a1d-af10325c0693@group-2716D4593A72-FollowerState was interrupted: java.lang.InterruptedException: sleep interrupted
2019-10-16 06:01:07,564 [d1fdf168-58cb-444a-97ca-5abcdb1babef@group-A77B575CA011-LeaderElection14] INFO  impl.RoleInfo (RoleInfo.java:shutdownLeaderElection(134)) - d1fdf168-58cb-444a-97ca-5abcdb1babef: shutdown LeaderElection
2019-10-16 06:01:07,563 [grpc-default-executor-3] INFO  impl.RoleInfo (RoleInfo.java:updateAndGet(143)) - f57e9b24-e963-44a9-9a1d-af10325c0693: start FollowerState
2019-10-16 06:01:07,560 [grpc-default-executor-0] INFO  impl.FollowerInfo (FollowerInfo.java:lambda$new$0(51)) - f57e9b24-e963-44a9-9a1d-af10325c0693@group-2716D4593A72->8c19deeb-317a-48b3-82a9-f18220a73035: nextIndex: updateUnconditionally 0 -> 0
2019-10-16 06:01:07,566 [d1fdf168-58cb-444a-97ca-5abcdb1babef@group-A77B575CA011-LeaderElection14] INFO  impl.RaftServerImpl (RaftServerImpl.java:setRole(184)) - d1fdf168-58cb-444a-97ca-5abcdb1babef@group-A77B575CA011: changes role from CANDIDATE to LEADER at term 2 for changeToLeader
2019-10-16 06:01:07,564 [pool-37-thread-1] INFO  server.RaftServerConfigKeys (ConfUtils.java:logGet(43)) - raft.server.retrycache.expirytime = 600000ms (custom)
2019-10-16 06:01:07,563 [pool-87-thread-1] INFO  server.RaftServerConfigKeys (ConfUtils.java:logGet(43)) - raft.server.snapshot.auto.trigger.threshold = 10000 (custom)
2019-10-16 06:01:07,566 [d1fdf168-58cb-444a-97ca-5abcdb1babef@group-A77B575CA011-LeaderElection14] INFO  impl.RaftServerImpl (ServerState.java:setLeader(256)) - d1fdf168-58cb-444a-97ca-5abcdb1babef@group-A77B575CA011: change Leader from null to d1fdf168-58cb-444a-97ca-5abcdb1babef at term 2 for becomeLeader, leader elected after 298ms
2019-10-16 06:01:07,566 [pool-87-thread-1] INFO  server.RaftServerConfigKeys (ConfUtils.java:logGet(43)) - raft.server.snapshot.retention.file.num = 5 (custom)
2019-10-16 06:01:07,567 [d1fdf168-58cb-444a-97ca-5abcdb1babef@group-A77B575CA011-LeaderElection14] INFO  server.RaftServerConfigKeys (ConfUtils.java:logGet(43)) - raft.server.staging.catchup.gap = 1000 (default)
2019-10-16 06:01:07,567 [pool-87-thread-1] INFO  server.RaftServerConfigKeys (ConfUtils.java:logGet(43)) - raft.server.retrycache.expirytime = 600000ms (custom)
2019-10-16 06:01:07,567 [d1fdf168-58cb-444a-97ca-5abcdb1babef@group-A77B575CA011-LeaderElection14] INFO  server.RaftServerConfigKeys (ConfUtils.java:logGet(43)) - raft.server.rpc.sleep.time = 25ms (default)
2019-10-16 06:01:07,567 [312a2b1d-4089-408f-ae02-669a7707c04d@group-2716D4593A72-LeaderElection12] INFO  impl.RoleInfo (RoleInfo.java:updateAndGet(143)) - 312a2b1d-4089-408f-ae02-669a7707c04d: start LeaderState
2019-10-16 06:01:07,567 [d1fdf168-58cb-444a-97ca-5abcdb1babef@group-A77B575CA011-LeaderElection14] INFO  server.RaftServerConfigKeys (ConfUtils.java:logGet(43)) - raft.server.write.element-limit = 4096 (default)
2019-10-16 06:01:07,568 [312a2b1d-4089-408f-ae02-669a7707c04d@group-2716D4593A72-LeaderElection12] INFO  segmented.SegmentedRaftLogWorker (SegmentedRaftLogWorker.java:startLogSegment(385)) - 312a2b1d-4089-408f-ae02-669a7707c04d@group-2716D4593A72-SegmentedRaftLogWorker: Starting segment from index:0
2019-10-16 06:01:07,568 [d1fdf168-58cb-444a-97ca-5abcdb1babef@group-A77B575CA011-LeaderElection14] INFO  server.RaftServerConfigKeys (ConfUtils.java:logGet(43)) - raft.server.watch.timeout = 10s (default)
2019-10-16 06:01:07,568 [d1fdf168-58cb-444a-97ca-5abcdb1babef@group-A77B575CA011-LeaderElection14] INFO  server.RaftServerConfigKeys (ConfUtils.java:logGet(43)) - raft.server.watch.timeout.denomination = 1s (default)
2019-10-16 06:01:07,568 [d1fdf168-58cb-444a-97ca-5abcdb1babef@group-A77B575CA011-LeaderElection14] INFO  server.RaftServerConfigKeys (ConfUtils.java:logGet(43)) - raft.server.watch.element-limit = 65536 (default)
2019-10-16 06:01:07,569 [312a2b1d-4089-408f-ae02-669a7707c04d@group-2716D4593A72-LeaderElection12] INFO  impl.RaftServerImpl (ServerState.java:setRaftConf(357)) - 312a2b1d-4089-408f-ae02-669a7707c04d@group-2716D4593A72: set configuration 0: [312a2b1d-4089-408f-ae02-669a7707c04d:192.168.69.104:33667, f57e9b24-e963-44a9-9a1d-af10325c0693:192.168.69.104:44592, 8c19deeb-317a-48b3-82a9-f18220a73035:192.168.69.104:45027], old=null at 0
2019-10-16 06:01:07,569 [pool-47-thread-1] INFO  impl.RaftServerImpl (RaftServerImpl.java:start(195)) - 33262cc1-fa76-4c5f-8480-ecaaaa59e1c3@group-D291069948D7: start as a follower, conf=-1: [7e1ad21a-3198-4af5-880c-f1c096872e7a:192.168.69.104:36957, 33262cc1-fa76-4c5f-8480-ecaaaa59e1c3:192.168.69.104:35873, f4df195b-7a0f-45aa-bcc4-04d0d9ee9376:192.168.69.104:37704], old=null
2019-10-16 06:01:07,569 [grpc-default-executor-2] INFO  impl.RaftServerImpl (ServerState.java:setLeader(256)) - 312a2b1d-4089-408f-ae02-669a7707c04d@group-2716D4593A72: change Leader from 312a2b1d-4089-408f-ae02-669a7707c04d to null at term 4 for updateCurrentTerm
2019-10-16 06:01:07,569 [pool-47-thread-1] INFO  impl.RaftServerImpl (RaftServerImpl.java:setRole(184)) - 33262cc1-fa76-4c5f-8480-ecaaaa59e1c3@group-D291069948D7: changes role from      null to FOLLOWER at term 0 for startAsFollower
2019-10-16 06:01:07,569 [grpc-default-executor-2] INFO  impl.RaftServerImpl (RaftServerImpl.java:setRole(184)) - 312a2b1d-4089-408f-ae02-669a7707c04d@group-2716D4593A72: changes role from    LEADER to FOLLOWER at term 4 for recognizeCandidate:8c19deeb-317a-48b3-82a9-f18220a73035
2019-10-16 06:01:07,570 [pool-47-thread-1] INFO  impl.RoleInfo (RoleInfo.java:updateAndGet(143)) - 33262cc1-fa76-4c5f-8480-ecaaaa59e1c3: start FollowerState
2019-10-16 06:01:07,570 [grpc-default-executor-2] INFO  impl.RoleInfo (RoleInfo.java:shutdownLeaderState(104)) - 312a2b1d-4089-408f-ae02-669a7707c04d: shutdown LeaderState
2019-10-16 06:01:07,570 [Thread-391] INFO  impl.FollowerState (FollowerState.java:run(108)) - 4a4798ab-8917-4d71-b7ea-449ce36720dc@group-A77B575CA011-FollowerState: change to CANDIDATE, lastRpcTime:31ms, electionTimeout:15ms
2019-10-16 06:01:07,607 [grpc-default-executor-2] INFO  impl.PendingRequests (PendingRequests.java:sendNotLeaderResponses(202)) - 312a2b1d-4089-408f-ae02-669a7707c04d@group-2716D4593A72-PendingRequests: sendNotLeaderResponses
2019-10-16 06:01:07,610 [pool-47-thread-1] INFO  util.JmxRegister (JmxRegister.java:tryRegister(44)) - Successfully registered JMX Bean with object name Ratis:service=RaftServer,group=group-D291069948D7,id=33262cc1-fa76-4c5f-8480-ecaaaa59e1c3
2019-10-16 06:01:07,610 [Thread-391] INFO  impl.RoleInfo (RoleInfo.java:shutdownFollowerState(121)) - 4a4798ab-8917-4d71-b7ea-449ce36720dc: shutdown FollowerState
2019-10-16 06:01:07,610 [grpc-default-executor-2] INFO  impl.RoleInfo (RoleInfo.java:updateAndGet(143)) - 312a2b1d-4089-408f-ae02-669a7707c04d: start FollowerState
2019-10-16 06:01:07,610 [Thread-391] INFO  impl.RaftServerImpl (RaftServerImpl.java:setRole(184)) - 4a4798ab-8917-4d71-b7ea-449ce36720dc@group-A77B575CA011: changes role from  FOLLOWER to CANDIDATE at term 2 for changeToCandidate
2019-10-16 06:01:07,611 [Thread-391] INFO  impl.RoleInfo (RoleInfo.java:updateAndGet(143)) - 4a4798ab-8917-4d71-b7ea-449ce36720dc: start LeaderElection
2019-10-16 06:01:07,611 [pool-37-thread-1] INFO  impl.RaftServerImpl (RaftServerImpl.java:start(195)) - f4df195b-7a0f-45aa-bcc4-04d0d9ee9376@group-D291069948D7: start as a follower, conf=-1: [7e1ad21a-3198-4af5-880c-f1c096872e7a:192.168.69.104:36957, 33262cc1-fa76-4c5f-8480-ecaaaa59e1c3:192.168.69.104:35873, f4df195b-7a0f-45aa-bcc4-04d0d9ee9376:192.168.69.104:37704], old=null
2019-10-16 06:01:07,611 [pool-37-thread-1] INFO  impl.RaftServerImpl (RaftServerImpl.java:setRole(184)) - f4df195b-7a0f-45aa-bcc4-04d0d9ee9376@group-D291069948D7: changes role from      null to FOLLOWER at term 0 for startAsFollower
2019-10-16 06:01:07,614 [pool-37-thread-1] INFO  impl.RoleInfo (RoleInfo.java:updateAndGet(143)) - f4df195b-7a0f-45aa-bcc4-04d0d9ee9376: start FollowerState
2019-10-16 06:01:07,615 [pool-37-thread-1] INFO  util.JmxRegister (JmxRegister.java:tryRegister(44)) - Successfully registered JMX Bean with object name Ratis:service=RaftServer,group=group-D291069948D7,id=f4df195b-7a0f-45aa-bcc4-04d0d9ee9376
2019-10-16 06:01:07,618 [pool-87-thread-1] INFO  impl.RaftServerImpl (RaftServerImpl.java:start(195)) - 7e1ad21a-3198-4af5-880c-f1c096872e7a@group-D291069948D7: start as a follower, conf=-1: [7e1ad21a-3198-4af5-880c-f1c096872e7a:192.168.69.104:36957, 33262cc1-fa76-4c5f-8480-ecaaaa59e1c3:192.168.69.104:35873, f4df195b-7a0f-45aa-bcc4-04d0d9ee9376:192.168.69.104:37704], old=null
2019-10-16 06:01:07,618 [pool-87-thread-1] INFO  impl.RaftServerImpl (RaftServerImpl.java:setRole(184)) - 7e1ad21a-3198-4af5-880c-f1c096872e7a@group-D291069948D7: changes role from      null to FOLLOWER at term 0 for startAsFollower
2019-10-16 06:01:07,619 [pool-87-thread-1] INFO  impl.RoleInfo (RoleInfo.java:updateAndGet(143)) - 7e1ad21a-3198-4af5-880c-f1c096872e7a: start FollowerState
2019-10-16 06:01:07,619 [pool-87-thread-1] INFO  util.JmxRegister (JmxRegister.java:tryRegister(44)) - Successfully registered JMX Bean with object name Ratis:service=RaftServer,group=group-D291069948D7,id=7e1ad21a-3198-4af5-880c-f1c096872e7a
2019-10-16 06:01:07,620 [312a2b1d-4089-408f-ae02-669a7707c04d@group-2716D4593A72-SegmentedRaftLogWorker] INFO  segmented.SegmentedRaftLogWorker (SegmentedRaftLogWorker.java:execute(576)) - 312a2b1d-4089-408f-ae02-669a7707c04d@group-2716D4593A72-SegmentedRaftLogWorker: created new log segment /workdir/hadoop-ozone/integration-test/target/test-dir/MiniOzoneClusterImpl-257c3db4-a93f-4c6f-afa5-a7c4c1fab1a3/datanode-5/data/ratis/f3beb66c-3cca-4993-88e3-2716d4593a72/current/log_inprogress_0
2019-10-16 06:01:07,620 [org.apache.ratis.server.impl.LogAppender$AppenderDaemon$$Lambda$552/2085075379@330f3e4b] WARN  server.GrpcLogAppender (GrpcLogAppender.java:mayWait(149)) - 312a2b1d-4089-408f-ae02-669a7707c04d@group-2716D4593A72->f57e9b24-e963-44a9-9a1d-af10325c0693-GrpcLogAppender: Wait interrupted by java.lang.InterruptedException
2019-10-16 06:01:07,620 [4a4798ab-8917-4d71-b7ea-449ce36720dc@group-A77B575CA011-LeaderElection17] INFO  impl.LeaderElection (LeaderElection.java:askForVotes(178)) - 4a4798ab-8917-4d71-b7ea-449ce36720dc@group-A77B575CA011-LeaderElection17: begin an election at term 3 for -1: [46286b1e-0911-4b60-930a-7d069b9f5ead:192.168.69.104:35014, 4a4798ab-8917-4d71-b7ea-449ce36720dc:192.168.69.104:41062, d1fdf168-58cb-444a-97ca-5abcdb1babef:192.168.69.104:44847], old=null
2019-10-16 06:01:07,624 [org.apache.ratis.server.impl.LogAppender$AppenderDaemon$$Lambda$552/2085075379@2766d75] WARN  server.GrpcLogAppender (GrpcLogAppender.java:mayWait(149)) - 312a2b1d-4089-408f-ae02-669a7707c04d@group-2716D4593A72->8c19deeb-317a-48b3-82a9-f18220a73035-GrpcLogAppender: Wait interrupted by java.lang.InterruptedException
2019-10-16 06:01:07,633 [8c19deeb-317a-48b3-82a9-f18220a73035@group-2716D4593A72-LeaderElection16] INFO  impl.LeaderElection (LeaderElection.java:logAndReturn(56)) - 8c19deeb-317a-48b3-82a9-f18220a73035@group-2716D4593A72-LeaderElection16: Election REJECTED; received 2 response(s) [8c19deeb-317a-48b3-82a9-f18220a73035<-312a2b1d-4089-408f-ae02-669a7707c04d#0:FAIL-t4, 8c19deeb-317a-48b3-82a9-f18220a73035<-f57e9b24-e963-44a9-9a1d-af10325c0693#0:FAIL-t4] and 0 exception(s); 8c19deeb-317a-48b3-82a9-f18220a73035@group-2716D4593A72:t4, leader=null, voted=8c19deeb-317a-48b3-82a9-f18220a73035, raftlog=8c19deeb-317a-48b3-82a9-f18220a73035@group-2716D4593A72-SegmentedRaftLog:OPENED:c-1,f-1,i0, conf=-1: [312a2b1d-4089-408f-ae02-669a7707c04d:192.168.69.104:33667, f57e9b24-e963-44a9-9a1d-af10325c0693:192.168.69.104:44592, 8c19deeb-317a-48b3-82a9-f18220a73035:192.168.69.104:45027], old=null
2019-10-16 06:01:07,634 [d1fdf168-58cb-444a-97ca-5abcdb1babef@group-A77B575CA011-LeaderElection14] INFO  server.RaftServerConfigKeys (ConfUtils.java:logGet(43)) - raft.server.log.appender.snapshot.chunk.size.max = 16MB (=16777216) (default)
2019-10-16 06:01:07,636 [d1fdf168-58cb-444a-97ca-5abcdb1babef@group-A77B575CA011-LeaderElection14] INFO  server.RaftServerConfigKeys (ConfUtils.java:logGet(43)) - raft.server.log.appender.buffer.byte-limit = 33554432 (custom)
2019-10-16 06:01:07,636 [grpc-default-executor-0] INFO  impl.RaftServerImpl (RaftServerImpl.java:setRole(184)) - 46286b1e-0911-4b60-930a-7d069b9f5ead@group-A77B575CA011: changes role from  FOLLOWER to FOLLOWER at term 3 for recognizeCandidate:4a4798ab-8917-4d71-b7ea-449ce36720dc
2019-10-16 06:01:07,636 [d1fdf168-58cb-444a-97ca-5abcdb1babef@group-A77B575CA011-LeaderElection14] INFO  server.RaftServerConfigKeys (ConfUtils.java:logGet(43)) - raft.server.log.appender.buffer.element-limit = 1 (custom)
2019-10-16 06:01:07,639 [grpc-default-executor-0] INFO  impl.RoleInfo (RoleInfo.java:shutdownFollowerState(121)) - 46286b1e-0911-4b60-930a-7d069b9f5ead: shutdown FollowerState
2019-10-16 06:01:07,640 [d1fdf168-58cb-444a-97ca-5abcdb1babef@group-A77B575CA011-LeaderElection14] INFO  grpc.GrpcConfigKeys$Server (ConfUtils.java:logGet(43)) - raft.grpc.server.leader.outstanding.appends.max = 128 (default)
2019-10-16 06:01:07,640 [grpc-default-executor-0] INFO  impl.RoleInfo (RoleInfo.java:updateAndGet(143)) - 46286b1e-0911-4b60-930a-7d069b9f5ead: start FollowerState
2019-10-16 06:01:07,640 [d1fdf168-58cb-444a-97ca-5abcdb1babef@group-A77B575CA011-LeaderElection14] INFO  server.RaftServerConfigKeys (ConfUtils.java:logGet(43)) - raft.server.rpc.request.timeout = 3000ms (default)
2019-10-16 06:01:07,640 [Thread-389] INFO  impl.FollowerState (FollowerState.java:run(117)) - 46286b1e-0911-4b60-930a-7d069b9f5ead@group-A77B575CA011-FollowerState was interrupted: java.lang.InterruptedException: sleep interrupted
2019-10-16 06:01:07,641 [d1fdf168-58cb-444a-97ca-5abcdb1babef@group-A77B575CA011-LeaderElection14] INFO  server.RaftServerConfigKeys (ConfUtils.java:logGet(43)) - raft.server.log.appender.install.snapshot.enabled = false (custom)
2019-10-16 06:01:07,641 [8c19deeb-317a-48b3-82a9-f18220a73035@group-2716D4593A72-LeaderElection16] INFO  impl.RaftServerImpl (RaftServerImpl.java:setRole(184)) - 8c19deeb-317a-48b3-82a9-f18220a73035@group-2716D4593A72: changes role from CANDIDATE to FOLLOWER at term 4 for DISCOVERED_A_NEW_TERM
2019-10-16 06:01:07,643 [8c19deeb-317a-48b3-82a9-f18220a73035@group-2716D4593A72-LeaderElection16] INFO  impl.RoleInfo (RoleInfo.java:shutdownLeaderElection(134)) - 8c19deeb-317a-48b3-82a9-f18220a73035: shutdown LeaderElection
2019-10-16 06:01:07,643 [8c19deeb-317a-48b3-82a9-f18220a73035@group-2716D4593A72-LeaderElection16] INFO  impl.RoleInfo (RoleInfo.java:updateAndGet(143)) - 8c19deeb-317a-48b3-82a9-f18220a73035: start FollowerState
2019-10-16 06:01:07,644 [grpc-default-executor-3] INFO  server.GrpcServerProtocolService (GrpcServerProtocolService.java:onCompleted(113)) - f57e9b24-e963-44a9-9a1d-af10325c0693: Completed APPEND_ENTRIES, lastRequest: 312a2b1d-4089-408f-ae02-669a7707c04d->f57e9b24-e963-44a9-9a1d-af10325c0693#0-t3, previous=(t:0, i:0), leaderCommit=-1, initializing? false, entries: <empty>
2019-10-16 06:01:07,644 [grpc-default-executor-5] INFO  server.GrpcServerProtocolService (GrpcServerProtocolService.java:onCompleted(113)) - 8c19deeb-317a-48b3-82a9-f18220a73035: Completed APPEND_ENTRIES, lastRequest: 312a2b1d-4089-408f-ae02-669a7707c04d->8c19deeb-317a-48b3-82a9-f18220a73035#0-t3, previous=(t:0, i:0), leaderCommit=-1, initializing? false, entries: <empty>
2019-10-16 06:01:07,655 [Thread-398] INFO  impl.FollowerState (FollowerState.java:run(108)) - 33262cc1-fa76-4c5f-8480-ecaaaa59e1c3@group-D291069948D7-FollowerState: change to CANDIDATE, lastRpcTime:85ms, electionTimeout:36ms
2019-10-16 06:01:07,656 [Thread-398] INFO  impl.RoleInfo (RoleInfo.java:shutdownFollowerState(121)) - 33262cc1-fa76-4c5f-8480-ecaaaa59e1c3: shutdown FollowerState
2019-10-16 06:01:07,656 [Thread-398] INFO  impl.RaftServerImpl (RaftServerImpl.java:setRole(184)) - 33262cc1-fa76-4c5f-8480-ecaaaa59e1c3@group-D291069948D7: changes role from  FOLLOWER to CANDIDATE at term 0 for changeToCandidate
2019-10-16 06:01:07,656 [Thread-398] INFO  impl.RoleInfo (RoleInfo.java:updateAndGet(143)) - 33262cc1-fa76-4c5f-8480-ecaaaa59e1c3: start LeaderElection
2019-10-16 06:01:07,662 [grpc-default-executor-3] INFO  server.GrpcLogAppender (GrpcLogAppender.java:onCompleted(308)) - 312a2b1d-4089-408f-ae02-669a7707c04d@group-2716D4593A72->8c19deeb-317a-48b3-82a9-f18220a73035-AppendLogResponseHandler: follower responses appendEntries COMPLETED
2019-10-16 06:01:07,664 [grpc-default-executor-5] INFO  server.GrpcLogAppender (GrpcLogAppender.java:onCompleted(308)) - 312a2b1d-4089-408f-ae02-669a7707c04d@group-2716D4593A72->f57e9b24-e963-44a9-9a1d-af10325c0693-AppendLogResponseHandler: follower responses appendEntries COMPLETED
2019-10-16 06:01:07,664 [33262cc1-fa76-4c5f-8480-ecaaaa59e1c3@group-D291069948D7-LeaderElection18] INFO  impl.LeaderElection (LeaderElection.java:askForVotes(178)) - 33262cc1-fa76-4c5f-8480-ecaaaa59e1c3@group-D291069948D7-LeaderElection18: begin an election at term 1 for -1: [7e1ad21a-3198-4af5-880c-f1c096872e7a:192.168.69.104:36957, 33262cc1-fa76-4c5f-8480-ecaaaa59e1c3:192.168.69.104:35873, f4df195b-7a0f-45aa-bcc4-04d0d9ee9376:192.168.69.104:37704], old=null
2019-10-16 06:01:07,664 [grpc-default-executor-3] INFO  impl.FollowerInfo (FollowerInfo.java:lambda$new$0(51)) - 312a2b1d-4089-408f-ae02-669a7707c04d@group-2716D4593A72->8c19deeb-317a-48b3-82a9-f18220a73035: nextIndex: updateUnconditionally 0 -> 0
2019-10-16 06:01:07,667 [d1fdf168-58cb-444a-97ca-5abcdb1babef@group-A77B575CA011-LeaderElection14] INFO  server.RaftServerConfigKeys (ConfUtils.java:logGet(43)) - raft.server.log.appender.snapshot.chunk.size.max = 16MB (=16777216) (default)
2019-10-16 06:01:07,667 [RatisPipelineUtilsThread] INFO  pipeline.PipelineStateManager (PipelineStateManager.java:addPipeline(56)) - Created pipeline Pipeline[ Id: 55b4299b-2bd8-4a48-8c74-d291069948d7, Nodes: 7e1ad21a-3198-4af5-880c-f1c096872e7a{ip: 192.168.69.104, host: pr-hdds-2312-q6qzp-1535798719, networkLocation: /default-rack, certSerialId: null}f4df195b-7a0f-45aa-bcc4-04d0d9ee9376{ip: 192.168.69.104, host: pr-hdds-2312-q6qzp-1535798719, networkLocation: /default-rack, certSerialId: null}33262cc1-fa76-4c5f-8480-ecaaaa59e1c3{ip: 192.168.69.104, host: pr-hdds-2312-q6qzp-1535798719, networkLocation: /default-rack, certSerialId: null}, Type:RATIS, Factor:THREE, State:OPEN]
2019-10-16 06:01:07,667 [d1fdf168-58cb-444a-97ca-5abcdb1babef@group-A77B575CA011-LeaderElection14] INFO  server.RaftServerConfigKeys (ConfUtils.java:logGet(43)) - raft.server.log.appender.buffer.byte-limit = 33554432 (custom)
2019-10-16 06:01:07,668 [d1fdf168-58cb-444a-97ca-5abcdb1babef@group-A77B575CA011-LeaderElection14] INFO  server.RaftServerConfigKeys (ConfUtils.java:logGet(43)) - raft.server.log.appender.buffer.element-limit = 1 (custom)
2019-10-16 06:01:07,671 [d1fdf168-58cb-444a-97ca-5abcdb1babef@group-A77B575CA011-LeaderElection14] INFO  grpc.GrpcConfigKeys$Server (ConfUtils.java:logGet(43)) - raft.grpc.server.leader.outstanding.appends.max = 128 (default)
2019-10-16 06:01:07,671 [d1fdf168-58cb-444a-97ca-5abcdb1babef@group-A77B575CA011-LeaderElection14] INFO  server.RaftServerConfigKeys (ConfUtils.java:logGet(43)) - raft.server.rpc.request.timeout = 3000ms (default)
2019-10-16 06:01:07,671 [grpc-default-executor-5] INFO  impl.FollowerInfo (FollowerInfo.java:lambda$new$0(51)) - 312a2b1d-4089-408f-ae02-669a7707c04d@group-2716D4593A72->f57e9b24-e963-44a9-9a1d-af10325c0693: nextIndex: updateUnconditionally 0 -> 0
2019-10-16 06:01:07,671 [d1fdf168-58cb-444a-97ca-5abcdb1babef@group-A77B575CA011-LeaderElection14] INFO  server.RaftServerConfigKeys (ConfUtils.java:logGet(43)) - raft.server.log.appender.install.snapshot.enabled = false (custom)
2019-10-16 06:01:07,673 [4a4798ab-8917-4d71-b7ea-449ce36720dc@group-A77B575CA011-LeaderElection17] INFO  impl.LeaderElection (LeaderElection.java:logAndReturn(56)) - 4a4798ab-8917-4d71-b7ea-449ce36720dc@group-A77B575CA011-LeaderElection17: Election PASSED; received 1 response(s) [4a4798ab-8917-4d71-b7ea-449ce36720dc<-46286b1e-0911-4b60-930a-7d069b9f5ead#0:OK-t3] and 0 exception(s); 4a4798ab-8917-4d71-b7ea-449ce36720dc@group-A77B575CA011:t3, leader=null, voted=4a4798ab-8917-4d71-b7ea-449ce36720dc, raftlog=4a4798ab-8917-4d71-b7ea-449ce36720dc@group-A77B575CA011-SegmentedRaftLog:OPENED:c-1,f-1,i0, conf=-1: [46286b1e-0911-4b60-930a-7d069b9f5ead:192.168.69.104:35014, 4a4798ab-8917-4d71-b7ea-449ce36720dc:192.168.69.104:41062, d1fdf168-58cb-444a-97ca-5abcdb1babef:192.168.69.104:44847], old=null
2019-10-16 06:01:07,674 [4a4798ab-8917-4d71-b7ea-449ce36720dc@group-A77B575CA011-LeaderElection17] INFO  impl.RoleInfo (RoleInfo.java:shutdownLeaderElection(134)) - 4a4798ab-8917-4d71-b7ea-449ce36720dc: shutdown LeaderElection
2019-10-16 06:01:07,676 [4a4798ab-8917-4d71-b7ea-449ce36720dc@group-A77B575CA011-LeaderElection17] INFO  impl.RaftServerImpl (RaftServerImpl.java:setRole(184)) - 4a4798ab-8917-4d71-b7ea-449ce36720dc@group-A77B575CA011: changes role from CANDIDATE to LEADER at term 3 for changeToLeader
2019-10-16 06:01:07,676 [4a4798ab-8917-4d71-b7ea-449ce36720dc@group-A77B575CA011-LeaderElection17] INFO  impl.RaftServerImpl (ServerState.java:setLeader(256)) - 4a4798ab-8917-4d71-b7ea-449ce36720dc@group-A77B575CA011: change Leader from null to 4a4798ab-8917-4d71-b7ea-449ce36720dc at term 3 for becomeLeader, leader elected after 407ms
2019-10-16 06:01:07,676 [4a4798ab-8917-4d71-b7ea-449ce36720dc@group-A77B575CA011-LeaderElection17] INFO  server.RaftServerConfigKeys (ConfUtils.java:logGet(43)) - raft.server.staging.catchup.gap = 1000 (default)
2019-10-16 06:01:07,676 [4a4798ab-8917-4d71-b7ea-449ce36720dc@group-A77B575CA011-LeaderElection17] INFO  server.RaftServerConfigKeys (ConfUtils.java:logGet(43)) - raft.server.rpc.sleep.time = 25ms (default)
2019-10-16 06:01:07,680 [4a4798ab-8917-4d71-b7ea-449ce36720dc@group-A77B575CA011-LeaderElection17] INFO  server.RaftServerConfigKeys (ConfUtils.java:logGet(43)) - raft.server.write.element-limit = 4096 (default)
2019-10-16 06:01:07,680 [4a4798ab-8917-4d71-b7ea-449ce36720dc@group-A77B575CA011-LeaderElection17] INFO  server.RaftServerConfigKeys (ConfUtils.java:logGet(43)) - raft.server.watch.timeout = 10s (default)
2019-10-16 06:01:07,680 [4a4798ab-8917-4d71-b7ea-449ce36720dc@group-A77B575CA011-LeaderElection17] INFO  server.RaftServerConfigKeys (ConfUtils.java:logGet(43)) - raft.server.watch.timeout.denomination = 1s (default)
2019-10-16 06:01:07,680 [4a4798ab-8917-4d71-b7ea-449ce36720dc@group-A77B575CA011-LeaderElection17] INFO  server.RaftServerConfigKeys (ConfUtils.java:logGet(43)) - raft.server.watch.element-limit = 65536 (default)
2019-10-16 06:01:07,681 [IPC Server handler 0 on 40906] INFO  pipeline.PipelineStateManager (PipelineStateManager.java:addPipeline(56)) - Created pipeline Pipeline[ Id: 869a63bd-25c9-4c00-88d9-198b22d4dc58, Nodes: 7e1ad21a-3198-4af5-880c-f1c096872e7a{ip: 192.168.69.104, host: pr-hdds-2312-q6qzp-1535798719, networkLocation: /default-rack, certSerialId: null}, Type:STAND_ALONE, Factor:ONE, State:OPEN]
2019-10-16 06:01:07,685 [d1fdf168-58cb-444a-97ca-5abcdb1babef@group-A77B575CA011-LeaderElection14] INFO  impl.RoleInfo (RoleInfo.java:updateAndGet(143)) - d1fdf168-58cb-444a-97ca-5abcdb1babef: start LeaderState
2019-10-16 06:01:07,686 [d1fdf168-58cb-444a-97ca-5abcdb1babef@group-A77B575CA011-LeaderElection14] INFO  segmented.SegmentedRaftLogWorker (SegmentedRaftLogWorker.java:startLogSegment(385)) - d1fdf168-58cb-444a-97ca-5abcdb1babef@group-A77B575CA011-SegmentedRaftLogWorker: Starting segment from index:0
2019-10-16 06:01:07,687 [grpc-default-executor-0] INFO  impl.RaftServerImpl (RaftServerImpl.java:setRole(184)) - f4df195b-7a0f-45aa-bcc4-04d0d9ee9376@group-D291069948D7: changes role from  FOLLOWER to FOLLOWER at term 1 for recognizeCandidate:33262cc1-fa76-4c5f-8480-ecaaaa59e1c3
2019-10-16 06:01:07,688 [grpc-default-executor-0] INFO  impl.RoleInfo (RoleInfo.java:shutdownFollowerState(121)) - f4df195b-7a0f-45aa-bcc4-04d0d9ee9376: shutdown FollowerState
2019-10-16 06:01:07,688 [4a4798ab-8917-4d71-b7ea-449ce36720dc@group-A77B575CA011-LeaderElection17] INFO  server.RaftServerConfigKeys (ConfUtils.java:logGet(43)) - raft.server.log.appender.snapshot.chunk.size.max = 16MB (=16777216) (default)
2019-10-16 06:01:07,688 [4a4798ab-8917-4d71-b7ea-449ce36720dc@group-A77B575CA011-LeaderElection17] INFO  server.RaftServerConfigKeys (ConfUtils.java:logGet(43)) - raft.server.log.appender.buffer.byte-limit = 33554432 (custom)
2019-10-16 06:01:07,688 [Thread-401] INFO  impl.FollowerState (FollowerState.java:run(117)) - f4df195b-7a0f-45aa-bcc4-04d0d9ee9376@group-D291069948D7-FollowerState was interrupted: java.lang.InterruptedException: sleep interrupted
2019-10-16 06:01:07,688 [4a4798ab-8917-4d71-b7ea-449ce36720dc@group-A77B575CA011-LeaderElection17] INFO  server.RaftServerConfigKeys (ConfUtils.java:logGet(43)) - raft.server.log.appender.buffer.element-limit = 1 (custom)
2019-10-16 06:01:07,725 [d1fdf168-58cb-444a-97ca-5abcdb1babef@group-A77B575CA011-LeaderElection14] INFO  impl.RaftServerImpl (ServerState.java:setRaftConf(357)) - d1fdf168-58cb-444a-97ca-5abcdb1babef@group-A77B575CA011: set configuration 0: [46286b1e-0911-4b60-930a-7d069b9f5ead:192.168.69.104:35014, 4a4798ab-8917-4d71-b7ea-449ce36720dc:192.168.69.104:41062, d1fdf168-58cb-444a-97ca-5abcdb1babef:192.168.69.104:44847], old=null at 0
2019-10-16 06:01:07,723 [grpc-default-executor-3] INFO  impl.RaftServerImpl (RaftServerImpl.java:setRole(184)) - 7e1ad21a-3198-4af5-880c-f1c096872e7a@group-D291069948D7: changes role from  FOLLOWER to FOLLOWER at term 1 for recognizeCandidate:33262cc1-fa76-4c5f-8480-ecaaaa59e1c3
2019-10-16 06:01:07,725 [grpc-default-executor-0] INFO  impl.RoleInfo (RoleInfo.java:updateAndGet(143)) - f4df195b-7a0f-45aa-bcc4-04d0d9ee9376: start FollowerState
2019-10-16 06:01:07,723 [Thread-412] INFO  impl.FollowerState (FollowerState.java:run(108)) - 8c19deeb-317a-48b3-82a9-f18220a73035@group-2716D4593A72-FollowerState: change to CANDIDATE, lastRpcTime:79ms, electionTimeout:58ms
2019-10-16 06:01:07,726 [33262cc1-fa76-4c5f-8480-ecaaaa59e1c3@group-D291069948D7-LeaderElection18] INFO  impl.LeaderElection (LeaderElection.java:logAndReturn(56)) - 33262cc1-fa76-4c5f-8480-ecaaaa59e1c3@group-D291069948D7-LeaderElection18: Election TIMEOUT; received 0 response(s) [] and 0 exception(s); 33262cc1-fa76-4c5f-8480-ecaaaa59e1c3@group-D291069948D7:t1, leader=null, voted=33262cc1-fa76-4c5f-8480-ecaaaa59e1c3, raftlog=33262cc1-fa76-4c5f-8480-ecaaaa59e1c3@group-D291069948D7-SegmentedRaftLog:OPENED:c-1,f-1,i0, conf=-1: [7e1ad21a-3198-4af5-880c-f1c096872e7a:192.168.69.104:36957, 33262cc1-fa76-4c5f-8480-ecaaaa59e1c3:192.168.69.104:35873, f4df195b-7a0f-45aa-bcc4-04d0d9ee9376:192.168.69.104:37704], old=null
2019-10-16 06:01:07,726 [grpc-default-executor-3] INFO  impl.RoleInfo (RoleInfo.java:shutdownFollowerState(121)) - 7e1ad21a-3198-4af5-880c-f1c096872e7a: shutdown FollowerState
2019-10-16 06:01:07,726 [4a4798ab-8917-4d71-b7ea-449ce36720dc@group-A77B575CA011-LeaderElection17] INFO  grpc.GrpcConfigKeys$Server (ConfUtils.java:logGet(43)) - raft.grpc.server.leader.outstanding.appends.max = 128 (default)
2019-10-16 06:01:07,726 [grpc-default-executor-2] INFO  impl.RaftServerImpl (ServerState.java:setLeader(256)) - d1fdf168-58cb-444a-97ca-5abcdb1babef@group-A77B575CA011: change Leader from d1fdf168-58cb-444a-97ca-5abcdb1babef to null at term 3 for updateCurrentTerm
2019-10-16 06:01:07,729 [4a4798ab-8917-4d71-b7ea-449ce36720dc@group-A77B575CA011-LeaderElection17] INFO  server.RaftServerConfigKeys (ConfUtils.java:logGet(43)) - raft.server.rpc.request.timeout = 3000ms (default)
2019-10-16 06:01:07,729 [Thread-402] INFO  impl.FollowerState (FollowerState.java:run(117)) - 7e1ad21a-3198-4af5-880c-f1c096872e7a@group-D291069948D7-FollowerState was interrupted: java.lang.InterruptedException: sleep interrupted
2019-10-16 06:01:07,727 [grpc-default-executor-3] INFO  impl.RoleInfo (RoleInfo.java:updateAndGet(143)) - 7e1ad21a-3198-4af5-880c-f1c096872e7a: start FollowerState
2019-10-16 06:01:07,726 [Thread-412] INFO  impl.RoleInfo (RoleInfo.java:shutdownFollowerState(121)) - 8c19deeb-317a-48b3-82a9-f18220a73035: shutdown FollowerState
2019-10-16 06:01:07,730 [4a4798ab-8917-4d71-b7ea-449ce36720dc@group-A77B575CA011-LeaderElection17] INFO  server.RaftServerConfigKeys (ConfUtils.java:logGet(43)) - raft.server.log.appender.install.snapshot.enabled = false (custom)
2019-10-16 06:01:07,730 [grpc-default-executor-2] INFO  impl.RaftServerImpl (RaftServerImpl.java:setRole(184)) - d1fdf168-58cb-444a-97ca-5abcdb1babef@group-A77B575CA011: changes role from    LEADER to FOLLOWER at term 3 for recognizeCandidate:4a4798ab-8917-4d71-b7ea-449ce36720dc
2019-10-16 06:01:07,733 [Thread-412] INFO  impl.RaftServerImpl (RaftServerImpl.java:setRole(184)) - 8c19deeb-317a-48b3-82a9-f18220a73035@group-2716D4593A72: changes role from  FOLLOWER to CANDIDATE at term 4 for changeToCandidate
2019-10-16 06:01:07,734 [grpc-default-executor-2] INFO  impl.RoleInfo (RoleInfo.java:shutdownLeaderState(104)) - d1fdf168-58cb-444a-97ca-5abcdb1babef: shutdown LeaderState
2019-10-16 06:01:07,734 [Thread-412] INFO  impl.RoleInfo (RoleInfo.java:updateAndGet(143)) - 8c19deeb-317a-48b3-82a9-f18220a73035: start LeaderElection
2019-10-16 06:01:07,739 [org.apache.ratis.server.impl.LogAppender$AppenderDaemon$$Lambda$552/2085075379@28e99e6f] WARN  server.GrpcLogAppender (GrpcLogAppender.java:mayWait(149)) - d1fdf168-58cb-444a-97ca-5abcdb1babef@group-A77B575CA011->4a4798ab-8917-4d71-b7ea-449ce36720dc-GrpcLogAppender: Wait interrupted by java.lang.InterruptedException
2019-10-16 06:01:07,739 [grpc-default-executor-2] INFO  impl.PendingRequests (PendingRequests.java:sendNotLeaderResponses(202)) - d1fdf168-58cb-444a-97ca-5abcdb1babef@group-A77B575CA011-PendingRequests: sendNotLeaderResponses
2019-10-16 06:01:07,739 [d1fdf168-58cb-444a-97ca-5abcdb1babef@group-A77B575CA011-SegmentedRaftLogWorker] INFO  segmented.SegmentedRaftLogWorker (SegmentedRaftLogWorker.java:execute(576)) - d1fdf168-58cb-444a-97ca-5abcdb1babef@group-A77B575CA011-SegmentedRaftLogWorker: created new log segment /workdir/hadoop-ozone/integration-test/target/test-dir/MiniOzoneClusterImpl-257c3db4-a93f-4c6f-afa5-a7c4c1fab1a3/datanode-3/data/ratis/1de679fa-bc33-450d-93d9-a77b575ca011/current/log_inprogress_0
2019-10-16 06:01:07,742 [org.apache.ratis.server.impl.LogAppender$AppenderDaemon$$Lambda$552/2085075379@79c4888f] WARN  server.GrpcLogAppender (GrpcLogAppender.java:mayWait(149)) - d1fdf168-58cb-444a-97ca-5abcdb1babef@group-A77B575CA011->46286b1e-0911-4b60-930a-7d069b9f5ead-GrpcLogAppender: Wait interrupted by java.lang.InterruptedException
2019-10-16 06:01:07,739 [33262cc1-fa76-4c5f-8480-ecaaaa59e1c3@group-D291069948D7-LeaderElection18] INFO  impl.LeaderElection (LeaderElection.java:askForVotes(178)) - 33262cc1-fa76-4c5f-8480-ecaaaa59e1c3@group-D291069948D7-LeaderElection18: begin an election at term 2 for -1: [7e1ad21a-3198-4af5-880c-f1c096872e7a:192.168.69.104:36957, 33262cc1-fa76-4c5f-8480-ecaaaa59e1c3:192.168.69.104:35873, f4df195b-7a0f-45aa-bcc4-04d0d9ee9376:192.168.69.104:37704], old=null
2019-10-16 06:01:07,742 [grpc-default-executor-2] INFO  impl.RoleInfo (RoleInfo.java:updateAndGet(143)) - d1fdf168-58cb-444a-97ca-5abcdb1babef: start FollowerState
2019-10-16 06:01:07,753 [grpc-default-executor-3] INFO  server.GrpcServerProtocolService (GrpcServerProtocolService.java:onCompleted(113)) - 46286b1e-0911-4b60-930a-7d069b9f5ead: Completed APPEND_ENTRIES, lastRequest: d1fdf168-58cb-444a-97ca-5abcdb1babef->46286b1e-0911-4b60-930a-7d069b9f5ead#0-t2, previous=(t:0, i:0), leaderCommit=-1, initializing? false, entries: <empty>
2019-10-16 06:01:07,755 [4a4798ab-8917-4d71-b7ea-449ce36720dc@group-A77B575CA011-LeaderElection17] INFO  server.RaftServerConfigKeys (ConfUtils.java:logGet(43)) - raft.server.log.appender.snapshot.chunk.size.max = 16MB (=16777216) (default)
2019-10-16 06:01:07,756 [4a4798ab-8917-4d71-b7ea-449ce36720dc@group-A77B575CA011-LeaderElection17] INFO  server.RaftServerConfigKeys (ConfUtils.java:logGet(43)) - raft.server.log.appender.buffer.byte-limit = 33554432 (custom)
2019-10-16 06:01:07,756 [4a4798ab-8917-4d71-b7ea-449ce36720dc@group-A77B575CA011-LeaderElection17] INFO  server.RaftServerConfigKeys (ConfUtils.java:logGet(43)) - raft.server.log.appender.buffer.element-limit = 1 (custom)
2019-10-16 06:01:07,758 [grpc-default-executor-3] INFO  impl.RaftServerImpl (RaftServerImpl.java:setRole(184)) - f4df195b-7a0f-45aa-bcc4-04d0d9ee9376@group-D291069948D7: changes role from  FOLLOWER to FOLLOWER at term 2 for recognizeCandidate:33262cc1-fa76-4c5f-8480-ecaaaa59e1c3
2019-10-16 06:01:07,758 [4a4798ab-8917-4d71-b7ea-449ce36720dc@group-A77B575CA011-LeaderElection17] INFO  grpc.GrpcConfigKeys$Server (ConfUtils.java:logGet(43)) - raft.grpc.server.leader.outstanding.appends.max = 128 (default)
2019-10-16 06:01:07,758 [grpc-default-executor-3] INFO  impl.RoleInfo (RoleInfo.java:shutdownFollowerState(121)) - f4df195b-7a0f-45aa-bcc4-04d0d9ee9376: shutdown FollowerState
2019-10-16 06:01:07,758 [4a4798ab-8917-4d71-b7ea-449ce36720dc@group-A77B575CA011-LeaderElection17] INFO  server.RaftServerConfigKeys (ConfUtils.java:logGet(43)) - raft.server.rpc.request.timeout = 3000ms (default)
2019-10-16 06:01:07,758 [Thread-418] INFO  impl.FollowerState (FollowerState.java:run(117)) - f4df195b-7a0f-45aa-bcc4-04d0d9ee9376@group-D291069948D7-FollowerState was interrupted: java.lang.InterruptedException: sleep interrupted
2019-10-16 06:01:07,758 [grpc-default-executor-3] INFO  impl.RoleInfo (RoleInfo.java:updateAndGet(143)) - f4df195b-7a0f-45aa-bcc4-04d0d9ee9376: start FollowerState
2019-10-16 06:01:07,759 [4a4798ab-8917-4d71-b7ea-449ce36720dc@group-A77B575CA011-LeaderElection17] INFO  server.RaftServerConfigKeys (ConfUtils.java:logGet(43)) - raft.server.log.appender.install.snapshot.enabled = false (custom)
2019-10-16 06:01:07,761 [grpc-default-executor-5] INFO  server.GrpcLogAppender (GrpcLogAppender.java:onCompleted(308)) - d1fdf168-58cb-444a-97ca-5abcdb1babef@group-A77B575CA011->46286b1e-0911-4b60-930a-7d069b9f5ead-AppendLogResponseHandler: follower responses appendEntries COMPLETED
2019-10-16 06:01:07,761 [8c19deeb-317a-48b3-82a9-f18220a73035@group-2716D4593A72-LeaderElection19] INFO  impl.LeaderElection (LeaderElection.java:askForVotes(178)) - 8c19deeb-317a-48b3-82a9-f18220a73035@group-2716D4593A72-LeaderElection19: begin an election at term 5 for -1: [312a2b1d-4089-408f-ae02-669a7707c04d:192.168.69.104:33667, f57e9b24-e963-44a9-9a1d-af10325c0693:192.168.69.104:44592, 8c19deeb-317a-48b3-82a9-f18220a73035:192.168.69.104:45027], old=null
2019-10-16 06:01:07,766 [grpc-default-executor-0] INFO  impl.RaftServerImpl (RaftServerImpl.java:setRole(184)) - 7e1ad21a-3198-4af5-880c-f1c096872e7a@group-D291069948D7: changes role from  FOLLOWER to FOLLOWER at term 2 for recognizeCandidate:33262cc1-fa76-4c5f-8480-ecaaaa59e1c3
2019-10-16 06:01:07,766 [grpc-default-executor-0] INFO  impl.RoleInfo (RoleInfo.java:shutdownFollowerState(121)) - 7e1ad21a-3198-4af5-880c-f1c096872e7a: shutdown FollowerState
2019-10-16 06:01:07,767 [Thread-420] INFO  impl.FollowerState (FollowerState.java:run(117)) - 7e1ad21a-3198-4af5-880c-f1c096872e7a@group-D291069948D7-FollowerState was interrupted: java.lang.InterruptedException: sleep interrupted
2019-10-16 06:01:07,767 [grpc-default-executor-5] INFO  impl.FollowerInfo (FollowerInfo.java:lambda$new$0(51)) - d1fdf168-58cb-444a-97ca-5abcdb1babef@group-A77B575CA011->46286b1e-0911-4b60-930a-7d069b9f5ead: nextIndex: updateUnconditionally 0 -> 0
2019-10-16 06:01:07,767 [grpc-default-executor-0] INFO  impl.RoleInfo (RoleInfo.java:updateAndGet(143)) - 7e1ad21a-3198-4af5-880c-f1c096872e7a: start FollowerState
2019-10-16 06:01:07,775 [4a4798ab-8917-4d71-b7ea-449ce36720dc@group-A77B575CA011-LeaderElection17] INFO  impl.RoleInfo (RoleInfo.java:updateAndGet(143)) - 4a4798ab-8917-4d71-b7ea-449ce36720dc: start LeaderState
2019-10-16 06:01:07,775 [4a4798ab-8917-4d71-b7ea-449ce36720dc@group-A77B575CA011-LeaderElection17] INFO  segmented.SegmentedRaftLogWorker (SegmentedRaftLogWorker.java:startLogSegment(385)) - 4a4798ab-8917-4d71-b7ea-449ce36720dc@group-A77B575CA011-SegmentedRaftLogWorker: Starting segment from index:0
2019-10-16 06:01:07,776 [grpc-default-executor-5] INFO  impl.RaftServerImpl (RaftServerImpl.java:setRole(184)) - f57e9b24-e963-44a9-9a1d-af10325c0693@group-2716D4593A72: changes role from  FOLLOWER to FOLLOWER at term 5 for recognizeCandidate:8c19deeb-317a-48b3-82a9-f18220a73035
2019-10-16 06:01:07,776 [grpc-default-executor-2] INFO  impl.RaftServerImpl (RaftServerImpl.java:setRole(184)) - 312a2b1d-4089-408f-ae02-669a7707c04d@group-2716D4593A72: changes role from  FOLLOWER to FOLLOWER at term 5 for recognizeCandidate:8c19deeb-317a-48b3-82a9-f18220a73035
2019-10-16 06:01:07,776 [grpc-default-executor-5] INFO  impl.RoleInfo (RoleInfo.java:shutdownFollowerState(121)) - f57e9b24-e963-44a9-9a1d-af10325c0693: shutdown FollowerState
2019-10-16 06:01:07,776 [4a4798ab-8917-4d71-b7ea-449ce36720dc@group-A77B575CA011-LeaderElection17] INFO  impl.RaftServerImpl (ServerState.java:setRaftConf(357)) - 4a4798ab-8917-4d71-b7ea-449ce36720dc@group-A77B575CA011: set configuration 0: [46286b1e-0911-4b60-930a-7d069b9f5ead:192.168.69.104:35014, 4a4798ab-8917-4d71-b7ea-449ce36720dc:192.168.69.104:41062, d1fdf168-58cb-444a-97ca-5abcdb1babef:192.168.69.104:44847], old=null at 0
2019-10-16 06:01:07,776 [grpc-default-executor-2] INFO  impl.RoleInfo (RoleInfo.java:shutdownFollowerState(121)) - 312a2b1d-4089-408f-ae02-669a7707c04d: shutdown FollowerState
2019-10-16 06:01:07,814 [33262cc1-fa76-4c5f-8480-ecaaaa59e1c3@group-D291069948D7-LeaderElection18] INFO  impl.LeaderElection (LeaderElection.java:logAndReturn(56)) - 33262cc1-fa76-4c5f-8480-ecaaaa59e1c3@group-D291069948D7-LeaderElection18: Election TIMEOUT; received 0 response(s) [] and 0 exception(s); 33262cc1-fa76-4c5f-8480-ecaaaa59e1c3@group-D291069948D7:t2, leader=null, voted=33262cc1-fa76-4c5f-8480-ecaaaa59e1c3, raftlog=33262cc1-fa76-4c5f-8480-ecaaaa59e1c3@group-D291069948D7-SegmentedRaftLog:OPENED:c-1,f-1,i0, conf=-1: [7e1ad21a-3198-4af5-880c-f1c096872e7a:192.168.69.104:36957, 33262cc1-fa76-4c5f-8480-ecaaaa59e1c3:192.168.69.104:35873, f4df195b-7a0f-45aa-bcc4-04d0d9ee9376:192.168.69.104:37704], old=null
2019-10-16 06:01:07,814 [Thread-410] INFO  impl.FollowerState (FollowerState.java:run(108)) - 46286b1e-0911-4b60-930a-7d069b9f5ead@group-A77B575CA011-FollowerState: change to CANDIDATE, lastRpcTime:173ms, electionTimeout:170ms
2019-10-16 06:01:07,777 [grpc-default-executor-5] INFO  impl.RoleInfo (RoleInfo.java:updateAndGet(143)) - f57e9b24-e963-44a9-9a1d-af10325c0693: start FollowerState
2019-10-16 06:01:07,777 [Thread-393] INFO  impl.FollowerState (FollowerState.java:run(117)) - f57e9b24-e963-44a9-9a1d-af10325c0693@group-2716D4593A72-FollowerState was interrupted: java.lang.InterruptedException: sleep interrupted
2019-10-16 06:01:07,817 [Thread-410] INFO  impl.RoleInfo (RoleInfo.java:shutdownFollowerState(121)) - 46286b1e-0911-4b60-930a-7d069b9f5ead: shutdown FollowerState
2019-10-16 06:01:07,815 [grpc-default-executor-2] INFO  impl.RoleInfo (RoleInfo.java:updateAndGet(143)) - 312a2b1d-4089-408f-ae02-669a7707c04d: start FollowerState
2019-10-16 06:01:07,815 [Thread-399] INFO  impl.FollowerState (FollowerState.java:run(117)) - 312a2b1d-4089-408f-ae02-669a7707c04d@group-2716D4593A72-FollowerState was interrupted: java.lang.InterruptedException: sleep interrupted
2019-10-16 06:01:07,815 [Thread-428] INFO  impl.FollowerState (FollowerState.java:run(108)) - f4df195b-7a0f-45aa-bcc4-04d0d9ee9376@group-D291069948D7-FollowerState: change to CANDIDATE, lastRpcTime:56ms, electionTimeout:39ms
2019-10-16 06:01:07,824 [8c19deeb-317a-48b3-82a9-f18220a73035@group-2716D4593A72-LeaderElection19] INFO  impl.LeaderElection (LeaderElection.java:logAndReturn(56)) - 8c19deeb-317a-48b3-82a9-f18220a73035@group-2716D4593A72-LeaderElection19: Election TIMEOUT; received 0 response(s) [] and 0 exception(s); 8c19deeb-317a-48b3-82a9-f18220a73035@group-2716D4593A72:t5, leader=null, voted=8c19deeb-317a-48b3-82a9-f18220a73035, raftlog=8c19deeb-317a-48b3-82a9-f18220a73035@group-2716D4593A72-SegmentedRaftLog:OPENED:c-1,f-1,i0, conf=-1: [312a2b1d-4089-408f-ae02-669a7707c04d:192.168.69.104:33667, f57e9b24-e963-44a9-9a1d-af10325c0693:192.168.69.104:44592, 8c19deeb-317a-48b3-82a9-f18220a73035:192.168.69.104:45027], old=null
2019-10-16 06:01:07,820 [Thread-410] INFO  impl.RaftServerImpl (RaftServerImpl.java:setRole(184)) - 46286b1e-0911-4b60-930a-7d069b9f5ead@group-A77B575CA011: changes role from  FOLLOWER to CANDIDATE at term 3 for changeToCandidate
2019-10-16 06:01:07,827 [grpc-default-executor-6] INFO  server.GrpcServerProtocolService (GrpcServerProtocolService.java:onCompleted(113)) - 4a4798ab-8917-4d71-b7ea-449ce36720dc: Completed APPEND_ENTRIES, lastRequest: d1fdf168-58cb-444a-97ca-5abcdb1babef->4a4798ab-8917-4d71-b7ea-449ce36720dc#0-t2, previous=(t:0, i:0), leaderCommit=-1, initializing? false, entries: <empty>
2019-10-16 06:01:07,826 [Thread-428] INFO  impl.RoleInfo (RoleInfo.java:shutdownFollowerState(121)) - f4df195b-7a0f-45aa-bcc4-04d0d9ee9376: shutdown FollowerState
2019-10-16 06:01:07,829 [4a4798ab-8917-4d71-b7ea-449ce36720dc@group-A77B575CA011-SegmentedRaftLogWorker] INFO  segmented.SegmentedRaftLogWorker (SegmentedRaftLogWorker.java:execute(576)) - 4a4798ab-8917-4d71-b7ea-449ce36720dc@group-A77B575CA011-SegmentedRaftLogWorker: created new log segment /workdir/hadoop-ozone/integration-test/target/test-dir/MiniOzoneClusterImpl-257c3db4-a93f-4c6f-afa5-a7c4c1fab1a3/datanode-8/data/ratis/1de679fa-bc33-450d-93d9-a77b575ca011/current/log_inprogress_0
2019-10-16 06:01:07,829 [Thread-428] INFO  impl.RaftServerImpl (RaftServerImpl.java:setRole(184)) - f4df195b-7a0f-45aa-bcc4-04d0d9ee9376@group-D291069948D7: changes role from  FOLLOWER to CANDIDATE at term 2 for changeToCandidate
2019-10-16 06:01:07,830 [Thread-428] INFO  impl.RoleInfo (RoleInfo.java:updateAndGet(143)) - f4df195b-7a0f-45aa-bcc4-04d0d9ee9376: start LeaderElection
2019-10-16 06:01:07,830 [Thread-410] INFO  impl.RoleInfo (RoleInfo.java:updateAndGet(143)) - 46286b1e-0911-4b60-930a-7d069b9f5ead: start LeaderElection
2019-10-16 06:01:07,840 [grpc-default-executor-6] INFO  server.GrpcLogAppender (GrpcLogAppender.java:onCompleted(308)) - d1fdf168-58cb-444a-97ca-5abcdb1babef@group-A77B575CA011->4a4798ab-8917-4d71-b7ea-449ce36720dc-AppendLogResponseHandler: follower responses appendEntries COMPLETED
2019-10-16 06:01:07,840 [grpc-default-executor-3] INFO  impl.RaftServerImpl (ServerState.java:setLeader(256)) - d1fdf168-58cb-444a-97ca-5abcdb1babef@group-A77B575CA011: change Leader from null to 4a4798ab-8917-4d71-b7ea-449ce36720dc at term 3 for appendEntries, leader elected after 114ms
2019-10-16 06:01:07,844 [grpc-default-executor-6] INFO  impl.FollowerInfo (FollowerInfo.java:lambda$new$0(51)) - d1fdf168-58cb-444a-97ca-5abcdb1babef@group-A77B575CA011->4a4798ab-8917-4d71-b7ea-449ce36720dc: nextIndex: updateUnconditionally 0 -> 0
2019-10-16 06:01:07,844 [8c19deeb-317a-48b3-82a9-f18220a73035@group-2716D4593A72-LeaderElection19] INFO  impl.LeaderElection (LeaderElection.java:askForVotes(178)) - 8c19deeb-317a-48b3-82a9-f18220a73035@group-2716D4593A72-LeaderElection19: begin an election at term 6 for -1: [312a2b1d-4089-408f-ae02-669a7707c04d:192.168.69.104:33667, f57e9b24-e963-44a9-9a1d-af10325c0693:192.168.69.104:44592, 8c19deeb-317a-48b3-82a9-f18220a73035:192.168.69.104:45027], old=null
2019-10-16 06:01:07,846 [46286b1e-0911-4b60-930a-7d069b9f5ead@group-A77B575CA011-LeaderElection20] INFO  impl.LeaderElection (LeaderElection.java:askForVotes(178)) - 46286b1e-0911-4b60-930a-7d069b9f5ead@group-A77B575CA011-LeaderElection20: begin an election at term 4 for -1: [46286b1e-0911-4b60-930a-7d069b9f5ead:192.168.69.104:35014, 4a4798ab-8917-4d71-b7ea-449ce36720dc:192.168.69.104:41062, d1fdf168-58cb-444a-97ca-5abcdb1babef:192.168.69.104:44847], old=null
2019-10-16 06:01:07,846 [33262cc1-fa76-4c5f-8480-ecaaaa59e1c3@group-D291069948D7-LeaderElection18] INFO  impl.LeaderElection (LeaderElection.java:askForVotes(178)) - 33262cc1-fa76-4c5f-8480-ecaaaa59e1c3@group-D291069948D7-LeaderElection18: begin an election at term 3 for -1: [7e1ad21a-3198-4af5-880c-f1c096872e7a:192.168.69.104:36957, 33262cc1-fa76-4c5f-8480-ecaaaa59e1c3:192.168.69.104:35873, f4df195b-7a0f-45aa-bcc4-04d0d9ee9376:192.168.69.104:37704], old=null
2019-10-16 06:01:07,847 [f4df195b-7a0f-45aa-bcc4-04d0d9ee9376@group-D291069948D7-LeaderElection21] INFO  impl.LeaderElection (LeaderElection.java:askForVotes(178)) - f4df195b-7a0f-45aa-bcc4-04d0d9ee9376@group-D291069948D7-LeaderElection21: begin an election at term 3 for -1: [7e1ad21a-3198-4af5-880c-f1c096872e7a:192.168.69.104:36957, 33262cc1-fa76-4c5f-8480-ecaaaa59e1c3:192.168.69.104:35873, f4df195b-7a0f-45aa-bcc4-04d0d9ee9376:192.168.69.104:37704], old=null
2019-10-16 06:01:07,854 [Thread-431] INFO  impl.FollowerState (FollowerState.java:run(108)) - 7e1ad21a-3198-4af5-880c-f1c096872e7a@group-D291069948D7-FollowerState: change to CANDIDATE, lastRpcTime:87ms, electionTimeout:84ms
2019-10-16 06:01:07,854 [Thread-431] INFO  impl.RoleInfo (RoleInfo.java:shutdownFollowerState(121)) - 7e1ad21a-3198-4af5-880c-f1c096872e7a: shutdown FollowerState
2019-10-16 06:01:07,855 [Thread-431] INFO  impl.RaftServerImpl (RaftServerImpl.java:setRole(184)) - 7e1ad21a-3198-4af5-880c-f1c096872e7a@group-D291069948D7: changes role from  FOLLOWER to CANDIDATE at term 2 for changeToCandidate
2019-10-16 06:01:07,857 [Thread-431] INFO  impl.RoleInfo (RoleInfo.java:updateAndGet(143)) - 7e1ad21a-3198-4af5-880c-f1c096872e7a: start LeaderElection
2019-10-16 06:01:07,858 [Thread-417] INFO  impl.RaftServerImpl (ServerState.java:setLeader(256)) - 4a4798ab-8917-4d71-b7ea-449ce36720dc@group-A77B575CA011: change Leader from 4a4798ab-8917-4d71-b7ea-449ce36720dc to null at term 4 for updateCurrentTerm
2019-10-16 06:01:07,861 [46286b1e-0911-4b60-930a-7d069b9f5ead@group-A77B575CA011-LeaderElection20] INFO  impl.LeaderElection (LeaderElection.java:logAndReturn(56)) - 46286b1e-0911-4b60-930a-7d069b9f5ead@group-A77B575CA011-LeaderElection20: Election TIMEOUT; received 0 response(s) [] and 0 exception(s); 46286b1e-0911-4b60-930a-7d069b9f5ead@group-A77B575CA011:t4, leader=null, voted=46286b1e-0911-4b60-930a-7d069b9f5ead, raftlog=46286b1e-0911-4b60-930a-7d069b9f5ead@group-A77B575CA011-SegmentedRaftLog:OPENED:c-1,f-1,i0, conf=-1: [46286b1e-0911-4b60-930a-7d069b9f5ead:192.168.69.104:35014, 4a4798ab-8917-4d71-b7ea-449ce36720dc:192.168.69.104:41062, d1fdf168-58cb-444a-97ca-5abcdb1babef:192.168.69.104:44847], old=null
2019-10-16 06:01:07,861 [Thread-417] INFO  impl.RaftServerImpl (RaftServerImpl.java:setRole(184)) - 4a4798ab-8917-4d71-b7ea-449ce36720dc@group-A77B575CA011: changes role from    LEADER to FOLLOWER at term 4 for stepDown
2019-10-16 06:01:07,861 [Thread-417] INFO  impl.RoleInfo (RoleInfo.java:shutdownLeaderState(104)) - 4a4798ab-8917-4d71-b7ea-449ce36720dc: shutdown LeaderState
2019-10-16 06:01:07,866 [org.apache.ratis.server.impl.LogAppender$AppenderDaemon$$Lambda$552/2085075379@3537e055] WARN  server.GrpcLogAppender (GrpcLogAppender.java:mayWait(149)) - 4a4798ab-8917-4d71-b7ea-449ce36720dc@group-A77B575CA011->d1fdf168-58cb-444a-97ca-5abcdb1babef-GrpcLogAppender: Wait interrupted by java.lang.InterruptedException
2019-10-16 06:01:07,871 [Thread-417] INFO  impl.PendingRequests (PendingRequests.java:sendNotLeaderResponses(202)) - 4a4798ab-8917-4d71-b7ea-449ce36720dc@group-A77B575CA011-PendingRequests: sendNotLeaderResponses
2019-10-16 06:01:07,882 [org.apache.ratis.server.impl.LogAppender$AppenderDaemon$$Lambda$552/2085075379@4f9e247] WARN  server.GrpcLogAppender (GrpcLogAppender.java:mayWait(149)) - 4a4798ab-8917-4d71-b7ea-449ce36720dc@group-A77B575CA011->46286b1e-0911-4b60-930a-7d069b9f5ead-GrpcLogAppender: Wait interrupted by java.lang.InterruptedException
2019-10-16 06:01:07,888 [f4df195b-7a0f-45aa-bcc4-04d0d9ee9376@group-D291069948D7-LeaderElection21] INFO  impl.LeaderElection (LeaderElection.java:logAndReturn(56)) - f4df195b-7a0f-45aa-bcc4-04d0d9ee9376@group-D291069948D7-LeaderElection21: Election TIMEOUT; received 0 response(s) [] and 0 exception(s); f4df195b-7a0f-45aa-bcc4-04d0d9ee9376@group-D291069948D7:t3, leader=null, voted=f4df195b-7a0f-45aa-bcc4-04d0d9ee9376, raftlog=f4df195b-7a0f-45aa-bcc4-04d0d9ee9376@group-D291069948D7-SegmentedRaftLog:OPENED:c-1,f-1,i0, conf=-1: [7e1ad21a-3198-4af5-880c-f1c096872e7a:192.168.69.104:36957, 33262cc1-fa76-4c5f-8480-ecaaaa59e1c3:192.168.69.104:35873, f4df195b-7a0f-45aa-bcc4-04d0d9ee9376:192.168.69.104:37704], old=null
2019-10-16 06:01:07,899 [Thread-417] INFO  impl.RoleInfo (RoleInfo.java:updateAndGet(143)) - 4a4798ab-8917-4d71-b7ea-449ce36720dc: start FollowerState
2019-10-16 06:01:07,901 [grpc-default-executor-0] INFO  impl.RaftServerImpl (RaftServerImpl.java:setRole(184)) - 312a2b1d-4089-408f-ae02-669a7707c04d@group-2716D4593A72: changes role from  FOLLOWER to FOLLOWER at term 6 for recognizeCandidate:8c19deeb-317a-48b3-82a9-f18220a73035
2019-10-16 06:01:07,903 [grpc-default-executor-0] INFO  impl.RoleInfo (RoleInfo.java:shutdownFollowerState(121)) - 312a2b1d-4089-408f-ae02-669a7707c04d: shutdown FollowerState
2019-10-16 06:01:07,903 [46286b1e-0911-4b60-930a-7d069b9f5ead@group-A77B575CA011-LeaderElection20] INFO  impl.LeaderElection (LeaderElection.java:askForVotes(178)) - 46286b1e-0911-4b60-930a-7d069b9f5ead@group-A77B575CA011-LeaderElection20: begin an election at term 5 for -1: [46286b1e-0911-4b60-930a-7d069b9f5ead:192.168.69.104:35014, 4a4798ab-8917-4d71-b7ea-449ce36720dc:192.168.69.104:41062, d1fdf168-58cb-444a-97ca-5abcdb1babef:192.168.69.104:44847], old=null
2019-10-16 06:01:07,903 [grpc-default-executor-0] INFO  impl.RoleInfo (RoleInfo.java:updateAndGet(143)) - 312a2b1d-4089-408f-ae02-669a7707c04d: start FollowerState
2019-10-16 06:01:07,904 [grpc-default-executor-2] INFO  server.GrpcServerProtocolService (GrpcServerProtocolService.java:onCompleted(113)) - 46286b1e-0911-4b60-930a-7d069b9f5ead: Completed APPEND_ENTRIES, lastRequest: 4a4798ab-8917-4d71-b7ea-449ce36720dc->46286b1e-0911-4b60-930a-7d069b9f5ead#0-t3, previous=(t:0, i:0), leaderCommit=-1, initializing? false, entries: <empty>
2019-10-16 06:01:07,904 [Thread-433] INFO  impl.FollowerState (FollowerState.java:run(117)) - 312a2b1d-4089-408f-ae02-669a7707c04d@group-2716D4593A72-FollowerState was interrupted: java.lang.InterruptedException: sleep interrupted
2019-10-16 06:01:07,903 [7e1ad21a-3198-4af5-880c-f1c096872e7a@group-D291069948D7-LeaderElection22] INFO  impl.LeaderElection (LeaderElection.java:askForVotes(178)) - 7e1ad21a-3198-4af5-880c-f1c096872e7a@group-D291069948D7-LeaderElection22: begin an election at term 3 for -1: [7e1ad21a-3198-4af5-880c-f1c096872e7a:192.168.69.104:36957, 33262cc1-fa76-4c5f-8480-ecaaaa59e1c3:192.168.69.104:35873, f4df195b-7a0f-45aa-bcc4-04d0d9ee9376:192.168.69.104:37704], old=null
2019-10-16 06:01:07,907 [8c19deeb-317a-48b3-82a9-f18220a73035@group-2716D4593A72-LeaderElection19] INFO  impl.LeaderElection (LeaderElection.java:logAndReturn(56)) - 8c19deeb-317a-48b3-82a9-f18220a73035@group-2716D4593A72-LeaderElection19: Election TIMEOUT; received 0 response(s) [] and 0 exception(s); 8c19deeb-317a-48b3-82a9-f18220a73035@group-2716D4593A72:t6, leader=null, voted=8c19deeb-317a-48b3-82a9-f18220a73035, raftlog=8c19deeb-317a-48b3-82a9-f18220a73035@group-2716D4593A72-SegmentedRaftLog:OPENED:c-1,f-1,i0, conf=-1: [312a2b1d-4089-408f-ae02-669a7707c04d:192.168.69.104:33667, f57e9b24-e963-44a9-9a1d-af10325c0693:192.168.69.104:44592, 8c19deeb-317a-48b3-82a9-f18220a73035:192.168.69.104:45027], old=null
2019-10-16 06:01:07,910 [grpc-default-executor-3] INFO  server.GrpcServerProtocolService (GrpcServerProtocolService.java:onCompleted(113)) - d1fdf168-58cb-444a-97ca-5abcdb1babef: Completed APPEND_ENTRIES, lastRequest: 4a4798ab-8917-4d71-b7ea-449ce36720dc->d1fdf168-58cb-444a-97ca-5abcdb1babef#0-t3, previous=(t:0, i:0), leaderCommit=-1, initializing? false, entries: <empty>
2019-10-16 06:01:07,913 [grpc-default-executor-2] INFO  impl.RaftServerImpl (ServerState.java:setLeader(256)) - d1fdf168-58cb-444a-97ca-5abcdb1babef@group-A77B575CA011: change Leader from 4a4798ab-8917-4d71-b7ea-449ce36720dc to null at term 4 for updateCurrentTerm
2019-10-16 06:01:07,915 [grpc-default-executor-2] INFO  impl.RaftServerImpl (RaftServerImpl.java:setRole(184)) - d1fdf168-58cb-444a-97ca-5abcdb1babef@group-A77B575CA011: changes role from  FOLLOWER to FOLLOWER at term 4 for recognizeCandidate:46286b1e-0911-4b60-930a-7d069b9f5ead
2019-10-16 06:01:07,916 [grpc-default-executor-2] INFO  impl.RoleInfo (RoleInfo.java:shutdownFollowerState(121)) - d1fdf168-58cb-444a-97ca-5abcdb1babef: shutdown FollowerState
2019-10-16 06:01:07,916 [grpc-default-executor-4] INFO  server.GrpcLogAppender (GrpcLogAppender.java:onCompleted(308)) - 4a4798ab-8917-4d71-b7ea-449ce36720dc@group-A77B575CA011->46286b1e-0911-4b60-930a-7d069b9f5ead-AppendLogResponseHandler: follower responses appendEntries COMPLETED
2019-10-16 06:01:07,916 [Thread-424] INFO  impl.FollowerState (FollowerState.java:run(117)) - d1fdf168-58cb-444a-97ca-5abcdb1babef@group-A77B575CA011-FollowerState was interrupted: java.lang.InterruptedException: sleep interrupted
2019-10-16 06:01:07,919 [8c19deeb-317a-48b3-82a9-f18220a73035@group-2716D4593A72-LeaderElection19] INFO  impl.LeaderElection (LeaderElection.java:askForVotes(178)) - 8c19deeb-317a-48b3-82a9-f18220a73035@group-2716D4593A72-LeaderElection19: begin an election at term 7 for -1: [312a2b1d-4089-408f-ae02-669a7707c04d:192.168.69.104:33667, f57e9b24-e963-44a9-9a1d-af10325c0693:192.168.69.104:44592, 8c19deeb-317a-48b3-82a9-f18220a73035:192.168.69.104:45027], old=null
2019-10-16 06:01:07,918 [f4df195b-7a0f-45aa-bcc4-04d0d9ee9376@group-D291069948D7-LeaderElection21] INFO  impl.LeaderElection (LeaderElection.java:askForVotes(178)) - f4df195b-7a0f-45aa-bcc4-04d0d9ee9376@group-D291069948D7-LeaderElection21: begin an election at term 4 for -1: [7e1ad21a-3198-4af5-880c-f1c096872e7a:192.168.69.104:36957, 33262cc1-fa76-4c5f-8480-ecaaaa59e1c3:192.168.69.104:35873, f4df195b-7a0f-45aa-bcc4-04d0d9ee9376:192.168.69.104:37704], old=null
2019-10-16 06:01:07,916 [grpc-default-executor-2] INFO  impl.RoleInfo (RoleInfo.java:updateAndGet(143)) - d1fdf168-58cb-444a-97ca-5abcdb1babef: start FollowerState
2019-10-16 06:01:07,926 [grpc-default-executor-3] INFO  impl.RaftServerImpl (RaftServerImpl.java:setRole(184)) - f57e9b24-e963-44a9-9a1d-af10325c0693@group-2716D4593A72: changes role from  FOLLOWER to FOLLOWER at term 6 for recognizeCandidate:8c19deeb-317a-48b3-82a9-f18220a73035
2019-10-16 06:01:07,926 [grpc-default-executor-6] INFO  impl.RaftServerImpl (RaftServerImpl.java:setRole(184)) - 4a4798ab-8917-4d71-b7ea-449ce36720dc@group-A77B575CA011: changes role from  FOLLOWER to FOLLOWER at term 4 for recognizeCandidate:46286b1e-0911-4b60-930a-7d069b9f5ead
2019-10-16 06:01:07,926 [grpc-default-executor-5] INFO  server.GrpcLogAppender (GrpcLogAppender.java:onCompleted(308)) - 4a4798ab-8917-4d71-b7ea-449ce36720dc@group-A77B575CA011->d1fdf168-58cb-444a-97ca-5abcdb1babef-AppendLogResponseHandler: follower responses appendEntries COMPLETED
2019-10-16 06:01:07,926 [grpc-default-executor-6] INFO  impl.RoleInfo (RoleInfo.java:shutdownFollowerState(121)) - 4a4798ab-8917-4d71-b7ea-449ce36720dc: shutdown FollowerState
2019-10-16 06:01:07,926 [grpc-default-executor-3] INFO  impl.RoleInfo (RoleInfo.java:shutdownFollowerState(121)) - f57e9b24-e963-44a9-9a1d-af10325c0693: shutdown FollowerState
2019-10-16 06:01:07,927 [Thread-448] INFO  impl.FollowerState (FollowerState.java:run(117)) - 4a4798ab-8917-4d71-b7ea-449ce36720dc@group-A77B575CA011-FollowerState was interrupted: java.lang.InterruptedException: sleep interrupted
2019-10-16 06:01:07,927 [grpc-default-executor-6] INFO  impl.RoleInfo (RoleInfo.java:updateAndGet(143)) - 4a4798ab-8917-4d71-b7ea-449ce36720dc: start FollowerState
2019-10-16 06:01:07,927 [Thread-432] INFO  impl.FollowerState (FollowerState.java:run(117)) - f57e9b24-e963-44a9-9a1d-af10325c0693@group-2716D4593A72-FollowerState was interrupted: java.lang.InterruptedException: sleep interrupted
2019-10-16 06:01:07,927 [grpc-default-executor-3] INFO  impl.RoleInfo (RoleInfo.java:updateAndGet(143)) - f57e9b24-e963-44a9-9a1d-af10325c0693: start FollowerState
2019-10-16 06:01:07,929 [grpc-default-executor-1] INFO  impl.RaftServerImpl (RaftServerImpl.java:setRole(184)) - 4a4798ab-8917-4d71-b7ea-449ce36720dc@group-A77B575CA011: changes role from  FOLLOWER to FOLLOWER at term 5 for recognizeCandidate:46286b1e-0911-4b60-930a-7d069b9f5ead
2019-10-16 06:01:07,931 [grpc-default-executor-1] INFO  impl.RoleInfo (RoleInfo.java:shutdownFollowerState(121)) - 4a4798ab-8917-4d71-b7ea-449ce36720dc: shutdown FollowerState
2019-10-16 06:01:07,932 [Thread-459] INFO  impl.FollowerState (FollowerState.java:run(117)) - 4a4798ab-8917-4d71-b7ea-449ce36720dc@group-A77B575CA011-FollowerState was interrupted: java.lang.InterruptedException: sleep interrupted
2019-10-16 06:01:07,932 [grpc-default-executor-1] INFO  impl.RoleInfo (RoleInfo.java:updateAndGet(143)) - 4a4798ab-8917-4d71-b7ea-449ce36720dc: start FollowerState
2019-10-16 06:01:07,941 [grpc-default-executor-0] INFO  impl.RaftServerImpl (RaftServerImpl.java:setRole(184)) - d1fdf168-58cb-444a-97ca-5abcdb1babef@group-A77B575CA011: changes role from  FOLLOWER to FOLLOWER at term 5 for recognizeCandidate:46286b1e-0911-4b60-930a-7d069b9f5ead
2019-10-16 06:01:07,941 [grpc-default-executor-0] INFO  impl.RoleInfo (RoleInfo.java:shutdownFollowerState(121)) - d1fdf168-58cb-444a-97ca-5abcdb1babef: shutdown FollowerState
2019-10-16 06:01:07,941 [Thread-454] INFO  impl.FollowerState (FollowerState.java:run(117)) - d1fdf168-58cb-444a-97ca-5abcdb1babef@group-A77B575CA011-FollowerState was interrupted: java.lang.InterruptedException: sleep interrupted
2019-10-16 06:01:07,941 [grpc-default-executor-0] INFO  impl.RoleInfo (RoleInfo.java:updateAndGet(143)) - d1fdf168-58cb-444a-97ca-5abcdb1babef: start FollowerState
2019-10-16 06:01:07,943 [grpc-default-executor-4] INFO  impl.FollowerInfo (FollowerInfo.java:lambda$new$0(51)) - 4a4798ab-8917-4d71-b7ea-449ce36720dc@group-A77B575CA011->46286b1e-0911-4b60-930a-7d069b9f5ead: nextIndex: updateUnconditionally 0 -> 0
2019-10-16 06:01:07,951 [grpc-default-executor-5] INFO  impl.FollowerInfo (FollowerInfo.java:lambda$new$0(51)) - 4a4798ab-8917-4d71-b7ea-449ce36720dc@group-A77B575CA011->d1fdf168-58cb-444a-97ca-5abcdb1babef: nextIndex: updateUnconditionally 0 -> 0
2019-10-16 06:01:07,957 [grpc-default-executor-4] INFO  impl.RaftServerImpl (RaftServerImpl.java:setRole(184)) - f57e9b24-e963-44a9-9a1d-af10325c0693@group-2716D4593A72: changes role from  FOLLOWER to FOLLOWER at term 7 for recognizeCandidate:8c19deeb-317a-48b3-82a9-f18220a73035
2019-10-16 06:01:07,959 [grpc-default-executor-4] INFO  impl.RoleInfo (RoleInfo.java:shutdownFollowerState(121)) - f57e9b24-e963-44a9-9a1d-af10325c0693: shutdown FollowerState
2019-10-16 06:01:07,959 [grpc-default-executor-4] INFO  impl.RoleInfo (RoleInfo.java:updateAndGet(143)) - f57e9b24-e963-44a9-9a1d-af10325c0693: start FollowerState
2019-10-16 06:01:07,959 [Thread-460] INFO  impl.FollowerState (FollowerState.java:run(117)) - f57e9b24-e963-44a9-9a1d-af10325c0693@group-2716D4593A72-FollowerState was interrupted: java.lang.InterruptedException: sleep interrupted
2019-10-16 06:01:07,959 [grpc-default-executor-5] INFO  impl.RaftServerImpl (RaftServerImpl.java:setRole(184)) - 7e1ad21a-3198-4af5-880c-f1c096872e7a@group-D291069948D7: changes role from CANDIDATE to FOLLOWER at term 4 for recognizeCandidate:f4df195b-7a0f-45aa-bcc4-04d0d9ee9376
2019-10-16 06:01:07,959 [grpc-default-executor-5] INFO  impl.RoleInfo (RoleInfo.java:shutdownLeaderElection(134)) - 7e1ad21a-3198-4af5-880c-f1c096872e7a: shutdown LeaderElection
2019-10-16 06:01:07,959 [grpc-default-executor-5] INFO  impl.RoleInfo (RoleInfo.java:updateAndGet(143)) - 7e1ad21a-3198-4af5-880c-f1c096872e7a: start FollowerState
2019-10-16 06:01:07,960 [33262cc1-fa76-4c5f-8480-ecaaaa59e1c3@group-D291069948D7-LeaderElection18] INFO  impl.LeaderElection (LeaderElection.java:logAndReturn(56)) - 33262cc1-fa76-4c5f-8480-ecaaaa59e1c3@group-D291069948D7-LeaderElection18: Election DISCOVERED_A_NEW_TERM; received 2 response(s) [33262cc1-fa76-4c5f-8480-ecaaaa59e1c3<-7e1ad21a-3198-4af5-880c-f1c096872e7a#0:FAIL-t3, 33262cc1-fa76-4c5f-8480-ecaaaa59e1c3<-f4df195b-7a0f-45aa-bcc4-04d0d9ee9376#0:FAIL-t4] and 0 exception(s); 33262cc1-fa76-4c5f-8480-ecaaaa59e1c3@group-D291069948D7:t3, leader=null, voted=33262cc1-fa76-4c5f-8480-ecaaaa59e1c3, raftlog=33262cc1-fa76-4c5f-8480-ecaaaa59e1c3@group-D291069948D7-SegmentedRaftLog:OPENED:c-1,f-1,i0, conf=-1: [7e1ad21a-3198-4af5-880c-f1c096872e7a:192.168.69.104:36957, 33262cc1-fa76-4c5f-8480-ecaaaa59e1c3:192.168.69.104:35873, f4df195b-7a0f-45aa-bcc4-04d0d9ee9376:192.168.69.104:37704], old=null
2019-10-16 06:01:07,960 [33262cc1-fa76-4c5f-8480-ecaaaa59e1c3@group-D291069948D7-LeaderElection18] INFO  impl.RaftServerImpl (RaftServerImpl.java:setRole(184)) - 33262cc1-fa76-4c5f-8480-ecaaaa59e1c3@group-D291069948D7: changes role from CANDIDATE to FOLLOWER at term 4 for DISCOVERED_A_NEW_TERM
2019-10-16 06:01:07,969 [33262cc1-fa76-4c5f-8480-ecaaaa59e1c3@group-D291069948D7-LeaderElection18] INFO  impl.RoleInfo (RoleInfo.java:shutdownLeaderElection(134)) - 33262cc1-fa76-4c5f-8480-ecaaaa59e1c3: shutdown LeaderElection
2019-10-16 06:01:07,969 [33262cc1-fa76-4c5f-8480-ecaaaa59e1c3@group-D291069948D7-LeaderElection18] INFO  impl.RoleInfo (RoleInfo.java:updateAndGet(143)) - 33262cc1-fa76-4c5f-8480-ecaaaa59e1c3: start FollowerState
2019-10-16 06:01:07,973 [grpc-default-executor-0] INFO  impl.RaftServerImpl (RaftServerImpl.java:setRole(184)) - 33262cc1-fa76-4c5f-8480-ecaaaa59e1c3@group-D291069948D7: changes role from  FOLLOWER to FOLLOWER at term 4 for recognizeCandidate:f4df195b-7a0f-45aa-bcc4-04d0d9ee9376
2019-10-16 06:01:07,974 [grpc-default-executor-0] INFO  impl.RoleInfo (RoleInfo.java:shutdownFollowerState(121)) - 33262cc1-fa76-4c5f-8480-ecaaaa59e1c3: shutdown FollowerState
2019-10-16 06:01:07,974 [grpc-default-executor-3] INFO  impl.RaftServerImpl (RaftServerImpl.java:setRole(184)) - 312a2b1d-4089-408f-ae02-669a7707c04d@group-2716D4593A72: changes role from  FOLLOWER to FOLLOWER at term 7 for recognizeCandidate:8c19deeb-317a-48b3-82a9-f18220a73035
2019-10-16 06:01:07,975 [Thread-465] INFO  impl.FollowerState (FollowerState.java:run(117)) - 33262cc1-fa76-4c5f-8480-ecaaaa59e1c3@group-D291069948D7-FollowerState was interrupted: java.lang.InterruptedException: sleep interrupted
2019-10-16 06:01:07,975 [grpc-default-executor-0] INFO  impl.RoleInfo (RoleInfo.java:updateAndGet(143)) - 33262cc1-fa76-4c5f-8480-ecaaaa59e1c3: start FollowerState
2019-10-16 06:01:07,975 [grpc-default-executor-3] INFO  impl.RoleInfo (RoleInfo.java:shutdownFollowerState(121)) - 312a2b1d-4089-408f-ae02-669a7707c04d: shutdown FollowerState
2019-10-16 06:01:07,975 [7e1ad21a-3198-4af5-880c-f1c096872e7a@group-D291069948D7-LeaderElection22] INFO  impl.LeaderElection (LeaderElection.java:logAndReturn(56)) - 7e1ad21a-3198-4af5-880c-f1c096872e7a@group-D291069948D7-LeaderElection22: Election DISCOVERED_A_NEW_TERM; received 1 response(s) [7e1ad21a-3198-4af5-880c-f1c096872e7a<-f4df195b-7a0f-45aa-bcc4-04d0d9ee9376#0:FAIL-t4] and 0 exception(s); 7e1ad21a-3198-4af5-880c-f1c096872e7a@group-D291069948D7:t4, leader=null, voted=null, raftlog=7e1ad21a-3198-4af5-880c-f1c096872e7a@group-D291069948D7-SegmentedRaftLog:OPENED:c-1,f-1,i0, conf=-1: [7e1ad21a-3198-4af5-880c-f1c096872e7a:192.168.69.104:36957, 33262cc1-fa76-4c5f-8480-ecaaaa59e1c3:192.168.69.104:35873, f4df195b-7a0f-45aa-bcc4-04d0d9ee9376:192.168.69.104:37704], old=null
2019-10-16 06:01:07,975 [Thread-449] INFO  impl.FollowerState (FollowerState.java:run(117)) - 312a2b1d-4089-408f-ae02-669a7707c04d@group-2716D4593A72-FollowerState was interrupted: java.lang.InterruptedException: sleep interrupted
2019-10-16 06:01:07,976 [46286b1e-0911-4b60-930a-7d069b9f5ead@group-A77B575CA011-LeaderElection20] INFO  impl.LeaderElection (LeaderElection.java:logAndReturn(56)) - 46286b1e-0911-4b60-930a-7d069b9f5ead@group-A77B575CA011-LeaderElection20: Election REJECTED; received 2 response(s) [46286b1e-0911-4b60-930a-7d069b9f5ead<-4a4798ab-8917-4d71-b7ea-449ce36720dc#0:FAIL-t5, 46286b1e-0911-4b60-930a-7d069b9f5ead<-d1fdf168-58cb-444a-97ca-5abcdb1babef#0:FAIL-t5] and 0 exception(s); 46286b1e-0911-4b60-930a-7d069b9f5ead@group-A77B575CA011:t5, leader=null, voted=46286b1e-0911-4b60-930a-7d069b9f5ead, raftlog=46286b1e-0911-4b60-930a-7d069b9f5ead@group-A77B575CA011-SegmentedRaftLog:OPENED:c-1,f-1,i0, conf=-1: [46286b1e-0911-4b60-930a-7d069b9f5ead:192.168.69.104:35014, 4a4798ab-8917-4d71-b7ea-449ce36720dc:192.168.69.104:41062, d1fdf168-58cb-444a-97ca-5abcdb1babef:192.168.69.104:44847], old=null
2019-10-16 06:01:07,975 [grpc-default-executor-3] INFO  impl.RoleInfo (RoleInfo.java:updateAndGet(143)) - 312a2b1d-4089-408f-ae02-669a7707c04d: start FollowerState
2019-10-16 06:01:07,985 [46286b1e-0911-4b60-930a-7d069b9f5ead@group-A77B575CA011-LeaderElection20] INFO  impl.RaftServerImpl (RaftServerImpl.java:setRole(184)) - 46286b1e-0911-4b60-930a-7d069b9f5ead@group-A77B575CA011: changes role from CANDIDATE to FOLLOWER at term 5 for DISCOVERED_A_NEW_TERM
2019-10-16 06:01:07,987 [46286b1e-0911-4b60-930a-7d069b9f5ead@group-A77B575CA011-LeaderElection20] INFO  impl.RoleInfo (RoleInfo.java:shutdownLeaderElection(134)) - 46286b1e-0911-4b60-930a-7d069b9f5ead: shutdown LeaderElection
2019-10-16 06:01:07,987 [46286b1e-0911-4b60-930a-7d069b9f5ead@group-A77B575CA011-LeaderElection20] INFO  impl.RoleInfo (RoleInfo.java:updateAndGet(143)) - 46286b1e-0911-4b60-930a-7d069b9f5ead: start FollowerState
2019-10-16 06:01:07,995 [8c19deeb-317a-48b3-82a9-f18220a73035@group-2716D4593A72-LeaderElection19] INFO  impl.LeaderElection (LeaderElection.java:logAndReturn(56)) - 8c19deeb-317a-48b3-82a9-f18220a73035@group-2716D4593A72-LeaderElection19: Election TIMEOUT; received 1 response(s) [8c19deeb-317a-48b3-82a9-f18220a73035<-f57e9b24-e963-44a9-9a1d-af10325c0693#0:FAIL-t7] and 0 exception(s); 8c19deeb-317a-48b3-82a9-f18220a73035@group-2716D4593A72:t7, leader=null, voted=8c19deeb-317a-48b3-82a9-f18220a73035, raftlog=8c19deeb-317a-48b3-82a9-f18220a73035@group-2716D4593A72-SegmentedRaftLog:OPENED:c-1,f-1,i0, conf=-1: [312a2b1d-4089-408f-ae02-669a7707c04d:192.168.69.104:33667, f57e9b24-e963-44a9-9a1d-af10325c0693:192.168.69.104:44592, 8c19deeb-317a-48b3-82a9-f18220a73035:192.168.69.104:45027], old=null
2019-10-16 06:01:08,000 [8c19deeb-317a-48b3-82a9-f18220a73035@group-2716D4593A72-LeaderElection19] INFO  impl.LeaderElection (LeaderElection.java:askForVotes(178)) - 8c19deeb-317a-48b3-82a9-f18220a73035@group-2716D4593A72-LeaderElection19: begin an election at term 8 for -1: [312a2b1d-4089-408f-ae02-669a7707c04d:192.168.69.104:33667, f57e9b24-e963-44a9-9a1d-af10325c0693:192.168.69.104:44592, 8c19deeb-317a-48b3-82a9-f18220a73035:192.168.69.104:45027], old=null
2019-10-16 06:01:08,007 [f4df195b-7a0f-45aa-bcc4-04d0d9ee9376@group-D291069948D7-LeaderElection21] INFO  impl.LeaderElection (LeaderElection.java:logAndReturn(56)) - f4df195b-7a0f-45aa-bcc4-04d0d9ee9376@group-D291069948D7-LeaderElection21: Election PASSED; received 2 response(s) [f4df195b-7a0f-45aa-bcc4-04d0d9ee9376<-7e1ad21a-3198-4af5-880c-f1c096872e7a#0:FAIL-t4, f4df195b-7a0f-45aa-bcc4-04d0d9ee9376<-33262cc1-fa76-4c5f-8480-ecaaaa59e1c3#0:OK-t4] and 0 exception(s); f4df195b-7a0f-45aa-bcc4-04d0d9ee9376@group-D291069948D7:t4, leader=null, voted=f4df195b-7a0f-45aa-bcc4-04d0d9ee9376, raftlog=f4df195b-7a0f-45aa-bcc4-04d0d9ee9376@group-D291069948D7-SegmentedRaftLog:OPENED:c-1,f-1,i0, conf=-1: [7e1ad21a-3198-4af5-880c-f1c096872e7a:192.168.69.104:36957, 33262cc1-fa76-4c5f-8480-ecaaaa59e1c3:192.168.69.104:35873, f4df195b-7a0f-45aa-bcc4-04d0d9ee9376:192.168.69.104:37704], old=null
2019-10-16 06:01:08,009 [f4df195b-7a0f-45aa-bcc4-04d0d9ee9376@group-D291069948D7-LeaderElection21] INFO  impl.RoleInfo (RoleInfo.java:shutdownLeaderElection(134)) - f4df195b-7a0f-45aa-bcc4-04d0d9ee9376: shutdown LeaderElection
2019-10-16 06:01:08,009 [f4df195b-7a0f-45aa-bcc4-04d0d9ee9376@group-D291069948D7-LeaderElection21] INFO  impl.RaftServerImpl (RaftServerImpl.java:setRole(184)) - f4df195b-7a0f-45aa-bcc4-04d0d9ee9376@group-D291069948D7: changes role from CANDIDATE to LEADER at term 4 for changeToLeader
2019-10-16 06:01:08,010 [f4df195b-7a0f-45aa-bcc4-04d0d9ee9376@group-D291069948D7-LeaderElection21] INFO  impl.RaftServerImpl (ServerState.java:setLeader(256)) - f4df195b-7a0f-45aa-bcc4-04d0d9ee9376@group-D291069948D7: change Leader from null to f4df195b-7a0f-45aa-bcc4-04d0d9ee9376 at term 4 for becomeLeader, leader elected after 485ms
2019-10-16 06:01:08,010 [f4df195b-7a0f-45aa-bcc4-04d0d9ee9376@group-D291069948D7-LeaderElection21] INFO  server.RaftServerConfigKeys (ConfUtils.java:logGet(43)) - raft.server.staging.catchup.gap = 1000 (default)
2019-10-16 06:01:08,010 [f4df195b-7a0f-45aa-bcc4-04d0d9ee9376@group-D291069948D7-LeaderElection21] INFO  server.RaftServerConfigKeys (ConfUtils.java:logGet(43)) - raft.server.rpc.sleep.time = 25ms (default)
2019-10-16 06:01:08,010 [grpc-default-executor-3] INFO  impl.RaftServerImpl (RaftServerImpl.java:setRole(184)) - f57e9b24-e963-44a9-9a1d-af10325c0693@group-2716D4593A72: changes role from  FOLLOWER to FOLLOWER at term 8 for recognizeCandidate:8c19deeb-317a-48b3-82a9-f18220a73035
2019-10-16 06:01:08,012 [grpc-default-executor-3] INFO  impl.RoleInfo (RoleInfo.java:shutdownFollowerState(121)) - f57e9b24-e963-44a9-9a1d-af10325c0693: shutdown FollowerState
2019-10-16 06:01:08,012 [f4df195b-7a0f-45aa-bcc4-04d0d9ee9376@group-D291069948D7-LeaderElection21] INFO  server.RaftServerConfigKeys (ConfUtils.java:logGet(43)) - raft.server.write.element-limit = 4096 (default)
2019-10-16 06:01:08,012 [Thread-463] INFO  impl.FollowerState (FollowerState.java:run(117)) - f57e9b24-e963-44a9-9a1d-af10325c0693@group-2716D4593A72-FollowerState was interrupted: java.lang.InterruptedException: sleep interrupted
2019-10-16 06:01:08,012 [grpc-default-executor-3] INFO  impl.RoleInfo (RoleInfo.java:updateAndGet(143)) - f57e9b24-e963-44a9-9a1d-af10325c0693: start FollowerState
2019-10-16 06:01:08,012 [f4df195b-7a0f-45aa-bcc4-04d0d9ee9376@group-D291069948D7-LeaderElection21] INFO  server.RaftServerConfigKeys (ConfUtils.java:logGet(43)) - raft.server.watch.timeout = 10s (default)
2019-10-16 06:01:08,012 [f4df195b-7a0f-45aa-bcc4-04d0d9ee9376@group-D291069948D7-LeaderElection21] INFO  server.RaftServerConfigKeys (ConfUtils.java:logGet(43)) - raft.server.watch.timeout.denomination = 1s (default)
2019-10-16 06:01:08,012 [f4df195b-7a0f-45aa-bcc4-04d0d9ee9376@group-D291069948D7-LeaderElection21] INFO  server.RaftServerConfigKeys (ConfUtils.java:logGet(43)) - raft.server.watch.element-limit = 65536 (default)
2019-10-16 06:01:08,013 [grpc-default-executor-0] INFO  impl.RaftServerImpl (RaftServerImpl.java:setRole(184)) - 312a2b1d-4089-408f-ae02-669a7707c04d@group-2716D4593A72: changes role from  FOLLOWER to FOLLOWER at term 8 for recognizeCandidate:8c19deeb-317a-48b3-82a9-f18220a73035
2019-10-16 06:01:08,013 [grpc-default-executor-0] INFO  impl.RoleInfo (RoleInfo.java:shutdownFollowerState(121)) - 312a2b1d-4089-408f-ae02-669a7707c04d: shutdown FollowerState
2019-10-16 06:01:08,013 [Thread-467] INFO  impl.FollowerState (FollowerState.java:run(117)) - 312a2b1d-4089-408f-ae02-669a7707c04d@group-2716D4593A72-FollowerState was interrupted: java.lang.InterruptedException: sleep interrupted
2019-10-16 06:01:08,013 [grpc-default-executor-0] INFO  impl.RoleInfo (RoleInfo.java:updateAndGet(143)) - 312a2b1d-4089-408f-ae02-669a7707c04d: start FollowerState
2019-10-16 06:01:08,015 [f4df195b-7a0f-45aa-bcc4-04d0d9ee9376@group-D291069948D7-LeaderElection21] INFO  server.RaftServerConfigKeys (ConfUtils.java:logGet(43)) - raft.server.log.appender.snapshot.chunk.size.max = 16MB (=16777216) (default)
2019-10-16 06:01:08,016 [f4df195b-7a0f-45aa-bcc4-04d0d9ee9376@group-D291069948D7-LeaderElection21] INFO  server.RaftServerConfigKeys (ConfUtils.java:logGet(43)) - raft.server.log.appender.buffer.byte-limit = 33554432 (custom)
2019-10-16 06:01:08,016 [f4df195b-7a0f-45aa-bcc4-04d0d9ee9376@group-D291069948D7-LeaderElection21] INFO  server.RaftServerConfigKeys (ConfUtils.java:logGet(43)) - raft.server.log.appender.buffer.element-limit = 1 (custom)
2019-10-16 06:01:08,016 [f4df195b-7a0f-45aa-bcc4-04d0d9ee9376@group-D291069948D7-LeaderElection21] INFO  grpc.GrpcConfigKeys$Server (ConfUtils.java:logGet(43)) - raft.grpc.server.leader.outstanding.appends.max = 128 (default)
2019-10-16 06:01:08,016 [f4df195b-7a0f-45aa-bcc4-04d0d9ee9376@group-D291069948D7-LeaderElection21] INFO  server.RaftServerConfigKeys (ConfUtils.java:logGet(43)) - raft.server.rpc.request.timeout = 3000ms (default)
2019-10-16 06:01:08,016 [f4df195b-7a0f-45aa-bcc4-04d0d9ee9376@group-D291069948D7-LeaderElection21] INFO  server.RaftServerConfigKeys (ConfUtils.java:logGet(43)) - raft.server.log.appender.install.snapshot.enabled = false (custom)
2019-10-16 06:01:08,019 [f4df195b-7a0f-45aa-bcc4-04d0d9ee9376@group-D291069948D7-LeaderElection21] INFO  server.RaftServerConfigKeys (ConfUtils.java:logGet(43)) - raft.server.log.appender.snapshot.chunk.size.max = 16MB (=16777216) (default)
2019-10-16 06:01:08,019 [f4df195b-7a0f-45aa-bcc4-04d0d9ee9376@group-D291069948D7-LeaderElection21] INFO  server.RaftServerConfigKeys (ConfUtils.java:logGet(43)) - raft.server.log.appender.buffer.byte-limit = 33554432 (custom)
2019-10-16 06:01:08,019 [f4df195b-7a0f-45aa-bcc4-04d0d9ee9376@group-D291069948D7-LeaderElection21] INFO  server.RaftServerConfigKeys (ConfUtils.java:logGet(43)) - raft.server.log.appender.buffer.element-limit = 1 (custom)
2019-10-16 06:01:08,019 [f4df195b-7a0f-45aa-bcc4-04d0d9ee9376@group-D291069948D7-LeaderElection21] INFO  grpc.GrpcConfigKeys$Server (ConfUtils.java:logGet(43)) - raft.grpc.server.leader.outstanding.appends.max = 128 (default)
2019-10-16 06:01:08,019 [f4df195b-7a0f-45aa-bcc4-04d0d9ee9376@group-D291069948D7-LeaderElection21] INFO  server.RaftServerConfigKeys (ConfUtils.java:logGet(43)) - raft.server.rpc.request.timeout = 3000ms (default)
2019-10-16 06:01:08,019 [f4df195b-7a0f-45aa-bcc4-04d0d9ee9376@group-D291069948D7-LeaderElection21] INFO  server.RaftServerConfigKeys (ConfUtils.java:logGet(43)) - raft.server.log.appender.install.snapshot.enabled = false (custom)
2019-10-16 06:01:08,022 [f4df195b-7a0f-45aa-bcc4-04d0d9ee9376@group-D291069948D7-LeaderElection21] INFO  impl.RoleInfo (RoleInfo.java:updateAndGet(143)) - f4df195b-7a0f-45aa-bcc4-04d0d9ee9376: start LeaderState
2019-10-16 06:01:08,022 [f4df195b-7a0f-45aa-bcc4-04d0d9ee9376@group-D291069948D7-LeaderElection21] INFO  segmented.SegmentedRaftLogWorker (SegmentedRaftLogWorker.java:startLogSegment(385)) - f4df195b-7a0f-45aa-bcc4-04d0d9ee9376@group-D291069948D7-SegmentedRaftLogWorker: Starting segment from index:0
2019-10-16 06:01:08,023 [f4df195b-7a0f-45aa-bcc4-04d0d9ee9376@group-D291069948D7-LeaderElection21] INFO  impl.RaftServerImpl (ServerState.java:setRaftConf(357)) - f4df195b-7a0f-45aa-bcc4-04d0d9ee9376@group-D291069948D7: set configuration 0: [7e1ad21a-3198-4af5-880c-f1c096872e7a:192.168.69.104:36957, 33262cc1-fa76-4c5f-8480-ecaaaa59e1c3:192.168.69.104:35873, f4df195b-7a0f-45aa-bcc4-04d0d9ee9376:192.168.69.104:37704], old=null at 0
2019-10-16 06:01:08,026 [grpc-default-executor-1] INFO  impl.RaftServerImpl (ServerState.java:setLeader(256)) - 33262cc1-fa76-4c5f-8480-ecaaaa59e1c3@group-D291069948D7: change Leader from null to f4df195b-7a0f-45aa-bcc4-04d0d9ee9376 at term 4 for appendEntries, leader elected after 505ms
2019-10-16 06:01:08,026 [grpc-default-executor-5] INFO  impl.RaftServerImpl (ServerState.java:setLeader(256)) - 7e1ad21a-3198-4af5-880c-f1c096872e7a@group-D291069948D7: change Leader from null to f4df195b-7a0f-45aa-bcc4-04d0d9ee9376 at term 4 for appendEntries, leader elected after 505ms
2019-10-16 06:01:08,028 [8c19deeb-317a-48b3-82a9-f18220a73035@group-2716D4593A72-LeaderElection19] INFO  impl.LeaderElection (LeaderElection.java:logAndReturn(56)) - 8c19deeb-317a-48b3-82a9-f18220a73035@group-2716D4593A72-LeaderElection19: Election REJECTED; received 2 response(s) [8c19deeb-317a-48b3-82a9-f18220a73035<-312a2b1d-4089-408f-ae02-669a7707c04d#0:FAIL-t8, 8c19deeb-317a-48b3-82a9-f18220a73035<-f57e9b24-e963-44a9-9a1d-af10325c0693#0:FAIL-t8] and 0 exception(s); 8c19deeb-317a-48b3-82a9-f18220a73035@group-2716D4593A72:t8, leader=null, voted=8c19deeb-317a-48b3-82a9-f18220a73035, raftlog=8c19deeb-317a-48b3-82a9-f18220a73035@group-2716D4593A72-SegmentedRaftLog:OPENED:c-1,f-1,i0, conf=-1: [312a2b1d-4089-408f-ae02-669a7707c04d:192.168.69.104:33667, f57e9b24-e963-44a9-9a1d-af10325c0693:192.168.69.104:44592, 8c19deeb-317a-48b3-82a9-f18220a73035:192.168.69.104:45027], old=null
2019-10-16 06:01:08,028 [8c19deeb-317a-48b3-82a9-f18220a73035@group-2716D4593A72-LeaderElection19] INFO  impl.RaftServerImpl (RaftServerImpl.java:setRole(184)) - 8c19deeb-317a-48b3-82a9-f18220a73035@group-2716D4593A72: changes role from CANDIDATE to FOLLOWER at term 8 for DISCOVERED_A_NEW_TERM
2019-10-16 06:01:08,028 [8c19deeb-317a-48b3-82a9-f18220a73035@group-2716D4593A72-LeaderElection19] INFO  impl.RoleInfo (RoleInfo.java:shutdownLeaderElection(134)) - 8c19deeb-317a-48b3-82a9-f18220a73035: shutdown LeaderElection
2019-10-16 06:01:08,028 [8c19deeb-317a-48b3-82a9-f18220a73035@group-2716D4593A72-LeaderElection19] INFO  impl.RoleInfo (RoleInfo.java:updateAndGet(143)) - 8c19deeb-317a-48b3-82a9-f18220a73035: start FollowerState
2019-10-16 06:01:08,037 [grpc-default-executor-5] INFO  impl.RaftServerImpl (ServerState.java:setRaftConf(357)) - 33262cc1-fa76-4c5f-8480-ecaaaa59e1c3@group-D291069948D7: set configuration 0: [7e1ad21a-3198-4af5-880c-f1c096872e7a:192.168.69.104:36957, 33262cc1-fa76-4c5f-8480-ecaaaa59e1c3:192.168.69.104:35873, f4df195b-7a0f-45aa-bcc4-04d0d9ee9376:192.168.69.104:37704], old=null at 0
2019-10-16 06:01:08,058 [grpc-default-executor-1] INFO  impl.RaftServerImpl (ServerState.java:setRaftConf(357)) - 7e1ad21a-3198-4af5-880c-f1c096872e7a@group-D291069948D7: set configuration 0: [7e1ad21a-3198-4af5-880c-f1c096872e7a:192.168.69.104:36957, 33262cc1-fa76-4c5f-8480-ecaaaa59e1c3:192.168.69.104:35873, f4df195b-7a0f-45aa-bcc4-04d0d9ee9376:192.168.69.104:37704], old=null at 0
2019-10-16 06:01:08,058 [grpc-default-executor-5] INFO  segmented.SegmentedRaftLogWorker (SegmentedRaftLogWorker.java:startLogSegment(385)) - 33262cc1-fa76-4c5f-8480-ecaaaa59e1c3@group-D291069948D7-SegmentedRaftLogWorker: Starting segment from index:0
2019-10-16 06:01:08,058 [grpc-default-executor-1] INFO  segmented.SegmentedRaftLogWorker (SegmentedRaftLogWorker.java:startLogSegment(385)) - 7e1ad21a-3198-4af5-880c-f1c096872e7a@group-D291069948D7-SegmentedRaftLogWorker: Starting segment from index:0
2019-10-16 06:01:08,060 [main] INFO  impl.MetricsSystemImpl (MetricsSystemImpl.java:init(158)) - XceiverClientMetrics metrics system started (again)
2019-10-16 06:01:08,070 [f4df195b-7a0f-45aa-bcc4-04d0d9ee9376@group-D291069948D7-SegmentedRaftLogWorker] INFO  segmented.SegmentedRaftLogWorker (SegmentedRaftLogWorker.java:execute(576)) - f4df195b-7a0f-45aa-bcc4-04d0d9ee9376@group-D291069948D7-SegmentedRaftLogWorker: created new log segment /workdir/hadoop-ozone/integration-test/target/test-dir/MiniOzoneClusterImpl-257c3db4-a93f-4c6f-afa5-a7c4c1fab1a3/datanode-1/data/ratis/55b4299b-2bd8-4a48-8c74-d291069948d7/current/log_inprogress_0
2019-10-16 06:01:08,106 [Thread-480] INFO  impl.FollowerState (FollowerState.java:run(108)) - 8c19deeb-317a-48b3-82a9-f18220a73035@group-2716D4593A72-FollowerState: change to CANDIDATE, lastRpcTime:77ms, electionTimeout:77ms
2019-10-16 06:01:08,106 [Thread-480] INFO  impl.RoleInfo (RoleInfo.java:shutdownFollowerState(121)) - 8c19deeb-317a-48b3-82a9-f18220a73035: shutdown FollowerState
2019-10-16 06:01:08,106 [Thread-480] INFO  impl.RaftServerImpl (RaftServerImpl.java:setRole(184)) - 8c19deeb-317a-48b3-82a9-f18220a73035@group-2716D4593A72: changes role from  FOLLOWER to CANDIDATE at term 8 for changeToCandidate
2019-10-16 06:01:08,106 [Thread-480] INFO  impl.RoleInfo (RoleInfo.java:updateAndGet(143)) - 8c19deeb-317a-48b3-82a9-f18220a73035: start LeaderElection
2019-10-16 06:01:08,109 [7e1ad21a-3198-4af5-880c-f1c096872e7a@group-D291069948D7-SegmentedRaftLogWorker] INFO  segmented.SegmentedRaftLogWorker (SegmentedRaftLogWorker.java:execute(576)) - 7e1ad21a-3198-4af5-880c-f1c096872e7a@group-D291069948D7-SegmentedRaftLogWorker: created new log segment /workdir/hadoop-ozone/integration-test/target/test-dir/MiniOzoneClusterImpl-257c3db4-a93f-4c6f-afa5-a7c4c1fab1a3/datanode-6/data/ratis/55b4299b-2bd8-4a48-8c74-d291069948d7/current/log_inprogress_0
2019-10-16 06:01:08,109 [33262cc1-fa76-4c5f-8480-ecaaaa59e1c3@group-D291069948D7-SegmentedRaftLogWorker] INFO  segmented.SegmentedRaftLogWorker (SegmentedRaftLogWorker.java:execute(576)) - 33262cc1-fa76-4c5f-8480-ecaaaa59e1c3@group-D291069948D7-SegmentedRaftLogWorker: created new log segment /workdir/hadoop-ozone/integration-test/target/test-dir/MiniOzoneClusterImpl-257c3db4-a93f-4c6f-afa5-a7c4c1fab1a3/datanode-2/data/ratis/55b4299b-2bd8-4a48-8c74-d291069948d7/current/log_inprogress_0
2019-10-16 06:01:08,112 [8c19deeb-317a-48b3-82a9-f18220a73035@group-2716D4593A72-LeaderElection23] INFO  impl.LeaderElection (LeaderElection.java:askForVotes(178)) - 8c19deeb-317a-48b3-82a9-f18220a73035@group-2716D4593A72-LeaderElection23: begin an election at term 9 for -1: [312a2b1d-4089-408f-ae02-669a7707c04d:192.168.69.104:33667, f57e9b24-e963-44a9-9a1d-af10325c0693:192.168.69.104:44592, 8c19deeb-317a-48b3-82a9-f18220a73035:192.168.69.104:45027], old=null
2019-10-16 06:01:08,115 [grpc-default-executor-5] INFO  impl.RaftServerImpl (RaftServerImpl.java:setRole(184)) - 312a2b1d-4089-408f-ae02-669a7707c04d@group-2716D4593A72: changes role from  FOLLOWER to FOLLOWER at term 9 for recognizeCandidate:8c19deeb-317a-48b3-82a9-f18220a73035
2019-10-16 06:01:08,115 [grpc-default-executor-5] INFO  impl.RoleInfo (RoleInfo.java:shutdownFollowerState(121)) - 312a2b1d-4089-408f-ae02-669a7707c04d: shutdown FollowerState
2019-10-16 06:01:08,116 [grpc-default-executor-5] INFO  impl.RoleInfo (RoleInfo.java:updateAndGet(143)) - 312a2b1d-4089-408f-ae02-669a7707c04d: start FollowerState
2019-10-16 06:01:08,116 [grpc-default-executor-1] INFO  impl.RaftServerImpl (RaftServerImpl.java:setRole(184)) - f57e9b24-e963-44a9-9a1d-af10325c0693@group-2716D4593A72: changes role from  FOLLOWER to FOLLOWER at term 9 for recognizeCandidate:8c19deeb-317a-48b3-82a9-f18220a73035
2019-10-16 06:01:08,116 [Thread-473] INFO  impl.FollowerState (FollowerState.java:run(117)) - 312a2b1d-4089-408f-ae02-669a7707c04d@group-2716D4593A72-FollowerState was interrupted: java.lang.InterruptedException: sleep interrupted
2019-10-16 06:01:08,116 [grpc-default-executor-1] INFO  impl.RoleInfo (RoleInfo.java:shutdownFollowerState(121)) - f57e9b24-e963-44a9-9a1d-af10325c0693: shutdown FollowerState
2019-10-16 06:01:08,116 [Thread-468] INFO  impl.FollowerState (FollowerState.java:run(108)) - 46286b1e-0911-4b60-930a-7d069b9f5ead@group-A77B575CA011-FollowerState: change to CANDIDATE, lastRpcTime:129ms, electionTimeout:128ms
2019-10-16 06:01:08,116 [grpc-default-executor-1] INFO  impl.RoleInfo (RoleInfo.java:updateAndGet(143)) - f57e9b24-e963-44a9-9a1d-af10325c0693: start FollowerState
2019-10-16 06:01:08,116 [Thread-472] INFO  impl.FollowerState (FollowerState.java:run(117)) - f57e9b24-e963-44a9-9a1d-af10325c0693@group-2716D4593A72-FollowerState was interrupted: java.lang.InterruptedException: sleep interrupted
2019-10-16 06:01:08,117 [Thread-468] INFO  impl.RoleInfo (RoleInfo.java:shutdownFollowerState(121)) - 46286b1e-0911-4b60-930a-7d069b9f5ead: shutdown FollowerState
2019-10-16 06:01:08,117 [Thread-468] INFO  impl.RaftServerImpl (RaftServerImpl.java:setRole(184)) - 46286b1e-0911-4b60-930a-7d069b9f5ead@group-A77B575CA011: changes role from  FOLLOWER to CANDIDATE at term 5 for changeToCandidate
2019-10-16 06:01:08,117 [Thread-468] INFO  impl.RoleInfo (RoleInfo.java:updateAndGet(143)) - 46286b1e-0911-4b60-930a-7d069b9f5ead: start LeaderElection
2019-10-16 06:01:08,128 [46286b1e-0911-4b60-930a-7d069b9f5ead@group-A77B575CA011-LeaderElection24] INFO  impl.LeaderElection (LeaderElection.java:askForVotes(178)) - 46286b1e-0911-4b60-930a-7d069b9f5ead@group-A77B575CA011-LeaderElection24: begin an election at term 6 for -1: [46286b1e-0911-4b60-930a-7d069b9f5ead:192.168.69.104:35014, 4a4798ab-8917-4d71-b7ea-449ce36720dc:192.168.69.104:41062, d1fdf168-58cb-444a-97ca-5abcdb1babef:192.168.69.104:44847], old=null
2019-10-16 06:01:08,131 [grpc-default-executor-5] INFO  impl.RaftServerImpl (RaftServerImpl.java:setRole(184)) - d1fdf168-58cb-444a-97ca-5abcdb1babef@group-A77B575CA011: changes role from  FOLLOWER to FOLLOWER at term 6 for recognizeCandidate:46286b1e-0911-4b60-930a-7d069b9f5ead
2019-10-16 06:01:08,131 [grpc-default-executor-5] INFO  impl.RoleInfo (RoleInfo.java:shutdownFollowerState(121)) - d1fdf168-58cb-444a-97ca-5abcdb1babef: shutdown FollowerState
2019-10-16 06:01:08,132 [Thread-462] INFO  impl.FollowerState (FollowerState.java:run(117)) - d1fdf168-58cb-444a-97ca-5abcdb1babef@group-A77B575CA011-FollowerState was interrupted: java.lang.InterruptedException: sleep interrupted
2019-10-16 06:01:08,132 [grpc-default-executor-5] INFO  impl.RoleInfo (RoleInfo.java:updateAndGet(143)) - d1fdf168-58cb-444a-97ca-5abcdb1babef: start FollowerState
2019-10-16 06:01:08,135 [8c19deeb-317a-48b3-82a9-f18220a73035@group-2716D4593A72-LeaderElection23] INFO  impl.LeaderElection (LeaderElection.java:logAndReturn(56)) - 8c19deeb-317a-48b3-82a9-f18220a73035@group-2716D4593A72-LeaderElection23: Election REJECTED; received 2 response(s) [8c19deeb-317a-48b3-82a9-f18220a73035<-312a2b1d-4089-408f-ae02-669a7707c04d#0:FAIL-t9, 8c19deeb-317a-48b3-82a9-f18220a73035<-f57e9b24-e963-44a9-9a1d-af10325c0693#0:FAIL-t9] and 0 exception(s); 8c19deeb-317a-48b3-82a9-f18220a73035@group-2716D4593A72:t9, leader=null, voted=8c19deeb-317a-48b3-82a9-f18220a73035, raftlog=8c19deeb-317a-48b3-82a9-f18220a73035@group-2716D4593A72-SegmentedRaftLog:OPENED:c-1,f-1,i0, conf=-1: [312a2b1d-4089-408f-ae02-669a7707c04d:192.168.69.104:33667, f57e9b24-e963-44a9-9a1d-af10325c0693:192.168.69.104:44592, 8c19deeb-317a-48b3-82a9-f18220a73035:192.168.69.104:45027], old=null
2019-10-16 06:01:08,135 [grpc-default-executor-1] INFO  impl.RaftServerImpl (RaftServerImpl.java:setRole(184)) - 4a4798ab-8917-4d71-b7ea-449ce36720dc@group-A77B575CA011: changes role from  FOLLOWER to FOLLOWER at term 6 for recognizeCandidate:46286b1e-0911-4b60-930a-7d069b9f5ead
2019-10-16 06:01:08,135 [8c19deeb-317a-48b3-82a9-f18220a73035@group-2716D4593A72-LeaderElection23] INFO  impl.RaftServerImpl (RaftServerImpl.java:setRole(184)) - 8c19deeb-317a-48b3-82a9-f18220a73035@group-2716D4593A72: changes role from CANDIDATE to FOLLOWER at term 9 for DISCOVERED_A_NEW_TERM
2019-10-16 06:01:08,135 [grpc-default-executor-1] INFO  impl.RoleInfo (RoleInfo.java:shutdownFollowerState(121)) - 4a4798ab-8917-4d71-b7ea-449ce36720dc: shutdown FollowerState
2019-10-16 06:01:08,138 [8c19deeb-317a-48b3-82a9-f18220a73035@group-2716D4593A72-LeaderElection23] INFO  impl.RoleInfo (RoleInfo.java:shutdownLeaderElection(134)) - 8c19deeb-317a-48b3-82a9-f18220a73035: shutdown LeaderElection
2019-10-16 06:01:08,138 [Thread-461] INFO  impl.FollowerState (FollowerState.java:run(117)) - 4a4798ab-8917-4d71-b7ea-449ce36720dc@group-A77B575CA011-FollowerState was interrupted: java.lang.InterruptedException: sleep interrupted
2019-10-16 06:01:08,138 [grpc-default-executor-1] INFO  impl.RoleInfo (RoleInfo.java:updateAndGet(143)) - 4a4798ab-8917-4d71-b7ea-449ce36720dc: start FollowerState
2019-10-16 06:01:08,138 [8c19deeb-317a-48b3-82a9-f18220a73035@group-2716D4593A72-LeaderElection23] INFO  impl.RoleInfo (RoleInfo.java:updateAndGet(143)) - 8c19deeb-317a-48b3-82a9-f18220a73035: start FollowerState
2019-10-16 06:01:08,147 [46286b1e-0911-4b60-930a-7d069b9f5ead@group-A77B575CA011-LeaderElection24] INFO  impl.LeaderElection (LeaderElection.java:logAndReturn(56)) - 46286b1e-0911-4b60-930a-7d069b9f5ead@group-A77B575CA011-LeaderElection24: Election REJECTED; received 2 response(s) [46286b1e-0911-4b60-930a-7d069b9f5ead<-4a4798ab-8917-4d71-b7ea-449ce36720dc#0:FAIL-t6, 46286b1e-0911-4b60-930a-7d069b9f5ead<-d1fdf168-58cb-444a-97ca-5abcdb1babef#0:FAIL-t6] and 0 exception(s); 46286b1e-0911-4b60-930a-7d069b9f5ead@group-A77B575CA011:t6, leader=null, voted=46286b1e-0911-4b60-930a-7d069b9f5ead, raftlog=46286b1e-0911-4b60-930a-7d069b9f5ead@group-A77B575CA011-SegmentedRaftLog:OPENED:c-1,f-1,i0, conf=-1: [46286b1e-0911-4b60-930a-7d069b9f5ead:192.168.69.104:35014, 4a4798ab-8917-4d71-b7ea-449ce36720dc:192.168.69.104:41062, d1fdf168-58cb-444a-97ca-5abcdb1babef:192.168.69.104:44847], old=null
2019-10-16 06:01:08,148 [46286b1e-0911-4b60-930a-7d069b9f5ead@group-A77B575CA011-LeaderElection24] INFO  impl.RaftServerImpl (RaftServerImpl.java:setRole(184)) - 46286b1e-0911-4b60-930a-7d069b9f5ead@group-A77B575CA011: changes role from CANDIDATE to FOLLOWER at term 6 for DISCOVERED_A_NEW_TERM
2019-10-16 06:01:08,148 [46286b1e-0911-4b60-930a-7d069b9f5ead@group-A77B575CA011-LeaderElection24] INFO  impl.RoleInfo (RoleInfo.java:shutdownLeaderElection(134)) - 46286b1e-0911-4b60-930a-7d069b9f5ead: shutdown LeaderElection
2019-10-16 06:01:08,148 [46286b1e-0911-4b60-930a-7d069b9f5ead@group-A77B575CA011-LeaderElection24] INFO  impl.RoleInfo (RoleInfo.java:updateAndGet(143)) - 46286b1e-0911-4b60-930a-7d069b9f5ead: start FollowerState
2019-10-16 06:01:08,198 [Thread-494] INFO  impl.FollowerState (FollowerState.java:run(108)) - 46286b1e-0911-4b60-930a-7d069b9f5ead@group-A77B575CA011-FollowerState: change to CANDIDATE, lastRpcTime:49ms, electionTimeout:49ms
2019-10-16 06:01:08,201 [Thread-494] INFO  impl.RoleInfo (RoleInfo.java:shutdownFollowerState(121)) - 46286b1e-0911-4b60-930a-7d069b9f5ead: shutdown FollowerState
2019-10-16 06:01:08,201 [Thread-494] INFO  impl.RaftServerImpl (RaftServerImpl.java:setRole(184)) - 46286b1e-0911-4b60-930a-7d069b9f5ead@group-A77B575CA011: changes role from  FOLLOWER to CANDIDATE at term 6 for changeToCandidate
2019-10-16 06:01:08,202 [Thread-494] INFO  impl.RoleInfo (RoleInfo.java:updateAndGet(143)) - 46286b1e-0911-4b60-930a-7d069b9f5ead: start LeaderElection
2019-10-16 06:01:08,210 [46286b1e-0911-4b60-930a-7d069b9f5ead@group-A77B575CA011-LeaderElection25] INFO  impl.LeaderElection (LeaderElection.java:askForVotes(178)) - 46286b1e-0911-4b60-930a-7d069b9f5ead@group-A77B575CA011-LeaderElection25: begin an election at term 7 for -1: [46286b1e-0911-4b60-930a-7d069b9f5ead:192.168.69.104:35014, 4a4798ab-8917-4d71-b7ea-449ce36720dc:192.168.69.104:41062, d1fdf168-58cb-444a-97ca-5abcdb1babef:192.168.69.104:44847], old=null
2019-10-16 06:01:08,215 [grpc-default-executor-5] INFO  impl.RaftServerImpl (RaftServerImpl.java:setRole(184)) - 4a4798ab-8917-4d71-b7ea-449ce36720dc@group-A77B575CA011: changes role from  FOLLOWER to FOLLOWER at term 7 for recognizeCandidate:46286b1e-0911-4b60-930a-7d069b9f5ead
2019-10-16 06:01:08,215 [grpc-default-executor-1] INFO  impl.RaftServerImpl (RaftServerImpl.java:setRole(184)) - d1fdf168-58cb-444a-97ca-5abcdb1babef@group-A77B575CA011: changes role from  FOLLOWER to FOLLOWER at term 7 for recognizeCandidate:46286b1e-0911-4b60-930a-7d069b9f5ead
2019-10-16 06:01:08,215 [grpc-default-executor-5] INFO  impl.RoleInfo (RoleInfo.java:shutdownFollowerState(121)) - 4a4798ab-8917-4d71-b7ea-449ce36720dc: shutdown FollowerState
2019-10-16 06:01:08,215 [grpc-default-executor-1] INFO  impl.RoleInfo (RoleInfo.java:shutdownFollowerState(121)) - d1fdf168-58cb-444a-97ca-5abcdb1babef: shutdown FollowerState
2019-10-16 06:01:08,216 [Thread-492] INFO  impl.FollowerState (FollowerState.java:run(117)) - 4a4798ab-8917-4d71-b7ea-449ce36720dc@group-A77B575CA011-FollowerState was interrupted: java.lang.InterruptedException: sleep interrupted
2019-10-16 06:01:08,216 [grpc-default-executor-5] INFO  impl.RoleInfo (RoleInfo.java:updateAndGet(143)) - 4a4798ab-8917-4d71-b7ea-449ce36720dc: start FollowerState
2019-10-16 06:01:08,216 [Thread-491] INFO  impl.FollowerState (FollowerState.java:run(117)) - d1fdf168-58cb-444a-97ca-5abcdb1babef@group-A77B575CA011-FollowerState was interrupted: java.lang.InterruptedException: sleep interrupted
2019-10-16 06:01:08,216 [grpc-default-executor-1] INFO  impl.RoleInfo (RoleInfo.java:updateAndGet(143)) - d1fdf168-58cb-444a-97ca-5abcdb1babef: start FollowerState
2019-10-16 06:01:08,226 [46286b1e-0911-4b60-930a-7d069b9f5ead@group-A77B575CA011-LeaderElection25] INFO  impl.LeaderElection (LeaderElection.java:logAndReturn(56)) - 46286b1e-0911-4b60-930a-7d069b9f5ead@group-A77B575CA011-LeaderElection25: Election REJECTED; received 2 response(s) [46286b1e-0911-4b60-930a-7d069b9f5ead<-4a4798ab-8917-4d71-b7ea-449ce36720dc#0:FAIL-t7, 46286b1e-0911-4b60-930a-7d069b9f5ead<-d1fdf168-58cb-444a-97ca-5abcdb1babef#0:FAIL-t7] and 0 exception(s); 46286b1e-0911-4b60-930a-7d069b9f5ead@group-A77B575CA011:t7, leader=null, voted=46286b1e-0911-4b60-930a-7d069b9f5ead, raftlog=46286b1e-0911-4b60-930a-7d069b9f5ead@group-A77B575CA011-SegmentedRaftLog:OPENED:c-1,f-1,i0, conf=-1: [46286b1e-0911-4b60-930a-7d069b9f5ead:192.168.69.104:35014, 4a4798ab-8917-4d71-b7ea-449ce36720dc:192.168.69.104:41062, d1fdf168-58cb-444a-97ca-5abcdb1babef:192.168.69.104:44847], old=null
2019-10-16 06:01:08,227 [46286b1e-0911-4b60-930a-7d069b9f5ead@group-A77B575CA011-LeaderElection25] INFO  impl.RaftServerImpl (RaftServerImpl.java:setRole(184)) - 46286b1e-0911-4b60-930a-7d069b9f5ead@group-A77B575CA011: changes role from CANDIDATE to FOLLOWER at term 7 for DISCOVERED_A_NEW_TERM
2019-10-16 06:01:08,227 [46286b1e-0911-4b60-930a-7d069b9f5ead@group-A77B575CA011-LeaderElection25] INFO  impl.RoleInfo (RoleInfo.java:shutdownLeaderElection(134)) - 46286b1e-0911-4b60-930a-7d069b9f5ead: shutdown LeaderElection
2019-10-16 06:01:08,227 [46286b1e-0911-4b60-930a-7d069b9f5ead@group-A77B575CA011-LeaderElection25] INFO  impl.RoleInfo (RoleInfo.java:updateAndGet(143)) - 46286b1e-0911-4b60-930a-7d069b9f5ead: start FollowerState
2019-10-16 06:01:08,246 [Thread-493] INFO  impl.FollowerState (FollowerState.java:run(108)) - 8c19deeb-317a-48b3-82a9-f18220a73035@group-2716D4593A72-FollowerState: change to CANDIDATE, lastRpcTime:107ms, electionTimeout:107ms
2019-10-16 06:01:08,249 [Thread-493] INFO  impl.RoleInfo (RoleInfo.java:shutdownFollowerState(121)) - 8c19deeb-317a-48b3-82a9-f18220a73035: shutdown FollowerState
2019-10-16 06:01:08,249 [Thread-493] INFO  impl.RaftServerImpl (RaftServerImpl.java:setRole(184)) - 8c19deeb-317a-48b3-82a9-f18220a73035@group-2716D4593A72: changes role from  FOLLOWER to CANDIDATE at term 9 for changeToCandidate
2019-10-16 06:01:08,249 [Thread-493] INFO  impl.RoleInfo (RoleInfo.java:updateAndGet(143)) - 8c19deeb-317a-48b3-82a9-f18220a73035: start LeaderElection
2019-10-16 06:01:08,257 [8c19deeb-317a-48b3-82a9-f18220a73035@group-2716D4593A72-LeaderElection26] INFO  impl.LeaderElection (LeaderElection.java:askForVotes(178)) - 8c19deeb-317a-48b3-82a9-f18220a73035@group-2716D4593A72-LeaderElection26: begin an election at term 10 for -1: [312a2b1d-4089-408f-ae02-669a7707c04d:192.168.69.104:33667, f57e9b24-e963-44a9-9a1d-af10325c0693:192.168.69.104:44592, 8c19deeb-317a-48b3-82a9-f18220a73035:192.168.69.104:45027], old=null
2019-10-16 06:01:08,261 [grpc-default-executor-1] INFO  impl.RaftServerImpl (RaftServerImpl.java:setRole(184)) - 312a2b1d-4089-408f-ae02-669a7707c04d@group-2716D4593A72: changes role from  FOLLOWER to FOLLOWER at term 10 for recognizeCandidate:8c19deeb-317a-48b3-82a9-f18220a73035
2019-10-16 06:01:08,261 [grpc-default-executor-1] INFO  impl.RoleInfo (RoleInfo.java:shutdownFollowerState(121)) - 312a2b1d-4089-408f-ae02-669a7707c04d: shutdown FollowerState
2019-10-16 06:01:08,262 [grpc-default-executor-5] INFO  impl.RaftServerImpl (RaftServerImpl.java:setRole(184)) - f57e9b24-e963-44a9-9a1d-af10325c0693@group-2716D4593A72: changes role from  FOLLOWER to FOLLOWER at term 10 for recognizeCandidate:8c19deeb-317a-48b3-82a9-f18220a73035
2019-10-16 06:01:08,262 [Thread-486] INFO  impl.FollowerState (FollowerState.java:run(117)) - 312a2b1d-4089-408f-ae02-669a7707c04d@group-2716D4593A72-FollowerState was interrupted: java.lang.InterruptedException: sleep interrupted
2019-10-16 06:01:08,262 [grpc-default-executor-1] INFO  impl.RoleInfo (RoleInfo.java:updateAndGet(143)) - 312a2b1d-4089-408f-ae02-669a7707c04d: start FollowerState
2019-10-16 06:01:08,262 [grpc-default-executor-5] INFO  impl.RoleInfo (RoleInfo.java:shutdownFollowerState(121)) - f57e9b24-e963-44a9-9a1d-af10325c0693: shutdown FollowerState
2019-10-16 06:01:08,262 [Thread-487] INFO  impl.FollowerState (FollowerState.java:run(117)) - f57e9b24-e963-44a9-9a1d-af10325c0693@group-2716D4593A72-FollowerState was interrupted: java.lang.InterruptedException: sleep interrupted
2019-10-16 06:01:08,262 [grpc-default-executor-5] INFO  impl.RoleInfo (RoleInfo.java:updateAndGet(143)) - f57e9b24-e963-44a9-9a1d-af10325c0693: start FollowerState
2019-10-16 06:01:08,279 [8c19deeb-317a-48b3-82a9-f18220a73035@group-2716D4593A72-LeaderElection26] INFO  impl.LeaderElection (LeaderElection.java:logAndReturn(56)) - 8c19deeb-317a-48b3-82a9-f18220a73035@group-2716D4593A72-LeaderElection26: Election REJECTED; received 2 response(s) [8c19deeb-317a-48b3-82a9-f18220a73035<-312a2b1d-4089-408f-ae02-669a7707c04d#0:FAIL-t10, 8c19deeb-317a-48b3-82a9-f18220a73035<-f57e9b24-e963-44a9-9a1d-af10325c0693#0:FAIL-t10] and 0 exception(s); 8c19deeb-317a-48b3-82a9-f18220a73035@group-2716D4593A72:t10, leader=null, voted=8c19deeb-317a-48b3-82a9-f18220a73035, raftlog=8c19deeb-317a-48b3-82a9-f18220a73035@group-2716D4593A72-SegmentedRaftLog:OPENED:c-1,f-1,i0, conf=-1: [312a2b1d-4089-408f-ae02-669a7707c04d:192.168.69.104:33667, f57e9b24-e963-44a9-9a1d-af10325c0693:192.168.69.104:44592, 8c19deeb-317a-48b3-82a9-f18220a73035:192.168.69.104:45027], old=null
2019-10-16 06:01:08,279 [8c19deeb-317a-48b3-82a9-f18220a73035@group-2716D4593A72-LeaderElection26] INFO  impl.RaftServerImpl (RaftServerImpl.java:setRole(184)) - 8c19deeb-317a-48b3-82a9-f18220a73035@group-2716D4593A72: changes role from CANDIDATE to FOLLOWER at term 10 for DISCOVERED_A_NEW_TERM
2019-10-16 06:01:08,279 [8c19deeb-317a-48b3-82a9-f18220a73035@group-2716D4593A72-LeaderElection26] INFO  impl.RoleInfo (RoleInfo.java:shutdownLeaderElection(134)) - 8c19deeb-317a-48b3-82a9-f18220a73035: shutdown LeaderElection
2019-10-16 06:01:08,279 [8c19deeb-317a-48b3-82a9-f18220a73035@group-2716D4593A72-LeaderElection26] INFO  impl.RoleInfo (RoleInfo.java:updateAndGet(143)) - 8c19deeb-317a-48b3-82a9-f18220a73035: start FollowerState
2019-10-16 06:01:08,284 [Thread-500] INFO  impl.FollowerState (FollowerState.java:run(108)) - 46286b1e-0911-4b60-930a-7d069b9f5ead@group-A77B575CA011-FollowerState: change to CANDIDATE, lastRpcTime:56ms, electionTimeout:56ms
2019-10-16 06:01:08,286 [Thread-500] INFO  impl.RoleInfo (RoleInfo.java:shutdownFollowerState(121)) - 46286b1e-0911-4b60-930a-7d069b9f5ead: shutdown FollowerState
2019-10-16 06:01:08,286 [Thread-500] INFO  impl.RaftServerImpl (RaftServerImpl.java:setRole(184)) - 46286b1e-0911-4b60-930a-7d069b9f5ead@group-A77B575CA011: changes role from  FOLLOWER to CANDIDATE at term 7 for changeToCandidate
2019-10-16 06:01:08,286 [Thread-500] INFO  impl.RoleInfo (RoleInfo.java:updateAndGet(143)) - 46286b1e-0911-4b60-930a-7d069b9f5ead: start LeaderElection
2019-10-16 06:01:08,293 [46286b1e-0911-4b60-930a-7d069b9f5ead@group-A77B575CA011-LeaderElection27] INFO  impl.LeaderElection (LeaderElection.java:askForVotes(178)) - 46286b1e-0911-4b60-930a-7d069b9f5ead@group-A77B575CA011-LeaderElection27: begin an election at term 8 for -1: [46286b1e-0911-4b60-930a-7d069b9f5ead:192.168.69.104:35014, 4a4798ab-8917-4d71-b7ea-449ce36720dc:192.168.69.104:41062, d1fdf168-58cb-444a-97ca-5abcdb1babef:192.168.69.104:44847], old=null
2019-10-16 06:01:08,298 [grpc-default-executor-1] INFO  impl.RaftServerImpl (RaftServerImpl.java:setRole(184)) - d1fdf168-58cb-444a-97ca-5abcdb1babef@group-A77B575CA011: changes role from  FOLLOWER to FOLLOWER at term 8 for recognizeCandidate:46286b1e-0911-4b60-930a-7d069b9f5ead
2019-10-16 06:01:08,298 [grpc-default-executor-1] INFO  impl.RoleInfo (RoleInfo.java:shutdownFollowerState(121)) - d1fdf168-58cb-444a-97ca-5abcdb1babef: shutdown FollowerState
2019-10-16 06:01:08,298 [grpc-default-executor-5] INFO  impl.RaftServerImpl (RaftServerImpl.java:setRole(184)) - 4a4798ab-8917-4d71-b7ea-449ce36720dc@group-A77B575CA011: changes role from  FOLLOWER to FOLLOWER at term 8 for recognizeCandidate:46286b1e-0911-4b60-930a-7d069b9f5ead
2019-10-16 06:01:08,298 [Thread-499] INFO  impl.FollowerState (FollowerState.java:run(117)) - d1fdf168-58cb-444a-97ca-5abcdb1babef@group-A77B575CA011-FollowerState was interrupted: java.lang.InterruptedException: sleep interrupted
2019-10-16 06:01:08,298 [grpc-default-executor-1] INFO  impl.RoleInfo (RoleInfo.java:updateAndGet(143)) - d1fdf168-58cb-444a-97ca-5abcdb1babef: start FollowerState
2019-10-16 06:01:08,298 [grpc-default-executor-5] INFO  impl.RoleInfo (RoleInfo.java:shutdownFollowerState(121)) - 4a4798ab-8917-4d71-b7ea-449ce36720dc: shutdown FollowerState
2019-10-16 06:01:08,299 [grpc-default-executor-5] INFO  impl.RoleInfo (RoleInfo.java:updateAndGet(143)) - 4a4798ab-8917-4d71-b7ea-449ce36720dc: start FollowerState
2019-10-16 06:01:08,299 [Thread-498] INFO  impl.FollowerState (FollowerState.java:run(117)) - 4a4798ab-8917-4d71-b7ea-449ce36720dc@group-A77B575CA011-FollowerState was interrupted: java.lang.InterruptedException: sleep interrupted
2019-10-16 06:01:08,315 [46286b1e-0911-4b60-930a-7d069b9f5ead@group-A77B575CA011-LeaderElection27] INFO  impl.LeaderElection (LeaderElection.java:logAndReturn(56)) - 46286b1e-0911-4b60-930a-7d069b9f5ead@group-A77B575CA011-LeaderElection27: Election REJECTED; received 2 response(s) [46286b1e-0911-4b60-930a-7d069b9f5ead<-4a4798ab-8917-4d71-b7ea-449ce36720dc#0:FAIL-t8, 46286b1e-0911-4b60-930a-7d069b9f5ead<-d1fdf168-58cb-444a-97ca-5abcdb1babef#0:FAIL-t8] and 0 exception(s); 46286b1e-0911-4b60-930a-7d069b9f5ead@group-A77B575CA011:t8, leader=null, voted=46286b1e-0911-4b60-930a-7d069b9f5ead, raftlog=46286b1e-0911-4b60-930a-7d069b9f5ead@group-A77B575CA011-SegmentedRaftLog:OPENED:c-1,f-1,i0, conf=-1: [46286b1e-0911-4b60-930a-7d069b9f5ead:192.168.69.104:35014, 4a4798ab-8917-4d71-b7ea-449ce36720dc:192.168.69.104:41062, d1fdf168-58cb-444a-97ca-5abcdb1babef:192.168.69.104:44847], old=null
2019-10-16 06:01:08,315 [46286b1e-0911-4b60-930a-7d069b9f5ead@group-A77B575CA011-LeaderElection27] INFO  impl.RaftServerImpl (RaftServerImpl.java:setRole(184)) - 46286b1e-0911-4b60-930a-7d069b9f5ead@group-A77B575CA011: changes role from CANDIDATE to FOLLOWER at term 8 for DISCOVERED_A_NEW_TERM
2019-10-16 06:01:08,315 [46286b1e-0911-4b60-930a-7d069b9f5ead@group-A77B575CA011-LeaderElection27] INFO  impl.RoleInfo (RoleInfo.java:shutdownLeaderElection(134)) - 46286b1e-0911-4b60-930a-7d069b9f5ead: shutdown LeaderElection
2019-10-16 06:01:08,315 [46286b1e-0911-4b60-930a-7d069b9f5ead@group-A77B575CA011-LeaderElection27] INFO  impl.RoleInfo (RoleInfo.java:updateAndGet(143)) - 46286b1e-0911-4b60-930a-7d069b9f5ead: start FollowerState
2019-10-16 06:01:08,379 [Thread-506] INFO  impl.FollowerState (FollowerState.java:run(108)) - 8c19deeb-317a-48b3-82a9-f18220a73035@group-2716D4593A72-FollowerState: change to CANDIDATE, lastRpcTime:99ms, electionTimeout:99ms
2019-10-16 06:01:08,381 [Thread-506] INFO  impl.RoleInfo (RoleInfo.java:shutdownFollowerState(121)) - 8c19deeb-317a-48b3-82a9-f18220a73035: shutdown FollowerState
2019-10-16 06:01:08,381 [Thread-506] INFO  impl.RaftServerImpl (RaftServerImpl.java:setRole(184)) - 8c19deeb-317a-48b3-82a9-f18220a73035@group-2716D4593A72: changes role from  FOLLOWER to CANDIDATE at term 10 for changeToCandidate
2019-10-16 06:01:08,382 [Thread-506] INFO  impl.RoleInfo (RoleInfo.java:updateAndGet(143)) - 8c19deeb-317a-48b3-82a9-f18220a73035: start LeaderElection
2019-10-16 06:01:08,389 [Thread-512] INFO  impl.FollowerState (FollowerState.java:run(108)) - 46286b1e-0911-4b60-930a-7d069b9f5ead@group-A77B575CA011-FollowerState: change to CANDIDATE, lastRpcTime:73ms, electionTimeout:73ms
2019-10-16 06:01:08,389 [Thread-512] INFO  impl.RoleInfo (RoleInfo.java:shutdownFollowerState(121)) - 46286b1e-0911-4b60-930a-7d069b9f5ead: shutdown FollowerState
2019-10-16 06:01:08,389 [8c19deeb-317a-48b3-82a9-f18220a73035@group-2716D4593A72-LeaderElection28] INFO  impl.LeaderElection (LeaderElection.java:askForVotes(178)) - 8c19deeb-317a-48b3-82a9-f18220a73035@group-2716D4593A72-LeaderElection28: begin an election at term 11 for -1: [312a2b1d-4089-408f-ae02-669a7707c04d:192.168.69.104:33667, f57e9b24-e963-44a9-9a1d-af10325c0693:192.168.69.104:44592, 8c19deeb-317a-48b3-82a9-f18220a73035:192.168.69.104:45027], old=null
2019-10-16 06:01:08,389 [Thread-512] INFO  impl.RaftServerImpl (RaftServerImpl.java:setRole(184)) - 46286b1e-0911-4b60-930a-7d069b9f5ead@group-A77B575CA011: changes role from  FOLLOWER to CANDIDATE at term 8 for changeToCandidate
2019-10-16 06:01:08,390 [Thread-512] INFO  impl.RoleInfo (RoleInfo.java:updateAndGet(143)) - 46286b1e-0911-4b60-930a-7d069b9f5ead: start LeaderElection
2019-10-16 06:01:08,394 [grpc-default-executor-5] INFO  impl.RaftServerImpl (RaftServerImpl.java:setRole(184)) - f57e9b24-e963-44a9-9a1d-af10325c0693@group-2716D4593A72: changes role from  FOLLOWER to FOLLOWER at term 11 for recognizeCandidate:8c19deeb-317a-48b3-82a9-f18220a73035
2019-10-16 06:01:08,394 [grpc-default-executor-1] INFO  impl.RaftServerImpl (RaftServerImpl.java:setRole(184)) - 312a2b1d-4089-408f-ae02-669a7707c04d@group-2716D4593A72: changes role from  FOLLOWER to FOLLOWER at term 11 for recognizeCandidate:8c19deeb-317a-48b3-82a9-f18220a73035
2019-10-16 06:01:08,394 [grpc-default-executor-5] INFO  impl.RoleInfo (RoleInfo.java:shutdownFollowerState(121)) - f57e9b24-e963-44a9-9a1d-af10325c0693: shutdown FollowerState
2019-10-16 06:01:08,394 [grpc-default-executor-1] INFO  impl.RoleInfo (RoleInfo.java:shutdownFollowerState(121)) - 312a2b1d-4089-408f-ae02-669a7707c04d: shutdown FollowerState
2019-10-16 06:01:08,394 [Thread-505] INFO  impl.FollowerState (FollowerState.java:run(117)) - f57e9b24-e963-44a9-9a1d-af10325c0693@group-2716D4593A72-FollowerState was interrupted: java.lang.InterruptedException: sleep interrupted
2019-10-16 06:01:08,395 [grpc-default-executor-1] INFO  impl.RoleInfo (RoleInfo.java:updateAndGet(143)) - 312a2b1d-4089-408f-ae02-669a7707c04d: start FollowerState
2019-10-16 06:01:08,395 [Thread-504] INFO  impl.FollowerState (FollowerState.java:run(117)) - 312a2b1d-4089-408f-ae02-669a7707c04d@group-2716D4593A72-FollowerState was interrupted: java.lang.InterruptedException: sleep interrupted
2019-10-16 06:01:08,394 [grpc-default-executor-5] INFO  impl.RoleInfo (RoleInfo.java:updateAndGet(143)) - f57e9b24-e963-44a9-9a1d-af10325c0693: start FollowerState
2019-10-16 06:01:08,406 [46286b1e-0911-4b60-930a-7d069b9f5ead@group-A77B575CA011-LeaderElection29] INFO  impl.LeaderElection (LeaderElection.java:askForVotes(178)) - 46286b1e-0911-4b60-930a-7d069b9f5ead@group-A77B575CA011-LeaderElection29: begin an election at term 9 for -1: [46286b1e-0911-4b60-930a-7d069b9f5ead:192.168.69.104:35014, 4a4798ab-8917-4d71-b7ea-449ce36720dc:192.168.69.104:41062, d1fdf168-58cb-444a-97ca-5abcdb1babef:192.168.69.104:44847], old=null
2019-10-16 06:01:08,408 [8c19deeb-317a-48b3-82a9-f18220a73035@group-2716D4593A72-LeaderElection28] INFO  impl.LeaderElection (LeaderElection.java:logAndReturn(56)) - 8c19deeb-317a-48b3-82a9-f18220a73035@group-2716D4593A72-LeaderElection28: Election REJECTED; received 2 response(s) [8c19deeb-317a-48b3-82a9-f18220a73035<-312a2b1d-4089-408f-ae02-669a7707c04d#0:FAIL-t11, 8c19deeb-317a-48b3-82a9-f18220a73035<-f57e9b24-e963-44a9-9a1d-af10325c0693#0:FAIL-t11] and 0 exception(s); 8c19deeb-317a-48b3-82a9-f18220a73035@group-2716D4593A72:t11, leader=null, voted=8c19deeb-317a-48b3-82a9-f18220a73035, raftlog=8c19deeb-317a-48b3-82a9-f18220a73035@group-2716D4593A72-SegmentedRaftLog:OPENED:c-1,f-1,i0, conf=-1: [312a2b1d-4089-408f-ae02-669a7707c04d:192.168.69.104:33667, f57e9b24-e963-44a9-9a1d-af10325c0693:192.168.69.104:44592, 8c19deeb-317a-48b3-82a9-f18220a73035:192.168.69.104:45027], old=null
2019-10-16 06:01:08,408 [8c19deeb-317a-48b3-82a9-f18220a73035@group-2716D4593A72-LeaderElection28] INFO  impl.RaftServerImpl (RaftServerImpl.java:setRole(184)) - 8c19deeb-317a-48b3-82a9-f18220a73035@group-2716D4593A72: changes role from CANDIDATE to FOLLOWER at term 11 for DISCOVERED_A_NEW_TERM
2019-10-16 06:01:08,408 [8c19deeb-317a-48b3-82a9-f18220a73035@group-2716D4593A72-LeaderElection28] INFO  impl.RoleInfo (RoleInfo.java:shutdownLeaderElection(134)) - 8c19deeb-317a-48b3-82a9-f18220a73035: shutdown LeaderElection
2019-10-16 06:01:08,409 [8c19deeb-317a-48b3-82a9-f18220a73035@group-2716D4593A72-LeaderElection28] INFO  impl.RoleInfo (RoleInfo.java:updateAndGet(143)) - 8c19deeb-317a-48b3-82a9-f18220a73035: start FollowerState
2019-10-16 06:01:08,409 [grpc-default-executor-5] INFO  impl.RaftServerImpl (RaftServerImpl.java:setRole(184)) - 4a4798ab-8917-4d71-b7ea-449ce36720dc@group-A77B575CA011: changes role from  FOLLOWER to FOLLOWER at term 9 for recognizeCandidate:46286b1e-0911-4b60-930a-7d069b9f5ead
2019-10-16 06:01:08,411 [grpc-default-executor-5] INFO  impl.RoleInfo (RoleInfo.java:shutdownFollowerState(121)) - 4a4798ab-8917-4d71-b7ea-449ce36720dc: shutdown FollowerState
2019-10-16 06:01:08,412 [grpc-default-executor-5] INFO  impl.RoleInfo (RoleInfo.java:updateAndGet(143)) - 4a4798ab-8917-4d71-b7ea-449ce36720dc: start FollowerState
2019-10-16 06:01:08,412 [Thread-511] INFO  impl.FollowerState (FollowerState.java:run(117)) - 4a4798ab-8917-4d71-b7ea-449ce36720dc@group-A77B575CA011-FollowerState was interrupted: java.lang.InterruptedException: sleep interrupted
2019-10-16 06:01:08,413 [grpc-default-executor-1] INFO  impl.RaftServerImpl (RaftServerImpl.java:setRole(184)) - d1fdf168-58cb-444a-97ca-5abcdb1babef@group-A77B575CA011: changes role from  FOLLOWER to FOLLOWER at term 9 for recognizeCandidate:46286b1e-0911-4b60-930a-7d069b9f5ead
2019-10-16 06:01:08,413 [grpc-default-executor-1] INFO  impl.RoleInfo (RoleInfo.java:shutdownFollowerState(121)) - d1fdf168-58cb-444a-97ca-5abcdb1babef: shutdown FollowerState
2019-10-16 06:01:08,413 [Thread-510] INFO  impl.FollowerState (FollowerState.java:run(117)) - d1fdf168-58cb-444a-97ca-5abcdb1babef@group-A77B575CA011-FollowerState was interrupted: java.lang.InterruptedException: sleep interrupted
2019-10-16 06:01:08,413 [grpc-default-executor-1] INFO  impl.RoleInfo (RoleInfo.java:updateAndGet(143)) - d1fdf168-58cb-444a-97ca-5abcdb1babef: start FollowerState
2019-10-16 06:01:08,428 [46286b1e-0911-4b60-930a-7d069b9f5ead@group-A77B575CA011-LeaderElection29] INFO  impl.LeaderElection (LeaderElection.java:logAndReturn(56)) - 46286b1e-0911-4b60-930a-7d069b9f5ead@group-A77B575CA011-LeaderElection29: Election REJECTED; received 2 response(s) [46286b1e-0911-4b60-930a-7d069b9f5ead<-4a4798ab-8917-4d71-b7ea-449ce36720dc#0:FAIL-t9, 46286b1e-0911-4b60-930a-7d069b9f5ead<-d1fdf168-58cb-444a-97ca-5abcdb1babef#0:FAIL-t9] and 0 exception(s); 46286b1e-0911-4b60-930a-7d069b9f5ead@group-A77B575CA011:t9, leader=null, voted=46286b1e-0911-4b60-930a-7d069b9f5ead, raftlog=46286b1e-0911-4b60-930a-7d069b9f5ead@group-A77B575CA011-SegmentedRaftLog:OPENED:c-1,f-1,i0, conf=-1: [46286b1e-0911-4b60-930a-7d069b9f5ead:192.168.69.104:35014, 4a4798ab-8917-4d71-b7ea-449ce36720dc:192.168.69.104:41062, d1fdf168-58cb-444a-97ca-5abcdb1babef:192.168.69.104:44847], old=null
2019-10-16 06:01:08,428 [46286b1e-0911-4b60-930a-7d069b9f5ead@group-A77B575CA011-LeaderElection29] INFO  impl.RaftServerImpl (RaftServerImpl.java:setRole(184)) - 46286b1e-0911-4b60-930a-7d069b9f5ead@group-A77B575CA011: changes role from CANDIDATE to FOLLOWER at term 9 for DISCOVERED_A_NEW_TERM
2019-10-16 06:01:08,428 [46286b1e-0911-4b60-930a-7d069b9f5ead@group-A77B575CA011-LeaderElection29] INFO  impl.RoleInfo (RoleInfo.java:shutdownLeaderElection(134)) - 46286b1e-0911-4b60-930a-7d069b9f5ead: shutdown LeaderElection
2019-10-16 06:01:08,428 [46286b1e-0911-4b60-930a-7d069b9f5ead@group-A77B575CA011-LeaderElection29] INFO  impl.RoleInfo (RoleInfo.java:updateAndGet(143)) - 46286b1e-0911-4b60-930a-7d069b9f5ead: start FollowerState
2019-10-16 06:01:08,449 [IPC Server handler 0 on 42894] ERROR lock.LockManager (LockManager.java:getLockForReleasing(218)) - Trying to release the lock on /6ba827bd-1a2e-4345-96e2-0c308c4b6327/beb650cf-e810-4ed6-8504-2e9ea9ddb610, which was never acquired.
2019-10-16 06:01:08,452 [IPC Server handler 0 on 42894] WARN  ipc.Server (Server.java:logException(2724)) - IPC Server handler 0 on 42894, call Call#52 Retry#0 org.apache.hadoop.ozone.om.protocol.OzoneManagerProtocol.submitRequest from 127.0.0.1:58674
java.lang.IllegalMonitorStateException: Releasing lock on resource /6ba827bd-1a2e-4345-96e2-0c308c4b6327/beb650cf-e810-4ed6-8504-2e9ea9ddb610 without acquiring lock
	at org.apache.hadoop.ozone.lock.LockManager.getLockForReleasing(LockManager.java:220)
	at org.apache.hadoop.ozone.lock.LockManager.release(LockManager.java:168)
	at org.apache.hadoop.ozone.lock.LockManager.writeUnlock(LockManager.java:148)
	at org.apache.hadoop.ozone.om.lock.OzoneManagerLock.unlock(OzoneManagerLock.java:364)
	at org.apache.hadoop.ozone.om.lock.OzoneManagerLock.releaseWriteLock(OzoneManagerLock.java:329)
	at org.apache.hadoop.ozone.om.request.key.OMKeyCommitRequest.validateAndUpdateCache(OMKeyCommitRequest.java:177)
	at org.apache.hadoop.ozone.protocolPB.OzoneManagerProtocolServerSideTranslatorPB.submitRequestDirectlyToOM(OzoneManagerProtocolServerSideTranslatorPB.java:219)
	at org.apache.hadoop.ozone.protocolPB.OzoneManagerProtocolServerSideTranslatorPB.processRequest(OzoneManagerProtocolServerSideTranslatorPB.java:134)
	at org.apache.hadoop.hdds.server.OzoneProtocolMessageDispatcher.processRequest(OzoneProtocolMessageDispatcher.java:72)
	at org.apache.hadoop.ozone.protocolPB.OzoneManagerProtocolServerSideTranslatorPB.submitRequest(OzoneManagerProtocolServerSideTranslatorPB.java:100)
	at org.apache.hadoop.ozone.protocol.proto.OzoneManagerProtocolProtos$OzoneManagerService$2.callBlockingMethod(OzoneManagerProtocolProtos.java)
	at org.apache.hadoop.ipc.ProtobufRpcEngine$Server$ProtoBufRpcInvoker.call(ProtobufRpcEngine.java:524)
	at org.apache.hadoop.ipc.RPC$Server.call(RPC.java:1025)
	at org.apache.hadoop.ipc.Server$RpcCall.run(Server.java:876)
	at org.apache.hadoop.ipc.Server$RpcCall.run(Server.java:822)
	at java.security.AccessController.doPrivileged(Native Method)
	at javax.security.auth.Subject.doAs(Subject.java:422)
	at org.apache.hadoop.security.UserGroupInformation.doAs(UserGroupInformation.java:1730)
	at org.apache.hadoop.ipc.Server$Handler.run(Server.java:2682)
2019-10-16 06:01:08,459 [main] INFO  retry.RetryInvocationHandler (RetryInvocationHandler.java:log(411)) - com.google.protobuf.ServiceException: org.apache.hadoop.ipc.RemoteException(java.lang.IllegalMonitorStateException): Releasing lock on resource /6ba827bd-1a2e-4345-96e2-0c308c4b6327/beb650cf-e810-4ed6-8504-2e9ea9ddb610 without acquiring lock
	at org.apache.hadoop.ozone.lock.LockManager.getLockForReleasing(LockManager.java:220)
	at org.apache.hadoop.ozone.lock.LockManager.release(LockManager.java:168)
	at org.apache.hadoop.ozone.lock.LockManager.writeUnlock(LockManager.java:148)
	at org.apache.hadoop.ozone.om.lock.OzoneManagerLock.unlock(OzoneManagerLock.java:364)
	at org.apache.hadoop.ozone.om.lock.OzoneManagerLock.releaseWriteLock(OzoneManagerLock.java:329)
	at org.apache.hadoop.ozone.om.request.key.OMKeyCommitRequest.validateAndUpdateCache(OMKeyCommitRequest.java:177)
	at org.apache.hadoop.ozone.protocolPB.OzoneManagerProtocolServerSideTranslatorPB.submitRequestDirectlyToOM(OzoneManagerProtocolServerSideTranslatorPB.java:219)
	at org.apache.hadoop.ozone.protocolPB.OzoneManagerProtocolServerSideTranslatorPB.processRequest(OzoneManagerProtocolServerSideTranslatorPB.java:134)
	at org.apache.hadoop.hdds.server.OzoneProtocolMessageDispatcher.processRequest(OzoneProtocolMessageDispatcher.java:72)
	at org.apache.hadoop.ozone.protocolPB.OzoneManagerProtocolServerSideTranslatorPB.submitRequest(OzoneManagerProtocolServerSideTranslatorPB.java:100)
	at org.apache.hadoop.ozone.protocol.proto.OzoneManagerProtocolProtos$OzoneManagerService$2.callBlockingMethod(OzoneManagerProtocolProtos.java)
	at org.apache.hadoop.ipc.ProtobufRpcEngine$Server$ProtoBufRpcInvoker.call(ProtobufRpcEngine.java:524)
	at org.apache.hadoop.ipc.RPC$Server.call(RPC.java:1025)
	at org.apache.hadoop.ipc.Server$RpcCall.run(Server.java:876)
	at org.apache.hadoop.ipc.Server$RpcCall.run(Server.java:822)
	at java.security.AccessController.doPrivileged(Native Method)
	at javax.security.auth.Subject.doAs(Subject.java:422)
	at org.apache.hadoop.security.UserGroupInformation.doAs(UserGroupInformation.java:1730)
	at org.apache.hadoop.ipc.Server$Handler.run(Server.java:2682)
, while invoking $Proxy37.submitRequest over nodeId=null,nodeAddress=localhost:42894. Trying to failover immediately.
2019-10-16 06:01:08,464 [IPC Server handler 11 on 42894] ERROR lock.LockManager (LockManager.java:getLockForReleasing(218)) - Trying to release the lock on /6ba827bd-1a2e-4345-96e2-0c308c4b6327/beb650cf-e810-4ed6-8504-2e9ea9ddb610, which was never acquired.
2019-10-16 06:01:08,464 [IPC Server handler 11 on 42894] WARN  ipc.Server (Server.java:logException(2724)) - IPC Server handler 11 on 42894, call Call#52 Retry#1 org.apache.hadoop.ozone.om.protocol.OzoneManagerProtocol.submitRequest from 127.0.0.1:58674
java.lang.IllegalMonitorStateException: Releasing lock on resource /6ba827bd-1a2e-4345-96e2-0c308c4b6327/beb650cf-e810-4ed6-8504-2e9ea9ddb610 without acquiring lock
	at org.apache.hadoop.ozone.lock.LockManager.getLockForReleasing(LockManager.java:220)
	at org.apache.hadoop.ozone.lock.LockManager.release(LockManager.java:168)
	at org.apache.hadoop.ozone.lock.LockManager.writeUnlock(LockManager.java:148)
	at org.apache.hadoop.ozone.om.lock.OzoneManagerLock.unlock(OzoneManagerLock.java:364)
	at org.apache.hadoop.ozone.om.lock.OzoneManagerLock.releaseWriteLock(OzoneManagerLock.java:329)
	at org.apache.hadoop.ozone.om.request.key.OMKeyCommitRequest.validateAndUpdateCache(OMKeyCommitRequest.java:177)
	at org.apache.hadoop.ozone.protocolPB.OzoneManagerProtocolServerSideTranslatorPB.submitRequestDirectlyToOM(OzoneManagerProtocolServerSideTranslatorPB.java:219)
	at org.apache.hadoop.ozone.protocolPB.OzoneManagerProtocolServerSideTranslatorPB.processRequest(OzoneManagerProtocolServerSideTranslatorPB.java:134)
	at org.apache.hadoop.hdds.server.OzoneProtocolMessageDispatcher.processRequest(OzoneProtocolMessageDispatcher.java:72)
	at org.apache.hadoop.ozone.protocolPB.OzoneManagerProtocolServerSideTranslatorPB.submitRequest(OzoneManagerProtocolServerSideTranslatorPB.java:100)
	at org.apache.hadoop.ozone.protocol.proto.OzoneManagerProtocolProtos$OzoneManagerService$2.callBlockingMethod(OzoneManagerProtocolProtos.java)
	at org.apache.hadoop.ipc.ProtobufRpcEngine$Server$ProtoBufRpcInvoker.call(ProtobufRpcEngine.java:524)
	at org.apache.hadoop.ipc.RPC$Server.call(RPC.java:1025)
	at org.apache.hadoop.ipc.Server$RpcCall.run(Server.java:876)
	at org.apache.hadoop.ipc.Server$RpcCall.run(Server.java:822)
	at java.security.AccessController.doPrivileged(Native Method)
	at javax.security.auth.Subject.doAs(Subject.java:422)
	at org.apache.hadoop.security.UserGroupInformation.doAs(UserGroupInformation.java:1730)
	at org.apache.hadoop.ipc.Server$Handler.run(Server.java:2682)
2019-10-16 06:01:08,469 [main] INFO  retry.RetryInvocationHandler (RetryInvocationHandler.java:log(411)) - com.google.protobuf.ServiceException: org.apache.hadoop.ipc.RemoteException(java.lang.IllegalMonitorStateException): Releasing lock on resource /6ba827bd-1a2e-4345-96e2-0c308c4b6327/beb650cf-e810-4ed6-8504-2e9ea9ddb610 without acquiring lock
	at org.apache.hadoop.ozone.lock.LockManager.getLockForReleasing(LockManager.java:220)
	at org.apache.hadoop.ozone.lock.LockManager.release(LockManager.java:168)
	at org.apache.hadoop.ozone.lock.LockManager.writeUnlock(LockManager.java:148)
	at org.apache.hadoop.ozone.om.lock.OzoneManagerLock.unlock(OzoneManagerLock.java:364)
	at org.apache.hadoop.ozone.om.lock.OzoneManagerLock.releaseWriteLock(OzoneManagerLock.java:329)
	at org.apache.hadoop.ozone.om.request.key.OMKeyCommitRequest.validateAndUpdateCache(OMKeyCommitRequest.java:177)
	at org.apache.hadoop.ozone.protocolPB.OzoneManagerProtocolServerSideTranslatorPB.submitRequestDirectlyToOM(OzoneManagerProtocolServerSideTranslatorPB.java:219)
	at org.apache.hadoop.ozone.protocolPB.OzoneManagerProtocolServerSideTranslatorPB.processRequest(OzoneManagerProtocolServerSideTranslatorPB.java:134)
	at org.apache.hadoop.hdds.server.OzoneProtocolMessageDispatcher.processRequest(OzoneProtocolMessageDispatcher.java:72)
	at org.apache.hadoop.ozone.protocolPB.OzoneManagerProtocolServerSideTranslatorPB.submitRequest(OzoneManagerProtocolServerSideTranslatorPB.java:100)
	at org.apache.hadoop.ozone.protocol.proto.OzoneManagerProtocolProtos$OzoneManagerService$2.callBlockingMethod(OzoneManagerProtocolProtos.java)
	at org.apache.hadoop.ipc.ProtobufRpcEngine$Server$ProtoBufRpcInvoker.call(ProtobufRpcEngine.java:524)
	at org.apache.hadoop.ipc.RPC$Server.call(RPC.java:1025)
	at org.apache.hadoop.ipc.Server$RpcCall.run(Server.java:876)
	at org.apache.hadoop.ipc.Server$RpcCall.run(Server.java:822)
	at java.security.AccessController.doPrivileged(Native Method)
	at javax.security.auth.Subject.doAs(Subject.java:422)
	at org.apache.hadoop.security.UserGroupInformation.doAs(UserGroupInformation.java:1730)
	at org.apache.hadoop.ipc.Server$Handler.run(Server.java:2682)
, while invoking $Proxy37.submitRequest over nodeId=null,nodeAddress=localhost:42894 after 1 failover attempts. Trying to failover immediately.
2019-10-16 06:01:08,471 [Thread-525] INFO  impl.FollowerState (FollowerState.java:run(108)) - 46286b1e-0911-4b60-930a-7d069b9f5ead@group-A77B575CA011-FollowerState: change to CANDIDATE, lastRpcTime:42ms, electionTimeout:41ms
2019-10-16 06:01:08,472 [Thread-525] INFO  impl.RoleInfo (RoleInfo.java:shutdownFollowerState(121)) - 46286b1e-0911-4b60-930a-7d069b9f5ead: shutdown FollowerState
2019-10-16 06:01:08,472 [Thread-525] INFO  impl.RaftServerImpl (RaftServerImpl.java:setRole(184)) - 46286b1e-0911-4b60-930a-7d069b9f5ead@group-A77B575CA011: changes role from  FOLLOWER to CANDIDATE at term 9 for changeToCandidate
2019-10-16 06:01:08,472 [Thread-525] INFO  impl.RoleInfo (RoleInfo.java:updateAndGet(143)) - 46286b1e-0911-4b60-930a-7d069b9f5ead: start LeaderElection
2019-10-16 06:01:08,475 [IPC Server handler 10 on 42894] ERROR lock.LockManager (LockManager.java:getLockForReleasing(218)) - Trying to release the lock on /6ba827bd-1a2e-4345-96e2-0c308c4b6327/beb650cf-e810-4ed6-8504-2e9ea9ddb610, which was never acquired.
2019-10-16 06:01:08,477 [IPC Server handler 10 on 42894] WARN  ipc.Server (Server.java:logException(2724)) - IPC Server handler 10 on 42894, call Call#52 Retry#2 org.apache.hadoop.ozone.om.protocol.OzoneManagerProtocol.submitRequest from 127.0.0.1:58674
java.lang.IllegalMonitorStateException: Releasing lock on resource /6ba827bd-1a2e-4345-96e2-0c308c4b6327/beb650cf-e810-4ed6-8504-2e9ea9ddb610 without acquiring lock
	at org.apache.hadoop.ozone.lock.LockManager.getLockForReleasing(LockManager.java:220)
	at org.apache.hadoop.ozone.lock.LockManager.release(LockManager.java:168)
	at org.apache.hadoop.ozone.lock.LockManager.writeUnlock(LockManager.java:148)
	at org.apache.hadoop.ozone.om.lock.OzoneManagerLock.unlock(OzoneManagerLock.java:364)
	at org.apache.hadoop.ozone.om.lock.OzoneManagerLock.releaseWriteLock(OzoneManagerLock.java:329)
	at org.apache.hadoop.ozone.om.request.key.OMKeyCommitRequest.validateAndUpdateCache(OMKeyCommitRequest.java:177)
	at org.apache.hadoop.ozone.protocolPB.OzoneManagerProtocolServerSideTranslatorPB.submitRequestDirectlyToOM(OzoneManagerProtocolServerSideTranslatorPB.java:219)
	at org.apache.hadoop.ozone.protocolPB.OzoneManagerProtocolServerSideTranslatorPB.processRequest(OzoneManagerProtocolServerSideTranslatorPB.java:134)
	at org.apache.hadoop.hdds.server.OzoneProtocolMessageDispatcher.processRequest(OzoneProtocolMessageDispatcher.java:72)
	at org.apache.hadoop.ozone.protocolPB.OzoneManagerProtocolServerSideTranslatorPB.submitRequest(OzoneManagerProtocolServerSideTranslatorPB.java:100)
	at org.apache.hadoop.ozone.protocol.proto.OzoneManagerProtocolProtos$OzoneManagerService$2.callBlockingMethod(OzoneManagerProtocolProtos.java)
	at org.apache.hadoop.ipc.ProtobufRpcEngine$Server$ProtoBufRpcInvoker.call(ProtobufRpcEngine.java:524)
	at org.apache.hadoop.ipc.RPC$Server.call(RPC.java:1025)
	at org.apache.hadoop.ipc.Server$RpcCall.run(Server.java:876)
	at org.apache.hadoop.ipc.Server$RpcCall.run(Server.java:822)
	at java.security.AccessController.doPrivileged(Native Method)
	at javax.security.auth.Subject.doAs(Subject.java:422)
	at org.apache.hadoop.security.UserGroupInformation.doAs(UserGroupInformation.java:1730)
	at org.apache.hadoop.ipc.Server$Handler.run(Server.java:2682)
2019-10-16 06:01:08,480 [main] INFO  retry.RetryInvocationHandler (RetryInvocationHandler.java:log(411)) - com.google.protobuf.ServiceException: org.apache.hadoop.ipc.RemoteException(java.lang.IllegalMonitorStateException): Releasing lock on resource /6ba827bd-1a2e-4345-96e2-0c308c4b6327/beb650cf-e810-4ed6-8504-2e9ea9ddb610 without acquiring lock
	at org.apache.hadoop.ozone.lock.LockManager.getLockForReleasing(LockManager.java:220)
	at org.apache.hadoop.ozone.lock.LockManager.release(LockManager.java:168)
	at org.apache.hadoop.ozone.lock.LockManager.writeUnlock(LockManager.java:148)
	at org.apache.hadoop.ozone.om.lock.OzoneManagerLock.unlock(OzoneManagerLock.java:364)
	at org.apache.hadoop.ozone.om.lock.OzoneManagerLock.releaseWriteLock(OzoneManagerLock.java:329)
	at org.apache.hadoop.ozone.om.request.key.OMKeyCommitRequest.validateAndUpdateCache(OMKeyCommitRequest.java:177)
	at org.apache.hadoop.ozone.protocolPB.OzoneManagerProtocolServerSideTranslatorPB.submitRequestDirectlyToOM(OzoneManagerProtocolServerSideTranslatorPB.java:219)
	at org.apache.hadoop.ozone.protocolPB.OzoneManagerProtocolServerSideTranslatorPB.processRequest(OzoneManagerProtocolServerSideTranslatorPB.java:134)
	at org.apache.hadoop.hdds.server.OzoneProtocolMessageDispatcher.processRequest(OzoneProtocolMessageDispatcher.java:72)
	at org.apache.hadoop.ozone.protocolPB.OzoneManagerProtocolServerSideTranslatorPB.submitRequest(OzoneManagerProtocolServerSideTranslatorPB.java:100)
	at org.apache.hadoop.ozone.protocol.proto.OzoneManagerProtocolProtos$OzoneManagerService$2.callBlockingMethod(OzoneManagerProtocolProtos.java)
	at org.apache.hadoop.ipc.ProtobufRpcEngine$Server$ProtoBufRpcInvoker.call(ProtobufRpcEngine.java:524)
	at org.apache.hadoop.ipc.RPC$Server.call(RPC.java:1025)
	at org.apache.hadoop.ipc.Server$RpcCall.run(Server.java:876)
	at org.apache.hadoop.ipc.Server$RpcCall.run(Server.java:822)
	at java.security.AccessController.doPrivileged(Native Method)
	at javax.security.auth.Subject.doAs(Subject.java:422)
	at org.apache.hadoop.security.UserGroupInformation.doAs(UserGroupInformation.java:1730)
	at org.apache.hadoop.ipc.Server$Handler.run(Server.java:2682)
, while invoking $Proxy37.submitRequest over nodeId=null,nodeAddress=localhost:42894 after 2 failover attempts. Trying to failover immediately.
2019-10-16 06:01:08,485 [IPC Server handler 6 on 42894] ERROR lock.LockManager (LockManager.java:getLockForReleasing(218)) - Trying to release the lock on /6ba827bd-1a2e-4345-96e2-0c308c4b6327/beb650cf-e810-4ed6-8504-2e9ea9ddb610, which was never acquired.
2019-10-16 06:01:08,485 [IPC Server handler 6 on 42894] WARN  ipc.Server (Server.java:logException(2724)) - IPC Server handler 6 on 42894, call Call#52 Retry#3 org.apache.hadoop.ozone.om.protocol.OzoneManagerProtocol.submitRequest from 127.0.0.1:58674
java.lang.IllegalMonitorStateException: Releasing lock on resource /6ba827bd-1a2e-4345-96e2-0c308c4b6327/beb650cf-e810-4ed6-8504-2e9ea9ddb610 without acquiring lock
	at org.apache.hadoop.ozone.lock.LockManager.getLockForReleasing(LockManager.java:220)
	at org.apache.hadoop.ozone.lock.LockManager.release(LockManager.java:168)
	at org.apache.hadoop.ozone.lock.LockManager.writeUnlock(LockManager.java:148)
	at org.apache.hadoop.ozone.om.lock.OzoneManagerLock.unlock(OzoneManagerLock.java:364)
	at org.apache.hadoop.ozone.om.lock.OzoneManagerLock.releaseWriteLock(OzoneManagerLock.java:329)
	at org.apache.hadoop.ozone.om.request.key.OMKeyCommitRequest.validateAndUpdateCache(OMKeyCommitRequest.java:177)
	at org.apache.hadoop.ozone.protocolPB.OzoneManagerProtocolServerSideTranslatorPB.submitRequestDirectlyToOM(OzoneManagerProtocolServerSideTranslatorPB.java:219)
	at org.apache.hadoop.ozone.protocolPB.OzoneManagerProtocolServerSideTranslatorPB.processRequest(OzoneManagerProtocolServerSideTranslatorPB.java:134)
	at org.apache.hadoop.hdds.server.OzoneProtocolMessageDispatcher.processRequest(OzoneProtocolMessageDispatcher.java:72)
	at org.apache.hadoop.ozone.protocolPB.OzoneManagerProtocolServerSideTranslatorPB.submitRequest(OzoneManagerProtocolServerSideTranslatorPB.java:100)
	at org.apache.hadoop.ozone.protocol.proto.OzoneManagerProtocolProtos$OzoneManagerService$2.callBlockingMethod(OzoneManagerProtocolProtos.java)
	at org.apache.hadoop.ipc.ProtobufRpcEngine$Server$ProtoBufRpcInvoker.call(ProtobufRpcEngine.java:524)
	at org.apache.hadoop.ipc.RPC$Server.call(RPC.java:1025)
	at org.apache.hadoop.ipc.Server$RpcCall.run(Server.java:876)
	at org.apache.hadoop.ipc.Server$RpcCall.run(Server.java:822)
	at java.security.AccessController.doPrivileged(Native Method)
	at javax.security.auth.Subject.doAs(Subject.java:422)
	at org.apache.hadoop.security.UserGroupInformation.doAs(UserGroupInformation.java:1730)
	at org.apache.hadoop.ipc.Server$Handler.run(Server.java:2682)
2019-10-16 06:01:08,488 [46286b1e-0911-4b60-930a-7d069b9f5ead@group-A77B575CA011-LeaderElection30] INFO  impl.LeaderElection (LeaderElection.java:askForVotes(178)) - 46286b1e-0911-4b60-930a-7d069b9f5ead@group-A77B575CA011-LeaderElection30: begin an election at term 10 for -1: [46286b1e-0911-4b60-930a-7d069b9f5ead:192.168.69.104:35014, 4a4798ab-8917-4d71-b7ea-449ce36720dc:192.168.69.104:41062, d1fdf168-58cb-444a-97ca-5abcdb1babef:192.168.69.104:44847], old=null
2019-10-16 06:01:08,490 [main] INFO  retry.RetryInvocationHandler (RetryInvocationHandler.java:log(411)) - com.google.protobuf.ServiceException: org.apache.hadoop.ipc.RemoteException(java.lang.IllegalMonitorStateException): Releasing lock on resource /6ba827bd-1a2e-4345-96e2-0c308c4b6327/beb650cf-e810-4ed6-8504-2e9ea9ddb610 without acquiring lock
	at org.apache.hadoop.ozone.lock.LockManager.getLockForReleasing(LockManager.java:220)
	at org.apache.hadoop.ozone.lock.LockManager.release(LockManager.java:168)
	at org.apache.hadoop.ozone.lock.LockManager.writeUnlock(LockManager.java:148)
	at org.apache.hadoop.ozone.om.lock.OzoneManagerLock.unlock(OzoneManagerLock.java:364)
	at org.apache.hadoop.ozone.om.lock.OzoneManagerLock.releaseWriteLock(OzoneManagerLock.java:329)
	at org.apache.hadoop.ozone.om.request.key.OMKeyCommitRequest.validateAndUpdateCache(OMKeyCommitRequest.java:177)
	at org.apache.hadoop.ozone.protocolPB.OzoneManagerProtocolServerSideTranslatorPB.submitRequestDirectlyToOM(OzoneManagerProtocolServerSideTranslatorPB.java:219)
	at org.apache.hadoop.ozone.protocolPB.OzoneManagerProtocolServerSideTranslatorPB.processRequest(OzoneManagerProtocolServerSideTranslatorPB.java:134)
	at org.apache.hadoop.hdds.server.OzoneProtocolMessageDispatcher.processRequest(OzoneProtocolMessageDispatcher.java:72)
	at org.apache.hadoop.ozone.protocolPB.OzoneManagerProtocolServerSideTranslatorPB.submitRequest(OzoneManagerProtocolServerSideTranslatorPB.java:100)
	at org.apache.hadoop.ozone.protocol.proto.OzoneManagerProtocolProtos$OzoneManagerService$2.callBlockingMethod(OzoneManagerProtocolProtos.java)
	at org.apache.hadoop.ipc.ProtobufRpcEngine$Server$ProtoBufRpcInvoker.call(ProtobufRpcEngine.java:524)
	at org.apache.hadoop.ipc.RPC$Server.call(RPC.java:1025)
	at org.apache.hadoop.ipc.Server$RpcCall.run(Server.java:876)
	at org.apache.hadoop.ipc.Server$RpcCall.run(Server.java:822)
	at java.security.AccessController.doPrivileged(Native Method)
	at javax.security.auth.Subject.doAs(Subject.java:422)
	at org.apache.hadoop.security.UserGroupInformation.doAs(UserGroupInformation.java:1730)
	at org.apache.hadoop.ipc.Server$Handler.run(Server.java:2682)
, while invoking $Proxy37.submitRequest over nodeId=null,nodeAddress=localhost:42894 after 3 failover attempts. Trying to failover immediately.
2019-10-16 06:01:08,493 [IPC Server handler 3 on 42894] ERROR lock.LockManager (LockManager.java:getLockForReleasing(218)) - Trying to release the lock on /6ba827bd-1a2e-4345-96e2-0c308c4b6327/beb650cf-e810-4ed6-8504-2e9ea9ddb610, which was never acquired.
2019-10-16 06:01:08,493 [IPC Server handler 3 on 42894] WARN  ipc.Server (Server.java:logException(2724)) - IPC Server handler 3 on 42894, call Call#52 Retry#4 org.apache.hadoop.ozone.om.protocol.OzoneManagerProtocol.submitRequest from 127.0.0.1:58674
java.lang.IllegalMonitorStateException: Releasing lock on resource /6ba827bd-1a2e-4345-96e2-0c308c4b6327/beb650cf-e810-4ed6-8504-2e9ea9ddb610 without acquiring lock
	at org.apache.hadoop.ozone.lock.LockManager.getLockForReleasing(LockManager.java:220)
	at org.apache.hadoop.ozone.lock.LockManager.release(LockManager.java:168)
	at org.apache.hadoop.ozone.lock.LockManager.writeUnlock(LockManager.java:148)
	at org.apache.hadoop.ozone.om.lock.OzoneManagerLock.unlock(OzoneManagerLock.java:364)
	at org.apache.hadoop.ozone.om.lock.OzoneManagerLock.releaseWriteLock(OzoneManagerLock.java:329)
	at org.apache.hadoop.ozone.om.request.key.OMKeyCommitRequest.validateAndUpdateCache(OMKeyCommitRequest.java:177)
	at org.apache.hadoop.ozone.protocolPB.OzoneManagerProtocolServerSideTranslatorPB.submitRequestDirectlyToOM(OzoneManagerProtocolServerSideTranslatorPB.java:219)
	at org.apache.hadoop.ozone.protocolPB.OzoneManagerProtocolServerSideTranslatorPB.processRequest(OzoneManagerProtocolServerSideTranslatorPB.java:134)
	at org.apache.hadoop.hdds.server.OzoneProtocolMessageDispatcher.processRequest(OzoneProtocolMessageDispatcher.java:72)
	at org.apache.hadoop.ozone.protocolPB.OzoneManagerProtocolServerSideTranslatorPB.submitRequest(OzoneManagerProtocolServerSideTranslatorPB.java:100)
	at org.apache.hadoop.ozone.protocol.proto.OzoneManagerProtocolProtos$OzoneManagerService$2.callBlockingMethod(OzoneManagerProtocolProtos.java)
	at org.apache.hadoop.ipc.ProtobufRpcEngine$Server$ProtoBufRpcInvoker.call(ProtobufRpcEngine.java:524)
	at org.apache.hadoop.ipc.RPC$Server.call(RPC.java:1025)
	at org.apache.hadoop.ipc.Server$RpcCall.run(Server.java:876)
	at org.apache.hadoop.ipc.Server$RpcCall.run(Server.java:822)
	at java.security.AccessController.doPrivileged(Native Method)
	at javax.security.auth.Subject.doAs(Subject.java:422)
	at org.apache.hadoop.security.UserGroupInformation.doAs(UserGroupInformation.java:1730)
	at org.apache.hadoop.ipc.Server$Handler.run(Server.java:2682)
2019-10-16 06:01:08,494 [grpc-default-executor-5] INFO  impl.RaftServerImpl (RaftServerImpl.java:setRole(184)) - d1fdf168-58cb-444a-97ca-5abcdb1babef@group-A77B575CA011: changes role from  FOLLOWER to FOLLOWER at term 10 for recognizeCandidate:46286b1e-0911-4b60-930a-7d069b9f5ead
2019-10-16 06:01:08,494 [grpc-default-executor-1] INFO  impl.RaftServerImpl (RaftServerImpl.java:setRole(184)) - 4a4798ab-8917-4d71-b7ea-449ce36720dc@group-A77B575CA011: changes role from  FOLLOWER to FOLLOWER at term 10 for recognizeCandidate:46286b1e-0911-4b60-930a-7d069b9f5ead
2019-10-16 06:01:08,498 [grpc-default-executor-1] INFO  impl.RoleInfo (RoleInfo.java:shutdownFollowerState(121)) - 4a4798ab-8917-4d71-b7ea-449ce36720dc: shutdown FollowerState
2019-10-16 06:01:08,496 [grpc-default-executor-5] INFO  impl.RoleInfo (RoleInfo.java:shutdownFollowerState(121)) - d1fdf168-58cb-444a-97ca-5abcdb1babef: shutdown FollowerState
2019-10-16 06:01:08,498 [grpc-default-executor-1] INFO  impl.RoleInfo (RoleInfo.java:updateAndGet(143)) - 4a4798ab-8917-4d71-b7ea-449ce36720dc: start FollowerState
2019-10-16 06:01:08,498 [Thread-523] INFO  impl.FollowerState (FollowerState.java:run(117)) - 4a4798ab-8917-4d71-b7ea-449ce36720dc@group-A77B575CA011-FollowerState was interrupted: java.lang.InterruptedException: sleep interrupted
2019-10-16 06:01:08,498 [main] INFO  retry.RetryInvocationHandler (RetryInvocationHandler.java:log(411)) - com.google.protobuf.ServiceException: org.apache.hadoop.ipc.RemoteException(java.lang.IllegalMonitorStateException): Releasing lock on resource /6ba827bd-1a2e-4345-96e2-0c308c4b6327/beb650cf-e810-4ed6-8504-2e9ea9ddb610 without acquiring lock
	at org.apache.hadoop.ozone.lock.LockManager.getLockForReleasing(LockManager.java:220)
	at org.apache.hadoop.ozone.lock.LockManager.release(LockManager.java:168)
	at org.apache.hadoop.ozone.lock.LockManager.writeUnlock(LockManager.java:148)
	at org.apache.hadoop.ozone.om.lock.OzoneManagerLock.unlock(OzoneManagerLock.java:364)
	at org.apache.hadoop.ozone.om.lock.OzoneManagerLock.releaseWriteLock(OzoneManagerLock.java:329)
	at org.apache.hadoop.ozone.om.request.key.OMKeyCommitRequest.validateAndUpdateCache(OMKeyCommitRequest.java:177)
	at org.apache.hadoop.ozone.protocolPB.OzoneManagerProtocolServerSideTranslatorPB.submitRequestDirectlyToOM(OzoneManagerProtocolServerSideTranslatorPB.java:219)
	at org.apache.hadoop.ozone.protocolPB.OzoneManagerProtocolServerSideTranslatorPB.processRequest(OzoneManagerProtocolServerSideTranslatorPB.java:134)
	at org.apache.hadoop.hdds.server.OzoneProtocolMessageDispatcher.processRequest(OzoneProtocolMessageDispatcher.java:72)
	at org.apache.hadoop.ozone.protocolPB.OzoneManagerProtocolServerSideTranslatorPB.submitRequest(OzoneManagerProtocolServerSideTranslatorPB.java:100)
	at org.apache.hadoop.ozone.protocol.proto.OzoneManagerProtocolProtos$OzoneManagerService$2.callBlockingMethod(OzoneManagerProtocolProtos.java)
	at org.apache.hadoop.ipc.ProtobufRpcEngine$Server$ProtoBufRpcInvoker.call(ProtobufRpcEngine.java:524)
	at org.apache.hadoop.ipc.RPC$Server.call(RPC.java:1025)
	at org.apache.hadoop.ipc.Server$RpcCall.run(Server.java:876)
	at org.apache.hadoop.ipc.Server$RpcCall.run(Server.java:822)
	at java.security.AccessController.doPrivileged(Native Method)
	at javax.security.auth.Subject.doAs(Subject.java:422)
	at org.apache.hadoop.security.UserGroupInformation.doAs(UserGroupInformation.java:1730)
	at org.apache.hadoop.ipc.Server$Handler.run(Server.java:2682)
, while invoking $Proxy37.submitRequest over nodeId=null,nodeAddress=localhost:42894 after 4 failover attempts. Trying to failover immediately.
2019-10-16 06:01:08,498 [grpc-default-executor-5] INFO  impl.RoleInfo (RoleInfo.java:updateAndGet(143)) - d1fdf168-58cb-444a-97ca-5abcdb1babef: start FollowerState
2019-10-16 06:01:08,498 [Thread-524] INFO  impl.FollowerState (FollowerState.java:run(117)) - d1fdf168-58cb-444a-97ca-5abcdb1babef@group-A77B575CA011-FollowerState was interrupted: java.lang.InterruptedException: sleep interrupted
2019-10-16 06:01:08,503 [IPC Server handler 8 on 42894] ERROR lock.LockManager (LockManager.java:getLockForReleasing(218)) - Trying to release the lock on /6ba827bd-1a2e-4345-96e2-0c308c4b6327/beb650cf-e810-4ed6-8504-2e9ea9ddb610, which was never acquired.
2019-10-16 06:01:08,504 [IPC Server handler 8 on 42894] WARN  ipc.Server (Server.java:logException(2724)) - IPC Server handler 8 on 42894, call Call#52 Retry#5 org.apache.hadoop.ozone.om.protocol.OzoneManagerProtocol.submitRequest from 127.0.0.1:58674
java.lang.IllegalMonitorStateException: Releasing lock on resource /6ba827bd-1a2e-4345-96e2-0c308c4b6327/beb650cf-e810-4ed6-8504-2e9ea9ddb610 without acquiring lock
	at org.apache.hadoop.ozone.lock.LockManager.getLockForReleasing(LockManager.java:220)
	at org.apache.hadoop.ozone.lock.LockManager.release(LockManager.java:168)
	at org.apache.hadoop.ozone.lock.LockManager.writeUnlock(LockManager.java:148)
	at org.apache.hadoop.ozone.om.lock.OzoneManagerLock.unlock(OzoneManagerLock.java:364)
	at org.apache.hadoop.ozone.om.lock.OzoneManagerLock.releaseWriteLock(OzoneManagerLock.java:329)
	at org.apache.hadoop.ozone.om.request.key.OMKeyCommitRequest.validateAndUpdateCache(OMKeyCommitRequest.java:177)
	at org.apache.hadoop.ozone.protocolPB.OzoneManagerProtocolServerSideTranslatorPB.submitRequestDirectlyToOM(OzoneManagerProtocolServerSideTranslatorPB.java:219)
	at org.apache.hadoop.ozone.protocolPB.OzoneManagerProtocolServerSideTranslatorPB.processRequest(OzoneManagerProtocolServerSideTranslatorPB.java:134)
	at org.apache.hadoop.hdds.server.OzoneProtocolMessageDispatcher.processRequest(OzoneProtocolMessageDispatcher.java:72)
	at org.apache.hadoop.ozone.protocolPB.OzoneManagerProtocolServerSideTranslatorPB.submitRequest(OzoneManagerProtocolServerSideTranslatorPB.java:100)
	at org.apache.hadoop.ozone.protocol.proto.OzoneManagerProtocolProtos$OzoneManagerService$2.callBlockingMethod(OzoneManagerProtocolProtos.java)
	at org.apache.hadoop.ipc.ProtobufRpcEngine$Server$ProtoBufRpcInvoker.call(ProtobufRpcEngine.java:524)
	at org.apache.hadoop.ipc.RPC$Server.call(RPC.java:1025)
	at org.apache.hadoop.ipc.Server$RpcCall.run(Server.java:876)
	at org.apache.hadoop.ipc.Server$RpcCall.run(Server.java:822)
	at java.security.AccessController.doPrivileged(Native Method)
	at javax.security.auth.Subject.doAs(Subject.java:422)
	at org.apache.hadoop.security.UserGroupInformation.doAs(UserGroupInformation.java:1730)
	at org.apache.hadoop.ipc.Server$Handler.run(Server.java:2682)
2019-10-16 06:01:08,506 [main] INFO  retry.RetryInvocationHandler (RetryInvocationHandler.java:log(411)) - com.google.protobuf.ServiceException: org.apache.hadoop.ipc.RemoteException(java.lang.IllegalMonitorStateException): Releasing lock on resource /6ba827bd-1a2e-4345-96e2-0c308c4b6327/beb650cf-e810-4ed6-8504-2e9ea9ddb610 without acquiring lock
	at org.apache.hadoop.ozone.lock.LockManager.getLockForReleasing(LockManager.java:220)
	at org.apache.hadoop.ozone.lock.LockManager.release(LockManager.java:168)
	at org.apache.hadoop.ozone.lock.LockManager.writeUnlock(LockManager.java:148)
	at org.apache.hadoop.ozone.om.lock.OzoneManagerLock.unlock(OzoneManagerLock.java:364)
	at org.apache.hadoop.ozone.om.lock.OzoneManagerLock.releaseWriteLock(OzoneManagerLock.java:329)
	at org.apache.hadoop.ozone.om.request.key.OMKeyCommitRequest.validateAndUpdateCache(OMKeyCommitRequest.java:177)
	at org.apache.hadoop.ozone.protocolPB.OzoneManagerProtocolServerSideTranslatorPB.submitRequestDirectlyToOM(OzoneManagerProtocolServerSideTranslatorPB.java:219)
	at org.apache.hadoop.ozone.protocolPB.OzoneManagerProtocolServerSideTranslatorPB.processRequest(OzoneManagerProtocolServerSideTranslatorPB.java:134)
	at org.apache.hadoop.hdds.server.OzoneProtocolMessageDispatcher.processRequest(OzoneProtocolMessageDispatcher.java:72)
	at org.apache.hadoop.ozone.protocolPB.OzoneManagerProtocolServerSideTranslatorPB.submitRequest(OzoneManagerProtocolServerSideTranslatorPB.java:100)
	at org.apache.hadoop.ozone.protocol.proto.OzoneManagerProtocolProtos$OzoneManagerService$2.callBlockingMethod(OzoneManagerProtocolProtos.java)
	at org.apache.hadoop.ipc.ProtobufRpcEngine$Server$ProtoBufRpcInvoker.call(ProtobufRpcEngine.java:524)
	at org.apache.hadoop.ipc.RPC$Server.call(RPC.java:1025)
	at org.apache.hadoop.ipc.Server$RpcCall.run(Server.java:876)
	at org.apache.hadoop.ipc.Server$RpcCall.run(Server.java:822)
	at java.security.AccessController.doPrivileged(Native Method)
	at javax.security.auth.Subject.doAs(Subject.java:422)
	at org.apache.hadoop.security.UserGroupInformation.doAs(UserGroupInformation.java:1730)
	at org.apache.hadoop.ipc.Server$Handler.run(Server.java:2682)
, while invoking $Proxy37.submitRequest over nodeId=null,nodeAddress=localhost:42894 after 5 failover attempts. Trying to failover immediately.
2019-10-16 06:01:08,509 [IPC Server handler 2 on 42894] ERROR lock.LockManager (LockManager.java:getLockForReleasing(218)) - Trying to release the lock on /6ba827bd-1a2e-4345-96e2-0c308c4b6327/beb650cf-e810-4ed6-8504-2e9ea9ddb610, which was never acquired.
2019-10-16 06:01:08,509 [IPC Server handler 2 on 42894] WARN  ipc.Server (Server.java:logException(2724)) - IPC Server handler 2 on 42894, call Call#52 Retry#6 org.apache.hadoop.ozone.om.protocol.OzoneManagerProtocol.submitRequest from 127.0.0.1:58674
java.lang.IllegalMonitorStateException: Releasing lock on resource /6ba827bd-1a2e-4345-96e2-0c308c4b6327/beb650cf-e810-4ed6-8504-2e9ea9ddb610 without acquiring lock
	at org.apache.hadoop.ozone.lock.LockManager.getLockForReleasing(LockManager.java:220)
	at org.apache.hadoop.ozone.lock.LockManager.release(LockManager.java:168)
	at org.apache.hadoop.ozone.lock.LockManager.writeUnlock(LockManager.java:148)
	at org.apache.hadoop.ozone.om.lock.OzoneManagerLock.unlock(OzoneManagerLock.java:364)
	at org.apache.hadoop.ozone.om.lock.OzoneManagerLock.releaseWriteLock(OzoneManagerLock.java:329)
	at org.apache.hadoop.ozone.om.request.key.OMKeyCommitRequest.validateAndUpdateCache(OMKeyCommitRequest.java:177)
	at org.apache.hadoop.ozone.protocolPB.OzoneManagerProtocolServerSideTranslatorPB.submitRequestDirectlyToOM(OzoneManagerProtocolServerSideTranslatorPB.java:219)
	at org.apache.hadoop.ozone.protocolPB.OzoneManagerProtocolServerSideTranslatorPB.processRequest(OzoneManagerProtocolServerSideTranslatorPB.java:134)
	at org.apache.hadoop.hdds.server.OzoneProtocolMessageDispatcher.processRequest(OzoneProtocolMessageDispatcher.java:72)
	at org.apache.hadoop.ozone.protocolPB.OzoneManagerProtocolServerSideTranslatorPB.submitRequest(OzoneManagerProtocolServerSideTranslatorPB.java:100)
	at org.apache.hadoop.ozone.protocol.proto.OzoneManagerProtocolProtos$OzoneManagerService$2.callBlockingMethod(OzoneManagerProtocolProtos.java)
	at org.apache.hadoop.ipc.ProtobufRpcEngine$Server$ProtoBufRpcInvoker.call(ProtobufRpcEngine.java:524)
	at org.apache.hadoop.ipc.RPC$Server.call(RPC.java:1025)
	at org.apache.hadoop.ipc.Server$RpcCall.run(Server.java:876)
	at org.apache.hadoop.ipc.Server$RpcCall.run(Server.java:822)
	at java.security.AccessController.doPrivileged(Native Method)
	at javax.security.auth.Subject.doAs(Subject.java:422)
	at org.apache.hadoop.security.UserGroupInformation.doAs(UserGroupInformation.java:1730)
	at org.apache.hadoop.ipc.Server$Handler.run(Server.java:2682)
2019-10-16 06:01:08,512 [main] INFO  retry.RetryInvocationHandler (RetryInvocationHandler.java:log(411)) - com.google.protobuf.ServiceException: org.apache.hadoop.ipc.RemoteException(java.lang.IllegalMonitorStateException): Releasing lock on resource /6ba827bd-1a2e-4345-96e2-0c308c4b6327/beb650cf-e810-4ed6-8504-2e9ea9ddb610 without acquiring lock
	at org.apache.hadoop.ozone.lock.LockManager.getLockForReleasing(LockManager.java:220)
	at org.apache.hadoop.ozone.lock.LockManager.release(LockManager.java:168)
	at org.apache.hadoop.ozone.lock.LockManager.writeUnlock(LockManager.java:148)
	at org.apache.hadoop.ozone.om.lock.OzoneManagerLock.unlock(OzoneManagerLock.java:364)
	at org.apache.hadoop.ozone.om.lock.OzoneManagerLock.releaseWriteLock(OzoneManagerLock.java:329)
	at org.apache.hadoop.ozone.om.request.key.OMKeyCommitRequest.validateAndUpdateCache(OMKeyCommitRequest.java:177)
	at org.apache.hadoop.ozone.protocolPB.OzoneManagerProtocolServerSideTranslatorPB.submitRequestDirectlyToOM(OzoneManagerProtocolServerSideTranslatorPB.java:219)
	at org.apache.hadoop.ozone.protocolPB.OzoneManagerProtocolServerSideTranslatorPB.processRequest(OzoneManagerProtocolServerSideTranslatorPB.java:134)
	at org.apache.hadoop.hdds.server.OzoneProtocolMessageDispatcher.processRequest(OzoneProtocolMessageDispatcher.java:72)
	at org.apache.hadoop.ozone.protocolPB.OzoneManagerProtocolServerSideTranslatorPB.submitRequest(OzoneManagerProtocolServerSideTranslatorPB.java:100)
	at org.apache.hadoop.ozone.protocol.proto.OzoneManagerProtocolProtos$OzoneManagerService$2.callBlockingMethod(OzoneManagerProtocolProtos.java)
	at org.apache.hadoop.ipc.ProtobufRpcEngine$Server$ProtoBufRpcInvoker.call(ProtobufRpcEngine.java:524)
	at org.apache.hadoop.ipc.RPC$Server.call(RPC.java:1025)
	at org.apache.hadoop.ipc.Server$RpcCall.run(Server.java:876)
	at org.apache.hadoop.ipc.Server$RpcCall.run(Server.java:822)
	at java.security.AccessController.doPrivileged(Native Method)
	at javax.security.auth.Subject.doAs(Subject.java:422)
	at org.apache.hadoop.security.UserGroupInformation.doAs(UserGroupInformation.java:1730)
	at org.apache.hadoop.ipc.Server$Handler.run(Server.java:2682)
, while invoking $Proxy37.submitRequest over nodeId=null,nodeAddress=localhost:42894 after 6 failover attempts. Trying to failover immediately.
2019-10-16 06:01:08,515 [46286b1e-0911-4b60-930a-7d069b9f5ead@group-A77B575CA011-LeaderElection30] INFO  impl.LeaderElection (LeaderElection.java:logAndReturn(56)) - 46286b1e-0911-4b60-930a-7d069b9f5ead@group-A77B575CA011-LeaderElection30: Election REJECTED; received 2 response(s) [46286b1e-0911-4b60-930a-7d069b9f5ead<-4a4798ab-8917-4d71-b7ea-449ce36720dc#0:FAIL-t10, 46286b1e-0911-4b60-930a-7d069b9f5ead<-d1fdf168-58cb-444a-97ca-5abcdb1babef#0:FAIL-t10] and 0 exception(s); 46286b1e-0911-4b60-930a-7d069b9f5ead@group-A77B575CA011:t10, leader=null, voted=46286b1e-0911-4b60-930a-7d069b9f5ead, raftlog=46286b1e-0911-4b60-930a-7d069b9f5ead@group-A77B575CA011-SegmentedRaftLog:OPENED:c-1,f-1,i0, conf=-1: [46286b1e-0911-4b60-930a-7d069b9f5ead:192.168.69.104:35014, 4a4798ab-8917-4d71-b7ea-449ce36720dc:192.168.69.104:41062, d1fdf168-58cb-444a-97ca-5abcdb1babef:192.168.69.104:44847], old=null
2019-10-16 06:01:08,516 [46286b1e-0911-4b60-930a-7d069b9f5ead@group-A77B575CA011-LeaderElection30] INFO  impl.RaftServerImpl (RaftServerImpl.java:setRole(184)) - 46286b1e-0911-4b60-930a-7d069b9f5ead@group-A77B575CA011: changes role from CANDIDATE to FOLLOWER at term 10 for DISCOVERED_A_NEW_TERM
2019-10-16 06:01:08,516 [46286b1e-0911-4b60-930a-7d069b9f5ead@group-A77B575CA011-LeaderElection30] INFO  impl.RoleInfo (RoleInfo.java:shutdownLeaderElection(134)) - 46286b1e-0911-4b60-930a-7d069b9f5ead: shutdown LeaderElection
2019-10-16 06:01:08,516 [46286b1e-0911-4b60-930a-7d069b9f5ead@group-A77B575CA011-LeaderElection30] INFO  impl.RoleInfo (RoleInfo.java:updateAndGet(143)) - 46286b1e-0911-4b60-930a-7d069b9f5ead: start FollowerState
2019-10-16 06:01:08,518 [Thread-522] INFO  impl.FollowerState (FollowerState.java:run(108)) - 8c19deeb-317a-48b3-82a9-f18220a73035@group-2716D4593A72-FollowerState: change to CANDIDATE, lastRpcTime:109ms, electionTimeout:109ms
2019-10-16 06:01:08,520 [Thread-522] INFO  impl.RoleInfo (RoleInfo.java:shutdownFollowerState(121)) - 8c19deeb-317a-48b3-82a9-f18220a73035: shutdown FollowerState
2019-10-16 06:01:08,520 [Thread-522] INFO  impl.RaftServerImpl (RaftServerImpl.java:setRole(184)) - 8c19deeb-317a-48b3-82a9-f18220a73035@group-2716D4593A72: changes role from  FOLLOWER to CANDIDATE at term 11 for changeToCandidate
2019-10-16 06:01:08,520 [Thread-522] INFO  impl.RoleInfo (RoleInfo.java:updateAndGet(143)) - 8c19deeb-317a-48b3-82a9-f18220a73035: start LeaderElection
2019-10-16 06:01:08,540 [IPC Server handler 4 on 42894] ERROR lock.LockManager (LockManager.java:getLockForReleasing(218)) - Trying to release the lock on /6ba827bd-1a2e-4345-96e2-0c308c4b6327/beb650cf-e810-4ed6-8504-2e9ea9ddb610, which was never acquired.
2019-10-16 06:01:08,540 [IPC Server handler 4 on 42894] WARN  ipc.Server (Server.java:logException(2724)) - IPC Server handler 4 on 42894, call Call#52 Retry#7 org.apache.hadoop.ozone.om.protocol.OzoneManagerProtocol.submitRequest from 127.0.0.1:58674
java.lang.IllegalMonitorStateException: Releasing lock on resource /6ba827bd-1a2e-4345-96e2-0c308c4b6327/beb650cf-e810-4ed6-8504-2e9ea9ddb610 without acquiring lock
	at org.apache.hadoop.ozone.lock.LockManager.getLockForReleasing(LockManager.java:220)
	at org.apache.hadoop.ozone.lock.LockManager.release(LockManager.java:168)
	at org.apache.hadoop.ozone.lock.LockManager.writeUnlock(LockManager.java:148)
	at org.apache.hadoop.ozone.om.lock.OzoneManagerLock.unlock(OzoneManagerLock.java:364)
	at org.apache.hadoop.ozone.om.lock.OzoneManagerLock.releaseWriteLock(OzoneManagerLock.java:329)
	at org.apache.hadoop.ozone.om.request.key.OMKeyCommitRequest.validateAndUpdateCache(OMKeyCommitRequest.java:177)
	at org.apache.hadoop.ozone.protocolPB.OzoneManagerProtocolServerSideTranslatorPB.submitRequestDirectlyToOM(OzoneManagerProtocolServerSideTranslatorPB.java:219)
	at org.apache.hadoop.ozone.protocolPB.OzoneManagerProtocolServerSideTranslatorPB.processRequest(OzoneManagerProtocolServerSideTranslatorPB.java:134)
	at org.apache.hadoop.hdds.server.OzoneProtocolMessageDispatcher.processRequest(OzoneProtocolMessageDispatcher.java:72)
	at org.apache.hadoop.ozone.protocolPB.OzoneManagerProtocolServerSideTranslatorPB.submitRequest(OzoneManagerProtocolServerSideTranslatorPB.java:100)
	at org.apache.hadoop.ozone.protocol.proto.OzoneManagerProtocolProtos$OzoneManagerService$2.callBlockingMethod(OzoneManagerProtocolProtos.java)
	at org.apache.hadoop.ipc.ProtobufRpcEngine$Server$ProtoBufRpcInvoker.call(ProtobufRpcEngine.java:524)
	at org.apache.hadoop.ipc.RPC$Server.call(RPC.java:1025)
	at org.apache.hadoop.ipc.Server$RpcCall.run(Server.java:876)
	at org.apache.hadoop.ipc.Server$RpcCall.run(Server.java:822)
	at java.security.AccessController.doPrivileged(Native Method)
	at javax.security.auth.Subject.doAs(Subject.java:422)
	at org.apache.hadoop.security.UserGroupInformation.doAs(UserGroupInformation.java:1730)
	at org.apache.hadoop.ipc.Server$Handler.run(Server.java:2682)
2019-10-16 06:01:08,544 [main] INFO  retry.RetryInvocationHandler (RetryInvocationHandler.java:log(411)) - com.google.protobuf.ServiceException: org.apache.hadoop.ipc.RemoteException(java.lang.IllegalMonitorStateException): Releasing lock on resource /6ba827bd-1a2e-4345-96e2-0c308c4b6327/beb650cf-e810-4ed6-8504-2e9ea9ddb610 without acquiring lock
	at org.apache.hadoop.ozone.lock.LockManager.getLockForReleasing(LockManager.java:220)
	at org.apache.hadoop.ozone.lock.LockManager.release(LockManager.java:168)
	at org.apache.hadoop.ozone.lock.LockManager.writeUnlock(LockManager.java:148)
	at org.apache.hadoop.ozone.om.lock.OzoneManagerLock.unlock(OzoneManagerLock.java:364)
	at org.apache.hadoop.ozone.om.lock.OzoneManagerLock.releaseWriteLock(OzoneManagerLock.java:329)
	at org.apache.hadoop.ozone.om.request.key.OMKeyCommitRequest.validateAndUpdateCache(OMKeyCommitRequest.java:177)
	at org.apache.hadoop.ozone.protocolPB.OzoneManagerProtocolServerSideTranslatorPB.submitRequestDirectlyToOM(OzoneManagerProtocolServerSideTranslatorPB.java:219)
	at org.apache.hadoop.ozone.protocolPB.OzoneManagerProtocolServerSideTranslatorPB.processRequest(OzoneManagerProtocolServerSideTranslatorPB.java:134)
	at org.apache.hadoop.hdds.server.OzoneProtocolMessageDispatcher.processRequest(OzoneProtocolMessageDispatcher.java:72)
	at org.apache.hadoop.ozone.protocolPB.OzoneManagerProtocolServerSideTranslatorPB.submitRequest(OzoneManagerProtocolServerSideTranslatorPB.java:100)
	at org.apache.hadoop.ozone.protocol.proto.OzoneManagerProtocolProtos$OzoneManagerService$2.callBlockingMethod(OzoneManagerProtocolProtos.java)
	at org.apache.hadoop.ipc.ProtobufRpcEngine$Server$ProtoBufRpcInvoker.call(ProtobufRpcEngine.java:524)
	at org.apache.hadoop.ipc.RPC$Server.call(RPC.java:1025)
	at org.apache.hadoop.ipc.Server$RpcCall.run(Server.java:876)
	at org.apache.hadoop.ipc.Server$RpcCall.run(Server.java:822)
	at java.security.AccessController.doPrivileged(Native Method)
	at javax.security.auth.Subject.doAs(Subject.java:422)
	at org.apache.hadoop.security.UserGroupInformation.doAs(UserGroupInformation.java:1730)
	at org.apache.hadoop.ipc.Server$Handler.run(Server.java:2682)
, while invoking $Proxy37.submitRequest over nodeId=null,nodeAddress=localhost:42894 after 7 failover attempts. Trying to failover immediately.
2019-10-16 06:01:08,545 [8c19deeb-317a-48b3-82a9-f18220a73035@group-2716D4593A72-LeaderElection31] INFO  impl.LeaderElection (LeaderElection.java:askForVotes(178)) - 8c19deeb-317a-48b3-82a9-f18220a73035@group-2716D4593A72-LeaderElection31: begin an election at term 12 for -1: [312a2b1d-4089-408f-ae02-669a7707c04d:192.168.69.104:33667, f57e9b24-e963-44a9-9a1d-af10325c0693:192.168.69.104:44592, 8c19deeb-317a-48b3-82a9-f18220a73035:192.168.69.104:45027], old=null
2019-10-16 06:01:08,546 [IPC Server handler 16 on 42894] ERROR lock.LockManager (LockManager.java:getLockForReleasing(218)) - Trying to release the lock on /6ba827bd-1a2e-4345-96e2-0c308c4b6327/beb650cf-e810-4ed6-8504-2e9ea9ddb610, which was never acquired.
2019-10-16 06:01:08,555 [IPC Server handler 16 on 42894] WARN  ipc.Server (Server.java:logException(2724)) - IPC Server handler 16 on 42894, call Call#52 Retry#8 org.apache.hadoop.ozone.om.protocol.OzoneManagerProtocol.submitRequest from 127.0.0.1:58674
java.lang.IllegalMonitorStateException: Releasing lock on resource /6ba827bd-1a2e-4345-96e2-0c308c4b6327/beb650cf-e810-4ed6-8504-2e9ea9ddb610 without acquiring lock
	at org.apache.hadoop.ozone.lock.LockManager.getLockForReleasing(LockManager.java:220)
	at org.apache.hadoop.ozone.lock.LockManager.release(LockManager.java:168)
	at org.apache.hadoop.ozone.lock.LockManager.writeUnlock(LockManager.java:148)
	at org.apache.hadoop.ozone.om.lock.OzoneManagerLock.unlock(OzoneManagerLock.java:364)
	at org.apache.hadoop.ozone.om.lock.OzoneManagerLock.releaseWriteLock(OzoneManagerLock.java:329)
	at org.apache.hadoop.ozone.om.request.key.OMKeyCommitRequest.validateAndUpdateCache(OMKeyCommitRequest.java:177)
	at org.apache.hadoop.ozone.protocolPB.OzoneManagerProtocolServerSideTranslatorPB.submitRequestDirectlyToOM(OzoneManagerProtocolServerSideTranslatorPB.java:219)
	at org.apache.hadoop.ozone.protocolPB.OzoneManagerProtocolServerSideTranslatorPB.processRequest(OzoneManagerProtocolServerSideTranslatorPB.java:134)
	at org.apache.hadoop.hdds.server.OzoneProtocolMessageDispatcher.processRequest(OzoneProtocolMessageDispatcher.java:72)
	at org.apache.hadoop.ozone.protocolPB.OzoneManagerProtocolServerSideTranslatorPB.submitRequest(OzoneManagerProtocolServerSideTranslatorPB.java:100)
	at org.apache.hadoop.ozone.protocol.proto.OzoneManagerProtocolProtos$OzoneManagerService$2.callBlockingMethod(OzoneManagerProtocolProtos.java)
	at org.apache.hadoop.ipc.ProtobufRpcEngine$Server$ProtoBufRpcInvoker.call(ProtobufRpcEngine.java:524)
	at org.apache.hadoop.ipc.RPC$Server.call(RPC.java:1025)
	at org.apache.hadoop.ipc.Server$RpcCall.run(Server.java:876)
	at org.apache.hadoop.ipc.Server$RpcCall.run(Server.java:822)
	at java.security.AccessController.doPrivileged(Native Method)
	at javax.security.auth.Subject.doAs(Subject.java:422)
	at org.apache.hadoop.security.UserGroupInformation.doAs(UserGroupInformation.java:1730)
	at org.apache.hadoop.ipc.Server$Handler.run(Server.java:2682)
2019-10-16 06:01:08,557 [main] INFO  retry.RetryInvocationHandler (RetryInvocationHandler.java:log(411)) - com.google.protobuf.ServiceException: org.apache.hadoop.ipc.RemoteException(java.lang.IllegalMonitorStateException): Releasing lock on resource /6ba827bd-1a2e-4345-96e2-0c308c4b6327/beb650cf-e810-4ed6-8504-2e9ea9ddb610 without acquiring lock
	at org.apache.hadoop.ozone.lock.LockManager.getLockForReleasing(LockManager.java:220)
	at org.apache.hadoop.ozone.lock.LockManager.release(LockManager.java:168)
	at org.apache.hadoop.ozone.lock.LockManager.writeUnlock(LockManager.java:148)
	at org.apache.hadoop.ozone.om.lock.OzoneManagerLock.unlock(OzoneManagerLock.java:364)
	at org.apache.hadoop.ozone.om.lock.OzoneManagerLock.releaseWriteLock(OzoneManagerLock.java:329)
	at org.apache.hadoop.ozone.om.request.key.OMKeyCommitRequest.validateAndUpdateCache(OMKeyCommitRequest.java:177)
	at org.apache.hadoop.ozone.protocolPB.OzoneManagerProtocolServerSideTranslatorPB.submitRequestDirectlyToOM(OzoneManagerProtocolServerSideTranslatorPB.java:219)
	at org.apache.hadoop.ozone.protocolPB.OzoneManagerProtocolServerSideTranslatorPB.processRequest(OzoneManagerProtocolServerSideTranslatorPB.java:134)
	at org.apache.hadoop.hdds.server.OzoneProtocolMessageDispatcher.processRequest(OzoneProtocolMessageDispatcher.java:72)
	at org.apache.hadoop.ozone.protocolPB.OzoneManagerProtocolServerSideTranslatorPB.submitRequest(OzoneManagerProtocolServerSideTranslatorPB.java:100)
	at org.apache.hadoop.ozone.protocol.proto.OzoneManagerProtocolProtos$OzoneManagerService$2.callBlockingMethod(OzoneManagerProtocolProtos.java)
	at org.apache.hadoop.ipc.ProtobufRpcEngine$Server$ProtoBufRpcInvoker.call(ProtobufRpcEngine.java:524)
	at org.apache.hadoop.ipc.RPC$Server.call(RPC.java:1025)
	at org.apache.hadoop.ipc.Server$RpcCall.run(Server.java:876)
	at org.apache.hadoop.ipc.Server$RpcCall.run(Server.java:822)
	at java.security.AccessController.doPrivileged(Native Method)
	at javax.security.auth.Subject.doAs(Subject.java:422)
	at org.apache.hadoop.security.UserGroupInformation.doAs(UserGroupInformation.java:1730)
	at org.apache.hadoop.ipc.Server$Handler.run(Server.java:2682)
, while invoking $Proxy37.submitRequest over nodeId=null,nodeAddress=localhost:42894 after 8 failover attempts. Trying to failover immediately.
2019-10-16 06:01:08,558 [grpc-default-executor-5] INFO  impl.RaftServerImpl (RaftServerImpl.java:setRole(184)) - 312a2b1d-4089-408f-ae02-669a7707c04d@group-2716D4593A72: changes role from  FOLLOWER to FOLLOWER at term 12 for recognizeCandidate:8c19deeb-317a-48b3-82a9-f18220a73035
2019-10-16 06:01:08,558 [grpc-default-executor-1] INFO  impl.RaftServerImpl (RaftServerImpl.java:setRole(184)) - f57e9b24-e963-44a9-9a1d-af10325c0693@group-2716D4593A72: changes role from  FOLLOWER to FOLLOWER at term 12 for recognizeCandidate:8c19deeb-317a-48b3-82a9-f18220a73035
2019-10-16 06:01:08,558 [grpc-default-executor-5] INFO  impl.RoleInfo (RoleInfo.java:shutdownFollowerState(121)) - 312a2b1d-4089-408f-ae02-669a7707c04d: shutdown FollowerState
2019-10-16 06:01:08,558 [grpc-default-executor-1] INFO  impl.RoleInfo (RoleInfo.java:shutdownFollowerState(121)) - f57e9b24-e963-44a9-9a1d-af10325c0693: shutdown FollowerState
2019-10-16 06:01:08,559 [grpc-default-executor-5] INFO  impl.RoleInfo (RoleInfo.java:updateAndGet(143)) - 312a2b1d-4089-408f-ae02-669a7707c04d: start FollowerState
2019-10-16 06:01:08,559 [Thread-519] INFO  impl.FollowerState (FollowerState.java:run(117)) - 312a2b1d-4089-408f-ae02-669a7707c04d@group-2716D4593A72-FollowerState was interrupted: java.lang.InterruptedException: sleep interrupted
2019-10-16 06:01:08,559 [grpc-default-executor-1] INFO  impl.RoleInfo (RoleInfo.java:updateAndGet(143)) - f57e9b24-e963-44a9-9a1d-af10325c0693: start FollowerState
2019-10-16 06:01:08,559 [Thread-518] INFO  impl.FollowerState (FollowerState.java:run(117)) - f57e9b24-e963-44a9-9a1d-af10325c0693@group-2716D4593A72-FollowerState was interrupted: java.lang.InterruptedException: sleep interrupted
2019-10-16 06:01:08,560 [IPC Server handler 18 on 42894] ERROR lock.LockManager (LockManager.java:getLockForReleasing(218)) - Trying to release the lock on /6ba827bd-1a2e-4345-96e2-0c308c4b6327/beb650cf-e810-4ed6-8504-2e9ea9ddb610, which was never acquired.
2019-10-16 06:01:08,561 [IPC Server handler 18 on 42894] WARN  ipc.Server (Server.java:logException(2724)) - IPC Server handler 18 on 42894, call Call#52 Retry#9 org.apache.hadoop.ozone.om.protocol.OzoneManagerProtocol.submitRequest from 127.0.0.1:58674
java.lang.IllegalMonitorStateException: Releasing lock on resource /6ba827bd-1a2e-4345-96e2-0c308c4b6327/beb650cf-e810-4ed6-8504-2e9ea9ddb610 without acquiring lock
	at org.apache.hadoop.ozone.lock.LockManager.getLockForReleasing(LockManager.java:220)
	at org.apache.hadoop.ozone.lock.LockManager.release(LockManager.java:168)
	at org.apache.hadoop.ozone.lock.LockManager.writeUnlock(LockManager.java:148)
	at org.apache.hadoop.ozone.om.lock.OzoneManagerLock.unlock(OzoneManagerLock.java:364)
	at org.apache.hadoop.ozone.om.lock.OzoneManagerLock.releaseWriteLock(OzoneManagerLock.java:329)
	at org.apache.hadoop.ozone.om.request.key.OMKeyCommitRequest.validateAndUpdateCache(OMKeyCommitRequest.java:177)
	at org.apache.hadoop.ozone.protocolPB.OzoneManagerProtocolServerSideTranslatorPB.submitRequestDirectlyToOM(OzoneManagerProtocolServerSideTranslatorPB.java:219)
	at org.apache.hadoop.ozone.protocolPB.OzoneManagerProtocolServerSideTranslatorPB.processRequest(OzoneManagerProtocolServerSideTranslatorPB.java:134)
	at org.apache.hadoop.hdds.server.OzoneProtocolMessageDispatcher.processRequest(OzoneProtocolMessageDispatcher.java:72)
	at org.apache.hadoop.ozone.protocolPB.OzoneManagerProtocolServerSideTranslatorPB.submitRequest(OzoneManagerProtocolServerSideTranslatorPB.java:100)
	at org.apache.hadoop.ozone.protocol.proto.OzoneManagerProtocolProtos$OzoneManagerService$2.callBlockingMethod(OzoneManagerProtocolProtos.java)
	at org.apache.hadoop.ipc.ProtobufRpcEngine$Server$ProtoBufRpcInvoker.call(ProtobufRpcEngine.java:524)
	at org.apache.hadoop.ipc.RPC$Server.call(RPC.java:1025)
	at org.apache.hadoop.ipc.Server$RpcCall.run(Server.java:876)
	at org.apache.hadoop.ipc.Server$RpcCall.run(Server.java:822)
	at java.security.AccessController.doPrivileged(Native Method)
	at javax.security.auth.Subject.doAs(Subject.java:422)
	at org.apache.hadoop.security.UserGroupInformation.doAs(UserGroupInformation.java:1730)
	at org.apache.hadoop.ipc.Server$Handler.run(Server.java:2682)
2019-10-16 06:01:08,563 [main] INFO  retry.RetryInvocationHandler (RetryInvocationHandler.java:log(411)) - com.google.protobuf.ServiceException: org.apache.hadoop.ipc.RemoteException(java.lang.IllegalMonitorStateException): Releasing lock on resource /6ba827bd-1a2e-4345-96e2-0c308c4b6327/beb650cf-e810-4ed6-8504-2e9ea9ddb610 without acquiring lock
	at org.apache.hadoop.ozone.lock.LockManager.getLockForReleasing(LockManager.java:220)
	at org.apache.hadoop.ozone.lock.LockManager.release(LockManager.java:168)
	at org.apache.hadoop.ozone.lock.LockManager.writeUnlock(LockManager.java:148)
	at org.apache.hadoop.ozone.om.lock.OzoneManagerLock.unlock(OzoneManagerLock.java:364)
	at org.apache.hadoop.ozone.om.lock.OzoneManagerLock.releaseWriteLock(OzoneManagerLock.java:329)
	at org.apache.hadoop.ozone.om.request.key.OMKeyCommitRequest.validateAndUpdateCache(OMKeyCommitRequest.java:177)
	at org.apache.hadoop.ozone.protocolPB.OzoneManagerProtocolServerSideTranslatorPB.submitRequestDirectlyToOM(OzoneManagerProtocolServerSideTranslatorPB.java:219)
	at org.apache.hadoop.ozone.protocolPB.OzoneManagerProtocolServerSideTranslatorPB.processRequest(OzoneManagerProtocolServerSideTranslatorPB.java:134)
	at org.apache.hadoop.hdds.server.OzoneProtocolMessageDispatcher.processRequest(OzoneProtocolMessageDispatcher.java:72)
	at org.apache.hadoop.ozone.protocolPB.OzoneManagerProtocolServerSideTranslatorPB.submitRequest(OzoneManagerProtocolServerSideTranslatorPB.java:100)
	at org.apache.hadoop.ozone.protocol.proto.OzoneManagerProtocolProtos$OzoneManagerService$2.callBlockingMethod(OzoneManagerProtocolProtos.java)
	at org.apache.hadoop.ipc.ProtobufRpcEngine$Server$ProtoBufRpcInvoker.call(ProtobufRpcEngine.java:524)
	at org.apache.hadoop.ipc.RPC$Server.call(RPC.java:1025)
	at org.apache.hadoop.ipc.Server$RpcCall.run(Server.java:876)
	at org.apache.hadoop.ipc.Server$RpcCall.run(Server.java:822)
	at java.security.AccessController.doPrivileged(Native Method)
	at javax.security.auth.Subject.doAs(Subject.java:422)
	at org.apache.hadoop.security.UserGroupInformation.doAs(UserGroupInformation.java:1730)
	at org.apache.hadoop.ipc.Server$Handler.run(Server.java:2682)
, while invoking $Proxy37.submitRequest over nodeId=null,nodeAddress=localhost:42894 after 9 failover attempts. Trying to failover immediately.
2019-10-16 06:01:08,566 [IPC Server handler 14 on 42894] ERROR lock.LockManager (LockManager.java:getLockForReleasing(218)) - Trying to release the lock on /6ba827bd-1a2e-4345-96e2-0c308c4b6327/beb650cf-e810-4ed6-8504-2e9ea9ddb610, which was never acquired.
2019-10-16 06:01:08,566 [IPC Server handler 14 on 42894] WARN  ipc.Server (Server.java:logException(2724)) - IPC Server handler 14 on 42894, call Call#52 Retry#10 org.apache.hadoop.ozone.om.protocol.OzoneManagerProtocol.submitRequest from 127.0.0.1:58674
java.lang.IllegalMonitorStateException: Releasing lock on resource /6ba827bd-1a2e-4345-96e2-0c308c4b6327/beb650cf-e810-4ed6-8504-2e9ea9ddb610 without acquiring lock
	at org.apache.hadoop.ozone.lock.LockManager.getLockForReleasing(LockManager.java:220)
	at org.apache.hadoop.ozone.lock.LockManager.release(LockManager.java:168)
	at org.apache.hadoop.ozone.lock.LockManager.writeUnlock(LockManager.java:148)
	at org.apache.hadoop.ozone.om.lock.OzoneManagerLock.unlock(OzoneManagerLock.java:364)
	at org.apache.hadoop.ozone.om.lock.OzoneManagerLock.releaseWriteLock(OzoneManagerLock.java:329)
	at org.apache.hadoop.ozone.om.request.key.OMKeyCommitRequest.validateAndUpdateCache(OMKeyCommitRequest.java:177)
	at org.apache.hadoop.ozone.protocolPB.OzoneManagerProtocolServerSideTranslatorPB.submitRequestDirectlyToOM(OzoneManagerProtocolServerSideTranslatorPB.java:219)
	at org.apache.hadoop.ozone.protocolPB.OzoneManagerProtocolServerSideTranslatorPB.processRequest(OzoneManagerProtocolServerSideTranslatorPB.java:134)
	at org.apache.hadoop.hdds.server.OzoneProtocolMessageDispatcher.processRequest(OzoneProtocolMessageDispatcher.java:72)
	at org.apache.hadoop.ozone.protocolPB.OzoneManagerProtocolServerSideTranslatorPB.submitRequest(OzoneManagerProtocolServerSideTranslatorPB.java:100)
	at org.apache.hadoop.ozone.protocol.proto.OzoneManagerProtocolProtos$OzoneManagerService$2.callBlockingMethod(OzoneManagerProtocolProtos.java)
	at org.apache.hadoop.ipc.ProtobufRpcEngine$Server$ProtoBufRpcInvoker.call(ProtobufRpcEngine.java:524)
	at org.apache.hadoop.ipc.RPC$Server.call(RPC.java:1025)
	at org.apache.hadoop.ipc.Server$RpcCall.run(Server.java:876)
	at org.apache.hadoop.ipc.Server$RpcCall.run(Server.java:822)
	at java.security.AccessController.doPrivileged(Native Method)
	at javax.security.auth.Subject.doAs(Subject.java:422)
	at org.apache.hadoop.security.UserGroupInformation.doAs(UserGroupInformation.java:1730)
	at org.apache.hadoop.ipc.Server$Handler.run(Server.java:2682)
2019-10-16 06:01:08,568 [main] ERROR ha.OMFailoverProxyProvider (OzoneManagerProtocolClientSideTranslatorPB.java:getRetryAction(268)) - Failed to connect to OM. Attempted 10 retries and 10 failovers
2019-10-16 06:01:08,576 [8c19deeb-317a-48b3-82a9-f18220a73035@group-2716D4593A72-LeaderElection31] INFO  impl.LeaderElection (LeaderElection.java:logAndReturn(56)) - 8c19deeb-317a-48b3-82a9-f18220a73035@group-2716D4593A72-LeaderElection31: Election REJECTED; received 2 response(s) [8c19deeb-317a-48b3-82a9-f18220a73035<-312a2b1d-4089-408f-ae02-669a7707c04d#0:FAIL-t12, 8c19deeb-317a-48b3-82a9-f18220a73035<-f57e9b24-e963-44a9-9a1d-af10325c0693#0:FAIL-t12] and 0 exception(s); 8c19deeb-317a-48b3-82a9-f18220a73035@group-2716D4593A72:t12, leader=null, voted=8c19deeb-317a-48b3-82a9-f18220a73035, raftlog=8c19deeb-317a-48b3-82a9-f18220a73035@group-2716D4593A72-SegmentedRaftLog:OPENED:c-1,f-1,i0, conf=-1: [312a2b1d-4089-408f-ae02-669a7707c04d:192.168.69.104:33667, f57e9b24-e963-44a9-9a1d-af10325c0693:192.168.69.104:44592, 8c19deeb-317a-48b3-82a9-f18220a73035:192.168.69.104:45027], old=null
2019-10-16 06:01:08,576 [8c19deeb-317a-48b3-82a9-f18220a73035@group-2716D4593A72-LeaderElection31] INFO  impl.RaftServerImpl (RaftServerImpl.java:setRole(184)) - 8c19deeb-317a-48b3-82a9-f18220a73035@group-2716D4593A72: changes role from CANDIDATE to FOLLOWER at term 12 for DISCOVERED_A_NEW_TERM
2019-10-16 06:01:08,576 [8c19deeb-317a-48b3-82a9-f18220a73035@group-2716D4593A72-LeaderElection31] INFO  impl.RoleInfo (RoleInfo.java:shutdownLeaderElection(134)) - 8c19deeb-317a-48b3-82a9-f18220a73035: shutdown LeaderElection
2019-10-16 06:01:08,576 [8c19deeb-317a-48b3-82a9-f18220a73035@group-2716D4593A72-LeaderElection31] INFO  impl.RoleInfo (RoleInfo.java:updateAndGet(143)) - 8c19deeb-317a-48b3-82a9-f18220a73035: start FollowerState
]]></system-out>
    <system-err><![CDATA[ERROR StatusLogger No Log4j 2 configuration file found. Using default configuration (logging only errors to the console), or user programmatically provided configurations. Set system property 'log4j2.debug' to show Log4j 2 internal initialization logging. See https://logging.apache.org/log4j/2.x/manual/configuration.html for instructions on how to configure Log4j 2
]]></system-err>
  </testcase>
  <testcase name="testKeyOpFailureWithoutBlockToken" classname="org.apache.hadoop.ozone.client.rpc.TestSecureOzoneRpcClient" time="0">
    <skipped message="Needs to be moved out of this class as  client setup is static"/>
  </testcase>
  <testcase name="testMultipartUpload" classname="org.apache.hadoop.ozone.client.rpc.TestSecureOzoneRpcClient" time="309.595"/>
  <testcase name="testInitiateMultipartUploadWithReplicationInformationSet" classname="org.apache.hadoop.ozone.client.rpc.TestSecureOzoneRpcClient" time="0.017"/>
  <testcase name="testRenameKey" classname="org.apache.hadoop.ozone.client.rpc.TestSecureOzoneRpcClient" time="0.113">
    <error message="Releasing lock on resource /8236c0a8-0ec1-4ec6-85be-756836755e0e/e20c62d9-7f69-42a0-b61f-db9fc8acc8ec without acquiring lock&#10;	at org.apache.hadoop.ozone.lock.LockManager.getLockForReleasing(LockManager.java:220)&#10;	at org.apache.hadoop.ozone.lock.LockManager.release(LockManager.java:168)&#10;	at org.apache.hadoop.ozone.lock.LockManager.writeUnlock(LockManager.java:148)&#10;	at org.apache.hadoop.ozone.om.lock.OzoneManagerLock.unlock(OzoneManagerLock.java:364)&#10;	at org.apache.hadoop.ozone.om.lock.OzoneManagerLock.releaseWriteLock(OzoneManagerLock.java:329)&#10;	at org.apache.hadoop.ozone.om.request.key.OMKeyCommitRequest.validateAndUpdateCache(OMKeyCommitRequest.java:177)&#10;	at org.apache.hadoop.ozone.protocolPB.OzoneManagerProtocolServerSideTranslatorPB.submitRequestDirectlyToOM(OzoneManagerProtocolServerSideTranslatorPB.java:219)&#10;	at org.apache.hadoop.ozone.protocolPB.OzoneManagerProtocolServerSideTranslatorPB.processRequest(OzoneManagerProtocolServerSideTranslatorPB.java:134)&#10;	at org.apache.hadoop.hdds.server.OzoneProtocolMessageDispatcher.processRequest(OzoneProtocolMessageDispatcher.java:72)&#10;	at org.apache.hadoop.ozone.protocolPB.OzoneManagerProtocolServerSideTranslatorPB.submitRequest(OzoneManagerProtocolServerSideTranslatorPB.java:100)&#10;	at org.apache.hadoop.ozone.protocol.proto.OzoneManagerProtocolProtos$OzoneManagerService$2.callBlockingMethod(OzoneManagerProtocolProtos.java)&#10;	at org.apache.hadoop.ipc.ProtobufRpcEngine$Server$ProtoBufRpcInvoker.call(ProtobufRpcEngine.java:524)&#10;	at org.apache.hadoop.ipc.RPC$Server.call(RPC.java:1025)&#10;	at org.apache.hadoop.ipc.Server$RpcCall.run(Server.java:876)&#10;	at org.apache.hadoop.ipc.Server$RpcCall.run(Server.java:822)&#10;	at java.security.AccessController.doPrivileged(Native Method)&#10;	at javax.security.auth.Subject.doAs(Subject.java:422)&#10;	at org.apache.hadoop.security.UserGroupInformation.doAs(UserGroupInformation.java:1730)&#10;	at org.apache.hadoop.ipc.Server$Handler.run(Server.java:2682)&#10;" type="org.apache.hadoop.ipc.RemoteException(java.lang.IllegalMonitorStateException)">org.apache.hadoop.ipc.RemoteException(java.lang.IllegalMonitorStateException): Releasing lock on resource /8236c0a8-0ec1-4ec6-85be-756836755e0e/e20c62d9-7f69-42a0-b61f-db9fc8acc8ec without acquiring lock
	at org.apache.hadoop.ozone.lock.LockManager.getLockForReleasing(LockManager.java:220)
	at org.apache.hadoop.ozone.lock.LockManager.release(LockManager.java:168)
	at org.apache.hadoop.ozone.lock.LockManager.writeUnlock(LockManager.java:148)
	at org.apache.hadoop.ozone.om.lock.OzoneManagerLock.unlock(OzoneManagerLock.java:364)
	at org.apache.hadoop.ozone.om.lock.OzoneManagerLock.releaseWriteLock(OzoneManagerLock.java:329)
	at org.apache.hadoop.ozone.om.request.key.OMKeyCommitRequest.validateAndUpdateCache(OMKeyCommitRequest.java:177)
	at org.apache.hadoop.ozone.protocolPB.OzoneManagerProtocolServerSideTranslatorPB.submitRequestDirectlyToOM(OzoneManagerProtocolServerSideTranslatorPB.java:219)
	at org.apache.hadoop.ozone.protocolPB.OzoneManagerProtocolServerSideTranslatorPB.processRequest(OzoneManagerProtocolServerSideTranslatorPB.java:134)
	at org.apache.hadoop.hdds.server.OzoneProtocolMessageDispatcher.processRequest(OzoneProtocolMessageDispatcher.java:72)
	at org.apache.hadoop.ozone.protocolPB.OzoneManagerProtocolServerSideTranslatorPB.submitRequest(OzoneManagerProtocolServerSideTranslatorPB.java:100)
	at org.apache.hadoop.ozone.protocol.proto.OzoneManagerProtocolProtos$OzoneManagerService$2.callBlockingMethod(OzoneManagerProtocolProtos.java)
	at org.apache.hadoop.ipc.ProtobufRpcEngine$Server$ProtoBufRpcInvoker.call(ProtobufRpcEngine.java:524)
	at org.apache.hadoop.ipc.RPC$Server.call(RPC.java:1025)
	at org.apache.hadoop.ipc.Server$RpcCall.run(Server.java:876)
	at org.apache.hadoop.ipc.Server$RpcCall.run(Server.java:822)
	at java.security.AccessController.doPrivileged(Native Method)
	at javax.security.auth.Subject.doAs(Subject.java:422)
	at org.apache.hadoop.security.UserGroupInformation.doAs(UserGroupInformation.java:1730)
	at org.apache.hadoop.ipc.Server$Handler.run(Server.java:2682)

	at org.apache.hadoop.ipc.Client.getRpcResponse(Client.java:1511)
	at org.apache.hadoop.ipc.Client.call(Client.java:1457)
	at org.apache.hadoop.ipc.Client.call(Client.java:1367)
	at org.apache.hadoop.ipc.ProtobufRpcEngine$Invoker.invoke(ProtobufRpcEngine.java:228)
	at org.apache.hadoop.ipc.ProtobufRpcEngine$Invoker.invoke(ProtobufRpcEngine.java:116)
	at com.sun.proxy.$Proxy37.submitRequest(Unknown Source)
	at sun.reflect.GeneratedMethodAccessor72.invoke(Unknown Source)
	at sun.reflect.DelegatingMethodAccessorImpl.invoke(DelegatingMethodAccessorImpl.java:43)
	at java.lang.reflect.Method.invoke(Method.java:498)
	at org.apache.hadoop.io.retry.RetryInvocationHandler.invokeMethod(RetryInvocationHandler.java:422)
	at org.apache.hadoop.io.retry.RetryInvocationHandler$Call.invokeMethod(RetryInvocationHandler.java:165)
	at org.apache.hadoop.io.retry.RetryInvocationHandler$Call.invoke(RetryInvocationHandler.java:157)
	at org.apache.hadoop.io.retry.RetryInvocationHandler$Call.invokeOnce(RetryInvocationHandler.java:95)
	at org.apache.hadoop.io.retry.RetryInvocationHandler.invoke(RetryInvocationHandler.java:359)
	at com.sun.proxy.$Proxy37.submitRequest(Unknown Source)
	at org.apache.hadoop.ozone.om.protocolPB.OzoneManagerProtocolClientSideTranslatorPB.submitRequest(OzoneManagerProtocolClientSideTranslatorPB.java:338)
	at org.apache.hadoop.ozone.om.protocolPB.OzoneManagerProtocolClientSideTranslatorPB.commitKey(OzoneManagerProtocolClientSideTranslatorPB.java:789)
	at sun.reflect.NativeMethodAccessorImpl.invoke0(Native Method)
	at sun.reflect.NativeMethodAccessorImpl.invoke(NativeMethodAccessorImpl.java:62)
	at sun.reflect.DelegatingMethodAccessorImpl.invoke(DelegatingMethodAccessorImpl.java:43)
	at java.lang.reflect.Method.invoke(Method.java:498)
	at org.apache.hadoop.hdds.tracing.TraceAllMethod.invoke(TraceAllMethod.java:66)
	at com.sun.proxy.$Proxy38.commitKey(Unknown Source)
	at org.apache.hadoop.ozone.client.io.BlockOutputStreamEntryPool.commitKey(BlockOutputStreamEntryPool.java:277)
	at org.apache.hadoop.ozone.client.io.KeyOutputStream.close(KeyOutputStream.java:474)
	at org.apache.hadoop.ozone.client.io.OzoneOutputStream.close(OzoneOutputStream.java:60)
	at org.apache.hadoop.ozone.client.rpc.TestOzoneRpcClientAbstract.testRenameKey(TestOzoneRpcClientAbstract.java:1278)
	at sun.reflect.NativeMethodAccessorImpl.invoke0(Native Method)
	at sun.reflect.NativeMethodAccessorImpl.invoke(NativeMethodAccessorImpl.java:62)
	at sun.reflect.DelegatingMethodAccessorImpl.invoke(DelegatingMethodAccessorImpl.java:43)
	at java.lang.reflect.Method.invoke(Method.java:498)
	at org.junit.runners.model.FrameworkMethod$1.runReflectiveCall(FrameworkMethod.java:47)
	at org.junit.internal.runners.model.ReflectiveCallable.run(ReflectiveCallable.java:12)
	at org.junit.runners.model.FrameworkMethod.invokeExplosively(FrameworkMethod.java:44)
	at org.junit.internal.runners.statements.InvokeMethod.evaluate(InvokeMethod.java:17)
	at org.junit.runners.ParentRunner.runLeaf(ParentRunner.java:271)
	at org.junit.runners.BlockJUnit4ClassRunner.runChild(BlockJUnit4ClassRunner.java:70)
	at org.junit.runners.BlockJUnit4ClassRunner.runChild(BlockJUnit4ClassRunner.java:50)
	at org.junit.runners.ParentRunner$3.run(ParentRunner.java:238)
	at org.junit.runners.ParentRunner$1.schedule(ParentRunner.java:63)
	at org.junit.runners.ParentRunner.runChildren(ParentRunner.java:236)
	at org.junit.runners.ParentRunner.access$000(ParentRunner.java:53)
	at org.junit.runners.ParentRunner$2.evaluate(ParentRunner.java:229)
	at org.junit.internal.runners.statements.RunBefores.evaluate(RunBefores.java:26)
	at org.junit.internal.runners.statements.RunAfters.evaluate(RunAfters.java:27)
	at org.junit.runners.ParentRunner.run(ParentRunner.java:309)
	at org.apache.maven.surefire.junit4.JUnit4Provider.execute(JUnit4Provider.java:365)
	at org.apache.maven.surefire.junit4.JUnit4Provider.executeWithRerun(JUnit4Provider.java:273)
	at org.apache.maven.surefire.junit4.JUnit4Provider.executeTestSet(JUnit4Provider.java:238)
	at org.apache.maven.surefire.junit4.JUnit4Provider.invoke(JUnit4Provider.java:159)
	at org.apache.maven.surefire.booter.ForkedBooter.invokeProviderInSameClassLoader(ForkedBooter.java:384)
	at org.apache.maven.surefire.booter.ForkedBooter.runSuitesInProcess(ForkedBooter.java:345)
	at org.apache.maven.surefire.booter.ForkedBooter.execute(ForkedBooter.java:126)
	at org.apache.maven.surefire.booter.ForkedBooter.main(ForkedBooter.java:418)
</error>
    <system-out><![CDATA[2019-10-16 06:06:18,194 [main] INFO  rpc.RpcClient (RpcClient.java:createVolume(272)) - Creating Volume: 8236c0a8-0ec1-4ec6-85be-756836755e0e, with jenkins1000 as owner.
2019-10-16 06:06:18,195 [IPC Server handler 10 on 42894] INFO  volume.OMVolumeCreateRequest (OMVolumeCreateRequest.java:validateAndUpdateCache(193)) - created volume:8236c0a8-0ec1-4ec6-85be-756836755e0e for user:jenkins1000
2019-10-16 06:06:18,199 [main] INFO  rpc.RpcClient (RpcClient.java:createBucket(411)) - Creating Bucket: 8236c0a8-0ec1-4ec6-85be-756836755e0e/e20c62d9-7f69-42a0-b61f-db9fc8acc8ec, with Versioning false and Storage Type set to DISK and Encryption set to false 
2019-10-16 06:06:18,231 [IPC Server handler 9 on 42894] ERROR lock.LockManager (LockManager.java:getLockForReleasing(218)) - Trying to release the lock on /8236c0a8-0ec1-4ec6-85be-756836755e0e/e20c62d9-7f69-42a0-b61f-db9fc8acc8ec, which was never acquired.
2019-10-16 06:06:18,231 [IPC Server handler 9 on 42894] WARN  ipc.Server (Server.java:logException(2724)) - IPC Server handler 9 on 42894, call Call#3205 Retry#0 org.apache.hadoop.ozone.om.protocol.OzoneManagerProtocol.submitRequest from 127.0.0.1:60690
java.lang.IllegalMonitorStateException: Releasing lock on resource /8236c0a8-0ec1-4ec6-85be-756836755e0e/e20c62d9-7f69-42a0-b61f-db9fc8acc8ec without acquiring lock
	at org.apache.hadoop.ozone.lock.LockManager.getLockForReleasing(LockManager.java:220)
	at org.apache.hadoop.ozone.lock.LockManager.release(LockManager.java:168)
	at org.apache.hadoop.ozone.lock.LockManager.writeUnlock(LockManager.java:148)
	at org.apache.hadoop.ozone.om.lock.OzoneManagerLock.unlock(OzoneManagerLock.java:364)
	at org.apache.hadoop.ozone.om.lock.OzoneManagerLock.releaseWriteLock(OzoneManagerLock.java:329)
	at org.apache.hadoop.ozone.om.request.key.OMKeyCommitRequest.validateAndUpdateCache(OMKeyCommitRequest.java:177)
	at org.apache.hadoop.ozone.protocolPB.OzoneManagerProtocolServerSideTranslatorPB.submitRequestDirectlyToOM(OzoneManagerProtocolServerSideTranslatorPB.java:219)
	at org.apache.hadoop.ozone.protocolPB.OzoneManagerProtocolServerSideTranslatorPB.processRequest(OzoneManagerProtocolServerSideTranslatorPB.java:134)
	at org.apache.hadoop.hdds.server.OzoneProtocolMessageDispatcher.processRequest(OzoneProtocolMessageDispatcher.java:72)
	at org.apache.hadoop.ozone.protocolPB.OzoneManagerProtocolServerSideTranslatorPB.submitRequest(OzoneManagerProtocolServerSideTranslatorPB.java:100)
	at org.apache.hadoop.ozone.protocol.proto.OzoneManagerProtocolProtos$OzoneManagerService$2.callBlockingMethod(OzoneManagerProtocolProtos.java)
	at org.apache.hadoop.ipc.ProtobufRpcEngine$Server$ProtoBufRpcInvoker.call(ProtobufRpcEngine.java:524)
	at org.apache.hadoop.ipc.RPC$Server.call(RPC.java:1025)
	at org.apache.hadoop.ipc.Server$RpcCall.run(Server.java:876)
	at org.apache.hadoop.ipc.Server$RpcCall.run(Server.java:822)
	at java.security.AccessController.doPrivileged(Native Method)
	at javax.security.auth.Subject.doAs(Subject.java:422)
	at org.apache.hadoop.security.UserGroupInformation.doAs(UserGroupInformation.java:1730)
	at org.apache.hadoop.ipc.Server$Handler.run(Server.java:2682)
2019-10-16 06:06:18,235 [main] INFO  retry.RetryInvocationHandler (RetryInvocationHandler.java:log(411)) - com.google.protobuf.ServiceException: org.apache.hadoop.ipc.RemoteException(java.lang.IllegalMonitorStateException): Releasing lock on resource /8236c0a8-0ec1-4ec6-85be-756836755e0e/e20c62d9-7f69-42a0-b61f-db9fc8acc8ec without acquiring lock
	at org.apache.hadoop.ozone.lock.LockManager.getLockForReleasing(LockManager.java:220)
	at org.apache.hadoop.ozone.lock.LockManager.release(LockManager.java:168)
	at org.apache.hadoop.ozone.lock.LockManager.writeUnlock(LockManager.java:148)
	at org.apache.hadoop.ozone.om.lock.OzoneManagerLock.unlock(OzoneManagerLock.java:364)
	at org.apache.hadoop.ozone.om.lock.OzoneManagerLock.releaseWriteLock(OzoneManagerLock.java:329)
	at org.apache.hadoop.ozone.om.request.key.OMKeyCommitRequest.validateAndUpdateCache(OMKeyCommitRequest.java:177)
	at org.apache.hadoop.ozone.protocolPB.OzoneManagerProtocolServerSideTranslatorPB.submitRequestDirectlyToOM(OzoneManagerProtocolServerSideTranslatorPB.java:219)
	at org.apache.hadoop.ozone.protocolPB.OzoneManagerProtocolServerSideTranslatorPB.processRequest(OzoneManagerProtocolServerSideTranslatorPB.java:134)
	at org.apache.hadoop.hdds.server.OzoneProtocolMessageDispatcher.processRequest(OzoneProtocolMessageDispatcher.java:72)
	at org.apache.hadoop.ozone.protocolPB.OzoneManagerProtocolServerSideTranslatorPB.submitRequest(OzoneManagerProtocolServerSideTranslatorPB.java:100)
	at org.apache.hadoop.ozone.protocol.proto.OzoneManagerProtocolProtos$OzoneManagerService$2.callBlockingMethod(OzoneManagerProtocolProtos.java)
	at org.apache.hadoop.ipc.ProtobufRpcEngine$Server$ProtoBufRpcInvoker.call(ProtobufRpcEngine.java:524)
	at org.apache.hadoop.ipc.RPC$Server.call(RPC.java:1025)
	at org.apache.hadoop.ipc.Server$RpcCall.run(Server.java:876)
	at org.apache.hadoop.ipc.Server$RpcCall.run(Server.java:822)
	at java.security.AccessController.doPrivileged(Native Method)
	at javax.security.auth.Subject.doAs(Subject.java:422)
	at org.apache.hadoop.security.UserGroupInformation.doAs(UserGroupInformation.java:1730)
	at org.apache.hadoop.ipc.Server$Handler.run(Server.java:2682)
, while invoking $Proxy37.submitRequest over nodeId=null,nodeAddress=localhost:42894. Trying to failover immediately.
2019-10-16 06:06:18,238 [IPC Server handler 0 on 42894] ERROR lock.LockManager (LockManager.java:getLockForReleasing(218)) - Trying to release the lock on /8236c0a8-0ec1-4ec6-85be-756836755e0e/e20c62d9-7f69-42a0-b61f-db9fc8acc8ec, which was never acquired.
2019-10-16 06:06:18,240 [IPC Server handler 0 on 42894] WARN  ipc.Server (Server.java:logException(2724)) - IPC Server handler 0 on 42894, call Call#3205 Retry#1 org.apache.hadoop.ozone.om.protocol.OzoneManagerProtocol.submitRequest from 127.0.0.1:60690
java.lang.IllegalMonitorStateException: Releasing lock on resource /8236c0a8-0ec1-4ec6-85be-756836755e0e/e20c62d9-7f69-42a0-b61f-db9fc8acc8ec without acquiring lock
	at org.apache.hadoop.ozone.lock.LockManager.getLockForReleasing(LockManager.java:220)
	at org.apache.hadoop.ozone.lock.LockManager.release(LockManager.java:168)
	at org.apache.hadoop.ozone.lock.LockManager.writeUnlock(LockManager.java:148)
	at org.apache.hadoop.ozone.om.lock.OzoneManagerLock.unlock(OzoneManagerLock.java:364)
	at org.apache.hadoop.ozone.om.lock.OzoneManagerLock.releaseWriteLock(OzoneManagerLock.java:329)
	at org.apache.hadoop.ozone.om.request.key.OMKeyCommitRequest.validateAndUpdateCache(OMKeyCommitRequest.java:177)
	at org.apache.hadoop.ozone.protocolPB.OzoneManagerProtocolServerSideTranslatorPB.submitRequestDirectlyToOM(OzoneManagerProtocolServerSideTranslatorPB.java:219)
	at org.apache.hadoop.ozone.protocolPB.OzoneManagerProtocolServerSideTranslatorPB.processRequest(OzoneManagerProtocolServerSideTranslatorPB.java:134)
	at org.apache.hadoop.hdds.server.OzoneProtocolMessageDispatcher.processRequest(OzoneProtocolMessageDispatcher.java:72)
	at org.apache.hadoop.ozone.protocolPB.OzoneManagerProtocolServerSideTranslatorPB.submitRequest(OzoneManagerProtocolServerSideTranslatorPB.java:100)
	at org.apache.hadoop.ozone.protocol.proto.OzoneManagerProtocolProtos$OzoneManagerService$2.callBlockingMethod(OzoneManagerProtocolProtos.java)
	at org.apache.hadoop.ipc.ProtobufRpcEngine$Server$ProtoBufRpcInvoker.call(ProtobufRpcEngine.java:524)
	at org.apache.hadoop.ipc.RPC$Server.call(RPC.java:1025)
	at org.apache.hadoop.ipc.Server$RpcCall.run(Server.java:876)
	at org.apache.hadoop.ipc.Server$RpcCall.run(Server.java:822)
	at java.security.AccessController.doPrivileged(Native Method)
	at javax.security.auth.Subject.doAs(Subject.java:422)
	at org.apache.hadoop.security.UserGroupInformation.doAs(UserGroupInformation.java:1730)
	at org.apache.hadoop.ipc.Server$Handler.run(Server.java:2682)
2019-10-16 06:06:18,243 [main] INFO  retry.RetryInvocationHandler (RetryInvocationHandler.java:log(411)) - com.google.protobuf.ServiceException: org.apache.hadoop.ipc.RemoteException(java.lang.IllegalMonitorStateException): Releasing lock on resource /8236c0a8-0ec1-4ec6-85be-756836755e0e/e20c62d9-7f69-42a0-b61f-db9fc8acc8ec without acquiring lock
	at org.apache.hadoop.ozone.lock.LockManager.getLockForReleasing(LockManager.java:220)
	at org.apache.hadoop.ozone.lock.LockManager.release(LockManager.java:168)
	at org.apache.hadoop.ozone.lock.LockManager.writeUnlock(LockManager.java:148)
	at org.apache.hadoop.ozone.om.lock.OzoneManagerLock.unlock(OzoneManagerLock.java:364)
	at org.apache.hadoop.ozone.om.lock.OzoneManagerLock.releaseWriteLock(OzoneManagerLock.java:329)
	at org.apache.hadoop.ozone.om.request.key.OMKeyCommitRequest.validateAndUpdateCache(OMKeyCommitRequest.java:177)
	at org.apache.hadoop.ozone.protocolPB.OzoneManagerProtocolServerSideTranslatorPB.submitRequestDirectlyToOM(OzoneManagerProtocolServerSideTranslatorPB.java:219)
	at org.apache.hadoop.ozone.protocolPB.OzoneManagerProtocolServerSideTranslatorPB.processRequest(OzoneManagerProtocolServerSideTranslatorPB.java:134)
	at org.apache.hadoop.hdds.server.OzoneProtocolMessageDispatcher.processRequest(OzoneProtocolMessageDispatcher.java:72)
	at org.apache.hadoop.ozone.protocolPB.OzoneManagerProtocolServerSideTranslatorPB.submitRequest(OzoneManagerProtocolServerSideTranslatorPB.java:100)
	at org.apache.hadoop.ozone.protocol.proto.OzoneManagerProtocolProtos$OzoneManagerService$2.callBlockingMethod(OzoneManagerProtocolProtos.java)
	at org.apache.hadoop.ipc.ProtobufRpcEngine$Server$ProtoBufRpcInvoker.call(ProtobufRpcEngine.java:524)
	at org.apache.hadoop.ipc.RPC$Server.call(RPC.java:1025)
	at org.apache.hadoop.ipc.Server$RpcCall.run(Server.java:876)
	at org.apache.hadoop.ipc.Server$RpcCall.run(Server.java:822)
	at java.security.AccessController.doPrivileged(Native Method)
	at javax.security.auth.Subject.doAs(Subject.java:422)
	at org.apache.hadoop.security.UserGroupInformation.doAs(UserGroupInformation.java:1730)
	at org.apache.hadoop.ipc.Server$Handler.run(Server.java:2682)
, while invoking $Proxy37.submitRequest over nodeId=null,nodeAddress=localhost:42894 after 1 failover attempts. Trying to failover immediately.
2019-10-16 06:06:18,244 [IPC Server handler 5 on 42894] ERROR lock.LockManager (LockManager.java:getLockForReleasing(218)) - Trying to release the lock on /8236c0a8-0ec1-4ec6-85be-756836755e0e/e20c62d9-7f69-42a0-b61f-db9fc8acc8ec, which was never acquired.
2019-10-16 06:06:18,245 [IPC Server handler 5 on 42894] WARN  ipc.Server (Server.java:logException(2724)) - IPC Server handler 5 on 42894, call Call#3205 Retry#2 org.apache.hadoop.ozone.om.protocol.OzoneManagerProtocol.submitRequest from 127.0.0.1:60690
java.lang.IllegalMonitorStateException: Releasing lock on resource /8236c0a8-0ec1-4ec6-85be-756836755e0e/e20c62d9-7f69-42a0-b61f-db9fc8acc8ec without acquiring lock
	at org.apache.hadoop.ozone.lock.LockManager.getLockForReleasing(LockManager.java:220)
	at org.apache.hadoop.ozone.lock.LockManager.release(LockManager.java:168)
	at org.apache.hadoop.ozone.lock.LockManager.writeUnlock(LockManager.java:148)
	at org.apache.hadoop.ozone.om.lock.OzoneManagerLock.unlock(OzoneManagerLock.java:364)
	at org.apache.hadoop.ozone.om.lock.OzoneManagerLock.releaseWriteLock(OzoneManagerLock.java:329)
	at org.apache.hadoop.ozone.om.request.key.OMKeyCommitRequest.validateAndUpdateCache(OMKeyCommitRequest.java:177)
	at org.apache.hadoop.ozone.protocolPB.OzoneManagerProtocolServerSideTranslatorPB.submitRequestDirectlyToOM(OzoneManagerProtocolServerSideTranslatorPB.java:219)
	at org.apache.hadoop.ozone.protocolPB.OzoneManagerProtocolServerSideTranslatorPB.processRequest(OzoneManagerProtocolServerSideTranslatorPB.java:134)
	at org.apache.hadoop.hdds.server.OzoneProtocolMessageDispatcher.processRequest(OzoneProtocolMessageDispatcher.java:72)
	at org.apache.hadoop.ozone.protocolPB.OzoneManagerProtocolServerSideTranslatorPB.submitRequest(OzoneManagerProtocolServerSideTranslatorPB.java:100)
	at org.apache.hadoop.ozone.protocol.proto.OzoneManagerProtocolProtos$OzoneManagerService$2.callBlockingMethod(OzoneManagerProtocolProtos.java)
	at org.apache.hadoop.ipc.ProtobufRpcEngine$Server$ProtoBufRpcInvoker.call(ProtobufRpcEngine.java:524)
	at org.apache.hadoop.ipc.RPC$Server.call(RPC.java:1025)
	at org.apache.hadoop.ipc.Server$RpcCall.run(Server.java:876)
	at org.apache.hadoop.ipc.Server$RpcCall.run(Server.java:822)
	at java.security.AccessController.doPrivileged(Native Method)
	at javax.security.auth.Subject.doAs(Subject.java:422)
	at org.apache.hadoop.security.UserGroupInformation.doAs(UserGroupInformation.java:1730)
	at org.apache.hadoop.ipc.Server$Handler.run(Server.java:2682)
2019-10-16 06:06:18,248 [main] INFO  retry.RetryInvocationHandler (RetryInvocationHandler.java:log(411)) - com.google.protobuf.ServiceException: org.apache.hadoop.ipc.RemoteException(java.lang.IllegalMonitorStateException): Releasing lock on resource /8236c0a8-0ec1-4ec6-85be-756836755e0e/e20c62d9-7f69-42a0-b61f-db9fc8acc8ec without acquiring lock
	at org.apache.hadoop.ozone.lock.LockManager.getLockForReleasing(LockManager.java:220)
	at org.apache.hadoop.ozone.lock.LockManager.release(LockManager.java:168)
	at org.apache.hadoop.ozone.lock.LockManager.writeUnlock(LockManager.java:148)
	at org.apache.hadoop.ozone.om.lock.OzoneManagerLock.unlock(OzoneManagerLock.java:364)
	at org.apache.hadoop.ozone.om.lock.OzoneManagerLock.releaseWriteLock(OzoneManagerLock.java:329)
	at org.apache.hadoop.ozone.om.request.key.OMKeyCommitRequest.validateAndUpdateCache(OMKeyCommitRequest.java:177)
	at org.apache.hadoop.ozone.protocolPB.OzoneManagerProtocolServerSideTranslatorPB.submitRequestDirectlyToOM(OzoneManagerProtocolServerSideTranslatorPB.java:219)
	at org.apache.hadoop.ozone.protocolPB.OzoneManagerProtocolServerSideTranslatorPB.processRequest(OzoneManagerProtocolServerSideTranslatorPB.java:134)
	at org.apache.hadoop.hdds.server.OzoneProtocolMessageDispatcher.processRequest(OzoneProtocolMessageDispatcher.java:72)
	at org.apache.hadoop.ozone.protocolPB.OzoneManagerProtocolServerSideTranslatorPB.submitRequest(OzoneManagerProtocolServerSideTranslatorPB.java:100)
	at org.apache.hadoop.ozone.protocol.proto.OzoneManagerProtocolProtos$OzoneManagerService$2.callBlockingMethod(OzoneManagerProtocolProtos.java)
	at org.apache.hadoop.ipc.ProtobufRpcEngine$Server$ProtoBufRpcInvoker.call(ProtobufRpcEngine.java:524)
	at org.apache.hadoop.ipc.RPC$Server.call(RPC.java:1025)
	at org.apache.hadoop.ipc.Server$RpcCall.run(Server.java:876)
	at org.apache.hadoop.ipc.Server$RpcCall.run(Server.java:822)
	at java.security.AccessController.doPrivileged(Native Method)
	at javax.security.auth.Subject.doAs(Subject.java:422)
	at org.apache.hadoop.security.UserGroupInformation.doAs(UserGroupInformation.java:1730)
	at org.apache.hadoop.ipc.Server$Handler.run(Server.java:2682)
, while invoking $Proxy37.submitRequest over nodeId=null,nodeAddress=localhost:42894 after 2 failover attempts. Trying to failover immediately.
2019-10-16 06:06:18,249 [IPC Server handler 11 on 42894] ERROR lock.LockManager (LockManager.java:getLockForReleasing(218)) - Trying to release the lock on /8236c0a8-0ec1-4ec6-85be-756836755e0e/e20c62d9-7f69-42a0-b61f-db9fc8acc8ec, which was never acquired.
2019-10-16 06:06:18,251 [IPC Server handler 11 on 42894] WARN  ipc.Server (Server.java:logException(2724)) - IPC Server handler 11 on 42894, call Call#3205 Retry#3 org.apache.hadoop.ozone.om.protocol.OzoneManagerProtocol.submitRequest from 127.0.0.1:60690
java.lang.IllegalMonitorStateException: Releasing lock on resource /8236c0a8-0ec1-4ec6-85be-756836755e0e/e20c62d9-7f69-42a0-b61f-db9fc8acc8ec without acquiring lock
	at org.apache.hadoop.ozone.lock.LockManager.getLockForReleasing(LockManager.java:220)
	at org.apache.hadoop.ozone.lock.LockManager.release(LockManager.java:168)
	at org.apache.hadoop.ozone.lock.LockManager.writeUnlock(LockManager.java:148)
	at org.apache.hadoop.ozone.om.lock.OzoneManagerLock.unlock(OzoneManagerLock.java:364)
	at org.apache.hadoop.ozone.om.lock.OzoneManagerLock.releaseWriteLock(OzoneManagerLock.java:329)
	at org.apache.hadoop.ozone.om.request.key.OMKeyCommitRequest.validateAndUpdateCache(OMKeyCommitRequest.java:177)
	at org.apache.hadoop.ozone.protocolPB.OzoneManagerProtocolServerSideTranslatorPB.submitRequestDirectlyToOM(OzoneManagerProtocolServerSideTranslatorPB.java:219)
	at org.apache.hadoop.ozone.protocolPB.OzoneManagerProtocolServerSideTranslatorPB.processRequest(OzoneManagerProtocolServerSideTranslatorPB.java:134)
	at org.apache.hadoop.hdds.server.OzoneProtocolMessageDispatcher.processRequest(OzoneProtocolMessageDispatcher.java:72)
	at org.apache.hadoop.ozone.protocolPB.OzoneManagerProtocolServerSideTranslatorPB.submitRequest(OzoneManagerProtocolServerSideTranslatorPB.java:100)
	at org.apache.hadoop.ozone.protocol.proto.OzoneManagerProtocolProtos$OzoneManagerService$2.callBlockingMethod(OzoneManagerProtocolProtos.java)
	at org.apache.hadoop.ipc.ProtobufRpcEngine$Server$ProtoBufRpcInvoker.call(ProtobufRpcEngine.java:524)
	at org.apache.hadoop.ipc.RPC$Server.call(RPC.java:1025)
	at org.apache.hadoop.ipc.Server$RpcCall.run(Server.java:876)
	at org.apache.hadoop.ipc.Server$RpcCall.run(Server.java:822)
	at java.security.AccessController.doPrivileged(Native Method)
	at javax.security.auth.Subject.doAs(Subject.java:422)
	at org.apache.hadoop.security.UserGroupInformation.doAs(UserGroupInformation.java:1730)
	at org.apache.hadoop.ipc.Server$Handler.run(Server.java:2682)
2019-10-16 06:06:18,253 [main] INFO  retry.RetryInvocationHandler (RetryInvocationHandler.java:log(411)) - com.google.protobuf.ServiceException: org.apache.hadoop.ipc.RemoteException(java.lang.IllegalMonitorStateException): Releasing lock on resource /8236c0a8-0ec1-4ec6-85be-756836755e0e/e20c62d9-7f69-42a0-b61f-db9fc8acc8ec without acquiring lock
	at org.apache.hadoop.ozone.lock.LockManager.getLockForReleasing(LockManager.java:220)
	at org.apache.hadoop.ozone.lock.LockManager.release(LockManager.java:168)
	at org.apache.hadoop.ozone.lock.LockManager.writeUnlock(LockManager.java:148)
	at org.apache.hadoop.ozone.om.lock.OzoneManagerLock.unlock(OzoneManagerLock.java:364)
	at org.apache.hadoop.ozone.om.lock.OzoneManagerLock.releaseWriteLock(OzoneManagerLock.java:329)
	at org.apache.hadoop.ozone.om.request.key.OMKeyCommitRequest.validateAndUpdateCache(OMKeyCommitRequest.java:177)
	at org.apache.hadoop.ozone.protocolPB.OzoneManagerProtocolServerSideTranslatorPB.submitRequestDirectlyToOM(OzoneManagerProtocolServerSideTranslatorPB.java:219)
	at org.apache.hadoop.ozone.protocolPB.OzoneManagerProtocolServerSideTranslatorPB.processRequest(OzoneManagerProtocolServerSideTranslatorPB.java:134)
	at org.apache.hadoop.hdds.server.OzoneProtocolMessageDispatcher.processRequest(OzoneProtocolMessageDispatcher.java:72)
	at org.apache.hadoop.ozone.protocolPB.OzoneManagerProtocolServerSideTranslatorPB.submitRequest(OzoneManagerProtocolServerSideTranslatorPB.java:100)
	at org.apache.hadoop.ozone.protocol.proto.OzoneManagerProtocolProtos$OzoneManagerService$2.callBlockingMethod(OzoneManagerProtocolProtos.java)
	at org.apache.hadoop.ipc.ProtobufRpcEngine$Server$ProtoBufRpcInvoker.call(ProtobufRpcEngine.java:524)
	at org.apache.hadoop.ipc.RPC$Server.call(RPC.java:1025)
	at org.apache.hadoop.ipc.Server$RpcCall.run(Server.java:876)
	at org.apache.hadoop.ipc.Server$RpcCall.run(Server.java:822)
	at java.security.AccessController.doPrivileged(Native Method)
	at javax.security.auth.Subject.doAs(Subject.java:422)
	at org.apache.hadoop.security.UserGroupInformation.doAs(UserGroupInformation.java:1730)
	at org.apache.hadoop.ipc.Server$Handler.run(Server.java:2682)
, while invoking $Proxy37.submitRequest over nodeId=null,nodeAddress=localhost:42894 after 3 failover attempts. Trying to failover immediately.
2019-10-16 06:06:18,256 [IPC Server handler 3 on 42894] ERROR lock.LockManager (LockManager.java:getLockForReleasing(218)) - Trying to release the lock on /8236c0a8-0ec1-4ec6-85be-756836755e0e/e20c62d9-7f69-42a0-b61f-db9fc8acc8ec, which was never acquired.
2019-10-16 06:06:18,258 [IPC Server handler 3 on 42894] WARN  ipc.Server (Server.java:logException(2724)) - IPC Server handler 3 on 42894, call Call#3205 Retry#4 org.apache.hadoop.ozone.om.protocol.OzoneManagerProtocol.submitRequest from 127.0.0.1:60690
java.lang.IllegalMonitorStateException: Releasing lock on resource /8236c0a8-0ec1-4ec6-85be-756836755e0e/e20c62d9-7f69-42a0-b61f-db9fc8acc8ec without acquiring lock
	at org.apache.hadoop.ozone.lock.LockManager.getLockForReleasing(LockManager.java:220)
	at org.apache.hadoop.ozone.lock.LockManager.release(LockManager.java:168)
	at org.apache.hadoop.ozone.lock.LockManager.writeUnlock(LockManager.java:148)
	at org.apache.hadoop.ozone.om.lock.OzoneManagerLock.unlock(OzoneManagerLock.java:364)
	at org.apache.hadoop.ozone.om.lock.OzoneManagerLock.releaseWriteLock(OzoneManagerLock.java:329)
	at org.apache.hadoop.ozone.om.request.key.OMKeyCommitRequest.validateAndUpdateCache(OMKeyCommitRequest.java:177)
	at org.apache.hadoop.ozone.protocolPB.OzoneManagerProtocolServerSideTranslatorPB.submitRequestDirectlyToOM(OzoneManagerProtocolServerSideTranslatorPB.java:219)
	at org.apache.hadoop.ozone.protocolPB.OzoneManagerProtocolServerSideTranslatorPB.processRequest(OzoneManagerProtocolServerSideTranslatorPB.java:134)
	at org.apache.hadoop.hdds.server.OzoneProtocolMessageDispatcher.processRequest(OzoneProtocolMessageDispatcher.java:72)
	at org.apache.hadoop.ozone.protocolPB.OzoneManagerProtocolServerSideTranslatorPB.submitRequest(OzoneManagerProtocolServerSideTranslatorPB.java:100)
	at org.apache.hadoop.ozone.protocol.proto.OzoneManagerProtocolProtos$OzoneManagerService$2.callBlockingMethod(OzoneManagerProtocolProtos.java)
	at org.apache.hadoop.ipc.ProtobufRpcEngine$Server$ProtoBufRpcInvoker.call(ProtobufRpcEngine.java:524)
	at org.apache.hadoop.ipc.RPC$Server.call(RPC.java:1025)
	at org.apache.hadoop.ipc.Server$RpcCall.run(Server.java:876)
	at org.apache.hadoop.ipc.Server$RpcCall.run(Server.java:822)
	at java.security.AccessController.doPrivileged(Native Method)
	at javax.security.auth.Subject.doAs(Subject.java:422)
	at org.apache.hadoop.security.UserGroupInformation.doAs(UserGroupInformation.java:1730)
	at org.apache.hadoop.ipc.Server$Handler.run(Server.java:2682)
2019-10-16 06:06:18,260 [main] INFO  retry.RetryInvocationHandler (RetryInvocationHandler.java:log(411)) - com.google.protobuf.ServiceException: org.apache.hadoop.ipc.RemoteException(java.lang.IllegalMonitorStateException): Releasing lock on resource /8236c0a8-0ec1-4ec6-85be-756836755e0e/e20c62d9-7f69-42a0-b61f-db9fc8acc8ec without acquiring lock
	at org.apache.hadoop.ozone.lock.LockManager.getLockForReleasing(LockManager.java:220)
	at org.apache.hadoop.ozone.lock.LockManager.release(LockManager.java:168)
	at org.apache.hadoop.ozone.lock.LockManager.writeUnlock(LockManager.java:148)
	at org.apache.hadoop.ozone.om.lock.OzoneManagerLock.unlock(OzoneManagerLock.java:364)
	at org.apache.hadoop.ozone.om.lock.OzoneManagerLock.releaseWriteLock(OzoneManagerLock.java:329)
	at org.apache.hadoop.ozone.om.request.key.OMKeyCommitRequest.validateAndUpdateCache(OMKeyCommitRequest.java:177)
	at org.apache.hadoop.ozone.protocolPB.OzoneManagerProtocolServerSideTranslatorPB.submitRequestDirectlyToOM(OzoneManagerProtocolServerSideTranslatorPB.java:219)
	at org.apache.hadoop.ozone.protocolPB.OzoneManagerProtocolServerSideTranslatorPB.processRequest(OzoneManagerProtocolServerSideTranslatorPB.java:134)
	at org.apache.hadoop.hdds.server.OzoneProtocolMessageDispatcher.processRequest(OzoneProtocolMessageDispatcher.java:72)
	at org.apache.hadoop.ozone.protocolPB.OzoneManagerProtocolServerSideTranslatorPB.submitRequest(OzoneManagerProtocolServerSideTranslatorPB.java:100)
	at org.apache.hadoop.ozone.protocol.proto.OzoneManagerProtocolProtos$OzoneManagerService$2.callBlockingMethod(OzoneManagerProtocolProtos.java)
	at org.apache.hadoop.ipc.ProtobufRpcEngine$Server$ProtoBufRpcInvoker.call(ProtobufRpcEngine.java:524)
	at org.apache.hadoop.ipc.RPC$Server.call(RPC.java:1025)
	at org.apache.hadoop.ipc.Server$RpcCall.run(Server.java:876)
	at org.apache.hadoop.ipc.Server$RpcCall.run(Server.java:822)
	at java.security.AccessController.doPrivileged(Native Method)
	at javax.security.auth.Subject.doAs(Subject.java:422)
	at org.apache.hadoop.security.UserGroupInformation.doAs(UserGroupInformation.java:1730)
	at org.apache.hadoop.ipc.Server$Handler.run(Server.java:2682)
, while invoking $Proxy37.submitRequest over nodeId=null,nodeAddress=localhost:42894 after 4 failover attempts. Trying to failover immediately.
2019-10-16 06:06:18,262 [IPC Server handler 7 on 42894] ERROR lock.LockManager (LockManager.java:getLockForReleasing(218)) - Trying to release the lock on /8236c0a8-0ec1-4ec6-85be-756836755e0e/e20c62d9-7f69-42a0-b61f-db9fc8acc8ec, which was never acquired.
2019-10-16 06:06:18,262 [IPC Server handler 7 on 42894] WARN  ipc.Server (Server.java:logException(2724)) - IPC Server handler 7 on 42894, call Call#3205 Retry#5 org.apache.hadoop.ozone.om.protocol.OzoneManagerProtocol.submitRequest from 127.0.0.1:60690
java.lang.IllegalMonitorStateException: Releasing lock on resource /8236c0a8-0ec1-4ec6-85be-756836755e0e/e20c62d9-7f69-42a0-b61f-db9fc8acc8ec without acquiring lock
	at org.apache.hadoop.ozone.lock.LockManager.getLockForReleasing(LockManager.java:220)
	at org.apache.hadoop.ozone.lock.LockManager.release(LockManager.java:168)
	at org.apache.hadoop.ozone.lock.LockManager.writeUnlock(LockManager.java:148)
	at org.apache.hadoop.ozone.om.lock.OzoneManagerLock.unlock(OzoneManagerLock.java:364)
	at org.apache.hadoop.ozone.om.lock.OzoneManagerLock.releaseWriteLock(OzoneManagerLock.java:329)
	at org.apache.hadoop.ozone.om.request.key.OMKeyCommitRequest.validateAndUpdateCache(OMKeyCommitRequest.java:177)
	at org.apache.hadoop.ozone.protocolPB.OzoneManagerProtocolServerSideTranslatorPB.submitRequestDirectlyToOM(OzoneManagerProtocolServerSideTranslatorPB.java:219)
	at org.apache.hadoop.ozone.protocolPB.OzoneManagerProtocolServerSideTranslatorPB.processRequest(OzoneManagerProtocolServerSideTranslatorPB.java:134)
	at org.apache.hadoop.hdds.server.OzoneProtocolMessageDispatcher.processRequest(OzoneProtocolMessageDispatcher.java:72)
	at org.apache.hadoop.ozone.protocolPB.OzoneManagerProtocolServerSideTranslatorPB.submitRequest(OzoneManagerProtocolServerSideTranslatorPB.java:100)
	at org.apache.hadoop.ozone.protocol.proto.OzoneManagerProtocolProtos$OzoneManagerService$2.callBlockingMethod(OzoneManagerProtocolProtos.java)
	at org.apache.hadoop.ipc.ProtobufRpcEngine$Server$ProtoBufRpcInvoker.call(ProtobufRpcEngine.java:524)
	at org.apache.hadoop.ipc.RPC$Server.call(RPC.java:1025)
	at org.apache.hadoop.ipc.Server$RpcCall.run(Server.java:876)
	at org.apache.hadoop.ipc.Server$RpcCall.run(Server.java:822)
	at java.security.AccessController.doPrivileged(Native Method)
	at javax.security.auth.Subject.doAs(Subject.java:422)
	at org.apache.hadoop.security.UserGroupInformation.doAs(UserGroupInformation.java:1730)
	at org.apache.hadoop.ipc.Server$Handler.run(Server.java:2682)
2019-10-16 06:06:18,264 [main] INFO  retry.RetryInvocationHandler (RetryInvocationHandler.java:log(411)) - com.google.protobuf.ServiceException: org.apache.hadoop.ipc.RemoteException(java.lang.IllegalMonitorStateException): Releasing lock on resource /8236c0a8-0ec1-4ec6-85be-756836755e0e/e20c62d9-7f69-42a0-b61f-db9fc8acc8ec without acquiring lock
	at org.apache.hadoop.ozone.lock.LockManager.getLockForReleasing(LockManager.java:220)
	at org.apache.hadoop.ozone.lock.LockManager.release(LockManager.java:168)
	at org.apache.hadoop.ozone.lock.LockManager.writeUnlock(LockManager.java:148)
	at org.apache.hadoop.ozone.om.lock.OzoneManagerLock.unlock(OzoneManagerLock.java:364)
	at org.apache.hadoop.ozone.om.lock.OzoneManagerLock.releaseWriteLock(OzoneManagerLock.java:329)
	at org.apache.hadoop.ozone.om.request.key.OMKeyCommitRequest.validateAndUpdateCache(OMKeyCommitRequest.java:177)
	at org.apache.hadoop.ozone.protocolPB.OzoneManagerProtocolServerSideTranslatorPB.submitRequestDirectlyToOM(OzoneManagerProtocolServerSideTranslatorPB.java:219)
	at org.apache.hadoop.ozone.protocolPB.OzoneManagerProtocolServerSideTranslatorPB.processRequest(OzoneManagerProtocolServerSideTranslatorPB.java:134)
	at org.apache.hadoop.hdds.server.OzoneProtocolMessageDispatcher.processRequest(OzoneProtocolMessageDispatcher.java:72)
	at org.apache.hadoop.ozone.protocolPB.OzoneManagerProtocolServerSideTranslatorPB.submitRequest(OzoneManagerProtocolServerSideTranslatorPB.java:100)
	at org.apache.hadoop.ozone.protocol.proto.OzoneManagerProtocolProtos$OzoneManagerService$2.callBlockingMethod(OzoneManagerProtocolProtos.java)
	at org.apache.hadoop.ipc.ProtobufRpcEngine$Server$ProtoBufRpcInvoker.call(ProtobufRpcEngine.java:524)
	at org.apache.hadoop.ipc.RPC$Server.call(RPC.java:1025)
	at org.apache.hadoop.ipc.Server$RpcCall.run(Server.java:876)
	at org.apache.hadoop.ipc.Server$RpcCall.run(Server.java:822)
	at java.security.AccessController.doPrivileged(Native Method)
	at javax.security.auth.Subject.doAs(Subject.java:422)
	at org.apache.hadoop.security.UserGroupInformation.doAs(UserGroupInformation.java:1730)
	at org.apache.hadoop.ipc.Server$Handler.run(Server.java:2682)
, while invoking $Proxy37.submitRequest over nodeId=null,nodeAddress=localhost:42894 after 5 failover attempts. Trying to failover immediately.
2019-10-16 06:06:18,266 [IPC Server handler 18 on 42894] ERROR lock.LockManager (LockManager.java:getLockForReleasing(218)) - Trying to release the lock on /8236c0a8-0ec1-4ec6-85be-756836755e0e/e20c62d9-7f69-42a0-b61f-db9fc8acc8ec, which was never acquired.
2019-10-16 06:06:18,268 [IPC Server handler 18 on 42894] WARN  ipc.Server (Server.java:logException(2724)) - IPC Server handler 18 on 42894, call Call#3205 Retry#6 org.apache.hadoop.ozone.om.protocol.OzoneManagerProtocol.submitRequest from 127.0.0.1:60690
java.lang.IllegalMonitorStateException: Releasing lock on resource /8236c0a8-0ec1-4ec6-85be-756836755e0e/e20c62d9-7f69-42a0-b61f-db9fc8acc8ec without acquiring lock
	at org.apache.hadoop.ozone.lock.LockManager.getLockForReleasing(LockManager.java:220)
	at org.apache.hadoop.ozone.lock.LockManager.release(LockManager.java:168)
	at org.apache.hadoop.ozone.lock.LockManager.writeUnlock(LockManager.java:148)
	at org.apache.hadoop.ozone.om.lock.OzoneManagerLock.unlock(OzoneManagerLock.java:364)
	at org.apache.hadoop.ozone.om.lock.OzoneManagerLock.releaseWriteLock(OzoneManagerLock.java:329)
	at org.apache.hadoop.ozone.om.request.key.OMKeyCommitRequest.validateAndUpdateCache(OMKeyCommitRequest.java:177)
	at org.apache.hadoop.ozone.protocolPB.OzoneManagerProtocolServerSideTranslatorPB.submitRequestDirectlyToOM(OzoneManagerProtocolServerSideTranslatorPB.java:219)
	at org.apache.hadoop.ozone.protocolPB.OzoneManagerProtocolServerSideTranslatorPB.processRequest(OzoneManagerProtocolServerSideTranslatorPB.java:134)
	at org.apache.hadoop.hdds.server.OzoneProtocolMessageDispatcher.processRequest(OzoneProtocolMessageDispatcher.java:72)
	at org.apache.hadoop.ozone.protocolPB.OzoneManagerProtocolServerSideTranslatorPB.submitRequest(OzoneManagerProtocolServerSideTranslatorPB.java:100)
	at org.apache.hadoop.ozone.protocol.proto.OzoneManagerProtocolProtos$OzoneManagerService$2.callBlockingMethod(OzoneManagerProtocolProtos.java)
	at org.apache.hadoop.ipc.ProtobufRpcEngine$Server$ProtoBufRpcInvoker.call(ProtobufRpcEngine.java:524)
	at org.apache.hadoop.ipc.RPC$Server.call(RPC.java:1025)
	at org.apache.hadoop.ipc.Server$RpcCall.run(Server.java:876)
	at org.apache.hadoop.ipc.Server$RpcCall.run(Server.java:822)
	at java.security.AccessController.doPrivileged(Native Method)
	at javax.security.auth.Subject.doAs(Subject.java:422)
	at org.apache.hadoop.security.UserGroupInformation.doAs(UserGroupInformation.java:1730)
	at org.apache.hadoop.ipc.Server$Handler.run(Server.java:2682)
2019-10-16 06:06:18,270 [main] INFO  retry.RetryInvocationHandler (RetryInvocationHandler.java:log(411)) - com.google.protobuf.ServiceException: org.apache.hadoop.ipc.RemoteException(java.lang.IllegalMonitorStateException): Releasing lock on resource /8236c0a8-0ec1-4ec6-85be-756836755e0e/e20c62d9-7f69-42a0-b61f-db9fc8acc8ec without acquiring lock
	at org.apache.hadoop.ozone.lock.LockManager.getLockForReleasing(LockManager.java:220)
	at org.apache.hadoop.ozone.lock.LockManager.release(LockManager.java:168)
	at org.apache.hadoop.ozone.lock.LockManager.writeUnlock(LockManager.java:148)
	at org.apache.hadoop.ozone.om.lock.OzoneManagerLock.unlock(OzoneManagerLock.java:364)
	at org.apache.hadoop.ozone.om.lock.OzoneManagerLock.releaseWriteLock(OzoneManagerLock.java:329)
	at org.apache.hadoop.ozone.om.request.key.OMKeyCommitRequest.validateAndUpdateCache(OMKeyCommitRequest.java:177)
	at org.apache.hadoop.ozone.protocolPB.OzoneManagerProtocolServerSideTranslatorPB.submitRequestDirectlyToOM(OzoneManagerProtocolServerSideTranslatorPB.java:219)
	at org.apache.hadoop.ozone.protocolPB.OzoneManagerProtocolServerSideTranslatorPB.processRequest(OzoneManagerProtocolServerSideTranslatorPB.java:134)
	at org.apache.hadoop.hdds.server.OzoneProtocolMessageDispatcher.processRequest(OzoneProtocolMessageDispatcher.java:72)
	at org.apache.hadoop.ozone.protocolPB.OzoneManagerProtocolServerSideTranslatorPB.submitRequest(OzoneManagerProtocolServerSideTranslatorPB.java:100)
	at org.apache.hadoop.ozone.protocol.proto.OzoneManagerProtocolProtos$OzoneManagerService$2.callBlockingMethod(OzoneManagerProtocolProtos.java)
	at org.apache.hadoop.ipc.ProtobufRpcEngine$Server$ProtoBufRpcInvoker.call(ProtobufRpcEngine.java:524)
	at org.apache.hadoop.ipc.RPC$Server.call(RPC.java:1025)
	at org.apache.hadoop.ipc.Server$RpcCall.run(Server.java:876)
	at org.apache.hadoop.ipc.Server$RpcCall.run(Server.java:822)
	at java.security.AccessController.doPrivileged(Native Method)
	at javax.security.auth.Subject.doAs(Subject.java:422)
	at org.apache.hadoop.security.UserGroupInformation.doAs(UserGroupInformation.java:1730)
	at org.apache.hadoop.ipc.Server$Handler.run(Server.java:2682)
, while invoking $Proxy37.submitRequest over nodeId=null,nodeAddress=localhost:42894 after 6 failover attempts. Trying to failover immediately.
2019-10-16 06:06:18,271 [IPC Server handler 16 on 42894] ERROR lock.LockManager (LockManager.java:getLockForReleasing(218)) - Trying to release the lock on /8236c0a8-0ec1-4ec6-85be-756836755e0e/e20c62d9-7f69-42a0-b61f-db9fc8acc8ec, which was never acquired.
2019-10-16 06:06:18,273 [IPC Server handler 16 on 42894] WARN  ipc.Server (Server.java:logException(2724)) - IPC Server handler 16 on 42894, call Call#3205 Retry#7 org.apache.hadoop.ozone.om.protocol.OzoneManagerProtocol.submitRequest from 127.0.0.1:60690
java.lang.IllegalMonitorStateException: Releasing lock on resource /8236c0a8-0ec1-4ec6-85be-756836755e0e/e20c62d9-7f69-42a0-b61f-db9fc8acc8ec without acquiring lock
	at org.apache.hadoop.ozone.lock.LockManager.getLockForReleasing(LockManager.java:220)
	at org.apache.hadoop.ozone.lock.LockManager.release(LockManager.java:168)
	at org.apache.hadoop.ozone.lock.LockManager.writeUnlock(LockManager.java:148)
	at org.apache.hadoop.ozone.om.lock.OzoneManagerLock.unlock(OzoneManagerLock.java:364)
	at org.apache.hadoop.ozone.om.lock.OzoneManagerLock.releaseWriteLock(OzoneManagerLock.java:329)
	at org.apache.hadoop.ozone.om.request.key.OMKeyCommitRequest.validateAndUpdateCache(OMKeyCommitRequest.java:177)
	at org.apache.hadoop.ozone.protocolPB.OzoneManagerProtocolServerSideTranslatorPB.submitRequestDirectlyToOM(OzoneManagerProtocolServerSideTranslatorPB.java:219)
	at org.apache.hadoop.ozone.protocolPB.OzoneManagerProtocolServerSideTranslatorPB.processRequest(OzoneManagerProtocolServerSideTranslatorPB.java:134)
	at org.apache.hadoop.hdds.server.OzoneProtocolMessageDispatcher.processRequest(OzoneProtocolMessageDispatcher.java:72)
	at org.apache.hadoop.ozone.protocolPB.OzoneManagerProtocolServerSideTranslatorPB.submitRequest(OzoneManagerProtocolServerSideTranslatorPB.java:100)
	at org.apache.hadoop.ozone.protocol.proto.OzoneManagerProtocolProtos$OzoneManagerService$2.callBlockingMethod(OzoneManagerProtocolProtos.java)
	at org.apache.hadoop.ipc.ProtobufRpcEngine$Server$ProtoBufRpcInvoker.call(ProtobufRpcEngine.java:524)
	at org.apache.hadoop.ipc.RPC$Server.call(RPC.java:1025)
	at org.apache.hadoop.ipc.Server$RpcCall.run(Server.java:876)
	at org.apache.hadoop.ipc.Server$RpcCall.run(Server.java:822)
	at java.security.AccessController.doPrivileged(Native Method)
	at javax.security.auth.Subject.doAs(Subject.java:422)
	at org.apache.hadoop.security.UserGroupInformation.doAs(UserGroupInformation.java:1730)
	at org.apache.hadoop.ipc.Server$Handler.run(Server.java:2682)
2019-10-16 06:06:18,276 [main] INFO  retry.RetryInvocationHandler (RetryInvocationHandler.java:log(411)) - com.google.protobuf.ServiceException: org.apache.hadoop.ipc.RemoteException(java.lang.IllegalMonitorStateException): Releasing lock on resource /8236c0a8-0ec1-4ec6-85be-756836755e0e/e20c62d9-7f69-42a0-b61f-db9fc8acc8ec without acquiring lock
	at org.apache.hadoop.ozone.lock.LockManager.getLockForReleasing(LockManager.java:220)
	at org.apache.hadoop.ozone.lock.LockManager.release(LockManager.java:168)
	at org.apache.hadoop.ozone.lock.LockManager.writeUnlock(LockManager.java:148)
	at org.apache.hadoop.ozone.om.lock.OzoneManagerLock.unlock(OzoneManagerLock.java:364)
	at org.apache.hadoop.ozone.om.lock.OzoneManagerLock.releaseWriteLock(OzoneManagerLock.java:329)
	at org.apache.hadoop.ozone.om.request.key.OMKeyCommitRequest.validateAndUpdateCache(OMKeyCommitRequest.java:177)
	at org.apache.hadoop.ozone.protocolPB.OzoneManagerProtocolServerSideTranslatorPB.submitRequestDirectlyToOM(OzoneManagerProtocolServerSideTranslatorPB.java:219)
	at org.apache.hadoop.ozone.protocolPB.OzoneManagerProtocolServerSideTranslatorPB.processRequest(OzoneManagerProtocolServerSideTranslatorPB.java:134)
	at org.apache.hadoop.hdds.server.OzoneProtocolMessageDispatcher.processRequest(OzoneProtocolMessageDispatcher.java:72)
	at org.apache.hadoop.ozone.protocolPB.OzoneManagerProtocolServerSideTranslatorPB.submitRequest(OzoneManagerProtocolServerSideTranslatorPB.java:100)
	at org.apache.hadoop.ozone.protocol.proto.OzoneManagerProtocolProtos$OzoneManagerService$2.callBlockingMethod(OzoneManagerProtocolProtos.java)
	at org.apache.hadoop.ipc.ProtobufRpcEngine$Server$ProtoBufRpcInvoker.call(ProtobufRpcEngine.java:524)
	at org.apache.hadoop.ipc.RPC$Server.call(RPC.java:1025)
	at org.apache.hadoop.ipc.Server$RpcCall.run(Server.java:876)
	at org.apache.hadoop.ipc.Server$RpcCall.run(Server.java:822)
	at java.security.AccessController.doPrivileged(Native Method)
	at javax.security.auth.Subject.doAs(Subject.java:422)
	at org.apache.hadoop.security.UserGroupInformation.doAs(UserGroupInformation.java:1730)
	at org.apache.hadoop.ipc.Server$Handler.run(Server.java:2682)
, while invoking $Proxy37.submitRequest over nodeId=null,nodeAddress=localhost:42894 after 7 failover attempts. Trying to failover immediately.
2019-10-16 06:06:18,278 [IPC Server handler 8 on 42894] ERROR lock.LockManager (LockManager.java:getLockForReleasing(218)) - Trying to release the lock on /8236c0a8-0ec1-4ec6-85be-756836755e0e/e20c62d9-7f69-42a0-b61f-db9fc8acc8ec, which was never acquired.
2019-10-16 06:06:18,279 [IPC Server handler 8 on 42894] WARN  ipc.Server (Server.java:logException(2724)) - IPC Server handler 8 on 42894, call Call#3205 Retry#8 org.apache.hadoop.ozone.om.protocol.OzoneManagerProtocol.submitRequest from 127.0.0.1:60690
java.lang.IllegalMonitorStateException: Releasing lock on resource /8236c0a8-0ec1-4ec6-85be-756836755e0e/e20c62d9-7f69-42a0-b61f-db9fc8acc8ec without acquiring lock
	at org.apache.hadoop.ozone.lock.LockManager.getLockForReleasing(LockManager.java:220)
	at org.apache.hadoop.ozone.lock.LockManager.release(LockManager.java:168)
	at org.apache.hadoop.ozone.lock.LockManager.writeUnlock(LockManager.java:148)
	at org.apache.hadoop.ozone.om.lock.OzoneManagerLock.unlock(OzoneManagerLock.java:364)
	at org.apache.hadoop.ozone.om.lock.OzoneManagerLock.releaseWriteLock(OzoneManagerLock.java:329)
	at org.apache.hadoop.ozone.om.request.key.OMKeyCommitRequest.validateAndUpdateCache(OMKeyCommitRequest.java:177)
	at org.apache.hadoop.ozone.protocolPB.OzoneManagerProtocolServerSideTranslatorPB.submitRequestDirectlyToOM(OzoneManagerProtocolServerSideTranslatorPB.java:219)
	at org.apache.hadoop.ozone.protocolPB.OzoneManagerProtocolServerSideTranslatorPB.processRequest(OzoneManagerProtocolServerSideTranslatorPB.java:134)
	at org.apache.hadoop.hdds.server.OzoneProtocolMessageDispatcher.processRequest(OzoneProtocolMessageDispatcher.java:72)
	at org.apache.hadoop.ozone.protocolPB.OzoneManagerProtocolServerSideTranslatorPB.submitRequest(OzoneManagerProtocolServerSideTranslatorPB.java:100)
	at org.apache.hadoop.ozone.protocol.proto.OzoneManagerProtocolProtos$OzoneManagerService$2.callBlockingMethod(OzoneManagerProtocolProtos.java)
	at org.apache.hadoop.ipc.ProtobufRpcEngine$Server$ProtoBufRpcInvoker.call(ProtobufRpcEngine.java:524)
	at org.apache.hadoop.ipc.RPC$Server.call(RPC.java:1025)
	at org.apache.hadoop.ipc.Server$RpcCall.run(Server.java:876)
	at org.apache.hadoop.ipc.Server$RpcCall.run(Server.java:822)
	at java.security.AccessController.doPrivileged(Native Method)
	at javax.security.auth.Subject.doAs(Subject.java:422)
	at org.apache.hadoop.security.UserGroupInformation.doAs(UserGroupInformation.java:1730)
	at org.apache.hadoop.ipc.Server$Handler.run(Server.java:2682)
2019-10-16 06:06:18,294 [main] INFO  retry.RetryInvocationHandler (RetryInvocationHandler.java:log(411)) - com.google.protobuf.ServiceException: org.apache.hadoop.ipc.RemoteException(java.lang.IllegalMonitorStateException): Releasing lock on resource /8236c0a8-0ec1-4ec6-85be-756836755e0e/e20c62d9-7f69-42a0-b61f-db9fc8acc8ec without acquiring lock
	at org.apache.hadoop.ozone.lock.LockManager.getLockForReleasing(LockManager.java:220)
	at org.apache.hadoop.ozone.lock.LockManager.release(LockManager.java:168)
	at org.apache.hadoop.ozone.lock.LockManager.writeUnlock(LockManager.java:148)
	at org.apache.hadoop.ozone.om.lock.OzoneManagerLock.unlock(OzoneManagerLock.java:364)
	at org.apache.hadoop.ozone.om.lock.OzoneManagerLock.releaseWriteLock(OzoneManagerLock.java:329)
	at org.apache.hadoop.ozone.om.request.key.OMKeyCommitRequest.validateAndUpdateCache(OMKeyCommitRequest.java:177)
	at org.apache.hadoop.ozone.protocolPB.OzoneManagerProtocolServerSideTranslatorPB.submitRequestDirectlyToOM(OzoneManagerProtocolServerSideTranslatorPB.java:219)
	at org.apache.hadoop.ozone.protocolPB.OzoneManagerProtocolServerSideTranslatorPB.processRequest(OzoneManagerProtocolServerSideTranslatorPB.java:134)
	at org.apache.hadoop.hdds.server.OzoneProtocolMessageDispatcher.processRequest(OzoneProtocolMessageDispatcher.java:72)
	at org.apache.hadoop.ozone.protocolPB.OzoneManagerProtocolServerSideTranslatorPB.submitRequest(OzoneManagerProtocolServerSideTranslatorPB.java:100)
	at org.apache.hadoop.ozone.protocol.proto.OzoneManagerProtocolProtos$OzoneManagerService$2.callBlockingMethod(OzoneManagerProtocolProtos.java)
	at org.apache.hadoop.ipc.ProtobufRpcEngine$Server$ProtoBufRpcInvoker.call(ProtobufRpcEngine.java:524)
	at org.apache.hadoop.ipc.RPC$Server.call(RPC.java:1025)
	at org.apache.hadoop.ipc.Server$RpcCall.run(Server.java:876)
	at org.apache.hadoop.ipc.Server$RpcCall.run(Server.java:822)
	at java.security.AccessController.doPrivileged(Native Method)
	at javax.security.auth.Subject.doAs(Subject.java:422)
	at org.apache.hadoop.security.UserGroupInformation.doAs(UserGroupInformation.java:1730)
	at org.apache.hadoop.ipc.Server$Handler.run(Server.java:2682)
, while invoking $Proxy37.submitRequest over nodeId=null,nodeAddress=localhost:42894 after 8 failover attempts. Trying to failover immediately.
2019-10-16 06:06:18,296 [IPC Server handler 6 on 42894] ERROR lock.LockManager (LockManager.java:getLockForReleasing(218)) - Trying to release the lock on /8236c0a8-0ec1-4ec6-85be-756836755e0e/e20c62d9-7f69-42a0-b61f-db9fc8acc8ec, which was never acquired.
2019-10-16 06:06:18,298 [IPC Server handler 6 on 42894] WARN  ipc.Server (Server.java:logException(2724)) - IPC Server handler 6 on 42894, call Call#3205 Retry#9 org.apache.hadoop.ozone.om.protocol.OzoneManagerProtocol.submitRequest from 127.0.0.1:60690
java.lang.IllegalMonitorStateException: Releasing lock on resource /8236c0a8-0ec1-4ec6-85be-756836755e0e/e20c62d9-7f69-42a0-b61f-db9fc8acc8ec without acquiring lock
	at org.apache.hadoop.ozone.lock.LockManager.getLockForReleasing(LockManager.java:220)
	at org.apache.hadoop.ozone.lock.LockManager.release(LockManager.java:168)
	at org.apache.hadoop.ozone.lock.LockManager.writeUnlock(LockManager.java:148)
	at org.apache.hadoop.ozone.om.lock.OzoneManagerLock.unlock(OzoneManagerLock.java:364)
	at org.apache.hadoop.ozone.om.lock.OzoneManagerLock.releaseWriteLock(OzoneManagerLock.java:329)
	at org.apache.hadoop.ozone.om.request.key.OMKeyCommitRequest.validateAndUpdateCache(OMKeyCommitRequest.java:177)
	at org.apache.hadoop.ozone.protocolPB.OzoneManagerProtocolServerSideTranslatorPB.submitRequestDirectlyToOM(OzoneManagerProtocolServerSideTranslatorPB.java:219)
	at org.apache.hadoop.ozone.protocolPB.OzoneManagerProtocolServerSideTranslatorPB.processRequest(OzoneManagerProtocolServerSideTranslatorPB.java:134)
	at org.apache.hadoop.hdds.server.OzoneProtocolMessageDispatcher.processRequest(OzoneProtocolMessageDispatcher.java:72)
	at org.apache.hadoop.ozone.protocolPB.OzoneManagerProtocolServerSideTranslatorPB.submitRequest(OzoneManagerProtocolServerSideTranslatorPB.java:100)
	at org.apache.hadoop.ozone.protocol.proto.OzoneManagerProtocolProtos$OzoneManagerService$2.callBlockingMethod(OzoneManagerProtocolProtos.java)
	at org.apache.hadoop.ipc.ProtobufRpcEngine$Server$ProtoBufRpcInvoker.call(ProtobufRpcEngine.java:524)
	at org.apache.hadoop.ipc.RPC$Server.call(RPC.java:1025)
	at org.apache.hadoop.ipc.Server$RpcCall.run(Server.java:876)
	at org.apache.hadoop.ipc.Server$RpcCall.run(Server.java:822)
	at java.security.AccessController.doPrivileged(Native Method)
	at javax.security.auth.Subject.doAs(Subject.java:422)
	at org.apache.hadoop.security.UserGroupInformation.doAs(UserGroupInformation.java:1730)
	at org.apache.hadoop.ipc.Server$Handler.run(Server.java:2682)
2019-10-16 06:06:18,300 [main] INFO  retry.RetryInvocationHandler (RetryInvocationHandler.java:log(411)) - com.google.protobuf.ServiceException: org.apache.hadoop.ipc.RemoteException(java.lang.IllegalMonitorStateException): Releasing lock on resource /8236c0a8-0ec1-4ec6-85be-756836755e0e/e20c62d9-7f69-42a0-b61f-db9fc8acc8ec without acquiring lock
	at org.apache.hadoop.ozone.lock.LockManager.getLockForReleasing(LockManager.java:220)
	at org.apache.hadoop.ozone.lock.LockManager.release(LockManager.java:168)
	at org.apache.hadoop.ozone.lock.LockManager.writeUnlock(LockManager.java:148)
	at org.apache.hadoop.ozone.om.lock.OzoneManagerLock.unlock(OzoneManagerLock.java:364)
	at org.apache.hadoop.ozone.om.lock.OzoneManagerLock.releaseWriteLock(OzoneManagerLock.java:329)
	at org.apache.hadoop.ozone.om.request.key.OMKeyCommitRequest.validateAndUpdateCache(OMKeyCommitRequest.java:177)
	at org.apache.hadoop.ozone.protocolPB.OzoneManagerProtocolServerSideTranslatorPB.submitRequestDirectlyToOM(OzoneManagerProtocolServerSideTranslatorPB.java:219)
	at org.apache.hadoop.ozone.protocolPB.OzoneManagerProtocolServerSideTranslatorPB.processRequest(OzoneManagerProtocolServerSideTranslatorPB.java:134)
	at org.apache.hadoop.hdds.server.OzoneProtocolMessageDispatcher.processRequest(OzoneProtocolMessageDispatcher.java:72)
	at org.apache.hadoop.ozone.protocolPB.OzoneManagerProtocolServerSideTranslatorPB.submitRequest(OzoneManagerProtocolServerSideTranslatorPB.java:100)
	at org.apache.hadoop.ozone.protocol.proto.OzoneManagerProtocolProtos$OzoneManagerService$2.callBlockingMethod(OzoneManagerProtocolProtos.java)
	at org.apache.hadoop.ipc.ProtobufRpcEngine$Server$ProtoBufRpcInvoker.call(ProtobufRpcEngine.java:524)
	at org.apache.hadoop.ipc.RPC$Server.call(RPC.java:1025)
	at org.apache.hadoop.ipc.Server$RpcCall.run(Server.java:876)
	at org.apache.hadoop.ipc.Server$RpcCall.run(Server.java:822)
	at java.security.AccessController.doPrivileged(Native Method)
	at javax.security.auth.Subject.doAs(Subject.java:422)
	at org.apache.hadoop.security.UserGroupInformation.doAs(UserGroupInformation.java:1730)
	at org.apache.hadoop.ipc.Server$Handler.run(Server.java:2682)
, while invoking $Proxy37.submitRequest over nodeId=null,nodeAddress=localhost:42894 after 9 failover attempts. Trying to failover immediately.
2019-10-16 06:06:18,302 [IPC Server handler 15 on 42894] ERROR lock.LockManager (LockManager.java:getLockForReleasing(218)) - Trying to release the lock on /8236c0a8-0ec1-4ec6-85be-756836755e0e/e20c62d9-7f69-42a0-b61f-db9fc8acc8ec, which was never acquired.
2019-10-16 06:06:18,302 [IPC Server handler 15 on 42894] WARN  ipc.Server (Server.java:logException(2724)) - IPC Server handler 15 on 42894, call Call#3205 Retry#10 org.apache.hadoop.ozone.om.protocol.OzoneManagerProtocol.submitRequest from 127.0.0.1:60690
java.lang.IllegalMonitorStateException: Releasing lock on resource /8236c0a8-0ec1-4ec6-85be-756836755e0e/e20c62d9-7f69-42a0-b61f-db9fc8acc8ec without acquiring lock
	at org.apache.hadoop.ozone.lock.LockManager.getLockForReleasing(LockManager.java:220)
	at org.apache.hadoop.ozone.lock.LockManager.release(LockManager.java:168)
	at org.apache.hadoop.ozone.lock.LockManager.writeUnlock(LockManager.java:148)
	at org.apache.hadoop.ozone.om.lock.OzoneManagerLock.unlock(OzoneManagerLock.java:364)
	at org.apache.hadoop.ozone.om.lock.OzoneManagerLock.releaseWriteLock(OzoneManagerLock.java:329)
	at org.apache.hadoop.ozone.om.request.key.OMKeyCommitRequest.validateAndUpdateCache(OMKeyCommitRequest.java:177)
	at org.apache.hadoop.ozone.protocolPB.OzoneManagerProtocolServerSideTranslatorPB.submitRequestDirectlyToOM(OzoneManagerProtocolServerSideTranslatorPB.java:219)
	at org.apache.hadoop.ozone.protocolPB.OzoneManagerProtocolServerSideTranslatorPB.processRequest(OzoneManagerProtocolServerSideTranslatorPB.java:134)
	at org.apache.hadoop.hdds.server.OzoneProtocolMessageDispatcher.processRequest(OzoneProtocolMessageDispatcher.java:72)
	at org.apache.hadoop.ozone.protocolPB.OzoneManagerProtocolServerSideTranslatorPB.submitRequest(OzoneManagerProtocolServerSideTranslatorPB.java:100)
	at org.apache.hadoop.ozone.protocol.proto.OzoneManagerProtocolProtos$OzoneManagerService$2.callBlockingMethod(OzoneManagerProtocolProtos.java)
	at org.apache.hadoop.ipc.ProtobufRpcEngine$Server$ProtoBufRpcInvoker.call(ProtobufRpcEngine.java:524)
	at org.apache.hadoop.ipc.RPC$Server.call(RPC.java:1025)
	at org.apache.hadoop.ipc.Server$RpcCall.run(Server.java:876)
	at org.apache.hadoop.ipc.Server$RpcCall.run(Server.java:822)
	at java.security.AccessController.doPrivileged(Native Method)
	at javax.security.auth.Subject.doAs(Subject.java:422)
	at org.apache.hadoop.security.UserGroupInformation.doAs(UserGroupInformation.java:1730)
	at org.apache.hadoop.ipc.Server$Handler.run(Server.java:2682)
2019-10-16 06:06:18,304 [main] ERROR ha.OMFailoverProxyProvider (OzoneManagerProtocolClientSideTranslatorPB.java:getRetryAction(268)) - Failed to connect to OM. Attempted 10 retries and 10 failovers
]]></system-out>
  </testcase>
  <testcase name="testCreateBucketWithVersioning" classname="org.apache.hadoop.ozone.client.rpc.TestSecureOzoneRpcClient" time="0.006"/>
  <testcase name="testCreateS3Bucket" classname="org.apache.hadoop.ozone.client.rpc.TestSecureOzoneRpcClient" time="0.01"/>
  <testcase name="testUploadPartOverrideWithStandAlone" classname="org.apache.hadoop.ozone.client.rpc.TestSecureOzoneRpcClient" time="0.038"/>
  <testcase name="testNativeAclsForKey" classname="org.apache.hadoop.ozone.client.rpc.TestSecureOzoneRpcClient" time="0.074">
    <error message="Releasing lock on resource /5ebd6613-493f-4e44-97d1-a817449e0eaa/2f8345dd-fe6a-4d3b-9a6d-8335e16db5be without acquiring lock&#10;	at org.apache.hadoop.ozone.lock.LockManager.getLockForReleasing(LockManager.java:220)&#10;	at org.apache.hadoop.ozone.lock.LockManager.release(LockManager.java:168)&#10;	at org.apache.hadoop.ozone.lock.LockManager.writeUnlock(LockManager.java:148)&#10;	at org.apache.hadoop.ozone.om.lock.OzoneManagerLock.unlock(OzoneManagerLock.java:364)&#10;	at org.apache.hadoop.ozone.om.lock.OzoneManagerLock.releaseWriteLock(OzoneManagerLock.java:329)&#10;	at org.apache.hadoop.ozone.om.request.key.OMKeyCommitRequest.validateAndUpdateCache(OMKeyCommitRequest.java:177)&#10;	at org.apache.hadoop.ozone.protocolPB.OzoneManagerProtocolServerSideTranslatorPB.submitRequestDirectlyToOM(OzoneManagerProtocolServerSideTranslatorPB.java:219)&#10;	at org.apache.hadoop.ozone.protocolPB.OzoneManagerProtocolServerSideTranslatorPB.processRequest(OzoneManagerProtocolServerSideTranslatorPB.java:134)&#10;	at org.apache.hadoop.hdds.server.OzoneProtocolMessageDispatcher.processRequest(OzoneProtocolMessageDispatcher.java:72)&#10;	at org.apache.hadoop.ozone.protocolPB.OzoneManagerProtocolServerSideTranslatorPB.submitRequest(OzoneManagerProtocolServerSideTranslatorPB.java:100)&#10;	at org.apache.hadoop.ozone.protocol.proto.OzoneManagerProtocolProtos$OzoneManagerService$2.callBlockingMethod(OzoneManagerProtocolProtos.java)&#10;	at org.apache.hadoop.ipc.ProtobufRpcEngine$Server$ProtoBufRpcInvoker.call(ProtobufRpcEngine.java:524)&#10;	at org.apache.hadoop.ipc.RPC$Server.call(RPC.java:1025)&#10;	at org.apache.hadoop.ipc.Server$RpcCall.run(Server.java:876)&#10;	at org.apache.hadoop.ipc.Server$RpcCall.run(Server.java:822)&#10;	at java.security.AccessController.doPrivileged(Native Method)&#10;	at javax.security.auth.Subject.doAs(Subject.java:422)&#10;	at org.apache.hadoop.security.UserGroupInformation.doAs(UserGroupInformation.java:1730)&#10;	at org.apache.hadoop.ipc.Server$Handler.run(Server.java:2682)&#10;" type="org.apache.hadoop.ipc.RemoteException(java.lang.IllegalMonitorStateException)">org.apache.hadoop.ipc.RemoteException(java.lang.IllegalMonitorStateException): Releasing lock on resource /5ebd6613-493f-4e44-97d1-a817449e0eaa/2f8345dd-fe6a-4d3b-9a6d-8335e16db5be without acquiring lock
	at org.apache.hadoop.ozone.lock.LockManager.getLockForReleasing(LockManager.java:220)
	at org.apache.hadoop.ozone.lock.LockManager.release(LockManager.java:168)
	at org.apache.hadoop.ozone.lock.LockManager.writeUnlock(LockManager.java:148)
	at org.apache.hadoop.ozone.om.lock.OzoneManagerLock.unlock(OzoneManagerLock.java:364)
	at org.apache.hadoop.ozone.om.lock.OzoneManagerLock.releaseWriteLock(OzoneManagerLock.java:329)
	at org.apache.hadoop.ozone.om.request.key.OMKeyCommitRequest.validateAndUpdateCache(OMKeyCommitRequest.java:177)
	at org.apache.hadoop.ozone.protocolPB.OzoneManagerProtocolServerSideTranslatorPB.submitRequestDirectlyToOM(OzoneManagerProtocolServerSideTranslatorPB.java:219)
	at org.apache.hadoop.ozone.protocolPB.OzoneManagerProtocolServerSideTranslatorPB.processRequest(OzoneManagerProtocolServerSideTranslatorPB.java:134)
	at org.apache.hadoop.hdds.server.OzoneProtocolMessageDispatcher.processRequest(OzoneProtocolMessageDispatcher.java:72)
	at org.apache.hadoop.ozone.protocolPB.OzoneManagerProtocolServerSideTranslatorPB.submitRequest(OzoneManagerProtocolServerSideTranslatorPB.java:100)
	at org.apache.hadoop.ozone.protocol.proto.OzoneManagerProtocolProtos$OzoneManagerService$2.callBlockingMethod(OzoneManagerProtocolProtos.java)
	at org.apache.hadoop.ipc.ProtobufRpcEngine$Server$ProtoBufRpcInvoker.call(ProtobufRpcEngine.java:524)
	at org.apache.hadoop.ipc.RPC$Server.call(RPC.java:1025)
	at org.apache.hadoop.ipc.Server$RpcCall.run(Server.java:876)
	at org.apache.hadoop.ipc.Server$RpcCall.run(Server.java:822)
	at java.security.AccessController.doPrivileged(Native Method)
	at javax.security.auth.Subject.doAs(Subject.java:422)
	at org.apache.hadoop.security.UserGroupInformation.doAs(UserGroupInformation.java:1730)
	at org.apache.hadoop.ipc.Server$Handler.run(Server.java:2682)

	at org.apache.hadoop.ipc.Client.getRpcResponse(Client.java:1511)
	at org.apache.hadoop.ipc.Client.call(Client.java:1457)
	at org.apache.hadoop.ipc.Client.call(Client.java:1367)
	at org.apache.hadoop.ipc.ProtobufRpcEngine$Invoker.invoke(ProtobufRpcEngine.java:228)
	at org.apache.hadoop.ipc.ProtobufRpcEngine$Invoker.invoke(ProtobufRpcEngine.java:116)
	at com.sun.proxy.$Proxy37.submitRequest(Unknown Source)
	at sun.reflect.GeneratedMethodAccessor72.invoke(Unknown Source)
	at sun.reflect.DelegatingMethodAccessorImpl.invoke(DelegatingMethodAccessorImpl.java:43)
	at java.lang.reflect.Method.invoke(Method.java:498)
	at org.apache.hadoop.io.retry.RetryInvocationHandler.invokeMethod(RetryInvocationHandler.java:422)
	at org.apache.hadoop.io.retry.RetryInvocationHandler$Call.invokeMethod(RetryInvocationHandler.java:165)
	at org.apache.hadoop.io.retry.RetryInvocationHandler$Call.invoke(RetryInvocationHandler.java:157)
	at org.apache.hadoop.io.retry.RetryInvocationHandler$Call.invokeOnce(RetryInvocationHandler.java:95)
	at org.apache.hadoop.io.retry.RetryInvocationHandler.invoke(RetryInvocationHandler.java:359)
	at com.sun.proxy.$Proxy37.submitRequest(Unknown Source)
	at org.apache.hadoop.ozone.om.protocolPB.OzoneManagerProtocolClientSideTranslatorPB.submitRequest(OzoneManagerProtocolClientSideTranslatorPB.java:338)
	at org.apache.hadoop.ozone.om.protocolPB.OzoneManagerProtocolClientSideTranslatorPB.commitKey(OzoneManagerProtocolClientSideTranslatorPB.java:789)
	at sun.reflect.NativeMethodAccessorImpl.invoke0(Native Method)
	at sun.reflect.NativeMethodAccessorImpl.invoke(NativeMethodAccessorImpl.java:62)
	at sun.reflect.DelegatingMethodAccessorImpl.invoke(DelegatingMethodAccessorImpl.java:43)
	at java.lang.reflect.Method.invoke(Method.java:498)
	at org.apache.hadoop.hdds.tracing.TraceAllMethod.invoke(TraceAllMethod.java:66)
	at com.sun.proxy.$Proxy38.commitKey(Unknown Source)
	at org.apache.hadoop.ozone.client.io.BlockOutputStreamEntryPool.commitKey(BlockOutputStreamEntryPool.java:277)
	at org.apache.hadoop.ozone.client.io.KeyOutputStream.close(KeyOutputStream.java:474)
	at org.apache.hadoop.ozone.client.io.OzoneOutputStream.close(OzoneOutputStream.java:60)
	at org.apache.hadoop.ozone.client.rpc.TestOzoneRpcClientAbstract.writeKey(TestOzoneRpcClientAbstract.java:2546)
	at org.apache.hadoop.ozone.client.rpc.TestOzoneRpcClientAbstract.testNativeAclsForKey(TestOzoneRpcClientAbstract.java:2310)
	at sun.reflect.NativeMethodAccessorImpl.invoke0(Native Method)
	at sun.reflect.NativeMethodAccessorImpl.invoke(NativeMethodAccessorImpl.java:62)
	at sun.reflect.DelegatingMethodAccessorImpl.invoke(DelegatingMethodAccessorImpl.java:43)
	at java.lang.reflect.Method.invoke(Method.java:498)
	at org.junit.runners.model.FrameworkMethod$1.runReflectiveCall(FrameworkMethod.java:47)
	at org.junit.internal.runners.model.ReflectiveCallable.run(ReflectiveCallable.java:12)
	at org.junit.runners.model.FrameworkMethod.invokeExplosively(FrameworkMethod.java:44)
	at org.junit.internal.runners.statements.InvokeMethod.evaluate(InvokeMethod.java:17)
	at org.junit.runners.ParentRunner.runLeaf(ParentRunner.java:271)
	at org.junit.runners.BlockJUnit4ClassRunner.runChild(BlockJUnit4ClassRunner.java:70)
	at org.junit.runners.BlockJUnit4ClassRunner.runChild(BlockJUnit4ClassRunner.java:50)
	at org.junit.runners.ParentRunner$3.run(ParentRunner.java:238)
	at org.junit.runners.ParentRunner$1.schedule(ParentRunner.java:63)
	at org.junit.runners.ParentRunner.runChildren(ParentRunner.java:236)
	at org.junit.runners.ParentRunner.access$000(ParentRunner.java:53)
	at org.junit.runners.ParentRunner$2.evaluate(ParentRunner.java:229)
	at org.junit.internal.runners.statements.RunBefores.evaluate(RunBefores.java:26)
	at org.junit.internal.runners.statements.RunAfters.evaluate(RunAfters.java:27)
	at org.junit.runners.ParentRunner.run(ParentRunner.java:309)
	at org.apache.maven.surefire.junit4.JUnit4Provider.execute(JUnit4Provider.java:365)
	at org.apache.maven.surefire.junit4.JUnit4Provider.executeWithRerun(JUnit4Provider.java:273)
	at org.apache.maven.surefire.junit4.JUnit4Provider.executeTestSet(JUnit4Provider.java:238)
	at org.apache.maven.surefire.junit4.JUnit4Provider.invoke(JUnit4Provider.java:159)
	at org.apache.maven.surefire.booter.ForkedBooter.invokeProviderInSameClassLoader(ForkedBooter.java:384)
	at org.apache.maven.surefire.booter.ForkedBooter.runSuitesInProcess(ForkedBooter.java:345)
	at org.apache.maven.surefire.booter.ForkedBooter.execute(ForkedBooter.java:126)
	at org.apache.maven.surefire.booter.ForkedBooter.main(ForkedBooter.java:418)
</error>
    <system-out><![CDATA[2019-10-16 06:06:18,360 [main] INFO  rpc.RpcClient (RpcClient.java:createVolume(272)) - Creating Volume: 5ebd6613-493f-4e44-97d1-a817449e0eaa, with jenkins1000 as owner.
2019-10-16 06:06:18,362 [IPC Server handler 15 on 42894] INFO  volume.OMVolumeCreateRequest (OMVolumeCreateRequest.java:validateAndUpdateCache(193)) - created volume:5ebd6613-493f-4e44-97d1-a817449e0eaa for user:jenkins1000
2019-10-16 06:06:18,363 [main] INFO  rpc.RpcClient (RpcClient.java:createBucket(411)) - Creating Bucket: 5ebd6613-493f-4e44-97d1-a817449e0eaa/2f8345dd-fe6a-4d3b-9a6d-8335e16db5be, with Versioning false and Storage Type set to DISK and Encryption set to false 
2019-10-16 06:06:18,390 [IPC Server handler 10 on 42894] ERROR lock.LockManager (LockManager.java:getLockForReleasing(218)) - Trying to release the lock on /5ebd6613-493f-4e44-97d1-a817449e0eaa/2f8345dd-fe6a-4d3b-9a6d-8335e16db5be, which was never acquired.
2019-10-16 06:06:18,393 [IPC Server handler 10 on 42894] WARN  ipc.Server (Server.java:logException(2724)) - IPC Server handler 10 on 42894, call Call#3233 Retry#0 org.apache.hadoop.ozone.om.protocol.OzoneManagerProtocol.submitRequest from 127.0.0.1:60690
java.lang.IllegalMonitorStateException: Releasing lock on resource /5ebd6613-493f-4e44-97d1-a817449e0eaa/2f8345dd-fe6a-4d3b-9a6d-8335e16db5be without acquiring lock
	at org.apache.hadoop.ozone.lock.LockManager.getLockForReleasing(LockManager.java:220)
	at org.apache.hadoop.ozone.lock.LockManager.release(LockManager.java:168)
	at org.apache.hadoop.ozone.lock.LockManager.writeUnlock(LockManager.java:148)
	at org.apache.hadoop.ozone.om.lock.OzoneManagerLock.unlock(OzoneManagerLock.java:364)
	at org.apache.hadoop.ozone.om.lock.OzoneManagerLock.releaseWriteLock(OzoneManagerLock.java:329)
	at org.apache.hadoop.ozone.om.request.key.OMKeyCommitRequest.validateAndUpdateCache(OMKeyCommitRequest.java:177)
	at org.apache.hadoop.ozone.protocolPB.OzoneManagerProtocolServerSideTranslatorPB.submitRequestDirectlyToOM(OzoneManagerProtocolServerSideTranslatorPB.java:219)
	at org.apache.hadoop.ozone.protocolPB.OzoneManagerProtocolServerSideTranslatorPB.processRequest(OzoneManagerProtocolServerSideTranslatorPB.java:134)
	at org.apache.hadoop.hdds.server.OzoneProtocolMessageDispatcher.processRequest(OzoneProtocolMessageDispatcher.java:72)
	at org.apache.hadoop.ozone.protocolPB.OzoneManagerProtocolServerSideTranslatorPB.submitRequest(OzoneManagerProtocolServerSideTranslatorPB.java:100)
	at org.apache.hadoop.ozone.protocol.proto.OzoneManagerProtocolProtos$OzoneManagerService$2.callBlockingMethod(OzoneManagerProtocolProtos.java)
	at org.apache.hadoop.ipc.ProtobufRpcEngine$Server$ProtoBufRpcInvoker.call(ProtobufRpcEngine.java:524)
	at org.apache.hadoop.ipc.RPC$Server.call(RPC.java:1025)
	at org.apache.hadoop.ipc.Server$RpcCall.run(Server.java:876)
	at org.apache.hadoop.ipc.Server$RpcCall.run(Server.java:822)
	at java.security.AccessController.doPrivileged(Native Method)
	at javax.security.auth.Subject.doAs(Subject.java:422)
	at org.apache.hadoop.security.UserGroupInformation.doAs(UserGroupInformation.java:1730)
	at org.apache.hadoop.ipc.Server$Handler.run(Server.java:2682)
2019-10-16 06:06:18,396 [main] INFO  retry.RetryInvocationHandler (RetryInvocationHandler.java:log(411)) - com.google.protobuf.ServiceException: org.apache.hadoop.ipc.RemoteException(java.lang.IllegalMonitorStateException): Releasing lock on resource /5ebd6613-493f-4e44-97d1-a817449e0eaa/2f8345dd-fe6a-4d3b-9a6d-8335e16db5be without acquiring lock
	at org.apache.hadoop.ozone.lock.LockManager.getLockForReleasing(LockManager.java:220)
	at org.apache.hadoop.ozone.lock.LockManager.release(LockManager.java:168)
	at org.apache.hadoop.ozone.lock.LockManager.writeUnlock(LockManager.java:148)
	at org.apache.hadoop.ozone.om.lock.OzoneManagerLock.unlock(OzoneManagerLock.java:364)
	at org.apache.hadoop.ozone.om.lock.OzoneManagerLock.releaseWriteLock(OzoneManagerLock.java:329)
	at org.apache.hadoop.ozone.om.request.key.OMKeyCommitRequest.validateAndUpdateCache(OMKeyCommitRequest.java:177)
	at org.apache.hadoop.ozone.protocolPB.OzoneManagerProtocolServerSideTranslatorPB.submitRequestDirectlyToOM(OzoneManagerProtocolServerSideTranslatorPB.java:219)
	at org.apache.hadoop.ozone.protocolPB.OzoneManagerProtocolServerSideTranslatorPB.processRequest(OzoneManagerProtocolServerSideTranslatorPB.java:134)
	at org.apache.hadoop.hdds.server.OzoneProtocolMessageDispatcher.processRequest(OzoneProtocolMessageDispatcher.java:72)
	at org.apache.hadoop.ozone.protocolPB.OzoneManagerProtocolServerSideTranslatorPB.submitRequest(OzoneManagerProtocolServerSideTranslatorPB.java:100)
	at org.apache.hadoop.ozone.protocol.proto.OzoneManagerProtocolProtos$OzoneManagerService$2.callBlockingMethod(OzoneManagerProtocolProtos.java)
	at org.apache.hadoop.ipc.ProtobufRpcEngine$Server$ProtoBufRpcInvoker.call(ProtobufRpcEngine.java:524)
	at org.apache.hadoop.ipc.RPC$Server.call(RPC.java:1025)
	at org.apache.hadoop.ipc.Server$RpcCall.run(Server.java:876)
	at org.apache.hadoop.ipc.Server$RpcCall.run(Server.java:822)
	at java.security.AccessController.doPrivileged(Native Method)
	at javax.security.auth.Subject.doAs(Subject.java:422)
	at org.apache.hadoop.security.UserGroupInformation.doAs(UserGroupInformation.java:1730)
	at org.apache.hadoop.ipc.Server$Handler.run(Server.java:2682)
, while invoking $Proxy37.submitRequest over nodeId=null,nodeAddress=localhost:42894. Trying to failover immediately.
2019-10-16 06:06:18,397 [IPC Server handler 13 on 42894] ERROR lock.LockManager (LockManager.java:getLockForReleasing(218)) - Trying to release the lock on /5ebd6613-493f-4e44-97d1-a817449e0eaa/2f8345dd-fe6a-4d3b-9a6d-8335e16db5be, which was never acquired.
2019-10-16 06:06:18,397 [IPC Server handler 13 on 42894] WARN  ipc.Server (Server.java:logException(2724)) - IPC Server handler 13 on 42894, call Call#3233 Retry#1 org.apache.hadoop.ozone.om.protocol.OzoneManagerProtocol.submitRequest from 127.0.0.1:60690
java.lang.IllegalMonitorStateException: Releasing lock on resource /5ebd6613-493f-4e44-97d1-a817449e0eaa/2f8345dd-fe6a-4d3b-9a6d-8335e16db5be without acquiring lock
	at org.apache.hadoop.ozone.lock.LockManager.getLockForReleasing(LockManager.java:220)
	at org.apache.hadoop.ozone.lock.LockManager.release(LockManager.java:168)
	at org.apache.hadoop.ozone.lock.LockManager.writeUnlock(LockManager.java:148)
	at org.apache.hadoop.ozone.om.lock.OzoneManagerLock.unlock(OzoneManagerLock.java:364)
	at org.apache.hadoop.ozone.om.lock.OzoneManagerLock.releaseWriteLock(OzoneManagerLock.java:329)
	at org.apache.hadoop.ozone.om.request.key.OMKeyCommitRequest.validateAndUpdateCache(OMKeyCommitRequest.java:177)
	at org.apache.hadoop.ozone.protocolPB.OzoneManagerProtocolServerSideTranslatorPB.submitRequestDirectlyToOM(OzoneManagerProtocolServerSideTranslatorPB.java:219)
	at org.apache.hadoop.ozone.protocolPB.OzoneManagerProtocolServerSideTranslatorPB.processRequest(OzoneManagerProtocolServerSideTranslatorPB.java:134)
	at org.apache.hadoop.hdds.server.OzoneProtocolMessageDispatcher.processRequest(OzoneProtocolMessageDispatcher.java:72)
	at org.apache.hadoop.ozone.protocolPB.OzoneManagerProtocolServerSideTranslatorPB.submitRequest(OzoneManagerProtocolServerSideTranslatorPB.java:100)
	at org.apache.hadoop.ozone.protocol.proto.OzoneManagerProtocolProtos$OzoneManagerService$2.callBlockingMethod(OzoneManagerProtocolProtos.java)
	at org.apache.hadoop.ipc.ProtobufRpcEngine$Server$ProtoBufRpcInvoker.call(ProtobufRpcEngine.java:524)
	at org.apache.hadoop.ipc.RPC$Server.call(RPC.java:1025)
	at org.apache.hadoop.ipc.Server$RpcCall.run(Server.java:876)
	at org.apache.hadoop.ipc.Server$RpcCall.run(Server.java:822)
	at java.security.AccessController.doPrivileged(Native Method)
	at javax.security.auth.Subject.doAs(Subject.java:422)
	at org.apache.hadoop.security.UserGroupInformation.doAs(UserGroupInformation.java:1730)
	at org.apache.hadoop.ipc.Server$Handler.run(Server.java:2682)
2019-10-16 06:06:18,400 [main] INFO  retry.RetryInvocationHandler (RetryInvocationHandler.java:log(411)) - com.google.protobuf.ServiceException: org.apache.hadoop.ipc.RemoteException(java.lang.IllegalMonitorStateException): Releasing lock on resource /5ebd6613-493f-4e44-97d1-a817449e0eaa/2f8345dd-fe6a-4d3b-9a6d-8335e16db5be without acquiring lock
	at org.apache.hadoop.ozone.lock.LockManager.getLockForReleasing(LockManager.java:220)
	at org.apache.hadoop.ozone.lock.LockManager.release(LockManager.java:168)
	at org.apache.hadoop.ozone.lock.LockManager.writeUnlock(LockManager.java:148)
	at org.apache.hadoop.ozone.om.lock.OzoneManagerLock.unlock(OzoneManagerLock.java:364)
	at org.apache.hadoop.ozone.om.lock.OzoneManagerLock.releaseWriteLock(OzoneManagerLock.java:329)
	at org.apache.hadoop.ozone.om.request.key.OMKeyCommitRequest.validateAndUpdateCache(OMKeyCommitRequest.java:177)
	at org.apache.hadoop.ozone.protocolPB.OzoneManagerProtocolServerSideTranslatorPB.submitRequestDirectlyToOM(OzoneManagerProtocolServerSideTranslatorPB.java:219)
	at org.apache.hadoop.ozone.protocolPB.OzoneManagerProtocolServerSideTranslatorPB.processRequest(OzoneManagerProtocolServerSideTranslatorPB.java:134)
	at org.apache.hadoop.hdds.server.OzoneProtocolMessageDispatcher.processRequest(OzoneProtocolMessageDispatcher.java:72)
	at org.apache.hadoop.ozone.protocolPB.OzoneManagerProtocolServerSideTranslatorPB.submitRequest(OzoneManagerProtocolServerSideTranslatorPB.java:100)
	at org.apache.hadoop.ozone.protocol.proto.OzoneManagerProtocolProtos$OzoneManagerService$2.callBlockingMethod(OzoneManagerProtocolProtos.java)
	at org.apache.hadoop.ipc.ProtobufRpcEngine$Server$ProtoBufRpcInvoker.call(ProtobufRpcEngine.java:524)
	at org.apache.hadoop.ipc.RPC$Server.call(RPC.java:1025)
	at org.apache.hadoop.ipc.Server$RpcCall.run(Server.java:876)
	at org.apache.hadoop.ipc.Server$RpcCall.run(Server.java:822)
	at java.security.AccessController.doPrivileged(Native Method)
	at javax.security.auth.Subject.doAs(Subject.java:422)
	at org.apache.hadoop.security.UserGroupInformation.doAs(UserGroupInformation.java:1730)
	at org.apache.hadoop.ipc.Server$Handler.run(Server.java:2682)
, while invoking $Proxy37.submitRequest over nodeId=null,nodeAddress=localhost:42894 after 1 failover attempts. Trying to failover immediately.
2019-10-16 06:06:18,402 [IPC Server handler 19 on 42894] ERROR lock.LockManager (LockManager.java:getLockForReleasing(218)) - Trying to release the lock on /5ebd6613-493f-4e44-97d1-a817449e0eaa/2f8345dd-fe6a-4d3b-9a6d-8335e16db5be, which was never acquired.
2019-10-16 06:06:18,402 [IPC Server handler 19 on 42894] WARN  ipc.Server (Server.java:logException(2724)) - IPC Server handler 19 on 42894, call Call#3233 Retry#2 org.apache.hadoop.ozone.om.protocol.OzoneManagerProtocol.submitRequest from 127.0.0.1:60690
java.lang.IllegalMonitorStateException: Releasing lock on resource /5ebd6613-493f-4e44-97d1-a817449e0eaa/2f8345dd-fe6a-4d3b-9a6d-8335e16db5be without acquiring lock
	at org.apache.hadoop.ozone.lock.LockManager.getLockForReleasing(LockManager.java:220)
	at org.apache.hadoop.ozone.lock.LockManager.release(LockManager.java:168)
	at org.apache.hadoop.ozone.lock.LockManager.writeUnlock(LockManager.java:148)
	at org.apache.hadoop.ozone.om.lock.OzoneManagerLock.unlock(OzoneManagerLock.java:364)
	at org.apache.hadoop.ozone.om.lock.OzoneManagerLock.releaseWriteLock(OzoneManagerLock.java:329)
	at org.apache.hadoop.ozone.om.request.key.OMKeyCommitRequest.validateAndUpdateCache(OMKeyCommitRequest.java:177)
	at org.apache.hadoop.ozone.protocolPB.OzoneManagerProtocolServerSideTranslatorPB.submitRequestDirectlyToOM(OzoneManagerProtocolServerSideTranslatorPB.java:219)
	at org.apache.hadoop.ozone.protocolPB.OzoneManagerProtocolServerSideTranslatorPB.processRequest(OzoneManagerProtocolServerSideTranslatorPB.java:134)
	at org.apache.hadoop.hdds.server.OzoneProtocolMessageDispatcher.processRequest(OzoneProtocolMessageDispatcher.java:72)
	at org.apache.hadoop.ozone.protocolPB.OzoneManagerProtocolServerSideTranslatorPB.submitRequest(OzoneManagerProtocolServerSideTranslatorPB.java:100)
	at org.apache.hadoop.ozone.protocol.proto.OzoneManagerProtocolProtos$OzoneManagerService$2.callBlockingMethod(OzoneManagerProtocolProtos.java)
	at org.apache.hadoop.ipc.ProtobufRpcEngine$Server$ProtoBufRpcInvoker.call(ProtobufRpcEngine.java:524)
	at org.apache.hadoop.ipc.RPC$Server.call(RPC.java:1025)
	at org.apache.hadoop.ipc.Server$RpcCall.run(Server.java:876)
	at org.apache.hadoop.ipc.Server$RpcCall.run(Server.java:822)
	at java.security.AccessController.doPrivileged(Native Method)
	at javax.security.auth.Subject.doAs(Subject.java:422)
	at org.apache.hadoop.security.UserGroupInformation.doAs(UserGroupInformation.java:1730)
	at org.apache.hadoop.ipc.Server$Handler.run(Server.java:2682)
2019-10-16 06:06:18,404 [main] INFO  retry.RetryInvocationHandler (RetryInvocationHandler.java:log(411)) - com.google.protobuf.ServiceException: org.apache.hadoop.ipc.RemoteException(java.lang.IllegalMonitorStateException): Releasing lock on resource /5ebd6613-493f-4e44-97d1-a817449e0eaa/2f8345dd-fe6a-4d3b-9a6d-8335e16db5be without acquiring lock
	at org.apache.hadoop.ozone.lock.LockManager.getLockForReleasing(LockManager.java:220)
	at org.apache.hadoop.ozone.lock.LockManager.release(LockManager.java:168)
	at org.apache.hadoop.ozone.lock.LockManager.writeUnlock(LockManager.java:148)
	at org.apache.hadoop.ozone.om.lock.OzoneManagerLock.unlock(OzoneManagerLock.java:364)
	at org.apache.hadoop.ozone.om.lock.OzoneManagerLock.releaseWriteLock(OzoneManagerLock.java:329)
	at org.apache.hadoop.ozone.om.request.key.OMKeyCommitRequest.validateAndUpdateCache(OMKeyCommitRequest.java:177)
	at org.apache.hadoop.ozone.protocolPB.OzoneManagerProtocolServerSideTranslatorPB.submitRequestDirectlyToOM(OzoneManagerProtocolServerSideTranslatorPB.java:219)
	at org.apache.hadoop.ozone.protocolPB.OzoneManagerProtocolServerSideTranslatorPB.processRequest(OzoneManagerProtocolServerSideTranslatorPB.java:134)
	at org.apache.hadoop.hdds.server.OzoneProtocolMessageDispatcher.processRequest(OzoneProtocolMessageDispatcher.java:72)
	at org.apache.hadoop.ozone.protocolPB.OzoneManagerProtocolServerSideTranslatorPB.submitRequest(OzoneManagerProtocolServerSideTranslatorPB.java:100)
	at org.apache.hadoop.ozone.protocol.proto.OzoneManagerProtocolProtos$OzoneManagerService$2.callBlockingMethod(OzoneManagerProtocolProtos.java)
	at org.apache.hadoop.ipc.ProtobufRpcEngine$Server$ProtoBufRpcInvoker.call(ProtobufRpcEngine.java:524)
	at org.apache.hadoop.ipc.RPC$Server.call(RPC.java:1025)
	at org.apache.hadoop.ipc.Server$RpcCall.run(Server.java:876)
	at org.apache.hadoop.ipc.Server$RpcCall.run(Server.java:822)
	at java.security.AccessController.doPrivileged(Native Method)
	at javax.security.auth.Subject.doAs(Subject.java:422)
	at org.apache.hadoop.security.UserGroupInformation.doAs(UserGroupInformation.java:1730)
	at org.apache.hadoop.ipc.Server$Handler.run(Server.java:2682)
, while invoking $Proxy37.submitRequest over nodeId=null,nodeAddress=localhost:42894 after 2 failover attempts. Trying to failover immediately.
2019-10-16 06:06:18,406 [IPC Server handler 1 on 42894] ERROR lock.LockManager (LockManager.java:getLockForReleasing(218)) - Trying to release the lock on /5ebd6613-493f-4e44-97d1-a817449e0eaa/2f8345dd-fe6a-4d3b-9a6d-8335e16db5be, which was never acquired.
2019-10-16 06:06:18,406 [IPC Server handler 1 on 42894] WARN  ipc.Server (Server.java:logException(2724)) - IPC Server handler 1 on 42894, call Call#3233 Retry#3 org.apache.hadoop.ozone.om.protocol.OzoneManagerProtocol.submitRequest from 127.0.0.1:60690
java.lang.IllegalMonitorStateException: Releasing lock on resource /5ebd6613-493f-4e44-97d1-a817449e0eaa/2f8345dd-fe6a-4d3b-9a6d-8335e16db5be without acquiring lock
	at org.apache.hadoop.ozone.lock.LockManager.getLockForReleasing(LockManager.java:220)
	at org.apache.hadoop.ozone.lock.LockManager.release(LockManager.java:168)
	at org.apache.hadoop.ozone.lock.LockManager.writeUnlock(LockManager.java:148)
	at org.apache.hadoop.ozone.om.lock.OzoneManagerLock.unlock(OzoneManagerLock.java:364)
	at org.apache.hadoop.ozone.om.lock.OzoneManagerLock.releaseWriteLock(OzoneManagerLock.java:329)
	at org.apache.hadoop.ozone.om.request.key.OMKeyCommitRequest.validateAndUpdateCache(OMKeyCommitRequest.java:177)
	at org.apache.hadoop.ozone.protocolPB.OzoneManagerProtocolServerSideTranslatorPB.submitRequestDirectlyToOM(OzoneManagerProtocolServerSideTranslatorPB.java:219)
	at org.apache.hadoop.ozone.protocolPB.OzoneManagerProtocolServerSideTranslatorPB.processRequest(OzoneManagerProtocolServerSideTranslatorPB.java:134)
	at org.apache.hadoop.hdds.server.OzoneProtocolMessageDispatcher.processRequest(OzoneProtocolMessageDispatcher.java:72)
	at org.apache.hadoop.ozone.protocolPB.OzoneManagerProtocolServerSideTranslatorPB.submitRequest(OzoneManagerProtocolServerSideTranslatorPB.java:100)
	at org.apache.hadoop.ozone.protocol.proto.OzoneManagerProtocolProtos$OzoneManagerService$2.callBlockingMethod(OzoneManagerProtocolProtos.java)
	at org.apache.hadoop.ipc.ProtobufRpcEngine$Server$ProtoBufRpcInvoker.call(ProtobufRpcEngine.java:524)
	at org.apache.hadoop.ipc.RPC$Server.call(RPC.java:1025)
	at org.apache.hadoop.ipc.Server$RpcCall.run(Server.java:876)
	at org.apache.hadoop.ipc.Server$RpcCall.run(Server.java:822)
	at java.security.AccessController.doPrivileged(Native Method)
	at javax.security.auth.Subject.doAs(Subject.java:422)
	at org.apache.hadoop.security.UserGroupInformation.doAs(UserGroupInformation.java:1730)
	at org.apache.hadoop.ipc.Server$Handler.run(Server.java:2682)
2019-10-16 06:06:18,408 [main] INFO  retry.RetryInvocationHandler (RetryInvocationHandler.java:log(411)) - com.google.protobuf.ServiceException: org.apache.hadoop.ipc.RemoteException(java.lang.IllegalMonitorStateException): Releasing lock on resource /5ebd6613-493f-4e44-97d1-a817449e0eaa/2f8345dd-fe6a-4d3b-9a6d-8335e16db5be without acquiring lock
	at org.apache.hadoop.ozone.lock.LockManager.getLockForReleasing(LockManager.java:220)
	at org.apache.hadoop.ozone.lock.LockManager.release(LockManager.java:168)
	at org.apache.hadoop.ozone.lock.LockManager.writeUnlock(LockManager.java:148)
	at org.apache.hadoop.ozone.om.lock.OzoneManagerLock.unlock(OzoneManagerLock.java:364)
	at org.apache.hadoop.ozone.om.lock.OzoneManagerLock.releaseWriteLock(OzoneManagerLock.java:329)
	at org.apache.hadoop.ozone.om.request.key.OMKeyCommitRequest.validateAndUpdateCache(OMKeyCommitRequest.java:177)
	at org.apache.hadoop.ozone.protocolPB.OzoneManagerProtocolServerSideTranslatorPB.submitRequestDirectlyToOM(OzoneManagerProtocolServerSideTranslatorPB.java:219)
	at org.apache.hadoop.ozone.protocolPB.OzoneManagerProtocolServerSideTranslatorPB.processRequest(OzoneManagerProtocolServerSideTranslatorPB.java:134)
	at org.apache.hadoop.hdds.server.OzoneProtocolMessageDispatcher.processRequest(OzoneProtocolMessageDispatcher.java:72)
	at org.apache.hadoop.ozone.protocolPB.OzoneManagerProtocolServerSideTranslatorPB.submitRequest(OzoneManagerProtocolServerSideTranslatorPB.java:100)
	at org.apache.hadoop.ozone.protocol.proto.OzoneManagerProtocolProtos$OzoneManagerService$2.callBlockingMethod(OzoneManagerProtocolProtos.java)
	at org.apache.hadoop.ipc.ProtobufRpcEngine$Server$ProtoBufRpcInvoker.call(ProtobufRpcEngine.java:524)
	at org.apache.hadoop.ipc.RPC$Server.call(RPC.java:1025)
	at org.apache.hadoop.ipc.Server$RpcCall.run(Server.java:876)
	at org.apache.hadoop.ipc.Server$RpcCall.run(Server.java:822)
	at java.security.AccessController.doPrivileged(Native Method)
	at javax.security.auth.Subject.doAs(Subject.java:422)
	at org.apache.hadoop.security.UserGroupInformation.doAs(UserGroupInformation.java:1730)
	at org.apache.hadoop.ipc.Server$Handler.run(Server.java:2682)
, while invoking $Proxy37.submitRequest over nodeId=null,nodeAddress=localhost:42894 after 3 failover attempts. Trying to failover immediately.
2019-10-16 06:06:18,410 [IPC Server handler 17 on 42894] ERROR lock.LockManager (LockManager.java:getLockForReleasing(218)) - Trying to release the lock on /5ebd6613-493f-4e44-97d1-a817449e0eaa/2f8345dd-fe6a-4d3b-9a6d-8335e16db5be, which was never acquired.
2019-10-16 06:06:18,410 [IPC Server handler 17 on 42894] WARN  ipc.Server (Server.java:logException(2724)) - IPC Server handler 17 on 42894, call Call#3233 Retry#4 org.apache.hadoop.ozone.om.protocol.OzoneManagerProtocol.submitRequest from 127.0.0.1:60690
java.lang.IllegalMonitorStateException: Releasing lock on resource /5ebd6613-493f-4e44-97d1-a817449e0eaa/2f8345dd-fe6a-4d3b-9a6d-8335e16db5be without acquiring lock
	at org.apache.hadoop.ozone.lock.LockManager.getLockForReleasing(LockManager.java:220)
	at org.apache.hadoop.ozone.lock.LockManager.release(LockManager.java:168)
	at org.apache.hadoop.ozone.lock.LockManager.writeUnlock(LockManager.java:148)
	at org.apache.hadoop.ozone.om.lock.OzoneManagerLock.unlock(OzoneManagerLock.java:364)
	at org.apache.hadoop.ozone.om.lock.OzoneManagerLock.releaseWriteLock(OzoneManagerLock.java:329)
	at org.apache.hadoop.ozone.om.request.key.OMKeyCommitRequest.validateAndUpdateCache(OMKeyCommitRequest.java:177)
	at org.apache.hadoop.ozone.protocolPB.OzoneManagerProtocolServerSideTranslatorPB.submitRequestDirectlyToOM(OzoneManagerProtocolServerSideTranslatorPB.java:219)
	at org.apache.hadoop.ozone.protocolPB.OzoneManagerProtocolServerSideTranslatorPB.processRequest(OzoneManagerProtocolServerSideTranslatorPB.java:134)
	at org.apache.hadoop.hdds.server.OzoneProtocolMessageDispatcher.processRequest(OzoneProtocolMessageDispatcher.java:72)
	at org.apache.hadoop.ozone.protocolPB.OzoneManagerProtocolServerSideTranslatorPB.submitRequest(OzoneManagerProtocolServerSideTranslatorPB.java:100)
	at org.apache.hadoop.ozone.protocol.proto.OzoneManagerProtocolProtos$OzoneManagerService$2.callBlockingMethod(OzoneManagerProtocolProtos.java)
	at org.apache.hadoop.ipc.ProtobufRpcEngine$Server$ProtoBufRpcInvoker.call(ProtobufRpcEngine.java:524)
	at org.apache.hadoop.ipc.RPC$Server.call(RPC.java:1025)
	at org.apache.hadoop.ipc.Server$RpcCall.run(Server.java:876)
	at org.apache.hadoop.ipc.Server$RpcCall.run(Server.java:822)
	at java.security.AccessController.doPrivileged(Native Method)
	at javax.security.auth.Subject.doAs(Subject.java:422)
	at org.apache.hadoop.security.UserGroupInformation.doAs(UserGroupInformation.java:1730)
	at org.apache.hadoop.ipc.Server$Handler.run(Server.java:2682)
2019-10-16 06:06:18,412 [main] INFO  retry.RetryInvocationHandler (RetryInvocationHandler.java:log(411)) - com.google.protobuf.ServiceException: org.apache.hadoop.ipc.RemoteException(java.lang.IllegalMonitorStateException): Releasing lock on resource /5ebd6613-493f-4e44-97d1-a817449e0eaa/2f8345dd-fe6a-4d3b-9a6d-8335e16db5be without acquiring lock
	at org.apache.hadoop.ozone.lock.LockManager.getLockForReleasing(LockManager.java:220)
	at org.apache.hadoop.ozone.lock.LockManager.release(LockManager.java:168)
	at org.apache.hadoop.ozone.lock.LockManager.writeUnlock(LockManager.java:148)
	at org.apache.hadoop.ozone.om.lock.OzoneManagerLock.unlock(OzoneManagerLock.java:364)
	at org.apache.hadoop.ozone.om.lock.OzoneManagerLock.releaseWriteLock(OzoneManagerLock.java:329)
	at org.apache.hadoop.ozone.om.request.key.OMKeyCommitRequest.validateAndUpdateCache(OMKeyCommitRequest.java:177)
	at org.apache.hadoop.ozone.protocolPB.OzoneManagerProtocolServerSideTranslatorPB.submitRequestDirectlyToOM(OzoneManagerProtocolServerSideTranslatorPB.java:219)
	at org.apache.hadoop.ozone.protocolPB.OzoneManagerProtocolServerSideTranslatorPB.processRequest(OzoneManagerProtocolServerSideTranslatorPB.java:134)
	at org.apache.hadoop.hdds.server.OzoneProtocolMessageDispatcher.processRequest(OzoneProtocolMessageDispatcher.java:72)
	at org.apache.hadoop.ozone.protocolPB.OzoneManagerProtocolServerSideTranslatorPB.submitRequest(OzoneManagerProtocolServerSideTranslatorPB.java:100)
	at org.apache.hadoop.ozone.protocol.proto.OzoneManagerProtocolProtos$OzoneManagerService$2.callBlockingMethod(OzoneManagerProtocolProtos.java)
	at org.apache.hadoop.ipc.ProtobufRpcEngine$Server$ProtoBufRpcInvoker.call(ProtobufRpcEngine.java:524)
	at org.apache.hadoop.ipc.RPC$Server.call(RPC.java:1025)
	at org.apache.hadoop.ipc.Server$RpcCall.run(Server.java:876)
	at org.apache.hadoop.ipc.Server$RpcCall.run(Server.java:822)
	at java.security.AccessController.doPrivileged(Native Method)
	at javax.security.auth.Subject.doAs(Subject.java:422)
	at org.apache.hadoop.security.UserGroupInformation.doAs(UserGroupInformation.java:1730)
	at org.apache.hadoop.ipc.Server$Handler.run(Server.java:2682)
, while invoking $Proxy37.submitRequest over nodeId=null,nodeAddress=localhost:42894 after 4 failover attempts. Trying to failover immediately.
2019-10-16 06:06:18,413 [IPC Server handler 9 on 42894] ERROR lock.LockManager (LockManager.java:getLockForReleasing(218)) - Trying to release the lock on /5ebd6613-493f-4e44-97d1-a817449e0eaa/2f8345dd-fe6a-4d3b-9a6d-8335e16db5be, which was never acquired.
2019-10-16 06:06:18,414 [IPC Server handler 9 on 42894] WARN  ipc.Server (Server.java:logException(2724)) - IPC Server handler 9 on 42894, call Call#3233 Retry#5 org.apache.hadoop.ozone.om.protocol.OzoneManagerProtocol.submitRequest from 127.0.0.1:60690
java.lang.IllegalMonitorStateException: Releasing lock on resource /5ebd6613-493f-4e44-97d1-a817449e0eaa/2f8345dd-fe6a-4d3b-9a6d-8335e16db5be without acquiring lock
	at org.apache.hadoop.ozone.lock.LockManager.getLockForReleasing(LockManager.java:220)
	at org.apache.hadoop.ozone.lock.LockManager.release(LockManager.java:168)
	at org.apache.hadoop.ozone.lock.LockManager.writeUnlock(LockManager.java:148)
	at org.apache.hadoop.ozone.om.lock.OzoneManagerLock.unlock(OzoneManagerLock.java:364)
	at org.apache.hadoop.ozone.om.lock.OzoneManagerLock.releaseWriteLock(OzoneManagerLock.java:329)
	at org.apache.hadoop.ozone.om.request.key.OMKeyCommitRequest.validateAndUpdateCache(OMKeyCommitRequest.java:177)
	at org.apache.hadoop.ozone.protocolPB.OzoneManagerProtocolServerSideTranslatorPB.submitRequestDirectlyToOM(OzoneManagerProtocolServerSideTranslatorPB.java:219)
	at org.apache.hadoop.ozone.protocolPB.OzoneManagerProtocolServerSideTranslatorPB.processRequest(OzoneManagerProtocolServerSideTranslatorPB.java:134)
	at org.apache.hadoop.hdds.server.OzoneProtocolMessageDispatcher.processRequest(OzoneProtocolMessageDispatcher.java:72)
	at org.apache.hadoop.ozone.protocolPB.OzoneManagerProtocolServerSideTranslatorPB.submitRequest(OzoneManagerProtocolServerSideTranslatorPB.java:100)
	at org.apache.hadoop.ozone.protocol.proto.OzoneManagerProtocolProtos$OzoneManagerService$2.callBlockingMethod(OzoneManagerProtocolProtos.java)
	at org.apache.hadoop.ipc.ProtobufRpcEngine$Server$ProtoBufRpcInvoker.call(ProtobufRpcEngine.java:524)
	at org.apache.hadoop.ipc.RPC$Server.call(RPC.java:1025)
	at org.apache.hadoop.ipc.Server$RpcCall.run(Server.java:876)
	at org.apache.hadoop.ipc.Server$RpcCall.run(Server.java:822)
	at java.security.AccessController.doPrivileged(Native Method)
	at javax.security.auth.Subject.doAs(Subject.java:422)
	at org.apache.hadoop.security.UserGroupInformation.doAs(UserGroupInformation.java:1730)
	at org.apache.hadoop.ipc.Server$Handler.run(Server.java:2682)
2019-10-16 06:06:18,416 [main] INFO  retry.RetryInvocationHandler (RetryInvocationHandler.java:log(411)) - com.google.protobuf.ServiceException: org.apache.hadoop.ipc.RemoteException(java.lang.IllegalMonitorStateException): Releasing lock on resource /5ebd6613-493f-4e44-97d1-a817449e0eaa/2f8345dd-fe6a-4d3b-9a6d-8335e16db5be without acquiring lock
	at org.apache.hadoop.ozone.lock.LockManager.getLockForReleasing(LockManager.java:220)
	at org.apache.hadoop.ozone.lock.LockManager.release(LockManager.java:168)
	at org.apache.hadoop.ozone.lock.LockManager.writeUnlock(LockManager.java:148)
	at org.apache.hadoop.ozone.om.lock.OzoneManagerLock.unlock(OzoneManagerLock.java:364)
	at org.apache.hadoop.ozone.om.lock.OzoneManagerLock.releaseWriteLock(OzoneManagerLock.java:329)
	at org.apache.hadoop.ozone.om.request.key.OMKeyCommitRequest.validateAndUpdateCache(OMKeyCommitRequest.java:177)
	at org.apache.hadoop.ozone.protocolPB.OzoneManagerProtocolServerSideTranslatorPB.submitRequestDirectlyToOM(OzoneManagerProtocolServerSideTranslatorPB.java:219)
	at org.apache.hadoop.ozone.protocolPB.OzoneManagerProtocolServerSideTranslatorPB.processRequest(OzoneManagerProtocolServerSideTranslatorPB.java:134)
	at org.apache.hadoop.hdds.server.OzoneProtocolMessageDispatcher.processRequest(OzoneProtocolMessageDispatcher.java:72)
	at org.apache.hadoop.ozone.protocolPB.OzoneManagerProtocolServerSideTranslatorPB.submitRequest(OzoneManagerProtocolServerSideTranslatorPB.java:100)
	at org.apache.hadoop.ozone.protocol.proto.OzoneManagerProtocolProtos$OzoneManagerService$2.callBlockingMethod(OzoneManagerProtocolProtos.java)
	at org.apache.hadoop.ipc.ProtobufRpcEngine$Server$ProtoBufRpcInvoker.call(ProtobufRpcEngine.java:524)
	at org.apache.hadoop.ipc.RPC$Server.call(RPC.java:1025)
	at org.apache.hadoop.ipc.Server$RpcCall.run(Server.java:876)
	at org.apache.hadoop.ipc.Server$RpcCall.run(Server.java:822)
	at java.security.AccessController.doPrivileged(Native Method)
	at javax.security.auth.Subject.doAs(Subject.java:422)
	at org.apache.hadoop.security.UserGroupInformation.doAs(UserGroupInformation.java:1730)
	at org.apache.hadoop.ipc.Server$Handler.run(Server.java:2682)
, while invoking $Proxy37.submitRequest over nodeId=null,nodeAddress=localhost:42894 after 5 failover attempts. Trying to failover immediately.
2019-10-16 06:06:18,418 [IPC Server handler 0 on 42894] ERROR lock.LockManager (LockManager.java:getLockForReleasing(218)) - Trying to release the lock on /5ebd6613-493f-4e44-97d1-a817449e0eaa/2f8345dd-fe6a-4d3b-9a6d-8335e16db5be, which was never acquired.
2019-10-16 06:06:18,418 [IPC Server handler 0 on 42894] WARN  ipc.Server (Server.java:logException(2724)) - IPC Server handler 0 on 42894, call Call#3233 Retry#6 org.apache.hadoop.ozone.om.protocol.OzoneManagerProtocol.submitRequest from 127.0.0.1:60690
java.lang.IllegalMonitorStateException: Releasing lock on resource /5ebd6613-493f-4e44-97d1-a817449e0eaa/2f8345dd-fe6a-4d3b-9a6d-8335e16db5be without acquiring lock
	at org.apache.hadoop.ozone.lock.LockManager.getLockForReleasing(LockManager.java:220)
	at org.apache.hadoop.ozone.lock.LockManager.release(LockManager.java:168)
	at org.apache.hadoop.ozone.lock.LockManager.writeUnlock(LockManager.java:148)
	at org.apache.hadoop.ozone.om.lock.OzoneManagerLock.unlock(OzoneManagerLock.java:364)
	at org.apache.hadoop.ozone.om.lock.OzoneManagerLock.releaseWriteLock(OzoneManagerLock.java:329)
	at org.apache.hadoop.ozone.om.request.key.OMKeyCommitRequest.validateAndUpdateCache(OMKeyCommitRequest.java:177)
	at org.apache.hadoop.ozone.protocolPB.OzoneManagerProtocolServerSideTranslatorPB.submitRequestDirectlyToOM(OzoneManagerProtocolServerSideTranslatorPB.java:219)
	at org.apache.hadoop.ozone.protocolPB.OzoneManagerProtocolServerSideTranslatorPB.processRequest(OzoneManagerProtocolServerSideTranslatorPB.java:134)
	at org.apache.hadoop.hdds.server.OzoneProtocolMessageDispatcher.processRequest(OzoneProtocolMessageDispatcher.java:72)
	at org.apache.hadoop.ozone.protocolPB.OzoneManagerProtocolServerSideTranslatorPB.submitRequest(OzoneManagerProtocolServerSideTranslatorPB.java:100)
	at org.apache.hadoop.ozone.protocol.proto.OzoneManagerProtocolProtos$OzoneManagerService$2.callBlockingMethod(OzoneManagerProtocolProtos.java)
	at org.apache.hadoop.ipc.ProtobufRpcEngine$Server$ProtoBufRpcInvoker.call(ProtobufRpcEngine.java:524)
	at org.apache.hadoop.ipc.RPC$Server.call(RPC.java:1025)
	at org.apache.hadoop.ipc.Server$RpcCall.run(Server.java:876)
	at org.apache.hadoop.ipc.Server$RpcCall.run(Server.java:822)
	at java.security.AccessController.doPrivileged(Native Method)
	at javax.security.auth.Subject.doAs(Subject.java:422)
	at org.apache.hadoop.security.UserGroupInformation.doAs(UserGroupInformation.java:1730)
	at org.apache.hadoop.ipc.Server$Handler.run(Server.java:2682)
2019-10-16 06:06:18,420 [main] INFO  retry.RetryInvocationHandler (RetryInvocationHandler.java:log(411)) - com.google.protobuf.ServiceException: org.apache.hadoop.ipc.RemoteException(java.lang.IllegalMonitorStateException): Releasing lock on resource /5ebd6613-493f-4e44-97d1-a817449e0eaa/2f8345dd-fe6a-4d3b-9a6d-8335e16db5be without acquiring lock
	at org.apache.hadoop.ozone.lock.LockManager.getLockForReleasing(LockManager.java:220)
	at org.apache.hadoop.ozone.lock.LockManager.release(LockManager.java:168)
	at org.apache.hadoop.ozone.lock.LockManager.writeUnlock(LockManager.java:148)
	at org.apache.hadoop.ozone.om.lock.OzoneManagerLock.unlock(OzoneManagerLock.java:364)
	at org.apache.hadoop.ozone.om.lock.OzoneManagerLock.releaseWriteLock(OzoneManagerLock.java:329)
	at org.apache.hadoop.ozone.om.request.key.OMKeyCommitRequest.validateAndUpdateCache(OMKeyCommitRequest.java:177)
	at org.apache.hadoop.ozone.protocolPB.OzoneManagerProtocolServerSideTranslatorPB.submitRequestDirectlyToOM(OzoneManagerProtocolServerSideTranslatorPB.java:219)
	at org.apache.hadoop.ozone.protocolPB.OzoneManagerProtocolServerSideTranslatorPB.processRequest(OzoneManagerProtocolServerSideTranslatorPB.java:134)
	at org.apache.hadoop.hdds.server.OzoneProtocolMessageDispatcher.processRequest(OzoneProtocolMessageDispatcher.java:72)
	at org.apache.hadoop.ozone.protocolPB.OzoneManagerProtocolServerSideTranslatorPB.submitRequest(OzoneManagerProtocolServerSideTranslatorPB.java:100)
	at org.apache.hadoop.ozone.protocol.proto.OzoneManagerProtocolProtos$OzoneManagerService$2.callBlockingMethod(OzoneManagerProtocolProtos.java)
	at org.apache.hadoop.ipc.ProtobufRpcEngine$Server$ProtoBufRpcInvoker.call(ProtobufRpcEngine.java:524)
	at org.apache.hadoop.ipc.RPC$Server.call(RPC.java:1025)
	at org.apache.hadoop.ipc.Server$RpcCall.run(Server.java:876)
	at org.apache.hadoop.ipc.Server$RpcCall.run(Server.java:822)
	at java.security.AccessController.doPrivileged(Native Method)
	at javax.security.auth.Subject.doAs(Subject.java:422)
	at org.apache.hadoop.security.UserGroupInformation.doAs(UserGroupInformation.java:1730)
	at org.apache.hadoop.ipc.Server$Handler.run(Server.java:2682)
, while invoking $Proxy37.submitRequest over nodeId=null,nodeAddress=localhost:42894 after 6 failover attempts. Trying to failover immediately.
2019-10-16 06:06:18,421 [IPC Server handler 5 on 42894] ERROR lock.LockManager (LockManager.java:getLockForReleasing(218)) - Trying to release the lock on /5ebd6613-493f-4e44-97d1-a817449e0eaa/2f8345dd-fe6a-4d3b-9a6d-8335e16db5be, which was never acquired.
2019-10-16 06:06:18,421 [IPC Server handler 5 on 42894] WARN  ipc.Server (Server.java:logException(2724)) - IPC Server handler 5 on 42894, call Call#3233 Retry#7 org.apache.hadoop.ozone.om.protocol.OzoneManagerProtocol.submitRequest from 127.0.0.1:60690
java.lang.IllegalMonitorStateException: Releasing lock on resource /5ebd6613-493f-4e44-97d1-a817449e0eaa/2f8345dd-fe6a-4d3b-9a6d-8335e16db5be without acquiring lock
	at org.apache.hadoop.ozone.lock.LockManager.getLockForReleasing(LockManager.java:220)
	at org.apache.hadoop.ozone.lock.LockManager.release(LockManager.java:168)
	at org.apache.hadoop.ozone.lock.LockManager.writeUnlock(LockManager.java:148)
	at org.apache.hadoop.ozone.om.lock.OzoneManagerLock.unlock(OzoneManagerLock.java:364)
	at org.apache.hadoop.ozone.om.lock.OzoneManagerLock.releaseWriteLock(OzoneManagerLock.java:329)
	at org.apache.hadoop.ozone.om.request.key.OMKeyCommitRequest.validateAndUpdateCache(OMKeyCommitRequest.java:177)
	at org.apache.hadoop.ozone.protocolPB.OzoneManagerProtocolServerSideTranslatorPB.submitRequestDirectlyToOM(OzoneManagerProtocolServerSideTranslatorPB.java:219)
	at org.apache.hadoop.ozone.protocolPB.OzoneManagerProtocolServerSideTranslatorPB.processRequest(OzoneManagerProtocolServerSideTranslatorPB.java:134)
	at org.apache.hadoop.hdds.server.OzoneProtocolMessageDispatcher.processRequest(OzoneProtocolMessageDispatcher.java:72)
	at org.apache.hadoop.ozone.protocolPB.OzoneManagerProtocolServerSideTranslatorPB.submitRequest(OzoneManagerProtocolServerSideTranslatorPB.java:100)
	at org.apache.hadoop.ozone.protocol.proto.OzoneManagerProtocolProtos$OzoneManagerService$2.callBlockingMethod(OzoneManagerProtocolProtos.java)
	at org.apache.hadoop.ipc.ProtobufRpcEngine$Server$ProtoBufRpcInvoker.call(ProtobufRpcEngine.java:524)
	at org.apache.hadoop.ipc.RPC$Server.call(RPC.java:1025)
	at org.apache.hadoop.ipc.Server$RpcCall.run(Server.java:876)
	at org.apache.hadoop.ipc.Server$RpcCall.run(Server.java:822)
	at java.security.AccessController.doPrivileged(Native Method)
	at javax.security.auth.Subject.doAs(Subject.java:422)
	at org.apache.hadoop.security.UserGroupInformation.doAs(UserGroupInformation.java:1730)
	at org.apache.hadoop.ipc.Server$Handler.run(Server.java:2682)
2019-10-16 06:06:18,423 [main] INFO  retry.RetryInvocationHandler (RetryInvocationHandler.java:log(411)) - com.google.protobuf.ServiceException: org.apache.hadoop.ipc.RemoteException(java.lang.IllegalMonitorStateException): Releasing lock on resource /5ebd6613-493f-4e44-97d1-a817449e0eaa/2f8345dd-fe6a-4d3b-9a6d-8335e16db5be without acquiring lock
	at org.apache.hadoop.ozone.lock.LockManager.getLockForReleasing(LockManager.java:220)
	at org.apache.hadoop.ozone.lock.LockManager.release(LockManager.java:168)
	at org.apache.hadoop.ozone.lock.LockManager.writeUnlock(LockManager.java:148)
	at org.apache.hadoop.ozone.om.lock.OzoneManagerLock.unlock(OzoneManagerLock.java:364)
	at org.apache.hadoop.ozone.om.lock.OzoneManagerLock.releaseWriteLock(OzoneManagerLock.java:329)
	at org.apache.hadoop.ozone.om.request.key.OMKeyCommitRequest.validateAndUpdateCache(OMKeyCommitRequest.java:177)
	at org.apache.hadoop.ozone.protocolPB.OzoneManagerProtocolServerSideTranslatorPB.submitRequestDirectlyToOM(OzoneManagerProtocolServerSideTranslatorPB.java:219)
	at org.apache.hadoop.ozone.protocolPB.OzoneManagerProtocolServerSideTranslatorPB.processRequest(OzoneManagerProtocolServerSideTranslatorPB.java:134)
	at org.apache.hadoop.hdds.server.OzoneProtocolMessageDispatcher.processRequest(OzoneProtocolMessageDispatcher.java:72)
	at org.apache.hadoop.ozone.protocolPB.OzoneManagerProtocolServerSideTranslatorPB.submitRequest(OzoneManagerProtocolServerSideTranslatorPB.java:100)
	at org.apache.hadoop.ozone.protocol.proto.OzoneManagerProtocolProtos$OzoneManagerService$2.callBlockingMethod(OzoneManagerProtocolProtos.java)
	at org.apache.hadoop.ipc.ProtobufRpcEngine$Server$ProtoBufRpcInvoker.call(ProtobufRpcEngine.java:524)
	at org.apache.hadoop.ipc.RPC$Server.call(RPC.java:1025)
	at org.apache.hadoop.ipc.Server$RpcCall.run(Server.java:876)
	at org.apache.hadoop.ipc.Server$RpcCall.run(Server.java:822)
	at java.security.AccessController.doPrivileged(Native Method)
	at javax.security.auth.Subject.doAs(Subject.java:422)
	at org.apache.hadoop.security.UserGroupInformation.doAs(UserGroupInformation.java:1730)
	at org.apache.hadoop.ipc.Server$Handler.run(Server.java:2682)
, while invoking $Proxy37.submitRequest over nodeId=null,nodeAddress=localhost:42894 after 7 failover attempts. Trying to failover immediately.
2019-10-16 06:06:18,424 [IPC Server handler 11 on 42894] ERROR lock.LockManager (LockManager.java:getLockForReleasing(218)) - Trying to release the lock on /5ebd6613-493f-4e44-97d1-a817449e0eaa/2f8345dd-fe6a-4d3b-9a6d-8335e16db5be, which was never acquired.
2019-10-16 06:06:18,424 [IPC Server handler 11 on 42894] WARN  ipc.Server (Server.java:logException(2724)) - IPC Server handler 11 on 42894, call Call#3233 Retry#8 org.apache.hadoop.ozone.om.protocol.OzoneManagerProtocol.submitRequest from 127.0.0.1:60690
java.lang.IllegalMonitorStateException: Releasing lock on resource /5ebd6613-493f-4e44-97d1-a817449e0eaa/2f8345dd-fe6a-4d3b-9a6d-8335e16db5be without acquiring lock
	at org.apache.hadoop.ozone.lock.LockManager.getLockForReleasing(LockManager.java:220)
	at org.apache.hadoop.ozone.lock.LockManager.release(LockManager.java:168)
	at org.apache.hadoop.ozone.lock.LockManager.writeUnlock(LockManager.java:148)
	at org.apache.hadoop.ozone.om.lock.OzoneManagerLock.unlock(OzoneManagerLock.java:364)
	at org.apache.hadoop.ozone.om.lock.OzoneManagerLock.releaseWriteLock(OzoneManagerLock.java:329)
	at org.apache.hadoop.ozone.om.request.key.OMKeyCommitRequest.validateAndUpdateCache(OMKeyCommitRequest.java:177)
	at org.apache.hadoop.ozone.protocolPB.OzoneManagerProtocolServerSideTranslatorPB.submitRequestDirectlyToOM(OzoneManagerProtocolServerSideTranslatorPB.java:219)
	at org.apache.hadoop.ozone.protocolPB.OzoneManagerProtocolServerSideTranslatorPB.processRequest(OzoneManagerProtocolServerSideTranslatorPB.java:134)
	at org.apache.hadoop.hdds.server.OzoneProtocolMessageDispatcher.processRequest(OzoneProtocolMessageDispatcher.java:72)
	at org.apache.hadoop.ozone.protocolPB.OzoneManagerProtocolServerSideTranslatorPB.submitRequest(OzoneManagerProtocolServerSideTranslatorPB.java:100)
	at org.apache.hadoop.ozone.protocol.proto.OzoneManagerProtocolProtos$OzoneManagerService$2.callBlockingMethod(OzoneManagerProtocolProtos.java)
	at org.apache.hadoop.ipc.ProtobufRpcEngine$Server$ProtoBufRpcInvoker.call(ProtobufRpcEngine.java:524)
	at org.apache.hadoop.ipc.RPC$Server.call(RPC.java:1025)
	at org.apache.hadoop.ipc.Server$RpcCall.run(Server.java:876)
	at org.apache.hadoop.ipc.Server$RpcCall.run(Server.java:822)
	at java.security.AccessController.doPrivileged(Native Method)
	at javax.security.auth.Subject.doAs(Subject.java:422)
	at org.apache.hadoop.security.UserGroupInformation.doAs(UserGroupInformation.java:1730)
	at org.apache.hadoop.ipc.Server$Handler.run(Server.java:2682)
2019-10-16 06:06:18,426 [main] INFO  retry.RetryInvocationHandler (RetryInvocationHandler.java:log(411)) - com.google.protobuf.ServiceException: org.apache.hadoop.ipc.RemoteException(java.lang.IllegalMonitorStateException): Releasing lock on resource /5ebd6613-493f-4e44-97d1-a817449e0eaa/2f8345dd-fe6a-4d3b-9a6d-8335e16db5be without acquiring lock
	at org.apache.hadoop.ozone.lock.LockManager.getLockForReleasing(LockManager.java:220)
	at org.apache.hadoop.ozone.lock.LockManager.release(LockManager.java:168)
	at org.apache.hadoop.ozone.lock.LockManager.writeUnlock(LockManager.java:148)
	at org.apache.hadoop.ozone.om.lock.OzoneManagerLock.unlock(OzoneManagerLock.java:364)
	at org.apache.hadoop.ozone.om.lock.OzoneManagerLock.releaseWriteLock(OzoneManagerLock.java:329)
	at org.apache.hadoop.ozone.om.request.key.OMKeyCommitRequest.validateAndUpdateCache(OMKeyCommitRequest.java:177)
	at org.apache.hadoop.ozone.protocolPB.OzoneManagerProtocolServerSideTranslatorPB.submitRequestDirectlyToOM(OzoneManagerProtocolServerSideTranslatorPB.java:219)
	at org.apache.hadoop.ozone.protocolPB.OzoneManagerProtocolServerSideTranslatorPB.processRequest(OzoneManagerProtocolServerSideTranslatorPB.java:134)
	at org.apache.hadoop.hdds.server.OzoneProtocolMessageDispatcher.processRequest(OzoneProtocolMessageDispatcher.java:72)
	at org.apache.hadoop.ozone.protocolPB.OzoneManagerProtocolServerSideTranslatorPB.submitRequest(OzoneManagerProtocolServerSideTranslatorPB.java:100)
	at org.apache.hadoop.ozone.protocol.proto.OzoneManagerProtocolProtos$OzoneManagerService$2.callBlockingMethod(OzoneManagerProtocolProtos.java)
	at org.apache.hadoop.ipc.ProtobufRpcEngine$Server$ProtoBufRpcInvoker.call(ProtobufRpcEngine.java:524)
	at org.apache.hadoop.ipc.RPC$Server.call(RPC.java:1025)
	at org.apache.hadoop.ipc.Server$RpcCall.run(Server.java:876)
	at org.apache.hadoop.ipc.Server$RpcCall.run(Server.java:822)
	at java.security.AccessController.doPrivileged(Native Method)
	at javax.security.auth.Subject.doAs(Subject.java:422)
	at org.apache.hadoop.security.UserGroupInformation.doAs(UserGroupInformation.java:1730)
	at org.apache.hadoop.ipc.Server$Handler.run(Server.java:2682)
, while invoking $Proxy37.submitRequest over nodeId=null,nodeAddress=localhost:42894 after 8 failover attempts. Trying to failover immediately.
2019-10-16 06:06:18,427 [IPC Server handler 3 on 42894] ERROR lock.LockManager (LockManager.java:getLockForReleasing(218)) - Trying to release the lock on /5ebd6613-493f-4e44-97d1-a817449e0eaa/2f8345dd-fe6a-4d3b-9a6d-8335e16db5be, which was never acquired.
2019-10-16 06:06:18,427 [IPC Server handler 3 on 42894] WARN  ipc.Server (Server.java:logException(2724)) - IPC Server handler 3 on 42894, call Call#3233 Retry#9 org.apache.hadoop.ozone.om.protocol.OzoneManagerProtocol.submitRequest from 127.0.0.1:60690
java.lang.IllegalMonitorStateException: Releasing lock on resource /5ebd6613-493f-4e44-97d1-a817449e0eaa/2f8345dd-fe6a-4d3b-9a6d-8335e16db5be without acquiring lock
	at org.apache.hadoop.ozone.lock.LockManager.getLockForReleasing(LockManager.java:220)
	at org.apache.hadoop.ozone.lock.LockManager.release(LockManager.java:168)
	at org.apache.hadoop.ozone.lock.LockManager.writeUnlock(LockManager.java:148)
	at org.apache.hadoop.ozone.om.lock.OzoneManagerLock.unlock(OzoneManagerLock.java:364)
	at org.apache.hadoop.ozone.om.lock.OzoneManagerLock.releaseWriteLock(OzoneManagerLock.java:329)
	at org.apache.hadoop.ozone.om.request.key.OMKeyCommitRequest.validateAndUpdateCache(OMKeyCommitRequest.java:177)
	at org.apache.hadoop.ozone.protocolPB.OzoneManagerProtocolServerSideTranslatorPB.submitRequestDirectlyToOM(OzoneManagerProtocolServerSideTranslatorPB.java:219)
	at org.apache.hadoop.ozone.protocolPB.OzoneManagerProtocolServerSideTranslatorPB.processRequest(OzoneManagerProtocolServerSideTranslatorPB.java:134)
	at org.apache.hadoop.hdds.server.OzoneProtocolMessageDispatcher.processRequest(OzoneProtocolMessageDispatcher.java:72)
	at org.apache.hadoop.ozone.protocolPB.OzoneManagerProtocolServerSideTranslatorPB.submitRequest(OzoneManagerProtocolServerSideTranslatorPB.java:100)
	at org.apache.hadoop.ozone.protocol.proto.OzoneManagerProtocolProtos$OzoneManagerService$2.callBlockingMethod(OzoneManagerProtocolProtos.java)
	at org.apache.hadoop.ipc.ProtobufRpcEngine$Server$ProtoBufRpcInvoker.call(ProtobufRpcEngine.java:524)
	at org.apache.hadoop.ipc.RPC$Server.call(RPC.java:1025)
	at org.apache.hadoop.ipc.Server$RpcCall.run(Server.java:876)
	at org.apache.hadoop.ipc.Server$RpcCall.run(Server.java:822)
	at java.security.AccessController.doPrivileged(Native Method)
	at javax.security.auth.Subject.doAs(Subject.java:422)
	at org.apache.hadoop.security.UserGroupInformation.doAs(UserGroupInformation.java:1730)
	at org.apache.hadoop.ipc.Server$Handler.run(Server.java:2682)
2019-10-16 06:06:18,429 [main] INFO  retry.RetryInvocationHandler (RetryInvocationHandler.java:log(411)) - com.google.protobuf.ServiceException: org.apache.hadoop.ipc.RemoteException(java.lang.IllegalMonitorStateException): Releasing lock on resource /5ebd6613-493f-4e44-97d1-a817449e0eaa/2f8345dd-fe6a-4d3b-9a6d-8335e16db5be without acquiring lock
	at org.apache.hadoop.ozone.lock.LockManager.getLockForReleasing(LockManager.java:220)
	at org.apache.hadoop.ozone.lock.LockManager.release(LockManager.java:168)
	at org.apache.hadoop.ozone.lock.LockManager.writeUnlock(LockManager.java:148)
	at org.apache.hadoop.ozone.om.lock.OzoneManagerLock.unlock(OzoneManagerLock.java:364)
	at org.apache.hadoop.ozone.om.lock.OzoneManagerLock.releaseWriteLock(OzoneManagerLock.java:329)
	at org.apache.hadoop.ozone.om.request.key.OMKeyCommitRequest.validateAndUpdateCache(OMKeyCommitRequest.java:177)
	at org.apache.hadoop.ozone.protocolPB.OzoneManagerProtocolServerSideTranslatorPB.submitRequestDirectlyToOM(OzoneManagerProtocolServerSideTranslatorPB.java:219)
	at org.apache.hadoop.ozone.protocolPB.OzoneManagerProtocolServerSideTranslatorPB.processRequest(OzoneManagerProtocolServerSideTranslatorPB.java:134)
	at org.apache.hadoop.hdds.server.OzoneProtocolMessageDispatcher.processRequest(OzoneProtocolMessageDispatcher.java:72)
	at org.apache.hadoop.ozone.protocolPB.OzoneManagerProtocolServerSideTranslatorPB.submitRequest(OzoneManagerProtocolServerSideTranslatorPB.java:100)
	at org.apache.hadoop.ozone.protocol.proto.OzoneManagerProtocolProtos$OzoneManagerService$2.callBlockingMethod(OzoneManagerProtocolProtos.java)
	at org.apache.hadoop.ipc.ProtobufRpcEngine$Server$ProtoBufRpcInvoker.call(ProtobufRpcEngine.java:524)
	at org.apache.hadoop.ipc.RPC$Server.call(RPC.java:1025)
	at org.apache.hadoop.ipc.Server$RpcCall.run(Server.java:876)
	at org.apache.hadoop.ipc.Server$RpcCall.run(Server.java:822)
	at java.security.AccessController.doPrivileged(Native Method)
	at javax.security.auth.Subject.doAs(Subject.java:422)
	at org.apache.hadoop.security.UserGroupInformation.doAs(UserGroupInformation.java:1730)
	at org.apache.hadoop.ipc.Server$Handler.run(Server.java:2682)
, while invoking $Proxy37.submitRequest over nodeId=null,nodeAddress=localhost:42894 after 9 failover attempts. Trying to failover immediately.
2019-10-16 06:06:18,430 [IPC Server handler 7 on 42894] ERROR lock.LockManager (LockManager.java:getLockForReleasing(218)) - Trying to release the lock on /5ebd6613-493f-4e44-97d1-a817449e0eaa/2f8345dd-fe6a-4d3b-9a6d-8335e16db5be, which was never acquired.
2019-10-16 06:06:18,430 [IPC Server handler 7 on 42894] WARN  ipc.Server (Server.java:logException(2724)) - IPC Server handler 7 on 42894, call Call#3233 Retry#10 org.apache.hadoop.ozone.om.protocol.OzoneManagerProtocol.submitRequest from 127.0.0.1:60690
java.lang.IllegalMonitorStateException: Releasing lock on resource /5ebd6613-493f-4e44-97d1-a817449e0eaa/2f8345dd-fe6a-4d3b-9a6d-8335e16db5be without acquiring lock
	at org.apache.hadoop.ozone.lock.LockManager.getLockForReleasing(LockManager.java:220)
	at org.apache.hadoop.ozone.lock.LockManager.release(LockManager.java:168)
	at org.apache.hadoop.ozone.lock.LockManager.writeUnlock(LockManager.java:148)
	at org.apache.hadoop.ozone.om.lock.OzoneManagerLock.unlock(OzoneManagerLock.java:364)
	at org.apache.hadoop.ozone.om.lock.OzoneManagerLock.releaseWriteLock(OzoneManagerLock.java:329)
	at org.apache.hadoop.ozone.om.request.key.OMKeyCommitRequest.validateAndUpdateCache(OMKeyCommitRequest.java:177)
	at org.apache.hadoop.ozone.protocolPB.OzoneManagerProtocolServerSideTranslatorPB.submitRequestDirectlyToOM(OzoneManagerProtocolServerSideTranslatorPB.java:219)
	at org.apache.hadoop.ozone.protocolPB.OzoneManagerProtocolServerSideTranslatorPB.processRequest(OzoneManagerProtocolServerSideTranslatorPB.java:134)
	at org.apache.hadoop.hdds.server.OzoneProtocolMessageDispatcher.processRequest(OzoneProtocolMessageDispatcher.java:72)
	at org.apache.hadoop.ozone.protocolPB.OzoneManagerProtocolServerSideTranslatorPB.submitRequest(OzoneManagerProtocolServerSideTranslatorPB.java:100)
	at org.apache.hadoop.ozone.protocol.proto.OzoneManagerProtocolProtos$OzoneManagerService$2.callBlockingMethod(OzoneManagerProtocolProtos.java)
	at org.apache.hadoop.ipc.ProtobufRpcEngine$Server$ProtoBufRpcInvoker.call(ProtobufRpcEngine.java:524)
	at org.apache.hadoop.ipc.RPC$Server.call(RPC.java:1025)
	at org.apache.hadoop.ipc.Server$RpcCall.run(Server.java:876)
	at org.apache.hadoop.ipc.Server$RpcCall.run(Server.java:822)
	at java.security.AccessController.doPrivileged(Native Method)
	at javax.security.auth.Subject.doAs(Subject.java:422)
	at org.apache.hadoop.security.UserGroupInformation.doAs(UserGroupInformation.java:1730)
	at org.apache.hadoop.ipc.Server$Handler.run(Server.java:2682)
2019-10-16 06:06:18,432 [main] ERROR ha.OMFailoverProxyProvider (OzoneManagerProtocolClientSideTranslatorPB.java:getRetryAction(268)) - Failed to connect to OM. Attempted 10 retries and 10 failovers
]]></system-out>
  </testcase>
  <testcase name="testAddBucketAcl" classname="org.apache.hadoop.ozone.client.rpc.TestSecureOzoneRpcClient" time="0.024"/>
  <testcase name="testReadKeyWithVerifyChecksumFlagDisable" classname="org.apache.hadoop.ozone.client.rpc.TestSecureOzoneRpcClient" time="0.558">
    <error message="Releasing lock on resource /cf7d7221-8f18-49c3-826b-1f80e8bcccdc/b00b7c45-263e-4c40-ab02-3064aafe13cd without acquiring lock&#10;	at org.apache.hadoop.ozone.lock.LockManager.getLockForReleasing(LockManager.java:220)&#10;	at org.apache.hadoop.ozone.lock.LockManager.release(LockManager.java:168)&#10;	at org.apache.hadoop.ozone.lock.LockManager.writeUnlock(LockManager.java:148)&#10;	at org.apache.hadoop.ozone.om.lock.OzoneManagerLock.unlock(OzoneManagerLock.java:364)&#10;	at org.apache.hadoop.ozone.om.lock.OzoneManagerLock.releaseWriteLock(OzoneManagerLock.java:329)&#10;	at org.apache.hadoop.ozone.om.request.key.OMKeyCommitRequest.validateAndUpdateCache(OMKeyCommitRequest.java:177)&#10;	at org.apache.hadoop.ozone.protocolPB.OzoneManagerProtocolServerSideTranslatorPB.submitRequestDirectlyToOM(OzoneManagerProtocolServerSideTranslatorPB.java:219)&#10;	at org.apache.hadoop.ozone.protocolPB.OzoneManagerProtocolServerSideTranslatorPB.processRequest(OzoneManagerProtocolServerSideTranslatorPB.java:134)&#10;	at org.apache.hadoop.hdds.server.OzoneProtocolMessageDispatcher.processRequest(OzoneProtocolMessageDispatcher.java:72)&#10;	at org.apache.hadoop.ozone.protocolPB.OzoneManagerProtocolServerSideTranslatorPB.submitRequest(OzoneManagerProtocolServerSideTranslatorPB.java:100)&#10;	at org.apache.hadoop.ozone.protocol.proto.OzoneManagerProtocolProtos$OzoneManagerService$2.callBlockingMethod(OzoneManagerProtocolProtos.java)&#10;	at org.apache.hadoop.ipc.ProtobufRpcEngine$Server$ProtoBufRpcInvoker.call(ProtobufRpcEngine.java:524)&#10;	at org.apache.hadoop.ipc.RPC$Server.call(RPC.java:1025)&#10;	at org.apache.hadoop.ipc.Server$RpcCall.run(Server.java:876)&#10;	at org.apache.hadoop.ipc.Server$RpcCall.run(Server.java:822)&#10;	at java.security.AccessController.doPrivileged(Native Method)&#10;	at javax.security.auth.Subject.doAs(Subject.java:422)&#10;	at org.apache.hadoop.security.UserGroupInformation.doAs(UserGroupInformation.java:1730)&#10;	at org.apache.hadoop.ipc.Server$Handler.run(Server.java:2682)&#10;" type="org.apache.hadoop.ipc.RemoteException(java.lang.IllegalMonitorStateException)">org.apache.hadoop.ipc.RemoteException(java.lang.IllegalMonitorStateException): Releasing lock on resource /cf7d7221-8f18-49c3-826b-1f80e8bcccdc/b00b7c45-263e-4c40-ab02-3064aafe13cd without acquiring lock
	at org.apache.hadoop.ozone.lock.LockManager.getLockForReleasing(LockManager.java:220)
	at org.apache.hadoop.ozone.lock.LockManager.release(LockManager.java:168)
	at org.apache.hadoop.ozone.lock.LockManager.writeUnlock(LockManager.java:148)
	at org.apache.hadoop.ozone.om.lock.OzoneManagerLock.unlock(OzoneManagerLock.java:364)
	at org.apache.hadoop.ozone.om.lock.OzoneManagerLock.releaseWriteLock(OzoneManagerLock.java:329)
	at org.apache.hadoop.ozone.om.request.key.OMKeyCommitRequest.validateAndUpdateCache(OMKeyCommitRequest.java:177)
	at org.apache.hadoop.ozone.protocolPB.OzoneManagerProtocolServerSideTranslatorPB.submitRequestDirectlyToOM(OzoneManagerProtocolServerSideTranslatorPB.java:219)
	at org.apache.hadoop.ozone.protocolPB.OzoneManagerProtocolServerSideTranslatorPB.processRequest(OzoneManagerProtocolServerSideTranslatorPB.java:134)
	at org.apache.hadoop.hdds.server.OzoneProtocolMessageDispatcher.processRequest(OzoneProtocolMessageDispatcher.java:72)
	at org.apache.hadoop.ozone.protocolPB.OzoneManagerProtocolServerSideTranslatorPB.submitRequest(OzoneManagerProtocolServerSideTranslatorPB.java:100)
	at org.apache.hadoop.ozone.protocol.proto.OzoneManagerProtocolProtos$OzoneManagerService$2.callBlockingMethod(OzoneManagerProtocolProtos.java)
	at org.apache.hadoop.ipc.ProtobufRpcEngine$Server$ProtoBufRpcInvoker.call(ProtobufRpcEngine.java:524)
	at org.apache.hadoop.ipc.RPC$Server.call(RPC.java:1025)
	at org.apache.hadoop.ipc.Server$RpcCall.run(Server.java:876)
	at org.apache.hadoop.ipc.Server$RpcCall.run(Server.java:822)
	at java.security.AccessController.doPrivileged(Native Method)
	at javax.security.auth.Subject.doAs(Subject.java:422)
	at org.apache.hadoop.security.UserGroupInformation.doAs(UserGroupInformation.java:1730)
	at org.apache.hadoop.ipc.Server$Handler.run(Server.java:2682)

	at org.apache.hadoop.ipc.Client.getRpcResponse(Client.java:1511)
	at org.apache.hadoop.ipc.Client.call(Client.java:1457)
	at org.apache.hadoop.ipc.Client.call(Client.java:1367)
	at org.apache.hadoop.ipc.ProtobufRpcEngine$Invoker.invoke(ProtobufRpcEngine.java:228)
	at org.apache.hadoop.ipc.ProtobufRpcEngine$Invoker.invoke(ProtobufRpcEngine.java:116)
	at com.sun.proxy.$Proxy37.submitRequest(Unknown Source)
	at sun.reflect.GeneratedMethodAccessor72.invoke(Unknown Source)
	at sun.reflect.DelegatingMethodAccessorImpl.invoke(DelegatingMethodAccessorImpl.java:43)
	at java.lang.reflect.Method.invoke(Method.java:498)
	at org.apache.hadoop.io.retry.RetryInvocationHandler.invokeMethod(RetryInvocationHandler.java:422)
	at org.apache.hadoop.io.retry.RetryInvocationHandler$Call.invokeMethod(RetryInvocationHandler.java:165)
	at org.apache.hadoop.io.retry.RetryInvocationHandler$Call.invoke(RetryInvocationHandler.java:157)
	at org.apache.hadoop.io.retry.RetryInvocationHandler$Call.invokeOnce(RetryInvocationHandler.java:95)
	at org.apache.hadoop.io.retry.RetryInvocationHandler.invoke(RetryInvocationHandler.java:359)
	at com.sun.proxy.$Proxy37.submitRequest(Unknown Source)
	at org.apache.hadoop.ozone.om.protocolPB.OzoneManagerProtocolClientSideTranslatorPB.submitRequest(OzoneManagerProtocolClientSideTranslatorPB.java:338)
	at org.apache.hadoop.ozone.om.protocolPB.OzoneManagerProtocolClientSideTranslatorPB.commitKey(OzoneManagerProtocolClientSideTranslatorPB.java:789)
	at sun.reflect.NativeMethodAccessorImpl.invoke0(Native Method)
	at sun.reflect.NativeMethodAccessorImpl.invoke(NativeMethodAccessorImpl.java:62)
	at sun.reflect.DelegatingMethodAccessorImpl.invoke(DelegatingMethodAccessorImpl.java:43)
	at java.lang.reflect.Method.invoke(Method.java:498)
	at org.apache.hadoop.hdds.tracing.TraceAllMethod.invoke(TraceAllMethod.java:66)
	at com.sun.proxy.$Proxy38.commitKey(Unknown Source)
	at org.apache.hadoop.ozone.client.io.BlockOutputStreamEntryPool.commitKey(BlockOutputStreamEntryPool.java:277)
	at org.apache.hadoop.ozone.client.io.KeyOutputStream.close(KeyOutputStream.java:474)
	at org.apache.hadoop.ozone.client.io.OzoneOutputStream.close(OzoneOutputStream.java:60)
	at org.apache.hadoop.ozone.client.rpc.TestOzoneRpcClientAbstract.createAndCorruptKey(TestOzoneRpcClientAbstract.java:924)
	at org.apache.hadoop.ozone.client.rpc.TestOzoneRpcClientAbstract.testReadKeyWithVerifyChecksumFlagDisable(TestOzoneRpcClientAbstract.java:904)
	at sun.reflect.NativeMethodAccessorImpl.invoke0(Native Method)
	at sun.reflect.NativeMethodAccessorImpl.invoke(NativeMethodAccessorImpl.java:62)
	at sun.reflect.DelegatingMethodAccessorImpl.invoke(DelegatingMethodAccessorImpl.java:43)
	at java.lang.reflect.Method.invoke(Method.java:498)
	at org.junit.runners.model.FrameworkMethod$1.runReflectiveCall(FrameworkMethod.java:47)
	at org.junit.internal.runners.model.ReflectiveCallable.run(ReflectiveCallable.java:12)
	at org.junit.runners.model.FrameworkMethod.invokeExplosively(FrameworkMethod.java:44)
	at org.junit.internal.runners.statements.InvokeMethod.evaluate(InvokeMethod.java:17)
	at org.junit.runners.ParentRunner.runLeaf(ParentRunner.java:271)
	at org.junit.runners.BlockJUnit4ClassRunner.runChild(BlockJUnit4ClassRunner.java:70)
	at org.junit.runners.BlockJUnit4ClassRunner.runChild(BlockJUnit4ClassRunner.java:50)
	at org.junit.runners.ParentRunner$3.run(ParentRunner.java:238)
	at org.junit.runners.ParentRunner$1.schedule(ParentRunner.java:63)
	at org.junit.runners.ParentRunner.runChildren(ParentRunner.java:236)
	at org.junit.runners.ParentRunner.access$000(ParentRunner.java:53)
	at org.junit.runners.ParentRunner$2.evaluate(ParentRunner.java:229)
	at org.junit.internal.runners.statements.RunBefores.evaluate(RunBefores.java:26)
	at org.junit.internal.runners.statements.RunAfters.evaluate(RunAfters.java:27)
	at org.junit.runners.ParentRunner.run(ParentRunner.java:309)
	at org.apache.maven.surefire.junit4.JUnit4Provider.execute(JUnit4Provider.java:365)
	at org.apache.maven.surefire.junit4.JUnit4Provider.executeWithRerun(JUnit4Provider.java:273)
	at org.apache.maven.surefire.junit4.JUnit4Provider.executeTestSet(JUnit4Provider.java:238)
	at org.apache.maven.surefire.junit4.JUnit4Provider.invoke(JUnit4Provider.java:159)
	at org.apache.maven.surefire.booter.ForkedBooter.invokeProviderInSameClassLoader(ForkedBooter.java:384)
	at org.apache.maven.surefire.booter.ForkedBooter.runSuitesInProcess(ForkedBooter.java:345)
	at org.apache.maven.surefire.booter.ForkedBooter.execute(ForkedBooter.java:126)
	at org.apache.maven.surefire.booter.ForkedBooter.main(ForkedBooter.java:418)
</error>
    <system-out><![CDATA[2019-10-16 06:06:18,458 [main] INFO  rpc.RpcClient (RpcClient.java:createVolume(272)) - Creating Volume: cf7d7221-8f18-49c3-826b-1f80e8bcccdc, with jenkins1000 as owner.
2019-10-16 06:06:18,460 [IPC Server handler 14 on 42894] INFO  volume.OMVolumeCreateRequest (OMVolumeCreateRequest.java:validateAndUpdateCache(193)) - created volume:cf7d7221-8f18-49c3-826b-1f80e8bcccdc for user:jenkins1000
2019-10-16 06:06:18,462 [main] INFO  rpc.RpcClient (RpcClient.java:createBucket(411)) - Creating Bucket: cf7d7221-8f18-49c3-826b-1f80e8bcccdc/b00b7c45-263e-4c40-ab02-3064aafe13cd, with Versioning false and Storage Type set to DISK and Encryption set to false 
2019-10-16 06:06:18,492 [grpc-default-executor-4] INFO  impl.RaftServerProxy (RaftServerProxy.java:remove(95)) - d1fdf168-58cb-444a-97ca-5abcdb1babef: remove group-AD81958D50C3:null
2019-10-16 06:06:18,493 [RatisPipelineUtilsThread] WARN  pipeline.RatisPipelineUtils (RatisPipelineUtils.java:destroyPipeline(69)) - Pipeline destroy failed for pipeline=PipelineID=8446814e-cca9-4a55-b2d8-ad81958d50c3 dn=d1fdf168-58cb-444a-97ca-5abcdb1babef{ip: 192.168.69.104, host: pr-hdds-2312-q6qzp-1535798719, networkLocation: /default-rack, certSerialId: null}
2019-10-16 06:06:18,495 [grpc-default-executor-4] INFO  impl.RaftServerProxy (RaftServerProxy.java:remove(95)) - 4a4798ab-8917-4d71-b7ea-449ce36720dc: remove group-AD81958D50C3:null
2019-10-16 06:06:18,496 [RatisPipelineUtilsThread] WARN  pipeline.RatisPipelineUtils (RatisPipelineUtils.java:destroyPipeline(69)) - Pipeline destroy failed for pipeline=PipelineID=8446814e-cca9-4a55-b2d8-ad81958d50c3 dn=4a4798ab-8917-4d71-b7ea-449ce36720dc{ip: 192.168.69.104, host: pr-hdds-2312-q6qzp-1535798719, networkLocation: /default-rack, certSerialId: null}
2019-10-16 06:06:18,498 [grpc-default-executor-4] INFO  impl.RaftServerProxy (RaftServerProxy.java:remove(95)) - 46286b1e-0911-4b60-930a-7d069b9f5ead: remove group-AD81958D50C3:null
2019-10-16 06:06:18,499 [RatisPipelineUtilsThread] WARN  pipeline.RatisPipelineUtils (RatisPipelineUtils.java:destroyPipeline(69)) - Pipeline destroy failed for pipeline=PipelineID=8446814e-cca9-4a55-b2d8-ad81958d50c3 dn=46286b1e-0911-4b60-930a-7d069b9f5ead{ip: 192.168.69.104, host: pr-hdds-2312-q6qzp-1535798719, networkLocation: /default-rack, certSerialId: null}
2019-10-16 06:06:18,499 [RatisPipelineUtilsThread] ERROR pipeline.SCMPipelineManager (Scheduler.java:lambda$schedule$1(70)) - Destroy pipeline failed for pipeline:Pipeline[ Id: 8446814e-cca9-4a55-b2d8-ad81958d50c3, Nodes: d1fdf168-58cb-444a-97ca-5abcdb1babef{ip: 192.168.69.104, host: pr-hdds-2312-q6qzp-1535798719, networkLocation: /default-rack, certSerialId: null}4a4798ab-8917-4d71-b7ea-449ce36720dc{ip: 192.168.69.104, host: pr-hdds-2312-q6qzp-1535798719, networkLocation: /default-rack, certSerialId: null}46286b1e-0911-4b60-930a-7d069b9f5ead{ip: 192.168.69.104, host: pr-hdds-2312-q6qzp-1535798719, networkLocation: /default-rack, certSerialId: null}, Type:RATIS, Factor:THREE, State:CLOSED]
org.apache.hadoop.hdds.scm.pipeline.PipelineNotFoundException: PipelineID=8446814e-cca9-4a55-b2d8-ad81958d50c3 not found
	at org.apache.hadoop.hdds.scm.pipeline.PipelineStateMap.getPipeline(PipelineStateMap.java:132)
	at org.apache.hadoop.hdds.scm.pipeline.PipelineStateMap.removePipeline(PipelineStateMap.java:322)
	at org.apache.hadoop.hdds.scm.pipeline.PipelineStateManager.removePipeline(PipelineStateManager.java:107)
	at org.apache.hadoop.hdds.scm.pipeline.SCMPipelineManager.removePipeline(SCMPipelineManager.java:427)
	at org.apache.hadoop.hdds.scm.pipeline.SCMPipelineManager.destroyPipeline(SCMPipelineManager.java:413)
	at org.apache.hadoop.hdds.scm.pipeline.SCMPipelineManager.lambda$finalizeAndDestroyPipeline$0(SCMPipelineManager.java:322)
	at org.apache.hadoop.hdds.utils.Scheduler.lambda$schedule$1(Scheduler.java:68)
	at java.util.concurrent.Executors$RunnableAdapter.call(Executors.java:511)
	at java.util.concurrent.FutureTask.run(FutureTask.java:266)
	at java.util.concurrent.ScheduledThreadPoolExecutor$ScheduledFutureTask.access$201(ScheduledThreadPoolExecutor.java:180)
	at java.util.concurrent.ScheduledThreadPoolExecutor$ScheduledFutureTask.run(ScheduledThreadPoolExecutor.java:293)
	at java.util.concurrent.ThreadPoolExecutor.runWorker(ThreadPoolExecutor.java:1149)
	at java.util.concurrent.ThreadPoolExecutor$Worker.run(ThreadPoolExecutor.java:624)
	at java.lang.Thread.run(Thread.java:748)
2019-10-16 06:06:18,712 [IPC Server handler 1 on 42894] ERROR lock.LockManager (LockManager.java:getLockForReleasing(218)) - Trying to release the lock on /cf7d7221-8f18-49c3-826b-1f80e8bcccdc/b00b7c45-263e-4c40-ab02-3064aafe13cd, which was never acquired.
2019-10-16 06:06:18,712 [IPC Server handler 1 on 42894] WARN  ipc.Server (Server.java:logException(2724)) - IPC Server handler 1 on 42894, call Call#3252 Retry#0 org.apache.hadoop.ozone.om.protocol.OzoneManagerProtocol.submitRequest from 127.0.0.1:60690
java.lang.IllegalMonitorStateException: Releasing lock on resource /cf7d7221-8f18-49c3-826b-1f80e8bcccdc/b00b7c45-263e-4c40-ab02-3064aafe13cd without acquiring lock
	at org.apache.hadoop.ozone.lock.LockManager.getLockForReleasing(LockManager.java:220)
	at org.apache.hadoop.ozone.lock.LockManager.release(LockManager.java:168)
	at org.apache.hadoop.ozone.lock.LockManager.writeUnlock(LockManager.java:148)
	at org.apache.hadoop.ozone.om.lock.OzoneManagerLock.unlock(OzoneManagerLock.java:364)
	at org.apache.hadoop.ozone.om.lock.OzoneManagerLock.releaseWriteLock(OzoneManagerLock.java:329)
	at org.apache.hadoop.ozone.om.request.key.OMKeyCommitRequest.validateAndUpdateCache(OMKeyCommitRequest.java:177)
	at org.apache.hadoop.ozone.protocolPB.OzoneManagerProtocolServerSideTranslatorPB.submitRequestDirectlyToOM(OzoneManagerProtocolServerSideTranslatorPB.java:219)
	at org.apache.hadoop.ozone.protocolPB.OzoneManagerProtocolServerSideTranslatorPB.processRequest(OzoneManagerProtocolServerSideTranslatorPB.java:134)
	at org.apache.hadoop.hdds.server.OzoneProtocolMessageDispatcher.processRequest(OzoneProtocolMessageDispatcher.java:72)
	at org.apache.hadoop.ozone.protocolPB.OzoneManagerProtocolServerSideTranslatorPB.submitRequest(OzoneManagerProtocolServerSideTranslatorPB.java:100)
	at org.apache.hadoop.ozone.protocol.proto.OzoneManagerProtocolProtos$OzoneManagerService$2.callBlockingMethod(OzoneManagerProtocolProtos.java)
	at org.apache.hadoop.ipc.ProtobufRpcEngine$Server$ProtoBufRpcInvoker.call(ProtobufRpcEngine.java:524)
	at org.apache.hadoop.ipc.RPC$Server.call(RPC.java:1025)
	at org.apache.hadoop.ipc.Server$RpcCall.run(Server.java:876)
	at org.apache.hadoop.ipc.Server$RpcCall.run(Server.java:822)
	at java.security.AccessController.doPrivileged(Native Method)
	at javax.security.auth.Subject.doAs(Subject.java:422)
	at org.apache.hadoop.security.UserGroupInformation.doAs(UserGroupInformation.java:1730)
	at org.apache.hadoop.ipc.Server$Handler.run(Server.java:2682)
2019-10-16 06:06:18,744 [main] INFO  retry.RetryInvocationHandler (RetryInvocationHandler.java:log(411)) - com.google.protobuf.ServiceException: org.apache.hadoop.ipc.RemoteException(java.lang.IllegalMonitorStateException): Releasing lock on resource /cf7d7221-8f18-49c3-826b-1f80e8bcccdc/b00b7c45-263e-4c40-ab02-3064aafe13cd without acquiring lock
	at org.apache.hadoop.ozone.lock.LockManager.getLockForReleasing(LockManager.java:220)
	at org.apache.hadoop.ozone.lock.LockManager.release(LockManager.java:168)
	at org.apache.hadoop.ozone.lock.LockManager.writeUnlock(LockManager.java:148)
	at org.apache.hadoop.ozone.om.lock.OzoneManagerLock.unlock(OzoneManagerLock.java:364)
	at org.apache.hadoop.ozone.om.lock.OzoneManagerLock.releaseWriteLock(OzoneManagerLock.java:329)
	at org.apache.hadoop.ozone.om.request.key.OMKeyCommitRequest.validateAndUpdateCache(OMKeyCommitRequest.java:177)
	at org.apache.hadoop.ozone.protocolPB.OzoneManagerProtocolServerSideTranslatorPB.submitRequestDirectlyToOM(OzoneManagerProtocolServerSideTranslatorPB.java:219)
	at org.apache.hadoop.ozone.protocolPB.OzoneManagerProtocolServerSideTranslatorPB.processRequest(OzoneManagerProtocolServerSideTranslatorPB.java:134)
	at org.apache.hadoop.hdds.server.OzoneProtocolMessageDispatcher.processRequest(OzoneProtocolMessageDispatcher.java:72)
	at org.apache.hadoop.ozone.protocolPB.OzoneManagerProtocolServerSideTranslatorPB.submitRequest(OzoneManagerProtocolServerSideTranslatorPB.java:100)
	at org.apache.hadoop.ozone.protocol.proto.OzoneManagerProtocolProtos$OzoneManagerService$2.callBlockingMethod(OzoneManagerProtocolProtos.java)
	at org.apache.hadoop.ipc.ProtobufRpcEngine$Server$ProtoBufRpcInvoker.call(ProtobufRpcEngine.java:524)
	at org.apache.hadoop.ipc.RPC$Server.call(RPC.java:1025)
	at org.apache.hadoop.ipc.Server$RpcCall.run(Server.java:876)
	at org.apache.hadoop.ipc.Server$RpcCall.run(Server.java:822)
	at java.security.AccessController.doPrivileged(Native Method)
	at javax.security.auth.Subject.doAs(Subject.java:422)
	at org.apache.hadoop.security.UserGroupInformation.doAs(UserGroupInformation.java:1730)
	at org.apache.hadoop.ipc.Server$Handler.run(Server.java:2682)
, while invoking $Proxy37.submitRequest over nodeId=null,nodeAddress=localhost:42894. Trying to failover immediately.
2019-10-16 06:06:18,746 [IPC Server handler 17 on 42894] ERROR lock.LockManager (LockManager.java:getLockForReleasing(218)) - Trying to release the lock on /cf7d7221-8f18-49c3-826b-1f80e8bcccdc/b00b7c45-263e-4c40-ab02-3064aafe13cd, which was never acquired.
2019-10-16 06:06:18,776 [IPC Server handler 17 on 42894] WARN  ipc.Server (Server.java:logException(2724)) - IPC Server handler 17 on 42894, call Call#3252 Retry#1 org.apache.hadoop.ozone.om.protocol.OzoneManagerProtocol.submitRequest from 127.0.0.1:60690
java.lang.IllegalMonitorStateException: Releasing lock on resource /cf7d7221-8f18-49c3-826b-1f80e8bcccdc/b00b7c45-263e-4c40-ab02-3064aafe13cd without acquiring lock
	at org.apache.hadoop.ozone.lock.LockManager.getLockForReleasing(LockManager.java:220)
	at org.apache.hadoop.ozone.lock.LockManager.release(LockManager.java:168)
	at org.apache.hadoop.ozone.lock.LockManager.writeUnlock(LockManager.java:148)
	at org.apache.hadoop.ozone.om.lock.OzoneManagerLock.unlock(OzoneManagerLock.java:364)
	at org.apache.hadoop.ozone.om.lock.OzoneManagerLock.releaseWriteLock(OzoneManagerLock.java:329)
	at org.apache.hadoop.ozone.om.request.key.OMKeyCommitRequest.validateAndUpdateCache(OMKeyCommitRequest.java:177)
	at org.apache.hadoop.ozone.protocolPB.OzoneManagerProtocolServerSideTranslatorPB.submitRequestDirectlyToOM(OzoneManagerProtocolServerSideTranslatorPB.java:219)
	at org.apache.hadoop.ozone.protocolPB.OzoneManagerProtocolServerSideTranslatorPB.processRequest(OzoneManagerProtocolServerSideTranslatorPB.java:134)
	at org.apache.hadoop.hdds.server.OzoneProtocolMessageDispatcher.processRequest(OzoneProtocolMessageDispatcher.java:72)
	at org.apache.hadoop.ozone.protocolPB.OzoneManagerProtocolServerSideTranslatorPB.submitRequest(OzoneManagerProtocolServerSideTranslatorPB.java:100)
	at org.apache.hadoop.ozone.protocol.proto.OzoneManagerProtocolProtos$OzoneManagerService$2.callBlockingMethod(OzoneManagerProtocolProtos.java)
	at org.apache.hadoop.ipc.ProtobufRpcEngine$Server$ProtoBufRpcInvoker.call(ProtobufRpcEngine.java:524)
	at org.apache.hadoop.ipc.RPC$Server.call(RPC.java:1025)
	at org.apache.hadoop.ipc.Server$RpcCall.run(Server.java:876)
	at org.apache.hadoop.ipc.Server$RpcCall.run(Server.java:822)
	at java.security.AccessController.doPrivileged(Native Method)
	at javax.security.auth.Subject.doAs(Subject.java:422)
	at org.apache.hadoop.security.UserGroupInformation.doAs(UserGroupInformation.java:1730)
	at org.apache.hadoop.ipc.Server$Handler.run(Server.java:2682)
2019-10-16 06:06:18,778 [main] INFO  retry.RetryInvocationHandler (RetryInvocationHandler.java:log(411)) - com.google.protobuf.ServiceException: org.apache.hadoop.ipc.RemoteException(java.lang.IllegalMonitorStateException): Releasing lock on resource /cf7d7221-8f18-49c3-826b-1f80e8bcccdc/b00b7c45-263e-4c40-ab02-3064aafe13cd without acquiring lock
	at org.apache.hadoop.ozone.lock.LockManager.getLockForReleasing(LockManager.java:220)
	at org.apache.hadoop.ozone.lock.LockManager.release(LockManager.java:168)
	at org.apache.hadoop.ozone.lock.LockManager.writeUnlock(LockManager.java:148)
	at org.apache.hadoop.ozone.om.lock.OzoneManagerLock.unlock(OzoneManagerLock.java:364)
	at org.apache.hadoop.ozone.om.lock.OzoneManagerLock.releaseWriteLock(OzoneManagerLock.java:329)
	at org.apache.hadoop.ozone.om.request.key.OMKeyCommitRequest.validateAndUpdateCache(OMKeyCommitRequest.java:177)
	at org.apache.hadoop.ozone.protocolPB.OzoneManagerProtocolServerSideTranslatorPB.submitRequestDirectlyToOM(OzoneManagerProtocolServerSideTranslatorPB.java:219)
	at org.apache.hadoop.ozone.protocolPB.OzoneManagerProtocolServerSideTranslatorPB.processRequest(OzoneManagerProtocolServerSideTranslatorPB.java:134)
	at org.apache.hadoop.hdds.server.OzoneProtocolMessageDispatcher.processRequest(OzoneProtocolMessageDispatcher.java:72)
	at org.apache.hadoop.ozone.protocolPB.OzoneManagerProtocolServerSideTranslatorPB.submitRequest(OzoneManagerProtocolServerSideTranslatorPB.java:100)
	at org.apache.hadoop.ozone.protocol.proto.OzoneManagerProtocolProtos$OzoneManagerService$2.callBlockingMethod(OzoneManagerProtocolProtos.java)
	at org.apache.hadoop.ipc.ProtobufRpcEngine$Server$ProtoBufRpcInvoker.call(ProtobufRpcEngine.java:524)
	at org.apache.hadoop.ipc.RPC$Server.call(RPC.java:1025)
	at org.apache.hadoop.ipc.Server$RpcCall.run(Server.java:876)
	at org.apache.hadoop.ipc.Server$RpcCall.run(Server.java:822)
	at java.security.AccessController.doPrivileged(Native Method)
	at javax.security.auth.Subject.doAs(Subject.java:422)
	at org.apache.hadoop.security.UserGroupInformation.doAs(UserGroupInformation.java:1730)
	at org.apache.hadoop.ipc.Server$Handler.run(Server.java:2682)
, while invoking $Proxy37.submitRequest over nodeId=null,nodeAddress=localhost:42894 after 1 failover attempts. Trying to failover immediately.
2019-10-16 06:06:18,781 [IPC Server handler 9 on 42894] ERROR lock.LockManager (LockManager.java:getLockForReleasing(218)) - Trying to release the lock on /cf7d7221-8f18-49c3-826b-1f80e8bcccdc/b00b7c45-263e-4c40-ab02-3064aafe13cd, which was never acquired.
2019-10-16 06:06:18,806 [IPC Server handler 9 on 42894] WARN  ipc.Server (Server.java:logException(2724)) - IPC Server handler 9 on 42894, call Call#3252 Retry#2 org.apache.hadoop.ozone.om.protocol.OzoneManagerProtocol.submitRequest from 127.0.0.1:60690
java.lang.IllegalMonitorStateException: Releasing lock on resource /cf7d7221-8f18-49c3-826b-1f80e8bcccdc/b00b7c45-263e-4c40-ab02-3064aafe13cd without acquiring lock
	at org.apache.hadoop.ozone.lock.LockManager.getLockForReleasing(LockManager.java:220)
	at org.apache.hadoop.ozone.lock.LockManager.release(LockManager.java:168)
	at org.apache.hadoop.ozone.lock.LockManager.writeUnlock(LockManager.java:148)
	at org.apache.hadoop.ozone.om.lock.OzoneManagerLock.unlock(OzoneManagerLock.java:364)
	at org.apache.hadoop.ozone.om.lock.OzoneManagerLock.releaseWriteLock(OzoneManagerLock.java:329)
	at org.apache.hadoop.ozone.om.request.key.OMKeyCommitRequest.validateAndUpdateCache(OMKeyCommitRequest.java:177)
	at org.apache.hadoop.ozone.protocolPB.OzoneManagerProtocolServerSideTranslatorPB.submitRequestDirectlyToOM(OzoneManagerProtocolServerSideTranslatorPB.java:219)
	at org.apache.hadoop.ozone.protocolPB.OzoneManagerProtocolServerSideTranslatorPB.processRequest(OzoneManagerProtocolServerSideTranslatorPB.java:134)
	at org.apache.hadoop.hdds.server.OzoneProtocolMessageDispatcher.processRequest(OzoneProtocolMessageDispatcher.java:72)
	at org.apache.hadoop.ozone.protocolPB.OzoneManagerProtocolServerSideTranslatorPB.submitRequest(OzoneManagerProtocolServerSideTranslatorPB.java:100)
	at org.apache.hadoop.ozone.protocol.proto.OzoneManagerProtocolProtos$OzoneManagerService$2.callBlockingMethod(OzoneManagerProtocolProtos.java)
	at org.apache.hadoop.ipc.ProtobufRpcEngine$Server$ProtoBufRpcInvoker.call(ProtobufRpcEngine.java:524)
	at org.apache.hadoop.ipc.RPC$Server.call(RPC.java:1025)
	at org.apache.hadoop.ipc.Server$RpcCall.run(Server.java:876)
	at org.apache.hadoop.ipc.Server$RpcCall.run(Server.java:822)
	at java.security.AccessController.doPrivileged(Native Method)
	at javax.security.auth.Subject.doAs(Subject.java:422)
	at org.apache.hadoop.security.UserGroupInformation.doAs(UserGroupInformation.java:1730)
	at org.apache.hadoop.ipc.Server$Handler.run(Server.java:2682)
2019-10-16 06:06:18,809 [main] INFO  retry.RetryInvocationHandler (RetryInvocationHandler.java:log(411)) - com.google.protobuf.ServiceException: org.apache.hadoop.ipc.RemoteException(java.lang.IllegalMonitorStateException): Releasing lock on resource /cf7d7221-8f18-49c3-826b-1f80e8bcccdc/b00b7c45-263e-4c40-ab02-3064aafe13cd without acquiring lock
	at org.apache.hadoop.ozone.lock.LockManager.getLockForReleasing(LockManager.java:220)
	at org.apache.hadoop.ozone.lock.LockManager.release(LockManager.java:168)
	at org.apache.hadoop.ozone.lock.LockManager.writeUnlock(LockManager.java:148)
	at org.apache.hadoop.ozone.om.lock.OzoneManagerLock.unlock(OzoneManagerLock.java:364)
	at org.apache.hadoop.ozone.om.lock.OzoneManagerLock.releaseWriteLock(OzoneManagerLock.java:329)
	at org.apache.hadoop.ozone.om.request.key.OMKeyCommitRequest.validateAndUpdateCache(OMKeyCommitRequest.java:177)
	at org.apache.hadoop.ozone.protocolPB.OzoneManagerProtocolServerSideTranslatorPB.submitRequestDirectlyToOM(OzoneManagerProtocolServerSideTranslatorPB.java:219)
	at org.apache.hadoop.ozone.protocolPB.OzoneManagerProtocolServerSideTranslatorPB.processRequest(OzoneManagerProtocolServerSideTranslatorPB.java:134)
	at org.apache.hadoop.hdds.server.OzoneProtocolMessageDispatcher.processRequest(OzoneProtocolMessageDispatcher.java:72)
	at org.apache.hadoop.ozone.protocolPB.OzoneManagerProtocolServerSideTranslatorPB.submitRequest(OzoneManagerProtocolServerSideTranslatorPB.java:100)
	at org.apache.hadoop.ozone.protocol.proto.OzoneManagerProtocolProtos$OzoneManagerService$2.callBlockingMethod(OzoneManagerProtocolProtos.java)
	at org.apache.hadoop.ipc.ProtobufRpcEngine$Server$ProtoBufRpcInvoker.call(ProtobufRpcEngine.java:524)
	at org.apache.hadoop.ipc.RPC$Server.call(RPC.java:1025)
	at org.apache.hadoop.ipc.Server$RpcCall.run(Server.java:876)
	at org.apache.hadoop.ipc.Server$RpcCall.run(Server.java:822)
	at java.security.AccessController.doPrivileged(Native Method)
	at javax.security.auth.Subject.doAs(Subject.java:422)
	at org.apache.hadoop.security.UserGroupInformation.doAs(UserGroupInformation.java:1730)
	at org.apache.hadoop.ipc.Server$Handler.run(Server.java:2682)
, while invoking $Proxy37.submitRequest over nodeId=null,nodeAddress=localhost:42894 after 2 failover attempts. Trying to failover immediately.
2019-10-16 06:06:18,811 [IPC Server handler 0 on 42894] ERROR lock.LockManager (LockManager.java:getLockForReleasing(218)) - Trying to release the lock on /cf7d7221-8f18-49c3-826b-1f80e8bcccdc/b00b7c45-263e-4c40-ab02-3064aafe13cd, which was never acquired.
2019-10-16 06:06:18,812 [IPC Server handler 0 on 42894] WARN  ipc.Server (Server.java:logException(2724)) - IPC Server handler 0 on 42894, call Call#3252 Retry#3 org.apache.hadoop.ozone.om.protocol.OzoneManagerProtocol.submitRequest from 127.0.0.1:60690
java.lang.IllegalMonitorStateException: Releasing lock on resource /cf7d7221-8f18-49c3-826b-1f80e8bcccdc/b00b7c45-263e-4c40-ab02-3064aafe13cd without acquiring lock
	at org.apache.hadoop.ozone.lock.LockManager.getLockForReleasing(LockManager.java:220)
	at org.apache.hadoop.ozone.lock.LockManager.release(LockManager.java:168)
	at org.apache.hadoop.ozone.lock.LockManager.writeUnlock(LockManager.java:148)
	at org.apache.hadoop.ozone.om.lock.OzoneManagerLock.unlock(OzoneManagerLock.java:364)
	at org.apache.hadoop.ozone.om.lock.OzoneManagerLock.releaseWriteLock(OzoneManagerLock.java:329)
	at org.apache.hadoop.ozone.om.request.key.OMKeyCommitRequest.validateAndUpdateCache(OMKeyCommitRequest.java:177)
	at org.apache.hadoop.ozone.protocolPB.OzoneManagerProtocolServerSideTranslatorPB.submitRequestDirectlyToOM(OzoneManagerProtocolServerSideTranslatorPB.java:219)
	at org.apache.hadoop.ozone.protocolPB.OzoneManagerProtocolServerSideTranslatorPB.processRequest(OzoneManagerProtocolServerSideTranslatorPB.java:134)
	at org.apache.hadoop.hdds.server.OzoneProtocolMessageDispatcher.processRequest(OzoneProtocolMessageDispatcher.java:72)
	at org.apache.hadoop.ozone.protocolPB.OzoneManagerProtocolServerSideTranslatorPB.submitRequest(OzoneManagerProtocolServerSideTranslatorPB.java:100)
	at org.apache.hadoop.ozone.protocol.proto.OzoneManagerProtocolProtos$OzoneManagerService$2.callBlockingMethod(OzoneManagerProtocolProtos.java)
	at org.apache.hadoop.ipc.ProtobufRpcEngine$Server$ProtoBufRpcInvoker.call(ProtobufRpcEngine.java:524)
	at org.apache.hadoop.ipc.RPC$Server.call(RPC.java:1025)
	at org.apache.hadoop.ipc.Server$RpcCall.run(Server.java:876)
	at org.apache.hadoop.ipc.Server$RpcCall.run(Server.java:822)
	at java.security.AccessController.doPrivileged(Native Method)
	at javax.security.auth.Subject.doAs(Subject.java:422)
	at org.apache.hadoop.security.UserGroupInformation.doAs(UserGroupInformation.java:1730)
	at org.apache.hadoop.ipc.Server$Handler.run(Server.java:2682)
2019-10-16 06:06:18,840 [main] INFO  retry.RetryInvocationHandler (RetryInvocationHandler.java:log(411)) - com.google.protobuf.ServiceException: org.apache.hadoop.ipc.RemoteException(java.lang.IllegalMonitorStateException): Releasing lock on resource /cf7d7221-8f18-49c3-826b-1f80e8bcccdc/b00b7c45-263e-4c40-ab02-3064aafe13cd without acquiring lock
	at org.apache.hadoop.ozone.lock.LockManager.getLockForReleasing(LockManager.java:220)
	at org.apache.hadoop.ozone.lock.LockManager.release(LockManager.java:168)
	at org.apache.hadoop.ozone.lock.LockManager.writeUnlock(LockManager.java:148)
	at org.apache.hadoop.ozone.om.lock.OzoneManagerLock.unlock(OzoneManagerLock.java:364)
	at org.apache.hadoop.ozone.om.lock.OzoneManagerLock.releaseWriteLock(OzoneManagerLock.java:329)
	at org.apache.hadoop.ozone.om.request.key.OMKeyCommitRequest.validateAndUpdateCache(OMKeyCommitRequest.java:177)
	at org.apache.hadoop.ozone.protocolPB.OzoneManagerProtocolServerSideTranslatorPB.submitRequestDirectlyToOM(OzoneManagerProtocolServerSideTranslatorPB.java:219)
	at org.apache.hadoop.ozone.protocolPB.OzoneManagerProtocolServerSideTranslatorPB.processRequest(OzoneManagerProtocolServerSideTranslatorPB.java:134)
	at org.apache.hadoop.hdds.server.OzoneProtocolMessageDispatcher.processRequest(OzoneProtocolMessageDispatcher.java:72)
	at org.apache.hadoop.ozone.protocolPB.OzoneManagerProtocolServerSideTranslatorPB.submitRequest(OzoneManagerProtocolServerSideTranslatorPB.java:100)
	at org.apache.hadoop.ozone.protocol.proto.OzoneManagerProtocolProtos$OzoneManagerService$2.callBlockingMethod(OzoneManagerProtocolProtos.java)
	at org.apache.hadoop.ipc.ProtobufRpcEngine$Server$ProtoBufRpcInvoker.call(ProtobufRpcEngine.java:524)
	at org.apache.hadoop.ipc.RPC$Server.call(RPC.java:1025)
	at org.apache.hadoop.ipc.Server$RpcCall.run(Server.java:876)
	at org.apache.hadoop.ipc.Server$RpcCall.run(Server.java:822)
	at java.security.AccessController.doPrivileged(Native Method)
	at javax.security.auth.Subject.doAs(Subject.java:422)
	at org.apache.hadoop.security.UserGroupInformation.doAs(UserGroupInformation.java:1730)
	at org.apache.hadoop.ipc.Server$Handler.run(Server.java:2682)
, while invoking $Proxy37.submitRequest over nodeId=null,nodeAddress=localhost:42894 after 3 failover attempts. Trying to failover immediately.
2019-10-16 06:06:18,842 [IPC Server handler 5 on 42894] ERROR lock.LockManager (LockManager.java:getLockForReleasing(218)) - Trying to release the lock on /cf7d7221-8f18-49c3-826b-1f80e8bcccdc/b00b7c45-263e-4c40-ab02-3064aafe13cd, which was never acquired.
2019-10-16 06:06:18,874 [IPC Server handler 5 on 42894] WARN  ipc.Server (Server.java:logException(2724)) - IPC Server handler 5 on 42894, call Call#3252 Retry#4 org.apache.hadoop.ozone.om.protocol.OzoneManagerProtocol.submitRequest from 127.0.0.1:60690
java.lang.IllegalMonitorStateException: Releasing lock on resource /cf7d7221-8f18-49c3-826b-1f80e8bcccdc/b00b7c45-263e-4c40-ab02-3064aafe13cd without acquiring lock
	at org.apache.hadoop.ozone.lock.LockManager.getLockForReleasing(LockManager.java:220)
	at org.apache.hadoop.ozone.lock.LockManager.release(LockManager.java:168)
	at org.apache.hadoop.ozone.lock.LockManager.writeUnlock(LockManager.java:148)
	at org.apache.hadoop.ozone.om.lock.OzoneManagerLock.unlock(OzoneManagerLock.java:364)
	at org.apache.hadoop.ozone.om.lock.OzoneManagerLock.releaseWriteLock(OzoneManagerLock.java:329)
	at org.apache.hadoop.ozone.om.request.key.OMKeyCommitRequest.validateAndUpdateCache(OMKeyCommitRequest.java:177)
	at org.apache.hadoop.ozone.protocolPB.OzoneManagerProtocolServerSideTranslatorPB.submitRequestDirectlyToOM(OzoneManagerProtocolServerSideTranslatorPB.java:219)
	at org.apache.hadoop.ozone.protocolPB.OzoneManagerProtocolServerSideTranslatorPB.processRequest(OzoneManagerProtocolServerSideTranslatorPB.java:134)
	at org.apache.hadoop.hdds.server.OzoneProtocolMessageDispatcher.processRequest(OzoneProtocolMessageDispatcher.java:72)
	at org.apache.hadoop.ozone.protocolPB.OzoneManagerProtocolServerSideTranslatorPB.submitRequest(OzoneManagerProtocolServerSideTranslatorPB.java:100)
	at org.apache.hadoop.ozone.protocol.proto.OzoneManagerProtocolProtos$OzoneManagerService$2.callBlockingMethod(OzoneManagerProtocolProtos.java)
	at org.apache.hadoop.ipc.ProtobufRpcEngine$Server$ProtoBufRpcInvoker.call(ProtobufRpcEngine.java:524)
	at org.apache.hadoop.ipc.RPC$Server.call(RPC.java:1025)
	at org.apache.hadoop.ipc.Server$RpcCall.run(Server.java:876)
	at org.apache.hadoop.ipc.Server$RpcCall.run(Server.java:822)
	at java.security.AccessController.doPrivileged(Native Method)
	at javax.security.auth.Subject.doAs(Subject.java:422)
	at org.apache.hadoop.security.UserGroupInformation.doAs(UserGroupInformation.java:1730)
	at org.apache.hadoop.ipc.Server$Handler.run(Server.java:2682)
2019-10-16 06:06:18,877 [main] INFO  retry.RetryInvocationHandler (RetryInvocationHandler.java:log(411)) - com.google.protobuf.ServiceException: org.apache.hadoop.ipc.RemoteException(java.lang.IllegalMonitorStateException): Releasing lock on resource /cf7d7221-8f18-49c3-826b-1f80e8bcccdc/b00b7c45-263e-4c40-ab02-3064aafe13cd without acquiring lock
	at org.apache.hadoop.ozone.lock.LockManager.getLockForReleasing(LockManager.java:220)
	at org.apache.hadoop.ozone.lock.LockManager.release(LockManager.java:168)
	at org.apache.hadoop.ozone.lock.LockManager.writeUnlock(LockManager.java:148)
	at org.apache.hadoop.ozone.om.lock.OzoneManagerLock.unlock(OzoneManagerLock.java:364)
	at org.apache.hadoop.ozone.om.lock.OzoneManagerLock.releaseWriteLock(OzoneManagerLock.java:329)
	at org.apache.hadoop.ozone.om.request.key.OMKeyCommitRequest.validateAndUpdateCache(OMKeyCommitRequest.java:177)
	at org.apache.hadoop.ozone.protocolPB.OzoneManagerProtocolServerSideTranslatorPB.submitRequestDirectlyToOM(OzoneManagerProtocolServerSideTranslatorPB.java:219)
	at org.apache.hadoop.ozone.protocolPB.OzoneManagerProtocolServerSideTranslatorPB.processRequest(OzoneManagerProtocolServerSideTranslatorPB.java:134)
	at org.apache.hadoop.hdds.server.OzoneProtocolMessageDispatcher.processRequest(OzoneProtocolMessageDispatcher.java:72)
	at org.apache.hadoop.ozone.protocolPB.OzoneManagerProtocolServerSideTranslatorPB.submitRequest(OzoneManagerProtocolServerSideTranslatorPB.java:100)
	at org.apache.hadoop.ozone.protocol.proto.OzoneManagerProtocolProtos$OzoneManagerService$2.callBlockingMethod(OzoneManagerProtocolProtos.java)
	at org.apache.hadoop.ipc.ProtobufRpcEngine$Server$ProtoBufRpcInvoker.call(ProtobufRpcEngine.java:524)
	at org.apache.hadoop.ipc.RPC$Server.call(RPC.java:1025)
	at org.apache.hadoop.ipc.Server$RpcCall.run(Server.java:876)
	at org.apache.hadoop.ipc.Server$RpcCall.run(Server.java:822)
	at java.security.AccessController.doPrivileged(Native Method)
	at javax.security.auth.Subject.doAs(Subject.java:422)
	at org.apache.hadoop.security.UserGroupInformation.doAs(UserGroupInformation.java:1730)
	at org.apache.hadoop.ipc.Server$Handler.run(Server.java:2682)
, while invoking $Proxy37.submitRequest over nodeId=null,nodeAddress=localhost:42894 after 4 failover attempts. Trying to failover immediately.
2019-10-16 06:06:18,884 [IPC Server handler 11 on 42894] ERROR lock.LockManager (LockManager.java:getLockForReleasing(218)) - Trying to release the lock on /cf7d7221-8f18-49c3-826b-1f80e8bcccdc/b00b7c45-263e-4c40-ab02-3064aafe13cd, which was never acquired.
2019-10-16 06:06:18,884 [IPC Server handler 11 on 42894] WARN  ipc.Server (Server.java:logException(2724)) - IPC Server handler 11 on 42894, call Call#3252 Retry#5 org.apache.hadoop.ozone.om.protocol.OzoneManagerProtocol.submitRequest from 127.0.0.1:60690
java.lang.IllegalMonitorStateException: Releasing lock on resource /cf7d7221-8f18-49c3-826b-1f80e8bcccdc/b00b7c45-263e-4c40-ab02-3064aafe13cd without acquiring lock
	at org.apache.hadoop.ozone.lock.LockManager.getLockForReleasing(LockManager.java:220)
	at org.apache.hadoop.ozone.lock.LockManager.release(LockManager.java:168)
	at org.apache.hadoop.ozone.lock.LockManager.writeUnlock(LockManager.java:148)
	at org.apache.hadoop.ozone.om.lock.OzoneManagerLock.unlock(OzoneManagerLock.java:364)
	at org.apache.hadoop.ozone.om.lock.OzoneManagerLock.releaseWriteLock(OzoneManagerLock.java:329)
	at org.apache.hadoop.ozone.om.request.key.OMKeyCommitRequest.validateAndUpdateCache(OMKeyCommitRequest.java:177)
	at org.apache.hadoop.ozone.protocolPB.OzoneManagerProtocolServerSideTranslatorPB.submitRequestDirectlyToOM(OzoneManagerProtocolServerSideTranslatorPB.java:219)
	at org.apache.hadoop.ozone.protocolPB.OzoneManagerProtocolServerSideTranslatorPB.processRequest(OzoneManagerProtocolServerSideTranslatorPB.java:134)
	at org.apache.hadoop.hdds.server.OzoneProtocolMessageDispatcher.processRequest(OzoneProtocolMessageDispatcher.java:72)
	at org.apache.hadoop.ozone.protocolPB.OzoneManagerProtocolServerSideTranslatorPB.submitRequest(OzoneManagerProtocolServerSideTranslatorPB.java:100)
	at org.apache.hadoop.ozone.protocol.proto.OzoneManagerProtocolProtos$OzoneManagerService$2.callBlockingMethod(OzoneManagerProtocolProtos.java)
	at org.apache.hadoop.ipc.ProtobufRpcEngine$Server$ProtoBufRpcInvoker.call(ProtobufRpcEngine.java:524)
	at org.apache.hadoop.ipc.RPC$Server.call(RPC.java:1025)
	at org.apache.hadoop.ipc.Server$RpcCall.run(Server.java:876)
	at org.apache.hadoop.ipc.Server$RpcCall.run(Server.java:822)
	at java.security.AccessController.doPrivileged(Native Method)
	at javax.security.auth.Subject.doAs(Subject.java:422)
	at org.apache.hadoop.security.UserGroupInformation.doAs(UserGroupInformation.java:1730)
	at org.apache.hadoop.ipc.Server$Handler.run(Server.java:2682)
2019-10-16 06:06:18,912 [main] INFO  retry.RetryInvocationHandler (RetryInvocationHandler.java:log(411)) - com.google.protobuf.ServiceException: org.apache.hadoop.ipc.RemoteException(java.lang.IllegalMonitorStateException): Releasing lock on resource /cf7d7221-8f18-49c3-826b-1f80e8bcccdc/b00b7c45-263e-4c40-ab02-3064aafe13cd without acquiring lock
	at org.apache.hadoop.ozone.lock.LockManager.getLockForReleasing(LockManager.java:220)
	at org.apache.hadoop.ozone.lock.LockManager.release(LockManager.java:168)
	at org.apache.hadoop.ozone.lock.LockManager.writeUnlock(LockManager.java:148)
	at org.apache.hadoop.ozone.om.lock.OzoneManagerLock.unlock(OzoneManagerLock.java:364)
	at org.apache.hadoop.ozone.om.lock.OzoneManagerLock.releaseWriteLock(OzoneManagerLock.java:329)
	at org.apache.hadoop.ozone.om.request.key.OMKeyCommitRequest.validateAndUpdateCache(OMKeyCommitRequest.java:177)
	at org.apache.hadoop.ozone.protocolPB.OzoneManagerProtocolServerSideTranslatorPB.submitRequestDirectlyToOM(OzoneManagerProtocolServerSideTranslatorPB.java:219)
	at org.apache.hadoop.ozone.protocolPB.OzoneManagerProtocolServerSideTranslatorPB.processRequest(OzoneManagerProtocolServerSideTranslatorPB.java:134)
	at org.apache.hadoop.hdds.server.OzoneProtocolMessageDispatcher.processRequest(OzoneProtocolMessageDispatcher.java:72)
	at org.apache.hadoop.ozone.protocolPB.OzoneManagerProtocolServerSideTranslatorPB.submitRequest(OzoneManagerProtocolServerSideTranslatorPB.java:100)
	at org.apache.hadoop.ozone.protocol.proto.OzoneManagerProtocolProtos$OzoneManagerService$2.callBlockingMethod(OzoneManagerProtocolProtos.java)
	at org.apache.hadoop.ipc.ProtobufRpcEngine$Server$ProtoBufRpcInvoker.call(ProtobufRpcEngine.java:524)
	at org.apache.hadoop.ipc.RPC$Server.call(RPC.java:1025)
	at org.apache.hadoop.ipc.Server$RpcCall.run(Server.java:876)
	at org.apache.hadoop.ipc.Server$RpcCall.run(Server.java:822)
	at java.security.AccessController.doPrivileged(Native Method)
	at javax.security.auth.Subject.doAs(Subject.java:422)
	at org.apache.hadoop.security.UserGroupInformation.doAs(UserGroupInformation.java:1730)
	at org.apache.hadoop.ipc.Server$Handler.run(Server.java:2682)
, while invoking $Proxy37.submitRequest over nodeId=null,nodeAddress=localhost:42894 after 5 failover attempts. Trying to failover immediately.
2019-10-16 06:06:18,948 [IPC Server handler 3 on 42894] ERROR lock.LockManager (LockManager.java:getLockForReleasing(218)) - Trying to release the lock on /cf7d7221-8f18-49c3-826b-1f80e8bcccdc/b00b7c45-263e-4c40-ab02-3064aafe13cd, which was never acquired.
2019-10-16 06:06:18,948 [IPC Server handler 3 on 42894] WARN  ipc.Server (Server.java:logException(2724)) - IPC Server handler 3 on 42894, call Call#3252 Retry#6 org.apache.hadoop.ozone.om.protocol.OzoneManagerProtocol.submitRequest from 127.0.0.1:60690
java.lang.IllegalMonitorStateException: Releasing lock on resource /cf7d7221-8f18-49c3-826b-1f80e8bcccdc/b00b7c45-263e-4c40-ab02-3064aafe13cd without acquiring lock
	at org.apache.hadoop.ozone.lock.LockManager.getLockForReleasing(LockManager.java:220)
	at org.apache.hadoop.ozone.lock.LockManager.release(LockManager.java:168)
	at org.apache.hadoop.ozone.lock.LockManager.writeUnlock(LockManager.java:148)
	at org.apache.hadoop.ozone.om.lock.OzoneManagerLock.unlock(OzoneManagerLock.java:364)
	at org.apache.hadoop.ozone.om.lock.OzoneManagerLock.releaseWriteLock(OzoneManagerLock.java:329)
	at org.apache.hadoop.ozone.om.request.key.OMKeyCommitRequest.validateAndUpdateCache(OMKeyCommitRequest.java:177)
	at org.apache.hadoop.ozone.protocolPB.OzoneManagerProtocolServerSideTranslatorPB.submitRequestDirectlyToOM(OzoneManagerProtocolServerSideTranslatorPB.java:219)
	at org.apache.hadoop.ozone.protocolPB.OzoneManagerProtocolServerSideTranslatorPB.processRequest(OzoneManagerProtocolServerSideTranslatorPB.java:134)
	at org.apache.hadoop.hdds.server.OzoneProtocolMessageDispatcher.processRequest(OzoneProtocolMessageDispatcher.java:72)
	at org.apache.hadoop.ozone.protocolPB.OzoneManagerProtocolServerSideTranslatorPB.submitRequest(OzoneManagerProtocolServerSideTranslatorPB.java:100)
	at org.apache.hadoop.ozone.protocol.proto.OzoneManagerProtocolProtos$OzoneManagerService$2.callBlockingMethod(OzoneManagerProtocolProtos.java)
	at org.apache.hadoop.ipc.ProtobufRpcEngine$Server$ProtoBufRpcInvoker.call(ProtobufRpcEngine.java:524)
	at org.apache.hadoop.ipc.RPC$Server.call(RPC.java:1025)
	at org.apache.hadoop.ipc.Server$RpcCall.run(Server.java:876)
	at org.apache.hadoop.ipc.Server$RpcCall.run(Server.java:822)
	at java.security.AccessController.doPrivileged(Native Method)
	at javax.security.auth.Subject.doAs(Subject.java:422)
	at org.apache.hadoop.security.UserGroupInformation.doAs(UserGroupInformation.java:1730)
	at org.apache.hadoop.ipc.Server$Handler.run(Server.java:2682)
2019-10-16 06:06:18,969 [main] INFO  retry.RetryInvocationHandler (RetryInvocationHandler.java:log(411)) - com.google.protobuf.ServiceException: org.apache.hadoop.ipc.RemoteException(java.lang.IllegalMonitorStateException): Releasing lock on resource /cf7d7221-8f18-49c3-826b-1f80e8bcccdc/b00b7c45-263e-4c40-ab02-3064aafe13cd without acquiring lock
	at org.apache.hadoop.ozone.lock.LockManager.getLockForReleasing(LockManager.java:220)
	at org.apache.hadoop.ozone.lock.LockManager.release(LockManager.java:168)
	at org.apache.hadoop.ozone.lock.LockManager.writeUnlock(LockManager.java:148)
	at org.apache.hadoop.ozone.om.lock.OzoneManagerLock.unlock(OzoneManagerLock.java:364)
	at org.apache.hadoop.ozone.om.lock.OzoneManagerLock.releaseWriteLock(OzoneManagerLock.java:329)
	at org.apache.hadoop.ozone.om.request.key.OMKeyCommitRequest.validateAndUpdateCache(OMKeyCommitRequest.java:177)
	at org.apache.hadoop.ozone.protocolPB.OzoneManagerProtocolServerSideTranslatorPB.submitRequestDirectlyToOM(OzoneManagerProtocolServerSideTranslatorPB.java:219)
	at org.apache.hadoop.ozone.protocolPB.OzoneManagerProtocolServerSideTranslatorPB.processRequest(OzoneManagerProtocolServerSideTranslatorPB.java:134)
	at org.apache.hadoop.hdds.server.OzoneProtocolMessageDispatcher.processRequest(OzoneProtocolMessageDispatcher.java:72)
	at org.apache.hadoop.ozone.protocolPB.OzoneManagerProtocolServerSideTranslatorPB.submitRequest(OzoneManagerProtocolServerSideTranslatorPB.java:100)
	at org.apache.hadoop.ozone.protocol.proto.OzoneManagerProtocolProtos$OzoneManagerService$2.callBlockingMethod(OzoneManagerProtocolProtos.java)
	at org.apache.hadoop.ipc.ProtobufRpcEngine$Server$ProtoBufRpcInvoker.call(ProtobufRpcEngine.java:524)
	at org.apache.hadoop.ipc.RPC$Server.call(RPC.java:1025)
	at org.apache.hadoop.ipc.Server$RpcCall.run(Server.java:876)
	at org.apache.hadoop.ipc.Server$RpcCall.run(Server.java:822)
	at java.security.AccessController.doPrivileged(Native Method)
	at javax.security.auth.Subject.doAs(Subject.java:422)
	at org.apache.hadoop.security.UserGroupInformation.doAs(UserGroupInformation.java:1730)
	at org.apache.hadoop.ipc.Server$Handler.run(Server.java:2682)
, while invoking $Proxy37.submitRequest over nodeId=null,nodeAddress=localhost:42894 after 6 failover attempts. Trying to failover immediately.
2019-10-16 06:06:19,001 [IPC Server handler 7 on 42894] ERROR lock.LockManager (LockManager.java:getLockForReleasing(218)) - Trying to release the lock on /cf7d7221-8f18-49c3-826b-1f80e8bcccdc/b00b7c45-263e-4c40-ab02-3064aafe13cd, which was never acquired.
2019-10-16 06:06:19,005 [IPC Server handler 7 on 42894] WARN  ipc.Server (Server.java:logException(2724)) - IPC Server handler 7 on 42894, call Call#3252 Retry#7 org.apache.hadoop.ozone.om.protocol.OzoneManagerProtocol.submitRequest from 127.0.0.1:60690
java.lang.IllegalMonitorStateException: Releasing lock on resource /cf7d7221-8f18-49c3-826b-1f80e8bcccdc/b00b7c45-263e-4c40-ab02-3064aafe13cd without acquiring lock
	at org.apache.hadoop.ozone.lock.LockManager.getLockForReleasing(LockManager.java:220)
	at org.apache.hadoop.ozone.lock.LockManager.release(LockManager.java:168)
	at org.apache.hadoop.ozone.lock.LockManager.writeUnlock(LockManager.java:148)
	at org.apache.hadoop.ozone.om.lock.OzoneManagerLock.unlock(OzoneManagerLock.java:364)
	at org.apache.hadoop.ozone.om.lock.OzoneManagerLock.releaseWriteLock(OzoneManagerLock.java:329)
	at org.apache.hadoop.ozone.om.request.key.OMKeyCommitRequest.validateAndUpdateCache(OMKeyCommitRequest.java:177)
	at org.apache.hadoop.ozone.protocolPB.OzoneManagerProtocolServerSideTranslatorPB.submitRequestDirectlyToOM(OzoneManagerProtocolServerSideTranslatorPB.java:219)
	at org.apache.hadoop.ozone.protocolPB.OzoneManagerProtocolServerSideTranslatorPB.processRequest(OzoneManagerProtocolServerSideTranslatorPB.java:134)
	at org.apache.hadoop.hdds.server.OzoneProtocolMessageDispatcher.processRequest(OzoneProtocolMessageDispatcher.java:72)
	at org.apache.hadoop.ozone.protocolPB.OzoneManagerProtocolServerSideTranslatorPB.submitRequest(OzoneManagerProtocolServerSideTranslatorPB.java:100)
	at org.apache.hadoop.ozone.protocol.proto.OzoneManagerProtocolProtos$OzoneManagerService$2.callBlockingMethod(OzoneManagerProtocolProtos.java)
	at org.apache.hadoop.ipc.ProtobufRpcEngine$Server$ProtoBufRpcInvoker.call(ProtobufRpcEngine.java:524)
	at org.apache.hadoop.ipc.RPC$Server.call(RPC.java:1025)
	at org.apache.hadoop.ipc.Server$RpcCall.run(Server.java:876)
	at org.apache.hadoop.ipc.Server$RpcCall.run(Server.java:822)
	at java.security.AccessController.doPrivileged(Native Method)
	at javax.security.auth.Subject.doAs(Subject.java:422)
	at org.apache.hadoop.security.UserGroupInformation.doAs(UserGroupInformation.java:1730)
	at org.apache.hadoop.ipc.Server$Handler.run(Server.java:2682)
2019-10-16 06:06:19,006 [main] INFO  retry.RetryInvocationHandler (RetryInvocationHandler.java:log(411)) - com.google.protobuf.ServiceException: org.apache.hadoop.ipc.RemoteException(java.lang.IllegalMonitorStateException): Releasing lock on resource /cf7d7221-8f18-49c3-826b-1f80e8bcccdc/b00b7c45-263e-4c40-ab02-3064aafe13cd without acquiring lock
	at org.apache.hadoop.ozone.lock.LockManager.getLockForReleasing(LockManager.java:220)
	at org.apache.hadoop.ozone.lock.LockManager.release(LockManager.java:168)
	at org.apache.hadoop.ozone.lock.LockManager.writeUnlock(LockManager.java:148)
	at org.apache.hadoop.ozone.om.lock.OzoneManagerLock.unlock(OzoneManagerLock.java:364)
	at org.apache.hadoop.ozone.om.lock.OzoneManagerLock.releaseWriteLock(OzoneManagerLock.java:329)
	at org.apache.hadoop.ozone.om.request.key.OMKeyCommitRequest.validateAndUpdateCache(OMKeyCommitRequest.java:177)
	at org.apache.hadoop.ozone.protocolPB.OzoneManagerProtocolServerSideTranslatorPB.submitRequestDirectlyToOM(OzoneManagerProtocolServerSideTranslatorPB.java:219)
	at org.apache.hadoop.ozone.protocolPB.OzoneManagerProtocolServerSideTranslatorPB.processRequest(OzoneManagerProtocolServerSideTranslatorPB.java:134)
	at org.apache.hadoop.hdds.server.OzoneProtocolMessageDispatcher.processRequest(OzoneProtocolMessageDispatcher.java:72)
	at org.apache.hadoop.ozone.protocolPB.OzoneManagerProtocolServerSideTranslatorPB.submitRequest(OzoneManagerProtocolServerSideTranslatorPB.java:100)
	at org.apache.hadoop.ozone.protocol.proto.OzoneManagerProtocolProtos$OzoneManagerService$2.callBlockingMethod(OzoneManagerProtocolProtos.java)
	at org.apache.hadoop.ipc.ProtobufRpcEngine$Server$ProtoBufRpcInvoker.call(ProtobufRpcEngine.java:524)
	at org.apache.hadoop.ipc.RPC$Server.call(RPC.java:1025)
	at org.apache.hadoop.ipc.Server$RpcCall.run(Server.java:876)
	at org.apache.hadoop.ipc.Server$RpcCall.run(Server.java:822)
	at java.security.AccessController.doPrivileged(Native Method)
	at javax.security.auth.Subject.doAs(Subject.java:422)
	at org.apache.hadoop.security.UserGroupInformation.doAs(UserGroupInformation.java:1730)
	at org.apache.hadoop.ipc.Server$Handler.run(Server.java:2682)
, while invoking $Proxy37.submitRequest over nodeId=null,nodeAddress=localhost:42894 after 7 failover attempts. Trying to failover immediately.
2019-10-16 06:06:19,008 [IPC Server handler 18 on 42894] ERROR lock.LockManager (LockManager.java:getLockForReleasing(218)) - Trying to release the lock on /cf7d7221-8f18-49c3-826b-1f80e8bcccdc/b00b7c45-263e-4c40-ab02-3064aafe13cd, which was never acquired.
2019-10-16 06:06:19,008 [IPC Server handler 18 on 42894] WARN  ipc.Server (Server.java:logException(2724)) - IPC Server handler 18 on 42894, call Call#3252 Retry#8 org.apache.hadoop.ozone.om.protocol.OzoneManagerProtocol.submitRequest from 127.0.0.1:60690
java.lang.IllegalMonitorStateException: Releasing lock on resource /cf7d7221-8f18-49c3-826b-1f80e8bcccdc/b00b7c45-263e-4c40-ab02-3064aafe13cd without acquiring lock
	at org.apache.hadoop.ozone.lock.LockManager.getLockForReleasing(LockManager.java:220)
	at org.apache.hadoop.ozone.lock.LockManager.release(LockManager.java:168)
	at org.apache.hadoop.ozone.lock.LockManager.writeUnlock(LockManager.java:148)
	at org.apache.hadoop.ozone.om.lock.OzoneManagerLock.unlock(OzoneManagerLock.java:364)
	at org.apache.hadoop.ozone.om.lock.OzoneManagerLock.releaseWriteLock(OzoneManagerLock.java:329)
	at org.apache.hadoop.ozone.om.request.key.OMKeyCommitRequest.validateAndUpdateCache(OMKeyCommitRequest.java:177)
	at org.apache.hadoop.ozone.protocolPB.OzoneManagerProtocolServerSideTranslatorPB.submitRequestDirectlyToOM(OzoneManagerProtocolServerSideTranslatorPB.java:219)
	at org.apache.hadoop.ozone.protocolPB.OzoneManagerProtocolServerSideTranslatorPB.processRequest(OzoneManagerProtocolServerSideTranslatorPB.java:134)
	at org.apache.hadoop.hdds.server.OzoneProtocolMessageDispatcher.processRequest(OzoneProtocolMessageDispatcher.java:72)
	at org.apache.hadoop.ozone.protocolPB.OzoneManagerProtocolServerSideTranslatorPB.submitRequest(OzoneManagerProtocolServerSideTranslatorPB.java:100)
	at org.apache.hadoop.ozone.protocol.proto.OzoneManagerProtocolProtos$OzoneManagerService$2.callBlockingMethod(OzoneManagerProtocolProtos.java)
	at org.apache.hadoop.ipc.ProtobufRpcEngine$Server$ProtoBufRpcInvoker.call(ProtobufRpcEngine.java:524)
	at org.apache.hadoop.ipc.RPC$Server.call(RPC.java:1025)
	at org.apache.hadoop.ipc.Server$RpcCall.run(Server.java:876)
	at org.apache.hadoop.ipc.Server$RpcCall.run(Server.java:822)
	at java.security.AccessController.doPrivileged(Native Method)
	at javax.security.auth.Subject.doAs(Subject.java:422)
	at org.apache.hadoop.security.UserGroupInformation.doAs(UserGroupInformation.java:1730)
	at org.apache.hadoop.ipc.Server$Handler.run(Server.java:2682)
2019-10-16 06:06:19,009 [main] INFO  retry.RetryInvocationHandler (RetryInvocationHandler.java:log(411)) - com.google.protobuf.ServiceException: org.apache.hadoop.ipc.RemoteException(java.lang.IllegalMonitorStateException): Releasing lock on resource /cf7d7221-8f18-49c3-826b-1f80e8bcccdc/b00b7c45-263e-4c40-ab02-3064aafe13cd without acquiring lock
	at org.apache.hadoop.ozone.lock.LockManager.getLockForReleasing(LockManager.java:220)
	at org.apache.hadoop.ozone.lock.LockManager.release(LockManager.java:168)
	at org.apache.hadoop.ozone.lock.LockManager.writeUnlock(LockManager.java:148)
	at org.apache.hadoop.ozone.om.lock.OzoneManagerLock.unlock(OzoneManagerLock.java:364)
	at org.apache.hadoop.ozone.om.lock.OzoneManagerLock.releaseWriteLock(OzoneManagerLock.java:329)
	at org.apache.hadoop.ozone.om.request.key.OMKeyCommitRequest.validateAndUpdateCache(OMKeyCommitRequest.java:177)
	at org.apache.hadoop.ozone.protocolPB.OzoneManagerProtocolServerSideTranslatorPB.submitRequestDirectlyToOM(OzoneManagerProtocolServerSideTranslatorPB.java:219)
	at org.apache.hadoop.ozone.protocolPB.OzoneManagerProtocolServerSideTranslatorPB.processRequest(OzoneManagerProtocolServerSideTranslatorPB.java:134)
	at org.apache.hadoop.hdds.server.OzoneProtocolMessageDispatcher.processRequest(OzoneProtocolMessageDispatcher.java:72)
	at org.apache.hadoop.ozone.protocolPB.OzoneManagerProtocolServerSideTranslatorPB.submitRequest(OzoneManagerProtocolServerSideTranslatorPB.java:100)
	at org.apache.hadoop.ozone.protocol.proto.OzoneManagerProtocolProtos$OzoneManagerService$2.callBlockingMethod(OzoneManagerProtocolProtos.java)
	at org.apache.hadoop.ipc.ProtobufRpcEngine$Server$ProtoBufRpcInvoker.call(ProtobufRpcEngine.java:524)
	at org.apache.hadoop.ipc.RPC$Server.call(RPC.java:1025)
	at org.apache.hadoop.ipc.Server$RpcCall.run(Server.java:876)
	at org.apache.hadoop.ipc.Server$RpcCall.run(Server.java:822)
	at java.security.AccessController.doPrivileged(Native Method)
	at javax.security.auth.Subject.doAs(Subject.java:422)
	at org.apache.hadoop.security.UserGroupInformation.doAs(UserGroupInformation.java:1730)
	at org.apache.hadoop.ipc.Server$Handler.run(Server.java:2682)
, while invoking $Proxy37.submitRequest over nodeId=null,nodeAddress=localhost:42894 after 8 failover attempts. Trying to failover immediately.
2019-10-16 06:06:19,010 [IPC Server handler 16 on 42894] ERROR lock.LockManager (LockManager.java:getLockForReleasing(218)) - Trying to release the lock on /cf7d7221-8f18-49c3-826b-1f80e8bcccdc/b00b7c45-263e-4c40-ab02-3064aafe13cd, which was never acquired.
2019-10-16 06:06:19,011 [IPC Server handler 16 on 42894] WARN  ipc.Server (Server.java:logException(2724)) - IPC Server handler 16 on 42894, call Call#3252 Retry#9 org.apache.hadoop.ozone.om.protocol.OzoneManagerProtocol.submitRequest from 127.0.0.1:60690
java.lang.IllegalMonitorStateException: Releasing lock on resource /cf7d7221-8f18-49c3-826b-1f80e8bcccdc/b00b7c45-263e-4c40-ab02-3064aafe13cd without acquiring lock
	at org.apache.hadoop.ozone.lock.LockManager.getLockForReleasing(LockManager.java:220)
	at org.apache.hadoop.ozone.lock.LockManager.release(LockManager.java:168)
	at org.apache.hadoop.ozone.lock.LockManager.writeUnlock(LockManager.java:148)
	at org.apache.hadoop.ozone.om.lock.OzoneManagerLock.unlock(OzoneManagerLock.java:364)
	at org.apache.hadoop.ozone.om.lock.OzoneManagerLock.releaseWriteLock(OzoneManagerLock.java:329)
	at org.apache.hadoop.ozone.om.request.key.OMKeyCommitRequest.validateAndUpdateCache(OMKeyCommitRequest.java:177)
	at org.apache.hadoop.ozone.protocolPB.OzoneManagerProtocolServerSideTranslatorPB.submitRequestDirectlyToOM(OzoneManagerProtocolServerSideTranslatorPB.java:219)
	at org.apache.hadoop.ozone.protocolPB.OzoneManagerProtocolServerSideTranslatorPB.processRequest(OzoneManagerProtocolServerSideTranslatorPB.java:134)
	at org.apache.hadoop.hdds.server.OzoneProtocolMessageDispatcher.processRequest(OzoneProtocolMessageDispatcher.java:72)
	at org.apache.hadoop.ozone.protocolPB.OzoneManagerProtocolServerSideTranslatorPB.submitRequest(OzoneManagerProtocolServerSideTranslatorPB.java:100)
	at org.apache.hadoop.ozone.protocol.proto.OzoneManagerProtocolProtos$OzoneManagerService$2.callBlockingMethod(OzoneManagerProtocolProtos.java)
	at org.apache.hadoop.ipc.ProtobufRpcEngine$Server$ProtoBufRpcInvoker.call(ProtobufRpcEngine.java:524)
	at org.apache.hadoop.ipc.RPC$Server.call(RPC.java:1025)
	at org.apache.hadoop.ipc.Server$RpcCall.run(Server.java:876)
	at org.apache.hadoop.ipc.Server$RpcCall.run(Server.java:822)
	at java.security.AccessController.doPrivileged(Native Method)
	at javax.security.auth.Subject.doAs(Subject.java:422)
	at org.apache.hadoop.security.UserGroupInformation.doAs(UserGroupInformation.java:1730)
	at org.apache.hadoop.ipc.Server$Handler.run(Server.java:2682)
2019-10-16 06:06:19,011 [main] INFO  retry.RetryInvocationHandler (RetryInvocationHandler.java:log(411)) - com.google.protobuf.ServiceException: org.apache.hadoop.ipc.RemoteException(java.lang.IllegalMonitorStateException): Releasing lock on resource /cf7d7221-8f18-49c3-826b-1f80e8bcccdc/b00b7c45-263e-4c40-ab02-3064aafe13cd without acquiring lock
	at org.apache.hadoop.ozone.lock.LockManager.getLockForReleasing(LockManager.java:220)
	at org.apache.hadoop.ozone.lock.LockManager.release(LockManager.java:168)
	at org.apache.hadoop.ozone.lock.LockManager.writeUnlock(LockManager.java:148)
	at org.apache.hadoop.ozone.om.lock.OzoneManagerLock.unlock(OzoneManagerLock.java:364)
	at org.apache.hadoop.ozone.om.lock.OzoneManagerLock.releaseWriteLock(OzoneManagerLock.java:329)
	at org.apache.hadoop.ozone.om.request.key.OMKeyCommitRequest.validateAndUpdateCache(OMKeyCommitRequest.java:177)
	at org.apache.hadoop.ozone.protocolPB.OzoneManagerProtocolServerSideTranslatorPB.submitRequestDirectlyToOM(OzoneManagerProtocolServerSideTranslatorPB.java:219)
	at org.apache.hadoop.ozone.protocolPB.OzoneManagerProtocolServerSideTranslatorPB.processRequest(OzoneManagerProtocolServerSideTranslatorPB.java:134)
	at org.apache.hadoop.hdds.server.OzoneProtocolMessageDispatcher.processRequest(OzoneProtocolMessageDispatcher.java:72)
	at org.apache.hadoop.ozone.protocolPB.OzoneManagerProtocolServerSideTranslatorPB.submitRequest(OzoneManagerProtocolServerSideTranslatorPB.java:100)
	at org.apache.hadoop.ozone.protocol.proto.OzoneManagerProtocolProtos$OzoneManagerService$2.callBlockingMethod(OzoneManagerProtocolProtos.java)
	at org.apache.hadoop.ipc.ProtobufRpcEngine$Server$ProtoBufRpcInvoker.call(ProtobufRpcEngine.java:524)
	at org.apache.hadoop.ipc.RPC$Server.call(RPC.java:1025)
	at org.apache.hadoop.ipc.Server$RpcCall.run(Server.java:876)
	at org.apache.hadoop.ipc.Server$RpcCall.run(Server.java:822)
	at java.security.AccessController.doPrivileged(Native Method)
	at javax.security.auth.Subject.doAs(Subject.java:422)
	at org.apache.hadoop.security.UserGroupInformation.doAs(UserGroupInformation.java:1730)
	at org.apache.hadoop.ipc.Server$Handler.run(Server.java:2682)
, while invoking $Proxy37.submitRequest over nodeId=null,nodeAddress=localhost:42894 after 9 failover attempts. Trying to failover immediately.
2019-10-16 06:06:19,013 [IPC Server handler 8 on 42894] ERROR lock.LockManager (LockManager.java:getLockForReleasing(218)) - Trying to release the lock on /cf7d7221-8f18-49c3-826b-1f80e8bcccdc/b00b7c45-263e-4c40-ab02-3064aafe13cd, which was never acquired.
2019-10-16 06:06:19,013 [IPC Server handler 8 on 42894] WARN  ipc.Server (Server.java:logException(2724)) - IPC Server handler 8 on 42894, call Call#3252 Retry#10 org.apache.hadoop.ozone.om.protocol.OzoneManagerProtocol.submitRequest from 127.0.0.1:60690
java.lang.IllegalMonitorStateException: Releasing lock on resource /cf7d7221-8f18-49c3-826b-1f80e8bcccdc/b00b7c45-263e-4c40-ab02-3064aafe13cd without acquiring lock
	at org.apache.hadoop.ozone.lock.LockManager.getLockForReleasing(LockManager.java:220)
	at org.apache.hadoop.ozone.lock.LockManager.release(LockManager.java:168)
	at org.apache.hadoop.ozone.lock.LockManager.writeUnlock(LockManager.java:148)
	at org.apache.hadoop.ozone.om.lock.OzoneManagerLock.unlock(OzoneManagerLock.java:364)
	at org.apache.hadoop.ozone.om.lock.OzoneManagerLock.releaseWriteLock(OzoneManagerLock.java:329)
	at org.apache.hadoop.ozone.om.request.key.OMKeyCommitRequest.validateAndUpdateCache(OMKeyCommitRequest.java:177)
	at org.apache.hadoop.ozone.protocolPB.OzoneManagerProtocolServerSideTranslatorPB.submitRequestDirectlyToOM(OzoneManagerProtocolServerSideTranslatorPB.java:219)
	at org.apache.hadoop.ozone.protocolPB.OzoneManagerProtocolServerSideTranslatorPB.processRequest(OzoneManagerProtocolServerSideTranslatorPB.java:134)
	at org.apache.hadoop.hdds.server.OzoneProtocolMessageDispatcher.processRequest(OzoneProtocolMessageDispatcher.java:72)
	at org.apache.hadoop.ozone.protocolPB.OzoneManagerProtocolServerSideTranslatorPB.submitRequest(OzoneManagerProtocolServerSideTranslatorPB.java:100)
	at org.apache.hadoop.ozone.protocol.proto.OzoneManagerProtocolProtos$OzoneManagerService$2.callBlockingMethod(OzoneManagerProtocolProtos.java)
	at org.apache.hadoop.ipc.ProtobufRpcEngine$Server$ProtoBufRpcInvoker.call(ProtobufRpcEngine.java:524)
	at org.apache.hadoop.ipc.RPC$Server.call(RPC.java:1025)
	at org.apache.hadoop.ipc.Server$RpcCall.run(Server.java:876)
	at org.apache.hadoop.ipc.Server$RpcCall.run(Server.java:822)
	at java.security.AccessController.doPrivileged(Native Method)
	at javax.security.auth.Subject.doAs(Subject.java:422)
	at org.apache.hadoop.security.UserGroupInformation.doAs(UserGroupInformation.java:1730)
	at org.apache.hadoop.ipc.Server$Handler.run(Server.java:2682)
2019-10-16 06:06:19,014 [main] ERROR ha.OMFailoverProxyProvider (OzoneManagerProtocolClientSideTranslatorPB.java:getRetryAction(268)) - Failed to connect to OM. Attempted 10 retries and 10 failovers
]]></system-out>
  </testcase>
  <testcase name="testDeletedKeyForGDPR" classname="org.apache.hadoop.ozone.client.rpc.TestSecureOzoneRpcClient" time="0.219">
    <error message="Releasing lock on resource /02d5bbbc-0320-4c00-a346-ebcbd0524974/cfe62269-8296-4d71-a53f-04081d448b3c without acquiring lock&#10;	at org.apache.hadoop.ozone.lock.LockManager.getLockForReleasing(LockManager.java:220)&#10;	at org.apache.hadoop.ozone.lock.LockManager.release(LockManager.java:168)&#10;	at org.apache.hadoop.ozone.lock.LockManager.writeUnlock(LockManager.java:148)&#10;	at org.apache.hadoop.ozone.om.lock.OzoneManagerLock.unlock(OzoneManagerLock.java:364)&#10;	at org.apache.hadoop.ozone.om.lock.OzoneManagerLock.releaseWriteLock(OzoneManagerLock.java:329)&#10;	at org.apache.hadoop.ozone.om.request.key.OMKeyCommitRequest.validateAndUpdateCache(OMKeyCommitRequest.java:177)&#10;	at org.apache.hadoop.ozone.protocolPB.OzoneManagerProtocolServerSideTranslatorPB.submitRequestDirectlyToOM(OzoneManagerProtocolServerSideTranslatorPB.java:219)&#10;	at org.apache.hadoop.ozone.protocolPB.OzoneManagerProtocolServerSideTranslatorPB.processRequest(OzoneManagerProtocolServerSideTranslatorPB.java:134)&#10;	at org.apache.hadoop.hdds.server.OzoneProtocolMessageDispatcher.processRequest(OzoneProtocolMessageDispatcher.java:72)&#10;	at org.apache.hadoop.ozone.protocolPB.OzoneManagerProtocolServerSideTranslatorPB.submitRequest(OzoneManagerProtocolServerSideTranslatorPB.java:100)&#10;	at org.apache.hadoop.ozone.protocol.proto.OzoneManagerProtocolProtos$OzoneManagerService$2.callBlockingMethod(OzoneManagerProtocolProtos.java)&#10;	at org.apache.hadoop.ipc.ProtobufRpcEngine$Server$ProtoBufRpcInvoker.call(ProtobufRpcEngine.java:524)&#10;	at org.apache.hadoop.ipc.RPC$Server.call(RPC.java:1025)&#10;	at org.apache.hadoop.ipc.Server$RpcCall.run(Server.java:876)&#10;	at org.apache.hadoop.ipc.Server$RpcCall.run(Server.java:822)&#10;	at java.security.AccessController.doPrivileged(Native Method)&#10;	at javax.security.auth.Subject.doAs(Subject.java:422)&#10;	at org.apache.hadoop.security.UserGroupInformation.doAs(UserGroupInformation.java:1730)&#10;	at org.apache.hadoop.ipc.Server$Handler.run(Server.java:2682)&#10;" type="org.apache.hadoop.ipc.RemoteException(java.lang.IllegalMonitorStateException)">org.apache.hadoop.ipc.RemoteException(java.lang.IllegalMonitorStateException): Releasing lock on resource /02d5bbbc-0320-4c00-a346-ebcbd0524974/cfe62269-8296-4d71-a53f-04081d448b3c without acquiring lock
	at org.apache.hadoop.ozone.lock.LockManager.getLockForReleasing(LockManager.java:220)
	at org.apache.hadoop.ozone.lock.LockManager.release(LockManager.java:168)
	at org.apache.hadoop.ozone.lock.LockManager.writeUnlock(LockManager.java:148)
	at org.apache.hadoop.ozone.om.lock.OzoneManagerLock.unlock(OzoneManagerLock.java:364)
	at org.apache.hadoop.ozone.om.lock.OzoneManagerLock.releaseWriteLock(OzoneManagerLock.java:329)
	at org.apache.hadoop.ozone.om.request.key.OMKeyCommitRequest.validateAndUpdateCache(OMKeyCommitRequest.java:177)
	at org.apache.hadoop.ozone.protocolPB.OzoneManagerProtocolServerSideTranslatorPB.submitRequestDirectlyToOM(OzoneManagerProtocolServerSideTranslatorPB.java:219)
	at org.apache.hadoop.ozone.protocolPB.OzoneManagerProtocolServerSideTranslatorPB.processRequest(OzoneManagerProtocolServerSideTranslatorPB.java:134)
	at org.apache.hadoop.hdds.server.OzoneProtocolMessageDispatcher.processRequest(OzoneProtocolMessageDispatcher.java:72)
	at org.apache.hadoop.ozone.protocolPB.OzoneManagerProtocolServerSideTranslatorPB.submitRequest(OzoneManagerProtocolServerSideTranslatorPB.java:100)
	at org.apache.hadoop.ozone.protocol.proto.OzoneManagerProtocolProtos$OzoneManagerService$2.callBlockingMethod(OzoneManagerProtocolProtos.java)
	at org.apache.hadoop.ipc.ProtobufRpcEngine$Server$ProtoBufRpcInvoker.call(ProtobufRpcEngine.java:524)
	at org.apache.hadoop.ipc.RPC$Server.call(RPC.java:1025)
	at org.apache.hadoop.ipc.Server$RpcCall.run(Server.java:876)
	at org.apache.hadoop.ipc.Server$RpcCall.run(Server.java:822)
	at java.security.AccessController.doPrivileged(Native Method)
	at javax.security.auth.Subject.doAs(Subject.java:422)
	at org.apache.hadoop.security.UserGroupInformation.doAs(UserGroupInformation.java:1730)
	at org.apache.hadoop.ipc.Server$Handler.run(Server.java:2682)

	at org.apache.hadoop.ipc.Client.getRpcResponse(Client.java:1511)
	at org.apache.hadoop.ipc.Client.call(Client.java:1457)
	at org.apache.hadoop.ipc.Client.call(Client.java:1367)
	at org.apache.hadoop.ipc.ProtobufRpcEngine$Invoker.invoke(ProtobufRpcEngine.java:228)
	at org.apache.hadoop.ipc.ProtobufRpcEngine$Invoker.invoke(ProtobufRpcEngine.java:116)
	at com.sun.proxy.$Proxy37.submitRequest(Unknown Source)
	at sun.reflect.GeneratedMethodAccessor72.invoke(Unknown Source)
	at sun.reflect.DelegatingMethodAccessorImpl.invoke(DelegatingMethodAccessorImpl.java:43)
	at java.lang.reflect.Method.invoke(Method.java:498)
	at org.apache.hadoop.io.retry.RetryInvocationHandler.invokeMethod(RetryInvocationHandler.java:422)
	at org.apache.hadoop.io.retry.RetryInvocationHandler$Call.invokeMethod(RetryInvocationHandler.java:165)
	at org.apache.hadoop.io.retry.RetryInvocationHandler$Call.invoke(RetryInvocationHandler.java:157)
	at org.apache.hadoop.io.retry.RetryInvocationHandler$Call.invokeOnce(RetryInvocationHandler.java:95)
	at org.apache.hadoop.io.retry.RetryInvocationHandler.invoke(RetryInvocationHandler.java:359)
	at com.sun.proxy.$Proxy37.submitRequest(Unknown Source)
	at org.apache.hadoop.ozone.om.protocolPB.OzoneManagerProtocolClientSideTranslatorPB.submitRequest(OzoneManagerProtocolClientSideTranslatorPB.java:338)
	at org.apache.hadoop.ozone.om.protocolPB.OzoneManagerProtocolClientSideTranslatorPB.commitKey(OzoneManagerProtocolClientSideTranslatorPB.java:789)
	at sun.reflect.NativeMethodAccessorImpl.invoke0(Native Method)
	at sun.reflect.NativeMethodAccessorImpl.invoke(NativeMethodAccessorImpl.java:62)
	at sun.reflect.DelegatingMethodAccessorImpl.invoke(DelegatingMethodAccessorImpl.java:43)
	at java.lang.reflect.Method.invoke(Method.java:498)
	at org.apache.hadoop.hdds.tracing.TraceAllMethod.invoke(TraceAllMethod.java:66)
	at com.sun.proxy.$Proxy38.commitKey(Unknown Source)
	at org.apache.hadoop.ozone.client.io.BlockOutputStreamEntryPool.commitKey(BlockOutputStreamEntryPool.java:277)
	at org.apache.hadoop.ozone.client.io.KeyOutputStream.close(KeyOutputStream.java:474)
	at javax.crypto.CipherOutputStream.close(CipherOutputStream.java:225)
	at org.apache.hadoop.ozone.client.io.OzoneOutputStream.close(OzoneOutputStream.java:60)
	at org.apache.hadoop.ozone.client.rpc.TestOzoneRpcClientAbstract.testDeletedKeyForGDPR(TestOzoneRpcClientAbstract.java:2775)
	at sun.reflect.NativeMethodAccessorImpl.invoke0(Native Method)
	at sun.reflect.NativeMethodAccessorImpl.invoke(NativeMethodAccessorImpl.java:62)
	at sun.reflect.DelegatingMethodAccessorImpl.invoke(DelegatingMethodAccessorImpl.java:43)
	at java.lang.reflect.Method.invoke(Method.java:498)
	at org.junit.runners.model.FrameworkMethod$1.runReflectiveCall(FrameworkMethod.java:47)
	at org.junit.internal.runners.model.ReflectiveCallable.run(ReflectiveCallable.java:12)
	at org.junit.runners.model.FrameworkMethod.invokeExplosively(FrameworkMethod.java:44)
	at org.junit.internal.runners.statements.InvokeMethod.evaluate(InvokeMethod.java:17)
	at org.junit.runners.ParentRunner.runLeaf(ParentRunner.java:271)
	at org.junit.runners.BlockJUnit4ClassRunner.runChild(BlockJUnit4ClassRunner.java:70)
	at org.junit.runners.BlockJUnit4ClassRunner.runChild(BlockJUnit4ClassRunner.java:50)
	at org.junit.runners.ParentRunner$3.run(ParentRunner.java:238)
	at org.junit.runners.ParentRunner$1.schedule(ParentRunner.java:63)
	at org.junit.runners.ParentRunner.runChildren(ParentRunner.java:236)
	at org.junit.runners.ParentRunner.access$000(ParentRunner.java:53)
	at org.junit.runners.ParentRunner$2.evaluate(ParentRunner.java:229)
	at org.junit.internal.runners.statements.RunBefores.evaluate(RunBefores.java:26)
	at org.junit.internal.runners.statements.RunAfters.evaluate(RunAfters.java:27)
	at org.junit.runners.ParentRunner.run(ParentRunner.java:309)
	at org.apache.maven.surefire.junit4.JUnit4Provider.execute(JUnit4Provider.java:365)
	at org.apache.maven.surefire.junit4.JUnit4Provider.executeWithRerun(JUnit4Provider.java:273)
	at org.apache.maven.surefire.junit4.JUnit4Provider.executeTestSet(JUnit4Provider.java:238)
	at org.apache.maven.surefire.junit4.JUnit4Provider.invoke(JUnit4Provider.java:159)
	at org.apache.maven.surefire.booter.ForkedBooter.invokeProviderInSameClassLoader(ForkedBooter.java:384)
	at org.apache.maven.surefire.booter.ForkedBooter.runSuitesInProcess(ForkedBooter.java:345)
	at org.apache.maven.surefire.booter.ForkedBooter.execute(ForkedBooter.java:126)
	at org.apache.maven.surefire.booter.ForkedBooter.main(ForkedBooter.java:418)
</error>
    <system-out><![CDATA[2019-10-16 06:06:19,016 [main] INFO  rpc.RpcClient (RpcClient.java:createVolume(272)) - Creating Volume: 02d5bbbc-0320-4c00-a346-ebcbd0524974, with jenkins1000 as owner.
2019-10-16 06:06:19,017 [IPC Server handler 6 on 42894] INFO  volume.OMVolumeCreateRequest (OMVolumeCreateRequest.java:validateAndUpdateCache(193)) - created volume:02d5bbbc-0320-4c00-a346-ebcbd0524974 for user:jenkins1000
2019-10-16 06:06:19,035 [main] INFO  rpc.RpcClient (RpcClient.java:createBucket(411)) - Creating Bucket: 02d5bbbc-0320-4c00-a346-ebcbd0524974/cfe62269-8296-4d71-a53f-04081d448b3c, with Versioning false and Storage Type set to DISK and Encryption set to false 
2019-10-16 06:06:19,204 [IPC Server handler 4 on 42894] ERROR lock.LockManager (LockManager.java:getLockForReleasing(218)) - Trying to release the lock on /02d5bbbc-0320-4c00-a346-ebcbd0524974/cfe62269-8296-4d71-a53f-04081d448b3c, which was never acquired.
2019-10-16 06:06:19,207 [IPC Server handler 4 on 42894] WARN  ipc.Server (Server.java:logException(2724)) - IPC Server handler 4 on 42894, call Call#3264 Retry#0 org.apache.hadoop.ozone.om.protocol.OzoneManagerProtocol.submitRequest from 127.0.0.1:60690
java.lang.IllegalMonitorStateException: Releasing lock on resource /02d5bbbc-0320-4c00-a346-ebcbd0524974/cfe62269-8296-4d71-a53f-04081d448b3c without acquiring lock
	at org.apache.hadoop.ozone.lock.LockManager.getLockForReleasing(LockManager.java:220)
	at org.apache.hadoop.ozone.lock.LockManager.release(LockManager.java:168)
	at org.apache.hadoop.ozone.lock.LockManager.writeUnlock(LockManager.java:148)
	at org.apache.hadoop.ozone.om.lock.OzoneManagerLock.unlock(OzoneManagerLock.java:364)
	at org.apache.hadoop.ozone.om.lock.OzoneManagerLock.releaseWriteLock(OzoneManagerLock.java:329)
	at org.apache.hadoop.ozone.om.request.key.OMKeyCommitRequest.validateAndUpdateCache(OMKeyCommitRequest.java:177)
	at org.apache.hadoop.ozone.protocolPB.OzoneManagerProtocolServerSideTranslatorPB.submitRequestDirectlyToOM(OzoneManagerProtocolServerSideTranslatorPB.java:219)
	at org.apache.hadoop.ozone.protocolPB.OzoneManagerProtocolServerSideTranslatorPB.processRequest(OzoneManagerProtocolServerSideTranslatorPB.java:134)
	at org.apache.hadoop.hdds.server.OzoneProtocolMessageDispatcher.processRequest(OzoneProtocolMessageDispatcher.java:72)
	at org.apache.hadoop.ozone.protocolPB.OzoneManagerProtocolServerSideTranslatorPB.submitRequest(OzoneManagerProtocolServerSideTranslatorPB.java:100)
	at org.apache.hadoop.ozone.protocol.proto.OzoneManagerProtocolProtos$OzoneManagerService$2.callBlockingMethod(OzoneManagerProtocolProtos.java)
	at org.apache.hadoop.ipc.ProtobufRpcEngine$Server$ProtoBufRpcInvoker.call(ProtobufRpcEngine.java:524)
	at org.apache.hadoop.ipc.RPC$Server.call(RPC.java:1025)
	at org.apache.hadoop.ipc.Server$RpcCall.run(Server.java:876)
	at org.apache.hadoop.ipc.Server$RpcCall.run(Server.java:822)
	at java.security.AccessController.doPrivileged(Native Method)
	at javax.security.auth.Subject.doAs(Subject.java:422)
	at org.apache.hadoop.security.UserGroupInformation.doAs(UserGroupInformation.java:1730)
	at org.apache.hadoop.ipc.Server$Handler.run(Server.java:2682)
2019-10-16 06:06:19,208 [main] INFO  retry.RetryInvocationHandler (RetryInvocationHandler.java:log(411)) - com.google.protobuf.ServiceException: org.apache.hadoop.ipc.RemoteException(java.lang.IllegalMonitorStateException): Releasing lock on resource /02d5bbbc-0320-4c00-a346-ebcbd0524974/cfe62269-8296-4d71-a53f-04081d448b3c without acquiring lock
	at org.apache.hadoop.ozone.lock.LockManager.getLockForReleasing(LockManager.java:220)
	at org.apache.hadoop.ozone.lock.LockManager.release(LockManager.java:168)
	at org.apache.hadoop.ozone.lock.LockManager.writeUnlock(LockManager.java:148)
	at org.apache.hadoop.ozone.om.lock.OzoneManagerLock.unlock(OzoneManagerLock.java:364)
	at org.apache.hadoop.ozone.om.lock.OzoneManagerLock.releaseWriteLock(OzoneManagerLock.java:329)
	at org.apache.hadoop.ozone.om.request.key.OMKeyCommitRequest.validateAndUpdateCache(OMKeyCommitRequest.java:177)
	at org.apache.hadoop.ozone.protocolPB.OzoneManagerProtocolServerSideTranslatorPB.submitRequestDirectlyToOM(OzoneManagerProtocolServerSideTranslatorPB.java:219)
	at org.apache.hadoop.ozone.protocolPB.OzoneManagerProtocolServerSideTranslatorPB.processRequest(OzoneManagerProtocolServerSideTranslatorPB.java:134)
	at org.apache.hadoop.hdds.server.OzoneProtocolMessageDispatcher.processRequest(OzoneProtocolMessageDispatcher.java:72)
	at org.apache.hadoop.ozone.protocolPB.OzoneManagerProtocolServerSideTranslatorPB.submitRequest(OzoneManagerProtocolServerSideTranslatorPB.java:100)
	at org.apache.hadoop.ozone.protocol.proto.OzoneManagerProtocolProtos$OzoneManagerService$2.callBlockingMethod(OzoneManagerProtocolProtos.java)
	at org.apache.hadoop.ipc.ProtobufRpcEngine$Server$ProtoBufRpcInvoker.call(ProtobufRpcEngine.java:524)
	at org.apache.hadoop.ipc.RPC$Server.call(RPC.java:1025)
	at org.apache.hadoop.ipc.Server$RpcCall.run(Server.java:876)
	at org.apache.hadoop.ipc.Server$RpcCall.run(Server.java:822)
	at java.security.AccessController.doPrivileged(Native Method)
	at javax.security.auth.Subject.doAs(Subject.java:422)
	at org.apache.hadoop.security.UserGroupInformation.doAs(UserGroupInformation.java:1730)
	at org.apache.hadoop.ipc.Server$Handler.run(Server.java:2682)
, while invoking $Proxy37.submitRequest over nodeId=null,nodeAddress=localhost:42894. Trying to failover immediately.
2019-10-16 06:06:19,210 [IPC Server handler 10 on 42894] ERROR lock.LockManager (LockManager.java:getLockForReleasing(218)) - Trying to release the lock on /02d5bbbc-0320-4c00-a346-ebcbd0524974/cfe62269-8296-4d71-a53f-04081d448b3c, which was never acquired.
2019-10-16 06:06:19,210 [IPC Server handler 10 on 42894] WARN  ipc.Server (Server.java:logException(2724)) - IPC Server handler 10 on 42894, call Call#3264 Retry#1 org.apache.hadoop.ozone.om.protocol.OzoneManagerProtocol.submitRequest from 127.0.0.1:60690
java.lang.IllegalMonitorStateException: Releasing lock on resource /02d5bbbc-0320-4c00-a346-ebcbd0524974/cfe62269-8296-4d71-a53f-04081d448b3c without acquiring lock
	at org.apache.hadoop.ozone.lock.LockManager.getLockForReleasing(LockManager.java:220)
	at org.apache.hadoop.ozone.lock.LockManager.release(LockManager.java:168)
	at org.apache.hadoop.ozone.lock.LockManager.writeUnlock(LockManager.java:148)
	at org.apache.hadoop.ozone.om.lock.OzoneManagerLock.unlock(OzoneManagerLock.java:364)
	at org.apache.hadoop.ozone.om.lock.OzoneManagerLock.releaseWriteLock(OzoneManagerLock.java:329)
	at org.apache.hadoop.ozone.om.request.key.OMKeyCommitRequest.validateAndUpdateCache(OMKeyCommitRequest.java:177)
	at org.apache.hadoop.ozone.protocolPB.OzoneManagerProtocolServerSideTranslatorPB.submitRequestDirectlyToOM(OzoneManagerProtocolServerSideTranslatorPB.java:219)
	at org.apache.hadoop.ozone.protocolPB.OzoneManagerProtocolServerSideTranslatorPB.processRequest(OzoneManagerProtocolServerSideTranslatorPB.java:134)
	at org.apache.hadoop.hdds.server.OzoneProtocolMessageDispatcher.processRequest(OzoneProtocolMessageDispatcher.java:72)
	at org.apache.hadoop.ozone.protocolPB.OzoneManagerProtocolServerSideTranslatorPB.submitRequest(OzoneManagerProtocolServerSideTranslatorPB.java:100)
	at org.apache.hadoop.ozone.protocol.proto.OzoneManagerProtocolProtos$OzoneManagerService$2.callBlockingMethod(OzoneManagerProtocolProtos.java)
	at org.apache.hadoop.ipc.ProtobufRpcEngine$Server$ProtoBufRpcInvoker.call(ProtobufRpcEngine.java:524)
	at org.apache.hadoop.ipc.RPC$Server.call(RPC.java:1025)
	at org.apache.hadoop.ipc.Server$RpcCall.run(Server.java:876)
	at org.apache.hadoop.ipc.Server$RpcCall.run(Server.java:822)
	at java.security.AccessController.doPrivileged(Native Method)
	at javax.security.auth.Subject.doAs(Subject.java:422)
	at org.apache.hadoop.security.UserGroupInformation.doAs(UserGroupInformation.java:1730)
	at org.apache.hadoop.ipc.Server$Handler.run(Server.java:2682)
2019-10-16 06:06:19,210 [main] INFO  retry.RetryInvocationHandler (RetryInvocationHandler.java:log(411)) - com.google.protobuf.ServiceException: org.apache.hadoop.ipc.RemoteException(java.lang.IllegalMonitorStateException): Releasing lock on resource /02d5bbbc-0320-4c00-a346-ebcbd0524974/cfe62269-8296-4d71-a53f-04081d448b3c without acquiring lock
	at org.apache.hadoop.ozone.lock.LockManager.getLockForReleasing(LockManager.java:220)
	at org.apache.hadoop.ozone.lock.LockManager.release(LockManager.java:168)
	at org.apache.hadoop.ozone.lock.LockManager.writeUnlock(LockManager.java:148)
	at org.apache.hadoop.ozone.om.lock.OzoneManagerLock.unlock(OzoneManagerLock.java:364)
	at org.apache.hadoop.ozone.om.lock.OzoneManagerLock.releaseWriteLock(OzoneManagerLock.java:329)
	at org.apache.hadoop.ozone.om.request.key.OMKeyCommitRequest.validateAndUpdateCache(OMKeyCommitRequest.java:177)
	at org.apache.hadoop.ozone.protocolPB.OzoneManagerProtocolServerSideTranslatorPB.submitRequestDirectlyToOM(OzoneManagerProtocolServerSideTranslatorPB.java:219)
	at org.apache.hadoop.ozone.protocolPB.OzoneManagerProtocolServerSideTranslatorPB.processRequest(OzoneManagerProtocolServerSideTranslatorPB.java:134)
	at org.apache.hadoop.hdds.server.OzoneProtocolMessageDispatcher.processRequest(OzoneProtocolMessageDispatcher.java:72)
	at org.apache.hadoop.ozone.protocolPB.OzoneManagerProtocolServerSideTranslatorPB.submitRequest(OzoneManagerProtocolServerSideTranslatorPB.java:100)
	at org.apache.hadoop.ozone.protocol.proto.OzoneManagerProtocolProtos$OzoneManagerService$2.callBlockingMethod(OzoneManagerProtocolProtos.java)
	at org.apache.hadoop.ipc.ProtobufRpcEngine$Server$ProtoBufRpcInvoker.call(ProtobufRpcEngine.java:524)
	at org.apache.hadoop.ipc.RPC$Server.call(RPC.java:1025)
	at org.apache.hadoop.ipc.Server$RpcCall.run(Server.java:876)
	at org.apache.hadoop.ipc.Server$RpcCall.run(Server.java:822)
	at java.security.AccessController.doPrivileged(Native Method)
	at javax.security.auth.Subject.doAs(Subject.java:422)
	at org.apache.hadoop.security.UserGroupInformation.doAs(UserGroupInformation.java:1730)
	at org.apache.hadoop.ipc.Server$Handler.run(Server.java:2682)
, while invoking $Proxy37.submitRequest over nodeId=null,nodeAddress=localhost:42894 after 1 failover attempts. Trying to failover immediately.
2019-10-16 06:06:19,212 [IPC Server handler 13 on 42894] ERROR lock.LockManager (LockManager.java:getLockForReleasing(218)) - Trying to release the lock on /02d5bbbc-0320-4c00-a346-ebcbd0524974/cfe62269-8296-4d71-a53f-04081d448b3c, which was never acquired.
2019-10-16 06:06:19,214 [IPC Server handler 13 on 42894] WARN  ipc.Server (Server.java:logException(2724)) - IPC Server handler 13 on 42894, call Call#3264 Retry#2 org.apache.hadoop.ozone.om.protocol.OzoneManagerProtocol.submitRequest from 127.0.0.1:60690
java.lang.IllegalMonitorStateException: Releasing lock on resource /02d5bbbc-0320-4c00-a346-ebcbd0524974/cfe62269-8296-4d71-a53f-04081d448b3c without acquiring lock
	at org.apache.hadoop.ozone.lock.LockManager.getLockForReleasing(LockManager.java:220)
	at org.apache.hadoop.ozone.lock.LockManager.release(LockManager.java:168)
	at org.apache.hadoop.ozone.lock.LockManager.writeUnlock(LockManager.java:148)
	at org.apache.hadoop.ozone.om.lock.OzoneManagerLock.unlock(OzoneManagerLock.java:364)
	at org.apache.hadoop.ozone.om.lock.OzoneManagerLock.releaseWriteLock(OzoneManagerLock.java:329)
	at org.apache.hadoop.ozone.om.request.key.OMKeyCommitRequest.validateAndUpdateCache(OMKeyCommitRequest.java:177)
	at org.apache.hadoop.ozone.protocolPB.OzoneManagerProtocolServerSideTranslatorPB.submitRequestDirectlyToOM(OzoneManagerProtocolServerSideTranslatorPB.java:219)
	at org.apache.hadoop.ozone.protocolPB.OzoneManagerProtocolServerSideTranslatorPB.processRequest(OzoneManagerProtocolServerSideTranslatorPB.java:134)
	at org.apache.hadoop.hdds.server.OzoneProtocolMessageDispatcher.processRequest(OzoneProtocolMessageDispatcher.java:72)
	at org.apache.hadoop.ozone.protocolPB.OzoneManagerProtocolServerSideTranslatorPB.submitRequest(OzoneManagerProtocolServerSideTranslatorPB.java:100)
	at org.apache.hadoop.ozone.protocol.proto.OzoneManagerProtocolProtos$OzoneManagerService$2.callBlockingMethod(OzoneManagerProtocolProtos.java)
	at org.apache.hadoop.ipc.ProtobufRpcEngine$Server$ProtoBufRpcInvoker.call(ProtobufRpcEngine.java:524)
	at org.apache.hadoop.ipc.RPC$Server.call(RPC.java:1025)
	at org.apache.hadoop.ipc.Server$RpcCall.run(Server.java:876)
	at org.apache.hadoop.ipc.Server$RpcCall.run(Server.java:822)
	at java.security.AccessController.doPrivileged(Native Method)
	at javax.security.auth.Subject.doAs(Subject.java:422)
	at org.apache.hadoop.security.UserGroupInformation.doAs(UserGroupInformation.java:1730)
	at org.apache.hadoop.ipc.Server$Handler.run(Server.java:2682)
2019-10-16 06:06:19,214 [main] INFO  retry.RetryInvocationHandler (RetryInvocationHandler.java:log(411)) - com.google.protobuf.ServiceException: org.apache.hadoop.ipc.RemoteException(java.lang.IllegalMonitorStateException): Releasing lock on resource /02d5bbbc-0320-4c00-a346-ebcbd0524974/cfe62269-8296-4d71-a53f-04081d448b3c without acquiring lock
	at org.apache.hadoop.ozone.lock.LockManager.getLockForReleasing(LockManager.java:220)
	at org.apache.hadoop.ozone.lock.LockManager.release(LockManager.java:168)
	at org.apache.hadoop.ozone.lock.LockManager.writeUnlock(LockManager.java:148)
	at org.apache.hadoop.ozone.om.lock.OzoneManagerLock.unlock(OzoneManagerLock.java:364)
	at org.apache.hadoop.ozone.om.lock.OzoneManagerLock.releaseWriteLock(OzoneManagerLock.java:329)
	at org.apache.hadoop.ozone.om.request.key.OMKeyCommitRequest.validateAndUpdateCache(OMKeyCommitRequest.java:177)
	at org.apache.hadoop.ozone.protocolPB.OzoneManagerProtocolServerSideTranslatorPB.submitRequestDirectlyToOM(OzoneManagerProtocolServerSideTranslatorPB.java:219)
	at org.apache.hadoop.ozone.protocolPB.OzoneManagerProtocolServerSideTranslatorPB.processRequest(OzoneManagerProtocolServerSideTranslatorPB.java:134)
	at org.apache.hadoop.hdds.server.OzoneProtocolMessageDispatcher.processRequest(OzoneProtocolMessageDispatcher.java:72)
	at org.apache.hadoop.ozone.protocolPB.OzoneManagerProtocolServerSideTranslatorPB.submitRequest(OzoneManagerProtocolServerSideTranslatorPB.java:100)
	at org.apache.hadoop.ozone.protocol.proto.OzoneManagerProtocolProtos$OzoneManagerService$2.callBlockingMethod(OzoneManagerProtocolProtos.java)
	at org.apache.hadoop.ipc.ProtobufRpcEngine$Server$ProtoBufRpcInvoker.call(ProtobufRpcEngine.java:524)
	at org.apache.hadoop.ipc.RPC$Server.call(RPC.java:1025)
	at org.apache.hadoop.ipc.Server$RpcCall.run(Server.java:876)
	at org.apache.hadoop.ipc.Server$RpcCall.run(Server.java:822)
	at java.security.AccessController.doPrivileged(Native Method)
	at javax.security.auth.Subject.doAs(Subject.java:422)
	at org.apache.hadoop.security.UserGroupInformation.doAs(UserGroupInformation.java:1730)
	at org.apache.hadoop.ipc.Server$Handler.run(Server.java:2682)
, while invoking $Proxy37.submitRequest over nodeId=null,nodeAddress=localhost:42894 after 2 failover attempts. Trying to failover immediately.
2019-10-16 06:06:19,216 [IPC Server handler 19 on 42894] ERROR lock.LockManager (LockManager.java:getLockForReleasing(218)) - Trying to release the lock on /02d5bbbc-0320-4c00-a346-ebcbd0524974/cfe62269-8296-4d71-a53f-04081d448b3c, which was never acquired.
2019-10-16 06:06:19,218 [IPC Server handler 19 on 42894] WARN  ipc.Server (Server.java:logException(2724)) - IPC Server handler 19 on 42894, call Call#3264 Retry#3 org.apache.hadoop.ozone.om.protocol.OzoneManagerProtocol.submitRequest from 127.0.0.1:60690
java.lang.IllegalMonitorStateException: Releasing lock on resource /02d5bbbc-0320-4c00-a346-ebcbd0524974/cfe62269-8296-4d71-a53f-04081d448b3c without acquiring lock
	at org.apache.hadoop.ozone.lock.LockManager.getLockForReleasing(LockManager.java:220)
	at org.apache.hadoop.ozone.lock.LockManager.release(LockManager.java:168)
	at org.apache.hadoop.ozone.lock.LockManager.writeUnlock(LockManager.java:148)
	at org.apache.hadoop.ozone.om.lock.OzoneManagerLock.unlock(OzoneManagerLock.java:364)
	at org.apache.hadoop.ozone.om.lock.OzoneManagerLock.releaseWriteLock(OzoneManagerLock.java:329)
	at org.apache.hadoop.ozone.om.request.key.OMKeyCommitRequest.validateAndUpdateCache(OMKeyCommitRequest.java:177)
	at org.apache.hadoop.ozone.protocolPB.OzoneManagerProtocolServerSideTranslatorPB.submitRequestDirectlyToOM(OzoneManagerProtocolServerSideTranslatorPB.java:219)
	at org.apache.hadoop.ozone.protocolPB.OzoneManagerProtocolServerSideTranslatorPB.processRequest(OzoneManagerProtocolServerSideTranslatorPB.java:134)
	at org.apache.hadoop.hdds.server.OzoneProtocolMessageDispatcher.processRequest(OzoneProtocolMessageDispatcher.java:72)
	at org.apache.hadoop.ozone.protocolPB.OzoneManagerProtocolServerSideTranslatorPB.submitRequest(OzoneManagerProtocolServerSideTranslatorPB.java:100)
	at org.apache.hadoop.ozone.protocol.proto.OzoneManagerProtocolProtos$OzoneManagerService$2.callBlockingMethod(OzoneManagerProtocolProtos.java)
	at org.apache.hadoop.ipc.ProtobufRpcEngine$Server$ProtoBufRpcInvoker.call(ProtobufRpcEngine.java:524)
	at org.apache.hadoop.ipc.RPC$Server.call(RPC.java:1025)
	at org.apache.hadoop.ipc.Server$RpcCall.run(Server.java:876)
	at org.apache.hadoop.ipc.Server$RpcCall.run(Server.java:822)
	at java.security.AccessController.doPrivileged(Native Method)
	at javax.security.auth.Subject.doAs(Subject.java:422)
	at org.apache.hadoop.security.UserGroupInformation.doAs(UserGroupInformation.java:1730)
	at org.apache.hadoop.ipc.Server$Handler.run(Server.java:2682)
2019-10-16 06:06:19,219 [main] INFO  retry.RetryInvocationHandler (RetryInvocationHandler.java:log(411)) - com.google.protobuf.ServiceException: org.apache.hadoop.ipc.RemoteException(java.lang.IllegalMonitorStateException): Releasing lock on resource /02d5bbbc-0320-4c00-a346-ebcbd0524974/cfe62269-8296-4d71-a53f-04081d448b3c without acquiring lock
	at org.apache.hadoop.ozone.lock.LockManager.getLockForReleasing(LockManager.java:220)
	at org.apache.hadoop.ozone.lock.LockManager.release(LockManager.java:168)
	at org.apache.hadoop.ozone.lock.LockManager.writeUnlock(LockManager.java:148)
	at org.apache.hadoop.ozone.om.lock.OzoneManagerLock.unlock(OzoneManagerLock.java:364)
	at org.apache.hadoop.ozone.om.lock.OzoneManagerLock.releaseWriteLock(OzoneManagerLock.java:329)
	at org.apache.hadoop.ozone.om.request.key.OMKeyCommitRequest.validateAndUpdateCache(OMKeyCommitRequest.java:177)
	at org.apache.hadoop.ozone.protocolPB.OzoneManagerProtocolServerSideTranslatorPB.submitRequestDirectlyToOM(OzoneManagerProtocolServerSideTranslatorPB.java:219)
	at org.apache.hadoop.ozone.protocolPB.OzoneManagerProtocolServerSideTranslatorPB.processRequest(OzoneManagerProtocolServerSideTranslatorPB.java:134)
	at org.apache.hadoop.hdds.server.OzoneProtocolMessageDispatcher.processRequest(OzoneProtocolMessageDispatcher.java:72)
	at org.apache.hadoop.ozone.protocolPB.OzoneManagerProtocolServerSideTranslatorPB.submitRequest(OzoneManagerProtocolServerSideTranslatorPB.java:100)
	at org.apache.hadoop.ozone.protocol.proto.OzoneManagerProtocolProtos$OzoneManagerService$2.callBlockingMethod(OzoneManagerProtocolProtos.java)
	at org.apache.hadoop.ipc.ProtobufRpcEngine$Server$ProtoBufRpcInvoker.call(ProtobufRpcEngine.java:524)
	at org.apache.hadoop.ipc.RPC$Server.call(RPC.java:1025)
	at org.apache.hadoop.ipc.Server$RpcCall.run(Server.java:876)
	at org.apache.hadoop.ipc.Server$RpcCall.run(Server.java:822)
	at java.security.AccessController.doPrivileged(Native Method)
	at javax.security.auth.Subject.doAs(Subject.java:422)
	at org.apache.hadoop.security.UserGroupInformation.doAs(UserGroupInformation.java:1730)
	at org.apache.hadoop.ipc.Server$Handler.run(Server.java:2682)
, while invoking $Proxy37.submitRequest over nodeId=null,nodeAddress=localhost:42894 after 3 failover attempts. Trying to failover immediately.
2019-10-16 06:06:19,220 [IPC Server handler 1 on 42894] ERROR lock.LockManager (LockManager.java:getLockForReleasing(218)) - Trying to release the lock on /02d5bbbc-0320-4c00-a346-ebcbd0524974/cfe62269-8296-4d71-a53f-04081d448b3c, which was never acquired.
2019-10-16 06:06:19,220 [IPC Server handler 1 on 42894] WARN  ipc.Server (Server.java:logException(2724)) - IPC Server handler 1 on 42894, call Call#3264 Retry#4 org.apache.hadoop.ozone.om.protocol.OzoneManagerProtocol.submitRequest from 127.0.0.1:60690
java.lang.IllegalMonitorStateException: Releasing lock on resource /02d5bbbc-0320-4c00-a346-ebcbd0524974/cfe62269-8296-4d71-a53f-04081d448b3c without acquiring lock
	at org.apache.hadoop.ozone.lock.LockManager.getLockForReleasing(LockManager.java:220)
	at org.apache.hadoop.ozone.lock.LockManager.release(LockManager.java:168)
	at org.apache.hadoop.ozone.lock.LockManager.writeUnlock(LockManager.java:148)
	at org.apache.hadoop.ozone.om.lock.OzoneManagerLock.unlock(OzoneManagerLock.java:364)
	at org.apache.hadoop.ozone.om.lock.OzoneManagerLock.releaseWriteLock(OzoneManagerLock.java:329)
	at org.apache.hadoop.ozone.om.request.key.OMKeyCommitRequest.validateAndUpdateCache(OMKeyCommitRequest.java:177)
	at org.apache.hadoop.ozone.protocolPB.OzoneManagerProtocolServerSideTranslatorPB.submitRequestDirectlyToOM(OzoneManagerProtocolServerSideTranslatorPB.java:219)
	at org.apache.hadoop.ozone.protocolPB.OzoneManagerProtocolServerSideTranslatorPB.processRequest(OzoneManagerProtocolServerSideTranslatorPB.java:134)
	at org.apache.hadoop.hdds.server.OzoneProtocolMessageDispatcher.processRequest(OzoneProtocolMessageDispatcher.java:72)
	at org.apache.hadoop.ozone.protocolPB.OzoneManagerProtocolServerSideTranslatorPB.submitRequest(OzoneManagerProtocolServerSideTranslatorPB.java:100)
	at org.apache.hadoop.ozone.protocol.proto.OzoneManagerProtocolProtos$OzoneManagerService$2.callBlockingMethod(OzoneManagerProtocolProtos.java)
	at org.apache.hadoop.ipc.ProtobufRpcEngine$Server$ProtoBufRpcInvoker.call(ProtobufRpcEngine.java:524)
	at org.apache.hadoop.ipc.RPC$Server.call(RPC.java:1025)
	at org.apache.hadoop.ipc.Server$RpcCall.run(Server.java:876)
	at org.apache.hadoop.ipc.Server$RpcCall.run(Server.java:822)
	at java.security.AccessController.doPrivileged(Native Method)
	at javax.security.auth.Subject.doAs(Subject.java:422)
	at org.apache.hadoop.security.UserGroupInformation.doAs(UserGroupInformation.java:1730)
	at org.apache.hadoop.ipc.Server$Handler.run(Server.java:2682)
2019-10-16 06:06:19,220 [main] INFO  retry.RetryInvocationHandler (RetryInvocationHandler.java:log(411)) - com.google.protobuf.ServiceException: org.apache.hadoop.ipc.RemoteException(java.lang.IllegalMonitorStateException): Releasing lock on resource /02d5bbbc-0320-4c00-a346-ebcbd0524974/cfe62269-8296-4d71-a53f-04081d448b3c without acquiring lock
	at org.apache.hadoop.ozone.lock.LockManager.getLockForReleasing(LockManager.java:220)
	at org.apache.hadoop.ozone.lock.LockManager.release(LockManager.java:168)
	at org.apache.hadoop.ozone.lock.LockManager.writeUnlock(LockManager.java:148)
	at org.apache.hadoop.ozone.om.lock.OzoneManagerLock.unlock(OzoneManagerLock.java:364)
	at org.apache.hadoop.ozone.om.lock.OzoneManagerLock.releaseWriteLock(OzoneManagerLock.java:329)
	at org.apache.hadoop.ozone.om.request.key.OMKeyCommitRequest.validateAndUpdateCache(OMKeyCommitRequest.java:177)
	at org.apache.hadoop.ozone.protocolPB.OzoneManagerProtocolServerSideTranslatorPB.submitRequestDirectlyToOM(OzoneManagerProtocolServerSideTranslatorPB.java:219)
	at org.apache.hadoop.ozone.protocolPB.OzoneManagerProtocolServerSideTranslatorPB.processRequest(OzoneManagerProtocolServerSideTranslatorPB.java:134)
	at org.apache.hadoop.hdds.server.OzoneProtocolMessageDispatcher.processRequest(OzoneProtocolMessageDispatcher.java:72)
	at org.apache.hadoop.ozone.protocolPB.OzoneManagerProtocolServerSideTranslatorPB.submitRequest(OzoneManagerProtocolServerSideTranslatorPB.java:100)
	at org.apache.hadoop.ozone.protocol.proto.OzoneManagerProtocolProtos$OzoneManagerService$2.callBlockingMethod(OzoneManagerProtocolProtos.java)
	at org.apache.hadoop.ipc.ProtobufRpcEngine$Server$ProtoBufRpcInvoker.call(ProtobufRpcEngine.java:524)
	at org.apache.hadoop.ipc.RPC$Server.call(RPC.java:1025)
	at org.apache.hadoop.ipc.Server$RpcCall.run(Server.java:876)
	at org.apache.hadoop.ipc.Server$RpcCall.run(Server.java:822)
	at java.security.AccessController.doPrivileged(Native Method)
	at javax.security.auth.Subject.doAs(Subject.java:422)
	at org.apache.hadoop.security.UserGroupInformation.doAs(UserGroupInformation.java:1730)
	at org.apache.hadoop.ipc.Server$Handler.run(Server.java:2682)
, while invoking $Proxy37.submitRequest over nodeId=null,nodeAddress=localhost:42894 after 4 failover attempts. Trying to failover immediately.
2019-10-16 06:06:19,222 [IPC Server handler 17 on 42894] ERROR lock.LockManager (LockManager.java:getLockForReleasing(218)) - Trying to release the lock on /02d5bbbc-0320-4c00-a346-ebcbd0524974/cfe62269-8296-4d71-a53f-04081d448b3c, which was never acquired.
2019-10-16 06:06:19,223 [IPC Server handler 17 on 42894] WARN  ipc.Server (Server.java:logException(2724)) - IPC Server handler 17 on 42894, call Call#3264 Retry#5 org.apache.hadoop.ozone.om.protocol.OzoneManagerProtocol.submitRequest from 127.0.0.1:60690
java.lang.IllegalMonitorStateException: Releasing lock on resource /02d5bbbc-0320-4c00-a346-ebcbd0524974/cfe62269-8296-4d71-a53f-04081d448b3c without acquiring lock
	at org.apache.hadoop.ozone.lock.LockManager.getLockForReleasing(LockManager.java:220)
	at org.apache.hadoop.ozone.lock.LockManager.release(LockManager.java:168)
	at org.apache.hadoop.ozone.lock.LockManager.writeUnlock(LockManager.java:148)
	at org.apache.hadoop.ozone.om.lock.OzoneManagerLock.unlock(OzoneManagerLock.java:364)
	at org.apache.hadoop.ozone.om.lock.OzoneManagerLock.releaseWriteLock(OzoneManagerLock.java:329)
	at org.apache.hadoop.ozone.om.request.key.OMKeyCommitRequest.validateAndUpdateCache(OMKeyCommitRequest.java:177)
	at org.apache.hadoop.ozone.protocolPB.OzoneManagerProtocolServerSideTranslatorPB.submitRequestDirectlyToOM(OzoneManagerProtocolServerSideTranslatorPB.java:219)
	at org.apache.hadoop.ozone.protocolPB.OzoneManagerProtocolServerSideTranslatorPB.processRequest(OzoneManagerProtocolServerSideTranslatorPB.java:134)
	at org.apache.hadoop.hdds.server.OzoneProtocolMessageDispatcher.processRequest(OzoneProtocolMessageDispatcher.java:72)
	at org.apache.hadoop.ozone.protocolPB.OzoneManagerProtocolServerSideTranslatorPB.submitRequest(OzoneManagerProtocolServerSideTranslatorPB.java:100)
	at org.apache.hadoop.ozone.protocol.proto.OzoneManagerProtocolProtos$OzoneManagerService$2.callBlockingMethod(OzoneManagerProtocolProtos.java)
	at org.apache.hadoop.ipc.ProtobufRpcEngine$Server$ProtoBufRpcInvoker.call(ProtobufRpcEngine.java:524)
	at org.apache.hadoop.ipc.RPC$Server.call(RPC.java:1025)
	at org.apache.hadoop.ipc.Server$RpcCall.run(Server.java:876)
	at org.apache.hadoop.ipc.Server$RpcCall.run(Server.java:822)
	at java.security.AccessController.doPrivileged(Native Method)
	at javax.security.auth.Subject.doAs(Subject.java:422)
	at org.apache.hadoop.security.UserGroupInformation.doAs(UserGroupInformation.java:1730)
	at org.apache.hadoop.ipc.Server$Handler.run(Server.java:2682)
2019-10-16 06:06:19,223 [main] INFO  retry.RetryInvocationHandler (RetryInvocationHandler.java:log(411)) - com.google.protobuf.ServiceException: org.apache.hadoop.ipc.RemoteException(java.lang.IllegalMonitorStateException): Releasing lock on resource /02d5bbbc-0320-4c00-a346-ebcbd0524974/cfe62269-8296-4d71-a53f-04081d448b3c without acquiring lock
	at org.apache.hadoop.ozone.lock.LockManager.getLockForReleasing(LockManager.java:220)
	at org.apache.hadoop.ozone.lock.LockManager.release(LockManager.java:168)
	at org.apache.hadoop.ozone.lock.LockManager.writeUnlock(LockManager.java:148)
	at org.apache.hadoop.ozone.om.lock.OzoneManagerLock.unlock(OzoneManagerLock.java:364)
	at org.apache.hadoop.ozone.om.lock.OzoneManagerLock.releaseWriteLock(OzoneManagerLock.java:329)
	at org.apache.hadoop.ozone.om.request.key.OMKeyCommitRequest.validateAndUpdateCache(OMKeyCommitRequest.java:177)
	at org.apache.hadoop.ozone.protocolPB.OzoneManagerProtocolServerSideTranslatorPB.submitRequestDirectlyToOM(OzoneManagerProtocolServerSideTranslatorPB.java:219)
	at org.apache.hadoop.ozone.protocolPB.OzoneManagerProtocolServerSideTranslatorPB.processRequest(OzoneManagerProtocolServerSideTranslatorPB.java:134)
	at org.apache.hadoop.hdds.server.OzoneProtocolMessageDispatcher.processRequest(OzoneProtocolMessageDispatcher.java:72)
	at org.apache.hadoop.ozone.protocolPB.OzoneManagerProtocolServerSideTranslatorPB.submitRequest(OzoneManagerProtocolServerSideTranslatorPB.java:100)
	at org.apache.hadoop.ozone.protocol.proto.OzoneManagerProtocolProtos$OzoneManagerService$2.callBlockingMethod(OzoneManagerProtocolProtos.java)
	at org.apache.hadoop.ipc.ProtobufRpcEngine$Server$ProtoBufRpcInvoker.call(ProtobufRpcEngine.java:524)
	at org.apache.hadoop.ipc.RPC$Server.call(RPC.java:1025)
	at org.apache.hadoop.ipc.Server$RpcCall.run(Server.java:876)
	at org.apache.hadoop.ipc.Server$RpcCall.run(Server.java:822)
	at java.security.AccessController.doPrivileged(Native Method)
	at javax.security.auth.Subject.doAs(Subject.java:422)
	at org.apache.hadoop.security.UserGroupInformation.doAs(UserGroupInformation.java:1730)
	at org.apache.hadoop.ipc.Server$Handler.run(Server.java:2682)
, while invoking $Proxy37.submitRequest over nodeId=null,nodeAddress=localhost:42894 after 5 failover attempts. Trying to failover immediately.
2019-10-16 06:06:19,225 [IPC Server handler 9 on 42894] ERROR lock.LockManager (LockManager.java:getLockForReleasing(218)) - Trying to release the lock on /02d5bbbc-0320-4c00-a346-ebcbd0524974/cfe62269-8296-4d71-a53f-04081d448b3c, which was never acquired.
2019-10-16 06:06:19,225 [IPC Server handler 9 on 42894] WARN  ipc.Server (Server.java:logException(2724)) - IPC Server handler 9 on 42894, call Call#3264 Retry#6 org.apache.hadoop.ozone.om.protocol.OzoneManagerProtocol.submitRequest from 127.0.0.1:60690
java.lang.IllegalMonitorStateException: Releasing lock on resource /02d5bbbc-0320-4c00-a346-ebcbd0524974/cfe62269-8296-4d71-a53f-04081d448b3c without acquiring lock
	at org.apache.hadoop.ozone.lock.LockManager.getLockForReleasing(LockManager.java:220)
	at org.apache.hadoop.ozone.lock.LockManager.release(LockManager.java:168)
	at org.apache.hadoop.ozone.lock.LockManager.writeUnlock(LockManager.java:148)
	at org.apache.hadoop.ozone.om.lock.OzoneManagerLock.unlock(OzoneManagerLock.java:364)
	at org.apache.hadoop.ozone.om.lock.OzoneManagerLock.releaseWriteLock(OzoneManagerLock.java:329)
	at org.apache.hadoop.ozone.om.request.key.OMKeyCommitRequest.validateAndUpdateCache(OMKeyCommitRequest.java:177)
	at org.apache.hadoop.ozone.protocolPB.OzoneManagerProtocolServerSideTranslatorPB.submitRequestDirectlyToOM(OzoneManagerProtocolServerSideTranslatorPB.java:219)
	at org.apache.hadoop.ozone.protocolPB.OzoneManagerProtocolServerSideTranslatorPB.processRequest(OzoneManagerProtocolServerSideTranslatorPB.java:134)
	at org.apache.hadoop.hdds.server.OzoneProtocolMessageDispatcher.processRequest(OzoneProtocolMessageDispatcher.java:72)
	at org.apache.hadoop.ozone.protocolPB.OzoneManagerProtocolServerSideTranslatorPB.submitRequest(OzoneManagerProtocolServerSideTranslatorPB.java:100)
	at org.apache.hadoop.ozone.protocol.proto.OzoneManagerProtocolProtos$OzoneManagerService$2.callBlockingMethod(OzoneManagerProtocolProtos.java)
	at org.apache.hadoop.ipc.ProtobufRpcEngine$Server$ProtoBufRpcInvoker.call(ProtobufRpcEngine.java:524)
	at org.apache.hadoop.ipc.RPC$Server.call(RPC.java:1025)
	at org.apache.hadoop.ipc.Server$RpcCall.run(Server.java:876)
	at org.apache.hadoop.ipc.Server$RpcCall.run(Server.java:822)
	at java.security.AccessController.doPrivileged(Native Method)
	at javax.security.auth.Subject.doAs(Subject.java:422)
	at org.apache.hadoop.security.UserGroupInformation.doAs(UserGroupInformation.java:1730)
	at org.apache.hadoop.ipc.Server$Handler.run(Server.java:2682)
2019-10-16 06:06:19,225 [main] INFO  retry.RetryInvocationHandler (RetryInvocationHandler.java:log(411)) - com.google.protobuf.ServiceException: org.apache.hadoop.ipc.RemoteException(java.lang.IllegalMonitorStateException): Releasing lock on resource /02d5bbbc-0320-4c00-a346-ebcbd0524974/cfe62269-8296-4d71-a53f-04081d448b3c without acquiring lock
	at org.apache.hadoop.ozone.lock.LockManager.getLockForReleasing(LockManager.java:220)
	at org.apache.hadoop.ozone.lock.LockManager.release(LockManager.java:168)
	at org.apache.hadoop.ozone.lock.LockManager.writeUnlock(LockManager.java:148)
	at org.apache.hadoop.ozone.om.lock.OzoneManagerLock.unlock(OzoneManagerLock.java:364)
	at org.apache.hadoop.ozone.om.lock.OzoneManagerLock.releaseWriteLock(OzoneManagerLock.java:329)
	at org.apache.hadoop.ozone.om.request.key.OMKeyCommitRequest.validateAndUpdateCache(OMKeyCommitRequest.java:177)
	at org.apache.hadoop.ozone.protocolPB.OzoneManagerProtocolServerSideTranslatorPB.submitRequestDirectlyToOM(OzoneManagerProtocolServerSideTranslatorPB.java:219)
	at org.apache.hadoop.ozone.protocolPB.OzoneManagerProtocolServerSideTranslatorPB.processRequest(OzoneManagerProtocolServerSideTranslatorPB.java:134)
	at org.apache.hadoop.hdds.server.OzoneProtocolMessageDispatcher.processRequest(OzoneProtocolMessageDispatcher.java:72)
	at org.apache.hadoop.ozone.protocolPB.OzoneManagerProtocolServerSideTranslatorPB.submitRequest(OzoneManagerProtocolServerSideTranslatorPB.java:100)
	at org.apache.hadoop.ozone.protocol.proto.OzoneManagerProtocolProtos$OzoneManagerService$2.callBlockingMethod(OzoneManagerProtocolProtos.java)
	at org.apache.hadoop.ipc.ProtobufRpcEngine$Server$ProtoBufRpcInvoker.call(ProtobufRpcEngine.java:524)
	at org.apache.hadoop.ipc.RPC$Server.call(RPC.java:1025)
	at org.apache.hadoop.ipc.Server$RpcCall.run(Server.java:876)
	at org.apache.hadoop.ipc.Server$RpcCall.run(Server.java:822)
	at java.security.AccessController.doPrivileged(Native Method)
	at javax.security.auth.Subject.doAs(Subject.java:422)
	at org.apache.hadoop.security.UserGroupInformation.doAs(UserGroupInformation.java:1730)
	at org.apache.hadoop.ipc.Server$Handler.run(Server.java:2682)
, while invoking $Proxy37.submitRequest over nodeId=null,nodeAddress=localhost:42894 after 6 failover attempts. Trying to failover immediately.
2019-10-16 06:06:19,227 [IPC Server handler 0 on 42894] ERROR lock.LockManager (LockManager.java:getLockForReleasing(218)) - Trying to release the lock on /02d5bbbc-0320-4c00-a346-ebcbd0524974/cfe62269-8296-4d71-a53f-04081d448b3c, which was never acquired.
2019-10-16 06:06:19,227 [IPC Server handler 0 on 42894] WARN  ipc.Server (Server.java:logException(2724)) - IPC Server handler 0 on 42894, call Call#3264 Retry#7 org.apache.hadoop.ozone.om.protocol.OzoneManagerProtocol.submitRequest from 127.0.0.1:60690
java.lang.IllegalMonitorStateException: Releasing lock on resource /02d5bbbc-0320-4c00-a346-ebcbd0524974/cfe62269-8296-4d71-a53f-04081d448b3c without acquiring lock
	at org.apache.hadoop.ozone.lock.LockManager.getLockForReleasing(LockManager.java:220)
	at org.apache.hadoop.ozone.lock.LockManager.release(LockManager.java:168)
	at org.apache.hadoop.ozone.lock.LockManager.writeUnlock(LockManager.java:148)
	at org.apache.hadoop.ozone.om.lock.OzoneManagerLock.unlock(OzoneManagerLock.java:364)
	at org.apache.hadoop.ozone.om.lock.OzoneManagerLock.releaseWriteLock(OzoneManagerLock.java:329)
	at org.apache.hadoop.ozone.om.request.key.OMKeyCommitRequest.validateAndUpdateCache(OMKeyCommitRequest.java:177)
	at org.apache.hadoop.ozone.protocolPB.OzoneManagerProtocolServerSideTranslatorPB.submitRequestDirectlyToOM(OzoneManagerProtocolServerSideTranslatorPB.java:219)
	at org.apache.hadoop.ozone.protocolPB.OzoneManagerProtocolServerSideTranslatorPB.processRequest(OzoneManagerProtocolServerSideTranslatorPB.java:134)
	at org.apache.hadoop.hdds.server.OzoneProtocolMessageDispatcher.processRequest(OzoneProtocolMessageDispatcher.java:72)
	at org.apache.hadoop.ozone.protocolPB.OzoneManagerProtocolServerSideTranslatorPB.submitRequest(OzoneManagerProtocolServerSideTranslatorPB.java:100)
	at org.apache.hadoop.ozone.protocol.proto.OzoneManagerProtocolProtos$OzoneManagerService$2.callBlockingMethod(OzoneManagerProtocolProtos.java)
	at org.apache.hadoop.ipc.ProtobufRpcEngine$Server$ProtoBufRpcInvoker.call(ProtobufRpcEngine.java:524)
	at org.apache.hadoop.ipc.RPC$Server.call(RPC.java:1025)
	at org.apache.hadoop.ipc.Server$RpcCall.run(Server.java:876)
	at org.apache.hadoop.ipc.Server$RpcCall.run(Server.java:822)
	at java.security.AccessController.doPrivileged(Native Method)
	at javax.security.auth.Subject.doAs(Subject.java:422)
	at org.apache.hadoop.security.UserGroupInformation.doAs(UserGroupInformation.java:1730)
	at org.apache.hadoop.ipc.Server$Handler.run(Server.java:2682)
2019-10-16 06:06:19,227 [main] INFO  retry.RetryInvocationHandler (RetryInvocationHandler.java:log(411)) - com.google.protobuf.ServiceException: org.apache.hadoop.ipc.RemoteException(java.lang.IllegalMonitorStateException): Releasing lock on resource /02d5bbbc-0320-4c00-a346-ebcbd0524974/cfe62269-8296-4d71-a53f-04081d448b3c without acquiring lock
	at org.apache.hadoop.ozone.lock.LockManager.getLockForReleasing(LockManager.java:220)
	at org.apache.hadoop.ozone.lock.LockManager.release(LockManager.java:168)
	at org.apache.hadoop.ozone.lock.LockManager.writeUnlock(LockManager.java:148)
	at org.apache.hadoop.ozone.om.lock.OzoneManagerLock.unlock(OzoneManagerLock.java:364)
	at org.apache.hadoop.ozone.om.lock.OzoneManagerLock.releaseWriteLock(OzoneManagerLock.java:329)
	at org.apache.hadoop.ozone.om.request.key.OMKeyCommitRequest.validateAndUpdateCache(OMKeyCommitRequest.java:177)
	at org.apache.hadoop.ozone.protocolPB.OzoneManagerProtocolServerSideTranslatorPB.submitRequestDirectlyToOM(OzoneManagerProtocolServerSideTranslatorPB.java:219)
	at org.apache.hadoop.ozone.protocolPB.OzoneManagerProtocolServerSideTranslatorPB.processRequest(OzoneManagerProtocolServerSideTranslatorPB.java:134)
	at org.apache.hadoop.hdds.server.OzoneProtocolMessageDispatcher.processRequest(OzoneProtocolMessageDispatcher.java:72)
	at org.apache.hadoop.ozone.protocolPB.OzoneManagerProtocolServerSideTranslatorPB.submitRequest(OzoneManagerProtocolServerSideTranslatorPB.java:100)
	at org.apache.hadoop.ozone.protocol.proto.OzoneManagerProtocolProtos$OzoneManagerService$2.callBlockingMethod(OzoneManagerProtocolProtos.java)
	at org.apache.hadoop.ipc.ProtobufRpcEngine$Server$ProtoBufRpcInvoker.call(ProtobufRpcEngine.java:524)
	at org.apache.hadoop.ipc.RPC$Server.call(RPC.java:1025)
	at org.apache.hadoop.ipc.Server$RpcCall.run(Server.java:876)
	at org.apache.hadoop.ipc.Server$RpcCall.run(Server.java:822)
	at java.security.AccessController.doPrivileged(Native Method)
	at javax.security.auth.Subject.doAs(Subject.java:422)
	at org.apache.hadoop.security.UserGroupInformation.doAs(UserGroupInformation.java:1730)
	at org.apache.hadoop.ipc.Server$Handler.run(Server.java:2682)
, while invoking $Proxy37.submitRequest over nodeId=null,nodeAddress=localhost:42894 after 7 failover attempts. Trying to failover immediately.
2019-10-16 06:06:19,228 [IPC Server handler 5 on 42894] ERROR lock.LockManager (LockManager.java:getLockForReleasing(218)) - Trying to release the lock on /02d5bbbc-0320-4c00-a346-ebcbd0524974/cfe62269-8296-4d71-a53f-04081d448b3c, which was never acquired.
2019-10-16 06:06:19,229 [IPC Server handler 5 on 42894] WARN  ipc.Server (Server.java:logException(2724)) - IPC Server handler 5 on 42894, call Call#3264 Retry#8 org.apache.hadoop.ozone.om.protocol.OzoneManagerProtocol.submitRequest from 127.0.0.1:60690
java.lang.IllegalMonitorStateException: Releasing lock on resource /02d5bbbc-0320-4c00-a346-ebcbd0524974/cfe62269-8296-4d71-a53f-04081d448b3c without acquiring lock
	at org.apache.hadoop.ozone.lock.LockManager.getLockForReleasing(LockManager.java:220)
	at org.apache.hadoop.ozone.lock.LockManager.release(LockManager.java:168)
	at org.apache.hadoop.ozone.lock.LockManager.writeUnlock(LockManager.java:148)
	at org.apache.hadoop.ozone.om.lock.OzoneManagerLock.unlock(OzoneManagerLock.java:364)
	at org.apache.hadoop.ozone.om.lock.OzoneManagerLock.releaseWriteLock(OzoneManagerLock.java:329)
	at org.apache.hadoop.ozone.om.request.key.OMKeyCommitRequest.validateAndUpdateCache(OMKeyCommitRequest.java:177)
	at org.apache.hadoop.ozone.protocolPB.OzoneManagerProtocolServerSideTranslatorPB.submitRequestDirectlyToOM(OzoneManagerProtocolServerSideTranslatorPB.java:219)
	at org.apache.hadoop.ozone.protocolPB.OzoneManagerProtocolServerSideTranslatorPB.processRequest(OzoneManagerProtocolServerSideTranslatorPB.java:134)
	at org.apache.hadoop.hdds.server.OzoneProtocolMessageDispatcher.processRequest(OzoneProtocolMessageDispatcher.java:72)
	at org.apache.hadoop.ozone.protocolPB.OzoneManagerProtocolServerSideTranslatorPB.submitRequest(OzoneManagerProtocolServerSideTranslatorPB.java:100)
	at org.apache.hadoop.ozone.protocol.proto.OzoneManagerProtocolProtos$OzoneManagerService$2.callBlockingMethod(OzoneManagerProtocolProtos.java)
	at org.apache.hadoop.ipc.ProtobufRpcEngine$Server$ProtoBufRpcInvoker.call(ProtobufRpcEngine.java:524)
	at org.apache.hadoop.ipc.RPC$Server.call(RPC.java:1025)
	at org.apache.hadoop.ipc.Server$RpcCall.run(Server.java:876)
	at org.apache.hadoop.ipc.Server$RpcCall.run(Server.java:822)
	at java.security.AccessController.doPrivileged(Native Method)
	at javax.security.auth.Subject.doAs(Subject.java:422)
	at org.apache.hadoop.security.UserGroupInformation.doAs(UserGroupInformation.java:1730)
	at org.apache.hadoop.ipc.Server$Handler.run(Server.java:2682)
2019-10-16 06:06:19,229 [main] INFO  retry.RetryInvocationHandler (RetryInvocationHandler.java:log(411)) - com.google.protobuf.ServiceException: org.apache.hadoop.ipc.RemoteException(java.lang.IllegalMonitorStateException): Releasing lock on resource /02d5bbbc-0320-4c00-a346-ebcbd0524974/cfe62269-8296-4d71-a53f-04081d448b3c without acquiring lock
	at org.apache.hadoop.ozone.lock.LockManager.getLockForReleasing(LockManager.java:220)
	at org.apache.hadoop.ozone.lock.LockManager.release(LockManager.java:168)
	at org.apache.hadoop.ozone.lock.LockManager.writeUnlock(LockManager.java:148)
	at org.apache.hadoop.ozone.om.lock.OzoneManagerLock.unlock(OzoneManagerLock.java:364)
	at org.apache.hadoop.ozone.om.lock.OzoneManagerLock.releaseWriteLock(OzoneManagerLock.java:329)
	at org.apache.hadoop.ozone.om.request.key.OMKeyCommitRequest.validateAndUpdateCache(OMKeyCommitRequest.java:177)
	at org.apache.hadoop.ozone.protocolPB.OzoneManagerProtocolServerSideTranslatorPB.submitRequestDirectlyToOM(OzoneManagerProtocolServerSideTranslatorPB.java:219)
	at org.apache.hadoop.ozone.protocolPB.OzoneManagerProtocolServerSideTranslatorPB.processRequest(OzoneManagerProtocolServerSideTranslatorPB.java:134)
	at org.apache.hadoop.hdds.server.OzoneProtocolMessageDispatcher.processRequest(OzoneProtocolMessageDispatcher.java:72)
	at org.apache.hadoop.ozone.protocolPB.OzoneManagerProtocolServerSideTranslatorPB.submitRequest(OzoneManagerProtocolServerSideTranslatorPB.java:100)
	at org.apache.hadoop.ozone.protocol.proto.OzoneManagerProtocolProtos$OzoneManagerService$2.callBlockingMethod(OzoneManagerProtocolProtos.java)
	at org.apache.hadoop.ipc.ProtobufRpcEngine$Server$ProtoBufRpcInvoker.call(ProtobufRpcEngine.java:524)
	at org.apache.hadoop.ipc.RPC$Server.call(RPC.java:1025)
	at org.apache.hadoop.ipc.Server$RpcCall.run(Server.java:876)
	at org.apache.hadoop.ipc.Server$RpcCall.run(Server.java:822)
	at java.security.AccessController.doPrivileged(Native Method)
	at javax.security.auth.Subject.doAs(Subject.java:422)
	at org.apache.hadoop.security.UserGroupInformation.doAs(UserGroupInformation.java:1730)
	at org.apache.hadoop.ipc.Server$Handler.run(Server.java:2682)
, while invoking $Proxy37.submitRequest over nodeId=null,nodeAddress=localhost:42894 after 8 failover attempts. Trying to failover immediately.
2019-10-16 06:06:19,230 [IPC Server handler 11 on 42894] ERROR lock.LockManager (LockManager.java:getLockForReleasing(218)) - Trying to release the lock on /02d5bbbc-0320-4c00-a346-ebcbd0524974/cfe62269-8296-4d71-a53f-04081d448b3c, which was never acquired.
2019-10-16 06:06:19,231 [IPC Server handler 11 on 42894] WARN  ipc.Server (Server.java:logException(2724)) - IPC Server handler 11 on 42894, call Call#3264 Retry#9 org.apache.hadoop.ozone.om.protocol.OzoneManagerProtocol.submitRequest from 127.0.0.1:60690
java.lang.IllegalMonitorStateException: Releasing lock on resource /02d5bbbc-0320-4c00-a346-ebcbd0524974/cfe62269-8296-4d71-a53f-04081d448b3c without acquiring lock
	at org.apache.hadoop.ozone.lock.LockManager.getLockForReleasing(LockManager.java:220)
	at org.apache.hadoop.ozone.lock.LockManager.release(LockManager.java:168)
	at org.apache.hadoop.ozone.lock.LockManager.writeUnlock(LockManager.java:148)
	at org.apache.hadoop.ozone.om.lock.OzoneManagerLock.unlock(OzoneManagerLock.java:364)
	at org.apache.hadoop.ozone.om.lock.OzoneManagerLock.releaseWriteLock(OzoneManagerLock.java:329)
	at org.apache.hadoop.ozone.om.request.key.OMKeyCommitRequest.validateAndUpdateCache(OMKeyCommitRequest.java:177)
	at org.apache.hadoop.ozone.protocolPB.OzoneManagerProtocolServerSideTranslatorPB.submitRequestDirectlyToOM(OzoneManagerProtocolServerSideTranslatorPB.java:219)
	at org.apache.hadoop.ozone.protocolPB.OzoneManagerProtocolServerSideTranslatorPB.processRequest(OzoneManagerProtocolServerSideTranslatorPB.java:134)
	at org.apache.hadoop.hdds.server.OzoneProtocolMessageDispatcher.processRequest(OzoneProtocolMessageDispatcher.java:72)
	at org.apache.hadoop.ozone.protocolPB.OzoneManagerProtocolServerSideTranslatorPB.submitRequest(OzoneManagerProtocolServerSideTranslatorPB.java:100)
	at org.apache.hadoop.ozone.protocol.proto.OzoneManagerProtocolProtos$OzoneManagerService$2.callBlockingMethod(OzoneManagerProtocolProtos.java)
	at org.apache.hadoop.ipc.ProtobufRpcEngine$Server$ProtoBufRpcInvoker.call(ProtobufRpcEngine.java:524)
	at org.apache.hadoop.ipc.RPC$Server.call(RPC.java:1025)
	at org.apache.hadoop.ipc.Server$RpcCall.run(Server.java:876)
	at org.apache.hadoop.ipc.Server$RpcCall.run(Server.java:822)
	at java.security.AccessController.doPrivileged(Native Method)
	at javax.security.auth.Subject.doAs(Subject.java:422)
	at org.apache.hadoop.security.UserGroupInformation.doAs(UserGroupInformation.java:1730)
	at org.apache.hadoop.ipc.Server$Handler.run(Server.java:2682)
2019-10-16 06:06:19,231 [main] INFO  retry.RetryInvocationHandler (RetryInvocationHandler.java:log(411)) - com.google.protobuf.ServiceException: org.apache.hadoop.ipc.RemoteException(java.lang.IllegalMonitorStateException): Releasing lock on resource /02d5bbbc-0320-4c00-a346-ebcbd0524974/cfe62269-8296-4d71-a53f-04081d448b3c without acquiring lock
	at org.apache.hadoop.ozone.lock.LockManager.getLockForReleasing(LockManager.java:220)
	at org.apache.hadoop.ozone.lock.LockManager.release(LockManager.java:168)
	at org.apache.hadoop.ozone.lock.LockManager.writeUnlock(LockManager.java:148)
	at org.apache.hadoop.ozone.om.lock.OzoneManagerLock.unlock(OzoneManagerLock.java:364)
	at org.apache.hadoop.ozone.om.lock.OzoneManagerLock.releaseWriteLock(OzoneManagerLock.java:329)
	at org.apache.hadoop.ozone.om.request.key.OMKeyCommitRequest.validateAndUpdateCache(OMKeyCommitRequest.java:177)
	at org.apache.hadoop.ozone.protocolPB.OzoneManagerProtocolServerSideTranslatorPB.submitRequestDirectlyToOM(OzoneManagerProtocolServerSideTranslatorPB.java:219)
	at org.apache.hadoop.ozone.protocolPB.OzoneManagerProtocolServerSideTranslatorPB.processRequest(OzoneManagerProtocolServerSideTranslatorPB.java:134)
	at org.apache.hadoop.hdds.server.OzoneProtocolMessageDispatcher.processRequest(OzoneProtocolMessageDispatcher.java:72)
	at org.apache.hadoop.ozone.protocolPB.OzoneManagerProtocolServerSideTranslatorPB.submitRequest(OzoneManagerProtocolServerSideTranslatorPB.java:100)
	at org.apache.hadoop.ozone.protocol.proto.OzoneManagerProtocolProtos$OzoneManagerService$2.callBlockingMethod(OzoneManagerProtocolProtos.java)
	at org.apache.hadoop.ipc.ProtobufRpcEngine$Server$ProtoBufRpcInvoker.call(ProtobufRpcEngine.java:524)
	at org.apache.hadoop.ipc.RPC$Server.call(RPC.java:1025)
	at org.apache.hadoop.ipc.Server$RpcCall.run(Server.java:876)
	at org.apache.hadoop.ipc.Server$RpcCall.run(Server.java:822)
	at java.security.AccessController.doPrivileged(Native Method)
	at javax.security.auth.Subject.doAs(Subject.java:422)
	at org.apache.hadoop.security.UserGroupInformation.doAs(UserGroupInformation.java:1730)
	at org.apache.hadoop.ipc.Server$Handler.run(Server.java:2682)
, while invoking $Proxy37.submitRequest over nodeId=null,nodeAddress=localhost:42894 after 9 failover attempts. Trying to failover immediately.
2019-10-16 06:06:19,232 [IPC Server handler 3 on 42894] ERROR lock.LockManager (LockManager.java:getLockForReleasing(218)) - Trying to release the lock on /02d5bbbc-0320-4c00-a346-ebcbd0524974/cfe62269-8296-4d71-a53f-04081d448b3c, which was never acquired.
2019-10-16 06:06:19,232 [IPC Server handler 3 on 42894] WARN  ipc.Server (Server.java:logException(2724)) - IPC Server handler 3 on 42894, call Call#3264 Retry#10 org.apache.hadoop.ozone.om.protocol.OzoneManagerProtocol.submitRequest from 127.0.0.1:60690
java.lang.IllegalMonitorStateException: Releasing lock on resource /02d5bbbc-0320-4c00-a346-ebcbd0524974/cfe62269-8296-4d71-a53f-04081d448b3c without acquiring lock
	at org.apache.hadoop.ozone.lock.LockManager.getLockForReleasing(LockManager.java:220)
	at org.apache.hadoop.ozone.lock.LockManager.release(LockManager.java:168)
	at org.apache.hadoop.ozone.lock.LockManager.writeUnlock(LockManager.java:148)
	at org.apache.hadoop.ozone.om.lock.OzoneManagerLock.unlock(OzoneManagerLock.java:364)
	at org.apache.hadoop.ozone.om.lock.OzoneManagerLock.releaseWriteLock(OzoneManagerLock.java:329)
	at org.apache.hadoop.ozone.om.request.key.OMKeyCommitRequest.validateAndUpdateCache(OMKeyCommitRequest.java:177)
	at org.apache.hadoop.ozone.protocolPB.OzoneManagerProtocolServerSideTranslatorPB.submitRequestDirectlyToOM(OzoneManagerProtocolServerSideTranslatorPB.java:219)
	at org.apache.hadoop.ozone.protocolPB.OzoneManagerProtocolServerSideTranslatorPB.processRequest(OzoneManagerProtocolServerSideTranslatorPB.java:134)
	at org.apache.hadoop.hdds.server.OzoneProtocolMessageDispatcher.processRequest(OzoneProtocolMessageDispatcher.java:72)
	at org.apache.hadoop.ozone.protocolPB.OzoneManagerProtocolServerSideTranslatorPB.submitRequest(OzoneManagerProtocolServerSideTranslatorPB.java:100)
	at org.apache.hadoop.ozone.protocol.proto.OzoneManagerProtocolProtos$OzoneManagerService$2.callBlockingMethod(OzoneManagerProtocolProtos.java)
	at org.apache.hadoop.ipc.ProtobufRpcEngine$Server$ProtoBufRpcInvoker.call(ProtobufRpcEngine.java:524)
	at org.apache.hadoop.ipc.RPC$Server.call(RPC.java:1025)
	at org.apache.hadoop.ipc.Server$RpcCall.run(Server.java:876)
	at org.apache.hadoop.ipc.Server$RpcCall.run(Server.java:822)
	at java.security.AccessController.doPrivileged(Native Method)
	at javax.security.auth.Subject.doAs(Subject.java:422)
	at org.apache.hadoop.security.UserGroupInformation.doAs(UserGroupInformation.java:1730)
	at org.apache.hadoop.ipc.Server$Handler.run(Server.java:2682)
2019-10-16 06:06:19,233 [main] ERROR ha.OMFailoverProxyProvider (OzoneManagerProtocolClientSideTranslatorPB.java:getRetryAction(268)) - Failed to connect to OM. Attempted 10 retries and 10 failovers
]]></system-out>
  </testcase>
  <testcase name="testAclsAfterCallingSetBucketProperty" classname="org.apache.hadoop.ozone.client.rpc.TestSecureOzoneRpcClient" time="0.02"/>
  <testcase name="testListMultipartUploadParts" classname="org.apache.hadoop.ozone.client.rpc.TestSecureOzoneRpcClient" time="0.238"/>
  <testcase name="testNativeAclsForBucket" classname="org.apache.hadoop.ozone.client.rpc.TestSecureOzoneRpcClient" time="0.069"/>
  <testcase name="testPutKeyRatisThreeNodesParallel" classname="org.apache.hadoop.ozone.client.rpc.TestSecureOzoneRpcClient" time="0">
    <skipped message="Debug Jenkins Timeout"/>
  </testcase>
  <testcase name="testDeleteS3NonExistingBucket" classname="org.apache.hadoop.ozone.client.rpc.TestSecureOzoneRpcClient" time="0.013"/>
  <testcase name="testListPartsWithInvalidUploadID" classname="org.apache.hadoop.ozone.client.rpc.TestSecureOzoneRpcClient" time="0.009"/>
  <testcase name="testUploadPartOverrideWithRatis" classname="org.apache.hadoop.ozone.client.rpc.TestSecureOzoneRpcClient" time="0.093"/>
  <testcase name="testListBucket" classname="org.apache.hadoop.ozone.client.rpc.TestSecureOzoneRpcClient" time="0.08"/>
  <testcase name="testSetBucketStorageType" classname="org.apache.hadoop.ozone.client.rpc.TestSecureOzoneRpcClient" time="0.007"/>
  <testcase name="testGetKeyDetails" classname="org.apache.hadoop.ozone.client.rpc.TestSecureOzoneRpcClient" time="0.044">
    <error message="Releasing lock on resource /1023d1b7-77b3-4d40-8f92-69c22c60cf24/992f2b96-4cab-42b3-987d-2693ac6d00f1 without acquiring lock&#10;	at org.apache.hadoop.ozone.lock.LockManager.getLockForReleasing(LockManager.java:220)&#10;	at org.apache.hadoop.ozone.lock.LockManager.release(LockManager.java:168)&#10;	at org.apache.hadoop.ozone.lock.LockManager.writeUnlock(LockManager.java:148)&#10;	at org.apache.hadoop.ozone.om.lock.OzoneManagerLock.unlock(OzoneManagerLock.java:364)&#10;	at org.apache.hadoop.ozone.om.lock.OzoneManagerLock.releaseWriteLock(OzoneManagerLock.java:329)&#10;	at org.apache.hadoop.ozone.om.request.key.OMKeyCommitRequest.validateAndUpdateCache(OMKeyCommitRequest.java:177)&#10;	at org.apache.hadoop.ozone.protocolPB.OzoneManagerProtocolServerSideTranslatorPB.submitRequestDirectlyToOM(OzoneManagerProtocolServerSideTranslatorPB.java:219)&#10;	at org.apache.hadoop.ozone.protocolPB.OzoneManagerProtocolServerSideTranslatorPB.processRequest(OzoneManagerProtocolServerSideTranslatorPB.java:134)&#10;	at org.apache.hadoop.hdds.server.OzoneProtocolMessageDispatcher.processRequest(OzoneProtocolMessageDispatcher.java:72)&#10;	at org.apache.hadoop.ozone.protocolPB.OzoneManagerProtocolServerSideTranslatorPB.submitRequest(OzoneManagerProtocolServerSideTranslatorPB.java:100)&#10;	at org.apache.hadoop.ozone.protocol.proto.OzoneManagerProtocolProtos$OzoneManagerService$2.callBlockingMethod(OzoneManagerProtocolProtos.java)&#10;	at org.apache.hadoop.ipc.ProtobufRpcEngine$Server$ProtoBufRpcInvoker.call(ProtobufRpcEngine.java:524)&#10;	at org.apache.hadoop.ipc.RPC$Server.call(RPC.java:1025)&#10;	at org.apache.hadoop.ipc.Server$RpcCall.run(Server.java:876)&#10;	at org.apache.hadoop.ipc.Server$RpcCall.run(Server.java:822)&#10;	at java.security.AccessController.doPrivileged(Native Method)&#10;	at javax.security.auth.Subject.doAs(Subject.java:422)&#10;	at org.apache.hadoop.security.UserGroupInformation.doAs(UserGroupInformation.java:1730)&#10;	at org.apache.hadoop.ipc.Server$Handler.run(Server.java:2682)&#10;" type="org.apache.hadoop.ipc.RemoteException(java.lang.IllegalMonitorStateException)">org.apache.hadoop.ipc.RemoteException(java.lang.IllegalMonitorStateException): Releasing lock on resource /1023d1b7-77b3-4d40-8f92-69c22c60cf24/992f2b96-4cab-42b3-987d-2693ac6d00f1 without acquiring lock
	at org.apache.hadoop.ozone.lock.LockManager.getLockForReleasing(LockManager.java:220)
	at org.apache.hadoop.ozone.lock.LockManager.release(LockManager.java:168)
	at org.apache.hadoop.ozone.lock.LockManager.writeUnlock(LockManager.java:148)
	at org.apache.hadoop.ozone.om.lock.OzoneManagerLock.unlock(OzoneManagerLock.java:364)
	at org.apache.hadoop.ozone.om.lock.OzoneManagerLock.releaseWriteLock(OzoneManagerLock.java:329)
	at org.apache.hadoop.ozone.om.request.key.OMKeyCommitRequest.validateAndUpdateCache(OMKeyCommitRequest.java:177)
	at org.apache.hadoop.ozone.protocolPB.OzoneManagerProtocolServerSideTranslatorPB.submitRequestDirectlyToOM(OzoneManagerProtocolServerSideTranslatorPB.java:219)
	at org.apache.hadoop.ozone.protocolPB.OzoneManagerProtocolServerSideTranslatorPB.processRequest(OzoneManagerProtocolServerSideTranslatorPB.java:134)
	at org.apache.hadoop.hdds.server.OzoneProtocolMessageDispatcher.processRequest(OzoneProtocolMessageDispatcher.java:72)
	at org.apache.hadoop.ozone.protocolPB.OzoneManagerProtocolServerSideTranslatorPB.submitRequest(OzoneManagerProtocolServerSideTranslatorPB.java:100)
	at org.apache.hadoop.ozone.protocol.proto.OzoneManagerProtocolProtos$OzoneManagerService$2.callBlockingMethod(OzoneManagerProtocolProtos.java)
	at org.apache.hadoop.ipc.ProtobufRpcEngine$Server$ProtoBufRpcInvoker.call(ProtobufRpcEngine.java:524)
	at org.apache.hadoop.ipc.RPC$Server.call(RPC.java:1025)
	at org.apache.hadoop.ipc.Server$RpcCall.run(Server.java:876)
	at org.apache.hadoop.ipc.Server$RpcCall.run(Server.java:822)
	at java.security.AccessController.doPrivileged(Native Method)
	at javax.security.auth.Subject.doAs(Subject.java:422)
	at org.apache.hadoop.security.UserGroupInformation.doAs(UserGroupInformation.java:1730)
	at org.apache.hadoop.ipc.Server$Handler.run(Server.java:2682)

	at org.apache.hadoop.ipc.Client.getRpcResponse(Client.java:1511)
	at org.apache.hadoop.ipc.Client.call(Client.java:1457)
	at org.apache.hadoop.ipc.Client.call(Client.java:1367)
	at org.apache.hadoop.ipc.ProtobufRpcEngine$Invoker.invoke(ProtobufRpcEngine.java:228)
	at org.apache.hadoop.ipc.ProtobufRpcEngine$Invoker.invoke(ProtobufRpcEngine.java:116)
	at com.sun.proxy.$Proxy37.submitRequest(Unknown Source)
	at sun.reflect.GeneratedMethodAccessor72.invoke(Unknown Source)
	at sun.reflect.DelegatingMethodAccessorImpl.invoke(DelegatingMethodAccessorImpl.java:43)
	at java.lang.reflect.Method.invoke(Method.java:498)
	at org.apache.hadoop.io.retry.RetryInvocationHandler.invokeMethod(RetryInvocationHandler.java:422)
	at org.apache.hadoop.io.retry.RetryInvocationHandler$Call.invokeMethod(RetryInvocationHandler.java:165)
	at org.apache.hadoop.io.retry.RetryInvocationHandler$Call.invoke(RetryInvocationHandler.java:157)
	at org.apache.hadoop.io.retry.RetryInvocationHandler$Call.invokeOnce(RetryInvocationHandler.java:95)
	at org.apache.hadoop.io.retry.RetryInvocationHandler.invoke(RetryInvocationHandler.java:359)
	at com.sun.proxy.$Proxy37.submitRequest(Unknown Source)
	at org.apache.hadoop.ozone.om.protocolPB.OzoneManagerProtocolClientSideTranslatorPB.submitRequest(OzoneManagerProtocolClientSideTranslatorPB.java:338)
	at org.apache.hadoop.ozone.om.protocolPB.OzoneManagerProtocolClientSideTranslatorPB.commitKey(OzoneManagerProtocolClientSideTranslatorPB.java:789)
	at sun.reflect.NativeMethodAccessorImpl.invoke0(Native Method)
	at sun.reflect.NativeMethodAccessorImpl.invoke(NativeMethodAccessorImpl.java:62)
	at sun.reflect.DelegatingMethodAccessorImpl.invoke(DelegatingMethodAccessorImpl.java:43)
	at java.lang.reflect.Method.invoke(Method.java:498)
	at org.apache.hadoop.hdds.tracing.TraceAllMethod.invoke(TraceAllMethod.java:66)
	at com.sun.proxy.$Proxy38.commitKey(Unknown Source)
	at org.apache.hadoop.ozone.client.io.BlockOutputStreamEntryPool.commitKey(BlockOutputStreamEntryPool.java:277)
	at org.apache.hadoop.ozone.client.io.KeyOutputStream.close(KeyOutputStream.java:474)
	at org.apache.hadoop.ozone.client.io.OzoneOutputStream.close(OzoneOutputStream.java:60)
	at org.apache.hadoop.ozone.client.rpc.TestOzoneRpcClientAbstract.testGetKeyDetails(TestOzoneRpcClientAbstract.java:997)
	at sun.reflect.NativeMethodAccessorImpl.invoke0(Native Method)
	at sun.reflect.NativeMethodAccessorImpl.invoke(NativeMethodAccessorImpl.java:62)
	at sun.reflect.DelegatingMethodAccessorImpl.invoke(DelegatingMethodAccessorImpl.java:43)
	at java.lang.reflect.Method.invoke(Method.java:498)
	at org.junit.runners.model.FrameworkMethod$1.runReflectiveCall(FrameworkMethod.java:47)
	at org.junit.internal.runners.model.ReflectiveCallable.run(ReflectiveCallable.java:12)
	at org.junit.runners.model.FrameworkMethod.invokeExplosively(FrameworkMethod.java:44)
	at org.junit.internal.runners.statements.InvokeMethod.evaluate(InvokeMethod.java:17)
	at org.junit.runners.ParentRunner.runLeaf(ParentRunner.java:271)
	at org.junit.runners.BlockJUnit4ClassRunner.runChild(BlockJUnit4ClassRunner.java:70)
	at org.junit.runners.BlockJUnit4ClassRunner.runChild(BlockJUnit4ClassRunner.java:50)
	at org.junit.runners.ParentRunner$3.run(ParentRunner.java:238)
	at org.junit.runners.ParentRunner$1.schedule(ParentRunner.java:63)
	at org.junit.runners.ParentRunner.runChildren(ParentRunner.java:236)
	at org.junit.runners.ParentRunner.access$000(ParentRunner.java:53)
	at org.junit.runners.ParentRunner$2.evaluate(ParentRunner.java:229)
	at org.junit.internal.runners.statements.RunBefores.evaluate(RunBefores.java:26)
	at org.junit.internal.runners.statements.RunAfters.evaluate(RunAfters.java:27)
	at org.junit.runners.ParentRunner.run(ParentRunner.java:309)
	at org.apache.maven.surefire.junit4.JUnit4Provider.execute(JUnit4Provider.java:365)
	at org.apache.maven.surefire.junit4.JUnit4Provider.executeWithRerun(JUnit4Provider.java:273)
	at org.apache.maven.surefire.junit4.JUnit4Provider.executeTestSet(JUnit4Provider.java:238)
	at org.apache.maven.surefire.junit4.JUnit4Provider.invoke(JUnit4Provider.java:159)
	at org.apache.maven.surefire.booter.ForkedBooter.invokeProviderInSameClassLoader(ForkedBooter.java:384)
	at org.apache.maven.surefire.booter.ForkedBooter.runSuitesInProcess(ForkedBooter.java:345)
	at org.apache.maven.surefire.booter.ForkedBooter.execute(ForkedBooter.java:126)
	at org.apache.maven.surefire.booter.ForkedBooter.main(ForkedBooter.java:418)
</error>
    <system-out><![CDATA[2019-10-16 06:06:19,765 [main] INFO  rpc.RpcClient (RpcClient.java:createVolume(272)) - Creating Volume: 1023d1b7-77b3-4d40-8f92-69c22c60cf24, with jenkins1000 as owner.
2019-10-16 06:06:19,767 [IPC Server handler 19 on 42894] INFO  volume.OMVolumeCreateRequest (OMVolumeCreateRequest.java:validateAndUpdateCache(193)) - created volume:1023d1b7-77b3-4d40-8f92-69c22c60cf24 for user:jenkins1000
2019-10-16 06:06:19,768 [main] INFO  rpc.RpcClient (RpcClient.java:createBucket(411)) - Creating Bucket: 1023d1b7-77b3-4d40-8f92-69c22c60cf24/992f2b96-4cab-42b3-987d-2693ac6d00f1, with Versioning false and Storage Type set to DISK and Encryption set to false 
2019-10-16 06:06:19,789 [IPC Server handler 5 on 42894] ERROR lock.LockManager (LockManager.java:getLockForReleasing(218)) - Trying to release the lock on /1023d1b7-77b3-4d40-8f92-69c22c60cf24/992f2b96-4cab-42b3-987d-2693ac6d00f1, which was never acquired.
2019-10-16 06:06:19,789 [IPC Server handler 5 on 42894] WARN  ipc.Server (Server.java:logException(2724)) - IPC Server handler 5 on 42894, call Call#3416 Retry#0 org.apache.hadoop.ozone.om.protocol.OzoneManagerProtocol.submitRequest from 127.0.0.1:60690
java.lang.IllegalMonitorStateException: Releasing lock on resource /1023d1b7-77b3-4d40-8f92-69c22c60cf24/992f2b96-4cab-42b3-987d-2693ac6d00f1 without acquiring lock
	at org.apache.hadoop.ozone.lock.LockManager.getLockForReleasing(LockManager.java:220)
	at org.apache.hadoop.ozone.lock.LockManager.release(LockManager.java:168)
	at org.apache.hadoop.ozone.lock.LockManager.writeUnlock(LockManager.java:148)
	at org.apache.hadoop.ozone.om.lock.OzoneManagerLock.unlock(OzoneManagerLock.java:364)
	at org.apache.hadoop.ozone.om.lock.OzoneManagerLock.releaseWriteLock(OzoneManagerLock.java:329)
	at org.apache.hadoop.ozone.om.request.key.OMKeyCommitRequest.validateAndUpdateCache(OMKeyCommitRequest.java:177)
	at org.apache.hadoop.ozone.protocolPB.OzoneManagerProtocolServerSideTranslatorPB.submitRequestDirectlyToOM(OzoneManagerProtocolServerSideTranslatorPB.java:219)
	at org.apache.hadoop.ozone.protocolPB.OzoneManagerProtocolServerSideTranslatorPB.processRequest(OzoneManagerProtocolServerSideTranslatorPB.java:134)
	at org.apache.hadoop.hdds.server.OzoneProtocolMessageDispatcher.processRequest(OzoneProtocolMessageDispatcher.java:72)
	at org.apache.hadoop.ozone.protocolPB.OzoneManagerProtocolServerSideTranslatorPB.submitRequest(OzoneManagerProtocolServerSideTranslatorPB.java:100)
	at org.apache.hadoop.ozone.protocol.proto.OzoneManagerProtocolProtos$OzoneManagerService$2.callBlockingMethod(OzoneManagerProtocolProtos.java)
	at org.apache.hadoop.ipc.ProtobufRpcEngine$Server$ProtoBufRpcInvoker.call(ProtobufRpcEngine.java:524)
	at org.apache.hadoop.ipc.RPC$Server.call(RPC.java:1025)
	at org.apache.hadoop.ipc.Server$RpcCall.run(Server.java:876)
	at org.apache.hadoop.ipc.Server$RpcCall.run(Server.java:822)
	at java.security.AccessController.doPrivileged(Native Method)
	at javax.security.auth.Subject.doAs(Subject.java:422)
	at org.apache.hadoop.security.UserGroupInformation.doAs(UserGroupInformation.java:1730)
	at org.apache.hadoop.ipc.Server$Handler.run(Server.java:2682)
2019-10-16 06:06:19,790 [main] INFO  retry.RetryInvocationHandler (RetryInvocationHandler.java:log(411)) - com.google.protobuf.ServiceException: org.apache.hadoop.ipc.RemoteException(java.lang.IllegalMonitorStateException): Releasing lock on resource /1023d1b7-77b3-4d40-8f92-69c22c60cf24/992f2b96-4cab-42b3-987d-2693ac6d00f1 without acquiring lock
	at org.apache.hadoop.ozone.lock.LockManager.getLockForReleasing(LockManager.java:220)
	at org.apache.hadoop.ozone.lock.LockManager.release(LockManager.java:168)
	at org.apache.hadoop.ozone.lock.LockManager.writeUnlock(LockManager.java:148)
	at org.apache.hadoop.ozone.om.lock.OzoneManagerLock.unlock(OzoneManagerLock.java:364)
	at org.apache.hadoop.ozone.om.lock.OzoneManagerLock.releaseWriteLock(OzoneManagerLock.java:329)
	at org.apache.hadoop.ozone.om.request.key.OMKeyCommitRequest.validateAndUpdateCache(OMKeyCommitRequest.java:177)
	at org.apache.hadoop.ozone.protocolPB.OzoneManagerProtocolServerSideTranslatorPB.submitRequestDirectlyToOM(OzoneManagerProtocolServerSideTranslatorPB.java:219)
	at org.apache.hadoop.ozone.protocolPB.OzoneManagerProtocolServerSideTranslatorPB.processRequest(OzoneManagerProtocolServerSideTranslatorPB.java:134)
	at org.apache.hadoop.hdds.server.OzoneProtocolMessageDispatcher.processRequest(OzoneProtocolMessageDispatcher.java:72)
	at org.apache.hadoop.ozone.protocolPB.OzoneManagerProtocolServerSideTranslatorPB.submitRequest(OzoneManagerProtocolServerSideTranslatorPB.java:100)
	at org.apache.hadoop.ozone.protocol.proto.OzoneManagerProtocolProtos$OzoneManagerService$2.callBlockingMethod(OzoneManagerProtocolProtos.java)
	at org.apache.hadoop.ipc.ProtobufRpcEngine$Server$ProtoBufRpcInvoker.call(ProtobufRpcEngine.java:524)
	at org.apache.hadoop.ipc.RPC$Server.call(RPC.java:1025)
	at org.apache.hadoop.ipc.Server$RpcCall.run(Server.java:876)
	at org.apache.hadoop.ipc.Server$RpcCall.run(Server.java:822)
	at java.security.AccessController.doPrivileged(Native Method)
	at javax.security.auth.Subject.doAs(Subject.java:422)
	at org.apache.hadoop.security.UserGroupInformation.doAs(UserGroupInformation.java:1730)
	at org.apache.hadoop.ipc.Server$Handler.run(Server.java:2682)
, while invoking $Proxy37.submitRequest over nodeId=null,nodeAddress=localhost:42894. Trying to failover immediately.
2019-10-16 06:06:19,791 [IPC Server handler 11 on 42894] ERROR lock.LockManager (LockManager.java:getLockForReleasing(218)) - Trying to release the lock on /1023d1b7-77b3-4d40-8f92-69c22c60cf24/992f2b96-4cab-42b3-987d-2693ac6d00f1, which was never acquired.
2019-10-16 06:06:19,791 [IPC Server handler 11 on 42894] WARN  ipc.Server (Server.java:logException(2724)) - IPC Server handler 11 on 42894, call Call#3416 Retry#1 org.apache.hadoop.ozone.om.protocol.OzoneManagerProtocol.submitRequest from 127.0.0.1:60690
java.lang.IllegalMonitorStateException: Releasing lock on resource /1023d1b7-77b3-4d40-8f92-69c22c60cf24/992f2b96-4cab-42b3-987d-2693ac6d00f1 without acquiring lock
	at org.apache.hadoop.ozone.lock.LockManager.getLockForReleasing(LockManager.java:220)
	at org.apache.hadoop.ozone.lock.LockManager.release(LockManager.java:168)
	at org.apache.hadoop.ozone.lock.LockManager.writeUnlock(LockManager.java:148)
	at org.apache.hadoop.ozone.om.lock.OzoneManagerLock.unlock(OzoneManagerLock.java:364)
	at org.apache.hadoop.ozone.om.lock.OzoneManagerLock.releaseWriteLock(OzoneManagerLock.java:329)
	at org.apache.hadoop.ozone.om.request.key.OMKeyCommitRequest.validateAndUpdateCache(OMKeyCommitRequest.java:177)
	at org.apache.hadoop.ozone.protocolPB.OzoneManagerProtocolServerSideTranslatorPB.submitRequestDirectlyToOM(OzoneManagerProtocolServerSideTranslatorPB.java:219)
	at org.apache.hadoop.ozone.protocolPB.OzoneManagerProtocolServerSideTranslatorPB.processRequest(OzoneManagerProtocolServerSideTranslatorPB.java:134)
	at org.apache.hadoop.hdds.server.OzoneProtocolMessageDispatcher.processRequest(OzoneProtocolMessageDispatcher.java:72)
	at org.apache.hadoop.ozone.protocolPB.OzoneManagerProtocolServerSideTranslatorPB.submitRequest(OzoneManagerProtocolServerSideTranslatorPB.java:100)
	at org.apache.hadoop.ozone.protocol.proto.OzoneManagerProtocolProtos$OzoneManagerService$2.callBlockingMethod(OzoneManagerProtocolProtos.java)
	at org.apache.hadoop.ipc.ProtobufRpcEngine$Server$ProtoBufRpcInvoker.call(ProtobufRpcEngine.java:524)
	at org.apache.hadoop.ipc.RPC$Server.call(RPC.java:1025)
	at org.apache.hadoop.ipc.Server$RpcCall.run(Server.java:876)
	at org.apache.hadoop.ipc.Server$RpcCall.run(Server.java:822)
	at java.security.AccessController.doPrivileged(Native Method)
	at javax.security.auth.Subject.doAs(Subject.java:422)
	at org.apache.hadoop.security.UserGroupInformation.doAs(UserGroupInformation.java:1730)
	at org.apache.hadoop.ipc.Server$Handler.run(Server.java:2682)
2019-10-16 06:06:19,792 [main] INFO  retry.RetryInvocationHandler (RetryInvocationHandler.java:log(411)) - com.google.protobuf.ServiceException: org.apache.hadoop.ipc.RemoteException(java.lang.IllegalMonitorStateException): Releasing lock on resource /1023d1b7-77b3-4d40-8f92-69c22c60cf24/992f2b96-4cab-42b3-987d-2693ac6d00f1 without acquiring lock
	at org.apache.hadoop.ozone.lock.LockManager.getLockForReleasing(LockManager.java:220)
	at org.apache.hadoop.ozone.lock.LockManager.release(LockManager.java:168)
	at org.apache.hadoop.ozone.lock.LockManager.writeUnlock(LockManager.java:148)
	at org.apache.hadoop.ozone.om.lock.OzoneManagerLock.unlock(OzoneManagerLock.java:364)
	at org.apache.hadoop.ozone.om.lock.OzoneManagerLock.releaseWriteLock(OzoneManagerLock.java:329)
	at org.apache.hadoop.ozone.om.request.key.OMKeyCommitRequest.validateAndUpdateCache(OMKeyCommitRequest.java:177)
	at org.apache.hadoop.ozone.protocolPB.OzoneManagerProtocolServerSideTranslatorPB.submitRequestDirectlyToOM(OzoneManagerProtocolServerSideTranslatorPB.java:219)
	at org.apache.hadoop.ozone.protocolPB.OzoneManagerProtocolServerSideTranslatorPB.processRequest(OzoneManagerProtocolServerSideTranslatorPB.java:134)
	at org.apache.hadoop.hdds.server.OzoneProtocolMessageDispatcher.processRequest(OzoneProtocolMessageDispatcher.java:72)
	at org.apache.hadoop.ozone.protocolPB.OzoneManagerProtocolServerSideTranslatorPB.submitRequest(OzoneManagerProtocolServerSideTranslatorPB.java:100)
	at org.apache.hadoop.ozone.protocol.proto.OzoneManagerProtocolProtos$OzoneManagerService$2.callBlockingMethod(OzoneManagerProtocolProtos.java)
	at org.apache.hadoop.ipc.ProtobufRpcEngine$Server$ProtoBufRpcInvoker.call(ProtobufRpcEngine.java:524)
	at org.apache.hadoop.ipc.RPC$Server.call(RPC.java:1025)
	at org.apache.hadoop.ipc.Server$RpcCall.run(Server.java:876)
	at org.apache.hadoop.ipc.Server$RpcCall.run(Server.java:822)
	at java.security.AccessController.doPrivileged(Native Method)
	at javax.security.auth.Subject.doAs(Subject.java:422)
	at org.apache.hadoop.security.UserGroupInformation.doAs(UserGroupInformation.java:1730)
	at org.apache.hadoop.ipc.Server$Handler.run(Server.java:2682)
, while invoking $Proxy37.submitRequest over nodeId=null,nodeAddress=localhost:42894 after 1 failover attempts. Trying to failover immediately.
2019-10-16 06:06:19,793 [IPC Server handler 3 on 42894] ERROR lock.LockManager (LockManager.java:getLockForReleasing(218)) - Trying to release the lock on /1023d1b7-77b3-4d40-8f92-69c22c60cf24/992f2b96-4cab-42b3-987d-2693ac6d00f1, which was never acquired.
2019-10-16 06:06:19,793 [IPC Server handler 3 on 42894] WARN  ipc.Server (Server.java:logException(2724)) - IPC Server handler 3 on 42894, call Call#3416 Retry#2 org.apache.hadoop.ozone.om.protocol.OzoneManagerProtocol.submitRequest from 127.0.0.1:60690
java.lang.IllegalMonitorStateException: Releasing lock on resource /1023d1b7-77b3-4d40-8f92-69c22c60cf24/992f2b96-4cab-42b3-987d-2693ac6d00f1 without acquiring lock
	at org.apache.hadoop.ozone.lock.LockManager.getLockForReleasing(LockManager.java:220)
	at org.apache.hadoop.ozone.lock.LockManager.release(LockManager.java:168)
	at org.apache.hadoop.ozone.lock.LockManager.writeUnlock(LockManager.java:148)
	at org.apache.hadoop.ozone.om.lock.OzoneManagerLock.unlock(OzoneManagerLock.java:364)
	at org.apache.hadoop.ozone.om.lock.OzoneManagerLock.releaseWriteLock(OzoneManagerLock.java:329)
	at org.apache.hadoop.ozone.om.request.key.OMKeyCommitRequest.validateAndUpdateCache(OMKeyCommitRequest.java:177)
	at org.apache.hadoop.ozone.protocolPB.OzoneManagerProtocolServerSideTranslatorPB.submitRequestDirectlyToOM(OzoneManagerProtocolServerSideTranslatorPB.java:219)
	at org.apache.hadoop.ozone.protocolPB.OzoneManagerProtocolServerSideTranslatorPB.processRequest(OzoneManagerProtocolServerSideTranslatorPB.java:134)
	at org.apache.hadoop.hdds.server.OzoneProtocolMessageDispatcher.processRequest(OzoneProtocolMessageDispatcher.java:72)
	at org.apache.hadoop.ozone.protocolPB.OzoneManagerProtocolServerSideTranslatorPB.submitRequest(OzoneManagerProtocolServerSideTranslatorPB.java:100)
	at org.apache.hadoop.ozone.protocol.proto.OzoneManagerProtocolProtos$OzoneManagerService$2.callBlockingMethod(OzoneManagerProtocolProtos.java)
	at org.apache.hadoop.ipc.ProtobufRpcEngine$Server$ProtoBufRpcInvoker.call(ProtobufRpcEngine.java:524)
	at org.apache.hadoop.ipc.RPC$Server.call(RPC.java:1025)
	at org.apache.hadoop.ipc.Server$RpcCall.run(Server.java:876)
	at org.apache.hadoop.ipc.Server$RpcCall.run(Server.java:822)
	at java.security.AccessController.doPrivileged(Native Method)
	at javax.security.auth.Subject.doAs(Subject.java:422)
	at org.apache.hadoop.security.UserGroupInformation.doAs(UserGroupInformation.java:1730)
	at org.apache.hadoop.ipc.Server$Handler.run(Server.java:2682)
2019-10-16 06:06:19,794 [main] INFO  retry.RetryInvocationHandler (RetryInvocationHandler.java:log(411)) - com.google.protobuf.ServiceException: org.apache.hadoop.ipc.RemoteException(java.lang.IllegalMonitorStateException): Releasing lock on resource /1023d1b7-77b3-4d40-8f92-69c22c60cf24/992f2b96-4cab-42b3-987d-2693ac6d00f1 without acquiring lock
	at org.apache.hadoop.ozone.lock.LockManager.getLockForReleasing(LockManager.java:220)
	at org.apache.hadoop.ozone.lock.LockManager.release(LockManager.java:168)
	at org.apache.hadoop.ozone.lock.LockManager.writeUnlock(LockManager.java:148)
	at org.apache.hadoop.ozone.om.lock.OzoneManagerLock.unlock(OzoneManagerLock.java:364)
	at org.apache.hadoop.ozone.om.lock.OzoneManagerLock.releaseWriteLock(OzoneManagerLock.java:329)
	at org.apache.hadoop.ozone.om.request.key.OMKeyCommitRequest.validateAndUpdateCache(OMKeyCommitRequest.java:177)
	at org.apache.hadoop.ozone.protocolPB.OzoneManagerProtocolServerSideTranslatorPB.submitRequestDirectlyToOM(OzoneManagerProtocolServerSideTranslatorPB.java:219)
	at org.apache.hadoop.ozone.protocolPB.OzoneManagerProtocolServerSideTranslatorPB.processRequest(OzoneManagerProtocolServerSideTranslatorPB.java:134)
	at org.apache.hadoop.hdds.server.OzoneProtocolMessageDispatcher.processRequest(OzoneProtocolMessageDispatcher.java:72)
	at org.apache.hadoop.ozone.protocolPB.OzoneManagerProtocolServerSideTranslatorPB.submitRequest(OzoneManagerProtocolServerSideTranslatorPB.java:100)
	at org.apache.hadoop.ozone.protocol.proto.OzoneManagerProtocolProtos$OzoneManagerService$2.callBlockingMethod(OzoneManagerProtocolProtos.java)
	at org.apache.hadoop.ipc.ProtobufRpcEngine$Server$ProtoBufRpcInvoker.call(ProtobufRpcEngine.java:524)
	at org.apache.hadoop.ipc.RPC$Server.call(RPC.java:1025)
	at org.apache.hadoop.ipc.Server$RpcCall.run(Server.java:876)
	at org.apache.hadoop.ipc.Server$RpcCall.run(Server.java:822)
	at java.security.AccessController.doPrivileged(Native Method)
	at javax.security.auth.Subject.doAs(Subject.java:422)
	at org.apache.hadoop.security.UserGroupInformation.doAs(UserGroupInformation.java:1730)
	at org.apache.hadoop.ipc.Server$Handler.run(Server.java:2682)
, while invoking $Proxy37.submitRequest over nodeId=null,nodeAddress=localhost:42894 after 2 failover attempts. Trying to failover immediately.
2019-10-16 06:06:19,795 [IPC Server handler 7 on 42894] ERROR lock.LockManager (LockManager.java:getLockForReleasing(218)) - Trying to release the lock on /1023d1b7-77b3-4d40-8f92-69c22c60cf24/992f2b96-4cab-42b3-987d-2693ac6d00f1, which was never acquired.
2019-10-16 06:06:19,795 [IPC Server handler 7 on 42894] WARN  ipc.Server (Server.java:logException(2724)) - IPC Server handler 7 on 42894, call Call#3416 Retry#3 org.apache.hadoop.ozone.om.protocol.OzoneManagerProtocol.submitRequest from 127.0.0.1:60690
java.lang.IllegalMonitorStateException: Releasing lock on resource /1023d1b7-77b3-4d40-8f92-69c22c60cf24/992f2b96-4cab-42b3-987d-2693ac6d00f1 without acquiring lock
	at org.apache.hadoop.ozone.lock.LockManager.getLockForReleasing(LockManager.java:220)
	at org.apache.hadoop.ozone.lock.LockManager.release(LockManager.java:168)
	at org.apache.hadoop.ozone.lock.LockManager.writeUnlock(LockManager.java:148)
	at org.apache.hadoop.ozone.om.lock.OzoneManagerLock.unlock(OzoneManagerLock.java:364)
	at org.apache.hadoop.ozone.om.lock.OzoneManagerLock.releaseWriteLock(OzoneManagerLock.java:329)
	at org.apache.hadoop.ozone.om.request.key.OMKeyCommitRequest.validateAndUpdateCache(OMKeyCommitRequest.java:177)
	at org.apache.hadoop.ozone.protocolPB.OzoneManagerProtocolServerSideTranslatorPB.submitRequestDirectlyToOM(OzoneManagerProtocolServerSideTranslatorPB.java:219)
	at org.apache.hadoop.ozone.protocolPB.OzoneManagerProtocolServerSideTranslatorPB.processRequest(OzoneManagerProtocolServerSideTranslatorPB.java:134)
	at org.apache.hadoop.hdds.server.OzoneProtocolMessageDispatcher.processRequest(OzoneProtocolMessageDispatcher.java:72)
	at org.apache.hadoop.ozone.protocolPB.OzoneManagerProtocolServerSideTranslatorPB.submitRequest(OzoneManagerProtocolServerSideTranslatorPB.java:100)
	at org.apache.hadoop.ozone.protocol.proto.OzoneManagerProtocolProtos$OzoneManagerService$2.callBlockingMethod(OzoneManagerProtocolProtos.java)
	at org.apache.hadoop.ipc.ProtobufRpcEngine$Server$ProtoBufRpcInvoker.call(ProtobufRpcEngine.java:524)
	at org.apache.hadoop.ipc.RPC$Server.call(RPC.java:1025)
	at org.apache.hadoop.ipc.Server$RpcCall.run(Server.java:876)
	at org.apache.hadoop.ipc.Server$RpcCall.run(Server.java:822)
	at java.security.AccessController.doPrivileged(Native Method)
	at javax.security.auth.Subject.doAs(Subject.java:422)
	at org.apache.hadoop.security.UserGroupInformation.doAs(UserGroupInformation.java:1730)
	at org.apache.hadoop.ipc.Server$Handler.run(Server.java:2682)
2019-10-16 06:06:19,795 [main] INFO  retry.RetryInvocationHandler (RetryInvocationHandler.java:log(411)) - com.google.protobuf.ServiceException: org.apache.hadoop.ipc.RemoteException(java.lang.IllegalMonitorStateException): Releasing lock on resource /1023d1b7-77b3-4d40-8f92-69c22c60cf24/992f2b96-4cab-42b3-987d-2693ac6d00f1 without acquiring lock
	at org.apache.hadoop.ozone.lock.LockManager.getLockForReleasing(LockManager.java:220)
	at org.apache.hadoop.ozone.lock.LockManager.release(LockManager.java:168)
	at org.apache.hadoop.ozone.lock.LockManager.writeUnlock(LockManager.java:148)
	at org.apache.hadoop.ozone.om.lock.OzoneManagerLock.unlock(OzoneManagerLock.java:364)
	at org.apache.hadoop.ozone.om.lock.OzoneManagerLock.releaseWriteLock(OzoneManagerLock.java:329)
	at org.apache.hadoop.ozone.om.request.key.OMKeyCommitRequest.validateAndUpdateCache(OMKeyCommitRequest.java:177)
	at org.apache.hadoop.ozone.protocolPB.OzoneManagerProtocolServerSideTranslatorPB.submitRequestDirectlyToOM(OzoneManagerProtocolServerSideTranslatorPB.java:219)
	at org.apache.hadoop.ozone.protocolPB.OzoneManagerProtocolServerSideTranslatorPB.processRequest(OzoneManagerProtocolServerSideTranslatorPB.java:134)
	at org.apache.hadoop.hdds.server.OzoneProtocolMessageDispatcher.processRequest(OzoneProtocolMessageDispatcher.java:72)
	at org.apache.hadoop.ozone.protocolPB.OzoneManagerProtocolServerSideTranslatorPB.submitRequest(OzoneManagerProtocolServerSideTranslatorPB.java:100)
	at org.apache.hadoop.ozone.protocol.proto.OzoneManagerProtocolProtos$OzoneManagerService$2.callBlockingMethod(OzoneManagerProtocolProtos.java)
	at org.apache.hadoop.ipc.ProtobufRpcEngine$Server$ProtoBufRpcInvoker.call(ProtobufRpcEngine.java:524)
	at org.apache.hadoop.ipc.RPC$Server.call(RPC.java:1025)
	at org.apache.hadoop.ipc.Server$RpcCall.run(Server.java:876)
	at org.apache.hadoop.ipc.Server$RpcCall.run(Server.java:822)
	at java.security.AccessController.doPrivileged(Native Method)
	at javax.security.auth.Subject.doAs(Subject.java:422)
	at org.apache.hadoop.security.UserGroupInformation.doAs(UserGroupInformation.java:1730)
	at org.apache.hadoop.ipc.Server$Handler.run(Server.java:2682)
, while invoking $Proxy37.submitRequest over nodeId=null,nodeAddress=localhost:42894 after 3 failover attempts. Trying to failover immediately.
2019-10-16 06:06:19,796 [IPC Server handler 18 on 42894] ERROR lock.LockManager (LockManager.java:getLockForReleasing(218)) - Trying to release the lock on /1023d1b7-77b3-4d40-8f92-69c22c60cf24/992f2b96-4cab-42b3-987d-2693ac6d00f1, which was never acquired.
2019-10-16 06:06:19,796 [IPC Server handler 18 on 42894] WARN  ipc.Server (Server.java:logException(2724)) - IPC Server handler 18 on 42894, call Call#3416 Retry#4 org.apache.hadoop.ozone.om.protocol.OzoneManagerProtocol.submitRequest from 127.0.0.1:60690
java.lang.IllegalMonitorStateException: Releasing lock on resource /1023d1b7-77b3-4d40-8f92-69c22c60cf24/992f2b96-4cab-42b3-987d-2693ac6d00f1 without acquiring lock
	at org.apache.hadoop.ozone.lock.LockManager.getLockForReleasing(LockManager.java:220)
	at org.apache.hadoop.ozone.lock.LockManager.release(LockManager.java:168)
	at org.apache.hadoop.ozone.lock.LockManager.writeUnlock(LockManager.java:148)
	at org.apache.hadoop.ozone.om.lock.OzoneManagerLock.unlock(OzoneManagerLock.java:364)
	at org.apache.hadoop.ozone.om.lock.OzoneManagerLock.releaseWriteLock(OzoneManagerLock.java:329)
	at org.apache.hadoop.ozone.om.request.key.OMKeyCommitRequest.validateAndUpdateCache(OMKeyCommitRequest.java:177)
	at org.apache.hadoop.ozone.protocolPB.OzoneManagerProtocolServerSideTranslatorPB.submitRequestDirectlyToOM(OzoneManagerProtocolServerSideTranslatorPB.java:219)
	at org.apache.hadoop.ozone.protocolPB.OzoneManagerProtocolServerSideTranslatorPB.processRequest(OzoneManagerProtocolServerSideTranslatorPB.java:134)
	at org.apache.hadoop.hdds.server.OzoneProtocolMessageDispatcher.processRequest(OzoneProtocolMessageDispatcher.java:72)
	at org.apache.hadoop.ozone.protocolPB.OzoneManagerProtocolServerSideTranslatorPB.submitRequest(OzoneManagerProtocolServerSideTranslatorPB.java:100)
	at org.apache.hadoop.ozone.protocol.proto.OzoneManagerProtocolProtos$OzoneManagerService$2.callBlockingMethod(OzoneManagerProtocolProtos.java)
	at org.apache.hadoop.ipc.ProtobufRpcEngine$Server$ProtoBufRpcInvoker.call(ProtobufRpcEngine.java:524)
	at org.apache.hadoop.ipc.RPC$Server.call(RPC.java:1025)
	at org.apache.hadoop.ipc.Server$RpcCall.run(Server.java:876)
	at org.apache.hadoop.ipc.Server$RpcCall.run(Server.java:822)
	at java.security.AccessController.doPrivileged(Native Method)
	at javax.security.auth.Subject.doAs(Subject.java:422)
	at org.apache.hadoop.security.UserGroupInformation.doAs(UserGroupInformation.java:1730)
	at org.apache.hadoop.ipc.Server$Handler.run(Server.java:2682)
2019-10-16 06:06:19,797 [main] INFO  retry.RetryInvocationHandler (RetryInvocationHandler.java:log(411)) - com.google.protobuf.ServiceException: org.apache.hadoop.ipc.RemoteException(java.lang.IllegalMonitorStateException): Releasing lock on resource /1023d1b7-77b3-4d40-8f92-69c22c60cf24/992f2b96-4cab-42b3-987d-2693ac6d00f1 without acquiring lock
	at org.apache.hadoop.ozone.lock.LockManager.getLockForReleasing(LockManager.java:220)
	at org.apache.hadoop.ozone.lock.LockManager.release(LockManager.java:168)
	at org.apache.hadoop.ozone.lock.LockManager.writeUnlock(LockManager.java:148)
	at org.apache.hadoop.ozone.om.lock.OzoneManagerLock.unlock(OzoneManagerLock.java:364)
	at org.apache.hadoop.ozone.om.lock.OzoneManagerLock.releaseWriteLock(OzoneManagerLock.java:329)
	at org.apache.hadoop.ozone.om.request.key.OMKeyCommitRequest.validateAndUpdateCache(OMKeyCommitRequest.java:177)
	at org.apache.hadoop.ozone.protocolPB.OzoneManagerProtocolServerSideTranslatorPB.submitRequestDirectlyToOM(OzoneManagerProtocolServerSideTranslatorPB.java:219)
	at org.apache.hadoop.ozone.protocolPB.OzoneManagerProtocolServerSideTranslatorPB.processRequest(OzoneManagerProtocolServerSideTranslatorPB.java:134)
	at org.apache.hadoop.hdds.server.OzoneProtocolMessageDispatcher.processRequest(OzoneProtocolMessageDispatcher.java:72)
	at org.apache.hadoop.ozone.protocolPB.OzoneManagerProtocolServerSideTranslatorPB.submitRequest(OzoneManagerProtocolServerSideTranslatorPB.java:100)
	at org.apache.hadoop.ozone.protocol.proto.OzoneManagerProtocolProtos$OzoneManagerService$2.callBlockingMethod(OzoneManagerProtocolProtos.java)
	at org.apache.hadoop.ipc.ProtobufRpcEngine$Server$ProtoBufRpcInvoker.call(ProtobufRpcEngine.java:524)
	at org.apache.hadoop.ipc.RPC$Server.call(RPC.java:1025)
	at org.apache.hadoop.ipc.Server$RpcCall.run(Server.java:876)
	at org.apache.hadoop.ipc.Server$RpcCall.run(Server.java:822)
	at java.security.AccessController.doPrivileged(Native Method)
	at javax.security.auth.Subject.doAs(Subject.java:422)
	at org.apache.hadoop.security.UserGroupInformation.doAs(UserGroupInformation.java:1730)
	at org.apache.hadoop.ipc.Server$Handler.run(Server.java:2682)
, while invoking $Proxy37.submitRequest over nodeId=null,nodeAddress=localhost:42894 after 4 failover attempts. Trying to failover immediately.
2019-10-16 06:06:19,797 [IPC Server handler 16 on 42894] ERROR lock.LockManager (LockManager.java:getLockForReleasing(218)) - Trying to release the lock on /1023d1b7-77b3-4d40-8f92-69c22c60cf24/992f2b96-4cab-42b3-987d-2693ac6d00f1, which was never acquired.
2019-10-16 06:06:19,797 [IPC Server handler 16 on 42894] WARN  ipc.Server (Server.java:logException(2724)) - IPC Server handler 16 on 42894, call Call#3416 Retry#5 org.apache.hadoop.ozone.om.protocol.OzoneManagerProtocol.submitRequest from 127.0.0.1:60690
java.lang.IllegalMonitorStateException: Releasing lock on resource /1023d1b7-77b3-4d40-8f92-69c22c60cf24/992f2b96-4cab-42b3-987d-2693ac6d00f1 without acquiring lock
	at org.apache.hadoop.ozone.lock.LockManager.getLockForReleasing(LockManager.java:220)
	at org.apache.hadoop.ozone.lock.LockManager.release(LockManager.java:168)
	at org.apache.hadoop.ozone.lock.LockManager.writeUnlock(LockManager.java:148)
	at org.apache.hadoop.ozone.om.lock.OzoneManagerLock.unlock(OzoneManagerLock.java:364)
	at org.apache.hadoop.ozone.om.lock.OzoneManagerLock.releaseWriteLock(OzoneManagerLock.java:329)
	at org.apache.hadoop.ozone.om.request.key.OMKeyCommitRequest.validateAndUpdateCache(OMKeyCommitRequest.java:177)
	at org.apache.hadoop.ozone.protocolPB.OzoneManagerProtocolServerSideTranslatorPB.submitRequestDirectlyToOM(OzoneManagerProtocolServerSideTranslatorPB.java:219)
	at org.apache.hadoop.ozone.protocolPB.OzoneManagerProtocolServerSideTranslatorPB.processRequest(OzoneManagerProtocolServerSideTranslatorPB.java:134)
	at org.apache.hadoop.hdds.server.OzoneProtocolMessageDispatcher.processRequest(OzoneProtocolMessageDispatcher.java:72)
	at org.apache.hadoop.ozone.protocolPB.OzoneManagerProtocolServerSideTranslatorPB.submitRequest(OzoneManagerProtocolServerSideTranslatorPB.java:100)
	at org.apache.hadoop.ozone.protocol.proto.OzoneManagerProtocolProtos$OzoneManagerService$2.callBlockingMethod(OzoneManagerProtocolProtos.java)
	at org.apache.hadoop.ipc.ProtobufRpcEngine$Server$ProtoBufRpcInvoker.call(ProtobufRpcEngine.java:524)
	at org.apache.hadoop.ipc.RPC$Server.call(RPC.java:1025)
	at org.apache.hadoop.ipc.Server$RpcCall.run(Server.java:876)
	at org.apache.hadoop.ipc.Server$RpcCall.run(Server.java:822)
	at java.security.AccessController.doPrivileged(Native Method)
	at javax.security.auth.Subject.doAs(Subject.java:422)
	at org.apache.hadoop.security.UserGroupInformation.doAs(UserGroupInformation.java:1730)
	at org.apache.hadoop.ipc.Server$Handler.run(Server.java:2682)
2019-10-16 06:06:19,798 [main] INFO  retry.RetryInvocationHandler (RetryInvocationHandler.java:log(411)) - com.google.protobuf.ServiceException: org.apache.hadoop.ipc.RemoteException(java.lang.IllegalMonitorStateException): Releasing lock on resource /1023d1b7-77b3-4d40-8f92-69c22c60cf24/992f2b96-4cab-42b3-987d-2693ac6d00f1 without acquiring lock
	at org.apache.hadoop.ozone.lock.LockManager.getLockForReleasing(LockManager.java:220)
	at org.apache.hadoop.ozone.lock.LockManager.release(LockManager.java:168)
	at org.apache.hadoop.ozone.lock.LockManager.writeUnlock(LockManager.java:148)
	at org.apache.hadoop.ozone.om.lock.OzoneManagerLock.unlock(OzoneManagerLock.java:364)
	at org.apache.hadoop.ozone.om.lock.OzoneManagerLock.releaseWriteLock(OzoneManagerLock.java:329)
	at org.apache.hadoop.ozone.om.request.key.OMKeyCommitRequest.validateAndUpdateCache(OMKeyCommitRequest.java:177)
	at org.apache.hadoop.ozone.protocolPB.OzoneManagerProtocolServerSideTranslatorPB.submitRequestDirectlyToOM(OzoneManagerProtocolServerSideTranslatorPB.java:219)
	at org.apache.hadoop.ozone.protocolPB.OzoneManagerProtocolServerSideTranslatorPB.processRequest(OzoneManagerProtocolServerSideTranslatorPB.java:134)
	at org.apache.hadoop.hdds.server.OzoneProtocolMessageDispatcher.processRequest(OzoneProtocolMessageDispatcher.java:72)
	at org.apache.hadoop.ozone.protocolPB.OzoneManagerProtocolServerSideTranslatorPB.submitRequest(OzoneManagerProtocolServerSideTranslatorPB.java:100)
	at org.apache.hadoop.ozone.protocol.proto.OzoneManagerProtocolProtos$OzoneManagerService$2.callBlockingMethod(OzoneManagerProtocolProtos.java)
	at org.apache.hadoop.ipc.ProtobufRpcEngine$Server$ProtoBufRpcInvoker.call(ProtobufRpcEngine.java:524)
	at org.apache.hadoop.ipc.RPC$Server.call(RPC.java:1025)
	at org.apache.hadoop.ipc.Server$RpcCall.run(Server.java:876)
	at org.apache.hadoop.ipc.Server$RpcCall.run(Server.java:822)
	at java.security.AccessController.doPrivileged(Native Method)
	at javax.security.auth.Subject.doAs(Subject.java:422)
	at org.apache.hadoop.security.UserGroupInformation.doAs(UserGroupInformation.java:1730)
	at org.apache.hadoop.ipc.Server$Handler.run(Server.java:2682)
, while invoking $Proxy37.submitRequest over nodeId=null,nodeAddress=localhost:42894 after 5 failover attempts. Trying to failover immediately.
2019-10-16 06:06:19,799 [IPC Server handler 8 on 42894] ERROR lock.LockManager (LockManager.java:getLockForReleasing(218)) - Trying to release the lock on /1023d1b7-77b3-4d40-8f92-69c22c60cf24/992f2b96-4cab-42b3-987d-2693ac6d00f1, which was never acquired.
2019-10-16 06:06:19,799 [IPC Server handler 8 on 42894] WARN  ipc.Server (Server.java:logException(2724)) - IPC Server handler 8 on 42894, call Call#3416 Retry#6 org.apache.hadoop.ozone.om.protocol.OzoneManagerProtocol.submitRequest from 127.0.0.1:60690
java.lang.IllegalMonitorStateException: Releasing lock on resource /1023d1b7-77b3-4d40-8f92-69c22c60cf24/992f2b96-4cab-42b3-987d-2693ac6d00f1 without acquiring lock
	at org.apache.hadoop.ozone.lock.LockManager.getLockForReleasing(LockManager.java:220)
	at org.apache.hadoop.ozone.lock.LockManager.release(LockManager.java:168)
	at org.apache.hadoop.ozone.lock.LockManager.writeUnlock(LockManager.java:148)
	at org.apache.hadoop.ozone.om.lock.OzoneManagerLock.unlock(OzoneManagerLock.java:364)
	at org.apache.hadoop.ozone.om.lock.OzoneManagerLock.releaseWriteLock(OzoneManagerLock.java:329)
	at org.apache.hadoop.ozone.om.request.key.OMKeyCommitRequest.validateAndUpdateCache(OMKeyCommitRequest.java:177)
	at org.apache.hadoop.ozone.protocolPB.OzoneManagerProtocolServerSideTranslatorPB.submitRequestDirectlyToOM(OzoneManagerProtocolServerSideTranslatorPB.java:219)
	at org.apache.hadoop.ozone.protocolPB.OzoneManagerProtocolServerSideTranslatorPB.processRequest(OzoneManagerProtocolServerSideTranslatorPB.java:134)
	at org.apache.hadoop.hdds.server.OzoneProtocolMessageDispatcher.processRequest(OzoneProtocolMessageDispatcher.java:72)
	at org.apache.hadoop.ozone.protocolPB.OzoneManagerProtocolServerSideTranslatorPB.submitRequest(OzoneManagerProtocolServerSideTranslatorPB.java:100)
	at org.apache.hadoop.ozone.protocol.proto.OzoneManagerProtocolProtos$OzoneManagerService$2.callBlockingMethod(OzoneManagerProtocolProtos.java)
	at org.apache.hadoop.ipc.ProtobufRpcEngine$Server$ProtoBufRpcInvoker.call(ProtobufRpcEngine.java:524)
	at org.apache.hadoop.ipc.RPC$Server.call(RPC.java:1025)
	at org.apache.hadoop.ipc.Server$RpcCall.run(Server.java:876)
	at org.apache.hadoop.ipc.Server$RpcCall.run(Server.java:822)
	at java.security.AccessController.doPrivileged(Native Method)
	at javax.security.auth.Subject.doAs(Subject.java:422)
	at org.apache.hadoop.security.UserGroupInformation.doAs(UserGroupInformation.java:1730)
	at org.apache.hadoop.ipc.Server$Handler.run(Server.java:2682)
2019-10-16 06:06:19,799 [main] INFO  retry.RetryInvocationHandler (RetryInvocationHandler.java:log(411)) - com.google.protobuf.ServiceException: org.apache.hadoop.ipc.RemoteException(java.lang.IllegalMonitorStateException): Releasing lock on resource /1023d1b7-77b3-4d40-8f92-69c22c60cf24/992f2b96-4cab-42b3-987d-2693ac6d00f1 without acquiring lock
	at org.apache.hadoop.ozone.lock.LockManager.getLockForReleasing(LockManager.java:220)
	at org.apache.hadoop.ozone.lock.LockManager.release(LockManager.java:168)
	at org.apache.hadoop.ozone.lock.LockManager.writeUnlock(LockManager.java:148)
	at org.apache.hadoop.ozone.om.lock.OzoneManagerLock.unlock(OzoneManagerLock.java:364)
	at org.apache.hadoop.ozone.om.lock.OzoneManagerLock.releaseWriteLock(OzoneManagerLock.java:329)
	at org.apache.hadoop.ozone.om.request.key.OMKeyCommitRequest.validateAndUpdateCache(OMKeyCommitRequest.java:177)
	at org.apache.hadoop.ozone.protocolPB.OzoneManagerProtocolServerSideTranslatorPB.submitRequestDirectlyToOM(OzoneManagerProtocolServerSideTranslatorPB.java:219)
	at org.apache.hadoop.ozone.protocolPB.OzoneManagerProtocolServerSideTranslatorPB.processRequest(OzoneManagerProtocolServerSideTranslatorPB.java:134)
	at org.apache.hadoop.hdds.server.OzoneProtocolMessageDispatcher.processRequest(OzoneProtocolMessageDispatcher.java:72)
	at org.apache.hadoop.ozone.protocolPB.OzoneManagerProtocolServerSideTranslatorPB.submitRequest(OzoneManagerProtocolServerSideTranslatorPB.java:100)
	at org.apache.hadoop.ozone.protocol.proto.OzoneManagerProtocolProtos$OzoneManagerService$2.callBlockingMethod(OzoneManagerProtocolProtos.java)
	at org.apache.hadoop.ipc.ProtobufRpcEngine$Server$ProtoBufRpcInvoker.call(ProtobufRpcEngine.java:524)
	at org.apache.hadoop.ipc.RPC$Server.call(RPC.java:1025)
	at org.apache.hadoop.ipc.Server$RpcCall.run(Server.java:876)
	at org.apache.hadoop.ipc.Server$RpcCall.run(Server.java:822)
	at java.security.AccessController.doPrivileged(Native Method)
	at javax.security.auth.Subject.doAs(Subject.java:422)
	at org.apache.hadoop.security.UserGroupInformation.doAs(UserGroupInformation.java:1730)
	at org.apache.hadoop.ipc.Server$Handler.run(Server.java:2682)
, while invoking $Proxy37.submitRequest over nodeId=null,nodeAddress=localhost:42894 after 6 failover attempts. Trying to failover immediately.
2019-10-16 06:06:19,800 [IPC Server handler 6 on 42894] ERROR lock.LockManager (LockManager.java:getLockForReleasing(218)) - Trying to release the lock on /1023d1b7-77b3-4d40-8f92-69c22c60cf24/992f2b96-4cab-42b3-987d-2693ac6d00f1, which was never acquired.
2019-10-16 06:06:19,801 [IPC Server handler 6 on 42894] WARN  ipc.Server (Server.java:logException(2724)) - IPC Server handler 6 on 42894, call Call#3416 Retry#7 org.apache.hadoop.ozone.om.protocol.OzoneManagerProtocol.submitRequest from 127.0.0.1:60690
java.lang.IllegalMonitorStateException: Releasing lock on resource /1023d1b7-77b3-4d40-8f92-69c22c60cf24/992f2b96-4cab-42b3-987d-2693ac6d00f1 without acquiring lock
	at org.apache.hadoop.ozone.lock.LockManager.getLockForReleasing(LockManager.java:220)
	at org.apache.hadoop.ozone.lock.LockManager.release(LockManager.java:168)
	at org.apache.hadoop.ozone.lock.LockManager.writeUnlock(LockManager.java:148)
	at org.apache.hadoop.ozone.om.lock.OzoneManagerLock.unlock(OzoneManagerLock.java:364)
	at org.apache.hadoop.ozone.om.lock.OzoneManagerLock.releaseWriteLock(OzoneManagerLock.java:329)
	at org.apache.hadoop.ozone.om.request.key.OMKeyCommitRequest.validateAndUpdateCache(OMKeyCommitRequest.java:177)
	at org.apache.hadoop.ozone.protocolPB.OzoneManagerProtocolServerSideTranslatorPB.submitRequestDirectlyToOM(OzoneManagerProtocolServerSideTranslatorPB.java:219)
	at org.apache.hadoop.ozone.protocolPB.OzoneManagerProtocolServerSideTranslatorPB.processRequest(OzoneManagerProtocolServerSideTranslatorPB.java:134)
	at org.apache.hadoop.hdds.server.OzoneProtocolMessageDispatcher.processRequest(OzoneProtocolMessageDispatcher.java:72)
	at org.apache.hadoop.ozone.protocolPB.OzoneManagerProtocolServerSideTranslatorPB.submitRequest(OzoneManagerProtocolServerSideTranslatorPB.java:100)
	at org.apache.hadoop.ozone.protocol.proto.OzoneManagerProtocolProtos$OzoneManagerService$2.callBlockingMethod(OzoneManagerProtocolProtos.java)
	at org.apache.hadoop.ipc.ProtobufRpcEngine$Server$ProtoBufRpcInvoker.call(ProtobufRpcEngine.java:524)
	at org.apache.hadoop.ipc.RPC$Server.call(RPC.java:1025)
	at org.apache.hadoop.ipc.Server$RpcCall.run(Server.java:876)
	at org.apache.hadoop.ipc.Server$RpcCall.run(Server.java:822)
	at java.security.AccessController.doPrivileged(Native Method)
	at javax.security.auth.Subject.doAs(Subject.java:422)
	at org.apache.hadoop.security.UserGroupInformation.doAs(UserGroupInformation.java:1730)
	at org.apache.hadoop.ipc.Server$Handler.run(Server.java:2682)
2019-10-16 06:06:19,801 [main] INFO  retry.RetryInvocationHandler (RetryInvocationHandler.java:log(411)) - com.google.protobuf.ServiceException: org.apache.hadoop.ipc.RemoteException(java.lang.IllegalMonitorStateException): Releasing lock on resource /1023d1b7-77b3-4d40-8f92-69c22c60cf24/992f2b96-4cab-42b3-987d-2693ac6d00f1 without acquiring lock
	at org.apache.hadoop.ozone.lock.LockManager.getLockForReleasing(LockManager.java:220)
	at org.apache.hadoop.ozone.lock.LockManager.release(LockManager.java:168)
	at org.apache.hadoop.ozone.lock.LockManager.writeUnlock(LockManager.java:148)
	at org.apache.hadoop.ozone.om.lock.OzoneManagerLock.unlock(OzoneManagerLock.java:364)
	at org.apache.hadoop.ozone.om.lock.OzoneManagerLock.releaseWriteLock(OzoneManagerLock.java:329)
	at org.apache.hadoop.ozone.om.request.key.OMKeyCommitRequest.validateAndUpdateCache(OMKeyCommitRequest.java:177)
	at org.apache.hadoop.ozone.protocolPB.OzoneManagerProtocolServerSideTranslatorPB.submitRequestDirectlyToOM(OzoneManagerProtocolServerSideTranslatorPB.java:219)
	at org.apache.hadoop.ozone.protocolPB.OzoneManagerProtocolServerSideTranslatorPB.processRequest(OzoneManagerProtocolServerSideTranslatorPB.java:134)
	at org.apache.hadoop.hdds.server.OzoneProtocolMessageDispatcher.processRequest(OzoneProtocolMessageDispatcher.java:72)
	at org.apache.hadoop.ozone.protocolPB.OzoneManagerProtocolServerSideTranslatorPB.submitRequest(OzoneManagerProtocolServerSideTranslatorPB.java:100)
	at org.apache.hadoop.ozone.protocol.proto.OzoneManagerProtocolProtos$OzoneManagerService$2.callBlockingMethod(OzoneManagerProtocolProtos.java)
	at org.apache.hadoop.ipc.ProtobufRpcEngine$Server$ProtoBufRpcInvoker.call(ProtobufRpcEngine.java:524)
	at org.apache.hadoop.ipc.RPC$Server.call(RPC.java:1025)
	at org.apache.hadoop.ipc.Server$RpcCall.run(Server.java:876)
	at org.apache.hadoop.ipc.Server$RpcCall.run(Server.java:822)
	at java.security.AccessController.doPrivileged(Native Method)
	at javax.security.auth.Subject.doAs(Subject.java:422)
	at org.apache.hadoop.security.UserGroupInformation.doAs(UserGroupInformation.java:1730)
	at org.apache.hadoop.ipc.Server$Handler.run(Server.java:2682)
, while invoking $Proxy37.submitRequest over nodeId=null,nodeAddress=localhost:42894 after 7 failover attempts. Trying to failover immediately.
2019-10-16 06:06:19,802 [IPC Server handler 15 on 42894] ERROR lock.LockManager (LockManager.java:getLockForReleasing(218)) - Trying to release the lock on /1023d1b7-77b3-4d40-8f92-69c22c60cf24/992f2b96-4cab-42b3-987d-2693ac6d00f1, which was never acquired.
2019-10-16 06:06:19,802 [IPC Server handler 15 on 42894] WARN  ipc.Server (Server.java:logException(2724)) - IPC Server handler 15 on 42894, call Call#3416 Retry#8 org.apache.hadoop.ozone.om.protocol.OzoneManagerProtocol.submitRequest from 127.0.0.1:60690
java.lang.IllegalMonitorStateException: Releasing lock on resource /1023d1b7-77b3-4d40-8f92-69c22c60cf24/992f2b96-4cab-42b3-987d-2693ac6d00f1 without acquiring lock
	at org.apache.hadoop.ozone.lock.LockManager.getLockForReleasing(LockManager.java:220)
	at org.apache.hadoop.ozone.lock.LockManager.release(LockManager.java:168)
	at org.apache.hadoop.ozone.lock.LockManager.writeUnlock(LockManager.java:148)
	at org.apache.hadoop.ozone.om.lock.OzoneManagerLock.unlock(OzoneManagerLock.java:364)
	at org.apache.hadoop.ozone.om.lock.OzoneManagerLock.releaseWriteLock(OzoneManagerLock.java:329)
	at org.apache.hadoop.ozone.om.request.key.OMKeyCommitRequest.validateAndUpdateCache(OMKeyCommitRequest.java:177)
	at org.apache.hadoop.ozone.protocolPB.OzoneManagerProtocolServerSideTranslatorPB.submitRequestDirectlyToOM(OzoneManagerProtocolServerSideTranslatorPB.java:219)
	at org.apache.hadoop.ozone.protocolPB.OzoneManagerProtocolServerSideTranslatorPB.processRequest(OzoneManagerProtocolServerSideTranslatorPB.java:134)
	at org.apache.hadoop.hdds.server.OzoneProtocolMessageDispatcher.processRequest(OzoneProtocolMessageDispatcher.java:72)
	at org.apache.hadoop.ozone.protocolPB.OzoneManagerProtocolServerSideTranslatorPB.submitRequest(OzoneManagerProtocolServerSideTranslatorPB.java:100)
	at org.apache.hadoop.ozone.protocol.proto.OzoneManagerProtocolProtos$OzoneManagerService$2.callBlockingMethod(OzoneManagerProtocolProtos.java)
	at org.apache.hadoop.ipc.ProtobufRpcEngine$Server$ProtoBufRpcInvoker.call(ProtobufRpcEngine.java:524)
	at org.apache.hadoop.ipc.RPC$Server.call(RPC.java:1025)
	at org.apache.hadoop.ipc.Server$RpcCall.run(Server.java:876)
	at org.apache.hadoop.ipc.Server$RpcCall.run(Server.java:822)
	at java.security.AccessController.doPrivileged(Native Method)
	at javax.security.auth.Subject.doAs(Subject.java:422)
	at org.apache.hadoop.security.UserGroupInformation.doAs(UserGroupInformation.java:1730)
	at org.apache.hadoop.ipc.Server$Handler.run(Server.java:2682)
2019-10-16 06:06:19,803 [main] INFO  retry.RetryInvocationHandler (RetryInvocationHandler.java:log(411)) - com.google.protobuf.ServiceException: org.apache.hadoop.ipc.RemoteException(java.lang.IllegalMonitorStateException): Releasing lock on resource /1023d1b7-77b3-4d40-8f92-69c22c60cf24/992f2b96-4cab-42b3-987d-2693ac6d00f1 without acquiring lock
	at org.apache.hadoop.ozone.lock.LockManager.getLockForReleasing(LockManager.java:220)
	at org.apache.hadoop.ozone.lock.LockManager.release(LockManager.java:168)
	at org.apache.hadoop.ozone.lock.LockManager.writeUnlock(LockManager.java:148)
	at org.apache.hadoop.ozone.om.lock.OzoneManagerLock.unlock(OzoneManagerLock.java:364)
	at org.apache.hadoop.ozone.om.lock.OzoneManagerLock.releaseWriteLock(OzoneManagerLock.java:329)
	at org.apache.hadoop.ozone.om.request.key.OMKeyCommitRequest.validateAndUpdateCache(OMKeyCommitRequest.java:177)
	at org.apache.hadoop.ozone.protocolPB.OzoneManagerProtocolServerSideTranslatorPB.submitRequestDirectlyToOM(OzoneManagerProtocolServerSideTranslatorPB.java:219)
	at org.apache.hadoop.ozone.protocolPB.OzoneManagerProtocolServerSideTranslatorPB.processRequest(OzoneManagerProtocolServerSideTranslatorPB.java:134)
	at org.apache.hadoop.hdds.server.OzoneProtocolMessageDispatcher.processRequest(OzoneProtocolMessageDispatcher.java:72)
	at org.apache.hadoop.ozone.protocolPB.OzoneManagerProtocolServerSideTranslatorPB.submitRequest(OzoneManagerProtocolServerSideTranslatorPB.java:100)
	at org.apache.hadoop.ozone.protocol.proto.OzoneManagerProtocolProtos$OzoneManagerService$2.callBlockingMethod(OzoneManagerProtocolProtos.java)
	at org.apache.hadoop.ipc.ProtobufRpcEngine$Server$ProtoBufRpcInvoker.call(ProtobufRpcEngine.java:524)
	at org.apache.hadoop.ipc.RPC$Server.call(RPC.java:1025)
	at org.apache.hadoop.ipc.Server$RpcCall.run(Server.java:876)
	at org.apache.hadoop.ipc.Server$RpcCall.run(Server.java:822)
	at java.security.AccessController.doPrivileged(Native Method)
	at javax.security.auth.Subject.doAs(Subject.java:422)
	at org.apache.hadoop.security.UserGroupInformation.doAs(UserGroupInformation.java:1730)
	at org.apache.hadoop.ipc.Server$Handler.run(Server.java:2682)
, while invoking $Proxy37.submitRequest over nodeId=null,nodeAddress=localhost:42894 after 8 failover attempts. Trying to failover immediately.
2019-10-16 06:06:19,804 [IPC Server handler 2 on 42894] ERROR lock.LockManager (LockManager.java:getLockForReleasing(218)) - Trying to release the lock on /1023d1b7-77b3-4d40-8f92-69c22c60cf24/992f2b96-4cab-42b3-987d-2693ac6d00f1, which was never acquired.
2019-10-16 06:06:19,804 [IPC Server handler 2 on 42894] WARN  ipc.Server (Server.java:logException(2724)) - IPC Server handler 2 on 42894, call Call#3416 Retry#9 org.apache.hadoop.ozone.om.protocol.OzoneManagerProtocol.submitRequest from 127.0.0.1:60690
java.lang.IllegalMonitorStateException: Releasing lock on resource /1023d1b7-77b3-4d40-8f92-69c22c60cf24/992f2b96-4cab-42b3-987d-2693ac6d00f1 without acquiring lock
	at org.apache.hadoop.ozone.lock.LockManager.getLockForReleasing(LockManager.java:220)
	at org.apache.hadoop.ozone.lock.LockManager.release(LockManager.java:168)
	at org.apache.hadoop.ozone.lock.LockManager.writeUnlock(LockManager.java:148)
	at org.apache.hadoop.ozone.om.lock.OzoneManagerLock.unlock(OzoneManagerLock.java:364)
	at org.apache.hadoop.ozone.om.lock.OzoneManagerLock.releaseWriteLock(OzoneManagerLock.java:329)
	at org.apache.hadoop.ozone.om.request.key.OMKeyCommitRequest.validateAndUpdateCache(OMKeyCommitRequest.java:177)
	at org.apache.hadoop.ozone.protocolPB.OzoneManagerProtocolServerSideTranslatorPB.submitRequestDirectlyToOM(OzoneManagerProtocolServerSideTranslatorPB.java:219)
	at org.apache.hadoop.ozone.protocolPB.OzoneManagerProtocolServerSideTranslatorPB.processRequest(OzoneManagerProtocolServerSideTranslatorPB.java:134)
	at org.apache.hadoop.hdds.server.OzoneProtocolMessageDispatcher.processRequest(OzoneProtocolMessageDispatcher.java:72)
	at org.apache.hadoop.ozone.protocolPB.OzoneManagerProtocolServerSideTranslatorPB.submitRequest(OzoneManagerProtocolServerSideTranslatorPB.java:100)
	at org.apache.hadoop.ozone.protocol.proto.OzoneManagerProtocolProtos$OzoneManagerService$2.callBlockingMethod(OzoneManagerProtocolProtos.java)
	at org.apache.hadoop.ipc.ProtobufRpcEngine$Server$ProtoBufRpcInvoker.call(ProtobufRpcEngine.java:524)
	at org.apache.hadoop.ipc.RPC$Server.call(RPC.java:1025)
	at org.apache.hadoop.ipc.Server$RpcCall.run(Server.java:876)
	at org.apache.hadoop.ipc.Server$RpcCall.run(Server.java:822)
	at java.security.AccessController.doPrivileged(Native Method)
	at javax.security.auth.Subject.doAs(Subject.java:422)
	at org.apache.hadoop.security.UserGroupInformation.doAs(UserGroupInformation.java:1730)
	at org.apache.hadoop.ipc.Server$Handler.run(Server.java:2682)
2019-10-16 06:06:19,804 [main] INFO  retry.RetryInvocationHandler (RetryInvocationHandler.java:log(411)) - com.google.protobuf.ServiceException: org.apache.hadoop.ipc.RemoteException(java.lang.IllegalMonitorStateException): Releasing lock on resource /1023d1b7-77b3-4d40-8f92-69c22c60cf24/992f2b96-4cab-42b3-987d-2693ac6d00f1 without acquiring lock
	at org.apache.hadoop.ozone.lock.LockManager.getLockForReleasing(LockManager.java:220)
	at org.apache.hadoop.ozone.lock.LockManager.release(LockManager.java:168)
	at org.apache.hadoop.ozone.lock.LockManager.writeUnlock(LockManager.java:148)
	at org.apache.hadoop.ozone.om.lock.OzoneManagerLock.unlock(OzoneManagerLock.java:364)
	at org.apache.hadoop.ozone.om.lock.OzoneManagerLock.releaseWriteLock(OzoneManagerLock.java:329)
	at org.apache.hadoop.ozone.om.request.key.OMKeyCommitRequest.validateAndUpdateCache(OMKeyCommitRequest.java:177)
	at org.apache.hadoop.ozone.protocolPB.OzoneManagerProtocolServerSideTranslatorPB.submitRequestDirectlyToOM(OzoneManagerProtocolServerSideTranslatorPB.java:219)
	at org.apache.hadoop.ozone.protocolPB.OzoneManagerProtocolServerSideTranslatorPB.processRequest(OzoneManagerProtocolServerSideTranslatorPB.java:134)
	at org.apache.hadoop.hdds.server.OzoneProtocolMessageDispatcher.processRequest(OzoneProtocolMessageDispatcher.java:72)
	at org.apache.hadoop.ozone.protocolPB.OzoneManagerProtocolServerSideTranslatorPB.submitRequest(OzoneManagerProtocolServerSideTranslatorPB.java:100)
	at org.apache.hadoop.ozone.protocol.proto.OzoneManagerProtocolProtos$OzoneManagerService$2.callBlockingMethod(OzoneManagerProtocolProtos.java)
	at org.apache.hadoop.ipc.ProtobufRpcEngine$Server$ProtoBufRpcInvoker.call(ProtobufRpcEngine.java:524)
	at org.apache.hadoop.ipc.RPC$Server.call(RPC.java:1025)
	at org.apache.hadoop.ipc.Server$RpcCall.run(Server.java:876)
	at org.apache.hadoop.ipc.Server$RpcCall.run(Server.java:822)
	at java.security.AccessController.doPrivileged(Native Method)
	at javax.security.auth.Subject.doAs(Subject.java:422)
	at org.apache.hadoop.security.UserGroupInformation.doAs(UserGroupInformation.java:1730)
	at org.apache.hadoop.ipc.Server$Handler.run(Server.java:2682)
, while invoking $Proxy37.submitRequest over nodeId=null,nodeAddress=localhost:42894 after 9 failover attempts. Trying to failover immediately.
2019-10-16 06:06:19,806 [IPC Server handler 12 on 42894] ERROR lock.LockManager (LockManager.java:getLockForReleasing(218)) - Trying to release the lock on /1023d1b7-77b3-4d40-8f92-69c22c60cf24/992f2b96-4cab-42b3-987d-2693ac6d00f1, which was never acquired.
2019-10-16 06:06:19,806 [IPC Server handler 12 on 42894] WARN  ipc.Server (Server.java:logException(2724)) - IPC Server handler 12 on 42894, call Call#3416 Retry#10 org.apache.hadoop.ozone.om.protocol.OzoneManagerProtocol.submitRequest from 127.0.0.1:60690
java.lang.IllegalMonitorStateException: Releasing lock on resource /1023d1b7-77b3-4d40-8f92-69c22c60cf24/992f2b96-4cab-42b3-987d-2693ac6d00f1 without acquiring lock
	at org.apache.hadoop.ozone.lock.LockManager.getLockForReleasing(LockManager.java:220)
	at org.apache.hadoop.ozone.lock.LockManager.release(LockManager.java:168)
	at org.apache.hadoop.ozone.lock.LockManager.writeUnlock(LockManager.java:148)
	at org.apache.hadoop.ozone.om.lock.OzoneManagerLock.unlock(OzoneManagerLock.java:364)
	at org.apache.hadoop.ozone.om.lock.OzoneManagerLock.releaseWriteLock(OzoneManagerLock.java:329)
	at org.apache.hadoop.ozone.om.request.key.OMKeyCommitRequest.validateAndUpdateCache(OMKeyCommitRequest.java:177)
	at org.apache.hadoop.ozone.protocolPB.OzoneManagerProtocolServerSideTranslatorPB.submitRequestDirectlyToOM(OzoneManagerProtocolServerSideTranslatorPB.java:219)
	at org.apache.hadoop.ozone.protocolPB.OzoneManagerProtocolServerSideTranslatorPB.processRequest(OzoneManagerProtocolServerSideTranslatorPB.java:134)
	at org.apache.hadoop.hdds.server.OzoneProtocolMessageDispatcher.processRequest(OzoneProtocolMessageDispatcher.java:72)
	at org.apache.hadoop.ozone.protocolPB.OzoneManagerProtocolServerSideTranslatorPB.submitRequest(OzoneManagerProtocolServerSideTranslatorPB.java:100)
	at org.apache.hadoop.ozone.protocol.proto.OzoneManagerProtocolProtos$OzoneManagerService$2.callBlockingMethod(OzoneManagerProtocolProtos.java)
	at org.apache.hadoop.ipc.ProtobufRpcEngine$Server$ProtoBufRpcInvoker.call(ProtobufRpcEngine.java:524)
	at org.apache.hadoop.ipc.RPC$Server.call(RPC.java:1025)
	at org.apache.hadoop.ipc.Server$RpcCall.run(Server.java:876)
	at org.apache.hadoop.ipc.Server$RpcCall.run(Server.java:822)
	at java.security.AccessController.doPrivileged(Native Method)
	at javax.security.auth.Subject.doAs(Subject.java:422)
	at org.apache.hadoop.security.UserGroupInformation.doAs(UserGroupInformation.java:1730)
	at org.apache.hadoop.ipc.Server$Handler.run(Server.java:2682)
2019-10-16 06:06:19,807 [main] ERROR ha.OMFailoverProxyProvider (OzoneManagerProtocolClientSideTranslatorPB.java:getRetryAction(268)) - Failed to connect to OM. Attempted 10 retries and 10 failovers
]]></system-out>
  </testcase>
  <testcase name="testNativeAclsForPrefix" classname="org.apache.hadoop.ozone.client.rpc.TestSecureOzoneRpcClient" time="0.045">
    <error message="Releasing lock on resource /252f8cca-9a89-42e3-9128-fd5bac62d2dc/142c3669-0d9a-48f6-a208-58ac100c1c05 without acquiring lock&#10;	at org.apache.hadoop.ozone.lock.LockManager.getLockForReleasing(LockManager.java:220)&#10;	at org.apache.hadoop.ozone.lock.LockManager.release(LockManager.java:168)&#10;	at org.apache.hadoop.ozone.lock.LockManager.writeUnlock(LockManager.java:148)&#10;	at org.apache.hadoop.ozone.om.lock.OzoneManagerLock.unlock(OzoneManagerLock.java:364)&#10;	at org.apache.hadoop.ozone.om.lock.OzoneManagerLock.releaseWriteLock(OzoneManagerLock.java:329)&#10;	at org.apache.hadoop.ozone.om.request.key.OMKeyCommitRequest.validateAndUpdateCache(OMKeyCommitRequest.java:177)&#10;	at org.apache.hadoop.ozone.protocolPB.OzoneManagerProtocolServerSideTranslatorPB.submitRequestDirectlyToOM(OzoneManagerProtocolServerSideTranslatorPB.java:219)&#10;	at org.apache.hadoop.ozone.protocolPB.OzoneManagerProtocolServerSideTranslatorPB.processRequest(OzoneManagerProtocolServerSideTranslatorPB.java:134)&#10;	at org.apache.hadoop.hdds.server.OzoneProtocolMessageDispatcher.processRequest(OzoneProtocolMessageDispatcher.java:72)&#10;	at org.apache.hadoop.ozone.protocolPB.OzoneManagerProtocolServerSideTranslatorPB.submitRequest(OzoneManagerProtocolServerSideTranslatorPB.java:100)&#10;	at org.apache.hadoop.ozone.protocol.proto.OzoneManagerProtocolProtos$OzoneManagerService$2.callBlockingMethod(OzoneManagerProtocolProtos.java)&#10;	at org.apache.hadoop.ipc.ProtobufRpcEngine$Server$ProtoBufRpcInvoker.call(ProtobufRpcEngine.java:524)&#10;	at org.apache.hadoop.ipc.RPC$Server.call(RPC.java:1025)&#10;	at org.apache.hadoop.ipc.Server$RpcCall.run(Server.java:876)&#10;	at org.apache.hadoop.ipc.Server$RpcCall.run(Server.java:822)&#10;	at java.security.AccessController.doPrivileged(Native Method)&#10;	at javax.security.auth.Subject.doAs(Subject.java:422)&#10;	at org.apache.hadoop.security.UserGroupInformation.doAs(UserGroupInformation.java:1730)&#10;	at org.apache.hadoop.ipc.Server$Handler.run(Server.java:2682)&#10;" type="org.apache.hadoop.ipc.RemoteException(java.lang.IllegalMonitorStateException)">org.apache.hadoop.ipc.RemoteException(java.lang.IllegalMonitorStateException): Releasing lock on resource /252f8cca-9a89-42e3-9128-fd5bac62d2dc/142c3669-0d9a-48f6-a208-58ac100c1c05 without acquiring lock
	at org.apache.hadoop.ozone.lock.LockManager.getLockForReleasing(LockManager.java:220)
	at org.apache.hadoop.ozone.lock.LockManager.release(LockManager.java:168)
	at org.apache.hadoop.ozone.lock.LockManager.writeUnlock(LockManager.java:148)
	at org.apache.hadoop.ozone.om.lock.OzoneManagerLock.unlock(OzoneManagerLock.java:364)
	at org.apache.hadoop.ozone.om.lock.OzoneManagerLock.releaseWriteLock(OzoneManagerLock.java:329)
	at org.apache.hadoop.ozone.om.request.key.OMKeyCommitRequest.validateAndUpdateCache(OMKeyCommitRequest.java:177)
	at org.apache.hadoop.ozone.protocolPB.OzoneManagerProtocolServerSideTranslatorPB.submitRequestDirectlyToOM(OzoneManagerProtocolServerSideTranslatorPB.java:219)
	at org.apache.hadoop.ozone.protocolPB.OzoneManagerProtocolServerSideTranslatorPB.processRequest(OzoneManagerProtocolServerSideTranslatorPB.java:134)
	at org.apache.hadoop.hdds.server.OzoneProtocolMessageDispatcher.processRequest(OzoneProtocolMessageDispatcher.java:72)
	at org.apache.hadoop.ozone.protocolPB.OzoneManagerProtocolServerSideTranslatorPB.submitRequest(OzoneManagerProtocolServerSideTranslatorPB.java:100)
	at org.apache.hadoop.ozone.protocol.proto.OzoneManagerProtocolProtos$OzoneManagerService$2.callBlockingMethod(OzoneManagerProtocolProtos.java)
	at org.apache.hadoop.ipc.ProtobufRpcEngine$Server$ProtoBufRpcInvoker.call(ProtobufRpcEngine.java:524)
	at org.apache.hadoop.ipc.RPC$Server.call(RPC.java:1025)
	at org.apache.hadoop.ipc.Server$RpcCall.run(Server.java:876)
	at org.apache.hadoop.ipc.Server$RpcCall.run(Server.java:822)
	at java.security.AccessController.doPrivileged(Native Method)
	at javax.security.auth.Subject.doAs(Subject.java:422)
	at org.apache.hadoop.security.UserGroupInformation.doAs(UserGroupInformation.java:1730)
	at org.apache.hadoop.ipc.Server$Handler.run(Server.java:2682)

	at org.apache.hadoop.ipc.Client.getRpcResponse(Client.java:1511)
	at org.apache.hadoop.ipc.Client.call(Client.java:1457)
	at org.apache.hadoop.ipc.Client.call(Client.java:1367)
	at org.apache.hadoop.ipc.ProtobufRpcEngine$Invoker.invoke(ProtobufRpcEngine.java:228)
	at org.apache.hadoop.ipc.ProtobufRpcEngine$Invoker.invoke(ProtobufRpcEngine.java:116)
	at com.sun.proxy.$Proxy37.submitRequest(Unknown Source)
	at sun.reflect.GeneratedMethodAccessor72.invoke(Unknown Source)
	at sun.reflect.DelegatingMethodAccessorImpl.invoke(DelegatingMethodAccessorImpl.java:43)
	at java.lang.reflect.Method.invoke(Method.java:498)
	at org.apache.hadoop.io.retry.RetryInvocationHandler.invokeMethod(RetryInvocationHandler.java:422)
	at org.apache.hadoop.io.retry.RetryInvocationHandler$Call.invokeMethod(RetryInvocationHandler.java:165)
	at org.apache.hadoop.io.retry.RetryInvocationHandler$Call.invoke(RetryInvocationHandler.java:157)
	at org.apache.hadoop.io.retry.RetryInvocationHandler$Call.invokeOnce(RetryInvocationHandler.java:95)
	at org.apache.hadoop.io.retry.RetryInvocationHandler.invoke(RetryInvocationHandler.java:359)
	at com.sun.proxy.$Proxy37.submitRequest(Unknown Source)
	at org.apache.hadoop.ozone.om.protocolPB.OzoneManagerProtocolClientSideTranslatorPB.submitRequest(OzoneManagerProtocolClientSideTranslatorPB.java:338)
	at org.apache.hadoop.ozone.om.protocolPB.OzoneManagerProtocolClientSideTranslatorPB.commitKey(OzoneManagerProtocolClientSideTranslatorPB.java:789)
	at sun.reflect.NativeMethodAccessorImpl.invoke0(Native Method)
	at sun.reflect.NativeMethodAccessorImpl.invoke(NativeMethodAccessorImpl.java:62)
	at sun.reflect.DelegatingMethodAccessorImpl.invoke(DelegatingMethodAccessorImpl.java:43)
	at java.lang.reflect.Method.invoke(Method.java:498)
	at org.apache.hadoop.hdds.tracing.TraceAllMethod.invoke(TraceAllMethod.java:66)
	at com.sun.proxy.$Proxy38.commitKey(Unknown Source)
	at org.apache.hadoop.ozone.client.io.BlockOutputStreamEntryPool.commitKey(BlockOutputStreamEntryPool.java:277)
	at org.apache.hadoop.ozone.client.io.KeyOutputStream.close(KeyOutputStream.java:474)
	at org.apache.hadoop.ozone.client.io.OzoneOutputStream.close(OzoneOutputStream.java:60)
	at org.apache.hadoop.ozone.client.rpc.TestOzoneRpcClientAbstract.writeKey(TestOzoneRpcClientAbstract.java:2546)
	at org.apache.hadoop.ozone.client.rpc.TestOzoneRpcClientAbstract.testNativeAclsForPrefix(TestOzoneRpcClientAbstract.java:2376)
	at sun.reflect.NativeMethodAccessorImpl.invoke0(Native Method)
	at sun.reflect.NativeMethodAccessorImpl.invoke(NativeMethodAccessorImpl.java:62)
	at sun.reflect.DelegatingMethodAccessorImpl.invoke(DelegatingMethodAccessorImpl.java:43)
	at java.lang.reflect.Method.invoke(Method.java:498)
	at org.junit.runners.model.FrameworkMethod$1.runReflectiveCall(FrameworkMethod.java:47)
	at org.junit.internal.runners.model.ReflectiveCallable.run(ReflectiveCallable.java:12)
	at org.junit.runners.model.FrameworkMethod.invokeExplosively(FrameworkMethod.java:44)
	at org.junit.internal.runners.statements.InvokeMethod.evaluate(InvokeMethod.java:17)
	at org.junit.runners.ParentRunner.runLeaf(ParentRunner.java:271)
	at org.junit.runners.BlockJUnit4ClassRunner.runChild(BlockJUnit4ClassRunner.java:70)
	at org.junit.runners.BlockJUnit4ClassRunner.runChild(BlockJUnit4ClassRunner.java:50)
	at org.junit.runners.ParentRunner$3.run(ParentRunner.java:238)
	at org.junit.runners.ParentRunner$1.schedule(ParentRunner.java:63)
	at org.junit.runners.ParentRunner.runChildren(ParentRunner.java:236)
	at org.junit.runners.ParentRunner.access$000(ParentRunner.java:53)
	at org.junit.runners.ParentRunner$2.evaluate(ParentRunner.java:229)
	at org.junit.internal.runners.statements.RunBefores.evaluate(RunBefores.java:26)
	at org.junit.internal.runners.statements.RunAfters.evaluate(RunAfters.java:27)
	at org.junit.runners.ParentRunner.run(ParentRunner.java:309)
	at org.apache.maven.surefire.junit4.JUnit4Provider.execute(JUnit4Provider.java:365)
	at org.apache.maven.surefire.junit4.JUnit4Provider.executeWithRerun(JUnit4Provider.java:273)
	at org.apache.maven.surefire.junit4.JUnit4Provider.executeTestSet(JUnit4Provider.java:238)
	at org.apache.maven.surefire.junit4.JUnit4Provider.invoke(JUnit4Provider.java:159)
	at org.apache.maven.surefire.booter.ForkedBooter.invokeProviderInSameClassLoader(ForkedBooter.java:384)
	at org.apache.maven.surefire.booter.ForkedBooter.runSuitesInProcess(ForkedBooter.java:345)
	at org.apache.maven.surefire.booter.ForkedBooter.execute(ForkedBooter.java:126)
	at org.apache.maven.surefire.booter.ForkedBooter.main(ForkedBooter.java:418)
</error>
    <system-out><![CDATA[2019-10-16 06:06:19,808 [main] INFO  rpc.RpcClient (RpcClient.java:createVolume(272)) - Creating Volume: 252f8cca-9a89-42e3-9128-fd5bac62d2dc, with jenkins1000 as owner.
2019-10-16 06:06:19,810 [IPC Server handler 14 on 42894] INFO  volume.OMVolumeCreateRequest (OMVolumeCreateRequest.java:validateAndUpdateCache(193)) - created volume:252f8cca-9a89-42e3-9128-fd5bac62d2dc for user:jenkins1000
2019-10-16 06:06:19,811 [main] INFO  rpc.RpcClient (RpcClient.java:createBucket(411)) - Creating Bucket: 252f8cca-9a89-42e3-9128-fd5bac62d2dc/142c3669-0d9a-48f6-a208-58ac100c1c05, with Versioning false and Storage Type set to DISK and Encryption set to false 
2019-10-16 06:06:19,831 [IPC Server handler 1 on 42894] ERROR lock.LockManager (LockManager.java:getLockForReleasing(218)) - Trying to release the lock on /252f8cca-9a89-42e3-9128-fd5bac62d2dc/142c3669-0d9a-48f6-a208-58ac100c1c05, which was never acquired.
2019-10-16 06:06:19,831 [IPC Server handler 1 on 42894] WARN  ipc.Server (Server.java:logException(2724)) - IPC Server handler 1 on 42894, call Call#3425 Retry#0 org.apache.hadoop.ozone.om.protocol.OzoneManagerProtocol.submitRequest from 127.0.0.1:60690
java.lang.IllegalMonitorStateException: Releasing lock on resource /252f8cca-9a89-42e3-9128-fd5bac62d2dc/142c3669-0d9a-48f6-a208-58ac100c1c05 without acquiring lock
	at org.apache.hadoop.ozone.lock.LockManager.getLockForReleasing(LockManager.java:220)
	at org.apache.hadoop.ozone.lock.LockManager.release(LockManager.java:168)
	at org.apache.hadoop.ozone.lock.LockManager.writeUnlock(LockManager.java:148)
	at org.apache.hadoop.ozone.om.lock.OzoneManagerLock.unlock(OzoneManagerLock.java:364)
	at org.apache.hadoop.ozone.om.lock.OzoneManagerLock.releaseWriteLock(OzoneManagerLock.java:329)
	at org.apache.hadoop.ozone.om.request.key.OMKeyCommitRequest.validateAndUpdateCache(OMKeyCommitRequest.java:177)
	at org.apache.hadoop.ozone.protocolPB.OzoneManagerProtocolServerSideTranslatorPB.submitRequestDirectlyToOM(OzoneManagerProtocolServerSideTranslatorPB.java:219)
	at org.apache.hadoop.ozone.protocolPB.OzoneManagerProtocolServerSideTranslatorPB.processRequest(OzoneManagerProtocolServerSideTranslatorPB.java:134)
	at org.apache.hadoop.hdds.server.OzoneProtocolMessageDispatcher.processRequest(OzoneProtocolMessageDispatcher.java:72)
	at org.apache.hadoop.ozone.protocolPB.OzoneManagerProtocolServerSideTranslatorPB.submitRequest(OzoneManagerProtocolServerSideTranslatorPB.java:100)
	at org.apache.hadoop.ozone.protocol.proto.OzoneManagerProtocolProtos$OzoneManagerService$2.callBlockingMethod(OzoneManagerProtocolProtos.java)
	at org.apache.hadoop.ipc.ProtobufRpcEngine$Server$ProtoBufRpcInvoker.call(ProtobufRpcEngine.java:524)
	at org.apache.hadoop.ipc.RPC$Server.call(RPC.java:1025)
	at org.apache.hadoop.ipc.Server$RpcCall.run(Server.java:876)
	at org.apache.hadoop.ipc.Server$RpcCall.run(Server.java:822)
	at java.security.AccessController.doPrivileged(Native Method)
	at javax.security.auth.Subject.doAs(Subject.java:422)
	at org.apache.hadoop.security.UserGroupInformation.doAs(UserGroupInformation.java:1730)
	at org.apache.hadoop.ipc.Server$Handler.run(Server.java:2682)
2019-10-16 06:06:19,832 [main] INFO  retry.RetryInvocationHandler (RetryInvocationHandler.java:log(411)) - com.google.protobuf.ServiceException: org.apache.hadoop.ipc.RemoteException(java.lang.IllegalMonitorStateException): Releasing lock on resource /252f8cca-9a89-42e3-9128-fd5bac62d2dc/142c3669-0d9a-48f6-a208-58ac100c1c05 without acquiring lock
	at org.apache.hadoop.ozone.lock.LockManager.getLockForReleasing(LockManager.java:220)
	at org.apache.hadoop.ozone.lock.LockManager.release(LockManager.java:168)
	at org.apache.hadoop.ozone.lock.LockManager.writeUnlock(LockManager.java:148)
	at org.apache.hadoop.ozone.om.lock.OzoneManagerLock.unlock(OzoneManagerLock.java:364)
	at org.apache.hadoop.ozone.om.lock.OzoneManagerLock.releaseWriteLock(OzoneManagerLock.java:329)
	at org.apache.hadoop.ozone.om.request.key.OMKeyCommitRequest.validateAndUpdateCache(OMKeyCommitRequest.java:177)
	at org.apache.hadoop.ozone.protocolPB.OzoneManagerProtocolServerSideTranslatorPB.submitRequestDirectlyToOM(OzoneManagerProtocolServerSideTranslatorPB.java:219)
	at org.apache.hadoop.ozone.protocolPB.OzoneManagerProtocolServerSideTranslatorPB.processRequest(OzoneManagerProtocolServerSideTranslatorPB.java:134)
	at org.apache.hadoop.hdds.server.OzoneProtocolMessageDispatcher.processRequest(OzoneProtocolMessageDispatcher.java:72)
	at org.apache.hadoop.ozone.protocolPB.OzoneManagerProtocolServerSideTranslatorPB.submitRequest(OzoneManagerProtocolServerSideTranslatorPB.java:100)
	at org.apache.hadoop.ozone.protocol.proto.OzoneManagerProtocolProtos$OzoneManagerService$2.callBlockingMethod(OzoneManagerProtocolProtos.java)
	at org.apache.hadoop.ipc.ProtobufRpcEngine$Server$ProtoBufRpcInvoker.call(ProtobufRpcEngine.java:524)
	at org.apache.hadoop.ipc.RPC$Server.call(RPC.java:1025)
	at org.apache.hadoop.ipc.Server$RpcCall.run(Server.java:876)
	at org.apache.hadoop.ipc.Server$RpcCall.run(Server.java:822)
	at java.security.AccessController.doPrivileged(Native Method)
	at javax.security.auth.Subject.doAs(Subject.java:422)
	at org.apache.hadoop.security.UserGroupInformation.doAs(UserGroupInformation.java:1730)
	at org.apache.hadoop.ipc.Server$Handler.run(Server.java:2682)
, while invoking $Proxy37.submitRequest over nodeId=null,nodeAddress=localhost:42894. Trying to failover immediately.
2019-10-16 06:06:19,834 [IPC Server handler 17 on 42894] ERROR lock.LockManager (LockManager.java:getLockForReleasing(218)) - Trying to release the lock on /252f8cca-9a89-42e3-9128-fd5bac62d2dc/142c3669-0d9a-48f6-a208-58ac100c1c05, which was never acquired.
2019-10-16 06:06:19,834 [IPC Server handler 17 on 42894] WARN  ipc.Server (Server.java:logException(2724)) - IPC Server handler 17 on 42894, call Call#3425 Retry#1 org.apache.hadoop.ozone.om.protocol.OzoneManagerProtocol.submitRequest from 127.0.0.1:60690
java.lang.IllegalMonitorStateException: Releasing lock on resource /252f8cca-9a89-42e3-9128-fd5bac62d2dc/142c3669-0d9a-48f6-a208-58ac100c1c05 without acquiring lock
	at org.apache.hadoop.ozone.lock.LockManager.getLockForReleasing(LockManager.java:220)
	at org.apache.hadoop.ozone.lock.LockManager.release(LockManager.java:168)
	at org.apache.hadoop.ozone.lock.LockManager.writeUnlock(LockManager.java:148)
	at org.apache.hadoop.ozone.om.lock.OzoneManagerLock.unlock(OzoneManagerLock.java:364)
	at org.apache.hadoop.ozone.om.lock.OzoneManagerLock.releaseWriteLock(OzoneManagerLock.java:329)
	at org.apache.hadoop.ozone.om.request.key.OMKeyCommitRequest.validateAndUpdateCache(OMKeyCommitRequest.java:177)
	at org.apache.hadoop.ozone.protocolPB.OzoneManagerProtocolServerSideTranslatorPB.submitRequestDirectlyToOM(OzoneManagerProtocolServerSideTranslatorPB.java:219)
	at org.apache.hadoop.ozone.protocolPB.OzoneManagerProtocolServerSideTranslatorPB.processRequest(OzoneManagerProtocolServerSideTranslatorPB.java:134)
	at org.apache.hadoop.hdds.server.OzoneProtocolMessageDispatcher.processRequest(OzoneProtocolMessageDispatcher.java:72)
	at org.apache.hadoop.ozone.protocolPB.OzoneManagerProtocolServerSideTranslatorPB.submitRequest(OzoneManagerProtocolServerSideTranslatorPB.java:100)
	at org.apache.hadoop.ozone.protocol.proto.OzoneManagerProtocolProtos$OzoneManagerService$2.callBlockingMethod(OzoneManagerProtocolProtos.java)
	at org.apache.hadoop.ipc.ProtobufRpcEngine$Server$ProtoBufRpcInvoker.call(ProtobufRpcEngine.java:524)
	at org.apache.hadoop.ipc.RPC$Server.call(RPC.java:1025)
	at org.apache.hadoop.ipc.Server$RpcCall.run(Server.java:876)
	at org.apache.hadoop.ipc.Server$RpcCall.run(Server.java:822)
	at java.security.AccessController.doPrivileged(Native Method)
	at javax.security.auth.Subject.doAs(Subject.java:422)
	at org.apache.hadoop.security.UserGroupInformation.doAs(UserGroupInformation.java:1730)
	at org.apache.hadoop.ipc.Server$Handler.run(Server.java:2682)
2019-10-16 06:06:19,835 [main] INFO  retry.RetryInvocationHandler (RetryInvocationHandler.java:log(411)) - com.google.protobuf.ServiceException: org.apache.hadoop.ipc.RemoteException(java.lang.IllegalMonitorStateException): Releasing lock on resource /252f8cca-9a89-42e3-9128-fd5bac62d2dc/142c3669-0d9a-48f6-a208-58ac100c1c05 without acquiring lock
	at org.apache.hadoop.ozone.lock.LockManager.getLockForReleasing(LockManager.java:220)
	at org.apache.hadoop.ozone.lock.LockManager.release(LockManager.java:168)
	at org.apache.hadoop.ozone.lock.LockManager.writeUnlock(LockManager.java:148)
	at org.apache.hadoop.ozone.om.lock.OzoneManagerLock.unlock(OzoneManagerLock.java:364)
	at org.apache.hadoop.ozone.om.lock.OzoneManagerLock.releaseWriteLock(OzoneManagerLock.java:329)
	at org.apache.hadoop.ozone.om.request.key.OMKeyCommitRequest.validateAndUpdateCache(OMKeyCommitRequest.java:177)
	at org.apache.hadoop.ozone.protocolPB.OzoneManagerProtocolServerSideTranslatorPB.submitRequestDirectlyToOM(OzoneManagerProtocolServerSideTranslatorPB.java:219)
	at org.apache.hadoop.ozone.protocolPB.OzoneManagerProtocolServerSideTranslatorPB.processRequest(OzoneManagerProtocolServerSideTranslatorPB.java:134)
	at org.apache.hadoop.hdds.server.OzoneProtocolMessageDispatcher.processRequest(OzoneProtocolMessageDispatcher.java:72)
	at org.apache.hadoop.ozone.protocolPB.OzoneManagerProtocolServerSideTranslatorPB.submitRequest(OzoneManagerProtocolServerSideTranslatorPB.java:100)
	at org.apache.hadoop.ozone.protocol.proto.OzoneManagerProtocolProtos$OzoneManagerService$2.callBlockingMethod(OzoneManagerProtocolProtos.java)
	at org.apache.hadoop.ipc.ProtobufRpcEngine$Server$ProtoBufRpcInvoker.call(ProtobufRpcEngine.java:524)
	at org.apache.hadoop.ipc.RPC$Server.call(RPC.java:1025)
	at org.apache.hadoop.ipc.Server$RpcCall.run(Server.java:876)
	at org.apache.hadoop.ipc.Server$RpcCall.run(Server.java:822)
	at java.security.AccessController.doPrivileged(Native Method)
	at javax.security.auth.Subject.doAs(Subject.java:422)
	at org.apache.hadoop.security.UserGroupInformation.doAs(UserGroupInformation.java:1730)
	at org.apache.hadoop.ipc.Server$Handler.run(Server.java:2682)
, while invoking $Proxy37.submitRequest over nodeId=null,nodeAddress=localhost:42894 after 1 failover attempts. Trying to failover immediately.
2019-10-16 06:06:19,836 [IPC Server handler 9 on 42894] ERROR lock.LockManager (LockManager.java:getLockForReleasing(218)) - Trying to release the lock on /252f8cca-9a89-42e3-9128-fd5bac62d2dc/142c3669-0d9a-48f6-a208-58ac100c1c05, which was never acquired.
2019-10-16 06:06:19,836 [IPC Server handler 9 on 42894] WARN  ipc.Server (Server.java:logException(2724)) - IPC Server handler 9 on 42894, call Call#3425 Retry#2 org.apache.hadoop.ozone.om.protocol.OzoneManagerProtocol.submitRequest from 127.0.0.1:60690
java.lang.IllegalMonitorStateException: Releasing lock on resource /252f8cca-9a89-42e3-9128-fd5bac62d2dc/142c3669-0d9a-48f6-a208-58ac100c1c05 without acquiring lock
	at org.apache.hadoop.ozone.lock.LockManager.getLockForReleasing(LockManager.java:220)
	at org.apache.hadoop.ozone.lock.LockManager.release(LockManager.java:168)
	at org.apache.hadoop.ozone.lock.LockManager.writeUnlock(LockManager.java:148)
	at org.apache.hadoop.ozone.om.lock.OzoneManagerLock.unlock(OzoneManagerLock.java:364)
	at org.apache.hadoop.ozone.om.lock.OzoneManagerLock.releaseWriteLock(OzoneManagerLock.java:329)
	at org.apache.hadoop.ozone.om.request.key.OMKeyCommitRequest.validateAndUpdateCache(OMKeyCommitRequest.java:177)
	at org.apache.hadoop.ozone.protocolPB.OzoneManagerProtocolServerSideTranslatorPB.submitRequestDirectlyToOM(OzoneManagerProtocolServerSideTranslatorPB.java:219)
	at org.apache.hadoop.ozone.protocolPB.OzoneManagerProtocolServerSideTranslatorPB.processRequest(OzoneManagerProtocolServerSideTranslatorPB.java:134)
	at org.apache.hadoop.hdds.server.OzoneProtocolMessageDispatcher.processRequest(OzoneProtocolMessageDispatcher.java:72)
	at org.apache.hadoop.ozone.protocolPB.OzoneManagerProtocolServerSideTranslatorPB.submitRequest(OzoneManagerProtocolServerSideTranslatorPB.java:100)
	at org.apache.hadoop.ozone.protocol.proto.OzoneManagerProtocolProtos$OzoneManagerService$2.callBlockingMethod(OzoneManagerProtocolProtos.java)
	at org.apache.hadoop.ipc.ProtobufRpcEngine$Server$ProtoBufRpcInvoker.call(ProtobufRpcEngine.java:524)
	at org.apache.hadoop.ipc.RPC$Server.call(RPC.java:1025)
	at org.apache.hadoop.ipc.Server$RpcCall.run(Server.java:876)
	at org.apache.hadoop.ipc.Server$RpcCall.run(Server.java:822)
	at java.security.AccessController.doPrivileged(Native Method)
	at javax.security.auth.Subject.doAs(Subject.java:422)
	at org.apache.hadoop.security.UserGroupInformation.doAs(UserGroupInformation.java:1730)
	at org.apache.hadoop.ipc.Server$Handler.run(Server.java:2682)
2019-10-16 06:06:19,837 [main] INFO  retry.RetryInvocationHandler (RetryInvocationHandler.java:log(411)) - com.google.protobuf.ServiceException: org.apache.hadoop.ipc.RemoteException(java.lang.IllegalMonitorStateException): Releasing lock on resource /252f8cca-9a89-42e3-9128-fd5bac62d2dc/142c3669-0d9a-48f6-a208-58ac100c1c05 without acquiring lock
	at org.apache.hadoop.ozone.lock.LockManager.getLockForReleasing(LockManager.java:220)
	at org.apache.hadoop.ozone.lock.LockManager.release(LockManager.java:168)
	at org.apache.hadoop.ozone.lock.LockManager.writeUnlock(LockManager.java:148)
	at org.apache.hadoop.ozone.om.lock.OzoneManagerLock.unlock(OzoneManagerLock.java:364)
	at org.apache.hadoop.ozone.om.lock.OzoneManagerLock.releaseWriteLock(OzoneManagerLock.java:329)
	at org.apache.hadoop.ozone.om.request.key.OMKeyCommitRequest.validateAndUpdateCache(OMKeyCommitRequest.java:177)
	at org.apache.hadoop.ozone.protocolPB.OzoneManagerProtocolServerSideTranslatorPB.submitRequestDirectlyToOM(OzoneManagerProtocolServerSideTranslatorPB.java:219)
	at org.apache.hadoop.ozone.protocolPB.OzoneManagerProtocolServerSideTranslatorPB.processRequest(OzoneManagerProtocolServerSideTranslatorPB.java:134)
	at org.apache.hadoop.hdds.server.OzoneProtocolMessageDispatcher.processRequest(OzoneProtocolMessageDispatcher.java:72)
	at org.apache.hadoop.ozone.protocolPB.OzoneManagerProtocolServerSideTranslatorPB.submitRequest(OzoneManagerProtocolServerSideTranslatorPB.java:100)
	at org.apache.hadoop.ozone.protocol.proto.OzoneManagerProtocolProtos$OzoneManagerService$2.callBlockingMethod(OzoneManagerProtocolProtos.java)
	at org.apache.hadoop.ipc.ProtobufRpcEngine$Server$ProtoBufRpcInvoker.call(ProtobufRpcEngine.java:524)
	at org.apache.hadoop.ipc.RPC$Server.call(RPC.java:1025)
	at org.apache.hadoop.ipc.Server$RpcCall.run(Server.java:876)
	at org.apache.hadoop.ipc.Server$RpcCall.run(Server.java:822)
	at java.security.AccessController.doPrivileged(Native Method)
	at javax.security.auth.Subject.doAs(Subject.java:422)
	at org.apache.hadoop.security.UserGroupInformation.doAs(UserGroupInformation.java:1730)
	at org.apache.hadoop.ipc.Server$Handler.run(Server.java:2682)
, while invoking $Proxy37.submitRequest over nodeId=null,nodeAddress=localhost:42894 after 2 failover attempts. Trying to failover immediately.
2019-10-16 06:06:19,838 [IPC Server handler 0 on 42894] ERROR lock.LockManager (LockManager.java:getLockForReleasing(218)) - Trying to release the lock on /252f8cca-9a89-42e3-9128-fd5bac62d2dc/142c3669-0d9a-48f6-a208-58ac100c1c05, which was never acquired.
2019-10-16 06:06:19,838 [IPC Server handler 0 on 42894] WARN  ipc.Server (Server.java:logException(2724)) - IPC Server handler 0 on 42894, call Call#3425 Retry#3 org.apache.hadoop.ozone.om.protocol.OzoneManagerProtocol.submitRequest from 127.0.0.1:60690
java.lang.IllegalMonitorStateException: Releasing lock on resource /252f8cca-9a89-42e3-9128-fd5bac62d2dc/142c3669-0d9a-48f6-a208-58ac100c1c05 without acquiring lock
	at org.apache.hadoop.ozone.lock.LockManager.getLockForReleasing(LockManager.java:220)
	at org.apache.hadoop.ozone.lock.LockManager.release(LockManager.java:168)
	at org.apache.hadoop.ozone.lock.LockManager.writeUnlock(LockManager.java:148)
	at org.apache.hadoop.ozone.om.lock.OzoneManagerLock.unlock(OzoneManagerLock.java:364)
	at org.apache.hadoop.ozone.om.lock.OzoneManagerLock.releaseWriteLock(OzoneManagerLock.java:329)
	at org.apache.hadoop.ozone.om.request.key.OMKeyCommitRequest.validateAndUpdateCache(OMKeyCommitRequest.java:177)
	at org.apache.hadoop.ozone.protocolPB.OzoneManagerProtocolServerSideTranslatorPB.submitRequestDirectlyToOM(OzoneManagerProtocolServerSideTranslatorPB.java:219)
	at org.apache.hadoop.ozone.protocolPB.OzoneManagerProtocolServerSideTranslatorPB.processRequest(OzoneManagerProtocolServerSideTranslatorPB.java:134)
	at org.apache.hadoop.hdds.server.OzoneProtocolMessageDispatcher.processRequest(OzoneProtocolMessageDispatcher.java:72)
	at org.apache.hadoop.ozone.protocolPB.OzoneManagerProtocolServerSideTranslatorPB.submitRequest(OzoneManagerProtocolServerSideTranslatorPB.java:100)
	at org.apache.hadoop.ozone.protocol.proto.OzoneManagerProtocolProtos$OzoneManagerService$2.callBlockingMethod(OzoneManagerProtocolProtos.java)
	at org.apache.hadoop.ipc.ProtobufRpcEngine$Server$ProtoBufRpcInvoker.call(ProtobufRpcEngine.java:524)
	at org.apache.hadoop.ipc.RPC$Server.call(RPC.java:1025)
	at org.apache.hadoop.ipc.Server$RpcCall.run(Server.java:876)
	at org.apache.hadoop.ipc.Server$RpcCall.run(Server.java:822)
	at java.security.AccessController.doPrivileged(Native Method)
	at javax.security.auth.Subject.doAs(Subject.java:422)
	at org.apache.hadoop.security.UserGroupInformation.doAs(UserGroupInformation.java:1730)
	at org.apache.hadoop.ipc.Server$Handler.run(Server.java:2682)
2019-10-16 06:06:19,839 [main] INFO  retry.RetryInvocationHandler (RetryInvocationHandler.java:log(411)) - com.google.protobuf.ServiceException: org.apache.hadoop.ipc.RemoteException(java.lang.IllegalMonitorStateException): Releasing lock on resource /252f8cca-9a89-42e3-9128-fd5bac62d2dc/142c3669-0d9a-48f6-a208-58ac100c1c05 without acquiring lock
	at org.apache.hadoop.ozone.lock.LockManager.getLockForReleasing(LockManager.java:220)
	at org.apache.hadoop.ozone.lock.LockManager.release(LockManager.java:168)
	at org.apache.hadoop.ozone.lock.LockManager.writeUnlock(LockManager.java:148)
	at org.apache.hadoop.ozone.om.lock.OzoneManagerLock.unlock(OzoneManagerLock.java:364)
	at org.apache.hadoop.ozone.om.lock.OzoneManagerLock.releaseWriteLock(OzoneManagerLock.java:329)
	at org.apache.hadoop.ozone.om.request.key.OMKeyCommitRequest.validateAndUpdateCache(OMKeyCommitRequest.java:177)
	at org.apache.hadoop.ozone.protocolPB.OzoneManagerProtocolServerSideTranslatorPB.submitRequestDirectlyToOM(OzoneManagerProtocolServerSideTranslatorPB.java:219)
	at org.apache.hadoop.ozone.protocolPB.OzoneManagerProtocolServerSideTranslatorPB.processRequest(OzoneManagerProtocolServerSideTranslatorPB.java:134)
	at org.apache.hadoop.hdds.server.OzoneProtocolMessageDispatcher.processRequest(OzoneProtocolMessageDispatcher.java:72)
	at org.apache.hadoop.ozone.protocolPB.OzoneManagerProtocolServerSideTranslatorPB.submitRequest(OzoneManagerProtocolServerSideTranslatorPB.java:100)
	at org.apache.hadoop.ozone.protocol.proto.OzoneManagerProtocolProtos$OzoneManagerService$2.callBlockingMethod(OzoneManagerProtocolProtos.java)
	at org.apache.hadoop.ipc.ProtobufRpcEngine$Server$ProtoBufRpcInvoker.call(ProtobufRpcEngine.java:524)
	at org.apache.hadoop.ipc.RPC$Server.call(RPC.java:1025)
	at org.apache.hadoop.ipc.Server$RpcCall.run(Server.java:876)
	at org.apache.hadoop.ipc.Server$RpcCall.run(Server.java:822)
	at java.security.AccessController.doPrivileged(Native Method)
	at javax.security.auth.Subject.doAs(Subject.java:422)
	at org.apache.hadoop.security.UserGroupInformation.doAs(UserGroupInformation.java:1730)
	at org.apache.hadoop.ipc.Server$Handler.run(Server.java:2682)
, while invoking $Proxy37.submitRequest over nodeId=null,nodeAddress=localhost:42894 after 3 failover attempts. Trying to failover immediately.
2019-10-16 06:06:19,841 [IPC Server handler 5 on 42894] ERROR lock.LockManager (LockManager.java:getLockForReleasing(218)) - Trying to release the lock on /252f8cca-9a89-42e3-9128-fd5bac62d2dc/142c3669-0d9a-48f6-a208-58ac100c1c05, which was never acquired.
2019-10-16 06:06:19,841 [IPC Server handler 5 on 42894] WARN  ipc.Server (Server.java:logException(2724)) - IPC Server handler 5 on 42894, call Call#3425 Retry#4 org.apache.hadoop.ozone.om.protocol.OzoneManagerProtocol.submitRequest from 127.0.0.1:60690
java.lang.IllegalMonitorStateException: Releasing lock on resource /252f8cca-9a89-42e3-9128-fd5bac62d2dc/142c3669-0d9a-48f6-a208-58ac100c1c05 without acquiring lock
	at org.apache.hadoop.ozone.lock.LockManager.getLockForReleasing(LockManager.java:220)
	at org.apache.hadoop.ozone.lock.LockManager.release(LockManager.java:168)
	at org.apache.hadoop.ozone.lock.LockManager.writeUnlock(LockManager.java:148)
	at org.apache.hadoop.ozone.om.lock.OzoneManagerLock.unlock(OzoneManagerLock.java:364)
	at org.apache.hadoop.ozone.om.lock.OzoneManagerLock.releaseWriteLock(OzoneManagerLock.java:329)
	at org.apache.hadoop.ozone.om.request.key.OMKeyCommitRequest.validateAndUpdateCache(OMKeyCommitRequest.java:177)
	at org.apache.hadoop.ozone.protocolPB.OzoneManagerProtocolServerSideTranslatorPB.submitRequestDirectlyToOM(OzoneManagerProtocolServerSideTranslatorPB.java:219)
	at org.apache.hadoop.ozone.protocolPB.OzoneManagerProtocolServerSideTranslatorPB.processRequest(OzoneManagerProtocolServerSideTranslatorPB.java:134)
	at org.apache.hadoop.hdds.server.OzoneProtocolMessageDispatcher.processRequest(OzoneProtocolMessageDispatcher.java:72)
	at org.apache.hadoop.ozone.protocolPB.OzoneManagerProtocolServerSideTranslatorPB.submitRequest(OzoneManagerProtocolServerSideTranslatorPB.java:100)
	at org.apache.hadoop.ozone.protocol.proto.OzoneManagerProtocolProtos$OzoneManagerService$2.callBlockingMethod(OzoneManagerProtocolProtos.java)
	at org.apache.hadoop.ipc.ProtobufRpcEngine$Server$ProtoBufRpcInvoker.call(ProtobufRpcEngine.java:524)
	at org.apache.hadoop.ipc.RPC$Server.call(RPC.java:1025)
	at org.apache.hadoop.ipc.Server$RpcCall.run(Server.java:876)
	at org.apache.hadoop.ipc.Server$RpcCall.run(Server.java:822)
	at java.security.AccessController.doPrivileged(Native Method)
	at javax.security.auth.Subject.doAs(Subject.java:422)
	at org.apache.hadoop.security.UserGroupInformation.doAs(UserGroupInformation.java:1730)
	at org.apache.hadoop.ipc.Server$Handler.run(Server.java:2682)
2019-10-16 06:06:19,841 [main] INFO  retry.RetryInvocationHandler (RetryInvocationHandler.java:log(411)) - com.google.protobuf.ServiceException: org.apache.hadoop.ipc.RemoteException(java.lang.IllegalMonitorStateException): Releasing lock on resource /252f8cca-9a89-42e3-9128-fd5bac62d2dc/142c3669-0d9a-48f6-a208-58ac100c1c05 without acquiring lock
	at org.apache.hadoop.ozone.lock.LockManager.getLockForReleasing(LockManager.java:220)
	at org.apache.hadoop.ozone.lock.LockManager.release(LockManager.java:168)
	at org.apache.hadoop.ozone.lock.LockManager.writeUnlock(LockManager.java:148)
	at org.apache.hadoop.ozone.om.lock.OzoneManagerLock.unlock(OzoneManagerLock.java:364)
	at org.apache.hadoop.ozone.om.lock.OzoneManagerLock.releaseWriteLock(OzoneManagerLock.java:329)
	at org.apache.hadoop.ozone.om.request.key.OMKeyCommitRequest.validateAndUpdateCache(OMKeyCommitRequest.java:177)
	at org.apache.hadoop.ozone.protocolPB.OzoneManagerProtocolServerSideTranslatorPB.submitRequestDirectlyToOM(OzoneManagerProtocolServerSideTranslatorPB.java:219)
	at org.apache.hadoop.ozone.protocolPB.OzoneManagerProtocolServerSideTranslatorPB.processRequest(OzoneManagerProtocolServerSideTranslatorPB.java:134)
	at org.apache.hadoop.hdds.server.OzoneProtocolMessageDispatcher.processRequest(OzoneProtocolMessageDispatcher.java:72)
	at org.apache.hadoop.ozone.protocolPB.OzoneManagerProtocolServerSideTranslatorPB.submitRequest(OzoneManagerProtocolServerSideTranslatorPB.java:100)
	at org.apache.hadoop.ozone.protocol.proto.OzoneManagerProtocolProtos$OzoneManagerService$2.callBlockingMethod(OzoneManagerProtocolProtos.java)
	at org.apache.hadoop.ipc.ProtobufRpcEngine$Server$ProtoBufRpcInvoker.call(ProtobufRpcEngine.java:524)
	at org.apache.hadoop.ipc.RPC$Server.call(RPC.java:1025)
	at org.apache.hadoop.ipc.Server$RpcCall.run(Server.java:876)
	at org.apache.hadoop.ipc.Server$RpcCall.run(Server.java:822)
	at java.security.AccessController.doPrivileged(Native Method)
	at javax.security.auth.Subject.doAs(Subject.java:422)
	at org.apache.hadoop.security.UserGroupInformation.doAs(UserGroupInformation.java:1730)
	at org.apache.hadoop.ipc.Server$Handler.run(Server.java:2682)
, while invoking $Proxy37.submitRequest over nodeId=null,nodeAddress=localhost:42894 after 4 failover attempts. Trying to failover immediately.
2019-10-16 06:06:19,843 [IPC Server handler 11 on 42894] ERROR lock.LockManager (LockManager.java:getLockForReleasing(218)) - Trying to release the lock on /252f8cca-9a89-42e3-9128-fd5bac62d2dc/142c3669-0d9a-48f6-a208-58ac100c1c05, which was never acquired.
2019-10-16 06:06:19,843 [IPC Server handler 11 on 42894] WARN  ipc.Server (Server.java:logException(2724)) - IPC Server handler 11 on 42894, call Call#3425 Retry#5 org.apache.hadoop.ozone.om.protocol.OzoneManagerProtocol.submitRequest from 127.0.0.1:60690
java.lang.IllegalMonitorStateException: Releasing lock on resource /252f8cca-9a89-42e3-9128-fd5bac62d2dc/142c3669-0d9a-48f6-a208-58ac100c1c05 without acquiring lock
	at org.apache.hadoop.ozone.lock.LockManager.getLockForReleasing(LockManager.java:220)
	at org.apache.hadoop.ozone.lock.LockManager.release(LockManager.java:168)
	at org.apache.hadoop.ozone.lock.LockManager.writeUnlock(LockManager.java:148)
	at org.apache.hadoop.ozone.om.lock.OzoneManagerLock.unlock(OzoneManagerLock.java:364)
	at org.apache.hadoop.ozone.om.lock.OzoneManagerLock.releaseWriteLock(OzoneManagerLock.java:329)
	at org.apache.hadoop.ozone.om.request.key.OMKeyCommitRequest.validateAndUpdateCache(OMKeyCommitRequest.java:177)
	at org.apache.hadoop.ozone.protocolPB.OzoneManagerProtocolServerSideTranslatorPB.submitRequestDirectlyToOM(OzoneManagerProtocolServerSideTranslatorPB.java:219)
	at org.apache.hadoop.ozone.protocolPB.OzoneManagerProtocolServerSideTranslatorPB.processRequest(OzoneManagerProtocolServerSideTranslatorPB.java:134)
	at org.apache.hadoop.hdds.server.OzoneProtocolMessageDispatcher.processRequest(OzoneProtocolMessageDispatcher.java:72)
	at org.apache.hadoop.ozone.protocolPB.OzoneManagerProtocolServerSideTranslatorPB.submitRequest(OzoneManagerProtocolServerSideTranslatorPB.java:100)
	at org.apache.hadoop.ozone.protocol.proto.OzoneManagerProtocolProtos$OzoneManagerService$2.callBlockingMethod(OzoneManagerProtocolProtos.java)
	at org.apache.hadoop.ipc.ProtobufRpcEngine$Server$ProtoBufRpcInvoker.call(ProtobufRpcEngine.java:524)
	at org.apache.hadoop.ipc.RPC$Server.call(RPC.java:1025)
	at org.apache.hadoop.ipc.Server$RpcCall.run(Server.java:876)
	at org.apache.hadoop.ipc.Server$RpcCall.run(Server.java:822)
	at java.security.AccessController.doPrivileged(Native Method)
	at javax.security.auth.Subject.doAs(Subject.java:422)
	at org.apache.hadoop.security.UserGroupInformation.doAs(UserGroupInformation.java:1730)
	at org.apache.hadoop.ipc.Server$Handler.run(Server.java:2682)
2019-10-16 06:06:19,843 [main] INFO  retry.RetryInvocationHandler (RetryInvocationHandler.java:log(411)) - com.google.protobuf.ServiceException: org.apache.hadoop.ipc.RemoteException(java.lang.IllegalMonitorStateException): Releasing lock on resource /252f8cca-9a89-42e3-9128-fd5bac62d2dc/142c3669-0d9a-48f6-a208-58ac100c1c05 without acquiring lock
	at org.apache.hadoop.ozone.lock.LockManager.getLockForReleasing(LockManager.java:220)
	at org.apache.hadoop.ozone.lock.LockManager.release(LockManager.java:168)
	at org.apache.hadoop.ozone.lock.LockManager.writeUnlock(LockManager.java:148)
	at org.apache.hadoop.ozone.om.lock.OzoneManagerLock.unlock(OzoneManagerLock.java:364)
	at org.apache.hadoop.ozone.om.lock.OzoneManagerLock.releaseWriteLock(OzoneManagerLock.java:329)
	at org.apache.hadoop.ozone.om.request.key.OMKeyCommitRequest.validateAndUpdateCache(OMKeyCommitRequest.java:177)
	at org.apache.hadoop.ozone.protocolPB.OzoneManagerProtocolServerSideTranslatorPB.submitRequestDirectlyToOM(OzoneManagerProtocolServerSideTranslatorPB.java:219)
	at org.apache.hadoop.ozone.protocolPB.OzoneManagerProtocolServerSideTranslatorPB.processRequest(OzoneManagerProtocolServerSideTranslatorPB.java:134)
	at org.apache.hadoop.hdds.server.OzoneProtocolMessageDispatcher.processRequest(OzoneProtocolMessageDispatcher.java:72)
	at org.apache.hadoop.ozone.protocolPB.OzoneManagerProtocolServerSideTranslatorPB.submitRequest(OzoneManagerProtocolServerSideTranslatorPB.java:100)
	at org.apache.hadoop.ozone.protocol.proto.OzoneManagerProtocolProtos$OzoneManagerService$2.callBlockingMethod(OzoneManagerProtocolProtos.java)
	at org.apache.hadoop.ipc.ProtobufRpcEngine$Server$ProtoBufRpcInvoker.call(ProtobufRpcEngine.java:524)
	at org.apache.hadoop.ipc.RPC$Server.call(RPC.java:1025)
	at org.apache.hadoop.ipc.Server$RpcCall.run(Server.java:876)
	at org.apache.hadoop.ipc.Server$RpcCall.run(Server.java:822)
	at java.security.AccessController.doPrivileged(Native Method)
	at javax.security.auth.Subject.doAs(Subject.java:422)
	at org.apache.hadoop.security.UserGroupInformation.doAs(UserGroupInformation.java:1730)
	at org.apache.hadoop.ipc.Server$Handler.run(Server.java:2682)
, while invoking $Proxy37.submitRequest over nodeId=null,nodeAddress=localhost:42894 after 5 failover attempts. Trying to failover immediately.
2019-10-16 06:06:19,844 [IPC Server handler 3 on 42894] ERROR lock.LockManager (LockManager.java:getLockForReleasing(218)) - Trying to release the lock on /252f8cca-9a89-42e3-9128-fd5bac62d2dc/142c3669-0d9a-48f6-a208-58ac100c1c05, which was never acquired.
2019-10-16 06:06:19,844 [IPC Server handler 3 on 42894] WARN  ipc.Server (Server.java:logException(2724)) - IPC Server handler 3 on 42894, call Call#3425 Retry#6 org.apache.hadoop.ozone.om.protocol.OzoneManagerProtocol.submitRequest from 127.0.0.1:60690
java.lang.IllegalMonitorStateException: Releasing lock on resource /252f8cca-9a89-42e3-9128-fd5bac62d2dc/142c3669-0d9a-48f6-a208-58ac100c1c05 without acquiring lock
	at org.apache.hadoop.ozone.lock.LockManager.getLockForReleasing(LockManager.java:220)
	at org.apache.hadoop.ozone.lock.LockManager.release(LockManager.java:168)
	at org.apache.hadoop.ozone.lock.LockManager.writeUnlock(LockManager.java:148)
	at org.apache.hadoop.ozone.om.lock.OzoneManagerLock.unlock(OzoneManagerLock.java:364)
	at org.apache.hadoop.ozone.om.lock.OzoneManagerLock.releaseWriteLock(OzoneManagerLock.java:329)
	at org.apache.hadoop.ozone.om.request.key.OMKeyCommitRequest.validateAndUpdateCache(OMKeyCommitRequest.java:177)
	at org.apache.hadoop.ozone.protocolPB.OzoneManagerProtocolServerSideTranslatorPB.submitRequestDirectlyToOM(OzoneManagerProtocolServerSideTranslatorPB.java:219)
	at org.apache.hadoop.ozone.protocolPB.OzoneManagerProtocolServerSideTranslatorPB.processRequest(OzoneManagerProtocolServerSideTranslatorPB.java:134)
	at org.apache.hadoop.hdds.server.OzoneProtocolMessageDispatcher.processRequest(OzoneProtocolMessageDispatcher.java:72)
	at org.apache.hadoop.ozone.protocolPB.OzoneManagerProtocolServerSideTranslatorPB.submitRequest(OzoneManagerProtocolServerSideTranslatorPB.java:100)
	at org.apache.hadoop.ozone.protocol.proto.OzoneManagerProtocolProtos$OzoneManagerService$2.callBlockingMethod(OzoneManagerProtocolProtos.java)
	at org.apache.hadoop.ipc.ProtobufRpcEngine$Server$ProtoBufRpcInvoker.call(ProtobufRpcEngine.java:524)
	at org.apache.hadoop.ipc.RPC$Server.call(RPC.java:1025)
	at org.apache.hadoop.ipc.Server$RpcCall.run(Server.java:876)
	at org.apache.hadoop.ipc.Server$RpcCall.run(Server.java:822)
	at java.security.AccessController.doPrivileged(Native Method)
	at javax.security.auth.Subject.doAs(Subject.java:422)
	at org.apache.hadoop.security.UserGroupInformation.doAs(UserGroupInformation.java:1730)
	at org.apache.hadoop.ipc.Server$Handler.run(Server.java:2682)
2019-10-16 06:06:19,845 [main] INFO  retry.RetryInvocationHandler (RetryInvocationHandler.java:log(411)) - com.google.protobuf.ServiceException: org.apache.hadoop.ipc.RemoteException(java.lang.IllegalMonitorStateException): Releasing lock on resource /252f8cca-9a89-42e3-9128-fd5bac62d2dc/142c3669-0d9a-48f6-a208-58ac100c1c05 without acquiring lock
	at org.apache.hadoop.ozone.lock.LockManager.getLockForReleasing(LockManager.java:220)
	at org.apache.hadoop.ozone.lock.LockManager.release(LockManager.java:168)
	at org.apache.hadoop.ozone.lock.LockManager.writeUnlock(LockManager.java:148)
	at org.apache.hadoop.ozone.om.lock.OzoneManagerLock.unlock(OzoneManagerLock.java:364)
	at org.apache.hadoop.ozone.om.lock.OzoneManagerLock.releaseWriteLock(OzoneManagerLock.java:329)
	at org.apache.hadoop.ozone.om.request.key.OMKeyCommitRequest.validateAndUpdateCache(OMKeyCommitRequest.java:177)
	at org.apache.hadoop.ozone.protocolPB.OzoneManagerProtocolServerSideTranslatorPB.submitRequestDirectlyToOM(OzoneManagerProtocolServerSideTranslatorPB.java:219)
	at org.apache.hadoop.ozone.protocolPB.OzoneManagerProtocolServerSideTranslatorPB.processRequest(OzoneManagerProtocolServerSideTranslatorPB.java:134)
	at org.apache.hadoop.hdds.server.OzoneProtocolMessageDispatcher.processRequest(OzoneProtocolMessageDispatcher.java:72)
	at org.apache.hadoop.ozone.protocolPB.OzoneManagerProtocolServerSideTranslatorPB.submitRequest(OzoneManagerProtocolServerSideTranslatorPB.java:100)
	at org.apache.hadoop.ozone.protocol.proto.OzoneManagerProtocolProtos$OzoneManagerService$2.callBlockingMethod(OzoneManagerProtocolProtos.java)
	at org.apache.hadoop.ipc.ProtobufRpcEngine$Server$ProtoBufRpcInvoker.call(ProtobufRpcEngine.java:524)
	at org.apache.hadoop.ipc.RPC$Server.call(RPC.java:1025)
	at org.apache.hadoop.ipc.Server$RpcCall.run(Server.java:876)
	at org.apache.hadoop.ipc.Server$RpcCall.run(Server.java:822)
	at java.security.AccessController.doPrivileged(Native Method)
	at javax.security.auth.Subject.doAs(Subject.java:422)
	at org.apache.hadoop.security.UserGroupInformation.doAs(UserGroupInformation.java:1730)
	at org.apache.hadoop.ipc.Server$Handler.run(Server.java:2682)
, while invoking $Proxy37.submitRequest over nodeId=null,nodeAddress=localhost:42894 after 6 failover attempts. Trying to failover immediately.
2019-10-16 06:06:19,846 [IPC Server handler 7 on 42894] ERROR lock.LockManager (LockManager.java:getLockForReleasing(218)) - Trying to release the lock on /252f8cca-9a89-42e3-9128-fd5bac62d2dc/142c3669-0d9a-48f6-a208-58ac100c1c05, which was never acquired.
2019-10-16 06:06:19,846 [IPC Server handler 7 on 42894] WARN  ipc.Server (Server.java:logException(2724)) - IPC Server handler 7 on 42894, call Call#3425 Retry#7 org.apache.hadoop.ozone.om.protocol.OzoneManagerProtocol.submitRequest from 127.0.0.1:60690
java.lang.IllegalMonitorStateException: Releasing lock on resource /252f8cca-9a89-42e3-9128-fd5bac62d2dc/142c3669-0d9a-48f6-a208-58ac100c1c05 without acquiring lock
	at org.apache.hadoop.ozone.lock.LockManager.getLockForReleasing(LockManager.java:220)
	at org.apache.hadoop.ozone.lock.LockManager.release(LockManager.java:168)
	at org.apache.hadoop.ozone.lock.LockManager.writeUnlock(LockManager.java:148)
	at org.apache.hadoop.ozone.om.lock.OzoneManagerLock.unlock(OzoneManagerLock.java:364)
	at org.apache.hadoop.ozone.om.lock.OzoneManagerLock.releaseWriteLock(OzoneManagerLock.java:329)
	at org.apache.hadoop.ozone.om.request.key.OMKeyCommitRequest.validateAndUpdateCache(OMKeyCommitRequest.java:177)
	at org.apache.hadoop.ozone.protocolPB.OzoneManagerProtocolServerSideTranslatorPB.submitRequestDirectlyToOM(OzoneManagerProtocolServerSideTranslatorPB.java:219)
	at org.apache.hadoop.ozone.protocolPB.OzoneManagerProtocolServerSideTranslatorPB.processRequest(OzoneManagerProtocolServerSideTranslatorPB.java:134)
	at org.apache.hadoop.hdds.server.OzoneProtocolMessageDispatcher.processRequest(OzoneProtocolMessageDispatcher.java:72)
	at org.apache.hadoop.ozone.protocolPB.OzoneManagerProtocolServerSideTranslatorPB.submitRequest(OzoneManagerProtocolServerSideTranslatorPB.java:100)
	at org.apache.hadoop.ozone.protocol.proto.OzoneManagerProtocolProtos$OzoneManagerService$2.callBlockingMethod(OzoneManagerProtocolProtos.java)
	at org.apache.hadoop.ipc.ProtobufRpcEngine$Server$ProtoBufRpcInvoker.call(ProtobufRpcEngine.java:524)
	at org.apache.hadoop.ipc.RPC$Server.call(RPC.java:1025)
	at org.apache.hadoop.ipc.Server$RpcCall.run(Server.java:876)
	at org.apache.hadoop.ipc.Server$RpcCall.run(Server.java:822)
	at java.security.AccessController.doPrivileged(Native Method)
	at javax.security.auth.Subject.doAs(Subject.java:422)
	at org.apache.hadoop.security.UserGroupInformation.doAs(UserGroupInformation.java:1730)
	at org.apache.hadoop.ipc.Server$Handler.run(Server.java:2682)
2019-10-16 06:06:19,847 [main] INFO  retry.RetryInvocationHandler (RetryInvocationHandler.java:log(411)) - com.google.protobuf.ServiceException: org.apache.hadoop.ipc.RemoteException(java.lang.IllegalMonitorStateException): Releasing lock on resource /252f8cca-9a89-42e3-9128-fd5bac62d2dc/142c3669-0d9a-48f6-a208-58ac100c1c05 without acquiring lock
	at org.apache.hadoop.ozone.lock.LockManager.getLockForReleasing(LockManager.java:220)
	at org.apache.hadoop.ozone.lock.LockManager.release(LockManager.java:168)
	at org.apache.hadoop.ozone.lock.LockManager.writeUnlock(LockManager.java:148)
	at org.apache.hadoop.ozone.om.lock.OzoneManagerLock.unlock(OzoneManagerLock.java:364)
	at org.apache.hadoop.ozone.om.lock.OzoneManagerLock.releaseWriteLock(OzoneManagerLock.java:329)
	at org.apache.hadoop.ozone.om.request.key.OMKeyCommitRequest.validateAndUpdateCache(OMKeyCommitRequest.java:177)
	at org.apache.hadoop.ozone.protocolPB.OzoneManagerProtocolServerSideTranslatorPB.submitRequestDirectlyToOM(OzoneManagerProtocolServerSideTranslatorPB.java:219)
	at org.apache.hadoop.ozone.protocolPB.OzoneManagerProtocolServerSideTranslatorPB.processRequest(OzoneManagerProtocolServerSideTranslatorPB.java:134)
	at org.apache.hadoop.hdds.server.OzoneProtocolMessageDispatcher.processRequest(OzoneProtocolMessageDispatcher.java:72)
	at org.apache.hadoop.ozone.protocolPB.OzoneManagerProtocolServerSideTranslatorPB.submitRequest(OzoneManagerProtocolServerSideTranslatorPB.java:100)
	at org.apache.hadoop.ozone.protocol.proto.OzoneManagerProtocolProtos$OzoneManagerService$2.callBlockingMethod(OzoneManagerProtocolProtos.java)
	at org.apache.hadoop.ipc.ProtobufRpcEngine$Server$ProtoBufRpcInvoker.call(ProtobufRpcEngine.java:524)
	at org.apache.hadoop.ipc.RPC$Server.call(RPC.java:1025)
	at org.apache.hadoop.ipc.Server$RpcCall.run(Server.java:876)
	at org.apache.hadoop.ipc.Server$RpcCall.run(Server.java:822)
	at java.security.AccessController.doPrivileged(Native Method)
	at javax.security.auth.Subject.doAs(Subject.java:422)
	at org.apache.hadoop.security.UserGroupInformation.doAs(UserGroupInformation.java:1730)
	at org.apache.hadoop.ipc.Server$Handler.run(Server.java:2682)
, while invoking $Proxy37.submitRequest over nodeId=null,nodeAddress=localhost:42894 after 7 failover attempts. Trying to failover immediately.
2019-10-16 06:06:19,848 [IPC Server handler 18 on 42894] ERROR lock.LockManager (LockManager.java:getLockForReleasing(218)) - Trying to release the lock on /252f8cca-9a89-42e3-9128-fd5bac62d2dc/142c3669-0d9a-48f6-a208-58ac100c1c05, which was never acquired.
2019-10-16 06:06:19,848 [IPC Server handler 18 on 42894] WARN  ipc.Server (Server.java:logException(2724)) - IPC Server handler 18 on 42894, call Call#3425 Retry#8 org.apache.hadoop.ozone.om.protocol.OzoneManagerProtocol.submitRequest from 127.0.0.1:60690
java.lang.IllegalMonitorStateException: Releasing lock on resource /252f8cca-9a89-42e3-9128-fd5bac62d2dc/142c3669-0d9a-48f6-a208-58ac100c1c05 without acquiring lock
	at org.apache.hadoop.ozone.lock.LockManager.getLockForReleasing(LockManager.java:220)
	at org.apache.hadoop.ozone.lock.LockManager.release(LockManager.java:168)
	at org.apache.hadoop.ozone.lock.LockManager.writeUnlock(LockManager.java:148)
	at org.apache.hadoop.ozone.om.lock.OzoneManagerLock.unlock(OzoneManagerLock.java:364)
	at org.apache.hadoop.ozone.om.lock.OzoneManagerLock.releaseWriteLock(OzoneManagerLock.java:329)
	at org.apache.hadoop.ozone.om.request.key.OMKeyCommitRequest.validateAndUpdateCache(OMKeyCommitRequest.java:177)
	at org.apache.hadoop.ozone.protocolPB.OzoneManagerProtocolServerSideTranslatorPB.submitRequestDirectlyToOM(OzoneManagerProtocolServerSideTranslatorPB.java:219)
	at org.apache.hadoop.ozone.protocolPB.OzoneManagerProtocolServerSideTranslatorPB.processRequest(OzoneManagerProtocolServerSideTranslatorPB.java:134)
	at org.apache.hadoop.hdds.server.OzoneProtocolMessageDispatcher.processRequest(OzoneProtocolMessageDispatcher.java:72)
	at org.apache.hadoop.ozone.protocolPB.OzoneManagerProtocolServerSideTranslatorPB.submitRequest(OzoneManagerProtocolServerSideTranslatorPB.java:100)
	at org.apache.hadoop.ozone.protocol.proto.OzoneManagerProtocolProtos$OzoneManagerService$2.callBlockingMethod(OzoneManagerProtocolProtos.java)
	at org.apache.hadoop.ipc.ProtobufRpcEngine$Server$ProtoBufRpcInvoker.call(ProtobufRpcEngine.java:524)
	at org.apache.hadoop.ipc.RPC$Server.call(RPC.java:1025)
	at org.apache.hadoop.ipc.Server$RpcCall.run(Server.java:876)
	at org.apache.hadoop.ipc.Server$RpcCall.run(Server.java:822)
	at java.security.AccessController.doPrivileged(Native Method)
	at javax.security.auth.Subject.doAs(Subject.java:422)
	at org.apache.hadoop.security.UserGroupInformation.doAs(UserGroupInformation.java:1730)
	at org.apache.hadoop.ipc.Server$Handler.run(Server.java:2682)
2019-10-16 06:06:19,848 [main] INFO  retry.RetryInvocationHandler (RetryInvocationHandler.java:log(411)) - com.google.protobuf.ServiceException: org.apache.hadoop.ipc.RemoteException(java.lang.IllegalMonitorStateException): Releasing lock on resource /252f8cca-9a89-42e3-9128-fd5bac62d2dc/142c3669-0d9a-48f6-a208-58ac100c1c05 without acquiring lock
	at org.apache.hadoop.ozone.lock.LockManager.getLockForReleasing(LockManager.java:220)
	at org.apache.hadoop.ozone.lock.LockManager.release(LockManager.java:168)
	at org.apache.hadoop.ozone.lock.LockManager.writeUnlock(LockManager.java:148)
	at org.apache.hadoop.ozone.om.lock.OzoneManagerLock.unlock(OzoneManagerLock.java:364)
	at org.apache.hadoop.ozone.om.lock.OzoneManagerLock.releaseWriteLock(OzoneManagerLock.java:329)
	at org.apache.hadoop.ozone.om.request.key.OMKeyCommitRequest.validateAndUpdateCache(OMKeyCommitRequest.java:177)
	at org.apache.hadoop.ozone.protocolPB.OzoneManagerProtocolServerSideTranslatorPB.submitRequestDirectlyToOM(OzoneManagerProtocolServerSideTranslatorPB.java:219)
	at org.apache.hadoop.ozone.protocolPB.OzoneManagerProtocolServerSideTranslatorPB.processRequest(OzoneManagerProtocolServerSideTranslatorPB.java:134)
	at org.apache.hadoop.hdds.server.OzoneProtocolMessageDispatcher.processRequest(OzoneProtocolMessageDispatcher.java:72)
	at org.apache.hadoop.ozone.protocolPB.OzoneManagerProtocolServerSideTranslatorPB.submitRequest(OzoneManagerProtocolServerSideTranslatorPB.java:100)
	at org.apache.hadoop.ozone.protocol.proto.OzoneManagerProtocolProtos$OzoneManagerService$2.callBlockingMethod(OzoneManagerProtocolProtos.java)
	at org.apache.hadoop.ipc.ProtobufRpcEngine$Server$ProtoBufRpcInvoker.call(ProtobufRpcEngine.java:524)
	at org.apache.hadoop.ipc.RPC$Server.call(RPC.java:1025)
	at org.apache.hadoop.ipc.Server$RpcCall.run(Server.java:876)
	at org.apache.hadoop.ipc.Server$RpcCall.run(Server.java:822)
	at java.security.AccessController.doPrivileged(Native Method)
	at javax.security.auth.Subject.doAs(Subject.java:422)
	at org.apache.hadoop.security.UserGroupInformation.doAs(UserGroupInformation.java:1730)
	at org.apache.hadoop.ipc.Server$Handler.run(Server.java:2682)
, while invoking $Proxy37.submitRequest over nodeId=null,nodeAddress=localhost:42894 after 8 failover attempts. Trying to failover immediately.
2019-10-16 06:06:19,849 [IPC Server handler 16 on 42894] ERROR lock.LockManager (LockManager.java:getLockForReleasing(218)) - Trying to release the lock on /252f8cca-9a89-42e3-9128-fd5bac62d2dc/142c3669-0d9a-48f6-a208-58ac100c1c05, which was never acquired.
2019-10-16 06:06:19,849 [IPC Server handler 16 on 42894] WARN  ipc.Server (Server.java:logException(2724)) - IPC Server handler 16 on 42894, call Call#3425 Retry#9 org.apache.hadoop.ozone.om.protocol.OzoneManagerProtocol.submitRequest from 127.0.0.1:60690
java.lang.IllegalMonitorStateException: Releasing lock on resource /252f8cca-9a89-42e3-9128-fd5bac62d2dc/142c3669-0d9a-48f6-a208-58ac100c1c05 without acquiring lock
	at org.apache.hadoop.ozone.lock.LockManager.getLockForReleasing(LockManager.java:220)
	at org.apache.hadoop.ozone.lock.LockManager.release(LockManager.java:168)
	at org.apache.hadoop.ozone.lock.LockManager.writeUnlock(LockManager.java:148)
	at org.apache.hadoop.ozone.om.lock.OzoneManagerLock.unlock(OzoneManagerLock.java:364)
	at org.apache.hadoop.ozone.om.lock.OzoneManagerLock.releaseWriteLock(OzoneManagerLock.java:329)
	at org.apache.hadoop.ozone.om.request.key.OMKeyCommitRequest.validateAndUpdateCache(OMKeyCommitRequest.java:177)
	at org.apache.hadoop.ozone.protocolPB.OzoneManagerProtocolServerSideTranslatorPB.submitRequestDirectlyToOM(OzoneManagerProtocolServerSideTranslatorPB.java:219)
	at org.apache.hadoop.ozone.protocolPB.OzoneManagerProtocolServerSideTranslatorPB.processRequest(OzoneManagerProtocolServerSideTranslatorPB.java:134)
	at org.apache.hadoop.hdds.server.OzoneProtocolMessageDispatcher.processRequest(OzoneProtocolMessageDispatcher.java:72)
	at org.apache.hadoop.ozone.protocolPB.OzoneManagerProtocolServerSideTranslatorPB.submitRequest(OzoneManagerProtocolServerSideTranslatorPB.java:100)
	at org.apache.hadoop.ozone.protocol.proto.OzoneManagerProtocolProtos$OzoneManagerService$2.callBlockingMethod(OzoneManagerProtocolProtos.java)
	at org.apache.hadoop.ipc.ProtobufRpcEngine$Server$ProtoBufRpcInvoker.call(ProtobufRpcEngine.java:524)
	at org.apache.hadoop.ipc.RPC$Server.call(RPC.java:1025)
	at org.apache.hadoop.ipc.Server$RpcCall.run(Server.java:876)
	at org.apache.hadoop.ipc.Server$RpcCall.run(Server.java:822)
	at java.security.AccessController.doPrivileged(Native Method)
	at javax.security.auth.Subject.doAs(Subject.java:422)
	at org.apache.hadoop.security.UserGroupInformation.doAs(UserGroupInformation.java:1730)
	at org.apache.hadoop.ipc.Server$Handler.run(Server.java:2682)
2019-10-16 06:06:19,850 [main] INFO  retry.RetryInvocationHandler (RetryInvocationHandler.java:log(411)) - com.google.protobuf.ServiceException: org.apache.hadoop.ipc.RemoteException(java.lang.IllegalMonitorStateException): Releasing lock on resource /252f8cca-9a89-42e3-9128-fd5bac62d2dc/142c3669-0d9a-48f6-a208-58ac100c1c05 without acquiring lock
	at org.apache.hadoop.ozone.lock.LockManager.getLockForReleasing(LockManager.java:220)
	at org.apache.hadoop.ozone.lock.LockManager.release(LockManager.java:168)
	at org.apache.hadoop.ozone.lock.LockManager.writeUnlock(LockManager.java:148)
	at org.apache.hadoop.ozone.om.lock.OzoneManagerLock.unlock(OzoneManagerLock.java:364)
	at org.apache.hadoop.ozone.om.lock.OzoneManagerLock.releaseWriteLock(OzoneManagerLock.java:329)
	at org.apache.hadoop.ozone.om.request.key.OMKeyCommitRequest.validateAndUpdateCache(OMKeyCommitRequest.java:177)
	at org.apache.hadoop.ozone.protocolPB.OzoneManagerProtocolServerSideTranslatorPB.submitRequestDirectlyToOM(OzoneManagerProtocolServerSideTranslatorPB.java:219)
	at org.apache.hadoop.ozone.protocolPB.OzoneManagerProtocolServerSideTranslatorPB.processRequest(OzoneManagerProtocolServerSideTranslatorPB.java:134)
	at org.apache.hadoop.hdds.server.OzoneProtocolMessageDispatcher.processRequest(OzoneProtocolMessageDispatcher.java:72)
	at org.apache.hadoop.ozone.protocolPB.OzoneManagerProtocolServerSideTranslatorPB.submitRequest(OzoneManagerProtocolServerSideTranslatorPB.java:100)
	at org.apache.hadoop.ozone.protocol.proto.OzoneManagerProtocolProtos$OzoneManagerService$2.callBlockingMethod(OzoneManagerProtocolProtos.java)
	at org.apache.hadoop.ipc.ProtobufRpcEngine$Server$ProtoBufRpcInvoker.call(ProtobufRpcEngine.java:524)
	at org.apache.hadoop.ipc.RPC$Server.call(RPC.java:1025)
	at org.apache.hadoop.ipc.Server$RpcCall.run(Server.java:876)
	at org.apache.hadoop.ipc.Server$RpcCall.run(Server.java:822)
	at java.security.AccessController.doPrivileged(Native Method)
	at javax.security.auth.Subject.doAs(Subject.java:422)
	at org.apache.hadoop.security.UserGroupInformation.doAs(UserGroupInformation.java:1730)
	at org.apache.hadoop.ipc.Server$Handler.run(Server.java:2682)
, while invoking $Proxy37.submitRequest over nodeId=null,nodeAddress=localhost:42894 after 9 failover attempts. Trying to failover immediately.
2019-10-16 06:06:19,851 [IPC Server handler 8 on 42894] ERROR lock.LockManager (LockManager.java:getLockForReleasing(218)) - Trying to release the lock on /252f8cca-9a89-42e3-9128-fd5bac62d2dc/142c3669-0d9a-48f6-a208-58ac100c1c05, which was never acquired.
2019-10-16 06:06:19,851 [IPC Server handler 8 on 42894] WARN  ipc.Server (Server.java:logException(2724)) - IPC Server handler 8 on 42894, call Call#3425 Retry#10 org.apache.hadoop.ozone.om.protocol.OzoneManagerProtocol.submitRequest from 127.0.0.1:60690
java.lang.IllegalMonitorStateException: Releasing lock on resource /252f8cca-9a89-42e3-9128-fd5bac62d2dc/142c3669-0d9a-48f6-a208-58ac100c1c05 without acquiring lock
	at org.apache.hadoop.ozone.lock.LockManager.getLockForReleasing(LockManager.java:220)
	at org.apache.hadoop.ozone.lock.LockManager.release(LockManager.java:168)
	at org.apache.hadoop.ozone.lock.LockManager.writeUnlock(LockManager.java:148)
	at org.apache.hadoop.ozone.om.lock.OzoneManagerLock.unlock(OzoneManagerLock.java:364)
	at org.apache.hadoop.ozone.om.lock.OzoneManagerLock.releaseWriteLock(OzoneManagerLock.java:329)
	at org.apache.hadoop.ozone.om.request.key.OMKeyCommitRequest.validateAndUpdateCache(OMKeyCommitRequest.java:177)
	at org.apache.hadoop.ozone.protocolPB.OzoneManagerProtocolServerSideTranslatorPB.submitRequestDirectlyToOM(OzoneManagerProtocolServerSideTranslatorPB.java:219)
	at org.apache.hadoop.ozone.protocolPB.OzoneManagerProtocolServerSideTranslatorPB.processRequest(OzoneManagerProtocolServerSideTranslatorPB.java:134)
	at org.apache.hadoop.hdds.server.OzoneProtocolMessageDispatcher.processRequest(OzoneProtocolMessageDispatcher.java:72)
	at org.apache.hadoop.ozone.protocolPB.OzoneManagerProtocolServerSideTranslatorPB.submitRequest(OzoneManagerProtocolServerSideTranslatorPB.java:100)
	at org.apache.hadoop.ozone.protocol.proto.OzoneManagerProtocolProtos$OzoneManagerService$2.callBlockingMethod(OzoneManagerProtocolProtos.java)
	at org.apache.hadoop.ipc.ProtobufRpcEngine$Server$ProtoBufRpcInvoker.call(ProtobufRpcEngine.java:524)
	at org.apache.hadoop.ipc.RPC$Server.call(RPC.java:1025)
	at org.apache.hadoop.ipc.Server$RpcCall.run(Server.java:876)
	at org.apache.hadoop.ipc.Server$RpcCall.run(Server.java:822)
	at java.security.AccessController.doPrivileged(Native Method)
	at javax.security.auth.Subject.doAs(Subject.java:422)
	at org.apache.hadoop.security.UserGroupInformation.doAs(UserGroupInformation.java:1730)
	at org.apache.hadoop.ipc.Server$Handler.run(Server.java:2682)
2019-10-16 06:06:19,851 [main] ERROR ha.OMFailoverProxyProvider (OzoneManagerProtocolClientSideTranslatorPB.java:getRetryAction(268)) - Failed to connect to OM. Attempted 10 retries and 10 failovers
]]></system-out>
  </testcase>
  <testcase name="testOMClientProxyProvider" classname="org.apache.hadoop.ozone.client.rpc.TestSecureOzoneRpcClient" time="0"/>
  <testcase name="testCreateBucketWithAllArgument" classname="org.apache.hadoop.ozone.client.rpc.TestSecureOzoneRpcClient" time="0.006"/>
  <testcase name="testRemoveBucketAcl" classname="org.apache.hadoop.ozone.client.rpc.TestSecureOzoneRpcClient" time="0.007"/>
  <testcase name="testNativeAclsForVolume" classname="org.apache.hadoop.ozone.client.rpc.TestSecureOzoneRpcClient" time="0.04"/>
  <testcase name="testDeleteS3Bucket" classname="org.apache.hadoop.ozone.client.rpc.TestSecureOzoneRpcClient" time="0.011"/>
  <testcase name="testCreateSecureS3Bucket" classname="org.apache.hadoop.ozone.client.rpc.TestSecureOzoneRpcClient" time="0.004"/>
  <testcase name="testMultipartUploadWithMissingParts" classname="org.apache.hadoop.ozone.client.rpc.TestSecureOzoneRpcClient" time="0.022"/>
  <testcase name="testListVolume" classname="org.apache.hadoop.ozone.client.rpc.TestSecureOzoneRpcClient" time="0">
    <skipped/>
  </testcase>
  <testcase name="testSetVolumeQuota" classname="org.apache.hadoop.ozone.client.rpc.TestSecureOzoneRpcClient" time="0.008"/>
  <testcase name="testDeleteBucket" classname="org.apache.hadoop.ozone.client.rpc.TestSecureOzoneRpcClient" time="0.007"/>
  <testcase name="testListKey" classname="org.apache.hadoop.ozone.client.rpc.TestSecureOzoneRpcClient" time="0.044">
    <error message="Releasing lock on resource /vol-a-07731/buc-a-85284 without acquiring lock&#10;	at org.apache.hadoop.ozone.lock.LockManager.getLockForReleasing(LockManager.java:220)&#10;	at org.apache.hadoop.ozone.lock.LockManager.release(LockManager.java:168)&#10;	at org.apache.hadoop.ozone.lock.LockManager.writeUnlock(LockManager.java:148)&#10;	at org.apache.hadoop.ozone.om.lock.OzoneManagerLock.unlock(OzoneManagerLock.java:364)&#10;	at org.apache.hadoop.ozone.om.lock.OzoneManagerLock.releaseWriteLock(OzoneManagerLock.java:329)&#10;	at org.apache.hadoop.ozone.om.request.key.OMKeyCommitRequest.validateAndUpdateCache(OMKeyCommitRequest.java:177)&#10;	at org.apache.hadoop.ozone.protocolPB.OzoneManagerProtocolServerSideTranslatorPB.submitRequestDirectlyToOM(OzoneManagerProtocolServerSideTranslatorPB.java:219)&#10;	at org.apache.hadoop.ozone.protocolPB.OzoneManagerProtocolServerSideTranslatorPB.processRequest(OzoneManagerProtocolServerSideTranslatorPB.java:134)&#10;	at org.apache.hadoop.hdds.server.OzoneProtocolMessageDispatcher.processRequest(OzoneProtocolMessageDispatcher.java:72)&#10;	at org.apache.hadoop.ozone.protocolPB.OzoneManagerProtocolServerSideTranslatorPB.submitRequest(OzoneManagerProtocolServerSideTranslatorPB.java:100)&#10;	at org.apache.hadoop.ozone.protocol.proto.OzoneManagerProtocolProtos$OzoneManagerService$2.callBlockingMethod(OzoneManagerProtocolProtos.java)&#10;	at org.apache.hadoop.ipc.ProtobufRpcEngine$Server$ProtoBufRpcInvoker.call(ProtobufRpcEngine.java:524)&#10;	at org.apache.hadoop.ipc.RPC$Server.call(RPC.java:1025)&#10;	at org.apache.hadoop.ipc.Server$RpcCall.run(Server.java:876)&#10;	at org.apache.hadoop.ipc.Server$RpcCall.run(Server.java:822)&#10;	at java.security.AccessController.doPrivileged(Native Method)&#10;	at javax.security.auth.Subject.doAs(Subject.java:422)&#10;	at org.apache.hadoop.security.UserGroupInformation.doAs(UserGroupInformation.java:1730)&#10;	at org.apache.hadoop.ipc.Server$Handler.run(Server.java:2682)&#10;" type="org.apache.hadoop.ipc.RemoteException(java.lang.IllegalMonitorStateException)">org.apache.hadoop.ipc.RemoteException(java.lang.IllegalMonitorStateException): Releasing lock on resource /vol-a-07731/buc-a-85284 without acquiring lock
	at org.apache.hadoop.ozone.lock.LockManager.getLockForReleasing(LockManager.java:220)
	at org.apache.hadoop.ozone.lock.LockManager.release(LockManager.java:168)
	at org.apache.hadoop.ozone.lock.LockManager.writeUnlock(LockManager.java:148)
	at org.apache.hadoop.ozone.om.lock.OzoneManagerLock.unlock(OzoneManagerLock.java:364)
	at org.apache.hadoop.ozone.om.lock.OzoneManagerLock.releaseWriteLock(OzoneManagerLock.java:329)
	at org.apache.hadoop.ozone.om.request.key.OMKeyCommitRequest.validateAndUpdateCache(OMKeyCommitRequest.java:177)
	at org.apache.hadoop.ozone.protocolPB.OzoneManagerProtocolServerSideTranslatorPB.submitRequestDirectlyToOM(OzoneManagerProtocolServerSideTranslatorPB.java:219)
	at org.apache.hadoop.ozone.protocolPB.OzoneManagerProtocolServerSideTranslatorPB.processRequest(OzoneManagerProtocolServerSideTranslatorPB.java:134)
	at org.apache.hadoop.hdds.server.OzoneProtocolMessageDispatcher.processRequest(OzoneProtocolMessageDispatcher.java:72)
	at org.apache.hadoop.ozone.protocolPB.OzoneManagerProtocolServerSideTranslatorPB.submitRequest(OzoneManagerProtocolServerSideTranslatorPB.java:100)
	at org.apache.hadoop.ozone.protocol.proto.OzoneManagerProtocolProtos$OzoneManagerService$2.callBlockingMethod(OzoneManagerProtocolProtos.java)
	at org.apache.hadoop.ipc.ProtobufRpcEngine$Server$ProtoBufRpcInvoker.call(ProtobufRpcEngine.java:524)
	at org.apache.hadoop.ipc.RPC$Server.call(RPC.java:1025)
	at org.apache.hadoop.ipc.Server$RpcCall.run(Server.java:876)
	at org.apache.hadoop.ipc.Server$RpcCall.run(Server.java:822)
	at java.security.AccessController.doPrivileged(Native Method)
	at javax.security.auth.Subject.doAs(Subject.java:422)
	at org.apache.hadoop.security.UserGroupInformation.doAs(UserGroupInformation.java:1730)
	at org.apache.hadoop.ipc.Server$Handler.run(Server.java:2682)

	at org.apache.hadoop.ipc.Client.getRpcResponse(Client.java:1511)
	at org.apache.hadoop.ipc.Client.call(Client.java:1457)
	at org.apache.hadoop.ipc.Client.call(Client.java:1367)
	at org.apache.hadoop.ipc.ProtobufRpcEngine$Invoker.invoke(ProtobufRpcEngine.java:228)
	at org.apache.hadoop.ipc.ProtobufRpcEngine$Invoker.invoke(ProtobufRpcEngine.java:116)
	at com.sun.proxy.$Proxy37.submitRequest(Unknown Source)
	at sun.reflect.GeneratedMethodAccessor72.invoke(Unknown Source)
	at sun.reflect.DelegatingMethodAccessorImpl.invoke(DelegatingMethodAccessorImpl.java:43)
	at java.lang.reflect.Method.invoke(Method.java:498)
	at org.apache.hadoop.io.retry.RetryInvocationHandler.invokeMethod(RetryInvocationHandler.java:422)
	at org.apache.hadoop.io.retry.RetryInvocationHandler$Call.invokeMethod(RetryInvocationHandler.java:165)
	at org.apache.hadoop.io.retry.RetryInvocationHandler$Call.invoke(RetryInvocationHandler.java:157)
	at org.apache.hadoop.io.retry.RetryInvocationHandler$Call.invokeOnce(RetryInvocationHandler.java:95)
	at org.apache.hadoop.io.retry.RetryInvocationHandler.invoke(RetryInvocationHandler.java:359)
	at com.sun.proxy.$Proxy37.submitRequest(Unknown Source)
	at org.apache.hadoop.ozone.om.protocolPB.OzoneManagerProtocolClientSideTranslatorPB.submitRequest(OzoneManagerProtocolClientSideTranslatorPB.java:338)
	at org.apache.hadoop.ozone.om.protocolPB.OzoneManagerProtocolClientSideTranslatorPB.commitKey(OzoneManagerProtocolClientSideTranslatorPB.java:789)
	at sun.reflect.NativeMethodAccessorImpl.invoke0(Native Method)
	at sun.reflect.NativeMethodAccessorImpl.invoke(NativeMethodAccessorImpl.java:62)
	at sun.reflect.DelegatingMethodAccessorImpl.invoke(DelegatingMethodAccessorImpl.java:43)
	at java.lang.reflect.Method.invoke(Method.java:498)
	at org.apache.hadoop.hdds.tracing.TraceAllMethod.invoke(TraceAllMethod.java:66)
	at com.sun.proxy.$Proxy38.commitKey(Unknown Source)
	at org.apache.hadoop.ozone.client.io.BlockOutputStreamEntryPool.commitKey(BlockOutputStreamEntryPool.java:277)
	at org.apache.hadoop.ozone.client.io.KeyOutputStream.close(KeyOutputStream.java:474)
	at org.apache.hadoop.ozone.client.io.OzoneOutputStream.close(OzoneOutputStream.java:60)
	at org.apache.hadoop.ozone.client.rpc.TestOzoneRpcClientAbstract.testListKey(TestOzoneRpcClientAbstract.java:1473)
	at sun.reflect.NativeMethodAccessorImpl.invoke0(Native Method)
	at sun.reflect.NativeMethodAccessorImpl.invoke(NativeMethodAccessorImpl.java:62)
	at sun.reflect.DelegatingMethodAccessorImpl.invoke(DelegatingMethodAccessorImpl.java:43)
	at java.lang.reflect.Method.invoke(Method.java:498)
	at org.junit.runners.model.FrameworkMethod$1.runReflectiveCall(FrameworkMethod.java:47)
	at org.junit.internal.runners.model.ReflectiveCallable.run(ReflectiveCallable.java:12)
	at org.junit.runners.model.FrameworkMethod.invokeExplosively(FrameworkMethod.java:44)
	at org.junit.internal.runners.statements.InvokeMethod.evaluate(InvokeMethod.java:17)
	at org.junit.runners.ParentRunner.runLeaf(ParentRunner.java:271)
	at org.junit.runners.BlockJUnit4ClassRunner.runChild(BlockJUnit4ClassRunner.java:70)
	at org.junit.runners.BlockJUnit4ClassRunner.runChild(BlockJUnit4ClassRunner.java:50)
	at org.junit.runners.ParentRunner$3.run(ParentRunner.java:238)
	at org.junit.runners.ParentRunner$1.schedule(ParentRunner.java:63)
	at org.junit.runners.ParentRunner.runChildren(ParentRunner.java:236)
	at org.junit.runners.ParentRunner.access$000(ParentRunner.java:53)
	at org.junit.runners.ParentRunner$2.evaluate(ParentRunner.java:229)
	at org.junit.internal.runners.statements.RunBefores.evaluate(RunBefores.java:26)
	at org.junit.internal.runners.statements.RunAfters.evaluate(RunAfters.java:27)
	at org.junit.runners.ParentRunner.run(ParentRunner.java:309)
	at org.apache.maven.surefire.junit4.JUnit4Provider.execute(JUnit4Provider.java:365)
	at org.apache.maven.surefire.junit4.JUnit4Provider.executeWithRerun(JUnit4Provider.java:273)
	at org.apache.maven.surefire.junit4.JUnit4Provider.executeTestSet(JUnit4Provider.java:238)
	at org.apache.maven.surefire.junit4.JUnit4Provider.invoke(JUnit4Provider.java:159)
	at org.apache.maven.surefire.booter.ForkedBooter.invokeProviderInSameClassLoader(ForkedBooter.java:384)
	at org.apache.maven.surefire.booter.ForkedBooter.runSuitesInProcess(ForkedBooter.java:345)
	at org.apache.maven.surefire.booter.ForkedBooter.execute(ForkedBooter.java:126)
	at org.apache.maven.surefire.booter.ForkedBooter.main(ForkedBooter.java:418)
</error>
    <system-out><![CDATA[2019-10-16 06:06:19,959 [main] INFO  rpc.RpcClient (RpcClient.java:createVolume(272)) - Creating Volume: vol-a-07731, with jenkins1000 as owner.
2019-10-16 06:06:19,960 [IPC Server handler 8 on 42894] INFO  volume.OMVolumeCreateRequest (OMVolumeCreateRequest.java:validateAndUpdateCache(193)) - created volume:vol-a-07731 for user:jenkins1000
2019-10-16 06:06:19,960 [main] INFO  rpc.RpcClient (RpcClient.java:createVolume(272)) - Creating Volume: vol-b-82154, with jenkins1000 as owner.
2019-10-16 06:06:19,961 [IPC Server handler 6 on 42894] INFO  volume.OMVolumeCreateRequest (OMVolumeCreateRequest.java:validateAndUpdateCache(193)) - created volume:vol-b-82154 for user:jenkins1000
2019-10-16 06:06:19,963 [main] INFO  rpc.RpcClient (RpcClient.java:createBucket(411)) - Creating Bucket: vol-a-07731/buc-a-85284, with Versioning false and Storage Type set to DISK and Encryption set to false 
2019-10-16 06:06:19,964 [main] INFO  rpc.RpcClient (RpcClient.java:createBucket(411)) - Creating Bucket: vol-a-07731/buc-b-69244, with Versioning false and Storage Type set to DISK and Encryption set to false 
2019-10-16 06:06:19,965 [main] INFO  rpc.RpcClient (RpcClient.java:createBucket(411)) - Creating Bucket: vol-b-82154/buc-a-85284, with Versioning false and Storage Type set to DISK and Encryption set to false 
2019-10-16 06:06:19,966 [main] INFO  rpc.RpcClient (RpcClient.java:createBucket(411)) - Creating Bucket: vol-b-82154/buc-b-69244, with Versioning false and Storage Type set to DISK and Encryption set to false 
2019-10-16 06:06:19,986 [IPC Server handler 0 on 42894] ERROR lock.LockManager (LockManager.java:getLockForReleasing(218)) - Trying to release the lock on /vol-a-07731/buc-a-85284, which was never acquired.
2019-10-16 06:06:19,987 [IPC Server handler 0 on 42894] WARN  ipc.Server (Server.java:logException(2724)) - IPC Server handler 0 on 42894, call Call#3500 Retry#0 org.apache.hadoop.ozone.om.protocol.OzoneManagerProtocol.submitRequest from 127.0.0.1:60690
java.lang.IllegalMonitorStateException: Releasing lock on resource /vol-a-07731/buc-a-85284 without acquiring lock
	at org.apache.hadoop.ozone.lock.LockManager.getLockForReleasing(LockManager.java:220)
	at org.apache.hadoop.ozone.lock.LockManager.release(LockManager.java:168)
	at org.apache.hadoop.ozone.lock.LockManager.writeUnlock(LockManager.java:148)
	at org.apache.hadoop.ozone.om.lock.OzoneManagerLock.unlock(OzoneManagerLock.java:364)
	at org.apache.hadoop.ozone.om.lock.OzoneManagerLock.releaseWriteLock(OzoneManagerLock.java:329)
	at org.apache.hadoop.ozone.om.request.key.OMKeyCommitRequest.validateAndUpdateCache(OMKeyCommitRequest.java:177)
	at org.apache.hadoop.ozone.protocolPB.OzoneManagerProtocolServerSideTranslatorPB.submitRequestDirectlyToOM(OzoneManagerProtocolServerSideTranslatorPB.java:219)
	at org.apache.hadoop.ozone.protocolPB.OzoneManagerProtocolServerSideTranslatorPB.processRequest(OzoneManagerProtocolServerSideTranslatorPB.java:134)
	at org.apache.hadoop.hdds.server.OzoneProtocolMessageDispatcher.processRequest(OzoneProtocolMessageDispatcher.java:72)
	at org.apache.hadoop.ozone.protocolPB.OzoneManagerProtocolServerSideTranslatorPB.submitRequest(OzoneManagerProtocolServerSideTranslatorPB.java:100)
	at org.apache.hadoop.ozone.protocol.proto.OzoneManagerProtocolProtos$OzoneManagerService$2.callBlockingMethod(OzoneManagerProtocolProtos.java)
	at org.apache.hadoop.ipc.ProtobufRpcEngine$Server$ProtoBufRpcInvoker.call(ProtobufRpcEngine.java:524)
	at org.apache.hadoop.ipc.RPC$Server.call(RPC.java:1025)
	at org.apache.hadoop.ipc.Server$RpcCall.run(Server.java:876)
	at org.apache.hadoop.ipc.Server$RpcCall.run(Server.java:822)
	at java.security.AccessController.doPrivileged(Native Method)
	at javax.security.auth.Subject.doAs(Subject.java:422)
	at org.apache.hadoop.security.UserGroupInformation.doAs(UserGroupInformation.java:1730)
	at org.apache.hadoop.ipc.Server$Handler.run(Server.java:2682)
2019-10-16 06:06:19,987 [main] INFO  retry.RetryInvocationHandler (RetryInvocationHandler.java:log(411)) - com.google.protobuf.ServiceException: org.apache.hadoop.ipc.RemoteException(java.lang.IllegalMonitorStateException): Releasing lock on resource /vol-a-07731/buc-a-85284 without acquiring lock
	at org.apache.hadoop.ozone.lock.LockManager.getLockForReleasing(LockManager.java:220)
	at org.apache.hadoop.ozone.lock.LockManager.release(LockManager.java:168)
	at org.apache.hadoop.ozone.lock.LockManager.writeUnlock(LockManager.java:148)
	at org.apache.hadoop.ozone.om.lock.OzoneManagerLock.unlock(OzoneManagerLock.java:364)
	at org.apache.hadoop.ozone.om.lock.OzoneManagerLock.releaseWriteLock(OzoneManagerLock.java:329)
	at org.apache.hadoop.ozone.om.request.key.OMKeyCommitRequest.validateAndUpdateCache(OMKeyCommitRequest.java:177)
	at org.apache.hadoop.ozone.protocolPB.OzoneManagerProtocolServerSideTranslatorPB.submitRequestDirectlyToOM(OzoneManagerProtocolServerSideTranslatorPB.java:219)
	at org.apache.hadoop.ozone.protocolPB.OzoneManagerProtocolServerSideTranslatorPB.processRequest(OzoneManagerProtocolServerSideTranslatorPB.java:134)
	at org.apache.hadoop.hdds.server.OzoneProtocolMessageDispatcher.processRequest(OzoneProtocolMessageDispatcher.java:72)
	at org.apache.hadoop.ozone.protocolPB.OzoneManagerProtocolServerSideTranslatorPB.submitRequest(OzoneManagerProtocolServerSideTranslatorPB.java:100)
	at org.apache.hadoop.ozone.protocol.proto.OzoneManagerProtocolProtos$OzoneManagerService$2.callBlockingMethod(OzoneManagerProtocolProtos.java)
	at org.apache.hadoop.ipc.ProtobufRpcEngine$Server$ProtoBufRpcInvoker.call(ProtobufRpcEngine.java:524)
	at org.apache.hadoop.ipc.RPC$Server.call(RPC.java:1025)
	at org.apache.hadoop.ipc.Server$RpcCall.run(Server.java:876)
	at org.apache.hadoop.ipc.Server$RpcCall.run(Server.java:822)
	at java.security.AccessController.doPrivileged(Native Method)
	at javax.security.auth.Subject.doAs(Subject.java:422)
	at org.apache.hadoop.security.UserGroupInformation.doAs(UserGroupInformation.java:1730)
	at org.apache.hadoop.ipc.Server$Handler.run(Server.java:2682)
, while invoking $Proxy37.submitRequest over nodeId=null,nodeAddress=localhost:42894. Trying to failover immediately.
2019-10-16 06:06:19,988 [IPC Server handler 5 on 42894] ERROR lock.LockManager (LockManager.java:getLockForReleasing(218)) - Trying to release the lock on /vol-a-07731/buc-a-85284, which was never acquired.
2019-10-16 06:06:19,989 [IPC Server handler 5 on 42894] WARN  ipc.Server (Server.java:logException(2724)) - IPC Server handler 5 on 42894, call Call#3500 Retry#1 org.apache.hadoop.ozone.om.protocol.OzoneManagerProtocol.submitRequest from 127.0.0.1:60690
java.lang.IllegalMonitorStateException: Releasing lock on resource /vol-a-07731/buc-a-85284 without acquiring lock
	at org.apache.hadoop.ozone.lock.LockManager.getLockForReleasing(LockManager.java:220)
	at org.apache.hadoop.ozone.lock.LockManager.release(LockManager.java:168)
	at org.apache.hadoop.ozone.lock.LockManager.writeUnlock(LockManager.java:148)
	at org.apache.hadoop.ozone.om.lock.OzoneManagerLock.unlock(OzoneManagerLock.java:364)
	at org.apache.hadoop.ozone.om.lock.OzoneManagerLock.releaseWriteLock(OzoneManagerLock.java:329)
	at org.apache.hadoop.ozone.om.request.key.OMKeyCommitRequest.validateAndUpdateCache(OMKeyCommitRequest.java:177)
	at org.apache.hadoop.ozone.protocolPB.OzoneManagerProtocolServerSideTranslatorPB.submitRequestDirectlyToOM(OzoneManagerProtocolServerSideTranslatorPB.java:219)
	at org.apache.hadoop.ozone.protocolPB.OzoneManagerProtocolServerSideTranslatorPB.processRequest(OzoneManagerProtocolServerSideTranslatorPB.java:134)
	at org.apache.hadoop.hdds.server.OzoneProtocolMessageDispatcher.processRequest(OzoneProtocolMessageDispatcher.java:72)
	at org.apache.hadoop.ozone.protocolPB.OzoneManagerProtocolServerSideTranslatorPB.submitRequest(OzoneManagerProtocolServerSideTranslatorPB.java:100)
	at org.apache.hadoop.ozone.protocol.proto.OzoneManagerProtocolProtos$OzoneManagerService$2.callBlockingMethod(OzoneManagerProtocolProtos.java)
	at org.apache.hadoop.ipc.ProtobufRpcEngine$Server$ProtoBufRpcInvoker.call(ProtobufRpcEngine.java:524)
	at org.apache.hadoop.ipc.RPC$Server.call(RPC.java:1025)
	at org.apache.hadoop.ipc.Server$RpcCall.run(Server.java:876)
	at org.apache.hadoop.ipc.Server$RpcCall.run(Server.java:822)
	at java.security.AccessController.doPrivileged(Native Method)
	at javax.security.auth.Subject.doAs(Subject.java:422)
	at org.apache.hadoop.security.UserGroupInformation.doAs(UserGroupInformation.java:1730)
	at org.apache.hadoop.ipc.Server$Handler.run(Server.java:2682)
2019-10-16 06:06:19,989 [main] INFO  retry.RetryInvocationHandler (RetryInvocationHandler.java:log(411)) - com.google.protobuf.ServiceException: org.apache.hadoop.ipc.RemoteException(java.lang.IllegalMonitorStateException): Releasing lock on resource /vol-a-07731/buc-a-85284 without acquiring lock
	at org.apache.hadoop.ozone.lock.LockManager.getLockForReleasing(LockManager.java:220)
	at org.apache.hadoop.ozone.lock.LockManager.release(LockManager.java:168)
	at org.apache.hadoop.ozone.lock.LockManager.writeUnlock(LockManager.java:148)
	at org.apache.hadoop.ozone.om.lock.OzoneManagerLock.unlock(OzoneManagerLock.java:364)
	at org.apache.hadoop.ozone.om.lock.OzoneManagerLock.releaseWriteLock(OzoneManagerLock.java:329)
	at org.apache.hadoop.ozone.om.request.key.OMKeyCommitRequest.validateAndUpdateCache(OMKeyCommitRequest.java:177)
	at org.apache.hadoop.ozone.protocolPB.OzoneManagerProtocolServerSideTranslatorPB.submitRequestDirectlyToOM(OzoneManagerProtocolServerSideTranslatorPB.java:219)
	at org.apache.hadoop.ozone.protocolPB.OzoneManagerProtocolServerSideTranslatorPB.processRequest(OzoneManagerProtocolServerSideTranslatorPB.java:134)
	at org.apache.hadoop.hdds.server.OzoneProtocolMessageDispatcher.processRequest(OzoneProtocolMessageDispatcher.java:72)
	at org.apache.hadoop.ozone.protocolPB.OzoneManagerProtocolServerSideTranslatorPB.submitRequest(OzoneManagerProtocolServerSideTranslatorPB.java:100)
	at org.apache.hadoop.ozone.protocol.proto.OzoneManagerProtocolProtos$OzoneManagerService$2.callBlockingMethod(OzoneManagerProtocolProtos.java)
	at org.apache.hadoop.ipc.ProtobufRpcEngine$Server$ProtoBufRpcInvoker.call(ProtobufRpcEngine.java:524)
	at org.apache.hadoop.ipc.RPC$Server.call(RPC.java:1025)
	at org.apache.hadoop.ipc.Server$RpcCall.run(Server.java:876)
	at org.apache.hadoop.ipc.Server$RpcCall.run(Server.java:822)
	at java.security.AccessController.doPrivileged(Native Method)
	at javax.security.auth.Subject.doAs(Subject.java:422)
	at org.apache.hadoop.security.UserGroupInformation.doAs(UserGroupInformation.java:1730)
	at org.apache.hadoop.ipc.Server$Handler.run(Server.java:2682)
, while invoking $Proxy37.submitRequest over nodeId=null,nodeAddress=localhost:42894 after 1 failover attempts. Trying to failover immediately.
2019-10-16 06:06:19,990 [IPC Server handler 11 on 42894] ERROR lock.LockManager (LockManager.java:getLockForReleasing(218)) - Trying to release the lock on /vol-a-07731/buc-a-85284, which was never acquired.
2019-10-16 06:06:19,990 [IPC Server handler 11 on 42894] WARN  ipc.Server (Server.java:logException(2724)) - IPC Server handler 11 on 42894, call Call#3500 Retry#2 org.apache.hadoop.ozone.om.protocol.OzoneManagerProtocol.submitRequest from 127.0.0.1:60690
java.lang.IllegalMonitorStateException: Releasing lock on resource /vol-a-07731/buc-a-85284 without acquiring lock
	at org.apache.hadoop.ozone.lock.LockManager.getLockForReleasing(LockManager.java:220)
	at org.apache.hadoop.ozone.lock.LockManager.release(LockManager.java:168)
	at org.apache.hadoop.ozone.lock.LockManager.writeUnlock(LockManager.java:148)
	at org.apache.hadoop.ozone.om.lock.OzoneManagerLock.unlock(OzoneManagerLock.java:364)
	at org.apache.hadoop.ozone.om.lock.OzoneManagerLock.releaseWriteLock(OzoneManagerLock.java:329)
	at org.apache.hadoop.ozone.om.request.key.OMKeyCommitRequest.validateAndUpdateCache(OMKeyCommitRequest.java:177)
	at org.apache.hadoop.ozone.protocolPB.OzoneManagerProtocolServerSideTranslatorPB.submitRequestDirectlyToOM(OzoneManagerProtocolServerSideTranslatorPB.java:219)
	at org.apache.hadoop.ozone.protocolPB.OzoneManagerProtocolServerSideTranslatorPB.processRequest(OzoneManagerProtocolServerSideTranslatorPB.java:134)
	at org.apache.hadoop.hdds.server.OzoneProtocolMessageDispatcher.processRequest(OzoneProtocolMessageDispatcher.java:72)
	at org.apache.hadoop.ozone.protocolPB.OzoneManagerProtocolServerSideTranslatorPB.submitRequest(OzoneManagerProtocolServerSideTranslatorPB.java:100)
	at org.apache.hadoop.ozone.protocol.proto.OzoneManagerProtocolProtos$OzoneManagerService$2.callBlockingMethod(OzoneManagerProtocolProtos.java)
	at org.apache.hadoop.ipc.ProtobufRpcEngine$Server$ProtoBufRpcInvoker.call(ProtobufRpcEngine.java:524)
	at org.apache.hadoop.ipc.RPC$Server.call(RPC.java:1025)
	at org.apache.hadoop.ipc.Server$RpcCall.run(Server.java:876)
	at org.apache.hadoop.ipc.Server$RpcCall.run(Server.java:822)
	at java.security.AccessController.doPrivileged(Native Method)
	at javax.security.auth.Subject.doAs(Subject.java:422)
	at org.apache.hadoop.security.UserGroupInformation.doAs(UserGroupInformation.java:1730)
	at org.apache.hadoop.ipc.Server$Handler.run(Server.java:2682)
2019-10-16 06:06:19,990 [main] INFO  retry.RetryInvocationHandler (RetryInvocationHandler.java:log(411)) - com.google.protobuf.ServiceException: org.apache.hadoop.ipc.RemoteException(java.lang.IllegalMonitorStateException): Releasing lock on resource /vol-a-07731/buc-a-85284 without acquiring lock
	at org.apache.hadoop.ozone.lock.LockManager.getLockForReleasing(LockManager.java:220)
	at org.apache.hadoop.ozone.lock.LockManager.release(LockManager.java:168)
	at org.apache.hadoop.ozone.lock.LockManager.writeUnlock(LockManager.java:148)
	at org.apache.hadoop.ozone.om.lock.OzoneManagerLock.unlock(OzoneManagerLock.java:364)
	at org.apache.hadoop.ozone.om.lock.OzoneManagerLock.releaseWriteLock(OzoneManagerLock.java:329)
	at org.apache.hadoop.ozone.om.request.key.OMKeyCommitRequest.validateAndUpdateCache(OMKeyCommitRequest.java:177)
	at org.apache.hadoop.ozone.protocolPB.OzoneManagerProtocolServerSideTranslatorPB.submitRequestDirectlyToOM(OzoneManagerProtocolServerSideTranslatorPB.java:219)
	at org.apache.hadoop.ozone.protocolPB.OzoneManagerProtocolServerSideTranslatorPB.processRequest(OzoneManagerProtocolServerSideTranslatorPB.java:134)
	at org.apache.hadoop.hdds.server.OzoneProtocolMessageDispatcher.processRequest(OzoneProtocolMessageDispatcher.java:72)
	at org.apache.hadoop.ozone.protocolPB.OzoneManagerProtocolServerSideTranslatorPB.submitRequest(OzoneManagerProtocolServerSideTranslatorPB.java:100)
	at org.apache.hadoop.ozone.protocol.proto.OzoneManagerProtocolProtos$OzoneManagerService$2.callBlockingMethod(OzoneManagerProtocolProtos.java)
	at org.apache.hadoop.ipc.ProtobufRpcEngine$Server$ProtoBufRpcInvoker.call(ProtobufRpcEngine.java:524)
	at org.apache.hadoop.ipc.RPC$Server.call(RPC.java:1025)
	at org.apache.hadoop.ipc.Server$RpcCall.run(Server.java:876)
	at org.apache.hadoop.ipc.Server$RpcCall.run(Server.java:822)
	at java.security.AccessController.doPrivileged(Native Method)
	at javax.security.auth.Subject.doAs(Subject.java:422)
	at org.apache.hadoop.security.UserGroupInformation.doAs(UserGroupInformation.java:1730)
	at org.apache.hadoop.ipc.Server$Handler.run(Server.java:2682)
, while invoking $Proxy37.submitRequest over nodeId=null,nodeAddress=localhost:42894 after 2 failover attempts. Trying to failover immediately.
2019-10-16 06:06:19,991 [IPC Server handler 3 on 42894] ERROR lock.LockManager (LockManager.java:getLockForReleasing(218)) - Trying to release the lock on /vol-a-07731/buc-a-85284, which was never acquired.
2019-10-16 06:06:19,991 [IPC Server handler 3 on 42894] WARN  ipc.Server (Server.java:logException(2724)) - IPC Server handler 3 on 42894, call Call#3500 Retry#3 org.apache.hadoop.ozone.om.protocol.OzoneManagerProtocol.submitRequest from 127.0.0.1:60690
java.lang.IllegalMonitorStateException: Releasing lock on resource /vol-a-07731/buc-a-85284 without acquiring lock
	at org.apache.hadoop.ozone.lock.LockManager.getLockForReleasing(LockManager.java:220)
	at org.apache.hadoop.ozone.lock.LockManager.release(LockManager.java:168)
	at org.apache.hadoop.ozone.lock.LockManager.writeUnlock(LockManager.java:148)
	at org.apache.hadoop.ozone.om.lock.OzoneManagerLock.unlock(OzoneManagerLock.java:364)
	at org.apache.hadoop.ozone.om.lock.OzoneManagerLock.releaseWriteLock(OzoneManagerLock.java:329)
	at org.apache.hadoop.ozone.om.request.key.OMKeyCommitRequest.validateAndUpdateCache(OMKeyCommitRequest.java:177)
	at org.apache.hadoop.ozone.protocolPB.OzoneManagerProtocolServerSideTranslatorPB.submitRequestDirectlyToOM(OzoneManagerProtocolServerSideTranslatorPB.java:219)
	at org.apache.hadoop.ozone.protocolPB.OzoneManagerProtocolServerSideTranslatorPB.processRequest(OzoneManagerProtocolServerSideTranslatorPB.java:134)
	at org.apache.hadoop.hdds.server.OzoneProtocolMessageDispatcher.processRequest(OzoneProtocolMessageDispatcher.java:72)
	at org.apache.hadoop.ozone.protocolPB.OzoneManagerProtocolServerSideTranslatorPB.submitRequest(OzoneManagerProtocolServerSideTranslatorPB.java:100)
	at org.apache.hadoop.ozone.protocol.proto.OzoneManagerProtocolProtos$OzoneManagerService$2.callBlockingMethod(OzoneManagerProtocolProtos.java)
	at org.apache.hadoop.ipc.ProtobufRpcEngine$Server$ProtoBufRpcInvoker.call(ProtobufRpcEngine.java:524)
	at org.apache.hadoop.ipc.RPC$Server.call(RPC.java:1025)
	at org.apache.hadoop.ipc.Server$RpcCall.run(Server.java:876)
	at org.apache.hadoop.ipc.Server$RpcCall.run(Server.java:822)
	at java.security.AccessController.doPrivileged(Native Method)
	at javax.security.auth.Subject.doAs(Subject.java:422)
	at org.apache.hadoop.security.UserGroupInformation.doAs(UserGroupInformation.java:1730)
	at org.apache.hadoop.ipc.Server$Handler.run(Server.java:2682)
2019-10-16 06:06:19,992 [main] INFO  retry.RetryInvocationHandler (RetryInvocationHandler.java:log(411)) - com.google.protobuf.ServiceException: org.apache.hadoop.ipc.RemoteException(java.lang.IllegalMonitorStateException): Releasing lock on resource /vol-a-07731/buc-a-85284 without acquiring lock
	at org.apache.hadoop.ozone.lock.LockManager.getLockForReleasing(LockManager.java:220)
	at org.apache.hadoop.ozone.lock.LockManager.release(LockManager.java:168)
	at org.apache.hadoop.ozone.lock.LockManager.writeUnlock(LockManager.java:148)
	at org.apache.hadoop.ozone.om.lock.OzoneManagerLock.unlock(OzoneManagerLock.java:364)
	at org.apache.hadoop.ozone.om.lock.OzoneManagerLock.releaseWriteLock(OzoneManagerLock.java:329)
	at org.apache.hadoop.ozone.om.request.key.OMKeyCommitRequest.validateAndUpdateCache(OMKeyCommitRequest.java:177)
	at org.apache.hadoop.ozone.protocolPB.OzoneManagerProtocolServerSideTranslatorPB.submitRequestDirectlyToOM(OzoneManagerProtocolServerSideTranslatorPB.java:219)
	at org.apache.hadoop.ozone.protocolPB.OzoneManagerProtocolServerSideTranslatorPB.processRequest(OzoneManagerProtocolServerSideTranslatorPB.java:134)
	at org.apache.hadoop.hdds.server.OzoneProtocolMessageDispatcher.processRequest(OzoneProtocolMessageDispatcher.java:72)
	at org.apache.hadoop.ozone.protocolPB.OzoneManagerProtocolServerSideTranslatorPB.submitRequest(OzoneManagerProtocolServerSideTranslatorPB.java:100)
	at org.apache.hadoop.ozone.protocol.proto.OzoneManagerProtocolProtos$OzoneManagerService$2.callBlockingMethod(OzoneManagerProtocolProtos.java)
	at org.apache.hadoop.ipc.ProtobufRpcEngine$Server$ProtoBufRpcInvoker.call(ProtobufRpcEngine.java:524)
	at org.apache.hadoop.ipc.RPC$Server.call(RPC.java:1025)
	at org.apache.hadoop.ipc.Server$RpcCall.run(Server.java:876)
	at org.apache.hadoop.ipc.Server$RpcCall.run(Server.java:822)
	at java.security.AccessController.doPrivileged(Native Method)
	at javax.security.auth.Subject.doAs(Subject.java:422)
	at org.apache.hadoop.security.UserGroupInformation.doAs(UserGroupInformation.java:1730)
	at org.apache.hadoop.ipc.Server$Handler.run(Server.java:2682)
, while invoking $Proxy37.submitRequest over nodeId=null,nodeAddress=localhost:42894 after 3 failover attempts. Trying to failover immediately.
2019-10-16 06:06:19,993 [IPC Server handler 7 on 42894] ERROR lock.LockManager (LockManager.java:getLockForReleasing(218)) - Trying to release the lock on /vol-a-07731/buc-a-85284, which was never acquired.
2019-10-16 06:06:19,993 [IPC Server handler 7 on 42894] WARN  ipc.Server (Server.java:logException(2724)) - IPC Server handler 7 on 42894, call Call#3500 Retry#4 org.apache.hadoop.ozone.om.protocol.OzoneManagerProtocol.submitRequest from 127.0.0.1:60690
java.lang.IllegalMonitorStateException: Releasing lock on resource /vol-a-07731/buc-a-85284 without acquiring lock
	at org.apache.hadoop.ozone.lock.LockManager.getLockForReleasing(LockManager.java:220)
	at org.apache.hadoop.ozone.lock.LockManager.release(LockManager.java:168)
	at org.apache.hadoop.ozone.lock.LockManager.writeUnlock(LockManager.java:148)
	at org.apache.hadoop.ozone.om.lock.OzoneManagerLock.unlock(OzoneManagerLock.java:364)
	at org.apache.hadoop.ozone.om.lock.OzoneManagerLock.releaseWriteLock(OzoneManagerLock.java:329)
	at org.apache.hadoop.ozone.om.request.key.OMKeyCommitRequest.validateAndUpdateCache(OMKeyCommitRequest.java:177)
	at org.apache.hadoop.ozone.protocolPB.OzoneManagerProtocolServerSideTranslatorPB.submitRequestDirectlyToOM(OzoneManagerProtocolServerSideTranslatorPB.java:219)
	at org.apache.hadoop.ozone.protocolPB.OzoneManagerProtocolServerSideTranslatorPB.processRequest(OzoneManagerProtocolServerSideTranslatorPB.java:134)
	at org.apache.hadoop.hdds.server.OzoneProtocolMessageDispatcher.processRequest(OzoneProtocolMessageDispatcher.java:72)
	at org.apache.hadoop.ozone.protocolPB.OzoneManagerProtocolServerSideTranslatorPB.submitRequest(OzoneManagerProtocolServerSideTranslatorPB.java:100)
	at org.apache.hadoop.ozone.protocol.proto.OzoneManagerProtocolProtos$OzoneManagerService$2.callBlockingMethod(OzoneManagerProtocolProtos.java)
	at org.apache.hadoop.ipc.ProtobufRpcEngine$Server$ProtoBufRpcInvoker.call(ProtobufRpcEngine.java:524)
	at org.apache.hadoop.ipc.RPC$Server.call(RPC.java:1025)
	at org.apache.hadoop.ipc.Server$RpcCall.run(Server.java:876)
	at org.apache.hadoop.ipc.Server$RpcCall.run(Server.java:822)
	at java.security.AccessController.doPrivileged(Native Method)
	at javax.security.auth.Subject.doAs(Subject.java:422)
	at org.apache.hadoop.security.UserGroupInformation.doAs(UserGroupInformation.java:1730)
	at org.apache.hadoop.ipc.Server$Handler.run(Server.java:2682)
2019-10-16 06:06:19,993 [main] INFO  retry.RetryInvocationHandler (RetryInvocationHandler.java:log(411)) - com.google.protobuf.ServiceException: org.apache.hadoop.ipc.RemoteException(java.lang.IllegalMonitorStateException): Releasing lock on resource /vol-a-07731/buc-a-85284 without acquiring lock
	at org.apache.hadoop.ozone.lock.LockManager.getLockForReleasing(LockManager.java:220)
	at org.apache.hadoop.ozone.lock.LockManager.release(LockManager.java:168)
	at org.apache.hadoop.ozone.lock.LockManager.writeUnlock(LockManager.java:148)
	at org.apache.hadoop.ozone.om.lock.OzoneManagerLock.unlock(OzoneManagerLock.java:364)
	at org.apache.hadoop.ozone.om.lock.OzoneManagerLock.releaseWriteLock(OzoneManagerLock.java:329)
	at org.apache.hadoop.ozone.om.request.key.OMKeyCommitRequest.validateAndUpdateCache(OMKeyCommitRequest.java:177)
	at org.apache.hadoop.ozone.protocolPB.OzoneManagerProtocolServerSideTranslatorPB.submitRequestDirectlyToOM(OzoneManagerProtocolServerSideTranslatorPB.java:219)
	at org.apache.hadoop.ozone.protocolPB.OzoneManagerProtocolServerSideTranslatorPB.processRequest(OzoneManagerProtocolServerSideTranslatorPB.java:134)
	at org.apache.hadoop.hdds.server.OzoneProtocolMessageDispatcher.processRequest(OzoneProtocolMessageDispatcher.java:72)
	at org.apache.hadoop.ozone.protocolPB.OzoneManagerProtocolServerSideTranslatorPB.submitRequest(OzoneManagerProtocolServerSideTranslatorPB.java:100)
	at org.apache.hadoop.ozone.protocol.proto.OzoneManagerProtocolProtos$OzoneManagerService$2.callBlockingMethod(OzoneManagerProtocolProtos.java)
	at org.apache.hadoop.ipc.ProtobufRpcEngine$Server$ProtoBufRpcInvoker.call(ProtobufRpcEngine.java:524)
	at org.apache.hadoop.ipc.RPC$Server.call(RPC.java:1025)
	at org.apache.hadoop.ipc.Server$RpcCall.run(Server.java:876)
	at org.apache.hadoop.ipc.Server$RpcCall.run(Server.java:822)
	at java.security.AccessController.doPrivileged(Native Method)
	at javax.security.auth.Subject.doAs(Subject.java:422)
	at org.apache.hadoop.security.UserGroupInformation.doAs(UserGroupInformation.java:1730)
	at org.apache.hadoop.ipc.Server$Handler.run(Server.java:2682)
, while invoking $Proxy37.submitRequest over nodeId=null,nodeAddress=localhost:42894 after 4 failover attempts. Trying to failover immediately.
2019-10-16 06:06:19,994 [IPC Server handler 18 on 42894] ERROR lock.LockManager (LockManager.java:getLockForReleasing(218)) - Trying to release the lock on /vol-a-07731/buc-a-85284, which was never acquired.
2019-10-16 06:06:19,994 [IPC Server handler 18 on 42894] WARN  ipc.Server (Server.java:logException(2724)) - IPC Server handler 18 on 42894, call Call#3500 Retry#5 org.apache.hadoop.ozone.om.protocol.OzoneManagerProtocol.submitRequest from 127.0.0.1:60690
java.lang.IllegalMonitorStateException: Releasing lock on resource /vol-a-07731/buc-a-85284 without acquiring lock
	at org.apache.hadoop.ozone.lock.LockManager.getLockForReleasing(LockManager.java:220)
	at org.apache.hadoop.ozone.lock.LockManager.release(LockManager.java:168)
	at org.apache.hadoop.ozone.lock.LockManager.writeUnlock(LockManager.java:148)
	at org.apache.hadoop.ozone.om.lock.OzoneManagerLock.unlock(OzoneManagerLock.java:364)
	at org.apache.hadoop.ozone.om.lock.OzoneManagerLock.releaseWriteLock(OzoneManagerLock.java:329)
	at org.apache.hadoop.ozone.om.request.key.OMKeyCommitRequest.validateAndUpdateCache(OMKeyCommitRequest.java:177)
	at org.apache.hadoop.ozone.protocolPB.OzoneManagerProtocolServerSideTranslatorPB.submitRequestDirectlyToOM(OzoneManagerProtocolServerSideTranslatorPB.java:219)
	at org.apache.hadoop.ozone.protocolPB.OzoneManagerProtocolServerSideTranslatorPB.processRequest(OzoneManagerProtocolServerSideTranslatorPB.java:134)
	at org.apache.hadoop.hdds.server.OzoneProtocolMessageDispatcher.processRequest(OzoneProtocolMessageDispatcher.java:72)
	at org.apache.hadoop.ozone.protocolPB.OzoneManagerProtocolServerSideTranslatorPB.submitRequest(OzoneManagerProtocolServerSideTranslatorPB.java:100)
	at org.apache.hadoop.ozone.protocol.proto.OzoneManagerProtocolProtos$OzoneManagerService$2.callBlockingMethod(OzoneManagerProtocolProtos.java)
	at org.apache.hadoop.ipc.ProtobufRpcEngine$Server$ProtoBufRpcInvoker.call(ProtobufRpcEngine.java:524)
	at org.apache.hadoop.ipc.RPC$Server.call(RPC.java:1025)
	at org.apache.hadoop.ipc.Server$RpcCall.run(Server.java:876)
	at org.apache.hadoop.ipc.Server$RpcCall.run(Server.java:822)
	at java.security.AccessController.doPrivileged(Native Method)
	at javax.security.auth.Subject.doAs(Subject.java:422)
	at org.apache.hadoop.security.UserGroupInformation.doAs(UserGroupInformation.java:1730)
	at org.apache.hadoop.ipc.Server$Handler.run(Server.java:2682)
2019-10-16 06:06:19,995 [main] INFO  retry.RetryInvocationHandler (RetryInvocationHandler.java:log(411)) - com.google.protobuf.ServiceException: org.apache.hadoop.ipc.RemoteException(java.lang.IllegalMonitorStateException): Releasing lock on resource /vol-a-07731/buc-a-85284 without acquiring lock
	at org.apache.hadoop.ozone.lock.LockManager.getLockForReleasing(LockManager.java:220)
	at org.apache.hadoop.ozone.lock.LockManager.release(LockManager.java:168)
	at org.apache.hadoop.ozone.lock.LockManager.writeUnlock(LockManager.java:148)
	at org.apache.hadoop.ozone.om.lock.OzoneManagerLock.unlock(OzoneManagerLock.java:364)
	at org.apache.hadoop.ozone.om.lock.OzoneManagerLock.releaseWriteLock(OzoneManagerLock.java:329)
	at org.apache.hadoop.ozone.om.request.key.OMKeyCommitRequest.validateAndUpdateCache(OMKeyCommitRequest.java:177)
	at org.apache.hadoop.ozone.protocolPB.OzoneManagerProtocolServerSideTranslatorPB.submitRequestDirectlyToOM(OzoneManagerProtocolServerSideTranslatorPB.java:219)
	at org.apache.hadoop.ozone.protocolPB.OzoneManagerProtocolServerSideTranslatorPB.processRequest(OzoneManagerProtocolServerSideTranslatorPB.java:134)
	at org.apache.hadoop.hdds.server.OzoneProtocolMessageDispatcher.processRequest(OzoneProtocolMessageDispatcher.java:72)
	at org.apache.hadoop.ozone.protocolPB.OzoneManagerProtocolServerSideTranslatorPB.submitRequest(OzoneManagerProtocolServerSideTranslatorPB.java:100)
	at org.apache.hadoop.ozone.protocol.proto.OzoneManagerProtocolProtos$OzoneManagerService$2.callBlockingMethod(OzoneManagerProtocolProtos.java)
	at org.apache.hadoop.ipc.ProtobufRpcEngine$Server$ProtoBufRpcInvoker.call(ProtobufRpcEngine.java:524)
	at org.apache.hadoop.ipc.RPC$Server.call(RPC.java:1025)
	at org.apache.hadoop.ipc.Server$RpcCall.run(Server.java:876)
	at org.apache.hadoop.ipc.Server$RpcCall.run(Server.java:822)
	at java.security.AccessController.doPrivileged(Native Method)
	at javax.security.auth.Subject.doAs(Subject.java:422)
	at org.apache.hadoop.security.UserGroupInformation.doAs(UserGroupInformation.java:1730)
	at org.apache.hadoop.ipc.Server$Handler.run(Server.java:2682)
, while invoking $Proxy37.submitRequest over nodeId=null,nodeAddress=localhost:42894 after 5 failover attempts. Trying to failover immediately.
2019-10-16 06:06:19,995 [IPC Server handler 16 on 42894] ERROR lock.LockManager (LockManager.java:getLockForReleasing(218)) - Trying to release the lock on /vol-a-07731/buc-a-85284, which was never acquired.
2019-10-16 06:06:19,996 [IPC Server handler 16 on 42894] WARN  ipc.Server (Server.java:logException(2724)) - IPC Server handler 16 on 42894, call Call#3500 Retry#6 org.apache.hadoop.ozone.om.protocol.OzoneManagerProtocol.submitRequest from 127.0.0.1:60690
java.lang.IllegalMonitorStateException: Releasing lock on resource /vol-a-07731/buc-a-85284 without acquiring lock
	at org.apache.hadoop.ozone.lock.LockManager.getLockForReleasing(LockManager.java:220)
	at org.apache.hadoop.ozone.lock.LockManager.release(LockManager.java:168)
	at org.apache.hadoop.ozone.lock.LockManager.writeUnlock(LockManager.java:148)
	at org.apache.hadoop.ozone.om.lock.OzoneManagerLock.unlock(OzoneManagerLock.java:364)
	at org.apache.hadoop.ozone.om.lock.OzoneManagerLock.releaseWriteLock(OzoneManagerLock.java:329)
	at org.apache.hadoop.ozone.om.request.key.OMKeyCommitRequest.validateAndUpdateCache(OMKeyCommitRequest.java:177)
	at org.apache.hadoop.ozone.protocolPB.OzoneManagerProtocolServerSideTranslatorPB.submitRequestDirectlyToOM(OzoneManagerProtocolServerSideTranslatorPB.java:219)
	at org.apache.hadoop.ozone.protocolPB.OzoneManagerProtocolServerSideTranslatorPB.processRequest(OzoneManagerProtocolServerSideTranslatorPB.java:134)
	at org.apache.hadoop.hdds.server.OzoneProtocolMessageDispatcher.processRequest(OzoneProtocolMessageDispatcher.java:72)
	at org.apache.hadoop.ozone.protocolPB.OzoneManagerProtocolServerSideTranslatorPB.submitRequest(OzoneManagerProtocolServerSideTranslatorPB.java:100)
	at org.apache.hadoop.ozone.protocol.proto.OzoneManagerProtocolProtos$OzoneManagerService$2.callBlockingMethod(OzoneManagerProtocolProtos.java)
	at org.apache.hadoop.ipc.ProtobufRpcEngine$Server$ProtoBufRpcInvoker.call(ProtobufRpcEngine.java:524)
	at org.apache.hadoop.ipc.RPC$Server.call(RPC.java:1025)
	at org.apache.hadoop.ipc.Server$RpcCall.run(Server.java:876)
	at org.apache.hadoop.ipc.Server$RpcCall.run(Server.java:822)
	at java.security.AccessController.doPrivileged(Native Method)
	at javax.security.auth.Subject.doAs(Subject.java:422)
	at org.apache.hadoop.security.UserGroupInformation.doAs(UserGroupInformation.java:1730)
	at org.apache.hadoop.ipc.Server$Handler.run(Server.java:2682)
2019-10-16 06:06:19,996 [main] INFO  retry.RetryInvocationHandler (RetryInvocationHandler.java:log(411)) - com.google.protobuf.ServiceException: org.apache.hadoop.ipc.RemoteException(java.lang.IllegalMonitorStateException): Releasing lock on resource /vol-a-07731/buc-a-85284 without acquiring lock
	at org.apache.hadoop.ozone.lock.LockManager.getLockForReleasing(LockManager.java:220)
	at org.apache.hadoop.ozone.lock.LockManager.release(LockManager.java:168)
	at org.apache.hadoop.ozone.lock.LockManager.writeUnlock(LockManager.java:148)
	at org.apache.hadoop.ozone.om.lock.OzoneManagerLock.unlock(OzoneManagerLock.java:364)
	at org.apache.hadoop.ozone.om.lock.OzoneManagerLock.releaseWriteLock(OzoneManagerLock.java:329)
	at org.apache.hadoop.ozone.om.request.key.OMKeyCommitRequest.validateAndUpdateCache(OMKeyCommitRequest.java:177)
	at org.apache.hadoop.ozone.protocolPB.OzoneManagerProtocolServerSideTranslatorPB.submitRequestDirectlyToOM(OzoneManagerProtocolServerSideTranslatorPB.java:219)
	at org.apache.hadoop.ozone.protocolPB.OzoneManagerProtocolServerSideTranslatorPB.processRequest(OzoneManagerProtocolServerSideTranslatorPB.java:134)
	at org.apache.hadoop.hdds.server.OzoneProtocolMessageDispatcher.processRequest(OzoneProtocolMessageDispatcher.java:72)
	at org.apache.hadoop.ozone.protocolPB.OzoneManagerProtocolServerSideTranslatorPB.submitRequest(OzoneManagerProtocolServerSideTranslatorPB.java:100)
	at org.apache.hadoop.ozone.protocol.proto.OzoneManagerProtocolProtos$OzoneManagerService$2.callBlockingMethod(OzoneManagerProtocolProtos.java)
	at org.apache.hadoop.ipc.ProtobufRpcEngine$Server$ProtoBufRpcInvoker.call(ProtobufRpcEngine.java:524)
	at org.apache.hadoop.ipc.RPC$Server.call(RPC.java:1025)
	at org.apache.hadoop.ipc.Server$RpcCall.run(Server.java:876)
	at org.apache.hadoop.ipc.Server$RpcCall.run(Server.java:822)
	at java.security.AccessController.doPrivileged(Native Method)
	at javax.security.auth.Subject.doAs(Subject.java:422)
	at org.apache.hadoop.security.UserGroupInformation.doAs(UserGroupInformation.java:1730)
	at org.apache.hadoop.ipc.Server$Handler.run(Server.java:2682)
, while invoking $Proxy37.submitRequest over nodeId=null,nodeAddress=localhost:42894 after 6 failover attempts. Trying to failover immediately.
2019-10-16 06:06:19,997 [IPC Server handler 8 on 42894] ERROR lock.LockManager (LockManager.java:getLockForReleasing(218)) - Trying to release the lock on /vol-a-07731/buc-a-85284, which was never acquired.
2019-10-16 06:06:19,997 [IPC Server handler 8 on 42894] WARN  ipc.Server (Server.java:logException(2724)) - IPC Server handler 8 on 42894, call Call#3500 Retry#7 org.apache.hadoop.ozone.om.protocol.OzoneManagerProtocol.submitRequest from 127.0.0.1:60690
java.lang.IllegalMonitorStateException: Releasing lock on resource /vol-a-07731/buc-a-85284 without acquiring lock
	at org.apache.hadoop.ozone.lock.LockManager.getLockForReleasing(LockManager.java:220)
	at org.apache.hadoop.ozone.lock.LockManager.release(LockManager.java:168)
	at org.apache.hadoop.ozone.lock.LockManager.writeUnlock(LockManager.java:148)
	at org.apache.hadoop.ozone.om.lock.OzoneManagerLock.unlock(OzoneManagerLock.java:364)
	at org.apache.hadoop.ozone.om.lock.OzoneManagerLock.releaseWriteLock(OzoneManagerLock.java:329)
	at org.apache.hadoop.ozone.om.request.key.OMKeyCommitRequest.validateAndUpdateCache(OMKeyCommitRequest.java:177)
	at org.apache.hadoop.ozone.protocolPB.OzoneManagerProtocolServerSideTranslatorPB.submitRequestDirectlyToOM(OzoneManagerProtocolServerSideTranslatorPB.java:219)
	at org.apache.hadoop.ozone.protocolPB.OzoneManagerProtocolServerSideTranslatorPB.processRequest(OzoneManagerProtocolServerSideTranslatorPB.java:134)
	at org.apache.hadoop.hdds.server.OzoneProtocolMessageDispatcher.processRequest(OzoneProtocolMessageDispatcher.java:72)
	at org.apache.hadoop.ozone.protocolPB.OzoneManagerProtocolServerSideTranslatorPB.submitRequest(OzoneManagerProtocolServerSideTranslatorPB.java:100)
	at org.apache.hadoop.ozone.protocol.proto.OzoneManagerProtocolProtos$OzoneManagerService$2.callBlockingMethod(OzoneManagerProtocolProtos.java)
	at org.apache.hadoop.ipc.ProtobufRpcEngine$Server$ProtoBufRpcInvoker.call(ProtobufRpcEngine.java:524)
	at org.apache.hadoop.ipc.RPC$Server.call(RPC.java:1025)
	at org.apache.hadoop.ipc.Server$RpcCall.run(Server.java:876)
	at org.apache.hadoop.ipc.Server$RpcCall.run(Server.java:822)
	at java.security.AccessController.doPrivileged(Native Method)
	at javax.security.auth.Subject.doAs(Subject.java:422)
	at org.apache.hadoop.security.UserGroupInformation.doAs(UserGroupInformation.java:1730)
	at org.apache.hadoop.ipc.Server$Handler.run(Server.java:2682)
2019-10-16 06:06:19,997 [main] INFO  retry.RetryInvocationHandler (RetryInvocationHandler.java:log(411)) - com.google.protobuf.ServiceException: org.apache.hadoop.ipc.RemoteException(java.lang.IllegalMonitorStateException): Releasing lock on resource /vol-a-07731/buc-a-85284 without acquiring lock
	at org.apache.hadoop.ozone.lock.LockManager.getLockForReleasing(LockManager.java:220)
	at org.apache.hadoop.ozone.lock.LockManager.release(LockManager.java:168)
	at org.apache.hadoop.ozone.lock.LockManager.writeUnlock(LockManager.java:148)
	at org.apache.hadoop.ozone.om.lock.OzoneManagerLock.unlock(OzoneManagerLock.java:364)
	at org.apache.hadoop.ozone.om.lock.OzoneManagerLock.releaseWriteLock(OzoneManagerLock.java:329)
	at org.apache.hadoop.ozone.om.request.key.OMKeyCommitRequest.validateAndUpdateCache(OMKeyCommitRequest.java:177)
	at org.apache.hadoop.ozone.protocolPB.OzoneManagerProtocolServerSideTranslatorPB.submitRequestDirectlyToOM(OzoneManagerProtocolServerSideTranslatorPB.java:219)
	at org.apache.hadoop.ozone.protocolPB.OzoneManagerProtocolServerSideTranslatorPB.processRequest(OzoneManagerProtocolServerSideTranslatorPB.java:134)
	at org.apache.hadoop.hdds.server.OzoneProtocolMessageDispatcher.processRequest(OzoneProtocolMessageDispatcher.java:72)
	at org.apache.hadoop.ozone.protocolPB.OzoneManagerProtocolServerSideTranslatorPB.submitRequest(OzoneManagerProtocolServerSideTranslatorPB.java:100)
	at org.apache.hadoop.ozone.protocol.proto.OzoneManagerProtocolProtos$OzoneManagerService$2.callBlockingMethod(OzoneManagerProtocolProtos.java)
	at org.apache.hadoop.ipc.ProtobufRpcEngine$Server$ProtoBufRpcInvoker.call(ProtobufRpcEngine.java:524)
	at org.apache.hadoop.ipc.RPC$Server.call(RPC.java:1025)
	at org.apache.hadoop.ipc.Server$RpcCall.run(Server.java:876)
	at org.apache.hadoop.ipc.Server$RpcCall.run(Server.java:822)
	at java.security.AccessController.doPrivileged(Native Method)
	at javax.security.auth.Subject.doAs(Subject.java:422)
	at org.apache.hadoop.security.UserGroupInformation.doAs(UserGroupInformation.java:1730)
	at org.apache.hadoop.ipc.Server$Handler.run(Server.java:2682)
, while invoking $Proxy37.submitRequest over nodeId=null,nodeAddress=localhost:42894 after 7 failover attempts. Trying to failover immediately.
2019-10-16 06:06:19,998 [IPC Server handler 6 on 42894] ERROR lock.LockManager (LockManager.java:getLockForReleasing(218)) - Trying to release the lock on /vol-a-07731/buc-a-85284, which was never acquired.
2019-10-16 06:06:19,998 [IPC Server handler 6 on 42894] WARN  ipc.Server (Server.java:logException(2724)) - IPC Server handler 6 on 42894, call Call#3500 Retry#8 org.apache.hadoop.ozone.om.protocol.OzoneManagerProtocol.submitRequest from 127.0.0.1:60690
java.lang.IllegalMonitorStateException: Releasing lock on resource /vol-a-07731/buc-a-85284 without acquiring lock
	at org.apache.hadoop.ozone.lock.LockManager.getLockForReleasing(LockManager.java:220)
	at org.apache.hadoop.ozone.lock.LockManager.release(LockManager.java:168)
	at org.apache.hadoop.ozone.lock.LockManager.writeUnlock(LockManager.java:148)
	at org.apache.hadoop.ozone.om.lock.OzoneManagerLock.unlock(OzoneManagerLock.java:364)
	at org.apache.hadoop.ozone.om.lock.OzoneManagerLock.releaseWriteLock(OzoneManagerLock.java:329)
	at org.apache.hadoop.ozone.om.request.key.OMKeyCommitRequest.validateAndUpdateCache(OMKeyCommitRequest.java:177)
	at org.apache.hadoop.ozone.protocolPB.OzoneManagerProtocolServerSideTranslatorPB.submitRequestDirectlyToOM(OzoneManagerProtocolServerSideTranslatorPB.java:219)
	at org.apache.hadoop.ozone.protocolPB.OzoneManagerProtocolServerSideTranslatorPB.processRequest(OzoneManagerProtocolServerSideTranslatorPB.java:134)
	at org.apache.hadoop.hdds.server.OzoneProtocolMessageDispatcher.processRequest(OzoneProtocolMessageDispatcher.java:72)
	at org.apache.hadoop.ozone.protocolPB.OzoneManagerProtocolServerSideTranslatorPB.submitRequest(OzoneManagerProtocolServerSideTranslatorPB.java:100)
	at org.apache.hadoop.ozone.protocol.proto.OzoneManagerProtocolProtos$OzoneManagerService$2.callBlockingMethod(OzoneManagerProtocolProtos.java)
	at org.apache.hadoop.ipc.ProtobufRpcEngine$Server$ProtoBufRpcInvoker.call(ProtobufRpcEngine.java:524)
	at org.apache.hadoop.ipc.RPC$Server.call(RPC.java:1025)
	at org.apache.hadoop.ipc.Server$RpcCall.run(Server.java:876)
	at org.apache.hadoop.ipc.Server$RpcCall.run(Server.java:822)
	at java.security.AccessController.doPrivileged(Native Method)
	at javax.security.auth.Subject.doAs(Subject.java:422)
	at org.apache.hadoop.security.UserGroupInformation.doAs(UserGroupInformation.java:1730)
	at org.apache.hadoop.ipc.Server$Handler.run(Server.java:2682)
2019-10-16 06:06:19,999 [main] INFO  retry.RetryInvocationHandler (RetryInvocationHandler.java:log(411)) - com.google.protobuf.ServiceException: org.apache.hadoop.ipc.RemoteException(java.lang.IllegalMonitorStateException): Releasing lock on resource /vol-a-07731/buc-a-85284 without acquiring lock
	at org.apache.hadoop.ozone.lock.LockManager.getLockForReleasing(LockManager.java:220)
	at org.apache.hadoop.ozone.lock.LockManager.release(LockManager.java:168)
	at org.apache.hadoop.ozone.lock.LockManager.writeUnlock(LockManager.java:148)
	at org.apache.hadoop.ozone.om.lock.OzoneManagerLock.unlock(OzoneManagerLock.java:364)
	at org.apache.hadoop.ozone.om.lock.OzoneManagerLock.releaseWriteLock(OzoneManagerLock.java:329)
	at org.apache.hadoop.ozone.om.request.key.OMKeyCommitRequest.validateAndUpdateCache(OMKeyCommitRequest.java:177)
	at org.apache.hadoop.ozone.protocolPB.OzoneManagerProtocolServerSideTranslatorPB.submitRequestDirectlyToOM(OzoneManagerProtocolServerSideTranslatorPB.java:219)
	at org.apache.hadoop.ozone.protocolPB.OzoneManagerProtocolServerSideTranslatorPB.processRequest(OzoneManagerProtocolServerSideTranslatorPB.java:134)
	at org.apache.hadoop.hdds.server.OzoneProtocolMessageDispatcher.processRequest(OzoneProtocolMessageDispatcher.java:72)
	at org.apache.hadoop.ozone.protocolPB.OzoneManagerProtocolServerSideTranslatorPB.submitRequest(OzoneManagerProtocolServerSideTranslatorPB.java:100)
	at org.apache.hadoop.ozone.protocol.proto.OzoneManagerProtocolProtos$OzoneManagerService$2.callBlockingMethod(OzoneManagerProtocolProtos.java)
	at org.apache.hadoop.ipc.ProtobufRpcEngine$Server$ProtoBufRpcInvoker.call(ProtobufRpcEngine.java:524)
	at org.apache.hadoop.ipc.RPC$Server.call(RPC.java:1025)
	at org.apache.hadoop.ipc.Server$RpcCall.run(Server.java:876)
	at org.apache.hadoop.ipc.Server$RpcCall.run(Server.java:822)
	at java.security.AccessController.doPrivileged(Native Method)
	at javax.security.auth.Subject.doAs(Subject.java:422)
	at org.apache.hadoop.security.UserGroupInformation.doAs(UserGroupInformation.java:1730)
	at org.apache.hadoop.ipc.Server$Handler.run(Server.java:2682)
, while invoking $Proxy37.submitRequest over nodeId=null,nodeAddress=localhost:42894 after 8 failover attempts. Trying to failover immediately.
2019-10-16 06:06:19,999 [IPC Server handler 15 on 42894] ERROR lock.LockManager (LockManager.java:getLockForReleasing(218)) - Trying to release the lock on /vol-a-07731/buc-a-85284, which was never acquired.
2019-10-16 06:06:20,000 [IPC Server handler 15 on 42894] WARN  ipc.Server (Server.java:logException(2724)) - IPC Server handler 15 on 42894, call Call#3500 Retry#9 org.apache.hadoop.ozone.om.protocol.OzoneManagerProtocol.submitRequest from 127.0.0.1:60690
java.lang.IllegalMonitorStateException: Releasing lock on resource /vol-a-07731/buc-a-85284 without acquiring lock
	at org.apache.hadoop.ozone.lock.LockManager.getLockForReleasing(LockManager.java:220)
	at org.apache.hadoop.ozone.lock.LockManager.release(LockManager.java:168)
	at org.apache.hadoop.ozone.lock.LockManager.writeUnlock(LockManager.java:148)
	at org.apache.hadoop.ozone.om.lock.OzoneManagerLock.unlock(OzoneManagerLock.java:364)
	at org.apache.hadoop.ozone.om.lock.OzoneManagerLock.releaseWriteLock(OzoneManagerLock.java:329)
	at org.apache.hadoop.ozone.om.request.key.OMKeyCommitRequest.validateAndUpdateCache(OMKeyCommitRequest.java:177)
	at org.apache.hadoop.ozone.protocolPB.OzoneManagerProtocolServerSideTranslatorPB.submitRequestDirectlyToOM(OzoneManagerProtocolServerSideTranslatorPB.java:219)
	at org.apache.hadoop.ozone.protocolPB.OzoneManagerProtocolServerSideTranslatorPB.processRequest(OzoneManagerProtocolServerSideTranslatorPB.java:134)
	at org.apache.hadoop.hdds.server.OzoneProtocolMessageDispatcher.processRequest(OzoneProtocolMessageDispatcher.java:72)
	at org.apache.hadoop.ozone.protocolPB.OzoneManagerProtocolServerSideTranslatorPB.submitRequest(OzoneManagerProtocolServerSideTranslatorPB.java:100)
	at org.apache.hadoop.ozone.protocol.proto.OzoneManagerProtocolProtos$OzoneManagerService$2.callBlockingMethod(OzoneManagerProtocolProtos.java)
	at org.apache.hadoop.ipc.ProtobufRpcEngine$Server$ProtoBufRpcInvoker.call(ProtobufRpcEngine.java:524)
	at org.apache.hadoop.ipc.RPC$Server.call(RPC.java:1025)
	at org.apache.hadoop.ipc.Server$RpcCall.run(Server.java:876)
	at org.apache.hadoop.ipc.Server$RpcCall.run(Server.java:822)
	at java.security.AccessController.doPrivileged(Native Method)
	at javax.security.auth.Subject.doAs(Subject.java:422)
	at org.apache.hadoop.security.UserGroupInformation.doAs(UserGroupInformation.java:1730)
	at org.apache.hadoop.ipc.Server$Handler.run(Server.java:2682)
2019-10-16 06:06:20,000 [main] INFO  retry.RetryInvocationHandler (RetryInvocationHandler.java:log(411)) - com.google.protobuf.ServiceException: org.apache.hadoop.ipc.RemoteException(java.lang.IllegalMonitorStateException): Releasing lock on resource /vol-a-07731/buc-a-85284 without acquiring lock
	at org.apache.hadoop.ozone.lock.LockManager.getLockForReleasing(LockManager.java:220)
	at org.apache.hadoop.ozone.lock.LockManager.release(LockManager.java:168)
	at org.apache.hadoop.ozone.lock.LockManager.writeUnlock(LockManager.java:148)
	at org.apache.hadoop.ozone.om.lock.OzoneManagerLock.unlock(OzoneManagerLock.java:364)
	at org.apache.hadoop.ozone.om.lock.OzoneManagerLock.releaseWriteLock(OzoneManagerLock.java:329)
	at org.apache.hadoop.ozone.om.request.key.OMKeyCommitRequest.validateAndUpdateCache(OMKeyCommitRequest.java:177)
	at org.apache.hadoop.ozone.protocolPB.OzoneManagerProtocolServerSideTranslatorPB.submitRequestDirectlyToOM(OzoneManagerProtocolServerSideTranslatorPB.java:219)
	at org.apache.hadoop.ozone.protocolPB.OzoneManagerProtocolServerSideTranslatorPB.processRequest(OzoneManagerProtocolServerSideTranslatorPB.java:134)
	at org.apache.hadoop.hdds.server.OzoneProtocolMessageDispatcher.processRequest(OzoneProtocolMessageDispatcher.java:72)
	at org.apache.hadoop.ozone.protocolPB.OzoneManagerProtocolServerSideTranslatorPB.submitRequest(OzoneManagerProtocolServerSideTranslatorPB.java:100)
	at org.apache.hadoop.ozone.protocol.proto.OzoneManagerProtocolProtos$OzoneManagerService$2.callBlockingMethod(OzoneManagerProtocolProtos.java)
	at org.apache.hadoop.ipc.ProtobufRpcEngine$Server$ProtoBufRpcInvoker.call(ProtobufRpcEngine.java:524)
	at org.apache.hadoop.ipc.RPC$Server.call(RPC.java:1025)
	at org.apache.hadoop.ipc.Server$RpcCall.run(Server.java:876)
	at org.apache.hadoop.ipc.Server$RpcCall.run(Server.java:822)
	at java.security.AccessController.doPrivileged(Native Method)
	at javax.security.auth.Subject.doAs(Subject.java:422)
	at org.apache.hadoop.security.UserGroupInformation.doAs(UserGroupInformation.java:1730)
	at org.apache.hadoop.ipc.Server$Handler.run(Server.java:2682)
, while invoking $Proxy37.submitRequest over nodeId=null,nodeAddress=localhost:42894 after 9 failover attempts. Trying to failover immediately.
2019-10-16 06:06:20,001 [IPC Server handler 2 on 42894] ERROR lock.LockManager (LockManager.java:getLockForReleasing(218)) - Trying to release the lock on /vol-a-07731/buc-a-85284, which was never acquired.
2019-10-16 06:06:20,001 [IPC Server handler 2 on 42894] WARN  ipc.Server (Server.java:logException(2724)) - IPC Server handler 2 on 42894, call Call#3500 Retry#10 org.apache.hadoop.ozone.om.protocol.OzoneManagerProtocol.submitRequest from 127.0.0.1:60690
java.lang.IllegalMonitorStateException: Releasing lock on resource /vol-a-07731/buc-a-85284 without acquiring lock
	at org.apache.hadoop.ozone.lock.LockManager.getLockForReleasing(LockManager.java:220)
	at org.apache.hadoop.ozone.lock.LockManager.release(LockManager.java:168)
	at org.apache.hadoop.ozone.lock.LockManager.writeUnlock(LockManager.java:148)
	at org.apache.hadoop.ozone.om.lock.OzoneManagerLock.unlock(OzoneManagerLock.java:364)
	at org.apache.hadoop.ozone.om.lock.OzoneManagerLock.releaseWriteLock(OzoneManagerLock.java:329)
	at org.apache.hadoop.ozone.om.request.key.OMKeyCommitRequest.validateAndUpdateCache(OMKeyCommitRequest.java:177)
	at org.apache.hadoop.ozone.protocolPB.OzoneManagerProtocolServerSideTranslatorPB.submitRequestDirectlyToOM(OzoneManagerProtocolServerSideTranslatorPB.java:219)
	at org.apache.hadoop.ozone.protocolPB.OzoneManagerProtocolServerSideTranslatorPB.processRequest(OzoneManagerProtocolServerSideTranslatorPB.java:134)
	at org.apache.hadoop.hdds.server.OzoneProtocolMessageDispatcher.processRequest(OzoneProtocolMessageDispatcher.java:72)
	at org.apache.hadoop.ozone.protocolPB.OzoneManagerProtocolServerSideTranslatorPB.submitRequest(OzoneManagerProtocolServerSideTranslatorPB.java:100)
	at org.apache.hadoop.ozone.protocol.proto.OzoneManagerProtocolProtos$OzoneManagerService$2.callBlockingMethod(OzoneManagerProtocolProtos.java)
	at org.apache.hadoop.ipc.ProtobufRpcEngine$Server$ProtoBufRpcInvoker.call(ProtobufRpcEngine.java:524)
	at org.apache.hadoop.ipc.RPC$Server.call(RPC.java:1025)
	at org.apache.hadoop.ipc.Server$RpcCall.run(Server.java:876)
	at org.apache.hadoop.ipc.Server$RpcCall.run(Server.java:822)
	at java.security.AccessController.doPrivileged(Native Method)
	at javax.security.auth.Subject.doAs(Subject.java:422)
	at org.apache.hadoop.security.UserGroupInformation.doAs(UserGroupInformation.java:1730)
	at org.apache.hadoop.ipc.Server$Handler.run(Server.java:2682)
2019-10-16 06:06:20,001 [main] ERROR ha.OMFailoverProxyProvider (OzoneManagerProtocolClientSideTranslatorPB.java:getRetryAction(268)) - Failed to connect to OM. Attempted 10 retries and 10 failovers
]]></system-out>
  </testcase>
  <testcase name="testListPartsInvalidPartMarker" classname="org.apache.hadoop.ozone.client.rpc.TestSecureOzoneRpcClient" time="0.005"/>
  <testcase name="testMultipartUploadWithPartsLessThanMinSize" classname="org.apache.hadoop.ozone.client.rpc.TestSecureOzoneRpcClient" time="0.031"/>
  <testcase name="testPutKeyRatisOneNode" classname="org.apache.hadoop.ozone.client.rpc.TestSecureOzoneRpcClient" time="0.253">
    <error message="Releasing lock on resource /2a121886-2525-4782-af57-dafda70f230e/0a9c2e8c-111e-4658-bbae-c8bcffd8d878 without acquiring lock&#10;	at org.apache.hadoop.ozone.lock.LockManager.getLockForReleasing(LockManager.java:220)&#10;	at org.apache.hadoop.ozone.lock.LockManager.release(LockManager.java:168)&#10;	at org.apache.hadoop.ozone.lock.LockManager.writeUnlock(LockManager.java:148)&#10;	at org.apache.hadoop.ozone.om.lock.OzoneManagerLock.unlock(OzoneManagerLock.java:364)&#10;	at org.apache.hadoop.ozone.om.lock.OzoneManagerLock.releaseWriteLock(OzoneManagerLock.java:329)&#10;	at org.apache.hadoop.ozone.om.request.key.OMKeyCommitRequest.validateAndUpdateCache(OMKeyCommitRequest.java:177)&#10;	at org.apache.hadoop.ozone.protocolPB.OzoneManagerProtocolServerSideTranslatorPB.submitRequestDirectlyToOM(OzoneManagerProtocolServerSideTranslatorPB.java:219)&#10;	at org.apache.hadoop.ozone.protocolPB.OzoneManagerProtocolServerSideTranslatorPB.processRequest(OzoneManagerProtocolServerSideTranslatorPB.java:134)&#10;	at org.apache.hadoop.hdds.server.OzoneProtocolMessageDispatcher.processRequest(OzoneProtocolMessageDispatcher.java:72)&#10;	at org.apache.hadoop.ozone.protocolPB.OzoneManagerProtocolServerSideTranslatorPB.submitRequest(OzoneManagerProtocolServerSideTranslatorPB.java:100)&#10;	at org.apache.hadoop.ozone.protocol.proto.OzoneManagerProtocolProtos$OzoneManagerService$2.callBlockingMethod(OzoneManagerProtocolProtos.java)&#10;	at org.apache.hadoop.ipc.ProtobufRpcEngine$Server$ProtoBufRpcInvoker.call(ProtobufRpcEngine.java:524)&#10;	at org.apache.hadoop.ipc.RPC$Server.call(RPC.java:1025)&#10;	at org.apache.hadoop.ipc.Server$RpcCall.run(Server.java:876)&#10;	at org.apache.hadoop.ipc.Server$RpcCall.run(Server.java:822)&#10;	at java.security.AccessController.doPrivileged(Native Method)&#10;	at javax.security.auth.Subject.doAs(Subject.java:422)&#10;	at org.apache.hadoop.security.UserGroupInformation.doAs(UserGroupInformation.java:1730)&#10;	at org.apache.hadoop.ipc.Server$Handler.run(Server.java:2682)&#10;" type="org.apache.hadoop.ipc.RemoteException(java.lang.IllegalMonitorStateException)">org.apache.hadoop.ipc.RemoteException(java.lang.IllegalMonitorStateException): Releasing lock on resource /2a121886-2525-4782-af57-dafda70f230e/0a9c2e8c-111e-4658-bbae-c8bcffd8d878 without acquiring lock
	at org.apache.hadoop.ozone.lock.LockManager.getLockForReleasing(LockManager.java:220)
	at org.apache.hadoop.ozone.lock.LockManager.release(LockManager.java:168)
	at org.apache.hadoop.ozone.lock.LockManager.writeUnlock(LockManager.java:148)
	at org.apache.hadoop.ozone.om.lock.OzoneManagerLock.unlock(OzoneManagerLock.java:364)
	at org.apache.hadoop.ozone.om.lock.OzoneManagerLock.releaseWriteLock(OzoneManagerLock.java:329)
	at org.apache.hadoop.ozone.om.request.key.OMKeyCommitRequest.validateAndUpdateCache(OMKeyCommitRequest.java:177)
	at org.apache.hadoop.ozone.protocolPB.OzoneManagerProtocolServerSideTranslatorPB.submitRequestDirectlyToOM(OzoneManagerProtocolServerSideTranslatorPB.java:219)
	at org.apache.hadoop.ozone.protocolPB.OzoneManagerProtocolServerSideTranslatorPB.processRequest(OzoneManagerProtocolServerSideTranslatorPB.java:134)
	at org.apache.hadoop.hdds.server.OzoneProtocolMessageDispatcher.processRequest(OzoneProtocolMessageDispatcher.java:72)
	at org.apache.hadoop.ozone.protocolPB.OzoneManagerProtocolServerSideTranslatorPB.submitRequest(OzoneManagerProtocolServerSideTranslatorPB.java:100)
	at org.apache.hadoop.ozone.protocol.proto.OzoneManagerProtocolProtos$OzoneManagerService$2.callBlockingMethod(OzoneManagerProtocolProtos.java)
	at org.apache.hadoop.ipc.ProtobufRpcEngine$Server$ProtoBufRpcInvoker.call(ProtobufRpcEngine.java:524)
	at org.apache.hadoop.ipc.RPC$Server.call(RPC.java:1025)
	at org.apache.hadoop.ipc.Server$RpcCall.run(Server.java:876)
	at org.apache.hadoop.ipc.Server$RpcCall.run(Server.java:822)
	at java.security.AccessController.doPrivileged(Native Method)
	at javax.security.auth.Subject.doAs(Subject.java:422)
	at org.apache.hadoop.security.UserGroupInformation.doAs(UserGroupInformation.java:1730)
	at org.apache.hadoop.ipc.Server$Handler.run(Server.java:2682)

	at org.apache.hadoop.ipc.Client.getRpcResponse(Client.java:1511)
	at org.apache.hadoop.ipc.Client.call(Client.java:1457)
	at org.apache.hadoop.ipc.Client.call(Client.java:1367)
	at org.apache.hadoop.ipc.ProtobufRpcEngine$Invoker.invoke(ProtobufRpcEngine.java:228)
	at org.apache.hadoop.ipc.ProtobufRpcEngine$Invoker.invoke(ProtobufRpcEngine.java:116)
	at com.sun.proxy.$Proxy37.submitRequest(Unknown Source)
	at sun.reflect.GeneratedMethodAccessor72.invoke(Unknown Source)
	at sun.reflect.DelegatingMethodAccessorImpl.invoke(DelegatingMethodAccessorImpl.java:43)
	at java.lang.reflect.Method.invoke(Method.java:498)
	at org.apache.hadoop.io.retry.RetryInvocationHandler.invokeMethod(RetryInvocationHandler.java:422)
	at org.apache.hadoop.io.retry.RetryInvocationHandler$Call.invokeMethod(RetryInvocationHandler.java:165)
	at org.apache.hadoop.io.retry.RetryInvocationHandler$Call.invoke(RetryInvocationHandler.java:157)
	at org.apache.hadoop.io.retry.RetryInvocationHandler$Call.invokeOnce(RetryInvocationHandler.java:95)
	at org.apache.hadoop.io.retry.RetryInvocationHandler.invoke(RetryInvocationHandler.java:359)
	at com.sun.proxy.$Proxy37.submitRequest(Unknown Source)
	at org.apache.hadoop.ozone.om.protocolPB.OzoneManagerProtocolClientSideTranslatorPB.submitRequest(OzoneManagerProtocolClientSideTranslatorPB.java:338)
	at org.apache.hadoop.ozone.om.protocolPB.OzoneManagerProtocolClientSideTranslatorPB.commitKey(OzoneManagerProtocolClientSideTranslatorPB.java:789)
	at sun.reflect.NativeMethodAccessorImpl.invoke0(Native Method)
	at sun.reflect.NativeMethodAccessorImpl.invoke(NativeMethodAccessorImpl.java:62)
	at sun.reflect.DelegatingMethodAccessorImpl.invoke(DelegatingMethodAccessorImpl.java:43)
	at java.lang.reflect.Method.invoke(Method.java:498)
	at org.apache.hadoop.hdds.tracing.TraceAllMethod.invoke(TraceAllMethod.java:66)
	at com.sun.proxy.$Proxy38.commitKey(Unknown Source)
	at org.apache.hadoop.ozone.client.io.BlockOutputStreamEntryPool.commitKey(BlockOutputStreamEntryPool.java:277)
	at org.apache.hadoop.ozone.client.io.KeyOutputStream.close(KeyOutputStream.java:474)
	at org.apache.hadoop.ozone.client.io.OzoneOutputStream.close(OzoneOutputStream.java:60)
	at org.apache.hadoop.ozone.client.rpc.TestOzoneRpcClientAbstract.testPutKeyRatisOneNode(TestOzoneRpcClientAbstract.java:769)
	at sun.reflect.NativeMethodAccessorImpl.invoke0(Native Method)
	at sun.reflect.NativeMethodAccessorImpl.invoke(NativeMethodAccessorImpl.java:62)
	at sun.reflect.DelegatingMethodAccessorImpl.invoke(DelegatingMethodAccessorImpl.java:43)
	at java.lang.reflect.Method.invoke(Method.java:498)
	at org.junit.runners.model.FrameworkMethod$1.runReflectiveCall(FrameworkMethod.java:47)
	at org.junit.internal.runners.model.ReflectiveCallable.run(ReflectiveCallable.java:12)
	at org.junit.runners.model.FrameworkMethod.invokeExplosively(FrameworkMethod.java:44)
	at org.junit.internal.runners.statements.InvokeMethod.evaluate(InvokeMethod.java:17)
	at org.junit.runners.ParentRunner.runLeaf(ParentRunner.java:271)
	at org.junit.runners.BlockJUnit4ClassRunner.runChild(BlockJUnit4ClassRunner.java:70)
	at org.junit.runners.BlockJUnit4ClassRunner.runChild(BlockJUnit4ClassRunner.java:50)
	at org.junit.runners.ParentRunner$3.run(ParentRunner.java:238)
	at org.junit.runners.ParentRunner$1.schedule(ParentRunner.java:63)
	at org.junit.runners.ParentRunner.runChildren(ParentRunner.java:236)
	at org.junit.runners.ParentRunner.access$000(ParentRunner.java:53)
	at org.junit.runners.ParentRunner$2.evaluate(ParentRunner.java:229)
	at org.junit.internal.runners.statements.RunBefores.evaluate(RunBefores.java:26)
	at org.junit.internal.runners.statements.RunAfters.evaluate(RunAfters.java:27)
	at org.junit.runners.ParentRunner.run(ParentRunner.java:309)
	at org.apache.maven.surefire.junit4.JUnit4Provider.execute(JUnit4Provider.java:365)
	at org.apache.maven.surefire.junit4.JUnit4Provider.executeWithRerun(JUnit4Provider.java:273)
	at org.apache.maven.surefire.junit4.JUnit4Provider.executeTestSet(JUnit4Provider.java:238)
	at org.apache.maven.surefire.junit4.JUnit4Provider.invoke(JUnit4Provider.java:159)
	at org.apache.maven.surefire.booter.ForkedBooter.invokeProviderInSameClassLoader(ForkedBooter.java:384)
	at org.apache.maven.surefire.booter.ForkedBooter.runSuitesInProcess(ForkedBooter.java:345)
	at org.apache.maven.surefire.booter.ForkedBooter.execute(ForkedBooter.java:126)
	at org.apache.maven.surefire.booter.ForkedBooter.main(ForkedBooter.java:418)
</error>
    <system-out><![CDATA[2019-10-16 06:06:20,039 [main] INFO  rpc.RpcClient (RpcClient.java:createVolume(272)) - Creating Volume: 2a121886-2525-4782-af57-dafda70f230e, with jenkins1000 as owner.
2019-10-16 06:06:20,040 [IPC Server handler 8 on 42894] INFO  volume.OMVolumeCreateRequest (OMVolumeCreateRequest.java:validateAndUpdateCache(193)) - created volume:2a121886-2525-4782-af57-dafda70f230e for user:jenkins1000
2019-10-16 06:06:20,041 [main] INFO  rpc.RpcClient (RpcClient.java:createBucket(411)) - Creating Bucket: 2a121886-2525-4782-af57-dafda70f230e/0a9c2e8c-111e-4658-bbae-c8bcffd8d878, with Versioning false and Storage Type set to DISK and Encryption set to false 
2019-10-16 06:06:20,269 [IPC Server handler 14 on 42894] ERROR lock.LockManager (LockManager.java:getLockForReleasing(218)) - Trying to release the lock on /2a121886-2525-4782-af57-dafda70f230e/0a9c2e8c-111e-4658-bbae-c8bcffd8d878, which was never acquired.
2019-10-16 06:06:20,269 [IPC Server handler 14 on 42894] WARN  ipc.Server (Server.java:logException(2724)) - IPC Server handler 14 on 42894, call Call#3529 Retry#0 org.apache.hadoop.ozone.om.protocol.OzoneManagerProtocol.submitRequest from 127.0.0.1:60690
java.lang.IllegalMonitorStateException: Releasing lock on resource /2a121886-2525-4782-af57-dafda70f230e/0a9c2e8c-111e-4658-bbae-c8bcffd8d878 without acquiring lock
	at org.apache.hadoop.ozone.lock.LockManager.getLockForReleasing(LockManager.java:220)
	at org.apache.hadoop.ozone.lock.LockManager.release(LockManager.java:168)
	at org.apache.hadoop.ozone.lock.LockManager.writeUnlock(LockManager.java:148)
	at org.apache.hadoop.ozone.om.lock.OzoneManagerLock.unlock(OzoneManagerLock.java:364)
	at org.apache.hadoop.ozone.om.lock.OzoneManagerLock.releaseWriteLock(OzoneManagerLock.java:329)
	at org.apache.hadoop.ozone.om.request.key.OMKeyCommitRequest.validateAndUpdateCache(OMKeyCommitRequest.java:177)
	at org.apache.hadoop.ozone.protocolPB.OzoneManagerProtocolServerSideTranslatorPB.submitRequestDirectlyToOM(OzoneManagerProtocolServerSideTranslatorPB.java:219)
	at org.apache.hadoop.ozone.protocolPB.OzoneManagerProtocolServerSideTranslatorPB.processRequest(OzoneManagerProtocolServerSideTranslatorPB.java:134)
	at org.apache.hadoop.hdds.server.OzoneProtocolMessageDispatcher.processRequest(OzoneProtocolMessageDispatcher.java:72)
	at org.apache.hadoop.ozone.protocolPB.OzoneManagerProtocolServerSideTranslatorPB.submitRequest(OzoneManagerProtocolServerSideTranslatorPB.java:100)
	at org.apache.hadoop.ozone.protocol.proto.OzoneManagerProtocolProtos$OzoneManagerService$2.callBlockingMethod(OzoneManagerProtocolProtos.java)
	at org.apache.hadoop.ipc.ProtobufRpcEngine$Server$ProtoBufRpcInvoker.call(ProtobufRpcEngine.java:524)
	at org.apache.hadoop.ipc.RPC$Server.call(RPC.java:1025)
	at org.apache.hadoop.ipc.Server$RpcCall.run(Server.java:876)
	at org.apache.hadoop.ipc.Server$RpcCall.run(Server.java:822)
	at java.security.AccessController.doPrivileged(Native Method)
	at javax.security.auth.Subject.doAs(Subject.java:422)
	at org.apache.hadoop.security.UserGroupInformation.doAs(UserGroupInformation.java:1730)
	at org.apache.hadoop.ipc.Server$Handler.run(Server.java:2682)
2019-10-16 06:06:20,270 [main] INFO  retry.RetryInvocationHandler (RetryInvocationHandler.java:log(411)) - com.google.protobuf.ServiceException: org.apache.hadoop.ipc.RemoteException(java.lang.IllegalMonitorStateException): Releasing lock on resource /2a121886-2525-4782-af57-dafda70f230e/0a9c2e8c-111e-4658-bbae-c8bcffd8d878 without acquiring lock
	at org.apache.hadoop.ozone.lock.LockManager.getLockForReleasing(LockManager.java:220)
	at org.apache.hadoop.ozone.lock.LockManager.release(LockManager.java:168)
	at org.apache.hadoop.ozone.lock.LockManager.writeUnlock(LockManager.java:148)
	at org.apache.hadoop.ozone.om.lock.OzoneManagerLock.unlock(OzoneManagerLock.java:364)
	at org.apache.hadoop.ozone.om.lock.OzoneManagerLock.releaseWriteLock(OzoneManagerLock.java:329)
	at org.apache.hadoop.ozone.om.request.key.OMKeyCommitRequest.validateAndUpdateCache(OMKeyCommitRequest.java:177)
	at org.apache.hadoop.ozone.protocolPB.OzoneManagerProtocolServerSideTranslatorPB.submitRequestDirectlyToOM(OzoneManagerProtocolServerSideTranslatorPB.java:219)
	at org.apache.hadoop.ozone.protocolPB.OzoneManagerProtocolServerSideTranslatorPB.processRequest(OzoneManagerProtocolServerSideTranslatorPB.java:134)
	at org.apache.hadoop.hdds.server.OzoneProtocolMessageDispatcher.processRequest(OzoneProtocolMessageDispatcher.java:72)
	at org.apache.hadoop.ozone.protocolPB.OzoneManagerProtocolServerSideTranslatorPB.submitRequest(OzoneManagerProtocolServerSideTranslatorPB.java:100)
	at org.apache.hadoop.ozone.protocol.proto.OzoneManagerProtocolProtos$OzoneManagerService$2.callBlockingMethod(OzoneManagerProtocolProtos.java)
	at org.apache.hadoop.ipc.ProtobufRpcEngine$Server$ProtoBufRpcInvoker.call(ProtobufRpcEngine.java:524)
	at org.apache.hadoop.ipc.RPC$Server.call(RPC.java:1025)
	at org.apache.hadoop.ipc.Server$RpcCall.run(Server.java:876)
	at org.apache.hadoop.ipc.Server$RpcCall.run(Server.java:822)
	at java.security.AccessController.doPrivileged(Native Method)
	at javax.security.auth.Subject.doAs(Subject.java:422)
	at org.apache.hadoop.security.UserGroupInformation.doAs(UserGroupInformation.java:1730)
	at org.apache.hadoop.ipc.Server$Handler.run(Server.java:2682)
, while invoking $Proxy37.submitRequest over nodeId=null,nodeAddress=localhost:42894. Trying to failover immediately.
2019-10-16 06:06:20,272 [IPC Server handler 4 on 42894] ERROR lock.LockManager (LockManager.java:getLockForReleasing(218)) - Trying to release the lock on /2a121886-2525-4782-af57-dafda70f230e/0a9c2e8c-111e-4658-bbae-c8bcffd8d878, which was never acquired.
2019-10-16 06:06:20,272 [IPC Server handler 4 on 42894] WARN  ipc.Server (Server.java:logException(2724)) - IPC Server handler 4 on 42894, call Call#3529 Retry#1 org.apache.hadoop.ozone.om.protocol.OzoneManagerProtocol.submitRequest from 127.0.0.1:60690
java.lang.IllegalMonitorStateException: Releasing lock on resource /2a121886-2525-4782-af57-dafda70f230e/0a9c2e8c-111e-4658-bbae-c8bcffd8d878 without acquiring lock
	at org.apache.hadoop.ozone.lock.LockManager.getLockForReleasing(LockManager.java:220)
	at org.apache.hadoop.ozone.lock.LockManager.release(LockManager.java:168)
	at org.apache.hadoop.ozone.lock.LockManager.writeUnlock(LockManager.java:148)
	at org.apache.hadoop.ozone.om.lock.OzoneManagerLock.unlock(OzoneManagerLock.java:364)
	at org.apache.hadoop.ozone.om.lock.OzoneManagerLock.releaseWriteLock(OzoneManagerLock.java:329)
	at org.apache.hadoop.ozone.om.request.key.OMKeyCommitRequest.validateAndUpdateCache(OMKeyCommitRequest.java:177)
	at org.apache.hadoop.ozone.protocolPB.OzoneManagerProtocolServerSideTranslatorPB.submitRequestDirectlyToOM(OzoneManagerProtocolServerSideTranslatorPB.java:219)
	at org.apache.hadoop.ozone.protocolPB.OzoneManagerProtocolServerSideTranslatorPB.processRequest(OzoneManagerProtocolServerSideTranslatorPB.java:134)
	at org.apache.hadoop.hdds.server.OzoneProtocolMessageDispatcher.processRequest(OzoneProtocolMessageDispatcher.java:72)
	at org.apache.hadoop.ozone.protocolPB.OzoneManagerProtocolServerSideTranslatorPB.submitRequest(OzoneManagerProtocolServerSideTranslatorPB.java:100)
	at org.apache.hadoop.ozone.protocol.proto.OzoneManagerProtocolProtos$OzoneManagerService$2.callBlockingMethod(OzoneManagerProtocolProtos.java)
	at org.apache.hadoop.ipc.ProtobufRpcEngine$Server$ProtoBufRpcInvoker.call(ProtobufRpcEngine.java:524)
	at org.apache.hadoop.ipc.RPC$Server.call(RPC.java:1025)
	at org.apache.hadoop.ipc.Server$RpcCall.run(Server.java:876)
	at org.apache.hadoop.ipc.Server$RpcCall.run(Server.java:822)
	at java.security.AccessController.doPrivileged(Native Method)
	at javax.security.auth.Subject.doAs(Subject.java:422)
	at org.apache.hadoop.security.UserGroupInformation.doAs(UserGroupInformation.java:1730)
	at org.apache.hadoop.ipc.Server$Handler.run(Server.java:2682)
2019-10-16 06:06:20,273 [main] INFO  retry.RetryInvocationHandler (RetryInvocationHandler.java:log(411)) - com.google.protobuf.ServiceException: org.apache.hadoop.ipc.RemoteException(java.lang.IllegalMonitorStateException): Releasing lock on resource /2a121886-2525-4782-af57-dafda70f230e/0a9c2e8c-111e-4658-bbae-c8bcffd8d878 without acquiring lock
	at org.apache.hadoop.ozone.lock.LockManager.getLockForReleasing(LockManager.java:220)
	at org.apache.hadoop.ozone.lock.LockManager.release(LockManager.java:168)
	at org.apache.hadoop.ozone.lock.LockManager.writeUnlock(LockManager.java:148)
	at org.apache.hadoop.ozone.om.lock.OzoneManagerLock.unlock(OzoneManagerLock.java:364)
	at org.apache.hadoop.ozone.om.lock.OzoneManagerLock.releaseWriteLock(OzoneManagerLock.java:329)
	at org.apache.hadoop.ozone.om.request.key.OMKeyCommitRequest.validateAndUpdateCache(OMKeyCommitRequest.java:177)
	at org.apache.hadoop.ozone.protocolPB.OzoneManagerProtocolServerSideTranslatorPB.submitRequestDirectlyToOM(OzoneManagerProtocolServerSideTranslatorPB.java:219)
	at org.apache.hadoop.ozone.protocolPB.OzoneManagerProtocolServerSideTranslatorPB.processRequest(OzoneManagerProtocolServerSideTranslatorPB.java:134)
	at org.apache.hadoop.hdds.server.OzoneProtocolMessageDispatcher.processRequest(OzoneProtocolMessageDispatcher.java:72)
	at org.apache.hadoop.ozone.protocolPB.OzoneManagerProtocolServerSideTranslatorPB.submitRequest(OzoneManagerProtocolServerSideTranslatorPB.java:100)
	at org.apache.hadoop.ozone.protocol.proto.OzoneManagerProtocolProtos$OzoneManagerService$2.callBlockingMethod(OzoneManagerProtocolProtos.java)
	at org.apache.hadoop.ipc.ProtobufRpcEngine$Server$ProtoBufRpcInvoker.call(ProtobufRpcEngine.java:524)
	at org.apache.hadoop.ipc.RPC$Server.call(RPC.java:1025)
	at org.apache.hadoop.ipc.Server$RpcCall.run(Server.java:876)
	at org.apache.hadoop.ipc.Server$RpcCall.run(Server.java:822)
	at java.security.AccessController.doPrivileged(Native Method)
	at javax.security.auth.Subject.doAs(Subject.java:422)
	at org.apache.hadoop.security.UserGroupInformation.doAs(UserGroupInformation.java:1730)
	at org.apache.hadoop.ipc.Server$Handler.run(Server.java:2682)
, while invoking $Proxy37.submitRequest over nodeId=null,nodeAddress=localhost:42894 after 1 failover attempts. Trying to failover immediately.
2019-10-16 06:06:20,274 [IPC Server handler 10 on 42894] ERROR lock.LockManager (LockManager.java:getLockForReleasing(218)) - Trying to release the lock on /2a121886-2525-4782-af57-dafda70f230e/0a9c2e8c-111e-4658-bbae-c8bcffd8d878, which was never acquired.
2019-10-16 06:06:20,274 [IPC Server handler 10 on 42894] WARN  ipc.Server (Server.java:logException(2724)) - IPC Server handler 10 on 42894, call Call#3529 Retry#2 org.apache.hadoop.ozone.om.protocol.OzoneManagerProtocol.submitRequest from 127.0.0.1:60690
java.lang.IllegalMonitorStateException: Releasing lock on resource /2a121886-2525-4782-af57-dafda70f230e/0a9c2e8c-111e-4658-bbae-c8bcffd8d878 without acquiring lock
	at org.apache.hadoop.ozone.lock.LockManager.getLockForReleasing(LockManager.java:220)
	at org.apache.hadoop.ozone.lock.LockManager.release(LockManager.java:168)
	at org.apache.hadoop.ozone.lock.LockManager.writeUnlock(LockManager.java:148)
	at org.apache.hadoop.ozone.om.lock.OzoneManagerLock.unlock(OzoneManagerLock.java:364)
	at org.apache.hadoop.ozone.om.lock.OzoneManagerLock.releaseWriteLock(OzoneManagerLock.java:329)
	at org.apache.hadoop.ozone.om.request.key.OMKeyCommitRequest.validateAndUpdateCache(OMKeyCommitRequest.java:177)
	at org.apache.hadoop.ozone.protocolPB.OzoneManagerProtocolServerSideTranslatorPB.submitRequestDirectlyToOM(OzoneManagerProtocolServerSideTranslatorPB.java:219)
	at org.apache.hadoop.ozone.protocolPB.OzoneManagerProtocolServerSideTranslatorPB.processRequest(OzoneManagerProtocolServerSideTranslatorPB.java:134)
	at org.apache.hadoop.hdds.server.OzoneProtocolMessageDispatcher.processRequest(OzoneProtocolMessageDispatcher.java:72)
	at org.apache.hadoop.ozone.protocolPB.OzoneManagerProtocolServerSideTranslatorPB.submitRequest(OzoneManagerProtocolServerSideTranslatorPB.java:100)
	at org.apache.hadoop.ozone.protocol.proto.OzoneManagerProtocolProtos$OzoneManagerService$2.callBlockingMethod(OzoneManagerProtocolProtos.java)
	at org.apache.hadoop.ipc.ProtobufRpcEngine$Server$ProtoBufRpcInvoker.call(ProtobufRpcEngine.java:524)
	at org.apache.hadoop.ipc.RPC$Server.call(RPC.java:1025)
	at org.apache.hadoop.ipc.Server$RpcCall.run(Server.java:876)
	at org.apache.hadoop.ipc.Server$RpcCall.run(Server.java:822)
	at java.security.AccessController.doPrivileged(Native Method)
	at javax.security.auth.Subject.doAs(Subject.java:422)
	at org.apache.hadoop.security.UserGroupInformation.doAs(UserGroupInformation.java:1730)
	at org.apache.hadoop.ipc.Server$Handler.run(Server.java:2682)
2019-10-16 06:06:20,275 [main] INFO  retry.RetryInvocationHandler (RetryInvocationHandler.java:log(411)) - com.google.protobuf.ServiceException: org.apache.hadoop.ipc.RemoteException(java.lang.IllegalMonitorStateException): Releasing lock on resource /2a121886-2525-4782-af57-dafda70f230e/0a9c2e8c-111e-4658-bbae-c8bcffd8d878 without acquiring lock
	at org.apache.hadoop.ozone.lock.LockManager.getLockForReleasing(LockManager.java:220)
	at org.apache.hadoop.ozone.lock.LockManager.release(LockManager.java:168)
	at org.apache.hadoop.ozone.lock.LockManager.writeUnlock(LockManager.java:148)
	at org.apache.hadoop.ozone.om.lock.OzoneManagerLock.unlock(OzoneManagerLock.java:364)
	at org.apache.hadoop.ozone.om.lock.OzoneManagerLock.releaseWriteLock(OzoneManagerLock.java:329)
	at org.apache.hadoop.ozone.om.request.key.OMKeyCommitRequest.validateAndUpdateCache(OMKeyCommitRequest.java:177)
	at org.apache.hadoop.ozone.protocolPB.OzoneManagerProtocolServerSideTranslatorPB.submitRequestDirectlyToOM(OzoneManagerProtocolServerSideTranslatorPB.java:219)
	at org.apache.hadoop.ozone.protocolPB.OzoneManagerProtocolServerSideTranslatorPB.processRequest(OzoneManagerProtocolServerSideTranslatorPB.java:134)
	at org.apache.hadoop.hdds.server.OzoneProtocolMessageDispatcher.processRequest(OzoneProtocolMessageDispatcher.java:72)
	at org.apache.hadoop.ozone.protocolPB.OzoneManagerProtocolServerSideTranslatorPB.submitRequest(OzoneManagerProtocolServerSideTranslatorPB.java:100)
	at org.apache.hadoop.ozone.protocol.proto.OzoneManagerProtocolProtos$OzoneManagerService$2.callBlockingMethod(OzoneManagerProtocolProtos.java)
	at org.apache.hadoop.ipc.ProtobufRpcEngine$Server$ProtoBufRpcInvoker.call(ProtobufRpcEngine.java:524)
	at org.apache.hadoop.ipc.RPC$Server.call(RPC.java:1025)
	at org.apache.hadoop.ipc.Server$RpcCall.run(Server.java:876)
	at org.apache.hadoop.ipc.Server$RpcCall.run(Server.java:822)
	at java.security.AccessController.doPrivileged(Native Method)
	at javax.security.auth.Subject.doAs(Subject.java:422)
	at org.apache.hadoop.security.UserGroupInformation.doAs(UserGroupInformation.java:1730)
	at org.apache.hadoop.ipc.Server$Handler.run(Server.java:2682)
, while invoking $Proxy37.submitRequest over nodeId=null,nodeAddress=localhost:42894 after 2 failover attempts. Trying to failover immediately.
2019-10-16 06:06:20,276 [IPC Server handler 13 on 42894] ERROR lock.LockManager (LockManager.java:getLockForReleasing(218)) - Trying to release the lock on /2a121886-2525-4782-af57-dafda70f230e/0a9c2e8c-111e-4658-bbae-c8bcffd8d878, which was never acquired.
2019-10-16 06:06:20,276 [IPC Server handler 13 on 42894] WARN  ipc.Server (Server.java:logException(2724)) - IPC Server handler 13 on 42894, call Call#3529 Retry#3 org.apache.hadoop.ozone.om.protocol.OzoneManagerProtocol.submitRequest from 127.0.0.1:60690
java.lang.IllegalMonitorStateException: Releasing lock on resource /2a121886-2525-4782-af57-dafda70f230e/0a9c2e8c-111e-4658-bbae-c8bcffd8d878 without acquiring lock
	at org.apache.hadoop.ozone.lock.LockManager.getLockForReleasing(LockManager.java:220)
	at org.apache.hadoop.ozone.lock.LockManager.release(LockManager.java:168)
	at org.apache.hadoop.ozone.lock.LockManager.writeUnlock(LockManager.java:148)
	at org.apache.hadoop.ozone.om.lock.OzoneManagerLock.unlock(OzoneManagerLock.java:364)
	at org.apache.hadoop.ozone.om.lock.OzoneManagerLock.releaseWriteLock(OzoneManagerLock.java:329)
	at org.apache.hadoop.ozone.om.request.key.OMKeyCommitRequest.validateAndUpdateCache(OMKeyCommitRequest.java:177)
	at org.apache.hadoop.ozone.protocolPB.OzoneManagerProtocolServerSideTranslatorPB.submitRequestDirectlyToOM(OzoneManagerProtocolServerSideTranslatorPB.java:219)
	at org.apache.hadoop.ozone.protocolPB.OzoneManagerProtocolServerSideTranslatorPB.processRequest(OzoneManagerProtocolServerSideTranslatorPB.java:134)
	at org.apache.hadoop.hdds.server.OzoneProtocolMessageDispatcher.processRequest(OzoneProtocolMessageDispatcher.java:72)
	at org.apache.hadoop.ozone.protocolPB.OzoneManagerProtocolServerSideTranslatorPB.submitRequest(OzoneManagerProtocolServerSideTranslatorPB.java:100)
	at org.apache.hadoop.ozone.protocol.proto.OzoneManagerProtocolProtos$OzoneManagerService$2.callBlockingMethod(OzoneManagerProtocolProtos.java)
	at org.apache.hadoop.ipc.ProtobufRpcEngine$Server$ProtoBufRpcInvoker.call(ProtobufRpcEngine.java:524)
	at org.apache.hadoop.ipc.RPC$Server.call(RPC.java:1025)
	at org.apache.hadoop.ipc.Server$RpcCall.run(Server.java:876)
	at org.apache.hadoop.ipc.Server$RpcCall.run(Server.java:822)
	at java.security.AccessController.doPrivileged(Native Method)
	at javax.security.auth.Subject.doAs(Subject.java:422)
	at org.apache.hadoop.security.UserGroupInformation.doAs(UserGroupInformation.java:1730)
	at org.apache.hadoop.ipc.Server$Handler.run(Server.java:2682)
2019-10-16 06:06:20,277 [main] INFO  retry.RetryInvocationHandler (RetryInvocationHandler.java:log(411)) - com.google.protobuf.ServiceException: org.apache.hadoop.ipc.RemoteException(java.lang.IllegalMonitorStateException): Releasing lock on resource /2a121886-2525-4782-af57-dafda70f230e/0a9c2e8c-111e-4658-bbae-c8bcffd8d878 without acquiring lock
	at org.apache.hadoop.ozone.lock.LockManager.getLockForReleasing(LockManager.java:220)
	at org.apache.hadoop.ozone.lock.LockManager.release(LockManager.java:168)
	at org.apache.hadoop.ozone.lock.LockManager.writeUnlock(LockManager.java:148)
	at org.apache.hadoop.ozone.om.lock.OzoneManagerLock.unlock(OzoneManagerLock.java:364)
	at org.apache.hadoop.ozone.om.lock.OzoneManagerLock.releaseWriteLock(OzoneManagerLock.java:329)
	at org.apache.hadoop.ozone.om.request.key.OMKeyCommitRequest.validateAndUpdateCache(OMKeyCommitRequest.java:177)
	at org.apache.hadoop.ozone.protocolPB.OzoneManagerProtocolServerSideTranslatorPB.submitRequestDirectlyToOM(OzoneManagerProtocolServerSideTranslatorPB.java:219)
	at org.apache.hadoop.ozone.protocolPB.OzoneManagerProtocolServerSideTranslatorPB.processRequest(OzoneManagerProtocolServerSideTranslatorPB.java:134)
	at org.apache.hadoop.hdds.server.OzoneProtocolMessageDispatcher.processRequest(OzoneProtocolMessageDispatcher.java:72)
	at org.apache.hadoop.ozone.protocolPB.OzoneManagerProtocolServerSideTranslatorPB.submitRequest(OzoneManagerProtocolServerSideTranslatorPB.java:100)
	at org.apache.hadoop.ozone.protocol.proto.OzoneManagerProtocolProtos$OzoneManagerService$2.callBlockingMethod(OzoneManagerProtocolProtos.java)
	at org.apache.hadoop.ipc.ProtobufRpcEngine$Server$ProtoBufRpcInvoker.call(ProtobufRpcEngine.java:524)
	at org.apache.hadoop.ipc.RPC$Server.call(RPC.java:1025)
	at org.apache.hadoop.ipc.Server$RpcCall.run(Server.java:876)
	at org.apache.hadoop.ipc.Server$RpcCall.run(Server.java:822)
	at java.security.AccessController.doPrivileged(Native Method)
	at javax.security.auth.Subject.doAs(Subject.java:422)
	at org.apache.hadoop.security.UserGroupInformation.doAs(UserGroupInformation.java:1730)
	at org.apache.hadoop.ipc.Server$Handler.run(Server.java:2682)
, while invoking $Proxy37.submitRequest over nodeId=null,nodeAddress=localhost:42894 after 3 failover attempts. Trying to failover immediately.
2019-10-16 06:06:20,278 [IPC Server handler 19 on 42894] ERROR lock.LockManager (LockManager.java:getLockForReleasing(218)) - Trying to release the lock on /2a121886-2525-4782-af57-dafda70f230e/0a9c2e8c-111e-4658-bbae-c8bcffd8d878, which was never acquired.
2019-10-16 06:06:20,278 [IPC Server handler 19 on 42894] WARN  ipc.Server (Server.java:logException(2724)) - IPC Server handler 19 on 42894, call Call#3529 Retry#4 org.apache.hadoop.ozone.om.protocol.OzoneManagerProtocol.submitRequest from 127.0.0.1:60690
java.lang.IllegalMonitorStateException: Releasing lock on resource /2a121886-2525-4782-af57-dafda70f230e/0a9c2e8c-111e-4658-bbae-c8bcffd8d878 without acquiring lock
	at org.apache.hadoop.ozone.lock.LockManager.getLockForReleasing(LockManager.java:220)
	at org.apache.hadoop.ozone.lock.LockManager.release(LockManager.java:168)
	at org.apache.hadoop.ozone.lock.LockManager.writeUnlock(LockManager.java:148)
	at org.apache.hadoop.ozone.om.lock.OzoneManagerLock.unlock(OzoneManagerLock.java:364)
	at org.apache.hadoop.ozone.om.lock.OzoneManagerLock.releaseWriteLock(OzoneManagerLock.java:329)
	at org.apache.hadoop.ozone.om.request.key.OMKeyCommitRequest.validateAndUpdateCache(OMKeyCommitRequest.java:177)
	at org.apache.hadoop.ozone.protocolPB.OzoneManagerProtocolServerSideTranslatorPB.submitRequestDirectlyToOM(OzoneManagerProtocolServerSideTranslatorPB.java:219)
	at org.apache.hadoop.ozone.protocolPB.OzoneManagerProtocolServerSideTranslatorPB.processRequest(OzoneManagerProtocolServerSideTranslatorPB.java:134)
	at org.apache.hadoop.hdds.server.OzoneProtocolMessageDispatcher.processRequest(OzoneProtocolMessageDispatcher.java:72)
	at org.apache.hadoop.ozone.protocolPB.OzoneManagerProtocolServerSideTranslatorPB.submitRequest(OzoneManagerProtocolServerSideTranslatorPB.java:100)
	at org.apache.hadoop.ozone.protocol.proto.OzoneManagerProtocolProtos$OzoneManagerService$2.callBlockingMethod(OzoneManagerProtocolProtos.java)
	at org.apache.hadoop.ipc.ProtobufRpcEngine$Server$ProtoBufRpcInvoker.call(ProtobufRpcEngine.java:524)
	at org.apache.hadoop.ipc.RPC$Server.call(RPC.java:1025)
	at org.apache.hadoop.ipc.Server$RpcCall.run(Server.java:876)
	at org.apache.hadoop.ipc.Server$RpcCall.run(Server.java:822)
	at java.security.AccessController.doPrivileged(Native Method)
	at javax.security.auth.Subject.doAs(Subject.java:422)
	at org.apache.hadoop.security.UserGroupInformation.doAs(UserGroupInformation.java:1730)
	at org.apache.hadoop.ipc.Server$Handler.run(Server.java:2682)
2019-10-16 06:06:20,279 [main] INFO  retry.RetryInvocationHandler (RetryInvocationHandler.java:log(411)) - com.google.protobuf.ServiceException: org.apache.hadoop.ipc.RemoteException(java.lang.IllegalMonitorStateException): Releasing lock on resource /2a121886-2525-4782-af57-dafda70f230e/0a9c2e8c-111e-4658-bbae-c8bcffd8d878 without acquiring lock
	at org.apache.hadoop.ozone.lock.LockManager.getLockForReleasing(LockManager.java:220)
	at org.apache.hadoop.ozone.lock.LockManager.release(LockManager.java:168)
	at org.apache.hadoop.ozone.lock.LockManager.writeUnlock(LockManager.java:148)
	at org.apache.hadoop.ozone.om.lock.OzoneManagerLock.unlock(OzoneManagerLock.java:364)
	at org.apache.hadoop.ozone.om.lock.OzoneManagerLock.releaseWriteLock(OzoneManagerLock.java:329)
	at org.apache.hadoop.ozone.om.request.key.OMKeyCommitRequest.validateAndUpdateCache(OMKeyCommitRequest.java:177)
	at org.apache.hadoop.ozone.protocolPB.OzoneManagerProtocolServerSideTranslatorPB.submitRequestDirectlyToOM(OzoneManagerProtocolServerSideTranslatorPB.java:219)
	at org.apache.hadoop.ozone.protocolPB.OzoneManagerProtocolServerSideTranslatorPB.processRequest(OzoneManagerProtocolServerSideTranslatorPB.java:134)
	at org.apache.hadoop.hdds.server.OzoneProtocolMessageDispatcher.processRequest(OzoneProtocolMessageDispatcher.java:72)
	at org.apache.hadoop.ozone.protocolPB.OzoneManagerProtocolServerSideTranslatorPB.submitRequest(OzoneManagerProtocolServerSideTranslatorPB.java:100)
	at org.apache.hadoop.ozone.protocol.proto.OzoneManagerProtocolProtos$OzoneManagerService$2.callBlockingMethod(OzoneManagerProtocolProtos.java)
	at org.apache.hadoop.ipc.ProtobufRpcEngine$Server$ProtoBufRpcInvoker.call(ProtobufRpcEngine.java:524)
	at org.apache.hadoop.ipc.RPC$Server.call(RPC.java:1025)
	at org.apache.hadoop.ipc.Server$RpcCall.run(Server.java:876)
	at org.apache.hadoop.ipc.Server$RpcCall.run(Server.java:822)
	at java.security.AccessController.doPrivileged(Native Method)
	at javax.security.auth.Subject.doAs(Subject.java:422)
	at org.apache.hadoop.security.UserGroupInformation.doAs(UserGroupInformation.java:1730)
	at org.apache.hadoop.ipc.Server$Handler.run(Server.java:2682)
, while invoking $Proxy37.submitRequest over nodeId=null,nodeAddress=localhost:42894 after 4 failover attempts. Trying to failover immediately.
2019-10-16 06:06:20,280 [IPC Server handler 1 on 42894] ERROR lock.LockManager (LockManager.java:getLockForReleasing(218)) - Trying to release the lock on /2a121886-2525-4782-af57-dafda70f230e/0a9c2e8c-111e-4658-bbae-c8bcffd8d878, which was never acquired.
2019-10-16 06:06:20,280 [IPC Server handler 1 on 42894] WARN  ipc.Server (Server.java:logException(2724)) - IPC Server handler 1 on 42894, call Call#3529 Retry#5 org.apache.hadoop.ozone.om.protocol.OzoneManagerProtocol.submitRequest from 127.0.0.1:60690
java.lang.IllegalMonitorStateException: Releasing lock on resource /2a121886-2525-4782-af57-dafda70f230e/0a9c2e8c-111e-4658-bbae-c8bcffd8d878 without acquiring lock
	at org.apache.hadoop.ozone.lock.LockManager.getLockForReleasing(LockManager.java:220)
	at org.apache.hadoop.ozone.lock.LockManager.release(LockManager.java:168)
	at org.apache.hadoop.ozone.lock.LockManager.writeUnlock(LockManager.java:148)
	at org.apache.hadoop.ozone.om.lock.OzoneManagerLock.unlock(OzoneManagerLock.java:364)
	at org.apache.hadoop.ozone.om.lock.OzoneManagerLock.releaseWriteLock(OzoneManagerLock.java:329)
	at org.apache.hadoop.ozone.om.request.key.OMKeyCommitRequest.validateAndUpdateCache(OMKeyCommitRequest.java:177)
	at org.apache.hadoop.ozone.protocolPB.OzoneManagerProtocolServerSideTranslatorPB.submitRequestDirectlyToOM(OzoneManagerProtocolServerSideTranslatorPB.java:219)
	at org.apache.hadoop.ozone.protocolPB.OzoneManagerProtocolServerSideTranslatorPB.processRequest(OzoneManagerProtocolServerSideTranslatorPB.java:134)
	at org.apache.hadoop.hdds.server.OzoneProtocolMessageDispatcher.processRequest(OzoneProtocolMessageDispatcher.java:72)
	at org.apache.hadoop.ozone.protocolPB.OzoneManagerProtocolServerSideTranslatorPB.submitRequest(OzoneManagerProtocolServerSideTranslatorPB.java:100)
	at org.apache.hadoop.ozone.protocol.proto.OzoneManagerProtocolProtos$OzoneManagerService$2.callBlockingMethod(OzoneManagerProtocolProtos.java)
	at org.apache.hadoop.ipc.ProtobufRpcEngine$Server$ProtoBufRpcInvoker.call(ProtobufRpcEngine.java:524)
	at org.apache.hadoop.ipc.RPC$Server.call(RPC.java:1025)
	at org.apache.hadoop.ipc.Server$RpcCall.run(Server.java:876)
	at org.apache.hadoop.ipc.Server$RpcCall.run(Server.java:822)
	at java.security.AccessController.doPrivileged(Native Method)
	at javax.security.auth.Subject.doAs(Subject.java:422)
	at org.apache.hadoop.security.UserGroupInformation.doAs(UserGroupInformation.java:1730)
	at org.apache.hadoop.ipc.Server$Handler.run(Server.java:2682)
2019-10-16 06:06:20,280 [main] INFO  retry.RetryInvocationHandler (RetryInvocationHandler.java:log(411)) - com.google.protobuf.ServiceException: org.apache.hadoop.ipc.RemoteException(java.lang.IllegalMonitorStateException): Releasing lock on resource /2a121886-2525-4782-af57-dafda70f230e/0a9c2e8c-111e-4658-bbae-c8bcffd8d878 without acquiring lock
	at org.apache.hadoop.ozone.lock.LockManager.getLockForReleasing(LockManager.java:220)
	at org.apache.hadoop.ozone.lock.LockManager.release(LockManager.java:168)
	at org.apache.hadoop.ozone.lock.LockManager.writeUnlock(LockManager.java:148)
	at org.apache.hadoop.ozone.om.lock.OzoneManagerLock.unlock(OzoneManagerLock.java:364)
	at org.apache.hadoop.ozone.om.lock.OzoneManagerLock.releaseWriteLock(OzoneManagerLock.java:329)
	at org.apache.hadoop.ozone.om.request.key.OMKeyCommitRequest.validateAndUpdateCache(OMKeyCommitRequest.java:177)
	at org.apache.hadoop.ozone.protocolPB.OzoneManagerProtocolServerSideTranslatorPB.submitRequestDirectlyToOM(OzoneManagerProtocolServerSideTranslatorPB.java:219)
	at org.apache.hadoop.ozone.protocolPB.OzoneManagerProtocolServerSideTranslatorPB.processRequest(OzoneManagerProtocolServerSideTranslatorPB.java:134)
	at org.apache.hadoop.hdds.server.OzoneProtocolMessageDispatcher.processRequest(OzoneProtocolMessageDispatcher.java:72)
	at org.apache.hadoop.ozone.protocolPB.OzoneManagerProtocolServerSideTranslatorPB.submitRequest(OzoneManagerProtocolServerSideTranslatorPB.java:100)
	at org.apache.hadoop.ozone.protocol.proto.OzoneManagerProtocolProtos$OzoneManagerService$2.callBlockingMethod(OzoneManagerProtocolProtos.java)
	at org.apache.hadoop.ipc.ProtobufRpcEngine$Server$ProtoBufRpcInvoker.call(ProtobufRpcEngine.java:524)
	at org.apache.hadoop.ipc.RPC$Server.call(RPC.java:1025)
	at org.apache.hadoop.ipc.Server$RpcCall.run(Server.java:876)
	at org.apache.hadoop.ipc.Server$RpcCall.run(Server.java:822)
	at java.security.AccessController.doPrivileged(Native Method)
	at javax.security.auth.Subject.doAs(Subject.java:422)
	at org.apache.hadoop.security.UserGroupInformation.doAs(UserGroupInformation.java:1730)
	at org.apache.hadoop.ipc.Server$Handler.run(Server.java:2682)
, while invoking $Proxy37.submitRequest over nodeId=null,nodeAddress=localhost:42894 after 5 failover attempts. Trying to failover immediately.
2019-10-16 06:06:20,282 [IPC Server handler 17 on 42894] ERROR lock.LockManager (LockManager.java:getLockForReleasing(218)) - Trying to release the lock on /2a121886-2525-4782-af57-dafda70f230e/0a9c2e8c-111e-4658-bbae-c8bcffd8d878, which was never acquired.
2019-10-16 06:06:20,282 [IPC Server handler 17 on 42894] WARN  ipc.Server (Server.java:logException(2724)) - IPC Server handler 17 on 42894, call Call#3529 Retry#6 org.apache.hadoop.ozone.om.protocol.OzoneManagerProtocol.submitRequest from 127.0.0.1:60690
java.lang.IllegalMonitorStateException: Releasing lock on resource /2a121886-2525-4782-af57-dafda70f230e/0a9c2e8c-111e-4658-bbae-c8bcffd8d878 without acquiring lock
	at org.apache.hadoop.ozone.lock.LockManager.getLockForReleasing(LockManager.java:220)
	at org.apache.hadoop.ozone.lock.LockManager.release(LockManager.java:168)
	at org.apache.hadoop.ozone.lock.LockManager.writeUnlock(LockManager.java:148)
	at org.apache.hadoop.ozone.om.lock.OzoneManagerLock.unlock(OzoneManagerLock.java:364)
	at org.apache.hadoop.ozone.om.lock.OzoneManagerLock.releaseWriteLock(OzoneManagerLock.java:329)
	at org.apache.hadoop.ozone.om.request.key.OMKeyCommitRequest.validateAndUpdateCache(OMKeyCommitRequest.java:177)
	at org.apache.hadoop.ozone.protocolPB.OzoneManagerProtocolServerSideTranslatorPB.submitRequestDirectlyToOM(OzoneManagerProtocolServerSideTranslatorPB.java:219)
	at org.apache.hadoop.ozone.protocolPB.OzoneManagerProtocolServerSideTranslatorPB.processRequest(OzoneManagerProtocolServerSideTranslatorPB.java:134)
	at org.apache.hadoop.hdds.server.OzoneProtocolMessageDispatcher.processRequest(OzoneProtocolMessageDispatcher.java:72)
	at org.apache.hadoop.ozone.protocolPB.OzoneManagerProtocolServerSideTranslatorPB.submitRequest(OzoneManagerProtocolServerSideTranslatorPB.java:100)
	at org.apache.hadoop.ozone.protocol.proto.OzoneManagerProtocolProtos$OzoneManagerService$2.callBlockingMethod(OzoneManagerProtocolProtos.java)
	at org.apache.hadoop.ipc.ProtobufRpcEngine$Server$ProtoBufRpcInvoker.call(ProtobufRpcEngine.java:524)
	at org.apache.hadoop.ipc.RPC$Server.call(RPC.java:1025)
	at org.apache.hadoop.ipc.Server$RpcCall.run(Server.java:876)
	at org.apache.hadoop.ipc.Server$RpcCall.run(Server.java:822)
	at java.security.AccessController.doPrivileged(Native Method)
	at javax.security.auth.Subject.doAs(Subject.java:422)
	at org.apache.hadoop.security.UserGroupInformation.doAs(UserGroupInformation.java:1730)
	at org.apache.hadoop.ipc.Server$Handler.run(Server.java:2682)
2019-10-16 06:06:20,282 [main] INFO  retry.RetryInvocationHandler (RetryInvocationHandler.java:log(411)) - com.google.protobuf.ServiceException: org.apache.hadoop.ipc.RemoteException(java.lang.IllegalMonitorStateException): Releasing lock on resource /2a121886-2525-4782-af57-dafda70f230e/0a9c2e8c-111e-4658-bbae-c8bcffd8d878 without acquiring lock
	at org.apache.hadoop.ozone.lock.LockManager.getLockForReleasing(LockManager.java:220)
	at org.apache.hadoop.ozone.lock.LockManager.release(LockManager.java:168)
	at org.apache.hadoop.ozone.lock.LockManager.writeUnlock(LockManager.java:148)
	at org.apache.hadoop.ozone.om.lock.OzoneManagerLock.unlock(OzoneManagerLock.java:364)
	at org.apache.hadoop.ozone.om.lock.OzoneManagerLock.releaseWriteLock(OzoneManagerLock.java:329)
	at org.apache.hadoop.ozone.om.request.key.OMKeyCommitRequest.validateAndUpdateCache(OMKeyCommitRequest.java:177)
	at org.apache.hadoop.ozone.protocolPB.OzoneManagerProtocolServerSideTranslatorPB.submitRequestDirectlyToOM(OzoneManagerProtocolServerSideTranslatorPB.java:219)
	at org.apache.hadoop.ozone.protocolPB.OzoneManagerProtocolServerSideTranslatorPB.processRequest(OzoneManagerProtocolServerSideTranslatorPB.java:134)
	at org.apache.hadoop.hdds.server.OzoneProtocolMessageDispatcher.processRequest(OzoneProtocolMessageDispatcher.java:72)
	at org.apache.hadoop.ozone.protocolPB.OzoneManagerProtocolServerSideTranslatorPB.submitRequest(OzoneManagerProtocolServerSideTranslatorPB.java:100)
	at org.apache.hadoop.ozone.protocol.proto.OzoneManagerProtocolProtos$OzoneManagerService$2.callBlockingMethod(OzoneManagerProtocolProtos.java)
	at org.apache.hadoop.ipc.ProtobufRpcEngine$Server$ProtoBufRpcInvoker.call(ProtobufRpcEngine.java:524)
	at org.apache.hadoop.ipc.RPC$Server.call(RPC.java:1025)
	at org.apache.hadoop.ipc.Server$RpcCall.run(Server.java:876)
	at org.apache.hadoop.ipc.Server$RpcCall.run(Server.java:822)
	at java.security.AccessController.doPrivileged(Native Method)
	at javax.security.auth.Subject.doAs(Subject.java:422)
	at org.apache.hadoop.security.UserGroupInformation.doAs(UserGroupInformation.java:1730)
	at org.apache.hadoop.ipc.Server$Handler.run(Server.java:2682)
, while invoking $Proxy37.submitRequest over nodeId=null,nodeAddress=localhost:42894 after 6 failover attempts. Trying to failover immediately.
2019-10-16 06:06:20,284 [IPC Server handler 9 on 42894] ERROR lock.LockManager (LockManager.java:getLockForReleasing(218)) - Trying to release the lock on /2a121886-2525-4782-af57-dafda70f230e/0a9c2e8c-111e-4658-bbae-c8bcffd8d878, which was never acquired.
2019-10-16 06:06:20,284 [IPC Server handler 9 on 42894] WARN  ipc.Server (Server.java:logException(2724)) - IPC Server handler 9 on 42894, call Call#3529 Retry#7 org.apache.hadoop.ozone.om.protocol.OzoneManagerProtocol.submitRequest from 127.0.0.1:60690
java.lang.IllegalMonitorStateException: Releasing lock on resource /2a121886-2525-4782-af57-dafda70f230e/0a9c2e8c-111e-4658-bbae-c8bcffd8d878 without acquiring lock
	at org.apache.hadoop.ozone.lock.LockManager.getLockForReleasing(LockManager.java:220)
	at org.apache.hadoop.ozone.lock.LockManager.release(LockManager.java:168)
	at org.apache.hadoop.ozone.lock.LockManager.writeUnlock(LockManager.java:148)
	at org.apache.hadoop.ozone.om.lock.OzoneManagerLock.unlock(OzoneManagerLock.java:364)
	at org.apache.hadoop.ozone.om.lock.OzoneManagerLock.releaseWriteLock(OzoneManagerLock.java:329)
	at org.apache.hadoop.ozone.om.request.key.OMKeyCommitRequest.validateAndUpdateCache(OMKeyCommitRequest.java:177)
	at org.apache.hadoop.ozone.protocolPB.OzoneManagerProtocolServerSideTranslatorPB.submitRequestDirectlyToOM(OzoneManagerProtocolServerSideTranslatorPB.java:219)
	at org.apache.hadoop.ozone.protocolPB.OzoneManagerProtocolServerSideTranslatorPB.processRequest(OzoneManagerProtocolServerSideTranslatorPB.java:134)
	at org.apache.hadoop.hdds.server.OzoneProtocolMessageDispatcher.processRequest(OzoneProtocolMessageDispatcher.java:72)
	at org.apache.hadoop.ozone.protocolPB.OzoneManagerProtocolServerSideTranslatorPB.submitRequest(OzoneManagerProtocolServerSideTranslatorPB.java:100)
	at org.apache.hadoop.ozone.protocol.proto.OzoneManagerProtocolProtos$OzoneManagerService$2.callBlockingMethod(OzoneManagerProtocolProtos.java)
	at org.apache.hadoop.ipc.ProtobufRpcEngine$Server$ProtoBufRpcInvoker.call(ProtobufRpcEngine.java:524)
	at org.apache.hadoop.ipc.RPC$Server.call(RPC.java:1025)
	at org.apache.hadoop.ipc.Server$RpcCall.run(Server.java:876)
	at org.apache.hadoop.ipc.Server$RpcCall.run(Server.java:822)
	at java.security.AccessController.doPrivileged(Native Method)
	at javax.security.auth.Subject.doAs(Subject.java:422)
	at org.apache.hadoop.security.UserGroupInformation.doAs(UserGroupInformation.java:1730)
	at org.apache.hadoop.ipc.Server$Handler.run(Server.java:2682)
2019-10-16 06:06:20,285 [main] INFO  retry.RetryInvocationHandler (RetryInvocationHandler.java:log(411)) - com.google.protobuf.ServiceException: org.apache.hadoop.ipc.RemoteException(java.lang.IllegalMonitorStateException): Releasing lock on resource /2a121886-2525-4782-af57-dafda70f230e/0a9c2e8c-111e-4658-bbae-c8bcffd8d878 without acquiring lock
	at org.apache.hadoop.ozone.lock.LockManager.getLockForReleasing(LockManager.java:220)
	at org.apache.hadoop.ozone.lock.LockManager.release(LockManager.java:168)
	at org.apache.hadoop.ozone.lock.LockManager.writeUnlock(LockManager.java:148)
	at org.apache.hadoop.ozone.om.lock.OzoneManagerLock.unlock(OzoneManagerLock.java:364)
	at org.apache.hadoop.ozone.om.lock.OzoneManagerLock.releaseWriteLock(OzoneManagerLock.java:329)
	at org.apache.hadoop.ozone.om.request.key.OMKeyCommitRequest.validateAndUpdateCache(OMKeyCommitRequest.java:177)
	at org.apache.hadoop.ozone.protocolPB.OzoneManagerProtocolServerSideTranslatorPB.submitRequestDirectlyToOM(OzoneManagerProtocolServerSideTranslatorPB.java:219)
	at org.apache.hadoop.ozone.protocolPB.OzoneManagerProtocolServerSideTranslatorPB.processRequest(OzoneManagerProtocolServerSideTranslatorPB.java:134)
	at org.apache.hadoop.hdds.server.OzoneProtocolMessageDispatcher.processRequest(OzoneProtocolMessageDispatcher.java:72)
	at org.apache.hadoop.ozone.protocolPB.OzoneManagerProtocolServerSideTranslatorPB.submitRequest(OzoneManagerProtocolServerSideTranslatorPB.java:100)
	at org.apache.hadoop.ozone.protocol.proto.OzoneManagerProtocolProtos$OzoneManagerService$2.callBlockingMethod(OzoneManagerProtocolProtos.java)
	at org.apache.hadoop.ipc.ProtobufRpcEngine$Server$ProtoBufRpcInvoker.call(ProtobufRpcEngine.java:524)
	at org.apache.hadoop.ipc.RPC$Server.call(RPC.java:1025)
	at org.apache.hadoop.ipc.Server$RpcCall.run(Server.java:876)
	at org.apache.hadoop.ipc.Server$RpcCall.run(Server.java:822)
	at java.security.AccessController.doPrivileged(Native Method)
	at javax.security.auth.Subject.doAs(Subject.java:422)
	at org.apache.hadoop.security.UserGroupInformation.doAs(UserGroupInformation.java:1730)
	at org.apache.hadoop.ipc.Server$Handler.run(Server.java:2682)
, while invoking $Proxy37.submitRequest over nodeId=null,nodeAddress=localhost:42894 after 7 failover attempts. Trying to failover immediately.
2019-10-16 06:06:20,286 [IPC Server handler 0 on 42894] ERROR lock.LockManager (LockManager.java:getLockForReleasing(218)) - Trying to release the lock on /2a121886-2525-4782-af57-dafda70f230e/0a9c2e8c-111e-4658-bbae-c8bcffd8d878, which was never acquired.
2019-10-16 06:06:20,286 [IPC Server handler 0 on 42894] WARN  ipc.Server (Server.java:logException(2724)) - IPC Server handler 0 on 42894, call Call#3529 Retry#8 org.apache.hadoop.ozone.om.protocol.OzoneManagerProtocol.submitRequest from 127.0.0.1:60690
java.lang.IllegalMonitorStateException: Releasing lock on resource /2a121886-2525-4782-af57-dafda70f230e/0a9c2e8c-111e-4658-bbae-c8bcffd8d878 without acquiring lock
	at org.apache.hadoop.ozone.lock.LockManager.getLockForReleasing(LockManager.java:220)
	at org.apache.hadoop.ozone.lock.LockManager.release(LockManager.java:168)
	at org.apache.hadoop.ozone.lock.LockManager.writeUnlock(LockManager.java:148)
	at org.apache.hadoop.ozone.om.lock.OzoneManagerLock.unlock(OzoneManagerLock.java:364)
	at org.apache.hadoop.ozone.om.lock.OzoneManagerLock.releaseWriteLock(OzoneManagerLock.java:329)
	at org.apache.hadoop.ozone.om.request.key.OMKeyCommitRequest.validateAndUpdateCache(OMKeyCommitRequest.java:177)
	at org.apache.hadoop.ozone.protocolPB.OzoneManagerProtocolServerSideTranslatorPB.submitRequestDirectlyToOM(OzoneManagerProtocolServerSideTranslatorPB.java:219)
	at org.apache.hadoop.ozone.protocolPB.OzoneManagerProtocolServerSideTranslatorPB.processRequest(OzoneManagerProtocolServerSideTranslatorPB.java:134)
	at org.apache.hadoop.hdds.server.OzoneProtocolMessageDispatcher.processRequest(OzoneProtocolMessageDispatcher.java:72)
	at org.apache.hadoop.ozone.protocolPB.OzoneManagerProtocolServerSideTranslatorPB.submitRequest(OzoneManagerProtocolServerSideTranslatorPB.java:100)
	at org.apache.hadoop.ozone.protocol.proto.OzoneManagerProtocolProtos$OzoneManagerService$2.callBlockingMethod(OzoneManagerProtocolProtos.java)
	at org.apache.hadoop.ipc.ProtobufRpcEngine$Server$ProtoBufRpcInvoker.call(ProtobufRpcEngine.java:524)
	at org.apache.hadoop.ipc.RPC$Server.call(RPC.java:1025)
	at org.apache.hadoop.ipc.Server$RpcCall.run(Server.java:876)
	at org.apache.hadoop.ipc.Server$RpcCall.run(Server.java:822)
	at java.security.AccessController.doPrivileged(Native Method)
	at javax.security.auth.Subject.doAs(Subject.java:422)
	at org.apache.hadoop.security.UserGroupInformation.doAs(UserGroupInformation.java:1730)
	at org.apache.hadoop.ipc.Server$Handler.run(Server.java:2682)
2019-10-16 06:06:20,287 [main] INFO  retry.RetryInvocationHandler (RetryInvocationHandler.java:log(411)) - com.google.protobuf.ServiceException: org.apache.hadoop.ipc.RemoteException(java.lang.IllegalMonitorStateException): Releasing lock on resource /2a121886-2525-4782-af57-dafda70f230e/0a9c2e8c-111e-4658-bbae-c8bcffd8d878 without acquiring lock
	at org.apache.hadoop.ozone.lock.LockManager.getLockForReleasing(LockManager.java:220)
	at org.apache.hadoop.ozone.lock.LockManager.release(LockManager.java:168)
	at org.apache.hadoop.ozone.lock.LockManager.writeUnlock(LockManager.java:148)
	at org.apache.hadoop.ozone.om.lock.OzoneManagerLock.unlock(OzoneManagerLock.java:364)
	at org.apache.hadoop.ozone.om.lock.OzoneManagerLock.releaseWriteLock(OzoneManagerLock.java:329)
	at org.apache.hadoop.ozone.om.request.key.OMKeyCommitRequest.validateAndUpdateCache(OMKeyCommitRequest.java:177)
	at org.apache.hadoop.ozone.protocolPB.OzoneManagerProtocolServerSideTranslatorPB.submitRequestDirectlyToOM(OzoneManagerProtocolServerSideTranslatorPB.java:219)
	at org.apache.hadoop.ozone.protocolPB.OzoneManagerProtocolServerSideTranslatorPB.processRequest(OzoneManagerProtocolServerSideTranslatorPB.java:134)
	at org.apache.hadoop.hdds.server.OzoneProtocolMessageDispatcher.processRequest(OzoneProtocolMessageDispatcher.java:72)
	at org.apache.hadoop.ozone.protocolPB.OzoneManagerProtocolServerSideTranslatorPB.submitRequest(OzoneManagerProtocolServerSideTranslatorPB.java:100)
	at org.apache.hadoop.ozone.protocol.proto.OzoneManagerProtocolProtos$OzoneManagerService$2.callBlockingMethod(OzoneManagerProtocolProtos.java)
	at org.apache.hadoop.ipc.ProtobufRpcEngine$Server$ProtoBufRpcInvoker.call(ProtobufRpcEngine.java:524)
	at org.apache.hadoop.ipc.RPC$Server.call(RPC.java:1025)
	at org.apache.hadoop.ipc.Server$RpcCall.run(Server.java:876)
	at org.apache.hadoop.ipc.Server$RpcCall.run(Server.java:822)
	at java.security.AccessController.doPrivileged(Native Method)
	at javax.security.auth.Subject.doAs(Subject.java:422)
	at org.apache.hadoop.security.UserGroupInformation.doAs(UserGroupInformation.java:1730)
	at org.apache.hadoop.ipc.Server$Handler.run(Server.java:2682)
, while invoking $Proxy37.submitRequest over nodeId=null,nodeAddress=localhost:42894 after 8 failover attempts. Trying to failover immediately.
2019-10-16 06:06:20,288 [IPC Server handler 5 on 42894] ERROR lock.LockManager (LockManager.java:getLockForReleasing(218)) - Trying to release the lock on /2a121886-2525-4782-af57-dafda70f230e/0a9c2e8c-111e-4658-bbae-c8bcffd8d878, which was never acquired.
2019-10-16 06:06:20,288 [IPC Server handler 5 on 42894] WARN  ipc.Server (Server.java:logException(2724)) - IPC Server handler 5 on 42894, call Call#3529 Retry#9 org.apache.hadoop.ozone.om.protocol.OzoneManagerProtocol.submitRequest from 127.0.0.1:60690
java.lang.IllegalMonitorStateException: Releasing lock on resource /2a121886-2525-4782-af57-dafda70f230e/0a9c2e8c-111e-4658-bbae-c8bcffd8d878 without acquiring lock
	at org.apache.hadoop.ozone.lock.LockManager.getLockForReleasing(LockManager.java:220)
	at org.apache.hadoop.ozone.lock.LockManager.release(LockManager.java:168)
	at org.apache.hadoop.ozone.lock.LockManager.writeUnlock(LockManager.java:148)
	at org.apache.hadoop.ozone.om.lock.OzoneManagerLock.unlock(OzoneManagerLock.java:364)
	at org.apache.hadoop.ozone.om.lock.OzoneManagerLock.releaseWriteLock(OzoneManagerLock.java:329)
	at org.apache.hadoop.ozone.om.request.key.OMKeyCommitRequest.validateAndUpdateCache(OMKeyCommitRequest.java:177)
	at org.apache.hadoop.ozone.protocolPB.OzoneManagerProtocolServerSideTranslatorPB.submitRequestDirectlyToOM(OzoneManagerProtocolServerSideTranslatorPB.java:219)
	at org.apache.hadoop.ozone.protocolPB.OzoneManagerProtocolServerSideTranslatorPB.processRequest(OzoneManagerProtocolServerSideTranslatorPB.java:134)
	at org.apache.hadoop.hdds.server.OzoneProtocolMessageDispatcher.processRequest(OzoneProtocolMessageDispatcher.java:72)
	at org.apache.hadoop.ozone.protocolPB.OzoneManagerProtocolServerSideTranslatorPB.submitRequest(OzoneManagerProtocolServerSideTranslatorPB.java:100)
	at org.apache.hadoop.ozone.protocol.proto.OzoneManagerProtocolProtos$OzoneManagerService$2.callBlockingMethod(OzoneManagerProtocolProtos.java)
	at org.apache.hadoop.ipc.ProtobufRpcEngine$Server$ProtoBufRpcInvoker.call(ProtobufRpcEngine.java:524)
	at org.apache.hadoop.ipc.RPC$Server.call(RPC.java:1025)
	at org.apache.hadoop.ipc.Server$RpcCall.run(Server.java:876)
	at org.apache.hadoop.ipc.Server$RpcCall.run(Server.java:822)
	at java.security.AccessController.doPrivileged(Native Method)
	at javax.security.auth.Subject.doAs(Subject.java:422)
	at org.apache.hadoop.security.UserGroupInformation.doAs(UserGroupInformation.java:1730)
	at org.apache.hadoop.ipc.Server$Handler.run(Server.java:2682)
2019-10-16 06:06:20,289 [main] INFO  retry.RetryInvocationHandler (RetryInvocationHandler.java:log(411)) - com.google.protobuf.ServiceException: org.apache.hadoop.ipc.RemoteException(java.lang.IllegalMonitorStateException): Releasing lock on resource /2a121886-2525-4782-af57-dafda70f230e/0a9c2e8c-111e-4658-bbae-c8bcffd8d878 without acquiring lock
	at org.apache.hadoop.ozone.lock.LockManager.getLockForReleasing(LockManager.java:220)
	at org.apache.hadoop.ozone.lock.LockManager.release(LockManager.java:168)
	at org.apache.hadoop.ozone.lock.LockManager.writeUnlock(LockManager.java:148)
	at org.apache.hadoop.ozone.om.lock.OzoneManagerLock.unlock(OzoneManagerLock.java:364)
	at org.apache.hadoop.ozone.om.lock.OzoneManagerLock.releaseWriteLock(OzoneManagerLock.java:329)
	at org.apache.hadoop.ozone.om.request.key.OMKeyCommitRequest.validateAndUpdateCache(OMKeyCommitRequest.java:177)
	at org.apache.hadoop.ozone.protocolPB.OzoneManagerProtocolServerSideTranslatorPB.submitRequestDirectlyToOM(OzoneManagerProtocolServerSideTranslatorPB.java:219)
	at org.apache.hadoop.ozone.protocolPB.OzoneManagerProtocolServerSideTranslatorPB.processRequest(OzoneManagerProtocolServerSideTranslatorPB.java:134)
	at org.apache.hadoop.hdds.server.OzoneProtocolMessageDispatcher.processRequest(OzoneProtocolMessageDispatcher.java:72)
	at org.apache.hadoop.ozone.protocolPB.OzoneManagerProtocolServerSideTranslatorPB.submitRequest(OzoneManagerProtocolServerSideTranslatorPB.java:100)
	at org.apache.hadoop.ozone.protocol.proto.OzoneManagerProtocolProtos$OzoneManagerService$2.callBlockingMethod(OzoneManagerProtocolProtos.java)
	at org.apache.hadoop.ipc.ProtobufRpcEngine$Server$ProtoBufRpcInvoker.call(ProtobufRpcEngine.java:524)
	at org.apache.hadoop.ipc.RPC$Server.call(RPC.java:1025)
	at org.apache.hadoop.ipc.Server$RpcCall.run(Server.java:876)
	at org.apache.hadoop.ipc.Server$RpcCall.run(Server.java:822)
	at java.security.AccessController.doPrivileged(Native Method)
	at javax.security.auth.Subject.doAs(Subject.java:422)
	at org.apache.hadoop.security.UserGroupInformation.doAs(UserGroupInformation.java:1730)
	at org.apache.hadoop.ipc.Server$Handler.run(Server.java:2682)
, while invoking $Proxy37.submitRequest over nodeId=null,nodeAddress=localhost:42894 after 9 failover attempts. Trying to failover immediately.
2019-10-16 06:06:20,290 [IPC Server handler 11 on 42894] ERROR lock.LockManager (LockManager.java:getLockForReleasing(218)) - Trying to release the lock on /2a121886-2525-4782-af57-dafda70f230e/0a9c2e8c-111e-4658-bbae-c8bcffd8d878, which was never acquired.
2019-10-16 06:06:20,290 [IPC Server handler 11 on 42894] WARN  ipc.Server (Server.java:logException(2724)) - IPC Server handler 11 on 42894, call Call#3529 Retry#10 org.apache.hadoop.ozone.om.protocol.OzoneManagerProtocol.submitRequest from 127.0.0.1:60690
java.lang.IllegalMonitorStateException: Releasing lock on resource /2a121886-2525-4782-af57-dafda70f230e/0a9c2e8c-111e-4658-bbae-c8bcffd8d878 without acquiring lock
	at org.apache.hadoop.ozone.lock.LockManager.getLockForReleasing(LockManager.java:220)
	at org.apache.hadoop.ozone.lock.LockManager.release(LockManager.java:168)
	at org.apache.hadoop.ozone.lock.LockManager.writeUnlock(LockManager.java:148)
	at org.apache.hadoop.ozone.om.lock.OzoneManagerLock.unlock(OzoneManagerLock.java:364)
	at org.apache.hadoop.ozone.om.lock.OzoneManagerLock.releaseWriteLock(OzoneManagerLock.java:329)
	at org.apache.hadoop.ozone.om.request.key.OMKeyCommitRequest.validateAndUpdateCache(OMKeyCommitRequest.java:177)
	at org.apache.hadoop.ozone.protocolPB.OzoneManagerProtocolServerSideTranslatorPB.submitRequestDirectlyToOM(OzoneManagerProtocolServerSideTranslatorPB.java:219)
	at org.apache.hadoop.ozone.protocolPB.OzoneManagerProtocolServerSideTranslatorPB.processRequest(OzoneManagerProtocolServerSideTranslatorPB.java:134)
	at org.apache.hadoop.hdds.server.OzoneProtocolMessageDispatcher.processRequest(OzoneProtocolMessageDispatcher.java:72)
	at org.apache.hadoop.ozone.protocolPB.OzoneManagerProtocolServerSideTranslatorPB.submitRequest(OzoneManagerProtocolServerSideTranslatorPB.java:100)
	at org.apache.hadoop.ozone.protocol.proto.OzoneManagerProtocolProtos$OzoneManagerService$2.callBlockingMethod(OzoneManagerProtocolProtos.java)
	at org.apache.hadoop.ipc.ProtobufRpcEngine$Server$ProtoBufRpcInvoker.call(ProtobufRpcEngine.java:524)
	at org.apache.hadoop.ipc.RPC$Server.call(RPC.java:1025)
	at org.apache.hadoop.ipc.Server$RpcCall.run(Server.java:876)
	at org.apache.hadoop.ipc.Server$RpcCall.run(Server.java:822)
	at java.security.AccessController.doPrivileged(Native Method)
	at javax.security.auth.Subject.doAs(Subject.java:422)
	at org.apache.hadoop.security.UserGroupInformation.doAs(UserGroupInformation.java:1730)
	at org.apache.hadoop.ipc.Server$Handler.run(Server.java:2682)
2019-10-16 06:06:20,290 [main] ERROR ha.OMFailoverProxyProvider (OzoneManagerProtocolClientSideTranslatorPB.java:getRetryAction(268)) - Failed to connect to OM. Attempted 10 retries and 10 failovers
]]></system-out>
  </testcase>
  <testcase name="testListS3Buckets" classname="org.apache.hadoop.ozone.client.rpc.TestSecureOzoneRpcClient" time="0.015"/>
  <testcase name="testAbortUploadSuccessWithParts" classname="org.apache.hadoop.ozone.client.rpc.TestSecureOzoneRpcClient" time="0.024"/>
  <testcase name="testListS3BucketsFail" classname="org.apache.hadoop.ozone.client.rpc.TestSecureOzoneRpcClient" time="0.004"/>
  <testcase name="testListMultipartUploadPartsWithContinuation" classname="org.apache.hadoop.ozone.client.rpc.TestSecureOzoneRpcClient" time="0.162"/>
  <testcase name="testListBucketsOnEmptyVolume" classname="org.apache.hadoop.ozone.client.rpc.TestSecureOzoneRpcClient" time="0.004"/>
  <testcase name="testCreateBucketWithStorageType" classname="org.apache.hadoop.ozone.client.rpc.TestSecureOzoneRpcClient" time="0.003"/>
  <testcase name="testRemoveBucketAclUsingRpcClientRemoveAcl" classname="org.apache.hadoop.ozone.client.rpc.TestSecureOzoneRpcClient" time="0.006"/>
  <testcase name="testDeleteKey" classname="org.apache.hadoop.ozone.client.rpc.TestSecureOzoneRpcClient" time="0.038">
    <error message="Releasing lock on resource /7017ffd9-944e-4212-8263-a67c9db6dfe7/46b7e479-0b56-4576-9300-abcdfd082a6c without acquiring lock&#10;	at org.apache.hadoop.ozone.lock.LockManager.getLockForReleasing(LockManager.java:220)&#10;	at org.apache.hadoop.ozone.lock.LockManager.release(LockManager.java:168)&#10;	at org.apache.hadoop.ozone.lock.LockManager.writeUnlock(LockManager.java:148)&#10;	at org.apache.hadoop.ozone.om.lock.OzoneManagerLock.unlock(OzoneManagerLock.java:364)&#10;	at org.apache.hadoop.ozone.om.lock.OzoneManagerLock.releaseWriteLock(OzoneManagerLock.java:329)&#10;	at org.apache.hadoop.ozone.om.request.key.OMKeyCommitRequest.validateAndUpdateCache(OMKeyCommitRequest.java:177)&#10;	at org.apache.hadoop.ozone.protocolPB.OzoneManagerProtocolServerSideTranslatorPB.submitRequestDirectlyToOM(OzoneManagerProtocolServerSideTranslatorPB.java:219)&#10;	at org.apache.hadoop.ozone.protocolPB.OzoneManagerProtocolServerSideTranslatorPB.processRequest(OzoneManagerProtocolServerSideTranslatorPB.java:134)&#10;	at org.apache.hadoop.hdds.server.OzoneProtocolMessageDispatcher.processRequest(OzoneProtocolMessageDispatcher.java:72)&#10;	at org.apache.hadoop.ozone.protocolPB.OzoneManagerProtocolServerSideTranslatorPB.submitRequest(OzoneManagerProtocolServerSideTranslatorPB.java:100)&#10;	at org.apache.hadoop.ozone.protocol.proto.OzoneManagerProtocolProtos$OzoneManagerService$2.callBlockingMethod(OzoneManagerProtocolProtos.java)&#10;	at org.apache.hadoop.ipc.ProtobufRpcEngine$Server$ProtoBufRpcInvoker.call(ProtobufRpcEngine.java:524)&#10;	at org.apache.hadoop.ipc.RPC$Server.call(RPC.java:1025)&#10;	at org.apache.hadoop.ipc.Server$RpcCall.run(Server.java:876)&#10;	at org.apache.hadoop.ipc.Server$RpcCall.run(Server.java:822)&#10;	at java.security.AccessController.doPrivileged(Native Method)&#10;	at javax.security.auth.Subject.doAs(Subject.java:422)&#10;	at org.apache.hadoop.security.UserGroupInformation.doAs(UserGroupInformation.java:1730)&#10;	at org.apache.hadoop.ipc.Server$Handler.run(Server.java:2682)&#10;" type="org.apache.hadoop.ipc.RemoteException(java.lang.IllegalMonitorStateException)">org.apache.hadoop.ipc.RemoteException(java.lang.IllegalMonitorStateException): Releasing lock on resource /7017ffd9-944e-4212-8263-a67c9db6dfe7/46b7e479-0b56-4576-9300-abcdfd082a6c without acquiring lock
	at org.apache.hadoop.ozone.lock.LockManager.getLockForReleasing(LockManager.java:220)
	at org.apache.hadoop.ozone.lock.LockManager.release(LockManager.java:168)
	at org.apache.hadoop.ozone.lock.LockManager.writeUnlock(LockManager.java:148)
	at org.apache.hadoop.ozone.om.lock.OzoneManagerLock.unlock(OzoneManagerLock.java:364)
	at org.apache.hadoop.ozone.om.lock.OzoneManagerLock.releaseWriteLock(OzoneManagerLock.java:329)
	at org.apache.hadoop.ozone.om.request.key.OMKeyCommitRequest.validateAndUpdateCache(OMKeyCommitRequest.java:177)
	at org.apache.hadoop.ozone.protocolPB.OzoneManagerProtocolServerSideTranslatorPB.submitRequestDirectlyToOM(OzoneManagerProtocolServerSideTranslatorPB.java:219)
	at org.apache.hadoop.ozone.protocolPB.OzoneManagerProtocolServerSideTranslatorPB.processRequest(OzoneManagerProtocolServerSideTranslatorPB.java:134)
	at org.apache.hadoop.hdds.server.OzoneProtocolMessageDispatcher.processRequest(OzoneProtocolMessageDispatcher.java:72)
	at org.apache.hadoop.ozone.protocolPB.OzoneManagerProtocolServerSideTranslatorPB.submitRequest(OzoneManagerProtocolServerSideTranslatorPB.java:100)
	at org.apache.hadoop.ozone.protocol.proto.OzoneManagerProtocolProtos$OzoneManagerService$2.callBlockingMethod(OzoneManagerProtocolProtos.java)
	at org.apache.hadoop.ipc.ProtobufRpcEngine$Server$ProtoBufRpcInvoker.call(ProtobufRpcEngine.java:524)
	at org.apache.hadoop.ipc.RPC$Server.call(RPC.java:1025)
	at org.apache.hadoop.ipc.Server$RpcCall.run(Server.java:876)
	at org.apache.hadoop.ipc.Server$RpcCall.run(Server.java:822)
	at java.security.AccessController.doPrivileged(Native Method)
	at javax.security.auth.Subject.doAs(Subject.java:422)
	at org.apache.hadoop.security.UserGroupInformation.doAs(UserGroupInformation.java:1730)
	at org.apache.hadoop.ipc.Server$Handler.run(Server.java:2682)

	at org.apache.hadoop.ipc.Client.getRpcResponse(Client.java:1511)
	at org.apache.hadoop.ipc.Client.call(Client.java:1457)
	at org.apache.hadoop.ipc.Client.call(Client.java:1367)
	at org.apache.hadoop.ipc.ProtobufRpcEngine$Invoker.invoke(ProtobufRpcEngine.java:228)
	at org.apache.hadoop.ipc.ProtobufRpcEngine$Invoker.invoke(ProtobufRpcEngine.java:116)
	at com.sun.proxy.$Proxy37.submitRequest(Unknown Source)
	at sun.reflect.GeneratedMethodAccessor72.invoke(Unknown Source)
	at sun.reflect.DelegatingMethodAccessorImpl.invoke(DelegatingMethodAccessorImpl.java:43)
	at java.lang.reflect.Method.invoke(Method.java:498)
	at org.apache.hadoop.io.retry.RetryInvocationHandler.invokeMethod(RetryInvocationHandler.java:422)
	at org.apache.hadoop.io.retry.RetryInvocationHandler$Call.invokeMethod(RetryInvocationHandler.java:165)
	at org.apache.hadoop.io.retry.RetryInvocationHandler$Call.invoke(RetryInvocationHandler.java:157)
	at org.apache.hadoop.io.retry.RetryInvocationHandler$Call.invokeOnce(RetryInvocationHandler.java:95)
	at org.apache.hadoop.io.retry.RetryInvocationHandler.invoke(RetryInvocationHandler.java:359)
	at com.sun.proxy.$Proxy37.submitRequest(Unknown Source)
	at org.apache.hadoop.ozone.om.protocolPB.OzoneManagerProtocolClientSideTranslatorPB.submitRequest(OzoneManagerProtocolClientSideTranslatorPB.java:338)
	at org.apache.hadoop.ozone.om.protocolPB.OzoneManagerProtocolClientSideTranslatorPB.commitKey(OzoneManagerProtocolClientSideTranslatorPB.java:789)
	at sun.reflect.NativeMethodAccessorImpl.invoke0(Native Method)
	at sun.reflect.NativeMethodAccessorImpl.invoke(NativeMethodAccessorImpl.java:62)
	at sun.reflect.DelegatingMethodAccessorImpl.invoke(DelegatingMethodAccessorImpl.java:43)
	at java.lang.reflect.Method.invoke(Method.java:498)
	at org.apache.hadoop.hdds.tracing.TraceAllMethod.invoke(TraceAllMethod.java:66)
	at com.sun.proxy.$Proxy38.commitKey(Unknown Source)
	at org.apache.hadoop.ozone.client.io.BlockOutputStreamEntryPool.commitKey(BlockOutputStreamEntryPool.java:277)
	at org.apache.hadoop.ozone.client.io.KeyOutputStream.close(KeyOutputStream.java:474)
	at org.apache.hadoop.ozone.client.io.OzoneOutputStream.close(OzoneOutputStream.java:60)
	at org.apache.hadoop.ozone.client.rpc.TestOzoneRpcClientAbstract.testDeleteKey(TestOzoneRpcClientAbstract.java:1254)
	at sun.reflect.NativeMethodAccessorImpl.invoke0(Native Method)
	at sun.reflect.NativeMethodAccessorImpl.invoke(NativeMethodAccessorImpl.java:62)
	at sun.reflect.DelegatingMethodAccessorImpl.invoke(DelegatingMethodAccessorImpl.java:43)
	at java.lang.reflect.Method.invoke(Method.java:498)
	at org.junit.runners.model.FrameworkMethod$1.runReflectiveCall(FrameworkMethod.java:47)
	at org.junit.internal.runners.model.ReflectiveCallable.run(ReflectiveCallable.java:12)
	at org.junit.runners.model.FrameworkMethod.invokeExplosively(FrameworkMethod.java:44)
	at org.junit.internal.runners.statements.InvokeMethod.evaluate(InvokeMethod.java:17)
	at org.junit.runners.ParentRunner.runLeaf(ParentRunner.java:271)
	at org.junit.runners.BlockJUnit4ClassRunner.runChild(BlockJUnit4ClassRunner.java:70)
	at org.junit.runners.BlockJUnit4ClassRunner.runChild(BlockJUnit4ClassRunner.java:50)
	at org.junit.runners.ParentRunner$3.run(ParentRunner.java:238)
	at org.junit.runners.ParentRunner$1.schedule(ParentRunner.java:63)
	at org.junit.runners.ParentRunner.runChildren(ParentRunner.java:236)
	at org.junit.runners.ParentRunner.access$000(ParentRunner.java:53)
	at org.junit.runners.ParentRunner$2.evaluate(ParentRunner.java:229)
	at org.junit.internal.runners.statements.RunBefores.evaluate(RunBefores.java:26)
	at org.junit.internal.runners.statements.RunAfters.evaluate(RunAfters.java:27)
	at org.junit.runners.ParentRunner.run(ParentRunner.java:309)
	at org.apache.maven.surefire.junit4.JUnit4Provider.execute(JUnit4Provider.java:365)
	at org.apache.maven.surefire.junit4.JUnit4Provider.executeWithRerun(JUnit4Provider.java:273)
	at org.apache.maven.surefire.junit4.JUnit4Provider.executeTestSet(JUnit4Provider.java:238)
	at org.apache.maven.surefire.junit4.JUnit4Provider.invoke(JUnit4Provider.java:159)
	at org.apache.maven.surefire.booter.ForkedBooter.invokeProviderInSameClassLoader(ForkedBooter.java:384)
	at org.apache.maven.surefire.booter.ForkedBooter.runSuitesInProcess(ForkedBooter.java:345)
	at org.apache.maven.surefire.booter.ForkedBooter.execute(ForkedBooter.java:126)
	at org.apache.maven.surefire.booter.ForkedBooter.main(ForkedBooter.java:418)
</error>
    <system-out><![CDATA[2019-10-16 06:06:20,510 [main] INFO  rpc.RpcClient (RpcClient.java:createVolume(272)) - Creating Volume: 7017ffd9-944e-4212-8263-a67c9db6dfe7, with jenkins1000 as owner.
2019-10-16 06:06:20,511 [IPC Server handler 14 on 42894] INFO  volume.OMVolumeCreateRequest (OMVolumeCreateRequest.java:validateAndUpdateCache(193)) - created volume:7017ffd9-944e-4212-8263-a67c9db6dfe7 for user:jenkins1000
2019-10-16 06:06:20,512 [main] INFO  rpc.RpcClient (RpcClient.java:createBucket(411)) - Creating Bucket: 7017ffd9-944e-4212-8263-a67c9db6dfe7/46b7e479-0b56-4576-9300-abcdfd082a6c, with Versioning false and Storage Type set to DISK and Encryption set to false 
2019-10-16 06:06:20,530 [IPC Server handler 1 on 42894] ERROR lock.LockManager (LockManager.java:getLockForReleasing(218)) - Trying to release the lock on /7017ffd9-944e-4212-8263-a67c9db6dfe7/46b7e479-0b56-4576-9300-abcdfd082a6c, which was never acquired.
2019-10-16 06:06:20,530 [IPC Server handler 1 on 42894] WARN  ipc.Server (Server.java:logException(2724)) - IPC Server handler 1 on 42894, call Call#3593 Retry#0 org.apache.hadoop.ozone.om.protocol.OzoneManagerProtocol.submitRequest from 127.0.0.1:60690
java.lang.IllegalMonitorStateException: Releasing lock on resource /7017ffd9-944e-4212-8263-a67c9db6dfe7/46b7e479-0b56-4576-9300-abcdfd082a6c without acquiring lock
	at org.apache.hadoop.ozone.lock.LockManager.getLockForReleasing(LockManager.java:220)
	at org.apache.hadoop.ozone.lock.LockManager.release(LockManager.java:168)
	at org.apache.hadoop.ozone.lock.LockManager.writeUnlock(LockManager.java:148)
	at org.apache.hadoop.ozone.om.lock.OzoneManagerLock.unlock(OzoneManagerLock.java:364)
	at org.apache.hadoop.ozone.om.lock.OzoneManagerLock.releaseWriteLock(OzoneManagerLock.java:329)
	at org.apache.hadoop.ozone.om.request.key.OMKeyCommitRequest.validateAndUpdateCache(OMKeyCommitRequest.java:177)
	at org.apache.hadoop.ozone.protocolPB.OzoneManagerProtocolServerSideTranslatorPB.submitRequestDirectlyToOM(OzoneManagerProtocolServerSideTranslatorPB.java:219)
	at org.apache.hadoop.ozone.protocolPB.OzoneManagerProtocolServerSideTranslatorPB.processRequest(OzoneManagerProtocolServerSideTranslatorPB.java:134)
	at org.apache.hadoop.hdds.server.OzoneProtocolMessageDispatcher.processRequest(OzoneProtocolMessageDispatcher.java:72)
	at org.apache.hadoop.ozone.protocolPB.OzoneManagerProtocolServerSideTranslatorPB.submitRequest(OzoneManagerProtocolServerSideTranslatorPB.java:100)
	at org.apache.hadoop.ozone.protocol.proto.OzoneManagerProtocolProtos$OzoneManagerService$2.callBlockingMethod(OzoneManagerProtocolProtos.java)
	at org.apache.hadoop.ipc.ProtobufRpcEngine$Server$ProtoBufRpcInvoker.call(ProtobufRpcEngine.java:524)
	at org.apache.hadoop.ipc.RPC$Server.call(RPC.java:1025)
	at org.apache.hadoop.ipc.Server$RpcCall.run(Server.java:876)
	at org.apache.hadoop.ipc.Server$RpcCall.run(Server.java:822)
	at java.security.AccessController.doPrivileged(Native Method)
	at javax.security.auth.Subject.doAs(Subject.java:422)
	at org.apache.hadoop.security.UserGroupInformation.doAs(UserGroupInformation.java:1730)
	at org.apache.hadoop.ipc.Server$Handler.run(Server.java:2682)
2019-10-16 06:06:20,531 [main] INFO  retry.RetryInvocationHandler (RetryInvocationHandler.java:log(411)) - com.google.protobuf.ServiceException: org.apache.hadoop.ipc.RemoteException(java.lang.IllegalMonitorStateException): Releasing lock on resource /7017ffd9-944e-4212-8263-a67c9db6dfe7/46b7e479-0b56-4576-9300-abcdfd082a6c without acquiring lock
	at org.apache.hadoop.ozone.lock.LockManager.getLockForReleasing(LockManager.java:220)
	at org.apache.hadoop.ozone.lock.LockManager.release(LockManager.java:168)
	at org.apache.hadoop.ozone.lock.LockManager.writeUnlock(LockManager.java:148)
	at org.apache.hadoop.ozone.om.lock.OzoneManagerLock.unlock(OzoneManagerLock.java:364)
	at org.apache.hadoop.ozone.om.lock.OzoneManagerLock.releaseWriteLock(OzoneManagerLock.java:329)
	at org.apache.hadoop.ozone.om.request.key.OMKeyCommitRequest.validateAndUpdateCache(OMKeyCommitRequest.java:177)
	at org.apache.hadoop.ozone.protocolPB.OzoneManagerProtocolServerSideTranslatorPB.submitRequestDirectlyToOM(OzoneManagerProtocolServerSideTranslatorPB.java:219)
	at org.apache.hadoop.ozone.protocolPB.OzoneManagerProtocolServerSideTranslatorPB.processRequest(OzoneManagerProtocolServerSideTranslatorPB.java:134)
	at org.apache.hadoop.hdds.server.OzoneProtocolMessageDispatcher.processRequest(OzoneProtocolMessageDispatcher.java:72)
	at org.apache.hadoop.ozone.protocolPB.OzoneManagerProtocolServerSideTranslatorPB.submitRequest(OzoneManagerProtocolServerSideTranslatorPB.java:100)
	at org.apache.hadoop.ozone.protocol.proto.OzoneManagerProtocolProtos$OzoneManagerService$2.callBlockingMethod(OzoneManagerProtocolProtos.java)
	at org.apache.hadoop.ipc.ProtobufRpcEngine$Server$ProtoBufRpcInvoker.call(ProtobufRpcEngine.java:524)
	at org.apache.hadoop.ipc.RPC$Server.call(RPC.java:1025)
	at org.apache.hadoop.ipc.Server$RpcCall.run(Server.java:876)
	at org.apache.hadoop.ipc.Server$RpcCall.run(Server.java:822)
	at java.security.AccessController.doPrivileged(Native Method)
	at javax.security.auth.Subject.doAs(Subject.java:422)
	at org.apache.hadoop.security.UserGroupInformation.doAs(UserGroupInformation.java:1730)
	at org.apache.hadoop.ipc.Server$Handler.run(Server.java:2682)
, while invoking $Proxy37.submitRequest over nodeId=null,nodeAddress=localhost:42894. Trying to failover immediately.
2019-10-16 06:06:20,532 [IPC Server handler 17 on 42894] ERROR lock.LockManager (LockManager.java:getLockForReleasing(218)) - Trying to release the lock on /7017ffd9-944e-4212-8263-a67c9db6dfe7/46b7e479-0b56-4576-9300-abcdfd082a6c, which was never acquired.
2019-10-16 06:06:20,532 [IPC Server handler 17 on 42894] WARN  ipc.Server (Server.java:logException(2724)) - IPC Server handler 17 on 42894, call Call#3593 Retry#1 org.apache.hadoop.ozone.om.protocol.OzoneManagerProtocol.submitRequest from 127.0.0.1:60690
java.lang.IllegalMonitorStateException: Releasing lock on resource /7017ffd9-944e-4212-8263-a67c9db6dfe7/46b7e479-0b56-4576-9300-abcdfd082a6c without acquiring lock
	at org.apache.hadoop.ozone.lock.LockManager.getLockForReleasing(LockManager.java:220)
	at org.apache.hadoop.ozone.lock.LockManager.release(LockManager.java:168)
	at org.apache.hadoop.ozone.lock.LockManager.writeUnlock(LockManager.java:148)
	at org.apache.hadoop.ozone.om.lock.OzoneManagerLock.unlock(OzoneManagerLock.java:364)
	at org.apache.hadoop.ozone.om.lock.OzoneManagerLock.releaseWriteLock(OzoneManagerLock.java:329)
	at org.apache.hadoop.ozone.om.request.key.OMKeyCommitRequest.validateAndUpdateCache(OMKeyCommitRequest.java:177)
	at org.apache.hadoop.ozone.protocolPB.OzoneManagerProtocolServerSideTranslatorPB.submitRequestDirectlyToOM(OzoneManagerProtocolServerSideTranslatorPB.java:219)
	at org.apache.hadoop.ozone.protocolPB.OzoneManagerProtocolServerSideTranslatorPB.processRequest(OzoneManagerProtocolServerSideTranslatorPB.java:134)
	at org.apache.hadoop.hdds.server.OzoneProtocolMessageDispatcher.processRequest(OzoneProtocolMessageDispatcher.java:72)
	at org.apache.hadoop.ozone.protocolPB.OzoneManagerProtocolServerSideTranslatorPB.submitRequest(OzoneManagerProtocolServerSideTranslatorPB.java:100)
	at org.apache.hadoop.ozone.protocol.proto.OzoneManagerProtocolProtos$OzoneManagerService$2.callBlockingMethod(OzoneManagerProtocolProtos.java)
	at org.apache.hadoop.ipc.ProtobufRpcEngine$Server$ProtoBufRpcInvoker.call(ProtobufRpcEngine.java:524)
	at org.apache.hadoop.ipc.RPC$Server.call(RPC.java:1025)
	at org.apache.hadoop.ipc.Server$RpcCall.run(Server.java:876)
	at org.apache.hadoop.ipc.Server$RpcCall.run(Server.java:822)
	at java.security.AccessController.doPrivileged(Native Method)
	at javax.security.auth.Subject.doAs(Subject.java:422)
	at org.apache.hadoop.security.UserGroupInformation.doAs(UserGroupInformation.java:1730)
	at org.apache.hadoop.ipc.Server$Handler.run(Server.java:2682)
2019-10-16 06:06:20,532 [main] INFO  retry.RetryInvocationHandler (RetryInvocationHandler.java:log(411)) - com.google.protobuf.ServiceException: org.apache.hadoop.ipc.RemoteException(java.lang.IllegalMonitorStateException): Releasing lock on resource /7017ffd9-944e-4212-8263-a67c9db6dfe7/46b7e479-0b56-4576-9300-abcdfd082a6c without acquiring lock
	at org.apache.hadoop.ozone.lock.LockManager.getLockForReleasing(LockManager.java:220)
	at org.apache.hadoop.ozone.lock.LockManager.release(LockManager.java:168)
	at org.apache.hadoop.ozone.lock.LockManager.writeUnlock(LockManager.java:148)
	at org.apache.hadoop.ozone.om.lock.OzoneManagerLock.unlock(OzoneManagerLock.java:364)
	at org.apache.hadoop.ozone.om.lock.OzoneManagerLock.releaseWriteLock(OzoneManagerLock.java:329)
	at org.apache.hadoop.ozone.om.request.key.OMKeyCommitRequest.validateAndUpdateCache(OMKeyCommitRequest.java:177)
	at org.apache.hadoop.ozone.protocolPB.OzoneManagerProtocolServerSideTranslatorPB.submitRequestDirectlyToOM(OzoneManagerProtocolServerSideTranslatorPB.java:219)
	at org.apache.hadoop.ozone.protocolPB.OzoneManagerProtocolServerSideTranslatorPB.processRequest(OzoneManagerProtocolServerSideTranslatorPB.java:134)
	at org.apache.hadoop.hdds.server.OzoneProtocolMessageDispatcher.processRequest(OzoneProtocolMessageDispatcher.java:72)
	at org.apache.hadoop.ozone.protocolPB.OzoneManagerProtocolServerSideTranslatorPB.submitRequest(OzoneManagerProtocolServerSideTranslatorPB.java:100)
	at org.apache.hadoop.ozone.protocol.proto.OzoneManagerProtocolProtos$OzoneManagerService$2.callBlockingMethod(OzoneManagerProtocolProtos.java)
	at org.apache.hadoop.ipc.ProtobufRpcEngine$Server$ProtoBufRpcInvoker.call(ProtobufRpcEngine.java:524)
	at org.apache.hadoop.ipc.RPC$Server.call(RPC.java:1025)
	at org.apache.hadoop.ipc.Server$RpcCall.run(Server.java:876)
	at org.apache.hadoop.ipc.Server$RpcCall.run(Server.java:822)
	at java.security.AccessController.doPrivileged(Native Method)
	at javax.security.auth.Subject.doAs(Subject.java:422)
	at org.apache.hadoop.security.UserGroupInformation.doAs(UserGroupInformation.java:1730)
	at org.apache.hadoop.ipc.Server$Handler.run(Server.java:2682)
, while invoking $Proxy37.submitRequest over nodeId=null,nodeAddress=localhost:42894 after 1 failover attempts. Trying to failover immediately.
2019-10-16 06:06:20,533 [IPC Server handler 9 on 42894] ERROR lock.LockManager (LockManager.java:getLockForReleasing(218)) - Trying to release the lock on /7017ffd9-944e-4212-8263-a67c9db6dfe7/46b7e479-0b56-4576-9300-abcdfd082a6c, which was never acquired.
2019-10-16 06:06:20,533 [IPC Server handler 9 on 42894] WARN  ipc.Server (Server.java:logException(2724)) - IPC Server handler 9 on 42894, call Call#3593 Retry#2 org.apache.hadoop.ozone.om.protocol.OzoneManagerProtocol.submitRequest from 127.0.0.1:60690
java.lang.IllegalMonitorStateException: Releasing lock on resource /7017ffd9-944e-4212-8263-a67c9db6dfe7/46b7e479-0b56-4576-9300-abcdfd082a6c without acquiring lock
	at org.apache.hadoop.ozone.lock.LockManager.getLockForReleasing(LockManager.java:220)
	at org.apache.hadoop.ozone.lock.LockManager.release(LockManager.java:168)
	at org.apache.hadoop.ozone.lock.LockManager.writeUnlock(LockManager.java:148)
	at org.apache.hadoop.ozone.om.lock.OzoneManagerLock.unlock(OzoneManagerLock.java:364)
	at org.apache.hadoop.ozone.om.lock.OzoneManagerLock.releaseWriteLock(OzoneManagerLock.java:329)
	at org.apache.hadoop.ozone.om.request.key.OMKeyCommitRequest.validateAndUpdateCache(OMKeyCommitRequest.java:177)
	at org.apache.hadoop.ozone.protocolPB.OzoneManagerProtocolServerSideTranslatorPB.submitRequestDirectlyToOM(OzoneManagerProtocolServerSideTranslatorPB.java:219)
	at org.apache.hadoop.ozone.protocolPB.OzoneManagerProtocolServerSideTranslatorPB.processRequest(OzoneManagerProtocolServerSideTranslatorPB.java:134)
	at org.apache.hadoop.hdds.server.OzoneProtocolMessageDispatcher.processRequest(OzoneProtocolMessageDispatcher.java:72)
	at org.apache.hadoop.ozone.protocolPB.OzoneManagerProtocolServerSideTranslatorPB.submitRequest(OzoneManagerProtocolServerSideTranslatorPB.java:100)
	at org.apache.hadoop.ozone.protocol.proto.OzoneManagerProtocolProtos$OzoneManagerService$2.callBlockingMethod(OzoneManagerProtocolProtos.java)
	at org.apache.hadoop.ipc.ProtobufRpcEngine$Server$ProtoBufRpcInvoker.call(ProtobufRpcEngine.java:524)
	at org.apache.hadoop.ipc.RPC$Server.call(RPC.java:1025)
	at org.apache.hadoop.ipc.Server$RpcCall.run(Server.java:876)
	at org.apache.hadoop.ipc.Server$RpcCall.run(Server.java:822)
	at java.security.AccessController.doPrivileged(Native Method)
	at javax.security.auth.Subject.doAs(Subject.java:422)
	at org.apache.hadoop.security.UserGroupInformation.doAs(UserGroupInformation.java:1730)
	at org.apache.hadoop.ipc.Server$Handler.run(Server.java:2682)
2019-10-16 06:06:20,534 [main] INFO  retry.RetryInvocationHandler (RetryInvocationHandler.java:log(411)) - com.google.protobuf.ServiceException: org.apache.hadoop.ipc.RemoteException(java.lang.IllegalMonitorStateException): Releasing lock on resource /7017ffd9-944e-4212-8263-a67c9db6dfe7/46b7e479-0b56-4576-9300-abcdfd082a6c without acquiring lock
	at org.apache.hadoop.ozone.lock.LockManager.getLockForReleasing(LockManager.java:220)
	at org.apache.hadoop.ozone.lock.LockManager.release(LockManager.java:168)
	at org.apache.hadoop.ozone.lock.LockManager.writeUnlock(LockManager.java:148)
	at org.apache.hadoop.ozone.om.lock.OzoneManagerLock.unlock(OzoneManagerLock.java:364)
	at org.apache.hadoop.ozone.om.lock.OzoneManagerLock.releaseWriteLock(OzoneManagerLock.java:329)
	at org.apache.hadoop.ozone.om.request.key.OMKeyCommitRequest.validateAndUpdateCache(OMKeyCommitRequest.java:177)
	at org.apache.hadoop.ozone.protocolPB.OzoneManagerProtocolServerSideTranslatorPB.submitRequestDirectlyToOM(OzoneManagerProtocolServerSideTranslatorPB.java:219)
	at org.apache.hadoop.ozone.protocolPB.OzoneManagerProtocolServerSideTranslatorPB.processRequest(OzoneManagerProtocolServerSideTranslatorPB.java:134)
	at org.apache.hadoop.hdds.server.OzoneProtocolMessageDispatcher.processRequest(OzoneProtocolMessageDispatcher.java:72)
	at org.apache.hadoop.ozone.protocolPB.OzoneManagerProtocolServerSideTranslatorPB.submitRequest(OzoneManagerProtocolServerSideTranslatorPB.java:100)
	at org.apache.hadoop.ozone.protocol.proto.OzoneManagerProtocolProtos$OzoneManagerService$2.callBlockingMethod(OzoneManagerProtocolProtos.java)
	at org.apache.hadoop.ipc.ProtobufRpcEngine$Server$ProtoBufRpcInvoker.call(ProtobufRpcEngine.java:524)
	at org.apache.hadoop.ipc.RPC$Server.call(RPC.java:1025)
	at org.apache.hadoop.ipc.Server$RpcCall.run(Server.java:876)
	at org.apache.hadoop.ipc.Server$RpcCall.run(Server.java:822)
	at java.security.AccessController.doPrivileged(Native Method)
	at javax.security.auth.Subject.doAs(Subject.java:422)
	at org.apache.hadoop.security.UserGroupInformation.doAs(UserGroupInformation.java:1730)
	at org.apache.hadoop.ipc.Server$Handler.run(Server.java:2682)
, while invoking $Proxy37.submitRequest over nodeId=null,nodeAddress=localhost:42894 after 2 failover attempts. Trying to failover immediately.
2019-10-16 06:06:20,535 [IPC Server handler 0 on 42894] ERROR lock.LockManager (LockManager.java:getLockForReleasing(218)) - Trying to release the lock on /7017ffd9-944e-4212-8263-a67c9db6dfe7/46b7e479-0b56-4576-9300-abcdfd082a6c, which was never acquired.
2019-10-16 06:06:20,535 [IPC Server handler 0 on 42894] WARN  ipc.Server (Server.java:logException(2724)) - IPC Server handler 0 on 42894, call Call#3593 Retry#3 org.apache.hadoop.ozone.om.protocol.OzoneManagerProtocol.submitRequest from 127.0.0.1:60690
java.lang.IllegalMonitorStateException: Releasing lock on resource /7017ffd9-944e-4212-8263-a67c9db6dfe7/46b7e479-0b56-4576-9300-abcdfd082a6c without acquiring lock
	at org.apache.hadoop.ozone.lock.LockManager.getLockForReleasing(LockManager.java:220)
	at org.apache.hadoop.ozone.lock.LockManager.release(LockManager.java:168)
	at org.apache.hadoop.ozone.lock.LockManager.writeUnlock(LockManager.java:148)
	at org.apache.hadoop.ozone.om.lock.OzoneManagerLock.unlock(OzoneManagerLock.java:364)
	at org.apache.hadoop.ozone.om.lock.OzoneManagerLock.releaseWriteLock(OzoneManagerLock.java:329)
	at org.apache.hadoop.ozone.om.request.key.OMKeyCommitRequest.validateAndUpdateCache(OMKeyCommitRequest.java:177)
	at org.apache.hadoop.ozone.protocolPB.OzoneManagerProtocolServerSideTranslatorPB.submitRequestDirectlyToOM(OzoneManagerProtocolServerSideTranslatorPB.java:219)
	at org.apache.hadoop.ozone.protocolPB.OzoneManagerProtocolServerSideTranslatorPB.processRequest(OzoneManagerProtocolServerSideTranslatorPB.java:134)
	at org.apache.hadoop.hdds.server.OzoneProtocolMessageDispatcher.processRequest(OzoneProtocolMessageDispatcher.java:72)
	at org.apache.hadoop.ozone.protocolPB.OzoneManagerProtocolServerSideTranslatorPB.submitRequest(OzoneManagerProtocolServerSideTranslatorPB.java:100)
	at org.apache.hadoop.ozone.protocol.proto.OzoneManagerProtocolProtos$OzoneManagerService$2.callBlockingMethod(OzoneManagerProtocolProtos.java)
	at org.apache.hadoop.ipc.ProtobufRpcEngine$Server$ProtoBufRpcInvoker.call(ProtobufRpcEngine.java:524)
	at org.apache.hadoop.ipc.RPC$Server.call(RPC.java:1025)
	at org.apache.hadoop.ipc.Server$RpcCall.run(Server.java:876)
	at org.apache.hadoop.ipc.Server$RpcCall.run(Server.java:822)
	at java.security.AccessController.doPrivileged(Native Method)
	at javax.security.auth.Subject.doAs(Subject.java:422)
	at org.apache.hadoop.security.UserGroupInformation.doAs(UserGroupInformation.java:1730)
	at org.apache.hadoop.ipc.Server$Handler.run(Server.java:2682)
2019-10-16 06:06:20,536 [main] INFO  retry.RetryInvocationHandler (RetryInvocationHandler.java:log(411)) - com.google.protobuf.ServiceException: org.apache.hadoop.ipc.RemoteException(java.lang.IllegalMonitorStateException): Releasing lock on resource /7017ffd9-944e-4212-8263-a67c9db6dfe7/46b7e479-0b56-4576-9300-abcdfd082a6c without acquiring lock
	at org.apache.hadoop.ozone.lock.LockManager.getLockForReleasing(LockManager.java:220)
	at org.apache.hadoop.ozone.lock.LockManager.release(LockManager.java:168)
	at org.apache.hadoop.ozone.lock.LockManager.writeUnlock(LockManager.java:148)
	at org.apache.hadoop.ozone.om.lock.OzoneManagerLock.unlock(OzoneManagerLock.java:364)
	at org.apache.hadoop.ozone.om.lock.OzoneManagerLock.releaseWriteLock(OzoneManagerLock.java:329)
	at org.apache.hadoop.ozone.om.request.key.OMKeyCommitRequest.validateAndUpdateCache(OMKeyCommitRequest.java:177)
	at org.apache.hadoop.ozone.protocolPB.OzoneManagerProtocolServerSideTranslatorPB.submitRequestDirectlyToOM(OzoneManagerProtocolServerSideTranslatorPB.java:219)
	at org.apache.hadoop.ozone.protocolPB.OzoneManagerProtocolServerSideTranslatorPB.processRequest(OzoneManagerProtocolServerSideTranslatorPB.java:134)
	at org.apache.hadoop.hdds.server.OzoneProtocolMessageDispatcher.processRequest(OzoneProtocolMessageDispatcher.java:72)
	at org.apache.hadoop.ozone.protocolPB.OzoneManagerProtocolServerSideTranslatorPB.submitRequest(OzoneManagerProtocolServerSideTranslatorPB.java:100)
	at org.apache.hadoop.ozone.protocol.proto.OzoneManagerProtocolProtos$OzoneManagerService$2.callBlockingMethod(OzoneManagerProtocolProtos.java)
	at org.apache.hadoop.ipc.ProtobufRpcEngine$Server$ProtoBufRpcInvoker.call(ProtobufRpcEngine.java:524)
	at org.apache.hadoop.ipc.RPC$Server.call(RPC.java:1025)
	at org.apache.hadoop.ipc.Server$RpcCall.run(Server.java:876)
	at org.apache.hadoop.ipc.Server$RpcCall.run(Server.java:822)
	at java.security.AccessController.doPrivileged(Native Method)
	at javax.security.auth.Subject.doAs(Subject.java:422)
	at org.apache.hadoop.security.UserGroupInformation.doAs(UserGroupInformation.java:1730)
	at org.apache.hadoop.ipc.Server$Handler.run(Server.java:2682)
, while invoking $Proxy37.submitRequest over nodeId=null,nodeAddress=localhost:42894 after 3 failover attempts. Trying to failover immediately.
2019-10-16 06:06:20,536 [IPC Server handler 5 on 42894] ERROR lock.LockManager (LockManager.java:getLockForReleasing(218)) - Trying to release the lock on /7017ffd9-944e-4212-8263-a67c9db6dfe7/46b7e479-0b56-4576-9300-abcdfd082a6c, which was never acquired.
2019-10-16 06:06:20,537 [IPC Server handler 5 on 42894] WARN  ipc.Server (Server.java:logException(2724)) - IPC Server handler 5 on 42894, call Call#3593 Retry#4 org.apache.hadoop.ozone.om.protocol.OzoneManagerProtocol.submitRequest from 127.0.0.1:60690
java.lang.IllegalMonitorStateException: Releasing lock on resource /7017ffd9-944e-4212-8263-a67c9db6dfe7/46b7e479-0b56-4576-9300-abcdfd082a6c without acquiring lock
	at org.apache.hadoop.ozone.lock.LockManager.getLockForReleasing(LockManager.java:220)
	at org.apache.hadoop.ozone.lock.LockManager.release(LockManager.java:168)
	at org.apache.hadoop.ozone.lock.LockManager.writeUnlock(LockManager.java:148)
	at org.apache.hadoop.ozone.om.lock.OzoneManagerLock.unlock(OzoneManagerLock.java:364)
	at org.apache.hadoop.ozone.om.lock.OzoneManagerLock.releaseWriteLock(OzoneManagerLock.java:329)
	at org.apache.hadoop.ozone.om.request.key.OMKeyCommitRequest.validateAndUpdateCache(OMKeyCommitRequest.java:177)
	at org.apache.hadoop.ozone.protocolPB.OzoneManagerProtocolServerSideTranslatorPB.submitRequestDirectlyToOM(OzoneManagerProtocolServerSideTranslatorPB.java:219)
	at org.apache.hadoop.ozone.protocolPB.OzoneManagerProtocolServerSideTranslatorPB.processRequest(OzoneManagerProtocolServerSideTranslatorPB.java:134)
	at org.apache.hadoop.hdds.server.OzoneProtocolMessageDispatcher.processRequest(OzoneProtocolMessageDispatcher.java:72)
	at org.apache.hadoop.ozone.protocolPB.OzoneManagerProtocolServerSideTranslatorPB.submitRequest(OzoneManagerProtocolServerSideTranslatorPB.java:100)
	at org.apache.hadoop.ozone.protocol.proto.OzoneManagerProtocolProtos$OzoneManagerService$2.callBlockingMethod(OzoneManagerProtocolProtos.java)
	at org.apache.hadoop.ipc.ProtobufRpcEngine$Server$ProtoBufRpcInvoker.call(ProtobufRpcEngine.java:524)
	at org.apache.hadoop.ipc.RPC$Server.call(RPC.java:1025)
	at org.apache.hadoop.ipc.Server$RpcCall.run(Server.java:876)
	at org.apache.hadoop.ipc.Server$RpcCall.run(Server.java:822)
	at java.security.AccessController.doPrivileged(Native Method)
	at javax.security.auth.Subject.doAs(Subject.java:422)
	at org.apache.hadoop.security.UserGroupInformation.doAs(UserGroupInformation.java:1730)
	at org.apache.hadoop.ipc.Server$Handler.run(Server.java:2682)
2019-10-16 06:06:20,537 [main] INFO  retry.RetryInvocationHandler (RetryInvocationHandler.java:log(411)) - com.google.protobuf.ServiceException: org.apache.hadoop.ipc.RemoteException(java.lang.IllegalMonitorStateException): Releasing lock on resource /7017ffd9-944e-4212-8263-a67c9db6dfe7/46b7e479-0b56-4576-9300-abcdfd082a6c without acquiring lock
	at org.apache.hadoop.ozone.lock.LockManager.getLockForReleasing(LockManager.java:220)
	at org.apache.hadoop.ozone.lock.LockManager.release(LockManager.java:168)
	at org.apache.hadoop.ozone.lock.LockManager.writeUnlock(LockManager.java:148)
	at org.apache.hadoop.ozone.om.lock.OzoneManagerLock.unlock(OzoneManagerLock.java:364)
	at org.apache.hadoop.ozone.om.lock.OzoneManagerLock.releaseWriteLock(OzoneManagerLock.java:329)
	at org.apache.hadoop.ozone.om.request.key.OMKeyCommitRequest.validateAndUpdateCache(OMKeyCommitRequest.java:177)
	at org.apache.hadoop.ozone.protocolPB.OzoneManagerProtocolServerSideTranslatorPB.submitRequestDirectlyToOM(OzoneManagerProtocolServerSideTranslatorPB.java:219)
	at org.apache.hadoop.ozone.protocolPB.OzoneManagerProtocolServerSideTranslatorPB.processRequest(OzoneManagerProtocolServerSideTranslatorPB.java:134)
	at org.apache.hadoop.hdds.server.OzoneProtocolMessageDispatcher.processRequest(OzoneProtocolMessageDispatcher.java:72)
	at org.apache.hadoop.ozone.protocolPB.OzoneManagerProtocolServerSideTranslatorPB.submitRequest(OzoneManagerProtocolServerSideTranslatorPB.java:100)
	at org.apache.hadoop.ozone.protocol.proto.OzoneManagerProtocolProtos$OzoneManagerService$2.callBlockingMethod(OzoneManagerProtocolProtos.java)
	at org.apache.hadoop.ipc.ProtobufRpcEngine$Server$ProtoBufRpcInvoker.call(ProtobufRpcEngine.java:524)
	at org.apache.hadoop.ipc.RPC$Server.call(RPC.java:1025)
	at org.apache.hadoop.ipc.Server$RpcCall.run(Server.java:876)
	at org.apache.hadoop.ipc.Server$RpcCall.run(Server.java:822)
	at java.security.AccessController.doPrivileged(Native Method)
	at javax.security.auth.Subject.doAs(Subject.java:422)
	at org.apache.hadoop.security.UserGroupInformation.doAs(UserGroupInformation.java:1730)
	at org.apache.hadoop.ipc.Server$Handler.run(Server.java:2682)
, while invoking $Proxy37.submitRequest over nodeId=null,nodeAddress=localhost:42894 after 4 failover attempts. Trying to failover immediately.
2019-10-16 06:06:20,538 [IPC Server handler 11 on 42894] ERROR lock.LockManager (LockManager.java:getLockForReleasing(218)) - Trying to release the lock on /7017ffd9-944e-4212-8263-a67c9db6dfe7/46b7e479-0b56-4576-9300-abcdfd082a6c, which was never acquired.
2019-10-16 06:06:20,538 [IPC Server handler 11 on 42894] WARN  ipc.Server (Server.java:logException(2724)) - IPC Server handler 11 on 42894, call Call#3593 Retry#5 org.apache.hadoop.ozone.om.protocol.OzoneManagerProtocol.submitRequest from 127.0.0.1:60690
java.lang.IllegalMonitorStateException: Releasing lock on resource /7017ffd9-944e-4212-8263-a67c9db6dfe7/46b7e479-0b56-4576-9300-abcdfd082a6c without acquiring lock
	at org.apache.hadoop.ozone.lock.LockManager.getLockForReleasing(LockManager.java:220)
	at org.apache.hadoop.ozone.lock.LockManager.release(LockManager.java:168)
	at org.apache.hadoop.ozone.lock.LockManager.writeUnlock(LockManager.java:148)
	at org.apache.hadoop.ozone.om.lock.OzoneManagerLock.unlock(OzoneManagerLock.java:364)
	at org.apache.hadoop.ozone.om.lock.OzoneManagerLock.releaseWriteLock(OzoneManagerLock.java:329)
	at org.apache.hadoop.ozone.om.request.key.OMKeyCommitRequest.validateAndUpdateCache(OMKeyCommitRequest.java:177)
	at org.apache.hadoop.ozone.protocolPB.OzoneManagerProtocolServerSideTranslatorPB.submitRequestDirectlyToOM(OzoneManagerProtocolServerSideTranslatorPB.java:219)
	at org.apache.hadoop.ozone.protocolPB.OzoneManagerProtocolServerSideTranslatorPB.processRequest(OzoneManagerProtocolServerSideTranslatorPB.java:134)
	at org.apache.hadoop.hdds.server.OzoneProtocolMessageDispatcher.processRequest(OzoneProtocolMessageDispatcher.java:72)
	at org.apache.hadoop.ozone.protocolPB.OzoneManagerProtocolServerSideTranslatorPB.submitRequest(OzoneManagerProtocolServerSideTranslatorPB.java:100)
	at org.apache.hadoop.ozone.protocol.proto.OzoneManagerProtocolProtos$OzoneManagerService$2.callBlockingMethod(OzoneManagerProtocolProtos.java)
	at org.apache.hadoop.ipc.ProtobufRpcEngine$Server$ProtoBufRpcInvoker.call(ProtobufRpcEngine.java:524)
	at org.apache.hadoop.ipc.RPC$Server.call(RPC.java:1025)
	at org.apache.hadoop.ipc.Server$RpcCall.run(Server.java:876)
	at org.apache.hadoop.ipc.Server$RpcCall.run(Server.java:822)
	at java.security.AccessController.doPrivileged(Native Method)
	at javax.security.auth.Subject.doAs(Subject.java:422)
	at org.apache.hadoop.security.UserGroupInformation.doAs(UserGroupInformation.java:1730)
	at org.apache.hadoop.ipc.Server$Handler.run(Server.java:2682)
2019-10-16 06:06:20,539 [main] INFO  retry.RetryInvocationHandler (RetryInvocationHandler.java:log(411)) - com.google.protobuf.ServiceException: org.apache.hadoop.ipc.RemoteException(java.lang.IllegalMonitorStateException): Releasing lock on resource /7017ffd9-944e-4212-8263-a67c9db6dfe7/46b7e479-0b56-4576-9300-abcdfd082a6c without acquiring lock
	at org.apache.hadoop.ozone.lock.LockManager.getLockForReleasing(LockManager.java:220)
	at org.apache.hadoop.ozone.lock.LockManager.release(LockManager.java:168)
	at org.apache.hadoop.ozone.lock.LockManager.writeUnlock(LockManager.java:148)
	at org.apache.hadoop.ozone.om.lock.OzoneManagerLock.unlock(OzoneManagerLock.java:364)
	at org.apache.hadoop.ozone.om.lock.OzoneManagerLock.releaseWriteLock(OzoneManagerLock.java:329)
	at org.apache.hadoop.ozone.om.request.key.OMKeyCommitRequest.validateAndUpdateCache(OMKeyCommitRequest.java:177)
	at org.apache.hadoop.ozone.protocolPB.OzoneManagerProtocolServerSideTranslatorPB.submitRequestDirectlyToOM(OzoneManagerProtocolServerSideTranslatorPB.java:219)
	at org.apache.hadoop.ozone.protocolPB.OzoneManagerProtocolServerSideTranslatorPB.processRequest(OzoneManagerProtocolServerSideTranslatorPB.java:134)
	at org.apache.hadoop.hdds.server.OzoneProtocolMessageDispatcher.processRequest(OzoneProtocolMessageDispatcher.java:72)
	at org.apache.hadoop.ozone.protocolPB.OzoneManagerProtocolServerSideTranslatorPB.submitRequest(OzoneManagerProtocolServerSideTranslatorPB.java:100)
	at org.apache.hadoop.ozone.protocol.proto.OzoneManagerProtocolProtos$OzoneManagerService$2.callBlockingMethod(OzoneManagerProtocolProtos.java)
	at org.apache.hadoop.ipc.ProtobufRpcEngine$Server$ProtoBufRpcInvoker.call(ProtobufRpcEngine.java:524)
	at org.apache.hadoop.ipc.RPC$Server.call(RPC.java:1025)
	at org.apache.hadoop.ipc.Server$RpcCall.run(Server.java:876)
	at org.apache.hadoop.ipc.Server$RpcCall.run(Server.java:822)
	at java.security.AccessController.doPrivileged(Native Method)
	at javax.security.auth.Subject.doAs(Subject.java:422)
	at org.apache.hadoop.security.UserGroupInformation.doAs(UserGroupInformation.java:1730)
	at org.apache.hadoop.ipc.Server$Handler.run(Server.java:2682)
, while invoking $Proxy37.submitRequest over nodeId=null,nodeAddress=localhost:42894 after 5 failover attempts. Trying to failover immediately.
2019-10-16 06:06:20,540 [IPC Server handler 3 on 42894] ERROR lock.LockManager (LockManager.java:getLockForReleasing(218)) - Trying to release the lock on /7017ffd9-944e-4212-8263-a67c9db6dfe7/46b7e479-0b56-4576-9300-abcdfd082a6c, which was never acquired.
2019-10-16 06:06:20,540 [IPC Server handler 3 on 42894] WARN  ipc.Server (Server.java:logException(2724)) - IPC Server handler 3 on 42894, call Call#3593 Retry#6 org.apache.hadoop.ozone.om.protocol.OzoneManagerProtocol.submitRequest from 127.0.0.1:60690
java.lang.IllegalMonitorStateException: Releasing lock on resource /7017ffd9-944e-4212-8263-a67c9db6dfe7/46b7e479-0b56-4576-9300-abcdfd082a6c without acquiring lock
	at org.apache.hadoop.ozone.lock.LockManager.getLockForReleasing(LockManager.java:220)
	at org.apache.hadoop.ozone.lock.LockManager.release(LockManager.java:168)
	at org.apache.hadoop.ozone.lock.LockManager.writeUnlock(LockManager.java:148)
	at org.apache.hadoop.ozone.om.lock.OzoneManagerLock.unlock(OzoneManagerLock.java:364)
	at org.apache.hadoop.ozone.om.lock.OzoneManagerLock.releaseWriteLock(OzoneManagerLock.java:329)
	at org.apache.hadoop.ozone.om.request.key.OMKeyCommitRequest.validateAndUpdateCache(OMKeyCommitRequest.java:177)
	at org.apache.hadoop.ozone.protocolPB.OzoneManagerProtocolServerSideTranslatorPB.submitRequestDirectlyToOM(OzoneManagerProtocolServerSideTranslatorPB.java:219)
	at org.apache.hadoop.ozone.protocolPB.OzoneManagerProtocolServerSideTranslatorPB.processRequest(OzoneManagerProtocolServerSideTranslatorPB.java:134)
	at org.apache.hadoop.hdds.server.OzoneProtocolMessageDispatcher.processRequest(OzoneProtocolMessageDispatcher.java:72)
	at org.apache.hadoop.ozone.protocolPB.OzoneManagerProtocolServerSideTranslatorPB.submitRequest(OzoneManagerProtocolServerSideTranslatorPB.java:100)
	at org.apache.hadoop.ozone.protocol.proto.OzoneManagerProtocolProtos$OzoneManagerService$2.callBlockingMethod(OzoneManagerProtocolProtos.java)
	at org.apache.hadoop.ipc.ProtobufRpcEngine$Server$ProtoBufRpcInvoker.call(ProtobufRpcEngine.java:524)
	at org.apache.hadoop.ipc.RPC$Server.call(RPC.java:1025)
	at org.apache.hadoop.ipc.Server$RpcCall.run(Server.java:876)
	at org.apache.hadoop.ipc.Server$RpcCall.run(Server.java:822)
	at java.security.AccessController.doPrivileged(Native Method)
	at javax.security.auth.Subject.doAs(Subject.java:422)
	at org.apache.hadoop.security.UserGroupInformation.doAs(UserGroupInformation.java:1730)
	at org.apache.hadoop.ipc.Server$Handler.run(Server.java:2682)
2019-10-16 06:06:20,540 [main] INFO  retry.RetryInvocationHandler (RetryInvocationHandler.java:log(411)) - com.google.protobuf.ServiceException: org.apache.hadoop.ipc.RemoteException(java.lang.IllegalMonitorStateException): Releasing lock on resource /7017ffd9-944e-4212-8263-a67c9db6dfe7/46b7e479-0b56-4576-9300-abcdfd082a6c without acquiring lock
	at org.apache.hadoop.ozone.lock.LockManager.getLockForReleasing(LockManager.java:220)
	at org.apache.hadoop.ozone.lock.LockManager.release(LockManager.java:168)
	at org.apache.hadoop.ozone.lock.LockManager.writeUnlock(LockManager.java:148)
	at org.apache.hadoop.ozone.om.lock.OzoneManagerLock.unlock(OzoneManagerLock.java:364)
	at org.apache.hadoop.ozone.om.lock.OzoneManagerLock.releaseWriteLock(OzoneManagerLock.java:329)
	at org.apache.hadoop.ozone.om.request.key.OMKeyCommitRequest.validateAndUpdateCache(OMKeyCommitRequest.java:177)
	at org.apache.hadoop.ozone.protocolPB.OzoneManagerProtocolServerSideTranslatorPB.submitRequestDirectlyToOM(OzoneManagerProtocolServerSideTranslatorPB.java:219)
	at org.apache.hadoop.ozone.protocolPB.OzoneManagerProtocolServerSideTranslatorPB.processRequest(OzoneManagerProtocolServerSideTranslatorPB.java:134)
	at org.apache.hadoop.hdds.server.OzoneProtocolMessageDispatcher.processRequest(OzoneProtocolMessageDispatcher.java:72)
	at org.apache.hadoop.ozone.protocolPB.OzoneManagerProtocolServerSideTranslatorPB.submitRequest(OzoneManagerProtocolServerSideTranslatorPB.java:100)
	at org.apache.hadoop.ozone.protocol.proto.OzoneManagerProtocolProtos$OzoneManagerService$2.callBlockingMethod(OzoneManagerProtocolProtos.java)
	at org.apache.hadoop.ipc.ProtobufRpcEngine$Server$ProtoBufRpcInvoker.call(ProtobufRpcEngine.java:524)
	at org.apache.hadoop.ipc.RPC$Server.call(RPC.java:1025)
	at org.apache.hadoop.ipc.Server$RpcCall.run(Server.java:876)
	at org.apache.hadoop.ipc.Server$RpcCall.run(Server.java:822)
	at java.security.AccessController.doPrivileged(Native Method)
	at javax.security.auth.Subject.doAs(Subject.java:422)
	at org.apache.hadoop.security.UserGroupInformation.doAs(UserGroupInformation.java:1730)
	at org.apache.hadoop.ipc.Server$Handler.run(Server.java:2682)
, while invoking $Proxy37.submitRequest over nodeId=null,nodeAddress=localhost:42894 after 6 failover attempts. Trying to failover immediately.
2019-10-16 06:06:20,541 [IPC Server handler 7 on 42894] ERROR lock.LockManager (LockManager.java:getLockForReleasing(218)) - Trying to release the lock on /7017ffd9-944e-4212-8263-a67c9db6dfe7/46b7e479-0b56-4576-9300-abcdfd082a6c, which was never acquired.
2019-10-16 06:06:20,541 [IPC Server handler 7 on 42894] WARN  ipc.Server (Server.java:logException(2724)) - IPC Server handler 7 on 42894, call Call#3593 Retry#7 org.apache.hadoop.ozone.om.protocol.OzoneManagerProtocol.submitRequest from 127.0.0.1:60690
java.lang.IllegalMonitorStateException: Releasing lock on resource /7017ffd9-944e-4212-8263-a67c9db6dfe7/46b7e479-0b56-4576-9300-abcdfd082a6c without acquiring lock
	at org.apache.hadoop.ozone.lock.LockManager.getLockForReleasing(LockManager.java:220)
	at org.apache.hadoop.ozone.lock.LockManager.release(LockManager.java:168)
	at org.apache.hadoop.ozone.lock.LockManager.writeUnlock(LockManager.java:148)
	at org.apache.hadoop.ozone.om.lock.OzoneManagerLock.unlock(OzoneManagerLock.java:364)
	at org.apache.hadoop.ozone.om.lock.OzoneManagerLock.releaseWriteLock(OzoneManagerLock.java:329)
	at org.apache.hadoop.ozone.om.request.key.OMKeyCommitRequest.validateAndUpdateCache(OMKeyCommitRequest.java:177)
	at org.apache.hadoop.ozone.protocolPB.OzoneManagerProtocolServerSideTranslatorPB.submitRequestDirectlyToOM(OzoneManagerProtocolServerSideTranslatorPB.java:219)
	at org.apache.hadoop.ozone.protocolPB.OzoneManagerProtocolServerSideTranslatorPB.processRequest(OzoneManagerProtocolServerSideTranslatorPB.java:134)
	at org.apache.hadoop.hdds.server.OzoneProtocolMessageDispatcher.processRequest(OzoneProtocolMessageDispatcher.java:72)
	at org.apache.hadoop.ozone.protocolPB.OzoneManagerProtocolServerSideTranslatorPB.submitRequest(OzoneManagerProtocolServerSideTranslatorPB.java:100)
	at org.apache.hadoop.ozone.protocol.proto.OzoneManagerProtocolProtos$OzoneManagerService$2.callBlockingMethod(OzoneManagerProtocolProtos.java)
	at org.apache.hadoop.ipc.ProtobufRpcEngine$Server$ProtoBufRpcInvoker.call(ProtobufRpcEngine.java:524)
	at org.apache.hadoop.ipc.RPC$Server.call(RPC.java:1025)
	at org.apache.hadoop.ipc.Server$RpcCall.run(Server.java:876)
	at org.apache.hadoop.ipc.Server$RpcCall.run(Server.java:822)
	at java.security.AccessController.doPrivileged(Native Method)
	at javax.security.auth.Subject.doAs(Subject.java:422)
	at org.apache.hadoop.security.UserGroupInformation.doAs(UserGroupInformation.java:1730)
	at org.apache.hadoop.ipc.Server$Handler.run(Server.java:2682)
2019-10-16 06:06:20,542 [main] INFO  retry.RetryInvocationHandler (RetryInvocationHandler.java:log(411)) - com.google.protobuf.ServiceException: org.apache.hadoop.ipc.RemoteException(java.lang.IllegalMonitorStateException): Releasing lock on resource /7017ffd9-944e-4212-8263-a67c9db6dfe7/46b7e479-0b56-4576-9300-abcdfd082a6c without acquiring lock
	at org.apache.hadoop.ozone.lock.LockManager.getLockForReleasing(LockManager.java:220)
	at org.apache.hadoop.ozone.lock.LockManager.release(LockManager.java:168)
	at org.apache.hadoop.ozone.lock.LockManager.writeUnlock(LockManager.java:148)
	at org.apache.hadoop.ozone.om.lock.OzoneManagerLock.unlock(OzoneManagerLock.java:364)
	at org.apache.hadoop.ozone.om.lock.OzoneManagerLock.releaseWriteLock(OzoneManagerLock.java:329)
	at org.apache.hadoop.ozone.om.request.key.OMKeyCommitRequest.validateAndUpdateCache(OMKeyCommitRequest.java:177)
	at org.apache.hadoop.ozone.protocolPB.OzoneManagerProtocolServerSideTranslatorPB.submitRequestDirectlyToOM(OzoneManagerProtocolServerSideTranslatorPB.java:219)
	at org.apache.hadoop.ozone.protocolPB.OzoneManagerProtocolServerSideTranslatorPB.processRequest(OzoneManagerProtocolServerSideTranslatorPB.java:134)
	at org.apache.hadoop.hdds.server.OzoneProtocolMessageDispatcher.processRequest(OzoneProtocolMessageDispatcher.java:72)
	at org.apache.hadoop.ozone.protocolPB.OzoneManagerProtocolServerSideTranslatorPB.submitRequest(OzoneManagerProtocolServerSideTranslatorPB.java:100)
	at org.apache.hadoop.ozone.protocol.proto.OzoneManagerProtocolProtos$OzoneManagerService$2.callBlockingMethod(OzoneManagerProtocolProtos.java)
	at org.apache.hadoop.ipc.ProtobufRpcEngine$Server$ProtoBufRpcInvoker.call(ProtobufRpcEngine.java:524)
	at org.apache.hadoop.ipc.RPC$Server.call(RPC.java:1025)
	at org.apache.hadoop.ipc.Server$RpcCall.run(Server.java:876)
	at org.apache.hadoop.ipc.Server$RpcCall.run(Server.java:822)
	at java.security.AccessController.doPrivileged(Native Method)
	at javax.security.auth.Subject.doAs(Subject.java:422)
	at org.apache.hadoop.security.UserGroupInformation.doAs(UserGroupInformation.java:1730)
	at org.apache.hadoop.ipc.Server$Handler.run(Server.java:2682)
, while invoking $Proxy37.submitRequest over nodeId=null,nodeAddress=localhost:42894 after 7 failover attempts. Trying to failover immediately.
2019-10-16 06:06:20,543 [IPC Server handler 18 on 42894] ERROR lock.LockManager (LockManager.java:getLockForReleasing(218)) - Trying to release the lock on /7017ffd9-944e-4212-8263-a67c9db6dfe7/46b7e479-0b56-4576-9300-abcdfd082a6c, which was never acquired.
2019-10-16 06:06:20,543 [IPC Server handler 18 on 42894] WARN  ipc.Server (Server.java:logException(2724)) - IPC Server handler 18 on 42894, call Call#3593 Retry#8 org.apache.hadoop.ozone.om.protocol.OzoneManagerProtocol.submitRequest from 127.0.0.1:60690
java.lang.IllegalMonitorStateException: Releasing lock on resource /7017ffd9-944e-4212-8263-a67c9db6dfe7/46b7e479-0b56-4576-9300-abcdfd082a6c without acquiring lock
	at org.apache.hadoop.ozone.lock.LockManager.getLockForReleasing(LockManager.java:220)
	at org.apache.hadoop.ozone.lock.LockManager.release(LockManager.java:168)
	at org.apache.hadoop.ozone.lock.LockManager.writeUnlock(LockManager.java:148)
	at org.apache.hadoop.ozone.om.lock.OzoneManagerLock.unlock(OzoneManagerLock.java:364)
	at org.apache.hadoop.ozone.om.lock.OzoneManagerLock.releaseWriteLock(OzoneManagerLock.java:329)
	at org.apache.hadoop.ozone.om.request.key.OMKeyCommitRequest.validateAndUpdateCache(OMKeyCommitRequest.java:177)
	at org.apache.hadoop.ozone.protocolPB.OzoneManagerProtocolServerSideTranslatorPB.submitRequestDirectlyToOM(OzoneManagerProtocolServerSideTranslatorPB.java:219)
	at org.apache.hadoop.ozone.protocolPB.OzoneManagerProtocolServerSideTranslatorPB.processRequest(OzoneManagerProtocolServerSideTranslatorPB.java:134)
	at org.apache.hadoop.hdds.server.OzoneProtocolMessageDispatcher.processRequest(OzoneProtocolMessageDispatcher.java:72)
	at org.apache.hadoop.ozone.protocolPB.OzoneManagerProtocolServerSideTranslatorPB.submitRequest(OzoneManagerProtocolServerSideTranslatorPB.java:100)
	at org.apache.hadoop.ozone.protocol.proto.OzoneManagerProtocolProtos$OzoneManagerService$2.callBlockingMethod(OzoneManagerProtocolProtos.java)
	at org.apache.hadoop.ipc.ProtobufRpcEngine$Server$ProtoBufRpcInvoker.call(ProtobufRpcEngine.java:524)
	at org.apache.hadoop.ipc.RPC$Server.call(RPC.java:1025)
	at org.apache.hadoop.ipc.Server$RpcCall.run(Server.java:876)
	at org.apache.hadoop.ipc.Server$RpcCall.run(Server.java:822)
	at java.security.AccessController.doPrivileged(Native Method)
	at javax.security.auth.Subject.doAs(Subject.java:422)
	at org.apache.hadoop.security.UserGroupInformation.doAs(UserGroupInformation.java:1730)
	at org.apache.hadoop.ipc.Server$Handler.run(Server.java:2682)
2019-10-16 06:06:20,543 [main] INFO  retry.RetryInvocationHandler (RetryInvocationHandler.java:log(411)) - com.google.protobuf.ServiceException: org.apache.hadoop.ipc.RemoteException(java.lang.IllegalMonitorStateException): Releasing lock on resource /7017ffd9-944e-4212-8263-a67c9db6dfe7/46b7e479-0b56-4576-9300-abcdfd082a6c without acquiring lock
	at org.apache.hadoop.ozone.lock.LockManager.getLockForReleasing(LockManager.java:220)
	at org.apache.hadoop.ozone.lock.LockManager.release(LockManager.java:168)
	at org.apache.hadoop.ozone.lock.LockManager.writeUnlock(LockManager.java:148)
	at org.apache.hadoop.ozone.om.lock.OzoneManagerLock.unlock(OzoneManagerLock.java:364)
	at org.apache.hadoop.ozone.om.lock.OzoneManagerLock.releaseWriteLock(OzoneManagerLock.java:329)
	at org.apache.hadoop.ozone.om.request.key.OMKeyCommitRequest.validateAndUpdateCache(OMKeyCommitRequest.java:177)
	at org.apache.hadoop.ozone.protocolPB.OzoneManagerProtocolServerSideTranslatorPB.submitRequestDirectlyToOM(OzoneManagerProtocolServerSideTranslatorPB.java:219)
	at org.apache.hadoop.ozone.protocolPB.OzoneManagerProtocolServerSideTranslatorPB.processRequest(OzoneManagerProtocolServerSideTranslatorPB.java:134)
	at org.apache.hadoop.hdds.server.OzoneProtocolMessageDispatcher.processRequest(OzoneProtocolMessageDispatcher.java:72)
	at org.apache.hadoop.ozone.protocolPB.OzoneManagerProtocolServerSideTranslatorPB.submitRequest(OzoneManagerProtocolServerSideTranslatorPB.java:100)
	at org.apache.hadoop.ozone.protocol.proto.OzoneManagerProtocolProtos$OzoneManagerService$2.callBlockingMethod(OzoneManagerProtocolProtos.java)
	at org.apache.hadoop.ipc.ProtobufRpcEngine$Server$ProtoBufRpcInvoker.call(ProtobufRpcEngine.java:524)
	at org.apache.hadoop.ipc.RPC$Server.call(RPC.java:1025)
	at org.apache.hadoop.ipc.Server$RpcCall.run(Server.java:876)
	at org.apache.hadoop.ipc.Server$RpcCall.run(Server.java:822)
	at java.security.AccessController.doPrivileged(Native Method)
	at javax.security.auth.Subject.doAs(Subject.java:422)
	at org.apache.hadoop.security.UserGroupInformation.doAs(UserGroupInformation.java:1730)
	at org.apache.hadoop.ipc.Server$Handler.run(Server.java:2682)
, while invoking $Proxy37.submitRequest over nodeId=null,nodeAddress=localhost:42894 after 8 failover attempts. Trying to failover immediately.
2019-10-16 06:06:20,544 [IPC Server handler 16 on 42894] ERROR lock.LockManager (LockManager.java:getLockForReleasing(218)) - Trying to release the lock on /7017ffd9-944e-4212-8263-a67c9db6dfe7/46b7e479-0b56-4576-9300-abcdfd082a6c, which was never acquired.
2019-10-16 06:06:20,544 [IPC Server handler 16 on 42894] WARN  ipc.Server (Server.java:logException(2724)) - IPC Server handler 16 on 42894, call Call#3593 Retry#9 org.apache.hadoop.ozone.om.protocol.OzoneManagerProtocol.submitRequest from 127.0.0.1:60690
java.lang.IllegalMonitorStateException: Releasing lock on resource /7017ffd9-944e-4212-8263-a67c9db6dfe7/46b7e479-0b56-4576-9300-abcdfd082a6c without acquiring lock
	at org.apache.hadoop.ozone.lock.LockManager.getLockForReleasing(LockManager.java:220)
	at org.apache.hadoop.ozone.lock.LockManager.release(LockManager.java:168)
	at org.apache.hadoop.ozone.lock.LockManager.writeUnlock(LockManager.java:148)
	at org.apache.hadoop.ozone.om.lock.OzoneManagerLock.unlock(OzoneManagerLock.java:364)
	at org.apache.hadoop.ozone.om.lock.OzoneManagerLock.releaseWriteLock(OzoneManagerLock.java:329)
	at org.apache.hadoop.ozone.om.request.key.OMKeyCommitRequest.validateAndUpdateCache(OMKeyCommitRequest.java:177)
	at org.apache.hadoop.ozone.protocolPB.OzoneManagerProtocolServerSideTranslatorPB.submitRequestDirectlyToOM(OzoneManagerProtocolServerSideTranslatorPB.java:219)
	at org.apache.hadoop.ozone.protocolPB.OzoneManagerProtocolServerSideTranslatorPB.processRequest(OzoneManagerProtocolServerSideTranslatorPB.java:134)
	at org.apache.hadoop.hdds.server.OzoneProtocolMessageDispatcher.processRequest(OzoneProtocolMessageDispatcher.java:72)
	at org.apache.hadoop.ozone.protocolPB.OzoneManagerProtocolServerSideTranslatorPB.submitRequest(OzoneManagerProtocolServerSideTranslatorPB.java:100)
	at org.apache.hadoop.ozone.protocol.proto.OzoneManagerProtocolProtos$OzoneManagerService$2.callBlockingMethod(OzoneManagerProtocolProtos.java)
	at org.apache.hadoop.ipc.ProtobufRpcEngine$Server$ProtoBufRpcInvoker.call(ProtobufRpcEngine.java:524)
	at org.apache.hadoop.ipc.RPC$Server.call(RPC.java:1025)
	at org.apache.hadoop.ipc.Server$RpcCall.run(Server.java:876)
	at org.apache.hadoop.ipc.Server$RpcCall.run(Server.java:822)
	at java.security.AccessController.doPrivileged(Native Method)
	at javax.security.auth.Subject.doAs(Subject.java:422)
	at org.apache.hadoop.security.UserGroupInformation.doAs(UserGroupInformation.java:1730)
	at org.apache.hadoop.ipc.Server$Handler.run(Server.java:2682)
2019-10-16 06:06:20,545 [main] INFO  retry.RetryInvocationHandler (RetryInvocationHandler.java:log(411)) - com.google.protobuf.ServiceException: org.apache.hadoop.ipc.RemoteException(java.lang.IllegalMonitorStateException): Releasing lock on resource /7017ffd9-944e-4212-8263-a67c9db6dfe7/46b7e479-0b56-4576-9300-abcdfd082a6c without acquiring lock
	at org.apache.hadoop.ozone.lock.LockManager.getLockForReleasing(LockManager.java:220)
	at org.apache.hadoop.ozone.lock.LockManager.release(LockManager.java:168)
	at org.apache.hadoop.ozone.lock.LockManager.writeUnlock(LockManager.java:148)
	at org.apache.hadoop.ozone.om.lock.OzoneManagerLock.unlock(OzoneManagerLock.java:364)
	at org.apache.hadoop.ozone.om.lock.OzoneManagerLock.releaseWriteLock(OzoneManagerLock.java:329)
	at org.apache.hadoop.ozone.om.request.key.OMKeyCommitRequest.validateAndUpdateCache(OMKeyCommitRequest.java:177)
	at org.apache.hadoop.ozone.protocolPB.OzoneManagerProtocolServerSideTranslatorPB.submitRequestDirectlyToOM(OzoneManagerProtocolServerSideTranslatorPB.java:219)
	at org.apache.hadoop.ozone.protocolPB.OzoneManagerProtocolServerSideTranslatorPB.processRequest(OzoneManagerProtocolServerSideTranslatorPB.java:134)
	at org.apache.hadoop.hdds.server.OzoneProtocolMessageDispatcher.processRequest(OzoneProtocolMessageDispatcher.java:72)
	at org.apache.hadoop.ozone.protocolPB.OzoneManagerProtocolServerSideTranslatorPB.submitRequest(OzoneManagerProtocolServerSideTranslatorPB.java:100)
	at org.apache.hadoop.ozone.protocol.proto.OzoneManagerProtocolProtos$OzoneManagerService$2.callBlockingMethod(OzoneManagerProtocolProtos.java)
	at org.apache.hadoop.ipc.ProtobufRpcEngine$Server$ProtoBufRpcInvoker.call(ProtobufRpcEngine.java:524)
	at org.apache.hadoop.ipc.RPC$Server.call(RPC.java:1025)
	at org.apache.hadoop.ipc.Server$RpcCall.run(Server.java:876)
	at org.apache.hadoop.ipc.Server$RpcCall.run(Server.java:822)
	at java.security.AccessController.doPrivileged(Native Method)
	at javax.security.auth.Subject.doAs(Subject.java:422)
	at org.apache.hadoop.security.UserGroupInformation.doAs(UserGroupInformation.java:1730)
	at org.apache.hadoop.ipc.Server$Handler.run(Server.java:2682)
, while invoking $Proxy37.submitRequest over nodeId=null,nodeAddress=localhost:42894 after 9 failover attempts. Trying to failover immediately.
2019-10-16 06:06:20,546 [IPC Server handler 8 on 42894] ERROR lock.LockManager (LockManager.java:getLockForReleasing(218)) - Trying to release the lock on /7017ffd9-944e-4212-8263-a67c9db6dfe7/46b7e479-0b56-4576-9300-abcdfd082a6c, which was never acquired.
2019-10-16 06:06:20,546 [IPC Server handler 8 on 42894] WARN  ipc.Server (Server.java:logException(2724)) - IPC Server handler 8 on 42894, call Call#3593 Retry#10 org.apache.hadoop.ozone.om.protocol.OzoneManagerProtocol.submitRequest from 127.0.0.1:60690
java.lang.IllegalMonitorStateException: Releasing lock on resource /7017ffd9-944e-4212-8263-a67c9db6dfe7/46b7e479-0b56-4576-9300-abcdfd082a6c without acquiring lock
	at org.apache.hadoop.ozone.lock.LockManager.getLockForReleasing(LockManager.java:220)
	at org.apache.hadoop.ozone.lock.LockManager.release(LockManager.java:168)
	at org.apache.hadoop.ozone.lock.LockManager.writeUnlock(LockManager.java:148)
	at org.apache.hadoop.ozone.om.lock.OzoneManagerLock.unlock(OzoneManagerLock.java:364)
	at org.apache.hadoop.ozone.om.lock.OzoneManagerLock.releaseWriteLock(OzoneManagerLock.java:329)
	at org.apache.hadoop.ozone.om.request.key.OMKeyCommitRequest.validateAndUpdateCache(OMKeyCommitRequest.java:177)
	at org.apache.hadoop.ozone.protocolPB.OzoneManagerProtocolServerSideTranslatorPB.submitRequestDirectlyToOM(OzoneManagerProtocolServerSideTranslatorPB.java:219)
	at org.apache.hadoop.ozone.protocolPB.OzoneManagerProtocolServerSideTranslatorPB.processRequest(OzoneManagerProtocolServerSideTranslatorPB.java:134)
	at org.apache.hadoop.hdds.server.OzoneProtocolMessageDispatcher.processRequest(OzoneProtocolMessageDispatcher.java:72)
	at org.apache.hadoop.ozone.protocolPB.OzoneManagerProtocolServerSideTranslatorPB.submitRequest(OzoneManagerProtocolServerSideTranslatorPB.java:100)
	at org.apache.hadoop.ozone.protocol.proto.OzoneManagerProtocolProtos$OzoneManagerService$2.callBlockingMethod(OzoneManagerProtocolProtos.java)
	at org.apache.hadoop.ipc.ProtobufRpcEngine$Server$ProtoBufRpcInvoker.call(ProtobufRpcEngine.java:524)
	at org.apache.hadoop.ipc.RPC$Server.call(RPC.java:1025)
	at org.apache.hadoop.ipc.Server$RpcCall.run(Server.java:876)
	at org.apache.hadoop.ipc.Server$RpcCall.run(Server.java:822)
	at java.security.AccessController.doPrivileged(Native Method)
	at javax.security.auth.Subject.doAs(Subject.java:422)
	at org.apache.hadoop.security.UserGroupInformation.doAs(UserGroupInformation.java:1730)
	at org.apache.hadoop.ipc.Server$Handler.run(Server.java:2682)
2019-10-16 06:06:20,546 [main] ERROR ha.OMFailoverProxyProvider (OzoneManagerProtocolClientSideTranslatorPB.java:getRetryAction(268)) - Failed to connect to OM. Attempted 10 retries and 10 failovers
]]></system-out>
  </testcase>
  <testcase name="testDeleteVolume" classname="org.apache.hadoop.ozone.client.rpc.TestSecureOzoneRpcClient" time="0.008"/>
  <testcase name="testInvalidBucketCreation" classname="org.apache.hadoop.ozone.client.rpc.TestSecureOzoneRpcClient" time="0.006"/>
  <testcase name="testReadKeyWithVerifyChecksumFlagEnable" classname="org.apache.hadoop.ozone.client.rpc.TestSecureOzoneRpcClient" time="0.234">
    <error message="Releasing lock on resource /703e6d06-e1ee-47c7-9c6d-7e6a0bcae7b4/d2e4c53f-b16a-4855-8625-fddec5cad336 without acquiring lock&#10;	at org.apache.hadoop.ozone.lock.LockManager.getLockForReleasing(LockManager.java:220)&#10;	at org.apache.hadoop.ozone.lock.LockManager.release(LockManager.java:168)&#10;	at org.apache.hadoop.ozone.lock.LockManager.writeUnlock(LockManager.java:148)&#10;	at org.apache.hadoop.ozone.om.lock.OzoneManagerLock.unlock(OzoneManagerLock.java:364)&#10;	at org.apache.hadoop.ozone.om.lock.OzoneManagerLock.releaseWriteLock(OzoneManagerLock.java:329)&#10;	at org.apache.hadoop.ozone.om.request.key.OMKeyCommitRequest.validateAndUpdateCache(OMKeyCommitRequest.java:177)&#10;	at org.apache.hadoop.ozone.protocolPB.OzoneManagerProtocolServerSideTranslatorPB.submitRequestDirectlyToOM(OzoneManagerProtocolServerSideTranslatorPB.java:219)&#10;	at org.apache.hadoop.ozone.protocolPB.OzoneManagerProtocolServerSideTranslatorPB.processRequest(OzoneManagerProtocolServerSideTranslatorPB.java:134)&#10;	at org.apache.hadoop.hdds.server.OzoneProtocolMessageDispatcher.processRequest(OzoneProtocolMessageDispatcher.java:72)&#10;	at org.apache.hadoop.ozone.protocolPB.OzoneManagerProtocolServerSideTranslatorPB.submitRequest(OzoneManagerProtocolServerSideTranslatorPB.java:100)&#10;	at org.apache.hadoop.ozone.protocol.proto.OzoneManagerProtocolProtos$OzoneManagerService$2.callBlockingMethod(OzoneManagerProtocolProtos.java)&#10;	at org.apache.hadoop.ipc.ProtobufRpcEngine$Server$ProtoBufRpcInvoker.call(ProtobufRpcEngine.java:524)&#10;	at org.apache.hadoop.ipc.RPC$Server.call(RPC.java:1025)&#10;	at org.apache.hadoop.ipc.Server$RpcCall.run(Server.java:876)&#10;	at org.apache.hadoop.ipc.Server$RpcCall.run(Server.java:822)&#10;	at java.security.AccessController.doPrivileged(Native Method)&#10;	at javax.security.auth.Subject.doAs(Subject.java:422)&#10;	at org.apache.hadoop.security.UserGroupInformation.doAs(UserGroupInformation.java:1730)&#10;	at org.apache.hadoop.ipc.Server$Handler.run(Server.java:2682)&#10;" type="org.apache.hadoop.ipc.RemoteException(java.lang.IllegalMonitorStateException)">org.apache.hadoop.ipc.RemoteException(java.lang.IllegalMonitorStateException): Releasing lock on resource /703e6d06-e1ee-47c7-9c6d-7e6a0bcae7b4/d2e4c53f-b16a-4855-8625-fddec5cad336 without acquiring lock
	at org.apache.hadoop.ozone.lock.LockManager.getLockForReleasing(LockManager.java:220)
	at org.apache.hadoop.ozone.lock.LockManager.release(LockManager.java:168)
	at org.apache.hadoop.ozone.lock.LockManager.writeUnlock(LockManager.java:148)
	at org.apache.hadoop.ozone.om.lock.OzoneManagerLock.unlock(OzoneManagerLock.java:364)
	at org.apache.hadoop.ozone.om.lock.OzoneManagerLock.releaseWriteLock(OzoneManagerLock.java:329)
	at org.apache.hadoop.ozone.om.request.key.OMKeyCommitRequest.validateAndUpdateCache(OMKeyCommitRequest.java:177)
	at org.apache.hadoop.ozone.protocolPB.OzoneManagerProtocolServerSideTranslatorPB.submitRequestDirectlyToOM(OzoneManagerProtocolServerSideTranslatorPB.java:219)
	at org.apache.hadoop.ozone.protocolPB.OzoneManagerProtocolServerSideTranslatorPB.processRequest(OzoneManagerProtocolServerSideTranslatorPB.java:134)
	at org.apache.hadoop.hdds.server.OzoneProtocolMessageDispatcher.processRequest(OzoneProtocolMessageDispatcher.java:72)
	at org.apache.hadoop.ozone.protocolPB.OzoneManagerProtocolServerSideTranslatorPB.submitRequest(OzoneManagerProtocolServerSideTranslatorPB.java:100)
	at org.apache.hadoop.ozone.protocol.proto.OzoneManagerProtocolProtos$OzoneManagerService$2.callBlockingMethod(OzoneManagerProtocolProtos.java)
	at org.apache.hadoop.ipc.ProtobufRpcEngine$Server$ProtoBufRpcInvoker.call(ProtobufRpcEngine.java:524)
	at org.apache.hadoop.ipc.RPC$Server.call(RPC.java:1025)
	at org.apache.hadoop.ipc.Server$RpcCall.run(Server.java:876)
	at org.apache.hadoop.ipc.Server$RpcCall.run(Server.java:822)
	at java.security.AccessController.doPrivileged(Native Method)
	at javax.security.auth.Subject.doAs(Subject.java:422)
	at org.apache.hadoop.security.UserGroupInformation.doAs(UserGroupInformation.java:1730)
	at org.apache.hadoop.ipc.Server$Handler.run(Server.java:2682)

	at org.apache.hadoop.ipc.Client.getRpcResponse(Client.java:1511)
	at org.apache.hadoop.ipc.Client.call(Client.java:1457)
	at org.apache.hadoop.ipc.Client.call(Client.java:1367)
	at org.apache.hadoop.ipc.ProtobufRpcEngine$Invoker.invoke(ProtobufRpcEngine.java:228)
	at org.apache.hadoop.ipc.ProtobufRpcEngine$Invoker.invoke(ProtobufRpcEngine.java:116)
	at com.sun.proxy.$Proxy37.submitRequest(Unknown Source)
	at sun.reflect.GeneratedMethodAccessor72.invoke(Unknown Source)
	at sun.reflect.DelegatingMethodAccessorImpl.invoke(DelegatingMethodAccessorImpl.java:43)
	at java.lang.reflect.Method.invoke(Method.java:498)
	at org.apache.hadoop.io.retry.RetryInvocationHandler.invokeMethod(RetryInvocationHandler.java:422)
	at org.apache.hadoop.io.retry.RetryInvocationHandler$Call.invokeMethod(RetryInvocationHandler.java:165)
	at org.apache.hadoop.io.retry.RetryInvocationHandler$Call.invoke(RetryInvocationHandler.java:157)
	at org.apache.hadoop.io.retry.RetryInvocationHandler$Call.invokeOnce(RetryInvocationHandler.java:95)
	at org.apache.hadoop.io.retry.RetryInvocationHandler.invoke(RetryInvocationHandler.java:359)
	at com.sun.proxy.$Proxy37.submitRequest(Unknown Source)
	at org.apache.hadoop.ozone.om.protocolPB.OzoneManagerProtocolClientSideTranslatorPB.submitRequest(OzoneManagerProtocolClientSideTranslatorPB.java:338)
	at org.apache.hadoop.ozone.om.protocolPB.OzoneManagerProtocolClientSideTranslatorPB.commitKey(OzoneManagerProtocolClientSideTranslatorPB.java:789)
	at sun.reflect.NativeMethodAccessorImpl.invoke0(Native Method)
	at sun.reflect.NativeMethodAccessorImpl.invoke(NativeMethodAccessorImpl.java:62)
	at sun.reflect.DelegatingMethodAccessorImpl.invoke(DelegatingMethodAccessorImpl.java:43)
	at java.lang.reflect.Method.invoke(Method.java:498)
	at org.apache.hadoop.hdds.tracing.TraceAllMethod.invoke(TraceAllMethod.java:66)
	at com.sun.proxy.$Proxy38.commitKey(Unknown Source)
	at org.apache.hadoop.ozone.client.io.BlockOutputStreamEntryPool.commitKey(BlockOutputStreamEntryPool.java:277)
	at org.apache.hadoop.ozone.client.io.KeyOutputStream.close(KeyOutputStream.java:474)
	at org.apache.hadoop.ozone.client.io.OzoneOutputStream.close(OzoneOutputStream.java:60)
	at org.apache.hadoop.ozone.client.rpc.TestOzoneRpcClientAbstract.createAndCorruptKey(TestOzoneRpcClientAbstract.java:924)
	at org.apache.hadoop.ozone.client.rpc.TestOzoneRpcClientAbstract.testReadKeyWithVerifyChecksumFlagEnable(TestOzoneRpcClientAbstract.java:889)
	at sun.reflect.NativeMethodAccessorImpl.invoke0(Native Method)
	at sun.reflect.NativeMethodAccessorImpl.invoke(NativeMethodAccessorImpl.java:62)
	at sun.reflect.DelegatingMethodAccessorImpl.invoke(DelegatingMethodAccessorImpl.java:43)
	at java.lang.reflect.Method.invoke(Method.java:498)
	at org.junit.runners.model.FrameworkMethod$1.runReflectiveCall(FrameworkMethod.java:47)
	at org.junit.internal.runners.model.ReflectiveCallable.run(ReflectiveCallable.java:12)
	at org.junit.runners.model.FrameworkMethod.invokeExplosively(FrameworkMethod.java:44)
	at org.junit.internal.runners.statements.InvokeMethod.evaluate(InvokeMethod.java:17)
	at org.junit.runners.ParentRunner.runLeaf(ParentRunner.java:271)
	at org.junit.runners.BlockJUnit4ClassRunner.runChild(BlockJUnit4ClassRunner.java:70)
	at org.junit.runners.BlockJUnit4ClassRunner.runChild(BlockJUnit4ClassRunner.java:50)
	at org.junit.runners.ParentRunner$3.run(ParentRunner.java:238)
	at org.junit.runners.ParentRunner$1.schedule(ParentRunner.java:63)
	at org.junit.runners.ParentRunner.runChildren(ParentRunner.java:236)
	at org.junit.runners.ParentRunner.access$000(ParentRunner.java:53)
	at org.junit.runners.ParentRunner$2.evaluate(ParentRunner.java:229)
	at org.junit.internal.runners.statements.RunBefores.evaluate(RunBefores.java:26)
	at org.junit.internal.runners.statements.RunAfters.evaluate(RunAfters.java:27)
	at org.junit.runners.ParentRunner.run(ParentRunner.java:309)
	at org.apache.maven.surefire.junit4.JUnit4Provider.execute(JUnit4Provider.java:365)
	at org.apache.maven.surefire.junit4.JUnit4Provider.executeWithRerun(JUnit4Provider.java:273)
	at org.apache.maven.surefire.junit4.JUnit4Provider.executeTestSet(JUnit4Provider.java:238)
	at org.apache.maven.surefire.junit4.JUnit4Provider.invoke(JUnit4Provider.java:159)
	at org.apache.maven.surefire.booter.ForkedBooter.invokeProviderInSameClassLoader(ForkedBooter.java:384)
	at org.apache.maven.surefire.booter.ForkedBooter.runSuitesInProcess(ForkedBooter.java:345)
	at org.apache.maven.surefire.booter.ForkedBooter.execute(ForkedBooter.java:126)
	at org.apache.maven.surefire.booter.ForkedBooter.main(ForkedBooter.java:418)
</error>
    <system-out><![CDATA[2019-10-16 06:06:20,562 [main] INFO  rpc.RpcClient (RpcClient.java:createVolume(272)) - Creating Volume: 703e6d06-e1ee-47c7-9c6d-7e6a0bcae7b4, with jenkins1000 as owner.
2019-10-16 06:06:20,563 [IPC Server handler 10 on 42894] INFO  volume.OMVolumeCreateRequest (OMVolumeCreateRequest.java:validateAndUpdateCache(193)) - created volume:703e6d06-e1ee-47c7-9c6d-7e6a0bcae7b4 for user:jenkins1000
2019-10-16 06:06:20,564 [main] INFO  rpc.RpcClient (RpcClient.java:createBucket(411)) - Creating Bucket: 703e6d06-e1ee-47c7-9c6d-7e6a0bcae7b4/d2e4c53f-b16a-4855-8625-fddec5cad336, with Versioning false and Storage Type set to DISK and Encryption set to false 
2019-10-16 06:06:20,776 [IPC Server handler 9 on 42894] ERROR lock.LockManager (LockManager.java:getLockForReleasing(218)) - Trying to release the lock on /703e6d06-e1ee-47c7-9c6d-7e6a0bcae7b4/d2e4c53f-b16a-4855-8625-fddec5cad336, which was never acquired.
2019-10-16 06:06:20,776 [IPC Server handler 9 on 42894] WARN  ipc.Server (Server.java:logException(2724)) - IPC Server handler 9 on 42894, call Call#3611 Retry#0 org.apache.hadoop.ozone.om.protocol.OzoneManagerProtocol.submitRequest from 127.0.0.1:60690
java.lang.IllegalMonitorStateException: Releasing lock on resource /703e6d06-e1ee-47c7-9c6d-7e6a0bcae7b4/d2e4c53f-b16a-4855-8625-fddec5cad336 without acquiring lock
	at org.apache.hadoop.ozone.lock.LockManager.getLockForReleasing(LockManager.java:220)
	at org.apache.hadoop.ozone.lock.LockManager.release(LockManager.java:168)
	at org.apache.hadoop.ozone.lock.LockManager.writeUnlock(LockManager.java:148)
	at org.apache.hadoop.ozone.om.lock.OzoneManagerLock.unlock(OzoneManagerLock.java:364)
	at org.apache.hadoop.ozone.om.lock.OzoneManagerLock.releaseWriteLock(OzoneManagerLock.java:329)
	at org.apache.hadoop.ozone.om.request.key.OMKeyCommitRequest.validateAndUpdateCache(OMKeyCommitRequest.java:177)
	at org.apache.hadoop.ozone.protocolPB.OzoneManagerProtocolServerSideTranslatorPB.submitRequestDirectlyToOM(OzoneManagerProtocolServerSideTranslatorPB.java:219)
	at org.apache.hadoop.ozone.protocolPB.OzoneManagerProtocolServerSideTranslatorPB.processRequest(OzoneManagerProtocolServerSideTranslatorPB.java:134)
	at org.apache.hadoop.hdds.server.OzoneProtocolMessageDispatcher.processRequest(OzoneProtocolMessageDispatcher.java:72)
	at org.apache.hadoop.ozone.protocolPB.OzoneManagerProtocolServerSideTranslatorPB.submitRequest(OzoneManagerProtocolServerSideTranslatorPB.java:100)
	at org.apache.hadoop.ozone.protocol.proto.OzoneManagerProtocolProtos$OzoneManagerService$2.callBlockingMethod(OzoneManagerProtocolProtos.java)
	at org.apache.hadoop.ipc.ProtobufRpcEngine$Server$ProtoBufRpcInvoker.call(ProtobufRpcEngine.java:524)
	at org.apache.hadoop.ipc.RPC$Server.call(RPC.java:1025)
	at org.apache.hadoop.ipc.Server$RpcCall.run(Server.java:876)
	at org.apache.hadoop.ipc.Server$RpcCall.run(Server.java:822)
	at java.security.AccessController.doPrivileged(Native Method)
	at javax.security.auth.Subject.doAs(Subject.java:422)
	at org.apache.hadoop.security.UserGroupInformation.doAs(UserGroupInformation.java:1730)
	at org.apache.hadoop.ipc.Server$Handler.run(Server.java:2682)
2019-10-16 06:06:20,777 [main] INFO  retry.RetryInvocationHandler (RetryInvocationHandler.java:log(411)) - com.google.protobuf.ServiceException: org.apache.hadoop.ipc.RemoteException(java.lang.IllegalMonitorStateException): Releasing lock on resource /703e6d06-e1ee-47c7-9c6d-7e6a0bcae7b4/d2e4c53f-b16a-4855-8625-fddec5cad336 without acquiring lock
	at org.apache.hadoop.ozone.lock.LockManager.getLockForReleasing(LockManager.java:220)
	at org.apache.hadoop.ozone.lock.LockManager.release(LockManager.java:168)
	at org.apache.hadoop.ozone.lock.LockManager.writeUnlock(LockManager.java:148)
	at org.apache.hadoop.ozone.om.lock.OzoneManagerLock.unlock(OzoneManagerLock.java:364)
	at org.apache.hadoop.ozone.om.lock.OzoneManagerLock.releaseWriteLock(OzoneManagerLock.java:329)
	at org.apache.hadoop.ozone.om.request.key.OMKeyCommitRequest.validateAndUpdateCache(OMKeyCommitRequest.java:177)
	at org.apache.hadoop.ozone.protocolPB.OzoneManagerProtocolServerSideTranslatorPB.submitRequestDirectlyToOM(OzoneManagerProtocolServerSideTranslatorPB.java:219)
	at org.apache.hadoop.ozone.protocolPB.OzoneManagerProtocolServerSideTranslatorPB.processRequest(OzoneManagerProtocolServerSideTranslatorPB.java:134)
	at org.apache.hadoop.hdds.server.OzoneProtocolMessageDispatcher.processRequest(OzoneProtocolMessageDispatcher.java:72)
	at org.apache.hadoop.ozone.protocolPB.OzoneManagerProtocolServerSideTranslatorPB.submitRequest(OzoneManagerProtocolServerSideTranslatorPB.java:100)
	at org.apache.hadoop.ozone.protocol.proto.OzoneManagerProtocolProtos$OzoneManagerService$2.callBlockingMethod(OzoneManagerProtocolProtos.java)
	at org.apache.hadoop.ipc.ProtobufRpcEngine$Server$ProtoBufRpcInvoker.call(ProtobufRpcEngine.java:524)
	at org.apache.hadoop.ipc.RPC$Server.call(RPC.java:1025)
	at org.apache.hadoop.ipc.Server$RpcCall.run(Server.java:876)
	at org.apache.hadoop.ipc.Server$RpcCall.run(Server.java:822)
	at java.security.AccessController.doPrivileged(Native Method)
	at javax.security.auth.Subject.doAs(Subject.java:422)
	at org.apache.hadoop.security.UserGroupInformation.doAs(UserGroupInformation.java:1730)
	at org.apache.hadoop.ipc.Server$Handler.run(Server.java:2682)
, while invoking $Proxy37.submitRequest over nodeId=null,nodeAddress=localhost:42894. Trying to failover immediately.
2019-10-16 06:06:20,778 [IPC Server handler 0 on 42894] ERROR lock.LockManager (LockManager.java:getLockForReleasing(218)) - Trying to release the lock on /703e6d06-e1ee-47c7-9c6d-7e6a0bcae7b4/d2e4c53f-b16a-4855-8625-fddec5cad336, which was never acquired.
2019-10-16 06:06:20,778 [IPC Server handler 0 on 42894] WARN  ipc.Server (Server.java:logException(2724)) - IPC Server handler 0 on 42894, call Call#3611 Retry#1 org.apache.hadoop.ozone.om.protocol.OzoneManagerProtocol.submitRequest from 127.0.0.1:60690
java.lang.IllegalMonitorStateException: Releasing lock on resource /703e6d06-e1ee-47c7-9c6d-7e6a0bcae7b4/d2e4c53f-b16a-4855-8625-fddec5cad336 without acquiring lock
	at org.apache.hadoop.ozone.lock.LockManager.getLockForReleasing(LockManager.java:220)
	at org.apache.hadoop.ozone.lock.LockManager.release(LockManager.java:168)
	at org.apache.hadoop.ozone.lock.LockManager.writeUnlock(LockManager.java:148)
	at org.apache.hadoop.ozone.om.lock.OzoneManagerLock.unlock(OzoneManagerLock.java:364)
	at org.apache.hadoop.ozone.om.lock.OzoneManagerLock.releaseWriteLock(OzoneManagerLock.java:329)
	at org.apache.hadoop.ozone.om.request.key.OMKeyCommitRequest.validateAndUpdateCache(OMKeyCommitRequest.java:177)
	at org.apache.hadoop.ozone.protocolPB.OzoneManagerProtocolServerSideTranslatorPB.submitRequestDirectlyToOM(OzoneManagerProtocolServerSideTranslatorPB.java:219)
	at org.apache.hadoop.ozone.protocolPB.OzoneManagerProtocolServerSideTranslatorPB.processRequest(OzoneManagerProtocolServerSideTranslatorPB.java:134)
	at org.apache.hadoop.hdds.server.OzoneProtocolMessageDispatcher.processRequest(OzoneProtocolMessageDispatcher.java:72)
	at org.apache.hadoop.ozone.protocolPB.OzoneManagerProtocolServerSideTranslatorPB.submitRequest(OzoneManagerProtocolServerSideTranslatorPB.java:100)
	at org.apache.hadoop.ozone.protocol.proto.OzoneManagerProtocolProtos$OzoneManagerService$2.callBlockingMethod(OzoneManagerProtocolProtos.java)
	at org.apache.hadoop.ipc.ProtobufRpcEngine$Server$ProtoBufRpcInvoker.call(ProtobufRpcEngine.java:524)
	at org.apache.hadoop.ipc.RPC$Server.call(RPC.java:1025)
	at org.apache.hadoop.ipc.Server$RpcCall.run(Server.java:876)
	at org.apache.hadoop.ipc.Server$RpcCall.run(Server.java:822)
	at java.security.AccessController.doPrivileged(Native Method)
	at javax.security.auth.Subject.doAs(Subject.java:422)
	at org.apache.hadoop.security.UserGroupInformation.doAs(UserGroupInformation.java:1730)
	at org.apache.hadoop.ipc.Server$Handler.run(Server.java:2682)
2019-10-16 06:06:20,779 [main] INFO  retry.RetryInvocationHandler (RetryInvocationHandler.java:log(411)) - com.google.protobuf.ServiceException: org.apache.hadoop.ipc.RemoteException(java.lang.IllegalMonitorStateException): Releasing lock on resource /703e6d06-e1ee-47c7-9c6d-7e6a0bcae7b4/d2e4c53f-b16a-4855-8625-fddec5cad336 without acquiring lock
	at org.apache.hadoop.ozone.lock.LockManager.getLockForReleasing(LockManager.java:220)
	at org.apache.hadoop.ozone.lock.LockManager.release(LockManager.java:168)
	at org.apache.hadoop.ozone.lock.LockManager.writeUnlock(LockManager.java:148)
	at org.apache.hadoop.ozone.om.lock.OzoneManagerLock.unlock(OzoneManagerLock.java:364)
	at org.apache.hadoop.ozone.om.lock.OzoneManagerLock.releaseWriteLock(OzoneManagerLock.java:329)
	at org.apache.hadoop.ozone.om.request.key.OMKeyCommitRequest.validateAndUpdateCache(OMKeyCommitRequest.java:177)
	at org.apache.hadoop.ozone.protocolPB.OzoneManagerProtocolServerSideTranslatorPB.submitRequestDirectlyToOM(OzoneManagerProtocolServerSideTranslatorPB.java:219)
	at org.apache.hadoop.ozone.protocolPB.OzoneManagerProtocolServerSideTranslatorPB.processRequest(OzoneManagerProtocolServerSideTranslatorPB.java:134)
	at org.apache.hadoop.hdds.server.OzoneProtocolMessageDispatcher.processRequest(OzoneProtocolMessageDispatcher.java:72)
	at org.apache.hadoop.ozone.protocolPB.OzoneManagerProtocolServerSideTranslatorPB.submitRequest(OzoneManagerProtocolServerSideTranslatorPB.java:100)
	at org.apache.hadoop.ozone.protocol.proto.OzoneManagerProtocolProtos$OzoneManagerService$2.callBlockingMethod(OzoneManagerProtocolProtos.java)
	at org.apache.hadoop.ipc.ProtobufRpcEngine$Server$ProtoBufRpcInvoker.call(ProtobufRpcEngine.java:524)
	at org.apache.hadoop.ipc.RPC$Server.call(RPC.java:1025)
	at org.apache.hadoop.ipc.Server$RpcCall.run(Server.java:876)
	at org.apache.hadoop.ipc.Server$RpcCall.run(Server.java:822)
	at java.security.AccessController.doPrivileged(Native Method)
	at javax.security.auth.Subject.doAs(Subject.java:422)
	at org.apache.hadoop.security.UserGroupInformation.doAs(UserGroupInformation.java:1730)
	at org.apache.hadoop.ipc.Server$Handler.run(Server.java:2682)
, while invoking $Proxy37.submitRequest over nodeId=null,nodeAddress=localhost:42894 after 1 failover attempts. Trying to failover immediately.
2019-10-16 06:06:20,780 [IPC Server handler 5 on 42894] ERROR lock.LockManager (LockManager.java:getLockForReleasing(218)) - Trying to release the lock on /703e6d06-e1ee-47c7-9c6d-7e6a0bcae7b4/d2e4c53f-b16a-4855-8625-fddec5cad336, which was never acquired.
2019-10-16 06:06:20,780 [IPC Server handler 5 on 42894] WARN  ipc.Server (Server.java:logException(2724)) - IPC Server handler 5 on 42894, call Call#3611 Retry#2 org.apache.hadoop.ozone.om.protocol.OzoneManagerProtocol.submitRequest from 127.0.0.1:60690
java.lang.IllegalMonitorStateException: Releasing lock on resource /703e6d06-e1ee-47c7-9c6d-7e6a0bcae7b4/d2e4c53f-b16a-4855-8625-fddec5cad336 without acquiring lock
	at org.apache.hadoop.ozone.lock.LockManager.getLockForReleasing(LockManager.java:220)
	at org.apache.hadoop.ozone.lock.LockManager.release(LockManager.java:168)
	at org.apache.hadoop.ozone.lock.LockManager.writeUnlock(LockManager.java:148)
	at org.apache.hadoop.ozone.om.lock.OzoneManagerLock.unlock(OzoneManagerLock.java:364)
	at org.apache.hadoop.ozone.om.lock.OzoneManagerLock.releaseWriteLock(OzoneManagerLock.java:329)
	at org.apache.hadoop.ozone.om.request.key.OMKeyCommitRequest.validateAndUpdateCache(OMKeyCommitRequest.java:177)
	at org.apache.hadoop.ozone.protocolPB.OzoneManagerProtocolServerSideTranslatorPB.submitRequestDirectlyToOM(OzoneManagerProtocolServerSideTranslatorPB.java:219)
	at org.apache.hadoop.ozone.protocolPB.OzoneManagerProtocolServerSideTranslatorPB.processRequest(OzoneManagerProtocolServerSideTranslatorPB.java:134)
	at org.apache.hadoop.hdds.server.OzoneProtocolMessageDispatcher.processRequest(OzoneProtocolMessageDispatcher.java:72)
	at org.apache.hadoop.ozone.protocolPB.OzoneManagerProtocolServerSideTranslatorPB.submitRequest(OzoneManagerProtocolServerSideTranslatorPB.java:100)
	at org.apache.hadoop.ozone.protocol.proto.OzoneManagerProtocolProtos$OzoneManagerService$2.callBlockingMethod(OzoneManagerProtocolProtos.java)
	at org.apache.hadoop.ipc.ProtobufRpcEngine$Server$ProtoBufRpcInvoker.call(ProtobufRpcEngine.java:524)
	at org.apache.hadoop.ipc.RPC$Server.call(RPC.java:1025)
	at org.apache.hadoop.ipc.Server$RpcCall.run(Server.java:876)
	at org.apache.hadoop.ipc.Server$RpcCall.run(Server.java:822)
	at java.security.AccessController.doPrivileged(Native Method)
	at javax.security.auth.Subject.doAs(Subject.java:422)
	at org.apache.hadoop.security.UserGroupInformation.doAs(UserGroupInformation.java:1730)
	at org.apache.hadoop.ipc.Server$Handler.run(Server.java:2682)
2019-10-16 06:06:20,780 [main] INFO  retry.RetryInvocationHandler (RetryInvocationHandler.java:log(411)) - com.google.protobuf.ServiceException: org.apache.hadoop.ipc.RemoteException(java.lang.IllegalMonitorStateException): Releasing lock on resource /703e6d06-e1ee-47c7-9c6d-7e6a0bcae7b4/d2e4c53f-b16a-4855-8625-fddec5cad336 without acquiring lock
	at org.apache.hadoop.ozone.lock.LockManager.getLockForReleasing(LockManager.java:220)
	at org.apache.hadoop.ozone.lock.LockManager.release(LockManager.java:168)
	at org.apache.hadoop.ozone.lock.LockManager.writeUnlock(LockManager.java:148)
	at org.apache.hadoop.ozone.om.lock.OzoneManagerLock.unlock(OzoneManagerLock.java:364)
	at org.apache.hadoop.ozone.om.lock.OzoneManagerLock.releaseWriteLock(OzoneManagerLock.java:329)
	at org.apache.hadoop.ozone.om.request.key.OMKeyCommitRequest.validateAndUpdateCache(OMKeyCommitRequest.java:177)
	at org.apache.hadoop.ozone.protocolPB.OzoneManagerProtocolServerSideTranslatorPB.submitRequestDirectlyToOM(OzoneManagerProtocolServerSideTranslatorPB.java:219)
	at org.apache.hadoop.ozone.protocolPB.OzoneManagerProtocolServerSideTranslatorPB.processRequest(OzoneManagerProtocolServerSideTranslatorPB.java:134)
	at org.apache.hadoop.hdds.server.OzoneProtocolMessageDispatcher.processRequest(OzoneProtocolMessageDispatcher.java:72)
	at org.apache.hadoop.ozone.protocolPB.OzoneManagerProtocolServerSideTranslatorPB.submitRequest(OzoneManagerProtocolServerSideTranslatorPB.java:100)
	at org.apache.hadoop.ozone.protocol.proto.OzoneManagerProtocolProtos$OzoneManagerService$2.callBlockingMethod(OzoneManagerProtocolProtos.java)
	at org.apache.hadoop.ipc.ProtobufRpcEngine$Server$ProtoBufRpcInvoker.call(ProtobufRpcEngine.java:524)
	at org.apache.hadoop.ipc.RPC$Server.call(RPC.java:1025)
	at org.apache.hadoop.ipc.Server$RpcCall.run(Server.java:876)
	at org.apache.hadoop.ipc.Server$RpcCall.run(Server.java:822)
	at java.security.AccessController.doPrivileged(Native Method)
	at javax.security.auth.Subject.doAs(Subject.java:422)
	at org.apache.hadoop.security.UserGroupInformation.doAs(UserGroupInformation.java:1730)
	at org.apache.hadoop.ipc.Server$Handler.run(Server.java:2682)
, while invoking $Proxy37.submitRequest over nodeId=null,nodeAddress=localhost:42894 after 2 failover attempts. Trying to failover immediately.
2019-10-16 06:06:20,781 [IPC Server handler 11 on 42894] ERROR lock.LockManager (LockManager.java:getLockForReleasing(218)) - Trying to release the lock on /703e6d06-e1ee-47c7-9c6d-7e6a0bcae7b4/d2e4c53f-b16a-4855-8625-fddec5cad336, which was never acquired.
2019-10-16 06:06:20,782 [IPC Server handler 11 on 42894] WARN  ipc.Server (Server.java:logException(2724)) - IPC Server handler 11 on 42894, call Call#3611 Retry#3 org.apache.hadoop.ozone.om.protocol.OzoneManagerProtocol.submitRequest from 127.0.0.1:60690
java.lang.IllegalMonitorStateException: Releasing lock on resource /703e6d06-e1ee-47c7-9c6d-7e6a0bcae7b4/d2e4c53f-b16a-4855-8625-fddec5cad336 without acquiring lock
	at org.apache.hadoop.ozone.lock.LockManager.getLockForReleasing(LockManager.java:220)
	at org.apache.hadoop.ozone.lock.LockManager.release(LockManager.java:168)
	at org.apache.hadoop.ozone.lock.LockManager.writeUnlock(LockManager.java:148)
	at org.apache.hadoop.ozone.om.lock.OzoneManagerLock.unlock(OzoneManagerLock.java:364)
	at org.apache.hadoop.ozone.om.lock.OzoneManagerLock.releaseWriteLock(OzoneManagerLock.java:329)
	at org.apache.hadoop.ozone.om.request.key.OMKeyCommitRequest.validateAndUpdateCache(OMKeyCommitRequest.java:177)
	at org.apache.hadoop.ozone.protocolPB.OzoneManagerProtocolServerSideTranslatorPB.submitRequestDirectlyToOM(OzoneManagerProtocolServerSideTranslatorPB.java:219)
	at org.apache.hadoop.ozone.protocolPB.OzoneManagerProtocolServerSideTranslatorPB.processRequest(OzoneManagerProtocolServerSideTranslatorPB.java:134)
	at org.apache.hadoop.hdds.server.OzoneProtocolMessageDispatcher.processRequest(OzoneProtocolMessageDispatcher.java:72)
	at org.apache.hadoop.ozone.protocolPB.OzoneManagerProtocolServerSideTranslatorPB.submitRequest(OzoneManagerProtocolServerSideTranslatorPB.java:100)
	at org.apache.hadoop.ozone.protocol.proto.OzoneManagerProtocolProtos$OzoneManagerService$2.callBlockingMethod(OzoneManagerProtocolProtos.java)
	at org.apache.hadoop.ipc.ProtobufRpcEngine$Server$ProtoBufRpcInvoker.call(ProtobufRpcEngine.java:524)
	at org.apache.hadoop.ipc.RPC$Server.call(RPC.java:1025)
	at org.apache.hadoop.ipc.Server$RpcCall.run(Server.java:876)
	at org.apache.hadoop.ipc.Server$RpcCall.run(Server.java:822)
	at java.security.AccessController.doPrivileged(Native Method)
	at javax.security.auth.Subject.doAs(Subject.java:422)
	at org.apache.hadoop.security.UserGroupInformation.doAs(UserGroupInformation.java:1730)
	at org.apache.hadoop.ipc.Server$Handler.run(Server.java:2682)
2019-10-16 06:06:20,782 [main] INFO  retry.RetryInvocationHandler (RetryInvocationHandler.java:log(411)) - com.google.protobuf.ServiceException: org.apache.hadoop.ipc.RemoteException(java.lang.IllegalMonitorStateException): Releasing lock on resource /703e6d06-e1ee-47c7-9c6d-7e6a0bcae7b4/d2e4c53f-b16a-4855-8625-fddec5cad336 without acquiring lock
	at org.apache.hadoop.ozone.lock.LockManager.getLockForReleasing(LockManager.java:220)
	at org.apache.hadoop.ozone.lock.LockManager.release(LockManager.java:168)
	at org.apache.hadoop.ozone.lock.LockManager.writeUnlock(LockManager.java:148)
	at org.apache.hadoop.ozone.om.lock.OzoneManagerLock.unlock(OzoneManagerLock.java:364)
	at org.apache.hadoop.ozone.om.lock.OzoneManagerLock.releaseWriteLock(OzoneManagerLock.java:329)
	at org.apache.hadoop.ozone.om.request.key.OMKeyCommitRequest.validateAndUpdateCache(OMKeyCommitRequest.java:177)
	at org.apache.hadoop.ozone.protocolPB.OzoneManagerProtocolServerSideTranslatorPB.submitRequestDirectlyToOM(OzoneManagerProtocolServerSideTranslatorPB.java:219)
	at org.apache.hadoop.ozone.protocolPB.OzoneManagerProtocolServerSideTranslatorPB.processRequest(OzoneManagerProtocolServerSideTranslatorPB.java:134)
	at org.apache.hadoop.hdds.server.OzoneProtocolMessageDispatcher.processRequest(OzoneProtocolMessageDispatcher.java:72)
	at org.apache.hadoop.ozone.protocolPB.OzoneManagerProtocolServerSideTranslatorPB.submitRequest(OzoneManagerProtocolServerSideTranslatorPB.java:100)
	at org.apache.hadoop.ozone.protocol.proto.OzoneManagerProtocolProtos$OzoneManagerService$2.callBlockingMethod(OzoneManagerProtocolProtos.java)
	at org.apache.hadoop.ipc.ProtobufRpcEngine$Server$ProtoBufRpcInvoker.call(ProtobufRpcEngine.java:524)
	at org.apache.hadoop.ipc.RPC$Server.call(RPC.java:1025)
	at org.apache.hadoop.ipc.Server$RpcCall.run(Server.java:876)
	at org.apache.hadoop.ipc.Server$RpcCall.run(Server.java:822)
	at java.security.AccessController.doPrivileged(Native Method)
	at javax.security.auth.Subject.doAs(Subject.java:422)
	at org.apache.hadoop.security.UserGroupInformation.doAs(UserGroupInformation.java:1730)
	at org.apache.hadoop.ipc.Server$Handler.run(Server.java:2682)
, while invoking $Proxy37.submitRequest over nodeId=null,nodeAddress=localhost:42894 after 3 failover attempts. Trying to failover immediately.
2019-10-16 06:06:20,783 [IPC Server handler 3 on 42894] ERROR lock.LockManager (LockManager.java:getLockForReleasing(218)) - Trying to release the lock on /703e6d06-e1ee-47c7-9c6d-7e6a0bcae7b4/d2e4c53f-b16a-4855-8625-fddec5cad336, which was never acquired.
2019-10-16 06:06:20,783 [IPC Server handler 3 on 42894] WARN  ipc.Server (Server.java:logException(2724)) - IPC Server handler 3 on 42894, call Call#3611 Retry#4 org.apache.hadoop.ozone.om.protocol.OzoneManagerProtocol.submitRequest from 127.0.0.1:60690
java.lang.IllegalMonitorStateException: Releasing lock on resource /703e6d06-e1ee-47c7-9c6d-7e6a0bcae7b4/d2e4c53f-b16a-4855-8625-fddec5cad336 without acquiring lock
	at org.apache.hadoop.ozone.lock.LockManager.getLockForReleasing(LockManager.java:220)
	at org.apache.hadoop.ozone.lock.LockManager.release(LockManager.java:168)
	at org.apache.hadoop.ozone.lock.LockManager.writeUnlock(LockManager.java:148)
	at org.apache.hadoop.ozone.om.lock.OzoneManagerLock.unlock(OzoneManagerLock.java:364)
	at org.apache.hadoop.ozone.om.lock.OzoneManagerLock.releaseWriteLock(OzoneManagerLock.java:329)
	at org.apache.hadoop.ozone.om.request.key.OMKeyCommitRequest.validateAndUpdateCache(OMKeyCommitRequest.java:177)
	at org.apache.hadoop.ozone.protocolPB.OzoneManagerProtocolServerSideTranslatorPB.submitRequestDirectlyToOM(OzoneManagerProtocolServerSideTranslatorPB.java:219)
	at org.apache.hadoop.ozone.protocolPB.OzoneManagerProtocolServerSideTranslatorPB.processRequest(OzoneManagerProtocolServerSideTranslatorPB.java:134)
	at org.apache.hadoop.hdds.server.OzoneProtocolMessageDispatcher.processRequest(OzoneProtocolMessageDispatcher.java:72)
	at org.apache.hadoop.ozone.protocolPB.OzoneManagerProtocolServerSideTranslatorPB.submitRequest(OzoneManagerProtocolServerSideTranslatorPB.java:100)
	at org.apache.hadoop.ozone.protocol.proto.OzoneManagerProtocolProtos$OzoneManagerService$2.callBlockingMethod(OzoneManagerProtocolProtos.java)
	at org.apache.hadoop.ipc.ProtobufRpcEngine$Server$ProtoBufRpcInvoker.call(ProtobufRpcEngine.java:524)
	at org.apache.hadoop.ipc.RPC$Server.call(RPC.java:1025)
	at org.apache.hadoop.ipc.Server$RpcCall.run(Server.java:876)
	at org.apache.hadoop.ipc.Server$RpcCall.run(Server.java:822)
	at java.security.AccessController.doPrivileged(Native Method)
	at javax.security.auth.Subject.doAs(Subject.java:422)
	at org.apache.hadoop.security.UserGroupInformation.doAs(UserGroupInformation.java:1730)
	at org.apache.hadoop.ipc.Server$Handler.run(Server.java:2682)
2019-10-16 06:06:20,784 [main] INFO  retry.RetryInvocationHandler (RetryInvocationHandler.java:log(411)) - com.google.protobuf.ServiceException: org.apache.hadoop.ipc.RemoteException(java.lang.IllegalMonitorStateException): Releasing lock on resource /703e6d06-e1ee-47c7-9c6d-7e6a0bcae7b4/d2e4c53f-b16a-4855-8625-fddec5cad336 without acquiring lock
	at org.apache.hadoop.ozone.lock.LockManager.getLockForReleasing(LockManager.java:220)
	at org.apache.hadoop.ozone.lock.LockManager.release(LockManager.java:168)
	at org.apache.hadoop.ozone.lock.LockManager.writeUnlock(LockManager.java:148)
	at org.apache.hadoop.ozone.om.lock.OzoneManagerLock.unlock(OzoneManagerLock.java:364)
	at org.apache.hadoop.ozone.om.lock.OzoneManagerLock.releaseWriteLock(OzoneManagerLock.java:329)
	at org.apache.hadoop.ozone.om.request.key.OMKeyCommitRequest.validateAndUpdateCache(OMKeyCommitRequest.java:177)
	at org.apache.hadoop.ozone.protocolPB.OzoneManagerProtocolServerSideTranslatorPB.submitRequestDirectlyToOM(OzoneManagerProtocolServerSideTranslatorPB.java:219)
	at org.apache.hadoop.ozone.protocolPB.OzoneManagerProtocolServerSideTranslatorPB.processRequest(OzoneManagerProtocolServerSideTranslatorPB.java:134)
	at org.apache.hadoop.hdds.server.OzoneProtocolMessageDispatcher.processRequest(OzoneProtocolMessageDispatcher.java:72)
	at org.apache.hadoop.ozone.protocolPB.OzoneManagerProtocolServerSideTranslatorPB.submitRequest(OzoneManagerProtocolServerSideTranslatorPB.java:100)
	at org.apache.hadoop.ozone.protocol.proto.OzoneManagerProtocolProtos$OzoneManagerService$2.callBlockingMethod(OzoneManagerProtocolProtos.java)
	at org.apache.hadoop.ipc.ProtobufRpcEngine$Server$ProtoBufRpcInvoker.call(ProtobufRpcEngine.java:524)
	at org.apache.hadoop.ipc.RPC$Server.call(RPC.java:1025)
	at org.apache.hadoop.ipc.Server$RpcCall.run(Server.java:876)
	at org.apache.hadoop.ipc.Server$RpcCall.run(Server.java:822)
	at java.security.AccessController.doPrivileged(Native Method)
	at javax.security.auth.Subject.doAs(Subject.java:422)
	at org.apache.hadoop.security.UserGroupInformation.doAs(UserGroupInformation.java:1730)
	at org.apache.hadoop.ipc.Server$Handler.run(Server.java:2682)
, while invoking $Proxy37.submitRequest over nodeId=null,nodeAddress=localhost:42894 after 4 failover attempts. Trying to failover immediately.
2019-10-16 06:06:20,785 [IPC Server handler 7 on 42894] ERROR lock.LockManager (LockManager.java:getLockForReleasing(218)) - Trying to release the lock on /703e6d06-e1ee-47c7-9c6d-7e6a0bcae7b4/d2e4c53f-b16a-4855-8625-fddec5cad336, which was never acquired.
2019-10-16 06:06:20,785 [IPC Server handler 7 on 42894] WARN  ipc.Server (Server.java:logException(2724)) - IPC Server handler 7 on 42894, call Call#3611 Retry#5 org.apache.hadoop.ozone.om.protocol.OzoneManagerProtocol.submitRequest from 127.0.0.1:60690
java.lang.IllegalMonitorStateException: Releasing lock on resource /703e6d06-e1ee-47c7-9c6d-7e6a0bcae7b4/d2e4c53f-b16a-4855-8625-fddec5cad336 without acquiring lock
	at org.apache.hadoop.ozone.lock.LockManager.getLockForReleasing(LockManager.java:220)
	at org.apache.hadoop.ozone.lock.LockManager.release(LockManager.java:168)
	at org.apache.hadoop.ozone.lock.LockManager.writeUnlock(LockManager.java:148)
	at org.apache.hadoop.ozone.om.lock.OzoneManagerLock.unlock(OzoneManagerLock.java:364)
	at org.apache.hadoop.ozone.om.lock.OzoneManagerLock.releaseWriteLock(OzoneManagerLock.java:329)
	at org.apache.hadoop.ozone.om.request.key.OMKeyCommitRequest.validateAndUpdateCache(OMKeyCommitRequest.java:177)
	at org.apache.hadoop.ozone.protocolPB.OzoneManagerProtocolServerSideTranslatorPB.submitRequestDirectlyToOM(OzoneManagerProtocolServerSideTranslatorPB.java:219)
	at org.apache.hadoop.ozone.protocolPB.OzoneManagerProtocolServerSideTranslatorPB.processRequest(OzoneManagerProtocolServerSideTranslatorPB.java:134)
	at org.apache.hadoop.hdds.server.OzoneProtocolMessageDispatcher.processRequest(OzoneProtocolMessageDispatcher.java:72)
	at org.apache.hadoop.ozone.protocolPB.OzoneManagerProtocolServerSideTranslatorPB.submitRequest(OzoneManagerProtocolServerSideTranslatorPB.java:100)
	at org.apache.hadoop.ozone.protocol.proto.OzoneManagerProtocolProtos$OzoneManagerService$2.callBlockingMethod(OzoneManagerProtocolProtos.java)
	at org.apache.hadoop.ipc.ProtobufRpcEngine$Server$ProtoBufRpcInvoker.call(ProtobufRpcEngine.java:524)
	at org.apache.hadoop.ipc.RPC$Server.call(RPC.java:1025)
	at org.apache.hadoop.ipc.Server$RpcCall.run(Server.java:876)
	at org.apache.hadoop.ipc.Server$RpcCall.run(Server.java:822)
	at java.security.AccessController.doPrivileged(Native Method)
	at javax.security.auth.Subject.doAs(Subject.java:422)
	at org.apache.hadoop.security.UserGroupInformation.doAs(UserGroupInformation.java:1730)
	at org.apache.hadoop.ipc.Server$Handler.run(Server.java:2682)
2019-10-16 06:06:20,785 [main] INFO  retry.RetryInvocationHandler (RetryInvocationHandler.java:log(411)) - com.google.protobuf.ServiceException: org.apache.hadoop.ipc.RemoteException(java.lang.IllegalMonitorStateException): Releasing lock on resource /703e6d06-e1ee-47c7-9c6d-7e6a0bcae7b4/d2e4c53f-b16a-4855-8625-fddec5cad336 without acquiring lock
	at org.apache.hadoop.ozone.lock.LockManager.getLockForReleasing(LockManager.java:220)
	at org.apache.hadoop.ozone.lock.LockManager.release(LockManager.java:168)
	at org.apache.hadoop.ozone.lock.LockManager.writeUnlock(LockManager.java:148)
	at org.apache.hadoop.ozone.om.lock.OzoneManagerLock.unlock(OzoneManagerLock.java:364)
	at org.apache.hadoop.ozone.om.lock.OzoneManagerLock.releaseWriteLock(OzoneManagerLock.java:329)
	at org.apache.hadoop.ozone.om.request.key.OMKeyCommitRequest.validateAndUpdateCache(OMKeyCommitRequest.java:177)
	at org.apache.hadoop.ozone.protocolPB.OzoneManagerProtocolServerSideTranslatorPB.submitRequestDirectlyToOM(OzoneManagerProtocolServerSideTranslatorPB.java:219)
	at org.apache.hadoop.ozone.protocolPB.OzoneManagerProtocolServerSideTranslatorPB.processRequest(OzoneManagerProtocolServerSideTranslatorPB.java:134)
	at org.apache.hadoop.hdds.server.OzoneProtocolMessageDispatcher.processRequest(OzoneProtocolMessageDispatcher.java:72)
	at org.apache.hadoop.ozone.protocolPB.OzoneManagerProtocolServerSideTranslatorPB.submitRequest(OzoneManagerProtocolServerSideTranslatorPB.java:100)
	at org.apache.hadoop.ozone.protocol.proto.OzoneManagerProtocolProtos$OzoneManagerService$2.callBlockingMethod(OzoneManagerProtocolProtos.java)
	at org.apache.hadoop.ipc.ProtobufRpcEngine$Server$ProtoBufRpcInvoker.call(ProtobufRpcEngine.java:524)
	at org.apache.hadoop.ipc.RPC$Server.call(RPC.java:1025)
	at org.apache.hadoop.ipc.Server$RpcCall.run(Server.java:876)
	at org.apache.hadoop.ipc.Server$RpcCall.run(Server.java:822)
	at java.security.AccessController.doPrivileged(Native Method)
	at javax.security.auth.Subject.doAs(Subject.java:422)
	at org.apache.hadoop.security.UserGroupInformation.doAs(UserGroupInformation.java:1730)
	at org.apache.hadoop.ipc.Server$Handler.run(Server.java:2682)
, while invoking $Proxy37.submitRequest over nodeId=null,nodeAddress=localhost:42894 after 5 failover attempts. Trying to failover immediately.
2019-10-16 06:06:20,786 [IPC Server handler 18 on 42894] ERROR lock.LockManager (LockManager.java:getLockForReleasing(218)) - Trying to release the lock on /703e6d06-e1ee-47c7-9c6d-7e6a0bcae7b4/d2e4c53f-b16a-4855-8625-fddec5cad336, which was never acquired.
2019-10-16 06:06:20,787 [IPC Server handler 18 on 42894] WARN  ipc.Server (Server.java:logException(2724)) - IPC Server handler 18 on 42894, call Call#3611 Retry#6 org.apache.hadoop.ozone.om.protocol.OzoneManagerProtocol.submitRequest from 127.0.0.1:60690
java.lang.IllegalMonitorStateException: Releasing lock on resource /703e6d06-e1ee-47c7-9c6d-7e6a0bcae7b4/d2e4c53f-b16a-4855-8625-fddec5cad336 without acquiring lock
	at org.apache.hadoop.ozone.lock.LockManager.getLockForReleasing(LockManager.java:220)
	at org.apache.hadoop.ozone.lock.LockManager.release(LockManager.java:168)
	at org.apache.hadoop.ozone.lock.LockManager.writeUnlock(LockManager.java:148)
	at org.apache.hadoop.ozone.om.lock.OzoneManagerLock.unlock(OzoneManagerLock.java:364)
	at org.apache.hadoop.ozone.om.lock.OzoneManagerLock.releaseWriteLock(OzoneManagerLock.java:329)
	at org.apache.hadoop.ozone.om.request.key.OMKeyCommitRequest.validateAndUpdateCache(OMKeyCommitRequest.java:177)
	at org.apache.hadoop.ozone.protocolPB.OzoneManagerProtocolServerSideTranslatorPB.submitRequestDirectlyToOM(OzoneManagerProtocolServerSideTranslatorPB.java:219)
	at org.apache.hadoop.ozone.protocolPB.OzoneManagerProtocolServerSideTranslatorPB.processRequest(OzoneManagerProtocolServerSideTranslatorPB.java:134)
	at org.apache.hadoop.hdds.server.OzoneProtocolMessageDispatcher.processRequest(OzoneProtocolMessageDispatcher.java:72)
	at org.apache.hadoop.ozone.protocolPB.OzoneManagerProtocolServerSideTranslatorPB.submitRequest(OzoneManagerProtocolServerSideTranslatorPB.java:100)
	at org.apache.hadoop.ozone.protocol.proto.OzoneManagerProtocolProtos$OzoneManagerService$2.callBlockingMethod(OzoneManagerProtocolProtos.java)
	at org.apache.hadoop.ipc.ProtobufRpcEngine$Server$ProtoBufRpcInvoker.call(ProtobufRpcEngine.java:524)
	at org.apache.hadoop.ipc.RPC$Server.call(RPC.java:1025)
	at org.apache.hadoop.ipc.Server$RpcCall.run(Server.java:876)
	at org.apache.hadoop.ipc.Server$RpcCall.run(Server.java:822)
	at java.security.AccessController.doPrivileged(Native Method)
	at javax.security.auth.Subject.doAs(Subject.java:422)
	at org.apache.hadoop.security.UserGroupInformation.doAs(UserGroupInformation.java:1730)
	at org.apache.hadoop.ipc.Server$Handler.run(Server.java:2682)
2019-10-16 06:06:20,787 [main] INFO  retry.RetryInvocationHandler (RetryInvocationHandler.java:log(411)) - com.google.protobuf.ServiceException: org.apache.hadoop.ipc.RemoteException(java.lang.IllegalMonitorStateException): Releasing lock on resource /703e6d06-e1ee-47c7-9c6d-7e6a0bcae7b4/d2e4c53f-b16a-4855-8625-fddec5cad336 without acquiring lock
	at org.apache.hadoop.ozone.lock.LockManager.getLockForReleasing(LockManager.java:220)
	at org.apache.hadoop.ozone.lock.LockManager.release(LockManager.java:168)
	at org.apache.hadoop.ozone.lock.LockManager.writeUnlock(LockManager.java:148)
	at org.apache.hadoop.ozone.om.lock.OzoneManagerLock.unlock(OzoneManagerLock.java:364)
	at org.apache.hadoop.ozone.om.lock.OzoneManagerLock.releaseWriteLock(OzoneManagerLock.java:329)
	at org.apache.hadoop.ozone.om.request.key.OMKeyCommitRequest.validateAndUpdateCache(OMKeyCommitRequest.java:177)
	at org.apache.hadoop.ozone.protocolPB.OzoneManagerProtocolServerSideTranslatorPB.submitRequestDirectlyToOM(OzoneManagerProtocolServerSideTranslatorPB.java:219)
	at org.apache.hadoop.ozone.protocolPB.OzoneManagerProtocolServerSideTranslatorPB.processRequest(OzoneManagerProtocolServerSideTranslatorPB.java:134)
	at org.apache.hadoop.hdds.server.OzoneProtocolMessageDispatcher.processRequest(OzoneProtocolMessageDispatcher.java:72)
	at org.apache.hadoop.ozone.protocolPB.OzoneManagerProtocolServerSideTranslatorPB.submitRequest(OzoneManagerProtocolServerSideTranslatorPB.java:100)
	at org.apache.hadoop.ozone.protocol.proto.OzoneManagerProtocolProtos$OzoneManagerService$2.callBlockingMethod(OzoneManagerProtocolProtos.java)
	at org.apache.hadoop.ipc.ProtobufRpcEngine$Server$ProtoBufRpcInvoker.call(ProtobufRpcEngine.java:524)
	at org.apache.hadoop.ipc.RPC$Server.call(RPC.java:1025)
	at org.apache.hadoop.ipc.Server$RpcCall.run(Server.java:876)
	at org.apache.hadoop.ipc.Server$RpcCall.run(Server.java:822)
	at java.security.AccessController.doPrivileged(Native Method)
	at javax.security.auth.Subject.doAs(Subject.java:422)
	at org.apache.hadoop.security.UserGroupInformation.doAs(UserGroupInformation.java:1730)
	at org.apache.hadoop.ipc.Server$Handler.run(Server.java:2682)
, while invoking $Proxy37.submitRequest over nodeId=null,nodeAddress=localhost:42894 after 6 failover attempts. Trying to failover immediately.
2019-10-16 06:06:20,788 [IPC Server handler 16 on 42894] ERROR lock.LockManager (LockManager.java:getLockForReleasing(218)) - Trying to release the lock on /703e6d06-e1ee-47c7-9c6d-7e6a0bcae7b4/d2e4c53f-b16a-4855-8625-fddec5cad336, which was never acquired.
2019-10-16 06:06:20,788 [IPC Server handler 16 on 42894] WARN  ipc.Server (Server.java:logException(2724)) - IPC Server handler 16 on 42894, call Call#3611 Retry#7 org.apache.hadoop.ozone.om.protocol.OzoneManagerProtocol.submitRequest from 127.0.0.1:60690
java.lang.IllegalMonitorStateException: Releasing lock on resource /703e6d06-e1ee-47c7-9c6d-7e6a0bcae7b4/d2e4c53f-b16a-4855-8625-fddec5cad336 without acquiring lock
	at org.apache.hadoop.ozone.lock.LockManager.getLockForReleasing(LockManager.java:220)
	at org.apache.hadoop.ozone.lock.LockManager.release(LockManager.java:168)
	at org.apache.hadoop.ozone.lock.LockManager.writeUnlock(LockManager.java:148)
	at org.apache.hadoop.ozone.om.lock.OzoneManagerLock.unlock(OzoneManagerLock.java:364)
	at org.apache.hadoop.ozone.om.lock.OzoneManagerLock.releaseWriteLock(OzoneManagerLock.java:329)
	at org.apache.hadoop.ozone.om.request.key.OMKeyCommitRequest.validateAndUpdateCache(OMKeyCommitRequest.java:177)
	at org.apache.hadoop.ozone.protocolPB.OzoneManagerProtocolServerSideTranslatorPB.submitRequestDirectlyToOM(OzoneManagerProtocolServerSideTranslatorPB.java:219)
	at org.apache.hadoop.ozone.protocolPB.OzoneManagerProtocolServerSideTranslatorPB.processRequest(OzoneManagerProtocolServerSideTranslatorPB.java:134)
	at org.apache.hadoop.hdds.server.OzoneProtocolMessageDispatcher.processRequest(OzoneProtocolMessageDispatcher.java:72)
	at org.apache.hadoop.ozone.protocolPB.OzoneManagerProtocolServerSideTranslatorPB.submitRequest(OzoneManagerProtocolServerSideTranslatorPB.java:100)
	at org.apache.hadoop.ozone.protocol.proto.OzoneManagerProtocolProtos$OzoneManagerService$2.callBlockingMethod(OzoneManagerProtocolProtos.java)
	at org.apache.hadoop.ipc.ProtobufRpcEngine$Server$ProtoBufRpcInvoker.call(ProtobufRpcEngine.java:524)
	at org.apache.hadoop.ipc.RPC$Server.call(RPC.java:1025)
	at org.apache.hadoop.ipc.Server$RpcCall.run(Server.java:876)
	at org.apache.hadoop.ipc.Server$RpcCall.run(Server.java:822)
	at java.security.AccessController.doPrivileged(Native Method)
	at javax.security.auth.Subject.doAs(Subject.java:422)
	at org.apache.hadoop.security.UserGroupInformation.doAs(UserGroupInformation.java:1730)
	at org.apache.hadoop.ipc.Server$Handler.run(Server.java:2682)
2019-10-16 06:06:20,789 [main] INFO  retry.RetryInvocationHandler (RetryInvocationHandler.java:log(411)) - com.google.protobuf.ServiceException: org.apache.hadoop.ipc.RemoteException(java.lang.IllegalMonitorStateException): Releasing lock on resource /703e6d06-e1ee-47c7-9c6d-7e6a0bcae7b4/d2e4c53f-b16a-4855-8625-fddec5cad336 without acquiring lock
	at org.apache.hadoop.ozone.lock.LockManager.getLockForReleasing(LockManager.java:220)
	at org.apache.hadoop.ozone.lock.LockManager.release(LockManager.java:168)
	at org.apache.hadoop.ozone.lock.LockManager.writeUnlock(LockManager.java:148)
	at org.apache.hadoop.ozone.om.lock.OzoneManagerLock.unlock(OzoneManagerLock.java:364)
	at org.apache.hadoop.ozone.om.lock.OzoneManagerLock.releaseWriteLock(OzoneManagerLock.java:329)
	at org.apache.hadoop.ozone.om.request.key.OMKeyCommitRequest.validateAndUpdateCache(OMKeyCommitRequest.java:177)
	at org.apache.hadoop.ozone.protocolPB.OzoneManagerProtocolServerSideTranslatorPB.submitRequestDirectlyToOM(OzoneManagerProtocolServerSideTranslatorPB.java:219)
	at org.apache.hadoop.ozone.protocolPB.OzoneManagerProtocolServerSideTranslatorPB.processRequest(OzoneManagerProtocolServerSideTranslatorPB.java:134)
	at org.apache.hadoop.hdds.server.OzoneProtocolMessageDispatcher.processRequest(OzoneProtocolMessageDispatcher.java:72)
	at org.apache.hadoop.ozone.protocolPB.OzoneManagerProtocolServerSideTranslatorPB.submitRequest(OzoneManagerProtocolServerSideTranslatorPB.java:100)
	at org.apache.hadoop.ozone.protocol.proto.OzoneManagerProtocolProtos$OzoneManagerService$2.callBlockingMethod(OzoneManagerProtocolProtos.java)
	at org.apache.hadoop.ipc.ProtobufRpcEngine$Server$ProtoBufRpcInvoker.call(ProtobufRpcEngine.java:524)
	at org.apache.hadoop.ipc.RPC$Server.call(RPC.java:1025)
	at org.apache.hadoop.ipc.Server$RpcCall.run(Server.java:876)
	at org.apache.hadoop.ipc.Server$RpcCall.run(Server.java:822)
	at java.security.AccessController.doPrivileged(Native Method)
	at javax.security.auth.Subject.doAs(Subject.java:422)
	at org.apache.hadoop.security.UserGroupInformation.doAs(UserGroupInformation.java:1730)
	at org.apache.hadoop.ipc.Server$Handler.run(Server.java:2682)
, while invoking $Proxy37.submitRequest over nodeId=null,nodeAddress=localhost:42894 after 7 failover attempts. Trying to failover immediately.
2019-10-16 06:06:20,790 [IPC Server handler 8 on 42894] ERROR lock.LockManager (LockManager.java:getLockForReleasing(218)) - Trying to release the lock on /703e6d06-e1ee-47c7-9c6d-7e6a0bcae7b4/d2e4c53f-b16a-4855-8625-fddec5cad336, which was never acquired.
2019-10-16 06:06:20,790 [IPC Server handler 8 on 42894] WARN  ipc.Server (Server.java:logException(2724)) - IPC Server handler 8 on 42894, call Call#3611 Retry#8 org.apache.hadoop.ozone.om.protocol.OzoneManagerProtocol.submitRequest from 127.0.0.1:60690
java.lang.IllegalMonitorStateException: Releasing lock on resource /703e6d06-e1ee-47c7-9c6d-7e6a0bcae7b4/d2e4c53f-b16a-4855-8625-fddec5cad336 without acquiring lock
	at org.apache.hadoop.ozone.lock.LockManager.getLockForReleasing(LockManager.java:220)
	at org.apache.hadoop.ozone.lock.LockManager.release(LockManager.java:168)
	at org.apache.hadoop.ozone.lock.LockManager.writeUnlock(LockManager.java:148)
	at org.apache.hadoop.ozone.om.lock.OzoneManagerLock.unlock(OzoneManagerLock.java:364)
	at org.apache.hadoop.ozone.om.lock.OzoneManagerLock.releaseWriteLock(OzoneManagerLock.java:329)
	at org.apache.hadoop.ozone.om.request.key.OMKeyCommitRequest.validateAndUpdateCache(OMKeyCommitRequest.java:177)
	at org.apache.hadoop.ozone.protocolPB.OzoneManagerProtocolServerSideTranslatorPB.submitRequestDirectlyToOM(OzoneManagerProtocolServerSideTranslatorPB.java:219)
	at org.apache.hadoop.ozone.protocolPB.OzoneManagerProtocolServerSideTranslatorPB.processRequest(OzoneManagerProtocolServerSideTranslatorPB.java:134)
	at org.apache.hadoop.hdds.server.OzoneProtocolMessageDispatcher.processRequest(OzoneProtocolMessageDispatcher.java:72)
	at org.apache.hadoop.ozone.protocolPB.OzoneManagerProtocolServerSideTranslatorPB.submitRequest(OzoneManagerProtocolServerSideTranslatorPB.java:100)
	at org.apache.hadoop.ozone.protocol.proto.OzoneManagerProtocolProtos$OzoneManagerService$2.callBlockingMethod(OzoneManagerProtocolProtos.java)
	at org.apache.hadoop.ipc.ProtobufRpcEngine$Server$ProtoBufRpcInvoker.call(ProtobufRpcEngine.java:524)
	at org.apache.hadoop.ipc.RPC$Server.call(RPC.java:1025)
	at org.apache.hadoop.ipc.Server$RpcCall.run(Server.java:876)
	at org.apache.hadoop.ipc.Server$RpcCall.run(Server.java:822)
	at java.security.AccessController.doPrivileged(Native Method)
	at javax.security.auth.Subject.doAs(Subject.java:422)
	at org.apache.hadoop.security.UserGroupInformation.doAs(UserGroupInformation.java:1730)
	at org.apache.hadoop.ipc.Server$Handler.run(Server.java:2682)
2019-10-16 06:06:20,790 [main] INFO  retry.RetryInvocationHandler (RetryInvocationHandler.java:log(411)) - com.google.protobuf.ServiceException: org.apache.hadoop.ipc.RemoteException(java.lang.IllegalMonitorStateException): Releasing lock on resource /703e6d06-e1ee-47c7-9c6d-7e6a0bcae7b4/d2e4c53f-b16a-4855-8625-fddec5cad336 without acquiring lock
	at org.apache.hadoop.ozone.lock.LockManager.getLockForReleasing(LockManager.java:220)
	at org.apache.hadoop.ozone.lock.LockManager.release(LockManager.java:168)
	at org.apache.hadoop.ozone.lock.LockManager.writeUnlock(LockManager.java:148)
	at org.apache.hadoop.ozone.om.lock.OzoneManagerLock.unlock(OzoneManagerLock.java:364)
	at org.apache.hadoop.ozone.om.lock.OzoneManagerLock.releaseWriteLock(OzoneManagerLock.java:329)
	at org.apache.hadoop.ozone.om.request.key.OMKeyCommitRequest.validateAndUpdateCache(OMKeyCommitRequest.java:177)
	at org.apache.hadoop.ozone.protocolPB.OzoneManagerProtocolServerSideTranslatorPB.submitRequestDirectlyToOM(OzoneManagerProtocolServerSideTranslatorPB.java:219)
	at org.apache.hadoop.ozone.protocolPB.OzoneManagerProtocolServerSideTranslatorPB.processRequest(OzoneManagerProtocolServerSideTranslatorPB.java:134)
	at org.apache.hadoop.hdds.server.OzoneProtocolMessageDispatcher.processRequest(OzoneProtocolMessageDispatcher.java:72)
	at org.apache.hadoop.ozone.protocolPB.OzoneManagerProtocolServerSideTranslatorPB.submitRequest(OzoneManagerProtocolServerSideTranslatorPB.java:100)
	at org.apache.hadoop.ozone.protocol.proto.OzoneManagerProtocolProtos$OzoneManagerService$2.callBlockingMethod(OzoneManagerProtocolProtos.java)
	at org.apache.hadoop.ipc.ProtobufRpcEngine$Server$ProtoBufRpcInvoker.call(ProtobufRpcEngine.java:524)
	at org.apache.hadoop.ipc.RPC$Server.call(RPC.java:1025)
	at org.apache.hadoop.ipc.Server$RpcCall.run(Server.java:876)
	at org.apache.hadoop.ipc.Server$RpcCall.run(Server.java:822)
	at java.security.AccessController.doPrivileged(Native Method)
	at javax.security.auth.Subject.doAs(Subject.java:422)
	at org.apache.hadoop.security.UserGroupInformation.doAs(UserGroupInformation.java:1730)
	at org.apache.hadoop.ipc.Server$Handler.run(Server.java:2682)
, while invoking $Proxy37.submitRequest over nodeId=null,nodeAddress=localhost:42894 after 8 failover attempts. Trying to failover immediately.
2019-10-16 06:06:20,791 [IPC Server handler 6 on 42894] ERROR lock.LockManager (LockManager.java:getLockForReleasing(218)) - Trying to release the lock on /703e6d06-e1ee-47c7-9c6d-7e6a0bcae7b4/d2e4c53f-b16a-4855-8625-fddec5cad336, which was never acquired.
2019-10-16 06:06:20,792 [IPC Server handler 6 on 42894] WARN  ipc.Server (Server.java:logException(2724)) - IPC Server handler 6 on 42894, call Call#3611 Retry#9 org.apache.hadoop.ozone.om.protocol.OzoneManagerProtocol.submitRequest from 127.0.0.1:60690
java.lang.IllegalMonitorStateException: Releasing lock on resource /703e6d06-e1ee-47c7-9c6d-7e6a0bcae7b4/d2e4c53f-b16a-4855-8625-fddec5cad336 without acquiring lock
	at org.apache.hadoop.ozone.lock.LockManager.getLockForReleasing(LockManager.java:220)
	at org.apache.hadoop.ozone.lock.LockManager.release(LockManager.java:168)
	at org.apache.hadoop.ozone.lock.LockManager.writeUnlock(LockManager.java:148)
	at org.apache.hadoop.ozone.om.lock.OzoneManagerLock.unlock(OzoneManagerLock.java:364)
	at org.apache.hadoop.ozone.om.lock.OzoneManagerLock.releaseWriteLock(OzoneManagerLock.java:329)
	at org.apache.hadoop.ozone.om.request.key.OMKeyCommitRequest.validateAndUpdateCache(OMKeyCommitRequest.java:177)
	at org.apache.hadoop.ozone.protocolPB.OzoneManagerProtocolServerSideTranslatorPB.submitRequestDirectlyToOM(OzoneManagerProtocolServerSideTranslatorPB.java:219)
	at org.apache.hadoop.ozone.protocolPB.OzoneManagerProtocolServerSideTranslatorPB.processRequest(OzoneManagerProtocolServerSideTranslatorPB.java:134)
	at org.apache.hadoop.hdds.server.OzoneProtocolMessageDispatcher.processRequest(OzoneProtocolMessageDispatcher.java:72)
	at org.apache.hadoop.ozone.protocolPB.OzoneManagerProtocolServerSideTranslatorPB.submitRequest(OzoneManagerProtocolServerSideTranslatorPB.java:100)
	at org.apache.hadoop.ozone.protocol.proto.OzoneManagerProtocolProtos$OzoneManagerService$2.callBlockingMethod(OzoneManagerProtocolProtos.java)
	at org.apache.hadoop.ipc.ProtobufRpcEngine$Server$ProtoBufRpcInvoker.call(ProtobufRpcEngine.java:524)
	at org.apache.hadoop.ipc.RPC$Server.call(RPC.java:1025)
	at org.apache.hadoop.ipc.Server$RpcCall.run(Server.java:876)
	at org.apache.hadoop.ipc.Server$RpcCall.run(Server.java:822)
	at java.security.AccessController.doPrivileged(Native Method)
	at javax.security.auth.Subject.doAs(Subject.java:422)
	at org.apache.hadoop.security.UserGroupInformation.doAs(UserGroupInformation.java:1730)
	at org.apache.hadoop.ipc.Server$Handler.run(Server.java:2682)
2019-10-16 06:06:20,792 [main] INFO  retry.RetryInvocationHandler (RetryInvocationHandler.java:log(411)) - com.google.protobuf.ServiceException: org.apache.hadoop.ipc.RemoteException(java.lang.IllegalMonitorStateException): Releasing lock on resource /703e6d06-e1ee-47c7-9c6d-7e6a0bcae7b4/d2e4c53f-b16a-4855-8625-fddec5cad336 without acquiring lock
	at org.apache.hadoop.ozone.lock.LockManager.getLockForReleasing(LockManager.java:220)
	at org.apache.hadoop.ozone.lock.LockManager.release(LockManager.java:168)
	at org.apache.hadoop.ozone.lock.LockManager.writeUnlock(LockManager.java:148)
	at org.apache.hadoop.ozone.om.lock.OzoneManagerLock.unlock(OzoneManagerLock.java:364)
	at org.apache.hadoop.ozone.om.lock.OzoneManagerLock.releaseWriteLock(OzoneManagerLock.java:329)
	at org.apache.hadoop.ozone.om.request.key.OMKeyCommitRequest.validateAndUpdateCache(OMKeyCommitRequest.java:177)
	at org.apache.hadoop.ozone.protocolPB.OzoneManagerProtocolServerSideTranslatorPB.submitRequestDirectlyToOM(OzoneManagerProtocolServerSideTranslatorPB.java:219)
	at org.apache.hadoop.ozone.protocolPB.OzoneManagerProtocolServerSideTranslatorPB.processRequest(OzoneManagerProtocolServerSideTranslatorPB.java:134)
	at org.apache.hadoop.hdds.server.OzoneProtocolMessageDispatcher.processRequest(OzoneProtocolMessageDispatcher.java:72)
	at org.apache.hadoop.ozone.protocolPB.OzoneManagerProtocolServerSideTranslatorPB.submitRequest(OzoneManagerProtocolServerSideTranslatorPB.java:100)
	at org.apache.hadoop.ozone.protocol.proto.OzoneManagerProtocolProtos$OzoneManagerService$2.callBlockingMethod(OzoneManagerProtocolProtos.java)
	at org.apache.hadoop.ipc.ProtobufRpcEngine$Server$ProtoBufRpcInvoker.call(ProtobufRpcEngine.java:524)
	at org.apache.hadoop.ipc.RPC$Server.call(RPC.java:1025)
	at org.apache.hadoop.ipc.Server$RpcCall.run(Server.java:876)
	at org.apache.hadoop.ipc.Server$RpcCall.run(Server.java:822)
	at java.security.AccessController.doPrivileged(Native Method)
	at javax.security.auth.Subject.doAs(Subject.java:422)
	at org.apache.hadoop.security.UserGroupInformation.doAs(UserGroupInformation.java:1730)
	at org.apache.hadoop.ipc.Server$Handler.run(Server.java:2682)
, while invoking $Proxy37.submitRequest over nodeId=null,nodeAddress=localhost:42894 after 9 failover attempts. Trying to failover immediately.
2019-10-16 06:06:20,793 [IPC Server handler 15 on 42894] ERROR lock.LockManager (LockManager.java:getLockForReleasing(218)) - Trying to release the lock on /703e6d06-e1ee-47c7-9c6d-7e6a0bcae7b4/d2e4c53f-b16a-4855-8625-fddec5cad336, which was never acquired.
2019-10-16 06:06:20,793 [IPC Server handler 15 on 42894] WARN  ipc.Server (Server.java:logException(2724)) - IPC Server handler 15 on 42894, call Call#3611 Retry#10 org.apache.hadoop.ozone.om.protocol.OzoneManagerProtocol.submitRequest from 127.0.0.1:60690
java.lang.IllegalMonitorStateException: Releasing lock on resource /703e6d06-e1ee-47c7-9c6d-7e6a0bcae7b4/d2e4c53f-b16a-4855-8625-fddec5cad336 without acquiring lock
	at org.apache.hadoop.ozone.lock.LockManager.getLockForReleasing(LockManager.java:220)
	at org.apache.hadoop.ozone.lock.LockManager.release(LockManager.java:168)
	at org.apache.hadoop.ozone.lock.LockManager.writeUnlock(LockManager.java:148)
	at org.apache.hadoop.ozone.om.lock.OzoneManagerLock.unlock(OzoneManagerLock.java:364)
	at org.apache.hadoop.ozone.om.lock.OzoneManagerLock.releaseWriteLock(OzoneManagerLock.java:329)
	at org.apache.hadoop.ozone.om.request.key.OMKeyCommitRequest.validateAndUpdateCache(OMKeyCommitRequest.java:177)
	at org.apache.hadoop.ozone.protocolPB.OzoneManagerProtocolServerSideTranslatorPB.submitRequestDirectlyToOM(OzoneManagerProtocolServerSideTranslatorPB.java:219)
	at org.apache.hadoop.ozone.protocolPB.OzoneManagerProtocolServerSideTranslatorPB.processRequest(OzoneManagerProtocolServerSideTranslatorPB.java:134)
	at org.apache.hadoop.hdds.server.OzoneProtocolMessageDispatcher.processRequest(OzoneProtocolMessageDispatcher.java:72)
	at org.apache.hadoop.ozone.protocolPB.OzoneManagerProtocolServerSideTranslatorPB.submitRequest(OzoneManagerProtocolServerSideTranslatorPB.java:100)
	at org.apache.hadoop.ozone.protocol.proto.OzoneManagerProtocolProtos$OzoneManagerService$2.callBlockingMethod(OzoneManagerProtocolProtos.java)
	at org.apache.hadoop.ipc.ProtobufRpcEngine$Server$ProtoBufRpcInvoker.call(ProtobufRpcEngine.java:524)
	at org.apache.hadoop.ipc.RPC$Server.call(RPC.java:1025)
	at org.apache.hadoop.ipc.Server$RpcCall.run(Server.java:876)
	at org.apache.hadoop.ipc.Server$RpcCall.run(Server.java:822)
	at java.security.AccessController.doPrivileged(Native Method)
	at javax.security.auth.Subject.doAs(Subject.java:422)
	at org.apache.hadoop.security.UserGroupInformation.doAs(UserGroupInformation.java:1730)
	at org.apache.hadoop.ipc.Server$Handler.run(Server.java:2682)
2019-10-16 06:06:20,794 [main] ERROR ha.OMFailoverProxyProvider (OzoneManagerProtocolClientSideTranslatorPB.java:getRetryAction(268)) - Failed to connect to OM. Attempted 10 retries and 10 failovers
]]></system-out>
  </testcase>
  <testcase name="testAbortUploadSuccessWithOutAnyParts" classname="org.apache.hadoop.ozone.client.rpc.TestSecureOzoneRpcClient" time="0.006"/>
  <testcase name="testListPartsInvalidMaxParts" classname="org.apache.hadoop.ozone.client.rpc.TestSecureOzoneRpcClient" time="0.005"/>
  <testcase name="testSetBucketVersioning" classname="org.apache.hadoop.ozone.client.rpc.TestSecureOzoneRpcClient" time="0.005"/>
  <testcase name="testAbortUploadFail" classname="org.apache.hadoop.ozone.client.rpc.TestSecureOzoneRpcClient" time="0.005"/>
  <testcase name="testCreateS3BucketMapping" classname="org.apache.hadoop.ozone.client.rpc.TestSecureOzoneRpcClient" time="0.006"/>
  <testcase name="testMultipartUploadOverride" classname="org.apache.hadoop.ozone.client.rpc.TestSecureOzoneRpcClient" time="1.988"/>
  <testcase name="testKeyReadWriteForGDPR" classname="org.apache.hadoop.ozone.client.rpc.TestSecureOzoneRpcClient" time="0.046">
    <error message="Releasing lock on resource /f7c0b0c5-bfb1-418e-9e67-6a7eac68df91/0d5315b3-c0a0-4238-9c54-00b94f5c0dda without acquiring lock&#10;	at org.apache.hadoop.ozone.lock.LockManager.getLockForReleasing(LockManager.java:220)&#10;	at org.apache.hadoop.ozone.lock.LockManager.release(LockManager.java:168)&#10;	at org.apache.hadoop.ozone.lock.LockManager.writeUnlock(LockManager.java:148)&#10;	at org.apache.hadoop.ozone.om.lock.OzoneManagerLock.unlock(OzoneManagerLock.java:364)&#10;	at org.apache.hadoop.ozone.om.lock.OzoneManagerLock.releaseWriteLock(OzoneManagerLock.java:329)&#10;	at org.apache.hadoop.ozone.om.request.key.OMKeyCommitRequest.validateAndUpdateCache(OMKeyCommitRequest.java:177)&#10;	at org.apache.hadoop.ozone.protocolPB.OzoneManagerProtocolServerSideTranslatorPB.submitRequestDirectlyToOM(OzoneManagerProtocolServerSideTranslatorPB.java:219)&#10;	at org.apache.hadoop.ozone.protocolPB.OzoneManagerProtocolServerSideTranslatorPB.processRequest(OzoneManagerProtocolServerSideTranslatorPB.java:134)&#10;	at org.apache.hadoop.hdds.server.OzoneProtocolMessageDispatcher.processRequest(OzoneProtocolMessageDispatcher.java:72)&#10;	at org.apache.hadoop.ozone.protocolPB.OzoneManagerProtocolServerSideTranslatorPB.submitRequest(OzoneManagerProtocolServerSideTranslatorPB.java:100)&#10;	at org.apache.hadoop.ozone.protocol.proto.OzoneManagerProtocolProtos$OzoneManagerService$2.callBlockingMethod(OzoneManagerProtocolProtos.java)&#10;	at org.apache.hadoop.ipc.ProtobufRpcEngine$Server$ProtoBufRpcInvoker.call(ProtobufRpcEngine.java:524)&#10;	at org.apache.hadoop.ipc.RPC$Server.call(RPC.java:1025)&#10;	at org.apache.hadoop.ipc.Server$RpcCall.run(Server.java:876)&#10;	at org.apache.hadoop.ipc.Server$RpcCall.run(Server.java:822)&#10;	at java.security.AccessController.doPrivileged(Native Method)&#10;	at javax.security.auth.Subject.doAs(Subject.java:422)&#10;	at org.apache.hadoop.security.UserGroupInformation.doAs(UserGroupInformation.java:1730)&#10;	at org.apache.hadoop.ipc.Server$Handler.run(Server.java:2682)&#10;" type="org.apache.hadoop.ipc.RemoteException(java.lang.IllegalMonitorStateException)">org.apache.hadoop.ipc.RemoteException(java.lang.IllegalMonitorStateException): Releasing lock on resource /f7c0b0c5-bfb1-418e-9e67-6a7eac68df91/0d5315b3-c0a0-4238-9c54-00b94f5c0dda without acquiring lock
	at org.apache.hadoop.ozone.lock.LockManager.getLockForReleasing(LockManager.java:220)
	at org.apache.hadoop.ozone.lock.LockManager.release(LockManager.java:168)
	at org.apache.hadoop.ozone.lock.LockManager.writeUnlock(LockManager.java:148)
	at org.apache.hadoop.ozone.om.lock.OzoneManagerLock.unlock(OzoneManagerLock.java:364)
	at org.apache.hadoop.ozone.om.lock.OzoneManagerLock.releaseWriteLock(OzoneManagerLock.java:329)
	at org.apache.hadoop.ozone.om.request.key.OMKeyCommitRequest.validateAndUpdateCache(OMKeyCommitRequest.java:177)
	at org.apache.hadoop.ozone.protocolPB.OzoneManagerProtocolServerSideTranslatorPB.submitRequestDirectlyToOM(OzoneManagerProtocolServerSideTranslatorPB.java:219)
	at org.apache.hadoop.ozone.protocolPB.OzoneManagerProtocolServerSideTranslatorPB.processRequest(OzoneManagerProtocolServerSideTranslatorPB.java:134)
	at org.apache.hadoop.hdds.server.OzoneProtocolMessageDispatcher.processRequest(OzoneProtocolMessageDispatcher.java:72)
	at org.apache.hadoop.ozone.protocolPB.OzoneManagerProtocolServerSideTranslatorPB.submitRequest(OzoneManagerProtocolServerSideTranslatorPB.java:100)
	at org.apache.hadoop.ozone.protocol.proto.OzoneManagerProtocolProtos$OzoneManagerService$2.callBlockingMethod(OzoneManagerProtocolProtos.java)
	at org.apache.hadoop.ipc.ProtobufRpcEngine$Server$ProtoBufRpcInvoker.call(ProtobufRpcEngine.java:524)
	at org.apache.hadoop.ipc.RPC$Server.call(RPC.java:1025)
	at org.apache.hadoop.ipc.Server$RpcCall.run(Server.java:876)
	at org.apache.hadoop.ipc.Server$RpcCall.run(Server.java:822)
	at java.security.AccessController.doPrivileged(Native Method)
	at javax.security.auth.Subject.doAs(Subject.java:422)
	at org.apache.hadoop.security.UserGroupInformation.doAs(UserGroupInformation.java:1730)
	at org.apache.hadoop.ipc.Server$Handler.run(Server.java:2682)

	at org.apache.hadoop.ipc.Client.getRpcResponse(Client.java:1511)
	at org.apache.hadoop.ipc.Client.call(Client.java:1457)
	at org.apache.hadoop.ipc.Client.call(Client.java:1367)
	at org.apache.hadoop.ipc.ProtobufRpcEngine$Invoker.invoke(ProtobufRpcEngine.java:228)
	at org.apache.hadoop.ipc.ProtobufRpcEngine$Invoker.invoke(ProtobufRpcEngine.java:116)
	at com.sun.proxy.$Proxy37.submitRequest(Unknown Source)
	at sun.reflect.GeneratedMethodAccessor72.invoke(Unknown Source)
	at sun.reflect.DelegatingMethodAccessorImpl.invoke(DelegatingMethodAccessorImpl.java:43)
	at java.lang.reflect.Method.invoke(Method.java:498)
	at org.apache.hadoop.io.retry.RetryInvocationHandler.invokeMethod(RetryInvocationHandler.java:422)
	at org.apache.hadoop.io.retry.RetryInvocationHandler$Call.invokeMethod(RetryInvocationHandler.java:165)
	at org.apache.hadoop.io.retry.RetryInvocationHandler$Call.invoke(RetryInvocationHandler.java:157)
	at org.apache.hadoop.io.retry.RetryInvocationHandler$Call.invokeOnce(RetryInvocationHandler.java:95)
	at org.apache.hadoop.io.retry.RetryInvocationHandler.invoke(RetryInvocationHandler.java:359)
	at com.sun.proxy.$Proxy37.submitRequest(Unknown Source)
	at org.apache.hadoop.ozone.om.protocolPB.OzoneManagerProtocolClientSideTranslatorPB.submitRequest(OzoneManagerProtocolClientSideTranslatorPB.java:338)
	at org.apache.hadoop.ozone.om.protocolPB.OzoneManagerProtocolClientSideTranslatorPB.commitKey(OzoneManagerProtocolClientSideTranslatorPB.java:789)
	at sun.reflect.NativeMethodAccessorImpl.invoke0(Native Method)
	at sun.reflect.NativeMethodAccessorImpl.invoke(NativeMethodAccessorImpl.java:62)
	at sun.reflect.DelegatingMethodAccessorImpl.invoke(DelegatingMethodAccessorImpl.java:43)
	at java.lang.reflect.Method.invoke(Method.java:498)
	at org.apache.hadoop.hdds.tracing.TraceAllMethod.invoke(TraceAllMethod.java:66)
	at com.sun.proxy.$Proxy38.commitKey(Unknown Source)
	at org.apache.hadoop.ozone.client.io.BlockOutputStreamEntryPool.commitKey(BlockOutputStreamEntryPool.java:277)
	at org.apache.hadoop.ozone.client.io.KeyOutputStream.close(KeyOutputStream.java:474)
	at javax.crypto.CipherOutputStream.close(CipherOutputStream.java:225)
	at org.apache.hadoop.ozone.client.io.OzoneOutputStream.close(OzoneOutputStream.java:60)
	at org.apache.hadoop.ozone.client.rpc.TestOzoneRpcClientAbstract.testKeyReadWriteForGDPR(TestOzoneRpcClientAbstract.java:2695)
	at sun.reflect.NativeMethodAccessorImpl.invoke0(Native Method)
	at sun.reflect.NativeMethodAccessorImpl.invoke(NativeMethodAccessorImpl.java:62)
	at sun.reflect.DelegatingMethodAccessorImpl.invoke(DelegatingMethodAccessorImpl.java:43)
	at java.lang.reflect.Method.invoke(Method.java:498)
	at org.junit.runners.model.FrameworkMethod$1.runReflectiveCall(FrameworkMethod.java:47)
	at org.junit.internal.runners.model.ReflectiveCallable.run(ReflectiveCallable.java:12)
	at org.junit.runners.model.FrameworkMethod.invokeExplosively(FrameworkMethod.java:44)
	at org.junit.internal.runners.statements.InvokeMethod.evaluate(InvokeMethod.java:17)
	at org.junit.runners.ParentRunner.runLeaf(ParentRunner.java:271)
	at org.junit.runners.BlockJUnit4ClassRunner.runChild(BlockJUnit4ClassRunner.java:70)
	at org.junit.runners.BlockJUnit4ClassRunner.runChild(BlockJUnit4ClassRunner.java:50)
	at org.junit.runners.ParentRunner$3.run(ParentRunner.java:238)
	at org.junit.runners.ParentRunner$1.schedule(ParentRunner.java:63)
	at org.junit.runners.ParentRunner.runChildren(ParentRunner.java:236)
	at org.junit.runners.ParentRunner.access$000(ParentRunner.java:53)
	at org.junit.runners.ParentRunner$2.evaluate(ParentRunner.java:229)
	at org.junit.internal.runners.statements.RunBefores.evaluate(RunBefores.java:26)
	at org.junit.internal.runners.statements.RunAfters.evaluate(RunAfters.java:27)
	at org.junit.runners.ParentRunner.run(ParentRunner.java:309)
	at org.apache.maven.surefire.junit4.JUnit4Provider.execute(JUnit4Provider.java:365)
	at org.apache.maven.surefire.junit4.JUnit4Provider.executeWithRerun(JUnit4Provider.java:273)
	at org.apache.maven.surefire.junit4.JUnit4Provider.executeTestSet(JUnit4Provider.java:238)
	at org.apache.maven.surefire.junit4.JUnit4Provider.invoke(JUnit4Provider.java:159)
	at org.apache.maven.surefire.booter.ForkedBooter.invokeProviderInSameClassLoader(ForkedBooter.java:384)
	at org.apache.maven.surefire.booter.ForkedBooter.runSuitesInProcess(ForkedBooter.java:345)
	at org.apache.maven.surefire.booter.ForkedBooter.execute(ForkedBooter.java:126)
	at org.apache.maven.surefire.booter.ForkedBooter.main(ForkedBooter.java:418)
</error>
    <system-out><![CDATA[2019-10-16 06:06:22,811 [main] INFO  rpc.RpcClient (RpcClient.java:createVolume(272)) - Creating Volume: f7c0b0c5-bfb1-418e-9e67-6a7eac68df91, with jenkins1000 as owner.
2019-10-16 06:06:22,813 [IPC Server handler 8 on 42894] INFO  volume.OMVolumeCreateRequest (OMVolumeCreateRequest.java:validateAndUpdateCache(193)) - created volume:f7c0b0c5-bfb1-418e-9e67-6a7eac68df91 for user:jenkins1000
2019-10-16 06:06:22,815 [main] INFO  rpc.RpcClient (RpcClient.java:createBucket(411)) - Creating Bucket: f7c0b0c5-bfb1-418e-9e67-6a7eac68df91/0d5315b3-c0a0-4238-9c54-00b94f5c0dda, with Versioning false and Storage Type set to DISK and Encryption set to false 
2019-10-16 06:06:22,835 [IPC Server handler 14 on 42894] ERROR lock.LockManager (LockManager.java:getLockForReleasing(218)) - Trying to release the lock on /f7c0b0c5-bfb1-418e-9e67-6a7eac68df91/0d5315b3-c0a0-4238-9c54-00b94f5c0dda, which was never acquired.
2019-10-16 06:06:22,835 [IPC Server handler 14 on 42894] WARN  ipc.Server (Server.java:logException(2724)) - IPC Server handler 14 on 42894, call Call#3739 Retry#0 org.apache.hadoop.ozone.om.protocol.OzoneManagerProtocol.submitRequest from 127.0.0.1:60690
java.lang.IllegalMonitorStateException: Releasing lock on resource /f7c0b0c5-bfb1-418e-9e67-6a7eac68df91/0d5315b3-c0a0-4238-9c54-00b94f5c0dda without acquiring lock
	at org.apache.hadoop.ozone.lock.LockManager.getLockForReleasing(LockManager.java:220)
	at org.apache.hadoop.ozone.lock.LockManager.release(LockManager.java:168)
	at org.apache.hadoop.ozone.lock.LockManager.writeUnlock(LockManager.java:148)
	at org.apache.hadoop.ozone.om.lock.OzoneManagerLock.unlock(OzoneManagerLock.java:364)
	at org.apache.hadoop.ozone.om.lock.OzoneManagerLock.releaseWriteLock(OzoneManagerLock.java:329)
	at org.apache.hadoop.ozone.om.request.key.OMKeyCommitRequest.validateAndUpdateCache(OMKeyCommitRequest.java:177)
	at org.apache.hadoop.ozone.protocolPB.OzoneManagerProtocolServerSideTranslatorPB.submitRequestDirectlyToOM(OzoneManagerProtocolServerSideTranslatorPB.java:219)
	at org.apache.hadoop.ozone.protocolPB.OzoneManagerProtocolServerSideTranslatorPB.processRequest(OzoneManagerProtocolServerSideTranslatorPB.java:134)
	at org.apache.hadoop.hdds.server.OzoneProtocolMessageDispatcher.processRequest(OzoneProtocolMessageDispatcher.java:72)
	at org.apache.hadoop.ozone.protocolPB.OzoneManagerProtocolServerSideTranslatorPB.submitRequest(OzoneManagerProtocolServerSideTranslatorPB.java:100)
	at org.apache.hadoop.ozone.protocol.proto.OzoneManagerProtocolProtos$OzoneManagerService$2.callBlockingMethod(OzoneManagerProtocolProtos.java)
	at org.apache.hadoop.ipc.ProtobufRpcEngine$Server$ProtoBufRpcInvoker.call(ProtobufRpcEngine.java:524)
	at org.apache.hadoop.ipc.RPC$Server.call(RPC.java:1025)
	at org.apache.hadoop.ipc.Server$RpcCall.run(Server.java:876)
	at org.apache.hadoop.ipc.Server$RpcCall.run(Server.java:822)
	at java.security.AccessController.doPrivileged(Native Method)
	at javax.security.auth.Subject.doAs(Subject.java:422)
	at org.apache.hadoop.security.UserGroupInformation.doAs(UserGroupInformation.java:1730)
	at org.apache.hadoop.ipc.Server$Handler.run(Server.java:2682)
2019-10-16 06:06:22,836 [main] INFO  retry.RetryInvocationHandler (RetryInvocationHandler.java:log(411)) - com.google.protobuf.ServiceException: org.apache.hadoop.ipc.RemoteException(java.lang.IllegalMonitorStateException): Releasing lock on resource /f7c0b0c5-bfb1-418e-9e67-6a7eac68df91/0d5315b3-c0a0-4238-9c54-00b94f5c0dda without acquiring lock
	at org.apache.hadoop.ozone.lock.LockManager.getLockForReleasing(LockManager.java:220)
	at org.apache.hadoop.ozone.lock.LockManager.release(LockManager.java:168)
	at org.apache.hadoop.ozone.lock.LockManager.writeUnlock(LockManager.java:148)
	at org.apache.hadoop.ozone.om.lock.OzoneManagerLock.unlock(OzoneManagerLock.java:364)
	at org.apache.hadoop.ozone.om.lock.OzoneManagerLock.releaseWriteLock(OzoneManagerLock.java:329)
	at org.apache.hadoop.ozone.om.request.key.OMKeyCommitRequest.validateAndUpdateCache(OMKeyCommitRequest.java:177)
	at org.apache.hadoop.ozone.protocolPB.OzoneManagerProtocolServerSideTranslatorPB.submitRequestDirectlyToOM(OzoneManagerProtocolServerSideTranslatorPB.java:219)
	at org.apache.hadoop.ozone.protocolPB.OzoneManagerProtocolServerSideTranslatorPB.processRequest(OzoneManagerProtocolServerSideTranslatorPB.java:134)
	at org.apache.hadoop.hdds.server.OzoneProtocolMessageDispatcher.processRequest(OzoneProtocolMessageDispatcher.java:72)
	at org.apache.hadoop.ozone.protocolPB.OzoneManagerProtocolServerSideTranslatorPB.submitRequest(OzoneManagerProtocolServerSideTranslatorPB.java:100)
	at org.apache.hadoop.ozone.protocol.proto.OzoneManagerProtocolProtos$OzoneManagerService$2.callBlockingMethod(OzoneManagerProtocolProtos.java)
	at org.apache.hadoop.ipc.ProtobufRpcEngine$Server$ProtoBufRpcInvoker.call(ProtobufRpcEngine.java:524)
	at org.apache.hadoop.ipc.RPC$Server.call(RPC.java:1025)
	at org.apache.hadoop.ipc.Server$RpcCall.run(Server.java:876)
	at org.apache.hadoop.ipc.Server$RpcCall.run(Server.java:822)
	at java.security.AccessController.doPrivileged(Native Method)
	at javax.security.auth.Subject.doAs(Subject.java:422)
	at org.apache.hadoop.security.UserGroupInformation.doAs(UserGroupInformation.java:1730)
	at org.apache.hadoop.ipc.Server$Handler.run(Server.java:2682)
, while invoking $Proxy37.submitRequest over nodeId=null,nodeAddress=localhost:42894. Trying to failover immediately.
2019-10-16 06:06:22,837 [IPC Server handler 4 on 42894] ERROR lock.LockManager (LockManager.java:getLockForReleasing(218)) - Trying to release the lock on /f7c0b0c5-bfb1-418e-9e67-6a7eac68df91/0d5315b3-c0a0-4238-9c54-00b94f5c0dda, which was never acquired.
2019-10-16 06:06:22,837 [IPC Server handler 4 on 42894] WARN  ipc.Server (Server.java:logException(2724)) - IPC Server handler 4 on 42894, call Call#3739 Retry#1 org.apache.hadoop.ozone.om.protocol.OzoneManagerProtocol.submitRequest from 127.0.0.1:60690
java.lang.IllegalMonitorStateException: Releasing lock on resource /f7c0b0c5-bfb1-418e-9e67-6a7eac68df91/0d5315b3-c0a0-4238-9c54-00b94f5c0dda without acquiring lock
	at org.apache.hadoop.ozone.lock.LockManager.getLockForReleasing(LockManager.java:220)
	at org.apache.hadoop.ozone.lock.LockManager.release(LockManager.java:168)
	at org.apache.hadoop.ozone.lock.LockManager.writeUnlock(LockManager.java:148)
	at org.apache.hadoop.ozone.om.lock.OzoneManagerLock.unlock(OzoneManagerLock.java:364)
	at org.apache.hadoop.ozone.om.lock.OzoneManagerLock.releaseWriteLock(OzoneManagerLock.java:329)
	at org.apache.hadoop.ozone.om.request.key.OMKeyCommitRequest.validateAndUpdateCache(OMKeyCommitRequest.java:177)
	at org.apache.hadoop.ozone.protocolPB.OzoneManagerProtocolServerSideTranslatorPB.submitRequestDirectlyToOM(OzoneManagerProtocolServerSideTranslatorPB.java:219)
	at org.apache.hadoop.ozone.protocolPB.OzoneManagerProtocolServerSideTranslatorPB.processRequest(OzoneManagerProtocolServerSideTranslatorPB.java:134)
	at org.apache.hadoop.hdds.server.OzoneProtocolMessageDispatcher.processRequest(OzoneProtocolMessageDispatcher.java:72)
	at org.apache.hadoop.ozone.protocolPB.OzoneManagerProtocolServerSideTranslatorPB.submitRequest(OzoneManagerProtocolServerSideTranslatorPB.java:100)
	at org.apache.hadoop.ozone.protocol.proto.OzoneManagerProtocolProtos$OzoneManagerService$2.callBlockingMethod(OzoneManagerProtocolProtos.java)
	at org.apache.hadoop.ipc.ProtobufRpcEngine$Server$ProtoBufRpcInvoker.call(ProtobufRpcEngine.java:524)
	at org.apache.hadoop.ipc.RPC$Server.call(RPC.java:1025)
	at org.apache.hadoop.ipc.Server$RpcCall.run(Server.java:876)
	at org.apache.hadoop.ipc.Server$RpcCall.run(Server.java:822)
	at java.security.AccessController.doPrivileged(Native Method)
	at javax.security.auth.Subject.doAs(Subject.java:422)
	at org.apache.hadoop.security.UserGroupInformation.doAs(UserGroupInformation.java:1730)
	at org.apache.hadoop.ipc.Server$Handler.run(Server.java:2682)
2019-10-16 06:06:22,838 [main] INFO  retry.RetryInvocationHandler (RetryInvocationHandler.java:log(411)) - com.google.protobuf.ServiceException: org.apache.hadoop.ipc.RemoteException(java.lang.IllegalMonitorStateException): Releasing lock on resource /f7c0b0c5-bfb1-418e-9e67-6a7eac68df91/0d5315b3-c0a0-4238-9c54-00b94f5c0dda without acquiring lock
	at org.apache.hadoop.ozone.lock.LockManager.getLockForReleasing(LockManager.java:220)
	at org.apache.hadoop.ozone.lock.LockManager.release(LockManager.java:168)
	at org.apache.hadoop.ozone.lock.LockManager.writeUnlock(LockManager.java:148)
	at org.apache.hadoop.ozone.om.lock.OzoneManagerLock.unlock(OzoneManagerLock.java:364)
	at org.apache.hadoop.ozone.om.lock.OzoneManagerLock.releaseWriteLock(OzoneManagerLock.java:329)
	at org.apache.hadoop.ozone.om.request.key.OMKeyCommitRequest.validateAndUpdateCache(OMKeyCommitRequest.java:177)
	at org.apache.hadoop.ozone.protocolPB.OzoneManagerProtocolServerSideTranslatorPB.submitRequestDirectlyToOM(OzoneManagerProtocolServerSideTranslatorPB.java:219)
	at org.apache.hadoop.ozone.protocolPB.OzoneManagerProtocolServerSideTranslatorPB.processRequest(OzoneManagerProtocolServerSideTranslatorPB.java:134)
	at org.apache.hadoop.hdds.server.OzoneProtocolMessageDispatcher.processRequest(OzoneProtocolMessageDispatcher.java:72)
	at org.apache.hadoop.ozone.protocolPB.OzoneManagerProtocolServerSideTranslatorPB.submitRequest(OzoneManagerProtocolServerSideTranslatorPB.java:100)
	at org.apache.hadoop.ozone.protocol.proto.OzoneManagerProtocolProtos$OzoneManagerService$2.callBlockingMethod(OzoneManagerProtocolProtos.java)
	at org.apache.hadoop.ipc.ProtobufRpcEngine$Server$ProtoBufRpcInvoker.call(ProtobufRpcEngine.java:524)
	at org.apache.hadoop.ipc.RPC$Server.call(RPC.java:1025)
	at org.apache.hadoop.ipc.Server$RpcCall.run(Server.java:876)
	at org.apache.hadoop.ipc.Server$RpcCall.run(Server.java:822)
	at java.security.AccessController.doPrivileged(Native Method)
	at javax.security.auth.Subject.doAs(Subject.java:422)
	at org.apache.hadoop.security.UserGroupInformation.doAs(UserGroupInformation.java:1730)
	at org.apache.hadoop.ipc.Server$Handler.run(Server.java:2682)
, while invoking $Proxy37.submitRequest over nodeId=null,nodeAddress=localhost:42894 after 1 failover attempts. Trying to failover immediately.
2019-10-16 06:06:22,839 [IPC Server handler 10 on 42894] ERROR lock.LockManager (LockManager.java:getLockForReleasing(218)) - Trying to release the lock on /f7c0b0c5-bfb1-418e-9e67-6a7eac68df91/0d5315b3-c0a0-4238-9c54-00b94f5c0dda, which was never acquired.
2019-10-16 06:06:22,839 [IPC Server handler 10 on 42894] WARN  ipc.Server (Server.java:logException(2724)) - IPC Server handler 10 on 42894, call Call#3739 Retry#2 org.apache.hadoop.ozone.om.protocol.OzoneManagerProtocol.submitRequest from 127.0.0.1:60690
java.lang.IllegalMonitorStateException: Releasing lock on resource /f7c0b0c5-bfb1-418e-9e67-6a7eac68df91/0d5315b3-c0a0-4238-9c54-00b94f5c0dda without acquiring lock
	at org.apache.hadoop.ozone.lock.LockManager.getLockForReleasing(LockManager.java:220)
	at org.apache.hadoop.ozone.lock.LockManager.release(LockManager.java:168)
	at org.apache.hadoop.ozone.lock.LockManager.writeUnlock(LockManager.java:148)
	at org.apache.hadoop.ozone.om.lock.OzoneManagerLock.unlock(OzoneManagerLock.java:364)
	at org.apache.hadoop.ozone.om.lock.OzoneManagerLock.releaseWriteLock(OzoneManagerLock.java:329)
	at org.apache.hadoop.ozone.om.request.key.OMKeyCommitRequest.validateAndUpdateCache(OMKeyCommitRequest.java:177)
	at org.apache.hadoop.ozone.protocolPB.OzoneManagerProtocolServerSideTranslatorPB.submitRequestDirectlyToOM(OzoneManagerProtocolServerSideTranslatorPB.java:219)
	at org.apache.hadoop.ozone.protocolPB.OzoneManagerProtocolServerSideTranslatorPB.processRequest(OzoneManagerProtocolServerSideTranslatorPB.java:134)
	at org.apache.hadoop.hdds.server.OzoneProtocolMessageDispatcher.processRequest(OzoneProtocolMessageDispatcher.java:72)
	at org.apache.hadoop.ozone.protocolPB.OzoneManagerProtocolServerSideTranslatorPB.submitRequest(OzoneManagerProtocolServerSideTranslatorPB.java:100)
	at org.apache.hadoop.ozone.protocol.proto.OzoneManagerProtocolProtos$OzoneManagerService$2.callBlockingMethod(OzoneManagerProtocolProtos.java)
	at org.apache.hadoop.ipc.ProtobufRpcEngine$Server$ProtoBufRpcInvoker.call(ProtobufRpcEngine.java:524)
	at org.apache.hadoop.ipc.RPC$Server.call(RPC.java:1025)
	at org.apache.hadoop.ipc.Server$RpcCall.run(Server.java:876)
	at org.apache.hadoop.ipc.Server$RpcCall.run(Server.java:822)
	at java.security.AccessController.doPrivileged(Native Method)
	at javax.security.auth.Subject.doAs(Subject.java:422)
	at org.apache.hadoop.security.UserGroupInformation.doAs(UserGroupInformation.java:1730)
	at org.apache.hadoop.ipc.Server$Handler.run(Server.java:2682)
2019-10-16 06:06:22,840 [main] INFO  retry.RetryInvocationHandler (RetryInvocationHandler.java:log(411)) - com.google.protobuf.ServiceException: org.apache.hadoop.ipc.RemoteException(java.lang.IllegalMonitorStateException): Releasing lock on resource /f7c0b0c5-bfb1-418e-9e67-6a7eac68df91/0d5315b3-c0a0-4238-9c54-00b94f5c0dda without acquiring lock
	at org.apache.hadoop.ozone.lock.LockManager.getLockForReleasing(LockManager.java:220)
	at org.apache.hadoop.ozone.lock.LockManager.release(LockManager.java:168)
	at org.apache.hadoop.ozone.lock.LockManager.writeUnlock(LockManager.java:148)
	at org.apache.hadoop.ozone.om.lock.OzoneManagerLock.unlock(OzoneManagerLock.java:364)
	at org.apache.hadoop.ozone.om.lock.OzoneManagerLock.releaseWriteLock(OzoneManagerLock.java:329)
	at org.apache.hadoop.ozone.om.request.key.OMKeyCommitRequest.validateAndUpdateCache(OMKeyCommitRequest.java:177)
	at org.apache.hadoop.ozone.protocolPB.OzoneManagerProtocolServerSideTranslatorPB.submitRequestDirectlyToOM(OzoneManagerProtocolServerSideTranslatorPB.java:219)
	at org.apache.hadoop.ozone.protocolPB.OzoneManagerProtocolServerSideTranslatorPB.processRequest(OzoneManagerProtocolServerSideTranslatorPB.java:134)
	at org.apache.hadoop.hdds.server.OzoneProtocolMessageDispatcher.processRequest(OzoneProtocolMessageDispatcher.java:72)
	at org.apache.hadoop.ozone.protocolPB.OzoneManagerProtocolServerSideTranslatorPB.submitRequest(OzoneManagerProtocolServerSideTranslatorPB.java:100)
	at org.apache.hadoop.ozone.protocol.proto.OzoneManagerProtocolProtos$OzoneManagerService$2.callBlockingMethod(OzoneManagerProtocolProtos.java)
	at org.apache.hadoop.ipc.ProtobufRpcEngine$Server$ProtoBufRpcInvoker.call(ProtobufRpcEngine.java:524)
	at org.apache.hadoop.ipc.RPC$Server.call(RPC.java:1025)
	at org.apache.hadoop.ipc.Server$RpcCall.run(Server.java:876)
	at org.apache.hadoop.ipc.Server$RpcCall.run(Server.java:822)
	at java.security.AccessController.doPrivileged(Native Method)
	at javax.security.auth.Subject.doAs(Subject.java:422)
	at org.apache.hadoop.security.UserGroupInformation.doAs(UserGroupInformation.java:1730)
	at org.apache.hadoop.ipc.Server$Handler.run(Server.java:2682)
, while invoking $Proxy37.submitRequest over nodeId=null,nodeAddress=localhost:42894 after 2 failover attempts. Trying to failover immediately.
2019-10-16 06:06:22,841 [IPC Server handler 13 on 42894] ERROR lock.LockManager (LockManager.java:getLockForReleasing(218)) - Trying to release the lock on /f7c0b0c5-bfb1-418e-9e67-6a7eac68df91/0d5315b3-c0a0-4238-9c54-00b94f5c0dda, which was never acquired.
2019-10-16 06:06:22,842 [IPC Server handler 13 on 42894] WARN  ipc.Server (Server.java:logException(2724)) - IPC Server handler 13 on 42894, call Call#3739 Retry#3 org.apache.hadoop.ozone.om.protocol.OzoneManagerProtocol.submitRequest from 127.0.0.1:60690
java.lang.IllegalMonitorStateException: Releasing lock on resource /f7c0b0c5-bfb1-418e-9e67-6a7eac68df91/0d5315b3-c0a0-4238-9c54-00b94f5c0dda without acquiring lock
	at org.apache.hadoop.ozone.lock.LockManager.getLockForReleasing(LockManager.java:220)
	at org.apache.hadoop.ozone.lock.LockManager.release(LockManager.java:168)
	at org.apache.hadoop.ozone.lock.LockManager.writeUnlock(LockManager.java:148)
	at org.apache.hadoop.ozone.om.lock.OzoneManagerLock.unlock(OzoneManagerLock.java:364)
	at org.apache.hadoop.ozone.om.lock.OzoneManagerLock.releaseWriteLock(OzoneManagerLock.java:329)
	at org.apache.hadoop.ozone.om.request.key.OMKeyCommitRequest.validateAndUpdateCache(OMKeyCommitRequest.java:177)
	at org.apache.hadoop.ozone.protocolPB.OzoneManagerProtocolServerSideTranslatorPB.submitRequestDirectlyToOM(OzoneManagerProtocolServerSideTranslatorPB.java:219)
	at org.apache.hadoop.ozone.protocolPB.OzoneManagerProtocolServerSideTranslatorPB.processRequest(OzoneManagerProtocolServerSideTranslatorPB.java:134)
	at org.apache.hadoop.hdds.server.OzoneProtocolMessageDispatcher.processRequest(OzoneProtocolMessageDispatcher.java:72)
	at org.apache.hadoop.ozone.protocolPB.OzoneManagerProtocolServerSideTranslatorPB.submitRequest(OzoneManagerProtocolServerSideTranslatorPB.java:100)
	at org.apache.hadoop.ozone.protocol.proto.OzoneManagerProtocolProtos$OzoneManagerService$2.callBlockingMethod(OzoneManagerProtocolProtos.java)
	at org.apache.hadoop.ipc.ProtobufRpcEngine$Server$ProtoBufRpcInvoker.call(ProtobufRpcEngine.java:524)
	at org.apache.hadoop.ipc.RPC$Server.call(RPC.java:1025)
	at org.apache.hadoop.ipc.Server$RpcCall.run(Server.java:876)
	at org.apache.hadoop.ipc.Server$RpcCall.run(Server.java:822)
	at java.security.AccessController.doPrivileged(Native Method)
	at javax.security.auth.Subject.doAs(Subject.java:422)
	at org.apache.hadoop.security.UserGroupInformation.doAs(UserGroupInformation.java:1730)
	at org.apache.hadoop.ipc.Server$Handler.run(Server.java:2682)
2019-10-16 06:06:22,842 [main] INFO  retry.RetryInvocationHandler (RetryInvocationHandler.java:log(411)) - com.google.protobuf.ServiceException: org.apache.hadoop.ipc.RemoteException(java.lang.IllegalMonitorStateException): Releasing lock on resource /f7c0b0c5-bfb1-418e-9e67-6a7eac68df91/0d5315b3-c0a0-4238-9c54-00b94f5c0dda without acquiring lock
	at org.apache.hadoop.ozone.lock.LockManager.getLockForReleasing(LockManager.java:220)
	at org.apache.hadoop.ozone.lock.LockManager.release(LockManager.java:168)
	at org.apache.hadoop.ozone.lock.LockManager.writeUnlock(LockManager.java:148)
	at org.apache.hadoop.ozone.om.lock.OzoneManagerLock.unlock(OzoneManagerLock.java:364)
	at org.apache.hadoop.ozone.om.lock.OzoneManagerLock.releaseWriteLock(OzoneManagerLock.java:329)
	at org.apache.hadoop.ozone.om.request.key.OMKeyCommitRequest.validateAndUpdateCache(OMKeyCommitRequest.java:177)
	at org.apache.hadoop.ozone.protocolPB.OzoneManagerProtocolServerSideTranslatorPB.submitRequestDirectlyToOM(OzoneManagerProtocolServerSideTranslatorPB.java:219)
	at org.apache.hadoop.ozone.protocolPB.OzoneManagerProtocolServerSideTranslatorPB.processRequest(OzoneManagerProtocolServerSideTranslatorPB.java:134)
	at org.apache.hadoop.hdds.server.OzoneProtocolMessageDispatcher.processRequest(OzoneProtocolMessageDispatcher.java:72)
	at org.apache.hadoop.ozone.protocolPB.OzoneManagerProtocolServerSideTranslatorPB.submitRequest(OzoneManagerProtocolServerSideTranslatorPB.java:100)
	at org.apache.hadoop.ozone.protocol.proto.OzoneManagerProtocolProtos$OzoneManagerService$2.callBlockingMethod(OzoneManagerProtocolProtos.java)
	at org.apache.hadoop.ipc.ProtobufRpcEngine$Server$ProtoBufRpcInvoker.call(ProtobufRpcEngine.java:524)
	at org.apache.hadoop.ipc.RPC$Server.call(RPC.java:1025)
	at org.apache.hadoop.ipc.Server$RpcCall.run(Server.java:876)
	at org.apache.hadoop.ipc.Server$RpcCall.run(Server.java:822)
	at java.security.AccessController.doPrivileged(Native Method)
	at javax.security.auth.Subject.doAs(Subject.java:422)
	at org.apache.hadoop.security.UserGroupInformation.doAs(UserGroupInformation.java:1730)
	at org.apache.hadoop.ipc.Server$Handler.run(Server.java:2682)
, while invoking $Proxy37.submitRequest over nodeId=null,nodeAddress=localhost:42894 after 3 failover attempts. Trying to failover immediately.
2019-10-16 06:06:22,844 [IPC Server handler 19 on 42894] ERROR lock.LockManager (LockManager.java:getLockForReleasing(218)) - Trying to release the lock on /f7c0b0c5-bfb1-418e-9e67-6a7eac68df91/0d5315b3-c0a0-4238-9c54-00b94f5c0dda, which was never acquired.
2019-10-16 06:06:22,844 [IPC Server handler 19 on 42894] WARN  ipc.Server (Server.java:logException(2724)) - IPC Server handler 19 on 42894, call Call#3739 Retry#4 org.apache.hadoop.ozone.om.protocol.OzoneManagerProtocol.submitRequest from 127.0.0.1:60690
java.lang.IllegalMonitorStateException: Releasing lock on resource /f7c0b0c5-bfb1-418e-9e67-6a7eac68df91/0d5315b3-c0a0-4238-9c54-00b94f5c0dda without acquiring lock
	at org.apache.hadoop.ozone.lock.LockManager.getLockForReleasing(LockManager.java:220)
	at org.apache.hadoop.ozone.lock.LockManager.release(LockManager.java:168)
	at org.apache.hadoop.ozone.lock.LockManager.writeUnlock(LockManager.java:148)
	at org.apache.hadoop.ozone.om.lock.OzoneManagerLock.unlock(OzoneManagerLock.java:364)
	at org.apache.hadoop.ozone.om.lock.OzoneManagerLock.releaseWriteLock(OzoneManagerLock.java:329)
	at org.apache.hadoop.ozone.om.request.key.OMKeyCommitRequest.validateAndUpdateCache(OMKeyCommitRequest.java:177)
	at org.apache.hadoop.ozone.protocolPB.OzoneManagerProtocolServerSideTranslatorPB.submitRequestDirectlyToOM(OzoneManagerProtocolServerSideTranslatorPB.java:219)
	at org.apache.hadoop.ozone.protocolPB.OzoneManagerProtocolServerSideTranslatorPB.processRequest(OzoneManagerProtocolServerSideTranslatorPB.java:134)
	at org.apache.hadoop.hdds.server.OzoneProtocolMessageDispatcher.processRequest(OzoneProtocolMessageDispatcher.java:72)
	at org.apache.hadoop.ozone.protocolPB.OzoneManagerProtocolServerSideTranslatorPB.submitRequest(OzoneManagerProtocolServerSideTranslatorPB.java:100)
	at org.apache.hadoop.ozone.protocol.proto.OzoneManagerProtocolProtos$OzoneManagerService$2.callBlockingMethod(OzoneManagerProtocolProtos.java)
	at org.apache.hadoop.ipc.ProtobufRpcEngine$Server$ProtoBufRpcInvoker.call(ProtobufRpcEngine.java:524)
	at org.apache.hadoop.ipc.RPC$Server.call(RPC.java:1025)
	at org.apache.hadoop.ipc.Server$RpcCall.run(Server.java:876)
	at org.apache.hadoop.ipc.Server$RpcCall.run(Server.java:822)
	at java.security.AccessController.doPrivileged(Native Method)
	at javax.security.auth.Subject.doAs(Subject.java:422)
	at org.apache.hadoop.security.UserGroupInformation.doAs(UserGroupInformation.java:1730)
	at org.apache.hadoop.ipc.Server$Handler.run(Server.java:2682)
2019-10-16 06:06:22,845 [main] INFO  retry.RetryInvocationHandler (RetryInvocationHandler.java:log(411)) - com.google.protobuf.ServiceException: org.apache.hadoop.ipc.RemoteException(java.lang.IllegalMonitorStateException): Releasing lock on resource /f7c0b0c5-bfb1-418e-9e67-6a7eac68df91/0d5315b3-c0a0-4238-9c54-00b94f5c0dda without acquiring lock
	at org.apache.hadoop.ozone.lock.LockManager.getLockForReleasing(LockManager.java:220)
	at org.apache.hadoop.ozone.lock.LockManager.release(LockManager.java:168)
	at org.apache.hadoop.ozone.lock.LockManager.writeUnlock(LockManager.java:148)
	at org.apache.hadoop.ozone.om.lock.OzoneManagerLock.unlock(OzoneManagerLock.java:364)
	at org.apache.hadoop.ozone.om.lock.OzoneManagerLock.releaseWriteLock(OzoneManagerLock.java:329)
	at org.apache.hadoop.ozone.om.request.key.OMKeyCommitRequest.validateAndUpdateCache(OMKeyCommitRequest.java:177)
	at org.apache.hadoop.ozone.protocolPB.OzoneManagerProtocolServerSideTranslatorPB.submitRequestDirectlyToOM(OzoneManagerProtocolServerSideTranslatorPB.java:219)
	at org.apache.hadoop.ozone.protocolPB.OzoneManagerProtocolServerSideTranslatorPB.processRequest(OzoneManagerProtocolServerSideTranslatorPB.java:134)
	at org.apache.hadoop.hdds.server.OzoneProtocolMessageDispatcher.processRequest(OzoneProtocolMessageDispatcher.java:72)
	at org.apache.hadoop.ozone.protocolPB.OzoneManagerProtocolServerSideTranslatorPB.submitRequest(OzoneManagerProtocolServerSideTranslatorPB.java:100)
	at org.apache.hadoop.ozone.protocol.proto.OzoneManagerProtocolProtos$OzoneManagerService$2.callBlockingMethod(OzoneManagerProtocolProtos.java)
	at org.apache.hadoop.ipc.ProtobufRpcEngine$Server$ProtoBufRpcInvoker.call(ProtobufRpcEngine.java:524)
	at org.apache.hadoop.ipc.RPC$Server.call(RPC.java:1025)
	at org.apache.hadoop.ipc.Server$RpcCall.run(Server.java:876)
	at org.apache.hadoop.ipc.Server$RpcCall.run(Server.java:822)
	at java.security.AccessController.doPrivileged(Native Method)
	at javax.security.auth.Subject.doAs(Subject.java:422)
	at org.apache.hadoop.security.UserGroupInformation.doAs(UserGroupInformation.java:1730)
	at org.apache.hadoop.ipc.Server$Handler.run(Server.java:2682)
, while invoking $Proxy37.submitRequest over nodeId=null,nodeAddress=localhost:42894 after 4 failover attempts. Trying to failover immediately.
2019-10-16 06:06:22,846 [IPC Server handler 1 on 42894] ERROR lock.LockManager (LockManager.java:getLockForReleasing(218)) - Trying to release the lock on /f7c0b0c5-bfb1-418e-9e67-6a7eac68df91/0d5315b3-c0a0-4238-9c54-00b94f5c0dda, which was never acquired.
2019-10-16 06:06:22,846 [IPC Server handler 1 on 42894] WARN  ipc.Server (Server.java:logException(2724)) - IPC Server handler 1 on 42894, call Call#3739 Retry#5 org.apache.hadoop.ozone.om.protocol.OzoneManagerProtocol.submitRequest from 127.0.0.1:60690
java.lang.IllegalMonitorStateException: Releasing lock on resource /f7c0b0c5-bfb1-418e-9e67-6a7eac68df91/0d5315b3-c0a0-4238-9c54-00b94f5c0dda without acquiring lock
	at org.apache.hadoop.ozone.lock.LockManager.getLockForReleasing(LockManager.java:220)
	at org.apache.hadoop.ozone.lock.LockManager.release(LockManager.java:168)
	at org.apache.hadoop.ozone.lock.LockManager.writeUnlock(LockManager.java:148)
	at org.apache.hadoop.ozone.om.lock.OzoneManagerLock.unlock(OzoneManagerLock.java:364)
	at org.apache.hadoop.ozone.om.lock.OzoneManagerLock.releaseWriteLock(OzoneManagerLock.java:329)
	at org.apache.hadoop.ozone.om.request.key.OMKeyCommitRequest.validateAndUpdateCache(OMKeyCommitRequest.java:177)
	at org.apache.hadoop.ozone.protocolPB.OzoneManagerProtocolServerSideTranslatorPB.submitRequestDirectlyToOM(OzoneManagerProtocolServerSideTranslatorPB.java:219)
	at org.apache.hadoop.ozone.protocolPB.OzoneManagerProtocolServerSideTranslatorPB.processRequest(OzoneManagerProtocolServerSideTranslatorPB.java:134)
	at org.apache.hadoop.hdds.server.OzoneProtocolMessageDispatcher.processRequest(OzoneProtocolMessageDispatcher.java:72)
	at org.apache.hadoop.ozone.protocolPB.OzoneManagerProtocolServerSideTranslatorPB.submitRequest(OzoneManagerProtocolServerSideTranslatorPB.java:100)
	at org.apache.hadoop.ozone.protocol.proto.OzoneManagerProtocolProtos$OzoneManagerService$2.callBlockingMethod(OzoneManagerProtocolProtos.java)
	at org.apache.hadoop.ipc.ProtobufRpcEngine$Server$ProtoBufRpcInvoker.call(ProtobufRpcEngine.java:524)
	at org.apache.hadoop.ipc.RPC$Server.call(RPC.java:1025)
	at org.apache.hadoop.ipc.Server$RpcCall.run(Server.java:876)
	at org.apache.hadoop.ipc.Server$RpcCall.run(Server.java:822)
	at java.security.AccessController.doPrivileged(Native Method)
	at javax.security.auth.Subject.doAs(Subject.java:422)
	at org.apache.hadoop.security.UserGroupInformation.doAs(UserGroupInformation.java:1730)
	at org.apache.hadoop.ipc.Server$Handler.run(Server.java:2682)
2019-10-16 06:06:22,846 [main] INFO  retry.RetryInvocationHandler (RetryInvocationHandler.java:log(411)) - com.google.protobuf.ServiceException: org.apache.hadoop.ipc.RemoteException(java.lang.IllegalMonitorStateException): Releasing lock on resource /f7c0b0c5-bfb1-418e-9e67-6a7eac68df91/0d5315b3-c0a0-4238-9c54-00b94f5c0dda without acquiring lock
	at org.apache.hadoop.ozone.lock.LockManager.getLockForReleasing(LockManager.java:220)
	at org.apache.hadoop.ozone.lock.LockManager.release(LockManager.java:168)
	at org.apache.hadoop.ozone.lock.LockManager.writeUnlock(LockManager.java:148)
	at org.apache.hadoop.ozone.om.lock.OzoneManagerLock.unlock(OzoneManagerLock.java:364)
	at org.apache.hadoop.ozone.om.lock.OzoneManagerLock.releaseWriteLock(OzoneManagerLock.java:329)
	at org.apache.hadoop.ozone.om.request.key.OMKeyCommitRequest.validateAndUpdateCache(OMKeyCommitRequest.java:177)
	at org.apache.hadoop.ozone.protocolPB.OzoneManagerProtocolServerSideTranslatorPB.submitRequestDirectlyToOM(OzoneManagerProtocolServerSideTranslatorPB.java:219)
	at org.apache.hadoop.ozone.protocolPB.OzoneManagerProtocolServerSideTranslatorPB.processRequest(OzoneManagerProtocolServerSideTranslatorPB.java:134)
	at org.apache.hadoop.hdds.server.OzoneProtocolMessageDispatcher.processRequest(OzoneProtocolMessageDispatcher.java:72)
	at org.apache.hadoop.ozone.protocolPB.OzoneManagerProtocolServerSideTranslatorPB.submitRequest(OzoneManagerProtocolServerSideTranslatorPB.java:100)
	at org.apache.hadoop.ozone.protocol.proto.OzoneManagerProtocolProtos$OzoneManagerService$2.callBlockingMethod(OzoneManagerProtocolProtos.java)
	at org.apache.hadoop.ipc.ProtobufRpcEngine$Server$ProtoBufRpcInvoker.call(ProtobufRpcEngine.java:524)
	at org.apache.hadoop.ipc.RPC$Server.call(RPC.java:1025)
	at org.apache.hadoop.ipc.Server$RpcCall.run(Server.java:876)
	at org.apache.hadoop.ipc.Server$RpcCall.run(Server.java:822)
	at java.security.AccessController.doPrivileged(Native Method)
	at javax.security.auth.Subject.doAs(Subject.java:422)
	at org.apache.hadoop.security.UserGroupInformation.doAs(UserGroupInformation.java:1730)
	at org.apache.hadoop.ipc.Server$Handler.run(Server.java:2682)
, while invoking $Proxy37.submitRequest over nodeId=null,nodeAddress=localhost:42894 after 5 failover attempts. Trying to failover immediately.
2019-10-16 06:06:22,848 [IPC Server handler 17 on 42894] ERROR lock.LockManager (LockManager.java:getLockForReleasing(218)) - Trying to release the lock on /f7c0b0c5-bfb1-418e-9e67-6a7eac68df91/0d5315b3-c0a0-4238-9c54-00b94f5c0dda, which was never acquired.
2019-10-16 06:06:22,848 [IPC Server handler 17 on 42894] WARN  ipc.Server (Server.java:logException(2724)) - IPC Server handler 17 on 42894, call Call#3739 Retry#6 org.apache.hadoop.ozone.om.protocol.OzoneManagerProtocol.submitRequest from 127.0.0.1:60690
java.lang.IllegalMonitorStateException: Releasing lock on resource /f7c0b0c5-bfb1-418e-9e67-6a7eac68df91/0d5315b3-c0a0-4238-9c54-00b94f5c0dda without acquiring lock
	at org.apache.hadoop.ozone.lock.LockManager.getLockForReleasing(LockManager.java:220)
	at org.apache.hadoop.ozone.lock.LockManager.release(LockManager.java:168)
	at org.apache.hadoop.ozone.lock.LockManager.writeUnlock(LockManager.java:148)
	at org.apache.hadoop.ozone.om.lock.OzoneManagerLock.unlock(OzoneManagerLock.java:364)
	at org.apache.hadoop.ozone.om.lock.OzoneManagerLock.releaseWriteLock(OzoneManagerLock.java:329)
	at org.apache.hadoop.ozone.om.request.key.OMKeyCommitRequest.validateAndUpdateCache(OMKeyCommitRequest.java:177)
	at org.apache.hadoop.ozone.protocolPB.OzoneManagerProtocolServerSideTranslatorPB.submitRequestDirectlyToOM(OzoneManagerProtocolServerSideTranslatorPB.java:219)
	at org.apache.hadoop.ozone.protocolPB.OzoneManagerProtocolServerSideTranslatorPB.processRequest(OzoneManagerProtocolServerSideTranslatorPB.java:134)
	at org.apache.hadoop.hdds.server.OzoneProtocolMessageDispatcher.processRequest(OzoneProtocolMessageDispatcher.java:72)
	at org.apache.hadoop.ozone.protocolPB.OzoneManagerProtocolServerSideTranslatorPB.submitRequest(OzoneManagerProtocolServerSideTranslatorPB.java:100)
	at org.apache.hadoop.ozone.protocol.proto.OzoneManagerProtocolProtos$OzoneManagerService$2.callBlockingMethod(OzoneManagerProtocolProtos.java)
	at org.apache.hadoop.ipc.ProtobufRpcEngine$Server$ProtoBufRpcInvoker.call(ProtobufRpcEngine.java:524)
	at org.apache.hadoop.ipc.RPC$Server.call(RPC.java:1025)
	at org.apache.hadoop.ipc.Server$RpcCall.run(Server.java:876)
	at org.apache.hadoop.ipc.Server$RpcCall.run(Server.java:822)
	at java.security.AccessController.doPrivileged(Native Method)
	at javax.security.auth.Subject.doAs(Subject.java:422)
	at org.apache.hadoop.security.UserGroupInformation.doAs(UserGroupInformation.java:1730)
	at org.apache.hadoop.ipc.Server$Handler.run(Server.java:2682)
2019-10-16 06:06:22,849 [main] INFO  retry.RetryInvocationHandler (RetryInvocationHandler.java:log(411)) - com.google.protobuf.ServiceException: org.apache.hadoop.ipc.RemoteException(java.lang.IllegalMonitorStateException): Releasing lock on resource /f7c0b0c5-bfb1-418e-9e67-6a7eac68df91/0d5315b3-c0a0-4238-9c54-00b94f5c0dda without acquiring lock
	at org.apache.hadoop.ozone.lock.LockManager.getLockForReleasing(LockManager.java:220)
	at org.apache.hadoop.ozone.lock.LockManager.release(LockManager.java:168)
	at org.apache.hadoop.ozone.lock.LockManager.writeUnlock(LockManager.java:148)
	at org.apache.hadoop.ozone.om.lock.OzoneManagerLock.unlock(OzoneManagerLock.java:364)
	at org.apache.hadoop.ozone.om.lock.OzoneManagerLock.releaseWriteLock(OzoneManagerLock.java:329)
	at org.apache.hadoop.ozone.om.request.key.OMKeyCommitRequest.validateAndUpdateCache(OMKeyCommitRequest.java:177)
	at org.apache.hadoop.ozone.protocolPB.OzoneManagerProtocolServerSideTranslatorPB.submitRequestDirectlyToOM(OzoneManagerProtocolServerSideTranslatorPB.java:219)
	at org.apache.hadoop.ozone.protocolPB.OzoneManagerProtocolServerSideTranslatorPB.processRequest(OzoneManagerProtocolServerSideTranslatorPB.java:134)
	at org.apache.hadoop.hdds.server.OzoneProtocolMessageDispatcher.processRequest(OzoneProtocolMessageDispatcher.java:72)
	at org.apache.hadoop.ozone.protocolPB.OzoneManagerProtocolServerSideTranslatorPB.submitRequest(OzoneManagerProtocolServerSideTranslatorPB.java:100)
	at org.apache.hadoop.ozone.protocol.proto.OzoneManagerProtocolProtos$OzoneManagerService$2.callBlockingMethod(OzoneManagerProtocolProtos.java)
	at org.apache.hadoop.ipc.ProtobufRpcEngine$Server$ProtoBufRpcInvoker.call(ProtobufRpcEngine.java:524)
	at org.apache.hadoop.ipc.RPC$Server.call(RPC.java:1025)
	at org.apache.hadoop.ipc.Server$RpcCall.run(Server.java:876)
	at org.apache.hadoop.ipc.Server$RpcCall.run(Server.java:822)
	at java.security.AccessController.doPrivileged(Native Method)
	at javax.security.auth.Subject.doAs(Subject.java:422)
	at org.apache.hadoop.security.UserGroupInformation.doAs(UserGroupInformation.java:1730)
	at org.apache.hadoop.ipc.Server$Handler.run(Server.java:2682)
, while invoking $Proxy37.submitRequest over nodeId=null,nodeAddress=localhost:42894 after 6 failover attempts. Trying to failover immediately.
2019-10-16 06:06:22,850 [IPC Server handler 9 on 42894] ERROR lock.LockManager (LockManager.java:getLockForReleasing(218)) - Trying to release the lock on /f7c0b0c5-bfb1-418e-9e67-6a7eac68df91/0d5315b3-c0a0-4238-9c54-00b94f5c0dda, which was never acquired.
2019-10-16 06:06:22,850 [IPC Server handler 9 on 42894] WARN  ipc.Server (Server.java:logException(2724)) - IPC Server handler 9 on 42894, call Call#3739 Retry#7 org.apache.hadoop.ozone.om.protocol.OzoneManagerProtocol.submitRequest from 127.0.0.1:60690
java.lang.IllegalMonitorStateException: Releasing lock on resource /f7c0b0c5-bfb1-418e-9e67-6a7eac68df91/0d5315b3-c0a0-4238-9c54-00b94f5c0dda without acquiring lock
	at org.apache.hadoop.ozone.lock.LockManager.getLockForReleasing(LockManager.java:220)
	at org.apache.hadoop.ozone.lock.LockManager.release(LockManager.java:168)
	at org.apache.hadoop.ozone.lock.LockManager.writeUnlock(LockManager.java:148)
	at org.apache.hadoop.ozone.om.lock.OzoneManagerLock.unlock(OzoneManagerLock.java:364)
	at org.apache.hadoop.ozone.om.lock.OzoneManagerLock.releaseWriteLock(OzoneManagerLock.java:329)
	at org.apache.hadoop.ozone.om.request.key.OMKeyCommitRequest.validateAndUpdateCache(OMKeyCommitRequest.java:177)
	at org.apache.hadoop.ozone.protocolPB.OzoneManagerProtocolServerSideTranslatorPB.submitRequestDirectlyToOM(OzoneManagerProtocolServerSideTranslatorPB.java:219)
	at org.apache.hadoop.ozone.protocolPB.OzoneManagerProtocolServerSideTranslatorPB.processRequest(OzoneManagerProtocolServerSideTranslatorPB.java:134)
	at org.apache.hadoop.hdds.server.OzoneProtocolMessageDispatcher.processRequest(OzoneProtocolMessageDispatcher.java:72)
	at org.apache.hadoop.ozone.protocolPB.OzoneManagerProtocolServerSideTranslatorPB.submitRequest(OzoneManagerProtocolServerSideTranslatorPB.java:100)
	at org.apache.hadoop.ozone.protocol.proto.OzoneManagerProtocolProtos$OzoneManagerService$2.callBlockingMethod(OzoneManagerProtocolProtos.java)
	at org.apache.hadoop.ipc.ProtobufRpcEngine$Server$ProtoBufRpcInvoker.call(ProtobufRpcEngine.java:524)
	at org.apache.hadoop.ipc.RPC$Server.call(RPC.java:1025)
	at org.apache.hadoop.ipc.Server$RpcCall.run(Server.java:876)
	at org.apache.hadoop.ipc.Server$RpcCall.run(Server.java:822)
	at java.security.AccessController.doPrivileged(Native Method)
	at javax.security.auth.Subject.doAs(Subject.java:422)
	at org.apache.hadoop.security.UserGroupInformation.doAs(UserGroupInformation.java:1730)
	at org.apache.hadoop.ipc.Server$Handler.run(Server.java:2682)
2019-10-16 06:06:22,850 [main] INFO  retry.RetryInvocationHandler (RetryInvocationHandler.java:log(411)) - com.google.protobuf.ServiceException: org.apache.hadoop.ipc.RemoteException(java.lang.IllegalMonitorStateException): Releasing lock on resource /f7c0b0c5-bfb1-418e-9e67-6a7eac68df91/0d5315b3-c0a0-4238-9c54-00b94f5c0dda without acquiring lock
	at org.apache.hadoop.ozone.lock.LockManager.getLockForReleasing(LockManager.java:220)
	at org.apache.hadoop.ozone.lock.LockManager.release(LockManager.java:168)
	at org.apache.hadoop.ozone.lock.LockManager.writeUnlock(LockManager.java:148)
	at org.apache.hadoop.ozone.om.lock.OzoneManagerLock.unlock(OzoneManagerLock.java:364)
	at org.apache.hadoop.ozone.om.lock.OzoneManagerLock.releaseWriteLock(OzoneManagerLock.java:329)
	at org.apache.hadoop.ozone.om.request.key.OMKeyCommitRequest.validateAndUpdateCache(OMKeyCommitRequest.java:177)
	at org.apache.hadoop.ozone.protocolPB.OzoneManagerProtocolServerSideTranslatorPB.submitRequestDirectlyToOM(OzoneManagerProtocolServerSideTranslatorPB.java:219)
	at org.apache.hadoop.ozone.protocolPB.OzoneManagerProtocolServerSideTranslatorPB.processRequest(OzoneManagerProtocolServerSideTranslatorPB.java:134)
	at org.apache.hadoop.hdds.server.OzoneProtocolMessageDispatcher.processRequest(OzoneProtocolMessageDispatcher.java:72)
	at org.apache.hadoop.ozone.protocolPB.OzoneManagerProtocolServerSideTranslatorPB.submitRequest(OzoneManagerProtocolServerSideTranslatorPB.java:100)
	at org.apache.hadoop.ozone.protocol.proto.OzoneManagerProtocolProtos$OzoneManagerService$2.callBlockingMethod(OzoneManagerProtocolProtos.java)
	at org.apache.hadoop.ipc.ProtobufRpcEngine$Server$ProtoBufRpcInvoker.call(ProtobufRpcEngine.java:524)
	at org.apache.hadoop.ipc.RPC$Server.call(RPC.java:1025)
	at org.apache.hadoop.ipc.Server$RpcCall.run(Server.java:876)
	at org.apache.hadoop.ipc.Server$RpcCall.run(Server.java:822)
	at java.security.AccessController.doPrivileged(Native Method)
	at javax.security.auth.Subject.doAs(Subject.java:422)
	at org.apache.hadoop.security.UserGroupInformation.doAs(UserGroupInformation.java:1730)
	at org.apache.hadoop.ipc.Server$Handler.run(Server.java:2682)
, while invoking $Proxy37.submitRequest over nodeId=null,nodeAddress=localhost:42894 after 7 failover attempts. Trying to failover immediately.
2019-10-16 06:06:22,852 [IPC Server handler 0 on 42894] ERROR lock.LockManager (LockManager.java:getLockForReleasing(218)) - Trying to release the lock on /f7c0b0c5-bfb1-418e-9e67-6a7eac68df91/0d5315b3-c0a0-4238-9c54-00b94f5c0dda, which was never acquired.
2019-10-16 06:06:22,852 [IPC Server handler 0 on 42894] WARN  ipc.Server (Server.java:logException(2724)) - IPC Server handler 0 on 42894, call Call#3739 Retry#8 org.apache.hadoop.ozone.om.protocol.OzoneManagerProtocol.submitRequest from 127.0.0.1:60690
java.lang.IllegalMonitorStateException: Releasing lock on resource /f7c0b0c5-bfb1-418e-9e67-6a7eac68df91/0d5315b3-c0a0-4238-9c54-00b94f5c0dda without acquiring lock
	at org.apache.hadoop.ozone.lock.LockManager.getLockForReleasing(LockManager.java:220)
	at org.apache.hadoop.ozone.lock.LockManager.release(LockManager.java:168)
	at org.apache.hadoop.ozone.lock.LockManager.writeUnlock(LockManager.java:148)
	at org.apache.hadoop.ozone.om.lock.OzoneManagerLock.unlock(OzoneManagerLock.java:364)
	at org.apache.hadoop.ozone.om.lock.OzoneManagerLock.releaseWriteLock(OzoneManagerLock.java:329)
	at org.apache.hadoop.ozone.om.request.key.OMKeyCommitRequest.validateAndUpdateCache(OMKeyCommitRequest.java:177)
	at org.apache.hadoop.ozone.protocolPB.OzoneManagerProtocolServerSideTranslatorPB.submitRequestDirectlyToOM(OzoneManagerProtocolServerSideTranslatorPB.java:219)
	at org.apache.hadoop.ozone.protocolPB.OzoneManagerProtocolServerSideTranslatorPB.processRequest(OzoneManagerProtocolServerSideTranslatorPB.java:134)
	at org.apache.hadoop.hdds.server.OzoneProtocolMessageDispatcher.processRequest(OzoneProtocolMessageDispatcher.java:72)
	at org.apache.hadoop.ozone.protocolPB.OzoneManagerProtocolServerSideTranslatorPB.submitRequest(OzoneManagerProtocolServerSideTranslatorPB.java:100)
	at org.apache.hadoop.ozone.protocol.proto.OzoneManagerProtocolProtos$OzoneManagerService$2.callBlockingMethod(OzoneManagerProtocolProtos.java)
	at org.apache.hadoop.ipc.ProtobufRpcEngine$Server$ProtoBufRpcInvoker.call(ProtobufRpcEngine.java:524)
	at org.apache.hadoop.ipc.RPC$Server.call(RPC.java:1025)
	at org.apache.hadoop.ipc.Server$RpcCall.run(Server.java:876)
	at org.apache.hadoop.ipc.Server$RpcCall.run(Server.java:822)
	at java.security.AccessController.doPrivileged(Native Method)
	at javax.security.auth.Subject.doAs(Subject.java:422)
	at org.apache.hadoop.security.UserGroupInformation.doAs(UserGroupInformation.java:1730)
	at org.apache.hadoop.ipc.Server$Handler.run(Server.java:2682)
2019-10-16 06:06:22,852 [main] INFO  retry.RetryInvocationHandler (RetryInvocationHandler.java:log(411)) - com.google.protobuf.ServiceException: org.apache.hadoop.ipc.RemoteException(java.lang.IllegalMonitorStateException): Releasing lock on resource /f7c0b0c5-bfb1-418e-9e67-6a7eac68df91/0d5315b3-c0a0-4238-9c54-00b94f5c0dda without acquiring lock
	at org.apache.hadoop.ozone.lock.LockManager.getLockForReleasing(LockManager.java:220)
	at org.apache.hadoop.ozone.lock.LockManager.release(LockManager.java:168)
	at org.apache.hadoop.ozone.lock.LockManager.writeUnlock(LockManager.java:148)
	at org.apache.hadoop.ozone.om.lock.OzoneManagerLock.unlock(OzoneManagerLock.java:364)
	at org.apache.hadoop.ozone.om.lock.OzoneManagerLock.releaseWriteLock(OzoneManagerLock.java:329)
	at org.apache.hadoop.ozone.om.request.key.OMKeyCommitRequest.validateAndUpdateCache(OMKeyCommitRequest.java:177)
	at org.apache.hadoop.ozone.protocolPB.OzoneManagerProtocolServerSideTranslatorPB.submitRequestDirectlyToOM(OzoneManagerProtocolServerSideTranslatorPB.java:219)
	at org.apache.hadoop.ozone.protocolPB.OzoneManagerProtocolServerSideTranslatorPB.processRequest(OzoneManagerProtocolServerSideTranslatorPB.java:134)
	at org.apache.hadoop.hdds.server.OzoneProtocolMessageDispatcher.processRequest(OzoneProtocolMessageDispatcher.java:72)
	at org.apache.hadoop.ozone.protocolPB.OzoneManagerProtocolServerSideTranslatorPB.submitRequest(OzoneManagerProtocolServerSideTranslatorPB.java:100)
	at org.apache.hadoop.ozone.protocol.proto.OzoneManagerProtocolProtos$OzoneManagerService$2.callBlockingMethod(OzoneManagerProtocolProtos.java)
	at org.apache.hadoop.ipc.ProtobufRpcEngine$Server$ProtoBufRpcInvoker.call(ProtobufRpcEngine.java:524)
	at org.apache.hadoop.ipc.RPC$Server.call(RPC.java:1025)
	at org.apache.hadoop.ipc.Server$RpcCall.run(Server.java:876)
	at org.apache.hadoop.ipc.Server$RpcCall.run(Server.java:822)
	at java.security.AccessController.doPrivileged(Native Method)
	at javax.security.auth.Subject.doAs(Subject.java:422)
	at org.apache.hadoop.security.UserGroupInformation.doAs(UserGroupInformation.java:1730)
	at org.apache.hadoop.ipc.Server$Handler.run(Server.java:2682)
, while invoking $Proxy37.submitRequest over nodeId=null,nodeAddress=localhost:42894 after 8 failover attempts. Trying to failover immediately.
2019-10-16 06:06:22,853 [IPC Server handler 5 on 42894] ERROR lock.LockManager (LockManager.java:getLockForReleasing(218)) - Trying to release the lock on /f7c0b0c5-bfb1-418e-9e67-6a7eac68df91/0d5315b3-c0a0-4238-9c54-00b94f5c0dda, which was never acquired.
2019-10-16 06:06:22,853 [IPC Server handler 5 on 42894] WARN  ipc.Server (Server.java:logException(2724)) - IPC Server handler 5 on 42894, call Call#3739 Retry#9 org.apache.hadoop.ozone.om.protocol.OzoneManagerProtocol.submitRequest from 127.0.0.1:60690
java.lang.IllegalMonitorStateException: Releasing lock on resource /f7c0b0c5-bfb1-418e-9e67-6a7eac68df91/0d5315b3-c0a0-4238-9c54-00b94f5c0dda without acquiring lock
	at org.apache.hadoop.ozone.lock.LockManager.getLockForReleasing(LockManager.java:220)
	at org.apache.hadoop.ozone.lock.LockManager.release(LockManager.java:168)
	at org.apache.hadoop.ozone.lock.LockManager.writeUnlock(LockManager.java:148)
	at org.apache.hadoop.ozone.om.lock.OzoneManagerLock.unlock(OzoneManagerLock.java:364)
	at org.apache.hadoop.ozone.om.lock.OzoneManagerLock.releaseWriteLock(OzoneManagerLock.java:329)
	at org.apache.hadoop.ozone.om.request.key.OMKeyCommitRequest.validateAndUpdateCache(OMKeyCommitRequest.java:177)
	at org.apache.hadoop.ozone.protocolPB.OzoneManagerProtocolServerSideTranslatorPB.submitRequestDirectlyToOM(OzoneManagerProtocolServerSideTranslatorPB.java:219)
	at org.apache.hadoop.ozone.protocolPB.OzoneManagerProtocolServerSideTranslatorPB.processRequest(OzoneManagerProtocolServerSideTranslatorPB.java:134)
	at org.apache.hadoop.hdds.server.OzoneProtocolMessageDispatcher.processRequest(OzoneProtocolMessageDispatcher.java:72)
	at org.apache.hadoop.ozone.protocolPB.OzoneManagerProtocolServerSideTranslatorPB.submitRequest(OzoneManagerProtocolServerSideTranslatorPB.java:100)
	at org.apache.hadoop.ozone.protocol.proto.OzoneManagerProtocolProtos$OzoneManagerService$2.callBlockingMethod(OzoneManagerProtocolProtos.java)
	at org.apache.hadoop.ipc.ProtobufRpcEngine$Server$ProtoBufRpcInvoker.call(ProtobufRpcEngine.java:524)
	at org.apache.hadoop.ipc.RPC$Server.call(RPC.java:1025)
	at org.apache.hadoop.ipc.Server$RpcCall.run(Server.java:876)
	at org.apache.hadoop.ipc.Server$RpcCall.run(Server.java:822)
	at java.security.AccessController.doPrivileged(Native Method)
	at javax.security.auth.Subject.doAs(Subject.java:422)
	at org.apache.hadoop.security.UserGroupInformation.doAs(UserGroupInformation.java:1730)
	at org.apache.hadoop.ipc.Server$Handler.run(Server.java:2682)
2019-10-16 06:06:22,853 [main] INFO  retry.RetryInvocationHandler (RetryInvocationHandler.java:log(411)) - com.google.protobuf.ServiceException: org.apache.hadoop.ipc.RemoteException(java.lang.IllegalMonitorStateException): Releasing lock on resource /f7c0b0c5-bfb1-418e-9e67-6a7eac68df91/0d5315b3-c0a0-4238-9c54-00b94f5c0dda without acquiring lock
	at org.apache.hadoop.ozone.lock.LockManager.getLockForReleasing(LockManager.java:220)
	at org.apache.hadoop.ozone.lock.LockManager.release(LockManager.java:168)
	at org.apache.hadoop.ozone.lock.LockManager.writeUnlock(LockManager.java:148)
	at org.apache.hadoop.ozone.om.lock.OzoneManagerLock.unlock(OzoneManagerLock.java:364)
	at org.apache.hadoop.ozone.om.lock.OzoneManagerLock.releaseWriteLock(OzoneManagerLock.java:329)
	at org.apache.hadoop.ozone.om.request.key.OMKeyCommitRequest.validateAndUpdateCache(OMKeyCommitRequest.java:177)
	at org.apache.hadoop.ozone.protocolPB.OzoneManagerProtocolServerSideTranslatorPB.submitRequestDirectlyToOM(OzoneManagerProtocolServerSideTranslatorPB.java:219)
	at org.apache.hadoop.ozone.protocolPB.OzoneManagerProtocolServerSideTranslatorPB.processRequest(OzoneManagerProtocolServerSideTranslatorPB.java:134)
	at org.apache.hadoop.hdds.server.OzoneProtocolMessageDispatcher.processRequest(OzoneProtocolMessageDispatcher.java:72)
	at org.apache.hadoop.ozone.protocolPB.OzoneManagerProtocolServerSideTranslatorPB.submitRequest(OzoneManagerProtocolServerSideTranslatorPB.java:100)
	at org.apache.hadoop.ozone.protocol.proto.OzoneManagerProtocolProtos$OzoneManagerService$2.callBlockingMethod(OzoneManagerProtocolProtos.java)
	at org.apache.hadoop.ipc.ProtobufRpcEngine$Server$ProtoBufRpcInvoker.call(ProtobufRpcEngine.java:524)
	at org.apache.hadoop.ipc.RPC$Server.call(RPC.java:1025)
	at org.apache.hadoop.ipc.Server$RpcCall.run(Server.java:876)
	at org.apache.hadoop.ipc.Server$RpcCall.run(Server.java:822)
	at java.security.AccessController.doPrivileged(Native Method)
	at javax.security.auth.Subject.doAs(Subject.java:422)
	at org.apache.hadoop.security.UserGroupInformation.doAs(UserGroupInformation.java:1730)
	at org.apache.hadoop.ipc.Server$Handler.run(Server.java:2682)
, while invoking $Proxy37.submitRequest over nodeId=null,nodeAddress=localhost:42894 after 9 failover attempts. Trying to failover immediately.
2019-10-16 06:06:22,854 [IPC Server handler 11 on 42894] ERROR lock.LockManager (LockManager.java:getLockForReleasing(218)) - Trying to release the lock on /f7c0b0c5-bfb1-418e-9e67-6a7eac68df91/0d5315b3-c0a0-4238-9c54-00b94f5c0dda, which was never acquired.
2019-10-16 06:06:22,854 [IPC Server handler 11 on 42894] WARN  ipc.Server (Server.java:logException(2724)) - IPC Server handler 11 on 42894, call Call#3739 Retry#10 org.apache.hadoop.ozone.om.protocol.OzoneManagerProtocol.submitRequest from 127.0.0.1:60690
java.lang.IllegalMonitorStateException: Releasing lock on resource /f7c0b0c5-bfb1-418e-9e67-6a7eac68df91/0d5315b3-c0a0-4238-9c54-00b94f5c0dda without acquiring lock
	at org.apache.hadoop.ozone.lock.LockManager.getLockForReleasing(LockManager.java:220)
	at org.apache.hadoop.ozone.lock.LockManager.release(LockManager.java:168)
	at org.apache.hadoop.ozone.lock.LockManager.writeUnlock(LockManager.java:148)
	at org.apache.hadoop.ozone.om.lock.OzoneManagerLock.unlock(OzoneManagerLock.java:364)
	at org.apache.hadoop.ozone.om.lock.OzoneManagerLock.releaseWriteLock(OzoneManagerLock.java:329)
	at org.apache.hadoop.ozone.om.request.key.OMKeyCommitRequest.validateAndUpdateCache(OMKeyCommitRequest.java:177)
	at org.apache.hadoop.ozone.protocolPB.OzoneManagerProtocolServerSideTranslatorPB.submitRequestDirectlyToOM(OzoneManagerProtocolServerSideTranslatorPB.java:219)
	at org.apache.hadoop.ozone.protocolPB.OzoneManagerProtocolServerSideTranslatorPB.processRequest(OzoneManagerProtocolServerSideTranslatorPB.java:134)
	at org.apache.hadoop.hdds.server.OzoneProtocolMessageDispatcher.processRequest(OzoneProtocolMessageDispatcher.java:72)
	at org.apache.hadoop.ozone.protocolPB.OzoneManagerProtocolServerSideTranslatorPB.submitRequest(OzoneManagerProtocolServerSideTranslatorPB.java:100)
	at org.apache.hadoop.ozone.protocol.proto.OzoneManagerProtocolProtos$OzoneManagerService$2.callBlockingMethod(OzoneManagerProtocolProtos.java)
	at org.apache.hadoop.ipc.ProtobufRpcEngine$Server$ProtoBufRpcInvoker.call(ProtobufRpcEngine.java:524)
	at org.apache.hadoop.ipc.RPC$Server.call(RPC.java:1025)
	at org.apache.hadoop.ipc.Server$RpcCall.run(Server.java:876)
	at org.apache.hadoop.ipc.Server$RpcCall.run(Server.java:822)
	at java.security.AccessController.doPrivileged(Native Method)
	at javax.security.auth.Subject.doAs(Subject.java:422)
	at org.apache.hadoop.security.UserGroupInformation.doAs(UserGroupInformation.java:1730)
	at org.apache.hadoop.ipc.Server$Handler.run(Server.java:2682)
2019-10-16 06:06:22,855 [main] ERROR ha.OMFailoverProxyProvider (OzoneManagerProtocolClientSideTranslatorPB.java:getRetryAction(268)) - Failed to connect to OM. Attempted 10 retries and 10 failovers
]]></system-out>
  </testcase>
  <testcase name="testValidateBlockLengthWithCommitKey" classname="org.apache.hadoop.ozone.client.rpc.TestSecureOzoneRpcClient" time="0.039">
    <error message="Releasing lock on resource /7a90f8c9-a4ca-455c-8248-cc196be19827/4bfc7875-4dce-4f0b-bbe6-787d9c442055 without acquiring lock&#10;	at org.apache.hadoop.ozone.lock.LockManager.getLockForReleasing(LockManager.java:220)&#10;	at org.apache.hadoop.ozone.lock.LockManager.release(LockManager.java:168)&#10;	at org.apache.hadoop.ozone.lock.LockManager.writeUnlock(LockManager.java:148)&#10;	at org.apache.hadoop.ozone.om.lock.OzoneManagerLock.unlock(OzoneManagerLock.java:364)&#10;	at org.apache.hadoop.ozone.om.lock.OzoneManagerLock.releaseWriteLock(OzoneManagerLock.java:329)&#10;	at org.apache.hadoop.ozone.om.request.key.OMKeyCommitRequest.validateAndUpdateCache(OMKeyCommitRequest.java:177)&#10;	at org.apache.hadoop.ozone.protocolPB.OzoneManagerProtocolServerSideTranslatorPB.submitRequestDirectlyToOM(OzoneManagerProtocolServerSideTranslatorPB.java:219)&#10;	at org.apache.hadoop.ozone.protocolPB.OzoneManagerProtocolServerSideTranslatorPB.processRequest(OzoneManagerProtocolServerSideTranslatorPB.java:134)&#10;	at org.apache.hadoop.hdds.server.OzoneProtocolMessageDispatcher.processRequest(OzoneProtocolMessageDispatcher.java:72)&#10;	at org.apache.hadoop.ozone.protocolPB.OzoneManagerProtocolServerSideTranslatorPB.submitRequest(OzoneManagerProtocolServerSideTranslatorPB.java:100)&#10;	at org.apache.hadoop.ozone.protocol.proto.OzoneManagerProtocolProtos$OzoneManagerService$2.callBlockingMethod(OzoneManagerProtocolProtos.java)&#10;	at org.apache.hadoop.ipc.ProtobufRpcEngine$Server$ProtoBufRpcInvoker.call(ProtobufRpcEngine.java:524)&#10;	at org.apache.hadoop.ipc.RPC$Server.call(RPC.java:1025)&#10;	at org.apache.hadoop.ipc.Server$RpcCall.run(Server.java:876)&#10;	at org.apache.hadoop.ipc.Server$RpcCall.run(Server.java:822)&#10;	at java.security.AccessController.doPrivileged(Native Method)&#10;	at javax.security.auth.Subject.doAs(Subject.java:422)&#10;	at org.apache.hadoop.security.UserGroupInformation.doAs(UserGroupInformation.java:1730)&#10;	at org.apache.hadoop.ipc.Server$Handler.run(Server.java:2682)&#10;" type="org.apache.hadoop.ipc.RemoteException(java.lang.IllegalMonitorStateException)">org.apache.hadoop.ipc.RemoteException(java.lang.IllegalMonitorStateException): Releasing lock on resource /7a90f8c9-a4ca-455c-8248-cc196be19827/4bfc7875-4dce-4f0b-bbe6-787d9c442055 without acquiring lock
	at org.apache.hadoop.ozone.lock.LockManager.getLockForReleasing(LockManager.java:220)
	at org.apache.hadoop.ozone.lock.LockManager.release(LockManager.java:168)
	at org.apache.hadoop.ozone.lock.LockManager.writeUnlock(LockManager.java:148)
	at org.apache.hadoop.ozone.om.lock.OzoneManagerLock.unlock(OzoneManagerLock.java:364)
	at org.apache.hadoop.ozone.om.lock.OzoneManagerLock.releaseWriteLock(OzoneManagerLock.java:329)
	at org.apache.hadoop.ozone.om.request.key.OMKeyCommitRequest.validateAndUpdateCache(OMKeyCommitRequest.java:177)
	at org.apache.hadoop.ozone.protocolPB.OzoneManagerProtocolServerSideTranslatorPB.submitRequestDirectlyToOM(OzoneManagerProtocolServerSideTranslatorPB.java:219)
	at org.apache.hadoop.ozone.protocolPB.OzoneManagerProtocolServerSideTranslatorPB.processRequest(OzoneManagerProtocolServerSideTranslatorPB.java:134)
	at org.apache.hadoop.hdds.server.OzoneProtocolMessageDispatcher.processRequest(OzoneProtocolMessageDispatcher.java:72)
	at org.apache.hadoop.ozone.protocolPB.OzoneManagerProtocolServerSideTranslatorPB.submitRequest(OzoneManagerProtocolServerSideTranslatorPB.java:100)
	at org.apache.hadoop.ozone.protocol.proto.OzoneManagerProtocolProtos$OzoneManagerService$2.callBlockingMethod(OzoneManagerProtocolProtos.java)
	at org.apache.hadoop.ipc.ProtobufRpcEngine$Server$ProtoBufRpcInvoker.call(ProtobufRpcEngine.java:524)
	at org.apache.hadoop.ipc.RPC$Server.call(RPC.java:1025)
	at org.apache.hadoop.ipc.Server$RpcCall.run(Server.java:876)
	at org.apache.hadoop.ipc.Server$RpcCall.run(Server.java:822)
	at java.security.AccessController.doPrivileged(Native Method)
	at javax.security.auth.Subject.doAs(Subject.java:422)
	at org.apache.hadoop.security.UserGroupInformation.doAs(UserGroupInformation.java:1730)
	at org.apache.hadoop.ipc.Server$Handler.run(Server.java:2682)

	at org.apache.hadoop.ipc.Client.getRpcResponse(Client.java:1511)
	at org.apache.hadoop.ipc.Client.call(Client.java:1457)
	at org.apache.hadoop.ipc.Client.call(Client.java:1367)
	at org.apache.hadoop.ipc.ProtobufRpcEngine$Invoker.invoke(ProtobufRpcEngine.java:228)
	at org.apache.hadoop.ipc.ProtobufRpcEngine$Invoker.invoke(ProtobufRpcEngine.java:116)
	at com.sun.proxy.$Proxy37.submitRequest(Unknown Source)
	at sun.reflect.GeneratedMethodAccessor72.invoke(Unknown Source)
	at sun.reflect.DelegatingMethodAccessorImpl.invoke(DelegatingMethodAccessorImpl.java:43)
	at java.lang.reflect.Method.invoke(Method.java:498)
	at org.apache.hadoop.io.retry.RetryInvocationHandler.invokeMethod(RetryInvocationHandler.java:422)
	at org.apache.hadoop.io.retry.RetryInvocationHandler$Call.invokeMethod(RetryInvocationHandler.java:165)
	at org.apache.hadoop.io.retry.RetryInvocationHandler$Call.invoke(RetryInvocationHandler.java:157)
	at org.apache.hadoop.io.retry.RetryInvocationHandler$Call.invokeOnce(RetryInvocationHandler.java:95)
	at org.apache.hadoop.io.retry.RetryInvocationHandler.invoke(RetryInvocationHandler.java:359)
	at com.sun.proxy.$Proxy37.submitRequest(Unknown Source)
	at org.apache.hadoop.ozone.om.protocolPB.OzoneManagerProtocolClientSideTranslatorPB.submitRequest(OzoneManagerProtocolClientSideTranslatorPB.java:338)
	at org.apache.hadoop.ozone.om.protocolPB.OzoneManagerProtocolClientSideTranslatorPB.commitKey(OzoneManagerProtocolClientSideTranslatorPB.java:789)
	at sun.reflect.NativeMethodAccessorImpl.invoke0(Native Method)
	at sun.reflect.NativeMethodAccessorImpl.invoke(NativeMethodAccessorImpl.java:62)
	at sun.reflect.DelegatingMethodAccessorImpl.invoke(DelegatingMethodAccessorImpl.java:43)
	at java.lang.reflect.Method.invoke(Method.java:498)
	at org.apache.hadoop.hdds.tracing.TraceAllMethod.invoke(TraceAllMethod.java:66)
	at com.sun.proxy.$Proxy38.commitKey(Unknown Source)
	at org.apache.hadoop.ozone.client.io.BlockOutputStreamEntryPool.commitKey(BlockOutputStreamEntryPool.java:277)
	at org.apache.hadoop.ozone.client.io.KeyOutputStream.close(KeyOutputStream.java:474)
	at org.apache.hadoop.ozone.client.io.OzoneOutputStream.close(OzoneOutputStream.java:60)
	at org.apache.hadoop.ozone.client.rpc.TestOzoneRpcClientAbstract.testValidateBlockLengthWithCommitKey(TestOzoneRpcClientAbstract.java:732)
	at sun.reflect.NativeMethodAccessorImpl.invoke0(Native Method)
	at sun.reflect.NativeMethodAccessorImpl.invoke(NativeMethodAccessorImpl.java:62)
	at sun.reflect.DelegatingMethodAccessorImpl.invoke(DelegatingMethodAccessorImpl.java:43)
	at java.lang.reflect.Method.invoke(Method.java:498)
	at org.junit.runners.model.FrameworkMethod$1.runReflectiveCall(FrameworkMethod.java:47)
	at org.junit.internal.runners.model.ReflectiveCallable.run(ReflectiveCallable.java:12)
	at org.junit.runners.model.FrameworkMethod.invokeExplosively(FrameworkMethod.java:44)
	at org.junit.internal.runners.statements.InvokeMethod.evaluate(InvokeMethod.java:17)
	at org.junit.runners.ParentRunner.runLeaf(ParentRunner.java:271)
	at org.junit.runners.BlockJUnit4ClassRunner.runChild(BlockJUnit4ClassRunner.java:70)
	at org.junit.runners.BlockJUnit4ClassRunner.runChild(BlockJUnit4ClassRunner.java:50)
	at org.junit.runners.ParentRunner$3.run(ParentRunner.java:238)
	at org.junit.runners.ParentRunner$1.schedule(ParentRunner.java:63)
	at org.junit.runners.ParentRunner.runChildren(ParentRunner.java:236)
	at org.junit.runners.ParentRunner.access$000(ParentRunner.java:53)
	at org.junit.runners.ParentRunner$2.evaluate(ParentRunner.java:229)
	at org.junit.internal.runners.statements.RunBefores.evaluate(RunBefores.java:26)
	at org.junit.internal.runners.statements.RunAfters.evaluate(RunAfters.java:27)
	at org.junit.runners.ParentRunner.run(ParentRunner.java:309)
	at org.apache.maven.surefire.junit4.JUnit4Provider.execute(JUnit4Provider.java:365)
	at org.apache.maven.surefire.junit4.JUnit4Provider.executeWithRerun(JUnit4Provider.java:273)
	at org.apache.maven.surefire.junit4.JUnit4Provider.executeTestSet(JUnit4Provider.java:238)
	at org.apache.maven.surefire.junit4.JUnit4Provider.invoke(JUnit4Provider.java:159)
	at org.apache.maven.surefire.booter.ForkedBooter.invokeProviderInSameClassLoader(ForkedBooter.java:384)
	at org.apache.maven.surefire.booter.ForkedBooter.runSuitesInProcess(ForkedBooter.java:345)
	at org.apache.maven.surefire.booter.ForkedBooter.execute(ForkedBooter.java:126)
	at org.apache.maven.surefire.booter.ForkedBooter.main(ForkedBooter.java:418)
</error>
    <system-out><![CDATA[2019-10-16 06:06:22,857 [main] INFO  rpc.RpcClient (RpcClient.java:createVolume(272)) - Creating Volume: 7a90f8c9-a4ca-455c-8248-cc196be19827, with jenkins1000 as owner.
2019-10-16 06:06:22,858 [IPC Server handler 3 on 42894] INFO  volume.OMVolumeCreateRequest (OMVolumeCreateRequest.java:validateAndUpdateCache(193)) - created volume:7a90f8c9-a4ca-455c-8248-cc196be19827 for user:jenkins1000
2019-10-16 06:06:22,859 [main] INFO  rpc.RpcClient (RpcClient.java:createBucket(411)) - Creating Bucket: 7a90f8c9-a4ca-455c-8248-cc196be19827/4bfc7875-4dce-4f0b-bbe6-787d9c442055, with Versioning false and Storage Type set to DISK and Encryption set to false 
2019-10-16 06:06:22,876 [IPC Server handler 6 on 42894] ERROR lock.LockManager (LockManager.java:getLockForReleasing(218)) - Trying to release the lock on /7a90f8c9-a4ca-455c-8248-cc196be19827/4bfc7875-4dce-4f0b-bbe6-787d9c442055, which was never acquired.
2019-10-16 06:06:22,876 [IPC Server handler 6 on 42894] WARN  ipc.Server (Server.java:logException(2724)) - IPC Server handler 6 on 42894, call Call#3746 Retry#0 org.apache.hadoop.ozone.om.protocol.OzoneManagerProtocol.submitRequest from 127.0.0.1:60690
java.lang.IllegalMonitorStateException: Releasing lock on resource /7a90f8c9-a4ca-455c-8248-cc196be19827/4bfc7875-4dce-4f0b-bbe6-787d9c442055 without acquiring lock
	at org.apache.hadoop.ozone.lock.LockManager.getLockForReleasing(LockManager.java:220)
	at org.apache.hadoop.ozone.lock.LockManager.release(LockManager.java:168)
	at org.apache.hadoop.ozone.lock.LockManager.writeUnlock(LockManager.java:148)
	at org.apache.hadoop.ozone.om.lock.OzoneManagerLock.unlock(OzoneManagerLock.java:364)
	at org.apache.hadoop.ozone.om.lock.OzoneManagerLock.releaseWriteLock(OzoneManagerLock.java:329)
	at org.apache.hadoop.ozone.om.request.key.OMKeyCommitRequest.validateAndUpdateCache(OMKeyCommitRequest.java:177)
	at org.apache.hadoop.ozone.protocolPB.OzoneManagerProtocolServerSideTranslatorPB.submitRequestDirectlyToOM(OzoneManagerProtocolServerSideTranslatorPB.java:219)
	at org.apache.hadoop.ozone.protocolPB.OzoneManagerProtocolServerSideTranslatorPB.processRequest(OzoneManagerProtocolServerSideTranslatorPB.java:134)
	at org.apache.hadoop.hdds.server.OzoneProtocolMessageDispatcher.processRequest(OzoneProtocolMessageDispatcher.java:72)
	at org.apache.hadoop.ozone.protocolPB.OzoneManagerProtocolServerSideTranslatorPB.submitRequest(OzoneManagerProtocolServerSideTranslatorPB.java:100)
	at org.apache.hadoop.ozone.protocol.proto.OzoneManagerProtocolProtos$OzoneManagerService$2.callBlockingMethod(OzoneManagerProtocolProtos.java)
	at org.apache.hadoop.ipc.ProtobufRpcEngine$Server$ProtoBufRpcInvoker.call(ProtobufRpcEngine.java:524)
	at org.apache.hadoop.ipc.RPC$Server.call(RPC.java:1025)
	at org.apache.hadoop.ipc.Server$RpcCall.run(Server.java:876)
	at org.apache.hadoop.ipc.Server$RpcCall.run(Server.java:822)
	at java.security.AccessController.doPrivileged(Native Method)
	at javax.security.auth.Subject.doAs(Subject.java:422)
	at org.apache.hadoop.security.UserGroupInformation.doAs(UserGroupInformation.java:1730)
	at org.apache.hadoop.ipc.Server$Handler.run(Server.java:2682)
2019-10-16 06:06:22,876 [main] INFO  retry.RetryInvocationHandler (RetryInvocationHandler.java:log(411)) - com.google.protobuf.ServiceException: org.apache.hadoop.ipc.RemoteException(java.lang.IllegalMonitorStateException): Releasing lock on resource /7a90f8c9-a4ca-455c-8248-cc196be19827/4bfc7875-4dce-4f0b-bbe6-787d9c442055 without acquiring lock
	at org.apache.hadoop.ozone.lock.LockManager.getLockForReleasing(LockManager.java:220)
	at org.apache.hadoop.ozone.lock.LockManager.release(LockManager.java:168)
	at org.apache.hadoop.ozone.lock.LockManager.writeUnlock(LockManager.java:148)
	at org.apache.hadoop.ozone.om.lock.OzoneManagerLock.unlock(OzoneManagerLock.java:364)
	at org.apache.hadoop.ozone.om.lock.OzoneManagerLock.releaseWriteLock(OzoneManagerLock.java:329)
	at org.apache.hadoop.ozone.om.request.key.OMKeyCommitRequest.validateAndUpdateCache(OMKeyCommitRequest.java:177)
	at org.apache.hadoop.ozone.protocolPB.OzoneManagerProtocolServerSideTranslatorPB.submitRequestDirectlyToOM(OzoneManagerProtocolServerSideTranslatorPB.java:219)
	at org.apache.hadoop.ozone.protocolPB.OzoneManagerProtocolServerSideTranslatorPB.processRequest(OzoneManagerProtocolServerSideTranslatorPB.java:134)
	at org.apache.hadoop.hdds.server.OzoneProtocolMessageDispatcher.processRequest(OzoneProtocolMessageDispatcher.java:72)
	at org.apache.hadoop.ozone.protocolPB.OzoneManagerProtocolServerSideTranslatorPB.submitRequest(OzoneManagerProtocolServerSideTranslatorPB.java:100)
	at org.apache.hadoop.ozone.protocol.proto.OzoneManagerProtocolProtos$OzoneManagerService$2.callBlockingMethod(OzoneManagerProtocolProtos.java)
	at org.apache.hadoop.ipc.ProtobufRpcEngine$Server$ProtoBufRpcInvoker.call(ProtobufRpcEngine.java:524)
	at org.apache.hadoop.ipc.RPC$Server.call(RPC.java:1025)
	at org.apache.hadoop.ipc.Server$RpcCall.run(Server.java:876)
	at org.apache.hadoop.ipc.Server$RpcCall.run(Server.java:822)
	at java.security.AccessController.doPrivileged(Native Method)
	at javax.security.auth.Subject.doAs(Subject.java:422)
	at org.apache.hadoop.security.UserGroupInformation.doAs(UserGroupInformation.java:1730)
	at org.apache.hadoop.ipc.Server$Handler.run(Server.java:2682)
, while invoking $Proxy37.submitRequest over nodeId=null,nodeAddress=localhost:42894. Trying to failover immediately.
2019-10-16 06:06:22,878 [IPC Server handler 15 on 42894] ERROR lock.LockManager (LockManager.java:getLockForReleasing(218)) - Trying to release the lock on /7a90f8c9-a4ca-455c-8248-cc196be19827/4bfc7875-4dce-4f0b-bbe6-787d9c442055, which was never acquired.
2019-10-16 06:06:22,878 [IPC Server handler 15 on 42894] WARN  ipc.Server (Server.java:logException(2724)) - IPC Server handler 15 on 42894, call Call#3746 Retry#1 org.apache.hadoop.ozone.om.protocol.OzoneManagerProtocol.submitRequest from 127.0.0.1:60690
java.lang.IllegalMonitorStateException: Releasing lock on resource /7a90f8c9-a4ca-455c-8248-cc196be19827/4bfc7875-4dce-4f0b-bbe6-787d9c442055 without acquiring lock
	at org.apache.hadoop.ozone.lock.LockManager.getLockForReleasing(LockManager.java:220)
	at org.apache.hadoop.ozone.lock.LockManager.release(LockManager.java:168)
	at org.apache.hadoop.ozone.lock.LockManager.writeUnlock(LockManager.java:148)
	at org.apache.hadoop.ozone.om.lock.OzoneManagerLock.unlock(OzoneManagerLock.java:364)
	at org.apache.hadoop.ozone.om.lock.OzoneManagerLock.releaseWriteLock(OzoneManagerLock.java:329)
	at org.apache.hadoop.ozone.om.request.key.OMKeyCommitRequest.validateAndUpdateCache(OMKeyCommitRequest.java:177)
	at org.apache.hadoop.ozone.protocolPB.OzoneManagerProtocolServerSideTranslatorPB.submitRequestDirectlyToOM(OzoneManagerProtocolServerSideTranslatorPB.java:219)
	at org.apache.hadoop.ozone.protocolPB.OzoneManagerProtocolServerSideTranslatorPB.processRequest(OzoneManagerProtocolServerSideTranslatorPB.java:134)
	at org.apache.hadoop.hdds.server.OzoneProtocolMessageDispatcher.processRequest(OzoneProtocolMessageDispatcher.java:72)
	at org.apache.hadoop.ozone.protocolPB.OzoneManagerProtocolServerSideTranslatorPB.submitRequest(OzoneManagerProtocolServerSideTranslatorPB.java:100)
	at org.apache.hadoop.ozone.protocol.proto.OzoneManagerProtocolProtos$OzoneManagerService$2.callBlockingMethod(OzoneManagerProtocolProtos.java)
	at org.apache.hadoop.ipc.ProtobufRpcEngine$Server$ProtoBufRpcInvoker.call(ProtobufRpcEngine.java:524)
	at org.apache.hadoop.ipc.RPC$Server.call(RPC.java:1025)
	at org.apache.hadoop.ipc.Server$RpcCall.run(Server.java:876)
	at org.apache.hadoop.ipc.Server$RpcCall.run(Server.java:822)
	at java.security.AccessController.doPrivileged(Native Method)
	at javax.security.auth.Subject.doAs(Subject.java:422)
	at org.apache.hadoop.security.UserGroupInformation.doAs(UserGroupInformation.java:1730)
	at org.apache.hadoop.ipc.Server$Handler.run(Server.java:2682)
2019-10-16 06:06:22,878 [main] INFO  retry.RetryInvocationHandler (RetryInvocationHandler.java:log(411)) - com.google.protobuf.ServiceException: org.apache.hadoop.ipc.RemoteException(java.lang.IllegalMonitorStateException): Releasing lock on resource /7a90f8c9-a4ca-455c-8248-cc196be19827/4bfc7875-4dce-4f0b-bbe6-787d9c442055 without acquiring lock
	at org.apache.hadoop.ozone.lock.LockManager.getLockForReleasing(LockManager.java:220)
	at org.apache.hadoop.ozone.lock.LockManager.release(LockManager.java:168)
	at org.apache.hadoop.ozone.lock.LockManager.writeUnlock(LockManager.java:148)
	at org.apache.hadoop.ozone.om.lock.OzoneManagerLock.unlock(OzoneManagerLock.java:364)
	at org.apache.hadoop.ozone.om.lock.OzoneManagerLock.releaseWriteLock(OzoneManagerLock.java:329)
	at org.apache.hadoop.ozone.om.request.key.OMKeyCommitRequest.validateAndUpdateCache(OMKeyCommitRequest.java:177)
	at org.apache.hadoop.ozone.protocolPB.OzoneManagerProtocolServerSideTranslatorPB.submitRequestDirectlyToOM(OzoneManagerProtocolServerSideTranslatorPB.java:219)
	at org.apache.hadoop.ozone.protocolPB.OzoneManagerProtocolServerSideTranslatorPB.processRequest(OzoneManagerProtocolServerSideTranslatorPB.java:134)
	at org.apache.hadoop.hdds.server.OzoneProtocolMessageDispatcher.processRequest(OzoneProtocolMessageDispatcher.java:72)
	at org.apache.hadoop.ozone.protocolPB.OzoneManagerProtocolServerSideTranslatorPB.submitRequest(OzoneManagerProtocolServerSideTranslatorPB.java:100)
	at org.apache.hadoop.ozone.protocol.proto.OzoneManagerProtocolProtos$OzoneManagerService$2.callBlockingMethod(OzoneManagerProtocolProtos.java)
	at org.apache.hadoop.ipc.ProtobufRpcEngine$Server$ProtoBufRpcInvoker.call(ProtobufRpcEngine.java:524)
	at org.apache.hadoop.ipc.RPC$Server.call(RPC.java:1025)
	at org.apache.hadoop.ipc.Server$RpcCall.run(Server.java:876)
	at org.apache.hadoop.ipc.Server$RpcCall.run(Server.java:822)
	at java.security.AccessController.doPrivileged(Native Method)
	at javax.security.auth.Subject.doAs(Subject.java:422)
	at org.apache.hadoop.security.UserGroupInformation.doAs(UserGroupInformation.java:1730)
	at org.apache.hadoop.ipc.Server$Handler.run(Server.java:2682)
, while invoking $Proxy37.submitRequest over nodeId=null,nodeAddress=localhost:42894 after 1 failover attempts. Trying to failover immediately.
2019-10-16 06:06:22,879 [IPC Server handler 2 on 42894] ERROR lock.LockManager (LockManager.java:getLockForReleasing(218)) - Trying to release the lock on /7a90f8c9-a4ca-455c-8248-cc196be19827/4bfc7875-4dce-4f0b-bbe6-787d9c442055, which was never acquired.
2019-10-16 06:06:22,880 [IPC Server handler 2 on 42894] WARN  ipc.Server (Server.java:logException(2724)) - IPC Server handler 2 on 42894, call Call#3746 Retry#2 org.apache.hadoop.ozone.om.protocol.OzoneManagerProtocol.submitRequest from 127.0.0.1:60690
java.lang.IllegalMonitorStateException: Releasing lock on resource /7a90f8c9-a4ca-455c-8248-cc196be19827/4bfc7875-4dce-4f0b-bbe6-787d9c442055 without acquiring lock
	at org.apache.hadoop.ozone.lock.LockManager.getLockForReleasing(LockManager.java:220)
	at org.apache.hadoop.ozone.lock.LockManager.release(LockManager.java:168)
	at org.apache.hadoop.ozone.lock.LockManager.writeUnlock(LockManager.java:148)
	at org.apache.hadoop.ozone.om.lock.OzoneManagerLock.unlock(OzoneManagerLock.java:364)
	at org.apache.hadoop.ozone.om.lock.OzoneManagerLock.releaseWriteLock(OzoneManagerLock.java:329)
	at org.apache.hadoop.ozone.om.request.key.OMKeyCommitRequest.validateAndUpdateCache(OMKeyCommitRequest.java:177)
	at org.apache.hadoop.ozone.protocolPB.OzoneManagerProtocolServerSideTranslatorPB.submitRequestDirectlyToOM(OzoneManagerProtocolServerSideTranslatorPB.java:219)
	at org.apache.hadoop.ozone.protocolPB.OzoneManagerProtocolServerSideTranslatorPB.processRequest(OzoneManagerProtocolServerSideTranslatorPB.java:134)
	at org.apache.hadoop.hdds.server.OzoneProtocolMessageDispatcher.processRequest(OzoneProtocolMessageDispatcher.java:72)
	at org.apache.hadoop.ozone.protocolPB.OzoneManagerProtocolServerSideTranslatorPB.submitRequest(OzoneManagerProtocolServerSideTranslatorPB.java:100)
	at org.apache.hadoop.ozone.protocol.proto.OzoneManagerProtocolProtos$OzoneManagerService$2.callBlockingMethod(OzoneManagerProtocolProtos.java)
	at org.apache.hadoop.ipc.ProtobufRpcEngine$Server$ProtoBufRpcInvoker.call(ProtobufRpcEngine.java:524)
	at org.apache.hadoop.ipc.RPC$Server.call(RPC.java:1025)
	at org.apache.hadoop.ipc.Server$RpcCall.run(Server.java:876)
	at org.apache.hadoop.ipc.Server$RpcCall.run(Server.java:822)
	at java.security.AccessController.doPrivileged(Native Method)
	at javax.security.auth.Subject.doAs(Subject.java:422)
	at org.apache.hadoop.security.UserGroupInformation.doAs(UserGroupInformation.java:1730)
	at org.apache.hadoop.ipc.Server$Handler.run(Server.java:2682)
2019-10-16 06:06:22,880 [main] INFO  retry.RetryInvocationHandler (RetryInvocationHandler.java:log(411)) - com.google.protobuf.ServiceException: org.apache.hadoop.ipc.RemoteException(java.lang.IllegalMonitorStateException): Releasing lock on resource /7a90f8c9-a4ca-455c-8248-cc196be19827/4bfc7875-4dce-4f0b-bbe6-787d9c442055 without acquiring lock
	at org.apache.hadoop.ozone.lock.LockManager.getLockForReleasing(LockManager.java:220)
	at org.apache.hadoop.ozone.lock.LockManager.release(LockManager.java:168)
	at org.apache.hadoop.ozone.lock.LockManager.writeUnlock(LockManager.java:148)
	at org.apache.hadoop.ozone.om.lock.OzoneManagerLock.unlock(OzoneManagerLock.java:364)
	at org.apache.hadoop.ozone.om.lock.OzoneManagerLock.releaseWriteLock(OzoneManagerLock.java:329)
	at org.apache.hadoop.ozone.om.request.key.OMKeyCommitRequest.validateAndUpdateCache(OMKeyCommitRequest.java:177)
	at org.apache.hadoop.ozone.protocolPB.OzoneManagerProtocolServerSideTranslatorPB.submitRequestDirectlyToOM(OzoneManagerProtocolServerSideTranslatorPB.java:219)
	at org.apache.hadoop.ozone.protocolPB.OzoneManagerProtocolServerSideTranslatorPB.processRequest(OzoneManagerProtocolServerSideTranslatorPB.java:134)
	at org.apache.hadoop.hdds.server.OzoneProtocolMessageDispatcher.processRequest(OzoneProtocolMessageDispatcher.java:72)
	at org.apache.hadoop.ozone.protocolPB.OzoneManagerProtocolServerSideTranslatorPB.submitRequest(OzoneManagerProtocolServerSideTranslatorPB.java:100)
	at org.apache.hadoop.ozone.protocol.proto.OzoneManagerProtocolProtos$OzoneManagerService$2.callBlockingMethod(OzoneManagerProtocolProtos.java)
	at org.apache.hadoop.ipc.ProtobufRpcEngine$Server$ProtoBufRpcInvoker.call(ProtobufRpcEngine.java:524)
	at org.apache.hadoop.ipc.RPC$Server.call(RPC.java:1025)
	at org.apache.hadoop.ipc.Server$RpcCall.run(Server.java:876)
	at org.apache.hadoop.ipc.Server$RpcCall.run(Server.java:822)
	at java.security.AccessController.doPrivileged(Native Method)
	at javax.security.auth.Subject.doAs(Subject.java:422)
	at org.apache.hadoop.security.UserGroupInformation.doAs(UserGroupInformation.java:1730)
	at org.apache.hadoop.ipc.Server$Handler.run(Server.java:2682)
, while invoking $Proxy37.submitRequest over nodeId=null,nodeAddress=localhost:42894 after 2 failover attempts. Trying to failover immediately.
2019-10-16 06:06:22,882 [IPC Server handler 12 on 42894] ERROR lock.LockManager (LockManager.java:getLockForReleasing(218)) - Trying to release the lock on /7a90f8c9-a4ca-455c-8248-cc196be19827/4bfc7875-4dce-4f0b-bbe6-787d9c442055, which was never acquired.
2019-10-16 06:06:22,882 [IPC Server handler 12 on 42894] WARN  ipc.Server (Server.java:logException(2724)) - IPC Server handler 12 on 42894, call Call#3746 Retry#3 org.apache.hadoop.ozone.om.protocol.OzoneManagerProtocol.submitRequest from 127.0.0.1:60690
java.lang.IllegalMonitorStateException: Releasing lock on resource /7a90f8c9-a4ca-455c-8248-cc196be19827/4bfc7875-4dce-4f0b-bbe6-787d9c442055 without acquiring lock
	at org.apache.hadoop.ozone.lock.LockManager.getLockForReleasing(LockManager.java:220)
	at org.apache.hadoop.ozone.lock.LockManager.release(LockManager.java:168)
	at org.apache.hadoop.ozone.lock.LockManager.writeUnlock(LockManager.java:148)
	at org.apache.hadoop.ozone.om.lock.OzoneManagerLock.unlock(OzoneManagerLock.java:364)
	at org.apache.hadoop.ozone.om.lock.OzoneManagerLock.releaseWriteLock(OzoneManagerLock.java:329)
	at org.apache.hadoop.ozone.om.request.key.OMKeyCommitRequest.validateAndUpdateCache(OMKeyCommitRequest.java:177)
	at org.apache.hadoop.ozone.protocolPB.OzoneManagerProtocolServerSideTranslatorPB.submitRequestDirectlyToOM(OzoneManagerProtocolServerSideTranslatorPB.java:219)
	at org.apache.hadoop.ozone.protocolPB.OzoneManagerProtocolServerSideTranslatorPB.processRequest(OzoneManagerProtocolServerSideTranslatorPB.java:134)
	at org.apache.hadoop.hdds.server.OzoneProtocolMessageDispatcher.processRequest(OzoneProtocolMessageDispatcher.java:72)
	at org.apache.hadoop.ozone.protocolPB.OzoneManagerProtocolServerSideTranslatorPB.submitRequest(OzoneManagerProtocolServerSideTranslatorPB.java:100)
	at org.apache.hadoop.ozone.protocol.proto.OzoneManagerProtocolProtos$OzoneManagerService$2.callBlockingMethod(OzoneManagerProtocolProtos.java)
	at org.apache.hadoop.ipc.ProtobufRpcEngine$Server$ProtoBufRpcInvoker.call(ProtobufRpcEngine.java:524)
	at org.apache.hadoop.ipc.RPC$Server.call(RPC.java:1025)
	at org.apache.hadoop.ipc.Server$RpcCall.run(Server.java:876)
	at org.apache.hadoop.ipc.Server$RpcCall.run(Server.java:822)
	at java.security.AccessController.doPrivileged(Native Method)
	at javax.security.auth.Subject.doAs(Subject.java:422)
	at org.apache.hadoop.security.UserGroupInformation.doAs(UserGroupInformation.java:1730)
	at org.apache.hadoop.ipc.Server$Handler.run(Server.java:2682)
2019-10-16 06:06:22,882 [main] INFO  retry.RetryInvocationHandler (RetryInvocationHandler.java:log(411)) - com.google.protobuf.ServiceException: org.apache.hadoop.ipc.RemoteException(java.lang.IllegalMonitorStateException): Releasing lock on resource /7a90f8c9-a4ca-455c-8248-cc196be19827/4bfc7875-4dce-4f0b-bbe6-787d9c442055 without acquiring lock
	at org.apache.hadoop.ozone.lock.LockManager.getLockForReleasing(LockManager.java:220)
	at org.apache.hadoop.ozone.lock.LockManager.release(LockManager.java:168)
	at org.apache.hadoop.ozone.lock.LockManager.writeUnlock(LockManager.java:148)
	at org.apache.hadoop.ozone.om.lock.OzoneManagerLock.unlock(OzoneManagerLock.java:364)
	at org.apache.hadoop.ozone.om.lock.OzoneManagerLock.releaseWriteLock(OzoneManagerLock.java:329)
	at org.apache.hadoop.ozone.om.request.key.OMKeyCommitRequest.validateAndUpdateCache(OMKeyCommitRequest.java:177)
	at org.apache.hadoop.ozone.protocolPB.OzoneManagerProtocolServerSideTranslatorPB.submitRequestDirectlyToOM(OzoneManagerProtocolServerSideTranslatorPB.java:219)
	at org.apache.hadoop.ozone.protocolPB.OzoneManagerProtocolServerSideTranslatorPB.processRequest(OzoneManagerProtocolServerSideTranslatorPB.java:134)
	at org.apache.hadoop.hdds.server.OzoneProtocolMessageDispatcher.processRequest(OzoneProtocolMessageDispatcher.java:72)
	at org.apache.hadoop.ozone.protocolPB.OzoneManagerProtocolServerSideTranslatorPB.submitRequest(OzoneManagerProtocolServerSideTranslatorPB.java:100)
	at org.apache.hadoop.ozone.protocol.proto.OzoneManagerProtocolProtos$OzoneManagerService$2.callBlockingMethod(OzoneManagerProtocolProtos.java)
	at org.apache.hadoop.ipc.ProtobufRpcEngine$Server$ProtoBufRpcInvoker.call(ProtobufRpcEngine.java:524)
	at org.apache.hadoop.ipc.RPC$Server.call(RPC.java:1025)
	at org.apache.hadoop.ipc.Server$RpcCall.run(Server.java:876)
	at org.apache.hadoop.ipc.Server$RpcCall.run(Server.java:822)
	at java.security.AccessController.doPrivileged(Native Method)
	at javax.security.auth.Subject.doAs(Subject.java:422)
	at org.apache.hadoop.security.UserGroupInformation.doAs(UserGroupInformation.java:1730)
	at org.apache.hadoop.ipc.Server$Handler.run(Server.java:2682)
, while invoking $Proxy37.submitRequest over nodeId=null,nodeAddress=localhost:42894 after 3 failover attempts. Trying to failover immediately.
2019-10-16 06:06:22,884 [IPC Server handler 14 on 42894] ERROR lock.LockManager (LockManager.java:getLockForReleasing(218)) - Trying to release the lock on /7a90f8c9-a4ca-455c-8248-cc196be19827/4bfc7875-4dce-4f0b-bbe6-787d9c442055, which was never acquired.
2019-10-16 06:06:22,884 [IPC Server handler 14 on 42894] WARN  ipc.Server (Server.java:logException(2724)) - IPC Server handler 14 on 42894, call Call#3746 Retry#4 org.apache.hadoop.ozone.om.protocol.OzoneManagerProtocol.submitRequest from 127.0.0.1:60690
java.lang.IllegalMonitorStateException: Releasing lock on resource /7a90f8c9-a4ca-455c-8248-cc196be19827/4bfc7875-4dce-4f0b-bbe6-787d9c442055 without acquiring lock
	at org.apache.hadoop.ozone.lock.LockManager.getLockForReleasing(LockManager.java:220)
	at org.apache.hadoop.ozone.lock.LockManager.release(LockManager.java:168)
	at org.apache.hadoop.ozone.lock.LockManager.writeUnlock(LockManager.java:148)
	at org.apache.hadoop.ozone.om.lock.OzoneManagerLock.unlock(OzoneManagerLock.java:364)
	at org.apache.hadoop.ozone.om.lock.OzoneManagerLock.releaseWriteLock(OzoneManagerLock.java:329)
	at org.apache.hadoop.ozone.om.request.key.OMKeyCommitRequest.validateAndUpdateCache(OMKeyCommitRequest.java:177)
	at org.apache.hadoop.ozone.protocolPB.OzoneManagerProtocolServerSideTranslatorPB.submitRequestDirectlyToOM(OzoneManagerProtocolServerSideTranslatorPB.java:219)
	at org.apache.hadoop.ozone.protocolPB.OzoneManagerProtocolServerSideTranslatorPB.processRequest(OzoneManagerProtocolServerSideTranslatorPB.java:134)
	at org.apache.hadoop.hdds.server.OzoneProtocolMessageDispatcher.processRequest(OzoneProtocolMessageDispatcher.java:72)
	at org.apache.hadoop.ozone.protocolPB.OzoneManagerProtocolServerSideTranslatorPB.submitRequest(OzoneManagerProtocolServerSideTranslatorPB.java:100)
	at org.apache.hadoop.ozone.protocol.proto.OzoneManagerProtocolProtos$OzoneManagerService$2.callBlockingMethod(OzoneManagerProtocolProtos.java)
	at org.apache.hadoop.ipc.ProtobufRpcEngine$Server$ProtoBufRpcInvoker.call(ProtobufRpcEngine.java:524)
	at org.apache.hadoop.ipc.RPC$Server.call(RPC.java:1025)
	at org.apache.hadoop.ipc.Server$RpcCall.run(Server.java:876)
	at org.apache.hadoop.ipc.Server$RpcCall.run(Server.java:822)
	at java.security.AccessController.doPrivileged(Native Method)
	at javax.security.auth.Subject.doAs(Subject.java:422)
	at org.apache.hadoop.security.UserGroupInformation.doAs(UserGroupInformation.java:1730)
	at org.apache.hadoop.ipc.Server$Handler.run(Server.java:2682)
2019-10-16 06:06:22,884 [main] INFO  retry.RetryInvocationHandler (RetryInvocationHandler.java:log(411)) - com.google.protobuf.ServiceException: org.apache.hadoop.ipc.RemoteException(java.lang.IllegalMonitorStateException): Releasing lock on resource /7a90f8c9-a4ca-455c-8248-cc196be19827/4bfc7875-4dce-4f0b-bbe6-787d9c442055 without acquiring lock
	at org.apache.hadoop.ozone.lock.LockManager.getLockForReleasing(LockManager.java:220)
	at org.apache.hadoop.ozone.lock.LockManager.release(LockManager.java:168)
	at org.apache.hadoop.ozone.lock.LockManager.writeUnlock(LockManager.java:148)
	at org.apache.hadoop.ozone.om.lock.OzoneManagerLock.unlock(OzoneManagerLock.java:364)
	at org.apache.hadoop.ozone.om.lock.OzoneManagerLock.releaseWriteLock(OzoneManagerLock.java:329)
	at org.apache.hadoop.ozone.om.request.key.OMKeyCommitRequest.validateAndUpdateCache(OMKeyCommitRequest.java:177)
	at org.apache.hadoop.ozone.protocolPB.OzoneManagerProtocolServerSideTranslatorPB.submitRequestDirectlyToOM(OzoneManagerProtocolServerSideTranslatorPB.java:219)
	at org.apache.hadoop.ozone.protocolPB.OzoneManagerProtocolServerSideTranslatorPB.processRequest(OzoneManagerProtocolServerSideTranslatorPB.java:134)
	at org.apache.hadoop.hdds.server.OzoneProtocolMessageDispatcher.processRequest(OzoneProtocolMessageDispatcher.java:72)
	at org.apache.hadoop.ozone.protocolPB.OzoneManagerProtocolServerSideTranslatorPB.submitRequest(OzoneManagerProtocolServerSideTranslatorPB.java:100)
	at org.apache.hadoop.ozone.protocol.proto.OzoneManagerProtocolProtos$OzoneManagerService$2.callBlockingMethod(OzoneManagerProtocolProtos.java)
	at org.apache.hadoop.ipc.ProtobufRpcEngine$Server$ProtoBufRpcInvoker.call(ProtobufRpcEngine.java:524)
	at org.apache.hadoop.ipc.RPC$Server.call(RPC.java:1025)
	at org.apache.hadoop.ipc.Server$RpcCall.run(Server.java:876)
	at org.apache.hadoop.ipc.Server$RpcCall.run(Server.java:822)
	at java.security.AccessController.doPrivileged(Native Method)
	at javax.security.auth.Subject.doAs(Subject.java:422)
	at org.apache.hadoop.security.UserGroupInformation.doAs(UserGroupInformation.java:1730)
	at org.apache.hadoop.ipc.Server$Handler.run(Server.java:2682)
, while invoking $Proxy37.submitRequest over nodeId=null,nodeAddress=localhost:42894 after 4 failover attempts. Trying to failover immediately.
2019-10-16 06:06:22,885 [IPC Server handler 4 on 42894] ERROR lock.LockManager (LockManager.java:getLockForReleasing(218)) - Trying to release the lock on /7a90f8c9-a4ca-455c-8248-cc196be19827/4bfc7875-4dce-4f0b-bbe6-787d9c442055, which was never acquired.
2019-10-16 06:06:22,886 [IPC Server handler 4 on 42894] WARN  ipc.Server (Server.java:logException(2724)) - IPC Server handler 4 on 42894, call Call#3746 Retry#5 org.apache.hadoop.ozone.om.protocol.OzoneManagerProtocol.submitRequest from 127.0.0.1:60690
java.lang.IllegalMonitorStateException: Releasing lock on resource /7a90f8c9-a4ca-455c-8248-cc196be19827/4bfc7875-4dce-4f0b-bbe6-787d9c442055 without acquiring lock
	at org.apache.hadoop.ozone.lock.LockManager.getLockForReleasing(LockManager.java:220)
	at org.apache.hadoop.ozone.lock.LockManager.release(LockManager.java:168)
	at org.apache.hadoop.ozone.lock.LockManager.writeUnlock(LockManager.java:148)
	at org.apache.hadoop.ozone.om.lock.OzoneManagerLock.unlock(OzoneManagerLock.java:364)
	at org.apache.hadoop.ozone.om.lock.OzoneManagerLock.releaseWriteLock(OzoneManagerLock.java:329)
	at org.apache.hadoop.ozone.om.request.key.OMKeyCommitRequest.validateAndUpdateCache(OMKeyCommitRequest.java:177)
	at org.apache.hadoop.ozone.protocolPB.OzoneManagerProtocolServerSideTranslatorPB.submitRequestDirectlyToOM(OzoneManagerProtocolServerSideTranslatorPB.java:219)
	at org.apache.hadoop.ozone.protocolPB.OzoneManagerProtocolServerSideTranslatorPB.processRequest(OzoneManagerProtocolServerSideTranslatorPB.java:134)
	at org.apache.hadoop.hdds.server.OzoneProtocolMessageDispatcher.processRequest(OzoneProtocolMessageDispatcher.java:72)
	at org.apache.hadoop.ozone.protocolPB.OzoneManagerProtocolServerSideTranslatorPB.submitRequest(OzoneManagerProtocolServerSideTranslatorPB.java:100)
	at org.apache.hadoop.ozone.protocol.proto.OzoneManagerProtocolProtos$OzoneManagerService$2.callBlockingMethod(OzoneManagerProtocolProtos.java)
	at org.apache.hadoop.ipc.ProtobufRpcEngine$Server$ProtoBufRpcInvoker.call(ProtobufRpcEngine.java:524)
	at org.apache.hadoop.ipc.RPC$Server.call(RPC.java:1025)
	at org.apache.hadoop.ipc.Server$RpcCall.run(Server.java:876)
	at org.apache.hadoop.ipc.Server$RpcCall.run(Server.java:822)
	at java.security.AccessController.doPrivileged(Native Method)
	at javax.security.auth.Subject.doAs(Subject.java:422)
	at org.apache.hadoop.security.UserGroupInformation.doAs(UserGroupInformation.java:1730)
	at org.apache.hadoop.ipc.Server$Handler.run(Server.java:2682)
2019-10-16 06:06:22,886 [main] INFO  retry.RetryInvocationHandler (RetryInvocationHandler.java:log(411)) - com.google.protobuf.ServiceException: org.apache.hadoop.ipc.RemoteException(java.lang.IllegalMonitorStateException): Releasing lock on resource /7a90f8c9-a4ca-455c-8248-cc196be19827/4bfc7875-4dce-4f0b-bbe6-787d9c442055 without acquiring lock
	at org.apache.hadoop.ozone.lock.LockManager.getLockForReleasing(LockManager.java:220)
	at org.apache.hadoop.ozone.lock.LockManager.release(LockManager.java:168)
	at org.apache.hadoop.ozone.lock.LockManager.writeUnlock(LockManager.java:148)
	at org.apache.hadoop.ozone.om.lock.OzoneManagerLock.unlock(OzoneManagerLock.java:364)
	at org.apache.hadoop.ozone.om.lock.OzoneManagerLock.releaseWriteLock(OzoneManagerLock.java:329)
	at org.apache.hadoop.ozone.om.request.key.OMKeyCommitRequest.validateAndUpdateCache(OMKeyCommitRequest.java:177)
	at org.apache.hadoop.ozone.protocolPB.OzoneManagerProtocolServerSideTranslatorPB.submitRequestDirectlyToOM(OzoneManagerProtocolServerSideTranslatorPB.java:219)
	at org.apache.hadoop.ozone.protocolPB.OzoneManagerProtocolServerSideTranslatorPB.processRequest(OzoneManagerProtocolServerSideTranslatorPB.java:134)
	at org.apache.hadoop.hdds.server.OzoneProtocolMessageDispatcher.processRequest(OzoneProtocolMessageDispatcher.java:72)
	at org.apache.hadoop.ozone.protocolPB.OzoneManagerProtocolServerSideTranslatorPB.submitRequest(OzoneManagerProtocolServerSideTranslatorPB.java:100)
	at org.apache.hadoop.ozone.protocol.proto.OzoneManagerProtocolProtos$OzoneManagerService$2.callBlockingMethod(OzoneManagerProtocolProtos.java)
	at org.apache.hadoop.ipc.ProtobufRpcEngine$Server$ProtoBufRpcInvoker.call(ProtobufRpcEngine.java:524)
	at org.apache.hadoop.ipc.RPC$Server.call(RPC.java:1025)
	at org.apache.hadoop.ipc.Server$RpcCall.run(Server.java:876)
	at org.apache.hadoop.ipc.Server$RpcCall.run(Server.java:822)
	at java.security.AccessController.doPrivileged(Native Method)
	at javax.security.auth.Subject.doAs(Subject.java:422)
	at org.apache.hadoop.security.UserGroupInformation.doAs(UserGroupInformation.java:1730)
	at org.apache.hadoop.ipc.Server$Handler.run(Server.java:2682)
, while invoking $Proxy37.submitRequest over nodeId=null,nodeAddress=localhost:42894 after 5 failover attempts. Trying to failover immediately.
2019-10-16 06:06:22,887 [IPC Server handler 10 on 42894] ERROR lock.LockManager (LockManager.java:getLockForReleasing(218)) - Trying to release the lock on /7a90f8c9-a4ca-455c-8248-cc196be19827/4bfc7875-4dce-4f0b-bbe6-787d9c442055, which was never acquired.
2019-10-16 06:06:22,887 [IPC Server handler 10 on 42894] WARN  ipc.Server (Server.java:logException(2724)) - IPC Server handler 10 on 42894, call Call#3746 Retry#6 org.apache.hadoop.ozone.om.protocol.OzoneManagerProtocol.submitRequest from 127.0.0.1:60690
java.lang.IllegalMonitorStateException: Releasing lock on resource /7a90f8c9-a4ca-455c-8248-cc196be19827/4bfc7875-4dce-4f0b-bbe6-787d9c442055 without acquiring lock
	at org.apache.hadoop.ozone.lock.LockManager.getLockForReleasing(LockManager.java:220)
	at org.apache.hadoop.ozone.lock.LockManager.release(LockManager.java:168)
	at org.apache.hadoop.ozone.lock.LockManager.writeUnlock(LockManager.java:148)
	at org.apache.hadoop.ozone.om.lock.OzoneManagerLock.unlock(OzoneManagerLock.java:364)
	at org.apache.hadoop.ozone.om.lock.OzoneManagerLock.releaseWriteLock(OzoneManagerLock.java:329)
	at org.apache.hadoop.ozone.om.request.key.OMKeyCommitRequest.validateAndUpdateCache(OMKeyCommitRequest.java:177)
	at org.apache.hadoop.ozone.protocolPB.OzoneManagerProtocolServerSideTranslatorPB.submitRequestDirectlyToOM(OzoneManagerProtocolServerSideTranslatorPB.java:219)
	at org.apache.hadoop.ozone.protocolPB.OzoneManagerProtocolServerSideTranslatorPB.processRequest(OzoneManagerProtocolServerSideTranslatorPB.java:134)
	at org.apache.hadoop.hdds.server.OzoneProtocolMessageDispatcher.processRequest(OzoneProtocolMessageDispatcher.java:72)
	at org.apache.hadoop.ozone.protocolPB.OzoneManagerProtocolServerSideTranslatorPB.submitRequest(OzoneManagerProtocolServerSideTranslatorPB.java:100)
	at org.apache.hadoop.ozone.protocol.proto.OzoneManagerProtocolProtos$OzoneManagerService$2.callBlockingMethod(OzoneManagerProtocolProtos.java)
	at org.apache.hadoop.ipc.ProtobufRpcEngine$Server$ProtoBufRpcInvoker.call(ProtobufRpcEngine.java:524)
	at org.apache.hadoop.ipc.RPC$Server.call(RPC.java:1025)
	at org.apache.hadoop.ipc.Server$RpcCall.run(Server.java:876)
	at org.apache.hadoop.ipc.Server$RpcCall.run(Server.java:822)
	at java.security.AccessController.doPrivileged(Native Method)
	at javax.security.auth.Subject.doAs(Subject.java:422)
	at org.apache.hadoop.security.UserGroupInformation.doAs(UserGroupInformation.java:1730)
	at org.apache.hadoop.ipc.Server$Handler.run(Server.java:2682)
2019-10-16 06:06:22,888 [main] INFO  retry.RetryInvocationHandler (RetryInvocationHandler.java:log(411)) - com.google.protobuf.ServiceException: org.apache.hadoop.ipc.RemoteException(java.lang.IllegalMonitorStateException): Releasing lock on resource /7a90f8c9-a4ca-455c-8248-cc196be19827/4bfc7875-4dce-4f0b-bbe6-787d9c442055 without acquiring lock
	at org.apache.hadoop.ozone.lock.LockManager.getLockForReleasing(LockManager.java:220)
	at org.apache.hadoop.ozone.lock.LockManager.release(LockManager.java:168)
	at org.apache.hadoop.ozone.lock.LockManager.writeUnlock(LockManager.java:148)
	at org.apache.hadoop.ozone.om.lock.OzoneManagerLock.unlock(OzoneManagerLock.java:364)
	at org.apache.hadoop.ozone.om.lock.OzoneManagerLock.releaseWriteLock(OzoneManagerLock.java:329)
	at org.apache.hadoop.ozone.om.request.key.OMKeyCommitRequest.validateAndUpdateCache(OMKeyCommitRequest.java:177)
	at org.apache.hadoop.ozone.protocolPB.OzoneManagerProtocolServerSideTranslatorPB.submitRequestDirectlyToOM(OzoneManagerProtocolServerSideTranslatorPB.java:219)
	at org.apache.hadoop.ozone.protocolPB.OzoneManagerProtocolServerSideTranslatorPB.processRequest(OzoneManagerProtocolServerSideTranslatorPB.java:134)
	at org.apache.hadoop.hdds.server.OzoneProtocolMessageDispatcher.processRequest(OzoneProtocolMessageDispatcher.java:72)
	at org.apache.hadoop.ozone.protocolPB.OzoneManagerProtocolServerSideTranslatorPB.submitRequest(OzoneManagerProtocolServerSideTranslatorPB.java:100)
	at org.apache.hadoop.ozone.protocol.proto.OzoneManagerProtocolProtos$OzoneManagerService$2.callBlockingMethod(OzoneManagerProtocolProtos.java)
	at org.apache.hadoop.ipc.ProtobufRpcEngine$Server$ProtoBufRpcInvoker.call(ProtobufRpcEngine.java:524)
	at org.apache.hadoop.ipc.RPC$Server.call(RPC.java:1025)
	at org.apache.hadoop.ipc.Server$RpcCall.run(Server.java:876)
	at org.apache.hadoop.ipc.Server$RpcCall.run(Server.java:822)
	at java.security.AccessController.doPrivileged(Native Method)
	at javax.security.auth.Subject.doAs(Subject.java:422)
	at org.apache.hadoop.security.UserGroupInformation.doAs(UserGroupInformation.java:1730)
	at org.apache.hadoop.ipc.Server$Handler.run(Server.java:2682)
, while invoking $Proxy37.submitRequest over nodeId=null,nodeAddress=localhost:42894 after 6 failover attempts. Trying to failover immediately.
2019-10-16 06:06:22,889 [IPC Server handler 13 on 42894] ERROR lock.LockManager (LockManager.java:getLockForReleasing(218)) - Trying to release the lock on /7a90f8c9-a4ca-455c-8248-cc196be19827/4bfc7875-4dce-4f0b-bbe6-787d9c442055, which was never acquired.
2019-10-16 06:06:22,889 [IPC Server handler 13 on 42894] WARN  ipc.Server (Server.java:logException(2724)) - IPC Server handler 13 on 42894, call Call#3746 Retry#7 org.apache.hadoop.ozone.om.protocol.OzoneManagerProtocol.submitRequest from 127.0.0.1:60690
java.lang.IllegalMonitorStateException: Releasing lock on resource /7a90f8c9-a4ca-455c-8248-cc196be19827/4bfc7875-4dce-4f0b-bbe6-787d9c442055 without acquiring lock
	at org.apache.hadoop.ozone.lock.LockManager.getLockForReleasing(LockManager.java:220)
	at org.apache.hadoop.ozone.lock.LockManager.release(LockManager.java:168)
	at org.apache.hadoop.ozone.lock.LockManager.writeUnlock(LockManager.java:148)
	at org.apache.hadoop.ozone.om.lock.OzoneManagerLock.unlock(OzoneManagerLock.java:364)
	at org.apache.hadoop.ozone.om.lock.OzoneManagerLock.releaseWriteLock(OzoneManagerLock.java:329)
	at org.apache.hadoop.ozone.om.request.key.OMKeyCommitRequest.validateAndUpdateCache(OMKeyCommitRequest.java:177)
	at org.apache.hadoop.ozone.protocolPB.OzoneManagerProtocolServerSideTranslatorPB.submitRequestDirectlyToOM(OzoneManagerProtocolServerSideTranslatorPB.java:219)
	at org.apache.hadoop.ozone.protocolPB.OzoneManagerProtocolServerSideTranslatorPB.processRequest(OzoneManagerProtocolServerSideTranslatorPB.java:134)
	at org.apache.hadoop.hdds.server.OzoneProtocolMessageDispatcher.processRequest(OzoneProtocolMessageDispatcher.java:72)
	at org.apache.hadoop.ozone.protocolPB.OzoneManagerProtocolServerSideTranslatorPB.submitRequest(OzoneManagerProtocolServerSideTranslatorPB.java:100)
	at org.apache.hadoop.ozone.protocol.proto.OzoneManagerProtocolProtos$OzoneManagerService$2.callBlockingMethod(OzoneManagerProtocolProtos.java)
	at org.apache.hadoop.ipc.ProtobufRpcEngine$Server$ProtoBufRpcInvoker.call(ProtobufRpcEngine.java:524)
	at org.apache.hadoop.ipc.RPC$Server.call(RPC.java:1025)
	at org.apache.hadoop.ipc.Server$RpcCall.run(Server.java:876)
	at org.apache.hadoop.ipc.Server$RpcCall.run(Server.java:822)
	at java.security.AccessController.doPrivileged(Native Method)
	at javax.security.auth.Subject.doAs(Subject.java:422)
	at org.apache.hadoop.security.UserGroupInformation.doAs(UserGroupInformation.java:1730)
	at org.apache.hadoop.ipc.Server$Handler.run(Server.java:2682)
2019-10-16 06:06:22,890 [main] INFO  retry.RetryInvocationHandler (RetryInvocationHandler.java:log(411)) - com.google.protobuf.ServiceException: org.apache.hadoop.ipc.RemoteException(java.lang.IllegalMonitorStateException): Releasing lock on resource /7a90f8c9-a4ca-455c-8248-cc196be19827/4bfc7875-4dce-4f0b-bbe6-787d9c442055 without acquiring lock
	at org.apache.hadoop.ozone.lock.LockManager.getLockForReleasing(LockManager.java:220)
	at org.apache.hadoop.ozone.lock.LockManager.release(LockManager.java:168)
	at org.apache.hadoop.ozone.lock.LockManager.writeUnlock(LockManager.java:148)
	at org.apache.hadoop.ozone.om.lock.OzoneManagerLock.unlock(OzoneManagerLock.java:364)
	at org.apache.hadoop.ozone.om.lock.OzoneManagerLock.releaseWriteLock(OzoneManagerLock.java:329)
	at org.apache.hadoop.ozone.om.request.key.OMKeyCommitRequest.validateAndUpdateCache(OMKeyCommitRequest.java:177)
	at org.apache.hadoop.ozone.protocolPB.OzoneManagerProtocolServerSideTranslatorPB.submitRequestDirectlyToOM(OzoneManagerProtocolServerSideTranslatorPB.java:219)
	at org.apache.hadoop.ozone.protocolPB.OzoneManagerProtocolServerSideTranslatorPB.processRequest(OzoneManagerProtocolServerSideTranslatorPB.java:134)
	at org.apache.hadoop.hdds.server.OzoneProtocolMessageDispatcher.processRequest(OzoneProtocolMessageDispatcher.java:72)
	at org.apache.hadoop.ozone.protocolPB.OzoneManagerProtocolServerSideTranslatorPB.submitRequest(OzoneManagerProtocolServerSideTranslatorPB.java:100)
	at org.apache.hadoop.ozone.protocol.proto.OzoneManagerProtocolProtos$OzoneManagerService$2.callBlockingMethod(OzoneManagerProtocolProtos.java)
	at org.apache.hadoop.ipc.ProtobufRpcEngine$Server$ProtoBufRpcInvoker.call(ProtobufRpcEngine.java:524)
	at org.apache.hadoop.ipc.RPC$Server.call(RPC.java:1025)
	at org.apache.hadoop.ipc.Server$RpcCall.run(Server.java:876)
	at org.apache.hadoop.ipc.Server$RpcCall.run(Server.java:822)
	at java.security.AccessController.doPrivileged(Native Method)
	at javax.security.auth.Subject.doAs(Subject.java:422)
	at org.apache.hadoop.security.UserGroupInformation.doAs(UserGroupInformation.java:1730)
	at org.apache.hadoop.ipc.Server$Handler.run(Server.java:2682)
, while invoking $Proxy37.submitRequest over nodeId=null,nodeAddress=localhost:42894 after 7 failover attempts. Trying to failover immediately.
2019-10-16 06:06:22,891 [IPC Server handler 19 on 42894] ERROR lock.LockManager (LockManager.java:getLockForReleasing(218)) - Trying to release the lock on /7a90f8c9-a4ca-455c-8248-cc196be19827/4bfc7875-4dce-4f0b-bbe6-787d9c442055, which was never acquired.
2019-10-16 06:06:22,891 [IPC Server handler 19 on 42894] WARN  ipc.Server (Server.java:logException(2724)) - IPC Server handler 19 on 42894, call Call#3746 Retry#8 org.apache.hadoop.ozone.om.protocol.OzoneManagerProtocol.submitRequest from 127.0.0.1:60690
java.lang.IllegalMonitorStateException: Releasing lock on resource /7a90f8c9-a4ca-455c-8248-cc196be19827/4bfc7875-4dce-4f0b-bbe6-787d9c442055 without acquiring lock
	at org.apache.hadoop.ozone.lock.LockManager.getLockForReleasing(LockManager.java:220)
	at org.apache.hadoop.ozone.lock.LockManager.release(LockManager.java:168)
	at org.apache.hadoop.ozone.lock.LockManager.writeUnlock(LockManager.java:148)
	at org.apache.hadoop.ozone.om.lock.OzoneManagerLock.unlock(OzoneManagerLock.java:364)
	at org.apache.hadoop.ozone.om.lock.OzoneManagerLock.releaseWriteLock(OzoneManagerLock.java:329)
	at org.apache.hadoop.ozone.om.request.key.OMKeyCommitRequest.validateAndUpdateCache(OMKeyCommitRequest.java:177)
	at org.apache.hadoop.ozone.protocolPB.OzoneManagerProtocolServerSideTranslatorPB.submitRequestDirectlyToOM(OzoneManagerProtocolServerSideTranslatorPB.java:219)
	at org.apache.hadoop.ozone.protocolPB.OzoneManagerProtocolServerSideTranslatorPB.processRequest(OzoneManagerProtocolServerSideTranslatorPB.java:134)
	at org.apache.hadoop.hdds.server.OzoneProtocolMessageDispatcher.processRequest(OzoneProtocolMessageDispatcher.java:72)
	at org.apache.hadoop.ozone.protocolPB.OzoneManagerProtocolServerSideTranslatorPB.submitRequest(OzoneManagerProtocolServerSideTranslatorPB.java:100)
	at org.apache.hadoop.ozone.protocol.proto.OzoneManagerProtocolProtos$OzoneManagerService$2.callBlockingMethod(OzoneManagerProtocolProtos.java)
	at org.apache.hadoop.ipc.ProtobufRpcEngine$Server$ProtoBufRpcInvoker.call(ProtobufRpcEngine.java:524)
	at org.apache.hadoop.ipc.RPC$Server.call(RPC.java:1025)
	at org.apache.hadoop.ipc.Server$RpcCall.run(Server.java:876)
	at org.apache.hadoop.ipc.Server$RpcCall.run(Server.java:822)
	at java.security.AccessController.doPrivileged(Native Method)
	at javax.security.auth.Subject.doAs(Subject.java:422)
	at org.apache.hadoop.security.UserGroupInformation.doAs(UserGroupInformation.java:1730)
	at org.apache.hadoop.ipc.Server$Handler.run(Server.java:2682)
2019-10-16 06:06:22,892 [main] INFO  retry.RetryInvocationHandler (RetryInvocationHandler.java:log(411)) - com.google.protobuf.ServiceException: org.apache.hadoop.ipc.RemoteException(java.lang.IllegalMonitorStateException): Releasing lock on resource /7a90f8c9-a4ca-455c-8248-cc196be19827/4bfc7875-4dce-4f0b-bbe6-787d9c442055 without acquiring lock
	at org.apache.hadoop.ozone.lock.LockManager.getLockForReleasing(LockManager.java:220)
	at org.apache.hadoop.ozone.lock.LockManager.release(LockManager.java:168)
	at org.apache.hadoop.ozone.lock.LockManager.writeUnlock(LockManager.java:148)
	at org.apache.hadoop.ozone.om.lock.OzoneManagerLock.unlock(OzoneManagerLock.java:364)
	at org.apache.hadoop.ozone.om.lock.OzoneManagerLock.releaseWriteLock(OzoneManagerLock.java:329)
	at org.apache.hadoop.ozone.om.request.key.OMKeyCommitRequest.validateAndUpdateCache(OMKeyCommitRequest.java:177)
	at org.apache.hadoop.ozone.protocolPB.OzoneManagerProtocolServerSideTranslatorPB.submitRequestDirectlyToOM(OzoneManagerProtocolServerSideTranslatorPB.java:219)
	at org.apache.hadoop.ozone.protocolPB.OzoneManagerProtocolServerSideTranslatorPB.processRequest(OzoneManagerProtocolServerSideTranslatorPB.java:134)
	at org.apache.hadoop.hdds.server.OzoneProtocolMessageDispatcher.processRequest(OzoneProtocolMessageDispatcher.java:72)
	at org.apache.hadoop.ozone.protocolPB.OzoneManagerProtocolServerSideTranslatorPB.submitRequest(OzoneManagerProtocolServerSideTranslatorPB.java:100)
	at org.apache.hadoop.ozone.protocol.proto.OzoneManagerProtocolProtos$OzoneManagerService$2.callBlockingMethod(OzoneManagerProtocolProtos.java)
	at org.apache.hadoop.ipc.ProtobufRpcEngine$Server$ProtoBufRpcInvoker.call(ProtobufRpcEngine.java:524)
	at org.apache.hadoop.ipc.RPC$Server.call(RPC.java:1025)
	at org.apache.hadoop.ipc.Server$RpcCall.run(Server.java:876)
	at org.apache.hadoop.ipc.Server$RpcCall.run(Server.java:822)
	at java.security.AccessController.doPrivileged(Native Method)
	at javax.security.auth.Subject.doAs(Subject.java:422)
	at org.apache.hadoop.security.UserGroupInformation.doAs(UserGroupInformation.java:1730)
	at org.apache.hadoop.ipc.Server$Handler.run(Server.java:2682)
, while invoking $Proxy37.submitRequest over nodeId=null,nodeAddress=localhost:42894 after 8 failover attempts. Trying to failover immediately.
2019-10-16 06:06:22,893 [IPC Server handler 1 on 42894] ERROR lock.LockManager (LockManager.java:getLockForReleasing(218)) - Trying to release the lock on /7a90f8c9-a4ca-455c-8248-cc196be19827/4bfc7875-4dce-4f0b-bbe6-787d9c442055, which was never acquired.
2019-10-16 06:06:22,893 [IPC Server handler 1 on 42894] WARN  ipc.Server (Server.java:logException(2724)) - IPC Server handler 1 on 42894, call Call#3746 Retry#9 org.apache.hadoop.ozone.om.protocol.OzoneManagerProtocol.submitRequest from 127.0.0.1:60690
java.lang.IllegalMonitorStateException: Releasing lock on resource /7a90f8c9-a4ca-455c-8248-cc196be19827/4bfc7875-4dce-4f0b-bbe6-787d9c442055 without acquiring lock
	at org.apache.hadoop.ozone.lock.LockManager.getLockForReleasing(LockManager.java:220)
	at org.apache.hadoop.ozone.lock.LockManager.release(LockManager.java:168)
	at org.apache.hadoop.ozone.lock.LockManager.writeUnlock(LockManager.java:148)
	at org.apache.hadoop.ozone.om.lock.OzoneManagerLock.unlock(OzoneManagerLock.java:364)
	at org.apache.hadoop.ozone.om.lock.OzoneManagerLock.releaseWriteLock(OzoneManagerLock.java:329)
	at org.apache.hadoop.ozone.om.request.key.OMKeyCommitRequest.validateAndUpdateCache(OMKeyCommitRequest.java:177)
	at org.apache.hadoop.ozone.protocolPB.OzoneManagerProtocolServerSideTranslatorPB.submitRequestDirectlyToOM(OzoneManagerProtocolServerSideTranslatorPB.java:219)
	at org.apache.hadoop.ozone.protocolPB.OzoneManagerProtocolServerSideTranslatorPB.processRequest(OzoneManagerProtocolServerSideTranslatorPB.java:134)
	at org.apache.hadoop.hdds.server.OzoneProtocolMessageDispatcher.processRequest(OzoneProtocolMessageDispatcher.java:72)
	at org.apache.hadoop.ozone.protocolPB.OzoneManagerProtocolServerSideTranslatorPB.submitRequest(OzoneManagerProtocolServerSideTranslatorPB.java:100)
	at org.apache.hadoop.ozone.protocol.proto.OzoneManagerProtocolProtos$OzoneManagerService$2.callBlockingMethod(OzoneManagerProtocolProtos.java)
	at org.apache.hadoop.ipc.ProtobufRpcEngine$Server$ProtoBufRpcInvoker.call(ProtobufRpcEngine.java:524)
	at org.apache.hadoop.ipc.RPC$Server.call(RPC.java:1025)
	at org.apache.hadoop.ipc.Server$RpcCall.run(Server.java:876)
	at org.apache.hadoop.ipc.Server$RpcCall.run(Server.java:822)
	at java.security.AccessController.doPrivileged(Native Method)
	at javax.security.auth.Subject.doAs(Subject.java:422)
	at org.apache.hadoop.security.UserGroupInformation.doAs(UserGroupInformation.java:1730)
	at org.apache.hadoop.ipc.Server$Handler.run(Server.java:2682)
2019-10-16 06:06:22,893 [main] INFO  retry.RetryInvocationHandler (RetryInvocationHandler.java:log(411)) - com.google.protobuf.ServiceException: org.apache.hadoop.ipc.RemoteException(java.lang.IllegalMonitorStateException): Releasing lock on resource /7a90f8c9-a4ca-455c-8248-cc196be19827/4bfc7875-4dce-4f0b-bbe6-787d9c442055 without acquiring lock
	at org.apache.hadoop.ozone.lock.LockManager.getLockForReleasing(LockManager.java:220)
	at org.apache.hadoop.ozone.lock.LockManager.release(LockManager.java:168)
	at org.apache.hadoop.ozone.lock.LockManager.writeUnlock(LockManager.java:148)
	at org.apache.hadoop.ozone.om.lock.OzoneManagerLock.unlock(OzoneManagerLock.java:364)
	at org.apache.hadoop.ozone.om.lock.OzoneManagerLock.releaseWriteLock(OzoneManagerLock.java:329)
	at org.apache.hadoop.ozone.om.request.key.OMKeyCommitRequest.validateAndUpdateCache(OMKeyCommitRequest.java:177)
	at org.apache.hadoop.ozone.protocolPB.OzoneManagerProtocolServerSideTranslatorPB.submitRequestDirectlyToOM(OzoneManagerProtocolServerSideTranslatorPB.java:219)
	at org.apache.hadoop.ozone.protocolPB.OzoneManagerProtocolServerSideTranslatorPB.processRequest(OzoneManagerProtocolServerSideTranslatorPB.java:134)
	at org.apache.hadoop.hdds.server.OzoneProtocolMessageDispatcher.processRequest(OzoneProtocolMessageDispatcher.java:72)
	at org.apache.hadoop.ozone.protocolPB.OzoneManagerProtocolServerSideTranslatorPB.submitRequest(OzoneManagerProtocolServerSideTranslatorPB.java:100)
	at org.apache.hadoop.ozone.protocol.proto.OzoneManagerProtocolProtos$OzoneManagerService$2.callBlockingMethod(OzoneManagerProtocolProtos.java)
	at org.apache.hadoop.ipc.ProtobufRpcEngine$Server$ProtoBufRpcInvoker.call(ProtobufRpcEngine.java:524)
	at org.apache.hadoop.ipc.RPC$Server.call(RPC.java:1025)
	at org.apache.hadoop.ipc.Server$RpcCall.run(Server.java:876)
	at org.apache.hadoop.ipc.Server$RpcCall.run(Server.java:822)
	at java.security.AccessController.doPrivileged(Native Method)
	at javax.security.auth.Subject.doAs(Subject.java:422)
	at org.apache.hadoop.security.UserGroupInformation.doAs(UserGroupInformation.java:1730)
	at org.apache.hadoop.ipc.Server$Handler.run(Server.java:2682)
, while invoking $Proxy37.submitRequest over nodeId=null,nodeAddress=localhost:42894 after 9 failover attempts. Trying to failover immediately.
2019-10-16 06:06:22,894 [IPC Server handler 17 on 42894] ERROR lock.LockManager (LockManager.java:getLockForReleasing(218)) - Trying to release the lock on /7a90f8c9-a4ca-455c-8248-cc196be19827/4bfc7875-4dce-4f0b-bbe6-787d9c442055, which was never acquired.
2019-10-16 06:06:22,895 [IPC Server handler 17 on 42894] WARN  ipc.Server (Server.java:logException(2724)) - IPC Server handler 17 on 42894, call Call#3746 Retry#10 org.apache.hadoop.ozone.om.protocol.OzoneManagerProtocol.submitRequest from 127.0.0.1:60690
java.lang.IllegalMonitorStateException: Releasing lock on resource /7a90f8c9-a4ca-455c-8248-cc196be19827/4bfc7875-4dce-4f0b-bbe6-787d9c442055 without acquiring lock
	at org.apache.hadoop.ozone.lock.LockManager.getLockForReleasing(LockManager.java:220)
	at org.apache.hadoop.ozone.lock.LockManager.release(LockManager.java:168)
	at org.apache.hadoop.ozone.lock.LockManager.writeUnlock(LockManager.java:148)
	at org.apache.hadoop.ozone.om.lock.OzoneManagerLock.unlock(OzoneManagerLock.java:364)
	at org.apache.hadoop.ozone.om.lock.OzoneManagerLock.releaseWriteLock(OzoneManagerLock.java:329)
	at org.apache.hadoop.ozone.om.request.key.OMKeyCommitRequest.validateAndUpdateCache(OMKeyCommitRequest.java:177)
	at org.apache.hadoop.ozone.protocolPB.OzoneManagerProtocolServerSideTranslatorPB.submitRequestDirectlyToOM(OzoneManagerProtocolServerSideTranslatorPB.java:219)
	at org.apache.hadoop.ozone.protocolPB.OzoneManagerProtocolServerSideTranslatorPB.processRequest(OzoneManagerProtocolServerSideTranslatorPB.java:134)
	at org.apache.hadoop.hdds.server.OzoneProtocolMessageDispatcher.processRequest(OzoneProtocolMessageDispatcher.java:72)
	at org.apache.hadoop.ozone.protocolPB.OzoneManagerProtocolServerSideTranslatorPB.submitRequest(OzoneManagerProtocolServerSideTranslatorPB.java:100)
	at org.apache.hadoop.ozone.protocol.proto.OzoneManagerProtocolProtos$OzoneManagerService$2.callBlockingMethod(OzoneManagerProtocolProtos.java)
	at org.apache.hadoop.ipc.ProtobufRpcEngine$Server$ProtoBufRpcInvoker.call(ProtobufRpcEngine.java:524)
	at org.apache.hadoop.ipc.RPC$Server.call(RPC.java:1025)
	at org.apache.hadoop.ipc.Server$RpcCall.run(Server.java:876)
	at org.apache.hadoop.ipc.Server$RpcCall.run(Server.java:822)
	at java.security.AccessController.doPrivileged(Native Method)
	at javax.security.auth.Subject.doAs(Subject.java:422)
	at org.apache.hadoop.security.UserGroupInformation.doAs(UserGroupInformation.java:1730)
	at org.apache.hadoop.ipc.Server$Handler.run(Server.java:2682)
2019-10-16 06:06:22,895 [main] ERROR ha.OMFailoverProxyProvider (OzoneManagerProtocolClientSideTranslatorPB.java:getRetryAction(268)) - Failed to connect to OM. Attempted 10 retries and 10 failovers
]]></system-out>
  </testcase>
  <testcase name="testMultipartUploadWithPartsMisMatchWithListSizeDifferent" classname="org.apache.hadoop.ozone.client.rpc.TestSecureOzoneRpcClient" time="0.008"/>
  <testcase name="testNoSuchUploadError" classname="org.apache.hadoop.ozone.client.rpc.TestSecureOzoneRpcClient" time="0.006"/>
  <testcase name="testPutKeyRatisThreeNodes" classname="org.apache.hadoop.ozone.client.rpc.TestSecureOzoneRpcClient" time="0.06">
    <error message="Releasing lock on resource /2037f4e9-2122-43f1-9ade-7e6d8e162879/3116fefe-8f03-4215-91b2-462b7da64445 without acquiring lock&#10;	at org.apache.hadoop.ozone.lock.LockManager.getLockForReleasing(LockManager.java:220)&#10;	at org.apache.hadoop.ozone.lock.LockManager.release(LockManager.java:168)&#10;	at org.apache.hadoop.ozone.lock.LockManager.writeUnlock(LockManager.java:148)&#10;	at org.apache.hadoop.ozone.om.lock.OzoneManagerLock.unlock(OzoneManagerLock.java:364)&#10;	at org.apache.hadoop.ozone.om.lock.OzoneManagerLock.releaseWriteLock(OzoneManagerLock.java:329)&#10;	at org.apache.hadoop.ozone.om.request.key.OMKeyCommitRequest.validateAndUpdateCache(OMKeyCommitRequest.java:177)&#10;	at org.apache.hadoop.ozone.protocolPB.OzoneManagerProtocolServerSideTranslatorPB.submitRequestDirectlyToOM(OzoneManagerProtocolServerSideTranslatorPB.java:219)&#10;	at org.apache.hadoop.ozone.protocolPB.OzoneManagerProtocolServerSideTranslatorPB.processRequest(OzoneManagerProtocolServerSideTranslatorPB.java:134)&#10;	at org.apache.hadoop.hdds.server.OzoneProtocolMessageDispatcher.processRequest(OzoneProtocolMessageDispatcher.java:72)&#10;	at org.apache.hadoop.ozone.protocolPB.OzoneManagerProtocolServerSideTranslatorPB.submitRequest(OzoneManagerProtocolServerSideTranslatorPB.java:100)&#10;	at org.apache.hadoop.ozone.protocol.proto.OzoneManagerProtocolProtos$OzoneManagerService$2.callBlockingMethod(OzoneManagerProtocolProtos.java)&#10;	at org.apache.hadoop.ipc.ProtobufRpcEngine$Server$ProtoBufRpcInvoker.call(ProtobufRpcEngine.java:524)&#10;	at org.apache.hadoop.ipc.RPC$Server.call(RPC.java:1025)&#10;	at org.apache.hadoop.ipc.Server$RpcCall.run(Server.java:876)&#10;	at org.apache.hadoop.ipc.Server$RpcCall.run(Server.java:822)&#10;	at java.security.AccessController.doPrivileged(Native Method)&#10;	at javax.security.auth.Subject.doAs(Subject.java:422)&#10;	at org.apache.hadoop.security.UserGroupInformation.doAs(UserGroupInformation.java:1730)&#10;	at org.apache.hadoop.ipc.Server$Handler.run(Server.java:2682)&#10;" type="org.apache.hadoop.ipc.RemoteException(java.lang.IllegalMonitorStateException)">org.apache.hadoop.ipc.RemoteException(java.lang.IllegalMonitorStateException): Releasing lock on resource /2037f4e9-2122-43f1-9ade-7e6d8e162879/3116fefe-8f03-4215-91b2-462b7da64445 without acquiring lock
	at org.apache.hadoop.ozone.lock.LockManager.getLockForReleasing(LockManager.java:220)
	at org.apache.hadoop.ozone.lock.LockManager.release(LockManager.java:168)
	at org.apache.hadoop.ozone.lock.LockManager.writeUnlock(LockManager.java:148)
	at org.apache.hadoop.ozone.om.lock.OzoneManagerLock.unlock(OzoneManagerLock.java:364)
	at org.apache.hadoop.ozone.om.lock.OzoneManagerLock.releaseWriteLock(OzoneManagerLock.java:329)
	at org.apache.hadoop.ozone.om.request.key.OMKeyCommitRequest.validateAndUpdateCache(OMKeyCommitRequest.java:177)
	at org.apache.hadoop.ozone.protocolPB.OzoneManagerProtocolServerSideTranslatorPB.submitRequestDirectlyToOM(OzoneManagerProtocolServerSideTranslatorPB.java:219)
	at org.apache.hadoop.ozone.protocolPB.OzoneManagerProtocolServerSideTranslatorPB.processRequest(OzoneManagerProtocolServerSideTranslatorPB.java:134)
	at org.apache.hadoop.hdds.server.OzoneProtocolMessageDispatcher.processRequest(OzoneProtocolMessageDispatcher.java:72)
	at org.apache.hadoop.ozone.protocolPB.OzoneManagerProtocolServerSideTranslatorPB.submitRequest(OzoneManagerProtocolServerSideTranslatorPB.java:100)
	at org.apache.hadoop.ozone.protocol.proto.OzoneManagerProtocolProtos$OzoneManagerService$2.callBlockingMethod(OzoneManagerProtocolProtos.java)
	at org.apache.hadoop.ipc.ProtobufRpcEngine$Server$ProtoBufRpcInvoker.call(ProtobufRpcEngine.java:524)
	at org.apache.hadoop.ipc.RPC$Server.call(RPC.java:1025)
	at org.apache.hadoop.ipc.Server$RpcCall.run(Server.java:876)
	at org.apache.hadoop.ipc.Server$RpcCall.run(Server.java:822)
	at java.security.AccessController.doPrivileged(Native Method)
	at javax.security.auth.Subject.doAs(Subject.java:422)
	at org.apache.hadoop.security.UserGroupInformation.doAs(UserGroupInformation.java:1730)
	at org.apache.hadoop.ipc.Server$Handler.run(Server.java:2682)

	at org.apache.hadoop.ipc.Client.getRpcResponse(Client.java:1511)
	at org.apache.hadoop.ipc.Client.call(Client.java:1457)
	at org.apache.hadoop.ipc.Client.call(Client.java:1367)
	at org.apache.hadoop.ipc.ProtobufRpcEngine$Invoker.invoke(ProtobufRpcEngine.java:228)
	at org.apache.hadoop.ipc.ProtobufRpcEngine$Invoker.invoke(ProtobufRpcEngine.java:116)
	at com.sun.proxy.$Proxy37.submitRequest(Unknown Source)
	at sun.reflect.GeneratedMethodAccessor72.invoke(Unknown Source)
	at sun.reflect.DelegatingMethodAccessorImpl.invoke(DelegatingMethodAccessorImpl.java:43)
	at java.lang.reflect.Method.invoke(Method.java:498)
	at org.apache.hadoop.io.retry.RetryInvocationHandler.invokeMethod(RetryInvocationHandler.java:422)
	at org.apache.hadoop.io.retry.RetryInvocationHandler$Call.invokeMethod(RetryInvocationHandler.java:165)
	at org.apache.hadoop.io.retry.RetryInvocationHandler$Call.invoke(RetryInvocationHandler.java:157)
	at org.apache.hadoop.io.retry.RetryInvocationHandler$Call.invokeOnce(RetryInvocationHandler.java:95)
	at org.apache.hadoop.io.retry.RetryInvocationHandler.invoke(RetryInvocationHandler.java:359)
	at com.sun.proxy.$Proxy37.submitRequest(Unknown Source)
	at org.apache.hadoop.ozone.om.protocolPB.OzoneManagerProtocolClientSideTranslatorPB.submitRequest(OzoneManagerProtocolClientSideTranslatorPB.java:338)
	at org.apache.hadoop.ozone.om.protocolPB.OzoneManagerProtocolClientSideTranslatorPB.commitKey(OzoneManagerProtocolClientSideTranslatorPB.java:789)
	at sun.reflect.NativeMethodAccessorImpl.invoke0(Native Method)
	at sun.reflect.NativeMethodAccessorImpl.invoke(NativeMethodAccessorImpl.java:62)
	at sun.reflect.DelegatingMethodAccessorImpl.invoke(DelegatingMethodAccessorImpl.java:43)
	at java.lang.reflect.Method.invoke(Method.java:498)
	at org.apache.hadoop.hdds.tracing.TraceAllMethod.invoke(TraceAllMethod.java:66)
	at com.sun.proxy.$Proxy38.commitKey(Unknown Source)
	at org.apache.hadoop.ozone.client.io.BlockOutputStreamEntryPool.commitKey(BlockOutputStreamEntryPool.java:277)
	at org.apache.hadoop.ozone.client.io.KeyOutputStream.close(KeyOutputStream.java:474)
	at org.apache.hadoop.ozone.client.io.OzoneOutputStream.close(OzoneOutputStream.java:60)
	at org.apache.hadoop.ozone.client.rpc.TestOzoneRpcClientAbstract.testPutKeyRatisThreeNodes(TestOzoneRpcClientAbstract.java:804)
	at sun.reflect.NativeMethodAccessorImpl.invoke0(Native Method)
	at sun.reflect.NativeMethodAccessorImpl.invoke(NativeMethodAccessorImpl.java:62)
	at sun.reflect.DelegatingMethodAccessorImpl.invoke(DelegatingMethodAccessorImpl.java:43)
	at java.lang.reflect.Method.invoke(Method.java:498)
	at org.junit.runners.model.FrameworkMethod$1.runReflectiveCall(FrameworkMethod.java:47)
	at org.junit.internal.runners.model.ReflectiveCallable.run(ReflectiveCallable.java:12)
	at org.junit.runners.model.FrameworkMethod.invokeExplosively(FrameworkMethod.java:44)
	at org.junit.internal.runners.statements.InvokeMethod.evaluate(InvokeMethod.java:17)
	at org.junit.runners.ParentRunner.runLeaf(ParentRunner.java:271)
	at org.junit.runners.BlockJUnit4ClassRunner.runChild(BlockJUnit4ClassRunner.java:70)
	at org.junit.runners.BlockJUnit4ClassRunner.runChild(BlockJUnit4ClassRunner.java:50)
	at org.junit.runners.ParentRunner$3.run(ParentRunner.java:238)
	at org.junit.runners.ParentRunner$1.schedule(ParentRunner.java:63)
	at org.junit.runners.ParentRunner.runChildren(ParentRunner.java:236)
	at org.junit.runners.ParentRunner.access$000(ParentRunner.java:53)
	at org.junit.runners.ParentRunner$2.evaluate(ParentRunner.java:229)
	at org.junit.internal.runners.statements.RunBefores.evaluate(RunBefores.java:26)
	at org.junit.internal.runners.statements.RunAfters.evaluate(RunAfters.java:27)
	at org.junit.runners.ParentRunner.run(ParentRunner.java:309)
	at org.apache.maven.surefire.junit4.JUnit4Provider.execute(JUnit4Provider.java:365)
	at org.apache.maven.surefire.junit4.JUnit4Provider.executeWithRerun(JUnit4Provider.java:273)
	at org.apache.maven.surefire.junit4.JUnit4Provider.executeTestSet(JUnit4Provider.java:238)
	at org.apache.maven.surefire.junit4.JUnit4Provider.invoke(JUnit4Provider.java:159)
	at org.apache.maven.surefire.booter.ForkedBooter.invokeProviderInSameClassLoader(ForkedBooter.java:384)
	at org.apache.maven.surefire.booter.ForkedBooter.runSuitesInProcess(ForkedBooter.java:345)
	at org.apache.maven.surefire.booter.ForkedBooter.execute(ForkedBooter.java:126)
	at org.apache.maven.surefire.booter.ForkedBooter.main(ForkedBooter.java:418)
</error>
    <system-out><![CDATA[2019-10-16 06:06:22,911 [main] INFO  rpc.RpcClient (RpcClient.java:createVolume(272)) - Creating Volume: 2037f4e9-2122-43f1-9ade-7e6d8e162879, with jenkins1000 as owner.
2019-10-16 06:06:22,911 [IPC Server handler 2 on 42894] INFO  volume.OMVolumeCreateRequest (OMVolumeCreateRequest.java:validateAndUpdateCache(193)) - created volume:2037f4e9-2122-43f1-9ade-7e6d8e162879 for user:jenkins1000
2019-10-16 06:06:22,913 [main] INFO  rpc.RpcClient (RpcClient.java:createBucket(411)) - Creating Bucket: 2037f4e9-2122-43f1-9ade-7e6d8e162879/3116fefe-8f03-4215-91b2-462b7da64445, with Versioning false and Storage Type set to DISK and Encryption set to false 
2019-10-16 06:06:22,953 [IPC Server handler 13 on 42894] ERROR lock.LockManager (LockManager.java:getLockForReleasing(218)) - Trying to release the lock on /2037f4e9-2122-43f1-9ade-7e6d8e162879/3116fefe-8f03-4215-91b2-462b7da64445, which was never acquired.
2019-10-16 06:06:22,953 [IPC Server handler 13 on 42894] WARN  ipc.Server (Server.java:logException(2724)) - IPC Server handler 13 on 42894, call Call#3764 Retry#0 org.apache.hadoop.ozone.om.protocol.OzoneManagerProtocol.submitRequest from 127.0.0.1:60690
java.lang.IllegalMonitorStateException: Releasing lock on resource /2037f4e9-2122-43f1-9ade-7e6d8e162879/3116fefe-8f03-4215-91b2-462b7da64445 without acquiring lock
	at org.apache.hadoop.ozone.lock.LockManager.getLockForReleasing(LockManager.java:220)
	at org.apache.hadoop.ozone.lock.LockManager.release(LockManager.java:168)
	at org.apache.hadoop.ozone.lock.LockManager.writeUnlock(LockManager.java:148)
	at org.apache.hadoop.ozone.om.lock.OzoneManagerLock.unlock(OzoneManagerLock.java:364)
	at org.apache.hadoop.ozone.om.lock.OzoneManagerLock.releaseWriteLock(OzoneManagerLock.java:329)
	at org.apache.hadoop.ozone.om.request.key.OMKeyCommitRequest.validateAndUpdateCache(OMKeyCommitRequest.java:177)
	at org.apache.hadoop.ozone.protocolPB.OzoneManagerProtocolServerSideTranslatorPB.submitRequestDirectlyToOM(OzoneManagerProtocolServerSideTranslatorPB.java:219)
	at org.apache.hadoop.ozone.protocolPB.OzoneManagerProtocolServerSideTranslatorPB.processRequest(OzoneManagerProtocolServerSideTranslatorPB.java:134)
	at org.apache.hadoop.hdds.server.OzoneProtocolMessageDispatcher.processRequest(OzoneProtocolMessageDispatcher.java:72)
	at org.apache.hadoop.ozone.protocolPB.OzoneManagerProtocolServerSideTranslatorPB.submitRequest(OzoneManagerProtocolServerSideTranslatorPB.java:100)
	at org.apache.hadoop.ozone.protocol.proto.OzoneManagerProtocolProtos$OzoneManagerService$2.callBlockingMethod(OzoneManagerProtocolProtos.java)
	at org.apache.hadoop.ipc.ProtobufRpcEngine$Server$ProtoBufRpcInvoker.call(ProtobufRpcEngine.java:524)
	at org.apache.hadoop.ipc.RPC$Server.call(RPC.java:1025)
	at org.apache.hadoop.ipc.Server$RpcCall.run(Server.java:876)
	at org.apache.hadoop.ipc.Server$RpcCall.run(Server.java:822)
	at java.security.AccessController.doPrivileged(Native Method)
	at javax.security.auth.Subject.doAs(Subject.java:422)
	at org.apache.hadoop.security.UserGroupInformation.doAs(UserGroupInformation.java:1730)
	at org.apache.hadoop.ipc.Server$Handler.run(Server.java:2682)
2019-10-16 06:06:22,954 [main] INFO  retry.RetryInvocationHandler (RetryInvocationHandler.java:log(411)) - com.google.protobuf.ServiceException: org.apache.hadoop.ipc.RemoteException(java.lang.IllegalMonitorStateException): Releasing lock on resource /2037f4e9-2122-43f1-9ade-7e6d8e162879/3116fefe-8f03-4215-91b2-462b7da64445 without acquiring lock
	at org.apache.hadoop.ozone.lock.LockManager.getLockForReleasing(LockManager.java:220)
	at org.apache.hadoop.ozone.lock.LockManager.release(LockManager.java:168)
	at org.apache.hadoop.ozone.lock.LockManager.writeUnlock(LockManager.java:148)
	at org.apache.hadoop.ozone.om.lock.OzoneManagerLock.unlock(OzoneManagerLock.java:364)
	at org.apache.hadoop.ozone.om.lock.OzoneManagerLock.releaseWriteLock(OzoneManagerLock.java:329)
	at org.apache.hadoop.ozone.om.request.key.OMKeyCommitRequest.validateAndUpdateCache(OMKeyCommitRequest.java:177)
	at org.apache.hadoop.ozone.protocolPB.OzoneManagerProtocolServerSideTranslatorPB.submitRequestDirectlyToOM(OzoneManagerProtocolServerSideTranslatorPB.java:219)
	at org.apache.hadoop.ozone.protocolPB.OzoneManagerProtocolServerSideTranslatorPB.processRequest(OzoneManagerProtocolServerSideTranslatorPB.java:134)
	at org.apache.hadoop.hdds.server.OzoneProtocolMessageDispatcher.processRequest(OzoneProtocolMessageDispatcher.java:72)
	at org.apache.hadoop.ozone.protocolPB.OzoneManagerProtocolServerSideTranslatorPB.submitRequest(OzoneManagerProtocolServerSideTranslatorPB.java:100)
	at org.apache.hadoop.ozone.protocol.proto.OzoneManagerProtocolProtos$OzoneManagerService$2.callBlockingMethod(OzoneManagerProtocolProtos.java)
	at org.apache.hadoop.ipc.ProtobufRpcEngine$Server$ProtoBufRpcInvoker.call(ProtobufRpcEngine.java:524)
	at org.apache.hadoop.ipc.RPC$Server.call(RPC.java:1025)
	at org.apache.hadoop.ipc.Server$RpcCall.run(Server.java:876)
	at org.apache.hadoop.ipc.Server$RpcCall.run(Server.java:822)
	at java.security.AccessController.doPrivileged(Native Method)
	at javax.security.auth.Subject.doAs(Subject.java:422)
	at org.apache.hadoop.security.UserGroupInformation.doAs(UserGroupInformation.java:1730)
	at org.apache.hadoop.ipc.Server$Handler.run(Server.java:2682)
, while invoking $Proxy37.submitRequest over nodeId=null,nodeAddress=localhost:42894. Trying to failover immediately.
2019-10-16 06:06:22,955 [IPC Server handler 19 on 42894] ERROR lock.LockManager (LockManager.java:getLockForReleasing(218)) - Trying to release the lock on /2037f4e9-2122-43f1-9ade-7e6d8e162879/3116fefe-8f03-4215-91b2-462b7da64445, which was never acquired.
2019-10-16 06:06:22,955 [IPC Server handler 19 on 42894] WARN  ipc.Server (Server.java:logException(2724)) - IPC Server handler 19 on 42894, call Call#3764 Retry#1 org.apache.hadoop.ozone.om.protocol.OzoneManagerProtocol.submitRequest from 127.0.0.1:60690
java.lang.IllegalMonitorStateException: Releasing lock on resource /2037f4e9-2122-43f1-9ade-7e6d8e162879/3116fefe-8f03-4215-91b2-462b7da64445 without acquiring lock
	at org.apache.hadoop.ozone.lock.LockManager.getLockForReleasing(LockManager.java:220)
	at org.apache.hadoop.ozone.lock.LockManager.release(LockManager.java:168)
	at org.apache.hadoop.ozone.lock.LockManager.writeUnlock(LockManager.java:148)
	at org.apache.hadoop.ozone.om.lock.OzoneManagerLock.unlock(OzoneManagerLock.java:364)
	at org.apache.hadoop.ozone.om.lock.OzoneManagerLock.releaseWriteLock(OzoneManagerLock.java:329)
	at org.apache.hadoop.ozone.om.request.key.OMKeyCommitRequest.validateAndUpdateCache(OMKeyCommitRequest.java:177)
	at org.apache.hadoop.ozone.protocolPB.OzoneManagerProtocolServerSideTranslatorPB.submitRequestDirectlyToOM(OzoneManagerProtocolServerSideTranslatorPB.java:219)
	at org.apache.hadoop.ozone.protocolPB.OzoneManagerProtocolServerSideTranslatorPB.processRequest(OzoneManagerProtocolServerSideTranslatorPB.java:134)
	at org.apache.hadoop.hdds.server.OzoneProtocolMessageDispatcher.processRequest(OzoneProtocolMessageDispatcher.java:72)
	at org.apache.hadoop.ozone.protocolPB.OzoneManagerProtocolServerSideTranslatorPB.submitRequest(OzoneManagerProtocolServerSideTranslatorPB.java:100)
	at org.apache.hadoop.ozone.protocol.proto.OzoneManagerProtocolProtos$OzoneManagerService$2.callBlockingMethod(OzoneManagerProtocolProtos.java)
	at org.apache.hadoop.ipc.ProtobufRpcEngine$Server$ProtoBufRpcInvoker.call(ProtobufRpcEngine.java:524)
	at org.apache.hadoop.ipc.RPC$Server.call(RPC.java:1025)
	at org.apache.hadoop.ipc.Server$RpcCall.run(Server.java:876)
	at org.apache.hadoop.ipc.Server$RpcCall.run(Server.java:822)
	at java.security.AccessController.doPrivileged(Native Method)
	at javax.security.auth.Subject.doAs(Subject.java:422)
	at org.apache.hadoop.security.UserGroupInformation.doAs(UserGroupInformation.java:1730)
	at org.apache.hadoop.ipc.Server$Handler.run(Server.java:2682)
2019-10-16 06:06:22,956 [main] INFO  retry.RetryInvocationHandler (RetryInvocationHandler.java:log(411)) - com.google.protobuf.ServiceException: org.apache.hadoop.ipc.RemoteException(java.lang.IllegalMonitorStateException): Releasing lock on resource /2037f4e9-2122-43f1-9ade-7e6d8e162879/3116fefe-8f03-4215-91b2-462b7da64445 without acquiring lock
	at org.apache.hadoop.ozone.lock.LockManager.getLockForReleasing(LockManager.java:220)
	at org.apache.hadoop.ozone.lock.LockManager.release(LockManager.java:168)
	at org.apache.hadoop.ozone.lock.LockManager.writeUnlock(LockManager.java:148)
	at org.apache.hadoop.ozone.om.lock.OzoneManagerLock.unlock(OzoneManagerLock.java:364)
	at org.apache.hadoop.ozone.om.lock.OzoneManagerLock.releaseWriteLock(OzoneManagerLock.java:329)
	at org.apache.hadoop.ozone.om.request.key.OMKeyCommitRequest.validateAndUpdateCache(OMKeyCommitRequest.java:177)
	at org.apache.hadoop.ozone.protocolPB.OzoneManagerProtocolServerSideTranslatorPB.submitRequestDirectlyToOM(OzoneManagerProtocolServerSideTranslatorPB.java:219)
	at org.apache.hadoop.ozone.protocolPB.OzoneManagerProtocolServerSideTranslatorPB.processRequest(OzoneManagerProtocolServerSideTranslatorPB.java:134)
	at org.apache.hadoop.hdds.server.OzoneProtocolMessageDispatcher.processRequest(OzoneProtocolMessageDispatcher.java:72)
	at org.apache.hadoop.ozone.protocolPB.OzoneManagerProtocolServerSideTranslatorPB.submitRequest(OzoneManagerProtocolServerSideTranslatorPB.java:100)
	at org.apache.hadoop.ozone.protocol.proto.OzoneManagerProtocolProtos$OzoneManagerService$2.callBlockingMethod(OzoneManagerProtocolProtos.java)
	at org.apache.hadoop.ipc.ProtobufRpcEngine$Server$ProtoBufRpcInvoker.call(ProtobufRpcEngine.java:524)
	at org.apache.hadoop.ipc.RPC$Server.call(RPC.java:1025)
	at org.apache.hadoop.ipc.Server$RpcCall.run(Server.java:876)
	at org.apache.hadoop.ipc.Server$RpcCall.run(Server.java:822)
	at java.security.AccessController.doPrivileged(Native Method)
	at javax.security.auth.Subject.doAs(Subject.java:422)
	at org.apache.hadoop.security.UserGroupInformation.doAs(UserGroupInformation.java:1730)
	at org.apache.hadoop.ipc.Server$Handler.run(Server.java:2682)
, while invoking $Proxy37.submitRequest over nodeId=null,nodeAddress=localhost:42894 after 1 failover attempts. Trying to failover immediately.
2019-10-16 06:06:22,957 [IPC Server handler 1 on 42894] ERROR lock.LockManager (LockManager.java:getLockForReleasing(218)) - Trying to release the lock on /2037f4e9-2122-43f1-9ade-7e6d8e162879/3116fefe-8f03-4215-91b2-462b7da64445, which was never acquired.
2019-10-16 06:06:22,957 [IPC Server handler 1 on 42894] WARN  ipc.Server (Server.java:logException(2724)) - IPC Server handler 1 on 42894, call Call#3764 Retry#2 org.apache.hadoop.ozone.om.protocol.OzoneManagerProtocol.submitRequest from 127.0.0.1:60690
java.lang.IllegalMonitorStateException: Releasing lock on resource /2037f4e9-2122-43f1-9ade-7e6d8e162879/3116fefe-8f03-4215-91b2-462b7da64445 without acquiring lock
	at org.apache.hadoop.ozone.lock.LockManager.getLockForReleasing(LockManager.java:220)
	at org.apache.hadoop.ozone.lock.LockManager.release(LockManager.java:168)
	at org.apache.hadoop.ozone.lock.LockManager.writeUnlock(LockManager.java:148)
	at org.apache.hadoop.ozone.om.lock.OzoneManagerLock.unlock(OzoneManagerLock.java:364)
	at org.apache.hadoop.ozone.om.lock.OzoneManagerLock.releaseWriteLock(OzoneManagerLock.java:329)
	at org.apache.hadoop.ozone.om.request.key.OMKeyCommitRequest.validateAndUpdateCache(OMKeyCommitRequest.java:177)
	at org.apache.hadoop.ozone.protocolPB.OzoneManagerProtocolServerSideTranslatorPB.submitRequestDirectlyToOM(OzoneManagerProtocolServerSideTranslatorPB.java:219)
	at org.apache.hadoop.ozone.protocolPB.OzoneManagerProtocolServerSideTranslatorPB.processRequest(OzoneManagerProtocolServerSideTranslatorPB.java:134)
	at org.apache.hadoop.hdds.server.OzoneProtocolMessageDispatcher.processRequest(OzoneProtocolMessageDispatcher.java:72)
	at org.apache.hadoop.ozone.protocolPB.OzoneManagerProtocolServerSideTranslatorPB.submitRequest(OzoneManagerProtocolServerSideTranslatorPB.java:100)
	at org.apache.hadoop.ozone.protocol.proto.OzoneManagerProtocolProtos$OzoneManagerService$2.callBlockingMethod(OzoneManagerProtocolProtos.java)
	at org.apache.hadoop.ipc.ProtobufRpcEngine$Server$ProtoBufRpcInvoker.call(ProtobufRpcEngine.java:524)
	at org.apache.hadoop.ipc.RPC$Server.call(RPC.java:1025)
	at org.apache.hadoop.ipc.Server$RpcCall.run(Server.java:876)
	at org.apache.hadoop.ipc.Server$RpcCall.run(Server.java:822)
	at java.security.AccessController.doPrivileged(Native Method)
	at javax.security.auth.Subject.doAs(Subject.java:422)
	at org.apache.hadoop.security.UserGroupInformation.doAs(UserGroupInformation.java:1730)
	at org.apache.hadoop.ipc.Server$Handler.run(Server.java:2682)
2019-10-16 06:06:22,957 [main] INFO  retry.RetryInvocationHandler (RetryInvocationHandler.java:log(411)) - com.google.protobuf.ServiceException: org.apache.hadoop.ipc.RemoteException(java.lang.IllegalMonitorStateException): Releasing lock on resource /2037f4e9-2122-43f1-9ade-7e6d8e162879/3116fefe-8f03-4215-91b2-462b7da64445 without acquiring lock
	at org.apache.hadoop.ozone.lock.LockManager.getLockForReleasing(LockManager.java:220)
	at org.apache.hadoop.ozone.lock.LockManager.release(LockManager.java:168)
	at org.apache.hadoop.ozone.lock.LockManager.writeUnlock(LockManager.java:148)
	at org.apache.hadoop.ozone.om.lock.OzoneManagerLock.unlock(OzoneManagerLock.java:364)
	at org.apache.hadoop.ozone.om.lock.OzoneManagerLock.releaseWriteLock(OzoneManagerLock.java:329)
	at org.apache.hadoop.ozone.om.request.key.OMKeyCommitRequest.validateAndUpdateCache(OMKeyCommitRequest.java:177)
	at org.apache.hadoop.ozone.protocolPB.OzoneManagerProtocolServerSideTranslatorPB.submitRequestDirectlyToOM(OzoneManagerProtocolServerSideTranslatorPB.java:219)
	at org.apache.hadoop.ozone.protocolPB.OzoneManagerProtocolServerSideTranslatorPB.processRequest(OzoneManagerProtocolServerSideTranslatorPB.java:134)
	at org.apache.hadoop.hdds.server.OzoneProtocolMessageDispatcher.processRequest(OzoneProtocolMessageDispatcher.java:72)
	at org.apache.hadoop.ozone.protocolPB.OzoneManagerProtocolServerSideTranslatorPB.submitRequest(OzoneManagerProtocolServerSideTranslatorPB.java:100)
	at org.apache.hadoop.ozone.protocol.proto.OzoneManagerProtocolProtos$OzoneManagerService$2.callBlockingMethod(OzoneManagerProtocolProtos.java)
	at org.apache.hadoop.ipc.ProtobufRpcEngine$Server$ProtoBufRpcInvoker.call(ProtobufRpcEngine.java:524)
	at org.apache.hadoop.ipc.RPC$Server.call(RPC.java:1025)
	at org.apache.hadoop.ipc.Server$RpcCall.run(Server.java:876)
	at org.apache.hadoop.ipc.Server$RpcCall.run(Server.java:822)
	at java.security.AccessController.doPrivileged(Native Method)
	at javax.security.auth.Subject.doAs(Subject.java:422)
	at org.apache.hadoop.security.UserGroupInformation.doAs(UserGroupInformation.java:1730)
	at org.apache.hadoop.ipc.Server$Handler.run(Server.java:2682)
, while invoking $Proxy37.submitRequest over nodeId=null,nodeAddress=localhost:42894 after 2 failover attempts. Trying to failover immediately.
2019-10-16 06:06:22,958 [IPC Server handler 17 on 42894] ERROR lock.LockManager (LockManager.java:getLockForReleasing(218)) - Trying to release the lock on /2037f4e9-2122-43f1-9ade-7e6d8e162879/3116fefe-8f03-4215-91b2-462b7da64445, which was never acquired.
2019-10-16 06:06:22,958 [IPC Server handler 17 on 42894] WARN  ipc.Server (Server.java:logException(2724)) - IPC Server handler 17 on 42894, call Call#3764 Retry#3 org.apache.hadoop.ozone.om.protocol.OzoneManagerProtocol.submitRequest from 127.0.0.1:60690
java.lang.IllegalMonitorStateException: Releasing lock on resource /2037f4e9-2122-43f1-9ade-7e6d8e162879/3116fefe-8f03-4215-91b2-462b7da64445 without acquiring lock
	at org.apache.hadoop.ozone.lock.LockManager.getLockForReleasing(LockManager.java:220)
	at org.apache.hadoop.ozone.lock.LockManager.release(LockManager.java:168)
	at org.apache.hadoop.ozone.lock.LockManager.writeUnlock(LockManager.java:148)
	at org.apache.hadoop.ozone.om.lock.OzoneManagerLock.unlock(OzoneManagerLock.java:364)
	at org.apache.hadoop.ozone.om.lock.OzoneManagerLock.releaseWriteLock(OzoneManagerLock.java:329)
	at org.apache.hadoop.ozone.om.request.key.OMKeyCommitRequest.validateAndUpdateCache(OMKeyCommitRequest.java:177)
	at org.apache.hadoop.ozone.protocolPB.OzoneManagerProtocolServerSideTranslatorPB.submitRequestDirectlyToOM(OzoneManagerProtocolServerSideTranslatorPB.java:219)
	at org.apache.hadoop.ozone.protocolPB.OzoneManagerProtocolServerSideTranslatorPB.processRequest(OzoneManagerProtocolServerSideTranslatorPB.java:134)
	at org.apache.hadoop.hdds.server.OzoneProtocolMessageDispatcher.processRequest(OzoneProtocolMessageDispatcher.java:72)
	at org.apache.hadoop.ozone.protocolPB.OzoneManagerProtocolServerSideTranslatorPB.submitRequest(OzoneManagerProtocolServerSideTranslatorPB.java:100)
	at org.apache.hadoop.ozone.protocol.proto.OzoneManagerProtocolProtos$OzoneManagerService$2.callBlockingMethod(OzoneManagerProtocolProtos.java)
	at org.apache.hadoop.ipc.ProtobufRpcEngine$Server$ProtoBufRpcInvoker.call(ProtobufRpcEngine.java:524)
	at org.apache.hadoop.ipc.RPC$Server.call(RPC.java:1025)
	at org.apache.hadoop.ipc.Server$RpcCall.run(Server.java:876)
	at org.apache.hadoop.ipc.Server$RpcCall.run(Server.java:822)
	at java.security.AccessController.doPrivileged(Native Method)
	at javax.security.auth.Subject.doAs(Subject.java:422)
	at org.apache.hadoop.security.UserGroupInformation.doAs(UserGroupInformation.java:1730)
	at org.apache.hadoop.ipc.Server$Handler.run(Server.java:2682)
2019-10-16 06:06:22,959 [main] INFO  retry.RetryInvocationHandler (RetryInvocationHandler.java:log(411)) - com.google.protobuf.ServiceException: org.apache.hadoop.ipc.RemoteException(java.lang.IllegalMonitorStateException): Releasing lock on resource /2037f4e9-2122-43f1-9ade-7e6d8e162879/3116fefe-8f03-4215-91b2-462b7da64445 without acquiring lock
	at org.apache.hadoop.ozone.lock.LockManager.getLockForReleasing(LockManager.java:220)
	at org.apache.hadoop.ozone.lock.LockManager.release(LockManager.java:168)
	at org.apache.hadoop.ozone.lock.LockManager.writeUnlock(LockManager.java:148)
	at org.apache.hadoop.ozone.om.lock.OzoneManagerLock.unlock(OzoneManagerLock.java:364)
	at org.apache.hadoop.ozone.om.lock.OzoneManagerLock.releaseWriteLock(OzoneManagerLock.java:329)
	at org.apache.hadoop.ozone.om.request.key.OMKeyCommitRequest.validateAndUpdateCache(OMKeyCommitRequest.java:177)
	at org.apache.hadoop.ozone.protocolPB.OzoneManagerProtocolServerSideTranslatorPB.submitRequestDirectlyToOM(OzoneManagerProtocolServerSideTranslatorPB.java:219)
	at org.apache.hadoop.ozone.protocolPB.OzoneManagerProtocolServerSideTranslatorPB.processRequest(OzoneManagerProtocolServerSideTranslatorPB.java:134)
	at org.apache.hadoop.hdds.server.OzoneProtocolMessageDispatcher.processRequest(OzoneProtocolMessageDispatcher.java:72)
	at org.apache.hadoop.ozone.protocolPB.OzoneManagerProtocolServerSideTranslatorPB.submitRequest(OzoneManagerProtocolServerSideTranslatorPB.java:100)
	at org.apache.hadoop.ozone.protocol.proto.OzoneManagerProtocolProtos$OzoneManagerService$2.callBlockingMethod(OzoneManagerProtocolProtos.java)
	at org.apache.hadoop.ipc.ProtobufRpcEngine$Server$ProtoBufRpcInvoker.call(ProtobufRpcEngine.java:524)
	at org.apache.hadoop.ipc.RPC$Server.call(RPC.java:1025)
	at org.apache.hadoop.ipc.Server$RpcCall.run(Server.java:876)
	at org.apache.hadoop.ipc.Server$RpcCall.run(Server.java:822)
	at java.security.AccessController.doPrivileged(Native Method)
	at javax.security.auth.Subject.doAs(Subject.java:422)
	at org.apache.hadoop.security.UserGroupInformation.doAs(UserGroupInformation.java:1730)
	at org.apache.hadoop.ipc.Server$Handler.run(Server.java:2682)
, while invoking $Proxy37.submitRequest over nodeId=null,nodeAddress=localhost:42894 after 3 failover attempts. Trying to failover immediately.
2019-10-16 06:06:22,960 [IPC Server handler 9 on 42894] ERROR lock.LockManager (LockManager.java:getLockForReleasing(218)) - Trying to release the lock on /2037f4e9-2122-43f1-9ade-7e6d8e162879/3116fefe-8f03-4215-91b2-462b7da64445, which was never acquired.
2019-10-16 06:06:22,960 [IPC Server handler 9 on 42894] WARN  ipc.Server (Server.java:logException(2724)) - IPC Server handler 9 on 42894, call Call#3764 Retry#4 org.apache.hadoop.ozone.om.protocol.OzoneManagerProtocol.submitRequest from 127.0.0.1:60690
java.lang.IllegalMonitorStateException: Releasing lock on resource /2037f4e9-2122-43f1-9ade-7e6d8e162879/3116fefe-8f03-4215-91b2-462b7da64445 without acquiring lock
	at org.apache.hadoop.ozone.lock.LockManager.getLockForReleasing(LockManager.java:220)
	at org.apache.hadoop.ozone.lock.LockManager.release(LockManager.java:168)
	at org.apache.hadoop.ozone.lock.LockManager.writeUnlock(LockManager.java:148)
	at org.apache.hadoop.ozone.om.lock.OzoneManagerLock.unlock(OzoneManagerLock.java:364)
	at org.apache.hadoop.ozone.om.lock.OzoneManagerLock.releaseWriteLock(OzoneManagerLock.java:329)
	at org.apache.hadoop.ozone.om.request.key.OMKeyCommitRequest.validateAndUpdateCache(OMKeyCommitRequest.java:177)
	at org.apache.hadoop.ozone.protocolPB.OzoneManagerProtocolServerSideTranslatorPB.submitRequestDirectlyToOM(OzoneManagerProtocolServerSideTranslatorPB.java:219)
	at org.apache.hadoop.ozone.protocolPB.OzoneManagerProtocolServerSideTranslatorPB.processRequest(OzoneManagerProtocolServerSideTranslatorPB.java:134)
	at org.apache.hadoop.hdds.server.OzoneProtocolMessageDispatcher.processRequest(OzoneProtocolMessageDispatcher.java:72)
	at org.apache.hadoop.ozone.protocolPB.OzoneManagerProtocolServerSideTranslatorPB.submitRequest(OzoneManagerProtocolServerSideTranslatorPB.java:100)
	at org.apache.hadoop.ozone.protocol.proto.OzoneManagerProtocolProtos$OzoneManagerService$2.callBlockingMethod(OzoneManagerProtocolProtos.java)
	at org.apache.hadoop.ipc.ProtobufRpcEngine$Server$ProtoBufRpcInvoker.call(ProtobufRpcEngine.java:524)
	at org.apache.hadoop.ipc.RPC$Server.call(RPC.java:1025)
	at org.apache.hadoop.ipc.Server$RpcCall.run(Server.java:876)
	at org.apache.hadoop.ipc.Server$RpcCall.run(Server.java:822)
	at java.security.AccessController.doPrivileged(Native Method)
	at javax.security.auth.Subject.doAs(Subject.java:422)
	at org.apache.hadoop.security.UserGroupInformation.doAs(UserGroupInformation.java:1730)
	at org.apache.hadoop.ipc.Server$Handler.run(Server.java:2682)
2019-10-16 06:06:22,960 [main] INFO  retry.RetryInvocationHandler (RetryInvocationHandler.java:log(411)) - com.google.protobuf.ServiceException: org.apache.hadoop.ipc.RemoteException(java.lang.IllegalMonitorStateException): Releasing lock on resource /2037f4e9-2122-43f1-9ade-7e6d8e162879/3116fefe-8f03-4215-91b2-462b7da64445 without acquiring lock
	at org.apache.hadoop.ozone.lock.LockManager.getLockForReleasing(LockManager.java:220)
	at org.apache.hadoop.ozone.lock.LockManager.release(LockManager.java:168)
	at org.apache.hadoop.ozone.lock.LockManager.writeUnlock(LockManager.java:148)
	at org.apache.hadoop.ozone.om.lock.OzoneManagerLock.unlock(OzoneManagerLock.java:364)
	at org.apache.hadoop.ozone.om.lock.OzoneManagerLock.releaseWriteLock(OzoneManagerLock.java:329)
	at org.apache.hadoop.ozone.om.request.key.OMKeyCommitRequest.validateAndUpdateCache(OMKeyCommitRequest.java:177)
	at org.apache.hadoop.ozone.protocolPB.OzoneManagerProtocolServerSideTranslatorPB.submitRequestDirectlyToOM(OzoneManagerProtocolServerSideTranslatorPB.java:219)
	at org.apache.hadoop.ozone.protocolPB.OzoneManagerProtocolServerSideTranslatorPB.processRequest(OzoneManagerProtocolServerSideTranslatorPB.java:134)
	at org.apache.hadoop.hdds.server.OzoneProtocolMessageDispatcher.processRequest(OzoneProtocolMessageDispatcher.java:72)
	at org.apache.hadoop.ozone.protocolPB.OzoneManagerProtocolServerSideTranslatorPB.submitRequest(OzoneManagerProtocolServerSideTranslatorPB.java:100)
	at org.apache.hadoop.ozone.protocol.proto.OzoneManagerProtocolProtos$OzoneManagerService$2.callBlockingMethod(OzoneManagerProtocolProtos.java)
	at org.apache.hadoop.ipc.ProtobufRpcEngine$Server$ProtoBufRpcInvoker.call(ProtobufRpcEngine.java:524)
	at org.apache.hadoop.ipc.RPC$Server.call(RPC.java:1025)
	at org.apache.hadoop.ipc.Server$RpcCall.run(Server.java:876)
	at org.apache.hadoop.ipc.Server$RpcCall.run(Server.java:822)
	at java.security.AccessController.doPrivileged(Native Method)
	at javax.security.auth.Subject.doAs(Subject.java:422)
	at org.apache.hadoop.security.UserGroupInformation.doAs(UserGroupInformation.java:1730)
	at org.apache.hadoop.ipc.Server$Handler.run(Server.java:2682)
, while invoking $Proxy37.submitRequest over nodeId=null,nodeAddress=localhost:42894 after 4 failover attempts. Trying to failover immediately.
2019-10-16 06:06:22,961 [IPC Server handler 0 on 42894] ERROR lock.LockManager (LockManager.java:getLockForReleasing(218)) - Trying to release the lock on /2037f4e9-2122-43f1-9ade-7e6d8e162879/3116fefe-8f03-4215-91b2-462b7da64445, which was never acquired.
2019-10-16 06:06:22,961 [IPC Server handler 0 on 42894] WARN  ipc.Server (Server.java:logException(2724)) - IPC Server handler 0 on 42894, call Call#3764 Retry#5 org.apache.hadoop.ozone.om.protocol.OzoneManagerProtocol.submitRequest from 127.0.0.1:60690
java.lang.IllegalMonitorStateException: Releasing lock on resource /2037f4e9-2122-43f1-9ade-7e6d8e162879/3116fefe-8f03-4215-91b2-462b7da64445 without acquiring lock
	at org.apache.hadoop.ozone.lock.LockManager.getLockForReleasing(LockManager.java:220)
	at org.apache.hadoop.ozone.lock.LockManager.release(LockManager.java:168)
	at org.apache.hadoop.ozone.lock.LockManager.writeUnlock(LockManager.java:148)
	at org.apache.hadoop.ozone.om.lock.OzoneManagerLock.unlock(OzoneManagerLock.java:364)
	at org.apache.hadoop.ozone.om.lock.OzoneManagerLock.releaseWriteLock(OzoneManagerLock.java:329)
	at org.apache.hadoop.ozone.om.request.key.OMKeyCommitRequest.validateAndUpdateCache(OMKeyCommitRequest.java:177)
	at org.apache.hadoop.ozone.protocolPB.OzoneManagerProtocolServerSideTranslatorPB.submitRequestDirectlyToOM(OzoneManagerProtocolServerSideTranslatorPB.java:219)
	at org.apache.hadoop.ozone.protocolPB.OzoneManagerProtocolServerSideTranslatorPB.processRequest(OzoneManagerProtocolServerSideTranslatorPB.java:134)
	at org.apache.hadoop.hdds.server.OzoneProtocolMessageDispatcher.processRequest(OzoneProtocolMessageDispatcher.java:72)
	at org.apache.hadoop.ozone.protocolPB.OzoneManagerProtocolServerSideTranslatorPB.submitRequest(OzoneManagerProtocolServerSideTranslatorPB.java:100)
	at org.apache.hadoop.ozone.protocol.proto.OzoneManagerProtocolProtos$OzoneManagerService$2.callBlockingMethod(OzoneManagerProtocolProtos.java)
	at org.apache.hadoop.ipc.ProtobufRpcEngine$Server$ProtoBufRpcInvoker.call(ProtobufRpcEngine.java:524)
	at org.apache.hadoop.ipc.RPC$Server.call(RPC.java:1025)
	at org.apache.hadoop.ipc.Server$RpcCall.run(Server.java:876)
	at org.apache.hadoop.ipc.Server$RpcCall.run(Server.java:822)
	at java.security.AccessController.doPrivileged(Native Method)
	at javax.security.auth.Subject.doAs(Subject.java:422)
	at org.apache.hadoop.security.UserGroupInformation.doAs(UserGroupInformation.java:1730)
	at org.apache.hadoop.ipc.Server$Handler.run(Server.java:2682)
2019-10-16 06:06:22,961 [main] INFO  retry.RetryInvocationHandler (RetryInvocationHandler.java:log(411)) - com.google.protobuf.ServiceException: org.apache.hadoop.ipc.RemoteException(java.lang.IllegalMonitorStateException): Releasing lock on resource /2037f4e9-2122-43f1-9ade-7e6d8e162879/3116fefe-8f03-4215-91b2-462b7da64445 without acquiring lock
	at org.apache.hadoop.ozone.lock.LockManager.getLockForReleasing(LockManager.java:220)
	at org.apache.hadoop.ozone.lock.LockManager.release(LockManager.java:168)
	at org.apache.hadoop.ozone.lock.LockManager.writeUnlock(LockManager.java:148)
	at org.apache.hadoop.ozone.om.lock.OzoneManagerLock.unlock(OzoneManagerLock.java:364)
	at org.apache.hadoop.ozone.om.lock.OzoneManagerLock.releaseWriteLock(OzoneManagerLock.java:329)
	at org.apache.hadoop.ozone.om.request.key.OMKeyCommitRequest.validateAndUpdateCache(OMKeyCommitRequest.java:177)
	at org.apache.hadoop.ozone.protocolPB.OzoneManagerProtocolServerSideTranslatorPB.submitRequestDirectlyToOM(OzoneManagerProtocolServerSideTranslatorPB.java:219)
	at org.apache.hadoop.ozone.protocolPB.OzoneManagerProtocolServerSideTranslatorPB.processRequest(OzoneManagerProtocolServerSideTranslatorPB.java:134)
	at org.apache.hadoop.hdds.server.OzoneProtocolMessageDispatcher.processRequest(OzoneProtocolMessageDispatcher.java:72)
	at org.apache.hadoop.ozone.protocolPB.OzoneManagerProtocolServerSideTranslatorPB.submitRequest(OzoneManagerProtocolServerSideTranslatorPB.java:100)
	at org.apache.hadoop.ozone.protocol.proto.OzoneManagerProtocolProtos$OzoneManagerService$2.callBlockingMethod(OzoneManagerProtocolProtos.java)
	at org.apache.hadoop.ipc.ProtobufRpcEngine$Server$ProtoBufRpcInvoker.call(ProtobufRpcEngine.java:524)
	at org.apache.hadoop.ipc.RPC$Server.call(RPC.java:1025)
	at org.apache.hadoop.ipc.Server$RpcCall.run(Server.java:876)
	at org.apache.hadoop.ipc.Server$RpcCall.run(Server.java:822)
	at java.security.AccessController.doPrivileged(Native Method)
	at javax.security.auth.Subject.doAs(Subject.java:422)
	at org.apache.hadoop.security.UserGroupInformation.doAs(UserGroupInformation.java:1730)
	at org.apache.hadoop.ipc.Server$Handler.run(Server.java:2682)
, while invoking $Proxy37.submitRequest over nodeId=null,nodeAddress=localhost:42894 after 5 failover attempts. Trying to failover immediately.
2019-10-16 06:06:22,962 [IPC Server handler 5 on 42894] ERROR lock.LockManager (LockManager.java:getLockForReleasing(218)) - Trying to release the lock on /2037f4e9-2122-43f1-9ade-7e6d8e162879/3116fefe-8f03-4215-91b2-462b7da64445, which was never acquired.
2019-10-16 06:06:22,962 [IPC Server handler 5 on 42894] WARN  ipc.Server (Server.java:logException(2724)) - IPC Server handler 5 on 42894, call Call#3764 Retry#6 org.apache.hadoop.ozone.om.protocol.OzoneManagerProtocol.submitRequest from 127.0.0.1:60690
java.lang.IllegalMonitorStateException: Releasing lock on resource /2037f4e9-2122-43f1-9ade-7e6d8e162879/3116fefe-8f03-4215-91b2-462b7da64445 without acquiring lock
	at org.apache.hadoop.ozone.lock.LockManager.getLockForReleasing(LockManager.java:220)
	at org.apache.hadoop.ozone.lock.LockManager.release(LockManager.java:168)
	at org.apache.hadoop.ozone.lock.LockManager.writeUnlock(LockManager.java:148)
	at org.apache.hadoop.ozone.om.lock.OzoneManagerLock.unlock(OzoneManagerLock.java:364)
	at org.apache.hadoop.ozone.om.lock.OzoneManagerLock.releaseWriteLock(OzoneManagerLock.java:329)
	at org.apache.hadoop.ozone.om.request.key.OMKeyCommitRequest.validateAndUpdateCache(OMKeyCommitRequest.java:177)
	at org.apache.hadoop.ozone.protocolPB.OzoneManagerProtocolServerSideTranslatorPB.submitRequestDirectlyToOM(OzoneManagerProtocolServerSideTranslatorPB.java:219)
	at org.apache.hadoop.ozone.protocolPB.OzoneManagerProtocolServerSideTranslatorPB.processRequest(OzoneManagerProtocolServerSideTranslatorPB.java:134)
	at org.apache.hadoop.hdds.server.OzoneProtocolMessageDispatcher.processRequest(OzoneProtocolMessageDispatcher.java:72)
	at org.apache.hadoop.ozone.protocolPB.OzoneManagerProtocolServerSideTranslatorPB.submitRequest(OzoneManagerProtocolServerSideTranslatorPB.java:100)
	at org.apache.hadoop.ozone.protocol.proto.OzoneManagerProtocolProtos$OzoneManagerService$2.callBlockingMethod(OzoneManagerProtocolProtos.java)
	at org.apache.hadoop.ipc.ProtobufRpcEngine$Server$ProtoBufRpcInvoker.call(ProtobufRpcEngine.java:524)
	at org.apache.hadoop.ipc.RPC$Server.call(RPC.java:1025)
	at org.apache.hadoop.ipc.Server$RpcCall.run(Server.java:876)
	at org.apache.hadoop.ipc.Server$RpcCall.run(Server.java:822)
	at java.security.AccessController.doPrivileged(Native Method)
	at javax.security.auth.Subject.doAs(Subject.java:422)
	at org.apache.hadoop.security.UserGroupInformation.doAs(UserGroupInformation.java:1730)
	at org.apache.hadoop.ipc.Server$Handler.run(Server.java:2682)
2019-10-16 06:06:22,963 [main] INFO  retry.RetryInvocationHandler (RetryInvocationHandler.java:log(411)) - com.google.protobuf.ServiceException: org.apache.hadoop.ipc.RemoteException(java.lang.IllegalMonitorStateException): Releasing lock on resource /2037f4e9-2122-43f1-9ade-7e6d8e162879/3116fefe-8f03-4215-91b2-462b7da64445 without acquiring lock
	at org.apache.hadoop.ozone.lock.LockManager.getLockForReleasing(LockManager.java:220)
	at org.apache.hadoop.ozone.lock.LockManager.release(LockManager.java:168)
	at org.apache.hadoop.ozone.lock.LockManager.writeUnlock(LockManager.java:148)
	at org.apache.hadoop.ozone.om.lock.OzoneManagerLock.unlock(OzoneManagerLock.java:364)
	at org.apache.hadoop.ozone.om.lock.OzoneManagerLock.releaseWriteLock(OzoneManagerLock.java:329)
	at org.apache.hadoop.ozone.om.request.key.OMKeyCommitRequest.validateAndUpdateCache(OMKeyCommitRequest.java:177)
	at org.apache.hadoop.ozone.protocolPB.OzoneManagerProtocolServerSideTranslatorPB.submitRequestDirectlyToOM(OzoneManagerProtocolServerSideTranslatorPB.java:219)
	at org.apache.hadoop.ozone.protocolPB.OzoneManagerProtocolServerSideTranslatorPB.processRequest(OzoneManagerProtocolServerSideTranslatorPB.java:134)
	at org.apache.hadoop.hdds.server.OzoneProtocolMessageDispatcher.processRequest(OzoneProtocolMessageDispatcher.java:72)
	at org.apache.hadoop.ozone.protocolPB.OzoneManagerProtocolServerSideTranslatorPB.submitRequest(OzoneManagerProtocolServerSideTranslatorPB.java:100)
	at org.apache.hadoop.ozone.protocol.proto.OzoneManagerProtocolProtos$OzoneManagerService$2.callBlockingMethod(OzoneManagerProtocolProtos.java)
	at org.apache.hadoop.ipc.ProtobufRpcEngine$Server$ProtoBufRpcInvoker.call(ProtobufRpcEngine.java:524)
	at org.apache.hadoop.ipc.RPC$Server.call(RPC.java:1025)
	at org.apache.hadoop.ipc.Server$RpcCall.run(Server.java:876)
	at org.apache.hadoop.ipc.Server$RpcCall.run(Server.java:822)
	at java.security.AccessController.doPrivileged(Native Method)
	at javax.security.auth.Subject.doAs(Subject.java:422)
	at org.apache.hadoop.security.UserGroupInformation.doAs(UserGroupInformation.java:1730)
	at org.apache.hadoop.ipc.Server$Handler.run(Server.java:2682)
, while invoking $Proxy37.submitRequest over nodeId=null,nodeAddress=localhost:42894 after 6 failover attempts. Trying to failover immediately.
2019-10-16 06:06:22,964 [IPC Server handler 11 on 42894] ERROR lock.LockManager (LockManager.java:getLockForReleasing(218)) - Trying to release the lock on /2037f4e9-2122-43f1-9ade-7e6d8e162879/3116fefe-8f03-4215-91b2-462b7da64445, which was never acquired.
2019-10-16 06:06:22,964 [IPC Server handler 11 on 42894] WARN  ipc.Server (Server.java:logException(2724)) - IPC Server handler 11 on 42894, call Call#3764 Retry#7 org.apache.hadoop.ozone.om.protocol.OzoneManagerProtocol.submitRequest from 127.0.0.1:60690
java.lang.IllegalMonitorStateException: Releasing lock on resource /2037f4e9-2122-43f1-9ade-7e6d8e162879/3116fefe-8f03-4215-91b2-462b7da64445 without acquiring lock
	at org.apache.hadoop.ozone.lock.LockManager.getLockForReleasing(LockManager.java:220)
	at org.apache.hadoop.ozone.lock.LockManager.release(LockManager.java:168)
	at org.apache.hadoop.ozone.lock.LockManager.writeUnlock(LockManager.java:148)
	at org.apache.hadoop.ozone.om.lock.OzoneManagerLock.unlock(OzoneManagerLock.java:364)
	at org.apache.hadoop.ozone.om.lock.OzoneManagerLock.releaseWriteLock(OzoneManagerLock.java:329)
	at org.apache.hadoop.ozone.om.request.key.OMKeyCommitRequest.validateAndUpdateCache(OMKeyCommitRequest.java:177)
	at org.apache.hadoop.ozone.protocolPB.OzoneManagerProtocolServerSideTranslatorPB.submitRequestDirectlyToOM(OzoneManagerProtocolServerSideTranslatorPB.java:219)
	at org.apache.hadoop.ozone.protocolPB.OzoneManagerProtocolServerSideTranslatorPB.processRequest(OzoneManagerProtocolServerSideTranslatorPB.java:134)
	at org.apache.hadoop.hdds.server.OzoneProtocolMessageDispatcher.processRequest(OzoneProtocolMessageDispatcher.java:72)
	at org.apache.hadoop.ozone.protocolPB.OzoneManagerProtocolServerSideTranslatorPB.submitRequest(OzoneManagerProtocolServerSideTranslatorPB.java:100)
	at org.apache.hadoop.ozone.protocol.proto.OzoneManagerProtocolProtos$OzoneManagerService$2.callBlockingMethod(OzoneManagerProtocolProtos.java)
	at org.apache.hadoop.ipc.ProtobufRpcEngine$Server$ProtoBufRpcInvoker.call(ProtobufRpcEngine.java:524)
	at org.apache.hadoop.ipc.RPC$Server.call(RPC.java:1025)
	at org.apache.hadoop.ipc.Server$RpcCall.run(Server.java:876)
	at org.apache.hadoop.ipc.Server$RpcCall.run(Server.java:822)
	at java.security.AccessController.doPrivileged(Native Method)
	at javax.security.auth.Subject.doAs(Subject.java:422)
	at org.apache.hadoop.security.UserGroupInformation.doAs(UserGroupInformation.java:1730)
	at org.apache.hadoop.ipc.Server$Handler.run(Server.java:2682)
2019-10-16 06:06:22,964 [main] INFO  retry.RetryInvocationHandler (RetryInvocationHandler.java:log(411)) - com.google.protobuf.ServiceException: org.apache.hadoop.ipc.RemoteException(java.lang.IllegalMonitorStateException): Releasing lock on resource /2037f4e9-2122-43f1-9ade-7e6d8e162879/3116fefe-8f03-4215-91b2-462b7da64445 without acquiring lock
	at org.apache.hadoop.ozone.lock.LockManager.getLockForReleasing(LockManager.java:220)
	at org.apache.hadoop.ozone.lock.LockManager.release(LockManager.java:168)
	at org.apache.hadoop.ozone.lock.LockManager.writeUnlock(LockManager.java:148)
	at org.apache.hadoop.ozone.om.lock.OzoneManagerLock.unlock(OzoneManagerLock.java:364)
	at org.apache.hadoop.ozone.om.lock.OzoneManagerLock.releaseWriteLock(OzoneManagerLock.java:329)
	at org.apache.hadoop.ozone.om.request.key.OMKeyCommitRequest.validateAndUpdateCache(OMKeyCommitRequest.java:177)
	at org.apache.hadoop.ozone.protocolPB.OzoneManagerProtocolServerSideTranslatorPB.submitRequestDirectlyToOM(OzoneManagerProtocolServerSideTranslatorPB.java:219)
	at org.apache.hadoop.ozone.protocolPB.OzoneManagerProtocolServerSideTranslatorPB.processRequest(OzoneManagerProtocolServerSideTranslatorPB.java:134)
	at org.apache.hadoop.hdds.server.OzoneProtocolMessageDispatcher.processRequest(OzoneProtocolMessageDispatcher.java:72)
	at org.apache.hadoop.ozone.protocolPB.OzoneManagerProtocolServerSideTranslatorPB.submitRequest(OzoneManagerProtocolServerSideTranslatorPB.java:100)
	at org.apache.hadoop.ozone.protocol.proto.OzoneManagerProtocolProtos$OzoneManagerService$2.callBlockingMethod(OzoneManagerProtocolProtos.java)
	at org.apache.hadoop.ipc.ProtobufRpcEngine$Server$ProtoBufRpcInvoker.call(ProtobufRpcEngine.java:524)
	at org.apache.hadoop.ipc.RPC$Server.call(RPC.java:1025)
	at org.apache.hadoop.ipc.Server$RpcCall.run(Server.java:876)
	at org.apache.hadoop.ipc.Server$RpcCall.run(Server.java:822)
	at java.security.AccessController.doPrivileged(Native Method)
	at javax.security.auth.Subject.doAs(Subject.java:422)
	at org.apache.hadoop.security.UserGroupInformation.doAs(UserGroupInformation.java:1730)
	at org.apache.hadoop.ipc.Server$Handler.run(Server.java:2682)
, while invoking $Proxy37.submitRequest over nodeId=null,nodeAddress=localhost:42894 after 7 failover attempts. Trying to failover immediately.
2019-10-16 06:06:22,965 [IPC Server handler 3 on 42894] ERROR lock.LockManager (LockManager.java:getLockForReleasing(218)) - Trying to release the lock on /2037f4e9-2122-43f1-9ade-7e6d8e162879/3116fefe-8f03-4215-91b2-462b7da64445, which was never acquired.
2019-10-16 06:06:22,965 [IPC Server handler 3 on 42894] WARN  ipc.Server (Server.java:logException(2724)) - IPC Server handler 3 on 42894, call Call#3764 Retry#8 org.apache.hadoop.ozone.om.protocol.OzoneManagerProtocol.submitRequest from 127.0.0.1:60690
java.lang.IllegalMonitorStateException: Releasing lock on resource /2037f4e9-2122-43f1-9ade-7e6d8e162879/3116fefe-8f03-4215-91b2-462b7da64445 without acquiring lock
	at org.apache.hadoop.ozone.lock.LockManager.getLockForReleasing(LockManager.java:220)
	at org.apache.hadoop.ozone.lock.LockManager.release(LockManager.java:168)
	at org.apache.hadoop.ozone.lock.LockManager.writeUnlock(LockManager.java:148)
	at org.apache.hadoop.ozone.om.lock.OzoneManagerLock.unlock(OzoneManagerLock.java:364)
	at org.apache.hadoop.ozone.om.lock.OzoneManagerLock.releaseWriteLock(OzoneManagerLock.java:329)
	at org.apache.hadoop.ozone.om.request.key.OMKeyCommitRequest.validateAndUpdateCache(OMKeyCommitRequest.java:177)
	at org.apache.hadoop.ozone.protocolPB.OzoneManagerProtocolServerSideTranslatorPB.submitRequestDirectlyToOM(OzoneManagerProtocolServerSideTranslatorPB.java:219)
	at org.apache.hadoop.ozone.protocolPB.OzoneManagerProtocolServerSideTranslatorPB.processRequest(OzoneManagerProtocolServerSideTranslatorPB.java:134)
	at org.apache.hadoop.hdds.server.OzoneProtocolMessageDispatcher.processRequest(OzoneProtocolMessageDispatcher.java:72)
	at org.apache.hadoop.ozone.protocolPB.OzoneManagerProtocolServerSideTranslatorPB.submitRequest(OzoneManagerProtocolServerSideTranslatorPB.java:100)
	at org.apache.hadoop.ozone.protocol.proto.OzoneManagerProtocolProtos$OzoneManagerService$2.callBlockingMethod(OzoneManagerProtocolProtos.java)
	at org.apache.hadoop.ipc.ProtobufRpcEngine$Server$ProtoBufRpcInvoker.call(ProtobufRpcEngine.java:524)
	at org.apache.hadoop.ipc.RPC$Server.call(RPC.java:1025)
	at org.apache.hadoop.ipc.Server$RpcCall.run(Server.java:876)
	at org.apache.hadoop.ipc.Server$RpcCall.run(Server.java:822)
	at java.security.AccessController.doPrivileged(Native Method)
	at javax.security.auth.Subject.doAs(Subject.java:422)
	at org.apache.hadoop.security.UserGroupInformation.doAs(UserGroupInformation.java:1730)
	at org.apache.hadoop.ipc.Server$Handler.run(Server.java:2682)
2019-10-16 06:06:22,966 [main] INFO  retry.RetryInvocationHandler (RetryInvocationHandler.java:log(411)) - com.google.protobuf.ServiceException: org.apache.hadoop.ipc.RemoteException(java.lang.IllegalMonitorStateException): Releasing lock on resource /2037f4e9-2122-43f1-9ade-7e6d8e162879/3116fefe-8f03-4215-91b2-462b7da64445 without acquiring lock
	at org.apache.hadoop.ozone.lock.LockManager.getLockForReleasing(LockManager.java:220)
	at org.apache.hadoop.ozone.lock.LockManager.release(LockManager.java:168)
	at org.apache.hadoop.ozone.lock.LockManager.writeUnlock(LockManager.java:148)
	at org.apache.hadoop.ozone.om.lock.OzoneManagerLock.unlock(OzoneManagerLock.java:364)
	at org.apache.hadoop.ozone.om.lock.OzoneManagerLock.releaseWriteLock(OzoneManagerLock.java:329)
	at org.apache.hadoop.ozone.om.request.key.OMKeyCommitRequest.validateAndUpdateCache(OMKeyCommitRequest.java:177)
	at org.apache.hadoop.ozone.protocolPB.OzoneManagerProtocolServerSideTranslatorPB.submitRequestDirectlyToOM(OzoneManagerProtocolServerSideTranslatorPB.java:219)
	at org.apache.hadoop.ozone.protocolPB.OzoneManagerProtocolServerSideTranslatorPB.processRequest(OzoneManagerProtocolServerSideTranslatorPB.java:134)
	at org.apache.hadoop.hdds.server.OzoneProtocolMessageDispatcher.processRequest(OzoneProtocolMessageDispatcher.java:72)
	at org.apache.hadoop.ozone.protocolPB.OzoneManagerProtocolServerSideTranslatorPB.submitRequest(OzoneManagerProtocolServerSideTranslatorPB.java:100)
	at org.apache.hadoop.ozone.protocol.proto.OzoneManagerProtocolProtos$OzoneManagerService$2.callBlockingMethod(OzoneManagerProtocolProtos.java)
	at org.apache.hadoop.ipc.ProtobufRpcEngine$Server$ProtoBufRpcInvoker.call(ProtobufRpcEngine.java:524)
	at org.apache.hadoop.ipc.RPC$Server.call(RPC.java:1025)
	at org.apache.hadoop.ipc.Server$RpcCall.run(Server.java:876)
	at org.apache.hadoop.ipc.Server$RpcCall.run(Server.java:822)
	at java.security.AccessController.doPrivileged(Native Method)
	at javax.security.auth.Subject.doAs(Subject.java:422)
	at org.apache.hadoop.security.UserGroupInformation.doAs(UserGroupInformation.java:1730)
	at org.apache.hadoop.ipc.Server$Handler.run(Server.java:2682)
, while invoking $Proxy37.submitRequest over nodeId=null,nodeAddress=localhost:42894 after 8 failover attempts. Trying to failover immediately.
2019-10-16 06:06:22,967 [IPC Server handler 7 on 42894] ERROR lock.LockManager (LockManager.java:getLockForReleasing(218)) - Trying to release the lock on /2037f4e9-2122-43f1-9ade-7e6d8e162879/3116fefe-8f03-4215-91b2-462b7da64445, which was never acquired.
2019-10-16 06:06:22,967 [IPC Server handler 7 on 42894] WARN  ipc.Server (Server.java:logException(2724)) - IPC Server handler 7 on 42894, call Call#3764 Retry#9 org.apache.hadoop.ozone.om.protocol.OzoneManagerProtocol.submitRequest from 127.0.0.1:60690
java.lang.IllegalMonitorStateException: Releasing lock on resource /2037f4e9-2122-43f1-9ade-7e6d8e162879/3116fefe-8f03-4215-91b2-462b7da64445 without acquiring lock
	at org.apache.hadoop.ozone.lock.LockManager.getLockForReleasing(LockManager.java:220)
	at org.apache.hadoop.ozone.lock.LockManager.release(LockManager.java:168)
	at org.apache.hadoop.ozone.lock.LockManager.writeUnlock(LockManager.java:148)
	at org.apache.hadoop.ozone.om.lock.OzoneManagerLock.unlock(OzoneManagerLock.java:364)
	at org.apache.hadoop.ozone.om.lock.OzoneManagerLock.releaseWriteLock(OzoneManagerLock.java:329)
	at org.apache.hadoop.ozone.om.request.key.OMKeyCommitRequest.validateAndUpdateCache(OMKeyCommitRequest.java:177)
	at org.apache.hadoop.ozone.protocolPB.OzoneManagerProtocolServerSideTranslatorPB.submitRequestDirectlyToOM(OzoneManagerProtocolServerSideTranslatorPB.java:219)
	at org.apache.hadoop.ozone.protocolPB.OzoneManagerProtocolServerSideTranslatorPB.processRequest(OzoneManagerProtocolServerSideTranslatorPB.java:134)
	at org.apache.hadoop.hdds.server.OzoneProtocolMessageDispatcher.processRequest(OzoneProtocolMessageDispatcher.java:72)
	at org.apache.hadoop.ozone.protocolPB.OzoneManagerProtocolServerSideTranslatorPB.submitRequest(OzoneManagerProtocolServerSideTranslatorPB.java:100)
	at org.apache.hadoop.ozone.protocol.proto.OzoneManagerProtocolProtos$OzoneManagerService$2.callBlockingMethod(OzoneManagerProtocolProtos.java)
	at org.apache.hadoop.ipc.ProtobufRpcEngine$Server$ProtoBufRpcInvoker.call(ProtobufRpcEngine.java:524)
	at org.apache.hadoop.ipc.RPC$Server.call(RPC.java:1025)
	at org.apache.hadoop.ipc.Server$RpcCall.run(Server.java:876)
	at org.apache.hadoop.ipc.Server$RpcCall.run(Server.java:822)
	at java.security.AccessController.doPrivileged(Native Method)
	at javax.security.auth.Subject.doAs(Subject.java:422)
	at org.apache.hadoop.security.UserGroupInformation.doAs(UserGroupInformation.java:1730)
	at org.apache.hadoop.ipc.Server$Handler.run(Server.java:2682)
2019-10-16 06:06:22,967 [main] INFO  retry.RetryInvocationHandler (RetryInvocationHandler.java:log(411)) - com.google.protobuf.ServiceException: org.apache.hadoop.ipc.RemoteException(java.lang.IllegalMonitorStateException): Releasing lock on resource /2037f4e9-2122-43f1-9ade-7e6d8e162879/3116fefe-8f03-4215-91b2-462b7da64445 without acquiring lock
	at org.apache.hadoop.ozone.lock.LockManager.getLockForReleasing(LockManager.java:220)
	at org.apache.hadoop.ozone.lock.LockManager.release(LockManager.java:168)
	at org.apache.hadoop.ozone.lock.LockManager.writeUnlock(LockManager.java:148)
	at org.apache.hadoop.ozone.om.lock.OzoneManagerLock.unlock(OzoneManagerLock.java:364)
	at org.apache.hadoop.ozone.om.lock.OzoneManagerLock.releaseWriteLock(OzoneManagerLock.java:329)
	at org.apache.hadoop.ozone.om.request.key.OMKeyCommitRequest.validateAndUpdateCache(OMKeyCommitRequest.java:177)
	at org.apache.hadoop.ozone.protocolPB.OzoneManagerProtocolServerSideTranslatorPB.submitRequestDirectlyToOM(OzoneManagerProtocolServerSideTranslatorPB.java:219)
	at org.apache.hadoop.ozone.protocolPB.OzoneManagerProtocolServerSideTranslatorPB.processRequest(OzoneManagerProtocolServerSideTranslatorPB.java:134)
	at org.apache.hadoop.hdds.server.OzoneProtocolMessageDispatcher.processRequest(OzoneProtocolMessageDispatcher.java:72)
	at org.apache.hadoop.ozone.protocolPB.OzoneManagerProtocolServerSideTranslatorPB.submitRequest(OzoneManagerProtocolServerSideTranslatorPB.java:100)
	at org.apache.hadoop.ozone.protocol.proto.OzoneManagerProtocolProtos$OzoneManagerService$2.callBlockingMethod(OzoneManagerProtocolProtos.java)
	at org.apache.hadoop.ipc.ProtobufRpcEngine$Server$ProtoBufRpcInvoker.call(ProtobufRpcEngine.java:524)
	at org.apache.hadoop.ipc.RPC$Server.call(RPC.java:1025)
	at org.apache.hadoop.ipc.Server$RpcCall.run(Server.java:876)
	at org.apache.hadoop.ipc.Server$RpcCall.run(Server.java:822)
	at java.security.AccessController.doPrivileged(Native Method)
	at javax.security.auth.Subject.doAs(Subject.java:422)
	at org.apache.hadoop.security.UserGroupInformation.doAs(UserGroupInformation.java:1730)
	at org.apache.hadoop.ipc.Server$Handler.run(Server.java:2682)
, while invoking $Proxy37.submitRequest over nodeId=null,nodeAddress=localhost:42894 after 9 failover attempts. Trying to failover immediately.
2019-10-16 06:06:22,968 [IPC Server handler 18 on 42894] ERROR lock.LockManager (LockManager.java:getLockForReleasing(218)) - Trying to release the lock on /2037f4e9-2122-43f1-9ade-7e6d8e162879/3116fefe-8f03-4215-91b2-462b7da64445, which was never acquired.
2019-10-16 06:06:22,968 [IPC Server handler 18 on 42894] WARN  ipc.Server (Server.java:logException(2724)) - IPC Server handler 18 on 42894, call Call#3764 Retry#10 org.apache.hadoop.ozone.om.protocol.OzoneManagerProtocol.submitRequest from 127.0.0.1:60690
java.lang.IllegalMonitorStateException: Releasing lock on resource /2037f4e9-2122-43f1-9ade-7e6d8e162879/3116fefe-8f03-4215-91b2-462b7da64445 without acquiring lock
	at org.apache.hadoop.ozone.lock.LockManager.getLockForReleasing(LockManager.java:220)
	at org.apache.hadoop.ozone.lock.LockManager.release(LockManager.java:168)
	at org.apache.hadoop.ozone.lock.LockManager.writeUnlock(LockManager.java:148)
	at org.apache.hadoop.ozone.om.lock.OzoneManagerLock.unlock(OzoneManagerLock.java:364)
	at org.apache.hadoop.ozone.om.lock.OzoneManagerLock.releaseWriteLock(OzoneManagerLock.java:329)
	at org.apache.hadoop.ozone.om.request.key.OMKeyCommitRequest.validateAndUpdateCache(OMKeyCommitRequest.java:177)
	at org.apache.hadoop.ozone.protocolPB.OzoneManagerProtocolServerSideTranslatorPB.submitRequestDirectlyToOM(OzoneManagerProtocolServerSideTranslatorPB.java:219)
	at org.apache.hadoop.ozone.protocolPB.OzoneManagerProtocolServerSideTranslatorPB.processRequest(OzoneManagerProtocolServerSideTranslatorPB.java:134)
	at org.apache.hadoop.hdds.server.OzoneProtocolMessageDispatcher.processRequest(OzoneProtocolMessageDispatcher.java:72)
	at org.apache.hadoop.ozone.protocolPB.OzoneManagerProtocolServerSideTranslatorPB.submitRequest(OzoneManagerProtocolServerSideTranslatorPB.java:100)
	at org.apache.hadoop.ozone.protocol.proto.OzoneManagerProtocolProtos$OzoneManagerService$2.callBlockingMethod(OzoneManagerProtocolProtos.java)
	at org.apache.hadoop.ipc.ProtobufRpcEngine$Server$ProtoBufRpcInvoker.call(ProtobufRpcEngine.java:524)
	at org.apache.hadoop.ipc.RPC$Server.call(RPC.java:1025)
	at org.apache.hadoop.ipc.Server$RpcCall.run(Server.java:876)
	at org.apache.hadoop.ipc.Server$RpcCall.run(Server.java:822)
	at java.security.AccessController.doPrivileged(Native Method)
	at javax.security.auth.Subject.doAs(Subject.java:422)
	at org.apache.hadoop.security.UserGroupInformation.doAs(UserGroupInformation.java:1730)
	at org.apache.hadoop.ipc.Server$Handler.run(Server.java:2682)
2019-10-16 06:06:22,969 [main] ERROR ha.OMFailoverProxyProvider (OzoneManagerProtocolClientSideTranslatorPB.java:getRetryAction(268)) - Failed to connect to OM. Attempted 10 retries and 10 failovers
]]></system-out>
  </testcase>
  <testcase name="testListKeyOnEmptyBucket" classname="org.apache.hadoop.ozone.client.rpc.TestSecureOzoneRpcClient" time="0.008"/>
  <testcase name="testReadKeyWithCorruptedDataWithMutiNodes" classname="org.apache.hadoop.ozone.client.rpc.TestSecureOzoneRpcClient" time="0.058">
    <error message="Releasing lock on resource /c8700572-93a0-4908-b857-29c3167df2c1/66f8d112-ad75-4a30-a09f-8e79421641d4 without acquiring lock&#10;	at org.apache.hadoop.ozone.lock.LockManager.getLockForReleasing(LockManager.java:220)&#10;	at org.apache.hadoop.ozone.lock.LockManager.release(LockManager.java:168)&#10;	at org.apache.hadoop.ozone.lock.LockManager.writeUnlock(LockManager.java:148)&#10;	at org.apache.hadoop.ozone.om.lock.OzoneManagerLock.unlock(OzoneManagerLock.java:364)&#10;	at org.apache.hadoop.ozone.om.lock.OzoneManagerLock.releaseWriteLock(OzoneManagerLock.java:329)&#10;	at org.apache.hadoop.ozone.om.request.key.OMKeyCommitRequest.validateAndUpdateCache(OMKeyCommitRequest.java:177)&#10;	at org.apache.hadoop.ozone.protocolPB.OzoneManagerProtocolServerSideTranslatorPB.submitRequestDirectlyToOM(OzoneManagerProtocolServerSideTranslatorPB.java:219)&#10;	at org.apache.hadoop.ozone.protocolPB.OzoneManagerProtocolServerSideTranslatorPB.processRequest(OzoneManagerProtocolServerSideTranslatorPB.java:134)&#10;	at org.apache.hadoop.hdds.server.OzoneProtocolMessageDispatcher.processRequest(OzoneProtocolMessageDispatcher.java:72)&#10;	at org.apache.hadoop.ozone.protocolPB.OzoneManagerProtocolServerSideTranslatorPB.submitRequest(OzoneManagerProtocolServerSideTranslatorPB.java:100)&#10;	at org.apache.hadoop.ozone.protocol.proto.OzoneManagerProtocolProtos$OzoneManagerService$2.callBlockingMethod(OzoneManagerProtocolProtos.java)&#10;	at org.apache.hadoop.ipc.ProtobufRpcEngine$Server$ProtoBufRpcInvoker.call(ProtobufRpcEngine.java:524)&#10;	at org.apache.hadoop.ipc.RPC$Server.call(RPC.java:1025)&#10;	at org.apache.hadoop.ipc.Server$RpcCall.run(Server.java:876)&#10;	at org.apache.hadoop.ipc.Server$RpcCall.run(Server.java:822)&#10;	at java.security.AccessController.doPrivileged(Native Method)&#10;	at javax.security.auth.Subject.doAs(Subject.java:422)&#10;	at org.apache.hadoop.security.UserGroupInformation.doAs(UserGroupInformation.java:1730)&#10;	at org.apache.hadoop.ipc.Server$Handler.run(Server.java:2682)&#10;" type="org.apache.hadoop.ipc.RemoteException(java.lang.IllegalMonitorStateException)">org.apache.hadoop.ipc.RemoteException(java.lang.IllegalMonitorStateException): Releasing lock on resource /c8700572-93a0-4908-b857-29c3167df2c1/66f8d112-ad75-4a30-a09f-8e79421641d4 without acquiring lock
	at org.apache.hadoop.ozone.lock.LockManager.getLockForReleasing(LockManager.java:220)
	at org.apache.hadoop.ozone.lock.LockManager.release(LockManager.java:168)
	at org.apache.hadoop.ozone.lock.LockManager.writeUnlock(LockManager.java:148)
	at org.apache.hadoop.ozone.om.lock.OzoneManagerLock.unlock(OzoneManagerLock.java:364)
	at org.apache.hadoop.ozone.om.lock.OzoneManagerLock.releaseWriteLock(OzoneManagerLock.java:329)
	at org.apache.hadoop.ozone.om.request.key.OMKeyCommitRequest.validateAndUpdateCache(OMKeyCommitRequest.java:177)
	at org.apache.hadoop.ozone.protocolPB.OzoneManagerProtocolServerSideTranslatorPB.submitRequestDirectlyToOM(OzoneManagerProtocolServerSideTranslatorPB.java:219)
	at org.apache.hadoop.ozone.protocolPB.OzoneManagerProtocolServerSideTranslatorPB.processRequest(OzoneManagerProtocolServerSideTranslatorPB.java:134)
	at org.apache.hadoop.hdds.server.OzoneProtocolMessageDispatcher.processRequest(OzoneProtocolMessageDispatcher.java:72)
	at org.apache.hadoop.ozone.protocolPB.OzoneManagerProtocolServerSideTranslatorPB.submitRequest(OzoneManagerProtocolServerSideTranslatorPB.java:100)
	at org.apache.hadoop.ozone.protocol.proto.OzoneManagerProtocolProtos$OzoneManagerService$2.callBlockingMethod(OzoneManagerProtocolProtos.java)
	at org.apache.hadoop.ipc.ProtobufRpcEngine$Server$ProtoBufRpcInvoker.call(ProtobufRpcEngine.java:524)
	at org.apache.hadoop.ipc.RPC$Server.call(RPC.java:1025)
	at org.apache.hadoop.ipc.Server$RpcCall.run(Server.java:876)
	at org.apache.hadoop.ipc.Server$RpcCall.run(Server.java:822)
	at java.security.AccessController.doPrivileged(Native Method)
	at javax.security.auth.Subject.doAs(Subject.java:422)
	at org.apache.hadoop.security.UserGroupInformation.doAs(UserGroupInformation.java:1730)
	at org.apache.hadoop.ipc.Server$Handler.run(Server.java:2682)

	at org.apache.hadoop.ipc.Client.getRpcResponse(Client.java:1511)
	at org.apache.hadoop.ipc.Client.call(Client.java:1457)
	at org.apache.hadoop.ipc.Client.call(Client.java:1367)
	at org.apache.hadoop.ipc.ProtobufRpcEngine$Invoker.invoke(ProtobufRpcEngine.java:228)
	at org.apache.hadoop.ipc.ProtobufRpcEngine$Invoker.invoke(ProtobufRpcEngine.java:116)
	at com.sun.proxy.$Proxy37.submitRequest(Unknown Source)
	at sun.reflect.GeneratedMethodAccessor72.invoke(Unknown Source)
	at sun.reflect.DelegatingMethodAccessorImpl.invoke(DelegatingMethodAccessorImpl.java:43)
	at java.lang.reflect.Method.invoke(Method.java:498)
	at org.apache.hadoop.io.retry.RetryInvocationHandler.invokeMethod(RetryInvocationHandler.java:422)
	at org.apache.hadoop.io.retry.RetryInvocationHandler$Call.invokeMethod(RetryInvocationHandler.java:165)
	at org.apache.hadoop.io.retry.RetryInvocationHandler$Call.invoke(RetryInvocationHandler.java:157)
	at org.apache.hadoop.io.retry.RetryInvocationHandler$Call.invokeOnce(RetryInvocationHandler.java:95)
	at org.apache.hadoop.io.retry.RetryInvocationHandler.invoke(RetryInvocationHandler.java:359)
	at com.sun.proxy.$Proxy37.submitRequest(Unknown Source)
	at org.apache.hadoop.ozone.om.protocolPB.OzoneManagerProtocolClientSideTranslatorPB.submitRequest(OzoneManagerProtocolClientSideTranslatorPB.java:338)
	at org.apache.hadoop.ozone.om.protocolPB.OzoneManagerProtocolClientSideTranslatorPB.commitKey(OzoneManagerProtocolClientSideTranslatorPB.java:789)
	at sun.reflect.NativeMethodAccessorImpl.invoke0(Native Method)
	at sun.reflect.NativeMethodAccessorImpl.invoke(NativeMethodAccessorImpl.java:62)
	at sun.reflect.DelegatingMethodAccessorImpl.invoke(DelegatingMethodAccessorImpl.java:43)
	at java.lang.reflect.Method.invoke(Method.java:498)
	at org.apache.hadoop.hdds.tracing.TraceAllMethod.invoke(TraceAllMethod.java:66)
	at com.sun.proxy.$Proxy38.commitKey(Unknown Source)
	at org.apache.hadoop.ozone.client.io.BlockOutputStreamEntryPool.commitKey(BlockOutputStreamEntryPool.java:277)
	at org.apache.hadoop.ozone.client.io.KeyOutputStream.close(KeyOutputStream.java:474)
	at org.apache.hadoop.ozone.client.io.OzoneOutputStream.close(OzoneOutputStream.java:60)
	at org.apache.hadoop.ozone.client.rpc.TestOzoneRpcClientAbstract.testReadKeyWithCorruptedDataWithMutiNodes(TestOzoneRpcClientAbstract.java:1139)
	at sun.reflect.NativeMethodAccessorImpl.invoke0(Native Method)
	at sun.reflect.NativeMethodAccessorImpl.invoke(NativeMethodAccessorImpl.java:62)
	at sun.reflect.DelegatingMethodAccessorImpl.invoke(DelegatingMethodAccessorImpl.java:43)
	at java.lang.reflect.Method.invoke(Method.java:498)
	at org.junit.runners.model.FrameworkMethod$1.runReflectiveCall(FrameworkMethod.java:47)
	at org.junit.internal.runners.model.ReflectiveCallable.run(ReflectiveCallable.java:12)
	at org.junit.runners.model.FrameworkMethod.invokeExplosively(FrameworkMethod.java:44)
	at org.junit.internal.runners.statements.InvokeMethod.evaluate(InvokeMethod.java:17)
	at org.junit.runners.ParentRunner.runLeaf(ParentRunner.java:271)
	at org.junit.runners.BlockJUnit4ClassRunner.runChild(BlockJUnit4ClassRunner.java:70)
	at org.junit.runners.BlockJUnit4ClassRunner.runChild(BlockJUnit4ClassRunner.java:50)
	at org.junit.runners.ParentRunner$3.run(ParentRunner.java:238)
	at org.junit.runners.ParentRunner$1.schedule(ParentRunner.java:63)
	at org.junit.runners.ParentRunner.runChildren(ParentRunner.java:236)
	at org.junit.runners.ParentRunner.access$000(ParentRunner.java:53)
	at org.junit.runners.ParentRunner$2.evaluate(ParentRunner.java:229)
	at org.junit.internal.runners.statements.RunBefores.evaluate(RunBefores.java:26)
	at org.junit.internal.runners.statements.RunAfters.evaluate(RunAfters.java:27)
	at org.junit.runners.ParentRunner.run(ParentRunner.java:309)
	at org.apache.maven.surefire.junit4.JUnit4Provider.execute(JUnit4Provider.java:365)
	at org.apache.maven.surefire.junit4.JUnit4Provider.executeWithRerun(JUnit4Provider.java:273)
	at org.apache.maven.surefire.junit4.JUnit4Provider.executeTestSet(JUnit4Provider.java:238)
	at org.apache.maven.surefire.junit4.JUnit4Provider.invoke(JUnit4Provider.java:159)
	at org.apache.maven.surefire.booter.ForkedBooter.invokeProviderInSameClassLoader(ForkedBooter.java:384)
	at org.apache.maven.surefire.booter.ForkedBooter.runSuitesInProcess(ForkedBooter.java:345)
	at org.apache.maven.surefire.booter.ForkedBooter.execute(ForkedBooter.java:126)
	at org.apache.maven.surefire.booter.ForkedBooter.main(ForkedBooter.java:418)
</error>
    <system-out><![CDATA[2019-10-16 06:06:22,979 [main] INFO  rpc.RpcClient (RpcClient.java:createVolume(272)) - Creating Volume: c8700572-93a0-4908-b857-29c3167df2c1, with jenkins1000 as owner.
2019-10-16 06:06:22,980 [IPC Server handler 14 on 42894] INFO  volume.OMVolumeCreateRequest (OMVolumeCreateRequest.java:validateAndUpdateCache(193)) - created volume:c8700572-93a0-4908-b857-29c3167df2c1 for user:jenkins1000
2019-10-16 06:06:22,980 [main] INFO  rpc.RpcClient (RpcClient.java:createBucket(411)) - Creating Bucket: c8700572-93a0-4908-b857-29c3167df2c1/66f8d112-ad75-4a30-a09f-8e79421641d4, with Versioning false and Storage Type set to DISK and Encryption set to false 
2019-10-16 06:06:23,021 [IPC Server handler 1 on 42894] ERROR lock.LockManager (LockManager.java:getLockForReleasing(218)) - Trying to release the lock on /c8700572-93a0-4908-b857-29c3167df2c1/66f8d112-ad75-4a30-a09f-8e79421641d4, which was never acquired.
2019-10-16 06:06:23,021 [IPC Server handler 1 on 42894] WARN  ipc.Server (Server.java:logException(2724)) - IPC Server handler 1 on 42894, call Call#3777 Retry#0 org.apache.hadoop.ozone.om.protocol.OzoneManagerProtocol.submitRequest from 127.0.0.1:60690
java.lang.IllegalMonitorStateException: Releasing lock on resource /c8700572-93a0-4908-b857-29c3167df2c1/66f8d112-ad75-4a30-a09f-8e79421641d4 without acquiring lock
	at org.apache.hadoop.ozone.lock.LockManager.getLockForReleasing(LockManager.java:220)
	at org.apache.hadoop.ozone.lock.LockManager.release(LockManager.java:168)
	at org.apache.hadoop.ozone.lock.LockManager.writeUnlock(LockManager.java:148)
	at org.apache.hadoop.ozone.om.lock.OzoneManagerLock.unlock(OzoneManagerLock.java:364)
	at org.apache.hadoop.ozone.om.lock.OzoneManagerLock.releaseWriteLock(OzoneManagerLock.java:329)
	at org.apache.hadoop.ozone.om.request.key.OMKeyCommitRequest.validateAndUpdateCache(OMKeyCommitRequest.java:177)
	at org.apache.hadoop.ozone.protocolPB.OzoneManagerProtocolServerSideTranslatorPB.submitRequestDirectlyToOM(OzoneManagerProtocolServerSideTranslatorPB.java:219)
	at org.apache.hadoop.ozone.protocolPB.OzoneManagerProtocolServerSideTranslatorPB.processRequest(OzoneManagerProtocolServerSideTranslatorPB.java:134)
	at org.apache.hadoop.hdds.server.OzoneProtocolMessageDispatcher.processRequest(OzoneProtocolMessageDispatcher.java:72)
	at org.apache.hadoop.ozone.protocolPB.OzoneManagerProtocolServerSideTranslatorPB.submitRequest(OzoneManagerProtocolServerSideTranslatorPB.java:100)
	at org.apache.hadoop.ozone.protocol.proto.OzoneManagerProtocolProtos$OzoneManagerService$2.callBlockingMethod(OzoneManagerProtocolProtos.java)
	at org.apache.hadoop.ipc.ProtobufRpcEngine$Server$ProtoBufRpcInvoker.call(ProtobufRpcEngine.java:524)
	at org.apache.hadoop.ipc.RPC$Server.call(RPC.java:1025)
	at org.apache.hadoop.ipc.Server$RpcCall.run(Server.java:876)
	at org.apache.hadoop.ipc.Server$RpcCall.run(Server.java:822)
	at java.security.AccessController.doPrivileged(Native Method)
	at javax.security.auth.Subject.doAs(Subject.java:422)
	at org.apache.hadoop.security.UserGroupInformation.doAs(UserGroupInformation.java:1730)
	at org.apache.hadoop.ipc.Server$Handler.run(Server.java:2682)
2019-10-16 06:06:23,022 [main] INFO  retry.RetryInvocationHandler (RetryInvocationHandler.java:log(411)) - com.google.protobuf.ServiceException: org.apache.hadoop.ipc.RemoteException(java.lang.IllegalMonitorStateException): Releasing lock on resource /c8700572-93a0-4908-b857-29c3167df2c1/66f8d112-ad75-4a30-a09f-8e79421641d4 without acquiring lock
	at org.apache.hadoop.ozone.lock.LockManager.getLockForReleasing(LockManager.java:220)
	at org.apache.hadoop.ozone.lock.LockManager.release(LockManager.java:168)
	at org.apache.hadoop.ozone.lock.LockManager.writeUnlock(LockManager.java:148)
	at org.apache.hadoop.ozone.om.lock.OzoneManagerLock.unlock(OzoneManagerLock.java:364)
	at org.apache.hadoop.ozone.om.lock.OzoneManagerLock.releaseWriteLock(OzoneManagerLock.java:329)
	at org.apache.hadoop.ozone.om.request.key.OMKeyCommitRequest.validateAndUpdateCache(OMKeyCommitRequest.java:177)
	at org.apache.hadoop.ozone.protocolPB.OzoneManagerProtocolServerSideTranslatorPB.submitRequestDirectlyToOM(OzoneManagerProtocolServerSideTranslatorPB.java:219)
	at org.apache.hadoop.ozone.protocolPB.OzoneManagerProtocolServerSideTranslatorPB.processRequest(OzoneManagerProtocolServerSideTranslatorPB.java:134)
	at org.apache.hadoop.hdds.server.OzoneProtocolMessageDispatcher.processRequest(OzoneProtocolMessageDispatcher.java:72)
	at org.apache.hadoop.ozone.protocolPB.OzoneManagerProtocolServerSideTranslatorPB.submitRequest(OzoneManagerProtocolServerSideTranslatorPB.java:100)
	at org.apache.hadoop.ozone.protocol.proto.OzoneManagerProtocolProtos$OzoneManagerService$2.callBlockingMethod(OzoneManagerProtocolProtos.java)
	at org.apache.hadoop.ipc.ProtobufRpcEngine$Server$ProtoBufRpcInvoker.call(ProtobufRpcEngine.java:524)
	at org.apache.hadoop.ipc.RPC$Server.call(RPC.java:1025)
	at org.apache.hadoop.ipc.Server$RpcCall.run(Server.java:876)
	at org.apache.hadoop.ipc.Server$RpcCall.run(Server.java:822)
	at java.security.AccessController.doPrivileged(Native Method)
	at javax.security.auth.Subject.doAs(Subject.java:422)
	at org.apache.hadoop.security.UserGroupInformation.doAs(UserGroupInformation.java:1730)
	at org.apache.hadoop.ipc.Server$Handler.run(Server.java:2682)
, while invoking $Proxy37.submitRequest over nodeId=null,nodeAddress=localhost:42894. Trying to failover immediately.
2019-10-16 06:06:23,023 [IPC Server handler 17 on 42894] ERROR lock.LockManager (LockManager.java:getLockForReleasing(218)) - Trying to release the lock on /c8700572-93a0-4908-b857-29c3167df2c1/66f8d112-ad75-4a30-a09f-8e79421641d4, which was never acquired.
2019-10-16 06:06:23,023 [IPC Server handler 17 on 42894] WARN  ipc.Server (Server.java:logException(2724)) - IPC Server handler 17 on 42894, call Call#3777 Retry#1 org.apache.hadoop.ozone.om.protocol.OzoneManagerProtocol.submitRequest from 127.0.0.1:60690
java.lang.IllegalMonitorStateException: Releasing lock on resource /c8700572-93a0-4908-b857-29c3167df2c1/66f8d112-ad75-4a30-a09f-8e79421641d4 without acquiring lock
	at org.apache.hadoop.ozone.lock.LockManager.getLockForReleasing(LockManager.java:220)
	at org.apache.hadoop.ozone.lock.LockManager.release(LockManager.java:168)
	at org.apache.hadoop.ozone.lock.LockManager.writeUnlock(LockManager.java:148)
	at org.apache.hadoop.ozone.om.lock.OzoneManagerLock.unlock(OzoneManagerLock.java:364)
	at org.apache.hadoop.ozone.om.lock.OzoneManagerLock.releaseWriteLock(OzoneManagerLock.java:329)
	at org.apache.hadoop.ozone.om.request.key.OMKeyCommitRequest.validateAndUpdateCache(OMKeyCommitRequest.java:177)
	at org.apache.hadoop.ozone.protocolPB.OzoneManagerProtocolServerSideTranslatorPB.submitRequestDirectlyToOM(OzoneManagerProtocolServerSideTranslatorPB.java:219)
	at org.apache.hadoop.ozone.protocolPB.OzoneManagerProtocolServerSideTranslatorPB.processRequest(OzoneManagerProtocolServerSideTranslatorPB.java:134)
	at org.apache.hadoop.hdds.server.OzoneProtocolMessageDispatcher.processRequest(OzoneProtocolMessageDispatcher.java:72)
	at org.apache.hadoop.ozone.protocolPB.OzoneManagerProtocolServerSideTranslatorPB.submitRequest(OzoneManagerProtocolServerSideTranslatorPB.java:100)
	at org.apache.hadoop.ozone.protocol.proto.OzoneManagerProtocolProtos$OzoneManagerService$2.callBlockingMethod(OzoneManagerProtocolProtos.java)
	at org.apache.hadoop.ipc.ProtobufRpcEngine$Server$ProtoBufRpcInvoker.call(ProtobufRpcEngine.java:524)
	at org.apache.hadoop.ipc.RPC$Server.call(RPC.java:1025)
	at org.apache.hadoop.ipc.Server$RpcCall.run(Server.java:876)
	at org.apache.hadoop.ipc.Server$RpcCall.run(Server.java:822)
	at java.security.AccessController.doPrivileged(Native Method)
	at javax.security.auth.Subject.doAs(Subject.java:422)
	at org.apache.hadoop.security.UserGroupInformation.doAs(UserGroupInformation.java:1730)
	at org.apache.hadoop.ipc.Server$Handler.run(Server.java:2682)
2019-10-16 06:06:23,024 [main] INFO  retry.RetryInvocationHandler (RetryInvocationHandler.java:log(411)) - com.google.protobuf.ServiceException: org.apache.hadoop.ipc.RemoteException(java.lang.IllegalMonitorStateException): Releasing lock on resource /c8700572-93a0-4908-b857-29c3167df2c1/66f8d112-ad75-4a30-a09f-8e79421641d4 without acquiring lock
	at org.apache.hadoop.ozone.lock.LockManager.getLockForReleasing(LockManager.java:220)
	at org.apache.hadoop.ozone.lock.LockManager.release(LockManager.java:168)
	at org.apache.hadoop.ozone.lock.LockManager.writeUnlock(LockManager.java:148)
	at org.apache.hadoop.ozone.om.lock.OzoneManagerLock.unlock(OzoneManagerLock.java:364)
	at org.apache.hadoop.ozone.om.lock.OzoneManagerLock.releaseWriteLock(OzoneManagerLock.java:329)
	at org.apache.hadoop.ozone.om.request.key.OMKeyCommitRequest.validateAndUpdateCache(OMKeyCommitRequest.java:177)
	at org.apache.hadoop.ozone.protocolPB.OzoneManagerProtocolServerSideTranslatorPB.submitRequestDirectlyToOM(OzoneManagerProtocolServerSideTranslatorPB.java:219)
	at org.apache.hadoop.ozone.protocolPB.OzoneManagerProtocolServerSideTranslatorPB.processRequest(OzoneManagerProtocolServerSideTranslatorPB.java:134)
	at org.apache.hadoop.hdds.server.OzoneProtocolMessageDispatcher.processRequest(OzoneProtocolMessageDispatcher.java:72)
	at org.apache.hadoop.ozone.protocolPB.OzoneManagerProtocolServerSideTranslatorPB.submitRequest(OzoneManagerProtocolServerSideTranslatorPB.java:100)
	at org.apache.hadoop.ozone.protocol.proto.OzoneManagerProtocolProtos$OzoneManagerService$2.callBlockingMethod(OzoneManagerProtocolProtos.java)
	at org.apache.hadoop.ipc.ProtobufRpcEngine$Server$ProtoBufRpcInvoker.call(ProtobufRpcEngine.java:524)
	at org.apache.hadoop.ipc.RPC$Server.call(RPC.java:1025)
	at org.apache.hadoop.ipc.Server$RpcCall.run(Server.java:876)
	at org.apache.hadoop.ipc.Server$RpcCall.run(Server.java:822)
	at java.security.AccessController.doPrivileged(Native Method)
	at javax.security.auth.Subject.doAs(Subject.java:422)
	at org.apache.hadoop.security.UserGroupInformation.doAs(UserGroupInformation.java:1730)
	at org.apache.hadoop.ipc.Server$Handler.run(Server.java:2682)
, while invoking $Proxy37.submitRequest over nodeId=null,nodeAddress=localhost:42894 after 1 failover attempts. Trying to failover immediately.
2019-10-16 06:06:23,024 [IPC Server handler 9 on 42894] ERROR lock.LockManager (LockManager.java:getLockForReleasing(218)) - Trying to release the lock on /c8700572-93a0-4908-b857-29c3167df2c1/66f8d112-ad75-4a30-a09f-8e79421641d4, which was never acquired.
2019-10-16 06:06:23,024 [IPC Server handler 9 on 42894] WARN  ipc.Server (Server.java:logException(2724)) - IPC Server handler 9 on 42894, call Call#3777 Retry#2 org.apache.hadoop.ozone.om.protocol.OzoneManagerProtocol.submitRequest from 127.0.0.1:60690
java.lang.IllegalMonitorStateException: Releasing lock on resource /c8700572-93a0-4908-b857-29c3167df2c1/66f8d112-ad75-4a30-a09f-8e79421641d4 without acquiring lock
	at org.apache.hadoop.ozone.lock.LockManager.getLockForReleasing(LockManager.java:220)
	at org.apache.hadoop.ozone.lock.LockManager.release(LockManager.java:168)
	at org.apache.hadoop.ozone.lock.LockManager.writeUnlock(LockManager.java:148)
	at org.apache.hadoop.ozone.om.lock.OzoneManagerLock.unlock(OzoneManagerLock.java:364)
	at org.apache.hadoop.ozone.om.lock.OzoneManagerLock.releaseWriteLock(OzoneManagerLock.java:329)
	at org.apache.hadoop.ozone.om.request.key.OMKeyCommitRequest.validateAndUpdateCache(OMKeyCommitRequest.java:177)
	at org.apache.hadoop.ozone.protocolPB.OzoneManagerProtocolServerSideTranslatorPB.submitRequestDirectlyToOM(OzoneManagerProtocolServerSideTranslatorPB.java:219)
	at org.apache.hadoop.ozone.protocolPB.OzoneManagerProtocolServerSideTranslatorPB.processRequest(OzoneManagerProtocolServerSideTranslatorPB.java:134)
	at org.apache.hadoop.hdds.server.OzoneProtocolMessageDispatcher.processRequest(OzoneProtocolMessageDispatcher.java:72)
	at org.apache.hadoop.ozone.protocolPB.OzoneManagerProtocolServerSideTranslatorPB.submitRequest(OzoneManagerProtocolServerSideTranslatorPB.java:100)
	at org.apache.hadoop.ozone.protocol.proto.OzoneManagerProtocolProtos$OzoneManagerService$2.callBlockingMethod(OzoneManagerProtocolProtos.java)
	at org.apache.hadoop.ipc.ProtobufRpcEngine$Server$ProtoBufRpcInvoker.call(ProtobufRpcEngine.java:524)
	at org.apache.hadoop.ipc.RPC$Server.call(RPC.java:1025)
	at org.apache.hadoop.ipc.Server$RpcCall.run(Server.java:876)
	at org.apache.hadoop.ipc.Server$RpcCall.run(Server.java:822)
	at java.security.AccessController.doPrivileged(Native Method)
	at javax.security.auth.Subject.doAs(Subject.java:422)
	at org.apache.hadoop.security.UserGroupInformation.doAs(UserGroupInformation.java:1730)
	at org.apache.hadoop.ipc.Server$Handler.run(Server.java:2682)
2019-10-16 06:06:23,025 [main] INFO  retry.RetryInvocationHandler (RetryInvocationHandler.java:log(411)) - com.google.protobuf.ServiceException: org.apache.hadoop.ipc.RemoteException(java.lang.IllegalMonitorStateException): Releasing lock on resource /c8700572-93a0-4908-b857-29c3167df2c1/66f8d112-ad75-4a30-a09f-8e79421641d4 without acquiring lock
	at org.apache.hadoop.ozone.lock.LockManager.getLockForReleasing(LockManager.java:220)
	at org.apache.hadoop.ozone.lock.LockManager.release(LockManager.java:168)
	at org.apache.hadoop.ozone.lock.LockManager.writeUnlock(LockManager.java:148)
	at org.apache.hadoop.ozone.om.lock.OzoneManagerLock.unlock(OzoneManagerLock.java:364)
	at org.apache.hadoop.ozone.om.lock.OzoneManagerLock.releaseWriteLock(OzoneManagerLock.java:329)
	at org.apache.hadoop.ozone.om.request.key.OMKeyCommitRequest.validateAndUpdateCache(OMKeyCommitRequest.java:177)
	at org.apache.hadoop.ozone.protocolPB.OzoneManagerProtocolServerSideTranslatorPB.submitRequestDirectlyToOM(OzoneManagerProtocolServerSideTranslatorPB.java:219)
	at org.apache.hadoop.ozone.protocolPB.OzoneManagerProtocolServerSideTranslatorPB.processRequest(OzoneManagerProtocolServerSideTranslatorPB.java:134)
	at org.apache.hadoop.hdds.server.OzoneProtocolMessageDispatcher.processRequest(OzoneProtocolMessageDispatcher.java:72)
	at org.apache.hadoop.ozone.protocolPB.OzoneManagerProtocolServerSideTranslatorPB.submitRequest(OzoneManagerProtocolServerSideTranslatorPB.java:100)
	at org.apache.hadoop.ozone.protocol.proto.OzoneManagerProtocolProtos$OzoneManagerService$2.callBlockingMethod(OzoneManagerProtocolProtos.java)
	at org.apache.hadoop.ipc.ProtobufRpcEngine$Server$ProtoBufRpcInvoker.call(ProtobufRpcEngine.java:524)
	at org.apache.hadoop.ipc.RPC$Server.call(RPC.java:1025)
	at org.apache.hadoop.ipc.Server$RpcCall.run(Server.java:876)
	at org.apache.hadoop.ipc.Server$RpcCall.run(Server.java:822)
	at java.security.AccessController.doPrivileged(Native Method)
	at javax.security.auth.Subject.doAs(Subject.java:422)
	at org.apache.hadoop.security.UserGroupInformation.doAs(UserGroupInformation.java:1730)
	at org.apache.hadoop.ipc.Server$Handler.run(Server.java:2682)
, while invoking $Proxy37.submitRequest over nodeId=null,nodeAddress=localhost:42894 after 2 failover attempts. Trying to failover immediately.
2019-10-16 06:06:23,026 [IPC Server handler 0 on 42894] ERROR lock.LockManager (LockManager.java:getLockForReleasing(218)) - Trying to release the lock on /c8700572-93a0-4908-b857-29c3167df2c1/66f8d112-ad75-4a30-a09f-8e79421641d4, which was never acquired.
2019-10-16 06:06:23,026 [IPC Server handler 0 on 42894] WARN  ipc.Server (Server.java:logException(2724)) - IPC Server handler 0 on 42894, call Call#3777 Retry#3 org.apache.hadoop.ozone.om.protocol.OzoneManagerProtocol.submitRequest from 127.0.0.1:60690
java.lang.IllegalMonitorStateException: Releasing lock on resource /c8700572-93a0-4908-b857-29c3167df2c1/66f8d112-ad75-4a30-a09f-8e79421641d4 without acquiring lock
	at org.apache.hadoop.ozone.lock.LockManager.getLockForReleasing(LockManager.java:220)
	at org.apache.hadoop.ozone.lock.LockManager.release(LockManager.java:168)
	at org.apache.hadoop.ozone.lock.LockManager.writeUnlock(LockManager.java:148)
	at org.apache.hadoop.ozone.om.lock.OzoneManagerLock.unlock(OzoneManagerLock.java:364)
	at org.apache.hadoop.ozone.om.lock.OzoneManagerLock.releaseWriteLock(OzoneManagerLock.java:329)
	at org.apache.hadoop.ozone.om.request.key.OMKeyCommitRequest.validateAndUpdateCache(OMKeyCommitRequest.java:177)
	at org.apache.hadoop.ozone.protocolPB.OzoneManagerProtocolServerSideTranslatorPB.submitRequestDirectlyToOM(OzoneManagerProtocolServerSideTranslatorPB.java:219)
	at org.apache.hadoop.ozone.protocolPB.OzoneManagerProtocolServerSideTranslatorPB.processRequest(OzoneManagerProtocolServerSideTranslatorPB.java:134)
	at org.apache.hadoop.hdds.server.OzoneProtocolMessageDispatcher.processRequest(OzoneProtocolMessageDispatcher.java:72)
	at org.apache.hadoop.ozone.protocolPB.OzoneManagerProtocolServerSideTranslatorPB.submitRequest(OzoneManagerProtocolServerSideTranslatorPB.java:100)
	at org.apache.hadoop.ozone.protocol.proto.OzoneManagerProtocolProtos$OzoneManagerService$2.callBlockingMethod(OzoneManagerProtocolProtos.java)
	at org.apache.hadoop.ipc.ProtobufRpcEngine$Server$ProtoBufRpcInvoker.call(ProtobufRpcEngine.java:524)
	at org.apache.hadoop.ipc.RPC$Server.call(RPC.java:1025)
	at org.apache.hadoop.ipc.Server$RpcCall.run(Server.java:876)
	at org.apache.hadoop.ipc.Server$RpcCall.run(Server.java:822)
	at java.security.AccessController.doPrivileged(Native Method)
	at javax.security.auth.Subject.doAs(Subject.java:422)
	at org.apache.hadoop.security.UserGroupInformation.doAs(UserGroupInformation.java:1730)
	at org.apache.hadoop.ipc.Server$Handler.run(Server.java:2682)
2019-10-16 06:06:23,026 [main] INFO  retry.RetryInvocationHandler (RetryInvocationHandler.java:log(411)) - com.google.protobuf.ServiceException: org.apache.hadoop.ipc.RemoteException(java.lang.IllegalMonitorStateException): Releasing lock on resource /c8700572-93a0-4908-b857-29c3167df2c1/66f8d112-ad75-4a30-a09f-8e79421641d4 without acquiring lock
	at org.apache.hadoop.ozone.lock.LockManager.getLockForReleasing(LockManager.java:220)
	at org.apache.hadoop.ozone.lock.LockManager.release(LockManager.java:168)
	at org.apache.hadoop.ozone.lock.LockManager.writeUnlock(LockManager.java:148)
	at org.apache.hadoop.ozone.om.lock.OzoneManagerLock.unlock(OzoneManagerLock.java:364)
	at org.apache.hadoop.ozone.om.lock.OzoneManagerLock.releaseWriteLock(OzoneManagerLock.java:329)
	at org.apache.hadoop.ozone.om.request.key.OMKeyCommitRequest.validateAndUpdateCache(OMKeyCommitRequest.java:177)
	at org.apache.hadoop.ozone.protocolPB.OzoneManagerProtocolServerSideTranslatorPB.submitRequestDirectlyToOM(OzoneManagerProtocolServerSideTranslatorPB.java:219)
	at org.apache.hadoop.ozone.protocolPB.OzoneManagerProtocolServerSideTranslatorPB.processRequest(OzoneManagerProtocolServerSideTranslatorPB.java:134)
	at org.apache.hadoop.hdds.server.OzoneProtocolMessageDispatcher.processRequest(OzoneProtocolMessageDispatcher.java:72)
	at org.apache.hadoop.ozone.protocolPB.OzoneManagerProtocolServerSideTranslatorPB.submitRequest(OzoneManagerProtocolServerSideTranslatorPB.java:100)
	at org.apache.hadoop.ozone.protocol.proto.OzoneManagerProtocolProtos$OzoneManagerService$2.callBlockingMethod(OzoneManagerProtocolProtos.java)
	at org.apache.hadoop.ipc.ProtobufRpcEngine$Server$ProtoBufRpcInvoker.call(ProtobufRpcEngine.java:524)
	at org.apache.hadoop.ipc.RPC$Server.call(RPC.java:1025)
	at org.apache.hadoop.ipc.Server$RpcCall.run(Server.java:876)
	at org.apache.hadoop.ipc.Server$RpcCall.run(Server.java:822)
	at java.security.AccessController.doPrivileged(Native Method)
	at javax.security.auth.Subject.doAs(Subject.java:422)
	at org.apache.hadoop.security.UserGroupInformation.doAs(UserGroupInformation.java:1730)
	at org.apache.hadoop.ipc.Server$Handler.run(Server.java:2682)
, while invoking $Proxy37.submitRequest over nodeId=null,nodeAddress=localhost:42894 after 3 failover attempts. Trying to failover immediately.
2019-10-16 06:06:23,027 [IPC Server handler 5 on 42894] ERROR lock.LockManager (LockManager.java:getLockForReleasing(218)) - Trying to release the lock on /c8700572-93a0-4908-b857-29c3167df2c1/66f8d112-ad75-4a30-a09f-8e79421641d4, which was never acquired.
2019-10-16 06:06:23,027 [IPC Server handler 5 on 42894] WARN  ipc.Server (Server.java:logException(2724)) - IPC Server handler 5 on 42894, call Call#3777 Retry#4 org.apache.hadoop.ozone.om.protocol.OzoneManagerProtocol.submitRequest from 127.0.0.1:60690
java.lang.IllegalMonitorStateException: Releasing lock on resource /c8700572-93a0-4908-b857-29c3167df2c1/66f8d112-ad75-4a30-a09f-8e79421641d4 without acquiring lock
	at org.apache.hadoop.ozone.lock.LockManager.getLockForReleasing(LockManager.java:220)
	at org.apache.hadoop.ozone.lock.LockManager.release(LockManager.java:168)
	at org.apache.hadoop.ozone.lock.LockManager.writeUnlock(LockManager.java:148)
	at org.apache.hadoop.ozone.om.lock.OzoneManagerLock.unlock(OzoneManagerLock.java:364)
	at org.apache.hadoop.ozone.om.lock.OzoneManagerLock.releaseWriteLock(OzoneManagerLock.java:329)
	at org.apache.hadoop.ozone.om.request.key.OMKeyCommitRequest.validateAndUpdateCache(OMKeyCommitRequest.java:177)
	at org.apache.hadoop.ozone.protocolPB.OzoneManagerProtocolServerSideTranslatorPB.submitRequestDirectlyToOM(OzoneManagerProtocolServerSideTranslatorPB.java:219)
	at org.apache.hadoop.ozone.protocolPB.OzoneManagerProtocolServerSideTranslatorPB.processRequest(OzoneManagerProtocolServerSideTranslatorPB.java:134)
	at org.apache.hadoop.hdds.server.OzoneProtocolMessageDispatcher.processRequest(OzoneProtocolMessageDispatcher.java:72)
	at org.apache.hadoop.ozone.protocolPB.OzoneManagerProtocolServerSideTranslatorPB.submitRequest(OzoneManagerProtocolServerSideTranslatorPB.java:100)
	at org.apache.hadoop.ozone.protocol.proto.OzoneManagerProtocolProtos$OzoneManagerService$2.callBlockingMethod(OzoneManagerProtocolProtos.java)
	at org.apache.hadoop.ipc.ProtobufRpcEngine$Server$ProtoBufRpcInvoker.call(ProtobufRpcEngine.java:524)
	at org.apache.hadoop.ipc.RPC$Server.call(RPC.java:1025)
	at org.apache.hadoop.ipc.Server$RpcCall.run(Server.java:876)
	at org.apache.hadoop.ipc.Server$RpcCall.run(Server.java:822)
	at java.security.AccessController.doPrivileged(Native Method)
	at javax.security.auth.Subject.doAs(Subject.java:422)
	at org.apache.hadoop.security.UserGroupInformation.doAs(UserGroupInformation.java:1730)
	at org.apache.hadoop.ipc.Server$Handler.run(Server.java:2682)
2019-10-16 06:06:23,027 [main] INFO  retry.RetryInvocationHandler (RetryInvocationHandler.java:log(411)) - com.google.protobuf.ServiceException: org.apache.hadoop.ipc.RemoteException(java.lang.IllegalMonitorStateException): Releasing lock on resource /c8700572-93a0-4908-b857-29c3167df2c1/66f8d112-ad75-4a30-a09f-8e79421641d4 without acquiring lock
	at org.apache.hadoop.ozone.lock.LockManager.getLockForReleasing(LockManager.java:220)
	at org.apache.hadoop.ozone.lock.LockManager.release(LockManager.java:168)
	at org.apache.hadoop.ozone.lock.LockManager.writeUnlock(LockManager.java:148)
	at org.apache.hadoop.ozone.om.lock.OzoneManagerLock.unlock(OzoneManagerLock.java:364)
	at org.apache.hadoop.ozone.om.lock.OzoneManagerLock.releaseWriteLock(OzoneManagerLock.java:329)
	at org.apache.hadoop.ozone.om.request.key.OMKeyCommitRequest.validateAndUpdateCache(OMKeyCommitRequest.java:177)
	at org.apache.hadoop.ozone.protocolPB.OzoneManagerProtocolServerSideTranslatorPB.submitRequestDirectlyToOM(OzoneManagerProtocolServerSideTranslatorPB.java:219)
	at org.apache.hadoop.ozone.protocolPB.OzoneManagerProtocolServerSideTranslatorPB.processRequest(OzoneManagerProtocolServerSideTranslatorPB.java:134)
	at org.apache.hadoop.hdds.server.OzoneProtocolMessageDispatcher.processRequest(OzoneProtocolMessageDispatcher.java:72)
	at org.apache.hadoop.ozone.protocolPB.OzoneManagerProtocolServerSideTranslatorPB.submitRequest(OzoneManagerProtocolServerSideTranslatorPB.java:100)
	at org.apache.hadoop.ozone.protocol.proto.OzoneManagerProtocolProtos$OzoneManagerService$2.callBlockingMethod(OzoneManagerProtocolProtos.java)
	at org.apache.hadoop.ipc.ProtobufRpcEngine$Server$ProtoBufRpcInvoker.call(ProtobufRpcEngine.java:524)
	at org.apache.hadoop.ipc.RPC$Server.call(RPC.java:1025)
	at org.apache.hadoop.ipc.Server$RpcCall.run(Server.java:876)
	at org.apache.hadoop.ipc.Server$RpcCall.run(Server.java:822)
	at java.security.AccessController.doPrivileged(Native Method)
	at javax.security.auth.Subject.doAs(Subject.java:422)
	at org.apache.hadoop.security.UserGroupInformation.doAs(UserGroupInformation.java:1730)
	at org.apache.hadoop.ipc.Server$Handler.run(Server.java:2682)
, while invoking $Proxy37.submitRequest over nodeId=null,nodeAddress=localhost:42894 after 4 failover attempts. Trying to failover immediately.
2019-10-16 06:06:23,028 [IPC Server handler 11 on 42894] ERROR lock.LockManager (LockManager.java:getLockForReleasing(218)) - Trying to release the lock on /c8700572-93a0-4908-b857-29c3167df2c1/66f8d112-ad75-4a30-a09f-8e79421641d4, which was never acquired.
2019-10-16 06:06:23,028 [IPC Server handler 11 on 42894] WARN  ipc.Server (Server.java:logException(2724)) - IPC Server handler 11 on 42894, call Call#3777 Retry#5 org.apache.hadoop.ozone.om.protocol.OzoneManagerProtocol.submitRequest from 127.0.0.1:60690
java.lang.IllegalMonitorStateException: Releasing lock on resource /c8700572-93a0-4908-b857-29c3167df2c1/66f8d112-ad75-4a30-a09f-8e79421641d4 without acquiring lock
	at org.apache.hadoop.ozone.lock.LockManager.getLockForReleasing(LockManager.java:220)
	at org.apache.hadoop.ozone.lock.LockManager.release(LockManager.java:168)
	at org.apache.hadoop.ozone.lock.LockManager.writeUnlock(LockManager.java:148)
	at org.apache.hadoop.ozone.om.lock.OzoneManagerLock.unlock(OzoneManagerLock.java:364)
	at org.apache.hadoop.ozone.om.lock.OzoneManagerLock.releaseWriteLock(OzoneManagerLock.java:329)
	at org.apache.hadoop.ozone.om.request.key.OMKeyCommitRequest.validateAndUpdateCache(OMKeyCommitRequest.java:177)
	at org.apache.hadoop.ozone.protocolPB.OzoneManagerProtocolServerSideTranslatorPB.submitRequestDirectlyToOM(OzoneManagerProtocolServerSideTranslatorPB.java:219)
	at org.apache.hadoop.ozone.protocolPB.OzoneManagerProtocolServerSideTranslatorPB.processRequest(OzoneManagerProtocolServerSideTranslatorPB.java:134)
	at org.apache.hadoop.hdds.server.OzoneProtocolMessageDispatcher.processRequest(OzoneProtocolMessageDispatcher.java:72)
	at org.apache.hadoop.ozone.protocolPB.OzoneManagerProtocolServerSideTranslatorPB.submitRequest(OzoneManagerProtocolServerSideTranslatorPB.java:100)
	at org.apache.hadoop.ozone.protocol.proto.OzoneManagerProtocolProtos$OzoneManagerService$2.callBlockingMethod(OzoneManagerProtocolProtos.java)
	at org.apache.hadoop.ipc.ProtobufRpcEngine$Server$ProtoBufRpcInvoker.call(ProtobufRpcEngine.java:524)
	at org.apache.hadoop.ipc.RPC$Server.call(RPC.java:1025)
	at org.apache.hadoop.ipc.Server$RpcCall.run(Server.java:876)
	at org.apache.hadoop.ipc.Server$RpcCall.run(Server.java:822)
	at java.security.AccessController.doPrivileged(Native Method)
	at javax.security.auth.Subject.doAs(Subject.java:422)
	at org.apache.hadoop.security.UserGroupInformation.doAs(UserGroupInformation.java:1730)
	at org.apache.hadoop.ipc.Server$Handler.run(Server.java:2682)
2019-10-16 06:06:23,029 [main] INFO  retry.RetryInvocationHandler (RetryInvocationHandler.java:log(411)) - com.google.protobuf.ServiceException: org.apache.hadoop.ipc.RemoteException(java.lang.IllegalMonitorStateException): Releasing lock on resource /c8700572-93a0-4908-b857-29c3167df2c1/66f8d112-ad75-4a30-a09f-8e79421641d4 without acquiring lock
	at org.apache.hadoop.ozone.lock.LockManager.getLockForReleasing(LockManager.java:220)
	at org.apache.hadoop.ozone.lock.LockManager.release(LockManager.java:168)
	at org.apache.hadoop.ozone.lock.LockManager.writeUnlock(LockManager.java:148)
	at org.apache.hadoop.ozone.om.lock.OzoneManagerLock.unlock(OzoneManagerLock.java:364)
	at org.apache.hadoop.ozone.om.lock.OzoneManagerLock.releaseWriteLock(OzoneManagerLock.java:329)
	at org.apache.hadoop.ozone.om.request.key.OMKeyCommitRequest.validateAndUpdateCache(OMKeyCommitRequest.java:177)
	at org.apache.hadoop.ozone.protocolPB.OzoneManagerProtocolServerSideTranslatorPB.submitRequestDirectlyToOM(OzoneManagerProtocolServerSideTranslatorPB.java:219)
	at org.apache.hadoop.ozone.protocolPB.OzoneManagerProtocolServerSideTranslatorPB.processRequest(OzoneManagerProtocolServerSideTranslatorPB.java:134)
	at org.apache.hadoop.hdds.server.OzoneProtocolMessageDispatcher.processRequest(OzoneProtocolMessageDispatcher.java:72)
	at org.apache.hadoop.ozone.protocolPB.OzoneManagerProtocolServerSideTranslatorPB.submitRequest(OzoneManagerProtocolServerSideTranslatorPB.java:100)
	at org.apache.hadoop.ozone.protocol.proto.OzoneManagerProtocolProtos$OzoneManagerService$2.callBlockingMethod(OzoneManagerProtocolProtos.java)
	at org.apache.hadoop.ipc.ProtobufRpcEngine$Server$ProtoBufRpcInvoker.call(ProtobufRpcEngine.java:524)
	at org.apache.hadoop.ipc.RPC$Server.call(RPC.java:1025)
	at org.apache.hadoop.ipc.Server$RpcCall.run(Server.java:876)
	at org.apache.hadoop.ipc.Server$RpcCall.run(Server.java:822)
	at java.security.AccessController.doPrivileged(Native Method)
	at javax.security.auth.Subject.doAs(Subject.java:422)
	at org.apache.hadoop.security.UserGroupInformation.doAs(UserGroupInformation.java:1730)
	at org.apache.hadoop.ipc.Server$Handler.run(Server.java:2682)
, while invoking $Proxy37.submitRequest over nodeId=null,nodeAddress=localhost:42894 after 5 failover attempts. Trying to failover immediately.
2019-10-16 06:06:23,029 [IPC Server handler 3 on 42894] ERROR lock.LockManager (LockManager.java:getLockForReleasing(218)) - Trying to release the lock on /c8700572-93a0-4908-b857-29c3167df2c1/66f8d112-ad75-4a30-a09f-8e79421641d4, which was never acquired.
2019-10-16 06:06:23,029 [IPC Server handler 3 on 42894] WARN  ipc.Server (Server.java:logException(2724)) - IPC Server handler 3 on 42894, call Call#3777 Retry#6 org.apache.hadoop.ozone.om.protocol.OzoneManagerProtocol.submitRequest from 127.0.0.1:60690
java.lang.IllegalMonitorStateException: Releasing lock on resource /c8700572-93a0-4908-b857-29c3167df2c1/66f8d112-ad75-4a30-a09f-8e79421641d4 without acquiring lock
	at org.apache.hadoop.ozone.lock.LockManager.getLockForReleasing(LockManager.java:220)
	at org.apache.hadoop.ozone.lock.LockManager.release(LockManager.java:168)
	at org.apache.hadoop.ozone.lock.LockManager.writeUnlock(LockManager.java:148)
	at org.apache.hadoop.ozone.om.lock.OzoneManagerLock.unlock(OzoneManagerLock.java:364)
	at org.apache.hadoop.ozone.om.lock.OzoneManagerLock.releaseWriteLock(OzoneManagerLock.java:329)
	at org.apache.hadoop.ozone.om.request.key.OMKeyCommitRequest.validateAndUpdateCache(OMKeyCommitRequest.java:177)
	at org.apache.hadoop.ozone.protocolPB.OzoneManagerProtocolServerSideTranslatorPB.submitRequestDirectlyToOM(OzoneManagerProtocolServerSideTranslatorPB.java:219)
	at org.apache.hadoop.ozone.protocolPB.OzoneManagerProtocolServerSideTranslatorPB.processRequest(OzoneManagerProtocolServerSideTranslatorPB.java:134)
	at org.apache.hadoop.hdds.server.OzoneProtocolMessageDispatcher.processRequest(OzoneProtocolMessageDispatcher.java:72)
	at org.apache.hadoop.ozone.protocolPB.OzoneManagerProtocolServerSideTranslatorPB.submitRequest(OzoneManagerProtocolServerSideTranslatorPB.java:100)
	at org.apache.hadoop.ozone.protocol.proto.OzoneManagerProtocolProtos$OzoneManagerService$2.callBlockingMethod(OzoneManagerProtocolProtos.java)
	at org.apache.hadoop.ipc.ProtobufRpcEngine$Server$ProtoBufRpcInvoker.call(ProtobufRpcEngine.java:524)
	at org.apache.hadoop.ipc.RPC$Server.call(RPC.java:1025)
	at org.apache.hadoop.ipc.Server$RpcCall.run(Server.java:876)
	at org.apache.hadoop.ipc.Server$RpcCall.run(Server.java:822)
	at java.security.AccessController.doPrivileged(Native Method)
	at javax.security.auth.Subject.doAs(Subject.java:422)
	at org.apache.hadoop.security.UserGroupInformation.doAs(UserGroupInformation.java:1730)
	at org.apache.hadoop.ipc.Server$Handler.run(Server.java:2682)
2019-10-16 06:06:23,030 [main] INFO  retry.RetryInvocationHandler (RetryInvocationHandler.java:log(411)) - com.google.protobuf.ServiceException: org.apache.hadoop.ipc.RemoteException(java.lang.IllegalMonitorStateException): Releasing lock on resource /c8700572-93a0-4908-b857-29c3167df2c1/66f8d112-ad75-4a30-a09f-8e79421641d4 without acquiring lock
	at org.apache.hadoop.ozone.lock.LockManager.getLockForReleasing(LockManager.java:220)
	at org.apache.hadoop.ozone.lock.LockManager.release(LockManager.java:168)
	at org.apache.hadoop.ozone.lock.LockManager.writeUnlock(LockManager.java:148)
	at org.apache.hadoop.ozone.om.lock.OzoneManagerLock.unlock(OzoneManagerLock.java:364)
	at org.apache.hadoop.ozone.om.lock.OzoneManagerLock.releaseWriteLock(OzoneManagerLock.java:329)
	at org.apache.hadoop.ozone.om.request.key.OMKeyCommitRequest.validateAndUpdateCache(OMKeyCommitRequest.java:177)
	at org.apache.hadoop.ozone.protocolPB.OzoneManagerProtocolServerSideTranslatorPB.submitRequestDirectlyToOM(OzoneManagerProtocolServerSideTranslatorPB.java:219)
	at org.apache.hadoop.ozone.protocolPB.OzoneManagerProtocolServerSideTranslatorPB.processRequest(OzoneManagerProtocolServerSideTranslatorPB.java:134)
	at org.apache.hadoop.hdds.server.OzoneProtocolMessageDispatcher.processRequest(OzoneProtocolMessageDispatcher.java:72)
	at org.apache.hadoop.ozone.protocolPB.OzoneManagerProtocolServerSideTranslatorPB.submitRequest(OzoneManagerProtocolServerSideTranslatorPB.java:100)
	at org.apache.hadoop.ozone.protocol.proto.OzoneManagerProtocolProtos$OzoneManagerService$2.callBlockingMethod(OzoneManagerProtocolProtos.java)
	at org.apache.hadoop.ipc.ProtobufRpcEngine$Server$ProtoBufRpcInvoker.call(ProtobufRpcEngine.java:524)
	at org.apache.hadoop.ipc.RPC$Server.call(RPC.java:1025)
	at org.apache.hadoop.ipc.Server$RpcCall.run(Server.java:876)
	at org.apache.hadoop.ipc.Server$RpcCall.run(Server.java:822)
	at java.security.AccessController.doPrivileged(Native Method)
	at javax.security.auth.Subject.doAs(Subject.java:422)
	at org.apache.hadoop.security.UserGroupInformation.doAs(UserGroupInformation.java:1730)
	at org.apache.hadoop.ipc.Server$Handler.run(Server.java:2682)
, while invoking $Proxy37.submitRequest over nodeId=null,nodeAddress=localhost:42894 after 6 failover attempts. Trying to failover immediately.
2019-10-16 06:06:23,031 [IPC Server handler 7 on 42894] ERROR lock.LockManager (LockManager.java:getLockForReleasing(218)) - Trying to release the lock on /c8700572-93a0-4908-b857-29c3167df2c1/66f8d112-ad75-4a30-a09f-8e79421641d4, which was never acquired.
2019-10-16 06:06:23,031 [IPC Server handler 7 on 42894] WARN  ipc.Server (Server.java:logException(2724)) - IPC Server handler 7 on 42894, call Call#3777 Retry#7 org.apache.hadoop.ozone.om.protocol.OzoneManagerProtocol.submitRequest from 127.0.0.1:60690
java.lang.IllegalMonitorStateException: Releasing lock on resource /c8700572-93a0-4908-b857-29c3167df2c1/66f8d112-ad75-4a30-a09f-8e79421641d4 without acquiring lock
	at org.apache.hadoop.ozone.lock.LockManager.getLockForReleasing(LockManager.java:220)
	at org.apache.hadoop.ozone.lock.LockManager.release(LockManager.java:168)
	at org.apache.hadoop.ozone.lock.LockManager.writeUnlock(LockManager.java:148)
	at org.apache.hadoop.ozone.om.lock.OzoneManagerLock.unlock(OzoneManagerLock.java:364)
	at org.apache.hadoop.ozone.om.lock.OzoneManagerLock.releaseWriteLock(OzoneManagerLock.java:329)
	at org.apache.hadoop.ozone.om.request.key.OMKeyCommitRequest.validateAndUpdateCache(OMKeyCommitRequest.java:177)
	at org.apache.hadoop.ozone.protocolPB.OzoneManagerProtocolServerSideTranslatorPB.submitRequestDirectlyToOM(OzoneManagerProtocolServerSideTranslatorPB.java:219)
	at org.apache.hadoop.ozone.protocolPB.OzoneManagerProtocolServerSideTranslatorPB.processRequest(OzoneManagerProtocolServerSideTranslatorPB.java:134)
	at org.apache.hadoop.hdds.server.OzoneProtocolMessageDispatcher.processRequest(OzoneProtocolMessageDispatcher.java:72)
	at org.apache.hadoop.ozone.protocolPB.OzoneManagerProtocolServerSideTranslatorPB.submitRequest(OzoneManagerProtocolServerSideTranslatorPB.java:100)
	at org.apache.hadoop.ozone.protocol.proto.OzoneManagerProtocolProtos$OzoneManagerService$2.callBlockingMethod(OzoneManagerProtocolProtos.java)
	at org.apache.hadoop.ipc.ProtobufRpcEngine$Server$ProtoBufRpcInvoker.call(ProtobufRpcEngine.java:524)
	at org.apache.hadoop.ipc.RPC$Server.call(RPC.java:1025)
	at org.apache.hadoop.ipc.Server$RpcCall.run(Server.java:876)
	at org.apache.hadoop.ipc.Server$RpcCall.run(Server.java:822)
	at java.security.AccessController.doPrivileged(Native Method)
	at javax.security.auth.Subject.doAs(Subject.java:422)
	at org.apache.hadoop.security.UserGroupInformation.doAs(UserGroupInformation.java:1730)
	at org.apache.hadoop.ipc.Server$Handler.run(Server.java:2682)
2019-10-16 06:06:23,031 [main] INFO  retry.RetryInvocationHandler (RetryInvocationHandler.java:log(411)) - com.google.protobuf.ServiceException: org.apache.hadoop.ipc.RemoteException(java.lang.IllegalMonitorStateException): Releasing lock on resource /c8700572-93a0-4908-b857-29c3167df2c1/66f8d112-ad75-4a30-a09f-8e79421641d4 without acquiring lock
	at org.apache.hadoop.ozone.lock.LockManager.getLockForReleasing(LockManager.java:220)
	at org.apache.hadoop.ozone.lock.LockManager.release(LockManager.java:168)
	at org.apache.hadoop.ozone.lock.LockManager.writeUnlock(LockManager.java:148)
	at org.apache.hadoop.ozone.om.lock.OzoneManagerLock.unlock(OzoneManagerLock.java:364)
	at org.apache.hadoop.ozone.om.lock.OzoneManagerLock.releaseWriteLock(OzoneManagerLock.java:329)
	at org.apache.hadoop.ozone.om.request.key.OMKeyCommitRequest.validateAndUpdateCache(OMKeyCommitRequest.java:177)
	at org.apache.hadoop.ozone.protocolPB.OzoneManagerProtocolServerSideTranslatorPB.submitRequestDirectlyToOM(OzoneManagerProtocolServerSideTranslatorPB.java:219)
	at org.apache.hadoop.ozone.protocolPB.OzoneManagerProtocolServerSideTranslatorPB.processRequest(OzoneManagerProtocolServerSideTranslatorPB.java:134)
	at org.apache.hadoop.hdds.server.OzoneProtocolMessageDispatcher.processRequest(OzoneProtocolMessageDispatcher.java:72)
	at org.apache.hadoop.ozone.protocolPB.OzoneManagerProtocolServerSideTranslatorPB.submitRequest(OzoneManagerProtocolServerSideTranslatorPB.java:100)
	at org.apache.hadoop.ozone.protocol.proto.OzoneManagerProtocolProtos$OzoneManagerService$2.callBlockingMethod(OzoneManagerProtocolProtos.java)
	at org.apache.hadoop.ipc.ProtobufRpcEngine$Server$ProtoBufRpcInvoker.call(ProtobufRpcEngine.java:524)
	at org.apache.hadoop.ipc.RPC$Server.call(RPC.java:1025)
	at org.apache.hadoop.ipc.Server$RpcCall.run(Server.java:876)
	at org.apache.hadoop.ipc.Server$RpcCall.run(Server.java:822)
	at java.security.AccessController.doPrivileged(Native Method)
	at javax.security.auth.Subject.doAs(Subject.java:422)
	at org.apache.hadoop.security.UserGroupInformation.doAs(UserGroupInformation.java:1730)
	at org.apache.hadoop.ipc.Server$Handler.run(Server.java:2682)
, while invoking $Proxy37.submitRequest over nodeId=null,nodeAddress=localhost:42894 after 7 failover attempts. Trying to failover immediately.
2019-10-16 06:06:23,032 [IPC Server handler 18 on 42894] ERROR lock.LockManager (LockManager.java:getLockForReleasing(218)) - Trying to release the lock on /c8700572-93a0-4908-b857-29c3167df2c1/66f8d112-ad75-4a30-a09f-8e79421641d4, which was never acquired.
2019-10-16 06:06:23,032 [IPC Server handler 18 on 42894] WARN  ipc.Server (Server.java:logException(2724)) - IPC Server handler 18 on 42894, call Call#3777 Retry#8 org.apache.hadoop.ozone.om.protocol.OzoneManagerProtocol.submitRequest from 127.0.0.1:60690
java.lang.IllegalMonitorStateException: Releasing lock on resource /c8700572-93a0-4908-b857-29c3167df2c1/66f8d112-ad75-4a30-a09f-8e79421641d4 without acquiring lock
	at org.apache.hadoop.ozone.lock.LockManager.getLockForReleasing(LockManager.java:220)
	at org.apache.hadoop.ozone.lock.LockManager.release(LockManager.java:168)
	at org.apache.hadoop.ozone.lock.LockManager.writeUnlock(LockManager.java:148)
	at org.apache.hadoop.ozone.om.lock.OzoneManagerLock.unlock(OzoneManagerLock.java:364)
	at org.apache.hadoop.ozone.om.lock.OzoneManagerLock.releaseWriteLock(OzoneManagerLock.java:329)
	at org.apache.hadoop.ozone.om.request.key.OMKeyCommitRequest.validateAndUpdateCache(OMKeyCommitRequest.java:177)
	at org.apache.hadoop.ozone.protocolPB.OzoneManagerProtocolServerSideTranslatorPB.submitRequestDirectlyToOM(OzoneManagerProtocolServerSideTranslatorPB.java:219)
	at org.apache.hadoop.ozone.protocolPB.OzoneManagerProtocolServerSideTranslatorPB.processRequest(OzoneManagerProtocolServerSideTranslatorPB.java:134)
	at org.apache.hadoop.hdds.server.OzoneProtocolMessageDispatcher.processRequest(OzoneProtocolMessageDispatcher.java:72)
	at org.apache.hadoop.ozone.protocolPB.OzoneManagerProtocolServerSideTranslatorPB.submitRequest(OzoneManagerProtocolServerSideTranslatorPB.java:100)
	at org.apache.hadoop.ozone.protocol.proto.OzoneManagerProtocolProtos$OzoneManagerService$2.callBlockingMethod(OzoneManagerProtocolProtos.java)
	at org.apache.hadoop.ipc.ProtobufRpcEngine$Server$ProtoBufRpcInvoker.call(ProtobufRpcEngine.java:524)
	at org.apache.hadoop.ipc.RPC$Server.call(RPC.java:1025)
	at org.apache.hadoop.ipc.Server$RpcCall.run(Server.java:876)
	at org.apache.hadoop.ipc.Server$RpcCall.run(Server.java:822)
	at java.security.AccessController.doPrivileged(Native Method)
	at javax.security.auth.Subject.doAs(Subject.java:422)
	at org.apache.hadoop.security.UserGroupInformation.doAs(UserGroupInformation.java:1730)
	at org.apache.hadoop.ipc.Server$Handler.run(Server.java:2682)
2019-10-16 06:06:23,033 [main] INFO  retry.RetryInvocationHandler (RetryInvocationHandler.java:log(411)) - com.google.protobuf.ServiceException: org.apache.hadoop.ipc.RemoteException(java.lang.IllegalMonitorStateException): Releasing lock on resource /c8700572-93a0-4908-b857-29c3167df2c1/66f8d112-ad75-4a30-a09f-8e79421641d4 without acquiring lock
	at org.apache.hadoop.ozone.lock.LockManager.getLockForReleasing(LockManager.java:220)
	at org.apache.hadoop.ozone.lock.LockManager.release(LockManager.java:168)
	at org.apache.hadoop.ozone.lock.LockManager.writeUnlock(LockManager.java:148)
	at org.apache.hadoop.ozone.om.lock.OzoneManagerLock.unlock(OzoneManagerLock.java:364)
	at org.apache.hadoop.ozone.om.lock.OzoneManagerLock.releaseWriteLock(OzoneManagerLock.java:329)
	at org.apache.hadoop.ozone.om.request.key.OMKeyCommitRequest.validateAndUpdateCache(OMKeyCommitRequest.java:177)
	at org.apache.hadoop.ozone.protocolPB.OzoneManagerProtocolServerSideTranslatorPB.submitRequestDirectlyToOM(OzoneManagerProtocolServerSideTranslatorPB.java:219)
	at org.apache.hadoop.ozone.protocolPB.OzoneManagerProtocolServerSideTranslatorPB.processRequest(OzoneManagerProtocolServerSideTranslatorPB.java:134)
	at org.apache.hadoop.hdds.server.OzoneProtocolMessageDispatcher.processRequest(OzoneProtocolMessageDispatcher.java:72)
	at org.apache.hadoop.ozone.protocolPB.OzoneManagerProtocolServerSideTranslatorPB.submitRequest(OzoneManagerProtocolServerSideTranslatorPB.java:100)
	at org.apache.hadoop.ozone.protocol.proto.OzoneManagerProtocolProtos$OzoneManagerService$2.callBlockingMethod(OzoneManagerProtocolProtos.java)
	at org.apache.hadoop.ipc.ProtobufRpcEngine$Server$ProtoBufRpcInvoker.call(ProtobufRpcEngine.java:524)
	at org.apache.hadoop.ipc.RPC$Server.call(RPC.java:1025)
	at org.apache.hadoop.ipc.Server$RpcCall.run(Server.java:876)
	at org.apache.hadoop.ipc.Server$RpcCall.run(Server.java:822)
	at java.security.AccessController.doPrivileged(Native Method)
	at javax.security.auth.Subject.doAs(Subject.java:422)
	at org.apache.hadoop.security.UserGroupInformation.doAs(UserGroupInformation.java:1730)
	at org.apache.hadoop.ipc.Server$Handler.run(Server.java:2682)
, while invoking $Proxy37.submitRequest over nodeId=null,nodeAddress=localhost:42894 after 8 failover attempts. Trying to failover immediately.
2019-10-16 06:06:23,034 [IPC Server handler 16 on 42894] ERROR lock.LockManager (LockManager.java:getLockForReleasing(218)) - Trying to release the lock on /c8700572-93a0-4908-b857-29c3167df2c1/66f8d112-ad75-4a30-a09f-8e79421641d4, which was never acquired.
2019-10-16 06:06:23,034 [IPC Server handler 16 on 42894] WARN  ipc.Server (Server.java:logException(2724)) - IPC Server handler 16 on 42894, call Call#3777 Retry#9 org.apache.hadoop.ozone.om.protocol.OzoneManagerProtocol.submitRequest from 127.0.0.1:60690
java.lang.IllegalMonitorStateException: Releasing lock on resource /c8700572-93a0-4908-b857-29c3167df2c1/66f8d112-ad75-4a30-a09f-8e79421641d4 without acquiring lock
	at org.apache.hadoop.ozone.lock.LockManager.getLockForReleasing(LockManager.java:220)
	at org.apache.hadoop.ozone.lock.LockManager.release(LockManager.java:168)
	at org.apache.hadoop.ozone.lock.LockManager.writeUnlock(LockManager.java:148)
	at org.apache.hadoop.ozone.om.lock.OzoneManagerLock.unlock(OzoneManagerLock.java:364)
	at org.apache.hadoop.ozone.om.lock.OzoneManagerLock.releaseWriteLock(OzoneManagerLock.java:329)
	at org.apache.hadoop.ozone.om.request.key.OMKeyCommitRequest.validateAndUpdateCache(OMKeyCommitRequest.java:177)
	at org.apache.hadoop.ozone.protocolPB.OzoneManagerProtocolServerSideTranslatorPB.submitRequestDirectlyToOM(OzoneManagerProtocolServerSideTranslatorPB.java:219)
	at org.apache.hadoop.ozone.protocolPB.OzoneManagerProtocolServerSideTranslatorPB.processRequest(OzoneManagerProtocolServerSideTranslatorPB.java:134)
	at org.apache.hadoop.hdds.server.OzoneProtocolMessageDispatcher.processRequest(OzoneProtocolMessageDispatcher.java:72)
	at org.apache.hadoop.ozone.protocolPB.OzoneManagerProtocolServerSideTranslatorPB.submitRequest(OzoneManagerProtocolServerSideTranslatorPB.java:100)
	at org.apache.hadoop.ozone.protocol.proto.OzoneManagerProtocolProtos$OzoneManagerService$2.callBlockingMethod(OzoneManagerProtocolProtos.java)
	at org.apache.hadoop.ipc.ProtobufRpcEngine$Server$ProtoBufRpcInvoker.call(ProtobufRpcEngine.java:524)
	at org.apache.hadoop.ipc.RPC$Server.call(RPC.java:1025)
	at org.apache.hadoop.ipc.Server$RpcCall.run(Server.java:876)
	at org.apache.hadoop.ipc.Server$RpcCall.run(Server.java:822)
	at java.security.AccessController.doPrivileged(Native Method)
	at javax.security.auth.Subject.doAs(Subject.java:422)
	at org.apache.hadoop.security.UserGroupInformation.doAs(UserGroupInformation.java:1730)
	at org.apache.hadoop.ipc.Server$Handler.run(Server.java:2682)
2019-10-16 06:06:23,034 [main] INFO  retry.RetryInvocationHandler (RetryInvocationHandler.java:log(411)) - com.google.protobuf.ServiceException: org.apache.hadoop.ipc.RemoteException(java.lang.IllegalMonitorStateException): Releasing lock on resource /c8700572-93a0-4908-b857-29c3167df2c1/66f8d112-ad75-4a30-a09f-8e79421641d4 without acquiring lock
	at org.apache.hadoop.ozone.lock.LockManager.getLockForReleasing(LockManager.java:220)
	at org.apache.hadoop.ozone.lock.LockManager.release(LockManager.java:168)
	at org.apache.hadoop.ozone.lock.LockManager.writeUnlock(LockManager.java:148)
	at org.apache.hadoop.ozone.om.lock.OzoneManagerLock.unlock(OzoneManagerLock.java:364)
	at org.apache.hadoop.ozone.om.lock.OzoneManagerLock.releaseWriteLock(OzoneManagerLock.java:329)
	at org.apache.hadoop.ozone.om.request.key.OMKeyCommitRequest.validateAndUpdateCache(OMKeyCommitRequest.java:177)
	at org.apache.hadoop.ozone.protocolPB.OzoneManagerProtocolServerSideTranslatorPB.submitRequestDirectlyToOM(OzoneManagerProtocolServerSideTranslatorPB.java:219)
	at org.apache.hadoop.ozone.protocolPB.OzoneManagerProtocolServerSideTranslatorPB.processRequest(OzoneManagerProtocolServerSideTranslatorPB.java:134)
	at org.apache.hadoop.hdds.server.OzoneProtocolMessageDispatcher.processRequest(OzoneProtocolMessageDispatcher.java:72)
	at org.apache.hadoop.ozone.protocolPB.OzoneManagerProtocolServerSideTranslatorPB.submitRequest(OzoneManagerProtocolServerSideTranslatorPB.java:100)
	at org.apache.hadoop.ozone.protocol.proto.OzoneManagerProtocolProtos$OzoneManagerService$2.callBlockingMethod(OzoneManagerProtocolProtos.java)
	at org.apache.hadoop.ipc.ProtobufRpcEngine$Server$ProtoBufRpcInvoker.call(ProtobufRpcEngine.java:524)
	at org.apache.hadoop.ipc.RPC$Server.call(RPC.java:1025)
	at org.apache.hadoop.ipc.Server$RpcCall.run(Server.java:876)
	at org.apache.hadoop.ipc.Server$RpcCall.run(Server.java:822)
	at java.security.AccessController.doPrivileged(Native Method)
	at javax.security.auth.Subject.doAs(Subject.java:422)
	at org.apache.hadoop.security.UserGroupInformation.doAs(UserGroupInformation.java:1730)
	at org.apache.hadoop.ipc.Server$Handler.run(Server.java:2682)
, while invoking $Proxy37.submitRequest over nodeId=null,nodeAddress=localhost:42894 after 9 failover attempts. Trying to failover immediately.
2019-10-16 06:06:23,036 [IPC Server handler 8 on 42894] ERROR lock.LockManager (LockManager.java:getLockForReleasing(218)) - Trying to release the lock on /c8700572-93a0-4908-b857-29c3167df2c1/66f8d112-ad75-4a30-a09f-8e79421641d4, which was never acquired.
2019-10-16 06:06:23,036 [IPC Server handler 8 on 42894] WARN  ipc.Server (Server.java:logException(2724)) - IPC Server handler 8 on 42894, call Call#3777 Retry#10 org.apache.hadoop.ozone.om.protocol.OzoneManagerProtocol.submitRequest from 127.0.0.1:60690
java.lang.IllegalMonitorStateException: Releasing lock on resource /c8700572-93a0-4908-b857-29c3167df2c1/66f8d112-ad75-4a30-a09f-8e79421641d4 without acquiring lock
	at org.apache.hadoop.ozone.lock.LockManager.getLockForReleasing(LockManager.java:220)
	at org.apache.hadoop.ozone.lock.LockManager.release(LockManager.java:168)
	at org.apache.hadoop.ozone.lock.LockManager.writeUnlock(LockManager.java:148)
	at org.apache.hadoop.ozone.om.lock.OzoneManagerLock.unlock(OzoneManagerLock.java:364)
	at org.apache.hadoop.ozone.om.lock.OzoneManagerLock.releaseWriteLock(OzoneManagerLock.java:329)
	at org.apache.hadoop.ozone.om.request.key.OMKeyCommitRequest.validateAndUpdateCache(OMKeyCommitRequest.java:177)
	at org.apache.hadoop.ozone.protocolPB.OzoneManagerProtocolServerSideTranslatorPB.submitRequestDirectlyToOM(OzoneManagerProtocolServerSideTranslatorPB.java:219)
	at org.apache.hadoop.ozone.protocolPB.OzoneManagerProtocolServerSideTranslatorPB.processRequest(OzoneManagerProtocolServerSideTranslatorPB.java:134)
	at org.apache.hadoop.hdds.server.OzoneProtocolMessageDispatcher.processRequest(OzoneProtocolMessageDispatcher.java:72)
	at org.apache.hadoop.ozone.protocolPB.OzoneManagerProtocolServerSideTranslatorPB.submitRequest(OzoneManagerProtocolServerSideTranslatorPB.java:100)
	at org.apache.hadoop.ozone.protocol.proto.OzoneManagerProtocolProtos$OzoneManagerService$2.callBlockingMethod(OzoneManagerProtocolProtos.java)
	at org.apache.hadoop.ipc.ProtobufRpcEngine$Server$ProtoBufRpcInvoker.call(ProtobufRpcEngine.java:524)
	at org.apache.hadoop.ipc.RPC$Server.call(RPC.java:1025)
	at org.apache.hadoop.ipc.Server$RpcCall.run(Server.java:876)
	at org.apache.hadoop.ipc.Server$RpcCall.run(Server.java:822)
	at java.security.AccessController.doPrivileged(Native Method)
	at javax.security.auth.Subject.doAs(Subject.java:422)
	at org.apache.hadoop.security.UserGroupInformation.doAs(UserGroupInformation.java:1730)
	at org.apache.hadoop.ipc.Server$Handler.run(Server.java:2682)
2019-10-16 06:06:23,036 [main] ERROR ha.OMFailoverProxyProvider (OzoneManagerProtocolClientSideTranslatorPB.java:getRetryAction(268)) - Failed to connect to OM. Attempted 10 retries and 10 failovers
]]></system-out>
  </testcase>
  <testcase name="testPutKey" classname="org.apache.hadoop.ozone.client.rpc.TestSecureOzoneRpcClient" time="0.033">
    <error message="Releasing lock on resource /66ad3e5f-340c-433f-a0be-4ab335b1b56d/fa37e926-5028-43f9-ac3c-cee2b48f871a without acquiring lock&#10;	at org.apache.hadoop.ozone.lock.LockManager.getLockForReleasing(LockManager.java:220)&#10;	at org.apache.hadoop.ozone.lock.LockManager.release(LockManager.java:168)&#10;	at org.apache.hadoop.ozone.lock.LockManager.writeUnlock(LockManager.java:148)&#10;	at org.apache.hadoop.ozone.om.lock.OzoneManagerLock.unlock(OzoneManagerLock.java:364)&#10;	at org.apache.hadoop.ozone.om.lock.OzoneManagerLock.releaseWriteLock(OzoneManagerLock.java:329)&#10;	at org.apache.hadoop.ozone.om.request.key.OMKeyCommitRequest.validateAndUpdateCache(OMKeyCommitRequest.java:177)&#10;	at org.apache.hadoop.ozone.protocolPB.OzoneManagerProtocolServerSideTranslatorPB.submitRequestDirectlyToOM(OzoneManagerProtocolServerSideTranslatorPB.java:219)&#10;	at org.apache.hadoop.ozone.protocolPB.OzoneManagerProtocolServerSideTranslatorPB.processRequest(OzoneManagerProtocolServerSideTranslatorPB.java:134)&#10;	at org.apache.hadoop.hdds.server.OzoneProtocolMessageDispatcher.processRequest(OzoneProtocolMessageDispatcher.java:72)&#10;	at org.apache.hadoop.ozone.protocolPB.OzoneManagerProtocolServerSideTranslatorPB.submitRequest(OzoneManagerProtocolServerSideTranslatorPB.java:100)&#10;	at org.apache.hadoop.ozone.protocol.proto.OzoneManagerProtocolProtos$OzoneManagerService$2.callBlockingMethod(OzoneManagerProtocolProtos.java)&#10;	at org.apache.hadoop.ipc.ProtobufRpcEngine$Server$ProtoBufRpcInvoker.call(ProtobufRpcEngine.java:524)&#10;	at org.apache.hadoop.ipc.RPC$Server.call(RPC.java:1025)&#10;	at org.apache.hadoop.ipc.Server$RpcCall.run(Server.java:876)&#10;	at org.apache.hadoop.ipc.Server$RpcCall.run(Server.java:822)&#10;	at java.security.AccessController.doPrivileged(Native Method)&#10;	at javax.security.auth.Subject.doAs(Subject.java:422)&#10;	at org.apache.hadoop.security.UserGroupInformation.doAs(UserGroupInformation.java:1730)&#10;	at org.apache.hadoop.ipc.Server$Handler.run(Server.java:2682)&#10;" type="org.apache.hadoop.ipc.RemoteException(java.lang.IllegalMonitorStateException)">org.apache.hadoop.ipc.RemoteException(java.lang.IllegalMonitorStateException): Releasing lock on resource /66ad3e5f-340c-433f-a0be-4ab335b1b56d/fa37e926-5028-43f9-ac3c-cee2b48f871a without acquiring lock
	at org.apache.hadoop.ozone.lock.LockManager.getLockForReleasing(LockManager.java:220)
	at org.apache.hadoop.ozone.lock.LockManager.release(LockManager.java:168)
	at org.apache.hadoop.ozone.lock.LockManager.writeUnlock(LockManager.java:148)
	at org.apache.hadoop.ozone.om.lock.OzoneManagerLock.unlock(OzoneManagerLock.java:364)
	at org.apache.hadoop.ozone.om.lock.OzoneManagerLock.releaseWriteLock(OzoneManagerLock.java:329)
	at org.apache.hadoop.ozone.om.request.key.OMKeyCommitRequest.validateAndUpdateCache(OMKeyCommitRequest.java:177)
	at org.apache.hadoop.ozone.protocolPB.OzoneManagerProtocolServerSideTranslatorPB.submitRequestDirectlyToOM(OzoneManagerProtocolServerSideTranslatorPB.java:219)
	at org.apache.hadoop.ozone.protocolPB.OzoneManagerProtocolServerSideTranslatorPB.processRequest(OzoneManagerProtocolServerSideTranslatorPB.java:134)
	at org.apache.hadoop.hdds.server.OzoneProtocolMessageDispatcher.processRequest(OzoneProtocolMessageDispatcher.java:72)
	at org.apache.hadoop.ozone.protocolPB.OzoneManagerProtocolServerSideTranslatorPB.submitRequest(OzoneManagerProtocolServerSideTranslatorPB.java:100)
	at org.apache.hadoop.ozone.protocol.proto.OzoneManagerProtocolProtos$OzoneManagerService$2.callBlockingMethod(OzoneManagerProtocolProtos.java)
	at org.apache.hadoop.ipc.ProtobufRpcEngine$Server$ProtoBufRpcInvoker.call(ProtobufRpcEngine.java:524)
	at org.apache.hadoop.ipc.RPC$Server.call(RPC.java:1025)
	at org.apache.hadoop.ipc.Server$RpcCall.run(Server.java:876)
	at org.apache.hadoop.ipc.Server$RpcCall.run(Server.java:822)
	at java.security.AccessController.doPrivileged(Native Method)
	at javax.security.auth.Subject.doAs(Subject.java:422)
	at org.apache.hadoop.security.UserGroupInformation.doAs(UserGroupInformation.java:1730)
	at org.apache.hadoop.ipc.Server$Handler.run(Server.java:2682)

	at org.apache.hadoop.ipc.Client.getRpcResponse(Client.java:1511)
	at org.apache.hadoop.ipc.Client.call(Client.java:1457)
	at org.apache.hadoop.ipc.Client.call(Client.java:1367)
	at org.apache.hadoop.ipc.ProtobufRpcEngine$Invoker.invoke(ProtobufRpcEngine.java:228)
	at org.apache.hadoop.ipc.ProtobufRpcEngine$Invoker.invoke(ProtobufRpcEngine.java:116)
	at com.sun.proxy.$Proxy37.submitRequest(Unknown Source)
	at sun.reflect.GeneratedMethodAccessor72.invoke(Unknown Source)
	at sun.reflect.DelegatingMethodAccessorImpl.invoke(DelegatingMethodAccessorImpl.java:43)
	at java.lang.reflect.Method.invoke(Method.java:498)
	at org.apache.hadoop.io.retry.RetryInvocationHandler.invokeMethod(RetryInvocationHandler.java:422)
	at org.apache.hadoop.io.retry.RetryInvocationHandler$Call.invokeMethod(RetryInvocationHandler.java:165)
	at org.apache.hadoop.io.retry.RetryInvocationHandler$Call.invoke(RetryInvocationHandler.java:157)
	at org.apache.hadoop.io.retry.RetryInvocationHandler$Call.invokeOnce(RetryInvocationHandler.java:95)
	at org.apache.hadoop.io.retry.RetryInvocationHandler.invoke(RetryInvocationHandler.java:359)
	at com.sun.proxy.$Proxy37.submitRequest(Unknown Source)
	at org.apache.hadoop.ozone.om.protocolPB.OzoneManagerProtocolClientSideTranslatorPB.submitRequest(OzoneManagerProtocolClientSideTranslatorPB.java:338)
	at org.apache.hadoop.ozone.om.protocolPB.OzoneManagerProtocolClientSideTranslatorPB.commitKey(OzoneManagerProtocolClientSideTranslatorPB.java:789)
	at sun.reflect.NativeMethodAccessorImpl.invoke0(Native Method)
	at sun.reflect.NativeMethodAccessorImpl.invoke(NativeMethodAccessorImpl.java:62)
	at sun.reflect.DelegatingMethodAccessorImpl.invoke(DelegatingMethodAccessorImpl.java:43)
	at java.lang.reflect.Method.invoke(Method.java:498)
	at org.apache.hadoop.hdds.tracing.TraceAllMethod.invoke(TraceAllMethod.java:66)
	at com.sun.proxy.$Proxy38.commitKey(Unknown Source)
	at org.apache.hadoop.ozone.client.io.BlockOutputStreamEntryPool.commitKey(BlockOutputStreamEntryPool.java:277)
	at org.apache.hadoop.ozone.client.io.KeyOutputStream.close(KeyOutputStream.java:474)
	at org.apache.hadoop.ozone.client.io.OzoneOutputStream.close(OzoneOutputStream.java:60)
	at org.apache.hadoop.ozone.client.rpc.TestOzoneRpcClientAbstract.testPutKey(TestOzoneRpcClientAbstract.java:701)
	at sun.reflect.NativeMethodAccessorImpl.invoke0(Native Method)
	at sun.reflect.NativeMethodAccessorImpl.invoke(NativeMethodAccessorImpl.java:62)
	at sun.reflect.DelegatingMethodAccessorImpl.invoke(DelegatingMethodAccessorImpl.java:43)
	at java.lang.reflect.Method.invoke(Method.java:498)
	at org.junit.runners.model.FrameworkMethod$1.runReflectiveCall(FrameworkMethod.java:47)
	at org.junit.internal.runners.model.ReflectiveCallable.run(ReflectiveCallable.java:12)
	at org.junit.runners.model.FrameworkMethod.invokeExplosively(FrameworkMethod.java:44)
	at org.junit.internal.runners.statements.InvokeMethod.evaluate(InvokeMethod.java:17)
	at org.junit.runners.ParentRunner.runLeaf(ParentRunner.java:271)
	at org.junit.runners.BlockJUnit4ClassRunner.runChild(BlockJUnit4ClassRunner.java:70)
	at org.junit.runners.BlockJUnit4ClassRunner.runChild(BlockJUnit4ClassRunner.java:50)
	at org.junit.runners.ParentRunner$3.run(ParentRunner.java:238)
	at org.junit.runners.ParentRunner$1.schedule(ParentRunner.java:63)
	at org.junit.runners.ParentRunner.runChildren(ParentRunner.java:236)
	at org.junit.runners.ParentRunner.access$000(ParentRunner.java:53)
	at org.junit.runners.ParentRunner$2.evaluate(ParentRunner.java:229)
	at org.junit.internal.runners.statements.RunBefores.evaluate(RunBefores.java:26)
	at org.junit.internal.runners.statements.RunAfters.evaluate(RunAfters.java:27)
	at org.junit.runners.ParentRunner.run(ParentRunner.java:309)
	at org.apache.maven.surefire.junit4.JUnit4Provider.execute(JUnit4Provider.java:365)
	at org.apache.maven.surefire.junit4.JUnit4Provider.executeWithRerun(JUnit4Provider.java:273)
	at org.apache.maven.surefire.junit4.JUnit4Provider.executeTestSet(JUnit4Provider.java:238)
	at org.apache.maven.surefire.junit4.JUnit4Provider.invoke(JUnit4Provider.java:159)
	at org.apache.maven.surefire.booter.ForkedBooter.invokeProviderInSameClassLoader(ForkedBooter.java:384)
	at org.apache.maven.surefire.booter.ForkedBooter.runSuitesInProcess(ForkedBooter.java:345)
	at org.apache.maven.surefire.booter.ForkedBooter.execute(ForkedBooter.java:126)
	at org.apache.maven.surefire.booter.ForkedBooter.main(ForkedBooter.java:418)
</error>
    <system-out><![CDATA[2019-10-16 06:06:23,037 [main] INFO  rpc.RpcClient (RpcClient.java:createVolume(272)) - Creating Volume: 66ad3e5f-340c-433f-a0be-4ab335b1b56d, with jenkins1000 as owner.
2019-10-16 06:06:23,038 [IPC Server handler 6 on 42894] INFO  volume.OMVolumeCreateRequest (OMVolumeCreateRequest.java:validateAndUpdateCache(193)) - created volume:66ad3e5f-340c-433f-a0be-4ab335b1b56d for user:jenkins1000
2019-10-16 06:06:23,039 [main] INFO  rpc.RpcClient (RpcClient.java:createBucket(411)) - Creating Bucket: 66ad3e5f-340c-433f-a0be-4ab335b1b56d/fa37e926-5028-43f9-ac3c-cee2b48f871a, with Versioning false and Storage Type set to DISK and Encryption set to false 
2019-10-16 06:06:23,054 [IPC Server handler 4 on 42894] ERROR lock.LockManager (LockManager.java:getLockForReleasing(218)) - Trying to release the lock on /66ad3e5f-340c-433f-a0be-4ab335b1b56d/fa37e926-5028-43f9-ac3c-cee2b48f871a, which was never acquired.
2019-10-16 06:06:23,054 [IPC Server handler 4 on 42894] WARN  ipc.Server (Server.java:logException(2724)) - IPC Server handler 4 on 42894, call Call#3784 Retry#0 org.apache.hadoop.ozone.om.protocol.OzoneManagerProtocol.submitRequest from 127.0.0.1:60690
java.lang.IllegalMonitorStateException: Releasing lock on resource /66ad3e5f-340c-433f-a0be-4ab335b1b56d/fa37e926-5028-43f9-ac3c-cee2b48f871a without acquiring lock
	at org.apache.hadoop.ozone.lock.LockManager.getLockForReleasing(LockManager.java:220)
	at org.apache.hadoop.ozone.lock.LockManager.release(LockManager.java:168)
	at org.apache.hadoop.ozone.lock.LockManager.writeUnlock(LockManager.java:148)
	at org.apache.hadoop.ozone.om.lock.OzoneManagerLock.unlock(OzoneManagerLock.java:364)
	at org.apache.hadoop.ozone.om.lock.OzoneManagerLock.releaseWriteLock(OzoneManagerLock.java:329)
	at org.apache.hadoop.ozone.om.request.key.OMKeyCommitRequest.validateAndUpdateCache(OMKeyCommitRequest.java:177)
	at org.apache.hadoop.ozone.protocolPB.OzoneManagerProtocolServerSideTranslatorPB.submitRequestDirectlyToOM(OzoneManagerProtocolServerSideTranslatorPB.java:219)
	at org.apache.hadoop.ozone.protocolPB.OzoneManagerProtocolServerSideTranslatorPB.processRequest(OzoneManagerProtocolServerSideTranslatorPB.java:134)
	at org.apache.hadoop.hdds.server.OzoneProtocolMessageDispatcher.processRequest(OzoneProtocolMessageDispatcher.java:72)
	at org.apache.hadoop.ozone.protocolPB.OzoneManagerProtocolServerSideTranslatorPB.submitRequest(OzoneManagerProtocolServerSideTranslatorPB.java:100)
	at org.apache.hadoop.ozone.protocol.proto.OzoneManagerProtocolProtos$OzoneManagerService$2.callBlockingMethod(OzoneManagerProtocolProtos.java)
	at org.apache.hadoop.ipc.ProtobufRpcEngine$Server$ProtoBufRpcInvoker.call(ProtobufRpcEngine.java:524)
	at org.apache.hadoop.ipc.RPC$Server.call(RPC.java:1025)
	at org.apache.hadoop.ipc.Server$RpcCall.run(Server.java:876)
	at org.apache.hadoop.ipc.Server$RpcCall.run(Server.java:822)
	at java.security.AccessController.doPrivileged(Native Method)
	at javax.security.auth.Subject.doAs(Subject.java:422)
	at org.apache.hadoop.security.UserGroupInformation.doAs(UserGroupInformation.java:1730)
	at org.apache.hadoop.ipc.Server$Handler.run(Server.java:2682)
2019-10-16 06:06:23,054 [main] INFO  retry.RetryInvocationHandler (RetryInvocationHandler.java:log(411)) - com.google.protobuf.ServiceException: org.apache.hadoop.ipc.RemoteException(java.lang.IllegalMonitorStateException): Releasing lock on resource /66ad3e5f-340c-433f-a0be-4ab335b1b56d/fa37e926-5028-43f9-ac3c-cee2b48f871a without acquiring lock
	at org.apache.hadoop.ozone.lock.LockManager.getLockForReleasing(LockManager.java:220)
	at org.apache.hadoop.ozone.lock.LockManager.release(LockManager.java:168)
	at org.apache.hadoop.ozone.lock.LockManager.writeUnlock(LockManager.java:148)
	at org.apache.hadoop.ozone.om.lock.OzoneManagerLock.unlock(OzoneManagerLock.java:364)
	at org.apache.hadoop.ozone.om.lock.OzoneManagerLock.releaseWriteLock(OzoneManagerLock.java:329)
	at org.apache.hadoop.ozone.om.request.key.OMKeyCommitRequest.validateAndUpdateCache(OMKeyCommitRequest.java:177)
	at org.apache.hadoop.ozone.protocolPB.OzoneManagerProtocolServerSideTranslatorPB.submitRequestDirectlyToOM(OzoneManagerProtocolServerSideTranslatorPB.java:219)
	at org.apache.hadoop.ozone.protocolPB.OzoneManagerProtocolServerSideTranslatorPB.processRequest(OzoneManagerProtocolServerSideTranslatorPB.java:134)
	at org.apache.hadoop.hdds.server.OzoneProtocolMessageDispatcher.processRequest(OzoneProtocolMessageDispatcher.java:72)
	at org.apache.hadoop.ozone.protocolPB.OzoneManagerProtocolServerSideTranslatorPB.submitRequest(OzoneManagerProtocolServerSideTranslatorPB.java:100)
	at org.apache.hadoop.ozone.protocol.proto.OzoneManagerProtocolProtos$OzoneManagerService$2.callBlockingMethod(OzoneManagerProtocolProtos.java)
	at org.apache.hadoop.ipc.ProtobufRpcEngine$Server$ProtoBufRpcInvoker.call(ProtobufRpcEngine.java:524)
	at org.apache.hadoop.ipc.RPC$Server.call(RPC.java:1025)
	at org.apache.hadoop.ipc.Server$RpcCall.run(Server.java:876)
	at org.apache.hadoop.ipc.Server$RpcCall.run(Server.java:822)
	at java.security.AccessController.doPrivileged(Native Method)
	at javax.security.auth.Subject.doAs(Subject.java:422)
	at org.apache.hadoop.security.UserGroupInformation.doAs(UserGroupInformation.java:1730)
	at org.apache.hadoop.ipc.Server$Handler.run(Server.java:2682)
, while invoking $Proxy37.submitRequest over nodeId=null,nodeAddress=localhost:42894. Trying to failover immediately.
2019-10-16 06:06:23,056 [IPC Server handler 10 on 42894] ERROR lock.LockManager (LockManager.java:getLockForReleasing(218)) - Trying to release the lock on /66ad3e5f-340c-433f-a0be-4ab335b1b56d/fa37e926-5028-43f9-ac3c-cee2b48f871a, which was never acquired.
2019-10-16 06:06:23,056 [IPC Server handler 10 on 42894] WARN  ipc.Server (Server.java:logException(2724)) - IPC Server handler 10 on 42894, call Call#3784 Retry#1 org.apache.hadoop.ozone.om.protocol.OzoneManagerProtocol.submitRequest from 127.0.0.1:60690
java.lang.IllegalMonitorStateException: Releasing lock on resource /66ad3e5f-340c-433f-a0be-4ab335b1b56d/fa37e926-5028-43f9-ac3c-cee2b48f871a without acquiring lock
	at org.apache.hadoop.ozone.lock.LockManager.getLockForReleasing(LockManager.java:220)
	at org.apache.hadoop.ozone.lock.LockManager.release(LockManager.java:168)
	at org.apache.hadoop.ozone.lock.LockManager.writeUnlock(LockManager.java:148)
	at org.apache.hadoop.ozone.om.lock.OzoneManagerLock.unlock(OzoneManagerLock.java:364)
	at org.apache.hadoop.ozone.om.lock.OzoneManagerLock.releaseWriteLock(OzoneManagerLock.java:329)
	at org.apache.hadoop.ozone.om.request.key.OMKeyCommitRequest.validateAndUpdateCache(OMKeyCommitRequest.java:177)
	at org.apache.hadoop.ozone.protocolPB.OzoneManagerProtocolServerSideTranslatorPB.submitRequestDirectlyToOM(OzoneManagerProtocolServerSideTranslatorPB.java:219)
	at org.apache.hadoop.ozone.protocolPB.OzoneManagerProtocolServerSideTranslatorPB.processRequest(OzoneManagerProtocolServerSideTranslatorPB.java:134)
	at org.apache.hadoop.hdds.server.OzoneProtocolMessageDispatcher.processRequest(OzoneProtocolMessageDispatcher.java:72)
	at org.apache.hadoop.ozone.protocolPB.OzoneManagerProtocolServerSideTranslatorPB.submitRequest(OzoneManagerProtocolServerSideTranslatorPB.java:100)
	at org.apache.hadoop.ozone.protocol.proto.OzoneManagerProtocolProtos$OzoneManagerService$2.callBlockingMethod(OzoneManagerProtocolProtos.java)
	at org.apache.hadoop.ipc.ProtobufRpcEngine$Server$ProtoBufRpcInvoker.call(ProtobufRpcEngine.java:524)
	at org.apache.hadoop.ipc.RPC$Server.call(RPC.java:1025)
	at org.apache.hadoop.ipc.Server$RpcCall.run(Server.java:876)
	at org.apache.hadoop.ipc.Server$RpcCall.run(Server.java:822)
	at java.security.AccessController.doPrivileged(Native Method)
	at javax.security.auth.Subject.doAs(Subject.java:422)
	at org.apache.hadoop.security.UserGroupInformation.doAs(UserGroupInformation.java:1730)
	at org.apache.hadoop.ipc.Server$Handler.run(Server.java:2682)
2019-10-16 06:06:23,057 [main] INFO  retry.RetryInvocationHandler (RetryInvocationHandler.java:log(411)) - com.google.protobuf.ServiceException: org.apache.hadoop.ipc.RemoteException(java.lang.IllegalMonitorStateException): Releasing lock on resource /66ad3e5f-340c-433f-a0be-4ab335b1b56d/fa37e926-5028-43f9-ac3c-cee2b48f871a without acquiring lock
	at org.apache.hadoop.ozone.lock.LockManager.getLockForReleasing(LockManager.java:220)
	at org.apache.hadoop.ozone.lock.LockManager.release(LockManager.java:168)
	at org.apache.hadoop.ozone.lock.LockManager.writeUnlock(LockManager.java:148)
	at org.apache.hadoop.ozone.om.lock.OzoneManagerLock.unlock(OzoneManagerLock.java:364)
	at org.apache.hadoop.ozone.om.lock.OzoneManagerLock.releaseWriteLock(OzoneManagerLock.java:329)
	at org.apache.hadoop.ozone.om.request.key.OMKeyCommitRequest.validateAndUpdateCache(OMKeyCommitRequest.java:177)
	at org.apache.hadoop.ozone.protocolPB.OzoneManagerProtocolServerSideTranslatorPB.submitRequestDirectlyToOM(OzoneManagerProtocolServerSideTranslatorPB.java:219)
	at org.apache.hadoop.ozone.protocolPB.OzoneManagerProtocolServerSideTranslatorPB.processRequest(OzoneManagerProtocolServerSideTranslatorPB.java:134)
	at org.apache.hadoop.hdds.server.OzoneProtocolMessageDispatcher.processRequest(OzoneProtocolMessageDispatcher.java:72)
	at org.apache.hadoop.ozone.protocolPB.OzoneManagerProtocolServerSideTranslatorPB.submitRequest(OzoneManagerProtocolServerSideTranslatorPB.java:100)
	at org.apache.hadoop.ozone.protocol.proto.OzoneManagerProtocolProtos$OzoneManagerService$2.callBlockingMethod(OzoneManagerProtocolProtos.java)
	at org.apache.hadoop.ipc.ProtobufRpcEngine$Server$ProtoBufRpcInvoker.call(ProtobufRpcEngine.java:524)
	at org.apache.hadoop.ipc.RPC$Server.call(RPC.java:1025)
	at org.apache.hadoop.ipc.Server$RpcCall.run(Server.java:876)
	at org.apache.hadoop.ipc.Server$RpcCall.run(Server.java:822)
	at java.security.AccessController.doPrivileged(Native Method)
	at javax.security.auth.Subject.doAs(Subject.java:422)
	at org.apache.hadoop.security.UserGroupInformation.doAs(UserGroupInformation.java:1730)
	at org.apache.hadoop.ipc.Server$Handler.run(Server.java:2682)
, while invoking $Proxy37.submitRequest over nodeId=null,nodeAddress=localhost:42894 after 1 failover attempts. Trying to failover immediately.
2019-10-16 06:06:23,057 [IPC Server handler 13 on 42894] ERROR lock.LockManager (LockManager.java:getLockForReleasing(218)) - Trying to release the lock on /66ad3e5f-340c-433f-a0be-4ab335b1b56d/fa37e926-5028-43f9-ac3c-cee2b48f871a, which was never acquired.
2019-10-16 06:06:23,058 [IPC Server handler 13 on 42894] WARN  ipc.Server (Server.java:logException(2724)) - IPC Server handler 13 on 42894, call Call#3784 Retry#2 org.apache.hadoop.ozone.om.protocol.OzoneManagerProtocol.submitRequest from 127.0.0.1:60690
java.lang.IllegalMonitorStateException: Releasing lock on resource /66ad3e5f-340c-433f-a0be-4ab335b1b56d/fa37e926-5028-43f9-ac3c-cee2b48f871a without acquiring lock
	at org.apache.hadoop.ozone.lock.LockManager.getLockForReleasing(LockManager.java:220)
	at org.apache.hadoop.ozone.lock.LockManager.release(LockManager.java:168)
	at org.apache.hadoop.ozone.lock.LockManager.writeUnlock(LockManager.java:148)
	at org.apache.hadoop.ozone.om.lock.OzoneManagerLock.unlock(OzoneManagerLock.java:364)
	at org.apache.hadoop.ozone.om.lock.OzoneManagerLock.releaseWriteLock(OzoneManagerLock.java:329)
	at org.apache.hadoop.ozone.om.request.key.OMKeyCommitRequest.validateAndUpdateCache(OMKeyCommitRequest.java:177)
	at org.apache.hadoop.ozone.protocolPB.OzoneManagerProtocolServerSideTranslatorPB.submitRequestDirectlyToOM(OzoneManagerProtocolServerSideTranslatorPB.java:219)
	at org.apache.hadoop.ozone.protocolPB.OzoneManagerProtocolServerSideTranslatorPB.processRequest(OzoneManagerProtocolServerSideTranslatorPB.java:134)
	at org.apache.hadoop.hdds.server.OzoneProtocolMessageDispatcher.processRequest(OzoneProtocolMessageDispatcher.java:72)
	at org.apache.hadoop.ozone.protocolPB.OzoneManagerProtocolServerSideTranslatorPB.submitRequest(OzoneManagerProtocolServerSideTranslatorPB.java:100)
	at org.apache.hadoop.ozone.protocol.proto.OzoneManagerProtocolProtos$OzoneManagerService$2.callBlockingMethod(OzoneManagerProtocolProtos.java)
	at org.apache.hadoop.ipc.ProtobufRpcEngine$Server$ProtoBufRpcInvoker.call(ProtobufRpcEngine.java:524)
	at org.apache.hadoop.ipc.RPC$Server.call(RPC.java:1025)
	at org.apache.hadoop.ipc.Server$RpcCall.run(Server.java:876)
	at org.apache.hadoop.ipc.Server$RpcCall.run(Server.java:822)
	at java.security.AccessController.doPrivileged(Native Method)
	at javax.security.auth.Subject.doAs(Subject.java:422)
	at org.apache.hadoop.security.UserGroupInformation.doAs(UserGroupInformation.java:1730)
	at org.apache.hadoop.ipc.Server$Handler.run(Server.java:2682)
2019-10-16 06:06:23,058 [main] INFO  retry.RetryInvocationHandler (RetryInvocationHandler.java:log(411)) - com.google.protobuf.ServiceException: org.apache.hadoop.ipc.RemoteException(java.lang.IllegalMonitorStateException): Releasing lock on resource /66ad3e5f-340c-433f-a0be-4ab335b1b56d/fa37e926-5028-43f9-ac3c-cee2b48f871a without acquiring lock
	at org.apache.hadoop.ozone.lock.LockManager.getLockForReleasing(LockManager.java:220)
	at org.apache.hadoop.ozone.lock.LockManager.release(LockManager.java:168)
	at org.apache.hadoop.ozone.lock.LockManager.writeUnlock(LockManager.java:148)
	at org.apache.hadoop.ozone.om.lock.OzoneManagerLock.unlock(OzoneManagerLock.java:364)
	at org.apache.hadoop.ozone.om.lock.OzoneManagerLock.releaseWriteLock(OzoneManagerLock.java:329)
	at org.apache.hadoop.ozone.om.request.key.OMKeyCommitRequest.validateAndUpdateCache(OMKeyCommitRequest.java:177)
	at org.apache.hadoop.ozone.protocolPB.OzoneManagerProtocolServerSideTranslatorPB.submitRequestDirectlyToOM(OzoneManagerProtocolServerSideTranslatorPB.java:219)
	at org.apache.hadoop.ozone.protocolPB.OzoneManagerProtocolServerSideTranslatorPB.processRequest(OzoneManagerProtocolServerSideTranslatorPB.java:134)
	at org.apache.hadoop.hdds.server.OzoneProtocolMessageDispatcher.processRequest(OzoneProtocolMessageDispatcher.java:72)
	at org.apache.hadoop.ozone.protocolPB.OzoneManagerProtocolServerSideTranslatorPB.submitRequest(OzoneManagerProtocolServerSideTranslatorPB.java:100)
	at org.apache.hadoop.ozone.protocol.proto.OzoneManagerProtocolProtos$OzoneManagerService$2.callBlockingMethod(OzoneManagerProtocolProtos.java)
	at org.apache.hadoop.ipc.ProtobufRpcEngine$Server$ProtoBufRpcInvoker.call(ProtobufRpcEngine.java:524)
	at org.apache.hadoop.ipc.RPC$Server.call(RPC.java:1025)
	at org.apache.hadoop.ipc.Server$RpcCall.run(Server.java:876)
	at org.apache.hadoop.ipc.Server$RpcCall.run(Server.java:822)
	at java.security.AccessController.doPrivileged(Native Method)
	at javax.security.auth.Subject.doAs(Subject.java:422)
	at org.apache.hadoop.security.UserGroupInformation.doAs(UserGroupInformation.java:1730)
	at org.apache.hadoop.ipc.Server$Handler.run(Server.java:2682)
, while invoking $Proxy37.submitRequest over nodeId=null,nodeAddress=localhost:42894 after 2 failover attempts. Trying to failover immediately.
2019-10-16 06:06:23,059 [IPC Server handler 19 on 42894] ERROR lock.LockManager (LockManager.java:getLockForReleasing(218)) - Trying to release the lock on /66ad3e5f-340c-433f-a0be-4ab335b1b56d/fa37e926-5028-43f9-ac3c-cee2b48f871a, which was never acquired.
2019-10-16 06:06:23,059 [IPC Server handler 19 on 42894] WARN  ipc.Server (Server.java:logException(2724)) - IPC Server handler 19 on 42894, call Call#3784 Retry#3 org.apache.hadoop.ozone.om.protocol.OzoneManagerProtocol.submitRequest from 127.0.0.1:60690
java.lang.IllegalMonitorStateException: Releasing lock on resource /66ad3e5f-340c-433f-a0be-4ab335b1b56d/fa37e926-5028-43f9-ac3c-cee2b48f871a without acquiring lock
	at org.apache.hadoop.ozone.lock.LockManager.getLockForReleasing(LockManager.java:220)
	at org.apache.hadoop.ozone.lock.LockManager.release(LockManager.java:168)
	at org.apache.hadoop.ozone.lock.LockManager.writeUnlock(LockManager.java:148)
	at org.apache.hadoop.ozone.om.lock.OzoneManagerLock.unlock(OzoneManagerLock.java:364)
	at org.apache.hadoop.ozone.om.lock.OzoneManagerLock.releaseWriteLock(OzoneManagerLock.java:329)
	at org.apache.hadoop.ozone.om.request.key.OMKeyCommitRequest.validateAndUpdateCache(OMKeyCommitRequest.java:177)
	at org.apache.hadoop.ozone.protocolPB.OzoneManagerProtocolServerSideTranslatorPB.submitRequestDirectlyToOM(OzoneManagerProtocolServerSideTranslatorPB.java:219)
	at org.apache.hadoop.ozone.protocolPB.OzoneManagerProtocolServerSideTranslatorPB.processRequest(OzoneManagerProtocolServerSideTranslatorPB.java:134)
	at org.apache.hadoop.hdds.server.OzoneProtocolMessageDispatcher.processRequest(OzoneProtocolMessageDispatcher.java:72)
	at org.apache.hadoop.ozone.protocolPB.OzoneManagerProtocolServerSideTranslatorPB.submitRequest(OzoneManagerProtocolServerSideTranslatorPB.java:100)
	at org.apache.hadoop.ozone.protocol.proto.OzoneManagerProtocolProtos$OzoneManagerService$2.callBlockingMethod(OzoneManagerProtocolProtos.java)
	at org.apache.hadoop.ipc.ProtobufRpcEngine$Server$ProtoBufRpcInvoker.call(ProtobufRpcEngine.java:524)
	at org.apache.hadoop.ipc.RPC$Server.call(RPC.java:1025)
	at org.apache.hadoop.ipc.Server$RpcCall.run(Server.java:876)
	at org.apache.hadoop.ipc.Server$RpcCall.run(Server.java:822)
	at java.security.AccessController.doPrivileged(Native Method)
	at javax.security.auth.Subject.doAs(Subject.java:422)
	at org.apache.hadoop.security.UserGroupInformation.doAs(UserGroupInformation.java:1730)
	at org.apache.hadoop.ipc.Server$Handler.run(Server.java:2682)
2019-10-16 06:06:23,059 [main] INFO  retry.RetryInvocationHandler (RetryInvocationHandler.java:log(411)) - com.google.protobuf.ServiceException: org.apache.hadoop.ipc.RemoteException(java.lang.IllegalMonitorStateException): Releasing lock on resource /66ad3e5f-340c-433f-a0be-4ab335b1b56d/fa37e926-5028-43f9-ac3c-cee2b48f871a without acquiring lock
	at org.apache.hadoop.ozone.lock.LockManager.getLockForReleasing(LockManager.java:220)
	at org.apache.hadoop.ozone.lock.LockManager.release(LockManager.java:168)
	at org.apache.hadoop.ozone.lock.LockManager.writeUnlock(LockManager.java:148)
	at org.apache.hadoop.ozone.om.lock.OzoneManagerLock.unlock(OzoneManagerLock.java:364)
	at org.apache.hadoop.ozone.om.lock.OzoneManagerLock.releaseWriteLock(OzoneManagerLock.java:329)
	at org.apache.hadoop.ozone.om.request.key.OMKeyCommitRequest.validateAndUpdateCache(OMKeyCommitRequest.java:177)
	at org.apache.hadoop.ozone.protocolPB.OzoneManagerProtocolServerSideTranslatorPB.submitRequestDirectlyToOM(OzoneManagerProtocolServerSideTranslatorPB.java:219)
	at org.apache.hadoop.ozone.protocolPB.OzoneManagerProtocolServerSideTranslatorPB.processRequest(OzoneManagerProtocolServerSideTranslatorPB.java:134)
	at org.apache.hadoop.hdds.server.OzoneProtocolMessageDispatcher.processRequest(OzoneProtocolMessageDispatcher.java:72)
	at org.apache.hadoop.ozone.protocolPB.OzoneManagerProtocolServerSideTranslatorPB.submitRequest(OzoneManagerProtocolServerSideTranslatorPB.java:100)
	at org.apache.hadoop.ozone.protocol.proto.OzoneManagerProtocolProtos$OzoneManagerService$2.callBlockingMethod(OzoneManagerProtocolProtos.java)
	at org.apache.hadoop.ipc.ProtobufRpcEngine$Server$ProtoBufRpcInvoker.call(ProtobufRpcEngine.java:524)
	at org.apache.hadoop.ipc.RPC$Server.call(RPC.java:1025)
	at org.apache.hadoop.ipc.Server$RpcCall.run(Server.java:876)
	at org.apache.hadoop.ipc.Server$RpcCall.run(Server.java:822)
	at java.security.AccessController.doPrivileged(Native Method)
	at javax.security.auth.Subject.doAs(Subject.java:422)
	at org.apache.hadoop.security.UserGroupInformation.doAs(UserGroupInformation.java:1730)
	at org.apache.hadoop.ipc.Server$Handler.run(Server.java:2682)
, while invoking $Proxy37.submitRequest over nodeId=null,nodeAddress=localhost:42894 after 3 failover attempts. Trying to failover immediately.
2019-10-16 06:06:23,060 [IPC Server handler 1 on 42894] ERROR lock.LockManager (LockManager.java:getLockForReleasing(218)) - Trying to release the lock on /66ad3e5f-340c-433f-a0be-4ab335b1b56d/fa37e926-5028-43f9-ac3c-cee2b48f871a, which was never acquired.
2019-10-16 06:06:23,061 [IPC Server handler 1 on 42894] WARN  ipc.Server (Server.java:logException(2724)) - IPC Server handler 1 on 42894, call Call#3784 Retry#4 org.apache.hadoop.ozone.om.protocol.OzoneManagerProtocol.submitRequest from 127.0.0.1:60690
java.lang.IllegalMonitorStateException: Releasing lock on resource /66ad3e5f-340c-433f-a0be-4ab335b1b56d/fa37e926-5028-43f9-ac3c-cee2b48f871a without acquiring lock
	at org.apache.hadoop.ozone.lock.LockManager.getLockForReleasing(LockManager.java:220)
	at org.apache.hadoop.ozone.lock.LockManager.release(LockManager.java:168)
	at org.apache.hadoop.ozone.lock.LockManager.writeUnlock(LockManager.java:148)
	at org.apache.hadoop.ozone.om.lock.OzoneManagerLock.unlock(OzoneManagerLock.java:364)
	at org.apache.hadoop.ozone.om.lock.OzoneManagerLock.releaseWriteLock(OzoneManagerLock.java:329)
	at org.apache.hadoop.ozone.om.request.key.OMKeyCommitRequest.validateAndUpdateCache(OMKeyCommitRequest.java:177)
	at org.apache.hadoop.ozone.protocolPB.OzoneManagerProtocolServerSideTranslatorPB.submitRequestDirectlyToOM(OzoneManagerProtocolServerSideTranslatorPB.java:219)
	at org.apache.hadoop.ozone.protocolPB.OzoneManagerProtocolServerSideTranslatorPB.processRequest(OzoneManagerProtocolServerSideTranslatorPB.java:134)
	at org.apache.hadoop.hdds.server.OzoneProtocolMessageDispatcher.processRequest(OzoneProtocolMessageDispatcher.java:72)
	at org.apache.hadoop.ozone.protocolPB.OzoneManagerProtocolServerSideTranslatorPB.submitRequest(OzoneManagerProtocolServerSideTranslatorPB.java:100)
	at org.apache.hadoop.ozone.protocol.proto.OzoneManagerProtocolProtos$OzoneManagerService$2.callBlockingMethod(OzoneManagerProtocolProtos.java)
	at org.apache.hadoop.ipc.ProtobufRpcEngine$Server$ProtoBufRpcInvoker.call(ProtobufRpcEngine.java:524)
	at org.apache.hadoop.ipc.RPC$Server.call(RPC.java:1025)
	at org.apache.hadoop.ipc.Server$RpcCall.run(Server.java:876)
	at org.apache.hadoop.ipc.Server$RpcCall.run(Server.java:822)
	at java.security.AccessController.doPrivileged(Native Method)
	at javax.security.auth.Subject.doAs(Subject.java:422)
	at org.apache.hadoop.security.UserGroupInformation.doAs(UserGroupInformation.java:1730)
	at org.apache.hadoop.ipc.Server$Handler.run(Server.java:2682)
2019-10-16 06:06:23,061 [main] INFO  retry.RetryInvocationHandler (RetryInvocationHandler.java:log(411)) - com.google.protobuf.ServiceException: org.apache.hadoop.ipc.RemoteException(java.lang.IllegalMonitorStateException): Releasing lock on resource /66ad3e5f-340c-433f-a0be-4ab335b1b56d/fa37e926-5028-43f9-ac3c-cee2b48f871a without acquiring lock
	at org.apache.hadoop.ozone.lock.LockManager.getLockForReleasing(LockManager.java:220)
	at org.apache.hadoop.ozone.lock.LockManager.release(LockManager.java:168)
	at org.apache.hadoop.ozone.lock.LockManager.writeUnlock(LockManager.java:148)
	at org.apache.hadoop.ozone.om.lock.OzoneManagerLock.unlock(OzoneManagerLock.java:364)
	at org.apache.hadoop.ozone.om.lock.OzoneManagerLock.releaseWriteLock(OzoneManagerLock.java:329)
	at org.apache.hadoop.ozone.om.request.key.OMKeyCommitRequest.validateAndUpdateCache(OMKeyCommitRequest.java:177)
	at org.apache.hadoop.ozone.protocolPB.OzoneManagerProtocolServerSideTranslatorPB.submitRequestDirectlyToOM(OzoneManagerProtocolServerSideTranslatorPB.java:219)
	at org.apache.hadoop.ozone.protocolPB.OzoneManagerProtocolServerSideTranslatorPB.processRequest(OzoneManagerProtocolServerSideTranslatorPB.java:134)
	at org.apache.hadoop.hdds.server.OzoneProtocolMessageDispatcher.processRequest(OzoneProtocolMessageDispatcher.java:72)
	at org.apache.hadoop.ozone.protocolPB.OzoneManagerProtocolServerSideTranslatorPB.submitRequest(OzoneManagerProtocolServerSideTranslatorPB.java:100)
	at org.apache.hadoop.ozone.protocol.proto.OzoneManagerProtocolProtos$OzoneManagerService$2.callBlockingMethod(OzoneManagerProtocolProtos.java)
	at org.apache.hadoop.ipc.ProtobufRpcEngine$Server$ProtoBufRpcInvoker.call(ProtobufRpcEngine.java:524)
	at org.apache.hadoop.ipc.RPC$Server.call(RPC.java:1025)
	at org.apache.hadoop.ipc.Server$RpcCall.run(Server.java:876)
	at org.apache.hadoop.ipc.Server$RpcCall.run(Server.java:822)
	at java.security.AccessController.doPrivileged(Native Method)
	at javax.security.auth.Subject.doAs(Subject.java:422)
	at org.apache.hadoop.security.UserGroupInformation.doAs(UserGroupInformation.java:1730)
	at org.apache.hadoop.ipc.Server$Handler.run(Server.java:2682)
, while invoking $Proxy37.submitRequest over nodeId=null,nodeAddress=localhost:42894 after 4 failover attempts. Trying to failover immediately.
2019-10-16 06:06:23,062 [IPC Server handler 17 on 42894] ERROR lock.LockManager (LockManager.java:getLockForReleasing(218)) - Trying to release the lock on /66ad3e5f-340c-433f-a0be-4ab335b1b56d/fa37e926-5028-43f9-ac3c-cee2b48f871a, which was never acquired.
2019-10-16 06:06:23,062 [IPC Server handler 17 on 42894] WARN  ipc.Server (Server.java:logException(2724)) - IPC Server handler 17 on 42894, call Call#3784 Retry#5 org.apache.hadoop.ozone.om.protocol.OzoneManagerProtocol.submitRequest from 127.0.0.1:60690
java.lang.IllegalMonitorStateException: Releasing lock on resource /66ad3e5f-340c-433f-a0be-4ab335b1b56d/fa37e926-5028-43f9-ac3c-cee2b48f871a without acquiring lock
	at org.apache.hadoop.ozone.lock.LockManager.getLockForReleasing(LockManager.java:220)
	at org.apache.hadoop.ozone.lock.LockManager.release(LockManager.java:168)
	at org.apache.hadoop.ozone.lock.LockManager.writeUnlock(LockManager.java:148)
	at org.apache.hadoop.ozone.om.lock.OzoneManagerLock.unlock(OzoneManagerLock.java:364)
	at org.apache.hadoop.ozone.om.lock.OzoneManagerLock.releaseWriteLock(OzoneManagerLock.java:329)
	at org.apache.hadoop.ozone.om.request.key.OMKeyCommitRequest.validateAndUpdateCache(OMKeyCommitRequest.java:177)
	at org.apache.hadoop.ozone.protocolPB.OzoneManagerProtocolServerSideTranslatorPB.submitRequestDirectlyToOM(OzoneManagerProtocolServerSideTranslatorPB.java:219)
	at org.apache.hadoop.ozone.protocolPB.OzoneManagerProtocolServerSideTranslatorPB.processRequest(OzoneManagerProtocolServerSideTranslatorPB.java:134)
	at org.apache.hadoop.hdds.server.OzoneProtocolMessageDispatcher.processRequest(OzoneProtocolMessageDispatcher.java:72)
	at org.apache.hadoop.ozone.protocolPB.OzoneManagerProtocolServerSideTranslatorPB.submitRequest(OzoneManagerProtocolServerSideTranslatorPB.java:100)
	at org.apache.hadoop.ozone.protocol.proto.OzoneManagerProtocolProtos$OzoneManagerService$2.callBlockingMethod(OzoneManagerProtocolProtos.java)
	at org.apache.hadoop.ipc.ProtobufRpcEngine$Server$ProtoBufRpcInvoker.call(ProtobufRpcEngine.java:524)
	at org.apache.hadoop.ipc.RPC$Server.call(RPC.java:1025)
	at org.apache.hadoop.ipc.Server$RpcCall.run(Server.java:876)
	at org.apache.hadoop.ipc.Server$RpcCall.run(Server.java:822)
	at java.security.AccessController.doPrivileged(Native Method)
	at javax.security.auth.Subject.doAs(Subject.java:422)
	at org.apache.hadoop.security.UserGroupInformation.doAs(UserGroupInformation.java:1730)
	at org.apache.hadoop.ipc.Server$Handler.run(Server.java:2682)
2019-10-16 06:06:23,062 [main] INFO  retry.RetryInvocationHandler (RetryInvocationHandler.java:log(411)) - com.google.protobuf.ServiceException: org.apache.hadoop.ipc.RemoteException(java.lang.IllegalMonitorStateException): Releasing lock on resource /66ad3e5f-340c-433f-a0be-4ab335b1b56d/fa37e926-5028-43f9-ac3c-cee2b48f871a without acquiring lock
	at org.apache.hadoop.ozone.lock.LockManager.getLockForReleasing(LockManager.java:220)
	at org.apache.hadoop.ozone.lock.LockManager.release(LockManager.java:168)
	at org.apache.hadoop.ozone.lock.LockManager.writeUnlock(LockManager.java:148)
	at org.apache.hadoop.ozone.om.lock.OzoneManagerLock.unlock(OzoneManagerLock.java:364)
	at org.apache.hadoop.ozone.om.lock.OzoneManagerLock.releaseWriteLock(OzoneManagerLock.java:329)
	at org.apache.hadoop.ozone.om.request.key.OMKeyCommitRequest.validateAndUpdateCache(OMKeyCommitRequest.java:177)
	at org.apache.hadoop.ozone.protocolPB.OzoneManagerProtocolServerSideTranslatorPB.submitRequestDirectlyToOM(OzoneManagerProtocolServerSideTranslatorPB.java:219)
	at org.apache.hadoop.ozone.protocolPB.OzoneManagerProtocolServerSideTranslatorPB.processRequest(OzoneManagerProtocolServerSideTranslatorPB.java:134)
	at org.apache.hadoop.hdds.server.OzoneProtocolMessageDispatcher.processRequest(OzoneProtocolMessageDispatcher.java:72)
	at org.apache.hadoop.ozone.protocolPB.OzoneManagerProtocolServerSideTranslatorPB.submitRequest(OzoneManagerProtocolServerSideTranslatorPB.java:100)
	at org.apache.hadoop.ozone.protocol.proto.OzoneManagerProtocolProtos$OzoneManagerService$2.callBlockingMethod(OzoneManagerProtocolProtos.java)
	at org.apache.hadoop.ipc.ProtobufRpcEngine$Server$ProtoBufRpcInvoker.call(ProtobufRpcEngine.java:524)
	at org.apache.hadoop.ipc.RPC$Server.call(RPC.java:1025)
	at org.apache.hadoop.ipc.Server$RpcCall.run(Server.java:876)
	at org.apache.hadoop.ipc.Server$RpcCall.run(Server.java:822)
	at java.security.AccessController.doPrivileged(Native Method)
	at javax.security.auth.Subject.doAs(Subject.java:422)
	at org.apache.hadoop.security.UserGroupInformation.doAs(UserGroupInformation.java:1730)
	at org.apache.hadoop.ipc.Server$Handler.run(Server.java:2682)
, while invoking $Proxy37.submitRequest over nodeId=null,nodeAddress=localhost:42894 after 5 failover attempts. Trying to failover immediately.
2019-10-16 06:06:23,063 [IPC Server handler 9 on 42894] ERROR lock.LockManager (LockManager.java:getLockForReleasing(218)) - Trying to release the lock on /66ad3e5f-340c-433f-a0be-4ab335b1b56d/fa37e926-5028-43f9-ac3c-cee2b48f871a, which was never acquired.
2019-10-16 06:06:23,063 [IPC Server handler 9 on 42894] WARN  ipc.Server (Server.java:logException(2724)) - IPC Server handler 9 on 42894, call Call#3784 Retry#6 org.apache.hadoop.ozone.om.protocol.OzoneManagerProtocol.submitRequest from 127.0.0.1:60690
java.lang.IllegalMonitorStateException: Releasing lock on resource /66ad3e5f-340c-433f-a0be-4ab335b1b56d/fa37e926-5028-43f9-ac3c-cee2b48f871a without acquiring lock
	at org.apache.hadoop.ozone.lock.LockManager.getLockForReleasing(LockManager.java:220)
	at org.apache.hadoop.ozone.lock.LockManager.release(LockManager.java:168)
	at org.apache.hadoop.ozone.lock.LockManager.writeUnlock(LockManager.java:148)
	at org.apache.hadoop.ozone.om.lock.OzoneManagerLock.unlock(OzoneManagerLock.java:364)
	at org.apache.hadoop.ozone.om.lock.OzoneManagerLock.releaseWriteLock(OzoneManagerLock.java:329)
	at org.apache.hadoop.ozone.om.request.key.OMKeyCommitRequest.validateAndUpdateCache(OMKeyCommitRequest.java:177)
	at org.apache.hadoop.ozone.protocolPB.OzoneManagerProtocolServerSideTranslatorPB.submitRequestDirectlyToOM(OzoneManagerProtocolServerSideTranslatorPB.java:219)
	at org.apache.hadoop.ozone.protocolPB.OzoneManagerProtocolServerSideTranslatorPB.processRequest(OzoneManagerProtocolServerSideTranslatorPB.java:134)
	at org.apache.hadoop.hdds.server.OzoneProtocolMessageDispatcher.processRequest(OzoneProtocolMessageDispatcher.java:72)
	at org.apache.hadoop.ozone.protocolPB.OzoneManagerProtocolServerSideTranslatorPB.submitRequest(OzoneManagerProtocolServerSideTranslatorPB.java:100)
	at org.apache.hadoop.ozone.protocol.proto.OzoneManagerProtocolProtos$OzoneManagerService$2.callBlockingMethod(OzoneManagerProtocolProtos.java)
	at org.apache.hadoop.ipc.ProtobufRpcEngine$Server$ProtoBufRpcInvoker.call(ProtobufRpcEngine.java:524)
	at org.apache.hadoop.ipc.RPC$Server.call(RPC.java:1025)
	at org.apache.hadoop.ipc.Server$RpcCall.run(Server.java:876)
	at org.apache.hadoop.ipc.Server$RpcCall.run(Server.java:822)
	at java.security.AccessController.doPrivileged(Native Method)
	at javax.security.auth.Subject.doAs(Subject.java:422)
	at org.apache.hadoop.security.UserGroupInformation.doAs(UserGroupInformation.java:1730)
	at org.apache.hadoop.ipc.Server$Handler.run(Server.java:2682)
2019-10-16 06:06:23,064 [main] INFO  retry.RetryInvocationHandler (RetryInvocationHandler.java:log(411)) - com.google.protobuf.ServiceException: org.apache.hadoop.ipc.RemoteException(java.lang.IllegalMonitorStateException): Releasing lock on resource /66ad3e5f-340c-433f-a0be-4ab335b1b56d/fa37e926-5028-43f9-ac3c-cee2b48f871a without acquiring lock
	at org.apache.hadoop.ozone.lock.LockManager.getLockForReleasing(LockManager.java:220)
	at org.apache.hadoop.ozone.lock.LockManager.release(LockManager.java:168)
	at org.apache.hadoop.ozone.lock.LockManager.writeUnlock(LockManager.java:148)
	at org.apache.hadoop.ozone.om.lock.OzoneManagerLock.unlock(OzoneManagerLock.java:364)
	at org.apache.hadoop.ozone.om.lock.OzoneManagerLock.releaseWriteLock(OzoneManagerLock.java:329)
	at org.apache.hadoop.ozone.om.request.key.OMKeyCommitRequest.validateAndUpdateCache(OMKeyCommitRequest.java:177)
	at org.apache.hadoop.ozone.protocolPB.OzoneManagerProtocolServerSideTranslatorPB.submitRequestDirectlyToOM(OzoneManagerProtocolServerSideTranslatorPB.java:219)
	at org.apache.hadoop.ozone.protocolPB.OzoneManagerProtocolServerSideTranslatorPB.processRequest(OzoneManagerProtocolServerSideTranslatorPB.java:134)
	at org.apache.hadoop.hdds.server.OzoneProtocolMessageDispatcher.processRequest(OzoneProtocolMessageDispatcher.java:72)
	at org.apache.hadoop.ozone.protocolPB.OzoneManagerProtocolServerSideTranslatorPB.submitRequest(OzoneManagerProtocolServerSideTranslatorPB.java:100)
	at org.apache.hadoop.ozone.protocol.proto.OzoneManagerProtocolProtos$OzoneManagerService$2.callBlockingMethod(OzoneManagerProtocolProtos.java)
	at org.apache.hadoop.ipc.ProtobufRpcEngine$Server$ProtoBufRpcInvoker.call(ProtobufRpcEngine.java:524)
	at org.apache.hadoop.ipc.RPC$Server.call(RPC.java:1025)
	at org.apache.hadoop.ipc.Server$RpcCall.run(Server.java:876)
	at org.apache.hadoop.ipc.Server$RpcCall.run(Server.java:822)
	at java.security.AccessController.doPrivileged(Native Method)
	at javax.security.auth.Subject.doAs(Subject.java:422)
	at org.apache.hadoop.security.UserGroupInformation.doAs(UserGroupInformation.java:1730)
	at org.apache.hadoop.ipc.Server$Handler.run(Server.java:2682)
, while invoking $Proxy37.submitRequest over nodeId=null,nodeAddress=localhost:42894 after 6 failover attempts. Trying to failover immediately.
2019-10-16 06:06:23,064 [IPC Server handler 0 on 42894] ERROR lock.LockManager (LockManager.java:getLockForReleasing(218)) - Trying to release the lock on /66ad3e5f-340c-433f-a0be-4ab335b1b56d/fa37e926-5028-43f9-ac3c-cee2b48f871a, which was never acquired.
2019-10-16 06:06:23,064 [IPC Server handler 0 on 42894] WARN  ipc.Server (Server.java:logException(2724)) - IPC Server handler 0 on 42894, call Call#3784 Retry#7 org.apache.hadoop.ozone.om.protocol.OzoneManagerProtocol.submitRequest from 127.0.0.1:60690
java.lang.IllegalMonitorStateException: Releasing lock on resource /66ad3e5f-340c-433f-a0be-4ab335b1b56d/fa37e926-5028-43f9-ac3c-cee2b48f871a without acquiring lock
	at org.apache.hadoop.ozone.lock.LockManager.getLockForReleasing(LockManager.java:220)
	at org.apache.hadoop.ozone.lock.LockManager.release(LockManager.java:168)
	at org.apache.hadoop.ozone.lock.LockManager.writeUnlock(LockManager.java:148)
	at org.apache.hadoop.ozone.om.lock.OzoneManagerLock.unlock(OzoneManagerLock.java:364)
	at org.apache.hadoop.ozone.om.lock.OzoneManagerLock.releaseWriteLock(OzoneManagerLock.java:329)
	at org.apache.hadoop.ozone.om.request.key.OMKeyCommitRequest.validateAndUpdateCache(OMKeyCommitRequest.java:177)
	at org.apache.hadoop.ozone.protocolPB.OzoneManagerProtocolServerSideTranslatorPB.submitRequestDirectlyToOM(OzoneManagerProtocolServerSideTranslatorPB.java:219)
	at org.apache.hadoop.ozone.protocolPB.OzoneManagerProtocolServerSideTranslatorPB.processRequest(OzoneManagerProtocolServerSideTranslatorPB.java:134)
	at org.apache.hadoop.hdds.server.OzoneProtocolMessageDispatcher.processRequest(OzoneProtocolMessageDispatcher.java:72)
	at org.apache.hadoop.ozone.protocolPB.OzoneManagerProtocolServerSideTranslatorPB.submitRequest(OzoneManagerProtocolServerSideTranslatorPB.java:100)
	at org.apache.hadoop.ozone.protocol.proto.OzoneManagerProtocolProtos$OzoneManagerService$2.callBlockingMethod(OzoneManagerProtocolProtos.java)
	at org.apache.hadoop.ipc.ProtobufRpcEngine$Server$ProtoBufRpcInvoker.call(ProtobufRpcEngine.java:524)
	at org.apache.hadoop.ipc.RPC$Server.call(RPC.java:1025)
	at org.apache.hadoop.ipc.Server$RpcCall.run(Server.java:876)
	at org.apache.hadoop.ipc.Server$RpcCall.run(Server.java:822)
	at java.security.AccessController.doPrivileged(Native Method)
	at javax.security.auth.Subject.doAs(Subject.java:422)
	at org.apache.hadoop.security.UserGroupInformation.doAs(UserGroupInformation.java:1730)
	at org.apache.hadoop.ipc.Server$Handler.run(Server.java:2682)
2019-10-16 06:06:23,065 [main] INFO  retry.RetryInvocationHandler (RetryInvocationHandler.java:log(411)) - com.google.protobuf.ServiceException: org.apache.hadoop.ipc.RemoteException(java.lang.IllegalMonitorStateException): Releasing lock on resource /66ad3e5f-340c-433f-a0be-4ab335b1b56d/fa37e926-5028-43f9-ac3c-cee2b48f871a without acquiring lock
	at org.apache.hadoop.ozone.lock.LockManager.getLockForReleasing(LockManager.java:220)
	at org.apache.hadoop.ozone.lock.LockManager.release(LockManager.java:168)
	at org.apache.hadoop.ozone.lock.LockManager.writeUnlock(LockManager.java:148)
	at org.apache.hadoop.ozone.om.lock.OzoneManagerLock.unlock(OzoneManagerLock.java:364)
	at org.apache.hadoop.ozone.om.lock.OzoneManagerLock.releaseWriteLock(OzoneManagerLock.java:329)
	at org.apache.hadoop.ozone.om.request.key.OMKeyCommitRequest.validateAndUpdateCache(OMKeyCommitRequest.java:177)
	at org.apache.hadoop.ozone.protocolPB.OzoneManagerProtocolServerSideTranslatorPB.submitRequestDirectlyToOM(OzoneManagerProtocolServerSideTranslatorPB.java:219)
	at org.apache.hadoop.ozone.protocolPB.OzoneManagerProtocolServerSideTranslatorPB.processRequest(OzoneManagerProtocolServerSideTranslatorPB.java:134)
	at org.apache.hadoop.hdds.server.OzoneProtocolMessageDispatcher.processRequest(OzoneProtocolMessageDispatcher.java:72)
	at org.apache.hadoop.ozone.protocolPB.OzoneManagerProtocolServerSideTranslatorPB.submitRequest(OzoneManagerProtocolServerSideTranslatorPB.java:100)
	at org.apache.hadoop.ozone.protocol.proto.OzoneManagerProtocolProtos$OzoneManagerService$2.callBlockingMethod(OzoneManagerProtocolProtos.java)
	at org.apache.hadoop.ipc.ProtobufRpcEngine$Server$ProtoBufRpcInvoker.call(ProtobufRpcEngine.java:524)
	at org.apache.hadoop.ipc.RPC$Server.call(RPC.java:1025)
	at org.apache.hadoop.ipc.Server$RpcCall.run(Server.java:876)
	at org.apache.hadoop.ipc.Server$RpcCall.run(Server.java:822)
	at java.security.AccessController.doPrivileged(Native Method)
	at javax.security.auth.Subject.doAs(Subject.java:422)
	at org.apache.hadoop.security.UserGroupInformation.doAs(UserGroupInformation.java:1730)
	at org.apache.hadoop.ipc.Server$Handler.run(Server.java:2682)
, while invoking $Proxy37.submitRequest over nodeId=null,nodeAddress=localhost:42894 after 7 failover attempts. Trying to failover immediately.
2019-10-16 06:06:23,065 [IPC Server handler 5 on 42894] ERROR lock.LockManager (LockManager.java:getLockForReleasing(218)) - Trying to release the lock on /66ad3e5f-340c-433f-a0be-4ab335b1b56d/fa37e926-5028-43f9-ac3c-cee2b48f871a, which was never acquired.
2019-10-16 06:06:23,066 [IPC Server handler 5 on 42894] WARN  ipc.Server (Server.java:logException(2724)) - IPC Server handler 5 on 42894, call Call#3784 Retry#8 org.apache.hadoop.ozone.om.protocol.OzoneManagerProtocol.submitRequest from 127.0.0.1:60690
java.lang.IllegalMonitorStateException: Releasing lock on resource /66ad3e5f-340c-433f-a0be-4ab335b1b56d/fa37e926-5028-43f9-ac3c-cee2b48f871a without acquiring lock
	at org.apache.hadoop.ozone.lock.LockManager.getLockForReleasing(LockManager.java:220)
	at org.apache.hadoop.ozone.lock.LockManager.release(LockManager.java:168)
	at org.apache.hadoop.ozone.lock.LockManager.writeUnlock(LockManager.java:148)
	at org.apache.hadoop.ozone.om.lock.OzoneManagerLock.unlock(OzoneManagerLock.java:364)
	at org.apache.hadoop.ozone.om.lock.OzoneManagerLock.releaseWriteLock(OzoneManagerLock.java:329)
	at org.apache.hadoop.ozone.om.request.key.OMKeyCommitRequest.validateAndUpdateCache(OMKeyCommitRequest.java:177)
	at org.apache.hadoop.ozone.protocolPB.OzoneManagerProtocolServerSideTranslatorPB.submitRequestDirectlyToOM(OzoneManagerProtocolServerSideTranslatorPB.java:219)
	at org.apache.hadoop.ozone.protocolPB.OzoneManagerProtocolServerSideTranslatorPB.processRequest(OzoneManagerProtocolServerSideTranslatorPB.java:134)
	at org.apache.hadoop.hdds.server.OzoneProtocolMessageDispatcher.processRequest(OzoneProtocolMessageDispatcher.java:72)
	at org.apache.hadoop.ozone.protocolPB.OzoneManagerProtocolServerSideTranslatorPB.submitRequest(OzoneManagerProtocolServerSideTranslatorPB.java:100)
	at org.apache.hadoop.ozone.protocol.proto.OzoneManagerProtocolProtos$OzoneManagerService$2.callBlockingMethod(OzoneManagerProtocolProtos.java)
	at org.apache.hadoop.ipc.ProtobufRpcEngine$Server$ProtoBufRpcInvoker.call(ProtobufRpcEngine.java:524)
	at org.apache.hadoop.ipc.RPC$Server.call(RPC.java:1025)
	at org.apache.hadoop.ipc.Server$RpcCall.run(Server.java:876)
	at org.apache.hadoop.ipc.Server$RpcCall.run(Server.java:822)
	at java.security.AccessController.doPrivileged(Native Method)
	at javax.security.auth.Subject.doAs(Subject.java:422)
	at org.apache.hadoop.security.UserGroupInformation.doAs(UserGroupInformation.java:1730)
	at org.apache.hadoop.ipc.Server$Handler.run(Server.java:2682)
2019-10-16 06:06:23,066 [main] INFO  retry.RetryInvocationHandler (RetryInvocationHandler.java:log(411)) - com.google.protobuf.ServiceException: org.apache.hadoop.ipc.RemoteException(java.lang.IllegalMonitorStateException): Releasing lock on resource /66ad3e5f-340c-433f-a0be-4ab335b1b56d/fa37e926-5028-43f9-ac3c-cee2b48f871a without acquiring lock
	at org.apache.hadoop.ozone.lock.LockManager.getLockForReleasing(LockManager.java:220)
	at org.apache.hadoop.ozone.lock.LockManager.release(LockManager.java:168)
	at org.apache.hadoop.ozone.lock.LockManager.writeUnlock(LockManager.java:148)
	at org.apache.hadoop.ozone.om.lock.OzoneManagerLock.unlock(OzoneManagerLock.java:364)
	at org.apache.hadoop.ozone.om.lock.OzoneManagerLock.releaseWriteLock(OzoneManagerLock.java:329)
	at org.apache.hadoop.ozone.om.request.key.OMKeyCommitRequest.validateAndUpdateCache(OMKeyCommitRequest.java:177)
	at org.apache.hadoop.ozone.protocolPB.OzoneManagerProtocolServerSideTranslatorPB.submitRequestDirectlyToOM(OzoneManagerProtocolServerSideTranslatorPB.java:219)
	at org.apache.hadoop.ozone.protocolPB.OzoneManagerProtocolServerSideTranslatorPB.processRequest(OzoneManagerProtocolServerSideTranslatorPB.java:134)
	at org.apache.hadoop.hdds.server.OzoneProtocolMessageDispatcher.processRequest(OzoneProtocolMessageDispatcher.java:72)
	at org.apache.hadoop.ozone.protocolPB.OzoneManagerProtocolServerSideTranslatorPB.submitRequest(OzoneManagerProtocolServerSideTranslatorPB.java:100)
	at org.apache.hadoop.ozone.protocol.proto.OzoneManagerProtocolProtos$OzoneManagerService$2.callBlockingMethod(OzoneManagerProtocolProtos.java)
	at org.apache.hadoop.ipc.ProtobufRpcEngine$Server$ProtoBufRpcInvoker.call(ProtobufRpcEngine.java:524)
	at org.apache.hadoop.ipc.RPC$Server.call(RPC.java:1025)
	at org.apache.hadoop.ipc.Server$RpcCall.run(Server.java:876)
	at org.apache.hadoop.ipc.Server$RpcCall.run(Server.java:822)
	at java.security.AccessController.doPrivileged(Native Method)
	at javax.security.auth.Subject.doAs(Subject.java:422)
	at org.apache.hadoop.security.UserGroupInformation.doAs(UserGroupInformation.java:1730)
	at org.apache.hadoop.ipc.Server$Handler.run(Server.java:2682)
, while invoking $Proxy37.submitRequest over nodeId=null,nodeAddress=localhost:42894 after 8 failover attempts. Trying to failover immediately.
2019-10-16 06:06:23,067 [IPC Server handler 11 on 42894] ERROR lock.LockManager (LockManager.java:getLockForReleasing(218)) - Trying to release the lock on /66ad3e5f-340c-433f-a0be-4ab335b1b56d/fa37e926-5028-43f9-ac3c-cee2b48f871a, which was never acquired.
2019-10-16 06:06:23,067 [IPC Server handler 11 on 42894] WARN  ipc.Server (Server.java:logException(2724)) - IPC Server handler 11 on 42894, call Call#3784 Retry#9 org.apache.hadoop.ozone.om.protocol.OzoneManagerProtocol.submitRequest from 127.0.0.1:60690
java.lang.IllegalMonitorStateException: Releasing lock on resource /66ad3e5f-340c-433f-a0be-4ab335b1b56d/fa37e926-5028-43f9-ac3c-cee2b48f871a without acquiring lock
	at org.apache.hadoop.ozone.lock.LockManager.getLockForReleasing(LockManager.java:220)
	at org.apache.hadoop.ozone.lock.LockManager.release(LockManager.java:168)
	at org.apache.hadoop.ozone.lock.LockManager.writeUnlock(LockManager.java:148)
	at org.apache.hadoop.ozone.om.lock.OzoneManagerLock.unlock(OzoneManagerLock.java:364)
	at org.apache.hadoop.ozone.om.lock.OzoneManagerLock.releaseWriteLock(OzoneManagerLock.java:329)
	at org.apache.hadoop.ozone.om.request.key.OMKeyCommitRequest.validateAndUpdateCache(OMKeyCommitRequest.java:177)
	at org.apache.hadoop.ozone.protocolPB.OzoneManagerProtocolServerSideTranslatorPB.submitRequestDirectlyToOM(OzoneManagerProtocolServerSideTranslatorPB.java:219)
	at org.apache.hadoop.ozone.protocolPB.OzoneManagerProtocolServerSideTranslatorPB.processRequest(OzoneManagerProtocolServerSideTranslatorPB.java:134)
	at org.apache.hadoop.hdds.server.OzoneProtocolMessageDispatcher.processRequest(OzoneProtocolMessageDispatcher.java:72)
	at org.apache.hadoop.ozone.protocolPB.OzoneManagerProtocolServerSideTranslatorPB.submitRequest(OzoneManagerProtocolServerSideTranslatorPB.java:100)
	at org.apache.hadoop.ozone.protocol.proto.OzoneManagerProtocolProtos$OzoneManagerService$2.callBlockingMethod(OzoneManagerProtocolProtos.java)
	at org.apache.hadoop.ipc.ProtobufRpcEngine$Server$ProtoBufRpcInvoker.call(ProtobufRpcEngine.java:524)
	at org.apache.hadoop.ipc.RPC$Server.call(RPC.java:1025)
	at org.apache.hadoop.ipc.Server$RpcCall.run(Server.java:876)
	at org.apache.hadoop.ipc.Server$RpcCall.run(Server.java:822)
	at java.security.AccessController.doPrivileged(Native Method)
	at javax.security.auth.Subject.doAs(Subject.java:422)
	at org.apache.hadoop.security.UserGroupInformation.doAs(UserGroupInformation.java:1730)
	at org.apache.hadoop.ipc.Server$Handler.run(Server.java:2682)
2019-10-16 06:06:23,067 [main] INFO  retry.RetryInvocationHandler (RetryInvocationHandler.java:log(411)) - com.google.protobuf.ServiceException: org.apache.hadoop.ipc.RemoteException(java.lang.IllegalMonitorStateException): Releasing lock on resource /66ad3e5f-340c-433f-a0be-4ab335b1b56d/fa37e926-5028-43f9-ac3c-cee2b48f871a without acquiring lock
	at org.apache.hadoop.ozone.lock.LockManager.getLockForReleasing(LockManager.java:220)
	at org.apache.hadoop.ozone.lock.LockManager.release(LockManager.java:168)
	at org.apache.hadoop.ozone.lock.LockManager.writeUnlock(LockManager.java:148)
	at org.apache.hadoop.ozone.om.lock.OzoneManagerLock.unlock(OzoneManagerLock.java:364)
	at org.apache.hadoop.ozone.om.lock.OzoneManagerLock.releaseWriteLock(OzoneManagerLock.java:329)
	at org.apache.hadoop.ozone.om.request.key.OMKeyCommitRequest.validateAndUpdateCache(OMKeyCommitRequest.java:177)
	at org.apache.hadoop.ozone.protocolPB.OzoneManagerProtocolServerSideTranslatorPB.submitRequestDirectlyToOM(OzoneManagerProtocolServerSideTranslatorPB.java:219)
	at org.apache.hadoop.ozone.protocolPB.OzoneManagerProtocolServerSideTranslatorPB.processRequest(OzoneManagerProtocolServerSideTranslatorPB.java:134)
	at org.apache.hadoop.hdds.server.OzoneProtocolMessageDispatcher.processRequest(OzoneProtocolMessageDispatcher.java:72)
	at org.apache.hadoop.ozone.protocolPB.OzoneManagerProtocolServerSideTranslatorPB.submitRequest(OzoneManagerProtocolServerSideTranslatorPB.java:100)
	at org.apache.hadoop.ozone.protocol.proto.OzoneManagerProtocolProtos$OzoneManagerService$2.callBlockingMethod(OzoneManagerProtocolProtos.java)
	at org.apache.hadoop.ipc.ProtobufRpcEngine$Server$ProtoBufRpcInvoker.call(ProtobufRpcEngine.java:524)
	at org.apache.hadoop.ipc.RPC$Server.call(RPC.java:1025)
	at org.apache.hadoop.ipc.Server$RpcCall.run(Server.java:876)
	at org.apache.hadoop.ipc.Server$RpcCall.run(Server.java:822)
	at java.security.AccessController.doPrivileged(Native Method)
	at javax.security.auth.Subject.doAs(Subject.java:422)
	at org.apache.hadoop.security.UserGroupInformation.doAs(UserGroupInformation.java:1730)
	at org.apache.hadoop.ipc.Server$Handler.run(Server.java:2682)
, while invoking $Proxy37.submitRequest over nodeId=null,nodeAddress=localhost:42894 after 9 failover attempts. Trying to failover immediately.
2019-10-16 06:06:23,068 [IPC Server handler 3 on 42894] ERROR lock.LockManager (LockManager.java:getLockForReleasing(218)) - Trying to release the lock on /66ad3e5f-340c-433f-a0be-4ab335b1b56d/fa37e926-5028-43f9-ac3c-cee2b48f871a, which was never acquired.
2019-10-16 06:06:23,068 [IPC Server handler 3 on 42894] WARN  ipc.Server (Server.java:logException(2724)) - IPC Server handler 3 on 42894, call Call#3784 Retry#10 org.apache.hadoop.ozone.om.protocol.OzoneManagerProtocol.submitRequest from 127.0.0.1:60690
java.lang.IllegalMonitorStateException: Releasing lock on resource /66ad3e5f-340c-433f-a0be-4ab335b1b56d/fa37e926-5028-43f9-ac3c-cee2b48f871a without acquiring lock
	at org.apache.hadoop.ozone.lock.LockManager.getLockForReleasing(LockManager.java:220)
	at org.apache.hadoop.ozone.lock.LockManager.release(LockManager.java:168)
	at org.apache.hadoop.ozone.lock.LockManager.writeUnlock(LockManager.java:148)
	at org.apache.hadoop.ozone.om.lock.OzoneManagerLock.unlock(OzoneManagerLock.java:364)
	at org.apache.hadoop.ozone.om.lock.OzoneManagerLock.releaseWriteLock(OzoneManagerLock.java:329)
	at org.apache.hadoop.ozone.om.request.key.OMKeyCommitRequest.validateAndUpdateCache(OMKeyCommitRequest.java:177)
	at org.apache.hadoop.ozone.protocolPB.OzoneManagerProtocolServerSideTranslatorPB.submitRequestDirectlyToOM(OzoneManagerProtocolServerSideTranslatorPB.java:219)
	at org.apache.hadoop.ozone.protocolPB.OzoneManagerProtocolServerSideTranslatorPB.processRequest(OzoneManagerProtocolServerSideTranslatorPB.java:134)
	at org.apache.hadoop.hdds.server.OzoneProtocolMessageDispatcher.processRequest(OzoneProtocolMessageDispatcher.java:72)
	at org.apache.hadoop.ozone.protocolPB.OzoneManagerProtocolServerSideTranslatorPB.submitRequest(OzoneManagerProtocolServerSideTranslatorPB.java:100)
	at org.apache.hadoop.ozone.protocol.proto.OzoneManagerProtocolProtos$OzoneManagerService$2.callBlockingMethod(OzoneManagerProtocolProtos.java)
	at org.apache.hadoop.ipc.ProtobufRpcEngine$Server$ProtoBufRpcInvoker.call(ProtobufRpcEngine.java:524)
	at org.apache.hadoop.ipc.RPC$Server.call(RPC.java:1025)
	at org.apache.hadoop.ipc.Server$RpcCall.run(Server.java:876)
	at org.apache.hadoop.ipc.Server$RpcCall.run(Server.java:822)
	at java.security.AccessController.doPrivileged(Native Method)
	at javax.security.auth.Subject.doAs(Subject.java:422)
	at org.apache.hadoop.security.UserGroupInformation.doAs(UserGroupInformation.java:1730)
	at org.apache.hadoop.ipc.Server$Handler.run(Server.java:2682)
2019-10-16 06:06:23,069 [main] ERROR ha.OMFailoverProxyProvider (OzoneManagerProtocolClientSideTranslatorPB.java:getRetryAction(268)) - Failed to connect to OM. Attempted 10 retries and 10 failovers
]]></system-out>
  </testcase>
  <testcase name="testReadKeyWithCorruptedData" classname="org.apache.hadoop.ozone.client.rpc.TestSecureOzoneRpcClient" time="0.26">
    <error message="Releasing lock on resource /87580635-f159-426d-aa0c-97f4e4d2801b/2ab3d668-9d4f-4db3-b211-702269ede6b7 without acquiring lock&#10;	at org.apache.hadoop.ozone.lock.LockManager.getLockForReleasing(LockManager.java:220)&#10;	at org.apache.hadoop.ozone.lock.LockManager.release(LockManager.java:168)&#10;	at org.apache.hadoop.ozone.lock.LockManager.writeUnlock(LockManager.java:148)&#10;	at org.apache.hadoop.ozone.om.lock.OzoneManagerLock.unlock(OzoneManagerLock.java:364)&#10;	at org.apache.hadoop.ozone.om.lock.OzoneManagerLock.releaseWriteLock(OzoneManagerLock.java:329)&#10;	at org.apache.hadoop.ozone.om.request.key.OMKeyCommitRequest.validateAndUpdateCache(OMKeyCommitRequest.java:177)&#10;	at org.apache.hadoop.ozone.protocolPB.OzoneManagerProtocolServerSideTranslatorPB.submitRequestDirectlyToOM(OzoneManagerProtocolServerSideTranslatorPB.java:219)&#10;	at org.apache.hadoop.ozone.protocolPB.OzoneManagerProtocolServerSideTranslatorPB.processRequest(OzoneManagerProtocolServerSideTranslatorPB.java:134)&#10;	at org.apache.hadoop.hdds.server.OzoneProtocolMessageDispatcher.processRequest(OzoneProtocolMessageDispatcher.java:72)&#10;	at org.apache.hadoop.ozone.protocolPB.OzoneManagerProtocolServerSideTranslatorPB.submitRequest(OzoneManagerProtocolServerSideTranslatorPB.java:100)&#10;	at org.apache.hadoop.ozone.protocol.proto.OzoneManagerProtocolProtos$OzoneManagerService$2.callBlockingMethod(OzoneManagerProtocolProtos.java)&#10;	at org.apache.hadoop.ipc.ProtobufRpcEngine$Server$ProtoBufRpcInvoker.call(ProtobufRpcEngine.java:524)&#10;	at org.apache.hadoop.ipc.RPC$Server.call(RPC.java:1025)&#10;	at org.apache.hadoop.ipc.Server$RpcCall.run(Server.java:876)&#10;	at org.apache.hadoop.ipc.Server$RpcCall.run(Server.java:822)&#10;	at java.security.AccessController.doPrivileged(Native Method)&#10;	at javax.security.auth.Subject.doAs(Subject.java:422)&#10;	at org.apache.hadoop.security.UserGroupInformation.doAs(UserGroupInformation.java:1730)&#10;	at org.apache.hadoop.ipc.Server$Handler.run(Server.java:2682)&#10;" type="org.apache.hadoop.ipc.RemoteException(java.lang.IllegalMonitorStateException)">org.apache.hadoop.ipc.RemoteException(java.lang.IllegalMonitorStateException): Releasing lock on resource /87580635-f159-426d-aa0c-97f4e4d2801b/2ab3d668-9d4f-4db3-b211-702269ede6b7 without acquiring lock
	at org.apache.hadoop.ozone.lock.LockManager.getLockForReleasing(LockManager.java:220)
	at org.apache.hadoop.ozone.lock.LockManager.release(LockManager.java:168)
	at org.apache.hadoop.ozone.lock.LockManager.writeUnlock(LockManager.java:148)
	at org.apache.hadoop.ozone.om.lock.OzoneManagerLock.unlock(OzoneManagerLock.java:364)
	at org.apache.hadoop.ozone.om.lock.OzoneManagerLock.releaseWriteLock(OzoneManagerLock.java:329)
	at org.apache.hadoop.ozone.om.request.key.OMKeyCommitRequest.validateAndUpdateCache(OMKeyCommitRequest.java:177)
	at org.apache.hadoop.ozone.protocolPB.OzoneManagerProtocolServerSideTranslatorPB.submitRequestDirectlyToOM(OzoneManagerProtocolServerSideTranslatorPB.java:219)
	at org.apache.hadoop.ozone.protocolPB.OzoneManagerProtocolServerSideTranslatorPB.processRequest(OzoneManagerProtocolServerSideTranslatorPB.java:134)
	at org.apache.hadoop.hdds.server.OzoneProtocolMessageDispatcher.processRequest(OzoneProtocolMessageDispatcher.java:72)
	at org.apache.hadoop.ozone.protocolPB.OzoneManagerProtocolServerSideTranslatorPB.submitRequest(OzoneManagerProtocolServerSideTranslatorPB.java:100)
	at org.apache.hadoop.ozone.protocol.proto.OzoneManagerProtocolProtos$OzoneManagerService$2.callBlockingMethod(OzoneManagerProtocolProtos.java)
	at org.apache.hadoop.ipc.ProtobufRpcEngine$Server$ProtoBufRpcInvoker.call(ProtobufRpcEngine.java:524)
	at org.apache.hadoop.ipc.RPC$Server.call(RPC.java:1025)
	at org.apache.hadoop.ipc.Server$RpcCall.run(Server.java:876)
	at org.apache.hadoop.ipc.Server$RpcCall.run(Server.java:822)
	at java.security.AccessController.doPrivileged(Native Method)
	at javax.security.auth.Subject.doAs(Subject.java:422)
	at org.apache.hadoop.security.UserGroupInformation.doAs(UserGroupInformation.java:1730)
	at org.apache.hadoop.ipc.Server$Handler.run(Server.java:2682)

	at org.apache.hadoop.ipc.Client.getRpcResponse(Client.java:1511)
	at org.apache.hadoop.ipc.Client.call(Client.java:1457)
	at org.apache.hadoop.ipc.Client.call(Client.java:1367)
	at org.apache.hadoop.ipc.ProtobufRpcEngine$Invoker.invoke(ProtobufRpcEngine.java:228)
	at org.apache.hadoop.ipc.ProtobufRpcEngine$Invoker.invoke(ProtobufRpcEngine.java:116)
	at com.sun.proxy.$Proxy37.submitRequest(Unknown Source)
	at sun.reflect.GeneratedMethodAccessor72.invoke(Unknown Source)
	at sun.reflect.DelegatingMethodAccessorImpl.invoke(DelegatingMethodAccessorImpl.java:43)
	at java.lang.reflect.Method.invoke(Method.java:498)
	at org.apache.hadoop.io.retry.RetryInvocationHandler.invokeMethod(RetryInvocationHandler.java:422)
	at org.apache.hadoop.io.retry.RetryInvocationHandler$Call.invokeMethod(RetryInvocationHandler.java:165)
	at org.apache.hadoop.io.retry.RetryInvocationHandler$Call.invoke(RetryInvocationHandler.java:157)
	at org.apache.hadoop.io.retry.RetryInvocationHandler$Call.invokeOnce(RetryInvocationHandler.java:95)
	at org.apache.hadoop.io.retry.RetryInvocationHandler.invoke(RetryInvocationHandler.java:359)
	at com.sun.proxy.$Proxy37.submitRequest(Unknown Source)
	at org.apache.hadoop.ozone.om.protocolPB.OzoneManagerProtocolClientSideTranslatorPB.submitRequest(OzoneManagerProtocolClientSideTranslatorPB.java:338)
	at org.apache.hadoop.ozone.om.protocolPB.OzoneManagerProtocolClientSideTranslatorPB.commitKey(OzoneManagerProtocolClientSideTranslatorPB.java:789)
	at sun.reflect.GeneratedMethodAccessor262.invoke(Unknown Source)
	at sun.reflect.DelegatingMethodAccessorImpl.invoke(DelegatingMethodAccessorImpl.java:43)
	at java.lang.reflect.Method.invoke(Method.java:498)
	at org.apache.hadoop.hdds.tracing.TraceAllMethod.invoke(TraceAllMethod.java:66)
	at com.sun.proxy.$Proxy38.commitKey(Unknown Source)
	at org.apache.hadoop.ozone.client.io.BlockOutputStreamEntryPool.commitKey(BlockOutputStreamEntryPool.java:277)
	at org.apache.hadoop.ozone.client.io.KeyOutputStream.close(KeyOutputStream.java:474)
	at org.apache.hadoop.ozone.client.io.OzoneOutputStream.close(OzoneOutputStream.java:60)
	at org.apache.hadoop.ozone.client.rpc.TestOzoneRpcClientAbstract.testReadKeyWithCorruptedData(TestOzoneRpcClientAbstract.java:1085)
	at sun.reflect.NativeMethodAccessorImpl.invoke0(Native Method)
	at sun.reflect.NativeMethodAccessorImpl.invoke(NativeMethodAccessorImpl.java:62)
	at sun.reflect.DelegatingMethodAccessorImpl.invoke(DelegatingMethodAccessorImpl.java:43)
	at java.lang.reflect.Method.invoke(Method.java:498)
	at org.junit.runners.model.FrameworkMethod$1.runReflectiveCall(FrameworkMethod.java:47)
	at org.junit.internal.runners.model.ReflectiveCallable.run(ReflectiveCallable.java:12)
	at org.junit.runners.model.FrameworkMethod.invokeExplosively(FrameworkMethod.java:44)
	at org.junit.internal.runners.statements.InvokeMethod.evaluate(InvokeMethod.java:17)
	at org.junit.runners.ParentRunner.runLeaf(ParentRunner.java:271)
	at org.junit.runners.BlockJUnit4ClassRunner.runChild(BlockJUnit4ClassRunner.java:70)
	at org.junit.runners.BlockJUnit4ClassRunner.runChild(BlockJUnit4ClassRunner.java:50)
	at org.junit.runners.ParentRunner$3.run(ParentRunner.java:238)
	at org.junit.runners.ParentRunner$1.schedule(ParentRunner.java:63)
	at org.junit.runners.ParentRunner.runChildren(ParentRunner.java:236)
	at org.junit.runners.ParentRunner.access$000(ParentRunner.java:53)
	at org.junit.runners.ParentRunner$2.evaluate(ParentRunner.java:229)
	at org.junit.internal.runners.statements.RunBefores.evaluate(RunBefores.java:26)
	at org.junit.internal.runners.statements.RunAfters.evaluate(RunAfters.java:27)
	at org.junit.runners.ParentRunner.run(ParentRunner.java:309)
	at org.apache.maven.surefire.junit4.JUnit4Provider.execute(JUnit4Provider.java:365)
	at org.apache.maven.surefire.junit4.JUnit4Provider.executeWithRerun(JUnit4Provider.java:273)
	at org.apache.maven.surefire.junit4.JUnit4Provider.executeTestSet(JUnit4Provider.java:238)
	at org.apache.maven.surefire.junit4.JUnit4Provider.invoke(JUnit4Provider.java:159)
	at org.apache.maven.surefire.booter.ForkedBooter.invokeProviderInSameClassLoader(ForkedBooter.java:384)
	at org.apache.maven.surefire.booter.ForkedBooter.runSuitesInProcess(ForkedBooter.java:345)
	at org.apache.maven.surefire.booter.ForkedBooter.execute(ForkedBooter.java:126)
	at org.apache.maven.surefire.booter.ForkedBooter.main(ForkedBooter.java:418)
</error>
    <system-out><![CDATA[2019-10-16 06:06:23,069 [main] INFO  rpc.RpcClient (RpcClient.java:createVolume(272)) - Creating Volume: 87580635-f159-426d-aa0c-97f4e4d2801b, with jenkins1000 as owner.
2019-10-16 06:06:23,070 [IPC Server handler 7 on 42894] INFO  volume.OMVolumeCreateRequest (OMVolumeCreateRequest.java:validateAndUpdateCache(193)) - created volume:87580635-f159-426d-aa0c-97f4e4d2801b for user:jenkins1000
2019-10-16 06:06:23,072 [main] INFO  rpc.RpcClient (RpcClient.java:createBucket(411)) - Creating Bucket: 87580635-f159-426d-aa0c-97f4e4d2801b/2ab3d668-9d4f-4db3-b211-702269ede6b7, with Versioning false and Storage Type set to DISK and Encryption set to false 
2019-10-16 06:06:23,310 [IPC Server handler 15 on 42894] ERROR lock.LockManager (LockManager.java:getLockForReleasing(218)) - Trying to release the lock on /87580635-f159-426d-aa0c-97f4e4d2801b/2ab3d668-9d4f-4db3-b211-702269ede6b7, which was never acquired.
2019-10-16 06:06:23,311 [IPC Server handler 15 on 42894] WARN  ipc.Server (Server.java:logException(2724)) - IPC Server handler 15 on 42894, call Call#3796 Retry#0 org.apache.hadoop.ozone.om.protocol.OzoneManagerProtocol.submitRequest from 127.0.0.1:60690
java.lang.IllegalMonitorStateException: Releasing lock on resource /87580635-f159-426d-aa0c-97f4e4d2801b/2ab3d668-9d4f-4db3-b211-702269ede6b7 without acquiring lock
	at org.apache.hadoop.ozone.lock.LockManager.getLockForReleasing(LockManager.java:220)
	at org.apache.hadoop.ozone.lock.LockManager.release(LockManager.java:168)
	at org.apache.hadoop.ozone.lock.LockManager.writeUnlock(LockManager.java:148)
	at org.apache.hadoop.ozone.om.lock.OzoneManagerLock.unlock(OzoneManagerLock.java:364)
	at org.apache.hadoop.ozone.om.lock.OzoneManagerLock.releaseWriteLock(OzoneManagerLock.java:329)
	at org.apache.hadoop.ozone.om.request.key.OMKeyCommitRequest.validateAndUpdateCache(OMKeyCommitRequest.java:177)
	at org.apache.hadoop.ozone.protocolPB.OzoneManagerProtocolServerSideTranslatorPB.submitRequestDirectlyToOM(OzoneManagerProtocolServerSideTranslatorPB.java:219)
	at org.apache.hadoop.ozone.protocolPB.OzoneManagerProtocolServerSideTranslatorPB.processRequest(OzoneManagerProtocolServerSideTranslatorPB.java:134)
	at org.apache.hadoop.hdds.server.OzoneProtocolMessageDispatcher.processRequest(OzoneProtocolMessageDispatcher.java:72)
	at org.apache.hadoop.ozone.protocolPB.OzoneManagerProtocolServerSideTranslatorPB.submitRequest(OzoneManagerProtocolServerSideTranslatorPB.java:100)
	at org.apache.hadoop.ozone.protocol.proto.OzoneManagerProtocolProtos$OzoneManagerService$2.callBlockingMethod(OzoneManagerProtocolProtos.java)
	at org.apache.hadoop.ipc.ProtobufRpcEngine$Server$ProtoBufRpcInvoker.call(ProtobufRpcEngine.java:524)
	at org.apache.hadoop.ipc.RPC$Server.call(RPC.java:1025)
	at org.apache.hadoop.ipc.Server$RpcCall.run(Server.java:876)
	at org.apache.hadoop.ipc.Server$RpcCall.run(Server.java:822)
	at java.security.AccessController.doPrivileged(Native Method)
	at javax.security.auth.Subject.doAs(Subject.java:422)
	at org.apache.hadoop.security.UserGroupInformation.doAs(UserGroupInformation.java:1730)
	at org.apache.hadoop.ipc.Server$Handler.run(Server.java:2682)
2019-10-16 06:06:23,311 [main] INFO  retry.RetryInvocationHandler (RetryInvocationHandler.java:log(411)) - com.google.protobuf.ServiceException: org.apache.hadoop.ipc.RemoteException(java.lang.IllegalMonitorStateException): Releasing lock on resource /87580635-f159-426d-aa0c-97f4e4d2801b/2ab3d668-9d4f-4db3-b211-702269ede6b7 without acquiring lock
	at org.apache.hadoop.ozone.lock.LockManager.getLockForReleasing(LockManager.java:220)
	at org.apache.hadoop.ozone.lock.LockManager.release(LockManager.java:168)
	at org.apache.hadoop.ozone.lock.LockManager.writeUnlock(LockManager.java:148)
	at org.apache.hadoop.ozone.om.lock.OzoneManagerLock.unlock(OzoneManagerLock.java:364)
	at org.apache.hadoop.ozone.om.lock.OzoneManagerLock.releaseWriteLock(OzoneManagerLock.java:329)
	at org.apache.hadoop.ozone.om.request.key.OMKeyCommitRequest.validateAndUpdateCache(OMKeyCommitRequest.java:177)
	at org.apache.hadoop.ozone.protocolPB.OzoneManagerProtocolServerSideTranslatorPB.submitRequestDirectlyToOM(OzoneManagerProtocolServerSideTranslatorPB.java:219)
	at org.apache.hadoop.ozone.protocolPB.OzoneManagerProtocolServerSideTranslatorPB.processRequest(OzoneManagerProtocolServerSideTranslatorPB.java:134)
	at org.apache.hadoop.hdds.server.OzoneProtocolMessageDispatcher.processRequest(OzoneProtocolMessageDispatcher.java:72)
	at org.apache.hadoop.ozone.protocolPB.OzoneManagerProtocolServerSideTranslatorPB.submitRequest(OzoneManagerProtocolServerSideTranslatorPB.java:100)
	at org.apache.hadoop.ozone.protocol.proto.OzoneManagerProtocolProtos$OzoneManagerService$2.callBlockingMethod(OzoneManagerProtocolProtos.java)
	at org.apache.hadoop.ipc.ProtobufRpcEngine$Server$ProtoBufRpcInvoker.call(ProtobufRpcEngine.java:524)
	at org.apache.hadoop.ipc.RPC$Server.call(RPC.java:1025)
	at org.apache.hadoop.ipc.Server$RpcCall.run(Server.java:876)
	at org.apache.hadoop.ipc.Server$RpcCall.run(Server.java:822)
	at java.security.AccessController.doPrivileged(Native Method)
	at javax.security.auth.Subject.doAs(Subject.java:422)
	at org.apache.hadoop.security.UserGroupInformation.doAs(UserGroupInformation.java:1730)
	at org.apache.hadoop.ipc.Server$Handler.run(Server.java:2682)
, while invoking $Proxy37.submitRequest over nodeId=null,nodeAddress=localhost:42894. Trying to failover immediately.
2019-10-16 06:06:23,313 [IPC Server handler 2 on 42894] ERROR lock.LockManager (LockManager.java:getLockForReleasing(218)) - Trying to release the lock on /87580635-f159-426d-aa0c-97f4e4d2801b/2ab3d668-9d4f-4db3-b211-702269ede6b7, which was never acquired.
2019-10-16 06:06:23,313 [IPC Server handler 2 on 42894] WARN  ipc.Server (Server.java:logException(2724)) - IPC Server handler 2 on 42894, call Call#3796 Retry#1 org.apache.hadoop.ozone.om.protocol.OzoneManagerProtocol.submitRequest from 127.0.0.1:60690
java.lang.IllegalMonitorStateException: Releasing lock on resource /87580635-f159-426d-aa0c-97f4e4d2801b/2ab3d668-9d4f-4db3-b211-702269ede6b7 without acquiring lock
	at org.apache.hadoop.ozone.lock.LockManager.getLockForReleasing(LockManager.java:220)
	at org.apache.hadoop.ozone.lock.LockManager.release(LockManager.java:168)
	at org.apache.hadoop.ozone.lock.LockManager.writeUnlock(LockManager.java:148)
	at org.apache.hadoop.ozone.om.lock.OzoneManagerLock.unlock(OzoneManagerLock.java:364)
	at org.apache.hadoop.ozone.om.lock.OzoneManagerLock.releaseWriteLock(OzoneManagerLock.java:329)
	at org.apache.hadoop.ozone.om.request.key.OMKeyCommitRequest.validateAndUpdateCache(OMKeyCommitRequest.java:177)
	at org.apache.hadoop.ozone.protocolPB.OzoneManagerProtocolServerSideTranslatorPB.submitRequestDirectlyToOM(OzoneManagerProtocolServerSideTranslatorPB.java:219)
	at org.apache.hadoop.ozone.protocolPB.OzoneManagerProtocolServerSideTranslatorPB.processRequest(OzoneManagerProtocolServerSideTranslatorPB.java:134)
	at org.apache.hadoop.hdds.server.OzoneProtocolMessageDispatcher.processRequest(OzoneProtocolMessageDispatcher.java:72)
	at org.apache.hadoop.ozone.protocolPB.OzoneManagerProtocolServerSideTranslatorPB.submitRequest(OzoneManagerProtocolServerSideTranslatorPB.java:100)
	at org.apache.hadoop.ozone.protocol.proto.OzoneManagerProtocolProtos$OzoneManagerService$2.callBlockingMethod(OzoneManagerProtocolProtos.java)
	at org.apache.hadoop.ipc.ProtobufRpcEngine$Server$ProtoBufRpcInvoker.call(ProtobufRpcEngine.java:524)
	at org.apache.hadoop.ipc.RPC$Server.call(RPC.java:1025)
	at org.apache.hadoop.ipc.Server$RpcCall.run(Server.java:876)
	at org.apache.hadoop.ipc.Server$RpcCall.run(Server.java:822)
	at java.security.AccessController.doPrivileged(Native Method)
	at javax.security.auth.Subject.doAs(Subject.java:422)
	at org.apache.hadoop.security.UserGroupInformation.doAs(UserGroupInformation.java:1730)
	at org.apache.hadoop.ipc.Server$Handler.run(Server.java:2682)
2019-10-16 06:06:23,314 [main] INFO  retry.RetryInvocationHandler (RetryInvocationHandler.java:log(411)) - com.google.protobuf.ServiceException: org.apache.hadoop.ipc.RemoteException(java.lang.IllegalMonitorStateException): Releasing lock on resource /87580635-f159-426d-aa0c-97f4e4d2801b/2ab3d668-9d4f-4db3-b211-702269ede6b7 without acquiring lock
	at org.apache.hadoop.ozone.lock.LockManager.getLockForReleasing(LockManager.java:220)
	at org.apache.hadoop.ozone.lock.LockManager.release(LockManager.java:168)
	at org.apache.hadoop.ozone.lock.LockManager.writeUnlock(LockManager.java:148)
	at org.apache.hadoop.ozone.om.lock.OzoneManagerLock.unlock(OzoneManagerLock.java:364)
	at org.apache.hadoop.ozone.om.lock.OzoneManagerLock.releaseWriteLock(OzoneManagerLock.java:329)
	at org.apache.hadoop.ozone.om.request.key.OMKeyCommitRequest.validateAndUpdateCache(OMKeyCommitRequest.java:177)
	at org.apache.hadoop.ozone.protocolPB.OzoneManagerProtocolServerSideTranslatorPB.submitRequestDirectlyToOM(OzoneManagerProtocolServerSideTranslatorPB.java:219)
	at org.apache.hadoop.ozone.protocolPB.OzoneManagerProtocolServerSideTranslatorPB.processRequest(OzoneManagerProtocolServerSideTranslatorPB.java:134)
	at org.apache.hadoop.hdds.server.OzoneProtocolMessageDispatcher.processRequest(OzoneProtocolMessageDispatcher.java:72)
	at org.apache.hadoop.ozone.protocolPB.OzoneManagerProtocolServerSideTranslatorPB.submitRequest(OzoneManagerProtocolServerSideTranslatorPB.java:100)
	at org.apache.hadoop.ozone.protocol.proto.OzoneManagerProtocolProtos$OzoneManagerService$2.callBlockingMethod(OzoneManagerProtocolProtos.java)
	at org.apache.hadoop.ipc.ProtobufRpcEngine$Server$ProtoBufRpcInvoker.call(ProtobufRpcEngine.java:524)
	at org.apache.hadoop.ipc.RPC$Server.call(RPC.java:1025)
	at org.apache.hadoop.ipc.Server$RpcCall.run(Server.java:876)
	at org.apache.hadoop.ipc.Server$RpcCall.run(Server.java:822)
	at java.security.AccessController.doPrivileged(Native Method)
	at javax.security.auth.Subject.doAs(Subject.java:422)
	at org.apache.hadoop.security.UserGroupInformation.doAs(UserGroupInformation.java:1730)
	at org.apache.hadoop.ipc.Server$Handler.run(Server.java:2682)
, while invoking $Proxy37.submitRequest over nodeId=null,nodeAddress=localhost:42894 after 1 failover attempts. Trying to failover immediately.
2019-10-16 06:06:23,315 [IPC Server handler 12 on 42894] ERROR lock.LockManager (LockManager.java:getLockForReleasing(218)) - Trying to release the lock on /87580635-f159-426d-aa0c-97f4e4d2801b/2ab3d668-9d4f-4db3-b211-702269ede6b7, which was never acquired.
2019-10-16 06:06:23,316 [IPC Server handler 12 on 42894] WARN  ipc.Server (Server.java:logException(2724)) - IPC Server handler 12 on 42894, call Call#3796 Retry#2 org.apache.hadoop.ozone.om.protocol.OzoneManagerProtocol.submitRequest from 127.0.0.1:60690
java.lang.IllegalMonitorStateException: Releasing lock on resource /87580635-f159-426d-aa0c-97f4e4d2801b/2ab3d668-9d4f-4db3-b211-702269ede6b7 without acquiring lock
	at org.apache.hadoop.ozone.lock.LockManager.getLockForReleasing(LockManager.java:220)
	at org.apache.hadoop.ozone.lock.LockManager.release(LockManager.java:168)
	at org.apache.hadoop.ozone.lock.LockManager.writeUnlock(LockManager.java:148)
	at org.apache.hadoop.ozone.om.lock.OzoneManagerLock.unlock(OzoneManagerLock.java:364)
	at org.apache.hadoop.ozone.om.lock.OzoneManagerLock.releaseWriteLock(OzoneManagerLock.java:329)
	at org.apache.hadoop.ozone.om.request.key.OMKeyCommitRequest.validateAndUpdateCache(OMKeyCommitRequest.java:177)
	at org.apache.hadoop.ozone.protocolPB.OzoneManagerProtocolServerSideTranslatorPB.submitRequestDirectlyToOM(OzoneManagerProtocolServerSideTranslatorPB.java:219)
	at org.apache.hadoop.ozone.protocolPB.OzoneManagerProtocolServerSideTranslatorPB.processRequest(OzoneManagerProtocolServerSideTranslatorPB.java:134)
	at org.apache.hadoop.hdds.server.OzoneProtocolMessageDispatcher.processRequest(OzoneProtocolMessageDispatcher.java:72)
	at org.apache.hadoop.ozone.protocolPB.OzoneManagerProtocolServerSideTranslatorPB.submitRequest(OzoneManagerProtocolServerSideTranslatorPB.java:100)
	at org.apache.hadoop.ozone.protocol.proto.OzoneManagerProtocolProtos$OzoneManagerService$2.callBlockingMethod(OzoneManagerProtocolProtos.java)
	at org.apache.hadoop.ipc.ProtobufRpcEngine$Server$ProtoBufRpcInvoker.call(ProtobufRpcEngine.java:524)
	at org.apache.hadoop.ipc.RPC$Server.call(RPC.java:1025)
	at org.apache.hadoop.ipc.Server$RpcCall.run(Server.java:876)
	at org.apache.hadoop.ipc.Server$RpcCall.run(Server.java:822)
	at java.security.AccessController.doPrivileged(Native Method)
	at javax.security.auth.Subject.doAs(Subject.java:422)
	at org.apache.hadoop.security.UserGroupInformation.doAs(UserGroupInformation.java:1730)
	at org.apache.hadoop.ipc.Server$Handler.run(Server.java:2682)
2019-10-16 06:06:23,316 [main] INFO  retry.RetryInvocationHandler (RetryInvocationHandler.java:log(411)) - com.google.protobuf.ServiceException: org.apache.hadoop.ipc.RemoteException(java.lang.IllegalMonitorStateException): Releasing lock on resource /87580635-f159-426d-aa0c-97f4e4d2801b/2ab3d668-9d4f-4db3-b211-702269ede6b7 without acquiring lock
	at org.apache.hadoop.ozone.lock.LockManager.getLockForReleasing(LockManager.java:220)
	at org.apache.hadoop.ozone.lock.LockManager.release(LockManager.java:168)
	at org.apache.hadoop.ozone.lock.LockManager.writeUnlock(LockManager.java:148)
	at org.apache.hadoop.ozone.om.lock.OzoneManagerLock.unlock(OzoneManagerLock.java:364)
	at org.apache.hadoop.ozone.om.lock.OzoneManagerLock.releaseWriteLock(OzoneManagerLock.java:329)
	at org.apache.hadoop.ozone.om.request.key.OMKeyCommitRequest.validateAndUpdateCache(OMKeyCommitRequest.java:177)
	at org.apache.hadoop.ozone.protocolPB.OzoneManagerProtocolServerSideTranslatorPB.submitRequestDirectlyToOM(OzoneManagerProtocolServerSideTranslatorPB.java:219)
	at org.apache.hadoop.ozone.protocolPB.OzoneManagerProtocolServerSideTranslatorPB.processRequest(OzoneManagerProtocolServerSideTranslatorPB.java:134)
	at org.apache.hadoop.hdds.server.OzoneProtocolMessageDispatcher.processRequest(OzoneProtocolMessageDispatcher.java:72)
	at org.apache.hadoop.ozone.protocolPB.OzoneManagerProtocolServerSideTranslatorPB.submitRequest(OzoneManagerProtocolServerSideTranslatorPB.java:100)
	at org.apache.hadoop.ozone.protocol.proto.OzoneManagerProtocolProtos$OzoneManagerService$2.callBlockingMethod(OzoneManagerProtocolProtos.java)
	at org.apache.hadoop.ipc.ProtobufRpcEngine$Server$ProtoBufRpcInvoker.call(ProtobufRpcEngine.java:524)
	at org.apache.hadoop.ipc.RPC$Server.call(RPC.java:1025)
	at org.apache.hadoop.ipc.Server$RpcCall.run(Server.java:876)
	at org.apache.hadoop.ipc.Server$RpcCall.run(Server.java:822)
	at java.security.AccessController.doPrivileged(Native Method)
	at javax.security.auth.Subject.doAs(Subject.java:422)
	at org.apache.hadoop.security.UserGroupInformation.doAs(UserGroupInformation.java:1730)
	at org.apache.hadoop.ipc.Server$Handler.run(Server.java:2682)
, while invoking $Proxy37.submitRequest over nodeId=null,nodeAddress=localhost:42894 after 2 failover attempts. Trying to failover immediately.
2019-10-16 06:06:23,317 [IPC Server handler 14 on 42894] ERROR lock.LockManager (LockManager.java:getLockForReleasing(218)) - Trying to release the lock on /87580635-f159-426d-aa0c-97f4e4d2801b/2ab3d668-9d4f-4db3-b211-702269ede6b7, which was never acquired.
2019-10-16 06:06:23,317 [IPC Server handler 14 on 42894] WARN  ipc.Server (Server.java:logException(2724)) - IPC Server handler 14 on 42894, call Call#3796 Retry#3 org.apache.hadoop.ozone.om.protocol.OzoneManagerProtocol.submitRequest from 127.0.0.1:60690
java.lang.IllegalMonitorStateException: Releasing lock on resource /87580635-f159-426d-aa0c-97f4e4d2801b/2ab3d668-9d4f-4db3-b211-702269ede6b7 without acquiring lock
	at org.apache.hadoop.ozone.lock.LockManager.getLockForReleasing(LockManager.java:220)
	at org.apache.hadoop.ozone.lock.LockManager.release(LockManager.java:168)
	at org.apache.hadoop.ozone.lock.LockManager.writeUnlock(LockManager.java:148)
	at org.apache.hadoop.ozone.om.lock.OzoneManagerLock.unlock(OzoneManagerLock.java:364)
	at org.apache.hadoop.ozone.om.lock.OzoneManagerLock.releaseWriteLock(OzoneManagerLock.java:329)
	at org.apache.hadoop.ozone.om.request.key.OMKeyCommitRequest.validateAndUpdateCache(OMKeyCommitRequest.java:177)
	at org.apache.hadoop.ozone.protocolPB.OzoneManagerProtocolServerSideTranslatorPB.submitRequestDirectlyToOM(OzoneManagerProtocolServerSideTranslatorPB.java:219)
	at org.apache.hadoop.ozone.protocolPB.OzoneManagerProtocolServerSideTranslatorPB.processRequest(OzoneManagerProtocolServerSideTranslatorPB.java:134)
	at org.apache.hadoop.hdds.server.OzoneProtocolMessageDispatcher.processRequest(OzoneProtocolMessageDispatcher.java:72)
	at org.apache.hadoop.ozone.protocolPB.OzoneManagerProtocolServerSideTranslatorPB.submitRequest(OzoneManagerProtocolServerSideTranslatorPB.java:100)
	at org.apache.hadoop.ozone.protocol.proto.OzoneManagerProtocolProtos$OzoneManagerService$2.callBlockingMethod(OzoneManagerProtocolProtos.java)
	at org.apache.hadoop.ipc.ProtobufRpcEngine$Server$ProtoBufRpcInvoker.call(ProtobufRpcEngine.java:524)
	at org.apache.hadoop.ipc.RPC$Server.call(RPC.java:1025)
	at org.apache.hadoop.ipc.Server$RpcCall.run(Server.java:876)
	at org.apache.hadoop.ipc.Server$RpcCall.run(Server.java:822)
	at java.security.AccessController.doPrivileged(Native Method)
	at javax.security.auth.Subject.doAs(Subject.java:422)
	at org.apache.hadoop.security.UserGroupInformation.doAs(UserGroupInformation.java:1730)
	at org.apache.hadoop.ipc.Server$Handler.run(Server.java:2682)
2019-10-16 06:06:23,318 [main] INFO  retry.RetryInvocationHandler (RetryInvocationHandler.java:log(411)) - com.google.protobuf.ServiceException: org.apache.hadoop.ipc.RemoteException(java.lang.IllegalMonitorStateException): Releasing lock on resource /87580635-f159-426d-aa0c-97f4e4d2801b/2ab3d668-9d4f-4db3-b211-702269ede6b7 without acquiring lock
	at org.apache.hadoop.ozone.lock.LockManager.getLockForReleasing(LockManager.java:220)
	at org.apache.hadoop.ozone.lock.LockManager.release(LockManager.java:168)
	at org.apache.hadoop.ozone.lock.LockManager.writeUnlock(LockManager.java:148)
	at org.apache.hadoop.ozone.om.lock.OzoneManagerLock.unlock(OzoneManagerLock.java:364)
	at org.apache.hadoop.ozone.om.lock.OzoneManagerLock.releaseWriteLock(OzoneManagerLock.java:329)
	at org.apache.hadoop.ozone.om.request.key.OMKeyCommitRequest.validateAndUpdateCache(OMKeyCommitRequest.java:177)
	at org.apache.hadoop.ozone.protocolPB.OzoneManagerProtocolServerSideTranslatorPB.submitRequestDirectlyToOM(OzoneManagerProtocolServerSideTranslatorPB.java:219)
	at org.apache.hadoop.ozone.protocolPB.OzoneManagerProtocolServerSideTranslatorPB.processRequest(OzoneManagerProtocolServerSideTranslatorPB.java:134)
	at org.apache.hadoop.hdds.server.OzoneProtocolMessageDispatcher.processRequest(OzoneProtocolMessageDispatcher.java:72)
	at org.apache.hadoop.ozone.protocolPB.OzoneManagerProtocolServerSideTranslatorPB.submitRequest(OzoneManagerProtocolServerSideTranslatorPB.java:100)
	at org.apache.hadoop.ozone.protocol.proto.OzoneManagerProtocolProtos$OzoneManagerService$2.callBlockingMethod(OzoneManagerProtocolProtos.java)
	at org.apache.hadoop.ipc.ProtobufRpcEngine$Server$ProtoBufRpcInvoker.call(ProtobufRpcEngine.java:524)
	at org.apache.hadoop.ipc.RPC$Server.call(RPC.java:1025)
	at org.apache.hadoop.ipc.Server$RpcCall.run(Server.java:876)
	at org.apache.hadoop.ipc.Server$RpcCall.run(Server.java:822)
	at java.security.AccessController.doPrivileged(Native Method)
	at javax.security.auth.Subject.doAs(Subject.java:422)
	at org.apache.hadoop.security.UserGroupInformation.doAs(UserGroupInformation.java:1730)
	at org.apache.hadoop.ipc.Server$Handler.run(Server.java:2682)
, while invoking $Proxy37.submitRequest over nodeId=null,nodeAddress=localhost:42894 after 3 failover attempts. Trying to failover immediately.
2019-10-16 06:06:23,319 [IPC Server handler 4 on 42894] ERROR lock.LockManager (LockManager.java:getLockForReleasing(218)) - Trying to release the lock on /87580635-f159-426d-aa0c-97f4e4d2801b/2ab3d668-9d4f-4db3-b211-702269ede6b7, which was never acquired.
2019-10-16 06:06:23,319 [IPC Server handler 4 on 42894] WARN  ipc.Server (Server.java:logException(2724)) - IPC Server handler 4 on 42894, call Call#3796 Retry#4 org.apache.hadoop.ozone.om.protocol.OzoneManagerProtocol.submitRequest from 127.0.0.1:60690
java.lang.IllegalMonitorStateException: Releasing lock on resource /87580635-f159-426d-aa0c-97f4e4d2801b/2ab3d668-9d4f-4db3-b211-702269ede6b7 without acquiring lock
	at org.apache.hadoop.ozone.lock.LockManager.getLockForReleasing(LockManager.java:220)
	at org.apache.hadoop.ozone.lock.LockManager.release(LockManager.java:168)
	at org.apache.hadoop.ozone.lock.LockManager.writeUnlock(LockManager.java:148)
	at org.apache.hadoop.ozone.om.lock.OzoneManagerLock.unlock(OzoneManagerLock.java:364)
	at org.apache.hadoop.ozone.om.lock.OzoneManagerLock.releaseWriteLock(OzoneManagerLock.java:329)
	at org.apache.hadoop.ozone.om.request.key.OMKeyCommitRequest.validateAndUpdateCache(OMKeyCommitRequest.java:177)
	at org.apache.hadoop.ozone.protocolPB.OzoneManagerProtocolServerSideTranslatorPB.submitRequestDirectlyToOM(OzoneManagerProtocolServerSideTranslatorPB.java:219)
	at org.apache.hadoop.ozone.protocolPB.OzoneManagerProtocolServerSideTranslatorPB.processRequest(OzoneManagerProtocolServerSideTranslatorPB.java:134)
	at org.apache.hadoop.hdds.server.OzoneProtocolMessageDispatcher.processRequest(OzoneProtocolMessageDispatcher.java:72)
	at org.apache.hadoop.ozone.protocolPB.OzoneManagerProtocolServerSideTranslatorPB.submitRequest(OzoneManagerProtocolServerSideTranslatorPB.java:100)
	at org.apache.hadoop.ozone.protocol.proto.OzoneManagerProtocolProtos$OzoneManagerService$2.callBlockingMethod(OzoneManagerProtocolProtos.java)
	at org.apache.hadoop.ipc.ProtobufRpcEngine$Server$ProtoBufRpcInvoker.call(ProtobufRpcEngine.java:524)
	at org.apache.hadoop.ipc.RPC$Server.call(RPC.java:1025)
	at org.apache.hadoop.ipc.Server$RpcCall.run(Server.java:876)
	at org.apache.hadoop.ipc.Server$RpcCall.run(Server.java:822)
	at java.security.AccessController.doPrivileged(Native Method)
	at javax.security.auth.Subject.doAs(Subject.java:422)
	at org.apache.hadoop.security.UserGroupInformation.doAs(UserGroupInformation.java:1730)
	at org.apache.hadoop.ipc.Server$Handler.run(Server.java:2682)
2019-10-16 06:06:23,319 [main] INFO  retry.RetryInvocationHandler (RetryInvocationHandler.java:log(411)) - com.google.protobuf.ServiceException: org.apache.hadoop.ipc.RemoteException(java.lang.IllegalMonitorStateException): Releasing lock on resource /87580635-f159-426d-aa0c-97f4e4d2801b/2ab3d668-9d4f-4db3-b211-702269ede6b7 without acquiring lock
	at org.apache.hadoop.ozone.lock.LockManager.getLockForReleasing(LockManager.java:220)
	at org.apache.hadoop.ozone.lock.LockManager.release(LockManager.java:168)
	at org.apache.hadoop.ozone.lock.LockManager.writeUnlock(LockManager.java:148)
	at org.apache.hadoop.ozone.om.lock.OzoneManagerLock.unlock(OzoneManagerLock.java:364)
	at org.apache.hadoop.ozone.om.lock.OzoneManagerLock.releaseWriteLock(OzoneManagerLock.java:329)
	at org.apache.hadoop.ozone.om.request.key.OMKeyCommitRequest.validateAndUpdateCache(OMKeyCommitRequest.java:177)
	at org.apache.hadoop.ozone.protocolPB.OzoneManagerProtocolServerSideTranslatorPB.submitRequestDirectlyToOM(OzoneManagerProtocolServerSideTranslatorPB.java:219)
	at org.apache.hadoop.ozone.protocolPB.OzoneManagerProtocolServerSideTranslatorPB.processRequest(OzoneManagerProtocolServerSideTranslatorPB.java:134)
	at org.apache.hadoop.hdds.server.OzoneProtocolMessageDispatcher.processRequest(OzoneProtocolMessageDispatcher.java:72)
	at org.apache.hadoop.ozone.protocolPB.OzoneManagerProtocolServerSideTranslatorPB.submitRequest(OzoneManagerProtocolServerSideTranslatorPB.java:100)
	at org.apache.hadoop.ozone.protocol.proto.OzoneManagerProtocolProtos$OzoneManagerService$2.callBlockingMethod(OzoneManagerProtocolProtos.java)
	at org.apache.hadoop.ipc.ProtobufRpcEngine$Server$ProtoBufRpcInvoker.call(ProtobufRpcEngine.java:524)
	at org.apache.hadoop.ipc.RPC$Server.call(RPC.java:1025)
	at org.apache.hadoop.ipc.Server$RpcCall.run(Server.java:876)
	at org.apache.hadoop.ipc.Server$RpcCall.run(Server.java:822)
	at java.security.AccessController.doPrivileged(Native Method)
	at javax.security.auth.Subject.doAs(Subject.java:422)
	at org.apache.hadoop.security.UserGroupInformation.doAs(UserGroupInformation.java:1730)
	at org.apache.hadoop.ipc.Server$Handler.run(Server.java:2682)
, while invoking $Proxy37.submitRequest over nodeId=null,nodeAddress=localhost:42894 after 4 failover attempts. Trying to failover immediately.
2019-10-16 06:06:23,321 [IPC Server handler 10 on 42894] ERROR lock.LockManager (LockManager.java:getLockForReleasing(218)) - Trying to release the lock on /87580635-f159-426d-aa0c-97f4e4d2801b/2ab3d668-9d4f-4db3-b211-702269ede6b7, which was never acquired.
2019-10-16 06:06:23,321 [IPC Server handler 10 on 42894] WARN  ipc.Server (Server.java:logException(2724)) - IPC Server handler 10 on 42894, call Call#3796 Retry#5 org.apache.hadoop.ozone.om.protocol.OzoneManagerProtocol.submitRequest from 127.0.0.1:60690
java.lang.IllegalMonitorStateException: Releasing lock on resource /87580635-f159-426d-aa0c-97f4e4d2801b/2ab3d668-9d4f-4db3-b211-702269ede6b7 without acquiring lock
	at org.apache.hadoop.ozone.lock.LockManager.getLockForReleasing(LockManager.java:220)
	at org.apache.hadoop.ozone.lock.LockManager.release(LockManager.java:168)
	at org.apache.hadoop.ozone.lock.LockManager.writeUnlock(LockManager.java:148)
	at org.apache.hadoop.ozone.om.lock.OzoneManagerLock.unlock(OzoneManagerLock.java:364)
	at org.apache.hadoop.ozone.om.lock.OzoneManagerLock.releaseWriteLock(OzoneManagerLock.java:329)
	at org.apache.hadoop.ozone.om.request.key.OMKeyCommitRequest.validateAndUpdateCache(OMKeyCommitRequest.java:177)
	at org.apache.hadoop.ozone.protocolPB.OzoneManagerProtocolServerSideTranslatorPB.submitRequestDirectlyToOM(OzoneManagerProtocolServerSideTranslatorPB.java:219)
	at org.apache.hadoop.ozone.protocolPB.OzoneManagerProtocolServerSideTranslatorPB.processRequest(OzoneManagerProtocolServerSideTranslatorPB.java:134)
	at org.apache.hadoop.hdds.server.OzoneProtocolMessageDispatcher.processRequest(OzoneProtocolMessageDispatcher.java:72)
	at org.apache.hadoop.ozone.protocolPB.OzoneManagerProtocolServerSideTranslatorPB.submitRequest(OzoneManagerProtocolServerSideTranslatorPB.java:100)
	at org.apache.hadoop.ozone.protocol.proto.OzoneManagerProtocolProtos$OzoneManagerService$2.callBlockingMethod(OzoneManagerProtocolProtos.java)
	at org.apache.hadoop.ipc.ProtobufRpcEngine$Server$ProtoBufRpcInvoker.call(ProtobufRpcEngine.java:524)
	at org.apache.hadoop.ipc.RPC$Server.call(RPC.java:1025)
	at org.apache.hadoop.ipc.Server$RpcCall.run(Server.java:876)
	at org.apache.hadoop.ipc.Server$RpcCall.run(Server.java:822)
	at java.security.AccessController.doPrivileged(Native Method)
	at javax.security.auth.Subject.doAs(Subject.java:422)
	at org.apache.hadoop.security.UserGroupInformation.doAs(UserGroupInformation.java:1730)
	at org.apache.hadoop.ipc.Server$Handler.run(Server.java:2682)
2019-10-16 06:06:23,321 [main] INFO  retry.RetryInvocationHandler (RetryInvocationHandler.java:log(411)) - com.google.protobuf.ServiceException: org.apache.hadoop.ipc.RemoteException(java.lang.IllegalMonitorStateException): Releasing lock on resource /87580635-f159-426d-aa0c-97f4e4d2801b/2ab3d668-9d4f-4db3-b211-702269ede6b7 without acquiring lock
	at org.apache.hadoop.ozone.lock.LockManager.getLockForReleasing(LockManager.java:220)
	at org.apache.hadoop.ozone.lock.LockManager.release(LockManager.java:168)
	at org.apache.hadoop.ozone.lock.LockManager.writeUnlock(LockManager.java:148)
	at org.apache.hadoop.ozone.om.lock.OzoneManagerLock.unlock(OzoneManagerLock.java:364)
	at org.apache.hadoop.ozone.om.lock.OzoneManagerLock.releaseWriteLock(OzoneManagerLock.java:329)
	at org.apache.hadoop.ozone.om.request.key.OMKeyCommitRequest.validateAndUpdateCache(OMKeyCommitRequest.java:177)
	at org.apache.hadoop.ozone.protocolPB.OzoneManagerProtocolServerSideTranslatorPB.submitRequestDirectlyToOM(OzoneManagerProtocolServerSideTranslatorPB.java:219)
	at org.apache.hadoop.ozone.protocolPB.OzoneManagerProtocolServerSideTranslatorPB.processRequest(OzoneManagerProtocolServerSideTranslatorPB.java:134)
	at org.apache.hadoop.hdds.server.OzoneProtocolMessageDispatcher.processRequest(OzoneProtocolMessageDispatcher.java:72)
	at org.apache.hadoop.ozone.protocolPB.OzoneManagerProtocolServerSideTranslatorPB.submitRequest(OzoneManagerProtocolServerSideTranslatorPB.java:100)
	at org.apache.hadoop.ozone.protocol.proto.OzoneManagerProtocolProtos$OzoneManagerService$2.callBlockingMethod(OzoneManagerProtocolProtos.java)
	at org.apache.hadoop.ipc.ProtobufRpcEngine$Server$ProtoBufRpcInvoker.call(ProtobufRpcEngine.java:524)
	at org.apache.hadoop.ipc.RPC$Server.call(RPC.java:1025)
	at org.apache.hadoop.ipc.Server$RpcCall.run(Server.java:876)
	at org.apache.hadoop.ipc.Server$RpcCall.run(Server.java:822)
	at java.security.AccessController.doPrivileged(Native Method)
	at javax.security.auth.Subject.doAs(Subject.java:422)
	at org.apache.hadoop.security.UserGroupInformation.doAs(UserGroupInformation.java:1730)
	at org.apache.hadoop.ipc.Server$Handler.run(Server.java:2682)
, while invoking $Proxy37.submitRequest over nodeId=null,nodeAddress=localhost:42894 after 5 failover attempts. Trying to failover immediately.
2019-10-16 06:06:23,322 [IPC Server handler 13 on 42894] ERROR lock.LockManager (LockManager.java:getLockForReleasing(218)) - Trying to release the lock on /87580635-f159-426d-aa0c-97f4e4d2801b/2ab3d668-9d4f-4db3-b211-702269ede6b7, which was never acquired.
2019-10-16 06:06:23,322 [IPC Server handler 13 on 42894] WARN  ipc.Server (Server.java:logException(2724)) - IPC Server handler 13 on 42894, call Call#3796 Retry#6 org.apache.hadoop.ozone.om.protocol.OzoneManagerProtocol.submitRequest from 127.0.0.1:60690
java.lang.IllegalMonitorStateException: Releasing lock on resource /87580635-f159-426d-aa0c-97f4e4d2801b/2ab3d668-9d4f-4db3-b211-702269ede6b7 without acquiring lock
	at org.apache.hadoop.ozone.lock.LockManager.getLockForReleasing(LockManager.java:220)
	at org.apache.hadoop.ozone.lock.LockManager.release(LockManager.java:168)
	at org.apache.hadoop.ozone.lock.LockManager.writeUnlock(LockManager.java:148)
	at org.apache.hadoop.ozone.om.lock.OzoneManagerLock.unlock(OzoneManagerLock.java:364)
	at org.apache.hadoop.ozone.om.lock.OzoneManagerLock.releaseWriteLock(OzoneManagerLock.java:329)
	at org.apache.hadoop.ozone.om.request.key.OMKeyCommitRequest.validateAndUpdateCache(OMKeyCommitRequest.java:177)
	at org.apache.hadoop.ozone.protocolPB.OzoneManagerProtocolServerSideTranslatorPB.submitRequestDirectlyToOM(OzoneManagerProtocolServerSideTranslatorPB.java:219)
	at org.apache.hadoop.ozone.protocolPB.OzoneManagerProtocolServerSideTranslatorPB.processRequest(OzoneManagerProtocolServerSideTranslatorPB.java:134)
	at org.apache.hadoop.hdds.server.OzoneProtocolMessageDispatcher.processRequest(OzoneProtocolMessageDispatcher.java:72)
	at org.apache.hadoop.ozone.protocolPB.OzoneManagerProtocolServerSideTranslatorPB.submitRequest(OzoneManagerProtocolServerSideTranslatorPB.java:100)
	at org.apache.hadoop.ozone.protocol.proto.OzoneManagerProtocolProtos$OzoneManagerService$2.callBlockingMethod(OzoneManagerProtocolProtos.java)
	at org.apache.hadoop.ipc.ProtobufRpcEngine$Server$ProtoBufRpcInvoker.call(ProtobufRpcEngine.java:524)
	at org.apache.hadoop.ipc.RPC$Server.call(RPC.java:1025)
	at org.apache.hadoop.ipc.Server$RpcCall.run(Server.java:876)
	at org.apache.hadoop.ipc.Server$RpcCall.run(Server.java:822)
	at java.security.AccessController.doPrivileged(Native Method)
	at javax.security.auth.Subject.doAs(Subject.java:422)
	at org.apache.hadoop.security.UserGroupInformation.doAs(UserGroupInformation.java:1730)
	at org.apache.hadoop.ipc.Server$Handler.run(Server.java:2682)
2019-10-16 06:06:23,323 [main] INFO  retry.RetryInvocationHandler (RetryInvocationHandler.java:log(411)) - com.google.protobuf.ServiceException: org.apache.hadoop.ipc.RemoteException(java.lang.IllegalMonitorStateException): Releasing lock on resource /87580635-f159-426d-aa0c-97f4e4d2801b/2ab3d668-9d4f-4db3-b211-702269ede6b7 without acquiring lock
	at org.apache.hadoop.ozone.lock.LockManager.getLockForReleasing(LockManager.java:220)
	at org.apache.hadoop.ozone.lock.LockManager.release(LockManager.java:168)
	at org.apache.hadoop.ozone.lock.LockManager.writeUnlock(LockManager.java:148)
	at org.apache.hadoop.ozone.om.lock.OzoneManagerLock.unlock(OzoneManagerLock.java:364)
	at org.apache.hadoop.ozone.om.lock.OzoneManagerLock.releaseWriteLock(OzoneManagerLock.java:329)
	at org.apache.hadoop.ozone.om.request.key.OMKeyCommitRequest.validateAndUpdateCache(OMKeyCommitRequest.java:177)
	at org.apache.hadoop.ozone.protocolPB.OzoneManagerProtocolServerSideTranslatorPB.submitRequestDirectlyToOM(OzoneManagerProtocolServerSideTranslatorPB.java:219)
	at org.apache.hadoop.ozone.protocolPB.OzoneManagerProtocolServerSideTranslatorPB.processRequest(OzoneManagerProtocolServerSideTranslatorPB.java:134)
	at org.apache.hadoop.hdds.server.OzoneProtocolMessageDispatcher.processRequest(OzoneProtocolMessageDispatcher.java:72)
	at org.apache.hadoop.ozone.protocolPB.OzoneManagerProtocolServerSideTranslatorPB.submitRequest(OzoneManagerProtocolServerSideTranslatorPB.java:100)
	at org.apache.hadoop.ozone.protocol.proto.OzoneManagerProtocolProtos$OzoneManagerService$2.callBlockingMethod(OzoneManagerProtocolProtos.java)
	at org.apache.hadoop.ipc.ProtobufRpcEngine$Server$ProtoBufRpcInvoker.call(ProtobufRpcEngine.java:524)
	at org.apache.hadoop.ipc.RPC$Server.call(RPC.java:1025)
	at org.apache.hadoop.ipc.Server$RpcCall.run(Server.java:876)
	at org.apache.hadoop.ipc.Server$RpcCall.run(Server.java:822)
	at java.security.AccessController.doPrivileged(Native Method)
	at javax.security.auth.Subject.doAs(Subject.java:422)
	at org.apache.hadoop.security.UserGroupInformation.doAs(UserGroupInformation.java:1730)
	at org.apache.hadoop.ipc.Server$Handler.run(Server.java:2682)
, while invoking $Proxy37.submitRequest over nodeId=null,nodeAddress=localhost:42894 after 6 failover attempts. Trying to failover immediately.
2019-10-16 06:06:23,324 [IPC Server handler 19 on 42894] ERROR lock.LockManager (LockManager.java:getLockForReleasing(218)) - Trying to release the lock on /87580635-f159-426d-aa0c-97f4e4d2801b/2ab3d668-9d4f-4db3-b211-702269ede6b7, which was never acquired.
2019-10-16 06:06:23,324 [IPC Server handler 19 on 42894] WARN  ipc.Server (Server.java:logException(2724)) - IPC Server handler 19 on 42894, call Call#3796 Retry#7 org.apache.hadoop.ozone.om.protocol.OzoneManagerProtocol.submitRequest from 127.0.0.1:60690
java.lang.IllegalMonitorStateException: Releasing lock on resource /87580635-f159-426d-aa0c-97f4e4d2801b/2ab3d668-9d4f-4db3-b211-702269ede6b7 without acquiring lock
	at org.apache.hadoop.ozone.lock.LockManager.getLockForReleasing(LockManager.java:220)
	at org.apache.hadoop.ozone.lock.LockManager.release(LockManager.java:168)
	at org.apache.hadoop.ozone.lock.LockManager.writeUnlock(LockManager.java:148)
	at org.apache.hadoop.ozone.om.lock.OzoneManagerLock.unlock(OzoneManagerLock.java:364)
	at org.apache.hadoop.ozone.om.lock.OzoneManagerLock.releaseWriteLock(OzoneManagerLock.java:329)
	at org.apache.hadoop.ozone.om.request.key.OMKeyCommitRequest.validateAndUpdateCache(OMKeyCommitRequest.java:177)
	at org.apache.hadoop.ozone.protocolPB.OzoneManagerProtocolServerSideTranslatorPB.submitRequestDirectlyToOM(OzoneManagerProtocolServerSideTranslatorPB.java:219)
	at org.apache.hadoop.ozone.protocolPB.OzoneManagerProtocolServerSideTranslatorPB.processRequest(OzoneManagerProtocolServerSideTranslatorPB.java:134)
	at org.apache.hadoop.hdds.server.OzoneProtocolMessageDispatcher.processRequest(OzoneProtocolMessageDispatcher.java:72)
	at org.apache.hadoop.ozone.protocolPB.OzoneManagerProtocolServerSideTranslatorPB.submitRequest(OzoneManagerProtocolServerSideTranslatorPB.java:100)
	at org.apache.hadoop.ozone.protocol.proto.OzoneManagerProtocolProtos$OzoneManagerService$2.callBlockingMethod(OzoneManagerProtocolProtos.java)
	at org.apache.hadoop.ipc.ProtobufRpcEngine$Server$ProtoBufRpcInvoker.call(ProtobufRpcEngine.java:524)
	at org.apache.hadoop.ipc.RPC$Server.call(RPC.java:1025)
	at org.apache.hadoop.ipc.Server$RpcCall.run(Server.java:876)
	at org.apache.hadoop.ipc.Server$RpcCall.run(Server.java:822)
	at java.security.AccessController.doPrivileged(Native Method)
	at javax.security.auth.Subject.doAs(Subject.java:422)
	at org.apache.hadoop.security.UserGroupInformation.doAs(UserGroupInformation.java:1730)
	at org.apache.hadoop.ipc.Server$Handler.run(Server.java:2682)
2019-10-16 06:06:23,324 [main] INFO  retry.RetryInvocationHandler (RetryInvocationHandler.java:log(411)) - com.google.protobuf.ServiceException: org.apache.hadoop.ipc.RemoteException(java.lang.IllegalMonitorStateException): Releasing lock on resource /87580635-f159-426d-aa0c-97f4e4d2801b/2ab3d668-9d4f-4db3-b211-702269ede6b7 without acquiring lock
	at org.apache.hadoop.ozone.lock.LockManager.getLockForReleasing(LockManager.java:220)
	at org.apache.hadoop.ozone.lock.LockManager.release(LockManager.java:168)
	at org.apache.hadoop.ozone.lock.LockManager.writeUnlock(LockManager.java:148)
	at org.apache.hadoop.ozone.om.lock.OzoneManagerLock.unlock(OzoneManagerLock.java:364)
	at org.apache.hadoop.ozone.om.lock.OzoneManagerLock.releaseWriteLock(OzoneManagerLock.java:329)
	at org.apache.hadoop.ozone.om.request.key.OMKeyCommitRequest.validateAndUpdateCache(OMKeyCommitRequest.java:177)
	at org.apache.hadoop.ozone.protocolPB.OzoneManagerProtocolServerSideTranslatorPB.submitRequestDirectlyToOM(OzoneManagerProtocolServerSideTranslatorPB.java:219)
	at org.apache.hadoop.ozone.protocolPB.OzoneManagerProtocolServerSideTranslatorPB.processRequest(OzoneManagerProtocolServerSideTranslatorPB.java:134)
	at org.apache.hadoop.hdds.server.OzoneProtocolMessageDispatcher.processRequest(OzoneProtocolMessageDispatcher.java:72)
	at org.apache.hadoop.ozone.protocolPB.OzoneManagerProtocolServerSideTranslatorPB.submitRequest(OzoneManagerProtocolServerSideTranslatorPB.java:100)
	at org.apache.hadoop.ozone.protocol.proto.OzoneManagerProtocolProtos$OzoneManagerService$2.callBlockingMethod(OzoneManagerProtocolProtos.java)
	at org.apache.hadoop.ipc.ProtobufRpcEngine$Server$ProtoBufRpcInvoker.call(ProtobufRpcEngine.java:524)
	at org.apache.hadoop.ipc.RPC$Server.call(RPC.java:1025)
	at org.apache.hadoop.ipc.Server$RpcCall.run(Server.java:876)
	at org.apache.hadoop.ipc.Server$RpcCall.run(Server.java:822)
	at java.security.AccessController.doPrivileged(Native Method)
	at javax.security.auth.Subject.doAs(Subject.java:422)
	at org.apache.hadoop.security.UserGroupInformation.doAs(UserGroupInformation.java:1730)
	at org.apache.hadoop.ipc.Server$Handler.run(Server.java:2682)
, while invoking $Proxy37.submitRequest over nodeId=null,nodeAddress=localhost:42894 after 7 failover attempts. Trying to failover immediately.
2019-10-16 06:06:23,325 [IPC Server handler 1 on 42894] ERROR lock.LockManager (LockManager.java:getLockForReleasing(218)) - Trying to release the lock on /87580635-f159-426d-aa0c-97f4e4d2801b/2ab3d668-9d4f-4db3-b211-702269ede6b7, which was never acquired.
2019-10-16 06:06:23,326 [IPC Server handler 1 on 42894] WARN  ipc.Server (Server.java:logException(2724)) - IPC Server handler 1 on 42894, call Call#3796 Retry#8 org.apache.hadoop.ozone.om.protocol.OzoneManagerProtocol.submitRequest from 127.0.0.1:60690
java.lang.IllegalMonitorStateException: Releasing lock on resource /87580635-f159-426d-aa0c-97f4e4d2801b/2ab3d668-9d4f-4db3-b211-702269ede6b7 without acquiring lock
	at org.apache.hadoop.ozone.lock.LockManager.getLockForReleasing(LockManager.java:220)
	at org.apache.hadoop.ozone.lock.LockManager.release(LockManager.java:168)
	at org.apache.hadoop.ozone.lock.LockManager.writeUnlock(LockManager.java:148)
	at org.apache.hadoop.ozone.om.lock.OzoneManagerLock.unlock(OzoneManagerLock.java:364)
	at org.apache.hadoop.ozone.om.lock.OzoneManagerLock.releaseWriteLock(OzoneManagerLock.java:329)
	at org.apache.hadoop.ozone.om.request.key.OMKeyCommitRequest.validateAndUpdateCache(OMKeyCommitRequest.java:177)
	at org.apache.hadoop.ozone.protocolPB.OzoneManagerProtocolServerSideTranslatorPB.submitRequestDirectlyToOM(OzoneManagerProtocolServerSideTranslatorPB.java:219)
	at org.apache.hadoop.ozone.protocolPB.OzoneManagerProtocolServerSideTranslatorPB.processRequest(OzoneManagerProtocolServerSideTranslatorPB.java:134)
	at org.apache.hadoop.hdds.server.OzoneProtocolMessageDispatcher.processRequest(OzoneProtocolMessageDispatcher.java:72)
	at org.apache.hadoop.ozone.protocolPB.OzoneManagerProtocolServerSideTranslatorPB.submitRequest(OzoneManagerProtocolServerSideTranslatorPB.java:100)
	at org.apache.hadoop.ozone.protocol.proto.OzoneManagerProtocolProtos$OzoneManagerService$2.callBlockingMethod(OzoneManagerProtocolProtos.java)
	at org.apache.hadoop.ipc.ProtobufRpcEngine$Server$ProtoBufRpcInvoker.call(ProtobufRpcEngine.java:524)
	at org.apache.hadoop.ipc.RPC$Server.call(RPC.java:1025)
	at org.apache.hadoop.ipc.Server$RpcCall.run(Server.java:876)
	at org.apache.hadoop.ipc.Server$RpcCall.run(Server.java:822)
	at java.security.AccessController.doPrivileged(Native Method)
	at javax.security.auth.Subject.doAs(Subject.java:422)
	at org.apache.hadoop.security.UserGroupInformation.doAs(UserGroupInformation.java:1730)
	at org.apache.hadoop.ipc.Server$Handler.run(Server.java:2682)
2019-10-16 06:06:23,326 [main] INFO  retry.RetryInvocationHandler (RetryInvocationHandler.java:log(411)) - com.google.protobuf.ServiceException: org.apache.hadoop.ipc.RemoteException(java.lang.IllegalMonitorStateException): Releasing lock on resource /87580635-f159-426d-aa0c-97f4e4d2801b/2ab3d668-9d4f-4db3-b211-702269ede6b7 without acquiring lock
	at org.apache.hadoop.ozone.lock.LockManager.getLockForReleasing(LockManager.java:220)
	at org.apache.hadoop.ozone.lock.LockManager.release(LockManager.java:168)
	at org.apache.hadoop.ozone.lock.LockManager.writeUnlock(LockManager.java:148)
	at org.apache.hadoop.ozone.om.lock.OzoneManagerLock.unlock(OzoneManagerLock.java:364)
	at org.apache.hadoop.ozone.om.lock.OzoneManagerLock.releaseWriteLock(OzoneManagerLock.java:329)
	at org.apache.hadoop.ozone.om.request.key.OMKeyCommitRequest.validateAndUpdateCache(OMKeyCommitRequest.java:177)
	at org.apache.hadoop.ozone.protocolPB.OzoneManagerProtocolServerSideTranslatorPB.submitRequestDirectlyToOM(OzoneManagerProtocolServerSideTranslatorPB.java:219)
	at org.apache.hadoop.ozone.protocolPB.OzoneManagerProtocolServerSideTranslatorPB.processRequest(OzoneManagerProtocolServerSideTranslatorPB.java:134)
	at org.apache.hadoop.hdds.server.OzoneProtocolMessageDispatcher.processRequest(OzoneProtocolMessageDispatcher.java:72)
	at org.apache.hadoop.ozone.protocolPB.OzoneManagerProtocolServerSideTranslatorPB.submitRequest(OzoneManagerProtocolServerSideTranslatorPB.java:100)
	at org.apache.hadoop.ozone.protocol.proto.OzoneManagerProtocolProtos$OzoneManagerService$2.callBlockingMethod(OzoneManagerProtocolProtos.java)
	at org.apache.hadoop.ipc.ProtobufRpcEngine$Server$ProtoBufRpcInvoker.call(ProtobufRpcEngine.java:524)
	at org.apache.hadoop.ipc.RPC$Server.call(RPC.java:1025)
	at org.apache.hadoop.ipc.Server$RpcCall.run(Server.java:876)
	at org.apache.hadoop.ipc.Server$RpcCall.run(Server.java:822)
	at java.security.AccessController.doPrivileged(Native Method)
	at javax.security.auth.Subject.doAs(Subject.java:422)
	at org.apache.hadoop.security.UserGroupInformation.doAs(UserGroupInformation.java:1730)
	at org.apache.hadoop.ipc.Server$Handler.run(Server.java:2682)
, while invoking $Proxy37.submitRequest over nodeId=null,nodeAddress=localhost:42894 after 8 failover attempts. Trying to failover immediately.
2019-10-16 06:06:23,327 [IPC Server handler 17 on 42894] ERROR lock.LockManager (LockManager.java:getLockForReleasing(218)) - Trying to release the lock on /87580635-f159-426d-aa0c-97f4e4d2801b/2ab3d668-9d4f-4db3-b211-702269ede6b7, which was never acquired.
2019-10-16 06:06:23,327 [IPC Server handler 17 on 42894] WARN  ipc.Server (Server.java:logException(2724)) - IPC Server handler 17 on 42894, call Call#3796 Retry#9 org.apache.hadoop.ozone.om.protocol.OzoneManagerProtocol.submitRequest from 127.0.0.1:60690
java.lang.IllegalMonitorStateException: Releasing lock on resource /87580635-f159-426d-aa0c-97f4e4d2801b/2ab3d668-9d4f-4db3-b211-702269ede6b7 without acquiring lock
	at org.apache.hadoop.ozone.lock.LockManager.getLockForReleasing(LockManager.java:220)
	at org.apache.hadoop.ozone.lock.LockManager.release(LockManager.java:168)
	at org.apache.hadoop.ozone.lock.LockManager.writeUnlock(LockManager.java:148)
	at org.apache.hadoop.ozone.om.lock.OzoneManagerLock.unlock(OzoneManagerLock.java:364)
	at org.apache.hadoop.ozone.om.lock.OzoneManagerLock.releaseWriteLock(OzoneManagerLock.java:329)
	at org.apache.hadoop.ozone.om.request.key.OMKeyCommitRequest.validateAndUpdateCache(OMKeyCommitRequest.java:177)
	at org.apache.hadoop.ozone.protocolPB.OzoneManagerProtocolServerSideTranslatorPB.submitRequestDirectlyToOM(OzoneManagerProtocolServerSideTranslatorPB.java:219)
	at org.apache.hadoop.ozone.protocolPB.OzoneManagerProtocolServerSideTranslatorPB.processRequest(OzoneManagerProtocolServerSideTranslatorPB.java:134)
	at org.apache.hadoop.hdds.server.OzoneProtocolMessageDispatcher.processRequest(OzoneProtocolMessageDispatcher.java:72)
	at org.apache.hadoop.ozone.protocolPB.OzoneManagerProtocolServerSideTranslatorPB.submitRequest(OzoneManagerProtocolServerSideTranslatorPB.java:100)
	at org.apache.hadoop.ozone.protocol.proto.OzoneManagerProtocolProtos$OzoneManagerService$2.callBlockingMethod(OzoneManagerProtocolProtos.java)
	at org.apache.hadoop.ipc.ProtobufRpcEngine$Server$ProtoBufRpcInvoker.call(ProtobufRpcEngine.java:524)
	at org.apache.hadoop.ipc.RPC$Server.call(RPC.java:1025)
	at org.apache.hadoop.ipc.Server$RpcCall.run(Server.java:876)
	at org.apache.hadoop.ipc.Server$RpcCall.run(Server.java:822)
	at java.security.AccessController.doPrivileged(Native Method)
	at javax.security.auth.Subject.doAs(Subject.java:422)
	at org.apache.hadoop.security.UserGroupInformation.doAs(UserGroupInformation.java:1730)
	at org.apache.hadoop.ipc.Server$Handler.run(Server.java:2682)
2019-10-16 06:06:23,328 [main] INFO  retry.RetryInvocationHandler (RetryInvocationHandler.java:log(411)) - com.google.protobuf.ServiceException: org.apache.hadoop.ipc.RemoteException(java.lang.IllegalMonitorStateException): Releasing lock on resource /87580635-f159-426d-aa0c-97f4e4d2801b/2ab3d668-9d4f-4db3-b211-702269ede6b7 without acquiring lock
	at org.apache.hadoop.ozone.lock.LockManager.getLockForReleasing(LockManager.java:220)
	at org.apache.hadoop.ozone.lock.LockManager.release(LockManager.java:168)
	at org.apache.hadoop.ozone.lock.LockManager.writeUnlock(LockManager.java:148)
	at org.apache.hadoop.ozone.om.lock.OzoneManagerLock.unlock(OzoneManagerLock.java:364)
	at org.apache.hadoop.ozone.om.lock.OzoneManagerLock.releaseWriteLock(OzoneManagerLock.java:329)
	at org.apache.hadoop.ozone.om.request.key.OMKeyCommitRequest.validateAndUpdateCache(OMKeyCommitRequest.java:177)
	at org.apache.hadoop.ozone.protocolPB.OzoneManagerProtocolServerSideTranslatorPB.submitRequestDirectlyToOM(OzoneManagerProtocolServerSideTranslatorPB.java:219)
	at org.apache.hadoop.ozone.protocolPB.OzoneManagerProtocolServerSideTranslatorPB.processRequest(OzoneManagerProtocolServerSideTranslatorPB.java:134)
	at org.apache.hadoop.hdds.server.OzoneProtocolMessageDispatcher.processRequest(OzoneProtocolMessageDispatcher.java:72)
	at org.apache.hadoop.ozone.protocolPB.OzoneManagerProtocolServerSideTranslatorPB.submitRequest(OzoneManagerProtocolServerSideTranslatorPB.java:100)
	at org.apache.hadoop.ozone.protocol.proto.OzoneManagerProtocolProtos$OzoneManagerService$2.callBlockingMethod(OzoneManagerProtocolProtos.java)
	at org.apache.hadoop.ipc.ProtobufRpcEngine$Server$ProtoBufRpcInvoker.call(ProtobufRpcEngine.java:524)
	at org.apache.hadoop.ipc.RPC$Server.call(RPC.java:1025)
	at org.apache.hadoop.ipc.Server$RpcCall.run(Server.java:876)
	at org.apache.hadoop.ipc.Server$RpcCall.run(Server.java:822)
	at java.security.AccessController.doPrivileged(Native Method)
	at javax.security.auth.Subject.doAs(Subject.java:422)
	at org.apache.hadoop.security.UserGroupInformation.doAs(UserGroupInformation.java:1730)
	at org.apache.hadoop.ipc.Server$Handler.run(Server.java:2682)
, while invoking $Proxy37.submitRequest over nodeId=null,nodeAddress=localhost:42894 after 9 failover attempts. Trying to failover immediately.
2019-10-16 06:06:23,329 [IPC Server handler 9 on 42894] ERROR lock.LockManager (LockManager.java:getLockForReleasing(218)) - Trying to release the lock on /87580635-f159-426d-aa0c-97f4e4d2801b/2ab3d668-9d4f-4db3-b211-702269ede6b7, which was never acquired.
2019-10-16 06:06:23,329 [IPC Server handler 9 on 42894] WARN  ipc.Server (Server.java:logException(2724)) - IPC Server handler 9 on 42894, call Call#3796 Retry#10 org.apache.hadoop.ozone.om.protocol.OzoneManagerProtocol.submitRequest from 127.0.0.1:60690
java.lang.IllegalMonitorStateException: Releasing lock on resource /87580635-f159-426d-aa0c-97f4e4d2801b/2ab3d668-9d4f-4db3-b211-702269ede6b7 without acquiring lock
	at org.apache.hadoop.ozone.lock.LockManager.getLockForReleasing(LockManager.java:220)
	at org.apache.hadoop.ozone.lock.LockManager.release(LockManager.java:168)
	at org.apache.hadoop.ozone.lock.LockManager.writeUnlock(LockManager.java:148)
	at org.apache.hadoop.ozone.om.lock.OzoneManagerLock.unlock(OzoneManagerLock.java:364)
	at org.apache.hadoop.ozone.om.lock.OzoneManagerLock.releaseWriteLock(OzoneManagerLock.java:329)
	at org.apache.hadoop.ozone.om.request.key.OMKeyCommitRequest.validateAndUpdateCache(OMKeyCommitRequest.java:177)
	at org.apache.hadoop.ozone.protocolPB.OzoneManagerProtocolServerSideTranslatorPB.submitRequestDirectlyToOM(OzoneManagerProtocolServerSideTranslatorPB.java:219)
	at org.apache.hadoop.ozone.protocolPB.OzoneManagerProtocolServerSideTranslatorPB.processRequest(OzoneManagerProtocolServerSideTranslatorPB.java:134)
	at org.apache.hadoop.hdds.server.OzoneProtocolMessageDispatcher.processRequest(OzoneProtocolMessageDispatcher.java:72)
	at org.apache.hadoop.ozone.protocolPB.OzoneManagerProtocolServerSideTranslatorPB.submitRequest(OzoneManagerProtocolServerSideTranslatorPB.java:100)
	at org.apache.hadoop.ozone.protocol.proto.OzoneManagerProtocolProtos$OzoneManagerService$2.callBlockingMethod(OzoneManagerProtocolProtos.java)
	at org.apache.hadoop.ipc.ProtobufRpcEngine$Server$ProtoBufRpcInvoker.call(ProtobufRpcEngine.java:524)
	at org.apache.hadoop.ipc.RPC$Server.call(RPC.java:1025)
	at org.apache.hadoop.ipc.Server$RpcCall.run(Server.java:876)
	at org.apache.hadoop.ipc.Server$RpcCall.run(Server.java:822)
	at java.security.AccessController.doPrivileged(Native Method)
	at javax.security.auth.Subject.doAs(Subject.java:422)
	at org.apache.hadoop.security.UserGroupInformation.doAs(UserGroupInformation.java:1730)
	at org.apache.hadoop.ipc.Server$Handler.run(Server.java:2682)
2019-10-16 06:06:23,329 [main] ERROR ha.OMFailoverProxyProvider (OzoneManagerProtocolClientSideTranslatorPB.java:getRetryAction(268)) - Failed to connect to OM. Attempted 10 retries and 10 failovers
]]></system-out>
  </testcase>
  <testcase name="testCreateBucketWithAcls" classname="org.apache.hadoop.ozone.client.rpc.TestSecureOzoneRpcClient" time="0.003"/>
  <testcase name="testMultipartUploadWithPartsMisMatchWithIncorrectPartName" classname="org.apache.hadoop.ozone.client.rpc.TestSecureOzoneRpcClient" time="0.019"/>
  <testcase name="testCreateVolumeWithMetadata" classname="org.apache.hadoop.ozone.client.rpc.TestSecureOzoneRpcClient" time="0.002"/>
  <testcase name="testCreateBucketWithMetadata" classname="org.apache.hadoop.ozone.client.rpc.TestSecureOzoneRpcClient" time="0.004"/>
  <testcase name="testListPartsWithPartMarkerGreaterThanPartCount" classname="org.apache.hadoop.ozone.client.rpc.TestSecureOzoneRpcClient" time="0.068"/>
  <testcase name="testCreateBucket" classname="org.apache.hadoop.ozone.client.rpc.TestSecureOzoneRpcClient" time="0.004"/>
  <testcase name="testUploadPartWithNoOverride" classname="org.apache.hadoop.ozone.client.rpc.TestSecureOzoneRpcClient" time="0.018"/>
  <testcase name="testInitiateMultipartUploadWithDefaultReplication" classname="org.apache.hadoop.ozone.client.rpc.TestSecureOzoneRpcClient" time="0.005"/>
</testsuite>