<?xml version="1.0" encoding="UTF-8"?>
<testsuite xmlns:xsi="http://www.w3.org/2001/XMLSchema-instance" xsi:noNamespaceSchemaLocation="https://maven.apache.org/surefire/maven-surefire-plugin/xsd/surefire-test-report.xsd" name="org.apache.hadoop.ozone.client.rpc.TestReadRetries" time="41.97" tests="1" errors="1" skipped="0" failures="0">
  <properties>
    <property name="awt.toolkit" value="sun.awt.X11.XToolkit"/>
    <property name="file.encoding.pkg" value="sun.io"/>
    <property name="java.specification.version" value="1.8"/>
    <property name="sun.cpu.isalist" value=""/>
    <property name="sun.jnu.encoding" value="ANSI_X3.4-1968"/>
    <property name="java.class.path" value="/workdir/hadoop-ozone/integration-test/target/test-classes:/workdir/hadoop-ozone/integration-test/target/classes:/home/user/.m2/repository/org/apache/hadoop/hadoop-ozone-common/0.5.0-SNAPSHOT/hadoop-ozone-common-0.5.0-SNAPSHOT.jar:/home/user/.m2/repository/org/apache/commons/commons-compress/1.4.1/commons-compress-1.4.1.jar:/home/user/.m2/repository/org/tukaani/xz/1.0/xz-1.0.jar:/home/user/.m2/repository/org/apache/hadoop/hadoop-common/3.2.0/hadoop-common-3.2.0.jar:/home/user/.m2/repository/org/apache/hadoop/hadoop-hdfs/3.2.0/hadoop-hdfs-3.2.0.jar:/home/user/.m2/repository/org/apache/hadoop/hadoop-hdfs-client/3.2.0/hadoop-hdfs-client-3.2.0.jar:/home/user/.m2/repository/com/fasterxml/jackson/core/jackson-annotations/2.9.9/jackson-annotations-2.9.9.jar:/home/user/.m2/repository/org/apache/hadoop/hadoop-hdds-common/0.5.0-SNAPSHOT/hadoop-hdds-common-0.5.0-SNAPSHOT.jar:/home/user/.m2/repository/javax/annotation/javax.annotation-api/1.2/javax.annotation-api-1.2.jar:/home/user/.m2/repository/org/apache/ratis/ratis-server/0.5.0-3f446aa-SNAPSHOT/ratis-server-0.5.0-3f446aa-SNAPSHOT.jar:/home/user/.m2/repository/org/apache/ratis/ratis-thirdparty-misc/0.2.0/ratis-thirdparty-misc-0.2.0.jar:/home/user/.m2/repository/org/apache/ratis/ratis-proto/0.5.0-3f446aa-SNAPSHOT/ratis-proto-0.5.0-3f446aa-SNAPSHOT.jar:/home/user/.m2/repository/org/apache/ratis/ratis-common/0.5.0-3f446aa-SNAPSHOT/ratis-common-0.5.0-3f446aa-SNAPSHOT.jar:/home/user/.m2/repository/org/apache/ratis/ratis-client/0.5.0-3f446aa-SNAPSHOT/ratis-client-0.5.0-3f446aa-SNAPSHOT.jar:/home/user/.m2/repository/org/apache/ratis/ratis-metrics/0.5.0-3f446aa-SNAPSHOT/ratis-metrics-0.5.0-3f446aa-SNAPSHOT.jar:/home/user/.m2/repository/com/github/joshelser/dropwizard-metrics-hadoop-metrics2-reporter/0.1.2/dropwizard-metrics-hadoop-metrics2-reporter-0.1.2.jar:/home/user/.m2/repository/io/dropwizard/metrics/metrics-jvm/3.2.5/metrics-jvm-3.2.5.jar:/home/user/.m2/repository/io/dropwizard/metrics/metrics-ganglia/3.2.5/metrics-ganglia-3.2.5.jar:/home/user/.m2/repository/info/ganglia/gmetric4j/gmetric4j/1.0.7/gmetric4j-1.0.7.jar:/home/user/.m2/repository/org/apache/ratis/ratis-netty/0.5.0-3f446aa-SNAPSHOT/ratis-netty-0.5.0-3f446aa-SNAPSHOT.jar:/home/user/.m2/repository/org/apache/ratis/ratis-grpc/0.5.0-3f446aa-SNAPSHOT/ratis-grpc-0.5.0-3f446aa-SNAPSHOT.jar:/home/user/.m2/repository/org/rocksdb/rocksdbjni/6.0.1/rocksdbjni-6.0.1.jar:/home/user/.m2/repository/org/apache/logging/log4j/log4j-api/2.11.0/log4j-api-2.11.0.jar:/home/user/.m2/repository/org/apache/logging/log4j/log4j-core/2.11.0/log4j-core-2.11.0.jar:/home/user/.m2/repository/com/lmax/disruptor/3.4.2/disruptor-3.4.2.jar:/home/user/.m2/repository/org/apache/commons/commons-pool2/2.6.0/commons-pool2-2.6.0.jar:/home/user/.m2/repository/org/bouncycastle/bcpkix-jdk15on/1.60/bcpkix-jdk15on-1.60.jar:/home/user/.m2/repository/commons-validator/commons-validator/1.6/commons-validator-1.6.jar:/home/user/.m2/repository/commons-digester/commons-digester/1.8.1/commons-digester-1.8.1.jar:/home/user/.m2/repository/io/jaegertracing/jaeger-client/0.34.0/jaeger-client-0.34.0.jar:/home/user/.m2/repository/io/jaegertracing/jaeger-thrift/0.34.0/jaeger-thrift-0.34.0.jar:/home/user/.m2/repository/org/apache/thrift/libthrift/0.12.0/libthrift-0.12.0.jar:/home/user/.m2/repository/com/squareup/okhttp3/okhttp/3.9.0/okhttp-3.9.0.jar:/home/user/.m2/repository/com/squareup/okio/okio/1.13.0/okio-1.13.0.jar:/home/user/.m2/repository/io/jaegertracing/jaeger-core/0.34.0/jaeger-core-0.34.0.jar:/home/user/.m2/repository/io/jaegertracing/jaeger-tracerresolver/0.34.0/jaeger-tracerresolver-0.34.0.jar:/home/user/.m2/repository/io/opentracing/contrib/opentracing-tracerresolver/0.1.5/opentracing-tracerresolver-0.1.5.jar:/home/user/.m2/repository/io/opentracing/opentracing-util/0.31.0/opentracing-util-0.31.0.jar:/home/user/.m2/repository/io/opentracing/opentracing-api/0.31.0/opentracing-api-0.31.0.jar:/home/user/.m2/repository/io/opentracing/opentracing-noop/0.31.0/opentracing-noop-0.31.0.jar:/home/user/.m2/repository/org/apache/hadoop/hadoop-hdds-server-framework/0.5.0-SNAPSHOT/hadoop-hdds-server-framework-0.5.0-SNAPSHOT.jar:/home/user/.m2/repository/org/apache/hadoop/hadoop-hdds-container-service/0.5.0-SNAPSHOT/hadoop-hdds-container-service-0.5.0-SNAPSHOT.jar:/home/user/.m2/repository/org/apache/hadoop/hadoop-hdds-client/0.5.0-SNAPSHOT/hadoop-hdds-client-0.5.0-SNAPSHOT.jar:/home/user/.m2/repository/org/apache/hadoop/hadoop-hdds-tools/0.5.0-SNAPSHOT/hadoop-hdds-tools-0.5.0-SNAPSHOT.jar:/home/user/.m2/repository/org/apache/hadoop/hadoop-hdds-server-scm/0.5.0-SNAPSHOT/hadoop-hdds-server-scm-0.5.0-SNAPSHOT.jar:/home/user/.m2/repository/org/apache/hadoop/hadoop-hdds-docs/0.5.0-SNAPSHOT/hadoop-hdds-docs-0.5.0-SNAPSHOT.jar:/home/user/.m2/repository/io/dropwizard/metrics/metrics-core/3.2.4/metrics-core-3.2.4.jar:/home/user/.m2/repository/org/hamcrest/hamcrest-all/1.3/hamcrest-all-1.3.jar:/home/user/.m2/repository/org/bouncycastle/bcprov-jdk15on/1.60/bcprov-jdk15on-1.60.jar:/home/user/.m2/repository/info/picocli/picocli/3.9.6/picocli-3.9.6.jar:/home/user/.m2/repository/com/google/protobuf/protobuf-java/2.5.0/protobuf-java-2.5.0.jar:/home/user/.m2/repository/com/google/guava/guava/11.0.2/guava-11.0.2.jar:/home/user/.m2/repository/org/apache/hadoop/hadoop-ozone-ozone-manager/0.5.0-SNAPSHOT/hadoop-ozone-ozone-manager-0.5.0-SNAPSHOT.jar:/home/user/.m2/repository/org/apache/hadoop/hadoop-minikdc/3.2.0/hadoop-minikdc-3.2.0.jar:/home/user/.m2/repository/commons-io/commons-io/2.5/commons-io-2.5.jar:/home/user/.m2/repository/org/apache/kerby/kerb-simplekdc/1.0.1/kerb-simplekdc-1.0.1.jar:/home/user/.m2/repository/org/apache/kerby/kerb-client/1.0.1/kerb-client-1.0.1.jar:/home/user/.m2/repository/org/apache/kerby/kerby-config/1.0.1/kerby-config-1.0.1.jar:/home/user/.m2/repository/org/apache/kerby/kerb-core/1.0.1/kerb-core-1.0.1.jar:/home/user/.m2/repository/org/apache/kerby/kerby-pkix/1.0.1/kerby-pkix-1.0.1.jar:/home/user/.m2/repository/org/apache/kerby/kerby-asn1/1.0.1/kerby-asn1-1.0.1.jar:/home/user/.m2/repository/org/apache/kerby/kerby-util/1.0.1/kerby-util-1.0.1.jar:/home/user/.m2/repository/org/apache/kerby/kerb-common/1.0.1/kerb-common-1.0.1.jar:/home/user/.m2/repository/org/apache/kerby/kerb-crypto/1.0.1/kerb-crypto-1.0.1.jar:/home/user/.m2/repository/org/apache/kerby/kerb-util/1.0.1/kerb-util-1.0.1.jar:/home/user/.m2/repository/org/apache/kerby/token-provider/1.0.1/token-provider-1.0.1.jar:/home/user/.m2/repository/org/apache/kerby/kerb-admin/1.0.1/kerb-admin-1.0.1.jar:/home/user/.m2/repository/org/apache/kerby/kerb-server/1.0.1/kerb-server-1.0.1.jar:/home/user/.m2/repository/org/apache/kerby/kerb-identity/1.0.1/kerb-identity-1.0.1.jar:/home/user/.m2/repository/org/apache/kerby/kerby-xdr/1.0.1/kerby-xdr-1.0.1.jar:/home/user/.m2/repository/org/slf4j/slf4j-log4j12/1.7.25/slf4j-log4j12-1.7.25.jar:/home/user/.m2/repository/org/apache/hadoop/hadoop-ozone-s3gateway/0.5.0-SNAPSHOT/hadoop-ozone-s3gateway-0.5.0-SNAPSHOT.jar:/home/user/.m2/repository/org/jboss/weld/servlet/weld-servlet/2.4.7.Final/weld-servlet-2.4.7.Final.jar:/home/user/.m2/repository/org/glassfish/jersey/containers/jersey-container-servlet-core/2.27/jersey-container-servlet-core-2.27.jar:/home/user/.m2/repository/org/glassfish/hk2/external/javax.inject/2.5.0-b42/javax.inject-2.5.0-b42.jar:/home/user/.m2/repository/org/glassfish/jersey/core/jersey-common/2.27/jersey-common-2.27.jar:/home/user/.m2/repository/org/glassfish/hk2/osgi-resource-locator/1.0.1/osgi-resource-locator-1.0.1.jar:/home/user/.m2/repository/javax/ws/rs/javax.ws.rs-api/2.1/javax.ws.rs-api-2.1.jar:/home/user/.m2/repository/org/glassfish/jersey/ext/cdi/jersey-cdi1x/2.27/jersey-cdi1x-2.27.jar:/home/user/.m2/repository/org/glassfish/jersey/inject/jersey-hk2/2.27/jersey-hk2-2.27.jar:/home/user/.m2/repository/org/glassfish/hk2/hk2-locator/2.5.0-b42/hk2-locator-2.5.0-b42.jar:/home/user/.m2/repository/org/javassist/javassist/3.22.0-CR2/javassist-3.22.0-CR2.jar:/home/user/.m2/repository/org/glassfish/hk2/hk2-api/2.5.0/hk2-api-2.5.0.jar:/home/user/.m2/repository/org/glassfish/hk2/external/jakarta.inject/2.5.0/jakarta.inject-2.5.0.jar:/home/user/.m2/repository/org/glassfish/hk2/hk2-utils/2.5.0/hk2-utils-2.5.0.jar:/home/user/.m2/repository/jakarta/annotation/jakarta.annotation-api/1.3.4/jakarta.annotation-api-1.3.4.jar:/home/user/.m2/repository/org/glassfish/hk2/external/aopalliance-repackaged/2.5.0/aopalliance-repackaged-2.5.0.jar:/home/user/.m2/repository/com/fasterxml/jackson/dataformat/jackson-dataformat-xml/2.9.0/jackson-dataformat-xml-2.9.0.jar:/home/user/.m2/repository/com/fasterxml/jackson/core/jackson-core/2.9.9/jackson-core-2.9.9.jar:/home/user/.m2/repository/com/fasterxml/jackson/module/jackson-module-jaxb-annotations/2.9.9/jackson-module-jaxb-annotations-2.9.9.jar:/home/user/.m2/repository/javax/enterprise/cdi-api/1.2/cdi-api-1.2.jar:/home/user/.m2/repository/javax/el/javax.el-api/3.0.0/javax.el-api-3.0.0.jar:/home/user/.m2/repository/javax/interceptor/javax.interceptor-api/1.2/javax.interceptor-api-1.2.jar:/home/user/.m2/repository/javax/inject/javax.inject/1/javax.inject-1.jar:/home/user/.m2/repository/com/sun/xml/bind/jaxb-impl/2.3.0.1/jaxb-impl-2.3.0.1.jar:/home/user/.m2/repository/com/sun/xml/bind/jaxb-core/2.3.0.1/jaxb-core-2.3.0.1.jar:/home/user/.m2/repository/javax/xml/bind/jaxb-api/2.3.0/jaxb-api-2.3.0.jar:/home/user/.m2/repository/javax/activation/activation/1.1.1/activation-1.1.1.jar:/home/user/.m2/repository/org/apache/hadoop/hadoop-ozone-csi/0.5.0-SNAPSHOT/hadoop-ozone-csi-0.5.0-SNAPSHOT.jar:/home/user/.m2/repository/com/google/protobuf/protobuf-java-util/3.5.1/protobuf-java-util-3.5.1.jar:/home/user/.m2/repository/org/apache/hadoop/hadoop-hdds-config/0.5.0-SNAPSHOT/hadoop-hdds-config-0.5.0-SNAPSHOT.jar:/home/user/.m2/repository/io/grpc/grpc-netty/1.17.1/grpc-netty-1.17.1.jar:/home/user/.m2/repository/io/grpc/grpc-core/1.17.1/grpc-core-1.17.1.jar:/home/user/.m2/repository/io/grpc/grpc-context/1.17.1/grpc-context-1.17.1.jar:/home/user/.m2/repository/com/google/errorprone/error_prone_annotations/2.2.0/error_prone_annotations-2.2.0.jar:/home/user/.m2/repository/org/codehaus/mojo/animal-sniffer-annotations/1.17/animal-sniffer-annotations-1.17.jar:/home/user/.m2/repository/io/opencensus/opencensus-api/0.17.0/opencensus-api-0.17.0.jar:/home/user/.m2/repository/io/opencensus/opencensus-contrib-grpc-metrics/0.17.0/opencensus-contrib-grpc-metrics-0.17.0.jar:/home/user/.m2/repository/io/netty/netty-codec-http2/4.1.30.Final/netty-codec-http2-4.1.30.Final.jar:/home/user/.m2/repository/io/netty/netty-codec-http/4.1.30.Final/netty-codec-http-4.1.30.Final.jar:/home/user/.m2/repository/io/netty/netty-codec/4.1.30.Final/netty-codec-4.1.30.Final.jar:/home/user/.m2/repository/io/netty/netty-handler/4.1.30.Final/netty-handler-4.1.30.Final.jar:/home/user/.m2/repository/io/netty/netty-handler-proxy/4.1.30.Final/netty-handler-proxy-4.1.30.Final.jar:/home/user/.m2/repository/io/netty/netty-codec-socks/4.1.30.Final/netty-codec-socks-4.1.30.Final.jar:/home/user/.m2/repository/io/netty/netty-transport-native-epoll/4.1.30.Final/netty-transport-native-epoll-4.1.30.Final.jar:/home/user/.m2/repository/io/netty/netty-common/4.1.30.Final/netty-common-4.1.30.Final.jar:/home/user/.m2/repository/io/netty/netty-buffer/4.1.30.Final/netty-buffer-4.1.30.Final.jar:/home/user/.m2/repository/io/netty/netty-transport/4.1.30.Final/netty-transport-4.1.30.Final.jar:/home/user/.m2/repository/io/netty/netty-resolver/4.1.30.Final/netty-resolver-4.1.30.Final.jar:/home/user/.m2/repository/io/netty/netty-transport-native-unix-common/4.1.30.Final/netty-transport-native-unix-common-4.1.30.Final.jar:/home/user/.m2/repository/io/grpc/grpc-protobuf/1.17.1/grpc-protobuf-1.17.1.jar:/home/user/.m2/repository/com/google/api/grpc/proto-google-common-protos/1.0.0/proto-google-common-protos-1.0.0.jar:/home/user/.m2/repository/io/grpc/grpc-protobuf-lite/1.17.1/grpc-protobuf-lite-1.17.1.jar:/home/user/.m2/repository/io/grpc/grpc-stub/1.17.1/grpc-stub-1.17.1.jar:/home/user/.m2/repository/org/apache/hadoop/hadoop-ozone-recon/0.5.0-SNAPSHOT/hadoop-ozone-recon-0.5.0-SNAPSHOT.jar:/home/user/.m2/repository/org/apache/hadoop/hadoop-ozone-reconcodegen/0.5.0-SNAPSHOT/hadoop-ozone-reconcodegen-0.5.0-SNAPSHOT.jar:/home/user/.m2/repository/com/google/inject/extensions/guice-multibindings/4.0/guice-multibindings-4.0.jar:/home/user/.m2/repository/com/google/inject/guice/4.0/guice-4.0.jar:/home/user/.m2/repository/aopalliance/aopalliance/1.0/aopalliance-1.0.jar:/home/user/.m2/repository/com/google/inject/extensions/guice-servlet/4.0/guice-servlet-4.0.jar:/home/user/.m2/repository/org/glassfish/jersey/containers/jersey-container-servlet/2.27/jersey-container-servlet-2.27.jar:/home/user/.m2/repository/org/glassfish/hk2/guice-bridge/2.5.0/guice-bridge-2.5.0.jar:/home/user/.m2/repository/org/glassfish/jersey/core/jersey-server/2.27/jersey-server-2.27.jar:/home/user/.m2/repository/org/glassfish/jersey/core/jersey-client/2.27/jersey-client-2.27.jar:/home/user/.m2/repository/org/glassfish/jersey/media/jersey-media-jaxb/2.27/jersey-media-jaxb-2.27.jar:/home/user/.m2/repository/javax/validation/validation-api/1.1.0.Final/validation-api-1.1.0.Final.jar:/home/user/.m2/repository/org/glassfish/jersey/media/jersey-media-json-jackson/2.27/jersey-media-json-jackson-2.27.jar:/home/user/.m2/repository/org/glassfish/jersey/ext/jersey-entity-filtering/2.27/jersey-entity-filtering-2.27.jar:/home/user/.m2/repository/com/google/inject/extensions/guice-assistedinject/4.0/guice-assistedinject-4.0.jar:/home/user/.m2/repository/org/jooq/jooq/3.11.10/jooq-3.11.10.jar:/home/user/.m2/repository/org/jooq/jooq-meta/3.11.10/jooq-meta-3.11.10.jar:/home/user/.m2/repository/org/jooq/jooq-codegen/3.11.10/jooq-codegen-3.11.10.jar:/home/user/.m2/repository/com/jolbox/bonecp/0.8.0.RELEASE/bonecp-0.8.0.RELEASE.jar:/home/user/.m2/repository/org/xerial/sqlite-jdbc/3.25.2/sqlite-jdbc-3.25.2.jar:/home/user/.m2/repository/org/springframework/spring-jdbc/5.1.3.RELEASE/spring-jdbc-5.1.3.RELEASE.jar:/home/user/.m2/repository/org/springframework/spring-beans/5.1.3.RELEASE/spring-beans-5.1.3.RELEASE.jar:/home/user/.m2/repository/org/springframework/spring-core/5.1.3.RELEASE/spring-core-5.1.3.RELEASE.jar:/home/user/.m2/repository/org/springframework/spring-jcl/5.1.3.RELEASE/spring-jcl-5.1.3.RELEASE.jar:/home/user/.m2/repository/org/springframework/spring-tx/5.1.3.RELEASE/spring-tx-5.1.3.RELEASE.jar:/home/user/.m2/repository/org/apache/hadoop/hadoop-ozone-client/0.5.0-SNAPSHOT/hadoop-ozone-client-0.5.0-SNAPSHOT.jar:/home/user/.m2/repository/commons-lang/commons-lang/2.6/commons-lang-2.6.jar:/home/user/.m2/repository/org/apache/hadoop/hadoop-ozone-ozone-manager/0.5.0-SNAPSHOT/hadoop-ozone-ozone-manager-0.5.0-SNAPSHOT-tests.jar:/home/user/.m2/repository/junit/junit/4.11/junit-4.11.jar:/home/user/.m2/repository/org/hamcrest/hamcrest-core/1.3/hamcrest-core-1.3.jar:/home/user/.m2/repository/org/openjdk/jmh/jmh-core/1.19/jmh-core-1.19.jar:/home/user/.m2/repository/net/sf/jopt-simple/jopt-simple/4.6/jopt-simple-4.6.jar:/home/user/.m2/repository/org/apache/commons/commons-math3/3.1.1/commons-math3-3.1.1.jar:/home/user/.m2/repository/org/openjdk/jmh/jmh-generator-annprocess/1.19/jmh-generator-annprocess-1.19.jar:/home/user/.m2/repository/org/mockito/mockito-all/1.8.5/mockito-all-1.8.5.jar:/home/user/.m2/repository/org/apache/hadoop/hadoop-kms/3.2.0/hadoop-kms-3.2.0.jar:/home/user/.m2/repository/org/apache/hadoop/hadoop-auth/3.2.0/hadoop-auth-3.2.0.jar:/home/user/.m2/repository/com/nimbusds/nimbus-jose-jwt/4.41.1/nimbus-jose-jwt-4.41.1.jar:/home/user/.m2/repository/com/github/stephenc/jcip/jcip-annotations/1.0-1/jcip-annotations-1.0-1.jar:/home/user/.m2/repository/net/minidev/json-smart/2.3/json-smart-2.3.jar:/home/user/.m2/repository/net/minidev/accessors-smart/1.2/accessors-smart-1.2.jar:/home/user/.m2/repository/org/ow2/asm/asm/5.0.4/asm-5.0.4.jar:/home/user/.m2/repository/org/apache/curator/curator-framework/2.12.0/curator-framework-2.12.0.jar:/home/user/.m2/repository/com/sun/jersey/jersey-core/1.19/jersey-core-1.19.jar:/home/user/.m2/repository/javax/ws/rs/jsr311-api/1.1.1/jsr311-api-1.1.1.jar:/home/user/.m2/repository/com/sun/jersey/jersey-server/1.19/jersey-server-1.19.jar:/home/user/.m2/repository/javax/servlet/javax.servlet-api/3.1.0/javax.servlet-api-3.1.0.jar:/home/user/.m2/repository/org/eclipse/jetty/jetty-server/9.3.25.v20180904/jetty-server-9.3.25.v20180904.jar:/home/user/.m2/repository/org/eclipse/jetty/jetty-http/9.3.25.v20180904/jetty-http-9.3.25.v20180904.jar:/home/user/.m2/repository/org/eclipse/jetty/jetty-io/9.3.25.v20180904/jetty-io-9.3.25.v20180904.jar:/home/user/.m2/repository/org/eclipse/jetty/jetty-webapp/9.3.25.v20180904/jetty-webapp-9.3.25.v20180904.jar:/home/user/.m2/repository/org/eclipse/jetty/jetty-xml/9.3.25.v20180904/jetty-xml-9.3.25.v20180904.jar:/home/user/.m2/repository/log4j/log4j/1.2.17/log4j-1.2.17.jar:/home/user/.m2/repository/org/slf4j/slf4j-api/1.7.25/slf4j-api-1.7.25.jar:/home/user/.m2/repository/org/slf4j/jul-to-slf4j/1.7.25/jul-to-slf4j-1.7.25.jar:/home/user/.m2/repository/org/eclipse/jetty/jetty-util/9.3.25.v20180904/jetty-util-9.3.25.v20180904.jar:/home/user/.m2/repository/com/fasterxml/jackson/core/jackson-databind/2.9.9/jackson-databind-2.9.9.jar:/home/user/.m2/repository/org/apache/hadoop/hadoop-kms/3.2.0/hadoop-kms-3.2.0-tests.jar:/home/user/.m2/repository/org/apache/hadoop/hadoop-hdds-server-scm/0.5.0-SNAPSHOT/hadoop-hdds-server-scm-0.5.0-SNAPSHOT-tests.jar:/home/user/.m2/repository/org/apache/hadoop/hadoop-hdds-container-service/0.5.0-SNAPSHOT/hadoop-hdds-container-service-0.5.0-SNAPSHOT-tests.jar:/home/user/.m2/repository/org/yaml/snakeyaml/1.16/snakeyaml-1.16.jar:/home/user/.m2/repository/org/apache/hadoop/hadoop-common/3.2.0/hadoop-common-3.2.0-tests.jar:/home/user/.m2/repository/org/apache/hadoop/hadoop-annotations/3.2.0/hadoop-annotations-3.2.0.jar:/usr/lib/jvm/java-1.8.0-openjdk-1.8.0.222.b10-1.el7_7.x86_64/jre/../lib/tools.jar:/home/user/.m2/repository/commons-cli/commons-cli/1.2/commons-cli-1.2.jar:/home/user/.m2/repository/org/apache/httpcomponents/httpclient/4.5.2/httpclient-4.5.2.jar:/home/user/.m2/repository/org/apache/httpcomponents/httpcore/4.4.4/httpcore-4.4.4.jar:/home/user/.m2/repository/commons-codec/commons-codec/1.11/commons-codec-1.11.jar:/home/user/.m2/repository/commons-net/commons-net/3.6/commons-net-3.6.jar:/home/user/.m2/repository/commons-collections/commons-collections/3.2.2/commons-collections-3.2.2.jar:/home/user/.m2/repository/org/eclipse/jetty/jetty-servlet/9.3.25.v20180904/jetty-servlet-9.3.25.v20180904.jar:/home/user/.m2/repository/org/eclipse/jetty/jetty-security/9.3.25.v20180904/jetty-security-9.3.25.v20180904.jar:/home/user/.m2/repository/javax/servlet/jsp/jsp-api/2.1/jsp-api-2.1.jar:/home/user/.m2/repository/com/sun/jersey/jersey-servlet/1.19/jersey-servlet-1.19.jar:/home/user/.m2/repository/com/sun/jersey/jersey-json/1.19/jersey-json-1.19.jar:/home/user/.m2/repository/org/codehaus/jettison/jettison/1.1/jettison-1.1.jar:/home/user/.m2/repository/org/codehaus/jackson/jackson-core-asl/1.9.13/jackson-core-asl-1.9.13.jar:/home/user/.m2/repository/org/codehaus/jackson/jackson-mapper-asl/1.9.13/jackson-mapper-asl-1.9.13.jar:/home/user/.m2/repository/org/codehaus/jackson/jackson-jaxrs/1.9.13/jackson-jaxrs-1.9.13.jar:/home/user/.m2/repository/org/codehaus/jackson/jackson-xc/1.9.13/jackson-xc-1.9.13.jar:/home/user/.m2/repository/commons-logging/commons-logging/1.1.3/commons-logging-1.1.3.jar:/home/user/.m2/repository/commons-beanutils/commons-beanutils/1.9.4/commons-beanutils-1.9.4.jar:/home/user/.m2/repository/org/apache/commons/commons-configuration2/2.1.1/commons-configuration2-2.1.1.jar:/home/user/.m2/repository/org/apache/commons/commons-lang3/3.7/commons-lang3-3.7.jar:/home/user/.m2/repository/org/apache/commons/commons-text/1.4/commons-text-1.4.jar:/home/user/.m2/repository/org/apache/avro/avro/1.7.7/avro-1.7.7.jar:/home/user/.m2/repository/com/thoughtworks/paranamer/paranamer/2.3/paranamer-2.3.jar:/home/user/.m2/repository/org/xerial/snappy/snappy-java/1.0.5/snappy-java-1.0.5.jar:/home/user/.m2/repository/com/google/re2j/re2j/1.1/re2j-1.1.jar:/home/user/.m2/repository/com/google/code/gson/gson/2.2.4/gson-2.2.4.jar:/home/user/.m2/repository/com/jcraft/jsch/0.1.54/jsch-0.1.54.jar:/home/user/.m2/repository/org/apache/curator/curator-client/2.12.0/curator-client-2.12.0.jar:/home/user/.m2/repository/org/apache/curator/curator-recipes/2.12.0/curator-recipes-2.12.0.jar:/home/user/.m2/repository/com/google/code/findbugs/jsr305/3.0.0/jsr305-3.0.0.jar:/home/user/.m2/repository/org/apache/htrace/htrace-core4/4.1.0-incubating/htrace-core4-4.1.0-incubating.jar:/home/user/.m2/repository/org/apache/zookeeper/zookeeper/3.4.13/zookeeper-3.4.13.jar:/home/user/.m2/repository/jline/jline/0.9.94/jline-0.9.94.jar:/home/user/.m2/repository/org/apache/yetus/audience-annotations/0.5.0/audience-annotations-0.5.0.jar:/home/user/.m2/repository/org/codehaus/woodstox/stax2-api/3.1.4/stax2-api-3.1.4.jar:/home/user/.m2/repository/com/fasterxml/woodstox/woodstox-core/5.0.3/woodstox-core-5.0.3.jar:/home/user/.m2/repository/dnsjava/dnsjava/2.1.7/dnsjava-2.1.7.jar:/home/user/.m2/repository/org/apache/hadoop/hadoop-hdfs/3.2.0/hadoop-hdfs-3.2.0-tests.jar:/home/user/.m2/repository/org/eclipse/jetty/jetty-util-ajax/9.3.25.v20180904/jetty-util-ajax-9.3.25.v20180904.jar:/home/user/.m2/repository/commons-daemon/commons-daemon/1.0.13/commons-daemon-1.0.13.jar:/home/user/.m2/repository/io/netty/netty/3.10.5.Final/netty-3.10.5.Final.jar:/home/user/.m2/repository/io/netty/netty-all/4.0.52.Final/netty-all-4.0.52.Final.jar:/home/user/.m2/repository/org/fusesource/leveldbjni/leveldbjni-all/1.8/leveldbjni-all-1.8.jar:"/>
    <property name="java.vm.vendor" value="Oracle Corporation"/>
    <property name="sun.arch.data.model" value="64"/>
    <property name="test.build.dir" value="/workdir/hadoop-ozone/integration-test/target/test-dir"/>
    <property name="test.cache.data" value=""/>
    <property name="java.vendor.url" value="http://java.oracle.com/"/>
    <property name="user.timezone" value=""/>
    <property name="java.vm.specification.version" value="1.8"/>
    <property name="os.name" value="Linux"/>
    <property name="test.build.data" value="/workdir/hadoop-ozone/integration-test/target/test-dir"/>
    <property name="user.country" value="US"/>
    <property name="sun.java.launcher" value="SUN_STANDARD"/>
    <property name="sun.boot.library.path" value="/usr/lib/jvm/java-1.8.0-openjdk-1.8.0.222.b10-1.el7_7.x86_64/jre/lib/amd64"/>
    <property name="sun.java.command" value="/workdir/hadoop-ozone/integration-test/target/surefire/surefirebooter7358078479925111674.jar /workdir/hadoop-ozone/integration-test/target/surefire 2019-10-16T05-16-23_122-jvmRun1 surefire3837625292429776970tmp surefire_273171891239968859855tmp"/>
    <property name="surefire.test.class.path" value="/workdir/hadoop-ozone/integration-test/target/test-classes:/workdir/hadoop-ozone/integration-test/target/classes:/home/user/.m2/repository/org/apache/hadoop/hadoop-ozone-common/0.5.0-SNAPSHOT/hadoop-ozone-common-0.5.0-SNAPSHOT.jar:/home/user/.m2/repository/org/apache/commons/commons-compress/1.4.1/commons-compress-1.4.1.jar:/home/user/.m2/repository/org/tukaani/xz/1.0/xz-1.0.jar:/home/user/.m2/repository/org/apache/hadoop/hadoop-common/3.2.0/hadoop-common-3.2.0.jar:/home/user/.m2/repository/org/apache/hadoop/hadoop-hdfs/3.2.0/hadoop-hdfs-3.2.0.jar:/home/user/.m2/repository/org/apache/hadoop/hadoop-hdfs-client/3.2.0/hadoop-hdfs-client-3.2.0.jar:/home/user/.m2/repository/com/fasterxml/jackson/core/jackson-annotations/2.9.9/jackson-annotations-2.9.9.jar:/home/user/.m2/repository/org/apache/hadoop/hadoop-hdds-common/0.5.0-SNAPSHOT/hadoop-hdds-common-0.5.0-SNAPSHOT.jar:/home/user/.m2/repository/javax/annotation/javax.annotation-api/1.2/javax.annotation-api-1.2.jar:/home/user/.m2/repository/org/apache/ratis/ratis-server/0.5.0-3f446aa-SNAPSHOT/ratis-server-0.5.0-3f446aa-SNAPSHOT.jar:/home/user/.m2/repository/org/apache/ratis/ratis-thirdparty-misc/0.2.0/ratis-thirdparty-misc-0.2.0.jar:/home/user/.m2/repository/org/apache/ratis/ratis-proto/0.5.0-3f446aa-SNAPSHOT/ratis-proto-0.5.0-3f446aa-SNAPSHOT.jar:/home/user/.m2/repository/org/apache/ratis/ratis-common/0.5.0-3f446aa-SNAPSHOT/ratis-common-0.5.0-3f446aa-SNAPSHOT.jar:/home/user/.m2/repository/org/apache/ratis/ratis-client/0.5.0-3f446aa-SNAPSHOT/ratis-client-0.5.0-3f446aa-SNAPSHOT.jar:/home/user/.m2/repository/org/apache/ratis/ratis-metrics/0.5.0-3f446aa-SNAPSHOT/ratis-metrics-0.5.0-3f446aa-SNAPSHOT.jar:/home/user/.m2/repository/com/github/joshelser/dropwizard-metrics-hadoop-metrics2-reporter/0.1.2/dropwizard-metrics-hadoop-metrics2-reporter-0.1.2.jar:/home/user/.m2/repository/io/dropwizard/metrics/metrics-jvm/3.2.5/metrics-jvm-3.2.5.jar:/home/user/.m2/repository/io/dropwizard/metrics/metrics-ganglia/3.2.5/metrics-ganglia-3.2.5.jar:/home/user/.m2/repository/info/ganglia/gmetric4j/gmetric4j/1.0.7/gmetric4j-1.0.7.jar:/home/user/.m2/repository/org/apache/ratis/ratis-netty/0.5.0-3f446aa-SNAPSHOT/ratis-netty-0.5.0-3f446aa-SNAPSHOT.jar:/home/user/.m2/repository/org/apache/ratis/ratis-grpc/0.5.0-3f446aa-SNAPSHOT/ratis-grpc-0.5.0-3f446aa-SNAPSHOT.jar:/home/user/.m2/repository/org/rocksdb/rocksdbjni/6.0.1/rocksdbjni-6.0.1.jar:/home/user/.m2/repository/org/apache/logging/log4j/log4j-api/2.11.0/log4j-api-2.11.0.jar:/home/user/.m2/repository/org/apache/logging/log4j/log4j-core/2.11.0/log4j-core-2.11.0.jar:/home/user/.m2/repository/com/lmax/disruptor/3.4.2/disruptor-3.4.2.jar:/home/user/.m2/repository/org/apache/commons/commons-pool2/2.6.0/commons-pool2-2.6.0.jar:/home/user/.m2/repository/org/bouncycastle/bcpkix-jdk15on/1.60/bcpkix-jdk15on-1.60.jar:/home/user/.m2/repository/commons-validator/commons-validator/1.6/commons-validator-1.6.jar:/home/user/.m2/repository/commons-digester/commons-digester/1.8.1/commons-digester-1.8.1.jar:/home/user/.m2/repository/io/jaegertracing/jaeger-client/0.34.0/jaeger-client-0.34.0.jar:/home/user/.m2/repository/io/jaegertracing/jaeger-thrift/0.34.0/jaeger-thrift-0.34.0.jar:/home/user/.m2/repository/org/apache/thrift/libthrift/0.12.0/libthrift-0.12.0.jar:/home/user/.m2/repository/com/squareup/okhttp3/okhttp/3.9.0/okhttp-3.9.0.jar:/home/user/.m2/repository/com/squareup/okio/okio/1.13.0/okio-1.13.0.jar:/home/user/.m2/repository/io/jaegertracing/jaeger-core/0.34.0/jaeger-core-0.34.0.jar:/home/user/.m2/repository/io/jaegertracing/jaeger-tracerresolver/0.34.0/jaeger-tracerresolver-0.34.0.jar:/home/user/.m2/repository/io/opentracing/contrib/opentracing-tracerresolver/0.1.5/opentracing-tracerresolver-0.1.5.jar:/home/user/.m2/repository/io/opentracing/opentracing-util/0.31.0/opentracing-util-0.31.0.jar:/home/user/.m2/repository/io/opentracing/opentracing-api/0.31.0/opentracing-api-0.31.0.jar:/home/user/.m2/repository/io/opentracing/opentracing-noop/0.31.0/opentracing-noop-0.31.0.jar:/home/user/.m2/repository/org/apache/hadoop/hadoop-hdds-server-framework/0.5.0-SNAPSHOT/hadoop-hdds-server-framework-0.5.0-SNAPSHOT.jar:/home/user/.m2/repository/org/apache/hadoop/hadoop-hdds-container-service/0.5.0-SNAPSHOT/hadoop-hdds-container-service-0.5.0-SNAPSHOT.jar:/home/user/.m2/repository/org/apache/hadoop/hadoop-hdds-client/0.5.0-SNAPSHOT/hadoop-hdds-client-0.5.0-SNAPSHOT.jar:/home/user/.m2/repository/org/apache/hadoop/hadoop-hdds-tools/0.5.0-SNAPSHOT/hadoop-hdds-tools-0.5.0-SNAPSHOT.jar:/home/user/.m2/repository/org/apache/hadoop/hadoop-hdds-server-scm/0.5.0-SNAPSHOT/hadoop-hdds-server-scm-0.5.0-SNAPSHOT.jar:/home/user/.m2/repository/org/apache/hadoop/hadoop-hdds-docs/0.5.0-SNAPSHOT/hadoop-hdds-docs-0.5.0-SNAPSHOT.jar:/home/user/.m2/repository/io/dropwizard/metrics/metrics-core/3.2.4/metrics-core-3.2.4.jar:/home/user/.m2/repository/org/hamcrest/hamcrest-all/1.3/hamcrest-all-1.3.jar:/home/user/.m2/repository/org/bouncycastle/bcprov-jdk15on/1.60/bcprov-jdk15on-1.60.jar:/home/user/.m2/repository/info/picocli/picocli/3.9.6/picocli-3.9.6.jar:/home/user/.m2/repository/com/google/protobuf/protobuf-java/2.5.0/protobuf-java-2.5.0.jar:/home/user/.m2/repository/com/google/guava/guava/11.0.2/guava-11.0.2.jar:/home/user/.m2/repository/org/apache/hadoop/hadoop-ozone-ozone-manager/0.5.0-SNAPSHOT/hadoop-ozone-ozone-manager-0.5.0-SNAPSHOT.jar:/home/user/.m2/repository/org/apache/hadoop/hadoop-minikdc/3.2.0/hadoop-minikdc-3.2.0.jar:/home/user/.m2/repository/commons-io/commons-io/2.5/commons-io-2.5.jar:/home/user/.m2/repository/org/apache/kerby/kerb-simplekdc/1.0.1/kerb-simplekdc-1.0.1.jar:/home/user/.m2/repository/org/apache/kerby/kerb-client/1.0.1/kerb-client-1.0.1.jar:/home/user/.m2/repository/org/apache/kerby/kerby-config/1.0.1/kerby-config-1.0.1.jar:/home/user/.m2/repository/org/apache/kerby/kerb-core/1.0.1/kerb-core-1.0.1.jar:/home/user/.m2/repository/org/apache/kerby/kerby-pkix/1.0.1/kerby-pkix-1.0.1.jar:/home/user/.m2/repository/org/apache/kerby/kerby-asn1/1.0.1/kerby-asn1-1.0.1.jar:/home/user/.m2/repository/org/apache/kerby/kerby-util/1.0.1/kerby-util-1.0.1.jar:/home/user/.m2/repository/org/apache/kerby/kerb-common/1.0.1/kerb-common-1.0.1.jar:/home/user/.m2/repository/org/apache/kerby/kerb-crypto/1.0.1/kerb-crypto-1.0.1.jar:/home/user/.m2/repository/org/apache/kerby/kerb-util/1.0.1/kerb-util-1.0.1.jar:/home/user/.m2/repository/org/apache/kerby/token-provider/1.0.1/token-provider-1.0.1.jar:/home/user/.m2/repository/org/apache/kerby/kerb-admin/1.0.1/kerb-admin-1.0.1.jar:/home/user/.m2/repository/org/apache/kerby/kerb-server/1.0.1/kerb-server-1.0.1.jar:/home/user/.m2/repository/org/apache/kerby/kerb-identity/1.0.1/kerb-identity-1.0.1.jar:/home/user/.m2/repository/org/apache/kerby/kerby-xdr/1.0.1/kerby-xdr-1.0.1.jar:/home/user/.m2/repository/org/slf4j/slf4j-log4j12/1.7.25/slf4j-log4j12-1.7.25.jar:/home/user/.m2/repository/org/apache/hadoop/hadoop-ozone-s3gateway/0.5.0-SNAPSHOT/hadoop-ozone-s3gateway-0.5.0-SNAPSHOT.jar:/home/user/.m2/repository/org/jboss/weld/servlet/weld-servlet/2.4.7.Final/weld-servlet-2.4.7.Final.jar:/home/user/.m2/repository/org/glassfish/jersey/containers/jersey-container-servlet-core/2.27/jersey-container-servlet-core-2.27.jar:/home/user/.m2/repository/org/glassfish/hk2/external/javax.inject/2.5.0-b42/javax.inject-2.5.0-b42.jar:/home/user/.m2/repository/org/glassfish/jersey/core/jersey-common/2.27/jersey-common-2.27.jar:/home/user/.m2/repository/org/glassfish/hk2/osgi-resource-locator/1.0.1/osgi-resource-locator-1.0.1.jar:/home/user/.m2/repository/javax/ws/rs/javax.ws.rs-api/2.1/javax.ws.rs-api-2.1.jar:/home/user/.m2/repository/org/glassfish/jersey/ext/cdi/jersey-cdi1x/2.27/jersey-cdi1x-2.27.jar:/home/user/.m2/repository/org/glassfish/jersey/inject/jersey-hk2/2.27/jersey-hk2-2.27.jar:/home/user/.m2/repository/org/glassfish/hk2/hk2-locator/2.5.0-b42/hk2-locator-2.5.0-b42.jar:/home/user/.m2/repository/org/javassist/javassist/3.22.0-CR2/javassist-3.22.0-CR2.jar:/home/user/.m2/repository/org/glassfish/hk2/hk2-api/2.5.0/hk2-api-2.5.0.jar:/home/user/.m2/repository/org/glassfish/hk2/external/jakarta.inject/2.5.0/jakarta.inject-2.5.0.jar:/home/user/.m2/repository/org/glassfish/hk2/hk2-utils/2.5.0/hk2-utils-2.5.0.jar:/home/user/.m2/repository/jakarta/annotation/jakarta.annotation-api/1.3.4/jakarta.annotation-api-1.3.4.jar:/home/user/.m2/repository/org/glassfish/hk2/external/aopalliance-repackaged/2.5.0/aopalliance-repackaged-2.5.0.jar:/home/user/.m2/repository/com/fasterxml/jackson/dataformat/jackson-dataformat-xml/2.9.0/jackson-dataformat-xml-2.9.0.jar:/home/user/.m2/repository/com/fasterxml/jackson/core/jackson-core/2.9.9/jackson-core-2.9.9.jar:/home/user/.m2/repository/com/fasterxml/jackson/module/jackson-module-jaxb-annotations/2.9.9/jackson-module-jaxb-annotations-2.9.9.jar:/home/user/.m2/repository/javax/enterprise/cdi-api/1.2/cdi-api-1.2.jar:/home/user/.m2/repository/javax/el/javax.el-api/3.0.0/javax.el-api-3.0.0.jar:/home/user/.m2/repository/javax/interceptor/javax.interceptor-api/1.2/javax.interceptor-api-1.2.jar:/home/user/.m2/repository/javax/inject/javax.inject/1/javax.inject-1.jar:/home/user/.m2/repository/com/sun/xml/bind/jaxb-impl/2.3.0.1/jaxb-impl-2.3.0.1.jar:/home/user/.m2/repository/com/sun/xml/bind/jaxb-core/2.3.0.1/jaxb-core-2.3.0.1.jar:/home/user/.m2/repository/javax/xml/bind/jaxb-api/2.3.0/jaxb-api-2.3.0.jar:/home/user/.m2/repository/javax/activation/activation/1.1.1/activation-1.1.1.jar:/home/user/.m2/repository/org/apache/hadoop/hadoop-ozone-csi/0.5.0-SNAPSHOT/hadoop-ozone-csi-0.5.0-SNAPSHOT.jar:/home/user/.m2/repository/com/google/protobuf/protobuf-java-util/3.5.1/protobuf-java-util-3.5.1.jar:/home/user/.m2/repository/org/apache/hadoop/hadoop-hdds-config/0.5.0-SNAPSHOT/hadoop-hdds-config-0.5.0-SNAPSHOT.jar:/home/user/.m2/repository/io/grpc/grpc-netty/1.17.1/grpc-netty-1.17.1.jar:/home/user/.m2/repository/io/grpc/grpc-core/1.17.1/grpc-core-1.17.1.jar:/home/user/.m2/repository/io/grpc/grpc-context/1.17.1/grpc-context-1.17.1.jar:/home/user/.m2/repository/com/google/errorprone/error_prone_annotations/2.2.0/error_prone_annotations-2.2.0.jar:/home/user/.m2/repository/org/codehaus/mojo/animal-sniffer-annotations/1.17/animal-sniffer-annotations-1.17.jar:/home/user/.m2/repository/io/opencensus/opencensus-api/0.17.0/opencensus-api-0.17.0.jar:/home/user/.m2/repository/io/opencensus/opencensus-contrib-grpc-metrics/0.17.0/opencensus-contrib-grpc-metrics-0.17.0.jar:/home/user/.m2/repository/io/netty/netty-codec-http2/4.1.30.Final/netty-codec-http2-4.1.30.Final.jar:/home/user/.m2/repository/io/netty/netty-codec-http/4.1.30.Final/netty-codec-http-4.1.30.Final.jar:/home/user/.m2/repository/io/netty/netty-codec/4.1.30.Final/netty-codec-4.1.30.Final.jar:/home/user/.m2/repository/io/netty/netty-handler/4.1.30.Final/netty-handler-4.1.30.Final.jar:/home/user/.m2/repository/io/netty/netty-handler-proxy/4.1.30.Final/netty-handler-proxy-4.1.30.Final.jar:/home/user/.m2/repository/io/netty/netty-codec-socks/4.1.30.Final/netty-codec-socks-4.1.30.Final.jar:/home/user/.m2/repository/io/netty/netty-transport-native-epoll/4.1.30.Final/netty-transport-native-epoll-4.1.30.Final.jar:/home/user/.m2/repository/io/netty/netty-common/4.1.30.Final/netty-common-4.1.30.Final.jar:/home/user/.m2/repository/io/netty/netty-buffer/4.1.30.Final/netty-buffer-4.1.30.Final.jar:/home/user/.m2/repository/io/netty/netty-transport/4.1.30.Final/netty-transport-4.1.30.Final.jar:/home/user/.m2/repository/io/netty/netty-resolver/4.1.30.Final/netty-resolver-4.1.30.Final.jar:/home/user/.m2/repository/io/netty/netty-transport-native-unix-common/4.1.30.Final/netty-transport-native-unix-common-4.1.30.Final.jar:/home/user/.m2/repository/io/grpc/grpc-protobuf/1.17.1/grpc-protobuf-1.17.1.jar:/home/user/.m2/repository/com/google/api/grpc/proto-google-common-protos/1.0.0/proto-google-common-protos-1.0.0.jar:/home/user/.m2/repository/io/grpc/grpc-protobuf-lite/1.17.1/grpc-protobuf-lite-1.17.1.jar:/home/user/.m2/repository/io/grpc/grpc-stub/1.17.1/grpc-stub-1.17.1.jar:/home/user/.m2/repository/org/apache/hadoop/hadoop-ozone-recon/0.5.0-SNAPSHOT/hadoop-ozone-recon-0.5.0-SNAPSHOT.jar:/home/user/.m2/repository/org/apache/hadoop/hadoop-ozone-reconcodegen/0.5.0-SNAPSHOT/hadoop-ozone-reconcodegen-0.5.0-SNAPSHOT.jar:/home/user/.m2/repository/com/google/inject/extensions/guice-multibindings/4.0/guice-multibindings-4.0.jar:/home/user/.m2/repository/com/google/inject/guice/4.0/guice-4.0.jar:/home/user/.m2/repository/aopalliance/aopalliance/1.0/aopalliance-1.0.jar:/home/user/.m2/repository/com/google/inject/extensions/guice-servlet/4.0/guice-servlet-4.0.jar:/home/user/.m2/repository/org/glassfish/jersey/containers/jersey-container-servlet/2.27/jersey-container-servlet-2.27.jar:/home/user/.m2/repository/org/glassfish/hk2/guice-bridge/2.5.0/guice-bridge-2.5.0.jar:/home/user/.m2/repository/org/glassfish/jersey/core/jersey-server/2.27/jersey-server-2.27.jar:/home/user/.m2/repository/org/glassfish/jersey/core/jersey-client/2.27/jersey-client-2.27.jar:/home/user/.m2/repository/org/glassfish/jersey/media/jersey-media-jaxb/2.27/jersey-media-jaxb-2.27.jar:/home/user/.m2/repository/javax/validation/validation-api/1.1.0.Final/validation-api-1.1.0.Final.jar:/home/user/.m2/repository/org/glassfish/jersey/media/jersey-media-json-jackson/2.27/jersey-media-json-jackson-2.27.jar:/home/user/.m2/repository/org/glassfish/jersey/ext/jersey-entity-filtering/2.27/jersey-entity-filtering-2.27.jar:/home/user/.m2/repository/com/google/inject/extensions/guice-assistedinject/4.0/guice-assistedinject-4.0.jar:/home/user/.m2/repository/org/jooq/jooq/3.11.10/jooq-3.11.10.jar:/home/user/.m2/repository/org/jooq/jooq-meta/3.11.10/jooq-meta-3.11.10.jar:/home/user/.m2/repository/org/jooq/jooq-codegen/3.11.10/jooq-codegen-3.11.10.jar:/home/user/.m2/repository/com/jolbox/bonecp/0.8.0.RELEASE/bonecp-0.8.0.RELEASE.jar:/home/user/.m2/repository/org/xerial/sqlite-jdbc/3.25.2/sqlite-jdbc-3.25.2.jar:/home/user/.m2/repository/org/springframework/spring-jdbc/5.1.3.RELEASE/spring-jdbc-5.1.3.RELEASE.jar:/home/user/.m2/repository/org/springframework/spring-beans/5.1.3.RELEASE/spring-beans-5.1.3.RELEASE.jar:/home/user/.m2/repository/org/springframework/spring-core/5.1.3.RELEASE/spring-core-5.1.3.RELEASE.jar:/home/user/.m2/repository/org/springframework/spring-jcl/5.1.3.RELEASE/spring-jcl-5.1.3.RELEASE.jar:/home/user/.m2/repository/org/springframework/spring-tx/5.1.3.RELEASE/spring-tx-5.1.3.RELEASE.jar:/home/user/.m2/repository/org/apache/hadoop/hadoop-ozone-client/0.5.0-SNAPSHOT/hadoop-ozone-client-0.5.0-SNAPSHOT.jar:/home/user/.m2/repository/commons-lang/commons-lang/2.6/commons-lang-2.6.jar:/home/user/.m2/repository/org/apache/hadoop/hadoop-ozone-ozone-manager/0.5.0-SNAPSHOT/hadoop-ozone-ozone-manager-0.5.0-SNAPSHOT-tests.jar:/home/user/.m2/repository/junit/junit/4.11/junit-4.11.jar:/home/user/.m2/repository/org/hamcrest/hamcrest-core/1.3/hamcrest-core-1.3.jar:/home/user/.m2/repository/org/openjdk/jmh/jmh-core/1.19/jmh-core-1.19.jar:/home/user/.m2/repository/net/sf/jopt-simple/jopt-simple/4.6/jopt-simple-4.6.jar:/home/user/.m2/repository/org/apache/commons/commons-math3/3.1.1/commons-math3-3.1.1.jar:/home/user/.m2/repository/org/openjdk/jmh/jmh-generator-annprocess/1.19/jmh-generator-annprocess-1.19.jar:/home/user/.m2/repository/org/mockito/mockito-all/1.8.5/mockito-all-1.8.5.jar:/home/user/.m2/repository/org/apache/hadoop/hadoop-kms/3.2.0/hadoop-kms-3.2.0.jar:/home/user/.m2/repository/org/apache/hadoop/hadoop-auth/3.2.0/hadoop-auth-3.2.0.jar:/home/user/.m2/repository/com/nimbusds/nimbus-jose-jwt/4.41.1/nimbus-jose-jwt-4.41.1.jar:/home/user/.m2/repository/com/github/stephenc/jcip/jcip-annotations/1.0-1/jcip-annotations-1.0-1.jar:/home/user/.m2/repository/net/minidev/json-smart/2.3/json-smart-2.3.jar:/home/user/.m2/repository/net/minidev/accessors-smart/1.2/accessors-smart-1.2.jar:/home/user/.m2/repository/org/ow2/asm/asm/5.0.4/asm-5.0.4.jar:/home/user/.m2/repository/org/apache/curator/curator-framework/2.12.0/curator-framework-2.12.0.jar:/home/user/.m2/repository/com/sun/jersey/jersey-core/1.19/jersey-core-1.19.jar:/home/user/.m2/repository/javax/ws/rs/jsr311-api/1.1.1/jsr311-api-1.1.1.jar:/home/user/.m2/repository/com/sun/jersey/jersey-server/1.19/jersey-server-1.19.jar:/home/user/.m2/repository/javax/servlet/javax.servlet-api/3.1.0/javax.servlet-api-3.1.0.jar:/home/user/.m2/repository/org/eclipse/jetty/jetty-server/9.3.25.v20180904/jetty-server-9.3.25.v20180904.jar:/home/user/.m2/repository/org/eclipse/jetty/jetty-http/9.3.25.v20180904/jetty-http-9.3.25.v20180904.jar:/home/user/.m2/repository/org/eclipse/jetty/jetty-io/9.3.25.v20180904/jetty-io-9.3.25.v20180904.jar:/home/user/.m2/repository/org/eclipse/jetty/jetty-webapp/9.3.25.v20180904/jetty-webapp-9.3.25.v20180904.jar:/home/user/.m2/repository/org/eclipse/jetty/jetty-xml/9.3.25.v20180904/jetty-xml-9.3.25.v20180904.jar:/home/user/.m2/repository/log4j/log4j/1.2.17/log4j-1.2.17.jar:/home/user/.m2/repository/org/slf4j/slf4j-api/1.7.25/slf4j-api-1.7.25.jar:/home/user/.m2/repository/org/slf4j/jul-to-slf4j/1.7.25/jul-to-slf4j-1.7.25.jar:/home/user/.m2/repository/org/eclipse/jetty/jetty-util/9.3.25.v20180904/jetty-util-9.3.25.v20180904.jar:/home/user/.m2/repository/com/fasterxml/jackson/core/jackson-databind/2.9.9/jackson-databind-2.9.9.jar:/home/user/.m2/repository/org/apache/hadoop/hadoop-kms/3.2.0/hadoop-kms-3.2.0-tests.jar:/home/user/.m2/repository/org/apache/hadoop/hadoop-hdds-server-scm/0.5.0-SNAPSHOT/hadoop-hdds-server-scm-0.5.0-SNAPSHOT-tests.jar:/home/user/.m2/repository/org/apache/hadoop/hadoop-hdds-container-service/0.5.0-SNAPSHOT/hadoop-hdds-container-service-0.5.0-SNAPSHOT-tests.jar:/home/user/.m2/repository/org/yaml/snakeyaml/1.16/snakeyaml-1.16.jar:/home/user/.m2/repository/org/apache/hadoop/hadoop-common/3.2.0/hadoop-common-3.2.0-tests.jar:/home/user/.m2/repository/org/apache/hadoop/hadoop-annotations/3.2.0/hadoop-annotations-3.2.0.jar:/usr/lib/jvm/java-1.8.0-openjdk-1.8.0.222.b10-1.el7_7.x86_64/jre/../lib/tools.jar:/home/user/.m2/repository/commons-cli/commons-cli/1.2/commons-cli-1.2.jar:/home/user/.m2/repository/org/apache/httpcomponents/httpclient/4.5.2/httpclient-4.5.2.jar:/home/user/.m2/repository/org/apache/httpcomponents/httpcore/4.4.4/httpcore-4.4.4.jar:/home/user/.m2/repository/commons-codec/commons-codec/1.11/commons-codec-1.11.jar:/home/user/.m2/repository/commons-net/commons-net/3.6/commons-net-3.6.jar:/home/user/.m2/repository/commons-collections/commons-collections/3.2.2/commons-collections-3.2.2.jar:/home/user/.m2/repository/org/eclipse/jetty/jetty-servlet/9.3.25.v20180904/jetty-servlet-9.3.25.v20180904.jar:/home/user/.m2/repository/org/eclipse/jetty/jetty-security/9.3.25.v20180904/jetty-security-9.3.25.v20180904.jar:/home/user/.m2/repository/javax/servlet/jsp/jsp-api/2.1/jsp-api-2.1.jar:/home/user/.m2/repository/com/sun/jersey/jersey-servlet/1.19/jersey-servlet-1.19.jar:/home/user/.m2/repository/com/sun/jersey/jersey-json/1.19/jersey-json-1.19.jar:/home/user/.m2/repository/org/codehaus/jettison/jettison/1.1/jettison-1.1.jar:/home/user/.m2/repository/org/codehaus/jackson/jackson-core-asl/1.9.13/jackson-core-asl-1.9.13.jar:/home/user/.m2/repository/org/codehaus/jackson/jackson-mapper-asl/1.9.13/jackson-mapper-asl-1.9.13.jar:/home/user/.m2/repository/org/codehaus/jackson/jackson-jaxrs/1.9.13/jackson-jaxrs-1.9.13.jar:/home/user/.m2/repository/org/codehaus/jackson/jackson-xc/1.9.13/jackson-xc-1.9.13.jar:/home/user/.m2/repository/commons-logging/commons-logging/1.1.3/commons-logging-1.1.3.jar:/home/user/.m2/repository/commons-beanutils/commons-beanutils/1.9.4/commons-beanutils-1.9.4.jar:/home/user/.m2/repository/org/apache/commons/commons-configuration2/2.1.1/commons-configuration2-2.1.1.jar:/home/user/.m2/repository/org/apache/commons/commons-lang3/3.7/commons-lang3-3.7.jar:/home/user/.m2/repository/org/apache/commons/commons-text/1.4/commons-text-1.4.jar:/home/user/.m2/repository/org/apache/avro/avro/1.7.7/avro-1.7.7.jar:/home/user/.m2/repository/com/thoughtworks/paranamer/paranamer/2.3/paranamer-2.3.jar:/home/user/.m2/repository/org/xerial/snappy/snappy-java/1.0.5/snappy-java-1.0.5.jar:/home/user/.m2/repository/com/google/re2j/re2j/1.1/re2j-1.1.jar:/home/user/.m2/repository/com/google/code/gson/gson/2.2.4/gson-2.2.4.jar:/home/user/.m2/repository/com/jcraft/jsch/0.1.54/jsch-0.1.54.jar:/home/user/.m2/repository/org/apache/curator/curator-client/2.12.0/curator-client-2.12.0.jar:/home/user/.m2/repository/org/apache/curator/curator-recipes/2.12.0/curator-recipes-2.12.0.jar:/home/user/.m2/repository/com/google/code/findbugs/jsr305/3.0.0/jsr305-3.0.0.jar:/home/user/.m2/repository/org/apache/htrace/htrace-core4/4.1.0-incubating/htrace-core4-4.1.0-incubating.jar:/home/user/.m2/repository/org/apache/zookeeper/zookeeper/3.4.13/zookeeper-3.4.13.jar:/home/user/.m2/repository/jline/jline/0.9.94/jline-0.9.94.jar:/home/user/.m2/repository/org/apache/yetus/audience-annotations/0.5.0/audience-annotations-0.5.0.jar:/home/user/.m2/repository/org/codehaus/woodstox/stax2-api/3.1.4/stax2-api-3.1.4.jar:/home/user/.m2/repository/com/fasterxml/woodstox/woodstox-core/5.0.3/woodstox-core-5.0.3.jar:/home/user/.m2/repository/dnsjava/dnsjava/2.1.7/dnsjava-2.1.7.jar:/home/user/.m2/repository/org/apache/hadoop/hadoop-hdfs/3.2.0/hadoop-hdfs-3.2.0-tests.jar:/home/user/.m2/repository/org/eclipse/jetty/jetty-util-ajax/9.3.25.v20180904/jetty-util-ajax-9.3.25.v20180904.jar:/home/user/.m2/repository/commons-daemon/commons-daemon/1.0.13/commons-daemon-1.0.13.jar:/home/user/.m2/repository/io/netty/netty/3.10.5.Final/netty-3.10.5.Final.jar:/home/user/.m2/repository/io/netty/netty-all/4.0.52.Final/netty-all-4.0.52.Final.jar:/home/user/.m2/repository/org/fusesource/leveldbjni/leveldbjni-all/1.8/leveldbjni-all-1.8.jar:"/>
    <property name="sun.cpu.endian" value="little"/>
    <property name="user.home" value="/home/user"/>
    <property name="user.language" value="en"/>
    <property name="java.specification.vendor" value="Oracle Corporation"/>
    <property name="java.home" value="/usr/lib/jvm/java-1.8.0-openjdk-1.8.0.222.b10-1.el7_7.x86_64/jre"/>
    <property name="surefire.excludesFile" value="/tools/ozone-bad-unit-tests"/>
    <property name="java.security.krb5.conf" value="/workdir/hadoop-ozone/integration-test/target/test-classes/krb5.conf"/>
    <property name="basedir" value="/workdir/hadoop-ozone/integration-test"/>
    <property name="file.separator" value="/"/>
    <property name="line.separator" value="&#10;"/>
    <property name="java.vm.specification.vendor" value="Oracle Corporation"/>
    <property name="java.specification.name" value="Java Platform API Specification"/>
    <property name="java.awt.graphicsenv" value="sun.awt.X11GraphicsEnvironment"/>
    <property name="surefire.real.class.path" value="/workdir/hadoop-ozone/integration-test/target/surefire/surefirebooter7358078479925111674.jar"/>
    <property name="hadoop.log.dir" value="/workdir/hadoop-ozone/integration-test/target/log"/>
    <property name="sun.boot.class.path" value="/usr/lib/jvm/java-1.8.0-openjdk-1.8.0.222.b10-1.el7_7.x86_64/jre/lib/resources.jar:/usr/lib/jvm/java-1.8.0-openjdk-1.8.0.222.b10-1.el7_7.x86_64/jre/lib/rt.jar:/usr/lib/jvm/java-1.8.0-openjdk-1.8.0.222.b10-1.el7_7.x86_64/jre/lib/sunrsasign.jar:/usr/lib/jvm/java-1.8.0-openjdk-1.8.0.222.b10-1.el7_7.x86_64/jre/lib/jsse.jar:/usr/lib/jvm/java-1.8.0-openjdk-1.8.0.222.b10-1.el7_7.x86_64/jre/lib/jce.jar:/usr/lib/jvm/java-1.8.0-openjdk-1.8.0.222.b10-1.el7_7.x86_64/jre/lib/charsets.jar:/usr/lib/jvm/java-1.8.0-openjdk-1.8.0.222.b10-1.el7_7.x86_64/jre/lib/jfr.jar:/usr/lib/jvm/java-1.8.0-openjdk-1.8.0.222.b10-1.el7_7.x86_64/jre/classes"/>
    <property name="sun.management.compiler" value="HotSpot 64-Bit Tiered Compilers"/>
    <property name="java.runtime.version" value="1.8.0_222-b10"/>
    <property name="java.net.preferIPv4Stack" value="true"/>
    <property name="user.name" value="jenkins1000"/>
    <property name="path.separator" value=":"/>
    <property name="java.security.egd" value="file:///dev/urandom"/>
    <property name="os.version" value="3.10.0-957.12.2.el7.x86_64"/>
    <property name="java.endorsed.dirs" value="/usr/lib/jvm/java-1.8.0-openjdk-1.8.0.222.b10-1.el7_7.x86_64/jre/lib/endorsed"/>
    <property name="java.runtime.name" value="OpenJDK Runtime Environment"/>
    <property name="file.encoding" value="ANSI_X3.4-1968"/>
    <property name="java.vm.name" value="OpenJDK 64-Bit Server VM"/>
    <property name="test.build.webapps" value=""/>
    <property name="localRepository" value="/home/user/.m2/repository"/>
    <property name="java.vendor.url.bug" value="http://bugreport.sun.com/bugreport/"/>
    <property name="java.io.tmpdir" value="/tmp"/>
    <property name="require.test.libhadoop" value=""/>
    <property name="java.version" value="1.8.0_222"/>
    <property name="user.dir" value="/workdir/hadoop-ozone/integration-test"/>
    <property name="os.arch" value="amd64"/>
    <property name="java.vm.specification.name" value="Java Virtual Machine Specification"/>
    <property name="test.build.classes" value="/workdir/hadoop-ozone/integration-test/target/test-classes"/>
    <property name="java.awt.printerjob" value="sun.print.PSPrinterJob"/>
    <property name="sun.os.patch.level" value="unknown"/>
    <property name="hadoop.tmp.dir" value="/workdir/hadoop-ozone/integration-test/target/tmp"/>
    <property name="java.library.path" value="/usr/lib:/workdir/hadoop-ozone/integration-test/target/native/target/usr/local/lib:/workdir/hadoop-ozone/integration-test/../../hadoop-common-project/hadoop-common/target/native/target/usr/local/lib:/usr/java/packages/lib/amd64:/usr/lib64:/lib64:/lib:/usr/lib"/>
    <property name="java.vm.info" value="mixed mode"/>
    <property name="java.vendor" value="Oracle Corporation"/>
    <property name="java.vm.version" value="25.222-b10"/>
    <property name="java.ext.dirs" value="/usr/lib/jvm/java-1.8.0-openjdk-1.8.0.222.b10-1.el7_7.x86_64/jre/lib/ext:/usr/java/packages/lib/ext"/>
    <property name="sun.io.unicode.encoding" value="UnicodeLittle"/>
    <property name="java.class.version" value="52.0"/>
  </properties>
  <testcase name="testPutKeyAndGetKeyThreeNodes" classname="org.apache.hadoop.ozone.client.rpc.TestReadRetries" time="3.946">
    <error message="Releasing lock on resource /5e19beb4-1e5b-4672-887c-86432b5ec162/85008ab6-9fe7-4ca0-b0c9-665056c8be02 without acquiring lock&#10;	at org.apache.hadoop.ozone.lock.LockManager.getLockForReleasing(LockManager.java:220)&#10;	at org.apache.hadoop.ozone.lock.LockManager.release(LockManager.java:168)&#10;	at org.apache.hadoop.ozone.lock.LockManager.writeUnlock(LockManager.java:148)&#10;	at org.apache.hadoop.ozone.om.lock.OzoneManagerLock.unlock(OzoneManagerLock.java:364)&#10;	at org.apache.hadoop.ozone.om.lock.OzoneManagerLock.releaseWriteLock(OzoneManagerLock.java:329)&#10;	at org.apache.hadoop.ozone.om.request.key.OMKeyCommitRequest.validateAndUpdateCache(OMKeyCommitRequest.java:177)&#10;	at org.apache.hadoop.ozone.protocolPB.OzoneManagerProtocolServerSideTranslatorPB.submitRequestDirectlyToOM(OzoneManagerProtocolServerSideTranslatorPB.java:219)&#10;	at org.apache.hadoop.ozone.protocolPB.OzoneManagerProtocolServerSideTranslatorPB.processRequest(OzoneManagerProtocolServerSideTranslatorPB.java:134)&#10;	at org.apache.hadoop.hdds.server.OzoneProtocolMessageDispatcher.processRequest(OzoneProtocolMessageDispatcher.java:72)&#10;	at org.apache.hadoop.ozone.protocolPB.OzoneManagerProtocolServerSideTranslatorPB.submitRequest(OzoneManagerProtocolServerSideTranslatorPB.java:100)&#10;	at org.apache.hadoop.ozone.protocol.proto.OzoneManagerProtocolProtos$OzoneManagerService$2.callBlockingMethod(OzoneManagerProtocolProtos.java)&#10;	at org.apache.hadoop.ipc.ProtobufRpcEngine$Server$ProtoBufRpcInvoker.call(ProtobufRpcEngine.java:524)&#10;	at org.apache.hadoop.ipc.RPC$Server.call(RPC.java:1025)&#10;	at org.apache.hadoop.ipc.Server$RpcCall.run(Server.java:876)&#10;	at org.apache.hadoop.ipc.Server$RpcCall.run(Server.java:822)&#10;	at java.security.AccessController.doPrivileged(Native Method)&#10;	at javax.security.auth.Subject.doAs(Subject.java:422)&#10;	at org.apache.hadoop.security.UserGroupInformation.doAs(UserGroupInformation.java:1730)&#10;	at org.apache.hadoop.ipc.Server$Handler.run(Server.java:2682)&#10;" type="org.apache.hadoop.ipc.RemoteException(java.lang.IllegalMonitorStateException)">org.apache.hadoop.ipc.RemoteException(java.lang.IllegalMonitorStateException): Releasing lock on resource /5e19beb4-1e5b-4672-887c-86432b5ec162/85008ab6-9fe7-4ca0-b0c9-665056c8be02 without acquiring lock
	at org.apache.hadoop.ozone.lock.LockManager.getLockForReleasing(LockManager.java:220)
	at org.apache.hadoop.ozone.lock.LockManager.release(LockManager.java:168)
	at org.apache.hadoop.ozone.lock.LockManager.writeUnlock(LockManager.java:148)
	at org.apache.hadoop.ozone.om.lock.OzoneManagerLock.unlock(OzoneManagerLock.java:364)
	at org.apache.hadoop.ozone.om.lock.OzoneManagerLock.releaseWriteLock(OzoneManagerLock.java:329)
	at org.apache.hadoop.ozone.om.request.key.OMKeyCommitRequest.validateAndUpdateCache(OMKeyCommitRequest.java:177)
	at org.apache.hadoop.ozone.protocolPB.OzoneManagerProtocolServerSideTranslatorPB.submitRequestDirectlyToOM(OzoneManagerProtocolServerSideTranslatorPB.java:219)
	at org.apache.hadoop.ozone.protocolPB.OzoneManagerProtocolServerSideTranslatorPB.processRequest(OzoneManagerProtocolServerSideTranslatorPB.java:134)
	at org.apache.hadoop.hdds.server.OzoneProtocolMessageDispatcher.processRequest(OzoneProtocolMessageDispatcher.java:72)
	at org.apache.hadoop.ozone.protocolPB.OzoneManagerProtocolServerSideTranslatorPB.submitRequest(OzoneManagerProtocolServerSideTranslatorPB.java:100)
	at org.apache.hadoop.ozone.protocol.proto.OzoneManagerProtocolProtos$OzoneManagerService$2.callBlockingMethod(OzoneManagerProtocolProtos.java)
	at org.apache.hadoop.ipc.ProtobufRpcEngine$Server$ProtoBufRpcInvoker.call(ProtobufRpcEngine.java:524)
	at org.apache.hadoop.ipc.RPC$Server.call(RPC.java:1025)
	at org.apache.hadoop.ipc.Server$RpcCall.run(Server.java:876)
	at org.apache.hadoop.ipc.Server$RpcCall.run(Server.java:822)
	at java.security.AccessController.doPrivileged(Native Method)
	at javax.security.auth.Subject.doAs(Subject.java:422)
	at org.apache.hadoop.security.UserGroupInformation.doAs(UserGroupInformation.java:1730)
	at org.apache.hadoop.ipc.Server$Handler.run(Server.java:2682)

	at org.apache.hadoop.ipc.Client.getRpcResponse(Client.java:1511)
	at org.apache.hadoop.ipc.Client.call(Client.java:1457)
	at org.apache.hadoop.ipc.Client.call(Client.java:1367)
	at org.apache.hadoop.ipc.ProtobufRpcEngine$Invoker.invoke(ProtobufRpcEngine.java:228)
	at org.apache.hadoop.ipc.ProtobufRpcEngine$Invoker.invoke(ProtobufRpcEngine.java:116)
	at com.sun.proxy.$Proxy37.submitRequest(Unknown Source)
	at sun.reflect.GeneratedMethodAccessor63.invoke(Unknown Source)
	at sun.reflect.DelegatingMethodAccessorImpl.invoke(DelegatingMethodAccessorImpl.java:43)
	at java.lang.reflect.Method.invoke(Method.java:498)
	at org.apache.hadoop.io.retry.RetryInvocationHandler.invokeMethod(RetryInvocationHandler.java:422)
	at org.apache.hadoop.io.retry.RetryInvocationHandler$Call.invokeMethod(RetryInvocationHandler.java:165)
	at org.apache.hadoop.io.retry.RetryInvocationHandler$Call.invoke(RetryInvocationHandler.java:157)
	at org.apache.hadoop.io.retry.RetryInvocationHandler$Call.invokeOnce(RetryInvocationHandler.java:95)
	at org.apache.hadoop.io.retry.RetryInvocationHandler.invoke(RetryInvocationHandler.java:359)
	at com.sun.proxy.$Proxy37.submitRequest(Unknown Source)
	at org.apache.hadoop.ozone.om.protocolPB.OzoneManagerProtocolClientSideTranslatorPB.submitRequest(OzoneManagerProtocolClientSideTranslatorPB.java:338)
	at org.apache.hadoop.ozone.om.protocolPB.OzoneManagerProtocolClientSideTranslatorPB.commitKey(OzoneManagerProtocolClientSideTranslatorPB.java:789)
	at sun.reflect.NativeMethodAccessorImpl.invoke0(Native Method)
	at sun.reflect.NativeMethodAccessorImpl.invoke(NativeMethodAccessorImpl.java:62)
	at sun.reflect.DelegatingMethodAccessorImpl.invoke(DelegatingMethodAccessorImpl.java:43)
	at java.lang.reflect.Method.invoke(Method.java:498)
	at org.apache.hadoop.hdds.tracing.TraceAllMethod.invoke(TraceAllMethod.java:66)
	at com.sun.proxy.$Proxy38.commitKey(Unknown Source)
	at org.apache.hadoop.ozone.client.io.BlockOutputStreamEntryPool.commitKey(BlockOutputStreamEntryPool.java:277)
	at org.apache.hadoop.ozone.client.io.KeyOutputStream.close(KeyOutputStream.java:474)
	at org.apache.hadoop.ozone.client.io.OzoneOutputStream.close(OzoneOutputStream.java:60)
	at org.apache.hadoop.ozone.client.rpc.TestReadRetries.testPutKeyAndGetKeyThreeNodes(TestReadRetries.java:143)
	at sun.reflect.NativeMethodAccessorImpl.invoke0(Native Method)
	at sun.reflect.NativeMethodAccessorImpl.invoke(NativeMethodAccessorImpl.java:62)
	at sun.reflect.DelegatingMethodAccessorImpl.invoke(DelegatingMethodAccessorImpl.java:43)
	at java.lang.reflect.Method.invoke(Method.java:498)
	at org.junit.runners.model.FrameworkMethod$1.runReflectiveCall(FrameworkMethod.java:47)
	at org.junit.internal.runners.model.ReflectiveCallable.run(ReflectiveCallable.java:12)
	at org.junit.runners.model.FrameworkMethod.invokeExplosively(FrameworkMethod.java:44)
	at org.junit.internal.runners.statements.InvokeMethod.evaluate(InvokeMethod.java:17)
	at org.junit.rules.ExpectedException$ExpectedExceptionStatement.evaluate(ExpectedException.java:168)
	at org.junit.rules.RunRules.evaluate(RunRules.java:20)
	at org.junit.runners.ParentRunner.runLeaf(ParentRunner.java:271)
	at org.junit.runners.BlockJUnit4ClassRunner.runChild(BlockJUnit4ClassRunner.java:70)
	at org.junit.runners.BlockJUnit4ClassRunner.runChild(BlockJUnit4ClassRunner.java:50)
	at org.junit.runners.ParentRunner$3.run(ParentRunner.java:238)
	at org.junit.runners.ParentRunner$1.schedule(ParentRunner.java:63)
	at org.junit.runners.ParentRunner.runChildren(ParentRunner.java:236)
	at org.junit.runners.ParentRunner.access$000(ParentRunner.java:53)
	at org.junit.runners.ParentRunner$2.evaluate(ParentRunner.java:229)
	at org.junit.internal.runners.statements.RunBefores.evaluate(RunBefores.java:26)
	at org.junit.internal.runners.statements.RunAfters.evaluate(RunAfters.java:27)
	at org.junit.runners.ParentRunner.run(ParentRunner.java:309)
	at org.apache.maven.surefire.junit4.JUnit4Provider.execute(JUnit4Provider.java:365)
	at org.apache.maven.surefire.junit4.JUnit4Provider.executeWithRerun(JUnit4Provider.java:273)
	at org.apache.maven.surefire.junit4.JUnit4Provider.executeTestSet(JUnit4Provider.java:238)
	at org.apache.maven.surefire.junit4.JUnit4Provider.invoke(JUnit4Provider.java:159)
	at org.apache.maven.surefire.booter.ForkedBooter.invokeProviderInSameClassLoader(ForkedBooter.java:384)
	at org.apache.maven.surefire.booter.ForkedBooter.runSuitesInProcess(ForkedBooter.java:345)
	at org.apache.maven.surefire.booter.ForkedBooter.execute(ForkedBooter.java:126)
	at org.apache.maven.surefire.booter.ForkedBooter.main(ForkedBooter.java:418)
</error>
    <system-out><![CDATA[2019-10-16 05:53:56,439 [main] WARN  server.ServerUtils (ServerUtils.java:getScmDbDir(145)) - ozone.scm.db.dirs is not configured. We recommend adding this setting. Falling back to ozone.metadata.dirs instead.
2019-10-16 05:53:56,553 [main] WARN  server.ServerUtils (ServerUtils.java:getScmDbDir(145)) - ozone.scm.db.dirs is not configured. We recommend adding this setting. Falling back to ozone.metadata.dirs instead.
2019-10-16 05:53:56,557 [main] WARN  server.ServerUtils (ServerUtils.java:getScmDbDir(145)) - ozone.scm.db.dirs is not configured. We recommend adding this setting. Falling back to ozone.metadata.dirs instead.
2019-10-16 05:53:56,586 [main] INFO  util.log (Log.java:initialized(192)) - Logging initialized @841ms
2019-10-16 05:53:56,675 [main] INFO  db.DBStoreBuilder (DBStoreBuilder.java:addTable(117)) - using custom profile for table: deletedBlocks
2019-10-16 05:53:56,675 [main] INFO  db.DBStoreBuilder (DBStoreBuilder.java:processTables(168)) - Using default column profile:DBProfile.DISK for Table:deletedBlocks
2019-10-16 05:53:56,676 [main] INFO  db.DBStoreBuilder (DBStoreBuilder.java:addTable(117)) - using custom profile for table: validCerts
2019-10-16 05:53:56,676 [main] INFO  db.DBStoreBuilder (DBStoreBuilder.java:processTables(168)) - Using default column profile:DBProfile.DISK for Table:validCerts
2019-10-16 05:53:56,676 [main] INFO  db.DBStoreBuilder (DBStoreBuilder.java:addTable(117)) - using custom profile for table: revokedCerts
2019-10-16 05:53:56,676 [main] INFO  db.DBStoreBuilder (DBStoreBuilder.java:processTables(168)) - Using default column profile:DBProfile.DISK for Table:revokedCerts
2019-10-16 05:53:56,686 [main] INFO  db.DBStoreBuilder (DBStoreBuilder.java:addTable(117)) - using custom profile for table: default
2019-10-16 05:53:56,686 [main] INFO  db.DBStoreBuilder (DBStoreBuilder.java:processTables(174)) - Using default column profile:DBProfile.DISK for Table:default
2019-10-16 05:53:56,687 [main] INFO  db.DBStoreBuilder (DBStoreBuilder.java:getDbProfile(205)) - Using default options. DBProfile.DISK
2019-10-16 05:53:57,042 [main] INFO  net.NodeSchemaLoader (NodeSchemaLoader.java:loadSchemaFromFile(125)) - Loading file from sun.misc.CompoundEnumeration@45752059
2019-10-16 05:53:57,044 [main] INFO  net.NodeSchemaLoader (NodeSchemaLoader.java:loadSchema(171)) - Loading network topology layer schema file
2019-10-16 05:53:57,104 [main] WARN  server.ServerUtils (ServerUtils.java:sanitizeUserArgs(70)) - ozone.scm.stale.node.interval value = 300000 is larger than max = 100000 based on the key value of ozone.scm.heartbeat.thread.interval, reset to the max value 100000.
2019-10-16 05:53:57,105 [main] WARN  server.ServerUtils (ServerUtils.java:sanitizeUserArgs(70)) - ozone.scm.stale.node.interval value = 300000 is larger than max = 100000 based on the key value of ozone.scm.heartbeat.thread.interval, reset to the max value 100000.
2019-10-16 05:53:57,108 [main] INFO  node.SCMNodeManager (SCMNodeManager.java:<init>(116)) - Entering startup safe mode.
2019-10-16 05:53:57,168 [main] INFO  algorithms.ContainerPlacementPolicyFactory (ContainerPlacementPolicyFactory.java:getPolicy(57)) - Create container placement policy of type org.apache.hadoop.hdds.scm.container.placement.algorithms.SCMContainerPlacementRandom
2019-10-16 05:53:57,181 [main] WARN  server.ServerUtils (ServerUtils.java:getScmDbDir(145)) - ozone.scm.db.dirs is not configured. We recommend adding this setting. Falling back to ozone.metadata.dirs instead.
2019-10-16 05:53:57,304 [main] INFO  pipeline.SCMPipelineManager (SCMPipelineManager.java:initializePipelineState(132)) - No pipeline exists in current db
2019-10-16 05:53:57,307 [main] WARN  server.ServerUtils (ServerUtils.java:getScmDbDir(145)) - ozone.scm.db.dirs is not configured. We recommend adding this setting. Falling back to ozone.metadata.dirs instead.
2019-10-16 05:53:57,445 [main] WARN  events.EventQueue (EventQueue.java:fireEvent(183)) - No event handler registered for event TypedEvent{payloadType=SafeModeStatus, name='SafeModeStatus'}
2019-10-16 05:53:57,779 [main] INFO  ipc.CallQueueManager (CallQueueManager.java:<init>(84)) - Using callQueue: class java.util.concurrent.LinkedBlockingQueue, queueCapacity: 2000, scheduler: class org.apache.hadoop.ipc.DefaultRpcScheduler, ipcBackoff: false.
2019-10-16 05:53:57,914 [Socket Reader #1 for port 38470] INFO  ipc.Server (Server.java:run(1074)) - Starting Socket Reader #1 for port 38470
2019-10-16 05:53:57,948 [main] INFO  ipc.CallQueueManager (CallQueueManager.java:<init>(84)) - Using callQueue: class java.util.concurrent.LinkedBlockingQueue, queueCapacity: 2000, scheduler: class org.apache.hadoop.ipc.DefaultRpcScheduler, ipcBackoff: false.
2019-10-16 05:53:57,950 [Socket Reader #1 for port 33520] INFO  ipc.Server (Server.java:run(1074)) - Starting Socket Reader #1 for port 33520
2019-10-16 05:53:57,960 [main] INFO  ipc.CallQueueManager (CallQueueManager.java:<init>(84)) - Using callQueue: class java.util.concurrent.LinkedBlockingQueue, queueCapacity: 2000, scheduler: class org.apache.hadoop.ipc.DefaultRpcScheduler, ipcBackoff: false.
2019-10-16 05:53:57,961 [Socket Reader #1 for port 36246] INFO  ipc.Server (Server.java:run(1074)) - Starting Socket Reader #1 for port 36246
2019-10-16 05:53:57,987 [main] INFO  hdfs.DFSUtil (DFSUtil.java:httpServerTemplateForNNAndJN(1641)) - Starting Web-server for scm at: http://0.0.0.0:0
2019-10-16 05:53:58,120 [main] INFO  server.AuthenticationFilter (AuthenticationFilter.java:constructSecretProvider(240)) - Unable to initialize FileSignerSecretProvider, falling back to use random secrets.
2019-10-16 05:53:58,127 [main] WARN  http.HttpRequestLog (HttpRequestLog.java:getRequestLog(97)) - Jetty request log can only be enabled using Log4j
2019-10-16 05:53:58,134 [main] INFO  http.HttpServer2 (HttpServer2.java:addGlobalFilter(975)) - Added global filter 'safety' (class=org.apache.hadoop.http.HttpServer2$QuotingInputFilter)
2019-10-16 05:53:58,136 [main] INFO  http.HttpServer2 (HttpServer2.java:addFilter(948)) - Added filter static_user_filter (class=org.apache.hadoop.http.lib.StaticUserWebFilter$StaticUserFilter) to context scm
2019-10-16 05:53:58,136 [main] INFO  http.HttpServer2 (HttpServer2.java:addFilter(958)) - Added filter static_user_filter (class=org.apache.hadoop.http.lib.StaticUserWebFilter$StaticUserFilter) to context logs
2019-10-16 05:53:58,136 [main] INFO  http.HttpServer2 (HttpServer2.java:addFilter(958)) - Added filter static_user_filter (class=org.apache.hadoop.http.lib.StaticUserWebFilter$StaticUserFilter) to context static
2019-10-16 05:53:58,162 [main] INFO  server.StorageContainerManager (StorageContainerManager.java:start(772)) - StorageContainerLocationProtocol RPC server is listening at /0.0.0.0:36246
2019-10-16 05:53:58,217 [main] WARN  impl.MetricsConfig (MetricsConfig.java:loadFirst(134)) - Cannot locate configuration: tried hadoop-metrics2-storagecontainermanager.properties,hadoop-metrics2.properties
2019-10-16 05:53:58,234 [main] INFO  impl.MetricsSystemImpl (MetricsSystemImpl.java:startTimer(374)) - Scheduled Metric snapshot period at 10 second(s).
2019-10-16 05:53:58,235 [main] INFO  impl.MetricsSystemImpl (MetricsSystemImpl.java:start(191)) - StorageContainerManager metrics system started
2019-10-16 05:53:58,474 [main] INFO  server.SCMClientProtocolServer (SCMClientProtocolServer.java:start(159)) - RPC server for Client  is listening at /0.0.0.0:36246
2019-10-16 05:53:58,477 [IPC Server Responder] INFO  ipc.Server (Server.java:run(1314)) - IPC Server Responder: starting
2019-10-16 05:53:58,477 [IPC Server listener on 36246] INFO  ipc.Server (Server.java:run(1153)) - IPC Server listener on 36246: starting
2019-10-16 05:53:58,480 [main] INFO  server.StorageContainerManager (StorageContainerManager.java:start(782)) - ScmBlockLocationProtocol RPC server is listening at /0.0.0.0:33520
2019-10-16 05:53:58,482 [main] INFO  server.SCMBlockProtocolServer (SCMBlockProtocolServer.java:start(146)) - RPC server for Block Protocol is listening at /0.0.0.0:33520
2019-10-16 05:53:58,482 [IPC Server Responder] INFO  ipc.Server (Server.java:run(1314)) - IPC Server Responder: starting
2019-10-16 05:53:58,482 [IPC Server listener on 33520] INFO  ipc.Server (Server.java:run(1153)) - IPC Server listener on 33520: starting
2019-10-16 05:53:58,485 [main] INFO  server.StorageContainerManager (StorageContainerManager.java:start(786)) - ScmDatanodeProtocl RPC server is listening at /0.0.0.0:38470
2019-10-16 05:53:58,485 [main] INFO  server.SCMDatanodeProtocolServer (SCMDatanodeProtocolServer.java:start(169)) - RPC server for DataNodes is listening at /0.0.0.0:38470
2019-10-16 05:53:58,487 [IPC Server Responder] INFO  ipc.Server (Server.java:run(1314)) - IPC Server Responder: starting
2019-10-16 05:53:58,487 [IPC Server listener on 38470] INFO  ipc.Server (Server.java:run(1153)) - IPC Server listener on 38470: starting
2019-10-16 05:53:58,492 [main] INFO  http.HttpServer2 (HttpServer2.java:bindListener(1191)) - Jetty bound to port 39312
2019-10-16 05:53:58,494 [main] INFO  server.Server (Server.java:doStart(351)) - jetty-9.3.25.v20180904, build timestamp: 2018-09-04T21:11:46Z, git hash: 3ce520221d0240229c862b122d2b06c12a625732
2019-10-16 05:53:58,546 [main] INFO  handler.ContextHandler (ContextHandler.java:doStart(781)) - Started o.e.j.s.ServletContextHandler@7966baa7{/logs,file:///workdir/hadoop-ozone/integration-test/target/log,AVAILABLE}
2019-10-16 05:53:58,547 [main] INFO  handler.ContextHandler (ContextHandler.java:doStart(781)) - Started o.e.j.s.ServletContextHandler@1253e7cb{/static,file:///workdir/hadoop-ozone/integration-test/target/test-classes/webapps/static,AVAILABLE}
2019-10-16 05:53:58,585 [main] INFO  handler.ContextHandler (ContextHandler.java:doStart(781)) - Started o.e.j.w.WebAppContext@10b892d5{/,file:///workdir/hadoop-ozone/integration-test/target/test-classes/webapps/scm/,AVAILABLE}{/scm}
2019-10-16 05:53:58,591 [main] INFO  server.AbstractConnector (AbstractConnector.java:doStart(278)) - Started ServerConnector@1b9ea3e3{HTTP/1.1,[http/1.1]}{0.0.0.0:39312}
2019-10-16 05:53:58,591 [main] INFO  server.Server (Server.java:doStart(419)) - Started @2846ms
2019-10-16 05:53:58,594 [main] INFO  impl.MetricsSinkAdapter (MetricsSinkAdapter.java:start(204)) - Sink prometheus started
2019-10-16 05:53:58,594 [main] INFO  impl.MetricsSystemImpl (MetricsSystemImpl.java:registerSink(301)) - Registered sink prometheus
2019-10-16 05:53:58,595 [main] INFO  server.BaseHttpServer (BaseHttpServer.java:updateConnectorAddress(215)) - HTTP server of SCM is listening at http://0.0.0.0:39312
2019-10-16 05:53:58,601 [org.apache.hadoop.util.JvmPauseMonitor$Monitor@34abdee4] INFO  util.JvmPauseMonitor (JvmPauseMonitor.java:run(188)) - Starting JVM pause monitor
2019-10-16 05:53:58,603 [main] WARN  server.ServerUtils (ServerUtils.java:getDBPath(222)) - ozone.om.db.dirs is not configured. We recommend adding this setting. Falling back to ozone.metadata.dirs instead.
2019-10-16 05:53:58,709 [main] INFO  ha.OMHANodeDetails (OMHANodeDetails.java:loadOMHAConfig(190)) - Configuration either no ozone.om.address set. Falling back to the default OM address /127.0.0.1:0
2019-10-16 05:53:58,710 [main] INFO  ha.OMHANodeDetails (OMHANodeDetails.java:getOMNodeDetails(220)) - OM Service ID is not set. Setting it to the default ID: omServiceIdDefault
2019-10-16 05:53:58,711 [main] WARN  server.ServerUtils (ServerUtils.java:getDBPath(222)) - ozone.om.db.dirs is not configured. We recommend adding this setting. Falling back to ozone.metadata.dirs instead.
2019-10-16 05:53:58,712 [main] WARN  server.ServerUtils (ServerUtils.java:getDBPath(222)) - ozone.om.db.dirs is not configured. We recommend adding this setting. Falling back to ozone.metadata.dirs instead.
2019-10-16 05:53:59,395 [main] WARN  server.ServerUtils (ServerUtils.java:getDBPath(222)) - ozone.om.db.dirs is not configured. We recommend adding this setting. Falling back to ozone.metadata.dirs instead.
2019-10-16 05:53:59,402 [main] INFO  db.DBStoreBuilder (DBStoreBuilder.java:addTable(117)) - using custom profile for table: userTable
2019-10-16 05:53:59,403 [main] INFO  db.DBStoreBuilder (DBStoreBuilder.java:processTables(168)) - Using default column profile:DBProfile.DISK for Table:userTable
2019-10-16 05:53:59,403 [main] INFO  db.DBStoreBuilder (DBStoreBuilder.java:addTable(117)) - using custom profile for table: volumeTable
2019-10-16 05:53:59,403 [main] INFO  db.DBStoreBuilder (DBStoreBuilder.java:processTables(168)) - Using default column profile:DBProfile.DISK for Table:volumeTable
2019-10-16 05:53:59,403 [main] INFO  db.DBStoreBuilder (DBStoreBuilder.java:addTable(117)) - using custom profile for table: bucketTable
2019-10-16 05:53:59,403 [main] INFO  db.DBStoreBuilder (DBStoreBuilder.java:processTables(168)) - Using default column profile:DBProfile.DISK for Table:bucketTable
2019-10-16 05:53:59,404 [main] INFO  db.DBStoreBuilder (DBStoreBuilder.java:addTable(117)) - using custom profile for table: keyTable
2019-10-16 05:53:59,404 [main] INFO  db.DBStoreBuilder (DBStoreBuilder.java:processTables(168)) - Using default column profile:DBProfile.DISK for Table:keyTable
2019-10-16 05:53:59,404 [main] INFO  db.DBStoreBuilder (DBStoreBuilder.java:addTable(117)) - using custom profile for table: deletedTable
2019-10-16 05:53:59,404 [main] INFO  db.DBStoreBuilder (DBStoreBuilder.java:processTables(168)) - Using default column profile:DBProfile.DISK for Table:deletedTable
2019-10-16 05:53:59,405 [main] INFO  db.DBStoreBuilder (DBStoreBuilder.java:addTable(117)) - using custom profile for table: openKeyTable
2019-10-16 05:53:59,405 [main] INFO  db.DBStoreBuilder (DBStoreBuilder.java:processTables(168)) - Using default column profile:DBProfile.DISK for Table:openKeyTable
2019-10-16 05:53:59,405 [main] INFO  db.DBStoreBuilder (DBStoreBuilder.java:addTable(117)) - using custom profile for table: s3Table
2019-10-16 05:53:59,405 [main] INFO  db.DBStoreBuilder (DBStoreBuilder.java:processTables(168)) - Using default column profile:DBProfile.DISK for Table:s3Table
2019-10-16 05:53:59,406 [main] INFO  db.DBStoreBuilder (DBStoreBuilder.java:addTable(117)) - using custom profile for table: multipartInfoTable
2019-10-16 05:53:59,406 [main] INFO  db.DBStoreBuilder (DBStoreBuilder.java:processTables(168)) - Using default column profile:DBProfile.DISK for Table:multipartInfoTable
2019-10-16 05:53:59,406 [main] INFO  db.DBStoreBuilder (DBStoreBuilder.java:addTable(117)) - using custom profile for table: dTokenTable
2019-10-16 05:53:59,406 [main] INFO  db.DBStoreBuilder (DBStoreBuilder.java:processTables(168)) - Using default column profile:DBProfile.DISK for Table:dTokenTable
2019-10-16 05:53:59,406 [main] INFO  db.DBStoreBuilder (DBStoreBuilder.java:addTable(117)) - using custom profile for table: s3SecretTable
2019-10-16 05:53:59,407 [main] INFO  db.DBStoreBuilder (DBStoreBuilder.java:processTables(168)) - Using default column profile:DBProfile.DISK for Table:s3SecretTable
2019-10-16 05:53:59,407 [main] INFO  db.DBStoreBuilder (DBStoreBuilder.java:addTable(117)) - using custom profile for table: prefixTable
2019-10-16 05:53:59,407 [main] INFO  db.DBStoreBuilder (DBStoreBuilder.java:processTables(168)) - Using default column profile:DBProfile.DISK for Table:prefixTable
2019-10-16 05:53:59,407 [main] INFO  db.DBStoreBuilder (DBStoreBuilder.java:addTable(117)) - using custom profile for table: default
2019-10-16 05:53:59,407 [main] INFO  db.DBStoreBuilder (DBStoreBuilder.java:processTables(174)) - Using default column profile:DBProfile.DISK for Table:default
2019-10-16 05:53:59,408 [main] INFO  db.DBStoreBuilder (DBStoreBuilder.java:getDbProfile(205)) - Using default options. DBProfile.DISK
2019-10-16 05:54:00,118 [main] INFO  ipc.CallQueueManager (CallQueueManager.java:<init>(84)) - Using callQueue: class java.util.concurrent.LinkedBlockingQueue, queueCapacity: 2000, scheduler: class org.apache.hadoop.ipc.DefaultRpcScheduler, ipcBackoff: false.
2019-10-16 05:54:00,119 [Socket Reader #1 for port 35571] INFO  ipc.Server (Server.java:run(1074)) - Starting Socket Reader #1 for port 35571
2019-10-16 05:54:00,143 [main] INFO  om.OzoneManager (OzoneManager.java:start(1074)) - OzoneManager RPC server is listening at localhost/127.0.0.1:35571
2019-10-16 05:54:00,143 [main] INFO  impl.MetricsSystemImpl (MetricsSystemImpl.java:init(158)) - OzoneManager metrics system started (again)
2019-10-16 05:54:00,151 [IPC Server Responder] INFO  ipc.Server (Server.java:run(1314)) - IPC Server Responder: starting
2019-10-16 05:54:00,152 [IPC Server listener on 35571] INFO  ipc.Server (Server.java:run(1153)) - IPC Server listener on 35571: starting
2019-10-16 05:54:00,160 [main] INFO  hdfs.DFSUtil (DFSUtil.java:httpServerTemplateForNNAndJN(1641)) - Starting Web-server for ozoneManager at: http://0.0.0.0:0
2019-10-16 05:54:00,163 [main] INFO  server.AuthenticationFilter (AuthenticationFilter.java:constructSecretProvider(240)) - Unable to initialize FileSignerSecretProvider, falling back to use random secrets.
2019-10-16 05:54:00,164 [main] WARN  http.HttpRequestLog (HttpRequestLog.java:getRequestLog(97)) - Jetty request log can only be enabled using Log4j
2019-10-16 05:54:00,169 [main] INFO  http.HttpServer2 (HttpServer2.java:addGlobalFilter(975)) - Added global filter 'safety' (class=org.apache.hadoop.http.HttpServer2$QuotingInputFilter)
2019-10-16 05:54:00,170 [main] INFO  http.HttpServer2 (HttpServer2.java:addFilter(948)) - Added filter static_user_filter (class=org.apache.hadoop.http.lib.StaticUserWebFilter$StaticUserFilter) to context ozoneManager
2019-10-16 05:54:00,171 [main] INFO  http.HttpServer2 (HttpServer2.java:addFilter(958)) - Added filter static_user_filter (class=org.apache.hadoop.http.lib.StaticUserWebFilter$StaticUserFilter) to context static
2019-10-16 05:54:00,171 [main] INFO  http.HttpServer2 (HttpServer2.java:addFilter(958)) - Added filter static_user_filter (class=org.apache.hadoop.http.lib.StaticUserWebFilter$StaticUserFilter) to context logs
2019-10-16 05:54:00,174 [main] INFO  http.HttpServer2 (HttpServer2.java:bindListener(1191)) - Jetty bound to port 36495
2019-10-16 05:54:00,175 [main] INFO  server.Server (Server.java:doStart(351)) - jetty-9.3.25.v20180904, build timestamp: 2018-09-04T21:11:46Z, git hash: 3ce520221d0240229c862b122d2b06c12a625732
2019-10-16 05:54:00,178 [main] INFO  handler.ContextHandler (ContextHandler.java:doStart(781)) - Started o.e.j.s.ServletContextHandler@2ca6546f{/logs,file:///workdir/hadoop-ozone/integration-test/target/log,AVAILABLE}
2019-10-16 05:54:00,179 [main] INFO  handler.ContextHandler (ContextHandler.java:doStart(781)) - Started o.e.j.s.ServletContextHandler@7923f5b3{/static,file:///workdir/hadoop-ozone/integration-test/target/test-classes/webapps/static,AVAILABLE}
2019-10-16 05:54:00,198 [main] INFO  handler.ContextHandler (ContextHandler.java:doStart(781)) - Started o.e.j.w.WebAppContext@31fc71ab{/,file:///workdir/hadoop-ozone/integration-test/target/test-classes/webapps/ozoneManager/,AVAILABLE}{/ozoneManager}
2019-10-16 05:54:00,199 [main] INFO  server.AbstractConnector (AbstractConnector.java:doStart(278)) - Started ServerConnector@71391b3f{HTTP/1.1,[http/1.1]}{0.0.0.0:36495}
2019-10-16 05:54:00,200 [main] INFO  server.Server (Server.java:doStart(419)) - Started @4455ms
2019-10-16 05:54:00,200 [main] WARN  impl.MetricsSystemImpl (MetricsSystemImpl.java:register(276)) - Sink prometheus already exists!
2019-10-16 05:54:00,203 [main] INFO  server.BaseHttpServer (BaseHttpServer.java:updateConnectorAddress(215)) - HTTP server of OZONEMANAGER is listening at http://0.0.0.0:36495
2019-10-16 05:54:00,528 [main] INFO  impl.MetricsSystemImpl (MetricsSystemImpl.java:init(158)) - HddsDatanode metrics system started (again)
2019-10-16 05:54:00,575 [main] INFO  ozone.HddsDatanodeService (HddsDatanodeService.java:start(184)) - HddsDatanodeService host:pr-hdds-2312-q6qzp-1535798719 ip:192.168.69.104
2019-10-16 05:54:00,606 [main] INFO  volume.HddsVolume (HddsVolume.java:<init>(176)) - Creating Volume: /workdir/hadoop-ozone/integration-test/target/test-dir/MiniOzoneClusterImpl-a7ed491f-9e2a-49d2-8991-52926c770a07/datanode-0/data/containers/hdds of  storage type : DISK and capacity : 1482555576320
2019-10-16 05:54:00,608 [main] INFO  volume.VolumeSet (VolumeSet.java:initializeVolumeSet(170)) - Added Volume : /workdir/hadoop-ozone/integration-test/target/test-dir/MiniOzoneClusterImpl-a7ed491f-9e2a-49d2-8991-52926c770a07/datanode-0/data/containers/hdds to VolumeSet
2019-10-16 05:54:00,610 [main] INFO  volume.ThrottledAsyncChecker (ThrottledAsyncChecker.java:schedule(141)) - Scheduling a check for /workdir/hadoop-ozone/integration-test/target/test-dir/MiniOzoneClusterImpl-a7ed491f-9e2a-49d2-8991-52926c770a07/datanode-0/data/containers/hdds
2019-10-16 05:54:00,626 [main] INFO  volume.HddsVolumeChecker (HddsVolumeChecker.java:checkAllVolumes(204)) - Scheduled health check for volume /workdir/hadoop-ozone/integration-test/target/test-dir/MiniOzoneClusterImpl-a7ed491f-9e2a-49d2-8991-52926c770a07/datanode-0/data/containers/hdds
2019-10-16 05:54:00,729 [main] INFO  impl.RaftServerProxy (ConfUtils.java:logGet(43)) - raft.rpc.type = GRPC (default)
2019-10-16 05:54:00,789 [main] INFO  grpc.GrpcFactory (GrpcFactory.java:checkPooledByteBufAllocatorUseCacheForAllThreads(45)) - PERFORMANCE WARNING: useCacheForAllThreads is true that may cause Netty to create a lot garbage objects and, as a result, trigger GC.
	It is recommended to disable useCacheForAllThreads by setting -Dorg.apache.ratis.thirdparty.io.netty.allocator.useCacheForAllThreads=false in command line.
2019-10-16 05:54:00,794 [main] INFO  grpc.GrpcConfigKeys$Server (ConfUtils.java:logGet(43)) - raft.grpc.server.port = 0 (default)
2019-10-16 05:54:00,795 [main] INFO  server.GrpcService (ConfUtils.java:logGet(43)) - raft.grpc.message.size.max = 33570816 (custom)
2019-10-16 05:54:00,797 [main] INFO  server.RaftServerConfigKeys (ConfUtils.java:logGet(43)) - raft.server.log.appender.buffer.byte-limit = 33554432 (custom)
2019-10-16 05:54:00,797 [main] INFO  server.GrpcService (ConfUtils.java:logGet(43)) - raft.grpc.flow.control.window = 1MB (=1048576) (default)
2019-10-16 05:54:00,798 [main] INFO  server.RaftServerConfigKeys (ConfUtils.java:logGet(43)) - raft.server.rpc.request.timeout = 3000ms (default)
2019-10-16 05:54:00,919 [main] INFO  server.RaftServerConfigKeys (ConfUtils.java:logGet(43)) - raft.server.storage.dir = [/workdir/hadoop-ozone/integration-test/target/test-dir/MiniOzoneClusterImpl-a7ed491f-9e2a-49d2-8991-52926c770a07/datanode-0/data/ratis] (custom)
2019-10-16 05:54:00,954 [main] INFO  hdfs.DFSUtil (DFSUtil.java:httpServerTemplateForNNAndJN(1641)) - Starting Web-server for hddsDatanode at: http://0.0.0.0:0
2019-10-16 05:54:00,956 [main] INFO  server.AuthenticationFilter (AuthenticationFilter.java:constructSecretProvider(240)) - Unable to initialize FileSignerSecretProvider, falling back to use random secrets.
2019-10-16 05:54:00,956 [main] WARN  http.HttpRequestLog (HttpRequestLog.java:getRequestLog(97)) - Jetty request log can only be enabled using Log4j
2019-10-16 05:54:00,958 [main] INFO  http.HttpServer2 (HttpServer2.java:addGlobalFilter(975)) - Added global filter 'safety' (class=org.apache.hadoop.http.HttpServer2$QuotingInputFilter)
2019-10-16 05:54:00,958 [main] INFO  http.HttpServer2 (HttpServer2.java:addFilter(948)) - Added filter static_user_filter (class=org.apache.hadoop.http.lib.StaticUserWebFilter$StaticUserFilter) to context hddsDatanode
2019-10-16 05:54:00,958 [main] INFO  http.HttpServer2 (HttpServer2.java:addFilter(958)) - Added filter static_user_filter (class=org.apache.hadoop.http.lib.StaticUserWebFilter$StaticUserFilter) to context static
2019-10-16 05:54:00,958 [main] INFO  http.HttpServer2 (HttpServer2.java:addFilter(958)) - Added filter static_user_filter (class=org.apache.hadoop.http.lib.StaticUserWebFilter$StaticUserFilter) to context logs
2019-10-16 05:54:00,959 [main] INFO  http.HttpServer2 (HttpServer2.java:bindListener(1191)) - Jetty bound to port 41829
2019-10-16 05:54:00,959 [main] INFO  server.Server (Server.java:doStart(351)) - jetty-9.3.25.v20180904, build timestamp: 2018-09-04T21:11:46Z, git hash: 3ce520221d0240229c862b122d2b06c12a625732
2019-10-16 05:54:00,961 [main] INFO  handler.ContextHandler (ContextHandler.java:doStart(781)) - Started o.e.j.s.ServletContextHandler@1bc0d349{/logs,file:///workdir/hadoop-ozone/integration-test/target/log,AVAILABLE}
2019-10-16 05:54:00,962 [main] INFO  handler.ContextHandler (ContextHandler.java:doStart(781)) - Started o.e.j.s.ServletContextHandler@5292ceca{/static,jar:file:/home/user/.m2/repository/org/apache/hadoop/hadoop-hdds-container-service/0.5.0-SNAPSHOT/hadoop-hdds-container-service-0.5.0-SNAPSHOT.jar!/webapps/static,AVAILABLE}
2019-10-16 05:54:00,989 [main] INFO  handler.ContextHandler (ContextHandler.java:doStart(781)) - Started o.e.j.w.WebAppContext@62db3891{/,file:///tmp/jetty-0.0.0.0-41829-hddsDatanode-_-any-7957024656365928691.dir/webapp/,AVAILABLE}{/hddsDatanode}
2019-10-16 05:54:00,989 [main] INFO  server.AbstractConnector (AbstractConnector.java:doStart(278)) - Started ServerConnector@61cd1c71{HTTP/1.1,[http/1.1]}{0.0.0.0:41829}
2019-10-16 05:54:00,990 [main] INFO  server.Server (Server.java:doStart(419)) - Started @5245ms
2019-10-16 05:54:00,990 [main] WARN  impl.MetricsSystemImpl (MetricsSystemImpl.java:register(276)) - Sink prometheus already exists!
2019-10-16 05:54:00,991 [main] INFO  server.BaseHttpServer (BaseHttpServer.java:updateConnectorAddress(215)) - HTTP server of HDDSDATANODE is listening at http://0.0.0.0:41829
2019-10-16 05:54:00,992 [main] INFO  impl.MetricsSystemImpl (MetricsSystemImpl.java:init(158)) - HddsDatanode metrics system started (again)
2019-10-16 05:54:00,994 [main] INFO  ozone.HddsDatanodeService (HddsDatanodeService.java:start(184)) - HddsDatanodeService host:pr-hdds-2312-q6qzp-1535798719 ip:192.168.69.104
2019-10-16 05:54:00,998 [org.apache.hadoop.util.JvmPauseMonitor$Monitor@74e31e07] INFO  util.JvmPauseMonitor (JvmPauseMonitor.java:run(188)) - Starting JVM pause monitor
2019-10-16 05:54:01,003 [main] INFO  volume.HddsVolume (HddsVolume.java:<init>(176)) - Creating Volume: /workdir/hadoop-ozone/integration-test/target/test-dir/MiniOzoneClusterImpl-a7ed491f-9e2a-49d2-8991-52926c770a07/datanode-1/data/containers/hdds of  storage type : DISK and capacity : 1482555576320
2019-10-16 05:54:01,004 [main] INFO  volume.VolumeSet (VolumeSet.java:initializeVolumeSet(170)) - Added Volume : /workdir/hadoop-ozone/integration-test/target/test-dir/MiniOzoneClusterImpl-a7ed491f-9e2a-49d2-8991-52926c770a07/datanode-1/data/containers/hdds to VolumeSet
2019-10-16 05:54:01,004 [main] INFO  volume.ThrottledAsyncChecker (ThrottledAsyncChecker.java:schedule(141)) - Scheduling a check for /workdir/hadoop-ozone/integration-test/target/test-dir/MiniOzoneClusterImpl-a7ed491f-9e2a-49d2-8991-52926c770a07/datanode-1/data/containers/hdds
2019-10-16 05:54:01,004 [main] INFO  volume.HddsVolumeChecker (HddsVolumeChecker.java:checkAllVolumes(204)) - Scheduled health check for volume /workdir/hadoop-ozone/integration-test/target/test-dir/MiniOzoneClusterImpl-a7ed491f-9e2a-49d2-8991-52926c770a07/datanode-1/data/containers/hdds
2019-10-16 05:54:01,016 [main] INFO  impl.RaftServerProxy (ConfUtils.java:logGet(43)) - raft.rpc.type = GRPC (default)
2019-10-16 05:54:01,016 [main] INFO  grpc.GrpcFactory (GrpcFactory.java:checkPooledByteBufAllocatorUseCacheForAllThreads(45)) - PERFORMANCE WARNING: useCacheForAllThreads is true that may cause Netty to create a lot garbage objects and, as a result, trigger GC.
	It is recommended to disable useCacheForAllThreads by setting -Dorg.apache.ratis.thirdparty.io.netty.allocator.useCacheForAllThreads=false in command line.
2019-10-16 05:54:01,016 [main] INFO  grpc.GrpcConfigKeys$Server (ConfUtils.java:logGet(43)) - raft.grpc.server.port = 0 (default)
2019-10-16 05:54:01,017 [main] INFO  server.GrpcService (ConfUtils.java:logGet(43)) - raft.grpc.message.size.max = 33570816 (custom)
2019-10-16 05:54:01,017 [main] INFO  server.RaftServerConfigKeys (ConfUtils.java:logGet(43)) - raft.server.log.appender.buffer.byte-limit = 33554432 (custom)
2019-10-16 05:54:01,017 [main] INFO  server.GrpcService (ConfUtils.java:logGet(43)) - raft.grpc.flow.control.window = 1MB (=1048576) (default)
2019-10-16 05:54:01,017 [main] INFO  server.RaftServerConfigKeys (ConfUtils.java:logGet(43)) - raft.server.rpc.request.timeout = 3000ms (default)
2019-10-16 05:54:01,017 [main] INFO  server.RaftServerConfigKeys (ConfUtils.java:logGet(43)) - raft.server.storage.dir = [/workdir/hadoop-ozone/integration-test/target/test-dir/MiniOzoneClusterImpl-a7ed491f-9e2a-49d2-8991-52926c770a07/datanode-1/data/ratis] (custom)
2019-10-16 05:54:01,019 [main] INFO  hdfs.DFSUtil (DFSUtil.java:httpServerTemplateForNNAndJN(1641)) - Starting Web-server for hddsDatanode at: http://0.0.0.0:0
2019-10-16 05:54:01,020 [main] INFO  server.AuthenticationFilter (AuthenticationFilter.java:constructSecretProvider(240)) - Unable to initialize FileSignerSecretProvider, falling back to use random secrets.
2019-10-16 05:54:01,020 [main] WARN  http.HttpRequestLog (HttpRequestLog.java:getRequestLog(97)) - Jetty request log can only be enabled using Log4j
2019-10-16 05:54:01,021 [main] INFO  http.HttpServer2 (HttpServer2.java:addGlobalFilter(975)) - Added global filter 'safety' (class=org.apache.hadoop.http.HttpServer2$QuotingInputFilter)
2019-10-16 05:54:01,022 [main] INFO  http.HttpServer2 (HttpServer2.java:addFilter(948)) - Added filter static_user_filter (class=org.apache.hadoop.http.lib.StaticUserWebFilter$StaticUserFilter) to context hddsDatanode
2019-10-16 05:54:01,022 [main] INFO  http.HttpServer2 (HttpServer2.java:addFilter(958)) - Added filter static_user_filter (class=org.apache.hadoop.http.lib.StaticUserWebFilter$StaticUserFilter) to context logs
2019-10-16 05:54:01,022 [main] INFO  http.HttpServer2 (HttpServer2.java:addFilter(958)) - Added filter static_user_filter (class=org.apache.hadoop.http.lib.StaticUserWebFilter$StaticUserFilter) to context static
2019-10-16 05:54:01,023 [main] INFO  http.HttpServer2 (HttpServer2.java:bindListener(1191)) - Jetty bound to port 36521
2019-10-16 05:54:01,023 [main] INFO  server.Server (Server.java:doStart(351)) - jetty-9.3.25.v20180904, build timestamp: 2018-09-04T21:11:46Z, git hash: 3ce520221d0240229c862b122d2b06c12a625732
2019-10-16 05:54:01,026 [main] INFO  handler.ContextHandler (ContextHandler.java:doStart(781)) - Started o.e.j.s.ServletContextHandler@277bf091{/logs,file:///workdir/hadoop-ozone/integration-test/target/log,AVAILABLE}
2019-10-16 05:54:01,026 [main] INFO  handler.ContextHandler (ContextHandler.java:doStart(781)) - Started o.e.j.s.ServletContextHandler@6a094db2{/static,jar:file:/home/user/.m2/repository/org/apache/hadoop/hadoop-hdds-container-service/0.5.0-SNAPSHOT/hadoop-hdds-container-service-0.5.0-SNAPSHOT.jar!/webapps/static,AVAILABLE}
2019-10-16 05:54:01,051 [main] INFO  handler.ContextHandler (ContextHandler.java:doStart(781)) - Started o.e.j.w.WebAppContext@508a65bf{/,file:///tmp/jetty-0.0.0.0-36521-hddsDatanode-_-any-8941009886490398770.dir/webapp/,AVAILABLE}{/hddsDatanode}
2019-10-16 05:54:01,052 [main] INFO  server.AbstractConnector (AbstractConnector.java:doStart(278)) - Started ServerConnector@17f2dd85{HTTP/1.1,[http/1.1]}{0.0.0.0:36521}
2019-10-16 05:54:01,052 [main] INFO  server.Server (Server.java:doStart(419)) - Started @5307ms
2019-10-16 05:54:01,052 [main] WARN  impl.MetricsSystemImpl (MetricsSystemImpl.java:register(276)) - Sink prometheus already exists!
2019-10-16 05:54:01,054 [main] INFO  server.BaseHttpServer (BaseHttpServer.java:updateConnectorAddress(215)) - HTTP server of HDDSDATANODE is listening at http://0.0.0.0:36521
2019-10-16 05:54:01,054 [main] INFO  impl.MetricsSystemImpl (MetricsSystemImpl.java:init(158)) - HddsDatanode metrics system started (again)
2019-10-16 05:54:01,056 [main] INFO  ozone.HddsDatanodeService (HddsDatanodeService.java:start(184)) - HddsDatanodeService host:pr-hdds-2312-q6qzp-1535798719 ip:192.168.69.104
2019-10-16 05:54:01,057 [org.apache.hadoop.util.JvmPauseMonitor$Monitor@2f825177] INFO  util.JvmPauseMonitor (JvmPauseMonitor.java:run(188)) - Starting JVM pause monitor
2019-10-16 05:54:01,065 [main] INFO  volume.HddsVolume (HddsVolume.java:<init>(176)) - Creating Volume: /workdir/hadoop-ozone/integration-test/target/test-dir/MiniOzoneClusterImpl-a7ed491f-9e2a-49d2-8991-52926c770a07/datanode-2/data/containers/hdds of  storage type : DISK and capacity : 1482555576320
2019-10-16 05:54:01,065 [main] INFO  volume.VolumeSet (VolumeSet.java:initializeVolumeSet(170)) - Added Volume : /workdir/hadoop-ozone/integration-test/target/test-dir/MiniOzoneClusterImpl-a7ed491f-9e2a-49d2-8991-52926c770a07/datanode-2/data/containers/hdds to VolumeSet
2019-10-16 05:54:01,065 [main] INFO  volume.ThrottledAsyncChecker (ThrottledAsyncChecker.java:schedule(141)) - Scheduling a check for /workdir/hadoop-ozone/integration-test/target/test-dir/MiniOzoneClusterImpl-a7ed491f-9e2a-49d2-8991-52926c770a07/datanode-2/data/containers/hdds
2019-10-16 05:54:01,066 [main] INFO  volume.HddsVolumeChecker (HddsVolumeChecker.java:checkAllVolumes(204)) - Scheduled health check for volume /workdir/hadoop-ozone/integration-test/target/test-dir/MiniOzoneClusterImpl-a7ed491f-9e2a-49d2-8991-52926c770a07/datanode-2/data/containers/hdds
2019-10-16 05:54:01,076 [main] INFO  impl.RaftServerProxy (ConfUtils.java:logGet(43)) - raft.rpc.type = GRPC (default)
2019-10-16 05:54:01,076 [main] INFO  grpc.GrpcFactory (GrpcFactory.java:checkPooledByteBufAllocatorUseCacheForAllThreads(45)) - PERFORMANCE WARNING: useCacheForAllThreads is true that may cause Netty to create a lot garbage objects and, as a result, trigger GC.
	It is recommended to disable useCacheForAllThreads by setting -Dorg.apache.ratis.thirdparty.io.netty.allocator.useCacheForAllThreads=false in command line.
2019-10-16 05:54:01,076 [main] INFO  grpc.GrpcConfigKeys$Server (ConfUtils.java:logGet(43)) - raft.grpc.server.port = 0 (default)
2019-10-16 05:54:01,076 [main] INFO  server.GrpcService (ConfUtils.java:logGet(43)) - raft.grpc.message.size.max = 33570816 (custom)
2019-10-16 05:54:01,077 [main] INFO  server.RaftServerConfigKeys (ConfUtils.java:logGet(43)) - raft.server.log.appender.buffer.byte-limit = 33554432 (custom)
2019-10-16 05:54:01,077 [main] INFO  server.GrpcService (ConfUtils.java:logGet(43)) - raft.grpc.flow.control.window = 1MB (=1048576) (default)
2019-10-16 05:54:01,077 [main] INFO  server.RaftServerConfigKeys (ConfUtils.java:logGet(43)) - raft.server.rpc.request.timeout = 3000ms (default)
2019-10-16 05:54:01,077 [main] INFO  server.RaftServerConfigKeys (ConfUtils.java:logGet(43)) - raft.server.storage.dir = [/workdir/hadoop-ozone/integration-test/target/test-dir/MiniOzoneClusterImpl-a7ed491f-9e2a-49d2-8991-52926c770a07/datanode-2/data/ratis] (custom)
2019-10-16 05:54:01,079 [main] INFO  hdfs.DFSUtil (DFSUtil.java:httpServerTemplateForNNAndJN(1641)) - Starting Web-server for hddsDatanode at: http://0.0.0.0:0
2019-10-16 05:54:01,080 [main] INFO  server.AuthenticationFilter (AuthenticationFilter.java:constructSecretProvider(240)) - Unable to initialize FileSignerSecretProvider, falling back to use random secrets.
2019-10-16 05:54:01,081 [main] WARN  http.HttpRequestLog (HttpRequestLog.java:getRequestLog(97)) - Jetty request log can only be enabled using Log4j
2019-10-16 05:54:01,082 [main] INFO  http.HttpServer2 (HttpServer2.java:addGlobalFilter(975)) - Added global filter 'safety' (class=org.apache.hadoop.http.HttpServer2$QuotingInputFilter)
2019-10-16 05:54:01,082 [main] INFO  http.HttpServer2 (HttpServer2.java:addFilter(948)) - Added filter static_user_filter (class=org.apache.hadoop.http.lib.StaticUserWebFilter$StaticUserFilter) to context hddsDatanode
2019-10-16 05:54:01,082 [main] INFO  http.HttpServer2 (HttpServer2.java:addFilter(958)) - Added filter static_user_filter (class=org.apache.hadoop.http.lib.StaticUserWebFilter$StaticUserFilter) to context logs
2019-10-16 05:54:01,082 [main] INFO  http.HttpServer2 (HttpServer2.java:addFilter(958)) - Added filter static_user_filter (class=org.apache.hadoop.http.lib.StaticUserWebFilter$StaticUserFilter) to context static
2019-10-16 05:54:01,083 [main] INFO  http.HttpServer2 (HttpServer2.java:bindListener(1191)) - Jetty bound to port 35567
2019-10-16 05:54:01,083 [main] INFO  server.Server (Server.java:doStart(351)) - jetty-9.3.25.v20180904, build timestamp: 2018-09-04T21:11:46Z, git hash: 3ce520221d0240229c862b122d2b06c12a625732
2019-10-16 05:54:01,085 [main] INFO  handler.ContextHandler (ContextHandler.java:doStart(781)) - Started o.e.j.s.ServletContextHandler@4eba373c{/logs,file:///workdir/hadoop-ozone/integration-test/target/log,AVAILABLE}
2019-10-16 05:54:01,085 [main] INFO  handler.ContextHandler (ContextHandler.java:doStart(781)) - Started o.e.j.s.ServletContextHandler@d109c4f{/static,jar:file:/home/user/.m2/repository/org/apache/hadoop/hadoop-hdds-container-service/0.5.0-SNAPSHOT/hadoop-hdds-container-service-0.5.0-SNAPSHOT.jar!/webapps/static,AVAILABLE}
2019-10-16 05:54:01,111 [Datanode State Machine Thread - 0] INFO  datanode.InitDatanodeState (InitDatanodeState.java:persistContainerDatanodeDetails(140)) - DatanodeDetails is persisted to /workdir/hadoop-ozone/integration-test/target/test-dir/MiniOzoneClusterImpl-a7ed491f-9e2a-49d2-8991-52926c770a07/datanode-0/meta/datanode.id
2019-10-16 05:54:01,112 [main] INFO  handler.ContextHandler (ContextHandler.java:doStart(781)) - Started o.e.j.w.WebAppContext@80bfdc6{/,file:///tmp/jetty-0.0.0.0-35567-hddsDatanode-_-any-5145641900465748692.dir/webapp/,AVAILABLE}{/hddsDatanode}
2019-10-16 05:54:01,114 [main] INFO  server.AbstractConnector (AbstractConnector.java:doStart(278)) - Started ServerConnector@6edcad64{HTTP/1.1,[http/1.1]}{0.0.0.0:35567}
2019-10-16 05:54:01,115 [main] INFO  server.Server (Server.java:doStart(419)) - Started @5370ms
2019-10-16 05:54:01,116 [main] WARN  impl.MetricsSystemImpl (MetricsSystemImpl.java:register(276)) - Sink prometheus already exists!
2019-10-16 05:54:01,116 [Datanode State Machine Thread - 0] INFO  datanode.InitDatanodeState (InitDatanodeState.java:persistContainerDatanodeDetails(140)) - DatanodeDetails is persisted to /workdir/hadoop-ozone/integration-test/target/test-dir/MiniOzoneClusterImpl-a7ed491f-9e2a-49d2-8991-52926c770a07/datanode-1/meta/datanode.id
2019-10-16 05:54:01,116 [main] INFO  server.BaseHttpServer (BaseHttpServer.java:updateConnectorAddress(215)) - HTTP server of HDDSDATANODE is listening at http://0.0.0.0:35567
2019-10-16 05:54:01,117 [main] INFO  impl.MetricsSystemImpl (MetricsSystemImpl.java:init(158)) - HddsDatanode metrics system started (again)
2019-10-16 05:54:01,119 [main] INFO  ozone.HddsDatanodeService (HddsDatanodeService.java:start(184)) - HddsDatanodeService host:pr-hdds-2312-q6qzp-1535798719 ip:192.168.69.104
2019-10-16 05:54:01,120 [org.apache.hadoop.util.JvmPauseMonitor$Monitor@4083e4e] INFO  util.JvmPauseMonitor (JvmPauseMonitor.java:run(188)) - Starting JVM pause monitor
2019-10-16 05:54:01,123 [Datanode State Machine Thread - 0] INFO  datanode.InitDatanodeState (InitDatanodeState.java:persistContainerDatanodeDetails(140)) - DatanodeDetails is persisted to /workdir/hadoop-ozone/integration-test/target/test-dir/MiniOzoneClusterImpl-a7ed491f-9e2a-49d2-8991-52926c770a07/datanode-2/meta/datanode.id
2019-10-16 05:54:01,127 [main] INFO  volume.HddsVolume (HddsVolume.java:<init>(176)) - Creating Volume: /workdir/hadoop-ozone/integration-test/target/test-dir/MiniOzoneClusterImpl-a7ed491f-9e2a-49d2-8991-52926c770a07/datanode-3/data/containers/hdds of  storage type : DISK and capacity : 1482555576320
2019-10-16 05:54:01,127 [main] INFO  volume.VolumeSet (VolumeSet.java:initializeVolumeSet(170)) - Added Volume : /workdir/hadoop-ozone/integration-test/target/test-dir/MiniOzoneClusterImpl-a7ed491f-9e2a-49d2-8991-52926c770a07/datanode-3/data/containers/hdds to VolumeSet
2019-10-16 05:54:01,127 [main] INFO  volume.ThrottledAsyncChecker (ThrottledAsyncChecker.java:schedule(141)) - Scheduling a check for /workdir/hadoop-ozone/integration-test/target/test-dir/MiniOzoneClusterImpl-a7ed491f-9e2a-49d2-8991-52926c770a07/datanode-3/data/containers/hdds
2019-10-16 05:54:01,128 [main] INFO  volume.HddsVolumeChecker (HddsVolumeChecker.java:checkAllVolumes(204)) - Scheduled health check for volume /workdir/hadoop-ozone/integration-test/target/test-dir/MiniOzoneClusterImpl-a7ed491f-9e2a-49d2-8991-52926c770a07/datanode-3/data/containers/hdds
2019-10-16 05:54:01,138 [main] INFO  impl.RaftServerProxy (ConfUtils.java:logGet(43)) - raft.rpc.type = GRPC (default)
2019-10-16 05:54:01,138 [main] INFO  grpc.GrpcFactory (GrpcFactory.java:checkPooledByteBufAllocatorUseCacheForAllThreads(45)) - PERFORMANCE WARNING: useCacheForAllThreads is true that may cause Netty to create a lot garbage objects and, as a result, trigger GC.
	It is recommended to disable useCacheForAllThreads by setting -Dorg.apache.ratis.thirdparty.io.netty.allocator.useCacheForAllThreads=false in command line.
2019-10-16 05:54:01,138 [main] INFO  grpc.GrpcConfigKeys$Server (ConfUtils.java:logGet(43)) - raft.grpc.server.port = 0 (default)
2019-10-16 05:54:01,138 [main] INFO  server.GrpcService (ConfUtils.java:logGet(43)) - raft.grpc.message.size.max = 33570816 (custom)
2019-10-16 05:54:01,139 [main] INFO  server.RaftServerConfigKeys (ConfUtils.java:logGet(43)) - raft.server.log.appender.buffer.byte-limit = 33554432 (custom)
2019-10-16 05:54:01,139 [main] INFO  server.GrpcService (ConfUtils.java:logGet(43)) - raft.grpc.flow.control.window = 1MB (=1048576) (default)
2019-10-16 05:54:01,139 [main] INFO  server.RaftServerConfigKeys (ConfUtils.java:logGet(43)) - raft.server.rpc.request.timeout = 3000ms (default)
2019-10-16 05:54:01,139 [main] INFO  server.RaftServerConfigKeys (ConfUtils.java:logGet(43)) - raft.server.storage.dir = [/workdir/hadoop-ozone/integration-test/target/test-dir/MiniOzoneClusterImpl-a7ed491f-9e2a-49d2-8991-52926c770a07/datanode-3/data/ratis] (custom)
2019-10-16 05:54:01,141 [main] INFO  hdfs.DFSUtil (DFSUtil.java:httpServerTemplateForNNAndJN(1641)) - Starting Web-server for hddsDatanode at: http://0.0.0.0:0
2019-10-16 05:54:01,142 [main] INFO  server.AuthenticationFilter (AuthenticationFilter.java:constructSecretProvider(240)) - Unable to initialize FileSignerSecretProvider, falling back to use random secrets.
2019-10-16 05:54:01,142 [main] WARN  http.HttpRequestLog (HttpRequestLog.java:getRequestLog(97)) - Jetty request log can only be enabled using Log4j
2019-10-16 05:54:01,143 [main] INFO  http.HttpServer2 (HttpServer2.java:addGlobalFilter(975)) - Added global filter 'safety' (class=org.apache.hadoop.http.HttpServer2$QuotingInputFilter)
2019-10-16 05:54:01,143 [main] INFO  http.HttpServer2 (HttpServer2.java:addFilter(948)) - Added filter static_user_filter (class=org.apache.hadoop.http.lib.StaticUserWebFilter$StaticUserFilter) to context hddsDatanode
2019-10-16 05:54:01,144 [main] INFO  http.HttpServer2 (HttpServer2.java:addFilter(958)) - Added filter static_user_filter (class=org.apache.hadoop.http.lib.StaticUserWebFilter$StaticUserFilter) to context logs
2019-10-16 05:54:01,144 [main] INFO  http.HttpServer2 (HttpServer2.java:addFilter(958)) - Added filter static_user_filter (class=org.apache.hadoop.http.lib.StaticUserWebFilter$StaticUserFilter) to context static
2019-10-16 05:54:01,144 [main] INFO  http.HttpServer2 (HttpServer2.java:bindListener(1191)) - Jetty bound to port 33202
2019-10-16 05:54:01,144 [main] INFO  server.Server (Server.java:doStart(351)) - jetty-9.3.25.v20180904, build timestamp: 2018-09-04T21:11:46Z, git hash: 3ce520221d0240229c862b122d2b06c12a625732
2019-10-16 05:54:01,147 [main] INFO  handler.ContextHandler (ContextHandler.java:doStart(781)) - Started o.e.j.s.ServletContextHandler@c27a3a2{/logs,file:///workdir/hadoop-ozone/integration-test/target/log,AVAILABLE}
2019-10-16 05:54:01,148 [main] INFO  handler.ContextHandler (ContextHandler.java:doStart(781)) - Started o.e.j.s.ServletContextHandler@1a2bcd56{/static,jar:file:/home/user/.m2/repository/org/apache/hadoop/hadoop-hdds-container-service/0.5.0-SNAPSHOT/hadoop-hdds-container-service-0.5.0-SNAPSHOT.jar!/webapps/static,AVAILABLE}
2019-10-16 05:54:01,171 [main] INFO  handler.ContextHandler (ContextHandler.java:doStart(781)) - Started o.e.j.w.WebAppContext@52d97ab6{/,file:///tmp/jetty-0.0.0.0-33202-hddsDatanode-_-any-6803692684649025184.dir/webapp/,AVAILABLE}{/hddsDatanode}
2019-10-16 05:54:01,171 [main] INFO  server.AbstractConnector (AbstractConnector.java:doStart(278)) - Started ServerConnector@4da6d664{HTTP/1.1,[http/1.1]}{0.0.0.0:33202}
2019-10-16 05:54:01,172 [main] INFO  server.Server (Server.java:doStart(419)) - Started @5427ms
2019-10-16 05:54:01,172 [main] WARN  impl.MetricsSystemImpl (MetricsSystemImpl.java:register(276)) - Sink prometheus already exists!
2019-10-16 05:54:01,173 [main] INFO  server.BaseHttpServer (BaseHttpServer.java:updateConnectorAddress(215)) - HTTP server of HDDSDATANODE is listening at http://0.0.0.0:33202
2019-10-16 05:54:01,174 [main] INFO  impl.MetricsSystemImpl (MetricsSystemImpl.java:init(158)) - HddsDatanode metrics system started (again)
2019-10-16 05:54:01,178 [main] INFO  ozone.HddsDatanodeService (HddsDatanodeService.java:start(184)) - HddsDatanodeService host:pr-hdds-2312-q6qzp-1535798719 ip:192.168.69.104
2019-10-16 05:54:01,179 [org.apache.hadoop.util.JvmPauseMonitor$Monitor@4ee7b67e] INFO  util.JvmPauseMonitor (JvmPauseMonitor.java:run(188)) - Starting JVM pause monitor
2019-10-16 05:54:01,182 [Datanode State Machine Thread - 0] INFO  datanode.InitDatanodeState (InitDatanodeState.java:persistContainerDatanodeDetails(140)) - DatanodeDetails is persisted to /workdir/hadoop-ozone/integration-test/target/test-dir/MiniOzoneClusterImpl-a7ed491f-9e2a-49d2-8991-52926c770a07/datanode-3/meta/datanode.id
2019-10-16 05:54:01,188 [main] INFO  volume.HddsVolume (HddsVolume.java:<init>(176)) - Creating Volume: /workdir/hadoop-ozone/integration-test/target/test-dir/MiniOzoneClusterImpl-a7ed491f-9e2a-49d2-8991-52926c770a07/datanode-4/data/containers/hdds of  storage type : DISK and capacity : 1482555576320
2019-10-16 05:54:01,188 [main] INFO  volume.VolumeSet (VolumeSet.java:initializeVolumeSet(170)) - Added Volume : /workdir/hadoop-ozone/integration-test/target/test-dir/MiniOzoneClusterImpl-a7ed491f-9e2a-49d2-8991-52926c770a07/datanode-4/data/containers/hdds to VolumeSet
2019-10-16 05:54:01,188 [main] INFO  volume.ThrottledAsyncChecker (ThrottledAsyncChecker.java:schedule(141)) - Scheduling a check for /workdir/hadoop-ozone/integration-test/target/test-dir/MiniOzoneClusterImpl-a7ed491f-9e2a-49d2-8991-52926c770a07/datanode-4/data/containers/hdds
2019-10-16 05:54:01,188 [main] INFO  volume.HddsVolumeChecker (HddsVolumeChecker.java:checkAllVolumes(204)) - Scheduled health check for volume /workdir/hadoop-ozone/integration-test/target/test-dir/MiniOzoneClusterImpl-a7ed491f-9e2a-49d2-8991-52926c770a07/datanode-4/data/containers/hdds
2019-10-16 05:54:01,200 [main] INFO  impl.RaftServerProxy (ConfUtils.java:logGet(43)) - raft.rpc.type = GRPC (default)
2019-10-16 05:54:01,200 [main] INFO  grpc.GrpcFactory (GrpcFactory.java:checkPooledByteBufAllocatorUseCacheForAllThreads(45)) - PERFORMANCE WARNING: useCacheForAllThreads is true that may cause Netty to create a lot garbage objects and, as a result, trigger GC.
	It is recommended to disable useCacheForAllThreads by setting -Dorg.apache.ratis.thirdparty.io.netty.allocator.useCacheForAllThreads=false in command line.
2019-10-16 05:54:01,201 [main] INFO  grpc.GrpcConfigKeys$Server (ConfUtils.java:logGet(43)) - raft.grpc.server.port = 0 (default)
2019-10-16 05:54:01,201 [main] INFO  server.GrpcService (ConfUtils.java:logGet(43)) - raft.grpc.message.size.max = 33570816 (custom)
2019-10-16 05:54:01,201 [main] INFO  server.RaftServerConfigKeys (ConfUtils.java:logGet(43)) - raft.server.log.appender.buffer.byte-limit = 33554432 (custom)
2019-10-16 05:54:01,201 [main] INFO  server.GrpcService (ConfUtils.java:logGet(43)) - raft.grpc.flow.control.window = 1MB (=1048576) (default)
2019-10-16 05:54:01,201 [main] INFO  server.RaftServerConfigKeys (ConfUtils.java:logGet(43)) - raft.server.rpc.request.timeout = 3000ms (default)
2019-10-16 05:54:01,202 [main] INFO  server.RaftServerConfigKeys (ConfUtils.java:logGet(43)) - raft.server.storage.dir = [/workdir/hadoop-ozone/integration-test/target/test-dir/MiniOzoneClusterImpl-a7ed491f-9e2a-49d2-8991-52926c770a07/datanode-4/data/ratis] (custom)
2019-10-16 05:54:01,203 [main] INFO  hdfs.DFSUtil (DFSUtil.java:httpServerTemplateForNNAndJN(1641)) - Starting Web-server for hddsDatanode at: http://0.0.0.0:0
2019-10-16 05:54:01,204 [main] INFO  server.AuthenticationFilter (AuthenticationFilter.java:constructSecretProvider(240)) - Unable to initialize FileSignerSecretProvider, falling back to use random secrets.
2019-10-16 05:54:01,205 [main] WARN  http.HttpRequestLog (HttpRequestLog.java:getRequestLog(97)) - Jetty request log can only be enabled using Log4j
2019-10-16 05:54:01,206 [main] INFO  http.HttpServer2 (HttpServer2.java:addGlobalFilter(975)) - Added global filter 'safety' (class=org.apache.hadoop.http.HttpServer2$QuotingInputFilter)
2019-10-16 05:54:01,207 [main] INFO  http.HttpServer2 (HttpServer2.java:addFilter(948)) - Added filter static_user_filter (class=org.apache.hadoop.http.lib.StaticUserWebFilter$StaticUserFilter) to context hddsDatanode
2019-10-16 05:54:01,207 [main] INFO  http.HttpServer2 (HttpServer2.java:addFilter(958)) - Added filter static_user_filter (class=org.apache.hadoop.http.lib.StaticUserWebFilter$StaticUserFilter) to context static
2019-10-16 05:54:01,207 [main] INFO  http.HttpServer2 (HttpServer2.java:addFilter(958)) - Added filter static_user_filter (class=org.apache.hadoop.http.lib.StaticUserWebFilter$StaticUserFilter) to context logs
2019-10-16 05:54:01,208 [main] INFO  http.HttpServer2 (HttpServer2.java:bindListener(1191)) - Jetty bound to port 44314
2019-10-16 05:54:01,208 [main] INFO  server.Server (Server.java:doStart(351)) - jetty-9.3.25.v20180904, build timestamp: 2018-09-04T21:11:46Z, git hash: 3ce520221d0240229c862b122d2b06c12a625732
2019-10-16 05:54:01,210 [main] INFO  handler.ContextHandler (ContextHandler.java:doStart(781)) - Started o.e.j.s.ServletContextHandler@7100dea{/logs,file:///workdir/hadoop-ozone/integration-test/target/log,AVAILABLE}
2019-10-16 05:54:01,210 [main] INFO  handler.ContextHandler (ContextHandler.java:doStart(781)) - Started o.e.j.s.ServletContextHandler@32e54a9d{/static,jar:file:/home/user/.m2/repository/org/apache/hadoop/hadoop-hdds-container-service/0.5.0-SNAPSHOT/hadoop-hdds-container-service-0.5.0-SNAPSHOT.jar!/webapps/static,AVAILABLE}
2019-10-16 05:54:01,239 [main] INFO  handler.ContextHandler (ContextHandler.java:doStart(781)) - Started o.e.j.w.WebAppContext@588f63c{/,file:///tmp/jetty-0.0.0.0-44314-hddsDatanode-_-any-3210176486777040035.dir/webapp/,AVAILABLE}{/hddsDatanode}
2019-10-16 05:54:01,240 [main] INFO  server.AbstractConnector (AbstractConnector.java:doStart(278)) - Started ServerConnector@5a6fa56e{HTTP/1.1,[http/1.1]}{0.0.0.0:44314}
2019-10-16 05:54:01,240 [main] INFO  server.Server (Server.java:doStart(419)) - Started @5495ms
2019-10-16 05:54:01,240 [main] WARN  impl.MetricsSystemImpl (MetricsSystemImpl.java:register(276)) - Sink prometheus already exists!
2019-10-16 05:54:01,241 [main] INFO  server.BaseHttpServer (BaseHttpServer.java:updateConnectorAddress(215)) - HTTP server of HDDSDATANODE is listening at http://0.0.0.0:44314
2019-10-16 05:54:01,242 [main] INFO  impl.MetricsSystemImpl (MetricsSystemImpl.java:init(158)) - HddsDatanode metrics system started (again)
2019-10-16 05:54:01,245 [main] INFO  ozone.HddsDatanodeService (HddsDatanodeService.java:start(184)) - HddsDatanodeService host:pr-hdds-2312-q6qzp-1535798719 ip:192.168.69.104
2019-10-16 05:54:01,245 [org.apache.hadoop.util.JvmPauseMonitor$Monitor@720dbf82] INFO  util.JvmPauseMonitor (JvmPauseMonitor.java:run(188)) - Starting JVM pause monitor
2019-10-16 05:54:01,250 [Datanode State Machine Thread - 0] INFO  datanode.InitDatanodeState (InitDatanodeState.java:persistContainerDatanodeDetails(140)) - DatanodeDetails is persisted to /workdir/hadoop-ozone/integration-test/target/test-dir/MiniOzoneClusterImpl-a7ed491f-9e2a-49d2-8991-52926c770a07/datanode-4/meta/datanode.id
2019-10-16 05:54:01,255 [main] INFO  volume.HddsVolume (HddsVolume.java:<init>(176)) - Creating Volume: /workdir/hadoop-ozone/integration-test/target/test-dir/MiniOzoneClusterImpl-a7ed491f-9e2a-49d2-8991-52926c770a07/datanode-5/data/containers/hdds of  storage type : DISK and capacity : 1482555576320
2019-10-16 05:54:01,255 [main] INFO  volume.VolumeSet (VolumeSet.java:initializeVolumeSet(170)) - Added Volume : /workdir/hadoop-ozone/integration-test/target/test-dir/MiniOzoneClusterImpl-a7ed491f-9e2a-49d2-8991-52926c770a07/datanode-5/data/containers/hdds to VolumeSet
2019-10-16 05:54:01,255 [main] INFO  volume.ThrottledAsyncChecker (ThrottledAsyncChecker.java:schedule(141)) - Scheduling a check for /workdir/hadoop-ozone/integration-test/target/test-dir/MiniOzoneClusterImpl-a7ed491f-9e2a-49d2-8991-52926c770a07/datanode-5/data/containers/hdds
2019-10-16 05:54:01,256 [main] INFO  volume.HddsVolumeChecker (HddsVolumeChecker.java:checkAllVolumes(204)) - Scheduled health check for volume /workdir/hadoop-ozone/integration-test/target/test-dir/MiniOzoneClusterImpl-a7ed491f-9e2a-49d2-8991-52926c770a07/datanode-5/data/containers/hdds
2019-10-16 05:54:01,279 [main] INFO  impl.RaftServerProxy (ConfUtils.java:logGet(43)) - raft.rpc.type = GRPC (default)
2019-10-16 05:54:01,280 [main] INFO  grpc.GrpcFactory (GrpcFactory.java:checkPooledByteBufAllocatorUseCacheForAllThreads(45)) - PERFORMANCE WARNING: useCacheForAllThreads is true that may cause Netty to create a lot garbage objects and, as a result, trigger GC.
	It is recommended to disable useCacheForAllThreads by setting -Dorg.apache.ratis.thirdparty.io.netty.allocator.useCacheForAllThreads=false in command line.
2019-10-16 05:54:01,280 [main] INFO  grpc.GrpcConfigKeys$Server (ConfUtils.java:logGet(43)) - raft.grpc.server.port = 0 (default)
2019-10-16 05:54:01,280 [main] INFO  server.GrpcService (ConfUtils.java:logGet(43)) - raft.grpc.message.size.max = 33570816 (custom)
2019-10-16 05:54:01,281 [main] INFO  server.RaftServerConfigKeys (ConfUtils.java:logGet(43)) - raft.server.log.appender.buffer.byte-limit = 33554432 (custom)
2019-10-16 05:54:01,281 [main] INFO  server.GrpcService (ConfUtils.java:logGet(43)) - raft.grpc.flow.control.window = 1MB (=1048576) (default)
2019-10-16 05:54:01,281 [main] INFO  server.RaftServerConfigKeys (ConfUtils.java:logGet(43)) - raft.server.rpc.request.timeout = 3000ms (default)
2019-10-16 05:54:01,282 [main] INFO  server.RaftServerConfigKeys (ConfUtils.java:logGet(43)) - raft.server.storage.dir = [/workdir/hadoop-ozone/integration-test/target/test-dir/MiniOzoneClusterImpl-a7ed491f-9e2a-49d2-8991-52926c770a07/datanode-5/data/ratis] (custom)
2019-10-16 05:54:01,285 [main] INFO  hdfs.DFSUtil (DFSUtil.java:httpServerTemplateForNNAndJN(1641)) - Starting Web-server for hddsDatanode at: http://0.0.0.0:0
2019-10-16 05:54:01,287 [main] INFO  server.AuthenticationFilter (AuthenticationFilter.java:constructSecretProvider(240)) - Unable to initialize FileSignerSecretProvider, falling back to use random secrets.
2019-10-16 05:54:01,288 [main] WARN  http.HttpRequestLog (HttpRequestLog.java:getRequestLog(97)) - Jetty request log can only be enabled using Log4j
2019-10-16 05:54:01,292 [main] INFO  http.HttpServer2 (HttpServer2.java:addGlobalFilter(975)) - Added global filter 'safety' (class=org.apache.hadoop.http.HttpServer2$QuotingInputFilter)
2019-10-16 05:54:01,293 [main] INFO  http.HttpServer2 (HttpServer2.java:addFilter(948)) - Added filter static_user_filter (class=org.apache.hadoop.http.lib.StaticUserWebFilter$StaticUserFilter) to context hddsDatanode
2019-10-16 05:54:01,293 [main] INFO  http.HttpServer2 (HttpServer2.java:addFilter(958)) - Added filter static_user_filter (class=org.apache.hadoop.http.lib.StaticUserWebFilter$StaticUserFilter) to context logs
2019-10-16 05:54:01,294 [main] INFO  http.HttpServer2 (HttpServer2.java:addFilter(958)) - Added filter static_user_filter (class=org.apache.hadoop.http.lib.StaticUserWebFilter$StaticUserFilter) to context static
2019-10-16 05:54:01,295 [main] INFO  http.HttpServer2 (HttpServer2.java:bindListener(1191)) - Jetty bound to port 34031
2019-10-16 05:54:01,296 [main] INFO  server.Server (Server.java:doStart(351)) - jetty-9.3.25.v20180904, build timestamp: 2018-09-04T21:11:46Z, git hash: 3ce520221d0240229c862b122d2b06c12a625732
2019-10-16 05:54:01,298 [main] INFO  handler.ContextHandler (ContextHandler.java:doStart(781)) - Started o.e.j.s.ServletContextHandler@1305c126{/logs,file:///workdir/hadoop-ozone/integration-test/target/log,AVAILABLE}
2019-10-16 05:54:01,299 [main] INFO  handler.ContextHandler (ContextHandler.java:doStart(781)) - Started o.e.j.s.ServletContextHandler@4c1bdcc2{/static,jar:file:/home/user/.m2/repository/org/apache/hadoop/hadoop-hdds-container-service/0.5.0-SNAPSHOT/hadoop-hdds-container-service-0.5.0-SNAPSHOT.jar!/webapps/static,AVAILABLE}
2019-10-16 05:54:01,347 [main] INFO  handler.ContextHandler (ContextHandler.java:doStart(781)) - Started o.e.j.w.WebAppContext@715b886f{/,file:///tmp/jetty-0.0.0.0-34031-hddsDatanode-_-any-2939286679493171251.dir/webapp/,AVAILABLE}{/hddsDatanode}
2019-10-16 05:54:01,348 [main] INFO  server.AbstractConnector (AbstractConnector.java:doStart(278)) - Started ServerConnector@7fb29ca9{HTTP/1.1,[http/1.1]}{0.0.0.0:34031}
2019-10-16 05:54:01,352 [main] INFO  server.Server (Server.java:doStart(419)) - Started @5607ms
2019-10-16 05:54:01,352 [main] WARN  impl.MetricsSystemImpl (MetricsSystemImpl.java:register(276)) - Sink prometheus already exists!
2019-10-16 05:54:01,353 [main] INFO  server.BaseHttpServer (BaseHttpServer.java:updateConnectorAddress(215)) - HTTP server of HDDSDATANODE is listening at http://0.0.0.0:34031
2019-10-16 05:54:01,353 [main] INFO  impl.MetricsSystemImpl (MetricsSystemImpl.java:init(158)) - HddsDatanode metrics system started (again)
2019-10-16 05:54:01,359 [org.apache.hadoop.util.JvmPauseMonitor$Monitor@32c4d324] INFO  util.JvmPauseMonitor (JvmPauseMonitor.java:run(188)) - Starting JVM pause monitor
2019-10-16 05:54:01,359 [main] INFO  ozone.HddsDatanodeService (HddsDatanodeService.java:start(184)) - HddsDatanodeService host:pr-hdds-2312-q6qzp-1535798719 ip:192.168.69.104
2019-10-16 05:54:01,364 [Datanode State Machine Thread - 0] INFO  datanode.InitDatanodeState (InitDatanodeState.java:persistContainerDatanodeDetails(140)) - DatanodeDetails is persisted to /workdir/hadoop-ozone/integration-test/target/test-dir/MiniOzoneClusterImpl-a7ed491f-9e2a-49d2-8991-52926c770a07/datanode-5/meta/datanode.id
2019-10-16 05:54:01,369 [main] INFO  volume.HddsVolume (HddsVolume.java:<init>(176)) - Creating Volume: /workdir/hadoop-ozone/integration-test/target/test-dir/MiniOzoneClusterImpl-a7ed491f-9e2a-49d2-8991-52926c770a07/datanode-6/data/containers/hdds of  storage type : DISK and capacity : 1482555576320
2019-10-16 05:54:01,369 [main] INFO  volume.VolumeSet (VolumeSet.java:initializeVolumeSet(170)) - Added Volume : /workdir/hadoop-ozone/integration-test/target/test-dir/MiniOzoneClusterImpl-a7ed491f-9e2a-49d2-8991-52926c770a07/datanode-6/data/containers/hdds to VolumeSet
2019-10-16 05:54:01,370 [main] INFO  volume.ThrottledAsyncChecker (ThrottledAsyncChecker.java:schedule(141)) - Scheduling a check for /workdir/hadoop-ozone/integration-test/target/test-dir/MiniOzoneClusterImpl-a7ed491f-9e2a-49d2-8991-52926c770a07/datanode-6/data/containers/hdds
2019-10-16 05:54:01,370 [main] INFO  volume.HddsVolumeChecker (HddsVolumeChecker.java:checkAllVolumes(204)) - Scheduled health check for volume /workdir/hadoop-ozone/integration-test/target/test-dir/MiniOzoneClusterImpl-a7ed491f-9e2a-49d2-8991-52926c770a07/datanode-6/data/containers/hdds
2019-10-16 05:54:01,387 [main] INFO  impl.RaftServerProxy (ConfUtils.java:logGet(43)) - raft.rpc.type = GRPC (default)
2019-10-16 05:54:01,388 [main] INFO  grpc.GrpcFactory (GrpcFactory.java:checkPooledByteBufAllocatorUseCacheForAllThreads(45)) - PERFORMANCE WARNING: useCacheForAllThreads is true that may cause Netty to create a lot garbage objects and, as a result, trigger GC.
	It is recommended to disable useCacheForAllThreads by setting -Dorg.apache.ratis.thirdparty.io.netty.allocator.useCacheForAllThreads=false in command line.
2019-10-16 05:54:01,388 [main] INFO  grpc.GrpcConfigKeys$Server (ConfUtils.java:logGet(43)) - raft.grpc.server.port = 0 (default)
2019-10-16 05:54:01,388 [main] INFO  server.GrpcService (ConfUtils.java:logGet(43)) - raft.grpc.message.size.max = 33570816 (custom)
2019-10-16 05:54:01,388 [main] INFO  server.RaftServerConfigKeys (ConfUtils.java:logGet(43)) - raft.server.log.appender.buffer.byte-limit = 33554432 (custom)
2019-10-16 05:54:01,389 [main] INFO  server.GrpcService (ConfUtils.java:logGet(43)) - raft.grpc.flow.control.window = 1MB (=1048576) (default)
2019-10-16 05:54:01,389 [main] INFO  server.RaftServerConfigKeys (ConfUtils.java:logGet(43)) - raft.server.rpc.request.timeout = 3000ms (default)
2019-10-16 05:54:01,390 [main] INFO  server.RaftServerConfigKeys (ConfUtils.java:logGet(43)) - raft.server.storage.dir = [/workdir/hadoop-ozone/integration-test/target/test-dir/MiniOzoneClusterImpl-a7ed491f-9e2a-49d2-8991-52926c770a07/datanode-6/data/ratis] (custom)
2019-10-16 05:54:01,391 [main] INFO  hdfs.DFSUtil (DFSUtil.java:httpServerTemplateForNNAndJN(1641)) - Starting Web-server for hddsDatanode at: http://0.0.0.0:0
2019-10-16 05:54:01,393 [main] INFO  server.AuthenticationFilter (AuthenticationFilter.java:constructSecretProvider(240)) - Unable to initialize FileSignerSecretProvider, falling back to use random secrets.
2019-10-16 05:54:01,393 [main] WARN  http.HttpRequestLog (HttpRequestLog.java:getRequestLog(97)) - Jetty request log can only be enabled using Log4j
2019-10-16 05:54:01,395 [main] INFO  http.HttpServer2 (HttpServer2.java:addGlobalFilter(975)) - Added global filter 'safety' (class=org.apache.hadoop.http.HttpServer2$QuotingInputFilter)
2019-10-16 05:54:01,396 [main] INFO  http.HttpServer2 (HttpServer2.java:addFilter(948)) - Added filter static_user_filter (class=org.apache.hadoop.http.lib.StaticUserWebFilter$StaticUserFilter) to context hddsDatanode
2019-10-16 05:54:01,396 [main] INFO  http.HttpServer2 (HttpServer2.java:addFilter(958)) - Added filter static_user_filter (class=org.apache.hadoop.http.lib.StaticUserWebFilter$StaticUserFilter) to context static
2019-10-16 05:54:01,397 [main] INFO  http.HttpServer2 (HttpServer2.java:addFilter(958)) - Added filter static_user_filter (class=org.apache.hadoop.http.lib.StaticUserWebFilter$StaticUserFilter) to context logs
2019-10-16 05:54:01,398 [main] INFO  http.HttpServer2 (HttpServer2.java:bindListener(1191)) - Jetty bound to port 39601
2019-10-16 05:54:01,398 [main] INFO  server.Server (Server.java:doStart(351)) - jetty-9.3.25.v20180904, build timestamp: 2018-09-04T21:11:46Z, git hash: 3ce520221d0240229c862b122d2b06c12a625732
2019-10-16 05:54:01,400 [main] INFO  handler.ContextHandler (ContextHandler.java:doStart(781)) - Started o.e.j.s.ServletContextHandler@6f94fb9d{/logs,file:///workdir/hadoop-ozone/integration-test/target/log,AVAILABLE}
2019-10-16 05:54:01,401 [main] INFO  handler.ContextHandler (ContextHandler.java:doStart(781)) - Started o.e.j.s.ServletContextHandler@4228bf58{/static,jar:file:/home/user/.m2/repository/org/apache/hadoop/hadoop-hdds-container-service/0.5.0-SNAPSHOT/hadoop-hdds-container-service-0.5.0-SNAPSHOT.jar!/webapps/static,AVAILABLE}
2019-10-16 05:54:01,431 [main] INFO  handler.ContextHandler (ContextHandler.java:doStart(781)) - Started o.e.j.w.WebAppContext@934b52f{/,file:///tmp/jetty-0.0.0.0-39601-hddsDatanode-_-any-3241694618272698345.dir/webapp/,AVAILABLE}{/hddsDatanode}
2019-10-16 05:54:01,433 [main] INFO  server.AbstractConnector (AbstractConnector.java:doStart(278)) - Started ServerConnector@2630dbc4{HTTP/1.1,[http/1.1]}{0.0.0.0:39601}
2019-10-16 05:54:01,433 [main] INFO  server.Server (Server.java:doStart(419)) - Started @5688ms
2019-10-16 05:54:01,433 [main] WARN  impl.MetricsSystemImpl (MetricsSystemImpl.java:register(276)) - Sink prometheus already exists!
2019-10-16 05:54:01,434 [main] INFO  server.BaseHttpServer (BaseHttpServer.java:updateConnectorAddress(215)) - HTTP server of HDDSDATANODE is listening at http://0.0.0.0:39601
2019-10-16 05:54:01,435 [main] INFO  impl.MetricsSystemImpl (MetricsSystemImpl.java:init(158)) - HddsDatanode metrics system started (again)
2019-10-16 05:54:01,439 [org.apache.hadoop.util.JvmPauseMonitor$Monitor@592d44a3] INFO  util.JvmPauseMonitor (JvmPauseMonitor.java:run(188)) - Starting JVM pause monitor
2019-10-16 05:54:01,439 [main] INFO  ozone.HddsDatanodeService (HddsDatanodeService.java:start(184)) - HddsDatanodeService host:pr-hdds-2312-q6qzp-1535798719 ip:192.168.69.104
2019-10-16 05:54:01,441 [Datanode State Machine Thread - 0] INFO  datanode.InitDatanodeState (InitDatanodeState.java:persistContainerDatanodeDetails(140)) - DatanodeDetails is persisted to /workdir/hadoop-ozone/integration-test/target/test-dir/MiniOzoneClusterImpl-a7ed491f-9e2a-49d2-8991-52926c770a07/datanode-6/meta/datanode.id
2019-10-16 05:54:01,448 [main] INFO  volume.HddsVolume (HddsVolume.java:<init>(176)) - Creating Volume: /workdir/hadoop-ozone/integration-test/target/test-dir/MiniOzoneClusterImpl-a7ed491f-9e2a-49d2-8991-52926c770a07/datanode-7/data/containers/hdds of  storage type : DISK and capacity : 1482555576320
2019-10-16 05:54:01,449 [main] INFO  volume.VolumeSet (VolumeSet.java:initializeVolumeSet(170)) - Added Volume : /workdir/hadoop-ozone/integration-test/target/test-dir/MiniOzoneClusterImpl-a7ed491f-9e2a-49d2-8991-52926c770a07/datanode-7/data/containers/hdds to VolumeSet
2019-10-16 05:54:01,449 [main] INFO  volume.ThrottledAsyncChecker (ThrottledAsyncChecker.java:schedule(141)) - Scheduling a check for /workdir/hadoop-ozone/integration-test/target/test-dir/MiniOzoneClusterImpl-a7ed491f-9e2a-49d2-8991-52926c770a07/datanode-7/data/containers/hdds
2019-10-16 05:54:01,449 [main] INFO  volume.HddsVolumeChecker (HddsVolumeChecker.java:checkAllVolumes(204)) - Scheduled health check for volume /workdir/hadoop-ozone/integration-test/target/test-dir/MiniOzoneClusterImpl-a7ed491f-9e2a-49d2-8991-52926c770a07/datanode-7/data/containers/hdds
2019-10-16 05:54:01,463 [main] INFO  impl.RaftServerProxy (ConfUtils.java:logGet(43)) - raft.rpc.type = GRPC (default)
2019-10-16 05:54:01,463 [main] INFO  grpc.GrpcFactory (GrpcFactory.java:checkPooledByteBufAllocatorUseCacheForAllThreads(45)) - PERFORMANCE WARNING: useCacheForAllThreads is true that may cause Netty to create a lot garbage objects and, as a result, trigger GC.
	It is recommended to disable useCacheForAllThreads by setting -Dorg.apache.ratis.thirdparty.io.netty.allocator.useCacheForAllThreads=false in command line.
2019-10-16 05:54:01,463 [main] INFO  grpc.GrpcConfigKeys$Server (ConfUtils.java:logGet(43)) - raft.grpc.server.port = 0 (default)
2019-10-16 05:54:01,463 [main] INFO  server.GrpcService (ConfUtils.java:logGet(43)) - raft.grpc.message.size.max = 33570816 (custom)
2019-10-16 05:54:01,463 [main] INFO  server.RaftServerConfigKeys (ConfUtils.java:logGet(43)) - raft.server.log.appender.buffer.byte-limit = 33554432 (custom)
2019-10-16 05:54:01,464 [main] INFO  server.GrpcService (ConfUtils.java:logGet(43)) - raft.grpc.flow.control.window = 1MB (=1048576) (default)
2019-10-16 05:54:01,464 [main] INFO  server.RaftServerConfigKeys (ConfUtils.java:logGet(43)) - raft.server.rpc.request.timeout = 3000ms (default)
2019-10-16 05:54:01,464 [main] INFO  server.RaftServerConfigKeys (ConfUtils.java:logGet(43)) - raft.server.storage.dir = [/workdir/hadoop-ozone/integration-test/target/test-dir/MiniOzoneClusterImpl-a7ed491f-9e2a-49d2-8991-52926c770a07/datanode-7/data/ratis] (custom)
2019-10-16 05:54:01,466 [main] INFO  hdfs.DFSUtil (DFSUtil.java:httpServerTemplateForNNAndJN(1641)) - Starting Web-server for hddsDatanode at: http://0.0.0.0:0
2019-10-16 05:54:01,467 [main] INFO  server.AuthenticationFilter (AuthenticationFilter.java:constructSecretProvider(240)) - Unable to initialize FileSignerSecretProvider, falling back to use random secrets.
2019-10-16 05:54:01,467 [main] WARN  http.HttpRequestLog (HttpRequestLog.java:getRequestLog(97)) - Jetty request log can only be enabled using Log4j
2019-10-16 05:54:01,469 [main] INFO  http.HttpServer2 (HttpServer2.java:addGlobalFilter(975)) - Added global filter 'safety' (class=org.apache.hadoop.http.HttpServer2$QuotingInputFilter)
2019-10-16 05:54:01,470 [main] INFO  http.HttpServer2 (HttpServer2.java:addFilter(948)) - Added filter static_user_filter (class=org.apache.hadoop.http.lib.StaticUserWebFilter$StaticUserFilter) to context hddsDatanode
2019-10-16 05:54:01,470 [main] INFO  http.HttpServer2 (HttpServer2.java:addFilter(958)) - Added filter static_user_filter (class=org.apache.hadoop.http.lib.StaticUserWebFilter$StaticUserFilter) to context logs
2019-10-16 05:54:01,470 [main] INFO  http.HttpServer2 (HttpServer2.java:addFilter(958)) - Added filter static_user_filter (class=org.apache.hadoop.http.lib.StaticUserWebFilter$StaticUserFilter) to context static
2019-10-16 05:54:01,471 [main] INFO  http.HttpServer2 (HttpServer2.java:bindListener(1191)) - Jetty bound to port 46708
2019-10-16 05:54:01,471 [main] INFO  server.Server (Server.java:doStart(351)) - jetty-9.3.25.v20180904, build timestamp: 2018-09-04T21:11:46Z, git hash: 3ce520221d0240229c862b122d2b06c12a625732
2019-10-16 05:54:01,472 [main] INFO  handler.ContextHandler (ContextHandler.java:doStart(781)) - Started o.e.j.s.ServletContextHandler@31ddb930{/logs,file:///workdir/hadoop-ozone/integration-test/target/log,AVAILABLE}
2019-10-16 05:54:01,473 [main] INFO  handler.ContextHandler (ContextHandler.java:doStart(781)) - Started o.e.j.s.ServletContextHandler@3c3c4a71{/static,jar:file:/home/user/.m2/repository/org/apache/hadoop/hadoop-hdds-container-service/0.5.0-SNAPSHOT/hadoop-hdds-container-service-0.5.0-SNAPSHOT.jar!/webapps/static,AVAILABLE}
2019-10-16 05:54:01,499 [main] INFO  handler.ContextHandler (ContextHandler.java:doStart(781)) - Started o.e.j.w.WebAppContext@268cbb86{/,file:///tmp/jetty-0.0.0.0-46708-hddsDatanode-_-any-329923069552203341.dir/webapp/,AVAILABLE}{/hddsDatanode}
2019-10-16 05:54:01,500 [main] INFO  server.AbstractConnector (AbstractConnector.java:doStart(278)) - Started ServerConnector@10f7918f{HTTP/1.1,[http/1.1]}{0.0.0.0:46708}
2019-10-16 05:54:01,501 [main] INFO  server.Server (Server.java:doStart(419)) - Started @5756ms
2019-10-16 05:54:01,501 [main] WARN  impl.MetricsSystemImpl (MetricsSystemImpl.java:register(276)) - Sink prometheus already exists!
2019-10-16 05:54:01,503 [main] INFO  server.BaseHttpServer (BaseHttpServer.java:updateConnectorAddress(215)) - HTTP server of HDDSDATANODE is listening at http://0.0.0.0:46708
2019-10-16 05:54:01,503 [main] INFO  impl.MetricsSystemImpl (MetricsSystemImpl.java:init(158)) - HddsDatanode metrics system started (again)
2019-10-16 05:54:01,508 [org.apache.hadoop.util.JvmPauseMonitor$Monitor@2943f810] INFO  util.JvmPauseMonitor (JvmPauseMonitor.java:run(188)) - Starting JVM pause monitor
2019-10-16 05:54:01,510 [main] INFO  ozone.HddsDatanodeService (HddsDatanodeService.java:start(184)) - HddsDatanodeService host:pr-hdds-2312-q6qzp-1535798719 ip:192.168.69.104
2019-10-16 05:54:01,511 [Datanode State Machine Thread - 0] INFO  datanode.InitDatanodeState (InitDatanodeState.java:persistContainerDatanodeDetails(140)) - DatanodeDetails is persisted to /workdir/hadoop-ozone/integration-test/target/test-dir/MiniOzoneClusterImpl-a7ed491f-9e2a-49d2-8991-52926c770a07/datanode-7/meta/datanode.id
2019-10-16 05:54:01,520 [main] INFO  volume.HddsVolume (HddsVolume.java:<init>(176)) - Creating Volume: /workdir/hadoop-ozone/integration-test/target/test-dir/MiniOzoneClusterImpl-a7ed491f-9e2a-49d2-8991-52926c770a07/datanode-8/data/containers/hdds of  storage type : DISK and capacity : 1482555576320
2019-10-16 05:54:01,520 [main] INFO  volume.VolumeSet (VolumeSet.java:initializeVolumeSet(170)) - Added Volume : /workdir/hadoop-ozone/integration-test/target/test-dir/MiniOzoneClusterImpl-a7ed491f-9e2a-49d2-8991-52926c770a07/datanode-8/data/containers/hdds to VolumeSet
2019-10-16 05:54:01,520 [main] INFO  volume.ThrottledAsyncChecker (ThrottledAsyncChecker.java:schedule(141)) - Scheduling a check for /workdir/hadoop-ozone/integration-test/target/test-dir/MiniOzoneClusterImpl-a7ed491f-9e2a-49d2-8991-52926c770a07/datanode-8/data/containers/hdds
2019-10-16 05:54:01,521 [main] INFO  volume.HddsVolumeChecker (HddsVolumeChecker.java:checkAllVolumes(204)) - Scheduled health check for volume /workdir/hadoop-ozone/integration-test/target/test-dir/MiniOzoneClusterImpl-a7ed491f-9e2a-49d2-8991-52926c770a07/datanode-8/data/containers/hdds
2019-10-16 05:54:01,539 [main] INFO  impl.RaftServerProxy (ConfUtils.java:logGet(43)) - raft.rpc.type = GRPC (default)
2019-10-16 05:54:01,539 [main] INFO  grpc.GrpcFactory (GrpcFactory.java:checkPooledByteBufAllocatorUseCacheForAllThreads(45)) - PERFORMANCE WARNING: useCacheForAllThreads is true that may cause Netty to create a lot garbage objects and, as a result, trigger GC.
	It is recommended to disable useCacheForAllThreads by setting -Dorg.apache.ratis.thirdparty.io.netty.allocator.useCacheForAllThreads=false in command line.
2019-10-16 05:54:01,539 [main] INFO  grpc.GrpcConfigKeys$Server (ConfUtils.java:logGet(43)) - raft.grpc.server.port = 0 (default)
2019-10-16 05:54:01,540 [main] INFO  server.GrpcService (ConfUtils.java:logGet(43)) - raft.grpc.message.size.max = 33570816 (custom)
2019-10-16 05:54:01,540 [main] INFO  server.RaftServerConfigKeys (ConfUtils.java:logGet(43)) - raft.server.log.appender.buffer.byte-limit = 33554432 (custom)
2019-10-16 05:54:01,540 [main] INFO  server.GrpcService (ConfUtils.java:logGet(43)) - raft.grpc.flow.control.window = 1MB (=1048576) (default)
2019-10-16 05:54:01,541 [main] INFO  server.RaftServerConfigKeys (ConfUtils.java:logGet(43)) - raft.server.rpc.request.timeout = 3000ms (default)
2019-10-16 05:54:01,541 [main] INFO  server.RaftServerConfigKeys (ConfUtils.java:logGet(43)) - raft.server.storage.dir = [/workdir/hadoop-ozone/integration-test/target/test-dir/MiniOzoneClusterImpl-a7ed491f-9e2a-49d2-8991-52926c770a07/datanode-8/data/ratis] (custom)
2019-10-16 05:54:01,543 [main] INFO  hdfs.DFSUtil (DFSUtil.java:httpServerTemplateForNNAndJN(1641)) - Starting Web-server for hddsDatanode at: http://0.0.0.0:0
2019-10-16 05:54:01,544 [main] INFO  server.AuthenticationFilter (AuthenticationFilter.java:constructSecretProvider(240)) - Unable to initialize FileSignerSecretProvider, falling back to use random secrets.
2019-10-16 05:54:01,545 [main] WARN  http.HttpRequestLog (HttpRequestLog.java:getRequestLog(97)) - Jetty request log can only be enabled using Log4j
2019-10-16 05:54:01,546 [main] INFO  http.HttpServer2 (HttpServer2.java:addGlobalFilter(975)) - Added global filter 'safety' (class=org.apache.hadoop.http.HttpServer2$QuotingInputFilter)
2019-10-16 05:54:01,546 [main] INFO  http.HttpServer2 (HttpServer2.java:addFilter(948)) - Added filter static_user_filter (class=org.apache.hadoop.http.lib.StaticUserWebFilter$StaticUserFilter) to context hddsDatanode
2019-10-16 05:54:01,547 [main] INFO  http.HttpServer2 (HttpServer2.java:addFilter(958)) - Added filter static_user_filter (class=org.apache.hadoop.http.lib.StaticUserWebFilter$StaticUserFilter) to context static
2019-10-16 05:54:01,547 [main] INFO  http.HttpServer2 (HttpServer2.java:addFilter(958)) - Added filter static_user_filter (class=org.apache.hadoop.http.lib.StaticUserWebFilter$StaticUserFilter) to context logs
2019-10-16 05:54:01,547 [main] INFO  http.HttpServer2 (HttpServer2.java:bindListener(1191)) - Jetty bound to port 44188
2019-10-16 05:54:01,548 [main] INFO  server.Server (Server.java:doStart(351)) - jetty-9.3.25.v20180904, build timestamp: 2018-09-04T21:11:46Z, git hash: 3ce520221d0240229c862b122d2b06c12a625732
2019-10-16 05:54:01,549 [main] INFO  handler.ContextHandler (ContextHandler.java:doStart(781)) - Started o.e.j.s.ServletContextHandler@6edf29c1{/logs,file:///workdir/hadoop-ozone/integration-test/target/log,AVAILABLE}
2019-10-16 05:54:01,550 [main] INFO  handler.ContextHandler (ContextHandler.java:doStart(781)) - Started o.e.j.s.ServletContextHandler@66b59b7d{/static,jar:file:/home/user/.m2/repository/org/apache/hadoop/hadoop-hdds-container-service/0.5.0-SNAPSHOT/hadoop-hdds-container-service-0.5.0-SNAPSHOT.jar!/webapps/static,AVAILABLE}
2019-10-16 05:54:01,576 [main] INFO  handler.ContextHandler (ContextHandler.java:doStart(781)) - Started o.e.j.w.WebAppContext@57272109{/,file:///tmp/jetty-0.0.0.0-44188-hddsDatanode-_-any-4171713153679065466.dir/webapp/,AVAILABLE}{/hddsDatanode}
2019-10-16 05:54:01,577 [main] INFO  server.AbstractConnector (AbstractConnector.java:doStart(278)) - Started ServerConnector@59696551{HTTP/1.1,[http/1.1]}{0.0.0.0:44188}
2019-10-16 05:54:01,577 [main] INFO  server.Server (Server.java:doStart(419)) - Started @5832ms
2019-10-16 05:54:01,578 [main] WARN  impl.MetricsSystemImpl (MetricsSystemImpl.java:register(276)) - Sink prometheus already exists!
2019-10-16 05:54:01,578 [main] INFO  server.BaseHttpServer (BaseHttpServer.java:updateConnectorAddress(215)) - HTTP server of HDDSDATANODE is listening at http://0.0.0.0:44188
2019-10-16 05:54:01,579 [main] INFO  impl.MetricsSystemImpl (MetricsSystemImpl.java:init(158)) - HddsDatanode metrics system started (again)
2019-10-16 05:54:01,582 [org.apache.hadoop.util.JvmPauseMonitor$Monitor@5594eda9] INFO  util.JvmPauseMonitor (JvmPauseMonitor.java:run(188)) - Starting JVM pause monitor
2019-10-16 05:54:01,583 [main] INFO  ozone.HddsDatanodeService (HddsDatanodeService.java:start(184)) - HddsDatanodeService host:pr-hdds-2312-q6qzp-1535798719 ip:192.168.69.104
2019-10-16 05:54:01,585 [Datanode State Machine Thread - 0] INFO  datanode.InitDatanodeState (InitDatanodeState.java:persistContainerDatanodeDetails(140)) - DatanodeDetails is persisted to /workdir/hadoop-ozone/integration-test/target/test-dir/MiniOzoneClusterImpl-a7ed491f-9e2a-49d2-8991-52926c770a07/datanode-8/meta/datanode.id
2019-10-16 05:54:01,590 [main] INFO  volume.HddsVolume (HddsVolume.java:<init>(176)) - Creating Volume: /workdir/hadoop-ozone/integration-test/target/test-dir/MiniOzoneClusterImpl-a7ed491f-9e2a-49d2-8991-52926c770a07/datanode-9/data/containers/hdds of  storage type : DISK and capacity : 1482555576320
2019-10-16 05:54:01,590 [main] INFO  volume.VolumeSet (VolumeSet.java:initializeVolumeSet(170)) - Added Volume : /workdir/hadoop-ozone/integration-test/target/test-dir/MiniOzoneClusterImpl-a7ed491f-9e2a-49d2-8991-52926c770a07/datanode-9/data/containers/hdds to VolumeSet
2019-10-16 05:54:01,590 [main] INFO  volume.ThrottledAsyncChecker (ThrottledAsyncChecker.java:schedule(141)) - Scheduling a check for /workdir/hadoop-ozone/integration-test/target/test-dir/MiniOzoneClusterImpl-a7ed491f-9e2a-49d2-8991-52926c770a07/datanode-9/data/containers/hdds
2019-10-16 05:54:01,591 [main] INFO  volume.HddsVolumeChecker (HddsVolumeChecker.java:checkAllVolumes(204)) - Scheduled health check for volume /workdir/hadoop-ozone/integration-test/target/test-dir/MiniOzoneClusterImpl-a7ed491f-9e2a-49d2-8991-52926c770a07/datanode-9/data/containers/hdds
2019-10-16 05:54:01,604 [main] INFO  impl.RaftServerProxy (ConfUtils.java:logGet(43)) - raft.rpc.type = GRPC (default)
2019-10-16 05:54:01,604 [main] INFO  grpc.GrpcFactory (GrpcFactory.java:checkPooledByteBufAllocatorUseCacheForAllThreads(45)) - PERFORMANCE WARNING: useCacheForAllThreads is true that may cause Netty to create a lot garbage objects and, as a result, trigger GC.
	It is recommended to disable useCacheForAllThreads by setting -Dorg.apache.ratis.thirdparty.io.netty.allocator.useCacheForAllThreads=false in command line.
2019-10-16 05:54:01,604 [main] INFO  grpc.GrpcConfigKeys$Server (ConfUtils.java:logGet(43)) - raft.grpc.server.port = 0 (default)
2019-10-16 05:54:01,604 [main] INFO  server.GrpcService (ConfUtils.java:logGet(43)) - raft.grpc.message.size.max = 33570816 (custom)
2019-10-16 05:54:01,604 [main] INFO  server.RaftServerConfigKeys (ConfUtils.java:logGet(43)) - raft.server.log.appender.buffer.byte-limit = 33554432 (custom)
2019-10-16 05:54:01,604 [main] INFO  server.GrpcService (ConfUtils.java:logGet(43)) - raft.grpc.flow.control.window = 1MB (=1048576) (default)
2019-10-16 05:54:01,605 [main] INFO  server.RaftServerConfigKeys (ConfUtils.java:logGet(43)) - raft.server.rpc.request.timeout = 3000ms (default)
2019-10-16 05:54:01,605 [main] INFO  server.RaftServerConfigKeys (ConfUtils.java:logGet(43)) - raft.server.storage.dir = [/workdir/hadoop-ozone/integration-test/target/test-dir/MiniOzoneClusterImpl-a7ed491f-9e2a-49d2-8991-52926c770a07/datanode-9/data/ratis] (custom)
2019-10-16 05:54:01,607 [main] INFO  hdfs.DFSUtil (DFSUtil.java:httpServerTemplateForNNAndJN(1641)) - Starting Web-server for hddsDatanode at: http://0.0.0.0:0
2019-10-16 05:54:01,608 [main] INFO  server.AuthenticationFilter (AuthenticationFilter.java:constructSecretProvider(240)) - Unable to initialize FileSignerSecretProvider, falling back to use random secrets.
2019-10-16 05:54:01,608 [main] WARN  http.HttpRequestLog (HttpRequestLog.java:getRequestLog(97)) - Jetty request log can only be enabled using Log4j
2019-10-16 05:54:01,609 [main] INFO  http.HttpServer2 (HttpServer2.java:addGlobalFilter(975)) - Added global filter 'safety' (class=org.apache.hadoop.http.HttpServer2$QuotingInputFilter)
2019-10-16 05:54:01,610 [main] INFO  http.HttpServer2 (HttpServer2.java:addFilter(948)) - Added filter static_user_filter (class=org.apache.hadoop.http.lib.StaticUserWebFilter$StaticUserFilter) to context hddsDatanode
2019-10-16 05:54:01,610 [main] INFO  http.HttpServer2 (HttpServer2.java:addFilter(958)) - Added filter static_user_filter (class=org.apache.hadoop.http.lib.StaticUserWebFilter$StaticUserFilter) to context logs
2019-10-16 05:54:01,610 [main] INFO  http.HttpServer2 (HttpServer2.java:addFilter(958)) - Added filter static_user_filter (class=org.apache.hadoop.http.lib.StaticUserWebFilter$StaticUserFilter) to context static
2019-10-16 05:54:01,611 [main] INFO  http.HttpServer2 (HttpServer2.java:bindListener(1191)) - Jetty bound to port 41832
2019-10-16 05:54:01,611 [main] INFO  server.Server (Server.java:doStart(351)) - jetty-9.3.25.v20180904, build timestamp: 2018-09-04T21:11:46Z, git hash: 3ce520221d0240229c862b122d2b06c12a625732
2019-10-16 05:54:01,613 [main] INFO  handler.ContextHandler (ContextHandler.java:doStart(781)) - Started o.e.j.s.ServletContextHandler@6325f352{/logs,file:///workdir/hadoop-ozone/integration-test/target/log,AVAILABLE}
2019-10-16 05:54:01,613 [main] INFO  handler.ContextHandler (ContextHandler.java:doStart(781)) - Started o.e.j.s.ServletContextHandler@6cbd0674{/static,jar:file:/home/user/.m2/repository/org/apache/hadoop/hadoop-hdds-container-service/0.5.0-SNAPSHOT/hadoop-hdds-container-service-0.5.0-SNAPSHOT.jar!/webapps/static,AVAILABLE}
2019-10-16 05:54:01,643 [main] INFO  handler.ContextHandler (ContextHandler.java:doStart(781)) - Started o.e.j.w.WebAppContext@7a8b9166{/,file:///tmp/jetty-0.0.0.0-41832-hddsDatanode-_-any-5174550018919534156.dir/webapp/,AVAILABLE}{/hddsDatanode}
2019-10-16 05:54:01,643 [main] INFO  server.AbstractConnector (AbstractConnector.java:doStart(278)) - Started ServerConnector@4acc5dff{HTTP/1.1,[http/1.1]}{0.0.0.0:41832}
2019-10-16 05:54:01,644 [main] INFO  server.Server (Server.java:doStart(419)) - Started @5899ms
2019-10-16 05:54:01,644 [main] WARN  impl.MetricsSystemImpl (MetricsSystemImpl.java:register(276)) - Sink prometheus already exists!
2019-10-16 05:54:01,645 [main] INFO  server.BaseHttpServer (BaseHttpServer.java:updateConnectorAddress(215)) - HTTP server of HDDSDATANODE is listening at http://0.0.0.0:41832
2019-10-16 05:54:01,649 [main] INFO  ozone.MiniOzoneClusterImpl (MiniOzoneClusterImpl.java:lambda$waitForClusterToBeReady$0(147)) - Waiting for cluster to be ready. Got 0 of 10 DN Heartbeats.
2019-10-16 05:54:01,650 [org.apache.hadoop.util.JvmPauseMonitor$Monitor@7b45bd70] INFO  util.JvmPauseMonitor (JvmPauseMonitor.java:run(188)) - Starting JVM pause monitor
2019-10-16 05:54:01,653 [Datanode State Machine Thread - 0] INFO  datanode.InitDatanodeState (InitDatanodeState.java:persistContainerDatanodeDetails(140)) - DatanodeDetails is persisted to /workdir/hadoop-ozone/integration-test/target/test-dir/MiniOzoneClusterImpl-a7ed491f-9e2a-49d2-8991-52926c770a07/datanode-9/meta/datanode.id
2019-10-16 05:54:02,650 [main] INFO  ozone.MiniOzoneClusterImpl (MiniOzoneClusterImpl.java:lambda$waitForClusterToBeReady$0(147)) - Waiting for cluster to be ready. Got 0 of 10 DN Heartbeats.
2019-10-16 05:54:03,114 [Datanode State Machine Thread - 0] INFO  ozoneimpl.OzoneContainer (OzoneContainer.java:start(213)) - Attempting to start container services.
2019-10-16 05:54:03,114 [Datanode State Machine Thread - 0] INFO  ozoneimpl.OzoneContainer (OzoneContainer.java:start(213)) - Attempting to start container services.
2019-10-16 05:54:03,117 [Datanode State Machine Thread - 0] INFO  ozoneimpl.OzoneContainer (OzoneContainer.java:startContainerScrub(177)) - Background container scanner has been disabled.
2019-10-16 05:54:03,117 [Datanode State Machine Thread - 0] INFO  ozoneimpl.OzoneContainer (OzoneContainer.java:startContainerScrub(177)) - Background container scanner has been disabled.
2019-10-16 05:54:03,117 [Datanode State Machine Thread - 0] INFO  ratis.XceiverServerRatis (XceiverServerRatis.java:start(418)) - Starting XceiverServerRatis a95979bb-20e9-431e-a9fb-b8261a9ef448 at port 0
2019-10-16 05:54:03,117 [Datanode State Machine Thread - 0] INFO  ratis.XceiverServerRatis (XceiverServerRatis.java:start(418)) - Starting XceiverServerRatis f673e017-6a23-4a4d-8684-47aa34924efd at port 0
2019-10-16 05:54:03,148 [Datanode State Machine Thread - 0] INFO  ozoneimpl.OzoneContainer (OzoneContainer.java:start(213)) - Attempting to start container services.
2019-10-16 05:54:03,155 [Datanode State Machine Thread - 0] INFO  ozoneimpl.OzoneContainer (OzoneContainer.java:startContainerScrub(177)) - Background container scanner has been disabled.
2019-10-16 05:54:03,156 [Datanode State Machine Thread - 0] INFO  impl.RaftServerProxy (RaftServerProxy.java:lambda$start$3(299)) - f673e017-6a23-4a4d-8684-47aa34924efd: start RPC server
2019-10-16 05:54:03,155 [Datanode State Machine Thread - 0] INFO  impl.RaftServerProxy (RaftServerProxy.java:lambda$start$3(299)) - a95979bb-20e9-431e-a9fb-b8261a9ef448: start RPC server
2019-10-16 05:54:03,156 [Datanode State Machine Thread - 0] INFO  ratis.XceiverServerRatis (XceiverServerRatis.java:start(418)) - Starting XceiverServerRatis 28fad83d-bdd1-43c5-9066-2f84db181b78 at port 0
2019-10-16 05:54:03,166 [Datanode State Machine Thread - 0] INFO  impl.RaftServerProxy (RaftServerProxy.java:lambda$start$3(299)) - 28fad83d-bdd1-43c5-9066-2f84db181b78: start RPC server
2019-10-16 05:54:03,199 [Datanode State Machine Thread - 0] INFO  ozoneimpl.OzoneContainer (OzoneContainer.java:start(213)) - Attempting to start container services.
2019-10-16 05:54:03,199 [Datanode State Machine Thread - 0] INFO  ozoneimpl.OzoneContainer (OzoneContainer.java:startContainerScrub(177)) - Background container scanner has been disabled.
2019-10-16 05:54:03,199 [Datanode State Machine Thread - 0] INFO  ratis.XceiverServerRatis (XceiverServerRatis.java:start(418)) - Starting XceiverServerRatis 9ecd346d-e4ad-4887-80b5-747eac63700e at port 0
2019-10-16 05:54:03,210 [Datanode State Machine Thread - 0] INFO  impl.RaftServerProxy (RaftServerProxy.java:lambda$start$3(299)) - 9ecd346d-e4ad-4887-80b5-747eac63700e: start RPC server
2019-10-16 05:54:03,263 [Datanode State Machine Thread - 0] INFO  ozoneimpl.OzoneContainer (OzoneContainer.java:start(213)) - Attempting to start container services.
2019-10-16 05:54:03,263 [Datanode State Machine Thread - 0] INFO  ozoneimpl.OzoneContainer (OzoneContainer.java:startContainerScrub(177)) - Background container scanner has been disabled.
2019-10-16 05:54:03,263 [Datanode State Machine Thread - 0] INFO  ratis.XceiverServerRatis (XceiverServerRatis.java:start(418)) - Starting XceiverServerRatis 77d0bf9b-6f4c-431e-a5f1-454f54e3e5de at port 0
2019-10-16 05:54:03,271 [Datanode State Machine Thread - 0] INFO  impl.RaftServerProxy (RaftServerProxy.java:lambda$start$3(299)) - 77d0bf9b-6f4c-431e-a5f1-454f54e3e5de: start RPC server
2019-10-16 05:54:03,309 [Datanode State Machine Thread - 0] INFO  server.GrpcService (GrpcService.java:startImpl(158)) - 77d0bf9b-6f4c-431e-a5f1-454f54e3e5de: GrpcService started, listening on 0.0.0.0/0.0.0.0:37359
2019-10-16 05:54:03,309 [Datanode State Machine Thread - 0] INFO  server.GrpcService (GrpcService.java:startImpl(158)) - f673e017-6a23-4a4d-8684-47aa34924efd: GrpcService started, listening on 0.0.0.0/0.0.0.0:34714
2019-10-16 05:54:03,309 [Datanode State Machine Thread - 0] INFO  ratis.XceiverServerRatis (XceiverServerRatis.java:start(428)) - XceiverServerRatis 77d0bf9b-6f4c-431e-a5f1-454f54e3e5de is started using port 37359
2019-10-16 05:54:03,309 [Datanode State Machine Thread - 0] INFO  server.GrpcService (GrpcService.java:startImpl(158)) - 28fad83d-bdd1-43c5-9066-2f84db181b78: GrpcService started, listening on 0.0.0.0/0.0.0.0:43518
2019-10-16 05:54:03,309 [Datanode State Machine Thread - 0] INFO  server.GrpcService (GrpcService.java:startImpl(158)) - a95979bb-20e9-431e-a9fb-b8261a9ef448: GrpcService started, listening on 0.0.0.0/0.0.0.0:40117
2019-10-16 05:54:03,309 [Datanode State Machine Thread - 0] INFO  server.GrpcService (GrpcService.java:startImpl(158)) - 9ecd346d-e4ad-4887-80b5-747eac63700e: GrpcService started, listening on 0.0.0.0/0.0.0.0:38392
2019-10-16 05:54:03,310 [Datanode State Machine Thread - 0] INFO  ratis.XceiverServerRatis (XceiverServerRatis.java:start(428)) - XceiverServerRatis a95979bb-20e9-431e-a9fb-b8261a9ef448 is started using port 40117
2019-10-16 05:54:03,310 [Datanode State Machine Thread - 0] INFO  ratis.XceiverServerRatis (XceiverServerRatis.java:start(428)) - XceiverServerRatis 28fad83d-bdd1-43c5-9066-2f84db181b78 is started using port 43518
2019-10-16 05:54:03,310 [Datanode State Machine Thread - 0] INFO  ratis.XceiverServerRatis (XceiverServerRatis.java:start(428)) - XceiverServerRatis f673e017-6a23-4a4d-8684-47aa34924efd is started using port 34714
2019-10-16 05:54:03,310 [Datanode State Machine Thread - 0] INFO  ratis.XceiverServerRatis (XceiverServerRatis.java:start(428)) - XceiverServerRatis 9ecd346d-e4ad-4887-80b5-747eac63700e is started using port 38392
2019-10-16 05:54:03,316 [Datanode State Machine Thread - 0] INFO  server.XceiverServerGrpc (XceiverServerGrpc.java:start(149)) - XceiverServerGrpc 28fad83d-bdd1-43c5-9066-2f84db181b78 is started using port 34628
2019-10-16 05:54:03,316 [Datanode State Machine Thread - 0] INFO  server.XceiverServerGrpc (XceiverServerGrpc.java:start(149)) - XceiverServerGrpc a95979bb-20e9-431e-a9fb-b8261a9ef448 is started using port 39113
2019-10-16 05:54:03,317 [Datanode State Machine Thread - 0] INFO  server.XceiverServerGrpc (XceiverServerGrpc.java:start(149)) - XceiverServerGrpc 9ecd346d-e4ad-4887-80b5-747eac63700e is started using port 34979
2019-10-16 05:54:03,317 [Datanode State Machine Thread - 0] INFO  server.XceiverServerGrpc (XceiverServerGrpc.java:start(149)) - XceiverServerGrpc 77d0bf9b-6f4c-431e-a5f1-454f54e3e5de is started using port 32809
2019-10-16 05:54:03,317 [Datanode State Machine Thread - 0] INFO  server.XceiverServerGrpc (XceiverServerGrpc.java:start(149)) - XceiverServerGrpc f673e017-6a23-4a4d-8684-47aa34924efd is started using port 46011
2019-10-16 05:54:03,368 [Datanode State Machine Thread - 0] INFO  ozoneimpl.OzoneContainer (OzoneContainer.java:start(213)) - Attempting to start container services.
2019-10-16 05:54:03,368 [Datanode State Machine Thread - 0] INFO  ozoneimpl.OzoneContainer (OzoneContainer.java:startContainerScrub(177)) - Background container scanner has been disabled.
2019-10-16 05:54:03,369 [Datanode State Machine Thread - 0] INFO  ratis.XceiverServerRatis (XceiverServerRatis.java:start(418)) - Starting XceiverServerRatis 9716ed81-e797-4622-8f9d-d0bad6b93ded at port 0
2019-10-16 05:54:03,375 [Datanode State Machine Thread - 0] INFO  impl.RaftServerProxy (RaftServerProxy.java:lambda$start$3(299)) - 9716ed81-e797-4622-8f9d-d0bad6b93ded: start RPC server
2019-10-16 05:54:03,379 [Datanode State Machine Thread - 0] INFO  server.GrpcService (GrpcService.java:startImpl(158)) - 9716ed81-e797-4622-8f9d-d0bad6b93ded: GrpcService started, listening on 0.0.0.0/0.0.0.0:37182
2019-10-16 05:54:03,379 [Datanode State Machine Thread - 0] INFO  ratis.XceiverServerRatis (XceiverServerRatis.java:start(428)) - XceiverServerRatis 9716ed81-e797-4622-8f9d-d0bad6b93ded is started using port 37182
2019-10-16 05:54:03,381 [Datanode State Machine Thread - 0] INFO  server.XceiverServerGrpc (XceiverServerGrpc.java:start(149)) - XceiverServerGrpc 9716ed81-e797-4622-8f9d-d0bad6b93ded is started using port 38454
2019-10-16 05:54:03,457 [Datanode State Machine Thread - 0] INFO  ozoneimpl.OzoneContainer (OzoneContainer.java:start(213)) - Attempting to start container services.
2019-10-16 05:54:03,457 [Datanode State Machine Thread - 0] INFO  ozoneimpl.OzoneContainer (OzoneContainer.java:startContainerScrub(177)) - Background container scanner has been disabled.
2019-10-16 05:54:03,457 [Datanode State Machine Thread - 0] INFO  ratis.XceiverServerRatis (XceiverServerRatis.java:start(418)) - Starting XceiverServerRatis 7f194c44-d326-466e-a2f3-1afa0b12311e at port 0
2019-10-16 05:54:03,465 [Datanode State Machine Thread - 0] INFO  impl.RaftServerProxy (RaftServerProxy.java:lambda$start$3(299)) - 7f194c44-d326-466e-a2f3-1afa0b12311e: start RPC server
2019-10-16 05:54:03,469 [Datanode State Machine Thread - 0] INFO  server.GrpcService (GrpcService.java:startImpl(158)) - 7f194c44-d326-466e-a2f3-1afa0b12311e: GrpcService started, listening on 0.0.0.0/0.0.0.0:41593
2019-10-16 05:54:03,469 [Datanode State Machine Thread - 0] INFO  ratis.XceiverServerRatis (XceiverServerRatis.java:start(428)) - XceiverServerRatis 7f194c44-d326-466e-a2f3-1afa0b12311e is started using port 41593
2019-10-16 05:54:03,472 [Datanode State Machine Thread - 0] INFO  server.XceiverServerGrpc (XceiverServerGrpc.java:start(149)) - XceiverServerGrpc 7f194c44-d326-466e-a2f3-1afa0b12311e is started using port 35712
2019-10-16 05:54:03,526 [Datanode State Machine Thread - 0] INFO  ozoneimpl.OzoneContainer (OzoneContainer.java:start(213)) - Attempting to start container services.
2019-10-16 05:54:03,527 [Datanode State Machine Thread - 0] INFO  ozoneimpl.OzoneContainer (OzoneContainer.java:startContainerScrub(177)) - Background container scanner has been disabled.
2019-10-16 05:54:03,527 [Datanode State Machine Thread - 0] INFO  ratis.XceiverServerRatis (XceiverServerRatis.java:start(418)) - Starting XceiverServerRatis 68874196-04c8-425f-a7cc-e98956f4184b at port 0
2019-10-16 05:54:03,535 [Datanode State Machine Thread - 0] INFO  impl.RaftServerProxy (RaftServerProxy.java:lambda$start$3(299)) - 68874196-04c8-425f-a7cc-e98956f4184b: start RPC server
2019-10-16 05:54:03,540 [Datanode State Machine Thread - 0] INFO  server.GrpcService (GrpcService.java:startImpl(158)) - 68874196-04c8-425f-a7cc-e98956f4184b: GrpcService started, listening on 0.0.0.0/0.0.0.0:44736
2019-10-16 05:54:03,540 [Datanode State Machine Thread - 0] INFO  ratis.XceiverServerRatis (XceiverServerRatis.java:start(428)) - XceiverServerRatis 68874196-04c8-425f-a7cc-e98956f4184b is started using port 44736
2019-10-16 05:54:03,543 [Datanode State Machine Thread - 0] INFO  server.XceiverServerGrpc (XceiverServerGrpc.java:start(149)) - XceiverServerGrpc 68874196-04c8-425f-a7cc-e98956f4184b is started using port 36122
2019-10-16 05:54:03,601 [Datanode State Machine Thread - 0] INFO  ozoneimpl.OzoneContainer (OzoneContainer.java:start(213)) - Attempting to start container services.
2019-10-16 05:54:03,602 [Datanode State Machine Thread - 0] INFO  ozoneimpl.OzoneContainer (OzoneContainer.java:startContainerScrub(177)) - Background container scanner has been disabled.
2019-10-16 05:54:03,602 [Datanode State Machine Thread - 0] INFO  ratis.XceiverServerRatis (XceiverServerRatis.java:start(418)) - Starting XceiverServerRatis e8d6ebf1-6bcf-43aa-933b-e68e6e027da1 at port 0
2019-10-16 05:54:03,610 [Datanode State Machine Thread - 0] INFO  impl.RaftServerProxy (RaftServerProxy.java:lambda$start$3(299)) - e8d6ebf1-6bcf-43aa-933b-e68e6e027da1: start RPC server
2019-10-16 05:54:03,614 [Datanode State Machine Thread - 0] INFO  server.GrpcService (GrpcService.java:startImpl(158)) - e8d6ebf1-6bcf-43aa-933b-e68e6e027da1: GrpcService started, listening on 0.0.0.0/0.0.0.0:46329
2019-10-16 05:54:03,615 [Datanode State Machine Thread - 0] INFO  ratis.XceiverServerRatis (XceiverServerRatis.java:start(428)) - XceiverServerRatis e8d6ebf1-6bcf-43aa-933b-e68e6e027da1 is started using port 46329
2019-10-16 05:54:03,618 [Datanode State Machine Thread - 0] INFO  server.XceiverServerGrpc (XceiverServerGrpc.java:start(149)) - XceiverServerGrpc e8d6ebf1-6bcf-43aa-933b-e68e6e027da1 is started using port 37644
2019-10-16 05:54:03,650 [main] INFO  ozone.MiniOzoneClusterImpl (MiniOzoneClusterImpl.java:lambda$waitForClusterToBeReady$0(147)) - Waiting for cluster to be ready. Got 0 of 10 DN Heartbeats.
2019-10-16 05:54:03,668 [Datanode State Machine Thread - 0] INFO  ozoneimpl.OzoneContainer (OzoneContainer.java:start(213)) - Attempting to start container services.
2019-10-16 05:54:03,668 [Datanode State Machine Thread - 0] INFO  ozoneimpl.OzoneContainer (OzoneContainer.java:startContainerScrub(177)) - Background container scanner has been disabled.
2019-10-16 05:54:03,669 [Datanode State Machine Thread - 0] INFO  ratis.XceiverServerRatis (XceiverServerRatis.java:start(418)) - Starting XceiverServerRatis fa7e6ed1-247f-43d6-9abd-8e5119d5804b at port 0
2019-10-16 05:54:03,678 [Datanode State Machine Thread - 0] INFO  impl.RaftServerProxy (RaftServerProxy.java:lambda$start$3(299)) - fa7e6ed1-247f-43d6-9abd-8e5119d5804b: start RPC server
2019-10-16 05:54:03,691 [Datanode State Machine Thread - 0] INFO  server.GrpcService (GrpcService.java:startImpl(158)) - fa7e6ed1-247f-43d6-9abd-8e5119d5804b: GrpcService started, listening on 0.0.0.0/0.0.0.0:37305
2019-10-16 05:54:03,691 [Datanode State Machine Thread - 0] INFO  ratis.XceiverServerRatis (XceiverServerRatis.java:start(428)) - XceiverServerRatis fa7e6ed1-247f-43d6-9abd-8e5119d5804b is started using port 37305
2019-10-16 05:54:03,709 [Datanode State Machine Thread - 0] INFO  server.XceiverServerGrpc (XceiverServerGrpc.java:start(149)) - XceiverServerGrpc fa7e6ed1-247f-43d6-9abd-8e5119d5804b is started using port 35941
2019-10-16 05:54:04,651 [main] INFO  ozone.MiniOzoneClusterImpl (MiniOzoneClusterImpl.java:lambda$waitForClusterToBeReady$0(147)) - Waiting for cluster to be ready. Got 0 of 10 DN Heartbeats.
2019-10-16 05:54:05,045 [IPC Server handler 3 on 38470] INFO  net.NetworkTopology (NetworkTopologyImpl.java:add(111)) - Added a new node: /default-rack/f673e017-6a23-4a4d-8684-47aa34924efd
2019-10-16 05:54:05,045 [IPC Server handler 3 on 38470] INFO  node.SCMNodeManager (SCMNodeManager.java:register(268)) - Registered Data node : f673e017-6a23-4a4d-8684-47aa34924efd{ip: 192.168.69.104, host: pr-hdds-2312-q6qzp-1535798719, networkLocation: /default-rack, certSerialId: null}
2019-10-16 05:54:05,050 [EventQueue-NodeRegistrationContainerReportForDataNodeSafeModeRule] INFO  safemode.SCMSafeModeManager (DataNodeSafeModeRule.java:process(71)) - SCM in safe mode. 1 DataNodes registered, 1 required.
2019-10-16 05:54:05,051 [EventQueue-NodeRegistrationContainerReportForDataNodeSafeModeRule] INFO  safemode.SCMSafeModeManager (SCMSafeModeManager.java:validateSafeModeExitRules(177)) - ScmSafeModeManager, all rules are successfully validated
2019-10-16 05:54:05,051 [EventQueue-NodeRegistrationContainerReportForDataNodeSafeModeRule] INFO  safemode.SCMSafeModeManager (SCMSafeModeManager.java:exitSafeMode(193)) - SCM exiting safe mode.
2019-10-16 05:54:05,061 [IPC Server handler 4 on 38470] INFO  net.NetworkTopology (NetworkTopologyImpl.java:add(111)) - Added a new node: /default-rack/a95979bb-20e9-431e-a9fb-b8261a9ef448
2019-10-16 05:54:05,061 [IPC Server handler 4 on 38470] INFO  node.SCMNodeManager (SCMNodeManager.java:register(268)) - Registered Data node : a95979bb-20e9-431e-a9fb-b8261a9ef448{ip: 192.168.69.104, host: pr-hdds-2312-q6qzp-1535798719, networkLocation: /default-rack, certSerialId: null}
2019-10-16 05:54:05,123 [IPC Server handler 5 on 38470] INFO  net.NetworkTopology (NetworkTopologyImpl.java:add(111)) - Added a new node: /default-rack/28fad83d-bdd1-43c5-9066-2f84db181b78
2019-10-16 05:54:05,124 [IPC Server handler 5 on 38470] INFO  node.SCMNodeManager (SCMNodeManager.java:register(268)) - Registered Data node : 28fad83d-bdd1-43c5-9066-2f84db181b78{ip: 192.168.69.104, host: pr-hdds-2312-q6qzp-1535798719, networkLocation: /default-rack, certSerialId: null}
2019-10-16 05:54:05,186 [IPC Server handler 6 on 38470] INFO  net.NetworkTopology (NetworkTopologyImpl.java:add(111)) - Added a new node: /default-rack/9ecd346d-e4ad-4887-80b5-747eac63700e
2019-10-16 05:54:05,187 [IPC Server handler 6 on 38470] INFO  node.SCMNodeManager (SCMNodeManager.java:register(268)) - Registered Data node : 9ecd346d-e4ad-4887-80b5-747eac63700e{ip: 192.168.69.104, host: pr-hdds-2312-q6qzp-1535798719, networkLocation: /default-rack, certSerialId: null}
2019-10-16 05:54:05,250 [IPC Server handler 7 on 38470] INFO  net.NetworkTopology (NetworkTopologyImpl.java:add(111)) - Added a new node: /default-rack/77d0bf9b-6f4c-431e-a5f1-454f54e3e5de
2019-10-16 05:54:05,250 [IPC Server handler 7 on 38470] INFO  node.SCMNodeManager (SCMNodeManager.java:register(268)) - Registered Data node : 77d0bf9b-6f4c-431e-a5f1-454f54e3e5de{ip: 192.168.69.104, host: pr-hdds-2312-q6qzp-1535798719, networkLocation: /default-rack, certSerialId: null}
2019-10-16 05:54:05,364 [IPC Server handler 9 on 38470] INFO  net.NetworkTopology (NetworkTopologyImpl.java:add(111)) - Added a new node: /default-rack/9716ed81-e797-4622-8f9d-d0bad6b93ded
2019-10-16 05:54:05,365 [IPC Server handler 9 on 38470] INFO  node.SCMNodeManager (SCMNodeManager.java:register(268)) - Registered Data node : 9716ed81-e797-4622-8f9d-d0bad6b93ded{ip: 192.168.69.104, host: pr-hdds-2312-q6qzp-1535798719, networkLocation: /default-rack, certSerialId: null}
2019-10-16 05:54:05,450 [IPC Server handler 8 on 38470] INFO  net.NetworkTopology (NetworkTopologyImpl.java:add(111)) - Added a new node: /default-rack/7f194c44-d326-466e-a2f3-1afa0b12311e
2019-10-16 05:54:05,450 [IPC Server handler 8 on 38470] INFO  node.SCMNodeManager (SCMNodeManager.java:register(268)) - Registered Data node : 7f194c44-d326-466e-a2f3-1afa0b12311e{ip: 192.168.69.104, host: pr-hdds-2312-q6qzp-1535798719, networkLocation: /default-rack, certSerialId: null}
2019-10-16 05:54:05,512 [IPC Server handler 0 on 38470] INFO  net.NetworkTopology (NetworkTopologyImpl.java:add(111)) - Added a new node: /default-rack/68874196-04c8-425f-a7cc-e98956f4184b
2019-10-16 05:54:05,513 [IPC Server handler 0 on 38470] INFO  node.SCMNodeManager (SCMNodeManager.java:register(268)) - Registered Data node : 68874196-04c8-425f-a7cc-e98956f4184b{ip: 192.168.69.104, host: pr-hdds-2312-q6qzp-1535798719, networkLocation: /default-rack, certSerialId: null}
2019-10-16 05:54:05,587 [IPC Server handler 1 on 38470] INFO  net.NetworkTopology (NetworkTopologyImpl.java:add(111)) - Added a new node: /default-rack/e8d6ebf1-6bcf-43aa-933b-e68e6e027da1
2019-10-16 05:54:05,587 [IPC Server handler 1 on 38470] INFO  node.SCMNodeManager (SCMNodeManager.java:register(268)) - Registered Data node : e8d6ebf1-6bcf-43aa-933b-e68e6e027da1{ip: 192.168.69.104, host: pr-hdds-2312-q6qzp-1535798719, networkLocation: /default-rack, certSerialId: null}
2019-10-16 05:54:05,665 [main] INFO  ozone.MiniOzoneClusterImpl (MiniOzoneClusterImpl.java:lambda$waitForClusterToBeReady$0(147)) - Waiting for cluster to be ready. Got 9 of 10 DN Heartbeats.
2019-10-16 05:54:05,674 [IPC Server handler 3 on 38470] INFO  net.NetworkTopology (NetworkTopologyImpl.java:add(111)) - Added a new node: /default-rack/fa7e6ed1-247f-43d6-9abd-8e5119d5804b
2019-10-16 05:54:05,674 [IPC Server handler 3 on 38470] INFO  node.SCMNodeManager (SCMNodeManager.java:register(268)) - Registered Data node : fa7e6ed1-247f-43d6-9abd-8e5119d5804b{ip: 192.168.69.104, host: pr-hdds-2312-q6qzp-1535798719, networkLocation: /default-rack, certSerialId: null}
2019-10-16 05:54:05,681 [grpc-default-executor-0] INFO  impl.RaftServerProxy (RaftServerProxy.java:addNew(89)) - f673e017-6a23-4a4d-8684-47aa34924efd: addNew group-01DF5DFEDC68:[f673e017-6a23-4a4d-8684-47aa34924efd:192.168.69.104:34714] returns group-01DF5DFEDC68:java.util.concurrent.CompletableFuture@2a54149a[Not completed]
2019-10-16 05:54:05,700 [pool-27-thread-1] INFO  impl.RaftServerImpl (RaftServerImpl.java:<init>(104)) - f673e017-6a23-4a4d-8684-47aa34924efd: new RaftServerImpl for group-01DF5DFEDC68:[f673e017-6a23-4a4d-8684-47aa34924efd:192.168.69.104:34714] with ContainerStateMachine:uninitialized
2019-10-16 05:54:05,702 [pool-27-thread-1] INFO  server.RaftServerConfigKeys (ConfUtils.java:logGet(43)) - raft.server.rpc.timeout.min = 5s (custom)
2019-10-16 05:54:05,703 [pool-27-thread-1] INFO  server.RaftServerConfigKeys (ConfUtils.java:logGet(43)) - raft.server.rpc.timeout.max = 5200ms (custom)
2019-10-16 05:54:05,703 [pool-27-thread-1] INFO  server.RaftServerConfigKeys (ConfUtils.java:logGet(43)) - raft.server.rpcslowness.timeout = 120s (custom)
2019-10-16 05:54:05,704 [pool-27-thread-1] INFO  server.RaftServerConfigKeys (ConfUtils.java:logGet(43)) - raft.server.sleep.deviation.threshold = 300 (default)
2019-10-16 05:54:05,705 [pool-27-thread-1] INFO  server.RaftServerConfigKeys (ConfUtils.java:logGet(43)) - raft.server.log.appender.install.snapshot.enabled = false (custom)
2019-10-16 05:54:05,714 [pool-27-thread-1] INFO  impl.RaftServerImpl (ServerState.java:<init>(103)) - f673e017-6a23-4a4d-8684-47aa34924efd@group-01DF5DFEDC68: ConfigurationManager, init=-1: [f673e017-6a23-4a4d-8684-47aa34924efd:192.168.69.104:34714], old=null, confs=<EMPTY_MAP>
2019-10-16 05:54:05,714 [pool-27-thread-1] INFO  server.RaftServerConfigKeys (ConfUtils.java:logGet(43)) - raft.server.storage.dir = [/workdir/hadoop-ozone/integration-test/target/test-dir/MiniOzoneClusterImpl-a7ed491f-9e2a-49d2-8991-52926c770a07/datanode-0/data/ratis] (custom)
2019-10-16 05:54:05,721 [pool-27-thread-1] INFO  server.RaftServerConfigKeys (ConfUtils.java:logGet(43)) - raft.server.log.corruption.policy = EXCEPTION (default)
2019-10-16 05:54:05,723 [pool-27-thread-1] INFO  storage.RaftStorageDirectory (RaftStorageDirectory.java:analyzeStorage(246)) - The storage directory /workdir/hadoop-ozone/integration-test/target/test-dir/MiniOzoneClusterImpl-a7ed491f-9e2a-49d2-8991-52926c770a07/datanode-0/data/ratis/d8874247-edd5-4d21-99dd-01df5dfedc68 does not exist. Creating ...
2019-10-16 05:54:05,752 [pool-27-thread-1] INFO  storage.RaftStorageDirectory (RaftStorageDirectory.java:tryLock(328)) - Lock on /workdir/hadoop-ozone/integration-test/target/test-dir/MiniOzoneClusterImpl-a7ed491f-9e2a-49d2-8991-52926c770a07/datanode-0/data/ratis/d8874247-edd5-4d21-99dd-01df5dfedc68/in_use.lock acquired by nodename 13521@pr-hdds-2312-q6qzp-1535798719
2019-10-16 05:54:05,777 [pool-27-thread-1] INFO  storage.RaftStorage (RaftStorage.java:format(84)) - Storage directory /workdir/hadoop-ozone/integration-test/target/test-dir/MiniOzoneClusterImpl-a7ed491f-9e2a-49d2-8991-52926c770a07/datanode-0/data/ratis/d8874247-edd5-4d21-99dd-01df5dfedc68 has been successfully formatted.
2019-10-16 05:54:05,780 [pool-27-thread-1] INFO  ratis.ContainerStateMachine (ContainerStateMachine.java:loadSnapshot(231)) - group-01DF5DFEDC68: The snapshot info is null. Setting the last applied indexto:(t:0, i:~)
2019-10-16 05:54:05,780 [pool-27-thread-1] INFO  server.RaftServerConfigKeys (ConfUtils.java:logGet(43)) - raft.server.notification.no-leader.timeout = 120s (custom)
2019-10-16 05:54:05,782 [pool-27-thread-1] INFO  server.RaftServerConfigKeys (ConfUtils.java:logGet(43)) - raft.server.log.use.memory = false (default)
2019-10-16 05:54:05,788 [pool-27-thread-1] INFO  server.RaftServerConfigKeys (ConfUtils.java:logGet(43)) - raft.server.log.purge.gap = 1000000 (custom)
2019-10-16 05:54:05,788 [pool-27-thread-1] INFO  server.RaftServerConfigKeys (ConfUtils.java:logGet(43)) - raft.server.log.appender.buffer.byte-limit = 33554432 (custom)
2019-10-16 05:54:05,790 [pool-27-thread-1] INFO  server.RaftServerConfigKeys (ConfUtils.java:logGet(43)) - raft.server.log.segment.size.max = 1048576 (custom)
2019-10-16 05:54:05,792 [pool-27-thread-1] INFO  impl.MetricsSystemImpl (MetricsSystemImpl.java:init(158)) - ratis metrics system started (again)
2019-10-16 05:54:05,795 [pool-27-thread-1] INFO  metrics.MetricRegistries (MetricRegistriesLoader.java:load(64)) - Loaded MetricRegistries class org.apache.ratis.metrics.impl.MetricRegistriesImpl
2019-10-16 05:54:05,828 [pool-27-thread-1] INFO  server.RaftServerConfigKeys (ConfUtils.java:logGet(43)) - raft.server.log.segment.cache.num.max = 2 (custom)
2019-10-16 05:54:05,833 [pool-27-thread-1] INFO  segmented.SegmentedRaftLogWorker (SegmentedRaftLogWorker.java:<init>(173)) - new f673e017-6a23-4a4d-8684-47aa34924efd@group-01DF5DFEDC68-SegmentedRaftLogWorker for RaftStorage:Storage Directory /workdir/hadoop-ozone/integration-test/target/test-dir/MiniOzoneClusterImpl-a7ed491f-9e2a-49d2-8991-52926c770a07/datanode-0/data/ratis/d8874247-edd5-4d21-99dd-01df5dfedc68
2019-10-16 05:54:05,834 [pool-27-thread-1] INFO  server.RaftServerConfigKeys (ConfUtils.java:logGet(43)) - raft.server.log.queue.byte-limit = 2147483647 (custom)
2019-10-16 05:54:05,834 [pool-27-thread-1] INFO  server.RaftServerConfigKeys (ConfUtils.java:logGet(43)) - raft.server.log.queue.element-limit = 1024 (custom)
2019-10-16 05:54:05,835 [pool-27-thread-1] INFO  server.RaftServerConfigKeys (ConfUtils.java:logGet(43)) - raft.server.log.segment.size.max = 1048576 (custom)
2019-10-16 05:54:05,836 [pool-27-thread-1] INFO  server.RaftServerConfigKeys (ConfUtils.java:logGet(43)) - raft.server.log.preallocated.size = 16384 (custom)
2019-10-16 05:54:05,836 [pool-27-thread-1] INFO  server.RaftServerConfigKeys (ConfUtils.java:logGet(43)) - raft.server.log.write.buffer.size = 33554432 (custom)
2019-10-16 05:54:05,837 [pool-27-thread-1] INFO  server.RaftServerConfigKeys (ConfUtils.java:logGet(43)) - raft.server.log.force.sync.num = 128 (default)
2019-10-16 05:54:05,837 [pool-27-thread-1] INFO  server.RaftServerConfigKeys (ConfUtils.java:logGet(43)) - raft.server.log.statemachine.data.sync = true (default)
2019-10-16 05:54:05,838 [pool-27-thread-1] INFO  server.RaftServerConfigKeys (ConfUtils.java:logGet(43)) - raft.server.log.statemachine.data.sync.timeout = 10s (default)
2019-10-16 05:54:05,838 [pool-27-thread-1] INFO  server.RaftServerConfigKeys (ConfUtils.java:logGet(43)) - raft.server.log.statemachine.data.sync.timeout.retry = -1 (default)
2019-10-16 05:54:05,849 [pool-27-thread-1] INFO  server.RaftServerConfigKeys (ConfUtils.java:logGet(43)) - raft.server.log.statemachine.data.caching.enabled = true (custom)
2019-10-16 05:54:05,853 [pool-27-thread-1] INFO  segmented.SegmentedRaftLogWorker (SegmentedRaftLogWorker.java:lambda$new$0(128)) - f673e017-6a23-4a4d-8684-47aa34924efd@group-01DF5DFEDC68-SegmentedRaftLogWorker: flushIndex: setUnconditionally 0 -> -1
2019-10-16 05:54:05,857 [pool-27-thread-1] INFO  server.RaftServerConfigKeys (ConfUtils.java:logGet(43)) - raft.server.snapshot.auto.trigger.enabled = true (custom)
2019-10-16 05:54:05,858 [pool-27-thread-1] INFO  server.RaftServerConfigKeys (ConfUtils.java:logGet(43)) - raft.server.snapshot.auto.trigger.threshold = 10000 (custom)
2019-10-16 05:54:05,858 [pool-27-thread-1] INFO  server.RaftServerConfigKeys (ConfUtils.java:logGet(43)) - raft.server.snapshot.retention.file.num = 5 (custom)
2019-10-16 05:54:05,859 [pool-27-thread-1] INFO  server.RaftServerConfigKeys (ConfUtils.java:logGet(43)) - raft.server.retrycache.expirytime = 600000ms (custom)
2019-10-16 05:54:05,887 [pool-27-thread-1] INFO  impl.RaftServerImpl (RaftServerImpl.java:start(195)) - f673e017-6a23-4a4d-8684-47aa34924efd@group-01DF5DFEDC68: start as a follower, conf=-1: [f673e017-6a23-4a4d-8684-47aa34924efd:192.168.69.104:34714], old=null
2019-10-16 05:54:05,888 [pool-27-thread-1] INFO  impl.RaftServerImpl (RaftServerImpl.java:setRole(184)) - f673e017-6a23-4a4d-8684-47aa34924efd@group-01DF5DFEDC68: changes role from      null to FOLLOWER at term 0 for startAsFollower
2019-10-16 05:54:05,889 [pool-27-thread-1] INFO  impl.RoleInfo (RoleInfo.java:updateAndGet(143)) - f673e017-6a23-4a4d-8684-47aa34924efd: start FollowerState
2019-10-16 05:54:05,891 [pool-27-thread-1] INFO  util.JmxRegister (JmxRegister.java:tryRegister(44)) - Successfully registered JMX Bean with object name Ratis:service=RaftServer,group=group-01DF5DFEDC68,id=f673e017-6a23-4a4d-8684-47aa34924efd
2019-10-16 05:54:06,028 [Thread-285] INFO  impl.FollowerState (FollowerState.java:run(108)) - f673e017-6a23-4a4d-8684-47aa34924efd@group-01DF5DFEDC68-FollowerState: change to CANDIDATE, lastRpcTime:139ms, electionTimeout:138ms
2019-10-16 05:54:06,045 [Thread-285] INFO  impl.RoleInfo (RoleInfo.java:shutdownFollowerState(121)) - f673e017-6a23-4a4d-8684-47aa34924efd: shutdown FollowerState
2019-10-16 05:54:06,047 [Thread-285] INFO  impl.RaftServerImpl (RaftServerImpl.java:setRole(184)) - f673e017-6a23-4a4d-8684-47aa34924efd@group-01DF5DFEDC68: changes role from  FOLLOWER to CANDIDATE at term 0 for changeToCandidate
2019-10-16 05:54:06,057 [Thread-285] INFO  impl.RoleInfo (RoleInfo.java:updateAndGet(143)) - f673e017-6a23-4a4d-8684-47aa34924efd: start LeaderElection
2019-10-16 05:54:06,086 [f673e017-6a23-4a4d-8684-47aa34924efd@group-01DF5DFEDC68-LeaderElection1] INFO  impl.LeaderElection (LeaderElection.java:askForVotes(178)) - f673e017-6a23-4a4d-8684-47aa34924efd@group-01DF5DFEDC68-LeaderElection1: begin an election at term 1 for -1: [f673e017-6a23-4a4d-8684-47aa34924efd:192.168.69.104:34714], old=null
2019-10-16 05:54:06,088 [f673e017-6a23-4a4d-8684-47aa34924efd@group-01DF5DFEDC68-LeaderElection1] INFO  impl.RoleInfo (RoleInfo.java:shutdownLeaderElection(134)) - f673e017-6a23-4a4d-8684-47aa34924efd: shutdown LeaderElection
2019-10-16 05:54:06,089 [f673e017-6a23-4a4d-8684-47aa34924efd@group-01DF5DFEDC68-LeaderElection1] INFO  impl.RaftServerImpl (RaftServerImpl.java:setRole(184)) - f673e017-6a23-4a4d-8684-47aa34924efd@group-01DF5DFEDC68: changes role from CANDIDATE to LEADER at term 1 for changeToLeader
2019-10-16 05:54:06,089 [f673e017-6a23-4a4d-8684-47aa34924efd@group-01DF5DFEDC68-LeaderElection1] INFO  impl.RaftServerImpl (ServerState.java:setLeader(256)) - f673e017-6a23-4a4d-8684-47aa34924efd@group-01DF5DFEDC68: change Leader from null to f673e017-6a23-4a4d-8684-47aa34924efd at term 1 for becomeLeader, leader elected after 309ms
2019-10-16 05:54:06,098 [f673e017-6a23-4a4d-8684-47aa34924efd@group-01DF5DFEDC68-LeaderElection1] INFO  server.RaftServerConfigKeys (ConfUtils.java:logGet(43)) - raft.server.staging.catchup.gap = 1000 (default)
2019-10-16 05:54:06,099 [f673e017-6a23-4a4d-8684-47aa34924efd@group-01DF5DFEDC68-LeaderElection1] INFO  server.RaftServerConfigKeys (ConfUtils.java:logGet(43)) - raft.server.rpc.sleep.time = 25ms (default)
2019-10-16 05:54:06,101 [RatisPipelineUtilsThread] INFO  pipeline.PipelineStateManager (PipelineStateManager.java:addPipeline(56)) - Created pipeline Pipeline[ Id: d8874247-edd5-4d21-99dd-01df5dfedc68, Nodes: f673e017-6a23-4a4d-8684-47aa34924efd{ip: 192.168.69.104, host: pr-hdds-2312-q6qzp-1535798719, networkLocation: /default-rack, certSerialId: null}, Type:RATIS, Factor:ONE, State:OPEN]
2019-10-16 05:54:06,104 [f673e017-6a23-4a4d-8684-47aa34924efd@group-01DF5DFEDC68-LeaderElection1] INFO  server.RaftServerConfigKeys (ConfUtils.java:logGet(43)) - raft.server.write.element-limit = 4096 (default)
2019-10-16 05:54:06,109 [f673e017-6a23-4a4d-8684-47aa34924efd@group-01DF5DFEDC68-LeaderElection1] INFO  server.RaftServerConfigKeys (ConfUtils.java:logGet(43)) - raft.server.watch.timeout = 10s (default)
2019-10-16 05:54:06,109 [f673e017-6a23-4a4d-8684-47aa34924efd@group-01DF5DFEDC68-LeaderElection1] INFO  server.RaftServerConfigKeys (ConfUtils.java:logGet(43)) - raft.server.watch.timeout.denomination = 1s (default)
2019-10-16 05:54:06,111 [f673e017-6a23-4a4d-8684-47aa34924efd@group-01DF5DFEDC68-LeaderElection1] INFO  server.RaftServerConfigKeys (ConfUtils.java:logGet(43)) - raft.server.watch.element-limit = 65536 (default)
2019-10-16 05:54:06,136 [grpc-default-executor-0] INFO  impl.RaftServerProxy (RaftServerProxy.java:addNew(89)) - 7f194c44-d326-466e-a2f3-1afa0b12311e: addNew group-371AD8C7E566:[7f194c44-d326-466e-a2f3-1afa0b12311e:192.168.69.104:41593] returns group-371AD8C7E566:java.util.concurrent.CompletableFuture@5ffe4560[Not completed]
2019-10-16 05:54:06,176 [pool-87-thread-1] INFO  impl.RaftServerImpl (RaftServerImpl.java:<init>(104)) - 7f194c44-d326-466e-a2f3-1afa0b12311e: new RaftServerImpl for group-371AD8C7E566:[7f194c44-d326-466e-a2f3-1afa0b12311e:192.168.69.104:41593] with ContainerStateMachine:uninitialized
2019-10-16 05:54:06,177 [pool-87-thread-1] INFO  server.RaftServerConfigKeys (ConfUtils.java:logGet(43)) - raft.server.rpc.timeout.min = 5s (custom)
2019-10-16 05:54:06,177 [pool-87-thread-1] INFO  server.RaftServerConfigKeys (ConfUtils.java:logGet(43)) - raft.server.rpc.timeout.max = 5200ms (custom)
2019-10-16 05:54:06,177 [pool-87-thread-1] INFO  server.RaftServerConfigKeys (ConfUtils.java:logGet(43)) - raft.server.rpcslowness.timeout = 120s (custom)
2019-10-16 05:54:06,177 [pool-87-thread-1] INFO  server.RaftServerConfigKeys (ConfUtils.java:logGet(43)) - raft.server.sleep.deviation.threshold = 300 (default)
2019-10-16 05:54:06,177 [pool-87-thread-1] INFO  server.RaftServerConfigKeys (ConfUtils.java:logGet(43)) - raft.server.log.appender.install.snapshot.enabled = false (custom)
2019-10-16 05:54:06,177 [pool-87-thread-1] INFO  impl.RaftServerImpl (ServerState.java:<init>(103)) - 7f194c44-d326-466e-a2f3-1afa0b12311e@group-371AD8C7E566: ConfigurationManager, init=-1: [7f194c44-d326-466e-a2f3-1afa0b12311e:192.168.69.104:41593], old=null, confs=<EMPTY_MAP>
2019-10-16 05:54:06,177 [pool-87-thread-1] INFO  server.RaftServerConfigKeys (ConfUtils.java:logGet(43)) - raft.server.storage.dir = [/workdir/hadoop-ozone/integration-test/target/test-dir/MiniOzoneClusterImpl-a7ed491f-9e2a-49d2-8991-52926c770a07/datanode-6/data/ratis] (custom)
2019-10-16 05:54:06,178 [pool-87-thread-1] INFO  server.RaftServerConfigKeys (ConfUtils.java:logGet(43)) - raft.server.log.corruption.policy = EXCEPTION (default)
2019-10-16 05:54:06,178 [pool-87-thread-1] INFO  storage.RaftStorageDirectory (RaftStorageDirectory.java:analyzeStorage(246)) - The storage directory /workdir/hadoop-ozone/integration-test/target/test-dir/MiniOzoneClusterImpl-a7ed491f-9e2a-49d2-8991-52926c770a07/datanode-6/data/ratis/c28a110d-53a6-4868-af35-371ad8c7e566 does not exist. Creating ...
2019-10-16 05:54:06,187 [f673e017-6a23-4a4d-8684-47aa34924efd@group-01DF5DFEDC68-LeaderElection1] INFO  impl.RoleInfo (RoleInfo.java:updateAndGet(143)) - f673e017-6a23-4a4d-8684-47aa34924efd: start LeaderState
2019-10-16 05:54:06,192 [pool-87-thread-1] INFO  storage.RaftStorageDirectory (RaftStorageDirectory.java:tryLock(328)) - Lock on /workdir/hadoop-ozone/integration-test/target/test-dir/MiniOzoneClusterImpl-a7ed491f-9e2a-49d2-8991-52926c770a07/datanode-6/data/ratis/c28a110d-53a6-4868-af35-371ad8c7e566/in_use.lock acquired by nodename 13521@pr-hdds-2312-q6qzp-1535798719
2019-10-16 05:54:06,211 [f673e017-6a23-4a4d-8684-47aa34924efd@group-01DF5DFEDC68-LeaderElection1] INFO  segmented.SegmentedRaftLogWorker (SegmentedRaftLogWorker.java:startLogSegment(385)) - f673e017-6a23-4a4d-8684-47aa34924efd@group-01DF5DFEDC68-SegmentedRaftLogWorker: Starting segment from index:0
2019-10-16 05:54:06,215 [pool-87-thread-1] INFO  storage.RaftStorage (RaftStorage.java:format(84)) - Storage directory /workdir/hadoop-ozone/integration-test/target/test-dir/MiniOzoneClusterImpl-a7ed491f-9e2a-49d2-8991-52926c770a07/datanode-6/data/ratis/c28a110d-53a6-4868-af35-371ad8c7e566 has been successfully formatted.
2019-10-16 05:54:06,216 [pool-87-thread-1] INFO  ratis.ContainerStateMachine (ContainerStateMachine.java:loadSnapshot(231)) - group-371AD8C7E566: The snapshot info is null. Setting the last applied indexto:(t:0, i:~)
2019-10-16 05:54:06,218 [pool-87-thread-1] INFO  server.RaftServerConfigKeys (ConfUtils.java:logGet(43)) - raft.server.notification.no-leader.timeout = 120s (custom)
2019-10-16 05:54:06,219 [pool-87-thread-1] INFO  server.RaftServerConfigKeys (ConfUtils.java:logGet(43)) - raft.server.log.use.memory = false (default)
2019-10-16 05:54:06,219 [pool-87-thread-1] INFO  server.RaftServerConfigKeys (ConfUtils.java:logGet(43)) - raft.server.log.purge.gap = 1000000 (custom)
2019-10-16 05:54:06,219 [pool-87-thread-1] INFO  server.RaftServerConfigKeys (ConfUtils.java:logGet(43)) - raft.server.log.appender.buffer.byte-limit = 33554432 (custom)
2019-10-16 05:54:06,219 [pool-87-thread-1] INFO  server.RaftServerConfigKeys (ConfUtils.java:logGet(43)) - raft.server.log.segment.size.max = 1048576 (custom)
2019-10-16 05:54:06,254 [pool-87-thread-1] INFO  server.RaftServerConfigKeys (ConfUtils.java:logGet(43)) - raft.server.log.segment.cache.num.max = 2 (custom)
2019-10-16 05:54:06,254 [pool-87-thread-1] INFO  segmented.SegmentedRaftLogWorker (SegmentedRaftLogWorker.java:<init>(173)) - new 7f194c44-d326-466e-a2f3-1afa0b12311e@group-371AD8C7E566-SegmentedRaftLogWorker for RaftStorage:Storage Directory /workdir/hadoop-ozone/integration-test/target/test-dir/MiniOzoneClusterImpl-a7ed491f-9e2a-49d2-8991-52926c770a07/datanode-6/data/ratis/c28a110d-53a6-4868-af35-371ad8c7e566
2019-10-16 05:54:06,254 [pool-87-thread-1] INFO  server.RaftServerConfigKeys (ConfUtils.java:logGet(43)) - raft.server.log.queue.byte-limit = 2147483647 (custom)
2019-10-16 05:54:06,254 [pool-87-thread-1] INFO  server.RaftServerConfigKeys (ConfUtils.java:logGet(43)) - raft.server.log.queue.element-limit = 1024 (custom)
2019-10-16 05:54:06,254 [pool-87-thread-1] INFO  server.RaftServerConfigKeys (ConfUtils.java:logGet(43)) - raft.server.log.segment.size.max = 1048576 (custom)
2019-10-16 05:54:06,255 [pool-87-thread-1] INFO  server.RaftServerConfigKeys (ConfUtils.java:logGet(43)) - raft.server.log.preallocated.size = 16384 (custom)
2019-10-16 05:54:06,255 [pool-87-thread-1] INFO  server.RaftServerConfigKeys (ConfUtils.java:logGet(43)) - raft.server.log.write.buffer.size = 33554432 (custom)
2019-10-16 05:54:06,255 [pool-87-thread-1] INFO  server.RaftServerConfigKeys (ConfUtils.java:logGet(43)) - raft.server.log.force.sync.num = 128 (default)
2019-10-16 05:54:06,255 [pool-87-thread-1] INFO  server.RaftServerConfigKeys (ConfUtils.java:logGet(43)) - raft.server.log.statemachine.data.sync = true (default)
2019-10-16 05:54:06,255 [pool-87-thread-1] INFO  server.RaftServerConfigKeys (ConfUtils.java:logGet(43)) - raft.server.log.statemachine.data.sync.timeout = 10s (default)
2019-10-16 05:54:06,255 [pool-87-thread-1] INFO  server.RaftServerConfigKeys (ConfUtils.java:logGet(43)) - raft.server.log.statemachine.data.sync.timeout.retry = -1 (default)
2019-10-16 05:54:06,256 [pool-87-thread-1] INFO  server.RaftServerConfigKeys (ConfUtils.java:logGet(43)) - raft.server.log.statemachine.data.caching.enabled = true (custom)
2019-10-16 05:54:06,256 [pool-87-thread-1] INFO  segmented.SegmentedRaftLogWorker (SegmentedRaftLogWorker.java:lambda$new$0(128)) - 7f194c44-d326-466e-a2f3-1afa0b12311e@group-371AD8C7E566-SegmentedRaftLogWorker: flushIndex: setUnconditionally 0 -> -1
2019-10-16 05:54:06,256 [pool-87-thread-1] INFO  server.RaftServerConfigKeys (ConfUtils.java:logGet(43)) - raft.server.snapshot.auto.trigger.enabled = true (custom)
2019-10-16 05:54:06,256 [pool-87-thread-1] INFO  server.RaftServerConfigKeys (ConfUtils.java:logGet(43)) - raft.server.snapshot.auto.trigger.threshold = 10000 (custom)
2019-10-16 05:54:06,257 [pool-87-thread-1] INFO  server.RaftServerConfigKeys (ConfUtils.java:logGet(43)) - raft.server.snapshot.retention.file.num = 5 (custom)
2019-10-16 05:54:06,257 [pool-87-thread-1] INFO  server.RaftServerConfigKeys (ConfUtils.java:logGet(43)) - raft.server.retrycache.expirytime = 600000ms (custom)
2019-10-16 05:54:06,258 [f673e017-6a23-4a4d-8684-47aa34924efd@group-01DF5DFEDC68-LeaderElection1] INFO  impl.RaftServerImpl (ServerState.java:setRaftConf(357)) - f673e017-6a23-4a4d-8684-47aa34924efd@group-01DF5DFEDC68: set configuration 0: [f673e017-6a23-4a4d-8684-47aa34924efd:192.168.69.104:34714], old=null at 0
2019-10-16 05:54:06,270 [pool-87-thread-1] INFO  impl.RaftServerImpl (RaftServerImpl.java:start(195)) - 7f194c44-d326-466e-a2f3-1afa0b12311e@group-371AD8C7E566: start as a follower, conf=-1: [7f194c44-d326-466e-a2f3-1afa0b12311e:192.168.69.104:41593], old=null
2019-10-16 05:54:06,270 [pool-87-thread-1] INFO  impl.RaftServerImpl (RaftServerImpl.java:setRole(184)) - 7f194c44-d326-466e-a2f3-1afa0b12311e@group-371AD8C7E566: changes role from      null to FOLLOWER at term 0 for startAsFollower
2019-10-16 05:54:06,270 [pool-87-thread-1] INFO  impl.RoleInfo (RoleInfo.java:updateAndGet(143)) - 7f194c44-d326-466e-a2f3-1afa0b12311e: start FollowerState
2019-10-16 05:54:06,271 [pool-87-thread-1] INFO  util.JmxRegister (JmxRegister.java:tryRegister(44)) - Successfully registered JMX Bean with object name Ratis:service=RaftServer,group=group-371AD8C7E566,id=7f194c44-d326-466e-a2f3-1afa0b12311e
2019-10-16 05:54:06,289 [RatisPipelineUtilsThread] INFO  pipeline.PipelineStateManager (PipelineStateManager.java:addPipeline(56)) - Created pipeline Pipeline[ Id: c28a110d-53a6-4868-af35-371ad8c7e566, Nodes: 7f194c44-d326-466e-a2f3-1afa0b12311e{ip: 192.168.69.104, host: pr-hdds-2312-q6qzp-1535798719, networkLocation: /default-rack, certSerialId: null}, Type:RATIS, Factor:ONE, State:OPEN]
2019-10-16 05:54:06,308 [grpc-default-executor-0] INFO  impl.RaftServerProxy (RaftServerProxy.java:addNew(89)) - 28fad83d-bdd1-43c5-9066-2f84db181b78: addNew group-7A0C688E6F55:[28fad83d-bdd1-43c5-9066-2f84db181b78:192.168.69.104:43518] returns group-7A0C688E6F55:java.util.concurrent.CompletableFuture@41f25ba1[Not completed]
2019-10-16 05:54:06,325 [pool-47-thread-1] INFO  impl.RaftServerImpl (RaftServerImpl.java:<init>(104)) - 28fad83d-bdd1-43c5-9066-2f84db181b78: new RaftServerImpl for group-7A0C688E6F55:[28fad83d-bdd1-43c5-9066-2f84db181b78:192.168.69.104:43518] with ContainerStateMachine:uninitialized
2019-10-16 05:54:06,325 [pool-47-thread-1] INFO  server.RaftServerConfigKeys (ConfUtils.java:logGet(43)) - raft.server.rpc.timeout.min = 5s (custom)
2019-10-16 05:54:06,325 [pool-47-thread-1] INFO  server.RaftServerConfigKeys (ConfUtils.java:logGet(43)) - raft.server.rpc.timeout.max = 5200ms (custom)
2019-10-16 05:54:06,326 [pool-47-thread-1] INFO  server.RaftServerConfigKeys (ConfUtils.java:logGet(43)) - raft.server.rpcslowness.timeout = 120s (custom)
2019-10-16 05:54:06,326 [pool-47-thread-1] INFO  server.RaftServerConfigKeys (ConfUtils.java:logGet(43)) - raft.server.sleep.deviation.threshold = 300 (default)
2019-10-16 05:54:06,326 [pool-47-thread-1] INFO  server.RaftServerConfigKeys (ConfUtils.java:logGet(43)) - raft.server.log.appender.install.snapshot.enabled = false (custom)
2019-10-16 05:54:06,326 [pool-47-thread-1] INFO  impl.RaftServerImpl (ServerState.java:<init>(103)) - 28fad83d-bdd1-43c5-9066-2f84db181b78@group-7A0C688E6F55: ConfigurationManager, init=-1: [28fad83d-bdd1-43c5-9066-2f84db181b78:192.168.69.104:43518], old=null, confs=<EMPTY_MAP>
2019-10-16 05:54:06,326 [pool-47-thread-1] INFO  server.RaftServerConfigKeys (ConfUtils.java:logGet(43)) - raft.server.storage.dir = [/workdir/hadoop-ozone/integration-test/target/test-dir/MiniOzoneClusterImpl-a7ed491f-9e2a-49d2-8991-52926c770a07/datanode-2/data/ratis] (custom)
2019-10-16 05:54:06,326 [pool-47-thread-1] INFO  server.RaftServerConfigKeys (ConfUtils.java:logGet(43)) - raft.server.log.corruption.policy = EXCEPTION (default)
2019-10-16 05:54:06,326 [pool-47-thread-1] INFO  storage.RaftStorageDirectory (RaftStorageDirectory.java:analyzeStorage(246)) - The storage directory /workdir/hadoop-ozone/integration-test/target/test-dir/MiniOzoneClusterImpl-a7ed491f-9e2a-49d2-8991-52926c770a07/datanode-2/data/ratis/5945bb6c-bec7-4ccc-942f-7a0c688e6f55 does not exist. Creating ...
2019-10-16 05:54:06,340 [pool-47-thread-1] INFO  storage.RaftStorageDirectory (RaftStorageDirectory.java:tryLock(328)) - Lock on /workdir/hadoop-ozone/integration-test/target/test-dir/MiniOzoneClusterImpl-a7ed491f-9e2a-49d2-8991-52926c770a07/datanode-2/data/ratis/5945bb6c-bec7-4ccc-942f-7a0c688e6f55/in_use.lock acquired by nodename 13521@pr-hdds-2312-q6qzp-1535798719
2019-10-16 05:54:06,355 [pool-47-thread-1] INFO  storage.RaftStorage (RaftStorage.java:format(84)) - Storage directory /workdir/hadoop-ozone/integration-test/target/test-dir/MiniOzoneClusterImpl-a7ed491f-9e2a-49d2-8991-52926c770a07/datanode-2/data/ratis/5945bb6c-bec7-4ccc-942f-7a0c688e6f55 has been successfully formatted.
2019-10-16 05:54:06,356 [pool-47-thread-1] INFO  ratis.ContainerStateMachine (ContainerStateMachine.java:loadSnapshot(231)) - group-7A0C688E6F55: The snapshot info is null. Setting the last applied indexto:(t:0, i:~)
2019-10-16 05:54:06,356 [pool-47-thread-1] INFO  server.RaftServerConfigKeys (ConfUtils.java:logGet(43)) - raft.server.notification.no-leader.timeout = 120s (custom)
2019-10-16 05:54:06,356 [pool-47-thread-1] INFO  server.RaftServerConfigKeys (ConfUtils.java:logGet(43)) - raft.server.log.use.memory = false (default)
2019-10-16 05:54:06,356 [pool-47-thread-1] INFO  server.RaftServerConfigKeys (ConfUtils.java:logGet(43)) - raft.server.log.purge.gap = 1000000 (custom)
2019-10-16 05:54:06,356 [pool-47-thread-1] INFO  server.RaftServerConfigKeys (ConfUtils.java:logGet(43)) - raft.server.log.appender.buffer.byte-limit = 33554432 (custom)
2019-10-16 05:54:06,356 [pool-47-thread-1] INFO  server.RaftServerConfigKeys (ConfUtils.java:logGet(43)) - raft.server.log.segment.size.max = 1048576 (custom)
2019-10-16 05:54:06,359 [pool-47-thread-1] INFO  server.RaftServerConfigKeys (ConfUtils.java:logGet(43)) - raft.server.log.segment.cache.num.max = 2 (custom)
2019-10-16 05:54:06,359 [pool-47-thread-1] INFO  segmented.SegmentedRaftLogWorker (SegmentedRaftLogWorker.java:<init>(173)) - new 28fad83d-bdd1-43c5-9066-2f84db181b78@group-7A0C688E6F55-SegmentedRaftLogWorker for RaftStorage:Storage Directory /workdir/hadoop-ozone/integration-test/target/test-dir/MiniOzoneClusterImpl-a7ed491f-9e2a-49d2-8991-52926c770a07/datanode-2/data/ratis/5945bb6c-bec7-4ccc-942f-7a0c688e6f55
2019-10-16 05:54:06,360 [pool-47-thread-1] INFO  server.RaftServerConfigKeys (ConfUtils.java:logGet(43)) - raft.server.log.queue.byte-limit = 2147483647 (custom)
2019-10-16 05:54:06,360 [pool-47-thread-1] INFO  server.RaftServerConfigKeys (ConfUtils.java:logGet(43)) - raft.server.log.queue.element-limit = 1024 (custom)
2019-10-16 05:54:06,360 [pool-47-thread-1] INFO  server.RaftServerConfigKeys (ConfUtils.java:logGet(43)) - raft.server.log.segment.size.max = 1048576 (custom)
2019-10-16 05:54:06,360 [pool-47-thread-1] INFO  server.RaftServerConfigKeys (ConfUtils.java:logGet(43)) - raft.server.log.preallocated.size = 16384 (custom)
2019-10-16 05:54:06,360 [pool-47-thread-1] INFO  server.RaftServerConfigKeys (ConfUtils.java:logGet(43)) - raft.server.log.write.buffer.size = 33554432 (custom)
2019-10-16 05:54:06,360 [pool-47-thread-1] INFO  server.RaftServerConfigKeys (ConfUtils.java:logGet(43)) - raft.server.log.force.sync.num = 128 (default)
2019-10-16 05:54:06,360 [pool-47-thread-1] INFO  server.RaftServerConfigKeys (ConfUtils.java:logGet(43)) - raft.server.log.statemachine.data.sync = true (default)
2019-10-16 05:54:06,360 [pool-47-thread-1] INFO  server.RaftServerConfigKeys (ConfUtils.java:logGet(43)) - raft.server.log.statemachine.data.sync.timeout = 10s (default)
2019-10-16 05:54:06,360 [pool-47-thread-1] INFO  server.RaftServerConfigKeys (ConfUtils.java:logGet(43)) - raft.server.log.statemachine.data.sync.timeout.retry = -1 (default)
2019-10-16 05:54:06,361 [pool-47-thread-1] INFO  server.RaftServerConfigKeys (ConfUtils.java:logGet(43)) - raft.server.log.statemachine.data.caching.enabled = true (custom)
2019-10-16 05:54:06,361 [pool-47-thread-1] INFO  segmented.SegmentedRaftLogWorker (SegmentedRaftLogWorker.java:lambda$new$0(128)) - 28fad83d-bdd1-43c5-9066-2f84db181b78@group-7A0C688E6F55-SegmentedRaftLogWorker: flushIndex: setUnconditionally 0 -> -1
2019-10-16 05:54:06,362 [pool-47-thread-1] INFO  server.RaftServerConfigKeys (ConfUtils.java:logGet(43)) - raft.server.snapshot.auto.trigger.enabled = true (custom)
2019-10-16 05:54:06,362 [pool-47-thread-1] INFO  server.RaftServerConfigKeys (ConfUtils.java:logGet(43)) - raft.server.snapshot.auto.trigger.threshold = 10000 (custom)
2019-10-16 05:54:06,362 [pool-47-thread-1] INFO  server.RaftServerConfigKeys (ConfUtils.java:logGet(43)) - raft.server.snapshot.retention.file.num = 5 (custom)
2019-10-16 05:54:06,362 [pool-47-thread-1] INFO  server.RaftServerConfigKeys (ConfUtils.java:logGet(43)) - raft.server.retrycache.expirytime = 600000ms (custom)
2019-10-16 05:54:06,368 [pool-47-thread-1] INFO  impl.RaftServerImpl (RaftServerImpl.java:start(195)) - 28fad83d-bdd1-43c5-9066-2f84db181b78@group-7A0C688E6F55: start as a follower, conf=-1: [28fad83d-bdd1-43c5-9066-2f84db181b78:192.168.69.104:43518], old=null
2019-10-16 05:54:06,368 [pool-47-thread-1] INFO  impl.RaftServerImpl (RaftServerImpl.java:setRole(184)) - 28fad83d-bdd1-43c5-9066-2f84db181b78@group-7A0C688E6F55: changes role from      null to FOLLOWER at term 0 for startAsFollower
2019-10-16 05:54:06,368 [pool-47-thread-1] INFO  impl.RoleInfo (RoleInfo.java:updateAndGet(143)) - 28fad83d-bdd1-43c5-9066-2f84db181b78: start FollowerState
2019-10-16 05:54:06,368 [pool-47-thread-1] INFO  util.JmxRegister (JmxRegister.java:tryRegister(44)) - Successfully registered JMX Bean with object name Ratis:service=RaftServer,group=group-7A0C688E6F55,id=28fad83d-bdd1-43c5-9066-2f84db181b78
2019-10-16 05:54:06,384 [Thread-290] INFO  impl.FollowerState (FollowerState.java:run(108)) - 7f194c44-d326-466e-a2f3-1afa0b12311e@group-371AD8C7E566-FollowerState: change to CANDIDATE, lastRpcTime:114ms, electionTimeout:113ms
2019-10-16 05:54:06,386 [Thread-293] INFO  impl.FollowerState (FollowerState.java:run(108)) - 28fad83d-bdd1-43c5-9066-2f84db181b78@group-7A0C688E6F55-FollowerState: change to CANDIDATE, lastRpcTime:16ms, electionTimeout:16ms
2019-10-16 05:54:06,386 [RatisPipelineUtilsThread] INFO  pipeline.PipelineStateManager (PipelineStateManager.java:addPipeline(56)) - Created pipeline Pipeline[ Id: 5945bb6c-bec7-4ccc-942f-7a0c688e6f55, Nodes: 28fad83d-bdd1-43c5-9066-2f84db181b78{ip: 192.168.69.104, host: pr-hdds-2312-q6qzp-1535798719, networkLocation: /default-rack, certSerialId: null}, Type:RATIS, Factor:ONE, State:OPEN]
2019-10-16 05:54:06,386 [Thread-293] INFO  impl.RoleInfo (RoleInfo.java:shutdownFollowerState(121)) - 28fad83d-bdd1-43c5-9066-2f84db181b78: shutdown FollowerState
2019-10-16 05:54:06,386 [Thread-290] INFO  impl.RoleInfo (RoleInfo.java:shutdownFollowerState(121)) - 7f194c44-d326-466e-a2f3-1afa0b12311e: shutdown FollowerState
2019-10-16 05:54:06,386 [Thread-293] INFO  impl.RaftServerImpl (RaftServerImpl.java:setRole(184)) - 28fad83d-bdd1-43c5-9066-2f84db181b78@group-7A0C688E6F55: changes role from  FOLLOWER to CANDIDATE at term 0 for changeToCandidate
2019-10-16 05:54:06,386 [Thread-290] INFO  impl.RaftServerImpl (RaftServerImpl.java:setRole(184)) - 7f194c44-d326-466e-a2f3-1afa0b12311e@group-371AD8C7E566: changes role from  FOLLOWER to CANDIDATE at term 0 for changeToCandidate
2019-10-16 05:54:06,386 [Thread-293] INFO  impl.RoleInfo (RoleInfo.java:updateAndGet(143)) - 28fad83d-bdd1-43c5-9066-2f84db181b78: start LeaderElection
2019-10-16 05:54:06,387 [Thread-290] INFO  impl.RoleInfo (RoleInfo.java:updateAndGet(143)) - 7f194c44-d326-466e-a2f3-1afa0b12311e: start LeaderElection
2019-10-16 05:54:06,411 [grpc-default-executor-0] INFO  impl.RaftServerProxy (RaftServerProxy.java:addNew(89)) - 9716ed81-e797-4622-8f9d-d0bad6b93ded: addNew group-B3C5D2F57F2C:[9716ed81-e797-4622-8f9d-d0bad6b93ded:192.168.69.104:37182] returns group-B3C5D2F57F2C:java.util.concurrent.CompletableFuture@6aaf4fe1[Not completed]
2019-10-16 05:54:06,414 [pool-77-thread-1] INFO  impl.RaftServerImpl (RaftServerImpl.java:<init>(104)) - 9716ed81-e797-4622-8f9d-d0bad6b93ded: new RaftServerImpl for group-B3C5D2F57F2C:[9716ed81-e797-4622-8f9d-d0bad6b93ded:192.168.69.104:37182] with ContainerStateMachine:uninitialized
2019-10-16 05:54:06,414 [pool-77-thread-1] INFO  server.RaftServerConfigKeys (ConfUtils.java:logGet(43)) - raft.server.rpc.timeout.min = 5s (custom)
2019-10-16 05:54:06,414 [28fad83d-bdd1-43c5-9066-2f84db181b78@group-7A0C688E6F55-LeaderElection2] INFO  impl.LeaderElection (LeaderElection.java:askForVotes(178)) - 28fad83d-bdd1-43c5-9066-2f84db181b78@group-7A0C688E6F55-LeaderElection2: begin an election at term 1 for -1: [28fad83d-bdd1-43c5-9066-2f84db181b78:192.168.69.104:43518], old=null
2019-10-16 05:54:06,422 [pool-77-thread-1] INFO  server.RaftServerConfigKeys (ConfUtils.java:logGet(43)) - raft.server.rpc.timeout.max = 5200ms (custom)
2019-10-16 05:54:06,420 [7f194c44-d326-466e-a2f3-1afa0b12311e@group-371AD8C7E566-LeaderElection3] INFO  impl.LeaderElection (LeaderElection.java:askForVotes(178)) - 7f194c44-d326-466e-a2f3-1afa0b12311e@group-371AD8C7E566-LeaderElection3: begin an election at term 1 for -1: [7f194c44-d326-466e-a2f3-1afa0b12311e:192.168.69.104:41593], old=null
2019-10-16 05:54:06,422 [pool-77-thread-1] INFO  server.RaftServerConfigKeys (ConfUtils.java:logGet(43)) - raft.server.rpcslowness.timeout = 120s (custom)
2019-10-16 05:54:06,422 [7f194c44-d326-466e-a2f3-1afa0b12311e@group-371AD8C7E566-LeaderElection3] INFO  impl.RoleInfo (RoleInfo.java:shutdownLeaderElection(134)) - 7f194c44-d326-466e-a2f3-1afa0b12311e: shutdown LeaderElection
2019-10-16 05:54:06,422 [28fad83d-bdd1-43c5-9066-2f84db181b78@group-7A0C688E6F55-LeaderElection2] INFO  impl.RoleInfo (RoleInfo.java:shutdownLeaderElection(134)) - 28fad83d-bdd1-43c5-9066-2f84db181b78: shutdown LeaderElection
2019-10-16 05:54:06,422 [7f194c44-d326-466e-a2f3-1afa0b12311e@group-371AD8C7E566-LeaderElection3] INFO  impl.RaftServerImpl (RaftServerImpl.java:setRole(184)) - 7f194c44-d326-466e-a2f3-1afa0b12311e@group-371AD8C7E566: changes role from CANDIDATE to LEADER at term 1 for changeToLeader
2019-10-16 05:54:06,422 [pool-77-thread-1] INFO  server.RaftServerConfigKeys (ConfUtils.java:logGet(43)) - raft.server.sleep.deviation.threshold = 300 (default)
2019-10-16 05:54:06,423 [7f194c44-d326-466e-a2f3-1afa0b12311e@group-371AD8C7E566-LeaderElection3] INFO  impl.RaftServerImpl (ServerState.java:setLeader(256)) - 7f194c44-d326-466e-a2f3-1afa0b12311e@group-371AD8C7E566: change Leader from null to 7f194c44-d326-466e-a2f3-1afa0b12311e at term 1 for becomeLeader, leader elected after 204ms
2019-10-16 05:54:06,422 [28fad83d-bdd1-43c5-9066-2f84db181b78@group-7A0C688E6F55-LeaderElection2] INFO  impl.RaftServerImpl (RaftServerImpl.java:setRole(184)) - 28fad83d-bdd1-43c5-9066-2f84db181b78@group-7A0C688E6F55: changes role from CANDIDATE to LEADER at term 1 for changeToLeader
2019-10-16 05:54:06,424 [7f194c44-d326-466e-a2f3-1afa0b12311e@group-371AD8C7E566-LeaderElection3] INFO  server.RaftServerConfigKeys (ConfUtils.java:logGet(43)) - raft.server.staging.catchup.gap = 1000 (default)
2019-10-16 05:54:06,423 [pool-77-thread-1] INFO  server.RaftServerConfigKeys (ConfUtils.java:logGet(43)) - raft.server.log.appender.install.snapshot.enabled = false (custom)
2019-10-16 05:54:06,424 [7f194c44-d326-466e-a2f3-1afa0b12311e@group-371AD8C7E566-LeaderElection3] INFO  server.RaftServerConfigKeys (ConfUtils.java:logGet(43)) - raft.server.rpc.sleep.time = 25ms (default)
2019-10-16 05:54:06,424 [28fad83d-bdd1-43c5-9066-2f84db181b78@group-7A0C688E6F55-LeaderElection2] INFO  impl.RaftServerImpl (ServerState.java:setLeader(256)) - 28fad83d-bdd1-43c5-9066-2f84db181b78@group-7A0C688E6F55: change Leader from null to 28fad83d-bdd1-43c5-9066-2f84db181b78 at term 1 for becomeLeader, leader elected after 68ms
2019-10-16 05:54:06,424 [pool-77-thread-1] INFO  impl.RaftServerImpl (ServerState.java:<init>(103)) - 9716ed81-e797-4622-8f9d-d0bad6b93ded@group-B3C5D2F57F2C: ConfigurationManager, init=-1: [9716ed81-e797-4622-8f9d-d0bad6b93ded:192.168.69.104:37182], old=null, confs=<EMPTY_MAP>
2019-10-16 05:54:06,424 [7f194c44-d326-466e-a2f3-1afa0b12311e@group-371AD8C7E566-LeaderElection3] INFO  server.RaftServerConfigKeys (ConfUtils.java:logGet(43)) - raft.server.write.element-limit = 4096 (default)
2019-10-16 05:54:06,425 [pool-77-thread-1] INFO  server.RaftServerConfigKeys (ConfUtils.java:logGet(43)) - raft.server.storage.dir = [/workdir/hadoop-ozone/integration-test/target/test-dir/MiniOzoneClusterImpl-a7ed491f-9e2a-49d2-8991-52926c770a07/datanode-5/data/ratis] (custom)
2019-10-16 05:54:06,426 [7f194c44-d326-466e-a2f3-1afa0b12311e@group-371AD8C7E566-LeaderElection3] INFO  server.RaftServerConfigKeys (ConfUtils.java:logGet(43)) - raft.server.watch.timeout = 10s (default)
2019-10-16 05:54:06,425 [28fad83d-bdd1-43c5-9066-2f84db181b78@group-7A0C688E6F55-LeaderElection2] INFO  server.RaftServerConfigKeys (ConfUtils.java:logGet(43)) - raft.server.staging.catchup.gap = 1000 (default)
2019-10-16 05:54:06,426 [pool-77-thread-1] INFO  server.RaftServerConfigKeys (ConfUtils.java:logGet(43)) - raft.server.log.corruption.policy = EXCEPTION (default)
2019-10-16 05:54:06,426 [7f194c44-d326-466e-a2f3-1afa0b12311e@group-371AD8C7E566-LeaderElection3] INFO  server.RaftServerConfigKeys (ConfUtils.java:logGet(43)) - raft.server.watch.timeout.denomination = 1s (default)
2019-10-16 05:54:06,426 [28fad83d-bdd1-43c5-9066-2f84db181b78@group-7A0C688E6F55-LeaderElection2] INFO  server.RaftServerConfigKeys (ConfUtils.java:logGet(43)) - raft.server.rpc.sleep.time = 25ms (default)
2019-10-16 05:54:06,426 [7f194c44-d326-466e-a2f3-1afa0b12311e@group-371AD8C7E566-LeaderElection3] INFO  server.RaftServerConfigKeys (ConfUtils.java:logGet(43)) - raft.server.watch.element-limit = 65536 (default)
2019-10-16 05:54:06,426 [pool-77-thread-1] INFO  storage.RaftStorageDirectory (RaftStorageDirectory.java:analyzeStorage(246)) - The storage directory /workdir/hadoop-ozone/integration-test/target/test-dir/MiniOzoneClusterImpl-a7ed491f-9e2a-49d2-8991-52926c770a07/datanode-5/data/ratis/47c549ef-26d6-4fc4-a410-b3c5d2f57f2c does not exist. Creating ...
2019-10-16 05:54:06,426 [28fad83d-bdd1-43c5-9066-2f84db181b78@group-7A0C688E6F55-LeaderElection2] INFO  server.RaftServerConfigKeys (ConfUtils.java:logGet(43)) - raft.server.write.element-limit = 4096 (default)
2019-10-16 05:54:06,426 [28fad83d-bdd1-43c5-9066-2f84db181b78@group-7A0C688E6F55-LeaderElection2] INFO  server.RaftServerConfigKeys (ConfUtils.java:logGet(43)) - raft.server.watch.timeout = 10s (default)
2019-10-16 05:54:06,427 [28fad83d-bdd1-43c5-9066-2f84db181b78@group-7A0C688E6F55-LeaderElection2] INFO  server.RaftServerConfigKeys (ConfUtils.java:logGet(43)) - raft.server.watch.timeout.denomination = 1s (default)
2019-10-16 05:54:06,427 [28fad83d-bdd1-43c5-9066-2f84db181b78@group-7A0C688E6F55-LeaderElection2] INFO  server.RaftServerConfigKeys (ConfUtils.java:logGet(43)) - raft.server.watch.element-limit = 65536 (default)
2019-10-16 05:54:06,430 [7f194c44-d326-466e-a2f3-1afa0b12311e@group-371AD8C7E566-LeaderElection3] INFO  impl.RoleInfo (RoleInfo.java:updateAndGet(143)) - 7f194c44-d326-466e-a2f3-1afa0b12311e: start LeaderState
2019-10-16 05:54:06,431 [7f194c44-d326-466e-a2f3-1afa0b12311e@group-371AD8C7E566-LeaderElection3] INFO  segmented.SegmentedRaftLogWorker (SegmentedRaftLogWorker.java:startLogSegment(385)) - 7f194c44-d326-466e-a2f3-1afa0b12311e@group-371AD8C7E566-SegmentedRaftLogWorker: Starting segment from index:0
2019-10-16 05:54:06,431 [28fad83d-bdd1-43c5-9066-2f84db181b78@group-7A0C688E6F55-LeaderElection2] INFO  impl.RoleInfo (RoleInfo.java:updateAndGet(143)) - 28fad83d-bdd1-43c5-9066-2f84db181b78: start LeaderState
2019-10-16 05:54:06,432 [7f194c44-d326-466e-a2f3-1afa0b12311e@group-371AD8C7E566-LeaderElection3] INFO  impl.RaftServerImpl (ServerState.java:setRaftConf(357)) - 7f194c44-d326-466e-a2f3-1afa0b12311e@group-371AD8C7E566: set configuration 0: [7f194c44-d326-466e-a2f3-1afa0b12311e:192.168.69.104:41593], old=null at 0
2019-10-16 05:54:06,432 [pool-77-thread-1] INFO  storage.RaftStorageDirectory (RaftStorageDirectory.java:tryLock(328)) - Lock on /workdir/hadoop-ozone/integration-test/target/test-dir/MiniOzoneClusterImpl-a7ed491f-9e2a-49d2-8991-52926c770a07/datanode-5/data/ratis/47c549ef-26d6-4fc4-a410-b3c5d2f57f2c/in_use.lock acquired by nodename 13521@pr-hdds-2312-q6qzp-1535798719
2019-10-16 05:54:06,433 [28fad83d-bdd1-43c5-9066-2f84db181b78@group-7A0C688E6F55-LeaderElection2] INFO  segmented.SegmentedRaftLogWorker (SegmentedRaftLogWorker.java:startLogSegment(385)) - 28fad83d-bdd1-43c5-9066-2f84db181b78@group-7A0C688E6F55-SegmentedRaftLogWorker: Starting segment from index:0
2019-10-16 05:54:06,434 [28fad83d-bdd1-43c5-9066-2f84db181b78@group-7A0C688E6F55-LeaderElection2] INFO  impl.RaftServerImpl (ServerState.java:setRaftConf(357)) - 28fad83d-bdd1-43c5-9066-2f84db181b78@group-7A0C688E6F55: set configuration 0: [28fad83d-bdd1-43c5-9066-2f84db181b78:192.168.69.104:43518], old=null at 0
2019-10-16 05:54:06,442 [pool-77-thread-1] INFO  storage.RaftStorage (RaftStorage.java:format(84)) - Storage directory /workdir/hadoop-ozone/integration-test/target/test-dir/MiniOzoneClusterImpl-a7ed491f-9e2a-49d2-8991-52926c770a07/datanode-5/data/ratis/47c549ef-26d6-4fc4-a410-b3c5d2f57f2c has been successfully formatted.
2019-10-16 05:54:06,442 [pool-77-thread-1] INFO  ratis.ContainerStateMachine (ContainerStateMachine.java:loadSnapshot(231)) - group-B3C5D2F57F2C: The snapshot info is null. Setting the last applied indexto:(t:0, i:~)
2019-10-16 05:54:06,442 [pool-77-thread-1] INFO  server.RaftServerConfigKeys (ConfUtils.java:logGet(43)) - raft.server.notification.no-leader.timeout = 120s (custom)
2019-10-16 05:54:06,443 [pool-77-thread-1] INFO  server.RaftServerConfigKeys (ConfUtils.java:logGet(43)) - raft.server.log.use.memory = false (default)
2019-10-16 05:54:06,443 [pool-77-thread-1] INFO  server.RaftServerConfigKeys (ConfUtils.java:logGet(43)) - raft.server.log.purge.gap = 1000000 (custom)
2019-10-16 05:54:06,443 [pool-77-thread-1] INFO  server.RaftServerConfigKeys (ConfUtils.java:logGet(43)) - raft.server.log.appender.buffer.byte-limit = 33554432 (custom)
2019-10-16 05:54:06,443 [pool-77-thread-1] INFO  server.RaftServerConfigKeys (ConfUtils.java:logGet(43)) - raft.server.log.segment.size.max = 1048576 (custom)
2019-10-16 05:54:06,445 [pool-77-thread-1] INFO  server.RaftServerConfigKeys (ConfUtils.java:logGet(43)) - raft.server.log.segment.cache.num.max = 2 (custom)
2019-10-16 05:54:06,445 [pool-77-thread-1] INFO  segmented.SegmentedRaftLogWorker (SegmentedRaftLogWorker.java:<init>(173)) - new 9716ed81-e797-4622-8f9d-d0bad6b93ded@group-B3C5D2F57F2C-SegmentedRaftLogWorker for RaftStorage:Storage Directory /workdir/hadoop-ozone/integration-test/target/test-dir/MiniOzoneClusterImpl-a7ed491f-9e2a-49d2-8991-52926c770a07/datanode-5/data/ratis/47c549ef-26d6-4fc4-a410-b3c5d2f57f2c
2019-10-16 05:54:06,445 [pool-77-thread-1] INFO  server.RaftServerConfigKeys (ConfUtils.java:logGet(43)) - raft.server.log.queue.byte-limit = 2147483647 (custom)
2019-10-16 05:54:06,445 [pool-77-thread-1] INFO  server.RaftServerConfigKeys (ConfUtils.java:logGet(43)) - raft.server.log.queue.element-limit = 1024 (custom)
2019-10-16 05:54:06,446 [pool-77-thread-1] INFO  server.RaftServerConfigKeys (ConfUtils.java:logGet(43)) - raft.server.log.segment.size.max = 1048576 (custom)
2019-10-16 05:54:06,446 [pool-77-thread-1] INFO  server.RaftServerConfigKeys (ConfUtils.java:logGet(43)) - raft.server.log.preallocated.size = 16384 (custom)
2019-10-16 05:54:06,446 [pool-77-thread-1] INFO  server.RaftServerConfigKeys (ConfUtils.java:logGet(43)) - raft.server.log.write.buffer.size = 33554432 (custom)
2019-10-16 05:54:06,446 [pool-77-thread-1] INFO  server.RaftServerConfigKeys (ConfUtils.java:logGet(43)) - raft.server.log.force.sync.num = 128 (default)
2019-10-16 05:54:06,446 [pool-77-thread-1] INFO  server.RaftServerConfigKeys (ConfUtils.java:logGet(43)) - raft.server.log.statemachine.data.sync = true (default)
2019-10-16 05:54:06,446 [pool-77-thread-1] INFO  server.RaftServerConfigKeys (ConfUtils.java:logGet(43)) - raft.server.log.statemachine.data.sync.timeout = 10s (default)
2019-10-16 05:54:06,446 [pool-77-thread-1] INFO  server.RaftServerConfigKeys (ConfUtils.java:logGet(43)) - raft.server.log.statemachine.data.sync.timeout.retry = -1 (default)
2019-10-16 05:54:06,447 [pool-77-thread-1] INFO  server.RaftServerConfigKeys (ConfUtils.java:logGet(43)) - raft.server.log.statemachine.data.caching.enabled = true (custom)
2019-10-16 05:54:06,447 [pool-77-thread-1] INFO  segmented.SegmentedRaftLogWorker (SegmentedRaftLogWorker.java:lambda$new$0(128)) - 9716ed81-e797-4622-8f9d-d0bad6b93ded@group-B3C5D2F57F2C-SegmentedRaftLogWorker: flushIndex: setUnconditionally 0 -> -1
2019-10-16 05:54:06,447 [pool-77-thread-1] INFO  server.RaftServerConfigKeys (ConfUtils.java:logGet(43)) - raft.server.snapshot.auto.trigger.enabled = true (custom)
2019-10-16 05:54:06,447 [pool-77-thread-1] INFO  server.RaftServerConfigKeys (ConfUtils.java:logGet(43)) - raft.server.snapshot.auto.trigger.threshold = 10000 (custom)
2019-10-16 05:54:06,447 [pool-77-thread-1] INFO  server.RaftServerConfigKeys (ConfUtils.java:logGet(43)) - raft.server.snapshot.retention.file.num = 5 (custom)
2019-10-16 05:54:06,448 [pool-77-thread-1] INFO  server.RaftServerConfigKeys (ConfUtils.java:logGet(43)) - raft.server.retrycache.expirytime = 600000ms (custom)
2019-10-16 05:54:06,452 [pool-77-thread-1] INFO  impl.RaftServerImpl (RaftServerImpl.java:start(195)) - 9716ed81-e797-4622-8f9d-d0bad6b93ded@group-B3C5D2F57F2C: start as a follower, conf=-1: [9716ed81-e797-4622-8f9d-d0bad6b93ded:192.168.69.104:37182], old=null
2019-10-16 05:54:06,452 [pool-77-thread-1] INFO  impl.RaftServerImpl (RaftServerImpl.java:setRole(184)) - 9716ed81-e797-4622-8f9d-d0bad6b93ded@group-B3C5D2F57F2C: changes role from      null to FOLLOWER at term 0 for startAsFollower
2019-10-16 05:54:06,452 [pool-77-thread-1] INFO  impl.RoleInfo (RoleInfo.java:updateAndGet(143)) - 9716ed81-e797-4622-8f9d-d0bad6b93ded: start FollowerState
2019-10-16 05:54:06,452 [pool-77-thread-1] INFO  util.JmxRegister (JmxRegister.java:tryRegister(44)) - Successfully registered JMX Bean with object name Ratis:service=RaftServer,group=group-B3C5D2F57F2C,id=9716ed81-e797-4622-8f9d-d0bad6b93ded
2019-10-16 05:54:06,471 [RatisPipelineUtilsThread] INFO  pipeline.PipelineStateManager (PipelineStateManager.java:addPipeline(56)) - Created pipeline Pipeline[ Id: 47c549ef-26d6-4fc4-a410-b3c5d2f57f2c, Nodes: 9716ed81-e797-4622-8f9d-d0bad6b93ded{ip: 192.168.69.104, host: pr-hdds-2312-q6qzp-1535798719, networkLocation: /default-rack, certSerialId: null}, Type:RATIS, Factor:ONE, State:OPEN]
2019-10-16 05:54:06,486 [grpc-default-executor-0] INFO  impl.RaftServerProxy (RaftServerProxy.java:addNew(89)) - e8d6ebf1-6bcf-43aa-933b-e68e6e027da1: addNew group-A12FCF5154CA:[e8d6ebf1-6bcf-43aa-933b-e68e6e027da1:192.168.69.104:46329] returns group-A12FCF5154CA:java.util.concurrent.CompletableFuture@383b9a6[Not completed]
2019-10-16 05:54:06,489 [pool-107-thread-1] INFO  impl.RaftServerImpl (RaftServerImpl.java:<init>(104)) - e8d6ebf1-6bcf-43aa-933b-e68e6e027da1: new RaftServerImpl for group-A12FCF5154CA:[e8d6ebf1-6bcf-43aa-933b-e68e6e027da1:192.168.69.104:46329] with ContainerStateMachine:uninitialized
2019-10-16 05:54:06,489 [pool-107-thread-1] INFO  server.RaftServerConfigKeys (ConfUtils.java:logGet(43)) - raft.server.rpc.timeout.min = 5s (custom)
2019-10-16 05:54:06,489 [pool-107-thread-1] INFO  server.RaftServerConfigKeys (ConfUtils.java:logGet(43)) - raft.server.rpc.timeout.max = 5200ms (custom)
2019-10-16 05:54:06,489 [pool-107-thread-1] INFO  server.RaftServerConfigKeys (ConfUtils.java:logGet(43)) - raft.server.rpcslowness.timeout = 120s (custom)
2019-10-16 05:54:06,489 [pool-107-thread-1] INFO  server.RaftServerConfigKeys (ConfUtils.java:logGet(43)) - raft.server.sleep.deviation.threshold = 300 (default)
2019-10-16 05:54:06,489 [pool-107-thread-1] INFO  server.RaftServerConfigKeys (ConfUtils.java:logGet(43)) - raft.server.log.appender.install.snapshot.enabled = false (custom)
2019-10-16 05:54:06,490 [pool-107-thread-1] INFO  impl.RaftServerImpl (ServerState.java:<init>(103)) - e8d6ebf1-6bcf-43aa-933b-e68e6e027da1@group-A12FCF5154CA: ConfigurationManager, init=-1: [e8d6ebf1-6bcf-43aa-933b-e68e6e027da1:192.168.69.104:46329], old=null, confs=<EMPTY_MAP>
2019-10-16 05:54:06,490 [pool-107-thread-1] INFO  server.RaftServerConfigKeys (ConfUtils.java:logGet(43)) - raft.server.storage.dir = [/workdir/hadoop-ozone/integration-test/target/test-dir/MiniOzoneClusterImpl-a7ed491f-9e2a-49d2-8991-52926c770a07/datanode-8/data/ratis] (custom)
2019-10-16 05:54:06,490 [pool-107-thread-1] INFO  server.RaftServerConfigKeys (ConfUtils.java:logGet(43)) - raft.server.log.corruption.policy = EXCEPTION (default)
2019-10-16 05:54:06,490 [pool-107-thread-1] INFO  storage.RaftStorageDirectory (RaftStorageDirectory.java:analyzeStorage(246)) - The storage directory /workdir/hadoop-ozone/integration-test/target/test-dir/MiniOzoneClusterImpl-a7ed491f-9e2a-49d2-8991-52926c770a07/datanode-8/data/ratis/6e0ba451-e19a-498e-aa20-a12fcf5154ca does not exist. Creating ...
2019-10-16 05:54:06,503 [pool-107-thread-1] INFO  storage.RaftStorageDirectory (RaftStorageDirectory.java:tryLock(328)) - Lock on /workdir/hadoop-ozone/integration-test/target/test-dir/MiniOzoneClusterImpl-a7ed491f-9e2a-49d2-8991-52926c770a07/datanode-8/data/ratis/6e0ba451-e19a-498e-aa20-a12fcf5154ca/in_use.lock acquired by nodename 13521@pr-hdds-2312-q6qzp-1535798719
2019-10-16 05:54:06,516 [pool-107-thread-1] INFO  storage.RaftStorage (RaftStorage.java:format(84)) - Storage directory /workdir/hadoop-ozone/integration-test/target/test-dir/MiniOzoneClusterImpl-a7ed491f-9e2a-49d2-8991-52926c770a07/datanode-8/data/ratis/6e0ba451-e19a-498e-aa20-a12fcf5154ca has been successfully formatted.
2019-10-16 05:54:06,517 [pool-107-thread-1] INFO  ratis.ContainerStateMachine (ContainerStateMachine.java:loadSnapshot(231)) - group-A12FCF5154CA: The snapshot info is null. Setting the last applied indexto:(t:0, i:~)
2019-10-16 05:54:06,517 [pool-107-thread-1] INFO  server.RaftServerConfigKeys (ConfUtils.java:logGet(43)) - raft.server.notification.no-leader.timeout = 120s (custom)
2019-10-16 05:54:06,517 [pool-107-thread-1] INFO  server.RaftServerConfigKeys (ConfUtils.java:logGet(43)) - raft.server.log.use.memory = false (default)
2019-10-16 05:54:06,517 [pool-107-thread-1] INFO  server.RaftServerConfigKeys (ConfUtils.java:logGet(43)) - raft.server.log.purge.gap = 1000000 (custom)
2019-10-16 05:54:06,517 [pool-107-thread-1] INFO  server.RaftServerConfigKeys (ConfUtils.java:logGet(43)) - raft.server.log.appender.buffer.byte-limit = 33554432 (custom)
2019-10-16 05:54:06,517 [pool-107-thread-1] INFO  server.RaftServerConfigKeys (ConfUtils.java:logGet(43)) - raft.server.log.segment.size.max = 1048576 (custom)
2019-10-16 05:54:06,520 [pool-107-thread-1] INFO  server.RaftServerConfigKeys (ConfUtils.java:logGet(43)) - raft.server.log.segment.cache.num.max = 2 (custom)
2019-10-16 05:54:06,520 [pool-107-thread-1] INFO  segmented.SegmentedRaftLogWorker (SegmentedRaftLogWorker.java:<init>(173)) - new e8d6ebf1-6bcf-43aa-933b-e68e6e027da1@group-A12FCF5154CA-SegmentedRaftLogWorker for RaftStorage:Storage Directory /workdir/hadoop-ozone/integration-test/target/test-dir/MiniOzoneClusterImpl-a7ed491f-9e2a-49d2-8991-52926c770a07/datanode-8/data/ratis/6e0ba451-e19a-498e-aa20-a12fcf5154ca
2019-10-16 05:54:06,520 [pool-107-thread-1] INFO  server.RaftServerConfigKeys (ConfUtils.java:logGet(43)) - raft.server.log.queue.byte-limit = 2147483647 (custom)
2019-10-16 05:54:06,520 [pool-107-thread-1] INFO  server.RaftServerConfigKeys (ConfUtils.java:logGet(43)) - raft.server.log.queue.element-limit = 1024 (custom)
2019-10-16 05:54:06,520 [pool-107-thread-1] INFO  server.RaftServerConfigKeys (ConfUtils.java:logGet(43)) - raft.server.log.segment.size.max = 1048576 (custom)
2019-10-16 05:54:06,520 [pool-107-thread-1] INFO  server.RaftServerConfigKeys (ConfUtils.java:logGet(43)) - raft.server.log.preallocated.size = 16384 (custom)
2019-10-16 05:54:06,520 [pool-107-thread-1] INFO  server.RaftServerConfigKeys (ConfUtils.java:logGet(43)) - raft.server.log.write.buffer.size = 33554432 (custom)
2019-10-16 05:54:06,520 [pool-107-thread-1] INFO  server.RaftServerConfigKeys (ConfUtils.java:logGet(43)) - raft.server.log.force.sync.num = 128 (default)
2019-10-16 05:54:06,521 [pool-107-thread-1] INFO  server.RaftServerConfigKeys (ConfUtils.java:logGet(43)) - raft.server.log.statemachine.data.sync = true (default)
2019-10-16 05:54:06,521 [pool-107-thread-1] INFO  server.RaftServerConfigKeys (ConfUtils.java:logGet(43)) - raft.server.log.statemachine.data.sync.timeout = 10s (default)
2019-10-16 05:54:06,521 [pool-107-thread-1] INFO  server.RaftServerConfigKeys (ConfUtils.java:logGet(43)) - raft.server.log.statemachine.data.sync.timeout.retry = -1 (default)
2019-10-16 05:54:06,521 [pool-107-thread-1] INFO  server.RaftServerConfigKeys (ConfUtils.java:logGet(43)) - raft.server.log.statemachine.data.caching.enabled = true (custom)
2019-10-16 05:54:06,522 [pool-107-thread-1] INFO  segmented.SegmentedRaftLogWorker (SegmentedRaftLogWorker.java:lambda$new$0(128)) - e8d6ebf1-6bcf-43aa-933b-e68e6e027da1@group-A12FCF5154CA-SegmentedRaftLogWorker: flushIndex: setUnconditionally 0 -> -1
2019-10-16 05:54:06,522 [pool-107-thread-1] INFO  server.RaftServerConfigKeys (ConfUtils.java:logGet(43)) - raft.server.snapshot.auto.trigger.enabled = true (custom)
2019-10-16 05:54:06,522 [pool-107-thread-1] INFO  server.RaftServerConfigKeys (ConfUtils.java:logGet(43)) - raft.server.snapshot.auto.trigger.threshold = 10000 (custom)
2019-10-16 05:54:06,522 [pool-107-thread-1] INFO  server.RaftServerConfigKeys (ConfUtils.java:logGet(43)) - raft.server.snapshot.retention.file.num = 5 (custom)
2019-10-16 05:54:06,522 [pool-107-thread-1] INFO  server.RaftServerConfigKeys (ConfUtils.java:logGet(43)) - raft.server.retrycache.expirytime = 600000ms (custom)
2019-10-16 05:54:06,526 [pool-107-thread-1] INFO  impl.RaftServerImpl (RaftServerImpl.java:start(195)) - e8d6ebf1-6bcf-43aa-933b-e68e6e027da1@group-A12FCF5154CA: start as a follower, conf=-1: [e8d6ebf1-6bcf-43aa-933b-e68e6e027da1:192.168.69.104:46329], old=null
2019-10-16 05:54:06,526 [pool-107-thread-1] INFO  impl.RaftServerImpl (RaftServerImpl.java:setRole(184)) - e8d6ebf1-6bcf-43aa-933b-e68e6e027da1@group-A12FCF5154CA: changes role from      null to FOLLOWER at term 0 for startAsFollower
2019-10-16 05:54:06,526 [pool-107-thread-1] INFO  impl.RoleInfo (RoleInfo.java:updateAndGet(143)) - e8d6ebf1-6bcf-43aa-933b-e68e6e027da1: start FollowerState
2019-10-16 05:54:06,526 [pool-107-thread-1] INFO  util.JmxRegister (JmxRegister.java:tryRegister(44)) - Successfully registered JMX Bean with object name Ratis:service=RaftServer,group=group-A12FCF5154CA,id=e8d6ebf1-6bcf-43aa-933b-e68e6e027da1
2019-10-16 05:54:06,553 [Thread-303] INFO  impl.FollowerState (FollowerState.java:run(108)) - e8d6ebf1-6bcf-43aa-933b-e68e6e027da1@group-A12FCF5154CA-FollowerState: change to CANDIDATE, lastRpcTime:27ms, electionTimeout:24ms
2019-10-16 05:54:06,553 [Thread-300] INFO  impl.FollowerState (FollowerState.java:run(108)) - 9716ed81-e797-4622-8f9d-d0bad6b93ded@group-B3C5D2F57F2C-FollowerState: change to CANDIDATE, lastRpcTime:101ms, electionTimeout:87ms
2019-10-16 05:54:06,554 [Thread-303] INFO  impl.RoleInfo (RoleInfo.java:shutdownFollowerState(121)) - e8d6ebf1-6bcf-43aa-933b-e68e6e027da1: shutdown FollowerState
2019-10-16 05:54:06,554 [Thread-300] INFO  impl.RoleInfo (RoleInfo.java:shutdownFollowerState(121)) - 9716ed81-e797-4622-8f9d-d0bad6b93ded: shutdown FollowerState
2019-10-16 05:54:06,554 [Thread-303] INFO  impl.RaftServerImpl (RaftServerImpl.java:setRole(184)) - e8d6ebf1-6bcf-43aa-933b-e68e6e027da1@group-A12FCF5154CA: changes role from  FOLLOWER to CANDIDATE at term 0 for changeToCandidate
2019-10-16 05:54:06,554 [Thread-300] INFO  impl.RaftServerImpl (RaftServerImpl.java:setRole(184)) - 9716ed81-e797-4622-8f9d-d0bad6b93ded@group-B3C5D2F57F2C: changes role from  FOLLOWER to CANDIDATE at term 0 for changeToCandidate
2019-10-16 05:54:06,554 [Thread-303] INFO  impl.RoleInfo (RoleInfo.java:updateAndGet(143)) - e8d6ebf1-6bcf-43aa-933b-e68e6e027da1: start LeaderElection
2019-10-16 05:54:06,554 [Thread-300] INFO  impl.RoleInfo (RoleInfo.java:updateAndGet(143)) - 9716ed81-e797-4622-8f9d-d0bad6b93ded: start LeaderElection
2019-10-16 05:54:06,569 [RatisPipelineUtilsThread] INFO  pipeline.PipelineStateManager (PipelineStateManager.java:addPipeline(56)) - Created pipeline Pipeline[ Id: 6e0ba451-e19a-498e-aa20-a12fcf5154ca, Nodes: e8d6ebf1-6bcf-43aa-933b-e68e6e027da1{ip: 192.168.69.104, host: pr-hdds-2312-q6qzp-1535798719, networkLocation: /default-rack, certSerialId: null}, Type:RATIS, Factor:ONE, State:OPEN]
2019-10-16 05:54:06,576 [e8d6ebf1-6bcf-43aa-933b-e68e6e027da1@group-A12FCF5154CA-LeaderElection4] INFO  impl.LeaderElection (LeaderElection.java:askForVotes(178)) - e8d6ebf1-6bcf-43aa-933b-e68e6e027da1@group-A12FCF5154CA-LeaderElection4: begin an election at term 1 for -1: [e8d6ebf1-6bcf-43aa-933b-e68e6e027da1:192.168.69.104:46329], old=null
2019-10-16 05:54:06,576 [28fad83d-bdd1-43c5-9066-2f84db181b78@group-7A0C688E6F55-SegmentedRaftLogWorker] INFO  segmented.SegmentedRaftLogWorker (SegmentedRaftLogWorker.java:execute(576)) - 28fad83d-bdd1-43c5-9066-2f84db181b78@group-7A0C688E6F55-SegmentedRaftLogWorker: created new log segment /workdir/hadoop-ozone/integration-test/target/test-dir/MiniOzoneClusterImpl-a7ed491f-9e2a-49d2-8991-52926c770a07/datanode-2/data/ratis/5945bb6c-bec7-4ccc-942f-7a0c688e6f55/current/log_inprogress_0
2019-10-16 05:54:06,576 [e8d6ebf1-6bcf-43aa-933b-e68e6e027da1@group-A12FCF5154CA-LeaderElection4] INFO  impl.RoleInfo (RoleInfo.java:shutdownLeaderElection(134)) - e8d6ebf1-6bcf-43aa-933b-e68e6e027da1: shutdown LeaderElection
2019-10-16 05:54:06,576 [f673e017-6a23-4a4d-8684-47aa34924efd@group-01DF5DFEDC68-SegmentedRaftLogWorker] INFO  segmented.SegmentedRaftLogWorker (SegmentedRaftLogWorker.java:execute(576)) - f673e017-6a23-4a4d-8684-47aa34924efd@group-01DF5DFEDC68-SegmentedRaftLogWorker: created new log segment /workdir/hadoop-ozone/integration-test/target/test-dir/MiniOzoneClusterImpl-a7ed491f-9e2a-49d2-8991-52926c770a07/datanode-0/data/ratis/d8874247-edd5-4d21-99dd-01df5dfedc68/current/log_inprogress_0
2019-10-16 05:54:06,576 [7f194c44-d326-466e-a2f3-1afa0b12311e@group-371AD8C7E566-SegmentedRaftLogWorker] INFO  segmented.SegmentedRaftLogWorker (SegmentedRaftLogWorker.java:execute(576)) - 7f194c44-d326-466e-a2f3-1afa0b12311e@group-371AD8C7E566-SegmentedRaftLogWorker: created new log segment /workdir/hadoop-ozone/integration-test/target/test-dir/MiniOzoneClusterImpl-a7ed491f-9e2a-49d2-8991-52926c770a07/datanode-6/data/ratis/c28a110d-53a6-4868-af35-371ad8c7e566/current/log_inprogress_0
2019-10-16 05:54:06,576 [9716ed81-e797-4622-8f9d-d0bad6b93ded@group-B3C5D2F57F2C-LeaderElection5] INFO  impl.LeaderElection (LeaderElection.java:askForVotes(178)) - 9716ed81-e797-4622-8f9d-d0bad6b93ded@group-B3C5D2F57F2C-LeaderElection5: begin an election at term 1 for -1: [9716ed81-e797-4622-8f9d-d0bad6b93ded:192.168.69.104:37182], old=null
2019-10-16 05:54:06,577 [e8d6ebf1-6bcf-43aa-933b-e68e6e027da1@group-A12FCF5154CA-LeaderElection4] INFO  impl.RaftServerImpl (RaftServerImpl.java:setRole(184)) - e8d6ebf1-6bcf-43aa-933b-e68e6e027da1@group-A12FCF5154CA: changes role from CANDIDATE to LEADER at term 1 for changeToLeader
2019-10-16 05:54:06,577 [9716ed81-e797-4622-8f9d-d0bad6b93ded@group-B3C5D2F57F2C-LeaderElection5] INFO  impl.RoleInfo (RoleInfo.java:shutdownLeaderElection(134)) - 9716ed81-e797-4622-8f9d-d0bad6b93ded: shutdown LeaderElection
2019-10-16 05:54:06,577 [e8d6ebf1-6bcf-43aa-933b-e68e6e027da1@group-A12FCF5154CA-LeaderElection4] INFO  impl.RaftServerImpl (ServerState.java:setLeader(256)) - e8d6ebf1-6bcf-43aa-933b-e68e6e027da1@group-A12FCF5154CA: change Leader from null to e8d6ebf1-6bcf-43aa-933b-e68e6e027da1 at term 1 for becomeLeader, leader elected after 60ms
2019-10-16 05:54:06,579 [9716ed81-e797-4622-8f9d-d0bad6b93ded@group-B3C5D2F57F2C-LeaderElection5] INFO  impl.RaftServerImpl (RaftServerImpl.java:setRole(184)) - 9716ed81-e797-4622-8f9d-d0bad6b93ded@group-B3C5D2F57F2C: changes role from CANDIDATE to LEADER at term 1 for changeToLeader
2019-10-16 05:54:06,580 [e8d6ebf1-6bcf-43aa-933b-e68e6e027da1@group-A12FCF5154CA-LeaderElection4] INFO  server.RaftServerConfigKeys (ConfUtils.java:logGet(43)) - raft.server.staging.catchup.gap = 1000 (default)
2019-10-16 05:54:06,580 [9716ed81-e797-4622-8f9d-d0bad6b93ded@group-B3C5D2F57F2C-LeaderElection5] INFO  impl.RaftServerImpl (ServerState.java:setLeader(256)) - 9716ed81-e797-4622-8f9d-d0bad6b93ded@group-B3C5D2F57F2C: change Leader from null to 9716ed81-e797-4622-8f9d-d0bad6b93ded at term 1 for becomeLeader, leader elected after 137ms
2019-10-16 05:54:06,580 [e8d6ebf1-6bcf-43aa-933b-e68e6e027da1@group-A12FCF5154CA-LeaderElection4] INFO  server.RaftServerConfigKeys (ConfUtils.java:logGet(43)) - raft.server.rpc.sleep.time = 25ms (default)
2019-10-16 05:54:06,582 [9716ed81-e797-4622-8f9d-d0bad6b93ded@group-B3C5D2F57F2C-LeaderElection5] INFO  server.RaftServerConfigKeys (ConfUtils.java:logGet(43)) - raft.server.staging.catchup.gap = 1000 (default)
2019-10-16 05:54:06,582 [e8d6ebf1-6bcf-43aa-933b-e68e6e027da1@group-A12FCF5154CA-LeaderElection4] INFO  server.RaftServerConfigKeys (ConfUtils.java:logGet(43)) - raft.server.write.element-limit = 4096 (default)
2019-10-16 05:54:06,582 [9716ed81-e797-4622-8f9d-d0bad6b93ded@group-B3C5D2F57F2C-LeaderElection5] INFO  server.RaftServerConfigKeys (ConfUtils.java:logGet(43)) - raft.server.rpc.sleep.time = 25ms (default)
2019-10-16 05:54:06,582 [e8d6ebf1-6bcf-43aa-933b-e68e6e027da1@group-A12FCF5154CA-LeaderElection4] INFO  server.RaftServerConfigKeys (ConfUtils.java:logGet(43)) - raft.server.watch.timeout = 10s (default)
2019-10-16 05:54:06,582 [e8d6ebf1-6bcf-43aa-933b-e68e6e027da1@group-A12FCF5154CA-LeaderElection4] INFO  server.RaftServerConfigKeys (ConfUtils.java:logGet(43)) - raft.server.watch.timeout.denomination = 1s (default)
2019-10-16 05:54:06,582 [9716ed81-e797-4622-8f9d-d0bad6b93ded@group-B3C5D2F57F2C-LeaderElection5] INFO  server.RaftServerConfigKeys (ConfUtils.java:logGet(43)) - raft.server.write.element-limit = 4096 (default)
2019-10-16 05:54:06,582 [e8d6ebf1-6bcf-43aa-933b-e68e6e027da1@group-A12FCF5154CA-LeaderElection4] INFO  server.RaftServerConfigKeys (ConfUtils.java:logGet(43)) - raft.server.watch.element-limit = 65536 (default)
2019-10-16 05:54:06,583 [9716ed81-e797-4622-8f9d-d0bad6b93ded@group-B3C5D2F57F2C-LeaderElection5] INFO  server.RaftServerConfigKeys (ConfUtils.java:logGet(43)) - raft.server.watch.timeout = 10s (default)
2019-10-16 05:54:06,583 [9716ed81-e797-4622-8f9d-d0bad6b93ded@group-B3C5D2F57F2C-LeaderElection5] INFO  server.RaftServerConfigKeys (ConfUtils.java:logGet(43)) - raft.server.watch.timeout.denomination = 1s (default)
2019-10-16 05:54:06,583 [9716ed81-e797-4622-8f9d-d0bad6b93ded@group-B3C5D2F57F2C-LeaderElection5] INFO  server.RaftServerConfigKeys (ConfUtils.java:logGet(43)) - raft.server.watch.element-limit = 65536 (default)
2019-10-16 05:54:06,585 [e8d6ebf1-6bcf-43aa-933b-e68e6e027da1@group-A12FCF5154CA-LeaderElection4] INFO  impl.RoleInfo (RoleInfo.java:updateAndGet(143)) - e8d6ebf1-6bcf-43aa-933b-e68e6e027da1: start LeaderState
2019-10-16 05:54:06,587 [e8d6ebf1-6bcf-43aa-933b-e68e6e027da1@group-A12FCF5154CA-LeaderElection4] INFO  segmented.SegmentedRaftLogWorker (SegmentedRaftLogWorker.java:startLogSegment(385)) - e8d6ebf1-6bcf-43aa-933b-e68e6e027da1@group-A12FCF5154CA-SegmentedRaftLogWorker: Starting segment from index:0
2019-10-16 05:54:06,587 [9716ed81-e797-4622-8f9d-d0bad6b93ded@group-B3C5D2F57F2C-LeaderElection5] INFO  impl.RoleInfo (RoleInfo.java:updateAndGet(143)) - 9716ed81-e797-4622-8f9d-d0bad6b93ded: start LeaderState
2019-10-16 05:54:06,587 [e8d6ebf1-6bcf-43aa-933b-e68e6e027da1@group-A12FCF5154CA-LeaderElection4] INFO  impl.RaftServerImpl (ServerState.java:setRaftConf(357)) - e8d6ebf1-6bcf-43aa-933b-e68e6e027da1@group-A12FCF5154CA: set configuration 0: [e8d6ebf1-6bcf-43aa-933b-e68e6e027da1:192.168.69.104:46329], old=null at 0
2019-10-16 05:54:06,589 [9716ed81-e797-4622-8f9d-d0bad6b93ded@group-B3C5D2F57F2C-LeaderElection5] INFO  segmented.SegmentedRaftLogWorker (SegmentedRaftLogWorker.java:startLogSegment(385)) - 9716ed81-e797-4622-8f9d-d0bad6b93ded@group-B3C5D2F57F2C-SegmentedRaftLogWorker: Starting segment from index:0
2019-10-16 05:54:06,589 [grpc-default-executor-0] INFO  impl.RaftServerProxy (RaftServerProxy.java:addNew(89)) - fa7e6ed1-247f-43d6-9abd-8e5119d5804b: addNew group-8940A8859824:[fa7e6ed1-247f-43d6-9abd-8e5119d5804b:192.168.69.104:37305] returns group-8940A8859824:java.util.concurrent.CompletableFuture@41a010f8[Not completed]
2019-10-16 05:54:06,629 [9716ed81-e797-4622-8f9d-d0bad6b93ded@group-B3C5D2F57F2C-LeaderElection5] INFO  impl.RaftServerImpl (ServerState.java:setRaftConf(357)) - 9716ed81-e797-4622-8f9d-d0bad6b93ded@group-B3C5D2F57F2C: set configuration 0: [9716ed81-e797-4622-8f9d-d0bad6b93ded:192.168.69.104:37182], old=null at 0
2019-10-16 05:54:06,671 [e8d6ebf1-6bcf-43aa-933b-e68e6e027da1@group-A12FCF5154CA-SegmentedRaftLogWorker] INFO  segmented.SegmentedRaftLogWorker (SegmentedRaftLogWorker.java:execute(576)) - e8d6ebf1-6bcf-43aa-933b-e68e6e027da1@group-A12FCF5154CA-SegmentedRaftLogWorker: created new log segment /workdir/hadoop-ozone/integration-test/target/test-dir/MiniOzoneClusterImpl-a7ed491f-9e2a-49d2-8991-52926c770a07/datanode-8/data/ratis/6e0ba451-e19a-498e-aa20-a12fcf5154ca/current/log_inprogress_0
2019-10-16 05:54:06,678 [pool-117-thread-1] INFO  impl.RaftServerImpl (RaftServerImpl.java:<init>(104)) - fa7e6ed1-247f-43d6-9abd-8e5119d5804b: new RaftServerImpl for group-8940A8859824:[fa7e6ed1-247f-43d6-9abd-8e5119d5804b:192.168.69.104:37305] with ContainerStateMachine:uninitialized
2019-10-16 05:54:06,678 [main] INFO  ozone.MiniOzoneClusterImpl (MiniOzoneClusterImpl.java:lambda$waitForClusterToBeReady$0(147)) - Cluster is ready. Got 10 of 10 DN Heartbeats.
2019-10-16 05:54:06,678 [pool-117-thread-1] INFO  server.RaftServerConfigKeys (ConfUtils.java:logGet(43)) - raft.server.rpc.timeout.min = 5s (custom)
2019-10-16 05:54:06,678 [pool-117-thread-1] INFO  server.RaftServerConfigKeys (ConfUtils.java:logGet(43)) - raft.server.rpc.timeout.max = 5200ms (custom)
2019-10-16 05:54:06,679 [pool-117-thread-1] INFO  server.RaftServerConfigKeys (ConfUtils.java:logGet(43)) - raft.server.rpcslowness.timeout = 120s (custom)
2019-10-16 05:54:06,679 [pool-117-thread-1] INFO  server.RaftServerConfigKeys (ConfUtils.java:logGet(43)) - raft.server.sleep.deviation.threshold = 300 (default)
2019-10-16 05:54:06,679 [pool-117-thread-1] INFO  server.RaftServerConfigKeys (ConfUtils.java:logGet(43)) - raft.server.log.appender.install.snapshot.enabled = false (custom)
2019-10-16 05:54:06,679 [pool-117-thread-1] INFO  impl.RaftServerImpl (ServerState.java:<init>(103)) - fa7e6ed1-247f-43d6-9abd-8e5119d5804b@group-8940A8859824: ConfigurationManager, init=-1: [fa7e6ed1-247f-43d6-9abd-8e5119d5804b:192.168.69.104:37305], old=null, confs=<EMPTY_MAP>
2019-10-16 05:54:06,680 [pool-117-thread-1] INFO  server.RaftServerConfigKeys (ConfUtils.java:logGet(43)) - raft.server.storage.dir = [/workdir/hadoop-ozone/integration-test/target/test-dir/MiniOzoneClusterImpl-a7ed491f-9e2a-49d2-8991-52926c770a07/datanode-9/data/ratis] (custom)
2019-10-16 05:54:06,680 [pool-117-thread-1] INFO  server.RaftServerConfigKeys (ConfUtils.java:logGet(43)) - raft.server.log.corruption.policy = EXCEPTION (default)
2019-10-16 05:54:06,681 [pool-117-thread-1] INFO  storage.RaftStorageDirectory (RaftStorageDirectory.java:analyzeStorage(246)) - The storage directory /workdir/hadoop-ozone/integration-test/target/test-dir/MiniOzoneClusterImpl-a7ed491f-9e2a-49d2-8991-52926c770a07/datanode-9/data/ratis/fb49db0e-7931-4d5c-8575-8940a8859824 does not exist. Creating ...
2019-10-16 05:54:06,695 [pool-117-thread-1] INFO  storage.RaftStorageDirectory (RaftStorageDirectory.java:tryLock(328)) - Lock on /workdir/hadoop-ozone/integration-test/target/test-dir/MiniOzoneClusterImpl-a7ed491f-9e2a-49d2-8991-52926c770a07/datanode-9/data/ratis/fb49db0e-7931-4d5c-8575-8940a8859824/in_use.lock acquired by nodename 13521@pr-hdds-2312-q6qzp-1535798719
2019-10-16 05:54:06,695 [9716ed81-e797-4622-8f9d-d0bad6b93ded@group-B3C5D2F57F2C-SegmentedRaftLogWorker] INFO  segmented.SegmentedRaftLogWorker (SegmentedRaftLogWorker.java:execute(576)) - 9716ed81-e797-4622-8f9d-d0bad6b93ded@group-B3C5D2F57F2C-SegmentedRaftLogWorker: created new log segment /workdir/hadoop-ozone/integration-test/target/test-dir/MiniOzoneClusterImpl-a7ed491f-9e2a-49d2-8991-52926c770a07/datanode-5/data/ratis/47c549ef-26d6-4fc4-a410-b3c5d2f57f2c/current/log_inprogress_0
2019-10-16 05:54:06,716 [pool-117-thread-1] INFO  storage.RaftStorage (RaftStorage.java:format(84)) - Storage directory /workdir/hadoop-ozone/integration-test/target/test-dir/MiniOzoneClusterImpl-a7ed491f-9e2a-49d2-8991-52926c770a07/datanode-9/data/ratis/fb49db0e-7931-4d5c-8575-8940a8859824 has been successfully formatted.
2019-10-16 05:54:06,716 [pool-117-thread-1] INFO  ratis.ContainerStateMachine (ContainerStateMachine.java:loadSnapshot(231)) - group-8940A8859824: The snapshot info is null. Setting the last applied indexto:(t:0, i:~)
2019-10-16 05:54:06,717 [pool-117-thread-1] INFO  server.RaftServerConfigKeys (ConfUtils.java:logGet(43)) - raft.server.notification.no-leader.timeout = 120s (custom)
2019-10-16 05:54:06,717 [pool-117-thread-1] INFO  server.RaftServerConfigKeys (ConfUtils.java:logGet(43)) - raft.server.log.use.memory = false (default)
2019-10-16 05:54:06,717 [pool-117-thread-1] INFO  server.RaftServerConfigKeys (ConfUtils.java:logGet(43)) - raft.server.log.purge.gap = 1000000 (custom)
2019-10-16 05:54:06,717 [pool-117-thread-1] INFO  server.RaftServerConfigKeys (ConfUtils.java:logGet(43)) - raft.server.log.appender.buffer.byte-limit = 33554432 (custom)
2019-10-16 05:54:06,717 [pool-117-thread-1] INFO  server.RaftServerConfigKeys (ConfUtils.java:logGet(43)) - raft.server.log.segment.size.max = 1048576 (custom)
2019-10-16 05:54:06,720 [pool-117-thread-1] INFO  server.RaftServerConfigKeys (ConfUtils.java:logGet(43)) - raft.server.log.segment.cache.num.max = 2 (custom)
2019-10-16 05:54:06,721 [pool-117-thread-1] INFO  segmented.SegmentedRaftLogWorker (SegmentedRaftLogWorker.java:<init>(173)) - new fa7e6ed1-247f-43d6-9abd-8e5119d5804b@group-8940A8859824-SegmentedRaftLogWorker for RaftStorage:Storage Directory /workdir/hadoop-ozone/integration-test/target/test-dir/MiniOzoneClusterImpl-a7ed491f-9e2a-49d2-8991-52926c770a07/datanode-9/data/ratis/fb49db0e-7931-4d5c-8575-8940a8859824
2019-10-16 05:54:06,721 [pool-117-thread-1] INFO  server.RaftServerConfigKeys (ConfUtils.java:logGet(43)) - raft.server.log.queue.byte-limit = 2147483647 (custom)
2019-10-16 05:54:06,721 [pool-117-thread-1] INFO  server.RaftServerConfigKeys (ConfUtils.java:logGet(43)) - raft.server.log.queue.element-limit = 1024 (custom)
2019-10-16 05:54:06,721 [pool-117-thread-1] INFO  server.RaftServerConfigKeys (ConfUtils.java:logGet(43)) - raft.server.log.segment.size.max = 1048576 (custom)
2019-10-16 05:54:06,721 [pool-117-thread-1] INFO  server.RaftServerConfigKeys (ConfUtils.java:logGet(43)) - raft.server.log.preallocated.size = 16384 (custom)
2019-10-16 05:54:06,721 [pool-117-thread-1] INFO  server.RaftServerConfigKeys (ConfUtils.java:logGet(43)) - raft.server.log.write.buffer.size = 33554432 (custom)
2019-10-16 05:54:06,722 [pool-117-thread-1] INFO  server.RaftServerConfigKeys (ConfUtils.java:logGet(43)) - raft.server.log.force.sync.num = 128 (default)
2019-10-16 05:54:06,722 [pool-117-thread-1] INFO  server.RaftServerConfigKeys (ConfUtils.java:logGet(43)) - raft.server.log.statemachine.data.sync = true (default)
2019-10-16 05:54:06,722 [pool-117-thread-1] INFO  server.RaftServerConfigKeys (ConfUtils.java:logGet(43)) - raft.server.log.statemachine.data.sync.timeout = 10s (default)
2019-10-16 05:54:06,722 [pool-117-thread-1] INFO  server.RaftServerConfigKeys (ConfUtils.java:logGet(43)) - raft.server.log.statemachine.data.sync.timeout.retry = -1 (default)
2019-10-16 05:54:06,723 [pool-117-thread-1] INFO  server.RaftServerConfigKeys (ConfUtils.java:logGet(43)) - raft.server.log.statemachine.data.caching.enabled = true (custom)
2019-10-16 05:54:06,723 [pool-117-thread-1] INFO  segmented.SegmentedRaftLogWorker (SegmentedRaftLogWorker.java:lambda$new$0(128)) - fa7e6ed1-247f-43d6-9abd-8e5119d5804b@group-8940A8859824-SegmentedRaftLogWorker: flushIndex: setUnconditionally 0 -> -1
2019-10-16 05:54:06,724 [pool-117-thread-1] INFO  server.RaftServerConfigKeys (ConfUtils.java:logGet(43)) - raft.server.snapshot.auto.trigger.enabled = true (custom)
2019-10-16 05:54:06,724 [pool-117-thread-1] INFO  server.RaftServerConfigKeys (ConfUtils.java:logGet(43)) - raft.server.snapshot.auto.trigger.threshold = 10000 (custom)
2019-10-16 05:54:06,724 [pool-117-thread-1] INFO  server.RaftServerConfigKeys (ConfUtils.java:logGet(43)) - raft.server.snapshot.retention.file.num = 5 (custom)
2019-10-16 05:54:06,724 [pool-117-thread-1] INFO  server.RaftServerConfigKeys (ConfUtils.java:logGet(43)) - raft.server.retrycache.expirytime = 600000ms (custom)
2019-10-16 05:54:06,730 [pool-117-thread-1] INFO  impl.RaftServerImpl (RaftServerImpl.java:start(195)) - fa7e6ed1-247f-43d6-9abd-8e5119d5804b@group-8940A8859824: start as a follower, conf=-1: [fa7e6ed1-247f-43d6-9abd-8e5119d5804b:192.168.69.104:37305], old=null
2019-10-16 05:54:06,730 [pool-117-thread-1] INFO  impl.RaftServerImpl (RaftServerImpl.java:setRole(184)) - fa7e6ed1-247f-43d6-9abd-8e5119d5804b@group-8940A8859824: changes role from      null to FOLLOWER at term 0 for startAsFollower
2019-10-16 05:54:06,730 [pool-117-thread-1] INFO  impl.RoleInfo (RoleInfo.java:updateAndGet(143)) - fa7e6ed1-247f-43d6-9abd-8e5119d5804b: start FollowerState
2019-10-16 05:54:06,731 [pool-117-thread-1] INFO  util.JmxRegister (JmxRegister.java:tryRegister(44)) - Successfully registered JMX Bean with object name Ratis:service=RaftServer,group=group-8940A8859824,id=fa7e6ed1-247f-43d6-9abd-8e5119d5804b
2019-10-16 05:54:06,748 [RatisPipelineUtilsThread] INFO  pipeline.PipelineStateManager (PipelineStateManager.java:addPipeline(56)) - Created pipeline Pipeline[ Id: fb49db0e-7931-4d5c-8575-8940a8859824, Nodes: fa7e6ed1-247f-43d6-9abd-8e5119d5804b{ip: 192.168.69.104, host: pr-hdds-2312-q6qzp-1535798719, networkLocation: /default-rack, certSerialId: null}, Type:RATIS, Factor:ONE, State:OPEN]
2019-10-16 05:54:06,770 [grpc-default-executor-0] INFO  impl.RaftServerProxy (RaftServerProxy.java:addNew(89)) - 77d0bf9b-6f4c-431e-a5f1-454f54e3e5de: addNew group-DE368F96B5F0:[77d0bf9b-6f4c-431e-a5f1-454f54e3e5de:192.168.69.104:37359] returns group-DE368F96B5F0:java.util.concurrent.CompletableFuture@72350b39[Not completed]
2019-10-16 05:54:06,783 [pool-67-thread-1] INFO  impl.RaftServerImpl (RaftServerImpl.java:<init>(104)) - 77d0bf9b-6f4c-431e-a5f1-454f54e3e5de: new RaftServerImpl for group-DE368F96B5F0:[77d0bf9b-6f4c-431e-a5f1-454f54e3e5de:192.168.69.104:37359] with ContainerStateMachine:uninitialized
2019-10-16 05:54:06,783 [pool-67-thread-1] INFO  server.RaftServerConfigKeys (ConfUtils.java:logGet(43)) - raft.server.rpc.timeout.min = 5s (custom)
2019-10-16 05:54:06,783 [pool-67-thread-1] INFO  server.RaftServerConfigKeys (ConfUtils.java:logGet(43)) - raft.server.rpc.timeout.max = 5200ms (custom)
2019-10-16 05:54:06,784 [pool-67-thread-1] INFO  server.RaftServerConfigKeys (ConfUtils.java:logGet(43)) - raft.server.rpcslowness.timeout = 120s (custom)
2019-10-16 05:54:06,784 [pool-67-thread-1] INFO  server.RaftServerConfigKeys (ConfUtils.java:logGet(43)) - raft.server.sleep.deviation.threshold = 300 (default)
2019-10-16 05:54:06,784 [pool-67-thread-1] INFO  server.RaftServerConfigKeys (ConfUtils.java:logGet(43)) - raft.server.log.appender.install.snapshot.enabled = false (custom)
2019-10-16 05:54:06,784 [pool-67-thread-1] INFO  impl.RaftServerImpl (ServerState.java:<init>(103)) - 77d0bf9b-6f4c-431e-a5f1-454f54e3e5de@group-DE368F96B5F0: ConfigurationManager, init=-1: [77d0bf9b-6f4c-431e-a5f1-454f54e3e5de:192.168.69.104:37359], old=null, confs=<EMPTY_MAP>
2019-10-16 05:54:06,784 [pool-67-thread-1] INFO  server.RaftServerConfigKeys (ConfUtils.java:logGet(43)) - raft.server.storage.dir = [/workdir/hadoop-ozone/integration-test/target/test-dir/MiniOzoneClusterImpl-a7ed491f-9e2a-49d2-8991-52926c770a07/datanode-4/data/ratis] (custom)
2019-10-16 05:54:06,785 [pool-67-thread-1] INFO  server.RaftServerConfigKeys (ConfUtils.java:logGet(43)) - raft.server.log.corruption.policy = EXCEPTION (default)
2019-10-16 05:54:06,785 [pool-67-thread-1] INFO  storage.RaftStorageDirectory (RaftStorageDirectory.java:analyzeStorage(246)) - The storage directory /workdir/hadoop-ozone/integration-test/target/test-dir/MiniOzoneClusterImpl-a7ed491f-9e2a-49d2-8991-52926c770a07/datanode-4/data/ratis/f60ce34e-a224-4407-aad2-de368f96b5f0 does not exist. Creating ...
2019-10-16 05:54:06,810 [pool-67-thread-1] INFO  storage.RaftStorageDirectory (RaftStorageDirectory.java:tryLock(328)) - Lock on /workdir/hadoop-ozone/integration-test/target/test-dir/MiniOzoneClusterImpl-a7ed491f-9e2a-49d2-8991-52926c770a07/datanode-4/data/ratis/f60ce34e-a224-4407-aad2-de368f96b5f0/in_use.lock acquired by nodename 13521@pr-hdds-2312-q6qzp-1535798719
2019-10-16 05:54:06,813 [Thread-310] INFO  impl.FollowerState (FollowerState.java:run(108)) - fa7e6ed1-247f-43d6-9abd-8e5119d5804b@group-8940A8859824-FollowerState: change to CANDIDATE, lastRpcTime:82ms, electionTimeout:82ms
2019-10-16 05:54:06,813 [Thread-310] INFO  impl.RoleInfo (RoleInfo.java:shutdownFollowerState(121)) - fa7e6ed1-247f-43d6-9abd-8e5119d5804b: shutdown FollowerState
2019-10-16 05:54:06,813 [Thread-310] INFO  impl.RaftServerImpl (RaftServerImpl.java:setRole(184)) - fa7e6ed1-247f-43d6-9abd-8e5119d5804b@group-8940A8859824: changes role from  FOLLOWER to CANDIDATE at term 0 for changeToCandidate
2019-10-16 05:54:06,814 [Thread-310] INFO  impl.RoleInfo (RoleInfo.java:updateAndGet(143)) - fa7e6ed1-247f-43d6-9abd-8e5119d5804b: start LeaderElection
2019-10-16 05:54:06,825 [pool-67-thread-1] INFO  storage.RaftStorage (RaftStorage.java:format(84)) - Storage directory /workdir/hadoop-ozone/integration-test/target/test-dir/MiniOzoneClusterImpl-a7ed491f-9e2a-49d2-8991-52926c770a07/datanode-4/data/ratis/f60ce34e-a224-4407-aad2-de368f96b5f0 has been successfully formatted.
2019-10-16 05:54:06,825 [fa7e6ed1-247f-43d6-9abd-8e5119d5804b@group-8940A8859824-LeaderElection6] INFO  impl.LeaderElection (LeaderElection.java:askForVotes(178)) - fa7e6ed1-247f-43d6-9abd-8e5119d5804b@group-8940A8859824-LeaderElection6: begin an election at term 1 for -1: [fa7e6ed1-247f-43d6-9abd-8e5119d5804b:192.168.69.104:37305], old=null
2019-10-16 05:54:06,826 [pool-67-thread-1] INFO  ratis.ContainerStateMachine (ContainerStateMachine.java:loadSnapshot(231)) - group-DE368F96B5F0: The snapshot info is null. Setting the last applied indexto:(t:0, i:~)
2019-10-16 05:54:06,826 [fa7e6ed1-247f-43d6-9abd-8e5119d5804b@group-8940A8859824-LeaderElection6] INFO  impl.RoleInfo (RoleInfo.java:shutdownLeaderElection(134)) - fa7e6ed1-247f-43d6-9abd-8e5119d5804b: shutdown LeaderElection
2019-10-16 05:54:06,826 [pool-67-thread-1] INFO  server.RaftServerConfigKeys (ConfUtils.java:logGet(43)) - raft.server.notification.no-leader.timeout = 120s (custom)
2019-10-16 05:54:06,826 [fa7e6ed1-247f-43d6-9abd-8e5119d5804b@group-8940A8859824-LeaderElection6] INFO  impl.RaftServerImpl (RaftServerImpl.java:setRole(184)) - fa7e6ed1-247f-43d6-9abd-8e5119d5804b@group-8940A8859824: changes role from CANDIDATE to LEADER at term 1 for changeToLeader
2019-10-16 05:54:06,826 [pool-67-thread-1] INFO  server.RaftServerConfigKeys (ConfUtils.java:logGet(43)) - raft.server.log.use.memory = false (default)
2019-10-16 05:54:06,826 [fa7e6ed1-247f-43d6-9abd-8e5119d5804b@group-8940A8859824-LeaderElection6] INFO  impl.RaftServerImpl (ServerState.java:setLeader(256)) - fa7e6ed1-247f-43d6-9abd-8e5119d5804b@group-8940A8859824: change Leader from null to fa7e6ed1-247f-43d6-9abd-8e5119d5804b at term 1 for becomeLeader, leader elected after 109ms
2019-10-16 05:54:06,826 [pool-67-thread-1] INFO  server.RaftServerConfigKeys (ConfUtils.java:logGet(43)) - raft.server.log.purge.gap = 1000000 (custom)
2019-10-16 05:54:06,827 [fa7e6ed1-247f-43d6-9abd-8e5119d5804b@group-8940A8859824-LeaderElection6] INFO  server.RaftServerConfigKeys (ConfUtils.java:logGet(43)) - raft.server.staging.catchup.gap = 1000 (default)
2019-10-16 05:54:06,827 [pool-67-thread-1] INFO  server.RaftServerConfigKeys (ConfUtils.java:logGet(43)) - raft.server.log.appender.buffer.byte-limit = 33554432 (custom)
2019-10-16 05:54:06,827 [fa7e6ed1-247f-43d6-9abd-8e5119d5804b@group-8940A8859824-LeaderElection6] INFO  server.RaftServerConfigKeys (ConfUtils.java:logGet(43)) - raft.server.rpc.sleep.time = 25ms (default)
2019-10-16 05:54:06,827 [pool-67-thread-1] INFO  server.RaftServerConfigKeys (ConfUtils.java:logGet(43)) - raft.server.log.segment.size.max = 1048576 (custom)
2019-10-16 05:54:06,827 [fa7e6ed1-247f-43d6-9abd-8e5119d5804b@group-8940A8859824-LeaderElection6] INFO  server.RaftServerConfigKeys (ConfUtils.java:logGet(43)) - raft.server.write.element-limit = 4096 (default)
2019-10-16 05:54:06,827 [fa7e6ed1-247f-43d6-9abd-8e5119d5804b@group-8940A8859824-LeaderElection6] INFO  server.RaftServerConfigKeys (ConfUtils.java:logGet(43)) - raft.server.watch.timeout = 10s (default)
2019-10-16 05:54:06,828 [fa7e6ed1-247f-43d6-9abd-8e5119d5804b@group-8940A8859824-LeaderElection6] INFO  server.RaftServerConfigKeys (ConfUtils.java:logGet(43)) - raft.server.watch.timeout.denomination = 1s (default)
2019-10-16 05:54:06,828 [fa7e6ed1-247f-43d6-9abd-8e5119d5804b@group-8940A8859824-LeaderElection6] INFO  server.RaftServerConfigKeys (ConfUtils.java:logGet(43)) - raft.server.watch.element-limit = 65536 (default)
2019-10-16 05:54:06,830 [pool-67-thread-1] INFO  server.RaftServerConfigKeys (ConfUtils.java:logGet(43)) - raft.server.log.segment.cache.num.max = 2 (custom)
2019-10-16 05:54:06,830 [pool-67-thread-1] INFO  segmented.SegmentedRaftLogWorker (SegmentedRaftLogWorker.java:<init>(173)) - new 77d0bf9b-6f4c-431e-a5f1-454f54e3e5de@group-DE368F96B5F0-SegmentedRaftLogWorker for RaftStorage:Storage Directory /workdir/hadoop-ozone/integration-test/target/test-dir/MiniOzoneClusterImpl-a7ed491f-9e2a-49d2-8991-52926c770a07/datanode-4/data/ratis/f60ce34e-a224-4407-aad2-de368f96b5f0
2019-10-16 05:54:06,830 [pool-67-thread-1] INFO  server.RaftServerConfigKeys (ConfUtils.java:logGet(43)) - raft.server.log.queue.byte-limit = 2147483647 (custom)
2019-10-16 05:54:06,831 [pool-67-thread-1] INFO  server.RaftServerConfigKeys (ConfUtils.java:logGet(43)) - raft.server.log.queue.element-limit = 1024 (custom)
2019-10-16 05:54:06,831 [pool-67-thread-1] INFO  server.RaftServerConfigKeys (ConfUtils.java:logGet(43)) - raft.server.log.segment.size.max = 1048576 (custom)
2019-10-16 05:54:06,831 [pool-67-thread-1] INFO  server.RaftServerConfigKeys (ConfUtils.java:logGet(43)) - raft.server.log.preallocated.size = 16384 (custom)
2019-10-16 05:54:06,831 [pool-67-thread-1] INFO  server.RaftServerConfigKeys (ConfUtils.java:logGet(43)) - raft.server.log.write.buffer.size = 33554432 (custom)
2019-10-16 05:54:06,831 [fa7e6ed1-247f-43d6-9abd-8e5119d5804b@group-8940A8859824-LeaderElection6] INFO  impl.RoleInfo (RoleInfo.java:updateAndGet(143)) - fa7e6ed1-247f-43d6-9abd-8e5119d5804b: start LeaderState
2019-10-16 05:54:06,831 [pool-67-thread-1] INFO  server.RaftServerConfigKeys (ConfUtils.java:logGet(43)) - raft.server.log.force.sync.num = 128 (default)
2019-10-16 05:54:06,831 [pool-67-thread-1] INFO  server.RaftServerConfigKeys (ConfUtils.java:logGet(43)) - raft.server.log.statemachine.data.sync = true (default)
2019-10-16 05:54:06,832 [pool-67-thread-1] INFO  server.RaftServerConfigKeys (ConfUtils.java:logGet(43)) - raft.server.log.statemachine.data.sync.timeout = 10s (default)
2019-10-16 05:54:06,832 [fa7e6ed1-247f-43d6-9abd-8e5119d5804b@group-8940A8859824-LeaderElection6] INFO  segmented.SegmentedRaftLogWorker (SegmentedRaftLogWorker.java:startLogSegment(385)) - fa7e6ed1-247f-43d6-9abd-8e5119d5804b@group-8940A8859824-SegmentedRaftLogWorker: Starting segment from index:0
2019-10-16 05:54:06,832 [pool-67-thread-1] INFO  server.RaftServerConfigKeys (ConfUtils.java:logGet(43)) - raft.server.log.statemachine.data.sync.timeout.retry = -1 (default)
2019-10-16 05:54:06,833 [fa7e6ed1-247f-43d6-9abd-8e5119d5804b@group-8940A8859824-LeaderElection6] INFO  impl.RaftServerImpl (ServerState.java:setRaftConf(357)) - fa7e6ed1-247f-43d6-9abd-8e5119d5804b@group-8940A8859824: set configuration 0: [fa7e6ed1-247f-43d6-9abd-8e5119d5804b:192.168.69.104:37305], old=null at 0
2019-10-16 05:54:06,833 [pool-67-thread-1] INFO  server.RaftServerConfigKeys (ConfUtils.java:logGet(43)) - raft.server.log.statemachine.data.caching.enabled = true (custom)
2019-10-16 05:54:06,877 [pool-67-thread-1] INFO  segmented.SegmentedRaftLogWorker (SegmentedRaftLogWorker.java:lambda$new$0(128)) - 77d0bf9b-6f4c-431e-a5f1-454f54e3e5de@group-DE368F96B5F0-SegmentedRaftLogWorker: flushIndex: setUnconditionally 0 -> -1
2019-10-16 05:54:06,877 [pool-67-thread-1] INFO  server.RaftServerConfigKeys (ConfUtils.java:logGet(43)) - raft.server.snapshot.auto.trigger.enabled = true (custom)
2019-10-16 05:54:06,877 [pool-67-thread-1] INFO  server.RaftServerConfigKeys (ConfUtils.java:logGet(43)) - raft.server.snapshot.auto.trigger.threshold = 10000 (custom)
2019-10-16 05:54:06,878 [pool-67-thread-1] INFO  server.RaftServerConfigKeys (ConfUtils.java:logGet(43)) - raft.server.snapshot.retention.file.num = 5 (custom)
2019-10-16 05:54:06,878 [pool-67-thread-1] INFO  server.RaftServerConfigKeys (ConfUtils.java:logGet(43)) - raft.server.retrycache.expirytime = 600000ms (custom)
2019-10-16 05:54:06,884 [pool-67-thread-1] INFO  impl.RaftServerImpl (RaftServerImpl.java:start(195)) - 77d0bf9b-6f4c-431e-a5f1-454f54e3e5de@group-DE368F96B5F0: start as a follower, conf=-1: [77d0bf9b-6f4c-431e-a5f1-454f54e3e5de:192.168.69.104:37359], old=null
2019-10-16 05:54:06,884 [pool-67-thread-1] INFO  impl.RaftServerImpl (RaftServerImpl.java:setRole(184)) - 77d0bf9b-6f4c-431e-a5f1-454f54e3e5de@group-DE368F96B5F0: changes role from      null to FOLLOWER at term 0 for startAsFollower
2019-10-16 05:54:06,884 [pool-67-thread-1] INFO  impl.RoleInfo (RoleInfo.java:updateAndGet(143)) - 77d0bf9b-6f4c-431e-a5f1-454f54e3e5de: start FollowerState
2019-10-16 05:54:06,885 [pool-67-thread-1] INFO  util.JmxRegister (JmxRegister.java:tryRegister(44)) - Successfully registered JMX Bean with object name Ratis:service=RaftServer,group=group-DE368F96B5F0,id=77d0bf9b-6f4c-431e-a5f1-454f54e3e5de
2019-10-16 05:54:06,891 [fa7e6ed1-247f-43d6-9abd-8e5119d5804b@group-8940A8859824-SegmentedRaftLogWorker] INFO  segmented.SegmentedRaftLogWorker (SegmentedRaftLogWorker.java:execute(576)) - fa7e6ed1-247f-43d6-9abd-8e5119d5804b@group-8940A8859824-SegmentedRaftLogWorker: created new log segment /workdir/hadoop-ozone/integration-test/target/test-dir/MiniOzoneClusterImpl-a7ed491f-9e2a-49d2-8991-52926c770a07/datanode-9/data/ratis/fb49db0e-7931-4d5c-8575-8940a8859824/current/log_inprogress_0
2019-10-16 05:54:06,909 [RatisPipelineUtilsThread] INFO  pipeline.PipelineStateManager (PipelineStateManager.java:addPipeline(56)) - Created pipeline Pipeline[ Id: f60ce34e-a224-4407-aad2-de368f96b5f0, Nodes: 77d0bf9b-6f4c-431e-a5f1-454f54e3e5de{ip: 192.168.69.104, host: pr-hdds-2312-q6qzp-1535798719, networkLocation: /default-rack, certSerialId: null}, Type:RATIS, Factor:ONE, State:OPEN]
2019-10-16 05:54:06,937 [grpc-default-executor-0] INFO  impl.RaftServerProxy (RaftServerProxy.java:addNew(89)) - 9ecd346d-e4ad-4887-80b5-747eac63700e: addNew group-9CA4974860C7:[9ecd346d-e4ad-4887-80b5-747eac63700e:192.168.69.104:38392] returns group-9CA4974860C7:java.util.concurrent.CompletableFuture@6d1eefd8[Not completed]
2019-10-16 05:54:06,939 [pool-57-thread-1] INFO  impl.RaftServerImpl (RaftServerImpl.java:<init>(104)) - 9ecd346d-e4ad-4887-80b5-747eac63700e: new RaftServerImpl for group-9CA4974860C7:[9ecd346d-e4ad-4887-80b5-747eac63700e:192.168.69.104:38392] with ContainerStateMachine:uninitialized
2019-10-16 05:54:06,940 [pool-57-thread-1] INFO  server.RaftServerConfigKeys (ConfUtils.java:logGet(43)) - raft.server.rpc.timeout.min = 5s (custom)
2019-10-16 05:54:06,940 [pool-57-thread-1] INFO  server.RaftServerConfigKeys (ConfUtils.java:logGet(43)) - raft.server.rpc.timeout.max = 5200ms (custom)
2019-10-16 05:54:06,940 [pool-57-thread-1] INFO  server.RaftServerConfigKeys (ConfUtils.java:logGet(43)) - raft.server.rpcslowness.timeout = 120s (custom)
2019-10-16 05:54:06,940 [pool-57-thread-1] INFO  server.RaftServerConfigKeys (ConfUtils.java:logGet(43)) - raft.server.sleep.deviation.threshold = 300 (default)
2019-10-16 05:54:06,940 [pool-57-thread-1] INFO  server.RaftServerConfigKeys (ConfUtils.java:logGet(43)) - raft.server.log.appender.install.snapshot.enabled = false (custom)
2019-10-16 05:54:06,941 [pool-57-thread-1] INFO  impl.RaftServerImpl (ServerState.java:<init>(103)) - 9ecd346d-e4ad-4887-80b5-747eac63700e@group-9CA4974860C7: ConfigurationManager, init=-1: [9ecd346d-e4ad-4887-80b5-747eac63700e:192.168.69.104:38392], old=null, confs=<EMPTY_MAP>
2019-10-16 05:54:06,941 [pool-57-thread-1] INFO  server.RaftServerConfigKeys (ConfUtils.java:logGet(43)) - raft.server.storage.dir = [/workdir/hadoop-ozone/integration-test/target/test-dir/MiniOzoneClusterImpl-a7ed491f-9e2a-49d2-8991-52926c770a07/datanode-3/data/ratis] (custom)
2019-10-16 05:54:06,941 [pool-57-thread-1] INFO  server.RaftServerConfigKeys (ConfUtils.java:logGet(43)) - raft.server.log.corruption.policy = EXCEPTION (default)
2019-10-16 05:54:06,942 [pool-57-thread-1] INFO  storage.RaftStorageDirectory (RaftStorageDirectory.java:analyzeStorage(246)) - The storage directory /workdir/hadoop-ozone/integration-test/target/test-dir/MiniOzoneClusterImpl-a7ed491f-9e2a-49d2-8991-52926c770a07/datanode-3/data/ratis/bdeea197-447f-4ad2-9417-9ca4974860c7 does not exist. Creating ...
2019-10-16 05:54:06,975 [pool-57-thread-1] INFO  storage.RaftStorageDirectory (RaftStorageDirectory.java:tryLock(328)) - Lock on /workdir/hadoop-ozone/integration-test/target/test-dir/MiniOzoneClusterImpl-a7ed491f-9e2a-49d2-8991-52926c770a07/datanode-3/data/ratis/bdeea197-447f-4ad2-9417-9ca4974860c7/in_use.lock acquired by nodename 13521@pr-hdds-2312-q6qzp-1535798719
2019-10-16 05:54:06,990 [pool-57-thread-1] INFO  storage.RaftStorage (RaftStorage.java:format(84)) - Storage directory /workdir/hadoop-ozone/integration-test/target/test-dir/MiniOzoneClusterImpl-a7ed491f-9e2a-49d2-8991-52926c770a07/datanode-3/data/ratis/bdeea197-447f-4ad2-9417-9ca4974860c7 has been successfully formatted.
2019-10-16 05:54:06,990 [pool-57-thread-1] INFO  ratis.ContainerStateMachine (ContainerStateMachine.java:loadSnapshot(231)) - group-9CA4974860C7: The snapshot info is null. Setting the last applied indexto:(t:0, i:~)
2019-10-16 05:54:06,990 [pool-57-thread-1] INFO  server.RaftServerConfigKeys (ConfUtils.java:logGet(43)) - raft.server.notification.no-leader.timeout = 120s (custom)
2019-10-16 05:54:06,990 [pool-57-thread-1] INFO  server.RaftServerConfigKeys (ConfUtils.java:logGet(43)) - raft.server.log.use.memory = false (default)
2019-10-16 05:54:06,990 [pool-57-thread-1] INFO  server.RaftServerConfigKeys (ConfUtils.java:logGet(43)) - raft.server.log.purge.gap = 1000000 (custom)
2019-10-16 05:54:06,991 [pool-57-thread-1] INFO  server.RaftServerConfigKeys (ConfUtils.java:logGet(43)) - raft.server.log.appender.buffer.byte-limit = 33554432 (custom)
2019-10-16 05:54:06,991 [pool-57-thread-1] INFO  server.RaftServerConfigKeys (ConfUtils.java:logGet(43)) - raft.server.log.segment.size.max = 1048576 (custom)
2019-10-16 05:54:06,994 [pool-57-thread-1] INFO  server.RaftServerConfigKeys (ConfUtils.java:logGet(43)) - raft.server.log.segment.cache.num.max = 2 (custom)
2019-10-16 05:54:06,994 [pool-57-thread-1] INFO  segmented.SegmentedRaftLogWorker (SegmentedRaftLogWorker.java:<init>(173)) - new 9ecd346d-e4ad-4887-80b5-747eac63700e@group-9CA4974860C7-SegmentedRaftLogWorker for RaftStorage:Storage Directory /workdir/hadoop-ozone/integration-test/target/test-dir/MiniOzoneClusterImpl-a7ed491f-9e2a-49d2-8991-52926c770a07/datanode-3/data/ratis/bdeea197-447f-4ad2-9417-9ca4974860c7
2019-10-16 05:54:06,994 [pool-57-thread-1] INFO  server.RaftServerConfigKeys (ConfUtils.java:logGet(43)) - raft.server.log.queue.byte-limit = 2147483647 (custom)
2019-10-16 05:54:06,994 [pool-57-thread-1] INFO  server.RaftServerConfigKeys (ConfUtils.java:logGet(43)) - raft.server.log.queue.element-limit = 1024 (custom)
2019-10-16 05:54:06,994 [pool-57-thread-1] INFO  server.RaftServerConfigKeys (ConfUtils.java:logGet(43)) - raft.server.log.segment.size.max = 1048576 (custom)
2019-10-16 05:54:06,994 [pool-57-thread-1] INFO  server.RaftServerConfigKeys (ConfUtils.java:logGet(43)) - raft.server.log.preallocated.size = 16384 (custom)
2019-10-16 05:54:06,995 [pool-57-thread-1] INFO  server.RaftServerConfigKeys (ConfUtils.java:logGet(43)) - raft.server.log.write.buffer.size = 33554432 (custom)
2019-10-16 05:54:06,995 [pool-57-thread-1] INFO  server.RaftServerConfigKeys (ConfUtils.java:logGet(43)) - raft.server.log.force.sync.num = 128 (default)
2019-10-16 05:54:06,995 [pool-57-thread-1] INFO  server.RaftServerConfigKeys (ConfUtils.java:logGet(43)) - raft.server.log.statemachine.data.sync = true (default)
2019-10-16 05:54:06,995 [pool-57-thread-1] INFO  server.RaftServerConfigKeys (ConfUtils.java:logGet(43)) - raft.server.log.statemachine.data.sync.timeout = 10s (default)
2019-10-16 05:54:06,995 [pool-57-thread-1] INFO  server.RaftServerConfigKeys (ConfUtils.java:logGet(43)) - raft.server.log.statemachine.data.sync.timeout.retry = -1 (default)
2019-10-16 05:54:06,996 [pool-57-thread-1] INFO  server.RaftServerConfigKeys (ConfUtils.java:logGet(43)) - raft.server.log.statemachine.data.caching.enabled = true (custom)
2019-10-16 05:54:06,996 [pool-57-thread-1] INFO  segmented.SegmentedRaftLogWorker (SegmentedRaftLogWorker.java:lambda$new$0(128)) - 9ecd346d-e4ad-4887-80b5-747eac63700e@group-9CA4974860C7-SegmentedRaftLogWorker: flushIndex: setUnconditionally 0 -> -1
2019-10-16 05:54:06,996 [pool-57-thread-1] INFO  server.RaftServerConfigKeys (ConfUtils.java:logGet(43)) - raft.server.snapshot.auto.trigger.enabled = true (custom)
2019-10-16 05:54:06,997 [pool-57-thread-1] INFO  server.RaftServerConfigKeys (ConfUtils.java:logGet(43)) - raft.server.snapshot.auto.trigger.threshold = 10000 (custom)
2019-10-16 05:54:06,997 [pool-57-thread-1] INFO  server.RaftServerConfigKeys (ConfUtils.java:logGet(43)) - raft.server.snapshot.retention.file.num = 5 (custom)
2019-10-16 05:54:06,997 [pool-57-thread-1] INFO  server.RaftServerConfigKeys (ConfUtils.java:logGet(43)) - raft.server.retrycache.expirytime = 600000ms (custom)
2019-10-16 05:54:07,002 [pool-57-thread-1] INFO  impl.RaftServerImpl (RaftServerImpl.java:start(195)) - 9ecd346d-e4ad-4887-80b5-747eac63700e@group-9CA4974860C7: start as a follower, conf=-1: [9ecd346d-e4ad-4887-80b5-747eac63700e:192.168.69.104:38392], old=null
2019-10-16 05:54:07,002 [pool-57-thread-1] INFO  impl.RaftServerImpl (RaftServerImpl.java:setRole(184)) - 9ecd346d-e4ad-4887-80b5-747eac63700e@group-9CA4974860C7: changes role from      null to FOLLOWER at term 0 for startAsFollower
2019-10-16 05:54:07,002 [pool-57-thread-1] INFO  impl.RoleInfo (RoleInfo.java:updateAndGet(143)) - 9ecd346d-e4ad-4887-80b5-747eac63700e: start FollowerState
2019-10-16 05:54:07,003 [pool-57-thread-1] INFO  util.JmxRegister (JmxRegister.java:tryRegister(44)) - Successfully registered JMX Bean with object name Ratis:service=RaftServer,group=group-9CA4974860C7,id=9ecd346d-e4ad-4887-80b5-747eac63700e
2019-10-16 05:54:07,032 [RatisPipelineUtilsThread] INFO  pipeline.PipelineStateManager (PipelineStateManager.java:addPipeline(56)) - Created pipeline Pipeline[ Id: bdeea197-447f-4ad2-9417-9ca4974860c7, Nodes: 9ecd346d-e4ad-4887-80b5-747eac63700e{ip: 192.168.69.104, host: pr-hdds-2312-q6qzp-1535798719, networkLocation: /default-rack, certSerialId: null}, Type:RATIS, Factor:ONE, State:OPEN]
2019-10-16 05:54:07,051 [Thread-315] INFO  impl.FollowerState (FollowerState.java:run(108)) - 77d0bf9b-6f4c-431e-a5f1-454f54e3e5de@group-DE368F96B5F0-FollowerState: change to CANDIDATE, lastRpcTime:166ms, electionTimeout:165ms
2019-10-16 05:54:07,051 [grpc-default-executor-0] INFO  impl.RaftServerProxy (RaftServerProxy.java:addNew(89)) - 68874196-04c8-425f-a7cc-e98956f4184b: addNew group-1D13E72C9D27:[68874196-04c8-425f-a7cc-e98956f4184b:192.168.69.104:44736] returns group-1D13E72C9D27:java.util.concurrent.CompletableFuture@5ce7426c[Not completed]
2019-10-16 05:54:07,051 [Thread-315] INFO  impl.RoleInfo (RoleInfo.java:shutdownFollowerState(121)) - 77d0bf9b-6f4c-431e-a5f1-454f54e3e5de: shutdown FollowerState
2019-10-16 05:54:07,052 [Thread-315] INFO  impl.RaftServerImpl (RaftServerImpl.java:setRole(184)) - 77d0bf9b-6f4c-431e-a5f1-454f54e3e5de@group-DE368F96B5F0: changes role from  FOLLOWER to CANDIDATE at term 0 for changeToCandidate
2019-10-16 05:54:07,052 [Thread-315] INFO  impl.RoleInfo (RoleInfo.java:updateAndGet(143)) - 77d0bf9b-6f4c-431e-a5f1-454f54e3e5de: start LeaderElection
2019-10-16 05:54:07,057 [pool-97-thread-1] INFO  impl.RaftServerImpl (RaftServerImpl.java:<init>(104)) - 68874196-04c8-425f-a7cc-e98956f4184b: new RaftServerImpl for group-1D13E72C9D27:[68874196-04c8-425f-a7cc-e98956f4184b:192.168.69.104:44736] with ContainerStateMachine:uninitialized
2019-10-16 05:54:07,057 [pool-97-thread-1] INFO  server.RaftServerConfigKeys (ConfUtils.java:logGet(43)) - raft.server.rpc.timeout.min = 5s (custom)
2019-10-16 05:54:07,058 [pool-97-thread-1] INFO  server.RaftServerConfigKeys (ConfUtils.java:logGet(43)) - raft.server.rpc.timeout.max = 5200ms (custom)
2019-10-16 05:54:07,058 [pool-97-thread-1] INFO  server.RaftServerConfigKeys (ConfUtils.java:logGet(43)) - raft.server.rpcslowness.timeout = 120s (custom)
2019-10-16 05:54:07,058 [pool-97-thread-1] INFO  server.RaftServerConfigKeys (ConfUtils.java:logGet(43)) - raft.server.sleep.deviation.threshold = 300 (default)
2019-10-16 05:54:07,058 [pool-97-thread-1] INFO  server.RaftServerConfigKeys (ConfUtils.java:logGet(43)) - raft.server.log.appender.install.snapshot.enabled = false (custom)
2019-10-16 05:54:07,058 [pool-97-thread-1] INFO  impl.RaftServerImpl (ServerState.java:<init>(103)) - 68874196-04c8-425f-a7cc-e98956f4184b@group-1D13E72C9D27: ConfigurationManager, init=-1: [68874196-04c8-425f-a7cc-e98956f4184b:192.168.69.104:44736], old=null, confs=<EMPTY_MAP>
2019-10-16 05:54:07,060 [pool-97-thread-1] INFO  server.RaftServerConfigKeys (ConfUtils.java:logGet(43)) - raft.server.storage.dir = [/workdir/hadoop-ozone/integration-test/target/test-dir/MiniOzoneClusterImpl-a7ed491f-9e2a-49d2-8991-52926c770a07/datanode-7/data/ratis] (custom)
2019-10-16 05:54:07,061 [pool-97-thread-1] INFO  server.RaftServerConfigKeys (ConfUtils.java:logGet(43)) - raft.server.log.corruption.policy = EXCEPTION (default)
2019-10-16 05:54:07,061 [pool-97-thread-1] INFO  storage.RaftStorageDirectory (RaftStorageDirectory.java:analyzeStorage(246)) - The storage directory /workdir/hadoop-ozone/integration-test/target/test-dir/MiniOzoneClusterImpl-a7ed491f-9e2a-49d2-8991-52926c770a07/datanode-7/data/ratis/453dde08-dd06-463d-920b-1d13e72c9d27 does not exist. Creating ...
2019-10-16 05:54:07,070 [pool-97-thread-1] INFO  storage.RaftStorageDirectory (RaftStorageDirectory.java:tryLock(328)) - Lock on /workdir/hadoop-ozone/integration-test/target/test-dir/MiniOzoneClusterImpl-a7ed491f-9e2a-49d2-8991-52926c770a07/datanode-7/data/ratis/453dde08-dd06-463d-920b-1d13e72c9d27/in_use.lock acquired by nodename 13521@pr-hdds-2312-q6qzp-1535798719
2019-10-16 05:54:07,070 [77d0bf9b-6f4c-431e-a5f1-454f54e3e5de@group-DE368F96B5F0-LeaderElection7] INFO  impl.LeaderElection (LeaderElection.java:askForVotes(178)) - 77d0bf9b-6f4c-431e-a5f1-454f54e3e5de@group-DE368F96B5F0-LeaderElection7: begin an election at term 1 for -1: [77d0bf9b-6f4c-431e-a5f1-454f54e3e5de:192.168.69.104:37359], old=null
2019-10-16 05:54:07,070 [77d0bf9b-6f4c-431e-a5f1-454f54e3e5de@group-DE368F96B5F0-LeaderElection7] INFO  impl.RoleInfo (RoleInfo.java:shutdownLeaderElection(134)) - 77d0bf9b-6f4c-431e-a5f1-454f54e3e5de: shutdown LeaderElection
2019-10-16 05:54:07,070 [77d0bf9b-6f4c-431e-a5f1-454f54e3e5de@group-DE368F96B5F0-LeaderElection7] INFO  impl.RaftServerImpl (RaftServerImpl.java:setRole(184)) - 77d0bf9b-6f4c-431e-a5f1-454f54e3e5de@group-DE368F96B5F0: changes role from CANDIDATE to LEADER at term 1 for changeToLeader
2019-10-16 05:54:07,070 [77d0bf9b-6f4c-431e-a5f1-454f54e3e5de@group-DE368F96B5F0-LeaderElection7] INFO  impl.RaftServerImpl (ServerState.java:setLeader(256)) - 77d0bf9b-6f4c-431e-a5f1-454f54e3e5de@group-DE368F96B5F0: change Leader from null to 77d0bf9b-6f4c-431e-a5f1-454f54e3e5de at term 1 for becomeLeader, leader elected after 244ms
2019-10-16 05:54:07,071 [77d0bf9b-6f4c-431e-a5f1-454f54e3e5de@group-DE368F96B5F0-LeaderElection7] INFO  server.RaftServerConfigKeys (ConfUtils.java:logGet(43)) - raft.server.staging.catchup.gap = 1000 (default)
2019-10-16 05:54:07,071 [77d0bf9b-6f4c-431e-a5f1-454f54e3e5de@group-DE368F96B5F0-LeaderElection7] INFO  server.RaftServerConfigKeys (ConfUtils.java:logGet(43)) - raft.server.rpc.sleep.time = 25ms (default)
2019-10-16 05:54:07,071 [77d0bf9b-6f4c-431e-a5f1-454f54e3e5de@group-DE368F96B5F0-LeaderElection7] INFO  server.RaftServerConfigKeys (ConfUtils.java:logGet(43)) - raft.server.write.element-limit = 4096 (default)
2019-10-16 05:54:07,071 [77d0bf9b-6f4c-431e-a5f1-454f54e3e5de@group-DE368F96B5F0-LeaderElection7] INFO  server.RaftServerConfigKeys (ConfUtils.java:logGet(43)) - raft.server.watch.timeout = 10s (default)
2019-10-16 05:54:07,071 [77d0bf9b-6f4c-431e-a5f1-454f54e3e5de@group-DE368F96B5F0-LeaderElection7] INFO  server.RaftServerConfigKeys (ConfUtils.java:logGet(43)) - raft.server.watch.timeout.denomination = 1s (default)
2019-10-16 05:54:07,072 [77d0bf9b-6f4c-431e-a5f1-454f54e3e5de@group-DE368F96B5F0-LeaderElection7] INFO  server.RaftServerConfigKeys (ConfUtils.java:logGet(43)) - raft.server.watch.element-limit = 65536 (default)
2019-10-16 05:54:07,083 [77d0bf9b-6f4c-431e-a5f1-454f54e3e5de@group-DE368F96B5F0-LeaderElection7] INFO  impl.RoleInfo (RoleInfo.java:updateAndGet(143)) - 77d0bf9b-6f4c-431e-a5f1-454f54e3e5de: start LeaderState
2019-10-16 05:54:07,084 [77d0bf9b-6f4c-431e-a5f1-454f54e3e5de@group-DE368F96B5F0-LeaderElection7] INFO  segmented.SegmentedRaftLogWorker (SegmentedRaftLogWorker.java:startLogSegment(385)) - 77d0bf9b-6f4c-431e-a5f1-454f54e3e5de@group-DE368F96B5F0-SegmentedRaftLogWorker: Starting segment from index:0
2019-10-16 05:54:07,086 [77d0bf9b-6f4c-431e-a5f1-454f54e3e5de@group-DE368F96B5F0-LeaderElection7] INFO  impl.RaftServerImpl (ServerState.java:setRaftConf(357)) - 77d0bf9b-6f4c-431e-a5f1-454f54e3e5de@group-DE368F96B5F0: set configuration 0: [77d0bf9b-6f4c-431e-a5f1-454f54e3e5de:192.168.69.104:37359], old=null at 0
2019-10-16 05:54:07,132 [Thread-319] INFO  impl.FollowerState (FollowerState.java:run(108)) - 9ecd346d-e4ad-4887-80b5-747eac63700e@group-9CA4974860C7-FollowerState: change to CANDIDATE, lastRpcTime:129ms, electionTimeout:91ms
2019-10-16 05:54:07,132 [pool-97-thread-1] INFO  storage.RaftStorage (RaftStorage.java:format(84)) - Storage directory /workdir/hadoop-ozone/integration-test/target/test-dir/MiniOzoneClusterImpl-a7ed491f-9e2a-49d2-8991-52926c770a07/datanode-7/data/ratis/453dde08-dd06-463d-920b-1d13e72c9d27 has been successfully formatted.
2019-10-16 05:54:07,132 [Thread-319] INFO  impl.RoleInfo (RoleInfo.java:shutdownFollowerState(121)) - 9ecd346d-e4ad-4887-80b5-747eac63700e: shutdown FollowerState
2019-10-16 05:54:07,133 [Thread-319] INFO  impl.RaftServerImpl (RaftServerImpl.java:setRole(184)) - 9ecd346d-e4ad-4887-80b5-747eac63700e@group-9CA4974860C7: changes role from  FOLLOWER to CANDIDATE at term 0 for changeToCandidate
2019-10-16 05:54:07,133 [pool-97-thread-1] INFO  ratis.ContainerStateMachine (ContainerStateMachine.java:loadSnapshot(231)) - group-1D13E72C9D27: The snapshot info is null. Setting the last applied indexto:(t:0, i:~)
2019-10-16 05:54:07,135 [Thread-319] INFO  impl.RoleInfo (RoleInfo.java:updateAndGet(143)) - 9ecd346d-e4ad-4887-80b5-747eac63700e: start LeaderElection
2019-10-16 05:54:07,136 [pool-97-thread-1] INFO  server.RaftServerConfigKeys (ConfUtils.java:logGet(43)) - raft.server.notification.no-leader.timeout = 120s (custom)
2019-10-16 05:54:07,136 [pool-97-thread-1] INFO  server.RaftServerConfigKeys (ConfUtils.java:logGet(43)) - raft.server.log.use.memory = false (default)
2019-10-16 05:54:07,146 [pool-97-thread-1] INFO  server.RaftServerConfigKeys (ConfUtils.java:logGet(43)) - raft.server.log.purge.gap = 1000000 (custom)
2019-10-16 05:54:07,146 [77d0bf9b-6f4c-431e-a5f1-454f54e3e5de@group-DE368F96B5F0-SegmentedRaftLogWorker] INFO  segmented.SegmentedRaftLogWorker (SegmentedRaftLogWorker.java:execute(576)) - 77d0bf9b-6f4c-431e-a5f1-454f54e3e5de@group-DE368F96B5F0-SegmentedRaftLogWorker: created new log segment /workdir/hadoop-ozone/integration-test/target/test-dir/MiniOzoneClusterImpl-a7ed491f-9e2a-49d2-8991-52926c770a07/datanode-4/data/ratis/f60ce34e-a224-4407-aad2-de368f96b5f0/current/log_inprogress_0
2019-10-16 05:54:07,147 [pool-97-thread-1] INFO  server.RaftServerConfigKeys (ConfUtils.java:logGet(43)) - raft.server.log.appender.buffer.byte-limit = 33554432 (custom)
2019-10-16 05:54:07,147 [pool-97-thread-1] INFO  server.RaftServerConfigKeys (ConfUtils.java:logGet(43)) - raft.server.log.segment.size.max = 1048576 (custom)
2019-10-16 05:54:07,151 [pool-97-thread-1] INFO  server.RaftServerConfigKeys (ConfUtils.java:logGet(43)) - raft.server.log.segment.cache.num.max = 2 (custom)
2019-10-16 05:54:07,152 [pool-97-thread-1] INFO  segmented.SegmentedRaftLogWorker (SegmentedRaftLogWorker.java:<init>(173)) - new 68874196-04c8-425f-a7cc-e98956f4184b@group-1D13E72C9D27-SegmentedRaftLogWorker for RaftStorage:Storage Directory /workdir/hadoop-ozone/integration-test/target/test-dir/MiniOzoneClusterImpl-a7ed491f-9e2a-49d2-8991-52926c770a07/datanode-7/data/ratis/453dde08-dd06-463d-920b-1d13e72c9d27
2019-10-16 05:54:07,152 [pool-97-thread-1] INFO  server.RaftServerConfigKeys (ConfUtils.java:logGet(43)) - raft.server.log.queue.byte-limit = 2147483647 (custom)
2019-10-16 05:54:07,152 [pool-97-thread-1] INFO  server.RaftServerConfigKeys (ConfUtils.java:logGet(43)) - raft.server.log.queue.element-limit = 1024 (custom)
2019-10-16 05:54:07,152 [pool-97-thread-1] INFO  server.RaftServerConfigKeys (ConfUtils.java:logGet(43)) - raft.server.log.segment.size.max = 1048576 (custom)
2019-10-16 05:54:07,152 [pool-97-thread-1] INFO  server.RaftServerConfigKeys (ConfUtils.java:logGet(43)) - raft.server.log.preallocated.size = 16384 (custom)
2019-10-16 05:54:07,153 [pool-97-thread-1] INFO  server.RaftServerConfigKeys (ConfUtils.java:logGet(43)) - raft.server.log.write.buffer.size = 33554432 (custom)
2019-10-16 05:54:07,153 [pool-97-thread-1] INFO  server.RaftServerConfigKeys (ConfUtils.java:logGet(43)) - raft.server.log.force.sync.num = 128 (default)
2019-10-16 05:54:07,153 [pool-97-thread-1] INFO  server.RaftServerConfigKeys (ConfUtils.java:logGet(43)) - raft.server.log.statemachine.data.sync = true (default)
2019-10-16 05:54:07,153 [pool-97-thread-1] INFO  server.RaftServerConfigKeys (ConfUtils.java:logGet(43)) - raft.server.log.statemachine.data.sync.timeout = 10s (default)
2019-10-16 05:54:07,153 [pool-97-thread-1] INFO  server.RaftServerConfigKeys (ConfUtils.java:logGet(43)) - raft.server.log.statemachine.data.sync.timeout.retry = -1 (default)
2019-10-16 05:54:07,154 [pool-97-thread-1] INFO  server.RaftServerConfigKeys (ConfUtils.java:logGet(43)) - raft.server.log.statemachine.data.caching.enabled = true (custom)
2019-10-16 05:54:07,155 [pool-97-thread-1] INFO  segmented.SegmentedRaftLogWorker (SegmentedRaftLogWorker.java:lambda$new$0(128)) - 68874196-04c8-425f-a7cc-e98956f4184b@group-1D13E72C9D27-SegmentedRaftLogWorker: flushIndex: setUnconditionally 0 -> -1
2019-10-16 05:54:07,155 [pool-97-thread-1] INFO  server.RaftServerConfigKeys (ConfUtils.java:logGet(43)) - raft.server.snapshot.auto.trigger.enabled = true (custom)
2019-10-16 05:54:07,155 [pool-97-thread-1] INFO  server.RaftServerConfigKeys (ConfUtils.java:logGet(43)) - raft.server.snapshot.auto.trigger.threshold = 10000 (custom)
2019-10-16 05:54:07,156 [pool-97-thread-1] INFO  server.RaftServerConfigKeys (ConfUtils.java:logGet(43)) - raft.server.snapshot.retention.file.num = 5 (custom)
2019-10-16 05:54:07,156 [pool-97-thread-1] INFO  server.RaftServerConfigKeys (ConfUtils.java:logGet(43)) - raft.server.retrycache.expirytime = 600000ms (custom)
2019-10-16 05:54:07,160 [9ecd346d-e4ad-4887-80b5-747eac63700e@group-9CA4974860C7-LeaderElection8] INFO  impl.LeaderElection (LeaderElection.java:askForVotes(178)) - 9ecd346d-e4ad-4887-80b5-747eac63700e@group-9CA4974860C7-LeaderElection8: begin an election at term 1 for -1: [9ecd346d-e4ad-4887-80b5-747eac63700e:192.168.69.104:38392], old=null
2019-10-16 05:54:07,160 [9ecd346d-e4ad-4887-80b5-747eac63700e@group-9CA4974860C7-LeaderElection8] INFO  impl.RoleInfo (RoleInfo.java:shutdownLeaderElection(134)) - 9ecd346d-e4ad-4887-80b5-747eac63700e: shutdown LeaderElection
2019-10-16 05:54:07,160 [9ecd346d-e4ad-4887-80b5-747eac63700e@group-9CA4974860C7-LeaderElection8] INFO  impl.RaftServerImpl (RaftServerImpl.java:setRole(184)) - 9ecd346d-e4ad-4887-80b5-747eac63700e@group-9CA4974860C7: changes role from CANDIDATE to LEADER at term 1 for changeToLeader
2019-10-16 05:54:07,160 [9ecd346d-e4ad-4887-80b5-747eac63700e@group-9CA4974860C7-LeaderElection8] INFO  impl.RaftServerImpl (ServerState.java:setLeader(256)) - 9ecd346d-e4ad-4887-80b5-747eac63700e@group-9CA4974860C7: change Leader from null to 9ecd346d-e4ad-4887-80b5-747eac63700e at term 1 for becomeLeader, leader elected after 170ms
2019-10-16 05:54:07,161 [9ecd346d-e4ad-4887-80b5-747eac63700e@group-9CA4974860C7-LeaderElection8] INFO  server.RaftServerConfigKeys (ConfUtils.java:logGet(43)) - raft.server.staging.catchup.gap = 1000 (default)
2019-10-16 05:54:07,161 [9ecd346d-e4ad-4887-80b5-747eac63700e@group-9CA4974860C7-LeaderElection8] INFO  server.RaftServerConfigKeys (ConfUtils.java:logGet(43)) - raft.server.rpc.sleep.time = 25ms (default)
2019-10-16 05:54:07,161 [9ecd346d-e4ad-4887-80b5-747eac63700e@group-9CA4974860C7-LeaderElection8] INFO  server.RaftServerConfigKeys (ConfUtils.java:logGet(43)) - raft.server.write.element-limit = 4096 (default)
2019-10-16 05:54:07,161 [9ecd346d-e4ad-4887-80b5-747eac63700e@group-9CA4974860C7-LeaderElection8] INFO  server.RaftServerConfigKeys (ConfUtils.java:logGet(43)) - raft.server.watch.timeout = 10s (default)
2019-10-16 05:54:07,162 [9ecd346d-e4ad-4887-80b5-747eac63700e@group-9CA4974860C7-LeaderElection8] INFO  server.RaftServerConfigKeys (ConfUtils.java:logGet(43)) - raft.server.watch.timeout.denomination = 1s (default)
2019-10-16 05:54:07,162 [9ecd346d-e4ad-4887-80b5-747eac63700e@group-9CA4974860C7-LeaderElection8] INFO  server.RaftServerConfigKeys (ConfUtils.java:logGet(43)) - raft.server.watch.element-limit = 65536 (default)
2019-10-16 05:54:07,162 [pool-97-thread-1] INFO  impl.RaftServerImpl (RaftServerImpl.java:start(195)) - 68874196-04c8-425f-a7cc-e98956f4184b@group-1D13E72C9D27: start as a follower, conf=-1: [68874196-04c8-425f-a7cc-e98956f4184b:192.168.69.104:44736], old=null
2019-10-16 05:54:07,162 [pool-97-thread-1] INFO  impl.RaftServerImpl (RaftServerImpl.java:setRole(184)) - 68874196-04c8-425f-a7cc-e98956f4184b@group-1D13E72C9D27: changes role from      null to FOLLOWER at term 0 for startAsFollower
2019-10-16 05:54:07,163 [pool-97-thread-1] INFO  impl.RoleInfo (RoleInfo.java:updateAndGet(143)) - 68874196-04c8-425f-a7cc-e98956f4184b: start FollowerState
2019-10-16 05:54:07,163 [pool-97-thread-1] INFO  util.JmxRegister (JmxRegister.java:tryRegister(44)) - Successfully registered JMX Bean with object name Ratis:service=RaftServer,group=group-1D13E72C9D27,id=68874196-04c8-425f-a7cc-e98956f4184b
2019-10-16 05:54:07,166 [9ecd346d-e4ad-4887-80b5-747eac63700e@group-9CA4974860C7-LeaderElection8] INFO  impl.RoleInfo (RoleInfo.java:updateAndGet(143)) - 9ecd346d-e4ad-4887-80b5-747eac63700e: start LeaderState
2019-10-16 05:54:07,167 [9ecd346d-e4ad-4887-80b5-747eac63700e@group-9CA4974860C7-LeaderElection8] INFO  segmented.SegmentedRaftLogWorker (SegmentedRaftLogWorker.java:startLogSegment(385)) - 9ecd346d-e4ad-4887-80b5-747eac63700e@group-9CA4974860C7-SegmentedRaftLogWorker: Starting segment from index:0
2019-10-16 05:54:07,168 [9ecd346d-e4ad-4887-80b5-747eac63700e@group-9CA4974860C7-LeaderElection8] INFO  impl.RaftServerImpl (ServerState.java:setRaftConf(357)) - 9ecd346d-e4ad-4887-80b5-747eac63700e@group-9CA4974860C7: set configuration 0: [9ecd346d-e4ad-4887-80b5-747eac63700e:192.168.69.104:38392], old=null at 0
2019-10-16 05:54:07,205 [Thread-326] INFO  impl.FollowerState (FollowerState.java:run(108)) - 68874196-04c8-425f-a7cc-e98956f4184b@group-1D13E72C9D27-FollowerState: change to CANDIDATE, lastRpcTime:42ms, electionTimeout:33ms
2019-10-16 05:54:07,205 [Thread-326] INFO  impl.RoleInfo (RoleInfo.java:shutdownFollowerState(121)) - 68874196-04c8-425f-a7cc-e98956f4184b: shutdown FollowerState
2019-10-16 05:54:07,205 [Thread-326] INFO  impl.RaftServerImpl (RaftServerImpl.java:setRole(184)) - 68874196-04c8-425f-a7cc-e98956f4184b@group-1D13E72C9D27: changes role from  FOLLOWER to CANDIDATE at term 0 for changeToCandidate
2019-10-16 05:54:07,206 [Thread-326] INFO  impl.RoleInfo (RoleInfo.java:updateAndGet(143)) - 68874196-04c8-425f-a7cc-e98956f4184b: start LeaderElection
2019-10-16 05:54:07,225 [RatisPipelineUtilsThread] INFO  pipeline.PipelineStateManager (PipelineStateManager.java:addPipeline(56)) - Created pipeline Pipeline[ Id: 453dde08-dd06-463d-920b-1d13e72c9d27, Nodes: 68874196-04c8-425f-a7cc-e98956f4184b{ip: 192.168.69.104, host: pr-hdds-2312-q6qzp-1535798719, networkLocation: /default-rack, certSerialId: null}, Type:RATIS, Factor:ONE, State:OPEN]
2019-10-16 05:54:07,230 [9ecd346d-e4ad-4887-80b5-747eac63700e@group-9CA4974860C7-SegmentedRaftLogWorker] INFO  segmented.SegmentedRaftLogWorker (SegmentedRaftLogWorker.java:execute(576)) - 9ecd346d-e4ad-4887-80b5-747eac63700e@group-9CA4974860C7-SegmentedRaftLogWorker: created new log segment /workdir/hadoop-ozone/integration-test/target/test-dir/MiniOzoneClusterImpl-a7ed491f-9e2a-49d2-8991-52926c770a07/datanode-3/data/ratis/bdeea197-447f-4ad2-9417-9ca4974860c7/current/log_inprogress_0
2019-10-16 05:54:07,231 [68874196-04c8-425f-a7cc-e98956f4184b@group-1D13E72C9D27-LeaderElection9] INFO  impl.LeaderElection (LeaderElection.java:askForVotes(178)) - 68874196-04c8-425f-a7cc-e98956f4184b@group-1D13E72C9D27-LeaderElection9: begin an election at term 1 for -1: [68874196-04c8-425f-a7cc-e98956f4184b:192.168.69.104:44736], old=null
2019-10-16 05:54:07,231 [68874196-04c8-425f-a7cc-e98956f4184b@group-1D13E72C9D27-LeaderElection9] INFO  impl.RoleInfo (RoleInfo.java:shutdownLeaderElection(134)) - 68874196-04c8-425f-a7cc-e98956f4184b: shutdown LeaderElection
2019-10-16 05:54:07,231 [68874196-04c8-425f-a7cc-e98956f4184b@group-1D13E72C9D27-LeaderElection9] INFO  impl.RaftServerImpl (RaftServerImpl.java:setRole(184)) - 68874196-04c8-425f-a7cc-e98956f4184b@group-1D13E72C9D27: changes role from CANDIDATE to LEADER at term 1 for changeToLeader
2019-10-16 05:54:07,231 [68874196-04c8-425f-a7cc-e98956f4184b@group-1D13E72C9D27-LeaderElection9] INFO  impl.RaftServerImpl (ServerState.java:setLeader(256)) - 68874196-04c8-425f-a7cc-e98956f4184b@group-1D13E72C9D27: change Leader from null to 68874196-04c8-425f-a7cc-e98956f4184b at term 1 for becomeLeader, leader elected after 95ms
2019-10-16 05:54:07,231 [68874196-04c8-425f-a7cc-e98956f4184b@group-1D13E72C9D27-LeaderElection9] INFO  server.RaftServerConfigKeys (ConfUtils.java:logGet(43)) - raft.server.staging.catchup.gap = 1000 (default)
2019-10-16 05:54:07,232 [68874196-04c8-425f-a7cc-e98956f4184b@group-1D13E72C9D27-LeaderElection9] INFO  server.RaftServerConfigKeys (ConfUtils.java:logGet(43)) - raft.server.rpc.sleep.time = 25ms (default)
2019-10-16 05:54:07,234 [68874196-04c8-425f-a7cc-e98956f4184b@group-1D13E72C9D27-LeaderElection9] INFO  server.RaftServerConfigKeys (ConfUtils.java:logGet(43)) - raft.server.write.element-limit = 4096 (default)
2019-10-16 05:54:07,235 [68874196-04c8-425f-a7cc-e98956f4184b@group-1D13E72C9D27-LeaderElection9] INFO  server.RaftServerConfigKeys (ConfUtils.java:logGet(43)) - raft.server.watch.timeout = 10s (default)
2019-10-16 05:54:07,235 [68874196-04c8-425f-a7cc-e98956f4184b@group-1D13E72C9D27-LeaderElection9] INFO  server.RaftServerConfigKeys (ConfUtils.java:logGet(43)) - raft.server.watch.timeout.denomination = 1s (default)
2019-10-16 05:54:07,244 [68874196-04c8-425f-a7cc-e98956f4184b@group-1D13E72C9D27-LeaderElection9] INFO  server.RaftServerConfigKeys (ConfUtils.java:logGet(43)) - raft.server.watch.element-limit = 65536 (default)
2019-10-16 05:54:07,251 [68874196-04c8-425f-a7cc-e98956f4184b@group-1D13E72C9D27-LeaderElection9] INFO  impl.RoleInfo (RoleInfo.java:updateAndGet(143)) - 68874196-04c8-425f-a7cc-e98956f4184b: start LeaderState
2019-10-16 05:54:07,253 [68874196-04c8-425f-a7cc-e98956f4184b@group-1D13E72C9D27-LeaderElection9] INFO  segmented.SegmentedRaftLogWorker (SegmentedRaftLogWorker.java:startLogSegment(385)) - 68874196-04c8-425f-a7cc-e98956f4184b@group-1D13E72C9D27-SegmentedRaftLogWorker: Starting segment from index:0
2019-10-16 05:54:07,255 [grpc-default-executor-0] INFO  impl.RaftServerProxy (RaftServerProxy.java:addNew(89)) - a95979bb-20e9-431e-a9fb-b8261a9ef448: addNew group-836BF0AE68E8:[a95979bb-20e9-431e-a9fb-b8261a9ef448:192.168.69.104:40117] returns group-836BF0AE68E8:java.util.concurrent.CompletableFuture@2dbc714[Not completed]
2019-10-16 05:54:07,255 [68874196-04c8-425f-a7cc-e98956f4184b@group-1D13E72C9D27-LeaderElection9] INFO  impl.RaftServerImpl (ServerState.java:setRaftConf(357)) - 68874196-04c8-425f-a7cc-e98956f4184b@group-1D13E72C9D27: set configuration 0: [68874196-04c8-425f-a7cc-e98956f4184b:192.168.69.104:44736], old=null at 0
2019-10-16 05:54:07,296 [pool-37-thread-1] INFO  impl.RaftServerImpl (RaftServerImpl.java:<init>(104)) - a95979bb-20e9-431e-a9fb-b8261a9ef448: new RaftServerImpl for group-836BF0AE68E8:[a95979bb-20e9-431e-a9fb-b8261a9ef448:192.168.69.104:40117] with ContainerStateMachine:uninitialized
2019-10-16 05:54:07,296 [pool-37-thread-1] INFO  server.RaftServerConfigKeys (ConfUtils.java:logGet(43)) - raft.server.rpc.timeout.min = 5s (custom)
2019-10-16 05:54:07,296 [pool-37-thread-1] INFO  server.RaftServerConfigKeys (ConfUtils.java:logGet(43)) - raft.server.rpc.timeout.max = 5200ms (custom)
2019-10-16 05:54:07,296 [pool-37-thread-1] INFO  server.RaftServerConfigKeys (ConfUtils.java:logGet(43)) - raft.server.rpcslowness.timeout = 120s (custom)
2019-10-16 05:54:07,297 [pool-37-thread-1] INFO  server.RaftServerConfigKeys (ConfUtils.java:logGet(43)) - raft.server.sleep.deviation.threshold = 300 (default)
2019-10-16 05:54:07,297 [pool-37-thread-1] INFO  server.RaftServerConfigKeys (ConfUtils.java:logGet(43)) - raft.server.log.appender.install.snapshot.enabled = false (custom)
2019-10-16 05:54:07,297 [pool-37-thread-1] INFO  impl.RaftServerImpl (ServerState.java:<init>(103)) - a95979bb-20e9-431e-a9fb-b8261a9ef448@group-836BF0AE68E8: ConfigurationManager, init=-1: [a95979bb-20e9-431e-a9fb-b8261a9ef448:192.168.69.104:40117], old=null, confs=<EMPTY_MAP>
2019-10-16 05:54:07,297 [pool-37-thread-1] INFO  server.RaftServerConfigKeys (ConfUtils.java:logGet(43)) - raft.server.storage.dir = [/workdir/hadoop-ozone/integration-test/target/test-dir/MiniOzoneClusterImpl-a7ed491f-9e2a-49d2-8991-52926c770a07/datanode-1/data/ratis] (custom)
2019-10-16 05:54:07,298 [pool-37-thread-1] INFO  server.RaftServerConfigKeys (ConfUtils.java:logGet(43)) - raft.server.log.corruption.policy = EXCEPTION (default)
2019-10-16 05:54:07,298 [pool-37-thread-1] INFO  storage.RaftStorageDirectory (RaftStorageDirectory.java:analyzeStorage(246)) - The storage directory /workdir/hadoop-ozone/integration-test/target/test-dir/MiniOzoneClusterImpl-a7ed491f-9e2a-49d2-8991-52926c770a07/datanode-1/data/ratis/01cc9cbf-4894-4c4f-9a9c-836bf0ae68e8 does not exist. Creating ...
2019-10-16 05:54:07,307 [pool-37-thread-1] INFO  storage.RaftStorageDirectory (RaftStorageDirectory.java:tryLock(328)) - Lock on /workdir/hadoop-ozone/integration-test/target/test-dir/MiniOzoneClusterImpl-a7ed491f-9e2a-49d2-8991-52926c770a07/datanode-1/data/ratis/01cc9cbf-4894-4c4f-9a9c-836bf0ae68e8/in_use.lock acquired by nodename 13521@pr-hdds-2312-q6qzp-1535798719
2019-10-16 05:54:07,307 [68874196-04c8-425f-a7cc-e98956f4184b@group-1D13E72C9D27-SegmentedRaftLogWorker] INFO  segmented.SegmentedRaftLogWorker (SegmentedRaftLogWorker.java:execute(576)) - 68874196-04c8-425f-a7cc-e98956f4184b@group-1D13E72C9D27-SegmentedRaftLogWorker: created new log segment /workdir/hadoop-ozone/integration-test/target/test-dir/MiniOzoneClusterImpl-a7ed491f-9e2a-49d2-8991-52926c770a07/datanode-7/data/ratis/453dde08-dd06-463d-920b-1d13e72c9d27/current/log_inprogress_0
2019-10-16 05:54:07,325 [pool-37-thread-1] INFO  storage.RaftStorage (RaftStorage.java:format(84)) - Storage directory /workdir/hadoop-ozone/integration-test/target/test-dir/MiniOzoneClusterImpl-a7ed491f-9e2a-49d2-8991-52926c770a07/datanode-1/data/ratis/01cc9cbf-4894-4c4f-9a9c-836bf0ae68e8 has been successfully formatted.
2019-10-16 05:54:07,326 [pool-37-thread-1] INFO  ratis.ContainerStateMachine (ContainerStateMachine.java:loadSnapshot(231)) - group-836BF0AE68E8: The snapshot info is null. Setting the last applied indexto:(t:0, i:~)
2019-10-16 05:54:07,326 [pool-37-thread-1] INFO  server.RaftServerConfigKeys (ConfUtils.java:logGet(43)) - raft.server.notification.no-leader.timeout = 120s (custom)
2019-10-16 05:54:07,326 [pool-37-thread-1] INFO  server.RaftServerConfigKeys (ConfUtils.java:logGet(43)) - raft.server.log.use.memory = false (default)
2019-10-16 05:54:07,326 [pool-37-thread-1] INFO  server.RaftServerConfigKeys (ConfUtils.java:logGet(43)) - raft.server.log.purge.gap = 1000000 (custom)
2019-10-16 05:54:07,327 [pool-37-thread-1] INFO  server.RaftServerConfigKeys (ConfUtils.java:logGet(43)) - raft.server.log.appender.buffer.byte-limit = 33554432 (custom)
2019-10-16 05:54:07,327 [pool-37-thread-1] INFO  server.RaftServerConfigKeys (ConfUtils.java:logGet(43)) - raft.server.log.segment.size.max = 1048576 (custom)
2019-10-16 05:54:07,330 [pool-37-thread-1] INFO  server.RaftServerConfigKeys (ConfUtils.java:logGet(43)) - raft.server.log.segment.cache.num.max = 2 (custom)
2019-10-16 05:54:07,330 [pool-37-thread-1] INFO  segmented.SegmentedRaftLogWorker (SegmentedRaftLogWorker.java:<init>(173)) - new a95979bb-20e9-431e-a9fb-b8261a9ef448@group-836BF0AE68E8-SegmentedRaftLogWorker for RaftStorage:Storage Directory /workdir/hadoop-ozone/integration-test/target/test-dir/MiniOzoneClusterImpl-a7ed491f-9e2a-49d2-8991-52926c770a07/datanode-1/data/ratis/01cc9cbf-4894-4c4f-9a9c-836bf0ae68e8
2019-10-16 05:54:07,330 [pool-37-thread-1] INFO  server.RaftServerConfigKeys (ConfUtils.java:logGet(43)) - raft.server.log.queue.byte-limit = 2147483647 (custom)
2019-10-16 05:54:07,330 [pool-37-thread-1] INFO  server.RaftServerConfigKeys (ConfUtils.java:logGet(43)) - raft.server.log.queue.element-limit = 1024 (custom)
2019-10-16 05:54:07,330 [pool-37-thread-1] INFO  server.RaftServerConfigKeys (ConfUtils.java:logGet(43)) - raft.server.log.segment.size.max = 1048576 (custom)
2019-10-16 05:54:07,331 [pool-37-thread-1] INFO  server.RaftServerConfigKeys (ConfUtils.java:logGet(43)) - raft.server.log.preallocated.size = 16384 (custom)
2019-10-16 05:54:07,331 [pool-37-thread-1] INFO  server.RaftServerConfigKeys (ConfUtils.java:logGet(43)) - raft.server.log.write.buffer.size = 33554432 (custom)
2019-10-16 05:54:07,331 [pool-37-thread-1] INFO  server.RaftServerConfigKeys (ConfUtils.java:logGet(43)) - raft.server.log.force.sync.num = 128 (default)
2019-10-16 05:54:07,331 [pool-37-thread-1] INFO  server.RaftServerConfigKeys (ConfUtils.java:logGet(43)) - raft.server.log.statemachine.data.sync = true (default)
2019-10-16 05:54:07,331 [pool-37-thread-1] INFO  server.RaftServerConfigKeys (ConfUtils.java:logGet(43)) - raft.server.log.statemachine.data.sync.timeout = 10s (default)
2019-10-16 05:54:07,331 [pool-37-thread-1] INFO  server.RaftServerConfigKeys (ConfUtils.java:logGet(43)) - raft.server.log.statemachine.data.sync.timeout.retry = -1 (default)
2019-10-16 05:54:07,332 [pool-37-thread-1] INFO  server.RaftServerConfigKeys (ConfUtils.java:logGet(43)) - raft.server.log.statemachine.data.caching.enabled = true (custom)
2019-10-16 05:54:07,333 [pool-37-thread-1] INFO  segmented.SegmentedRaftLogWorker (SegmentedRaftLogWorker.java:lambda$new$0(128)) - a95979bb-20e9-431e-a9fb-b8261a9ef448@group-836BF0AE68E8-SegmentedRaftLogWorker: flushIndex: setUnconditionally 0 -> -1
2019-10-16 05:54:07,333 [pool-37-thread-1] INFO  server.RaftServerConfigKeys (ConfUtils.java:logGet(43)) - raft.server.snapshot.auto.trigger.enabled = true (custom)
2019-10-16 05:54:07,333 [pool-37-thread-1] INFO  server.RaftServerConfigKeys (ConfUtils.java:logGet(43)) - raft.server.snapshot.auto.trigger.threshold = 10000 (custom)
2019-10-16 05:54:07,333 [pool-37-thread-1] INFO  server.RaftServerConfigKeys (ConfUtils.java:logGet(43)) - raft.server.snapshot.retention.file.num = 5 (custom)
2019-10-16 05:54:07,334 [pool-37-thread-1] INFO  server.RaftServerConfigKeys (ConfUtils.java:logGet(43)) - raft.server.retrycache.expirytime = 600000ms (custom)
2019-10-16 05:54:07,339 [pool-37-thread-1] INFO  impl.RaftServerImpl (RaftServerImpl.java:start(195)) - a95979bb-20e9-431e-a9fb-b8261a9ef448@group-836BF0AE68E8: start as a follower, conf=-1: [a95979bb-20e9-431e-a9fb-b8261a9ef448:192.168.69.104:40117], old=null
2019-10-16 05:54:07,339 [pool-37-thread-1] INFO  impl.RaftServerImpl (RaftServerImpl.java:setRole(184)) - a95979bb-20e9-431e-a9fb-b8261a9ef448@group-836BF0AE68E8: changes role from      null to FOLLOWER at term 0 for startAsFollower
2019-10-16 05:54:07,339 [pool-37-thread-1] INFO  impl.RoleInfo (RoleInfo.java:updateAndGet(143)) - a95979bb-20e9-431e-a9fb-b8261a9ef448: start FollowerState
2019-10-16 05:54:07,340 [pool-37-thread-1] INFO  util.JmxRegister (JmxRegister.java:tryRegister(44)) - Successfully registered JMX Bean with object name Ratis:service=RaftServer,group=group-836BF0AE68E8,id=a95979bb-20e9-431e-a9fb-b8261a9ef448
2019-10-16 05:54:07,355 [RatisPipelineUtilsThread] INFO  pipeline.PipelineStateManager (PipelineStateManager.java:addPipeline(56)) - Created pipeline Pipeline[ Id: 01cc9cbf-4894-4c4f-9a9c-836bf0ae68e8, Nodes: a95979bb-20e9-431e-a9fb-b8261a9ef448{ip: 192.168.69.104, host: pr-hdds-2312-q6qzp-1535798719, networkLocation: /default-rack, certSerialId: null}, Type:RATIS, Factor:ONE, State:OPEN]
2019-10-16 05:54:07,388 [grpc-default-executor-1] INFO  impl.RaftServerProxy (RaftServerProxy.java:addNew(89)) - 7f194c44-d326-466e-a2f3-1afa0b12311e: addNew group-6F198EFDD6FC:[7f194c44-d326-466e-a2f3-1afa0b12311e:192.168.69.104:41593, 28fad83d-bdd1-43c5-9066-2f84db181b78:192.168.69.104:43518, 9716ed81-e797-4622-8f9d-d0bad6b93ded:192.168.69.104:37182] returns group-6F198EFDD6FC:java.util.concurrent.CompletableFuture@3469c92[Not completed]
2019-10-16 05:54:07,388 [grpc-default-executor-2] INFO  impl.RaftServerProxy (RaftServerProxy.java:addNew(89)) - 9716ed81-e797-4622-8f9d-d0bad6b93ded: addNew group-6F198EFDD6FC:[7f194c44-d326-466e-a2f3-1afa0b12311e:192.168.69.104:41593, 28fad83d-bdd1-43c5-9066-2f84db181b78:192.168.69.104:43518, 9716ed81-e797-4622-8f9d-d0bad6b93ded:192.168.69.104:37182] returns group-6F198EFDD6FC:java.util.concurrent.CompletableFuture@7ba1d053[Not completed]
2019-10-16 05:54:07,388 [grpc-default-executor-0] INFO  impl.RaftServerProxy (RaftServerProxy.java:addNew(89)) - 28fad83d-bdd1-43c5-9066-2f84db181b78: addNew group-6F198EFDD6FC:[7f194c44-d326-466e-a2f3-1afa0b12311e:192.168.69.104:41593, 28fad83d-bdd1-43c5-9066-2f84db181b78:192.168.69.104:43518, 9716ed81-e797-4622-8f9d-d0bad6b93ded:192.168.69.104:37182] returns group-6F198EFDD6FC:java.util.concurrent.CompletableFuture@4aca8eb1[Not completed]
2019-10-16 05:54:07,390 [pool-87-thread-1] INFO  impl.RaftServerImpl (RaftServerImpl.java:<init>(104)) - 7f194c44-d326-466e-a2f3-1afa0b12311e: new RaftServerImpl for group-6F198EFDD6FC:[7f194c44-d326-466e-a2f3-1afa0b12311e:192.168.69.104:41593, 28fad83d-bdd1-43c5-9066-2f84db181b78:192.168.69.104:43518, 9716ed81-e797-4622-8f9d-d0bad6b93ded:192.168.69.104:37182] with ContainerStateMachine:uninitialized
2019-10-16 05:54:07,390 [pool-87-thread-1] INFO  server.RaftServerConfigKeys (ConfUtils.java:logGet(43)) - raft.server.rpc.timeout.min = 5s (custom)
2019-10-16 05:54:07,390 [pool-87-thread-1] INFO  server.RaftServerConfigKeys (ConfUtils.java:logGet(43)) - raft.server.rpc.timeout.max = 5200ms (custom)
2019-10-16 05:54:07,391 [pool-87-thread-1] INFO  server.RaftServerConfigKeys (ConfUtils.java:logGet(43)) - raft.server.rpcslowness.timeout = 120s (custom)
2019-10-16 05:54:07,391 [pool-87-thread-1] INFO  server.RaftServerConfigKeys (ConfUtils.java:logGet(43)) - raft.server.sleep.deviation.threshold = 300 (default)
2019-10-16 05:54:07,391 [pool-77-thread-1] INFO  impl.RaftServerImpl (RaftServerImpl.java:<init>(104)) - 9716ed81-e797-4622-8f9d-d0bad6b93ded: new RaftServerImpl for group-6F198EFDD6FC:[7f194c44-d326-466e-a2f3-1afa0b12311e:192.168.69.104:41593, 28fad83d-bdd1-43c5-9066-2f84db181b78:192.168.69.104:43518, 9716ed81-e797-4622-8f9d-d0bad6b93ded:192.168.69.104:37182] with ContainerStateMachine:uninitialized
2019-10-16 05:54:07,391 [pool-87-thread-1] INFO  server.RaftServerConfigKeys (ConfUtils.java:logGet(43)) - raft.server.log.appender.install.snapshot.enabled = false (custom)
2019-10-16 05:54:07,391 [pool-77-thread-1] INFO  server.RaftServerConfigKeys (ConfUtils.java:logGet(43)) - raft.server.rpc.timeout.min = 5s (custom)
2019-10-16 05:54:07,391 [pool-87-thread-1] INFO  impl.RaftServerImpl (ServerState.java:<init>(103)) - 7f194c44-d326-466e-a2f3-1afa0b12311e@group-6F198EFDD6FC: ConfigurationManager, init=-1: [7f194c44-d326-466e-a2f3-1afa0b12311e:192.168.69.104:41593, 28fad83d-bdd1-43c5-9066-2f84db181b78:192.168.69.104:43518, 9716ed81-e797-4622-8f9d-d0bad6b93ded:192.168.69.104:37182], old=null, confs=<EMPTY_MAP>
2019-10-16 05:54:07,391 [pool-77-thread-1] INFO  server.RaftServerConfigKeys (ConfUtils.java:logGet(43)) - raft.server.rpc.timeout.max = 5200ms (custom)
2019-10-16 05:54:07,391 [pool-87-thread-1] INFO  server.RaftServerConfigKeys (ConfUtils.java:logGet(43)) - raft.server.storage.dir = [/workdir/hadoop-ozone/integration-test/target/test-dir/MiniOzoneClusterImpl-a7ed491f-9e2a-49d2-8991-52926c770a07/datanode-6/data/ratis] (custom)
2019-10-16 05:54:07,392 [pool-47-thread-1] INFO  impl.RaftServerImpl (RaftServerImpl.java:<init>(104)) - 28fad83d-bdd1-43c5-9066-2f84db181b78: new RaftServerImpl for group-6F198EFDD6FC:[7f194c44-d326-466e-a2f3-1afa0b12311e:192.168.69.104:41593, 28fad83d-bdd1-43c5-9066-2f84db181b78:192.168.69.104:43518, 9716ed81-e797-4622-8f9d-d0bad6b93ded:192.168.69.104:37182] with ContainerStateMachine:uninitialized
2019-10-16 05:54:07,391 [pool-77-thread-1] INFO  server.RaftServerConfigKeys (ConfUtils.java:logGet(43)) - raft.server.rpcslowness.timeout = 120s (custom)
2019-10-16 05:54:07,392 [pool-47-thread-1] INFO  server.RaftServerConfigKeys (ConfUtils.java:logGet(43)) - raft.server.rpc.timeout.min = 5s (custom)
2019-10-16 05:54:07,392 [pool-77-thread-1] INFO  server.RaftServerConfigKeys (ConfUtils.java:logGet(43)) - raft.server.sleep.deviation.threshold = 300 (default)
2019-10-16 05:54:07,392 [pool-87-thread-1] INFO  server.RaftServerConfigKeys (ConfUtils.java:logGet(43)) - raft.server.log.corruption.policy = EXCEPTION (default)
2019-10-16 05:54:07,392 [pool-47-thread-1] INFO  server.RaftServerConfigKeys (ConfUtils.java:logGet(43)) - raft.server.rpc.timeout.max = 5200ms (custom)
2019-10-16 05:54:07,392 [pool-77-thread-1] INFO  server.RaftServerConfigKeys (ConfUtils.java:logGet(43)) - raft.server.log.appender.install.snapshot.enabled = false (custom)
2019-10-16 05:54:07,392 [pool-87-thread-1] INFO  storage.RaftStorageDirectory (RaftStorageDirectory.java:analyzeStorage(246)) - The storage directory /workdir/hadoop-ozone/integration-test/target/test-dir/MiniOzoneClusterImpl-a7ed491f-9e2a-49d2-8991-52926c770a07/datanode-6/data/ratis/5b6f1fc3-5661-471d-99c1-6f198efdd6fc does not exist. Creating ...
2019-10-16 05:54:07,392 [pool-47-thread-1] INFO  server.RaftServerConfigKeys (ConfUtils.java:logGet(43)) - raft.server.rpcslowness.timeout = 120s (custom)
2019-10-16 05:54:07,392 [pool-77-thread-1] INFO  impl.RaftServerImpl (ServerState.java:<init>(103)) - 9716ed81-e797-4622-8f9d-d0bad6b93ded@group-6F198EFDD6FC: ConfigurationManager, init=-1: [7f194c44-d326-466e-a2f3-1afa0b12311e:192.168.69.104:41593, 28fad83d-bdd1-43c5-9066-2f84db181b78:192.168.69.104:43518, 9716ed81-e797-4622-8f9d-d0bad6b93ded:192.168.69.104:37182], old=null, confs=<EMPTY_MAP>
2019-10-16 05:54:07,393 [pool-47-thread-1] INFO  server.RaftServerConfigKeys (ConfUtils.java:logGet(43)) - raft.server.sleep.deviation.threshold = 300 (default)
2019-10-16 05:54:07,393 [pool-47-thread-1] INFO  server.RaftServerConfigKeys (ConfUtils.java:logGet(43)) - raft.server.log.appender.install.snapshot.enabled = false (custom)
2019-10-16 05:54:07,393 [pool-77-thread-1] INFO  server.RaftServerConfigKeys (ConfUtils.java:logGet(43)) - raft.server.storage.dir = [/workdir/hadoop-ozone/integration-test/target/test-dir/MiniOzoneClusterImpl-a7ed491f-9e2a-49d2-8991-52926c770a07/datanode-5/data/ratis] (custom)
2019-10-16 05:54:07,393 [pool-47-thread-1] INFO  impl.RaftServerImpl (ServerState.java:<init>(103)) - 28fad83d-bdd1-43c5-9066-2f84db181b78@group-6F198EFDD6FC: ConfigurationManager, init=-1: [7f194c44-d326-466e-a2f3-1afa0b12311e:192.168.69.104:41593, 28fad83d-bdd1-43c5-9066-2f84db181b78:192.168.69.104:43518, 9716ed81-e797-4622-8f9d-d0bad6b93ded:192.168.69.104:37182], old=null, confs=<EMPTY_MAP>
2019-10-16 05:54:07,393 [pool-47-thread-1] INFO  server.RaftServerConfigKeys (ConfUtils.java:logGet(43)) - raft.server.storage.dir = [/workdir/hadoop-ozone/integration-test/target/test-dir/MiniOzoneClusterImpl-a7ed491f-9e2a-49d2-8991-52926c770a07/datanode-2/data/ratis] (custom)
2019-10-16 05:54:07,393 [pool-77-thread-1] INFO  server.RaftServerConfigKeys (ConfUtils.java:logGet(43)) - raft.server.log.corruption.policy = EXCEPTION (default)
2019-10-16 05:54:07,393 [pool-47-thread-1] INFO  server.RaftServerConfigKeys (ConfUtils.java:logGet(43)) - raft.server.log.corruption.policy = EXCEPTION (default)
2019-10-16 05:54:07,393 [pool-77-thread-1] INFO  storage.RaftStorageDirectory (RaftStorageDirectory.java:analyzeStorage(246)) - The storage directory /workdir/hadoop-ozone/integration-test/target/test-dir/MiniOzoneClusterImpl-a7ed491f-9e2a-49d2-8991-52926c770a07/datanode-5/data/ratis/5b6f1fc3-5661-471d-99c1-6f198efdd6fc does not exist. Creating ...
2019-10-16 05:54:07,394 [pool-47-thread-1] INFO  storage.RaftStorageDirectory (RaftStorageDirectory.java:analyzeStorage(246)) - The storage directory /workdir/hadoop-ozone/integration-test/target/test-dir/MiniOzoneClusterImpl-a7ed491f-9e2a-49d2-8991-52926c770a07/datanode-2/data/ratis/5b6f1fc3-5661-471d-99c1-6f198efdd6fc does not exist. Creating ...
2019-10-16 05:54:07,406 [pool-47-thread-1] INFO  storage.RaftStorageDirectory (RaftStorageDirectory.java:tryLock(328)) - Lock on /workdir/hadoop-ozone/integration-test/target/test-dir/MiniOzoneClusterImpl-a7ed491f-9e2a-49d2-8991-52926c770a07/datanode-2/data/ratis/5b6f1fc3-5661-471d-99c1-6f198efdd6fc/in_use.lock acquired by nodename 13521@pr-hdds-2312-q6qzp-1535798719
2019-10-16 05:54:07,406 [pool-87-thread-1] INFO  storage.RaftStorageDirectory (RaftStorageDirectory.java:tryLock(328)) - Lock on /workdir/hadoop-ozone/integration-test/target/test-dir/MiniOzoneClusterImpl-a7ed491f-9e2a-49d2-8991-52926c770a07/datanode-6/data/ratis/5b6f1fc3-5661-471d-99c1-6f198efdd6fc/in_use.lock acquired by nodename 13521@pr-hdds-2312-q6qzp-1535798719
2019-10-16 05:54:07,406 [pool-77-thread-1] INFO  storage.RaftStorageDirectory (RaftStorageDirectory.java:tryLock(328)) - Lock on /workdir/hadoop-ozone/integration-test/target/test-dir/MiniOzoneClusterImpl-a7ed491f-9e2a-49d2-8991-52926c770a07/datanode-5/data/ratis/5b6f1fc3-5661-471d-99c1-6f198efdd6fc/in_use.lock acquired by nodename 13521@pr-hdds-2312-q6qzp-1535798719
2019-10-16 05:54:07,419 [pool-87-thread-1] INFO  storage.RaftStorage (RaftStorage.java:format(84)) - Storage directory /workdir/hadoop-ozone/integration-test/target/test-dir/MiniOzoneClusterImpl-a7ed491f-9e2a-49d2-8991-52926c770a07/datanode-6/data/ratis/5b6f1fc3-5661-471d-99c1-6f198efdd6fc has been successfully formatted.
2019-10-16 05:54:07,419 [pool-77-thread-1] INFO  storage.RaftStorage (RaftStorage.java:format(84)) - Storage directory /workdir/hadoop-ozone/integration-test/target/test-dir/MiniOzoneClusterImpl-a7ed491f-9e2a-49d2-8991-52926c770a07/datanode-5/data/ratis/5b6f1fc3-5661-471d-99c1-6f198efdd6fc has been successfully formatted.
2019-10-16 05:54:07,419 [pool-47-thread-1] INFO  storage.RaftStorage (RaftStorage.java:format(84)) - Storage directory /workdir/hadoop-ozone/integration-test/target/test-dir/MiniOzoneClusterImpl-a7ed491f-9e2a-49d2-8991-52926c770a07/datanode-2/data/ratis/5b6f1fc3-5661-471d-99c1-6f198efdd6fc has been successfully formatted.
2019-10-16 05:54:07,420 [pool-87-thread-1] INFO  ratis.ContainerStateMachine (ContainerStateMachine.java:loadSnapshot(231)) - group-6F198EFDD6FC: The snapshot info is null. Setting the last applied indexto:(t:0, i:~)
2019-10-16 05:54:07,420 [pool-77-thread-1] INFO  ratis.ContainerStateMachine (ContainerStateMachine.java:loadSnapshot(231)) - group-6F198EFDD6FC: The snapshot info is null. Setting the last applied indexto:(t:0, i:~)
2019-10-16 05:54:07,420 [pool-87-thread-1] INFO  server.RaftServerConfigKeys (ConfUtils.java:logGet(43)) - raft.server.notification.no-leader.timeout = 120s (custom)
2019-10-16 05:54:07,420 [pool-47-thread-1] INFO  ratis.ContainerStateMachine (ContainerStateMachine.java:loadSnapshot(231)) - group-6F198EFDD6FC: The snapshot info is null. Setting the last applied indexto:(t:0, i:~)
2019-10-16 05:54:07,420 [pool-87-thread-1] INFO  server.RaftServerConfigKeys (ConfUtils.java:logGet(43)) - raft.server.log.use.memory = false (default)
2019-10-16 05:54:07,420 [pool-77-thread-1] INFO  server.RaftServerConfigKeys (ConfUtils.java:logGet(43)) - raft.server.notification.no-leader.timeout = 120s (custom)
2019-10-16 05:54:07,421 [pool-87-thread-1] INFO  server.RaftServerConfigKeys (ConfUtils.java:logGet(43)) - raft.server.log.purge.gap = 1000000 (custom)
2019-10-16 05:54:07,420 [pool-47-thread-1] INFO  server.RaftServerConfigKeys (ConfUtils.java:logGet(43)) - raft.server.notification.no-leader.timeout = 120s (custom)
2019-10-16 05:54:07,421 [pool-87-thread-1] INFO  server.RaftServerConfigKeys (ConfUtils.java:logGet(43)) - raft.server.log.appender.buffer.byte-limit = 33554432 (custom)
2019-10-16 05:54:07,421 [pool-77-thread-1] INFO  server.RaftServerConfigKeys (ConfUtils.java:logGet(43)) - raft.server.log.use.memory = false (default)
2019-10-16 05:54:07,421 [pool-87-thread-1] INFO  server.RaftServerConfigKeys (ConfUtils.java:logGet(43)) - raft.server.log.segment.size.max = 1048576 (custom)
2019-10-16 05:54:07,421 [pool-47-thread-1] INFO  server.RaftServerConfigKeys (ConfUtils.java:logGet(43)) - raft.server.log.use.memory = false (default)
2019-10-16 05:54:07,422 [pool-87-thread-1] INFO  server.RaftServerConfigKeys (ConfUtils.java:logGet(43)) - raft.server.log.segment.cache.num.max = 2 (custom)
2019-10-16 05:54:07,421 [pool-77-thread-1] INFO  server.RaftServerConfigKeys (ConfUtils.java:logGet(43)) - raft.server.log.purge.gap = 1000000 (custom)
2019-10-16 05:54:07,422 [pool-87-thread-1] INFO  segmented.SegmentedRaftLogWorker (SegmentedRaftLogWorker.java:<init>(173)) - new 7f194c44-d326-466e-a2f3-1afa0b12311e@group-6F198EFDD6FC-SegmentedRaftLogWorker for RaftStorage:Storage Directory /workdir/hadoop-ozone/integration-test/target/test-dir/MiniOzoneClusterImpl-a7ed491f-9e2a-49d2-8991-52926c770a07/datanode-6/data/ratis/5b6f1fc3-5661-471d-99c1-6f198efdd6fc
2019-10-16 05:54:07,422 [pool-47-thread-1] INFO  server.RaftServerConfigKeys (ConfUtils.java:logGet(43)) - raft.server.log.purge.gap = 1000000 (custom)
2019-10-16 05:54:07,422 [pool-87-thread-1] INFO  server.RaftServerConfigKeys (ConfUtils.java:logGet(43)) - raft.server.log.queue.byte-limit = 2147483647 (custom)
2019-10-16 05:54:07,422 [pool-77-thread-1] INFO  server.RaftServerConfigKeys (ConfUtils.java:logGet(43)) - raft.server.log.appender.buffer.byte-limit = 33554432 (custom)
2019-10-16 05:54:07,422 [pool-87-thread-1] INFO  server.RaftServerConfigKeys (ConfUtils.java:logGet(43)) - raft.server.log.queue.element-limit = 1024 (custom)
2019-10-16 05:54:07,422 [pool-47-thread-1] INFO  server.RaftServerConfigKeys (ConfUtils.java:logGet(43)) - raft.server.log.appender.buffer.byte-limit = 33554432 (custom)
2019-10-16 05:54:07,423 [pool-87-thread-1] INFO  server.RaftServerConfigKeys (ConfUtils.java:logGet(43)) - raft.server.log.segment.size.max = 1048576 (custom)
2019-10-16 05:54:07,422 [pool-77-thread-1] INFO  server.RaftServerConfigKeys (ConfUtils.java:logGet(43)) - raft.server.log.segment.size.max = 1048576 (custom)
2019-10-16 05:54:07,423 [pool-87-thread-1] INFO  server.RaftServerConfigKeys (ConfUtils.java:logGet(43)) - raft.server.log.preallocated.size = 16384 (custom)
2019-10-16 05:54:07,423 [pool-47-thread-1] INFO  server.RaftServerConfigKeys (ConfUtils.java:logGet(43)) - raft.server.log.segment.size.max = 1048576 (custom)
2019-10-16 05:54:07,423 [pool-87-thread-1] INFO  server.RaftServerConfigKeys (ConfUtils.java:logGet(43)) - raft.server.log.write.buffer.size = 33554432 (custom)
2019-10-16 05:54:07,423 [pool-77-thread-1] INFO  server.RaftServerConfigKeys (ConfUtils.java:logGet(43)) - raft.server.log.segment.cache.num.max = 2 (custom)
2019-10-16 05:54:07,423 [pool-87-thread-1] INFO  server.RaftServerConfigKeys (ConfUtils.java:logGet(43)) - raft.server.log.force.sync.num = 128 (default)
2019-10-16 05:54:07,423 [pool-47-thread-1] INFO  server.RaftServerConfigKeys (ConfUtils.java:logGet(43)) - raft.server.log.segment.cache.num.max = 2 (custom)
2019-10-16 05:54:07,424 [pool-87-thread-1] INFO  server.RaftServerConfigKeys (ConfUtils.java:logGet(43)) - raft.server.log.statemachine.data.sync = true (default)
2019-10-16 05:54:07,423 [pool-77-thread-1] INFO  segmented.SegmentedRaftLogWorker (SegmentedRaftLogWorker.java:<init>(173)) - new 9716ed81-e797-4622-8f9d-d0bad6b93ded@group-6F198EFDD6FC-SegmentedRaftLogWorker for RaftStorage:Storage Directory /workdir/hadoop-ozone/integration-test/target/test-dir/MiniOzoneClusterImpl-a7ed491f-9e2a-49d2-8991-52926c770a07/datanode-5/data/ratis/5b6f1fc3-5661-471d-99c1-6f198efdd6fc
2019-10-16 05:54:07,424 [pool-87-thread-1] INFO  server.RaftServerConfigKeys (ConfUtils.java:logGet(43)) - raft.server.log.statemachine.data.sync.timeout = 10s (default)
2019-10-16 05:54:07,424 [pool-47-thread-1] INFO  segmented.SegmentedRaftLogWorker (SegmentedRaftLogWorker.java:<init>(173)) - new 28fad83d-bdd1-43c5-9066-2f84db181b78@group-6F198EFDD6FC-SegmentedRaftLogWorker for RaftStorage:Storage Directory /workdir/hadoop-ozone/integration-test/target/test-dir/MiniOzoneClusterImpl-a7ed491f-9e2a-49d2-8991-52926c770a07/datanode-2/data/ratis/5b6f1fc3-5661-471d-99c1-6f198efdd6fc
2019-10-16 05:54:07,424 [pool-87-thread-1] INFO  server.RaftServerConfigKeys (ConfUtils.java:logGet(43)) - raft.server.log.statemachine.data.sync.timeout.retry = -1 (default)
2019-10-16 05:54:07,424 [pool-77-thread-1] INFO  server.RaftServerConfigKeys (ConfUtils.java:logGet(43)) - raft.server.log.queue.byte-limit = 2147483647 (custom)
2019-10-16 05:54:07,424 [pool-47-thread-1] INFO  server.RaftServerConfigKeys (ConfUtils.java:logGet(43)) - raft.server.log.queue.byte-limit = 2147483647 (custom)
2019-10-16 05:54:07,424 [pool-87-thread-1] INFO  server.RaftServerConfigKeys (ConfUtils.java:logGet(43)) - raft.server.log.statemachine.data.caching.enabled = true (custom)
2019-10-16 05:54:07,424 [pool-77-thread-1] INFO  server.RaftServerConfigKeys (ConfUtils.java:logGet(43)) - raft.server.log.queue.element-limit = 1024 (custom)
2019-10-16 05:54:07,425 [pool-47-thread-1] INFO  server.RaftServerConfigKeys (ConfUtils.java:logGet(43)) - raft.server.log.queue.element-limit = 1024 (custom)
2019-10-16 05:54:07,425 [pool-77-thread-1] INFO  server.RaftServerConfigKeys (ConfUtils.java:logGet(43)) - raft.server.log.segment.size.max = 1048576 (custom)
2019-10-16 05:54:07,425 [pool-47-thread-1] INFO  server.RaftServerConfigKeys (ConfUtils.java:logGet(43)) - raft.server.log.segment.size.max = 1048576 (custom)
2019-10-16 05:54:07,425 [pool-87-thread-1] INFO  segmented.SegmentedRaftLogWorker (SegmentedRaftLogWorker.java:lambda$new$0(128)) - 7f194c44-d326-466e-a2f3-1afa0b12311e@group-6F198EFDD6FC-SegmentedRaftLogWorker: flushIndex: setUnconditionally 0 -> -1
2019-10-16 05:54:07,425 [pool-47-thread-1] INFO  server.RaftServerConfigKeys (ConfUtils.java:logGet(43)) - raft.server.log.preallocated.size = 16384 (custom)
2019-10-16 05:54:07,425 [pool-77-thread-1] INFO  server.RaftServerConfigKeys (ConfUtils.java:logGet(43)) - raft.server.log.preallocated.size = 16384 (custom)
2019-10-16 05:54:07,425 [pool-47-thread-1] INFO  server.RaftServerConfigKeys (ConfUtils.java:logGet(43)) - raft.server.log.write.buffer.size = 33554432 (custom)
2019-10-16 05:54:07,426 [pool-87-thread-1] INFO  server.RaftServerConfigKeys (ConfUtils.java:logGet(43)) - raft.server.snapshot.auto.trigger.enabled = true (custom)
2019-10-16 05:54:07,426 [pool-77-thread-1] INFO  server.RaftServerConfigKeys (ConfUtils.java:logGet(43)) - raft.server.log.write.buffer.size = 33554432 (custom)
2019-10-16 05:54:07,426 [pool-87-thread-1] INFO  server.RaftServerConfigKeys (ConfUtils.java:logGet(43)) - raft.server.snapshot.auto.trigger.threshold = 10000 (custom)
2019-10-16 05:54:07,426 [pool-47-thread-1] INFO  server.RaftServerConfigKeys (ConfUtils.java:logGet(43)) - raft.server.log.force.sync.num = 128 (default)
2019-10-16 05:54:07,426 [pool-87-thread-1] INFO  server.RaftServerConfigKeys (ConfUtils.java:logGet(43)) - raft.server.snapshot.retention.file.num = 5 (custom)
2019-10-16 05:54:07,426 [pool-77-thread-1] INFO  server.RaftServerConfigKeys (ConfUtils.java:logGet(43)) - raft.server.log.force.sync.num = 128 (default)
2019-10-16 05:54:07,426 [pool-87-thread-1] INFO  server.RaftServerConfigKeys (ConfUtils.java:logGet(43)) - raft.server.retrycache.expirytime = 600000ms (custom)
2019-10-16 05:54:07,426 [pool-47-thread-1] INFO  server.RaftServerConfigKeys (ConfUtils.java:logGet(43)) - raft.server.log.statemachine.data.sync = true (default)
2019-10-16 05:54:07,426 [pool-77-thread-1] INFO  server.RaftServerConfigKeys (ConfUtils.java:logGet(43)) - raft.server.log.statemachine.data.sync = true (default)
2019-10-16 05:54:07,427 [pool-47-thread-1] INFO  server.RaftServerConfigKeys (ConfUtils.java:logGet(43)) - raft.server.log.statemachine.data.sync.timeout = 10s (default)
2019-10-16 05:54:07,427 [pool-77-thread-1] INFO  server.RaftServerConfigKeys (ConfUtils.java:logGet(43)) - raft.server.log.statemachine.data.sync.timeout = 10s (default)
2019-10-16 05:54:07,427 [pool-47-thread-1] INFO  server.RaftServerConfigKeys (ConfUtils.java:logGet(43)) - raft.server.log.statemachine.data.sync.timeout.retry = -1 (default)
2019-10-16 05:54:07,427 [pool-77-thread-1] INFO  server.RaftServerConfigKeys (ConfUtils.java:logGet(43)) - raft.server.log.statemachine.data.sync.timeout.retry = -1 (default)
2019-10-16 05:54:07,427 [pool-47-thread-1] INFO  server.RaftServerConfigKeys (ConfUtils.java:logGet(43)) - raft.server.log.statemachine.data.caching.enabled = true (custom)
2019-10-16 05:54:07,427 [pool-77-thread-1] INFO  server.RaftServerConfigKeys (ConfUtils.java:logGet(43)) - raft.server.log.statemachine.data.caching.enabled = true (custom)
2019-10-16 05:54:07,428 [pool-47-thread-1] INFO  segmented.SegmentedRaftLogWorker (SegmentedRaftLogWorker.java:lambda$new$0(128)) - 28fad83d-bdd1-43c5-9066-2f84db181b78@group-6F198EFDD6FC-SegmentedRaftLogWorker: flushIndex: setUnconditionally 0 -> -1
2019-10-16 05:54:07,428 [pool-77-thread-1] INFO  segmented.SegmentedRaftLogWorker (SegmentedRaftLogWorker.java:lambda$new$0(128)) - 9716ed81-e797-4622-8f9d-d0bad6b93ded@group-6F198EFDD6FC-SegmentedRaftLogWorker: flushIndex: setUnconditionally 0 -> -1
2019-10-16 05:54:07,428 [pool-47-thread-1] INFO  server.RaftServerConfigKeys (ConfUtils.java:logGet(43)) - raft.server.snapshot.auto.trigger.enabled = true (custom)
2019-10-16 05:54:07,428 [pool-77-thread-1] INFO  server.RaftServerConfigKeys (ConfUtils.java:logGet(43)) - raft.server.snapshot.auto.trigger.enabled = true (custom)
2019-10-16 05:54:07,428 [pool-47-thread-1] INFO  server.RaftServerConfigKeys (ConfUtils.java:logGet(43)) - raft.server.snapshot.auto.trigger.threshold = 10000 (custom)
2019-10-16 05:54:07,428 [pool-77-thread-1] INFO  server.RaftServerConfigKeys (ConfUtils.java:logGet(43)) - raft.server.snapshot.auto.trigger.threshold = 10000 (custom)
2019-10-16 05:54:07,429 [pool-47-thread-1] INFO  server.RaftServerConfigKeys (ConfUtils.java:logGet(43)) - raft.server.snapshot.retention.file.num = 5 (custom)
2019-10-16 05:54:07,429 [pool-77-thread-1] INFO  server.RaftServerConfigKeys (ConfUtils.java:logGet(43)) - raft.server.snapshot.retention.file.num = 5 (custom)
2019-10-16 05:54:07,429 [pool-47-thread-1] INFO  server.RaftServerConfigKeys (ConfUtils.java:logGet(43)) - raft.server.retrycache.expirytime = 600000ms (custom)
2019-10-16 05:54:07,429 [pool-77-thread-1] INFO  server.RaftServerConfigKeys (ConfUtils.java:logGet(43)) - raft.server.retrycache.expirytime = 600000ms (custom)
2019-10-16 05:54:07,429 [pool-87-thread-1] INFO  impl.RaftServerImpl (RaftServerImpl.java:start(195)) - 7f194c44-d326-466e-a2f3-1afa0b12311e@group-6F198EFDD6FC: start as a follower, conf=-1: [7f194c44-d326-466e-a2f3-1afa0b12311e:192.168.69.104:41593, 28fad83d-bdd1-43c5-9066-2f84db181b78:192.168.69.104:43518, 9716ed81-e797-4622-8f9d-d0bad6b93ded:192.168.69.104:37182], old=null
2019-10-16 05:54:07,429 [pool-87-thread-1] INFO  impl.RaftServerImpl (RaftServerImpl.java:setRole(184)) - 7f194c44-d326-466e-a2f3-1afa0b12311e@group-6F198EFDD6FC: changes role from      null to FOLLOWER at term 0 for startAsFollower
2019-10-16 05:54:07,429 [pool-87-thread-1] INFO  impl.RoleInfo (RoleInfo.java:updateAndGet(143)) - 7f194c44-d326-466e-a2f3-1afa0b12311e: start FollowerState
2019-10-16 05:54:07,430 [pool-87-thread-1] INFO  util.JmxRegister (JmxRegister.java:tryRegister(44)) - Successfully registered JMX Bean with object name Ratis:service=RaftServer,group=group-6F198EFDD6FC,id=7f194c44-d326-466e-a2f3-1afa0b12311e
2019-10-16 05:54:07,433 [pool-47-thread-1] INFO  impl.RaftServerImpl (RaftServerImpl.java:start(195)) - 28fad83d-bdd1-43c5-9066-2f84db181b78@group-6F198EFDD6FC: start as a follower, conf=-1: [7f194c44-d326-466e-a2f3-1afa0b12311e:192.168.69.104:41593, 28fad83d-bdd1-43c5-9066-2f84db181b78:192.168.69.104:43518, 9716ed81-e797-4622-8f9d-d0bad6b93ded:192.168.69.104:37182], old=null
2019-10-16 05:54:07,434 [pool-47-thread-1] INFO  impl.RaftServerImpl (RaftServerImpl.java:setRole(184)) - 28fad83d-bdd1-43c5-9066-2f84db181b78@group-6F198EFDD6FC: changes role from      null to FOLLOWER at term 0 for startAsFollower
2019-10-16 05:54:07,434 [pool-77-thread-1] INFO  impl.RaftServerImpl (RaftServerImpl.java:start(195)) - 9716ed81-e797-4622-8f9d-d0bad6b93ded@group-6F198EFDD6FC: start as a follower, conf=-1: [7f194c44-d326-466e-a2f3-1afa0b12311e:192.168.69.104:41593, 28fad83d-bdd1-43c5-9066-2f84db181b78:192.168.69.104:43518, 9716ed81-e797-4622-8f9d-d0bad6b93ded:192.168.69.104:37182], old=null
2019-10-16 05:54:07,434 [pool-47-thread-1] INFO  impl.RoleInfo (RoleInfo.java:updateAndGet(143)) - 28fad83d-bdd1-43c5-9066-2f84db181b78: start FollowerState
2019-10-16 05:54:07,434 [pool-77-thread-1] INFO  impl.RaftServerImpl (RaftServerImpl.java:setRole(184)) - 9716ed81-e797-4622-8f9d-d0bad6b93ded@group-6F198EFDD6FC: changes role from      null to FOLLOWER at term 0 for startAsFollower
2019-10-16 05:54:07,434 [pool-77-thread-1] INFO  impl.RoleInfo (RoleInfo.java:updateAndGet(143)) - 9716ed81-e797-4622-8f9d-d0bad6b93ded: start FollowerState
2019-10-16 05:54:07,434 [pool-47-thread-1] INFO  util.JmxRegister (JmxRegister.java:tryRegister(44)) - Successfully registered JMX Bean with object name Ratis:service=RaftServer,group=group-6F198EFDD6FC,id=28fad83d-bdd1-43c5-9066-2f84db181b78
2019-10-16 05:54:07,435 [pool-77-thread-1] INFO  util.JmxRegister (JmxRegister.java:tryRegister(44)) - Successfully registered JMX Bean with object name Ratis:service=RaftServer,group=group-6F198EFDD6FC,id=9716ed81-e797-4622-8f9d-d0bad6b93ded
2019-10-16 05:54:07,436 [Thread-337] INFO  impl.FollowerState (FollowerState.java:run(108)) - 28fad83d-bdd1-43c5-9066-2f84db181b78@group-6F198EFDD6FC-FollowerState: change to CANDIDATE, lastRpcTime:1ms, electionTimeout:1ms
2019-10-16 05:54:07,436 [Thread-337] INFO  impl.RoleInfo (RoleInfo.java:shutdownFollowerState(121)) - 28fad83d-bdd1-43c5-9066-2f84db181b78: shutdown FollowerState
2019-10-16 05:54:07,436 [Thread-337] INFO  impl.RaftServerImpl (RaftServerImpl.java:setRole(184)) - 28fad83d-bdd1-43c5-9066-2f84db181b78@group-6F198EFDD6FC: changes role from  FOLLOWER to CANDIDATE at term 0 for changeToCandidate
2019-10-16 05:54:07,436 [Thread-337] INFO  impl.RoleInfo (RoleInfo.java:updateAndGet(143)) - 28fad83d-bdd1-43c5-9066-2f84db181b78: start LeaderElection
2019-10-16 05:54:07,466 [28fad83d-bdd1-43c5-9066-2f84db181b78@group-6F198EFDD6FC-LeaderElection10] INFO  impl.LeaderElection (LeaderElection.java:askForVotes(178)) - 28fad83d-bdd1-43c5-9066-2f84db181b78@group-6F198EFDD6FC-LeaderElection10: begin an election at term 1 for -1: [7f194c44-d326-466e-a2f3-1afa0b12311e:192.168.69.104:41593, 28fad83d-bdd1-43c5-9066-2f84db181b78:192.168.69.104:43518, 9716ed81-e797-4622-8f9d-d0bad6b93ded:192.168.69.104:37182], old=null
2019-10-16 05:54:07,467 [RatisPipelineUtilsThread] INFO  pipeline.PipelineStateManager (PipelineStateManager.java:addPipeline(56)) - Created pipeline Pipeline[ Id: 5b6f1fc3-5661-471d-99c1-6f198efdd6fc, Nodes: 7f194c44-d326-466e-a2f3-1afa0b12311e{ip: 192.168.69.104, host: pr-hdds-2312-q6qzp-1535798719, networkLocation: /default-rack, certSerialId: null}28fad83d-bdd1-43c5-9066-2f84db181b78{ip: 192.168.69.104, host: pr-hdds-2312-q6qzp-1535798719, networkLocation: /default-rack, certSerialId: null}9716ed81-e797-4622-8f9d-d0bad6b93ded{ip: 192.168.69.104, host: pr-hdds-2312-q6qzp-1535798719, networkLocation: /default-rack, certSerialId: null}, Type:RATIS, Factor:THREE, State:OPEN]
2019-10-16 05:54:07,472 [Thread-336] INFO  impl.FollowerState (FollowerState.java:run(108)) - 7f194c44-d326-466e-a2f3-1afa0b12311e@group-6F198EFDD6FC-FollowerState: change to CANDIDATE, lastRpcTime:42ms, electionTimeout:40ms
2019-10-16 05:54:07,474 [Thread-338] INFO  impl.FollowerState (FollowerState.java:run(108)) - 9716ed81-e797-4622-8f9d-d0bad6b93ded@group-6F198EFDD6FC-FollowerState: change to CANDIDATE, lastRpcTime:39ms, electionTimeout:39ms
2019-10-16 05:54:07,476 [Thread-336] INFO  impl.RoleInfo (RoleInfo.java:shutdownFollowerState(121)) - 7f194c44-d326-466e-a2f3-1afa0b12311e: shutdown FollowerState
2019-10-16 05:54:07,476 [Thread-338] INFO  impl.RoleInfo (RoleInfo.java:shutdownFollowerState(121)) - 9716ed81-e797-4622-8f9d-d0bad6b93ded: shutdown FollowerState
2019-10-16 05:54:07,477 [Thread-336] INFO  impl.RaftServerImpl (RaftServerImpl.java:setRole(184)) - 7f194c44-d326-466e-a2f3-1afa0b12311e@group-6F198EFDD6FC: changes role from  FOLLOWER to CANDIDATE at term 0 for changeToCandidate
2019-10-16 05:54:07,477 [Thread-338] INFO  impl.RaftServerImpl (RaftServerImpl.java:setRole(184)) - 9716ed81-e797-4622-8f9d-d0bad6b93ded@group-6F198EFDD6FC: changes role from  FOLLOWER to CANDIDATE at term 0 for changeToCandidate
2019-10-16 05:54:07,477 [Thread-336] INFO  impl.RoleInfo (RoleInfo.java:updateAndGet(143)) - 7f194c44-d326-466e-a2f3-1afa0b12311e: start LeaderElection
2019-10-16 05:54:07,477 [Thread-338] INFO  impl.RoleInfo (RoleInfo.java:updateAndGet(143)) - 9716ed81-e797-4622-8f9d-d0bad6b93ded: start LeaderElection
2019-10-16 05:54:07,504 [7f194c44-d326-466e-a2f3-1afa0b12311e@group-6F198EFDD6FC-LeaderElection11] INFO  impl.LeaderElection (LeaderElection.java:askForVotes(178)) - 7f194c44-d326-466e-a2f3-1afa0b12311e@group-6F198EFDD6FC-LeaderElection11: begin an election at term 1 for -1: [7f194c44-d326-466e-a2f3-1afa0b12311e:192.168.69.104:41593, 28fad83d-bdd1-43c5-9066-2f84db181b78:192.168.69.104:43518, 9716ed81-e797-4622-8f9d-d0bad6b93ded:192.168.69.104:37182], old=null
2019-10-16 05:54:07,504 [9716ed81-e797-4622-8f9d-d0bad6b93ded@group-6F198EFDD6FC-LeaderElection12] INFO  impl.LeaderElection (LeaderElection.java:askForVotes(178)) - 9716ed81-e797-4622-8f9d-d0bad6b93ded@group-6F198EFDD6FC-LeaderElection12: begin an election at term 1 for -1: [7f194c44-d326-466e-a2f3-1afa0b12311e:192.168.69.104:41593, 28fad83d-bdd1-43c5-9066-2f84db181b78:192.168.69.104:43518, 9716ed81-e797-4622-8f9d-d0bad6b93ded:192.168.69.104:37182], old=null
2019-10-16 05:54:07,508 [grpc-default-executor-1] INFO  impl.RaftServerProxy (RaftServerProxy.java:addNew(89)) - 77d0bf9b-6f4c-431e-a5f1-454f54e3e5de: addNew group-B2A04D870F72:[77d0bf9b-6f4c-431e-a5f1-454f54e3e5de:192.168.69.104:37359, fa7e6ed1-247f-43d6-9abd-8e5119d5804b:192.168.69.104:37305, e8d6ebf1-6bcf-43aa-933b-e68e6e027da1:192.168.69.104:46329] returns group-B2A04D870F72:java.util.concurrent.CompletableFuture@266bfdd1[Not completed]
2019-10-16 05:54:07,515 [grpc-default-executor-1] INFO  impl.RaftServerProxy (RaftServerProxy.java:addNew(89)) - fa7e6ed1-247f-43d6-9abd-8e5119d5804b: addNew group-B2A04D870F72:[77d0bf9b-6f4c-431e-a5f1-454f54e3e5de:192.168.69.104:37359, fa7e6ed1-247f-43d6-9abd-8e5119d5804b:192.168.69.104:37305, e8d6ebf1-6bcf-43aa-933b-e68e6e027da1:192.168.69.104:46329] returns group-B2A04D870F72:java.util.concurrent.CompletableFuture@41d5c42b[Not completed]
2019-10-16 05:54:07,530 [grpc-default-executor-0] INFO  impl.RaftServerProxy (RaftServerProxy.java:addNew(89)) - e8d6ebf1-6bcf-43aa-933b-e68e6e027da1: addNew group-B2A04D870F72:[77d0bf9b-6f4c-431e-a5f1-454f54e3e5de:192.168.69.104:37359, fa7e6ed1-247f-43d6-9abd-8e5119d5804b:192.168.69.104:37305, e8d6ebf1-6bcf-43aa-933b-e68e6e027da1:192.168.69.104:46329] returns group-B2A04D870F72:java.util.concurrent.CompletableFuture@699f8b1b[Not completed]
2019-10-16 05:54:07,537 [pool-67-thread-1] INFO  impl.RaftServerImpl (RaftServerImpl.java:<init>(104)) - 77d0bf9b-6f4c-431e-a5f1-454f54e3e5de: new RaftServerImpl for group-B2A04D870F72:[77d0bf9b-6f4c-431e-a5f1-454f54e3e5de:192.168.69.104:37359, fa7e6ed1-247f-43d6-9abd-8e5119d5804b:192.168.69.104:37305, e8d6ebf1-6bcf-43aa-933b-e68e6e027da1:192.168.69.104:46329] with ContainerStateMachine:uninitialized
2019-10-16 05:54:07,538 [pool-67-thread-1] INFO  server.RaftServerConfigKeys (ConfUtils.java:logGet(43)) - raft.server.rpc.timeout.min = 5s (custom)
2019-10-16 05:54:07,540 [Thread-331] INFO  impl.FollowerState (FollowerState.java:run(108)) - a95979bb-20e9-431e-a9fb-b8261a9ef448@group-836BF0AE68E8-FollowerState: change to CANDIDATE, lastRpcTime:200ms, electionTimeout:199ms
2019-10-16 05:54:07,540 [pool-67-thread-1] INFO  server.RaftServerConfigKeys (ConfUtils.java:logGet(43)) - raft.server.rpc.timeout.max = 5200ms (custom)
2019-10-16 05:54:07,540 [Thread-331] INFO  impl.RoleInfo (RoleInfo.java:shutdownFollowerState(121)) - a95979bb-20e9-431e-a9fb-b8261a9ef448: shutdown FollowerState
2019-10-16 05:54:07,541 [pool-67-thread-1] INFO  server.RaftServerConfigKeys (ConfUtils.java:logGet(43)) - raft.server.rpcslowness.timeout = 120s (custom)
2019-10-16 05:54:07,540 [pool-107-thread-1] INFO  impl.RaftServerImpl (RaftServerImpl.java:<init>(104)) - e8d6ebf1-6bcf-43aa-933b-e68e6e027da1: new RaftServerImpl for group-B2A04D870F72:[77d0bf9b-6f4c-431e-a5f1-454f54e3e5de:192.168.69.104:37359, fa7e6ed1-247f-43d6-9abd-8e5119d5804b:192.168.69.104:37305, e8d6ebf1-6bcf-43aa-933b-e68e6e027da1:192.168.69.104:46329] with ContainerStateMachine:uninitialized
2019-10-16 05:54:07,541 [pool-67-thread-1] INFO  server.RaftServerConfigKeys (ConfUtils.java:logGet(43)) - raft.server.sleep.deviation.threshold = 300 (default)
2019-10-16 05:54:07,541 [Thread-331] INFO  impl.RaftServerImpl (RaftServerImpl.java:setRole(184)) - a95979bb-20e9-431e-a9fb-b8261a9ef448@group-836BF0AE68E8: changes role from  FOLLOWER to CANDIDATE at term 0 for changeToCandidate
2019-10-16 05:54:07,541 [pool-67-thread-1] INFO  server.RaftServerConfigKeys (ConfUtils.java:logGet(43)) - raft.server.log.appender.install.snapshot.enabled = false (custom)
2019-10-16 05:54:07,542 [Thread-331] INFO  impl.RoleInfo (RoleInfo.java:updateAndGet(143)) - a95979bb-20e9-431e-a9fb-b8261a9ef448: start LeaderElection
2019-10-16 05:54:07,541 [pool-107-thread-1] INFO  server.RaftServerConfigKeys (ConfUtils.java:logGet(43)) - raft.server.rpc.timeout.min = 5s (custom)
2019-10-16 05:54:07,542 [pool-67-thread-1] INFO  impl.RaftServerImpl (ServerState.java:<init>(103)) - 77d0bf9b-6f4c-431e-a5f1-454f54e3e5de@group-B2A04D870F72: ConfigurationManager, init=-1: [77d0bf9b-6f4c-431e-a5f1-454f54e3e5de:192.168.69.104:37359, fa7e6ed1-247f-43d6-9abd-8e5119d5804b:192.168.69.104:37305, e8d6ebf1-6bcf-43aa-933b-e68e6e027da1:192.168.69.104:46329], old=null, confs=<EMPTY_MAP>
2019-10-16 05:54:07,542 [pool-117-thread-1] INFO  impl.RaftServerImpl (RaftServerImpl.java:<init>(104)) - fa7e6ed1-247f-43d6-9abd-8e5119d5804b: new RaftServerImpl for group-B2A04D870F72:[77d0bf9b-6f4c-431e-a5f1-454f54e3e5de:192.168.69.104:37359, fa7e6ed1-247f-43d6-9abd-8e5119d5804b:192.168.69.104:37305, e8d6ebf1-6bcf-43aa-933b-e68e6e027da1:192.168.69.104:46329] with ContainerStateMachine:uninitialized
2019-10-16 05:54:07,547 [pool-67-thread-1] INFO  server.RaftServerConfigKeys (ConfUtils.java:logGet(43)) - raft.server.storage.dir = [/workdir/hadoop-ozone/integration-test/target/test-dir/MiniOzoneClusterImpl-a7ed491f-9e2a-49d2-8991-52926c770a07/datanode-4/data/ratis] (custom)
2019-10-16 05:54:07,547 [pool-107-thread-1] INFO  server.RaftServerConfigKeys (ConfUtils.java:logGet(43)) - raft.server.rpc.timeout.max = 5200ms (custom)
2019-10-16 05:54:07,548 [pool-117-thread-1] INFO  server.RaftServerConfigKeys (ConfUtils.java:logGet(43)) - raft.server.rpc.timeout.min = 5s (custom)
2019-10-16 05:54:07,548 [pool-107-thread-1] INFO  server.RaftServerConfigKeys (ConfUtils.java:logGet(43)) - raft.server.rpcslowness.timeout = 120s (custom)
2019-10-16 05:54:07,548 [pool-117-thread-1] INFO  server.RaftServerConfigKeys (ConfUtils.java:logGet(43)) - raft.server.rpc.timeout.max = 5200ms (custom)
2019-10-16 05:54:07,548 [pool-67-thread-1] INFO  server.RaftServerConfigKeys (ConfUtils.java:logGet(43)) - raft.server.log.corruption.policy = EXCEPTION (default)
2019-10-16 05:54:07,548 [pool-117-thread-1] INFO  server.RaftServerConfigKeys (ConfUtils.java:logGet(43)) - raft.server.rpcslowness.timeout = 120s (custom)
2019-10-16 05:54:07,548 [pool-107-thread-1] INFO  server.RaftServerConfigKeys (ConfUtils.java:logGet(43)) - raft.server.sleep.deviation.threshold = 300 (default)
2019-10-16 05:54:07,549 [pool-67-thread-1] INFO  storage.RaftStorageDirectory (RaftStorageDirectory.java:analyzeStorage(246)) - The storage directory /workdir/hadoop-ozone/integration-test/target/test-dir/MiniOzoneClusterImpl-a7ed491f-9e2a-49d2-8991-52926c770a07/datanode-4/data/ratis/59c0365d-14b2-4a2c-86d8-b2a04d870f72 does not exist. Creating ...
2019-10-16 05:54:07,549 [pool-117-thread-1] INFO  server.RaftServerConfigKeys (ConfUtils.java:logGet(43)) - raft.server.sleep.deviation.threshold = 300 (default)
2019-10-16 05:54:07,551 [pool-107-thread-1] INFO  server.RaftServerConfigKeys (ConfUtils.java:logGet(43)) - raft.server.log.appender.install.snapshot.enabled = false (custom)
2019-10-16 05:54:07,551 [9716ed81-e797-4622-8f9d-d0bad6b93ded@group-6F198EFDD6FC-LeaderElection12] INFO  impl.LeaderElection (LeaderElection.java:logAndReturn(56)) - 9716ed81-e797-4622-8f9d-d0bad6b93ded@group-6F198EFDD6FC-LeaderElection12: Election TIMEOUT; received 0 response(s) [] and 0 exception(s); 9716ed81-e797-4622-8f9d-d0bad6b93ded@group-6F198EFDD6FC:t1, leader=null, voted=9716ed81-e797-4622-8f9d-d0bad6b93ded, raftlog=9716ed81-e797-4622-8f9d-d0bad6b93ded@group-6F198EFDD6FC-SegmentedRaftLog:OPENED:c-1,f-1,i0, conf=-1: [7f194c44-d326-466e-a2f3-1afa0b12311e:192.168.69.104:41593, 28fad83d-bdd1-43c5-9066-2f84db181b78:192.168.69.104:43518, 9716ed81-e797-4622-8f9d-d0bad6b93ded:192.168.69.104:37182], old=null
2019-10-16 05:54:07,551 [pool-117-thread-1] INFO  server.RaftServerConfigKeys (ConfUtils.java:logGet(43)) - raft.server.log.appender.install.snapshot.enabled = false (custom)
2019-10-16 05:54:07,551 [pool-107-thread-1] INFO  impl.RaftServerImpl (ServerState.java:<init>(103)) - e8d6ebf1-6bcf-43aa-933b-e68e6e027da1@group-B2A04D870F72: ConfigurationManager, init=-1: [77d0bf9b-6f4c-431e-a5f1-454f54e3e5de:192.168.69.104:37359, fa7e6ed1-247f-43d6-9abd-8e5119d5804b:192.168.69.104:37305, e8d6ebf1-6bcf-43aa-933b-e68e6e027da1:192.168.69.104:46329], old=null, confs=<EMPTY_MAP>
2019-10-16 05:54:07,553 [pool-107-thread-1] INFO  server.RaftServerConfigKeys (ConfUtils.java:logGet(43)) - raft.server.storage.dir = [/workdir/hadoop-ozone/integration-test/target/test-dir/MiniOzoneClusterImpl-a7ed491f-9e2a-49d2-8991-52926c770a07/datanode-8/data/ratis] (custom)
2019-10-16 05:54:07,553 [pool-117-thread-1] INFO  impl.RaftServerImpl (ServerState.java:<init>(103)) - fa7e6ed1-247f-43d6-9abd-8e5119d5804b@group-B2A04D870F72: ConfigurationManager, init=-1: [77d0bf9b-6f4c-431e-a5f1-454f54e3e5de:192.168.69.104:37359, fa7e6ed1-247f-43d6-9abd-8e5119d5804b:192.168.69.104:37305, e8d6ebf1-6bcf-43aa-933b-e68e6e027da1:192.168.69.104:46329], old=null, confs=<EMPTY_MAP>
2019-10-16 05:54:07,554 [pool-107-thread-1] INFO  server.RaftServerConfigKeys (ConfUtils.java:logGet(43)) - raft.server.log.corruption.policy = EXCEPTION (default)
2019-10-16 05:54:07,555 [pool-117-thread-1] INFO  server.RaftServerConfigKeys (ConfUtils.java:logGet(43)) - raft.server.storage.dir = [/workdir/hadoop-ozone/integration-test/target/test-dir/MiniOzoneClusterImpl-a7ed491f-9e2a-49d2-8991-52926c770a07/datanode-9/data/ratis] (custom)
2019-10-16 05:54:07,555 [pool-107-thread-1] INFO  storage.RaftStorageDirectory (RaftStorageDirectory.java:analyzeStorage(246)) - The storage directory /workdir/hadoop-ozone/integration-test/target/test-dir/MiniOzoneClusterImpl-a7ed491f-9e2a-49d2-8991-52926c770a07/datanode-8/data/ratis/59c0365d-14b2-4a2c-86d8-b2a04d870f72 does not exist. Creating ...
2019-10-16 05:54:07,556 [pool-117-thread-1] INFO  server.RaftServerConfigKeys (ConfUtils.java:logGet(43)) - raft.server.log.corruption.policy = EXCEPTION (default)
2019-10-16 05:54:07,556 [pool-117-thread-1] INFO  storage.RaftStorageDirectory (RaftStorageDirectory.java:analyzeStorage(246)) - The storage directory /workdir/hadoop-ozone/integration-test/target/test-dir/MiniOzoneClusterImpl-a7ed491f-9e2a-49d2-8991-52926c770a07/datanode-9/data/ratis/59c0365d-14b2-4a2c-86d8-b2a04d870f72 does not exist. Creating ...
2019-10-16 05:54:07,564 [pool-107-thread-1] INFO  storage.RaftStorageDirectory (RaftStorageDirectory.java:tryLock(328)) - Lock on /workdir/hadoop-ozone/integration-test/target/test-dir/MiniOzoneClusterImpl-a7ed491f-9e2a-49d2-8991-52926c770a07/datanode-8/data/ratis/59c0365d-14b2-4a2c-86d8-b2a04d870f72/in_use.lock acquired by nodename 13521@pr-hdds-2312-q6qzp-1535798719
2019-10-16 05:54:07,564 [pool-67-thread-1] INFO  storage.RaftStorageDirectory (RaftStorageDirectory.java:tryLock(328)) - Lock on /workdir/hadoop-ozone/integration-test/target/test-dir/MiniOzoneClusterImpl-a7ed491f-9e2a-49d2-8991-52926c770a07/datanode-4/data/ratis/59c0365d-14b2-4a2c-86d8-b2a04d870f72/in_use.lock acquired by nodename 13521@pr-hdds-2312-q6qzp-1535798719
2019-10-16 05:54:07,565 [a95979bb-20e9-431e-a9fb-b8261a9ef448@group-836BF0AE68E8-LeaderElection13] INFO  impl.LeaderElection (LeaderElection.java:askForVotes(178)) - a95979bb-20e9-431e-a9fb-b8261a9ef448@group-836BF0AE68E8-LeaderElection13: begin an election at term 1 for -1: [a95979bb-20e9-431e-a9fb-b8261a9ef448:192.168.69.104:40117], old=null
2019-10-16 05:54:07,565 [9716ed81-e797-4622-8f9d-d0bad6b93ded@group-6F198EFDD6FC-LeaderElection12] INFO  impl.LeaderElection (LeaderElection.java:askForVotes(178)) - 9716ed81-e797-4622-8f9d-d0bad6b93ded@group-6F198EFDD6FC-LeaderElection12: begin an election at term 2 for -1: [7f194c44-d326-466e-a2f3-1afa0b12311e:192.168.69.104:41593, 28fad83d-bdd1-43c5-9066-2f84db181b78:192.168.69.104:43518, 9716ed81-e797-4622-8f9d-d0bad6b93ded:192.168.69.104:37182], old=null
2019-10-16 05:54:07,565 [a95979bb-20e9-431e-a9fb-b8261a9ef448@group-836BF0AE68E8-LeaderElection13] INFO  impl.RoleInfo (RoleInfo.java:shutdownLeaderElection(134)) - a95979bb-20e9-431e-a9fb-b8261a9ef448: shutdown LeaderElection
2019-10-16 05:54:07,565 [a95979bb-20e9-431e-a9fb-b8261a9ef448@group-836BF0AE68E8-LeaderElection13] INFO  impl.RaftServerImpl (RaftServerImpl.java:setRole(184)) - a95979bb-20e9-431e-a9fb-b8261a9ef448@group-836BF0AE68E8: changes role from CANDIDATE to LEADER at term 1 for changeToLeader
2019-10-16 05:54:07,567 [a95979bb-20e9-431e-a9fb-b8261a9ef448@group-836BF0AE68E8-LeaderElection13] INFO  impl.RaftServerImpl (ServerState.java:setLeader(256)) - a95979bb-20e9-431e-a9fb-b8261a9ef448@group-836BF0AE68E8: change Leader from null to a95979bb-20e9-431e-a9fb-b8261a9ef448 at term 1 for becomeLeader, leader elected after 241ms
2019-10-16 05:54:07,568 [a95979bb-20e9-431e-a9fb-b8261a9ef448@group-836BF0AE68E8-LeaderElection13] INFO  server.RaftServerConfigKeys (ConfUtils.java:logGet(43)) - raft.server.staging.catchup.gap = 1000 (default)
2019-10-16 05:54:07,568 [a95979bb-20e9-431e-a9fb-b8261a9ef448@group-836BF0AE68E8-LeaderElection13] INFO  server.RaftServerConfigKeys (ConfUtils.java:logGet(43)) - raft.server.rpc.sleep.time = 25ms (default)
2019-10-16 05:54:07,570 [a95979bb-20e9-431e-a9fb-b8261a9ef448@group-836BF0AE68E8-LeaderElection13] INFO  server.RaftServerConfigKeys (ConfUtils.java:logGet(43)) - raft.server.write.element-limit = 4096 (default)
2019-10-16 05:54:07,570 [a95979bb-20e9-431e-a9fb-b8261a9ef448@group-836BF0AE68E8-LeaderElection13] INFO  server.RaftServerConfigKeys (ConfUtils.java:logGet(43)) - raft.server.watch.timeout = 10s (default)
2019-10-16 05:54:07,570 [a95979bb-20e9-431e-a9fb-b8261a9ef448@group-836BF0AE68E8-LeaderElection13] INFO  server.RaftServerConfigKeys (ConfUtils.java:logGet(43)) - raft.server.watch.timeout.denomination = 1s (default)
2019-10-16 05:54:07,571 [a95979bb-20e9-431e-a9fb-b8261a9ef448@group-836BF0AE68E8-LeaderElection13] INFO  server.RaftServerConfigKeys (ConfUtils.java:logGet(43)) - raft.server.watch.element-limit = 65536 (default)
2019-10-16 05:54:07,574 [7f194c44-d326-466e-a2f3-1afa0b12311e@group-6F198EFDD6FC-LeaderElection11] INFO  impl.LeaderElection (LeaderElection.java:logAndReturn(56)) - 7f194c44-d326-466e-a2f3-1afa0b12311e@group-6F198EFDD6FC-LeaderElection11: Election TIMEOUT; received 0 response(s) [] and 0 exception(s); 7f194c44-d326-466e-a2f3-1afa0b12311e@group-6F198EFDD6FC:t1, leader=null, voted=7f194c44-d326-466e-a2f3-1afa0b12311e, raftlog=7f194c44-d326-466e-a2f3-1afa0b12311e@group-6F198EFDD6FC-SegmentedRaftLog:OPENED:c-1,f-1,i0, conf=-1: [7f194c44-d326-466e-a2f3-1afa0b12311e:192.168.69.104:41593, 28fad83d-bdd1-43c5-9066-2f84db181b78:192.168.69.104:43518, 9716ed81-e797-4622-8f9d-d0bad6b93ded:192.168.69.104:37182], old=null
2019-10-16 05:54:07,578 [pool-117-thread-1] INFO  storage.RaftStorageDirectory (RaftStorageDirectory.java:tryLock(328)) - Lock on /workdir/hadoop-ozone/integration-test/target/test-dir/MiniOzoneClusterImpl-a7ed491f-9e2a-49d2-8991-52926c770a07/datanode-9/data/ratis/59c0365d-14b2-4a2c-86d8-b2a04d870f72/in_use.lock acquired by nodename 13521@pr-hdds-2312-q6qzp-1535798719
2019-10-16 05:54:07,578 [pool-67-thread-1] INFO  storage.RaftStorage (RaftStorage.java:format(84)) - Storage directory /workdir/hadoop-ozone/integration-test/target/test-dir/MiniOzoneClusterImpl-a7ed491f-9e2a-49d2-8991-52926c770a07/datanode-4/data/ratis/59c0365d-14b2-4a2c-86d8-b2a04d870f72 has been successfully formatted.
2019-10-16 05:54:07,579 [28fad83d-bdd1-43c5-9066-2f84db181b78@group-6F198EFDD6FC-LeaderElection10] INFO  impl.LeaderElection (LeaderElection.java:logAndReturn(56)) - 28fad83d-bdd1-43c5-9066-2f84db181b78@group-6F198EFDD6FC-LeaderElection10: Election TIMEOUT; received 0 response(s) [] and 0 exception(s); 28fad83d-bdd1-43c5-9066-2f84db181b78@group-6F198EFDD6FC:t1, leader=null, voted=28fad83d-bdd1-43c5-9066-2f84db181b78, raftlog=28fad83d-bdd1-43c5-9066-2f84db181b78@group-6F198EFDD6FC-SegmentedRaftLog:OPENED:c-1,f-1,i0, conf=-1: [7f194c44-d326-466e-a2f3-1afa0b12311e:192.168.69.104:41593, 28fad83d-bdd1-43c5-9066-2f84db181b78:192.168.69.104:43518, 9716ed81-e797-4622-8f9d-d0bad6b93ded:192.168.69.104:37182], old=null
2019-10-16 05:54:07,582 [pool-67-thread-1] INFO  ratis.ContainerStateMachine (ContainerStateMachine.java:loadSnapshot(231)) - group-B2A04D870F72: The snapshot info is null. Setting the last applied indexto:(t:0, i:~)
2019-10-16 05:54:07,578 [pool-107-thread-1] INFO  storage.RaftStorage (RaftStorage.java:format(84)) - Storage directory /workdir/hadoop-ozone/integration-test/target/test-dir/MiniOzoneClusterImpl-a7ed491f-9e2a-49d2-8991-52926c770a07/datanode-8/data/ratis/59c0365d-14b2-4a2c-86d8-b2a04d870f72 has been successfully formatted.
2019-10-16 05:54:07,586 [pool-67-thread-1] INFO  server.RaftServerConfigKeys (ConfUtils.java:logGet(43)) - raft.server.notification.no-leader.timeout = 120s (custom)
2019-10-16 05:54:07,586 [pool-107-thread-1] INFO  ratis.ContainerStateMachine (ContainerStateMachine.java:loadSnapshot(231)) - group-B2A04D870F72: The snapshot info is null. Setting the last applied indexto:(t:0, i:~)
2019-10-16 05:54:07,586 [pool-67-thread-1] INFO  server.RaftServerConfigKeys (ConfUtils.java:logGet(43)) - raft.server.log.use.memory = false (default)
2019-10-16 05:54:07,594 [pool-107-thread-1] INFO  server.RaftServerConfigKeys (ConfUtils.java:logGet(43)) - raft.server.notification.no-leader.timeout = 120s (custom)
2019-10-16 05:54:07,594 [pool-67-thread-1] INFO  server.RaftServerConfigKeys (ConfUtils.java:logGet(43)) - raft.server.log.purge.gap = 1000000 (custom)
2019-10-16 05:54:07,594 [pool-107-thread-1] INFO  server.RaftServerConfigKeys (ConfUtils.java:logGet(43)) - raft.server.log.use.memory = false (default)
2019-10-16 05:54:07,595 [pool-67-thread-1] INFO  server.RaftServerConfigKeys (ConfUtils.java:logGet(43)) - raft.server.log.appender.buffer.byte-limit = 33554432 (custom)
2019-10-16 05:54:07,596 [pool-107-thread-1] INFO  server.RaftServerConfigKeys (ConfUtils.java:logGet(43)) - raft.server.log.purge.gap = 1000000 (custom)
2019-10-16 05:54:07,597 [pool-67-thread-1] INFO  server.RaftServerConfigKeys (ConfUtils.java:logGet(43)) - raft.server.log.segment.size.max = 1048576 (custom)
2019-10-16 05:54:07,597 [a95979bb-20e9-431e-a9fb-b8261a9ef448@group-836BF0AE68E8-LeaderElection13] INFO  impl.RoleInfo (RoleInfo.java:updateAndGet(143)) - a95979bb-20e9-431e-a9fb-b8261a9ef448: start LeaderState
2019-10-16 05:54:07,597 [pool-107-thread-1] INFO  server.RaftServerConfigKeys (ConfUtils.java:logGet(43)) - raft.server.log.appender.buffer.byte-limit = 33554432 (custom)
2019-10-16 05:54:07,597 [pool-67-thread-1] INFO  server.RaftServerConfigKeys (ConfUtils.java:logGet(43)) - raft.server.log.segment.cache.num.max = 2 (custom)
2019-10-16 05:54:07,599 [pool-107-thread-1] INFO  server.RaftServerConfigKeys (ConfUtils.java:logGet(43)) - raft.server.log.segment.size.max = 1048576 (custom)
2019-10-16 05:54:07,599 [pool-67-thread-1] INFO  segmented.SegmentedRaftLogWorker (SegmentedRaftLogWorker.java:<init>(173)) - new 77d0bf9b-6f4c-431e-a5f1-454f54e3e5de@group-B2A04D870F72-SegmentedRaftLogWorker for RaftStorage:Storage Directory /workdir/hadoop-ozone/integration-test/target/test-dir/MiniOzoneClusterImpl-a7ed491f-9e2a-49d2-8991-52926c770a07/datanode-4/data/ratis/59c0365d-14b2-4a2c-86d8-b2a04d870f72
2019-10-16 05:54:07,599 [a95979bb-20e9-431e-a9fb-b8261a9ef448@group-836BF0AE68E8-LeaderElection13] INFO  segmented.SegmentedRaftLogWorker (SegmentedRaftLogWorker.java:startLogSegment(385)) - a95979bb-20e9-431e-a9fb-b8261a9ef448@group-836BF0AE68E8-SegmentedRaftLogWorker: Starting segment from index:0
2019-10-16 05:54:07,599 [pool-67-thread-1] INFO  server.RaftServerConfigKeys (ConfUtils.java:logGet(43)) - raft.server.log.queue.byte-limit = 2147483647 (custom)
2019-10-16 05:54:07,599 [pool-107-thread-1] INFO  server.RaftServerConfigKeys (ConfUtils.java:logGet(43)) - raft.server.log.segment.cache.num.max = 2 (custom)
2019-10-16 05:54:07,600 [pool-67-thread-1] INFO  server.RaftServerConfigKeys (ConfUtils.java:logGet(43)) - raft.server.log.queue.element-limit = 1024 (custom)
2019-10-16 05:54:07,601 [pool-107-thread-1] INFO  segmented.SegmentedRaftLogWorker (SegmentedRaftLogWorker.java:<init>(173)) - new e8d6ebf1-6bcf-43aa-933b-e68e6e027da1@group-B2A04D870F72-SegmentedRaftLogWorker for RaftStorage:Storage Directory /workdir/hadoop-ozone/integration-test/target/test-dir/MiniOzoneClusterImpl-a7ed491f-9e2a-49d2-8991-52926c770a07/datanode-8/data/ratis/59c0365d-14b2-4a2c-86d8-b2a04d870f72
2019-10-16 05:54:07,603 [pool-67-thread-1] INFO  server.RaftServerConfigKeys (ConfUtils.java:logGet(43)) - raft.server.log.segment.size.max = 1048576 (custom)
2019-10-16 05:54:07,603 [a95979bb-20e9-431e-a9fb-b8261a9ef448@group-836BF0AE68E8-LeaderElection13] INFO  impl.RaftServerImpl (ServerState.java:setRaftConf(357)) - a95979bb-20e9-431e-a9fb-b8261a9ef448@group-836BF0AE68E8: set configuration 0: [a95979bb-20e9-431e-a9fb-b8261a9ef448:192.168.69.104:40117], old=null at 0
2019-10-16 05:54:07,603 [pool-67-thread-1] INFO  server.RaftServerConfigKeys (ConfUtils.java:logGet(43)) - raft.server.log.preallocated.size = 16384 (custom)
2019-10-16 05:54:07,636 [28fad83d-bdd1-43c5-9066-2f84db181b78@group-6F198EFDD6FC-LeaderElection10] INFO  impl.LeaderElection (LeaderElection.java:askForVotes(178)) - 28fad83d-bdd1-43c5-9066-2f84db181b78@group-6F198EFDD6FC-LeaderElection10: begin an election at term 2 for -1: [7f194c44-d326-466e-a2f3-1afa0b12311e:192.168.69.104:41593, 28fad83d-bdd1-43c5-9066-2f84db181b78:192.168.69.104:43518, 9716ed81-e797-4622-8f9d-d0bad6b93ded:192.168.69.104:37182], old=null
2019-10-16 05:54:07,603 [pool-107-thread-1] INFO  server.RaftServerConfigKeys (ConfUtils.java:logGet(43)) - raft.server.log.queue.byte-limit = 2147483647 (custom)
2019-10-16 05:54:07,637 [pool-67-thread-1] INFO  server.RaftServerConfigKeys (ConfUtils.java:logGet(43)) - raft.server.log.write.buffer.size = 33554432 (custom)
2019-10-16 05:54:07,636 [7f194c44-d326-466e-a2f3-1afa0b12311e@group-6F198EFDD6FC-LeaderElection11] INFO  impl.LeaderElection (LeaderElection.java:askForVotes(178)) - 7f194c44-d326-466e-a2f3-1afa0b12311e@group-6F198EFDD6FC-LeaderElection11: begin an election at term 2 for -1: [7f194c44-d326-466e-a2f3-1afa0b12311e:192.168.69.104:41593, 28fad83d-bdd1-43c5-9066-2f84db181b78:192.168.69.104:43518, 9716ed81-e797-4622-8f9d-d0bad6b93ded:192.168.69.104:37182], old=null
2019-10-16 05:54:07,636 [pool-117-thread-1] INFO  storage.RaftStorage (RaftStorage.java:format(84)) - Storage directory /workdir/hadoop-ozone/integration-test/target/test-dir/MiniOzoneClusterImpl-a7ed491f-9e2a-49d2-8991-52926c770a07/datanode-9/data/ratis/59c0365d-14b2-4a2c-86d8-b2a04d870f72 has been successfully formatted.
2019-10-16 05:54:07,640 [pool-107-thread-1] INFO  server.RaftServerConfigKeys (ConfUtils.java:logGet(43)) - raft.server.log.queue.element-limit = 1024 (custom)
2019-10-16 05:54:07,640 [pool-67-thread-1] INFO  server.RaftServerConfigKeys (ConfUtils.java:logGet(43)) - raft.server.log.force.sync.num = 128 (default)
2019-10-16 05:54:07,641 [pool-107-thread-1] INFO  server.RaftServerConfigKeys (ConfUtils.java:logGet(43)) - raft.server.log.segment.size.max = 1048576 (custom)
2019-10-16 05:54:07,640 [pool-117-thread-1] INFO  ratis.ContainerStateMachine (ContainerStateMachine.java:loadSnapshot(231)) - group-B2A04D870F72: The snapshot info is null. Setting the last applied indexto:(t:0, i:~)
2019-10-16 05:54:07,641 [pool-67-thread-1] INFO  server.RaftServerConfigKeys (ConfUtils.java:logGet(43)) - raft.server.log.statemachine.data.sync = true (default)
2019-10-16 05:54:07,643 [pool-107-thread-1] INFO  server.RaftServerConfigKeys (ConfUtils.java:logGet(43)) - raft.server.log.preallocated.size = 16384 (custom)
2019-10-16 05:54:07,643 [pool-117-thread-1] INFO  server.RaftServerConfigKeys (ConfUtils.java:logGet(43)) - raft.server.notification.no-leader.timeout = 120s (custom)
2019-10-16 05:54:07,643 [pool-107-thread-1] INFO  server.RaftServerConfigKeys (ConfUtils.java:logGet(43)) - raft.server.log.write.buffer.size = 33554432 (custom)
2019-10-16 05:54:07,643 [pool-67-thread-1] INFO  server.RaftServerConfigKeys (ConfUtils.java:logGet(43)) - raft.server.log.statemachine.data.sync.timeout = 10s (default)
2019-10-16 05:54:07,644 [pool-107-thread-1] INFO  server.RaftServerConfigKeys (ConfUtils.java:logGet(43)) - raft.server.log.force.sync.num = 128 (default)
2019-10-16 05:54:07,643 [pool-117-thread-1] INFO  server.RaftServerConfigKeys (ConfUtils.java:logGet(43)) - raft.server.log.use.memory = false (default)
2019-10-16 05:54:07,645 [pool-107-thread-1] INFO  server.RaftServerConfigKeys (ConfUtils.java:logGet(43)) - raft.server.log.statemachine.data.sync = true (default)
2019-10-16 05:54:07,645 [pool-67-thread-1] INFO  server.RaftServerConfigKeys (ConfUtils.java:logGet(43)) - raft.server.log.statemachine.data.sync.timeout.retry = -1 (default)
2019-10-16 05:54:07,646 [pool-107-thread-1] INFO  server.RaftServerConfigKeys (ConfUtils.java:logGet(43)) - raft.server.log.statemachine.data.sync.timeout = 10s (default)
2019-10-16 05:54:07,646 [pool-117-thread-1] INFO  server.RaftServerConfigKeys (ConfUtils.java:logGet(43)) - raft.server.log.purge.gap = 1000000 (custom)
2019-10-16 05:54:07,647 [pool-107-thread-1] INFO  server.RaftServerConfigKeys (ConfUtils.java:logGet(43)) - raft.server.log.statemachine.data.sync.timeout.retry = -1 (default)
2019-10-16 05:54:07,646 [pool-67-thread-1] INFO  server.RaftServerConfigKeys (ConfUtils.java:logGet(43)) - raft.server.log.statemachine.data.caching.enabled = true (custom)
2019-10-16 05:54:07,647 [pool-117-thread-1] INFO  server.RaftServerConfigKeys (ConfUtils.java:logGet(43)) - raft.server.log.appender.buffer.byte-limit = 33554432 (custom)
2019-10-16 05:54:07,648 [pool-107-thread-1] INFO  server.RaftServerConfigKeys (ConfUtils.java:logGet(43)) - raft.server.log.statemachine.data.caching.enabled = true (custom)
2019-10-16 05:54:07,648 [a95979bb-20e9-431e-a9fb-b8261a9ef448@group-836BF0AE68E8-SegmentedRaftLogWorker] INFO  segmented.SegmentedRaftLogWorker (SegmentedRaftLogWorker.java:execute(576)) - a95979bb-20e9-431e-a9fb-b8261a9ef448@group-836BF0AE68E8-SegmentedRaftLogWorker: created new log segment /workdir/hadoop-ozone/integration-test/target/test-dir/MiniOzoneClusterImpl-a7ed491f-9e2a-49d2-8991-52926c770a07/datanode-1/data/ratis/01cc9cbf-4894-4c4f-9a9c-836bf0ae68e8/current/log_inprogress_0
2019-10-16 05:54:07,651 [pool-117-thread-1] INFO  server.RaftServerConfigKeys (ConfUtils.java:logGet(43)) - raft.server.log.segment.size.max = 1048576 (custom)
2019-10-16 05:54:07,650 [pool-67-thread-1] INFO  segmented.SegmentedRaftLogWorker (SegmentedRaftLogWorker.java:lambda$new$0(128)) - 77d0bf9b-6f4c-431e-a5f1-454f54e3e5de@group-B2A04D870F72-SegmentedRaftLogWorker: flushIndex: setUnconditionally 0 -> -1
2019-10-16 05:54:07,653 [pool-117-thread-1] INFO  server.RaftServerConfigKeys (ConfUtils.java:logGet(43)) - raft.server.log.segment.cache.num.max = 2 (custom)
2019-10-16 05:54:07,654 [pool-67-thread-1] INFO  server.RaftServerConfigKeys (ConfUtils.java:logGet(43)) - raft.server.snapshot.auto.trigger.enabled = true (custom)
2019-10-16 05:54:07,654 [pool-107-thread-1] INFO  segmented.SegmentedRaftLogWorker (SegmentedRaftLogWorker.java:lambda$new$0(128)) - e8d6ebf1-6bcf-43aa-933b-e68e6e027da1@group-B2A04D870F72-SegmentedRaftLogWorker: flushIndex: setUnconditionally 0 -> -1
2019-10-16 05:54:07,655 [pool-67-thread-1] INFO  server.RaftServerConfigKeys (ConfUtils.java:logGet(43)) - raft.server.snapshot.auto.trigger.threshold = 10000 (custom)
2019-10-16 05:54:07,655 [pool-117-thread-1] INFO  segmented.SegmentedRaftLogWorker (SegmentedRaftLogWorker.java:<init>(173)) - new fa7e6ed1-247f-43d6-9abd-8e5119d5804b@group-B2A04D870F72-SegmentedRaftLogWorker for RaftStorage:Storage Directory /workdir/hadoop-ozone/integration-test/target/test-dir/MiniOzoneClusterImpl-a7ed491f-9e2a-49d2-8991-52926c770a07/datanode-9/data/ratis/59c0365d-14b2-4a2c-86d8-b2a04d870f72
2019-10-16 05:54:07,656 [pool-107-thread-1] INFO  server.RaftServerConfigKeys (ConfUtils.java:logGet(43)) - raft.server.snapshot.auto.trigger.enabled = true (custom)
2019-10-16 05:54:07,656 [pool-67-thread-1] INFO  server.RaftServerConfigKeys (ConfUtils.java:logGet(43)) - raft.server.snapshot.retention.file.num = 5 (custom)
2019-10-16 05:54:07,656 [pool-107-thread-1] INFO  server.RaftServerConfigKeys (ConfUtils.java:logGet(43)) - raft.server.snapshot.auto.trigger.threshold = 10000 (custom)
2019-10-16 05:54:07,656 [pool-117-thread-1] INFO  server.RaftServerConfigKeys (ConfUtils.java:logGet(43)) - raft.server.log.queue.byte-limit = 2147483647 (custom)
2019-10-16 05:54:07,656 [pool-107-thread-1] INFO  server.RaftServerConfigKeys (ConfUtils.java:logGet(43)) - raft.server.snapshot.retention.file.num = 5 (custom)
2019-10-16 05:54:07,656 [pool-67-thread-1] INFO  server.RaftServerConfigKeys (ConfUtils.java:logGet(43)) - raft.server.retrycache.expirytime = 600000ms (custom)
2019-10-16 05:54:07,661 [pool-107-thread-1] INFO  server.RaftServerConfigKeys (ConfUtils.java:logGet(43)) - raft.server.retrycache.expirytime = 600000ms (custom)
2019-10-16 05:54:07,656 [pool-117-thread-1] INFO  server.RaftServerConfigKeys (ConfUtils.java:logGet(43)) - raft.server.log.queue.element-limit = 1024 (custom)
2019-10-16 05:54:07,662 [pool-117-thread-1] INFO  server.RaftServerConfigKeys (ConfUtils.java:logGet(43)) - raft.server.log.segment.size.max = 1048576 (custom)
2019-10-16 05:54:07,662 [pool-117-thread-1] INFO  server.RaftServerConfigKeys (ConfUtils.java:logGet(43)) - raft.server.log.preallocated.size = 16384 (custom)
2019-10-16 05:54:07,662 [pool-117-thread-1] INFO  server.RaftServerConfigKeys (ConfUtils.java:logGet(43)) - raft.server.log.write.buffer.size = 33554432 (custom)
2019-10-16 05:54:07,662 [pool-117-thread-1] INFO  server.RaftServerConfigKeys (ConfUtils.java:logGet(43)) - raft.server.log.force.sync.num = 128 (default)
2019-10-16 05:54:07,663 [9716ed81-e797-4622-8f9d-d0bad6b93ded@group-6F198EFDD6FC-LeaderElection12] INFO  impl.LeaderElection (LeaderElection.java:logAndReturn(56)) - 9716ed81-e797-4622-8f9d-d0bad6b93ded@group-6F198EFDD6FC-LeaderElection12: Election REJECTED; received 2 response(s) [9716ed81-e797-4622-8f9d-d0bad6b93ded<-28fad83d-bdd1-43c5-9066-2f84db181b78#0:FAIL-t2, 9716ed81-e797-4622-8f9d-d0bad6b93ded<-7f194c44-d326-466e-a2f3-1afa0b12311e#0:FAIL-t2] and 0 exception(s); 9716ed81-e797-4622-8f9d-d0bad6b93ded@group-6F198EFDD6FC:t2, leader=null, voted=9716ed81-e797-4622-8f9d-d0bad6b93ded, raftlog=9716ed81-e797-4622-8f9d-d0bad6b93ded@group-6F198EFDD6FC-SegmentedRaftLog:OPENED:c-1,f-1,i0, conf=-1: [7f194c44-d326-466e-a2f3-1afa0b12311e:192.168.69.104:41593, 28fad83d-bdd1-43c5-9066-2f84db181b78:192.168.69.104:43518, 9716ed81-e797-4622-8f9d-d0bad6b93ded:192.168.69.104:37182], old=null
2019-10-16 05:54:07,663 [pool-117-thread-1] INFO  server.RaftServerConfigKeys (ConfUtils.java:logGet(43)) - raft.server.log.statemachine.data.sync = true (default)
2019-10-16 05:54:07,663 [pool-117-thread-1] INFO  server.RaftServerConfigKeys (ConfUtils.java:logGet(43)) - raft.server.log.statemachine.data.sync.timeout = 10s (default)
2019-10-16 05:54:07,664 [pool-117-thread-1] INFO  server.RaftServerConfigKeys (ConfUtils.java:logGet(43)) - raft.server.log.statemachine.data.sync.timeout.retry = -1 (default)
2019-10-16 05:54:07,669 [pool-117-thread-1] INFO  server.RaftServerConfigKeys (ConfUtils.java:logGet(43)) - raft.server.log.statemachine.data.caching.enabled = true (custom)
2019-10-16 05:54:07,669 [9716ed81-e797-4622-8f9d-d0bad6b93ded@group-6F198EFDD6FC-LeaderElection12] INFO  impl.RaftServerImpl (RaftServerImpl.java:setRole(184)) - 9716ed81-e797-4622-8f9d-d0bad6b93ded@group-6F198EFDD6FC: changes role from CANDIDATE to FOLLOWER at term 2 for DISCOVERED_A_NEW_TERM
2019-10-16 05:54:07,669 [7f194c44-d326-466e-a2f3-1afa0b12311e@group-6F198EFDD6FC-LeaderElection11] INFO  impl.LeaderElection (LeaderElection.java:logAndReturn(56)) - 7f194c44-d326-466e-a2f3-1afa0b12311e@group-6F198EFDD6FC-LeaderElection11: Election REJECTED; received 2 response(s) [7f194c44-d326-466e-a2f3-1afa0b12311e<-28fad83d-bdd1-43c5-9066-2f84db181b78#0:FAIL-t2, 7f194c44-d326-466e-a2f3-1afa0b12311e<-9716ed81-e797-4622-8f9d-d0bad6b93ded#0:FAIL-t2] and 0 exception(s); 7f194c44-d326-466e-a2f3-1afa0b12311e@group-6F198EFDD6FC:t2, leader=null, voted=7f194c44-d326-466e-a2f3-1afa0b12311e, raftlog=7f194c44-d326-466e-a2f3-1afa0b12311e@group-6F198EFDD6FC-SegmentedRaftLog:OPENED:c-1,f-1,i0, conf=-1: [7f194c44-d326-466e-a2f3-1afa0b12311e:192.168.69.104:41593, 28fad83d-bdd1-43c5-9066-2f84db181b78:192.168.69.104:43518, 9716ed81-e797-4622-8f9d-d0bad6b93ded:192.168.69.104:37182], old=null
2019-10-16 05:54:07,670 [9716ed81-e797-4622-8f9d-d0bad6b93ded@group-6F198EFDD6FC-LeaderElection12] INFO  impl.RoleInfo (RoleInfo.java:shutdownLeaderElection(134)) - 9716ed81-e797-4622-8f9d-d0bad6b93ded: shutdown LeaderElection
2019-10-16 05:54:07,670 [7f194c44-d326-466e-a2f3-1afa0b12311e@group-6F198EFDD6FC-LeaderElection11] INFO  impl.RaftServerImpl (RaftServerImpl.java:setRole(184)) - 7f194c44-d326-466e-a2f3-1afa0b12311e@group-6F198EFDD6FC: changes role from CANDIDATE to FOLLOWER at term 2 for DISCOVERED_A_NEW_TERM
2019-10-16 05:54:07,670 [pool-117-thread-1] INFO  segmented.SegmentedRaftLogWorker (SegmentedRaftLogWorker.java:lambda$new$0(128)) - fa7e6ed1-247f-43d6-9abd-8e5119d5804b@group-B2A04D870F72-SegmentedRaftLogWorker: flushIndex: setUnconditionally 0 -> -1
2019-10-16 05:54:07,679 [7f194c44-d326-466e-a2f3-1afa0b12311e@group-6F198EFDD6FC-LeaderElection11] INFO  impl.RoleInfo (RoleInfo.java:shutdownLeaderElection(134)) - 7f194c44-d326-466e-a2f3-1afa0b12311e: shutdown LeaderElection
2019-10-16 05:54:07,679 [9716ed81-e797-4622-8f9d-d0bad6b93ded@group-6F198EFDD6FC-LeaderElection12] INFO  impl.RoleInfo (RoleInfo.java:updateAndGet(143)) - 9716ed81-e797-4622-8f9d-d0bad6b93ded: start FollowerState
2019-10-16 05:54:07,680 [7f194c44-d326-466e-a2f3-1afa0b12311e@group-6F198EFDD6FC-LeaderElection11] INFO  impl.RoleInfo (RoleInfo.java:updateAndGet(143)) - 7f194c44-d326-466e-a2f3-1afa0b12311e: start FollowerState
2019-10-16 05:54:07,680 [pool-117-thread-1] INFO  server.RaftServerConfigKeys (ConfUtils.java:logGet(43)) - raft.server.snapshot.auto.trigger.enabled = true (custom)
2019-10-16 05:54:07,680 [pool-117-thread-1] INFO  server.RaftServerConfigKeys (ConfUtils.java:logGet(43)) - raft.server.snapshot.auto.trigger.threshold = 10000 (custom)
2019-10-16 05:54:07,680 [28fad83d-bdd1-43c5-9066-2f84db181b78@group-6F198EFDD6FC-LeaderElection10] INFO  impl.LeaderElection (LeaderElection.java:logAndReturn(56)) - 28fad83d-bdd1-43c5-9066-2f84db181b78@group-6F198EFDD6FC-LeaderElection10: Election REJECTED; received 2 response(s) [28fad83d-bdd1-43c5-9066-2f84db181b78<-7f194c44-d326-466e-a2f3-1afa0b12311e#0:FAIL-t2, 28fad83d-bdd1-43c5-9066-2f84db181b78<-9716ed81-e797-4622-8f9d-d0bad6b93ded#0:FAIL-t2] and 0 exception(s); 28fad83d-bdd1-43c5-9066-2f84db181b78@group-6F198EFDD6FC:t2, leader=null, voted=28fad83d-bdd1-43c5-9066-2f84db181b78, raftlog=28fad83d-bdd1-43c5-9066-2f84db181b78@group-6F198EFDD6FC-SegmentedRaftLog:OPENED:c-1,f-1,i0, conf=-1: [7f194c44-d326-466e-a2f3-1afa0b12311e:192.168.69.104:41593, 28fad83d-bdd1-43c5-9066-2f84db181b78:192.168.69.104:43518, 9716ed81-e797-4622-8f9d-d0bad6b93ded:192.168.69.104:37182], old=null
2019-10-16 05:54:07,680 [pool-117-thread-1] INFO  server.RaftServerConfigKeys (ConfUtils.java:logGet(43)) - raft.server.snapshot.retention.file.num = 5 (custom)
2019-10-16 05:54:07,681 [28fad83d-bdd1-43c5-9066-2f84db181b78@group-6F198EFDD6FC-LeaderElection10] INFO  impl.RaftServerImpl (RaftServerImpl.java:setRole(184)) - 28fad83d-bdd1-43c5-9066-2f84db181b78@group-6F198EFDD6FC: changes role from CANDIDATE to FOLLOWER at term 2 for DISCOVERED_A_NEW_TERM
2019-10-16 05:54:07,680 [pool-67-thread-1] INFO  impl.RaftServerImpl (RaftServerImpl.java:start(195)) - 77d0bf9b-6f4c-431e-a5f1-454f54e3e5de@group-B2A04D870F72: start as a follower, conf=-1: [77d0bf9b-6f4c-431e-a5f1-454f54e3e5de:192.168.69.104:37359, fa7e6ed1-247f-43d6-9abd-8e5119d5804b:192.168.69.104:37305, e8d6ebf1-6bcf-43aa-933b-e68e6e027da1:192.168.69.104:46329], old=null
2019-10-16 05:54:07,682 [28fad83d-bdd1-43c5-9066-2f84db181b78@group-6F198EFDD6FC-LeaderElection10] INFO  impl.RoleInfo (RoleInfo.java:shutdownLeaderElection(134)) - 28fad83d-bdd1-43c5-9066-2f84db181b78: shutdown LeaderElection
2019-10-16 05:54:07,683 [pool-67-thread-1] INFO  impl.RaftServerImpl (RaftServerImpl.java:setRole(184)) - 77d0bf9b-6f4c-431e-a5f1-454f54e3e5de@group-B2A04D870F72: changes role from      null to FOLLOWER at term 0 for startAsFollower
2019-10-16 05:54:07,683 [pool-117-thread-1] INFO  server.RaftServerConfigKeys (ConfUtils.java:logGet(43)) - raft.server.retrycache.expirytime = 600000ms (custom)
2019-10-16 05:54:07,683 [pool-67-thread-1] INFO  impl.RoleInfo (RoleInfo.java:updateAndGet(143)) - 77d0bf9b-6f4c-431e-a5f1-454f54e3e5de: start FollowerState
2019-10-16 05:54:07,683 [28fad83d-bdd1-43c5-9066-2f84db181b78@group-6F198EFDD6FC-LeaderElection10] INFO  impl.RoleInfo (RoleInfo.java:updateAndGet(143)) - 28fad83d-bdd1-43c5-9066-2f84db181b78: start FollowerState
2019-10-16 05:54:07,684 [pool-67-thread-1] INFO  util.JmxRegister (JmxRegister.java:tryRegister(44)) - Successfully registered JMX Bean with object name Ratis:service=RaftServer,group=group-B2A04D870F72,id=77d0bf9b-6f4c-431e-a5f1-454f54e3e5de
2019-10-16 05:54:07,684 [pool-107-thread-1] INFO  impl.RaftServerImpl (RaftServerImpl.java:start(195)) - e8d6ebf1-6bcf-43aa-933b-e68e6e027da1@group-B2A04D870F72: start as a follower, conf=-1: [77d0bf9b-6f4c-431e-a5f1-454f54e3e5de:192.168.69.104:37359, fa7e6ed1-247f-43d6-9abd-8e5119d5804b:192.168.69.104:37305, e8d6ebf1-6bcf-43aa-933b-e68e6e027da1:192.168.69.104:46329], old=null
2019-10-16 05:54:07,685 [pool-107-thread-1] INFO  impl.RaftServerImpl (RaftServerImpl.java:setRole(184)) - e8d6ebf1-6bcf-43aa-933b-e68e6e027da1@group-B2A04D870F72: changes role from      null to FOLLOWER at term 0 for startAsFollower
2019-10-16 05:54:07,685 [pool-107-thread-1] INFO  impl.RoleInfo (RoleInfo.java:updateAndGet(143)) - e8d6ebf1-6bcf-43aa-933b-e68e6e027da1: start FollowerState
2019-10-16 05:54:07,685 [pool-107-thread-1] INFO  util.JmxRegister (JmxRegister.java:tryRegister(44)) - Successfully registered JMX Bean with object name Ratis:service=RaftServer,group=group-B2A04D870F72,id=e8d6ebf1-6bcf-43aa-933b-e68e6e027da1
2019-10-16 05:54:07,686 [pool-117-thread-1] INFO  impl.RaftServerImpl (RaftServerImpl.java:start(195)) - fa7e6ed1-247f-43d6-9abd-8e5119d5804b@group-B2A04D870F72: start as a follower, conf=-1: [77d0bf9b-6f4c-431e-a5f1-454f54e3e5de:192.168.69.104:37359, fa7e6ed1-247f-43d6-9abd-8e5119d5804b:192.168.69.104:37305, e8d6ebf1-6bcf-43aa-933b-e68e6e027da1:192.168.69.104:46329], old=null
2019-10-16 05:54:07,686 [pool-117-thread-1] INFO  impl.RaftServerImpl (RaftServerImpl.java:setRole(184)) - fa7e6ed1-247f-43d6-9abd-8e5119d5804b@group-B2A04D870F72: changes role from      null to FOLLOWER at term 0 for startAsFollower
2019-10-16 05:54:07,687 [pool-117-thread-1] INFO  impl.RoleInfo (RoleInfo.java:updateAndGet(143)) - fa7e6ed1-247f-43d6-9abd-8e5119d5804b: start FollowerState
2019-10-16 05:54:07,687 [pool-117-thread-1] INFO  util.JmxRegister (JmxRegister.java:tryRegister(44)) - Successfully registered JMX Bean with object name Ratis:service=RaftServer,group=group-B2A04D870F72,id=fa7e6ed1-247f-43d6-9abd-8e5119d5804b
2019-10-16 05:54:07,703 [Thread-367] INFO  impl.FollowerState (FollowerState.java:run(108)) - e8d6ebf1-6bcf-43aa-933b-e68e6e027da1@group-B2A04D870F72-FollowerState: change to CANDIDATE, lastRpcTime:18ms, electionTimeout:18ms
2019-10-16 05:54:07,703 [Thread-367] INFO  impl.RoleInfo (RoleInfo.java:shutdownFollowerState(121)) - e8d6ebf1-6bcf-43aa-933b-e68e6e027da1: shutdown FollowerState
2019-10-16 05:54:07,703 [Thread-367] INFO  impl.RaftServerImpl (RaftServerImpl.java:setRole(184)) - e8d6ebf1-6bcf-43aa-933b-e68e6e027da1@group-B2A04D870F72: changes role from  FOLLOWER to CANDIDATE at term 0 for changeToCandidate
2019-10-16 05:54:07,704 [Thread-367] INFO  impl.RoleInfo (RoleInfo.java:updateAndGet(143)) - e8d6ebf1-6bcf-43aa-933b-e68e6e027da1: start LeaderElection
2019-10-16 05:54:07,710 [Thread-365] INFO  impl.FollowerState (FollowerState.java:run(108)) - 28fad83d-bdd1-43c5-9066-2f84db181b78@group-6F198EFDD6FC-FollowerState: change to CANDIDATE, lastRpcTime:26ms, electionTimeout:26ms
2019-10-16 05:54:07,710 [Thread-365] INFO  impl.RoleInfo (RoleInfo.java:shutdownFollowerState(121)) - 28fad83d-bdd1-43c5-9066-2f84db181b78: shutdown FollowerState
2019-10-16 05:54:07,710 [Thread-365] INFO  impl.RaftServerImpl (RaftServerImpl.java:setRole(184)) - 28fad83d-bdd1-43c5-9066-2f84db181b78@group-6F198EFDD6FC: changes role from  FOLLOWER to CANDIDATE at term 2 for changeToCandidate
2019-10-16 05:54:07,710 [Thread-365] INFO  impl.RoleInfo (RoleInfo.java:updateAndGet(143)) - 28fad83d-bdd1-43c5-9066-2f84db181b78: start LeaderElection
2019-10-16 05:54:07,710 [RatisPipelineUtilsThread] INFO  pipeline.PipelineStateManager (PipelineStateManager.java:addPipeline(56)) - Created pipeline Pipeline[ Id: 59c0365d-14b2-4a2c-86d8-b2a04d870f72, Nodes: e8d6ebf1-6bcf-43aa-933b-e68e6e027da1{ip: 192.168.69.104, host: pr-hdds-2312-q6qzp-1535798719, networkLocation: /default-rack, certSerialId: null}fa7e6ed1-247f-43d6-9abd-8e5119d5804b{ip: 192.168.69.104, host: pr-hdds-2312-q6qzp-1535798719, networkLocation: /default-rack, certSerialId: null}77d0bf9b-6f4c-431e-a5f1-454f54e3e5de{ip: 192.168.69.104, host: pr-hdds-2312-q6qzp-1535798719, networkLocation: /default-rack, certSerialId: null}, Type:RATIS, Factor:THREE, State:OPEN]
2019-10-16 05:54:07,723 [28fad83d-bdd1-43c5-9066-2f84db181b78@group-6F198EFDD6FC-LeaderElection15] INFO  impl.LeaderElection (LeaderElection.java:askForVotes(178)) - 28fad83d-bdd1-43c5-9066-2f84db181b78@group-6F198EFDD6FC-LeaderElection15: begin an election at term 3 for -1: [7f194c44-d326-466e-a2f3-1afa0b12311e:192.168.69.104:41593, 28fad83d-bdd1-43c5-9066-2f84db181b78:192.168.69.104:43518, 9716ed81-e797-4622-8f9d-d0bad6b93ded:192.168.69.104:37182], old=null
2019-10-16 05:54:07,723 [e8d6ebf1-6bcf-43aa-933b-e68e6e027da1@group-B2A04D870F72-LeaderElection14] INFO  impl.LeaderElection (LeaderElection.java:askForVotes(178)) - e8d6ebf1-6bcf-43aa-933b-e68e6e027da1@group-B2A04D870F72-LeaderElection14: begin an election at term 1 for -1: [77d0bf9b-6f4c-431e-a5f1-454f54e3e5de:192.168.69.104:37359, fa7e6ed1-247f-43d6-9abd-8e5119d5804b:192.168.69.104:37305, e8d6ebf1-6bcf-43aa-933b-e68e6e027da1:192.168.69.104:46329], old=null
2019-10-16 05:54:07,731 [Thread-368] INFO  impl.FollowerState (FollowerState.java:run(108)) - fa7e6ed1-247f-43d6-9abd-8e5119d5804b@group-B2A04D870F72-FollowerState: change to CANDIDATE, lastRpcTime:44ms, electionTimeout:30ms
2019-10-16 05:54:07,731 [Thread-368] INFO  impl.RoleInfo (RoleInfo.java:shutdownFollowerState(121)) - fa7e6ed1-247f-43d6-9abd-8e5119d5804b: shutdown FollowerState
2019-10-16 05:54:07,731 [grpc-default-executor-1] INFO  impl.RaftServerProxy (RaftServerProxy.java:addNew(89)) - 9ecd346d-e4ad-4887-80b5-747eac63700e: addNew group-386E37E5741C:[68874196-04c8-425f-a7cc-e98956f4184b:192.168.69.104:44736, f673e017-6a23-4a4d-8684-47aa34924efd:192.168.69.104:34714, 9ecd346d-e4ad-4887-80b5-747eac63700e:192.168.69.104:38392] returns group-386E37E5741C:java.util.concurrent.CompletableFuture@4dbedbe0[Not completed]
2019-10-16 05:54:07,731 [Thread-368] INFO  impl.RaftServerImpl (RaftServerImpl.java:setRole(184)) - fa7e6ed1-247f-43d6-9abd-8e5119d5804b@group-B2A04D870F72: changes role from  FOLLOWER to CANDIDATE at term 0 for changeToCandidate
2019-10-16 05:54:07,731 [grpc-default-executor-3] INFO  impl.RaftServerProxy (RaftServerProxy.java:addNew(89)) - f673e017-6a23-4a4d-8684-47aa34924efd: addNew group-386E37E5741C:[68874196-04c8-425f-a7cc-e98956f4184b:192.168.69.104:44736, f673e017-6a23-4a4d-8684-47aa34924efd:192.168.69.104:34714, 9ecd346d-e4ad-4887-80b5-747eac63700e:192.168.69.104:38392] returns group-386E37E5741C:java.util.concurrent.CompletableFuture@5d7325a7[Not completed]
2019-10-16 05:54:07,731 [Thread-368] INFO  impl.RoleInfo (RoleInfo.java:updateAndGet(143)) - fa7e6ed1-247f-43d6-9abd-8e5119d5804b: start LeaderElection
2019-10-16 05:54:07,738 [pool-57-thread-1] INFO  impl.RaftServerImpl (RaftServerImpl.java:<init>(104)) - 9ecd346d-e4ad-4887-80b5-747eac63700e: new RaftServerImpl for group-386E37E5741C:[68874196-04c8-425f-a7cc-e98956f4184b:192.168.69.104:44736, f673e017-6a23-4a4d-8684-47aa34924efd:192.168.69.104:34714, 9ecd346d-e4ad-4887-80b5-747eac63700e:192.168.69.104:38392] with ContainerStateMachine:uninitialized
2019-10-16 05:54:07,738 [grpc-default-executor-5] INFO  impl.RaftServerImpl (RaftServerImpl.java:setRole(184)) - 9716ed81-e797-4622-8f9d-d0bad6b93ded@group-6F198EFDD6FC: changes role from  FOLLOWER to FOLLOWER at term 3 for recognizeCandidate:28fad83d-bdd1-43c5-9066-2f84db181b78
2019-10-16 05:54:07,738 [pool-57-thread-1] INFO  server.RaftServerConfigKeys (ConfUtils.java:logGet(43)) - raft.server.rpc.timeout.min = 5s (custom)
2019-10-16 05:54:07,740 [grpc-default-executor-5] INFO  impl.RoleInfo (RoleInfo.java:shutdownFollowerState(121)) - 9716ed81-e797-4622-8f9d-d0bad6b93ded: shutdown FollowerState
2019-10-16 05:54:07,741 [pool-57-thread-1] INFO  server.RaftServerConfigKeys (ConfUtils.java:logGet(43)) - raft.server.rpc.timeout.max = 5200ms (custom)
2019-10-16 05:54:07,741 [Thread-362] INFO  impl.FollowerState (FollowerState.java:run(117)) - 9716ed81-e797-4622-8f9d-d0bad6b93ded@group-6F198EFDD6FC-FollowerState was interrupted: java.lang.InterruptedException: sleep interrupted
2019-10-16 05:54:07,741 [grpc-default-executor-5] INFO  impl.RoleInfo (RoleInfo.java:updateAndGet(143)) - 9716ed81-e797-4622-8f9d-d0bad6b93ded: start FollowerState
2019-10-16 05:54:07,741 [pool-27-thread-1] INFO  impl.RaftServerImpl (RaftServerImpl.java:<init>(104)) - f673e017-6a23-4a4d-8684-47aa34924efd: new RaftServerImpl for group-386E37E5741C:[68874196-04c8-425f-a7cc-e98956f4184b:192.168.69.104:44736, f673e017-6a23-4a4d-8684-47aa34924efd:192.168.69.104:34714, 9ecd346d-e4ad-4887-80b5-747eac63700e:192.168.69.104:38392] with ContainerStateMachine:uninitialized
2019-10-16 05:54:07,741 [pool-57-thread-1] INFO  server.RaftServerConfigKeys (ConfUtils.java:logGet(43)) - raft.server.rpcslowness.timeout = 120s (custom)
2019-10-16 05:54:07,743 [pool-27-thread-1] INFO  server.RaftServerConfigKeys (ConfUtils.java:logGet(43)) - raft.server.rpc.timeout.min = 5s (custom)
2019-10-16 05:54:07,743 [pool-57-thread-1] INFO  server.RaftServerConfigKeys (ConfUtils.java:logGet(43)) - raft.server.sleep.deviation.threshold = 300 (default)
2019-10-16 05:54:07,743 [pool-27-thread-1] INFO  server.RaftServerConfigKeys (ConfUtils.java:logGet(43)) - raft.server.rpc.timeout.max = 5200ms (custom)
2019-10-16 05:54:07,743 [pool-57-thread-1] INFO  server.RaftServerConfigKeys (ConfUtils.java:logGet(43)) - raft.server.log.appender.install.snapshot.enabled = false (custom)
2019-10-16 05:54:07,743 [pool-27-thread-1] INFO  server.RaftServerConfigKeys (ConfUtils.java:logGet(43)) - raft.server.rpcslowness.timeout = 120s (custom)
2019-10-16 05:54:07,743 [pool-57-thread-1] INFO  impl.RaftServerImpl (ServerState.java:<init>(103)) - 9ecd346d-e4ad-4887-80b5-747eac63700e@group-386E37E5741C: ConfigurationManager, init=-1: [68874196-04c8-425f-a7cc-e98956f4184b:192.168.69.104:44736, f673e017-6a23-4a4d-8684-47aa34924efd:192.168.69.104:34714, 9ecd346d-e4ad-4887-80b5-747eac63700e:192.168.69.104:38392], old=null, confs=<EMPTY_MAP>
2019-10-16 05:54:07,743 [pool-27-thread-1] INFO  server.RaftServerConfigKeys (ConfUtils.java:logGet(43)) - raft.server.sleep.deviation.threshold = 300 (default)
2019-10-16 05:54:07,744 [pool-27-thread-1] INFO  server.RaftServerConfigKeys (ConfUtils.java:logGet(43)) - raft.server.log.appender.install.snapshot.enabled = false (custom)
2019-10-16 05:54:07,744 [pool-57-thread-1] INFO  server.RaftServerConfigKeys (ConfUtils.java:logGet(43)) - raft.server.storage.dir = [/workdir/hadoop-ozone/integration-test/target/test-dir/MiniOzoneClusterImpl-a7ed491f-9e2a-49d2-8991-52926c770a07/datanode-3/data/ratis] (custom)
2019-10-16 05:54:07,744 [grpc-default-executor-3] INFO  impl.RaftServerImpl (RaftServerImpl.java:setRole(184)) - 7f194c44-d326-466e-a2f3-1afa0b12311e@group-6F198EFDD6FC: changes role from  FOLLOWER to FOLLOWER at term 3 for recognizeCandidate:28fad83d-bdd1-43c5-9066-2f84db181b78
2019-10-16 05:54:07,744 [pool-27-thread-1] INFO  impl.RaftServerImpl (ServerState.java:<init>(103)) - f673e017-6a23-4a4d-8684-47aa34924efd@group-386E37E5741C: ConfigurationManager, init=-1: [68874196-04c8-425f-a7cc-e98956f4184b:192.168.69.104:44736, f673e017-6a23-4a4d-8684-47aa34924efd:192.168.69.104:34714, 9ecd346d-e4ad-4887-80b5-747eac63700e:192.168.69.104:38392], old=null, confs=<EMPTY_MAP>
2019-10-16 05:54:07,744 [grpc-default-executor-1] INFO  impl.RaftServerProxy (RaftServerProxy.java:addNew(89)) - 68874196-04c8-425f-a7cc-e98956f4184b: addNew group-386E37E5741C:[68874196-04c8-425f-a7cc-e98956f4184b:192.168.69.104:44736, f673e017-6a23-4a4d-8684-47aa34924efd:192.168.69.104:34714, 9ecd346d-e4ad-4887-80b5-747eac63700e:192.168.69.104:38392] returns group-386E37E5741C:java.util.concurrent.CompletableFuture@22ebc555[Not completed]
2019-10-16 05:54:07,744 [pool-27-thread-1] INFO  server.RaftServerConfigKeys (ConfUtils.java:logGet(43)) - raft.server.storage.dir = [/workdir/hadoop-ozone/integration-test/target/test-dir/MiniOzoneClusterImpl-a7ed491f-9e2a-49d2-8991-52926c770a07/datanode-0/data/ratis] (custom)
2019-10-16 05:54:07,744 [grpc-default-executor-3] INFO  impl.RoleInfo (RoleInfo.java:shutdownFollowerState(121)) - 7f194c44-d326-466e-a2f3-1afa0b12311e: shutdown FollowerState
2019-10-16 05:54:07,744 [pool-27-thread-1] INFO  server.RaftServerConfigKeys (ConfUtils.java:logGet(43)) - raft.server.log.corruption.policy = EXCEPTION (default)
2019-10-16 05:54:07,744 [Thread-363] INFO  impl.FollowerState (FollowerState.java:run(117)) - 7f194c44-d326-466e-a2f3-1afa0b12311e@group-6F198EFDD6FC-FollowerState was interrupted: java.lang.InterruptedException: sleep interrupted
2019-10-16 05:54:07,744 [pool-27-thread-1] INFO  storage.RaftStorageDirectory (RaftStorageDirectory.java:analyzeStorage(246)) - The storage directory /workdir/hadoop-ozone/integration-test/target/test-dir/MiniOzoneClusterImpl-a7ed491f-9e2a-49d2-8991-52926c770a07/datanode-0/data/ratis/6a5bc522-6b24-479b-bdc6-386e37e5741c does not exist. Creating ...
2019-10-16 05:54:07,744 [pool-57-thread-1] INFO  server.RaftServerConfigKeys (ConfUtils.java:logGet(43)) - raft.server.log.corruption.policy = EXCEPTION (default)
2019-10-16 05:54:07,747 [Thread-366] INFO  impl.FollowerState (FollowerState.java:run(108)) - 77d0bf9b-6f4c-431e-a5f1-454f54e3e5de@group-B2A04D870F72-FollowerState: change to CANDIDATE, lastRpcTime:64ms, electionTimeout:63ms
2019-10-16 05:54:07,744 [grpc-default-executor-3] INFO  impl.RoleInfo (RoleInfo.java:updateAndGet(143)) - 7f194c44-d326-466e-a2f3-1afa0b12311e: start FollowerState
2019-10-16 05:54:07,747 [Thread-366] INFO  impl.RoleInfo (RoleInfo.java:shutdownFollowerState(121)) - 77d0bf9b-6f4c-431e-a5f1-454f54e3e5de: shutdown FollowerState
2019-10-16 05:54:07,747 [pool-57-thread-1] INFO  storage.RaftStorageDirectory (RaftStorageDirectory.java:analyzeStorage(246)) - The storage directory /workdir/hadoop-ozone/integration-test/target/test-dir/MiniOzoneClusterImpl-a7ed491f-9e2a-49d2-8991-52926c770a07/datanode-3/data/ratis/6a5bc522-6b24-479b-bdc6-386e37e5741c does not exist. Creating ...
2019-10-16 05:54:07,747 [Thread-366] INFO  impl.RaftServerImpl (RaftServerImpl.java:setRole(184)) - 77d0bf9b-6f4c-431e-a5f1-454f54e3e5de@group-B2A04D870F72: changes role from  FOLLOWER to CANDIDATE at term 0 for changeToCandidate
2019-10-16 05:54:07,748 [pool-97-thread-1] INFO  impl.RaftServerImpl (RaftServerImpl.java:<init>(104)) - 68874196-04c8-425f-a7cc-e98956f4184b: new RaftServerImpl for group-386E37E5741C:[68874196-04c8-425f-a7cc-e98956f4184b:192.168.69.104:44736, f673e017-6a23-4a4d-8684-47aa34924efd:192.168.69.104:34714, 9ecd346d-e4ad-4887-80b5-747eac63700e:192.168.69.104:38392] with ContainerStateMachine:uninitialized
2019-10-16 05:54:07,748 [Thread-366] INFO  impl.RoleInfo (RoleInfo.java:updateAndGet(143)) - 77d0bf9b-6f4c-431e-a5f1-454f54e3e5de: start LeaderElection
2019-10-16 05:54:07,748 [pool-97-thread-1] INFO  server.RaftServerConfigKeys (ConfUtils.java:logGet(43)) - raft.server.rpc.timeout.min = 5s (custom)
2019-10-16 05:54:07,748 [pool-97-thread-1] INFO  server.RaftServerConfigKeys (ConfUtils.java:logGet(43)) - raft.server.rpc.timeout.max = 5200ms (custom)
2019-10-16 05:54:07,752 [pool-97-thread-1] INFO  server.RaftServerConfigKeys (ConfUtils.java:logGet(43)) - raft.server.rpcslowness.timeout = 120s (custom)
2019-10-16 05:54:07,753 [pool-97-thread-1] INFO  server.RaftServerConfigKeys (ConfUtils.java:logGet(43)) - raft.server.sleep.deviation.threshold = 300 (default)
2019-10-16 05:54:07,753 [pool-97-thread-1] INFO  server.RaftServerConfigKeys (ConfUtils.java:logGet(43)) - raft.server.log.appender.install.snapshot.enabled = false (custom)
2019-10-16 05:54:07,754 [pool-97-thread-1] INFO  impl.RaftServerImpl (ServerState.java:<init>(103)) - 68874196-04c8-425f-a7cc-e98956f4184b@group-386E37E5741C: ConfigurationManager, init=-1: [68874196-04c8-425f-a7cc-e98956f4184b:192.168.69.104:44736, f673e017-6a23-4a4d-8684-47aa34924efd:192.168.69.104:34714, 9ecd346d-e4ad-4887-80b5-747eac63700e:192.168.69.104:38392], old=null, confs=<EMPTY_MAP>
2019-10-16 05:54:07,754 [pool-97-thread-1] INFO  server.RaftServerConfigKeys (ConfUtils.java:logGet(43)) - raft.server.storage.dir = [/workdir/hadoop-ozone/integration-test/target/test-dir/MiniOzoneClusterImpl-a7ed491f-9e2a-49d2-8991-52926c770a07/datanode-7/data/ratis] (custom)
2019-10-16 05:54:07,755 [pool-97-thread-1] INFO  server.RaftServerConfigKeys (ConfUtils.java:logGet(43)) - raft.server.log.corruption.policy = EXCEPTION (default)
2019-10-16 05:54:07,755 [pool-97-thread-1] INFO  storage.RaftStorageDirectory (RaftStorageDirectory.java:analyzeStorage(246)) - The storage directory /workdir/hadoop-ozone/integration-test/target/test-dir/MiniOzoneClusterImpl-a7ed491f-9e2a-49d2-8991-52926c770a07/datanode-7/data/ratis/6a5bc522-6b24-479b-bdc6-386e37e5741c does not exist. Creating ...
2019-10-16 05:54:07,758 [fa7e6ed1-247f-43d6-9abd-8e5119d5804b@group-B2A04D870F72-LeaderElection16] INFO  impl.LeaderElection (LeaderElection.java:askForVotes(178)) - fa7e6ed1-247f-43d6-9abd-8e5119d5804b@group-B2A04D870F72-LeaderElection16: begin an election at term 1 for -1: [77d0bf9b-6f4c-431e-a5f1-454f54e3e5de:192.168.69.104:37359, fa7e6ed1-247f-43d6-9abd-8e5119d5804b:192.168.69.104:37305, e8d6ebf1-6bcf-43aa-933b-e68e6e027da1:192.168.69.104:46329], old=null
2019-10-16 05:54:07,769 [pool-27-thread-1] INFO  storage.RaftStorageDirectory (RaftStorageDirectory.java:tryLock(328)) - Lock on /workdir/hadoop-ozone/integration-test/target/test-dir/MiniOzoneClusterImpl-a7ed491f-9e2a-49d2-8991-52926c770a07/datanode-0/data/ratis/6a5bc522-6b24-479b-bdc6-386e37e5741c/in_use.lock acquired by nodename 13521@pr-hdds-2312-q6qzp-1535798719
2019-10-16 05:54:07,769 [pool-97-thread-1] INFO  storage.RaftStorageDirectory (RaftStorageDirectory.java:tryLock(328)) - Lock on /workdir/hadoop-ozone/integration-test/target/test-dir/MiniOzoneClusterImpl-a7ed491f-9e2a-49d2-8991-52926c770a07/datanode-7/data/ratis/6a5bc522-6b24-479b-bdc6-386e37e5741c/in_use.lock acquired by nodename 13521@pr-hdds-2312-q6qzp-1535798719
2019-10-16 05:54:07,769 [77d0bf9b-6f4c-431e-a5f1-454f54e3e5de@group-B2A04D870F72-LeaderElection17] INFO  impl.LeaderElection (LeaderElection.java:askForVotes(178)) - 77d0bf9b-6f4c-431e-a5f1-454f54e3e5de@group-B2A04D870F72-LeaderElection17: begin an election at term 1 for -1: [77d0bf9b-6f4c-431e-a5f1-454f54e3e5de:192.168.69.104:37359, fa7e6ed1-247f-43d6-9abd-8e5119d5804b:192.168.69.104:37305, e8d6ebf1-6bcf-43aa-933b-e68e6e027da1:192.168.69.104:46329], old=null
2019-10-16 05:54:07,769 [pool-57-thread-1] INFO  storage.RaftStorageDirectory (RaftStorageDirectory.java:tryLock(328)) - Lock on /workdir/hadoop-ozone/integration-test/target/test-dir/MiniOzoneClusterImpl-a7ed491f-9e2a-49d2-8991-52926c770a07/datanode-3/data/ratis/6a5bc522-6b24-479b-bdc6-386e37e5741c/in_use.lock acquired by nodename 13521@pr-hdds-2312-q6qzp-1535798719
2019-10-16 05:54:07,777 [28fad83d-bdd1-43c5-9066-2f84db181b78@group-6F198EFDD6FC-LeaderElection15] INFO  impl.LeaderElection (LeaderElection.java:logAndReturn(56)) - 28fad83d-bdd1-43c5-9066-2f84db181b78@group-6F198EFDD6FC-LeaderElection15: Election PASSED; received 1 response(s) [28fad83d-bdd1-43c5-9066-2f84db181b78<-7f194c44-d326-466e-a2f3-1afa0b12311e#0:OK-t3] and 0 exception(s); 28fad83d-bdd1-43c5-9066-2f84db181b78@group-6F198EFDD6FC:t3, leader=null, voted=28fad83d-bdd1-43c5-9066-2f84db181b78, raftlog=28fad83d-bdd1-43c5-9066-2f84db181b78@group-6F198EFDD6FC-SegmentedRaftLog:OPENED:c-1,f-1,i0, conf=-1: [7f194c44-d326-466e-a2f3-1afa0b12311e:192.168.69.104:41593, 28fad83d-bdd1-43c5-9066-2f84db181b78:192.168.69.104:43518, 9716ed81-e797-4622-8f9d-d0bad6b93ded:192.168.69.104:37182], old=null
2019-10-16 05:54:07,782 [28fad83d-bdd1-43c5-9066-2f84db181b78@group-6F198EFDD6FC-LeaderElection15] INFO  impl.RoleInfo (RoleInfo.java:shutdownLeaderElection(134)) - 28fad83d-bdd1-43c5-9066-2f84db181b78: shutdown LeaderElection
2019-10-16 05:54:07,784 [28fad83d-bdd1-43c5-9066-2f84db181b78@group-6F198EFDD6FC-LeaderElection15] INFO  impl.RaftServerImpl (RaftServerImpl.java:setRole(184)) - 28fad83d-bdd1-43c5-9066-2f84db181b78@group-6F198EFDD6FC: changes role from CANDIDATE to LEADER at term 3 for changeToLeader
2019-10-16 05:54:07,784 [28fad83d-bdd1-43c5-9066-2f84db181b78@group-6F198EFDD6FC-LeaderElection15] INFO  impl.RaftServerImpl (ServerState.java:setLeader(256)) - 28fad83d-bdd1-43c5-9066-2f84db181b78@group-6F198EFDD6FC: change Leader from null to 28fad83d-bdd1-43c5-9066-2f84db181b78 at term 3 for becomeLeader, leader elected after 364ms
2019-10-16 05:54:07,785 [e8d6ebf1-6bcf-43aa-933b-e68e6e027da1@group-B2A04D870F72-LeaderElection14] INFO  impl.LeaderElection (LeaderElection.java:logAndReturn(56)) - e8d6ebf1-6bcf-43aa-933b-e68e6e027da1@group-B2A04D870F72-LeaderElection14: Election REJECTED; received 2 response(s) [e8d6ebf1-6bcf-43aa-933b-e68e6e027da1<-77d0bf9b-6f4c-431e-a5f1-454f54e3e5de#0:FAIL-t1, e8d6ebf1-6bcf-43aa-933b-e68e6e027da1<-fa7e6ed1-247f-43d6-9abd-8e5119d5804b#0:FAIL-t1] and 0 exception(s); e8d6ebf1-6bcf-43aa-933b-e68e6e027da1@group-B2A04D870F72:t1, leader=null, voted=e8d6ebf1-6bcf-43aa-933b-e68e6e027da1, raftlog=e8d6ebf1-6bcf-43aa-933b-e68e6e027da1@group-B2A04D870F72-SegmentedRaftLog:OPENED:c-1,f-1,i0, conf=-1: [77d0bf9b-6f4c-431e-a5f1-454f54e3e5de:192.168.69.104:37359, fa7e6ed1-247f-43d6-9abd-8e5119d5804b:192.168.69.104:37305, e8d6ebf1-6bcf-43aa-933b-e68e6e027da1:192.168.69.104:46329], old=null
2019-10-16 05:54:07,785 [28fad83d-bdd1-43c5-9066-2f84db181b78@group-6F198EFDD6FC-LeaderElection15] INFO  server.RaftServerConfigKeys (ConfUtils.java:logGet(43)) - raft.server.staging.catchup.gap = 1000 (default)
2019-10-16 05:54:07,787 [e8d6ebf1-6bcf-43aa-933b-e68e6e027da1@group-B2A04D870F72-LeaderElection14] INFO  impl.RaftServerImpl (RaftServerImpl.java:setRole(184)) - e8d6ebf1-6bcf-43aa-933b-e68e6e027da1@group-B2A04D870F72: changes role from CANDIDATE to FOLLOWER at term 1 for DISCOVERED_A_NEW_TERM
2019-10-16 05:54:07,790 [28fad83d-bdd1-43c5-9066-2f84db181b78@group-6F198EFDD6FC-LeaderElection15] INFO  server.RaftServerConfigKeys (ConfUtils.java:logGet(43)) - raft.server.rpc.sleep.time = 25ms (default)
2019-10-16 05:54:07,789 [pool-97-thread-1] INFO  storage.RaftStorage (RaftStorage.java:format(84)) - Storage directory /workdir/hadoop-ozone/integration-test/target/test-dir/MiniOzoneClusterImpl-a7ed491f-9e2a-49d2-8991-52926c770a07/datanode-7/data/ratis/6a5bc522-6b24-479b-bdc6-386e37e5741c has been successfully formatted.
2019-10-16 05:54:07,789 [pool-57-thread-1] INFO  storage.RaftStorage (RaftStorage.java:format(84)) - Storage directory /workdir/hadoop-ozone/integration-test/target/test-dir/MiniOzoneClusterImpl-a7ed491f-9e2a-49d2-8991-52926c770a07/datanode-3/data/ratis/6a5bc522-6b24-479b-bdc6-386e37e5741c has been successfully formatted.
2019-10-16 05:54:07,789 [pool-27-thread-1] INFO  storage.RaftStorage (RaftStorage.java:format(84)) - Storage directory /workdir/hadoop-ozone/integration-test/target/test-dir/MiniOzoneClusterImpl-a7ed491f-9e2a-49d2-8991-52926c770a07/datanode-0/data/ratis/6a5bc522-6b24-479b-bdc6-386e37e5741c has been successfully formatted.
2019-10-16 05:54:07,793 [28fad83d-bdd1-43c5-9066-2f84db181b78@group-6F198EFDD6FC-LeaderElection15] INFO  server.RaftServerConfigKeys (ConfUtils.java:logGet(43)) - raft.server.write.element-limit = 4096 (default)
2019-10-16 05:54:07,795 [pool-27-thread-1] INFO  ratis.ContainerStateMachine (ContainerStateMachine.java:loadSnapshot(231)) - group-386E37E5741C: The snapshot info is null. Setting the last applied indexto:(t:0, i:~)
2019-10-16 05:54:07,791 [e8d6ebf1-6bcf-43aa-933b-e68e6e027da1@group-B2A04D870F72-LeaderElection14] INFO  impl.RoleInfo (RoleInfo.java:shutdownLeaderElection(134)) - e8d6ebf1-6bcf-43aa-933b-e68e6e027da1: shutdown LeaderElection
2019-10-16 05:54:07,795 [pool-27-thread-1] INFO  server.RaftServerConfigKeys (ConfUtils.java:logGet(43)) - raft.server.notification.no-leader.timeout = 120s (custom)
2019-10-16 05:54:07,795 [28fad83d-bdd1-43c5-9066-2f84db181b78@group-6F198EFDD6FC-LeaderElection15] INFO  server.RaftServerConfigKeys (ConfUtils.java:logGet(43)) - raft.server.watch.timeout = 10s (default)
2019-10-16 05:54:07,795 [pool-57-thread-1] INFO  ratis.ContainerStateMachine (ContainerStateMachine.java:loadSnapshot(231)) - group-386E37E5741C: The snapshot info is null. Setting the last applied indexto:(t:0, i:~)
2019-10-16 05:54:07,796 [28fad83d-bdd1-43c5-9066-2f84db181b78@group-6F198EFDD6FC-LeaderElection15] INFO  server.RaftServerConfigKeys (ConfUtils.java:logGet(43)) - raft.server.watch.timeout.denomination = 1s (default)
2019-10-16 05:54:07,796 [pool-27-thread-1] INFO  server.RaftServerConfigKeys (ConfUtils.java:logGet(43)) - raft.server.log.use.memory = false (default)
2019-10-16 05:54:07,795 [e8d6ebf1-6bcf-43aa-933b-e68e6e027da1@group-B2A04D870F72-LeaderElection14] INFO  impl.RoleInfo (RoleInfo.java:updateAndGet(143)) - e8d6ebf1-6bcf-43aa-933b-e68e6e027da1: start FollowerState
2019-10-16 05:54:07,796 [pool-27-thread-1] INFO  server.RaftServerConfigKeys (ConfUtils.java:logGet(43)) - raft.server.log.purge.gap = 1000000 (custom)
2019-10-16 05:54:07,796 [28fad83d-bdd1-43c5-9066-2f84db181b78@group-6F198EFDD6FC-LeaderElection15] INFO  server.RaftServerConfigKeys (ConfUtils.java:logGet(43)) - raft.server.watch.element-limit = 65536 (default)
2019-10-16 05:54:07,796 [pool-57-thread-1] INFO  server.RaftServerConfigKeys (ConfUtils.java:logGet(43)) - raft.server.notification.no-leader.timeout = 120s (custom)
2019-10-16 05:54:08,072 [pool-97-thread-1] INFO  ratis.ContainerStateMachine (ContainerStateMachine.java:loadSnapshot(231)) - group-386E37E5741C: The snapshot info is null. Setting the last applied indexto:(t:0, i:~)
2019-10-16 05:54:08,071 [fa7e6ed1-247f-43d6-9abd-8e5119d5804b@group-B2A04D870F72-LeaderElection16] INFO  impl.LeaderElection (LeaderElection.java:logAndReturn(56)) - fa7e6ed1-247f-43d6-9abd-8e5119d5804b@group-B2A04D870F72-LeaderElection16: Election TIMEOUT; received 1 response(s) [fa7e6ed1-247f-43d6-9abd-8e5119d5804b<-77d0bf9b-6f4c-431e-a5f1-454f54e3e5de#0:FAIL-t1] and 0 exception(s); fa7e6ed1-247f-43d6-9abd-8e5119d5804b@group-B2A04D870F72:t1, leader=null, voted=fa7e6ed1-247f-43d6-9abd-8e5119d5804b, raftlog=fa7e6ed1-247f-43d6-9abd-8e5119d5804b@group-B2A04D870F72-SegmentedRaftLog:OPENED:c-1,f-1,i0, conf=-1: [77d0bf9b-6f4c-431e-a5f1-454f54e3e5de:192.168.69.104:37359, fa7e6ed1-247f-43d6-9abd-8e5119d5804b:192.168.69.104:37305, e8d6ebf1-6bcf-43aa-933b-e68e6e027da1:192.168.69.104:46329], old=null
2019-10-16 05:54:08,071 [77d0bf9b-6f4c-431e-a5f1-454f54e3e5de@group-B2A04D870F72-LeaderElection17] INFO  impl.LeaderElection (LeaderElection.java:logAndReturn(56)) - 77d0bf9b-6f4c-431e-a5f1-454f54e3e5de@group-B2A04D870F72-LeaderElection17: Election TIMEOUT; received 0 response(s) [] and 0 exception(s); 77d0bf9b-6f4c-431e-a5f1-454f54e3e5de@group-B2A04D870F72:t1, leader=null, voted=77d0bf9b-6f4c-431e-a5f1-454f54e3e5de, raftlog=77d0bf9b-6f4c-431e-a5f1-454f54e3e5de@group-B2A04D870F72-SegmentedRaftLog:OPENED:c-1,f-1,i0, conf=-1: [77d0bf9b-6f4c-431e-a5f1-454f54e3e5de:192.168.69.104:37359, fa7e6ed1-247f-43d6-9abd-8e5119d5804b:192.168.69.104:37305, e8d6ebf1-6bcf-43aa-933b-e68e6e027da1:192.168.69.104:46329], old=null
2019-10-16 05:54:08,071 [Thread-380] INFO  impl.FollowerState (FollowerState.java:run(108)) - 7f194c44-d326-466e-a2f3-1afa0b12311e@group-6F198EFDD6FC-FollowerState: change to CANDIDATE, lastRpcTime:326ms, electionTimeout:91ms
2019-10-16 05:54:08,071 [Thread-387] INFO  impl.FollowerState (FollowerState.java:run(108)) - e8d6ebf1-6bcf-43aa-933b-e68e6e027da1@group-B2A04D870F72-FollowerState: change to CANDIDATE, lastRpcTime:275ms, electionTimeout:72ms
2019-10-16 05:54:08,070 [Thread-379] INFO  impl.FollowerState (FollowerState.java:run(108)) - 9716ed81-e797-4622-8f9d-d0bad6b93ded@group-6F198EFDD6FC-FollowerState: change to CANDIDATE, lastRpcTime:329ms, electionTimeout:182ms
2019-10-16 05:54:08,087 [Thread-379] INFO  impl.RoleInfo (RoleInfo.java:shutdownFollowerState(121)) - 9716ed81-e797-4622-8f9d-d0bad6b93ded: shutdown FollowerState
2019-10-16 05:54:07,796 [pool-27-thread-1] INFO  server.RaftServerConfigKeys (ConfUtils.java:logGet(43)) - raft.server.log.appender.buffer.byte-limit = 33554432 (custom)
2019-10-16 05:54:08,091 [Thread-379] INFO  impl.RaftServerImpl (RaftServerImpl.java:setRole(184)) - 9716ed81-e797-4622-8f9d-d0bad6b93ded@group-6F198EFDD6FC: changes role from  FOLLOWER to CANDIDATE at term 3 for changeToCandidate
2019-10-16 05:54:08,087 [Thread-387] INFO  impl.RoleInfo (RoleInfo.java:shutdownFollowerState(121)) - e8d6ebf1-6bcf-43aa-933b-e68e6e027da1: shutdown FollowerState
2019-10-16 05:54:08,087 [Thread-380] INFO  impl.RoleInfo (RoleInfo.java:shutdownFollowerState(121)) - 7f194c44-d326-466e-a2f3-1afa0b12311e: shutdown FollowerState
2019-10-16 05:54:08,081 [pool-97-thread-1] INFO  server.RaftServerConfigKeys (ConfUtils.java:logGet(43)) - raft.server.notification.no-leader.timeout = 120s (custom)
2019-10-16 05:54:08,081 [pool-57-thread-1] INFO  server.RaftServerConfigKeys (ConfUtils.java:logGet(43)) - raft.server.log.use.memory = false (default)
2019-10-16 05:54:08,092 [pool-97-thread-1] INFO  server.RaftServerConfigKeys (ConfUtils.java:logGet(43)) - raft.server.log.use.memory = false (default)
2019-10-16 05:54:08,092 [Thread-380] INFO  impl.RaftServerImpl (RaftServerImpl.java:setRole(184)) - 7f194c44-d326-466e-a2f3-1afa0b12311e@group-6F198EFDD6FC: changes role from  FOLLOWER to CANDIDATE at term 3 for changeToCandidate
2019-10-16 05:54:08,091 [Thread-387] INFO  impl.RaftServerImpl (RaftServerImpl.java:setRole(184)) - e8d6ebf1-6bcf-43aa-933b-e68e6e027da1@group-B2A04D870F72: changes role from  FOLLOWER to CANDIDATE at term 1 for changeToCandidate
2019-10-16 05:54:08,091 [Thread-379] INFO  impl.RoleInfo (RoleInfo.java:updateAndGet(143)) - 9716ed81-e797-4622-8f9d-d0bad6b93ded: start LeaderElection
2019-10-16 05:54:08,091 [pool-27-thread-1] INFO  server.RaftServerConfigKeys (ConfUtils.java:logGet(43)) - raft.server.log.segment.size.max = 1048576 (custom)
2019-10-16 05:54:08,096 [Thread-387] INFO  impl.RoleInfo (RoleInfo.java:updateAndGet(143)) - e8d6ebf1-6bcf-43aa-933b-e68e6e027da1: start LeaderElection
2019-10-16 05:54:08,112 [77d0bf9b-6f4c-431e-a5f1-454f54e3e5de@group-B2A04D870F72-LeaderElection17] INFO  impl.LeaderElection (LeaderElection.java:askForVotes(178)) - 77d0bf9b-6f4c-431e-a5f1-454f54e3e5de@group-B2A04D870F72-LeaderElection17: begin an election at term 2 for -1: [77d0bf9b-6f4c-431e-a5f1-454f54e3e5de:192.168.69.104:37359, fa7e6ed1-247f-43d6-9abd-8e5119d5804b:192.168.69.104:37305, e8d6ebf1-6bcf-43aa-933b-e68e6e027da1:192.168.69.104:46329], old=null
2019-10-16 05:54:08,096 [Thread-380] INFO  impl.RoleInfo (RoleInfo.java:updateAndGet(143)) - 7f194c44-d326-466e-a2f3-1afa0b12311e: start LeaderElection
2019-10-16 05:54:08,094 [pool-97-thread-1] INFO  server.RaftServerConfigKeys (ConfUtils.java:logGet(43)) - raft.server.log.purge.gap = 1000000 (custom)
2019-10-16 05:54:08,092 [pool-57-thread-1] INFO  server.RaftServerConfigKeys (ConfUtils.java:logGet(43)) - raft.server.log.purge.gap = 1000000 (custom)
2019-10-16 05:54:08,113 [pool-97-thread-1] INFO  server.RaftServerConfigKeys (ConfUtils.java:logGet(43)) - raft.server.log.appender.buffer.byte-limit = 33554432 (custom)
2019-10-16 05:54:08,112 [pool-27-thread-1] INFO  server.RaftServerConfigKeys (ConfUtils.java:logGet(43)) - raft.server.log.segment.cache.num.max = 2 (custom)
2019-10-16 05:54:08,112 [fa7e6ed1-247f-43d6-9abd-8e5119d5804b@group-B2A04D870F72-LeaderElection16] INFO  impl.LeaderElection (LeaderElection.java:askForVotes(178)) - fa7e6ed1-247f-43d6-9abd-8e5119d5804b@group-B2A04D870F72-LeaderElection16: begin an election at term 2 for -1: [77d0bf9b-6f4c-431e-a5f1-454f54e3e5de:192.168.69.104:37359, fa7e6ed1-247f-43d6-9abd-8e5119d5804b:192.168.69.104:37305, e8d6ebf1-6bcf-43aa-933b-e68e6e027da1:192.168.69.104:46329], old=null
2019-10-16 05:54:08,115 [pool-27-thread-1] INFO  segmented.SegmentedRaftLogWorker (SegmentedRaftLogWorker.java:<init>(173)) - new f673e017-6a23-4a4d-8684-47aa34924efd@group-386E37E5741C-SegmentedRaftLogWorker for RaftStorage:Storage Directory /workdir/hadoop-ozone/integration-test/target/test-dir/MiniOzoneClusterImpl-a7ed491f-9e2a-49d2-8991-52926c770a07/datanode-0/data/ratis/6a5bc522-6b24-479b-bdc6-386e37e5741c
2019-10-16 05:54:08,115 [pool-97-thread-1] INFO  server.RaftServerConfigKeys (ConfUtils.java:logGet(43)) - raft.server.log.segment.size.max = 1048576 (custom)
2019-10-16 05:54:08,115 [pool-57-thread-1] INFO  server.RaftServerConfigKeys (ConfUtils.java:logGet(43)) - raft.server.log.appender.buffer.byte-limit = 33554432 (custom)
2019-10-16 05:54:08,116 [pool-97-thread-1] INFO  server.RaftServerConfigKeys (ConfUtils.java:logGet(43)) - raft.server.log.segment.cache.num.max = 2 (custom)
2019-10-16 05:54:08,116 [pool-27-thread-1] INFO  server.RaftServerConfigKeys (ConfUtils.java:logGet(43)) - raft.server.log.queue.byte-limit = 2147483647 (custom)
2019-10-16 05:54:08,116 [pool-97-thread-1] INFO  segmented.SegmentedRaftLogWorker (SegmentedRaftLogWorker.java:<init>(173)) - new 68874196-04c8-425f-a7cc-e98956f4184b@group-386E37E5741C-SegmentedRaftLogWorker for RaftStorage:Storage Directory /workdir/hadoop-ozone/integration-test/target/test-dir/MiniOzoneClusterImpl-a7ed491f-9e2a-49d2-8991-52926c770a07/datanode-7/data/ratis/6a5bc522-6b24-479b-bdc6-386e37e5741c
2019-10-16 05:54:08,116 [pool-57-thread-1] INFO  server.RaftServerConfigKeys (ConfUtils.java:logGet(43)) - raft.server.log.segment.size.max = 1048576 (custom)
2019-10-16 05:54:08,117 [pool-97-thread-1] INFO  server.RaftServerConfigKeys (ConfUtils.java:logGet(43)) - raft.server.log.queue.byte-limit = 2147483647 (custom)
2019-10-16 05:54:08,117 [pool-27-thread-1] INFO  server.RaftServerConfigKeys (ConfUtils.java:logGet(43)) - raft.server.log.queue.element-limit = 1024 (custom)
2019-10-16 05:54:08,117 [pool-97-thread-1] INFO  server.RaftServerConfigKeys (ConfUtils.java:logGet(43)) - raft.server.log.queue.element-limit = 1024 (custom)
2019-10-16 05:54:08,117 [pool-57-thread-1] INFO  server.RaftServerConfigKeys (ConfUtils.java:logGet(43)) - raft.server.log.segment.cache.num.max = 2 (custom)
2019-10-16 05:54:08,117 [pool-97-thread-1] INFO  server.RaftServerConfigKeys (ConfUtils.java:logGet(43)) - raft.server.log.segment.size.max = 1048576 (custom)
2019-10-16 05:54:08,117 [pool-27-thread-1] INFO  server.RaftServerConfigKeys (ConfUtils.java:logGet(43)) - raft.server.log.segment.size.max = 1048576 (custom)
2019-10-16 05:54:08,118 [pool-97-thread-1] INFO  server.RaftServerConfigKeys (ConfUtils.java:logGet(43)) - raft.server.log.preallocated.size = 16384 (custom)
2019-10-16 05:54:08,117 [pool-57-thread-1] INFO  segmented.SegmentedRaftLogWorker (SegmentedRaftLogWorker.java:<init>(173)) - new 9ecd346d-e4ad-4887-80b5-747eac63700e@group-386E37E5741C-SegmentedRaftLogWorker for RaftStorage:Storage Directory /workdir/hadoop-ozone/integration-test/target/test-dir/MiniOzoneClusterImpl-a7ed491f-9e2a-49d2-8991-52926c770a07/datanode-3/data/ratis/6a5bc522-6b24-479b-bdc6-386e37e5741c
2019-10-16 05:54:08,117 [Thread-283] INFO  container.ReplicationManager (ReplicationManager.java:start(162)) - Starting Replication Monitor Thread.
2019-10-16 05:54:08,118 [pool-57-thread-1] INFO  server.RaftServerConfigKeys (ConfUtils.java:logGet(43)) - raft.server.log.queue.byte-limit = 2147483647 (custom)
2019-10-16 05:54:08,118 [pool-97-thread-1] INFO  server.RaftServerConfigKeys (ConfUtils.java:logGet(43)) - raft.server.log.write.buffer.size = 33554432 (custom)
2019-10-16 05:54:08,118 [pool-27-thread-1] INFO  server.RaftServerConfigKeys (ConfUtils.java:logGet(43)) - raft.server.log.preallocated.size = 16384 (custom)
2019-10-16 05:54:08,121 [pool-97-thread-1] INFO  server.RaftServerConfigKeys (ConfUtils.java:logGet(43)) - raft.server.log.force.sync.num = 128 (default)
2019-10-16 05:54:08,118 [pool-57-thread-1] INFO  server.RaftServerConfigKeys (ConfUtils.java:logGet(43)) - raft.server.log.queue.element-limit = 1024 (custom)
2019-10-16 05:54:08,121 [pool-97-thread-1] INFO  server.RaftServerConfigKeys (ConfUtils.java:logGet(43)) - raft.server.log.statemachine.data.sync = true (default)
2019-10-16 05:54:08,123 [pool-57-thread-1] INFO  server.RaftServerConfigKeys (ConfUtils.java:logGet(43)) - raft.server.log.segment.size.max = 1048576 (custom)
2019-10-16 05:54:08,121 [pool-27-thread-1] INFO  server.RaftServerConfigKeys (ConfUtils.java:logGet(43)) - raft.server.log.write.buffer.size = 33554432 (custom)
2019-10-16 05:54:08,124 [pool-57-thread-1] INFO  server.RaftServerConfigKeys (ConfUtils.java:logGet(43)) - raft.server.log.preallocated.size = 16384 (custom)
2019-10-16 05:54:08,123 [pool-97-thread-1] INFO  server.RaftServerConfigKeys (ConfUtils.java:logGet(43)) - raft.server.log.statemachine.data.sync.timeout = 10s (default)
2019-10-16 05:54:08,124 [pool-57-thread-1] INFO  server.RaftServerConfigKeys (ConfUtils.java:logGet(43)) - raft.server.log.write.buffer.size = 33554432 (custom)
2019-10-16 05:54:08,124 [pool-27-thread-1] INFO  server.RaftServerConfigKeys (ConfUtils.java:logGet(43)) - raft.server.log.force.sync.num = 128 (default)
2019-10-16 05:54:08,124 [pool-57-thread-1] INFO  server.RaftServerConfigKeys (ConfUtils.java:logGet(43)) - raft.server.log.force.sync.num = 128 (default)
2019-10-16 05:54:08,124 [pool-97-thread-1] INFO  server.RaftServerConfigKeys (ConfUtils.java:logGet(43)) - raft.server.log.statemachine.data.sync.timeout.retry = -1 (default)
2019-10-16 05:54:08,125 [pool-57-thread-1] INFO  server.RaftServerConfigKeys (ConfUtils.java:logGet(43)) - raft.server.log.statemachine.data.sync = true (default)
2019-10-16 05:54:08,125 [pool-97-thread-1] INFO  server.RaftServerConfigKeys (ConfUtils.java:logGet(43)) - raft.server.log.statemachine.data.caching.enabled = true (custom)
2019-10-16 05:54:08,124 [pool-27-thread-1] INFO  server.RaftServerConfigKeys (ConfUtils.java:logGet(43)) - raft.server.log.statemachine.data.sync = true (default)
2019-10-16 05:54:08,124 [ReplicationMonitor] INFO  container.ReplicationManager (ReplicationManager.java:run(225)) - Replication Monitor Thread took 1 milliseconds for processing 0 containers.
2019-10-16 05:54:08,125 [pool-27-thread-1] INFO  server.RaftServerConfigKeys (ConfUtils.java:logGet(43)) - raft.server.log.statemachine.data.sync.timeout = 10s (default)
2019-10-16 05:54:08,125 [pool-57-thread-1] INFO  server.RaftServerConfigKeys (ConfUtils.java:logGet(43)) - raft.server.log.statemachine.data.sync.timeout = 10s (default)
2019-10-16 05:54:08,126 [pool-27-thread-1] INFO  server.RaftServerConfigKeys (ConfUtils.java:logGet(43)) - raft.server.log.statemachine.data.sync.timeout.retry = -1 (default)
2019-10-16 05:54:08,125 [pool-97-thread-1] INFO  segmented.SegmentedRaftLogWorker (SegmentedRaftLogWorker.java:lambda$new$0(128)) - 68874196-04c8-425f-a7cc-e98956f4184b@group-386E37E5741C-SegmentedRaftLogWorker: flushIndex: setUnconditionally 0 -> -1
2019-10-16 05:54:08,126 [pool-57-thread-1] INFO  server.RaftServerConfigKeys (ConfUtils.java:logGet(43)) - raft.server.log.statemachine.data.sync.timeout.retry = -1 (default)
2019-10-16 05:54:08,126 [pool-27-thread-1] INFO  server.RaftServerConfigKeys (ConfUtils.java:logGet(43)) - raft.server.log.statemachine.data.caching.enabled = true (custom)
2019-10-16 05:54:08,126 [pool-57-thread-1] INFO  server.RaftServerConfigKeys (ConfUtils.java:logGet(43)) - raft.server.log.statemachine.data.caching.enabled = true (custom)
2019-10-16 05:54:08,126 [pool-97-thread-1] INFO  server.RaftServerConfigKeys (ConfUtils.java:logGet(43)) - raft.server.snapshot.auto.trigger.enabled = true (custom)
2019-10-16 05:54:08,127 [pool-97-thread-1] INFO  server.RaftServerConfigKeys (ConfUtils.java:logGet(43)) - raft.server.snapshot.auto.trigger.threshold = 10000 (custom)
2019-10-16 05:54:08,127 [pool-27-thread-1] INFO  segmented.SegmentedRaftLogWorker (SegmentedRaftLogWorker.java:lambda$new$0(128)) - f673e017-6a23-4a4d-8684-47aa34924efd@group-386E37E5741C-SegmentedRaftLogWorker: flushIndex: setUnconditionally 0 -> -1
2019-10-16 05:54:08,127 [pool-97-thread-1] INFO  server.RaftServerConfigKeys (ConfUtils.java:logGet(43)) - raft.server.snapshot.retention.file.num = 5 (custom)
2019-10-16 05:54:08,127 [pool-57-thread-1] INFO  segmented.SegmentedRaftLogWorker (SegmentedRaftLogWorker.java:lambda$new$0(128)) - 9ecd346d-e4ad-4887-80b5-747eac63700e@group-386E37E5741C-SegmentedRaftLogWorker: flushIndex: setUnconditionally 0 -> -1
2019-10-16 05:54:08,127 [pool-97-thread-1] INFO  server.RaftServerConfigKeys (ConfUtils.java:logGet(43)) - raft.server.retrycache.expirytime = 600000ms (custom)
2019-10-16 05:54:08,127 [pool-27-thread-1] INFO  server.RaftServerConfigKeys (ConfUtils.java:logGet(43)) - raft.server.snapshot.auto.trigger.enabled = true (custom)
2019-10-16 05:54:08,127 [pool-57-thread-1] INFO  server.RaftServerConfigKeys (ConfUtils.java:logGet(43)) - raft.server.snapshot.auto.trigger.enabled = true (custom)
2019-10-16 05:54:08,128 [pool-27-thread-1] INFO  server.RaftServerConfigKeys (ConfUtils.java:logGet(43)) - raft.server.snapshot.auto.trigger.threshold = 10000 (custom)
2019-10-16 05:54:08,130 [pool-57-thread-1] INFO  server.RaftServerConfigKeys (ConfUtils.java:logGet(43)) - raft.server.snapshot.auto.trigger.threshold = 10000 (custom)
2019-10-16 05:54:08,130 [pool-27-thread-1] INFO  server.RaftServerConfigKeys (ConfUtils.java:logGet(43)) - raft.server.snapshot.retention.file.num = 5 (custom)
2019-10-16 05:54:08,130 [28fad83d-bdd1-43c5-9066-2f84db181b78@group-6F198EFDD6FC-LeaderElection15] INFO  server.RaftServerConfigKeys (ConfUtils.java:logGet(43)) - raft.server.log.appender.snapshot.chunk.size.max = 16MB (=16777216) (default)
2019-10-16 05:54:08,130 [pool-57-thread-1] INFO  server.RaftServerConfigKeys (ConfUtils.java:logGet(43)) - raft.server.snapshot.retention.file.num = 5 (custom)
2019-10-16 05:54:08,130 [28fad83d-bdd1-43c5-9066-2f84db181b78@group-6F198EFDD6FC-LeaderElection15] INFO  server.RaftServerConfigKeys (ConfUtils.java:logGet(43)) - raft.server.log.appender.buffer.byte-limit = 33554432 (custom)
2019-10-16 05:54:08,130 [pool-27-thread-1] INFO  server.RaftServerConfigKeys (ConfUtils.java:logGet(43)) - raft.server.retrycache.expirytime = 600000ms (custom)
2019-10-16 05:54:08,131 [pool-57-thread-1] INFO  server.RaftServerConfigKeys (ConfUtils.java:logGet(43)) - raft.server.retrycache.expirytime = 600000ms (custom)
2019-10-16 05:54:08,131 [28fad83d-bdd1-43c5-9066-2f84db181b78@group-6F198EFDD6FC-LeaderElection15] INFO  server.RaftServerConfigKeys (ConfUtils.java:logGet(43)) - raft.server.log.appender.buffer.element-limit = 1 (custom)
2019-10-16 05:54:08,132 [pool-97-thread-1] INFO  impl.RaftServerImpl (RaftServerImpl.java:start(195)) - 68874196-04c8-425f-a7cc-e98956f4184b@group-386E37E5741C: start as a follower, conf=-1: [68874196-04c8-425f-a7cc-e98956f4184b:192.168.69.104:44736, f673e017-6a23-4a4d-8684-47aa34924efd:192.168.69.104:34714, 9ecd346d-e4ad-4887-80b5-747eac63700e:192.168.69.104:38392], old=null
2019-10-16 05:54:08,132 [pool-97-thread-1] INFO  impl.RaftServerImpl (RaftServerImpl.java:setRole(184)) - 68874196-04c8-425f-a7cc-e98956f4184b@group-386E37E5741C: changes role from      null to FOLLOWER at term 0 for startAsFollower
2019-10-16 05:54:08,134 [pool-97-thread-1] INFO  impl.RoleInfo (RoleInfo.java:updateAndGet(143)) - 68874196-04c8-425f-a7cc-e98956f4184b: start FollowerState
2019-10-16 05:54:08,134 [pool-97-thread-1] INFO  util.JmxRegister (JmxRegister.java:tryRegister(44)) - Successfully registered JMX Bean with object name Ratis:service=RaftServer,group=group-386E37E5741C,id=68874196-04c8-425f-a7cc-e98956f4184b
2019-10-16 05:54:08,137 [pool-27-thread-1] INFO  impl.RaftServerImpl (RaftServerImpl.java:start(195)) - f673e017-6a23-4a4d-8684-47aa34924efd@group-386E37E5741C: start as a follower, conf=-1: [68874196-04c8-425f-a7cc-e98956f4184b:192.168.69.104:44736, f673e017-6a23-4a4d-8684-47aa34924efd:192.168.69.104:34714, 9ecd346d-e4ad-4887-80b5-747eac63700e:192.168.69.104:38392], old=null
2019-10-16 05:54:08,137 [pool-27-thread-1] INFO  impl.RaftServerImpl (RaftServerImpl.java:setRole(184)) - f673e017-6a23-4a4d-8684-47aa34924efd@group-386E37E5741C: changes role from      null to FOLLOWER at term 0 for startAsFollower
2019-10-16 05:54:08,137 [pool-27-thread-1] INFO  impl.RoleInfo (RoleInfo.java:updateAndGet(143)) - f673e017-6a23-4a4d-8684-47aa34924efd: start FollowerState
2019-10-16 05:54:08,138 [pool-27-thread-1] INFO  util.JmxRegister (JmxRegister.java:tryRegister(44)) - Successfully registered JMX Bean with object name Ratis:service=RaftServer,group=group-386E37E5741C,id=f673e017-6a23-4a4d-8684-47aa34924efd
2019-10-16 05:54:08,138 [pool-57-thread-1] INFO  impl.RaftServerImpl (RaftServerImpl.java:start(195)) - 9ecd346d-e4ad-4887-80b5-747eac63700e@group-386E37E5741C: start as a follower, conf=-1: [68874196-04c8-425f-a7cc-e98956f4184b:192.168.69.104:44736, f673e017-6a23-4a4d-8684-47aa34924efd:192.168.69.104:34714, 9ecd346d-e4ad-4887-80b5-747eac63700e:192.168.69.104:38392], old=null
2019-10-16 05:54:08,138 [pool-57-thread-1] INFO  impl.RaftServerImpl (RaftServerImpl.java:setRole(184)) - 9ecd346d-e4ad-4887-80b5-747eac63700e@group-386E37E5741C: changes role from      null to FOLLOWER at term 0 for startAsFollower
2019-10-16 05:54:08,138 [pool-57-thread-1] INFO  impl.RoleInfo (RoleInfo.java:updateAndGet(143)) - 9ecd346d-e4ad-4887-80b5-747eac63700e: start FollowerState
2019-10-16 05:54:08,138 [28fad83d-bdd1-43c5-9066-2f84db181b78@group-6F198EFDD6FC-LeaderElection15] INFO  grpc.GrpcConfigKeys$Server (ConfUtils.java:logGet(43)) - raft.grpc.server.leader.outstanding.appends.max = 128 (default)
2019-10-16 05:54:08,139 [pool-57-thread-1] INFO  util.JmxRegister (JmxRegister.java:tryRegister(44)) - Successfully registered JMX Bean with object name Ratis:service=RaftServer,group=group-386E37E5741C,id=9ecd346d-e4ad-4887-80b5-747eac63700e
2019-10-16 05:54:08,139 [28fad83d-bdd1-43c5-9066-2f84db181b78@group-6F198EFDD6FC-LeaderElection15] INFO  server.RaftServerConfigKeys (ConfUtils.java:logGet(43)) - raft.server.rpc.request.timeout = 3000ms (default)
2019-10-16 05:54:08,139 [28fad83d-bdd1-43c5-9066-2f84db181b78@group-6F198EFDD6FC-LeaderElection15] INFO  server.RaftServerConfigKeys (ConfUtils.java:logGet(43)) - raft.server.log.appender.install.snapshot.enabled = false (custom)
2019-10-16 05:54:08,143 [7f194c44-d326-466e-a2f3-1afa0b12311e@group-6F198EFDD6FC-LeaderElection19] INFO  impl.LeaderElection (LeaderElection.java:askForVotes(178)) - 7f194c44-d326-466e-a2f3-1afa0b12311e@group-6F198EFDD6FC-LeaderElection19: begin an election at term 4 for -1: [7f194c44-d326-466e-a2f3-1afa0b12311e:192.168.69.104:41593, 28fad83d-bdd1-43c5-9066-2f84db181b78:192.168.69.104:43518, 9716ed81-e797-4622-8f9d-d0bad6b93ded:192.168.69.104:37182], old=null
2019-10-16 05:54:08,143 [e8d6ebf1-6bcf-43aa-933b-e68e6e027da1@group-B2A04D870F72-LeaderElection20] INFO  impl.LeaderElection (LeaderElection.java:askForVotes(178)) - e8d6ebf1-6bcf-43aa-933b-e68e6e027da1@group-B2A04D870F72-LeaderElection20: begin an election at term 2 for -1: [77d0bf9b-6f4c-431e-a5f1-454f54e3e5de:192.168.69.104:37359, fa7e6ed1-247f-43d6-9abd-8e5119d5804b:192.168.69.104:37305, e8d6ebf1-6bcf-43aa-933b-e68e6e027da1:192.168.69.104:46329], old=null
2019-10-16 05:54:08,143 [9716ed81-e797-4622-8f9d-d0bad6b93ded@group-6F198EFDD6FC-LeaderElection18] INFO  impl.LeaderElection (LeaderElection.java:askForVotes(178)) - 9716ed81-e797-4622-8f9d-d0bad6b93ded@group-6F198EFDD6FC-LeaderElection18: begin an election at term 4 for -1: [7f194c44-d326-466e-a2f3-1afa0b12311e:192.168.69.104:41593, 28fad83d-bdd1-43c5-9066-2f84db181b78:192.168.69.104:43518, 9716ed81-e797-4622-8f9d-d0bad6b93ded:192.168.69.104:37182], old=null
2019-10-16 05:54:08,145 [fa7e6ed1-247f-43d6-9abd-8e5119d5804b@group-B2A04D870F72-LeaderElection16] INFO  impl.LeaderElection (LeaderElection.java:logAndReturn(56)) - fa7e6ed1-247f-43d6-9abd-8e5119d5804b@group-B2A04D870F72-LeaderElection16: Election REJECTED; received 2 response(s) [fa7e6ed1-247f-43d6-9abd-8e5119d5804b<-77d0bf9b-6f4c-431e-a5f1-454f54e3e5de#0:FAIL-t2, fa7e6ed1-247f-43d6-9abd-8e5119d5804b<-e8d6ebf1-6bcf-43aa-933b-e68e6e027da1#0:FAIL-t2] and 0 exception(s); fa7e6ed1-247f-43d6-9abd-8e5119d5804b@group-B2A04D870F72:t2, leader=null, voted=fa7e6ed1-247f-43d6-9abd-8e5119d5804b, raftlog=fa7e6ed1-247f-43d6-9abd-8e5119d5804b@group-B2A04D870F72-SegmentedRaftLog:OPENED:c-1,f-1,i0, conf=-1: [77d0bf9b-6f4c-431e-a5f1-454f54e3e5de:192.168.69.104:37359, fa7e6ed1-247f-43d6-9abd-8e5119d5804b:192.168.69.104:37305, e8d6ebf1-6bcf-43aa-933b-e68e6e027da1:192.168.69.104:46329], old=null
2019-10-16 05:54:08,145 [main] INFO  ozone.MiniOzoneClusterImpl (MiniOzoneClusterImpl.java:getStorageContainerLocationClient(234)) - Creating StorageContainerLocationProtocol RPC client with address /0.0.0.0:36246
2019-10-16 05:54:08,145 [fa7e6ed1-247f-43d6-9abd-8e5119d5804b@group-B2A04D870F72-LeaderElection16] INFO  impl.RaftServerImpl (RaftServerImpl.java:setRole(184)) - fa7e6ed1-247f-43d6-9abd-8e5119d5804b@group-B2A04D870F72: changes role from CANDIDATE to FOLLOWER at term 2 for DISCOVERED_A_NEW_TERM
2019-10-16 05:54:08,147 [fa7e6ed1-247f-43d6-9abd-8e5119d5804b@group-B2A04D870F72-LeaderElection16] INFO  impl.RoleInfo (RoleInfo.java:shutdownLeaderElection(134)) - fa7e6ed1-247f-43d6-9abd-8e5119d5804b: shutdown LeaderElection
2019-10-16 05:54:08,148 [fa7e6ed1-247f-43d6-9abd-8e5119d5804b@group-B2A04D870F72-LeaderElection16] INFO  impl.RoleInfo (RoleInfo.java:updateAndGet(143)) - fa7e6ed1-247f-43d6-9abd-8e5119d5804b: start FollowerState
2019-10-16 05:54:08,150 [Thread-402] INFO  impl.FollowerState (FollowerState.java:run(108)) - 9ecd346d-e4ad-4887-80b5-747eac63700e@group-386E37E5741C-FollowerState: change to CANDIDATE, lastRpcTime:11ms, electionTimeout:10ms
2019-10-16 05:54:08,150 [Thread-402] INFO  impl.RoleInfo (RoleInfo.java:shutdownFollowerState(121)) - 9ecd346d-e4ad-4887-80b5-747eac63700e: shutdown FollowerState
2019-10-16 05:54:08,150 [Thread-402] INFO  impl.RaftServerImpl (RaftServerImpl.java:setRole(184)) - 9ecd346d-e4ad-4887-80b5-747eac63700e@group-386E37E5741C: changes role from  FOLLOWER to CANDIDATE at term 0 for changeToCandidate
2019-10-16 05:54:08,151 [Thread-402] INFO  impl.RoleInfo (RoleInfo.java:updateAndGet(143)) - 9ecd346d-e4ad-4887-80b5-747eac63700e: start LeaderElection
2019-10-16 05:54:08,161 [77d0bf9b-6f4c-431e-a5f1-454f54e3e5de@group-B2A04D870F72-LeaderElection17] INFO  impl.LeaderElection (LeaderElection.java:logAndReturn(56)) - 77d0bf9b-6f4c-431e-a5f1-454f54e3e5de@group-B2A04D870F72-LeaderElection17: Election REJECTED; received 2 response(s) [77d0bf9b-6f4c-431e-a5f1-454f54e3e5de<-fa7e6ed1-247f-43d6-9abd-8e5119d5804b#0:FAIL-t2, 77d0bf9b-6f4c-431e-a5f1-454f54e3e5de<-e8d6ebf1-6bcf-43aa-933b-e68e6e027da1#0:FAIL-t2] and 0 exception(s); 77d0bf9b-6f4c-431e-a5f1-454f54e3e5de@group-B2A04D870F72:t2, leader=null, voted=77d0bf9b-6f4c-431e-a5f1-454f54e3e5de, raftlog=77d0bf9b-6f4c-431e-a5f1-454f54e3e5de@group-B2A04D870F72-SegmentedRaftLog:OPENED:c-1,f-1,i0, conf=-1: [77d0bf9b-6f4c-431e-a5f1-454f54e3e5de:192.168.69.104:37359, fa7e6ed1-247f-43d6-9abd-8e5119d5804b:192.168.69.104:37305, e8d6ebf1-6bcf-43aa-933b-e68e6e027da1:192.168.69.104:46329], old=null
2019-10-16 05:54:08,162 [77d0bf9b-6f4c-431e-a5f1-454f54e3e5de@group-B2A04D870F72-LeaderElection17] INFO  impl.RaftServerImpl (RaftServerImpl.java:setRole(184)) - 77d0bf9b-6f4c-431e-a5f1-454f54e3e5de@group-B2A04D870F72: changes role from CANDIDATE to FOLLOWER at term 2 for DISCOVERED_A_NEW_TERM
2019-10-16 05:54:08,172 [28fad83d-bdd1-43c5-9066-2f84db181b78@group-6F198EFDD6FC-LeaderElection15] INFO  server.RaftServerConfigKeys (ConfUtils.java:logGet(43)) - raft.server.log.appender.snapshot.chunk.size.max = 16MB (=16777216) (default)
2019-10-16 05:54:08,172 [7f194c44-d326-466e-a2f3-1afa0b12311e@group-6F198EFDD6FC-LeaderElection19] INFO  impl.LeaderElection (LeaderElection.java:logAndReturn(56)) - 7f194c44-d326-466e-a2f3-1afa0b12311e@group-6F198EFDD6FC-LeaderElection19: Election TIMEOUT; received 0 response(s) [] and 0 exception(s); 7f194c44-d326-466e-a2f3-1afa0b12311e@group-6F198EFDD6FC:t4, leader=null, voted=7f194c44-d326-466e-a2f3-1afa0b12311e, raftlog=7f194c44-d326-466e-a2f3-1afa0b12311e@group-6F198EFDD6FC-SegmentedRaftLog:OPENED:c-1,f-1,i0, conf=-1: [7f194c44-d326-466e-a2f3-1afa0b12311e:192.168.69.104:41593, 28fad83d-bdd1-43c5-9066-2f84db181b78:192.168.69.104:43518, 9716ed81-e797-4622-8f9d-d0bad6b93ded:192.168.69.104:37182], old=null
2019-10-16 05:54:08,172 [77d0bf9b-6f4c-431e-a5f1-454f54e3e5de@group-B2A04D870F72-LeaderElection17] INFO  impl.RoleInfo (RoleInfo.java:shutdownLeaderElection(134)) - 77d0bf9b-6f4c-431e-a5f1-454f54e3e5de: shutdown LeaderElection
2019-10-16 05:54:08,174 [28fad83d-bdd1-43c5-9066-2f84db181b78@group-6F198EFDD6FC-LeaderElection15] INFO  server.RaftServerConfigKeys (ConfUtils.java:logGet(43)) - raft.server.log.appender.buffer.byte-limit = 33554432 (custom)
2019-10-16 05:54:08,176 [28fad83d-bdd1-43c5-9066-2f84db181b78@group-6F198EFDD6FC-LeaderElection15] INFO  server.RaftServerConfigKeys (ConfUtils.java:logGet(43)) - raft.server.log.appender.buffer.element-limit = 1 (custom)
2019-10-16 05:54:08,177 [77d0bf9b-6f4c-431e-a5f1-454f54e3e5de@group-B2A04D870F72-LeaderElection17] INFO  impl.RoleInfo (RoleInfo.java:updateAndGet(143)) - 77d0bf9b-6f4c-431e-a5f1-454f54e3e5de: start FollowerState
2019-10-16 05:54:08,177 [28fad83d-bdd1-43c5-9066-2f84db181b78@group-6F198EFDD6FC-LeaderElection15] INFO  grpc.GrpcConfigKeys$Server (ConfUtils.java:logGet(43)) - raft.grpc.server.leader.outstanding.appends.max = 128 (default)
2019-10-16 05:54:08,179 [RatisPipelineUtilsThread] INFO  pipeline.PipelineStateManager (PipelineStateManager.java:addPipeline(56)) - Created pipeline Pipeline[ Id: 6a5bc522-6b24-479b-bdc6-386e37e5741c, Nodes: f673e017-6a23-4a4d-8684-47aa34924efd{ip: 192.168.69.104, host: pr-hdds-2312-q6qzp-1535798719, networkLocation: /default-rack, certSerialId: null}9ecd346d-e4ad-4887-80b5-747eac63700e{ip: 192.168.69.104, host: pr-hdds-2312-q6qzp-1535798719, networkLocation: /default-rack, certSerialId: null}68874196-04c8-425f-a7cc-e98956f4184b{ip: 192.168.69.104, host: pr-hdds-2312-q6qzp-1535798719, networkLocation: /default-rack, certSerialId: null}, Type:RATIS, Factor:THREE, State:OPEN]
2019-10-16 05:54:08,179 [28fad83d-bdd1-43c5-9066-2f84db181b78@group-6F198EFDD6FC-LeaderElection15] INFO  server.RaftServerConfigKeys (ConfUtils.java:logGet(43)) - raft.server.rpc.request.timeout = 3000ms (default)
2019-10-16 05:54:08,180 [28fad83d-bdd1-43c5-9066-2f84db181b78@group-6F198EFDD6FC-LeaderElection15] INFO  server.RaftServerConfigKeys (ConfUtils.java:logGet(43)) - raft.server.log.appender.install.snapshot.enabled = false (custom)
2019-10-16 05:54:08,185 [9ecd346d-e4ad-4887-80b5-747eac63700e@group-386E37E5741C-LeaderElection21] INFO  impl.LeaderElection (LeaderElection.java:askForVotes(178)) - 9ecd346d-e4ad-4887-80b5-747eac63700e@group-386E37E5741C-LeaderElection21: begin an election at term 1 for -1: [68874196-04c8-425f-a7cc-e98956f4184b:192.168.69.104:44736, f673e017-6a23-4a4d-8684-47aa34924efd:192.168.69.104:34714, 9ecd346d-e4ad-4887-80b5-747eac63700e:192.168.69.104:38392], old=null
2019-10-16 05:54:08,187 [7f194c44-d326-466e-a2f3-1afa0b12311e@group-6F198EFDD6FC-LeaderElection19] INFO  impl.LeaderElection (LeaderElection.java:askForVotes(178)) - 7f194c44-d326-466e-a2f3-1afa0b12311e@group-6F198EFDD6FC-LeaderElection19: begin an election at term 5 for -1: [7f194c44-d326-466e-a2f3-1afa0b12311e:192.168.69.104:41593, 28fad83d-bdd1-43c5-9066-2f84db181b78:192.168.69.104:43518, 9716ed81-e797-4622-8f9d-d0bad6b93ded:192.168.69.104:37182], old=null
2019-10-16 05:54:08,188 [e8d6ebf1-6bcf-43aa-933b-e68e6e027da1@group-B2A04D870F72-LeaderElection20] INFO  impl.LeaderElection (LeaderElection.java:logAndReturn(56)) - e8d6ebf1-6bcf-43aa-933b-e68e6e027da1@group-B2A04D870F72-LeaderElection20: Election REJECTED; received 2 response(s) [e8d6ebf1-6bcf-43aa-933b-e68e6e027da1<-77d0bf9b-6f4c-431e-a5f1-454f54e3e5de#0:FAIL-t2, e8d6ebf1-6bcf-43aa-933b-e68e6e027da1<-fa7e6ed1-247f-43d6-9abd-8e5119d5804b#0:FAIL-t2] and 0 exception(s); e8d6ebf1-6bcf-43aa-933b-e68e6e027da1@group-B2A04D870F72:t2, leader=null, voted=e8d6ebf1-6bcf-43aa-933b-e68e6e027da1, raftlog=e8d6ebf1-6bcf-43aa-933b-e68e6e027da1@group-B2A04D870F72-SegmentedRaftLog:OPENED:c-1,f-1,i0, conf=-1: [77d0bf9b-6f4c-431e-a5f1-454f54e3e5de:192.168.69.104:37359, fa7e6ed1-247f-43d6-9abd-8e5119d5804b:192.168.69.104:37305, e8d6ebf1-6bcf-43aa-933b-e68e6e027da1:192.168.69.104:46329], old=null
2019-10-16 05:54:08,188 [e8d6ebf1-6bcf-43aa-933b-e68e6e027da1@group-B2A04D870F72-LeaderElection20] INFO  impl.RaftServerImpl (RaftServerImpl.java:setRole(184)) - e8d6ebf1-6bcf-43aa-933b-e68e6e027da1@group-B2A04D870F72: changes role from CANDIDATE to FOLLOWER at term 2 for DISCOVERED_A_NEW_TERM
2019-10-16 05:54:08,193 [e8d6ebf1-6bcf-43aa-933b-e68e6e027da1@group-B2A04D870F72-LeaderElection20] INFO  impl.RoleInfo (RoleInfo.java:shutdownLeaderElection(134)) - e8d6ebf1-6bcf-43aa-933b-e68e6e027da1: shutdown LeaderElection
2019-10-16 05:54:08,193 [e8d6ebf1-6bcf-43aa-933b-e68e6e027da1@group-B2A04D870F72-LeaderElection20] INFO  impl.RoleInfo (RoleInfo.java:updateAndGet(143)) - e8d6ebf1-6bcf-43aa-933b-e68e6e027da1: start FollowerState
2019-10-16 05:54:08,216 [7f194c44-d326-466e-a2f3-1afa0b12311e@group-6F198EFDD6FC-LeaderElection19] INFO  impl.LeaderElection (LeaderElection.java:logAndReturn(56)) - 7f194c44-d326-466e-a2f3-1afa0b12311e@group-6F198EFDD6FC-LeaderElection19: Election TIMEOUT; received 0 response(s) [] and 0 exception(s); 7f194c44-d326-466e-a2f3-1afa0b12311e@group-6F198EFDD6FC:t5, leader=null, voted=7f194c44-d326-466e-a2f3-1afa0b12311e, raftlog=7f194c44-d326-466e-a2f3-1afa0b12311e@group-6F198EFDD6FC-SegmentedRaftLog:OPENED:c-1,f-1,i0, conf=-1: [7f194c44-d326-466e-a2f3-1afa0b12311e:192.168.69.104:41593, 28fad83d-bdd1-43c5-9066-2f84db181b78:192.168.69.104:43518, 9716ed81-e797-4622-8f9d-d0bad6b93ded:192.168.69.104:37182], old=null
2019-10-16 05:54:08,219 [grpc-default-executor-0] INFO  impl.RaftServerImpl (RaftServerImpl.java:setRole(184)) - 9716ed81-e797-4622-8f9d-d0bad6b93ded@group-6F198EFDD6FC: changes role from CANDIDATE to FOLLOWER at term 5 for recognizeCandidate:7f194c44-d326-466e-a2f3-1afa0b12311e
2019-10-16 05:54:08,219 [grpc-default-executor-0] INFO  impl.RoleInfo (RoleInfo.java:shutdownLeaderElection(134)) - 9716ed81-e797-4622-8f9d-d0bad6b93ded: shutdown LeaderElection
2019-10-16 05:54:08,219 [grpc-default-executor-0] INFO  impl.RoleInfo (RoleInfo.java:updateAndGet(143)) - 9716ed81-e797-4622-8f9d-d0bad6b93ded: start FollowerState
2019-10-16 05:54:08,224 [grpc-default-executor-3] INFO  impl.RaftServerImpl (RaftServerImpl.java:setRole(184)) - f673e017-6a23-4a4d-8684-47aa34924efd@group-386E37E5741C: changes role from  FOLLOWER to FOLLOWER at term 1 for recognizeCandidate:9ecd346d-e4ad-4887-80b5-747eac63700e
2019-10-16 05:54:08,227 [grpc-default-executor-3] INFO  impl.RoleInfo (RoleInfo.java:shutdownFollowerState(121)) - f673e017-6a23-4a4d-8684-47aa34924efd: shutdown FollowerState
2019-10-16 05:54:08,227 [grpc-default-executor-3] INFO  impl.RoleInfo (RoleInfo.java:updateAndGet(143)) - f673e017-6a23-4a4d-8684-47aa34924efd: start FollowerState
2019-10-16 05:54:08,227 [Thread-400] INFO  impl.FollowerState (FollowerState.java:run(117)) - f673e017-6a23-4a4d-8684-47aa34924efd@group-386E37E5741C-FollowerState was interrupted: java.lang.InterruptedException: sleep interrupted
2019-10-16 05:54:08,227 [main] INFO  rpc.RpcClient (RpcClient.java:createVolume(272)) - Creating Volume: 5e19beb4-1e5b-4672-887c-86432b5ec162, with jenkins1000 as owner.
2019-10-16 05:54:08,231 [grpc-default-executor-4] INFO  impl.RaftServerImpl (RaftServerImpl.java:setRole(184)) - 68874196-04c8-425f-a7cc-e98956f4184b@group-386E37E5741C: changes role from  FOLLOWER to FOLLOWER at term 1 for recognizeCandidate:9ecd346d-e4ad-4887-80b5-747eac63700e
2019-10-16 05:54:08,232 [grpc-default-executor-4] INFO  impl.RoleInfo (RoleInfo.java:shutdownFollowerState(121)) - 68874196-04c8-425f-a7cc-e98956f4184b: shutdown FollowerState
2019-10-16 05:54:08,232 [Thread-399] INFO  impl.FollowerState (FollowerState.java:run(117)) - 68874196-04c8-425f-a7cc-e98956f4184b@group-386E37E5741C-FollowerState was interrupted: java.lang.InterruptedException: sleep interrupted
2019-10-16 05:54:08,232 [28fad83d-bdd1-43c5-9066-2f84db181b78@group-6F198EFDD6FC-LeaderElection15] INFO  impl.RoleInfo (RoleInfo.java:updateAndGet(143)) - 28fad83d-bdd1-43c5-9066-2f84db181b78: start LeaderState
2019-10-16 05:54:08,232 [grpc-default-executor-4] INFO  impl.RoleInfo (RoleInfo.java:updateAndGet(143)) - 68874196-04c8-425f-a7cc-e98956f4184b: start FollowerState
2019-10-16 05:54:08,234 [28fad83d-bdd1-43c5-9066-2f84db181b78@group-6F198EFDD6FC-LeaderElection15] INFO  segmented.SegmentedRaftLogWorker (SegmentedRaftLogWorker.java:startLogSegment(385)) - 28fad83d-bdd1-43c5-9066-2f84db181b78@group-6F198EFDD6FC-SegmentedRaftLogWorker: Starting segment from index:0
2019-10-16 05:54:08,235 [7f194c44-d326-466e-a2f3-1afa0b12311e@group-6F198EFDD6FC-LeaderElection19] INFO  impl.LeaderElection (LeaderElection.java:askForVotes(178)) - 7f194c44-d326-466e-a2f3-1afa0b12311e@group-6F198EFDD6FC-LeaderElection19: begin an election at term 6 for -1: [7f194c44-d326-466e-a2f3-1afa0b12311e:192.168.69.104:41593, 28fad83d-bdd1-43c5-9066-2f84db181b78:192.168.69.104:43518, 9716ed81-e797-4622-8f9d-d0bad6b93ded:192.168.69.104:37182], old=null
2019-10-16 05:54:08,236 [28fad83d-bdd1-43c5-9066-2f84db181b78@group-6F198EFDD6FC-LeaderElection15] INFO  impl.RaftServerImpl (ServerState.java:setRaftConf(357)) - 28fad83d-bdd1-43c5-9066-2f84db181b78@group-6F198EFDD6FC: set configuration 0: [7f194c44-d326-466e-a2f3-1afa0b12311e:192.168.69.104:41593, 28fad83d-bdd1-43c5-9066-2f84db181b78:192.168.69.104:43518, 9716ed81-e797-4622-8f9d-d0bad6b93ded:192.168.69.104:37182], old=null at 0
2019-10-16 05:54:08,276 [Thread-421] INFO  impl.FollowerState (FollowerState.java:run(108)) - e8d6ebf1-6bcf-43aa-933b-e68e6e027da1@group-B2A04D870F72-FollowerState: change to CANDIDATE, lastRpcTime:82ms, electionTimeout:49ms
2019-10-16 05:54:08,276 [9ecd346d-e4ad-4887-80b5-747eac63700e@group-386E37E5741C-LeaderElection21] INFO  impl.LeaderElection (LeaderElection.java:logAndReturn(56)) - 9ecd346d-e4ad-4887-80b5-747eac63700e@group-386E37E5741C-LeaderElection21: Election TIMEOUT; received 0 response(s) [] and 0 exception(s); 9ecd346d-e4ad-4887-80b5-747eac63700e@group-386E37E5741C:t1, leader=null, voted=9ecd346d-e4ad-4887-80b5-747eac63700e, raftlog=9ecd346d-e4ad-4887-80b5-747eac63700e@group-386E37E5741C-SegmentedRaftLog:OPENED:c-1,f-1,i0, conf=-1: [68874196-04c8-425f-a7cc-e98956f4184b:192.168.69.104:44736, f673e017-6a23-4a4d-8684-47aa34924efd:192.168.69.104:34714, 9ecd346d-e4ad-4887-80b5-747eac63700e:192.168.69.104:38392], old=null
2019-10-16 05:54:08,276 [grpc-default-executor-2] INFO  impl.RaftServerImpl (ServerState.java:setLeader(256)) - 28fad83d-bdd1-43c5-9066-2f84db181b78@group-6F198EFDD6FC: change Leader from 28fad83d-bdd1-43c5-9066-2f84db181b78 to null at term 5 for updateCurrentTerm
2019-10-16 05:54:08,276 [Thread-421] INFO  impl.RoleInfo (RoleInfo.java:shutdownFollowerState(121)) - e8d6ebf1-6bcf-43aa-933b-e68e6e027da1: shutdown FollowerState
2019-10-16 05:54:08,276 [grpc-default-executor-2] INFO  impl.RaftServerImpl (RaftServerImpl.java:setRole(184)) - 28fad83d-bdd1-43c5-9066-2f84db181b78@group-6F198EFDD6FC: changes role from    LEADER to FOLLOWER at term 5 for recognizeCandidate:7f194c44-d326-466e-a2f3-1afa0b12311e
2019-10-16 05:54:08,279 [Thread-421] INFO  impl.RaftServerImpl (RaftServerImpl.java:setRole(184)) - e8d6ebf1-6bcf-43aa-933b-e68e6e027da1@group-B2A04D870F72: changes role from  FOLLOWER to CANDIDATE at term 2 for changeToCandidate
2019-10-16 05:54:08,279 [grpc-default-executor-2] INFO  impl.RoleInfo (RoleInfo.java:shutdownLeaderState(104)) - 28fad83d-bdd1-43c5-9066-2f84db181b78: shutdown LeaderState
2019-10-16 05:54:08,282 [Thread-421] INFO  impl.RoleInfo (RoleInfo.java:updateAndGet(143)) - e8d6ebf1-6bcf-43aa-933b-e68e6e027da1: start LeaderElection
2019-10-16 05:54:08,299 [grpc-default-executor-2] INFO  impl.PendingRequests (PendingRequests.java:sendNotLeaderResponses(202)) - 28fad83d-bdd1-43c5-9066-2f84db181b78@group-6F198EFDD6FC-PendingRequests: sendNotLeaderResponses
2019-10-16 05:54:08,302 [9716ed81-e797-4622-8f9d-d0bad6b93ded@group-6F198EFDD6FC-LeaderElection18] INFO  impl.LeaderElection (LeaderElection.java:logAndReturn(56)) - 9716ed81-e797-4622-8f9d-d0bad6b93ded@group-6F198EFDD6FC-LeaderElection18: Election REJECTED; received 1 response(s) [9716ed81-e797-4622-8f9d-d0bad6b93ded<-7f194c44-d326-466e-a2f3-1afa0b12311e#0:FAIL-t4] and 0 exception(s); 9716ed81-e797-4622-8f9d-d0bad6b93ded@group-6F198EFDD6FC:t5, leader=null, voted=null, raftlog=9716ed81-e797-4622-8f9d-d0bad6b93ded@group-6F198EFDD6FC-SegmentedRaftLog:OPENED:c-1,f-1,i0, conf=-1: [7f194c44-d326-466e-a2f3-1afa0b12311e:192.168.69.104:41593, 28fad83d-bdd1-43c5-9066-2f84db181b78:192.168.69.104:43518, 9716ed81-e797-4622-8f9d-d0bad6b93ded:192.168.69.104:37182], old=null
2019-10-16 05:54:08,303 [grpc-default-executor-4] INFO  impl.RaftServerImpl (RaftServerImpl.java:setRole(184)) - 9716ed81-e797-4622-8f9d-d0bad6b93ded@group-6F198EFDD6FC: changes role from  FOLLOWER to FOLLOWER at term 6 for recognizeCandidate:7f194c44-d326-466e-a2f3-1afa0b12311e
2019-10-16 05:54:08,303 [grpc-default-executor-4] INFO  impl.RoleInfo (RoleInfo.java:shutdownFollowerState(121)) - 9716ed81-e797-4622-8f9d-d0bad6b93ded: shutdown FollowerState
2019-10-16 05:54:08,304 [grpc-default-executor-4] INFO  impl.RoleInfo (RoleInfo.java:updateAndGet(143)) - 9716ed81-e797-4622-8f9d-d0bad6b93ded: start FollowerState
2019-10-16 05:54:08,304 [Thread-422] INFO  impl.FollowerState (FollowerState.java:run(117)) - 9716ed81-e797-4622-8f9d-d0bad6b93ded@group-6F198EFDD6FC-FollowerState was interrupted: java.lang.InterruptedException: sleep interrupted
2019-10-16 05:54:08,316 [7f194c44-d326-466e-a2f3-1afa0b12311e@group-6F198EFDD6FC-LeaderElection19] INFO  impl.LeaderElection (LeaderElection.java:logAndReturn(56)) - 7f194c44-d326-466e-a2f3-1afa0b12311e@group-6F198EFDD6FC-LeaderElection19: Election TIMEOUT; received 0 response(s) [] and 0 exception(s); 7f194c44-d326-466e-a2f3-1afa0b12311e@group-6F198EFDD6FC:t6, leader=null, voted=7f194c44-d326-466e-a2f3-1afa0b12311e, raftlog=7f194c44-d326-466e-a2f3-1afa0b12311e@group-6F198EFDD6FC-SegmentedRaftLog:OPENED:c-1,f-1,i0, conf=-1: [7f194c44-d326-466e-a2f3-1afa0b12311e:192.168.69.104:41593, 28fad83d-bdd1-43c5-9066-2f84db181b78:192.168.69.104:43518, 9716ed81-e797-4622-8f9d-d0bad6b93ded:192.168.69.104:37182], old=null
2019-10-16 05:54:08,316 [grpc-default-executor-2] INFO  impl.RoleInfo (RoleInfo.java:updateAndGet(143)) - 28fad83d-bdd1-43c5-9066-2f84db181b78: start FollowerState
2019-10-16 05:54:08,319 [Thread-412] INFO  impl.FollowerState (FollowerState.java:run(108)) - fa7e6ed1-247f-43d6-9abd-8e5119d5804b@group-B2A04D870F72-FollowerState: change to CANDIDATE, lastRpcTime:171ms, electionTimeout:168ms
2019-10-16 05:54:08,321 [Thread-412] INFO  impl.RoleInfo (RoleInfo.java:shutdownFollowerState(121)) - fa7e6ed1-247f-43d6-9abd-8e5119d5804b: shutdown FollowerState
2019-10-16 05:54:08,321 [Thread-412] INFO  impl.RaftServerImpl (RaftServerImpl.java:setRole(184)) - fa7e6ed1-247f-43d6-9abd-8e5119d5804b@group-B2A04D870F72: changes role from  FOLLOWER to CANDIDATE at term 2 for changeToCandidate
2019-10-16 05:54:08,322 [Thread-412] INFO  impl.RoleInfo (RoleInfo.java:updateAndGet(143)) - fa7e6ed1-247f-43d6-9abd-8e5119d5804b: start LeaderElection
2019-10-16 05:54:08,326 [Thread-424] INFO  impl.FollowerState (FollowerState.java:run(108)) - 68874196-04c8-425f-a7cc-e98956f4184b@group-386E37E5741C-FollowerState: change to CANDIDATE, lastRpcTime:93ms, electionTimeout:88ms
2019-10-16 05:54:08,340 [Thread-423] INFO  impl.FollowerState (FollowerState.java:run(108)) - f673e017-6a23-4a4d-8684-47aa34924efd@group-386E37E5741C-FollowerState: change to CANDIDATE, lastRpcTime:113ms, electionTimeout:109ms
2019-10-16 05:54:08,341 [Thread-424] INFO  impl.RoleInfo (RoleInfo.java:shutdownFollowerState(121)) - 68874196-04c8-425f-a7cc-e98956f4184b: shutdown FollowerState
2019-10-16 05:54:08,335 [e8d6ebf1-6bcf-43aa-933b-e68e6e027da1@group-B2A04D870F72-LeaderElection22] INFO  impl.LeaderElection (LeaderElection.java:askForVotes(178)) - e8d6ebf1-6bcf-43aa-933b-e68e6e027da1@group-B2A04D870F72-LeaderElection22: begin an election at term 3 for -1: [77d0bf9b-6f4c-431e-a5f1-454f54e3e5de:192.168.69.104:37359, fa7e6ed1-247f-43d6-9abd-8e5119d5804b:192.168.69.104:37305, e8d6ebf1-6bcf-43aa-933b-e68e6e027da1:192.168.69.104:46329], old=null
2019-10-16 05:54:08,326 [28fad83d-bdd1-43c5-9066-2f84db181b78@group-6F198EFDD6FC-SegmentedRaftLogWorker] INFO  segmented.SegmentedRaftLogWorker (SegmentedRaftLogWorker.java:execute(576)) - 28fad83d-bdd1-43c5-9066-2f84db181b78@group-6F198EFDD6FC-SegmentedRaftLogWorker: created new log segment /workdir/hadoop-ozone/integration-test/target/test-dir/MiniOzoneClusterImpl-a7ed491f-9e2a-49d2-8991-52926c770a07/datanode-2/data/ratis/5b6f1fc3-5661-471d-99c1-6f198efdd6fc/current/log_inprogress_0
2019-10-16 05:54:08,349 [7f194c44-d326-466e-a2f3-1afa0b12311e@group-6F198EFDD6FC-LeaderElection19] INFO  impl.LeaderElection (LeaderElection.java:askForVotes(178)) - 7f194c44-d326-466e-a2f3-1afa0b12311e@group-6F198EFDD6FC-LeaderElection19: begin an election at term 7 for -1: [7f194c44-d326-466e-a2f3-1afa0b12311e:192.168.69.104:41593, 28fad83d-bdd1-43c5-9066-2f84db181b78:192.168.69.104:43518, 9716ed81-e797-4622-8f9d-d0bad6b93ded:192.168.69.104:37182], old=null
2019-10-16 05:54:08,341 [Thread-424] INFO  impl.RaftServerImpl (RaftServerImpl.java:setRole(184)) - 68874196-04c8-425f-a7cc-e98956f4184b@group-386E37E5741C: changes role from  FOLLOWER to CANDIDATE at term 1 for changeToCandidate
2019-10-16 05:54:08,341 [Thread-423] INFO  impl.RoleInfo (RoleInfo.java:shutdownFollowerState(121)) - f673e017-6a23-4a4d-8684-47aa34924efd: shutdown FollowerState
2019-10-16 05:54:08,341 [9ecd346d-e4ad-4887-80b5-747eac63700e@group-386E37E5741C-LeaderElection21] INFO  impl.LeaderElection (LeaderElection.java:askForVotes(178)) - 9ecd346d-e4ad-4887-80b5-747eac63700e@group-386E37E5741C-LeaderElection21: begin an election at term 2 for -1: [68874196-04c8-425f-a7cc-e98956f4184b:192.168.69.104:44736, f673e017-6a23-4a4d-8684-47aa34924efd:192.168.69.104:34714, 9ecd346d-e4ad-4887-80b5-747eac63700e:192.168.69.104:38392], old=null
2019-10-16 05:54:08,359 [Thread-424] INFO  impl.RoleInfo (RoleInfo.java:updateAndGet(143)) - 68874196-04c8-425f-a7cc-e98956f4184b: start LeaderElection
2019-10-16 05:54:08,359 [Thread-423] INFO  impl.RaftServerImpl (RaftServerImpl.java:setRole(184)) - f673e017-6a23-4a4d-8684-47aa34924efd@group-386E37E5741C: changes role from  FOLLOWER to CANDIDATE at term 1 for changeToCandidate
2019-10-16 05:54:08,349 [grpc-default-executor-3] INFO  impl.RaftServerImpl (RaftServerImpl.java:setRole(184)) - 28fad83d-bdd1-43c5-9066-2f84db181b78@group-6F198EFDD6FC: changes role from  FOLLOWER to FOLLOWER at term 6 for recognizeCandidate:7f194c44-d326-466e-a2f3-1afa0b12311e
2019-10-16 05:54:08,360 [grpc-default-executor-3] INFO  impl.RoleInfo (RoleInfo.java:shutdownFollowerState(121)) - 28fad83d-bdd1-43c5-9066-2f84db181b78: shutdown FollowerState
2019-10-16 05:54:08,362 [grpc-default-executor-3] INFO  impl.RoleInfo (RoleInfo.java:updateAndGet(143)) - 28fad83d-bdd1-43c5-9066-2f84db181b78: start FollowerState
2019-10-16 05:54:08,363 [Thread-423] INFO  impl.RoleInfo (RoleInfo.java:updateAndGet(143)) - f673e017-6a23-4a4d-8684-47aa34924efd: start LeaderElection
2019-10-16 05:54:08,363 [Thread-429] INFO  impl.FollowerState (FollowerState.java:run(117)) - 28fad83d-bdd1-43c5-9066-2f84db181b78@group-6F198EFDD6FC-FollowerState was interrupted: java.lang.InterruptedException: sleep interrupted
2019-10-16 05:54:08,370 [Thread-414] INFO  impl.FollowerState (FollowerState.java:run(108)) - 77d0bf9b-6f4c-431e-a5f1-454f54e3e5de@group-B2A04D870F72-FollowerState: change to CANDIDATE, lastRpcTime:195ms, electionTimeout:190ms
2019-10-16 05:54:08,380 [68874196-04c8-425f-a7cc-e98956f4184b@group-386E37E5741C-LeaderElection24] INFO  impl.LeaderElection (LeaderElection.java:askForVotes(178)) - 68874196-04c8-425f-a7cc-e98956f4184b@group-386E37E5741C-LeaderElection24: begin an election at term 2 for -1: [68874196-04c8-425f-a7cc-e98956f4184b:192.168.69.104:44736, f673e017-6a23-4a4d-8684-47aa34924efd:192.168.69.104:34714, 9ecd346d-e4ad-4887-80b5-747eac63700e:192.168.69.104:38392], old=null
2019-10-16 05:54:08,380 [fa7e6ed1-247f-43d6-9abd-8e5119d5804b@group-B2A04D870F72-LeaderElection23] INFO  impl.LeaderElection (LeaderElection.java:askForVotes(178)) - fa7e6ed1-247f-43d6-9abd-8e5119d5804b@group-B2A04D870F72-LeaderElection23: begin an election at term 3 for -1: [77d0bf9b-6f4c-431e-a5f1-454f54e3e5de:192.168.69.104:37359, fa7e6ed1-247f-43d6-9abd-8e5119d5804b:192.168.69.104:37305, e8d6ebf1-6bcf-43aa-933b-e68e6e027da1:192.168.69.104:46329], old=null
2019-10-16 05:54:08,380 [Thread-414] INFO  impl.RoleInfo (RoleInfo.java:shutdownFollowerState(121)) - 77d0bf9b-6f4c-431e-a5f1-454f54e3e5de: shutdown FollowerState
2019-10-16 05:54:08,381 [Thread-414] INFO  impl.RaftServerImpl (RaftServerImpl.java:setRole(184)) - 77d0bf9b-6f4c-431e-a5f1-454f54e3e5de@group-B2A04D870F72: changes role from  FOLLOWER to CANDIDATE at term 2 for changeToCandidate
2019-10-16 05:54:08,381 [Thread-414] INFO  impl.RoleInfo (RoleInfo.java:updateAndGet(143)) - 77d0bf9b-6f4c-431e-a5f1-454f54e3e5de: start LeaderElection
2019-10-16 05:54:08,388 [org.apache.ratis.server.impl.LogAppender$AppenderDaemon$$Lambda$461/568881136@1711d8c9] WARN  server.GrpcLogAppender (GrpcLogAppender.java:mayWait(149)) - 28fad83d-bdd1-43c5-9066-2f84db181b78@group-6F198EFDD6FC->7f194c44-d326-466e-a2f3-1afa0b12311e-GrpcLogAppender: Wait interrupted by java.lang.InterruptedException
2019-10-16 05:54:08,388 [org.apache.ratis.server.impl.LogAppender$AppenderDaemon$$Lambda$461/568881136@2e8da2f4] WARN  server.GrpcLogAppender (GrpcLogAppender.java:mayWait(149)) - 28fad83d-bdd1-43c5-9066-2f84db181b78@group-6F198EFDD6FC->9716ed81-e797-4622-8f9d-d0bad6b93ded-GrpcLogAppender: Wait interrupted by java.lang.InterruptedException
2019-10-16 05:54:08,390 [grpc-default-executor-4] INFO  impl.RaftServerImpl (RaftServerImpl.java:setRole(184)) - 9716ed81-e797-4622-8f9d-d0bad6b93ded@group-6F198EFDD6FC: changes role from  FOLLOWER to FOLLOWER at term 7 for recognizeCandidate:7f194c44-d326-466e-a2f3-1afa0b12311e
2019-10-16 05:54:08,390 [grpc-default-executor-4] INFO  impl.RoleInfo (RoleInfo.java:shutdownFollowerState(121)) - 9716ed81-e797-4622-8f9d-d0bad6b93ded: shutdown FollowerState
2019-10-16 05:54:08,394 [77d0bf9b-6f4c-431e-a5f1-454f54e3e5de@group-B2A04D870F72-LeaderElection26] INFO  impl.LeaderElection (LeaderElection.java:askForVotes(178)) - 77d0bf9b-6f4c-431e-a5f1-454f54e3e5de@group-B2A04D870F72-LeaderElection26: begin an election at term 3 for -1: [77d0bf9b-6f4c-431e-a5f1-454f54e3e5de:192.168.69.104:37359, fa7e6ed1-247f-43d6-9abd-8e5119d5804b:192.168.69.104:37305, e8d6ebf1-6bcf-43aa-933b-e68e6e027da1:192.168.69.104:46329], old=null
2019-10-16 05:54:08,394 [f673e017-6a23-4a4d-8684-47aa34924efd@group-386E37E5741C-LeaderElection25] INFO  impl.LeaderElection (LeaderElection.java:askForVotes(178)) - f673e017-6a23-4a4d-8684-47aa34924efd@group-386E37E5741C-LeaderElection25: begin an election at term 2 for -1: [68874196-04c8-425f-a7cc-e98956f4184b:192.168.69.104:44736, f673e017-6a23-4a4d-8684-47aa34924efd:192.168.69.104:34714, 9ecd346d-e4ad-4887-80b5-747eac63700e:192.168.69.104:38392], old=null
2019-10-16 05:54:08,395 [grpc-default-executor-0] INFO  server.GrpcServerProtocolService (GrpcServerProtocolService.java:onCompleted(113)) - 7f194c44-d326-466e-a2f3-1afa0b12311e: Completed APPEND_ENTRIES, lastRequest: null
2019-10-16 05:54:08,420 [Thread-428] INFO  impl.FollowerState (FollowerState.java:run(117)) - 9716ed81-e797-4622-8f9d-d0bad6b93ded@group-6F198EFDD6FC-FollowerState was interrupted: java.lang.InterruptedException: sleep interrupted
2019-10-16 05:54:08,420 [grpc-default-executor-0] INFO  server.GrpcLogAppender (GrpcLogAppender.java:onCompleted(308)) - 28fad83d-bdd1-43c5-9066-2f84db181b78@group-6F198EFDD6FC->7f194c44-d326-466e-a2f3-1afa0b12311e-AppendLogResponseHandler: follower responses appendEntries COMPLETED
2019-10-16 05:54:08,423 [grpc-default-executor-4] INFO  impl.RoleInfo (RoleInfo.java:updateAndGet(143)) - 9716ed81-e797-4622-8f9d-d0bad6b93ded: start FollowerState
2019-10-16 05:54:08,434 [grpc-default-executor-0] INFO  impl.FollowerInfo (FollowerInfo.java:lambda$new$0(51)) - 28fad83d-bdd1-43c5-9066-2f84db181b78@group-6F198EFDD6FC->7f194c44-d326-466e-a2f3-1afa0b12311e: nextIndex: updateUnconditionally 0 -> 0
2019-10-16 05:54:08,434 [e8d6ebf1-6bcf-43aa-933b-e68e6e027da1@group-B2A04D870F72-LeaderElection22] INFO  impl.LeaderElection (LeaderElection.java:logAndReturn(56)) - e8d6ebf1-6bcf-43aa-933b-e68e6e027da1@group-B2A04D870F72-LeaderElection22: Election REJECTED; received 2 response(s) [e8d6ebf1-6bcf-43aa-933b-e68e6e027da1<-77d0bf9b-6f4c-431e-a5f1-454f54e3e5de#0:FAIL-t3, e8d6ebf1-6bcf-43aa-933b-e68e6e027da1<-fa7e6ed1-247f-43d6-9abd-8e5119d5804b#0:FAIL-t3] and 0 exception(s); e8d6ebf1-6bcf-43aa-933b-e68e6e027da1@group-B2A04D870F72:t3, leader=null, voted=e8d6ebf1-6bcf-43aa-933b-e68e6e027da1, raftlog=e8d6ebf1-6bcf-43aa-933b-e68e6e027da1@group-B2A04D870F72-SegmentedRaftLog:OPENED:c-1,f-1,i0, conf=-1: [77d0bf9b-6f4c-431e-a5f1-454f54e3e5de:192.168.69.104:37359, fa7e6ed1-247f-43d6-9abd-8e5119d5804b:192.168.69.104:37305, e8d6ebf1-6bcf-43aa-933b-e68e6e027da1:192.168.69.104:46329], old=null
2019-10-16 05:54:08,435 [e8d6ebf1-6bcf-43aa-933b-e68e6e027da1@group-B2A04D870F72-LeaderElection22] INFO  impl.RaftServerImpl (RaftServerImpl.java:setRole(184)) - e8d6ebf1-6bcf-43aa-933b-e68e6e027da1@group-B2A04D870F72: changes role from CANDIDATE to FOLLOWER at term 3 for DISCOVERED_A_NEW_TERM
2019-10-16 05:54:08,440 [e8d6ebf1-6bcf-43aa-933b-e68e6e027da1@group-B2A04D870F72-LeaderElection22] INFO  impl.RoleInfo (RoleInfo.java:shutdownLeaderElection(134)) - e8d6ebf1-6bcf-43aa-933b-e68e6e027da1: shutdown LeaderElection
2019-10-16 05:54:08,440 [e8d6ebf1-6bcf-43aa-933b-e68e6e027da1@group-B2A04D870F72-LeaderElection22] INFO  impl.RoleInfo (RoleInfo.java:updateAndGet(143)) - e8d6ebf1-6bcf-43aa-933b-e68e6e027da1: start FollowerState
2019-10-16 05:54:08,449 [fa7e6ed1-247f-43d6-9abd-8e5119d5804b@group-B2A04D870F72-LeaderElection23] INFO  impl.LeaderElection (LeaderElection.java:logAndReturn(56)) - fa7e6ed1-247f-43d6-9abd-8e5119d5804b@group-B2A04D870F72-LeaderElection23: Election TIMEOUT; received 1 response(s) [fa7e6ed1-247f-43d6-9abd-8e5119d5804b<-77d0bf9b-6f4c-431e-a5f1-454f54e3e5de#0:FAIL-t3] and 0 exception(s); fa7e6ed1-247f-43d6-9abd-8e5119d5804b@group-B2A04D870F72:t3, leader=null, voted=fa7e6ed1-247f-43d6-9abd-8e5119d5804b, raftlog=fa7e6ed1-247f-43d6-9abd-8e5119d5804b@group-B2A04D870F72-SegmentedRaftLog:OPENED:c-1,f-1,i0, conf=-1: [77d0bf9b-6f4c-431e-a5f1-454f54e3e5de:192.168.69.104:37359, fa7e6ed1-247f-43d6-9abd-8e5119d5804b:192.168.69.104:37305, e8d6ebf1-6bcf-43aa-933b-e68e6e027da1:192.168.69.104:46329], old=null
2019-10-16 05:54:08,453 [Thread-449] INFO  impl.FollowerState (FollowerState.java:run(108)) - 9716ed81-e797-4622-8f9d-d0bad6b93ded@group-6F198EFDD6FC-FollowerState: change to CANDIDATE, lastRpcTime:30ms, electionTimeout:8ms
2019-10-16 05:54:08,468 [Thread-449] INFO  impl.RoleInfo (RoleInfo.java:shutdownFollowerState(121)) - 9716ed81-e797-4622-8f9d-d0bad6b93ded: shutdown FollowerState
2019-10-16 05:54:08,468 [Thread-449] INFO  impl.RaftServerImpl (RaftServerImpl.java:setRole(184)) - 9716ed81-e797-4622-8f9d-d0bad6b93ded@group-6F198EFDD6FC: changes role from  FOLLOWER to CANDIDATE at term 7 for changeToCandidate
2019-10-16 05:54:08,468 [Thread-449] INFO  impl.RoleInfo (RoleInfo.java:updateAndGet(143)) - 9716ed81-e797-4622-8f9d-d0bad6b93ded: start LeaderElection
2019-10-16 05:54:08,470 [grpc-default-executor-0] INFO  server.GrpcServerProtocolService (GrpcServerProtocolService.java:onCompleted(113)) - 9716ed81-e797-4622-8f9d-d0bad6b93ded: Completed APPEND_ENTRIES, lastRequest: null
2019-10-16 05:54:08,499 [7f194c44-d326-466e-a2f3-1afa0b12311e@group-6F198EFDD6FC-LeaderElection19] INFO  impl.LeaderElection (LeaderElection.java:logAndReturn(56)) - 7f194c44-d326-466e-a2f3-1afa0b12311e@group-6F198EFDD6FC-LeaderElection19: Election TIMEOUT; received 0 response(s) [] and 0 exception(s); 7f194c44-d326-466e-a2f3-1afa0b12311e@group-6F198EFDD6FC:t7, leader=null, voted=7f194c44-d326-466e-a2f3-1afa0b12311e, raftlog=7f194c44-d326-466e-a2f3-1afa0b12311e@group-6F198EFDD6FC-SegmentedRaftLog:OPENED:c-1,f-1,i0, conf=-1: [7f194c44-d326-466e-a2f3-1afa0b12311e:192.168.69.104:41593, 28fad83d-bdd1-43c5-9066-2f84db181b78:192.168.69.104:43518, 9716ed81-e797-4622-8f9d-d0bad6b93ded:192.168.69.104:37182], old=null
2019-10-16 05:54:08,499 [77d0bf9b-6f4c-431e-a5f1-454f54e3e5de@group-B2A04D870F72-LeaderElection26] INFO  impl.LeaderElection (LeaderElection.java:logAndReturn(56)) - 77d0bf9b-6f4c-431e-a5f1-454f54e3e5de@group-B2A04D870F72-LeaderElection26: Election TIMEOUT; received 0 response(s) [] and 0 exception(s); 77d0bf9b-6f4c-431e-a5f1-454f54e3e5de@group-B2A04D870F72:t3, leader=null, voted=77d0bf9b-6f4c-431e-a5f1-454f54e3e5de, raftlog=77d0bf9b-6f4c-431e-a5f1-454f54e3e5de@group-B2A04D870F72-SegmentedRaftLog:OPENED:c-1,f-1,i0, conf=-1: [77d0bf9b-6f4c-431e-a5f1-454f54e3e5de:192.168.69.104:37359, fa7e6ed1-247f-43d6-9abd-8e5119d5804b:192.168.69.104:37305, e8d6ebf1-6bcf-43aa-933b-e68e6e027da1:192.168.69.104:46329], old=null
2019-10-16 05:54:08,499 [fa7e6ed1-247f-43d6-9abd-8e5119d5804b@group-B2A04D870F72-LeaderElection23] INFO  impl.LeaderElection (LeaderElection.java:askForVotes(178)) - fa7e6ed1-247f-43d6-9abd-8e5119d5804b@group-B2A04D870F72-LeaderElection23: begin an election at term 4 for -1: [77d0bf9b-6f4c-431e-a5f1-454f54e3e5de:192.168.69.104:37359, fa7e6ed1-247f-43d6-9abd-8e5119d5804b:192.168.69.104:37305, e8d6ebf1-6bcf-43aa-933b-e68e6e027da1:192.168.69.104:46329], old=null
2019-10-16 05:54:08,534 [9716ed81-e797-4622-8f9d-d0bad6b93ded@group-6F198EFDD6FC-LeaderElection27] INFO  impl.LeaderElection (LeaderElection.java:askForVotes(178)) - 9716ed81-e797-4622-8f9d-d0bad6b93ded@group-6F198EFDD6FC-LeaderElection27: begin an election at term 8 for -1: [7f194c44-d326-466e-a2f3-1afa0b12311e:192.168.69.104:41593, 28fad83d-bdd1-43c5-9066-2f84db181b78:192.168.69.104:43518, 9716ed81-e797-4622-8f9d-d0bad6b93ded:192.168.69.104:37182], old=null
2019-10-16 05:54:08,534 [68874196-04c8-425f-a7cc-e98956f4184b@group-386E37E5741C-LeaderElection24] INFO  impl.LeaderElection (LeaderElection.java:logAndReturn(56)) - 68874196-04c8-425f-a7cc-e98956f4184b@group-386E37E5741C-LeaderElection24: Election TIMEOUT; received 0 response(s) [] and 0 exception(s); 68874196-04c8-425f-a7cc-e98956f4184b@group-386E37E5741C:t2, leader=null, voted=68874196-04c8-425f-a7cc-e98956f4184b, raftlog=68874196-04c8-425f-a7cc-e98956f4184b@group-386E37E5741C-SegmentedRaftLog:OPENED:c-1,f-1,i0, conf=-1: [68874196-04c8-425f-a7cc-e98956f4184b:192.168.69.104:44736, f673e017-6a23-4a4d-8684-47aa34924efd:192.168.69.104:34714, 9ecd346d-e4ad-4887-80b5-747eac63700e:192.168.69.104:38392], old=null
2019-10-16 05:54:08,539 [9ecd346d-e4ad-4887-80b5-747eac63700e@group-386E37E5741C-LeaderElection21] INFO  impl.LeaderElection (LeaderElection.java:logAndReturn(56)) - 9ecd346d-e4ad-4887-80b5-747eac63700e@group-386E37E5741C-LeaderElection21: Election REJECTED; received 2 response(s) [9ecd346d-e4ad-4887-80b5-747eac63700e<-68874196-04c8-425f-a7cc-e98956f4184b#0:FAIL-t2, 9ecd346d-e4ad-4887-80b5-747eac63700e<-f673e017-6a23-4a4d-8684-47aa34924efd#0:FAIL-t2] and 0 exception(s); 9ecd346d-e4ad-4887-80b5-747eac63700e@group-386E37E5741C:t2, leader=null, voted=9ecd346d-e4ad-4887-80b5-747eac63700e, raftlog=9ecd346d-e4ad-4887-80b5-747eac63700e@group-386E37E5741C-SegmentedRaftLog:OPENED:c-1,f-1,i0, conf=-1: [68874196-04c8-425f-a7cc-e98956f4184b:192.168.69.104:44736, f673e017-6a23-4a4d-8684-47aa34924efd:192.168.69.104:34714, 9ecd346d-e4ad-4887-80b5-747eac63700e:192.168.69.104:38392], old=null
2019-10-16 05:54:08,539 [9ecd346d-e4ad-4887-80b5-747eac63700e@group-386E37E5741C-LeaderElection21] INFO  impl.RaftServerImpl (RaftServerImpl.java:setRole(184)) - 9ecd346d-e4ad-4887-80b5-747eac63700e@group-386E37E5741C: changes role from CANDIDATE to FOLLOWER at term 2 for DISCOVERED_A_NEW_TERM
2019-10-16 05:54:08,539 [9ecd346d-e4ad-4887-80b5-747eac63700e@group-386E37E5741C-LeaderElection21] INFO  impl.RoleInfo (RoleInfo.java:shutdownLeaderElection(134)) - 9ecd346d-e4ad-4887-80b5-747eac63700e: shutdown LeaderElection
2019-10-16 05:54:08,539 [9ecd346d-e4ad-4887-80b5-747eac63700e@group-386E37E5741C-LeaderElection21] INFO  impl.RoleInfo (RoleInfo.java:updateAndGet(143)) - 9ecd346d-e4ad-4887-80b5-747eac63700e: start FollowerState
2019-10-16 05:54:08,544 [grpc-default-executor-4] INFO  impl.RaftServerImpl (RaftServerImpl.java:setRole(184)) - 28fad83d-bdd1-43c5-9066-2f84db181b78@group-6F198EFDD6FC: changes role from  FOLLOWER to FOLLOWER at term 7 for recognizeCandidate:7f194c44-d326-466e-a2f3-1afa0b12311e
2019-10-16 05:54:08,566 [IPC Server handler 8 on 35571] INFO  volume.OMVolumeCreateRequest (OMVolumeCreateRequest.java:validateAndUpdateCache(193)) - created volume:5e19beb4-1e5b-4672-887c-86432b5ec162 for user:jenkins1000
2019-10-16 05:54:08,565 [7f194c44-d326-466e-a2f3-1afa0b12311e@group-6F198EFDD6FC-LeaderElection19] INFO  impl.LeaderElection (LeaderElection.java:askForVotes(178)) - 7f194c44-d326-466e-a2f3-1afa0b12311e@group-6F198EFDD6FC-LeaderElection19: begin an election at term 8 for -1: [7f194c44-d326-466e-a2f3-1afa0b12311e:192.168.69.104:41593, 28fad83d-bdd1-43c5-9066-2f84db181b78:192.168.69.104:43518, 9716ed81-e797-4622-8f9d-d0bad6b93ded:192.168.69.104:37182], old=null
2019-10-16 05:54:08,565 [77d0bf9b-6f4c-431e-a5f1-454f54e3e5de@group-B2A04D870F72-LeaderElection26] INFO  impl.LeaderElection (LeaderElection.java:askForVotes(178)) - 77d0bf9b-6f4c-431e-a5f1-454f54e3e5de@group-B2A04D870F72-LeaderElection26: begin an election at term 4 for -1: [77d0bf9b-6f4c-431e-a5f1-454f54e3e5de:192.168.69.104:37359, fa7e6ed1-247f-43d6-9abd-8e5119d5804b:192.168.69.104:37305, e8d6ebf1-6bcf-43aa-933b-e68e6e027da1:192.168.69.104:46329], old=null
2019-10-16 05:54:08,565 [68874196-04c8-425f-a7cc-e98956f4184b@group-386E37E5741C-LeaderElection24] INFO  impl.LeaderElection (LeaderElection.java:askForVotes(178)) - 68874196-04c8-425f-a7cc-e98956f4184b@group-386E37E5741C-LeaderElection24: begin an election at term 3 for -1: [68874196-04c8-425f-a7cc-e98956f4184b:192.168.69.104:44736, f673e017-6a23-4a4d-8684-47aa34924efd:192.168.69.104:34714, 9ecd346d-e4ad-4887-80b5-747eac63700e:192.168.69.104:38392], old=null
2019-10-16 05:54:08,577 [Thread-456] INFO  impl.FollowerState (FollowerState.java:run(108)) - 9ecd346d-e4ad-4887-80b5-747eac63700e@group-386E37E5741C-FollowerState: change to CANDIDATE, lastRpcTime:37ms, electionTimeout:36ms
2019-10-16 05:54:08,577 [grpc-default-executor-4] INFO  impl.RoleInfo (RoleInfo.java:shutdownFollowerState(121)) - 28fad83d-bdd1-43c5-9066-2f84db181b78: shutdown FollowerState
2019-10-16 05:54:08,578 [Thread-456] INFO  impl.RoleInfo (RoleInfo.java:shutdownFollowerState(121)) - 9ecd346d-e4ad-4887-80b5-747eac63700e: shutdown FollowerState
2019-10-16 05:54:08,578 [grpc-default-executor-1] INFO  server.GrpcLogAppender (GrpcLogAppender.java:onCompleted(308)) - 28fad83d-bdd1-43c5-9066-2f84db181b78@group-6F198EFDD6FC->9716ed81-e797-4622-8f9d-d0bad6b93ded-AppendLogResponseHandler: follower responses appendEntries COMPLETED
2019-10-16 05:54:08,579 [Thread-456] INFO  impl.RaftServerImpl (RaftServerImpl.java:setRole(184)) - 9ecd346d-e4ad-4887-80b5-747eac63700e@group-386E37E5741C: changes role from  FOLLOWER to CANDIDATE at term 2 for changeToCandidate
2019-10-16 05:54:08,579 [Thread-439] INFO  impl.FollowerState (FollowerState.java:run(117)) - 28fad83d-bdd1-43c5-9066-2f84db181b78@group-6F198EFDD6FC-FollowerState was interrupted: java.lang.InterruptedException: sleep interrupted
2019-10-16 05:54:08,580 [Thread-456] INFO  impl.RoleInfo (RoleInfo.java:updateAndGet(143)) - 9ecd346d-e4ad-4887-80b5-747eac63700e: start LeaderElection
2019-10-16 05:54:08,580 [grpc-default-executor-4] INFO  impl.RoleInfo (RoleInfo.java:updateAndGet(143)) - 28fad83d-bdd1-43c5-9066-2f84db181b78: start FollowerState
2019-10-16 05:54:08,583 [f673e017-6a23-4a4d-8684-47aa34924efd@group-386E37E5741C-LeaderElection25] INFO  impl.LeaderElection (LeaderElection.java:logAndReturn(56)) - f673e017-6a23-4a4d-8684-47aa34924efd@group-386E37E5741C-LeaderElection25: Election TIMEOUT; received 0 response(s) [] and 0 exception(s); f673e017-6a23-4a4d-8684-47aa34924efd@group-386E37E5741C:t2, leader=null, voted=f673e017-6a23-4a4d-8684-47aa34924efd, raftlog=f673e017-6a23-4a4d-8684-47aa34924efd@group-386E37E5741C-SegmentedRaftLog:OPENED:c-1,f-1,i0, conf=-1: [68874196-04c8-425f-a7cc-e98956f4184b:192.168.69.104:44736, f673e017-6a23-4a4d-8684-47aa34924efd:192.168.69.104:34714, 9ecd346d-e4ad-4887-80b5-747eac63700e:192.168.69.104:38392], old=null
2019-10-16 05:54:08,583 [grpc-default-executor-0] INFO  impl.RaftServerImpl (RaftServerImpl.java:setRole(184)) - e8d6ebf1-6bcf-43aa-933b-e68e6e027da1@group-B2A04D870F72: changes role from  FOLLOWER to FOLLOWER at term 4 for recognizeCandidate:fa7e6ed1-247f-43d6-9abd-8e5119d5804b
2019-10-16 05:54:08,585 [grpc-default-executor-0] INFO  impl.RoleInfo (RoleInfo.java:shutdownFollowerState(121)) - e8d6ebf1-6bcf-43aa-933b-e68e6e027da1: shutdown FollowerState
2019-10-16 05:54:08,586 [grpc-default-executor-0] INFO  impl.RoleInfo (RoleInfo.java:updateAndGet(143)) - e8d6ebf1-6bcf-43aa-933b-e68e6e027da1: start FollowerState
2019-10-16 05:54:08,586 [Thread-450] INFO  impl.FollowerState (FollowerState.java:run(117)) - e8d6ebf1-6bcf-43aa-933b-e68e6e027da1@group-B2A04D870F72-FollowerState was interrupted: java.lang.InterruptedException: sleep interrupted
2019-10-16 05:54:08,587 [grpc-default-executor-1] INFO  impl.FollowerInfo (FollowerInfo.java:lambda$new$0(51)) - 28fad83d-bdd1-43c5-9066-2f84db181b78@group-6F198EFDD6FC->9716ed81-e797-4622-8f9d-d0bad6b93ded: nextIndex: updateUnconditionally 0 -> 0
2019-10-16 05:54:08,614 [77d0bf9b-6f4c-431e-a5f1-454f54e3e5de@group-B2A04D870F72-LeaderElection26] INFO  impl.LeaderElection (LeaderElection.java:logAndReturn(56)) - 77d0bf9b-6f4c-431e-a5f1-454f54e3e5de@group-B2A04D870F72-LeaderElection26: Election TIMEOUT; received 0 response(s) [] and 0 exception(s); 77d0bf9b-6f4c-431e-a5f1-454f54e3e5de@group-B2A04D870F72:t4, leader=null, voted=77d0bf9b-6f4c-431e-a5f1-454f54e3e5de, raftlog=77d0bf9b-6f4c-431e-a5f1-454f54e3e5de@group-B2A04D870F72-SegmentedRaftLog:OPENED:c-1,f-1,i0, conf=-1: [77d0bf9b-6f4c-431e-a5f1-454f54e3e5de:192.168.69.104:37359, fa7e6ed1-247f-43d6-9abd-8e5119d5804b:192.168.69.104:37305, e8d6ebf1-6bcf-43aa-933b-e68e6e027da1:192.168.69.104:46329], old=null
2019-10-16 05:54:08,600 [fa7e6ed1-247f-43d6-9abd-8e5119d5804b@group-B2A04D870F72-LeaderElection23] INFO  impl.LeaderElection (LeaderElection.java:logAndReturn(56)) - fa7e6ed1-247f-43d6-9abd-8e5119d5804b@group-B2A04D870F72-LeaderElection23: Election TIMEOUT; received 0 response(s) [] and 0 exception(s); fa7e6ed1-247f-43d6-9abd-8e5119d5804b@group-B2A04D870F72:t4, leader=null, voted=fa7e6ed1-247f-43d6-9abd-8e5119d5804b, raftlog=fa7e6ed1-247f-43d6-9abd-8e5119d5804b@group-B2A04D870F72-SegmentedRaftLog:OPENED:c-1,f-1,i0, conf=-1: [77d0bf9b-6f4c-431e-a5f1-454f54e3e5de:192.168.69.104:37359, fa7e6ed1-247f-43d6-9abd-8e5119d5804b:192.168.69.104:37305, e8d6ebf1-6bcf-43aa-933b-e68e6e027da1:192.168.69.104:46329], old=null
2019-10-16 05:54:08,600 [grpc-default-executor-3] INFO  impl.RaftServerImpl (RaftServerImpl.java:setRole(184)) - 28fad83d-bdd1-43c5-9066-2f84db181b78@group-6F198EFDD6FC: changes role from  FOLLOWER to FOLLOWER at term 8 for recognizeCandidate:7f194c44-d326-466e-a2f3-1afa0b12311e
2019-10-16 05:54:08,599 [f673e017-6a23-4a4d-8684-47aa34924efd@group-386E37E5741C-LeaderElection25] INFO  impl.LeaderElection (LeaderElection.java:askForVotes(178)) - f673e017-6a23-4a4d-8684-47aa34924efd@group-386E37E5741C-LeaderElection25: begin an election at term 3 for -1: [68874196-04c8-425f-a7cc-e98956f4184b:192.168.69.104:44736, f673e017-6a23-4a4d-8684-47aa34924efd:192.168.69.104:34714, 9ecd346d-e4ad-4887-80b5-747eac63700e:192.168.69.104:38392], old=null
2019-10-16 05:54:08,599 [9ecd346d-e4ad-4887-80b5-747eac63700e@group-386E37E5741C-LeaderElection28] INFO  impl.LeaderElection (LeaderElection.java:askForVotes(178)) - 9ecd346d-e4ad-4887-80b5-747eac63700e@group-386E37E5741C-LeaderElection28: begin an election at term 3 for -1: [68874196-04c8-425f-a7cc-e98956f4184b:192.168.69.104:44736, f673e017-6a23-4a4d-8684-47aa34924efd:192.168.69.104:34714, 9ecd346d-e4ad-4887-80b5-747eac63700e:192.168.69.104:38392], old=null
2019-10-16 05:54:08,625 [grpc-default-executor-3] INFO  impl.RoleInfo (RoleInfo.java:shutdownFollowerState(121)) - 28fad83d-bdd1-43c5-9066-2f84db181b78: shutdown FollowerState
2019-10-16 05:54:08,622 [7f194c44-d326-466e-a2f3-1afa0b12311e@group-6F198EFDD6FC-LeaderElection19] INFO  impl.LeaderElection (LeaderElection.java:logAndReturn(56)) - 7f194c44-d326-466e-a2f3-1afa0b12311e@group-6F198EFDD6FC-LeaderElection19: Election TIMEOUT; received 0 response(s) [] and 0 exception(s); 7f194c44-d326-466e-a2f3-1afa0b12311e@group-6F198EFDD6FC:t8, leader=null, voted=7f194c44-d326-466e-a2f3-1afa0b12311e, raftlog=7f194c44-d326-466e-a2f3-1afa0b12311e@group-6F198EFDD6FC-SegmentedRaftLog:OPENED:c-1,f-1,i0, conf=-1: [7f194c44-d326-466e-a2f3-1afa0b12311e:192.168.69.104:41593, 28fad83d-bdd1-43c5-9066-2f84db181b78:192.168.69.104:43518, 9716ed81-e797-4622-8f9d-d0bad6b93ded:192.168.69.104:37182], old=null
2019-10-16 05:54:08,628 [Thread-462] INFO  impl.FollowerState (FollowerState.java:run(117)) - 28fad83d-bdd1-43c5-9066-2f84db181b78@group-6F198EFDD6FC-FollowerState was interrupted: java.lang.InterruptedException: sleep interrupted
2019-10-16 05:54:08,632 [grpc-default-executor-3] INFO  impl.RoleInfo (RoleInfo.java:updateAndGet(143)) - 28fad83d-bdd1-43c5-9066-2f84db181b78: start FollowerState
2019-10-16 05:54:08,641 [fa7e6ed1-247f-43d6-9abd-8e5119d5804b@group-B2A04D870F72-LeaderElection23] INFO  impl.LeaderElection (LeaderElection.java:askForVotes(178)) - fa7e6ed1-247f-43d6-9abd-8e5119d5804b@group-B2A04D870F72-LeaderElection23: begin an election at term 5 for -1: [77d0bf9b-6f4c-431e-a5f1-454f54e3e5de:192.168.69.104:37359, fa7e6ed1-247f-43d6-9abd-8e5119d5804b:192.168.69.104:37305, e8d6ebf1-6bcf-43aa-933b-e68e6e027da1:192.168.69.104:46329], old=null
2019-10-16 05:54:08,641 [77d0bf9b-6f4c-431e-a5f1-454f54e3e5de@group-B2A04D870F72-LeaderElection26] INFO  impl.LeaderElection (LeaderElection.java:askForVotes(178)) - 77d0bf9b-6f4c-431e-a5f1-454f54e3e5de@group-B2A04D870F72-LeaderElection26: begin an election at term 5 for -1: [77d0bf9b-6f4c-431e-a5f1-454f54e3e5de:192.168.69.104:37359, fa7e6ed1-247f-43d6-9abd-8e5119d5804b:192.168.69.104:37305, e8d6ebf1-6bcf-43aa-933b-e68e6e027da1:192.168.69.104:46329], old=null
2019-10-16 05:54:08,641 [grpc-default-executor-6] INFO  impl.RaftServerImpl (RaftServerImpl.java:setRole(184)) - 28fad83d-bdd1-43c5-9066-2f84db181b78@group-6F198EFDD6FC: changes role from  FOLLOWER to FOLLOWER at term 8 for recognizeCandidate:9716ed81-e797-4622-8f9d-d0bad6b93ded
2019-10-16 05:54:08,641 [7f194c44-d326-466e-a2f3-1afa0b12311e@group-6F198EFDD6FC-LeaderElection19] INFO  impl.LeaderElection (LeaderElection.java:askForVotes(178)) - 7f194c44-d326-466e-a2f3-1afa0b12311e@group-6F198EFDD6FC-LeaderElection19: begin an election at term 9 for -1: [7f194c44-d326-466e-a2f3-1afa0b12311e:192.168.69.104:41593, 28fad83d-bdd1-43c5-9066-2f84db181b78:192.168.69.104:43518, 9716ed81-e797-4622-8f9d-d0bad6b93ded:192.168.69.104:37182], old=null
2019-10-16 05:54:08,641 [grpc-default-executor-6] INFO  impl.RoleInfo (RoleInfo.java:shutdownFollowerState(121)) - 28fad83d-bdd1-43c5-9066-2f84db181b78: shutdown FollowerState
2019-10-16 05:54:08,643 [main] INFO  rpc.RpcClient (RpcClient.java:createBucket(411)) - Creating Bucket: 5e19beb4-1e5b-4672-887c-86432b5ec162/85008ab6-9fe7-4ca0-b0c9-665056c8be02, with Versioning false and Storage Type set to DISK and Encryption set to false 
2019-10-16 05:54:08,674 [Thread-468] INFO  impl.FollowerState (FollowerState.java:run(117)) - 28fad83d-bdd1-43c5-9066-2f84db181b78@group-6F198EFDD6FC-FollowerState was interrupted: java.lang.InterruptedException: sleep interrupted
2019-10-16 05:54:08,674 [grpc-default-executor-6] INFO  impl.RoleInfo (RoleInfo.java:updateAndGet(143)) - 28fad83d-bdd1-43c5-9066-2f84db181b78: start FollowerState
2019-10-16 05:54:08,684 [grpc-default-executor-3] INFO  impl.RaftServerImpl (RaftServerImpl.java:setRole(184)) - e8d6ebf1-6bcf-43aa-933b-e68e6e027da1@group-B2A04D870F72: changes role from  FOLLOWER to FOLLOWER at term 5 for recognizeCandidate:fa7e6ed1-247f-43d6-9abd-8e5119d5804b
2019-10-16 05:54:08,684 [grpc-default-executor-3] INFO  impl.RoleInfo (RoleInfo.java:shutdownFollowerState(121)) - e8d6ebf1-6bcf-43aa-933b-e68e6e027da1: shutdown FollowerState
2019-10-16 05:54:08,685 [grpc-default-executor-4] INFO  impl.RaftServerImpl (RaftServerImpl.java:setRole(184)) - 28fad83d-bdd1-43c5-9066-2f84db181b78@group-6F198EFDD6FC: changes role from  FOLLOWER to FOLLOWER at term 9 for recognizeCandidate:7f194c44-d326-466e-a2f3-1afa0b12311e
2019-10-16 05:54:08,685 [9716ed81-e797-4622-8f9d-d0bad6b93ded@group-6F198EFDD6FC-LeaderElection27] INFO  impl.LeaderElection (LeaderElection.java:logAndReturn(56)) - 9716ed81-e797-4622-8f9d-d0bad6b93ded@group-6F198EFDD6FC-LeaderElection27: Election REJECTED; received 2 response(s) [9716ed81-e797-4622-8f9d-d0bad6b93ded<-28fad83d-bdd1-43c5-9066-2f84db181b78#0:FAIL-t8, 9716ed81-e797-4622-8f9d-d0bad6b93ded<-7f194c44-d326-466e-a2f3-1afa0b12311e#0:FAIL-t8] and 0 exception(s); 9716ed81-e797-4622-8f9d-d0bad6b93ded@group-6F198EFDD6FC:t8, leader=null, voted=9716ed81-e797-4622-8f9d-d0bad6b93ded, raftlog=9716ed81-e797-4622-8f9d-d0bad6b93ded@group-6F198EFDD6FC-SegmentedRaftLog:OPENED:c-1,f-1,i0, conf=-1: [7f194c44-d326-466e-a2f3-1afa0b12311e:192.168.69.104:41593, 28fad83d-bdd1-43c5-9066-2f84db181b78:192.168.69.104:43518, 9716ed81-e797-4622-8f9d-d0bad6b93ded:192.168.69.104:37182], old=null
2019-10-16 05:54:08,685 [grpc-default-executor-4] INFO  impl.RoleInfo (RoleInfo.java:shutdownFollowerState(121)) - 28fad83d-bdd1-43c5-9066-2f84db181b78: shutdown FollowerState
2019-10-16 05:54:08,713 [Thread-474] INFO  impl.FollowerState (FollowerState.java:run(117)) - 28fad83d-bdd1-43c5-9066-2f84db181b78@group-6F198EFDD6FC-FollowerState was interrupted: java.lang.InterruptedException: sleep interrupted
2019-10-16 05:54:08,716 [grpc-default-executor-3] INFO  impl.RoleInfo (RoleInfo.java:updateAndGet(143)) - e8d6ebf1-6bcf-43aa-933b-e68e6e027da1: start FollowerState
2019-10-16 05:54:08,713 [Thread-465] INFO  impl.FollowerState (FollowerState.java:run(117)) - e8d6ebf1-6bcf-43aa-933b-e68e6e027da1@group-B2A04D870F72-FollowerState was interrupted: java.lang.InterruptedException: sleep interrupted
2019-10-16 05:54:08,713 [9716ed81-e797-4622-8f9d-d0bad6b93ded@group-6F198EFDD6FC-LeaderElection27] INFO  impl.RaftServerImpl (RaftServerImpl.java:setRole(184)) - 9716ed81-e797-4622-8f9d-d0bad6b93ded@group-6F198EFDD6FC: changes role from CANDIDATE to FOLLOWER at term 8 for DISCOVERED_A_NEW_TERM
2019-10-16 05:54:08,720 [9716ed81-e797-4622-8f9d-d0bad6b93ded@group-6F198EFDD6FC-LeaderElection27] INFO  impl.RoleInfo (RoleInfo.java:shutdownLeaderElection(134)) - 9716ed81-e797-4622-8f9d-d0bad6b93ded: shutdown LeaderElection
2019-10-16 05:54:08,713 [grpc-default-executor-4] INFO  impl.RoleInfo (RoleInfo.java:updateAndGet(143)) - 28fad83d-bdd1-43c5-9066-2f84db181b78: start FollowerState
2019-10-16 05:54:08,720 [9716ed81-e797-4622-8f9d-d0bad6b93ded@group-6F198EFDD6FC-LeaderElection27] INFO  impl.RoleInfo (RoleInfo.java:updateAndGet(143)) - 9716ed81-e797-4622-8f9d-d0bad6b93ded: start FollowerState
2019-10-16 05:54:08,721 [68874196-04c8-425f-a7cc-e98956f4184b@group-386E37E5741C-LeaderElection24] INFO  impl.LeaderElection (LeaderElection.java:logAndReturn(56)) - 68874196-04c8-425f-a7cc-e98956f4184b@group-386E37E5741C-LeaderElection24: Election REJECTED; received 2 response(s) [68874196-04c8-425f-a7cc-e98956f4184b<-f673e017-6a23-4a4d-8684-47aa34924efd#0:FAIL-t3, 68874196-04c8-425f-a7cc-e98956f4184b<-9ecd346d-e4ad-4887-80b5-747eac63700e#0:FAIL-t3] and 0 exception(s); 68874196-04c8-425f-a7cc-e98956f4184b@group-386E37E5741C:t3, leader=null, voted=68874196-04c8-425f-a7cc-e98956f4184b, raftlog=68874196-04c8-425f-a7cc-e98956f4184b@group-386E37E5741C-SegmentedRaftLog:OPENED:c-1,f-1,i0, conf=-1: [68874196-04c8-425f-a7cc-e98956f4184b:192.168.69.104:44736, f673e017-6a23-4a4d-8684-47aa34924efd:192.168.69.104:34714, 9ecd346d-e4ad-4887-80b5-747eac63700e:192.168.69.104:38392], old=null
2019-10-16 05:54:08,721 [68874196-04c8-425f-a7cc-e98956f4184b@group-386E37E5741C-LeaderElection24] INFO  impl.RaftServerImpl (RaftServerImpl.java:setRole(184)) - 68874196-04c8-425f-a7cc-e98956f4184b@group-386E37E5741C: changes role from CANDIDATE to FOLLOWER at term 3 for DISCOVERED_A_NEW_TERM
2019-10-16 05:54:08,722 [68874196-04c8-425f-a7cc-e98956f4184b@group-386E37E5741C-LeaderElection24] INFO  impl.RoleInfo (RoleInfo.java:shutdownLeaderElection(134)) - 68874196-04c8-425f-a7cc-e98956f4184b: shutdown LeaderElection
2019-10-16 05:54:08,722 [68874196-04c8-425f-a7cc-e98956f4184b@group-386E37E5741C-LeaderElection24] INFO  impl.RoleInfo (RoleInfo.java:updateAndGet(143)) - 68874196-04c8-425f-a7cc-e98956f4184b: start FollowerState
2019-10-16 05:54:08,727 [grpc-default-executor-2] INFO  impl.RaftServerImpl (RaftServerImpl.java:setRole(184)) - 9716ed81-e797-4622-8f9d-d0bad6b93ded@group-6F198EFDD6FC: changes role from  FOLLOWER to FOLLOWER at term 9 for recognizeCandidate:7f194c44-d326-466e-a2f3-1afa0b12311e
2019-10-16 05:54:08,748 [Thread-479] INFO  impl.FollowerState (FollowerState.java:run(108)) - e8d6ebf1-6bcf-43aa-933b-e68e6e027da1@group-B2A04D870F72-FollowerState: change to CANDIDATE, lastRpcTime:32ms, electionTimeout:28ms
2019-10-16 05:54:08,736 [fa7e6ed1-247f-43d6-9abd-8e5119d5804b@group-B2A04D870F72-LeaderElection23] INFO  impl.LeaderElection (LeaderElection.java:logAndReturn(56)) - fa7e6ed1-247f-43d6-9abd-8e5119d5804b@group-B2A04D870F72-LeaderElection23: Election PASSED; received 1 response(s) [fa7e6ed1-247f-43d6-9abd-8e5119d5804b<-e8d6ebf1-6bcf-43aa-933b-e68e6e027da1#0:OK-t5] and 0 exception(s); fa7e6ed1-247f-43d6-9abd-8e5119d5804b@group-B2A04D870F72:t5, leader=null, voted=fa7e6ed1-247f-43d6-9abd-8e5119d5804b, raftlog=fa7e6ed1-247f-43d6-9abd-8e5119d5804b@group-B2A04D870F72-SegmentedRaftLog:OPENED:c-1,f-1,i0, conf=-1: [77d0bf9b-6f4c-431e-a5f1-454f54e3e5de:192.168.69.104:37359, fa7e6ed1-247f-43d6-9abd-8e5119d5804b:192.168.69.104:37305, e8d6ebf1-6bcf-43aa-933b-e68e6e027da1:192.168.69.104:46329], old=null
2019-10-16 05:54:08,751 [Thread-479] INFO  impl.RoleInfo (RoleInfo.java:shutdownFollowerState(121)) - e8d6ebf1-6bcf-43aa-933b-e68e6e027da1: shutdown FollowerState
2019-10-16 05:54:08,751 [grpc-default-executor-2] INFO  impl.RoleInfo (RoleInfo.java:shutdownFollowerState(121)) - 9716ed81-e797-4622-8f9d-d0bad6b93ded: shutdown FollowerState
2019-10-16 05:54:08,751 [77d0bf9b-6f4c-431e-a5f1-454f54e3e5de@group-B2A04D870F72-LeaderElection26] INFO  impl.LeaderElection (LeaderElection.java:logAndReturn(56)) - 77d0bf9b-6f4c-431e-a5f1-454f54e3e5de@group-B2A04D870F72-LeaderElection26: Election TIMEOUT; received 1 response(s) [77d0bf9b-6f4c-431e-a5f1-454f54e3e5de<-fa7e6ed1-247f-43d6-9abd-8e5119d5804b#0:FAIL-t5] and 0 exception(s); 77d0bf9b-6f4c-431e-a5f1-454f54e3e5de@group-B2A04D870F72:t5, leader=null, voted=77d0bf9b-6f4c-431e-a5f1-454f54e3e5de, raftlog=77d0bf9b-6f4c-431e-a5f1-454f54e3e5de@group-B2A04D870F72-SegmentedRaftLog:OPENED:c-1,f-1,i0, conf=-1: [77d0bf9b-6f4c-431e-a5f1-454f54e3e5de:192.168.69.104:37359, fa7e6ed1-247f-43d6-9abd-8e5119d5804b:192.168.69.104:37305, e8d6ebf1-6bcf-43aa-933b-e68e6e027da1:192.168.69.104:46329], old=null
2019-10-16 05:54:08,753 [grpc-default-executor-2] INFO  impl.RoleInfo (RoleInfo.java:updateAndGet(143)) - 9716ed81-e797-4622-8f9d-d0bad6b93ded: start FollowerState
2019-10-16 05:54:08,753 [Thread-480] INFO  impl.FollowerState (FollowerState.java:run(117)) - 9716ed81-e797-4622-8f9d-d0bad6b93ded@group-6F198EFDD6FC-FollowerState was interrupted: java.lang.InterruptedException: sleep interrupted
2019-10-16 05:54:08,753 [Thread-479] INFO  impl.RaftServerImpl (RaftServerImpl.java:setRole(184)) - e8d6ebf1-6bcf-43aa-933b-e68e6e027da1@group-B2A04D870F72: changes role from  FOLLOWER to CANDIDATE at term 5 for changeToCandidate
2019-10-16 05:54:08,751 [fa7e6ed1-247f-43d6-9abd-8e5119d5804b@group-B2A04D870F72-LeaderElection23] INFO  impl.RoleInfo (RoleInfo.java:shutdownLeaderElection(134)) - fa7e6ed1-247f-43d6-9abd-8e5119d5804b: shutdown LeaderElection
2019-10-16 05:54:08,764 [fa7e6ed1-247f-43d6-9abd-8e5119d5804b@group-B2A04D870F72-LeaderElection23] INFO  impl.RaftServerImpl (RaftServerImpl.java:setRole(184)) - fa7e6ed1-247f-43d6-9abd-8e5119d5804b@group-B2A04D870F72: changes role from CANDIDATE to LEADER at term 5 for changeToLeader
2019-10-16 05:54:08,764 [Thread-479] INFO  impl.RoleInfo (RoleInfo.java:updateAndGet(143)) - e8d6ebf1-6bcf-43aa-933b-e68e6e027da1: start LeaderElection
2019-10-16 05:54:08,764 [fa7e6ed1-247f-43d6-9abd-8e5119d5804b@group-B2A04D870F72-LeaderElection23] INFO  impl.RaftServerImpl (ServerState.java:setLeader(256)) - fa7e6ed1-247f-43d6-9abd-8e5119d5804b@group-B2A04D870F72: change Leader from null to fa7e6ed1-247f-43d6-9abd-8e5119d5804b at term 5 for becomeLeader, leader elected after 1121ms
2019-10-16 05:54:08,764 [fa7e6ed1-247f-43d6-9abd-8e5119d5804b@group-B2A04D870F72-LeaderElection23] INFO  server.RaftServerConfigKeys (ConfUtils.java:logGet(43)) - raft.server.staging.catchup.gap = 1000 (default)
2019-10-16 05:54:08,765 [fa7e6ed1-247f-43d6-9abd-8e5119d5804b@group-B2A04D870F72-LeaderElection23] INFO  server.RaftServerConfigKeys (ConfUtils.java:logGet(43)) - raft.server.rpc.sleep.time = 25ms (default)
2019-10-16 05:54:08,766 [fa7e6ed1-247f-43d6-9abd-8e5119d5804b@group-B2A04D870F72-LeaderElection23] INFO  server.RaftServerConfigKeys (ConfUtils.java:logGet(43)) - raft.server.write.element-limit = 4096 (default)
2019-10-16 05:54:08,767 [fa7e6ed1-247f-43d6-9abd-8e5119d5804b@group-B2A04D870F72-LeaderElection23] INFO  server.RaftServerConfigKeys (ConfUtils.java:logGet(43)) - raft.server.watch.timeout = 10s (default)
2019-10-16 05:54:08,767 [fa7e6ed1-247f-43d6-9abd-8e5119d5804b@group-B2A04D870F72-LeaderElection23] INFO  server.RaftServerConfigKeys (ConfUtils.java:logGet(43)) - raft.server.watch.timeout.denomination = 1s (default)
2019-10-16 05:54:08,767 [fa7e6ed1-247f-43d6-9abd-8e5119d5804b@group-B2A04D870F72-LeaderElection23] INFO  server.RaftServerConfigKeys (ConfUtils.java:logGet(43)) - raft.server.watch.element-limit = 65536 (default)
2019-10-16 05:54:08,778 [e8d6ebf1-6bcf-43aa-933b-e68e6e027da1@group-B2A04D870F72-LeaderElection29] INFO  impl.LeaderElection (LeaderElection.java:askForVotes(178)) - e8d6ebf1-6bcf-43aa-933b-e68e6e027da1@group-B2A04D870F72-LeaderElection29: begin an election at term 6 for -1: [77d0bf9b-6f4c-431e-a5f1-454f54e3e5de:192.168.69.104:37359, fa7e6ed1-247f-43d6-9abd-8e5119d5804b:192.168.69.104:37305, e8d6ebf1-6bcf-43aa-933b-e68e6e027da1:192.168.69.104:46329], old=null
2019-10-16 05:54:08,778 [77d0bf9b-6f4c-431e-a5f1-454f54e3e5de@group-B2A04D870F72-LeaderElection26] INFO  impl.LeaderElection (LeaderElection.java:askForVotes(178)) - 77d0bf9b-6f4c-431e-a5f1-454f54e3e5de@group-B2A04D870F72-LeaderElection26: begin an election at term 6 for -1: [77d0bf9b-6f4c-431e-a5f1-454f54e3e5de:192.168.69.104:37359, fa7e6ed1-247f-43d6-9abd-8e5119d5804b:192.168.69.104:37305, e8d6ebf1-6bcf-43aa-933b-e68e6e027da1:192.168.69.104:46329], old=null
2019-10-16 05:54:08,783 [7f194c44-d326-466e-a2f3-1afa0b12311e@group-6F198EFDD6FC-LeaderElection19] INFO  impl.LeaderElection (LeaderElection.java:logAndReturn(56)) - 7f194c44-d326-466e-a2f3-1afa0b12311e@group-6F198EFDD6FC-LeaderElection19: Election TIMEOUT; received 1 response(s) [7f194c44-d326-466e-a2f3-1afa0b12311e<-28fad83d-bdd1-43c5-9066-2f84db181b78#0:FAIL-t9] and 0 exception(s); 7f194c44-d326-466e-a2f3-1afa0b12311e@group-6F198EFDD6FC:t9, leader=null, voted=7f194c44-d326-466e-a2f3-1afa0b12311e, raftlog=7f194c44-d326-466e-a2f3-1afa0b12311e@group-6F198EFDD6FC-SegmentedRaftLog:OPENED:c-1,f-1,i0, conf=-1: [7f194c44-d326-466e-a2f3-1afa0b12311e:192.168.69.104:41593, 28fad83d-bdd1-43c5-9066-2f84db181b78:192.168.69.104:43518, 9716ed81-e797-4622-8f9d-d0bad6b93ded:192.168.69.104:37182], old=null
2019-10-16 05:54:08,794 [77d0bf9b-6f4c-431e-a5f1-454f54e3e5de@group-B2A04D870F72-LeaderElection26] INFO  impl.LeaderElection (LeaderElection.java:logAndReturn(56)) - 77d0bf9b-6f4c-431e-a5f1-454f54e3e5de@group-B2A04D870F72-LeaderElection26: Election TIMEOUT; received 0 response(s) [] and 0 exception(s); 77d0bf9b-6f4c-431e-a5f1-454f54e3e5de@group-B2A04D870F72:t6, leader=null, voted=77d0bf9b-6f4c-431e-a5f1-454f54e3e5de, raftlog=77d0bf9b-6f4c-431e-a5f1-454f54e3e5de@group-B2A04D870F72-SegmentedRaftLog:OPENED:c-1,f-1,i0, conf=-1: [77d0bf9b-6f4c-431e-a5f1-454f54e3e5de:192.168.69.104:37359, fa7e6ed1-247f-43d6-9abd-8e5119d5804b:192.168.69.104:37305, e8d6ebf1-6bcf-43aa-933b-e68e6e027da1:192.168.69.104:46329], old=null
2019-10-16 05:54:08,803 [7f194c44-d326-466e-a2f3-1afa0b12311e@group-6F198EFDD6FC-LeaderElection19] INFO  impl.LeaderElection (LeaderElection.java:askForVotes(178)) - 7f194c44-d326-466e-a2f3-1afa0b12311e@group-6F198EFDD6FC-LeaderElection19: begin an election at term 10 for -1: [7f194c44-d326-466e-a2f3-1afa0b12311e:192.168.69.104:41593, 28fad83d-bdd1-43c5-9066-2f84db181b78:192.168.69.104:43518, 9716ed81-e797-4622-8f9d-d0bad6b93ded:192.168.69.104:37182], old=null
2019-10-16 05:54:08,821 [f673e017-6a23-4a4d-8684-47aa34924efd@group-386E37E5741C-LeaderElection25] INFO  impl.LeaderElection (LeaderElection.java:logAndReturn(56)) - f673e017-6a23-4a4d-8684-47aa34924efd@group-386E37E5741C-LeaderElection25: Election TIMEOUT; received 1 response(s) [f673e017-6a23-4a4d-8684-47aa34924efd<-68874196-04c8-425f-a7cc-e98956f4184b#0:FAIL-t3] and 0 exception(s); f673e017-6a23-4a4d-8684-47aa34924efd@group-386E37E5741C:t3, leader=null, voted=f673e017-6a23-4a4d-8684-47aa34924efd, raftlog=f673e017-6a23-4a4d-8684-47aa34924efd@group-386E37E5741C-SegmentedRaftLog:OPENED:c-1,f-1,i0, conf=-1: [68874196-04c8-425f-a7cc-e98956f4184b:192.168.69.104:44736, f673e017-6a23-4a4d-8684-47aa34924efd:192.168.69.104:34714, 9ecd346d-e4ad-4887-80b5-747eac63700e:192.168.69.104:38392], old=null
2019-10-16 05:54:08,824 [9ecd346d-e4ad-4887-80b5-747eac63700e@group-386E37E5741C-LeaderElection28] INFO  impl.LeaderElection (LeaderElection.java:logAndReturn(56)) - 9ecd346d-e4ad-4887-80b5-747eac63700e@group-386E37E5741C-LeaderElection28: Election REJECTED; received 2 response(s) [9ecd346d-e4ad-4887-80b5-747eac63700e<-68874196-04c8-425f-a7cc-e98956f4184b#0:FAIL-t3, 9ecd346d-e4ad-4887-80b5-747eac63700e<-f673e017-6a23-4a4d-8684-47aa34924efd#0:FAIL-t3] and 0 exception(s); 9ecd346d-e4ad-4887-80b5-747eac63700e@group-386E37E5741C:t3, leader=null, voted=9ecd346d-e4ad-4887-80b5-747eac63700e, raftlog=9ecd346d-e4ad-4887-80b5-747eac63700e@group-386E37E5741C-SegmentedRaftLog:OPENED:c-1,f-1,i0, conf=-1: [68874196-04c8-425f-a7cc-e98956f4184b:192.168.69.104:44736, f673e017-6a23-4a4d-8684-47aa34924efd:192.168.69.104:34714, 9ecd346d-e4ad-4887-80b5-747eac63700e:192.168.69.104:38392], old=null
2019-10-16 05:54:08,827 [9ecd346d-e4ad-4887-80b5-747eac63700e@group-386E37E5741C-LeaderElection28] INFO  impl.RaftServerImpl (RaftServerImpl.java:setRole(184)) - 9ecd346d-e4ad-4887-80b5-747eac63700e@group-386E37E5741C: changes role from CANDIDATE to FOLLOWER at term 3 for DISCOVERED_A_NEW_TERM
2019-10-16 05:54:08,827 [9ecd346d-e4ad-4887-80b5-747eac63700e@group-386E37E5741C-LeaderElection28] INFO  impl.RoleInfo (RoleInfo.java:shutdownLeaderElection(134)) - 9ecd346d-e4ad-4887-80b5-747eac63700e: shutdown LeaderElection
2019-10-16 05:54:08,828 [grpc-default-executor-2] INFO  impl.RaftServerImpl (RaftServerImpl.java:setRole(184)) - 28fad83d-bdd1-43c5-9066-2f84db181b78@group-6F198EFDD6FC: changes role from  FOLLOWER to FOLLOWER at term 10 for recognizeCandidate:7f194c44-d326-466e-a2f3-1afa0b12311e
2019-10-16 05:54:08,851 [9ecd346d-e4ad-4887-80b5-747eac63700e@group-386E37E5741C-LeaderElection28] INFO  impl.RoleInfo (RoleInfo.java:updateAndGet(143)) - 9ecd346d-e4ad-4887-80b5-747eac63700e: start FollowerState
2019-10-16 05:54:08,836 [77d0bf9b-6f4c-431e-a5f1-454f54e3e5de@group-B2A04D870F72-LeaderElection26] INFO  impl.LeaderElection (LeaderElection.java:askForVotes(178)) - 77d0bf9b-6f4c-431e-a5f1-454f54e3e5de@group-B2A04D870F72-LeaderElection26: begin an election at term 7 for -1: [77d0bf9b-6f4c-431e-a5f1-454f54e3e5de:192.168.69.104:37359, fa7e6ed1-247f-43d6-9abd-8e5119d5804b:192.168.69.104:37305, e8d6ebf1-6bcf-43aa-933b-e68e6e027da1:192.168.69.104:46329], old=null
2019-10-16 05:54:08,836 [f673e017-6a23-4a4d-8684-47aa34924efd@group-386E37E5741C-LeaderElection25] INFO  impl.LeaderElection (LeaderElection.java:askForVotes(178)) - f673e017-6a23-4a4d-8684-47aa34924efd@group-386E37E5741C-LeaderElection25: begin an election at term 4 for -1: [68874196-04c8-425f-a7cc-e98956f4184b:192.168.69.104:44736, f673e017-6a23-4a4d-8684-47aa34924efd:192.168.69.104:34714, 9ecd346d-e4ad-4887-80b5-747eac63700e:192.168.69.104:38392], old=null
2019-10-16 05:54:08,828 [e8d6ebf1-6bcf-43aa-933b-e68e6e027da1@group-B2A04D870F72-LeaderElection29] INFO  impl.LeaderElection (LeaderElection.java:logAndReturn(56)) - e8d6ebf1-6bcf-43aa-933b-e68e6e027da1@group-B2A04D870F72-LeaderElection29: Election TIMEOUT; received 1 response(s) [e8d6ebf1-6bcf-43aa-933b-e68e6e027da1<-77d0bf9b-6f4c-431e-a5f1-454f54e3e5de#0:FAIL-t6] and 0 exception(s); e8d6ebf1-6bcf-43aa-933b-e68e6e027da1@group-B2A04D870F72:t6, leader=null, voted=e8d6ebf1-6bcf-43aa-933b-e68e6e027da1, raftlog=e8d6ebf1-6bcf-43aa-933b-e68e6e027da1@group-B2A04D870F72-SegmentedRaftLog:OPENED:c-1,f-1,i0, conf=-1: [77d0bf9b-6f4c-431e-a5f1-454f54e3e5de:192.168.69.104:37359, fa7e6ed1-247f-43d6-9abd-8e5119d5804b:192.168.69.104:37305, e8d6ebf1-6bcf-43aa-933b-e68e6e027da1:192.168.69.104:46329], old=null
2019-10-16 05:54:08,852 [grpc-default-executor-2] INFO  impl.RoleInfo (RoleInfo.java:shutdownFollowerState(121)) - 28fad83d-bdd1-43c5-9066-2f84db181b78: shutdown FollowerState
2019-10-16 05:54:08,852 [Thread-478] INFO  impl.FollowerState (FollowerState.java:run(117)) - 28fad83d-bdd1-43c5-9066-2f84db181b78@group-6F198EFDD6FC-FollowerState was interrupted: java.lang.InterruptedException: sleep interrupted
2019-10-16 05:54:08,854 [grpc-default-executor-2] INFO  impl.RoleInfo (RoleInfo.java:updateAndGet(143)) - 28fad83d-bdd1-43c5-9066-2f84db181b78: start FollowerState
2019-10-16 05:54:08,860 [grpc-default-executor-3] INFO  impl.RaftServerImpl (RaftServerImpl.java:setRole(184)) - 9716ed81-e797-4622-8f9d-d0bad6b93ded@group-6F198EFDD6FC: changes role from  FOLLOWER to FOLLOWER at term 10 for recognizeCandidate:7f194c44-d326-466e-a2f3-1afa0b12311e
2019-10-16 05:54:08,860 [grpc-default-executor-3] INFO  impl.RoleInfo (RoleInfo.java:shutdownFollowerState(121)) - 9716ed81-e797-4622-8f9d-d0bad6b93ded: shutdown FollowerState
2019-10-16 05:54:08,860 [grpc-default-executor-3] INFO  impl.RoleInfo (RoleInfo.java:updateAndGet(143)) - 9716ed81-e797-4622-8f9d-d0bad6b93ded: start FollowerState
2019-10-16 05:54:08,860 [Thread-482] INFO  impl.FollowerState (FollowerState.java:run(117)) - 9716ed81-e797-4622-8f9d-d0bad6b93ded@group-6F198EFDD6FC-FollowerState was interrupted: java.lang.InterruptedException: sleep interrupted
2019-10-16 05:54:08,866 [grpc-default-executor-1] INFO  impl.RaftServerImpl (RaftServerImpl.java:setRole(184)) - 68874196-04c8-425f-a7cc-e98956f4184b@group-386E37E5741C: changes role from  FOLLOWER to FOLLOWER at term 4 for recognizeCandidate:f673e017-6a23-4a4d-8684-47aa34924efd
2019-10-16 05:54:08,877 [77d0bf9b-6f4c-431e-a5f1-454f54e3e5de@group-B2A04D870F72-LeaderElection26] INFO  impl.LeaderElection (LeaderElection.java:logAndReturn(56)) - 77d0bf9b-6f4c-431e-a5f1-454f54e3e5de@group-B2A04D870F72-LeaderElection26: Election TIMEOUT; received 0 response(s) [] and 0 exception(s); 77d0bf9b-6f4c-431e-a5f1-454f54e3e5de@group-B2A04D870F72:t7, leader=null, voted=77d0bf9b-6f4c-431e-a5f1-454f54e3e5de, raftlog=77d0bf9b-6f4c-431e-a5f1-454f54e3e5de@group-B2A04D870F72-SegmentedRaftLog:OPENED:c-1,f-1,i0, conf=-1: [77d0bf9b-6f4c-431e-a5f1-454f54e3e5de:192.168.69.104:37359, fa7e6ed1-247f-43d6-9abd-8e5119d5804b:192.168.69.104:37305, e8d6ebf1-6bcf-43aa-933b-e68e6e027da1:192.168.69.104:46329], old=null
2019-10-16 05:54:08,877 [grpc-default-executor-1] INFO  impl.RoleInfo (RoleInfo.java:shutdownFollowerState(121)) - 68874196-04c8-425f-a7cc-e98956f4184b: shutdown FollowerState
2019-10-16 05:54:08,877 [Thread-481] INFO  impl.FollowerState (FollowerState.java:run(117)) - 68874196-04c8-425f-a7cc-e98956f4184b@group-386E37E5741C-FollowerState was interrupted: java.lang.InterruptedException: sleep interrupted
2019-10-16 05:54:08,878 [grpc-default-executor-1] INFO  impl.RoleInfo (RoleInfo.java:updateAndGet(143)) - 68874196-04c8-425f-a7cc-e98956f4184b: start FollowerState
2019-10-16 05:54:08,887 [e8d6ebf1-6bcf-43aa-933b-e68e6e027da1@group-B2A04D870F72-LeaderElection29] INFO  impl.LeaderElection (LeaderElection.java:askForVotes(178)) - e8d6ebf1-6bcf-43aa-933b-e68e6e027da1@group-B2A04D870F72-LeaderElection29: begin an election at term 7 for -1: [77d0bf9b-6f4c-431e-a5f1-454f54e3e5de:192.168.69.104:37359, fa7e6ed1-247f-43d6-9abd-8e5119d5804b:192.168.69.104:37305, e8d6ebf1-6bcf-43aa-933b-e68e6e027da1:192.168.69.104:46329], old=null
2019-10-16 05:54:08,887 [Thread-497] INFO  impl.FollowerState (FollowerState.java:run(108)) - 9716ed81-e797-4622-8f9d-d0bad6b93ded@group-6F198EFDD6FC-FollowerState: change to CANDIDATE, lastRpcTime:26ms, electionTimeout:6ms
2019-10-16 05:54:08,887 [Thread-497] INFO  impl.RoleInfo (RoleInfo.java:shutdownFollowerState(121)) - 9716ed81-e797-4622-8f9d-d0bad6b93ded: shutdown FollowerState
2019-10-16 05:54:08,888 [grpc-default-executor-0] INFO  impl.RaftServerImpl (RaftServerImpl.java:setRole(184)) - 9ecd346d-e4ad-4887-80b5-747eac63700e@group-386E37E5741C: changes role from  FOLLOWER to FOLLOWER at term 4 for recognizeCandidate:f673e017-6a23-4a4d-8684-47aa34924efd
2019-10-16 05:54:08,888 [grpc-default-executor-0] INFO  impl.RoleInfo (RoleInfo.java:shutdownFollowerState(121)) - 9ecd346d-e4ad-4887-80b5-747eac63700e: shutdown FollowerState
2019-10-16 05:54:08,888 [Thread-497] INFO  impl.RaftServerImpl (RaftServerImpl.java:setRole(184)) - 9716ed81-e797-4622-8f9d-d0bad6b93ded@group-6F198EFDD6FC: changes role from  FOLLOWER to CANDIDATE at term 10 for changeToCandidate
2019-10-16 05:54:08,888 [Thread-491] INFO  impl.FollowerState (FollowerState.java:run(117)) - 9ecd346d-e4ad-4887-80b5-747eac63700e@group-386E37E5741C-FollowerState was interrupted: java.lang.InterruptedException: sleep interrupted
2019-10-16 05:54:08,888 [Thread-497] INFO  impl.RoleInfo (RoleInfo.java:updateAndGet(143)) - 9716ed81-e797-4622-8f9d-d0bad6b93ded: start LeaderElection
2019-10-16 05:54:08,888 [grpc-default-executor-0] INFO  impl.RoleInfo (RoleInfo.java:updateAndGet(143)) - 9ecd346d-e4ad-4887-80b5-747eac63700e: start FollowerState
2019-10-16 05:54:08,890 [7f194c44-d326-466e-a2f3-1afa0b12311e@group-6F198EFDD6FC-LeaderElection19] INFO  impl.LeaderElection (LeaderElection.java:logAndReturn(56)) - 7f194c44-d326-466e-a2f3-1afa0b12311e@group-6F198EFDD6FC-LeaderElection19: Election PASSED; received 2 response(s) [7f194c44-d326-466e-a2f3-1afa0b12311e<-28fad83d-bdd1-43c5-9066-2f84db181b78#0:FAIL-t10, 7f194c44-d326-466e-a2f3-1afa0b12311e<-9716ed81-e797-4622-8f9d-d0bad6b93ded#0:OK-t10] and 0 exception(s); 7f194c44-d326-466e-a2f3-1afa0b12311e@group-6F198EFDD6FC:t10, leader=null, voted=7f194c44-d326-466e-a2f3-1afa0b12311e, raftlog=7f194c44-d326-466e-a2f3-1afa0b12311e@group-6F198EFDD6FC-SegmentedRaftLog:OPENED:c-1,f-1,i0, conf=-1: [7f194c44-d326-466e-a2f3-1afa0b12311e:192.168.69.104:41593, 28fad83d-bdd1-43c5-9066-2f84db181b78:192.168.69.104:43518, 9716ed81-e797-4622-8f9d-d0bad6b93ded:192.168.69.104:37182], old=null
2019-10-16 05:54:08,890 [7f194c44-d326-466e-a2f3-1afa0b12311e@group-6F198EFDD6FC-LeaderElection19] INFO  impl.RoleInfo (RoleInfo.java:shutdownLeaderElection(134)) - 7f194c44-d326-466e-a2f3-1afa0b12311e: shutdown LeaderElection
2019-10-16 05:54:08,890 [7f194c44-d326-466e-a2f3-1afa0b12311e@group-6F198EFDD6FC-LeaderElection19] INFO  impl.RaftServerImpl (RaftServerImpl.java:setRole(184)) - 7f194c44-d326-466e-a2f3-1afa0b12311e@group-6F198EFDD6FC: changes role from CANDIDATE to LEADER at term 10 for changeToLeader
2019-10-16 05:54:08,890 [7f194c44-d326-466e-a2f3-1afa0b12311e@group-6F198EFDD6FC-LeaderElection19] INFO  impl.RaftServerImpl (ServerState.java:setLeader(256)) - 7f194c44-d326-466e-a2f3-1afa0b12311e@group-6F198EFDD6FC: change Leader from null to 7f194c44-d326-466e-a2f3-1afa0b12311e at term 10 for becomeLeader, leader elected after 1470ms
2019-10-16 05:54:08,890 [7f194c44-d326-466e-a2f3-1afa0b12311e@group-6F198EFDD6FC-LeaderElection19] INFO  server.RaftServerConfigKeys (ConfUtils.java:logGet(43)) - raft.server.staging.catchup.gap = 1000 (default)
2019-10-16 05:54:08,890 [7f194c44-d326-466e-a2f3-1afa0b12311e@group-6F198EFDD6FC-LeaderElection19] INFO  server.RaftServerConfigKeys (ConfUtils.java:logGet(43)) - raft.server.rpc.sleep.time = 25ms (default)
2019-10-16 05:54:08,891 [7f194c44-d326-466e-a2f3-1afa0b12311e@group-6F198EFDD6FC-LeaderElection19] INFO  server.RaftServerConfigKeys (ConfUtils.java:logGet(43)) - raft.server.write.element-limit = 4096 (default)
2019-10-16 05:54:08,891 [7f194c44-d326-466e-a2f3-1afa0b12311e@group-6F198EFDD6FC-LeaderElection19] INFO  server.RaftServerConfigKeys (ConfUtils.java:logGet(43)) - raft.server.watch.timeout = 10s (default)
2019-10-16 05:54:08,891 [7f194c44-d326-466e-a2f3-1afa0b12311e@group-6F198EFDD6FC-LeaderElection19] INFO  server.RaftServerConfigKeys (ConfUtils.java:logGet(43)) - raft.server.watch.timeout.denomination = 1s (default)
2019-10-16 05:54:08,891 [7f194c44-d326-466e-a2f3-1afa0b12311e@group-6F198EFDD6FC-LeaderElection19] INFO  server.RaftServerConfigKeys (ConfUtils.java:logGet(43)) - raft.server.watch.element-limit = 65536 (default)
2019-10-16 05:54:08,892 [Timer for 'StorageContainerManager' metrics system] INFO  lib.Interns (Interns.java:removeEldestEntry(50)) - Metrics intern cache overflow at 2011 for MetricsSystem={MetricsSystem=MetricsInfoImpl{name=MetricsSystem, description=MetricsSystem}, MetricsSystem record=MetricsInfoImpl{name=MetricsSystem, description=MetricsSystem record}}
2019-10-16 05:54:08,896 [7f194c44-d326-466e-a2f3-1afa0b12311e@group-6F198EFDD6FC-LeaderElection19] INFO  server.RaftServerConfigKeys (ConfUtils.java:logGet(43)) - raft.server.log.appender.snapshot.chunk.size.max = 16MB (=16777216) (default)
2019-10-16 05:54:08,896 [7f194c44-d326-466e-a2f3-1afa0b12311e@group-6F198EFDD6FC-LeaderElection19] INFO  server.RaftServerConfigKeys (ConfUtils.java:logGet(43)) - raft.server.log.appender.buffer.byte-limit = 33554432 (custom)
2019-10-16 05:54:08,896 [7f194c44-d326-466e-a2f3-1afa0b12311e@group-6F198EFDD6FC-LeaderElection19] INFO  server.RaftServerConfigKeys (ConfUtils.java:logGet(43)) - raft.server.log.appender.buffer.element-limit = 1 (custom)
2019-10-16 05:54:08,896 [7f194c44-d326-466e-a2f3-1afa0b12311e@group-6F198EFDD6FC-LeaderElection19] INFO  grpc.GrpcConfigKeys$Server (ConfUtils.java:logGet(43)) - raft.grpc.server.leader.outstanding.appends.max = 128 (default)
2019-10-16 05:54:08,899 [fa7e6ed1-247f-43d6-9abd-8e5119d5804b@group-B2A04D870F72-LeaderElection23] INFO  server.RaftServerConfigKeys (ConfUtils.java:logGet(43)) - raft.server.log.appender.snapshot.chunk.size.max = 16MB (=16777216) (default)
2019-10-16 05:54:08,899 [7f194c44-d326-466e-a2f3-1afa0b12311e@group-6F198EFDD6FC-LeaderElection19] INFO  server.RaftServerConfigKeys (ConfUtils.java:logGet(43)) - raft.server.rpc.request.timeout = 3000ms (default)
2019-10-16 05:54:08,899 [fa7e6ed1-247f-43d6-9abd-8e5119d5804b@group-B2A04D870F72-LeaderElection23] INFO  server.RaftServerConfigKeys (ConfUtils.java:logGet(43)) - raft.server.log.appender.buffer.byte-limit = 33554432 (custom)
2019-10-16 05:54:08,899 [7f194c44-d326-466e-a2f3-1afa0b12311e@group-6F198EFDD6FC-LeaderElection19] INFO  server.RaftServerConfigKeys (ConfUtils.java:logGet(43)) - raft.server.log.appender.install.snapshot.enabled = false (custom)
2019-10-16 05:54:08,899 [fa7e6ed1-247f-43d6-9abd-8e5119d5804b@group-B2A04D870F72-LeaderElection23] INFO  server.RaftServerConfigKeys (ConfUtils.java:logGet(43)) - raft.server.log.appender.buffer.element-limit = 1 (custom)
2019-10-16 05:54:08,900 [fa7e6ed1-247f-43d6-9abd-8e5119d5804b@group-B2A04D870F72-LeaderElection23] INFO  grpc.GrpcConfigKeys$Server (ConfUtils.java:logGet(43)) - raft.grpc.server.leader.outstanding.appends.max = 128 (default)
2019-10-16 05:54:08,900 [fa7e6ed1-247f-43d6-9abd-8e5119d5804b@group-B2A04D870F72-LeaderElection23] INFO  server.RaftServerConfigKeys (ConfUtils.java:logGet(43)) - raft.server.rpc.request.timeout = 3000ms (default)
2019-10-16 05:54:08,900 [fa7e6ed1-247f-43d6-9abd-8e5119d5804b@group-B2A04D870F72-LeaderElection23] INFO  server.RaftServerConfigKeys (ConfUtils.java:logGet(43)) - raft.server.log.appender.install.snapshot.enabled = false (custom)
2019-10-16 05:54:08,901 [7f194c44-d326-466e-a2f3-1afa0b12311e@group-6F198EFDD6FC-LeaderElection19] INFO  server.RaftServerConfigKeys (ConfUtils.java:logGet(43)) - raft.server.log.appender.snapshot.chunk.size.max = 16MB (=16777216) (default)
2019-10-16 05:54:08,902 [7f194c44-d326-466e-a2f3-1afa0b12311e@group-6F198EFDD6FC-LeaderElection19] INFO  server.RaftServerConfigKeys (ConfUtils.java:logGet(43)) - raft.server.log.appender.buffer.byte-limit = 33554432 (custom)
2019-10-16 05:54:08,902 [7f194c44-d326-466e-a2f3-1afa0b12311e@group-6F198EFDD6FC-LeaderElection19] INFO  server.RaftServerConfigKeys (ConfUtils.java:logGet(43)) - raft.server.log.appender.buffer.element-limit = 1 (custom)
2019-10-16 05:54:08,902 [7f194c44-d326-466e-a2f3-1afa0b12311e@group-6F198EFDD6FC-LeaderElection19] INFO  grpc.GrpcConfigKeys$Server (ConfUtils.java:logGet(43)) - raft.grpc.server.leader.outstanding.appends.max = 128 (default)
2019-10-16 05:54:08,902 [7f194c44-d326-466e-a2f3-1afa0b12311e@group-6F198EFDD6FC-LeaderElection19] INFO  server.RaftServerConfigKeys (ConfUtils.java:logGet(43)) - raft.server.rpc.request.timeout = 3000ms (default)
2019-10-16 05:54:08,902 [9716ed81-e797-4622-8f9d-d0bad6b93ded@group-6F198EFDD6FC-LeaderElection30] INFO  impl.LeaderElection (LeaderElection.java:askForVotes(178)) - 9716ed81-e797-4622-8f9d-d0bad6b93ded@group-6F198EFDD6FC-LeaderElection30: begin an election at term 11 for -1: [7f194c44-d326-466e-a2f3-1afa0b12311e:192.168.69.104:41593, 28fad83d-bdd1-43c5-9066-2f84db181b78:192.168.69.104:43518, 9716ed81-e797-4622-8f9d-d0bad6b93ded:192.168.69.104:37182], old=null
2019-10-16 05:54:08,902 [77d0bf9b-6f4c-431e-a5f1-454f54e3e5de@group-B2A04D870F72-LeaderElection26] INFO  impl.LeaderElection (LeaderElection.java:askForVotes(178)) - 77d0bf9b-6f4c-431e-a5f1-454f54e3e5de@group-B2A04D870F72-LeaderElection26: begin an election at term 8 for -1: [77d0bf9b-6f4c-431e-a5f1-454f54e3e5de:192.168.69.104:37359, fa7e6ed1-247f-43d6-9abd-8e5119d5804b:192.168.69.104:37305, e8d6ebf1-6bcf-43aa-933b-e68e6e027da1:192.168.69.104:46329], old=null
2019-10-16 05:54:08,902 [7f194c44-d326-466e-a2f3-1afa0b12311e@group-6F198EFDD6FC-LeaderElection19] INFO  server.RaftServerConfigKeys (ConfUtils.java:logGet(43)) - raft.server.log.appender.install.snapshot.enabled = false (custom)
2019-10-16 05:54:08,903 [fa7e6ed1-247f-43d6-9abd-8e5119d5804b@group-B2A04D870F72-LeaderElection23] INFO  server.RaftServerConfigKeys (ConfUtils.java:logGet(43)) - raft.server.log.appender.snapshot.chunk.size.max = 16MB (=16777216) (default)
2019-10-16 05:54:08,903 [fa7e6ed1-247f-43d6-9abd-8e5119d5804b@group-B2A04D870F72-LeaderElection23] INFO  server.RaftServerConfigKeys (ConfUtils.java:logGet(43)) - raft.server.log.appender.buffer.byte-limit = 33554432 (custom)
2019-10-16 05:54:08,903 [fa7e6ed1-247f-43d6-9abd-8e5119d5804b@group-B2A04D870F72-LeaderElection23] INFO  server.RaftServerConfigKeys (ConfUtils.java:logGet(43)) - raft.server.log.appender.buffer.element-limit = 1 (custom)
2019-10-16 05:54:08,903 [fa7e6ed1-247f-43d6-9abd-8e5119d5804b@group-B2A04D870F72-LeaderElection23] INFO  grpc.GrpcConfigKeys$Server (ConfUtils.java:logGet(43)) - raft.grpc.server.leader.outstanding.appends.max = 128 (default)
2019-10-16 05:54:08,903 [fa7e6ed1-247f-43d6-9abd-8e5119d5804b@group-B2A04D870F72-LeaderElection23] INFO  server.RaftServerConfigKeys (ConfUtils.java:logGet(43)) - raft.server.rpc.request.timeout = 3000ms (default)
2019-10-16 05:54:08,903 [f673e017-6a23-4a4d-8684-47aa34924efd@group-386E37E5741C-LeaderElection25] INFO  impl.LeaderElection (LeaderElection.java:logAndReturn(56)) - f673e017-6a23-4a4d-8684-47aa34924efd@group-386E37E5741C-LeaderElection25: Election PASSED; received 1 response(s) [f673e017-6a23-4a4d-8684-47aa34924efd<-68874196-04c8-425f-a7cc-e98956f4184b#0:OK-t4] and 0 exception(s); f673e017-6a23-4a4d-8684-47aa34924efd@group-386E37E5741C:t4, leader=null, voted=f673e017-6a23-4a4d-8684-47aa34924efd, raftlog=f673e017-6a23-4a4d-8684-47aa34924efd@group-386E37E5741C-SegmentedRaftLog:OPENED:c-1,f-1,i0, conf=-1: [68874196-04c8-425f-a7cc-e98956f4184b:192.168.69.104:44736, f673e017-6a23-4a4d-8684-47aa34924efd:192.168.69.104:34714, 9ecd346d-e4ad-4887-80b5-747eac63700e:192.168.69.104:38392], old=null
2019-10-16 05:54:08,904 [fa7e6ed1-247f-43d6-9abd-8e5119d5804b@group-B2A04D870F72-LeaderElection23] INFO  server.RaftServerConfigKeys (ConfUtils.java:logGet(43)) - raft.server.log.appender.install.snapshot.enabled = false (custom)
2019-10-16 05:54:08,904 [f673e017-6a23-4a4d-8684-47aa34924efd@group-386E37E5741C-LeaderElection25] INFO  impl.RoleInfo (RoleInfo.java:shutdownLeaderElection(134)) - f673e017-6a23-4a4d-8684-47aa34924efd: shutdown LeaderElection
2019-10-16 05:54:08,904 [e8d6ebf1-6bcf-43aa-933b-e68e6e027da1@group-B2A04D870F72-LeaderElection29] INFO  impl.LeaderElection (LeaderElection.java:logAndReturn(56)) - e8d6ebf1-6bcf-43aa-933b-e68e6e027da1@group-B2A04D870F72-LeaderElection29: Election DISCOVERED_A_NEW_TERM; received 1 response(s) [e8d6ebf1-6bcf-43aa-933b-e68e6e027da1<-77d0bf9b-6f4c-431e-a5f1-454f54e3e5de#0:FAIL-t8] and 0 exception(s); e8d6ebf1-6bcf-43aa-933b-e68e6e027da1@group-B2A04D870F72:t7, leader=null, voted=e8d6ebf1-6bcf-43aa-933b-e68e6e027da1, raftlog=e8d6ebf1-6bcf-43aa-933b-e68e6e027da1@group-B2A04D870F72-SegmentedRaftLog:OPENED:c-1,f-1,i0, conf=-1: [77d0bf9b-6f4c-431e-a5f1-454f54e3e5de:192.168.69.104:37359, fa7e6ed1-247f-43d6-9abd-8e5119d5804b:192.168.69.104:37305, e8d6ebf1-6bcf-43aa-933b-e68e6e027da1:192.168.69.104:46329], old=null
2019-10-16 05:54:08,904 [f673e017-6a23-4a4d-8684-47aa34924efd@group-386E37E5741C-LeaderElection25] INFO  impl.RaftServerImpl (RaftServerImpl.java:setRole(184)) - f673e017-6a23-4a4d-8684-47aa34924efd@group-386E37E5741C: changes role from CANDIDATE to LEADER at term 4 for changeToLeader
2019-10-16 05:54:08,904 [e8d6ebf1-6bcf-43aa-933b-e68e6e027da1@group-B2A04D870F72-LeaderElection29] INFO  impl.RaftServerImpl (RaftServerImpl.java:setRole(184)) - e8d6ebf1-6bcf-43aa-933b-e68e6e027da1@group-B2A04D870F72: changes role from CANDIDATE to FOLLOWER at term 8 for DISCOVERED_A_NEW_TERM
2019-10-16 05:54:08,904 [f673e017-6a23-4a4d-8684-47aa34924efd@group-386E37E5741C-LeaderElection25] INFO  impl.RaftServerImpl (ServerState.java:setLeader(256)) - f673e017-6a23-4a4d-8684-47aa34924efd@group-386E37E5741C: change Leader from null to f673e017-6a23-4a4d-8684-47aa34924efd at term 4 for becomeLeader, leader elected after 1109ms
2019-10-16 05:54:08,905 [e8d6ebf1-6bcf-43aa-933b-e68e6e027da1@group-B2A04D870F72-LeaderElection29] INFO  impl.RoleInfo (RoleInfo.java:shutdownLeaderElection(134)) - e8d6ebf1-6bcf-43aa-933b-e68e6e027da1: shutdown LeaderElection
2019-10-16 05:54:08,905 [f673e017-6a23-4a4d-8684-47aa34924efd@group-386E37E5741C-LeaderElection25] INFO  server.RaftServerConfigKeys (ConfUtils.java:logGet(43)) - raft.server.staging.catchup.gap = 1000 (default)
2019-10-16 05:54:08,905 [e8d6ebf1-6bcf-43aa-933b-e68e6e027da1@group-B2A04D870F72-LeaderElection29] INFO  impl.RoleInfo (RoleInfo.java:updateAndGet(143)) - e8d6ebf1-6bcf-43aa-933b-e68e6e027da1: start FollowerState
2019-10-16 05:54:08,905 [f673e017-6a23-4a4d-8684-47aa34924efd@group-386E37E5741C-LeaderElection25] INFO  server.RaftServerConfigKeys (ConfUtils.java:logGet(43)) - raft.server.rpc.sleep.time = 25ms (default)
2019-10-16 05:54:08,905 [f673e017-6a23-4a4d-8684-47aa34924efd@group-386E37E5741C-LeaderElection25] INFO  server.RaftServerConfigKeys (ConfUtils.java:logGet(43)) - raft.server.write.element-limit = 4096 (default)
2019-10-16 05:54:08,906 [grpc-default-executor-2] INFO  impl.RaftServerImpl (RaftServerImpl.java:setRole(184)) - 28fad83d-bdd1-43c5-9066-2f84db181b78@group-6F198EFDD6FC: changes role from  FOLLOWER to FOLLOWER at term 11 for recognizeCandidate:9716ed81-e797-4622-8f9d-d0bad6b93ded
2019-10-16 05:54:08,906 [f673e017-6a23-4a4d-8684-47aa34924efd@group-386E37E5741C-LeaderElection25] INFO  server.RaftServerConfigKeys (ConfUtils.java:logGet(43)) - raft.server.watch.timeout = 10s (default)
2019-10-16 05:54:08,906 [grpc-default-executor-2] INFO  impl.RoleInfo (RoleInfo.java:shutdownFollowerState(121)) - 28fad83d-bdd1-43c5-9066-2f84db181b78: shutdown FollowerState
2019-10-16 05:54:08,906 [7f194c44-d326-466e-a2f3-1afa0b12311e@group-6F198EFDD6FC-LeaderElection19] INFO  impl.RoleInfo (RoleInfo.java:updateAndGet(143)) - 7f194c44-d326-466e-a2f3-1afa0b12311e: start LeaderState
2019-10-16 05:54:08,906 [f673e017-6a23-4a4d-8684-47aa34924efd@group-386E37E5741C-LeaderElection25] INFO  server.RaftServerConfigKeys (ConfUtils.java:logGet(43)) - raft.server.watch.timeout.denomination = 1s (default)
2019-10-16 05:54:08,906 [Thread-495] INFO  impl.FollowerState (FollowerState.java:run(117)) - 28fad83d-bdd1-43c5-9066-2f84db181b78@group-6F198EFDD6FC-FollowerState was interrupted: java.lang.InterruptedException: sleep interrupted
2019-10-16 05:54:08,906 [grpc-default-executor-2] INFO  impl.RoleInfo (RoleInfo.java:updateAndGet(143)) - 28fad83d-bdd1-43c5-9066-2f84db181b78: start FollowerState
2019-10-16 05:54:08,906 [7f194c44-d326-466e-a2f3-1afa0b12311e@group-6F198EFDD6FC-LeaderElection19] INFO  segmented.SegmentedRaftLogWorker (SegmentedRaftLogWorker.java:startLogSegment(385)) - 7f194c44-d326-466e-a2f3-1afa0b12311e@group-6F198EFDD6FC-SegmentedRaftLogWorker: Starting segment from index:0
2019-10-16 05:54:08,906 [f673e017-6a23-4a4d-8684-47aa34924efd@group-386E37E5741C-LeaderElection25] INFO  server.RaftServerConfigKeys (ConfUtils.java:logGet(43)) - raft.server.watch.element-limit = 65536 (default)
2019-10-16 05:54:08,907 [fa7e6ed1-247f-43d6-9abd-8e5119d5804b@group-B2A04D870F72-LeaderElection23] INFO  impl.RoleInfo (RoleInfo.java:updateAndGet(143)) - fa7e6ed1-247f-43d6-9abd-8e5119d5804b: start LeaderState
2019-10-16 05:54:08,907 [7f194c44-d326-466e-a2f3-1afa0b12311e@group-6F198EFDD6FC-LeaderElection19] INFO  impl.RaftServerImpl (ServerState.java:setRaftConf(357)) - 7f194c44-d326-466e-a2f3-1afa0b12311e@group-6F198EFDD6FC: set configuration 0: [7f194c44-d326-466e-a2f3-1afa0b12311e:192.168.69.104:41593, 28fad83d-bdd1-43c5-9066-2f84db181b78:192.168.69.104:43518, 9716ed81-e797-4622-8f9d-d0bad6b93ded:192.168.69.104:37182], old=null at 0
2019-10-16 05:54:08,907 [fa7e6ed1-247f-43d6-9abd-8e5119d5804b@group-B2A04D870F72-LeaderElection23] INFO  segmented.SegmentedRaftLogWorker (SegmentedRaftLogWorker.java:startLogSegment(385)) - fa7e6ed1-247f-43d6-9abd-8e5119d5804b@group-B2A04D870F72-SegmentedRaftLogWorker: Starting segment from index:0
2019-10-16 05:54:08,908 [grpc-default-executor-6] INFO  impl.RaftServerImpl (ServerState.java:setLeader(256)) - 7f194c44-d326-466e-a2f3-1afa0b12311e@group-6F198EFDD6FC: change Leader from 7f194c44-d326-466e-a2f3-1afa0b12311e to null at term 11 for updateCurrentTerm
2019-10-16 05:54:08,935 [Thread-512] INFO  impl.FollowerState (FollowerState.java:run(108)) - e8d6ebf1-6bcf-43aa-933b-e68e6e027da1@group-B2A04D870F72-FollowerState: change to CANDIDATE, lastRpcTime:29ms, electionTimeout:17ms
2019-10-16 05:54:08,935 [grpc-default-executor-6] INFO  impl.RaftServerImpl (RaftServerImpl.java:setRole(184)) - 7f194c44-d326-466e-a2f3-1afa0b12311e@group-6F198EFDD6FC: changes role from    LEADER to FOLLOWER at term 11 for recognizeCandidate:9716ed81-e797-4622-8f9d-d0bad6b93ded
2019-10-16 05:54:08,935 [Thread-512] INFO  impl.RoleInfo (RoleInfo.java:shutdownFollowerState(121)) - e8d6ebf1-6bcf-43aa-933b-e68e6e027da1: shutdown FollowerState
2019-10-16 05:54:08,935 [grpc-default-executor-6] INFO  impl.RoleInfo (RoleInfo.java:shutdownLeaderState(104)) - 7f194c44-d326-466e-a2f3-1afa0b12311e: shutdown LeaderState
2019-10-16 05:54:08,935 [Thread-512] INFO  impl.RaftServerImpl (RaftServerImpl.java:setRole(184)) - e8d6ebf1-6bcf-43aa-933b-e68e6e027da1@group-B2A04D870F72: changes role from  FOLLOWER to CANDIDATE at term 8 for changeToCandidate
2019-10-16 05:54:08,964 [77d0bf9b-6f4c-431e-a5f1-454f54e3e5de@group-B2A04D870F72-LeaderElection26] INFO  impl.LeaderElection (LeaderElection.java:logAndReturn(56)) - 77d0bf9b-6f4c-431e-a5f1-454f54e3e5de@group-B2A04D870F72-LeaderElection26: Election TIMEOUT; received 0 response(s) [] and 0 exception(s); 77d0bf9b-6f4c-431e-a5f1-454f54e3e5de@group-B2A04D870F72:t8, leader=null, voted=77d0bf9b-6f4c-431e-a5f1-454f54e3e5de, raftlog=77d0bf9b-6f4c-431e-a5f1-454f54e3e5de@group-B2A04D870F72-SegmentedRaftLog:OPENED:c-1,f-1,i0, conf=-1: [77d0bf9b-6f4c-431e-a5f1-454f54e3e5de:192.168.69.104:37359, fa7e6ed1-247f-43d6-9abd-8e5119d5804b:192.168.69.104:37305, e8d6ebf1-6bcf-43aa-933b-e68e6e027da1:192.168.69.104:46329], old=null
2019-10-16 05:54:08,967 [Thread-512] INFO  impl.RoleInfo (RoleInfo.java:updateAndGet(143)) - e8d6ebf1-6bcf-43aa-933b-e68e6e027da1: start LeaderElection
2019-10-16 05:54:08,967 [fa7e6ed1-247f-43d6-9abd-8e5119d5804b@group-B2A04D870F72-LeaderElection23] INFO  impl.RaftServerImpl (ServerState.java:setRaftConf(357)) - fa7e6ed1-247f-43d6-9abd-8e5119d5804b@group-B2A04D870F72: set configuration 0: [77d0bf9b-6f4c-431e-a5f1-454f54e3e5de:192.168.69.104:37359, fa7e6ed1-247f-43d6-9abd-8e5119d5804b:192.168.69.104:37305, e8d6ebf1-6bcf-43aa-933b-e68e6e027da1:192.168.69.104:46329], old=null at 0
2019-10-16 05:54:08,964 [grpc-default-executor-6] INFO  impl.PendingRequests (PendingRequests.java:sendNotLeaderResponses(202)) - 7f194c44-d326-466e-a2f3-1afa0b12311e@group-6F198EFDD6FC-PendingRequests: sendNotLeaderResponses
2019-10-16 05:54:08,967 [grpc-default-executor-1] INFO  impl.RaftServerImpl (ServerState.java:setLeader(256)) - fa7e6ed1-247f-43d6-9abd-8e5119d5804b@group-B2A04D870F72: change Leader from fa7e6ed1-247f-43d6-9abd-8e5119d5804b to null at term 8 for updateCurrentTerm
2019-10-16 05:54:08,967 [grpc-default-executor-0] INFO  impl.RaftServerImpl (RaftServerImpl.java:setRole(184)) - e8d6ebf1-6bcf-43aa-933b-e68e6e027da1@group-B2A04D870F72: changes role from CANDIDATE to FOLLOWER at term 8 for recognizeCandidate:77d0bf9b-6f4c-431e-a5f1-454f54e3e5de
2019-10-16 05:54:08,967 [7f194c44-d326-466e-a2f3-1afa0b12311e@group-6F198EFDD6FC-SegmentedRaftLogWorker] INFO  segmented.SegmentedRaftLogWorker (SegmentedRaftLogWorker.java:execute(576)) - 7f194c44-d326-466e-a2f3-1afa0b12311e@group-6F198EFDD6FC-SegmentedRaftLogWorker: created new log segment /workdir/hadoop-ozone/integration-test/target/test-dir/MiniOzoneClusterImpl-a7ed491f-9e2a-49d2-8991-52926c770a07/datanode-6/data/ratis/5b6f1fc3-5661-471d-99c1-6f198efdd6fc/current/log_inprogress_0
2019-10-16 05:54:08,968 [f673e017-6a23-4a4d-8684-47aa34924efd@group-386E37E5741C-LeaderElection25] INFO  server.RaftServerConfigKeys (ConfUtils.java:logGet(43)) - raft.server.log.appender.snapshot.chunk.size.max = 16MB (=16777216) (default)
2019-10-16 05:54:08,968 [grpc-default-executor-0] INFO  impl.RoleInfo (RoleInfo.java:shutdownLeaderElection(134)) - e8d6ebf1-6bcf-43aa-933b-e68e6e027da1: shutdown LeaderElection
2019-10-16 05:54:08,968 [grpc-default-executor-1] INFO  impl.RaftServerImpl (RaftServerImpl.java:setRole(184)) - fa7e6ed1-247f-43d6-9abd-8e5119d5804b@group-B2A04D870F72: changes role from    LEADER to FOLLOWER at term 8 for recognizeCandidate:77d0bf9b-6f4c-431e-a5f1-454f54e3e5de
2019-10-16 05:54:08,968 [grpc-default-executor-6] INFO  impl.RoleInfo (RoleInfo.java:updateAndGet(143)) - 7f194c44-d326-466e-a2f3-1afa0b12311e: start FollowerState
2019-10-16 05:54:08,968 [grpc-default-executor-1] INFO  impl.RoleInfo (RoleInfo.java:shutdownLeaderState(104)) - fa7e6ed1-247f-43d6-9abd-8e5119d5804b: shutdown LeaderState
2019-10-16 05:54:08,968 [f673e017-6a23-4a4d-8684-47aa34924efd@group-386E37E5741C-LeaderElection25] INFO  server.RaftServerConfigKeys (ConfUtils.java:logGet(43)) - raft.server.log.appender.buffer.byte-limit = 33554432 (custom)
2019-10-16 05:54:08,969 [grpc-default-executor-0] INFO  impl.RoleInfo (RoleInfo.java:updateAndGet(143)) - e8d6ebf1-6bcf-43aa-933b-e68e6e027da1: start FollowerState
2019-10-16 05:54:08,973 [f673e017-6a23-4a4d-8684-47aa34924efd@group-386E37E5741C-LeaderElection25] INFO  server.RaftServerConfigKeys (ConfUtils.java:logGet(43)) - raft.server.log.appender.buffer.element-limit = 1 (custom)
2019-10-16 05:54:08,973 [grpc-default-executor-1] INFO  impl.PendingRequests (PendingRequests.java:sendNotLeaderResponses(202)) - fa7e6ed1-247f-43d6-9abd-8e5119d5804b@group-B2A04D870F72-PendingRequests: sendNotLeaderResponses
2019-10-16 05:54:08,974 [f673e017-6a23-4a4d-8684-47aa34924efd@group-386E37E5741C-LeaderElection25] INFO  grpc.GrpcConfigKeys$Server (ConfUtils.java:logGet(43)) - raft.grpc.server.leader.outstanding.appends.max = 128 (default)
2019-10-16 05:54:08,974 [f673e017-6a23-4a4d-8684-47aa34924efd@group-386E37E5741C-LeaderElection25] INFO  server.RaftServerConfigKeys (ConfUtils.java:logGet(43)) - raft.server.rpc.request.timeout = 3000ms (default)
2019-10-16 05:54:08,975 [grpc-default-executor-1] INFO  impl.RoleInfo (RoleInfo.java:updateAndGet(143)) - fa7e6ed1-247f-43d6-9abd-8e5119d5804b: start FollowerState
2019-10-16 05:54:08,975 [f673e017-6a23-4a4d-8684-47aa34924efd@group-386E37E5741C-LeaderElection25] INFO  server.RaftServerConfigKeys (ConfUtils.java:logGet(43)) - raft.server.log.appender.install.snapshot.enabled = false (custom)
2019-10-16 05:54:08,975 [org.apache.ratis.server.impl.LogAppender$AppenderDaemon$$Lambda$461/568881136@388fa29d] WARN  server.GrpcLogAppender (GrpcLogAppender.java:mayWait(149)) - 7f194c44-d326-466e-a2f3-1afa0b12311e@group-6F198EFDD6FC->9716ed81-e797-4622-8f9d-d0bad6b93ded-GrpcLogAppender: Wait interrupted by java.lang.InterruptedException
2019-10-16 05:54:08,975 [org.apache.ratis.server.impl.LogAppender$AppenderDaemon$$Lambda$461/568881136@481fac58] WARN  server.GrpcLogAppender (GrpcLogAppender.java:mayWait(149)) - fa7e6ed1-247f-43d6-9abd-8e5119d5804b@group-B2A04D870F72->e8d6ebf1-6bcf-43aa-933b-e68e6e027da1-GrpcLogAppender: Wait interrupted by java.lang.InterruptedException
2019-10-16 05:54:08,975 [org.apache.ratis.server.impl.LogAppender$AppenderDaemon$$Lambda$461/568881136@1b16c5a0] WARN  server.GrpcLogAppender (GrpcLogAppender.java:mayWait(149)) - fa7e6ed1-247f-43d6-9abd-8e5119d5804b@group-B2A04D870F72->77d0bf9b-6f4c-431e-a5f1-454f54e3e5de-GrpcLogAppender: Wait interrupted by java.lang.InterruptedException
2019-10-16 05:54:08,975 [org.apache.ratis.server.impl.LogAppender$AppenderDaemon$$Lambda$461/568881136@8900570] WARN  server.GrpcLogAppender (GrpcLogAppender.java:mayWait(149)) - 7f194c44-d326-466e-a2f3-1afa0b12311e@group-6F198EFDD6FC->28fad83d-bdd1-43c5-9066-2f84db181b78-GrpcLogAppender: Wait interrupted by java.lang.InterruptedException
2019-10-16 05:54:08,979 [fa7e6ed1-247f-43d6-9abd-8e5119d5804b@group-B2A04D870F72-SegmentedRaftLogWorker] INFO  segmented.SegmentedRaftLogWorker (SegmentedRaftLogWorker.java:execute(576)) - fa7e6ed1-247f-43d6-9abd-8e5119d5804b@group-B2A04D870F72-SegmentedRaftLogWorker: created new log segment /workdir/hadoop-ozone/integration-test/target/test-dir/MiniOzoneClusterImpl-a7ed491f-9e2a-49d2-8991-52926c770a07/datanode-9/data/ratis/59c0365d-14b2-4a2c-86d8-b2a04d870f72/current/log_inprogress_0
2019-10-16 05:54:08,979 [77d0bf9b-6f4c-431e-a5f1-454f54e3e5de@group-B2A04D870F72-LeaderElection26] INFO  impl.LeaderElection (LeaderElection.java:askForVotes(178)) - 77d0bf9b-6f4c-431e-a5f1-454f54e3e5de@group-B2A04D870F72-LeaderElection26: begin an election at term 9 for -1: [77d0bf9b-6f4c-431e-a5f1-454f54e3e5de:192.168.69.104:37359, fa7e6ed1-247f-43d6-9abd-8e5119d5804b:192.168.69.104:37305, e8d6ebf1-6bcf-43aa-933b-e68e6e027da1:192.168.69.104:46329], old=null
2019-10-16 05:54:08,979 [e8d6ebf1-6bcf-43aa-933b-e68e6e027da1@group-B2A04D870F72-LeaderElection31] INFO  impl.LeaderElection (LeaderElection.java:askForVotes(178)) - e8d6ebf1-6bcf-43aa-933b-e68e6e027da1@group-B2A04D870F72-LeaderElection31: begin an election at term 9 for -1: [77d0bf9b-6f4c-431e-a5f1-454f54e3e5de:192.168.69.104:37359, fa7e6ed1-247f-43d6-9abd-8e5119d5804b:192.168.69.104:37305, e8d6ebf1-6bcf-43aa-933b-e68e6e027da1:192.168.69.104:46329], old=null
2019-10-16 05:54:08,980 [f673e017-6a23-4a4d-8684-47aa34924efd@group-386E37E5741C-LeaderElection25] INFO  server.RaftServerConfigKeys (ConfUtils.java:logGet(43)) - raft.server.log.appender.snapshot.chunk.size.max = 16MB (=16777216) (default)
2019-10-16 05:54:08,980 [e8d6ebf1-6bcf-43aa-933b-e68e6e027da1@group-B2A04D870F72-LeaderElection31] INFO  impl.LeaderElection (LeaderElection.java:logAndReturn(56)) - e8d6ebf1-6bcf-43aa-933b-e68e6e027da1@group-B2A04D870F72-LeaderElection31: Election REJECTED; received 0 response(s) [] and 0 exception(s); e8d6ebf1-6bcf-43aa-933b-e68e6e027da1@group-B2A04D870F72:t9, leader=null, voted=e8d6ebf1-6bcf-43aa-933b-e68e6e027da1, raftlog=e8d6ebf1-6bcf-43aa-933b-e68e6e027da1@group-B2A04D870F72-SegmentedRaftLog:OPENED:c-1,f-1,i0, conf=-1: [77d0bf9b-6f4c-431e-a5f1-454f54e3e5de:192.168.69.104:37359, fa7e6ed1-247f-43d6-9abd-8e5119d5804b:192.168.69.104:37305, e8d6ebf1-6bcf-43aa-933b-e68e6e027da1:192.168.69.104:46329], old=null
2019-10-16 05:54:08,980 [f673e017-6a23-4a4d-8684-47aa34924efd@group-386E37E5741C-LeaderElection25] INFO  server.RaftServerConfigKeys (ConfUtils.java:logGet(43)) - raft.server.log.appender.buffer.byte-limit = 33554432 (custom)
2019-10-16 05:54:08,984 [9716ed81-e797-4622-8f9d-d0bad6b93ded@group-6F198EFDD6FC-LeaderElection30] INFO  impl.LeaderElection (LeaderElection.java:logAndReturn(56)) - 9716ed81-e797-4622-8f9d-d0bad6b93ded@group-6F198EFDD6FC-LeaderElection30: Election REJECTED; received 2 response(s) [9716ed81-e797-4622-8f9d-d0bad6b93ded<-28fad83d-bdd1-43c5-9066-2f84db181b78#0:FAIL-t11, 9716ed81-e797-4622-8f9d-d0bad6b93ded<-7f194c44-d326-466e-a2f3-1afa0b12311e#0:FAIL-t11] and 0 exception(s); 9716ed81-e797-4622-8f9d-d0bad6b93ded@group-6F198EFDD6FC:t11, leader=null, voted=9716ed81-e797-4622-8f9d-d0bad6b93ded, raftlog=9716ed81-e797-4622-8f9d-d0bad6b93ded@group-6F198EFDD6FC-SegmentedRaftLog:OPENED:c-1,f-1,i0, conf=-1: [7f194c44-d326-466e-a2f3-1afa0b12311e:192.168.69.104:41593, 28fad83d-bdd1-43c5-9066-2f84db181b78:192.168.69.104:43518, 9716ed81-e797-4622-8f9d-d0bad6b93ded:192.168.69.104:37182], old=null
2019-10-16 05:54:08,984 [f673e017-6a23-4a4d-8684-47aa34924efd@group-386E37E5741C-LeaderElection25] INFO  server.RaftServerConfigKeys (ConfUtils.java:logGet(43)) - raft.server.log.appender.buffer.element-limit = 1 (custom)
2019-10-16 05:54:08,985 [f673e017-6a23-4a4d-8684-47aa34924efd@group-386E37E5741C-LeaderElection25] INFO  grpc.GrpcConfigKeys$Server (ConfUtils.java:logGet(43)) - raft.grpc.server.leader.outstanding.appends.max = 128 (default)
2019-10-16 05:54:08,985 [f673e017-6a23-4a4d-8684-47aa34924efd@group-386E37E5741C-LeaderElection25] INFO  server.RaftServerConfigKeys (ConfUtils.java:logGet(43)) - raft.server.rpc.request.timeout = 3000ms (default)
2019-10-16 05:54:08,985 [f673e017-6a23-4a4d-8684-47aa34924efd@group-386E37E5741C-LeaderElection25] INFO  server.RaftServerConfigKeys (ConfUtils.java:logGet(43)) - raft.server.log.appender.install.snapshot.enabled = false (custom)
2019-10-16 05:54:08,986 [grpc-default-executor-4] INFO  impl.RaftServerImpl (RaftServerImpl.java:setRole(184)) - fa7e6ed1-247f-43d6-9abd-8e5119d5804b@group-B2A04D870F72: changes role from  FOLLOWER to FOLLOWER at term 9 for recognizeCandidate:e8d6ebf1-6bcf-43aa-933b-e68e6e027da1
2019-10-16 05:54:08,986 [grpc-default-executor-4] INFO  impl.RoleInfo (RoleInfo.java:shutdownFollowerState(121)) - fa7e6ed1-247f-43d6-9abd-8e5119d5804b: shutdown FollowerState
2019-10-16 05:54:08,986 [Thread-520] INFO  impl.FollowerState (FollowerState.java:run(117)) - fa7e6ed1-247f-43d6-9abd-8e5119d5804b@group-B2A04D870F72-FollowerState was interrupted: java.lang.InterruptedException: sleep interrupted
2019-10-16 05:54:08,986 [grpc-default-executor-4] INFO  impl.RoleInfo (RoleInfo.java:updateAndGet(143)) - fa7e6ed1-247f-43d6-9abd-8e5119d5804b: start FollowerState
2019-10-16 05:54:08,987 [f673e017-6a23-4a4d-8684-47aa34924efd@group-386E37E5741C-LeaderElection25] INFO  impl.RoleInfo (RoleInfo.java:updateAndGet(143)) - f673e017-6a23-4a4d-8684-47aa34924efd: start LeaderState
2019-10-16 05:54:08,987 [f673e017-6a23-4a4d-8684-47aa34924efd@group-386E37E5741C-LeaderElection25] INFO  segmented.SegmentedRaftLogWorker (SegmentedRaftLogWorker.java:startLogSegment(385)) - f673e017-6a23-4a4d-8684-47aa34924efd@group-386E37E5741C-SegmentedRaftLogWorker: Starting segment from index:0
2019-10-16 05:54:08,987 [Thread-498] INFO  impl.FollowerState (FollowerState.java:run(108)) - 68874196-04c8-425f-a7cc-e98956f4184b@group-386E37E5741C-FollowerState: change to CANDIDATE, lastRpcTime:109ms, electionTimeout:100ms
2019-10-16 05:54:08,988 [Thread-498] INFO  impl.RoleInfo (RoleInfo.java:shutdownFollowerState(121)) - 68874196-04c8-425f-a7cc-e98956f4184b: shutdown FollowerState
2019-10-16 05:54:08,988 [Thread-498] INFO  impl.RaftServerImpl (RaftServerImpl.java:setRole(184)) - 68874196-04c8-425f-a7cc-e98956f4184b@group-386E37E5741C: changes role from  FOLLOWER to CANDIDATE at term 4 for changeToCandidate
2019-10-16 05:54:08,988 [f673e017-6a23-4a4d-8684-47aa34924efd@group-386E37E5741C-LeaderElection25] INFO  impl.RaftServerImpl (ServerState.java:setRaftConf(357)) - f673e017-6a23-4a4d-8684-47aa34924efd@group-386E37E5741C: set configuration 0: [68874196-04c8-425f-a7cc-e98956f4184b:192.168.69.104:44736, f673e017-6a23-4a4d-8684-47aa34924efd:192.168.69.104:34714, 9ecd346d-e4ad-4887-80b5-747eac63700e:192.168.69.104:38392], old=null at 0
2019-10-16 05:54:08,988 [Thread-498] INFO  impl.RoleInfo (RoleInfo.java:updateAndGet(143)) - 68874196-04c8-425f-a7cc-e98956f4184b: start LeaderElection
2019-10-16 05:54:09,024 [grpc-default-executor-3] INFO  impl.RaftServerImpl (RaftServerImpl.java:setRole(184)) - fa7e6ed1-247f-43d6-9abd-8e5119d5804b@group-B2A04D870F72: changes role from  FOLLOWER to FOLLOWER at term 9 for recognizeCandidate:77d0bf9b-6f4c-431e-a5f1-454f54e3e5de
2019-10-16 05:54:09,024 [grpc-default-executor-3] INFO  impl.RoleInfo (RoleInfo.java:shutdownFollowerState(121)) - fa7e6ed1-247f-43d6-9abd-8e5119d5804b: shutdown FollowerState
2019-10-16 05:54:09,025 [9716ed81-e797-4622-8f9d-d0bad6b93ded@group-6F198EFDD6FC-LeaderElection30] INFO  impl.RaftServerImpl (RaftServerImpl.java:setRole(184)) - 9716ed81-e797-4622-8f9d-d0bad6b93ded@group-6F198EFDD6FC: changes role from CANDIDATE to FOLLOWER at term 11 for DISCOVERED_A_NEW_TERM
2019-10-16 05:54:09,025 [9716ed81-e797-4622-8f9d-d0bad6b93ded@group-6F198EFDD6FC-LeaderElection30] INFO  impl.RoleInfo (RoleInfo.java:shutdownLeaderElection(134)) - 9716ed81-e797-4622-8f9d-d0bad6b93ded: shutdown LeaderElection
2019-10-16 05:54:09,025 [grpc-default-executor-3] INFO  impl.RoleInfo (RoleInfo.java:updateAndGet(143)) - fa7e6ed1-247f-43d6-9abd-8e5119d5804b: start FollowerState
2019-10-16 05:54:09,025 [Thread-529] INFO  impl.FollowerState (FollowerState.java:run(117)) - fa7e6ed1-247f-43d6-9abd-8e5119d5804b@group-B2A04D870F72-FollowerState was interrupted: java.lang.InterruptedException: sleep interrupted
2019-10-16 05:54:09,025 [9716ed81-e797-4622-8f9d-d0bad6b93ded@group-6F198EFDD6FC-LeaderElection30] INFO  impl.RoleInfo (RoleInfo.java:updateAndGet(143)) - 9716ed81-e797-4622-8f9d-d0bad6b93ded: start FollowerState
2019-10-16 05:54:09,026 [grpc-default-executor-2] INFO  server.GrpcServerProtocolService (GrpcServerProtocolService.java:onCompleted(113)) - 28fad83d-bdd1-43c5-9066-2f84db181b78: Completed APPEND_ENTRIES, lastRequest: 7f194c44-d326-466e-a2f3-1afa0b12311e->28fad83d-bdd1-43c5-9066-2f84db181b78#0-t10, previous=(t:0, i:0), leaderCommit=-1, initializing? false, entries: <empty>
2019-10-16 05:54:09,026 [grpc-default-executor-11] INFO  server.GrpcServerProtocolService (GrpcServerProtocolService.java:onCompleted(113)) - e8d6ebf1-6bcf-43aa-933b-e68e6e027da1: Completed APPEND_ENTRIES, lastRequest: fa7e6ed1-247f-43d6-9abd-8e5119d5804b->e8d6ebf1-6bcf-43aa-933b-e68e6e027da1#0-t5, previous=(t:0, i:0), leaderCommit=-1, initializing? false, entries: <empty>
2019-10-16 05:54:09,029 [grpc-default-executor-8] INFO  server.GrpcServerProtocolService (GrpcServerProtocolService.java:onCompleted(113)) - 9716ed81-e797-4622-8f9d-d0bad6b93ded: Completed APPEND_ENTRIES, lastRequest: 7f194c44-d326-466e-a2f3-1afa0b12311e->9716ed81-e797-4622-8f9d-d0bad6b93ded#0-t10, previous=(t:0, i:0), leaderCommit=-1, initializing? false, entries: <empty>
2019-10-16 05:54:09,029 [grpc-default-executor-9] INFO  server.GrpcServerProtocolService (GrpcServerProtocolService.java:onCompleted(113)) - 77d0bf9b-6f4c-431e-a5f1-454f54e3e5de: Completed APPEND_ENTRIES, lastRequest: fa7e6ed1-247f-43d6-9abd-8e5119d5804b->77d0bf9b-6f4c-431e-a5f1-454f54e3e5de#0-t5, previous=(t:0, i:0), leaderCommit=-1, initializing? false, entries: <empty>
2019-10-16 05:54:09,031 [77d0bf9b-6f4c-431e-a5f1-454f54e3e5de@group-B2A04D870F72-LeaderElection26] INFO  impl.LeaderElection (LeaderElection.java:logAndReturn(56)) - 77d0bf9b-6f4c-431e-a5f1-454f54e3e5de@group-B2A04D870F72-LeaderElection26: Election REJECTED; received 2 response(s) [77d0bf9b-6f4c-431e-a5f1-454f54e3e5de<-fa7e6ed1-247f-43d6-9abd-8e5119d5804b#0:FAIL-t9, 77d0bf9b-6f4c-431e-a5f1-454f54e3e5de<-e8d6ebf1-6bcf-43aa-933b-e68e6e027da1#0:FAIL-t9] and 0 exception(s); 77d0bf9b-6f4c-431e-a5f1-454f54e3e5de@group-B2A04D870F72:t9, leader=null, voted=77d0bf9b-6f4c-431e-a5f1-454f54e3e5de, raftlog=77d0bf9b-6f4c-431e-a5f1-454f54e3e5de@group-B2A04D870F72-SegmentedRaftLog:OPENED:c-1,f-1,i0, conf=-1: [77d0bf9b-6f4c-431e-a5f1-454f54e3e5de:192.168.69.104:37359, fa7e6ed1-247f-43d6-9abd-8e5119d5804b:192.168.69.104:37305, e8d6ebf1-6bcf-43aa-933b-e68e6e027da1:192.168.69.104:46329], old=null
2019-10-16 05:54:09,032 [77d0bf9b-6f4c-431e-a5f1-454f54e3e5de@group-B2A04D870F72-LeaderElection26] INFO  impl.RaftServerImpl (RaftServerImpl.java:setRole(184)) - 77d0bf9b-6f4c-431e-a5f1-454f54e3e5de@group-B2A04D870F72: changes role from CANDIDATE to FOLLOWER at term 9 for DISCOVERED_A_NEW_TERM
2019-10-16 05:54:09,032 [77d0bf9b-6f4c-431e-a5f1-454f54e3e5de@group-B2A04D870F72-LeaderElection26] INFO  impl.RoleInfo (RoleInfo.java:shutdownLeaderElection(134)) - 77d0bf9b-6f4c-431e-a5f1-454f54e3e5de: shutdown LeaderElection
2019-10-16 05:54:09,032 [grpc-default-executor-3] INFO  server.GrpcLogAppender (GrpcLogAppender.java:onCompleted(308)) - fa7e6ed1-247f-43d6-9abd-8e5119d5804b@group-B2A04D870F72->e8d6ebf1-6bcf-43aa-933b-e68e6e027da1-AppendLogResponseHandler: follower responses appendEntries COMPLETED
2019-10-16 05:54:09,032 [grpc-default-executor-9] INFO  server.GrpcLogAppender (GrpcLogAppender.java:onCompleted(308)) - fa7e6ed1-247f-43d6-9abd-8e5119d5804b@group-B2A04D870F72->77d0bf9b-6f4c-431e-a5f1-454f54e3e5de-AppendLogResponseHandler: follower responses appendEntries COMPLETED
2019-10-16 05:54:09,032 [grpc-default-executor-2] INFO  server.GrpcLogAppender (GrpcLogAppender.java:onCompleted(308)) - 7f194c44-d326-466e-a2f3-1afa0b12311e@group-6F198EFDD6FC->28fad83d-bdd1-43c5-9066-2f84db181b78-AppendLogResponseHandler: follower responses appendEntries COMPLETED
2019-10-16 05:54:09,035 [grpc-default-executor-11] INFO  server.GrpcLogAppender (GrpcLogAppender.java:onCompleted(308)) - 7f194c44-d326-466e-a2f3-1afa0b12311e@group-6F198EFDD6FC->9716ed81-e797-4622-8f9d-d0bad6b93ded-AppendLogResponseHandler: follower responses appendEntries COMPLETED
2019-10-16 05:54:09,032 [77d0bf9b-6f4c-431e-a5f1-454f54e3e5de@group-B2A04D870F72-LeaderElection26] INFO  impl.RoleInfo (RoleInfo.java:updateAndGet(143)) - 77d0bf9b-6f4c-431e-a5f1-454f54e3e5de: start FollowerState
2019-10-16 05:54:09,038 [grpc-default-executor-5] INFO  impl.RaftServerImpl (ServerState.java:setLeader(256)) - 9ecd346d-e4ad-4887-80b5-747eac63700e@group-386E37E5741C: change Leader from null to f673e017-6a23-4a4d-8684-47aa34924efd at term 4 for appendEntries, leader elected after 1241ms
2019-10-16 05:54:09,038 [grpc-default-executor-3] INFO  impl.FollowerInfo (FollowerInfo.java:lambda$new$0(51)) - fa7e6ed1-247f-43d6-9abd-8e5119d5804b@group-B2A04D870F72->e8d6ebf1-6bcf-43aa-933b-e68e6e027da1: nextIndex: updateUnconditionally 0 -> 0
2019-10-16 05:54:09,041 [grpc-default-executor-2] INFO  impl.FollowerInfo (FollowerInfo.java:lambda$new$0(51)) - 7f194c44-d326-466e-a2f3-1afa0b12311e@group-6F198EFDD6FC->28fad83d-bdd1-43c5-9066-2f84db181b78: nextIndex: updateUnconditionally 0 -> 0
2019-10-16 05:54:09,044 [grpc-default-executor-9] INFO  impl.FollowerInfo (FollowerInfo.java:lambda$new$0(51)) - fa7e6ed1-247f-43d6-9abd-8e5119d5804b@group-B2A04D870F72->77d0bf9b-6f4c-431e-a5f1-454f54e3e5de: nextIndex: updateUnconditionally 0 -> 0
2019-10-16 05:54:09,044 [grpc-default-executor-11] INFO  impl.FollowerInfo (FollowerInfo.java:lambda$new$0(51)) - 7f194c44-d326-466e-a2f3-1afa0b12311e@group-6F198EFDD6FC->9716ed81-e797-4622-8f9d-d0bad6b93ded: nextIndex: updateUnconditionally 0 -> 0
2019-10-16 05:54:09,045 [f673e017-6a23-4a4d-8684-47aa34924efd@group-386E37E5741C-SegmentedRaftLogWorker] INFO  segmented.SegmentedRaftLogWorker (SegmentedRaftLogWorker.java:execute(576)) - f673e017-6a23-4a4d-8684-47aa34924efd@group-386E37E5741C-SegmentedRaftLogWorker: created new log segment /workdir/hadoop-ozone/integration-test/target/test-dir/MiniOzoneClusterImpl-a7ed491f-9e2a-49d2-8991-52926c770a07/datanode-0/data/ratis/6a5bc522-6b24-479b-bdc6-386e37e5741c/current/log_inprogress_0
2019-10-16 05:54:09,045 [68874196-04c8-425f-a7cc-e98956f4184b@group-386E37E5741C-LeaderElection32] INFO  impl.LeaderElection (LeaderElection.java:askForVotes(178)) - 68874196-04c8-425f-a7cc-e98956f4184b@group-386E37E5741C-LeaderElection32: begin an election at term 5 for -1: [68874196-04c8-425f-a7cc-e98956f4184b:192.168.69.104:44736, f673e017-6a23-4a4d-8684-47aa34924efd:192.168.69.104:34714, 9ecd346d-e4ad-4887-80b5-747eac63700e:192.168.69.104:38392], old=null
2019-10-16 05:54:09,048 [Thread-513] INFO  impl.RaftServerImpl (ServerState.java:setLeader(256)) - f673e017-6a23-4a4d-8684-47aa34924efd@group-386E37E5741C: change Leader from f673e017-6a23-4a4d-8684-47aa34924efd to null at term 5 for updateCurrentTerm
2019-10-16 05:54:09,048 [Thread-513] INFO  impl.RaftServerImpl (RaftServerImpl.java:setRole(184)) - f673e017-6a23-4a4d-8684-47aa34924efd@group-386E37E5741C: changes role from    LEADER to FOLLOWER at term 5 for stepDown
2019-10-16 05:54:09,048 [Thread-513] INFO  impl.RoleInfo (RoleInfo.java:shutdownLeaderState(104)) - f673e017-6a23-4a4d-8684-47aa34924efd: shutdown LeaderState
2019-10-16 05:54:09,052 [org.apache.ratis.server.impl.LogAppender$AppenderDaemon$$Lambda$461/568881136@62e661] WARN  server.GrpcLogAppender (GrpcLogAppender.java:mayWait(149)) - f673e017-6a23-4a4d-8684-47aa34924efd@group-386E37E5741C->9ecd346d-e4ad-4887-80b5-747eac63700e-GrpcLogAppender: Wait interrupted by java.lang.InterruptedException
2019-10-16 05:54:09,052 [Thread-513] INFO  impl.PendingRequests (PendingRequests.java:sendNotLeaderResponses(202)) - f673e017-6a23-4a4d-8684-47aa34924efd@group-386E37E5741C-PendingRequests: sendNotLeaderResponses
2019-10-16 05:54:09,052 [org.apache.ratis.server.impl.LogAppender$AppenderDaemon$$Lambda$461/568881136@7b6a97a] WARN  server.GrpcLogAppender (GrpcLogAppender.java:mayWait(149)) - f673e017-6a23-4a4d-8684-47aa34924efd@group-386E37E5741C->68874196-04c8-425f-a7cc-e98956f4184b-GrpcLogAppender: Wait interrupted by java.lang.InterruptedException
2019-10-16 05:54:09,052 [Thread-513] INFO  impl.RoleInfo (RoleInfo.java:updateAndGet(143)) - f673e017-6a23-4a4d-8684-47aa34924efd: start FollowerState
2019-10-16 05:54:09,052 [grpc-default-executor-11] INFO  impl.RaftServerImpl (ServerState.java:setLeader(256)) - 9ecd346d-e4ad-4887-80b5-747eac63700e@group-386E37E5741C: change Leader from f673e017-6a23-4a4d-8684-47aa34924efd to null at term 5 for updateCurrentTerm
2019-10-16 05:54:09,053 [grpc-default-executor-11] INFO  impl.RaftServerImpl (RaftServerImpl.java:setRole(184)) - 9ecd346d-e4ad-4887-80b5-747eac63700e@group-386E37E5741C: changes role from  FOLLOWER to FOLLOWER at term 5 for recognizeCandidate:68874196-04c8-425f-a7cc-e98956f4184b
2019-10-16 05:54:09,053 [grpc-default-executor-9] INFO  server.GrpcServerProtocolService (GrpcServerProtocolService.java:onCompleted(113)) - 68874196-04c8-425f-a7cc-e98956f4184b: Completed APPEND_ENTRIES, lastRequest: f673e017-6a23-4a4d-8684-47aa34924efd->68874196-04c8-425f-a7cc-e98956f4184b#0-t4, previous=(t:0, i:0), leaderCommit=-1, initializing? false, entries: <empty>
2019-10-16 05:54:09,053 [grpc-default-executor-11] INFO  impl.RoleInfo (RoleInfo.java:shutdownFollowerState(121)) - 9ecd346d-e4ad-4887-80b5-747eac63700e: shutdown FollowerState
2019-10-16 05:54:09,053 [grpc-default-executor-5] INFO  server.GrpcServerProtocolService (GrpcServerProtocolService.java:onCompleted(113)) - 9ecd346d-e4ad-4887-80b5-747eac63700e: Completed APPEND_ENTRIES, lastRequest: f673e017-6a23-4a4d-8684-47aa34924efd->9ecd346d-e4ad-4887-80b5-747eac63700e#0-t4, previous=(t:0, i:0), leaderCommit=-1, initializing? false, entries: <empty>
2019-10-16 05:54:09,053 [grpc-default-executor-11] INFO  impl.RoleInfo (RoleInfo.java:updateAndGet(143)) - 9ecd346d-e4ad-4887-80b5-747eac63700e: start FollowerState
2019-10-16 05:54:09,053 [Thread-501] INFO  impl.FollowerState (FollowerState.java:run(117)) - 9ecd346d-e4ad-4887-80b5-747eac63700e@group-386E37E5741C-FollowerState was interrupted: java.lang.InterruptedException: sleep interrupted
2019-10-16 05:54:09,053 [grpc-default-executor-5] INFO  server.GrpcLogAppender (GrpcLogAppender.java:onCompleted(308)) - f673e017-6a23-4a4d-8684-47aa34924efd@group-386E37E5741C->68874196-04c8-425f-a7cc-e98956f4184b-AppendLogResponseHandler: follower responses appendEntries COMPLETED
2019-10-16 05:54:09,056 [68874196-04c8-425f-a7cc-e98956f4184b@group-386E37E5741C-LeaderElection32] INFO  impl.LeaderElection (LeaderElection.java:logAndReturn(56)) - 68874196-04c8-425f-a7cc-e98956f4184b@group-386E37E5741C-LeaderElection32: Election TIMEOUT; received 0 response(s) [] and 0 exception(s); 68874196-04c8-425f-a7cc-e98956f4184b@group-386E37E5741C:t5, leader=null, voted=68874196-04c8-425f-a7cc-e98956f4184b, raftlog=68874196-04c8-425f-a7cc-e98956f4184b@group-386E37E5741C-SegmentedRaftLog:OPENED:c-1,f-1,i0, conf=-1: [68874196-04c8-425f-a7cc-e98956f4184b:192.168.69.104:44736, f673e017-6a23-4a4d-8684-47aa34924efd:192.168.69.104:34714, 9ecd346d-e4ad-4887-80b5-747eac63700e:192.168.69.104:38392], old=null
2019-10-16 05:54:09,056 [grpc-default-executor-5] INFO  impl.FollowerInfo (FollowerInfo.java:lambda$new$0(51)) - f673e017-6a23-4a4d-8684-47aa34924efd@group-386E37E5741C->68874196-04c8-425f-a7cc-e98956f4184b: nextIndex: updateUnconditionally 0 -> 0
2019-10-16 05:54:09,059 [grpc-default-executor-8] INFO  impl.RaftServerImpl (RaftServerImpl.java:setRole(184)) - f673e017-6a23-4a4d-8684-47aa34924efd@group-386E37E5741C: changes role from  FOLLOWER to FOLLOWER at term 5 for recognizeCandidate:68874196-04c8-425f-a7cc-e98956f4184b
2019-10-16 05:54:09,060 [grpc-default-executor-8] INFO  impl.RoleInfo (RoleInfo.java:shutdownFollowerState(121)) - f673e017-6a23-4a4d-8684-47aa34924efd: shutdown FollowerState
2019-10-16 05:54:09,060 [grpc-default-executor-9] INFO  server.GrpcLogAppender (GrpcLogAppender.java:onCompleted(308)) - f673e017-6a23-4a4d-8684-47aa34924efd@group-386E37E5741C->9ecd346d-e4ad-4887-80b5-747eac63700e-AppendLogResponseHandler: follower responses appendEntries COMPLETED
2019-10-16 05:54:09,060 [Thread-539] INFO  impl.FollowerState (FollowerState.java:run(117)) - f673e017-6a23-4a4d-8684-47aa34924efd@group-386E37E5741C-FollowerState was interrupted: java.lang.InterruptedException: sleep interrupted
2019-10-16 05:54:09,060 [grpc-default-executor-8] INFO  impl.RoleInfo (RoleInfo.java:updateAndGet(143)) - f673e017-6a23-4a4d-8684-47aa34924efd: start FollowerState
2019-10-16 05:54:09,063 [grpc-default-executor-9] INFO  impl.FollowerInfo (FollowerInfo.java:lambda$new$0(51)) - f673e017-6a23-4a4d-8684-47aa34924efd@group-386E37E5741C->9ecd346d-e4ad-4887-80b5-747eac63700e: nextIndex: updateUnconditionally 0 -> 0
2019-10-16 05:54:09,071 [68874196-04c8-425f-a7cc-e98956f4184b@group-386E37E5741C-LeaderElection32] INFO  impl.LeaderElection (LeaderElection.java:askForVotes(178)) - 68874196-04c8-425f-a7cc-e98956f4184b@group-386E37E5741C-LeaderElection32: begin an election at term 6 for -1: [68874196-04c8-425f-a7cc-e98956f4184b:192.168.69.104:44736, f673e017-6a23-4a4d-8684-47aa34924efd:192.168.69.104:34714, 9ecd346d-e4ad-4887-80b5-747eac63700e:192.168.69.104:38392], old=null
2019-10-16 05:54:09,073 [grpc-default-executor-8] INFO  impl.RaftServerImpl (RaftServerImpl.java:setRole(184)) - f673e017-6a23-4a4d-8684-47aa34924efd@group-386E37E5741C: changes role from  FOLLOWER to FOLLOWER at term 6 for recognizeCandidate:68874196-04c8-425f-a7cc-e98956f4184b
2019-10-16 05:54:09,074 [grpc-default-executor-9] INFO  impl.RaftServerImpl (RaftServerImpl.java:setRole(184)) - 9ecd346d-e4ad-4887-80b5-747eac63700e@group-386E37E5741C: changes role from  FOLLOWER to FOLLOWER at term 6 for recognizeCandidate:68874196-04c8-425f-a7cc-e98956f4184b
2019-10-16 05:54:09,074 [grpc-default-executor-8] INFO  impl.RoleInfo (RoleInfo.java:shutdownFollowerState(121)) - f673e017-6a23-4a4d-8684-47aa34924efd: shutdown FollowerState
2019-10-16 05:54:09,074 [grpc-default-executor-9] INFO  impl.RoleInfo (RoleInfo.java:shutdownFollowerState(121)) - 9ecd346d-e4ad-4887-80b5-747eac63700e: shutdown FollowerState
2019-10-16 05:54:09,074 [Thread-541] INFO  impl.FollowerState (FollowerState.java:run(117)) - f673e017-6a23-4a4d-8684-47aa34924efd@group-386E37E5741C-FollowerState was interrupted: java.lang.InterruptedException: sleep interrupted
2019-10-16 05:54:09,074 [grpc-default-executor-8] INFO  impl.RoleInfo (RoleInfo.java:updateAndGet(143)) - f673e017-6a23-4a4d-8684-47aa34924efd: start FollowerState
2019-10-16 05:54:09,074 [grpc-default-executor-9] INFO  impl.RoleInfo (RoleInfo.java:updateAndGet(143)) - 9ecd346d-e4ad-4887-80b5-747eac63700e: start FollowerState
2019-10-16 05:54:09,074 [Thread-540] INFO  impl.FollowerState (FollowerState.java:run(117)) - 9ecd346d-e4ad-4887-80b5-747eac63700e@group-386E37E5741C-FollowerState was interrupted: java.lang.InterruptedException: sleep interrupted
2019-10-16 05:54:09,078 [main] INFO  impl.MetricsSystemImpl (MetricsSystemImpl.java:init(158)) - XceiverClientMetrics metrics system started (again)
2019-10-16 05:54:09,097 [68874196-04c8-425f-a7cc-e98956f4184b@group-386E37E5741C-LeaderElection32] INFO  impl.LeaderElection (LeaderElection.java:logAndReturn(56)) - 68874196-04c8-425f-a7cc-e98956f4184b@group-386E37E5741C-LeaderElection32: Election PASSED; received 2 response(s) [68874196-04c8-425f-a7cc-e98956f4184b<-f673e017-6a23-4a4d-8684-47aa34924efd#0:FAIL-t6, 68874196-04c8-425f-a7cc-e98956f4184b<-9ecd346d-e4ad-4887-80b5-747eac63700e#0:OK-t6] and 0 exception(s); 68874196-04c8-425f-a7cc-e98956f4184b@group-386E37E5741C:t6, leader=null, voted=68874196-04c8-425f-a7cc-e98956f4184b, raftlog=68874196-04c8-425f-a7cc-e98956f4184b@group-386E37E5741C-SegmentedRaftLog:OPENED:c-1,f-1,i0, conf=-1: [68874196-04c8-425f-a7cc-e98956f4184b:192.168.69.104:44736, f673e017-6a23-4a4d-8684-47aa34924efd:192.168.69.104:34714, 9ecd346d-e4ad-4887-80b5-747eac63700e:192.168.69.104:38392], old=null
2019-10-16 05:54:09,097 [68874196-04c8-425f-a7cc-e98956f4184b@group-386E37E5741C-LeaderElection32] INFO  impl.RoleInfo (RoleInfo.java:shutdownLeaderElection(134)) - 68874196-04c8-425f-a7cc-e98956f4184b: shutdown LeaderElection
2019-10-16 05:54:09,097 [68874196-04c8-425f-a7cc-e98956f4184b@group-386E37E5741C-LeaderElection32] INFO  impl.RaftServerImpl (RaftServerImpl.java:setRole(184)) - 68874196-04c8-425f-a7cc-e98956f4184b@group-386E37E5741C: changes role from CANDIDATE to LEADER at term 6 for changeToLeader
2019-10-16 05:54:09,097 [68874196-04c8-425f-a7cc-e98956f4184b@group-386E37E5741C-LeaderElection32] INFO  impl.RaftServerImpl (ServerState.java:setLeader(256)) - 68874196-04c8-425f-a7cc-e98956f4184b@group-386E37E5741C: change Leader from null to 68874196-04c8-425f-a7cc-e98956f4184b at term 6 for becomeLeader, leader elected after 1016ms
2019-10-16 05:54:09,097 [68874196-04c8-425f-a7cc-e98956f4184b@group-386E37E5741C-LeaderElection32] INFO  server.RaftServerConfigKeys (ConfUtils.java:logGet(43)) - raft.server.staging.catchup.gap = 1000 (default)
2019-10-16 05:54:09,097 [68874196-04c8-425f-a7cc-e98956f4184b@group-386E37E5741C-LeaderElection32] INFO  server.RaftServerConfigKeys (ConfUtils.java:logGet(43)) - raft.server.rpc.sleep.time = 25ms (default)
2019-10-16 05:54:09,098 [68874196-04c8-425f-a7cc-e98956f4184b@group-386E37E5741C-LeaderElection32] INFO  server.RaftServerConfigKeys (ConfUtils.java:logGet(43)) - raft.server.write.element-limit = 4096 (default)
2019-10-16 05:54:09,098 [68874196-04c8-425f-a7cc-e98956f4184b@group-386E37E5741C-LeaderElection32] INFO  server.RaftServerConfigKeys (ConfUtils.java:logGet(43)) - raft.server.watch.timeout = 10s (default)
2019-10-16 05:54:09,098 [68874196-04c8-425f-a7cc-e98956f4184b@group-386E37E5741C-LeaderElection32] INFO  server.RaftServerConfigKeys (ConfUtils.java:logGet(43)) - raft.server.watch.timeout.denomination = 1s (default)
2019-10-16 05:54:09,098 [68874196-04c8-425f-a7cc-e98956f4184b@group-386E37E5741C-LeaderElection32] INFO  server.RaftServerConfigKeys (ConfUtils.java:logGet(43)) - raft.server.watch.element-limit = 65536 (default)
2019-10-16 05:54:09,101 [68874196-04c8-425f-a7cc-e98956f4184b@group-386E37E5741C-LeaderElection32] INFO  server.RaftServerConfigKeys (ConfUtils.java:logGet(43)) - raft.server.log.appender.snapshot.chunk.size.max = 16MB (=16777216) (default)
2019-10-16 05:54:09,101 [68874196-04c8-425f-a7cc-e98956f4184b@group-386E37E5741C-LeaderElection32] INFO  server.RaftServerConfigKeys (ConfUtils.java:logGet(43)) - raft.server.log.appender.buffer.byte-limit = 33554432 (custom)
2019-10-16 05:54:09,101 [68874196-04c8-425f-a7cc-e98956f4184b@group-386E37E5741C-LeaderElection32] INFO  server.RaftServerConfigKeys (ConfUtils.java:logGet(43)) - raft.server.log.appender.buffer.element-limit = 1 (custom)
2019-10-16 05:54:09,102 [68874196-04c8-425f-a7cc-e98956f4184b@group-386E37E5741C-LeaderElection32] INFO  grpc.GrpcConfigKeys$Server (ConfUtils.java:logGet(43)) - raft.grpc.server.leader.outstanding.appends.max = 128 (default)
2019-10-16 05:54:09,102 [68874196-04c8-425f-a7cc-e98956f4184b@group-386E37E5741C-LeaderElection32] INFO  server.RaftServerConfigKeys (ConfUtils.java:logGet(43)) - raft.server.rpc.request.timeout = 3000ms (default)
2019-10-16 05:54:09,102 [68874196-04c8-425f-a7cc-e98956f4184b@group-386E37E5741C-LeaderElection32] INFO  server.RaftServerConfigKeys (ConfUtils.java:logGet(43)) - raft.server.log.appender.install.snapshot.enabled = false (custom)
2019-10-16 05:54:09,105 [68874196-04c8-425f-a7cc-e98956f4184b@group-386E37E5741C-LeaderElection32] INFO  server.RaftServerConfigKeys (ConfUtils.java:logGet(43)) - raft.server.log.appender.snapshot.chunk.size.max = 16MB (=16777216) (default)
2019-10-16 05:54:09,105 [68874196-04c8-425f-a7cc-e98956f4184b@group-386E37E5741C-LeaderElection32] INFO  server.RaftServerConfigKeys (ConfUtils.java:logGet(43)) - raft.server.log.appender.buffer.byte-limit = 33554432 (custom)
2019-10-16 05:54:09,105 [68874196-04c8-425f-a7cc-e98956f4184b@group-386E37E5741C-LeaderElection32] INFO  server.RaftServerConfigKeys (ConfUtils.java:logGet(43)) - raft.server.log.appender.buffer.element-limit = 1 (custom)
2019-10-16 05:54:09,105 [68874196-04c8-425f-a7cc-e98956f4184b@group-386E37E5741C-LeaderElection32] INFO  grpc.GrpcConfigKeys$Server (ConfUtils.java:logGet(43)) - raft.grpc.server.leader.outstanding.appends.max = 128 (default)
2019-10-16 05:54:09,106 [68874196-04c8-425f-a7cc-e98956f4184b@group-386E37E5741C-LeaderElection32] INFO  server.RaftServerConfigKeys (ConfUtils.java:logGet(43)) - raft.server.rpc.request.timeout = 3000ms (default)
2019-10-16 05:54:09,106 [68874196-04c8-425f-a7cc-e98956f4184b@group-386E37E5741C-LeaderElection32] INFO  server.RaftServerConfigKeys (ConfUtils.java:logGet(43)) - raft.server.log.appender.install.snapshot.enabled = false (custom)
2019-10-16 05:54:09,108 [68874196-04c8-425f-a7cc-e98956f4184b@group-386E37E5741C-LeaderElection32] INFO  impl.RoleInfo (RoleInfo.java:updateAndGet(143)) - 68874196-04c8-425f-a7cc-e98956f4184b: start LeaderState
2019-10-16 05:54:09,108 [68874196-04c8-425f-a7cc-e98956f4184b@group-386E37E5741C-LeaderElection32] INFO  segmented.SegmentedRaftLogWorker (SegmentedRaftLogWorker.java:startLogSegment(385)) - 68874196-04c8-425f-a7cc-e98956f4184b@group-386E37E5741C-SegmentedRaftLogWorker: Starting segment from index:0
2019-10-16 05:54:09,109 [68874196-04c8-425f-a7cc-e98956f4184b@group-386E37E5741C-LeaderElection32] INFO  impl.RaftServerImpl (ServerState.java:setRaftConf(357)) - 68874196-04c8-425f-a7cc-e98956f4184b@group-386E37E5741C: set configuration 0: [68874196-04c8-425f-a7cc-e98956f4184b:192.168.69.104:44736, f673e017-6a23-4a4d-8684-47aa34924efd:192.168.69.104:34714, 9ecd346d-e4ad-4887-80b5-747eac63700e:192.168.69.104:38392], old=null at 0
2019-10-16 05:54:09,146 [Thread-517] INFO  impl.FollowerState (FollowerState.java:run(108)) - e8d6ebf1-6bcf-43aa-933b-e68e6e027da1@group-B2A04D870F72-FollowerState: change to CANDIDATE, lastRpcTime:177ms, electionTimeout:169ms
2019-10-16 05:54:09,146 [Thread-517] INFO  impl.RoleInfo (RoleInfo.java:shutdownFollowerState(121)) - e8d6ebf1-6bcf-43aa-933b-e68e6e027da1: shutdown FollowerState
2019-10-16 05:54:09,146 [Thread-517] INFO  impl.RaftServerImpl (RaftServerImpl.java:setRole(184)) - e8d6ebf1-6bcf-43aa-933b-e68e6e027da1@group-B2A04D870F72: changes role from  FOLLOWER to CANDIDATE at term 9 for changeToCandidate
2019-10-16 05:54:09,147 [Thread-517] INFO  impl.RoleInfo (RoleInfo.java:updateAndGet(143)) - e8d6ebf1-6bcf-43aa-933b-e68e6e027da1: start LeaderElection
2019-10-16 05:54:09,147 [grpc-default-executor-8] INFO  impl.RaftServerImpl (ServerState.java:setLeader(256)) - 9ecd346d-e4ad-4887-80b5-747eac63700e@group-386E37E5741C: change Leader from null to 68874196-04c8-425f-a7cc-e98956f4184b at term 6 for appendEntries, leader elected after 94ms
2019-10-16 05:54:09,147 [grpc-default-executor-9] INFO  impl.RaftServerImpl (ServerState.java:setLeader(256)) - f673e017-6a23-4a4d-8684-47aa34924efd@group-386E37E5741C: change Leader from null to 68874196-04c8-425f-a7cc-e98956f4184b at term 6 for appendEntries, leader elected after 99ms
2019-10-16 05:54:09,159 [grpc-default-executor-8] INFO  impl.RaftServerImpl (ServerState.java:setRaftConf(357)) - f673e017-6a23-4a4d-8684-47aa34924efd@group-386E37E5741C: set configuration 0: [68874196-04c8-425f-a7cc-e98956f4184b:192.168.69.104:44736, f673e017-6a23-4a4d-8684-47aa34924efd:192.168.69.104:34714, 9ecd346d-e4ad-4887-80b5-747eac63700e:192.168.69.104:38392], old=null at 0
2019-10-16 05:54:09,159 [grpc-default-executor-9] INFO  impl.RaftServerImpl (ServerState.java:setRaftConf(357)) - 9ecd346d-e4ad-4887-80b5-747eac63700e@group-386E37E5741C: set configuration 0: [68874196-04c8-425f-a7cc-e98956f4184b:192.168.69.104:44736, f673e017-6a23-4a4d-8684-47aa34924efd:192.168.69.104:34714, 9ecd346d-e4ad-4887-80b5-747eac63700e:192.168.69.104:38392], old=null at 0
2019-10-16 05:54:09,159 [68874196-04c8-425f-a7cc-e98956f4184b@group-386E37E5741C-SegmentedRaftLogWorker] INFO  segmented.SegmentedRaftLogWorker (SegmentedRaftLogWorker.java:execute(576)) - 68874196-04c8-425f-a7cc-e98956f4184b@group-386E37E5741C-SegmentedRaftLogWorker: created new log segment /workdir/hadoop-ozone/integration-test/target/test-dir/MiniOzoneClusterImpl-a7ed491f-9e2a-49d2-8991-52926c770a07/datanode-7/data/ratis/6a5bc522-6b24-479b-bdc6-386e37e5741c/current/log_inprogress_0
2019-10-16 05:54:09,159 [e8d6ebf1-6bcf-43aa-933b-e68e6e027da1@group-B2A04D870F72-LeaderElection33] INFO  impl.LeaderElection (LeaderElection.java:askForVotes(178)) - e8d6ebf1-6bcf-43aa-933b-e68e6e027da1@group-B2A04D870F72-LeaderElection33: begin an election at term 10 for -1: [77d0bf9b-6f4c-431e-a5f1-454f54e3e5de:192.168.69.104:37359, fa7e6ed1-247f-43d6-9abd-8e5119d5804b:192.168.69.104:37305, e8d6ebf1-6bcf-43aa-933b-e68e6e027da1:192.168.69.104:46329], old=null
2019-10-16 05:54:09,159 [grpc-default-executor-9] INFO  segmented.SegmentedRaftLogWorker (SegmentedRaftLogWorker.java:startLogSegment(385)) - 9ecd346d-e4ad-4887-80b5-747eac63700e@group-386E37E5741C-SegmentedRaftLogWorker: Starting segment from index:0
2019-10-16 05:54:09,162 [grpc-default-executor-9] INFO  impl.RaftServerImpl (RaftServerImpl.java:setRole(184)) - 77d0bf9b-6f4c-431e-a5f1-454f54e3e5de@group-B2A04D870F72: changes role from  FOLLOWER to FOLLOWER at term 10 for recognizeCandidate:e8d6ebf1-6bcf-43aa-933b-e68e6e027da1
2019-10-16 05:54:09,163 [grpc-default-executor-8] INFO  segmented.SegmentedRaftLogWorker (SegmentedRaftLogWorker.java:truncate(401)) - f673e017-6a23-4a4d-8684-47aa34924efd@group-386E37E5741C-SegmentedRaftLogWorker: Truncating segments toTruncate: null
  toDelete: [(0, 0) isOpen? true, length=0, newEndIndex=-1], start index 0
2019-10-16 05:54:09,163 [grpc-default-executor-9] INFO  impl.RoleInfo (RoleInfo.java:shutdownFollowerState(121)) - 77d0bf9b-6f4c-431e-a5f1-454f54e3e5de: shutdown FollowerState
2019-10-16 05:54:09,163 [grpc-default-executor-11] INFO  impl.RaftServerImpl (RaftServerImpl.java:setRole(184)) - fa7e6ed1-247f-43d6-9abd-8e5119d5804b@group-B2A04D870F72: changes role from  FOLLOWER to FOLLOWER at term 10 for recognizeCandidate:e8d6ebf1-6bcf-43aa-933b-e68e6e027da1
2019-10-16 05:54:09,163 [Thread-535] INFO  impl.FollowerState (FollowerState.java:run(117)) - 77d0bf9b-6f4c-431e-a5f1-454f54e3e5de@group-B2A04D870F72-FollowerState was interrupted: java.lang.InterruptedException: sleep interrupted
2019-10-16 05:54:09,163 [grpc-default-executor-9] INFO  impl.RoleInfo (RoleInfo.java:updateAndGet(143)) - 77d0bf9b-6f4c-431e-a5f1-454f54e3e5de: start FollowerState
2019-10-16 05:54:09,163 [grpc-default-executor-8] INFO  segmented.SegmentedRaftLogWorker (SegmentedRaftLogWorker.java:startLogSegment(385)) - f673e017-6a23-4a4d-8684-47aa34924efd@group-386E37E5741C-SegmentedRaftLogWorker: Starting segment from index:0
2019-10-16 05:54:09,163 [grpc-default-executor-11] INFO  impl.RoleInfo (RoleInfo.java:shutdownFollowerState(121)) - fa7e6ed1-247f-43d6-9abd-8e5119d5804b: shutdown FollowerState
2019-10-16 05:54:09,164 [Thread-531] INFO  impl.FollowerState (FollowerState.java:run(117)) - fa7e6ed1-247f-43d6-9abd-8e5119d5804b@group-B2A04D870F72-FollowerState was interrupted: java.lang.InterruptedException: sleep interrupted
2019-10-16 05:54:09,164 [grpc-default-executor-11] INFO  impl.RoleInfo (RoleInfo.java:updateAndGet(143)) - fa7e6ed1-247f-43d6-9abd-8e5119d5804b: start FollowerState
2019-10-16 05:54:09,165 [f673e017-6a23-4a4d-8684-47aa34924efd@group-386E37E5741C-SegmentedRaftLogWorker] INFO  segmented.SegmentedRaftLogWorker (SegmentedRaftLogWorker.java:execute(640)) - f673e017-6a23-4a4d-8684-47aa34924efd@group-386E37E5741C-SegmentedRaftLogWorker: Deleted log file /workdir/hadoop-ozone/integration-test/target/test-dir/MiniOzoneClusterImpl-a7ed491f-9e2a-49d2-8991-52926c770a07/datanode-0/data/ratis/6a5bc522-6b24-479b-bdc6-386e37e5741c/current/log_inprogress_0
2019-10-16 05:54:09,166 [f673e017-6a23-4a4d-8684-47aa34924efd@group-386E37E5741C-SegmentedRaftLogWorker] INFO  segmented.SegmentedRaftLogWorker (SegmentedRaftLogWorker.java:lambda$new$0(128)) - f673e017-6a23-4a4d-8684-47aa34924efd@group-386E37E5741C-SegmentedRaftLogWorker: flushIndex: setUnconditionally 0 -> -1
2019-10-16 05:54:09,176 [e8d6ebf1-6bcf-43aa-933b-e68e6e027da1@group-B2A04D870F72-LeaderElection33] INFO  impl.LeaderElection (LeaderElection.java:logAndReturn(56)) - e8d6ebf1-6bcf-43aa-933b-e68e6e027da1@group-B2A04D870F72-LeaderElection33: Election PASSED; received 2 response(s) [e8d6ebf1-6bcf-43aa-933b-e68e6e027da1<-77d0bf9b-6f4c-431e-a5f1-454f54e3e5de#0:OK-t10, e8d6ebf1-6bcf-43aa-933b-e68e6e027da1<-fa7e6ed1-247f-43d6-9abd-8e5119d5804b#0:FAIL-t10] and 0 exception(s); e8d6ebf1-6bcf-43aa-933b-e68e6e027da1@group-B2A04D870F72:t10, leader=null, voted=e8d6ebf1-6bcf-43aa-933b-e68e6e027da1, raftlog=e8d6ebf1-6bcf-43aa-933b-e68e6e027da1@group-B2A04D870F72-SegmentedRaftLog:OPENED:c-1,f-1,i0, conf=-1: [77d0bf9b-6f4c-431e-a5f1-454f54e3e5de:192.168.69.104:37359, fa7e6ed1-247f-43d6-9abd-8e5119d5804b:192.168.69.104:37305, e8d6ebf1-6bcf-43aa-933b-e68e6e027da1:192.168.69.104:46329], old=null
2019-10-16 05:54:09,176 [e8d6ebf1-6bcf-43aa-933b-e68e6e027da1@group-B2A04D870F72-LeaderElection33] INFO  impl.RoleInfo (RoleInfo.java:shutdownLeaderElection(134)) - e8d6ebf1-6bcf-43aa-933b-e68e6e027da1: shutdown LeaderElection
2019-10-16 05:54:09,176 [e8d6ebf1-6bcf-43aa-933b-e68e6e027da1@group-B2A04D870F72-LeaderElection33] INFO  impl.RaftServerImpl (RaftServerImpl.java:setRole(184)) - e8d6ebf1-6bcf-43aa-933b-e68e6e027da1@group-B2A04D870F72: changes role from CANDIDATE to LEADER at term 10 for changeToLeader
2019-10-16 05:54:09,176 [e8d6ebf1-6bcf-43aa-933b-e68e6e027da1@group-B2A04D870F72-LeaderElection33] INFO  impl.RaftServerImpl (ServerState.java:setLeader(256)) - e8d6ebf1-6bcf-43aa-933b-e68e6e027da1@group-B2A04D870F72: change Leader from null to e8d6ebf1-6bcf-43aa-933b-e68e6e027da1 at term 10 for becomeLeader, leader elected after 1582ms
2019-10-16 05:54:09,176 [e8d6ebf1-6bcf-43aa-933b-e68e6e027da1@group-B2A04D870F72-LeaderElection33] INFO  server.RaftServerConfigKeys (ConfUtils.java:logGet(43)) - raft.server.staging.catchup.gap = 1000 (default)
2019-10-16 05:54:09,176 [e8d6ebf1-6bcf-43aa-933b-e68e6e027da1@group-B2A04D870F72-LeaderElection33] INFO  server.RaftServerConfigKeys (ConfUtils.java:logGet(43)) - raft.server.rpc.sleep.time = 25ms (default)
2019-10-16 05:54:09,177 [e8d6ebf1-6bcf-43aa-933b-e68e6e027da1@group-B2A04D870F72-LeaderElection33] INFO  server.RaftServerConfigKeys (ConfUtils.java:logGet(43)) - raft.server.write.element-limit = 4096 (default)
2019-10-16 05:54:09,177 [e8d6ebf1-6bcf-43aa-933b-e68e6e027da1@group-B2A04D870F72-LeaderElection33] INFO  server.RaftServerConfigKeys (ConfUtils.java:logGet(43)) - raft.server.watch.timeout = 10s (default)
2019-10-16 05:54:09,177 [e8d6ebf1-6bcf-43aa-933b-e68e6e027da1@group-B2A04D870F72-LeaderElection33] INFO  server.RaftServerConfigKeys (ConfUtils.java:logGet(43)) - raft.server.watch.timeout.denomination = 1s (default)
2019-10-16 05:54:09,177 [e8d6ebf1-6bcf-43aa-933b-e68e6e027da1@group-B2A04D870F72-LeaderElection33] INFO  server.RaftServerConfigKeys (ConfUtils.java:logGet(43)) - raft.server.watch.element-limit = 65536 (default)
2019-10-16 05:54:09,180 [e8d6ebf1-6bcf-43aa-933b-e68e6e027da1@group-B2A04D870F72-LeaderElection33] INFO  server.RaftServerConfigKeys (ConfUtils.java:logGet(43)) - raft.server.log.appender.snapshot.chunk.size.max = 16MB (=16777216) (default)
2019-10-16 05:54:09,181 [e8d6ebf1-6bcf-43aa-933b-e68e6e027da1@group-B2A04D870F72-LeaderElection33] INFO  server.RaftServerConfigKeys (ConfUtils.java:logGet(43)) - raft.server.log.appender.buffer.byte-limit = 33554432 (custom)
2019-10-16 05:54:09,181 [e8d6ebf1-6bcf-43aa-933b-e68e6e027da1@group-B2A04D870F72-LeaderElection33] INFO  server.RaftServerConfigKeys (ConfUtils.java:logGet(43)) - raft.server.log.appender.buffer.element-limit = 1 (custom)
2019-10-16 05:54:09,181 [e8d6ebf1-6bcf-43aa-933b-e68e6e027da1@group-B2A04D870F72-LeaderElection33] INFO  grpc.GrpcConfigKeys$Server (ConfUtils.java:logGet(43)) - raft.grpc.server.leader.outstanding.appends.max = 128 (default)
2019-10-16 05:54:09,182 [e8d6ebf1-6bcf-43aa-933b-e68e6e027da1@group-B2A04D870F72-LeaderElection33] INFO  server.RaftServerConfigKeys (ConfUtils.java:logGet(43)) - raft.server.rpc.request.timeout = 3000ms (default)
2019-10-16 05:54:09,182 [e8d6ebf1-6bcf-43aa-933b-e68e6e027da1@group-B2A04D870F72-LeaderElection33] INFO  server.RaftServerConfigKeys (ConfUtils.java:logGet(43)) - raft.server.log.appender.install.snapshot.enabled = false (custom)
2019-10-16 05:54:09,185 [e8d6ebf1-6bcf-43aa-933b-e68e6e027da1@group-B2A04D870F72-LeaderElection33] INFO  server.RaftServerConfigKeys (ConfUtils.java:logGet(43)) - raft.server.log.appender.snapshot.chunk.size.max = 16MB (=16777216) (default)
2019-10-16 05:54:09,185 [e8d6ebf1-6bcf-43aa-933b-e68e6e027da1@group-B2A04D870F72-LeaderElection33] INFO  server.RaftServerConfigKeys (ConfUtils.java:logGet(43)) - raft.server.log.appender.buffer.byte-limit = 33554432 (custom)
2019-10-16 05:54:09,185 [e8d6ebf1-6bcf-43aa-933b-e68e6e027da1@group-B2A04D870F72-LeaderElection33] INFO  server.RaftServerConfigKeys (ConfUtils.java:logGet(43)) - raft.server.log.appender.buffer.element-limit = 1 (custom)
2019-10-16 05:54:09,185 [e8d6ebf1-6bcf-43aa-933b-e68e6e027da1@group-B2A04D870F72-LeaderElection33] INFO  grpc.GrpcConfigKeys$Server (ConfUtils.java:logGet(43)) - raft.grpc.server.leader.outstanding.appends.max = 128 (default)
2019-10-16 05:54:09,186 [e8d6ebf1-6bcf-43aa-933b-e68e6e027da1@group-B2A04D870F72-LeaderElection33] INFO  server.RaftServerConfigKeys (ConfUtils.java:logGet(43)) - raft.server.rpc.request.timeout = 3000ms (default)
2019-10-16 05:54:09,186 [e8d6ebf1-6bcf-43aa-933b-e68e6e027da1@group-B2A04D870F72-LeaderElection33] INFO  server.RaftServerConfigKeys (ConfUtils.java:logGet(43)) - raft.server.log.appender.install.snapshot.enabled = false (custom)
2019-10-16 05:54:09,202 [e8d6ebf1-6bcf-43aa-933b-e68e6e027da1@group-B2A04D870F72-LeaderElection33] INFO  impl.RoleInfo (RoleInfo.java:updateAndGet(143)) - e8d6ebf1-6bcf-43aa-933b-e68e6e027da1: start LeaderState
2019-10-16 05:54:09,202 [e8d6ebf1-6bcf-43aa-933b-e68e6e027da1@group-B2A04D870F72-LeaderElection33] INFO  segmented.SegmentedRaftLogWorker (SegmentedRaftLogWorker.java:startLogSegment(385)) - e8d6ebf1-6bcf-43aa-933b-e68e6e027da1@group-B2A04D870F72-SegmentedRaftLogWorker: Starting segment from index:0
2019-10-16 05:54:09,204 [e8d6ebf1-6bcf-43aa-933b-e68e6e027da1@group-B2A04D870F72-LeaderElection33] INFO  impl.RaftServerImpl (ServerState.java:setRaftConf(357)) - e8d6ebf1-6bcf-43aa-933b-e68e6e027da1@group-B2A04D870F72: set configuration 0: [77d0bf9b-6f4c-431e-a5f1-454f54e3e5de:192.168.69.104:37359, fa7e6ed1-247f-43d6-9abd-8e5119d5804b:192.168.69.104:37305, e8d6ebf1-6bcf-43aa-933b-e68e6e027da1:192.168.69.104:46329], old=null at 0
2019-10-16 05:54:09,207 [grpc-default-executor-11] INFO  impl.RaftServerImpl (ServerState.java:setLeader(256)) - 77d0bf9b-6f4c-431e-a5f1-454f54e3e5de@group-B2A04D870F72: change Leader from null to e8d6ebf1-6bcf-43aa-933b-e68e6e027da1 at term 10 for appendEntries, leader elected after 1622ms
2019-10-16 05:54:09,207 [grpc-default-executor-9] INFO  impl.RaftServerImpl (ServerState.java:setLeader(256)) - fa7e6ed1-247f-43d6-9abd-8e5119d5804b@group-B2A04D870F72: change Leader from null to e8d6ebf1-6bcf-43aa-933b-e68e6e027da1 at term 10 for appendEntries, leader elected after 239ms
2019-10-16 05:54:09,234 [9ecd346d-e4ad-4887-80b5-747eac63700e@group-386E37E5741C-SegmentedRaftLogWorker] INFO  segmented.SegmentedRaftLogWorker (SegmentedRaftLogWorker.java:execute(576)) - 9ecd346d-e4ad-4887-80b5-747eac63700e@group-386E37E5741C-SegmentedRaftLogWorker: created new log segment /workdir/hadoop-ozone/integration-test/target/test-dir/MiniOzoneClusterImpl-a7ed491f-9e2a-49d2-8991-52926c770a07/datanode-3/data/ratis/6a5bc522-6b24-479b-bdc6-386e37e5741c/current/log_inprogress_0
2019-10-16 05:54:09,234 [Thread-533] INFO  impl.FollowerState (FollowerState.java:run(108)) - 9716ed81-e797-4622-8f9d-d0bad6b93ded@group-6F198EFDD6FC-FollowerState: change to CANDIDATE, lastRpcTime:208ms, electionTimeout:182ms
2019-10-16 05:54:09,234 [f673e017-6a23-4a4d-8684-47aa34924efd@group-386E37E5741C-SegmentedRaftLogWorker] INFO  segmented.SegmentedRaftLogWorker (SegmentedRaftLogWorker.java:execute(576)) - f673e017-6a23-4a4d-8684-47aa34924efd@group-386E37E5741C-SegmentedRaftLogWorker: created new log segment /workdir/hadoop-ozone/integration-test/target/test-dir/MiniOzoneClusterImpl-a7ed491f-9e2a-49d2-8991-52926c770a07/datanode-0/data/ratis/6a5bc522-6b24-479b-bdc6-386e37e5741c/current/log_inprogress_0
2019-10-16 05:54:09,234 [Thread-533] INFO  impl.RoleInfo (RoleInfo.java:shutdownFollowerState(121)) - 9716ed81-e797-4622-8f9d-d0bad6b93ded: shutdown FollowerState
2019-10-16 05:54:09,234 [Thread-533] INFO  impl.RaftServerImpl (RaftServerImpl.java:setRole(184)) - 9716ed81-e797-4622-8f9d-d0bad6b93ded@group-6F198EFDD6FC: changes role from  FOLLOWER to CANDIDATE at term 11 for changeToCandidate
2019-10-16 05:54:09,235 [Thread-533] INFO  impl.RoleInfo (RoleInfo.java:updateAndGet(143)) - 9716ed81-e797-4622-8f9d-d0bad6b93ded: start LeaderElection
2019-10-16 05:54:09,237 [grpc-default-executor-9] INFO  impl.RaftServerImpl (ServerState.java:setRaftConf(357)) - 77d0bf9b-6f4c-431e-a5f1-454f54e3e5de@group-B2A04D870F72: set configuration 0: [77d0bf9b-6f4c-431e-a5f1-454f54e3e5de:192.168.69.104:37359, fa7e6ed1-247f-43d6-9abd-8e5119d5804b:192.168.69.104:37305, e8d6ebf1-6bcf-43aa-933b-e68e6e027da1:192.168.69.104:46329], old=null at 0
2019-10-16 05:54:09,237 [grpc-default-executor-9] INFO  segmented.SegmentedRaftLogWorker (SegmentedRaftLogWorker.java:startLogSegment(385)) - 77d0bf9b-6f4c-431e-a5f1-454f54e3e5de@group-B2A04D870F72-SegmentedRaftLogWorker: Starting segment from index:0
2019-10-16 05:54:09,237 [grpc-default-executor-11] INFO  impl.RaftServerImpl (ServerState.java:setRaftConf(357)) - fa7e6ed1-247f-43d6-9abd-8e5119d5804b@group-B2A04D870F72: set configuration 0: [77d0bf9b-6f4c-431e-a5f1-454f54e3e5de:192.168.69.104:37359, fa7e6ed1-247f-43d6-9abd-8e5119d5804b:192.168.69.104:37305, e8d6ebf1-6bcf-43aa-933b-e68e6e027da1:192.168.69.104:46329], old=null at 0
2019-10-16 05:54:09,238 [grpc-default-executor-11] INFO  segmented.SegmentedRaftLogWorker (SegmentedRaftLogWorker.java:truncate(401)) - fa7e6ed1-247f-43d6-9abd-8e5119d5804b@group-B2A04D870F72-SegmentedRaftLogWorker: Truncating segments toTruncate: null
  toDelete: [(0, 0) isOpen? true, length=0, newEndIndex=-1], start index 0
2019-10-16 05:54:09,238 [grpc-default-executor-11] INFO  segmented.SegmentedRaftLogWorker (SegmentedRaftLogWorker.java:startLogSegment(385)) - fa7e6ed1-247f-43d6-9abd-8e5119d5804b@group-B2A04D870F72-SegmentedRaftLogWorker: Starting segment from index:0
2019-10-16 05:54:09,238 [fa7e6ed1-247f-43d6-9abd-8e5119d5804b@group-B2A04D870F72-SegmentedRaftLogWorker] INFO  segmented.SegmentedRaftLogWorker (SegmentedRaftLogWorker.java:execute(640)) - fa7e6ed1-247f-43d6-9abd-8e5119d5804b@group-B2A04D870F72-SegmentedRaftLogWorker: Deleted log file /workdir/hadoop-ozone/integration-test/target/test-dir/MiniOzoneClusterImpl-a7ed491f-9e2a-49d2-8991-52926c770a07/datanode-9/data/ratis/59c0365d-14b2-4a2c-86d8-b2a04d870f72/current/log_inprogress_0
2019-10-16 05:54:09,238 [fa7e6ed1-247f-43d6-9abd-8e5119d5804b@group-B2A04D870F72-SegmentedRaftLogWorker] INFO  segmented.SegmentedRaftLogWorker (SegmentedRaftLogWorker.java:lambda$new$0(128)) - fa7e6ed1-247f-43d6-9abd-8e5119d5804b@group-B2A04D870F72-SegmentedRaftLogWorker: flushIndex: setUnconditionally 0 -> -1
2019-10-16 05:54:09,278 [e8d6ebf1-6bcf-43aa-933b-e68e6e027da1@group-B2A04D870F72-SegmentedRaftLogWorker] INFO  segmented.SegmentedRaftLogWorker (SegmentedRaftLogWorker.java:execute(576)) - e8d6ebf1-6bcf-43aa-933b-e68e6e027da1@group-B2A04D870F72-SegmentedRaftLogWorker: created new log segment /workdir/hadoop-ozone/integration-test/target/test-dir/MiniOzoneClusterImpl-a7ed491f-9e2a-49d2-8991-52926c770a07/datanode-8/data/ratis/59c0365d-14b2-4a2c-86d8-b2a04d870f72/current/log_inprogress_0
2019-10-16 05:54:09,278 [9716ed81-e797-4622-8f9d-d0bad6b93ded@group-6F198EFDD6FC-LeaderElection34] INFO  impl.LeaderElection (LeaderElection.java:askForVotes(178)) - 9716ed81-e797-4622-8f9d-d0bad6b93ded@group-6F198EFDD6FC-LeaderElection34: begin an election at term 12 for -1: [7f194c44-d326-466e-a2f3-1afa0b12311e:192.168.69.104:41593, 28fad83d-bdd1-43c5-9066-2f84db181b78:192.168.69.104:43518, 9716ed81-e797-4622-8f9d-d0bad6b93ded:192.168.69.104:37182], old=null
2019-10-16 05:54:09,279 [9716ed81-e797-4622-8f9d-d0bad6b93ded@group-6F198EFDD6FC-LeaderElection34] INFO  impl.LeaderElection (LeaderElection.java:logAndReturn(56)) - 9716ed81-e797-4622-8f9d-d0bad6b93ded@group-6F198EFDD6FC-LeaderElection34: Election TIMEOUT; received 0 response(s) [] and 0 exception(s); 9716ed81-e797-4622-8f9d-d0bad6b93ded@group-6F198EFDD6FC:t12, leader=null, voted=9716ed81-e797-4622-8f9d-d0bad6b93ded, raftlog=9716ed81-e797-4622-8f9d-d0bad6b93ded@group-6F198EFDD6FC-SegmentedRaftLog:OPENED:c-1,f-1,i0, conf=-1: [7f194c44-d326-466e-a2f3-1afa0b12311e:192.168.69.104:41593, 28fad83d-bdd1-43c5-9066-2f84db181b78:192.168.69.104:43518, 9716ed81-e797-4622-8f9d-d0bad6b93ded:192.168.69.104:37182], old=null
2019-10-16 05:54:09,319 [77d0bf9b-6f4c-431e-a5f1-454f54e3e5de@group-B2A04D870F72-SegmentedRaftLogWorker] INFO  segmented.SegmentedRaftLogWorker (SegmentedRaftLogWorker.java:execute(576)) - 77d0bf9b-6f4c-431e-a5f1-454f54e3e5de@group-B2A04D870F72-SegmentedRaftLogWorker: created new log segment /workdir/hadoop-ozone/integration-test/target/test-dir/MiniOzoneClusterImpl-a7ed491f-9e2a-49d2-8991-52926c770a07/datanode-4/data/ratis/59c0365d-14b2-4a2c-86d8-b2a04d870f72/current/log_inprogress_0
2019-10-16 05:54:09,319 [9716ed81-e797-4622-8f9d-d0bad6b93ded@group-6F198EFDD6FC-LeaderElection34] INFO  impl.LeaderElection (LeaderElection.java:askForVotes(178)) - 9716ed81-e797-4622-8f9d-d0bad6b93ded@group-6F198EFDD6FC-LeaderElection34: begin an election at term 13 for -1: [7f194c44-d326-466e-a2f3-1afa0b12311e:192.168.69.104:41593, 28fad83d-bdd1-43c5-9066-2f84db181b78:192.168.69.104:43518, 9716ed81-e797-4622-8f9d-d0bad6b93ded:192.168.69.104:37182], old=null
2019-10-16 05:54:09,320 [grpc-default-executor-8] INFO  impl.RaftServerImpl (RaftServerImpl.java:setRole(184)) - 28fad83d-bdd1-43c5-9066-2f84db181b78@group-6F198EFDD6FC: changes role from  FOLLOWER to FOLLOWER at term 12 for recognizeCandidate:9716ed81-e797-4622-8f9d-d0bad6b93ded
2019-10-16 05:54:09,320 [grpc-default-executor-9] INFO  impl.RaftServerImpl (RaftServerImpl.java:setRole(184)) - 7f194c44-d326-466e-a2f3-1afa0b12311e@group-6F198EFDD6FC: changes role from  FOLLOWER to FOLLOWER at term 12 for recognizeCandidate:9716ed81-e797-4622-8f9d-d0bad6b93ded
2019-10-16 05:54:09,320 [grpc-default-executor-8] INFO  impl.RoleInfo (RoleInfo.java:shutdownFollowerState(121)) - 28fad83d-bdd1-43c5-9066-2f84db181b78: shutdown FollowerState
2019-10-16 05:54:09,320 [grpc-default-executor-9] INFO  impl.RoleInfo (RoleInfo.java:shutdownFollowerState(121)) - 7f194c44-d326-466e-a2f3-1afa0b12311e: shutdown FollowerState
2019-10-16 05:54:09,321 [Thread-514] INFO  impl.FollowerState (FollowerState.java:run(117)) - 28fad83d-bdd1-43c5-9066-2f84db181b78@group-6F198EFDD6FC-FollowerState was interrupted: java.lang.InterruptedException: sleep interrupted
2019-10-16 05:54:09,321 [Thread-516] INFO  impl.FollowerState (FollowerState.java:run(117)) - 7f194c44-d326-466e-a2f3-1afa0b12311e@group-6F198EFDD6FC-FollowerState was interrupted: java.lang.InterruptedException: sleep interrupted
2019-10-16 05:54:09,321 [grpc-default-executor-8] INFO  impl.RoleInfo (RoleInfo.java:updateAndGet(143)) - 28fad83d-bdd1-43c5-9066-2f84db181b78: start FollowerState
2019-10-16 05:54:09,321 [grpc-default-executor-9] INFO  impl.RoleInfo (RoleInfo.java:updateAndGet(143)) - 7f194c44-d326-466e-a2f3-1afa0b12311e: start FollowerState
2019-10-16 05:54:09,340 [fa7e6ed1-247f-43d6-9abd-8e5119d5804b@group-B2A04D870F72-SegmentedRaftLogWorker] INFO  segmented.SegmentedRaftLogWorker (SegmentedRaftLogWorker.java:execute(576)) - fa7e6ed1-247f-43d6-9abd-8e5119d5804b@group-B2A04D870F72-SegmentedRaftLogWorker: created new log segment /workdir/hadoop-ozone/integration-test/target/test-dir/MiniOzoneClusterImpl-a7ed491f-9e2a-49d2-8991-52926c770a07/datanode-9/data/ratis/59c0365d-14b2-4a2c-86d8-b2a04d870f72/current/log_inprogress_0
2019-10-16 05:54:09,341 [grpc-default-executor-5] INFO  impl.RaftServerImpl (RaftServerImpl.java:setRole(184)) - 28fad83d-bdd1-43c5-9066-2f84db181b78@group-6F198EFDD6FC: changes role from  FOLLOWER to FOLLOWER at term 13 for recognizeCandidate:9716ed81-e797-4622-8f9d-d0bad6b93ded
2019-10-16 05:54:09,341 [grpc-default-executor-11] INFO  impl.RaftServerImpl (RaftServerImpl.java:setRole(184)) - 7f194c44-d326-466e-a2f3-1afa0b12311e@group-6F198EFDD6FC: changes role from  FOLLOWER to FOLLOWER at term 13 for recognizeCandidate:9716ed81-e797-4622-8f9d-d0bad6b93ded
2019-10-16 05:54:09,341 [grpc-default-executor-5] INFO  impl.RoleInfo (RoleInfo.java:shutdownFollowerState(121)) - 28fad83d-bdd1-43c5-9066-2f84db181b78: shutdown FollowerState
2019-10-16 05:54:09,341 [grpc-default-executor-11] INFO  impl.RoleInfo (RoleInfo.java:shutdownFollowerState(121)) - 7f194c44-d326-466e-a2f3-1afa0b12311e: shutdown FollowerState
2019-10-16 05:54:09,341 [Thread-574] INFO  impl.FollowerState (FollowerState.java:run(117)) - 28fad83d-bdd1-43c5-9066-2f84db181b78@group-6F198EFDD6FC-FollowerState was interrupted: java.lang.InterruptedException: sleep interrupted
2019-10-16 05:54:09,342 [grpc-default-executor-11] INFO  impl.RoleInfo (RoleInfo.java:updateAndGet(143)) - 7f194c44-d326-466e-a2f3-1afa0b12311e: start FollowerState
2019-10-16 05:54:09,341 [grpc-default-executor-5] INFO  impl.RoleInfo (RoleInfo.java:updateAndGet(143)) - 28fad83d-bdd1-43c5-9066-2f84db181b78: start FollowerState
2019-10-16 05:54:09,342 [Thread-575] INFO  impl.FollowerState (FollowerState.java:run(117)) - 7f194c44-d326-466e-a2f3-1afa0b12311e@group-6F198EFDD6FC-FollowerState was interrupted: java.lang.InterruptedException: sleep interrupted
2019-10-16 05:54:09,357 [9716ed81-e797-4622-8f9d-d0bad6b93ded@group-6F198EFDD6FC-LeaderElection34] INFO  impl.LeaderElection (LeaderElection.java:logAndReturn(56)) - 9716ed81-e797-4622-8f9d-d0bad6b93ded@group-6F198EFDD6FC-LeaderElection34: Election REJECTED; received 2 response(s) [9716ed81-e797-4622-8f9d-d0bad6b93ded<-7f194c44-d326-466e-a2f3-1afa0b12311e#0:FAIL-t13, 9716ed81-e797-4622-8f9d-d0bad6b93ded<-28fad83d-bdd1-43c5-9066-2f84db181b78#0:FAIL-t13] and 0 exception(s); 9716ed81-e797-4622-8f9d-d0bad6b93ded@group-6F198EFDD6FC:t13, leader=null, voted=9716ed81-e797-4622-8f9d-d0bad6b93ded, raftlog=9716ed81-e797-4622-8f9d-d0bad6b93ded@group-6F198EFDD6FC-SegmentedRaftLog:OPENED:c-1,f-1,i0, conf=-1: [7f194c44-d326-466e-a2f3-1afa0b12311e:192.168.69.104:41593, 28fad83d-bdd1-43c5-9066-2f84db181b78:192.168.69.104:43518, 9716ed81-e797-4622-8f9d-d0bad6b93ded:192.168.69.104:37182], old=null
2019-10-16 05:54:09,357 [9716ed81-e797-4622-8f9d-d0bad6b93ded@group-6F198EFDD6FC-LeaderElection34] INFO  impl.RaftServerImpl (RaftServerImpl.java:setRole(184)) - 9716ed81-e797-4622-8f9d-d0bad6b93ded@group-6F198EFDD6FC: changes role from CANDIDATE to FOLLOWER at term 13 for DISCOVERED_A_NEW_TERM
2019-10-16 05:54:09,357 [9716ed81-e797-4622-8f9d-d0bad6b93ded@group-6F198EFDD6FC-LeaderElection34] INFO  impl.RoleInfo (RoleInfo.java:shutdownLeaderElection(134)) - 9716ed81-e797-4622-8f9d-d0bad6b93ded: shutdown LeaderElection
2019-10-16 05:54:09,358 [9716ed81-e797-4622-8f9d-d0bad6b93ded@group-6F198EFDD6FC-LeaderElection34] INFO  impl.RoleInfo (RoleInfo.java:updateAndGet(143)) - 9716ed81-e797-4622-8f9d-d0bad6b93ded: start FollowerState
2019-10-16 05:54:09,541 [Thread-581] INFO  impl.FollowerState (FollowerState.java:run(108)) - 9716ed81-e797-4622-8f9d-d0bad6b93ded@group-6F198EFDD6FC-FollowerState: change to CANDIDATE, lastRpcTime:183ms, electionTimeout:183ms
2019-10-16 05:54:09,541 [Thread-581] INFO  impl.RoleInfo (RoleInfo.java:shutdownFollowerState(121)) - 9716ed81-e797-4622-8f9d-d0bad6b93ded: shutdown FollowerState
2019-10-16 05:54:09,541 [Thread-581] INFO  impl.RaftServerImpl (RaftServerImpl.java:setRole(184)) - 9716ed81-e797-4622-8f9d-d0bad6b93ded@group-6F198EFDD6FC: changes role from  FOLLOWER to CANDIDATE at term 13 for changeToCandidate
2019-10-16 05:54:09,542 [Thread-581] INFO  impl.RoleInfo (RoleInfo.java:updateAndGet(143)) - 9716ed81-e797-4622-8f9d-d0bad6b93ded: start LeaderElection
2019-10-16 05:54:09,567 [9716ed81-e797-4622-8f9d-d0bad6b93ded@group-6F198EFDD6FC-LeaderElection35] INFO  impl.LeaderElection (LeaderElection.java:askForVotes(178)) - 9716ed81-e797-4622-8f9d-d0bad6b93ded@group-6F198EFDD6FC-LeaderElection35: begin an election at term 14 for -1: [7f194c44-d326-466e-a2f3-1afa0b12311e:192.168.69.104:41593, 28fad83d-bdd1-43c5-9066-2f84db181b78:192.168.69.104:43518, 9716ed81-e797-4622-8f9d-d0bad6b93ded:192.168.69.104:37182], old=null
2019-10-16 05:54:09,572 [grpc-default-executor-11] INFO  impl.RaftServerImpl (RaftServerImpl.java:setRole(184)) - 28fad83d-bdd1-43c5-9066-2f84db181b78@group-6F198EFDD6FC: changes role from  FOLLOWER to FOLLOWER at term 14 for recognizeCandidate:9716ed81-e797-4622-8f9d-d0bad6b93ded
2019-10-16 05:54:09,572 [grpc-default-executor-5] INFO  impl.RaftServerImpl (RaftServerImpl.java:setRole(184)) - 7f194c44-d326-466e-a2f3-1afa0b12311e@group-6F198EFDD6FC: changes role from  FOLLOWER to FOLLOWER at term 14 for recognizeCandidate:9716ed81-e797-4622-8f9d-d0bad6b93ded
2019-10-16 05:54:09,572 [grpc-default-executor-11] INFO  impl.RoleInfo (RoleInfo.java:shutdownFollowerState(121)) - 28fad83d-bdd1-43c5-9066-2f84db181b78: shutdown FollowerState
2019-10-16 05:54:09,572 [grpc-default-executor-5] INFO  impl.RoleInfo (RoleInfo.java:shutdownFollowerState(121)) - 7f194c44-d326-466e-a2f3-1afa0b12311e: shutdown FollowerState
2019-10-16 05:54:09,572 [Thread-577] INFO  impl.FollowerState (FollowerState.java:run(117)) - 28fad83d-bdd1-43c5-9066-2f84db181b78@group-6F198EFDD6FC-FollowerState was interrupted: java.lang.InterruptedException: sleep interrupted
2019-10-16 05:54:09,572 [Thread-578] INFO  impl.FollowerState (FollowerState.java:run(117)) - 7f194c44-d326-466e-a2f3-1afa0b12311e@group-6F198EFDD6FC-FollowerState was interrupted: java.lang.InterruptedException: sleep interrupted
2019-10-16 05:54:09,572 [grpc-default-executor-11] INFO  impl.RoleInfo (RoleInfo.java:updateAndGet(143)) - 28fad83d-bdd1-43c5-9066-2f84db181b78: start FollowerState
2019-10-16 05:54:09,572 [grpc-default-executor-5] INFO  impl.RoleInfo (RoleInfo.java:updateAndGet(143)) - 7f194c44-d326-466e-a2f3-1afa0b12311e: start FollowerState
2019-10-16 05:54:09,586 [9716ed81-e797-4622-8f9d-d0bad6b93ded@group-6F198EFDD6FC-LeaderElection35] INFO  impl.LeaderElection (LeaderElection.java:logAndReturn(56)) - 9716ed81-e797-4622-8f9d-d0bad6b93ded@group-6F198EFDD6FC-LeaderElection35: Election REJECTED; received 2 response(s) [9716ed81-e797-4622-8f9d-d0bad6b93ded<-7f194c44-d326-466e-a2f3-1afa0b12311e#0:FAIL-t14, 9716ed81-e797-4622-8f9d-d0bad6b93ded<-28fad83d-bdd1-43c5-9066-2f84db181b78#0:FAIL-t14] and 0 exception(s); 9716ed81-e797-4622-8f9d-d0bad6b93ded@group-6F198EFDD6FC:t14, leader=null, voted=9716ed81-e797-4622-8f9d-d0bad6b93ded, raftlog=9716ed81-e797-4622-8f9d-d0bad6b93ded@group-6F198EFDD6FC-SegmentedRaftLog:OPENED:c-1,f-1,i0, conf=-1: [7f194c44-d326-466e-a2f3-1afa0b12311e:192.168.69.104:41593, 28fad83d-bdd1-43c5-9066-2f84db181b78:192.168.69.104:43518, 9716ed81-e797-4622-8f9d-d0bad6b93ded:192.168.69.104:37182], old=null
2019-10-16 05:54:09,586 [9716ed81-e797-4622-8f9d-d0bad6b93ded@group-6F198EFDD6FC-LeaderElection35] INFO  impl.RaftServerImpl (RaftServerImpl.java:setRole(184)) - 9716ed81-e797-4622-8f9d-d0bad6b93ded@group-6F198EFDD6FC: changes role from CANDIDATE to FOLLOWER at term 14 for DISCOVERED_A_NEW_TERM
2019-10-16 05:54:09,587 [9716ed81-e797-4622-8f9d-d0bad6b93ded@group-6F198EFDD6FC-LeaderElection35] INFO  impl.RoleInfo (RoleInfo.java:shutdownLeaderElection(134)) - 9716ed81-e797-4622-8f9d-d0bad6b93ded: shutdown LeaderElection
2019-10-16 05:54:09,587 [9716ed81-e797-4622-8f9d-d0bad6b93ded@group-6F198EFDD6FC-LeaderElection35] INFO  impl.RoleInfo (RoleInfo.java:updateAndGet(143)) - 9716ed81-e797-4622-8f9d-d0bad6b93ded: start FollowerState
2019-10-16 05:54:09,746 [Thread-587] INFO  impl.FollowerState (FollowerState.java:run(108)) - 9716ed81-e797-4622-8f9d-d0bad6b93ded@group-6F198EFDD6FC-FollowerState: change to CANDIDATE, lastRpcTime:159ms, electionTimeout:159ms
2019-10-16 05:54:09,746 [Thread-587] INFO  impl.RoleInfo (RoleInfo.java:shutdownFollowerState(121)) - 9716ed81-e797-4622-8f9d-d0bad6b93ded: shutdown FollowerState
2019-10-16 05:54:09,747 [Thread-587] INFO  impl.RaftServerImpl (RaftServerImpl.java:setRole(184)) - 9716ed81-e797-4622-8f9d-d0bad6b93ded@group-6F198EFDD6FC: changes role from  FOLLOWER to CANDIDATE at term 14 for changeToCandidate
2019-10-16 05:54:09,747 [Thread-587] INFO  impl.RoleInfo (RoleInfo.java:updateAndGet(143)) - 9716ed81-e797-4622-8f9d-d0bad6b93ded: start LeaderElection
2019-10-16 05:54:09,761 [9716ed81-e797-4622-8f9d-d0bad6b93ded@group-6F198EFDD6FC-LeaderElection36] INFO  impl.LeaderElection (LeaderElection.java:askForVotes(178)) - 9716ed81-e797-4622-8f9d-d0bad6b93ded@group-6F198EFDD6FC-LeaderElection36: begin an election at term 15 for -1: [7f194c44-d326-466e-a2f3-1afa0b12311e:192.168.69.104:41593, 28fad83d-bdd1-43c5-9066-2f84db181b78:192.168.69.104:43518, 9716ed81-e797-4622-8f9d-d0bad6b93ded:192.168.69.104:37182], old=null
2019-10-16 05:54:09,764 [grpc-default-executor-11] INFO  impl.RaftServerImpl (RaftServerImpl.java:setRole(184)) - 7f194c44-d326-466e-a2f3-1afa0b12311e@group-6F198EFDD6FC: changes role from  FOLLOWER to FOLLOWER at term 15 for recognizeCandidate:9716ed81-e797-4622-8f9d-d0bad6b93ded
2019-10-16 05:54:09,764 [grpc-default-executor-5] INFO  impl.RaftServerImpl (RaftServerImpl.java:setRole(184)) - 28fad83d-bdd1-43c5-9066-2f84db181b78@group-6F198EFDD6FC: changes role from  FOLLOWER to FOLLOWER at term 15 for recognizeCandidate:9716ed81-e797-4622-8f9d-d0bad6b93ded
2019-10-16 05:54:09,764 [grpc-default-executor-11] INFO  impl.RoleInfo (RoleInfo.java:shutdownFollowerState(121)) - 7f194c44-d326-466e-a2f3-1afa0b12311e: shutdown FollowerState
2019-10-16 05:54:09,765 [grpc-default-executor-5] INFO  impl.RoleInfo (RoleInfo.java:shutdownFollowerState(121)) - 28fad83d-bdd1-43c5-9066-2f84db181b78: shutdown FollowerState
2019-10-16 05:54:09,765 [grpc-default-executor-11] INFO  impl.RoleInfo (RoleInfo.java:updateAndGet(143)) - 7f194c44-d326-466e-a2f3-1afa0b12311e: start FollowerState
2019-10-16 05:54:09,765 [Thread-586] INFO  impl.FollowerState (FollowerState.java:run(117)) - 7f194c44-d326-466e-a2f3-1afa0b12311e@group-6F198EFDD6FC-FollowerState was interrupted: java.lang.InterruptedException: sleep interrupted
2019-10-16 05:54:09,765 [Thread-585] INFO  impl.FollowerState (FollowerState.java:run(117)) - 28fad83d-bdd1-43c5-9066-2f84db181b78@group-6F198EFDD6FC-FollowerState was interrupted: java.lang.InterruptedException: sleep interrupted
2019-10-16 05:54:09,765 [grpc-default-executor-5] INFO  impl.RoleInfo (RoleInfo.java:updateAndGet(143)) - 28fad83d-bdd1-43c5-9066-2f84db181b78: start FollowerState
2019-10-16 05:54:09,782 [9716ed81-e797-4622-8f9d-d0bad6b93ded@group-6F198EFDD6FC-LeaderElection36] INFO  impl.LeaderElection (LeaderElection.java:logAndReturn(56)) - 9716ed81-e797-4622-8f9d-d0bad6b93ded@group-6F198EFDD6FC-LeaderElection36: Election REJECTED; received 2 response(s) [9716ed81-e797-4622-8f9d-d0bad6b93ded<-7f194c44-d326-466e-a2f3-1afa0b12311e#0:FAIL-t15, 9716ed81-e797-4622-8f9d-d0bad6b93ded<-28fad83d-bdd1-43c5-9066-2f84db181b78#0:FAIL-t15] and 0 exception(s); 9716ed81-e797-4622-8f9d-d0bad6b93ded@group-6F198EFDD6FC:t15, leader=null, voted=9716ed81-e797-4622-8f9d-d0bad6b93ded, raftlog=9716ed81-e797-4622-8f9d-d0bad6b93ded@group-6F198EFDD6FC-SegmentedRaftLog:OPENED:c-1,f-1,i0, conf=-1: [7f194c44-d326-466e-a2f3-1afa0b12311e:192.168.69.104:41593, 28fad83d-bdd1-43c5-9066-2f84db181b78:192.168.69.104:43518, 9716ed81-e797-4622-8f9d-d0bad6b93ded:192.168.69.104:37182], old=null
2019-10-16 05:54:09,782 [9716ed81-e797-4622-8f9d-d0bad6b93ded@group-6F198EFDD6FC-LeaderElection36] INFO  impl.RaftServerImpl (RaftServerImpl.java:setRole(184)) - 9716ed81-e797-4622-8f9d-d0bad6b93ded@group-6F198EFDD6FC: changes role from CANDIDATE to FOLLOWER at term 15 for DISCOVERED_A_NEW_TERM
2019-10-16 05:54:09,782 [9716ed81-e797-4622-8f9d-d0bad6b93ded@group-6F198EFDD6FC-LeaderElection36] INFO  impl.RoleInfo (RoleInfo.java:shutdownLeaderElection(134)) - 9716ed81-e797-4622-8f9d-d0bad6b93ded: shutdown LeaderElection
2019-10-16 05:54:09,782 [9716ed81-e797-4622-8f9d-d0bad6b93ded@group-6F198EFDD6FC-LeaderElection36] INFO  impl.RoleInfo (RoleInfo.java:updateAndGet(143)) - 9716ed81-e797-4622-8f9d-d0bad6b93ded: start FollowerState
2019-10-16 05:54:09,798 [Thread-593] INFO  impl.FollowerState (FollowerState.java:run(108)) - 9716ed81-e797-4622-8f9d-d0bad6b93ded@group-6F198EFDD6FC-FollowerState: change to CANDIDATE, lastRpcTime:15ms, electionTimeout:15ms
2019-10-16 05:54:09,798 [Thread-593] INFO  impl.RoleInfo (RoleInfo.java:shutdownFollowerState(121)) - 9716ed81-e797-4622-8f9d-d0bad6b93ded: shutdown FollowerState
2019-10-16 05:54:09,798 [Thread-593] INFO  impl.RaftServerImpl (RaftServerImpl.java:setRole(184)) - 9716ed81-e797-4622-8f9d-d0bad6b93ded@group-6F198EFDD6FC: changes role from  FOLLOWER to CANDIDATE at term 15 for changeToCandidate
2019-10-16 05:54:09,798 [Thread-593] INFO  impl.RoleInfo (RoleInfo.java:updateAndGet(143)) - 9716ed81-e797-4622-8f9d-d0bad6b93ded: start LeaderElection
2019-10-16 05:54:09,812 [9716ed81-e797-4622-8f9d-d0bad6b93ded@group-6F198EFDD6FC-LeaderElection37] INFO  impl.LeaderElection (LeaderElection.java:askForVotes(178)) - 9716ed81-e797-4622-8f9d-d0bad6b93ded@group-6F198EFDD6FC-LeaderElection37: begin an election at term 16 for -1: [7f194c44-d326-466e-a2f3-1afa0b12311e:192.168.69.104:41593, 28fad83d-bdd1-43c5-9066-2f84db181b78:192.168.69.104:43518, 9716ed81-e797-4622-8f9d-d0bad6b93ded:192.168.69.104:37182], old=null
2019-10-16 05:54:09,815 [grpc-default-executor-11] INFO  impl.RaftServerImpl (RaftServerImpl.java:setRole(184)) - 7f194c44-d326-466e-a2f3-1afa0b12311e@group-6F198EFDD6FC: changes role from  FOLLOWER to FOLLOWER at term 16 for recognizeCandidate:9716ed81-e797-4622-8f9d-d0bad6b93ded
2019-10-16 05:54:09,815 [grpc-default-executor-5] INFO  impl.RaftServerImpl (RaftServerImpl.java:setRole(184)) - 28fad83d-bdd1-43c5-9066-2f84db181b78@group-6F198EFDD6FC: changes role from  FOLLOWER to FOLLOWER at term 16 for recognizeCandidate:9716ed81-e797-4622-8f9d-d0bad6b93ded
2019-10-16 05:54:09,815 [grpc-default-executor-11] INFO  impl.RoleInfo (RoleInfo.java:shutdownFollowerState(121)) - 7f194c44-d326-466e-a2f3-1afa0b12311e: shutdown FollowerState
2019-10-16 05:54:09,815 [grpc-default-executor-5] INFO  impl.RoleInfo (RoleInfo.java:shutdownFollowerState(121)) - 28fad83d-bdd1-43c5-9066-2f84db181b78: shutdown FollowerState
2019-10-16 05:54:09,816 [grpc-default-executor-11] INFO  impl.RoleInfo (RoleInfo.java:updateAndGet(143)) - 7f194c44-d326-466e-a2f3-1afa0b12311e: start FollowerState
2019-10-16 05:54:09,816 [Thread-591] INFO  impl.FollowerState (FollowerState.java:run(117)) - 7f194c44-d326-466e-a2f3-1afa0b12311e@group-6F198EFDD6FC-FollowerState was interrupted: java.lang.InterruptedException: sleep interrupted
2019-10-16 05:54:09,816 [Thread-592] INFO  impl.FollowerState (FollowerState.java:run(117)) - 28fad83d-bdd1-43c5-9066-2f84db181b78@group-6F198EFDD6FC-FollowerState was interrupted: java.lang.InterruptedException: sleep interrupted
2019-10-16 05:54:09,816 [grpc-default-executor-5] INFO  impl.RoleInfo (RoleInfo.java:updateAndGet(143)) - 28fad83d-bdd1-43c5-9066-2f84db181b78: start FollowerState
2019-10-16 05:54:09,828 [9716ed81-e797-4622-8f9d-d0bad6b93ded@group-6F198EFDD6FC-LeaderElection37] INFO  impl.LeaderElection (LeaderElection.java:logAndReturn(56)) - 9716ed81-e797-4622-8f9d-d0bad6b93ded@group-6F198EFDD6FC-LeaderElection37: Election REJECTED; received 2 response(s) [9716ed81-e797-4622-8f9d-d0bad6b93ded<-28fad83d-bdd1-43c5-9066-2f84db181b78#0:FAIL-t16, 9716ed81-e797-4622-8f9d-d0bad6b93ded<-7f194c44-d326-466e-a2f3-1afa0b12311e#0:FAIL-t16] and 0 exception(s); 9716ed81-e797-4622-8f9d-d0bad6b93ded@group-6F198EFDD6FC:t16, leader=null, voted=9716ed81-e797-4622-8f9d-d0bad6b93ded, raftlog=9716ed81-e797-4622-8f9d-d0bad6b93ded@group-6F198EFDD6FC-SegmentedRaftLog:OPENED:c-1,f-1,i0, conf=-1: [7f194c44-d326-466e-a2f3-1afa0b12311e:192.168.69.104:41593, 28fad83d-bdd1-43c5-9066-2f84db181b78:192.168.69.104:43518, 9716ed81-e797-4622-8f9d-d0bad6b93ded:192.168.69.104:37182], old=null
2019-10-16 05:54:09,828 [9716ed81-e797-4622-8f9d-d0bad6b93ded@group-6F198EFDD6FC-LeaderElection37] INFO  impl.RaftServerImpl (RaftServerImpl.java:setRole(184)) - 9716ed81-e797-4622-8f9d-d0bad6b93ded@group-6F198EFDD6FC: changes role from CANDIDATE to FOLLOWER at term 16 for DISCOVERED_A_NEW_TERM
2019-10-16 05:54:09,828 [9716ed81-e797-4622-8f9d-d0bad6b93ded@group-6F198EFDD6FC-LeaderElection37] INFO  impl.RoleInfo (RoleInfo.java:shutdownLeaderElection(134)) - 9716ed81-e797-4622-8f9d-d0bad6b93ded: shutdown LeaderElection
2019-10-16 05:54:09,829 [9716ed81-e797-4622-8f9d-d0bad6b93ded@group-6F198EFDD6FC-LeaderElection37] INFO  impl.RoleInfo (RoleInfo.java:updateAndGet(143)) - 9716ed81-e797-4622-8f9d-d0bad6b93ded: start FollowerState
2019-10-16 05:54:09,899 [Thread-599] INFO  impl.FollowerState (FollowerState.java:run(108)) - 9716ed81-e797-4622-8f9d-d0bad6b93ded@group-6F198EFDD6FC-FollowerState: change to CANDIDATE, lastRpcTime:70ms, electionTimeout:70ms
2019-10-16 05:54:09,899 [Thread-599] INFO  impl.RoleInfo (RoleInfo.java:shutdownFollowerState(121)) - 9716ed81-e797-4622-8f9d-d0bad6b93ded: shutdown FollowerState
2019-10-16 05:54:09,899 [Thread-599] INFO  impl.RaftServerImpl (RaftServerImpl.java:setRole(184)) - 9716ed81-e797-4622-8f9d-d0bad6b93ded@group-6F198EFDD6FC: changes role from  FOLLOWER to CANDIDATE at term 16 for changeToCandidate
2019-10-16 05:54:09,900 [Thread-599] INFO  impl.RoleInfo (RoleInfo.java:updateAndGet(143)) - 9716ed81-e797-4622-8f9d-d0bad6b93ded: start LeaderElection
2019-10-16 05:54:09,914 [9716ed81-e797-4622-8f9d-d0bad6b93ded@group-6F198EFDD6FC-LeaderElection38] INFO  impl.LeaderElection (LeaderElection.java:askForVotes(178)) - 9716ed81-e797-4622-8f9d-d0bad6b93ded@group-6F198EFDD6FC-LeaderElection38: begin an election at term 17 for -1: [7f194c44-d326-466e-a2f3-1afa0b12311e:192.168.69.104:41593, 28fad83d-bdd1-43c5-9066-2f84db181b78:192.168.69.104:43518, 9716ed81-e797-4622-8f9d-d0bad6b93ded:192.168.69.104:37182], old=null
2019-10-16 05:54:09,921 [grpc-default-executor-5] INFO  impl.RaftServerImpl (RaftServerImpl.java:setRole(184)) - 28fad83d-bdd1-43c5-9066-2f84db181b78@group-6F198EFDD6FC: changes role from  FOLLOWER to FOLLOWER at term 17 for recognizeCandidate:9716ed81-e797-4622-8f9d-d0bad6b93ded
2019-10-16 05:54:09,921 [grpc-default-executor-11] INFO  impl.RaftServerImpl (RaftServerImpl.java:setRole(184)) - 7f194c44-d326-466e-a2f3-1afa0b12311e@group-6F198EFDD6FC: changes role from  FOLLOWER to FOLLOWER at term 17 for recognizeCandidate:9716ed81-e797-4622-8f9d-d0bad6b93ded
2019-10-16 05:54:09,921 [grpc-default-executor-5] INFO  impl.RoleInfo (RoleInfo.java:shutdownFollowerState(121)) - 28fad83d-bdd1-43c5-9066-2f84db181b78: shutdown FollowerState
2019-10-16 05:54:09,921 [grpc-default-executor-11] INFO  impl.RoleInfo (RoleInfo.java:shutdownFollowerState(121)) - 7f194c44-d326-466e-a2f3-1afa0b12311e: shutdown FollowerState
2019-10-16 05:54:09,921 [Thread-598] INFO  impl.FollowerState (FollowerState.java:run(117)) - 28fad83d-bdd1-43c5-9066-2f84db181b78@group-6F198EFDD6FC-FollowerState was interrupted: java.lang.InterruptedException: sleep interrupted
2019-10-16 05:54:09,921 [grpc-default-executor-5] INFO  impl.RoleInfo (RoleInfo.java:updateAndGet(143)) - 28fad83d-bdd1-43c5-9066-2f84db181b78: start FollowerState
2019-10-16 05:54:09,922 [Thread-597] INFO  impl.FollowerState (FollowerState.java:run(117)) - 7f194c44-d326-466e-a2f3-1afa0b12311e@group-6F198EFDD6FC-FollowerState was interrupted: java.lang.InterruptedException: sleep interrupted
2019-10-16 05:54:09,922 [grpc-default-executor-11] INFO  impl.RoleInfo (RoleInfo.java:updateAndGet(143)) - 7f194c44-d326-466e-a2f3-1afa0b12311e: start FollowerState
2019-10-16 05:54:09,937 [9716ed81-e797-4622-8f9d-d0bad6b93ded@group-6F198EFDD6FC-LeaderElection38] INFO  impl.LeaderElection (LeaderElection.java:logAndReturn(56)) - 9716ed81-e797-4622-8f9d-d0bad6b93ded@group-6F198EFDD6FC-LeaderElection38: Election REJECTED; received 2 response(s) [9716ed81-e797-4622-8f9d-d0bad6b93ded<-7f194c44-d326-466e-a2f3-1afa0b12311e#0:FAIL-t17, 9716ed81-e797-4622-8f9d-d0bad6b93ded<-28fad83d-bdd1-43c5-9066-2f84db181b78#0:FAIL-t17] and 0 exception(s); 9716ed81-e797-4622-8f9d-d0bad6b93ded@group-6F198EFDD6FC:t17, leader=null, voted=9716ed81-e797-4622-8f9d-d0bad6b93ded, raftlog=9716ed81-e797-4622-8f9d-d0bad6b93ded@group-6F198EFDD6FC-SegmentedRaftLog:OPENED:c-1,f-1,i0, conf=-1: [7f194c44-d326-466e-a2f3-1afa0b12311e:192.168.69.104:41593, 28fad83d-bdd1-43c5-9066-2f84db181b78:192.168.69.104:43518, 9716ed81-e797-4622-8f9d-d0bad6b93ded:192.168.69.104:37182], old=null
2019-10-16 05:54:09,937 [9716ed81-e797-4622-8f9d-d0bad6b93ded@group-6F198EFDD6FC-LeaderElection38] INFO  impl.RaftServerImpl (RaftServerImpl.java:setRole(184)) - 9716ed81-e797-4622-8f9d-d0bad6b93ded@group-6F198EFDD6FC: changes role from CANDIDATE to FOLLOWER at term 17 for DISCOVERED_A_NEW_TERM
2019-10-16 05:54:09,937 [9716ed81-e797-4622-8f9d-d0bad6b93ded@group-6F198EFDD6FC-LeaderElection38] INFO  impl.RoleInfo (RoleInfo.java:shutdownLeaderElection(134)) - 9716ed81-e797-4622-8f9d-d0bad6b93ded: shutdown LeaderElection
2019-10-16 05:54:09,938 [9716ed81-e797-4622-8f9d-d0bad6b93ded@group-6F198EFDD6FC-LeaderElection38] INFO  impl.RoleInfo (RoleInfo.java:updateAndGet(143)) - 9716ed81-e797-4622-8f9d-d0bad6b93ded: start FollowerState
2019-10-16 05:54:10,095 [Thread-605] INFO  impl.FollowerState (FollowerState.java:run(108)) - 9716ed81-e797-4622-8f9d-d0bad6b93ded@group-6F198EFDD6FC-FollowerState: change to CANDIDATE, lastRpcTime:157ms, electionTimeout:157ms
2019-10-16 05:54:10,095 [Thread-605] INFO  impl.RoleInfo (RoleInfo.java:shutdownFollowerState(121)) - 9716ed81-e797-4622-8f9d-d0bad6b93ded: shutdown FollowerState
2019-10-16 05:54:10,095 [Thread-605] INFO  impl.RaftServerImpl (RaftServerImpl.java:setRole(184)) - 9716ed81-e797-4622-8f9d-d0bad6b93ded@group-6F198EFDD6FC: changes role from  FOLLOWER to CANDIDATE at term 17 for changeToCandidate
2019-10-16 05:54:10,096 [Thread-605] INFO  impl.RoleInfo (RoleInfo.java:updateAndGet(143)) - 9716ed81-e797-4622-8f9d-d0bad6b93ded: start LeaderElection
2019-10-16 05:54:10,119 [9716ed81-e797-4622-8f9d-d0bad6b93ded@group-6F198EFDD6FC-LeaderElection39] INFO  impl.LeaderElection (LeaderElection.java:askForVotes(178)) - 9716ed81-e797-4622-8f9d-d0bad6b93ded@group-6F198EFDD6FC-LeaderElection39: begin an election at term 18 for -1: [7f194c44-d326-466e-a2f3-1afa0b12311e:192.168.69.104:41593, 28fad83d-bdd1-43c5-9066-2f84db181b78:192.168.69.104:43518, 9716ed81-e797-4622-8f9d-d0bad6b93ded:192.168.69.104:37182], old=null
2019-10-16 05:54:10,122 [grpc-default-executor-11] INFO  impl.RaftServerImpl (RaftServerImpl.java:setRole(184)) - 7f194c44-d326-466e-a2f3-1afa0b12311e@group-6F198EFDD6FC: changes role from  FOLLOWER to FOLLOWER at term 18 for recognizeCandidate:9716ed81-e797-4622-8f9d-d0bad6b93ded
2019-10-16 05:54:10,122 [grpc-default-executor-5] INFO  impl.RaftServerImpl (RaftServerImpl.java:setRole(184)) - 28fad83d-bdd1-43c5-9066-2f84db181b78@group-6F198EFDD6FC: changes role from  FOLLOWER to FOLLOWER at term 18 for recognizeCandidate:9716ed81-e797-4622-8f9d-d0bad6b93ded
2019-10-16 05:54:10,122 [grpc-default-executor-11] INFO  impl.RoleInfo (RoleInfo.java:shutdownFollowerState(121)) - 7f194c44-d326-466e-a2f3-1afa0b12311e: shutdown FollowerState
2019-10-16 05:54:10,122 [grpc-default-executor-5] INFO  impl.RoleInfo (RoleInfo.java:shutdownFollowerState(121)) - 28fad83d-bdd1-43c5-9066-2f84db181b78: shutdown FollowerState
2019-10-16 05:54:10,123 [grpc-default-executor-11] INFO  impl.RoleInfo (RoleInfo.java:updateAndGet(143)) - 7f194c44-d326-466e-a2f3-1afa0b12311e: start FollowerState
2019-10-16 05:54:10,123 [Thread-604] INFO  impl.FollowerState (FollowerState.java:run(117)) - 7f194c44-d326-466e-a2f3-1afa0b12311e@group-6F198EFDD6FC-FollowerState was interrupted: java.lang.InterruptedException: sleep interrupted
2019-10-16 05:54:10,123 [Thread-603] INFO  impl.FollowerState (FollowerState.java:run(117)) - 28fad83d-bdd1-43c5-9066-2f84db181b78@group-6F198EFDD6FC-FollowerState was interrupted: java.lang.InterruptedException: sleep interrupted
2019-10-16 05:54:10,123 [grpc-default-executor-5] INFO  impl.RoleInfo (RoleInfo.java:updateAndGet(143)) - 28fad83d-bdd1-43c5-9066-2f84db181b78: start FollowerState
2019-10-16 05:54:10,138 [9716ed81-e797-4622-8f9d-d0bad6b93ded@group-6F198EFDD6FC-LeaderElection39] INFO  impl.LeaderElection (LeaderElection.java:logAndReturn(56)) - 9716ed81-e797-4622-8f9d-d0bad6b93ded@group-6F198EFDD6FC-LeaderElection39: Election REJECTED; received 2 response(s) [9716ed81-e797-4622-8f9d-d0bad6b93ded<-28fad83d-bdd1-43c5-9066-2f84db181b78#0:FAIL-t18, 9716ed81-e797-4622-8f9d-d0bad6b93ded<-7f194c44-d326-466e-a2f3-1afa0b12311e#0:FAIL-t18] and 0 exception(s); 9716ed81-e797-4622-8f9d-d0bad6b93ded@group-6F198EFDD6FC:t18, leader=null, voted=9716ed81-e797-4622-8f9d-d0bad6b93ded, raftlog=9716ed81-e797-4622-8f9d-d0bad6b93ded@group-6F198EFDD6FC-SegmentedRaftLog:OPENED:c-1,f-1,i0, conf=-1: [7f194c44-d326-466e-a2f3-1afa0b12311e:192.168.69.104:41593, 28fad83d-bdd1-43c5-9066-2f84db181b78:192.168.69.104:43518, 9716ed81-e797-4622-8f9d-d0bad6b93ded:192.168.69.104:37182], old=null
2019-10-16 05:54:10,138 [9716ed81-e797-4622-8f9d-d0bad6b93ded@group-6F198EFDD6FC-LeaderElection39] INFO  impl.RaftServerImpl (RaftServerImpl.java:setRole(184)) - 9716ed81-e797-4622-8f9d-d0bad6b93ded@group-6F198EFDD6FC: changes role from CANDIDATE to FOLLOWER at term 18 for DISCOVERED_A_NEW_TERM
2019-10-16 05:54:10,138 [9716ed81-e797-4622-8f9d-d0bad6b93ded@group-6F198EFDD6FC-LeaderElection39] INFO  impl.RoleInfo (RoleInfo.java:shutdownLeaderElection(134)) - 9716ed81-e797-4622-8f9d-d0bad6b93ded: shutdown LeaderElection
2019-10-16 05:54:10,138 [9716ed81-e797-4622-8f9d-d0bad6b93ded@group-6F198EFDD6FC-LeaderElection39] INFO  impl.RoleInfo (RoleInfo.java:updateAndGet(143)) - 9716ed81-e797-4622-8f9d-d0bad6b93ded: start FollowerState
2019-10-16 05:54:10,208 [Thread-611] INFO  impl.FollowerState (FollowerState.java:run(108)) - 9716ed81-e797-4622-8f9d-d0bad6b93ded@group-6F198EFDD6FC-FollowerState: change to CANDIDATE, lastRpcTime:69ms, electionTimeout:69ms
2019-10-16 05:54:10,208 [Thread-611] INFO  impl.RoleInfo (RoleInfo.java:shutdownFollowerState(121)) - 9716ed81-e797-4622-8f9d-d0bad6b93ded: shutdown FollowerState
2019-10-16 05:54:10,208 [Thread-611] INFO  impl.RaftServerImpl (RaftServerImpl.java:setRole(184)) - 9716ed81-e797-4622-8f9d-d0bad6b93ded@group-6F198EFDD6FC: changes role from  FOLLOWER to CANDIDATE at term 18 for changeToCandidate
2019-10-16 05:54:10,208 [Thread-611] INFO  impl.RoleInfo (RoleInfo.java:updateAndGet(143)) - 9716ed81-e797-4622-8f9d-d0bad6b93ded: start LeaderElection
2019-10-16 05:54:10,222 [9716ed81-e797-4622-8f9d-d0bad6b93ded@group-6F198EFDD6FC-LeaderElection40] INFO  impl.LeaderElection (LeaderElection.java:askForVotes(178)) - 9716ed81-e797-4622-8f9d-d0bad6b93ded@group-6F198EFDD6FC-LeaderElection40: begin an election at term 19 for -1: [7f194c44-d326-466e-a2f3-1afa0b12311e:192.168.69.104:41593, 28fad83d-bdd1-43c5-9066-2f84db181b78:192.168.69.104:43518, 9716ed81-e797-4622-8f9d-d0bad6b93ded:192.168.69.104:37182], old=null
2019-10-16 05:54:10,227 [grpc-default-executor-11] INFO  impl.RaftServerImpl (RaftServerImpl.java:setRole(184)) - 7f194c44-d326-466e-a2f3-1afa0b12311e@group-6F198EFDD6FC: changes role from  FOLLOWER to FOLLOWER at term 19 for recognizeCandidate:9716ed81-e797-4622-8f9d-d0bad6b93ded
2019-10-16 05:54:10,227 [grpc-default-executor-5] INFO  impl.RaftServerImpl (RaftServerImpl.java:setRole(184)) - 28fad83d-bdd1-43c5-9066-2f84db181b78@group-6F198EFDD6FC: changes role from  FOLLOWER to FOLLOWER at term 19 for recognizeCandidate:9716ed81-e797-4622-8f9d-d0bad6b93ded
2019-10-16 05:54:10,227 [grpc-default-executor-11] INFO  impl.RoleInfo (RoleInfo.java:shutdownFollowerState(121)) - 7f194c44-d326-466e-a2f3-1afa0b12311e: shutdown FollowerState
2019-10-16 05:54:10,227 [grpc-default-executor-5] INFO  impl.RoleInfo (RoleInfo.java:shutdownFollowerState(121)) - 28fad83d-bdd1-43c5-9066-2f84db181b78: shutdown FollowerState
2019-10-16 05:54:10,227 [grpc-default-executor-11] INFO  impl.RoleInfo (RoleInfo.java:updateAndGet(143)) - 7f194c44-d326-466e-a2f3-1afa0b12311e: start FollowerState
2019-10-16 05:54:10,227 [Thread-609] INFO  impl.FollowerState (FollowerState.java:run(117)) - 7f194c44-d326-466e-a2f3-1afa0b12311e@group-6F198EFDD6FC-FollowerState was interrupted: java.lang.InterruptedException: sleep interrupted
2019-10-16 05:54:10,227 [Thread-610] INFO  impl.FollowerState (FollowerState.java:run(117)) - 28fad83d-bdd1-43c5-9066-2f84db181b78@group-6F198EFDD6FC-FollowerState was interrupted: java.lang.InterruptedException: sleep interrupted
2019-10-16 05:54:10,227 [grpc-default-executor-5] INFO  impl.RoleInfo (RoleInfo.java:updateAndGet(143)) - 28fad83d-bdd1-43c5-9066-2f84db181b78: start FollowerState
2019-10-16 05:54:10,243 [9716ed81-e797-4622-8f9d-d0bad6b93ded@group-6F198EFDD6FC-LeaderElection40] INFO  impl.LeaderElection (LeaderElection.java:logAndReturn(56)) - 9716ed81-e797-4622-8f9d-d0bad6b93ded@group-6F198EFDD6FC-LeaderElection40: Election REJECTED; received 2 response(s) [9716ed81-e797-4622-8f9d-d0bad6b93ded<-28fad83d-bdd1-43c5-9066-2f84db181b78#0:FAIL-t19, 9716ed81-e797-4622-8f9d-d0bad6b93ded<-7f194c44-d326-466e-a2f3-1afa0b12311e#0:FAIL-t19] and 0 exception(s); 9716ed81-e797-4622-8f9d-d0bad6b93ded@group-6F198EFDD6FC:t19, leader=null, voted=9716ed81-e797-4622-8f9d-d0bad6b93ded, raftlog=9716ed81-e797-4622-8f9d-d0bad6b93ded@group-6F198EFDD6FC-SegmentedRaftLog:OPENED:c-1,f-1,i0, conf=-1: [7f194c44-d326-466e-a2f3-1afa0b12311e:192.168.69.104:41593, 28fad83d-bdd1-43c5-9066-2f84db181b78:192.168.69.104:43518, 9716ed81-e797-4622-8f9d-d0bad6b93ded:192.168.69.104:37182], old=null
2019-10-16 05:54:10,243 [9716ed81-e797-4622-8f9d-d0bad6b93ded@group-6F198EFDD6FC-LeaderElection40] INFO  impl.RaftServerImpl (RaftServerImpl.java:setRole(184)) - 9716ed81-e797-4622-8f9d-d0bad6b93ded@group-6F198EFDD6FC: changes role from CANDIDATE to FOLLOWER at term 19 for DISCOVERED_A_NEW_TERM
2019-10-16 05:54:10,243 [9716ed81-e797-4622-8f9d-d0bad6b93ded@group-6F198EFDD6FC-LeaderElection40] INFO  impl.RoleInfo (RoleInfo.java:shutdownLeaderElection(134)) - 9716ed81-e797-4622-8f9d-d0bad6b93ded: shutdown LeaderElection
2019-10-16 05:54:10,243 [9716ed81-e797-4622-8f9d-d0bad6b93ded@group-6F198EFDD6FC-LeaderElection40] INFO  impl.RoleInfo (RoleInfo.java:updateAndGet(143)) - 9716ed81-e797-4622-8f9d-d0bad6b93ded: start FollowerState
2019-10-16 05:54:10,415 [Thread-617] INFO  impl.FollowerState (FollowerState.java:run(108)) - 9716ed81-e797-4622-8f9d-d0bad6b93ded@group-6F198EFDD6FC-FollowerState: change to CANDIDATE, lastRpcTime:171ms, electionTimeout:171ms
2019-10-16 05:54:10,415 [Thread-617] INFO  impl.RoleInfo (RoleInfo.java:shutdownFollowerState(121)) - 9716ed81-e797-4622-8f9d-d0bad6b93ded: shutdown FollowerState
2019-10-16 05:54:10,415 [Thread-617] INFO  impl.RaftServerImpl (RaftServerImpl.java:setRole(184)) - 9716ed81-e797-4622-8f9d-d0bad6b93ded@group-6F198EFDD6FC: changes role from  FOLLOWER to CANDIDATE at term 19 for changeToCandidate
2019-10-16 05:54:10,415 [Thread-617] INFO  impl.RoleInfo (RoleInfo.java:updateAndGet(143)) - 9716ed81-e797-4622-8f9d-d0bad6b93ded: start LeaderElection
2019-10-16 05:54:10,442 [9716ed81-e797-4622-8f9d-d0bad6b93ded@group-6F198EFDD6FC-LeaderElection41] INFO  impl.LeaderElection (LeaderElection.java:askForVotes(178)) - 9716ed81-e797-4622-8f9d-d0bad6b93ded@group-6F198EFDD6FC-LeaderElection41: begin an election at term 20 for -1: [7f194c44-d326-466e-a2f3-1afa0b12311e:192.168.69.104:41593, 28fad83d-bdd1-43c5-9066-2f84db181b78:192.168.69.104:43518, 9716ed81-e797-4622-8f9d-d0bad6b93ded:192.168.69.104:37182], old=null
2019-10-16 05:54:10,445 [grpc-default-executor-5] INFO  impl.RaftServerImpl (RaftServerImpl.java:setRole(184)) - 28fad83d-bdd1-43c5-9066-2f84db181b78@group-6F198EFDD6FC: changes role from  FOLLOWER to FOLLOWER at term 20 for recognizeCandidate:9716ed81-e797-4622-8f9d-d0bad6b93ded
2019-10-16 05:54:10,445 [grpc-default-executor-11] INFO  impl.RaftServerImpl (RaftServerImpl.java:setRole(184)) - 7f194c44-d326-466e-a2f3-1afa0b12311e@group-6F198EFDD6FC: changes role from  FOLLOWER to FOLLOWER at term 20 for recognizeCandidate:9716ed81-e797-4622-8f9d-d0bad6b93ded
2019-10-16 05:54:10,445 [grpc-default-executor-5] INFO  impl.RoleInfo (RoleInfo.java:shutdownFollowerState(121)) - 28fad83d-bdd1-43c5-9066-2f84db181b78: shutdown FollowerState
2019-10-16 05:54:10,445 [grpc-default-executor-11] INFO  impl.RoleInfo (RoleInfo.java:shutdownFollowerState(121)) - 7f194c44-d326-466e-a2f3-1afa0b12311e: shutdown FollowerState
2019-10-16 05:54:10,445 [Thread-616] INFO  impl.FollowerState (FollowerState.java:run(117)) - 28fad83d-bdd1-43c5-9066-2f84db181b78@group-6F198EFDD6FC-FollowerState was interrupted: java.lang.InterruptedException: sleep interrupted
2019-10-16 05:54:10,445 [grpc-default-executor-5] INFO  impl.RoleInfo (RoleInfo.java:updateAndGet(143)) - 28fad83d-bdd1-43c5-9066-2f84db181b78: start FollowerState
2019-10-16 05:54:10,446 [Thread-615] INFO  impl.FollowerState (FollowerState.java:run(117)) - 7f194c44-d326-466e-a2f3-1afa0b12311e@group-6F198EFDD6FC-FollowerState was interrupted: java.lang.InterruptedException: sleep interrupted
2019-10-16 05:54:10,446 [grpc-default-executor-11] INFO  impl.RoleInfo (RoleInfo.java:updateAndGet(143)) - 7f194c44-d326-466e-a2f3-1afa0b12311e: start FollowerState
2019-10-16 05:54:10,461 [9716ed81-e797-4622-8f9d-d0bad6b93ded@group-6F198EFDD6FC-LeaderElection41] INFO  impl.LeaderElection (LeaderElection.java:logAndReturn(56)) - 9716ed81-e797-4622-8f9d-d0bad6b93ded@group-6F198EFDD6FC-LeaderElection41: Election REJECTED; received 2 response(s) [9716ed81-e797-4622-8f9d-d0bad6b93ded<-28fad83d-bdd1-43c5-9066-2f84db181b78#0:FAIL-t20, 9716ed81-e797-4622-8f9d-d0bad6b93ded<-7f194c44-d326-466e-a2f3-1afa0b12311e#0:FAIL-t20] and 0 exception(s); 9716ed81-e797-4622-8f9d-d0bad6b93ded@group-6F198EFDD6FC:t20, leader=null, voted=9716ed81-e797-4622-8f9d-d0bad6b93ded, raftlog=9716ed81-e797-4622-8f9d-d0bad6b93ded@group-6F198EFDD6FC-SegmentedRaftLog:OPENED:c-1,f-1,i0, conf=-1: [7f194c44-d326-466e-a2f3-1afa0b12311e:192.168.69.104:41593, 28fad83d-bdd1-43c5-9066-2f84db181b78:192.168.69.104:43518, 9716ed81-e797-4622-8f9d-d0bad6b93ded:192.168.69.104:37182], old=null
2019-10-16 05:54:10,461 [9716ed81-e797-4622-8f9d-d0bad6b93ded@group-6F198EFDD6FC-LeaderElection41] INFO  impl.RaftServerImpl (RaftServerImpl.java:setRole(184)) - 9716ed81-e797-4622-8f9d-d0bad6b93ded@group-6F198EFDD6FC: changes role from CANDIDATE to FOLLOWER at term 20 for DISCOVERED_A_NEW_TERM
2019-10-16 05:54:10,461 [9716ed81-e797-4622-8f9d-d0bad6b93ded@group-6F198EFDD6FC-LeaderElection41] INFO  impl.RoleInfo (RoleInfo.java:shutdownLeaderElection(134)) - 9716ed81-e797-4622-8f9d-d0bad6b93ded: shutdown LeaderElection
2019-10-16 05:54:10,462 [9716ed81-e797-4622-8f9d-d0bad6b93ded@group-6F198EFDD6FC-LeaderElection41] INFO  impl.RoleInfo (RoleInfo.java:updateAndGet(143)) - 9716ed81-e797-4622-8f9d-d0bad6b93ded: start FollowerState
2019-10-16 05:54:10,499 [Thread-623] INFO  impl.FollowerState (FollowerState.java:run(108)) - 9716ed81-e797-4622-8f9d-d0bad6b93ded@group-6F198EFDD6FC-FollowerState: change to CANDIDATE, lastRpcTime:37ms, electionTimeout:37ms
2019-10-16 05:54:10,499 [Thread-623] INFO  impl.RoleInfo (RoleInfo.java:shutdownFollowerState(121)) - 9716ed81-e797-4622-8f9d-d0bad6b93ded: shutdown FollowerState
2019-10-16 05:54:10,499 [Thread-623] INFO  impl.RaftServerImpl (RaftServerImpl.java:setRole(184)) - 9716ed81-e797-4622-8f9d-d0bad6b93ded@group-6F198EFDD6FC: changes role from  FOLLOWER to CANDIDATE at term 20 for changeToCandidate
2019-10-16 05:54:10,500 [Thread-623] INFO  impl.RoleInfo (RoleInfo.java:updateAndGet(143)) - 9716ed81-e797-4622-8f9d-d0bad6b93ded: start LeaderElection
2019-10-16 05:54:10,514 [9716ed81-e797-4622-8f9d-d0bad6b93ded@group-6F198EFDD6FC-LeaderElection42] INFO  impl.LeaderElection (LeaderElection.java:askForVotes(178)) - 9716ed81-e797-4622-8f9d-d0bad6b93ded@group-6F198EFDD6FC-LeaderElection42: begin an election at term 21 for -1: [7f194c44-d326-466e-a2f3-1afa0b12311e:192.168.69.104:41593, 28fad83d-bdd1-43c5-9066-2f84db181b78:192.168.69.104:43518, 9716ed81-e797-4622-8f9d-d0bad6b93ded:192.168.69.104:37182], old=null
2019-10-16 05:54:10,520 [grpc-default-executor-5] INFO  impl.RaftServerImpl (RaftServerImpl.java:setRole(184)) - 7f194c44-d326-466e-a2f3-1afa0b12311e@group-6F198EFDD6FC: changes role from  FOLLOWER to FOLLOWER at term 21 for recognizeCandidate:9716ed81-e797-4622-8f9d-d0bad6b93ded
2019-10-16 05:54:10,520 [grpc-default-executor-11] INFO  impl.RaftServerImpl (RaftServerImpl.java:setRole(184)) - 28fad83d-bdd1-43c5-9066-2f84db181b78@group-6F198EFDD6FC: changes role from  FOLLOWER to FOLLOWER at term 21 for recognizeCandidate:9716ed81-e797-4622-8f9d-d0bad6b93ded
2019-10-16 05:54:10,520 [grpc-default-executor-5] INFO  impl.RoleInfo (RoleInfo.java:shutdownFollowerState(121)) - 7f194c44-d326-466e-a2f3-1afa0b12311e: shutdown FollowerState
2019-10-16 05:54:10,520 [grpc-default-executor-11] INFO  impl.RoleInfo (RoleInfo.java:shutdownFollowerState(121)) - 28fad83d-bdd1-43c5-9066-2f84db181b78: shutdown FollowerState
2019-10-16 05:54:10,521 [Thread-622] INFO  impl.FollowerState (FollowerState.java:run(117)) - 7f194c44-d326-466e-a2f3-1afa0b12311e@group-6F198EFDD6FC-FollowerState was interrupted: java.lang.InterruptedException: sleep interrupted
2019-10-16 05:54:10,521 [grpc-default-executor-5] INFO  impl.RoleInfo (RoleInfo.java:updateAndGet(143)) - 7f194c44-d326-466e-a2f3-1afa0b12311e: start FollowerState
2019-10-16 05:54:10,521 [grpc-default-executor-11] INFO  impl.RoleInfo (RoleInfo.java:updateAndGet(143)) - 28fad83d-bdd1-43c5-9066-2f84db181b78: start FollowerState
2019-10-16 05:54:10,521 [Thread-621] INFO  impl.FollowerState (FollowerState.java:run(117)) - 28fad83d-bdd1-43c5-9066-2f84db181b78@group-6F198EFDD6FC-FollowerState was interrupted: java.lang.InterruptedException: sleep interrupted
2019-10-16 05:54:10,535 [9716ed81-e797-4622-8f9d-d0bad6b93ded@group-6F198EFDD6FC-LeaderElection42] INFO  impl.LeaderElection (LeaderElection.java:logAndReturn(56)) - 9716ed81-e797-4622-8f9d-d0bad6b93ded@group-6F198EFDD6FC-LeaderElection42: Election REJECTED; received 2 response(s) [9716ed81-e797-4622-8f9d-d0bad6b93ded<-28fad83d-bdd1-43c5-9066-2f84db181b78#0:FAIL-t21, 9716ed81-e797-4622-8f9d-d0bad6b93ded<-7f194c44-d326-466e-a2f3-1afa0b12311e#0:FAIL-t21] and 0 exception(s); 9716ed81-e797-4622-8f9d-d0bad6b93ded@group-6F198EFDD6FC:t21, leader=null, voted=9716ed81-e797-4622-8f9d-d0bad6b93ded, raftlog=9716ed81-e797-4622-8f9d-d0bad6b93ded@group-6F198EFDD6FC-SegmentedRaftLog:OPENED:c-1,f-1,i0, conf=-1: [7f194c44-d326-466e-a2f3-1afa0b12311e:192.168.69.104:41593, 28fad83d-bdd1-43c5-9066-2f84db181b78:192.168.69.104:43518, 9716ed81-e797-4622-8f9d-d0bad6b93ded:192.168.69.104:37182], old=null
2019-10-16 05:54:10,536 [9716ed81-e797-4622-8f9d-d0bad6b93ded@group-6F198EFDD6FC-LeaderElection42] INFO  impl.RaftServerImpl (RaftServerImpl.java:setRole(184)) - 9716ed81-e797-4622-8f9d-d0bad6b93ded@group-6F198EFDD6FC: changes role from CANDIDATE to FOLLOWER at term 21 for DISCOVERED_A_NEW_TERM
2019-10-16 05:54:10,536 [9716ed81-e797-4622-8f9d-d0bad6b93ded@group-6F198EFDD6FC-LeaderElection42] INFO  impl.RoleInfo (RoleInfo.java:shutdownLeaderElection(134)) - 9716ed81-e797-4622-8f9d-d0bad6b93ded: shutdown LeaderElection
2019-10-16 05:54:10,536 [9716ed81-e797-4622-8f9d-d0bad6b93ded@group-6F198EFDD6FC-LeaderElection42] INFO  impl.RoleInfo (RoleInfo.java:updateAndGet(143)) - 9716ed81-e797-4622-8f9d-d0bad6b93ded: start FollowerState
2019-10-16 05:54:10,586 [Thread-629] INFO  impl.FollowerState (FollowerState.java:run(108)) - 9716ed81-e797-4622-8f9d-d0bad6b93ded@group-6F198EFDD6FC-FollowerState: change to CANDIDATE, lastRpcTime:50ms, electionTimeout:50ms
2019-10-16 05:54:10,587 [Thread-629] INFO  impl.RoleInfo (RoleInfo.java:shutdownFollowerState(121)) - 9716ed81-e797-4622-8f9d-d0bad6b93ded: shutdown FollowerState
2019-10-16 05:54:10,587 [Thread-629] INFO  impl.RaftServerImpl (RaftServerImpl.java:setRole(184)) - 9716ed81-e797-4622-8f9d-d0bad6b93ded@group-6F198EFDD6FC: changes role from  FOLLOWER to CANDIDATE at term 21 for changeToCandidate
2019-10-16 05:54:10,587 [Thread-629] INFO  impl.RoleInfo (RoleInfo.java:updateAndGet(143)) - 9716ed81-e797-4622-8f9d-d0bad6b93ded: start LeaderElection
2019-10-16 05:54:10,602 [9716ed81-e797-4622-8f9d-d0bad6b93ded@group-6F198EFDD6FC-LeaderElection43] INFO  impl.LeaderElection (LeaderElection.java:askForVotes(178)) - 9716ed81-e797-4622-8f9d-d0bad6b93ded@group-6F198EFDD6FC-LeaderElection43: begin an election at term 22 for -1: [7f194c44-d326-466e-a2f3-1afa0b12311e:192.168.69.104:41593, 28fad83d-bdd1-43c5-9066-2f84db181b78:192.168.69.104:43518, 9716ed81-e797-4622-8f9d-d0bad6b93ded:192.168.69.104:37182], old=null
2019-10-16 05:54:10,605 [grpc-default-executor-5] INFO  impl.RaftServerImpl (RaftServerImpl.java:setRole(184)) - 28fad83d-bdd1-43c5-9066-2f84db181b78@group-6F198EFDD6FC: changes role from  FOLLOWER to FOLLOWER at term 22 for recognizeCandidate:9716ed81-e797-4622-8f9d-d0bad6b93ded
2019-10-16 05:54:10,605 [grpc-default-executor-11] INFO  impl.RaftServerImpl (RaftServerImpl.java:setRole(184)) - 7f194c44-d326-466e-a2f3-1afa0b12311e@group-6F198EFDD6FC: changes role from  FOLLOWER to FOLLOWER at term 22 for recognizeCandidate:9716ed81-e797-4622-8f9d-d0bad6b93ded
2019-10-16 05:54:10,605 [grpc-default-executor-5] INFO  impl.RoleInfo (RoleInfo.java:shutdownFollowerState(121)) - 28fad83d-bdd1-43c5-9066-2f84db181b78: shutdown FollowerState
2019-10-16 05:54:10,606 [grpc-default-executor-11] INFO  impl.RoleInfo (RoleInfo.java:shutdownFollowerState(121)) - 7f194c44-d326-466e-a2f3-1afa0b12311e: shutdown FollowerState
2019-10-16 05:54:10,606 [Thread-628] INFO  impl.FollowerState (FollowerState.java:run(117)) - 28fad83d-bdd1-43c5-9066-2f84db181b78@group-6F198EFDD6FC-FollowerState was interrupted: java.lang.InterruptedException: sleep interrupted
2019-10-16 05:54:10,606 [grpc-default-executor-5] INFO  impl.RoleInfo (RoleInfo.java:updateAndGet(143)) - 28fad83d-bdd1-43c5-9066-2f84db181b78: start FollowerState
2019-10-16 05:54:10,606 [Thread-627] INFO  impl.FollowerState (FollowerState.java:run(117)) - 7f194c44-d326-466e-a2f3-1afa0b12311e@group-6F198EFDD6FC-FollowerState was interrupted: java.lang.InterruptedException: sleep interrupted
2019-10-16 05:54:10,606 [grpc-default-executor-11] INFO  impl.RoleInfo (RoleInfo.java:updateAndGet(143)) - 7f194c44-d326-466e-a2f3-1afa0b12311e: start FollowerState
2019-10-16 05:54:10,623 [9716ed81-e797-4622-8f9d-d0bad6b93ded@group-6F198EFDD6FC-LeaderElection43] INFO  impl.LeaderElection (LeaderElection.java:logAndReturn(56)) - 9716ed81-e797-4622-8f9d-d0bad6b93ded@group-6F198EFDD6FC-LeaderElection43: Election REJECTED; received 2 response(s) [9716ed81-e797-4622-8f9d-d0bad6b93ded<-7f194c44-d326-466e-a2f3-1afa0b12311e#0:FAIL-t22, 9716ed81-e797-4622-8f9d-d0bad6b93ded<-28fad83d-bdd1-43c5-9066-2f84db181b78#0:FAIL-t22] and 0 exception(s); 9716ed81-e797-4622-8f9d-d0bad6b93ded@group-6F198EFDD6FC:t22, leader=null, voted=9716ed81-e797-4622-8f9d-d0bad6b93ded, raftlog=9716ed81-e797-4622-8f9d-d0bad6b93ded@group-6F198EFDD6FC-SegmentedRaftLog:OPENED:c-1,f-1,i0, conf=-1: [7f194c44-d326-466e-a2f3-1afa0b12311e:192.168.69.104:41593, 28fad83d-bdd1-43c5-9066-2f84db181b78:192.168.69.104:43518, 9716ed81-e797-4622-8f9d-d0bad6b93ded:192.168.69.104:37182], old=null
2019-10-16 05:54:10,624 [9716ed81-e797-4622-8f9d-d0bad6b93ded@group-6F198EFDD6FC-LeaderElection43] INFO  impl.RaftServerImpl (RaftServerImpl.java:setRole(184)) - 9716ed81-e797-4622-8f9d-d0bad6b93ded@group-6F198EFDD6FC: changes role from CANDIDATE to FOLLOWER at term 22 for DISCOVERED_A_NEW_TERM
2019-10-16 05:54:10,624 [9716ed81-e797-4622-8f9d-d0bad6b93ded@group-6F198EFDD6FC-LeaderElection43] INFO  impl.RoleInfo (RoleInfo.java:shutdownLeaderElection(134)) - 9716ed81-e797-4622-8f9d-d0bad6b93ded: shutdown LeaderElection
2019-10-16 05:54:10,624 [9716ed81-e797-4622-8f9d-d0bad6b93ded@group-6F198EFDD6FC-LeaderElection43] INFO  impl.RoleInfo (RoleInfo.java:updateAndGet(143)) - 9716ed81-e797-4622-8f9d-d0bad6b93ded: start FollowerState
2019-10-16 05:54:10,803 [Thread-635] INFO  impl.FollowerState (FollowerState.java:run(108)) - 9716ed81-e797-4622-8f9d-d0bad6b93ded@group-6F198EFDD6FC-FollowerState: change to CANDIDATE, lastRpcTime:179ms, electionTimeout:179ms
2019-10-16 05:54:10,804 [Thread-635] INFO  impl.RoleInfo (RoleInfo.java:shutdownFollowerState(121)) - 9716ed81-e797-4622-8f9d-d0bad6b93ded: shutdown FollowerState
2019-10-16 05:54:10,804 [Thread-635] INFO  impl.RaftServerImpl (RaftServerImpl.java:setRole(184)) - 9716ed81-e797-4622-8f9d-d0bad6b93ded@group-6F198EFDD6FC: changes role from  FOLLOWER to CANDIDATE at term 22 for changeToCandidate
2019-10-16 05:54:10,804 [Thread-635] INFO  impl.RoleInfo (RoleInfo.java:updateAndGet(143)) - 9716ed81-e797-4622-8f9d-d0bad6b93ded: start LeaderElection
2019-10-16 05:54:10,830 [9716ed81-e797-4622-8f9d-d0bad6b93ded@group-6F198EFDD6FC-LeaderElection44] INFO  impl.LeaderElection (LeaderElection.java:askForVotes(178)) - 9716ed81-e797-4622-8f9d-d0bad6b93ded@group-6F198EFDD6FC-LeaderElection44: begin an election at term 23 for -1: [7f194c44-d326-466e-a2f3-1afa0b12311e:192.168.69.104:41593, 28fad83d-bdd1-43c5-9066-2f84db181b78:192.168.69.104:43518, 9716ed81-e797-4622-8f9d-d0bad6b93ded:192.168.69.104:37182], old=null
2019-10-16 05:54:10,837 [grpc-default-executor-5] INFO  impl.RaftServerImpl (RaftServerImpl.java:setRole(184)) - 7f194c44-d326-466e-a2f3-1afa0b12311e@group-6F198EFDD6FC: changes role from  FOLLOWER to FOLLOWER at term 23 for recognizeCandidate:9716ed81-e797-4622-8f9d-d0bad6b93ded
2019-10-16 05:54:10,837 [grpc-default-executor-11] INFO  impl.RaftServerImpl (RaftServerImpl.java:setRole(184)) - 28fad83d-bdd1-43c5-9066-2f84db181b78@group-6F198EFDD6FC: changes role from  FOLLOWER to FOLLOWER at term 23 for recognizeCandidate:9716ed81-e797-4622-8f9d-d0bad6b93ded
2019-10-16 05:54:10,837 [grpc-default-executor-5] INFO  impl.RoleInfo (RoleInfo.java:shutdownFollowerState(121)) - 7f194c44-d326-466e-a2f3-1afa0b12311e: shutdown FollowerState
2019-10-16 05:54:10,837 [grpc-default-executor-11] INFO  impl.RoleInfo (RoleInfo.java:shutdownFollowerState(121)) - 28fad83d-bdd1-43c5-9066-2f84db181b78: shutdown FollowerState
2019-10-16 05:54:10,838 [Thread-634] INFO  impl.FollowerState (FollowerState.java:run(117)) - 7f194c44-d326-466e-a2f3-1afa0b12311e@group-6F198EFDD6FC-FollowerState was interrupted: java.lang.InterruptedException: sleep interrupted
2019-10-16 05:54:10,838 [grpc-default-executor-5] INFO  impl.RoleInfo (RoleInfo.java:updateAndGet(143)) - 7f194c44-d326-466e-a2f3-1afa0b12311e: start FollowerState
2019-10-16 05:54:10,838 [Thread-633] INFO  impl.FollowerState (FollowerState.java:run(117)) - 28fad83d-bdd1-43c5-9066-2f84db181b78@group-6F198EFDD6FC-FollowerState was interrupted: java.lang.InterruptedException: sleep interrupted
2019-10-16 05:54:10,838 [grpc-default-executor-11] INFO  impl.RoleInfo (RoleInfo.java:updateAndGet(143)) - 28fad83d-bdd1-43c5-9066-2f84db181b78: start FollowerState
2019-10-16 05:54:10,853 [9716ed81-e797-4622-8f9d-d0bad6b93ded@group-6F198EFDD6FC-LeaderElection44] INFO  impl.LeaderElection (LeaderElection.java:logAndReturn(56)) - 9716ed81-e797-4622-8f9d-d0bad6b93ded@group-6F198EFDD6FC-LeaderElection44: Election REJECTED; received 2 response(s) [9716ed81-e797-4622-8f9d-d0bad6b93ded<-28fad83d-bdd1-43c5-9066-2f84db181b78#0:FAIL-t23, 9716ed81-e797-4622-8f9d-d0bad6b93ded<-7f194c44-d326-466e-a2f3-1afa0b12311e#0:FAIL-t23] and 0 exception(s); 9716ed81-e797-4622-8f9d-d0bad6b93ded@group-6F198EFDD6FC:t23, leader=null, voted=9716ed81-e797-4622-8f9d-d0bad6b93ded, raftlog=9716ed81-e797-4622-8f9d-d0bad6b93ded@group-6F198EFDD6FC-SegmentedRaftLog:OPENED:c-1,f-1,i0, conf=-1: [7f194c44-d326-466e-a2f3-1afa0b12311e:192.168.69.104:41593, 28fad83d-bdd1-43c5-9066-2f84db181b78:192.168.69.104:43518, 9716ed81-e797-4622-8f9d-d0bad6b93ded:192.168.69.104:37182], old=null
2019-10-16 05:54:10,853 [9716ed81-e797-4622-8f9d-d0bad6b93ded@group-6F198EFDD6FC-LeaderElection44] INFO  impl.RaftServerImpl (RaftServerImpl.java:setRole(184)) - 9716ed81-e797-4622-8f9d-d0bad6b93ded@group-6F198EFDD6FC: changes role from CANDIDATE to FOLLOWER at term 23 for DISCOVERED_A_NEW_TERM
2019-10-16 05:54:10,853 [9716ed81-e797-4622-8f9d-d0bad6b93ded@group-6F198EFDD6FC-LeaderElection44] INFO  impl.RoleInfo (RoleInfo.java:shutdownLeaderElection(134)) - 9716ed81-e797-4622-8f9d-d0bad6b93ded: shutdown LeaderElection
2019-10-16 05:54:10,854 [9716ed81-e797-4622-8f9d-d0bad6b93ded@group-6F198EFDD6FC-LeaderElection44] INFO  impl.RoleInfo (RoleInfo.java:updateAndGet(143)) - 9716ed81-e797-4622-8f9d-d0bad6b93ded: start FollowerState
2019-10-16 05:54:10,997 [Thread-641] INFO  impl.FollowerState (FollowerState.java:run(108)) - 9716ed81-e797-4622-8f9d-d0bad6b93ded@group-6F198EFDD6FC-FollowerState: change to CANDIDATE, lastRpcTime:143ms, electionTimeout:143ms
2019-10-16 05:54:10,998 [Thread-641] INFO  impl.RoleInfo (RoleInfo.java:shutdownFollowerState(121)) - 9716ed81-e797-4622-8f9d-d0bad6b93ded: shutdown FollowerState
2019-10-16 05:54:10,998 [Thread-641] INFO  impl.RaftServerImpl (RaftServerImpl.java:setRole(184)) - 9716ed81-e797-4622-8f9d-d0bad6b93ded@group-6F198EFDD6FC: changes role from  FOLLOWER to CANDIDATE at term 23 for changeToCandidate
2019-10-16 05:54:10,998 [Thread-641] INFO  impl.RoleInfo (RoleInfo.java:updateAndGet(143)) - 9716ed81-e797-4622-8f9d-d0bad6b93ded: start LeaderElection
2019-10-16 05:54:11,025 [9716ed81-e797-4622-8f9d-d0bad6b93ded@group-6F198EFDD6FC-LeaderElection45] INFO  impl.LeaderElection (LeaderElection.java:askForVotes(178)) - 9716ed81-e797-4622-8f9d-d0bad6b93ded@group-6F198EFDD6FC-LeaderElection45: begin an election at term 24 for -1: [7f194c44-d326-466e-a2f3-1afa0b12311e:192.168.69.104:41593, 28fad83d-bdd1-43c5-9066-2f84db181b78:192.168.69.104:43518, 9716ed81-e797-4622-8f9d-d0bad6b93ded:192.168.69.104:37182], old=null
2019-10-16 05:54:11,029 [grpc-default-executor-11] INFO  impl.RaftServerImpl (RaftServerImpl.java:setRole(184)) - 7f194c44-d326-466e-a2f3-1afa0b12311e@group-6F198EFDD6FC: changes role from  FOLLOWER to FOLLOWER at term 24 for recognizeCandidate:9716ed81-e797-4622-8f9d-d0bad6b93ded
2019-10-16 05:54:11,029 [grpc-default-executor-5] INFO  impl.RaftServerImpl (RaftServerImpl.java:setRole(184)) - 28fad83d-bdd1-43c5-9066-2f84db181b78@group-6F198EFDD6FC: changes role from  FOLLOWER to FOLLOWER at term 24 for recognizeCandidate:9716ed81-e797-4622-8f9d-d0bad6b93ded
2019-10-16 05:54:11,029 [grpc-default-executor-11] INFO  impl.RoleInfo (RoleInfo.java:shutdownFollowerState(121)) - 7f194c44-d326-466e-a2f3-1afa0b12311e: shutdown FollowerState
2019-10-16 05:54:11,029 [grpc-default-executor-5] INFO  impl.RoleInfo (RoleInfo.java:shutdownFollowerState(121)) - 28fad83d-bdd1-43c5-9066-2f84db181b78: shutdown FollowerState
2019-10-16 05:54:11,029 [Thread-639] INFO  impl.FollowerState (FollowerState.java:run(117)) - 7f194c44-d326-466e-a2f3-1afa0b12311e@group-6F198EFDD6FC-FollowerState was interrupted: java.lang.InterruptedException: sleep interrupted
2019-10-16 05:54:11,029 [grpc-default-executor-11] INFO  impl.RoleInfo (RoleInfo.java:updateAndGet(143)) - 7f194c44-d326-466e-a2f3-1afa0b12311e: start FollowerState
2019-10-16 05:54:11,029 [Thread-640] INFO  impl.FollowerState (FollowerState.java:run(117)) - 28fad83d-bdd1-43c5-9066-2f84db181b78@group-6F198EFDD6FC-FollowerState was interrupted: java.lang.InterruptedException: sleep interrupted
2019-10-16 05:54:11,029 [grpc-default-executor-5] INFO  impl.RoleInfo (RoleInfo.java:updateAndGet(143)) - 28fad83d-bdd1-43c5-9066-2f84db181b78: start FollowerState
2019-10-16 05:54:11,035 [9716ed81-e797-4622-8f9d-d0bad6b93ded@group-6F198EFDD6FC-LeaderElection45] INFO  impl.LeaderElection (LeaderElection.java:logAndReturn(56)) - 9716ed81-e797-4622-8f9d-d0bad6b93ded@group-6F198EFDD6FC-LeaderElection45: Election TIMEOUT; received 0 response(s) [] and 0 exception(s); 9716ed81-e797-4622-8f9d-d0bad6b93ded@group-6F198EFDD6FC:t24, leader=null, voted=9716ed81-e797-4622-8f9d-d0bad6b93ded, raftlog=9716ed81-e797-4622-8f9d-d0bad6b93ded@group-6F198EFDD6FC-SegmentedRaftLog:OPENED:c-1,f-1,i0, conf=-1: [7f194c44-d326-466e-a2f3-1afa0b12311e:192.168.69.104:41593, 28fad83d-bdd1-43c5-9066-2f84db181b78:192.168.69.104:43518, 9716ed81-e797-4622-8f9d-d0bad6b93ded:192.168.69.104:37182], old=null
2019-10-16 05:54:11,043 [9716ed81-e797-4622-8f9d-d0bad6b93ded@group-6F198EFDD6FC-LeaderElection45] INFO  impl.LeaderElection (LeaderElection.java:askForVotes(178)) - 9716ed81-e797-4622-8f9d-d0bad6b93ded@group-6F198EFDD6FC-LeaderElection45: begin an election at term 25 for -1: [7f194c44-d326-466e-a2f3-1afa0b12311e:192.168.69.104:41593, 28fad83d-bdd1-43c5-9066-2f84db181b78:192.168.69.104:43518, 9716ed81-e797-4622-8f9d-d0bad6b93ded:192.168.69.104:37182], old=null
2019-10-16 05:54:11,050 [grpc-default-executor-11] INFO  impl.RaftServerImpl (RaftServerImpl.java:setRole(184)) - 28fad83d-bdd1-43c5-9066-2f84db181b78@group-6F198EFDD6FC: changes role from  FOLLOWER to FOLLOWER at term 25 for recognizeCandidate:9716ed81-e797-4622-8f9d-d0bad6b93ded
2019-10-16 05:54:11,050 [grpc-default-executor-5] INFO  impl.RaftServerImpl (RaftServerImpl.java:setRole(184)) - 7f194c44-d326-466e-a2f3-1afa0b12311e@group-6F198EFDD6FC: changes role from  FOLLOWER to FOLLOWER at term 25 for recognizeCandidate:9716ed81-e797-4622-8f9d-d0bad6b93ded
2019-10-16 05:54:11,050 [grpc-default-executor-11] INFO  impl.RoleInfo (RoleInfo.java:shutdownFollowerState(121)) - 28fad83d-bdd1-43c5-9066-2f84db181b78: shutdown FollowerState
2019-10-16 05:54:11,050 [grpc-default-executor-5] INFO  impl.RoleInfo (RoleInfo.java:shutdownFollowerState(121)) - 7f194c44-d326-466e-a2f3-1afa0b12311e: shutdown FollowerState
2019-10-16 05:54:11,050 [Thread-646] INFO  impl.FollowerState (FollowerState.java:run(117)) - 28fad83d-bdd1-43c5-9066-2f84db181b78@group-6F198EFDD6FC-FollowerState was interrupted: java.lang.InterruptedException: sleep interrupted
2019-10-16 05:54:11,050 [grpc-default-executor-5] INFO  impl.RoleInfo (RoleInfo.java:updateAndGet(143)) - 7f194c44-d326-466e-a2f3-1afa0b12311e: start FollowerState
2019-10-16 05:54:11,050 [grpc-default-executor-11] INFO  impl.RoleInfo (RoleInfo.java:updateAndGet(143)) - 28fad83d-bdd1-43c5-9066-2f84db181b78: start FollowerState
2019-10-16 05:54:11,050 [Thread-645] INFO  impl.FollowerState (FollowerState.java:run(117)) - 7f194c44-d326-466e-a2f3-1afa0b12311e@group-6F198EFDD6FC-FollowerState was interrupted: java.lang.InterruptedException: sleep interrupted
2019-10-16 05:54:11,066 [9716ed81-e797-4622-8f9d-d0bad6b93ded@group-6F198EFDD6FC-LeaderElection45] INFO  impl.LeaderElection (LeaderElection.java:logAndReturn(56)) - 9716ed81-e797-4622-8f9d-d0bad6b93ded@group-6F198EFDD6FC-LeaderElection45: Election REJECTED; received 2 response(s) [9716ed81-e797-4622-8f9d-d0bad6b93ded<-7f194c44-d326-466e-a2f3-1afa0b12311e#0:FAIL-t25, 9716ed81-e797-4622-8f9d-d0bad6b93ded<-28fad83d-bdd1-43c5-9066-2f84db181b78#0:FAIL-t25] and 0 exception(s); 9716ed81-e797-4622-8f9d-d0bad6b93ded@group-6F198EFDD6FC:t25, leader=null, voted=9716ed81-e797-4622-8f9d-d0bad6b93ded, raftlog=9716ed81-e797-4622-8f9d-d0bad6b93ded@group-6F198EFDD6FC-SegmentedRaftLog:OPENED:c-1,f-1,i0, conf=-1: [7f194c44-d326-466e-a2f3-1afa0b12311e:192.168.69.104:41593, 28fad83d-bdd1-43c5-9066-2f84db181b78:192.168.69.104:43518, 9716ed81-e797-4622-8f9d-d0bad6b93ded:192.168.69.104:37182], old=null
2019-10-16 05:54:11,066 [9716ed81-e797-4622-8f9d-d0bad6b93ded@group-6F198EFDD6FC-LeaderElection45] INFO  impl.RaftServerImpl (RaftServerImpl.java:setRole(184)) - 9716ed81-e797-4622-8f9d-d0bad6b93ded@group-6F198EFDD6FC: changes role from CANDIDATE to FOLLOWER at term 25 for DISCOVERED_A_NEW_TERM
2019-10-16 05:54:11,066 [9716ed81-e797-4622-8f9d-d0bad6b93ded@group-6F198EFDD6FC-LeaderElection45] INFO  impl.RoleInfo (RoleInfo.java:shutdownLeaderElection(134)) - 9716ed81-e797-4622-8f9d-d0bad6b93ded: shutdown LeaderElection
2019-10-16 05:54:11,066 [9716ed81-e797-4622-8f9d-d0bad6b93ded@group-6F198EFDD6FC-LeaderElection45] INFO  impl.RoleInfo (RoleInfo.java:updateAndGet(143)) - 9716ed81-e797-4622-8f9d-d0bad6b93ded: start FollowerState
2019-10-16 05:54:11,189 [Thread-651] INFO  impl.FollowerState (FollowerState.java:run(108)) - 9716ed81-e797-4622-8f9d-d0bad6b93ded@group-6F198EFDD6FC-FollowerState: change to CANDIDATE, lastRpcTime:123ms, electionTimeout:123ms
2019-10-16 05:54:11,190 [Thread-651] INFO  impl.RoleInfo (RoleInfo.java:shutdownFollowerState(121)) - 9716ed81-e797-4622-8f9d-d0bad6b93ded: shutdown FollowerState
2019-10-16 05:54:11,190 [Thread-651] INFO  impl.RaftServerImpl (RaftServerImpl.java:setRole(184)) - 9716ed81-e797-4622-8f9d-d0bad6b93ded@group-6F198EFDD6FC: changes role from  FOLLOWER to CANDIDATE at term 25 for changeToCandidate
2019-10-16 05:54:11,190 [Thread-651] INFO  impl.RoleInfo (RoleInfo.java:updateAndGet(143)) - 9716ed81-e797-4622-8f9d-d0bad6b93ded: start LeaderElection
2019-10-16 05:54:11,204 [9716ed81-e797-4622-8f9d-d0bad6b93ded@group-6F198EFDD6FC-LeaderElection46] INFO  impl.LeaderElection (LeaderElection.java:askForVotes(178)) - 9716ed81-e797-4622-8f9d-d0bad6b93ded@group-6F198EFDD6FC-LeaderElection46: begin an election at term 26 for -1: [7f194c44-d326-466e-a2f3-1afa0b12311e:192.168.69.104:41593, 28fad83d-bdd1-43c5-9066-2f84db181b78:192.168.69.104:43518, 9716ed81-e797-4622-8f9d-d0bad6b93ded:192.168.69.104:37182], old=null
2019-10-16 05:54:11,207 [grpc-default-executor-11] INFO  impl.RaftServerImpl (RaftServerImpl.java:setRole(184)) - 7f194c44-d326-466e-a2f3-1afa0b12311e@group-6F198EFDD6FC: changes role from  FOLLOWER to FOLLOWER at term 26 for recognizeCandidate:9716ed81-e797-4622-8f9d-d0bad6b93ded
2019-10-16 05:54:11,207 [grpc-default-executor-5] INFO  impl.RaftServerImpl (RaftServerImpl.java:setRole(184)) - 28fad83d-bdd1-43c5-9066-2f84db181b78@group-6F198EFDD6FC: changes role from  FOLLOWER to FOLLOWER at term 26 for recognizeCandidate:9716ed81-e797-4622-8f9d-d0bad6b93ded
2019-10-16 05:54:11,208 [grpc-default-executor-11] INFO  impl.RoleInfo (RoleInfo.java:shutdownFollowerState(121)) - 7f194c44-d326-466e-a2f3-1afa0b12311e: shutdown FollowerState
2019-10-16 05:54:11,208 [grpc-default-executor-5] INFO  impl.RoleInfo (RoleInfo.java:shutdownFollowerState(121)) - 28fad83d-bdd1-43c5-9066-2f84db181b78: shutdown FollowerState
2019-10-16 05:54:11,208 [grpc-default-executor-11] INFO  impl.RoleInfo (RoleInfo.java:updateAndGet(143)) - 7f194c44-d326-466e-a2f3-1afa0b12311e: start FollowerState
2019-10-16 05:54:11,208 [Thread-650] INFO  impl.FollowerState (FollowerState.java:run(117)) - 7f194c44-d326-466e-a2f3-1afa0b12311e@group-6F198EFDD6FC-FollowerState was interrupted: java.lang.InterruptedException: sleep interrupted
2019-10-16 05:54:11,208 [Thread-649] INFO  impl.FollowerState (FollowerState.java:run(117)) - 28fad83d-bdd1-43c5-9066-2f84db181b78@group-6F198EFDD6FC-FollowerState was interrupted: java.lang.InterruptedException: sleep interrupted
2019-10-16 05:54:11,208 [grpc-default-executor-5] INFO  impl.RoleInfo (RoleInfo.java:updateAndGet(143)) - 28fad83d-bdd1-43c5-9066-2f84db181b78: start FollowerState
2019-10-16 05:54:11,217 [9716ed81-e797-4622-8f9d-d0bad6b93ded@group-6F198EFDD6FC-LeaderElection46] INFO  impl.LeaderElection (LeaderElection.java:logAndReturn(56)) - 9716ed81-e797-4622-8f9d-d0bad6b93ded@group-6F198EFDD6FC-LeaderElection46: Election TIMEOUT; received 0 response(s) [] and 0 exception(s); 9716ed81-e797-4622-8f9d-d0bad6b93ded@group-6F198EFDD6FC:t26, leader=null, voted=9716ed81-e797-4622-8f9d-d0bad6b93ded, raftlog=9716ed81-e797-4622-8f9d-d0bad6b93ded@group-6F198EFDD6FC-SegmentedRaftLog:OPENED:c-1,f-1,i0, conf=-1: [7f194c44-d326-466e-a2f3-1afa0b12311e:192.168.69.104:41593, 28fad83d-bdd1-43c5-9066-2f84db181b78:192.168.69.104:43518, 9716ed81-e797-4622-8f9d-d0bad6b93ded:192.168.69.104:37182], old=null
2019-10-16 05:54:11,222 [9716ed81-e797-4622-8f9d-d0bad6b93ded@group-6F198EFDD6FC-LeaderElection46] INFO  impl.LeaderElection (LeaderElection.java:askForVotes(178)) - 9716ed81-e797-4622-8f9d-d0bad6b93ded@group-6F198EFDD6FC-LeaderElection46: begin an election at term 27 for -1: [7f194c44-d326-466e-a2f3-1afa0b12311e:192.168.69.104:41593, 28fad83d-bdd1-43c5-9066-2f84db181b78:192.168.69.104:43518, 9716ed81-e797-4622-8f9d-d0bad6b93ded:192.168.69.104:37182], old=null
2019-10-16 05:54:11,236 [grpc-default-executor-5] INFO  impl.RaftServerImpl (RaftServerImpl.java:setRole(184)) - 7f194c44-d326-466e-a2f3-1afa0b12311e@group-6F198EFDD6FC: changes role from  FOLLOWER to FOLLOWER at term 27 for recognizeCandidate:9716ed81-e797-4622-8f9d-d0bad6b93ded
2019-10-16 05:54:11,237 [grpc-default-executor-5] INFO  impl.RoleInfo (RoleInfo.java:shutdownFollowerState(121)) - 7f194c44-d326-466e-a2f3-1afa0b12311e: shutdown FollowerState
2019-10-16 05:54:11,237 [grpc-default-executor-5] INFO  impl.RoleInfo (RoleInfo.java:updateAndGet(143)) - 7f194c44-d326-466e-a2f3-1afa0b12311e: start FollowerState
2019-10-16 05:54:11,237 [Thread-655] INFO  impl.FollowerState (FollowerState.java:run(117)) - 7f194c44-d326-466e-a2f3-1afa0b12311e@group-6F198EFDD6FC-FollowerState was interrupted: java.lang.InterruptedException: sleep interrupted
2019-10-16 05:54:11,237 [grpc-default-executor-11] INFO  impl.RaftServerImpl (RaftServerImpl.java:setRole(184)) - 28fad83d-bdd1-43c5-9066-2f84db181b78@group-6F198EFDD6FC: changes role from  FOLLOWER to FOLLOWER at term 27 for recognizeCandidate:9716ed81-e797-4622-8f9d-d0bad6b93ded
2019-10-16 05:54:11,238 [grpc-default-executor-11] INFO  impl.RoleInfo (RoleInfo.java:shutdownFollowerState(121)) - 28fad83d-bdd1-43c5-9066-2f84db181b78: shutdown FollowerState
2019-10-16 05:54:11,238 [Thread-656] INFO  impl.FollowerState (FollowerState.java:run(117)) - 28fad83d-bdd1-43c5-9066-2f84db181b78@group-6F198EFDD6FC-FollowerState was interrupted: java.lang.InterruptedException: sleep interrupted
2019-10-16 05:54:11,238 [grpc-default-executor-11] INFO  impl.RoleInfo (RoleInfo.java:updateAndGet(143)) - 28fad83d-bdd1-43c5-9066-2f84db181b78: start FollowerState
2019-10-16 05:54:11,263 [9716ed81-e797-4622-8f9d-d0bad6b93ded@group-6F198EFDD6FC-LeaderElection46] INFO  impl.LeaderElection (LeaderElection.java:logAndReturn(56)) - 9716ed81-e797-4622-8f9d-d0bad6b93ded@group-6F198EFDD6FC-LeaderElection46: Election REJECTED; received 2 response(s) [9716ed81-e797-4622-8f9d-d0bad6b93ded<-7f194c44-d326-466e-a2f3-1afa0b12311e#0:FAIL-t27, 9716ed81-e797-4622-8f9d-d0bad6b93ded<-28fad83d-bdd1-43c5-9066-2f84db181b78#0:FAIL-t27] and 0 exception(s); 9716ed81-e797-4622-8f9d-d0bad6b93ded@group-6F198EFDD6FC:t27, leader=null, voted=9716ed81-e797-4622-8f9d-d0bad6b93ded, raftlog=9716ed81-e797-4622-8f9d-d0bad6b93ded@group-6F198EFDD6FC-SegmentedRaftLog:OPENED:c-1,f-1,i0, conf=-1: [7f194c44-d326-466e-a2f3-1afa0b12311e:192.168.69.104:41593, 28fad83d-bdd1-43c5-9066-2f84db181b78:192.168.69.104:43518, 9716ed81-e797-4622-8f9d-d0bad6b93ded:192.168.69.104:37182], old=null
2019-10-16 05:54:11,263 [9716ed81-e797-4622-8f9d-d0bad6b93ded@group-6F198EFDD6FC-LeaderElection46] INFO  impl.RaftServerImpl (RaftServerImpl.java:setRole(184)) - 9716ed81-e797-4622-8f9d-d0bad6b93ded@group-6F198EFDD6FC: changes role from CANDIDATE to FOLLOWER at term 27 for DISCOVERED_A_NEW_TERM
2019-10-16 05:54:11,264 [9716ed81-e797-4622-8f9d-d0bad6b93ded@group-6F198EFDD6FC-LeaderElection46] INFO  impl.RoleInfo (RoleInfo.java:shutdownLeaderElection(134)) - 9716ed81-e797-4622-8f9d-d0bad6b93ded: shutdown LeaderElection
2019-10-16 05:54:11,264 [9716ed81-e797-4622-8f9d-d0bad6b93ded@group-6F198EFDD6FC-LeaderElection46] INFO  impl.RoleInfo (RoleInfo.java:updateAndGet(143)) - 9716ed81-e797-4622-8f9d-d0bad6b93ded: start FollowerState
2019-10-16 05:54:11,403 [Thread-661] INFO  impl.FollowerState (FollowerState.java:run(108)) - 9716ed81-e797-4622-8f9d-d0bad6b93ded@group-6F198EFDD6FC-FollowerState: change to CANDIDATE, lastRpcTime:136ms, electionTimeout:133ms
2019-10-16 05:54:11,404 [Thread-661] INFO  impl.RoleInfo (RoleInfo.java:shutdownFollowerState(121)) - 9716ed81-e797-4622-8f9d-d0bad6b93ded: shutdown FollowerState
2019-10-16 05:54:11,404 [Thread-661] INFO  impl.RaftServerImpl (RaftServerImpl.java:setRole(184)) - 9716ed81-e797-4622-8f9d-d0bad6b93ded@group-6F198EFDD6FC: changes role from  FOLLOWER to CANDIDATE at term 27 for changeToCandidate
2019-10-16 05:54:11,404 [Thread-661] INFO  impl.RoleInfo (RoleInfo.java:updateAndGet(143)) - 9716ed81-e797-4622-8f9d-d0bad6b93ded: start LeaderElection
2019-10-16 05:54:11,419 [9716ed81-e797-4622-8f9d-d0bad6b93ded@group-6F198EFDD6FC-LeaderElection47] INFO  impl.LeaderElection (LeaderElection.java:askForVotes(178)) - 9716ed81-e797-4622-8f9d-d0bad6b93ded@group-6F198EFDD6FC-LeaderElection47: begin an election at term 28 for -1: [7f194c44-d326-466e-a2f3-1afa0b12311e:192.168.69.104:41593, 28fad83d-bdd1-43c5-9066-2f84db181b78:192.168.69.104:43518, 9716ed81-e797-4622-8f9d-d0bad6b93ded:192.168.69.104:37182], old=null
2019-10-16 05:54:11,421 [grpc-default-executor-11] INFO  impl.RaftServerImpl (RaftServerImpl.java:setRole(184)) - 28fad83d-bdd1-43c5-9066-2f84db181b78@group-6F198EFDD6FC: changes role from  FOLLOWER to FOLLOWER at term 28 for recognizeCandidate:9716ed81-e797-4622-8f9d-d0bad6b93ded
2019-10-16 05:54:11,421 [grpc-default-executor-2] INFO  impl.RaftServerImpl (RaftServerImpl.java:setRole(184)) - 7f194c44-d326-466e-a2f3-1afa0b12311e@group-6F198EFDD6FC: changes role from  FOLLOWER to FOLLOWER at term 28 for recognizeCandidate:9716ed81-e797-4622-8f9d-d0bad6b93ded
2019-10-16 05:54:11,421 [grpc-default-executor-11] INFO  impl.RoleInfo (RoleInfo.java:shutdownFollowerState(121)) - 28fad83d-bdd1-43c5-9066-2f84db181b78: shutdown FollowerState
2019-10-16 05:54:11,422 [grpc-default-executor-2] INFO  impl.RoleInfo (RoleInfo.java:shutdownFollowerState(121)) - 7f194c44-d326-466e-a2f3-1afa0b12311e: shutdown FollowerState
2019-10-16 05:54:11,422 [grpc-default-executor-11] INFO  impl.RoleInfo (RoleInfo.java:updateAndGet(143)) - 28fad83d-bdd1-43c5-9066-2f84db181b78: start FollowerState
2019-10-16 05:54:11,422 [Thread-660] INFO  impl.FollowerState (FollowerState.java:run(117)) - 28fad83d-bdd1-43c5-9066-2f84db181b78@group-6F198EFDD6FC-FollowerState was interrupted: java.lang.InterruptedException: sleep interrupted
2019-10-16 05:54:11,422 [grpc-default-executor-2] INFO  impl.RoleInfo (RoleInfo.java:updateAndGet(143)) - 7f194c44-d326-466e-a2f3-1afa0b12311e: start FollowerState
2019-10-16 05:54:11,422 [Thread-659] INFO  impl.FollowerState (FollowerState.java:run(117)) - 7f194c44-d326-466e-a2f3-1afa0b12311e@group-6F198EFDD6FC-FollowerState was interrupted: java.lang.InterruptedException: sleep interrupted
2019-10-16 05:54:11,437 [9716ed81-e797-4622-8f9d-d0bad6b93ded@group-6F198EFDD6FC-LeaderElection47] INFO  impl.LeaderElection (LeaderElection.java:logAndReturn(56)) - 9716ed81-e797-4622-8f9d-d0bad6b93ded@group-6F198EFDD6FC-LeaderElection47: Election REJECTED; received 2 response(s) [9716ed81-e797-4622-8f9d-d0bad6b93ded<-7f194c44-d326-466e-a2f3-1afa0b12311e#0:FAIL-t28, 9716ed81-e797-4622-8f9d-d0bad6b93ded<-28fad83d-bdd1-43c5-9066-2f84db181b78#0:FAIL-t28] and 0 exception(s); 9716ed81-e797-4622-8f9d-d0bad6b93ded@group-6F198EFDD6FC:t28, leader=null, voted=9716ed81-e797-4622-8f9d-d0bad6b93ded, raftlog=9716ed81-e797-4622-8f9d-d0bad6b93ded@group-6F198EFDD6FC-SegmentedRaftLog:OPENED:c-1,f-1,i0, conf=-1: [7f194c44-d326-466e-a2f3-1afa0b12311e:192.168.69.104:41593, 28fad83d-bdd1-43c5-9066-2f84db181b78:192.168.69.104:43518, 9716ed81-e797-4622-8f9d-d0bad6b93ded:192.168.69.104:37182], old=null
2019-10-16 05:54:11,438 [9716ed81-e797-4622-8f9d-d0bad6b93ded@group-6F198EFDD6FC-LeaderElection47] INFO  impl.RaftServerImpl (RaftServerImpl.java:setRole(184)) - 9716ed81-e797-4622-8f9d-d0bad6b93ded@group-6F198EFDD6FC: changes role from CANDIDATE to FOLLOWER at term 28 for DISCOVERED_A_NEW_TERM
2019-10-16 05:54:11,438 [9716ed81-e797-4622-8f9d-d0bad6b93ded@group-6F198EFDD6FC-LeaderElection47] INFO  impl.RoleInfo (RoleInfo.java:shutdownLeaderElection(134)) - 9716ed81-e797-4622-8f9d-d0bad6b93ded: shutdown LeaderElection
2019-10-16 05:54:11,438 [9716ed81-e797-4622-8f9d-d0bad6b93ded@group-6F198EFDD6FC-LeaderElection47] INFO  impl.RoleInfo (RoleInfo.java:updateAndGet(143)) - 9716ed81-e797-4622-8f9d-d0bad6b93ded: start FollowerState
2019-10-16 05:54:11,486 [Thread-670] INFO  impl.FollowerState (FollowerState.java:run(108)) - 9716ed81-e797-4622-8f9d-d0bad6b93ded@group-6F198EFDD6FC-FollowerState: change to CANDIDATE, lastRpcTime:47ms, electionTimeout:47ms
2019-10-16 05:54:11,486 [Thread-670] INFO  impl.RoleInfo (RoleInfo.java:shutdownFollowerState(121)) - 9716ed81-e797-4622-8f9d-d0bad6b93ded: shutdown FollowerState
2019-10-16 05:54:11,486 [Thread-670] INFO  impl.RaftServerImpl (RaftServerImpl.java:setRole(184)) - 9716ed81-e797-4622-8f9d-d0bad6b93ded@group-6F198EFDD6FC: changes role from  FOLLOWER to CANDIDATE at term 28 for changeToCandidate
2019-10-16 05:54:11,486 [Thread-670] INFO  impl.RoleInfo (RoleInfo.java:updateAndGet(143)) - 9716ed81-e797-4622-8f9d-d0bad6b93ded: start LeaderElection
2019-10-16 05:54:11,503 [9716ed81-e797-4622-8f9d-d0bad6b93ded@group-6F198EFDD6FC-LeaderElection48] INFO  impl.LeaderElection (LeaderElection.java:askForVotes(178)) - 9716ed81-e797-4622-8f9d-d0bad6b93ded@group-6F198EFDD6FC-LeaderElection48: begin an election at term 29 for -1: [7f194c44-d326-466e-a2f3-1afa0b12311e:192.168.69.104:41593, 28fad83d-bdd1-43c5-9066-2f84db181b78:192.168.69.104:43518, 9716ed81-e797-4622-8f9d-d0bad6b93ded:192.168.69.104:37182], old=null
2019-10-16 05:54:11,510 [grpc-default-executor-5] INFO  impl.RaftServerImpl (RaftServerImpl.java:setRole(184)) - 7f194c44-d326-466e-a2f3-1afa0b12311e@group-6F198EFDD6FC: changes role from  FOLLOWER to FOLLOWER at term 29 for recognizeCandidate:9716ed81-e797-4622-8f9d-d0bad6b93ded
2019-10-16 05:54:11,510 [grpc-default-executor-5] INFO  impl.RoleInfo (RoleInfo.java:shutdownFollowerState(121)) - 7f194c44-d326-466e-a2f3-1afa0b12311e: shutdown FollowerState
2019-10-16 05:54:11,510 [grpc-default-executor-5] INFO  impl.RoleInfo (RoleInfo.java:updateAndGet(143)) - 7f194c44-d326-466e-a2f3-1afa0b12311e: start FollowerState
2019-10-16 05:54:11,510 [Thread-669] INFO  impl.FollowerState (FollowerState.java:run(117)) - 7f194c44-d326-466e-a2f3-1afa0b12311e@group-6F198EFDD6FC-FollowerState was interrupted: java.lang.InterruptedException: sleep interrupted
2019-10-16 05:54:11,511 [grpc-default-executor-9] INFO  impl.RaftServerImpl (RaftServerImpl.java:setRole(184)) - 28fad83d-bdd1-43c5-9066-2f84db181b78@group-6F198EFDD6FC: changes role from  FOLLOWER to FOLLOWER at term 29 for recognizeCandidate:9716ed81-e797-4622-8f9d-d0bad6b93ded
2019-10-16 05:54:11,511 [grpc-default-executor-9] INFO  impl.RoleInfo (RoleInfo.java:shutdownFollowerState(121)) - 28fad83d-bdd1-43c5-9066-2f84db181b78: shutdown FollowerState
2019-10-16 05:54:11,511 [Thread-668] INFO  impl.FollowerState (FollowerState.java:run(117)) - 28fad83d-bdd1-43c5-9066-2f84db181b78@group-6F198EFDD6FC-FollowerState was interrupted: java.lang.InterruptedException: sleep interrupted
2019-10-16 05:54:11,511 [grpc-default-executor-9] INFO  impl.RoleInfo (RoleInfo.java:updateAndGet(143)) - 28fad83d-bdd1-43c5-9066-2f84db181b78: start FollowerState
2019-10-16 05:54:11,519 [9716ed81-e797-4622-8f9d-d0bad6b93ded@group-6F198EFDD6FC-LeaderElection48] INFO  impl.LeaderElection (LeaderElection.java:logAndReturn(56)) - 9716ed81-e797-4622-8f9d-d0bad6b93ded@group-6F198EFDD6FC-LeaderElection48: Election REJECTED; received 2 response(s) [9716ed81-e797-4622-8f9d-d0bad6b93ded<-7f194c44-d326-466e-a2f3-1afa0b12311e#0:FAIL-t29, 9716ed81-e797-4622-8f9d-d0bad6b93ded<-28fad83d-bdd1-43c5-9066-2f84db181b78#0:FAIL-t29] and 0 exception(s); 9716ed81-e797-4622-8f9d-d0bad6b93ded@group-6F198EFDD6FC:t29, leader=null, voted=9716ed81-e797-4622-8f9d-d0bad6b93ded, raftlog=9716ed81-e797-4622-8f9d-d0bad6b93ded@group-6F198EFDD6FC-SegmentedRaftLog:OPENED:c-1,f-1,i0, conf=-1: [7f194c44-d326-466e-a2f3-1afa0b12311e:192.168.69.104:41593, 28fad83d-bdd1-43c5-9066-2f84db181b78:192.168.69.104:43518, 9716ed81-e797-4622-8f9d-d0bad6b93ded:192.168.69.104:37182], old=null
2019-10-16 05:54:11,519 [9716ed81-e797-4622-8f9d-d0bad6b93ded@group-6F198EFDD6FC-LeaderElection48] INFO  impl.RaftServerImpl (RaftServerImpl.java:setRole(184)) - 9716ed81-e797-4622-8f9d-d0bad6b93ded@group-6F198EFDD6FC: changes role from CANDIDATE to FOLLOWER at term 29 for DISCOVERED_A_NEW_TERM
2019-10-16 05:54:11,520 [9716ed81-e797-4622-8f9d-d0bad6b93ded@group-6F198EFDD6FC-LeaderElection48] INFO  impl.RoleInfo (RoleInfo.java:shutdownLeaderElection(134)) - 9716ed81-e797-4622-8f9d-d0bad6b93ded: shutdown LeaderElection
2019-10-16 05:54:11,520 [9716ed81-e797-4622-8f9d-d0bad6b93ded@group-6F198EFDD6FC-LeaderElection48] INFO  impl.RoleInfo (RoleInfo.java:updateAndGet(143)) - 9716ed81-e797-4622-8f9d-d0bad6b93ded: start FollowerState
2019-10-16 05:54:11,665 [Thread-676] INFO  impl.FollowerState (FollowerState.java:run(108)) - 9716ed81-e797-4622-8f9d-d0bad6b93ded@group-6F198EFDD6FC-FollowerState: change to CANDIDATE, lastRpcTime:144ms, electionTimeout:144ms
2019-10-16 05:54:11,665 [Thread-676] INFO  impl.RoleInfo (RoleInfo.java:shutdownFollowerState(121)) - 9716ed81-e797-4622-8f9d-d0bad6b93ded: shutdown FollowerState
2019-10-16 05:54:11,665 [Thread-676] INFO  impl.RaftServerImpl (RaftServerImpl.java:setRole(184)) - 9716ed81-e797-4622-8f9d-d0bad6b93ded@group-6F198EFDD6FC: changes role from  FOLLOWER to CANDIDATE at term 29 for changeToCandidate
2019-10-16 05:54:11,665 [Thread-676] INFO  impl.RoleInfo (RoleInfo.java:updateAndGet(143)) - 9716ed81-e797-4622-8f9d-d0bad6b93ded: start LeaderElection
2019-10-16 05:54:11,777 [9716ed81-e797-4622-8f9d-d0bad6b93ded@group-6F198EFDD6FC-LeaderElection49] INFO  impl.LeaderElection (LeaderElection.java:askForVotes(178)) - 9716ed81-e797-4622-8f9d-d0bad6b93ded@group-6F198EFDD6FC-LeaderElection49: begin an election at term 30 for -1: [7f194c44-d326-466e-a2f3-1afa0b12311e:192.168.69.104:41593, 28fad83d-bdd1-43c5-9066-2f84db181b78:192.168.69.104:43518, 9716ed81-e797-4622-8f9d-d0bad6b93ded:192.168.69.104:37182], old=null
2019-10-16 05:54:11,787 [grpc-default-executor-9] INFO  impl.RaftServerImpl (RaftServerImpl.java:setRole(184)) - 7f194c44-d326-466e-a2f3-1afa0b12311e@group-6F198EFDD6FC: changes role from  FOLLOWER to FOLLOWER at term 30 for recognizeCandidate:9716ed81-e797-4622-8f9d-d0bad6b93ded
2019-10-16 05:54:11,787 [grpc-default-executor-9] INFO  impl.RoleInfo (RoleInfo.java:shutdownFollowerState(121)) - 7f194c44-d326-466e-a2f3-1afa0b12311e: shutdown FollowerState
2019-10-16 05:54:11,789 [grpc-default-executor-9] INFO  impl.RoleInfo (RoleInfo.java:updateAndGet(143)) - 7f194c44-d326-466e-a2f3-1afa0b12311e: start FollowerState
2019-10-16 05:54:11,789 [Thread-674] INFO  impl.FollowerState (FollowerState.java:run(117)) - 7f194c44-d326-466e-a2f3-1afa0b12311e@group-6F198EFDD6FC-FollowerState was interrupted: java.lang.InterruptedException: sleep interrupted
2019-10-16 05:54:11,792 [grpc-default-executor-11] INFO  impl.RaftServerImpl (RaftServerImpl.java:setRole(184)) - 28fad83d-bdd1-43c5-9066-2f84db181b78@group-6F198EFDD6FC: changes role from  FOLLOWER to FOLLOWER at term 30 for recognizeCandidate:9716ed81-e797-4622-8f9d-d0bad6b93ded
2019-10-16 05:54:11,792 [grpc-default-executor-11] INFO  impl.RoleInfo (RoleInfo.java:shutdownFollowerState(121)) - 28fad83d-bdd1-43c5-9066-2f84db181b78: shutdown FollowerState
2019-10-16 05:54:11,792 [Thread-675] INFO  impl.FollowerState (FollowerState.java:run(117)) - 28fad83d-bdd1-43c5-9066-2f84db181b78@group-6F198EFDD6FC-FollowerState was interrupted: java.lang.InterruptedException: sleep interrupted
2019-10-16 05:54:11,792 [grpc-default-executor-11] INFO  impl.RoleInfo (RoleInfo.java:updateAndGet(143)) - 28fad83d-bdd1-43c5-9066-2f84db181b78: start FollowerState
2019-10-16 05:54:11,857 [9716ed81-e797-4622-8f9d-d0bad6b93ded@group-6F198EFDD6FC-LeaderElection49] INFO  impl.LeaderElection (LeaderElection.java:logAndReturn(56)) - 9716ed81-e797-4622-8f9d-d0bad6b93ded@group-6F198EFDD6FC-LeaderElection49: Election TIMEOUT; received 0 response(s) [] and 0 exception(s); 9716ed81-e797-4622-8f9d-d0bad6b93ded@group-6F198EFDD6FC:t30, leader=null, voted=9716ed81-e797-4622-8f9d-d0bad6b93ded, raftlog=9716ed81-e797-4622-8f9d-d0bad6b93ded@group-6F198EFDD6FC-SegmentedRaftLog:OPENED:c-1,f-1,i0, conf=-1: [7f194c44-d326-466e-a2f3-1afa0b12311e:192.168.69.104:41593, 28fad83d-bdd1-43c5-9066-2f84db181b78:192.168.69.104:43518, 9716ed81-e797-4622-8f9d-d0bad6b93ded:192.168.69.104:37182], old=null
2019-10-16 05:54:11,905 [9716ed81-e797-4622-8f9d-d0bad6b93ded@group-6F198EFDD6FC-LeaderElection49] INFO  impl.LeaderElection (LeaderElection.java:askForVotes(178)) - 9716ed81-e797-4622-8f9d-d0bad6b93ded@group-6F198EFDD6FC-LeaderElection49: begin an election at term 31 for -1: [7f194c44-d326-466e-a2f3-1afa0b12311e:192.168.69.104:41593, 28fad83d-bdd1-43c5-9066-2f84db181b78:192.168.69.104:43518, 9716ed81-e797-4622-8f9d-d0bad6b93ded:192.168.69.104:37182], old=null
2019-10-16 05:54:11,910 [grpc-default-executor-9] INFO  impl.RaftServerImpl (RaftServerImpl.java:setRole(184)) - 7f194c44-d326-466e-a2f3-1afa0b12311e@group-6F198EFDD6FC: changes role from  FOLLOWER to FOLLOWER at term 31 for recognizeCandidate:9716ed81-e797-4622-8f9d-d0bad6b93ded
2019-10-16 05:54:11,910 [grpc-default-executor-9] INFO  impl.RoleInfo (RoleInfo.java:shutdownFollowerState(121)) - 7f194c44-d326-466e-a2f3-1afa0b12311e: shutdown FollowerState
2019-10-16 05:54:11,910 [Thread-690] INFO  impl.FollowerState (FollowerState.java:run(117)) - 7f194c44-d326-466e-a2f3-1afa0b12311e@group-6F198EFDD6FC-FollowerState was interrupted: java.lang.InterruptedException: sleep interrupted
2019-10-16 05:54:11,910 [grpc-default-executor-9] INFO  impl.RoleInfo (RoleInfo.java:updateAndGet(143)) - 7f194c44-d326-466e-a2f3-1afa0b12311e: start FollowerState
2019-10-16 05:54:11,910 [grpc-default-executor-11] INFO  impl.RaftServerImpl (RaftServerImpl.java:setRole(184)) - 28fad83d-bdd1-43c5-9066-2f84db181b78@group-6F198EFDD6FC: changes role from  FOLLOWER to FOLLOWER at term 31 for recognizeCandidate:9716ed81-e797-4622-8f9d-d0bad6b93ded
2019-10-16 05:54:11,910 [grpc-default-executor-11] INFO  impl.RoleInfo (RoleInfo.java:shutdownFollowerState(121)) - 28fad83d-bdd1-43c5-9066-2f84db181b78: shutdown FollowerState
2019-10-16 05:54:11,911 [Thread-692] INFO  impl.FollowerState (FollowerState.java:run(117)) - 28fad83d-bdd1-43c5-9066-2f84db181b78@group-6F198EFDD6FC-FollowerState was interrupted: java.lang.InterruptedException: sleep interrupted
2019-10-16 05:54:11,911 [grpc-default-executor-11] INFO  impl.RoleInfo (RoleInfo.java:updateAndGet(143)) - 28fad83d-bdd1-43c5-9066-2f84db181b78: start FollowerState
2019-10-16 05:54:11,939 [9716ed81-e797-4622-8f9d-d0bad6b93ded@group-6F198EFDD6FC-LeaderElection49] INFO  impl.LeaderElection (LeaderElection.java:logAndReturn(56)) - 9716ed81-e797-4622-8f9d-d0bad6b93ded@group-6F198EFDD6FC-LeaderElection49: Election TIMEOUT; received 0 response(s) [] and 0 exception(s); 9716ed81-e797-4622-8f9d-d0bad6b93ded@group-6F198EFDD6FC:t31, leader=null, voted=9716ed81-e797-4622-8f9d-d0bad6b93ded, raftlog=9716ed81-e797-4622-8f9d-d0bad6b93ded@group-6F198EFDD6FC-SegmentedRaftLog:OPENED:c-1,f-1,i0, conf=-1: [7f194c44-d326-466e-a2f3-1afa0b12311e:192.168.69.104:41593, 28fad83d-bdd1-43c5-9066-2f84db181b78:192.168.69.104:43518, 9716ed81-e797-4622-8f9d-d0bad6b93ded:192.168.69.104:37182], old=null
2019-10-16 05:54:11,953 [9716ed81-e797-4622-8f9d-d0bad6b93ded@group-6F198EFDD6FC-LeaderElection49] INFO  impl.LeaderElection (LeaderElection.java:askForVotes(178)) - 9716ed81-e797-4622-8f9d-d0bad6b93ded@group-6F198EFDD6FC-LeaderElection49: begin an election at term 32 for -1: [7f194c44-d326-466e-a2f3-1afa0b12311e:192.168.69.104:41593, 28fad83d-bdd1-43c5-9066-2f84db181b78:192.168.69.104:43518, 9716ed81-e797-4622-8f9d-d0bad6b93ded:192.168.69.104:37182], old=null
2019-10-16 05:54:11,958 [grpc-default-executor-9] INFO  impl.RaftServerImpl (RaftServerImpl.java:setRole(184)) - 7f194c44-d326-466e-a2f3-1afa0b12311e@group-6F198EFDD6FC: changes role from  FOLLOWER to FOLLOWER at term 32 for recognizeCandidate:9716ed81-e797-4622-8f9d-d0bad6b93ded
2019-10-16 05:54:11,958 [grpc-default-executor-9] INFO  impl.RoleInfo (RoleInfo.java:shutdownFollowerState(121)) - 7f194c44-d326-466e-a2f3-1afa0b12311e: shutdown FollowerState
2019-10-16 05:54:11,958 [grpc-default-executor-11] INFO  impl.RaftServerImpl (RaftServerImpl.java:setRole(184)) - 28fad83d-bdd1-43c5-9066-2f84db181b78@group-6F198EFDD6FC: changes role from  FOLLOWER to FOLLOWER at term 32 for recognizeCandidate:9716ed81-e797-4622-8f9d-d0bad6b93ded
2019-10-16 05:54:11,958 [grpc-default-executor-9] INFO  impl.RoleInfo (RoleInfo.java:updateAndGet(143)) - 7f194c44-d326-466e-a2f3-1afa0b12311e: start FollowerState
2019-10-16 05:54:11,958 [Thread-699] INFO  impl.FollowerState (FollowerState.java:run(117)) - 7f194c44-d326-466e-a2f3-1afa0b12311e@group-6F198EFDD6FC-FollowerState was interrupted: java.lang.InterruptedException: sleep interrupted
2019-10-16 05:54:11,958 [grpc-default-executor-11] INFO  impl.RoleInfo (RoleInfo.java:shutdownFollowerState(121)) - 28fad83d-bdd1-43c5-9066-2f84db181b78: shutdown FollowerState
2019-10-16 05:54:11,959 [Thread-700] INFO  impl.FollowerState (FollowerState.java:run(117)) - 28fad83d-bdd1-43c5-9066-2f84db181b78@group-6F198EFDD6FC-FollowerState was interrupted: java.lang.InterruptedException: sleep interrupted
2019-10-16 05:54:11,959 [grpc-default-executor-11] INFO  impl.RoleInfo (RoleInfo.java:updateAndGet(143)) - 28fad83d-bdd1-43c5-9066-2f84db181b78: start FollowerState
2019-10-16 05:54:11,968 [9716ed81-e797-4622-8f9d-d0bad6b93ded@group-6F198EFDD6FC-LeaderElection49] INFO  impl.LeaderElection (LeaderElection.java:logAndReturn(56)) - 9716ed81-e797-4622-8f9d-d0bad6b93ded@group-6F198EFDD6FC-LeaderElection49: Election REJECTED; received 2 response(s) [9716ed81-e797-4622-8f9d-d0bad6b93ded<-28fad83d-bdd1-43c5-9066-2f84db181b78#0:FAIL-t32, 9716ed81-e797-4622-8f9d-d0bad6b93ded<-7f194c44-d326-466e-a2f3-1afa0b12311e#0:FAIL-t32] and 0 exception(s); 9716ed81-e797-4622-8f9d-d0bad6b93ded@group-6F198EFDD6FC:t32, leader=null, voted=9716ed81-e797-4622-8f9d-d0bad6b93ded, raftlog=9716ed81-e797-4622-8f9d-d0bad6b93ded@group-6F198EFDD6FC-SegmentedRaftLog:OPENED:c-1,f-1,i0, conf=-1: [7f194c44-d326-466e-a2f3-1afa0b12311e:192.168.69.104:41593, 28fad83d-bdd1-43c5-9066-2f84db181b78:192.168.69.104:43518, 9716ed81-e797-4622-8f9d-d0bad6b93ded:192.168.69.104:37182], old=null
2019-10-16 05:54:11,968 [9716ed81-e797-4622-8f9d-d0bad6b93ded@group-6F198EFDD6FC-LeaderElection49] INFO  impl.RaftServerImpl (RaftServerImpl.java:setRole(184)) - 9716ed81-e797-4622-8f9d-d0bad6b93ded@group-6F198EFDD6FC: changes role from CANDIDATE to FOLLOWER at term 32 for DISCOVERED_A_NEW_TERM
2019-10-16 05:54:11,968 [9716ed81-e797-4622-8f9d-d0bad6b93ded@group-6F198EFDD6FC-LeaderElection49] INFO  impl.RoleInfo (RoleInfo.java:shutdownLeaderElection(134)) - 9716ed81-e797-4622-8f9d-d0bad6b93ded: shutdown LeaderElection
2019-10-16 05:54:11,968 [9716ed81-e797-4622-8f9d-d0bad6b93ded@group-6F198EFDD6FC-LeaderElection49] INFO  impl.RoleInfo (RoleInfo.java:updateAndGet(143)) - 9716ed81-e797-4622-8f9d-d0bad6b93ded: start FollowerState
2019-10-16 05:54:12,010 [IPC Server handler 0 on 35571] ERROR lock.LockManager (LockManager.java:getLockForReleasing(218)) - Trying to release the lock on /5e19beb4-1e5b-4672-887c-86432b5ec162/85008ab6-9fe7-4ca0-b0c9-665056c8be02, which was never acquired.
2019-10-16 05:54:12,012 [IPC Server handler 0 on 35571] WARN  ipc.Server (Server.java:logException(2724)) - IPC Server handler 0 on 35571, call Call#82 Retry#0 org.apache.hadoop.ozone.om.protocol.OzoneManagerProtocol.submitRequest from 127.0.0.1:35740
java.lang.IllegalMonitorStateException: Releasing lock on resource /5e19beb4-1e5b-4672-887c-86432b5ec162/85008ab6-9fe7-4ca0-b0c9-665056c8be02 without acquiring lock
	at org.apache.hadoop.ozone.lock.LockManager.getLockForReleasing(LockManager.java:220)
	at org.apache.hadoop.ozone.lock.LockManager.release(LockManager.java:168)
	at org.apache.hadoop.ozone.lock.LockManager.writeUnlock(LockManager.java:148)
	at org.apache.hadoop.ozone.om.lock.OzoneManagerLock.unlock(OzoneManagerLock.java:364)
	at org.apache.hadoop.ozone.om.lock.OzoneManagerLock.releaseWriteLock(OzoneManagerLock.java:329)
	at org.apache.hadoop.ozone.om.request.key.OMKeyCommitRequest.validateAndUpdateCache(OMKeyCommitRequest.java:177)
	at org.apache.hadoop.ozone.protocolPB.OzoneManagerProtocolServerSideTranslatorPB.submitRequestDirectlyToOM(OzoneManagerProtocolServerSideTranslatorPB.java:219)
	at org.apache.hadoop.ozone.protocolPB.OzoneManagerProtocolServerSideTranslatorPB.processRequest(OzoneManagerProtocolServerSideTranslatorPB.java:134)
	at org.apache.hadoop.hdds.server.OzoneProtocolMessageDispatcher.processRequest(OzoneProtocolMessageDispatcher.java:72)
	at org.apache.hadoop.ozone.protocolPB.OzoneManagerProtocolServerSideTranslatorPB.submitRequest(OzoneManagerProtocolServerSideTranslatorPB.java:100)
	at org.apache.hadoop.ozone.protocol.proto.OzoneManagerProtocolProtos$OzoneManagerService$2.callBlockingMethod(OzoneManagerProtocolProtos.java)
	at org.apache.hadoop.ipc.ProtobufRpcEngine$Server$ProtoBufRpcInvoker.call(ProtobufRpcEngine.java:524)
	at org.apache.hadoop.ipc.RPC$Server.call(RPC.java:1025)
	at org.apache.hadoop.ipc.Server$RpcCall.run(Server.java:876)
	at org.apache.hadoop.ipc.Server$RpcCall.run(Server.java:822)
	at java.security.AccessController.doPrivileged(Native Method)
	at javax.security.auth.Subject.doAs(Subject.java:422)
	at org.apache.hadoop.security.UserGroupInformation.doAs(UserGroupInformation.java:1730)
	at org.apache.hadoop.ipc.Server$Handler.run(Server.java:2682)
2019-10-16 05:54:12,020 [main] INFO  retry.RetryInvocationHandler (RetryInvocationHandler.java:log(411)) - com.google.protobuf.ServiceException: org.apache.hadoop.ipc.RemoteException(java.lang.IllegalMonitorStateException): Releasing lock on resource /5e19beb4-1e5b-4672-887c-86432b5ec162/85008ab6-9fe7-4ca0-b0c9-665056c8be02 without acquiring lock
	at org.apache.hadoop.ozone.lock.LockManager.getLockForReleasing(LockManager.java:220)
	at org.apache.hadoop.ozone.lock.LockManager.release(LockManager.java:168)
	at org.apache.hadoop.ozone.lock.LockManager.writeUnlock(LockManager.java:148)
	at org.apache.hadoop.ozone.om.lock.OzoneManagerLock.unlock(OzoneManagerLock.java:364)
	at org.apache.hadoop.ozone.om.lock.OzoneManagerLock.releaseWriteLock(OzoneManagerLock.java:329)
	at org.apache.hadoop.ozone.om.request.key.OMKeyCommitRequest.validateAndUpdateCache(OMKeyCommitRequest.java:177)
	at org.apache.hadoop.ozone.protocolPB.OzoneManagerProtocolServerSideTranslatorPB.submitRequestDirectlyToOM(OzoneManagerProtocolServerSideTranslatorPB.java:219)
	at org.apache.hadoop.ozone.protocolPB.OzoneManagerProtocolServerSideTranslatorPB.processRequest(OzoneManagerProtocolServerSideTranslatorPB.java:134)
	at org.apache.hadoop.hdds.server.OzoneProtocolMessageDispatcher.processRequest(OzoneProtocolMessageDispatcher.java:72)
	at org.apache.hadoop.ozone.protocolPB.OzoneManagerProtocolServerSideTranslatorPB.submitRequest(OzoneManagerProtocolServerSideTranslatorPB.java:100)
	at org.apache.hadoop.ozone.protocol.proto.OzoneManagerProtocolProtos$OzoneManagerService$2.callBlockingMethod(OzoneManagerProtocolProtos.java)
	at org.apache.hadoop.ipc.ProtobufRpcEngine$Server$ProtoBufRpcInvoker.call(ProtobufRpcEngine.java:524)
	at org.apache.hadoop.ipc.RPC$Server.call(RPC.java:1025)
	at org.apache.hadoop.ipc.Server$RpcCall.run(Server.java:876)
	at org.apache.hadoop.ipc.Server$RpcCall.run(Server.java:822)
	at java.security.AccessController.doPrivileged(Native Method)
	at javax.security.auth.Subject.doAs(Subject.java:422)
	at org.apache.hadoop.security.UserGroupInformation.doAs(UserGroupInformation.java:1730)
	at org.apache.hadoop.ipc.Server$Handler.run(Server.java:2682)
, while invoking $Proxy37.submitRequest over nodeId=null,nodeAddress=localhost:35571. Trying to failover immediately.
2019-10-16 05:54:12,033 [IPC Server handler 19 on 35571] ERROR lock.LockManager (LockManager.java:getLockForReleasing(218)) - Trying to release the lock on /5e19beb4-1e5b-4672-887c-86432b5ec162/85008ab6-9fe7-4ca0-b0c9-665056c8be02, which was never acquired.
2019-10-16 05:54:12,033 [IPC Server handler 19 on 35571] WARN  ipc.Server (Server.java:logException(2724)) - IPC Server handler 19 on 35571, call Call#82 Retry#1 org.apache.hadoop.ozone.om.protocol.OzoneManagerProtocol.submitRequest from 127.0.0.1:35740
java.lang.IllegalMonitorStateException: Releasing lock on resource /5e19beb4-1e5b-4672-887c-86432b5ec162/85008ab6-9fe7-4ca0-b0c9-665056c8be02 without acquiring lock
	at org.apache.hadoop.ozone.lock.LockManager.getLockForReleasing(LockManager.java:220)
	at org.apache.hadoop.ozone.lock.LockManager.release(LockManager.java:168)
	at org.apache.hadoop.ozone.lock.LockManager.writeUnlock(LockManager.java:148)
	at org.apache.hadoop.ozone.om.lock.OzoneManagerLock.unlock(OzoneManagerLock.java:364)
	at org.apache.hadoop.ozone.om.lock.OzoneManagerLock.releaseWriteLock(OzoneManagerLock.java:329)
	at org.apache.hadoop.ozone.om.request.key.OMKeyCommitRequest.validateAndUpdateCache(OMKeyCommitRequest.java:177)
	at org.apache.hadoop.ozone.protocolPB.OzoneManagerProtocolServerSideTranslatorPB.submitRequestDirectlyToOM(OzoneManagerProtocolServerSideTranslatorPB.java:219)
	at org.apache.hadoop.ozone.protocolPB.OzoneManagerProtocolServerSideTranslatorPB.processRequest(OzoneManagerProtocolServerSideTranslatorPB.java:134)
	at org.apache.hadoop.hdds.server.OzoneProtocolMessageDispatcher.processRequest(OzoneProtocolMessageDispatcher.java:72)
	at org.apache.hadoop.ozone.protocolPB.OzoneManagerProtocolServerSideTranslatorPB.submitRequest(OzoneManagerProtocolServerSideTranslatorPB.java:100)
	at org.apache.hadoop.ozone.protocol.proto.OzoneManagerProtocolProtos$OzoneManagerService$2.callBlockingMethod(OzoneManagerProtocolProtos.java)
	at org.apache.hadoop.ipc.ProtobufRpcEngine$Server$ProtoBufRpcInvoker.call(ProtobufRpcEngine.java:524)
	at org.apache.hadoop.ipc.RPC$Server.call(RPC.java:1025)
	at org.apache.hadoop.ipc.Server$RpcCall.run(Server.java:876)
	at org.apache.hadoop.ipc.Server$RpcCall.run(Server.java:822)
	at java.security.AccessController.doPrivileged(Native Method)
	at javax.security.auth.Subject.doAs(Subject.java:422)
	at org.apache.hadoop.security.UserGroupInformation.doAs(UserGroupInformation.java:1730)
	at org.apache.hadoop.ipc.Server$Handler.run(Server.java:2682)
2019-10-16 05:54:12,036 [main] INFO  retry.RetryInvocationHandler (RetryInvocationHandler.java:log(411)) - com.google.protobuf.ServiceException: org.apache.hadoop.ipc.RemoteException(java.lang.IllegalMonitorStateException): Releasing lock on resource /5e19beb4-1e5b-4672-887c-86432b5ec162/85008ab6-9fe7-4ca0-b0c9-665056c8be02 without acquiring lock
	at org.apache.hadoop.ozone.lock.LockManager.getLockForReleasing(LockManager.java:220)
	at org.apache.hadoop.ozone.lock.LockManager.release(LockManager.java:168)
	at org.apache.hadoop.ozone.lock.LockManager.writeUnlock(LockManager.java:148)
	at org.apache.hadoop.ozone.om.lock.OzoneManagerLock.unlock(OzoneManagerLock.java:364)
	at org.apache.hadoop.ozone.om.lock.OzoneManagerLock.releaseWriteLock(OzoneManagerLock.java:329)
	at org.apache.hadoop.ozone.om.request.key.OMKeyCommitRequest.validateAndUpdateCache(OMKeyCommitRequest.java:177)
	at org.apache.hadoop.ozone.protocolPB.OzoneManagerProtocolServerSideTranslatorPB.submitRequestDirectlyToOM(OzoneManagerProtocolServerSideTranslatorPB.java:219)
	at org.apache.hadoop.ozone.protocolPB.OzoneManagerProtocolServerSideTranslatorPB.processRequest(OzoneManagerProtocolServerSideTranslatorPB.java:134)
	at org.apache.hadoop.hdds.server.OzoneProtocolMessageDispatcher.processRequest(OzoneProtocolMessageDispatcher.java:72)
	at org.apache.hadoop.ozone.protocolPB.OzoneManagerProtocolServerSideTranslatorPB.submitRequest(OzoneManagerProtocolServerSideTranslatorPB.java:100)
	at org.apache.hadoop.ozone.protocol.proto.OzoneManagerProtocolProtos$OzoneManagerService$2.callBlockingMethod(OzoneManagerProtocolProtos.java)
	at org.apache.hadoop.ipc.ProtobufRpcEngine$Server$ProtoBufRpcInvoker.call(ProtobufRpcEngine.java:524)
	at org.apache.hadoop.ipc.RPC$Server.call(RPC.java:1025)
	at org.apache.hadoop.ipc.Server$RpcCall.run(Server.java:876)
	at org.apache.hadoop.ipc.Server$RpcCall.run(Server.java:822)
	at java.security.AccessController.doPrivileged(Native Method)
	at javax.security.auth.Subject.doAs(Subject.java:422)
	at org.apache.hadoop.security.UserGroupInformation.doAs(UserGroupInformation.java:1730)
	at org.apache.hadoop.ipc.Server$Handler.run(Server.java:2682)
, while invoking $Proxy37.submitRequest over nodeId=null,nodeAddress=localhost:35571 after 1 failover attempts. Trying to failover immediately.
2019-10-16 05:54:12,043 [IPC Server handler 14 on 35571] ERROR lock.LockManager (LockManager.java:getLockForReleasing(218)) - Trying to release the lock on /5e19beb4-1e5b-4672-887c-86432b5ec162/85008ab6-9fe7-4ca0-b0c9-665056c8be02, which was never acquired.
2019-10-16 05:54:12,044 [IPC Server handler 14 on 35571] WARN  ipc.Server (Server.java:logException(2724)) - IPC Server handler 14 on 35571, call Call#82 Retry#2 org.apache.hadoop.ozone.om.protocol.OzoneManagerProtocol.submitRequest from 127.0.0.1:35740
java.lang.IllegalMonitorStateException: Releasing lock on resource /5e19beb4-1e5b-4672-887c-86432b5ec162/85008ab6-9fe7-4ca0-b0c9-665056c8be02 without acquiring lock
	at org.apache.hadoop.ozone.lock.LockManager.getLockForReleasing(LockManager.java:220)
	at org.apache.hadoop.ozone.lock.LockManager.release(LockManager.java:168)
	at org.apache.hadoop.ozone.lock.LockManager.writeUnlock(LockManager.java:148)
	at org.apache.hadoop.ozone.om.lock.OzoneManagerLock.unlock(OzoneManagerLock.java:364)
	at org.apache.hadoop.ozone.om.lock.OzoneManagerLock.releaseWriteLock(OzoneManagerLock.java:329)
	at org.apache.hadoop.ozone.om.request.key.OMKeyCommitRequest.validateAndUpdateCache(OMKeyCommitRequest.java:177)
	at org.apache.hadoop.ozone.protocolPB.OzoneManagerProtocolServerSideTranslatorPB.submitRequestDirectlyToOM(OzoneManagerProtocolServerSideTranslatorPB.java:219)
	at org.apache.hadoop.ozone.protocolPB.OzoneManagerProtocolServerSideTranslatorPB.processRequest(OzoneManagerProtocolServerSideTranslatorPB.java:134)
	at org.apache.hadoop.hdds.server.OzoneProtocolMessageDispatcher.processRequest(OzoneProtocolMessageDispatcher.java:72)
	at org.apache.hadoop.ozone.protocolPB.OzoneManagerProtocolServerSideTranslatorPB.submitRequest(OzoneManagerProtocolServerSideTranslatorPB.java:100)
	at org.apache.hadoop.ozone.protocol.proto.OzoneManagerProtocolProtos$OzoneManagerService$2.callBlockingMethod(OzoneManagerProtocolProtos.java)
	at org.apache.hadoop.ipc.ProtobufRpcEngine$Server$ProtoBufRpcInvoker.call(ProtobufRpcEngine.java:524)
	at org.apache.hadoop.ipc.RPC$Server.call(RPC.java:1025)
	at org.apache.hadoop.ipc.Server$RpcCall.run(Server.java:876)
	at org.apache.hadoop.ipc.Server$RpcCall.run(Server.java:822)
	at java.security.AccessController.doPrivileged(Native Method)
	at javax.security.auth.Subject.doAs(Subject.java:422)
	at org.apache.hadoop.security.UserGroupInformation.doAs(UserGroupInformation.java:1730)
	at org.apache.hadoop.ipc.Server$Handler.run(Server.java:2682)
2019-10-16 05:54:12,046 [main] INFO  retry.RetryInvocationHandler (RetryInvocationHandler.java:log(411)) - com.google.protobuf.ServiceException: org.apache.hadoop.ipc.RemoteException(java.lang.IllegalMonitorStateException): Releasing lock on resource /5e19beb4-1e5b-4672-887c-86432b5ec162/85008ab6-9fe7-4ca0-b0c9-665056c8be02 without acquiring lock
	at org.apache.hadoop.ozone.lock.LockManager.getLockForReleasing(LockManager.java:220)
	at org.apache.hadoop.ozone.lock.LockManager.release(LockManager.java:168)
	at org.apache.hadoop.ozone.lock.LockManager.writeUnlock(LockManager.java:148)
	at org.apache.hadoop.ozone.om.lock.OzoneManagerLock.unlock(OzoneManagerLock.java:364)
	at org.apache.hadoop.ozone.om.lock.OzoneManagerLock.releaseWriteLock(OzoneManagerLock.java:329)
	at org.apache.hadoop.ozone.om.request.key.OMKeyCommitRequest.validateAndUpdateCache(OMKeyCommitRequest.java:177)
	at org.apache.hadoop.ozone.protocolPB.OzoneManagerProtocolServerSideTranslatorPB.submitRequestDirectlyToOM(OzoneManagerProtocolServerSideTranslatorPB.java:219)
	at org.apache.hadoop.ozone.protocolPB.OzoneManagerProtocolServerSideTranslatorPB.processRequest(OzoneManagerProtocolServerSideTranslatorPB.java:134)
	at org.apache.hadoop.hdds.server.OzoneProtocolMessageDispatcher.processRequest(OzoneProtocolMessageDispatcher.java:72)
	at org.apache.hadoop.ozone.protocolPB.OzoneManagerProtocolServerSideTranslatorPB.submitRequest(OzoneManagerProtocolServerSideTranslatorPB.java:100)
	at org.apache.hadoop.ozone.protocol.proto.OzoneManagerProtocolProtos$OzoneManagerService$2.callBlockingMethod(OzoneManagerProtocolProtos.java)
	at org.apache.hadoop.ipc.ProtobufRpcEngine$Server$ProtoBufRpcInvoker.call(ProtobufRpcEngine.java:524)
	at org.apache.hadoop.ipc.RPC$Server.call(RPC.java:1025)
	at org.apache.hadoop.ipc.Server$RpcCall.run(Server.java:876)
	at org.apache.hadoop.ipc.Server$RpcCall.run(Server.java:822)
	at java.security.AccessController.doPrivileged(Native Method)
	at javax.security.auth.Subject.doAs(Subject.java:422)
	at org.apache.hadoop.security.UserGroupInformation.doAs(UserGroupInformation.java:1730)
	at org.apache.hadoop.ipc.Server$Handler.run(Server.java:2682)
, while invoking $Proxy37.submitRequest over nodeId=null,nodeAddress=localhost:35571 after 2 failover attempts. Trying to failover immediately.
2019-10-16 05:54:12,049 [IPC Server handler 12 on 35571] ERROR lock.LockManager (LockManager.java:getLockForReleasing(218)) - Trying to release the lock on /5e19beb4-1e5b-4672-887c-86432b5ec162/85008ab6-9fe7-4ca0-b0c9-665056c8be02, which was never acquired.
2019-10-16 05:54:12,050 [IPC Server handler 12 on 35571] WARN  ipc.Server (Server.java:logException(2724)) - IPC Server handler 12 on 35571, call Call#82 Retry#3 org.apache.hadoop.ozone.om.protocol.OzoneManagerProtocol.submitRequest from 127.0.0.1:35740
java.lang.IllegalMonitorStateException: Releasing lock on resource /5e19beb4-1e5b-4672-887c-86432b5ec162/85008ab6-9fe7-4ca0-b0c9-665056c8be02 without acquiring lock
	at org.apache.hadoop.ozone.lock.LockManager.getLockForReleasing(LockManager.java:220)
	at org.apache.hadoop.ozone.lock.LockManager.release(LockManager.java:168)
	at org.apache.hadoop.ozone.lock.LockManager.writeUnlock(LockManager.java:148)
	at org.apache.hadoop.ozone.om.lock.OzoneManagerLock.unlock(OzoneManagerLock.java:364)
	at org.apache.hadoop.ozone.om.lock.OzoneManagerLock.releaseWriteLock(OzoneManagerLock.java:329)
	at org.apache.hadoop.ozone.om.request.key.OMKeyCommitRequest.validateAndUpdateCache(OMKeyCommitRequest.java:177)
	at org.apache.hadoop.ozone.protocolPB.OzoneManagerProtocolServerSideTranslatorPB.submitRequestDirectlyToOM(OzoneManagerProtocolServerSideTranslatorPB.java:219)
	at org.apache.hadoop.ozone.protocolPB.OzoneManagerProtocolServerSideTranslatorPB.processRequest(OzoneManagerProtocolServerSideTranslatorPB.java:134)
	at org.apache.hadoop.hdds.server.OzoneProtocolMessageDispatcher.processRequest(OzoneProtocolMessageDispatcher.java:72)
	at org.apache.hadoop.ozone.protocolPB.OzoneManagerProtocolServerSideTranslatorPB.submitRequest(OzoneManagerProtocolServerSideTranslatorPB.java:100)
	at org.apache.hadoop.ozone.protocol.proto.OzoneManagerProtocolProtos$OzoneManagerService$2.callBlockingMethod(OzoneManagerProtocolProtos.java)
	at org.apache.hadoop.ipc.ProtobufRpcEngine$Server$ProtoBufRpcInvoker.call(ProtobufRpcEngine.java:524)
	at org.apache.hadoop.ipc.RPC$Server.call(RPC.java:1025)
	at org.apache.hadoop.ipc.Server$RpcCall.run(Server.java:876)
	at org.apache.hadoop.ipc.Server$RpcCall.run(Server.java:822)
	at java.security.AccessController.doPrivileged(Native Method)
	at javax.security.auth.Subject.doAs(Subject.java:422)
	at org.apache.hadoop.security.UserGroupInformation.doAs(UserGroupInformation.java:1730)
	at org.apache.hadoop.ipc.Server$Handler.run(Server.java:2682)
2019-10-16 05:54:12,052 [main] INFO  retry.RetryInvocationHandler (RetryInvocationHandler.java:log(411)) - com.google.protobuf.ServiceException: org.apache.hadoop.ipc.RemoteException(java.lang.IllegalMonitorStateException): Releasing lock on resource /5e19beb4-1e5b-4672-887c-86432b5ec162/85008ab6-9fe7-4ca0-b0c9-665056c8be02 without acquiring lock
	at org.apache.hadoop.ozone.lock.LockManager.getLockForReleasing(LockManager.java:220)
	at org.apache.hadoop.ozone.lock.LockManager.release(LockManager.java:168)
	at org.apache.hadoop.ozone.lock.LockManager.writeUnlock(LockManager.java:148)
	at org.apache.hadoop.ozone.om.lock.OzoneManagerLock.unlock(OzoneManagerLock.java:364)
	at org.apache.hadoop.ozone.om.lock.OzoneManagerLock.releaseWriteLock(OzoneManagerLock.java:329)
	at org.apache.hadoop.ozone.om.request.key.OMKeyCommitRequest.validateAndUpdateCache(OMKeyCommitRequest.java:177)
	at org.apache.hadoop.ozone.protocolPB.OzoneManagerProtocolServerSideTranslatorPB.submitRequestDirectlyToOM(OzoneManagerProtocolServerSideTranslatorPB.java:219)
	at org.apache.hadoop.ozone.protocolPB.OzoneManagerProtocolServerSideTranslatorPB.processRequest(OzoneManagerProtocolServerSideTranslatorPB.java:134)
	at org.apache.hadoop.hdds.server.OzoneProtocolMessageDispatcher.processRequest(OzoneProtocolMessageDispatcher.java:72)
	at org.apache.hadoop.ozone.protocolPB.OzoneManagerProtocolServerSideTranslatorPB.submitRequest(OzoneManagerProtocolServerSideTranslatorPB.java:100)
	at org.apache.hadoop.ozone.protocol.proto.OzoneManagerProtocolProtos$OzoneManagerService$2.callBlockingMethod(OzoneManagerProtocolProtos.java)
	at org.apache.hadoop.ipc.ProtobufRpcEngine$Server$ProtoBufRpcInvoker.call(ProtobufRpcEngine.java:524)
	at org.apache.hadoop.ipc.RPC$Server.call(RPC.java:1025)
	at org.apache.hadoop.ipc.Server$RpcCall.run(Server.java:876)
	at org.apache.hadoop.ipc.Server$RpcCall.run(Server.java:822)
	at java.security.AccessController.doPrivileged(Native Method)
	at javax.security.auth.Subject.doAs(Subject.java:422)
	at org.apache.hadoop.security.UserGroupInformation.doAs(UserGroupInformation.java:1730)
	at org.apache.hadoop.ipc.Server$Handler.run(Server.java:2682)
, while invoking $Proxy37.submitRequest over nodeId=null,nodeAddress=localhost:35571 after 3 failover attempts. Trying to failover immediately.
2019-10-16 05:54:12,055 [IPC Server handler 4 on 35571] ERROR lock.LockManager (LockManager.java:getLockForReleasing(218)) - Trying to release the lock on /5e19beb4-1e5b-4672-887c-86432b5ec162/85008ab6-9fe7-4ca0-b0c9-665056c8be02, which was never acquired.
2019-10-16 05:54:12,056 [IPC Server handler 4 on 35571] WARN  ipc.Server (Server.java:logException(2724)) - IPC Server handler 4 on 35571, call Call#82 Retry#4 org.apache.hadoop.ozone.om.protocol.OzoneManagerProtocol.submitRequest from 127.0.0.1:35740
java.lang.IllegalMonitorStateException: Releasing lock on resource /5e19beb4-1e5b-4672-887c-86432b5ec162/85008ab6-9fe7-4ca0-b0c9-665056c8be02 without acquiring lock
	at org.apache.hadoop.ozone.lock.LockManager.getLockForReleasing(LockManager.java:220)
	at org.apache.hadoop.ozone.lock.LockManager.release(LockManager.java:168)
	at org.apache.hadoop.ozone.lock.LockManager.writeUnlock(LockManager.java:148)
	at org.apache.hadoop.ozone.om.lock.OzoneManagerLock.unlock(OzoneManagerLock.java:364)
	at org.apache.hadoop.ozone.om.lock.OzoneManagerLock.releaseWriteLock(OzoneManagerLock.java:329)
	at org.apache.hadoop.ozone.om.request.key.OMKeyCommitRequest.validateAndUpdateCache(OMKeyCommitRequest.java:177)
	at org.apache.hadoop.ozone.protocolPB.OzoneManagerProtocolServerSideTranslatorPB.submitRequestDirectlyToOM(OzoneManagerProtocolServerSideTranslatorPB.java:219)
	at org.apache.hadoop.ozone.protocolPB.OzoneManagerProtocolServerSideTranslatorPB.processRequest(OzoneManagerProtocolServerSideTranslatorPB.java:134)
	at org.apache.hadoop.hdds.server.OzoneProtocolMessageDispatcher.processRequest(OzoneProtocolMessageDispatcher.java:72)
	at org.apache.hadoop.ozone.protocolPB.OzoneManagerProtocolServerSideTranslatorPB.submitRequest(OzoneManagerProtocolServerSideTranslatorPB.java:100)
	at org.apache.hadoop.ozone.protocol.proto.OzoneManagerProtocolProtos$OzoneManagerService$2.callBlockingMethod(OzoneManagerProtocolProtos.java)
	at org.apache.hadoop.ipc.ProtobufRpcEngine$Server$ProtoBufRpcInvoker.call(ProtobufRpcEngine.java:524)
	at org.apache.hadoop.ipc.RPC$Server.call(RPC.java:1025)
	at org.apache.hadoop.ipc.Server$RpcCall.run(Server.java:876)
	at org.apache.hadoop.ipc.Server$RpcCall.run(Server.java:822)
	at java.security.AccessController.doPrivileged(Native Method)
	at javax.security.auth.Subject.doAs(Subject.java:422)
	at org.apache.hadoop.security.UserGroupInformation.doAs(UserGroupInformation.java:1730)
	at org.apache.hadoop.ipc.Server$Handler.run(Server.java:2682)
2019-10-16 05:54:12,058 [main] INFO  retry.RetryInvocationHandler (RetryInvocationHandler.java:log(411)) - com.google.protobuf.ServiceException: org.apache.hadoop.ipc.RemoteException(java.lang.IllegalMonitorStateException): Releasing lock on resource /5e19beb4-1e5b-4672-887c-86432b5ec162/85008ab6-9fe7-4ca0-b0c9-665056c8be02 without acquiring lock
	at org.apache.hadoop.ozone.lock.LockManager.getLockForReleasing(LockManager.java:220)
	at org.apache.hadoop.ozone.lock.LockManager.release(LockManager.java:168)
	at org.apache.hadoop.ozone.lock.LockManager.writeUnlock(LockManager.java:148)
	at org.apache.hadoop.ozone.om.lock.OzoneManagerLock.unlock(OzoneManagerLock.java:364)
	at org.apache.hadoop.ozone.om.lock.OzoneManagerLock.releaseWriteLock(OzoneManagerLock.java:329)
	at org.apache.hadoop.ozone.om.request.key.OMKeyCommitRequest.validateAndUpdateCache(OMKeyCommitRequest.java:177)
	at org.apache.hadoop.ozone.protocolPB.OzoneManagerProtocolServerSideTranslatorPB.submitRequestDirectlyToOM(OzoneManagerProtocolServerSideTranslatorPB.java:219)
	at org.apache.hadoop.ozone.protocolPB.OzoneManagerProtocolServerSideTranslatorPB.processRequest(OzoneManagerProtocolServerSideTranslatorPB.java:134)
	at org.apache.hadoop.hdds.server.OzoneProtocolMessageDispatcher.processRequest(OzoneProtocolMessageDispatcher.java:72)
	at org.apache.hadoop.ozone.protocolPB.OzoneManagerProtocolServerSideTranslatorPB.submitRequest(OzoneManagerProtocolServerSideTranslatorPB.java:100)
	at org.apache.hadoop.ozone.protocol.proto.OzoneManagerProtocolProtos$OzoneManagerService$2.callBlockingMethod(OzoneManagerProtocolProtos.java)
	at org.apache.hadoop.ipc.ProtobufRpcEngine$Server$ProtoBufRpcInvoker.call(ProtobufRpcEngine.java:524)
	at org.apache.hadoop.ipc.RPC$Server.call(RPC.java:1025)
	at org.apache.hadoop.ipc.Server$RpcCall.run(Server.java:876)
	at org.apache.hadoop.ipc.Server$RpcCall.run(Server.java:822)
	at java.security.AccessController.doPrivileged(Native Method)
	at javax.security.auth.Subject.doAs(Subject.java:422)
	at org.apache.hadoop.security.UserGroupInformation.doAs(UserGroupInformation.java:1730)
	at org.apache.hadoop.ipc.Server$Handler.run(Server.java:2682)
, while invoking $Proxy37.submitRequest over nodeId=null,nodeAddress=localhost:35571 after 4 failover attempts. Trying to failover immediately.
2019-10-16 05:54:12,061 [IPC Server handler 10 on 35571] ERROR lock.LockManager (LockManager.java:getLockForReleasing(218)) - Trying to release the lock on /5e19beb4-1e5b-4672-887c-86432b5ec162/85008ab6-9fe7-4ca0-b0c9-665056c8be02, which was never acquired.
2019-10-16 05:54:12,062 [IPC Server handler 10 on 35571] WARN  ipc.Server (Server.java:logException(2724)) - IPC Server handler 10 on 35571, call Call#82 Retry#5 org.apache.hadoop.ozone.om.protocol.OzoneManagerProtocol.submitRequest from 127.0.0.1:35740
java.lang.IllegalMonitorStateException: Releasing lock on resource /5e19beb4-1e5b-4672-887c-86432b5ec162/85008ab6-9fe7-4ca0-b0c9-665056c8be02 without acquiring lock
	at org.apache.hadoop.ozone.lock.LockManager.getLockForReleasing(LockManager.java:220)
	at org.apache.hadoop.ozone.lock.LockManager.release(LockManager.java:168)
	at org.apache.hadoop.ozone.lock.LockManager.writeUnlock(LockManager.java:148)
	at org.apache.hadoop.ozone.om.lock.OzoneManagerLock.unlock(OzoneManagerLock.java:364)
	at org.apache.hadoop.ozone.om.lock.OzoneManagerLock.releaseWriteLock(OzoneManagerLock.java:329)
	at org.apache.hadoop.ozone.om.request.key.OMKeyCommitRequest.validateAndUpdateCache(OMKeyCommitRequest.java:177)
	at org.apache.hadoop.ozone.protocolPB.OzoneManagerProtocolServerSideTranslatorPB.submitRequestDirectlyToOM(OzoneManagerProtocolServerSideTranslatorPB.java:219)
	at org.apache.hadoop.ozone.protocolPB.OzoneManagerProtocolServerSideTranslatorPB.processRequest(OzoneManagerProtocolServerSideTranslatorPB.java:134)
	at org.apache.hadoop.hdds.server.OzoneProtocolMessageDispatcher.processRequest(OzoneProtocolMessageDispatcher.java:72)
	at org.apache.hadoop.ozone.protocolPB.OzoneManagerProtocolServerSideTranslatorPB.submitRequest(OzoneManagerProtocolServerSideTranslatorPB.java:100)
	at org.apache.hadoop.ozone.protocol.proto.OzoneManagerProtocolProtos$OzoneManagerService$2.callBlockingMethod(OzoneManagerProtocolProtos.java)
	at org.apache.hadoop.ipc.ProtobufRpcEngine$Server$ProtoBufRpcInvoker.call(ProtobufRpcEngine.java:524)
	at org.apache.hadoop.ipc.RPC$Server.call(RPC.java:1025)
	at org.apache.hadoop.ipc.Server$RpcCall.run(Server.java:876)
	at org.apache.hadoop.ipc.Server$RpcCall.run(Server.java:822)
	at java.security.AccessController.doPrivileged(Native Method)
	at javax.security.auth.Subject.doAs(Subject.java:422)
	at org.apache.hadoop.security.UserGroupInformation.doAs(UserGroupInformation.java:1730)
	at org.apache.hadoop.ipc.Server$Handler.run(Server.java:2682)
2019-10-16 05:54:12,064 [main] INFO  retry.RetryInvocationHandler (RetryInvocationHandler.java:log(411)) - com.google.protobuf.ServiceException: org.apache.hadoop.ipc.RemoteException(java.lang.IllegalMonitorStateException): Releasing lock on resource /5e19beb4-1e5b-4672-887c-86432b5ec162/85008ab6-9fe7-4ca0-b0c9-665056c8be02 without acquiring lock
	at org.apache.hadoop.ozone.lock.LockManager.getLockForReleasing(LockManager.java:220)
	at org.apache.hadoop.ozone.lock.LockManager.release(LockManager.java:168)
	at org.apache.hadoop.ozone.lock.LockManager.writeUnlock(LockManager.java:148)
	at org.apache.hadoop.ozone.om.lock.OzoneManagerLock.unlock(OzoneManagerLock.java:364)
	at org.apache.hadoop.ozone.om.lock.OzoneManagerLock.releaseWriteLock(OzoneManagerLock.java:329)
	at org.apache.hadoop.ozone.om.request.key.OMKeyCommitRequest.validateAndUpdateCache(OMKeyCommitRequest.java:177)
	at org.apache.hadoop.ozone.protocolPB.OzoneManagerProtocolServerSideTranslatorPB.submitRequestDirectlyToOM(OzoneManagerProtocolServerSideTranslatorPB.java:219)
	at org.apache.hadoop.ozone.protocolPB.OzoneManagerProtocolServerSideTranslatorPB.processRequest(OzoneManagerProtocolServerSideTranslatorPB.java:134)
	at org.apache.hadoop.hdds.server.OzoneProtocolMessageDispatcher.processRequest(OzoneProtocolMessageDispatcher.java:72)
	at org.apache.hadoop.ozone.protocolPB.OzoneManagerProtocolServerSideTranslatorPB.submitRequest(OzoneManagerProtocolServerSideTranslatorPB.java:100)
	at org.apache.hadoop.ozone.protocol.proto.OzoneManagerProtocolProtos$OzoneManagerService$2.callBlockingMethod(OzoneManagerProtocolProtos.java)
	at org.apache.hadoop.ipc.ProtobufRpcEngine$Server$ProtoBufRpcInvoker.call(ProtobufRpcEngine.java:524)
	at org.apache.hadoop.ipc.RPC$Server.call(RPC.java:1025)
	at org.apache.hadoop.ipc.Server$RpcCall.run(Server.java:876)
	at org.apache.hadoop.ipc.Server$RpcCall.run(Server.java:822)
	at java.security.AccessController.doPrivileged(Native Method)
	at javax.security.auth.Subject.doAs(Subject.java:422)
	at org.apache.hadoop.security.UserGroupInformation.doAs(UserGroupInformation.java:1730)
	at org.apache.hadoop.ipc.Server$Handler.run(Server.java:2682)
, while invoking $Proxy37.submitRequest over nodeId=null,nodeAddress=localhost:35571 after 5 failover attempts. Trying to failover immediately.
2019-10-16 05:54:12,068 [IPC Server handler 9 on 35571] ERROR lock.LockManager (LockManager.java:getLockForReleasing(218)) - Trying to release the lock on /5e19beb4-1e5b-4672-887c-86432b5ec162/85008ab6-9fe7-4ca0-b0c9-665056c8be02, which was never acquired.
2019-10-16 05:54:12,068 [IPC Server handler 9 on 35571] WARN  ipc.Server (Server.java:logException(2724)) - IPC Server handler 9 on 35571, call Call#82 Retry#6 org.apache.hadoop.ozone.om.protocol.OzoneManagerProtocol.submitRequest from 127.0.0.1:35740
java.lang.IllegalMonitorStateException: Releasing lock on resource /5e19beb4-1e5b-4672-887c-86432b5ec162/85008ab6-9fe7-4ca0-b0c9-665056c8be02 without acquiring lock
	at org.apache.hadoop.ozone.lock.LockManager.getLockForReleasing(LockManager.java:220)
	at org.apache.hadoop.ozone.lock.LockManager.release(LockManager.java:168)
	at org.apache.hadoop.ozone.lock.LockManager.writeUnlock(LockManager.java:148)
	at org.apache.hadoop.ozone.om.lock.OzoneManagerLock.unlock(OzoneManagerLock.java:364)
	at org.apache.hadoop.ozone.om.lock.OzoneManagerLock.releaseWriteLock(OzoneManagerLock.java:329)
	at org.apache.hadoop.ozone.om.request.key.OMKeyCommitRequest.validateAndUpdateCache(OMKeyCommitRequest.java:177)
	at org.apache.hadoop.ozone.protocolPB.OzoneManagerProtocolServerSideTranslatorPB.submitRequestDirectlyToOM(OzoneManagerProtocolServerSideTranslatorPB.java:219)
	at org.apache.hadoop.ozone.protocolPB.OzoneManagerProtocolServerSideTranslatorPB.processRequest(OzoneManagerProtocolServerSideTranslatorPB.java:134)
	at org.apache.hadoop.hdds.server.OzoneProtocolMessageDispatcher.processRequest(OzoneProtocolMessageDispatcher.java:72)
	at org.apache.hadoop.ozone.protocolPB.OzoneManagerProtocolServerSideTranslatorPB.submitRequest(OzoneManagerProtocolServerSideTranslatorPB.java:100)
	at org.apache.hadoop.ozone.protocol.proto.OzoneManagerProtocolProtos$OzoneManagerService$2.callBlockingMethod(OzoneManagerProtocolProtos.java)
	at org.apache.hadoop.ipc.ProtobufRpcEngine$Server$ProtoBufRpcInvoker.call(ProtobufRpcEngine.java:524)
	at org.apache.hadoop.ipc.RPC$Server.call(RPC.java:1025)
	at org.apache.hadoop.ipc.Server$RpcCall.run(Server.java:876)
	at org.apache.hadoop.ipc.Server$RpcCall.run(Server.java:822)
	at java.security.AccessController.doPrivileged(Native Method)
	at javax.security.auth.Subject.doAs(Subject.java:422)
	at org.apache.hadoop.security.UserGroupInformation.doAs(UserGroupInformation.java:1730)
	at org.apache.hadoop.ipc.Server$Handler.run(Server.java:2682)
2019-10-16 05:54:12,071 [main] INFO  retry.RetryInvocationHandler (RetryInvocationHandler.java:log(411)) - com.google.protobuf.ServiceException: org.apache.hadoop.ipc.RemoteException(java.lang.IllegalMonitorStateException): Releasing lock on resource /5e19beb4-1e5b-4672-887c-86432b5ec162/85008ab6-9fe7-4ca0-b0c9-665056c8be02 without acquiring lock
	at org.apache.hadoop.ozone.lock.LockManager.getLockForReleasing(LockManager.java:220)
	at org.apache.hadoop.ozone.lock.LockManager.release(LockManager.java:168)
	at org.apache.hadoop.ozone.lock.LockManager.writeUnlock(LockManager.java:148)
	at org.apache.hadoop.ozone.om.lock.OzoneManagerLock.unlock(OzoneManagerLock.java:364)
	at org.apache.hadoop.ozone.om.lock.OzoneManagerLock.releaseWriteLock(OzoneManagerLock.java:329)
	at org.apache.hadoop.ozone.om.request.key.OMKeyCommitRequest.validateAndUpdateCache(OMKeyCommitRequest.java:177)
	at org.apache.hadoop.ozone.protocolPB.OzoneManagerProtocolServerSideTranslatorPB.submitRequestDirectlyToOM(OzoneManagerProtocolServerSideTranslatorPB.java:219)
	at org.apache.hadoop.ozone.protocolPB.OzoneManagerProtocolServerSideTranslatorPB.processRequest(OzoneManagerProtocolServerSideTranslatorPB.java:134)
	at org.apache.hadoop.hdds.server.OzoneProtocolMessageDispatcher.processRequest(OzoneProtocolMessageDispatcher.java:72)
	at org.apache.hadoop.ozone.protocolPB.OzoneManagerProtocolServerSideTranslatorPB.submitRequest(OzoneManagerProtocolServerSideTranslatorPB.java:100)
	at org.apache.hadoop.ozone.protocol.proto.OzoneManagerProtocolProtos$OzoneManagerService$2.callBlockingMethod(OzoneManagerProtocolProtos.java)
	at org.apache.hadoop.ipc.ProtobufRpcEngine$Server$ProtoBufRpcInvoker.call(ProtobufRpcEngine.java:524)
	at org.apache.hadoop.ipc.RPC$Server.call(RPC.java:1025)
	at org.apache.hadoop.ipc.Server$RpcCall.run(Server.java:876)
	at org.apache.hadoop.ipc.Server$RpcCall.run(Server.java:822)
	at java.security.AccessController.doPrivileged(Native Method)
	at javax.security.auth.Subject.doAs(Subject.java:422)
	at org.apache.hadoop.security.UserGroupInformation.doAs(UserGroupInformation.java:1730)
	at org.apache.hadoop.ipc.Server$Handler.run(Server.java:2682)
, while invoking $Proxy37.submitRequest over nodeId=null,nodeAddress=localhost:35571 after 6 failover attempts. Trying to failover immediately.
2019-10-16 05:54:12,085 [IPC Server handler 11 on 35571] ERROR lock.LockManager (LockManager.java:getLockForReleasing(218)) - Trying to release the lock on /5e19beb4-1e5b-4672-887c-86432b5ec162/85008ab6-9fe7-4ca0-b0c9-665056c8be02, which was never acquired.
2019-10-16 05:54:12,086 [IPC Server handler 11 on 35571] WARN  ipc.Server (Server.java:logException(2724)) - IPC Server handler 11 on 35571, call Call#82 Retry#7 org.apache.hadoop.ozone.om.protocol.OzoneManagerProtocol.submitRequest from 127.0.0.1:35740
java.lang.IllegalMonitorStateException: Releasing lock on resource /5e19beb4-1e5b-4672-887c-86432b5ec162/85008ab6-9fe7-4ca0-b0c9-665056c8be02 without acquiring lock
	at org.apache.hadoop.ozone.lock.LockManager.getLockForReleasing(LockManager.java:220)
	at org.apache.hadoop.ozone.lock.LockManager.release(LockManager.java:168)
	at org.apache.hadoop.ozone.lock.LockManager.writeUnlock(LockManager.java:148)
	at org.apache.hadoop.ozone.om.lock.OzoneManagerLock.unlock(OzoneManagerLock.java:364)
	at org.apache.hadoop.ozone.om.lock.OzoneManagerLock.releaseWriteLock(OzoneManagerLock.java:329)
	at org.apache.hadoop.ozone.om.request.key.OMKeyCommitRequest.validateAndUpdateCache(OMKeyCommitRequest.java:177)
	at org.apache.hadoop.ozone.protocolPB.OzoneManagerProtocolServerSideTranslatorPB.submitRequestDirectlyToOM(OzoneManagerProtocolServerSideTranslatorPB.java:219)
	at org.apache.hadoop.ozone.protocolPB.OzoneManagerProtocolServerSideTranslatorPB.processRequest(OzoneManagerProtocolServerSideTranslatorPB.java:134)
	at org.apache.hadoop.hdds.server.OzoneProtocolMessageDispatcher.processRequest(OzoneProtocolMessageDispatcher.java:72)
	at org.apache.hadoop.ozone.protocolPB.OzoneManagerProtocolServerSideTranslatorPB.submitRequest(OzoneManagerProtocolServerSideTranslatorPB.java:100)
	at org.apache.hadoop.ozone.protocol.proto.OzoneManagerProtocolProtos$OzoneManagerService$2.callBlockingMethod(OzoneManagerProtocolProtos.java)
	at org.apache.hadoop.ipc.ProtobufRpcEngine$Server$ProtoBufRpcInvoker.call(ProtobufRpcEngine.java:524)
	at org.apache.hadoop.ipc.RPC$Server.call(RPC.java:1025)
	at org.apache.hadoop.ipc.Server$RpcCall.run(Server.java:876)
	at org.apache.hadoop.ipc.Server$RpcCall.run(Server.java:822)
	at java.security.AccessController.doPrivileged(Native Method)
	at javax.security.auth.Subject.doAs(Subject.java:422)
	at org.apache.hadoop.security.UserGroupInformation.doAs(UserGroupInformation.java:1730)
	at org.apache.hadoop.ipc.Server$Handler.run(Server.java:2682)
2019-10-16 05:54:12,088 [main] INFO  retry.RetryInvocationHandler (RetryInvocationHandler.java:log(411)) - com.google.protobuf.ServiceException: org.apache.hadoop.ipc.RemoteException(java.lang.IllegalMonitorStateException): Releasing lock on resource /5e19beb4-1e5b-4672-887c-86432b5ec162/85008ab6-9fe7-4ca0-b0c9-665056c8be02 without acquiring lock
	at org.apache.hadoop.ozone.lock.LockManager.getLockForReleasing(LockManager.java:220)
	at org.apache.hadoop.ozone.lock.LockManager.release(LockManager.java:168)
	at org.apache.hadoop.ozone.lock.LockManager.writeUnlock(LockManager.java:148)
	at org.apache.hadoop.ozone.om.lock.OzoneManagerLock.unlock(OzoneManagerLock.java:364)
	at org.apache.hadoop.ozone.om.lock.OzoneManagerLock.releaseWriteLock(OzoneManagerLock.java:329)
	at org.apache.hadoop.ozone.om.request.key.OMKeyCommitRequest.validateAndUpdateCache(OMKeyCommitRequest.java:177)
	at org.apache.hadoop.ozone.protocolPB.OzoneManagerProtocolServerSideTranslatorPB.submitRequestDirectlyToOM(OzoneManagerProtocolServerSideTranslatorPB.java:219)
	at org.apache.hadoop.ozone.protocolPB.OzoneManagerProtocolServerSideTranslatorPB.processRequest(OzoneManagerProtocolServerSideTranslatorPB.java:134)
	at org.apache.hadoop.hdds.server.OzoneProtocolMessageDispatcher.processRequest(OzoneProtocolMessageDispatcher.java:72)
	at org.apache.hadoop.ozone.protocolPB.OzoneManagerProtocolServerSideTranslatorPB.submitRequest(OzoneManagerProtocolServerSideTranslatorPB.java:100)
	at org.apache.hadoop.ozone.protocol.proto.OzoneManagerProtocolProtos$OzoneManagerService$2.callBlockingMethod(OzoneManagerProtocolProtos.java)
	at org.apache.hadoop.ipc.ProtobufRpcEngine$Server$ProtoBufRpcInvoker.call(ProtobufRpcEngine.java:524)
	at org.apache.hadoop.ipc.RPC$Server.call(RPC.java:1025)
	at org.apache.hadoop.ipc.Server$RpcCall.run(Server.java:876)
	at org.apache.hadoop.ipc.Server$RpcCall.run(Server.java:822)
	at java.security.AccessController.doPrivileged(Native Method)
	at javax.security.auth.Subject.doAs(Subject.java:422)
	at org.apache.hadoop.security.UserGroupInformation.doAs(UserGroupInformation.java:1730)
	at org.apache.hadoop.ipc.Server$Handler.run(Server.java:2682)
, while invoking $Proxy37.submitRequest over nodeId=null,nodeAddress=localhost:35571 after 7 failover attempts. Trying to failover immediately.
2019-10-16 05:54:12,091 [IPC Server handler 18 on 35571] ERROR lock.LockManager (LockManager.java:getLockForReleasing(218)) - Trying to release the lock on /5e19beb4-1e5b-4672-887c-86432b5ec162/85008ab6-9fe7-4ca0-b0c9-665056c8be02, which was never acquired.
2019-10-16 05:54:12,091 [IPC Server handler 18 on 35571] WARN  ipc.Server (Server.java:logException(2724)) - IPC Server handler 18 on 35571, call Call#82 Retry#8 org.apache.hadoop.ozone.om.protocol.OzoneManagerProtocol.submitRequest from 127.0.0.1:35740
java.lang.IllegalMonitorStateException: Releasing lock on resource /5e19beb4-1e5b-4672-887c-86432b5ec162/85008ab6-9fe7-4ca0-b0c9-665056c8be02 without acquiring lock
	at org.apache.hadoop.ozone.lock.LockManager.getLockForReleasing(LockManager.java:220)
	at org.apache.hadoop.ozone.lock.LockManager.release(LockManager.java:168)
	at org.apache.hadoop.ozone.lock.LockManager.writeUnlock(LockManager.java:148)
	at org.apache.hadoop.ozone.om.lock.OzoneManagerLock.unlock(OzoneManagerLock.java:364)
	at org.apache.hadoop.ozone.om.lock.OzoneManagerLock.releaseWriteLock(OzoneManagerLock.java:329)
	at org.apache.hadoop.ozone.om.request.key.OMKeyCommitRequest.validateAndUpdateCache(OMKeyCommitRequest.java:177)
	at org.apache.hadoop.ozone.protocolPB.OzoneManagerProtocolServerSideTranslatorPB.submitRequestDirectlyToOM(OzoneManagerProtocolServerSideTranslatorPB.java:219)
	at org.apache.hadoop.ozone.protocolPB.OzoneManagerProtocolServerSideTranslatorPB.processRequest(OzoneManagerProtocolServerSideTranslatorPB.java:134)
	at org.apache.hadoop.hdds.server.OzoneProtocolMessageDispatcher.processRequest(OzoneProtocolMessageDispatcher.java:72)
	at org.apache.hadoop.ozone.protocolPB.OzoneManagerProtocolServerSideTranslatorPB.submitRequest(OzoneManagerProtocolServerSideTranslatorPB.java:100)
	at org.apache.hadoop.ozone.protocol.proto.OzoneManagerProtocolProtos$OzoneManagerService$2.callBlockingMethod(OzoneManagerProtocolProtos.java)
	at org.apache.hadoop.ipc.ProtobufRpcEngine$Server$ProtoBufRpcInvoker.call(ProtobufRpcEngine.java:524)
	at org.apache.hadoop.ipc.RPC$Server.call(RPC.java:1025)
	at org.apache.hadoop.ipc.Server$RpcCall.run(Server.java:876)
	at org.apache.hadoop.ipc.Server$RpcCall.run(Server.java:822)
	at java.security.AccessController.doPrivileged(Native Method)
	at javax.security.auth.Subject.doAs(Subject.java:422)
	at org.apache.hadoop.security.UserGroupInformation.doAs(UserGroupInformation.java:1730)
	at org.apache.hadoop.ipc.Server$Handler.run(Server.java:2682)
2019-10-16 05:54:12,093 [main] INFO  retry.RetryInvocationHandler (RetryInvocationHandler.java:log(411)) - com.google.protobuf.ServiceException: org.apache.hadoop.ipc.RemoteException(java.lang.IllegalMonitorStateException): Releasing lock on resource /5e19beb4-1e5b-4672-887c-86432b5ec162/85008ab6-9fe7-4ca0-b0c9-665056c8be02 without acquiring lock
	at org.apache.hadoop.ozone.lock.LockManager.getLockForReleasing(LockManager.java:220)
	at org.apache.hadoop.ozone.lock.LockManager.release(LockManager.java:168)
	at org.apache.hadoop.ozone.lock.LockManager.writeUnlock(LockManager.java:148)
	at org.apache.hadoop.ozone.om.lock.OzoneManagerLock.unlock(OzoneManagerLock.java:364)
	at org.apache.hadoop.ozone.om.lock.OzoneManagerLock.releaseWriteLock(OzoneManagerLock.java:329)
	at org.apache.hadoop.ozone.om.request.key.OMKeyCommitRequest.validateAndUpdateCache(OMKeyCommitRequest.java:177)
	at org.apache.hadoop.ozone.protocolPB.OzoneManagerProtocolServerSideTranslatorPB.submitRequestDirectlyToOM(OzoneManagerProtocolServerSideTranslatorPB.java:219)
	at org.apache.hadoop.ozone.protocolPB.OzoneManagerProtocolServerSideTranslatorPB.processRequest(OzoneManagerProtocolServerSideTranslatorPB.java:134)
	at org.apache.hadoop.hdds.server.OzoneProtocolMessageDispatcher.processRequest(OzoneProtocolMessageDispatcher.java:72)
	at org.apache.hadoop.ozone.protocolPB.OzoneManagerProtocolServerSideTranslatorPB.submitRequest(OzoneManagerProtocolServerSideTranslatorPB.java:100)
	at org.apache.hadoop.ozone.protocol.proto.OzoneManagerProtocolProtos$OzoneManagerService$2.callBlockingMethod(OzoneManagerProtocolProtos.java)
	at org.apache.hadoop.ipc.ProtobufRpcEngine$Server$ProtoBufRpcInvoker.call(ProtobufRpcEngine.java:524)
	at org.apache.hadoop.ipc.RPC$Server.call(RPC.java:1025)
	at org.apache.hadoop.ipc.Server$RpcCall.run(Server.java:876)
	at org.apache.hadoop.ipc.Server$RpcCall.run(Server.java:822)
	at java.security.AccessController.doPrivileged(Native Method)
	at javax.security.auth.Subject.doAs(Subject.java:422)
	at org.apache.hadoop.security.UserGroupInformation.doAs(UserGroupInformation.java:1730)
	at org.apache.hadoop.ipc.Server$Handler.run(Server.java:2682)
, while invoking $Proxy37.submitRequest over nodeId=null,nodeAddress=localhost:35571 after 8 failover attempts. Trying to failover immediately.
2019-10-16 05:54:12,096 [IPC Server handler 16 on 35571] ERROR lock.LockManager (LockManager.java:getLockForReleasing(218)) - Trying to release the lock on /5e19beb4-1e5b-4672-887c-86432b5ec162/85008ab6-9fe7-4ca0-b0c9-665056c8be02, which was never acquired.
2019-10-16 05:54:12,096 [IPC Server handler 16 on 35571] WARN  ipc.Server (Server.java:logException(2724)) - IPC Server handler 16 on 35571, call Call#82 Retry#9 org.apache.hadoop.ozone.om.protocol.OzoneManagerProtocol.submitRequest from 127.0.0.1:35740
java.lang.IllegalMonitorStateException: Releasing lock on resource /5e19beb4-1e5b-4672-887c-86432b5ec162/85008ab6-9fe7-4ca0-b0c9-665056c8be02 without acquiring lock
	at org.apache.hadoop.ozone.lock.LockManager.getLockForReleasing(LockManager.java:220)
	at org.apache.hadoop.ozone.lock.LockManager.release(LockManager.java:168)
	at org.apache.hadoop.ozone.lock.LockManager.writeUnlock(LockManager.java:148)
	at org.apache.hadoop.ozone.om.lock.OzoneManagerLock.unlock(OzoneManagerLock.java:364)
	at org.apache.hadoop.ozone.om.lock.OzoneManagerLock.releaseWriteLock(OzoneManagerLock.java:329)
	at org.apache.hadoop.ozone.om.request.key.OMKeyCommitRequest.validateAndUpdateCache(OMKeyCommitRequest.java:177)
	at org.apache.hadoop.ozone.protocolPB.OzoneManagerProtocolServerSideTranslatorPB.submitRequestDirectlyToOM(OzoneManagerProtocolServerSideTranslatorPB.java:219)
	at org.apache.hadoop.ozone.protocolPB.OzoneManagerProtocolServerSideTranslatorPB.processRequest(OzoneManagerProtocolServerSideTranslatorPB.java:134)
	at org.apache.hadoop.hdds.server.OzoneProtocolMessageDispatcher.processRequest(OzoneProtocolMessageDispatcher.java:72)
	at org.apache.hadoop.ozone.protocolPB.OzoneManagerProtocolServerSideTranslatorPB.submitRequest(OzoneManagerProtocolServerSideTranslatorPB.java:100)
	at org.apache.hadoop.ozone.protocol.proto.OzoneManagerProtocolProtos$OzoneManagerService$2.callBlockingMethod(OzoneManagerProtocolProtos.java)
	at org.apache.hadoop.ipc.ProtobufRpcEngine$Server$ProtoBufRpcInvoker.call(ProtobufRpcEngine.java:524)
	at org.apache.hadoop.ipc.RPC$Server.call(RPC.java:1025)
	at org.apache.hadoop.ipc.Server$RpcCall.run(Server.java:876)
	at org.apache.hadoop.ipc.Server$RpcCall.run(Server.java:822)
	at java.security.AccessController.doPrivileged(Native Method)
	at javax.security.auth.Subject.doAs(Subject.java:422)
	at org.apache.hadoop.security.UserGroupInformation.doAs(UserGroupInformation.java:1730)
	at org.apache.hadoop.ipc.Server$Handler.run(Server.java:2682)
2019-10-16 05:54:12,100 [main] INFO  retry.RetryInvocationHandler (RetryInvocationHandler.java:log(411)) - com.google.protobuf.ServiceException: org.apache.hadoop.ipc.RemoteException(java.lang.IllegalMonitorStateException): Releasing lock on resource /5e19beb4-1e5b-4672-887c-86432b5ec162/85008ab6-9fe7-4ca0-b0c9-665056c8be02 without acquiring lock
	at org.apache.hadoop.ozone.lock.LockManager.getLockForReleasing(LockManager.java:220)
	at org.apache.hadoop.ozone.lock.LockManager.release(LockManager.java:168)
	at org.apache.hadoop.ozone.lock.LockManager.writeUnlock(LockManager.java:148)
	at org.apache.hadoop.ozone.om.lock.OzoneManagerLock.unlock(OzoneManagerLock.java:364)
	at org.apache.hadoop.ozone.om.lock.OzoneManagerLock.releaseWriteLock(OzoneManagerLock.java:329)
	at org.apache.hadoop.ozone.om.request.key.OMKeyCommitRequest.validateAndUpdateCache(OMKeyCommitRequest.java:177)
	at org.apache.hadoop.ozone.protocolPB.OzoneManagerProtocolServerSideTranslatorPB.submitRequestDirectlyToOM(OzoneManagerProtocolServerSideTranslatorPB.java:219)
	at org.apache.hadoop.ozone.protocolPB.OzoneManagerProtocolServerSideTranslatorPB.processRequest(OzoneManagerProtocolServerSideTranslatorPB.java:134)
	at org.apache.hadoop.hdds.server.OzoneProtocolMessageDispatcher.processRequest(OzoneProtocolMessageDispatcher.java:72)
	at org.apache.hadoop.ozone.protocolPB.OzoneManagerProtocolServerSideTranslatorPB.submitRequest(OzoneManagerProtocolServerSideTranslatorPB.java:100)
	at org.apache.hadoop.ozone.protocol.proto.OzoneManagerProtocolProtos$OzoneManagerService$2.callBlockingMethod(OzoneManagerProtocolProtos.java)
	at org.apache.hadoop.ipc.ProtobufRpcEngine$Server$ProtoBufRpcInvoker.call(ProtobufRpcEngine.java:524)
	at org.apache.hadoop.ipc.RPC$Server.call(RPC.java:1025)
	at org.apache.hadoop.ipc.Server$RpcCall.run(Server.java:876)
	at org.apache.hadoop.ipc.Server$RpcCall.run(Server.java:822)
	at java.security.AccessController.doPrivileged(Native Method)
	at javax.security.auth.Subject.doAs(Subject.java:422)
	at org.apache.hadoop.security.UserGroupInformation.doAs(UserGroupInformation.java:1730)
	at org.apache.hadoop.ipc.Server$Handler.run(Server.java:2682)
, while invoking $Proxy37.submitRequest over nodeId=null,nodeAddress=localhost:35571 after 9 failover attempts. Trying to failover immediately.
2019-10-16 05:54:12,102 [IPC Server handler 15 on 35571] ERROR lock.LockManager (LockManager.java:getLockForReleasing(218)) - Trying to release the lock on /5e19beb4-1e5b-4672-887c-86432b5ec162/85008ab6-9fe7-4ca0-b0c9-665056c8be02, which was never acquired.
2019-10-16 05:54:12,103 [IPC Server handler 15 on 35571] WARN  ipc.Server (Server.java:logException(2724)) - IPC Server handler 15 on 35571, call Call#82 Retry#10 org.apache.hadoop.ozone.om.protocol.OzoneManagerProtocol.submitRequest from 127.0.0.1:35740
java.lang.IllegalMonitorStateException: Releasing lock on resource /5e19beb4-1e5b-4672-887c-86432b5ec162/85008ab6-9fe7-4ca0-b0c9-665056c8be02 without acquiring lock
	at org.apache.hadoop.ozone.lock.LockManager.getLockForReleasing(LockManager.java:220)
	at org.apache.hadoop.ozone.lock.LockManager.release(LockManager.java:168)
	at org.apache.hadoop.ozone.lock.LockManager.writeUnlock(LockManager.java:148)
	at org.apache.hadoop.ozone.om.lock.OzoneManagerLock.unlock(OzoneManagerLock.java:364)
	at org.apache.hadoop.ozone.om.lock.OzoneManagerLock.releaseWriteLock(OzoneManagerLock.java:329)
	at org.apache.hadoop.ozone.om.request.key.OMKeyCommitRequest.validateAndUpdateCache(OMKeyCommitRequest.java:177)
	at org.apache.hadoop.ozone.protocolPB.OzoneManagerProtocolServerSideTranslatorPB.submitRequestDirectlyToOM(OzoneManagerProtocolServerSideTranslatorPB.java:219)
	at org.apache.hadoop.ozone.protocolPB.OzoneManagerProtocolServerSideTranslatorPB.processRequest(OzoneManagerProtocolServerSideTranslatorPB.java:134)
	at org.apache.hadoop.hdds.server.OzoneProtocolMessageDispatcher.processRequest(OzoneProtocolMessageDispatcher.java:72)
	at org.apache.hadoop.ozone.protocolPB.OzoneManagerProtocolServerSideTranslatorPB.submitRequest(OzoneManagerProtocolServerSideTranslatorPB.java:100)
	at org.apache.hadoop.ozone.protocol.proto.OzoneManagerProtocolProtos$OzoneManagerService$2.callBlockingMethod(OzoneManagerProtocolProtos.java)
	at org.apache.hadoop.ipc.ProtobufRpcEngine$Server$ProtoBufRpcInvoker.call(ProtobufRpcEngine.java:524)
	at org.apache.hadoop.ipc.RPC$Server.call(RPC.java:1025)
	at org.apache.hadoop.ipc.Server$RpcCall.run(Server.java:876)
	at org.apache.hadoop.ipc.Server$RpcCall.run(Server.java:822)
	at java.security.AccessController.doPrivileged(Native Method)
	at javax.security.auth.Subject.doAs(Subject.java:422)
	at org.apache.hadoop.security.UserGroupInformation.doAs(UserGroupInformation.java:1730)
	at org.apache.hadoop.ipc.Server$Handler.run(Server.java:2682)
2019-10-16 05:54:12,105 [main] ERROR ha.OMFailoverProxyProvider (OzoneManagerProtocolClientSideTranslatorPB.java:getRetryAction(268)) - Failed to connect to OM. Attempted 10 retries and 10 failovers
]]></system-out>
    <system-err><![CDATA[ERROR StatusLogger No Log4j 2 configuration file found. Using default configuration (logging only errors to the console), or user programmatically provided configurations. Set system property 'log4j2.debug' to show Log4j 2 internal initialization logging. See https://logging.apache.org/log4j/2.x/manual/configuration.html for instructions on how to configure Log4j 2
]]></system-err>
  </testcase>
</testsuite>