<?xml version="1.0" encoding="UTF-8"?>
<testsuite xmlns:xsi="http://www.w3.org/2001/XMLSchema-instance" xsi:noNamespaceSchemaLocation="https://maven.apache.org/surefire/maven-surefire-plugin/xsd/surefire-test-report.xsd" name="org.apache.hadoop.fs.ozone.contract.ITestOzoneContractSeek" time="31.374" tests="18" errors="18" skipped="0" failures="0">
  <properties>
    <property name="awt.toolkit" value="sun.awt.X11.XToolkit"/>
    <property name="file.encoding.pkg" value="sun.io"/>
    <property name="java.specification.version" value="1.8"/>
    <property name="sun.cpu.isalist" value=""/>
    <property name="sun.jnu.encoding" value="ANSI_X3.4-1968"/>
    <property name="java.class.path" value="/workdir/hadoop-ozone/ozonefs/target/test-classes:/workdir/hadoop-ozone/ozonefs/target/classes:/home/user/.m2/repository/org/apache/hadoop/hadoop-common/3.2.0/hadoop-common-3.2.0.jar:/home/user/.m2/repository/org/apache/hadoop/hadoop-annotations/3.2.0/hadoop-annotations-3.2.0.jar:/usr/lib/jvm/java-1.8.0-openjdk-1.8.0.222.b10-1.el7_7.x86_64/jre/../lib/tools.jar:/home/user/.m2/repository/com/google/guava/guava/11.0.2/guava-11.0.2.jar:/home/user/.m2/repository/commons-cli/commons-cli/1.2/commons-cli-1.2.jar:/home/user/.m2/repository/org/apache/commons/commons-math3/3.1.1/commons-math3-3.1.1.jar:/home/user/.m2/repository/commons-codec/commons-codec/1.11/commons-codec-1.11.jar:/home/user/.m2/repository/commons-io/commons-io/2.5/commons-io-2.5.jar:/home/user/.m2/repository/commons-net/commons-net/3.6/commons-net-3.6.jar:/home/user/.m2/repository/commons-collections/commons-collections/3.2.2/commons-collections-3.2.2.jar:/home/user/.m2/repository/javax/servlet/javax.servlet-api/3.1.0/javax.servlet-api-3.1.0.jar:/home/user/.m2/repository/org/eclipse/jetty/jetty-server/9.3.25.v20180904/jetty-server-9.3.25.v20180904.jar:/home/user/.m2/repository/org/eclipse/jetty/jetty-http/9.3.25.v20180904/jetty-http-9.3.25.v20180904.jar:/home/user/.m2/repository/org/eclipse/jetty/jetty-io/9.3.25.v20180904/jetty-io-9.3.25.v20180904.jar:/home/user/.m2/repository/org/eclipse/jetty/jetty-util/9.3.25.v20180904/jetty-util-9.3.25.v20180904.jar:/home/user/.m2/repository/org/eclipse/jetty/jetty-servlet/9.3.25.v20180904/jetty-servlet-9.3.25.v20180904.jar:/home/user/.m2/repository/org/eclipse/jetty/jetty-security/9.3.25.v20180904/jetty-security-9.3.25.v20180904.jar:/home/user/.m2/repository/org/eclipse/jetty/jetty-webapp/9.3.25.v20180904/jetty-webapp-9.3.25.v20180904.jar:/home/user/.m2/repository/org/eclipse/jetty/jetty-xml/9.3.25.v20180904/jetty-xml-9.3.25.v20180904.jar:/home/user/.m2/repository/javax/servlet/jsp/jsp-api/2.1/jsp-api-2.1.jar:/home/user/.m2/repository/com/sun/jersey/jersey-core/1.19/jersey-core-1.19.jar:/home/user/.m2/repository/javax/ws/rs/jsr311-api/1.1.1/jsr311-api-1.1.1.jar:/home/user/.m2/repository/com/sun/jersey/jersey-servlet/1.19/jersey-servlet-1.19.jar:/home/user/.m2/repository/com/sun/jersey/jersey-json/1.19/jersey-json-1.19.jar:/home/user/.m2/repository/org/codehaus/jettison/jettison/1.1/jettison-1.1.jar:/home/user/.m2/repository/com/sun/xml/bind/jaxb-impl/2.3.0.1/jaxb-impl-2.3.0.1.jar:/home/user/.m2/repository/org/codehaus/jackson/jackson-core-asl/1.9.13/jackson-core-asl-1.9.13.jar:/home/user/.m2/repository/org/codehaus/jackson/jackson-mapper-asl/1.9.13/jackson-mapper-asl-1.9.13.jar:/home/user/.m2/repository/org/codehaus/jackson/jackson-jaxrs/1.9.13/jackson-jaxrs-1.9.13.jar:/home/user/.m2/repository/org/codehaus/jackson/jackson-xc/1.9.13/jackson-xc-1.9.13.jar:/home/user/.m2/repository/com/sun/jersey/jersey-server/1.19/jersey-server-1.19.jar:/home/user/.m2/repository/commons-logging/commons-logging/1.1.3/commons-logging-1.1.3.jar:/home/user/.m2/repository/log4j/log4j/1.2.17/log4j-1.2.17.jar:/home/user/.m2/repository/commons-beanutils/commons-beanutils/1.9.4/commons-beanutils-1.9.4.jar:/home/user/.m2/repository/org/apache/commons/commons-configuration2/2.1.1/commons-configuration2-2.1.1.jar:/home/user/.m2/repository/org/apache/commons/commons-lang3/3.7/commons-lang3-3.7.jar:/home/user/.m2/repository/org/apache/commons/commons-text/1.4/commons-text-1.4.jar:/home/user/.m2/repository/org/slf4j/slf4j-api/1.7.25/slf4j-api-1.7.25.jar:/home/user/.m2/repository/org/slf4j/slf4j-log4j12/1.7.25/slf4j-log4j12-1.7.25.jar:/home/user/.m2/repository/org/apache/avro/avro/1.7.7/avro-1.7.7.jar:/home/user/.m2/repository/com/thoughtworks/paranamer/paranamer/2.3/paranamer-2.3.jar:/home/user/.m2/repository/org/xerial/snappy/snappy-java/1.0.5/snappy-java-1.0.5.jar:/home/user/.m2/repository/com/google/re2j/re2j/1.1/re2j-1.1.jar:/home/user/.m2/repository/com/google/protobuf/protobuf-java/2.5.0/protobuf-java-2.5.0.jar:/home/user/.m2/repository/com/google/code/gson/gson/2.2.4/gson-2.2.4.jar:/home/user/.m2/repository/org/apache/hadoop/hadoop-auth/3.2.0/hadoop-auth-3.2.0.jar:/home/user/.m2/repository/com/nimbusds/nimbus-jose-jwt/4.41.1/nimbus-jose-jwt-4.41.1.jar:/home/user/.m2/repository/com/github/stephenc/jcip/jcip-annotations/1.0-1/jcip-annotations-1.0-1.jar:/home/user/.m2/repository/net/minidev/json-smart/2.3/json-smart-2.3.jar:/home/user/.m2/repository/net/minidev/accessors-smart/1.2/accessors-smart-1.2.jar:/home/user/.m2/repository/org/apache/curator/curator-framework/2.12.0/curator-framework-2.12.0.jar:/home/user/.m2/repository/com/jcraft/jsch/0.1.54/jsch-0.1.54.jar:/home/user/.m2/repository/org/apache/curator/curator-client/2.12.0/curator-client-2.12.0.jar:/home/user/.m2/repository/org/apache/curator/curator-recipes/2.12.0/curator-recipes-2.12.0.jar:/home/user/.m2/repository/com/google/code/findbugs/jsr305/3.0.0/jsr305-3.0.0.jar:/home/user/.m2/repository/org/apache/htrace/htrace-core4/4.1.0-incubating/htrace-core4-4.1.0-incubating.jar:/home/user/.m2/repository/org/apache/zookeeper/zookeeper/3.4.13/zookeeper-3.4.13.jar:/home/user/.m2/repository/jline/jline/0.9.94/jline-0.9.94.jar:/home/user/.m2/repository/org/apache/yetus/audience-annotations/0.5.0/audience-annotations-0.5.0.jar:/home/user/.m2/repository/org/apache/commons/commons-compress/1.4.1/commons-compress-1.4.1.jar:/home/user/.m2/repository/org/tukaani/xz/1.0/xz-1.0.jar:/home/user/.m2/repository/org/apache/kerby/kerb-simplekdc/1.0.1/kerb-simplekdc-1.0.1.jar:/home/user/.m2/repository/org/apache/kerby/kerb-client/1.0.1/kerb-client-1.0.1.jar:/home/user/.m2/repository/org/apache/kerby/kerby-config/1.0.1/kerby-config-1.0.1.jar:/home/user/.m2/repository/org/apache/kerby/kerb-core/1.0.1/kerb-core-1.0.1.jar:/home/user/.m2/repository/org/apache/kerby/kerby-pkix/1.0.1/kerby-pkix-1.0.1.jar:/home/user/.m2/repository/org/apache/kerby/kerby-asn1/1.0.1/kerby-asn1-1.0.1.jar:/home/user/.m2/repository/org/apache/kerby/kerby-util/1.0.1/kerby-util-1.0.1.jar:/home/user/.m2/repository/org/apache/kerby/kerb-common/1.0.1/kerb-common-1.0.1.jar:/home/user/.m2/repository/org/apache/kerby/kerb-crypto/1.0.1/kerb-crypto-1.0.1.jar:/home/user/.m2/repository/org/apache/kerby/kerb-util/1.0.1/kerb-util-1.0.1.jar:/home/user/.m2/repository/org/apache/kerby/token-provider/1.0.1/token-provider-1.0.1.jar:/home/user/.m2/repository/org/apache/kerby/kerb-admin/1.0.1/kerb-admin-1.0.1.jar:/home/user/.m2/repository/org/apache/kerby/kerb-server/1.0.1/kerb-server-1.0.1.jar:/home/user/.m2/repository/org/apache/kerby/kerb-identity/1.0.1/kerb-identity-1.0.1.jar:/home/user/.m2/repository/org/apache/kerby/kerby-xdr/1.0.1/kerby-xdr-1.0.1.jar:/home/user/.m2/repository/com/fasterxml/jackson/core/jackson-databind/2.9.9/jackson-databind-2.9.9.jar:/home/user/.m2/repository/com/fasterxml/jackson/core/jackson-annotations/2.9.9/jackson-annotations-2.9.9.jar:/home/user/.m2/repository/com/fasterxml/jackson/core/jackson-core/2.9.9/jackson-core-2.9.9.jar:/home/user/.m2/repository/org/codehaus/woodstox/stax2-api/3.1.4/stax2-api-3.1.4.jar:/home/user/.m2/repository/com/fasterxml/woodstox/woodstox-core/5.0.3/woodstox-core-5.0.3.jar:/home/user/.m2/repository/dnsjava/dnsjava/2.1.7/dnsjava-2.1.7.jar:/home/user/.m2/repository/org/apache/hadoop/hadoop-hdfs/3.2.0/hadoop-hdfs-3.2.0.jar:/home/user/.m2/repository/org/eclipse/jetty/jetty-util-ajax/9.3.25.v20180904/jetty-util-ajax-9.3.25.v20180904.jar:/home/user/.m2/repository/commons-daemon/commons-daemon/1.0.13/commons-daemon-1.0.13.jar:/home/user/.m2/repository/io/netty/netty/3.10.5.Final/netty-3.10.5.Final.jar:/home/user/.m2/repository/io/netty/netty-all/4.0.52.Final/netty-all-4.0.52.Final.jar:/home/user/.m2/repository/org/fusesource/leveldbjni/leveldbjni-all/1.8/leveldbjni-all-1.8.jar:/home/user/.m2/repository/org/apache/hadoop/hadoop-hdds-common/0.5.0-SNAPSHOT/hadoop-hdds-common-0.5.0-SNAPSHOT.jar:/home/user/.m2/repository/org/apache/hadoop/hadoop-hdds-config/0.5.0-SNAPSHOT/hadoop-hdds-config-0.5.0-SNAPSHOT.jar:/home/user/.m2/repository/javax/annotation/javax.annotation-api/1.2/javax.annotation-api-1.2.jar:/home/user/.m2/repository/org/apache/ratis/ratis-server/0.5.0-3f446aa-SNAPSHOT/ratis-server-0.5.0-3f446aa-SNAPSHOT.jar:/home/user/.m2/repository/org/apache/ratis/ratis-thirdparty-misc/0.2.0/ratis-thirdparty-misc-0.2.0.jar:/home/user/.m2/repository/org/apache/ratis/ratis-proto/0.5.0-3f446aa-SNAPSHOT/ratis-proto-0.5.0-3f446aa-SNAPSHOT.jar:/home/user/.m2/repository/org/apache/ratis/ratis-common/0.5.0-3f446aa-SNAPSHOT/ratis-common-0.5.0-3f446aa-SNAPSHOT.jar:/home/user/.m2/repository/org/apache/ratis/ratis-client/0.5.0-3f446aa-SNAPSHOT/ratis-client-0.5.0-3f446aa-SNAPSHOT.jar:/home/user/.m2/repository/org/apache/ratis/ratis-metrics/0.5.0-3f446aa-SNAPSHOT/ratis-metrics-0.5.0-3f446aa-SNAPSHOT.jar:/home/user/.m2/repository/com/github/joshelser/dropwizard-metrics-hadoop-metrics2-reporter/0.1.2/dropwizard-metrics-hadoop-metrics2-reporter-0.1.2.jar:/home/user/.m2/repository/io/dropwizard/metrics/metrics-jvm/3.2.5/metrics-jvm-3.2.5.jar:/home/user/.m2/repository/io/dropwizard/metrics/metrics-ganglia/3.2.5/metrics-ganglia-3.2.5.jar:/home/user/.m2/repository/info/ganglia/gmetric4j/gmetric4j/1.0.7/gmetric4j-1.0.7.jar:/home/user/.m2/repository/org/apache/ratis/ratis-netty/0.5.0-3f446aa-SNAPSHOT/ratis-netty-0.5.0-3f446aa-SNAPSHOT.jar:/home/user/.m2/repository/org/apache/ratis/ratis-grpc/0.5.0-3f446aa-SNAPSHOT/ratis-grpc-0.5.0-3f446aa-SNAPSHOT.jar:/home/user/.m2/repository/org/rocksdb/rocksdbjni/6.0.1/rocksdbjni-6.0.1.jar:/home/user/.m2/repository/org/apache/logging/log4j/log4j-api/2.11.0/log4j-api-2.11.0.jar:/home/user/.m2/repository/org/apache/logging/log4j/log4j-core/2.11.0/log4j-core-2.11.0.jar:/home/user/.m2/repository/com/lmax/disruptor/3.4.2/disruptor-3.4.2.jar:/home/user/.m2/repository/org/apache/commons/commons-pool2/2.6.0/commons-pool2-2.6.0.jar:/home/user/.m2/repository/org/bouncycastle/bcpkix-jdk15on/1.60/bcpkix-jdk15on-1.60.jar:/home/user/.m2/repository/commons-validator/commons-validator/1.6/commons-validator-1.6.jar:/home/user/.m2/repository/commons-digester/commons-digester/1.8.1/commons-digester-1.8.1.jar:/home/user/.m2/repository/io/jaegertracing/jaeger-client/0.34.0/jaeger-client-0.34.0.jar:/home/user/.m2/repository/io/jaegertracing/jaeger-thrift/0.34.0/jaeger-thrift-0.34.0.jar:/home/user/.m2/repository/org/apache/thrift/libthrift/0.12.0/libthrift-0.12.0.jar:/home/user/.m2/repository/com/squareup/okhttp3/okhttp/3.9.0/okhttp-3.9.0.jar:/home/user/.m2/repository/com/squareup/okio/okio/1.13.0/okio-1.13.0.jar:/home/user/.m2/repository/io/jaegertracing/jaeger-core/0.34.0/jaeger-core-0.34.0.jar:/home/user/.m2/repository/io/jaegertracing/jaeger-tracerresolver/0.34.0/jaeger-tracerresolver-0.34.0.jar:/home/user/.m2/repository/io/opentracing/contrib/opentracing-tracerresolver/0.1.5/opentracing-tracerresolver-0.1.5.jar:/home/user/.m2/repository/io/opentracing/opentracing-util/0.31.0/opentracing-util-0.31.0.jar:/home/user/.m2/repository/io/opentracing/opentracing-api/0.31.0/opentracing-api-0.31.0.jar:/home/user/.m2/repository/io/opentracing/opentracing-noop/0.31.0/opentracing-noop-0.31.0.jar:/home/user/.m2/repository/org/yaml/snakeyaml/1.16/snakeyaml-1.16.jar:/home/user/.m2/repository/org/apache/hadoop/hadoop-hdfs-client/3.2.0/hadoop-hdfs-client-3.2.0.jar:/home/user/.m2/repository/info/picocli/picocli/3.9.6/picocli-3.9.6.jar:/home/user/.m2/repository/org/apache/hadoop/hadoop-hdds-server-scm/0.5.0-SNAPSHOT/hadoop-hdds-server-scm-0.5.0-SNAPSHOT.jar:/home/user/.m2/repository/org/apache/hadoop/hadoop-hdds-docs/0.5.0-SNAPSHOT/hadoop-hdds-docs-0.5.0-SNAPSHOT.jar:/home/user/.m2/repository/io/dropwizard/metrics/metrics-core/3.2.4/metrics-core-3.2.4.jar:/home/user/.m2/repository/org/hamcrest/hamcrest-all/1.3/hamcrest-all-1.3.jar:/home/user/.m2/repository/org/bouncycastle/bcprov-jdk15on/1.60/bcprov-jdk15on-1.60.jar:/home/user/.m2/repository/org/apache/hadoop/hadoop-hdds-server-framework/0.5.0-SNAPSHOT/hadoop-hdds-server-framework-0.5.0-SNAPSHOT.jar:/home/user/.m2/repository/org/apache/hadoop/hadoop-ozone-ozone-manager/0.5.0-SNAPSHOT/hadoop-ozone-ozone-manager-0.5.0-SNAPSHOT.jar:/home/user/.m2/repository/org/apache/hadoop/hadoop-hdds-container-service/0.5.0-SNAPSHOT/hadoop-hdds-container-service-0.5.0-SNAPSHOT.jar:/home/user/.m2/repository/org/apache/hadoop/hadoop-hdds-client/0.5.0-SNAPSHOT/hadoop-hdds-client-0.5.0-SNAPSHOT.jar:/home/user/.m2/repository/org/apache/hadoop/hadoop-ozone-common/0.5.0-SNAPSHOT/hadoop-ozone-common-0.5.0-SNAPSHOT.jar:/home/user/.m2/repository/org/apache/hadoop/hadoop-hdds-tools/0.5.0-SNAPSHOT/hadoop-hdds-tools-0.5.0-SNAPSHOT.jar:/home/user/.m2/repository/org/xerial/sqlite-jdbc/3.25.2/sqlite-jdbc-3.25.2.jar:/home/user/.m2/repository/org/apache/httpcomponents/httpclient/4.5.2/httpclient-4.5.2.jar:/home/user/.m2/repository/org/apache/httpcomponents/httpcore/4.4.4/httpcore-4.4.4.jar:/home/user/.m2/repository/com/github/spotbugs/spotbugs/3.1.12/spotbugs-3.1.12.jar:/home/user/.m2/repository/org/ow2/asm/asm/5.0.4/asm-5.0.4.jar:/home/user/.m2/repository/org/ow2/asm/asm-analysis/7.0/asm-analysis-7.0.jar:/home/user/.m2/repository/org/ow2/asm/asm-commons/7.0/asm-commons-7.0.jar:/home/user/.m2/repository/org/ow2/asm/asm-tree/7.0/asm-tree-7.0.jar:/home/user/.m2/repository/org/ow2/asm/asm-util/7.0/asm-util-7.0.jar:/home/user/.m2/repository/org/apache/bcel/bcel/6.3/bcel-6.3.jar:/home/user/.m2/repository/net/jcip/jcip-annotations/1.0/jcip-annotations-1.0.jar:/home/user/.m2/repository/org/dom4j/dom4j/2.1.1/dom4j-2.1.1.jar:/home/user/.m2/repository/jaxen/jaxen/1.1.6/jaxen-1.1.6.jar:/home/user/.m2/repository/commons-lang/commons-lang/2.6/commons-lang-2.6.jar:/home/user/.m2/repository/com/github/spotbugs/spotbugs-annotations/3.1.12/spotbugs-annotations-3.1.12.jar:/home/user/.m2/repository/org/apache/hadoop/hadoop-common/3.2.0/hadoop-common-3.2.0-tests.jar:/home/user/.m2/repository/org/apache/hadoop/hadoop-ozone-client/0.5.0-SNAPSHOT/hadoop-ozone-client-0.5.0-SNAPSHOT.jar:/home/user/.m2/repository/org/apache/hadoop/hadoop-hdfs/3.2.0/hadoop-hdfs-3.2.0-tests.jar:/workdir/hadoop-ozone/integration-test/target/test-classes:/home/user/.m2/repository/org/apache/hadoop/hadoop-ozone-s3gateway/0.5.0-SNAPSHOT/hadoop-ozone-s3gateway-0.5.0-SNAPSHOT.jar:/home/user/.m2/repository/org/jboss/weld/servlet/weld-servlet/2.4.7.Final/weld-servlet-2.4.7.Final.jar:/home/user/.m2/repository/org/glassfish/jersey/containers/jersey-container-servlet-core/2.27/jersey-container-servlet-core-2.27.jar:/home/user/.m2/repository/org/glassfish/hk2/external/javax.inject/2.5.0-b42/javax.inject-2.5.0-b42.jar:/home/user/.m2/repository/org/glassfish/jersey/core/jersey-common/2.27/jersey-common-2.27.jar:/home/user/.m2/repository/org/glassfish/hk2/osgi-resource-locator/1.0.1/osgi-resource-locator-1.0.1.jar:/home/user/.m2/repository/javax/ws/rs/javax.ws.rs-api/2.1/javax.ws.rs-api-2.1.jar:/home/user/.m2/repository/org/glassfish/jersey/ext/cdi/jersey-cdi1x/2.27/jersey-cdi1x-2.27.jar:/home/user/.m2/repository/org/glassfish/jersey/inject/jersey-hk2/2.27/jersey-hk2-2.27.jar:/home/user/.m2/repository/org/glassfish/hk2/hk2-locator/2.5.0-b42/hk2-locator-2.5.0-b42.jar:/home/user/.m2/repository/org/javassist/javassist/3.22.0-CR2/javassist-3.22.0-CR2.jar:/home/user/.m2/repository/org/glassfish/hk2/hk2-api/2.5.0/hk2-api-2.5.0.jar:/home/user/.m2/repository/org/glassfish/hk2/external/jakarta.inject/2.5.0/jakarta.inject-2.5.0.jar:/home/user/.m2/repository/org/glassfish/hk2/hk2-utils/2.5.0/hk2-utils-2.5.0.jar:/home/user/.m2/repository/jakarta/annotation/jakarta.annotation-api/1.3.4/jakarta.annotation-api-1.3.4.jar:/home/user/.m2/repository/org/glassfish/hk2/external/aopalliance-repackaged/2.5.0/aopalliance-repackaged-2.5.0.jar:/home/user/.m2/repository/com/fasterxml/jackson/dataformat/jackson-dataformat-xml/2.9.0/jackson-dataformat-xml-2.9.0.jar:/home/user/.m2/repository/com/fasterxml/jackson/module/jackson-module-jaxb-annotations/2.9.9/jackson-module-jaxb-annotations-2.9.9.jar:/home/user/.m2/repository/javax/enterprise/cdi-api/1.2/cdi-api-1.2.jar:/home/user/.m2/repository/javax/el/javax.el-api/3.0.0/javax.el-api-3.0.0.jar:/home/user/.m2/repository/javax/interceptor/javax.interceptor-api/1.2/javax.interceptor-api-1.2.jar:/home/user/.m2/repository/javax/inject/javax.inject/1/javax.inject-1.jar:/home/user/.m2/repository/com/sun/xml/bind/jaxb-core/2.3.0.1/jaxb-core-2.3.0.1.jar:/home/user/.m2/repository/javax/xml/bind/jaxb-api/2.3.0/jaxb-api-2.3.0.jar:/home/user/.m2/repository/javax/activation/activation/1.1.1/activation-1.1.1.jar:/home/user/.m2/repository/org/apache/hadoop/hadoop-ozone-csi/0.5.0-SNAPSHOT/hadoop-ozone-csi-0.5.0-SNAPSHOT.jar:/home/user/.m2/repository/com/google/protobuf/protobuf-java-util/3.5.1/protobuf-java-util-3.5.1.jar:/home/user/.m2/repository/io/grpc/grpc-netty/1.17.1/grpc-netty-1.17.1.jar:/home/user/.m2/repository/io/grpc/grpc-core/1.17.1/grpc-core-1.17.1.jar:/home/user/.m2/repository/io/grpc/grpc-context/1.17.1/grpc-context-1.17.1.jar:/home/user/.m2/repository/com/google/errorprone/error_prone_annotations/2.2.0/error_prone_annotations-2.2.0.jar:/home/user/.m2/repository/org/codehaus/mojo/animal-sniffer-annotations/1.17/animal-sniffer-annotations-1.17.jar:/home/user/.m2/repository/io/opencensus/opencensus-api/0.17.0/opencensus-api-0.17.0.jar:/home/user/.m2/repository/io/opencensus/opencensus-contrib-grpc-metrics/0.17.0/opencensus-contrib-grpc-metrics-0.17.0.jar:/home/user/.m2/repository/io/netty/netty-codec-http2/4.1.30.Final/netty-codec-http2-4.1.30.Final.jar:/home/user/.m2/repository/io/netty/netty-codec-http/4.1.30.Final/netty-codec-http-4.1.30.Final.jar:/home/user/.m2/repository/io/netty/netty-codec/4.1.30.Final/netty-codec-4.1.30.Final.jar:/home/user/.m2/repository/io/netty/netty-handler/4.1.30.Final/netty-handler-4.1.30.Final.jar:/home/user/.m2/repository/io/netty/netty-handler-proxy/4.1.30.Final/netty-handler-proxy-4.1.30.Final.jar:/home/user/.m2/repository/io/netty/netty-codec-socks/4.1.30.Final/netty-codec-socks-4.1.30.Final.jar:/home/user/.m2/repository/io/netty/netty-transport-native-epoll/4.1.30.Final/netty-transport-native-epoll-4.1.30.Final.jar:/home/user/.m2/repository/io/netty/netty-common/4.1.30.Final/netty-common-4.1.30.Final.jar:/home/user/.m2/repository/io/netty/netty-buffer/4.1.30.Final/netty-buffer-4.1.30.Final.jar:/home/user/.m2/repository/io/netty/netty-transport/4.1.30.Final/netty-transport-4.1.30.Final.jar:/home/user/.m2/repository/io/netty/netty-resolver/4.1.30.Final/netty-resolver-4.1.30.Final.jar:/home/user/.m2/repository/io/netty/netty-transport-native-unix-common/4.1.30.Final/netty-transport-native-unix-common-4.1.30.Final.jar:/home/user/.m2/repository/io/grpc/grpc-protobuf/1.17.1/grpc-protobuf-1.17.1.jar:/home/user/.m2/repository/com/google/api/grpc/proto-google-common-protos/1.0.0/proto-google-common-protos-1.0.0.jar:/home/user/.m2/repository/io/grpc/grpc-protobuf-lite/1.17.1/grpc-protobuf-lite-1.17.1.jar:/home/user/.m2/repository/io/grpc/grpc-stub/1.17.1/grpc-stub-1.17.1.jar:/home/user/.m2/repository/org/apache/hadoop/hadoop-ozone-recon/0.5.0-SNAPSHOT/hadoop-ozone-recon-0.5.0-SNAPSHOT.jar:/home/user/.m2/repository/org/apache/hadoop/hadoop-ozone-reconcodegen/0.5.0-SNAPSHOT/hadoop-ozone-reconcodegen-0.5.0-SNAPSHOT.jar:/home/user/.m2/repository/com/google/inject/extensions/guice-multibindings/4.0/guice-multibindings-4.0.jar:/home/user/.m2/repository/com/google/inject/guice/4.0/guice-4.0.jar:/home/user/.m2/repository/aopalliance/aopalliance/1.0/aopalliance-1.0.jar:/home/user/.m2/repository/org/glassfish/jersey/containers/jersey-container-servlet/2.27/jersey-container-servlet-2.27.jar:/home/user/.m2/repository/org/glassfish/hk2/guice-bridge/2.5.0/guice-bridge-2.5.0.jar:/home/user/.m2/repository/org/glassfish/jersey/core/jersey-server/2.27/jersey-server-2.27.jar:/home/user/.m2/repository/org/glassfish/jersey/core/jersey-client/2.27/jersey-client-2.27.jar:/home/user/.m2/repository/org/glassfish/jersey/media/jersey-media-jaxb/2.27/jersey-media-jaxb-2.27.jar:/home/user/.m2/repository/javax/validation/validation-api/1.1.0.Final/validation-api-1.1.0.Final.jar:/home/user/.m2/repository/org/glassfish/jersey/media/jersey-media-json-jackson/2.27/jersey-media-json-jackson-2.27.jar:/home/user/.m2/repository/org/glassfish/jersey/ext/jersey-entity-filtering/2.27/jersey-entity-filtering-2.27.jar:/home/user/.m2/repository/com/google/inject/extensions/guice-assistedinject/4.0/guice-assistedinject-4.0.jar:/home/user/.m2/repository/org/jooq/jooq/3.11.10/jooq-3.11.10.jar:/home/user/.m2/repository/org/jooq/jooq-meta/3.11.10/jooq-meta-3.11.10.jar:/home/user/.m2/repository/org/jooq/jooq-codegen/3.11.10/jooq-codegen-3.11.10.jar:/home/user/.m2/repository/com/jolbox/bonecp/0.8.0.RELEASE/bonecp-0.8.0.RELEASE.jar:/home/user/.m2/repository/org/springframework/spring-jdbc/5.1.3.RELEASE/spring-jdbc-5.1.3.RELEASE.jar:/home/user/.m2/repository/org/springframework/spring-beans/5.1.3.RELEASE/spring-beans-5.1.3.RELEASE.jar:/home/user/.m2/repository/org/springframework/spring-core/5.1.3.RELEASE/spring-core-5.1.3.RELEASE.jar:/home/user/.m2/repository/org/springframework/spring-jcl/5.1.3.RELEASE/spring-jcl-5.1.3.RELEASE.jar:/home/user/.m2/repository/org/springframework/spring-tx/5.1.3.RELEASE/spring-tx-5.1.3.RELEASE.jar:/home/user/.m2/repository/org/mockito/mockito-all/1.10.19/mockito-all-1.10.19.jar:/home/user/.m2/repository/junit/junit/4.11/junit-4.11.jar:/home/user/.m2/repository/org/hamcrest/hamcrest-core/1.3/hamcrest-core-1.3.jar:/home/user/.m2/repository/org/apache/hadoop/hadoop-distcp/3.2.0/hadoop-distcp-3.2.0.jar:/home/user/.m2/repository/org/apache/hadoop/hadoop-distcp/3.2.0/hadoop-distcp-3.2.0-tests.jar:/home/user/.m2/repository/org/apache/hadoop/hadoop-mapreduce-client-jobclient/3.2.0/hadoop-mapreduce-client-jobclient-3.2.0.jar:/home/user/.m2/repository/org/apache/hadoop/hadoop-mapreduce-client-common/3.2.0/hadoop-mapreduce-client-common-3.2.0.jar:/home/user/.m2/repository/org/apache/hadoop/hadoop-yarn-common/3.2.0/hadoop-yarn-common-3.2.0.jar:/home/user/.m2/repository/org/apache/hadoop/hadoop-yarn-api/3.2.0/hadoop-yarn-api-3.2.0.jar:/home/user/.m2/repository/com/sun/jersey/jersey-client/1.19/jersey-client-1.19.jar:/home/user/.m2/repository/com/sun/jersey/contribs/jersey-guice/1.19/jersey-guice-1.19.jar:/home/user/.m2/repository/com/fasterxml/jackson/jaxrs/jackson-jaxrs-json-provider/2.9.9/jackson-jaxrs-json-provider-2.9.9.jar:/home/user/.m2/repository/com/fasterxml/jackson/jaxrs/jackson-jaxrs-base/2.9.9/jackson-jaxrs-base-2.9.9.jar:/home/user/.m2/repository/org/apache/hadoop/hadoop-yarn-client/3.2.0/hadoop-yarn-client-3.2.0.jar:/home/user/.m2/repository/org/apache/hadoop/hadoop-mapreduce-client-core/3.2.0/hadoop-mapreduce-client-core-3.2.0.jar:/home/user/.m2/repository/com/google/inject/extensions/guice-servlet/4.0/guice-servlet-4.0.jar:/home/user/.m2/repository/org/powermock/powermock-module-junit4/1.6.5/powermock-module-junit4-1.6.5.jar:/home/user/.m2/repository/org/powermock/powermock-module-junit4-common/1.6.5/powermock-module-junit4-common-1.6.5.jar:/home/user/.m2/repository/org/powermock/powermock-core/1.6.5/powermock-core-1.6.5.jar:/home/user/.m2/repository/org/powermock/powermock-reflect/1.6.5/powermock-reflect-1.6.5.jar:/home/user/.m2/repository/org/powermock/powermock-api-mockito/1.6.5/powermock-api-mockito-1.6.5.jar:/home/user/.m2/repository/org/mockito/mockito-core/1.10.19/mockito-core-1.10.19.jar:/home/user/.m2/repository/org/objenesis/objenesis/1.0/objenesis-1.0.jar:/home/user/.m2/repository/org/powermock/powermock-api-mockito-common/1.6.5/powermock-api-mockito-common-1.6.5.jar:/home/user/.m2/repository/org/powermock/powermock-api-support/1.6.5/powermock-api-support-1.6.5.jar:"/>
    <property name="java.vm.vendor" value="Oracle Corporation"/>
    <property name="sun.arch.data.model" value="64"/>
    <property name="test.build.dir" value="/workdir/hadoop-ozone/ozonefs/target/test-dir"/>
    <property name="test.cache.data" value=""/>
    <property name="java.vendor.url" value="http://java.oracle.com/"/>
    <property name="user.timezone" value=""/>
    <property name="java.vm.specification.version" value="1.8"/>
    <property name="os.name" value="Linux"/>
    <property name="test.build.data" value="/workdir/hadoop-ozone/ozonefs/target/test-dir"/>
    <property name="user.country" value="US"/>
    <property name="sun.java.launcher" value="SUN_STANDARD"/>
    <property name="sun.boot.library.path" value="/usr/lib/jvm/java-1.8.0-openjdk-1.8.0.222.b10-1.el7_7.x86_64/jre/lib/amd64"/>
    <property name="sun.java.command" value="/workdir/hadoop-ozone/ozonefs/target/surefire/surefirebooter2135607561165465379.jar /workdir/hadoop-ozone/ozonefs/target/surefire 2019-10-17T18-57-27_965-jvmRun1 surefire8445529995222162729tmp surefire_912726926417904924809tmp"/>
    <property name="surefire.test.class.path" value="/workdir/hadoop-ozone/ozonefs/target/test-classes:/workdir/hadoop-ozone/ozonefs/target/classes:/home/user/.m2/repository/org/apache/hadoop/hadoop-common/3.2.0/hadoop-common-3.2.0.jar:/home/user/.m2/repository/org/apache/hadoop/hadoop-annotations/3.2.0/hadoop-annotations-3.2.0.jar:/usr/lib/jvm/java-1.8.0-openjdk-1.8.0.222.b10-1.el7_7.x86_64/jre/../lib/tools.jar:/home/user/.m2/repository/com/google/guava/guava/11.0.2/guava-11.0.2.jar:/home/user/.m2/repository/commons-cli/commons-cli/1.2/commons-cli-1.2.jar:/home/user/.m2/repository/org/apache/commons/commons-math3/3.1.1/commons-math3-3.1.1.jar:/home/user/.m2/repository/commons-codec/commons-codec/1.11/commons-codec-1.11.jar:/home/user/.m2/repository/commons-io/commons-io/2.5/commons-io-2.5.jar:/home/user/.m2/repository/commons-net/commons-net/3.6/commons-net-3.6.jar:/home/user/.m2/repository/commons-collections/commons-collections/3.2.2/commons-collections-3.2.2.jar:/home/user/.m2/repository/javax/servlet/javax.servlet-api/3.1.0/javax.servlet-api-3.1.0.jar:/home/user/.m2/repository/org/eclipse/jetty/jetty-server/9.3.25.v20180904/jetty-server-9.3.25.v20180904.jar:/home/user/.m2/repository/org/eclipse/jetty/jetty-http/9.3.25.v20180904/jetty-http-9.3.25.v20180904.jar:/home/user/.m2/repository/org/eclipse/jetty/jetty-io/9.3.25.v20180904/jetty-io-9.3.25.v20180904.jar:/home/user/.m2/repository/org/eclipse/jetty/jetty-util/9.3.25.v20180904/jetty-util-9.3.25.v20180904.jar:/home/user/.m2/repository/org/eclipse/jetty/jetty-servlet/9.3.25.v20180904/jetty-servlet-9.3.25.v20180904.jar:/home/user/.m2/repository/org/eclipse/jetty/jetty-security/9.3.25.v20180904/jetty-security-9.3.25.v20180904.jar:/home/user/.m2/repository/org/eclipse/jetty/jetty-webapp/9.3.25.v20180904/jetty-webapp-9.3.25.v20180904.jar:/home/user/.m2/repository/org/eclipse/jetty/jetty-xml/9.3.25.v20180904/jetty-xml-9.3.25.v20180904.jar:/home/user/.m2/repository/javax/servlet/jsp/jsp-api/2.1/jsp-api-2.1.jar:/home/user/.m2/repository/com/sun/jersey/jersey-core/1.19/jersey-core-1.19.jar:/home/user/.m2/repository/javax/ws/rs/jsr311-api/1.1.1/jsr311-api-1.1.1.jar:/home/user/.m2/repository/com/sun/jersey/jersey-servlet/1.19/jersey-servlet-1.19.jar:/home/user/.m2/repository/com/sun/jersey/jersey-json/1.19/jersey-json-1.19.jar:/home/user/.m2/repository/org/codehaus/jettison/jettison/1.1/jettison-1.1.jar:/home/user/.m2/repository/com/sun/xml/bind/jaxb-impl/2.3.0.1/jaxb-impl-2.3.0.1.jar:/home/user/.m2/repository/org/codehaus/jackson/jackson-core-asl/1.9.13/jackson-core-asl-1.9.13.jar:/home/user/.m2/repository/org/codehaus/jackson/jackson-mapper-asl/1.9.13/jackson-mapper-asl-1.9.13.jar:/home/user/.m2/repository/org/codehaus/jackson/jackson-jaxrs/1.9.13/jackson-jaxrs-1.9.13.jar:/home/user/.m2/repository/org/codehaus/jackson/jackson-xc/1.9.13/jackson-xc-1.9.13.jar:/home/user/.m2/repository/com/sun/jersey/jersey-server/1.19/jersey-server-1.19.jar:/home/user/.m2/repository/commons-logging/commons-logging/1.1.3/commons-logging-1.1.3.jar:/home/user/.m2/repository/log4j/log4j/1.2.17/log4j-1.2.17.jar:/home/user/.m2/repository/commons-beanutils/commons-beanutils/1.9.4/commons-beanutils-1.9.4.jar:/home/user/.m2/repository/org/apache/commons/commons-configuration2/2.1.1/commons-configuration2-2.1.1.jar:/home/user/.m2/repository/org/apache/commons/commons-lang3/3.7/commons-lang3-3.7.jar:/home/user/.m2/repository/org/apache/commons/commons-text/1.4/commons-text-1.4.jar:/home/user/.m2/repository/org/slf4j/slf4j-api/1.7.25/slf4j-api-1.7.25.jar:/home/user/.m2/repository/org/slf4j/slf4j-log4j12/1.7.25/slf4j-log4j12-1.7.25.jar:/home/user/.m2/repository/org/apache/avro/avro/1.7.7/avro-1.7.7.jar:/home/user/.m2/repository/com/thoughtworks/paranamer/paranamer/2.3/paranamer-2.3.jar:/home/user/.m2/repository/org/xerial/snappy/snappy-java/1.0.5/snappy-java-1.0.5.jar:/home/user/.m2/repository/com/google/re2j/re2j/1.1/re2j-1.1.jar:/home/user/.m2/repository/com/google/protobuf/protobuf-java/2.5.0/protobuf-java-2.5.0.jar:/home/user/.m2/repository/com/google/code/gson/gson/2.2.4/gson-2.2.4.jar:/home/user/.m2/repository/org/apache/hadoop/hadoop-auth/3.2.0/hadoop-auth-3.2.0.jar:/home/user/.m2/repository/com/nimbusds/nimbus-jose-jwt/4.41.1/nimbus-jose-jwt-4.41.1.jar:/home/user/.m2/repository/com/github/stephenc/jcip/jcip-annotations/1.0-1/jcip-annotations-1.0-1.jar:/home/user/.m2/repository/net/minidev/json-smart/2.3/json-smart-2.3.jar:/home/user/.m2/repository/net/minidev/accessors-smart/1.2/accessors-smart-1.2.jar:/home/user/.m2/repository/org/apache/curator/curator-framework/2.12.0/curator-framework-2.12.0.jar:/home/user/.m2/repository/com/jcraft/jsch/0.1.54/jsch-0.1.54.jar:/home/user/.m2/repository/org/apache/curator/curator-client/2.12.0/curator-client-2.12.0.jar:/home/user/.m2/repository/org/apache/curator/curator-recipes/2.12.0/curator-recipes-2.12.0.jar:/home/user/.m2/repository/com/google/code/findbugs/jsr305/3.0.0/jsr305-3.0.0.jar:/home/user/.m2/repository/org/apache/htrace/htrace-core4/4.1.0-incubating/htrace-core4-4.1.0-incubating.jar:/home/user/.m2/repository/org/apache/zookeeper/zookeeper/3.4.13/zookeeper-3.4.13.jar:/home/user/.m2/repository/jline/jline/0.9.94/jline-0.9.94.jar:/home/user/.m2/repository/org/apache/yetus/audience-annotations/0.5.0/audience-annotations-0.5.0.jar:/home/user/.m2/repository/org/apache/commons/commons-compress/1.4.1/commons-compress-1.4.1.jar:/home/user/.m2/repository/org/tukaani/xz/1.0/xz-1.0.jar:/home/user/.m2/repository/org/apache/kerby/kerb-simplekdc/1.0.1/kerb-simplekdc-1.0.1.jar:/home/user/.m2/repository/org/apache/kerby/kerb-client/1.0.1/kerb-client-1.0.1.jar:/home/user/.m2/repository/org/apache/kerby/kerby-config/1.0.1/kerby-config-1.0.1.jar:/home/user/.m2/repository/org/apache/kerby/kerb-core/1.0.1/kerb-core-1.0.1.jar:/home/user/.m2/repository/org/apache/kerby/kerby-pkix/1.0.1/kerby-pkix-1.0.1.jar:/home/user/.m2/repository/org/apache/kerby/kerby-asn1/1.0.1/kerby-asn1-1.0.1.jar:/home/user/.m2/repository/org/apache/kerby/kerby-util/1.0.1/kerby-util-1.0.1.jar:/home/user/.m2/repository/org/apache/kerby/kerb-common/1.0.1/kerb-common-1.0.1.jar:/home/user/.m2/repository/org/apache/kerby/kerb-crypto/1.0.1/kerb-crypto-1.0.1.jar:/home/user/.m2/repository/org/apache/kerby/kerb-util/1.0.1/kerb-util-1.0.1.jar:/home/user/.m2/repository/org/apache/kerby/token-provider/1.0.1/token-provider-1.0.1.jar:/home/user/.m2/repository/org/apache/kerby/kerb-admin/1.0.1/kerb-admin-1.0.1.jar:/home/user/.m2/repository/org/apache/kerby/kerb-server/1.0.1/kerb-server-1.0.1.jar:/home/user/.m2/repository/org/apache/kerby/kerb-identity/1.0.1/kerb-identity-1.0.1.jar:/home/user/.m2/repository/org/apache/kerby/kerby-xdr/1.0.1/kerby-xdr-1.0.1.jar:/home/user/.m2/repository/com/fasterxml/jackson/core/jackson-databind/2.9.9/jackson-databind-2.9.9.jar:/home/user/.m2/repository/com/fasterxml/jackson/core/jackson-annotations/2.9.9/jackson-annotations-2.9.9.jar:/home/user/.m2/repository/com/fasterxml/jackson/core/jackson-core/2.9.9/jackson-core-2.9.9.jar:/home/user/.m2/repository/org/codehaus/woodstox/stax2-api/3.1.4/stax2-api-3.1.4.jar:/home/user/.m2/repository/com/fasterxml/woodstox/woodstox-core/5.0.3/woodstox-core-5.0.3.jar:/home/user/.m2/repository/dnsjava/dnsjava/2.1.7/dnsjava-2.1.7.jar:/home/user/.m2/repository/org/apache/hadoop/hadoop-hdfs/3.2.0/hadoop-hdfs-3.2.0.jar:/home/user/.m2/repository/org/eclipse/jetty/jetty-util-ajax/9.3.25.v20180904/jetty-util-ajax-9.3.25.v20180904.jar:/home/user/.m2/repository/commons-daemon/commons-daemon/1.0.13/commons-daemon-1.0.13.jar:/home/user/.m2/repository/io/netty/netty/3.10.5.Final/netty-3.10.5.Final.jar:/home/user/.m2/repository/io/netty/netty-all/4.0.52.Final/netty-all-4.0.52.Final.jar:/home/user/.m2/repository/org/fusesource/leveldbjni/leveldbjni-all/1.8/leveldbjni-all-1.8.jar:/home/user/.m2/repository/org/apache/hadoop/hadoop-hdds-common/0.5.0-SNAPSHOT/hadoop-hdds-common-0.5.0-SNAPSHOT.jar:/home/user/.m2/repository/org/apache/hadoop/hadoop-hdds-config/0.5.0-SNAPSHOT/hadoop-hdds-config-0.5.0-SNAPSHOT.jar:/home/user/.m2/repository/javax/annotation/javax.annotation-api/1.2/javax.annotation-api-1.2.jar:/home/user/.m2/repository/org/apache/ratis/ratis-server/0.5.0-3f446aa-SNAPSHOT/ratis-server-0.5.0-3f446aa-SNAPSHOT.jar:/home/user/.m2/repository/org/apache/ratis/ratis-thirdparty-misc/0.2.0/ratis-thirdparty-misc-0.2.0.jar:/home/user/.m2/repository/org/apache/ratis/ratis-proto/0.5.0-3f446aa-SNAPSHOT/ratis-proto-0.5.0-3f446aa-SNAPSHOT.jar:/home/user/.m2/repository/org/apache/ratis/ratis-common/0.5.0-3f446aa-SNAPSHOT/ratis-common-0.5.0-3f446aa-SNAPSHOT.jar:/home/user/.m2/repository/org/apache/ratis/ratis-client/0.5.0-3f446aa-SNAPSHOT/ratis-client-0.5.0-3f446aa-SNAPSHOT.jar:/home/user/.m2/repository/org/apache/ratis/ratis-metrics/0.5.0-3f446aa-SNAPSHOT/ratis-metrics-0.5.0-3f446aa-SNAPSHOT.jar:/home/user/.m2/repository/com/github/joshelser/dropwizard-metrics-hadoop-metrics2-reporter/0.1.2/dropwizard-metrics-hadoop-metrics2-reporter-0.1.2.jar:/home/user/.m2/repository/io/dropwizard/metrics/metrics-jvm/3.2.5/metrics-jvm-3.2.5.jar:/home/user/.m2/repository/io/dropwizard/metrics/metrics-ganglia/3.2.5/metrics-ganglia-3.2.5.jar:/home/user/.m2/repository/info/ganglia/gmetric4j/gmetric4j/1.0.7/gmetric4j-1.0.7.jar:/home/user/.m2/repository/org/apache/ratis/ratis-netty/0.5.0-3f446aa-SNAPSHOT/ratis-netty-0.5.0-3f446aa-SNAPSHOT.jar:/home/user/.m2/repository/org/apache/ratis/ratis-grpc/0.5.0-3f446aa-SNAPSHOT/ratis-grpc-0.5.0-3f446aa-SNAPSHOT.jar:/home/user/.m2/repository/org/rocksdb/rocksdbjni/6.0.1/rocksdbjni-6.0.1.jar:/home/user/.m2/repository/org/apache/logging/log4j/log4j-api/2.11.0/log4j-api-2.11.0.jar:/home/user/.m2/repository/org/apache/logging/log4j/log4j-core/2.11.0/log4j-core-2.11.0.jar:/home/user/.m2/repository/com/lmax/disruptor/3.4.2/disruptor-3.4.2.jar:/home/user/.m2/repository/org/apache/commons/commons-pool2/2.6.0/commons-pool2-2.6.0.jar:/home/user/.m2/repository/org/bouncycastle/bcpkix-jdk15on/1.60/bcpkix-jdk15on-1.60.jar:/home/user/.m2/repository/commons-validator/commons-validator/1.6/commons-validator-1.6.jar:/home/user/.m2/repository/commons-digester/commons-digester/1.8.1/commons-digester-1.8.1.jar:/home/user/.m2/repository/io/jaegertracing/jaeger-client/0.34.0/jaeger-client-0.34.0.jar:/home/user/.m2/repository/io/jaegertracing/jaeger-thrift/0.34.0/jaeger-thrift-0.34.0.jar:/home/user/.m2/repository/org/apache/thrift/libthrift/0.12.0/libthrift-0.12.0.jar:/home/user/.m2/repository/com/squareup/okhttp3/okhttp/3.9.0/okhttp-3.9.0.jar:/home/user/.m2/repository/com/squareup/okio/okio/1.13.0/okio-1.13.0.jar:/home/user/.m2/repository/io/jaegertracing/jaeger-core/0.34.0/jaeger-core-0.34.0.jar:/home/user/.m2/repository/io/jaegertracing/jaeger-tracerresolver/0.34.0/jaeger-tracerresolver-0.34.0.jar:/home/user/.m2/repository/io/opentracing/contrib/opentracing-tracerresolver/0.1.5/opentracing-tracerresolver-0.1.5.jar:/home/user/.m2/repository/io/opentracing/opentracing-util/0.31.0/opentracing-util-0.31.0.jar:/home/user/.m2/repository/io/opentracing/opentracing-api/0.31.0/opentracing-api-0.31.0.jar:/home/user/.m2/repository/io/opentracing/opentracing-noop/0.31.0/opentracing-noop-0.31.0.jar:/home/user/.m2/repository/org/yaml/snakeyaml/1.16/snakeyaml-1.16.jar:/home/user/.m2/repository/org/apache/hadoop/hadoop-hdfs-client/3.2.0/hadoop-hdfs-client-3.2.0.jar:/home/user/.m2/repository/info/picocli/picocli/3.9.6/picocli-3.9.6.jar:/home/user/.m2/repository/org/apache/hadoop/hadoop-hdds-server-scm/0.5.0-SNAPSHOT/hadoop-hdds-server-scm-0.5.0-SNAPSHOT.jar:/home/user/.m2/repository/org/apache/hadoop/hadoop-hdds-docs/0.5.0-SNAPSHOT/hadoop-hdds-docs-0.5.0-SNAPSHOT.jar:/home/user/.m2/repository/io/dropwizard/metrics/metrics-core/3.2.4/metrics-core-3.2.4.jar:/home/user/.m2/repository/org/hamcrest/hamcrest-all/1.3/hamcrest-all-1.3.jar:/home/user/.m2/repository/org/bouncycastle/bcprov-jdk15on/1.60/bcprov-jdk15on-1.60.jar:/home/user/.m2/repository/org/apache/hadoop/hadoop-hdds-server-framework/0.5.0-SNAPSHOT/hadoop-hdds-server-framework-0.5.0-SNAPSHOT.jar:/home/user/.m2/repository/org/apache/hadoop/hadoop-ozone-ozone-manager/0.5.0-SNAPSHOT/hadoop-ozone-ozone-manager-0.5.0-SNAPSHOT.jar:/home/user/.m2/repository/org/apache/hadoop/hadoop-hdds-container-service/0.5.0-SNAPSHOT/hadoop-hdds-container-service-0.5.0-SNAPSHOT.jar:/home/user/.m2/repository/org/apache/hadoop/hadoop-hdds-client/0.5.0-SNAPSHOT/hadoop-hdds-client-0.5.0-SNAPSHOT.jar:/home/user/.m2/repository/org/apache/hadoop/hadoop-ozone-common/0.5.0-SNAPSHOT/hadoop-ozone-common-0.5.0-SNAPSHOT.jar:/home/user/.m2/repository/org/apache/hadoop/hadoop-hdds-tools/0.5.0-SNAPSHOT/hadoop-hdds-tools-0.5.0-SNAPSHOT.jar:/home/user/.m2/repository/org/xerial/sqlite-jdbc/3.25.2/sqlite-jdbc-3.25.2.jar:/home/user/.m2/repository/org/apache/httpcomponents/httpclient/4.5.2/httpclient-4.5.2.jar:/home/user/.m2/repository/org/apache/httpcomponents/httpcore/4.4.4/httpcore-4.4.4.jar:/home/user/.m2/repository/com/github/spotbugs/spotbugs/3.1.12/spotbugs-3.1.12.jar:/home/user/.m2/repository/org/ow2/asm/asm/5.0.4/asm-5.0.4.jar:/home/user/.m2/repository/org/ow2/asm/asm-analysis/7.0/asm-analysis-7.0.jar:/home/user/.m2/repository/org/ow2/asm/asm-commons/7.0/asm-commons-7.0.jar:/home/user/.m2/repository/org/ow2/asm/asm-tree/7.0/asm-tree-7.0.jar:/home/user/.m2/repository/org/ow2/asm/asm-util/7.0/asm-util-7.0.jar:/home/user/.m2/repository/org/apache/bcel/bcel/6.3/bcel-6.3.jar:/home/user/.m2/repository/net/jcip/jcip-annotations/1.0/jcip-annotations-1.0.jar:/home/user/.m2/repository/org/dom4j/dom4j/2.1.1/dom4j-2.1.1.jar:/home/user/.m2/repository/jaxen/jaxen/1.1.6/jaxen-1.1.6.jar:/home/user/.m2/repository/commons-lang/commons-lang/2.6/commons-lang-2.6.jar:/home/user/.m2/repository/com/github/spotbugs/spotbugs-annotations/3.1.12/spotbugs-annotations-3.1.12.jar:/home/user/.m2/repository/org/apache/hadoop/hadoop-common/3.2.0/hadoop-common-3.2.0-tests.jar:/home/user/.m2/repository/org/apache/hadoop/hadoop-ozone-client/0.5.0-SNAPSHOT/hadoop-ozone-client-0.5.0-SNAPSHOT.jar:/home/user/.m2/repository/org/apache/hadoop/hadoop-hdfs/3.2.0/hadoop-hdfs-3.2.0-tests.jar:/workdir/hadoop-ozone/integration-test/target/test-classes:/home/user/.m2/repository/org/apache/hadoop/hadoop-ozone-s3gateway/0.5.0-SNAPSHOT/hadoop-ozone-s3gateway-0.5.0-SNAPSHOT.jar:/home/user/.m2/repository/org/jboss/weld/servlet/weld-servlet/2.4.7.Final/weld-servlet-2.4.7.Final.jar:/home/user/.m2/repository/org/glassfish/jersey/containers/jersey-container-servlet-core/2.27/jersey-container-servlet-core-2.27.jar:/home/user/.m2/repository/org/glassfish/hk2/external/javax.inject/2.5.0-b42/javax.inject-2.5.0-b42.jar:/home/user/.m2/repository/org/glassfish/jersey/core/jersey-common/2.27/jersey-common-2.27.jar:/home/user/.m2/repository/org/glassfish/hk2/osgi-resource-locator/1.0.1/osgi-resource-locator-1.0.1.jar:/home/user/.m2/repository/javax/ws/rs/javax.ws.rs-api/2.1/javax.ws.rs-api-2.1.jar:/home/user/.m2/repository/org/glassfish/jersey/ext/cdi/jersey-cdi1x/2.27/jersey-cdi1x-2.27.jar:/home/user/.m2/repository/org/glassfish/jersey/inject/jersey-hk2/2.27/jersey-hk2-2.27.jar:/home/user/.m2/repository/org/glassfish/hk2/hk2-locator/2.5.0-b42/hk2-locator-2.5.0-b42.jar:/home/user/.m2/repository/org/javassist/javassist/3.22.0-CR2/javassist-3.22.0-CR2.jar:/home/user/.m2/repository/org/glassfish/hk2/hk2-api/2.5.0/hk2-api-2.5.0.jar:/home/user/.m2/repository/org/glassfish/hk2/external/jakarta.inject/2.5.0/jakarta.inject-2.5.0.jar:/home/user/.m2/repository/org/glassfish/hk2/hk2-utils/2.5.0/hk2-utils-2.5.0.jar:/home/user/.m2/repository/jakarta/annotation/jakarta.annotation-api/1.3.4/jakarta.annotation-api-1.3.4.jar:/home/user/.m2/repository/org/glassfish/hk2/external/aopalliance-repackaged/2.5.0/aopalliance-repackaged-2.5.0.jar:/home/user/.m2/repository/com/fasterxml/jackson/dataformat/jackson-dataformat-xml/2.9.0/jackson-dataformat-xml-2.9.0.jar:/home/user/.m2/repository/com/fasterxml/jackson/module/jackson-module-jaxb-annotations/2.9.9/jackson-module-jaxb-annotations-2.9.9.jar:/home/user/.m2/repository/javax/enterprise/cdi-api/1.2/cdi-api-1.2.jar:/home/user/.m2/repository/javax/el/javax.el-api/3.0.0/javax.el-api-3.0.0.jar:/home/user/.m2/repository/javax/interceptor/javax.interceptor-api/1.2/javax.interceptor-api-1.2.jar:/home/user/.m2/repository/javax/inject/javax.inject/1/javax.inject-1.jar:/home/user/.m2/repository/com/sun/xml/bind/jaxb-core/2.3.0.1/jaxb-core-2.3.0.1.jar:/home/user/.m2/repository/javax/xml/bind/jaxb-api/2.3.0/jaxb-api-2.3.0.jar:/home/user/.m2/repository/javax/activation/activation/1.1.1/activation-1.1.1.jar:/home/user/.m2/repository/org/apache/hadoop/hadoop-ozone-csi/0.5.0-SNAPSHOT/hadoop-ozone-csi-0.5.0-SNAPSHOT.jar:/home/user/.m2/repository/com/google/protobuf/protobuf-java-util/3.5.1/protobuf-java-util-3.5.1.jar:/home/user/.m2/repository/io/grpc/grpc-netty/1.17.1/grpc-netty-1.17.1.jar:/home/user/.m2/repository/io/grpc/grpc-core/1.17.1/grpc-core-1.17.1.jar:/home/user/.m2/repository/io/grpc/grpc-context/1.17.1/grpc-context-1.17.1.jar:/home/user/.m2/repository/com/google/errorprone/error_prone_annotations/2.2.0/error_prone_annotations-2.2.0.jar:/home/user/.m2/repository/org/codehaus/mojo/animal-sniffer-annotations/1.17/animal-sniffer-annotations-1.17.jar:/home/user/.m2/repository/io/opencensus/opencensus-api/0.17.0/opencensus-api-0.17.0.jar:/home/user/.m2/repository/io/opencensus/opencensus-contrib-grpc-metrics/0.17.0/opencensus-contrib-grpc-metrics-0.17.0.jar:/home/user/.m2/repository/io/netty/netty-codec-http2/4.1.30.Final/netty-codec-http2-4.1.30.Final.jar:/home/user/.m2/repository/io/netty/netty-codec-http/4.1.30.Final/netty-codec-http-4.1.30.Final.jar:/home/user/.m2/repository/io/netty/netty-codec/4.1.30.Final/netty-codec-4.1.30.Final.jar:/home/user/.m2/repository/io/netty/netty-handler/4.1.30.Final/netty-handler-4.1.30.Final.jar:/home/user/.m2/repository/io/netty/netty-handler-proxy/4.1.30.Final/netty-handler-proxy-4.1.30.Final.jar:/home/user/.m2/repository/io/netty/netty-codec-socks/4.1.30.Final/netty-codec-socks-4.1.30.Final.jar:/home/user/.m2/repository/io/netty/netty-transport-native-epoll/4.1.30.Final/netty-transport-native-epoll-4.1.30.Final.jar:/home/user/.m2/repository/io/netty/netty-common/4.1.30.Final/netty-common-4.1.30.Final.jar:/home/user/.m2/repository/io/netty/netty-buffer/4.1.30.Final/netty-buffer-4.1.30.Final.jar:/home/user/.m2/repository/io/netty/netty-transport/4.1.30.Final/netty-transport-4.1.30.Final.jar:/home/user/.m2/repository/io/netty/netty-resolver/4.1.30.Final/netty-resolver-4.1.30.Final.jar:/home/user/.m2/repository/io/netty/netty-transport-native-unix-common/4.1.30.Final/netty-transport-native-unix-common-4.1.30.Final.jar:/home/user/.m2/repository/io/grpc/grpc-protobuf/1.17.1/grpc-protobuf-1.17.1.jar:/home/user/.m2/repository/com/google/api/grpc/proto-google-common-protos/1.0.0/proto-google-common-protos-1.0.0.jar:/home/user/.m2/repository/io/grpc/grpc-protobuf-lite/1.17.1/grpc-protobuf-lite-1.17.1.jar:/home/user/.m2/repository/io/grpc/grpc-stub/1.17.1/grpc-stub-1.17.1.jar:/home/user/.m2/repository/org/apache/hadoop/hadoop-ozone-recon/0.5.0-SNAPSHOT/hadoop-ozone-recon-0.5.0-SNAPSHOT.jar:/home/user/.m2/repository/org/apache/hadoop/hadoop-ozone-reconcodegen/0.5.0-SNAPSHOT/hadoop-ozone-reconcodegen-0.5.0-SNAPSHOT.jar:/home/user/.m2/repository/com/google/inject/extensions/guice-multibindings/4.0/guice-multibindings-4.0.jar:/home/user/.m2/repository/com/google/inject/guice/4.0/guice-4.0.jar:/home/user/.m2/repository/aopalliance/aopalliance/1.0/aopalliance-1.0.jar:/home/user/.m2/repository/org/glassfish/jersey/containers/jersey-container-servlet/2.27/jersey-container-servlet-2.27.jar:/home/user/.m2/repository/org/glassfish/hk2/guice-bridge/2.5.0/guice-bridge-2.5.0.jar:/home/user/.m2/repository/org/glassfish/jersey/core/jersey-server/2.27/jersey-server-2.27.jar:/home/user/.m2/repository/org/glassfish/jersey/core/jersey-client/2.27/jersey-client-2.27.jar:/home/user/.m2/repository/org/glassfish/jersey/media/jersey-media-jaxb/2.27/jersey-media-jaxb-2.27.jar:/home/user/.m2/repository/javax/validation/validation-api/1.1.0.Final/validation-api-1.1.0.Final.jar:/home/user/.m2/repository/org/glassfish/jersey/media/jersey-media-json-jackson/2.27/jersey-media-json-jackson-2.27.jar:/home/user/.m2/repository/org/glassfish/jersey/ext/jersey-entity-filtering/2.27/jersey-entity-filtering-2.27.jar:/home/user/.m2/repository/com/google/inject/extensions/guice-assistedinject/4.0/guice-assistedinject-4.0.jar:/home/user/.m2/repository/org/jooq/jooq/3.11.10/jooq-3.11.10.jar:/home/user/.m2/repository/org/jooq/jooq-meta/3.11.10/jooq-meta-3.11.10.jar:/home/user/.m2/repository/org/jooq/jooq-codegen/3.11.10/jooq-codegen-3.11.10.jar:/home/user/.m2/repository/com/jolbox/bonecp/0.8.0.RELEASE/bonecp-0.8.0.RELEASE.jar:/home/user/.m2/repository/org/springframework/spring-jdbc/5.1.3.RELEASE/spring-jdbc-5.1.3.RELEASE.jar:/home/user/.m2/repository/org/springframework/spring-beans/5.1.3.RELEASE/spring-beans-5.1.3.RELEASE.jar:/home/user/.m2/repository/org/springframework/spring-core/5.1.3.RELEASE/spring-core-5.1.3.RELEASE.jar:/home/user/.m2/repository/org/springframework/spring-jcl/5.1.3.RELEASE/spring-jcl-5.1.3.RELEASE.jar:/home/user/.m2/repository/org/springframework/spring-tx/5.1.3.RELEASE/spring-tx-5.1.3.RELEASE.jar:/home/user/.m2/repository/org/mockito/mockito-all/1.10.19/mockito-all-1.10.19.jar:/home/user/.m2/repository/junit/junit/4.11/junit-4.11.jar:/home/user/.m2/repository/org/hamcrest/hamcrest-core/1.3/hamcrest-core-1.3.jar:/home/user/.m2/repository/org/apache/hadoop/hadoop-distcp/3.2.0/hadoop-distcp-3.2.0.jar:/home/user/.m2/repository/org/apache/hadoop/hadoop-distcp/3.2.0/hadoop-distcp-3.2.0-tests.jar:/home/user/.m2/repository/org/apache/hadoop/hadoop-mapreduce-client-jobclient/3.2.0/hadoop-mapreduce-client-jobclient-3.2.0.jar:/home/user/.m2/repository/org/apache/hadoop/hadoop-mapreduce-client-common/3.2.0/hadoop-mapreduce-client-common-3.2.0.jar:/home/user/.m2/repository/org/apache/hadoop/hadoop-yarn-common/3.2.0/hadoop-yarn-common-3.2.0.jar:/home/user/.m2/repository/org/apache/hadoop/hadoop-yarn-api/3.2.0/hadoop-yarn-api-3.2.0.jar:/home/user/.m2/repository/com/sun/jersey/jersey-client/1.19/jersey-client-1.19.jar:/home/user/.m2/repository/com/sun/jersey/contribs/jersey-guice/1.19/jersey-guice-1.19.jar:/home/user/.m2/repository/com/fasterxml/jackson/jaxrs/jackson-jaxrs-json-provider/2.9.9/jackson-jaxrs-json-provider-2.9.9.jar:/home/user/.m2/repository/com/fasterxml/jackson/jaxrs/jackson-jaxrs-base/2.9.9/jackson-jaxrs-base-2.9.9.jar:/home/user/.m2/repository/org/apache/hadoop/hadoop-yarn-client/3.2.0/hadoop-yarn-client-3.2.0.jar:/home/user/.m2/repository/org/apache/hadoop/hadoop-mapreduce-client-core/3.2.0/hadoop-mapreduce-client-core-3.2.0.jar:/home/user/.m2/repository/com/google/inject/extensions/guice-servlet/4.0/guice-servlet-4.0.jar:/home/user/.m2/repository/org/powermock/powermock-module-junit4/1.6.5/powermock-module-junit4-1.6.5.jar:/home/user/.m2/repository/org/powermock/powermock-module-junit4-common/1.6.5/powermock-module-junit4-common-1.6.5.jar:/home/user/.m2/repository/org/powermock/powermock-core/1.6.5/powermock-core-1.6.5.jar:/home/user/.m2/repository/org/powermock/powermock-reflect/1.6.5/powermock-reflect-1.6.5.jar:/home/user/.m2/repository/org/powermock/powermock-api-mockito/1.6.5/powermock-api-mockito-1.6.5.jar:/home/user/.m2/repository/org/mockito/mockito-core/1.10.19/mockito-core-1.10.19.jar:/home/user/.m2/repository/org/objenesis/objenesis/1.0/objenesis-1.0.jar:/home/user/.m2/repository/org/powermock/powermock-api-mockito-common/1.6.5/powermock-api-mockito-common-1.6.5.jar:/home/user/.m2/repository/org/powermock/powermock-api-support/1.6.5/powermock-api-support-1.6.5.jar:"/>
    <property name="sun.cpu.endian" value="little"/>
    <property name="user.home" value="/home/user"/>
    <property name="user.language" value="en"/>
    <property name="java.specification.vendor" value="Oracle Corporation"/>
    <property name="java.home" value="/usr/lib/jvm/java-1.8.0-openjdk-1.8.0.222.b10-1.el7_7.x86_64/jre"/>
    <property name="surefire.excludesFile" value="/tools/ozone-bad-unit-tests"/>
    <property name="java.security.krb5.conf" value="/workdir/hadoop-ozone/ozonefs/target/test-classes/krb5.conf"/>
    <property name="basedir" value="/workdir/hadoop-ozone/ozonefs"/>
    <property name="file.separator" value="/"/>
    <property name="line.separator" value="&#10;"/>
    <property name="java.vm.specification.vendor" value="Oracle Corporation"/>
    <property name="java.specification.name" value="Java Platform API Specification"/>
    <property name="java.awt.graphicsenv" value="sun.awt.X11GraphicsEnvironment"/>
    <property name="surefire.real.class.path" value="/workdir/hadoop-ozone/ozonefs/target/surefire/surefirebooter2135607561165465379.jar"/>
    <property name="hadoop.log.dir" value="/workdir/hadoop-ozone/ozonefs/target/log"/>
    <property name="sun.boot.class.path" value="/usr/lib/jvm/java-1.8.0-openjdk-1.8.0.222.b10-1.el7_7.x86_64/jre/lib/resources.jar:/usr/lib/jvm/java-1.8.0-openjdk-1.8.0.222.b10-1.el7_7.x86_64/jre/lib/rt.jar:/usr/lib/jvm/java-1.8.0-openjdk-1.8.0.222.b10-1.el7_7.x86_64/jre/lib/sunrsasign.jar:/usr/lib/jvm/java-1.8.0-openjdk-1.8.0.222.b10-1.el7_7.x86_64/jre/lib/jsse.jar:/usr/lib/jvm/java-1.8.0-openjdk-1.8.0.222.b10-1.el7_7.x86_64/jre/lib/jce.jar:/usr/lib/jvm/java-1.8.0-openjdk-1.8.0.222.b10-1.el7_7.x86_64/jre/lib/charsets.jar:/usr/lib/jvm/java-1.8.0-openjdk-1.8.0.222.b10-1.el7_7.x86_64/jre/lib/jfr.jar:/usr/lib/jvm/java-1.8.0-openjdk-1.8.0.222.b10-1.el7_7.x86_64/jre/classes"/>
    <property name="sun.management.compiler" value="HotSpot 64-Bit Tiered Compilers"/>
    <property name="java.runtime.version" value="1.8.0_222-b10"/>
    <property name="java.net.preferIPv4Stack" value="true"/>
    <property name="user.name" value="jenkins1000"/>
    <property name="path.separator" value=":"/>
    <property name="java.security.egd" value="file:///dev/urandom"/>
    <property name="os.version" value="3.10.0-957.12.2.el7.x86_64"/>
    <property name="java.endorsed.dirs" value="/usr/lib/jvm/java-1.8.0-openjdk-1.8.0.222.b10-1.el7_7.x86_64/jre/lib/endorsed"/>
    <property name="java.runtime.name" value="OpenJDK Runtime Environment"/>
    <property name="file.encoding" value="ANSI_X3.4-1968"/>
    <property name="java.vm.name" value="OpenJDK 64-Bit Server VM"/>
    <property name="test.build.webapps" value=""/>
    <property name="localRepository" value="/home/user/.m2/repository"/>
    <property name="java.vendor.url.bug" value="http://bugreport.sun.com/bugreport/"/>
    <property name="java.io.tmpdir" value="/tmp"/>
    <property name="require.test.libhadoop" value=""/>
    <property name="java.version" value="1.8.0_222"/>
    <property name="user.dir" value="/workdir/hadoop-ozone/ozonefs"/>
    <property name="os.arch" value="amd64"/>
    <property name="java.vm.specification.name" value="Java Virtual Machine Specification"/>
    <property name="test.build.classes" value="/workdir/hadoop-ozone/ozonefs/target/test-classes"/>
    <property name="java.awt.printerjob" value="sun.print.PSPrinterJob"/>
    <property name="sun.os.patch.level" value="unknown"/>
    <property name="hadoop.tmp.dir" value="/workdir/hadoop-ozone/ozonefs/target/tmp"/>
    <property name="java.library.path" value="/usr/lib:/workdir/hadoop-ozone/ozonefs/target/native/target/usr/local/lib:/workdir/hadoop-ozone/ozonefs/../../hadoop-common-project/hadoop-common/target/native/target/usr/local/lib:/usr/java/packages/lib/amd64:/usr/lib64:/lib64:/lib:/usr/lib"/>
    <property name="java.vm.info" value="mixed mode"/>
    <property name="java.vendor" value="Oracle Corporation"/>
    <property name="java.vm.version" value="25.222-b10"/>
    <property name="java.ext.dirs" value="/usr/lib/jvm/java-1.8.0-openjdk-1.8.0.222.b10-1.el7_7.x86_64/jre/lib/ext:/usr/java/packages/lib/ext"/>
    <property name="sun.io.unicode.encoding" value="UnicodeLittle"/>
    <property name="java.class.version" value="52.0"/>
  </properties>
  <testcase name="testReadFullyZeroBytebufferPastEOF" classname="org.apache.hadoop.fs.ozone.contract.ITestOzoneContractSeek" time="1.605">
    <error message="Allocated 0 blocks. Requested 1 blocks" type="INTERNAL_ERROR org.apache.hadoop.ozone.om.exceptions.OMException">INTERNAL_ERROR org.apache.hadoop.ozone.om.exceptions.OMException: Allocated 0 blocks. Requested 1 blocks
	at org.apache.hadoop.ozone.om.protocolPB.OzoneManagerProtocolClientSideTranslatorPB.handleError(OzoneManagerProtocolClientSideTranslatorPB.java:732)
	at org.apache.hadoop.ozone.om.protocolPB.OzoneManagerProtocolClientSideTranslatorPB.createFile(OzoneManagerProtocolClientSideTranslatorPB.java:1536)
	at sun.reflect.NativeMethodAccessorImpl.invoke0(Native Method)
	at sun.reflect.NativeMethodAccessorImpl.invoke(NativeMethodAccessorImpl.java:62)
	at sun.reflect.DelegatingMethodAccessorImpl.invoke(DelegatingMethodAccessorImpl.java:43)
	at java.lang.reflect.Method.invoke(Method.java:498)
	at org.apache.hadoop.hdds.tracing.TraceAllMethod.invoke(TraceAllMethod.java:66)
	at com.sun.proxy.$Proxy41.createFile(Unknown Source)
	at org.apache.hadoop.ozone.client.rpc.RpcClient.createFile(RpcClient.java:1006)
	at org.apache.hadoop.ozone.client.OzoneBucket.createFile(OzoneBucket.java:537)
	at org.apache.hadoop.fs.ozone.BasicOzoneClientAdapterImpl.createFile(BasicOzoneClientAdapterImpl.java:208)
	at org.apache.hadoop.fs.ozone.BasicOzoneFileSystem.createOutputStream(BasicOzoneFileSystem.java:250)
	at org.apache.hadoop.fs.ozone.BasicOzoneFileSystem.create(BasicOzoneFileSystem.java:231)
	at org.apache.hadoop.fs.FileSystem.create(FileSystem.java:1118)
	at org.apache.hadoop.fs.FileSystem.create(FileSystem.java:1098)
	at org.apache.hadoop.fs.FileSystem.create(FileSystem.java:987)
	at org.apache.hadoop.fs.contract.ContractTestUtils.createFile(ContractTestUtils.java:633)
	at org.apache.hadoop.fs.contract.AbstractContractSeekTest.setup(AbstractContractSeekTest.java:64)
	at sun.reflect.NativeMethodAccessorImpl.invoke0(Native Method)
	at sun.reflect.NativeMethodAccessorImpl.invoke(NativeMethodAccessorImpl.java:62)
	at sun.reflect.DelegatingMethodAccessorImpl.invoke(DelegatingMethodAccessorImpl.java:43)
	at java.lang.reflect.Method.invoke(Method.java:498)
	at org.junit.runners.model.FrameworkMethod$1.runReflectiveCall(FrameworkMethod.java:47)
	at org.junit.internal.runners.model.ReflectiveCallable.run(ReflectiveCallable.java:12)
	at org.junit.runners.model.FrameworkMethod.invokeExplosively(FrameworkMethod.java:44)
	at org.junit.internal.runners.statements.RunBefores.evaluate(RunBefores.java:24)
	at org.junit.internal.runners.statements.RunAfters.evaluate(RunAfters.java:27)
	at org.junit.rules.TestWatcher$1.evaluate(TestWatcher.java:55)
	at org.junit.internal.runners.statements.FailOnTimeout$StatementThread.run(FailOnTimeout.java:74)
</error>
    <system-out><![CDATA[2019-10-17 20:23:59,405 [JUnit] WARN  server.ServerUtils (ServerUtils.java:getScmDbDir(145)) - ozone.scm.db.dirs is not configured. We recommend adding this setting. Falling back to ozone.metadata.dirs instead.
2019-10-17 20:23:59,500 [JUnit] WARN  server.ServerUtils (ServerUtils.java:getScmDbDir(145)) - ozone.scm.db.dirs is not configured. We recommend adding this setting. Falling back to ozone.metadata.dirs instead.
2019-10-17 20:23:59,503 [JUnit] WARN  server.ServerUtils (ServerUtils.java:getScmDbDir(145)) - ozone.scm.db.dirs is not configured. We recommend adding this setting. Falling back to ozone.metadata.dirs instead.
2019-10-17 20:23:59,527 [JUnit] INFO  util.log (Log.java:initialized(192)) - Logging initialized @810ms
2019-10-17 20:23:59,624 [JUnit] INFO  db.DBStoreBuilder (DBStoreBuilder.java:addTable(117)) - using custom profile for table: deletedBlocks
2019-10-17 20:23:59,625 [JUnit] INFO  db.DBStoreBuilder (DBStoreBuilder.java:processTables(168)) - Using default column profile:DBProfile.DISK for Table:deletedBlocks
2019-10-17 20:23:59,625 [JUnit] INFO  db.DBStoreBuilder (DBStoreBuilder.java:addTable(117)) - using custom profile for table: validCerts
2019-10-17 20:23:59,625 [JUnit] INFO  db.DBStoreBuilder (DBStoreBuilder.java:processTables(168)) - Using default column profile:DBProfile.DISK for Table:validCerts
2019-10-17 20:23:59,626 [JUnit] INFO  db.DBStoreBuilder (DBStoreBuilder.java:addTable(117)) - using custom profile for table: revokedCerts
2019-10-17 20:23:59,626 [JUnit] INFO  db.DBStoreBuilder (DBStoreBuilder.java:processTables(168)) - Using default column profile:DBProfile.DISK for Table:revokedCerts
2019-10-17 20:23:59,637 [JUnit] INFO  db.DBStoreBuilder (DBStoreBuilder.java:addTable(117)) - using custom profile for table: default
2019-10-17 20:23:59,637 [JUnit] INFO  db.DBStoreBuilder (DBStoreBuilder.java:processTables(174)) - Using default column profile:DBProfile.DISK for Table:default
2019-10-17 20:23:59,639 [JUnit] INFO  db.DBStoreBuilder (DBStoreBuilder.java:getDbProfile(205)) - Using default options. DBProfile.DISK
2019-10-17 20:23:59,989 [JUnit] INFO  net.NodeSchemaLoader (NodeSchemaLoader.java:loadSchemaFromFile(125)) - Loading file from sun.misc.CompoundEnumeration@10683d9d
2019-10-17 20:23:59,991 [JUnit] INFO  net.NodeSchemaLoader (NodeSchemaLoader.java:loadSchema(171)) - Loading network topology layer schema file
2019-10-17 20:24:00,082 [JUnit] WARN  server.ServerUtils (ServerUtils.java:sanitizeUserArgs(70)) - ozone.scm.stale.node.interval value = 300000 is larger than max = 100000 based on the key value of ozone.scm.heartbeat.thread.interval, reset to the max value 100000.
2019-10-17 20:24:00,085 [JUnit] WARN  server.ServerUtils (ServerUtils.java:sanitizeUserArgs(70)) - ozone.scm.stale.node.interval value = 300000 is larger than max = 100000 based on the key value of ozone.scm.heartbeat.thread.interval, reset to the max value 100000.
2019-10-17 20:24:00,088 [JUnit] INFO  node.SCMNodeManager (SCMNodeManager.java:<init>(116)) - Entering startup safe mode.
2019-10-17 20:24:00,234 [JUnit] INFO  algorithms.ContainerPlacementPolicyFactory (ContainerPlacementPolicyFactory.java:getPolicy(57)) - Create container placement policy of type org.apache.hadoop.hdds.scm.container.placement.algorithms.SCMContainerPlacementRandom
2019-10-17 20:24:00,249 [JUnit] WARN  server.ServerUtils (ServerUtils.java:getScmDbDir(145)) - ozone.scm.db.dirs is not configured. We recommend adding this setting. Falling back to ozone.metadata.dirs instead.
2019-10-17 20:24:00,356 [JUnit] INFO  pipeline.SCMPipelineManager (SCMPipelineManager.java:initializePipelineState(132)) - No pipeline exists in current db
2019-10-17 20:24:00,358 [JUnit] WARN  server.ServerUtils (ServerUtils.java:getScmDbDir(145)) - ozone.scm.db.dirs is not configured. We recommend adding this setting. Falling back to ozone.metadata.dirs instead.
2019-10-17 20:24:00,507 [JUnit] WARN  events.EventQueue (EventQueue.java:fireEvent(183)) - No event handler registered for event TypedEvent{payloadType=SafeModeStatus, name='SafeModeStatus'}
2019-10-17 20:24:00,896 [JUnit] INFO  ipc.CallQueueManager (CallQueueManager.java:<init>(84)) - Using callQueue: class java.util.concurrent.LinkedBlockingQueue, queueCapacity: 2000, scheduler: class org.apache.hadoop.ipc.DefaultRpcScheduler, ipcBackoff: false.
2019-10-17 20:24:01,026 [Socket Reader #1 for port 44393] INFO  ipc.Server (Server.java:run(1074)) - Starting Socket Reader #1 for port 44393
2019-10-17 20:24:01,061 [JUnit] INFO  ipc.CallQueueManager (CallQueueManager.java:<init>(84)) - Using callQueue: class java.util.concurrent.LinkedBlockingQueue, queueCapacity: 2000, scheduler: class org.apache.hadoop.ipc.DefaultRpcScheduler, ipcBackoff: false.
2019-10-17 20:24:01,063 [Socket Reader #1 for port 39481] INFO  ipc.Server (Server.java:run(1074)) - Starting Socket Reader #1 for port 39481
2019-10-17 20:24:01,075 [JUnit] INFO  ipc.CallQueueManager (CallQueueManager.java:<init>(84)) - Using callQueue: class java.util.concurrent.LinkedBlockingQueue, queueCapacity: 2000, scheduler: class org.apache.hadoop.ipc.DefaultRpcScheduler, ipcBackoff: false.
2019-10-17 20:24:01,076 [Socket Reader #1 for port 46250] INFO  ipc.Server (Server.java:run(1074)) - Starting Socket Reader #1 for port 46250
2019-10-17 20:24:01,103 [JUnit] INFO  hdfs.DFSUtil (DFSUtil.java:httpServerTemplateForNNAndJN(1641)) - Starting Web-server for scm at: http://0.0.0.0:0
2019-10-17 20:24:01,219 [JUnit] INFO  server.AuthenticationFilter (AuthenticationFilter.java:constructSecretProvider(240)) - Unable to initialize FileSignerSecretProvider, falling back to use random secrets.
2019-10-17 20:24:01,234 [JUnit] WARN  http.HttpRequestLog (HttpRequestLog.java:getRequestLog(97)) - Jetty request log can only be enabled using Log4j
2019-10-17 20:24:01,244 [JUnit] INFO  http.HttpServer2 (HttpServer2.java:addGlobalFilter(975)) - Added global filter 'safety' (class=org.apache.hadoop.http.HttpServer2$QuotingInputFilter)
2019-10-17 20:24:01,247 [JUnit] INFO  http.HttpServer2 (HttpServer2.java:addFilter(948)) - Added filter static_user_filter (class=org.apache.hadoop.http.lib.StaticUserWebFilter$StaticUserFilter) to context scm
2019-10-17 20:24:01,247 [JUnit] INFO  http.HttpServer2 (HttpServer2.java:addFilter(958)) - Added filter static_user_filter (class=org.apache.hadoop.http.lib.StaticUserWebFilter$StaticUserFilter) to context logs
2019-10-17 20:24:01,247 [JUnit] INFO  http.HttpServer2 (HttpServer2.java:addFilter(958)) - Added filter static_user_filter (class=org.apache.hadoop.http.lib.StaticUserWebFilter$StaticUserFilter) to context static
2019-10-17 20:24:01,272 [JUnit] INFO  server.StorageContainerManager (StorageContainerManager.java:start(772)) - StorageContainerLocationProtocol RPC server is listening at /0.0.0.0:46250
2019-10-17 20:24:01,317 [JUnit] WARN  impl.MetricsConfig (MetricsConfig.java:loadFirst(134)) - Cannot locate configuration: tried hadoop-metrics2-storagecontainermanager.properties,hadoop-metrics2.properties
2019-10-17 20:24:01,329 [JUnit] INFO  impl.MetricsSystemImpl (MetricsSystemImpl.java:startTimer(374)) - Scheduled Metric snapshot period at 10 second(s).
2019-10-17 20:24:01,329 [JUnit] INFO  impl.MetricsSystemImpl (MetricsSystemImpl.java:start(191)) - StorageContainerManager metrics system started
2019-10-17 20:24:01,491 [JUnit] INFO  server.SCMClientProtocolServer (SCMClientProtocolServer.java:start(159)) - RPC server for Client  is listening at /0.0.0.0:46250
2019-10-17 20:24:01,492 [IPC Server listener on 46250] INFO  ipc.Server (Server.java:run(1153)) - IPC Server listener on 46250: starting
2019-10-17 20:24:01,492 [IPC Server Responder] INFO  ipc.Server (Server.java:run(1314)) - IPC Server Responder: starting
2019-10-17 20:24:01,495 [JUnit] INFO  server.StorageContainerManager (StorageContainerManager.java:start(782)) - ScmBlockLocationProtocol RPC server is listening at /0.0.0.0:39481
2019-10-17 20:24:01,495 [JUnit] INFO  server.SCMBlockProtocolServer (SCMBlockProtocolServer.java:start(146)) - RPC server for Block Protocol is listening at /0.0.0.0:39481
2019-10-17 20:24:01,496 [IPC Server Responder] INFO  ipc.Server (Server.java:run(1314)) - IPC Server Responder: starting
2019-10-17 20:24:01,496 [IPC Server listener on 39481] INFO  ipc.Server (Server.java:run(1153)) - IPC Server listener on 39481: starting
2019-10-17 20:24:01,498 [JUnit] INFO  server.StorageContainerManager (StorageContainerManager.java:start(786)) - ScmDatanodeProtocl RPC server is listening at /0.0.0.0:44393
2019-10-17 20:24:01,498 [JUnit] INFO  server.SCMDatanodeProtocolServer (SCMDatanodeProtocolServer.java:start(169)) - RPC server for DataNodes is listening at /0.0.0.0:44393
2019-10-17 20:24:01,499 [IPC Server Responder] INFO  ipc.Server (Server.java:run(1314)) - IPC Server Responder: starting
2019-10-17 20:24:01,499 [IPC Server listener on 44393] INFO  ipc.Server (Server.java:run(1153)) - IPC Server listener on 44393: starting
2019-10-17 20:24:01,502 [JUnit] INFO  http.HttpServer2 (HttpServer2.java:bindListener(1191)) - Jetty bound to port 42179
2019-10-17 20:24:01,503 [JUnit] INFO  server.Server (Server.java:doStart(351)) - jetty-9.3.25.v20180904, build timestamp: 2018-09-04T21:11:46Z, git hash: 3ce520221d0240229c862b122d2b06c12a625732
2019-10-17 20:24:01,528 [JUnit] INFO  handler.ContextHandler (ContextHandler.java:doStart(781)) - Started o.e.j.s.ServletContextHandler@6475472c{/logs,file:///workdir/hadoop-ozone/ozonefs/target/log,AVAILABLE}
2019-10-17 20:24:01,529 [JUnit] INFO  handler.ContextHandler (ContextHandler.java:doStart(781)) - Started o.e.j.s.ServletContextHandler@3e14c16d{/static,jar:file:/home/user/.m2/repository/org/apache/hadoop/hadoop-hdds-server-scm/0.5.0-SNAPSHOT/hadoop-hdds-server-scm-0.5.0-SNAPSHOT.jar!/webapps/static,AVAILABLE}
2019-10-17 20:24:01,586 [JUnit] INFO  handler.ContextHandler (ContextHandler.java:doStart(781)) - Started o.e.j.w.WebAppContext@649f2009{/,file:///tmp/jetty-0.0.0.0-42179-scm-_-any-3348235982753020971.dir/webapp/,AVAILABLE}{/scm}
2019-10-17 20:24:01,590 [JUnit] INFO  server.AbstractConnector (AbstractConnector.java:doStart(278)) - Started ServerConnector@2db2cd5{HTTP/1.1,[http/1.1]}{0.0.0.0:42179}
2019-10-17 20:24:01,591 [JUnit] INFO  server.Server (Server.java:doStart(419)) - Started @2874ms
2019-10-17 20:24:01,592 [JUnit] INFO  impl.MetricsSinkAdapter (MetricsSinkAdapter.java:start(204)) - Sink prometheus started
2019-10-17 20:24:01,593 [JUnit] INFO  impl.MetricsSystemImpl (MetricsSystemImpl.java:registerSink(301)) - Registered sink prometheus
2019-10-17 20:24:01,594 [JUnit] INFO  server.BaseHttpServer (BaseHttpServer.java:updateConnectorAddress(215)) - HTTP server of SCM is listening at http://0.0.0.0:42179
2019-10-17 20:24:01,598 [org.apache.hadoop.util.JvmPauseMonitor$Monitor@82c57b3] INFO  util.JvmPauseMonitor (JvmPauseMonitor.java:run(188)) - Starting JVM pause monitor
2019-10-17 20:24:01,601 [JUnit] WARN  server.ServerUtils (ServerUtils.java:getDBPath(222)) - ozone.om.db.dirs is not configured. We recommend adding this setting. Falling back to ozone.metadata.dirs instead.
2019-10-17 20:24:01,689 [JUnit] INFO  ha.OMHANodeDetails (OMHANodeDetails.java:loadOMHAConfig(190)) - Configuration either no ozone.om.address set. Falling back to the default OM address /127.0.0.1:0
2019-10-17 20:24:01,689 [JUnit] INFO  ha.OMHANodeDetails (OMHANodeDetails.java:getOMNodeDetails(220)) - OM Service ID is not set. Setting it to the default ID: omServiceIdDefault
2019-10-17 20:24:01,691 [JUnit] WARN  server.ServerUtils (ServerUtils.java:getDBPath(222)) - ozone.om.db.dirs is not configured. We recommend adding this setting. Falling back to ozone.metadata.dirs instead.
2019-10-17 20:24:01,692 [JUnit] WARN  server.ServerUtils (ServerUtils.java:getDBPath(222)) - ozone.om.db.dirs is not configured. We recommend adding this setting. Falling back to ozone.metadata.dirs instead.
2019-10-17 20:24:02,284 [JUnit] WARN  server.ServerUtils (ServerUtils.java:getDBPath(222)) - ozone.om.db.dirs is not configured. We recommend adding this setting. Falling back to ozone.metadata.dirs instead.
2019-10-17 20:24:02,294 [JUnit] INFO  db.DBStoreBuilder (DBStoreBuilder.java:addTable(117)) - using custom profile for table: userTable
2019-10-17 20:24:02,294 [JUnit] INFO  db.DBStoreBuilder (DBStoreBuilder.java:processTables(168)) - Using default column profile:DBProfile.DISK for Table:userTable
2019-10-17 20:24:02,294 [JUnit] INFO  db.DBStoreBuilder (DBStoreBuilder.java:addTable(117)) - using custom profile for table: volumeTable
2019-10-17 20:24:02,294 [JUnit] INFO  db.DBStoreBuilder (DBStoreBuilder.java:processTables(168)) - Using default column profile:DBProfile.DISK for Table:volumeTable
2019-10-17 20:24:02,295 [JUnit] INFO  db.DBStoreBuilder (DBStoreBuilder.java:addTable(117)) - using custom profile for table: bucketTable
2019-10-17 20:24:02,295 [JUnit] INFO  db.DBStoreBuilder (DBStoreBuilder.java:processTables(168)) - Using default column profile:DBProfile.DISK for Table:bucketTable
2019-10-17 20:24:02,295 [JUnit] INFO  db.DBStoreBuilder (DBStoreBuilder.java:addTable(117)) - using custom profile for table: keyTable
2019-10-17 20:24:02,295 [JUnit] INFO  db.DBStoreBuilder (DBStoreBuilder.java:processTables(168)) - Using default column profile:DBProfile.DISK for Table:keyTable
2019-10-17 20:24:02,296 [JUnit] INFO  db.DBStoreBuilder (DBStoreBuilder.java:addTable(117)) - using custom profile for table: deletedTable
2019-10-17 20:24:02,296 [JUnit] INFO  db.DBStoreBuilder (DBStoreBuilder.java:processTables(168)) - Using default column profile:DBProfile.DISK for Table:deletedTable
2019-10-17 20:24:02,296 [JUnit] INFO  db.DBStoreBuilder (DBStoreBuilder.java:addTable(117)) - using custom profile for table: openKeyTable
2019-10-17 20:24:02,296 [JUnit] INFO  db.DBStoreBuilder (DBStoreBuilder.java:processTables(168)) - Using default column profile:DBProfile.DISK for Table:openKeyTable
2019-10-17 20:24:02,297 [JUnit] INFO  db.DBStoreBuilder (DBStoreBuilder.java:addTable(117)) - using custom profile for table: s3Table
2019-10-17 20:24:02,297 [JUnit] INFO  db.DBStoreBuilder (DBStoreBuilder.java:processTables(168)) - Using default column profile:DBProfile.DISK for Table:s3Table
2019-10-17 20:24:02,297 [JUnit] INFO  db.DBStoreBuilder (DBStoreBuilder.java:addTable(117)) - using custom profile for table: multipartInfoTable
2019-10-17 20:24:02,297 [JUnit] INFO  db.DBStoreBuilder (DBStoreBuilder.java:processTables(168)) - Using default column profile:DBProfile.DISK for Table:multipartInfoTable
2019-10-17 20:24:02,297 [JUnit] INFO  db.DBStoreBuilder (DBStoreBuilder.java:addTable(117)) - using custom profile for table: dTokenTable
2019-10-17 20:24:02,298 [JUnit] INFO  db.DBStoreBuilder (DBStoreBuilder.java:processTables(168)) - Using default column profile:DBProfile.DISK for Table:dTokenTable
2019-10-17 20:24:02,298 [JUnit] INFO  db.DBStoreBuilder (DBStoreBuilder.java:addTable(117)) - using custom profile for table: s3SecretTable
2019-10-17 20:24:02,298 [JUnit] INFO  db.DBStoreBuilder (DBStoreBuilder.java:processTables(168)) - Using default column profile:DBProfile.DISK for Table:s3SecretTable
2019-10-17 20:24:02,298 [JUnit] INFO  db.DBStoreBuilder (DBStoreBuilder.java:addTable(117)) - using custom profile for table: prefixTable
2019-10-17 20:24:02,298 [JUnit] INFO  db.DBStoreBuilder (DBStoreBuilder.java:processTables(168)) - Using default column profile:DBProfile.DISK for Table:prefixTable
2019-10-17 20:24:02,299 [JUnit] INFO  db.DBStoreBuilder (DBStoreBuilder.java:addTable(117)) - using custom profile for table: default
2019-10-17 20:24:02,299 [JUnit] INFO  db.DBStoreBuilder (DBStoreBuilder.java:processTables(174)) - Using default column profile:DBProfile.DISK for Table:default
2019-10-17 20:24:02,299 [JUnit] INFO  db.DBStoreBuilder (DBStoreBuilder.java:getDbProfile(205)) - Using default options. DBProfile.DISK
2019-10-17 20:24:02,952 [JUnit] INFO  ipc.CallQueueManager (CallQueueManager.java:<init>(84)) - Using callQueue: class java.util.concurrent.LinkedBlockingQueue, queueCapacity: 2000, scheduler: class org.apache.hadoop.ipc.DefaultRpcScheduler, ipcBackoff: false.
2019-10-17 20:24:02,953 [Socket Reader #1 for port 46470] INFO  ipc.Server (Server.java:run(1074)) - Starting Socket Reader #1 for port 46470
2019-10-17 20:24:02,986 [JUnit] INFO  om.OzoneManager (OzoneManager.java:start(1071)) - OzoneManager RPC server is listening at localhost/127.0.0.1:46470
2019-10-17 20:24:02,986 [JUnit] INFO  impl.MetricsSystemImpl (MetricsSystemImpl.java:init(158)) - OzoneManager metrics system started (again)
2019-10-17 20:24:02,997 [IPC Server Responder] INFO  ipc.Server (Server.java:run(1314)) - IPC Server Responder: starting
2019-10-17 20:24:02,997 [IPC Server listener on 46470] INFO  ipc.Server (Server.java:run(1153)) - IPC Server listener on 46470: starting
2019-10-17 20:24:03,005 [JUnit] INFO  hdfs.DFSUtil (DFSUtil.java:httpServerTemplateForNNAndJN(1641)) - Starting Web-server for ozoneManager at: http://0.0.0.0:0
2019-10-17 20:24:03,008 [JUnit] INFO  server.AuthenticationFilter (AuthenticationFilter.java:constructSecretProvider(240)) - Unable to initialize FileSignerSecretProvider, falling back to use random secrets.
2019-10-17 20:24:03,009 [JUnit] WARN  http.HttpRequestLog (HttpRequestLog.java:getRequestLog(97)) - Jetty request log can only be enabled using Log4j
2019-10-17 20:24:03,012 [JUnit] INFO  http.HttpServer2 (HttpServer2.java:addGlobalFilter(975)) - Added global filter 'safety' (class=org.apache.hadoop.http.HttpServer2$QuotingInputFilter)
2019-10-17 20:24:03,014 [JUnit] INFO  http.HttpServer2 (HttpServer2.java:addFilter(948)) - Added filter static_user_filter (class=org.apache.hadoop.http.lib.StaticUserWebFilter$StaticUserFilter) to context ozoneManager
2019-10-17 20:24:03,014 [JUnit] INFO  http.HttpServer2 (HttpServer2.java:addFilter(958)) - Added filter static_user_filter (class=org.apache.hadoop.http.lib.StaticUserWebFilter$StaticUserFilter) to context logs
2019-10-17 20:24:03,014 [JUnit] INFO  http.HttpServer2 (HttpServer2.java:addFilter(958)) - Added filter static_user_filter (class=org.apache.hadoop.http.lib.StaticUserWebFilter$StaticUserFilter) to context static
2019-10-17 20:24:03,024 [JUnit] INFO  http.HttpServer2 (HttpServer2.java:bindListener(1191)) - Jetty bound to port 38053
2019-10-17 20:24:03,024 [JUnit] INFO  server.Server (Server.java:doStart(351)) - jetty-9.3.25.v20180904, build timestamp: 2018-09-04T21:11:46Z, git hash: 3ce520221d0240229c862b122d2b06c12a625732
2019-10-17 20:24:03,026 [JUnit] INFO  handler.ContextHandler (ContextHandler.java:doStart(781)) - Started o.e.j.s.ServletContextHandler@353efdbf{/logs,file:///workdir/hadoop-ozone/ozonefs/target/log,AVAILABLE}
2019-10-17 20:24:03,027 [JUnit] INFO  handler.ContextHandler (ContextHandler.java:doStart(781)) - Started o.e.j.s.ServletContextHandler@660591fb{/static,jar:file:/home/user/.m2/repository/org/apache/hadoop/hadoop-ozone-ozone-manager/0.5.0-SNAPSHOT/hadoop-ozone-ozone-manager-0.5.0-SNAPSHOT.jar!/webapps/static,AVAILABLE}
2019-10-17 20:24:03,091 [JUnit] INFO  handler.ContextHandler (ContextHandler.java:doStart(781)) - Started o.e.j.w.WebAppContext@78c1a023{/,file:///tmp/jetty-0.0.0.0-38053-ozoneManager-_-any-2740495083017054755.dir/webapp/,AVAILABLE}{/ozoneManager}
2019-10-17 20:24:03,091 [JUnit] INFO  server.AbstractConnector (AbstractConnector.java:doStart(278)) - Started ServerConnector@70abf9b0{HTTP/1.1,[http/1.1]}{0.0.0.0:38053}
2019-10-17 20:24:03,093 [JUnit] INFO  server.Server (Server.java:doStart(419)) - Started @4375ms
2019-10-17 20:24:03,093 [JUnit] WARN  impl.MetricsSystemImpl (MetricsSystemImpl.java:register(276)) - Sink prometheus already exists!
2019-10-17 20:24:03,094 [JUnit] INFO  server.BaseHttpServer (BaseHttpServer.java:updateConnectorAddress(215)) - HTTP server of OZONEMANAGER is listening at http://0.0.0.0:38053
2019-10-17 20:24:03,368 [JUnit] INFO  impl.MetricsSystemImpl (MetricsSystemImpl.java:init(158)) - HddsDatanode metrics system started (again)
2019-10-17 20:24:03,424 [JUnit] INFO  ozone.HddsDatanodeService (HddsDatanodeService.java:start(184)) - HddsDatanodeService host:pr-hdds-1868-s6sc9-3720172378 ip:192.168.164.201
2019-10-17 20:24:03,460 [JUnit] INFO  volume.HddsVolume (HddsVolume.java:<init>(176)) - Creating Volume: /workdir/hadoop-ozone/ozonefs/target/test-dir/MiniOzoneClusterImpl-49a456bf-8bac-41f1-b9b0-8de4948a8c4b/datanode-0/data/containers/hdds of  storage type : DISK and capacity : 1482555576320
2019-10-17 20:24:03,462 [JUnit] INFO  volume.VolumeSet (VolumeSet.java:initializeVolumeSet(170)) - Added Volume : /workdir/hadoop-ozone/ozonefs/target/test-dir/MiniOzoneClusterImpl-49a456bf-8bac-41f1-b9b0-8de4948a8c4b/datanode-0/data/containers/hdds to VolumeSet
2019-10-17 20:24:03,465 [JUnit] INFO  volume.ThrottledAsyncChecker (ThrottledAsyncChecker.java:schedule(141)) - Scheduling a check for /workdir/hadoop-ozone/ozonefs/target/test-dir/MiniOzoneClusterImpl-49a456bf-8bac-41f1-b9b0-8de4948a8c4b/datanode-0/data/containers/hdds
2019-10-17 20:24:03,483 [JUnit] INFO  volume.HddsVolumeChecker (HddsVolumeChecker.java:checkAllVolumes(204)) - Scheduled health check for volume /workdir/hadoop-ozone/ozonefs/target/test-dir/MiniOzoneClusterImpl-49a456bf-8bac-41f1-b9b0-8de4948a8c4b/datanode-0/data/containers/hdds
2019-10-17 20:24:03,610 [JUnit] INFO  impl.RaftServerProxy (ConfUtils.java:logGet(43)) - raft.rpc.type = GRPC (default)
2019-10-17 20:24:03,681 [JUnit] INFO  grpc.GrpcFactory (GrpcFactory.java:checkPooledByteBufAllocatorUseCacheForAllThreads(45)) - PERFORMANCE WARNING: useCacheForAllThreads is true that may cause Netty to create a lot garbage objects and, as a result, trigger GC.
	It is recommended to disable useCacheForAllThreads by setting -Dorg.apache.ratis.thirdparty.io.netty.allocator.useCacheForAllThreads=false in command line.
2019-10-17 20:24:03,686 [JUnit] INFO  grpc.GrpcConfigKeys$Server (ConfUtils.java:logGet(43)) - raft.grpc.server.port = 0 (default)
2019-10-17 20:24:03,687 [JUnit] INFO  server.GrpcService (ConfUtils.java:logGet(43)) - raft.grpc.message.size.max = 33570816 (custom)
2019-10-17 20:24:03,689 [JUnit] INFO  server.RaftServerConfigKeys (ConfUtils.java:logGet(43)) - raft.server.log.appender.buffer.byte-limit = 33554432 (custom)
2019-10-17 20:24:03,689 [JUnit] INFO  server.GrpcService (ConfUtils.java:logGet(43)) - raft.grpc.flow.control.window = 1MB (=1048576) (default)
2019-10-17 20:24:03,690 [JUnit] INFO  server.RaftServerConfigKeys (ConfUtils.java:logGet(43)) - raft.server.rpc.request.timeout = 3000ms (default)
2019-10-17 20:24:03,863 [JUnit] INFO  server.RaftServerConfigKeys (ConfUtils.java:logGet(43)) - raft.server.storage.dir = [/workdir/hadoop-ozone/ozonefs/target/test-dir/MiniOzoneClusterImpl-49a456bf-8bac-41f1-b9b0-8de4948a8c4b/datanode-0/data/ratis] (custom)
2019-10-17 20:24:03,915 [JUnit] INFO  hdfs.DFSUtil (DFSUtil.java:httpServerTemplateForNNAndJN(1641)) - Starting Web-server for hddsDatanode at: http://0.0.0.0:0
2019-10-17 20:24:03,919 [JUnit] INFO  server.AuthenticationFilter (AuthenticationFilter.java:constructSecretProvider(240)) - Unable to initialize FileSignerSecretProvider, falling back to use random secrets.
2019-10-17 20:24:03,919 [JUnit] WARN  http.HttpRequestLog (HttpRequestLog.java:getRequestLog(97)) - Jetty request log can only be enabled using Log4j
2019-10-17 20:24:03,923 [JUnit] INFO  http.HttpServer2 (HttpServer2.java:addGlobalFilter(975)) - Added global filter 'safety' (class=org.apache.hadoop.http.HttpServer2$QuotingInputFilter)
2019-10-17 20:24:03,925 [JUnit] INFO  http.HttpServer2 (HttpServer2.java:addFilter(948)) - Added filter static_user_filter (class=org.apache.hadoop.http.lib.StaticUserWebFilter$StaticUserFilter) to context hddsDatanode
2019-10-17 20:24:03,925 [JUnit] INFO  http.HttpServer2 (HttpServer2.java:addFilter(958)) - Added filter static_user_filter (class=org.apache.hadoop.http.lib.StaticUserWebFilter$StaticUserFilter) to context static
2019-10-17 20:24:03,925 [JUnit] INFO  http.HttpServer2 (HttpServer2.java:addFilter(958)) - Added filter static_user_filter (class=org.apache.hadoop.http.lib.StaticUserWebFilter$StaticUserFilter) to context logs
2019-10-17 20:24:03,927 [JUnit] INFO  http.HttpServer2 (HttpServer2.java:bindListener(1191)) - Jetty bound to port 39620
2019-10-17 20:24:03,927 [JUnit] INFO  server.Server (Server.java:doStart(351)) - jetty-9.3.25.v20180904, build timestamp: 2018-09-04T21:11:46Z, git hash: 3ce520221d0240229c862b122d2b06c12a625732
2019-10-17 20:24:03,931 [JUnit] INFO  handler.ContextHandler (ContextHandler.java:doStart(781)) - Started o.e.j.s.ServletContextHandler@15400fff{/logs,file:///workdir/hadoop-ozone/ozonefs/target/log,AVAILABLE}
2019-10-17 20:24:03,931 [JUnit] INFO  handler.ContextHandler (ContextHandler.java:doStart(781)) - Started o.e.j.s.ServletContextHandler@1e7ab390{/static,jar:file:/home/user/.m2/repository/org/apache/hadoop/hadoop-hdds-container-service/0.5.0-SNAPSHOT/hadoop-hdds-container-service-0.5.0-SNAPSHOT.jar!/webapps/static,AVAILABLE}
2019-10-17 20:24:03,973 [JUnit] INFO  handler.ContextHandler (ContextHandler.java:doStart(781)) - Started o.e.j.w.WebAppContext@a451491{/,file:///tmp/jetty-0.0.0.0-39620-hddsDatanode-_-any-4884680446378027586.dir/webapp/,AVAILABLE}{/hddsDatanode}
2019-10-17 20:24:03,974 [JUnit] INFO  server.AbstractConnector (AbstractConnector.java:doStart(278)) - Started ServerConnector@1422ac7f{HTTP/1.1,[http/1.1]}{0.0.0.0:39620}
2019-10-17 20:24:03,975 [JUnit] INFO  server.Server (Server.java:doStart(419)) - Started @5257ms
2019-10-17 20:24:03,975 [JUnit] WARN  impl.MetricsSystemImpl (MetricsSystemImpl.java:register(276)) - Sink prometheus already exists!
2019-10-17 20:24:03,976 [JUnit] INFO  server.BaseHttpServer (BaseHttpServer.java:updateConnectorAddress(215)) - HTTP server of HDDSDATANODE is listening at http://0.0.0.0:39620
2019-10-17 20:24:03,978 [JUnit] INFO  impl.MetricsSystemImpl (MetricsSystemImpl.java:init(158)) - HddsDatanode metrics system started (again)
2019-10-17 20:24:03,983 [JUnit] INFO  ozone.HddsDatanodeService (HddsDatanodeService.java:start(184)) - HddsDatanodeService host:pr-hdds-1868-s6sc9-3720172378 ip:192.168.164.201
2019-10-17 20:24:03,983 [org.apache.hadoop.util.JvmPauseMonitor$Monitor@27cdfd9d] INFO  util.JvmPauseMonitor (JvmPauseMonitor.java:run(188)) - Starting JVM pause monitor
2019-10-17 20:24:03,997 [JUnit] INFO  volume.HddsVolume (HddsVolume.java:<init>(176)) - Creating Volume: /workdir/hadoop-ozone/ozonefs/target/test-dir/MiniOzoneClusterImpl-49a456bf-8bac-41f1-b9b0-8de4948a8c4b/datanode-1/data/containers/hdds of  storage type : DISK and capacity : 1482555576320
2019-10-17 20:24:03,998 [JUnit] INFO  volume.VolumeSet (VolumeSet.java:initializeVolumeSet(170)) - Added Volume : /workdir/hadoop-ozone/ozonefs/target/test-dir/MiniOzoneClusterImpl-49a456bf-8bac-41f1-b9b0-8de4948a8c4b/datanode-1/data/containers/hdds to VolumeSet
2019-10-17 20:24:03,998 [JUnit] INFO  volume.ThrottledAsyncChecker (ThrottledAsyncChecker.java:schedule(141)) - Scheduling a check for /workdir/hadoop-ozone/ozonefs/target/test-dir/MiniOzoneClusterImpl-49a456bf-8bac-41f1-b9b0-8de4948a8c4b/datanode-1/data/containers/hdds
2019-10-17 20:24:04,000 [JUnit] INFO  volume.HddsVolumeChecker (HddsVolumeChecker.java:checkAllVolumes(204)) - Scheduled health check for volume /workdir/hadoop-ozone/ozonefs/target/test-dir/MiniOzoneClusterImpl-49a456bf-8bac-41f1-b9b0-8de4948a8c4b/datanode-1/data/containers/hdds
2019-10-17 20:24:04,031 [JUnit] INFO  impl.RaftServerProxy (ConfUtils.java:logGet(43)) - raft.rpc.type = GRPC (default)
2019-10-17 20:24:04,032 [JUnit] INFO  grpc.GrpcFactory (GrpcFactory.java:checkPooledByteBufAllocatorUseCacheForAllThreads(45)) - PERFORMANCE WARNING: useCacheForAllThreads is true that may cause Netty to create a lot garbage objects and, as a result, trigger GC.
	It is recommended to disable useCacheForAllThreads by setting -Dorg.apache.ratis.thirdparty.io.netty.allocator.useCacheForAllThreads=false in command line.
2019-10-17 20:24:04,032 [JUnit] INFO  grpc.GrpcConfigKeys$Server (ConfUtils.java:logGet(43)) - raft.grpc.server.port = 0 (default)
2019-10-17 20:24:04,032 [JUnit] INFO  server.GrpcService (ConfUtils.java:logGet(43)) - raft.grpc.message.size.max = 33570816 (custom)
2019-10-17 20:24:04,033 [JUnit] INFO  server.RaftServerConfigKeys (ConfUtils.java:logGet(43)) - raft.server.log.appender.buffer.byte-limit = 33554432 (custom)
2019-10-17 20:24:04,033 [JUnit] INFO  server.GrpcService (ConfUtils.java:logGet(43)) - raft.grpc.flow.control.window = 1MB (=1048576) (default)
2019-10-17 20:24:04,034 [JUnit] INFO  server.RaftServerConfigKeys (ConfUtils.java:logGet(43)) - raft.server.rpc.request.timeout = 3000ms (default)
2019-10-17 20:24:04,039 [JUnit] INFO  server.RaftServerConfigKeys (ConfUtils.java:logGet(43)) - raft.server.storage.dir = [/workdir/hadoop-ozone/ozonefs/target/test-dir/MiniOzoneClusterImpl-49a456bf-8bac-41f1-b9b0-8de4948a8c4b/datanode-1/data/ratis] (custom)
2019-10-17 20:24:04,043 [JUnit] INFO  hdfs.DFSUtil (DFSUtil.java:httpServerTemplateForNNAndJN(1641)) - Starting Web-server for hddsDatanode at: http://0.0.0.0:0
2019-10-17 20:24:04,046 [JUnit] INFO  server.AuthenticationFilter (AuthenticationFilter.java:constructSecretProvider(240)) - Unable to initialize FileSignerSecretProvider, falling back to use random secrets.
2019-10-17 20:24:04,047 [JUnit] WARN  http.HttpRequestLog (HttpRequestLog.java:getRequestLog(97)) - Jetty request log can only be enabled using Log4j
2019-10-17 20:24:04,050 [JUnit] INFO  http.HttpServer2 (HttpServer2.java:addGlobalFilter(975)) - Added global filter 'safety' (class=org.apache.hadoop.http.HttpServer2$QuotingInputFilter)
2019-10-17 20:24:04,052 [JUnit] INFO  http.HttpServer2 (HttpServer2.java:addFilter(948)) - Added filter static_user_filter (class=org.apache.hadoop.http.lib.StaticUserWebFilter$StaticUserFilter) to context hddsDatanode
2019-10-17 20:24:04,052 [JUnit] INFO  http.HttpServer2 (HttpServer2.java:addFilter(958)) - Added filter static_user_filter (class=org.apache.hadoop.http.lib.StaticUserWebFilter$StaticUserFilter) to context static
2019-10-17 20:24:04,052 [JUnit] INFO  http.HttpServer2 (HttpServer2.java:addFilter(958)) - Added filter static_user_filter (class=org.apache.hadoop.http.lib.StaticUserWebFilter$StaticUserFilter) to context logs
2019-10-17 20:24:04,053 [JUnit] INFO  http.HttpServer2 (HttpServer2.java:bindListener(1191)) - Jetty bound to port 38361
2019-10-17 20:24:04,054 [JUnit] INFO  server.Server (Server.java:doStart(351)) - jetty-9.3.25.v20180904, build timestamp: 2018-09-04T21:11:46Z, git hash: 3ce520221d0240229c862b122d2b06c12a625732
2019-10-17 20:24:04,060 [JUnit] INFO  handler.ContextHandler (ContextHandler.java:doStart(781)) - Started o.e.j.s.ServletContextHandler@7100dea{/logs,file:///workdir/hadoop-ozone/ozonefs/target/log,AVAILABLE}
2019-10-17 20:24:04,061 [JUnit] INFO  handler.ContextHandler (ContextHandler.java:doStart(781)) - Started o.e.j.s.ServletContextHandler@32e54a9d{/static,jar:file:/home/user/.m2/repository/org/apache/hadoop/hadoop-hdds-container-service/0.5.0-SNAPSHOT/hadoop-hdds-container-service-0.5.0-SNAPSHOT.jar!/webapps/static,AVAILABLE}
2019-10-17 20:24:04,090 [Datanode State Machine Thread - 0] INFO  datanode.InitDatanodeState (InitDatanodeState.java:persistContainerDatanodeDetails(140)) - DatanodeDetails is persisted to /workdir/hadoop-ozone/ozonefs/target/test-dir/MiniOzoneClusterImpl-49a456bf-8bac-41f1-b9b0-8de4948a8c4b/datanode-0/meta/datanode.id
2019-10-17 20:24:04,105 [JUnit] INFO  handler.ContextHandler (ContextHandler.java:doStart(781)) - Started o.e.j.w.WebAppContext@588f63c{/,file:///tmp/jetty-0.0.0.0-38361-hddsDatanode-_-any-3640818624187709000.dir/webapp/,AVAILABLE}{/hddsDatanode}
2019-10-17 20:24:04,106 [JUnit] INFO  server.AbstractConnector (AbstractConnector.java:doStart(278)) - Started ServerConnector@5a6fa56e{HTTP/1.1,[http/1.1]}{0.0.0.0:38361}
2019-10-17 20:24:04,107 [JUnit] INFO  server.Server (Server.java:doStart(419)) - Started @5390ms
2019-10-17 20:24:04,107 [JUnit] WARN  impl.MetricsSystemImpl (MetricsSystemImpl.java:register(276)) - Sink prometheus already exists!
2019-10-17 20:24:04,109 [JUnit] INFO  server.BaseHttpServer (BaseHttpServer.java:updateConnectorAddress(215)) - HTTP server of HDDSDATANODE is listening at http://0.0.0.0:38361
2019-10-17 20:24:04,109 [JUnit] INFO  impl.MetricsSystemImpl (MetricsSystemImpl.java:init(158)) - HddsDatanode metrics system started (again)
2019-10-17 20:24:04,112 [JUnit] INFO  ozone.HddsDatanodeService (HddsDatanodeService.java:start(184)) - HddsDatanodeService host:pr-hdds-1868-s6sc9-3720172378 ip:192.168.164.201
2019-10-17 20:24:04,112 [org.apache.hadoop.util.JvmPauseMonitor$Monitor@2cc4d3ec] INFO  util.JvmPauseMonitor (JvmPauseMonitor.java:run(188)) - Starting JVM pause monitor
2019-10-17 20:24:04,120 [Datanode State Machine Thread - 0] INFO  datanode.InitDatanodeState (InitDatanodeState.java:persistContainerDatanodeDetails(140)) - DatanodeDetails is persisted to /workdir/hadoop-ozone/ozonefs/target/test-dir/MiniOzoneClusterImpl-49a456bf-8bac-41f1-b9b0-8de4948a8c4b/datanode-1/meta/datanode.id
2019-10-17 20:24:04,124 [JUnit] INFO  volume.HddsVolume (HddsVolume.java:<init>(176)) - Creating Volume: /workdir/hadoop-ozone/ozonefs/target/test-dir/MiniOzoneClusterImpl-49a456bf-8bac-41f1-b9b0-8de4948a8c4b/datanode-2/data/containers/hdds of  storage type : DISK and capacity : 1482555576320
2019-10-17 20:24:04,125 [JUnit] INFO  volume.VolumeSet (VolumeSet.java:initializeVolumeSet(170)) - Added Volume : /workdir/hadoop-ozone/ozonefs/target/test-dir/MiniOzoneClusterImpl-49a456bf-8bac-41f1-b9b0-8de4948a8c4b/datanode-2/data/containers/hdds to VolumeSet
2019-10-17 20:24:04,125 [JUnit] INFO  volume.ThrottledAsyncChecker (ThrottledAsyncChecker.java:schedule(141)) - Scheduling a check for /workdir/hadoop-ozone/ozonefs/target/test-dir/MiniOzoneClusterImpl-49a456bf-8bac-41f1-b9b0-8de4948a8c4b/datanode-2/data/containers/hdds
2019-10-17 20:24:04,127 [JUnit] INFO  volume.HddsVolumeChecker (HddsVolumeChecker.java:checkAllVolumes(204)) - Scheduled health check for volume /workdir/hadoop-ozone/ozonefs/target/test-dir/MiniOzoneClusterImpl-49a456bf-8bac-41f1-b9b0-8de4948a8c4b/datanode-2/data/containers/hdds
2019-10-17 20:24:04,152 [JUnit] INFO  impl.RaftServerProxy (ConfUtils.java:logGet(43)) - raft.rpc.type = GRPC (default)
2019-10-17 20:24:04,152 [JUnit] INFO  grpc.GrpcFactory (GrpcFactory.java:checkPooledByteBufAllocatorUseCacheForAllThreads(45)) - PERFORMANCE WARNING: useCacheForAllThreads is true that may cause Netty to create a lot garbage objects and, as a result, trigger GC.
	It is recommended to disable useCacheForAllThreads by setting -Dorg.apache.ratis.thirdparty.io.netty.allocator.useCacheForAllThreads=false in command line.
2019-10-17 20:24:04,152 [JUnit] INFO  grpc.GrpcConfigKeys$Server (ConfUtils.java:logGet(43)) - raft.grpc.server.port = 0 (default)
2019-10-17 20:24:04,153 [JUnit] INFO  server.GrpcService (ConfUtils.java:logGet(43)) - raft.grpc.message.size.max = 33570816 (custom)
2019-10-17 20:24:04,153 [JUnit] INFO  server.RaftServerConfigKeys (ConfUtils.java:logGet(43)) - raft.server.log.appender.buffer.byte-limit = 33554432 (custom)
2019-10-17 20:24:04,153 [JUnit] INFO  server.GrpcService (ConfUtils.java:logGet(43)) - raft.grpc.flow.control.window = 1MB (=1048576) (default)
2019-10-17 20:24:04,154 [JUnit] INFO  server.RaftServerConfigKeys (ConfUtils.java:logGet(43)) - raft.server.rpc.request.timeout = 3000ms (default)
2019-10-17 20:24:04,155 [JUnit] INFO  server.RaftServerConfigKeys (ConfUtils.java:logGet(43)) - raft.server.storage.dir = [/workdir/hadoop-ozone/ozonefs/target/test-dir/MiniOzoneClusterImpl-49a456bf-8bac-41f1-b9b0-8de4948a8c4b/datanode-2/data/ratis] (custom)
2019-10-17 20:24:04,158 [JUnit] INFO  hdfs.DFSUtil (DFSUtil.java:httpServerTemplateForNNAndJN(1641)) - Starting Web-server for hddsDatanode at: http://0.0.0.0:0
2019-10-17 20:24:04,162 [JUnit] INFO  server.AuthenticationFilter (AuthenticationFilter.java:constructSecretProvider(240)) - Unable to initialize FileSignerSecretProvider, falling back to use random secrets.
2019-10-17 20:24:04,163 [JUnit] WARN  http.HttpRequestLog (HttpRequestLog.java:getRequestLog(97)) - Jetty request log can only be enabled using Log4j
2019-10-17 20:24:04,168 [JUnit] INFO  http.HttpServer2 (HttpServer2.java:addGlobalFilter(975)) - Added global filter 'safety' (class=org.apache.hadoop.http.HttpServer2$QuotingInputFilter)
2019-10-17 20:24:04,170 [JUnit] INFO  http.HttpServer2 (HttpServer2.java:addFilter(948)) - Added filter static_user_filter (class=org.apache.hadoop.http.lib.StaticUserWebFilter$StaticUserFilter) to context hddsDatanode
2019-10-17 20:24:04,170 [JUnit] INFO  http.HttpServer2 (HttpServer2.java:addFilter(958)) - Added filter static_user_filter (class=org.apache.hadoop.http.lib.StaticUserWebFilter$StaticUserFilter) to context static
2019-10-17 20:24:04,170 [JUnit] INFO  http.HttpServer2 (HttpServer2.java:addFilter(958)) - Added filter static_user_filter (class=org.apache.hadoop.http.lib.StaticUserWebFilter$StaticUserFilter) to context logs
2019-10-17 20:24:04,172 [JUnit] INFO  http.HttpServer2 (HttpServer2.java:bindListener(1191)) - Jetty bound to port 33224
2019-10-17 20:24:04,172 [JUnit] INFO  server.Server (Server.java:doStart(351)) - jetty-9.3.25.v20180904, build timestamp: 2018-09-04T21:11:46Z, git hash: 3ce520221d0240229c862b122d2b06c12a625732
2019-10-17 20:24:04,175 [JUnit] INFO  handler.ContextHandler (ContextHandler.java:doStart(781)) - Started o.e.j.s.ServletContextHandler@23f3da8b{/logs,file:///workdir/hadoop-ozone/ozonefs/target/log,AVAILABLE}
2019-10-17 20:24:04,176 [JUnit] INFO  handler.ContextHandler (ContextHandler.java:doStart(781)) - Started o.e.j.s.ServletContextHandler@252a8aae{/static,jar:file:/home/user/.m2/repository/org/apache/hadoop/hadoop-hdds-container-service/0.5.0-SNAPSHOT/hadoop-hdds-container-service-0.5.0-SNAPSHOT.jar!/webapps/static,AVAILABLE}
2019-10-17 20:24:04,223 [JUnit] INFO  handler.ContextHandler (ContextHandler.java:doStart(781)) - Started o.e.j.w.WebAppContext@44f24a20{/,file:///tmp/jetty-0.0.0.0-33224-hddsDatanode-_-any-3487628669664350888.dir/webapp/,AVAILABLE}{/hddsDatanode}
2019-10-17 20:24:04,224 [JUnit] INFO  server.AbstractConnector (AbstractConnector.java:doStart(278)) - Started ServerConnector@1859e2a4{HTTP/1.1,[http/1.1]}{0.0.0.0:33224}
2019-10-17 20:24:04,225 [JUnit] INFO  server.Server (Server.java:doStart(419)) - Started @5508ms
2019-10-17 20:24:04,226 [JUnit] WARN  impl.MetricsSystemImpl (MetricsSystemImpl.java:register(276)) - Sink prometheus already exists!
2019-10-17 20:24:04,227 [JUnit] INFO  server.BaseHttpServer (BaseHttpServer.java:updateConnectorAddress(215)) - HTTP server of HDDSDATANODE is listening at http://0.0.0.0:33224
2019-10-17 20:24:04,227 [JUnit] INFO  impl.MetricsSystemImpl (MetricsSystemImpl.java:init(158)) - HddsDatanode metrics system started (again)
2019-10-17 20:24:04,230 [org.apache.hadoop.util.JvmPauseMonitor$Monitor@4e2fe7da] INFO  util.JvmPauseMonitor (JvmPauseMonitor.java:run(188)) - Starting JVM pause monitor
2019-10-17 20:24:04,232 [JUnit] INFO  ozone.HddsDatanodeService (HddsDatanodeService.java:start(184)) - HddsDatanodeService host:pr-hdds-1868-s6sc9-3720172378 ip:192.168.164.201
2019-10-17 20:24:04,233 [Datanode State Machine Thread - 0] INFO  datanode.InitDatanodeState (InitDatanodeState.java:persistContainerDatanodeDetails(140)) - DatanodeDetails is persisted to /workdir/hadoop-ozone/ozonefs/target/test-dir/MiniOzoneClusterImpl-49a456bf-8bac-41f1-b9b0-8de4948a8c4b/datanode-2/meta/datanode.id
2019-10-17 20:24:04,241 [JUnit] INFO  volume.HddsVolume (HddsVolume.java:<init>(176)) - Creating Volume: /workdir/hadoop-ozone/ozonefs/target/test-dir/MiniOzoneClusterImpl-49a456bf-8bac-41f1-b9b0-8de4948a8c4b/datanode-3/data/containers/hdds of  storage type : DISK and capacity : 1482555576320
2019-10-17 20:24:04,242 [JUnit] INFO  volume.VolumeSet (VolumeSet.java:initializeVolumeSet(170)) - Added Volume : /workdir/hadoop-ozone/ozonefs/target/test-dir/MiniOzoneClusterImpl-49a456bf-8bac-41f1-b9b0-8de4948a8c4b/datanode-3/data/containers/hdds to VolumeSet
2019-10-17 20:24:04,242 [JUnit] INFO  volume.ThrottledAsyncChecker (ThrottledAsyncChecker.java:schedule(141)) - Scheduling a check for /workdir/hadoop-ozone/ozonefs/target/test-dir/MiniOzoneClusterImpl-49a456bf-8bac-41f1-b9b0-8de4948a8c4b/datanode-3/data/containers/hdds
2019-10-17 20:24:04,243 [JUnit] INFO  volume.HddsVolumeChecker (HddsVolumeChecker.java:checkAllVolumes(204)) - Scheduled health check for volume /workdir/hadoop-ozone/ozonefs/target/test-dir/MiniOzoneClusterImpl-49a456bf-8bac-41f1-b9b0-8de4948a8c4b/datanode-3/data/containers/hdds
2019-10-17 20:24:04,270 [JUnit] INFO  impl.RaftServerProxy (ConfUtils.java:logGet(43)) - raft.rpc.type = GRPC (default)
2019-10-17 20:24:04,270 [JUnit] INFO  grpc.GrpcFactory (GrpcFactory.java:checkPooledByteBufAllocatorUseCacheForAllThreads(45)) - PERFORMANCE WARNING: useCacheForAllThreads is true that may cause Netty to create a lot garbage objects and, as a result, trigger GC.
	It is recommended to disable useCacheForAllThreads by setting -Dorg.apache.ratis.thirdparty.io.netty.allocator.useCacheForAllThreads=false in command line.
2019-10-17 20:24:04,271 [JUnit] INFO  grpc.GrpcConfigKeys$Server (ConfUtils.java:logGet(43)) - raft.grpc.server.port = 0 (default)
2019-10-17 20:24:04,271 [JUnit] INFO  server.GrpcService (ConfUtils.java:logGet(43)) - raft.grpc.message.size.max = 33570816 (custom)
2019-10-17 20:24:04,271 [JUnit] INFO  server.RaftServerConfigKeys (ConfUtils.java:logGet(43)) - raft.server.log.appender.buffer.byte-limit = 33554432 (custom)
2019-10-17 20:24:04,271 [JUnit] INFO  server.GrpcService (ConfUtils.java:logGet(43)) - raft.grpc.flow.control.window = 1MB (=1048576) (default)
2019-10-17 20:24:04,272 [JUnit] INFO  server.RaftServerConfigKeys (ConfUtils.java:logGet(43)) - raft.server.rpc.request.timeout = 3000ms (default)
2019-10-17 20:24:04,272 [JUnit] INFO  server.RaftServerConfigKeys (ConfUtils.java:logGet(43)) - raft.server.storage.dir = [/workdir/hadoop-ozone/ozonefs/target/test-dir/MiniOzoneClusterImpl-49a456bf-8bac-41f1-b9b0-8de4948a8c4b/datanode-3/data/ratis] (custom)
2019-10-17 20:24:04,274 [JUnit] INFO  hdfs.DFSUtil (DFSUtil.java:httpServerTemplateForNNAndJN(1641)) - Starting Web-server for hddsDatanode at: http://0.0.0.0:0
2019-10-17 20:24:04,276 [JUnit] INFO  server.AuthenticationFilter (AuthenticationFilter.java:constructSecretProvider(240)) - Unable to initialize FileSignerSecretProvider, falling back to use random secrets.
2019-10-17 20:24:04,276 [JUnit] WARN  http.HttpRequestLog (HttpRequestLog.java:getRequestLog(97)) - Jetty request log can only be enabled using Log4j
2019-10-17 20:24:04,279 [JUnit] INFO  http.HttpServer2 (HttpServer2.java:addGlobalFilter(975)) - Added global filter 'safety' (class=org.apache.hadoop.http.HttpServer2$QuotingInputFilter)
2019-10-17 20:24:04,280 [JUnit] INFO  http.HttpServer2 (HttpServer2.java:addFilter(948)) - Added filter static_user_filter (class=org.apache.hadoop.http.lib.StaticUserWebFilter$StaticUserFilter) to context hddsDatanode
2019-10-17 20:24:04,280 [JUnit] INFO  http.HttpServer2 (HttpServer2.java:addFilter(958)) - Added filter static_user_filter (class=org.apache.hadoop.http.lib.StaticUserWebFilter$StaticUserFilter) to context logs
2019-10-17 20:24:04,280 [JUnit] INFO  http.HttpServer2 (HttpServer2.java:addFilter(958)) - Added filter static_user_filter (class=org.apache.hadoop.http.lib.StaticUserWebFilter$StaticUserFilter) to context static
2019-10-17 20:24:04,281 [JUnit] INFO  http.HttpServer2 (HttpServer2.java:bindListener(1191)) - Jetty bound to port 44759
2019-10-17 20:24:04,281 [JUnit] INFO  server.Server (Server.java:doStart(351)) - jetty-9.3.25.v20180904, build timestamp: 2018-09-04T21:11:46Z, git hash: 3ce520221d0240229c862b122d2b06c12a625732
2019-10-17 20:24:04,285 [JUnit] INFO  handler.ContextHandler (ContextHandler.java:doStart(781)) - Started o.e.j.s.ServletContextHandler@75d982d3{/logs,file:///workdir/hadoop-ozone/ozonefs/target/log,AVAILABLE}
2019-10-17 20:24:04,286 [JUnit] INFO  handler.ContextHandler (ContextHandler.java:doStart(781)) - Started o.e.j.s.ServletContextHandler@618ff5c2{/static,jar:file:/home/user/.m2/repository/org/apache/hadoop/hadoop-hdds-container-service/0.5.0-SNAPSHOT/hadoop-hdds-container-service-0.5.0-SNAPSHOT.jar!/webapps/static,AVAILABLE}
2019-10-17 20:24:04,316 [JUnit] INFO  handler.ContextHandler (ContextHandler.java:doStart(781)) - Started o.e.j.w.WebAppContext@6f911326{/,file:///tmp/jetty-0.0.0.0-44759-hddsDatanode-_-any-5932529748634464578.dir/webapp/,AVAILABLE}{/hddsDatanode}
2019-10-17 20:24:04,318 [JUnit] INFO  server.AbstractConnector (AbstractConnector.java:doStart(278)) - Started ServerConnector@f1d0004{HTTP/1.1,[http/1.1]}{0.0.0.0:44759}
2019-10-17 20:24:04,318 [JUnit] INFO  server.Server (Server.java:doStart(419)) - Started @5601ms
2019-10-17 20:24:04,318 [JUnit] WARN  impl.MetricsSystemImpl (MetricsSystemImpl.java:register(276)) - Sink prometheus already exists!
2019-10-17 20:24:04,319 [JUnit] INFO  server.BaseHttpServer (BaseHttpServer.java:updateConnectorAddress(215)) - HTTP server of HDDSDATANODE is listening at http://0.0.0.0:44759
2019-10-17 20:24:04,319 [JUnit] INFO  impl.MetricsSystemImpl (MetricsSystemImpl.java:init(158)) - HddsDatanode metrics system started (again)
2019-10-17 20:24:04,322 [org.apache.hadoop.util.JvmPauseMonitor$Monitor@1785323a] INFO  util.JvmPauseMonitor (JvmPauseMonitor.java:run(188)) - Starting JVM pause monitor
2019-10-17 20:24:04,323 [JUnit] INFO  ozone.HddsDatanodeService (HddsDatanodeService.java:start(184)) - HddsDatanodeService host:pr-hdds-1868-s6sc9-3720172378 ip:192.168.164.201
2019-10-17 20:24:04,326 [Datanode State Machine Thread - 0] INFO  datanode.InitDatanodeState (InitDatanodeState.java:persistContainerDatanodeDetails(140)) - DatanodeDetails is persisted to /workdir/hadoop-ozone/ozonefs/target/test-dir/MiniOzoneClusterImpl-49a456bf-8bac-41f1-b9b0-8de4948a8c4b/datanode-3/meta/datanode.id
2019-10-17 20:24:04,331 [JUnit] INFO  volume.HddsVolume (HddsVolume.java:<init>(176)) - Creating Volume: /workdir/hadoop-ozone/ozonefs/target/test-dir/MiniOzoneClusterImpl-49a456bf-8bac-41f1-b9b0-8de4948a8c4b/datanode-4/data/containers/hdds of  storage type : DISK and capacity : 1482555576320
2019-10-17 20:24:04,332 [JUnit] INFO  volume.VolumeSet (VolumeSet.java:initializeVolumeSet(170)) - Added Volume : /workdir/hadoop-ozone/ozonefs/target/test-dir/MiniOzoneClusterImpl-49a456bf-8bac-41f1-b9b0-8de4948a8c4b/datanode-4/data/containers/hdds to VolumeSet
2019-10-17 20:24:04,332 [JUnit] INFO  volume.ThrottledAsyncChecker (ThrottledAsyncChecker.java:schedule(141)) - Scheduling a check for /workdir/hadoop-ozone/ozonefs/target/test-dir/MiniOzoneClusterImpl-49a456bf-8bac-41f1-b9b0-8de4948a8c4b/datanode-4/data/containers/hdds
2019-10-17 20:24:04,332 [JUnit] INFO  volume.HddsVolumeChecker (HddsVolumeChecker.java:checkAllVolumes(204)) - Scheduled health check for volume /workdir/hadoop-ozone/ozonefs/target/test-dir/MiniOzoneClusterImpl-49a456bf-8bac-41f1-b9b0-8de4948a8c4b/datanode-4/data/containers/hdds
2019-10-17 20:24:04,357 [JUnit] INFO  impl.RaftServerProxy (ConfUtils.java:logGet(43)) - raft.rpc.type = GRPC (default)
2019-10-17 20:24:04,357 [JUnit] INFO  grpc.GrpcFactory (GrpcFactory.java:checkPooledByteBufAllocatorUseCacheForAllThreads(45)) - PERFORMANCE WARNING: useCacheForAllThreads is true that may cause Netty to create a lot garbage objects and, as a result, trigger GC.
	It is recommended to disable useCacheForAllThreads by setting -Dorg.apache.ratis.thirdparty.io.netty.allocator.useCacheForAllThreads=false in command line.
2019-10-17 20:24:04,357 [JUnit] INFO  grpc.GrpcConfigKeys$Server (ConfUtils.java:logGet(43)) - raft.grpc.server.port = 0 (default)
2019-10-17 20:24:04,358 [JUnit] INFO  server.GrpcService (ConfUtils.java:logGet(43)) - raft.grpc.message.size.max = 33570816 (custom)
2019-10-17 20:24:04,358 [JUnit] INFO  server.RaftServerConfigKeys (ConfUtils.java:logGet(43)) - raft.server.log.appender.buffer.byte-limit = 33554432 (custom)
2019-10-17 20:24:04,358 [JUnit] INFO  server.GrpcService (ConfUtils.java:logGet(43)) - raft.grpc.flow.control.window = 1MB (=1048576) (default)
2019-10-17 20:24:04,358 [JUnit] INFO  server.RaftServerConfigKeys (ConfUtils.java:logGet(43)) - raft.server.rpc.request.timeout = 3000ms (default)
2019-10-17 20:24:04,359 [JUnit] INFO  server.RaftServerConfigKeys (ConfUtils.java:logGet(43)) - raft.server.storage.dir = [/workdir/hadoop-ozone/ozonefs/target/test-dir/MiniOzoneClusterImpl-49a456bf-8bac-41f1-b9b0-8de4948a8c4b/datanode-4/data/ratis] (custom)
2019-10-17 20:24:04,361 [JUnit] INFO  hdfs.DFSUtil (DFSUtil.java:httpServerTemplateForNNAndJN(1641)) - Starting Web-server for hddsDatanode at: http://0.0.0.0:0
2019-10-17 20:24:04,364 [JUnit] INFO  server.AuthenticationFilter (AuthenticationFilter.java:constructSecretProvider(240)) - Unable to initialize FileSignerSecretProvider, falling back to use random secrets.
2019-10-17 20:24:04,366 [JUnit] WARN  http.HttpRequestLog (HttpRequestLog.java:getRequestLog(97)) - Jetty request log can only be enabled using Log4j
2019-10-17 20:24:04,367 [JUnit] INFO  http.HttpServer2 (HttpServer2.java:addGlobalFilter(975)) - Added global filter 'safety' (class=org.apache.hadoop.http.HttpServer2$QuotingInputFilter)
2019-10-17 20:24:04,368 [JUnit] INFO  http.HttpServer2 (HttpServer2.java:addFilter(948)) - Added filter static_user_filter (class=org.apache.hadoop.http.lib.StaticUserWebFilter$StaticUserFilter) to context hddsDatanode
2019-10-17 20:24:04,368 [JUnit] INFO  http.HttpServer2 (HttpServer2.java:addFilter(958)) - Added filter static_user_filter (class=org.apache.hadoop.http.lib.StaticUserWebFilter$StaticUserFilter) to context logs
2019-10-17 20:24:04,369 [JUnit] INFO  http.HttpServer2 (HttpServer2.java:addFilter(958)) - Added filter static_user_filter (class=org.apache.hadoop.http.lib.StaticUserWebFilter$StaticUserFilter) to context static
2019-10-17 20:24:04,369 [JUnit] INFO  http.HttpServer2 (HttpServer2.java:bindListener(1191)) - Jetty bound to port 36666
2019-10-17 20:24:04,369 [JUnit] INFO  server.Server (Server.java:doStart(351)) - jetty-9.3.25.v20180904, build timestamp: 2018-09-04T21:11:46Z, git hash: 3ce520221d0240229c862b122d2b06c12a625732
2019-10-17 20:24:04,372 [JUnit] INFO  handler.ContextHandler (ContextHandler.java:doStart(781)) - Started o.e.j.s.ServletContextHandler@3aa41da1{/logs,file:///workdir/hadoop-ozone/ozonefs/target/log,AVAILABLE}
2019-10-17 20:24:04,372 [JUnit] INFO  handler.ContextHandler (ContextHandler.java:doStart(781)) - Started o.e.j.s.ServletContextHandler@3c83468e{/static,jar:file:/home/user/.m2/repository/org/apache/hadoop/hadoop-hdds-container-service/0.5.0-SNAPSHOT/hadoop-hdds-container-service-0.5.0-SNAPSHOT.jar!/webapps/static,AVAILABLE}
2019-10-17 20:24:04,403 [JUnit] INFO  handler.ContextHandler (ContextHandler.java:doStart(781)) - Started o.e.j.w.WebAppContext@4acb7ecc{/,file:///tmp/jetty-0.0.0.0-36666-hddsDatanode-_-any-6350130894587156155.dir/webapp/,AVAILABLE}{/hddsDatanode}
2019-10-17 20:24:04,404 [JUnit] INFO  server.AbstractConnector (AbstractConnector.java:doStart(278)) - Started ServerConnector@2a4f5433{HTTP/1.1,[http/1.1]}{0.0.0.0:36666}
2019-10-17 20:24:04,405 [JUnit] INFO  server.Server (Server.java:doStart(419)) - Started @5688ms
2019-10-17 20:24:04,405 [JUnit] WARN  impl.MetricsSystemImpl (MetricsSystemImpl.java:register(276)) - Sink prometheus already exists!
2019-10-17 20:24:04,406 [JUnit] INFO  server.BaseHttpServer (BaseHttpServer.java:updateConnectorAddress(215)) - HTTP server of HDDSDATANODE is listening at http://0.0.0.0:36666
2019-10-17 20:24:04,408 [JUnit] INFO  ozone.MiniOzoneClusterImpl (MiniOzoneClusterImpl.java:lambda$waitForClusterToBeReady$2(172)) - Waiting for cluster to be ready. Got 0 of 5 DN Heartbeats.
2019-10-17 20:24:04,409 [org.apache.hadoop.util.JvmPauseMonitor$Monitor@14b0058d] INFO  util.JvmPauseMonitor (JvmPauseMonitor.java:run(188)) - Starting JVM pause monitor
2019-10-17 20:24:04,411 [Datanode State Machine Thread - 0] INFO  datanode.InitDatanodeState (InitDatanodeState.java:persistContainerDatanodeDetails(140)) - DatanodeDetails is persisted to /workdir/hadoop-ozone/ozonefs/target/test-dir/MiniOzoneClusterImpl-49a456bf-8bac-41f1-b9b0-8de4948a8c4b/datanode-4/meta/datanode.id
2019-10-17 20:24:05,409 [JUnit] INFO  ozone.MiniOzoneClusterImpl (MiniOzoneClusterImpl.java:lambda$waitForClusterToBeReady$2(172)) - Waiting for cluster to be ready. Got 0 of 5 DN Heartbeats.
2019-10-17 20:24:06,087 [Datanode State Machine Thread - 0] INFO  ozoneimpl.OzoneContainer (OzoneContainer.java:start(213)) - Attempting to start container services.
2019-10-17 20:24:06,091 [Datanode State Machine Thread - 0] INFO  ozoneimpl.OzoneContainer (OzoneContainer.java:startContainerScrub(177)) - Background container scanner has been disabled.
2019-10-17 20:24:06,091 [Datanode State Machine Thread - 0] INFO  ratis.XceiverServerRatis (XceiverServerRatis.java:start(425)) - Starting XceiverServerRatis de4dd1fb-8e89-4d8f-a94c-eecd5ba9e4a0 at port 0
2019-10-17 20:24:06,120 [Datanode State Machine Thread - 0] INFO  impl.RaftServerProxy (RaftServerProxy.java:lambda$start$3(299)) - de4dd1fb-8e89-4d8f-a94c-eecd5ba9e4a0: start RPC server
2019-10-17 20:24:06,143 [Datanode State Machine Thread - 0] INFO  ozoneimpl.OzoneContainer (OzoneContainer.java:start(213)) - Attempting to start container services.
2019-10-17 20:24:06,148 [Datanode State Machine Thread - 0] INFO  ozoneimpl.OzoneContainer (OzoneContainer.java:startContainerScrub(177)) - Background container scanner has been disabled.
2019-10-17 20:24:06,148 [Datanode State Machine Thread - 0] INFO  ratis.XceiverServerRatis (XceiverServerRatis.java:start(425)) - Starting XceiverServerRatis e0a67290-d287-46aa-bb8b-58cc723490f4 at port 0
2019-10-17 20:24:06,160 [Datanode State Machine Thread - 0] INFO  impl.RaftServerProxy (RaftServerProxy.java:lambda$start$3(299)) - e0a67290-d287-46aa-bb8b-58cc723490f4: start RPC server
2019-10-17 20:24:06,257 [Datanode State Machine Thread - 0] INFO  ozoneimpl.OzoneContainer (OzoneContainer.java:start(213)) - Attempting to start container services.
2019-10-17 20:24:06,258 [Datanode State Machine Thread - 0] INFO  ozoneimpl.OzoneContainer (OzoneContainer.java:startContainerScrub(177)) - Background container scanner has been disabled.
2019-10-17 20:24:06,258 [Datanode State Machine Thread - 0] INFO  ratis.XceiverServerRatis (XceiverServerRatis.java:start(425)) - Starting XceiverServerRatis 2131ea33-b1ef-403d-924f-851805102ce8 at port 0
2019-10-17 20:24:06,270 [Datanode State Machine Thread - 0] INFO  impl.RaftServerProxy (RaftServerProxy.java:lambda$start$3(299)) - 2131ea33-b1ef-403d-924f-851805102ce8: start RPC server
2019-10-17 20:24:06,276 [Datanode State Machine Thread - 0] INFO  server.GrpcService (GrpcService.java:startImpl(158)) - 2131ea33-b1ef-403d-924f-851805102ce8: GrpcService started, listening on 0.0.0.0/0.0.0.0:46671
2019-10-17 20:24:06,276 [Datanode State Machine Thread - 0] INFO  server.GrpcService (GrpcService.java:startImpl(158)) - de4dd1fb-8e89-4d8f-a94c-eecd5ba9e4a0: GrpcService started, listening on 0.0.0.0/0.0.0.0:35026
2019-10-17 20:24:06,276 [Datanode State Machine Thread - 0] INFO  server.GrpcService (GrpcService.java:startImpl(158)) - e0a67290-d287-46aa-bb8b-58cc723490f4: GrpcService started, listening on 0.0.0.0/0.0.0.0:39041
2019-10-17 20:24:06,277 [Datanode State Machine Thread - 0] INFO  ratis.XceiverServerRatis (XceiverServerRatis.java:start(435)) - XceiverServerRatis de4dd1fb-8e89-4d8f-a94c-eecd5ba9e4a0 is started using port 35026
2019-10-17 20:24:06,277 [Datanode State Machine Thread - 0] INFO  ratis.XceiverServerRatis (XceiverServerRatis.java:start(435)) - XceiverServerRatis 2131ea33-b1ef-403d-924f-851805102ce8 is started using port 46671
2019-10-17 20:24:06,277 [Datanode State Machine Thread - 0] INFO  ratis.XceiverServerRatis (XceiverServerRatis.java:start(435)) - XceiverServerRatis e0a67290-d287-46aa-bb8b-58cc723490f4 is started using port 39041
2019-10-17 20:24:06,282 [Datanode State Machine Thread - 0] INFO  server.XceiverServerGrpc (XceiverServerGrpc.java:start(149)) - XceiverServerGrpc de4dd1fb-8e89-4d8f-a94c-eecd5ba9e4a0 is started using port 37961
2019-10-17 20:24:06,282 [Datanode State Machine Thread - 0] INFO  server.XceiverServerGrpc (XceiverServerGrpc.java:start(149)) - XceiverServerGrpc 2131ea33-b1ef-403d-924f-851805102ce8 is started using port 44689
2019-10-17 20:24:06,282 [Datanode State Machine Thread - 0] INFO  server.XceiverServerGrpc (XceiverServerGrpc.java:start(149)) - XceiverServerGrpc e0a67290-d287-46aa-bb8b-58cc723490f4 is started using port 40383
2019-10-17 20:24:06,366 [Datanode State Machine Thread - 0] INFO  ozoneimpl.OzoneContainer (OzoneContainer.java:start(213)) - Attempting to start container services.
2019-10-17 20:24:06,368 [Datanode State Machine Thread - 0] INFO  ozoneimpl.OzoneContainer (OzoneContainer.java:startContainerScrub(177)) - Background container scanner has been disabled.
2019-10-17 20:24:06,368 [Datanode State Machine Thread - 0] INFO  ratis.XceiverServerRatis (XceiverServerRatis.java:start(425)) - Starting XceiverServerRatis 0e723869-d81b-4250-bf7c-b3eb1c130cc4 at port 0
2019-10-17 20:24:06,379 [Datanode State Machine Thread - 0] INFO  impl.RaftServerProxy (RaftServerProxy.java:lambda$start$3(299)) - 0e723869-d81b-4250-bf7c-b3eb1c130cc4: start RPC server
2019-10-17 20:24:06,382 [Datanode State Machine Thread - 0] INFO  server.GrpcService (GrpcService.java:startImpl(158)) - 0e723869-d81b-4250-bf7c-b3eb1c130cc4: GrpcService started, listening on 0.0.0.0/0.0.0.0:41994
2019-10-17 20:24:06,382 [Datanode State Machine Thread - 0] INFO  ratis.XceiverServerRatis (XceiverServerRatis.java:start(435)) - XceiverServerRatis 0e723869-d81b-4250-bf7c-b3eb1c130cc4 is started using port 41994
2019-10-17 20:24:06,384 [Datanode State Machine Thread - 0] INFO  server.XceiverServerGrpc (XceiverServerGrpc.java:start(149)) - XceiverServerGrpc 0e723869-d81b-4250-bf7c-b3eb1c130cc4 is started using port 46722
2019-10-17 20:24:06,410 [JUnit] INFO  ozone.MiniOzoneClusterImpl (MiniOzoneClusterImpl.java:lambda$waitForClusterToBeReady$2(172)) - Waiting for cluster to be ready. Got 0 of 5 DN Heartbeats.
2019-10-17 20:24:06,442 [Datanode State Machine Thread - 0] INFO  ozoneimpl.OzoneContainer (OzoneContainer.java:start(213)) - Attempting to start container services.
2019-10-17 20:24:06,446 [Datanode State Machine Thread - 0] INFO  ozoneimpl.OzoneContainer (OzoneContainer.java:startContainerScrub(177)) - Background container scanner has been disabled.
2019-10-17 20:24:06,446 [Datanode State Machine Thread - 0] INFO  ratis.XceiverServerRatis (XceiverServerRatis.java:start(425)) - Starting XceiverServerRatis a20d02fb-e889-4888-8041-7f0d463e97dc at port 0
2019-10-17 20:24:06,456 [Datanode State Machine Thread - 0] INFO  impl.RaftServerProxy (RaftServerProxy.java:lambda$start$3(299)) - a20d02fb-e889-4888-8041-7f0d463e97dc: start RPC server
2019-10-17 20:24:06,459 [Datanode State Machine Thread - 0] INFO  server.GrpcService (GrpcService.java:startImpl(158)) - a20d02fb-e889-4888-8041-7f0d463e97dc: GrpcService started, listening on 0.0.0.0/0.0.0.0:39512
2019-10-17 20:24:06,459 [Datanode State Machine Thread - 0] INFO  ratis.XceiverServerRatis (XceiverServerRatis.java:start(435)) - XceiverServerRatis a20d02fb-e889-4888-8041-7f0d463e97dc is started using port 39512
2019-10-17 20:24:06,461 [Datanode State Machine Thread - 0] INFO  server.XceiverServerGrpc (XceiverServerGrpc.java:start(149)) - XceiverServerGrpc a20d02fb-e889-4888-8041-7f0d463e97dc is started using port 38441
2019-10-17 20:24:07,411 [JUnit] INFO  ozone.MiniOzoneClusterImpl (MiniOzoneClusterImpl.java:lambda$waitForClusterToBeReady$2(172)) - Waiting for cluster to be ready. Got 0 of 5 DN Heartbeats.
2019-10-17 20:24:08,032 [IPC Server handler 0 on 44393] INFO  net.NetworkTopology (NetworkTopologyImpl.java:add(111)) - Added a new node: /default-rack/de4dd1fb-8e89-4d8f-a94c-eecd5ba9e4a0
2019-10-17 20:24:08,032 [IPC Server handler 0 on 44393] INFO  node.SCMNodeManager (SCMNodeManager.java:register(268)) - Registered Data node : de4dd1fb-8e89-4d8f-a94c-eecd5ba9e4a0{ip: 192.168.164.201, host: pr-hdds-1868-s6sc9-3720172378, networkLocation: /default-rack, certSerialId: null}
2019-10-17 20:24:08,036 [EventQueue-NodeRegistrationContainerReportForDataNodeSafeModeRule] INFO  safemode.SCMSafeModeManager (DataNodeSafeModeRule.java:process(71)) - SCM in safe mode. 1 DataNodes registered, 1 required.
2019-10-17 20:24:08,045 [EventQueue-NodeRegistrationContainerReportForContainerSafeModeRule] INFO  safemode.SCMSafeModeManager (SCMSafeModeManager.java:validateSafeModeExitRules(177)) - ScmSafeModeManager, all rules are successfully validated
2019-10-17 20:24:08,045 [EventQueue-NodeRegistrationContainerReportForContainerSafeModeRule] INFO  safemode.SCMSafeModeManager (SCMSafeModeManager.java:exitSafeMode(193)) - SCM exiting safe mode.
2019-10-17 20:24:08,116 [IPC Server handler 3 on 44393] INFO  net.NetworkTopology (NetworkTopologyImpl.java:add(111)) - Added a new node: /default-rack/e0a67290-d287-46aa-bb8b-58cc723490f4
2019-10-17 20:24:08,116 [IPC Server handler 3 on 44393] INFO  node.SCMNodeManager (SCMNodeManager.java:register(268)) - Registered Data node : e0a67290-d287-46aa-bb8b-58cc723490f4{ip: 192.168.164.201, host: pr-hdds-1868-s6sc9-3720172378, networkLocation: /default-rack, certSerialId: null}
2019-10-17 20:24:08,233 [IPC Server handler 2 on 44393] INFO  net.NetworkTopology (NetworkTopologyImpl.java:add(111)) - Added a new node: /default-rack/2131ea33-b1ef-403d-924f-851805102ce8
2019-10-17 20:24:08,233 [IPC Server handler 2 on 44393] INFO  node.SCMNodeManager (SCMNodeManager.java:register(268)) - Registered Data node : 2131ea33-b1ef-403d-924f-851805102ce8{ip: 192.168.164.201, host: pr-hdds-1868-s6sc9-3720172378, networkLocation: /default-rack, certSerialId: null}
2019-10-17 20:24:08,325 [IPC Server handler 1 on 44393] INFO  net.NetworkTopology (NetworkTopologyImpl.java:add(111)) - Added a new node: /default-rack/0e723869-d81b-4250-bf7c-b3eb1c130cc4
2019-10-17 20:24:08,325 [IPC Server handler 1 on 44393] INFO  node.SCMNodeManager (SCMNodeManager.java:register(268)) - Registered Data node : 0e723869-d81b-4250-bf7c-b3eb1c130cc4{ip: 192.168.164.201, host: pr-hdds-1868-s6sc9-3720172378, networkLocation: /default-rack, certSerialId: null}
2019-10-17 20:24:08,413 [IPC Server handler 4 on 44393] INFO  net.NetworkTopology (NetworkTopologyImpl.java:add(111)) - Added a new node: /default-rack/a20d02fb-e889-4888-8041-7f0d463e97dc
2019-10-17 20:24:08,413 [IPC Server handler 4 on 44393] INFO  node.SCMNodeManager (SCMNodeManager.java:register(268)) - Registered Data node : a20d02fb-e889-4888-8041-7f0d463e97dc{ip: 192.168.164.201, host: pr-hdds-1868-s6sc9-3720172378, networkLocation: /default-rack, certSerialId: null}
2019-10-17 20:24:08,598 [grpc-default-executor-0] INFO  impl.RaftServerProxy (RaftServerProxy.java:addNew(89)) - de4dd1fb-8e89-4d8f-a94c-eecd5ba9e4a0: addNew group-F5BDF6D8FBAF:[de4dd1fb-8e89-4d8f-a94c-eecd5ba9e4a0:192.168.164.201:35026] returns group-F5BDF6D8FBAF:java.util.concurrent.CompletableFuture@254884ae[Not completed]
2019-10-17 20:24:08,614 [pool-27-thread-1] INFO  impl.RaftServerImpl (RaftServerImpl.java:<init>(104)) - de4dd1fb-8e89-4d8f-a94c-eecd5ba9e4a0: new RaftServerImpl for group-F5BDF6D8FBAF:[de4dd1fb-8e89-4d8f-a94c-eecd5ba9e4a0:192.168.164.201:35026] with ContainerStateMachine:uninitialized
2019-10-17 20:24:08,618 [pool-27-thread-1] INFO  server.RaftServerConfigKeys (ConfUtils.java:logGet(43)) - raft.server.rpc.timeout.min = 5s (custom)
2019-10-17 20:24:08,619 [pool-27-thread-1] INFO  server.RaftServerConfigKeys (ConfUtils.java:logGet(43)) - raft.server.rpc.timeout.max = 5200ms (custom)
2019-10-17 20:24:08,619 [pool-27-thread-1] INFO  server.RaftServerConfigKeys (ConfUtils.java:logGet(43)) - raft.server.rpcslowness.timeout = 120s (custom)
2019-10-17 20:24:08,620 [pool-27-thread-1] INFO  server.RaftServerConfigKeys (ConfUtils.java:logGet(43)) - raft.server.sleep.deviation.threshold = 300 (default)
2019-10-17 20:24:08,621 [pool-27-thread-1] INFO  server.RaftServerConfigKeys (ConfUtils.java:logGet(43)) - raft.server.log.appender.install.snapshot.enabled = false (custom)
2019-10-17 20:24:08,632 [pool-27-thread-1] INFO  impl.RaftServerImpl (ServerState.java:<init>(103)) - de4dd1fb-8e89-4d8f-a94c-eecd5ba9e4a0@group-F5BDF6D8FBAF: ConfigurationManager, init=-1: [de4dd1fb-8e89-4d8f-a94c-eecd5ba9e4a0:192.168.164.201:35026], old=null, confs=<EMPTY_MAP>
2019-10-17 20:24:08,632 [pool-27-thread-1] INFO  server.RaftServerConfigKeys (ConfUtils.java:logGet(43)) - raft.server.storage.dir = [/workdir/hadoop-ozone/ozonefs/target/test-dir/MiniOzoneClusterImpl-49a456bf-8bac-41f1-b9b0-8de4948a8c4b/datanode-0/data/ratis] (custom)
2019-10-17 20:24:08,640 [pool-27-thread-1] INFO  server.RaftServerConfigKeys (ConfUtils.java:logGet(43)) - raft.server.log.corruption.policy = EXCEPTION (default)
2019-10-17 20:24:08,642 [pool-27-thread-1] INFO  storage.RaftStorageDirectory (RaftStorageDirectory.java:analyzeStorage(246)) - The storage directory /workdir/hadoop-ozone/ozonefs/target/test-dir/MiniOzoneClusterImpl-49a456bf-8bac-41f1-b9b0-8de4948a8c4b/datanode-0/data/ratis/58807efc-444f-4348-b7a9-f5bdf6d8fbaf does not exist. Creating ...
2019-10-17 20:24:08,676 [pool-27-thread-1] INFO  storage.RaftStorageDirectory (RaftStorageDirectory.java:tryLock(328)) - Lock on /workdir/hadoop-ozone/ozonefs/target/test-dir/MiniOzoneClusterImpl-49a456bf-8bac-41f1-b9b0-8de4948a8c4b/datanode-0/data/ratis/58807efc-444f-4348-b7a9-f5bdf6d8fbaf/in_use.lock acquired by nodename 22883@pr-hdds-1868-s6sc9-3720172378
2019-10-17 20:24:08,702 [pool-27-thread-1] INFO  storage.RaftStorage (RaftStorage.java:format(84)) - Storage directory /workdir/hadoop-ozone/ozonefs/target/test-dir/MiniOzoneClusterImpl-49a456bf-8bac-41f1-b9b0-8de4948a8c4b/datanode-0/data/ratis/58807efc-444f-4348-b7a9-f5bdf6d8fbaf has been successfully formatted.
2019-10-17 20:24:08,706 [pool-27-thread-1] INFO  ratis.ContainerStateMachine (ContainerStateMachine.java:loadSnapshot(233)) - group-F5BDF6D8FBAF: The snapshot info is null. Setting the last applied indexto:(t:0, i:~)
2019-10-17 20:24:08,707 [pool-27-thread-1] INFO  server.RaftServerConfigKeys (ConfUtils.java:logGet(43)) - raft.server.notification.no-leader.timeout = 120s (custom)
2019-10-17 20:24:08,710 [pool-27-thread-1] INFO  server.RaftServerConfigKeys (ConfUtils.java:logGet(43)) - raft.server.log.use.memory = false (default)
2019-10-17 20:24:08,718 [pool-27-thread-1] INFO  server.RaftServerConfigKeys (ConfUtils.java:logGet(43)) - raft.server.log.purge.gap = 1000000 (custom)
2019-10-17 20:24:08,719 [pool-27-thread-1] INFO  server.RaftServerConfigKeys (ConfUtils.java:logGet(43)) - raft.server.log.appender.buffer.byte-limit = 33554432 (custom)
2019-10-17 20:24:08,722 [pool-27-thread-1] INFO  server.RaftServerConfigKeys (ConfUtils.java:logGet(43)) - raft.server.log.segment.size.max = 1048576 (custom)
2019-10-17 20:24:08,725 [pool-27-thread-1] INFO  impl.MetricsSystemImpl (MetricsSystemImpl.java:init(158)) - ratis metrics system started (again)
2019-10-17 20:24:08,730 [pool-27-thread-1] INFO  metrics.MetricRegistries (MetricRegistriesLoader.java:load(64)) - Loaded MetricRegistries class org.apache.ratis.metrics.impl.MetricRegistriesImpl
2019-10-17 20:24:08,782 [pool-27-thread-1] INFO  server.RaftServerConfigKeys (ConfUtils.java:logGet(43)) - raft.server.log.segment.cache.num.max = 2 (custom)
2019-10-17 20:24:08,789 [pool-27-thread-1] INFO  segmented.SegmentedRaftLogWorker (SegmentedRaftLogWorker.java:<init>(173)) - new de4dd1fb-8e89-4d8f-a94c-eecd5ba9e4a0@group-F5BDF6D8FBAF-SegmentedRaftLogWorker for RaftStorage:Storage Directory /workdir/hadoop-ozone/ozonefs/target/test-dir/MiniOzoneClusterImpl-49a456bf-8bac-41f1-b9b0-8de4948a8c4b/datanode-0/data/ratis/58807efc-444f-4348-b7a9-f5bdf6d8fbaf
2019-10-17 20:24:08,790 [pool-27-thread-1] INFO  server.RaftServerConfigKeys (ConfUtils.java:logGet(43)) - raft.server.log.queue.byte-limit = 2147483647 (custom)
2019-10-17 20:24:08,790 [pool-27-thread-1] INFO  server.RaftServerConfigKeys (ConfUtils.java:logGet(43)) - raft.server.log.queue.element-limit = 1024 (custom)
2019-10-17 20:24:08,792 [pool-27-thread-1] INFO  server.RaftServerConfigKeys (ConfUtils.java:logGet(43)) - raft.server.log.segment.size.max = 1048576 (custom)
2019-10-17 20:24:08,792 [pool-27-thread-1] INFO  server.RaftServerConfigKeys (ConfUtils.java:logGet(43)) - raft.server.log.preallocated.size = 16384 (custom)
2019-10-17 20:24:08,792 [pool-27-thread-1] INFO  server.RaftServerConfigKeys (ConfUtils.java:logGet(43)) - raft.server.log.write.buffer.size = 33554432 (custom)
2019-10-17 20:24:08,793 [pool-27-thread-1] INFO  server.RaftServerConfigKeys (ConfUtils.java:logGet(43)) - raft.server.log.force.sync.num = 128 (default)
2019-10-17 20:24:08,794 [pool-27-thread-1] INFO  server.RaftServerConfigKeys (ConfUtils.java:logGet(43)) - raft.server.log.statemachine.data.sync = true (default)
2019-10-17 20:24:08,794 [pool-27-thread-1] INFO  server.RaftServerConfigKeys (ConfUtils.java:logGet(43)) - raft.server.log.statemachine.data.sync.timeout = 10s (default)
2019-10-17 20:24:08,795 [pool-27-thread-1] INFO  server.RaftServerConfigKeys (ConfUtils.java:logGet(43)) - raft.server.log.statemachine.data.sync.timeout.retry = -1 (default)
2019-10-17 20:24:08,809 [pool-27-thread-1] INFO  server.RaftServerConfigKeys (ConfUtils.java:logGet(43)) - raft.server.log.statemachine.data.caching.enabled = true (custom)
2019-10-17 20:24:08,814 [pool-27-thread-1] INFO  segmented.SegmentedRaftLogWorker (SegmentedRaftLogWorker.java:lambda$new$0(128)) - de4dd1fb-8e89-4d8f-a94c-eecd5ba9e4a0@group-F5BDF6D8FBAF-SegmentedRaftLogWorker: flushIndex: setUnconditionally 0 -> -1
2019-10-17 20:24:08,819 [pool-27-thread-1] INFO  server.RaftServerConfigKeys (ConfUtils.java:logGet(43)) - raft.server.snapshot.auto.trigger.enabled = true (custom)
2019-10-17 20:24:08,820 [pool-27-thread-1] INFO  server.RaftServerConfigKeys (ConfUtils.java:logGet(43)) - raft.server.snapshot.auto.trigger.threshold = 10000 (custom)
2019-10-17 20:24:08,820 [pool-27-thread-1] INFO  server.RaftServerConfigKeys (ConfUtils.java:logGet(43)) - raft.server.snapshot.retention.file.num = 5 (custom)
2019-10-17 20:24:08,821 [pool-27-thread-1] INFO  server.RaftServerConfigKeys (ConfUtils.java:logGet(43)) - raft.server.retrycache.expirytime = 600000ms (custom)
2019-10-17 20:24:08,854 [pool-27-thread-1] INFO  impl.RaftServerImpl (RaftServerImpl.java:start(195)) - de4dd1fb-8e89-4d8f-a94c-eecd5ba9e4a0@group-F5BDF6D8FBAF: start as a follower, conf=-1: [de4dd1fb-8e89-4d8f-a94c-eecd5ba9e4a0:192.168.164.201:35026], old=null
2019-10-17 20:24:08,855 [pool-27-thread-1] INFO  impl.RaftServerImpl (RaftServerImpl.java:setRole(184)) - de4dd1fb-8e89-4d8f-a94c-eecd5ba9e4a0@group-F5BDF6D8FBAF: changes role from      null to FOLLOWER at term 0 for startAsFollower
2019-10-17 20:24:08,856 [pool-27-thread-1] INFO  impl.RoleInfo (RoleInfo.java:updateAndGet(143)) - de4dd1fb-8e89-4d8f-a94c-eecd5ba9e4a0: start FollowerState
2019-10-17 20:24:08,858 [pool-27-thread-1] INFO  util.JmxRegister (JmxRegister.java:tryRegister(44)) - Successfully registered JMX Bean with object name Ratis:service=RaftServer,group=group-F5BDF6D8FBAF,id=de4dd1fb-8e89-4d8f-a94c-eecd5ba9e4a0
2019-10-17 20:24:08,919 [Thread-210] INFO  impl.FollowerState (FollowerState.java:run(108)) - de4dd1fb-8e89-4d8f-a94c-eecd5ba9e4a0@group-F5BDF6D8FBAF-FollowerState: change to CANDIDATE, lastRpcTime:63ms, electionTimeout:62ms
2019-10-17 20:24:08,923 [Thread-210] INFO  impl.RoleInfo (RoleInfo.java:shutdownFollowerState(121)) - de4dd1fb-8e89-4d8f-a94c-eecd5ba9e4a0: shutdown FollowerState
2019-10-17 20:24:08,923 [Thread-210] INFO  impl.RaftServerImpl (RaftServerImpl.java:setRole(184)) - de4dd1fb-8e89-4d8f-a94c-eecd5ba9e4a0@group-F5BDF6D8FBAF: changes role from  FOLLOWER to CANDIDATE at term 0 for changeToCandidate
2019-10-17 20:24:08,929 [Thread-210] INFO  impl.RoleInfo (RoleInfo.java:updateAndGet(143)) - de4dd1fb-8e89-4d8f-a94c-eecd5ba9e4a0: start LeaderElection
2019-10-17 20:24:08,931 [RatisPipelineUtilsThread] INFO  pipeline.PipelineStateManager (PipelineStateManager.java:addPipeline(55)) - Created pipeline Pipeline[ Id: 58807efc-444f-4348-b7a9-f5bdf6d8fbaf, Nodes: de4dd1fb-8e89-4d8f-a94c-eecd5ba9e4a0{ip: 192.168.164.201, host: pr-hdds-1868-s6sc9-3720172378, networkLocation: /default-rack, certSerialId: null}, Type:RATIS, Factor:ONE, State:ALLOCATED]
2019-10-17 20:24:08,950 [grpc-default-executor-0] INFO  impl.RaftServerProxy (RaftServerProxy.java:addNew(89)) - 0e723869-d81b-4250-bf7c-b3eb1c130cc4: addNew group-E4BD2505819B:[0e723869-d81b-4250-bf7c-b3eb1c130cc4:192.168.164.201:41994] returns group-E4BD2505819B:java.util.concurrent.CompletableFuture@4a0d8d82[Not completed]
2019-10-17 20:24:08,965 [de4dd1fb-8e89-4d8f-a94c-eecd5ba9e4a0@group-F5BDF6D8FBAF-LeaderElection1] INFO  impl.LeaderElection (LeaderElection.java:askForVotes(178)) - de4dd1fb-8e89-4d8f-a94c-eecd5ba9e4a0@group-F5BDF6D8FBAF-LeaderElection1: begin an election at term 1 for -1: [de4dd1fb-8e89-4d8f-a94c-eecd5ba9e4a0:192.168.164.201:35026], old=null
2019-10-17 20:24:08,979 [pool-57-thread-1] INFO  impl.RaftServerImpl (RaftServerImpl.java:<init>(104)) - 0e723869-d81b-4250-bf7c-b3eb1c130cc4: new RaftServerImpl for group-E4BD2505819B:[0e723869-d81b-4250-bf7c-b3eb1c130cc4:192.168.164.201:41994] with ContainerStateMachine:uninitialized
2019-10-17 20:24:08,979 [pool-57-thread-1] INFO  server.RaftServerConfigKeys (ConfUtils.java:logGet(43)) - raft.server.rpc.timeout.min = 5s (custom)
2019-10-17 20:24:08,980 [pool-57-thread-1] INFO  server.RaftServerConfigKeys (ConfUtils.java:logGet(43)) - raft.server.rpc.timeout.max = 5200ms (custom)
2019-10-17 20:24:08,980 [de4dd1fb-8e89-4d8f-a94c-eecd5ba9e4a0@group-F5BDF6D8FBAF-LeaderElection1] INFO  impl.RoleInfo (RoleInfo.java:shutdownLeaderElection(134)) - de4dd1fb-8e89-4d8f-a94c-eecd5ba9e4a0: shutdown LeaderElection
2019-10-17 20:24:08,980 [pool-57-thread-1] INFO  server.RaftServerConfigKeys (ConfUtils.java:logGet(43)) - raft.server.rpcslowness.timeout = 120s (custom)
2019-10-17 20:24:08,980 [pool-57-thread-1] INFO  server.RaftServerConfigKeys (ConfUtils.java:logGet(43)) - raft.server.sleep.deviation.threshold = 300 (default)
2019-10-17 20:24:08,981 [pool-57-thread-1] INFO  server.RaftServerConfigKeys (ConfUtils.java:logGet(43)) - raft.server.log.appender.install.snapshot.enabled = false (custom)
2019-10-17 20:24:08,981 [de4dd1fb-8e89-4d8f-a94c-eecd5ba9e4a0@group-F5BDF6D8FBAF-LeaderElection1] INFO  impl.RaftServerImpl (RaftServerImpl.java:setRole(184)) - de4dd1fb-8e89-4d8f-a94c-eecd5ba9e4a0@group-F5BDF6D8FBAF: changes role from CANDIDATE to LEADER at term 1 for changeToLeader
2019-10-17 20:24:08,981 [pool-57-thread-1] INFO  impl.RaftServerImpl (ServerState.java:<init>(103)) - 0e723869-d81b-4250-bf7c-b3eb1c130cc4@group-E4BD2505819B: ConfigurationManager, init=-1: [0e723869-d81b-4250-bf7c-b3eb1c130cc4:192.168.164.201:41994], old=null, confs=<EMPTY_MAP>
2019-10-17 20:24:08,981 [de4dd1fb-8e89-4d8f-a94c-eecd5ba9e4a0@group-F5BDF6D8FBAF-LeaderElection1] INFO  ratis.XceiverServerRatis (XceiverServerRatis.java:handleLeaderChangedNotification(700)) - Leader change notification received for group: group-F5BDF6D8FBAF with new leaderId: de4dd1fb-8e89-4d8f-a94c-eecd5ba9e4a0
2019-10-17 20:24:08,981 [pool-57-thread-1] INFO  server.RaftServerConfigKeys (ConfUtils.java:logGet(43)) - raft.server.storage.dir = [/workdir/hadoop-ozone/ozonefs/target/test-dir/MiniOzoneClusterImpl-49a456bf-8bac-41f1-b9b0-8de4948a8c4b/datanode-3/data/ratis] (custom)
2019-10-17 20:24:08,982 [pool-57-thread-1] INFO  server.RaftServerConfigKeys (ConfUtils.java:logGet(43)) - raft.server.log.corruption.policy = EXCEPTION (default)
2019-10-17 20:24:08,982 [pool-57-thread-1] INFO  storage.RaftStorageDirectory (RaftStorageDirectory.java:analyzeStorage(246)) - The storage directory /workdir/hadoop-ozone/ozonefs/target/test-dir/MiniOzoneClusterImpl-49a456bf-8bac-41f1-b9b0-8de4948a8c4b/datanode-3/data/ratis/f0827afa-7b39-4737-8452-e4bd2505819b does not exist. Creating ...
2019-10-17 20:24:08,988 [de4dd1fb-8e89-4d8f-a94c-eecd5ba9e4a0@group-F5BDF6D8FBAF-LeaderElection1] INFO  impl.RaftServerImpl (ServerState.java:setLeader(256)) - de4dd1fb-8e89-4d8f-a94c-eecd5ba9e4a0@group-F5BDF6D8FBAF: change Leader from null to de4dd1fb-8e89-4d8f-a94c-eecd5ba9e4a0 at term 1 for becomeLeader, leader elected after 274ms
2019-10-17 20:24:08,999 [de4dd1fb-8e89-4d8f-a94c-eecd5ba9e4a0@group-F5BDF6D8FBAF-LeaderElection1] INFO  server.RaftServerConfigKeys (ConfUtils.java:logGet(43)) - raft.server.staging.catchup.gap = 1000 (default)
2019-10-17 20:24:08,999 [de4dd1fb-8e89-4d8f-a94c-eecd5ba9e4a0@group-F5BDF6D8FBAF-LeaderElection1] INFO  server.RaftServerConfigKeys (ConfUtils.java:logGet(43)) - raft.server.rpc.sleep.time = 25ms (default)
2019-10-17 20:24:09,004 [de4dd1fb-8e89-4d8f-a94c-eecd5ba9e4a0@group-F5BDF6D8FBAF-LeaderElection1] INFO  server.RaftServerConfigKeys (ConfUtils.java:logGet(43)) - raft.server.write.element-limit = 4096 (default)
2019-10-17 20:24:09,007 [de4dd1fb-8e89-4d8f-a94c-eecd5ba9e4a0@group-F5BDF6D8FBAF-LeaderElection1] INFO  server.RaftServerConfigKeys (ConfUtils.java:logGet(43)) - raft.server.watch.timeout = 10s (default)
2019-10-17 20:24:09,007 [de4dd1fb-8e89-4d8f-a94c-eecd5ba9e4a0@group-F5BDF6D8FBAF-LeaderElection1] INFO  server.RaftServerConfigKeys (ConfUtils.java:logGet(43)) - raft.server.watch.timeout.denomination = 1s (default)
2019-10-17 20:24:09,008 [de4dd1fb-8e89-4d8f-a94c-eecd5ba9e4a0@group-F5BDF6D8FBAF-LeaderElection1] INFO  server.RaftServerConfigKeys (ConfUtils.java:logGet(43)) - raft.server.watch.element-limit = 65536 (default)
2019-10-17 20:24:09,011 [pool-57-thread-1] INFO  storage.RaftStorageDirectory (RaftStorageDirectory.java:tryLock(328)) - Lock on /workdir/hadoop-ozone/ozonefs/target/test-dir/MiniOzoneClusterImpl-49a456bf-8bac-41f1-b9b0-8de4948a8c4b/datanode-3/data/ratis/f0827afa-7b39-4737-8452-e4bd2505819b/in_use.lock acquired by nodename 22883@pr-hdds-1868-s6sc9-3720172378
2019-10-17 20:24:09,025 [de4dd1fb-8e89-4d8f-a94c-eecd5ba9e4a0@group-F5BDF6D8FBAF-LeaderElection1] INFO  impl.RoleInfo (RoleInfo.java:updateAndGet(143)) - de4dd1fb-8e89-4d8f-a94c-eecd5ba9e4a0: start LeaderState
2019-10-17 20:24:09,036 [pool-57-thread-1] INFO  storage.RaftStorage (RaftStorage.java:format(84)) - Storage directory /workdir/hadoop-ozone/ozonefs/target/test-dir/MiniOzoneClusterImpl-49a456bf-8bac-41f1-b9b0-8de4948a8c4b/datanode-3/data/ratis/f0827afa-7b39-4737-8452-e4bd2505819b has been successfully formatted.
2019-10-17 20:24:09,038 [pool-57-thread-1] INFO  ratis.ContainerStateMachine (ContainerStateMachine.java:loadSnapshot(233)) - group-E4BD2505819B: The snapshot info is null. Setting the last applied indexto:(t:0, i:~)
2019-10-17 20:24:09,039 [pool-57-thread-1] INFO  server.RaftServerConfigKeys (ConfUtils.java:logGet(43)) - raft.server.notification.no-leader.timeout = 120s (custom)
2019-10-17 20:24:09,039 [pool-57-thread-1] INFO  server.RaftServerConfigKeys (ConfUtils.java:logGet(43)) - raft.server.log.use.memory = false (default)
2019-10-17 20:24:09,040 [pool-57-thread-1] INFO  server.RaftServerConfigKeys (ConfUtils.java:logGet(43)) - raft.server.log.purge.gap = 1000000 (custom)
2019-10-17 20:24:09,040 [pool-57-thread-1] INFO  server.RaftServerConfigKeys (ConfUtils.java:logGet(43)) - raft.server.log.appender.buffer.byte-limit = 33554432 (custom)
2019-10-17 20:24:09,040 [pool-57-thread-1] INFO  server.RaftServerConfigKeys (ConfUtils.java:logGet(43)) - raft.server.log.segment.size.max = 1048576 (custom)
2019-10-17 20:24:09,074 [pool-57-thread-1] INFO  server.RaftServerConfigKeys (ConfUtils.java:logGet(43)) - raft.server.log.segment.cache.num.max = 2 (custom)
2019-10-17 20:24:09,074 [pool-57-thread-1] INFO  segmented.SegmentedRaftLogWorker (SegmentedRaftLogWorker.java:<init>(173)) - new 0e723869-d81b-4250-bf7c-b3eb1c130cc4@group-E4BD2505819B-SegmentedRaftLogWorker for RaftStorage:Storage Directory /workdir/hadoop-ozone/ozonefs/target/test-dir/MiniOzoneClusterImpl-49a456bf-8bac-41f1-b9b0-8de4948a8c4b/datanode-3/data/ratis/f0827afa-7b39-4737-8452-e4bd2505819b
2019-10-17 20:24:09,075 [pool-57-thread-1] INFO  server.RaftServerConfigKeys (ConfUtils.java:logGet(43)) - raft.server.log.queue.byte-limit = 2147483647 (custom)
2019-10-17 20:24:09,075 [pool-57-thread-1] INFO  server.RaftServerConfigKeys (ConfUtils.java:logGet(43)) - raft.server.log.queue.element-limit = 1024 (custom)
2019-10-17 20:24:09,075 [pool-57-thread-1] INFO  server.RaftServerConfigKeys (ConfUtils.java:logGet(43)) - raft.server.log.segment.size.max = 1048576 (custom)
2019-10-17 20:24:09,075 [pool-57-thread-1] INFO  server.RaftServerConfigKeys (ConfUtils.java:logGet(43)) - raft.server.log.preallocated.size = 16384 (custom)
2019-10-17 20:24:09,075 [pool-57-thread-1] INFO  server.RaftServerConfigKeys (ConfUtils.java:logGet(43)) - raft.server.log.write.buffer.size = 33554432 (custom)
2019-10-17 20:24:09,075 [pool-57-thread-1] INFO  server.RaftServerConfigKeys (ConfUtils.java:logGet(43)) - raft.server.log.force.sync.num = 128 (default)
2019-10-17 20:24:09,076 [pool-57-thread-1] INFO  server.RaftServerConfigKeys (ConfUtils.java:logGet(43)) - raft.server.log.statemachine.data.sync = true (default)
2019-10-17 20:24:09,076 [pool-57-thread-1] INFO  server.RaftServerConfigKeys (ConfUtils.java:logGet(43)) - raft.server.log.statemachine.data.sync.timeout = 10s (default)
2019-10-17 20:24:09,076 [pool-57-thread-1] INFO  server.RaftServerConfigKeys (ConfUtils.java:logGet(43)) - raft.server.log.statemachine.data.sync.timeout.retry = -1 (default)
2019-10-17 20:24:09,077 [de4dd1fb-8e89-4d8f-a94c-eecd5ba9e4a0@group-F5BDF6D8FBAF-LeaderElection1] INFO  segmented.SegmentedRaftLogWorker (SegmentedRaftLogWorker.java:startLogSegment(385)) - de4dd1fb-8e89-4d8f-a94c-eecd5ba9e4a0@group-F5BDF6D8FBAF-SegmentedRaftLogWorker: Starting segment from index:0
2019-10-17 20:24:09,077 [pool-57-thread-1] INFO  server.RaftServerConfigKeys (ConfUtils.java:logGet(43)) - raft.server.log.statemachine.data.caching.enabled = true (custom)
2019-10-17 20:24:09,077 [pool-57-thread-1] INFO  segmented.SegmentedRaftLogWorker (SegmentedRaftLogWorker.java:lambda$new$0(128)) - 0e723869-d81b-4250-bf7c-b3eb1c130cc4@group-E4BD2505819B-SegmentedRaftLogWorker: flushIndex: setUnconditionally 0 -> -1
2019-10-17 20:24:09,077 [pool-57-thread-1] INFO  server.RaftServerConfigKeys (ConfUtils.java:logGet(43)) - raft.server.snapshot.auto.trigger.enabled = true (custom)
2019-10-17 20:24:09,077 [pool-57-thread-1] INFO  server.RaftServerConfigKeys (ConfUtils.java:logGet(43)) - raft.server.snapshot.auto.trigger.threshold = 10000 (custom)
2019-10-17 20:24:09,078 [pool-57-thread-1] INFO  server.RaftServerConfigKeys (ConfUtils.java:logGet(43)) - raft.server.snapshot.retention.file.num = 5 (custom)
2019-10-17 20:24:09,078 [pool-57-thread-1] INFO  server.RaftServerConfigKeys (ConfUtils.java:logGet(43)) - raft.server.retrycache.expirytime = 600000ms (custom)
2019-10-17 20:24:09,085 [pool-57-thread-1] INFO  impl.RaftServerImpl (RaftServerImpl.java:start(195)) - 0e723869-d81b-4250-bf7c-b3eb1c130cc4@group-E4BD2505819B: start as a follower, conf=-1: [0e723869-d81b-4250-bf7c-b3eb1c130cc4:192.168.164.201:41994], old=null
2019-10-17 20:24:09,085 [pool-57-thread-1] INFO  impl.RaftServerImpl (RaftServerImpl.java:setRole(184)) - 0e723869-d81b-4250-bf7c-b3eb1c130cc4@group-E4BD2505819B: changes role from      null to FOLLOWER at term 0 for startAsFollower
2019-10-17 20:24:09,085 [pool-57-thread-1] INFO  impl.RoleInfo (RoleInfo.java:updateAndGet(143)) - 0e723869-d81b-4250-bf7c-b3eb1c130cc4: start FollowerState
2019-10-17 20:24:09,085 [pool-57-thread-1] INFO  util.JmxRegister (JmxRegister.java:tryRegister(44)) - Successfully registered JMX Bean with object name Ratis:service=RaftServer,group=group-E4BD2505819B,id=0e723869-d81b-4250-bf7c-b3eb1c130cc4
2019-10-17 20:24:09,087 [de4dd1fb-8e89-4d8f-a94c-eecd5ba9e4a0@group-F5BDF6D8FBAF-LeaderElection1] INFO  impl.RaftServerImpl (ServerState.java:setRaftConf(357)) - de4dd1fb-8e89-4d8f-a94c-eecd5ba9e4a0@group-F5BDF6D8FBAF: set configuration 0: [de4dd1fb-8e89-4d8f-a94c-eecd5ba9e4a0:192.168.164.201:35026], old=null at 0
2019-10-17 20:24:09,092 [Thread-215] INFO  impl.FollowerState (FollowerState.java:run(108)) - 0e723869-d81b-4250-bf7c-b3eb1c130cc4@group-E4BD2505819B-FollowerState: change to CANDIDATE, lastRpcTime:6ms, electionTimeout:6ms
2019-10-17 20:24:09,093 [Thread-215] INFO  impl.RoleInfo (RoleInfo.java:shutdownFollowerState(121)) - 0e723869-d81b-4250-bf7c-b3eb1c130cc4: shutdown FollowerState
2019-10-17 20:24:09,093 [Thread-215] INFO  impl.RaftServerImpl (RaftServerImpl.java:setRole(184)) - 0e723869-d81b-4250-bf7c-b3eb1c130cc4@group-E4BD2505819B: changes role from  FOLLOWER to CANDIDATE at term 0 for changeToCandidate
2019-10-17 20:24:09,093 [Thread-215] INFO  impl.RoleInfo (RoleInfo.java:updateAndGet(143)) - 0e723869-d81b-4250-bf7c-b3eb1c130cc4: start LeaderElection
2019-10-17 20:24:09,107 [RatisPipelineUtilsThread] INFO  pipeline.PipelineStateManager (PipelineStateManager.java:addPipeline(55)) - Created pipeline Pipeline[ Id: f0827afa-7b39-4737-8452-e4bd2505819b, Nodes: 0e723869-d81b-4250-bf7c-b3eb1c130cc4{ip: 192.168.164.201, host: pr-hdds-1868-s6sc9-3720172378, networkLocation: /default-rack, certSerialId: null}, Type:RATIS, Factor:ONE, State:ALLOCATED]
2019-10-17 20:24:09,108 [EventQueue-PipelineReportForPipelineReportHandler] INFO  pipeline.PipelineReportHandler (PipelineReportHandler.java:processPipelineReport(119)) - Pipeline PipelineID=58807efc-444f-4348-b7a9-f5bdf6d8fbaf reported by de4dd1fb-8e89-4d8f-a94c-eecd5ba9e4a0{ip: 192.168.164.201, host: pr-hdds-1868-s6sc9-3720172378, networkLocation: /default-rack, certSerialId: null} with leaderId de4dd1fb-8e89-4d8f-a94c-eecd5ba9e4a0
2019-10-17 20:24:09,108 [JUnit] INFO  ozone.MiniOzoneClusterImpl (MiniOzoneClusterImpl.java:lambda$waitForClusterToBeReady$2(164)) - Waiting for 2 number of pipelines out of 2, to report a leader.
2019-10-17 20:24:09,120 [0e723869-d81b-4250-bf7c-b3eb1c130cc4@group-E4BD2505819B-LeaderElection2] INFO  impl.LeaderElection (LeaderElection.java:askForVotes(178)) - 0e723869-d81b-4250-bf7c-b3eb1c130cc4@group-E4BD2505819B-LeaderElection2: begin an election at term 1 for -1: [0e723869-d81b-4250-bf7c-b3eb1c130cc4:192.168.164.201:41994], old=null
2019-10-17 20:24:09,120 [0e723869-d81b-4250-bf7c-b3eb1c130cc4@group-E4BD2505819B-LeaderElection2] INFO  impl.RoleInfo (RoleInfo.java:shutdownLeaderElection(134)) - 0e723869-d81b-4250-bf7c-b3eb1c130cc4: shutdown LeaderElection
2019-10-17 20:24:09,120 [0e723869-d81b-4250-bf7c-b3eb1c130cc4@group-E4BD2505819B-LeaderElection2] INFO  impl.RaftServerImpl (RaftServerImpl.java:setRole(184)) - 0e723869-d81b-4250-bf7c-b3eb1c130cc4@group-E4BD2505819B: changes role from CANDIDATE to LEADER at term 1 for changeToLeader
2019-10-17 20:24:09,121 [0e723869-d81b-4250-bf7c-b3eb1c130cc4@group-E4BD2505819B-LeaderElection2] INFO  ratis.XceiverServerRatis (XceiverServerRatis.java:handleLeaderChangedNotification(700)) - Leader change notification received for group: group-E4BD2505819B with new leaderId: 0e723869-d81b-4250-bf7c-b3eb1c130cc4
2019-10-17 20:24:09,121 [grpc-default-executor-0] INFO  impl.RaftServerProxy (RaftServerProxy.java:addNew(89)) - a20d02fb-e889-4888-8041-7f0d463e97dc: addNew group-5B3F98DA4ABF:[a20d02fb-e889-4888-8041-7f0d463e97dc:192.168.164.201:39512] returns group-5B3F98DA4ABF:java.util.concurrent.CompletableFuture@4a031a2c[Not completed]
2019-10-17 20:24:09,121 [0e723869-d81b-4250-bf7c-b3eb1c130cc4@group-E4BD2505819B-LeaderElection2] INFO  impl.RaftServerImpl (ServerState.java:setLeader(256)) - 0e723869-d81b-4250-bf7c-b3eb1c130cc4@group-E4BD2505819B: change Leader from null to 0e723869-d81b-4250-bf7c-b3eb1c130cc4 at term 1 for becomeLeader, leader elected after 82ms
2019-10-17 20:24:09,123 [0e723869-d81b-4250-bf7c-b3eb1c130cc4@group-E4BD2505819B-LeaderElection2] INFO  server.RaftServerConfigKeys (ConfUtils.java:logGet(43)) - raft.server.staging.catchup.gap = 1000 (default)
2019-10-17 20:24:09,123 [0e723869-d81b-4250-bf7c-b3eb1c130cc4@group-E4BD2505819B-LeaderElection2] INFO  server.RaftServerConfigKeys (ConfUtils.java:logGet(43)) - raft.server.rpc.sleep.time = 25ms (default)
2019-10-17 20:24:09,124 [0e723869-d81b-4250-bf7c-b3eb1c130cc4@group-E4BD2505819B-LeaderElection2] INFO  server.RaftServerConfigKeys (ConfUtils.java:logGet(43)) - raft.server.write.element-limit = 4096 (default)
2019-10-17 20:24:09,124 [0e723869-d81b-4250-bf7c-b3eb1c130cc4@group-E4BD2505819B-LeaderElection2] INFO  server.RaftServerConfigKeys (ConfUtils.java:logGet(43)) - raft.server.watch.timeout = 10s (default)
2019-10-17 20:24:09,124 [0e723869-d81b-4250-bf7c-b3eb1c130cc4@group-E4BD2505819B-LeaderElection2] INFO  server.RaftServerConfigKeys (ConfUtils.java:logGet(43)) - raft.server.watch.timeout.denomination = 1s (default)
2019-10-17 20:24:09,124 [0e723869-d81b-4250-bf7c-b3eb1c130cc4@group-E4BD2505819B-LeaderElection2] INFO  server.RaftServerConfigKeys (ConfUtils.java:logGet(43)) - raft.server.watch.element-limit = 65536 (default)
2019-10-17 20:24:09,126 [pool-67-thread-1] INFO  impl.RaftServerImpl (RaftServerImpl.java:<init>(104)) - a20d02fb-e889-4888-8041-7f0d463e97dc: new RaftServerImpl for group-5B3F98DA4ABF:[a20d02fb-e889-4888-8041-7f0d463e97dc:192.168.164.201:39512] with ContainerStateMachine:uninitialized
2019-10-17 20:24:09,126 [pool-67-thread-1] INFO  server.RaftServerConfigKeys (ConfUtils.java:logGet(43)) - raft.server.rpc.timeout.min = 5s (custom)
2019-10-17 20:24:09,126 [pool-67-thread-1] INFO  server.RaftServerConfigKeys (ConfUtils.java:logGet(43)) - raft.server.rpc.timeout.max = 5200ms (custom)
2019-10-17 20:24:09,126 [pool-67-thread-1] INFO  server.RaftServerConfigKeys (ConfUtils.java:logGet(43)) - raft.server.rpcslowness.timeout = 120s (custom)
2019-10-17 20:24:09,126 [pool-67-thread-1] INFO  server.RaftServerConfigKeys (ConfUtils.java:logGet(43)) - raft.server.sleep.deviation.threshold = 300 (default)
2019-10-17 20:24:09,127 [pool-67-thread-1] INFO  server.RaftServerConfigKeys (ConfUtils.java:logGet(43)) - raft.server.log.appender.install.snapshot.enabled = false (custom)
2019-10-17 20:24:09,127 [pool-67-thread-1] INFO  impl.RaftServerImpl (ServerState.java:<init>(103)) - a20d02fb-e889-4888-8041-7f0d463e97dc@group-5B3F98DA4ABF: ConfigurationManager, init=-1: [a20d02fb-e889-4888-8041-7f0d463e97dc:192.168.164.201:39512], old=null, confs=<EMPTY_MAP>
2019-10-17 20:24:09,127 [pool-67-thread-1] INFO  server.RaftServerConfigKeys (ConfUtils.java:logGet(43)) - raft.server.storage.dir = [/workdir/hadoop-ozone/ozonefs/target/test-dir/MiniOzoneClusterImpl-49a456bf-8bac-41f1-b9b0-8de4948a8c4b/datanode-4/data/ratis] (custom)
2019-10-17 20:24:09,127 [pool-67-thread-1] INFO  server.RaftServerConfigKeys (ConfUtils.java:logGet(43)) - raft.server.log.corruption.policy = EXCEPTION (default)
2019-10-17 20:24:09,127 [pool-67-thread-1] INFO  storage.RaftStorageDirectory (RaftStorageDirectory.java:analyzeStorage(246)) - The storage directory /workdir/hadoop-ozone/ozonefs/target/test-dir/MiniOzoneClusterImpl-49a456bf-8bac-41f1-b9b0-8de4948a8c4b/datanode-4/data/ratis/51f0da17-f099-4599-82ac-5b3f98da4abf does not exist. Creating ...
2019-10-17 20:24:09,129 [0e723869-d81b-4250-bf7c-b3eb1c130cc4@group-E4BD2505819B-LeaderElection2] INFO  impl.RoleInfo (RoleInfo.java:updateAndGet(143)) - 0e723869-d81b-4250-bf7c-b3eb1c130cc4: start LeaderState
2019-10-17 20:24:09,129 [0e723869-d81b-4250-bf7c-b3eb1c130cc4@group-E4BD2505819B-LeaderElection2] INFO  segmented.SegmentedRaftLogWorker (SegmentedRaftLogWorker.java:startLogSegment(385)) - 0e723869-d81b-4250-bf7c-b3eb1c130cc4@group-E4BD2505819B-SegmentedRaftLogWorker: Starting segment from index:0
2019-10-17 20:24:09,130 [0e723869-d81b-4250-bf7c-b3eb1c130cc4@group-E4BD2505819B-LeaderElection2] INFO  impl.RaftServerImpl (ServerState.java:setRaftConf(357)) - 0e723869-d81b-4250-bf7c-b3eb1c130cc4@group-E4BD2505819B: set configuration 0: [0e723869-d81b-4250-bf7c-b3eb1c130cc4:192.168.164.201:41994], old=null at 0
2019-10-17 20:24:09,153 [pool-67-thread-1] INFO  storage.RaftStorageDirectory (RaftStorageDirectory.java:tryLock(328)) - Lock on /workdir/hadoop-ozone/ozonefs/target/test-dir/MiniOzoneClusterImpl-49a456bf-8bac-41f1-b9b0-8de4948a8c4b/datanode-4/data/ratis/51f0da17-f099-4599-82ac-5b3f98da4abf/in_use.lock acquired by nodename 22883@pr-hdds-1868-s6sc9-3720172378
2019-10-17 20:24:09,179 [pool-67-thread-1] INFO  storage.RaftStorage (RaftStorage.java:format(84)) - Storage directory /workdir/hadoop-ozone/ozonefs/target/test-dir/MiniOzoneClusterImpl-49a456bf-8bac-41f1-b9b0-8de4948a8c4b/datanode-4/data/ratis/51f0da17-f099-4599-82ac-5b3f98da4abf has been successfully formatted.
2019-10-17 20:24:09,179 [pool-67-thread-1] INFO  ratis.ContainerStateMachine (ContainerStateMachine.java:loadSnapshot(233)) - group-5B3F98DA4ABF: The snapshot info is null. Setting the last applied indexto:(t:0, i:~)
2019-10-17 20:24:09,179 [pool-67-thread-1] INFO  server.RaftServerConfigKeys (ConfUtils.java:logGet(43)) - raft.server.notification.no-leader.timeout = 120s (custom)
2019-10-17 20:24:09,180 [pool-67-thread-1] INFO  server.RaftServerConfigKeys (ConfUtils.java:logGet(43)) - raft.server.log.use.memory = false (default)
2019-10-17 20:24:09,180 [pool-67-thread-1] INFO  server.RaftServerConfigKeys (ConfUtils.java:logGet(43)) - raft.server.log.purge.gap = 1000000 (custom)
2019-10-17 20:24:09,180 [pool-67-thread-1] INFO  server.RaftServerConfigKeys (ConfUtils.java:logGet(43)) - raft.server.log.appender.buffer.byte-limit = 33554432 (custom)
2019-10-17 20:24:09,180 [pool-67-thread-1] INFO  server.RaftServerConfigKeys (ConfUtils.java:logGet(43)) - raft.server.log.segment.size.max = 1048576 (custom)
2019-10-17 20:24:09,183 [pool-67-thread-1] INFO  server.RaftServerConfigKeys (ConfUtils.java:logGet(43)) - raft.server.log.segment.cache.num.max = 2 (custom)
2019-10-17 20:24:09,183 [pool-67-thread-1] INFO  segmented.SegmentedRaftLogWorker (SegmentedRaftLogWorker.java:<init>(173)) - new a20d02fb-e889-4888-8041-7f0d463e97dc@group-5B3F98DA4ABF-SegmentedRaftLogWorker for RaftStorage:Storage Directory /workdir/hadoop-ozone/ozonefs/target/test-dir/MiniOzoneClusterImpl-49a456bf-8bac-41f1-b9b0-8de4948a8c4b/datanode-4/data/ratis/51f0da17-f099-4599-82ac-5b3f98da4abf
2019-10-17 20:24:09,183 [pool-67-thread-1] INFO  server.RaftServerConfigKeys (ConfUtils.java:logGet(43)) - raft.server.log.queue.byte-limit = 2147483647 (custom)
2019-10-17 20:24:09,183 [pool-67-thread-1] INFO  server.RaftServerConfigKeys (ConfUtils.java:logGet(43)) - raft.server.log.queue.element-limit = 1024 (custom)
2019-10-17 20:24:09,183 [pool-67-thread-1] INFO  server.RaftServerConfigKeys (ConfUtils.java:logGet(43)) - raft.server.log.segment.size.max = 1048576 (custom)
2019-10-17 20:24:09,183 [pool-67-thread-1] INFO  server.RaftServerConfigKeys (ConfUtils.java:logGet(43)) - raft.server.log.preallocated.size = 16384 (custom)
2019-10-17 20:24:09,184 [pool-67-thread-1] INFO  server.RaftServerConfigKeys (ConfUtils.java:logGet(43)) - raft.server.log.write.buffer.size = 33554432 (custom)
2019-10-17 20:24:09,184 [pool-67-thread-1] INFO  server.RaftServerConfigKeys (ConfUtils.java:logGet(43)) - raft.server.log.force.sync.num = 128 (default)
2019-10-17 20:24:09,184 [pool-67-thread-1] INFO  server.RaftServerConfigKeys (ConfUtils.java:logGet(43)) - raft.server.log.statemachine.data.sync = true (default)
2019-10-17 20:24:09,184 [pool-67-thread-1] INFO  server.RaftServerConfigKeys (ConfUtils.java:logGet(43)) - raft.server.log.statemachine.data.sync.timeout = 10s (default)
2019-10-17 20:24:09,184 [pool-67-thread-1] INFO  server.RaftServerConfigKeys (ConfUtils.java:logGet(43)) - raft.server.log.statemachine.data.sync.timeout.retry = -1 (default)
2019-10-17 20:24:09,185 [pool-67-thread-1] INFO  server.RaftServerConfigKeys (ConfUtils.java:logGet(43)) - raft.server.log.statemachine.data.caching.enabled = true (custom)
2019-10-17 20:24:09,185 [pool-67-thread-1] INFO  segmented.SegmentedRaftLogWorker (SegmentedRaftLogWorker.java:lambda$new$0(128)) - a20d02fb-e889-4888-8041-7f0d463e97dc@group-5B3F98DA4ABF-SegmentedRaftLogWorker: flushIndex: setUnconditionally 0 -> -1
2019-10-17 20:24:09,185 [pool-67-thread-1] INFO  server.RaftServerConfigKeys (ConfUtils.java:logGet(43)) - raft.server.snapshot.auto.trigger.enabled = true (custom)
2019-10-17 20:24:09,185 [pool-67-thread-1] INFO  server.RaftServerConfigKeys (ConfUtils.java:logGet(43)) - raft.server.snapshot.auto.trigger.threshold = 10000 (custom)
2019-10-17 20:24:09,185 [pool-67-thread-1] INFO  server.RaftServerConfigKeys (ConfUtils.java:logGet(43)) - raft.server.snapshot.retention.file.num = 5 (custom)
2019-10-17 20:24:09,186 [pool-67-thread-1] INFO  server.RaftServerConfigKeys (ConfUtils.java:logGet(43)) - raft.server.retrycache.expirytime = 600000ms (custom)
2019-10-17 20:24:09,190 [pool-67-thread-1] INFO  impl.RaftServerImpl (RaftServerImpl.java:start(195)) - a20d02fb-e889-4888-8041-7f0d463e97dc@group-5B3F98DA4ABF: start as a follower, conf=-1: [a20d02fb-e889-4888-8041-7f0d463e97dc:192.168.164.201:39512], old=null
2019-10-17 20:24:09,191 [pool-67-thread-1] INFO  impl.RaftServerImpl (RaftServerImpl.java:setRole(184)) - a20d02fb-e889-4888-8041-7f0d463e97dc@group-5B3F98DA4ABF: changes role from      null to FOLLOWER at term 0 for startAsFollower
2019-10-17 20:24:09,191 [pool-67-thread-1] INFO  impl.RoleInfo (RoleInfo.java:updateAndGet(143)) - a20d02fb-e889-4888-8041-7f0d463e97dc: start FollowerState
2019-10-17 20:24:09,191 [pool-67-thread-1] INFO  util.JmxRegister (JmxRegister.java:tryRegister(44)) - Successfully registered JMX Bean with object name Ratis:service=RaftServer,group=group-5B3F98DA4ABF,id=a20d02fb-e889-4888-8041-7f0d463e97dc
2019-10-17 20:24:09,202 [RatisPipelineUtilsThread] INFO  pipeline.PipelineStateManager (PipelineStateManager.java:addPipeline(55)) - Created pipeline Pipeline[ Id: 51f0da17-f099-4599-82ac-5b3f98da4abf, Nodes: a20d02fb-e889-4888-8041-7f0d463e97dc{ip: 192.168.164.201, host: pr-hdds-1868-s6sc9-3720172378, networkLocation: /default-rack, certSerialId: null}, Type:RATIS, Factor:ONE, State:ALLOCATED]
2019-10-17 20:24:09,219 [grpc-default-executor-0] INFO  impl.RaftServerProxy (RaftServerProxy.java:addNew(89)) - e0a67290-d287-46aa-bb8b-58cc723490f4: addNew group-98BCD1587B28:[e0a67290-d287-46aa-bb8b-58cc723490f4:192.168.164.201:39041] returns group-98BCD1587B28:java.util.concurrent.CompletableFuture@51f3cdd[Not completed]
2019-10-17 20:24:09,221 [pool-37-thread-1] INFO  impl.RaftServerImpl (RaftServerImpl.java:<init>(104)) - e0a67290-d287-46aa-bb8b-58cc723490f4: new RaftServerImpl for group-98BCD1587B28:[e0a67290-d287-46aa-bb8b-58cc723490f4:192.168.164.201:39041] with ContainerStateMachine:uninitialized
2019-10-17 20:24:09,221 [pool-37-thread-1] INFO  server.RaftServerConfigKeys (ConfUtils.java:logGet(43)) - raft.server.rpc.timeout.min = 5s (custom)
2019-10-17 20:24:09,221 [pool-37-thread-1] INFO  server.RaftServerConfigKeys (ConfUtils.java:logGet(43)) - raft.server.rpc.timeout.max = 5200ms (custom)
2019-10-17 20:24:09,221 [pool-37-thread-1] INFO  server.RaftServerConfigKeys (ConfUtils.java:logGet(43)) - raft.server.rpcslowness.timeout = 120s (custom)
2019-10-17 20:24:09,222 [pool-37-thread-1] INFO  server.RaftServerConfigKeys (ConfUtils.java:logGet(43)) - raft.server.sleep.deviation.threshold = 300 (default)
2019-10-17 20:24:09,222 [pool-37-thread-1] INFO  server.RaftServerConfigKeys (ConfUtils.java:logGet(43)) - raft.server.log.appender.install.snapshot.enabled = false (custom)
2019-10-17 20:24:09,222 [pool-37-thread-1] INFO  impl.RaftServerImpl (ServerState.java:<init>(103)) - e0a67290-d287-46aa-bb8b-58cc723490f4@group-98BCD1587B28: ConfigurationManager, init=-1: [e0a67290-d287-46aa-bb8b-58cc723490f4:192.168.164.201:39041], old=null, confs=<EMPTY_MAP>
2019-10-17 20:24:09,222 [pool-37-thread-1] INFO  server.RaftServerConfigKeys (ConfUtils.java:logGet(43)) - raft.server.storage.dir = [/workdir/hadoop-ozone/ozonefs/target/test-dir/MiniOzoneClusterImpl-49a456bf-8bac-41f1-b9b0-8de4948a8c4b/datanode-1/data/ratis] (custom)
2019-10-17 20:24:09,222 [pool-37-thread-1] INFO  server.RaftServerConfigKeys (ConfUtils.java:logGet(43)) - raft.server.log.corruption.policy = EXCEPTION (default)
2019-10-17 20:24:09,223 [pool-37-thread-1] INFO  storage.RaftStorageDirectory (RaftStorageDirectory.java:analyzeStorage(246)) - The storage directory /workdir/hadoop-ozone/ozonefs/target/test-dir/MiniOzoneClusterImpl-49a456bf-8bac-41f1-b9b0-8de4948a8c4b/datanode-1/data/ratis/9a7474a4-6502-4a4a-a90d-98bcd1587b28 does not exist. Creating ...
2019-10-17 20:24:09,234 [Thread-220] INFO  impl.FollowerState (FollowerState.java:run(108)) - a20d02fb-e889-4888-8041-7f0d463e97dc@group-5B3F98DA4ABF-FollowerState: change to CANDIDATE, lastRpcTime:43ms, electionTimeout:43ms
2019-10-17 20:24:09,234 [Thread-220] INFO  impl.RoleInfo (RoleInfo.java:shutdownFollowerState(121)) - a20d02fb-e889-4888-8041-7f0d463e97dc: shutdown FollowerState
2019-10-17 20:24:09,235 [Thread-220] INFO  impl.RaftServerImpl (RaftServerImpl.java:setRole(184)) - a20d02fb-e889-4888-8041-7f0d463e97dc@group-5B3F98DA4ABF: changes role from  FOLLOWER to CANDIDATE at term 0 for changeToCandidate
2019-10-17 20:24:09,235 [Thread-220] INFO  impl.RoleInfo (RoleInfo.java:updateAndGet(143)) - a20d02fb-e889-4888-8041-7f0d463e97dc: start LeaderElection
2019-10-17 20:24:09,266 [pool-37-thread-1] INFO  storage.RaftStorageDirectory (RaftStorageDirectory.java:tryLock(328)) - Lock on /workdir/hadoop-ozone/ozonefs/target/test-dir/MiniOzoneClusterImpl-49a456bf-8bac-41f1-b9b0-8de4948a8c4b/datanode-1/data/ratis/9a7474a4-6502-4a4a-a90d-98bcd1587b28/in_use.lock acquired by nodename 22883@pr-hdds-1868-s6sc9-3720172378
2019-10-17 20:24:09,267 [a20d02fb-e889-4888-8041-7f0d463e97dc@group-5B3F98DA4ABF-LeaderElection3] INFO  impl.LeaderElection (LeaderElection.java:askForVotes(178)) - a20d02fb-e889-4888-8041-7f0d463e97dc@group-5B3F98DA4ABF-LeaderElection3: begin an election at term 1 for -1: [a20d02fb-e889-4888-8041-7f0d463e97dc:192.168.164.201:39512], old=null
2019-10-17 20:24:09,267 [a20d02fb-e889-4888-8041-7f0d463e97dc@group-5B3F98DA4ABF-LeaderElection3] INFO  impl.RoleInfo (RoleInfo.java:shutdownLeaderElection(134)) - a20d02fb-e889-4888-8041-7f0d463e97dc: shutdown LeaderElection
2019-10-17 20:24:09,267 [a20d02fb-e889-4888-8041-7f0d463e97dc@group-5B3F98DA4ABF-LeaderElection3] INFO  impl.RaftServerImpl (RaftServerImpl.java:setRole(184)) - a20d02fb-e889-4888-8041-7f0d463e97dc@group-5B3F98DA4ABF: changes role from CANDIDATE to LEADER at term 1 for changeToLeader
2019-10-17 20:24:09,268 [a20d02fb-e889-4888-8041-7f0d463e97dc@group-5B3F98DA4ABF-LeaderElection3] INFO  ratis.XceiverServerRatis (XceiverServerRatis.java:handleLeaderChangedNotification(700)) - Leader change notification received for group: group-5B3F98DA4ABF with new leaderId: a20d02fb-e889-4888-8041-7f0d463e97dc
2019-10-17 20:24:09,268 [a20d02fb-e889-4888-8041-7f0d463e97dc@group-5B3F98DA4ABF-LeaderElection3] INFO  impl.RaftServerImpl (ServerState.java:setLeader(256)) - a20d02fb-e889-4888-8041-7f0d463e97dc@group-5B3F98DA4ABF: change Leader from null to a20d02fb-e889-4888-8041-7f0d463e97dc at term 1 for becomeLeader, leader elected after 88ms
2019-10-17 20:24:09,268 [a20d02fb-e889-4888-8041-7f0d463e97dc@group-5B3F98DA4ABF-LeaderElection3] INFO  server.RaftServerConfigKeys (ConfUtils.java:logGet(43)) - raft.server.staging.catchup.gap = 1000 (default)
2019-10-17 20:24:09,270 [a20d02fb-e889-4888-8041-7f0d463e97dc@group-5B3F98DA4ABF-LeaderElection3] INFO  server.RaftServerConfigKeys (ConfUtils.java:logGet(43)) - raft.server.rpc.sleep.time = 25ms (default)
2019-10-17 20:24:09,271 [a20d02fb-e889-4888-8041-7f0d463e97dc@group-5B3F98DA4ABF-LeaderElection3] INFO  server.RaftServerConfigKeys (ConfUtils.java:logGet(43)) - raft.server.write.element-limit = 4096 (default)
2019-10-17 20:24:09,271 [a20d02fb-e889-4888-8041-7f0d463e97dc@group-5B3F98DA4ABF-LeaderElection3] INFO  server.RaftServerConfigKeys (ConfUtils.java:logGet(43)) - raft.server.watch.timeout = 10s (default)
2019-10-17 20:24:09,271 [a20d02fb-e889-4888-8041-7f0d463e97dc@group-5B3F98DA4ABF-LeaderElection3] INFO  server.RaftServerConfigKeys (ConfUtils.java:logGet(43)) - raft.server.watch.timeout.denomination = 1s (default)
2019-10-17 20:24:09,272 [a20d02fb-e889-4888-8041-7f0d463e97dc@group-5B3F98DA4ABF-LeaderElection3] INFO  server.RaftServerConfigKeys (ConfUtils.java:logGet(43)) - raft.server.watch.element-limit = 65536 (default)
2019-10-17 20:24:09,274 [a20d02fb-e889-4888-8041-7f0d463e97dc@group-5B3F98DA4ABF-LeaderElection3] INFO  impl.RoleInfo (RoleInfo.java:updateAndGet(143)) - a20d02fb-e889-4888-8041-7f0d463e97dc: start LeaderState
2019-10-17 20:24:09,274 [a20d02fb-e889-4888-8041-7f0d463e97dc@group-5B3F98DA4ABF-LeaderElection3] INFO  segmented.SegmentedRaftLogWorker (SegmentedRaftLogWorker.java:startLogSegment(385)) - a20d02fb-e889-4888-8041-7f0d463e97dc@group-5B3F98DA4ABF-SegmentedRaftLogWorker: Starting segment from index:0
2019-10-17 20:24:09,275 [a20d02fb-e889-4888-8041-7f0d463e97dc@group-5B3F98DA4ABF-LeaderElection3] INFO  impl.RaftServerImpl (ServerState.java:setRaftConf(357)) - a20d02fb-e889-4888-8041-7f0d463e97dc@group-5B3F98DA4ABF: set configuration 0: [a20d02fb-e889-4888-8041-7f0d463e97dc:192.168.164.201:39512], old=null at 0
2019-10-17 20:24:09,302 [0e723869-d81b-4250-bf7c-b3eb1c130cc4@group-E4BD2505819B-SegmentedRaftLogWorker] INFO  segmented.SegmentedRaftLogWorker (SegmentedRaftLogWorker.java:execute(576)) - 0e723869-d81b-4250-bf7c-b3eb1c130cc4@group-E4BD2505819B-SegmentedRaftLogWorker: created new log segment /workdir/hadoop-ozone/ozonefs/target/test-dir/MiniOzoneClusterImpl-49a456bf-8bac-41f1-b9b0-8de4948a8c4b/datanode-3/data/ratis/f0827afa-7b39-4737-8452-e4bd2505819b/current/log_inprogress_0
2019-10-17 20:24:09,302 [de4dd1fb-8e89-4d8f-a94c-eecd5ba9e4a0@group-F5BDF6D8FBAF-SegmentedRaftLogWorker] INFO  segmented.SegmentedRaftLogWorker (SegmentedRaftLogWorker.java:execute(576)) - de4dd1fb-8e89-4d8f-a94c-eecd5ba9e4a0@group-F5BDF6D8FBAF-SegmentedRaftLogWorker: created new log segment /workdir/hadoop-ozone/ozonefs/target/test-dir/MiniOzoneClusterImpl-49a456bf-8bac-41f1-b9b0-8de4948a8c4b/datanode-0/data/ratis/58807efc-444f-4348-b7a9-f5bdf6d8fbaf/current/log_inprogress_0
2019-10-17 20:24:09,302 [pool-37-thread-1] INFO  storage.RaftStorage (RaftStorage.java:format(84)) - Storage directory /workdir/hadoop-ozone/ozonefs/target/test-dir/MiniOzoneClusterImpl-49a456bf-8bac-41f1-b9b0-8de4948a8c4b/datanode-1/data/ratis/9a7474a4-6502-4a4a-a90d-98bcd1587b28 has been successfully formatted.
2019-10-17 20:24:09,303 [pool-37-thread-1] INFO  ratis.ContainerStateMachine (ContainerStateMachine.java:loadSnapshot(233)) - group-98BCD1587B28: The snapshot info is null. Setting the last applied indexto:(t:0, i:~)
2019-10-17 20:24:09,303 [pool-37-thread-1] INFO  server.RaftServerConfigKeys (ConfUtils.java:logGet(43)) - raft.server.notification.no-leader.timeout = 120s (custom)
2019-10-17 20:24:09,303 [pool-37-thread-1] INFO  server.RaftServerConfigKeys (ConfUtils.java:logGet(43)) - raft.server.log.use.memory = false (default)
2019-10-17 20:24:09,304 [pool-37-thread-1] INFO  server.RaftServerConfigKeys (ConfUtils.java:logGet(43)) - raft.server.log.purge.gap = 1000000 (custom)
2019-10-17 20:24:09,304 [pool-37-thread-1] INFO  server.RaftServerConfigKeys (ConfUtils.java:logGet(43)) - raft.server.log.appender.buffer.byte-limit = 33554432 (custom)
2019-10-17 20:24:09,304 [pool-37-thread-1] INFO  server.RaftServerConfigKeys (ConfUtils.java:logGet(43)) - raft.server.log.segment.size.max = 1048576 (custom)
2019-10-17 20:24:09,307 [pool-37-thread-1] INFO  server.RaftServerConfigKeys (ConfUtils.java:logGet(43)) - raft.server.log.segment.cache.num.max = 2 (custom)
2019-10-17 20:24:09,308 [pool-37-thread-1] INFO  segmented.SegmentedRaftLogWorker (SegmentedRaftLogWorker.java:<init>(173)) - new e0a67290-d287-46aa-bb8b-58cc723490f4@group-98BCD1587B28-SegmentedRaftLogWorker for RaftStorage:Storage Directory /workdir/hadoop-ozone/ozonefs/target/test-dir/MiniOzoneClusterImpl-49a456bf-8bac-41f1-b9b0-8de4948a8c4b/datanode-1/data/ratis/9a7474a4-6502-4a4a-a90d-98bcd1587b28
2019-10-17 20:24:09,308 [pool-37-thread-1] INFO  server.RaftServerConfigKeys (ConfUtils.java:logGet(43)) - raft.server.log.queue.byte-limit = 2147483647 (custom)
2019-10-17 20:24:09,308 [pool-37-thread-1] INFO  server.RaftServerConfigKeys (ConfUtils.java:logGet(43)) - raft.server.log.queue.element-limit = 1024 (custom)
2019-10-17 20:24:09,308 [pool-37-thread-1] INFO  server.RaftServerConfigKeys (ConfUtils.java:logGet(43)) - raft.server.log.segment.size.max = 1048576 (custom)
2019-10-17 20:24:09,308 [pool-37-thread-1] INFO  server.RaftServerConfigKeys (ConfUtils.java:logGet(43)) - raft.server.log.preallocated.size = 16384 (custom)
2019-10-17 20:24:09,309 [pool-37-thread-1] INFO  server.RaftServerConfigKeys (ConfUtils.java:logGet(43)) - raft.server.log.write.buffer.size = 33554432 (custom)
2019-10-17 20:24:09,309 [pool-37-thread-1] INFO  server.RaftServerConfigKeys (ConfUtils.java:logGet(43)) - raft.server.log.force.sync.num = 128 (default)
2019-10-17 20:24:09,309 [pool-37-thread-1] INFO  server.RaftServerConfigKeys (ConfUtils.java:logGet(43)) - raft.server.log.statemachine.data.sync = true (default)
2019-10-17 20:24:09,309 [pool-37-thread-1] INFO  server.RaftServerConfigKeys (ConfUtils.java:logGet(43)) - raft.server.log.statemachine.data.sync.timeout = 10s (default)
2019-10-17 20:24:09,309 [pool-37-thread-1] INFO  server.RaftServerConfigKeys (ConfUtils.java:logGet(43)) - raft.server.log.statemachine.data.sync.timeout.retry = -1 (default)
2019-10-17 20:24:09,310 [pool-37-thread-1] INFO  server.RaftServerConfigKeys (ConfUtils.java:logGet(43)) - raft.server.log.statemachine.data.caching.enabled = true (custom)
2019-10-17 20:24:09,310 [pool-37-thread-1] INFO  segmented.SegmentedRaftLogWorker (SegmentedRaftLogWorker.java:lambda$new$0(128)) - e0a67290-d287-46aa-bb8b-58cc723490f4@group-98BCD1587B28-SegmentedRaftLogWorker: flushIndex: setUnconditionally 0 -> -1
2019-10-17 20:24:09,311 [pool-37-thread-1] INFO  server.RaftServerConfigKeys (ConfUtils.java:logGet(43)) - raft.server.snapshot.auto.trigger.enabled = true (custom)
2019-10-17 20:24:09,311 [pool-37-thread-1] INFO  server.RaftServerConfigKeys (ConfUtils.java:logGet(43)) - raft.server.snapshot.auto.trigger.threshold = 10000 (custom)
2019-10-17 20:24:09,311 [pool-37-thread-1] INFO  server.RaftServerConfigKeys (ConfUtils.java:logGet(43)) - raft.server.snapshot.retention.file.num = 5 (custom)
2019-10-17 20:24:09,312 [pool-37-thread-1] INFO  server.RaftServerConfigKeys (ConfUtils.java:logGet(43)) - raft.server.retrycache.expirytime = 600000ms (custom)
2019-10-17 20:24:09,317 [pool-37-thread-1] INFO  impl.RaftServerImpl (RaftServerImpl.java:start(195)) - e0a67290-d287-46aa-bb8b-58cc723490f4@group-98BCD1587B28: start as a follower, conf=-1: [e0a67290-d287-46aa-bb8b-58cc723490f4:192.168.164.201:39041], old=null
2019-10-17 20:24:09,317 [pool-37-thread-1] INFO  impl.RaftServerImpl (RaftServerImpl.java:setRole(184)) - e0a67290-d287-46aa-bb8b-58cc723490f4@group-98BCD1587B28: changes role from      null to FOLLOWER at term 0 for startAsFollower
2019-10-17 20:24:09,317 [pool-37-thread-1] INFO  impl.RoleInfo (RoleInfo.java:updateAndGet(143)) - e0a67290-d287-46aa-bb8b-58cc723490f4: start FollowerState
2019-10-17 20:24:09,318 [pool-37-thread-1] INFO  util.JmxRegister (JmxRegister.java:tryRegister(44)) - Successfully registered JMX Bean with object name Ratis:service=RaftServer,group=group-98BCD1587B28,id=e0a67290-d287-46aa-bb8b-58cc723490f4
2019-10-17 20:24:09,330 [a20d02fb-e889-4888-8041-7f0d463e97dc@group-5B3F98DA4ABF-SegmentedRaftLogWorker] INFO  segmented.SegmentedRaftLogWorker (SegmentedRaftLogWorker.java:execute(576)) - a20d02fb-e889-4888-8041-7f0d463e97dc@group-5B3F98DA4ABF-SegmentedRaftLogWorker: created new log segment /workdir/hadoop-ozone/ozonefs/target/test-dir/MiniOzoneClusterImpl-49a456bf-8bac-41f1-b9b0-8de4948a8c4b/datanode-4/data/ratis/51f0da17-f099-4599-82ac-5b3f98da4abf/current/log_inprogress_0
2019-10-17 20:24:09,330 [RatisPipelineUtilsThread] INFO  pipeline.PipelineStateManager (PipelineStateManager.java:addPipeline(55)) - Created pipeline Pipeline[ Id: 9a7474a4-6502-4a4a-a90d-98bcd1587b28, Nodes: e0a67290-d287-46aa-bb8b-58cc723490f4{ip: 192.168.164.201, host: pr-hdds-1868-s6sc9-3720172378, networkLocation: /default-rack, certSerialId: null}, Type:RATIS, Factor:ONE, State:ALLOCATED]
2019-10-17 20:24:09,348 [Thread-225] INFO  impl.FollowerState (FollowerState.java:run(108)) - e0a67290-d287-46aa-bb8b-58cc723490f4@group-98BCD1587B28-FollowerState: change to CANDIDATE, lastRpcTime:30ms, electionTimeout:30ms
2019-10-17 20:24:09,348 [Thread-225] INFO  impl.RoleInfo (RoleInfo.java:shutdownFollowerState(121)) - e0a67290-d287-46aa-bb8b-58cc723490f4: shutdown FollowerState
2019-10-17 20:24:09,349 [Thread-225] INFO  impl.RaftServerImpl (RaftServerImpl.java:setRole(184)) - e0a67290-d287-46aa-bb8b-58cc723490f4@group-98BCD1587B28: changes role from  FOLLOWER to CANDIDATE at term 0 for changeToCandidate
2019-10-17 20:24:09,349 [Thread-225] INFO  impl.RoleInfo (RoleInfo.java:updateAndGet(143)) - e0a67290-d287-46aa-bb8b-58cc723490f4: start LeaderElection
2019-10-17 20:24:09,349 [grpc-default-executor-0] INFO  impl.RaftServerProxy (RaftServerProxy.java:addNew(89)) - 2131ea33-b1ef-403d-924f-851805102ce8: addNew group-64A04D99AC96:[2131ea33-b1ef-403d-924f-851805102ce8:192.168.164.201:46671] returns group-64A04D99AC96:java.util.concurrent.CompletableFuture@61a26773[Not completed]
2019-10-17 20:24:09,354 [pool-47-thread-1] INFO  impl.RaftServerImpl (RaftServerImpl.java:<init>(104)) - 2131ea33-b1ef-403d-924f-851805102ce8: new RaftServerImpl for group-64A04D99AC96:[2131ea33-b1ef-403d-924f-851805102ce8:192.168.164.201:46671] with ContainerStateMachine:uninitialized
2019-10-17 20:24:09,354 [pool-47-thread-1] INFO  server.RaftServerConfigKeys (ConfUtils.java:logGet(43)) - raft.server.rpc.timeout.min = 5s (custom)
2019-10-17 20:24:09,355 [pool-47-thread-1] INFO  server.RaftServerConfigKeys (ConfUtils.java:logGet(43)) - raft.server.rpc.timeout.max = 5200ms (custom)
2019-10-17 20:24:09,355 [pool-47-thread-1] INFO  server.RaftServerConfigKeys (ConfUtils.java:logGet(43)) - raft.server.rpcslowness.timeout = 120s (custom)
2019-10-17 20:24:09,355 [pool-47-thread-1] INFO  server.RaftServerConfigKeys (ConfUtils.java:logGet(43)) - raft.server.sleep.deviation.threshold = 300 (default)
2019-10-17 20:24:09,355 [pool-47-thread-1] INFO  server.RaftServerConfigKeys (ConfUtils.java:logGet(43)) - raft.server.log.appender.install.snapshot.enabled = false (custom)
2019-10-17 20:24:09,355 [pool-47-thread-1] INFO  impl.RaftServerImpl (ServerState.java:<init>(103)) - 2131ea33-b1ef-403d-924f-851805102ce8@group-64A04D99AC96: ConfigurationManager, init=-1: [2131ea33-b1ef-403d-924f-851805102ce8:192.168.164.201:46671], old=null, confs=<EMPTY_MAP>
2019-10-17 20:24:09,356 [pool-47-thread-1] INFO  server.RaftServerConfigKeys (ConfUtils.java:logGet(43)) - raft.server.storage.dir = [/workdir/hadoop-ozone/ozonefs/target/test-dir/MiniOzoneClusterImpl-49a456bf-8bac-41f1-b9b0-8de4948a8c4b/datanode-2/data/ratis] (custom)
2019-10-17 20:24:09,356 [pool-47-thread-1] INFO  server.RaftServerConfigKeys (ConfUtils.java:logGet(43)) - raft.server.log.corruption.policy = EXCEPTION (default)
2019-10-17 20:24:09,356 [pool-47-thread-1] INFO  storage.RaftStorageDirectory (RaftStorageDirectory.java:analyzeStorage(246)) - The storage directory /workdir/hadoop-ozone/ozonefs/target/test-dir/MiniOzoneClusterImpl-49a456bf-8bac-41f1-b9b0-8de4948a8c4b/datanode-2/data/ratis/842954d9-813e-4616-b071-64a04d99ac96 does not exist. Creating ...
2019-10-17 20:24:09,380 [pool-47-thread-1] INFO  storage.RaftStorageDirectory (RaftStorageDirectory.java:tryLock(328)) - Lock on /workdir/hadoop-ozone/ozonefs/target/test-dir/MiniOzoneClusterImpl-49a456bf-8bac-41f1-b9b0-8de4948a8c4b/datanode-2/data/ratis/842954d9-813e-4616-b071-64a04d99ac96/in_use.lock acquired by nodename 22883@pr-hdds-1868-s6sc9-3720172378
2019-10-17 20:24:09,381 [e0a67290-d287-46aa-bb8b-58cc723490f4@group-98BCD1587B28-LeaderElection4] INFO  impl.LeaderElection (LeaderElection.java:askForVotes(178)) - e0a67290-d287-46aa-bb8b-58cc723490f4@group-98BCD1587B28-LeaderElection4: begin an election at term 1 for -1: [e0a67290-d287-46aa-bb8b-58cc723490f4:192.168.164.201:39041], old=null
2019-10-17 20:24:09,381 [e0a67290-d287-46aa-bb8b-58cc723490f4@group-98BCD1587B28-LeaderElection4] INFO  impl.RoleInfo (RoleInfo.java:shutdownLeaderElection(134)) - e0a67290-d287-46aa-bb8b-58cc723490f4: shutdown LeaderElection
2019-10-17 20:24:09,381 [e0a67290-d287-46aa-bb8b-58cc723490f4@group-98BCD1587B28-LeaderElection4] INFO  impl.RaftServerImpl (RaftServerImpl.java:setRole(184)) - e0a67290-d287-46aa-bb8b-58cc723490f4@group-98BCD1587B28: changes role from CANDIDATE to LEADER at term 1 for changeToLeader
2019-10-17 20:24:09,381 [e0a67290-d287-46aa-bb8b-58cc723490f4@group-98BCD1587B28-LeaderElection4] INFO  ratis.XceiverServerRatis (XceiverServerRatis.java:handleLeaderChangedNotification(700)) - Leader change notification received for group: group-98BCD1587B28 with new leaderId: e0a67290-d287-46aa-bb8b-58cc723490f4
2019-10-17 20:24:09,382 [e0a67290-d287-46aa-bb8b-58cc723490f4@group-98BCD1587B28-LeaderElection4] INFO  impl.RaftServerImpl (ServerState.java:setLeader(256)) - e0a67290-d287-46aa-bb8b-58cc723490f4@group-98BCD1587B28: change Leader from null to e0a67290-d287-46aa-bb8b-58cc723490f4 at term 1 for becomeLeader, leader elected after 78ms
2019-10-17 20:24:09,383 [e0a67290-d287-46aa-bb8b-58cc723490f4@group-98BCD1587B28-LeaderElection4] INFO  server.RaftServerConfigKeys (ConfUtils.java:logGet(43)) - raft.server.staging.catchup.gap = 1000 (default)
2019-10-17 20:24:09,384 [e0a67290-d287-46aa-bb8b-58cc723490f4@group-98BCD1587B28-LeaderElection4] INFO  server.RaftServerConfigKeys (ConfUtils.java:logGet(43)) - raft.server.rpc.sleep.time = 25ms (default)
2019-10-17 20:24:09,384 [e0a67290-d287-46aa-bb8b-58cc723490f4@group-98BCD1587B28-LeaderElection4] INFO  server.RaftServerConfigKeys (ConfUtils.java:logGet(43)) - raft.server.write.element-limit = 4096 (default)
2019-10-17 20:24:09,385 [e0a67290-d287-46aa-bb8b-58cc723490f4@group-98BCD1587B28-LeaderElection4] INFO  server.RaftServerConfigKeys (ConfUtils.java:logGet(43)) - raft.server.watch.timeout = 10s (default)
2019-10-17 20:24:09,385 [e0a67290-d287-46aa-bb8b-58cc723490f4@group-98BCD1587B28-LeaderElection4] INFO  server.RaftServerConfigKeys (ConfUtils.java:logGet(43)) - raft.server.watch.timeout.denomination = 1s (default)
2019-10-17 20:24:09,386 [e0a67290-d287-46aa-bb8b-58cc723490f4@group-98BCD1587B28-LeaderElection4] INFO  server.RaftServerConfigKeys (ConfUtils.java:logGet(43)) - raft.server.watch.element-limit = 65536 (default)
2019-10-17 20:24:09,389 [e0a67290-d287-46aa-bb8b-58cc723490f4@group-98BCD1587B28-LeaderElection4] INFO  impl.RoleInfo (RoleInfo.java:updateAndGet(143)) - e0a67290-d287-46aa-bb8b-58cc723490f4: start LeaderState
2019-10-17 20:24:09,389 [e0a67290-d287-46aa-bb8b-58cc723490f4@group-98BCD1587B28-LeaderElection4] INFO  segmented.SegmentedRaftLogWorker (SegmentedRaftLogWorker.java:startLogSegment(385)) - e0a67290-d287-46aa-bb8b-58cc723490f4@group-98BCD1587B28-SegmentedRaftLogWorker: Starting segment from index:0
2019-10-17 20:24:09,390 [e0a67290-d287-46aa-bb8b-58cc723490f4@group-98BCD1587B28-LeaderElection4] INFO  impl.RaftServerImpl (ServerState.java:setRaftConf(357)) - e0a67290-d287-46aa-bb8b-58cc723490f4@group-98BCD1587B28: set configuration 0: [e0a67290-d287-46aa-bb8b-58cc723490f4:192.168.164.201:39041], old=null at 0
2019-10-17 20:24:09,432 [pool-47-thread-1] INFO  storage.RaftStorage (RaftStorage.java:format(84)) - Storage directory /workdir/hadoop-ozone/ozonefs/target/test-dir/MiniOzoneClusterImpl-49a456bf-8bac-41f1-b9b0-8de4948a8c4b/datanode-2/data/ratis/842954d9-813e-4616-b071-64a04d99ac96 has been successfully formatted.
2019-10-17 20:24:09,433 [pool-47-thread-1] INFO  ratis.ContainerStateMachine (ContainerStateMachine.java:loadSnapshot(233)) - group-64A04D99AC96: The snapshot info is null. Setting the last applied indexto:(t:0, i:~)
2019-10-17 20:24:09,433 [pool-47-thread-1] INFO  server.RaftServerConfigKeys (ConfUtils.java:logGet(43)) - raft.server.notification.no-leader.timeout = 120s (custom)
2019-10-17 20:24:09,433 [pool-47-thread-1] INFO  server.RaftServerConfigKeys (ConfUtils.java:logGet(43)) - raft.server.log.use.memory = false (default)
2019-10-17 20:24:09,434 [pool-47-thread-1] INFO  server.RaftServerConfigKeys (ConfUtils.java:logGet(43)) - raft.server.log.purge.gap = 1000000 (custom)
2019-10-17 20:24:09,434 [pool-47-thread-1] INFO  server.RaftServerConfigKeys (ConfUtils.java:logGet(43)) - raft.server.log.appender.buffer.byte-limit = 33554432 (custom)
2019-10-17 20:24:09,434 [pool-47-thread-1] INFO  server.RaftServerConfigKeys (ConfUtils.java:logGet(43)) - raft.server.log.segment.size.max = 1048576 (custom)
2019-10-17 20:24:09,438 [pool-47-thread-1] INFO  server.RaftServerConfigKeys (ConfUtils.java:logGet(43)) - raft.server.log.segment.cache.num.max = 2 (custom)
2019-10-17 20:24:09,438 [pool-47-thread-1] INFO  segmented.SegmentedRaftLogWorker (SegmentedRaftLogWorker.java:<init>(173)) - new 2131ea33-b1ef-403d-924f-851805102ce8@group-64A04D99AC96-SegmentedRaftLogWorker for RaftStorage:Storage Directory /workdir/hadoop-ozone/ozonefs/target/test-dir/MiniOzoneClusterImpl-49a456bf-8bac-41f1-b9b0-8de4948a8c4b/datanode-2/data/ratis/842954d9-813e-4616-b071-64a04d99ac96
2019-10-17 20:24:09,438 [pool-47-thread-1] INFO  server.RaftServerConfigKeys (ConfUtils.java:logGet(43)) - raft.server.log.queue.byte-limit = 2147483647 (custom)
2019-10-17 20:24:09,438 [pool-47-thread-1] INFO  server.RaftServerConfigKeys (ConfUtils.java:logGet(43)) - raft.server.log.queue.element-limit = 1024 (custom)
2019-10-17 20:24:09,438 [pool-47-thread-1] INFO  server.RaftServerConfigKeys (ConfUtils.java:logGet(43)) - raft.server.log.segment.size.max = 1048576 (custom)
2019-10-17 20:24:09,439 [pool-47-thread-1] INFO  server.RaftServerConfigKeys (ConfUtils.java:logGet(43)) - raft.server.log.preallocated.size = 16384 (custom)
2019-10-17 20:24:09,439 [pool-47-thread-1] INFO  server.RaftServerConfigKeys (ConfUtils.java:logGet(43)) - raft.server.log.write.buffer.size = 33554432 (custom)
2019-10-17 20:24:09,439 [pool-47-thread-1] INFO  server.RaftServerConfigKeys (ConfUtils.java:logGet(43)) - raft.server.log.force.sync.num = 128 (default)
2019-10-17 20:24:09,439 [pool-47-thread-1] INFO  server.RaftServerConfigKeys (ConfUtils.java:logGet(43)) - raft.server.log.statemachine.data.sync = true (default)
2019-10-17 20:24:09,439 [pool-47-thread-1] INFO  server.RaftServerConfigKeys (ConfUtils.java:logGet(43)) - raft.server.log.statemachine.data.sync.timeout = 10s (default)
2019-10-17 20:24:09,439 [pool-47-thread-1] INFO  server.RaftServerConfigKeys (ConfUtils.java:logGet(43)) - raft.server.log.statemachine.data.sync.timeout.retry = -1 (default)
2019-10-17 20:24:09,440 [pool-47-thread-1] INFO  server.RaftServerConfigKeys (ConfUtils.java:logGet(43)) - raft.server.log.statemachine.data.caching.enabled = true (custom)
2019-10-17 20:24:09,441 [pool-47-thread-1] INFO  segmented.SegmentedRaftLogWorker (SegmentedRaftLogWorker.java:lambda$new$0(128)) - 2131ea33-b1ef-403d-924f-851805102ce8@group-64A04D99AC96-SegmentedRaftLogWorker: flushIndex: setUnconditionally 0 -> -1
2019-10-17 20:24:09,441 [pool-47-thread-1] INFO  server.RaftServerConfigKeys (ConfUtils.java:logGet(43)) - raft.server.snapshot.auto.trigger.enabled = true (custom)
2019-10-17 20:24:09,441 [pool-47-thread-1] INFO  server.RaftServerConfigKeys (ConfUtils.java:logGet(43)) - raft.server.snapshot.auto.trigger.threshold = 10000 (custom)
2019-10-17 20:24:09,441 [pool-47-thread-1] INFO  server.RaftServerConfigKeys (ConfUtils.java:logGet(43)) - raft.server.snapshot.retention.file.num = 5 (custom)
2019-10-17 20:24:09,442 [pool-47-thread-1] INFO  server.RaftServerConfigKeys (ConfUtils.java:logGet(43)) - raft.server.retrycache.expirytime = 600000ms (custom)
2019-10-17 20:24:09,448 [pool-47-thread-1] INFO  impl.RaftServerImpl (RaftServerImpl.java:start(195)) - 2131ea33-b1ef-403d-924f-851805102ce8@group-64A04D99AC96: start as a follower, conf=-1: [2131ea33-b1ef-403d-924f-851805102ce8:192.168.164.201:46671], old=null
2019-10-17 20:24:09,448 [pool-47-thread-1] INFO  impl.RaftServerImpl (RaftServerImpl.java:setRole(184)) - 2131ea33-b1ef-403d-924f-851805102ce8@group-64A04D99AC96: changes role from      null to FOLLOWER at term 0 for startAsFollower
2019-10-17 20:24:09,448 [pool-47-thread-1] INFO  impl.RoleInfo (RoleInfo.java:updateAndGet(143)) - 2131ea33-b1ef-403d-924f-851805102ce8: start FollowerState
2019-10-17 20:24:09,449 [pool-47-thread-1] INFO  util.JmxRegister (JmxRegister.java:tryRegister(44)) - Successfully registered JMX Bean with object name Ratis:service=RaftServer,group=group-64A04D99AC96,id=2131ea33-b1ef-403d-924f-851805102ce8
2019-10-17 20:24:09,456 [e0a67290-d287-46aa-bb8b-58cc723490f4@group-98BCD1587B28-SegmentedRaftLogWorker] INFO  segmented.SegmentedRaftLogWorker (SegmentedRaftLogWorker.java:execute(576)) - e0a67290-d287-46aa-bb8b-58cc723490f4@group-98BCD1587B28-SegmentedRaftLogWorker: created new log segment /workdir/hadoop-ozone/ozonefs/target/test-dir/MiniOzoneClusterImpl-49a456bf-8bac-41f1-b9b0-8de4948a8c4b/datanode-1/data/ratis/9a7474a4-6502-4a4a-a90d-98bcd1587b28/current/log_inprogress_0
2019-10-17 20:24:09,464 [RatisPipelineUtilsThread] INFO  pipeline.PipelineStateManager (PipelineStateManager.java:addPipeline(55)) - Created pipeline Pipeline[ Id: 842954d9-813e-4616-b071-64a04d99ac96, Nodes: 2131ea33-b1ef-403d-924f-851805102ce8{ip: 192.168.164.201, host: pr-hdds-1868-s6sc9-3720172378, networkLocation: /default-rack, certSerialId: null}, Type:RATIS, Factor:ONE, State:ALLOCATED]
2019-10-17 20:24:09,505 [Thread-230] INFO  impl.FollowerState (FollowerState.java:run(108)) - 2131ea33-b1ef-403d-924f-851805102ce8@group-64A04D99AC96-FollowerState: change to CANDIDATE, lastRpcTime:57ms, electionTimeout:56ms
2019-10-17 20:24:09,507 [Thread-230] INFO  impl.RoleInfo (RoleInfo.java:shutdownFollowerState(121)) - 2131ea33-b1ef-403d-924f-851805102ce8: shutdown FollowerState
2019-10-17 20:24:09,507 [Thread-230] INFO  impl.RaftServerImpl (RaftServerImpl.java:setRole(184)) - 2131ea33-b1ef-403d-924f-851805102ce8@group-64A04D99AC96: changes role from  FOLLOWER to CANDIDATE at term 0 for changeToCandidate
2019-10-17 20:24:09,507 [Thread-230] INFO  impl.RoleInfo (RoleInfo.java:updateAndGet(143)) - 2131ea33-b1ef-403d-924f-851805102ce8: start LeaderElection
2019-10-17 20:24:09,514 [grpc-default-executor-2] INFO  impl.RaftServerProxy (RaftServerProxy.java:addNew(89)) - 0e723869-d81b-4250-bf7c-b3eb1c130cc4: addNew group-DC73A42D6088:[0e723869-d81b-4250-bf7c-b3eb1c130cc4:192.168.164.201:41994, a20d02fb-e889-4888-8041-7f0d463e97dc:192.168.164.201:39512, de4dd1fb-8e89-4d8f-a94c-eecd5ba9e4a0:192.168.164.201:35026] returns group-DC73A42D6088:java.util.concurrent.CompletableFuture@18e3c054[Not completed]
2019-10-17 20:24:09,514 [grpc-default-executor-1] INFO  impl.RaftServerProxy (RaftServerProxy.java:addNew(89)) - a20d02fb-e889-4888-8041-7f0d463e97dc: addNew group-DC73A42D6088:[0e723869-d81b-4250-bf7c-b3eb1c130cc4:192.168.164.201:41994, a20d02fb-e889-4888-8041-7f0d463e97dc:192.168.164.201:39512, de4dd1fb-8e89-4d8f-a94c-eecd5ba9e4a0:192.168.164.201:35026] returns group-DC73A42D6088:java.util.concurrent.CompletableFuture@5a5ff045[Not completed]
2019-10-17 20:24:09,518 [grpc-default-executor-1] INFO  impl.RaftServerProxy (RaftServerProxy.java:addNew(89)) - de4dd1fb-8e89-4d8f-a94c-eecd5ba9e4a0: addNew group-DC73A42D6088:[0e723869-d81b-4250-bf7c-b3eb1c130cc4:192.168.164.201:41994, a20d02fb-e889-4888-8041-7f0d463e97dc:192.168.164.201:39512, de4dd1fb-8e89-4d8f-a94c-eecd5ba9e4a0:192.168.164.201:35026] returns group-DC73A42D6088:java.util.concurrent.CompletableFuture@1f5d656a[Not completed]
2019-10-17 20:24:09,519 [pool-57-thread-1] INFO  impl.RaftServerImpl (RaftServerImpl.java:<init>(104)) - 0e723869-d81b-4250-bf7c-b3eb1c130cc4: new RaftServerImpl for group-DC73A42D6088:[0e723869-d81b-4250-bf7c-b3eb1c130cc4:192.168.164.201:41994, a20d02fb-e889-4888-8041-7f0d463e97dc:192.168.164.201:39512, de4dd1fb-8e89-4d8f-a94c-eecd5ba9e4a0:192.168.164.201:35026] with ContainerStateMachine:uninitialized
2019-10-17 20:24:09,519 [pool-57-thread-1] INFO  server.RaftServerConfigKeys (ConfUtils.java:logGet(43)) - raft.server.rpc.timeout.min = 5s (custom)
2019-10-17 20:24:09,519 [pool-57-thread-1] INFO  server.RaftServerConfigKeys (ConfUtils.java:logGet(43)) - raft.server.rpc.timeout.max = 5200ms (custom)
2019-10-17 20:24:09,519 [pool-57-thread-1] INFO  server.RaftServerConfigKeys (ConfUtils.java:logGet(43)) - raft.server.rpcslowness.timeout = 120s (custom)
2019-10-17 20:24:09,519 [pool-57-thread-1] INFO  server.RaftServerConfigKeys (ConfUtils.java:logGet(43)) - raft.server.sleep.deviation.threshold = 300 (default)
2019-10-17 20:24:09,520 [pool-57-thread-1] INFO  server.RaftServerConfigKeys (ConfUtils.java:logGet(43)) - raft.server.log.appender.install.snapshot.enabled = false (custom)
2019-10-17 20:24:09,520 [pool-57-thread-1] INFO  impl.RaftServerImpl (ServerState.java:<init>(103)) - 0e723869-d81b-4250-bf7c-b3eb1c130cc4@group-DC73A42D6088: ConfigurationManager, init=-1: [0e723869-d81b-4250-bf7c-b3eb1c130cc4:192.168.164.201:41994, a20d02fb-e889-4888-8041-7f0d463e97dc:192.168.164.201:39512, de4dd1fb-8e89-4d8f-a94c-eecd5ba9e4a0:192.168.164.201:35026], old=null, confs=<EMPTY_MAP>
2019-10-17 20:24:09,520 [pool-67-thread-1] INFO  impl.RaftServerImpl (RaftServerImpl.java:<init>(104)) - a20d02fb-e889-4888-8041-7f0d463e97dc: new RaftServerImpl for group-DC73A42D6088:[0e723869-d81b-4250-bf7c-b3eb1c130cc4:192.168.164.201:41994, a20d02fb-e889-4888-8041-7f0d463e97dc:192.168.164.201:39512, de4dd1fb-8e89-4d8f-a94c-eecd5ba9e4a0:192.168.164.201:35026] with ContainerStateMachine:uninitialized
2019-10-17 20:24:09,520 [pool-57-thread-1] INFO  server.RaftServerConfigKeys (ConfUtils.java:logGet(43)) - raft.server.storage.dir = [/workdir/hadoop-ozone/ozonefs/target/test-dir/MiniOzoneClusterImpl-49a456bf-8bac-41f1-b9b0-8de4948a8c4b/datanode-3/data/ratis] (custom)
2019-10-17 20:24:09,520 [pool-67-thread-1] INFO  server.RaftServerConfigKeys (ConfUtils.java:logGet(43)) - raft.server.rpc.timeout.min = 5s (custom)
2019-10-17 20:24:09,520 [pool-67-thread-1] INFO  server.RaftServerConfigKeys (ConfUtils.java:logGet(43)) - raft.server.rpc.timeout.max = 5200ms (custom)
2019-10-17 20:24:09,521 [pool-57-thread-1] INFO  server.RaftServerConfigKeys (ConfUtils.java:logGet(43)) - raft.server.log.corruption.policy = EXCEPTION (default)
2019-10-17 20:24:09,521 [pool-67-thread-1] INFO  server.RaftServerConfigKeys (ConfUtils.java:logGet(43)) - raft.server.rpcslowness.timeout = 120s (custom)
2019-10-17 20:24:09,521 [pool-57-thread-1] INFO  storage.RaftStorageDirectory (RaftStorageDirectory.java:analyzeStorage(246)) - The storage directory /workdir/hadoop-ozone/ozonefs/target/test-dir/MiniOzoneClusterImpl-49a456bf-8bac-41f1-b9b0-8de4948a8c4b/datanode-3/data/ratis/39aa3ee3-e753-42ce-a3f3-dc73a42d6088 does not exist. Creating ...
2019-10-17 20:24:09,521 [pool-67-thread-1] INFO  server.RaftServerConfigKeys (ConfUtils.java:logGet(43)) - raft.server.sleep.deviation.threshold = 300 (default)
2019-10-17 20:24:09,521 [pool-67-thread-1] INFO  server.RaftServerConfigKeys (ConfUtils.java:logGet(43)) - raft.server.log.appender.install.snapshot.enabled = false (custom)
2019-10-17 20:24:09,521 [pool-67-thread-1] INFO  impl.RaftServerImpl (ServerState.java:<init>(103)) - a20d02fb-e889-4888-8041-7f0d463e97dc@group-DC73A42D6088: ConfigurationManager, init=-1: [0e723869-d81b-4250-bf7c-b3eb1c130cc4:192.168.164.201:41994, a20d02fb-e889-4888-8041-7f0d463e97dc:192.168.164.201:39512, de4dd1fb-8e89-4d8f-a94c-eecd5ba9e4a0:192.168.164.201:35026], old=null, confs=<EMPTY_MAP>
2019-10-17 20:24:09,521 [pool-27-thread-1] INFO  impl.RaftServerImpl (RaftServerImpl.java:<init>(104)) - de4dd1fb-8e89-4d8f-a94c-eecd5ba9e4a0: new RaftServerImpl for group-DC73A42D6088:[0e723869-d81b-4250-bf7c-b3eb1c130cc4:192.168.164.201:41994, a20d02fb-e889-4888-8041-7f0d463e97dc:192.168.164.201:39512, de4dd1fb-8e89-4d8f-a94c-eecd5ba9e4a0:192.168.164.201:35026] with ContainerStateMachine:uninitialized
2019-10-17 20:24:09,522 [pool-67-thread-1] INFO  server.RaftServerConfigKeys (ConfUtils.java:logGet(43)) - raft.server.storage.dir = [/workdir/hadoop-ozone/ozonefs/target/test-dir/MiniOzoneClusterImpl-49a456bf-8bac-41f1-b9b0-8de4948a8c4b/datanode-4/data/ratis] (custom)
2019-10-17 20:24:09,522 [pool-27-thread-1] INFO  server.RaftServerConfigKeys (ConfUtils.java:logGet(43)) - raft.server.rpc.timeout.min = 5s (custom)
2019-10-17 20:24:09,522 [pool-27-thread-1] INFO  server.RaftServerConfigKeys (ConfUtils.java:logGet(43)) - raft.server.rpc.timeout.max = 5200ms (custom)
2019-10-17 20:24:09,522 [pool-67-thread-1] INFO  server.RaftServerConfigKeys (ConfUtils.java:logGet(43)) - raft.server.log.corruption.policy = EXCEPTION (default)
2019-10-17 20:24:09,522 [pool-27-thread-1] INFO  server.RaftServerConfigKeys (ConfUtils.java:logGet(43)) - raft.server.rpcslowness.timeout = 120s (custom)
2019-10-17 20:24:09,522 [pool-67-thread-1] INFO  storage.RaftStorageDirectory (RaftStorageDirectory.java:analyzeStorage(246)) - The storage directory /workdir/hadoop-ozone/ozonefs/target/test-dir/MiniOzoneClusterImpl-49a456bf-8bac-41f1-b9b0-8de4948a8c4b/datanode-4/data/ratis/39aa3ee3-e753-42ce-a3f3-dc73a42d6088 does not exist. Creating ...
2019-10-17 20:24:09,523 [pool-27-thread-1] INFO  server.RaftServerConfigKeys (ConfUtils.java:logGet(43)) - raft.server.sleep.deviation.threshold = 300 (default)
2019-10-17 20:24:09,523 [pool-27-thread-1] INFO  server.RaftServerConfigKeys (ConfUtils.java:logGet(43)) - raft.server.log.appender.install.snapshot.enabled = false (custom)
2019-10-17 20:24:09,523 [pool-27-thread-1] INFO  impl.RaftServerImpl (ServerState.java:<init>(103)) - de4dd1fb-8e89-4d8f-a94c-eecd5ba9e4a0@group-DC73A42D6088: ConfigurationManager, init=-1: [0e723869-d81b-4250-bf7c-b3eb1c130cc4:192.168.164.201:41994, a20d02fb-e889-4888-8041-7f0d463e97dc:192.168.164.201:39512, de4dd1fb-8e89-4d8f-a94c-eecd5ba9e4a0:192.168.164.201:35026], old=null, confs=<EMPTY_MAP>
2019-10-17 20:24:09,523 [pool-27-thread-1] INFO  server.RaftServerConfigKeys (ConfUtils.java:logGet(43)) - raft.server.storage.dir = [/workdir/hadoop-ozone/ozonefs/target/test-dir/MiniOzoneClusterImpl-49a456bf-8bac-41f1-b9b0-8de4948a8c4b/datanode-0/data/ratis] (custom)
2019-10-17 20:24:09,524 [pool-27-thread-1] INFO  server.RaftServerConfigKeys (ConfUtils.java:logGet(43)) - raft.server.log.corruption.policy = EXCEPTION (default)
2019-10-17 20:24:09,524 [pool-27-thread-1] INFO  storage.RaftStorageDirectory (RaftStorageDirectory.java:analyzeStorage(246)) - The storage directory /workdir/hadoop-ozone/ozonefs/target/test-dir/MiniOzoneClusterImpl-49a456bf-8bac-41f1-b9b0-8de4948a8c4b/datanode-0/data/ratis/39aa3ee3-e753-42ce-a3f3-dc73a42d6088 does not exist. Creating ...
2019-10-17 20:24:09,540 [pool-67-thread-1] INFO  storage.RaftStorageDirectory (RaftStorageDirectory.java:tryLock(328)) - Lock on /workdir/hadoop-ozone/ozonefs/target/test-dir/MiniOzoneClusterImpl-49a456bf-8bac-41f1-b9b0-8de4948a8c4b/datanode-4/data/ratis/39aa3ee3-e753-42ce-a3f3-dc73a42d6088/in_use.lock acquired by nodename 22883@pr-hdds-1868-s6sc9-3720172378
2019-10-17 20:24:09,540 [pool-57-thread-1] INFO  storage.RaftStorageDirectory (RaftStorageDirectory.java:tryLock(328)) - Lock on /workdir/hadoop-ozone/ozonefs/target/test-dir/MiniOzoneClusterImpl-49a456bf-8bac-41f1-b9b0-8de4948a8c4b/datanode-3/data/ratis/39aa3ee3-e753-42ce-a3f3-dc73a42d6088/in_use.lock acquired by nodename 22883@pr-hdds-1868-s6sc9-3720172378
2019-10-17 20:24:09,540 [2131ea33-b1ef-403d-924f-851805102ce8@group-64A04D99AC96-LeaderElection5] INFO  impl.LeaderElection (LeaderElection.java:askForVotes(178)) - 2131ea33-b1ef-403d-924f-851805102ce8@group-64A04D99AC96-LeaderElection5: begin an election at term 1 for -1: [2131ea33-b1ef-403d-924f-851805102ce8:192.168.164.201:46671], old=null
2019-10-17 20:24:09,541 [2131ea33-b1ef-403d-924f-851805102ce8@group-64A04D99AC96-LeaderElection5] INFO  impl.RoleInfo (RoleInfo.java:shutdownLeaderElection(134)) - 2131ea33-b1ef-403d-924f-851805102ce8: shutdown LeaderElection
2019-10-17 20:24:09,541 [2131ea33-b1ef-403d-924f-851805102ce8@group-64A04D99AC96-LeaderElection5] INFO  impl.RaftServerImpl (RaftServerImpl.java:setRole(184)) - 2131ea33-b1ef-403d-924f-851805102ce8@group-64A04D99AC96: changes role from CANDIDATE to LEADER at term 1 for changeToLeader
2019-10-17 20:24:09,541 [2131ea33-b1ef-403d-924f-851805102ce8@group-64A04D99AC96-LeaderElection5] INFO  ratis.XceiverServerRatis (XceiverServerRatis.java:handleLeaderChangedNotification(700)) - Leader change notification received for group: group-64A04D99AC96 with new leaderId: 2131ea33-b1ef-403d-924f-851805102ce8
2019-10-17 20:24:09,541 [2131ea33-b1ef-403d-924f-851805102ce8@group-64A04D99AC96-LeaderElection5] INFO  impl.RaftServerImpl (ServerState.java:setLeader(256)) - 2131ea33-b1ef-403d-924f-851805102ce8@group-64A04D99AC96: change Leader from null to 2131ea33-b1ef-403d-924f-851805102ce8 at term 1 for becomeLeader, leader elected after 107ms
2019-10-17 20:24:09,543 [2131ea33-b1ef-403d-924f-851805102ce8@group-64A04D99AC96-LeaderElection5] INFO  server.RaftServerConfigKeys (ConfUtils.java:logGet(43)) - raft.server.staging.catchup.gap = 1000 (default)
2019-10-17 20:24:09,543 [2131ea33-b1ef-403d-924f-851805102ce8@group-64A04D99AC96-LeaderElection5] INFO  server.RaftServerConfigKeys (ConfUtils.java:logGet(43)) - raft.server.rpc.sleep.time = 25ms (default)
2019-10-17 20:24:09,544 [2131ea33-b1ef-403d-924f-851805102ce8@group-64A04D99AC96-LeaderElection5] INFO  server.RaftServerConfigKeys (ConfUtils.java:logGet(43)) - raft.server.write.element-limit = 4096 (default)
2019-10-17 20:24:09,544 [2131ea33-b1ef-403d-924f-851805102ce8@group-64A04D99AC96-LeaderElection5] INFO  server.RaftServerConfigKeys (ConfUtils.java:logGet(43)) - raft.server.watch.timeout = 10s (default)
2019-10-17 20:24:09,545 [2131ea33-b1ef-403d-924f-851805102ce8@group-64A04D99AC96-LeaderElection5] INFO  server.RaftServerConfigKeys (ConfUtils.java:logGet(43)) - raft.server.watch.timeout.denomination = 1s (default)
2019-10-17 20:24:09,545 [2131ea33-b1ef-403d-924f-851805102ce8@group-64A04D99AC96-LeaderElection5] INFO  server.RaftServerConfigKeys (ConfUtils.java:logGet(43)) - raft.server.watch.element-limit = 65536 (default)
2019-10-17 20:24:09,548 [2131ea33-b1ef-403d-924f-851805102ce8@group-64A04D99AC96-LeaderElection5] INFO  impl.RoleInfo (RoleInfo.java:updateAndGet(143)) - 2131ea33-b1ef-403d-924f-851805102ce8: start LeaderState
2019-10-17 20:24:09,549 [2131ea33-b1ef-403d-924f-851805102ce8@group-64A04D99AC96-LeaderElection5] INFO  segmented.SegmentedRaftLogWorker (SegmentedRaftLogWorker.java:startLogSegment(385)) - 2131ea33-b1ef-403d-924f-851805102ce8@group-64A04D99AC96-SegmentedRaftLogWorker: Starting segment from index:0
2019-10-17 20:24:09,549 [2131ea33-b1ef-403d-924f-851805102ce8@group-64A04D99AC96-LeaderElection5] INFO  impl.RaftServerImpl (ServerState.java:setRaftConf(357)) - 2131ea33-b1ef-403d-924f-851805102ce8@group-64A04D99AC96: set configuration 0: [2131ea33-b1ef-403d-924f-851805102ce8:192.168.164.201:46671], old=null at 0
2019-10-17 20:24:09,586 [pool-27-thread-1] INFO  storage.RaftStorageDirectory (RaftStorageDirectory.java:tryLock(328)) - Lock on /workdir/hadoop-ozone/ozonefs/target/test-dir/MiniOzoneClusterImpl-49a456bf-8bac-41f1-b9b0-8de4948a8c4b/datanode-0/data/ratis/39aa3ee3-e753-42ce-a3f3-dc73a42d6088/in_use.lock acquired by nodename 22883@pr-hdds-1868-s6sc9-3720172378
2019-10-17 20:24:09,586 [pool-67-thread-1] INFO  storage.RaftStorage (RaftStorage.java:format(84)) - Storage directory /workdir/hadoop-ozone/ozonefs/target/test-dir/MiniOzoneClusterImpl-49a456bf-8bac-41f1-b9b0-8de4948a8c4b/datanode-4/data/ratis/39aa3ee3-e753-42ce-a3f3-dc73a42d6088 has been successfully formatted.
2019-10-17 20:24:09,586 [pool-57-thread-1] INFO  storage.RaftStorage (RaftStorage.java:format(84)) - Storage directory /workdir/hadoop-ozone/ozonefs/target/test-dir/MiniOzoneClusterImpl-49a456bf-8bac-41f1-b9b0-8de4948a8c4b/datanode-3/data/ratis/39aa3ee3-e753-42ce-a3f3-dc73a42d6088 has been successfully formatted.
2019-10-17 20:24:09,588 [pool-67-thread-1] INFO  ratis.ContainerStateMachine (ContainerStateMachine.java:loadSnapshot(233)) - group-DC73A42D6088: The snapshot info is null. Setting the last applied indexto:(t:0, i:~)
2019-10-17 20:24:09,588 [pool-67-thread-1] INFO  server.RaftServerConfigKeys (ConfUtils.java:logGet(43)) - raft.server.notification.no-leader.timeout = 120s (custom)
2019-10-17 20:24:09,588 [pool-57-thread-1] INFO  ratis.ContainerStateMachine (ContainerStateMachine.java:loadSnapshot(233)) - group-DC73A42D6088: The snapshot info is null. Setting the last applied indexto:(t:0, i:~)
2019-10-17 20:24:09,589 [pool-67-thread-1] INFO  server.RaftServerConfigKeys (ConfUtils.java:logGet(43)) - raft.server.log.use.memory = false (default)
2019-10-17 20:24:09,589 [pool-57-thread-1] INFO  server.RaftServerConfigKeys (ConfUtils.java:logGet(43)) - raft.server.notification.no-leader.timeout = 120s (custom)
2019-10-17 20:24:09,589 [pool-67-thread-1] INFO  server.RaftServerConfigKeys (ConfUtils.java:logGet(43)) - raft.server.log.purge.gap = 1000000 (custom)
2019-10-17 20:24:09,589 [pool-57-thread-1] INFO  server.RaftServerConfigKeys (ConfUtils.java:logGet(43)) - raft.server.log.use.memory = false (default)
2019-10-17 20:24:09,589 [pool-67-thread-1] INFO  server.RaftServerConfigKeys (ConfUtils.java:logGet(43)) - raft.server.log.appender.buffer.byte-limit = 33554432 (custom)
2019-10-17 20:24:09,589 [pool-57-thread-1] INFO  server.RaftServerConfigKeys (ConfUtils.java:logGet(43)) - raft.server.log.purge.gap = 1000000 (custom)
2019-10-17 20:24:09,589 [pool-67-thread-1] INFO  server.RaftServerConfigKeys (ConfUtils.java:logGet(43)) - raft.server.log.segment.size.max = 1048576 (custom)
2019-10-17 20:24:09,590 [pool-57-thread-1] INFO  server.RaftServerConfigKeys (ConfUtils.java:logGet(43)) - raft.server.log.appender.buffer.byte-limit = 33554432 (custom)
2019-10-17 20:24:09,590 [pool-67-thread-1] INFO  server.RaftServerConfigKeys (ConfUtils.java:logGet(43)) - raft.server.log.segment.cache.num.max = 2 (custom)
2019-10-17 20:24:09,590 [pool-57-thread-1] INFO  server.RaftServerConfigKeys (ConfUtils.java:logGet(43)) - raft.server.log.segment.size.max = 1048576 (custom)
2019-10-17 20:24:09,590 [pool-67-thread-1] INFO  segmented.SegmentedRaftLogWorker (SegmentedRaftLogWorker.java:<init>(173)) - new a20d02fb-e889-4888-8041-7f0d463e97dc@group-DC73A42D6088-SegmentedRaftLogWorker for RaftStorage:Storage Directory /workdir/hadoop-ozone/ozonefs/target/test-dir/MiniOzoneClusterImpl-49a456bf-8bac-41f1-b9b0-8de4948a8c4b/datanode-4/data/ratis/39aa3ee3-e753-42ce-a3f3-dc73a42d6088
2019-10-17 20:24:09,590 [pool-57-thread-1] INFO  server.RaftServerConfigKeys (ConfUtils.java:logGet(43)) - raft.server.log.segment.cache.num.max = 2 (custom)
2019-10-17 20:24:09,590 [pool-67-thread-1] INFO  server.RaftServerConfigKeys (ConfUtils.java:logGet(43)) - raft.server.log.queue.byte-limit = 2147483647 (custom)
2019-10-17 20:24:09,590 [pool-57-thread-1] INFO  segmented.SegmentedRaftLogWorker (SegmentedRaftLogWorker.java:<init>(173)) - new 0e723869-d81b-4250-bf7c-b3eb1c130cc4@group-DC73A42D6088-SegmentedRaftLogWorker for RaftStorage:Storage Directory /workdir/hadoop-ozone/ozonefs/target/test-dir/MiniOzoneClusterImpl-49a456bf-8bac-41f1-b9b0-8de4948a8c4b/datanode-3/data/ratis/39aa3ee3-e753-42ce-a3f3-dc73a42d6088
2019-10-17 20:24:09,591 [pool-67-thread-1] INFO  server.RaftServerConfigKeys (ConfUtils.java:logGet(43)) - raft.server.log.queue.element-limit = 1024 (custom)
2019-10-17 20:24:09,591 [pool-57-thread-1] INFO  server.RaftServerConfigKeys (ConfUtils.java:logGet(43)) - raft.server.log.queue.byte-limit = 2147483647 (custom)
2019-10-17 20:24:09,591 [pool-67-thread-1] INFO  server.RaftServerConfigKeys (ConfUtils.java:logGet(43)) - raft.server.log.segment.size.max = 1048576 (custom)
2019-10-17 20:24:09,591 [pool-57-thread-1] INFO  server.RaftServerConfigKeys (ConfUtils.java:logGet(43)) - raft.server.log.queue.element-limit = 1024 (custom)
2019-10-17 20:24:09,591 [pool-67-thread-1] INFO  server.RaftServerConfigKeys (ConfUtils.java:logGet(43)) - raft.server.log.preallocated.size = 16384 (custom)
2019-10-17 20:24:09,591 [pool-57-thread-1] INFO  server.RaftServerConfigKeys (ConfUtils.java:logGet(43)) - raft.server.log.segment.size.max = 1048576 (custom)
2019-10-17 20:24:09,591 [pool-67-thread-1] INFO  server.RaftServerConfigKeys (ConfUtils.java:logGet(43)) - raft.server.log.write.buffer.size = 33554432 (custom)
2019-10-17 20:24:09,592 [pool-57-thread-1] INFO  server.RaftServerConfigKeys (ConfUtils.java:logGet(43)) - raft.server.log.preallocated.size = 16384 (custom)
2019-10-17 20:24:09,592 [pool-67-thread-1] INFO  server.RaftServerConfigKeys (ConfUtils.java:logGet(43)) - raft.server.log.force.sync.num = 128 (default)
2019-10-17 20:24:09,592 [pool-57-thread-1] INFO  server.RaftServerConfigKeys (ConfUtils.java:logGet(43)) - raft.server.log.write.buffer.size = 33554432 (custom)
2019-10-17 20:24:09,592 [pool-67-thread-1] INFO  server.RaftServerConfigKeys (ConfUtils.java:logGet(43)) - raft.server.log.statemachine.data.sync = true (default)
2019-10-17 20:24:09,592 [pool-57-thread-1] INFO  server.RaftServerConfigKeys (ConfUtils.java:logGet(43)) - raft.server.log.force.sync.num = 128 (default)
2019-10-17 20:24:09,592 [pool-67-thread-1] INFO  server.RaftServerConfigKeys (ConfUtils.java:logGet(43)) - raft.server.log.statemachine.data.sync.timeout = 10s (default)
2019-10-17 20:24:09,592 [pool-57-thread-1] INFO  server.RaftServerConfigKeys (ConfUtils.java:logGet(43)) - raft.server.log.statemachine.data.sync = true (default)
2019-10-17 20:24:09,593 [pool-67-thread-1] INFO  server.RaftServerConfigKeys (ConfUtils.java:logGet(43)) - raft.server.log.statemachine.data.sync.timeout.retry = -1 (default)
2019-10-17 20:24:09,593 [pool-57-thread-1] INFO  server.RaftServerConfigKeys (ConfUtils.java:logGet(43)) - raft.server.log.statemachine.data.sync.timeout = 10s (default)
2019-10-17 20:24:09,593 [pool-67-thread-1] INFO  server.RaftServerConfigKeys (ConfUtils.java:logGet(43)) - raft.server.log.statemachine.data.caching.enabled = true (custom)
2019-10-17 20:24:09,593 [pool-57-thread-1] INFO  server.RaftServerConfigKeys (ConfUtils.java:logGet(43)) - raft.server.log.statemachine.data.sync.timeout.retry = -1 (default)
2019-10-17 20:24:09,593 [pool-67-thread-1] INFO  segmented.SegmentedRaftLogWorker (SegmentedRaftLogWorker.java:lambda$new$0(128)) - a20d02fb-e889-4888-8041-7f0d463e97dc@group-DC73A42D6088-SegmentedRaftLogWorker: flushIndex: setUnconditionally 0 -> -1
2019-10-17 20:24:09,594 [pool-57-thread-1] INFO  server.RaftServerConfigKeys (ConfUtils.java:logGet(43)) - raft.server.log.statemachine.data.caching.enabled = true (custom)
2019-10-17 20:24:09,594 [pool-67-thread-1] INFO  server.RaftServerConfigKeys (ConfUtils.java:logGet(43)) - raft.server.snapshot.auto.trigger.enabled = true (custom)
2019-10-17 20:24:09,594 [pool-67-thread-1] INFO  server.RaftServerConfigKeys (ConfUtils.java:logGet(43)) - raft.server.snapshot.auto.trigger.threshold = 10000 (custom)
2019-10-17 20:24:09,594 [pool-57-thread-1] INFO  segmented.SegmentedRaftLogWorker (SegmentedRaftLogWorker.java:lambda$new$0(128)) - 0e723869-d81b-4250-bf7c-b3eb1c130cc4@group-DC73A42D6088-SegmentedRaftLogWorker: flushIndex: setUnconditionally 0 -> -1
2019-10-17 20:24:09,594 [pool-67-thread-1] INFO  server.RaftServerConfigKeys (ConfUtils.java:logGet(43)) - raft.server.snapshot.retention.file.num = 5 (custom)
2019-10-17 20:24:09,595 [pool-67-thread-1] INFO  server.RaftServerConfigKeys (ConfUtils.java:logGet(43)) - raft.server.retrycache.expirytime = 600000ms (custom)
2019-10-17 20:24:09,595 [pool-57-thread-1] INFO  server.RaftServerConfigKeys (ConfUtils.java:logGet(43)) - raft.server.snapshot.auto.trigger.enabled = true (custom)
2019-10-17 20:24:09,595 [pool-57-thread-1] INFO  server.RaftServerConfigKeys (ConfUtils.java:logGet(43)) - raft.server.snapshot.auto.trigger.threshold = 10000 (custom)
2019-10-17 20:24:09,595 [pool-57-thread-1] INFO  server.RaftServerConfigKeys (ConfUtils.java:logGet(43)) - raft.server.snapshot.retention.file.num = 5 (custom)
2019-10-17 20:24:09,595 [pool-57-thread-1] INFO  server.RaftServerConfigKeys (ConfUtils.java:logGet(43)) - raft.server.retrycache.expirytime = 600000ms (custom)
2019-10-17 20:24:09,599 [pool-67-thread-1] INFO  impl.RaftServerImpl (RaftServerImpl.java:start(195)) - a20d02fb-e889-4888-8041-7f0d463e97dc@group-DC73A42D6088: start as a follower, conf=-1: [0e723869-d81b-4250-bf7c-b3eb1c130cc4:192.168.164.201:41994, a20d02fb-e889-4888-8041-7f0d463e97dc:192.168.164.201:39512, de4dd1fb-8e89-4d8f-a94c-eecd5ba9e4a0:192.168.164.201:35026], old=null
2019-10-17 20:24:09,599 [pool-67-thread-1] INFO  impl.RaftServerImpl (RaftServerImpl.java:setRole(184)) - a20d02fb-e889-4888-8041-7f0d463e97dc@group-DC73A42D6088: changes role from      null to FOLLOWER at term 0 for startAsFollower
2019-10-17 20:24:09,599 [pool-67-thread-1] INFO  impl.RoleInfo (RoleInfo.java:updateAndGet(143)) - a20d02fb-e889-4888-8041-7f0d463e97dc: start FollowerState
2019-10-17 20:24:09,599 [pool-67-thread-1] INFO  util.JmxRegister (JmxRegister.java:tryRegister(44)) - Successfully registered JMX Bean with object name Ratis:service=RaftServer,group=group-DC73A42D6088,id=a20d02fb-e889-4888-8041-7f0d463e97dc
2019-10-17 20:24:09,600 [pool-57-thread-1] INFO  impl.RaftServerImpl (RaftServerImpl.java:start(195)) - 0e723869-d81b-4250-bf7c-b3eb1c130cc4@group-DC73A42D6088: start as a follower, conf=-1: [0e723869-d81b-4250-bf7c-b3eb1c130cc4:192.168.164.201:41994, a20d02fb-e889-4888-8041-7f0d463e97dc:192.168.164.201:39512, de4dd1fb-8e89-4d8f-a94c-eecd5ba9e4a0:192.168.164.201:35026], old=null
2019-10-17 20:24:09,600 [pool-57-thread-1] INFO  impl.RaftServerImpl (RaftServerImpl.java:setRole(184)) - 0e723869-d81b-4250-bf7c-b3eb1c130cc4@group-DC73A42D6088: changes role from      null to FOLLOWER at term 0 for startAsFollower
2019-10-17 20:24:09,600 [pool-57-thread-1] INFO  impl.RoleInfo (RoleInfo.java:updateAndGet(143)) - 0e723869-d81b-4250-bf7c-b3eb1c130cc4: start FollowerState
2019-10-17 20:24:09,601 [pool-57-thread-1] INFO  util.JmxRegister (JmxRegister.java:tryRegister(44)) - Successfully registered JMX Bean with object name Ratis:service=RaftServer,group=group-DC73A42D6088,id=0e723869-d81b-4250-bf7c-b3eb1c130cc4
2019-10-17 20:24:09,671 [2131ea33-b1ef-403d-924f-851805102ce8@group-64A04D99AC96-SegmentedRaftLogWorker] INFO  segmented.SegmentedRaftLogWorker (SegmentedRaftLogWorker.java:execute(576)) - 2131ea33-b1ef-403d-924f-851805102ce8@group-64A04D99AC96-SegmentedRaftLogWorker: created new log segment /workdir/hadoop-ozone/ozonefs/target/test-dir/MiniOzoneClusterImpl-49a456bf-8bac-41f1-b9b0-8de4948a8c4b/datanode-2/data/ratis/842954d9-813e-4616-b071-64a04d99ac96/current/log_inprogress_0
2019-10-17 20:24:09,676 [pool-27-thread-1] INFO  storage.RaftStorage (RaftStorage.java:format(84)) - Storage directory /workdir/hadoop-ozone/ozonefs/target/test-dir/MiniOzoneClusterImpl-49a456bf-8bac-41f1-b9b0-8de4948a8c4b/datanode-0/data/ratis/39aa3ee3-e753-42ce-a3f3-dc73a42d6088 has been successfully formatted.
2019-10-17 20:24:09,679 [pool-27-thread-1] INFO  ratis.ContainerStateMachine (ContainerStateMachine.java:loadSnapshot(233)) - group-DC73A42D6088: The snapshot info is null. Setting the last applied indexto:(t:0, i:~)
2019-10-17 20:24:09,680 [pool-27-thread-1] INFO  server.RaftServerConfigKeys (ConfUtils.java:logGet(43)) - raft.server.notification.no-leader.timeout = 120s (custom)
2019-10-17 20:24:09,680 [pool-27-thread-1] INFO  server.RaftServerConfigKeys (ConfUtils.java:logGet(43)) - raft.server.log.use.memory = false (default)
2019-10-17 20:24:09,680 [pool-27-thread-1] INFO  server.RaftServerConfigKeys (ConfUtils.java:logGet(43)) - raft.server.log.purge.gap = 1000000 (custom)
2019-10-17 20:24:09,681 [pool-27-thread-1] INFO  server.RaftServerConfigKeys (ConfUtils.java:logGet(43)) - raft.server.log.appender.buffer.byte-limit = 33554432 (custom)
2019-10-17 20:24:09,681 [pool-27-thread-1] INFO  server.RaftServerConfigKeys (ConfUtils.java:logGet(43)) - raft.server.log.segment.size.max = 1048576 (custom)
2019-10-17 20:24:09,683 [pool-27-thread-1] INFO  server.RaftServerConfigKeys (ConfUtils.java:logGet(43)) - raft.server.log.segment.cache.num.max = 2 (custom)
2019-10-17 20:24:09,683 [pool-27-thread-1] INFO  segmented.SegmentedRaftLogWorker (SegmentedRaftLogWorker.java:<init>(173)) - new de4dd1fb-8e89-4d8f-a94c-eecd5ba9e4a0@group-DC73A42D6088-SegmentedRaftLogWorker for RaftStorage:Storage Directory /workdir/hadoop-ozone/ozonefs/target/test-dir/MiniOzoneClusterImpl-49a456bf-8bac-41f1-b9b0-8de4948a8c4b/datanode-0/data/ratis/39aa3ee3-e753-42ce-a3f3-dc73a42d6088
2019-10-17 20:24:09,683 [pool-27-thread-1] INFO  server.RaftServerConfigKeys (ConfUtils.java:logGet(43)) - raft.server.log.queue.byte-limit = 2147483647 (custom)
2019-10-17 20:24:09,683 [pool-27-thread-1] INFO  server.RaftServerConfigKeys (ConfUtils.java:logGet(43)) - raft.server.log.queue.element-limit = 1024 (custom)
2019-10-17 20:24:09,684 [pool-27-thread-1] INFO  server.RaftServerConfigKeys (ConfUtils.java:logGet(43)) - raft.server.log.segment.size.max = 1048576 (custom)
2019-10-17 20:24:09,685 [pool-27-thread-1] INFO  server.RaftServerConfigKeys (ConfUtils.java:logGet(43)) - raft.server.log.preallocated.size = 16384 (custom)
2019-10-17 20:24:09,688 [pool-27-thread-1] INFO  server.RaftServerConfigKeys (ConfUtils.java:logGet(43)) - raft.server.log.write.buffer.size = 33554432 (custom)
2019-10-17 20:24:09,688 [pool-27-thread-1] INFO  server.RaftServerConfigKeys (ConfUtils.java:logGet(43)) - raft.server.log.force.sync.num = 128 (default)
2019-10-17 20:24:09,688 [pool-27-thread-1] INFO  server.RaftServerConfigKeys (ConfUtils.java:logGet(43)) - raft.server.log.statemachine.data.sync = true (default)
2019-10-17 20:24:09,688 [pool-27-thread-1] INFO  server.RaftServerConfigKeys (ConfUtils.java:logGet(43)) - raft.server.log.statemachine.data.sync.timeout = 10s (default)
2019-10-17 20:24:09,691 [pool-27-thread-1] INFO  server.RaftServerConfigKeys (ConfUtils.java:logGet(43)) - raft.server.log.statemachine.data.sync.timeout.retry = -1 (default)
2019-10-17 20:24:09,691 [pool-27-thread-1] INFO  server.RaftServerConfigKeys (ConfUtils.java:logGet(43)) - raft.server.log.statemachine.data.caching.enabled = true (custom)
2019-10-17 20:24:09,691 [pool-27-thread-1] INFO  segmented.SegmentedRaftLogWorker (SegmentedRaftLogWorker.java:lambda$new$0(128)) - de4dd1fb-8e89-4d8f-a94c-eecd5ba9e4a0@group-DC73A42D6088-SegmentedRaftLogWorker: flushIndex: setUnconditionally 0 -> -1
2019-10-17 20:24:09,694 [pool-27-thread-1] INFO  server.RaftServerConfigKeys (ConfUtils.java:logGet(43)) - raft.server.snapshot.auto.trigger.enabled = true (custom)
2019-10-17 20:24:09,695 [pool-27-thread-1] INFO  server.RaftServerConfigKeys (ConfUtils.java:logGet(43)) - raft.server.snapshot.auto.trigger.threshold = 10000 (custom)
2019-10-17 20:24:09,696 [pool-27-thread-1] INFO  server.RaftServerConfigKeys (ConfUtils.java:logGet(43)) - raft.server.snapshot.retention.file.num = 5 (custom)
2019-10-17 20:24:09,697 [pool-27-thread-1] INFO  server.RaftServerConfigKeys (ConfUtils.java:logGet(43)) - raft.server.retrycache.expirytime = 600000ms (custom)
2019-10-17 20:24:09,719 [pool-27-thread-1] INFO  impl.RaftServerImpl (RaftServerImpl.java:start(195)) - de4dd1fb-8e89-4d8f-a94c-eecd5ba9e4a0@group-DC73A42D6088: start as a follower, conf=-1: [0e723869-d81b-4250-bf7c-b3eb1c130cc4:192.168.164.201:41994, a20d02fb-e889-4888-8041-7f0d463e97dc:192.168.164.201:39512, de4dd1fb-8e89-4d8f-a94c-eecd5ba9e4a0:192.168.164.201:35026], old=null
2019-10-17 20:24:09,719 [pool-27-thread-1] INFO  impl.RaftServerImpl (RaftServerImpl.java:setRole(184)) - de4dd1fb-8e89-4d8f-a94c-eecd5ba9e4a0@group-DC73A42D6088: changes role from      null to FOLLOWER at term 0 for startAsFollower
2019-10-17 20:24:09,720 [pool-27-thread-1] INFO  impl.RoleInfo (RoleInfo.java:updateAndGet(143)) - de4dd1fb-8e89-4d8f-a94c-eecd5ba9e4a0: start FollowerState
2019-10-17 20:24:09,720 [pool-27-thread-1] INFO  util.JmxRegister (JmxRegister.java:tryRegister(44)) - Successfully registered JMX Bean with object name Ratis:service=RaftServer,group=group-DC73A42D6088,id=de4dd1fb-8e89-4d8f-a94c-eecd5ba9e4a0
2019-10-17 20:24:09,725 [Thread-236] INFO  impl.FollowerState (FollowerState.java:run(108)) - a20d02fb-e889-4888-8041-7f0d463e97dc@group-DC73A42D6088-FollowerState: change to CANDIDATE, lastRpcTime:125ms, electionTimeout:125ms
2019-10-17 20:24:09,725 [Thread-236] INFO  impl.RoleInfo (RoleInfo.java:shutdownFollowerState(121)) - a20d02fb-e889-4888-8041-7f0d463e97dc: shutdown FollowerState
2019-10-17 20:24:09,725 [Thread-236] INFO  impl.RaftServerImpl (RaftServerImpl.java:setRole(184)) - a20d02fb-e889-4888-8041-7f0d463e97dc@group-DC73A42D6088: changes role from  FOLLOWER to CANDIDATE at term 0 for changeToCandidate
2019-10-17 20:24:09,725 [Thread-236] INFO  impl.RoleInfo (RoleInfo.java:updateAndGet(143)) - a20d02fb-e889-4888-8041-7f0d463e97dc: start LeaderElection
2019-10-17 20:24:09,734 [Thread-241] INFO  impl.FollowerState (FollowerState.java:run(108)) - de4dd1fb-8e89-4d8f-a94c-eecd5ba9e4a0@group-DC73A42D6088-FollowerState: change to CANDIDATE, lastRpcTime:14ms, electionTimeout:13ms
2019-10-17 20:24:09,734 [Thread-237] INFO  impl.FollowerState (FollowerState.java:run(108)) - 0e723869-d81b-4250-bf7c-b3eb1c130cc4@group-DC73A42D6088-FollowerState: change to CANDIDATE, lastRpcTime:133ms, electionTimeout:133ms
2019-10-17 20:24:09,734 [Thread-241] INFO  impl.RoleInfo (RoleInfo.java:shutdownFollowerState(121)) - de4dd1fb-8e89-4d8f-a94c-eecd5ba9e4a0: shutdown FollowerState
2019-10-17 20:24:09,735 [Thread-237] INFO  impl.RoleInfo (RoleInfo.java:shutdownFollowerState(121)) - 0e723869-d81b-4250-bf7c-b3eb1c130cc4: shutdown FollowerState
2019-10-17 20:24:09,735 [Thread-241] INFO  impl.RaftServerImpl (RaftServerImpl.java:setRole(184)) - de4dd1fb-8e89-4d8f-a94c-eecd5ba9e4a0@group-DC73A42D6088: changes role from  FOLLOWER to CANDIDATE at term 0 for changeToCandidate
2019-10-17 20:24:09,735 [Thread-237] INFO  impl.RaftServerImpl (RaftServerImpl.java:setRole(184)) - 0e723869-d81b-4250-bf7c-b3eb1c130cc4@group-DC73A42D6088: changes role from  FOLLOWER to CANDIDATE at term 0 for changeToCandidate
2019-10-17 20:24:09,736 [Thread-241] INFO  impl.RoleInfo (RoleInfo.java:updateAndGet(143)) - de4dd1fb-8e89-4d8f-a94c-eecd5ba9e4a0: start LeaderElection
2019-10-17 20:24:09,736 [Thread-237] INFO  impl.RoleInfo (RoleInfo.java:updateAndGet(143)) - 0e723869-d81b-4250-bf7c-b3eb1c130cc4: start LeaderElection
2019-10-17 20:24:09,740 [RatisPipelineUtilsThread] INFO  pipeline.PipelineStateManager (PipelineStateManager.java:addPipeline(55)) - Created pipeline Pipeline[ Id: 39aa3ee3-e753-42ce-a3f3-dc73a42d6088, Nodes: 0e723869-d81b-4250-bf7c-b3eb1c130cc4{ip: 192.168.164.201, host: pr-hdds-1868-s6sc9-3720172378, networkLocation: /default-rack, certSerialId: null}de4dd1fb-8e89-4d8f-a94c-eecd5ba9e4a0{ip: 192.168.164.201, host: pr-hdds-1868-s6sc9-3720172378, networkLocation: /default-rack, certSerialId: null}a20d02fb-e889-4888-8041-7f0d463e97dc{ip: 192.168.164.201, host: pr-hdds-1868-s6sc9-3720172378, networkLocation: /default-rack, certSerialId: null}, Type:RATIS, Factor:THREE, State:ALLOCATED]
2019-10-17 20:24:09,743 [EventQueue-PipelineReportForPipelineReportHandler] INFO  pipeline.PipelineStateManager (PipelineStateManager.java:openPipeline(134)) - Pipeline Pipeline[ Id: 58807efc-444f-4348-b7a9-f5bdf6d8fbaf, Nodes: de4dd1fb-8e89-4d8f-a94c-eecd5ba9e4a0{ip: 192.168.164.201, host: pr-hdds-1868-s6sc9-3720172378, networkLocation: /default-rack, certSerialId: null}, Type:RATIS, Factor:ONE, State:OPEN] moved to OPEN state
2019-10-17 20:24:09,744 [EventQueue-PipelineReportForPipelineReportHandler] INFO  pipeline.PipelineReportHandler (PipelineReportHandler.java:processPipelineReport(119)) - Pipeline PipelineID=f0827afa-7b39-4737-8452-e4bd2505819b reported by 0e723869-d81b-4250-bf7c-b3eb1c130cc4{ip: 192.168.164.201, host: pr-hdds-1868-s6sc9-3720172378, networkLocation: /default-rack, certSerialId: null} with leaderId 0e723869-d81b-4250-bf7c-b3eb1c130cc4
2019-10-17 20:24:09,744 [EventQueue-PipelineReportForPipelineReportHandler] INFO  pipeline.PipelineStateManager (PipelineStateManager.java:openPipeline(134)) - Pipeline Pipeline[ Id: f0827afa-7b39-4737-8452-e4bd2505819b, Nodes: 0e723869-d81b-4250-bf7c-b3eb1c130cc4{ip: 192.168.164.201, host: pr-hdds-1868-s6sc9-3720172378, networkLocation: /default-rack, certSerialId: null}, Type:RATIS, Factor:ONE, State:OPEN] moved to OPEN state
2019-10-17 20:24:09,744 [EventQueue-PipelineReportForPipelineReportHandler] INFO  pipeline.PipelineReportHandler (PipelineReportHandler.java:processPipelineReport(119)) - Pipeline PipelineID=51f0da17-f099-4599-82ac-5b3f98da4abf reported by a20d02fb-e889-4888-8041-7f0d463e97dc{ip: 192.168.164.201, host: pr-hdds-1868-s6sc9-3720172378, networkLocation: /default-rack, certSerialId: null} with leaderId a20d02fb-e889-4888-8041-7f0d463e97dc
2019-10-17 20:24:09,745 [EventQueue-PipelineReportForPipelineReportHandler] INFO  pipeline.PipelineStateManager (PipelineStateManager.java:openPipeline(134)) - Pipeline Pipeline[ Id: 51f0da17-f099-4599-82ac-5b3f98da4abf, Nodes: a20d02fb-e889-4888-8041-7f0d463e97dc{ip: 192.168.164.201, host: pr-hdds-1868-s6sc9-3720172378, networkLocation: /default-rack, certSerialId: null}, Type:RATIS, Factor:ONE, State:OPEN] moved to OPEN state
2019-10-17 20:24:09,745 [EventQueue-PipelineReportForPipelineReportHandler] INFO  pipeline.PipelineReportHandler (PipelineReportHandler.java:processPipelineReport(119)) - Pipeline PipelineID=9a7474a4-6502-4a4a-a90d-98bcd1587b28 reported by e0a67290-d287-46aa-bb8b-58cc723490f4{ip: 192.168.164.201, host: pr-hdds-1868-s6sc9-3720172378, networkLocation: /default-rack, certSerialId: null} with leaderId e0a67290-d287-46aa-bb8b-58cc723490f4
2019-10-17 20:24:09,745 [EventQueue-PipelineReportForPipelineReportHandler] INFO  pipeline.PipelineStateManager (PipelineStateManager.java:openPipeline(134)) - Pipeline Pipeline[ Id: 9a7474a4-6502-4a4a-a90d-98bcd1587b28, Nodes: e0a67290-d287-46aa-bb8b-58cc723490f4{ip: 192.168.164.201, host: pr-hdds-1868-s6sc9-3720172378, networkLocation: /default-rack, certSerialId: null}, Type:RATIS, Factor:ONE, State:OPEN] moved to OPEN state
2019-10-17 20:24:09,745 [EventQueue-PipelineReportForPipelineReportHandler] INFO  pipeline.PipelineReportHandler (PipelineReportHandler.java:processPipelineReport(119)) - Pipeline PipelineID=842954d9-813e-4616-b071-64a04d99ac96 reported by 2131ea33-b1ef-403d-924f-851805102ce8{ip: 192.168.164.201, host: pr-hdds-1868-s6sc9-3720172378, networkLocation: /default-rack, certSerialId: null} with leaderId 2131ea33-b1ef-403d-924f-851805102ce8
2019-10-17 20:24:09,745 [EventQueue-PipelineReportForPipelineReportHandler] INFO  pipeline.PipelineStateManager (PipelineStateManager.java:openPipeline(134)) - Pipeline Pipeline[ Id: 842954d9-813e-4616-b071-64a04d99ac96, Nodes: 2131ea33-b1ef-403d-924f-851805102ce8{ip: 192.168.164.201, host: pr-hdds-1868-s6sc9-3720172378, networkLocation: /default-rack, certSerialId: null}, Type:RATIS, Factor:ONE, State:OPEN] moved to OPEN state
2019-10-17 20:24:09,767 [a20d02fb-e889-4888-8041-7f0d463e97dc@group-DC73A42D6088-LeaderElection6] INFO  impl.LeaderElection (LeaderElection.java:askForVotes(178)) - a20d02fb-e889-4888-8041-7f0d463e97dc@group-DC73A42D6088-LeaderElection6: begin an election at term 1 for -1: [0e723869-d81b-4250-bf7c-b3eb1c130cc4:192.168.164.201:41994, a20d02fb-e889-4888-8041-7f0d463e97dc:192.168.164.201:39512, de4dd1fb-8e89-4d8f-a94c-eecd5ba9e4a0:192.168.164.201:35026], old=null
2019-10-17 20:24:09,775 [de4dd1fb-8e89-4d8f-a94c-eecd5ba9e4a0@group-DC73A42D6088-LeaderElection7] INFO  impl.LeaderElection (LeaderElection.java:askForVotes(178)) - de4dd1fb-8e89-4d8f-a94c-eecd5ba9e4a0@group-DC73A42D6088-LeaderElection7: begin an election at term 1 for -1: [0e723869-d81b-4250-bf7c-b3eb1c130cc4:192.168.164.201:41994, a20d02fb-e889-4888-8041-7f0d463e97dc:192.168.164.201:39512, de4dd1fb-8e89-4d8f-a94c-eecd5ba9e4a0:192.168.164.201:35026], old=null
2019-10-17 20:24:09,775 [0e723869-d81b-4250-bf7c-b3eb1c130cc4@group-DC73A42D6088-LeaderElection8] INFO  impl.LeaderElection (LeaderElection.java:askForVotes(178)) - 0e723869-d81b-4250-bf7c-b3eb1c130cc4@group-DC73A42D6088-LeaderElection8: begin an election at term 1 for -1: [0e723869-d81b-4250-bf7c-b3eb1c130cc4:192.168.164.201:41994, a20d02fb-e889-4888-8041-7f0d463e97dc:192.168.164.201:39512, de4dd1fb-8e89-4d8f-a94c-eecd5ba9e4a0:192.168.164.201:35026], old=null
2019-10-17 20:24:09,797 [de4dd1fb-8e89-4d8f-a94c-eecd5ba9e4a0@group-DC73A42D6088-LeaderElection7] INFO  impl.LeaderElection (LeaderElection.java:logAndReturn(56)) - de4dd1fb-8e89-4d8f-a94c-eecd5ba9e4a0@group-DC73A42D6088-LeaderElection7: Election TIMEOUT; received 0 response(s) [] and 0 exception(s); de4dd1fb-8e89-4d8f-a94c-eecd5ba9e4a0@group-DC73A42D6088:t1, leader=null, voted=de4dd1fb-8e89-4d8f-a94c-eecd5ba9e4a0, raftlog=de4dd1fb-8e89-4d8f-a94c-eecd5ba9e4a0@group-DC73A42D6088-SegmentedRaftLog:OPENED:c-1,f-1,i0, conf=-1: [0e723869-d81b-4250-bf7c-b3eb1c130cc4:192.168.164.201:41994, a20d02fb-e889-4888-8041-7f0d463e97dc:192.168.164.201:39512, de4dd1fb-8e89-4d8f-a94c-eecd5ba9e4a0:192.168.164.201:35026], old=null
2019-10-17 20:24:09,826 [de4dd1fb-8e89-4d8f-a94c-eecd5ba9e4a0@group-DC73A42D6088-LeaderElection7] INFO  impl.LeaderElection (LeaderElection.java:askForVotes(178)) - de4dd1fb-8e89-4d8f-a94c-eecd5ba9e4a0@group-DC73A42D6088-LeaderElection7: begin an election at term 2 for -1: [0e723869-d81b-4250-bf7c-b3eb1c130cc4:192.168.164.201:41994, a20d02fb-e889-4888-8041-7f0d463e97dc:192.168.164.201:39512, de4dd1fb-8e89-4d8f-a94c-eecd5ba9e4a0:192.168.164.201:35026], old=null
2019-10-17 20:24:09,832 [0e723869-d81b-4250-bf7c-b3eb1c130cc4@group-DC73A42D6088-LeaderElection8] INFO  impl.LeaderElection (LeaderElection.java:logAndReturn(56)) - 0e723869-d81b-4250-bf7c-b3eb1c130cc4@group-DC73A42D6088-LeaderElection8: Election DISCOVERED_A_NEW_TERM; received 2 response(s) [0e723869-d81b-4250-bf7c-b3eb1c130cc4<-a20d02fb-e889-4888-8041-7f0d463e97dc#0:FAIL-t1, 0e723869-d81b-4250-bf7c-b3eb1c130cc4<-de4dd1fb-8e89-4d8f-a94c-eecd5ba9e4a0#0:FAIL-t2] and 0 exception(s); 0e723869-d81b-4250-bf7c-b3eb1c130cc4@group-DC73A42D6088:t1, leader=null, voted=0e723869-d81b-4250-bf7c-b3eb1c130cc4, raftlog=0e723869-d81b-4250-bf7c-b3eb1c130cc4@group-DC73A42D6088-SegmentedRaftLog:OPENED:c-1,f-1,i0, conf=-1: [0e723869-d81b-4250-bf7c-b3eb1c130cc4:192.168.164.201:41994, a20d02fb-e889-4888-8041-7f0d463e97dc:192.168.164.201:39512, de4dd1fb-8e89-4d8f-a94c-eecd5ba9e4a0:192.168.164.201:35026], old=null
2019-10-17 20:24:09,832 [a20d02fb-e889-4888-8041-7f0d463e97dc@group-DC73A42D6088-LeaderElection6] INFO  impl.LeaderElection (LeaderElection.java:logAndReturn(56)) - a20d02fb-e889-4888-8041-7f0d463e97dc@group-DC73A42D6088-LeaderElection6: Election DISCOVERED_A_NEW_TERM; received 2 response(s) [a20d02fb-e889-4888-8041-7f0d463e97dc<-0e723869-d81b-4250-bf7c-b3eb1c130cc4#0:FAIL-t1, a20d02fb-e889-4888-8041-7f0d463e97dc<-de4dd1fb-8e89-4d8f-a94c-eecd5ba9e4a0#0:FAIL-t2] and 0 exception(s); a20d02fb-e889-4888-8041-7f0d463e97dc@group-DC73A42D6088:t1, leader=null, voted=a20d02fb-e889-4888-8041-7f0d463e97dc, raftlog=a20d02fb-e889-4888-8041-7f0d463e97dc@group-DC73A42D6088-SegmentedRaftLog:OPENED:c-1,f-1,i0, conf=-1: [0e723869-d81b-4250-bf7c-b3eb1c130cc4:192.168.164.201:41994, a20d02fb-e889-4888-8041-7f0d463e97dc:192.168.164.201:39512, de4dd1fb-8e89-4d8f-a94c-eecd5ba9e4a0:192.168.164.201:35026], old=null
2019-10-17 20:24:09,837 [a20d02fb-e889-4888-8041-7f0d463e97dc@group-DC73A42D6088-LeaderElection6] INFO  impl.RaftServerImpl (RaftServerImpl.java:setRole(184)) - a20d02fb-e889-4888-8041-7f0d463e97dc@group-DC73A42D6088: changes role from CANDIDATE to FOLLOWER at term 2 for DISCOVERED_A_NEW_TERM
2019-10-17 20:24:09,837 [0e723869-d81b-4250-bf7c-b3eb1c130cc4@group-DC73A42D6088-LeaderElection8] INFO  impl.RaftServerImpl (RaftServerImpl.java:setRole(184)) - 0e723869-d81b-4250-bf7c-b3eb1c130cc4@group-DC73A42D6088: changes role from CANDIDATE to FOLLOWER at term 2 for DISCOVERED_A_NEW_TERM
2019-10-17 20:24:09,837 [a20d02fb-e889-4888-8041-7f0d463e97dc@group-DC73A42D6088-LeaderElection6] INFO  impl.RoleInfo (RoleInfo.java:shutdownLeaderElection(134)) - a20d02fb-e889-4888-8041-7f0d463e97dc: shutdown LeaderElection
2019-10-17 20:24:09,839 [0e723869-d81b-4250-bf7c-b3eb1c130cc4@group-DC73A42D6088-LeaderElection8] INFO  impl.RoleInfo (RoleInfo.java:shutdownLeaderElection(134)) - 0e723869-d81b-4250-bf7c-b3eb1c130cc4: shutdown LeaderElection
2019-10-17 20:24:09,839 [a20d02fb-e889-4888-8041-7f0d463e97dc@group-DC73A42D6088-LeaderElection6] INFO  impl.RoleInfo (RoleInfo.java:updateAndGet(143)) - a20d02fb-e889-4888-8041-7f0d463e97dc: start FollowerState
2019-10-17 20:24:09,839 [0e723869-d81b-4250-bf7c-b3eb1c130cc4@group-DC73A42D6088-LeaderElection8] INFO  impl.RoleInfo (RoleInfo.java:updateAndGet(143)) - 0e723869-d81b-4250-bf7c-b3eb1c130cc4: start FollowerState
2019-10-17 20:24:09,845 [de4dd1fb-8e89-4d8f-a94c-eecd5ba9e4a0@group-DC73A42D6088-LeaderElection7] INFO  impl.LeaderElection (LeaderElection.java:logAndReturn(56)) - de4dd1fb-8e89-4d8f-a94c-eecd5ba9e4a0@group-DC73A42D6088-LeaderElection7: Election TIMEOUT; received 0 response(s) [] and 0 exception(s); de4dd1fb-8e89-4d8f-a94c-eecd5ba9e4a0@group-DC73A42D6088:t2, leader=null, voted=de4dd1fb-8e89-4d8f-a94c-eecd5ba9e4a0, raftlog=de4dd1fb-8e89-4d8f-a94c-eecd5ba9e4a0@group-DC73A42D6088-SegmentedRaftLog:OPENED:c-1,f-1,i0, conf=-1: [0e723869-d81b-4250-bf7c-b3eb1c130cc4:192.168.164.201:41994, a20d02fb-e889-4888-8041-7f0d463e97dc:192.168.164.201:39512, de4dd1fb-8e89-4d8f-a94c-eecd5ba9e4a0:192.168.164.201:35026], old=null
2019-10-17 20:24:09,868 [de4dd1fb-8e89-4d8f-a94c-eecd5ba9e4a0@group-DC73A42D6088-LeaderElection7] INFO  impl.LeaderElection (LeaderElection.java:askForVotes(178)) - de4dd1fb-8e89-4d8f-a94c-eecd5ba9e4a0@group-DC73A42D6088-LeaderElection7: begin an election at term 3 for -1: [0e723869-d81b-4250-bf7c-b3eb1c130cc4:192.168.164.201:41994, a20d02fb-e889-4888-8041-7f0d463e97dc:192.168.164.201:39512, de4dd1fb-8e89-4d8f-a94c-eecd5ba9e4a0:192.168.164.201:35026], old=null
2019-10-17 20:24:09,869 [grpc-default-executor-2] INFO  impl.RaftServerImpl (RaftServerImpl.java:setRole(184)) - a20d02fb-e889-4888-8041-7f0d463e97dc@group-DC73A42D6088: changes role from  FOLLOWER to FOLLOWER at term 2 for recognizeCandidate:de4dd1fb-8e89-4d8f-a94c-eecd5ba9e4a0
2019-10-17 20:24:09,870 [grpc-default-executor-2] INFO  impl.RoleInfo (RoleInfo.java:shutdownFollowerState(121)) - a20d02fb-e889-4888-8041-7f0d463e97dc: shutdown FollowerState
2019-10-17 20:24:09,869 [grpc-default-executor-3] INFO  impl.RaftServerImpl (RaftServerImpl.java:setRole(184)) - 0e723869-d81b-4250-bf7c-b3eb1c130cc4@group-DC73A42D6088: changes role from  FOLLOWER to FOLLOWER at term 2 for recognizeCandidate:de4dd1fb-8e89-4d8f-a94c-eecd5ba9e4a0
2019-10-17 20:24:09,870 [grpc-default-executor-2] INFO  impl.RoleInfo (RoleInfo.java:updateAndGet(143)) - a20d02fb-e889-4888-8041-7f0d463e97dc: start FollowerState
2019-10-17 20:24:09,870 [grpc-default-executor-3] INFO  impl.RoleInfo (RoleInfo.java:shutdownFollowerState(121)) - 0e723869-d81b-4250-bf7c-b3eb1c130cc4: shutdown FollowerState
2019-10-17 20:24:09,870 [Thread-254] INFO  impl.FollowerState (FollowerState.java:run(117)) - a20d02fb-e889-4888-8041-7f0d463e97dc@group-DC73A42D6088-FollowerState was interrupted: java.lang.InterruptedException: sleep interrupted
2019-10-17 20:24:09,870 [Thread-255] INFO  impl.FollowerState (FollowerState.java:run(117)) - 0e723869-d81b-4250-bf7c-b3eb1c130cc4@group-DC73A42D6088-FollowerState was interrupted: java.lang.InterruptedException: sleep interrupted
2019-10-17 20:24:09,870 [grpc-default-executor-3] INFO  impl.RoleInfo (RoleInfo.java:updateAndGet(143)) - 0e723869-d81b-4250-bf7c-b3eb1c130cc4: start FollowerState
2019-10-17 20:24:09,903 [grpc-default-executor-0] INFO  impl.RaftServerImpl (RaftServerImpl.java:setRole(184)) - 0e723869-d81b-4250-bf7c-b3eb1c130cc4@group-DC73A42D6088: changes role from  FOLLOWER to FOLLOWER at term 3 for recognizeCandidate:de4dd1fb-8e89-4d8f-a94c-eecd5ba9e4a0
2019-10-17 20:24:09,903 [Thread-257] INFO  impl.FollowerState (FollowerState.java:run(108)) - a20d02fb-e889-4888-8041-7f0d463e97dc@group-DC73A42D6088-FollowerState: change to CANDIDATE, lastRpcTime:32ms, electionTimeout:23ms
2019-10-17 20:24:09,903 [grpc-default-executor-0] INFO  impl.RoleInfo (RoleInfo.java:shutdownFollowerState(121)) - 0e723869-d81b-4250-bf7c-b3eb1c130cc4: shutdown FollowerState
2019-10-17 20:24:09,903 [Thread-257] INFO  impl.RoleInfo (RoleInfo.java:shutdownFollowerState(121)) - a20d02fb-e889-4888-8041-7f0d463e97dc: shutdown FollowerState
2019-10-17 20:24:09,903 [Thread-259] INFO  impl.FollowerState (FollowerState.java:run(117)) - 0e723869-d81b-4250-bf7c-b3eb1c130cc4@group-DC73A42D6088-FollowerState was interrupted: java.lang.InterruptedException: sleep interrupted
2019-10-17 20:24:09,903 [grpc-default-executor-0] INFO  impl.RoleInfo (RoleInfo.java:updateAndGet(143)) - 0e723869-d81b-4250-bf7c-b3eb1c130cc4: start FollowerState
2019-10-17 20:24:09,903 [Thread-257] INFO  impl.RaftServerImpl (RaftServerImpl.java:setRole(184)) - a20d02fb-e889-4888-8041-7f0d463e97dc@group-DC73A42D6088: changes role from  FOLLOWER to CANDIDATE at term 2 for changeToCandidate
2019-10-17 20:24:09,905 [Thread-257] INFO  impl.RoleInfo (RoleInfo.java:updateAndGet(143)) - a20d02fb-e889-4888-8041-7f0d463e97dc: start LeaderElection
2019-10-17 20:24:09,907 [grpc-default-executor-4] INFO  impl.RaftServerImpl (RaftServerImpl.java:setRole(184)) - a20d02fb-e889-4888-8041-7f0d463e97dc@group-DC73A42D6088: changes role from CANDIDATE to FOLLOWER at term 3 for recognizeCandidate:de4dd1fb-8e89-4d8f-a94c-eecd5ba9e4a0
2019-10-17 20:24:09,907 [grpc-default-executor-4] INFO  impl.RoleInfo (RoleInfo.java:shutdownLeaderElection(134)) - a20d02fb-e889-4888-8041-7f0d463e97dc: shutdown LeaderElection
2019-10-17 20:24:09,909 [grpc-default-executor-4] INFO  impl.RoleInfo (RoleInfo.java:updateAndGet(143)) - a20d02fb-e889-4888-8041-7f0d463e97dc: start FollowerState
2019-10-17 20:24:09,938 [de4dd1fb-8e89-4d8f-a94c-eecd5ba9e4a0@group-DC73A42D6088-LeaderElection7] INFO  impl.LeaderElection (LeaderElection.java:logAndReturn(56)) - de4dd1fb-8e89-4d8f-a94c-eecd5ba9e4a0@group-DC73A42D6088-LeaderElection7: Election PASSED; received 1 response(s) [de4dd1fb-8e89-4d8f-a94c-eecd5ba9e4a0<-0e723869-d81b-4250-bf7c-b3eb1c130cc4#0:OK-t3] and 0 exception(s); de4dd1fb-8e89-4d8f-a94c-eecd5ba9e4a0@group-DC73A42D6088:t3, leader=null, voted=de4dd1fb-8e89-4d8f-a94c-eecd5ba9e4a0, raftlog=de4dd1fb-8e89-4d8f-a94c-eecd5ba9e4a0@group-DC73A42D6088-SegmentedRaftLog:OPENED:c-1,f-1,i0, conf=-1: [0e723869-d81b-4250-bf7c-b3eb1c130cc4:192.168.164.201:41994, a20d02fb-e889-4888-8041-7f0d463e97dc:192.168.164.201:39512, de4dd1fb-8e89-4d8f-a94c-eecd5ba9e4a0:192.168.164.201:35026], old=null
2019-10-17 20:24:09,938 [de4dd1fb-8e89-4d8f-a94c-eecd5ba9e4a0@group-DC73A42D6088-LeaderElection7] INFO  impl.RoleInfo (RoleInfo.java:shutdownLeaderElection(134)) - de4dd1fb-8e89-4d8f-a94c-eecd5ba9e4a0: shutdown LeaderElection
2019-10-17 20:24:09,942 [de4dd1fb-8e89-4d8f-a94c-eecd5ba9e4a0@group-DC73A42D6088-LeaderElection7] INFO  impl.RaftServerImpl (RaftServerImpl.java:setRole(184)) - de4dd1fb-8e89-4d8f-a94c-eecd5ba9e4a0@group-DC73A42D6088: changes role from CANDIDATE to LEADER at term 3 for changeToLeader
2019-10-17 20:24:09,943 [de4dd1fb-8e89-4d8f-a94c-eecd5ba9e4a0@group-DC73A42D6088-LeaderElection7] INFO  ratis.XceiverServerRatis (XceiverServerRatis.java:handleLeaderChangedNotification(700)) - Leader change notification received for group: group-DC73A42D6088 with new leaderId: de4dd1fb-8e89-4d8f-a94c-eecd5ba9e4a0
2019-10-17 20:24:09,943 [de4dd1fb-8e89-4d8f-a94c-eecd5ba9e4a0@group-DC73A42D6088-LeaderElection7] INFO  impl.RaftServerImpl (ServerState.java:setLeader(256)) - de4dd1fb-8e89-4d8f-a94c-eecd5ba9e4a0@group-DC73A42D6088: change Leader from null to de4dd1fb-8e89-4d8f-a94c-eecd5ba9e4a0 at term 3 for becomeLeader, leader elected after 262ms
2019-10-17 20:24:09,943 [de4dd1fb-8e89-4d8f-a94c-eecd5ba9e4a0@group-DC73A42D6088-LeaderElection7] INFO  server.RaftServerConfigKeys (ConfUtils.java:logGet(43)) - raft.server.staging.catchup.gap = 1000 (default)
2019-10-17 20:24:09,943 [de4dd1fb-8e89-4d8f-a94c-eecd5ba9e4a0@group-DC73A42D6088-LeaderElection7] INFO  server.RaftServerConfigKeys (ConfUtils.java:logGet(43)) - raft.server.rpc.sleep.time = 25ms (default)
2019-10-17 20:24:09,943 [de4dd1fb-8e89-4d8f-a94c-eecd5ba9e4a0@group-DC73A42D6088-LeaderElection7] INFO  server.RaftServerConfigKeys (ConfUtils.java:logGet(43)) - raft.server.write.element-limit = 4096 (default)
2019-10-17 20:24:09,944 [de4dd1fb-8e89-4d8f-a94c-eecd5ba9e4a0@group-DC73A42D6088-LeaderElection7] INFO  server.RaftServerConfigKeys (ConfUtils.java:logGet(43)) - raft.server.watch.timeout = 10s (default)
2019-10-17 20:24:09,945 [de4dd1fb-8e89-4d8f-a94c-eecd5ba9e4a0@group-DC73A42D6088-LeaderElection7] INFO  server.RaftServerConfigKeys (ConfUtils.java:logGet(43)) - raft.server.watch.timeout.denomination = 1s (default)
2019-10-17 20:24:09,945 [de4dd1fb-8e89-4d8f-a94c-eecd5ba9e4a0@group-DC73A42D6088-LeaderElection7] INFO  server.RaftServerConfigKeys (ConfUtils.java:logGet(43)) - raft.server.watch.element-limit = 65536 (default)
2019-10-17 20:24:09,946 [EventQueue-PipelineReportForPipelineReportHandler] INFO  pipeline.PipelineReportHandler (PipelineReportHandler.java:processPipelineReport(119)) - Pipeline PipelineID=39aa3ee3-e753-42ce-a3f3-dc73a42d6088 reported by de4dd1fb-8e89-4d8f-a94c-eecd5ba9e4a0{ip: 192.168.164.201, host: pr-hdds-1868-s6sc9-3720172378, networkLocation: /default-rack, certSerialId: null} with leaderId de4dd1fb-8e89-4d8f-a94c-eecd5ba9e4a0
2019-10-17 20:24:09,952 [de4dd1fb-8e89-4d8f-a94c-eecd5ba9e4a0@group-DC73A42D6088-LeaderElection7] INFO  server.RaftServerConfigKeys (ConfUtils.java:logGet(43)) - raft.server.log.appender.snapshot.chunk.size.max = 16MB (=16777216) (default)
2019-10-17 20:24:09,952 [de4dd1fb-8e89-4d8f-a94c-eecd5ba9e4a0@group-DC73A42D6088-LeaderElection7] INFO  server.RaftServerConfigKeys (ConfUtils.java:logGet(43)) - raft.server.log.appender.buffer.byte-limit = 33554432 (custom)
2019-10-17 20:24:09,952 [de4dd1fb-8e89-4d8f-a94c-eecd5ba9e4a0@group-DC73A42D6088-LeaderElection7] INFO  server.RaftServerConfigKeys (ConfUtils.java:logGet(43)) - raft.server.log.appender.buffer.element-limit = 1 (custom)
2019-10-17 20:24:09,954 [a20d02fb-e889-4888-8041-7f0d463e97dc@group-DC73A42D6088-LeaderElection9] INFO  impl.LeaderElection (LeaderElection.java:askForVotes(178)) - a20d02fb-e889-4888-8041-7f0d463e97dc@group-DC73A42D6088-LeaderElection9: begin an election at term 4 for -1: [0e723869-d81b-4250-bf7c-b3eb1c130cc4:192.168.164.201:41994, a20d02fb-e889-4888-8041-7f0d463e97dc:192.168.164.201:39512, de4dd1fb-8e89-4d8f-a94c-eecd5ba9e4a0:192.168.164.201:35026], old=null
2019-10-17 20:24:09,955 [a20d02fb-e889-4888-8041-7f0d463e97dc@group-DC73A42D6088-LeaderElection9] INFO  impl.LeaderElection (LeaderElection.java:logAndReturn(56)) - a20d02fb-e889-4888-8041-7f0d463e97dc@group-DC73A42D6088-LeaderElection9: Election REJECTED; received 0 response(s) [] and 0 exception(s); a20d02fb-e889-4888-8041-7f0d463e97dc@group-DC73A42D6088:t4, leader=null, voted=a20d02fb-e889-4888-8041-7f0d463e97dc, raftlog=a20d02fb-e889-4888-8041-7f0d463e97dc@group-DC73A42D6088-SegmentedRaftLog:OPENED:c-1,f-1,i0, conf=-1: [0e723869-d81b-4250-bf7c-b3eb1c130cc4:192.168.164.201:41994, a20d02fb-e889-4888-8041-7f0d463e97dc:192.168.164.201:39512, de4dd1fb-8e89-4d8f-a94c-eecd5ba9e4a0:192.168.164.201:35026], old=null
2019-10-17 20:24:09,957 [de4dd1fb-8e89-4d8f-a94c-eecd5ba9e4a0@group-DC73A42D6088-LeaderElection7] INFO  grpc.GrpcConfigKeys$Server (ConfUtils.java:logGet(43)) - raft.grpc.server.leader.outstanding.appends.max = 128 (default)
2019-10-17 20:24:09,962 [de4dd1fb-8e89-4d8f-a94c-eecd5ba9e4a0@group-DC73A42D6088-LeaderElection7] INFO  server.RaftServerConfigKeys (ConfUtils.java:logGet(43)) - raft.server.rpc.request.timeout = 3000ms (default)
2019-10-17 20:24:09,962 [de4dd1fb-8e89-4d8f-a94c-eecd5ba9e4a0@group-DC73A42D6088-LeaderElection7] INFO  server.RaftServerConfigKeys (ConfUtils.java:logGet(43)) - raft.server.log.appender.install.snapshot.enabled = false (custom)
2019-10-17 20:24:09,965 [grpc-default-executor-0] INFO  impl.RaftServerImpl (RaftServerImpl.java:setRole(184)) - 0e723869-d81b-4250-bf7c-b3eb1c130cc4@group-DC73A42D6088: changes role from  FOLLOWER to FOLLOWER at term 4 for recognizeCandidate:a20d02fb-e889-4888-8041-7f0d463e97dc
2019-10-17 20:24:09,970 [grpc-default-executor-0] INFO  impl.RoleInfo (RoleInfo.java:shutdownFollowerState(121)) - 0e723869-d81b-4250-bf7c-b3eb1c130cc4: shutdown FollowerState
2019-10-17 20:24:09,970 [Thread-260] INFO  impl.FollowerState (FollowerState.java:run(117)) - 0e723869-d81b-4250-bf7c-b3eb1c130cc4@group-DC73A42D6088-FollowerState was interrupted: java.lang.InterruptedException: sleep interrupted
2019-10-17 20:24:09,970 [grpc-default-executor-0] INFO  impl.RoleInfo (RoleInfo.java:updateAndGet(143)) - 0e723869-d81b-4250-bf7c-b3eb1c130cc4: start FollowerState
2019-10-17 20:24:09,973 [de4dd1fb-8e89-4d8f-a94c-eecd5ba9e4a0@group-DC73A42D6088-LeaderElection7] INFO  server.RaftServerConfigKeys (ConfUtils.java:logGet(43)) - raft.server.log.appender.snapshot.chunk.size.max = 16MB (=16777216) (default)
2019-10-17 20:24:09,974 [de4dd1fb-8e89-4d8f-a94c-eecd5ba9e4a0@group-DC73A42D6088-LeaderElection7] INFO  server.RaftServerConfigKeys (ConfUtils.java:logGet(43)) - raft.server.log.appender.buffer.byte-limit = 33554432 (custom)
2019-10-17 20:24:09,974 [de4dd1fb-8e89-4d8f-a94c-eecd5ba9e4a0@group-DC73A42D6088-LeaderElection7] INFO  server.RaftServerConfigKeys (ConfUtils.java:logGet(43)) - raft.server.log.appender.buffer.element-limit = 1 (custom)
2019-10-17 20:24:09,974 [de4dd1fb-8e89-4d8f-a94c-eecd5ba9e4a0@group-DC73A42D6088-LeaderElection7] INFO  grpc.GrpcConfigKeys$Server (ConfUtils.java:logGet(43)) - raft.grpc.server.leader.outstanding.appends.max = 128 (default)
2019-10-17 20:24:09,974 [de4dd1fb-8e89-4d8f-a94c-eecd5ba9e4a0@group-DC73A42D6088-LeaderElection7] INFO  server.RaftServerConfigKeys (ConfUtils.java:logGet(43)) - raft.server.rpc.request.timeout = 3000ms (default)
2019-10-17 20:24:09,974 [de4dd1fb-8e89-4d8f-a94c-eecd5ba9e4a0@group-DC73A42D6088-LeaderElection7] INFO  server.RaftServerConfigKeys (ConfUtils.java:logGet(43)) - raft.server.log.appender.install.snapshot.enabled = false (custom)
2019-10-17 20:24:09,979 [de4dd1fb-8e89-4d8f-a94c-eecd5ba9e4a0@group-DC73A42D6088-LeaderElection7] INFO  impl.RoleInfo (RoleInfo.java:updateAndGet(143)) - de4dd1fb-8e89-4d8f-a94c-eecd5ba9e4a0: start LeaderState
2019-10-17 20:24:09,980 [de4dd1fb-8e89-4d8f-a94c-eecd5ba9e4a0@group-DC73A42D6088-LeaderElection7] INFO  segmented.SegmentedRaftLogWorker (SegmentedRaftLogWorker.java:startLogSegment(385)) - de4dd1fb-8e89-4d8f-a94c-eecd5ba9e4a0@group-DC73A42D6088-SegmentedRaftLogWorker: Starting segment from index:0
2019-10-17 20:24:09,980 [de4dd1fb-8e89-4d8f-a94c-eecd5ba9e4a0@group-DC73A42D6088-LeaderElection7] INFO  impl.RaftServerImpl (ServerState.java:setRaftConf(357)) - de4dd1fb-8e89-4d8f-a94c-eecd5ba9e4a0@group-DC73A42D6088: set configuration 0: [0e723869-d81b-4250-bf7c-b3eb1c130cc4:192.168.164.201:41994, a20d02fb-e889-4888-8041-7f0d463e97dc:192.168.164.201:39512, de4dd1fb-8e89-4d8f-a94c-eecd5ba9e4a0:192.168.164.201:35026], old=null at 0
2019-10-17 20:24:10,013 [grpc-default-executor-4] INFO  impl.RaftServerImpl (ServerState.java:setLeader(256)) - de4dd1fb-8e89-4d8f-a94c-eecd5ba9e4a0@group-DC73A42D6088: change Leader from de4dd1fb-8e89-4d8f-a94c-eecd5ba9e4a0 to null at term 4 for updateCurrentTerm
2019-10-17 20:24:10,013 [grpc-default-executor-4] INFO  impl.RaftServerImpl (RaftServerImpl.java:setRole(184)) - de4dd1fb-8e89-4d8f-a94c-eecd5ba9e4a0@group-DC73A42D6088: changes role from    LEADER to FOLLOWER at term 4 for recognizeCandidate:a20d02fb-e889-4888-8041-7f0d463e97dc
2019-10-17 20:24:10,014 [grpc-default-executor-4] INFO  impl.RoleInfo (RoleInfo.java:shutdownLeaderState(104)) - de4dd1fb-8e89-4d8f-a94c-eecd5ba9e4a0: shutdown LeaderState
2019-10-17 20:24:10,017 [grpc-default-executor-4] INFO  impl.PendingRequests (PendingRequests.java:sendNotLeaderResponses(202)) - de4dd1fb-8e89-4d8f-a94c-eecd5ba9e4a0@group-DC73A42D6088-PendingRequests: sendNotLeaderResponses
2019-10-17 20:24:10,024 [grpc-default-executor-4] INFO  impl.RoleInfo (RoleInfo.java:updateAndGet(143)) - de4dd1fb-8e89-4d8f-a94c-eecd5ba9e4a0: start FollowerState
2019-10-17 20:24:10,030 [org.apache.ratis.server.impl.LogAppender$AppenderDaemon$$Lambda$420/604105568@6b0bfe97] WARN  server.GrpcLogAppender (GrpcLogAppender.java:mayWait(149)) - de4dd1fb-8e89-4d8f-a94c-eecd5ba9e4a0@group-DC73A42D6088->0e723869-d81b-4250-bf7c-b3eb1c130cc4-GrpcLogAppender: Wait interrupted by java.lang.InterruptedException
2019-10-17 20:24:10,030 [org.apache.ratis.server.impl.LogAppender$AppenderDaemon$$Lambda$420/604105568@68f977c1] WARN  server.GrpcLogAppender (GrpcLogAppender.java:mayWait(149)) - de4dd1fb-8e89-4d8f-a94c-eecd5ba9e4a0@group-DC73A42D6088->a20d02fb-e889-4888-8041-7f0d463e97dc-GrpcLogAppender: Wait interrupted by java.lang.InterruptedException
2019-10-17 20:24:10,037 [grpc-default-executor-0] INFO  server.GrpcServerProtocolService (GrpcServerProtocolService.java:onCompleted(113)) - 0e723869-d81b-4250-bf7c-b3eb1c130cc4: Completed APPEND_ENTRIES, lastRequest: null
2019-10-17 20:24:10,037 [grpc-default-executor-2] INFO  server.GrpcServerProtocolService (GrpcServerProtocolService.java:onCompleted(113)) - a20d02fb-e889-4888-8041-7f0d463e97dc: Completed APPEND_ENTRIES, lastRequest: null
2019-10-17 20:24:10,040 [Thread-262] INFO  impl.FollowerState (FollowerState.java:run(108)) - a20d02fb-e889-4888-8041-7f0d463e97dc@group-DC73A42D6088-FollowerState: change to CANDIDATE, lastRpcTime:131ms, electionTimeout:130ms
2019-10-17 20:24:10,041 [Thread-262] INFO  impl.RoleInfo (RoleInfo.java:shutdownFollowerState(121)) - a20d02fb-e889-4888-8041-7f0d463e97dc: shutdown FollowerState
2019-10-17 20:24:10,041 [grpc-default-executor-0] INFO  server.GrpcLogAppender (GrpcLogAppender.java:onCompleted(308)) - de4dd1fb-8e89-4d8f-a94c-eecd5ba9e4a0@group-DC73A42D6088->a20d02fb-e889-4888-8041-7f0d463e97dc-AppendLogResponseHandler: follower responses appendEntries COMPLETED
2019-10-17 20:24:10,041 [grpc-default-executor-2] INFO  server.GrpcLogAppender (GrpcLogAppender.java:onCompleted(308)) - de4dd1fb-8e89-4d8f-a94c-eecd5ba9e4a0@group-DC73A42D6088->0e723869-d81b-4250-bf7c-b3eb1c130cc4-AppendLogResponseHandler: follower responses appendEntries COMPLETED
2019-10-17 20:24:10,041 [Thread-262] INFO  impl.RaftServerImpl (RaftServerImpl.java:setRole(184)) - a20d02fb-e889-4888-8041-7f0d463e97dc@group-DC73A42D6088: changes role from  FOLLOWER to CANDIDATE at term 4 for changeToCandidate
2019-10-17 20:24:10,042 [Thread-262] INFO  impl.RoleInfo (RoleInfo.java:updateAndGet(143)) - a20d02fb-e889-4888-8041-7f0d463e97dc: start LeaderElection
2019-10-17 20:24:10,045 [grpc-default-executor-0] INFO  impl.FollowerInfo (FollowerInfo.java:lambda$new$0(51)) - de4dd1fb-8e89-4d8f-a94c-eecd5ba9e4a0@group-DC73A42D6088->a20d02fb-e889-4888-8041-7f0d463e97dc: nextIndex: updateUnconditionally 0 -> 0
2019-10-17 20:24:10,045 [grpc-default-executor-2] INFO  impl.FollowerInfo (FollowerInfo.java:lambda$new$0(51)) - de4dd1fb-8e89-4d8f-a94c-eecd5ba9e4a0@group-DC73A42D6088->0e723869-d81b-4250-bf7c-b3eb1c130cc4: nextIndex: updateUnconditionally 0 -> 0
2019-10-17 20:24:10,059 [Thread-267] INFO  impl.FollowerState (FollowerState.java:run(108)) - 0e723869-d81b-4250-bf7c-b3eb1c130cc4@group-DC73A42D6088-FollowerState: change to CANDIDATE, lastRpcTime:88ms, electionTimeout:87ms
2019-10-17 20:24:10,059 [Thread-267] INFO  impl.RoleInfo (RoleInfo.java:shutdownFollowerState(121)) - 0e723869-d81b-4250-bf7c-b3eb1c130cc4: shutdown FollowerState
2019-10-17 20:24:10,059 [Thread-267] INFO  impl.RaftServerImpl (RaftServerImpl.java:setRole(184)) - 0e723869-d81b-4250-bf7c-b3eb1c130cc4@group-DC73A42D6088: changes role from  FOLLOWER to CANDIDATE at term 4 for changeToCandidate
2019-10-17 20:24:10,059 [Thread-267] INFO  impl.RoleInfo (RoleInfo.java:updateAndGet(143)) - 0e723869-d81b-4250-bf7c-b3eb1c130cc4: start LeaderElection
2019-10-17 20:24:10,062 [de4dd1fb-8e89-4d8f-a94c-eecd5ba9e4a0@group-DC73A42D6088-SegmentedRaftLogWorker] INFO  segmented.SegmentedRaftLogWorker (SegmentedRaftLogWorker.java:execute(576)) - de4dd1fb-8e89-4d8f-a94c-eecd5ba9e4a0@group-DC73A42D6088-SegmentedRaftLogWorker: created new log segment /workdir/hadoop-ozone/ozonefs/target/test-dir/MiniOzoneClusterImpl-49a456bf-8bac-41f1-b9b0-8de4948a8c4b/datanode-0/data/ratis/39aa3ee3-e753-42ce-a3f3-dc73a42d6088/current/log_inprogress_0
2019-10-17 20:24:10,079 [0e723869-d81b-4250-bf7c-b3eb1c130cc4@group-DC73A42D6088-LeaderElection11] INFO  impl.LeaderElection (LeaderElection.java:askForVotes(178)) - 0e723869-d81b-4250-bf7c-b3eb1c130cc4@group-DC73A42D6088-LeaderElection11: begin an election at term 5 for -1: [0e723869-d81b-4250-bf7c-b3eb1c130cc4:192.168.164.201:41994, a20d02fb-e889-4888-8041-7f0d463e97dc:192.168.164.201:39512, de4dd1fb-8e89-4d8f-a94c-eecd5ba9e4a0:192.168.164.201:35026], old=null
2019-10-17 20:24:10,080 [a20d02fb-e889-4888-8041-7f0d463e97dc@group-DC73A42D6088-LeaderElection10] INFO  impl.LeaderElection (LeaderElection.java:askForVotes(178)) - a20d02fb-e889-4888-8041-7f0d463e97dc@group-DC73A42D6088-LeaderElection10: begin an election at term 5 for -1: [0e723869-d81b-4250-bf7c-b3eb1c130cc4:192.168.164.201:41994, a20d02fb-e889-4888-8041-7f0d463e97dc:192.168.164.201:39512, de4dd1fb-8e89-4d8f-a94c-eecd5ba9e4a0:192.168.164.201:35026], old=null
2019-10-17 20:24:10,088 [grpc-default-executor-2] INFO  impl.RaftServerImpl (RaftServerImpl.java:setRole(184)) - de4dd1fb-8e89-4d8f-a94c-eecd5ba9e4a0@group-DC73A42D6088: changes role from  FOLLOWER to FOLLOWER at term 5 for recognizeCandidate:a20d02fb-e889-4888-8041-7f0d463e97dc
2019-10-17 20:24:10,089 [grpc-default-executor-2] INFO  impl.RoleInfo (RoleInfo.java:shutdownFollowerState(121)) - de4dd1fb-8e89-4d8f-a94c-eecd5ba9e4a0: shutdown FollowerState
2019-10-17 20:24:10,089 [Thread-269] INFO  impl.FollowerState (FollowerState.java:run(117)) - de4dd1fb-8e89-4d8f-a94c-eecd5ba9e4a0@group-DC73A42D6088-FollowerState was interrupted: java.lang.InterruptedException: sleep interrupted
2019-10-17 20:24:10,089 [grpc-default-executor-2] INFO  impl.RoleInfo (RoleInfo.java:updateAndGet(143)) - de4dd1fb-8e89-4d8f-a94c-eecd5ba9e4a0: start FollowerState
2019-10-17 20:24:10,108 [JUnit] INFO  ozone.MiniOzoneClusterImpl (MiniOzoneClusterImpl.java:lambda$waitForClusterToBeReady$2(164)) - Waiting for 1 number of pipelines out of 6, to report a leader.
2019-10-17 20:24:10,113 [grpc-default-executor-0] INFO  impl.RaftServerImpl (RaftServerImpl.java:setRole(184)) - de4dd1fb-8e89-4d8f-a94c-eecd5ba9e4a0@group-DC73A42D6088: changes role from  FOLLOWER to FOLLOWER at term 5 for recognizeCandidate:0e723869-d81b-4250-bf7c-b3eb1c130cc4
2019-10-17 20:24:10,114 [grpc-default-executor-0] INFO  impl.RoleInfo (RoleInfo.java:shutdownFollowerState(121)) - de4dd1fb-8e89-4d8f-a94c-eecd5ba9e4a0: shutdown FollowerState
2019-10-17 20:24:10,114 [Thread-276] INFO  impl.FollowerState (FollowerState.java:run(117)) - de4dd1fb-8e89-4d8f-a94c-eecd5ba9e4a0@group-DC73A42D6088-FollowerState was interrupted: java.lang.InterruptedException: sleep interrupted
2019-10-17 20:24:10,114 [grpc-default-executor-0] INFO  impl.RoleInfo (RoleInfo.java:updateAndGet(143)) - de4dd1fb-8e89-4d8f-a94c-eecd5ba9e4a0: start FollowerState
2019-10-17 20:24:10,117 [a20d02fb-e889-4888-8041-7f0d463e97dc@group-DC73A42D6088-LeaderElection10] INFO  impl.LeaderElection (LeaderElection.java:logAndReturn(56)) - a20d02fb-e889-4888-8041-7f0d463e97dc@group-DC73A42D6088-LeaderElection10: Election REJECTED; received 2 response(s) [a20d02fb-e889-4888-8041-7f0d463e97dc<-0e723869-d81b-4250-bf7c-b3eb1c130cc4#0:FAIL-t5, a20d02fb-e889-4888-8041-7f0d463e97dc<-de4dd1fb-8e89-4d8f-a94c-eecd5ba9e4a0#0:FAIL-t5] and 0 exception(s); a20d02fb-e889-4888-8041-7f0d463e97dc@group-DC73A42D6088:t5, leader=null, voted=a20d02fb-e889-4888-8041-7f0d463e97dc, raftlog=a20d02fb-e889-4888-8041-7f0d463e97dc@group-DC73A42D6088-SegmentedRaftLog:OPENED:c-1,f-1,i0, conf=-1: [0e723869-d81b-4250-bf7c-b3eb1c130cc4:192.168.164.201:41994, a20d02fb-e889-4888-8041-7f0d463e97dc:192.168.164.201:39512, de4dd1fb-8e89-4d8f-a94c-eecd5ba9e4a0:192.168.164.201:35026], old=null
2019-10-17 20:24:10,117 [0e723869-d81b-4250-bf7c-b3eb1c130cc4@group-DC73A42D6088-LeaderElection11] INFO  impl.LeaderElection (LeaderElection.java:logAndReturn(56)) - 0e723869-d81b-4250-bf7c-b3eb1c130cc4@group-DC73A42D6088-LeaderElection11: Election REJECTED; received 2 response(s) [0e723869-d81b-4250-bf7c-b3eb1c130cc4<-a20d02fb-e889-4888-8041-7f0d463e97dc#0:FAIL-t5, 0e723869-d81b-4250-bf7c-b3eb1c130cc4<-de4dd1fb-8e89-4d8f-a94c-eecd5ba9e4a0#0:FAIL-t5] and 0 exception(s); 0e723869-d81b-4250-bf7c-b3eb1c130cc4@group-DC73A42D6088:t5, leader=null, voted=0e723869-d81b-4250-bf7c-b3eb1c130cc4, raftlog=0e723869-d81b-4250-bf7c-b3eb1c130cc4@group-DC73A42D6088-SegmentedRaftLog:OPENED:c-1,f-1,i0, conf=-1: [0e723869-d81b-4250-bf7c-b3eb1c130cc4:192.168.164.201:41994, a20d02fb-e889-4888-8041-7f0d463e97dc:192.168.164.201:39512, de4dd1fb-8e89-4d8f-a94c-eecd5ba9e4a0:192.168.164.201:35026], old=null
2019-10-17 20:24:10,117 [a20d02fb-e889-4888-8041-7f0d463e97dc@group-DC73A42D6088-LeaderElection10] INFO  impl.RaftServerImpl (RaftServerImpl.java:setRole(184)) - a20d02fb-e889-4888-8041-7f0d463e97dc@group-DC73A42D6088: changes role from CANDIDATE to FOLLOWER at term 5 for DISCOVERED_A_NEW_TERM
2019-10-17 20:24:10,119 [a20d02fb-e889-4888-8041-7f0d463e97dc@group-DC73A42D6088-LeaderElection10] INFO  impl.RoleInfo (RoleInfo.java:shutdownLeaderElection(134)) - a20d02fb-e889-4888-8041-7f0d463e97dc: shutdown LeaderElection
2019-10-17 20:24:10,120 [0e723869-d81b-4250-bf7c-b3eb1c130cc4@group-DC73A42D6088-LeaderElection11] INFO  impl.RaftServerImpl (RaftServerImpl.java:setRole(184)) - 0e723869-d81b-4250-bf7c-b3eb1c130cc4@group-DC73A42D6088: changes role from CANDIDATE to FOLLOWER at term 5 for DISCOVERED_A_NEW_TERM
2019-10-17 20:24:10,122 [a20d02fb-e889-4888-8041-7f0d463e97dc@group-DC73A42D6088-LeaderElection10] INFO  impl.RoleInfo (RoleInfo.java:updateAndGet(143)) - a20d02fb-e889-4888-8041-7f0d463e97dc: start FollowerState
2019-10-17 20:24:10,122 [0e723869-d81b-4250-bf7c-b3eb1c130cc4@group-DC73A42D6088-LeaderElection11] INFO  impl.RoleInfo (RoleInfo.java:shutdownLeaderElection(134)) - 0e723869-d81b-4250-bf7c-b3eb1c130cc4: shutdown LeaderElection
2019-10-17 20:24:10,123 [0e723869-d81b-4250-bf7c-b3eb1c130cc4@group-DC73A42D6088-LeaderElection11] INFO  impl.RoleInfo (RoleInfo.java:updateAndGet(143)) - 0e723869-d81b-4250-bf7c-b3eb1c130cc4: start FollowerState
2019-10-17 20:24:10,151 [Thread-278] INFO  impl.FollowerState (FollowerState.java:run(108)) - a20d02fb-e889-4888-8041-7f0d463e97dc@group-DC73A42D6088-FollowerState: change to CANDIDATE, lastRpcTime:29ms, electionTimeout:28ms
2019-10-17 20:24:10,152 [Thread-278] INFO  impl.RoleInfo (RoleInfo.java:shutdownFollowerState(121)) - a20d02fb-e889-4888-8041-7f0d463e97dc: shutdown FollowerState
2019-10-17 20:24:10,152 [Thread-278] INFO  impl.RaftServerImpl (RaftServerImpl.java:setRole(184)) - a20d02fb-e889-4888-8041-7f0d463e97dc@group-DC73A42D6088: changes role from  FOLLOWER to CANDIDATE at term 5 for changeToCandidate
2019-10-17 20:24:10,152 [Thread-278] INFO  impl.RoleInfo (RoleInfo.java:updateAndGet(143)) - a20d02fb-e889-4888-8041-7f0d463e97dc: start LeaderElection
2019-10-17 20:24:10,180 [a20d02fb-e889-4888-8041-7f0d463e97dc@group-DC73A42D6088-LeaderElection12] INFO  impl.LeaderElection (LeaderElection.java:askForVotes(178)) - a20d02fb-e889-4888-8041-7f0d463e97dc@group-DC73A42D6088-LeaderElection12: begin an election at term 6 for -1: [0e723869-d81b-4250-bf7c-b3eb1c130cc4:192.168.164.201:41994, a20d02fb-e889-4888-8041-7f0d463e97dc:192.168.164.201:39512, de4dd1fb-8e89-4d8f-a94c-eecd5ba9e4a0:192.168.164.201:35026], old=null
2019-10-17 20:24:10,189 [grpc-default-executor-2] INFO  impl.RaftServerImpl (RaftServerImpl.java:setRole(184)) - de4dd1fb-8e89-4d8f-a94c-eecd5ba9e4a0@group-DC73A42D6088: changes role from  FOLLOWER to FOLLOWER at term 6 for recognizeCandidate:a20d02fb-e889-4888-8041-7f0d463e97dc
2019-10-17 20:24:10,189 [grpc-default-executor-0] INFO  impl.RaftServerImpl (RaftServerImpl.java:setRole(184)) - 0e723869-d81b-4250-bf7c-b3eb1c130cc4@group-DC73A42D6088: changes role from  FOLLOWER to FOLLOWER at term 6 for recognizeCandidate:a20d02fb-e889-4888-8041-7f0d463e97dc
2019-10-17 20:24:10,190 [grpc-default-executor-0] INFO  impl.RoleInfo (RoleInfo.java:shutdownFollowerState(121)) - 0e723869-d81b-4250-bf7c-b3eb1c130cc4: shutdown FollowerState
2019-10-17 20:24:10,189 [grpc-default-executor-2] INFO  impl.RoleInfo (RoleInfo.java:shutdownFollowerState(121)) - de4dd1fb-8e89-4d8f-a94c-eecd5ba9e4a0: shutdown FollowerState
2019-10-17 20:24:10,190 [grpc-default-executor-0] INFO  impl.RoleInfo (RoleInfo.java:updateAndGet(143)) - 0e723869-d81b-4250-bf7c-b3eb1c130cc4: start FollowerState
2019-10-17 20:24:10,190 [Thread-279] INFO  impl.FollowerState (FollowerState.java:run(117)) - 0e723869-d81b-4250-bf7c-b3eb1c130cc4@group-DC73A42D6088-FollowerState was interrupted: java.lang.InterruptedException: sleep interrupted
2019-10-17 20:24:10,190 [grpc-default-executor-2] INFO  impl.RoleInfo (RoleInfo.java:updateAndGet(143)) - de4dd1fb-8e89-4d8f-a94c-eecd5ba9e4a0: start FollowerState
2019-10-17 20:24:10,190 [Thread-277] INFO  impl.FollowerState (FollowerState.java:run(117)) - de4dd1fb-8e89-4d8f-a94c-eecd5ba9e4a0@group-DC73A42D6088-FollowerState was interrupted: java.lang.InterruptedException: sleep interrupted
2019-10-17 20:24:10,225 [a20d02fb-e889-4888-8041-7f0d463e97dc@group-DC73A42D6088-LeaderElection12] INFO  impl.LeaderElection (LeaderElection.java:logAndReturn(56)) - a20d02fb-e889-4888-8041-7f0d463e97dc@group-DC73A42D6088-LeaderElection12: Election PASSED; received 1 response(s) [a20d02fb-e889-4888-8041-7f0d463e97dc<-0e723869-d81b-4250-bf7c-b3eb1c130cc4#0:OK-t6] and 0 exception(s); a20d02fb-e889-4888-8041-7f0d463e97dc@group-DC73A42D6088:t6, leader=null, voted=a20d02fb-e889-4888-8041-7f0d463e97dc, raftlog=a20d02fb-e889-4888-8041-7f0d463e97dc@group-DC73A42D6088-SegmentedRaftLog:OPENED:c-1,f-1,i0, conf=-1: [0e723869-d81b-4250-bf7c-b3eb1c130cc4:192.168.164.201:41994, a20d02fb-e889-4888-8041-7f0d463e97dc:192.168.164.201:39512, de4dd1fb-8e89-4d8f-a94c-eecd5ba9e4a0:192.168.164.201:35026], old=null
2019-10-17 20:24:10,225 [a20d02fb-e889-4888-8041-7f0d463e97dc@group-DC73A42D6088-LeaderElection12] INFO  impl.RoleInfo (RoleInfo.java:shutdownLeaderElection(134)) - a20d02fb-e889-4888-8041-7f0d463e97dc: shutdown LeaderElection
2019-10-17 20:24:10,228 [a20d02fb-e889-4888-8041-7f0d463e97dc@group-DC73A42D6088-LeaderElection12] INFO  impl.RaftServerImpl (RaftServerImpl.java:setRole(184)) - a20d02fb-e889-4888-8041-7f0d463e97dc@group-DC73A42D6088: changes role from CANDIDATE to LEADER at term 6 for changeToLeader
2019-10-17 20:24:10,229 [a20d02fb-e889-4888-8041-7f0d463e97dc@group-DC73A42D6088-LeaderElection12] INFO  ratis.XceiverServerRatis (XceiverServerRatis.java:handleLeaderChangedNotification(700)) - Leader change notification received for group: group-DC73A42D6088 with new leaderId: a20d02fb-e889-4888-8041-7f0d463e97dc
2019-10-17 20:24:10,229 [a20d02fb-e889-4888-8041-7f0d463e97dc@group-DC73A42D6088-LeaderElection12] INFO  impl.RaftServerImpl (ServerState.java:setLeader(256)) - a20d02fb-e889-4888-8041-7f0d463e97dc@group-DC73A42D6088: change Leader from null to a20d02fb-e889-4888-8041-7f0d463e97dc at term 6 for becomeLeader, leader elected after 639ms
2019-10-17 20:24:10,229 [a20d02fb-e889-4888-8041-7f0d463e97dc@group-DC73A42D6088-LeaderElection12] INFO  server.RaftServerConfigKeys (ConfUtils.java:logGet(43)) - raft.server.staging.catchup.gap = 1000 (default)
2019-10-17 20:24:10,229 [a20d02fb-e889-4888-8041-7f0d463e97dc@group-DC73A42D6088-LeaderElection12] INFO  server.RaftServerConfigKeys (ConfUtils.java:logGet(43)) - raft.server.rpc.sleep.time = 25ms (default)
2019-10-17 20:24:10,229 [a20d02fb-e889-4888-8041-7f0d463e97dc@group-DC73A42D6088-LeaderElection12] INFO  server.RaftServerConfigKeys (ConfUtils.java:logGet(43)) - raft.server.write.element-limit = 4096 (default)
2019-10-17 20:24:10,230 [a20d02fb-e889-4888-8041-7f0d463e97dc@group-DC73A42D6088-LeaderElection12] INFO  server.RaftServerConfigKeys (ConfUtils.java:logGet(43)) - raft.server.watch.timeout = 10s (default)
2019-10-17 20:24:10,230 [a20d02fb-e889-4888-8041-7f0d463e97dc@group-DC73A42D6088-LeaderElection12] INFO  server.RaftServerConfigKeys (ConfUtils.java:logGet(43)) - raft.server.watch.timeout.denomination = 1s (default)
2019-10-17 20:24:10,231 [a20d02fb-e889-4888-8041-7f0d463e97dc@group-DC73A42D6088-LeaderElection12] INFO  server.RaftServerConfigKeys (ConfUtils.java:logGet(43)) - raft.server.watch.element-limit = 65536 (default)
2019-10-17 20:24:10,231 [EventQueue-PipelineReportForPipelineReportHandler] INFO  pipeline.PipelineReportHandler (PipelineReportHandler.java:processPipelineReport(119)) - Pipeline PipelineID=39aa3ee3-e753-42ce-a3f3-dc73a42d6088 reported by a20d02fb-e889-4888-8041-7f0d463e97dc{ip: 192.168.164.201, host: pr-hdds-1868-s6sc9-3720172378, networkLocation: /default-rack, certSerialId: null} with leaderId a20d02fb-e889-4888-8041-7f0d463e97dc
2019-10-17 20:24:10,234 [a20d02fb-e889-4888-8041-7f0d463e97dc@group-DC73A42D6088-LeaderElection12] INFO  server.RaftServerConfigKeys (ConfUtils.java:logGet(43)) - raft.server.log.appender.snapshot.chunk.size.max = 16MB (=16777216) (default)
2019-10-17 20:24:10,234 [a20d02fb-e889-4888-8041-7f0d463e97dc@group-DC73A42D6088-LeaderElection12] INFO  server.RaftServerConfigKeys (ConfUtils.java:logGet(43)) - raft.server.log.appender.buffer.byte-limit = 33554432 (custom)
2019-10-17 20:24:10,234 [a20d02fb-e889-4888-8041-7f0d463e97dc@group-DC73A42D6088-LeaderElection12] INFO  server.RaftServerConfigKeys (ConfUtils.java:logGet(43)) - raft.server.log.appender.buffer.element-limit = 1 (custom)
2019-10-17 20:24:10,235 [a20d02fb-e889-4888-8041-7f0d463e97dc@group-DC73A42D6088-LeaderElection12] INFO  grpc.GrpcConfigKeys$Server (ConfUtils.java:logGet(43)) - raft.grpc.server.leader.outstanding.appends.max = 128 (default)
2019-10-17 20:24:10,235 [a20d02fb-e889-4888-8041-7f0d463e97dc@group-DC73A42D6088-LeaderElection12] INFO  server.RaftServerConfigKeys (ConfUtils.java:logGet(43)) - raft.server.rpc.request.timeout = 3000ms (default)
2019-10-17 20:24:10,236 [a20d02fb-e889-4888-8041-7f0d463e97dc@group-DC73A42D6088-LeaderElection12] INFO  server.RaftServerConfigKeys (ConfUtils.java:logGet(43)) - raft.server.log.appender.install.snapshot.enabled = false (custom)
2019-10-17 20:24:10,238 [a20d02fb-e889-4888-8041-7f0d463e97dc@group-DC73A42D6088-LeaderElection12] INFO  server.RaftServerConfigKeys (ConfUtils.java:logGet(43)) - raft.server.log.appender.snapshot.chunk.size.max = 16MB (=16777216) (default)
2019-10-17 20:24:10,238 [a20d02fb-e889-4888-8041-7f0d463e97dc@group-DC73A42D6088-LeaderElection12] INFO  server.RaftServerConfigKeys (ConfUtils.java:logGet(43)) - raft.server.log.appender.buffer.byte-limit = 33554432 (custom)
2019-10-17 20:24:10,238 [a20d02fb-e889-4888-8041-7f0d463e97dc@group-DC73A42D6088-LeaderElection12] INFO  server.RaftServerConfigKeys (ConfUtils.java:logGet(43)) - raft.server.log.appender.buffer.element-limit = 1 (custom)
2019-10-17 20:24:10,238 [a20d02fb-e889-4888-8041-7f0d463e97dc@group-DC73A42D6088-LeaderElection12] INFO  grpc.GrpcConfigKeys$Server (ConfUtils.java:logGet(43)) - raft.grpc.server.leader.outstanding.appends.max = 128 (default)
2019-10-17 20:24:10,238 [a20d02fb-e889-4888-8041-7f0d463e97dc@group-DC73A42D6088-LeaderElection12] INFO  server.RaftServerConfigKeys (ConfUtils.java:logGet(43)) - raft.server.rpc.request.timeout = 3000ms (default)
2019-10-17 20:24:10,239 [a20d02fb-e889-4888-8041-7f0d463e97dc@group-DC73A42D6088-LeaderElection12] INFO  server.RaftServerConfigKeys (ConfUtils.java:logGet(43)) - raft.server.log.appender.install.snapshot.enabled = false (custom)
2019-10-17 20:24:10,241 [a20d02fb-e889-4888-8041-7f0d463e97dc@group-DC73A42D6088-LeaderElection12] INFO  impl.RoleInfo (RoleInfo.java:updateAndGet(143)) - a20d02fb-e889-4888-8041-7f0d463e97dc: start LeaderState
2019-10-17 20:24:10,241 [a20d02fb-e889-4888-8041-7f0d463e97dc@group-DC73A42D6088-LeaderElection12] INFO  segmented.SegmentedRaftLogWorker (SegmentedRaftLogWorker.java:startLogSegment(385)) - a20d02fb-e889-4888-8041-7f0d463e97dc@group-DC73A42D6088-SegmentedRaftLogWorker: Starting segment from index:0
2019-10-17 20:24:10,242 [a20d02fb-e889-4888-8041-7f0d463e97dc@group-DC73A42D6088-LeaderElection12] INFO  impl.RaftServerImpl (ServerState.java:setRaftConf(357)) - a20d02fb-e889-4888-8041-7f0d463e97dc@group-DC73A42D6088: set configuration 0: [0e723869-d81b-4250-bf7c-b3eb1c130cc4:192.168.164.201:41994, a20d02fb-e889-4888-8041-7f0d463e97dc:192.168.164.201:39512, de4dd1fb-8e89-4d8f-a94c-eecd5ba9e4a0:192.168.164.201:35026], old=null at 0
2019-10-17 20:24:10,275 [Thread-283] INFO  impl.FollowerState (FollowerState.java:run(108)) - 0e723869-d81b-4250-bf7c-b3eb1c130cc4@group-DC73A42D6088-FollowerState: change to CANDIDATE, lastRpcTime:84ms, electionTimeout:73ms
2019-10-17 20:24:10,275 [Thread-283] INFO  impl.RoleInfo (RoleInfo.java:shutdownFollowerState(121)) - 0e723869-d81b-4250-bf7c-b3eb1c130cc4: shutdown FollowerState
2019-10-17 20:24:10,275 [Thread-283] INFO  impl.RaftServerImpl (RaftServerImpl.java:setRole(184)) - 0e723869-d81b-4250-bf7c-b3eb1c130cc4@group-DC73A42D6088: changes role from  FOLLOWER to CANDIDATE at term 6 for changeToCandidate
2019-10-17 20:24:10,275 [Thread-283] INFO  impl.RoleInfo (RoleInfo.java:updateAndGet(143)) - 0e723869-d81b-4250-bf7c-b3eb1c130cc4: start LeaderElection
2019-10-17 20:24:10,286 [grpc-default-executor-0] INFO  ratis.XceiverServerRatis (XceiverServerRatis.java:handleLeaderChangedNotification(700)) - Leader change notification received for group: group-DC73A42D6088 with new leaderId: a20d02fb-e889-4888-8041-7f0d463e97dc
2019-10-17 20:24:10,286 [grpc-default-executor-0] INFO  impl.RaftServerImpl (ServerState.java:setLeader(256)) - de4dd1fb-8e89-4d8f-a94c-eecd5ba9e4a0@group-DC73A42D6088: change Leader from null to a20d02fb-e889-4888-8041-7f0d463e97dc at term 6 for appendEntries, leader elected after 273ms
2019-10-17 20:24:10,289 [EventQueue-PipelineReportForPipelineReportHandler] INFO  pipeline.PipelineReportHandler (PipelineReportHandler.java:processPipelineReport(119)) - Pipeline PipelineID=39aa3ee3-e753-42ce-a3f3-dc73a42d6088 reported by de4dd1fb-8e89-4d8f-a94c-eecd5ba9e4a0{ip: 192.168.164.201, host: pr-hdds-1868-s6sc9-3720172378, networkLocation: /default-rack, certSerialId: null} with leaderId a20d02fb-e889-4888-8041-7f0d463e97dc
2019-10-17 20:24:10,297 [a20d02fb-e889-4888-8041-7f0d463e97dc@group-DC73A42D6088-SegmentedRaftLogWorker] INFO  segmented.SegmentedRaftLogWorker (SegmentedRaftLogWorker.java:execute(576)) - a20d02fb-e889-4888-8041-7f0d463e97dc@group-DC73A42D6088-SegmentedRaftLogWorker: created new log segment /workdir/hadoop-ozone/ozonefs/target/test-dir/MiniOzoneClusterImpl-49a456bf-8bac-41f1-b9b0-8de4948a8c4b/datanode-4/data/ratis/39aa3ee3-e753-42ce-a3f3-dc73a42d6088/current/log_inprogress_0
2019-10-17 20:24:10,298 [0e723869-d81b-4250-bf7c-b3eb1c130cc4@group-DC73A42D6088-LeaderElection13] INFO  impl.LeaderElection (LeaderElection.java:askForVotes(178)) - 0e723869-d81b-4250-bf7c-b3eb1c130cc4@group-DC73A42D6088-LeaderElection13: begin an election at term 7 for -1: [0e723869-d81b-4250-bf7c-b3eb1c130cc4:192.168.164.201:41994, a20d02fb-e889-4888-8041-7f0d463e97dc:192.168.164.201:39512, de4dd1fb-8e89-4d8f-a94c-eecd5ba9e4a0:192.168.164.201:35026], old=null
2019-10-17 20:24:10,306 [grpc-default-executor-4] INFO  impl.RaftServerImpl (ServerState.java:setLeader(256)) - a20d02fb-e889-4888-8041-7f0d463e97dc@group-DC73A42D6088: change Leader from a20d02fb-e889-4888-8041-7f0d463e97dc to null at term 7 for updateCurrentTerm
2019-10-17 20:24:10,307 [grpc-default-executor-4] INFO  impl.RaftServerImpl (RaftServerImpl.java:setRole(184)) - a20d02fb-e889-4888-8041-7f0d463e97dc@group-DC73A42D6088: changes role from    LEADER to FOLLOWER at term 7 for recognizeCandidate:0e723869-d81b-4250-bf7c-b3eb1c130cc4
2019-10-17 20:24:10,307 [grpc-default-executor-4] INFO  impl.RoleInfo (RoleInfo.java:shutdownLeaderState(104)) - a20d02fb-e889-4888-8041-7f0d463e97dc: shutdown LeaderState
2019-10-17 20:24:10,309 [org.apache.ratis.server.impl.LogAppender$AppenderDaemon$$Lambda$420/604105568@3e51f541] WARN  server.GrpcLogAppender (GrpcLogAppender.java:mayWait(149)) - a20d02fb-e889-4888-8041-7f0d463e97dc@group-DC73A42D6088->de4dd1fb-8e89-4d8f-a94c-eecd5ba9e4a0-GrpcLogAppender: Wait interrupted by java.lang.InterruptedException
2019-10-17 20:24:10,309 [grpc-default-executor-3] INFO  impl.RaftServerImpl (ServerState.java:setLeader(256)) - de4dd1fb-8e89-4d8f-a94c-eecd5ba9e4a0@group-DC73A42D6088: change Leader from a20d02fb-e889-4888-8041-7f0d463e97dc to null at term 7 for updateCurrentTerm
2019-10-17 20:24:10,309 [org.apache.ratis.server.impl.LogAppender$AppenderDaemon$$Lambda$420/604105568@f94994c] WARN  server.GrpcLogAppender (GrpcLogAppender.java:mayWait(149)) - a20d02fb-e889-4888-8041-7f0d463e97dc@group-DC73A42D6088->0e723869-d81b-4250-bf7c-b3eb1c130cc4-GrpcLogAppender: Wait interrupted by java.lang.InterruptedException
2019-10-17 20:24:10,309 [grpc-default-executor-4] INFO  impl.PendingRequests (PendingRequests.java:sendNotLeaderResponses(202)) - a20d02fb-e889-4888-8041-7f0d463e97dc@group-DC73A42D6088-PendingRequests: sendNotLeaderResponses
2019-10-17 20:24:10,310 [grpc-default-executor-3] INFO  impl.RaftServerImpl (RaftServerImpl.java:setRole(184)) - de4dd1fb-8e89-4d8f-a94c-eecd5ba9e4a0@group-DC73A42D6088: changes role from  FOLLOWER to FOLLOWER at term 7 for recognizeCandidate:0e723869-d81b-4250-bf7c-b3eb1c130cc4
2019-10-17 20:24:10,311 [grpc-default-executor-1] INFO  server.GrpcServerProtocolService (GrpcServerProtocolService.java:onCompleted(113)) - de4dd1fb-8e89-4d8f-a94c-eecd5ba9e4a0: Completed APPEND_ENTRIES, lastRequest: a20d02fb-e889-4888-8041-7f0d463e97dc->de4dd1fb-8e89-4d8f-a94c-eecd5ba9e4a0#0-t6, previous=(t:0, i:0), leaderCommit=-1, initializing? false, entries: <empty>
2019-10-17 20:24:10,311 [grpc-default-executor-3] INFO  impl.RoleInfo (RoleInfo.java:shutdownFollowerState(121)) - de4dd1fb-8e89-4d8f-a94c-eecd5ba9e4a0: shutdown FollowerState
2019-10-17 20:24:10,311 [grpc-default-executor-4] INFO  impl.RoleInfo (RoleInfo.java:updateAndGet(143)) - a20d02fb-e889-4888-8041-7f0d463e97dc: start FollowerState
2019-10-17 20:24:10,311 [grpc-default-executor-3] INFO  impl.RoleInfo (RoleInfo.java:updateAndGet(143)) - de4dd1fb-8e89-4d8f-a94c-eecd5ba9e4a0: start FollowerState
2019-10-17 20:24:10,311 [Thread-284] INFO  impl.FollowerState (FollowerState.java:run(117)) - de4dd1fb-8e89-4d8f-a94c-eecd5ba9e4a0@group-DC73A42D6088-FollowerState was interrupted: java.lang.InterruptedException: sleep interrupted
2019-10-17 20:24:10,311 [grpc-default-executor-1] INFO  server.GrpcServerProtocolService (GrpcServerProtocolService.java:onCompleted(113)) - 0e723869-d81b-4250-bf7c-b3eb1c130cc4: Completed APPEND_ENTRIES, lastRequest: a20d02fb-e889-4888-8041-7f0d463e97dc->0e723869-d81b-4250-bf7c-b3eb1c130cc4#0-t6, previous=(t:0, i:0), leaderCommit=-1, initializing? false, entries: <empty>
2019-10-17 20:24:10,316 [grpc-default-executor-2] INFO  server.GrpcLogAppender (GrpcLogAppender.java:onCompleted(308)) - a20d02fb-e889-4888-8041-7f0d463e97dc@group-DC73A42D6088->de4dd1fb-8e89-4d8f-a94c-eecd5ba9e4a0-AppendLogResponseHandler: follower responses appendEntries COMPLETED
2019-10-17 20:24:10,317 [grpc-default-executor-2] INFO  impl.FollowerInfo (FollowerInfo.java:lambda$new$0(51)) - a20d02fb-e889-4888-8041-7f0d463e97dc@group-DC73A42D6088->de4dd1fb-8e89-4d8f-a94c-eecd5ba9e4a0: nextIndex: updateUnconditionally 0 -> 0
2019-10-17 20:24:10,319 [0e723869-d81b-4250-bf7c-b3eb1c130cc4@group-DC73A42D6088-LeaderElection13] INFO  impl.LeaderElection (LeaderElection.java:logAndReturn(56)) - 0e723869-d81b-4250-bf7c-b3eb1c130cc4@group-DC73A42D6088-LeaderElection13: Election TIMEOUT; received 0 response(s) [] and 0 exception(s); 0e723869-d81b-4250-bf7c-b3eb1c130cc4@group-DC73A42D6088:t7, leader=null, voted=0e723869-d81b-4250-bf7c-b3eb1c130cc4, raftlog=0e723869-d81b-4250-bf7c-b3eb1c130cc4@group-DC73A42D6088-SegmentedRaftLog:OPENED:c-1,f-1,i0, conf=-1: [0e723869-d81b-4250-bf7c-b3eb1c130cc4:192.168.164.201:41994, a20d02fb-e889-4888-8041-7f0d463e97dc:192.168.164.201:39512, de4dd1fb-8e89-4d8f-a94c-eecd5ba9e4a0:192.168.164.201:35026], old=null
2019-10-17 20:24:10,340 [0e723869-d81b-4250-bf7c-b3eb1c130cc4@group-DC73A42D6088-LeaderElection13] INFO  impl.LeaderElection (LeaderElection.java:askForVotes(178)) - 0e723869-d81b-4250-bf7c-b3eb1c130cc4@group-DC73A42D6088-LeaderElection13: begin an election at term 8 for -1: [0e723869-d81b-4250-bf7c-b3eb1c130cc4:192.168.164.201:41994, a20d02fb-e889-4888-8041-7f0d463e97dc:192.168.164.201:39512, de4dd1fb-8e89-4d8f-a94c-eecd5ba9e4a0:192.168.164.201:35026], old=null
2019-10-17 20:24:10,340 [grpc-default-executor-0] INFO  server.GrpcLogAppender (GrpcLogAppender.java:onCompleted(308)) - a20d02fb-e889-4888-8041-7f0d463e97dc@group-DC73A42D6088->0e723869-d81b-4250-bf7c-b3eb1c130cc4-AppendLogResponseHandler: follower responses appendEntries COMPLETED
2019-10-17 20:24:10,345 [grpc-default-executor-0] INFO  impl.FollowerInfo (FollowerInfo.java:lambda$new$0(51)) - a20d02fb-e889-4888-8041-7f0d463e97dc@group-DC73A42D6088->0e723869-d81b-4250-bf7c-b3eb1c130cc4: nextIndex: updateUnconditionally 0 -> 0
2019-10-17 20:24:10,350 [grpc-default-executor-0] INFO  impl.RaftServerImpl (RaftServerImpl.java:setRole(184)) - a20d02fb-e889-4888-8041-7f0d463e97dc@group-DC73A42D6088: changes role from  FOLLOWER to FOLLOWER at term 8 for recognizeCandidate:0e723869-d81b-4250-bf7c-b3eb1c130cc4
2019-10-17 20:24:10,350 [grpc-default-executor-0] INFO  impl.RoleInfo (RoleInfo.java:shutdownFollowerState(121)) - a20d02fb-e889-4888-8041-7f0d463e97dc: shutdown FollowerState
2019-10-17 20:24:10,350 [Thread-294] INFO  impl.FollowerState (FollowerState.java:run(117)) - a20d02fb-e889-4888-8041-7f0d463e97dc@group-DC73A42D6088-FollowerState was interrupted: java.lang.InterruptedException: sleep interrupted
2019-10-17 20:24:10,350 [grpc-default-executor-0] INFO  impl.RoleInfo (RoleInfo.java:updateAndGet(143)) - a20d02fb-e889-4888-8041-7f0d463e97dc: start FollowerState
2019-10-17 20:24:10,353 [grpc-default-executor-3] INFO  impl.RaftServerImpl (RaftServerImpl.java:setRole(184)) - de4dd1fb-8e89-4d8f-a94c-eecd5ba9e4a0@group-DC73A42D6088: changes role from  FOLLOWER to FOLLOWER at term 8 for recognizeCandidate:0e723869-d81b-4250-bf7c-b3eb1c130cc4
2019-10-17 20:24:10,353 [grpc-default-executor-3] INFO  impl.RoleInfo (RoleInfo.java:shutdownFollowerState(121)) - de4dd1fb-8e89-4d8f-a94c-eecd5ba9e4a0: shutdown FollowerState
2019-10-17 20:24:10,354 [grpc-default-executor-3] INFO  impl.RoleInfo (RoleInfo.java:updateAndGet(143)) - de4dd1fb-8e89-4d8f-a94c-eecd5ba9e4a0: start FollowerState
2019-10-17 20:24:10,354 [Thread-295] INFO  impl.FollowerState (FollowerState.java:run(117)) - de4dd1fb-8e89-4d8f-a94c-eecd5ba9e4a0@group-DC73A42D6088-FollowerState was interrupted: java.lang.InterruptedException: sleep interrupted
2019-10-17 20:24:10,376 [0e723869-d81b-4250-bf7c-b3eb1c130cc4@group-DC73A42D6088-LeaderElection13] INFO  impl.LeaderElection (LeaderElection.java:logAndReturn(56)) - 0e723869-d81b-4250-bf7c-b3eb1c130cc4@group-DC73A42D6088-LeaderElection13: Election REJECTED; received 2 response(s) [0e723869-d81b-4250-bf7c-b3eb1c130cc4<-a20d02fb-e889-4888-8041-7f0d463e97dc#0:FAIL-t8, 0e723869-d81b-4250-bf7c-b3eb1c130cc4<-de4dd1fb-8e89-4d8f-a94c-eecd5ba9e4a0#0:FAIL-t8] and 0 exception(s); 0e723869-d81b-4250-bf7c-b3eb1c130cc4@group-DC73A42D6088:t8, leader=null, voted=0e723869-d81b-4250-bf7c-b3eb1c130cc4, raftlog=0e723869-d81b-4250-bf7c-b3eb1c130cc4@group-DC73A42D6088-SegmentedRaftLog:OPENED:c-1,f-1,i0, conf=-1: [0e723869-d81b-4250-bf7c-b3eb1c130cc4:192.168.164.201:41994, a20d02fb-e889-4888-8041-7f0d463e97dc:192.168.164.201:39512, de4dd1fb-8e89-4d8f-a94c-eecd5ba9e4a0:192.168.164.201:35026], old=null
2019-10-17 20:24:10,376 [0e723869-d81b-4250-bf7c-b3eb1c130cc4@group-DC73A42D6088-LeaderElection13] INFO  impl.RaftServerImpl (RaftServerImpl.java:setRole(184)) - 0e723869-d81b-4250-bf7c-b3eb1c130cc4@group-DC73A42D6088: changes role from CANDIDATE to FOLLOWER at term 8 for DISCOVERED_A_NEW_TERM
2019-10-17 20:24:10,377 [0e723869-d81b-4250-bf7c-b3eb1c130cc4@group-DC73A42D6088-LeaderElection13] INFO  impl.RoleInfo (RoleInfo.java:shutdownLeaderElection(134)) - 0e723869-d81b-4250-bf7c-b3eb1c130cc4: shutdown LeaderElection
2019-10-17 20:24:10,378 [0e723869-d81b-4250-bf7c-b3eb1c130cc4@group-DC73A42D6088-LeaderElection13] INFO  impl.RoleInfo (RoleInfo.java:updateAndGet(143)) - 0e723869-d81b-4250-bf7c-b3eb1c130cc4: start FollowerState
2019-10-17 20:24:10,462 [Thread-300] INFO  impl.FollowerState (FollowerState.java:run(108)) - 0e723869-d81b-4250-bf7c-b3eb1c130cc4@group-DC73A42D6088-FollowerState: change to CANDIDATE, lastRpcTime:84ms, electionTimeout:84ms
2019-10-17 20:24:10,463 [Thread-300] INFO  impl.RoleInfo (RoleInfo.java:shutdownFollowerState(121)) - 0e723869-d81b-4250-bf7c-b3eb1c130cc4: shutdown FollowerState
2019-10-17 20:24:10,463 [Thread-300] INFO  impl.RaftServerImpl (RaftServerImpl.java:setRole(184)) - 0e723869-d81b-4250-bf7c-b3eb1c130cc4@group-DC73A42D6088: changes role from  FOLLOWER to CANDIDATE at term 8 for changeToCandidate
2019-10-17 20:24:10,464 [Thread-300] INFO  impl.RoleInfo (RoleInfo.java:updateAndGet(143)) - 0e723869-d81b-4250-bf7c-b3eb1c130cc4: start LeaderElection
2019-10-17 20:24:10,490 [0e723869-d81b-4250-bf7c-b3eb1c130cc4@group-DC73A42D6088-LeaderElection14] INFO  impl.LeaderElection (LeaderElection.java:askForVotes(178)) - 0e723869-d81b-4250-bf7c-b3eb1c130cc4@group-DC73A42D6088-LeaderElection14: begin an election at term 9 for -1: [0e723869-d81b-4250-bf7c-b3eb1c130cc4:192.168.164.201:41994, a20d02fb-e889-4888-8041-7f0d463e97dc:192.168.164.201:39512, de4dd1fb-8e89-4d8f-a94c-eecd5ba9e4a0:192.168.164.201:35026], old=null
2019-10-17 20:24:10,496 [grpc-default-executor-3] INFO  impl.RaftServerImpl (RaftServerImpl.java:setRole(184)) - a20d02fb-e889-4888-8041-7f0d463e97dc@group-DC73A42D6088: changes role from  FOLLOWER to FOLLOWER at term 9 for recognizeCandidate:0e723869-d81b-4250-bf7c-b3eb1c130cc4
2019-10-17 20:24:10,496 [grpc-default-executor-0] INFO  impl.RaftServerImpl (RaftServerImpl.java:setRole(184)) - de4dd1fb-8e89-4d8f-a94c-eecd5ba9e4a0@group-DC73A42D6088: changes role from  FOLLOWER to FOLLOWER at term 9 for recognizeCandidate:0e723869-d81b-4250-bf7c-b3eb1c130cc4
2019-10-17 20:24:10,496 [grpc-default-executor-3] INFO  impl.RoleInfo (RoleInfo.java:shutdownFollowerState(121)) - a20d02fb-e889-4888-8041-7f0d463e97dc: shutdown FollowerState
2019-10-17 20:24:10,496 [grpc-default-executor-0] INFO  impl.RoleInfo (RoleInfo.java:shutdownFollowerState(121)) - de4dd1fb-8e89-4d8f-a94c-eecd5ba9e4a0: shutdown FollowerState
2019-10-17 20:24:10,497 [Thread-298] INFO  impl.FollowerState (FollowerState.java:run(117)) - a20d02fb-e889-4888-8041-7f0d463e97dc@group-DC73A42D6088-FollowerState was interrupted: java.lang.InterruptedException: sleep interrupted
2019-10-17 20:24:10,497 [grpc-default-executor-0] INFO  impl.RoleInfo (RoleInfo.java:updateAndGet(143)) - de4dd1fb-8e89-4d8f-a94c-eecd5ba9e4a0: start FollowerState
2019-10-17 20:24:10,497 [Thread-299] INFO  impl.FollowerState (FollowerState.java:run(117)) - de4dd1fb-8e89-4d8f-a94c-eecd5ba9e4a0@group-DC73A42D6088-FollowerState was interrupted: java.lang.InterruptedException: sleep interrupted
2019-10-17 20:24:10,497 [grpc-default-executor-3] INFO  impl.RoleInfo (RoleInfo.java:updateAndGet(143)) - a20d02fb-e889-4888-8041-7f0d463e97dc: start FollowerState
2019-10-17 20:24:10,525 [0e723869-d81b-4250-bf7c-b3eb1c130cc4@group-DC73A42D6088-LeaderElection14] INFO  impl.LeaderElection (LeaderElection.java:logAndReturn(56)) - 0e723869-d81b-4250-bf7c-b3eb1c130cc4@group-DC73A42D6088-LeaderElection14: Election TIMEOUT; received 0 response(s) [] and 0 exception(s); 0e723869-d81b-4250-bf7c-b3eb1c130cc4@group-DC73A42D6088:t9, leader=null, voted=0e723869-d81b-4250-bf7c-b3eb1c130cc4, raftlog=0e723869-d81b-4250-bf7c-b3eb1c130cc4@group-DC73A42D6088-SegmentedRaftLog:OPENED:c-1,f-1,i0, conf=-1: [0e723869-d81b-4250-bf7c-b3eb1c130cc4:192.168.164.201:41994, a20d02fb-e889-4888-8041-7f0d463e97dc:192.168.164.201:39512, de4dd1fb-8e89-4d8f-a94c-eecd5ba9e4a0:192.168.164.201:35026], old=null
2019-10-17 20:24:10,541 [0e723869-d81b-4250-bf7c-b3eb1c130cc4@group-DC73A42D6088-LeaderElection14] INFO  impl.LeaderElection (LeaderElection.java:askForVotes(178)) - 0e723869-d81b-4250-bf7c-b3eb1c130cc4@group-DC73A42D6088-LeaderElection14: begin an election at term 10 for -1: [0e723869-d81b-4250-bf7c-b3eb1c130cc4:192.168.164.201:41994, a20d02fb-e889-4888-8041-7f0d463e97dc:192.168.164.201:39512, de4dd1fb-8e89-4d8f-a94c-eecd5ba9e4a0:192.168.164.201:35026], old=null
2019-10-17 20:24:10,549 [grpc-default-executor-0] INFO  impl.RaftServerImpl (RaftServerImpl.java:setRole(184)) - de4dd1fb-8e89-4d8f-a94c-eecd5ba9e4a0@group-DC73A42D6088: changes role from  FOLLOWER to FOLLOWER at term 10 for recognizeCandidate:0e723869-d81b-4250-bf7c-b3eb1c130cc4
2019-10-17 20:24:10,550 [grpc-default-executor-3] INFO  impl.RaftServerImpl (RaftServerImpl.java:setRole(184)) - a20d02fb-e889-4888-8041-7f0d463e97dc@group-DC73A42D6088: changes role from  FOLLOWER to FOLLOWER at term 10 for recognizeCandidate:0e723869-d81b-4250-bf7c-b3eb1c130cc4
2019-10-17 20:24:10,550 [grpc-default-executor-0] INFO  impl.RoleInfo (RoleInfo.java:shutdownFollowerState(121)) - de4dd1fb-8e89-4d8f-a94c-eecd5ba9e4a0: shutdown FollowerState
2019-10-17 20:24:10,550 [grpc-default-executor-3] INFO  impl.RoleInfo (RoleInfo.java:shutdownFollowerState(121)) - a20d02fb-e889-4888-8041-7f0d463e97dc: shutdown FollowerState
2019-10-17 20:24:10,550 [Thread-305] INFO  impl.FollowerState (FollowerState.java:run(117)) - de4dd1fb-8e89-4d8f-a94c-eecd5ba9e4a0@group-DC73A42D6088-FollowerState was interrupted: java.lang.InterruptedException: sleep interrupted
2019-10-17 20:24:10,550 [grpc-default-executor-0] INFO  impl.RoleInfo (RoleInfo.java:updateAndGet(143)) - de4dd1fb-8e89-4d8f-a94c-eecd5ba9e4a0: start FollowerState
2019-10-17 20:24:10,550 [Thread-304] INFO  impl.FollowerState (FollowerState.java:run(117)) - a20d02fb-e889-4888-8041-7f0d463e97dc@group-DC73A42D6088-FollowerState was interrupted: java.lang.InterruptedException: sleep interrupted
2019-10-17 20:24:10,550 [grpc-default-executor-3] INFO  impl.RoleInfo (RoleInfo.java:updateAndGet(143)) - a20d02fb-e889-4888-8041-7f0d463e97dc: start FollowerState
2019-10-17 20:24:10,577 [0e723869-d81b-4250-bf7c-b3eb1c130cc4@group-DC73A42D6088-LeaderElection14] INFO  impl.LeaderElection (LeaderElection.java:logAndReturn(56)) - 0e723869-d81b-4250-bf7c-b3eb1c130cc4@group-DC73A42D6088-LeaderElection14: Election REJECTED; received 2 response(s) [0e723869-d81b-4250-bf7c-b3eb1c130cc4<-a20d02fb-e889-4888-8041-7f0d463e97dc#0:FAIL-t10, 0e723869-d81b-4250-bf7c-b3eb1c130cc4<-de4dd1fb-8e89-4d8f-a94c-eecd5ba9e4a0#0:FAIL-t10] and 0 exception(s); 0e723869-d81b-4250-bf7c-b3eb1c130cc4@group-DC73A42D6088:t10, leader=null, voted=0e723869-d81b-4250-bf7c-b3eb1c130cc4, raftlog=0e723869-d81b-4250-bf7c-b3eb1c130cc4@group-DC73A42D6088-SegmentedRaftLog:OPENED:c-1,f-1,i0, conf=-1: [0e723869-d81b-4250-bf7c-b3eb1c130cc4:192.168.164.201:41994, a20d02fb-e889-4888-8041-7f0d463e97dc:192.168.164.201:39512, de4dd1fb-8e89-4d8f-a94c-eecd5ba9e4a0:192.168.164.201:35026], old=null
2019-10-17 20:24:10,577 [0e723869-d81b-4250-bf7c-b3eb1c130cc4@group-DC73A42D6088-LeaderElection14] INFO  impl.RaftServerImpl (RaftServerImpl.java:setRole(184)) - 0e723869-d81b-4250-bf7c-b3eb1c130cc4@group-DC73A42D6088: changes role from CANDIDATE to FOLLOWER at term 10 for DISCOVERED_A_NEW_TERM
2019-10-17 20:24:10,582 [0e723869-d81b-4250-bf7c-b3eb1c130cc4@group-DC73A42D6088-LeaderElection14] INFO  impl.RoleInfo (RoleInfo.java:shutdownLeaderElection(134)) - 0e723869-d81b-4250-bf7c-b3eb1c130cc4: shutdown LeaderElection
2019-10-17 20:24:10,583 [0e723869-d81b-4250-bf7c-b3eb1c130cc4@group-DC73A42D6088-LeaderElection14] INFO  impl.RoleInfo (RoleInfo.java:updateAndGet(143)) - 0e723869-d81b-4250-bf7c-b3eb1c130cc4: start FollowerState
2019-10-17 20:24:10,591 [Thread-310] INFO  impl.FollowerState (FollowerState.java:run(108)) - 0e723869-d81b-4250-bf7c-b3eb1c130cc4@group-DC73A42D6088-FollowerState: change to CANDIDATE, lastRpcTime:8ms, electionTimeout:8ms
2019-10-17 20:24:10,592 [Thread-310] INFO  impl.RoleInfo (RoleInfo.java:shutdownFollowerState(121)) - 0e723869-d81b-4250-bf7c-b3eb1c130cc4: shutdown FollowerState
2019-10-17 20:24:10,593 [Thread-310] INFO  impl.RaftServerImpl (RaftServerImpl.java:setRole(184)) - 0e723869-d81b-4250-bf7c-b3eb1c130cc4@group-DC73A42D6088: changes role from  FOLLOWER to CANDIDATE at term 10 for changeToCandidate
2019-10-17 20:24:10,593 [Thread-310] INFO  impl.RoleInfo (RoleInfo.java:updateAndGet(143)) - 0e723869-d81b-4250-bf7c-b3eb1c130cc4: start LeaderElection
2019-10-17 20:24:10,617 [0e723869-d81b-4250-bf7c-b3eb1c130cc4@group-DC73A42D6088-LeaderElection15] INFO  impl.LeaderElection (LeaderElection.java:askForVotes(178)) - 0e723869-d81b-4250-bf7c-b3eb1c130cc4@group-DC73A42D6088-LeaderElection15: begin an election at term 11 for -1: [0e723869-d81b-4250-bf7c-b3eb1c130cc4:192.168.164.201:41994, a20d02fb-e889-4888-8041-7f0d463e97dc:192.168.164.201:39512, de4dd1fb-8e89-4d8f-a94c-eecd5ba9e4a0:192.168.164.201:35026], old=null
2019-10-17 20:24:10,626 [grpc-default-executor-0] INFO  impl.RaftServerImpl (RaftServerImpl.java:setRole(184)) - a20d02fb-e889-4888-8041-7f0d463e97dc@group-DC73A42D6088: changes role from  FOLLOWER to FOLLOWER at term 11 for recognizeCandidate:0e723869-d81b-4250-bf7c-b3eb1c130cc4
2019-10-17 20:24:10,626 [grpc-default-executor-3] INFO  impl.RaftServerImpl (RaftServerImpl.java:setRole(184)) - de4dd1fb-8e89-4d8f-a94c-eecd5ba9e4a0@group-DC73A42D6088: changes role from  FOLLOWER to FOLLOWER at term 11 for recognizeCandidate:0e723869-d81b-4250-bf7c-b3eb1c130cc4
2019-10-17 20:24:10,627 [grpc-default-executor-0] INFO  impl.RoleInfo (RoleInfo.java:shutdownFollowerState(121)) - a20d02fb-e889-4888-8041-7f0d463e97dc: shutdown FollowerState
2019-10-17 20:24:10,627 [grpc-default-executor-3] INFO  impl.RoleInfo (RoleInfo.java:shutdownFollowerState(121)) - de4dd1fb-8e89-4d8f-a94c-eecd5ba9e4a0: shutdown FollowerState
2019-10-17 20:24:10,627 [grpc-default-executor-0] INFO  impl.RoleInfo (RoleInfo.java:updateAndGet(143)) - a20d02fb-e889-4888-8041-7f0d463e97dc: start FollowerState
2019-10-17 20:24:10,627 [Thread-308] INFO  impl.FollowerState (FollowerState.java:run(117)) - de4dd1fb-8e89-4d8f-a94c-eecd5ba9e4a0@group-DC73A42D6088-FollowerState was interrupted: java.lang.InterruptedException: sleep interrupted
2019-10-17 20:24:10,627 [grpc-default-executor-3] INFO  impl.RoleInfo (RoleInfo.java:updateAndGet(143)) - de4dd1fb-8e89-4d8f-a94c-eecd5ba9e4a0: start FollowerState
2019-10-17 20:24:10,627 [Thread-309] INFO  impl.FollowerState (FollowerState.java:run(117)) - a20d02fb-e889-4888-8041-7f0d463e97dc@group-DC73A42D6088-FollowerState was interrupted: java.lang.InterruptedException: sleep interrupted
2019-10-17 20:24:10,663 [0e723869-d81b-4250-bf7c-b3eb1c130cc4@group-DC73A42D6088-LeaderElection15] INFO  impl.LeaderElection (LeaderElection.java:logAndReturn(56)) - 0e723869-d81b-4250-bf7c-b3eb1c130cc4@group-DC73A42D6088-LeaderElection15: Election REJECTED; received 2 response(s) [0e723869-d81b-4250-bf7c-b3eb1c130cc4<-a20d02fb-e889-4888-8041-7f0d463e97dc#0:FAIL-t11, 0e723869-d81b-4250-bf7c-b3eb1c130cc4<-de4dd1fb-8e89-4d8f-a94c-eecd5ba9e4a0#0:FAIL-t11] and 0 exception(s); 0e723869-d81b-4250-bf7c-b3eb1c130cc4@group-DC73A42D6088:t11, leader=null, voted=0e723869-d81b-4250-bf7c-b3eb1c130cc4, raftlog=0e723869-d81b-4250-bf7c-b3eb1c130cc4@group-DC73A42D6088-SegmentedRaftLog:OPENED:c-1,f-1,i0, conf=-1: [0e723869-d81b-4250-bf7c-b3eb1c130cc4:192.168.164.201:41994, a20d02fb-e889-4888-8041-7f0d463e97dc:192.168.164.201:39512, de4dd1fb-8e89-4d8f-a94c-eecd5ba9e4a0:192.168.164.201:35026], old=null
2019-10-17 20:24:10,663 [0e723869-d81b-4250-bf7c-b3eb1c130cc4@group-DC73A42D6088-LeaderElection15] INFO  impl.RaftServerImpl (RaftServerImpl.java:setRole(184)) - 0e723869-d81b-4250-bf7c-b3eb1c130cc4@group-DC73A42D6088: changes role from CANDIDATE to FOLLOWER at term 11 for DISCOVERED_A_NEW_TERM
2019-10-17 20:24:10,663 [0e723869-d81b-4250-bf7c-b3eb1c130cc4@group-DC73A42D6088-LeaderElection15] INFO  impl.RoleInfo (RoleInfo.java:shutdownLeaderElection(134)) - 0e723869-d81b-4250-bf7c-b3eb1c130cc4: shutdown LeaderElection
2019-10-17 20:24:10,664 [0e723869-d81b-4250-bf7c-b3eb1c130cc4@group-DC73A42D6088-LeaderElection15] INFO  impl.RoleInfo (RoleInfo.java:updateAndGet(143)) - 0e723869-d81b-4250-bf7c-b3eb1c130cc4: start FollowerState
2019-10-17 20:24:10,778 [Thread-316] INFO  impl.FollowerState (FollowerState.java:run(108)) - 0e723869-d81b-4250-bf7c-b3eb1c130cc4@group-DC73A42D6088-FollowerState: change to CANDIDATE, lastRpcTime:114ms, electionTimeout:114ms
2019-10-17 20:24:10,779 [Thread-316] INFO  impl.RoleInfo (RoleInfo.java:shutdownFollowerState(121)) - 0e723869-d81b-4250-bf7c-b3eb1c130cc4: shutdown FollowerState
2019-10-17 20:24:10,780 [Thread-316] INFO  impl.RaftServerImpl (RaftServerImpl.java:setRole(184)) - 0e723869-d81b-4250-bf7c-b3eb1c130cc4@group-DC73A42D6088: changes role from  FOLLOWER to CANDIDATE at term 11 for changeToCandidate
2019-10-17 20:24:10,780 [Thread-316] INFO  impl.RoleInfo (RoleInfo.java:updateAndGet(143)) - 0e723869-d81b-4250-bf7c-b3eb1c130cc4: start LeaderElection
2019-10-17 20:24:10,810 [0e723869-d81b-4250-bf7c-b3eb1c130cc4@group-DC73A42D6088-LeaderElection16] INFO  impl.LeaderElection (LeaderElection.java:askForVotes(178)) - 0e723869-d81b-4250-bf7c-b3eb1c130cc4@group-DC73A42D6088-LeaderElection16: begin an election at term 12 for -1: [0e723869-d81b-4250-bf7c-b3eb1c130cc4:192.168.164.201:41994, a20d02fb-e889-4888-8041-7f0d463e97dc:192.168.164.201:39512, de4dd1fb-8e89-4d8f-a94c-eecd5ba9e4a0:192.168.164.201:35026], old=null
2019-10-17 20:24:10,815 [grpc-default-executor-0] INFO  impl.RaftServerImpl (RaftServerImpl.java:setRole(184)) - de4dd1fb-8e89-4d8f-a94c-eecd5ba9e4a0@group-DC73A42D6088: changes role from  FOLLOWER to FOLLOWER at term 12 for recognizeCandidate:0e723869-d81b-4250-bf7c-b3eb1c130cc4
2019-10-17 20:24:10,815 [grpc-default-executor-3] INFO  impl.RaftServerImpl (RaftServerImpl.java:setRole(184)) - a20d02fb-e889-4888-8041-7f0d463e97dc@group-DC73A42D6088: changes role from  FOLLOWER to FOLLOWER at term 12 for recognizeCandidate:0e723869-d81b-4250-bf7c-b3eb1c130cc4
2019-10-17 20:24:10,815 [grpc-default-executor-0] INFO  impl.RoleInfo (RoleInfo.java:shutdownFollowerState(121)) - de4dd1fb-8e89-4d8f-a94c-eecd5ba9e4a0: shutdown FollowerState
2019-10-17 20:24:10,816 [grpc-default-executor-3] INFO  impl.RoleInfo (RoleInfo.java:shutdownFollowerState(121)) - a20d02fb-e889-4888-8041-7f0d463e97dc: shutdown FollowerState
2019-10-17 20:24:10,816 [grpc-default-executor-0] INFO  impl.RoleInfo (RoleInfo.java:updateAndGet(143)) - de4dd1fb-8e89-4d8f-a94c-eecd5ba9e4a0: start FollowerState
2019-10-17 20:24:10,816 [Thread-315] INFO  impl.FollowerState (FollowerState.java:run(117)) - de4dd1fb-8e89-4d8f-a94c-eecd5ba9e4a0@group-DC73A42D6088-FollowerState was interrupted: java.lang.InterruptedException: sleep interrupted
2019-10-17 20:24:10,816 [grpc-default-executor-3] INFO  impl.RoleInfo (RoleInfo.java:updateAndGet(143)) - a20d02fb-e889-4888-8041-7f0d463e97dc: start FollowerState
2019-10-17 20:24:10,816 [Thread-314] INFO  impl.FollowerState (FollowerState.java:run(117)) - a20d02fb-e889-4888-8041-7f0d463e97dc@group-DC73A42D6088-FollowerState was interrupted: java.lang.InterruptedException: sleep interrupted
2019-10-17 20:24:10,846 [0e723869-d81b-4250-bf7c-b3eb1c130cc4@group-DC73A42D6088-LeaderElection16] INFO  impl.LeaderElection (LeaderElection.java:logAndReturn(56)) - 0e723869-d81b-4250-bf7c-b3eb1c130cc4@group-DC73A42D6088-LeaderElection16: Election REJECTED; received 2 response(s) [0e723869-d81b-4250-bf7c-b3eb1c130cc4<-a20d02fb-e889-4888-8041-7f0d463e97dc#0:FAIL-t12, 0e723869-d81b-4250-bf7c-b3eb1c130cc4<-de4dd1fb-8e89-4d8f-a94c-eecd5ba9e4a0#0:FAIL-t12] and 0 exception(s); 0e723869-d81b-4250-bf7c-b3eb1c130cc4@group-DC73A42D6088:t12, leader=null, voted=0e723869-d81b-4250-bf7c-b3eb1c130cc4, raftlog=0e723869-d81b-4250-bf7c-b3eb1c130cc4@group-DC73A42D6088-SegmentedRaftLog:OPENED:c-1,f-1,i0, conf=-1: [0e723869-d81b-4250-bf7c-b3eb1c130cc4:192.168.164.201:41994, a20d02fb-e889-4888-8041-7f0d463e97dc:192.168.164.201:39512, de4dd1fb-8e89-4d8f-a94c-eecd5ba9e4a0:192.168.164.201:35026], old=null
2019-10-17 20:24:10,846 [0e723869-d81b-4250-bf7c-b3eb1c130cc4@group-DC73A42D6088-LeaderElection16] INFO  impl.RaftServerImpl (RaftServerImpl.java:setRole(184)) - 0e723869-d81b-4250-bf7c-b3eb1c130cc4@group-DC73A42D6088: changes role from CANDIDATE to FOLLOWER at term 12 for DISCOVERED_A_NEW_TERM
2019-10-17 20:24:10,846 [0e723869-d81b-4250-bf7c-b3eb1c130cc4@group-DC73A42D6088-LeaderElection16] INFO  impl.RoleInfo (RoleInfo.java:shutdownLeaderElection(134)) - 0e723869-d81b-4250-bf7c-b3eb1c130cc4: shutdown LeaderElection
2019-10-17 20:24:10,846 [0e723869-d81b-4250-bf7c-b3eb1c130cc4@group-DC73A42D6088-LeaderElection16] INFO  impl.RoleInfo (RoleInfo.java:updateAndGet(143)) - 0e723869-d81b-4250-bf7c-b3eb1c130cc4: start FollowerState
2019-10-17 20:24:10,969 [Thread-322] INFO  impl.FollowerState (FollowerState.java:run(108)) - 0e723869-d81b-4250-bf7c-b3eb1c130cc4@group-DC73A42D6088-FollowerState: change to CANDIDATE, lastRpcTime:122ms, electionTimeout:122ms
2019-10-17 20:24:10,975 [Thread-322] INFO  impl.RoleInfo (RoleInfo.java:shutdownFollowerState(121)) - 0e723869-d81b-4250-bf7c-b3eb1c130cc4: shutdown FollowerState
2019-10-17 20:24:10,975 [Thread-322] INFO  impl.RaftServerImpl (RaftServerImpl.java:setRole(184)) - 0e723869-d81b-4250-bf7c-b3eb1c130cc4@group-DC73A42D6088: changes role from  FOLLOWER to CANDIDATE at term 12 for changeToCandidate
2019-10-17 20:24:10,976 [Thread-322] INFO  impl.RoleInfo (RoleInfo.java:updateAndGet(143)) - 0e723869-d81b-4250-bf7c-b3eb1c130cc4: start LeaderElection
2019-10-17 20:24:11,002 [0e723869-d81b-4250-bf7c-b3eb1c130cc4@group-DC73A42D6088-LeaderElection17] INFO  impl.LeaderElection (LeaderElection.java:askForVotes(178)) - 0e723869-d81b-4250-bf7c-b3eb1c130cc4@group-DC73A42D6088-LeaderElection17: begin an election at term 13 for -1: [0e723869-d81b-4250-bf7c-b3eb1c130cc4:192.168.164.201:41994, a20d02fb-e889-4888-8041-7f0d463e97dc:192.168.164.201:39512, de4dd1fb-8e89-4d8f-a94c-eecd5ba9e4a0:192.168.164.201:35026], old=null
2019-10-17 20:24:11,010 [grpc-default-executor-0] INFO  impl.RaftServerImpl (RaftServerImpl.java:setRole(184)) - a20d02fb-e889-4888-8041-7f0d463e97dc@group-DC73A42D6088: changes role from  FOLLOWER to FOLLOWER at term 13 for recognizeCandidate:0e723869-d81b-4250-bf7c-b3eb1c130cc4
2019-10-17 20:24:11,010 [grpc-default-executor-3] INFO  impl.RaftServerImpl (RaftServerImpl.java:setRole(184)) - de4dd1fb-8e89-4d8f-a94c-eecd5ba9e4a0@group-DC73A42D6088: changes role from  FOLLOWER to FOLLOWER at term 13 for recognizeCandidate:0e723869-d81b-4250-bf7c-b3eb1c130cc4
2019-10-17 20:24:11,011 [grpc-default-executor-0] INFO  impl.RoleInfo (RoleInfo.java:shutdownFollowerState(121)) - a20d02fb-e889-4888-8041-7f0d463e97dc: shutdown FollowerState
2019-10-17 20:24:11,011 [grpc-default-executor-3] INFO  impl.RoleInfo (RoleInfo.java:shutdownFollowerState(121)) - de4dd1fb-8e89-4d8f-a94c-eecd5ba9e4a0: shutdown FollowerState
2019-10-17 20:24:11,011 [grpc-default-executor-0] INFO  impl.RoleInfo (RoleInfo.java:updateAndGet(143)) - a20d02fb-e889-4888-8041-7f0d463e97dc: start FollowerState
2019-10-17 20:24:11,011 [Thread-320] INFO  impl.FollowerState (FollowerState.java:run(117)) - de4dd1fb-8e89-4d8f-a94c-eecd5ba9e4a0@group-DC73A42D6088-FollowerState was interrupted: java.lang.InterruptedException: sleep interrupted
2019-10-17 20:24:11,011 [grpc-default-executor-3] INFO  impl.RoleInfo (RoleInfo.java:updateAndGet(143)) - de4dd1fb-8e89-4d8f-a94c-eecd5ba9e4a0: start FollowerState
2019-10-17 20:24:11,011 [Thread-321] INFO  impl.FollowerState (FollowerState.java:run(117)) - a20d02fb-e889-4888-8041-7f0d463e97dc@group-DC73A42D6088-FollowerState was interrupted: java.lang.InterruptedException: sleep interrupted
2019-10-17 20:24:11,065 [Thread-208] INFO  container.ReplicationManager (ReplicationManager.java:start(162)) - Starting Replication Monitor Thread.
2019-10-17 20:24:11,069 [Thread-208] INFO  pipeline.SCMPipelineManager (SCMPipelineManager.java:finalizeAndDestroyPipeline(315)) - destroying pipeline:Pipeline[ Id: 39aa3ee3-e753-42ce-a3f3-dc73a42d6088, Nodes: 0e723869-d81b-4250-bf7c-b3eb1c130cc4{ip: 192.168.164.201, host: pr-hdds-1868-s6sc9-3720172378, networkLocation: /default-rack, certSerialId: null}de4dd1fb-8e89-4d8f-a94c-eecd5ba9e4a0{ip: 192.168.164.201, host: pr-hdds-1868-s6sc9-3720172378, networkLocation: /default-rack, certSerialId: null}a20d02fb-e889-4888-8041-7f0d463e97dc{ip: 192.168.164.201, host: pr-hdds-1868-s6sc9-3720172378, networkLocation: /default-rack, certSerialId: null}, Type:RATIS, Factor:THREE, State:ALLOCATED]
2019-10-17 20:24:11,069 [ReplicationMonitor] INFO  container.ReplicationManager (ReplicationManager.java:run(225)) - Replication Monitor Thread took 1 milliseconds for processing 0 containers.
2019-10-17 20:24:11,069 [Thread-208] INFO  pipeline.PipelineStateManager (PipelineStateManager.java:finalizePipeline(121)) - Pipeline Pipeline[ Id: 39aa3ee3-e753-42ce-a3f3-dc73a42d6088, Nodes: 0e723869-d81b-4250-bf7c-b3eb1c130cc4{ip: 192.168.164.201, host: pr-hdds-1868-s6sc9-3720172378, networkLocation: /default-rack, certSerialId: null}de4dd1fb-8e89-4d8f-a94c-eecd5ba9e4a0{ip: 192.168.164.201, host: pr-hdds-1868-s6sc9-3720172378, networkLocation: /default-rack, certSerialId: null}a20d02fb-e889-4888-8041-7f0d463e97dc{ip: 192.168.164.201, host: pr-hdds-1868-s6sc9-3720172378, networkLocation: /default-rack, certSerialId: null}, Type:RATIS, Factor:THREE, State:CLOSED] moved to CLOSED state
2019-10-17 20:24:11,082 [0e723869-d81b-4250-bf7c-b3eb1c130cc4@group-DC73A42D6088-LeaderElection17] INFO  impl.LeaderElection (LeaderElection.java:logAndReturn(56)) - 0e723869-d81b-4250-bf7c-b3eb1c130cc4@group-DC73A42D6088-LeaderElection17: Election REJECTED; received 2 response(s) [0e723869-d81b-4250-bf7c-b3eb1c130cc4<-a20d02fb-e889-4888-8041-7f0d463e97dc#0:FAIL-t13, 0e723869-d81b-4250-bf7c-b3eb1c130cc4<-de4dd1fb-8e89-4d8f-a94c-eecd5ba9e4a0#0:FAIL-t13] and 0 exception(s); 0e723869-d81b-4250-bf7c-b3eb1c130cc4@group-DC73A42D6088:t13, leader=null, voted=0e723869-d81b-4250-bf7c-b3eb1c130cc4, raftlog=0e723869-d81b-4250-bf7c-b3eb1c130cc4@group-DC73A42D6088-SegmentedRaftLog:OPENED:c-1,f-1,i0, conf=-1: [0e723869-d81b-4250-bf7c-b3eb1c130cc4:192.168.164.201:41994, a20d02fb-e889-4888-8041-7f0d463e97dc:192.168.164.201:39512, de4dd1fb-8e89-4d8f-a94c-eecd5ba9e4a0:192.168.164.201:35026], old=null
2019-10-17 20:24:11,082 [0e723869-d81b-4250-bf7c-b3eb1c130cc4@group-DC73A42D6088-LeaderElection17] INFO  impl.RaftServerImpl (RaftServerImpl.java:setRole(184)) - 0e723869-d81b-4250-bf7c-b3eb1c130cc4@group-DC73A42D6088: changes role from CANDIDATE to FOLLOWER at term 13 for DISCOVERED_A_NEW_TERM
2019-10-17 20:24:11,082 [0e723869-d81b-4250-bf7c-b3eb1c130cc4@group-DC73A42D6088-LeaderElection17] INFO  impl.RoleInfo (RoleInfo.java:shutdownLeaderElection(134)) - 0e723869-d81b-4250-bf7c-b3eb1c130cc4: shutdown LeaderElection
2019-10-17 20:24:11,082 [0e723869-d81b-4250-bf7c-b3eb1c130cc4@group-DC73A42D6088-LeaderElection17] INFO  impl.RoleInfo (RoleInfo.java:updateAndGet(143)) - 0e723869-d81b-4250-bf7c-b3eb1c130cc4: start FollowerState
2019-10-17 20:24:11,097 [grpc-default-executor-0] INFO  impl.RaftServerProxy (RaftServerProxy.java:remove(95)) - 0e723869-d81b-4250-bf7c-b3eb1c130cc4: remove  FOLLOWER 0e723869-d81b-4250-bf7c-b3eb1c130cc4@group-DC73A42D6088:t13, leader=null, voted=0e723869-d81b-4250-bf7c-b3eb1c130cc4, raftlog=0e723869-d81b-4250-bf7c-b3eb1c130cc4@group-DC73A42D6088-SegmentedRaftLog:OPENED:c-1,f-1,i0, conf=-1: [0e723869-d81b-4250-bf7c-b3eb1c130cc4:192.168.164.201:41994, a20d02fb-e889-4888-8041-7f0d463e97dc:192.168.164.201:39512, de4dd1fb-8e89-4d8f-a94c-eecd5ba9e4a0:192.168.164.201:35026], old=null RUNNING
2019-10-17 20:24:11,103 [grpc-default-executor-0] INFO  impl.RaftServerImpl (RaftServerImpl.java:lambda$shutdown$3(261)) - 0e723869-d81b-4250-bf7c-b3eb1c130cc4@group-DC73A42D6088: shutdown
2019-10-17 20:24:11,103 [grpc-default-executor-0] INFO  util.JmxRegister (JmxRegister.java:unregister(73)) - Successfully un-registered JMX Bean with object name Ratis:service=RaftServer,group=group-DC73A42D6088,id=0e723869-d81b-4250-bf7c-b3eb1c130cc4
2019-10-17 20:24:11,104 [grpc-default-executor-0] INFO  impl.RoleInfo (RoleInfo.java:shutdownFollowerState(121)) - 0e723869-d81b-4250-bf7c-b3eb1c130cc4: shutdown FollowerState
2019-10-17 20:24:11,104 [Thread-329] INFO  impl.FollowerState (FollowerState.java:run(117)) - 0e723869-d81b-4250-bf7c-b3eb1c130cc4@group-DC73A42D6088-FollowerState was interrupted: java.lang.InterruptedException: sleep interrupted
2019-10-17 20:24:11,104 [grpc-default-executor-0] INFO  impl.StateMachineUpdater (StateMachineUpdater.java:stopAndJoin(136)) - 0e723869-d81b-4250-bf7c-b3eb1c130cc4@group-DC73A42D6088-StateMachineUpdater: set stopIndex = -1
2019-10-17 20:24:11,107 [grpc-default-executor-0] INFO  impl.RaftServerImpl (ServerState.java:close(388)) - 0e723869-d81b-4250-bf7c-b3eb1c130cc4@group-DC73A42D6088: closes. applyIndex: -1
2019-10-17 20:24:11,109 [JUnit] INFO  ozone.MiniOzoneClusterImpl (MiniOzoneClusterImpl.java:lambda$waitForClusterToBeReady$2(172)) - Cluster is ready. Got 5 of 5 DN Heartbeats.
2019-10-17 20:24:11,110 [0e723869-d81b-4250-bf7c-b3eb1c130cc4@group-DC73A42D6088-SegmentedRaftLogWorker] INFO  segmented.SegmentedRaftLogWorker (SegmentedRaftLogWorker.java:run(316)) - 0e723869-d81b-4250-bf7c-b3eb1c130cc4@group-DC73A42D6088-SegmentedRaftLogWorker was interrupted, exiting. There are 0 tasks remaining in the queue.
2019-10-17 20:24:11,110 [grpc-default-executor-0] INFO  segmented.SegmentedRaftLogWorker (SegmentedRaftLogWorker.java:close(224)) - 0e723869-d81b-4250-bf7c-b3eb1c130cc4@group-DC73A42D6088-SegmentedRaftLogWorker close()
2019-10-17 20:24:11,135 [grpc-default-executor-0] INFO  impl.RaftServerProxy (RaftServerProxy.java:remove(95)) - de4dd1fb-8e89-4d8f-a94c-eecd5ba9e4a0: remove  FOLLOWER de4dd1fb-8e89-4d8f-a94c-eecd5ba9e4a0@group-DC73A42D6088:t13, leader=null, voted=null, raftlog=de4dd1fb-8e89-4d8f-a94c-eecd5ba9e4a0@group-DC73A42D6088-SegmentedRaftLog:OPENED:c-1,f0,i0, conf=0: [0e723869-d81b-4250-bf7c-b3eb1c130cc4:192.168.164.201:41994, a20d02fb-e889-4888-8041-7f0d463e97dc:192.168.164.201:39512, de4dd1fb-8e89-4d8f-a94c-eecd5ba9e4a0:192.168.164.201:35026], old=null RUNNING
2019-10-17 20:24:11,136 [grpc-default-executor-0] INFO  impl.RaftServerImpl (RaftServerImpl.java:lambda$shutdown$3(261)) - de4dd1fb-8e89-4d8f-a94c-eecd5ba9e4a0@group-DC73A42D6088: shutdown
2019-10-17 20:24:11,136 [grpc-default-executor-0] INFO  util.JmxRegister (JmxRegister.java:unregister(73)) - Successfully un-registered JMX Bean with object name Ratis:service=RaftServer,group=group-DC73A42D6088,id=de4dd1fb-8e89-4d8f-a94c-eecd5ba9e4a0
2019-10-17 20:24:11,136 [grpc-default-executor-0] INFO  impl.RoleInfo (RoleInfo.java:shutdownFollowerState(121)) - de4dd1fb-8e89-4d8f-a94c-eecd5ba9e4a0: shutdown FollowerState
2019-10-17 20:24:11,136 [grpc-default-executor-0] INFO  impl.StateMachineUpdater (StateMachineUpdater.java:stopAndJoin(136)) - de4dd1fb-8e89-4d8f-a94c-eecd5ba9e4a0@group-DC73A42D6088-StateMachineUpdater: set stopIndex = -1
2019-10-17 20:24:11,136 [Thread-327] INFO  impl.FollowerState (FollowerState.java:run(117)) - de4dd1fb-8e89-4d8f-a94c-eecd5ba9e4a0@group-DC73A42D6088-FollowerState was interrupted: java.lang.InterruptedException: sleep interrupted
2019-10-17 20:24:11,136 [grpc-default-executor-0] INFO  impl.RaftServerImpl (ServerState.java:close(388)) - de4dd1fb-8e89-4d8f-a94c-eecd5ba9e4a0@group-DC73A42D6088: closes. applyIndex: -1
2019-10-17 20:24:11,139 [de4dd1fb-8e89-4d8f-a94c-eecd5ba9e4a0@group-DC73A42D6088-SegmentedRaftLogWorker] INFO  segmented.SegmentedRaftLogWorker (SegmentedRaftLogWorker.java:run(316)) - de4dd1fb-8e89-4d8f-a94c-eecd5ba9e4a0@group-DC73A42D6088-SegmentedRaftLogWorker was interrupted, exiting. There are 0 tasks remaining in the queue.
2019-10-17 20:24:11,141 [grpc-default-executor-0] INFO  segmented.SegmentedRaftLogWorker (SegmentedRaftLogWorker.java:close(224)) - de4dd1fb-8e89-4d8f-a94c-eecd5ba9e4a0@group-DC73A42D6088-SegmentedRaftLogWorker close()
2019-10-17 20:24:11,154 [grpc-default-executor-0] INFO  impl.RaftServerProxy (RaftServerProxy.java:remove(95)) - a20d02fb-e889-4888-8041-7f0d463e97dc: remove  FOLLOWER a20d02fb-e889-4888-8041-7f0d463e97dc@group-DC73A42D6088:t13, leader=null, voted=null, raftlog=a20d02fb-e889-4888-8041-7f0d463e97dc@group-DC73A42D6088-SegmentedRaftLog:OPENED:c-1,f0,i0, conf=0: [0e723869-d81b-4250-bf7c-b3eb1c130cc4:192.168.164.201:41994, a20d02fb-e889-4888-8041-7f0d463e97dc:192.168.164.201:39512, de4dd1fb-8e89-4d8f-a94c-eecd5ba9e4a0:192.168.164.201:35026], old=null RUNNING
2019-10-17 20:24:11,154 [grpc-default-executor-0] INFO  impl.RaftServerImpl (RaftServerImpl.java:lambda$shutdown$3(261)) - a20d02fb-e889-4888-8041-7f0d463e97dc@group-DC73A42D6088: shutdown
2019-10-17 20:24:11,154 [grpc-default-executor-0] INFO  util.JmxRegister (JmxRegister.java:unregister(73)) - Successfully un-registered JMX Bean with object name Ratis:service=RaftServer,group=group-DC73A42D6088,id=a20d02fb-e889-4888-8041-7f0d463e97dc
2019-10-17 20:24:11,155 [grpc-default-executor-0] INFO  impl.RoleInfo (RoleInfo.java:shutdownFollowerState(121)) - a20d02fb-e889-4888-8041-7f0d463e97dc: shutdown FollowerState
2019-10-17 20:24:11,155 [grpc-default-executor-0] INFO  impl.StateMachineUpdater (StateMachineUpdater.java:stopAndJoin(136)) - a20d02fb-e889-4888-8041-7f0d463e97dc@group-DC73A42D6088-StateMachineUpdater: set stopIndex = -1
2019-10-17 20:24:11,155 [Thread-326] INFO  impl.FollowerState (FollowerState.java:run(117)) - a20d02fb-e889-4888-8041-7f0d463e97dc@group-DC73A42D6088-FollowerState was interrupted: java.lang.InterruptedException: sleep interrupted
2019-10-17 20:24:11,155 [grpc-default-executor-0] INFO  impl.RaftServerImpl (ServerState.java:close(388)) - a20d02fb-e889-4888-8041-7f0d463e97dc@group-DC73A42D6088: closes. applyIndex: -1
2019-10-17 20:24:11,161 [a20d02fb-e889-4888-8041-7f0d463e97dc@group-DC73A42D6088-SegmentedRaftLogWorker] INFO  segmented.SegmentedRaftLogWorker (SegmentedRaftLogWorker.java:run(316)) - a20d02fb-e889-4888-8041-7f0d463e97dc@group-DC73A42D6088-SegmentedRaftLogWorker was interrupted, exiting. There are 0 tasks remaining in the queue.
2019-10-17 20:24:11,162 [grpc-default-executor-0] INFO  segmented.SegmentedRaftLogWorker (SegmentedRaftLogWorker.java:close(224)) - a20d02fb-e889-4888-8041-7f0d463e97dc@group-DC73A42D6088-SegmentedRaftLogWorker close()
2019-10-17 20:24:11,169 [Thread-208] INFO  pipeline.PipelineStateManager (PipelineStateManager.java:removePipeline(106)) - Pipeline Pipeline[ Id: 39aa3ee3-e753-42ce-a3f3-dc73a42d6088, Nodes: 0e723869-d81b-4250-bf7c-b3eb1c130cc4{ip: 192.168.164.201, host: pr-hdds-1868-s6sc9-3720172378, networkLocation: /default-rack, certSerialId: null}de4dd1fb-8e89-4d8f-a94c-eecd5ba9e4a0{ip: 192.168.164.201, host: pr-hdds-1868-s6sc9-3720172378, networkLocation: /default-rack, certSerialId: null}a20d02fb-e889-4888-8041-7f0d463e97dc{ip: 192.168.164.201, host: pr-hdds-1868-s6sc9-3720172378, networkLocation: /default-rack, certSerialId: null}, Type:RATIS, Factor:THREE, State:CLOSED] removed from db
2019-10-17 20:24:11,187 [grpc-default-executor-4] INFO  impl.RaftServerProxy (RaftServerProxy.java:addNew(89)) - 0e723869-d81b-4250-bf7c-b3eb1c130cc4: addNew group-0FA4EDB76208:[0e723869-d81b-4250-bf7c-b3eb1c130cc4:192.168.164.201:41994, a20d02fb-e889-4888-8041-7f0d463e97dc:192.168.164.201:39512, de4dd1fb-8e89-4d8f-a94c-eecd5ba9e4a0:192.168.164.201:35026] returns group-0FA4EDB76208:java.util.concurrent.CompletableFuture@52254b6[Not completed]
2019-10-17 20:24:11,187 [grpc-default-executor-3] INFO  impl.RaftServerProxy (RaftServerProxy.java:addNew(89)) - a20d02fb-e889-4888-8041-7f0d463e97dc: addNew group-0FA4EDB76208:[0e723869-d81b-4250-bf7c-b3eb1c130cc4:192.168.164.201:41994, a20d02fb-e889-4888-8041-7f0d463e97dc:192.168.164.201:39512, de4dd1fb-8e89-4d8f-a94c-eecd5ba9e4a0:192.168.164.201:35026] returns group-0FA4EDB76208:java.util.concurrent.CompletableFuture@5f04a097[Not completed]
2019-10-17 20:24:11,187 [grpc-default-executor-0] INFO  impl.RaftServerProxy (RaftServerProxy.java:addNew(89)) - de4dd1fb-8e89-4d8f-a94c-eecd5ba9e4a0: addNew group-0FA4EDB76208:[0e723869-d81b-4250-bf7c-b3eb1c130cc4:192.168.164.201:41994, a20d02fb-e889-4888-8041-7f0d463e97dc:192.168.164.201:39512, de4dd1fb-8e89-4d8f-a94c-eecd5ba9e4a0:192.168.164.201:35026] returns group-0FA4EDB76208:java.util.concurrent.CompletableFuture@71165aa3[Not completed]
2019-10-17 20:24:11,190 [pool-57-thread-1] INFO  impl.RaftServerImpl (RaftServerImpl.java:<init>(104)) - 0e723869-d81b-4250-bf7c-b3eb1c130cc4: new RaftServerImpl for group-0FA4EDB76208:[0e723869-d81b-4250-bf7c-b3eb1c130cc4:192.168.164.201:41994, a20d02fb-e889-4888-8041-7f0d463e97dc:192.168.164.201:39512, de4dd1fb-8e89-4d8f-a94c-eecd5ba9e4a0:192.168.164.201:35026] with ContainerStateMachine:uninitialized
2019-10-17 20:24:11,190 [pool-57-thread-1] INFO  server.RaftServerConfigKeys (ConfUtils.java:logGet(43)) - raft.server.rpc.timeout.min = 5s (custom)
2019-10-17 20:24:11,190 [pool-57-thread-1] INFO  server.RaftServerConfigKeys (ConfUtils.java:logGet(43)) - raft.server.rpc.timeout.max = 5200ms (custom)
2019-10-17 20:24:11,190 [pool-57-thread-1] INFO  server.RaftServerConfigKeys (ConfUtils.java:logGet(43)) - raft.server.rpcslowness.timeout = 120s (custom)
2019-10-17 20:24:11,190 [pool-57-thread-1] INFO  server.RaftServerConfigKeys (ConfUtils.java:logGet(43)) - raft.server.sleep.deviation.threshold = 300 (default)
2019-10-17 20:24:11,190 [pool-57-thread-1] INFO  server.RaftServerConfigKeys (ConfUtils.java:logGet(43)) - raft.server.log.appender.install.snapshot.enabled = false (custom)
2019-10-17 20:24:11,190 [pool-57-thread-1] INFO  impl.RaftServerImpl (ServerState.java:<init>(103)) - 0e723869-d81b-4250-bf7c-b3eb1c130cc4@group-0FA4EDB76208: ConfigurationManager, init=-1: [0e723869-d81b-4250-bf7c-b3eb1c130cc4:192.168.164.201:41994, a20d02fb-e889-4888-8041-7f0d463e97dc:192.168.164.201:39512, de4dd1fb-8e89-4d8f-a94c-eecd5ba9e4a0:192.168.164.201:35026], old=null, confs=<EMPTY_MAP>
2019-10-17 20:24:11,191 [pool-57-thread-1] INFO  server.RaftServerConfigKeys (ConfUtils.java:logGet(43)) - raft.server.storage.dir = [/workdir/hadoop-ozone/ozonefs/target/test-dir/MiniOzoneClusterImpl-49a456bf-8bac-41f1-b9b0-8de4948a8c4b/datanode-3/data/ratis] (custom)
2019-10-17 20:24:11,191 [pool-57-thread-1] INFO  server.RaftServerConfigKeys (ConfUtils.java:logGet(43)) - raft.server.log.corruption.policy = EXCEPTION (default)
2019-10-17 20:24:11,191 [pool-67-thread-1] INFO  impl.RaftServerImpl (RaftServerImpl.java:<init>(104)) - a20d02fb-e889-4888-8041-7f0d463e97dc: new RaftServerImpl for group-0FA4EDB76208:[0e723869-d81b-4250-bf7c-b3eb1c130cc4:192.168.164.201:41994, a20d02fb-e889-4888-8041-7f0d463e97dc:192.168.164.201:39512, de4dd1fb-8e89-4d8f-a94c-eecd5ba9e4a0:192.168.164.201:35026] with ContainerStateMachine:uninitialized
2019-10-17 20:24:11,191 [pool-57-thread-1] INFO  storage.RaftStorageDirectory (RaftStorageDirectory.java:analyzeStorage(246)) - The storage directory /workdir/hadoop-ozone/ozonefs/target/test-dir/MiniOzoneClusterImpl-49a456bf-8bac-41f1-b9b0-8de4948a8c4b/datanode-3/data/ratis/8873846f-9cd8-493d-803a-0fa4edb76208 does not exist. Creating ...
2019-10-17 20:24:11,191 [pool-67-thread-1] INFO  server.RaftServerConfigKeys (ConfUtils.java:logGet(43)) - raft.server.rpc.timeout.min = 5s (custom)
2019-10-17 20:24:11,191 [pool-67-thread-1] INFO  server.RaftServerConfigKeys (ConfUtils.java:logGet(43)) - raft.server.rpc.timeout.max = 5200ms (custom)
2019-10-17 20:24:11,191 [pool-67-thread-1] INFO  server.RaftServerConfigKeys (ConfUtils.java:logGet(43)) - raft.server.rpcslowness.timeout = 120s (custom)
2019-10-17 20:24:11,192 [pool-67-thread-1] INFO  server.RaftServerConfigKeys (ConfUtils.java:logGet(43)) - raft.server.sleep.deviation.threshold = 300 (default)
2019-10-17 20:24:11,192 [pool-27-thread-1] INFO  impl.RaftServerImpl (RaftServerImpl.java:<init>(104)) - de4dd1fb-8e89-4d8f-a94c-eecd5ba9e4a0: new RaftServerImpl for group-0FA4EDB76208:[0e723869-d81b-4250-bf7c-b3eb1c130cc4:192.168.164.201:41994, a20d02fb-e889-4888-8041-7f0d463e97dc:192.168.164.201:39512, de4dd1fb-8e89-4d8f-a94c-eecd5ba9e4a0:192.168.164.201:35026] with ContainerStateMachine:uninitialized
2019-10-17 20:24:11,192 [pool-67-thread-1] INFO  server.RaftServerConfigKeys (ConfUtils.java:logGet(43)) - raft.server.log.appender.install.snapshot.enabled = false (custom)
2019-10-17 20:24:11,192 [pool-27-thread-1] INFO  server.RaftServerConfigKeys (ConfUtils.java:logGet(43)) - raft.server.rpc.timeout.min = 5s (custom)
2019-10-17 20:24:11,192 [pool-67-thread-1] INFO  impl.RaftServerImpl (ServerState.java:<init>(103)) - a20d02fb-e889-4888-8041-7f0d463e97dc@group-0FA4EDB76208: ConfigurationManager, init=-1: [0e723869-d81b-4250-bf7c-b3eb1c130cc4:192.168.164.201:41994, a20d02fb-e889-4888-8041-7f0d463e97dc:192.168.164.201:39512, de4dd1fb-8e89-4d8f-a94c-eecd5ba9e4a0:192.168.164.201:35026], old=null, confs=<EMPTY_MAP>
2019-10-17 20:24:11,192 [pool-27-thread-1] INFO  server.RaftServerConfigKeys (ConfUtils.java:logGet(43)) - raft.server.rpc.timeout.max = 5200ms (custom)
2019-10-17 20:24:11,192 [pool-67-thread-1] INFO  server.RaftServerConfigKeys (ConfUtils.java:logGet(43)) - raft.server.storage.dir = [/workdir/hadoop-ozone/ozonefs/target/test-dir/MiniOzoneClusterImpl-49a456bf-8bac-41f1-b9b0-8de4948a8c4b/datanode-4/data/ratis] (custom)
2019-10-17 20:24:11,192 [pool-27-thread-1] INFO  server.RaftServerConfigKeys (ConfUtils.java:logGet(43)) - raft.server.rpcslowness.timeout = 120s (custom)
2019-10-17 20:24:11,193 [pool-27-thread-1] INFO  server.RaftServerConfigKeys (ConfUtils.java:logGet(43)) - raft.server.sleep.deviation.threshold = 300 (default)
2019-10-17 20:24:11,193 [pool-67-thread-1] INFO  server.RaftServerConfigKeys (ConfUtils.java:logGet(43)) - raft.server.log.corruption.policy = EXCEPTION (default)
2019-10-17 20:24:11,193 [pool-27-thread-1] INFO  server.RaftServerConfigKeys (ConfUtils.java:logGet(43)) - raft.server.log.appender.install.snapshot.enabled = false (custom)
2019-10-17 20:24:11,193 [pool-67-thread-1] INFO  storage.RaftStorageDirectory (RaftStorageDirectory.java:analyzeStorage(246)) - The storage directory /workdir/hadoop-ozone/ozonefs/target/test-dir/MiniOzoneClusterImpl-49a456bf-8bac-41f1-b9b0-8de4948a8c4b/datanode-4/data/ratis/8873846f-9cd8-493d-803a-0fa4edb76208 does not exist. Creating ...
2019-10-17 20:24:11,193 [pool-27-thread-1] INFO  impl.RaftServerImpl (ServerState.java:<init>(103)) - de4dd1fb-8e89-4d8f-a94c-eecd5ba9e4a0@group-0FA4EDB76208: ConfigurationManager, init=-1: [0e723869-d81b-4250-bf7c-b3eb1c130cc4:192.168.164.201:41994, a20d02fb-e889-4888-8041-7f0d463e97dc:192.168.164.201:39512, de4dd1fb-8e89-4d8f-a94c-eecd5ba9e4a0:192.168.164.201:35026], old=null, confs=<EMPTY_MAP>
2019-10-17 20:24:11,193 [pool-27-thread-1] INFO  server.RaftServerConfigKeys (ConfUtils.java:logGet(43)) - raft.server.storage.dir = [/workdir/hadoop-ozone/ozonefs/target/test-dir/MiniOzoneClusterImpl-49a456bf-8bac-41f1-b9b0-8de4948a8c4b/datanode-0/data/ratis] (custom)
2019-10-17 20:24:11,194 [pool-27-thread-1] INFO  server.RaftServerConfigKeys (ConfUtils.java:logGet(43)) - raft.server.log.corruption.policy = EXCEPTION (default)
2019-10-17 20:24:11,194 [pool-27-thread-1] INFO  storage.RaftStorageDirectory (RaftStorageDirectory.java:analyzeStorage(246)) - The storage directory /workdir/hadoop-ozone/ozonefs/target/test-dir/MiniOzoneClusterImpl-49a456bf-8bac-41f1-b9b0-8de4948a8c4b/datanode-0/data/ratis/8873846f-9cd8-493d-803a-0fa4edb76208 does not exist. Creating ...
2019-10-17 20:24:11,215 [pool-57-thread-1] INFO  storage.RaftStorageDirectory (RaftStorageDirectory.java:tryLock(328)) - Lock on /workdir/hadoop-ozone/ozonefs/target/test-dir/MiniOzoneClusterImpl-49a456bf-8bac-41f1-b9b0-8de4948a8c4b/datanode-3/data/ratis/8873846f-9cd8-493d-803a-0fa4edb76208/in_use.lock acquired by nodename 22883@pr-hdds-1868-s6sc9-3720172378
2019-10-17 20:24:11,215 [pool-67-thread-1] INFO  storage.RaftStorageDirectory (RaftStorageDirectory.java:tryLock(328)) - Lock on /workdir/hadoop-ozone/ozonefs/target/test-dir/MiniOzoneClusterImpl-49a456bf-8bac-41f1-b9b0-8de4948a8c4b/datanode-4/data/ratis/8873846f-9cd8-493d-803a-0fa4edb76208/in_use.lock acquired by nodename 22883@pr-hdds-1868-s6sc9-3720172378
2019-10-17 20:24:11,215 [pool-27-thread-1] INFO  storage.RaftStorageDirectory (RaftStorageDirectory.java:tryLock(328)) - Lock on /workdir/hadoop-ozone/ozonefs/target/test-dir/MiniOzoneClusterImpl-49a456bf-8bac-41f1-b9b0-8de4948a8c4b/datanode-0/data/ratis/8873846f-9cd8-493d-803a-0fa4edb76208/in_use.lock acquired by nodename 22883@pr-hdds-1868-s6sc9-3720172378
2019-10-17 20:24:11,237 [pool-57-thread-1] INFO  storage.RaftStorage (RaftStorage.java:format(84)) - Storage directory /workdir/hadoop-ozone/ozonefs/target/test-dir/MiniOzoneClusterImpl-49a456bf-8bac-41f1-b9b0-8de4948a8c4b/datanode-3/data/ratis/8873846f-9cd8-493d-803a-0fa4edb76208 has been successfully formatted.
2019-10-17 20:24:11,238 [pool-67-thread-1] INFO  storage.RaftStorage (RaftStorage.java:format(84)) - Storage directory /workdir/hadoop-ozone/ozonefs/target/test-dir/MiniOzoneClusterImpl-49a456bf-8bac-41f1-b9b0-8de4948a8c4b/datanode-4/data/ratis/8873846f-9cd8-493d-803a-0fa4edb76208 has been successfully formatted.
2019-10-17 20:24:11,238 [pool-57-thread-1] INFO  ratis.ContainerStateMachine (ContainerStateMachine.java:loadSnapshot(233)) - group-0FA4EDB76208: The snapshot info is null. Setting the last applied indexto:(t:0, i:~)
2019-10-17 20:24:11,238 [pool-27-thread-1] INFO  storage.RaftStorage (RaftStorage.java:format(84)) - Storage directory /workdir/hadoop-ozone/ozonefs/target/test-dir/MiniOzoneClusterImpl-49a456bf-8bac-41f1-b9b0-8de4948a8c4b/datanode-0/data/ratis/8873846f-9cd8-493d-803a-0fa4edb76208 has been successfully formatted.
2019-10-17 20:24:11,238 [pool-57-thread-1] INFO  server.RaftServerConfigKeys (ConfUtils.java:logGet(43)) - raft.server.notification.no-leader.timeout = 120s (custom)
2019-10-17 20:24:11,238 [pool-67-thread-1] INFO  ratis.ContainerStateMachine (ContainerStateMachine.java:loadSnapshot(233)) - group-0FA4EDB76208: The snapshot info is null. Setting the last applied indexto:(t:0, i:~)
2019-10-17 20:24:11,238 [pool-27-thread-1] INFO  ratis.ContainerStateMachine (ContainerStateMachine.java:loadSnapshot(233)) - group-0FA4EDB76208: The snapshot info is null. Setting the last applied indexto:(t:0, i:~)
2019-10-17 20:24:11,238 [pool-57-thread-1] INFO  server.RaftServerConfigKeys (ConfUtils.java:logGet(43)) - raft.server.log.use.memory = false (default)
2019-10-17 20:24:11,239 [pool-27-thread-1] INFO  server.RaftServerConfigKeys (ConfUtils.java:logGet(43)) - raft.server.notification.no-leader.timeout = 120s (custom)
2019-10-17 20:24:11,238 [pool-67-thread-1] INFO  server.RaftServerConfigKeys (ConfUtils.java:logGet(43)) - raft.server.notification.no-leader.timeout = 120s (custom)
2019-10-17 20:24:11,239 [pool-27-thread-1] INFO  server.RaftServerConfigKeys (ConfUtils.java:logGet(43)) - raft.server.log.use.memory = false (default)
2019-10-17 20:24:11,239 [pool-57-thread-1] INFO  server.RaftServerConfigKeys (ConfUtils.java:logGet(43)) - raft.server.log.purge.gap = 1000000 (custom)
2019-10-17 20:24:11,239 [pool-27-thread-1] INFO  server.RaftServerConfigKeys (ConfUtils.java:logGet(43)) - raft.server.log.purge.gap = 1000000 (custom)
2019-10-17 20:24:11,239 [pool-67-thread-1] INFO  server.RaftServerConfigKeys (ConfUtils.java:logGet(43)) - raft.server.log.use.memory = false (default)
2019-10-17 20:24:11,239 [pool-27-thread-1] INFO  server.RaftServerConfigKeys (ConfUtils.java:logGet(43)) - raft.server.log.appender.buffer.byte-limit = 33554432 (custom)
2019-10-17 20:24:11,239 [pool-57-thread-1] INFO  server.RaftServerConfigKeys (ConfUtils.java:logGet(43)) - raft.server.log.appender.buffer.byte-limit = 33554432 (custom)
2019-10-17 20:24:11,240 [pool-27-thread-1] INFO  server.RaftServerConfigKeys (ConfUtils.java:logGet(43)) - raft.server.log.segment.size.max = 1048576 (custom)
2019-10-17 20:24:11,239 [pool-67-thread-1] INFO  server.RaftServerConfigKeys (ConfUtils.java:logGet(43)) - raft.server.log.purge.gap = 1000000 (custom)
2019-10-17 20:24:11,240 [pool-27-thread-1] INFO  server.RaftServerConfigKeys (ConfUtils.java:logGet(43)) - raft.server.log.segment.cache.num.max = 2 (custom)
2019-10-17 20:24:11,240 [pool-57-thread-1] INFO  server.RaftServerConfigKeys (ConfUtils.java:logGet(43)) - raft.server.log.segment.size.max = 1048576 (custom)
2019-10-17 20:24:11,240 [pool-27-thread-1] INFO  segmented.SegmentedRaftLogWorker (SegmentedRaftLogWorker.java:<init>(173)) - new de4dd1fb-8e89-4d8f-a94c-eecd5ba9e4a0@group-0FA4EDB76208-SegmentedRaftLogWorker for RaftStorage:Storage Directory /workdir/hadoop-ozone/ozonefs/target/test-dir/MiniOzoneClusterImpl-49a456bf-8bac-41f1-b9b0-8de4948a8c4b/datanode-0/data/ratis/8873846f-9cd8-493d-803a-0fa4edb76208
2019-10-17 20:24:11,240 [pool-67-thread-1] INFO  server.RaftServerConfigKeys (ConfUtils.java:logGet(43)) - raft.server.log.appender.buffer.byte-limit = 33554432 (custom)
2019-10-17 20:24:11,240 [pool-57-thread-1] INFO  server.RaftServerConfigKeys (ConfUtils.java:logGet(43)) - raft.server.log.segment.cache.num.max = 2 (custom)
2019-10-17 20:24:11,240 [pool-27-thread-1] INFO  server.RaftServerConfigKeys (ConfUtils.java:logGet(43)) - raft.server.log.queue.byte-limit = 2147483647 (custom)
2019-10-17 20:24:11,241 [pool-57-thread-1] INFO  segmented.SegmentedRaftLogWorker (SegmentedRaftLogWorker.java:<init>(173)) - new 0e723869-d81b-4250-bf7c-b3eb1c130cc4@group-0FA4EDB76208-SegmentedRaftLogWorker for RaftStorage:Storage Directory /workdir/hadoop-ozone/ozonefs/target/test-dir/MiniOzoneClusterImpl-49a456bf-8bac-41f1-b9b0-8de4948a8c4b/datanode-3/data/ratis/8873846f-9cd8-493d-803a-0fa4edb76208
2019-10-17 20:24:11,241 [pool-67-thread-1] INFO  server.RaftServerConfigKeys (ConfUtils.java:logGet(43)) - raft.server.log.segment.size.max = 1048576 (custom)
2019-10-17 20:24:11,241 [pool-57-thread-1] INFO  server.RaftServerConfigKeys (ConfUtils.java:logGet(43)) - raft.server.log.queue.byte-limit = 2147483647 (custom)
2019-10-17 20:24:11,241 [pool-27-thread-1] INFO  server.RaftServerConfigKeys (ConfUtils.java:logGet(43)) - raft.server.log.queue.element-limit = 1024 (custom)
2019-10-17 20:24:11,241 [pool-57-thread-1] INFO  server.RaftServerConfigKeys (ConfUtils.java:logGet(43)) - raft.server.log.queue.element-limit = 1024 (custom)
2019-10-17 20:24:11,242 [pool-57-thread-1] INFO  server.RaftServerConfigKeys (ConfUtils.java:logGet(43)) - raft.server.log.segment.size.max = 1048576 (custom)
2019-10-17 20:24:11,241 [pool-67-thread-1] INFO  server.RaftServerConfigKeys (ConfUtils.java:logGet(43)) - raft.server.log.segment.cache.num.max = 2 (custom)
2019-10-17 20:24:11,242 [pool-57-thread-1] INFO  server.RaftServerConfigKeys (ConfUtils.java:logGet(43)) - raft.server.log.preallocated.size = 16384 (custom)
2019-10-17 20:24:11,241 [pool-27-thread-1] INFO  server.RaftServerConfigKeys (ConfUtils.java:logGet(43)) - raft.server.log.segment.size.max = 1048576 (custom)
2019-10-17 20:24:11,242 [pool-57-thread-1] INFO  server.RaftServerConfigKeys (ConfUtils.java:logGet(43)) - raft.server.log.write.buffer.size = 33554432 (custom)
2019-10-17 20:24:11,242 [pool-67-thread-1] INFO  segmented.SegmentedRaftLogWorker (SegmentedRaftLogWorker.java:<init>(173)) - new a20d02fb-e889-4888-8041-7f0d463e97dc@group-0FA4EDB76208-SegmentedRaftLogWorker for RaftStorage:Storage Directory /workdir/hadoop-ozone/ozonefs/target/test-dir/MiniOzoneClusterImpl-49a456bf-8bac-41f1-b9b0-8de4948a8c4b/datanode-4/data/ratis/8873846f-9cd8-493d-803a-0fa4edb76208
2019-10-17 20:24:11,242 [pool-57-thread-1] INFO  server.RaftServerConfigKeys (ConfUtils.java:logGet(43)) - raft.server.log.force.sync.num = 128 (default)
2019-10-17 20:24:11,242 [pool-27-thread-1] INFO  server.RaftServerConfigKeys (ConfUtils.java:logGet(43)) - raft.server.log.preallocated.size = 16384 (custom)
2019-10-17 20:24:11,243 [pool-57-thread-1] INFO  server.RaftServerConfigKeys (ConfUtils.java:logGet(43)) - raft.server.log.statemachine.data.sync = true (default)
2019-10-17 20:24:11,243 [pool-67-thread-1] INFO  server.RaftServerConfigKeys (ConfUtils.java:logGet(43)) - raft.server.log.queue.byte-limit = 2147483647 (custom)
2019-10-17 20:24:11,246 [pool-57-thread-1] INFO  server.RaftServerConfigKeys (ConfUtils.java:logGet(43)) - raft.server.log.statemachine.data.sync.timeout = 10s (default)
2019-10-17 20:24:11,246 [pool-27-thread-1] INFO  server.RaftServerConfigKeys (ConfUtils.java:logGet(43)) - raft.server.log.write.buffer.size = 33554432 (custom)
2019-10-17 20:24:11,246 [pool-57-thread-1] INFO  server.RaftServerConfigKeys (ConfUtils.java:logGet(43)) - raft.server.log.statemachine.data.sync.timeout.retry = -1 (default)
2019-10-17 20:24:11,246 [pool-67-thread-1] INFO  server.RaftServerConfigKeys (ConfUtils.java:logGet(43)) - raft.server.log.queue.element-limit = 1024 (custom)
2019-10-17 20:24:11,247 [pool-57-thread-1] INFO  server.RaftServerConfigKeys (ConfUtils.java:logGet(43)) - raft.server.log.statemachine.data.caching.enabled = true (custom)
2019-10-17 20:24:11,247 [pool-67-thread-1] INFO  server.RaftServerConfigKeys (ConfUtils.java:logGet(43)) - raft.server.log.segment.size.max = 1048576 (custom)
2019-10-17 20:24:11,247 [pool-27-thread-1] INFO  server.RaftServerConfigKeys (ConfUtils.java:logGet(43)) - raft.server.log.force.sync.num = 128 (default)
2019-10-17 20:24:11,247 [pool-57-thread-1] INFO  segmented.SegmentedRaftLogWorker (SegmentedRaftLogWorker.java:lambda$new$0(128)) - 0e723869-d81b-4250-bf7c-b3eb1c130cc4@group-0FA4EDB76208-SegmentedRaftLogWorker: flushIndex: setUnconditionally 0 -> -1
2019-10-17 20:24:11,247 [pool-67-thread-1] INFO  server.RaftServerConfigKeys (ConfUtils.java:logGet(43)) - raft.server.log.preallocated.size = 16384 (custom)
2019-10-17 20:24:11,247 [pool-27-thread-1] INFO  server.RaftServerConfigKeys (ConfUtils.java:logGet(43)) - raft.server.log.statemachine.data.sync = true (default)
2019-10-17 20:24:11,248 [pool-67-thread-1] INFO  server.RaftServerConfigKeys (ConfUtils.java:logGet(43)) - raft.server.log.write.buffer.size = 33554432 (custom)
2019-10-17 20:24:11,248 [pool-57-thread-1] INFO  server.RaftServerConfigKeys (ConfUtils.java:logGet(43)) - raft.server.snapshot.auto.trigger.enabled = true (custom)
2019-10-17 20:24:11,248 [pool-67-thread-1] INFO  server.RaftServerConfigKeys (ConfUtils.java:logGet(43)) - raft.server.log.force.sync.num = 128 (default)
2019-10-17 20:24:11,248 [pool-27-thread-1] INFO  server.RaftServerConfigKeys (ConfUtils.java:logGet(43)) - raft.server.log.statemachine.data.sync.timeout = 10s (default)
2019-10-17 20:24:11,249 [pool-67-thread-1] INFO  server.RaftServerConfigKeys (ConfUtils.java:logGet(43)) - raft.server.log.statemachine.data.sync = true (default)
2019-10-17 20:24:11,248 [pool-57-thread-1] INFO  server.RaftServerConfigKeys (ConfUtils.java:logGet(43)) - raft.server.snapshot.auto.trigger.threshold = 10000 (custom)
2019-10-17 20:24:11,249 [pool-67-thread-1] INFO  server.RaftServerConfigKeys (ConfUtils.java:logGet(43)) - raft.server.log.statemachine.data.sync.timeout = 10s (default)
2019-10-17 20:24:11,249 [pool-27-thread-1] INFO  server.RaftServerConfigKeys (ConfUtils.java:logGet(43)) - raft.server.log.statemachine.data.sync.timeout.retry = -1 (default)
2019-10-17 20:24:11,249 [pool-67-thread-1] INFO  server.RaftServerConfigKeys (ConfUtils.java:logGet(43)) - raft.server.log.statemachine.data.sync.timeout.retry = -1 (default)
2019-10-17 20:24:11,249 [pool-57-thread-1] INFO  server.RaftServerConfigKeys (ConfUtils.java:logGet(43)) - raft.server.snapshot.retention.file.num = 5 (custom)
2019-10-17 20:24:11,250 [pool-27-thread-1] INFO  server.RaftServerConfigKeys (ConfUtils.java:logGet(43)) - raft.server.log.statemachine.data.caching.enabled = true (custom)
2019-10-17 20:24:11,250 [pool-67-thread-1] INFO  server.RaftServerConfigKeys (ConfUtils.java:logGet(43)) - raft.server.log.statemachine.data.caching.enabled = true (custom)
2019-10-17 20:24:11,250 [pool-57-thread-1] INFO  server.RaftServerConfigKeys (ConfUtils.java:logGet(43)) - raft.server.retrycache.expirytime = 600000ms (custom)
2019-10-17 20:24:11,250 [pool-27-thread-1] INFO  segmented.SegmentedRaftLogWorker (SegmentedRaftLogWorker.java:lambda$new$0(128)) - de4dd1fb-8e89-4d8f-a94c-eecd5ba9e4a0@group-0FA4EDB76208-SegmentedRaftLogWorker: flushIndex: setUnconditionally 0 -> -1
2019-10-17 20:24:11,250 [pool-67-thread-1] INFO  segmented.SegmentedRaftLogWorker (SegmentedRaftLogWorker.java:lambda$new$0(128)) - a20d02fb-e889-4888-8041-7f0d463e97dc@group-0FA4EDB76208-SegmentedRaftLogWorker: flushIndex: setUnconditionally 0 -> -1
2019-10-17 20:24:11,250 [pool-27-thread-1] INFO  server.RaftServerConfigKeys (ConfUtils.java:logGet(43)) - raft.server.snapshot.auto.trigger.enabled = true (custom)
2019-10-17 20:24:11,251 [pool-27-thread-1] INFO  server.RaftServerConfigKeys (ConfUtils.java:logGet(43)) - raft.server.snapshot.auto.trigger.threshold = 10000 (custom)
2019-10-17 20:24:11,251 [pool-67-thread-1] INFO  server.RaftServerConfigKeys (ConfUtils.java:logGet(43)) - raft.server.snapshot.auto.trigger.enabled = true (custom)
2019-10-17 20:24:11,251 [pool-27-thread-1] INFO  server.RaftServerConfigKeys (ConfUtils.java:logGet(43)) - raft.server.snapshot.retention.file.num = 5 (custom)
2019-10-17 20:24:11,251 [pool-67-thread-1] INFO  server.RaftServerConfigKeys (ConfUtils.java:logGet(43)) - raft.server.snapshot.auto.trigger.threshold = 10000 (custom)
2019-10-17 20:24:11,251 [pool-67-thread-1] INFO  server.RaftServerConfigKeys (ConfUtils.java:logGet(43)) - raft.server.snapshot.retention.file.num = 5 (custom)
2019-10-17 20:24:11,251 [pool-27-thread-1] INFO  server.RaftServerConfigKeys (ConfUtils.java:logGet(43)) - raft.server.retrycache.expirytime = 600000ms (custom)
2019-10-17 20:24:11,252 [pool-67-thread-1] INFO  server.RaftServerConfigKeys (ConfUtils.java:logGet(43)) - raft.server.retrycache.expirytime = 600000ms (custom)
2019-10-17 20:24:11,253 [pool-57-thread-1] INFO  impl.RaftServerImpl (RaftServerImpl.java:start(195)) - 0e723869-d81b-4250-bf7c-b3eb1c130cc4@group-0FA4EDB76208: start as a follower, conf=-1: [0e723869-d81b-4250-bf7c-b3eb1c130cc4:192.168.164.201:41994, a20d02fb-e889-4888-8041-7f0d463e97dc:192.168.164.201:39512, de4dd1fb-8e89-4d8f-a94c-eecd5ba9e4a0:192.168.164.201:35026], old=null
2019-10-17 20:24:11,254 [pool-57-thread-1] INFO  impl.RaftServerImpl (RaftServerImpl.java:setRole(184)) - 0e723869-d81b-4250-bf7c-b3eb1c130cc4@group-0FA4EDB76208: changes role from      null to FOLLOWER at term 0 for startAsFollower
2019-10-17 20:24:11,254 [pool-57-thread-1] INFO  impl.RoleInfo (RoleInfo.java:updateAndGet(143)) - 0e723869-d81b-4250-bf7c-b3eb1c130cc4: start FollowerState
2019-10-17 20:24:11,254 [pool-57-thread-1] INFO  util.JmxRegister (JmxRegister.java:tryRegister(44)) - Successfully registered JMX Bean with object name Ratis:service=RaftServer,group=group-0FA4EDB76208,id=0e723869-d81b-4250-bf7c-b3eb1c130cc4
2019-10-17 20:24:11,257 [pool-27-thread-1] INFO  impl.RaftServerImpl (RaftServerImpl.java:start(195)) - de4dd1fb-8e89-4d8f-a94c-eecd5ba9e4a0@group-0FA4EDB76208: start as a follower, conf=-1: [0e723869-d81b-4250-bf7c-b3eb1c130cc4:192.168.164.201:41994, a20d02fb-e889-4888-8041-7f0d463e97dc:192.168.164.201:39512, de4dd1fb-8e89-4d8f-a94c-eecd5ba9e4a0:192.168.164.201:35026], old=null
2019-10-17 20:24:11,258 [pool-27-thread-1] INFO  impl.RaftServerImpl (RaftServerImpl.java:setRole(184)) - de4dd1fb-8e89-4d8f-a94c-eecd5ba9e4a0@group-0FA4EDB76208: changes role from      null to FOLLOWER at term 0 for startAsFollower
2019-10-17 20:24:11,259 [pool-27-thread-1] INFO  impl.RoleInfo (RoleInfo.java:updateAndGet(143)) - de4dd1fb-8e89-4d8f-a94c-eecd5ba9e4a0: start FollowerState
2019-10-17 20:24:11,259 [pool-67-thread-1] INFO  impl.RaftServerImpl (RaftServerImpl.java:start(195)) - a20d02fb-e889-4888-8041-7f0d463e97dc@group-0FA4EDB76208: start as a follower, conf=-1: [0e723869-d81b-4250-bf7c-b3eb1c130cc4:192.168.164.201:41994, a20d02fb-e889-4888-8041-7f0d463e97dc:192.168.164.201:39512, de4dd1fb-8e89-4d8f-a94c-eecd5ba9e4a0:192.168.164.201:35026], old=null
2019-10-17 20:24:11,259 [pool-67-thread-1] INFO  impl.RaftServerImpl (RaftServerImpl.java:setRole(184)) - a20d02fb-e889-4888-8041-7f0d463e97dc@group-0FA4EDB76208: changes role from      null to FOLLOWER at term 0 for startAsFollower
2019-10-17 20:24:11,259 [pool-27-thread-1] INFO  util.JmxRegister (JmxRegister.java:tryRegister(44)) - Successfully registered JMX Bean with object name Ratis:service=RaftServer,group=group-0FA4EDB76208,id=de4dd1fb-8e89-4d8f-a94c-eecd5ba9e4a0
2019-10-17 20:24:11,259 [pool-67-thread-1] INFO  impl.RoleInfo (RoleInfo.java:updateAndGet(143)) - a20d02fb-e889-4888-8041-7f0d463e97dc: start FollowerState
2019-10-17 20:24:11,260 [pool-67-thread-1] INFO  util.JmxRegister (JmxRegister.java:tryRegister(44)) - Successfully registered JMX Bean with object name Ratis:service=RaftServer,group=group-0FA4EDB76208,id=a20d02fb-e889-4888-8041-7f0d463e97dc
2019-10-17 20:24:11,273 [Thread-338] INFO  impl.FollowerState (FollowerState.java:run(108)) - de4dd1fb-8e89-4d8f-a94c-eecd5ba9e4a0@group-0FA4EDB76208-FollowerState: change to CANDIDATE, lastRpcTime:14ms, electionTimeout:13ms
2019-10-17 20:24:11,273 [Thread-338] INFO  impl.RoleInfo (RoleInfo.java:shutdownFollowerState(121)) - de4dd1fb-8e89-4d8f-a94c-eecd5ba9e4a0: shutdown FollowerState
2019-10-17 20:24:11,273 [Thread-338] INFO  impl.RaftServerImpl (RaftServerImpl.java:setRole(184)) - de4dd1fb-8e89-4d8f-a94c-eecd5ba9e4a0@group-0FA4EDB76208: changes role from  FOLLOWER to CANDIDATE at term 0 for changeToCandidate
2019-10-17 20:24:11,274 [Thread-338] INFO  impl.RoleInfo (RoleInfo.java:updateAndGet(143)) - de4dd1fb-8e89-4d8f-a94c-eecd5ba9e4a0: start LeaderElection
2019-10-17 20:24:11,280 [RatisPipelineUtilsThread] INFO  pipeline.PipelineStateManager (PipelineStateManager.java:addPipeline(55)) - Created pipeline Pipeline[ Id: 8873846f-9cd8-493d-803a-0fa4edb76208, Nodes: 0e723869-d81b-4250-bf7c-b3eb1c130cc4{ip: 192.168.164.201, host: pr-hdds-1868-s6sc9-3720172378, networkLocation: /default-rack, certSerialId: null}de4dd1fb-8e89-4d8f-a94c-eecd5ba9e4a0{ip: 192.168.164.201, host: pr-hdds-1868-s6sc9-3720172378, networkLocation: /default-rack, certSerialId: null}a20d02fb-e889-4888-8041-7f0d463e97dc{ip: 192.168.164.201, host: pr-hdds-1868-s6sc9-3720172378, networkLocation: /default-rack, certSerialId: null}, Type:RATIS, Factor:THREE, State:ALLOCATED]
2019-10-17 20:24:11,303 [de4dd1fb-8e89-4d8f-a94c-eecd5ba9e4a0@group-0FA4EDB76208-LeaderElection18] INFO  impl.LeaderElection (LeaderElection.java:askForVotes(178)) - de4dd1fb-8e89-4d8f-a94c-eecd5ba9e4a0@group-0FA4EDB76208-LeaderElection18: begin an election at term 1 for -1: [0e723869-d81b-4250-bf7c-b3eb1c130cc4:192.168.164.201:41994, a20d02fb-e889-4888-8041-7f0d463e97dc:192.168.164.201:39512, de4dd1fb-8e89-4d8f-a94c-eecd5ba9e4a0:192.168.164.201:35026], old=null
2019-10-17 20:24:11,312 [grpc-default-executor-0] INFO  impl.RaftServerImpl (RaftServerImpl.java:setRole(184)) - 0e723869-d81b-4250-bf7c-b3eb1c130cc4@group-0FA4EDB76208: changes role from  FOLLOWER to FOLLOWER at term 1 for recognizeCandidate:de4dd1fb-8e89-4d8f-a94c-eecd5ba9e4a0
2019-10-17 20:24:11,312 [grpc-default-executor-3] INFO  impl.RaftServerImpl (RaftServerImpl.java:setRole(184)) - a20d02fb-e889-4888-8041-7f0d463e97dc@group-0FA4EDB76208: changes role from  FOLLOWER to FOLLOWER at term 1 for recognizeCandidate:de4dd1fb-8e89-4d8f-a94c-eecd5ba9e4a0
2019-10-17 20:24:11,313 [grpc-default-executor-0] INFO  impl.RoleInfo (RoleInfo.java:shutdownFollowerState(121)) - 0e723869-d81b-4250-bf7c-b3eb1c130cc4: shutdown FollowerState
2019-10-17 20:24:11,313 [grpc-default-executor-3] INFO  impl.RoleInfo (RoleInfo.java:shutdownFollowerState(121)) - a20d02fb-e889-4888-8041-7f0d463e97dc: shutdown FollowerState
2019-10-17 20:24:11,314 [grpc-default-executor-0] INFO  impl.RoleInfo (RoleInfo.java:updateAndGet(143)) - 0e723869-d81b-4250-bf7c-b3eb1c130cc4: start FollowerState
2019-10-17 20:24:11,314 [Thread-337] INFO  impl.FollowerState (FollowerState.java:run(117)) - 0e723869-d81b-4250-bf7c-b3eb1c130cc4@group-0FA4EDB76208-FollowerState was interrupted: java.lang.InterruptedException: sleep interrupted
2019-10-17 20:24:11,314 [Thread-339] INFO  impl.FollowerState (FollowerState.java:run(117)) - a20d02fb-e889-4888-8041-7f0d463e97dc@group-0FA4EDB76208-FollowerState was interrupted: java.lang.InterruptedException: sleep interrupted
2019-10-17 20:24:11,314 [grpc-default-executor-3] INFO  impl.RoleInfo (RoleInfo.java:updateAndGet(143)) - a20d02fb-e889-4888-8041-7f0d463e97dc: start FollowerState
2019-10-17 20:24:11,341 [de4dd1fb-8e89-4d8f-a94c-eecd5ba9e4a0@group-0FA4EDB76208-LeaderElection18] INFO  impl.LeaderElection (LeaderElection.java:logAndReturn(56)) - de4dd1fb-8e89-4d8f-a94c-eecd5ba9e4a0@group-0FA4EDB76208-LeaderElection18: Election PASSED; received 1 response(s) [de4dd1fb-8e89-4d8f-a94c-eecd5ba9e4a0<-0e723869-d81b-4250-bf7c-b3eb1c130cc4#0:OK-t1] and 0 exception(s); de4dd1fb-8e89-4d8f-a94c-eecd5ba9e4a0@group-0FA4EDB76208:t1, leader=null, voted=de4dd1fb-8e89-4d8f-a94c-eecd5ba9e4a0, raftlog=de4dd1fb-8e89-4d8f-a94c-eecd5ba9e4a0@group-0FA4EDB76208-SegmentedRaftLog:OPENED:c-1,f-1,i0, conf=-1: [0e723869-d81b-4250-bf7c-b3eb1c130cc4:192.168.164.201:41994, a20d02fb-e889-4888-8041-7f0d463e97dc:192.168.164.201:39512, de4dd1fb-8e89-4d8f-a94c-eecd5ba9e4a0:192.168.164.201:35026], old=null
2019-10-17 20:24:11,341 [de4dd1fb-8e89-4d8f-a94c-eecd5ba9e4a0@group-0FA4EDB76208-LeaderElection18] INFO  impl.RoleInfo (RoleInfo.java:shutdownLeaderElection(134)) - de4dd1fb-8e89-4d8f-a94c-eecd5ba9e4a0: shutdown LeaderElection
2019-10-17 20:24:11,341 [de4dd1fb-8e89-4d8f-a94c-eecd5ba9e4a0@group-0FA4EDB76208-LeaderElection18] INFO  impl.RaftServerImpl (RaftServerImpl.java:setRole(184)) - de4dd1fb-8e89-4d8f-a94c-eecd5ba9e4a0@group-0FA4EDB76208: changes role from CANDIDATE to LEADER at term 1 for changeToLeader
2019-10-17 20:24:11,341 [de4dd1fb-8e89-4d8f-a94c-eecd5ba9e4a0@group-0FA4EDB76208-LeaderElection18] INFO  ratis.XceiverServerRatis (XceiverServerRatis.java:handleLeaderChangedNotification(700)) - Leader change notification received for group: group-0FA4EDB76208 with new leaderId: de4dd1fb-8e89-4d8f-a94c-eecd5ba9e4a0
2019-10-17 20:24:11,341 [de4dd1fb-8e89-4d8f-a94c-eecd5ba9e4a0@group-0FA4EDB76208-LeaderElection18] INFO  impl.RaftServerImpl (ServerState.java:setLeader(256)) - de4dd1fb-8e89-4d8f-a94c-eecd5ba9e4a0@group-0FA4EDB76208: change Leader from null to de4dd1fb-8e89-4d8f-a94c-eecd5ba9e4a0 at term 1 for becomeLeader, leader elected after 102ms
2019-10-17 20:24:11,341 [de4dd1fb-8e89-4d8f-a94c-eecd5ba9e4a0@group-0FA4EDB76208-LeaderElection18] INFO  server.RaftServerConfigKeys (ConfUtils.java:logGet(43)) - raft.server.staging.catchup.gap = 1000 (default)
2019-10-17 20:24:11,342 [de4dd1fb-8e89-4d8f-a94c-eecd5ba9e4a0@group-0FA4EDB76208-LeaderElection18] INFO  server.RaftServerConfigKeys (ConfUtils.java:logGet(43)) - raft.server.rpc.sleep.time = 25ms (default)
2019-10-17 20:24:11,342 [de4dd1fb-8e89-4d8f-a94c-eecd5ba9e4a0@group-0FA4EDB76208-LeaderElection18] INFO  server.RaftServerConfigKeys (ConfUtils.java:logGet(43)) - raft.server.write.element-limit = 4096 (default)
2019-10-17 20:24:11,347 [de4dd1fb-8e89-4d8f-a94c-eecd5ba9e4a0@group-0FA4EDB76208-LeaderElection18] INFO  server.RaftServerConfigKeys (ConfUtils.java:logGet(43)) - raft.server.watch.timeout = 10s (default)
2019-10-17 20:24:11,350 [Thread-347] INFO  impl.FollowerState (FollowerState.java:run(108)) - a20d02fb-e889-4888-8041-7f0d463e97dc@group-0FA4EDB76208-FollowerState: change to CANDIDATE, lastRpcTime:34ms, electionTimeout:32ms
2019-10-17 20:24:11,351 [de4dd1fb-8e89-4d8f-a94c-eecd5ba9e4a0@group-0FA4EDB76208-LeaderElection18] INFO  server.RaftServerConfigKeys (ConfUtils.java:logGet(43)) - raft.server.watch.timeout.denomination = 1s (default)
2019-10-17 20:24:11,351 [Thread-347] INFO  impl.RoleInfo (RoleInfo.java:shutdownFollowerState(121)) - a20d02fb-e889-4888-8041-7f0d463e97dc: shutdown FollowerState
2019-10-17 20:24:11,351 [de4dd1fb-8e89-4d8f-a94c-eecd5ba9e4a0@group-0FA4EDB76208-LeaderElection18] INFO  server.RaftServerConfigKeys (ConfUtils.java:logGet(43)) - raft.server.watch.element-limit = 65536 (default)
2019-10-17 20:24:11,351 [Thread-347] INFO  impl.RaftServerImpl (RaftServerImpl.java:setRole(184)) - a20d02fb-e889-4888-8041-7f0d463e97dc@group-0FA4EDB76208: changes role from  FOLLOWER to CANDIDATE at term 1 for changeToCandidate
2019-10-17 20:24:11,352 [Thread-347] INFO  impl.RoleInfo (RoleInfo.java:updateAndGet(143)) - a20d02fb-e889-4888-8041-7f0d463e97dc: start LeaderElection
2019-10-17 20:24:11,352 [EventQueue-PipelineReportForPipelineReportHandler] INFO  pipeline.PipelineReportHandler (PipelineReportHandler.java:processPipelineReport(119)) - Pipeline PipelineID=8873846f-9cd8-493d-803a-0fa4edb76208 reported by de4dd1fb-8e89-4d8f-a94c-eecd5ba9e4a0{ip: 192.168.164.201, host: pr-hdds-1868-s6sc9-3720172378, networkLocation: /default-rack, certSerialId: null} with leaderId de4dd1fb-8e89-4d8f-a94c-eecd5ba9e4a0
2019-10-17 20:24:11,375 [a20d02fb-e889-4888-8041-7f0d463e97dc@group-0FA4EDB76208-LeaderElection19] INFO  impl.LeaderElection (LeaderElection.java:askForVotes(178)) - a20d02fb-e889-4888-8041-7f0d463e97dc@group-0FA4EDB76208-LeaderElection19: begin an election at term 2 for -1: [0e723869-d81b-4250-bf7c-b3eb1c130cc4:192.168.164.201:41994, a20d02fb-e889-4888-8041-7f0d463e97dc:192.168.164.201:39512, de4dd1fb-8e89-4d8f-a94c-eecd5ba9e4a0:192.168.164.201:35026], old=null
2019-10-17 20:24:11,418 [grpc-default-executor-3] INFO  impl.RaftServerImpl (RaftServerImpl.java:setRole(184)) - 0e723869-d81b-4250-bf7c-b3eb1c130cc4@group-0FA4EDB76208: changes role from  FOLLOWER to FOLLOWER at term 2 for recognizeCandidate:a20d02fb-e889-4888-8041-7f0d463e97dc
2019-10-17 20:24:11,418 [grpc-default-executor-3] INFO  impl.RoleInfo (RoleInfo.java:shutdownFollowerState(121)) - 0e723869-d81b-4250-bf7c-b3eb1c130cc4: shutdown FollowerState
2019-10-17 20:24:11,425 [Thread-346] INFO  impl.FollowerState (FollowerState.java:run(117)) - 0e723869-d81b-4250-bf7c-b3eb1c130cc4@group-0FA4EDB76208-FollowerState was interrupted: java.lang.InterruptedException: sleep interrupted
2019-10-17 20:24:11,425 [grpc-default-executor-3] INFO  impl.RoleInfo (RoleInfo.java:updateAndGet(143)) - 0e723869-d81b-4250-bf7c-b3eb1c130cc4: start FollowerState
2019-10-17 20:24:11,452 [a20d02fb-e889-4888-8041-7f0d463e97dc@group-0FA4EDB76208-LeaderElection19] INFO  impl.LeaderElection (LeaderElection.java:logAndReturn(56)) - a20d02fb-e889-4888-8041-7f0d463e97dc@group-0FA4EDB76208-LeaderElection19: Election PASSED; received 1 response(s) [a20d02fb-e889-4888-8041-7f0d463e97dc<-0e723869-d81b-4250-bf7c-b3eb1c130cc4#0:OK-t2] and 0 exception(s); a20d02fb-e889-4888-8041-7f0d463e97dc@group-0FA4EDB76208:t2, leader=null, voted=a20d02fb-e889-4888-8041-7f0d463e97dc, raftlog=a20d02fb-e889-4888-8041-7f0d463e97dc@group-0FA4EDB76208-SegmentedRaftLog:OPENED:c-1,f-1,i0, conf=-1: [0e723869-d81b-4250-bf7c-b3eb1c130cc4:192.168.164.201:41994, a20d02fb-e889-4888-8041-7f0d463e97dc:192.168.164.201:39512, de4dd1fb-8e89-4d8f-a94c-eecd5ba9e4a0:192.168.164.201:35026], old=null
2019-10-17 20:24:11,452 [a20d02fb-e889-4888-8041-7f0d463e97dc@group-0FA4EDB76208-LeaderElection19] INFO  impl.RoleInfo (RoleInfo.java:shutdownLeaderElection(134)) - a20d02fb-e889-4888-8041-7f0d463e97dc: shutdown LeaderElection
2019-10-17 20:24:11,452 [a20d02fb-e889-4888-8041-7f0d463e97dc@group-0FA4EDB76208-LeaderElection19] INFO  impl.RaftServerImpl (RaftServerImpl.java:setRole(184)) - a20d02fb-e889-4888-8041-7f0d463e97dc@group-0FA4EDB76208: changes role from CANDIDATE to LEADER at term 2 for changeToLeader
2019-10-17 20:24:11,452 [a20d02fb-e889-4888-8041-7f0d463e97dc@group-0FA4EDB76208-LeaderElection19] INFO  ratis.XceiverServerRatis (XceiverServerRatis.java:handleLeaderChangedNotification(700)) - Leader change notification received for group: group-0FA4EDB76208 with new leaderId: a20d02fb-e889-4888-8041-7f0d463e97dc
2019-10-17 20:24:11,460 [a20d02fb-e889-4888-8041-7f0d463e97dc@group-0FA4EDB76208-LeaderElection19] INFO  impl.RaftServerImpl (ServerState.java:setLeader(256)) - a20d02fb-e889-4888-8041-7f0d463e97dc@group-0FA4EDB76208: change Leader from null to a20d02fb-e889-4888-8041-7f0d463e97dc at term 2 for becomeLeader, leader elected after 213ms
2019-10-17 20:24:11,462 [a20d02fb-e889-4888-8041-7f0d463e97dc@group-0FA4EDB76208-LeaderElection19] INFO  server.RaftServerConfigKeys (ConfUtils.java:logGet(43)) - raft.server.staging.catchup.gap = 1000 (default)
2019-10-17 20:24:11,463 [a20d02fb-e889-4888-8041-7f0d463e97dc@group-0FA4EDB76208-LeaderElection19] INFO  server.RaftServerConfigKeys (ConfUtils.java:logGet(43)) - raft.server.rpc.sleep.time = 25ms (default)
2019-10-17 20:24:11,464 [a20d02fb-e889-4888-8041-7f0d463e97dc@group-0FA4EDB76208-LeaderElection19] INFO  server.RaftServerConfigKeys (ConfUtils.java:logGet(43)) - raft.server.write.element-limit = 4096 (default)
2019-10-17 20:24:11,465 [a20d02fb-e889-4888-8041-7f0d463e97dc@group-0FA4EDB76208-LeaderElection19] INFO  server.RaftServerConfigKeys (ConfUtils.java:logGet(43)) - raft.server.watch.timeout = 10s (default)
2019-10-17 20:24:11,465 [a20d02fb-e889-4888-8041-7f0d463e97dc@group-0FA4EDB76208-LeaderElection19] INFO  server.RaftServerConfigKeys (ConfUtils.java:logGet(43)) - raft.server.watch.timeout.denomination = 1s (default)
2019-10-17 20:24:11,465 [a20d02fb-e889-4888-8041-7f0d463e97dc@group-0FA4EDB76208-LeaderElection19] INFO  server.RaftServerConfigKeys (ConfUtils.java:logGet(43)) - raft.server.watch.element-limit = 65536 (default)
2019-10-17 20:24:11,472 [EventQueue-PipelineReportForPipelineReportHandler] INFO  pipeline.PipelineReportHandler (PipelineReportHandler.java:processPipelineReport(119)) - Pipeline PipelineID=8873846f-9cd8-493d-803a-0fa4edb76208 reported by a20d02fb-e889-4888-8041-7f0d463e97dc{ip: 192.168.164.201, host: pr-hdds-1868-s6sc9-3720172378, networkLocation: /default-rack, certSerialId: null} with leaderId a20d02fb-e889-4888-8041-7f0d463e97dc
2019-10-17 20:24:11,475 [Thread-352] INFO  impl.FollowerState (FollowerState.java:run(108)) - 0e723869-d81b-4250-bf7c-b3eb1c130cc4@group-0FA4EDB76208-FollowerState: change to CANDIDATE, lastRpcTime:49ms, electionTimeout:49ms
2019-10-17 20:24:11,476 [Thread-352] INFO  impl.RoleInfo (RoleInfo.java:shutdownFollowerState(121)) - 0e723869-d81b-4250-bf7c-b3eb1c130cc4: shutdown FollowerState
2019-10-17 20:24:11,476 [Thread-352] INFO  impl.RaftServerImpl (RaftServerImpl.java:setRole(184)) - 0e723869-d81b-4250-bf7c-b3eb1c130cc4@group-0FA4EDB76208: changes role from  FOLLOWER to CANDIDATE at term 2 for changeToCandidate
2019-10-17 20:24:11,484 [Thread-352] INFO  impl.RoleInfo (RoleInfo.java:updateAndGet(143)) - 0e723869-d81b-4250-bf7c-b3eb1c130cc4: start LeaderElection
2019-10-17 20:24:11,507 [a20d02fb-e889-4888-8041-7f0d463e97dc@group-0FA4EDB76208-LeaderElection19] INFO  server.RaftServerConfigKeys (ConfUtils.java:logGet(43)) - raft.server.log.appender.snapshot.chunk.size.max = 16MB (=16777216) (default)
2019-10-17 20:24:11,507 [a20d02fb-e889-4888-8041-7f0d463e97dc@group-0FA4EDB76208-LeaderElection19] INFO  server.RaftServerConfigKeys (ConfUtils.java:logGet(43)) - raft.server.log.appender.buffer.byte-limit = 33554432 (custom)
2019-10-17 20:24:11,507 [a20d02fb-e889-4888-8041-7f0d463e97dc@group-0FA4EDB76208-LeaderElection19] INFO  server.RaftServerConfigKeys (ConfUtils.java:logGet(43)) - raft.server.log.appender.buffer.element-limit = 1 (custom)
2019-10-17 20:24:11,507 [de4dd1fb-8e89-4d8f-a94c-eecd5ba9e4a0@group-0FA4EDB76208-LeaderElection18] INFO  server.RaftServerConfigKeys (ConfUtils.java:logGet(43)) - raft.server.log.appender.snapshot.chunk.size.max = 16MB (=16777216) (default)
2019-10-17 20:24:11,508 [a20d02fb-e889-4888-8041-7f0d463e97dc@group-0FA4EDB76208-LeaderElection19] INFO  grpc.GrpcConfigKeys$Server (ConfUtils.java:logGet(43)) - raft.grpc.server.leader.outstanding.appends.max = 128 (default)
2019-10-17 20:24:11,508 [de4dd1fb-8e89-4d8f-a94c-eecd5ba9e4a0@group-0FA4EDB76208-LeaderElection18] INFO  server.RaftServerConfigKeys (ConfUtils.java:logGet(43)) - raft.server.log.appender.buffer.byte-limit = 33554432 (custom)
2019-10-17 20:24:11,508 [a20d02fb-e889-4888-8041-7f0d463e97dc@group-0FA4EDB76208-LeaderElection19] INFO  server.RaftServerConfigKeys (ConfUtils.java:logGet(43)) - raft.server.rpc.request.timeout = 3000ms (default)
2019-10-17 20:24:11,508 [de4dd1fb-8e89-4d8f-a94c-eecd5ba9e4a0@group-0FA4EDB76208-LeaderElection18] INFO  server.RaftServerConfigKeys (ConfUtils.java:logGet(43)) - raft.server.log.appender.buffer.element-limit = 1 (custom)
2019-10-17 20:24:11,508 [a20d02fb-e889-4888-8041-7f0d463e97dc@group-0FA4EDB76208-LeaderElection19] INFO  server.RaftServerConfigKeys (ConfUtils.java:logGet(43)) - raft.server.log.appender.install.snapshot.enabled = false (custom)
2019-10-17 20:24:11,508 [de4dd1fb-8e89-4d8f-a94c-eecd5ba9e4a0@group-0FA4EDB76208-LeaderElection18] INFO  grpc.GrpcConfigKeys$Server (ConfUtils.java:logGet(43)) - raft.grpc.server.leader.outstanding.appends.max = 128 (default)
2019-10-17 20:24:11,509 [de4dd1fb-8e89-4d8f-a94c-eecd5ba9e4a0@group-0FA4EDB76208-LeaderElection18] INFO  server.RaftServerConfigKeys (ConfUtils.java:logGet(43)) - raft.server.rpc.request.timeout = 3000ms (default)
2019-10-17 20:24:11,509 [de4dd1fb-8e89-4d8f-a94c-eecd5ba9e4a0@group-0FA4EDB76208-LeaderElection18] INFO  server.RaftServerConfigKeys (ConfUtils.java:logGet(43)) - raft.server.log.appender.install.snapshot.enabled = false (custom)
2019-10-17 20:24:11,512 [a20d02fb-e889-4888-8041-7f0d463e97dc@group-0FA4EDB76208-LeaderElection19] INFO  server.RaftServerConfigKeys (ConfUtils.java:logGet(43)) - raft.server.log.appender.snapshot.chunk.size.max = 16MB (=16777216) (default)
2019-10-17 20:24:11,512 [a20d02fb-e889-4888-8041-7f0d463e97dc@group-0FA4EDB76208-LeaderElection19] INFO  server.RaftServerConfigKeys (ConfUtils.java:logGet(43)) - raft.server.log.appender.buffer.byte-limit = 33554432 (custom)
2019-10-17 20:24:11,512 [0e723869-d81b-4250-bf7c-b3eb1c130cc4@group-0FA4EDB76208-LeaderElection20] INFO  impl.LeaderElection (LeaderElection.java:askForVotes(178)) - 0e723869-d81b-4250-bf7c-b3eb1c130cc4@group-0FA4EDB76208-LeaderElection20: begin an election at term 3 for -1: [0e723869-d81b-4250-bf7c-b3eb1c130cc4:192.168.164.201:41994, a20d02fb-e889-4888-8041-7f0d463e97dc:192.168.164.201:39512, de4dd1fb-8e89-4d8f-a94c-eecd5ba9e4a0:192.168.164.201:35026], old=null
2019-10-17 20:24:11,513 [a20d02fb-e889-4888-8041-7f0d463e97dc@group-0FA4EDB76208-LeaderElection19] INFO  server.RaftServerConfigKeys (ConfUtils.java:logGet(43)) - raft.server.log.appender.buffer.element-limit = 1 (custom)
2019-10-17 20:24:11,513 [a20d02fb-e889-4888-8041-7f0d463e97dc@group-0FA4EDB76208-LeaderElection19] INFO  grpc.GrpcConfigKeys$Server (ConfUtils.java:logGet(43)) - raft.grpc.server.leader.outstanding.appends.max = 128 (default)
2019-10-17 20:24:11,513 [a20d02fb-e889-4888-8041-7f0d463e97dc@group-0FA4EDB76208-LeaderElection19] INFO  server.RaftServerConfigKeys (ConfUtils.java:logGet(43)) - raft.server.rpc.request.timeout = 3000ms (default)
2019-10-17 20:24:11,513 [a20d02fb-e889-4888-8041-7f0d463e97dc@group-0FA4EDB76208-LeaderElection19] INFO  server.RaftServerConfigKeys (ConfUtils.java:logGet(43)) - raft.server.log.appender.install.snapshot.enabled = false (custom)
2019-10-17 20:24:11,515 [de4dd1fb-8e89-4d8f-a94c-eecd5ba9e4a0@group-0FA4EDB76208-LeaderElection18] INFO  server.RaftServerConfigKeys (ConfUtils.java:logGet(43)) - raft.server.log.appender.snapshot.chunk.size.max = 16MB (=16777216) (default)
2019-10-17 20:24:11,515 [de4dd1fb-8e89-4d8f-a94c-eecd5ba9e4a0@group-0FA4EDB76208-LeaderElection18] INFO  server.RaftServerConfigKeys (ConfUtils.java:logGet(43)) - raft.server.log.appender.buffer.byte-limit = 33554432 (custom)
2019-10-17 20:24:11,515 [de4dd1fb-8e89-4d8f-a94c-eecd5ba9e4a0@group-0FA4EDB76208-LeaderElection18] INFO  server.RaftServerConfigKeys (ConfUtils.java:logGet(43)) - raft.server.log.appender.buffer.element-limit = 1 (custom)
2019-10-17 20:24:11,516 [de4dd1fb-8e89-4d8f-a94c-eecd5ba9e4a0@group-0FA4EDB76208-LeaderElection18] INFO  grpc.GrpcConfigKeys$Server (ConfUtils.java:logGet(43)) - raft.grpc.server.leader.outstanding.appends.max = 128 (default)
2019-10-17 20:24:11,516 [de4dd1fb-8e89-4d8f-a94c-eecd5ba9e4a0@group-0FA4EDB76208-LeaderElection18] INFO  server.RaftServerConfigKeys (ConfUtils.java:logGet(43)) - raft.server.rpc.request.timeout = 3000ms (default)
2019-10-17 20:24:11,516 [de4dd1fb-8e89-4d8f-a94c-eecd5ba9e4a0@group-0FA4EDB76208-LeaderElection18] INFO  server.RaftServerConfigKeys (ConfUtils.java:logGet(43)) - raft.server.log.appender.install.snapshot.enabled = false (custom)
2019-10-17 20:24:11,518 [a20d02fb-e889-4888-8041-7f0d463e97dc@group-0FA4EDB76208-LeaderElection19] INFO  impl.RoleInfo (RoleInfo.java:updateAndGet(143)) - a20d02fb-e889-4888-8041-7f0d463e97dc: start LeaderState
2019-10-17 20:24:11,518 [a20d02fb-e889-4888-8041-7f0d463e97dc@group-0FA4EDB76208-LeaderElection19] INFO  segmented.SegmentedRaftLogWorker (SegmentedRaftLogWorker.java:startLogSegment(385)) - a20d02fb-e889-4888-8041-7f0d463e97dc@group-0FA4EDB76208-SegmentedRaftLogWorker: Starting segment from index:0
2019-10-17 20:24:11,519 [a20d02fb-e889-4888-8041-7f0d463e97dc@group-0FA4EDB76208-LeaderElection19] INFO  impl.RaftServerImpl (ServerState.java:setRaftConf(357)) - a20d02fb-e889-4888-8041-7f0d463e97dc@group-0FA4EDB76208: set configuration 0: [0e723869-d81b-4250-bf7c-b3eb1c130cc4:192.168.164.201:41994, a20d02fb-e889-4888-8041-7f0d463e97dc:192.168.164.201:39512, de4dd1fb-8e89-4d8f-a94c-eecd5ba9e4a0:192.168.164.201:35026], old=null at 0
2019-10-17 20:24:11,520 [grpc-default-executor-3] INFO  impl.RaftServerImpl (ServerState.java:setLeader(256)) - a20d02fb-e889-4888-8041-7f0d463e97dc@group-0FA4EDB76208: change Leader from a20d02fb-e889-4888-8041-7f0d463e97dc to null at term 3 for updateCurrentTerm
2019-10-17 20:24:11,520 [grpc-default-executor-3] INFO  impl.RaftServerImpl (RaftServerImpl.java:setRole(184)) - a20d02fb-e889-4888-8041-7f0d463e97dc@group-0FA4EDB76208: changes role from    LEADER to FOLLOWER at term 3 for recognizeCandidate:0e723869-d81b-4250-bf7c-b3eb1c130cc4
2019-10-17 20:24:11,520 [grpc-default-executor-3] INFO  impl.RoleInfo (RoleInfo.java:shutdownLeaderState(104)) - a20d02fb-e889-4888-8041-7f0d463e97dc: shutdown LeaderState
2019-10-17 20:24:11,557 [grpc-default-executor-3] INFO  impl.PendingRequests (PendingRequests.java:sendNotLeaderResponses(202)) - a20d02fb-e889-4888-8041-7f0d463e97dc@group-0FA4EDB76208-PendingRequests: sendNotLeaderResponses
2019-10-17 20:24:11,559 [grpc-default-executor-3] INFO  impl.RoleInfo (RoleInfo.java:updateAndGet(143)) - a20d02fb-e889-4888-8041-7f0d463e97dc: start FollowerState
2019-10-17 20:24:11,559 [org.apache.ratis.server.impl.LogAppender$AppenderDaemon$$Lambda$420/604105568@10614b22] WARN  server.GrpcLogAppender (GrpcLogAppender.java:mayWait(149)) - a20d02fb-e889-4888-8041-7f0d463e97dc@group-0FA4EDB76208->de4dd1fb-8e89-4d8f-a94c-eecd5ba9e4a0-GrpcLogAppender: Wait interrupted by java.lang.InterruptedException
2019-10-17 20:24:11,562 [de4dd1fb-8e89-4d8f-a94c-eecd5ba9e4a0@group-0FA4EDB76208-LeaderElection18] INFO  impl.RoleInfo (RoleInfo.java:updateAndGet(143)) - de4dd1fb-8e89-4d8f-a94c-eecd5ba9e4a0: start LeaderState
2019-10-17 20:24:11,562 [org.apache.ratis.server.impl.LogAppender$AppenderDaemon$$Lambda$420/604105568@218a0fba] WARN  server.GrpcLogAppender (GrpcLogAppender.java:mayWait(149)) - a20d02fb-e889-4888-8041-7f0d463e97dc@group-0FA4EDB76208->0e723869-d81b-4250-bf7c-b3eb1c130cc4-GrpcLogAppender: Wait interrupted by java.lang.InterruptedException
2019-10-17 20:24:11,562 [de4dd1fb-8e89-4d8f-a94c-eecd5ba9e4a0@group-0FA4EDB76208-LeaderElection18] INFO  segmented.SegmentedRaftLogWorker (SegmentedRaftLogWorker.java:startLogSegment(385)) - de4dd1fb-8e89-4d8f-a94c-eecd5ba9e4a0@group-0FA4EDB76208-SegmentedRaftLogWorker: Starting segment from index:0
2019-10-17 20:24:11,563 [grpc-default-executor-1] INFO  server.GrpcServerProtocolService (GrpcServerProtocolService.java:onCompleted(113)) - 0e723869-d81b-4250-bf7c-b3eb1c130cc4: Completed APPEND_ENTRIES, lastRequest: a20d02fb-e889-4888-8041-7f0d463e97dc->0e723869-d81b-4250-bf7c-b3eb1c130cc4#0-t2, previous=(t:0, i:0), leaderCommit=-1, initializing? false, entries: <empty>
2019-10-17 20:24:11,563 [de4dd1fb-8e89-4d8f-a94c-eecd5ba9e4a0@group-0FA4EDB76208-LeaderElection18] INFO  impl.RaftServerImpl (ServerState.java:setRaftConf(357)) - de4dd1fb-8e89-4d8f-a94c-eecd5ba9e4a0@group-0FA4EDB76208: set configuration 0: [0e723869-d81b-4250-bf7c-b3eb1c130cc4:192.168.164.201:41994, a20d02fb-e889-4888-8041-7f0d463e97dc:192.168.164.201:39512, de4dd1fb-8e89-4d8f-a94c-eecd5ba9e4a0:192.168.164.201:35026], old=null at 0
2019-10-17 20:24:11,564 [grpc-default-executor-2] INFO  impl.RaftServerImpl (ServerState.java:setLeader(256)) - de4dd1fb-8e89-4d8f-a94c-eecd5ba9e4a0@group-0FA4EDB76208: change Leader from de4dd1fb-8e89-4d8f-a94c-eecd5ba9e4a0 to null at term 2 for updateCurrentTerm
2019-10-17 20:24:11,564 [grpc-default-executor-2] INFO  impl.RaftServerImpl (RaftServerImpl.java:setRole(184)) - de4dd1fb-8e89-4d8f-a94c-eecd5ba9e4a0@group-0FA4EDB76208: changes role from    LEADER to FOLLOWER at term 2 for appendEntries
2019-10-17 20:24:11,564 [grpc-default-executor-2] INFO  impl.RoleInfo (RoleInfo.java:shutdownLeaderState(104)) - de4dd1fb-8e89-4d8f-a94c-eecd5ba9e4a0: shutdown LeaderState
2019-10-17 20:24:11,590 [grpc-default-executor-2] INFO  impl.PendingRequests (PendingRequests.java:sendNotLeaderResponses(202)) - de4dd1fb-8e89-4d8f-a94c-eecd5ba9e4a0@group-0FA4EDB76208-PendingRequests: sendNotLeaderResponses
2019-10-17 20:24:11,591 [grpc-default-executor-2] INFO  impl.RoleInfo (RoleInfo.java:updateAndGet(143)) - de4dd1fb-8e89-4d8f-a94c-eecd5ba9e4a0: start FollowerState
2019-10-17 20:24:11,591 [org.apache.ratis.server.impl.LogAppender$AppenderDaemon$$Lambda$420/604105568@1fcb5175] WARN  server.GrpcLogAppender (GrpcLogAppender.java:mayWait(149)) - de4dd1fb-8e89-4d8f-a94c-eecd5ba9e4a0@group-0FA4EDB76208->a20d02fb-e889-4888-8041-7f0d463e97dc-GrpcLogAppender: Wait interrupted by java.lang.InterruptedException
2019-10-17 20:24:11,591 [org.apache.ratis.server.impl.LogAppender$AppenderDaemon$$Lambda$420/604105568@2eafbf69] WARN  server.GrpcLogAppender (GrpcLogAppender.java:mayWait(149)) - de4dd1fb-8e89-4d8f-a94c-eecd5ba9e4a0@group-0FA4EDB76208->0e723869-d81b-4250-bf7c-b3eb1c130cc4-GrpcLogAppender: Wait interrupted by java.lang.InterruptedException
2019-10-17 20:24:11,593 [grpc-default-executor-6] INFO  server.GrpcServerProtocolService (GrpcServerProtocolService.java:onCompleted(113)) - 0e723869-d81b-4250-bf7c-b3eb1c130cc4: Completed APPEND_ENTRIES, lastRequest: de4dd1fb-8e89-4d8f-a94c-eecd5ba9e4a0->0e723869-d81b-4250-bf7c-b3eb1c130cc4#0-t1, previous=(t:0, i:0), leaderCommit=-1, initializing? false, entries: <empty>
2019-10-17 20:24:11,598 [a20d02fb-e889-4888-8041-7f0d463e97dc@group-0FA4EDB76208-SegmentedRaftLogWorker] INFO  segmented.SegmentedRaftLogWorker (SegmentedRaftLogWorker.java:execute(576)) - a20d02fb-e889-4888-8041-7f0d463e97dc@group-0FA4EDB76208-SegmentedRaftLogWorker: created new log segment /workdir/hadoop-ozone/ozonefs/target/test-dir/MiniOzoneClusterImpl-49a456bf-8bac-41f1-b9b0-8de4948a8c4b/datanode-4/data/ratis/8873846f-9cd8-493d-803a-0fa4edb76208/current/log_inprogress_0
2019-10-17 20:24:11,599 [grpc-default-executor-1] INFO  server.GrpcLogAppender (GrpcLogAppender.java:onCompleted(308)) - a20d02fb-e889-4888-8041-7f0d463e97dc@group-0FA4EDB76208->0e723869-d81b-4250-bf7c-b3eb1c130cc4-AppendLogResponseHandler: follower responses appendEntries COMPLETED
2019-10-17 20:24:11,599 [grpc-default-executor-5] INFO  server.GrpcServerProtocolService (GrpcServerProtocolService.java:onCompleted(113)) - a20d02fb-e889-4888-8041-7f0d463e97dc: Completed APPEND_ENTRIES, lastRequest: de4dd1fb-8e89-4d8f-a94c-eecd5ba9e4a0->a20d02fb-e889-4888-8041-7f0d463e97dc#0-t1, previous=(t:0, i:0), leaderCommit=-1, initializing? false, entries: <empty>
2019-10-17 20:24:11,602 [grpc-default-executor-1] INFO  impl.FollowerInfo (FollowerInfo.java:lambda$new$0(51)) - a20d02fb-e889-4888-8041-7f0d463e97dc@group-0FA4EDB76208->0e723869-d81b-4250-bf7c-b3eb1c130cc4: nextIndex: updateUnconditionally 0 -> 0
2019-10-17 20:24:11,615 [de4dd1fb-8e89-4d8f-a94c-eecd5ba9e4a0@group-0FA4EDB76208-SegmentedRaftLogWorker] INFO  segmented.SegmentedRaftLogWorker (SegmentedRaftLogWorker.java:execute(576)) - de4dd1fb-8e89-4d8f-a94c-eecd5ba9e4a0@group-0FA4EDB76208-SegmentedRaftLogWorker: created new log segment /workdir/hadoop-ozone/ozonefs/target/test-dir/MiniOzoneClusterImpl-49a456bf-8bac-41f1-b9b0-8de4948a8c4b/datanode-0/data/ratis/8873846f-9cd8-493d-803a-0fa4edb76208/current/log_inprogress_0
2019-10-17 20:24:11,615 [grpc-default-executor-2] INFO  ratis.XceiverServerRatis (XceiverServerRatis.java:handleLeaderChangedNotification(700)) - Leader change notification received for group: group-0FA4EDB76208 with new leaderId: a20d02fb-e889-4888-8041-7f0d463e97dc
2019-10-17 20:24:11,616 [grpc-default-executor-2] INFO  impl.RaftServerImpl (ServerState.java:setLeader(256)) - de4dd1fb-8e89-4d8f-a94c-eecd5ba9e4a0@group-0FA4EDB76208: change Leader from null to a20d02fb-e889-4888-8041-7f0d463e97dc at term 2 for appendEntries, leader elected after 51ms
2019-10-17 20:24:11,616 [grpc-default-executor-4] INFO  impl.RaftServerImpl (ServerState.java:setLeader(256)) - de4dd1fb-8e89-4d8f-a94c-eecd5ba9e4a0@group-0FA4EDB76208: change Leader from a20d02fb-e889-4888-8041-7f0d463e97dc to null at term 3 for updateCurrentTerm
2019-10-17 20:24:11,616 [grpc-default-executor-4] INFO  impl.RaftServerImpl (RaftServerImpl.java:setRole(184)) - de4dd1fb-8e89-4d8f-a94c-eecd5ba9e4a0@group-0FA4EDB76208: changes role from  FOLLOWER to FOLLOWER at term 3 for recognizeCandidate:0e723869-d81b-4250-bf7c-b3eb1c130cc4
2019-10-17 20:24:11,617 [grpc-default-executor-4] INFO  impl.RoleInfo (RoleInfo.java:shutdownFollowerState(121)) - de4dd1fb-8e89-4d8f-a94c-eecd5ba9e4a0: shutdown FollowerState
2019-10-17 20:24:11,618 [grpc-default-executor-4] INFO  impl.RoleInfo (RoleInfo.java:updateAndGet(143)) - de4dd1fb-8e89-4d8f-a94c-eecd5ba9e4a0: start FollowerState
2019-10-17 20:24:11,618 [Thread-366] INFO  impl.FollowerState (FollowerState.java:run(117)) - de4dd1fb-8e89-4d8f-a94c-eecd5ba9e4a0@group-0FA4EDB76208-FollowerState was interrupted: java.lang.InterruptedException: sleep interrupted
2019-10-17 20:24:11,619 [grpc-default-executor-2] INFO  server.GrpcServerProtocolService (GrpcServerProtocolService.java:onCompleted(113)) - de4dd1fb-8e89-4d8f-a94c-eecd5ba9e4a0: Completed APPEND_ENTRIES, lastRequest: a20d02fb-e889-4888-8041-7f0d463e97dc->de4dd1fb-8e89-4d8f-a94c-eecd5ba9e4a0#0-t2, previous=(t:0, i:0), leaderCommit=-1, initializing? false, entries: <empty>
2019-10-17 20:24:11,619 [EventQueue-PipelineReportForPipelineReportHandler] INFO  pipeline.PipelineReportHandler (PipelineReportHandler.java:processPipelineReport(119)) - Pipeline PipelineID=8873846f-9cd8-493d-803a-0fa4edb76208 reported by de4dd1fb-8e89-4d8f-a94c-eecd5ba9e4a0{ip: 192.168.164.201, host: pr-hdds-1868-s6sc9-3720172378, networkLocation: /default-rack, certSerialId: null} with leaderId a20d02fb-e889-4888-8041-7f0d463e97dc
2019-10-17 20:24:11,620 [grpc-default-executor-2] INFO  server.GrpcLogAppender (GrpcLogAppender.java:onCompleted(308)) - a20d02fb-e889-4888-8041-7f0d463e97dc@group-0FA4EDB76208->de4dd1fb-8e89-4d8f-a94c-eecd5ba9e4a0-AppendLogResponseHandler: follower responses appendEntries COMPLETED
2019-10-17 20:24:11,641 [grpc-default-executor-7] INFO  server.GrpcLogAppender (GrpcLogAppender.java:onCompleted(308)) - de4dd1fb-8e89-4d8f-a94c-eecd5ba9e4a0@group-0FA4EDB76208->0e723869-d81b-4250-bf7c-b3eb1c130cc4-AppendLogResponseHandler: follower responses appendEntries COMPLETED
2019-10-17 20:24:11,641 [grpc-default-executor-3] INFO  server.GrpcLogAppender (GrpcLogAppender.java:onCompleted(308)) - de4dd1fb-8e89-4d8f-a94c-eecd5ba9e4a0@group-0FA4EDB76208->a20d02fb-e889-4888-8041-7f0d463e97dc-AppendLogResponseHandler: follower responses appendEntries COMPLETED
2019-10-17 20:24:11,645 [0e723869-d81b-4250-bf7c-b3eb1c130cc4@group-0FA4EDB76208-LeaderElection20] INFO  impl.LeaderElection (LeaderElection.java:logAndReturn(56)) - 0e723869-d81b-4250-bf7c-b3eb1c130cc4@group-0FA4EDB76208-LeaderElection20: Election REJECTED; received 2 response(s) [0e723869-d81b-4250-bf7c-b3eb1c130cc4<-a20d02fb-e889-4888-8041-7f0d463e97dc#0:FAIL-t3, 0e723869-d81b-4250-bf7c-b3eb1c130cc4<-de4dd1fb-8e89-4d8f-a94c-eecd5ba9e4a0#0:FAIL-t3] and 0 exception(s); 0e723869-d81b-4250-bf7c-b3eb1c130cc4@group-0FA4EDB76208:t3, leader=null, voted=0e723869-d81b-4250-bf7c-b3eb1c130cc4, raftlog=0e723869-d81b-4250-bf7c-b3eb1c130cc4@group-0FA4EDB76208-SegmentedRaftLog:OPENED:c-1,f-1,i0, conf=-1: [0e723869-d81b-4250-bf7c-b3eb1c130cc4:192.168.164.201:41994, a20d02fb-e889-4888-8041-7f0d463e97dc:192.168.164.201:39512, de4dd1fb-8e89-4d8f-a94c-eecd5ba9e4a0:192.168.164.201:35026], old=null
2019-10-17 20:24:11,645 [grpc-default-executor-2] INFO  impl.FollowerInfo (FollowerInfo.java:lambda$new$0(51)) - a20d02fb-e889-4888-8041-7f0d463e97dc@group-0FA4EDB76208->de4dd1fb-8e89-4d8f-a94c-eecd5ba9e4a0: nextIndex: updateUnconditionally 0 -> 0
2019-10-17 20:24:11,645 [0e723869-d81b-4250-bf7c-b3eb1c130cc4@group-0FA4EDB76208-LeaderElection20] INFO  impl.RaftServerImpl (RaftServerImpl.java:setRole(184)) - 0e723869-d81b-4250-bf7c-b3eb1c130cc4@group-0FA4EDB76208: changes role from CANDIDATE to FOLLOWER at term 3 for DISCOVERED_A_NEW_TERM
2019-10-17 20:24:11,648 [0e723869-d81b-4250-bf7c-b3eb1c130cc4@group-0FA4EDB76208-LeaderElection20] INFO  impl.RoleInfo (RoleInfo.java:shutdownLeaderElection(134)) - 0e723869-d81b-4250-bf7c-b3eb1c130cc4: shutdown LeaderElection
2019-10-17 20:24:11,645 [grpc-default-executor-7] INFO  impl.FollowerInfo (FollowerInfo.java:lambda$new$0(51)) - de4dd1fb-8e89-4d8f-a94c-eecd5ba9e4a0@group-0FA4EDB76208->0e723869-d81b-4250-bf7c-b3eb1c130cc4: nextIndex: updateUnconditionally 0 -> 0
2019-10-17 20:24:11,648 [0e723869-d81b-4250-bf7c-b3eb1c130cc4@group-0FA4EDB76208-LeaderElection20] INFO  impl.RoleInfo (RoleInfo.java:updateAndGet(143)) - 0e723869-d81b-4250-bf7c-b3eb1c130cc4: start FollowerState
2019-10-17 20:24:11,648 [grpc-default-executor-3] INFO  impl.FollowerInfo (FollowerInfo.java:lambda$new$0(51)) - de4dd1fb-8e89-4d8f-a94c-eecd5ba9e4a0@group-0FA4EDB76208->a20d02fb-e889-4888-8041-7f0d463e97dc: nextIndex: updateUnconditionally 0 -> 0
2019-10-17 20:24:12,026 [Thread-370] INFO  impl.FollowerState (FollowerState.java:run(108)) - 0e723869-d81b-4250-bf7c-b3eb1c130cc4@group-0FA4EDB76208-FollowerState: change to CANDIDATE, lastRpcTime:377ms, electionTimeout:123ms
2019-10-17 20:24:12,036 [Thread-370] INFO  impl.RoleInfo (RoleInfo.java:shutdownFollowerState(121)) - 0e723869-d81b-4250-bf7c-b3eb1c130cc4: shutdown FollowerState
2019-10-17 20:24:12,036 [Thread-370] INFO  impl.RaftServerImpl (RaftServerImpl.java:setRole(184)) - 0e723869-d81b-4250-bf7c-b3eb1c130cc4@group-0FA4EDB76208: changes role from  FOLLOWER to CANDIDATE at term 3 for changeToCandidate
2019-10-17 20:24:12,036 [Thread-370] INFO  impl.RoleInfo (RoleInfo.java:updateAndGet(143)) - 0e723869-d81b-4250-bf7c-b3eb1c130cc4: start LeaderElection
2019-10-17 20:24:12,074 [0e723869-d81b-4250-bf7c-b3eb1c130cc4@group-0FA4EDB76208-LeaderElection21] INFO  impl.LeaderElection (LeaderElection.java:askForVotes(178)) - 0e723869-d81b-4250-bf7c-b3eb1c130cc4@group-0FA4EDB76208-LeaderElection21: begin an election at term 4 for -1: [0e723869-d81b-4250-bf7c-b3eb1c130cc4:192.168.164.201:41994, a20d02fb-e889-4888-8041-7f0d463e97dc:192.168.164.201:39512, de4dd1fb-8e89-4d8f-a94c-eecd5ba9e4a0:192.168.164.201:35026], old=null
2019-10-17 20:24:12,079 [grpc-default-executor-7] INFO  impl.RaftServerImpl (RaftServerImpl.java:setRole(184)) - a20d02fb-e889-4888-8041-7f0d463e97dc@group-0FA4EDB76208: changes role from  FOLLOWER to FOLLOWER at term 4 for recognizeCandidate:0e723869-d81b-4250-bf7c-b3eb1c130cc4
2019-10-17 20:24:12,079 [grpc-default-executor-3] INFO  impl.RaftServerImpl (RaftServerImpl.java:setRole(184)) - de4dd1fb-8e89-4d8f-a94c-eecd5ba9e4a0@group-0FA4EDB76208: changes role from  FOLLOWER to FOLLOWER at term 4 for recognizeCandidate:0e723869-d81b-4250-bf7c-b3eb1c130cc4
2019-10-17 20:24:12,080 [grpc-default-executor-7] INFO  impl.RoleInfo (RoleInfo.java:shutdownFollowerState(121)) - a20d02fb-e889-4888-8041-7f0d463e97dc: shutdown FollowerState
2019-10-17 20:24:12,080 [grpc-default-executor-3] INFO  impl.RoleInfo (RoleInfo.java:shutdownFollowerState(121)) - de4dd1fb-8e89-4d8f-a94c-eecd5ba9e4a0: shutdown FollowerState
2019-10-17 20:24:12,080 [Thread-363] INFO  impl.FollowerState (FollowerState.java:run(117)) - a20d02fb-e889-4888-8041-7f0d463e97dc@group-0FA4EDB76208-FollowerState was interrupted: java.lang.InterruptedException: sleep interrupted
2019-10-17 20:24:12,080 [Thread-369] INFO  impl.FollowerState (FollowerState.java:run(117)) - de4dd1fb-8e89-4d8f-a94c-eecd5ba9e4a0@group-0FA4EDB76208-FollowerState was interrupted: java.lang.InterruptedException: sleep interrupted
2019-10-17 20:24:12,080 [grpc-default-executor-7] INFO  impl.RoleInfo (RoleInfo.java:updateAndGet(143)) - a20d02fb-e889-4888-8041-7f0d463e97dc: start FollowerState
2019-10-17 20:24:12,080 [grpc-default-executor-3] INFO  impl.RoleInfo (RoleInfo.java:updateAndGet(143)) - de4dd1fb-8e89-4d8f-a94c-eecd5ba9e4a0: start FollowerState
2019-10-17 20:24:12,112 [0e723869-d81b-4250-bf7c-b3eb1c130cc4@group-0FA4EDB76208-LeaderElection21] INFO  impl.LeaderElection (LeaderElection.java:logAndReturn(56)) - 0e723869-d81b-4250-bf7c-b3eb1c130cc4@group-0FA4EDB76208-LeaderElection21: Election REJECTED; received 2 response(s) [0e723869-d81b-4250-bf7c-b3eb1c130cc4<-a20d02fb-e889-4888-8041-7f0d463e97dc#0:FAIL-t4, 0e723869-d81b-4250-bf7c-b3eb1c130cc4<-de4dd1fb-8e89-4d8f-a94c-eecd5ba9e4a0#0:FAIL-t4] and 0 exception(s); 0e723869-d81b-4250-bf7c-b3eb1c130cc4@group-0FA4EDB76208:t4, leader=null, voted=0e723869-d81b-4250-bf7c-b3eb1c130cc4, raftlog=0e723869-d81b-4250-bf7c-b3eb1c130cc4@group-0FA4EDB76208-SegmentedRaftLog:OPENED:c-1,f-1,i0, conf=-1: [0e723869-d81b-4250-bf7c-b3eb1c130cc4:192.168.164.201:41994, a20d02fb-e889-4888-8041-7f0d463e97dc:192.168.164.201:39512, de4dd1fb-8e89-4d8f-a94c-eecd5ba9e4a0:192.168.164.201:35026], old=null
2019-10-17 20:24:12,112 [0e723869-d81b-4250-bf7c-b3eb1c130cc4@group-0FA4EDB76208-LeaderElection21] INFO  impl.RaftServerImpl (RaftServerImpl.java:setRole(184)) - 0e723869-d81b-4250-bf7c-b3eb1c130cc4@group-0FA4EDB76208: changes role from CANDIDATE to FOLLOWER at term 4 for DISCOVERED_A_NEW_TERM
2019-10-17 20:24:12,112 [0e723869-d81b-4250-bf7c-b3eb1c130cc4@group-0FA4EDB76208-LeaderElection21] INFO  impl.RoleInfo (RoleInfo.java:shutdownLeaderElection(134)) - 0e723869-d81b-4250-bf7c-b3eb1c130cc4: shutdown LeaderElection
2019-10-17 20:24:12,112 [0e723869-d81b-4250-bf7c-b3eb1c130cc4@group-0FA4EDB76208-LeaderElection21] INFO  impl.RoleInfo (RoleInfo.java:updateAndGet(143)) - 0e723869-d81b-4250-bf7c-b3eb1c130cc4: start FollowerState
2019-10-17 20:24:12,245 [Thread-377] INFO  impl.FollowerState (FollowerState.java:run(108)) - 0e723869-d81b-4250-bf7c-b3eb1c130cc4@group-0FA4EDB76208-FollowerState: change to CANDIDATE, lastRpcTime:131ms, electionTimeout:126ms
2019-10-17 20:24:12,248 [Thread-377] INFO  impl.RoleInfo (RoleInfo.java:shutdownFollowerState(121)) - 0e723869-d81b-4250-bf7c-b3eb1c130cc4: shutdown FollowerState
2019-10-17 20:24:12,250 [Thread-377] INFO  impl.RaftServerImpl (RaftServerImpl.java:setRole(184)) - 0e723869-d81b-4250-bf7c-b3eb1c130cc4@group-0FA4EDB76208: changes role from  FOLLOWER to CANDIDATE at term 4 for changeToCandidate
2019-10-17 20:24:12,251 [Thread-377] INFO  impl.RoleInfo (RoleInfo.java:updateAndGet(143)) - 0e723869-d81b-4250-bf7c-b3eb1c130cc4: start LeaderElection
2019-10-17 20:24:12,257 [Thread-331] INFO  rpc.RpcClient (RpcClient.java:createVolume(272)) - Creating Volume: volume38561, with user47895 as owner.
2019-10-17 20:24:12,275 [0e723869-d81b-4250-bf7c-b3eb1c130cc4@group-0FA4EDB76208-LeaderElection22] INFO  impl.LeaderElection (LeaderElection.java:askForVotes(178)) - 0e723869-d81b-4250-bf7c-b3eb1c130cc4@group-0FA4EDB76208-LeaderElection22: begin an election at term 5 for -1: [0e723869-d81b-4250-bf7c-b3eb1c130cc4:192.168.164.201:41994, a20d02fb-e889-4888-8041-7f0d463e97dc:192.168.164.201:39512, de4dd1fb-8e89-4d8f-a94c-eecd5ba9e4a0:192.168.164.201:35026], old=null
2019-10-17 20:24:12,279 [grpc-default-executor-7] INFO  impl.RaftServerImpl (RaftServerImpl.java:setRole(184)) - a20d02fb-e889-4888-8041-7f0d463e97dc@group-0FA4EDB76208: changes role from  FOLLOWER to FOLLOWER at term 5 for recognizeCandidate:0e723869-d81b-4250-bf7c-b3eb1c130cc4
2019-10-17 20:24:12,279 [grpc-default-executor-3] INFO  impl.RaftServerImpl (RaftServerImpl.java:setRole(184)) - de4dd1fb-8e89-4d8f-a94c-eecd5ba9e4a0@group-0FA4EDB76208: changes role from  FOLLOWER to FOLLOWER at term 5 for recognizeCandidate:0e723869-d81b-4250-bf7c-b3eb1c130cc4
2019-10-17 20:24:12,279 [grpc-default-executor-7] INFO  impl.RoleInfo (RoleInfo.java:shutdownFollowerState(121)) - a20d02fb-e889-4888-8041-7f0d463e97dc: shutdown FollowerState
2019-10-17 20:24:12,279 [grpc-default-executor-3] INFO  impl.RoleInfo (RoleInfo.java:shutdownFollowerState(121)) - de4dd1fb-8e89-4d8f-a94c-eecd5ba9e4a0: shutdown FollowerState
2019-10-17 20:24:12,279 [Thread-374] INFO  impl.FollowerState (FollowerState.java:run(117)) - a20d02fb-e889-4888-8041-7f0d463e97dc@group-0FA4EDB76208-FollowerState was interrupted: java.lang.InterruptedException: sleep interrupted
2019-10-17 20:24:12,279 [grpc-default-executor-7] INFO  impl.RoleInfo (RoleInfo.java:updateAndGet(143)) - a20d02fb-e889-4888-8041-7f0d463e97dc: start FollowerState
2019-10-17 20:24:12,280 [grpc-default-executor-3] INFO  impl.RoleInfo (RoleInfo.java:updateAndGet(143)) - de4dd1fb-8e89-4d8f-a94c-eecd5ba9e4a0: start FollowerState
2019-10-17 20:24:12,280 [Thread-375] INFO  impl.FollowerState (FollowerState.java:run(117)) - de4dd1fb-8e89-4d8f-a94c-eecd5ba9e4a0@group-0FA4EDB76208-FollowerState was interrupted: java.lang.InterruptedException: sleep interrupted
2019-10-17 20:24:12,297 [0e723869-d81b-4250-bf7c-b3eb1c130cc4@group-0FA4EDB76208-LeaderElection22] INFO  impl.LeaderElection (LeaderElection.java:logAndReturn(56)) - 0e723869-d81b-4250-bf7c-b3eb1c130cc4@group-0FA4EDB76208-LeaderElection22: Election TIMEOUT; received 0 response(s) [] and 0 exception(s); 0e723869-d81b-4250-bf7c-b3eb1c130cc4@group-0FA4EDB76208:t5, leader=null, voted=0e723869-d81b-4250-bf7c-b3eb1c130cc4, raftlog=0e723869-d81b-4250-bf7c-b3eb1c130cc4@group-0FA4EDB76208-SegmentedRaftLog:OPENED:c-1,f-1,i0, conf=-1: [0e723869-d81b-4250-bf7c-b3eb1c130cc4:192.168.164.201:41994, a20d02fb-e889-4888-8041-7f0d463e97dc:192.168.164.201:39512, de4dd1fb-8e89-4d8f-a94c-eecd5ba9e4a0:192.168.164.201:35026], old=null
2019-10-17 20:24:12,326 [0e723869-d81b-4250-bf7c-b3eb1c130cc4@group-0FA4EDB76208-LeaderElection22] INFO  impl.LeaderElection (LeaderElection.java:askForVotes(178)) - 0e723869-d81b-4250-bf7c-b3eb1c130cc4@group-0FA4EDB76208-LeaderElection22: begin an election at term 6 for -1: [0e723869-d81b-4250-bf7c-b3eb1c130cc4:192.168.164.201:41994, a20d02fb-e889-4888-8041-7f0d463e97dc:192.168.164.201:39512, de4dd1fb-8e89-4d8f-a94c-eecd5ba9e4a0:192.168.164.201:35026], old=null
2019-10-17 20:24:12,331 [grpc-default-executor-3] INFO  impl.RaftServerImpl (RaftServerImpl.java:setRole(184)) - de4dd1fb-8e89-4d8f-a94c-eecd5ba9e4a0@group-0FA4EDB76208: changes role from  FOLLOWER to FOLLOWER at term 6 for recognizeCandidate:0e723869-d81b-4250-bf7c-b3eb1c130cc4
2019-10-17 20:24:12,332 [grpc-default-executor-7] INFO  impl.RaftServerImpl (RaftServerImpl.java:setRole(184)) - a20d02fb-e889-4888-8041-7f0d463e97dc@group-0FA4EDB76208: changes role from  FOLLOWER to FOLLOWER at term 6 for recognizeCandidate:0e723869-d81b-4250-bf7c-b3eb1c130cc4
2019-10-17 20:24:12,332 [grpc-default-executor-3] INFO  impl.RoleInfo (RoleInfo.java:shutdownFollowerState(121)) - de4dd1fb-8e89-4d8f-a94c-eecd5ba9e4a0: shutdown FollowerState
2019-10-17 20:24:12,332 [grpc-default-executor-7] INFO  impl.RoleInfo (RoleInfo.java:shutdownFollowerState(121)) - a20d02fb-e889-4888-8041-7f0d463e97dc: shutdown FollowerState
2019-10-17 20:24:12,332 [grpc-default-executor-3] INFO  impl.RoleInfo (RoleInfo.java:updateAndGet(143)) - de4dd1fb-8e89-4d8f-a94c-eecd5ba9e4a0: start FollowerState
2019-10-17 20:24:12,332 [Thread-383] INFO  impl.FollowerState (FollowerState.java:run(117)) - de4dd1fb-8e89-4d8f-a94c-eecd5ba9e4a0@group-0FA4EDB76208-FollowerState was interrupted: java.lang.InterruptedException: sleep interrupted
2019-10-17 20:24:12,333 [Thread-382] INFO  impl.FollowerState (FollowerState.java:run(117)) - a20d02fb-e889-4888-8041-7f0d463e97dc@group-0FA4EDB76208-FollowerState was interrupted: java.lang.InterruptedException: sleep interrupted
2019-10-17 20:24:12,332 [grpc-default-executor-7] INFO  impl.RoleInfo (RoleInfo.java:updateAndGet(143)) - a20d02fb-e889-4888-8041-7f0d463e97dc: start FollowerState
2019-10-17 20:24:12,355 [IPC Server handler 19 on 46470] INFO  volume.OMVolumeCreateRequest (OMVolumeCreateRequest.java:validateAndUpdateCache(193)) - created volume:volume38561 for user:user47895
2019-10-17 20:24:12,355 [0e723869-d81b-4250-bf7c-b3eb1c130cc4@group-0FA4EDB76208-LeaderElection22] INFO  impl.LeaderElection (LeaderElection.java:logAndReturn(56)) - 0e723869-d81b-4250-bf7c-b3eb1c130cc4@group-0FA4EDB76208-LeaderElection22: Election TIMEOUT; received 0 response(s) [] and 0 exception(s); 0e723869-d81b-4250-bf7c-b3eb1c130cc4@group-0FA4EDB76208:t6, leader=null, voted=0e723869-d81b-4250-bf7c-b3eb1c130cc4, raftlog=0e723869-d81b-4250-bf7c-b3eb1c130cc4@group-0FA4EDB76208-SegmentedRaftLog:OPENED:c-1,f-1,i0, conf=-1: [0e723869-d81b-4250-bf7c-b3eb1c130cc4:192.168.164.201:41994, a20d02fb-e889-4888-8041-7f0d463e97dc:192.168.164.201:39512, de4dd1fb-8e89-4d8f-a94c-eecd5ba9e4a0:192.168.164.201:35026], old=null
2019-10-17 20:24:12,377 [0e723869-d81b-4250-bf7c-b3eb1c130cc4@group-0FA4EDB76208-LeaderElection22] INFO  impl.LeaderElection (LeaderElection.java:askForVotes(178)) - 0e723869-d81b-4250-bf7c-b3eb1c130cc4@group-0FA4EDB76208-LeaderElection22: begin an election at term 7 for -1: [0e723869-d81b-4250-bf7c-b3eb1c130cc4:192.168.164.201:41994, a20d02fb-e889-4888-8041-7f0d463e97dc:192.168.164.201:39512, de4dd1fb-8e89-4d8f-a94c-eecd5ba9e4a0:192.168.164.201:35026], old=null
2019-10-17 20:24:12,380 [grpc-default-executor-7] INFO  impl.RaftServerImpl (RaftServerImpl.java:setRole(184)) - de4dd1fb-8e89-4d8f-a94c-eecd5ba9e4a0@group-0FA4EDB76208: changes role from  FOLLOWER to FOLLOWER at term 7 for recognizeCandidate:0e723869-d81b-4250-bf7c-b3eb1c130cc4
2019-10-17 20:24:12,381 [grpc-default-executor-3] INFO  impl.RaftServerImpl (RaftServerImpl.java:setRole(184)) - a20d02fb-e889-4888-8041-7f0d463e97dc@group-0FA4EDB76208: changes role from  FOLLOWER to FOLLOWER at term 7 for recognizeCandidate:0e723869-d81b-4250-bf7c-b3eb1c130cc4
2019-10-17 20:24:12,381 [grpc-default-executor-7] INFO  impl.RoleInfo (RoleInfo.java:shutdownFollowerState(121)) - de4dd1fb-8e89-4d8f-a94c-eecd5ba9e4a0: shutdown FollowerState
2019-10-17 20:24:12,381 [grpc-default-executor-3] INFO  impl.RoleInfo (RoleInfo.java:shutdownFollowerState(121)) - a20d02fb-e889-4888-8041-7f0d463e97dc: shutdown FollowerState
2019-10-17 20:24:12,381 [Thread-386] INFO  impl.FollowerState (FollowerState.java:run(117)) - de4dd1fb-8e89-4d8f-a94c-eecd5ba9e4a0@group-0FA4EDB76208-FollowerState was interrupted: java.lang.InterruptedException: sleep interrupted
2019-10-17 20:24:12,381 [grpc-default-executor-7] INFO  impl.RoleInfo (RoleInfo.java:updateAndGet(143)) - de4dd1fb-8e89-4d8f-a94c-eecd5ba9e4a0: start FollowerState
2019-10-17 20:24:12,382 [Thread-387] INFO  impl.FollowerState (FollowerState.java:run(117)) - a20d02fb-e889-4888-8041-7f0d463e97dc@group-0FA4EDB76208-FollowerState was interrupted: java.lang.InterruptedException: sleep interrupted
2019-10-17 20:24:12,382 [grpc-default-executor-3] INFO  impl.RoleInfo (RoleInfo.java:updateAndGet(143)) - a20d02fb-e889-4888-8041-7f0d463e97dc: start FollowerState
2019-10-17 20:24:12,398 [Thread-331] INFO  rpc.RpcClient (RpcClient.java:createBucket(411)) - Creating Bucket: volume38561/bucket46508, with Versioning false and Storage Type set to DISK and Encryption set to false 
2019-10-17 20:24:12,414 [0e723869-d81b-4250-bf7c-b3eb1c130cc4@group-0FA4EDB76208-LeaderElection22] INFO  impl.LeaderElection (LeaderElection.java:logAndReturn(56)) - 0e723869-d81b-4250-bf7c-b3eb1c130cc4@group-0FA4EDB76208-LeaderElection22: Election REJECTED; received 2 response(s) [0e723869-d81b-4250-bf7c-b3eb1c130cc4<-a20d02fb-e889-4888-8041-7f0d463e97dc#0:FAIL-t7, 0e723869-d81b-4250-bf7c-b3eb1c130cc4<-de4dd1fb-8e89-4d8f-a94c-eecd5ba9e4a0#0:FAIL-t7] and 0 exception(s); 0e723869-d81b-4250-bf7c-b3eb1c130cc4@group-0FA4EDB76208:t7, leader=null, voted=0e723869-d81b-4250-bf7c-b3eb1c130cc4, raftlog=0e723869-d81b-4250-bf7c-b3eb1c130cc4@group-0FA4EDB76208-SegmentedRaftLog:OPENED:c-1,f-1,i0, conf=-1: [0e723869-d81b-4250-bf7c-b3eb1c130cc4:192.168.164.201:41994, a20d02fb-e889-4888-8041-7f0d463e97dc:192.168.164.201:39512, de4dd1fb-8e89-4d8f-a94c-eecd5ba9e4a0:192.168.164.201:35026], old=null
2019-10-17 20:24:12,414 [0e723869-d81b-4250-bf7c-b3eb1c130cc4@group-0FA4EDB76208-LeaderElection22] INFO  impl.RaftServerImpl (RaftServerImpl.java:setRole(184)) - 0e723869-d81b-4250-bf7c-b3eb1c130cc4@group-0FA4EDB76208: changes role from CANDIDATE to FOLLOWER at term 7 for DISCOVERED_A_NEW_TERM
2019-10-17 20:24:12,414 [0e723869-d81b-4250-bf7c-b3eb1c130cc4@group-0FA4EDB76208-LeaderElection22] INFO  impl.RoleInfo (RoleInfo.java:shutdownLeaderElection(134)) - 0e723869-d81b-4250-bf7c-b3eb1c130cc4: shutdown LeaderElection
2019-10-17 20:24:12,414 [0e723869-d81b-4250-bf7c-b3eb1c130cc4@group-0FA4EDB76208-LeaderElection22] INFO  impl.RoleInfo (RoleInfo.java:updateAndGet(143)) - 0e723869-d81b-4250-bf7c-b3eb1c130cc4: start FollowerState
2019-10-17 20:24:12,489 [Thread-393] INFO  impl.FollowerState (FollowerState.java:run(108)) - 0e723869-d81b-4250-bf7c-b3eb1c130cc4@group-0FA4EDB76208-FollowerState: change to CANDIDATE, lastRpcTime:74ms, electionTimeout:74ms
2019-10-17 20:24:12,490 [Thread-393] INFO  impl.RoleInfo (RoleInfo.java:shutdownFollowerState(121)) - 0e723869-d81b-4250-bf7c-b3eb1c130cc4: shutdown FollowerState
2019-10-17 20:24:12,490 [Thread-393] INFO  impl.RaftServerImpl (RaftServerImpl.java:setRole(184)) - 0e723869-d81b-4250-bf7c-b3eb1c130cc4@group-0FA4EDB76208: changes role from  FOLLOWER to CANDIDATE at term 7 for changeToCandidate
2019-10-17 20:24:12,490 [Thread-393] INFO  impl.RoleInfo (RoleInfo.java:updateAndGet(143)) - 0e723869-d81b-4250-bf7c-b3eb1c130cc4: start LeaderElection
2019-10-17 20:24:12,519 [0e723869-d81b-4250-bf7c-b3eb1c130cc4@group-0FA4EDB76208-LeaderElection23] INFO  impl.LeaderElection (LeaderElection.java:askForVotes(178)) - 0e723869-d81b-4250-bf7c-b3eb1c130cc4@group-0FA4EDB76208-LeaderElection23: begin an election at term 8 for -1: [0e723869-d81b-4250-bf7c-b3eb1c130cc4:192.168.164.201:41994, a20d02fb-e889-4888-8041-7f0d463e97dc:192.168.164.201:39512, de4dd1fb-8e89-4d8f-a94c-eecd5ba9e4a0:192.168.164.201:35026], old=null
2019-10-17 20:24:12,525 [grpc-default-executor-3] INFO  impl.RaftServerImpl (RaftServerImpl.java:setRole(184)) - a20d02fb-e889-4888-8041-7f0d463e97dc@group-0FA4EDB76208: changes role from  FOLLOWER to FOLLOWER at term 8 for recognizeCandidate:0e723869-d81b-4250-bf7c-b3eb1c130cc4
2019-10-17 20:24:12,525 [grpc-default-executor-7] INFO  impl.RaftServerImpl (RaftServerImpl.java:setRole(184)) - de4dd1fb-8e89-4d8f-a94c-eecd5ba9e4a0@group-0FA4EDB76208: changes role from  FOLLOWER to FOLLOWER at term 8 for recognizeCandidate:0e723869-d81b-4250-bf7c-b3eb1c130cc4
2019-10-17 20:24:12,525 [grpc-default-executor-3] INFO  impl.RoleInfo (RoleInfo.java:shutdownFollowerState(121)) - a20d02fb-e889-4888-8041-7f0d463e97dc: shutdown FollowerState
2019-10-17 20:24:12,525 [grpc-default-executor-7] INFO  impl.RoleInfo (RoleInfo.java:shutdownFollowerState(121)) - de4dd1fb-8e89-4d8f-a94c-eecd5ba9e4a0: shutdown FollowerState
2019-10-17 20:24:12,525 [grpc-default-executor-3] INFO  impl.RoleInfo (RoleInfo.java:updateAndGet(143)) - a20d02fb-e889-4888-8041-7f0d463e97dc: start FollowerState
2019-10-17 20:24:12,525 [Thread-392] INFO  impl.FollowerState (FollowerState.java:run(117)) - a20d02fb-e889-4888-8041-7f0d463e97dc@group-0FA4EDB76208-FollowerState was interrupted: java.lang.InterruptedException: sleep interrupted
2019-10-17 20:24:12,526 [Thread-391] INFO  impl.FollowerState (FollowerState.java:run(117)) - de4dd1fb-8e89-4d8f-a94c-eecd5ba9e4a0@group-0FA4EDB76208-FollowerState was interrupted: java.lang.InterruptedException: sleep interrupted
2019-10-17 20:24:12,525 [grpc-default-executor-7] INFO  impl.RoleInfo (RoleInfo.java:updateAndGet(143)) - de4dd1fb-8e89-4d8f-a94c-eecd5ba9e4a0: start FollowerState
2019-10-17 20:24:12,526 [0e723869-d81b-4250-bf7c-b3eb1c130cc4@group-0FA4EDB76208-LeaderElection23] INFO  impl.LeaderElection (LeaderElection.java:logAndReturn(56)) - 0e723869-d81b-4250-bf7c-b3eb1c130cc4@group-0FA4EDB76208-LeaderElection23: Election TIMEOUT; received 0 response(s) [] and 0 exception(s); 0e723869-d81b-4250-bf7c-b3eb1c130cc4@group-0FA4EDB76208:t8, leader=null, voted=0e723869-d81b-4250-bf7c-b3eb1c130cc4, raftlog=0e723869-d81b-4250-bf7c-b3eb1c130cc4@group-0FA4EDB76208-SegmentedRaftLog:OPENED:c-1,f-1,i0, conf=-1: [0e723869-d81b-4250-bf7c-b3eb1c130cc4:192.168.164.201:41994, a20d02fb-e889-4888-8041-7f0d463e97dc:192.168.164.201:39512, de4dd1fb-8e89-4d8f-a94c-eecd5ba9e4a0:192.168.164.201:35026], old=null
2019-10-17 20:24:12,553 [0e723869-d81b-4250-bf7c-b3eb1c130cc4@group-0FA4EDB76208-LeaderElection23] INFO  impl.LeaderElection (LeaderElection.java:askForVotes(178)) - 0e723869-d81b-4250-bf7c-b3eb1c130cc4@group-0FA4EDB76208-LeaderElection23: begin an election at term 9 for -1: [0e723869-d81b-4250-bf7c-b3eb1c130cc4:192.168.164.201:41994, a20d02fb-e889-4888-8041-7f0d463e97dc:192.168.164.201:39512, de4dd1fb-8e89-4d8f-a94c-eecd5ba9e4a0:192.168.164.201:35026], old=null
2019-10-17 20:24:12,557 [grpc-default-executor-3] INFO  impl.RaftServerImpl (RaftServerImpl.java:setRole(184)) - a20d02fb-e889-4888-8041-7f0d463e97dc@group-0FA4EDB76208: changes role from  FOLLOWER to FOLLOWER at term 9 for recognizeCandidate:0e723869-d81b-4250-bf7c-b3eb1c130cc4
2019-10-17 20:24:12,557 [grpc-default-executor-7] INFO  impl.RaftServerImpl (RaftServerImpl.java:setRole(184)) - de4dd1fb-8e89-4d8f-a94c-eecd5ba9e4a0@group-0FA4EDB76208: changes role from  FOLLOWER to FOLLOWER at term 9 for recognizeCandidate:0e723869-d81b-4250-bf7c-b3eb1c130cc4
2019-10-17 20:24:12,558 [grpc-default-executor-7] INFO  impl.RoleInfo (RoleInfo.java:shutdownFollowerState(121)) - de4dd1fb-8e89-4d8f-a94c-eecd5ba9e4a0: shutdown FollowerState
2019-10-17 20:24:12,558 [grpc-default-executor-3] INFO  impl.RoleInfo (RoleInfo.java:shutdownFollowerState(121)) - a20d02fb-e889-4888-8041-7f0d463e97dc: shutdown FollowerState
2019-10-17 20:24:12,559 [Thread-399] INFO  impl.FollowerState (FollowerState.java:run(117)) - de4dd1fb-8e89-4d8f-a94c-eecd5ba9e4a0@group-0FA4EDB76208-FollowerState was interrupted: java.lang.InterruptedException: sleep interrupted
2019-10-17 20:24:12,558 [grpc-default-executor-7] INFO  impl.RoleInfo (RoleInfo.java:updateAndGet(143)) - de4dd1fb-8e89-4d8f-a94c-eecd5ba9e4a0: start FollowerState
2019-10-17 20:24:12,559 [grpc-default-executor-3] INFO  impl.RoleInfo (RoleInfo.java:updateAndGet(143)) - a20d02fb-e889-4888-8041-7f0d463e97dc: start FollowerState
2019-10-17 20:24:12,559 [Thread-398] INFO  impl.FollowerState (FollowerState.java:run(117)) - a20d02fb-e889-4888-8041-7f0d463e97dc@group-0FA4EDB76208-FollowerState was interrupted: java.lang.InterruptedException: sleep interrupted
2019-10-17 20:24:12,570 [Thread-331] INFO  contract.AbstractFSContractTestBase (AbstractFSContractTestBase.java:setup(184)) - Test filesystem = o3fs://bucket46508.volume38561 implemented by OzoneFileSystem{URI=o3fs://bucket46508.volume38561, workingDir=o3fs://bucket46508.volume38561/user/jenkins1000, userName=jenkins1000, statistics=0 bytes read, 0 bytes written, 0 read ops, 0 large read ops, 0 write ops}
2019-10-17 20:24:12,614 [0e723869-d81b-4250-bf7c-b3eb1c130cc4@group-0FA4EDB76208-LeaderElection23] INFO  impl.LeaderElection (LeaderElection.java:logAndReturn(56)) - 0e723869-d81b-4250-bf7c-b3eb1c130cc4@group-0FA4EDB76208-LeaderElection23: Election REJECTED; received 2 response(s) [0e723869-d81b-4250-bf7c-b3eb1c130cc4<-a20d02fb-e889-4888-8041-7f0d463e97dc#0:FAIL-t9, 0e723869-d81b-4250-bf7c-b3eb1c130cc4<-de4dd1fb-8e89-4d8f-a94c-eecd5ba9e4a0#0:FAIL-t9] and 0 exception(s); 0e723869-d81b-4250-bf7c-b3eb1c130cc4@group-0FA4EDB76208:t9, leader=null, voted=0e723869-d81b-4250-bf7c-b3eb1c130cc4, raftlog=0e723869-d81b-4250-bf7c-b3eb1c130cc4@group-0FA4EDB76208-SegmentedRaftLog:OPENED:c-1,f-1,i0, conf=-1: [0e723869-d81b-4250-bf7c-b3eb1c130cc4:192.168.164.201:41994, a20d02fb-e889-4888-8041-7f0d463e97dc:192.168.164.201:39512, de4dd1fb-8e89-4d8f-a94c-eecd5ba9e4a0:192.168.164.201:35026], old=null
2019-10-17 20:24:12,614 [0e723869-d81b-4250-bf7c-b3eb1c130cc4@group-0FA4EDB76208-LeaderElection23] INFO  impl.RaftServerImpl (RaftServerImpl.java:setRole(184)) - 0e723869-d81b-4250-bf7c-b3eb1c130cc4@group-0FA4EDB76208: changes role from CANDIDATE to FOLLOWER at term 9 for DISCOVERED_A_NEW_TERM
2019-10-17 20:24:12,614 [0e723869-d81b-4250-bf7c-b3eb1c130cc4@group-0FA4EDB76208-LeaderElection23] INFO  impl.RoleInfo (RoleInfo.java:shutdownLeaderElection(134)) - 0e723869-d81b-4250-bf7c-b3eb1c130cc4: shutdown LeaderElection
2019-10-17 20:24:12,615 [0e723869-d81b-4250-bf7c-b3eb1c130cc4@group-0FA4EDB76208-LeaderElection23] INFO  impl.RoleInfo (RoleInfo.java:updateAndGet(143)) - 0e723869-d81b-4250-bf7c-b3eb1c130cc4: start FollowerState
2019-10-17 20:24:12,645 [IPC Server handler 0 on 39481] WARN  block.BlockManagerImpl (BlockManagerImpl.java:allocateBlock(200)) - Pipeline creation failed for type:RATIS factor:THREE. Retrying get pipelines call once.
org.apache.hadoop.hdds.scm.pipeline.InsufficientDatanodesException: Cannot create pipeline of factor 3 using 2 nodes.
	at org.apache.hadoop.hdds.scm.pipeline.RatisPipelineProvider.create(RatisPipelineProvider.java:153)
	at org.apache.hadoop.hdds.scm.pipeline.PipelineFactory.create(PipelineFactory.java:58)
	at org.apache.hadoop.hdds.scm.pipeline.SCMPipelineManager.createPipeline(SCMPipelineManager.java:155)
	at org.apache.hadoop.hdds.scm.block.BlockManagerImpl.allocateBlock(BlockManagerImpl.java:198)
	at org.apache.hadoop.hdds.scm.server.SCMBlockProtocolServer.allocateBlock(SCMBlockProtocolServer.java:182)
	at org.apache.hadoop.hdds.scm.protocol.ScmBlockLocationProtocolServerSideTranslatorPB.allocateScmBlock(ScmBlockLocationProtocolServerSideTranslatorPB.java:159)
	at org.apache.hadoop.hdds.scm.protocol.ScmBlockLocationProtocolServerSideTranslatorPB.processMessage(ScmBlockLocationProtocolServerSideTranslatorPB.java:117)
	at org.apache.hadoop.hdds.server.OzoneProtocolMessageDispatcher.processRequest(OzoneProtocolMessageDispatcher.java:72)
	at org.apache.hadoop.hdds.scm.protocol.ScmBlockLocationProtocolServerSideTranslatorPB.send(ScmBlockLocationProtocolServerSideTranslatorPB.java:98)
	at org.apache.hadoop.hdds.protocol.proto.ScmBlockLocationProtocolProtos$ScmBlockLocationProtocolService$2.callBlockingMethod(ScmBlockLocationProtocolProtos.java:13157)
	at org.apache.hadoop.ipc.ProtobufRpcEngine$Server$ProtoBufRpcInvoker.call(ProtobufRpcEngine.java:524)
	at org.apache.hadoop.ipc.RPC$Server.call(RPC.java:1025)
	at org.apache.hadoop.ipc.Server$RpcCall.run(Server.java:876)
	at org.apache.hadoop.ipc.Server$RpcCall.run(Server.java:822)
	at java.security.AccessController.doPrivileged(Native Method)
	at javax.security.auth.Subject.doAs(Subject.java:422)
	at org.apache.hadoop.security.UserGroupInformation.doAs(UserGroupInformation.java:1730)
	at org.apache.hadoop.ipc.Server$Handler.run(Server.java:2682)
2019-10-17 20:24:12,648 [IPC Server handler 0 on 39481] INFO  block.BlockManagerImpl (BlockManagerImpl.java:allocateBlock(212)) - Could not find available pipeline of type:RATIS and factor:THREE even after retrying
2019-10-17 20:24:12,648 [IPC Server handler 0 on 39481] ERROR block.BlockManagerImpl (BlockManagerImpl.java:allocateBlock(236)) - Unable to allocate a block for the size: 4194304, type: RATIS, factor: THREE
]]></system-out>
    <system-err><![CDATA[ERROR StatusLogger No Log4j 2 configuration file found. Using default configuration (logging only errors to the console), or user programmatically provided configurations. Set system property 'log4j2.debug' to show Log4j 2 internal initialization logging. See https://logging.apache.org/log4j/2.x/manual/configuration.html for instructions on how to configure Log4j 2
]]></system-err>
  </testcase>
  <testcase name="testReadSmallFile" classname="org.apache.hadoop.fs.ozone.contract.ITestOzoneContractSeek" time="0.172">
    <error message="Allocated 0 blocks. Requested 1 blocks" type="INTERNAL_ERROR org.apache.hadoop.ozone.om.exceptions.OMException">INTERNAL_ERROR org.apache.hadoop.ozone.om.exceptions.OMException: Allocated 0 blocks. Requested 1 blocks
	at org.apache.hadoop.ozone.om.protocolPB.OzoneManagerProtocolClientSideTranslatorPB.handleError(OzoneManagerProtocolClientSideTranslatorPB.java:732)
	at org.apache.hadoop.ozone.om.protocolPB.OzoneManagerProtocolClientSideTranslatorPB.createFile(OzoneManagerProtocolClientSideTranslatorPB.java:1536)
	at sun.reflect.NativeMethodAccessorImpl.invoke0(Native Method)
	at sun.reflect.NativeMethodAccessorImpl.invoke(NativeMethodAccessorImpl.java:62)
	at sun.reflect.DelegatingMethodAccessorImpl.invoke(DelegatingMethodAccessorImpl.java:43)
	at java.lang.reflect.Method.invoke(Method.java:498)
	at org.apache.hadoop.hdds.tracing.TraceAllMethod.invoke(TraceAllMethod.java:66)
	at com.sun.proxy.$Proxy41.createFile(Unknown Source)
	at org.apache.hadoop.ozone.client.rpc.RpcClient.createFile(RpcClient.java:1006)
	at org.apache.hadoop.ozone.client.OzoneBucket.createFile(OzoneBucket.java:537)
	at org.apache.hadoop.fs.ozone.BasicOzoneClientAdapterImpl.createFile(BasicOzoneClientAdapterImpl.java:208)
	at org.apache.hadoop.fs.ozone.BasicOzoneFileSystem.createOutputStream(BasicOzoneFileSystem.java:250)
	at org.apache.hadoop.fs.ozone.BasicOzoneFileSystem.create(BasicOzoneFileSystem.java:231)
	at org.apache.hadoop.fs.FileSystem.create(FileSystem.java:1118)
	at org.apache.hadoop.fs.FileSystem.create(FileSystem.java:1098)
	at org.apache.hadoop.fs.FileSystem.create(FileSystem.java:987)
	at org.apache.hadoop.fs.contract.ContractTestUtils.createFile(ContractTestUtils.java:633)
	at org.apache.hadoop.fs.contract.AbstractContractSeekTest.setup(AbstractContractSeekTest.java:64)
	at sun.reflect.NativeMethodAccessorImpl.invoke0(Native Method)
	at sun.reflect.NativeMethodAccessorImpl.invoke(NativeMethodAccessorImpl.java:62)
	at sun.reflect.DelegatingMethodAccessorImpl.invoke(DelegatingMethodAccessorImpl.java:43)
	at java.lang.reflect.Method.invoke(Method.java:498)
	at org.junit.runners.model.FrameworkMethod$1.runReflectiveCall(FrameworkMethod.java:47)
	at org.junit.internal.runners.model.ReflectiveCallable.run(ReflectiveCallable.java:12)
	at org.junit.runners.model.FrameworkMethod.invokeExplosively(FrameworkMethod.java:44)
	at org.junit.internal.runners.statements.RunBefores.evaluate(RunBefores.java:24)
	at org.junit.internal.runners.statements.RunAfters.evaluate(RunAfters.java:27)
	at org.junit.rules.TestWatcher$1.evaluate(TestWatcher.java:55)
	at org.junit.internal.runners.statements.FailOnTimeout$StatementThread.run(FailOnTimeout.java:74)
</error>
    <system-out><![CDATA[2019-10-17 20:24:12,794 [Thread-406] INFO  rpc.RpcClient (RpcClient.java:createVolume(272)) - Creating Volume: volume16808, with user94737 as owner.
2019-10-17 20:24:12,798 [IPC Server handler 5 on 46470] INFO  volume.OMVolumeCreateRequest (OMVolumeCreateRequest.java:validateAndUpdateCache(193)) - created volume:volume16808 for user:user94737
2019-10-17 20:24:12,802 [Thread-406] INFO  rpc.RpcClient (RpcClient.java:createBucket(411)) - Creating Bucket: volume16808/bucket81650, with Versioning false and Storage Type set to DISK and Encryption set to false 
2019-10-17 20:24:12,806 [Thread-404] INFO  impl.FollowerState (FollowerState.java:run(108)) - 0e723869-d81b-4250-bf7c-b3eb1c130cc4@group-0FA4EDB76208-FollowerState: change to CANDIDATE, lastRpcTime:191ms, electionTimeout:191ms
2019-10-17 20:24:12,806 [Thread-404] INFO  impl.RoleInfo (RoleInfo.java:shutdownFollowerState(121)) - 0e723869-d81b-4250-bf7c-b3eb1c130cc4: shutdown FollowerState
2019-10-17 20:24:12,806 [Thread-404] INFO  impl.RaftServerImpl (RaftServerImpl.java:setRole(184)) - 0e723869-d81b-4250-bf7c-b3eb1c130cc4@group-0FA4EDB76208: changes role from  FOLLOWER to CANDIDATE at term 9 for changeToCandidate
2019-10-17 20:24:12,807 [Thread-404] INFO  impl.RoleInfo (RoleInfo.java:updateAndGet(143)) - 0e723869-d81b-4250-bf7c-b3eb1c130cc4: start LeaderElection
2019-10-17 20:24:12,838 [0e723869-d81b-4250-bf7c-b3eb1c130cc4@group-0FA4EDB76208-LeaderElection24] INFO  impl.LeaderElection (LeaderElection.java:askForVotes(178)) - 0e723869-d81b-4250-bf7c-b3eb1c130cc4@group-0FA4EDB76208-LeaderElection24: begin an election at term 10 for -1: [0e723869-d81b-4250-bf7c-b3eb1c130cc4:192.168.164.201:41994, a20d02fb-e889-4888-8041-7f0d463e97dc:192.168.164.201:39512, de4dd1fb-8e89-4d8f-a94c-eecd5ba9e4a0:192.168.164.201:35026], old=null
2019-10-17 20:24:12,843 [grpc-default-executor-7] INFO  impl.RaftServerImpl (RaftServerImpl.java:setRole(184)) - de4dd1fb-8e89-4d8f-a94c-eecd5ba9e4a0@group-0FA4EDB76208: changes role from  FOLLOWER to FOLLOWER at term 10 for recognizeCandidate:0e723869-d81b-4250-bf7c-b3eb1c130cc4
2019-10-17 20:24:12,844 [grpc-default-executor-7] INFO  impl.RoleInfo (RoleInfo.java:shutdownFollowerState(121)) - de4dd1fb-8e89-4d8f-a94c-eecd5ba9e4a0: shutdown FollowerState
2019-10-17 20:24:12,844 [grpc-default-executor-3] INFO  impl.RaftServerImpl (RaftServerImpl.java:setRole(184)) - a20d02fb-e889-4888-8041-7f0d463e97dc@group-0FA4EDB76208: changes role from  FOLLOWER to FOLLOWER at term 10 for recognizeCandidate:0e723869-d81b-4250-bf7c-b3eb1c130cc4
2019-10-17 20:24:12,844 [grpc-default-executor-7] INFO  impl.RoleInfo (RoleInfo.java:updateAndGet(143)) - de4dd1fb-8e89-4d8f-a94c-eecd5ba9e4a0: start FollowerState
2019-10-17 20:24:12,844 [Thread-402] INFO  impl.FollowerState (FollowerState.java:run(117)) - de4dd1fb-8e89-4d8f-a94c-eecd5ba9e4a0@group-0FA4EDB76208-FollowerState was interrupted: java.lang.InterruptedException: sleep interrupted
2019-10-17 20:24:12,844 [grpc-default-executor-3] INFO  impl.RoleInfo (RoleInfo.java:shutdownFollowerState(121)) - a20d02fb-e889-4888-8041-7f0d463e97dc: shutdown FollowerState
2019-10-17 20:24:12,844 [grpc-default-executor-3] INFO  impl.RoleInfo (RoleInfo.java:updateAndGet(143)) - a20d02fb-e889-4888-8041-7f0d463e97dc: start FollowerState
2019-10-17 20:24:12,844 [Thread-403] INFO  impl.FollowerState (FollowerState.java:run(117)) - a20d02fb-e889-4888-8041-7f0d463e97dc@group-0FA4EDB76208-FollowerState was interrupted: java.lang.InterruptedException: sleep interrupted
2019-10-17 20:24:12,873 [Thread-406] INFO  contract.AbstractFSContractTestBase (AbstractFSContractTestBase.java:setup(184)) - Test filesystem = o3fs://bucket81650.volume16808 implemented by OzoneFileSystem{URI=o3fs://bucket81650.volume16808, workingDir=o3fs://bucket81650.volume16808/user/jenkins1000, userName=jenkins1000, statistics=0 bytes read, 0 bytes written, 3 read ops, 0 large read ops, 2 write ops}
2019-10-17 20:24:12,875 [0e723869-d81b-4250-bf7c-b3eb1c130cc4@group-0FA4EDB76208-LeaderElection24] INFO  impl.LeaderElection (LeaderElection.java:logAndReturn(56)) - 0e723869-d81b-4250-bf7c-b3eb1c130cc4@group-0FA4EDB76208-LeaderElection24: Election REJECTED; received 2 response(s) [0e723869-d81b-4250-bf7c-b3eb1c130cc4<-a20d02fb-e889-4888-8041-7f0d463e97dc#0:FAIL-t10, 0e723869-d81b-4250-bf7c-b3eb1c130cc4<-de4dd1fb-8e89-4d8f-a94c-eecd5ba9e4a0#0:FAIL-t10] and 0 exception(s); 0e723869-d81b-4250-bf7c-b3eb1c130cc4@group-0FA4EDB76208:t10, leader=null, voted=0e723869-d81b-4250-bf7c-b3eb1c130cc4, raftlog=0e723869-d81b-4250-bf7c-b3eb1c130cc4@group-0FA4EDB76208-SegmentedRaftLog:OPENED:c-1,f-1,i0, conf=-1: [0e723869-d81b-4250-bf7c-b3eb1c130cc4:192.168.164.201:41994, a20d02fb-e889-4888-8041-7f0d463e97dc:192.168.164.201:39512, de4dd1fb-8e89-4d8f-a94c-eecd5ba9e4a0:192.168.164.201:35026], old=null
2019-10-17 20:24:12,875 [0e723869-d81b-4250-bf7c-b3eb1c130cc4@group-0FA4EDB76208-LeaderElection24] INFO  impl.RaftServerImpl (RaftServerImpl.java:setRole(184)) - 0e723869-d81b-4250-bf7c-b3eb1c130cc4@group-0FA4EDB76208: changes role from CANDIDATE to FOLLOWER at term 10 for DISCOVERED_A_NEW_TERM
2019-10-17 20:24:12,875 [0e723869-d81b-4250-bf7c-b3eb1c130cc4@group-0FA4EDB76208-LeaderElection24] INFO  impl.RoleInfo (RoleInfo.java:shutdownLeaderElection(134)) - 0e723869-d81b-4250-bf7c-b3eb1c130cc4: shutdown LeaderElection
2019-10-17 20:24:12,876 [0e723869-d81b-4250-bf7c-b3eb1c130cc4@group-0FA4EDB76208-LeaderElection24] INFO  impl.RoleInfo (RoleInfo.java:updateAndGet(143)) - 0e723869-d81b-4250-bf7c-b3eb1c130cc4: start FollowerState
2019-10-17 20:24:12,882 [IPC Server handler 10 on 39481] WARN  block.BlockManagerImpl (BlockManagerImpl.java:allocateBlock(200)) - Pipeline creation failed for type:RATIS factor:THREE. Retrying get pipelines call once.
org.apache.hadoop.hdds.scm.pipeline.InsufficientDatanodesException: Cannot create pipeline of factor 3 using 2 nodes.
	at org.apache.hadoop.hdds.scm.pipeline.RatisPipelineProvider.create(RatisPipelineProvider.java:153)
	at org.apache.hadoop.hdds.scm.pipeline.PipelineFactory.create(PipelineFactory.java:58)
	at org.apache.hadoop.hdds.scm.pipeline.SCMPipelineManager.createPipeline(SCMPipelineManager.java:155)
	at org.apache.hadoop.hdds.scm.block.BlockManagerImpl.allocateBlock(BlockManagerImpl.java:198)
	at org.apache.hadoop.hdds.scm.server.SCMBlockProtocolServer.allocateBlock(SCMBlockProtocolServer.java:182)
	at org.apache.hadoop.hdds.scm.protocol.ScmBlockLocationProtocolServerSideTranslatorPB.allocateScmBlock(ScmBlockLocationProtocolServerSideTranslatorPB.java:159)
	at org.apache.hadoop.hdds.scm.protocol.ScmBlockLocationProtocolServerSideTranslatorPB.processMessage(ScmBlockLocationProtocolServerSideTranslatorPB.java:117)
	at org.apache.hadoop.hdds.server.OzoneProtocolMessageDispatcher.processRequest(OzoneProtocolMessageDispatcher.java:72)
	at org.apache.hadoop.hdds.scm.protocol.ScmBlockLocationProtocolServerSideTranslatorPB.send(ScmBlockLocationProtocolServerSideTranslatorPB.java:98)
	at org.apache.hadoop.hdds.protocol.proto.ScmBlockLocationProtocolProtos$ScmBlockLocationProtocolService$2.callBlockingMethod(ScmBlockLocationProtocolProtos.java:13157)
	at org.apache.hadoop.ipc.ProtobufRpcEngine$Server$ProtoBufRpcInvoker.call(ProtobufRpcEngine.java:524)
	at org.apache.hadoop.ipc.RPC$Server.call(RPC.java:1025)
	at org.apache.hadoop.ipc.Server$RpcCall.run(Server.java:876)
	at org.apache.hadoop.ipc.Server$RpcCall.run(Server.java:822)
	at java.security.AccessController.doPrivileged(Native Method)
	at javax.security.auth.Subject.doAs(Subject.java:422)
	at org.apache.hadoop.security.UserGroupInformation.doAs(UserGroupInformation.java:1730)
	at org.apache.hadoop.ipc.Server$Handler.run(Server.java:2682)
2019-10-17 20:24:12,884 [IPC Server handler 10 on 39481] INFO  block.BlockManagerImpl (BlockManagerImpl.java:allocateBlock(212)) - Could not find available pipeline of type:RATIS and factor:THREE even after retrying
2019-10-17 20:24:12,884 [IPC Server handler 10 on 39481] ERROR block.BlockManagerImpl (BlockManagerImpl.java:allocateBlock(236)) - Unable to allocate a block for the size: 4194304, type: RATIS, factor: THREE
]]></system-out>
  </testcase>
  <testcase name="testRandomSeeks" classname="org.apache.hadoop.fs.ozone.contract.ITestOzoneContractSeek" time="0.141">
    <error message="Allocated 0 blocks. Requested 1 blocks" type="INTERNAL_ERROR org.apache.hadoop.ozone.om.exceptions.OMException">INTERNAL_ERROR org.apache.hadoop.ozone.om.exceptions.OMException: Allocated 0 blocks. Requested 1 blocks
	at org.apache.hadoop.ozone.om.protocolPB.OzoneManagerProtocolClientSideTranslatorPB.handleError(OzoneManagerProtocolClientSideTranslatorPB.java:732)
	at org.apache.hadoop.ozone.om.protocolPB.OzoneManagerProtocolClientSideTranslatorPB.createFile(OzoneManagerProtocolClientSideTranslatorPB.java:1536)
	at sun.reflect.NativeMethodAccessorImpl.invoke0(Native Method)
	at sun.reflect.NativeMethodAccessorImpl.invoke(NativeMethodAccessorImpl.java:62)
	at sun.reflect.DelegatingMethodAccessorImpl.invoke(DelegatingMethodAccessorImpl.java:43)
	at java.lang.reflect.Method.invoke(Method.java:498)
	at org.apache.hadoop.hdds.tracing.TraceAllMethod.invoke(TraceAllMethod.java:66)
	at com.sun.proxy.$Proxy41.createFile(Unknown Source)
	at org.apache.hadoop.ozone.client.rpc.RpcClient.createFile(RpcClient.java:1006)
	at org.apache.hadoop.ozone.client.OzoneBucket.createFile(OzoneBucket.java:537)
	at org.apache.hadoop.fs.ozone.BasicOzoneClientAdapterImpl.createFile(BasicOzoneClientAdapterImpl.java:208)
	at org.apache.hadoop.fs.ozone.BasicOzoneFileSystem.createOutputStream(BasicOzoneFileSystem.java:250)
	at org.apache.hadoop.fs.ozone.BasicOzoneFileSystem.create(BasicOzoneFileSystem.java:231)
	at org.apache.hadoop.fs.FileSystem.create(FileSystem.java:1118)
	at org.apache.hadoop.fs.FileSystem.create(FileSystem.java:1098)
	at org.apache.hadoop.fs.FileSystem.create(FileSystem.java:987)
	at org.apache.hadoop.fs.contract.ContractTestUtils.createFile(ContractTestUtils.java:633)
	at org.apache.hadoop.fs.contract.AbstractContractSeekTest.setup(AbstractContractSeekTest.java:64)
	at sun.reflect.NativeMethodAccessorImpl.invoke0(Native Method)
	at sun.reflect.NativeMethodAccessorImpl.invoke(NativeMethodAccessorImpl.java:62)
	at sun.reflect.DelegatingMethodAccessorImpl.invoke(DelegatingMethodAccessorImpl.java:43)
	at java.lang.reflect.Method.invoke(Method.java:498)
	at org.junit.runners.model.FrameworkMethod$1.runReflectiveCall(FrameworkMethod.java:47)
	at org.junit.internal.runners.model.ReflectiveCallable.run(ReflectiveCallable.java:12)
	at org.junit.runners.model.FrameworkMethod.invokeExplosively(FrameworkMethod.java:44)
	at org.junit.internal.runners.statements.RunBefores.evaluate(RunBefores.java:24)
	at org.junit.internal.runners.statements.RunAfters.evaluate(RunAfters.java:27)
	at org.junit.rules.TestWatcher$1.evaluate(TestWatcher.java:55)
	at org.junit.internal.runners.statements.FailOnTimeout$StatementThread.run(FailOnTimeout.java:74)
</error>
    <system-out><![CDATA[2019-10-17 20:24:12,909 [Thread-413] INFO  impl.FollowerState (FollowerState.java:run(108)) - 0e723869-d81b-4250-bf7c-b3eb1c130cc4@group-0FA4EDB76208-FollowerState: change to CANDIDATE, lastRpcTime:33ms, electionTimeout:33ms
2019-10-17 20:24:12,909 [Thread-413] INFO  impl.RoleInfo (RoleInfo.java:shutdownFollowerState(121)) - 0e723869-d81b-4250-bf7c-b3eb1c130cc4: shutdown FollowerState
2019-10-17 20:24:12,909 [Thread-413] INFO  impl.RaftServerImpl (RaftServerImpl.java:setRole(184)) - 0e723869-d81b-4250-bf7c-b3eb1c130cc4@group-0FA4EDB76208: changes role from  FOLLOWER to CANDIDATE at term 10 for changeToCandidate
2019-10-17 20:24:12,909 [Thread-413] INFO  impl.RoleInfo (RoleInfo.java:updateAndGet(143)) - 0e723869-d81b-4250-bf7c-b3eb1c130cc4: start LeaderElection
2019-10-17 20:24:12,939 [0e723869-d81b-4250-bf7c-b3eb1c130cc4@group-0FA4EDB76208-LeaderElection25] INFO  impl.LeaderElection (LeaderElection.java:askForVotes(178)) - 0e723869-d81b-4250-bf7c-b3eb1c130cc4@group-0FA4EDB76208-LeaderElection25: begin an election at term 11 for -1: [0e723869-d81b-4250-bf7c-b3eb1c130cc4:192.168.164.201:41994, a20d02fb-e889-4888-8041-7f0d463e97dc:192.168.164.201:39512, de4dd1fb-8e89-4d8f-a94c-eecd5ba9e4a0:192.168.164.201:35026], old=null
2019-10-17 20:24:12,946 [Thread-414] INFO  rpc.RpcClient (RpcClient.java:createVolume(272)) - Creating Volume: volume06612, with user47539 as owner.
2019-10-17 20:24:12,948 [IPC Server handler 8 on 46470] INFO  volume.OMVolumeCreateRequest (OMVolumeCreateRequest.java:validateAndUpdateCache(193)) - created volume:volume06612 for user:user47539
2019-10-17 20:24:12,948 [grpc-default-executor-3] INFO  impl.RaftServerImpl (RaftServerImpl.java:setRole(184)) - de4dd1fb-8e89-4d8f-a94c-eecd5ba9e4a0@group-0FA4EDB76208: changes role from  FOLLOWER to FOLLOWER at term 11 for recognizeCandidate:0e723869-d81b-4250-bf7c-b3eb1c130cc4
2019-10-17 20:24:12,948 [grpc-default-executor-7] INFO  impl.RaftServerImpl (RaftServerImpl.java:setRole(184)) - a20d02fb-e889-4888-8041-7f0d463e97dc@group-0FA4EDB76208: changes role from  FOLLOWER to FOLLOWER at term 11 for recognizeCandidate:0e723869-d81b-4250-bf7c-b3eb1c130cc4
2019-10-17 20:24:12,949 [grpc-default-executor-3] INFO  impl.RoleInfo (RoleInfo.java:shutdownFollowerState(121)) - de4dd1fb-8e89-4d8f-a94c-eecd5ba9e4a0: shutdown FollowerState
2019-10-17 20:24:12,949 [grpc-default-executor-7] INFO  impl.RoleInfo (RoleInfo.java:shutdownFollowerState(121)) - a20d02fb-e889-4888-8041-7f0d463e97dc: shutdown FollowerState
2019-10-17 20:24:12,949 [Thread-411] INFO  impl.FollowerState (FollowerState.java:run(117)) - de4dd1fb-8e89-4d8f-a94c-eecd5ba9e4a0@group-0FA4EDB76208-FollowerState was interrupted: java.lang.InterruptedException: sleep interrupted
2019-10-17 20:24:12,949 [Thread-412] INFO  impl.FollowerState (FollowerState.java:run(117)) - a20d02fb-e889-4888-8041-7f0d463e97dc@group-0FA4EDB76208-FollowerState was interrupted: java.lang.InterruptedException: sleep interrupted
2019-10-17 20:24:12,949 [grpc-default-executor-3] INFO  impl.RoleInfo (RoleInfo.java:updateAndGet(143)) - de4dd1fb-8e89-4d8f-a94c-eecd5ba9e4a0: start FollowerState
2019-10-17 20:24:12,949 [grpc-default-executor-7] INFO  impl.RoleInfo (RoleInfo.java:updateAndGet(143)) - a20d02fb-e889-4888-8041-7f0d463e97dc: start FollowerState
2019-10-17 20:24:12,951 [Thread-414] INFO  rpc.RpcClient (RpcClient.java:createBucket(411)) - Creating Bucket: volume06612/bucket20820, with Versioning false and Storage Type set to DISK and Encryption set to false 
2019-10-17 20:24:12,975 [0e723869-d81b-4250-bf7c-b3eb1c130cc4@group-0FA4EDB76208-LeaderElection25] INFO  impl.LeaderElection (LeaderElection.java:logAndReturn(56)) - 0e723869-d81b-4250-bf7c-b3eb1c130cc4@group-0FA4EDB76208-LeaderElection25: Election REJECTED; received 2 response(s) [0e723869-d81b-4250-bf7c-b3eb1c130cc4<-a20d02fb-e889-4888-8041-7f0d463e97dc#0:FAIL-t11, 0e723869-d81b-4250-bf7c-b3eb1c130cc4<-de4dd1fb-8e89-4d8f-a94c-eecd5ba9e4a0#0:FAIL-t11] and 0 exception(s); 0e723869-d81b-4250-bf7c-b3eb1c130cc4@group-0FA4EDB76208:t11, leader=null, voted=0e723869-d81b-4250-bf7c-b3eb1c130cc4, raftlog=0e723869-d81b-4250-bf7c-b3eb1c130cc4@group-0FA4EDB76208-SegmentedRaftLog:OPENED:c-1,f-1,i0, conf=-1: [0e723869-d81b-4250-bf7c-b3eb1c130cc4:192.168.164.201:41994, a20d02fb-e889-4888-8041-7f0d463e97dc:192.168.164.201:39512, de4dd1fb-8e89-4d8f-a94c-eecd5ba9e4a0:192.168.164.201:35026], old=null
2019-10-17 20:24:12,975 [0e723869-d81b-4250-bf7c-b3eb1c130cc4@group-0FA4EDB76208-LeaderElection25] INFO  impl.RaftServerImpl (RaftServerImpl.java:setRole(184)) - 0e723869-d81b-4250-bf7c-b3eb1c130cc4@group-0FA4EDB76208: changes role from CANDIDATE to FOLLOWER at term 11 for DISCOVERED_A_NEW_TERM
2019-10-17 20:24:12,975 [0e723869-d81b-4250-bf7c-b3eb1c130cc4@group-0FA4EDB76208-LeaderElection25] INFO  impl.RoleInfo (RoleInfo.java:shutdownLeaderElection(134)) - 0e723869-d81b-4250-bf7c-b3eb1c130cc4: shutdown LeaderElection
2019-10-17 20:24:12,976 [0e723869-d81b-4250-bf7c-b3eb1c130cc4@group-0FA4EDB76208-LeaderElection25] INFO  impl.RoleInfo (RoleInfo.java:updateAndGet(143)) - 0e723869-d81b-4250-bf7c-b3eb1c130cc4: start FollowerState
2019-10-17 20:24:13,014 [Thread-414] INFO  contract.AbstractFSContractTestBase (AbstractFSContractTestBase.java:setup(184)) - Test filesystem = o3fs://bucket20820.volume06612 implemented by OzoneFileSystem{URI=o3fs://bucket20820.volume06612, workingDir=o3fs://bucket20820.volume06612/user/jenkins1000, userName=jenkins1000, statistics=0 bytes read, 0 bytes written, 6 read ops, 0 large read ops, 4 write ops}
2019-10-17 20:24:13,025 [IPC Server handler 4 on 39481] WARN  block.BlockManagerImpl (BlockManagerImpl.java:allocateBlock(200)) - Pipeline creation failed for type:RATIS factor:THREE. Retrying get pipelines call once.
org.apache.hadoop.hdds.scm.pipeline.InsufficientDatanodesException: Cannot create pipeline of factor 3 using 2 nodes.
	at org.apache.hadoop.hdds.scm.pipeline.RatisPipelineProvider.create(RatisPipelineProvider.java:153)
	at org.apache.hadoop.hdds.scm.pipeline.PipelineFactory.create(PipelineFactory.java:58)
	at org.apache.hadoop.hdds.scm.pipeline.SCMPipelineManager.createPipeline(SCMPipelineManager.java:155)
	at org.apache.hadoop.hdds.scm.block.BlockManagerImpl.allocateBlock(BlockManagerImpl.java:198)
	at org.apache.hadoop.hdds.scm.server.SCMBlockProtocolServer.allocateBlock(SCMBlockProtocolServer.java:182)
	at org.apache.hadoop.hdds.scm.protocol.ScmBlockLocationProtocolServerSideTranslatorPB.allocateScmBlock(ScmBlockLocationProtocolServerSideTranslatorPB.java:159)
	at org.apache.hadoop.hdds.scm.protocol.ScmBlockLocationProtocolServerSideTranslatorPB.processMessage(ScmBlockLocationProtocolServerSideTranslatorPB.java:117)
	at org.apache.hadoop.hdds.server.OzoneProtocolMessageDispatcher.processRequest(OzoneProtocolMessageDispatcher.java:72)
	at org.apache.hadoop.hdds.scm.protocol.ScmBlockLocationProtocolServerSideTranslatorPB.send(ScmBlockLocationProtocolServerSideTranslatorPB.java:98)
	at org.apache.hadoop.hdds.protocol.proto.ScmBlockLocationProtocolProtos$ScmBlockLocationProtocolService$2.callBlockingMethod(ScmBlockLocationProtocolProtos.java:13157)
	at org.apache.hadoop.ipc.ProtobufRpcEngine$Server$ProtoBufRpcInvoker.call(ProtobufRpcEngine.java:524)
	at org.apache.hadoop.ipc.RPC$Server.call(RPC.java:1025)
	at org.apache.hadoop.ipc.Server$RpcCall.run(Server.java:876)
	at org.apache.hadoop.ipc.Server$RpcCall.run(Server.java:822)
	at java.security.AccessController.doPrivileged(Native Method)
	at javax.security.auth.Subject.doAs(Subject.java:422)
	at org.apache.hadoop.security.UserGroupInformation.doAs(UserGroupInformation.java:1730)
	at org.apache.hadoop.ipc.Server$Handler.run(Server.java:2682)
2019-10-17 20:24:13,025 [IPC Server handler 4 on 39481] INFO  block.BlockManagerImpl (BlockManagerImpl.java:allocateBlock(212)) - Could not find available pipeline of type:RATIS and factor:THREE even after retrying
2019-10-17 20:24:13,025 [IPC Server handler 4 on 39481] ERROR block.BlockManagerImpl (BlockManagerImpl.java:allocateBlock(236)) - Unable to allocate a block for the size: 4194304, type: RATIS, factor: THREE
]]></system-out>
  </testcase>
  <testcase name="testSeekAndReadPastEndOfFile" classname="org.apache.hadoop.fs.ozone.contract.ITestOzoneContractSeek" time="0.18">
    <error message="Allocated 0 blocks. Requested 1 blocks" type="INTERNAL_ERROR org.apache.hadoop.ozone.om.exceptions.OMException">INTERNAL_ERROR org.apache.hadoop.ozone.om.exceptions.OMException: Allocated 0 blocks. Requested 1 blocks
	at org.apache.hadoop.ozone.om.protocolPB.OzoneManagerProtocolClientSideTranslatorPB.handleError(OzoneManagerProtocolClientSideTranslatorPB.java:732)
	at org.apache.hadoop.ozone.om.protocolPB.OzoneManagerProtocolClientSideTranslatorPB.createFile(OzoneManagerProtocolClientSideTranslatorPB.java:1536)
	at sun.reflect.NativeMethodAccessorImpl.invoke0(Native Method)
	at sun.reflect.NativeMethodAccessorImpl.invoke(NativeMethodAccessorImpl.java:62)
	at sun.reflect.DelegatingMethodAccessorImpl.invoke(DelegatingMethodAccessorImpl.java:43)
	at java.lang.reflect.Method.invoke(Method.java:498)
	at org.apache.hadoop.hdds.tracing.TraceAllMethod.invoke(TraceAllMethod.java:66)
	at com.sun.proxy.$Proxy41.createFile(Unknown Source)
	at org.apache.hadoop.ozone.client.rpc.RpcClient.createFile(RpcClient.java:1006)
	at org.apache.hadoop.ozone.client.OzoneBucket.createFile(OzoneBucket.java:537)
	at org.apache.hadoop.fs.ozone.BasicOzoneClientAdapterImpl.createFile(BasicOzoneClientAdapterImpl.java:208)
	at org.apache.hadoop.fs.ozone.BasicOzoneFileSystem.createOutputStream(BasicOzoneFileSystem.java:250)
	at org.apache.hadoop.fs.ozone.BasicOzoneFileSystem.create(BasicOzoneFileSystem.java:231)
	at org.apache.hadoop.fs.FileSystem.create(FileSystem.java:1118)
	at org.apache.hadoop.fs.FileSystem.create(FileSystem.java:1098)
	at org.apache.hadoop.fs.FileSystem.create(FileSystem.java:987)
	at org.apache.hadoop.fs.contract.ContractTestUtils.createFile(ContractTestUtils.java:633)
	at org.apache.hadoop.fs.contract.AbstractContractSeekTest.setup(AbstractContractSeekTest.java:64)
	at sun.reflect.NativeMethodAccessorImpl.invoke0(Native Method)
	at sun.reflect.NativeMethodAccessorImpl.invoke(NativeMethodAccessorImpl.java:62)
	at sun.reflect.DelegatingMethodAccessorImpl.invoke(DelegatingMethodAccessorImpl.java:43)
	at java.lang.reflect.Method.invoke(Method.java:498)
	at org.junit.runners.model.FrameworkMethod$1.runReflectiveCall(FrameworkMethod.java:47)
	at org.junit.internal.runners.model.ReflectiveCallable.run(ReflectiveCallable.java:12)
	at org.junit.runners.model.FrameworkMethod.invokeExplosively(FrameworkMethod.java:44)
	at org.junit.internal.runners.statements.RunBefores.evaluate(RunBefores.java:24)
	at org.junit.internal.runners.statements.RunAfters.evaluate(RunAfters.java:27)
	at org.junit.rules.TestWatcher$1.evaluate(TestWatcher.java:55)
	at org.junit.internal.runners.statements.FailOnTimeout$StatementThread.run(FailOnTimeout.java:74)
</error>
    <system-out><![CDATA[2019-10-17 20:24:13,106 [Thread-422] INFO  rpc.RpcClient (RpcClient.java:createVolume(272)) - Creating Volume: volume73620, with user88726 as owner.
2019-10-17 20:24:13,125 [IPC Server handler 12 on 46470] INFO  volume.OMVolumeCreateRequest (OMVolumeCreateRequest.java:validateAndUpdateCache(193)) - created volume:volume73620 for user:user88726
2019-10-17 20:24:13,128 [Thread-422] INFO  rpc.RpcClient (RpcClient.java:createBucket(411)) - Creating Bucket: volume73620/bucket31088, with Versioning false and Storage Type set to DISK and Encryption set to false 
2019-10-17 20:24:13,137 [Thread-421] INFO  impl.FollowerState (FollowerState.java:run(108)) - 0e723869-d81b-4250-bf7c-b3eb1c130cc4@group-0FA4EDB76208-FollowerState: change to CANDIDATE, lastRpcTime:161ms, electionTimeout:161ms
2019-10-17 20:24:13,137 [Thread-421] INFO  impl.RoleInfo (RoleInfo.java:shutdownFollowerState(121)) - 0e723869-d81b-4250-bf7c-b3eb1c130cc4: shutdown FollowerState
2019-10-17 20:24:13,137 [Thread-421] INFO  impl.RaftServerImpl (RaftServerImpl.java:setRole(184)) - 0e723869-d81b-4250-bf7c-b3eb1c130cc4@group-0FA4EDB76208: changes role from  FOLLOWER to CANDIDATE at term 11 for changeToCandidate
2019-10-17 20:24:13,138 [Thread-421] INFO  impl.RoleInfo (RoleInfo.java:updateAndGet(143)) - 0e723869-d81b-4250-bf7c-b3eb1c130cc4: start LeaderElection
2019-10-17 20:24:13,165 [0e723869-d81b-4250-bf7c-b3eb1c130cc4@group-0FA4EDB76208-LeaderElection26] INFO  impl.LeaderElection (LeaderElection.java:askForVotes(178)) - 0e723869-d81b-4250-bf7c-b3eb1c130cc4@group-0FA4EDB76208-LeaderElection26: begin an election at term 12 for -1: [0e723869-d81b-4250-bf7c-b3eb1c130cc4:192.168.164.201:41994, a20d02fb-e889-4888-8041-7f0d463e97dc:192.168.164.201:39512, de4dd1fb-8e89-4d8f-a94c-eecd5ba9e4a0:192.168.164.201:35026], old=null
2019-10-17 20:24:13,170 [grpc-default-executor-7] INFO  impl.RaftServerImpl (RaftServerImpl.java:setRole(184)) - de4dd1fb-8e89-4d8f-a94c-eecd5ba9e4a0@group-0FA4EDB76208: changes role from  FOLLOWER to FOLLOWER at term 12 for recognizeCandidate:0e723869-d81b-4250-bf7c-b3eb1c130cc4
2019-10-17 20:24:13,171 [grpc-default-executor-7] INFO  impl.RoleInfo (RoleInfo.java:shutdownFollowerState(121)) - de4dd1fb-8e89-4d8f-a94c-eecd5ba9e4a0: shutdown FollowerState
2019-10-17 20:24:13,171 [grpc-default-executor-7] INFO  impl.RoleInfo (RoleInfo.java:updateAndGet(143)) - de4dd1fb-8e89-4d8f-a94c-eecd5ba9e4a0: start FollowerState
2019-10-17 20:24:13,171 [grpc-default-executor-3] INFO  impl.RaftServerImpl (RaftServerImpl.java:setRole(184)) - a20d02fb-e889-4888-8041-7f0d463e97dc@group-0FA4EDB76208: changes role from  FOLLOWER to FOLLOWER at term 12 for recognizeCandidate:0e723869-d81b-4250-bf7c-b3eb1c130cc4
2019-10-17 20:24:13,171 [Thread-419] INFO  impl.FollowerState (FollowerState.java:run(117)) - de4dd1fb-8e89-4d8f-a94c-eecd5ba9e4a0@group-0FA4EDB76208-FollowerState was interrupted: java.lang.InterruptedException: sleep interrupted
2019-10-17 20:24:13,171 [grpc-default-executor-3] INFO  impl.RoleInfo (RoleInfo.java:shutdownFollowerState(121)) - a20d02fb-e889-4888-8041-7f0d463e97dc: shutdown FollowerState
2019-10-17 20:24:13,172 [grpc-default-executor-3] INFO  impl.RoleInfo (RoleInfo.java:updateAndGet(143)) - a20d02fb-e889-4888-8041-7f0d463e97dc: start FollowerState
2019-10-17 20:24:13,172 [Thread-420] INFO  impl.FollowerState (FollowerState.java:run(117)) - a20d02fb-e889-4888-8041-7f0d463e97dc@group-0FA4EDB76208-FollowerState was interrupted: java.lang.InterruptedException: sleep interrupted
2019-10-17 20:24:13,197 [Thread-422] INFO  contract.AbstractFSContractTestBase (AbstractFSContractTestBase.java:setup(184)) - Test filesystem = o3fs://bucket31088.volume73620 implemented by OzoneFileSystem{URI=o3fs://bucket31088.volume73620, workingDir=o3fs://bucket31088.volume73620/user/jenkins1000, userName=jenkins1000, statistics=0 bytes read, 0 bytes written, 9 read ops, 0 large read ops, 6 write ops}
2019-10-17 20:24:13,201 [0e723869-d81b-4250-bf7c-b3eb1c130cc4@group-0FA4EDB76208-LeaderElection26] INFO  impl.LeaderElection (LeaderElection.java:logAndReturn(56)) - 0e723869-d81b-4250-bf7c-b3eb1c130cc4@group-0FA4EDB76208-LeaderElection26: Election REJECTED; received 2 response(s) [0e723869-d81b-4250-bf7c-b3eb1c130cc4<-a20d02fb-e889-4888-8041-7f0d463e97dc#0:FAIL-t12, 0e723869-d81b-4250-bf7c-b3eb1c130cc4<-de4dd1fb-8e89-4d8f-a94c-eecd5ba9e4a0#0:FAIL-t12] and 0 exception(s); 0e723869-d81b-4250-bf7c-b3eb1c130cc4@group-0FA4EDB76208:t12, leader=null, voted=0e723869-d81b-4250-bf7c-b3eb1c130cc4, raftlog=0e723869-d81b-4250-bf7c-b3eb1c130cc4@group-0FA4EDB76208-SegmentedRaftLog:OPENED:c-1,f-1,i0, conf=-1: [0e723869-d81b-4250-bf7c-b3eb1c130cc4:192.168.164.201:41994, a20d02fb-e889-4888-8041-7f0d463e97dc:192.168.164.201:39512, de4dd1fb-8e89-4d8f-a94c-eecd5ba9e4a0:192.168.164.201:35026], old=null
2019-10-17 20:24:13,201 [0e723869-d81b-4250-bf7c-b3eb1c130cc4@group-0FA4EDB76208-LeaderElection26] INFO  impl.RaftServerImpl (RaftServerImpl.java:setRole(184)) - 0e723869-d81b-4250-bf7c-b3eb1c130cc4@group-0FA4EDB76208: changes role from CANDIDATE to FOLLOWER at term 12 for DISCOVERED_A_NEW_TERM
2019-10-17 20:24:13,201 [0e723869-d81b-4250-bf7c-b3eb1c130cc4@group-0FA4EDB76208-LeaderElection26] INFO  impl.RoleInfo (RoleInfo.java:shutdownLeaderElection(134)) - 0e723869-d81b-4250-bf7c-b3eb1c130cc4: shutdown LeaderElection
2019-10-17 20:24:13,201 [0e723869-d81b-4250-bf7c-b3eb1c130cc4@group-0FA4EDB76208-LeaderElection26] INFO  impl.RoleInfo (RoleInfo.java:updateAndGet(143)) - 0e723869-d81b-4250-bf7c-b3eb1c130cc4: start FollowerState
2019-10-17 20:24:13,204 [IPC Server handler 3 on 39481] WARN  block.BlockManagerImpl (BlockManagerImpl.java:allocateBlock(200)) - Pipeline creation failed for type:RATIS factor:THREE. Retrying get pipelines call once.
org.apache.hadoop.hdds.scm.pipeline.InsufficientDatanodesException: Cannot create pipeline of factor 3 using 2 nodes.
	at org.apache.hadoop.hdds.scm.pipeline.RatisPipelineProvider.create(RatisPipelineProvider.java:153)
	at org.apache.hadoop.hdds.scm.pipeline.PipelineFactory.create(PipelineFactory.java:58)
	at org.apache.hadoop.hdds.scm.pipeline.SCMPipelineManager.createPipeline(SCMPipelineManager.java:155)
	at org.apache.hadoop.hdds.scm.block.BlockManagerImpl.allocateBlock(BlockManagerImpl.java:198)
	at org.apache.hadoop.hdds.scm.server.SCMBlockProtocolServer.allocateBlock(SCMBlockProtocolServer.java:182)
	at org.apache.hadoop.hdds.scm.protocol.ScmBlockLocationProtocolServerSideTranslatorPB.allocateScmBlock(ScmBlockLocationProtocolServerSideTranslatorPB.java:159)
	at org.apache.hadoop.hdds.scm.protocol.ScmBlockLocationProtocolServerSideTranslatorPB.processMessage(ScmBlockLocationProtocolServerSideTranslatorPB.java:117)
	at org.apache.hadoop.hdds.server.OzoneProtocolMessageDispatcher.processRequest(OzoneProtocolMessageDispatcher.java:72)
	at org.apache.hadoop.hdds.scm.protocol.ScmBlockLocationProtocolServerSideTranslatorPB.send(ScmBlockLocationProtocolServerSideTranslatorPB.java:98)
	at org.apache.hadoop.hdds.protocol.proto.ScmBlockLocationProtocolProtos$ScmBlockLocationProtocolService$2.callBlockingMethod(ScmBlockLocationProtocolProtos.java:13157)
	at org.apache.hadoop.ipc.ProtobufRpcEngine$Server$ProtoBufRpcInvoker.call(ProtobufRpcEngine.java:524)
	at org.apache.hadoop.ipc.RPC$Server.call(RPC.java:1025)
	at org.apache.hadoop.ipc.Server$RpcCall.run(Server.java:876)
	at org.apache.hadoop.ipc.Server$RpcCall.run(Server.java:822)
	at java.security.AccessController.doPrivileged(Native Method)
	at javax.security.auth.Subject.doAs(Subject.java:422)
	at org.apache.hadoop.security.UserGroupInformation.doAs(UserGroupInformation.java:1730)
	at org.apache.hadoop.ipc.Server$Handler.run(Server.java:2682)
2019-10-17 20:24:13,206 [IPC Server handler 3 on 39481] INFO  block.BlockManagerImpl (BlockManagerImpl.java:allocateBlock(212)) - Could not find available pipeline of type:RATIS and factor:THREE even after retrying
2019-10-17 20:24:13,206 [IPC Server handler 3 on 39481] ERROR block.BlockManagerImpl (BlockManagerImpl.java:allocateBlock(236)) - Unable to allocate a block for the size: 4194304, type: RATIS, factor: THREE
]]></system-out>
  </testcase>
  <testcase name="testSeekReadClosedFile" classname="org.apache.hadoop.fs.ozone.contract.ITestOzoneContractSeek" time="0.14">
    <error message="Allocated 0 blocks. Requested 1 blocks" type="INTERNAL_ERROR org.apache.hadoop.ozone.om.exceptions.OMException">INTERNAL_ERROR org.apache.hadoop.ozone.om.exceptions.OMException: Allocated 0 blocks. Requested 1 blocks
	at org.apache.hadoop.ozone.om.protocolPB.OzoneManagerProtocolClientSideTranslatorPB.handleError(OzoneManagerProtocolClientSideTranslatorPB.java:732)
	at org.apache.hadoop.ozone.om.protocolPB.OzoneManagerProtocolClientSideTranslatorPB.createFile(OzoneManagerProtocolClientSideTranslatorPB.java:1536)
	at sun.reflect.NativeMethodAccessorImpl.invoke0(Native Method)
	at sun.reflect.NativeMethodAccessorImpl.invoke(NativeMethodAccessorImpl.java:62)
	at sun.reflect.DelegatingMethodAccessorImpl.invoke(DelegatingMethodAccessorImpl.java:43)
	at java.lang.reflect.Method.invoke(Method.java:498)
	at org.apache.hadoop.hdds.tracing.TraceAllMethod.invoke(TraceAllMethod.java:66)
	at com.sun.proxy.$Proxy41.createFile(Unknown Source)
	at org.apache.hadoop.ozone.client.rpc.RpcClient.createFile(RpcClient.java:1006)
	at org.apache.hadoop.ozone.client.OzoneBucket.createFile(OzoneBucket.java:537)
	at org.apache.hadoop.fs.ozone.BasicOzoneClientAdapterImpl.createFile(BasicOzoneClientAdapterImpl.java:208)
	at org.apache.hadoop.fs.ozone.BasicOzoneFileSystem.createOutputStream(BasicOzoneFileSystem.java:250)
	at org.apache.hadoop.fs.ozone.BasicOzoneFileSystem.create(BasicOzoneFileSystem.java:231)
	at org.apache.hadoop.fs.FileSystem.create(FileSystem.java:1118)
	at org.apache.hadoop.fs.FileSystem.create(FileSystem.java:1098)
	at org.apache.hadoop.fs.FileSystem.create(FileSystem.java:987)
	at org.apache.hadoop.fs.contract.ContractTestUtils.createFile(ContractTestUtils.java:633)
	at org.apache.hadoop.fs.contract.AbstractContractSeekTest.setup(AbstractContractSeekTest.java:64)
	at sun.reflect.NativeMethodAccessorImpl.invoke0(Native Method)
	at sun.reflect.NativeMethodAccessorImpl.invoke(NativeMethodAccessorImpl.java:62)
	at sun.reflect.DelegatingMethodAccessorImpl.invoke(DelegatingMethodAccessorImpl.java:43)
	at java.lang.reflect.Method.invoke(Method.java:498)
	at org.junit.runners.model.FrameworkMethod$1.runReflectiveCall(FrameworkMethod.java:47)
	at org.junit.internal.runners.model.ReflectiveCallable.run(ReflectiveCallable.java:12)
	at org.junit.runners.model.FrameworkMethod.invokeExplosively(FrameworkMethod.java:44)
	at org.junit.internal.runners.statements.RunBefores.evaluate(RunBefores.java:24)
	at org.junit.internal.runners.statements.RunAfters.evaluate(RunAfters.java:27)
	at org.junit.rules.TestWatcher$1.evaluate(TestWatcher.java:55)
	at org.junit.internal.runners.statements.FailOnTimeout$StatementThread.run(FailOnTimeout.java:74)
</error>
    <system-out><![CDATA[2019-10-17 20:24:13,270 [Thread-430] INFO  rpc.RpcClient (RpcClient.java:createVolume(272)) - Creating Volume: volume44240, with user05264 as owner.
2019-10-17 20:24:13,273 [IPC Server handler 16 on 46470] INFO  volume.OMVolumeCreateRequest (OMVolumeCreateRequest.java:validateAndUpdateCache(193)) - created volume:volume44240 for user:user05264
2019-10-17 20:24:13,276 [Thread-430] INFO  rpc.RpcClient (RpcClient.java:createBucket(411)) - Creating Bucket: volume44240/bucket29733, with Versioning false and Storage Type set to DISK and Encryption set to false 
2019-10-17 20:24:13,340 [Thread-430] INFO  contract.AbstractFSContractTestBase (AbstractFSContractTestBase.java:setup(184)) - Test filesystem = o3fs://bucket29733.volume44240 implemented by OzoneFileSystem{URI=o3fs://bucket29733.volume44240, workingDir=o3fs://bucket29733.volume44240/user/jenkins1000, userName=jenkins1000, statistics=0 bytes read, 0 bytes written, 12 read ops, 0 large read ops, 8 write ops}
2019-10-17 20:24:13,346 [IPC Server handler 7 on 39481] WARN  block.BlockManagerImpl (BlockManagerImpl.java:allocateBlock(200)) - Pipeline creation failed for type:RATIS factor:THREE. Retrying get pipelines call once.
org.apache.hadoop.hdds.scm.pipeline.InsufficientDatanodesException: Cannot create pipeline of factor 3 using 2 nodes.
	at org.apache.hadoop.hdds.scm.pipeline.RatisPipelineProvider.create(RatisPipelineProvider.java:153)
	at org.apache.hadoop.hdds.scm.pipeline.PipelineFactory.create(PipelineFactory.java:58)
	at org.apache.hadoop.hdds.scm.pipeline.SCMPipelineManager.createPipeline(SCMPipelineManager.java:155)
	at org.apache.hadoop.hdds.scm.block.BlockManagerImpl.allocateBlock(BlockManagerImpl.java:198)
	at org.apache.hadoop.hdds.scm.server.SCMBlockProtocolServer.allocateBlock(SCMBlockProtocolServer.java:182)
	at org.apache.hadoop.hdds.scm.protocol.ScmBlockLocationProtocolServerSideTranslatorPB.allocateScmBlock(ScmBlockLocationProtocolServerSideTranslatorPB.java:159)
	at org.apache.hadoop.hdds.scm.protocol.ScmBlockLocationProtocolServerSideTranslatorPB.processMessage(ScmBlockLocationProtocolServerSideTranslatorPB.java:117)
	at org.apache.hadoop.hdds.server.OzoneProtocolMessageDispatcher.processRequest(OzoneProtocolMessageDispatcher.java:72)
	at org.apache.hadoop.hdds.scm.protocol.ScmBlockLocationProtocolServerSideTranslatorPB.send(ScmBlockLocationProtocolServerSideTranslatorPB.java:98)
	at org.apache.hadoop.hdds.protocol.proto.ScmBlockLocationProtocolProtos$ScmBlockLocationProtocolService$2.callBlockingMethod(ScmBlockLocationProtocolProtos.java:13157)
	at org.apache.hadoop.ipc.ProtobufRpcEngine$Server$ProtoBufRpcInvoker.call(ProtobufRpcEngine.java:524)
	at org.apache.hadoop.ipc.RPC$Server.call(RPC.java:1025)
	at org.apache.hadoop.ipc.Server$RpcCall.run(Server.java:876)
	at org.apache.hadoop.ipc.Server$RpcCall.run(Server.java:822)
	at java.security.AccessController.doPrivileged(Native Method)
	at javax.security.auth.Subject.doAs(Subject.java:422)
	at org.apache.hadoop.security.UserGroupInformation.doAs(UserGroupInformation.java:1730)
	at org.apache.hadoop.ipc.Server$Handler.run(Server.java:2682)
2019-10-17 20:24:13,346 [IPC Server handler 7 on 39481] INFO  block.BlockManagerImpl (BlockManagerImpl.java:allocateBlock(212)) - Could not find available pipeline of type:RATIS and factor:THREE even after retrying
2019-10-17 20:24:13,346 [IPC Server handler 7 on 39481] ERROR block.BlockManagerImpl (BlockManagerImpl.java:allocateBlock(236)) - Unable to allocate a block for the size: 4194304, type: RATIS, factor: THREE
]]></system-out>
  </testcase>
  <testcase name="testReadFullyPastEOFZeroByteFile" classname="org.apache.hadoop.fs.ozone.contract.ITestOzoneContractSeek" time="0.122">
    <error message="Allocated 0 blocks. Requested 1 blocks" type="INTERNAL_ERROR org.apache.hadoop.ozone.om.exceptions.OMException">INTERNAL_ERROR org.apache.hadoop.ozone.om.exceptions.OMException: Allocated 0 blocks. Requested 1 blocks
	at org.apache.hadoop.ozone.om.protocolPB.OzoneManagerProtocolClientSideTranslatorPB.handleError(OzoneManagerProtocolClientSideTranslatorPB.java:732)
	at org.apache.hadoop.ozone.om.protocolPB.OzoneManagerProtocolClientSideTranslatorPB.createFile(OzoneManagerProtocolClientSideTranslatorPB.java:1536)
	at sun.reflect.NativeMethodAccessorImpl.invoke0(Native Method)
	at sun.reflect.NativeMethodAccessorImpl.invoke(NativeMethodAccessorImpl.java:62)
	at sun.reflect.DelegatingMethodAccessorImpl.invoke(DelegatingMethodAccessorImpl.java:43)
	at java.lang.reflect.Method.invoke(Method.java:498)
	at org.apache.hadoop.hdds.tracing.TraceAllMethod.invoke(TraceAllMethod.java:66)
	at com.sun.proxy.$Proxy41.createFile(Unknown Source)
	at org.apache.hadoop.ozone.client.rpc.RpcClient.createFile(RpcClient.java:1006)
	at org.apache.hadoop.ozone.client.OzoneBucket.createFile(OzoneBucket.java:537)
	at org.apache.hadoop.fs.ozone.BasicOzoneClientAdapterImpl.createFile(BasicOzoneClientAdapterImpl.java:208)
	at org.apache.hadoop.fs.ozone.BasicOzoneFileSystem.createOutputStream(BasicOzoneFileSystem.java:250)
	at org.apache.hadoop.fs.ozone.BasicOzoneFileSystem.create(BasicOzoneFileSystem.java:231)
	at org.apache.hadoop.fs.FileSystem.create(FileSystem.java:1118)
	at org.apache.hadoop.fs.FileSystem.create(FileSystem.java:1098)
	at org.apache.hadoop.fs.FileSystem.create(FileSystem.java:987)
	at org.apache.hadoop.fs.contract.ContractTestUtils.createFile(ContractTestUtils.java:633)
	at org.apache.hadoop.fs.contract.AbstractContractSeekTest.setup(AbstractContractSeekTest.java:64)
	at sun.reflect.NativeMethodAccessorImpl.invoke0(Native Method)
	at sun.reflect.NativeMethodAccessorImpl.invoke(NativeMethodAccessorImpl.java:62)
	at sun.reflect.DelegatingMethodAccessorImpl.invoke(DelegatingMethodAccessorImpl.java:43)
	at java.lang.reflect.Method.invoke(Method.java:498)
	at org.junit.runners.model.FrameworkMethod$1.runReflectiveCall(FrameworkMethod.java:47)
	at org.junit.internal.runners.model.ReflectiveCallable.run(ReflectiveCallable.java:12)
	at org.junit.runners.model.FrameworkMethod.invokeExplosively(FrameworkMethod.java:44)
	at org.junit.internal.runners.statements.RunBefores.evaluate(RunBefores.java:24)
	at org.junit.internal.runners.statements.RunAfters.evaluate(RunAfters.java:27)
	at org.junit.rules.TestWatcher$1.evaluate(TestWatcher.java:55)
	at org.junit.internal.runners.statements.FailOnTimeout$StatementThread.run(FailOnTimeout.java:74)
</error>
    <system-out><![CDATA[2019-10-17 20:24:13,369 [Thread-429] INFO  impl.FollowerState (FollowerState.java:run(108)) - 0e723869-d81b-4250-bf7c-b3eb1c130cc4@group-0FA4EDB76208-FollowerState: change to CANDIDATE, lastRpcTime:167ms, electionTimeout:167ms
2019-10-17 20:24:13,369 [Thread-429] INFO  impl.RoleInfo (RoleInfo.java:shutdownFollowerState(121)) - 0e723869-d81b-4250-bf7c-b3eb1c130cc4: shutdown FollowerState
2019-10-17 20:24:13,369 [Thread-429] INFO  impl.RaftServerImpl (RaftServerImpl.java:setRole(184)) - 0e723869-d81b-4250-bf7c-b3eb1c130cc4@group-0FA4EDB76208: changes role from  FOLLOWER to CANDIDATE at term 12 for changeToCandidate
2019-10-17 20:24:13,369 [Thread-429] INFO  impl.RoleInfo (RoleInfo.java:updateAndGet(143)) - 0e723869-d81b-4250-bf7c-b3eb1c130cc4: start LeaderElection
2019-10-17 20:24:13,402 [0e723869-d81b-4250-bf7c-b3eb1c130cc4@group-0FA4EDB76208-LeaderElection27] INFO  impl.LeaderElection (LeaderElection.java:askForVotes(178)) - 0e723869-d81b-4250-bf7c-b3eb1c130cc4@group-0FA4EDB76208-LeaderElection27: begin an election at term 13 for -1: [0e723869-d81b-4250-bf7c-b3eb1c130cc4:192.168.164.201:41994, a20d02fb-e889-4888-8041-7f0d463e97dc:192.168.164.201:39512, de4dd1fb-8e89-4d8f-a94c-eecd5ba9e4a0:192.168.164.201:35026], old=null
2019-10-17 20:24:13,402 [Thread-432] INFO  rpc.RpcClient (RpcClient.java:createVolume(272)) - Creating Volume: volume00187, with user26933 as owner.
2019-10-17 20:24:13,404 [IPC Server handler 19 on 46470] INFO  volume.OMVolumeCreateRequest (OMVolumeCreateRequest.java:validateAndUpdateCache(193)) - created volume:volume00187 for user:user26933
2019-10-17 20:24:13,405 [grpc-default-executor-7] INFO  impl.RaftServerImpl (RaftServerImpl.java:setRole(184)) - a20d02fb-e889-4888-8041-7f0d463e97dc@group-0FA4EDB76208: changes role from  FOLLOWER to FOLLOWER at term 13 for recognizeCandidate:0e723869-d81b-4250-bf7c-b3eb1c130cc4
2019-10-17 20:24:13,405 [grpc-default-executor-3] INFO  impl.RaftServerImpl (RaftServerImpl.java:setRole(184)) - de4dd1fb-8e89-4d8f-a94c-eecd5ba9e4a0@group-0FA4EDB76208: changes role from  FOLLOWER to FOLLOWER at term 13 for recognizeCandidate:0e723869-d81b-4250-bf7c-b3eb1c130cc4
2019-10-17 20:24:13,405 [grpc-default-executor-7] INFO  impl.RoleInfo (RoleInfo.java:shutdownFollowerState(121)) - a20d02fb-e889-4888-8041-7f0d463e97dc: shutdown FollowerState
2019-10-17 20:24:13,405 [grpc-default-executor-3] INFO  impl.RoleInfo (RoleInfo.java:shutdownFollowerState(121)) - de4dd1fb-8e89-4d8f-a94c-eecd5ba9e4a0: shutdown FollowerState
2019-10-17 20:24:13,406 [grpc-default-executor-7] INFO  impl.RoleInfo (RoleInfo.java:updateAndGet(143)) - a20d02fb-e889-4888-8041-7f0d463e97dc: start FollowerState
2019-10-17 20:24:13,406 [Thread-432] INFO  rpc.RpcClient (RpcClient.java:createBucket(411)) - Creating Bucket: volume00187/bucket00646, with Versioning false and Storage Type set to DISK and Encryption set to false 
2019-10-17 20:24:13,406 [Thread-428] INFO  impl.FollowerState (FollowerState.java:run(117)) - a20d02fb-e889-4888-8041-7f0d463e97dc@group-0FA4EDB76208-FollowerState was interrupted: java.lang.InterruptedException: sleep interrupted
2019-10-17 20:24:13,406 [grpc-default-executor-3] INFO  impl.RoleInfo (RoleInfo.java:updateAndGet(143)) - de4dd1fb-8e89-4d8f-a94c-eecd5ba9e4a0: start FollowerState
2019-10-17 20:24:13,406 [Thread-427] INFO  impl.FollowerState (FollowerState.java:run(117)) - de4dd1fb-8e89-4d8f-a94c-eecd5ba9e4a0@group-0FA4EDB76208-FollowerState was interrupted: java.lang.InterruptedException: sleep interrupted
2019-10-17 20:24:13,435 [0e723869-d81b-4250-bf7c-b3eb1c130cc4@group-0FA4EDB76208-LeaderElection27] INFO  impl.LeaderElection (LeaderElection.java:logAndReturn(56)) - 0e723869-d81b-4250-bf7c-b3eb1c130cc4@group-0FA4EDB76208-LeaderElection27: Election REJECTED; received 2 response(s) [0e723869-d81b-4250-bf7c-b3eb1c130cc4<-a20d02fb-e889-4888-8041-7f0d463e97dc#0:FAIL-t13, 0e723869-d81b-4250-bf7c-b3eb1c130cc4<-de4dd1fb-8e89-4d8f-a94c-eecd5ba9e4a0#0:FAIL-t13] and 0 exception(s); 0e723869-d81b-4250-bf7c-b3eb1c130cc4@group-0FA4EDB76208:t13, leader=null, voted=0e723869-d81b-4250-bf7c-b3eb1c130cc4, raftlog=0e723869-d81b-4250-bf7c-b3eb1c130cc4@group-0FA4EDB76208-SegmentedRaftLog:OPENED:c-1,f-1,i0, conf=-1: [0e723869-d81b-4250-bf7c-b3eb1c130cc4:192.168.164.201:41994, a20d02fb-e889-4888-8041-7f0d463e97dc:192.168.164.201:39512, de4dd1fb-8e89-4d8f-a94c-eecd5ba9e4a0:192.168.164.201:35026], old=null
2019-10-17 20:24:13,435 [0e723869-d81b-4250-bf7c-b3eb1c130cc4@group-0FA4EDB76208-LeaderElection27] INFO  impl.RaftServerImpl (RaftServerImpl.java:setRole(184)) - 0e723869-d81b-4250-bf7c-b3eb1c130cc4@group-0FA4EDB76208: changes role from CANDIDATE to FOLLOWER at term 13 for DISCOVERED_A_NEW_TERM
2019-10-17 20:24:13,435 [0e723869-d81b-4250-bf7c-b3eb1c130cc4@group-0FA4EDB76208-LeaderElection27] INFO  impl.RoleInfo (RoleInfo.java:shutdownLeaderElection(134)) - 0e723869-d81b-4250-bf7c-b3eb1c130cc4: shutdown LeaderElection
2019-10-17 20:24:13,435 [0e723869-d81b-4250-bf7c-b3eb1c130cc4@group-0FA4EDB76208-LeaderElection27] INFO  impl.RoleInfo (RoleInfo.java:updateAndGet(143)) - 0e723869-d81b-4250-bf7c-b3eb1c130cc4: start FollowerState
2019-10-17 20:24:13,454 [Thread-432] INFO  contract.AbstractFSContractTestBase (AbstractFSContractTestBase.java:setup(184)) - Test filesystem = o3fs://bucket00646.volume00187 implemented by OzoneFileSystem{URI=o3fs://bucket00646.volume00187, workingDir=o3fs://bucket00646.volume00187/user/jenkins1000, userName=jenkins1000, statistics=0 bytes read, 0 bytes written, 15 read ops, 0 large read ops, 10 write ops}
2019-10-17 20:24:13,468 [IPC Server handler 2 on 39481] WARN  block.BlockManagerImpl (BlockManagerImpl.java:allocateBlock(200)) - Pipeline creation failed for type:RATIS factor:THREE. Retrying get pipelines call once.
org.apache.hadoop.hdds.scm.pipeline.InsufficientDatanodesException: Cannot create pipeline of factor 3 using 2 nodes.
	at org.apache.hadoop.hdds.scm.pipeline.RatisPipelineProvider.create(RatisPipelineProvider.java:153)
	at org.apache.hadoop.hdds.scm.pipeline.PipelineFactory.create(PipelineFactory.java:58)
	at org.apache.hadoop.hdds.scm.pipeline.SCMPipelineManager.createPipeline(SCMPipelineManager.java:155)
	at org.apache.hadoop.hdds.scm.block.BlockManagerImpl.allocateBlock(BlockManagerImpl.java:198)
	at org.apache.hadoop.hdds.scm.server.SCMBlockProtocolServer.allocateBlock(SCMBlockProtocolServer.java:182)
	at org.apache.hadoop.hdds.scm.protocol.ScmBlockLocationProtocolServerSideTranslatorPB.allocateScmBlock(ScmBlockLocationProtocolServerSideTranslatorPB.java:159)
	at org.apache.hadoop.hdds.scm.protocol.ScmBlockLocationProtocolServerSideTranslatorPB.processMessage(ScmBlockLocationProtocolServerSideTranslatorPB.java:117)
	at org.apache.hadoop.hdds.server.OzoneProtocolMessageDispatcher.processRequest(OzoneProtocolMessageDispatcher.java:72)
	at org.apache.hadoop.hdds.scm.protocol.ScmBlockLocationProtocolServerSideTranslatorPB.send(ScmBlockLocationProtocolServerSideTranslatorPB.java:98)
	at org.apache.hadoop.hdds.protocol.proto.ScmBlockLocationProtocolProtos$ScmBlockLocationProtocolService$2.callBlockingMethod(ScmBlockLocationProtocolProtos.java:13157)
	at org.apache.hadoop.ipc.ProtobufRpcEngine$Server$ProtoBufRpcInvoker.call(ProtobufRpcEngine.java:524)
	at org.apache.hadoop.ipc.RPC$Server.call(RPC.java:1025)
	at org.apache.hadoop.ipc.Server$RpcCall.run(Server.java:876)
	at org.apache.hadoop.ipc.Server$RpcCall.run(Server.java:822)
	at java.security.AccessController.doPrivileged(Native Method)
	at javax.security.auth.Subject.doAs(Subject.java:422)
	at org.apache.hadoop.security.UserGroupInformation.doAs(UserGroupInformation.java:1730)
	at org.apache.hadoop.ipc.Server$Handler.run(Server.java:2682)
2019-10-17 20:24:13,469 [IPC Server handler 2 on 39481] INFO  block.BlockManagerImpl (BlockManagerImpl.java:allocateBlock(212)) - Could not find available pipeline of type:RATIS and factor:THREE even after retrying
2019-10-17 20:24:13,469 [IPC Server handler 2 on 39481] ERROR block.BlockManagerImpl (BlockManagerImpl.java:allocateBlock(236)) - Unable to allocate a block for the size: 4194304, type: RATIS, factor: THREE
]]></system-out>
  </testcase>
  <testcase name="testReadFullySmallFile" classname="org.apache.hadoop.fs.ozone.contract.ITestOzoneContractSeek" time="0.12">
    <error message="Allocated 0 blocks. Requested 1 blocks" type="INTERNAL_ERROR org.apache.hadoop.ozone.om.exceptions.OMException">INTERNAL_ERROR org.apache.hadoop.ozone.om.exceptions.OMException: Allocated 0 blocks. Requested 1 blocks
	at org.apache.hadoop.ozone.om.protocolPB.OzoneManagerProtocolClientSideTranslatorPB.handleError(OzoneManagerProtocolClientSideTranslatorPB.java:732)
	at org.apache.hadoop.ozone.om.protocolPB.OzoneManagerProtocolClientSideTranslatorPB.createFile(OzoneManagerProtocolClientSideTranslatorPB.java:1536)
	at sun.reflect.NativeMethodAccessorImpl.invoke0(Native Method)
	at sun.reflect.NativeMethodAccessorImpl.invoke(NativeMethodAccessorImpl.java:62)
	at sun.reflect.DelegatingMethodAccessorImpl.invoke(DelegatingMethodAccessorImpl.java:43)
	at java.lang.reflect.Method.invoke(Method.java:498)
	at org.apache.hadoop.hdds.tracing.TraceAllMethod.invoke(TraceAllMethod.java:66)
	at com.sun.proxy.$Proxy41.createFile(Unknown Source)
	at org.apache.hadoop.ozone.client.rpc.RpcClient.createFile(RpcClient.java:1006)
	at org.apache.hadoop.ozone.client.OzoneBucket.createFile(OzoneBucket.java:537)
	at org.apache.hadoop.fs.ozone.BasicOzoneClientAdapterImpl.createFile(BasicOzoneClientAdapterImpl.java:208)
	at org.apache.hadoop.fs.ozone.BasicOzoneFileSystem.createOutputStream(BasicOzoneFileSystem.java:250)
	at org.apache.hadoop.fs.ozone.BasicOzoneFileSystem.create(BasicOzoneFileSystem.java:231)
	at org.apache.hadoop.fs.FileSystem.create(FileSystem.java:1118)
	at org.apache.hadoop.fs.FileSystem.create(FileSystem.java:1098)
	at org.apache.hadoop.fs.FileSystem.create(FileSystem.java:987)
	at org.apache.hadoop.fs.contract.ContractTestUtils.createFile(ContractTestUtils.java:633)
	at org.apache.hadoop.fs.contract.AbstractContractSeekTest.setup(AbstractContractSeekTest.java:64)
	at sun.reflect.NativeMethodAccessorImpl.invoke0(Native Method)
	at sun.reflect.NativeMethodAccessorImpl.invoke(NativeMethodAccessorImpl.java:62)
	at sun.reflect.DelegatingMethodAccessorImpl.invoke(DelegatingMethodAccessorImpl.java:43)
	at java.lang.reflect.Method.invoke(Method.java:498)
	at org.junit.runners.model.FrameworkMethod$1.runReflectiveCall(FrameworkMethod.java:47)
	at org.junit.internal.runners.model.ReflectiveCallable.run(ReflectiveCallable.java:12)
	at org.junit.runners.model.FrameworkMethod.invokeExplosively(FrameworkMethod.java:44)
	at org.junit.internal.runners.statements.RunBefores.evaluate(RunBefores.java:24)
	at org.junit.internal.runners.statements.RunAfters.evaluate(RunAfters.java:27)
	at org.junit.rules.TestWatcher$1.evaluate(TestWatcher.java:55)
	at org.junit.internal.runners.statements.FailOnTimeout$StatementThread.run(FailOnTimeout.java:74)
</error>
    <system-out><![CDATA[2019-10-17 20:24:13,522 [Thread-440] INFO  rpc.RpcClient (RpcClient.java:createVolume(272)) - Creating Volume: volume91099, with user57465 as owner.
2019-10-17 20:24:13,525 [IPC Server handler 5 on 46470] INFO  volume.OMVolumeCreateRequest (OMVolumeCreateRequest.java:validateAndUpdateCache(193)) - created volume:volume91099 for user:user57465
2019-10-17 20:24:13,527 [Thread-440] INFO  rpc.RpcClient (RpcClient.java:createBucket(411)) - Creating Bucket: volume91099/bucket19777, with Versioning false and Storage Type set to DISK and Encryption set to false 
2019-10-17 20:24:13,581 [Thread-440] INFO  contract.AbstractFSContractTestBase (AbstractFSContractTestBase.java:setup(184)) - Test filesystem = o3fs://bucket19777.volume91099 implemented by OzoneFileSystem{URI=o3fs://bucket19777.volume91099, workingDir=o3fs://bucket19777.volume91099/user/jenkins1000, userName=jenkins1000, statistics=0 bytes read, 0 bytes written, 18 read ops, 0 large read ops, 12 write ops}
2019-10-17 20:24:13,590 [IPC Server handler 0 on 39481] WARN  block.BlockManagerImpl (BlockManagerImpl.java:allocateBlock(200)) - Pipeline creation failed for type:RATIS factor:THREE. Retrying get pipelines call once.
org.apache.hadoop.hdds.scm.pipeline.InsufficientDatanodesException: Cannot create pipeline of factor 3 using 2 nodes.
	at org.apache.hadoop.hdds.scm.pipeline.RatisPipelineProvider.create(RatisPipelineProvider.java:153)
	at org.apache.hadoop.hdds.scm.pipeline.PipelineFactory.create(PipelineFactory.java:58)
	at org.apache.hadoop.hdds.scm.pipeline.SCMPipelineManager.createPipeline(SCMPipelineManager.java:155)
	at org.apache.hadoop.hdds.scm.block.BlockManagerImpl.allocateBlock(BlockManagerImpl.java:198)
	at org.apache.hadoop.hdds.scm.server.SCMBlockProtocolServer.allocateBlock(SCMBlockProtocolServer.java:182)
	at org.apache.hadoop.hdds.scm.protocol.ScmBlockLocationProtocolServerSideTranslatorPB.allocateScmBlock(ScmBlockLocationProtocolServerSideTranslatorPB.java:159)
	at org.apache.hadoop.hdds.scm.protocol.ScmBlockLocationProtocolServerSideTranslatorPB.processMessage(ScmBlockLocationProtocolServerSideTranslatorPB.java:117)
	at org.apache.hadoop.hdds.server.OzoneProtocolMessageDispatcher.processRequest(OzoneProtocolMessageDispatcher.java:72)
	at org.apache.hadoop.hdds.scm.protocol.ScmBlockLocationProtocolServerSideTranslatorPB.send(ScmBlockLocationProtocolServerSideTranslatorPB.java:98)
	at org.apache.hadoop.hdds.protocol.proto.ScmBlockLocationProtocolProtos$ScmBlockLocationProtocolService$2.callBlockingMethod(ScmBlockLocationProtocolProtos.java:13157)
	at org.apache.hadoop.ipc.ProtobufRpcEngine$Server$ProtoBufRpcInvoker.call(ProtobufRpcEngine.java:524)
	at org.apache.hadoop.ipc.RPC$Server.call(RPC.java:1025)
	at org.apache.hadoop.ipc.Server$RpcCall.run(Server.java:876)
	at org.apache.hadoop.ipc.Server$RpcCall.run(Server.java:822)
	at java.security.AccessController.doPrivileged(Native Method)
	at javax.security.auth.Subject.doAs(Subject.java:422)
	at org.apache.hadoop.security.UserGroupInformation.doAs(UserGroupInformation.java:1730)
	at org.apache.hadoop.ipc.Server$Handler.run(Server.java:2682)
2019-10-17 20:24:13,591 [IPC Server handler 0 on 39481] INFO  block.BlockManagerImpl (BlockManagerImpl.java:allocateBlock(212)) - Could not find available pipeline of type:RATIS and factor:THREE even after retrying
2019-10-17 20:24:13,591 [IPC Server handler 0 on 39481] ERROR block.BlockManagerImpl (BlockManagerImpl.java:allocateBlock(236)) - Unable to allocate a block for the size: 4194304, type: RATIS, factor: THREE
]]></system-out>
  </testcase>
  <testcase name="testReadFullyZeroByteFile" classname="org.apache.hadoop.fs.ozone.contract.ITestOzoneContractSeek" time="0.157">
    <error message="Allocated 0 blocks. Requested 1 blocks" type="INTERNAL_ERROR org.apache.hadoop.ozone.om.exceptions.OMException">INTERNAL_ERROR org.apache.hadoop.ozone.om.exceptions.OMException: Allocated 0 blocks. Requested 1 blocks
	at org.apache.hadoop.ozone.om.protocolPB.OzoneManagerProtocolClientSideTranslatorPB.handleError(OzoneManagerProtocolClientSideTranslatorPB.java:732)
	at org.apache.hadoop.ozone.om.protocolPB.OzoneManagerProtocolClientSideTranslatorPB.createFile(OzoneManagerProtocolClientSideTranslatorPB.java:1536)
	at sun.reflect.NativeMethodAccessorImpl.invoke0(Native Method)
	at sun.reflect.NativeMethodAccessorImpl.invoke(NativeMethodAccessorImpl.java:62)
	at sun.reflect.DelegatingMethodAccessorImpl.invoke(DelegatingMethodAccessorImpl.java:43)
	at java.lang.reflect.Method.invoke(Method.java:498)
	at org.apache.hadoop.hdds.tracing.TraceAllMethod.invoke(TraceAllMethod.java:66)
	at com.sun.proxy.$Proxy41.createFile(Unknown Source)
	at org.apache.hadoop.ozone.client.rpc.RpcClient.createFile(RpcClient.java:1006)
	at org.apache.hadoop.ozone.client.OzoneBucket.createFile(OzoneBucket.java:537)
	at org.apache.hadoop.fs.ozone.BasicOzoneClientAdapterImpl.createFile(BasicOzoneClientAdapterImpl.java:208)
	at org.apache.hadoop.fs.ozone.BasicOzoneFileSystem.createOutputStream(BasicOzoneFileSystem.java:250)
	at org.apache.hadoop.fs.ozone.BasicOzoneFileSystem.create(BasicOzoneFileSystem.java:231)
	at org.apache.hadoop.fs.FileSystem.create(FileSystem.java:1118)
	at org.apache.hadoop.fs.FileSystem.create(FileSystem.java:1098)
	at org.apache.hadoop.fs.FileSystem.create(FileSystem.java:987)
	at org.apache.hadoop.fs.contract.ContractTestUtils.createFile(ContractTestUtils.java:633)
	at org.apache.hadoop.fs.contract.AbstractContractSeekTest.setup(AbstractContractSeekTest.java:64)
	at sun.reflect.NativeMethodAccessorImpl.invoke0(Native Method)
	at sun.reflect.NativeMethodAccessorImpl.invoke(NativeMethodAccessorImpl.java:62)
	at sun.reflect.DelegatingMethodAccessorImpl.invoke(DelegatingMethodAccessorImpl.java:43)
	at java.lang.reflect.Method.invoke(Method.java:498)
	at org.junit.runners.model.FrameworkMethod$1.runReflectiveCall(FrameworkMethod.java:47)
	at org.junit.internal.runners.model.ReflectiveCallable.run(ReflectiveCallable.java:12)
	at org.junit.runners.model.FrameworkMethod.invokeExplosively(FrameworkMethod.java:44)
	at org.junit.internal.runners.statements.RunBefores.evaluate(RunBefores.java:24)
	at org.junit.internal.runners.statements.RunAfters.evaluate(RunAfters.java:27)
	at org.junit.rules.TestWatcher$1.evaluate(TestWatcher.java:55)
	at org.junit.internal.runners.statements.FailOnTimeout$StatementThread.run(FailOnTimeout.java:74)
</error>
    <system-out><![CDATA[2019-10-17 20:24:13,616 [Thread-439] INFO  impl.FollowerState (FollowerState.java:run(108)) - 0e723869-d81b-4250-bf7c-b3eb1c130cc4@group-0FA4EDB76208-FollowerState: change to CANDIDATE, lastRpcTime:180ms, electionTimeout:180ms
2019-10-17 20:24:13,616 [Thread-439] INFO  impl.RoleInfo (RoleInfo.java:shutdownFollowerState(121)) - 0e723869-d81b-4250-bf7c-b3eb1c130cc4: shutdown FollowerState
2019-10-17 20:24:13,616 [Thread-439] INFO  impl.RaftServerImpl (RaftServerImpl.java:setRole(184)) - 0e723869-d81b-4250-bf7c-b3eb1c130cc4@group-0FA4EDB76208: changes role from  FOLLOWER to CANDIDATE at term 13 for changeToCandidate
2019-10-17 20:24:13,616 [Thread-439] INFO  impl.RoleInfo (RoleInfo.java:updateAndGet(143)) - 0e723869-d81b-4250-bf7c-b3eb1c130cc4: start LeaderElection
2019-10-17 20:24:13,650 [0e723869-d81b-4250-bf7c-b3eb1c130cc4@group-0FA4EDB76208-LeaderElection28] INFO  impl.LeaderElection (LeaderElection.java:askForVotes(178)) - 0e723869-d81b-4250-bf7c-b3eb1c130cc4@group-0FA4EDB76208-LeaderElection28: begin an election at term 14 for -1: [0e723869-d81b-4250-bf7c-b3eb1c130cc4:192.168.164.201:41994, a20d02fb-e889-4888-8041-7f0d463e97dc:192.168.164.201:39512, de4dd1fb-8e89-4d8f-a94c-eecd5ba9e4a0:192.168.164.201:35026], old=null
2019-10-17 20:24:13,655 [Thread-442] INFO  rpc.RpcClient (RpcClient.java:createVolume(272)) - Creating Volume: volume10001, with user11546 as owner.
2019-10-17 20:24:13,658 [IPC Server handler 8 on 46470] INFO  volume.OMVolumeCreateRequest (OMVolumeCreateRequest.java:validateAndUpdateCache(193)) - created volume:volume10001 for user:user11546
2019-10-17 20:24:13,659 [grpc-default-executor-7] INFO  impl.RaftServerImpl (RaftServerImpl.java:setRole(184)) - a20d02fb-e889-4888-8041-7f0d463e97dc@group-0FA4EDB76208: changes role from  FOLLOWER to FOLLOWER at term 14 for recognizeCandidate:0e723869-d81b-4250-bf7c-b3eb1c130cc4
2019-10-17 20:24:13,659 [grpc-default-executor-3] INFO  impl.RaftServerImpl (RaftServerImpl.java:setRole(184)) - de4dd1fb-8e89-4d8f-a94c-eecd5ba9e4a0@group-0FA4EDB76208: changes role from  FOLLOWER to FOLLOWER at term 14 for recognizeCandidate:0e723869-d81b-4250-bf7c-b3eb1c130cc4
2019-10-17 20:24:13,660 [grpc-default-executor-7] INFO  impl.RoleInfo (RoleInfo.java:shutdownFollowerState(121)) - a20d02fb-e889-4888-8041-7f0d463e97dc: shutdown FollowerState
2019-10-17 20:24:13,660 [grpc-default-executor-3] INFO  impl.RoleInfo (RoleInfo.java:shutdownFollowerState(121)) - de4dd1fb-8e89-4d8f-a94c-eecd5ba9e4a0: shutdown FollowerState
2019-10-17 20:24:13,660 [Thread-437] INFO  impl.FollowerState (FollowerState.java:run(117)) - a20d02fb-e889-4888-8041-7f0d463e97dc@group-0FA4EDB76208-FollowerState was interrupted: java.lang.InterruptedException: sleep interrupted
2019-10-17 20:24:13,660 [grpc-default-executor-7] INFO  impl.RoleInfo (RoleInfo.java:updateAndGet(143)) - a20d02fb-e889-4888-8041-7f0d463e97dc: start FollowerState
2019-10-17 20:24:13,660 [grpc-default-executor-3] INFO  impl.RoleInfo (RoleInfo.java:updateAndGet(143)) - de4dd1fb-8e89-4d8f-a94c-eecd5ba9e4a0: start FollowerState
2019-10-17 20:24:13,660 [Thread-438] INFO  impl.FollowerState (FollowerState.java:run(117)) - de4dd1fb-8e89-4d8f-a94c-eecd5ba9e4a0@group-0FA4EDB76208-FollowerState was interrupted: java.lang.InterruptedException: sleep interrupted
2019-10-17 20:24:13,661 [Thread-442] INFO  rpc.RpcClient (RpcClient.java:createBucket(411)) - Creating Bucket: volume10001/bucket46569, with Versioning false and Storage Type set to DISK and Encryption set to false 
2019-10-17 20:24:13,685 [0e723869-d81b-4250-bf7c-b3eb1c130cc4@group-0FA4EDB76208-LeaderElection28] INFO  impl.LeaderElection (LeaderElection.java:logAndReturn(56)) - 0e723869-d81b-4250-bf7c-b3eb1c130cc4@group-0FA4EDB76208-LeaderElection28: Election REJECTED; received 2 response(s) [0e723869-d81b-4250-bf7c-b3eb1c130cc4<-a20d02fb-e889-4888-8041-7f0d463e97dc#0:FAIL-t14, 0e723869-d81b-4250-bf7c-b3eb1c130cc4<-de4dd1fb-8e89-4d8f-a94c-eecd5ba9e4a0#0:FAIL-t14] and 0 exception(s); 0e723869-d81b-4250-bf7c-b3eb1c130cc4@group-0FA4EDB76208:t14, leader=null, voted=0e723869-d81b-4250-bf7c-b3eb1c130cc4, raftlog=0e723869-d81b-4250-bf7c-b3eb1c130cc4@group-0FA4EDB76208-SegmentedRaftLog:OPENED:c-1,f-1,i0, conf=-1: [0e723869-d81b-4250-bf7c-b3eb1c130cc4:192.168.164.201:41994, a20d02fb-e889-4888-8041-7f0d463e97dc:192.168.164.201:39512, de4dd1fb-8e89-4d8f-a94c-eecd5ba9e4a0:192.168.164.201:35026], old=null
2019-10-17 20:24:13,685 [0e723869-d81b-4250-bf7c-b3eb1c130cc4@group-0FA4EDB76208-LeaderElection28] INFO  impl.RaftServerImpl (RaftServerImpl.java:setRole(184)) - 0e723869-d81b-4250-bf7c-b3eb1c130cc4@group-0FA4EDB76208: changes role from CANDIDATE to FOLLOWER at term 14 for DISCOVERED_A_NEW_TERM
2019-10-17 20:24:13,685 [0e723869-d81b-4250-bf7c-b3eb1c130cc4@group-0FA4EDB76208-LeaderElection28] INFO  impl.RoleInfo (RoleInfo.java:shutdownLeaderElection(134)) - 0e723869-d81b-4250-bf7c-b3eb1c130cc4: shutdown LeaderElection
2019-10-17 20:24:13,685 [0e723869-d81b-4250-bf7c-b3eb1c130cc4@group-0FA4EDB76208-LeaderElection28] INFO  impl.RoleInfo (RoleInfo.java:updateAndGet(143)) - 0e723869-d81b-4250-bf7c-b3eb1c130cc4: start FollowerState
2019-10-17 20:24:13,703 [Thread-449] INFO  impl.FollowerState (FollowerState.java:run(108)) - 0e723869-d81b-4250-bf7c-b3eb1c130cc4@group-0FA4EDB76208-FollowerState: change to CANDIDATE, lastRpcTime:17ms, electionTimeout:17ms
2019-10-17 20:24:13,703 [Thread-449] INFO  impl.RoleInfo (RoleInfo.java:shutdownFollowerState(121)) - 0e723869-d81b-4250-bf7c-b3eb1c130cc4: shutdown FollowerState
2019-10-17 20:24:13,703 [Thread-449] INFO  impl.RaftServerImpl (RaftServerImpl.java:setRole(184)) - 0e723869-d81b-4250-bf7c-b3eb1c130cc4@group-0FA4EDB76208: changes role from  FOLLOWER to CANDIDATE at term 14 for changeToCandidate
2019-10-17 20:24:13,703 [Thread-449] INFO  impl.RoleInfo (RoleInfo.java:updateAndGet(143)) - 0e723869-d81b-4250-bf7c-b3eb1c130cc4: start LeaderElection
2019-10-17 20:24:13,726 [0e723869-d81b-4250-bf7c-b3eb1c130cc4@group-0FA4EDB76208-LeaderElection29] INFO  impl.LeaderElection (LeaderElection.java:askForVotes(178)) - 0e723869-d81b-4250-bf7c-b3eb1c130cc4@group-0FA4EDB76208-LeaderElection29: begin an election at term 15 for -1: [0e723869-d81b-4250-bf7c-b3eb1c130cc4:192.168.164.201:41994, a20d02fb-e889-4888-8041-7f0d463e97dc:192.168.164.201:39512, de4dd1fb-8e89-4d8f-a94c-eecd5ba9e4a0:192.168.164.201:35026], old=null
2019-10-17 20:24:13,730 [grpc-default-executor-7] INFO  impl.RaftServerImpl (RaftServerImpl.java:setRole(184)) - de4dd1fb-8e89-4d8f-a94c-eecd5ba9e4a0@group-0FA4EDB76208: changes role from  FOLLOWER to FOLLOWER at term 15 for recognizeCandidate:0e723869-d81b-4250-bf7c-b3eb1c130cc4
2019-10-17 20:24:13,730 [grpc-default-executor-3] INFO  impl.RaftServerImpl (RaftServerImpl.java:setRole(184)) - a20d02fb-e889-4888-8041-7f0d463e97dc@group-0FA4EDB76208: changes role from  FOLLOWER to FOLLOWER at term 15 for recognizeCandidate:0e723869-d81b-4250-bf7c-b3eb1c130cc4
2019-10-17 20:24:13,730 [grpc-default-executor-7] INFO  impl.RoleInfo (RoleInfo.java:shutdownFollowerState(121)) - de4dd1fb-8e89-4d8f-a94c-eecd5ba9e4a0: shutdown FollowerState
2019-10-17 20:24:13,730 [grpc-default-executor-3] INFO  impl.RoleInfo (RoleInfo.java:shutdownFollowerState(121)) - a20d02fb-e889-4888-8041-7f0d463e97dc: shutdown FollowerState
2019-10-17 20:24:13,730 [grpc-default-executor-7] INFO  impl.RoleInfo (RoleInfo.java:updateAndGet(143)) - de4dd1fb-8e89-4d8f-a94c-eecd5ba9e4a0: start FollowerState
2019-10-17 20:24:13,730 [Thread-447] INFO  impl.FollowerState (FollowerState.java:run(117)) - a20d02fb-e889-4888-8041-7f0d463e97dc@group-0FA4EDB76208-FollowerState was interrupted: java.lang.InterruptedException: sleep interrupted
2019-10-17 20:24:13,730 [grpc-default-executor-3] INFO  impl.RoleInfo (RoleInfo.java:updateAndGet(143)) - a20d02fb-e889-4888-8041-7f0d463e97dc: start FollowerState
2019-10-17 20:24:13,730 [Thread-448] INFO  impl.FollowerState (FollowerState.java:run(117)) - de4dd1fb-8e89-4d8f-a94c-eecd5ba9e4a0@group-0FA4EDB76208-FollowerState was interrupted: java.lang.InterruptedException: sleep interrupted
2019-10-17 20:24:13,737 [Thread-442] INFO  contract.AbstractFSContractTestBase (AbstractFSContractTestBase.java:setup(184)) - Test filesystem = o3fs://bucket46569.volume10001 implemented by OzoneFileSystem{URI=o3fs://bucket46569.volume10001, workingDir=o3fs://bucket46569.volume10001/user/jenkins1000, userName=jenkins1000, statistics=0 bytes read, 0 bytes written, 21 read ops, 0 large read ops, 14 write ops}
2019-10-17 20:24:13,745 [IPC Server handler 10 on 39481] WARN  block.BlockManagerImpl (BlockManagerImpl.java:allocateBlock(200)) - Pipeline creation failed for type:RATIS factor:THREE. Retrying get pipelines call once.
org.apache.hadoop.hdds.scm.pipeline.InsufficientDatanodesException: Cannot create pipeline of factor 3 using 2 nodes.
	at org.apache.hadoop.hdds.scm.pipeline.RatisPipelineProvider.create(RatisPipelineProvider.java:153)
	at org.apache.hadoop.hdds.scm.pipeline.PipelineFactory.create(PipelineFactory.java:58)
	at org.apache.hadoop.hdds.scm.pipeline.SCMPipelineManager.createPipeline(SCMPipelineManager.java:155)
	at org.apache.hadoop.hdds.scm.block.BlockManagerImpl.allocateBlock(BlockManagerImpl.java:198)
	at org.apache.hadoop.hdds.scm.server.SCMBlockProtocolServer.allocateBlock(SCMBlockProtocolServer.java:182)
	at org.apache.hadoop.hdds.scm.protocol.ScmBlockLocationProtocolServerSideTranslatorPB.allocateScmBlock(ScmBlockLocationProtocolServerSideTranslatorPB.java:159)
	at org.apache.hadoop.hdds.scm.protocol.ScmBlockLocationProtocolServerSideTranslatorPB.processMessage(ScmBlockLocationProtocolServerSideTranslatorPB.java:117)
	at org.apache.hadoop.hdds.server.OzoneProtocolMessageDispatcher.processRequest(OzoneProtocolMessageDispatcher.java:72)
	at org.apache.hadoop.hdds.scm.protocol.ScmBlockLocationProtocolServerSideTranslatorPB.send(ScmBlockLocationProtocolServerSideTranslatorPB.java:98)
	at org.apache.hadoop.hdds.protocol.proto.ScmBlockLocationProtocolProtos$ScmBlockLocationProtocolService$2.callBlockingMethod(ScmBlockLocationProtocolProtos.java:13157)
	at org.apache.hadoop.ipc.ProtobufRpcEngine$Server$ProtoBufRpcInvoker.call(ProtobufRpcEngine.java:524)
	at org.apache.hadoop.ipc.RPC$Server.call(RPC.java:1025)
	at org.apache.hadoop.ipc.Server$RpcCall.run(Server.java:876)
	at org.apache.hadoop.ipc.Server$RpcCall.run(Server.java:822)
	at java.security.AccessController.doPrivileged(Native Method)
	at javax.security.auth.Subject.doAs(Subject.java:422)
	at org.apache.hadoop.security.UserGroupInformation.doAs(UserGroupInformation.java:1730)
	at org.apache.hadoop.ipc.Server$Handler.run(Server.java:2682)
2019-10-17 20:24:13,746 [IPC Server handler 10 on 39481] INFO  block.BlockManagerImpl (BlockManagerImpl.java:allocateBlock(212)) - Could not find available pipeline of type:RATIS and factor:THREE even after retrying
2019-10-17 20:24:13,746 [IPC Server handler 10 on 39481] ERROR block.BlockManagerImpl (BlockManagerImpl.java:allocateBlock(236)) - Unable to allocate a block for the size: 4194304, type: RATIS, factor: THREE
2019-10-17 20:24:13,753 [0e723869-d81b-4250-bf7c-b3eb1c130cc4@group-0FA4EDB76208-LeaderElection29] INFO  impl.LeaderElection (LeaderElection.java:logAndReturn(56)) - 0e723869-d81b-4250-bf7c-b3eb1c130cc4@group-0FA4EDB76208-LeaderElection29: Election REJECTED; received 2 response(s) [0e723869-d81b-4250-bf7c-b3eb1c130cc4<-a20d02fb-e889-4888-8041-7f0d463e97dc#0:FAIL-t15, 0e723869-d81b-4250-bf7c-b3eb1c130cc4<-de4dd1fb-8e89-4d8f-a94c-eecd5ba9e4a0#0:FAIL-t15] and 0 exception(s); 0e723869-d81b-4250-bf7c-b3eb1c130cc4@group-0FA4EDB76208:t15, leader=null, voted=0e723869-d81b-4250-bf7c-b3eb1c130cc4, raftlog=0e723869-d81b-4250-bf7c-b3eb1c130cc4@group-0FA4EDB76208-SegmentedRaftLog:OPENED:c-1,f-1,i0, conf=-1: [0e723869-d81b-4250-bf7c-b3eb1c130cc4:192.168.164.201:41994, a20d02fb-e889-4888-8041-7f0d463e97dc:192.168.164.201:39512, de4dd1fb-8e89-4d8f-a94c-eecd5ba9e4a0:192.168.164.201:35026], old=null
2019-10-17 20:24:13,753 [0e723869-d81b-4250-bf7c-b3eb1c130cc4@group-0FA4EDB76208-LeaderElection29] INFO  impl.RaftServerImpl (RaftServerImpl.java:setRole(184)) - 0e723869-d81b-4250-bf7c-b3eb1c130cc4@group-0FA4EDB76208: changes role from CANDIDATE to FOLLOWER at term 15 for DISCOVERED_A_NEW_TERM
2019-10-17 20:24:13,753 [0e723869-d81b-4250-bf7c-b3eb1c130cc4@group-0FA4EDB76208-LeaderElection29] INFO  impl.RoleInfo (RoleInfo.java:shutdownLeaderElection(134)) - 0e723869-d81b-4250-bf7c-b3eb1c130cc4: shutdown LeaderElection
2019-10-17 20:24:13,753 [0e723869-d81b-4250-bf7c-b3eb1c130cc4@group-0FA4EDB76208-LeaderElection29] INFO  impl.RoleInfo (RoleInfo.java:updateAndGet(143)) - 0e723869-d81b-4250-bf7c-b3eb1c130cc4: start FollowerState
]]></system-out>
  </testcase>
  <testcase name="testBlockReadZeroByteFile" classname="org.apache.hadoop.fs.ozone.contract.ITestOzoneContractSeek" time="0.12">
    <error message="Allocated 0 blocks. Requested 1 blocks" type="INTERNAL_ERROR org.apache.hadoop.ozone.om.exceptions.OMException">INTERNAL_ERROR org.apache.hadoop.ozone.om.exceptions.OMException: Allocated 0 blocks. Requested 1 blocks
	at org.apache.hadoop.ozone.om.protocolPB.OzoneManagerProtocolClientSideTranslatorPB.handleError(OzoneManagerProtocolClientSideTranslatorPB.java:732)
	at org.apache.hadoop.ozone.om.protocolPB.OzoneManagerProtocolClientSideTranslatorPB.createFile(OzoneManagerProtocolClientSideTranslatorPB.java:1536)
	at sun.reflect.NativeMethodAccessorImpl.invoke0(Native Method)
	at sun.reflect.NativeMethodAccessorImpl.invoke(NativeMethodAccessorImpl.java:62)
	at sun.reflect.DelegatingMethodAccessorImpl.invoke(DelegatingMethodAccessorImpl.java:43)
	at java.lang.reflect.Method.invoke(Method.java:498)
	at org.apache.hadoop.hdds.tracing.TraceAllMethod.invoke(TraceAllMethod.java:66)
	at com.sun.proxy.$Proxy41.createFile(Unknown Source)
	at org.apache.hadoop.ozone.client.rpc.RpcClient.createFile(RpcClient.java:1006)
	at org.apache.hadoop.ozone.client.OzoneBucket.createFile(OzoneBucket.java:537)
	at org.apache.hadoop.fs.ozone.BasicOzoneClientAdapterImpl.createFile(BasicOzoneClientAdapterImpl.java:208)
	at org.apache.hadoop.fs.ozone.BasicOzoneFileSystem.createOutputStream(BasicOzoneFileSystem.java:250)
	at org.apache.hadoop.fs.ozone.BasicOzoneFileSystem.create(BasicOzoneFileSystem.java:231)
	at org.apache.hadoop.fs.FileSystem.create(FileSystem.java:1118)
	at org.apache.hadoop.fs.FileSystem.create(FileSystem.java:1098)
	at org.apache.hadoop.fs.FileSystem.create(FileSystem.java:987)
	at org.apache.hadoop.fs.contract.ContractTestUtils.createFile(ContractTestUtils.java:633)
	at org.apache.hadoop.fs.contract.AbstractContractSeekTest.setup(AbstractContractSeekTest.java:64)
	at sun.reflect.NativeMethodAccessorImpl.invoke0(Native Method)
	at sun.reflect.NativeMethodAccessorImpl.invoke(NativeMethodAccessorImpl.java:62)
	at sun.reflect.DelegatingMethodAccessorImpl.invoke(DelegatingMethodAccessorImpl.java:43)
	at java.lang.reflect.Method.invoke(Method.java:498)
	at org.junit.runners.model.FrameworkMethod$1.runReflectiveCall(FrameworkMethod.java:47)
	at org.junit.internal.runners.model.ReflectiveCallable.run(ReflectiveCallable.java:12)
	at org.junit.runners.model.FrameworkMethod.invokeExplosively(FrameworkMethod.java:44)
	at org.junit.internal.runners.statements.RunBefores.evaluate(RunBefores.java:24)
	at org.junit.internal.runners.statements.RunAfters.evaluate(RunAfters.java:27)
	at org.junit.rules.TestWatcher$1.evaluate(TestWatcher.java:55)
	at org.junit.internal.runners.statements.FailOnTimeout$StatementThread.run(FailOnTimeout.java:74)
</error>
    <system-out><![CDATA[2019-10-17 20:24:13,807 [Thread-456] INFO  rpc.RpcClient (RpcClient.java:createVolume(272)) - Creating Volume: volume24195, with user84929 as owner.
2019-10-17 20:24:13,809 [IPC Server handler 12 on 46470] INFO  volume.OMVolumeCreateRequest (OMVolumeCreateRequest.java:validateAndUpdateCache(193)) - created volume:volume24195 for user:user84929
2019-10-17 20:24:13,812 [Thread-456] INFO  rpc.RpcClient (RpcClient.java:createBucket(411)) - Creating Bucket: volume24195/bucket93590, with Versioning false and Storage Type set to DISK and Encryption set to false 
2019-10-17 20:24:13,839 [Thread-455] INFO  impl.FollowerState (FollowerState.java:run(108)) - 0e723869-d81b-4250-bf7c-b3eb1c130cc4@group-0FA4EDB76208-FollowerState: change to CANDIDATE, lastRpcTime:85ms, electionTimeout:85ms
2019-10-17 20:24:13,839 [Thread-455] INFO  impl.RoleInfo (RoleInfo.java:shutdownFollowerState(121)) - 0e723869-d81b-4250-bf7c-b3eb1c130cc4: shutdown FollowerState
2019-10-17 20:24:13,839 [Thread-455] INFO  impl.RaftServerImpl (RaftServerImpl.java:setRole(184)) - 0e723869-d81b-4250-bf7c-b3eb1c130cc4@group-0FA4EDB76208: changes role from  FOLLOWER to CANDIDATE at term 15 for changeToCandidate
2019-10-17 20:24:13,839 [Thread-455] INFO  impl.RoleInfo (RoleInfo.java:updateAndGet(143)) - 0e723869-d81b-4250-bf7c-b3eb1c130cc4: start LeaderElection
2019-10-17 20:24:13,859 [Thread-456] INFO  contract.AbstractFSContractTestBase (AbstractFSContractTestBase.java:setup(184)) - Test filesystem = o3fs://bucket93590.volume24195 implemented by OzoneFileSystem{URI=o3fs://bucket93590.volume24195, workingDir=o3fs://bucket93590.volume24195/user/jenkins1000, userName=jenkins1000, statistics=0 bytes read, 0 bytes written, 24 read ops, 0 large read ops, 16 write ops}
2019-10-17 20:24:13,867 [IPC Server handler 4 on 39481] WARN  block.BlockManagerImpl (BlockManagerImpl.java:allocateBlock(200)) - Pipeline creation failed for type:RATIS factor:THREE. Retrying get pipelines call once.
org.apache.hadoop.hdds.scm.pipeline.InsufficientDatanodesException: Cannot create pipeline of factor 3 using 2 nodes.
	at org.apache.hadoop.hdds.scm.pipeline.RatisPipelineProvider.create(RatisPipelineProvider.java:153)
	at org.apache.hadoop.hdds.scm.pipeline.PipelineFactory.create(PipelineFactory.java:58)
	at org.apache.hadoop.hdds.scm.pipeline.SCMPipelineManager.createPipeline(SCMPipelineManager.java:155)
	at org.apache.hadoop.hdds.scm.block.BlockManagerImpl.allocateBlock(BlockManagerImpl.java:198)
	at org.apache.hadoop.hdds.scm.server.SCMBlockProtocolServer.allocateBlock(SCMBlockProtocolServer.java:182)
	at org.apache.hadoop.hdds.scm.protocol.ScmBlockLocationProtocolServerSideTranslatorPB.allocateScmBlock(ScmBlockLocationProtocolServerSideTranslatorPB.java:159)
	at org.apache.hadoop.hdds.scm.protocol.ScmBlockLocationProtocolServerSideTranslatorPB.processMessage(ScmBlockLocationProtocolServerSideTranslatorPB.java:117)
	at org.apache.hadoop.hdds.server.OzoneProtocolMessageDispatcher.processRequest(OzoneProtocolMessageDispatcher.java:72)
	at org.apache.hadoop.hdds.scm.protocol.ScmBlockLocationProtocolServerSideTranslatorPB.send(ScmBlockLocationProtocolServerSideTranslatorPB.java:98)
	at org.apache.hadoop.hdds.protocol.proto.ScmBlockLocationProtocolProtos$ScmBlockLocationProtocolService$2.callBlockingMethod(ScmBlockLocationProtocolProtos.java:13157)
	at org.apache.hadoop.ipc.ProtobufRpcEngine$Server$ProtoBufRpcInvoker.call(ProtobufRpcEngine.java:524)
	at org.apache.hadoop.ipc.RPC$Server.call(RPC.java:1025)
	at org.apache.hadoop.ipc.Server$RpcCall.run(Server.java:876)
	at org.apache.hadoop.ipc.Server$RpcCall.run(Server.java:822)
	at java.security.AccessController.doPrivileged(Native Method)
	at javax.security.auth.Subject.doAs(Subject.java:422)
	at org.apache.hadoop.security.UserGroupInformation.doAs(UserGroupInformation.java:1730)
	at org.apache.hadoop.ipc.Server$Handler.run(Server.java:2682)
2019-10-17 20:24:13,867 [IPC Server handler 4 on 39481] INFO  block.BlockManagerImpl (BlockManagerImpl.java:allocateBlock(212)) - Could not find available pipeline of type:RATIS and factor:THREE even after retrying
2019-10-17 20:24:13,868 [IPC Server handler 4 on 39481] ERROR block.BlockManagerImpl (BlockManagerImpl.java:allocateBlock(236)) - Unable to allocate a block for the size: 4194304, type: RATIS, factor: THREE
2019-10-17 20:24:13,868 [0e723869-d81b-4250-bf7c-b3eb1c130cc4@group-0FA4EDB76208-LeaderElection30] INFO  impl.LeaderElection (LeaderElection.java:askForVotes(178)) - 0e723869-d81b-4250-bf7c-b3eb1c130cc4@group-0FA4EDB76208-LeaderElection30: begin an election at term 16 for -1: [0e723869-d81b-4250-bf7c-b3eb1c130cc4:192.168.164.201:41994, a20d02fb-e889-4888-8041-7f0d463e97dc:192.168.164.201:39512, de4dd1fb-8e89-4d8f-a94c-eecd5ba9e4a0:192.168.164.201:35026], old=null
2019-10-17 20:24:13,873 [grpc-default-executor-3] INFO  impl.RaftServerImpl (RaftServerImpl.java:setRole(184)) - de4dd1fb-8e89-4d8f-a94c-eecd5ba9e4a0@group-0FA4EDB76208: changes role from  FOLLOWER to FOLLOWER at term 16 for recognizeCandidate:0e723869-d81b-4250-bf7c-b3eb1c130cc4
2019-10-17 20:24:13,873 [grpc-default-executor-7] INFO  impl.RaftServerImpl (RaftServerImpl.java:setRole(184)) - a20d02fb-e889-4888-8041-7f0d463e97dc@group-0FA4EDB76208: changes role from  FOLLOWER to FOLLOWER at term 16 for recognizeCandidate:0e723869-d81b-4250-bf7c-b3eb1c130cc4
2019-10-17 20:24:13,873 [grpc-default-executor-3] INFO  impl.RoleInfo (RoleInfo.java:shutdownFollowerState(121)) - de4dd1fb-8e89-4d8f-a94c-eecd5ba9e4a0: shutdown FollowerState
2019-10-17 20:24:13,873 [grpc-default-executor-7] INFO  impl.RoleInfo (RoleInfo.java:shutdownFollowerState(121)) - a20d02fb-e889-4888-8041-7f0d463e97dc: shutdown FollowerState
2019-10-17 20:24:13,874 [Thread-453] INFO  impl.FollowerState (FollowerState.java:run(117)) - de4dd1fb-8e89-4d8f-a94c-eecd5ba9e4a0@group-0FA4EDB76208-FollowerState was interrupted: java.lang.InterruptedException: sleep interrupted
2019-10-17 20:24:13,874 [grpc-default-executor-3] INFO  impl.RoleInfo (RoleInfo.java:updateAndGet(143)) - de4dd1fb-8e89-4d8f-a94c-eecd5ba9e4a0: start FollowerState
2019-10-17 20:24:13,874 [grpc-default-executor-7] INFO  impl.RoleInfo (RoleInfo.java:updateAndGet(143)) - a20d02fb-e889-4888-8041-7f0d463e97dc: start FollowerState
2019-10-17 20:24:13,874 [Thread-454] INFO  impl.FollowerState (FollowerState.java:run(117)) - a20d02fb-e889-4888-8041-7f0d463e97dc@group-0FA4EDB76208-FollowerState was interrupted: java.lang.InterruptedException: sleep interrupted
]]></system-out>
  </testcase>
  <testcase name="testSeekPastEndOfFileThenReseekAndRead" classname="org.apache.hadoop.fs.ozone.contract.ITestOzoneContractSeek" time="0.151">
    <error message="Allocated 0 blocks. Requested 1 blocks" type="INTERNAL_ERROR org.apache.hadoop.ozone.om.exceptions.OMException">INTERNAL_ERROR org.apache.hadoop.ozone.om.exceptions.OMException: Allocated 0 blocks. Requested 1 blocks
	at org.apache.hadoop.ozone.om.protocolPB.OzoneManagerProtocolClientSideTranslatorPB.handleError(OzoneManagerProtocolClientSideTranslatorPB.java:732)
	at org.apache.hadoop.ozone.om.protocolPB.OzoneManagerProtocolClientSideTranslatorPB.createFile(OzoneManagerProtocolClientSideTranslatorPB.java:1536)
	at sun.reflect.NativeMethodAccessorImpl.invoke0(Native Method)
	at sun.reflect.NativeMethodAccessorImpl.invoke(NativeMethodAccessorImpl.java:62)
	at sun.reflect.DelegatingMethodAccessorImpl.invoke(DelegatingMethodAccessorImpl.java:43)
	at java.lang.reflect.Method.invoke(Method.java:498)
	at org.apache.hadoop.hdds.tracing.TraceAllMethod.invoke(TraceAllMethod.java:66)
	at com.sun.proxy.$Proxy41.createFile(Unknown Source)
	at org.apache.hadoop.ozone.client.rpc.RpcClient.createFile(RpcClient.java:1006)
	at org.apache.hadoop.ozone.client.OzoneBucket.createFile(OzoneBucket.java:537)
	at org.apache.hadoop.fs.ozone.BasicOzoneClientAdapterImpl.createFile(BasicOzoneClientAdapterImpl.java:208)
	at org.apache.hadoop.fs.ozone.BasicOzoneFileSystem.createOutputStream(BasicOzoneFileSystem.java:250)
	at org.apache.hadoop.fs.ozone.BasicOzoneFileSystem.create(BasicOzoneFileSystem.java:231)
	at org.apache.hadoop.fs.FileSystem.create(FileSystem.java:1118)
	at org.apache.hadoop.fs.FileSystem.create(FileSystem.java:1098)
	at org.apache.hadoop.fs.FileSystem.create(FileSystem.java:987)
	at org.apache.hadoop.fs.contract.ContractTestUtils.createFile(ContractTestUtils.java:633)
	at org.apache.hadoop.fs.contract.AbstractContractSeekTest.setup(AbstractContractSeekTest.java:64)
	at sun.reflect.NativeMethodAccessorImpl.invoke0(Native Method)
	at sun.reflect.NativeMethodAccessorImpl.invoke(NativeMethodAccessorImpl.java:62)
	at sun.reflect.DelegatingMethodAccessorImpl.invoke(DelegatingMethodAccessorImpl.java:43)
	at java.lang.reflect.Method.invoke(Method.java:498)
	at org.junit.runners.model.FrameworkMethod$1.runReflectiveCall(FrameworkMethod.java:47)
	at org.junit.internal.runners.model.ReflectiveCallable.run(ReflectiveCallable.java:12)
	at org.junit.runners.model.FrameworkMethod.invokeExplosively(FrameworkMethod.java:44)
	at org.junit.internal.runners.statements.RunBefores.evaluate(RunBefores.java:24)
	at org.junit.internal.runners.statements.RunAfters.evaluate(RunAfters.java:27)
	at org.junit.rules.TestWatcher$1.evaluate(TestWatcher.java:55)
	at org.junit.internal.runners.statements.FailOnTimeout$StatementThread.run(FailOnTimeout.java:74)
</error>
    <system-out><![CDATA[2019-10-17 20:24:13,904 [0e723869-d81b-4250-bf7c-b3eb1c130cc4@group-0FA4EDB76208-LeaderElection30] INFO  impl.LeaderElection (LeaderElection.java:logAndReturn(56)) - 0e723869-d81b-4250-bf7c-b3eb1c130cc4@group-0FA4EDB76208-LeaderElection30: Election REJECTED; received 2 response(s) [0e723869-d81b-4250-bf7c-b3eb1c130cc4<-a20d02fb-e889-4888-8041-7f0d463e97dc#0:FAIL-t16, 0e723869-d81b-4250-bf7c-b3eb1c130cc4<-de4dd1fb-8e89-4d8f-a94c-eecd5ba9e4a0#0:FAIL-t16] and 0 exception(s); 0e723869-d81b-4250-bf7c-b3eb1c130cc4@group-0FA4EDB76208:t16, leader=null, voted=0e723869-d81b-4250-bf7c-b3eb1c130cc4, raftlog=0e723869-d81b-4250-bf7c-b3eb1c130cc4@group-0FA4EDB76208-SegmentedRaftLog:OPENED:c-1,f-1,i0, conf=-1: [0e723869-d81b-4250-bf7c-b3eb1c130cc4:192.168.164.201:41994, a20d02fb-e889-4888-8041-7f0d463e97dc:192.168.164.201:39512, de4dd1fb-8e89-4d8f-a94c-eecd5ba9e4a0:192.168.164.201:35026], old=null
2019-10-17 20:24:13,904 [0e723869-d81b-4250-bf7c-b3eb1c130cc4@group-0FA4EDB76208-LeaderElection30] INFO  impl.RaftServerImpl (RaftServerImpl.java:setRole(184)) - 0e723869-d81b-4250-bf7c-b3eb1c130cc4@group-0FA4EDB76208: changes role from CANDIDATE to FOLLOWER at term 16 for DISCOVERED_A_NEW_TERM
2019-10-17 20:24:13,905 [0e723869-d81b-4250-bf7c-b3eb1c130cc4@group-0FA4EDB76208-LeaderElection30] INFO  impl.RoleInfo (RoleInfo.java:shutdownLeaderElection(134)) - 0e723869-d81b-4250-bf7c-b3eb1c130cc4: shutdown LeaderElection
2019-10-17 20:24:13,905 [0e723869-d81b-4250-bf7c-b3eb1c130cc4@group-0FA4EDB76208-LeaderElection30] INFO  impl.RoleInfo (RoleInfo.java:updateAndGet(143)) - 0e723869-d81b-4250-bf7c-b3eb1c130cc4: start FollowerState
2019-10-17 20:24:13,931 [Thread-463] INFO  rpc.RpcClient (RpcClient.java:createVolume(272)) - Creating Volume: volume11924, with user73293 as owner.
2019-10-17 20:24:13,934 [IPC Server handler 16 on 46470] INFO  volume.OMVolumeCreateRequest (OMVolumeCreateRequest.java:validateAndUpdateCache(193)) - created volume:volume11924 for user:user73293
2019-10-17 20:24:13,936 [Thread-463] INFO  rpc.RpcClient (RpcClient.java:createBucket(411)) - Creating Bucket: volume11924/bucket53895, with Versioning false and Storage Type set to DISK and Encryption set to false 
2019-10-17 20:24:14,004 [Thread-464] INFO  impl.FollowerState (FollowerState.java:run(108)) - 0e723869-d81b-4250-bf7c-b3eb1c130cc4@group-0FA4EDB76208-FollowerState: change to CANDIDATE, lastRpcTime:99ms, electionTimeout:99ms
2019-10-17 20:24:14,005 [Thread-464] INFO  impl.RoleInfo (RoleInfo.java:shutdownFollowerState(121)) - 0e723869-d81b-4250-bf7c-b3eb1c130cc4: shutdown FollowerState
2019-10-17 20:24:14,005 [Thread-464] INFO  impl.RaftServerImpl (RaftServerImpl.java:setRole(184)) - 0e723869-d81b-4250-bf7c-b3eb1c130cc4@group-0FA4EDB76208: changes role from  FOLLOWER to CANDIDATE at term 16 for changeToCandidate
2019-10-17 20:24:14,005 [Thread-464] INFO  impl.RoleInfo (RoleInfo.java:updateAndGet(143)) - 0e723869-d81b-4250-bf7c-b3eb1c130cc4: start LeaderElection
2019-10-17 20:24:14,008 [Thread-463] INFO  contract.AbstractFSContractTestBase (AbstractFSContractTestBase.java:setup(184)) - Test filesystem = o3fs://bucket53895.volume11924 implemented by OzoneFileSystem{URI=o3fs://bucket53895.volume11924, workingDir=o3fs://bucket53895.volume11924/user/jenkins1000, userName=jenkins1000, statistics=0 bytes read, 0 bytes written, 27 read ops, 0 large read ops, 18 write ops}
2019-10-17 20:24:14,014 [IPC Server handler 3 on 39481] WARN  block.BlockManagerImpl (BlockManagerImpl.java:allocateBlock(200)) - Pipeline creation failed for type:RATIS factor:THREE. Retrying get pipelines call once.
org.apache.hadoop.hdds.scm.pipeline.InsufficientDatanodesException: Cannot create pipeline of factor 3 using 2 nodes.
	at org.apache.hadoop.hdds.scm.pipeline.RatisPipelineProvider.create(RatisPipelineProvider.java:153)
	at org.apache.hadoop.hdds.scm.pipeline.PipelineFactory.create(PipelineFactory.java:58)
	at org.apache.hadoop.hdds.scm.pipeline.SCMPipelineManager.createPipeline(SCMPipelineManager.java:155)
	at org.apache.hadoop.hdds.scm.block.BlockManagerImpl.allocateBlock(BlockManagerImpl.java:198)
	at org.apache.hadoop.hdds.scm.server.SCMBlockProtocolServer.allocateBlock(SCMBlockProtocolServer.java:182)
	at org.apache.hadoop.hdds.scm.protocol.ScmBlockLocationProtocolServerSideTranslatorPB.allocateScmBlock(ScmBlockLocationProtocolServerSideTranslatorPB.java:159)
	at org.apache.hadoop.hdds.scm.protocol.ScmBlockLocationProtocolServerSideTranslatorPB.processMessage(ScmBlockLocationProtocolServerSideTranslatorPB.java:117)
	at org.apache.hadoop.hdds.server.OzoneProtocolMessageDispatcher.processRequest(OzoneProtocolMessageDispatcher.java:72)
	at org.apache.hadoop.hdds.scm.protocol.ScmBlockLocationProtocolServerSideTranslatorPB.send(ScmBlockLocationProtocolServerSideTranslatorPB.java:98)
	at org.apache.hadoop.hdds.protocol.proto.ScmBlockLocationProtocolProtos$ScmBlockLocationProtocolService$2.callBlockingMethod(ScmBlockLocationProtocolProtos.java:13157)
	at org.apache.hadoop.ipc.ProtobufRpcEngine$Server$ProtoBufRpcInvoker.call(ProtobufRpcEngine.java:524)
	at org.apache.hadoop.ipc.RPC$Server.call(RPC.java:1025)
	at org.apache.hadoop.ipc.Server$RpcCall.run(Server.java:876)
	at org.apache.hadoop.ipc.Server$RpcCall.run(Server.java:822)
	at java.security.AccessController.doPrivileged(Native Method)
	at javax.security.auth.Subject.doAs(Subject.java:422)
	at org.apache.hadoop.security.UserGroupInformation.doAs(UserGroupInformation.java:1730)
	at org.apache.hadoop.ipc.Server$Handler.run(Server.java:2682)
2019-10-17 20:24:14,014 [IPC Server handler 3 on 39481] INFO  block.BlockManagerImpl (BlockManagerImpl.java:allocateBlock(212)) - Could not find available pipeline of type:RATIS and factor:THREE even after retrying
2019-10-17 20:24:14,014 [IPC Server handler 3 on 39481] ERROR block.BlockManagerImpl (BlockManagerImpl.java:allocateBlock(236)) - Unable to allocate a block for the size: 4194304, type: RATIS, factor: THREE
]]></system-out>
  </testcase>
  <testcase name="testReadAtExactEOF" classname="org.apache.hadoop.fs.ozone.contract.ITestOzoneContractSeek" time="0.129">
    <error message="Allocated 0 blocks. Requested 1 blocks" type="INTERNAL_ERROR org.apache.hadoop.ozone.om.exceptions.OMException">INTERNAL_ERROR org.apache.hadoop.ozone.om.exceptions.OMException: Allocated 0 blocks. Requested 1 blocks
	at org.apache.hadoop.ozone.om.protocolPB.OzoneManagerProtocolClientSideTranslatorPB.handleError(OzoneManagerProtocolClientSideTranslatorPB.java:732)
	at org.apache.hadoop.ozone.om.protocolPB.OzoneManagerProtocolClientSideTranslatorPB.createFile(OzoneManagerProtocolClientSideTranslatorPB.java:1536)
	at sun.reflect.NativeMethodAccessorImpl.invoke0(Native Method)
	at sun.reflect.NativeMethodAccessorImpl.invoke(NativeMethodAccessorImpl.java:62)
	at sun.reflect.DelegatingMethodAccessorImpl.invoke(DelegatingMethodAccessorImpl.java:43)
	at java.lang.reflect.Method.invoke(Method.java:498)
	at org.apache.hadoop.hdds.tracing.TraceAllMethod.invoke(TraceAllMethod.java:66)
	at com.sun.proxy.$Proxy41.createFile(Unknown Source)
	at org.apache.hadoop.ozone.client.rpc.RpcClient.createFile(RpcClient.java:1006)
	at org.apache.hadoop.ozone.client.OzoneBucket.createFile(OzoneBucket.java:537)
	at org.apache.hadoop.fs.ozone.BasicOzoneClientAdapterImpl.createFile(BasicOzoneClientAdapterImpl.java:208)
	at org.apache.hadoop.fs.ozone.BasicOzoneFileSystem.createOutputStream(BasicOzoneFileSystem.java:250)
	at org.apache.hadoop.fs.ozone.BasicOzoneFileSystem.create(BasicOzoneFileSystem.java:231)
	at org.apache.hadoop.fs.FileSystem.create(FileSystem.java:1118)
	at org.apache.hadoop.fs.FileSystem.create(FileSystem.java:1098)
	at org.apache.hadoop.fs.FileSystem.create(FileSystem.java:987)
	at org.apache.hadoop.fs.contract.ContractTestUtils.createFile(ContractTestUtils.java:633)
	at org.apache.hadoop.fs.contract.AbstractContractSeekTest.setup(AbstractContractSeekTest.java:64)
	at sun.reflect.NativeMethodAccessorImpl.invoke0(Native Method)
	at sun.reflect.NativeMethodAccessorImpl.invoke(NativeMethodAccessorImpl.java:62)
	at sun.reflect.DelegatingMethodAccessorImpl.invoke(DelegatingMethodAccessorImpl.java:43)
	at java.lang.reflect.Method.invoke(Method.java:498)
	at org.junit.runners.model.FrameworkMethod$1.runReflectiveCall(FrameworkMethod.java:47)
	at org.junit.internal.runners.model.ReflectiveCallable.run(ReflectiveCallable.java:12)
	at org.junit.runners.model.FrameworkMethod.invokeExplosively(FrameworkMethod.java:44)
	at org.junit.internal.runners.statements.RunBefores.evaluate(RunBefores.java:24)
	at org.junit.internal.runners.statements.RunAfters.evaluate(RunAfters.java:27)
	at org.junit.rules.TestWatcher$1.evaluate(TestWatcher.java:55)
	at org.junit.internal.runners.statements.FailOnTimeout$StatementThread.run(FailOnTimeout.java:74)
</error>
    <system-out><![CDATA[2019-10-17 20:24:14,036 [0e723869-d81b-4250-bf7c-b3eb1c130cc4@group-0FA4EDB76208-LeaderElection31] INFO  impl.LeaderElection (LeaderElection.java:askForVotes(178)) - 0e723869-d81b-4250-bf7c-b3eb1c130cc4@group-0FA4EDB76208-LeaderElection31: begin an election at term 17 for -1: [0e723869-d81b-4250-bf7c-b3eb1c130cc4:192.168.164.201:41994, a20d02fb-e889-4888-8041-7f0d463e97dc:192.168.164.201:39512, de4dd1fb-8e89-4d8f-a94c-eecd5ba9e4a0:192.168.164.201:35026], old=null
2019-10-17 20:24:14,039 [grpc-default-executor-3] INFO  impl.RaftServerImpl (RaftServerImpl.java:setRole(184)) - de4dd1fb-8e89-4d8f-a94c-eecd5ba9e4a0@group-0FA4EDB76208: changes role from  FOLLOWER to FOLLOWER at term 17 for recognizeCandidate:0e723869-d81b-4250-bf7c-b3eb1c130cc4
2019-10-17 20:24:14,039 [grpc-default-executor-7] INFO  impl.RaftServerImpl (RaftServerImpl.java:setRole(184)) - a20d02fb-e889-4888-8041-7f0d463e97dc@group-0FA4EDB76208: changes role from  FOLLOWER to FOLLOWER at term 17 for recognizeCandidate:0e723869-d81b-4250-bf7c-b3eb1c130cc4
2019-10-17 20:24:14,039 [grpc-default-executor-3] INFO  impl.RoleInfo (RoleInfo.java:shutdownFollowerState(121)) - de4dd1fb-8e89-4d8f-a94c-eecd5ba9e4a0: shutdown FollowerState
2019-10-17 20:24:14,039 [grpc-default-executor-7] INFO  impl.RoleInfo (RoleInfo.java:shutdownFollowerState(121)) - a20d02fb-e889-4888-8041-7f0d463e97dc: shutdown FollowerState
2019-10-17 20:24:14,040 [grpc-default-executor-3] INFO  impl.RoleInfo (RoleInfo.java:updateAndGet(143)) - de4dd1fb-8e89-4d8f-a94c-eecd5ba9e4a0: start FollowerState
2019-10-17 20:24:14,040 [Thread-461] INFO  impl.FollowerState (FollowerState.java:run(117)) - de4dd1fb-8e89-4d8f-a94c-eecd5ba9e4a0@group-0FA4EDB76208-FollowerState was interrupted: java.lang.InterruptedException: sleep interrupted
2019-10-17 20:24:14,040 [Thread-462] INFO  impl.FollowerState (FollowerState.java:run(117)) - a20d02fb-e889-4888-8041-7f0d463e97dc@group-0FA4EDB76208-FollowerState was interrupted: java.lang.InterruptedException: sleep interrupted
2019-10-17 20:24:14,040 [grpc-default-executor-7] INFO  impl.RoleInfo (RoleInfo.java:updateAndGet(143)) - a20d02fb-e889-4888-8041-7f0d463e97dc: start FollowerState
2019-10-17 20:24:14,063 [0e723869-d81b-4250-bf7c-b3eb1c130cc4@group-0FA4EDB76208-LeaderElection31] INFO  impl.LeaderElection (LeaderElection.java:logAndReturn(56)) - 0e723869-d81b-4250-bf7c-b3eb1c130cc4@group-0FA4EDB76208-LeaderElection31: Election REJECTED; received 2 response(s) [0e723869-d81b-4250-bf7c-b3eb1c130cc4<-a20d02fb-e889-4888-8041-7f0d463e97dc#0:FAIL-t17, 0e723869-d81b-4250-bf7c-b3eb1c130cc4<-de4dd1fb-8e89-4d8f-a94c-eecd5ba9e4a0#0:FAIL-t17] and 0 exception(s); 0e723869-d81b-4250-bf7c-b3eb1c130cc4@group-0FA4EDB76208:t17, leader=null, voted=0e723869-d81b-4250-bf7c-b3eb1c130cc4, raftlog=0e723869-d81b-4250-bf7c-b3eb1c130cc4@group-0FA4EDB76208-SegmentedRaftLog:OPENED:c-1,f-1,i0, conf=-1: [0e723869-d81b-4250-bf7c-b3eb1c130cc4:192.168.164.201:41994, a20d02fb-e889-4888-8041-7f0d463e97dc:192.168.164.201:39512, de4dd1fb-8e89-4d8f-a94c-eecd5ba9e4a0:192.168.164.201:35026], old=null
2019-10-17 20:24:14,063 [0e723869-d81b-4250-bf7c-b3eb1c130cc4@group-0FA4EDB76208-LeaderElection31] INFO  impl.RaftServerImpl (RaftServerImpl.java:setRole(184)) - 0e723869-d81b-4250-bf7c-b3eb1c130cc4@group-0FA4EDB76208: changes role from CANDIDATE to FOLLOWER at term 17 for DISCOVERED_A_NEW_TERM
2019-10-17 20:24:14,063 [0e723869-d81b-4250-bf7c-b3eb1c130cc4@group-0FA4EDB76208-LeaderElection31] INFO  impl.RoleInfo (RoleInfo.java:shutdownLeaderElection(134)) - 0e723869-d81b-4250-bf7c-b3eb1c130cc4: shutdown LeaderElection
2019-10-17 20:24:14,063 [0e723869-d81b-4250-bf7c-b3eb1c130cc4@group-0FA4EDB76208-LeaderElection31] INFO  impl.RoleInfo (RoleInfo.java:updateAndGet(143)) - 0e723869-d81b-4250-bf7c-b3eb1c130cc4: start FollowerState
2019-10-17 20:24:14,078 [Thread-467] INFO  rpc.RpcClient (RpcClient.java:createVolume(272)) - Creating Volume: volume23953, with user96981 as owner.
2019-10-17 20:24:14,080 [IPC Server handler 19 on 46470] INFO  volume.OMVolumeCreateRequest (OMVolumeCreateRequest.java:validateAndUpdateCache(193)) - created volume:volume23953 for user:user96981
2019-10-17 20:24:14,083 [Thread-467] INFO  rpc.RpcClient (RpcClient.java:createBucket(411)) - Creating Bucket: volume23953/bucket50865, with Versioning false and Storage Type set to DISK and Encryption set to false 
2019-10-17 20:24:14,133 [Thread-472] INFO  impl.FollowerState (FollowerState.java:run(108)) - 0e723869-d81b-4250-bf7c-b3eb1c130cc4@group-0FA4EDB76208-FollowerState: change to CANDIDATE, lastRpcTime:69ms, electionTimeout:69ms
2019-10-17 20:24:14,133 [Thread-472] INFO  impl.RoleInfo (RoleInfo.java:shutdownFollowerState(121)) - 0e723869-d81b-4250-bf7c-b3eb1c130cc4: shutdown FollowerState
2019-10-17 20:24:14,133 [Thread-472] INFO  impl.RaftServerImpl (RaftServerImpl.java:setRole(184)) - 0e723869-d81b-4250-bf7c-b3eb1c130cc4@group-0FA4EDB76208: changes role from  FOLLOWER to CANDIDATE at term 17 for changeToCandidate
2019-10-17 20:24:14,134 [Thread-472] INFO  impl.RoleInfo (RoleInfo.java:updateAndGet(143)) - 0e723869-d81b-4250-bf7c-b3eb1c130cc4: start LeaderElection
2019-10-17 20:24:14,137 [Thread-467] INFO  contract.AbstractFSContractTestBase (AbstractFSContractTestBase.java:setup(184)) - Test filesystem = o3fs://bucket50865.volume23953 implemented by OzoneFileSystem{URI=o3fs://bucket50865.volume23953, workingDir=o3fs://bucket50865.volume23953/user/jenkins1000, userName=jenkins1000, statistics=0 bytes read, 0 bytes written, 30 read ops, 0 large read ops, 20 write ops}
2019-10-17 20:24:14,148 [IPC Server handler 7 on 39481] WARN  block.BlockManagerImpl (BlockManagerImpl.java:allocateBlock(200)) - Pipeline creation failed for type:RATIS factor:THREE. Retrying get pipelines call once.
org.apache.hadoop.hdds.scm.pipeline.InsufficientDatanodesException: Cannot create pipeline of factor 3 using 2 nodes.
	at org.apache.hadoop.hdds.scm.pipeline.RatisPipelineProvider.create(RatisPipelineProvider.java:153)
	at org.apache.hadoop.hdds.scm.pipeline.PipelineFactory.create(PipelineFactory.java:58)
	at org.apache.hadoop.hdds.scm.pipeline.SCMPipelineManager.createPipeline(SCMPipelineManager.java:155)
	at org.apache.hadoop.hdds.scm.block.BlockManagerImpl.allocateBlock(BlockManagerImpl.java:198)
	at org.apache.hadoop.hdds.scm.server.SCMBlockProtocolServer.allocateBlock(SCMBlockProtocolServer.java:182)
	at org.apache.hadoop.hdds.scm.protocol.ScmBlockLocationProtocolServerSideTranslatorPB.allocateScmBlock(ScmBlockLocationProtocolServerSideTranslatorPB.java:159)
	at org.apache.hadoop.hdds.scm.protocol.ScmBlockLocationProtocolServerSideTranslatorPB.processMessage(ScmBlockLocationProtocolServerSideTranslatorPB.java:117)
	at org.apache.hadoop.hdds.server.OzoneProtocolMessageDispatcher.processRequest(OzoneProtocolMessageDispatcher.java:72)
	at org.apache.hadoop.hdds.scm.protocol.ScmBlockLocationProtocolServerSideTranslatorPB.send(ScmBlockLocationProtocolServerSideTranslatorPB.java:98)
	at org.apache.hadoop.hdds.protocol.proto.ScmBlockLocationProtocolProtos$ScmBlockLocationProtocolService$2.callBlockingMethod(ScmBlockLocationProtocolProtos.java:13157)
	at org.apache.hadoop.ipc.ProtobufRpcEngine$Server$ProtoBufRpcInvoker.call(ProtobufRpcEngine.java:524)
	at org.apache.hadoop.ipc.RPC$Server.call(RPC.java:1025)
	at org.apache.hadoop.ipc.Server$RpcCall.run(Server.java:876)
	at org.apache.hadoop.ipc.Server$RpcCall.run(Server.java:822)
	at java.security.AccessController.doPrivileged(Native Method)
	at javax.security.auth.Subject.doAs(Subject.java:422)
	at org.apache.hadoop.security.UserGroupInformation.doAs(UserGroupInformation.java:1730)
	at org.apache.hadoop.ipc.Server$Handler.run(Server.java:2682)
2019-10-17 20:24:14,148 [IPC Server handler 7 on 39481] INFO  block.BlockManagerImpl (BlockManagerImpl.java:allocateBlock(212)) - Could not find available pipeline of type:RATIS and factor:THREE even after retrying
2019-10-17 20:24:14,148 [IPC Server handler 7 on 39481] ERROR block.BlockManagerImpl (BlockManagerImpl.java:allocateBlock(236)) - Unable to allocate a block for the size: 4194304, type: RATIS, factor: THREE
]]></system-out>
  </testcase>
  <testcase name="testReadNullBuffer" classname="org.apache.hadoop.fs.ozone.contract.ITestOzoneContractSeek" time="0.144">
    <error message="Allocated 0 blocks. Requested 1 blocks" type="INTERNAL_ERROR org.apache.hadoop.ozone.om.exceptions.OMException">INTERNAL_ERROR org.apache.hadoop.ozone.om.exceptions.OMException: Allocated 0 blocks. Requested 1 blocks
	at org.apache.hadoop.ozone.om.protocolPB.OzoneManagerProtocolClientSideTranslatorPB.handleError(OzoneManagerProtocolClientSideTranslatorPB.java:732)
	at org.apache.hadoop.ozone.om.protocolPB.OzoneManagerProtocolClientSideTranslatorPB.createFile(OzoneManagerProtocolClientSideTranslatorPB.java:1536)
	at sun.reflect.NativeMethodAccessorImpl.invoke0(Native Method)
	at sun.reflect.NativeMethodAccessorImpl.invoke(NativeMethodAccessorImpl.java:62)
	at sun.reflect.DelegatingMethodAccessorImpl.invoke(DelegatingMethodAccessorImpl.java:43)
	at java.lang.reflect.Method.invoke(Method.java:498)
	at org.apache.hadoop.hdds.tracing.TraceAllMethod.invoke(TraceAllMethod.java:66)
	at com.sun.proxy.$Proxy41.createFile(Unknown Source)
	at org.apache.hadoop.ozone.client.rpc.RpcClient.createFile(RpcClient.java:1006)
	at org.apache.hadoop.ozone.client.OzoneBucket.createFile(OzoneBucket.java:537)
	at org.apache.hadoop.fs.ozone.BasicOzoneClientAdapterImpl.createFile(BasicOzoneClientAdapterImpl.java:208)
	at org.apache.hadoop.fs.ozone.BasicOzoneFileSystem.createOutputStream(BasicOzoneFileSystem.java:250)
	at org.apache.hadoop.fs.ozone.BasicOzoneFileSystem.create(BasicOzoneFileSystem.java:231)
	at org.apache.hadoop.fs.FileSystem.create(FileSystem.java:1118)
	at org.apache.hadoop.fs.FileSystem.create(FileSystem.java:1098)
	at org.apache.hadoop.fs.FileSystem.create(FileSystem.java:987)
	at org.apache.hadoop.fs.contract.ContractTestUtils.createFile(ContractTestUtils.java:633)
	at org.apache.hadoop.fs.contract.AbstractContractSeekTest.setup(AbstractContractSeekTest.java:64)
	at sun.reflect.NativeMethodAccessorImpl.invoke0(Native Method)
	at sun.reflect.NativeMethodAccessorImpl.invoke(NativeMethodAccessorImpl.java:62)
	at sun.reflect.DelegatingMethodAccessorImpl.invoke(DelegatingMethodAccessorImpl.java:43)
	at java.lang.reflect.Method.invoke(Method.java:498)
	at org.junit.runners.model.FrameworkMethod$1.runReflectiveCall(FrameworkMethod.java:47)
	at org.junit.internal.runners.model.ReflectiveCallable.run(ReflectiveCallable.java:12)
	at org.junit.runners.model.FrameworkMethod.invokeExplosively(FrameworkMethod.java:44)
	at org.junit.internal.runners.statements.RunBefores.evaluate(RunBefores.java:24)
	at org.junit.internal.runners.statements.RunAfters.evaluate(RunAfters.java:27)
	at org.junit.rules.TestWatcher$1.evaluate(TestWatcher.java:55)
	at org.junit.internal.runners.statements.FailOnTimeout$StatementThread.run(FailOnTimeout.java:74)
</error>
    <system-out><![CDATA[2019-10-17 20:24:14,162 [0e723869-d81b-4250-bf7c-b3eb1c130cc4@group-0FA4EDB76208-LeaderElection32] INFO  impl.LeaderElection (LeaderElection.java:askForVotes(178)) - 0e723869-d81b-4250-bf7c-b3eb1c130cc4@group-0FA4EDB76208-LeaderElection32: begin an election at term 18 for -1: [0e723869-d81b-4250-bf7c-b3eb1c130cc4:192.168.164.201:41994, a20d02fb-e889-4888-8041-7f0d463e97dc:192.168.164.201:39512, de4dd1fb-8e89-4d8f-a94c-eecd5ba9e4a0:192.168.164.201:35026], old=null
2019-10-17 20:24:14,166 [grpc-default-executor-7] INFO  impl.RaftServerImpl (RaftServerImpl.java:setRole(184)) - de4dd1fb-8e89-4d8f-a94c-eecd5ba9e4a0@group-0FA4EDB76208: changes role from  FOLLOWER to FOLLOWER at term 18 for recognizeCandidate:0e723869-d81b-4250-bf7c-b3eb1c130cc4
2019-10-17 20:24:14,166 [grpc-default-executor-3] INFO  impl.RaftServerImpl (RaftServerImpl.java:setRole(184)) - a20d02fb-e889-4888-8041-7f0d463e97dc@group-0FA4EDB76208: changes role from  FOLLOWER to FOLLOWER at term 18 for recognizeCandidate:0e723869-d81b-4250-bf7c-b3eb1c130cc4
2019-10-17 20:24:14,167 [grpc-default-executor-7] INFO  impl.RoleInfo (RoleInfo.java:shutdownFollowerState(121)) - de4dd1fb-8e89-4d8f-a94c-eecd5ba9e4a0: shutdown FollowerState
2019-10-17 20:24:14,167 [grpc-default-executor-3] INFO  impl.RoleInfo (RoleInfo.java:shutdownFollowerState(121)) - a20d02fb-e889-4888-8041-7f0d463e97dc: shutdown FollowerState
2019-10-17 20:24:14,167 [Thread-470] INFO  impl.FollowerState (FollowerState.java:run(117)) - de4dd1fb-8e89-4d8f-a94c-eecd5ba9e4a0@group-0FA4EDB76208-FollowerState was interrupted: java.lang.InterruptedException: sleep interrupted
2019-10-17 20:24:14,167 [Thread-471] INFO  impl.FollowerState (FollowerState.java:run(117)) - a20d02fb-e889-4888-8041-7f0d463e97dc@group-0FA4EDB76208-FollowerState was interrupted: java.lang.InterruptedException: sleep interrupted
2019-10-17 20:24:14,167 [grpc-default-executor-7] INFO  impl.RoleInfo (RoleInfo.java:updateAndGet(143)) - de4dd1fb-8e89-4d8f-a94c-eecd5ba9e4a0: start FollowerState
2019-10-17 20:24:14,167 [grpc-default-executor-3] INFO  impl.RoleInfo (RoleInfo.java:updateAndGet(143)) - a20d02fb-e889-4888-8041-7f0d463e97dc: start FollowerState
2019-10-17 20:24:14,198 [0e723869-d81b-4250-bf7c-b3eb1c130cc4@group-0FA4EDB76208-LeaderElection32] INFO  impl.LeaderElection (LeaderElection.java:logAndReturn(56)) - 0e723869-d81b-4250-bf7c-b3eb1c130cc4@group-0FA4EDB76208-LeaderElection32: Election REJECTED; received 2 response(s) [0e723869-d81b-4250-bf7c-b3eb1c130cc4<-a20d02fb-e889-4888-8041-7f0d463e97dc#0:FAIL-t18, 0e723869-d81b-4250-bf7c-b3eb1c130cc4<-de4dd1fb-8e89-4d8f-a94c-eecd5ba9e4a0#0:FAIL-t18] and 0 exception(s); 0e723869-d81b-4250-bf7c-b3eb1c130cc4@group-0FA4EDB76208:t18, leader=null, voted=0e723869-d81b-4250-bf7c-b3eb1c130cc4, raftlog=0e723869-d81b-4250-bf7c-b3eb1c130cc4@group-0FA4EDB76208-SegmentedRaftLog:OPENED:c-1,f-1,i0, conf=-1: [0e723869-d81b-4250-bf7c-b3eb1c130cc4:192.168.164.201:41994, a20d02fb-e889-4888-8041-7f0d463e97dc:192.168.164.201:39512, de4dd1fb-8e89-4d8f-a94c-eecd5ba9e4a0:192.168.164.201:35026], old=null
2019-10-17 20:24:14,198 [0e723869-d81b-4250-bf7c-b3eb1c130cc4@group-0FA4EDB76208-LeaderElection32] INFO  impl.RaftServerImpl (RaftServerImpl.java:setRole(184)) - 0e723869-d81b-4250-bf7c-b3eb1c130cc4@group-0FA4EDB76208: changes role from CANDIDATE to FOLLOWER at term 18 for DISCOVERED_A_NEW_TERM
2019-10-17 20:24:14,198 [0e723869-d81b-4250-bf7c-b3eb1c130cc4@group-0FA4EDB76208-LeaderElection32] INFO  impl.RoleInfo (RoleInfo.java:shutdownLeaderElection(134)) - 0e723869-d81b-4250-bf7c-b3eb1c130cc4: shutdown LeaderElection
2019-10-17 20:24:14,199 [0e723869-d81b-4250-bf7c-b3eb1c130cc4@group-0FA4EDB76208-LeaderElection32] INFO  impl.RoleInfo (RoleInfo.java:updateAndGet(143)) - 0e723869-d81b-4250-bf7c-b3eb1c130cc4: start FollowerState
2019-10-17 20:24:14,224 [Thread-475] INFO  rpc.RpcClient (RpcClient.java:createVolume(272)) - Creating Volume: volume00552, with user64874 as owner.
2019-10-17 20:24:14,227 [IPC Server handler 5 on 46470] INFO  volume.OMVolumeCreateRequest (OMVolumeCreateRequest.java:validateAndUpdateCache(193)) - created volume:volume00552 for user:user64874
2019-10-17 20:24:14,230 [Thread-480] INFO  impl.FollowerState (FollowerState.java:run(108)) - 0e723869-d81b-4250-bf7c-b3eb1c130cc4@group-0FA4EDB76208-FollowerState: change to CANDIDATE, lastRpcTime:31ms, electionTimeout:31ms
2019-10-17 20:24:14,230 [Thread-475] INFO  rpc.RpcClient (RpcClient.java:createBucket(411)) - Creating Bucket: volume00552/bucket56093, with Versioning false and Storage Type set to DISK and Encryption set to false 
2019-10-17 20:24:14,230 [Thread-480] INFO  impl.RoleInfo (RoleInfo.java:shutdownFollowerState(121)) - 0e723869-d81b-4250-bf7c-b3eb1c130cc4: shutdown FollowerState
2019-10-17 20:24:14,231 [Thread-480] INFO  impl.RaftServerImpl (RaftServerImpl.java:setRole(184)) - 0e723869-d81b-4250-bf7c-b3eb1c130cc4@group-0FA4EDB76208: changes role from  FOLLOWER to CANDIDATE at term 18 for changeToCandidate
2019-10-17 20:24:14,231 [Thread-480] INFO  impl.RoleInfo (RoleInfo.java:updateAndGet(143)) - 0e723869-d81b-4250-bf7c-b3eb1c130cc4: start LeaderElection
2019-10-17 20:24:14,262 [0e723869-d81b-4250-bf7c-b3eb1c130cc4@group-0FA4EDB76208-LeaderElection33] INFO  impl.LeaderElection (LeaderElection.java:askForVotes(178)) - 0e723869-d81b-4250-bf7c-b3eb1c130cc4@group-0FA4EDB76208-LeaderElection33: begin an election at term 19 for -1: [0e723869-d81b-4250-bf7c-b3eb1c130cc4:192.168.164.201:41994, a20d02fb-e889-4888-8041-7f0d463e97dc:192.168.164.201:39512, de4dd1fb-8e89-4d8f-a94c-eecd5ba9e4a0:192.168.164.201:35026], old=null
2019-10-17 20:24:14,266 [grpc-default-executor-3] INFO  impl.RaftServerImpl (RaftServerImpl.java:setRole(184)) - de4dd1fb-8e89-4d8f-a94c-eecd5ba9e4a0@group-0FA4EDB76208: changes role from  FOLLOWER to FOLLOWER at term 19 for recognizeCandidate:0e723869-d81b-4250-bf7c-b3eb1c130cc4
2019-10-17 20:24:14,266 [grpc-default-executor-7] INFO  impl.RaftServerImpl (RaftServerImpl.java:setRole(184)) - a20d02fb-e889-4888-8041-7f0d463e97dc@group-0FA4EDB76208: changes role from  FOLLOWER to FOLLOWER at term 19 for recognizeCandidate:0e723869-d81b-4250-bf7c-b3eb1c130cc4
2019-10-17 20:24:14,266 [grpc-default-executor-3] INFO  impl.RoleInfo (RoleInfo.java:shutdownFollowerState(121)) - de4dd1fb-8e89-4d8f-a94c-eecd5ba9e4a0: shutdown FollowerState
2019-10-17 20:24:14,266 [grpc-default-executor-7] INFO  impl.RoleInfo (RoleInfo.java:shutdownFollowerState(121)) - a20d02fb-e889-4888-8041-7f0d463e97dc: shutdown FollowerState
2019-10-17 20:24:14,266 [grpc-default-executor-3] INFO  impl.RoleInfo (RoleInfo.java:updateAndGet(143)) - de4dd1fb-8e89-4d8f-a94c-eecd5ba9e4a0: start FollowerState
2019-10-17 20:24:14,266 [grpc-default-executor-7] INFO  impl.RoleInfo (RoleInfo.java:updateAndGet(143)) - a20d02fb-e889-4888-8041-7f0d463e97dc: start FollowerState
2019-10-17 20:24:14,266 [Thread-478] INFO  impl.FollowerState (FollowerState.java:run(117)) - de4dd1fb-8e89-4d8f-a94c-eecd5ba9e4a0@group-0FA4EDB76208-FollowerState was interrupted: java.lang.InterruptedException: sleep interrupted
2019-10-17 20:24:14,266 [Thread-479] INFO  impl.FollowerState (FollowerState.java:run(117)) - a20d02fb-e889-4888-8041-7f0d463e97dc@group-0FA4EDB76208-FollowerState was interrupted: java.lang.InterruptedException: sleep interrupted
2019-10-17 20:24:14,286 [Thread-475] INFO  contract.AbstractFSContractTestBase (AbstractFSContractTestBase.java:setup(184)) - Test filesystem = o3fs://bucket56093.volume00552 implemented by OzoneFileSystem{URI=o3fs://bucket56093.volume00552, workingDir=o3fs://bucket56093.volume00552/user/jenkins1000, userName=jenkins1000, statistics=0 bytes read, 0 bytes written, 33 read ops, 0 large read ops, 22 write ops}
2019-10-17 20:24:14,289 [0e723869-d81b-4250-bf7c-b3eb1c130cc4@group-0FA4EDB76208-LeaderElection33] INFO  impl.LeaderElection (LeaderElection.java:logAndReturn(56)) - 0e723869-d81b-4250-bf7c-b3eb1c130cc4@group-0FA4EDB76208-LeaderElection33: Election REJECTED; received 2 response(s) [0e723869-d81b-4250-bf7c-b3eb1c130cc4<-a20d02fb-e889-4888-8041-7f0d463e97dc#0:FAIL-t19, 0e723869-d81b-4250-bf7c-b3eb1c130cc4<-de4dd1fb-8e89-4d8f-a94c-eecd5ba9e4a0#0:FAIL-t19] and 0 exception(s); 0e723869-d81b-4250-bf7c-b3eb1c130cc4@group-0FA4EDB76208:t19, leader=null, voted=0e723869-d81b-4250-bf7c-b3eb1c130cc4, raftlog=0e723869-d81b-4250-bf7c-b3eb1c130cc4@group-0FA4EDB76208-SegmentedRaftLog:OPENED:c-1,f-1,i0, conf=-1: [0e723869-d81b-4250-bf7c-b3eb1c130cc4:192.168.164.201:41994, a20d02fb-e889-4888-8041-7f0d463e97dc:192.168.164.201:39512, de4dd1fb-8e89-4d8f-a94c-eecd5ba9e4a0:192.168.164.201:35026], old=null
2019-10-17 20:24:14,289 [0e723869-d81b-4250-bf7c-b3eb1c130cc4@group-0FA4EDB76208-LeaderElection33] INFO  impl.RaftServerImpl (RaftServerImpl.java:setRole(184)) - 0e723869-d81b-4250-bf7c-b3eb1c130cc4@group-0FA4EDB76208: changes role from CANDIDATE to FOLLOWER at term 19 for DISCOVERED_A_NEW_TERM
2019-10-17 20:24:14,289 [0e723869-d81b-4250-bf7c-b3eb1c130cc4@group-0FA4EDB76208-LeaderElection33] INFO  impl.RoleInfo (RoleInfo.java:shutdownLeaderElection(134)) - 0e723869-d81b-4250-bf7c-b3eb1c130cc4: shutdown LeaderElection
2019-10-17 20:24:14,289 [0e723869-d81b-4250-bf7c-b3eb1c130cc4@group-0FA4EDB76208-LeaderElection33] INFO  impl.RoleInfo (RoleInfo.java:updateAndGet(143)) - 0e723869-d81b-4250-bf7c-b3eb1c130cc4: start FollowerState
2019-10-17 20:24:14,291 [IPC Server handler 2 on 39481] WARN  block.BlockManagerImpl (BlockManagerImpl.java:allocateBlock(200)) - Pipeline creation failed for type:RATIS factor:THREE. Retrying get pipelines call once.
org.apache.hadoop.hdds.scm.pipeline.InsufficientDatanodesException: Cannot create pipeline of factor 3 using 2 nodes.
	at org.apache.hadoop.hdds.scm.pipeline.RatisPipelineProvider.create(RatisPipelineProvider.java:153)
	at org.apache.hadoop.hdds.scm.pipeline.PipelineFactory.create(PipelineFactory.java:58)
	at org.apache.hadoop.hdds.scm.pipeline.SCMPipelineManager.createPipeline(SCMPipelineManager.java:155)
	at org.apache.hadoop.hdds.scm.block.BlockManagerImpl.allocateBlock(BlockManagerImpl.java:198)
	at org.apache.hadoop.hdds.scm.server.SCMBlockProtocolServer.allocateBlock(SCMBlockProtocolServer.java:182)
	at org.apache.hadoop.hdds.scm.protocol.ScmBlockLocationProtocolServerSideTranslatorPB.allocateScmBlock(ScmBlockLocationProtocolServerSideTranslatorPB.java:159)
	at org.apache.hadoop.hdds.scm.protocol.ScmBlockLocationProtocolServerSideTranslatorPB.processMessage(ScmBlockLocationProtocolServerSideTranslatorPB.java:117)
	at org.apache.hadoop.hdds.server.OzoneProtocolMessageDispatcher.processRequest(OzoneProtocolMessageDispatcher.java:72)
	at org.apache.hadoop.hdds.scm.protocol.ScmBlockLocationProtocolServerSideTranslatorPB.send(ScmBlockLocationProtocolServerSideTranslatorPB.java:98)
	at org.apache.hadoop.hdds.protocol.proto.ScmBlockLocationProtocolProtos$ScmBlockLocationProtocolService$2.callBlockingMethod(ScmBlockLocationProtocolProtos.java:13157)
	at org.apache.hadoop.ipc.ProtobufRpcEngine$Server$ProtoBufRpcInvoker.call(ProtobufRpcEngine.java:524)
	at org.apache.hadoop.ipc.RPC$Server.call(RPC.java:1025)
	at org.apache.hadoop.ipc.Server$RpcCall.run(Server.java:876)
	at org.apache.hadoop.ipc.Server$RpcCall.run(Server.java:822)
	at java.security.AccessController.doPrivileged(Native Method)
	at javax.security.auth.Subject.doAs(Subject.java:422)
	at org.apache.hadoop.security.UserGroupInformation.doAs(UserGroupInformation.java:1730)
	at org.apache.hadoop.ipc.Server$Handler.run(Server.java:2682)
2019-10-17 20:24:14,292 [IPC Server handler 2 on 39481] INFO  block.BlockManagerImpl (BlockManagerImpl.java:allocateBlock(212)) - Could not find available pipeline of type:RATIS and factor:THREE even after retrying
2019-10-17 20:24:14,292 [IPC Server handler 2 on 39481] ERROR block.BlockManagerImpl (BlockManagerImpl.java:allocateBlock(236)) - Unable to allocate a block for the size: 4194304, type: RATIS, factor: THREE
]]></system-out>
  </testcase>
  <testcase name="testNegativeSeek" classname="org.apache.hadoop.fs.ozone.contract.ITestOzoneContractSeek" time="0.109">
    <error message="Allocated 0 blocks. Requested 1 blocks" type="INTERNAL_ERROR org.apache.hadoop.ozone.om.exceptions.OMException">INTERNAL_ERROR org.apache.hadoop.ozone.om.exceptions.OMException: Allocated 0 blocks. Requested 1 blocks
	at org.apache.hadoop.ozone.om.protocolPB.OzoneManagerProtocolClientSideTranslatorPB.handleError(OzoneManagerProtocolClientSideTranslatorPB.java:732)
	at org.apache.hadoop.ozone.om.protocolPB.OzoneManagerProtocolClientSideTranslatorPB.createFile(OzoneManagerProtocolClientSideTranslatorPB.java:1536)
	at sun.reflect.NativeMethodAccessorImpl.invoke0(Native Method)
	at sun.reflect.NativeMethodAccessorImpl.invoke(NativeMethodAccessorImpl.java:62)
	at sun.reflect.DelegatingMethodAccessorImpl.invoke(DelegatingMethodAccessorImpl.java:43)
	at java.lang.reflect.Method.invoke(Method.java:498)
	at org.apache.hadoop.hdds.tracing.TraceAllMethod.invoke(TraceAllMethod.java:66)
	at com.sun.proxy.$Proxy41.createFile(Unknown Source)
	at org.apache.hadoop.ozone.client.rpc.RpcClient.createFile(RpcClient.java:1006)
	at org.apache.hadoop.ozone.client.OzoneBucket.createFile(OzoneBucket.java:537)
	at org.apache.hadoop.fs.ozone.BasicOzoneClientAdapterImpl.createFile(BasicOzoneClientAdapterImpl.java:208)
	at org.apache.hadoop.fs.ozone.BasicOzoneFileSystem.createOutputStream(BasicOzoneFileSystem.java:250)
	at org.apache.hadoop.fs.ozone.BasicOzoneFileSystem.create(BasicOzoneFileSystem.java:231)
	at org.apache.hadoop.fs.FileSystem.create(FileSystem.java:1118)
	at org.apache.hadoop.fs.FileSystem.create(FileSystem.java:1098)
	at org.apache.hadoop.fs.FileSystem.create(FileSystem.java:987)
	at org.apache.hadoop.fs.contract.ContractTestUtils.createFile(ContractTestUtils.java:633)
	at org.apache.hadoop.fs.contract.AbstractContractSeekTest.setup(AbstractContractSeekTest.java:64)
	at sun.reflect.NativeMethodAccessorImpl.invoke0(Native Method)
	at sun.reflect.NativeMethodAccessorImpl.invoke(NativeMethodAccessorImpl.java:62)
	at sun.reflect.DelegatingMethodAccessorImpl.invoke(DelegatingMethodAccessorImpl.java:43)
	at java.lang.reflect.Method.invoke(Method.java:498)
	at org.junit.runners.model.FrameworkMethod$1.runReflectiveCall(FrameworkMethod.java:47)
	at org.junit.internal.runners.model.ReflectiveCallable.run(ReflectiveCallable.java:12)
	at org.junit.runners.model.FrameworkMethod.invokeExplosively(FrameworkMethod.java:44)
	at org.junit.internal.runners.statements.RunBefores.evaluate(RunBefores.java:24)
	at org.junit.internal.runners.statements.RunAfters.evaluate(RunAfters.java:27)
	at org.junit.rules.TestWatcher$1.evaluate(TestWatcher.java:55)
	at org.junit.internal.runners.statements.FailOnTimeout$StatementThread.run(FailOnTimeout.java:74)
</error>
    <system-out><![CDATA[2019-10-17 20:24:14,310 [Thread-487] INFO  impl.FollowerState (FollowerState.java:run(108)) - 0e723869-d81b-4250-bf7c-b3eb1c130cc4@group-0FA4EDB76208-FollowerState: change to CANDIDATE, lastRpcTime:20ms, electionTimeout:20ms
2019-10-17 20:24:14,310 [Thread-487] INFO  impl.RoleInfo (RoleInfo.java:shutdownFollowerState(121)) - 0e723869-d81b-4250-bf7c-b3eb1c130cc4: shutdown FollowerState
2019-10-17 20:24:14,310 [Thread-487] INFO  impl.RaftServerImpl (RaftServerImpl.java:setRole(184)) - 0e723869-d81b-4250-bf7c-b3eb1c130cc4@group-0FA4EDB76208: changes role from  FOLLOWER to CANDIDATE at term 19 for changeToCandidate
2019-10-17 20:24:14,310 [Thread-487] INFO  impl.RoleInfo (RoleInfo.java:updateAndGet(143)) - 0e723869-d81b-4250-bf7c-b3eb1c130cc4: start LeaderElection
2019-10-17 20:24:14,338 [0e723869-d81b-4250-bf7c-b3eb1c130cc4@group-0FA4EDB76208-LeaderElection34] INFO  impl.LeaderElection (LeaderElection.java:askForVotes(178)) - 0e723869-d81b-4250-bf7c-b3eb1c130cc4@group-0FA4EDB76208-LeaderElection34: begin an election at term 20 for -1: [0e723869-d81b-4250-bf7c-b3eb1c130cc4:192.168.164.201:41994, a20d02fb-e889-4888-8041-7f0d463e97dc:192.168.164.201:39512, de4dd1fb-8e89-4d8f-a94c-eecd5ba9e4a0:192.168.164.201:35026], old=null
2019-10-17 20:24:14,341 [Thread-488] INFO  rpc.RpcClient (RpcClient.java:createVolume(272)) - Creating Volume: volume95139, with user94166 as owner.
2019-10-17 20:24:14,344 [IPC Server handler 8 on 46470] INFO  volume.OMVolumeCreateRequest (OMVolumeCreateRequest.java:validateAndUpdateCache(193)) - created volume:volume95139 for user:user94166
2019-10-17 20:24:14,344 [grpc-default-executor-3] INFO  impl.RaftServerImpl (RaftServerImpl.java:setRole(184)) - de4dd1fb-8e89-4d8f-a94c-eecd5ba9e4a0@group-0FA4EDB76208: changes role from  FOLLOWER to FOLLOWER at term 20 for recognizeCandidate:0e723869-d81b-4250-bf7c-b3eb1c130cc4
2019-10-17 20:24:14,344 [grpc-default-executor-7] INFO  impl.RaftServerImpl (RaftServerImpl.java:setRole(184)) - a20d02fb-e889-4888-8041-7f0d463e97dc@group-0FA4EDB76208: changes role from  FOLLOWER to FOLLOWER at term 20 for recognizeCandidate:0e723869-d81b-4250-bf7c-b3eb1c130cc4
2019-10-17 20:24:14,345 [grpc-default-executor-3] INFO  impl.RoleInfo (RoleInfo.java:shutdownFollowerState(121)) - de4dd1fb-8e89-4d8f-a94c-eecd5ba9e4a0: shutdown FollowerState
2019-10-17 20:24:14,345 [grpc-default-executor-7] INFO  impl.RoleInfo (RoleInfo.java:shutdownFollowerState(121)) - a20d02fb-e889-4888-8041-7f0d463e97dc: shutdown FollowerState
2019-10-17 20:24:14,345 [Thread-485] INFO  impl.FollowerState (FollowerState.java:run(117)) - de4dd1fb-8e89-4d8f-a94c-eecd5ba9e4a0@group-0FA4EDB76208-FollowerState was interrupted: java.lang.InterruptedException: sleep interrupted
2019-10-17 20:24:14,345 [grpc-default-executor-3] INFO  impl.RoleInfo (RoleInfo.java:updateAndGet(143)) - de4dd1fb-8e89-4d8f-a94c-eecd5ba9e4a0: start FollowerState
2019-10-17 20:24:14,345 [Thread-486] INFO  impl.FollowerState (FollowerState.java:run(117)) - a20d02fb-e889-4888-8041-7f0d463e97dc@group-0FA4EDB76208-FollowerState was interrupted: java.lang.InterruptedException: sleep interrupted
2019-10-17 20:24:14,345 [grpc-default-executor-7] INFO  impl.RoleInfo (RoleInfo.java:updateAndGet(143)) - a20d02fb-e889-4888-8041-7f0d463e97dc: start FollowerState
2019-10-17 20:24:14,347 [Thread-488] INFO  rpc.RpcClient (RpcClient.java:createBucket(411)) - Creating Bucket: volume95139/bucket01829, with Versioning false and Storage Type set to DISK and Encryption set to false 
2019-10-17 20:24:14,374 [0e723869-d81b-4250-bf7c-b3eb1c130cc4@group-0FA4EDB76208-LeaderElection34] INFO  impl.LeaderElection (LeaderElection.java:logAndReturn(56)) - 0e723869-d81b-4250-bf7c-b3eb1c130cc4@group-0FA4EDB76208-LeaderElection34: Election REJECTED; received 2 response(s) [0e723869-d81b-4250-bf7c-b3eb1c130cc4<-a20d02fb-e889-4888-8041-7f0d463e97dc#0:FAIL-t20, 0e723869-d81b-4250-bf7c-b3eb1c130cc4<-de4dd1fb-8e89-4d8f-a94c-eecd5ba9e4a0#0:FAIL-t20] and 0 exception(s); 0e723869-d81b-4250-bf7c-b3eb1c130cc4@group-0FA4EDB76208:t20, leader=null, voted=0e723869-d81b-4250-bf7c-b3eb1c130cc4, raftlog=0e723869-d81b-4250-bf7c-b3eb1c130cc4@group-0FA4EDB76208-SegmentedRaftLog:OPENED:c-1,f-1,i0, conf=-1: [0e723869-d81b-4250-bf7c-b3eb1c130cc4:192.168.164.201:41994, a20d02fb-e889-4888-8041-7f0d463e97dc:192.168.164.201:39512, de4dd1fb-8e89-4d8f-a94c-eecd5ba9e4a0:192.168.164.201:35026], old=null
2019-10-17 20:24:14,375 [0e723869-d81b-4250-bf7c-b3eb1c130cc4@group-0FA4EDB76208-LeaderElection34] INFO  impl.RaftServerImpl (RaftServerImpl.java:setRole(184)) - 0e723869-d81b-4250-bf7c-b3eb1c130cc4@group-0FA4EDB76208: changes role from CANDIDATE to FOLLOWER at term 20 for DISCOVERED_A_NEW_TERM
2019-10-17 20:24:14,375 [0e723869-d81b-4250-bf7c-b3eb1c130cc4@group-0FA4EDB76208-LeaderElection34] INFO  impl.RoleInfo (RoleInfo.java:shutdownLeaderElection(134)) - 0e723869-d81b-4250-bf7c-b3eb1c130cc4: shutdown LeaderElection
2019-10-17 20:24:14,375 [0e723869-d81b-4250-bf7c-b3eb1c130cc4@group-0FA4EDB76208-LeaderElection34] INFO  impl.RoleInfo (RoleInfo.java:updateAndGet(143)) - 0e723869-d81b-4250-bf7c-b3eb1c130cc4: start FollowerState
2019-10-17 20:24:14,390 [Thread-488] INFO  contract.AbstractFSContractTestBase (AbstractFSContractTestBase.java:setup(184)) - Test filesystem = o3fs://bucket01829.volume95139 implemented by OzoneFileSystem{URI=o3fs://bucket01829.volume95139, workingDir=o3fs://bucket01829.volume95139/user/jenkins1000, userName=jenkins1000, statistics=0 bytes read, 0 bytes written, 36 read ops, 0 large read ops, 24 write ops}
2019-10-17 20:24:14,400 [IPC Server handler 9 on 39481] WARN  block.BlockManagerImpl (BlockManagerImpl.java:allocateBlock(200)) - Pipeline creation failed for type:RATIS factor:THREE. Retrying get pipelines call once.
org.apache.hadoop.hdds.scm.pipeline.InsufficientDatanodesException: Cannot create pipeline of factor 3 using 2 nodes.
	at org.apache.hadoop.hdds.scm.pipeline.RatisPipelineProvider.create(RatisPipelineProvider.java:153)
	at org.apache.hadoop.hdds.scm.pipeline.PipelineFactory.create(PipelineFactory.java:58)
	at org.apache.hadoop.hdds.scm.pipeline.SCMPipelineManager.createPipeline(SCMPipelineManager.java:155)
	at org.apache.hadoop.hdds.scm.block.BlockManagerImpl.allocateBlock(BlockManagerImpl.java:198)
	at org.apache.hadoop.hdds.scm.server.SCMBlockProtocolServer.allocateBlock(SCMBlockProtocolServer.java:182)
	at org.apache.hadoop.hdds.scm.protocol.ScmBlockLocationProtocolServerSideTranslatorPB.allocateScmBlock(ScmBlockLocationProtocolServerSideTranslatorPB.java:159)
	at org.apache.hadoop.hdds.scm.protocol.ScmBlockLocationProtocolServerSideTranslatorPB.processMessage(ScmBlockLocationProtocolServerSideTranslatorPB.java:117)
	at org.apache.hadoop.hdds.server.OzoneProtocolMessageDispatcher.processRequest(OzoneProtocolMessageDispatcher.java:72)
	at org.apache.hadoop.hdds.scm.protocol.ScmBlockLocationProtocolServerSideTranslatorPB.send(ScmBlockLocationProtocolServerSideTranslatorPB.java:98)
	at org.apache.hadoop.hdds.protocol.proto.ScmBlockLocationProtocolProtos$ScmBlockLocationProtocolService$2.callBlockingMethod(ScmBlockLocationProtocolProtos.java:13157)
	at org.apache.hadoop.ipc.ProtobufRpcEngine$Server$ProtoBufRpcInvoker.call(ProtobufRpcEngine.java:524)
	at org.apache.hadoop.ipc.RPC$Server.call(RPC.java:1025)
	at org.apache.hadoop.ipc.Server$RpcCall.run(Server.java:876)
	at org.apache.hadoop.ipc.Server$RpcCall.run(Server.java:822)
	at java.security.AccessController.doPrivileged(Native Method)
	at javax.security.auth.Subject.doAs(Subject.java:422)
	at org.apache.hadoop.security.UserGroupInformation.doAs(UserGroupInformation.java:1730)
	at org.apache.hadoop.ipc.Server$Handler.run(Server.java:2682)
2019-10-17 20:24:14,401 [IPC Server handler 9 on 39481] INFO  block.BlockManagerImpl (BlockManagerImpl.java:allocateBlock(212)) - Could not find available pipeline of type:RATIS and factor:THREE even after retrying
2019-10-17 20:24:14,402 [IPC Server handler 9 on 39481] ERROR block.BlockManagerImpl (BlockManagerImpl.java:allocateBlock(236)) - Unable to allocate a block for the size: 4194304, type: RATIS, factor: THREE
]]></system-out>
  </testcase>
  <testcase name="testPositionedBulkReadDoesntChangePosition" classname="org.apache.hadoop.fs.ozone.contract.ITestOzoneContractSeek" time="0.112">
    <error message="Allocated 0 blocks. Requested 1 blocks" type="INTERNAL_ERROR org.apache.hadoop.ozone.om.exceptions.OMException">INTERNAL_ERROR org.apache.hadoop.ozone.om.exceptions.OMException: Allocated 0 blocks. Requested 1 blocks
	at org.apache.hadoop.ozone.om.protocolPB.OzoneManagerProtocolClientSideTranslatorPB.handleError(OzoneManagerProtocolClientSideTranslatorPB.java:732)
	at org.apache.hadoop.ozone.om.protocolPB.OzoneManagerProtocolClientSideTranslatorPB.createFile(OzoneManagerProtocolClientSideTranslatorPB.java:1536)
	at sun.reflect.NativeMethodAccessorImpl.invoke0(Native Method)
	at sun.reflect.NativeMethodAccessorImpl.invoke(NativeMethodAccessorImpl.java:62)
	at sun.reflect.DelegatingMethodAccessorImpl.invoke(DelegatingMethodAccessorImpl.java:43)
	at java.lang.reflect.Method.invoke(Method.java:498)
	at org.apache.hadoop.hdds.tracing.TraceAllMethod.invoke(TraceAllMethod.java:66)
	at com.sun.proxy.$Proxy41.createFile(Unknown Source)
	at org.apache.hadoop.ozone.client.rpc.RpcClient.createFile(RpcClient.java:1006)
	at org.apache.hadoop.ozone.client.OzoneBucket.createFile(OzoneBucket.java:537)
	at org.apache.hadoop.fs.ozone.BasicOzoneClientAdapterImpl.createFile(BasicOzoneClientAdapterImpl.java:208)
	at org.apache.hadoop.fs.ozone.BasicOzoneFileSystem.createOutputStream(BasicOzoneFileSystem.java:250)
	at org.apache.hadoop.fs.ozone.BasicOzoneFileSystem.create(BasicOzoneFileSystem.java:231)
	at org.apache.hadoop.fs.FileSystem.create(FileSystem.java:1118)
	at org.apache.hadoop.fs.FileSystem.create(FileSystem.java:1098)
	at org.apache.hadoop.fs.FileSystem.create(FileSystem.java:987)
	at org.apache.hadoop.fs.contract.ContractTestUtils.createFile(ContractTestUtils.java:633)
	at org.apache.hadoop.fs.contract.AbstractContractSeekTest.setup(AbstractContractSeekTest.java:64)
	at sun.reflect.NativeMethodAccessorImpl.invoke0(Native Method)
	at sun.reflect.NativeMethodAccessorImpl.invoke(NativeMethodAccessorImpl.java:62)
	at sun.reflect.DelegatingMethodAccessorImpl.invoke(DelegatingMethodAccessorImpl.java:43)
	at java.lang.reflect.Method.invoke(Method.java:498)
	at org.junit.runners.model.FrameworkMethod$1.runReflectiveCall(FrameworkMethod.java:47)
	at org.junit.internal.runners.model.ReflectiveCallable.run(ReflectiveCallable.java:12)
	at org.junit.runners.model.FrameworkMethod.invokeExplosively(FrameworkMethod.java:44)
	at org.junit.internal.runners.statements.RunBefores.evaluate(RunBefores.java:24)
	at org.junit.internal.runners.statements.RunAfters.evaluate(RunAfters.java:27)
	at org.junit.rules.TestWatcher$1.evaluate(TestWatcher.java:55)
	at org.junit.internal.runners.statements.FailOnTimeout$StatementThread.run(FailOnTimeout.java:74)
</error>
    <system-out><![CDATA[2019-10-17 20:24:14,436 [Thread-495] INFO  impl.FollowerState (FollowerState.java:run(108)) - 0e723869-d81b-4250-bf7c-b3eb1c130cc4@group-0FA4EDB76208-FollowerState: change to CANDIDATE, lastRpcTime:61ms, electionTimeout:61ms
2019-10-17 20:24:14,436 [Thread-495] INFO  impl.RoleInfo (RoleInfo.java:shutdownFollowerState(121)) - 0e723869-d81b-4250-bf7c-b3eb1c130cc4: shutdown FollowerState
2019-10-17 20:24:14,437 [Thread-495] INFO  impl.RaftServerImpl (RaftServerImpl.java:setRole(184)) - 0e723869-d81b-4250-bf7c-b3eb1c130cc4@group-0FA4EDB76208: changes role from  FOLLOWER to CANDIDATE at term 20 for changeToCandidate
2019-10-17 20:24:14,437 [Thread-495] INFO  impl.RoleInfo (RoleInfo.java:updateAndGet(143)) - 0e723869-d81b-4250-bf7c-b3eb1c130cc4: start LeaderElection
2019-10-17 20:24:14,456 [Thread-496] INFO  rpc.RpcClient (RpcClient.java:createVolume(272)) - Creating Volume: volume78256, with user19012 as owner.
2019-10-17 20:24:14,458 [IPC Server handler 12 on 46470] INFO  volume.OMVolumeCreateRequest (OMVolumeCreateRequest.java:validateAndUpdateCache(193)) - created volume:volume78256 for user:user19012
2019-10-17 20:24:14,461 [Thread-496] INFO  rpc.RpcClient (RpcClient.java:createBucket(411)) - Creating Bucket: volume78256/bucket49384, with Versioning false and Storage Type set to DISK and Encryption set to false 
2019-10-17 20:24:14,465 [0e723869-d81b-4250-bf7c-b3eb1c130cc4@group-0FA4EDB76208-LeaderElection35] INFO  impl.LeaderElection (LeaderElection.java:askForVotes(178)) - 0e723869-d81b-4250-bf7c-b3eb1c130cc4@group-0FA4EDB76208-LeaderElection35: begin an election at term 21 for -1: [0e723869-d81b-4250-bf7c-b3eb1c130cc4:192.168.164.201:41994, a20d02fb-e889-4888-8041-7f0d463e97dc:192.168.164.201:39512, de4dd1fb-8e89-4d8f-a94c-eecd5ba9e4a0:192.168.164.201:35026], old=null
2019-10-17 20:24:14,468 [grpc-default-executor-7] INFO  impl.RaftServerImpl (RaftServerImpl.java:setRole(184)) - de4dd1fb-8e89-4d8f-a94c-eecd5ba9e4a0@group-0FA4EDB76208: changes role from  FOLLOWER to FOLLOWER at term 21 for recognizeCandidate:0e723869-d81b-4250-bf7c-b3eb1c130cc4
2019-10-17 20:24:14,468 [grpc-default-executor-3] INFO  impl.RaftServerImpl (RaftServerImpl.java:setRole(184)) - a20d02fb-e889-4888-8041-7f0d463e97dc@group-0FA4EDB76208: changes role from  FOLLOWER to FOLLOWER at term 21 for recognizeCandidate:0e723869-d81b-4250-bf7c-b3eb1c130cc4
2019-10-17 20:24:14,468 [grpc-default-executor-7] INFO  impl.RoleInfo (RoleInfo.java:shutdownFollowerState(121)) - de4dd1fb-8e89-4d8f-a94c-eecd5ba9e4a0: shutdown FollowerState
2019-10-17 20:24:14,468 [grpc-default-executor-3] INFO  impl.RoleInfo (RoleInfo.java:shutdownFollowerState(121)) - a20d02fb-e889-4888-8041-7f0d463e97dc: shutdown FollowerState
2019-10-17 20:24:14,468 [Thread-493] INFO  impl.FollowerState (FollowerState.java:run(117)) - de4dd1fb-8e89-4d8f-a94c-eecd5ba9e4a0@group-0FA4EDB76208-FollowerState was interrupted: java.lang.InterruptedException: sleep interrupted
2019-10-17 20:24:14,468 [grpc-default-executor-3] INFO  impl.RoleInfo (RoleInfo.java:updateAndGet(143)) - a20d02fb-e889-4888-8041-7f0d463e97dc: start FollowerState
2019-10-17 20:24:14,468 [grpc-default-executor-7] INFO  impl.RoleInfo (RoleInfo.java:updateAndGet(143)) - de4dd1fb-8e89-4d8f-a94c-eecd5ba9e4a0: start FollowerState
2019-10-17 20:24:14,468 [Thread-494] INFO  impl.FollowerState (FollowerState.java:run(117)) - a20d02fb-e889-4888-8041-7f0d463e97dc@group-0FA4EDB76208-FollowerState was interrupted: java.lang.InterruptedException: sleep interrupted
2019-10-17 20:24:14,492 [0e723869-d81b-4250-bf7c-b3eb1c130cc4@group-0FA4EDB76208-LeaderElection35] INFO  impl.LeaderElection (LeaderElection.java:logAndReturn(56)) - 0e723869-d81b-4250-bf7c-b3eb1c130cc4@group-0FA4EDB76208-LeaderElection35: Election REJECTED; received 2 response(s) [0e723869-d81b-4250-bf7c-b3eb1c130cc4<-a20d02fb-e889-4888-8041-7f0d463e97dc#0:FAIL-t21, 0e723869-d81b-4250-bf7c-b3eb1c130cc4<-de4dd1fb-8e89-4d8f-a94c-eecd5ba9e4a0#0:FAIL-t21] and 0 exception(s); 0e723869-d81b-4250-bf7c-b3eb1c130cc4@group-0FA4EDB76208:t21, leader=null, voted=0e723869-d81b-4250-bf7c-b3eb1c130cc4, raftlog=0e723869-d81b-4250-bf7c-b3eb1c130cc4@group-0FA4EDB76208-SegmentedRaftLog:OPENED:c-1,f-1,i0, conf=-1: [0e723869-d81b-4250-bf7c-b3eb1c130cc4:192.168.164.201:41994, a20d02fb-e889-4888-8041-7f0d463e97dc:192.168.164.201:39512, de4dd1fb-8e89-4d8f-a94c-eecd5ba9e4a0:192.168.164.201:35026], old=null
2019-10-17 20:24:14,492 [0e723869-d81b-4250-bf7c-b3eb1c130cc4@group-0FA4EDB76208-LeaderElection35] INFO  impl.RaftServerImpl (RaftServerImpl.java:setRole(184)) - 0e723869-d81b-4250-bf7c-b3eb1c130cc4@group-0FA4EDB76208: changes role from CANDIDATE to FOLLOWER at term 21 for DISCOVERED_A_NEW_TERM
2019-10-17 20:24:14,492 [0e723869-d81b-4250-bf7c-b3eb1c130cc4@group-0FA4EDB76208-LeaderElection35] INFO  impl.RoleInfo (RoleInfo.java:shutdownLeaderElection(134)) - 0e723869-d81b-4250-bf7c-b3eb1c130cc4: shutdown LeaderElection
2019-10-17 20:24:14,492 [0e723869-d81b-4250-bf7c-b3eb1c130cc4@group-0FA4EDB76208-LeaderElection35] INFO  impl.RoleInfo (RoleInfo.java:updateAndGet(143)) - 0e723869-d81b-4250-bf7c-b3eb1c130cc4: start FollowerState
2019-10-17 20:24:14,507 [Thread-496] INFO  contract.AbstractFSContractTestBase (AbstractFSContractTestBase.java:setup(184)) - Test filesystem = o3fs://bucket49384.volume78256 implemented by OzoneFileSystem{URI=o3fs://bucket49384.volume78256, workingDir=o3fs://bucket49384.volume78256/user/jenkins1000, userName=jenkins1000, statistics=0 bytes read, 0 bytes written, 39 read ops, 0 large read ops, 26 write ops}
2019-10-17 20:24:14,514 [IPC Server handler 0 on 39481] WARN  block.BlockManagerImpl (BlockManagerImpl.java:allocateBlock(200)) - Pipeline creation failed for type:RATIS factor:THREE. Retrying get pipelines call once.
org.apache.hadoop.hdds.scm.pipeline.InsufficientDatanodesException: Cannot create pipeline of factor 3 using 2 nodes.
	at org.apache.hadoop.hdds.scm.pipeline.RatisPipelineProvider.create(RatisPipelineProvider.java:153)
	at org.apache.hadoop.hdds.scm.pipeline.PipelineFactory.create(PipelineFactory.java:58)
	at org.apache.hadoop.hdds.scm.pipeline.SCMPipelineManager.createPipeline(SCMPipelineManager.java:155)
	at org.apache.hadoop.hdds.scm.block.BlockManagerImpl.allocateBlock(BlockManagerImpl.java:198)
	at org.apache.hadoop.hdds.scm.server.SCMBlockProtocolServer.allocateBlock(SCMBlockProtocolServer.java:182)
	at org.apache.hadoop.hdds.scm.protocol.ScmBlockLocationProtocolServerSideTranslatorPB.allocateScmBlock(ScmBlockLocationProtocolServerSideTranslatorPB.java:159)
	at org.apache.hadoop.hdds.scm.protocol.ScmBlockLocationProtocolServerSideTranslatorPB.processMessage(ScmBlockLocationProtocolServerSideTranslatorPB.java:117)
	at org.apache.hadoop.hdds.server.OzoneProtocolMessageDispatcher.processRequest(OzoneProtocolMessageDispatcher.java:72)
	at org.apache.hadoop.hdds.scm.protocol.ScmBlockLocationProtocolServerSideTranslatorPB.send(ScmBlockLocationProtocolServerSideTranslatorPB.java:98)
	at org.apache.hadoop.hdds.protocol.proto.ScmBlockLocationProtocolProtos$ScmBlockLocationProtocolService$2.callBlockingMethod(ScmBlockLocationProtocolProtos.java:13157)
	at org.apache.hadoop.ipc.ProtobufRpcEngine$Server$ProtoBufRpcInvoker.call(ProtobufRpcEngine.java:524)
	at org.apache.hadoop.ipc.RPC$Server.call(RPC.java:1025)
	at org.apache.hadoop.ipc.Server$RpcCall.run(Server.java:876)
	at org.apache.hadoop.ipc.Server$RpcCall.run(Server.java:822)
	at java.security.AccessController.doPrivileged(Native Method)
	at javax.security.auth.Subject.doAs(Subject.java:422)
	at org.apache.hadoop.security.UserGroupInformation.doAs(UserGroupInformation.java:1730)
	at org.apache.hadoop.ipc.Server$Handler.run(Server.java:2682)
2019-10-17 20:24:14,515 [IPC Server handler 0 on 39481] INFO  block.BlockManagerImpl (BlockManagerImpl.java:allocateBlock(212)) - Could not find available pipeline of type:RATIS and factor:THREE even after retrying
2019-10-17 20:24:14,515 [IPC Server handler 0 on 39481] ERROR block.BlockManagerImpl (BlockManagerImpl.java:allocateBlock(236)) - Unable to allocate a block for the size: 4194304, type: RATIS, factor: THREE
]]></system-out>
  </testcase>
  <testcase name="testSeekBigFile" classname="org.apache.hadoop.fs.ozone.contract.ITestOzoneContractSeek" time="0.114">
    <error message="Allocated 0 blocks. Requested 1 blocks" type="INTERNAL_ERROR org.apache.hadoop.ozone.om.exceptions.OMException">INTERNAL_ERROR org.apache.hadoop.ozone.om.exceptions.OMException: Allocated 0 blocks. Requested 1 blocks
	at org.apache.hadoop.ozone.om.protocolPB.OzoneManagerProtocolClientSideTranslatorPB.handleError(OzoneManagerProtocolClientSideTranslatorPB.java:732)
	at org.apache.hadoop.ozone.om.protocolPB.OzoneManagerProtocolClientSideTranslatorPB.createFile(OzoneManagerProtocolClientSideTranslatorPB.java:1536)
	at sun.reflect.NativeMethodAccessorImpl.invoke0(Native Method)
	at sun.reflect.NativeMethodAccessorImpl.invoke(NativeMethodAccessorImpl.java:62)
	at sun.reflect.DelegatingMethodAccessorImpl.invoke(DelegatingMethodAccessorImpl.java:43)
	at java.lang.reflect.Method.invoke(Method.java:498)
	at org.apache.hadoop.hdds.tracing.TraceAllMethod.invoke(TraceAllMethod.java:66)
	at com.sun.proxy.$Proxy41.createFile(Unknown Source)
	at org.apache.hadoop.ozone.client.rpc.RpcClient.createFile(RpcClient.java:1006)
	at org.apache.hadoop.ozone.client.OzoneBucket.createFile(OzoneBucket.java:537)
	at org.apache.hadoop.fs.ozone.BasicOzoneClientAdapterImpl.createFile(BasicOzoneClientAdapterImpl.java:208)
	at org.apache.hadoop.fs.ozone.BasicOzoneFileSystem.createOutputStream(BasicOzoneFileSystem.java:250)
	at org.apache.hadoop.fs.ozone.BasicOzoneFileSystem.create(BasicOzoneFileSystem.java:231)
	at org.apache.hadoop.fs.FileSystem.create(FileSystem.java:1118)
	at org.apache.hadoop.fs.FileSystem.create(FileSystem.java:1098)
	at org.apache.hadoop.fs.FileSystem.create(FileSystem.java:987)
	at org.apache.hadoop.fs.contract.ContractTestUtils.createFile(ContractTestUtils.java:633)
	at org.apache.hadoop.fs.contract.AbstractContractSeekTest.setup(AbstractContractSeekTest.java:64)
	at sun.reflect.NativeMethodAccessorImpl.invoke0(Native Method)
	at sun.reflect.NativeMethodAccessorImpl.invoke(NativeMethodAccessorImpl.java:62)
	at sun.reflect.DelegatingMethodAccessorImpl.invoke(DelegatingMethodAccessorImpl.java:43)
	at java.lang.reflect.Method.invoke(Method.java:498)
	at org.junit.runners.model.FrameworkMethod$1.runReflectiveCall(FrameworkMethod.java:47)
	at org.junit.internal.runners.model.ReflectiveCallable.run(ReflectiveCallable.java:12)
	at org.junit.runners.model.FrameworkMethod.invokeExplosively(FrameworkMethod.java:44)
	at org.junit.internal.runners.statements.RunBefores.evaluate(RunBefores.java:24)
	at org.junit.internal.runners.statements.RunAfters.evaluate(RunAfters.java:27)
	at org.junit.rules.TestWatcher$1.evaluate(TestWatcher.java:55)
	at org.junit.internal.runners.statements.FailOnTimeout$StatementThread.run(FailOnTimeout.java:74)
</error>
    <system-out><![CDATA[2019-10-17 20:24:14,559 [Thread-504] INFO  rpc.RpcClient (RpcClient.java:createVolume(272)) - Creating Volume: volume34180, with user37792 as owner.
2019-10-17 20:24:14,561 [IPC Server handler 16 on 46470] INFO  volume.OMVolumeCreateRequest (OMVolumeCreateRequest.java:validateAndUpdateCache(193)) - created volume:volume34180 for user:user37792
2019-10-17 20:24:14,564 [Thread-504] INFO  rpc.RpcClient (RpcClient.java:createBucket(411)) - Creating Bucket: volume34180/bucket00868, with Versioning false and Storage Type set to DISK and Encryption set to false 
2019-10-17 20:24:14,618 [Thread-504] INFO  contract.AbstractFSContractTestBase (AbstractFSContractTestBase.java:setup(184)) - Test filesystem = o3fs://bucket00868.volume34180 implemented by OzoneFileSystem{URI=o3fs://bucket00868.volume34180, workingDir=o3fs://bucket00868.volume34180/user/jenkins1000, userName=jenkins1000, statistics=0 bytes read, 0 bytes written, 42 read ops, 0 large read ops, 28 write ops}
2019-10-17 20:24:14,625 [IPC Server handler 10 on 39481] WARN  block.BlockManagerImpl (BlockManagerImpl.java:allocateBlock(200)) - Pipeline creation failed for type:RATIS factor:THREE. Retrying get pipelines call once.
org.apache.hadoop.hdds.scm.pipeline.InsufficientDatanodesException: Cannot create pipeline of factor 3 using 2 nodes.
	at org.apache.hadoop.hdds.scm.pipeline.RatisPipelineProvider.create(RatisPipelineProvider.java:153)
	at org.apache.hadoop.hdds.scm.pipeline.PipelineFactory.create(PipelineFactory.java:58)
	at org.apache.hadoop.hdds.scm.pipeline.SCMPipelineManager.createPipeline(SCMPipelineManager.java:155)
	at org.apache.hadoop.hdds.scm.block.BlockManagerImpl.allocateBlock(BlockManagerImpl.java:198)
	at org.apache.hadoop.hdds.scm.server.SCMBlockProtocolServer.allocateBlock(SCMBlockProtocolServer.java:182)
	at org.apache.hadoop.hdds.scm.protocol.ScmBlockLocationProtocolServerSideTranslatorPB.allocateScmBlock(ScmBlockLocationProtocolServerSideTranslatorPB.java:159)
	at org.apache.hadoop.hdds.scm.protocol.ScmBlockLocationProtocolServerSideTranslatorPB.processMessage(ScmBlockLocationProtocolServerSideTranslatorPB.java:117)
	at org.apache.hadoop.hdds.server.OzoneProtocolMessageDispatcher.processRequest(OzoneProtocolMessageDispatcher.java:72)
	at org.apache.hadoop.hdds.scm.protocol.ScmBlockLocationProtocolServerSideTranslatorPB.send(ScmBlockLocationProtocolServerSideTranslatorPB.java:98)
	at org.apache.hadoop.hdds.protocol.proto.ScmBlockLocationProtocolProtos$ScmBlockLocationProtocolService$2.callBlockingMethod(ScmBlockLocationProtocolProtos.java:13157)
	at org.apache.hadoop.ipc.ProtobufRpcEngine$Server$ProtoBufRpcInvoker.call(ProtobufRpcEngine.java:524)
	at org.apache.hadoop.ipc.RPC$Server.call(RPC.java:1025)
	at org.apache.hadoop.ipc.Server$RpcCall.run(Server.java:876)
	at org.apache.hadoop.ipc.Server$RpcCall.run(Server.java:822)
	at java.security.AccessController.doPrivileged(Native Method)
	at javax.security.auth.Subject.doAs(Subject.java:422)
	at org.apache.hadoop.security.UserGroupInformation.doAs(UserGroupInformation.java:1730)
	at org.apache.hadoop.ipc.Server$Handler.run(Server.java:2682)
2019-10-17 20:24:14,626 [IPC Server handler 10 on 39481] INFO  block.BlockManagerImpl (BlockManagerImpl.java:allocateBlock(212)) - Could not find available pipeline of type:RATIS and factor:THREE even after retrying
2019-10-17 20:24:14,626 [IPC Server handler 10 on 39481] ERROR block.BlockManagerImpl (BlockManagerImpl.java:allocateBlock(236)) - Unable to allocate a block for the size: 4194304, type: RATIS, factor: THREE
]]></system-out>
  </testcase>
  <testcase name="testSeekFile" classname="org.apache.hadoop.fs.ozone.contract.ITestOzoneContractSeek" time="0.137">
    <error message="Allocated 0 blocks. Requested 1 blocks" type="INTERNAL_ERROR org.apache.hadoop.ozone.om.exceptions.OMException">INTERNAL_ERROR org.apache.hadoop.ozone.om.exceptions.OMException: Allocated 0 blocks. Requested 1 blocks
	at org.apache.hadoop.ozone.om.protocolPB.OzoneManagerProtocolClientSideTranslatorPB.handleError(OzoneManagerProtocolClientSideTranslatorPB.java:732)
	at org.apache.hadoop.ozone.om.protocolPB.OzoneManagerProtocolClientSideTranslatorPB.createFile(OzoneManagerProtocolClientSideTranslatorPB.java:1536)
	at sun.reflect.NativeMethodAccessorImpl.invoke0(Native Method)
	at sun.reflect.NativeMethodAccessorImpl.invoke(NativeMethodAccessorImpl.java:62)
	at sun.reflect.DelegatingMethodAccessorImpl.invoke(DelegatingMethodAccessorImpl.java:43)
	at java.lang.reflect.Method.invoke(Method.java:498)
	at org.apache.hadoop.hdds.tracing.TraceAllMethod.invoke(TraceAllMethod.java:66)
	at com.sun.proxy.$Proxy41.createFile(Unknown Source)
	at org.apache.hadoop.ozone.client.rpc.RpcClient.createFile(RpcClient.java:1006)
	at org.apache.hadoop.ozone.client.OzoneBucket.createFile(OzoneBucket.java:537)
	at org.apache.hadoop.fs.ozone.BasicOzoneClientAdapterImpl.createFile(BasicOzoneClientAdapterImpl.java:208)
	at org.apache.hadoop.fs.ozone.BasicOzoneFileSystem.createOutputStream(BasicOzoneFileSystem.java:250)
	at org.apache.hadoop.fs.ozone.BasicOzoneFileSystem.create(BasicOzoneFileSystem.java:231)
	at org.apache.hadoop.fs.FileSystem.create(FileSystem.java:1118)
	at org.apache.hadoop.fs.FileSystem.create(FileSystem.java:1098)
	at org.apache.hadoop.fs.FileSystem.create(FileSystem.java:987)
	at org.apache.hadoop.fs.contract.ContractTestUtils.createFile(ContractTestUtils.java:633)
	at org.apache.hadoop.fs.contract.AbstractContractSeekTest.setup(AbstractContractSeekTest.java:64)
	at sun.reflect.NativeMethodAccessorImpl.invoke0(Native Method)
	at sun.reflect.NativeMethodAccessorImpl.invoke(NativeMethodAccessorImpl.java:62)
	at sun.reflect.DelegatingMethodAccessorImpl.invoke(DelegatingMethodAccessorImpl.java:43)
	at java.lang.reflect.Method.invoke(Method.java:498)
	at org.junit.runners.model.FrameworkMethod$1.runReflectiveCall(FrameworkMethod.java:47)
	at org.junit.internal.runners.model.ReflectiveCallable.run(ReflectiveCallable.java:12)
	at org.junit.runners.model.FrameworkMethod.invokeExplosively(FrameworkMethod.java:44)
	at org.junit.internal.runners.statements.RunBefores.evaluate(RunBefores.java:24)
	at org.junit.internal.runners.statements.RunAfters.evaluate(RunAfters.java:27)
	at org.junit.rules.TestWatcher$1.evaluate(TestWatcher.java:55)
	at org.junit.internal.runners.statements.FailOnTimeout$StatementThread.run(FailOnTimeout.java:74)
</error>
    <system-out><![CDATA[2019-10-17 20:24:14,661 [Thread-503] INFO  impl.FollowerState (FollowerState.java:run(108)) - 0e723869-d81b-4250-bf7c-b3eb1c130cc4@group-0FA4EDB76208-FollowerState: change to CANDIDATE, lastRpcTime:168ms, electionTimeout:168ms
2019-10-17 20:24:14,661 [Thread-503] INFO  impl.RoleInfo (RoleInfo.java:shutdownFollowerState(121)) - 0e723869-d81b-4250-bf7c-b3eb1c130cc4: shutdown FollowerState
2019-10-17 20:24:14,661 [Thread-503] INFO  impl.RaftServerImpl (RaftServerImpl.java:setRole(184)) - 0e723869-d81b-4250-bf7c-b3eb1c130cc4@group-0FA4EDB76208: changes role from  FOLLOWER to CANDIDATE at term 21 for changeToCandidate
2019-10-17 20:24:14,661 [Thread-503] INFO  impl.RoleInfo (RoleInfo.java:updateAndGet(143)) - 0e723869-d81b-4250-bf7c-b3eb1c130cc4: start LeaderElection
2019-10-17 20:24:14,679 [Thread-506] INFO  rpc.RpcClient (RpcClient.java:createVolume(272)) - Creating Volume: volume66220, with user27688 as owner.
2019-10-17 20:24:14,687 [IPC Server handler 19 on 46470] INFO  volume.OMVolumeCreateRequest (OMVolumeCreateRequest.java:validateAndUpdateCache(193)) - created volume:volume66220 for user:user27688
2019-10-17 20:24:14,689 [Thread-506] INFO  rpc.RpcClient (RpcClient.java:createBucket(411)) - Creating Bucket: volume66220/bucket75508, with Versioning false and Storage Type set to DISK and Encryption set to false 
2019-10-17 20:24:14,691 [0e723869-d81b-4250-bf7c-b3eb1c130cc4@group-0FA4EDB76208-LeaderElection36] INFO  impl.LeaderElection (LeaderElection.java:askForVotes(178)) - 0e723869-d81b-4250-bf7c-b3eb1c130cc4@group-0FA4EDB76208-LeaderElection36: begin an election at term 22 for -1: [0e723869-d81b-4250-bf7c-b3eb1c130cc4:192.168.164.201:41994, a20d02fb-e889-4888-8041-7f0d463e97dc:192.168.164.201:39512, de4dd1fb-8e89-4d8f-a94c-eecd5ba9e4a0:192.168.164.201:35026], old=null
2019-10-17 20:24:14,695 [grpc-default-executor-7] INFO  impl.RaftServerImpl (RaftServerImpl.java:setRole(184)) - a20d02fb-e889-4888-8041-7f0d463e97dc@group-0FA4EDB76208: changes role from  FOLLOWER to FOLLOWER at term 22 for recognizeCandidate:0e723869-d81b-4250-bf7c-b3eb1c130cc4
2019-10-17 20:24:14,695 [grpc-default-executor-3] INFO  impl.RaftServerImpl (RaftServerImpl.java:setRole(184)) - de4dd1fb-8e89-4d8f-a94c-eecd5ba9e4a0@group-0FA4EDB76208: changes role from  FOLLOWER to FOLLOWER at term 22 for recognizeCandidate:0e723869-d81b-4250-bf7c-b3eb1c130cc4
2019-10-17 20:24:14,696 [grpc-default-executor-7] INFO  impl.RoleInfo (RoleInfo.java:shutdownFollowerState(121)) - a20d02fb-e889-4888-8041-7f0d463e97dc: shutdown FollowerState
2019-10-17 20:24:14,696 [grpc-default-executor-3] INFO  impl.RoleInfo (RoleInfo.java:shutdownFollowerState(121)) - de4dd1fb-8e89-4d8f-a94c-eecd5ba9e4a0: shutdown FollowerState
2019-10-17 20:24:14,696 [Thread-502] INFO  impl.FollowerState (FollowerState.java:run(117)) - a20d02fb-e889-4888-8041-7f0d463e97dc@group-0FA4EDB76208-FollowerState was interrupted: java.lang.InterruptedException: sleep interrupted
2019-10-17 20:24:14,696 [Thread-501] INFO  impl.FollowerState (FollowerState.java:run(117)) - de4dd1fb-8e89-4d8f-a94c-eecd5ba9e4a0@group-0FA4EDB76208-FollowerState was interrupted: java.lang.InterruptedException: sleep interrupted
2019-10-17 20:24:14,696 [grpc-default-executor-7] INFO  impl.RoleInfo (RoleInfo.java:updateAndGet(143)) - a20d02fb-e889-4888-8041-7f0d463e97dc: start FollowerState
2019-10-17 20:24:14,696 [grpc-default-executor-3] INFO  impl.RoleInfo (RoleInfo.java:updateAndGet(143)) - de4dd1fb-8e89-4d8f-a94c-eecd5ba9e4a0: start FollowerState
2019-10-17 20:24:14,726 [0e723869-d81b-4250-bf7c-b3eb1c130cc4@group-0FA4EDB76208-LeaderElection36] INFO  impl.LeaderElection (LeaderElection.java:logAndReturn(56)) - 0e723869-d81b-4250-bf7c-b3eb1c130cc4@group-0FA4EDB76208-LeaderElection36: Election REJECTED; received 2 response(s) [0e723869-d81b-4250-bf7c-b3eb1c130cc4<-a20d02fb-e889-4888-8041-7f0d463e97dc#0:FAIL-t22, 0e723869-d81b-4250-bf7c-b3eb1c130cc4<-de4dd1fb-8e89-4d8f-a94c-eecd5ba9e4a0#0:FAIL-t22] and 0 exception(s); 0e723869-d81b-4250-bf7c-b3eb1c130cc4@group-0FA4EDB76208:t22, leader=null, voted=0e723869-d81b-4250-bf7c-b3eb1c130cc4, raftlog=0e723869-d81b-4250-bf7c-b3eb1c130cc4@group-0FA4EDB76208-SegmentedRaftLog:OPENED:c-1,f-1,i0, conf=-1: [0e723869-d81b-4250-bf7c-b3eb1c130cc4:192.168.164.201:41994, a20d02fb-e889-4888-8041-7f0d463e97dc:192.168.164.201:39512, de4dd1fb-8e89-4d8f-a94c-eecd5ba9e4a0:192.168.164.201:35026], old=null
2019-10-17 20:24:14,726 [0e723869-d81b-4250-bf7c-b3eb1c130cc4@group-0FA4EDB76208-LeaderElection36] INFO  impl.RaftServerImpl (RaftServerImpl.java:setRole(184)) - 0e723869-d81b-4250-bf7c-b3eb1c130cc4@group-0FA4EDB76208: changes role from CANDIDATE to FOLLOWER at term 22 for DISCOVERED_A_NEW_TERM
2019-10-17 20:24:14,727 [0e723869-d81b-4250-bf7c-b3eb1c130cc4@group-0FA4EDB76208-LeaderElection36] INFO  impl.RoleInfo (RoleInfo.java:shutdownLeaderElection(134)) - 0e723869-d81b-4250-bf7c-b3eb1c130cc4: shutdown LeaderElection
2019-10-17 20:24:14,727 [0e723869-d81b-4250-bf7c-b3eb1c130cc4@group-0FA4EDB76208-LeaderElection36] INFO  impl.RoleInfo (RoleInfo.java:updateAndGet(143)) - 0e723869-d81b-4250-bf7c-b3eb1c130cc4: start FollowerState
2019-10-17 20:24:14,747 [Thread-506] INFO  contract.AbstractFSContractTestBase (AbstractFSContractTestBase.java:setup(184)) - Test filesystem = o3fs://bucket75508.volume66220 implemented by OzoneFileSystem{URI=o3fs://bucket75508.volume66220, workingDir=o3fs://bucket75508.volume66220/user/jenkins1000, userName=jenkins1000, statistics=0 bytes read, 0 bytes written, 45 read ops, 0 large read ops, 30 write ops}
2019-10-17 20:24:14,760 [IPC Server handler 4 on 39481] WARN  block.BlockManagerImpl (BlockManagerImpl.java:allocateBlock(200)) - Pipeline creation failed for type:RATIS factor:THREE. Retrying get pipelines call once.
org.apache.hadoop.hdds.scm.pipeline.InsufficientDatanodesException: Cannot create pipeline of factor 3 using 2 nodes.
	at org.apache.hadoop.hdds.scm.pipeline.RatisPipelineProvider.create(RatisPipelineProvider.java:153)
	at org.apache.hadoop.hdds.scm.pipeline.PipelineFactory.create(PipelineFactory.java:58)
	at org.apache.hadoop.hdds.scm.pipeline.SCMPipelineManager.createPipeline(SCMPipelineManager.java:155)
	at org.apache.hadoop.hdds.scm.block.BlockManagerImpl.allocateBlock(BlockManagerImpl.java:198)
	at org.apache.hadoop.hdds.scm.server.SCMBlockProtocolServer.allocateBlock(SCMBlockProtocolServer.java:182)
	at org.apache.hadoop.hdds.scm.protocol.ScmBlockLocationProtocolServerSideTranslatorPB.allocateScmBlock(ScmBlockLocationProtocolServerSideTranslatorPB.java:159)
	at org.apache.hadoop.hdds.scm.protocol.ScmBlockLocationProtocolServerSideTranslatorPB.processMessage(ScmBlockLocationProtocolServerSideTranslatorPB.java:117)
	at org.apache.hadoop.hdds.server.OzoneProtocolMessageDispatcher.processRequest(OzoneProtocolMessageDispatcher.java:72)
	at org.apache.hadoop.hdds.scm.protocol.ScmBlockLocationProtocolServerSideTranslatorPB.send(ScmBlockLocationProtocolServerSideTranslatorPB.java:98)
	at org.apache.hadoop.hdds.protocol.proto.ScmBlockLocationProtocolProtos$ScmBlockLocationProtocolService$2.callBlockingMethod(ScmBlockLocationProtocolProtos.java:13157)
	at org.apache.hadoop.ipc.ProtobufRpcEngine$Server$ProtoBufRpcInvoker.call(ProtobufRpcEngine.java:524)
	at org.apache.hadoop.ipc.RPC$Server.call(RPC.java:1025)
	at org.apache.hadoop.ipc.Server$RpcCall.run(Server.java:876)
	at org.apache.hadoop.ipc.Server$RpcCall.run(Server.java:822)
	at java.security.AccessController.doPrivileged(Native Method)
	at javax.security.auth.Subject.doAs(Subject.java:422)
	at org.apache.hadoop.security.UserGroupInformation.doAs(UserGroupInformation.java:1730)
	at org.apache.hadoop.ipc.Server$Handler.run(Server.java:2682)
2019-10-17 20:24:14,760 [IPC Server handler 4 on 39481] INFO  block.BlockManagerImpl (BlockManagerImpl.java:allocateBlock(212)) - Could not find available pipeline of type:RATIS and factor:THREE even after retrying
2019-10-17 20:24:14,760 [IPC Server handler 4 on 39481] ERROR block.BlockManagerImpl (BlockManagerImpl.java:allocateBlock(236)) - Unable to allocate a block for the size: 4194304, type: RATIS, factor: THREE
]]></system-out>
  </testcase>
  <testcase name="testSeekZeroByteFile" classname="org.apache.hadoop.fs.ozone.contract.ITestOzoneContractSeek" time="0.143">
    <error message="Allocated 0 blocks. Requested 1 blocks" type="INTERNAL_ERROR org.apache.hadoop.ozone.om.exceptions.OMException">INTERNAL_ERROR org.apache.hadoop.ozone.om.exceptions.OMException: Allocated 0 blocks. Requested 1 blocks
	at org.apache.hadoop.ozone.om.protocolPB.OzoneManagerProtocolClientSideTranslatorPB.handleError(OzoneManagerProtocolClientSideTranslatorPB.java:732)
	at org.apache.hadoop.ozone.om.protocolPB.OzoneManagerProtocolClientSideTranslatorPB.createFile(OzoneManagerProtocolClientSideTranslatorPB.java:1536)
	at sun.reflect.GeneratedMethodAccessor155.invoke(Unknown Source)
	at sun.reflect.DelegatingMethodAccessorImpl.invoke(DelegatingMethodAccessorImpl.java:43)
	at java.lang.reflect.Method.invoke(Method.java:498)
	at org.apache.hadoop.hdds.tracing.TraceAllMethod.invoke(TraceAllMethod.java:66)
	at com.sun.proxy.$Proxy41.createFile(Unknown Source)
	at org.apache.hadoop.ozone.client.rpc.RpcClient.createFile(RpcClient.java:1006)
	at org.apache.hadoop.ozone.client.OzoneBucket.createFile(OzoneBucket.java:537)
	at org.apache.hadoop.fs.ozone.BasicOzoneClientAdapterImpl.createFile(BasicOzoneClientAdapterImpl.java:208)
	at org.apache.hadoop.fs.ozone.BasicOzoneFileSystem.createOutputStream(BasicOzoneFileSystem.java:250)
	at org.apache.hadoop.fs.ozone.BasicOzoneFileSystem.create(BasicOzoneFileSystem.java:231)
	at org.apache.hadoop.fs.FileSystem.create(FileSystem.java:1118)
	at org.apache.hadoop.fs.FileSystem.create(FileSystem.java:1098)
	at org.apache.hadoop.fs.FileSystem.create(FileSystem.java:987)
	at org.apache.hadoop.fs.contract.ContractTestUtils.createFile(ContractTestUtils.java:633)
	at org.apache.hadoop.fs.contract.AbstractContractSeekTest.setup(AbstractContractSeekTest.java:64)
	at sun.reflect.GeneratedMethodAccessor110.invoke(Unknown Source)
	at sun.reflect.DelegatingMethodAccessorImpl.invoke(DelegatingMethodAccessorImpl.java:43)
	at java.lang.reflect.Method.invoke(Method.java:498)
	at org.junit.runners.model.FrameworkMethod$1.runReflectiveCall(FrameworkMethod.java:47)
	at org.junit.internal.runners.model.ReflectiveCallable.run(ReflectiveCallable.java:12)
	at org.junit.runners.model.FrameworkMethod.invokeExplosively(FrameworkMethod.java:44)
	at org.junit.internal.runners.statements.RunBefores.evaluate(RunBefores.java:24)
	at org.junit.internal.runners.statements.RunAfters.evaluate(RunAfters.java:27)
	at org.junit.rules.TestWatcher$1.evaluate(TestWatcher.java:55)
	at org.junit.internal.runners.statements.FailOnTimeout$StatementThread.run(FailOnTimeout.java:74)
</error>
    <system-out><![CDATA[2019-10-17 20:24:14,831 [Thread-514] INFO  rpc.RpcClient (RpcClient.java:createVolume(272)) - Creating Volume: volume90879, with user24681 as owner.
2019-10-17 20:24:14,834 [IPC Server handler 5 on 46470] INFO  volume.OMVolumeCreateRequest (OMVolumeCreateRequest.java:validateAndUpdateCache(193)) - created volume:volume90879 for user:user24681
2019-10-17 20:24:14,836 [Thread-514] INFO  rpc.RpcClient (RpcClient.java:createBucket(411)) - Creating Bucket: volume90879/bucket08692, with Versioning false and Storage Type set to DISK and Encryption set to false 
2019-10-17 20:24:14,838 [Thread-513] INFO  impl.FollowerState (FollowerState.java:run(108)) - 0e723869-d81b-4250-bf7c-b3eb1c130cc4@group-0FA4EDB76208-FollowerState: change to CANDIDATE, lastRpcTime:111ms, electionTimeout:111ms
2019-10-17 20:24:14,838 [Thread-513] INFO  impl.RoleInfo (RoleInfo.java:shutdownFollowerState(121)) - 0e723869-d81b-4250-bf7c-b3eb1c130cc4: shutdown FollowerState
2019-10-17 20:24:14,838 [Thread-513] INFO  impl.RaftServerImpl (RaftServerImpl.java:setRole(184)) - 0e723869-d81b-4250-bf7c-b3eb1c130cc4@group-0FA4EDB76208: changes role from  FOLLOWER to CANDIDATE at term 22 for changeToCandidate
2019-10-17 20:24:14,839 [Thread-513] INFO  impl.RoleInfo (RoleInfo.java:updateAndGet(143)) - 0e723869-d81b-4250-bf7c-b3eb1c130cc4: start LeaderElection
2019-10-17 20:24:14,867 [0e723869-d81b-4250-bf7c-b3eb1c130cc4@group-0FA4EDB76208-LeaderElection37] INFO  impl.LeaderElection (LeaderElection.java:askForVotes(178)) - 0e723869-d81b-4250-bf7c-b3eb1c130cc4@group-0FA4EDB76208-LeaderElection37: begin an election at term 23 for -1: [0e723869-d81b-4250-bf7c-b3eb1c130cc4:192.168.164.201:41994, a20d02fb-e889-4888-8041-7f0d463e97dc:192.168.164.201:39512, de4dd1fb-8e89-4d8f-a94c-eecd5ba9e4a0:192.168.164.201:35026], old=null
2019-10-17 20:24:14,871 [grpc-default-executor-7] INFO  impl.RaftServerImpl (RaftServerImpl.java:setRole(184)) - de4dd1fb-8e89-4d8f-a94c-eecd5ba9e4a0@group-0FA4EDB76208: changes role from  FOLLOWER to FOLLOWER at term 23 for recognizeCandidate:0e723869-d81b-4250-bf7c-b3eb1c130cc4
2019-10-17 20:24:14,871 [grpc-default-executor-3] INFO  impl.RaftServerImpl (RaftServerImpl.java:setRole(184)) - a20d02fb-e889-4888-8041-7f0d463e97dc@group-0FA4EDB76208: changes role from  FOLLOWER to FOLLOWER at term 23 for recognizeCandidate:0e723869-d81b-4250-bf7c-b3eb1c130cc4
2019-10-17 20:24:14,871 [grpc-default-executor-7] INFO  impl.RoleInfo (RoleInfo.java:shutdownFollowerState(121)) - de4dd1fb-8e89-4d8f-a94c-eecd5ba9e4a0: shutdown FollowerState
2019-10-17 20:24:14,871 [grpc-default-executor-3] INFO  impl.RoleInfo (RoleInfo.java:shutdownFollowerState(121)) - a20d02fb-e889-4888-8041-7f0d463e97dc: shutdown FollowerState
2019-10-17 20:24:14,871 [Thread-512] INFO  impl.FollowerState (FollowerState.java:run(117)) - de4dd1fb-8e89-4d8f-a94c-eecd5ba9e4a0@group-0FA4EDB76208-FollowerState was interrupted: java.lang.InterruptedException: sleep interrupted
2019-10-17 20:24:14,871 [grpc-default-executor-7] INFO  impl.RoleInfo (RoleInfo.java:updateAndGet(143)) - de4dd1fb-8e89-4d8f-a94c-eecd5ba9e4a0: start FollowerState
2019-10-17 20:24:14,871 [grpc-default-executor-3] INFO  impl.RoleInfo (RoleInfo.java:updateAndGet(143)) - a20d02fb-e889-4888-8041-7f0d463e97dc: start FollowerState
2019-10-17 20:24:14,871 [Thread-511] INFO  impl.FollowerState (FollowerState.java:run(117)) - a20d02fb-e889-4888-8041-7f0d463e97dc@group-0FA4EDB76208-FollowerState was interrupted: java.lang.InterruptedException: sleep interrupted
2019-10-17 20:24:14,898 [Thread-514] INFO  contract.AbstractFSContractTestBase (AbstractFSContractTestBase.java:setup(184)) - Test filesystem = o3fs://bucket08692.volume90879 implemented by OzoneFileSystem{URI=o3fs://bucket08692.volume90879, workingDir=o3fs://bucket08692.volume90879/user/jenkins1000, userName=jenkins1000, statistics=0 bytes read, 0 bytes written, 48 read ops, 0 large read ops, 32 write ops}
2019-10-17 20:24:14,902 [0e723869-d81b-4250-bf7c-b3eb1c130cc4@group-0FA4EDB76208-LeaderElection37] INFO  impl.LeaderElection (LeaderElection.java:logAndReturn(56)) - 0e723869-d81b-4250-bf7c-b3eb1c130cc4@group-0FA4EDB76208-LeaderElection37: Election REJECTED; received 2 response(s) [0e723869-d81b-4250-bf7c-b3eb1c130cc4<-a20d02fb-e889-4888-8041-7f0d463e97dc#0:FAIL-t23, 0e723869-d81b-4250-bf7c-b3eb1c130cc4<-de4dd1fb-8e89-4d8f-a94c-eecd5ba9e4a0#0:FAIL-t23] and 0 exception(s); 0e723869-d81b-4250-bf7c-b3eb1c130cc4@group-0FA4EDB76208:t23, leader=null, voted=0e723869-d81b-4250-bf7c-b3eb1c130cc4, raftlog=0e723869-d81b-4250-bf7c-b3eb1c130cc4@group-0FA4EDB76208-SegmentedRaftLog:OPENED:c-1,f-1,i0, conf=-1: [0e723869-d81b-4250-bf7c-b3eb1c130cc4:192.168.164.201:41994, a20d02fb-e889-4888-8041-7f0d463e97dc:192.168.164.201:39512, de4dd1fb-8e89-4d8f-a94c-eecd5ba9e4a0:192.168.164.201:35026], old=null
2019-10-17 20:24:14,902 [0e723869-d81b-4250-bf7c-b3eb1c130cc4@group-0FA4EDB76208-LeaderElection37] INFO  impl.RaftServerImpl (RaftServerImpl.java:setRole(184)) - 0e723869-d81b-4250-bf7c-b3eb1c130cc4@group-0FA4EDB76208: changes role from CANDIDATE to FOLLOWER at term 23 for DISCOVERED_A_NEW_TERM
2019-10-17 20:24:14,902 [0e723869-d81b-4250-bf7c-b3eb1c130cc4@group-0FA4EDB76208-LeaderElection37] INFO  impl.RoleInfo (RoleInfo.java:shutdownLeaderElection(134)) - 0e723869-d81b-4250-bf7c-b3eb1c130cc4: shutdown LeaderElection
2019-10-17 20:24:14,903 [0e723869-d81b-4250-bf7c-b3eb1c130cc4@group-0FA4EDB76208-LeaderElection37] INFO  impl.RoleInfo (RoleInfo.java:updateAndGet(143)) - 0e723869-d81b-4250-bf7c-b3eb1c130cc4: start FollowerState
2019-10-17 20:24:14,905 [IPC Server handler 3 on 39481] WARN  block.BlockManagerImpl (BlockManagerImpl.java:allocateBlock(200)) - Pipeline creation failed for type:RATIS factor:THREE. Retrying get pipelines call once.
org.apache.hadoop.hdds.scm.pipeline.InsufficientDatanodesException: Cannot create pipeline of factor 3 using 2 nodes.
	at org.apache.hadoop.hdds.scm.pipeline.RatisPipelineProvider.create(RatisPipelineProvider.java:153)
	at org.apache.hadoop.hdds.scm.pipeline.PipelineFactory.create(PipelineFactory.java:58)
	at org.apache.hadoop.hdds.scm.pipeline.SCMPipelineManager.createPipeline(SCMPipelineManager.java:155)
	at org.apache.hadoop.hdds.scm.block.BlockManagerImpl.allocateBlock(BlockManagerImpl.java:198)
	at org.apache.hadoop.hdds.scm.server.SCMBlockProtocolServer.allocateBlock(SCMBlockProtocolServer.java:182)
	at org.apache.hadoop.hdds.scm.protocol.ScmBlockLocationProtocolServerSideTranslatorPB.allocateScmBlock(ScmBlockLocationProtocolServerSideTranslatorPB.java:159)
	at org.apache.hadoop.hdds.scm.protocol.ScmBlockLocationProtocolServerSideTranslatorPB.processMessage(ScmBlockLocationProtocolServerSideTranslatorPB.java:117)
	at org.apache.hadoop.hdds.server.OzoneProtocolMessageDispatcher.processRequest(OzoneProtocolMessageDispatcher.java:72)
	at org.apache.hadoop.hdds.scm.protocol.ScmBlockLocationProtocolServerSideTranslatorPB.send(ScmBlockLocationProtocolServerSideTranslatorPB.java:98)
	at org.apache.hadoop.hdds.protocol.proto.ScmBlockLocationProtocolProtos$ScmBlockLocationProtocolService$2.callBlockingMethod(ScmBlockLocationProtocolProtos.java:13157)
	at org.apache.hadoop.ipc.ProtobufRpcEngine$Server$ProtoBufRpcInvoker.call(ProtobufRpcEngine.java:524)
	at org.apache.hadoop.ipc.RPC$Server.call(RPC.java:1025)
	at org.apache.hadoop.ipc.Server$RpcCall.run(Server.java:876)
	at org.apache.hadoop.ipc.Server$RpcCall.run(Server.java:822)
	at java.security.AccessController.doPrivileged(Native Method)
	at javax.security.auth.Subject.doAs(Subject.java:422)
	at org.apache.hadoop.security.UserGroupInformation.doAs(UserGroupInformation.java:1730)
	at org.apache.hadoop.ipc.Server$Handler.run(Server.java:2682)
2019-10-17 20:24:14,906 [IPC Server handler 3 on 39481] INFO  block.BlockManagerImpl (BlockManagerImpl.java:allocateBlock(212)) - Could not find available pipeline of type:RATIS and factor:THREE even after retrying
2019-10-17 20:24:14,906 [IPC Server handler 3 on 39481] ERROR block.BlockManagerImpl (BlockManagerImpl.java:allocateBlock(236)) - Unable to allocate a block for the size: 4194304, type: RATIS, factor: THREE
]]></system-out>
  </testcase>
  <testcase name="testReadFullyPastEOF" classname="org.apache.hadoop.fs.ozone.contract.ITestOzoneContractSeek" time="0.131">
    <error message="Allocated 0 blocks. Requested 1 blocks" type="INTERNAL_ERROR org.apache.hadoop.ozone.om.exceptions.OMException">INTERNAL_ERROR org.apache.hadoop.ozone.om.exceptions.OMException: Allocated 0 blocks. Requested 1 blocks
	at org.apache.hadoop.ozone.om.protocolPB.OzoneManagerProtocolClientSideTranslatorPB.handleError(OzoneManagerProtocolClientSideTranslatorPB.java:732)
	at org.apache.hadoop.ozone.om.protocolPB.OzoneManagerProtocolClientSideTranslatorPB.createFile(OzoneManagerProtocolClientSideTranslatorPB.java:1536)
	at sun.reflect.GeneratedMethodAccessor155.invoke(Unknown Source)
	at sun.reflect.DelegatingMethodAccessorImpl.invoke(DelegatingMethodAccessorImpl.java:43)
	at java.lang.reflect.Method.invoke(Method.java:498)
	at org.apache.hadoop.hdds.tracing.TraceAllMethod.invoke(TraceAllMethod.java:66)
	at com.sun.proxy.$Proxy41.createFile(Unknown Source)
	at org.apache.hadoop.ozone.client.rpc.RpcClient.createFile(RpcClient.java:1006)
	at org.apache.hadoop.ozone.client.OzoneBucket.createFile(OzoneBucket.java:537)
	at org.apache.hadoop.fs.ozone.BasicOzoneClientAdapterImpl.createFile(BasicOzoneClientAdapterImpl.java:208)
	at org.apache.hadoop.fs.ozone.BasicOzoneFileSystem.createOutputStream(BasicOzoneFileSystem.java:250)
	at org.apache.hadoop.fs.ozone.BasicOzoneFileSystem.create(BasicOzoneFileSystem.java:231)
	at org.apache.hadoop.fs.FileSystem.create(FileSystem.java:1118)
	at org.apache.hadoop.fs.FileSystem.create(FileSystem.java:1098)
	at org.apache.hadoop.fs.FileSystem.create(FileSystem.java:987)
	at org.apache.hadoop.fs.contract.ContractTestUtils.createFile(ContractTestUtils.java:633)
	at org.apache.hadoop.fs.contract.AbstractContractSeekTest.setup(AbstractContractSeekTest.java:64)
	at sun.reflect.GeneratedMethodAccessor110.invoke(Unknown Source)
	at sun.reflect.DelegatingMethodAccessorImpl.invoke(DelegatingMethodAccessorImpl.java:43)
	at java.lang.reflect.Method.invoke(Method.java:498)
	at org.junit.runners.model.FrameworkMethod$1.runReflectiveCall(FrameworkMethod.java:47)
	at org.junit.internal.runners.model.ReflectiveCallable.run(ReflectiveCallable.java:12)
	at org.junit.runners.model.FrameworkMethod.invokeExplosively(FrameworkMethod.java:44)
	at org.junit.internal.runners.statements.RunBefores.evaluate(RunBefores.java:24)
	at org.junit.internal.runners.statements.RunAfters.evaluate(RunAfters.java:27)
	at org.junit.rules.TestWatcher$1.evaluate(TestWatcher.java:55)
	at org.junit.internal.runners.statements.FailOnTimeout$StatementThread.run(FailOnTimeout.java:74)
</error>
    <system-out><![CDATA[2019-10-17 20:24:14,946 [Thread-521] INFO  impl.FollowerState (FollowerState.java:run(108)) - 0e723869-d81b-4250-bf7c-b3eb1c130cc4@group-0FA4EDB76208-FollowerState: change to CANDIDATE, lastRpcTime:43ms, electionTimeout:43ms
2019-10-17 20:24:14,946 [Thread-521] INFO  impl.RoleInfo (RoleInfo.java:shutdownFollowerState(121)) - 0e723869-d81b-4250-bf7c-b3eb1c130cc4: shutdown FollowerState
2019-10-17 20:24:14,947 [Thread-521] INFO  impl.RaftServerImpl (RaftServerImpl.java:setRole(184)) - 0e723869-d81b-4250-bf7c-b3eb1c130cc4@group-0FA4EDB76208: changes role from  FOLLOWER to CANDIDATE at term 23 for changeToCandidate
2019-10-17 20:24:14,947 [Thread-521] INFO  impl.RoleInfo (RoleInfo.java:updateAndGet(143)) - 0e723869-d81b-4250-bf7c-b3eb1c130cc4: start LeaderElection
2019-10-17 20:24:14,973 [Thread-522] INFO  rpc.RpcClient (RpcClient.java:createVolume(272)) - Creating Volume: volume06501, with user54547 as owner.
2019-10-17 20:24:14,975 [IPC Server handler 8 on 46470] INFO  volume.OMVolumeCreateRequest (OMVolumeCreateRequest.java:validateAndUpdateCache(193)) - created volume:volume06501 for user:user54547
2019-10-17 20:24:14,976 [0e723869-d81b-4250-bf7c-b3eb1c130cc4@group-0FA4EDB76208-LeaderElection38] INFO  impl.LeaderElection (LeaderElection.java:askForVotes(178)) - 0e723869-d81b-4250-bf7c-b3eb1c130cc4@group-0FA4EDB76208-LeaderElection38: begin an election at term 24 for -1: [0e723869-d81b-4250-bf7c-b3eb1c130cc4:192.168.164.201:41994, a20d02fb-e889-4888-8041-7f0d463e97dc:192.168.164.201:39512, de4dd1fb-8e89-4d8f-a94c-eecd5ba9e4a0:192.168.164.201:35026], old=null
2019-10-17 20:24:14,977 [Thread-522] INFO  rpc.RpcClient (RpcClient.java:createBucket(411)) - Creating Bucket: volume06501/bucket26906, with Versioning false and Storage Type set to DISK and Encryption set to false 
2019-10-17 20:24:14,980 [grpc-default-executor-7] INFO  impl.RaftServerImpl (RaftServerImpl.java:setRole(184)) - de4dd1fb-8e89-4d8f-a94c-eecd5ba9e4a0@group-0FA4EDB76208: changes role from  FOLLOWER to FOLLOWER at term 24 for recognizeCandidate:0e723869-d81b-4250-bf7c-b3eb1c130cc4
2019-10-17 20:24:14,980 [grpc-default-executor-3] INFO  impl.RaftServerImpl (RaftServerImpl.java:setRole(184)) - a20d02fb-e889-4888-8041-7f0d463e97dc@group-0FA4EDB76208: changes role from  FOLLOWER to FOLLOWER at term 24 for recognizeCandidate:0e723869-d81b-4250-bf7c-b3eb1c130cc4
2019-10-17 20:24:14,980 [grpc-default-executor-7] INFO  impl.RoleInfo (RoleInfo.java:shutdownFollowerState(121)) - de4dd1fb-8e89-4d8f-a94c-eecd5ba9e4a0: shutdown FollowerState
2019-10-17 20:24:14,981 [grpc-default-executor-3] INFO  impl.RoleInfo (RoleInfo.java:shutdownFollowerState(121)) - a20d02fb-e889-4888-8041-7f0d463e97dc: shutdown FollowerState
2019-10-17 20:24:14,981 [Thread-519] INFO  impl.FollowerState (FollowerState.java:run(117)) - de4dd1fb-8e89-4d8f-a94c-eecd5ba9e4a0@group-0FA4EDB76208-FollowerState was interrupted: java.lang.InterruptedException: sleep interrupted
2019-10-17 20:24:14,981 [grpc-default-executor-7] INFO  impl.RoleInfo (RoleInfo.java:updateAndGet(143)) - de4dd1fb-8e89-4d8f-a94c-eecd5ba9e4a0: start FollowerState
2019-10-17 20:24:14,981 [Thread-520] INFO  impl.FollowerState (FollowerState.java:run(117)) - a20d02fb-e889-4888-8041-7f0d463e97dc@group-0FA4EDB76208-FollowerState was interrupted: java.lang.InterruptedException: sleep interrupted
2019-10-17 20:24:14,981 [grpc-default-executor-3] INFO  impl.RoleInfo (RoleInfo.java:updateAndGet(143)) - a20d02fb-e889-4888-8041-7f0d463e97dc: start FollowerState
2019-10-17 20:24:15,010 [0e723869-d81b-4250-bf7c-b3eb1c130cc4@group-0FA4EDB76208-LeaderElection38] INFO  impl.LeaderElection (LeaderElection.java:logAndReturn(56)) - 0e723869-d81b-4250-bf7c-b3eb1c130cc4@group-0FA4EDB76208-LeaderElection38: Election TIMEOUT; received 0 response(s) [] and 0 exception(s); 0e723869-d81b-4250-bf7c-b3eb1c130cc4@group-0FA4EDB76208:t24, leader=null, voted=0e723869-d81b-4250-bf7c-b3eb1c130cc4, raftlog=0e723869-d81b-4250-bf7c-b3eb1c130cc4@group-0FA4EDB76208-SegmentedRaftLog:OPENED:c-1,f-1,i0, conf=-1: [0e723869-d81b-4250-bf7c-b3eb1c130cc4:192.168.164.201:41994, a20d02fb-e889-4888-8041-7f0d463e97dc:192.168.164.201:39512, de4dd1fb-8e89-4d8f-a94c-eecd5ba9e4a0:192.168.164.201:35026], old=null
2019-10-17 20:24:15,029 [Thread-522] INFO  contract.AbstractFSContractTestBase (AbstractFSContractTestBase.java:setup(184)) - Test filesystem = o3fs://bucket26906.volume06501 implemented by OzoneFileSystem{URI=o3fs://bucket26906.volume06501, workingDir=o3fs://bucket26906.volume06501/user/jenkins1000, userName=jenkins1000, statistics=0 bytes read, 0 bytes written, 51 read ops, 0 large read ops, 34 write ops}
2019-10-17 20:24:15,035 [0e723869-d81b-4250-bf7c-b3eb1c130cc4@group-0FA4EDB76208-LeaderElection38] INFO  impl.LeaderElection (LeaderElection.java:askForVotes(178)) - 0e723869-d81b-4250-bf7c-b3eb1c130cc4@group-0FA4EDB76208-LeaderElection38: begin an election at term 25 for -1: [0e723869-d81b-4250-bf7c-b3eb1c130cc4:192.168.164.201:41994, a20d02fb-e889-4888-8041-7f0d463e97dc:192.168.164.201:39512, de4dd1fb-8e89-4d8f-a94c-eecd5ba9e4a0:192.168.164.201:35026], old=null
2019-10-17 20:24:15,036 [IPC Server handler 7 on 39481] WARN  block.BlockManagerImpl (BlockManagerImpl.java:allocateBlock(200)) - Pipeline creation failed for type:RATIS factor:THREE. Retrying get pipelines call once.
org.apache.hadoop.hdds.scm.pipeline.InsufficientDatanodesException: Cannot create pipeline of factor 3 using 2 nodes.
	at org.apache.hadoop.hdds.scm.pipeline.RatisPipelineProvider.create(RatisPipelineProvider.java:153)
	at org.apache.hadoop.hdds.scm.pipeline.PipelineFactory.create(PipelineFactory.java:58)
	at org.apache.hadoop.hdds.scm.pipeline.SCMPipelineManager.createPipeline(SCMPipelineManager.java:155)
	at org.apache.hadoop.hdds.scm.block.BlockManagerImpl.allocateBlock(BlockManagerImpl.java:198)
	at org.apache.hadoop.hdds.scm.server.SCMBlockProtocolServer.allocateBlock(SCMBlockProtocolServer.java:182)
	at org.apache.hadoop.hdds.scm.protocol.ScmBlockLocationProtocolServerSideTranslatorPB.allocateScmBlock(ScmBlockLocationProtocolServerSideTranslatorPB.java:159)
	at org.apache.hadoop.hdds.scm.protocol.ScmBlockLocationProtocolServerSideTranslatorPB.processMessage(ScmBlockLocationProtocolServerSideTranslatorPB.java:117)
	at org.apache.hadoop.hdds.server.OzoneProtocolMessageDispatcher.processRequest(OzoneProtocolMessageDispatcher.java:72)
	at org.apache.hadoop.hdds.scm.protocol.ScmBlockLocationProtocolServerSideTranslatorPB.send(ScmBlockLocationProtocolServerSideTranslatorPB.java:98)
	at org.apache.hadoop.hdds.protocol.proto.ScmBlockLocationProtocolProtos$ScmBlockLocationProtocolService$2.callBlockingMethod(ScmBlockLocationProtocolProtos.java:13157)
	at org.apache.hadoop.ipc.ProtobufRpcEngine$Server$ProtoBufRpcInvoker.call(ProtobufRpcEngine.java:524)
	at org.apache.hadoop.ipc.RPC$Server.call(RPC.java:1025)
	at org.apache.hadoop.ipc.Server$RpcCall.run(Server.java:876)
	at org.apache.hadoop.ipc.Server$RpcCall.run(Server.java:822)
	at java.security.AccessController.doPrivileged(Native Method)
	at javax.security.auth.Subject.doAs(Subject.java:422)
	at org.apache.hadoop.security.UserGroupInformation.doAs(UserGroupInformation.java:1730)
	at org.apache.hadoop.ipc.Server$Handler.run(Server.java:2682)
2019-10-17 20:24:15,037 [IPC Server handler 7 on 39481] INFO  block.BlockManagerImpl (BlockManagerImpl.java:allocateBlock(212)) - Could not find available pipeline of type:RATIS and factor:THREE even after retrying
2019-10-17 20:24:15,037 [IPC Server handler 7 on 39481] ERROR block.BlockManagerImpl (BlockManagerImpl.java:allocateBlock(236)) - Unable to allocate a block for the size: 4194304, type: RATIS, factor: THREE
2019-10-17 20:24:15,039 [grpc-default-executor-3] INFO  impl.RaftServerImpl (RaftServerImpl.java:setRole(184)) - de4dd1fb-8e89-4d8f-a94c-eecd5ba9e4a0@group-0FA4EDB76208: changes role from  FOLLOWER to FOLLOWER at term 25 for recognizeCandidate:0e723869-d81b-4250-bf7c-b3eb1c130cc4
2019-10-17 20:24:15,039 [grpc-default-executor-7] INFO  impl.RaftServerImpl (RaftServerImpl.java:setRole(184)) - a20d02fb-e889-4888-8041-7f0d463e97dc@group-0FA4EDB76208: changes role from  FOLLOWER to FOLLOWER at term 25 for recognizeCandidate:0e723869-d81b-4250-bf7c-b3eb1c130cc4
2019-10-17 20:24:15,039 [grpc-default-executor-3] INFO  impl.RoleInfo (RoleInfo.java:shutdownFollowerState(121)) - de4dd1fb-8e89-4d8f-a94c-eecd5ba9e4a0: shutdown FollowerState
2019-10-17 20:24:15,039 [grpc-default-executor-7] INFO  impl.RoleInfo (RoleInfo.java:shutdownFollowerState(121)) - a20d02fb-e889-4888-8041-7f0d463e97dc: shutdown FollowerState
2019-10-17 20:24:15,039 [Thread-527] INFO  impl.FollowerState (FollowerState.java:run(117)) - de4dd1fb-8e89-4d8f-a94c-eecd5ba9e4a0@group-0FA4EDB76208-FollowerState was interrupted: java.lang.InterruptedException: sleep interrupted
2019-10-17 20:24:15,039 [grpc-default-executor-3] INFO  impl.RoleInfo (RoleInfo.java:updateAndGet(143)) - de4dd1fb-8e89-4d8f-a94c-eecd5ba9e4a0: start FollowerState
2019-10-17 20:24:15,039 [Thread-528] INFO  impl.FollowerState (FollowerState.java:run(117)) - a20d02fb-e889-4888-8041-7f0d463e97dc@group-0FA4EDB76208-FollowerState was interrupted: java.lang.InterruptedException: sleep interrupted
2019-10-17 20:24:15,039 [grpc-default-executor-7] INFO  impl.RoleInfo (RoleInfo.java:updateAndGet(143)) - a20d02fb-e889-4888-8041-7f0d463e97dc: start FollowerState
]]></system-out>
  </testcase>
</testsuite>