<?xml version="1.0" encoding="UTF-8"?>
<testsuite xmlns:xsi="http://www.w3.org/2001/XMLSchema-instance" xsi:noNamespaceSchemaLocation="https://maven.apache.org/surefire/maven-surefire-plugin/xsd/surefire-test-report.xsd" name="org.apache.hadoop.fs.ozone.TestOzoneFileSystem" time="207.082" tests="8" errors="1" skipped="0" failures="0">
  <properties>
    <property name="awt.toolkit" value="sun.awt.X11.XToolkit"/>
    <property name="file.encoding.pkg" value="sun.io"/>
    <property name="java.specification.version" value="1.8"/>
    <property name="sun.cpu.isalist" value=""/>
    <property name="sun.jnu.encoding" value="ANSI_X3.4-1968"/>
    <property name="java.class.path" value="/workdir/hadoop-ozone/ozonefs/target/test-classes:/workdir/hadoop-ozone/ozonefs/target/classes:/home/user/.m2/repository/org/apache/hadoop/hadoop-common/3.2.0/hadoop-common-3.2.0.jar:/home/user/.m2/repository/org/apache/hadoop/hadoop-annotations/3.2.0/hadoop-annotations-3.2.0.jar:/usr/lib/jvm/java-1.8.0-openjdk-1.8.0.222.b10-1.el7_7.x86_64/jre/../lib/tools.jar:/home/user/.m2/repository/com/google/guava/guava/11.0.2/guava-11.0.2.jar:/home/user/.m2/repository/commons-cli/commons-cli/1.2/commons-cli-1.2.jar:/home/user/.m2/repository/org/apache/commons/commons-math3/3.1.1/commons-math3-3.1.1.jar:/home/user/.m2/repository/commons-codec/commons-codec/1.11/commons-codec-1.11.jar:/home/user/.m2/repository/commons-io/commons-io/2.5/commons-io-2.5.jar:/home/user/.m2/repository/commons-net/commons-net/3.6/commons-net-3.6.jar:/home/user/.m2/repository/commons-collections/commons-collections/3.2.2/commons-collections-3.2.2.jar:/home/user/.m2/repository/javax/servlet/javax.servlet-api/3.1.0/javax.servlet-api-3.1.0.jar:/home/user/.m2/repository/org/eclipse/jetty/jetty-server/9.3.25.v20180904/jetty-server-9.3.25.v20180904.jar:/home/user/.m2/repository/org/eclipse/jetty/jetty-http/9.3.25.v20180904/jetty-http-9.3.25.v20180904.jar:/home/user/.m2/repository/org/eclipse/jetty/jetty-io/9.3.25.v20180904/jetty-io-9.3.25.v20180904.jar:/home/user/.m2/repository/org/eclipse/jetty/jetty-util/9.3.25.v20180904/jetty-util-9.3.25.v20180904.jar:/home/user/.m2/repository/org/eclipse/jetty/jetty-servlet/9.3.25.v20180904/jetty-servlet-9.3.25.v20180904.jar:/home/user/.m2/repository/org/eclipse/jetty/jetty-security/9.3.25.v20180904/jetty-security-9.3.25.v20180904.jar:/home/user/.m2/repository/org/eclipse/jetty/jetty-webapp/9.3.25.v20180904/jetty-webapp-9.3.25.v20180904.jar:/home/user/.m2/repository/org/eclipse/jetty/jetty-xml/9.3.25.v20180904/jetty-xml-9.3.25.v20180904.jar:/home/user/.m2/repository/javax/servlet/jsp/jsp-api/2.1/jsp-api-2.1.jar:/home/user/.m2/repository/com/sun/jersey/jersey-core/1.19/jersey-core-1.19.jar:/home/user/.m2/repository/javax/ws/rs/jsr311-api/1.1.1/jsr311-api-1.1.1.jar:/home/user/.m2/repository/com/sun/jersey/jersey-servlet/1.19/jersey-servlet-1.19.jar:/home/user/.m2/repository/com/sun/jersey/jersey-json/1.19/jersey-json-1.19.jar:/home/user/.m2/repository/org/codehaus/jettison/jettison/1.1/jettison-1.1.jar:/home/user/.m2/repository/com/sun/xml/bind/jaxb-impl/2.3.0.1/jaxb-impl-2.3.0.1.jar:/home/user/.m2/repository/org/codehaus/jackson/jackson-core-asl/1.9.13/jackson-core-asl-1.9.13.jar:/home/user/.m2/repository/org/codehaus/jackson/jackson-mapper-asl/1.9.13/jackson-mapper-asl-1.9.13.jar:/home/user/.m2/repository/org/codehaus/jackson/jackson-jaxrs/1.9.13/jackson-jaxrs-1.9.13.jar:/home/user/.m2/repository/org/codehaus/jackson/jackson-xc/1.9.13/jackson-xc-1.9.13.jar:/home/user/.m2/repository/com/sun/jersey/jersey-server/1.19/jersey-server-1.19.jar:/home/user/.m2/repository/commons-logging/commons-logging/1.1.3/commons-logging-1.1.3.jar:/home/user/.m2/repository/log4j/log4j/1.2.17/log4j-1.2.17.jar:/home/user/.m2/repository/commons-beanutils/commons-beanutils/1.9.4/commons-beanutils-1.9.4.jar:/home/user/.m2/repository/org/apache/commons/commons-configuration2/2.1.1/commons-configuration2-2.1.1.jar:/home/user/.m2/repository/org/apache/commons/commons-lang3/3.7/commons-lang3-3.7.jar:/home/user/.m2/repository/org/apache/commons/commons-text/1.4/commons-text-1.4.jar:/home/user/.m2/repository/org/slf4j/slf4j-api/1.7.25/slf4j-api-1.7.25.jar:/home/user/.m2/repository/org/slf4j/slf4j-log4j12/1.7.25/slf4j-log4j12-1.7.25.jar:/home/user/.m2/repository/org/apache/avro/avro/1.7.7/avro-1.7.7.jar:/home/user/.m2/repository/com/thoughtworks/paranamer/paranamer/2.3/paranamer-2.3.jar:/home/user/.m2/repository/org/xerial/snappy/snappy-java/1.0.5/snappy-java-1.0.5.jar:/home/user/.m2/repository/com/google/re2j/re2j/1.1/re2j-1.1.jar:/home/user/.m2/repository/com/google/protobuf/protobuf-java/2.5.0/protobuf-java-2.5.0.jar:/home/user/.m2/repository/com/google/code/gson/gson/2.2.4/gson-2.2.4.jar:/home/user/.m2/repository/org/apache/hadoop/hadoop-auth/3.2.0/hadoop-auth-3.2.0.jar:/home/user/.m2/repository/com/nimbusds/nimbus-jose-jwt/4.41.1/nimbus-jose-jwt-4.41.1.jar:/home/user/.m2/repository/com/github/stephenc/jcip/jcip-annotations/1.0-1/jcip-annotations-1.0-1.jar:/home/user/.m2/repository/net/minidev/json-smart/2.3/json-smart-2.3.jar:/home/user/.m2/repository/net/minidev/accessors-smart/1.2/accessors-smart-1.2.jar:/home/user/.m2/repository/org/apache/curator/curator-framework/2.12.0/curator-framework-2.12.0.jar:/home/user/.m2/repository/com/jcraft/jsch/0.1.54/jsch-0.1.54.jar:/home/user/.m2/repository/org/apache/curator/curator-client/2.12.0/curator-client-2.12.0.jar:/home/user/.m2/repository/org/apache/curator/curator-recipes/2.12.0/curator-recipes-2.12.0.jar:/home/user/.m2/repository/com/google/code/findbugs/jsr305/3.0.0/jsr305-3.0.0.jar:/home/user/.m2/repository/org/apache/htrace/htrace-core4/4.1.0-incubating/htrace-core4-4.1.0-incubating.jar:/home/user/.m2/repository/org/apache/zookeeper/zookeeper/3.4.13/zookeeper-3.4.13.jar:/home/user/.m2/repository/jline/jline/0.9.94/jline-0.9.94.jar:/home/user/.m2/repository/org/apache/yetus/audience-annotations/0.5.0/audience-annotations-0.5.0.jar:/home/user/.m2/repository/org/apache/commons/commons-compress/1.4.1/commons-compress-1.4.1.jar:/home/user/.m2/repository/org/tukaani/xz/1.0/xz-1.0.jar:/home/user/.m2/repository/org/apache/kerby/kerb-simplekdc/1.0.1/kerb-simplekdc-1.0.1.jar:/home/user/.m2/repository/org/apache/kerby/kerb-client/1.0.1/kerb-client-1.0.1.jar:/home/user/.m2/repository/org/apache/kerby/kerby-config/1.0.1/kerby-config-1.0.1.jar:/home/user/.m2/repository/org/apache/kerby/kerb-core/1.0.1/kerb-core-1.0.1.jar:/home/user/.m2/repository/org/apache/kerby/kerby-pkix/1.0.1/kerby-pkix-1.0.1.jar:/home/user/.m2/repository/org/apache/kerby/kerby-asn1/1.0.1/kerby-asn1-1.0.1.jar:/home/user/.m2/repository/org/apache/kerby/kerby-util/1.0.1/kerby-util-1.0.1.jar:/home/user/.m2/repository/org/apache/kerby/kerb-common/1.0.1/kerb-common-1.0.1.jar:/home/user/.m2/repository/org/apache/kerby/kerb-crypto/1.0.1/kerb-crypto-1.0.1.jar:/home/user/.m2/repository/org/apache/kerby/kerb-util/1.0.1/kerb-util-1.0.1.jar:/home/user/.m2/repository/org/apache/kerby/token-provider/1.0.1/token-provider-1.0.1.jar:/home/user/.m2/repository/org/apache/kerby/kerb-admin/1.0.1/kerb-admin-1.0.1.jar:/home/user/.m2/repository/org/apache/kerby/kerb-server/1.0.1/kerb-server-1.0.1.jar:/home/user/.m2/repository/org/apache/kerby/kerb-identity/1.0.1/kerb-identity-1.0.1.jar:/home/user/.m2/repository/org/apache/kerby/kerby-xdr/1.0.1/kerby-xdr-1.0.1.jar:/home/user/.m2/repository/com/fasterxml/jackson/core/jackson-databind/2.9.9/jackson-databind-2.9.9.jar:/home/user/.m2/repository/com/fasterxml/jackson/core/jackson-annotations/2.9.9/jackson-annotations-2.9.9.jar:/home/user/.m2/repository/com/fasterxml/jackson/core/jackson-core/2.9.9/jackson-core-2.9.9.jar:/home/user/.m2/repository/org/codehaus/woodstox/stax2-api/3.1.4/stax2-api-3.1.4.jar:/home/user/.m2/repository/com/fasterxml/woodstox/woodstox-core/5.0.3/woodstox-core-5.0.3.jar:/home/user/.m2/repository/dnsjava/dnsjava/2.1.7/dnsjava-2.1.7.jar:/home/user/.m2/repository/org/apache/hadoop/hadoop-hdfs/3.2.0/hadoop-hdfs-3.2.0.jar:/home/user/.m2/repository/org/eclipse/jetty/jetty-util-ajax/9.3.25.v20180904/jetty-util-ajax-9.3.25.v20180904.jar:/home/user/.m2/repository/commons-daemon/commons-daemon/1.0.13/commons-daemon-1.0.13.jar:/home/user/.m2/repository/io/netty/netty/3.10.5.Final/netty-3.10.5.Final.jar:/home/user/.m2/repository/io/netty/netty-all/4.0.52.Final/netty-all-4.0.52.Final.jar:/home/user/.m2/repository/org/fusesource/leveldbjni/leveldbjni-all/1.8/leveldbjni-all-1.8.jar:/home/user/.m2/repository/org/apache/hadoop/hadoop-hdds-common/0.5.0-SNAPSHOT/hadoop-hdds-common-0.5.0-SNAPSHOT.jar:/home/user/.m2/repository/org/apache/hadoop/hadoop-hdds-config/0.5.0-SNAPSHOT/hadoop-hdds-config-0.5.0-SNAPSHOT.jar:/home/user/.m2/repository/javax/annotation/javax.annotation-api/1.2/javax.annotation-api-1.2.jar:/home/user/.m2/repository/org/apache/ratis/ratis-server/0.5.0-3f446aa-SNAPSHOT/ratis-server-0.5.0-3f446aa-SNAPSHOT.jar:/home/user/.m2/repository/org/apache/ratis/ratis-thirdparty-misc/0.2.0/ratis-thirdparty-misc-0.2.0.jar:/home/user/.m2/repository/org/apache/ratis/ratis-proto/0.5.0-3f446aa-SNAPSHOT/ratis-proto-0.5.0-3f446aa-SNAPSHOT.jar:/home/user/.m2/repository/org/apache/ratis/ratis-common/0.5.0-3f446aa-SNAPSHOT/ratis-common-0.5.0-3f446aa-SNAPSHOT.jar:/home/user/.m2/repository/org/apache/ratis/ratis-client/0.5.0-3f446aa-SNAPSHOT/ratis-client-0.5.0-3f446aa-SNAPSHOT.jar:/home/user/.m2/repository/org/apache/ratis/ratis-metrics/0.5.0-3f446aa-SNAPSHOT/ratis-metrics-0.5.0-3f446aa-SNAPSHOT.jar:/home/user/.m2/repository/com/github/joshelser/dropwizard-metrics-hadoop-metrics2-reporter/0.1.2/dropwizard-metrics-hadoop-metrics2-reporter-0.1.2.jar:/home/user/.m2/repository/io/dropwizard/metrics/metrics-jvm/3.2.5/metrics-jvm-3.2.5.jar:/home/user/.m2/repository/io/dropwizard/metrics/metrics-ganglia/3.2.5/metrics-ganglia-3.2.5.jar:/home/user/.m2/repository/info/ganglia/gmetric4j/gmetric4j/1.0.7/gmetric4j-1.0.7.jar:/home/user/.m2/repository/org/apache/ratis/ratis-netty/0.5.0-3f446aa-SNAPSHOT/ratis-netty-0.5.0-3f446aa-SNAPSHOT.jar:/home/user/.m2/repository/org/apache/ratis/ratis-grpc/0.5.0-3f446aa-SNAPSHOT/ratis-grpc-0.5.0-3f446aa-SNAPSHOT.jar:/home/user/.m2/repository/org/rocksdb/rocksdbjni/6.0.1/rocksdbjni-6.0.1.jar:/home/user/.m2/repository/org/apache/logging/log4j/log4j-api/2.11.0/log4j-api-2.11.0.jar:/home/user/.m2/repository/org/apache/logging/log4j/log4j-core/2.11.0/log4j-core-2.11.0.jar:/home/user/.m2/repository/com/lmax/disruptor/3.4.2/disruptor-3.4.2.jar:/home/user/.m2/repository/org/apache/commons/commons-pool2/2.6.0/commons-pool2-2.6.0.jar:/home/user/.m2/repository/org/bouncycastle/bcpkix-jdk15on/1.60/bcpkix-jdk15on-1.60.jar:/home/user/.m2/repository/commons-validator/commons-validator/1.6/commons-validator-1.6.jar:/home/user/.m2/repository/commons-digester/commons-digester/1.8.1/commons-digester-1.8.1.jar:/home/user/.m2/repository/io/jaegertracing/jaeger-client/0.34.0/jaeger-client-0.34.0.jar:/home/user/.m2/repository/io/jaegertracing/jaeger-thrift/0.34.0/jaeger-thrift-0.34.0.jar:/home/user/.m2/repository/org/apache/thrift/libthrift/0.12.0/libthrift-0.12.0.jar:/home/user/.m2/repository/com/squareup/okhttp3/okhttp/3.9.0/okhttp-3.9.0.jar:/home/user/.m2/repository/com/squareup/okio/okio/1.13.0/okio-1.13.0.jar:/home/user/.m2/repository/io/jaegertracing/jaeger-core/0.34.0/jaeger-core-0.34.0.jar:/home/user/.m2/repository/io/jaegertracing/jaeger-tracerresolver/0.34.0/jaeger-tracerresolver-0.34.0.jar:/home/user/.m2/repository/io/opentracing/contrib/opentracing-tracerresolver/0.1.5/opentracing-tracerresolver-0.1.5.jar:/home/user/.m2/repository/io/opentracing/opentracing-util/0.31.0/opentracing-util-0.31.0.jar:/home/user/.m2/repository/io/opentracing/opentracing-api/0.31.0/opentracing-api-0.31.0.jar:/home/user/.m2/repository/io/opentracing/opentracing-noop/0.31.0/opentracing-noop-0.31.0.jar:/home/user/.m2/repository/org/yaml/snakeyaml/1.16/snakeyaml-1.16.jar:/home/user/.m2/repository/org/apache/hadoop/hadoop-hdfs-client/3.2.0/hadoop-hdfs-client-3.2.0.jar:/home/user/.m2/repository/info/picocli/picocli/3.9.6/picocli-3.9.6.jar:/home/user/.m2/repository/org/apache/hadoop/hadoop-hdds-server-scm/0.5.0-SNAPSHOT/hadoop-hdds-server-scm-0.5.0-SNAPSHOT.jar:/home/user/.m2/repository/org/apache/hadoop/hadoop-hdds-docs/0.5.0-SNAPSHOT/hadoop-hdds-docs-0.5.0-SNAPSHOT.jar:/home/user/.m2/repository/io/dropwizard/metrics/metrics-core/3.2.4/metrics-core-3.2.4.jar:/home/user/.m2/repository/org/hamcrest/hamcrest-all/1.3/hamcrest-all-1.3.jar:/home/user/.m2/repository/org/bouncycastle/bcprov-jdk15on/1.60/bcprov-jdk15on-1.60.jar:/home/user/.m2/repository/org/apache/hadoop/hadoop-hdds-server-framework/0.5.0-SNAPSHOT/hadoop-hdds-server-framework-0.5.0-SNAPSHOT.jar:/home/user/.m2/repository/org/apache/hadoop/hadoop-ozone-ozone-manager/0.5.0-SNAPSHOT/hadoop-ozone-ozone-manager-0.5.0-SNAPSHOT.jar:/home/user/.m2/repository/org/apache/hadoop/hadoop-hdds-container-service/0.5.0-SNAPSHOT/hadoop-hdds-container-service-0.5.0-SNAPSHOT.jar:/home/user/.m2/repository/org/apache/hadoop/hadoop-hdds-client/0.5.0-SNAPSHOT/hadoop-hdds-client-0.5.0-SNAPSHOT.jar:/home/user/.m2/repository/org/apache/hadoop/hadoop-ozone-common/0.5.0-SNAPSHOT/hadoop-ozone-common-0.5.0-SNAPSHOT.jar:/home/user/.m2/repository/org/apache/hadoop/hadoop-hdds-tools/0.5.0-SNAPSHOT/hadoop-hdds-tools-0.5.0-SNAPSHOT.jar:/home/user/.m2/repository/org/xerial/sqlite-jdbc/3.25.2/sqlite-jdbc-3.25.2.jar:/home/user/.m2/repository/org/apache/httpcomponents/httpclient/4.5.2/httpclient-4.5.2.jar:/home/user/.m2/repository/org/apache/httpcomponents/httpcore/4.4.4/httpcore-4.4.4.jar:/home/user/.m2/repository/com/github/spotbugs/spotbugs/3.1.12/spotbugs-3.1.12.jar:/home/user/.m2/repository/org/ow2/asm/asm/5.0.4/asm-5.0.4.jar:/home/user/.m2/repository/org/ow2/asm/asm-analysis/7.0/asm-analysis-7.0.jar:/home/user/.m2/repository/org/ow2/asm/asm-commons/7.0/asm-commons-7.0.jar:/home/user/.m2/repository/org/ow2/asm/asm-tree/7.0/asm-tree-7.0.jar:/home/user/.m2/repository/org/ow2/asm/asm-util/7.0/asm-util-7.0.jar:/home/user/.m2/repository/org/apache/bcel/bcel/6.3/bcel-6.3.jar:/home/user/.m2/repository/net/jcip/jcip-annotations/1.0/jcip-annotations-1.0.jar:/home/user/.m2/repository/org/dom4j/dom4j/2.1.1/dom4j-2.1.1.jar:/home/user/.m2/repository/jaxen/jaxen/1.1.6/jaxen-1.1.6.jar:/home/user/.m2/repository/commons-lang/commons-lang/2.6/commons-lang-2.6.jar:/home/user/.m2/repository/com/github/spotbugs/spotbugs-annotations/3.1.12/spotbugs-annotations-3.1.12.jar:/home/user/.m2/repository/org/apache/hadoop/hadoop-common/3.2.0/hadoop-common-3.2.0-tests.jar:/home/user/.m2/repository/org/apache/hadoop/hadoop-ozone-client/0.5.0-SNAPSHOT/hadoop-ozone-client-0.5.0-SNAPSHOT.jar:/home/user/.m2/repository/org/apache/hadoop/hadoop-hdfs/3.2.0/hadoop-hdfs-3.2.0-tests.jar:/workdir/hadoop-ozone/integration-test/target/test-classes:/home/user/.m2/repository/org/apache/hadoop/hadoop-ozone-s3gateway/0.5.0-SNAPSHOT/hadoop-ozone-s3gateway-0.5.0-SNAPSHOT.jar:/home/user/.m2/repository/org/jboss/weld/servlet/weld-servlet/2.4.7.Final/weld-servlet-2.4.7.Final.jar:/home/user/.m2/repository/org/glassfish/jersey/containers/jersey-container-servlet-core/2.27/jersey-container-servlet-core-2.27.jar:/home/user/.m2/repository/org/glassfish/hk2/external/javax.inject/2.5.0-b42/javax.inject-2.5.0-b42.jar:/home/user/.m2/repository/org/glassfish/jersey/core/jersey-common/2.27/jersey-common-2.27.jar:/home/user/.m2/repository/org/glassfish/hk2/osgi-resource-locator/1.0.1/osgi-resource-locator-1.0.1.jar:/home/user/.m2/repository/javax/ws/rs/javax.ws.rs-api/2.1/javax.ws.rs-api-2.1.jar:/home/user/.m2/repository/org/glassfish/jersey/ext/cdi/jersey-cdi1x/2.27/jersey-cdi1x-2.27.jar:/home/user/.m2/repository/org/glassfish/jersey/inject/jersey-hk2/2.27/jersey-hk2-2.27.jar:/home/user/.m2/repository/org/glassfish/hk2/hk2-locator/2.5.0-b42/hk2-locator-2.5.0-b42.jar:/home/user/.m2/repository/org/javassist/javassist/3.22.0-CR2/javassist-3.22.0-CR2.jar:/home/user/.m2/repository/org/glassfish/hk2/hk2-api/2.5.0/hk2-api-2.5.0.jar:/home/user/.m2/repository/org/glassfish/hk2/external/jakarta.inject/2.5.0/jakarta.inject-2.5.0.jar:/home/user/.m2/repository/org/glassfish/hk2/hk2-utils/2.5.0/hk2-utils-2.5.0.jar:/home/user/.m2/repository/jakarta/annotation/jakarta.annotation-api/1.3.4/jakarta.annotation-api-1.3.4.jar:/home/user/.m2/repository/org/glassfish/hk2/external/aopalliance-repackaged/2.5.0/aopalliance-repackaged-2.5.0.jar:/home/user/.m2/repository/com/fasterxml/jackson/dataformat/jackson-dataformat-xml/2.9.0/jackson-dataformat-xml-2.9.0.jar:/home/user/.m2/repository/com/fasterxml/jackson/module/jackson-module-jaxb-annotations/2.9.9/jackson-module-jaxb-annotations-2.9.9.jar:/home/user/.m2/repository/javax/enterprise/cdi-api/1.2/cdi-api-1.2.jar:/home/user/.m2/repository/javax/el/javax.el-api/3.0.0/javax.el-api-3.0.0.jar:/home/user/.m2/repository/javax/interceptor/javax.interceptor-api/1.2/javax.interceptor-api-1.2.jar:/home/user/.m2/repository/javax/inject/javax.inject/1/javax.inject-1.jar:/home/user/.m2/repository/com/sun/xml/bind/jaxb-core/2.3.0.1/jaxb-core-2.3.0.1.jar:/home/user/.m2/repository/javax/xml/bind/jaxb-api/2.3.0/jaxb-api-2.3.0.jar:/home/user/.m2/repository/javax/activation/activation/1.1.1/activation-1.1.1.jar:/home/user/.m2/repository/org/apache/hadoop/hadoop-ozone-csi/0.5.0-SNAPSHOT/hadoop-ozone-csi-0.5.0-SNAPSHOT.jar:/home/user/.m2/repository/com/google/protobuf/protobuf-java-util/3.5.1/protobuf-java-util-3.5.1.jar:/home/user/.m2/repository/io/grpc/grpc-netty/1.17.1/grpc-netty-1.17.1.jar:/home/user/.m2/repository/io/grpc/grpc-core/1.17.1/grpc-core-1.17.1.jar:/home/user/.m2/repository/io/grpc/grpc-context/1.17.1/grpc-context-1.17.1.jar:/home/user/.m2/repository/com/google/errorprone/error_prone_annotations/2.2.0/error_prone_annotations-2.2.0.jar:/home/user/.m2/repository/org/codehaus/mojo/animal-sniffer-annotations/1.17/animal-sniffer-annotations-1.17.jar:/home/user/.m2/repository/io/opencensus/opencensus-api/0.17.0/opencensus-api-0.17.0.jar:/home/user/.m2/repository/io/opencensus/opencensus-contrib-grpc-metrics/0.17.0/opencensus-contrib-grpc-metrics-0.17.0.jar:/home/user/.m2/repository/io/netty/netty-codec-http2/4.1.30.Final/netty-codec-http2-4.1.30.Final.jar:/home/user/.m2/repository/io/netty/netty-codec-http/4.1.30.Final/netty-codec-http-4.1.30.Final.jar:/home/user/.m2/repository/io/netty/netty-codec/4.1.30.Final/netty-codec-4.1.30.Final.jar:/home/user/.m2/repository/io/netty/netty-handler/4.1.30.Final/netty-handler-4.1.30.Final.jar:/home/user/.m2/repository/io/netty/netty-handler-proxy/4.1.30.Final/netty-handler-proxy-4.1.30.Final.jar:/home/user/.m2/repository/io/netty/netty-codec-socks/4.1.30.Final/netty-codec-socks-4.1.30.Final.jar:/home/user/.m2/repository/io/netty/netty-transport-native-epoll/4.1.30.Final/netty-transport-native-epoll-4.1.30.Final.jar:/home/user/.m2/repository/io/netty/netty-common/4.1.30.Final/netty-common-4.1.30.Final.jar:/home/user/.m2/repository/io/netty/netty-buffer/4.1.30.Final/netty-buffer-4.1.30.Final.jar:/home/user/.m2/repository/io/netty/netty-transport/4.1.30.Final/netty-transport-4.1.30.Final.jar:/home/user/.m2/repository/io/netty/netty-resolver/4.1.30.Final/netty-resolver-4.1.30.Final.jar:/home/user/.m2/repository/io/netty/netty-transport-native-unix-common/4.1.30.Final/netty-transport-native-unix-common-4.1.30.Final.jar:/home/user/.m2/repository/io/grpc/grpc-protobuf/1.17.1/grpc-protobuf-1.17.1.jar:/home/user/.m2/repository/com/google/api/grpc/proto-google-common-protos/1.0.0/proto-google-common-protos-1.0.0.jar:/home/user/.m2/repository/io/grpc/grpc-protobuf-lite/1.17.1/grpc-protobuf-lite-1.17.1.jar:/home/user/.m2/repository/io/grpc/grpc-stub/1.17.1/grpc-stub-1.17.1.jar:/home/user/.m2/repository/org/apache/hadoop/hadoop-ozone-recon/0.5.0-SNAPSHOT/hadoop-ozone-recon-0.5.0-SNAPSHOT.jar:/home/user/.m2/repository/org/apache/hadoop/hadoop-ozone-reconcodegen/0.5.0-SNAPSHOT/hadoop-ozone-reconcodegen-0.5.0-SNAPSHOT.jar:/home/user/.m2/repository/com/google/inject/extensions/guice-multibindings/4.0/guice-multibindings-4.0.jar:/home/user/.m2/repository/com/google/inject/guice/4.0/guice-4.0.jar:/home/user/.m2/repository/aopalliance/aopalliance/1.0/aopalliance-1.0.jar:/home/user/.m2/repository/org/glassfish/jersey/containers/jersey-container-servlet/2.27/jersey-container-servlet-2.27.jar:/home/user/.m2/repository/org/glassfish/hk2/guice-bridge/2.5.0/guice-bridge-2.5.0.jar:/home/user/.m2/repository/org/glassfish/jersey/core/jersey-server/2.27/jersey-server-2.27.jar:/home/user/.m2/repository/org/glassfish/jersey/core/jersey-client/2.27/jersey-client-2.27.jar:/home/user/.m2/repository/org/glassfish/jersey/media/jersey-media-jaxb/2.27/jersey-media-jaxb-2.27.jar:/home/user/.m2/repository/javax/validation/validation-api/1.1.0.Final/validation-api-1.1.0.Final.jar:/home/user/.m2/repository/org/glassfish/jersey/media/jersey-media-json-jackson/2.27/jersey-media-json-jackson-2.27.jar:/home/user/.m2/repository/org/glassfish/jersey/ext/jersey-entity-filtering/2.27/jersey-entity-filtering-2.27.jar:/home/user/.m2/repository/com/google/inject/extensions/guice-assistedinject/4.0/guice-assistedinject-4.0.jar:/home/user/.m2/repository/org/jooq/jooq/3.11.10/jooq-3.11.10.jar:/home/user/.m2/repository/org/jooq/jooq-meta/3.11.10/jooq-meta-3.11.10.jar:/home/user/.m2/repository/org/jooq/jooq-codegen/3.11.10/jooq-codegen-3.11.10.jar:/home/user/.m2/repository/com/jolbox/bonecp/0.8.0.RELEASE/bonecp-0.8.0.RELEASE.jar:/home/user/.m2/repository/org/springframework/spring-jdbc/5.1.3.RELEASE/spring-jdbc-5.1.3.RELEASE.jar:/home/user/.m2/repository/org/springframework/spring-beans/5.1.3.RELEASE/spring-beans-5.1.3.RELEASE.jar:/home/user/.m2/repository/org/springframework/spring-core/5.1.3.RELEASE/spring-core-5.1.3.RELEASE.jar:/home/user/.m2/repository/org/springframework/spring-jcl/5.1.3.RELEASE/spring-jcl-5.1.3.RELEASE.jar:/home/user/.m2/repository/org/springframework/spring-tx/5.1.3.RELEASE/spring-tx-5.1.3.RELEASE.jar:/home/user/.m2/repository/org/mockito/mockito-all/1.10.19/mockito-all-1.10.19.jar:/home/user/.m2/repository/junit/junit/4.11/junit-4.11.jar:/home/user/.m2/repository/org/hamcrest/hamcrest-core/1.3/hamcrest-core-1.3.jar:/home/user/.m2/repository/org/apache/hadoop/hadoop-distcp/3.2.0/hadoop-distcp-3.2.0.jar:/home/user/.m2/repository/org/apache/hadoop/hadoop-distcp/3.2.0/hadoop-distcp-3.2.0-tests.jar:/home/user/.m2/repository/org/apache/hadoop/hadoop-mapreduce-client-jobclient/3.2.0/hadoop-mapreduce-client-jobclient-3.2.0.jar:/home/user/.m2/repository/org/apache/hadoop/hadoop-mapreduce-client-common/3.2.0/hadoop-mapreduce-client-common-3.2.0.jar:/home/user/.m2/repository/org/apache/hadoop/hadoop-yarn-common/3.2.0/hadoop-yarn-common-3.2.0.jar:/home/user/.m2/repository/org/apache/hadoop/hadoop-yarn-api/3.2.0/hadoop-yarn-api-3.2.0.jar:/home/user/.m2/repository/com/sun/jersey/jersey-client/1.19/jersey-client-1.19.jar:/home/user/.m2/repository/com/sun/jersey/contribs/jersey-guice/1.19/jersey-guice-1.19.jar:/home/user/.m2/repository/com/fasterxml/jackson/jaxrs/jackson-jaxrs-json-provider/2.9.9/jackson-jaxrs-json-provider-2.9.9.jar:/home/user/.m2/repository/com/fasterxml/jackson/jaxrs/jackson-jaxrs-base/2.9.9/jackson-jaxrs-base-2.9.9.jar:/home/user/.m2/repository/org/apache/hadoop/hadoop-yarn-client/3.2.0/hadoop-yarn-client-3.2.0.jar:/home/user/.m2/repository/org/apache/hadoop/hadoop-mapreduce-client-core/3.2.0/hadoop-mapreduce-client-core-3.2.0.jar:/home/user/.m2/repository/com/google/inject/extensions/guice-servlet/4.0/guice-servlet-4.0.jar:/home/user/.m2/repository/org/powermock/powermock-module-junit4/1.6.5/powermock-module-junit4-1.6.5.jar:/home/user/.m2/repository/org/powermock/powermock-module-junit4-common/1.6.5/powermock-module-junit4-common-1.6.5.jar:/home/user/.m2/repository/org/powermock/powermock-core/1.6.5/powermock-core-1.6.5.jar:/home/user/.m2/repository/org/powermock/powermock-reflect/1.6.5/powermock-reflect-1.6.5.jar:/home/user/.m2/repository/org/powermock/powermock-api-mockito/1.6.5/powermock-api-mockito-1.6.5.jar:/home/user/.m2/repository/org/mockito/mockito-core/1.10.19/mockito-core-1.10.19.jar:/home/user/.m2/repository/org/objenesis/objenesis/1.0/objenesis-1.0.jar:/home/user/.m2/repository/org/powermock/powermock-api-mockito-common/1.6.5/powermock-api-mockito-common-1.6.5.jar:/home/user/.m2/repository/org/powermock/powermock-api-support/1.6.5/powermock-api-support-1.6.5.jar:"/>
    <property name="java.vm.vendor" value="Oracle Corporation"/>
    <property name="sun.arch.data.model" value="64"/>
    <property name="test.build.dir" value="/workdir/hadoop-ozone/ozonefs/target/test-dir"/>
    <property name="test.cache.data" value=""/>
    <property name="java.vendor.url" value="http://java.oracle.com/"/>
    <property name="user.timezone" value=""/>
    <property name="java.vm.specification.version" value="1.8"/>
    <property name="os.name" value="Linux"/>
    <property name="test.build.data" value="/workdir/hadoop-ozone/ozonefs/target/test-dir"/>
    <property name="user.country" value="US"/>
    <property name="sun.java.launcher" value="SUN_STANDARD"/>
    <property name="sun.boot.library.path" value="/usr/lib/jvm/java-1.8.0-openjdk-1.8.0.222.b10-1.el7_7.x86_64/jre/lib/amd64"/>
    <property name="sun.java.command" value="/workdir/hadoop-ozone/ozonefs/target/surefire/surefirebooter3728158937692437663.jar /workdir/hadoop-ozone/ozonefs/target/surefire 2019-10-17T18-57-27_965-jvmRun1 surefire7146373102987759608tmp surefire_986374939752952123666tmp"/>
    <property name="surefire.test.class.path" value="/workdir/hadoop-ozone/ozonefs/target/test-classes:/workdir/hadoop-ozone/ozonefs/target/classes:/home/user/.m2/repository/org/apache/hadoop/hadoop-common/3.2.0/hadoop-common-3.2.0.jar:/home/user/.m2/repository/org/apache/hadoop/hadoop-annotations/3.2.0/hadoop-annotations-3.2.0.jar:/usr/lib/jvm/java-1.8.0-openjdk-1.8.0.222.b10-1.el7_7.x86_64/jre/../lib/tools.jar:/home/user/.m2/repository/com/google/guava/guava/11.0.2/guava-11.0.2.jar:/home/user/.m2/repository/commons-cli/commons-cli/1.2/commons-cli-1.2.jar:/home/user/.m2/repository/org/apache/commons/commons-math3/3.1.1/commons-math3-3.1.1.jar:/home/user/.m2/repository/commons-codec/commons-codec/1.11/commons-codec-1.11.jar:/home/user/.m2/repository/commons-io/commons-io/2.5/commons-io-2.5.jar:/home/user/.m2/repository/commons-net/commons-net/3.6/commons-net-3.6.jar:/home/user/.m2/repository/commons-collections/commons-collections/3.2.2/commons-collections-3.2.2.jar:/home/user/.m2/repository/javax/servlet/javax.servlet-api/3.1.0/javax.servlet-api-3.1.0.jar:/home/user/.m2/repository/org/eclipse/jetty/jetty-server/9.3.25.v20180904/jetty-server-9.3.25.v20180904.jar:/home/user/.m2/repository/org/eclipse/jetty/jetty-http/9.3.25.v20180904/jetty-http-9.3.25.v20180904.jar:/home/user/.m2/repository/org/eclipse/jetty/jetty-io/9.3.25.v20180904/jetty-io-9.3.25.v20180904.jar:/home/user/.m2/repository/org/eclipse/jetty/jetty-util/9.3.25.v20180904/jetty-util-9.3.25.v20180904.jar:/home/user/.m2/repository/org/eclipse/jetty/jetty-servlet/9.3.25.v20180904/jetty-servlet-9.3.25.v20180904.jar:/home/user/.m2/repository/org/eclipse/jetty/jetty-security/9.3.25.v20180904/jetty-security-9.3.25.v20180904.jar:/home/user/.m2/repository/org/eclipse/jetty/jetty-webapp/9.3.25.v20180904/jetty-webapp-9.3.25.v20180904.jar:/home/user/.m2/repository/org/eclipse/jetty/jetty-xml/9.3.25.v20180904/jetty-xml-9.3.25.v20180904.jar:/home/user/.m2/repository/javax/servlet/jsp/jsp-api/2.1/jsp-api-2.1.jar:/home/user/.m2/repository/com/sun/jersey/jersey-core/1.19/jersey-core-1.19.jar:/home/user/.m2/repository/javax/ws/rs/jsr311-api/1.1.1/jsr311-api-1.1.1.jar:/home/user/.m2/repository/com/sun/jersey/jersey-servlet/1.19/jersey-servlet-1.19.jar:/home/user/.m2/repository/com/sun/jersey/jersey-json/1.19/jersey-json-1.19.jar:/home/user/.m2/repository/org/codehaus/jettison/jettison/1.1/jettison-1.1.jar:/home/user/.m2/repository/com/sun/xml/bind/jaxb-impl/2.3.0.1/jaxb-impl-2.3.0.1.jar:/home/user/.m2/repository/org/codehaus/jackson/jackson-core-asl/1.9.13/jackson-core-asl-1.9.13.jar:/home/user/.m2/repository/org/codehaus/jackson/jackson-mapper-asl/1.9.13/jackson-mapper-asl-1.9.13.jar:/home/user/.m2/repository/org/codehaus/jackson/jackson-jaxrs/1.9.13/jackson-jaxrs-1.9.13.jar:/home/user/.m2/repository/org/codehaus/jackson/jackson-xc/1.9.13/jackson-xc-1.9.13.jar:/home/user/.m2/repository/com/sun/jersey/jersey-server/1.19/jersey-server-1.19.jar:/home/user/.m2/repository/commons-logging/commons-logging/1.1.3/commons-logging-1.1.3.jar:/home/user/.m2/repository/log4j/log4j/1.2.17/log4j-1.2.17.jar:/home/user/.m2/repository/commons-beanutils/commons-beanutils/1.9.4/commons-beanutils-1.9.4.jar:/home/user/.m2/repository/org/apache/commons/commons-configuration2/2.1.1/commons-configuration2-2.1.1.jar:/home/user/.m2/repository/org/apache/commons/commons-lang3/3.7/commons-lang3-3.7.jar:/home/user/.m2/repository/org/apache/commons/commons-text/1.4/commons-text-1.4.jar:/home/user/.m2/repository/org/slf4j/slf4j-api/1.7.25/slf4j-api-1.7.25.jar:/home/user/.m2/repository/org/slf4j/slf4j-log4j12/1.7.25/slf4j-log4j12-1.7.25.jar:/home/user/.m2/repository/org/apache/avro/avro/1.7.7/avro-1.7.7.jar:/home/user/.m2/repository/com/thoughtworks/paranamer/paranamer/2.3/paranamer-2.3.jar:/home/user/.m2/repository/org/xerial/snappy/snappy-java/1.0.5/snappy-java-1.0.5.jar:/home/user/.m2/repository/com/google/re2j/re2j/1.1/re2j-1.1.jar:/home/user/.m2/repository/com/google/protobuf/protobuf-java/2.5.0/protobuf-java-2.5.0.jar:/home/user/.m2/repository/com/google/code/gson/gson/2.2.4/gson-2.2.4.jar:/home/user/.m2/repository/org/apache/hadoop/hadoop-auth/3.2.0/hadoop-auth-3.2.0.jar:/home/user/.m2/repository/com/nimbusds/nimbus-jose-jwt/4.41.1/nimbus-jose-jwt-4.41.1.jar:/home/user/.m2/repository/com/github/stephenc/jcip/jcip-annotations/1.0-1/jcip-annotations-1.0-1.jar:/home/user/.m2/repository/net/minidev/json-smart/2.3/json-smart-2.3.jar:/home/user/.m2/repository/net/minidev/accessors-smart/1.2/accessors-smart-1.2.jar:/home/user/.m2/repository/org/apache/curator/curator-framework/2.12.0/curator-framework-2.12.0.jar:/home/user/.m2/repository/com/jcraft/jsch/0.1.54/jsch-0.1.54.jar:/home/user/.m2/repository/org/apache/curator/curator-client/2.12.0/curator-client-2.12.0.jar:/home/user/.m2/repository/org/apache/curator/curator-recipes/2.12.0/curator-recipes-2.12.0.jar:/home/user/.m2/repository/com/google/code/findbugs/jsr305/3.0.0/jsr305-3.0.0.jar:/home/user/.m2/repository/org/apache/htrace/htrace-core4/4.1.0-incubating/htrace-core4-4.1.0-incubating.jar:/home/user/.m2/repository/org/apache/zookeeper/zookeeper/3.4.13/zookeeper-3.4.13.jar:/home/user/.m2/repository/jline/jline/0.9.94/jline-0.9.94.jar:/home/user/.m2/repository/org/apache/yetus/audience-annotations/0.5.0/audience-annotations-0.5.0.jar:/home/user/.m2/repository/org/apache/commons/commons-compress/1.4.1/commons-compress-1.4.1.jar:/home/user/.m2/repository/org/tukaani/xz/1.0/xz-1.0.jar:/home/user/.m2/repository/org/apache/kerby/kerb-simplekdc/1.0.1/kerb-simplekdc-1.0.1.jar:/home/user/.m2/repository/org/apache/kerby/kerb-client/1.0.1/kerb-client-1.0.1.jar:/home/user/.m2/repository/org/apache/kerby/kerby-config/1.0.1/kerby-config-1.0.1.jar:/home/user/.m2/repository/org/apache/kerby/kerb-core/1.0.1/kerb-core-1.0.1.jar:/home/user/.m2/repository/org/apache/kerby/kerby-pkix/1.0.1/kerby-pkix-1.0.1.jar:/home/user/.m2/repository/org/apache/kerby/kerby-asn1/1.0.1/kerby-asn1-1.0.1.jar:/home/user/.m2/repository/org/apache/kerby/kerby-util/1.0.1/kerby-util-1.0.1.jar:/home/user/.m2/repository/org/apache/kerby/kerb-common/1.0.1/kerb-common-1.0.1.jar:/home/user/.m2/repository/org/apache/kerby/kerb-crypto/1.0.1/kerb-crypto-1.0.1.jar:/home/user/.m2/repository/org/apache/kerby/kerb-util/1.0.1/kerb-util-1.0.1.jar:/home/user/.m2/repository/org/apache/kerby/token-provider/1.0.1/token-provider-1.0.1.jar:/home/user/.m2/repository/org/apache/kerby/kerb-admin/1.0.1/kerb-admin-1.0.1.jar:/home/user/.m2/repository/org/apache/kerby/kerb-server/1.0.1/kerb-server-1.0.1.jar:/home/user/.m2/repository/org/apache/kerby/kerb-identity/1.0.1/kerb-identity-1.0.1.jar:/home/user/.m2/repository/org/apache/kerby/kerby-xdr/1.0.1/kerby-xdr-1.0.1.jar:/home/user/.m2/repository/com/fasterxml/jackson/core/jackson-databind/2.9.9/jackson-databind-2.9.9.jar:/home/user/.m2/repository/com/fasterxml/jackson/core/jackson-annotations/2.9.9/jackson-annotations-2.9.9.jar:/home/user/.m2/repository/com/fasterxml/jackson/core/jackson-core/2.9.9/jackson-core-2.9.9.jar:/home/user/.m2/repository/org/codehaus/woodstox/stax2-api/3.1.4/stax2-api-3.1.4.jar:/home/user/.m2/repository/com/fasterxml/woodstox/woodstox-core/5.0.3/woodstox-core-5.0.3.jar:/home/user/.m2/repository/dnsjava/dnsjava/2.1.7/dnsjava-2.1.7.jar:/home/user/.m2/repository/org/apache/hadoop/hadoop-hdfs/3.2.0/hadoop-hdfs-3.2.0.jar:/home/user/.m2/repository/org/eclipse/jetty/jetty-util-ajax/9.3.25.v20180904/jetty-util-ajax-9.3.25.v20180904.jar:/home/user/.m2/repository/commons-daemon/commons-daemon/1.0.13/commons-daemon-1.0.13.jar:/home/user/.m2/repository/io/netty/netty/3.10.5.Final/netty-3.10.5.Final.jar:/home/user/.m2/repository/io/netty/netty-all/4.0.52.Final/netty-all-4.0.52.Final.jar:/home/user/.m2/repository/org/fusesource/leveldbjni/leveldbjni-all/1.8/leveldbjni-all-1.8.jar:/home/user/.m2/repository/org/apache/hadoop/hadoop-hdds-common/0.5.0-SNAPSHOT/hadoop-hdds-common-0.5.0-SNAPSHOT.jar:/home/user/.m2/repository/org/apache/hadoop/hadoop-hdds-config/0.5.0-SNAPSHOT/hadoop-hdds-config-0.5.0-SNAPSHOT.jar:/home/user/.m2/repository/javax/annotation/javax.annotation-api/1.2/javax.annotation-api-1.2.jar:/home/user/.m2/repository/org/apache/ratis/ratis-server/0.5.0-3f446aa-SNAPSHOT/ratis-server-0.5.0-3f446aa-SNAPSHOT.jar:/home/user/.m2/repository/org/apache/ratis/ratis-thirdparty-misc/0.2.0/ratis-thirdparty-misc-0.2.0.jar:/home/user/.m2/repository/org/apache/ratis/ratis-proto/0.5.0-3f446aa-SNAPSHOT/ratis-proto-0.5.0-3f446aa-SNAPSHOT.jar:/home/user/.m2/repository/org/apache/ratis/ratis-common/0.5.0-3f446aa-SNAPSHOT/ratis-common-0.5.0-3f446aa-SNAPSHOT.jar:/home/user/.m2/repository/org/apache/ratis/ratis-client/0.5.0-3f446aa-SNAPSHOT/ratis-client-0.5.0-3f446aa-SNAPSHOT.jar:/home/user/.m2/repository/org/apache/ratis/ratis-metrics/0.5.0-3f446aa-SNAPSHOT/ratis-metrics-0.5.0-3f446aa-SNAPSHOT.jar:/home/user/.m2/repository/com/github/joshelser/dropwizard-metrics-hadoop-metrics2-reporter/0.1.2/dropwizard-metrics-hadoop-metrics2-reporter-0.1.2.jar:/home/user/.m2/repository/io/dropwizard/metrics/metrics-jvm/3.2.5/metrics-jvm-3.2.5.jar:/home/user/.m2/repository/io/dropwizard/metrics/metrics-ganglia/3.2.5/metrics-ganglia-3.2.5.jar:/home/user/.m2/repository/info/ganglia/gmetric4j/gmetric4j/1.0.7/gmetric4j-1.0.7.jar:/home/user/.m2/repository/org/apache/ratis/ratis-netty/0.5.0-3f446aa-SNAPSHOT/ratis-netty-0.5.0-3f446aa-SNAPSHOT.jar:/home/user/.m2/repository/org/apache/ratis/ratis-grpc/0.5.0-3f446aa-SNAPSHOT/ratis-grpc-0.5.0-3f446aa-SNAPSHOT.jar:/home/user/.m2/repository/org/rocksdb/rocksdbjni/6.0.1/rocksdbjni-6.0.1.jar:/home/user/.m2/repository/org/apache/logging/log4j/log4j-api/2.11.0/log4j-api-2.11.0.jar:/home/user/.m2/repository/org/apache/logging/log4j/log4j-core/2.11.0/log4j-core-2.11.0.jar:/home/user/.m2/repository/com/lmax/disruptor/3.4.2/disruptor-3.4.2.jar:/home/user/.m2/repository/org/apache/commons/commons-pool2/2.6.0/commons-pool2-2.6.0.jar:/home/user/.m2/repository/org/bouncycastle/bcpkix-jdk15on/1.60/bcpkix-jdk15on-1.60.jar:/home/user/.m2/repository/commons-validator/commons-validator/1.6/commons-validator-1.6.jar:/home/user/.m2/repository/commons-digester/commons-digester/1.8.1/commons-digester-1.8.1.jar:/home/user/.m2/repository/io/jaegertracing/jaeger-client/0.34.0/jaeger-client-0.34.0.jar:/home/user/.m2/repository/io/jaegertracing/jaeger-thrift/0.34.0/jaeger-thrift-0.34.0.jar:/home/user/.m2/repository/org/apache/thrift/libthrift/0.12.0/libthrift-0.12.0.jar:/home/user/.m2/repository/com/squareup/okhttp3/okhttp/3.9.0/okhttp-3.9.0.jar:/home/user/.m2/repository/com/squareup/okio/okio/1.13.0/okio-1.13.0.jar:/home/user/.m2/repository/io/jaegertracing/jaeger-core/0.34.0/jaeger-core-0.34.0.jar:/home/user/.m2/repository/io/jaegertracing/jaeger-tracerresolver/0.34.0/jaeger-tracerresolver-0.34.0.jar:/home/user/.m2/repository/io/opentracing/contrib/opentracing-tracerresolver/0.1.5/opentracing-tracerresolver-0.1.5.jar:/home/user/.m2/repository/io/opentracing/opentracing-util/0.31.0/opentracing-util-0.31.0.jar:/home/user/.m2/repository/io/opentracing/opentracing-api/0.31.0/opentracing-api-0.31.0.jar:/home/user/.m2/repository/io/opentracing/opentracing-noop/0.31.0/opentracing-noop-0.31.0.jar:/home/user/.m2/repository/org/yaml/snakeyaml/1.16/snakeyaml-1.16.jar:/home/user/.m2/repository/org/apache/hadoop/hadoop-hdfs-client/3.2.0/hadoop-hdfs-client-3.2.0.jar:/home/user/.m2/repository/info/picocli/picocli/3.9.6/picocli-3.9.6.jar:/home/user/.m2/repository/org/apache/hadoop/hadoop-hdds-server-scm/0.5.0-SNAPSHOT/hadoop-hdds-server-scm-0.5.0-SNAPSHOT.jar:/home/user/.m2/repository/org/apache/hadoop/hadoop-hdds-docs/0.5.0-SNAPSHOT/hadoop-hdds-docs-0.5.0-SNAPSHOT.jar:/home/user/.m2/repository/io/dropwizard/metrics/metrics-core/3.2.4/metrics-core-3.2.4.jar:/home/user/.m2/repository/org/hamcrest/hamcrest-all/1.3/hamcrest-all-1.3.jar:/home/user/.m2/repository/org/bouncycastle/bcprov-jdk15on/1.60/bcprov-jdk15on-1.60.jar:/home/user/.m2/repository/org/apache/hadoop/hadoop-hdds-server-framework/0.5.0-SNAPSHOT/hadoop-hdds-server-framework-0.5.0-SNAPSHOT.jar:/home/user/.m2/repository/org/apache/hadoop/hadoop-ozone-ozone-manager/0.5.0-SNAPSHOT/hadoop-ozone-ozone-manager-0.5.0-SNAPSHOT.jar:/home/user/.m2/repository/org/apache/hadoop/hadoop-hdds-container-service/0.5.0-SNAPSHOT/hadoop-hdds-container-service-0.5.0-SNAPSHOT.jar:/home/user/.m2/repository/org/apache/hadoop/hadoop-hdds-client/0.5.0-SNAPSHOT/hadoop-hdds-client-0.5.0-SNAPSHOT.jar:/home/user/.m2/repository/org/apache/hadoop/hadoop-ozone-common/0.5.0-SNAPSHOT/hadoop-ozone-common-0.5.0-SNAPSHOT.jar:/home/user/.m2/repository/org/apache/hadoop/hadoop-hdds-tools/0.5.0-SNAPSHOT/hadoop-hdds-tools-0.5.0-SNAPSHOT.jar:/home/user/.m2/repository/org/xerial/sqlite-jdbc/3.25.2/sqlite-jdbc-3.25.2.jar:/home/user/.m2/repository/org/apache/httpcomponents/httpclient/4.5.2/httpclient-4.5.2.jar:/home/user/.m2/repository/org/apache/httpcomponents/httpcore/4.4.4/httpcore-4.4.4.jar:/home/user/.m2/repository/com/github/spotbugs/spotbugs/3.1.12/spotbugs-3.1.12.jar:/home/user/.m2/repository/org/ow2/asm/asm/5.0.4/asm-5.0.4.jar:/home/user/.m2/repository/org/ow2/asm/asm-analysis/7.0/asm-analysis-7.0.jar:/home/user/.m2/repository/org/ow2/asm/asm-commons/7.0/asm-commons-7.0.jar:/home/user/.m2/repository/org/ow2/asm/asm-tree/7.0/asm-tree-7.0.jar:/home/user/.m2/repository/org/ow2/asm/asm-util/7.0/asm-util-7.0.jar:/home/user/.m2/repository/org/apache/bcel/bcel/6.3/bcel-6.3.jar:/home/user/.m2/repository/net/jcip/jcip-annotations/1.0/jcip-annotations-1.0.jar:/home/user/.m2/repository/org/dom4j/dom4j/2.1.1/dom4j-2.1.1.jar:/home/user/.m2/repository/jaxen/jaxen/1.1.6/jaxen-1.1.6.jar:/home/user/.m2/repository/commons-lang/commons-lang/2.6/commons-lang-2.6.jar:/home/user/.m2/repository/com/github/spotbugs/spotbugs-annotations/3.1.12/spotbugs-annotations-3.1.12.jar:/home/user/.m2/repository/org/apache/hadoop/hadoop-common/3.2.0/hadoop-common-3.2.0-tests.jar:/home/user/.m2/repository/org/apache/hadoop/hadoop-ozone-client/0.5.0-SNAPSHOT/hadoop-ozone-client-0.5.0-SNAPSHOT.jar:/home/user/.m2/repository/org/apache/hadoop/hadoop-hdfs/3.2.0/hadoop-hdfs-3.2.0-tests.jar:/workdir/hadoop-ozone/integration-test/target/test-classes:/home/user/.m2/repository/org/apache/hadoop/hadoop-ozone-s3gateway/0.5.0-SNAPSHOT/hadoop-ozone-s3gateway-0.5.0-SNAPSHOT.jar:/home/user/.m2/repository/org/jboss/weld/servlet/weld-servlet/2.4.7.Final/weld-servlet-2.4.7.Final.jar:/home/user/.m2/repository/org/glassfish/jersey/containers/jersey-container-servlet-core/2.27/jersey-container-servlet-core-2.27.jar:/home/user/.m2/repository/org/glassfish/hk2/external/javax.inject/2.5.0-b42/javax.inject-2.5.0-b42.jar:/home/user/.m2/repository/org/glassfish/jersey/core/jersey-common/2.27/jersey-common-2.27.jar:/home/user/.m2/repository/org/glassfish/hk2/osgi-resource-locator/1.0.1/osgi-resource-locator-1.0.1.jar:/home/user/.m2/repository/javax/ws/rs/javax.ws.rs-api/2.1/javax.ws.rs-api-2.1.jar:/home/user/.m2/repository/org/glassfish/jersey/ext/cdi/jersey-cdi1x/2.27/jersey-cdi1x-2.27.jar:/home/user/.m2/repository/org/glassfish/jersey/inject/jersey-hk2/2.27/jersey-hk2-2.27.jar:/home/user/.m2/repository/org/glassfish/hk2/hk2-locator/2.5.0-b42/hk2-locator-2.5.0-b42.jar:/home/user/.m2/repository/org/javassist/javassist/3.22.0-CR2/javassist-3.22.0-CR2.jar:/home/user/.m2/repository/org/glassfish/hk2/hk2-api/2.5.0/hk2-api-2.5.0.jar:/home/user/.m2/repository/org/glassfish/hk2/external/jakarta.inject/2.5.0/jakarta.inject-2.5.0.jar:/home/user/.m2/repository/org/glassfish/hk2/hk2-utils/2.5.0/hk2-utils-2.5.0.jar:/home/user/.m2/repository/jakarta/annotation/jakarta.annotation-api/1.3.4/jakarta.annotation-api-1.3.4.jar:/home/user/.m2/repository/org/glassfish/hk2/external/aopalliance-repackaged/2.5.0/aopalliance-repackaged-2.5.0.jar:/home/user/.m2/repository/com/fasterxml/jackson/dataformat/jackson-dataformat-xml/2.9.0/jackson-dataformat-xml-2.9.0.jar:/home/user/.m2/repository/com/fasterxml/jackson/module/jackson-module-jaxb-annotations/2.9.9/jackson-module-jaxb-annotations-2.9.9.jar:/home/user/.m2/repository/javax/enterprise/cdi-api/1.2/cdi-api-1.2.jar:/home/user/.m2/repository/javax/el/javax.el-api/3.0.0/javax.el-api-3.0.0.jar:/home/user/.m2/repository/javax/interceptor/javax.interceptor-api/1.2/javax.interceptor-api-1.2.jar:/home/user/.m2/repository/javax/inject/javax.inject/1/javax.inject-1.jar:/home/user/.m2/repository/com/sun/xml/bind/jaxb-core/2.3.0.1/jaxb-core-2.3.0.1.jar:/home/user/.m2/repository/javax/xml/bind/jaxb-api/2.3.0/jaxb-api-2.3.0.jar:/home/user/.m2/repository/javax/activation/activation/1.1.1/activation-1.1.1.jar:/home/user/.m2/repository/org/apache/hadoop/hadoop-ozone-csi/0.5.0-SNAPSHOT/hadoop-ozone-csi-0.5.0-SNAPSHOT.jar:/home/user/.m2/repository/com/google/protobuf/protobuf-java-util/3.5.1/protobuf-java-util-3.5.1.jar:/home/user/.m2/repository/io/grpc/grpc-netty/1.17.1/grpc-netty-1.17.1.jar:/home/user/.m2/repository/io/grpc/grpc-core/1.17.1/grpc-core-1.17.1.jar:/home/user/.m2/repository/io/grpc/grpc-context/1.17.1/grpc-context-1.17.1.jar:/home/user/.m2/repository/com/google/errorprone/error_prone_annotations/2.2.0/error_prone_annotations-2.2.0.jar:/home/user/.m2/repository/org/codehaus/mojo/animal-sniffer-annotations/1.17/animal-sniffer-annotations-1.17.jar:/home/user/.m2/repository/io/opencensus/opencensus-api/0.17.0/opencensus-api-0.17.0.jar:/home/user/.m2/repository/io/opencensus/opencensus-contrib-grpc-metrics/0.17.0/opencensus-contrib-grpc-metrics-0.17.0.jar:/home/user/.m2/repository/io/netty/netty-codec-http2/4.1.30.Final/netty-codec-http2-4.1.30.Final.jar:/home/user/.m2/repository/io/netty/netty-codec-http/4.1.30.Final/netty-codec-http-4.1.30.Final.jar:/home/user/.m2/repository/io/netty/netty-codec/4.1.30.Final/netty-codec-4.1.30.Final.jar:/home/user/.m2/repository/io/netty/netty-handler/4.1.30.Final/netty-handler-4.1.30.Final.jar:/home/user/.m2/repository/io/netty/netty-handler-proxy/4.1.30.Final/netty-handler-proxy-4.1.30.Final.jar:/home/user/.m2/repository/io/netty/netty-codec-socks/4.1.30.Final/netty-codec-socks-4.1.30.Final.jar:/home/user/.m2/repository/io/netty/netty-transport-native-epoll/4.1.30.Final/netty-transport-native-epoll-4.1.30.Final.jar:/home/user/.m2/repository/io/netty/netty-common/4.1.30.Final/netty-common-4.1.30.Final.jar:/home/user/.m2/repository/io/netty/netty-buffer/4.1.30.Final/netty-buffer-4.1.30.Final.jar:/home/user/.m2/repository/io/netty/netty-transport/4.1.30.Final/netty-transport-4.1.30.Final.jar:/home/user/.m2/repository/io/netty/netty-resolver/4.1.30.Final/netty-resolver-4.1.30.Final.jar:/home/user/.m2/repository/io/netty/netty-transport-native-unix-common/4.1.30.Final/netty-transport-native-unix-common-4.1.30.Final.jar:/home/user/.m2/repository/io/grpc/grpc-protobuf/1.17.1/grpc-protobuf-1.17.1.jar:/home/user/.m2/repository/com/google/api/grpc/proto-google-common-protos/1.0.0/proto-google-common-protos-1.0.0.jar:/home/user/.m2/repository/io/grpc/grpc-protobuf-lite/1.17.1/grpc-protobuf-lite-1.17.1.jar:/home/user/.m2/repository/io/grpc/grpc-stub/1.17.1/grpc-stub-1.17.1.jar:/home/user/.m2/repository/org/apache/hadoop/hadoop-ozone-recon/0.5.0-SNAPSHOT/hadoop-ozone-recon-0.5.0-SNAPSHOT.jar:/home/user/.m2/repository/org/apache/hadoop/hadoop-ozone-reconcodegen/0.5.0-SNAPSHOT/hadoop-ozone-reconcodegen-0.5.0-SNAPSHOT.jar:/home/user/.m2/repository/com/google/inject/extensions/guice-multibindings/4.0/guice-multibindings-4.0.jar:/home/user/.m2/repository/com/google/inject/guice/4.0/guice-4.0.jar:/home/user/.m2/repository/aopalliance/aopalliance/1.0/aopalliance-1.0.jar:/home/user/.m2/repository/org/glassfish/jersey/containers/jersey-container-servlet/2.27/jersey-container-servlet-2.27.jar:/home/user/.m2/repository/org/glassfish/hk2/guice-bridge/2.5.0/guice-bridge-2.5.0.jar:/home/user/.m2/repository/org/glassfish/jersey/core/jersey-server/2.27/jersey-server-2.27.jar:/home/user/.m2/repository/org/glassfish/jersey/core/jersey-client/2.27/jersey-client-2.27.jar:/home/user/.m2/repository/org/glassfish/jersey/media/jersey-media-jaxb/2.27/jersey-media-jaxb-2.27.jar:/home/user/.m2/repository/javax/validation/validation-api/1.1.0.Final/validation-api-1.1.0.Final.jar:/home/user/.m2/repository/org/glassfish/jersey/media/jersey-media-json-jackson/2.27/jersey-media-json-jackson-2.27.jar:/home/user/.m2/repository/org/glassfish/jersey/ext/jersey-entity-filtering/2.27/jersey-entity-filtering-2.27.jar:/home/user/.m2/repository/com/google/inject/extensions/guice-assistedinject/4.0/guice-assistedinject-4.0.jar:/home/user/.m2/repository/org/jooq/jooq/3.11.10/jooq-3.11.10.jar:/home/user/.m2/repository/org/jooq/jooq-meta/3.11.10/jooq-meta-3.11.10.jar:/home/user/.m2/repository/org/jooq/jooq-codegen/3.11.10/jooq-codegen-3.11.10.jar:/home/user/.m2/repository/com/jolbox/bonecp/0.8.0.RELEASE/bonecp-0.8.0.RELEASE.jar:/home/user/.m2/repository/org/springframework/spring-jdbc/5.1.3.RELEASE/spring-jdbc-5.1.3.RELEASE.jar:/home/user/.m2/repository/org/springframework/spring-beans/5.1.3.RELEASE/spring-beans-5.1.3.RELEASE.jar:/home/user/.m2/repository/org/springframework/spring-core/5.1.3.RELEASE/spring-core-5.1.3.RELEASE.jar:/home/user/.m2/repository/org/springframework/spring-jcl/5.1.3.RELEASE/spring-jcl-5.1.3.RELEASE.jar:/home/user/.m2/repository/org/springframework/spring-tx/5.1.3.RELEASE/spring-tx-5.1.3.RELEASE.jar:/home/user/.m2/repository/org/mockito/mockito-all/1.10.19/mockito-all-1.10.19.jar:/home/user/.m2/repository/junit/junit/4.11/junit-4.11.jar:/home/user/.m2/repository/org/hamcrest/hamcrest-core/1.3/hamcrest-core-1.3.jar:/home/user/.m2/repository/org/apache/hadoop/hadoop-distcp/3.2.0/hadoop-distcp-3.2.0.jar:/home/user/.m2/repository/org/apache/hadoop/hadoop-distcp/3.2.0/hadoop-distcp-3.2.0-tests.jar:/home/user/.m2/repository/org/apache/hadoop/hadoop-mapreduce-client-jobclient/3.2.0/hadoop-mapreduce-client-jobclient-3.2.0.jar:/home/user/.m2/repository/org/apache/hadoop/hadoop-mapreduce-client-common/3.2.0/hadoop-mapreduce-client-common-3.2.0.jar:/home/user/.m2/repository/org/apache/hadoop/hadoop-yarn-common/3.2.0/hadoop-yarn-common-3.2.0.jar:/home/user/.m2/repository/org/apache/hadoop/hadoop-yarn-api/3.2.0/hadoop-yarn-api-3.2.0.jar:/home/user/.m2/repository/com/sun/jersey/jersey-client/1.19/jersey-client-1.19.jar:/home/user/.m2/repository/com/sun/jersey/contribs/jersey-guice/1.19/jersey-guice-1.19.jar:/home/user/.m2/repository/com/fasterxml/jackson/jaxrs/jackson-jaxrs-json-provider/2.9.9/jackson-jaxrs-json-provider-2.9.9.jar:/home/user/.m2/repository/com/fasterxml/jackson/jaxrs/jackson-jaxrs-base/2.9.9/jackson-jaxrs-base-2.9.9.jar:/home/user/.m2/repository/org/apache/hadoop/hadoop-yarn-client/3.2.0/hadoop-yarn-client-3.2.0.jar:/home/user/.m2/repository/org/apache/hadoop/hadoop-mapreduce-client-core/3.2.0/hadoop-mapreduce-client-core-3.2.0.jar:/home/user/.m2/repository/com/google/inject/extensions/guice-servlet/4.0/guice-servlet-4.0.jar:/home/user/.m2/repository/org/powermock/powermock-module-junit4/1.6.5/powermock-module-junit4-1.6.5.jar:/home/user/.m2/repository/org/powermock/powermock-module-junit4-common/1.6.5/powermock-module-junit4-common-1.6.5.jar:/home/user/.m2/repository/org/powermock/powermock-core/1.6.5/powermock-core-1.6.5.jar:/home/user/.m2/repository/org/powermock/powermock-reflect/1.6.5/powermock-reflect-1.6.5.jar:/home/user/.m2/repository/org/powermock/powermock-api-mockito/1.6.5/powermock-api-mockito-1.6.5.jar:/home/user/.m2/repository/org/mockito/mockito-core/1.10.19/mockito-core-1.10.19.jar:/home/user/.m2/repository/org/objenesis/objenesis/1.0/objenesis-1.0.jar:/home/user/.m2/repository/org/powermock/powermock-api-mockito-common/1.6.5/powermock-api-mockito-common-1.6.5.jar:/home/user/.m2/repository/org/powermock/powermock-api-support/1.6.5/powermock-api-support-1.6.5.jar:"/>
    <property name="sun.cpu.endian" value="little"/>
    <property name="user.home" value="/home/user"/>
    <property name="user.language" value="en"/>
    <property name="java.specification.vendor" value="Oracle Corporation"/>
    <property name="java.home" value="/usr/lib/jvm/java-1.8.0-openjdk-1.8.0.222.b10-1.el7_7.x86_64/jre"/>
    <property name="surefire.excludesFile" value="/tools/ozone-bad-unit-tests"/>
    <property name="java.security.krb5.conf" value="/workdir/hadoop-ozone/ozonefs/target/test-classes/krb5.conf"/>
    <property name="basedir" value="/workdir/hadoop-ozone/ozonefs"/>
    <property name="file.separator" value="/"/>
    <property name="line.separator" value="&#10;"/>
    <property name="java.vm.specification.vendor" value="Oracle Corporation"/>
    <property name="java.specification.name" value="Java Platform API Specification"/>
    <property name="java.awt.graphicsenv" value="sun.awt.X11GraphicsEnvironment"/>
    <property name="surefire.real.class.path" value="/workdir/hadoop-ozone/ozonefs/target/surefire/surefirebooter3728158937692437663.jar"/>
    <property name="hadoop.log.dir" value="/workdir/hadoop-ozone/ozonefs/target/log"/>
    <property name="sun.boot.class.path" value="/usr/lib/jvm/java-1.8.0-openjdk-1.8.0.222.b10-1.el7_7.x86_64/jre/lib/resources.jar:/usr/lib/jvm/java-1.8.0-openjdk-1.8.0.222.b10-1.el7_7.x86_64/jre/lib/rt.jar:/usr/lib/jvm/java-1.8.0-openjdk-1.8.0.222.b10-1.el7_7.x86_64/jre/lib/sunrsasign.jar:/usr/lib/jvm/java-1.8.0-openjdk-1.8.0.222.b10-1.el7_7.x86_64/jre/lib/jsse.jar:/usr/lib/jvm/java-1.8.0-openjdk-1.8.0.222.b10-1.el7_7.x86_64/jre/lib/jce.jar:/usr/lib/jvm/java-1.8.0-openjdk-1.8.0.222.b10-1.el7_7.x86_64/jre/lib/charsets.jar:/usr/lib/jvm/java-1.8.0-openjdk-1.8.0.222.b10-1.el7_7.x86_64/jre/lib/jfr.jar:/usr/lib/jvm/java-1.8.0-openjdk-1.8.0.222.b10-1.el7_7.x86_64/jre/classes"/>
    <property name="sun.management.compiler" value="HotSpot 64-Bit Tiered Compilers"/>
    <property name="java.runtime.version" value="1.8.0_222-b10"/>
    <property name="java.net.preferIPv4Stack" value="true"/>
    <property name="user.name" value="jenkins1000"/>
    <property name="path.separator" value=":"/>
    <property name="java.security.egd" value="file:///dev/urandom"/>
    <property name="os.version" value="3.10.0-957.12.2.el7.x86_64"/>
    <property name="java.endorsed.dirs" value="/usr/lib/jvm/java-1.8.0-openjdk-1.8.0.222.b10-1.el7_7.x86_64/jre/lib/endorsed"/>
    <property name="java.runtime.name" value="OpenJDK Runtime Environment"/>
    <property name="file.encoding" value="ANSI_X3.4-1968"/>
    <property name="java.vm.name" value="OpenJDK 64-Bit Server VM"/>
    <property name="test.build.webapps" value=""/>
    <property name="localRepository" value="/home/user/.m2/repository"/>
    <property name="java.vendor.url.bug" value="http://bugreport.sun.com/bugreport/"/>
    <property name="java.io.tmpdir" value="/tmp"/>
    <property name="require.test.libhadoop" value=""/>
    <property name="java.version" value="1.8.0_222"/>
    <property name="user.dir" value="/workdir/hadoop-ozone/ozonefs"/>
    <property name="os.arch" value="amd64"/>
    <property name="java.vm.specification.name" value="Java Virtual Machine Specification"/>
    <property name="test.build.classes" value="/workdir/hadoop-ozone/ozonefs/target/test-classes"/>
    <property name="java.awt.printerjob" value="sun.print.PSPrinterJob"/>
    <property name="sun.os.patch.level" value="unknown"/>
    <property name="hadoop.tmp.dir" value="/workdir/hadoop-ozone/ozonefs/target/tmp"/>
    <property name="java.library.path" value="/usr/lib:/workdir/hadoop-ozone/ozonefs/target/native/target/usr/local/lib:/workdir/hadoop-ozone/ozonefs/../../hadoop-common-project/hadoop-common/target/native/target/usr/local/lib:/usr/java/packages/lib/amd64:/usr/lib64:/lib64:/lib:/usr/lib"/>
    <property name="java.vm.info" value="mixed mode"/>
    <property name="java.vendor" value="Oracle Corporation"/>
    <property name="java.vm.version" value="25.222-b10"/>
    <property name="java.ext.dirs" value="/usr/lib/jvm/java-1.8.0-openjdk-1.8.0.222.b10-1.el7_7.x86_64/jre/lib/ext:/usr/java/packages/lib/ext"/>
    <property name="sun.io.unicode.encoding" value="UnicodeLittle"/>
    <property name="java.class.version" value="52.0"/>
  </properties>
  <testcase name="testOzoneFsServiceLoader" classname="org.apache.hadoop.fs.ozone.TestOzoneFileSystem" time="23.004"/>
  <testcase name="testListStatusOnRoot" classname="org.apache.hadoop.fs.ozone.TestOzoneFileSystem" time="17.329"/>
  <testcase name="testListStatusOnSubDirs" classname="org.apache.hadoop.fs.ozone.TestOzoneFileSystem" time="17.535"/>
  <testcase name="testListStatus" classname="org.apache.hadoop.fs.ozone.TestOzoneFileSystem" time="72.865">
    <error message="Timed out waiting for condition. Thread diagnostics:&#10;Timestamp: 2019-10-17 08:29:14,559&#10;&#10;&quot;qtp1314460166-1827&quot; daemon prio=5 tid=1827 timed_waiting&#10;java.lang.Thread.State: TIMED_WAITING&#10;        at sun.misc.Unsafe.park(Native Method)&#10;        at java.util.concurrent.locks.LockSupport.parkNanos(LockSupport.java:215)&#10;        at java.util.concurrent.locks.AbstractQueuedSynchronizer$ConditionObject.awaitNanos(AbstractQueuedSynchronizer.java:2078)&#10;        at org.eclipse.jetty.util.BlockingArrayQueue.poll(BlockingArrayQueue.java:392)&#10;        at org.eclipse.jetty.util.thread.QueuedThreadPool.idleJobPoll(QueuedThreadPool.java:563)&#10;        at org.eclipse.jetty.util.thread.QueuedThreadPool.access$800(QueuedThreadPool.java:48)&#10;        at org.eclipse.jetty.util.thread.QueuedThreadPool$2.run(QueuedThreadPool.java:626)&#10;        at java.lang.Thread.run(Thread.java:748)&#10;&quot;IPC Server handler 9 on 41111&quot; daemon prio=5 tid=1720 timed_waiting&#10;java.lang.Thread.State: TIMED_WAITING&#10;        at sun.misc.Unsafe.park(Native Method)&#10;        at java.util.concurrent.locks.LockSupport.parkNanos(LockSupport.java:215)&#10;        at java.util.concurrent.locks.AbstractQueuedSynchronizer$ConditionObject.awaitNanos(AbstractQueuedSynchronizer.java:2078)&#10;        at java.util.concurrent.LinkedBlockingQueue.poll(LinkedBlockingQueue.java:467)&#10;        at org.apache.hadoop.ipc.CallQueueManager.take(CallQueueManager.java:288)&#10;        at org.apache.hadoop.ipc.Server$Handler.run(Server.java:2668)&#10;&quot;metrics-hadoop-metrics2-reporter-82-thread-1&quot; daemon prio=5 tid=2071 timed_waiting&#10;java.lang.Thread.State: TIMED_WAITING&#10;        at sun.misc.Unsafe.park(Native Method)&#10;        at java.util.concurrent.locks.LockSupport.parkNanos(LockSupport.java:215)&#10;        at java.util.concurrent.locks.AbstractQueuedSynchronizer$ConditionObject.awaitNanos(AbstractQueuedSynchronizer.java:2078)&#10;        at java.util.concurrent.ScheduledThreadPoolExecutor$DelayedWorkQueue.take(ScheduledThreadPoolExecutor.java:1093)&#10;        at java.util.concurrent.ScheduledThreadPoolExecutor$DelayedWorkQueue.take(ScheduledThreadPoolExecutor.java:809)&#10;        at java.util.concurrent.ThreadPoolExecutor.getTask(ThreadPoolExecutor.java:1074)&#10;        at java.util.concurrent.ThreadPoolExecutor.runWorker(ThreadPoolExecutor.java:1134)&#10;        at java.util.concurrent.ThreadPoolExecutor$Worker.run(ThreadPoolExecutor.java:624)&#10;        at java.lang.Thread.run(Thread.java:748)&#10;&quot;pool-176-thread-45&quot;  prio=5 tid=1913 in Object.wait()&#10;java.lang.Thread.State: WAITING (on object monitor)&#10;        at sun.misc.Unsafe.park(Native Method)&#10;        at java.util.concurrent.locks.LockSupport.park(LockSupport.java:175)&#10;        at java.util.concurrent.locks.AbstractQueuedSynchronizer$ConditionObject.await(AbstractQueuedSynchronizer.java:2039)&#10;        at java.util.concurrent.ArrayBlockingQueue.take(ArrayBlockingQueue.java:403)&#10;        at java.util.concurrent.ThreadPoolExecutor.getTask(ThreadPoolExecutor.java:1074)&#10;        at java.util.concurrent.ThreadPoolExecutor.runWorker(ThreadPoolExecutor.java:1134)&#10;        at java.util.concurrent.ThreadPoolExecutor$Worker.run(ThreadPoolExecutor.java:624)&#10;        at java.lang.Thread.run(Thread.java:748)&#10;&quot;PartialTableCache Cleanup Thread - 0&quot; daemon prio=5 tid=541 in Object.wait()&#10;java.lang.Thread.State: WAITING (on object monitor)&#10;        at sun.misc.Unsafe.park(Native Method)&#10;        at java.util.concurrent.locks.LockSupport.park(LockSupport.java:175)&#10;        at java.util.concurrent.locks.AbstractQueuedSynchronizer$ConditionObject.await(AbstractQueuedSynchronizer.java:2039)&#10;        at java.util.concurrent.LinkedBlockingQueue.take(LinkedBlockingQueue.java:442)&#10;        at java.util.concurrent.ThreadPoolExecutor.getTask(ThreadPoolExecutor.java:1074)&#10;        at java.util.concurrent.ThreadPoolExecutor.runWorker(ThreadPoolExecutor.java:1134)&#10;        at java.util.concurrent.ThreadPoolExecutor$Worker.run(ThreadPoolExecutor.java:624)&#10;        at java.lang.Thread.run(Thread.java:748)&#10;&quot;qtp1635471455-1849&quot; daemon prio=5 tid=1849 runnable&#10;java.lang.Thread.State: RUNNABLE&#10;        at sun.nio.ch.EPollArrayWrapper.epollWait(Native Method)&#10;        at sun.nio.ch.EPollArrayWrapper.poll(EPollArrayWrapper.java:269)&#10;        at sun.nio.ch.EPollSelectorImpl.doSelect(EPollSelectorImpl.java:93)&#10;        at sun.nio.ch.SelectorImpl.lockAndDoSelect(SelectorImpl.java:86)&#10;        at sun.nio.ch.SelectorImpl.select(SelectorImpl.java:97)&#10;        at sun.nio.ch.SelectorImpl.select(SelectorImpl.java:101)&#10;        at org.eclipse.jetty.io.ManagedSelector$SelectorProducer.select(ManagedSelector.java:243)&#10;        at org.eclipse.jetty.io.ManagedSelector$SelectorProducer.produce(ManagedSelector.java:191)&#10;        at org.eclipse.jetty.util.thread.strategy.ExecuteProduceConsume.executeProduceConsume(ExecuteProduceConsume.java:249)&#10;        at org.eclipse.jetty.util.thread.strategy.ExecuteProduceConsume.produceConsume(ExecuteProduceConsume.java:148)&#10;        at org.eclipse.jetty.util.thread.strategy.ExecuteProduceConsume.execute(ExecuteProduceConsume.java:100)&#10;        at org.eclipse.jetty.io.ManagedSelector.run(ManagedSelector.java:147)&#10;        at org.eclipse.jetty.util.thread.QueuedThreadPool.runJob(QueuedThreadPool.java:671)&#10;        at org.eclipse.jetty.util.thread.QueuedThreadPool$2.run(QueuedThreadPool.java:589)&#10;        at java.lang.Thread.run(Thread.java:748)&#10;&quot;pool-186-thread-13&quot;  prio=5 tid=1944 in Object.wait()&#10;java.lang.Thread.State: WAITING (on object monitor)&#10;        at sun.misc.Unsafe.park(Native Method)&#10;        at java.util.concurrent.locks.LockSupport.park(LockSupport.java:175)&#10;        at java.util.concurrent.locks.AbstractQueuedSynchronizer$ConditionObject.await(AbstractQueuedSynchronizer.java:2039)&#10;        at java.util.concurrent.ArrayBlockingQueue.take(ArrayBlockingQueue.java:403)&#10;        at java.util.concurrent.ThreadPoolExecutor.getTask(ThreadPoolExecutor.java:1074)&#10;        at java.util.concurrent.ThreadPoolExecutor.runWorker(ThreadPoolExecutor.java:1134)&#10;        at java.util.concurrent.ThreadPoolExecutor$Worker.run(ThreadPoolExecutor.java:624)&#10;        at java.lang.Thread.run(Thread.java:748)&#10;&quot;metrics-hadoop-metrics2-reporter-45-thread-1&quot; daemon prio=5 tid=1021 timed_waiting&#10;java.lang.Thread.State: TIMED_WAITING&#10;        at sun.misc.Unsafe.park(Native Method)&#10;        at java.util.concurrent.locks.LockSupport.parkNanos(LockSupport.java:215)&#10;        at java.util.concurrent.locks.AbstractQueuedSynchronizer$ConditionObject.awaitNanos(AbstractQueuedSynchronizer.java:2078)&#10;        at java.util.concurrent.ScheduledThreadPoolExecutor$DelayedWorkQueue.take(ScheduledThreadPoolExecutor.java:1093)&#10;        at java.util.concurrent.ScheduledThreadPoolExecutor$DelayedWorkQueue.take(ScheduledThreadPoolExecutor.java:809)&#10;        at java.util.concurrent.ThreadPoolExecutor.getTask(ThreadPoolExecutor.java:1074)&#10;        at java.util.concurrent.ThreadPoolExecutor.runWorker(ThreadPoolExecutor.java:1134)&#10;        at java.util.concurrent.ThreadPoolExecutor$Worker.run(ThreadPoolExecutor.java:624)&#10;        at java.lang.Thread.run(Thread.java:748)&#10;&quot;metrics-hadoop-metrics2-reporter-64-thread-1&quot; daemon prio=5 tid=1525 timed_waiting&#10;java.lang.Thread.State: TIMED_WAITING&#10;        at sun.misc.Unsafe.park(Native Method)&#10;        at java.util.concurrent.locks.LockSupport.parkNanos(LockSupport.java:215)&#10;        at java.util.concurrent.locks.AbstractQueuedSynchronizer$ConditionObject.awaitNanos(AbstractQueuedSynchronizer.java:2078)&#10;        at java.util.concurrent.ScheduledThreadPoolExecutor$DelayedWorkQueue.take(ScheduledThreadPoolExecutor.java:1093)&#10;        at java.util.concurrent.ScheduledThreadPoolExecutor$DelayedWorkQueue.take(ScheduledThreadPoolExecutor.java:809)&#10;        at java.util.concurrent.ThreadPoolExecutor.getTask(ThreadPoolExecutor.java:1074)&#10;        at java.util.concurrent.ThreadPoolExecutor.runWorker(ThreadPoolExecutor.java:1134)&#10;        at java.util.concurrent.ThreadPoolExecutor$Worker.run(ThreadPoolExecutor.java:624)&#10;        at java.lang.Thread.run(Thread.java:748)&#10;&quot;qtp1145772033-1732-acceptor-0@66d51b20-ServerConnector@167f1d03{HTTP/1.1,[http/1.1]}{0.0.0.0:33076}&quot; daemon prio=3 tid=1732 runnable&#10;java.lang.Thread.State: RUNNABLE&#10;        at sun.nio.ch.ServerSocketChannelImpl.accept0(Native Method)&#10;        at sun.nio.ch.ServerSocketChannelImpl.accept(ServerSocketChannelImpl.java:422)&#10;        at sun.nio.ch.ServerSocketChannelImpl.accept(ServerSocketChannelImpl.java:250)&#10;        at org.eclipse.jetty.server.ServerConnector.accept(ServerConnector.java:397)&#10;        at org.eclipse.jetty.server.AbstractConnector$Acceptor.run(AbstractConnector.java:601)&#10;        at org.eclipse.jetty.util.thread.QueuedThreadPool.runJob(QueuedThreadPool.java:671)&#10;        at org.eclipse.jetty.util.thread.QueuedThreadPool$2.run(QueuedThreadPool.java:589)&#10;        at java.lang.Thread.run(Thread.java:748)&#10;&quot;pool-176-thread-56&quot;  prio=5 tid=1924 in Object.wait()&#10;java.lang.Thread.State: WAITING (on object monitor)&#10;        at sun.misc.Unsafe.park(Native Method)&#10;        at java.util.concurrent.locks.LockSupport.park(LockSupport.java:175)&#10;        at java.util.concurrent.locks.AbstractQueuedSynchronizer$ConditionObject.await(AbstractQueuedSynchronizer.java:2039)&#10;        at java.util.concurrent.ArrayBlockingQueue.take(ArrayBlockingQueue.java:403)&#10;        at java.util.concurrent.ThreadPoolExecutor.getTask(ThreadPoolExecutor.java:1074)&#10;        at java.util.concurrent.ThreadPoolExecutor.runWorker(ThreadPoolExecutor.java:1134)&#10;        at java.util.concurrent.ThreadPoolExecutor$Worker.run(ThreadPoolExecutor.java:624)&#10;        at java.lang.Thread.run(Thread.java:748)&#10;&quot;Periodic HDDS volume checker&quot;  prio=5 tid=1788 timed_waiting&#10;java.lang.Thread.State: TIMED_WAITING&#10;        at sun.misc.Unsafe.park(Native Method)&#10;        at java.util.concurrent.locks.LockSupport.parkNanos(LockSupport.java:215)&#10;        at java.util.concurrent.locks.AbstractQueuedSynchronizer$ConditionObject.awaitNanos(AbstractQueuedSynchronizer.java:2078)&#10;        at java.util.concurrent.ScheduledThreadPoolExecutor$DelayedWorkQueue.take(ScheduledThreadPoolExecutor.java:1093)&#10;        at java.util.concurrent.ScheduledThreadPoolExecutor$DelayedWorkQueue.take(ScheduledThreadPoolExecutor.java:809)&#10;        at java.util.concurrent.ThreadPoolExecutor.getTask(ThreadPoolExecutor.java:1074)&#10;        at java.util.concurrent.ThreadPoolExecutor.runWorker(ThreadPoolExecutor.java:1134)&#10;        at java.util.concurrent.ThreadPoolExecutor$Worker.run(ThreadPoolExecutor.java:624)&#10;        at java.lang.Thread.run(Thread.java:748)&#10;&quot;metrics-hadoop-metrics2-reporter-42-thread-1&quot; daemon prio=5 tid=1013 timed_waiting&#10;java.lang.Thread.State: TIMED_WAITING&#10;        at sun.misc.Unsafe.park(Native Method)&#10;        at java.util.concurrent.locks.LockSupport.parkNanos(LockSupport.java:215)&#10;        at java.util.concurrent.locks.AbstractQueuedSynchronizer$ConditionObject.awaitNanos(AbstractQueuedSynchronizer.java:2078)&#10;        at java.util.concurrent.ScheduledThreadPoolExecutor$DelayedWorkQueue.take(ScheduledThreadPoolExecutor.java:1093)&#10;        at java.util.concurrent.ScheduledThreadPoolExecutor$DelayedWorkQueue.take(ScheduledThreadPoolExecutor.java:809)&#10;        at java.util.concurrent.ThreadPoolExecutor.getTask(ThreadPoolExecutor.java:1074)&#10;        at java.util.concurrent.ThreadPoolExecutor.runWorker(ThreadPoolExecutor.java:1134)&#10;        at java.util.concurrent.ThreadPoolExecutor$Worker.run(ThreadPoolExecutor.java:624)&#10;        at java.lang.Thread.run(Thread.java:748)&#10;&quot;pool-176-thread-4&quot;  prio=5 tid=1872 in Object.wait()&#10;java.lang.Thread.State: WAITING (on object monitor)&#10;        at sun.misc.Unsafe.park(Native Method)&#10;        at java.util.concurrent.locks.LockSupport.park(LockSupport.java:175)&#10;        at java.util.concurrent.locks.AbstractQueuedSynchronizer$ConditionObject.await(AbstractQueuedSynchronizer.java:2039)&#10;        at java.util.concurrent.ArrayBlockingQueue.take(ArrayBlockingQueue.java:403)&#10;        at java.util.concurrent.ThreadPoolExecutor.getTask(ThreadPoolExecutor.java:1074)&#10;        at java.util.concurrent.ThreadPoolExecutor.runWorker(ThreadPoolExecutor.java:1134)&#10;        at java.util.concurrent.ThreadPoolExecutor$Worker.run(ThreadPoolExecutor.java:624)&#10;        at java.lang.Thread.run(Thread.java:748)&#10;&quot;metrics-hadoop-metrics2-reporter-34-thread-1&quot; daemon prio=5 tid=988 timed_waiting&#10;java.lang.Thread.State: TIMED_WAITING&#10;        at sun.misc.Unsafe.park(Native Method)&#10;        at java.util.concurrent.locks.LockSupport.parkNanos(LockSupport.java:215)&#10;        at java.util.concurrent.locks.AbstractQueuedSynchronizer$ConditionObject.awaitNanos(AbstractQueuedSynchronizer.java:2078)&#10;        at java.util.concurrent.ScheduledThreadPoolExecutor$DelayedWorkQueue.take(ScheduledThreadPoolExecutor.java:1093)&#10;        at java.util.concurrent.ScheduledThreadPoolExecutor$DelayedWorkQueue.take(ScheduledThreadPoolExecutor.java:809)&#10;        at java.util.concurrent.ThreadPoolExecutor.getTask(ThreadPoolExecutor.java:1074)&#10;        at java.util.concurrent.ThreadPoolExecutor.runWorker(ThreadPoolExecutor.java:1134)&#10;        at java.util.concurrent.ThreadPoolExecutor$Worker.run(ThreadPoolExecutor.java:624)&#10;        at java.lang.Thread.run(Thread.java:748)&#10;&quot;Datanode ReportManager Thread - 2&quot; daemon prio=5 tid=1266 in Object.wait()&#10;java.lang.Thread.State: WAITING (on object monitor)&#10;        at sun.misc.Unsafe.park(Native Method)&#10;        at java.util.concurrent.locks.LockSupport.park(LockSupport.java:175)&#10;        at java.util.concurrent.locks.AbstractQueuedSynchronizer$ConditionObject.await(AbstractQueuedSynchronizer.java:2039)&#10;        at java.util.concurrent.ScheduledThreadPoolExecutor$DelayedWorkQueue.take(ScheduledThreadPoolExecutor.java:1088)&#10;        at java.util.concurrent.ScheduledThreadPoolExecutor$DelayedWorkQueue.take(ScheduledThreadPoolExecutor.java:809)&#10;        at java.util.concurrent.ThreadPoolExecutor.getTask(ThreadPoolExecutor.java:1074)&#10;        at java.util.concurrent.ThreadPoolExecutor.runWorker(ThreadPoolExecutor.java:1134)&#10;        at java.util.concurrent.ThreadPoolExecutor$Worker.run(ThreadPoolExecutor.java:624)&#10;        at java.lang.Thread.run(Thread.java:748)&#10;&quot;Thread-3229&quot; daemon prio=5 tid=4427 terminated&#10;java.lang.Thread.State: TERMINATED&#10;        at java.lang.Thread.sleep(Native Method)&#10;        at org.apache.ratis.util.JavaUtils.sleep(JavaUtils.java:247)&#10;        at org.apache.ratis.server.impl.FollowerState.run(FollowerState.java:97)&#10;&quot;Reference Handler&quot; daemon prio=10 tid=2 in Object.wait()&#10;java.lang.Thread.State: WAITING (on object monitor)&#10;        at java.lang.Object.wait(Native Method)&#10;        at java.lang.Object.wait(Object.java:502)&#10;        at java.lang.ref.Reference.tryHandlePending(Reference.java:191)&#10;        at java.lang.ref.Reference$ReferenceHandler.run(Reference.java:153)&#10;&quot;metrics-hadoop-metrics2-reporter-106-thread-1&quot; daemon prio=5 tid=2253 timed_waiting&#10;java.lang.Thread.State: TIMED_WAITING&#10;        at sun.misc.Unsafe.park(Native Method)&#10;        at java.util.concurrent.locks.LockSupport.parkNanos(LockSupport.java:215)&#10;        at java.util.concurrent.locks.AbstractQueuedSynchronizer$ConditionObject.awaitNanos(AbstractQueuedSynchronizer.java:2078)&#10;        at java.util.concurrent.ScheduledThreadPoolExecutor$DelayedWorkQueue.take(ScheduledThreadPoolExecutor.java:1093)&#10;        at java.util.concurrent.ScheduledThreadPoolExecutor$DelayedWorkQueue.take(ScheduledThreadPoolExecutor.java:809)&#10;        at java.util.concurrent.ThreadPoolExecutor.getTask(ThreadPoolExecutor.java:1074)&#10;        at java.util.concurrent.ThreadPoolExecutor.runWorker(ThreadPoolExecutor.java:1134)&#10;        at java.util.concurrent.ThreadPoolExecutor$Worker.run(ThreadPoolExecutor.java:624)&#10;        at java.lang.Thread.run(Thread.java:748)&#10;&quot;metrics-hadoop-metrics2-reporter-40-thread-1&quot; daemon prio=5 tid=1002 timed_waiting&#10;java.lang.Thread.State: TIMED_WAITING&#10;        at sun.misc.Unsafe.park(Native Method)&#10;        at java.util.concurrent.locks.LockSupport.parkNanos(LockSupport.java:215)&#10;        at java.util.concurrent.locks.AbstractQueuedSynchronizer$ConditionObject.awaitNanos(AbstractQueuedSynchronizer.java:2078)&#10;        at java.util.concurrent.ScheduledThreadPoolExecutor$DelayedWorkQueue.take(ScheduledThreadPoolExecutor.java:1093)&#10;        at java.util.concurrent.ScheduledThreadPoolExecutor$DelayedWorkQueue.take(ScheduledThreadPoolExecutor.java:809)&#10;        at java.util.concurrent.ThreadPoolExecutor.getTask(ThreadPoolExecutor.java:1074)&#10;        at java.util.concurrent.ThreadPoolExecutor.runWorker(ThreadPoolExecutor.java:1134)&#10;        at java.util.concurrent.ThreadPoolExecutor$Worker.run(ThreadPoolExecutor.java:624)&#10;        at java.lang.Thread.run(Thread.java:748)&#10;&quot;pool-186-thread-19&quot;  prio=5 tid=1950 in Object.wait()&#10;java.lang.Thread.State: WAITING (on object monitor)&#10;        at sun.misc.Unsafe.park(Native Method)&#10;        at java.util.concurrent.locks.LockSupport.park(LockSupport.java:175)&#10;        at java.util.concurrent.locks.AbstractQueuedSynchronizer$ConditionObject.await(AbstractQueuedSynchronizer.java:2039)&#10;        at java.util.concurrent.ArrayBlockingQueue.take(ArrayBlockingQueue.java:403)&#10;        at java.util.concurrent.ThreadPoolExecutor.getTask(ThreadPoolExecutor.java:1074)&#10;        at java.util.concurrent.ThreadPoolExecutor.runWorker(ThreadPoolExecutor.java:1134)&#10;        at java.util.concurrent.ThreadPoolExecutor$Worker.run(ThreadPoolExecutor.java:624)&#10;        at java.lang.Thread.run(Thread.java:748)&#10;&quot;org.eclipse.jetty.server.session.HashSessionManager@22ede43Timer&quot; daemon prio=5 tid=1739 timed_waiting&#10;java.lang.Thread.State: TIMED_WAITING&#10;        at sun.misc.Unsafe.park(Native Method)&#10;        at java.util.concurrent.locks.LockSupport.parkNanos(LockSupport.java:215)&#10;        at java.util.concurrent.locks.AbstractQueuedSynchronizer$ConditionObject.awaitNanos(AbstractQueuedSynchronizer.java:2078)&#10;        at java.util.concurrent.ScheduledThreadPoolExecutor$DelayedWorkQueue.take(ScheduledThreadPoolExecutor.java:1093)&#10;        at java.util.concurrent.ScheduledThreadPoolExecutor$DelayedWorkQueue.take(ScheduledThreadPoolExecutor.java:809)&#10;        at java.util.concurrent.ThreadPoolExecutor.getTask(ThreadPoolExecutor.java:1074)&#10;        at java.util.concurrent.ThreadPoolExecutor.runWorker(ThreadPoolExecutor.java:1134)&#10;        at java.util.concurrent.ThreadPoolExecutor$Worker.run(ThreadPoolExecutor.java:624)&#10;        at java.lang.Thread.run(Thread.java:748)&#10;&quot;grpc-default-executor-0&quot; daemon prio=5 tid=2066 timed_waiting&#10;java.lang.Thread.State: TIMED_WAITING&#10;        at sun.misc.Unsafe.park(Native Method)&#10;        at java.util.concurrent.locks.LockSupport.parkNanos(LockSupport.java:215)&#10;        at java.util.concurrent.SynchronousQueue$TransferStack.awaitFulfill(SynchronousQueue.java:460)&#10;        at java.util.concurrent.SynchronousQueue$TransferStack.transfer(SynchronousQueue.java:362)&#10;        at java.util.concurrent.SynchronousQueue.poll(SynchronousQueue.java:941)&#10;        at java.util.concurrent.ThreadPoolExecutor.getTask(ThreadPoolExecutor.java:1073)&#10;        at java.util.concurrent.ThreadPoolExecutor.runWorker(ThreadPoolExecutor.java:1134)&#10;        at java.util.concurrent.ThreadPoolExecutor$Worker.run(ThreadPoolExecutor.java:624)&#10;        at java.lang.Thread.run(Thread.java:748)&#10;&quot;pool-176-thread-32&quot;  prio=5 tid=1900 in Object.wait()&#10;java.lang.Thread.State: WAITING (on object monitor)&#10;        at sun.misc.Unsafe.park(Native Method)&#10;        at java.util.concurrent.locks.LockSupport.park(LockSupport.java:175)&#10;        at java.util.concurrent.locks.AbstractQueuedSynchronizer$ConditionObject.await(AbstractQueuedSynchronizer.java:2039)&#10;        at java.util.concurrent.ArrayBlockingQueue.take(ArrayBlockingQueue.java:403)&#10;        at java.util.concurrent.ThreadPoolExecutor.getTask(ThreadPoolExecutor.java:1074)&#10;        at java.util.concurrent.ThreadPoolExecutor.runWorker(ThreadPoolExecutor.java:1134)&#10;        at java.util.concurrent.ThreadPoolExecutor$Worker.run(ThreadPoolExecutor.java:624)&#10;        at java.lang.Thread.run(Thread.java:748)&#10;&quot;IPC Server handler 7 on 41111&quot; daemon prio=5 tid=1718 timed_waiting&#10;java.lang.Thread.State: TIMED_WAITING&#10;        at sun.misc.Unsafe.park(Native Method)&#10;        at java.util.concurrent.locks.LockSupport.parkNanos(LockSupport.java:215)&#10;        at java.util.concurrent.locks.AbstractQueuedSynchronizer$ConditionObject.awaitNanos(AbstractQueuedSynchronizer.java:2078)&#10;        at java.util.concurrent.LinkedBlockingQueue.poll(LinkedBlockingQueue.java:467)&#10;        at org.apache.hadoop.ipc.CallQueueManager.take(CallQueueManager.java:288)&#10;        at org.apache.hadoop.ipc.Server$Handler.run(Server.java:2668)&#10;&quot;pool-186-thread-53&quot;  prio=5 tid=1984 in Object.wait()&#10;java.lang.Thread.State: WAITING (on object monitor)&#10;        at sun.misc.Unsafe.park(Native Method)&#10;        at java.util.concurrent.locks.LockSupport.park(LockSupport.java:175)&#10;        at java.util.concurrent.locks.AbstractQueuedSynchronizer$ConditionObject.await(AbstractQueuedSynchronizer.java:2039)&#10;        at java.util.concurrent.ArrayBlockingQueue.take(ArrayBlockingQueue.java:403)&#10;        at java.util.concurrent.ThreadPoolExecutor.getTask(ThreadPoolExecutor.java:1074)&#10;        at java.util.concurrent.ThreadPoolExecutor.runWorker(ThreadPoolExecutor.java:1134)&#10;        at java.util.concurrent.ThreadPoolExecutor$Worker.run(ThreadPoolExecutor.java:624)&#10;        at java.lang.Thread.run(Thread.java:748)&#10;&quot;ReplicationMonitor&quot; daemon prio=5 tid=2244 timed_waiting&#10;java.lang.Thread.State: TIMED_WAITING&#10;        at java.lang.Object.wait(Native Method)&#10;        at org.apache.hadoop.hdds.scm.container.ReplicationManager.run(ReplicationManager.java:229)&#10;        at org.apache.hadoop.hdds.scm.container.ReplicationManager$$Lambda$523/730466188.run(Unknown Source)&#10;        at java.lang.Thread.run(Thread.java:748)&#10;&quot;pool-196-thread-18&quot;  prio=5 tid=2011 in Object.wait()&#10;java.lang.Thread.State: WAITING (on object monitor)&#10;        at sun.misc.Unsafe.park(Native Method)&#10;        at java.util.concurrent.locks.LockSupport.park(LockSupport.java:175)&#10;        at java.util.concurrent.locks.AbstractQueuedSynchronizer$ConditionObject.await(AbstractQueuedSynchronizer.java:2039)&#10;        at java.util.concurrent.ArrayBlockingQueue.take(ArrayBlockingQueue.java:403)&#10;        at java.util.concurrent.ThreadPoolExecutor.getTask(ThreadPoolExecutor.java:1074)&#10;        at java.util.concurrent.ThreadPoolExecutor.runWorker(ThreadPoolExecutor.java:1134)&#10;        at java.util.concurrent.ThreadPoolExecutor$Worker.run(ThreadPoolExecutor.java:624)&#10;        at java.lang.Thread.run(Thread.java:748)&#10;&quot;metrics-hadoop-metrics2-reporter-60-thread-1&quot; daemon prio=5 tid=1514 timed_waiting&#10;java.lang.Thread.State: TIMED_WAITING&#10;        at sun.misc.Unsafe.park(Native Method)&#10;        at java.util.concurrent.locks.LockSupport.parkNanos(LockSupport.java:215)&#10;        at java.util.concurrent.locks.AbstractQueuedSynchronizer$ConditionObject.awaitNanos(AbstractQueuedSynchronizer.java:2078)&#10;        at java.util.concurrent.ScheduledThreadPoolExecutor$DelayedWorkQueue.take(ScheduledThreadPoolExecutor.java:1093)&#10;        at java.util.concurrent.ScheduledThreadPoolExecutor$DelayedWorkQueue.take(ScheduledThreadPoolExecutor.java:809)&#10;        at java.util.concurrent.ThreadPoolExecutor.getTask(ThreadPoolExecutor.java:1074)&#10;        at java.util.concurrent.ThreadPoolExecutor.runWorker(ThreadPoolExecutor.java:1134)&#10;        at java.util.concurrent.ThreadPoolExecutor$Worker.run(ThreadPoolExecutor.java:624)&#10;        at java.lang.Thread.run(Thread.java:748)&#10;&quot;pool-196-thread-14&quot;  prio=5 tid=2007 in Object.wait()&#10;java.lang.Thread.State: WAITING (on object monitor)&#10;        at sun.misc.Unsafe.park(Native Method)&#10;        at java.util.concurrent.locks.LockSupport.park(LockSupport.java:175)&#10;        at java.util.concurrent.locks.AbstractQueuedSynchronizer$ConditionObject.await(AbstractQueuedSynchronizer.java:2039)&#10;        at java.util.concurrent.ArrayBlockingQueue.take(ArrayBlockingQueue.java:403)&#10;        at java.util.concurrent.ThreadPoolExecutor.getTask(ThreadPoolExecutor.java:1074)&#10;        at java.util.concurrent.ThreadPoolExecutor.runWorker(ThreadPoolExecutor.java:1134)&#10;        at java.util.concurrent.ThreadPoolExecutor$Worker.run(ThreadPoolExecutor.java:624)&#10;        at java.lang.Thread.run(Thread.java:748)&#10;&quot;pool-176-thread-8&quot;  prio=5 tid=1876 in Object.wait()&#10;java.lang.Thread.State: WAITING (on object monitor)&#10;        at sun.misc.Unsafe.park(Native Method)&#10;        at java.util.concurrent.locks.LockSupport.park(LockSupport.java:175)&#10;        at java.util.concurrent.locks.AbstractQueuedSynchronizer$ConditionObject.await(AbstractQueuedSynchronizer.java:2039)&#10;        at java.util.concurrent.ArrayBlockingQueue.take(ArrayBlockingQueue.java:403)&#10;        at java.util.concurrent.ThreadPoolExecutor.getTask(ThreadPoolExecutor.java:1074)&#10;        at java.util.concurrent.ThreadPoolExecutor.runWorker(ThreadPoolExecutor.java:1134)&#10;        at java.util.concurrent.ThreadPoolExecutor$Worker.run(ThreadPoolExecutor.java:624)&#10;        at java.lang.Thread.run(Thread.java:748)&#10;&quot;OMDoubleBufferFlushThread&quot; daemon prio=5 tid=1747 timed_waiting&#10;java.lang.Thread.State: TIMED_WAITING&#10;        at java.lang.Object.wait(Native Method)&#10;        at org.apache.hadoop.ozone.om.ratis.OzoneManagerDoubleBuffer.canFlush(OzoneManagerDoubleBuffer.java:322)&#10;        at org.apache.hadoop.ozone.om.ratis.OzoneManagerDoubleBuffer.flushTransactions(OzoneManagerDoubleBuffer.java:130)&#10;        at org.apache.hadoop.ozone.om.ratis.OzoneManagerDoubleBuffer$$Lambda$49/487183370.run(Unknown Source)&#10;        at java.lang.Thread.run(Thread.java:748)&#10;&quot;IPC Server handler 3 on 39395&quot; daemon prio=5 tid=1694 timed_waiting&#10;java.lang.Thread.State: TIMED_WAITING&#10;        at sun.misc.Unsafe.park(Native Method)&#10;        at java.util.concurrent.locks.LockSupport.parkNanos(LockSupport.java:215)&#10;        at java.util.concurrent.locks.AbstractQueuedSynchronizer$ConditionObject.awaitNanos(AbstractQueuedSynchronizer.java:2078)&#10;        at java.util.concurrent.LinkedBlockingQueue.poll(LinkedBlockingQueue.java:467)&#10;        at org.apache.hadoop.ipc.CallQueueManager.take(CallQueueManager.java:288)&#10;        at org.apache.hadoop.ipc.Server$Handler.run(Server.java:2668)&#10;&quot;SCMBlockDeletingService#0&quot; daemon prio=5 tid=1743 timed_waiting&#10;java.lang.Thread.State: TIMED_WAITING&#10;        at sun.misc.Unsafe.park(Native Method)&#10;        at java.util.concurrent.locks.LockSupport.parkNanos(LockSupport.java:215)&#10;        at java.util.concurrent.locks.AbstractQueuedSynchronizer$ConditionObject.awaitNanos(AbstractQueuedSynchronizer.java:2078)&#10;        at java.util.concurrent.ScheduledThreadPoolExecutor$DelayedWorkQueue.take(ScheduledThreadPoolExecutor.java:1093)&#10;        at java.util.concurrent.ScheduledThreadPoolExecutor$DelayedWorkQueue.take(ScheduledThreadPoolExecutor.java:809)&#10;        at java.util.concurrent.ThreadPoolExecutor.getTask(ThreadPoolExecutor.java:1074)&#10;        at java.util.concurrent.ThreadPoolExecutor.runWorker(ThreadPoolExecutor.java:1134)&#10;        at java.util.concurrent.ThreadPoolExecutor$Worker.run(ThreadPoolExecutor.java:624)&#10;        at java.lang.Thread.run(Thread.java:748)&#10;&quot;metrics-hadoop-metrics2-reporter-16-thread-1&quot; daemon prio=5 tid=480 timed_waiting&#10;java.lang.Thread.State: TIMED_WAITING&#10;        at sun.misc.Unsafe.park(Native Method)&#10;        at java.util.concurrent.locks.LockSupport.parkNanos(LockSupport.java:215)&#10;        at java.util.concurrent.locks.AbstractQueuedSynchronizer$ConditionObject.awaitNanos(AbstractQueuedSynchronizer.java:2078)&#10;        at java.util.concurrent.ScheduledThreadPoolExecutor$DelayedWorkQueue.take(ScheduledThreadPoolExecutor.java:1093)&#10;        at java.util.concurrent.ScheduledThreadPoolExecutor$DelayedWorkQueue.take(ScheduledThreadPoolExecutor.java:809)&#10;        at java.util.concurrent.ThreadPoolExecutor.getTask(ThreadPoolExecutor.java:1074)&#10;        at java.util.concurrent.ThreadPoolExecutor.runWorker(ThreadPoolExecutor.java:1134)&#10;        at java.util.concurrent.ThreadPoolExecutor$Worker.run(ThreadPoolExecutor.java:624)&#10;        at java.lang.Thread.run(Thread.java:748)&#10;&quot;IPC Server handler 19 on 46187&quot; daemon prio=5 tid=1774 timed_waiting&#10;java.lang.Thread.State: TIMED_WAITING&#10;        at sun.misc.Unsafe.park(Native Method)&#10;        at java.util.concurrent.locks.LockSupport.parkNanos(LockSupport.java:215)&#10;        at java.util.concurrent.locks.AbstractQueuedSynchronizer$ConditionObject.awaitNanos(AbstractQueuedSynchronizer.java:2078)&#10;        at java.util.concurrent.LinkedBlockingQueue.poll(LinkedBlockingQueue.java:467)&#10;        at org.apache.hadoop.ipc.CallQueueManager.take(CallQueueManager.java:288)&#10;        at org.apache.hadoop.ipc.Server$Handler.run(Server.java:2668)&#10;&quot;IPC Server handler 19 on 41111&quot; daemon prio=5 tid=1730 timed_waiting&#10;java.lang.Thread.State: TIMED_WAITING&#10;        at sun.misc.Unsafe.park(Native Method)&#10;        at java.util.concurrent.locks.LockSupport.parkNanos(LockSupport.java:215)&#10;        at java.util.concurrent.locks.AbstractQueuedSynchronizer$ConditionObject.awaitNanos(AbstractQueuedSynchronizer.java:2078)&#10;        at java.util.concurrent.LinkedBlockingQueue.poll(LinkedBlockingQueue.java:467)&#10;        at org.apache.hadoop.ipc.CallQueueManager.take(CallQueueManager.java:288)&#10;        at org.apache.hadoop.ipc.Server$Handler.run(Server.java:2668)&#10;&quot;qtp915734066-1798&quot; daemon prio=5 tid=1798 timed_waiting&#10;java.lang.Thread.State: TIMED_WAITING&#10;        at sun.misc.Unsafe.park(Native Method)&#10;        at java.util.concurrent.locks.LockSupport.parkNanos(LockSupport.java:215)&#10;        at java.util.concurrent.locks.AbstractQueuedSynchronizer$ConditionObject.awaitNanos(AbstractQueuedSynchronizer.java:2078)&#10;        at org.eclipse.jetty.util.BlockingArrayQueue.poll(BlockingArrayQueue.java:392)&#10;        at org.eclipse.jetty.util.thread.QueuedThreadPool.idleJobPoll(QueuedThreadPool.java:563)&#10;        at org.eclipse.jetty.util.thread.QueuedThreadPool.access$800(QueuedThreadPool.java:48)&#10;        at org.eclipse.jetty.util.thread.QueuedThreadPool$2.run(QueuedThreadPool.java:626)&#10;        at java.lang.Thread.run(Thread.java:748)&#10;&quot;pool-186-thread-60&quot;  prio=5 tid=1991 in Object.wait()&#10;java.lang.Thread.State: WAITING (on object monitor)&#10;        at sun.misc.Unsafe.park(Native Method)&#10;        at java.util.concurrent.locks.LockSupport.park(LockSupport.java:175)&#10;        at java.util.concurrent.locks.AbstractQueuedSynchronizer$ConditionObject.await(AbstractQueuedSynchronizer.java:2039)&#10;        at java.util.concurrent.ArrayBlockingQueue.take(ArrayBlockingQueue.java:403)&#10;        at java.util.concurrent.ThreadPoolExecutor.getTask(ThreadPoolExecutor.java:1074)&#10;        at java.util.concurrent.ThreadPoolExecutor.runWorker(ThreadPoolExecutor.java:1134)&#10;        at java.util.concurrent.ThreadPoolExecutor$Worker.run(ThreadPoolExecutor.java:624)&#10;        at java.lang.Thread.run(Thread.java:748)&#10;&quot;pool-186-thread-46&quot;  prio=5 tid=1977 in Object.wait()&#10;java.lang.Thread.State: WAITING (on object monitor)&#10;        at sun.misc.Unsafe.park(Native Method)&#10;        at java.util.concurrent.locks.LockSupport.park(LockSupport.java:175)&#10;        at java.util.concurrent.locks.AbstractQueuedSynchronizer$ConditionObject.await(AbstractQueuedSynchronizer.java:2039)&#10;        at java.util.concurrent.ArrayBlockingQueue.take(ArrayBlockingQueue.java:403)&#10;        at java.util.concurrent.ThreadPoolExecutor.getTask(ThreadPoolExecutor.java:1074)&#10;        at java.util.concurrent.ThreadPoolExecutor.runWorker(ThreadPoolExecutor.java:1134)&#10;        at java.util.concurrent.ThreadPoolExecutor$Worker.run(ThreadPoolExecutor.java:624)&#10;        at java.lang.Thread.run(Thread.java:748)&#10;&quot;pool-186-thread-56&quot;  prio=5 tid=1987 in Object.wait()&#10;java.lang.Thread.State: WAITING (on object monitor)&#10;        at sun.misc.Unsafe.park(Native Method)&#10;        at java.util.concurrent.locks.LockSupport.park(LockSupport.java:175)&#10;        at java.util.concurrent.locks.AbstractQueuedSynchronizer$ConditionObject.await(AbstractQueuedSynchronizer.java:2039)&#10;        at java.util.concurrent.ArrayBlockingQueue.take(ArrayBlockingQueue.java:403)&#10;        at java.util.concurrent.ThreadPoolExecutor.getTask(ThreadPoolExecutor.java:1074)&#10;        at java.util.concurrent.ThreadPoolExecutor.runWorker(ThreadPoolExecutor.java:1134)&#10;        at java.util.concurrent.ThreadPoolExecutor$Worker.run(ThreadPoolExecutor.java:624)&#10;        at java.lang.Thread.run(Thread.java:748)&#10;&quot;PartialTableCache Cleanup Thread - 0&quot; daemon prio=5 tid=1647 in Object.wait()&#10;java.lang.Thread.State: WAITING (on object monitor)&#10;        at sun.misc.Unsafe.park(Native Method)&#10;        at java.util.concurrent.locks.LockSupport.park(LockSupport.java:175)&#10;        at java.util.concurrent.locks.AbstractQueuedSynchronizer$ConditionObject.await(AbstractQueuedSynchronizer.java:2039)&#10;        at java.util.concurrent.LinkedBlockingQueue.take(LinkedBlockingQueue.java:442)&#10;        at java.util.concurrent.ThreadPoolExecutor.getTask(ThreadPoolExecutor.java:1074)&#10;        at java.util.concurrent.ThreadPoolExecutor.runWorker(ThreadPoolExecutor.java:1134)&#10;        at java.util.concurrent.ThreadPoolExecutor$Worker.run(ThreadPoolExecutor.java:624)&#10;        at java.lang.Thread.run(Thread.java:748)&#10;&quot;pool-196-thread-1&quot;  prio=5 tid=1994 in Object.wait()&#10;java.lang.Thread.State: WAITING (on object monitor)&#10;        at sun.misc.Unsafe.park(Native Method)&#10;        at java.util.concurrent.locks.LockSupport.park(LockSupport.java:175)&#10;        at java.util.concurrent.locks.AbstractQueuedSynchronizer$ConditionObject.await(AbstractQueuedSynchronizer.java:2039)&#10;        at java.util.concurrent.ArrayBlockingQueue.take(ArrayBlockingQueue.java:403)&#10;        at java.util.concurrent.ThreadPoolExecutor.getTask(ThreadPoolExecutor.java:1074)&#10;        at java.util.concurrent.ThreadPoolExecutor.runWorker(ThreadPoolExecutor.java:1134)&#10;        at java.util.concurrent.ThreadPoolExecutor$Worker.run(ThreadPoolExecutor.java:624)&#10;        at java.lang.Thread.run(Thread.java:748)&#10;&quot;PartialTableCache Cleanup Thread - 0&quot; daemon prio=5 tid=545 in Object.wait()&#10;java.lang.Thread.State: WAITING (on object monitor)&#10;        at sun.misc.Unsafe.park(Native Method)&#10;        at java.util.concurrent.locks.LockSupport.park(LockSupport.java:175)&#10;        at java.util.concurrent.locks.AbstractQueuedSynchronizer$ConditionObject.await(AbstractQueuedSynchronizer.java:2039)&#10;        at java.util.concurrent.LinkedBlockingQueue.take(LinkedBlockingQueue.java:442)&#10;        at java.util.concurrent.ThreadPoolExecutor.getTask(ThreadPoolExecutor.java:1074)&#10;        at java.util.concurrent.ThreadPoolExecutor.runWorker(ThreadPoolExecutor.java:1134)&#10;        at java.util.concurrent.ThreadPoolExecutor$Worker.run(ThreadPoolExecutor.java:624)&#10;        at java.lang.Thread.run(Thread.java:748)&#10;&quot;IPC Server Responder&quot; daemon prio=5 tid=1751 runnable&#10;java.lang.Thread.State: RUNNABLE&#10;        at sun.nio.ch.EPollArrayWrapper.epollWait(Native Method)&#10;        at sun.nio.ch.EPollArrayWrapper.poll(EPollArrayWrapper.java:269)&#10;        at sun.nio.ch.EPollSelectorImpl.doSelect(EPollSelectorImpl.java:93)&#10;        at sun.nio.ch.SelectorImpl.lockAndDoSelect(SelectorImpl.java:86)&#10;        at sun.nio.ch.SelectorImpl.select(SelectorImpl.java:97)&#10;        at org.apache.hadoop.ipc.Server$Responder.doRunLoop(Server.java:1334)&#10;        at org.apache.hadoop.ipc.Server$Responder.run(Server.java:1317)&#10;&quot;pool-194-thread-1&quot; daemon prio=5 tid=1846 timed_waiting&#10;java.lang.Thread.State: TIMED_WAITING&#10;        at sun.misc.Unsafe.park(Native Method)&#10;        at java.util.concurrent.locks.LockSupport.parkNanos(LockSupport.java:215)&#10;        at java.util.concurrent.locks.AbstractQueuedSynchronizer$ConditionObject.awaitNanos(AbstractQueuedSynchronizer.java:2078)&#10;        at java.util.concurrent.ScheduledThreadPoolExecutor$DelayedWorkQueue.take(ScheduledThreadPoolExecutor.java:1093)&#10;        at java.util.concurrent.ScheduledThreadPoolExecutor$DelayedWorkQueue.take(ScheduledThreadPoolExecutor.java:809)&#10;        at java.util.concurrent.ThreadPoolExecutor.getTask(ThreadPoolExecutor.java:1074)&#10;        at java.util.concurrent.ThreadPoolExecutor.runWorker(ThreadPoolExecutor.java:1134)&#10;        at java.util.concurrent.ThreadPoolExecutor$Worker.run(ThreadPoolExecutor.java:624)&#10;        at java.lang.Thread.run(Thread.java:748)&#10;&quot;IPC Server handler 9 on 46187&quot; daemon prio=5 tid=1764 timed_waiting&#10;java.lang.Thread.State: TIMED_WAITING&#10;        at sun.misc.Unsafe.park(Native Method)&#10;        at java.util.concurrent.locks.LockSupport.parkNanos(LockSupport.java:215)&#10;        at java.util.concurrent.locks.AbstractQueuedSynchronizer$ConditionObject.awaitNanos(AbstractQueuedSynchronizer.java:2078)&#10;        at java.util.concurrent.LinkedBlockingQueue.poll(LinkedBlockingQueue.java:467)&#10;        at org.apache.hadoop.ipc.CallQueueManager.take(CallQueueManager.java:288)&#10;        at org.apache.hadoop.ipc.Server$Handler.run(Server.java:2668)&#10;&quot;metrics-hadoop-metrics2-reporter-79-thread-1&quot; daemon prio=5 tid=1626 timed_waiting&#10;java.lang.Thread.State: TIMED_WAITING&#10;        at sun.misc.Unsafe.park(Native Method)&#10;        at java.util.concurrent.locks.LockSupport.parkNanos(LockSupport.java:215)&#10;        at java.util.concurrent.locks.AbstractQueuedSynchronizer$ConditionObject.awaitNanos(AbstractQueuedSynchronizer.java:2078)&#10;        at java.util.concurrent.ScheduledThreadPoolExecutor$DelayedWorkQueue.take(ScheduledThreadPoolExecutor.java:1093)&#10;        at java.util.concurrent.ScheduledThreadPoolExecutor$DelayedWorkQueue.take(ScheduledThreadPoolExecutor.java:809)&#10;        at java.util.concurrent.ThreadPoolExecutor.getTask(ThreadPoolExecutor.java:1074)&#10;        at java.util.concurrent.ThreadPoolExecutor.runWorker(ThreadPoolExecutor.java:1134)&#10;        at java.util.concurrent.ThreadPoolExecutor$Worker.run(ThreadPoolExecutor.java:624)&#10;        at java.lang.Thread.run(Thread.java:748)&#10;&quot;metrics-hadoop-metrics2-reporter-108-thread-1&quot; daemon prio=5 tid=2260 timed_waiting&#10;java.lang.Thread.State: TIMED_WAITING&#10;        at sun.misc.Unsafe.park(Native Method)&#10;        at java.util.concurrent.locks.LockSupport.parkNanos(LockSupport.java:215)&#10;        at java.util.concurrent.locks.AbstractQueuedSynchronizer$ConditionObject.awaitNanos(AbstractQueuedSynchronizer.java:2078)&#10;        at java.util.concurrent.ScheduledThreadPoolExecutor$DelayedWorkQueue.take(ScheduledThreadPoolExecutor.java:1093)&#10;        at java.util.concurrent.ScheduledThreadPoolExecutor$DelayedWorkQueue.take(ScheduledThreadPoolExecutor.java:809)&#10;        at java.util.concurrent.ThreadPoolExecutor.getTask(ThreadPoolExecutor.java:1074)&#10;        at java.util.concurrent.ThreadPoolExecutor.runWorker(ThreadPoolExecutor.java:1134)&#10;        at java.util.concurrent.ThreadPoolExecutor$Worker.run(ThreadPoolExecutor.java:624)&#10;        at java.lang.Thread.run(Thread.java:748)&#10;&quot;pool-186-thread-32&quot;  prio=5 tid=1963 in Object.wait()&#10;java.lang.Thread.State: WAITING (on object monitor)&#10;        at sun.misc.Unsafe.park(Native Method)&#10;        at java.util.concurrent.locks.LockSupport.park(LockSupport.java:175)&#10;        at java.util.concurrent.locks.AbstractQueuedSynchronizer$ConditionObject.await(AbstractQueuedSynchronizer.java:2039)&#10;        at java.util.concurrent.ArrayBlockingQueue.take(ArrayBlockingQueue.java:403)&#10;        at java.util.concurrent.ThreadPoolExecutor.getTask(ThreadPoolExecutor.java:1074)&#10;        at java.util.concurrent.ThreadPoolExecutor.runWorker(ThreadPoolExecutor.java:1134)&#10;        at java.util.concurrent.ThreadPoolExecutor$Worker.run(ThreadPoolExecutor.java:624)&#10;        at java.lang.Thread.run(Thread.java:748)&#10;&quot;metrics-hadoop-metrics2-reporter-22-thread-1&quot; daemon prio=5 tid=514 timed_waiting&#10;java.lang.Thread.State: TIMED_WAITING&#10;        at sun.misc.Unsafe.park(Native Method)&#10;        at java.util.concurrent.locks.LockSupport.parkNanos(LockSupport.java:215)&#10;        at java.util.concurrent.locks.AbstractQueuedSynchronizer$ConditionObject.awaitNanos(AbstractQueuedSynchronizer.java:2078)&#10;        at java.util.concurrent.ScheduledThreadPoolExecutor$DelayedWorkQueue.take(ScheduledThreadPoolExecutor.java:1093)&#10;        at java.util.concurrent.ScheduledThreadPoolExecutor$DelayedWorkQueue.take(ScheduledThreadPoolExecutor.java:809)&#10;        at java.util.concurrent.ThreadPoolExecutor.getTask(ThreadPoolExecutor.java:1074)&#10;        at java.util.concurrent.ThreadPoolExecutor.runWorker(ThreadPoolExecutor.java:1134)&#10;        at java.util.concurrent.ThreadPoolExecutor$Worker.run(ThreadPoolExecutor.java:624)&#10;        at java.lang.Thread.run(Thread.java:748)&#10;&quot;pool-186-thread-54&quot;  prio=5 tid=1985 in Object.wait()&#10;java.lang.Thread.State: WAITING (on object monitor)&#10;        at sun.misc.Unsafe.park(Native Method)&#10;        at java.util.concurrent.locks.LockSupport.park(LockSupport.java:175)&#10;        at java.util.concurrent.locks.AbstractQueuedSynchronizer$ConditionObject.await(AbstractQueuedSynchronizer.java:2039)&#10;        at java.util.concurrent.ArrayBlockingQueue.take(ArrayBlockingQueue.java:403)&#10;        at java.util.concurrent.ThreadPoolExecutor.getTask(ThreadPoolExecutor.java:1074)&#10;        at java.util.concurrent.ThreadPoolExecutor.runWorker(ThreadPoolExecutor.java:1134)&#10;        at java.util.concurrent.ThreadPoolExecutor$Worker.run(ThreadPoolExecutor.java:624)&#10;        at java.lang.Thread.run(Thread.java:748)&#10;&quot;Timer for &apos;StorageContainerManager&apos; metrics system&quot; daemon prio=5 tid=1669 timed_waiting&#10;java.lang.Thread.State: TIMED_WAITING&#10;        at java.lang.Object.wait(Native Method)&#10;        at java.util.TimerThread.mainLoop(Timer.java:552)&#10;        at java.util.TimerThread.run(Timer.java:505)&#10;&quot;metrics-hadoop-metrics2-reporter-76-thread-1&quot; daemon prio=5 tid=1569 timed_waiting&#10;java.lang.Thread.State: TIMED_WAITING&#10;        at sun.misc.Unsafe.park(Native Method)&#10;        at java.util.concurrent.locks.LockSupport.parkNanos(LockSupport.java:215)&#10;        at java.util.concurrent.locks.AbstractQueuedSynchronizer$ConditionObject.awaitNanos(AbstractQueuedSynchronizer.java:2078)&#10;        at java.util.concurrent.ScheduledThreadPoolExecutor$DelayedWorkQueue.take(ScheduledThreadPoolExecutor.java:1093)&#10;        at java.util.concurrent.ScheduledThreadPoolExecutor$DelayedWorkQueue.take(ScheduledThreadPoolExecutor.java:809)&#10;        at java.util.concurrent.ThreadPoolExecutor.getTask(ThreadPoolExecutor.java:1074)&#10;        at java.util.concurrent.ThreadPoolExecutor.runWorker(ThreadPoolExecutor.java:1134)&#10;        at java.util.concurrent.ThreadPoolExecutor$Worker.run(ThreadPoolExecutor.java:624)&#10;        at java.lang.Thread.run(Thread.java:748)&#10;&quot;IPC Server handler 6 on 41111&quot; daemon prio=5 tid=1717 timed_waiting&#10;java.lang.Thread.State: TIMED_WAITING&#10;        at sun.misc.Unsafe.park(Native Method)&#10;        at java.util.concurrent.locks.LockSupport.parkNanos(LockSupport.java:215)&#10;        at java.util.concurrent.locks.AbstractQueuedSynchronizer$ConditionObject.awaitNanos(AbstractQueuedSynchronizer.java:2078)&#10;        at java.util.concurrent.LinkedBlockingQueue.poll(LinkedBlockingQueue.java:467)&#10;        at org.apache.hadoop.ipc.CallQueueManager.take(CallQueueManager.java:288)&#10;        at org.apache.hadoop.ipc.Server$Handler.run(Server.java:2668)&#10;&quot;pool-196-thread-36&quot;  prio=5 tid=2029 in Object.wait()&#10;java.lang.Thread.State: WAITING (on object monitor)&#10;        at sun.misc.Unsafe.park(Native Method)&#10;        at java.util.concurrent.locks.LockSupport.park(LockSupport.java:175)&#10;        at java.util.concurrent.locks.AbstractQueuedSynchronizer$ConditionObject.await(AbstractQueuedSynchronizer.java:2039)&#10;        at java.util.concurrent.ArrayBlockingQueue.take(ArrayBlockingQueue.java:403)&#10;        at java.util.concurrent.ThreadPoolExecutor.getTask(ThreadPoolExecutor.java:1074)&#10;        at java.util.concurrent.ThreadPoolExecutor.runWorker(ThreadPoolExecutor.java:1134)&#10;        at java.util.concurrent.ThreadPoolExecutor$Worker.run(ThreadPoolExecutor.java:624)&#10;        at java.lang.Thread.run(Thread.java:748)&#10;&quot;metrics-hadoop-metrics2-reporter-6-thread-1&quot; daemon prio=5 tid=451 timed_waiting&#10;java.lang.Thread.State: TIMED_WAITING&#10;        at sun.misc.Unsafe.park(Native Method)&#10;        at java.util.concurrent.locks.LockSupport.parkNanos(LockSupport.java:215)&#10;        at java.util.concurrent.locks.AbstractQueuedSynchronizer$ConditionObject.awaitNanos(AbstractQueuedSynchronizer.java:2078)&#10;        at java.util.concurrent.ScheduledThreadPoolExecutor$DelayedWorkQueue.take(ScheduledThreadPoolExecutor.java:1093)&#10;        at java.util.concurrent.ScheduledThreadPoolExecutor$DelayedWorkQueue.take(ScheduledThreadPoolExecutor.java:809)&#10;        at java.util.concurrent.ThreadPoolExecutor.getTask(ThreadPoolExecutor.java:1074)&#10;        at java.util.concurrent.ThreadPoolExecutor.runWorker(ThreadPoolExecutor.java:1134)&#10;        at java.util.concurrent.ThreadPoolExecutor$Worker.run(ThreadPoolExecutor.java:624)&#10;        at java.lang.Thread.run(Thread.java:748)&#10;&quot;IPC Server handler 18 on 39395&quot; daemon prio=5 tid=1709 timed_waiting&#10;java.lang.Thread.State: TIMED_WAITING&#10;        at sun.misc.Unsafe.park(Native Method)&#10;        at java.util.concurrent.locks.LockSupport.parkNanos(LockSupport.java:215)&#10;        at java.util.concurrent.locks.AbstractQueuedSynchronizer$ConditionObject.awaitNanos(AbstractQueuedSynchronizer.java:2078)&#10;        at java.util.concurrent.LinkedBlockingQueue.poll(LinkedBlockingQueue.java:467)&#10;        at org.apache.hadoop.ipc.CallQueueManager.take(CallQueueManager.java:288)&#10;        at org.apache.hadoop.ipc.Server$Handler.run(Server.java:2668)&#10;&quot;Datanode ReportManager Thread - 2&quot; daemon prio=5 tid=201 in Object.wait()&#10;java.lang.Thread.State: WAITING (on object monitor)&#10;        at sun.misc.Unsafe.park(Native Method)&#10;        at java.util.concurrent.locks.LockSupport.park(LockSupport.java:175)&#10;        at java.util.concurrent.locks.AbstractQueuedSynchronizer$ConditionObject.await(AbstractQueuedSynchronizer.java:2039)&#10;        at java.util.concurrent.ScheduledThreadPoolExecutor$DelayedWorkQueue.take(ScheduledThreadPoolExecutor.java:1088)&#10;        at java.util.concurrent.ScheduledThreadPoolExecutor$DelayedWorkQueue.take(ScheduledThreadPoolExecutor.java:809)&#10;        at java.util.concurrent.ThreadPoolExecutor.getTask(ThreadPoolExecutor.java:1074)&#10;        at java.util.concurrent.ThreadPoolExecutor.runWorker(ThreadPoolExecutor.java:1134)&#10;        at java.util.concurrent.ThreadPoolExecutor$Worker.run(ThreadPoolExecutor.java:624)&#10;        at java.lang.Thread.run(Thread.java:748)&#10;&quot;grpc-default-executor-3&quot; daemon prio=5 tid=2146 timed_waiting&#10;java.lang.Thread.State: TIMED_WAITING&#10;        at sun.misc.Unsafe.park(Native Method)&#10;        at java.util.concurrent.locks.LockSupport.parkNanos(LockSupport.java:215)&#10;        at java.util.concurrent.SynchronousQueue$TransferStack.awaitFulfill(SynchronousQueue.java:460)&#10;        at java.util.concurrent.SynchronousQueue$TransferStack.transfer(SynchronousQueue.java:362)&#10;        at java.util.concurrent.SynchronousQueue.poll(SynchronousQueue.java:941)&#10;        at java.util.concurrent.ThreadPoolExecutor.getTask(ThreadPoolExecutor.java:1073)&#10;        at java.util.concurrent.ThreadPoolExecutor.runWorker(ThreadPoolExecutor.java:1134)&#10;        at java.util.concurrent.ThreadPoolExecutor$Worker.run(ThreadPoolExecutor.java:624)&#10;        at java.lang.Thread.run(Thread.java:748)&#10;&quot;org.eclipse.jetty.server.session.HashSessionManager@7556091Timer&quot; daemon prio=5 tid=1804 timed_waiting&#10;java.lang.Thread.State: TIMED_WAITING&#10;        at sun.misc.Unsafe.park(Native Method)&#10;        at java.util.concurrent.locks.LockSupport.parkNanos(LockSupport.java:215)&#10;        at java.util.concurrent.locks.AbstractQueuedSynchronizer$ConditionObject.awaitNanos(AbstractQueuedSynchronizer.java:2078)&#10;        at java.util.concurrent.ScheduledThreadPoolExecutor$DelayedWorkQueue.take(ScheduledThreadPoolExecutor.java:1093)&#10;        at java.util.concurrent.ScheduledThreadPoolExecutor$DelayedWorkQueue.take(ScheduledThreadPoolExecutor.java:809)&#10;        at java.util.concurrent.ThreadPoolExecutor.getTask(ThreadPoolExecutor.java:1074)&#10;        at java.util.concurrent.ThreadPoolExecutor.runWorker(ThreadPoolExecutor.java:1134)&#10;        at java.util.concurrent.ThreadPoolExecutor$Worker.run(ThreadPoolExecutor.java:624)&#10;        at java.lang.Thread.run(Thread.java:748)&#10;&quot;org.eclipse.jetty.server.session.HashSessionManager@385c7e06Timer&quot; daemon prio=5 tid=1784 timed_waiting&#10;java.lang.Thread.State: TIMED_WAITING&#10;        at sun.misc.Unsafe.park(Native Method)&#10;        at java.util.concurrent.locks.LockSupport.parkNanos(LockSupport.java:215)&#10;        at java.util.concurrent.locks.AbstractQueuedSynchronizer$ConditionObject.awaitNanos(AbstractQueuedSynchronizer.java:2078)&#10;        at java.util.concurrent.ScheduledThreadPoolExecutor$DelayedWorkQueue.take(ScheduledThreadPoolExecutor.java:1093)&#10;        at java.util.concurrent.ScheduledThreadPoolExecutor$DelayedWorkQueue.take(ScheduledThreadPoolExecutor.java:809)&#10;        at java.util.concurrent.ThreadPoolExecutor.getTask(ThreadPoolExecutor.java:1074)&#10;        at java.util.concurrent.ThreadPoolExecutor.runWorker(ThreadPoolExecutor.java:1134)&#10;        at java.util.concurrent.ThreadPoolExecutor$Worker.run(ThreadPoolExecutor.java:624)&#10;        at java.lang.Thread.run(Thread.java:748)&#10;&quot;pool-176-thread-24&quot;  prio=5 tid=1892 in Object.wait()&#10;java.lang.Thread.State: WAITING (on object monitor)&#10;        at sun.misc.Unsafe.park(Native Method)&#10;        at java.util.concurrent.locks.LockSupport.park(LockSupport.java:175)&#10;        at java.util.concurrent.locks.AbstractQueuedSynchronizer$ConditionObject.await(AbstractQueuedSynchronizer.java:2039)&#10;        at java.util.concurrent.ArrayBlockingQueue.take(ArrayBlockingQueue.java:403)&#10;        at java.util.concurrent.ThreadPoolExecutor.getTask(ThreadPoolExecutor.java:1074)&#10;        at java.util.concurrent.ThreadPoolExecutor.runWorker(ThreadPoolExecutor.java:1134)&#10;        at java.util.concurrent.ThreadPoolExecutor$Worker.run(ThreadPoolExecutor.java:624)&#10;        at java.lang.Thread.run(Thread.java:748)&#10;&quot;Datanode ReportManager Thread - 0&quot; daemon prio=5 tid=1861 in Object.wait()&#10;java.lang.Thread.State: WAITING (on object monitor)&#10;        at sun.misc.Unsafe.park(Native Method)&#10;        at java.util.concurrent.locks.LockSupport.park(LockSupport.java:175)&#10;        at java.util.concurrent.locks.AbstractQueuedSynchronizer$ConditionObject.await(AbstractQueuedSynchronizer.java:2039)&#10;        at java.util.concurrent.ScheduledThreadPoolExecutor$DelayedWorkQueue.take(ScheduledThreadPoolExecutor.java:1088)&#10;        at java.util.concurrent.ScheduledThreadPoolExecutor$DelayedWorkQueue.take(ScheduledThreadPoolExecutor.java:809)&#10;        at java.util.concurrent.ThreadPoolExecutor.getTask(ThreadPoolExecutor.java:1074)&#10;        at java.util.concurrent.ThreadPoolExecutor.runWorker(ThreadPoolExecutor.java:1134)&#10;        at java.util.concurrent.ThreadPoolExecutor$Worker.run(ThreadPoolExecutor.java:624)&#10;        at java.lang.Thread.run(Thread.java:748)&#10;&quot;pool-176-thread-36&quot;  prio=5 tid=1904 in Object.wait()&#10;java.lang.Thread.State: WAITING (on object monitor)&#10;        at sun.misc.Unsafe.park(Native Method)&#10;        at java.util.concurrent.locks.LockSupport.park(LockSupport.java:175)&#10;        at java.util.concurrent.locks.AbstractQueuedSynchronizer$ConditionObject.await(AbstractQueuedSynchronizer.java:2039)&#10;        at java.util.concurrent.ArrayBlockingQueue.take(ArrayBlockingQueue.java:403)&#10;        at java.util.concurrent.ThreadPoolExecutor.getTask(ThreadPoolExecutor.java:1074)&#10;        at java.util.concurrent.ThreadPoolExecutor.runWorker(ThreadPoolExecutor.java:1134)&#10;        at java.util.concurrent.ThreadPoolExecutor$Worker.run(ThreadPoolExecutor.java:624)&#10;        at java.lang.Thread.run(Thread.java:748)&#10;&quot;pool-196-thread-54&quot;  prio=5 tid=2047 in Object.wait()&#10;java.lang.Thread.State: WAITING (on object monitor)&#10;        at sun.misc.Unsafe.park(Native Method)&#10;        at java.util.concurrent.locks.LockSupport.park(LockSupport.java:175)&#10;        at java.util.concurrent.locks.AbstractQueuedSynchronizer$ConditionObject.await(AbstractQueuedSynchronizer.java:2039)&#10;        at java.util.concurrent.ArrayBlockingQueue.take(ArrayBlockingQueue.java:403)&#10;        at java.util.concurrent.ThreadPoolExecutor.getTask(ThreadPoolExecutor.java:1074)&#10;        at java.util.concurrent.ThreadPoolExecutor.runWorker(ThreadPoolExecutor.java:1134)&#10;        at java.util.concurrent.ThreadPoolExecutor$Worker.run(ThreadPoolExecutor.java:624)&#10;        at java.lang.Thread.run(Thread.java:748)&#10;&quot;pool-176-thread-10&quot;  prio=5 tid=1878 in Object.wait()&#10;java.lang.Thread.State: WAITING (on object monitor)&#10;        at sun.misc.Unsafe.park(Native Method)&#10;        at java.util.concurrent.locks.LockSupport.park(LockSupport.java:175)&#10;        at java.util.concurrent.locks.AbstractQueuedSynchronizer$ConditionObject.await(AbstractQueuedSynchronizer.java:2039)&#10;        at java.util.concurrent.ArrayBlockingQueue.take(ArrayBlockingQueue.java:403)&#10;        at java.util.concurrent.ThreadPoolExecutor.getTask(ThreadPoolExecutor.java:1074)&#10;        at java.util.concurrent.ThreadPoolExecutor.runWorker(ThreadPoolExecutor.java:1134)&#10;        at java.util.concurrent.ThreadPoolExecutor$Worker.run(ThreadPoolExecutor.java:624)&#10;        at java.lang.Thread.run(Thread.java:748)&#10;&quot;pool-176-thread-9&quot;  prio=5 tid=1877 in Object.wait()&#10;java.lang.Thread.State: WAITING (on object monitor)&#10;        at sun.misc.Unsafe.park(Native Method)&#10;        at java.util.concurrent.locks.LockSupport.park(LockSupport.java:175)&#10;        at java.util.concurrent.locks.AbstractQueuedSynchronizer$ConditionObject.await(AbstractQueuedSynchronizer.java:2039)&#10;        at java.util.concurrent.ArrayBlockingQueue.take(ArrayBlockingQueue.java:403)&#10;        at java.util.concurrent.ThreadPoolExecutor.getTask(ThreadPoolExecutor.java:1074)&#10;        at java.util.concurrent.ThreadPoolExecutor.runWorker(ThreadPoolExecutor.java:1134)&#10;        at java.util.concurrent.ThreadPoolExecutor$Worker.run(ThreadPoolExecutor.java:624)&#10;        at java.lang.Thread.run(Thread.java:748)&#10;&quot;metrics-hadoop-metrics2-reporter-28-thread-1&quot; daemon prio=5 tid=973 timed_waiting&#10;java.lang.Thread.State: TIMED_WAITING&#10;        at sun.misc.Unsafe.park(Native Method)&#10;        at java.util.concurrent.locks.LockSupport.parkNanos(LockSupport.java:215)&#10;        at java.util.concurrent.locks.AbstractQueuedSynchronizer$ConditionObject.awaitNanos(AbstractQueuedSynchronizer.java:2078)&#10;        at java.util.concurrent.ScheduledThreadPoolExecutor$DelayedWorkQueue.take(ScheduledThreadPoolExecutor.java:1093)&#10;        at java.util.concurrent.ScheduledThreadPoolExecutor$DelayedWorkQueue.take(ScheduledThreadPoolExecutor.java:809)&#10;        at java.util.concurrent.ThreadPoolExecutor.getTask(ThreadPoolExecutor.java:1074)&#10;        at java.util.concurrent.ThreadPoolExecutor.runWorker(ThreadPoolExecutor.java:1134)&#10;        at java.util.concurrent.ThreadPoolExecutor$Worker.run(ThreadPoolExecutor.java:624)&#10;        at java.lang.Thread.run(Thread.java:748)&#10;&quot;pool-186-thread-55&quot;  prio=5 tid=1986 in Object.wait()&#10;java.lang.Thread.State: WAITING (on object monitor)&#10;        at sun.misc.Unsafe.park(Native Method)&#10;        at java.util.concurrent.locks.LockSupport.park(LockSupport.java:175)&#10;        at java.util.concurrent.locks.AbstractQueuedSynchronizer$ConditionObject.await(AbstractQueuedSynchronizer.java:2039)&#10;        at java.util.concurrent.ArrayBlockingQueue.take(ArrayBlockingQueue.java:403)&#10;        at java.util.concurrent.ThreadPoolExecutor.getTask(ThreadPoolExecutor.java:1074)&#10;        at java.util.concurrent.ThreadPoolExecutor.runWorker(ThreadPoolExecutor.java:1134)&#10;        at java.util.concurrent.ThreadPoolExecutor$Worker.run(ThreadPoolExecutor.java:624)&#10;        at java.lang.Thread.run(Thread.java:748)&#10;&quot;Datanode ReportManager Thread - 0&quot; daemon prio=5 tid=1807 in Object.wait()&#10;java.lang.Thread.State: WAITING (on object monitor)&#10;        at sun.misc.Unsafe.park(Native Method)&#10;        at java.util.concurrent.locks.LockSupport.park(LockSupport.java:175)&#10;        at java.util.concurrent.locks.AbstractQueuedSynchronizer$ConditionObject.await(AbstractQueuedSynchronizer.java:2039)&#10;        at java.util.concurrent.ScheduledThreadPoolExecutor$DelayedWorkQueue.take(ScheduledThreadPoolExecutor.java:1088)&#10;        at java.util.concurrent.ScheduledThreadPoolExecutor$DelayedWorkQueue.take(ScheduledThreadPoolExecutor.java:809)&#10;        at java.util.concurrent.ThreadPoolExecutor.getTask(ThreadPoolExecutor.java:1074)&#10;        at java.util.concurrent.ThreadPoolExecutor.runWorker(ThreadPoolExecutor.java:1134)&#10;        at java.util.concurrent.ThreadPoolExecutor$Worker.run(ThreadPoolExecutor.java:624)&#10;        at java.lang.Thread.run(Thread.java:748)&#10;&quot;IPC Server handler 4 on 41111&quot; daemon prio=5 tid=1715 timed_waiting&#10;java.lang.Thread.State: TIMED_WAITING&#10;        at sun.misc.Unsafe.park(Native Method)&#10;        at java.util.concurrent.locks.LockSupport.parkNanos(LockSupport.java:215)&#10;        at java.util.concurrent.locks.AbstractQueuedSynchronizer$ConditionObject.awaitNanos(AbstractQueuedSynchronizer.java:2078)&#10;        at java.util.concurrent.LinkedBlockingQueue.poll(LinkedBlockingQueue.java:467)&#10;        at org.apache.hadoop.ipc.CallQueueManager.take(CallQueueManager.java:288)&#10;        at org.apache.hadoop.ipc.Server$Handler.run(Server.java:2668)&#10;&quot;pool-186-thread-16&quot;  prio=5 tid=1947 in Object.wait()&#10;java.lang.Thread.State: WAITING (on object monitor)&#10;        at sun.misc.Unsafe.park(Native Method)&#10;        at java.util.concurrent.locks.LockSupport.park(LockSupport.java:175)&#10;        at java.util.concurrent.locks.AbstractQueuedSynchronizer$ConditionObject.await(AbstractQueuedSynchronizer.java:2039)&#10;        at java.util.concurrent.ArrayBlockingQueue.take(ArrayBlockingQueue.java:403)&#10;        at java.util.concurrent.ThreadPoolExecutor.getTask(ThreadPoolExecutor.java:1074)&#10;        at java.util.concurrent.ThreadPoolExecutor.runWorker(ThreadPoolExecutor.java:1134)&#10;        at java.util.concurrent.ThreadPoolExecutor$Worker.run(ThreadPoolExecutor.java:624)&#10;        at java.lang.Thread.run(Thread.java:748)&#10;&quot;qtp1314460166-1826&quot; daemon prio=5 tid=1826 timed_waiting&#10;java.lang.Thread.State: TIMED_WAITING&#10;        at sun.misc.Unsafe.park(Native Method)&#10;        at java.util.concurrent.locks.LockSupport.parkNanos(LockSupport.java:215)&#10;        at java.util.concurrent.locks.AbstractQueuedSynchronizer$ConditionObject.awaitNanos(AbstractQueuedSynchronizer.java:2078)&#10;        at org.eclipse.jetty.util.BlockingArrayQueue.poll(BlockingArrayQueue.java:392)&#10;        at org.eclipse.jetty.util.thread.QueuedThreadPool.idleJobPoll(QueuedThreadPool.java:563)&#10;        at org.eclipse.jetty.util.thread.QueuedThreadPool.access$800(QueuedThreadPool.java:48)&#10;        at org.eclipse.jetty.util.thread.QueuedThreadPool$2.run(QueuedThreadPool.java:626)&#10;        at java.lang.Thread.run(Thread.java:748)&#10;&quot;Datanode ReportManager Thread - 2&quot; daemon prio=5 tid=1863 in Object.wait()&#10;java.lang.Thread.State: WAITING (on object monitor)&#10;        at sun.misc.Unsafe.park(Native Method)&#10;        at java.util.concurrent.locks.LockSupport.park(LockSupport.java:175)&#10;        at java.util.concurrent.locks.AbstractQueuedSynchronizer$ConditionObject.await(AbstractQueuedSynchronizer.java:2039)&#10;        at java.util.concurrent.ScheduledThreadPoolExecutor$DelayedWorkQueue.take(ScheduledThreadPoolExecutor.java:1088)&#10;        at java.util.concurrent.ScheduledThreadPoolExecutor$DelayedWorkQueue.take(ScheduledThreadPoolExecutor.java:809)&#10;        at java.util.concurrent.ThreadPoolExecutor.getTask(ThreadPoolExecutor.java:1074)&#10;        at java.util.concurrent.ThreadPoolExecutor.runWorker(ThreadPoolExecutor.java:1134)&#10;        at java.util.concurrent.ThreadPoolExecutor$Worker.run(ThreadPoolExecutor.java:624)&#10;        at java.lang.Thread.run(Thread.java:748)&#10;&quot;metrics-hadoop-metrics2-reporter-1-thread-1&quot; daemon prio=5 tid=436 timed_waiting&#10;java.lang.Thread.State: TIMED_WAITING&#10;        at sun.misc.Unsafe.park(Native Method)&#10;        at java.util.concurrent.locks.LockSupport.parkNanos(LockSupport.java:215)&#10;        at java.util.concurrent.locks.AbstractQueuedSynchronizer$ConditionObject.awaitNanos(AbstractQueuedSynchronizer.java:2078)&#10;        at java.util.concurrent.ScheduledThreadPoolExecutor$DelayedWorkQueue.take(ScheduledThreadPoolExecutor.java:1093)&#10;        at java.util.concurrent.ScheduledThreadPoolExecutor$DelayedWorkQueue.take(ScheduledThreadPoolExecutor.java:809)&#10;        at java.util.concurrent.ThreadPoolExecutor.getTask(ThreadPoolExecutor.java:1074)&#10;        at java.util.concurrent.ThreadPoolExecutor.runWorker(ThreadPoolExecutor.java:1134)&#10;        at java.util.concurrent.ThreadPoolExecutor$Worker.run(ThreadPoolExecutor.java:624)&#10;        at java.lang.Thread.run(Thread.java:748)&#10;&quot;IPC Server handler 6 on 33059&quot; daemon prio=5 tid=1677 timed_waiting&#10;java.lang.Thread.State: TIMED_WAITING&#10;        at sun.misc.Unsafe.park(Native Method)&#10;        at java.util.concurrent.locks.LockSupport.parkNanos(LockSupport.java:215)&#10;        at java.util.concurrent.locks.AbstractQueuedSynchronizer$ConditionObject.awaitNanos(AbstractQueuedSynchronizer.java:2078)&#10;        at java.util.concurrent.LinkedBlockingQueue.poll(LinkedBlockingQueue.java:467)&#10;        at org.apache.hadoop.ipc.CallQueueManager.take(CallQueueManager.java:288)&#10;        at org.apache.hadoop.ipc.Server$Handler.run(Server.java:2668)&#10;&quot;metrics-hadoop-metrics2-reporter-107-thread-1&quot; daemon prio=5 tid=2258 timed_waiting&#10;java.lang.Thread.State: TIMED_WAITING&#10;        at sun.misc.Unsafe.park(Native Method)&#10;        at java.util.concurrent.locks.LockSupport.parkNanos(LockSupport.java:215)&#10;        at java.util.concurrent.locks.AbstractQueuedSynchronizer$ConditionObject.awaitNanos(AbstractQueuedSynchronizer.java:2078)&#10;        at java.util.concurrent.ScheduledThreadPoolExecutor$DelayedWorkQueue.take(ScheduledThreadPoolExecutor.java:1093)&#10;        at java.util.concurrent.ScheduledThreadPoolExecutor$DelayedWorkQueue.take(ScheduledThreadPoolExecutor.java:809)&#10;        at java.util.concurrent.ThreadPoolExecutor.getTask(ThreadPoolExecutor.java:1074)&#10;        at java.util.concurrent.ThreadPoolExecutor.runWorker(ThreadPoolExecutor.java:1134)&#10;        at java.util.concurrent.ThreadPoolExecutor$Worker.run(ThreadPoolExecutor.java:624)&#10;        at java.lang.Thread.run(Thread.java:748)&#10;&quot;pool-196-thread-60&quot;  prio=5 tid=2053 in Object.wait()&#10;java.lang.Thread.State: WAITING (on object monitor)&#10;        at sun.misc.Unsafe.park(Native Method)&#10;        at java.util.concurrent.locks.LockSupport.park(LockSupport.java:175)&#10;        at java.util.concurrent.locks.AbstractQueuedSynchronizer$ConditionObject.await(AbstractQueuedSynchronizer.java:2039)&#10;        at java.util.concurrent.ArrayBlockingQueue.take(ArrayBlockingQueue.java:403)&#10;        at java.util.concurrent.ThreadPoolExecutor.getTask(ThreadPoolExecutor.java:1074)&#10;        at java.util.concurrent.ThreadPoolExecutor.runWorker(ThreadPoolExecutor.java:1134)&#10;        at java.util.concurrent.ThreadPoolExecutor$Worker.run(ThreadPoolExecutor.java:624)&#10;        at java.lang.Thread.run(Thread.java:748)&#10;&quot;PartialTableCache Cleanup Thread - 0&quot; daemon prio=5 tid=1073 in Object.wait()&#10;java.lang.Thread.State: WAITING (on object monitor)&#10;        at sun.misc.Unsafe.park(Native Method)&#10;        at java.util.concurrent.locks.LockSupport.park(LockSupport.java:175)&#10;        at java.util.concurrent.locks.AbstractQueuedSynchronizer$ConditionObject.await(AbstractQueuedSynchronizer.java:2039)&#10;        at java.util.concurrent.LinkedBlockingQueue.take(LinkedBlockingQueue.java:442)&#10;        at java.util.concurrent.ThreadPoolExecutor.getTask(ThreadPoolExecutor.java:1074)&#10;        at java.util.concurrent.ThreadPoolExecutor.runWorker(ThreadPoolExecutor.java:1134)&#10;        at java.util.concurrent.ThreadPoolExecutor$Worker.run(ThreadPoolExecutor.java:624)&#10;        at java.lang.Thread.run(Thread.java:748)&#10;&quot;pool-196-thread-4&quot;  prio=5 tid=1997 in Object.wait()&#10;java.lang.Thread.State: WAITING (on object monitor)&#10;        at sun.misc.Unsafe.park(Native Method)&#10;        at java.util.concurrent.locks.LockSupport.park(LockSupport.java:175)&#10;        at java.util.concurrent.locks.AbstractQueuedSynchronizer$ConditionObject.await(AbstractQueuedSynchronizer.java:2039)&#10;        at java.util.concurrent.ArrayBlockingQueue.take(ArrayBlockingQueue.java:403)&#10;        at java.util.concurrent.ThreadPoolExecutor.getTask(ThreadPoolExecutor.java:1074)&#10;        at java.util.concurrent.ThreadPoolExecutor.runWorker(ThreadPoolExecutor.java:1134)&#10;        at java.util.concurrent.ThreadPoolExecutor$Worker.run(ThreadPoolExecutor.java:624)&#10;        at java.lang.Thread.run(Thread.java:748)&#10;&quot;qtp1635471455-1851&quot; daemon prio=5 tid=1851 timed_waiting&#10;java.lang.Thread.State: TIMED_WAITING&#10;        at sun.misc.Unsafe.park(Native Method)&#10;        at java.util.concurrent.locks.LockSupport.parkNanos(LockSupport.java:215)&#10;        at java.util.concurrent.locks.AbstractQueuedSynchronizer$ConditionObject.awaitNanos(AbstractQueuedSynchronizer.java:2078)&#10;        at org.eclipse.jetty.util.BlockingArrayQueue.poll(BlockingArrayQueue.java:392)&#10;        at org.eclipse.jetty.util.thread.QueuedThreadPool.idleJobPoll(QueuedThreadPool.java:563)&#10;        at org.eclipse.jetty.util.thread.QueuedThreadPool.access$800(QueuedThreadPool.java:48)&#10;        at org.eclipse.jetty.util.thread.QueuedThreadPool$2.run(QueuedThreadPool.java:626)&#10;        at java.lang.Thread.run(Thread.java:748)&#10;&quot;pool-174-thread-1&quot; daemon prio=5 tid=1792 timed_waiting&#10;java.lang.Thread.State: TIMED_WAITING&#10;        at sun.misc.Unsafe.park(Native Method)&#10;        at java.util.concurrent.locks.LockSupport.parkNanos(LockSupport.java:215)&#10;        at java.util.concurrent.locks.AbstractQueuedSynchronizer$ConditionObject.awaitNanos(AbstractQueuedSynchronizer.java:2078)&#10;        at java.util.concurrent.ScheduledThreadPoolExecutor$DelayedWorkQueue.take(ScheduledThreadPoolExecutor.java:1093)&#10;        at java.util.concurrent.ScheduledThreadPoolExecutor$DelayedWorkQueue.take(ScheduledThreadPoolExecutor.java:809)&#10;        at java.util.concurrent.ThreadPoolExecutor.getTask(ThreadPoolExecutor.java:1074)&#10;        at java.util.concurrent.ThreadPoolExecutor.runWorker(ThreadPoolExecutor.java:1134)&#10;        at java.util.concurrent.ThreadPoolExecutor$Worker.run(ThreadPoolExecutor.java:624)&#10;        at java.lang.Thread.run(Thread.java:748)&#10;&quot;org.eclipse.jetty.server.session.HashSessionManager@34ce2585Timer&quot; daemon prio=5 tid=1786 timed_waiting&#10;java.lang.Thread.State: TIMED_WAITING&#10;        at sun.misc.Unsafe.park(Native Method)&#10;        at java.util.concurrent.locks.LockSupport.parkNanos(LockSupport.java:215)&#10;        at java.util.concurrent.locks.AbstractQueuedSynchronizer$ConditionObject.awaitNanos(AbstractQueuedSynchronizer.java:2078)&#10;        at java.util.concurrent.ScheduledThreadPoolExecutor$DelayedWorkQueue.take(ScheduledThreadPoolExecutor.java:1093)&#10;        at java.util.concurrent.ScheduledThreadPoolExecutor$DelayedWorkQueue.take(ScheduledThreadPoolExecutor.java:809)&#10;        at java.util.concurrent.ThreadPoolExecutor.getTask(ThreadPoolExecutor.java:1074)&#10;        at java.util.concurrent.ThreadPoolExecutor.runWorker(ThreadPoolExecutor.java:1134)&#10;        at java.util.concurrent.ThreadPoolExecutor$Worker.run(ThreadPoolExecutor.java:624)&#10;        at java.lang.Thread.run(Thread.java:748)&#10;&quot;org.eclipse.jetty.server.session.HashSessionManager@6da3edd7Timer&quot; daemon prio=5 tid=1859 timed_waiting&#10;java.lang.Thread.State: TIMED_WAITING&#10;        at sun.misc.Unsafe.park(Native Method)&#10;        at java.util.concurrent.locks.LockSupport.parkNanos(LockSupport.java:215)&#10;        at java.util.concurrent.locks.AbstractQueuedSynchronizer$ConditionObject.awaitNanos(AbstractQueuedSynchronizer.java:2078)&#10;        at java.util.concurrent.ScheduledThreadPoolExecutor$DelayedWorkQueue.take(ScheduledThreadPoolExecutor.java:1093)&#10;        at java.util.concurrent.ScheduledThreadPoolExecutor$DelayedWorkQueue.take(ScheduledThreadPoolExecutor.java:809)&#10;        at java.util.concurrent.ThreadPoolExecutor.getTask(ThreadPoolExecutor.java:1074)&#10;        at java.util.concurrent.ThreadPoolExecutor.runWorker(ThreadPoolExecutor.java:1134)&#10;        at java.util.concurrent.ThreadPoolExecutor$Worker.run(ThreadPoolExecutor.java:624)&#10;        at java.lang.Thread.run(Thread.java:748)&#10;&quot;pool-196-thread-40&quot;  prio=5 tid=2033 in Object.wait()&#10;java.lang.Thread.State: WAITING (on object monitor)&#10;        at sun.misc.Unsafe.park(Native Method)&#10;        at java.util.concurrent.locks.LockSupport.park(LockSupport.java:175)&#10;        at java.util.concurrent.locks.AbstractQueuedSynchronizer$ConditionObject.await(AbstractQueuedSynchronizer.java:2039)&#10;        at java.util.concurrent.ArrayBlockingQueue.take(ArrayBlockingQueue.java:403)&#10;        at java.util.concurrent.ThreadPoolExecutor.getTask(ThreadPoolExecutor.java:1074)&#10;        at java.util.concurrent.ThreadPoolExecutor.runWorker(ThreadPoolExecutor.java:1134)&#10;        at java.util.concurrent.ThreadPoolExecutor$Worker.run(ThreadPoolExecutor.java:624)&#10;        at java.lang.Thread.run(Thread.java:748)&#10;&quot;pool-186-thread-41&quot;  prio=5 tid=1972 in Object.wait()&#10;java.lang.Thread.State: WAITING (on object monitor)&#10;        at sun.misc.Unsafe.park(Native Method)&#10;        at java.util.concurrent.locks.LockSupport.park(LockSupport.java:175)&#10;        at java.util.concurrent.locks.AbstractQueuedSynchronizer$ConditionObject.await(AbstractQueuedSynchronizer.java:2039)&#10;        at java.util.concurrent.ArrayBlockingQueue.take(ArrayBlockingQueue.java:403)&#10;        at java.util.concurrent.ThreadPoolExecutor.getTask(ThreadPoolExecutor.java:1074)&#10;        at java.util.concurrent.ThreadPoolExecutor.runWorker(ThreadPoolExecutor.java:1134)&#10;        at java.util.concurrent.ThreadPoolExecutor$Worker.run(ThreadPoolExecutor.java:624)&#10;        at java.lang.Thread.run(Thread.java:748)&#10;&quot;refreshUsed-/workdir/hadoop-ozone/ozonefs/target/test-dir/MiniOzoneClusterImpl-0df98be9-49e2-4eb9-b6e4-71f20c3f18cb/datanode-1/data/containers&quot; daemon prio=5 tid=1817 timed_waiting&#10;java.lang.Thread.State: TIMED_WAITING&#10;        at java.lang.Thread.sleep(Native Method)&#10;        at org.apache.hadoop.fs.CachingGetSpaceUsed$RefreshThread.run(CachingGetSpaceUsed.java:179)&#10;        at java.lang.Thread.run(Thread.java:748)&#10;&quot;org.apache.hadoop.fs.FileSystem$Statistics$StatisticsDataReferenceCleaner&quot; daemon prio=5 tid=548 in Object.wait()&#10;java.lang.Thread.State: WAITING (on object monitor)&#10;        at java.lang.Object.wait(Native Method)&#10;        at java.lang.ref.ReferenceQueue.remove(ReferenceQueue.java:144)&#10;        at java.lang.ref.ReferenceQueue.remove(ReferenceQueue.java:165)&#10;        at org.apache.hadoop.fs.FileSystem$Statistics$StatisticsDataReferenceCleaner.run(FileSystem.java:3762)&#10;        at java.lang.Thread.run(Thread.java:748)&#10;&quot;qtp1635471455-1854&quot; daemon prio=5 tid=1854 timed_waiting&#10;java.lang.Thread.State: TIMED_WAITING&#10;        at sun.misc.Unsafe.park(Native Method)&#10;        at java.util.concurrent.locks.LockSupport.parkNanos(LockSupport.java:215)&#10;        at java.util.concurrent.locks.AbstractQueuedSynchronizer$ConditionObject.awaitNanos(AbstractQueuedSynchronizer.java:2078)&#10;        at org.eclipse.jetty.util.BlockingArrayQueue.poll(BlockingArrayQueue.java:392)&#10;        at org.eclipse.jetty.util.thread.QueuedThreadPool.idleJobPoll(QueuedThreadPool.java:563)&#10;        at org.eclipse.jetty.util.thread.QueuedThreadPool.access$800(QueuedThreadPool.java:48)&#10;        at org.eclipse.jetty.util.thread.QueuedThreadPool$2.run(QueuedThreadPool.java:626)&#10;        at java.lang.Thread.run(Thread.java:748)&#10;&quot;qtp2051361244-1780&quot; daemon prio=5 tid=1780 timed_waiting&#10;java.lang.Thread.State: TIMED_WAITING&#10;        at sun.misc.Unsafe.park(Native Method)&#10;        at java.util.concurrent.locks.LockSupport.parkNanos(LockSupport.java:215)&#10;        at java.util.concurrent.locks.AbstractQueuedSynchronizer$ConditionObject.awaitNanos(AbstractQueuedSynchronizer.java:2078)&#10;        at org.eclipse.jetty.util.BlockingArrayQueue.poll(BlockingArrayQueue.java:392)&#10;        at org.eclipse.jetty.util.thread.QueuedThreadPool.idleJobPoll(QueuedThreadPool.java:563)&#10;        at org.eclipse.jetty.util.thread.QueuedThreadPool.access$800(QueuedThreadPool.java:48)&#10;        at org.eclipse.jetty.util.thread.QueuedThreadPool$2.run(QueuedThreadPool.java:626)&#10;        at java.lang.Thread.run(Thread.java:748)&#10;&quot;IPC Server handler 13 on 39395&quot; daemon prio=5 tid=1704 timed_waiting&#10;java.lang.Thread.State: TIMED_WAITING&#10;        at sun.misc.Unsafe.park(Native Method)&#10;        at java.util.concurrent.locks.LockSupport.parkNanos(LockSupport.java:215)&#10;        at java.util.concurrent.locks.AbstractQueuedSynchronizer$ConditionObject.awaitNanos(AbstractQueuedSynchronizer.java:2078)&#10;        at java.util.concurrent.LinkedBlockingQueue.poll(LinkedBlockingQueue.java:467)&#10;        at org.apache.hadoop.ipc.CallQueueManager.take(CallQueueManager.java:288)&#10;        at org.apache.hadoop.ipc.Server$Handler.run(Server.java:2668)&#10;&quot;metrics-hadoop-metrics2-reporter-53-thread-1&quot; daemon prio=5 tid=1057 timed_waiting&#10;java.lang.Thread.State: TIMED_WAITING&#10;        at sun.misc.Unsafe.park(Native Method)&#10;        at java.util.concurrent.locks.LockSupport.parkNanos(LockSupport.java:215)&#10;        at java.util.concurrent.locks.AbstractQueuedSynchronizer$ConditionObject.awaitNanos(AbstractQueuedSynchronizer.java:2078)&#10;        at java.util.concurrent.ScheduledThreadPoolExecutor$DelayedWorkQueue.take(ScheduledThreadPoolExecutor.java:1093)&#10;        at java.util.concurrent.ScheduledThreadPoolExecutor$DelayedWorkQueue.take(ScheduledThreadPoolExecutor.java:809)&#10;        at java.util.concurrent.ThreadPoolExecutor.getTask(ThreadPoolExecutor.java:1074)&#10;        at java.util.concurrent.ThreadPoolExecutor.runWorker(ThreadPoolExecutor.java:1134)&#10;        at java.util.concurrent.ThreadPoolExecutor$Worker.run(ThreadPoolExecutor.java:624)&#10;        at java.lang.Thread.run(Thread.java:748)&#10;&quot;Datanode ReportManager Thread - 1&quot; daemon prio=5 tid=1265 in Object.wait()&#10;java.lang.Thread.State: WAITING (on object monitor)&#10;        at sun.misc.Unsafe.park(Native Method)&#10;        at java.util.concurrent.locks.LockSupport.park(LockSupport.java:175)&#10;        at java.util.concurrent.locks.AbstractQueuedSynchronizer$ConditionObject.await(AbstractQueuedSynchronizer.java:2039)&#10;        at java.util.concurrent.ScheduledThreadPoolExecutor$DelayedWorkQueue.take(ScheduledThreadPoolExecutor.java:1088)&#10;        at java.util.concurrent.ScheduledThreadPoolExecutor$DelayedWorkQueue.take(ScheduledThreadPoolExecutor.java:809)&#10;        at java.util.concurrent.ThreadPoolExecutor.getTask(ThreadPoolExecutor.java:1074)&#10;        at java.util.concurrent.ThreadPoolExecutor.runWorker(ThreadPoolExecutor.java:1134)&#10;        at java.util.concurrent.ThreadPoolExecutor$Worker.run(ThreadPoolExecutor.java:624)&#10;        at java.lang.Thread.run(Thread.java:748)&#10;&quot;pool-196-thread-25&quot;  prio=5 tid=2018 in Object.wait()&#10;java.lang.Thread.State: WAITING (on object monitor)&#10;        at sun.misc.Unsafe.park(Native Method)&#10;        at java.util.concurrent.locks.LockSupport.park(LockSupport.java:175)&#10;        at java.util.concurrent.locks.AbstractQueuedSynchronizer$ConditionObject.await(AbstractQueuedSynchronizer.java:2039)&#10;        at java.util.concurrent.ArrayBlockingQueue.take(ArrayBlockingQueue.java:403)&#10;        at java.util.concurrent.ThreadPoolExecutor.getTask(ThreadPoolExecutor.java:1074)&#10;        at java.util.concurrent.ThreadPoolExecutor.runWorker(ThreadPoolExecutor.java:1134)&#10;        at java.util.concurrent.ThreadPoolExecutor$Worker.run(ThreadPoolExecutor.java:624)&#10;        at java.lang.Thread.run(Thread.java:748)&#10;&quot;metrics-hadoop-metrics2-reporter-7-thread-1&quot; daemon prio=5 tid=452 timed_waiting&#10;java.lang.Thread.State: TIMED_WAITING&#10;        at sun.misc.Unsafe.park(Native Method)&#10;        at java.util.concurrent.locks.LockSupport.parkNanos(LockSupport.java:215)&#10;        at java.util.concurrent.locks.AbstractQueuedSynchronizer$ConditionObject.awaitNanos(AbstractQueuedSynchronizer.java:2078)&#10;        at java.util.concurrent.ScheduledThreadPoolExecutor$DelayedWorkQueue.take(ScheduledThreadPoolExecutor.java:1093)&#10;        at java.util.concurrent.ScheduledThreadPoolExecutor$DelayedWorkQueue.take(ScheduledThreadPoolExecutor.java:809)&#10;        at java.util.concurrent.ThreadPoolExecutor.getTask(ThreadPoolExecutor.java:1074)&#10;        at java.util.concurrent.ThreadPoolExecutor.runWorker(ThreadPoolExecutor.java:1134)&#10;        at java.util.concurrent.ThreadPoolExecutor$Worker.run(ThreadPoolExecutor.java:624)&#10;        at java.lang.Thread.run(Thread.java:748)&#10;&quot;surefire-forkedjvm-ping-30s&quot; daemon prio=5 tid=9 timed_waiting&#10;java.lang.Thread.State: TIMED_WAITING&#10;        at sun.misc.Unsafe.park(Native Method)&#10;        at java.util.concurrent.locks.LockSupport.parkNanos(LockSupport.java:215)&#10;        at java.util.concurrent.locks.AbstractQueuedSynchronizer$ConditionObject.awaitNanos(AbstractQueuedSynchronizer.java:2078)&#10;        at java.util.concurrent.ScheduledThreadPoolExecutor$DelayedWorkQueue.take(ScheduledThreadPoolExecutor.java:1093)&#10;        at java.util.concurrent.ScheduledThreadPoolExecutor$DelayedWorkQueue.take(ScheduledThreadPoolExecutor.java:809)&#10;        at java.util.concurrent.ThreadPoolExecutor.getTask(ThreadPoolExecutor.java:1074)&#10;        at java.util.concurrent.ThreadPoolExecutor.runWorker(ThreadPoolExecutor.java:1134)&#10;        at java.util.concurrent.ThreadPoolExecutor$Worker.run(ThreadPoolExecutor.java:624)&#10;        at java.lang.Thread.run(Thread.java:748)&#10;&quot;org.eclipse.jetty.server.session.HashSessionManager@2de4d3afTimer&quot; daemon prio=5 tid=1785 timed_waiting&#10;java.lang.Thread.State: TIMED_WAITING&#10;        at sun.misc.Unsafe.park(Native Method)&#10;        at java.util.concurrent.locks.LockSupport.parkNanos(LockSupport.java:215)&#10;        at java.util.concurrent.locks.AbstractQueuedSynchronizer$ConditionObject.awaitNanos(AbstractQueuedSynchronizer.java:2078)&#10;        at java.util.concurrent.ScheduledThreadPoolExecutor$DelayedWorkQueue.take(ScheduledThreadPoolExecutor.java:1093)&#10;        at java.util.concurrent.ScheduledThreadPoolExecutor$DelayedWorkQueue.take(ScheduledThreadPoolExecutor.java:809)&#10;        at java.util.concurrent.ThreadPoolExecutor.getTask(ThreadPoolExecutor.java:1074)&#10;        at java.util.concurrent.ThreadPoolExecutor.runWorker(ThreadPoolExecutor.java:1134)&#10;        at java.util.concurrent.ThreadPoolExecutor$Worker.run(ThreadPoolExecutor.java:624)&#10;        at java.lang.Thread.run(Thread.java:748)&#10;&quot;org.eclipse.jetty.server.session.HashSessionManager@2749dde5Timer&quot; daemon prio=5 tid=1803 timed_waiting&#10;java.lang.Thread.State: TIMED_WAITING&#10;        at sun.misc.Unsafe.park(Native Method)&#10;        at java.util.concurrent.locks.LockSupport.parkNanos(LockSupport.java:215)&#10;        at java.util.concurrent.locks.AbstractQueuedSynchronizer$ConditionObject.awaitNanos(AbstractQueuedSynchronizer.java:2078)&#10;        at java.util.concurrent.ScheduledThreadPoolExecutor$DelayedWorkQueue.take(ScheduledThreadPoolExecutor.java:1093)&#10;        at java.util.concurrent.ScheduledThreadPoolExecutor$DelayedWorkQueue.take(ScheduledThreadPoolExecutor.java:809)&#10;        at java.util.concurrent.ThreadPoolExecutor.getTask(ThreadPoolExecutor.java:1074)&#10;        at java.util.concurrent.ThreadPoolExecutor.runWorker(ThreadPoolExecutor.java:1134)&#10;        at java.util.concurrent.ThreadPoolExecutor$Worker.run(ThreadPoolExecutor.java:624)&#10;        at java.lang.Thread.run(Thread.java:748)&#10;&quot;pool-186-thread-1&quot;  prio=5 tid=1932 in Object.wait()&#10;java.lang.Thread.State: WAITING (on object monitor)&#10;        at sun.misc.Unsafe.park(Native Method)&#10;        at java.util.concurrent.locks.LockSupport.park(LockSupport.java:175)&#10;        at java.util.concurrent.locks.AbstractQueuedSynchronizer$ConditionObject.await(AbstractQueuedSynchronizer.java:2039)&#10;        at java.util.concurrent.ArrayBlockingQueue.take(ArrayBlockingQueue.java:403)&#10;        at java.util.concurrent.ThreadPoolExecutor.getTask(ThreadPoolExecutor.java:1074)&#10;        at java.util.concurrent.ThreadPoolExecutor.runWorker(ThreadPoolExecutor.java:1134)&#10;        at java.util.concurrent.ThreadPoolExecutor$Worker.run(ThreadPoolExecutor.java:624)&#10;        at java.lang.Thread.run(Thread.java:748)&#10;&quot;pool-186-thread-22&quot;  prio=5 tid=1953 in Object.wait()&#10;java.lang.Thread.State: WAITING (on object monitor)&#10;        at sun.misc.Unsafe.park(Native Method)&#10;        at java.util.concurrent.locks.LockSupport.park(LockSupport.java:175)&#10;        at java.util.concurrent.locks.AbstractQueuedSynchronizer$ConditionObject.await(AbstractQueuedSynchronizer.java:2039)&#10;        at java.util.concurrent.ArrayBlockingQueue.take(ArrayBlockingQueue.java:403)&#10;        at java.util.concurrent.ThreadPoolExecutor.getTask(ThreadPoolExecutor.java:1074)&#10;        at java.util.concurrent.ThreadPoolExecutor.runWorker(ThreadPoolExecutor.java:1134)&#10;        at java.util.concurrent.ThreadPoolExecutor$Worker.run(ThreadPoolExecutor.java:624)&#10;        at java.lang.Thread.run(Thread.java:748)&#10;&quot;metrics-hadoop-metrics2-reporter-20-thread-1&quot; daemon prio=5 tid=488 timed_waiting&#10;java.lang.Thread.State: TIMED_WAITING&#10;        at sun.misc.Unsafe.park(Native Method)&#10;        at java.util.concurrent.locks.LockSupport.parkNanos(LockSupport.java:215)&#10;        at java.util.concurrent.locks.AbstractQueuedSynchronizer$ConditionObject.awaitNanos(AbstractQueuedSynchronizer.java:2078)&#10;        at java.util.concurrent.ScheduledThreadPoolExecutor$DelayedWorkQueue.take(ScheduledThreadPoolExecutor.java:1093)&#10;        at java.util.concurrent.ScheduledThreadPoolExecutor$DelayedWorkQueue.take(ScheduledThreadPoolExecutor.java:809)&#10;        at java.util.concurrent.ThreadPoolExecutor.getTask(ThreadPoolExecutor.java:1074)&#10;        at java.util.concurrent.ThreadPoolExecutor.runWorker(ThreadPoolExecutor.java:1134)&#10;        at java.util.concurrent.ThreadPoolExecutor$Worker.run(ThreadPoolExecutor.java:624)&#10;        at java.lang.Thread.run(Thread.java:748)&#10;&quot;BlockDeletingService#0&quot; daemon prio=5 tid=1992 timed_waiting&#10;java.lang.Thread.State: TIMED_WAITING&#10;        at sun.misc.Unsafe.park(Native Method)&#10;        at java.util.concurrent.locks.LockSupport.parkNanos(LockSupport.java:215)&#10;        at java.util.concurrent.locks.AbstractQueuedSynchronizer$ConditionObject.awaitNanos(AbstractQueuedSynchronizer.java:2078)&#10;        at java.util.concurrent.ScheduledThreadPoolExecutor$DelayedWorkQueue.take(ScheduledThreadPoolExecutor.java:1093)&#10;        at java.util.concurrent.ScheduledThreadPoolExecutor$DelayedWorkQueue.take(ScheduledThreadPoolExecutor.java:809)&#10;        at java.util.concurrent.ThreadPoolExecutor.getTask(ThreadPoolExecutor.java:1074)&#10;        at java.util.concurrent.ThreadPoolExecutor.runWorker(ThreadPoolExecutor.java:1134)&#10;        at java.util.concurrent.ThreadPoolExecutor$Worker.run(ThreadPoolExecutor.java:624)&#10;        at java.lang.Thread.run(Thread.java:748)&#10;&quot;Datanode ReportManager Thread - 0&quot; daemon prio=5 tid=1291 in Object.wait()&#10;java.lang.Thread.State: WAITING (on object monitor)&#10;        at sun.misc.Unsafe.park(Native Method)&#10;        at java.util.concurrent.locks.LockSupport.park(LockSupport.java:175)&#10;        at java.util.concurrent.locks.AbstractQueuedSynchronizer$ConditionObject.await(AbstractQueuedSynchronizer.java:2039)&#10;        at java.util.concurrent.ScheduledThreadPoolExecutor$DelayedWorkQueue.take(ScheduledThreadPoolExecutor.java:1088)&#10;        at java.util.concurrent.ScheduledThreadPoolExecutor$DelayedWorkQueue.take(ScheduledThreadPoolExecutor.java:809)&#10;        at java.util.concurrent.ThreadPoolExecutor.getTask(ThreadPoolExecutor.java:1074)&#10;        at java.util.concurrent.ThreadPoolExecutor.runWorker(ThreadPoolExecutor.java:1134)&#10;        at java.util.concurrent.ThreadPoolExecutor$Worker.run(ThreadPoolExecutor.java:624)&#10;        at java.lang.Thread.run(Thread.java:748)&#10;&quot;pool-176-thread-6&quot;  prio=5 tid=1874 in Object.wait()&#10;java.lang.Thread.State: WAITING (on object monitor)&#10;        at sun.misc.Unsafe.park(Native Method)&#10;        at java.util.concurrent.locks.LockSupport.park(LockSupport.java:175)&#10;        at java.util.concurrent.locks.AbstractQueuedSynchronizer$ConditionObject.await(AbstractQueuedSynchronizer.java:2039)&#10;        at java.util.concurrent.ArrayBlockingQueue.take(ArrayBlockingQueue.java:403)&#10;        at java.util.concurrent.ThreadPoolExecutor.getTask(ThreadPoolExecutor.java:1074)&#10;        at java.util.concurrent.ThreadPoolExecutor.runWorker(ThreadPoolExecutor.java:1134)&#10;        at java.util.concurrent.ThreadPoolExecutor$Worker.run(ThreadPoolExecutor.java:624)&#10;        at java.lang.Thread.run(Thread.java:748)&#10;&quot;pool-186-thread-43&quot;  prio=5 tid=1974 in Object.wait()&#10;java.lang.Thread.State: WAITING (on object monitor)&#10;        at sun.misc.Unsafe.park(Native Method)&#10;        at java.util.concurrent.locks.LockSupport.park(LockSupport.java:175)&#10;        at java.util.concurrent.locks.AbstractQueuedSynchronizer$ConditionObject.await(AbstractQueuedSynchronizer.java:2039)&#10;        at java.util.concurrent.ArrayBlockingQueue.take(ArrayBlockingQueue.java:403)&#10;        at java.util.concurrent.ThreadPoolExecutor.getTask(ThreadPoolExecutor.java:1074)&#10;        at java.util.concurrent.ThreadPoolExecutor.runWorker(ThreadPoolExecutor.java:1134)&#10;        at java.util.concurrent.ThreadPoolExecutor$Worker.run(ThreadPoolExecutor.java:624)&#10;        at java.lang.Thread.run(Thread.java:748)&#10;&quot;IPC Server handler 0 on 46187&quot; daemon prio=5 tid=1754 timed_waiting&#10;java.lang.Thread.State: TIMED_WAITING&#10;        at sun.misc.Unsafe.park(Native Method)&#10;        at java.util.concurrent.locks.LockSupport.parkNanos(LockSupport.java:215)&#10;        at java.util.concurrent.locks.AbstractQueuedSynchronizer$ConditionObject.awaitNanos(AbstractQueuedSynchronizer.java:2078)&#10;        at java.util.concurrent.LinkedBlockingQueue.poll(LinkedBlockingQueue.java:467)&#10;        at org.apache.hadoop.ipc.CallQueueManager.take(CallQueueManager.java:288)&#10;        at org.apache.hadoop.ipc.Server$Handler.run(Server.java:2668)&#10;&quot;IPC Server handler 1 on 41111&quot; daemon prio=5 tid=1712 timed_waiting&#10;java.lang.Thread.State: TIMED_WAITING&#10;        at sun.misc.Unsafe.park(Native Method)&#10;        at java.util.concurrent.locks.LockSupport.parkNanos(LockSupport.java:215)&#10;        at java.util.concurrent.locks.AbstractQueuedSynchronizer$ConditionObject.awaitNanos(AbstractQueuedSynchronizer.java:2078)&#10;        at java.util.concurrent.LinkedBlockingQueue.poll(LinkedBlockingQueue.java:467)&#10;        at org.apache.hadoop.ipc.CallQueueManager.take(CallQueueManager.java:288)&#10;        at org.apache.hadoop.ipc.Server$Handler.run(Server.java:2668)&#10;&quot;PartialTableCache Cleanup Thread - 0&quot; daemon prio=5 tid=1076 in Object.wait()&#10;java.lang.Thread.State: WAITING (on object monitor)&#10;        at sun.misc.Unsafe.park(Native Method)&#10;        at java.util.concurrent.locks.LockSupport.park(LockSupport.java:175)&#10;        at java.util.concurrent.locks.AbstractQueuedSynchronizer$ConditionObject.await(AbstractQueuedSynchronizer.java:2039)&#10;        at java.util.concurrent.LinkedBlockingQueue.take(LinkedBlockingQueue.java:442)&#10;        at java.util.concurrent.ThreadPoolExecutor.getTask(ThreadPoolExecutor.java:1074)&#10;        at java.util.concurrent.ThreadPoolExecutor.runWorker(ThreadPoolExecutor.java:1134)&#10;        at java.util.concurrent.ThreadPoolExecutor$Worker.run(ThreadPoolExecutor.java:624)&#10;        at java.lang.Thread.run(Thread.java:748)&#10;&quot;IPC Server handler 11 on 33059&quot; daemon prio=5 tid=1682 timed_waiting&#10;java.lang.Thread.State: TIMED_WAITING&#10;        at sun.misc.Unsafe.park(Native Method)&#10;        at java.util.concurrent.locks.LockSupport.parkNanos(LockSupport.java:215)&#10;        at java.util.concurrent.locks.AbstractQueuedSynchronizer$ConditionObject.awaitNanos(AbstractQueuedSynchronizer.java:2078)&#10;        at java.util.concurrent.LinkedBlockingQueue.poll(LinkedBlockingQueue.java:467)&#10;        at org.apache.hadoop.ipc.CallQueueManager.take(CallQueueManager.java:288)&#10;        at org.apache.hadoop.ipc.Server$Handler.run(Server.java:2668)&#10;&quot;IPC Server handler 5 on 33059&quot; daemon prio=5 tid=1676 timed_waiting&#10;java.lang.Thread.State: TIMED_WAITING&#10;        at sun.misc.Unsafe.park(Native Method)&#10;        at java.util.concurrent.locks.LockSupport.parkNanos(LockSupport.java:215)&#10;        at java.util.concurrent.locks.AbstractQueuedSynchronizer$ConditionObject.awaitNanos(AbstractQueuedSynchronizer.java:2078)&#10;        at java.util.concurrent.LinkedBlockingQueue.poll(LinkedBlockingQueue.java:467)&#10;        at org.apache.hadoop.ipc.CallQueueManager.take(CallQueueManager.java:288)&#10;        at org.apache.hadoop.ipc.Server$Handler.run(Server.java:2668)&#10;&quot;metrics-hadoop-metrics2-reporter-78-thread-1&quot; daemon prio=5 tid=1573 timed_waiting&#10;java.lang.Thread.State: TIMED_WAITING&#10;        at sun.misc.Unsafe.park(Native Method)&#10;        at java.util.concurrent.locks.LockSupport.parkNanos(LockSupport.java:215)&#10;        at java.util.concurrent.locks.AbstractQueuedSynchronizer$ConditionObject.awaitNanos(AbstractQueuedSynchronizer.java:2078)&#10;        at java.util.concurrent.ScheduledThreadPoolExecutor$DelayedWorkQueue.take(ScheduledThreadPoolExecutor.java:1093)&#10;        at java.util.concurrent.ScheduledThreadPoolExecutor$DelayedWorkQueue.take(ScheduledThreadPoolExecutor.java:809)&#10;        at java.util.concurrent.ThreadPoolExecutor.getTask(ThreadPoolExecutor.java:1074)&#10;        at java.util.concurrent.ThreadPoolExecutor.runWorker(ThreadPoolExecutor.java:1134)&#10;        at java.util.concurrent.ThreadPoolExecutor$Worker.run(ThreadPoolExecutor.java:624)&#10;        at java.lang.Thread.run(Thread.java:748)&#10;&quot;qtp1314460166-1829&quot; daemon prio=5 tid=1829 timed_waiting&#10;java.lang.Thread.State: TIMED_WAITING&#10;        at sun.misc.Unsafe.park(Native Method)&#10;        at java.util.concurrent.locks.LockSupport.parkNanos(LockSupport.java:215)&#10;        at java.util.concurrent.locks.AbstractQueuedSynchronizer$ConditionObject.awaitNanos(AbstractQueuedSynchronizer.java:2078)&#10;        at org.eclipse.jetty.util.BlockingArrayQueue.poll(BlockingArrayQueue.java:392)&#10;        at org.eclipse.jetty.util.thread.QueuedThreadPool.idleJobPoll(QueuedThreadPool.java:563)&#10;        at org.eclipse.jetty.util.thread.QueuedThreadPool.access$800(QueuedThreadPool.java:48)&#10;        at org.eclipse.jetty.util.thread.QueuedThreadPool$2.run(QueuedThreadPool.java:626)&#10;        at java.lang.Thread.run(Thread.java:748)&#10;&quot;qtp1145772033-1735&quot; daemon prio=5 tid=1735 timed_waiting&#10;java.lang.Thread.State: TIMED_WAITING&#10;        at sun.misc.Unsafe.park(Native Method)&#10;        at java.util.concurrent.locks.LockSupport.parkNanos(LockSupport.java:215)&#10;        at java.util.concurrent.locks.AbstractQueuedSynchronizer$ConditionObject.awaitNanos(AbstractQueuedSynchronizer.java:2078)&#10;        at org.eclipse.jetty.util.BlockingArrayQueue.poll(BlockingArrayQueue.java:392)&#10;        at org.eclipse.jetty.util.thread.QueuedThreadPool.idleJobPoll(QueuedThreadPool.java:563)&#10;        at org.eclipse.jetty.util.thread.QueuedThreadPool.access$800(QueuedThreadPool.java:48)&#10;        at org.eclipse.jetty.util.thread.QueuedThreadPool$2.run(QueuedThreadPool.java:626)&#10;        at java.lang.Thread.run(Thread.java:748)&#10;&quot;pool-186-thread-14&quot;  prio=5 tid=1945 in Object.wait()&#10;java.lang.Thread.State: WAITING (on object monitor)&#10;        at sun.misc.Unsafe.park(Native Method)&#10;        at java.util.concurrent.locks.LockSupport.park(LockSupport.java:175)&#10;        at java.util.concurrent.locks.AbstractQueuedSynchronizer$ConditionObject.await(AbstractQueuedSynchronizer.java:2039)&#10;        at java.util.concurrent.ArrayBlockingQueue.take(ArrayBlockingQueue.java:403)&#10;        at java.util.concurrent.ThreadPoolExecutor.getTask(ThreadPoolExecutor.java:1074)&#10;        at java.util.concurrent.ThreadPoolExecutor.runWorker(ThreadPoolExecutor.java:1134)&#10;        at java.util.concurrent.ThreadPoolExecutor$Worker.run(ThreadPoolExecutor.java:624)&#10;        at java.lang.Thread.run(Thread.java:748)&#10;&quot;pool-186-thread-6&quot;  prio=5 tid=1937 in Object.wait()&#10;java.lang.Thread.State: WAITING (on object monitor)&#10;        at sun.misc.Unsafe.park(Native Method)&#10;        at java.util.concurrent.locks.LockSupport.park(LockSupport.java:175)&#10;        at java.util.concurrent.locks.AbstractQueuedSynchronizer$ConditionObject.await(AbstractQueuedSynchronizer.java:2039)&#10;        at java.util.concurrent.ArrayBlockingQueue.take(ArrayBlockingQueue.java:403)&#10;        at java.util.concurrent.ThreadPoolExecutor.getTask(ThreadPoolExecutor.java:1074)&#10;        at java.util.concurrent.ThreadPoolExecutor.runWorker(ThreadPoolExecutor.java:1134)&#10;        at java.util.concurrent.ThreadPoolExecutor$Worker.run(ThreadPoolExecutor.java:624)&#10;        at java.lang.Thread.run(Thread.java:748)&#10;&quot;BlockDeletingService#1&quot; daemon prio=5 tid=1993 in Object.wait()&#10;java.lang.Thread.State: WAITING (on object monitor)&#10;        at sun.misc.Unsafe.park(Native Method)&#10;        at java.util.concurrent.locks.LockSupport.park(LockSupport.java:175)&#10;        at java.util.concurrent.locks.AbstractQueuedSynchronizer$ConditionObject.await(AbstractQueuedSynchronizer.java:2039)&#10;        at java.util.concurrent.ScheduledThreadPoolExecutor$DelayedWorkQueue.take(ScheduledThreadPoolExecutor.java:1088)&#10;        at java.util.concurrent.ScheduledThreadPoolExecutor$DelayedWorkQueue.take(ScheduledThreadPoolExecutor.java:809)&#10;        at java.util.concurrent.ThreadPoolExecutor.getTask(ThreadPoolExecutor.java:1074)&#10;        at java.util.concurrent.ThreadPoolExecutor.runWorker(ThreadPoolExecutor.java:1134)&#10;        at java.util.concurrent.ThreadPoolExecutor$Worker.run(ThreadPoolExecutor.java:624)&#10;        at java.lang.Thread.run(Thread.java:748)&#10;&quot;IPC Server idle connection scanner for port 33059&quot; daemon prio=5 tid=1666 timed_waiting&#10;java.lang.Thread.State: TIMED_WAITING&#10;        at java.lang.Object.wait(Native Method)&#10;        at java.util.TimerThread.mainLoop(Timer.java:552)&#10;        at java.util.TimerThread.run(Timer.java:505)&#10;&quot;metrics-hadoop-metrics2-reporter-90-thread-1&quot; daemon prio=5 tid=2090 timed_waiting&#10;java.lang.Thread.State: TIMED_WAITING&#10;        at sun.misc.Unsafe.park(Native Method)&#10;        at java.util.concurrent.locks.LockSupport.parkNanos(LockSupport.java:215)&#10;        at java.util.concurrent.locks.AbstractQueuedSynchronizer$ConditionObject.awaitNanos(AbstractQueuedSynchronizer.java:2078)&#10;        at java.util.concurrent.ScheduledThreadPoolExecutor$DelayedWorkQueue.take(ScheduledThreadPoolExecutor.java:1093)&#10;        at java.util.concurrent.ScheduledThreadPoolExecutor$DelayedWorkQueue.take(ScheduledThreadPoolExecutor.java:809)&#10;        at java.util.concurrent.ThreadPoolExecutor.getTask(ThreadPoolExecutor.java:1074)&#10;        at java.util.concurrent.ThreadPoolExecutor.runWorker(ThreadPoolExecutor.java:1134)&#10;        at java.util.concurrent.ThreadPoolExecutor$Worker.run(ThreadPoolExecutor.java:624)&#10;        at java.lang.Thread.run(Thread.java:748)&#10;&quot;pool-176-thread-21&quot;  prio=5 tid=1889 in Object.wait()&#10;java.lang.Thread.State: WAITING (on object monitor)&#10;        at sun.misc.Unsafe.park(Native Method)&#10;        at java.util.concurrent.locks.LockSupport.park(LockSupport.java:175)&#10;        at java.util.concurrent.locks.AbstractQueuedSynchronizer$ConditionObject.await(AbstractQueuedSynchronizer.java:2039)&#10;        at java.util.concurrent.ArrayBlockingQueue.take(ArrayBlockingQueue.java:403)&#10;        at java.util.concurrent.ThreadPoolExecutor.getTask(ThreadPoolExecutor.java:1074)&#10;        at java.util.concurrent.ThreadPoolExecutor.runWorker(ThreadPoolExecutor.java:1134)&#10;        at java.util.concurrent.ThreadPoolExecutor$Worker.run(ThreadPoolExecutor.java:624)&#10;        at java.lang.Thread.run(Thread.java:748)&#10;&quot;org.apache.hadoop.util.JvmPauseMonitor$Monitor@7a8d4c7b&quot; daemon prio=5 tid=1839 timed_waiting&#10;java.lang.Thread.State: TIMED_WAITING&#10;        at java.lang.Thread.sleep(Native Method)&#10;        at org.apache.hadoop.util.JvmPauseMonitor$Monitor.run(JvmPauseMonitor.java:192)&#10;        at java.lang.Thread.run(Thread.java:748)&#10;&quot;metrics-hadoop-metrics2-reporter-67-thread-1&quot; daemon prio=5 tid=1530 timed_waiting&#10;java.lang.Thread.State: TIMED_WAITING&#10;        at sun.misc.Unsafe.park(Native Method)&#10;        at java.util.concurrent.locks.LockSupport.parkNanos(LockSupport.java:215)&#10;        at java.util.concurrent.locks.AbstractQueuedSynchronizer$ConditionObject.awaitNanos(AbstractQueuedSynchronizer.java:2078)&#10;        at java.util.concurrent.ScheduledThreadPoolExecutor$DelayedWorkQueue.take(ScheduledThreadPoolExecutor.java:1093)&#10;        at java.util.concurrent.ScheduledThreadPoolExecutor$DelayedWorkQueue.take(ScheduledThreadPoolExecutor.java:809)&#10;        at java.util.concurrent.ThreadPoolExecutor.getTask(ThreadPoolExecutor.java:1074)&#10;        at java.util.concurrent.ThreadPoolExecutor.runWorker(ThreadPoolExecutor.java:1134)&#10;        at java.util.concurrent.ThreadPoolExecutor$Worker.run(ThreadPoolExecutor.java:624)&#10;        at java.lang.Thread.run(Thread.java:748)&#10;&quot;pool-176-thread-7&quot;  prio=5 tid=1875 in Object.wait()&#10;java.lang.Thread.State: WAITING (on object monitor)&#10;        at sun.misc.Unsafe.park(Native Method)&#10;        at java.util.concurrent.locks.LockSupport.park(LockSupport.java:175)&#10;        at java.util.concurrent.locks.AbstractQueuedSynchronizer$ConditionObject.await(AbstractQueuedSynchronizer.java:2039)&#10;        at java.util.concurrent.ArrayBlockingQueue.take(ArrayBlockingQueue.java:403)&#10;        at java.util.concurrent.ThreadPoolExecutor.getTask(ThreadPoolExecutor.java:1074)&#10;        at java.util.concurrent.ThreadPoolExecutor.runWorker(ThreadPoolExecutor.java:1134)&#10;        at java.util.concurrent.ThreadPoolExecutor$Worker.run(ThreadPoolExecutor.java:624)&#10;        at java.lang.Thread.run(Thread.java:748)&#10;&quot;IPC Server handler 0 on 39395&quot; daemon prio=5 tid=1691 timed_waiting&#10;java.lang.Thread.State: TIMED_WAITING&#10;        at sun.misc.Unsafe.park(Native Method)&#10;        at java.util.concurrent.locks.LockSupport.parkNanos(LockSupport.java:215)&#10;        at java.util.concurrent.locks.AbstractQueuedSynchronizer$ConditionObject.awaitNanos(AbstractQueuedSynchronizer.java:2078)&#10;        at java.util.concurrent.LinkedBlockingQueue.poll(LinkedBlockingQueue.java:467)&#10;        at org.apache.hadoop.ipc.CallQueueManager.take(CallQueueManager.java:288)&#10;        at org.apache.hadoop.ipc.Server$Handler.run(Server.java:2668)&#10;&quot;pool-196-thread-47&quot;  prio=5 tid=2040 in Object.wait()&#10;java.lang.Thread.State: WAITING (on object monitor)&#10;        at sun.misc.Unsafe.park(Native Method)&#10;        at java.util.concurrent.locks.LockSupport.park(LockSupport.java:175)&#10;        at java.util.concurrent.locks.AbstractQueuedSynchronizer$ConditionObject.await(AbstractQueuedSynchronizer.java:2039)&#10;        at java.util.concurrent.ArrayBlockingQueue.take(ArrayBlockingQueue.java:403)&#10;        at java.util.concurrent.ThreadPoolExecutor.getTask(ThreadPoolExecutor.java:1074)&#10;        at java.util.concurrent.ThreadPoolExecutor.runWorker(ThreadPoolExecutor.java:1134)&#10;        at java.util.concurrent.ThreadPoolExecutor$Worker.run(ThreadPoolExecutor.java:624)&#10;        at java.lang.Thread.run(Thread.java:748)&#10;&quot;metrics-hadoop-metrics2-reporter-32-thread-1&quot; daemon prio=5 tid=983 timed_waiting&#10;java.lang.Thread.State: TIMED_WAITING&#10;        at sun.misc.Unsafe.park(Native Method)&#10;        at java.util.concurrent.locks.LockSupport.parkNanos(LockSupport.java:215)&#10;        at java.util.concurrent.locks.AbstractQueuedSynchronizer$ConditionObject.awaitNanos(AbstractQueuedSynchronizer.java:2078)&#10;        at java.util.concurrent.ScheduledThreadPoolExecutor$DelayedWorkQueue.take(ScheduledThreadPoolExecutor.java:1093)&#10;        at java.util.concurrent.ScheduledThreadPoolExecutor$DelayedWorkQueue.take(ScheduledThreadPoolExecutor.java:809)&#10;        at java.util.concurrent.ThreadPoolExecutor.getTask(ThreadPoolExecutor.java:1074)&#10;        at java.util.concurrent.ThreadPoolExecutor.runWorker(ThreadPoolExecutor.java:1134)&#10;        at java.util.concurrent.ThreadPoolExecutor$Worker.run(ThreadPoolExecutor.java:624)&#10;        at java.lang.Thread.run(Thread.java:748)&#10;&quot;metrics-hadoop-metrics2-reporter-5-thread-1&quot; daemon prio=5 tid=448 timed_waiting&#10;java.lang.Thread.State: TIMED_WAITING&#10;        at sun.misc.Unsafe.park(Native Method)&#10;        at java.util.concurrent.locks.LockSupport.parkNanos(LockSupport.java:215)&#10;        at java.util.concurrent.locks.AbstractQueuedSynchronizer$ConditionObject.awaitNanos(AbstractQueuedSynchronizer.java:2078)&#10;        at java.util.concurrent.ScheduledThreadPoolExecutor$DelayedWorkQueue.take(ScheduledThreadPoolExecutor.java:1093)&#10;        at java.util.concurrent.ScheduledThreadPoolExecutor$DelayedWorkQueue.take(ScheduledThreadPoolExecutor.java:809)&#10;        at java.util.concurrent.ThreadPoolExecutor.getTask(ThreadPoolExecutor.java:1074)&#10;        at java.util.concurrent.ThreadPoolExecutor.runWorker(ThreadPoolExecutor.java:1134)&#10;        at java.util.concurrent.ThreadPoolExecutor$Worker.run(ThreadPoolExecutor.java:624)&#10;        at java.lang.Thread.run(Thread.java:748)&#10;&quot;pool-186-thread-21&quot;  prio=5 tid=1952 in Object.wait()&#10;java.lang.Thread.State: WAITING (on object monitor)&#10;        at sun.misc.Unsafe.park(Native Method)&#10;        at java.util.concurrent.locks.LockSupport.park(LockSupport.java:175)&#10;        at java.util.concurrent.locks.AbstractQueuedSynchronizer$ConditionObject.await(AbstractQueuedSynchronizer.java:2039)&#10;        at java.util.concurrent.ArrayBlockingQueue.take(ArrayBlockingQueue.java:403)&#10;        at java.util.concurrent.ThreadPoolExecutor.getTask(ThreadPoolExecutor.java:1074)&#10;        at java.util.concurrent.ThreadPoolExecutor.runWorker(ThreadPoolExecutor.java:1134)&#10;        at java.util.concurrent.ThreadPoolExecutor$Worker.run(ThreadPoolExecutor.java:624)&#10;        at java.lang.Thread.run(Thread.java:748)&#10;&quot;pool-176-thread-29&quot;  prio=5 tid=1897 in Object.wait()&#10;java.lang.Thread.State: WAITING (on object monitor)&#10;        at sun.misc.Unsafe.park(Native Method)&#10;        at java.util.concurrent.locks.LockSupport.park(LockSupport.java:175)&#10;        at java.util.concurrent.locks.AbstractQueuedSynchronizer$ConditionObject.await(AbstractQueuedSynchronizer.java:2039)&#10;        at java.util.concurrent.ArrayBlockingQueue.take(ArrayBlockingQueue.java:403)&#10;        at java.util.concurrent.ThreadPoolExecutor.getTask(ThreadPoolExecutor.java:1074)&#10;        at java.util.concurrent.ThreadPoolExecutor.runWorker(ThreadPoolExecutor.java:1134)&#10;        at java.util.concurrent.ThreadPoolExecutor$Worker.run(ThreadPoolExecutor.java:624)&#10;        at java.lang.Thread.run(Thread.java:748)&#10;&quot;pool-186-thread-31&quot;  prio=5 tid=1962 in Object.wait()&#10;java.lang.Thread.State: WAITING (on object monitor)&#10;        at sun.misc.Unsafe.park(Native Method)&#10;        at java.util.concurrent.locks.LockSupport.park(LockSupport.java:175)&#10;        at java.util.concurrent.locks.AbstractQueuedSynchronizer$ConditionObject.await(AbstractQueuedSynchronizer.java:2039)&#10;        at java.util.concurrent.ArrayBlockingQueue.take(ArrayBlockingQueue.java:403)&#10;        at java.util.concurrent.ThreadPoolExecutor.getTask(ThreadPoolExecutor.java:1074)&#10;        at java.util.concurrent.ThreadPoolExecutor.runWorker(ThreadPoolExecutor.java:1134)&#10;        at java.util.concurrent.ThreadPoolExecutor$Worker.run(ThreadPoolExecutor.java:624)&#10;        at java.lang.Thread.run(Thread.java:748)&#10;&quot;IPC Server handler 2 on 46187&quot; daemon prio=5 tid=1756 timed_waiting&#10;java.lang.Thread.State: TIMED_WAITING&#10;        at sun.misc.Unsafe.park(Native Method)&#10;        at java.util.concurrent.locks.LockSupport.parkNanos(LockSupport.java:215)&#10;        at java.util.concurrent.locks.AbstractQueuedSynchronizer$ConditionObject.awaitNanos(AbstractQueuedSynchronizer.java:2078)&#10;        at java.util.concurrent.LinkedBlockingQueue.poll(LinkedBlockingQueue.java:467)&#10;        at org.apache.hadoop.ipc.CallQueueManager.take(CallQueueManager.java:288)&#10;        at org.apache.hadoop.ipc.Server$Handler.run(Server.java:2668)&#10;&quot;pool-196-thread-21&quot;  prio=5 tid=2014 in Object.wait()&#10;java.lang.Thread.State: WAITING (on object monitor)&#10;        at sun.misc.Unsafe.park(Native Method)&#10;        at java.util.concurrent.locks.LockSupport.park(LockSupport.java:175)&#10;        at java.util.concurrent.locks.AbstractQueuedSynchronizer$ConditionObject.await(AbstractQueuedSynchronizer.java:2039)&#10;        at java.util.concurrent.ArrayBlockingQueue.take(ArrayBlockingQueue.java:403)&#10;        at java.util.concurrent.ThreadPoolExecutor.getTask(ThreadPoolExecutor.java:1074)&#10;        at java.util.concurrent.ThreadPoolExecutor.runWorker(ThreadPoolExecutor.java:1134)&#10;        at java.util.concurrent.ThreadPoolExecutor$Worker.run(ThreadPoolExecutor.java:624)&#10;        at java.lang.Thread.run(Thread.java:748)&#10;&quot;Thread-940&quot; daemon prio=5 tid=2107 timed_waiting&#10;java.lang.Thread.State: TIMED_WAITING&#10;        at sun.misc.Unsafe.park(Native Method)&#10;        at java.util.concurrent.locks.LockSupport.parkNanos(LockSupport.java:215)&#10;        at java.util.concurrent.locks.AbstractQueuedSynchronizer$ConditionObject.awaitNanos(AbstractQueuedSynchronizer.java:2078)&#10;        at java.util.concurrent.ArrayBlockingQueue.poll(ArrayBlockingQueue.java:418)&#10;        at org.apache.ratis.server.impl.LeaderState$EventQueue.poll(LeaderState.java:115)&#10;        at org.apache.ratis.server.impl.LeaderState$EventProcessor.run(LeaderState.java:467)&#10;&quot;metrics-hadoop-metrics2-reporter-27-thread-1&quot; daemon prio=5 tid=528 timed_waiting&#10;java.lang.Thread.State: TIMED_WAITING&#10;        at sun.misc.Unsafe.park(Native Method)&#10;        at java.util.concurrent.locks.LockSupport.parkNanos(LockSupport.java:215)&#10;        at java.util.concurrent.locks.AbstractQueuedSynchronizer$ConditionObject.awaitNanos(AbstractQueuedSynchronizer.java:2078)&#10;        at java.util.concurrent.ScheduledThreadPoolExecutor$DelayedWorkQueue.take(ScheduledThreadPoolExecutor.java:1093)&#10;        at java.util.concurrent.ScheduledThreadPoolExecutor$DelayedWorkQueue.take(ScheduledThreadPoolExecutor.java:809)&#10;        at java.util.concurrent.ThreadPoolExecutor.getTask(ThreadPoolExecutor.java:1074)&#10;        at java.util.concurrent.ThreadPoolExecutor.runWorker(ThreadPoolExecutor.java:1134)&#10;        at java.util.concurrent.ThreadPoolExecutor$Worker.run(ThreadPoolExecutor.java:624)&#10;        at java.lang.Thread.run(Thread.java:748)&#10;&quot;metrics-hadoop-metrics2-reporter-59-thread-1&quot; daemon prio=5 tid=1511 timed_waiting&#10;java.lang.Thread.State: TIMED_WAITING&#10;        at sun.misc.Unsafe.park(Native Method)&#10;        at java.util.concurrent.locks.LockSupport.parkNanos(LockSupport.java:215)&#10;        at java.util.concurrent.locks.AbstractQueuedSynchronizer$ConditionObject.awaitNanos(AbstractQueuedSynchronizer.java:2078)&#10;        at java.util.concurrent.ScheduledThreadPoolExecutor$DelayedWorkQueue.take(ScheduledThreadPoolExecutor.java:1093)&#10;        at java.util.concurrent.ScheduledThreadPoolExecutor$DelayedWorkQueue.take(ScheduledThreadPoolExecutor.java:809)&#10;        at java.util.concurrent.ThreadPoolExecutor.getTask(ThreadPoolExecutor.java:1074)&#10;        at java.util.concurrent.ThreadPoolExecutor.runWorker(ThreadPoolExecutor.java:1134)&#10;        at java.util.concurrent.ThreadPoolExecutor$Worker.run(ThreadPoolExecutor.java:624)&#10;        at java.lang.Thread.run(Thread.java:748)&#10;&quot;PartialTableCache Cleanup Thread - 0&quot; daemon prio=5 tid=1646 in Object.wait()&#10;java.lang.Thread.State: WAITING (on object monitor)&#10;        at sun.misc.Unsafe.park(Native Method)&#10;        at java.util.concurrent.locks.LockSupport.park(LockSupport.java:175)&#10;        at java.util.concurrent.locks.AbstractQueuedSynchronizer$ConditionObject.await(AbstractQueuedSynchronizer.java:2039)&#10;        at java.util.concurrent.LinkedBlockingQueue.take(LinkedBlockingQueue.java:442)&#10;        at java.util.concurrent.ThreadPoolExecutor.getTask(ThreadPoolExecutor.java:1074)&#10;        at java.util.concurrent.ThreadPoolExecutor.runWorker(ThreadPoolExecutor.java:1134)&#10;        at java.util.concurrent.ThreadPoolExecutor$Worker.run(ThreadPoolExecutor.java:624)&#10;        at java.lang.Thread.run(Thread.java:748)&#10;&quot;EventQueue-ContainerReportForContainerReportHandler&quot; daemon prio=5 tid=2058 in Object.wait()&#10;java.lang.Thread.State: WAITING (on object monitor)&#10;        at sun.misc.Unsafe.park(Native Method)&#10;        at java.util.concurrent.locks.LockSupport.park(LockSupport.java:175)&#10;        at java.util.concurrent.locks.AbstractQueuedSynchronizer$ConditionObject.await(AbstractQueuedSynchronizer.java:2039)&#10;        at java.util.concurrent.LinkedBlockingQueue.take(LinkedBlockingQueue.java:442)&#10;        at java.util.concurrent.ThreadPoolExecutor.getTask(ThreadPoolExecutor.java:1074)&#10;        at java.util.concurrent.ThreadPoolExecutor.runWorker(ThreadPoolExecutor.java:1134)&#10;        at java.util.concurrent.ThreadPoolExecutor$Worker.run(ThreadPoolExecutor.java:624)&#10;        at java.lang.Thread.run(Thread.java:748)&#10;&quot;pool-176-thread-48&quot;  prio=5 tid=1916 in Object.wait()&#10;java.lang.Thread.State: WAITING (on object monitor)&#10;        at sun.misc.Unsafe.park(Native Method)&#10;        at java.util.concurrent.locks.LockSupport.park(LockSupport.java:175)&#10;        at java.util.concurrent.locks.AbstractQueuedSynchronizer$ConditionObject.await(AbstractQueuedSynchronizer.java:2039)&#10;        at java.util.concurrent.ArrayBlockingQueue.take(ArrayBlockingQueue.java:403)&#10;        at java.util.concurrent.ThreadPoolExecutor.getTask(ThreadPoolExecutor.java:1074)&#10;        at java.util.concurrent.ThreadPoolExecutor.runWorker(ThreadPoolExecutor.java:1134)&#10;        at java.util.concurrent.ThreadPoolExecutor$Worker.run(ThreadPoolExecutor.java:624)&#10;        at java.lang.Thread.run(Thread.java:748)&#10;&quot;metrics-hadoop-metrics2-reporter-84-thread-1&quot; daemon prio=5 tid=2075 timed_waiting&#10;java.lang.Thread.State: TIMED_WAITING&#10;        at sun.misc.Unsafe.park(Native Method)&#10;        at java.util.concurrent.locks.LockSupport.parkNanos(LockSupport.java:215)&#10;        at java.util.concurrent.locks.AbstractQueuedSynchronizer$ConditionObject.awaitNanos(AbstractQueuedSynchronizer.java:2078)&#10;        at java.util.concurrent.ScheduledThreadPoolExecutor$DelayedWorkQueue.take(ScheduledThreadPoolExecutor.java:1093)&#10;        at java.util.concurrent.ScheduledThreadPoolExecutor$DelayedWorkQueue.take(ScheduledThreadPoolExecutor.java:809)&#10;        at java.util.concurrent.ThreadPoolExecutor.getTask(ThreadPoolExecutor.java:1074)&#10;        at java.util.concurrent.ThreadPoolExecutor.runWorker(ThreadPoolExecutor.java:1134)&#10;        at java.util.concurrent.ThreadPoolExecutor$Worker.run(ThreadPoolExecutor.java:624)&#10;        at java.lang.Thread.run(Thread.java:748)&#10;&quot;pool-176-thread-44&quot;  prio=5 tid=1912 in Object.wait()&#10;java.lang.Thread.State: WAITING (on object monitor)&#10;        at sun.misc.Unsafe.park(Native Method)&#10;        at java.util.concurrent.locks.LockSupport.park(LockSupport.java:175)&#10;        at java.util.concurrent.locks.AbstractQueuedSynchronizer$ConditionObject.await(AbstractQueuedSynchronizer.java:2039)&#10;        at java.util.concurrent.ArrayBlockingQueue.take(ArrayBlockingQueue.java:403)&#10;        at java.util.concurrent.ThreadPoolExecutor.getTask(ThreadPoolExecutor.java:1074)&#10;        at java.util.concurrent.ThreadPoolExecutor.runWorker(ThreadPoolExecutor.java:1134)&#10;        at java.util.concurrent.ThreadPoolExecutor$Worker.run(ThreadPoolExecutor.java:624)&#10;        at java.lang.Thread.run(Thread.java:748)&#10;&quot;surefire-forkedjvm-command-thread&quot; daemon prio=5 tid=8 runnable&#10;java.lang.Thread.State: RUNNABLE&#10;        at java.io.FileInputStream.readBytes(Native Method)&#10;        at java.io.FileInputStream.read(FileInputStream.java:255)&#10;        at java.io.BufferedInputStream.fill(BufferedInputStream.java:246)&#10;        at java.io.BufferedInputStream.read(BufferedInputStream.java:265)&#10;        at java.io.DataInputStream.readInt(DataInputStream.java:387)&#10;        at org.apache.maven.surefire.booter.MasterProcessCommand.decode(MasterProcessCommand.java:115)&#10;        at org.apache.maven.surefire.booter.CommandReader$CommandRunnable.run(CommandReader.java:390)&#10;        at java.lang.Thread.run(Thread.java:748)&#10;&quot;pool-200-thread-1&quot;  prio=5 tid=1848 timed_waiting&#10;java.lang.Thread.State: TIMED_WAITING&#10;        at sun.misc.Unsafe.park(Native Method)&#10;        at java.util.concurrent.locks.LockSupport.parkNanos(LockSupport.java:215)&#10;        at java.util.concurrent.locks.AbstractQueuedSynchronizer$ConditionObject.awaitNanos(AbstractQueuedSynchronizer.java:2078)&#10;        at java.util.concurrent.ScheduledThreadPoolExecutor$DelayedWorkQueue.take(ScheduledThreadPoolExecutor.java:1093)&#10;        at java.util.concurrent.ScheduledThreadPoolExecutor$DelayedWorkQueue.take(ScheduledThreadPoolExecutor.java:809)&#10;        at java.util.concurrent.ThreadPoolExecutor.getTask(ThreadPoolExecutor.java:1074)&#10;        at java.util.concurrent.ThreadPoolExecutor.runWorker(ThreadPoolExecutor.java:1134)&#10;        at java.util.concurrent.ThreadPoolExecutor$Worker.run(ThreadPoolExecutor.java:624)&#10;        at java.lang.Thread.run(Thread.java:748)&#10;&quot;metrics-hadoop-metrics2-reporter-104-thread-1&quot; daemon prio=5 tid=2138 timed_waiting&#10;java.lang.Thread.State: TIMED_WAITING&#10;        at sun.misc.Unsafe.park(Native Method)&#10;        at java.util.concurrent.locks.LockSupport.parkNanos(LockSupport.java:215)&#10;        at java.util.concurrent.locks.AbstractQueuedSynchronizer$ConditionObject.awaitNanos(AbstractQueuedSynchronizer.java:2078)&#10;        at java.util.concurrent.ScheduledThreadPoolExecutor$DelayedWorkQueue.take(ScheduledThreadPoolExecutor.java:1093)&#10;        at java.util.concurrent.ScheduledThreadPoolExecutor$DelayedWorkQueue.take(ScheduledThreadPoolExecutor.java:809)&#10;        at java.util.concurrent.ThreadPoolExecutor.getTask(ThreadPoolExecutor.java:1074)&#10;        at java.util.concurrent.ThreadPoolExecutor.runWorker(ThreadPoolExecutor.java:1134)&#10;        at java.util.concurrent.ThreadPoolExecutor$Worker.run(ThreadPoolExecutor.java:624)&#10;        at java.lang.Thread.run(Thread.java:748)&#10;&quot;qtp1635471455-1856&quot; daemon prio=5 tid=1856 timed_waiting&#10;java.lang.Thread.State: TIMED_WAITING&#10;        at sun.misc.Unsafe.park(Native Method)&#10;        at java.util.concurrent.locks.LockSupport.parkNanos(LockSupport.java:215)&#10;        at java.util.concurrent.locks.AbstractQueuedSynchronizer$ConditionObject.awaitNanos(AbstractQueuedSynchronizer.java:2078)&#10;        at org.eclipse.jetty.util.BlockingArrayQueue.poll(BlockingArrayQueue.java:392)&#10;        at org.eclipse.jetty.util.thread.QueuedThreadPool.idleJobPoll(QueuedThreadPool.java:563)&#10;        at org.eclipse.jetty.util.thread.QueuedThreadPool.access$800(QueuedThreadPool.java:48)&#10;        at org.eclipse.jetty.util.thread.QueuedThreadPool$2.run(QueuedThreadPool.java:626)&#10;        at java.lang.Thread.run(Thread.java:748)&#10;&quot;PartialTableCache Cleanup Thread - 0&quot; daemon prio=5 tid=540 in Object.wait()&#10;java.lang.Thread.State: WAITING (on object monitor)&#10;        at sun.misc.Unsafe.park(Native Method)&#10;        at java.util.concurrent.locks.LockSupport.park(LockSupport.java:175)&#10;        at java.util.concurrent.locks.AbstractQueuedSynchronizer$ConditionObject.await(AbstractQueuedSynchronizer.java:2039)&#10;        at java.util.concurrent.LinkedBlockingQueue.take(LinkedBlockingQueue.java:442)&#10;        at java.util.concurrent.ThreadPoolExecutor.getTask(ThreadPoolExecutor.java:1074)&#10;        at java.util.concurrent.ThreadPoolExecutor.runWorker(ThreadPoolExecutor.java:1134)&#10;        at java.util.concurrent.ThreadPoolExecutor$Worker.run(ThreadPoolExecutor.java:624)&#10;        at java.lang.Thread.run(Thread.java:748)&#10;&quot;IPC Server handler 13 on 41111&quot; daemon prio=5 tid=1724 timed_waiting&#10;java.lang.Thread.State: TIMED_WAITING&#10;        at sun.misc.Unsafe.park(Native Method)&#10;        at java.util.concurrent.locks.LockSupport.parkNanos(LockSupport.java:215)&#10;        at java.util.concurrent.locks.AbstractQueuedSynchronizer$ConditionObject.awaitNanos(AbstractQueuedSynchronizer.java:2078)&#10;        at java.util.concurrent.LinkedBlockingQueue.poll(LinkedBlockingQueue.java:467)&#10;        at org.apache.hadoop.ipc.CallQueueManager.take(CallQueueManager.java:288)&#10;        at org.apache.hadoop.ipc.Server$Handler.run(Server.java:2668)&#10;&quot;pool-186-thread-8&quot;  prio=5 tid=1939 in Object.wait()&#10;java.lang.Thread.State: WAITING (on object monitor)&#10;        at sun.misc.Unsafe.park(Native Method)&#10;        at java.util.concurrent.locks.LockSupport.park(LockSupport.java:175)&#10;        at java.util.concurrent.locks.AbstractQueuedSynchronizer$ConditionObject.await(AbstractQueuedSynchronizer.java:2039)&#10;        at java.util.concurrent.ArrayBlockingQueue.take(ArrayBlockingQueue.java:403)&#10;        at java.util.concurrent.ThreadPoolExecutor.getTask(ThreadPoolExecutor.java:1074)&#10;        at java.util.concurrent.ThreadPoolExecutor.runWorker(ThreadPoolExecutor.java:1134)&#10;        at java.util.concurrent.ThreadPoolExecutor$Worker.run(ThreadPoolExecutor.java:624)&#10;        at java.lang.Thread.run(Thread.java:748)&#10;&quot;Datanode ReportManager Thread - 0&quot; daemon prio=5 tid=1237 timed_waiting&#10;java.lang.Thread.State: TIMED_WAITING&#10;        at sun.misc.Unsafe.park(Native Method)&#10;        at java.util.concurrent.locks.LockSupport.parkNanos(LockSupport.java:215)&#10;        at java.util.concurrent.locks.AbstractQueuedSynchronizer$ConditionObject.awaitNanos(AbstractQueuedSynchronizer.java:2078)&#10;        at java.util.concurrent.ScheduledThreadPoolExecutor$DelayedWorkQueue.take(ScheduledThreadPoolExecutor.java:1093)&#10;        at java.util.concurrent.ScheduledThreadPoolExecutor$DelayedWorkQueue.take(ScheduledThreadPoolExecutor.java:809)&#10;        at java.util.concurrent.ThreadPoolExecutor.getTask(ThreadPoolExecutor.java:1074)&#10;        at java.util.concurrent.ThreadPoolExecutor.runWorker(ThreadPoolExecutor.java:1134)&#10;        at java.util.concurrent.ThreadPoolExecutor$Worker.run(ThreadPoolExecutor.java:624)&#10;        at java.lang.Thread.run(Thread.java:748)&#10;&quot;metrics-hadoop-metrics2-reporter-98-thread-1&quot; daemon prio=5 tid=2117 timed_waiting&#10;java.lang.Thread.State: TIMED_WAITING&#10;        at sun.misc.Unsafe.park(Native Method)&#10;        at java.util.concurrent.locks.LockSupport.parkNanos(LockSupport.java:215)&#10;        at java.util.concurrent.locks.AbstractQueuedSynchronizer$ConditionObject.awaitNanos(AbstractQueuedSynchronizer.java:2078)&#10;        at java.util.concurrent.ScheduledThreadPoolExecutor$DelayedWorkQueue.take(ScheduledThreadPoolExecutor.java:1093)&#10;        at java.util.concurrent.ScheduledThreadPoolExecutor$DelayedWorkQueue.take(ScheduledThreadPoolExecutor.java:809)&#10;        at java.util.concurrent.ThreadPoolExecutor.getTask(ThreadPoolExecutor.java:1074)&#10;        at java.util.concurrent.ThreadPoolExecutor.runWorker(ThreadPoolExecutor.java:1134)&#10;        at java.util.concurrent.ThreadPoolExecutor$Worker.run(ThreadPoolExecutor.java:624)&#10;        at java.lang.Thread.run(Thread.java:748)&#10;&quot;pool-186-thread-47&quot;  prio=5 tid=1978 in Object.wait()&#10;java.lang.Thread.State: WAITING (on object monitor)&#10;        at sun.misc.Unsafe.park(Native Method)&#10;        at java.util.concurrent.locks.LockSupport.park(LockSupport.java:175)&#10;        at java.util.concurrent.locks.AbstractQueuedSynchronizer$ConditionObject.await(AbstractQueuedSynchronizer.java:2039)&#10;        at java.util.concurrent.ArrayBlockingQueue.take(ArrayBlockingQueue.java:403)&#10;        at java.util.concurrent.ThreadPoolExecutor.getTask(ThreadPoolExecutor.java:1074)&#10;        at java.util.concurrent.ThreadPoolExecutor.runWorker(ThreadPoolExecutor.java:1134)&#10;        at java.util.concurrent.ThreadPoolExecutor$Worker.run(ThreadPoolExecutor.java:624)&#10;        at java.lang.Thread.run(Thread.java:748)&#10;&quot;Datanode ReportManager Thread - 3&quot; daemon prio=5 tid=712 in Object.wait()&#10;java.lang.Thread.State: WAITING (on object monitor)&#10;        at sun.misc.Unsafe.park(Native Method)&#10;        at java.util.concurrent.locks.LockSupport.park(LockSupport.java:175)&#10;        at java.util.concurrent.locks.AbstractQueuedSynchronizer$ConditionObject.await(AbstractQueuedSynchronizer.java:2039)&#10;        at java.util.concurrent.ScheduledThreadPoolExecutor$DelayedWorkQueue.take(ScheduledThreadPoolExecutor.java:1088)&#10;        at java.util.concurrent.ScheduledThreadPoolExecutor$DelayedWorkQueue.take(ScheduledThreadPoolExecutor.java:809)&#10;        at java.util.concurrent.ThreadPoolExecutor.getTask(ThreadPoolExecutor.java:1074)&#10;        at java.util.concurrent.ThreadPoolExecutor.runWorker(ThreadPoolExecutor.java:1134)&#10;        at java.util.concurrent.ThreadPoolExecutor$Worker.run(ThreadPoolExecutor.java:624)&#10;        at java.lang.Thread.run(Thread.java:748)&#10;&quot;pool-196-thread-11&quot;  prio=5 tid=2004 in Object.wait()&#10;java.lang.Thread.State: WAITING (on object monitor)&#10;        at sun.misc.Unsafe.park(Native Method)&#10;        at java.util.concurrent.locks.LockSupport.park(LockSupport.java:175)&#10;        at java.util.concurrent.locks.AbstractQueuedSynchronizer$ConditionObject.await(AbstractQueuedSynchronizer.java:2039)&#10;        at java.util.concurrent.ArrayBlockingQueue.take(ArrayBlockingQueue.java:403)&#10;        at java.util.concurrent.ThreadPoolExecutor.getTask(ThreadPoolExecutor.java:1074)&#10;        at java.util.concurrent.ThreadPoolExecutor.runWorker(ThreadPoolExecutor.java:1134)&#10;        at java.util.concurrent.ThreadPoolExecutor$Worker.run(ThreadPoolExecutor.java:624)&#10;        at java.lang.Thread.run(Thread.java:748)&#10;&quot;Periodic HDDS volume checker&quot;  prio=5 tid=1842 timed_waiting&#10;java.lang.Thread.State: TIMED_WAITING&#10;        at sun.misc.Unsafe.park(Native Method)&#10;        at java.util.concurrent.locks.LockSupport.parkNanos(LockSupport.java:215)&#10;        at java.util.concurrent.locks.AbstractQueuedSynchronizer$ConditionObject.awaitNanos(AbstractQueuedSynchronizer.java:2078)&#10;        at java.util.concurrent.ScheduledThreadPoolExecutor$DelayedWorkQueue.take(ScheduledThreadPoolExecutor.java:1093)&#10;        at java.util.concurrent.ScheduledThreadPoolExecutor$DelayedWorkQueue.take(ScheduledThreadPoolExecutor.java:809)&#10;        at java.util.concurrent.ThreadPoolExecutor.getTask(ThreadPoolExecutor.java:1074)&#10;        at java.util.concurrent.ThreadPoolExecutor.runWorker(ThreadPoolExecutor.java:1134)&#10;        at java.util.concurrent.ThreadPoolExecutor$Worker.run(ThreadPoolExecutor.java:624)&#10;        at java.lang.Thread.run(Thread.java:748)&#10;&quot;IPC Server handler 4 on 33059&quot; daemon prio=5 tid=1675 timed_waiting&#10;java.lang.Thread.State: TIMED_WAITING&#10;        at sun.misc.Unsafe.park(Native Method)&#10;        at java.util.concurrent.locks.LockSupport.parkNanos(LockSupport.java:215)&#10;        at java.util.concurrent.locks.AbstractQueuedSynchronizer$ConditionObject.awaitNanos(AbstractQueuedSynchronizer.java:2078)&#10;        at java.util.concurrent.LinkedBlockingQueue.poll(LinkedBlockingQueue.java:467)&#10;        at org.apache.hadoop.ipc.CallQueueManager.take(CallQueueManager.java:288)&#10;        at org.apache.hadoop.ipc.Server$Handler.run(Server.java:2668)&#10;&quot;Thread-3228&quot; daemon prio=5 tid=4426 terminated&#10;java.lang.Thread.State: TERMINATED&#10;        at java.lang.Thread.sleep(Native Method)&#10;        at org.apache.ratis.util.JavaUtils.sleep(JavaUtils.java:247)&#10;        at org.apache.ratis.server.impl.FollowerState.run(FollowerState.java:97)&#10;&quot;IPC Server handler 15 on 39395&quot; daemon prio=5 tid=1706 timed_waiting&#10;java.lang.Thread.State: TIMED_WAITING&#10;        at sun.misc.Unsafe.park(Native Method)&#10;        at java.util.concurrent.locks.LockSupport.parkNanos(LockSupport.java:215)&#10;        at java.util.concurrent.locks.AbstractQueuedSynchronizer$ConditionObject.awaitNanos(AbstractQueuedSynchronizer.java:2078)&#10;        at java.util.concurrent.LinkedBlockingQueue.poll(LinkedBlockingQueue.java:467)&#10;        at org.apache.hadoop.ipc.CallQueueManager.take(CallQueueManager.java:288)&#10;        at org.apache.hadoop.ipc.Server$Handler.run(Server.java:2668)&#10;&quot;IPC Server handler 10 on 33059&quot; daemon prio=5 tid=1681 timed_waiting&#10;java.lang.Thread.State: TIMED_WAITING&#10;        at sun.misc.Unsafe.park(Native Method)&#10;        at java.util.concurrent.locks.LockSupport.parkNanos(LockSupport.java:215)&#10;        at java.util.concurrent.locks.AbstractQueuedSynchronizer$ConditionObject.awaitNanos(AbstractQueuedSynchronizer.java:2078)&#10;        at java.util.concurrent.LinkedBlockingQueue.poll(LinkedBlockingQueue.java:467)&#10;        at org.apache.hadoop.ipc.CallQueueManager.take(CallQueueManager.java:288)&#10;        at org.apache.hadoop.ipc.Server$Handler.run(Server.java:2668)&#10;&quot;pool-196-thread-42&quot;  prio=5 tid=2035 in Object.wait()&#10;java.lang.Thread.State: WAITING (on object monitor)&#10;        at sun.misc.Unsafe.park(Native Method)&#10;        at java.util.concurrent.locks.LockSupport.park(LockSupport.java:175)&#10;        at java.util.concurrent.locks.AbstractQueuedSynchronizer$ConditionObject.await(AbstractQueuedSynchronizer.java:2039)&#10;        at java.util.concurrent.ArrayBlockingQueue.take(ArrayBlockingQueue.java:403)&#10;        at java.util.concurrent.ThreadPoolExecutor.getTask(ThreadPoolExecutor.java:1074)&#10;        at java.util.concurrent.ThreadPoolExecutor.runWorker(ThreadPoolExecutor.java:1134)&#10;        at java.util.concurrent.ThreadPoolExecutor$Worker.run(ThreadPoolExecutor.java:624)&#10;        at java.lang.Thread.run(Thread.java:748)&#10;&quot;Socket Reader #1 for port 39395&quot;  prio=5 tid=1661 runnable&#10;java.lang.Thread.State: RUNNABLE&#10;        at sun.nio.ch.EPollArrayWrapper.epollWait(Native Method)&#10;        at sun.nio.ch.EPollArrayWrapper.poll(EPollArrayWrapper.java:269)&#10;        at sun.nio.ch.EPollSelectorImpl.doSelect(EPollSelectorImpl.java:93)&#10;        at sun.nio.ch.SelectorImpl.lockAndDoSelect(SelectorImpl.java:86)&#10;        at sun.nio.ch.SelectorImpl.select(SelectorImpl.java:97)&#10;        at sun.nio.ch.SelectorImpl.select(SelectorImpl.java:101)&#10;        at org.apache.hadoop.ipc.Server$Listener$Reader.doRunLoop(Server.java:1097)&#10;        at org.apache.hadoop.ipc.Server$Listener$Reader.run(Server.java:1076)&#10;&quot;pool-196-thread-55&quot;  prio=5 tid=2048 in Object.wait()&#10;java.lang.Thread.State: WAITING (on object monitor)&#10;        at sun.misc.Unsafe.park(Native Method)&#10;        at java.util.concurrent.locks.LockSupport.park(LockSupport.java:175)&#10;        at java.util.concurrent.locks.AbstractQueuedSynchronizer$ConditionObject.await(AbstractQueuedSynchronizer.java:2039)&#10;        at java.util.concurrent.ArrayBlockingQueue.take(ArrayBlockingQueue.java:403)&#10;        at java.util.concurrent.ThreadPoolExecutor.getTask(ThreadPoolExecutor.java:1074)&#10;        at java.util.concurrent.ThreadPoolExecutor.runWorker(ThreadPoolExecutor.java:1134)&#10;        at java.util.concurrent.ThreadPoolExecutor$Worker.run(ThreadPoolExecutor.java:624)&#10;        at java.lang.Thread.run(Thread.java:748)&#10;&quot;pool-176-thread-42&quot;  prio=5 tid=1910 in Object.wait()&#10;java.lang.Thread.State: WAITING (on object monitor)&#10;        at sun.misc.Unsafe.park(Native Method)&#10;        at java.util.concurrent.locks.LockSupport.park(LockSupport.java:175)&#10;        at java.util.concurrent.locks.AbstractQueuedSynchronizer$ConditionObject.await(AbstractQueuedSynchronizer.java:2039)&#10;        at java.util.concurrent.ArrayBlockingQueue.take(ArrayBlockingQueue.java:403)&#10;        at java.util.concurrent.ThreadPoolExecutor.getTask(ThreadPoolExecutor.java:1074)&#10;        at java.util.concurrent.ThreadPoolExecutor.runWorker(ThreadPoolExecutor.java:1134)&#10;        at java.util.concurrent.ThreadPoolExecutor$Worker.run(ThreadPoolExecutor.java:624)&#10;        at java.lang.Thread.run(Thread.java:748)&#10;&quot;pool-196-thread-34&quot;  prio=5 tid=2027 in Object.wait()&#10;java.lang.Thread.State: WAITING (on object monitor)&#10;        at sun.misc.Unsafe.park(Native Method)&#10;        at java.util.concurrent.locks.LockSupport.park(LockSupport.java:175)&#10;        at java.util.concurrent.locks.AbstractQueuedSynchronizer$ConditionObject.await(AbstractQueuedSynchronizer.java:2039)&#10;        at java.util.concurrent.ArrayBlockingQueue.take(ArrayBlockingQueue.java:403)&#10;        at java.util.concurrent.ThreadPoolExecutor.getTask(ThreadPoolExecutor.java:1074)&#10;        at java.util.concurrent.ThreadPoolExecutor.runWorker(ThreadPoolExecutor.java:1134)&#10;        at java.util.concurrent.ThreadPoolExecutor$Worker.run(ThreadPoolExecutor.java:624)&#10;        at java.lang.Thread.run(Thread.java:748)&#10;&quot;metrics-hadoop-metrics2-reporter-49-thread-1&quot; daemon prio=5 tid=1039 timed_waiting&#10;java.lang.Thread.State: TIMED_WAITING&#10;        at sun.misc.Unsafe.park(Native Method)&#10;        at java.util.concurrent.locks.LockSupport.parkNanos(LockSupport.java:215)&#10;        at java.util.concurrent.locks.AbstractQueuedSynchronizer$ConditionObject.awaitNanos(AbstractQueuedSynchronizer.java:2078)&#10;        at java.util.concurrent.ScheduledThreadPoolExecutor$DelayedWorkQueue.take(ScheduledThreadPoolExecutor.java:1093)&#10;        at java.util.concurrent.ScheduledThreadPoolExecutor$DelayedWorkQueue.take(ScheduledThreadPoolExecutor.java:809)&#10;        at java.util.concurrent.ThreadPoolExecutor.getTask(ThreadPoolExecutor.java:1074)&#10;        at java.util.concurrent.ThreadPoolExecutor.runWorker(ThreadPoolExecutor.java:1134)&#10;        at java.util.concurrent.ThreadPoolExecutor$Worker.run(ThreadPoolExecutor.java:624)&#10;        at java.lang.Thread.run(Thread.java:748)&#10;&quot;PartialTableCache Cleanup Thread - 0&quot; daemon prio=5 tid=1069 in Object.wait()&#10;java.lang.Thread.State: WAITING (on object monitor)&#10;        at sun.misc.Unsafe.park(Native Method)&#10;        at java.util.concurrent.locks.LockSupport.park(LockSupport.java:175)&#10;        at java.util.concurrent.locks.AbstractQueuedSynchronizer$ConditionObject.await(AbstractQueuedSynchronizer.java:2039)&#10;        at java.util.concurrent.LinkedBlockingQueue.take(LinkedBlockingQueue.java:442)&#10;        at java.util.concurrent.ThreadPoolExecutor.getTask(ThreadPoolExecutor.java:1074)&#10;        at java.util.concurrent.ThreadPoolExecutor.runWorker(ThreadPoolExecutor.java:1134)&#10;        at java.util.concurrent.ThreadPoolExecutor$Worker.run(ThreadPoolExecutor.java:624)&#10;        at java.lang.Thread.run(Thread.java:748)&#10;&quot;metrics-hadoop-metrics2-reporter-47-thread-1&quot; daemon prio=5 tid=1026 timed_waiting&#10;java.lang.Thread.State: TIMED_WAITING&#10;        at sun.misc.Unsafe.park(Native Method)&#10;        at java.util.concurrent.locks.LockSupport.parkNanos(LockSupport.java:215)&#10;        at java.util.concurrent.locks.AbstractQueuedSynchronizer$ConditionObject.awaitNanos(AbstractQueuedSynchronizer.java:2078)&#10;        at java.util.concurrent.ScheduledThreadPoolExecutor$DelayedWorkQueue.take(ScheduledThreadPoolExecutor.java:1093)&#10;        at java.util.concurrent.ScheduledThreadPoolExecutor$DelayedWorkQueue.take(ScheduledThreadPoolExecutor.java:809)&#10;        at java.util.concurrent.ThreadPoolExecutor.getTask(ThreadPoolExecutor.java:1074)&#10;        at java.util.concurrent.ThreadPoolExecutor.runWorker(ThreadPoolExecutor.java:1134)&#10;        at java.util.concurrent.ThreadPoolExecutor$Worker.run(ThreadPoolExecutor.java:624)&#10;        at java.lang.Thread.run(Thread.java:748)&#10;&quot;pool-176-thread-52&quot;  prio=5 tid=1920 in Object.wait()&#10;java.lang.Thread.State: WAITING (on object monitor)&#10;        at sun.misc.Unsafe.park(Native Method)&#10;        at java.util.concurrent.locks.LockSupport.park(LockSupport.java:175)&#10;        at java.util.concurrent.locks.AbstractQueuedSynchronizer$ConditionObject.await(AbstractQueuedSynchronizer.java:2039)&#10;        at java.util.concurrent.ArrayBlockingQueue.take(ArrayBlockingQueue.java:403)&#10;        at java.util.concurrent.ThreadPoolExecutor.getTask(ThreadPoolExecutor.java:1074)&#10;        at java.util.concurrent.ThreadPoolExecutor.runWorker(ThreadPoolExecutor.java:1134)&#10;        at java.util.concurrent.ThreadPoolExecutor$Worker.run(ThreadPoolExecutor.java:624)&#10;        at java.lang.Thread.run(Thread.java:748)&#10;&quot;qtp1145772033-1733&quot; daemon prio=5 tid=1733 timed_waiting&#10;java.lang.Thread.State: TIMED_WAITING&#10;        at sun.misc.Unsafe.park(Native Method)&#10;        at java.util.concurrent.locks.LockSupport.parkNanos(LockSupport.java:215)&#10;        at java.util.concurrent.locks.AbstractQueuedSynchronizer$ConditionObject.awaitNanos(AbstractQueuedSynchronizer.java:2078)&#10;        at org.eclipse.jetty.util.BlockingArrayQueue.poll(BlockingArrayQueue.java:392)&#10;        at org.eclipse.jetty.util.thread.QueuedThreadPool.idleJobPoll(QueuedThreadPool.java:563)&#10;        at org.eclipse.jetty.util.thread.QueuedThreadPool.access$800(QueuedThreadPool.java:48)&#10;        at org.eclipse.jetty.util.thread.QueuedThreadPool$2.run(QueuedThreadPool.java:626)&#10;        at java.lang.Thread.run(Thread.java:748)&#10;&quot;IPC Server handler 14 on 41111&quot; daemon prio=5 tid=1725 timed_waiting&#10;java.lang.Thread.State: TIMED_WAITING&#10;        at sun.misc.Unsafe.park(Native Method)&#10;        at java.util.concurrent.locks.LockSupport.parkNanos(LockSupport.java:215)&#10;        at java.util.concurrent.locks.AbstractQueuedSynchronizer$ConditionObject.awaitNanos(AbstractQueuedSynchronizer.java:2078)&#10;        at java.util.concurrent.LinkedBlockingQueue.poll(LinkedBlockingQueue.java:467)&#10;        at org.apache.hadoop.ipc.CallQueueManager.take(CallQueueManager.java:288)&#10;        at org.apache.hadoop.ipc.Server$Handler.run(Server.java:2668)&#10;&quot;metrics-hadoop-metrics2-reporter-37-thread-1&quot; daemon prio=5 tid=995 timed_waiting&#10;java.lang.Thread.State: TIMED_WAITING&#10;        at sun.misc.Unsafe.park(Native Method)&#10;        at java.util.concurrent.locks.LockSupport.parkNanos(LockSupport.java:215)&#10;        at java.util.concurrent.locks.AbstractQueuedSynchronizer$ConditionObject.awaitNanos(AbstractQueuedSynchronizer.java:2078)&#10;        at java.util.concurrent.ScheduledThreadPoolExecutor$DelayedWorkQueue.take(ScheduledThreadPoolExecutor.java:1093)&#10;        at java.util.concurrent.ScheduledThreadPoolExecutor$DelayedWorkQueue.take(ScheduledThreadPoolExecutor.java:809)&#10;        at java.util.concurrent.ThreadPoolExecutor.getTask(ThreadPoolExecutor.java:1074)&#10;        at java.util.concurrent.ThreadPoolExecutor.runWorker(ThreadPoolExecutor.java:1134)&#10;        at java.util.concurrent.ThreadPoolExecutor$Worker.run(ThreadPoolExecutor.java:624)&#10;        at java.lang.Thread.run(Thread.java:748)&#10;&quot;IPC Server handler 19 on 33059&quot; daemon prio=5 tid=1690 timed_waiting&#10;java.lang.Thread.State: TIMED_WAITING&#10;        at sun.misc.Unsafe.park(Native Method)&#10;        at java.util.concurrent.locks.LockSupport.parkNanos(LockSupport.java:215)&#10;        at java.util.concurrent.locks.AbstractQueuedSynchronizer$ConditionObject.awaitNanos(AbstractQueuedSynchronizer.java:2078)&#10;        at java.util.concurrent.LinkedBlockingQueue.poll(LinkedBlockingQueue.java:467)&#10;        at org.apache.hadoop.ipc.CallQueueManager.take(CallQueueManager.java:288)&#10;        at org.apache.hadoop.ipc.Server$Handler.run(Server.java:2668)&#10;&quot;metrics-hadoop-metrics2-reporter-26-thread-1&quot; daemon prio=5 tid=526 timed_waiting&#10;java.lang.Thread.State: TIMED_WAITING&#10;        at sun.misc.Unsafe.park(Native Method)&#10;        at java.util.concurrent.locks.LockSupport.parkNanos(LockSupport.java:215)&#10;        at java.util.concurrent.locks.AbstractQueuedSynchronizer$ConditionObject.awaitNanos(AbstractQueuedSynchronizer.java:2078)&#10;        at java.util.concurrent.ScheduledThreadPoolExecutor$DelayedWorkQueue.take(ScheduledThreadPoolExecutor.java:1093)&#10;        at java.util.concurrent.ScheduledThreadPoolExecutor$DelayedWorkQueue.take(ScheduledThreadPoolExecutor.java:809)&#10;        at java.util.concurrent.ThreadPoolExecutor.getTask(ThreadPoolExecutor.java:1074)&#10;        at java.util.concurrent.ThreadPoolExecutor.runWorker(ThreadPoolExecutor.java:1134)&#10;        at java.util.concurrent.ThreadPoolExecutor$Worker.run(ThreadPoolExecutor.java:624)&#10;        at java.lang.Thread.run(Thread.java:748)&#10;&quot;metrics-hadoop-metrics2-reporter-41-thread-1&quot; daemon prio=5 tid=1009 timed_waiting&#10;java.lang.Thread.State: TIMED_WAITING&#10;        at sun.misc.Unsafe.park(Native Method)&#10;        at java.util.concurrent.locks.LockSupport.parkNanos(LockSupport.java:215)&#10;        at java.util.concurrent.locks.AbstractQueuedSynchronizer$ConditionObject.awaitNanos(AbstractQueuedSynchronizer.java:2078)&#10;        at java.util.concurrent.ScheduledThreadPoolExecutor$DelayedWorkQueue.take(ScheduledThreadPoolExecutor.java:1093)&#10;        at java.util.concurrent.ScheduledThreadPoolExecutor$DelayedWorkQueue.take(ScheduledThreadPoolExecutor.java:809)&#10;        at java.util.concurrent.ThreadPoolExecutor.getTask(ThreadPoolExecutor.java:1074)&#10;        at java.util.concurrent.ThreadPoolExecutor.runWorker(ThreadPoolExecutor.java:1134)&#10;        at java.util.concurrent.ThreadPoolExecutor$Worker.run(ThreadPoolExecutor.java:624)&#10;        at java.lang.Thread.run(Thread.java:748)&#10;&quot;metrics-hadoop-metrics2-reporter-52-thread-1&quot; daemon prio=5 tid=1055 timed_waiting&#10;java.lang.Thread.State: TIMED_WAITING&#10;        at sun.misc.Unsafe.park(Native Method)&#10;        at java.util.concurrent.locks.LockSupport.parkNanos(LockSupport.java:215)&#10;        at java.util.concurrent.locks.AbstractQueuedSynchronizer$ConditionObject.awaitNanos(AbstractQueuedSynchronizer.java:2078)&#10;        at java.util.concurrent.ScheduledThreadPoolExecutor$DelayedWorkQueue.take(ScheduledThreadPoolExecutor.java:1093)&#10;        at java.util.concurrent.ScheduledThreadPoolExecutor$DelayedWorkQueue.take(ScheduledThreadPoolExecutor.java:809)&#10;        at java.util.concurrent.ThreadPoolExecutor.getTask(ThreadPoolExecutor.java:1074)&#10;        at java.util.concurrent.ThreadPoolExecutor.runWorker(ThreadPoolExecutor.java:1134)&#10;        at java.util.concurrent.ThreadPoolExecutor$Worker.run(ThreadPoolExecutor.java:624)&#10;        at java.lang.Thread.run(Thread.java:748)&#10;&quot;metrics-hadoop-metrics2-reporter-63-thread-1&quot; daemon prio=5 tid=1523 timed_waiting&#10;java.lang.Thread.State: TIMED_WAITING&#10;        at sun.misc.Unsafe.park(Native Method)&#10;        at java.util.concurrent.locks.LockSupport.parkNanos(LockSupport.java:215)&#10;        at java.util.concurrent.locks.AbstractQueuedSynchronizer$ConditionObject.awaitNanos(AbstractQueuedSynchronizer.java:2078)&#10;        at java.util.concurrent.ScheduledThreadPoolExecutor$DelayedWorkQueue.take(ScheduledThreadPoolExecutor.java:1093)&#10;        at java.util.concurrent.ScheduledThreadPoolExecutor$DelayedWorkQueue.take(ScheduledThreadPoolExecutor.java:809)&#10;        at java.util.concurrent.ThreadPoolExecutor.getTask(ThreadPoolExecutor.java:1074)&#10;        at java.util.concurrent.ThreadPoolExecutor.runWorker(ThreadPoolExecutor.java:1134)&#10;        at java.util.concurrent.ThreadPoolExecutor$Worker.run(ThreadPoolExecutor.java:624)&#10;        at java.lang.Thread.run(Thread.java:748)&#10;&quot;metrics-hadoop-metrics2-reporter-36-thread-1&quot; daemon prio=5 tid=994 timed_waiting&#10;java.lang.Thread.State: TIMED_WAITING&#10;        at sun.misc.Unsafe.park(Native Method)&#10;        at java.util.concurrent.locks.LockSupport.parkNanos(LockSupport.java:215)&#10;        at java.util.concurrent.locks.AbstractQueuedSynchronizer$ConditionObject.awaitNanos(AbstractQueuedSynchronizer.java:2078)&#10;        at java.util.concurrent.ScheduledThreadPoolExecutor$DelayedWorkQueue.take(ScheduledThreadPoolExecutor.java:1093)&#10;        at java.util.concurrent.ScheduledThreadPoolExecutor$DelayedWorkQueue.take(ScheduledThreadPoolExecutor.java:809)&#10;        at java.util.concurrent.ThreadPoolExecutor.getTask(ThreadPoolExecutor.java:1074)&#10;        at java.util.concurrent.ThreadPoolExecutor.runWorker(ThreadPoolExecutor.java:1134)&#10;        at java.util.concurrent.ThreadPoolExecutor$Worker.run(ThreadPoolExecutor.java:624)&#10;        at java.lang.Thread.run(Thread.java:748)&#10;&quot;Datanode ReportManager Thread - 1&quot; daemon prio=5 tid=1862 in Object.wait()&#10;java.lang.Thread.State: WAITING (on object monitor)&#10;        at sun.misc.Unsafe.park(Native Method)&#10;        at java.util.concurrent.locks.LockSupport.park(LockSupport.java:175)&#10;        at java.util.concurrent.locks.AbstractQueuedSynchronizer$ConditionObject.await(AbstractQueuedSynchronizer.java:2039)&#10;        at java.util.concurrent.ScheduledThreadPoolExecutor$DelayedWorkQueue.take(ScheduledThreadPoolExecutor.java:1088)&#10;        at java.util.concurrent.ScheduledThreadPoolExecutor$DelayedWorkQueue.take(ScheduledThreadPoolExecutor.java:809)&#10;        at java.util.concurrent.ThreadPoolExecutor.getTask(ThreadPoolExecutor.java:1074)&#10;        at java.util.concurrent.ThreadPoolExecutor.runWorker(ThreadPoolExecutor.java:1134)&#10;        at java.util.concurrent.ThreadPoolExecutor$Worker.run(ThreadPoolExecutor.java:624)&#10;        at java.lang.Thread.run(Thread.java:748)&#10;&quot;metrics-hadoop-metrics2-reporter-112-thread-1&quot; daemon prio=5 tid=2292 timed_waiting&#10;java.lang.Thread.State: TIMED_WAITING&#10;        at sun.misc.Unsafe.park(Native Method)&#10;        at java.util.concurrent.locks.LockSupport.parkNanos(LockSupport.java:215)&#10;        at java.util.concurrent.locks.AbstractQueuedSynchronizer$ConditionObject.awaitNanos(AbstractQueuedSynchronizer.java:2078)&#10;        at java.util.concurrent.ScheduledThreadPoolExecutor$DelayedWorkQueue.take(ScheduledThreadPoolExecutor.java:1093)&#10;        at java.util.concurrent.ScheduledThreadPoolExecutor$DelayedWorkQueue.take(ScheduledThreadPoolExecutor.java:809)&#10;        at java.util.concurrent.ThreadPoolExecutor.getTask(ThreadPoolExecutor.java:1074)&#10;        at java.util.concurrent.ThreadPoolExecutor.runWorker(ThreadPoolExecutor.java:1134)&#10;        at java.util.concurrent.ThreadPoolExecutor$Worker.run(ThreadPoolExecutor.java:624)&#10;        at java.lang.Thread.run(Thread.java:748)&#10;&quot;metrics-hadoop-metrics2-reporter-66-thread-1&quot; daemon prio=5 tid=1529 timed_waiting&#10;java.lang.Thread.State: TIMED_WAITING&#10;        at sun.misc.Unsafe.park(Native Method)&#10;        at java.util.concurrent.locks.LockSupport.parkNanos(LockSupport.java:215)&#10;        at java.util.concurrent.locks.AbstractQueuedSynchronizer$ConditionObject.awaitNanos(AbstractQueuedSynchronizer.java:2078)&#10;        at java.util.concurrent.ScheduledThreadPoolExecutor$DelayedWorkQueue.take(ScheduledThreadPoolExecutor.java:1093)&#10;        at java.util.concurrent.ScheduledThreadPoolExecutor$DelayedWorkQueue.take(ScheduledThreadPoolExecutor.java:809)&#10;        at java.util.concurrent.ThreadPoolExecutor.getTask(ThreadPoolExecutor.java:1074)&#10;        at java.util.concurrent.ThreadPoolExecutor.runWorker(ThreadPoolExecutor.java:1134)&#10;        at java.util.concurrent.ThreadPoolExecutor$Worker.run(ThreadPoolExecutor.java:624)&#10;        at java.lang.Thread.run(Thread.java:748)&#10;&quot;PartialTableCache Cleanup Thread - 0&quot; daemon prio=5 tid=543 in Object.wait()&#10;java.lang.Thread.State: WAITING (on object monitor)&#10;        at sun.misc.Unsafe.park(Native Method)&#10;        at java.util.concurrent.locks.LockSupport.park(LockSupport.java:175)&#10;        at java.util.concurrent.locks.AbstractQueuedSynchronizer$ConditionObject.await(AbstractQueuedSynchronizer.java:2039)&#10;        at java.util.concurrent.LinkedBlockingQueue.take(LinkedBlockingQueue.java:442)&#10;        at java.util.concurrent.ThreadPoolExecutor.getTask(ThreadPoolExecutor.java:1074)&#10;        at java.util.concurrent.ThreadPoolExecutor.runWorker(ThreadPoolExecutor.java:1134)&#10;        at java.util.concurrent.ThreadPoolExecutor$Worker.run(ThreadPoolExecutor.java:624)&#10;        at java.lang.Thread.run(Thread.java:748)&#10;&quot;pool-196-thread-10&quot;  prio=5 tid=2003 in Object.wait()&#10;java.lang.Thread.State: WAITING (on object monitor)&#10;        at sun.misc.Unsafe.park(Native Method)&#10;        at java.util.concurrent.locks.LockSupport.park(LockSupport.java:175)&#10;        at java.util.concurrent.locks.AbstractQueuedSynchronizer$ConditionObject.await(AbstractQueuedSynchronizer.java:2039)&#10;        at java.util.concurrent.ArrayBlockingQueue.take(ArrayBlockingQueue.java:403)&#10;        at java.util.concurrent.ThreadPoolExecutor.getTask(ThreadPoolExecutor.java:1074)&#10;        at java.util.concurrent.ThreadPoolExecutor.runWorker(ThreadPoolExecutor.java:1134)&#10;        at java.util.concurrent.ThreadPoolExecutor$Worker.run(ThreadPoolExecutor.java:624)&#10;        at java.lang.Thread.run(Thread.java:748)&#10;&quot;IPC Server handler 9 on 33059&quot; daemon prio=5 tid=1680 timed_waiting&#10;java.lang.Thread.State: TIMED_WAITING&#10;        at sun.misc.Unsafe.park(Native Method)&#10;        at java.util.concurrent.locks.LockSupport.parkNanos(LockSupport.java:215)&#10;        at java.util.concurrent.locks.AbstractQueuedSynchronizer$ConditionObject.awaitNanos(AbstractQueuedSynchronizer.java:2078)&#10;        at java.util.concurrent.LinkedBlockingQueue.poll(LinkedBlockingQueue.java:467)&#10;        at org.apache.hadoop.ipc.CallQueueManager.take(CallQueueManager.java:288)&#10;        at org.apache.hadoop.ipc.Server$Handler.run(Server.java:2668)&#10;&quot;pool-196-thread-59&quot;  prio=5 tid=2052 in Object.wait()&#10;java.lang.Thread.State: WAITING (on object monitor)&#10;        at sun.misc.Unsafe.park(Native Method)&#10;        at java.util.concurrent.locks.LockSupport.park(LockSupport.java:175)&#10;        at java.util.concurrent.locks.AbstractQueuedSynchronizer$ConditionObject.await(AbstractQueuedSynchronizer.java:2039)&#10;        at java.util.concurrent.ArrayBlockingQueue.take(ArrayBlockingQueue.java:403)&#10;        at java.util.concurrent.ThreadPoolExecutor.getTask(ThreadPoolExecutor.java:1074)&#10;        at java.util.concurrent.ThreadPoolExecutor.runWorker(ThreadPoolExecutor.java:1134)&#10;        at java.util.concurrent.ThreadPoolExecutor$Worker.run(ThreadPoolExecutor.java:624)&#10;        at java.lang.Thread.run(Thread.java:748)&#10;&quot;pool-196-thread-46&quot;  prio=5 tid=2039 in Object.wait()&#10;java.lang.Thread.State: WAITING (on object monitor)&#10;        at sun.misc.Unsafe.park(Native Method)&#10;        at java.util.concurrent.locks.LockSupport.park(LockSupport.java:175)&#10;        at java.util.concurrent.locks.AbstractQueuedSynchronizer$ConditionObject.await(AbstractQueuedSynchronizer.java:2039)&#10;        at java.util.concurrent.ArrayBlockingQueue.take(ArrayBlockingQueue.java:403)&#10;        at java.util.concurrent.ThreadPoolExecutor.getTask(ThreadPoolExecutor.java:1074)&#10;        at java.util.concurrent.ThreadPoolExecutor.runWorker(ThreadPoolExecutor.java:1134)&#10;        at java.util.concurrent.ThreadPoolExecutor$Worker.run(ThreadPoolExecutor.java:624)&#10;        at java.lang.Thread.run(Thread.java:748)&#10;&quot;BlockDeletingService#0&quot; daemon prio=5 tid=1930 timed_waiting&#10;java.lang.Thread.State: TIMED_WAITING&#10;        at sun.misc.Unsafe.park(Native Method)&#10;        at java.util.concurrent.locks.LockSupport.parkNanos(LockSupport.java:215)&#10;        at java.util.concurrent.locks.AbstractQueuedSynchronizer$ConditionObject.awaitNanos(AbstractQueuedSynchronizer.java:2078)&#10;        at java.util.concurrent.ScheduledThreadPoolExecutor$DelayedWorkQueue.take(ScheduledThreadPoolExecutor.java:1093)&#10;        at java.util.concurrent.ScheduledThreadPoolExecutor$DelayedWorkQueue.take(ScheduledThreadPoolExecutor.java:809)&#10;        at java.util.concurrent.ThreadPoolExecutor.getTask(ThreadPoolExecutor.java:1074)&#10;        at java.util.concurrent.ThreadPoolExecutor.runWorker(ThreadPoolExecutor.java:1134)&#10;        at java.util.concurrent.ThreadPoolExecutor$Worker.run(ThreadPoolExecutor.java:624)&#10;        at java.lang.Thread.run(Thread.java:748)&#10;&quot;IPC Server handler 5 on 41111&quot; daemon prio=5 tid=1716 timed_waiting&#10;java.lang.Thread.State: TIMED_WAITING&#10;        at sun.misc.Unsafe.park(Native Method)&#10;        at java.util.concurrent.locks.LockSupport.parkNanos(LockSupport.java:215)&#10;        at java.util.concurrent.locks.AbstractQueuedSynchronizer$ConditionObject.awaitNanos(AbstractQueuedSynchronizer.java:2078)&#10;        at java.util.concurrent.LinkedBlockingQueue.poll(LinkedBlockingQueue.java:467)&#10;        at org.apache.hadoop.ipc.CallQueueManager.take(CallQueueManager.java:288)&#10;        at org.apache.hadoop.ipc.Server$Handler.run(Server.java:2668)&#10;&quot;IPC Server handler 9 on 39395&quot; daemon prio=5 tid=1700 timed_waiting&#10;java.lang.Thread.State: TIMED_WAITING&#10;        at sun.misc.Unsafe.park(Native Method)&#10;        at java.util.concurrent.locks.LockSupport.parkNanos(LockSupport.java:215)&#10;        at java.util.concurrent.locks.AbstractQueuedSynchronizer$ConditionObject.awaitNanos(AbstractQueuedSynchronizer.java:2078)&#10;        at java.util.concurrent.LinkedBlockingQueue.poll(LinkedBlockingQueue.java:467)&#10;        at org.apache.hadoop.ipc.CallQueueManager.take(CallQueueManager.java:288)&#10;        at org.apache.hadoop.ipc.Server$Handler.run(Server.java:2668)&#10;&quot;pool-196-thread-53&quot;  prio=5 tid=2046 in Object.wait()&#10;java.lang.Thread.State: WAITING (on object monitor)&#10;        at sun.misc.Unsafe.park(Native Method)&#10;        at java.util.concurrent.locks.LockSupport.park(LockSupport.java:175)&#10;        at java.util.concurrent.locks.AbstractQueuedSynchronizer$ConditionObject.await(AbstractQueuedSynchronizer.java:2039)&#10;        at java.util.concurrent.ArrayBlockingQueue.take(ArrayBlockingQueue.java:403)&#10;        at java.util.concurrent.ThreadPoolExecutor.getTask(ThreadPoolExecutor.java:1074)&#10;        at java.util.concurrent.ThreadPoolExecutor.runWorker(ThreadPoolExecutor.java:1134)&#10;        at java.util.concurrent.ThreadPoolExecutor$Worker.run(ThreadPoolExecutor.java:624)&#10;        at java.lang.Thread.run(Thread.java:748)&#10;&quot;pool-176-thread-49&quot;  prio=5 tid=1917 in Object.wait()&#10;java.lang.Thread.State: WAITING (on object monitor)&#10;        at sun.misc.Unsafe.park(Native Method)&#10;        at java.util.concurrent.locks.LockSupport.park(LockSupport.java:175)&#10;        at java.util.concurrent.locks.AbstractQueuedSynchronizer$ConditionObject.await(AbstractQueuedSynchronizer.java:2039)&#10;        at java.util.concurrent.ArrayBlockingQueue.take(ArrayBlockingQueue.java:403)&#10;        at java.util.concurrent.ThreadPoolExecutor.getTask(ThreadPoolExecutor.java:1074)&#10;        at java.util.concurrent.ThreadPoolExecutor.runWorker(ThreadPoolExecutor.java:1134)&#10;        at java.util.concurrent.ThreadPoolExecutor$Worker.run(ThreadPoolExecutor.java:624)&#10;        at java.lang.Thread.run(Thread.java:748)&#10;&quot;PartialTableCache Cleanup Thread - 0&quot; daemon prio=5 tid=1075 in Object.wait()&#10;java.lang.Thread.State: WAITING (on object monitor)&#10;        at sun.misc.Unsafe.park(Native Method)&#10;        at java.util.concurrent.locks.LockSupport.park(LockSupport.java:175)&#10;        at java.util.concurrent.locks.AbstractQueuedSynchronizer$ConditionObject.await(AbstractQueuedSynchronizer.java:2039)&#10;        at java.util.concurrent.LinkedBlockingQueue.take(LinkedBlockingQueue.java:442)&#10;        at java.util.concurrent.ThreadPoolExecutor.getTask(ThreadPoolExecutor.java:1074)&#10;        at java.util.concurrent.ThreadPoolExecutor.runWorker(ThreadPoolExecutor.java:1134)&#10;        at java.util.concurrent.ThreadPoolExecutor$Worker.run(ThreadPoolExecutor.java:624)&#10;        at java.lang.Thread.run(Thread.java:748)&#10;&quot;metrics-hadoop-metrics2-reporter-8-thread-1&quot; daemon prio=5 tid=453 timed_waiting&#10;java.lang.Thread.State: TIMED_WAITING&#10;        at sun.misc.Unsafe.park(Native Method)&#10;        at java.util.concurrent.locks.LockSupport.parkNanos(LockSupport.java:215)&#10;        at java.util.concurrent.locks.AbstractQueuedSynchronizer$ConditionObject.awaitNanos(AbstractQueuedSynchronizer.java:2078)&#10;        at java.util.concurrent.ScheduledThreadPoolExecutor$DelayedWorkQueue.take(ScheduledThreadPoolExecutor.java:1093)&#10;        at java.util.concurrent.ScheduledThreadPoolExecutor$DelayedWorkQueue.take(ScheduledThreadPoolExecutor.java:809)&#10;        at java.util.concurrent.ThreadPoolExecutor.getTask(ThreadPoolExecutor.java:1074)&#10;        at java.util.concurrent.ThreadPoolExecutor.runWorker(ThreadPoolExecutor.java:1134)&#10;        at java.util.concurrent.ThreadPoolExecutor$Worker.run(ThreadPoolExecutor.java:624)&#10;        at java.lang.Thread.run(Thread.java:748)&#10;&quot;IPC Server handler 1 on 39395&quot; daemon prio=5 tid=1692 timed_waiting&#10;java.lang.Thread.State: TIMED_WAITING&#10;        at sun.misc.Unsafe.park(Native Method)&#10;        at java.util.concurrent.locks.LockSupport.parkNanos(LockSupport.java:215)&#10;        at java.util.concurrent.locks.AbstractQueuedSynchronizer$ConditionObject.awaitNanos(AbstractQueuedSynchronizer.java:2078)&#10;        at java.util.concurrent.LinkedBlockingQueue.poll(LinkedBlockingQueue.java:467)&#10;        at org.apache.hadoop.ipc.CallQueueManager.take(CallQueueManager.java:288)&#10;        at org.apache.hadoop.ipc.Server$Handler.run(Server.java:2668)&#10;&quot;pool-196-thread-57&quot;  prio=5 tid=2050 in Object.wait()&#10;java.lang.Thread.State: WAITING (on object monitor)&#10;        at sun.misc.Unsafe.park(Native Method)&#10;        at java.util.concurrent.locks.LockSupport.park(LockSupport.java:175)&#10;        at java.util.concurrent.locks.AbstractQueuedSynchronizer$ConditionObject.await(AbstractQueuedSynchronizer.java:2039)&#10;        at java.util.concurrent.ArrayBlockingQueue.take(ArrayBlockingQueue.java:403)&#10;        at java.util.concurrent.ThreadPoolExecutor.getTask(ThreadPoolExecutor.java:1074)&#10;        at java.util.concurrent.ThreadPoolExecutor.runWorker(ThreadPoolExecutor.java:1134)&#10;        at java.util.concurrent.ThreadPoolExecutor$Worker.run(ThreadPoolExecutor.java:624)&#10;        at java.lang.Thread.run(Thread.java:748)&#10;&quot;IPC Server handler 7 on 33059&quot; daemon prio=5 tid=1678 timed_waiting&#10;java.lang.Thread.State: TIMED_WAITING&#10;        at sun.misc.Unsafe.park(Native Method)&#10;        at java.util.concurrent.locks.LockSupport.parkNanos(LockSupport.java:215)&#10;        at java.util.concurrent.locks.AbstractQueuedSynchronizer$ConditionObject.awaitNanos(AbstractQueuedSynchronizer.java:2078)&#10;        at java.util.concurrent.LinkedBlockingQueue.poll(LinkedBlockingQueue.java:467)&#10;        at org.apache.hadoop.ipc.CallQueueManager.take(CallQueueManager.java:288)&#10;        at org.apache.hadoop.ipc.Server$Handler.run(Server.java:2668)&#10;&quot;SCMBlockDeletingService#1&quot; daemon prio=5 tid=1745 in Object.wait()&#10;java.lang.Thread.State: WAITING (on object monitor)&#10;        at sun.misc.Unsafe.park(Native Method)&#10;        at java.util.concurrent.locks.LockSupport.park(LockSupport.java:175)&#10;        at java.util.concurrent.locks.AbstractQueuedSynchronizer$ConditionObject.await(AbstractQueuedSynchronizer.java:2039)&#10;        at java.util.concurrent.ScheduledThreadPoolExecutor$DelayedWorkQueue.take(ScheduledThreadPoolExecutor.java:1088)&#10;        at java.util.concurrent.ScheduledThreadPoolExecutor$DelayedWorkQueue.take(ScheduledThreadPoolExecutor.java:809)&#10;        at java.util.concurrent.ThreadPoolExecutor.getTask(ThreadPoolExecutor.java:1074)&#10;        at java.util.concurrent.ThreadPoolExecutor.runWorker(ThreadPoolExecutor.java:1134)&#10;        at java.util.concurrent.ThreadPoolExecutor$Worker.run(ThreadPoolExecutor.java:624)&#10;        at java.lang.Thread.run(Thread.java:748)&#10;&quot;PartialTableCache Cleanup Thread - 0&quot; daemon prio=5 tid=1071 in Object.wait()&#10;java.lang.Thread.State: WAITING (on object monitor)&#10;        at sun.misc.Unsafe.park(Native Method)&#10;        at java.util.concurrent.locks.LockSupport.park(LockSupport.java:175)&#10;        at java.util.concurrent.locks.AbstractQueuedSynchronizer$ConditionObject.await(AbstractQueuedSynchronizer.java:2039)&#10;        at java.util.concurrent.LinkedBlockingQueue.take(LinkedBlockingQueue.java:442)&#10;        at java.util.concurrent.ThreadPoolExecutor.getTask(ThreadPoolExecutor.java:1074)&#10;        at java.util.concurrent.ThreadPoolExecutor.runWorker(ThreadPoolExecutor.java:1134)&#10;        at java.util.concurrent.ThreadPoolExecutor$Worker.run(ThreadPoolExecutor.java:624)&#10;        at java.lang.Thread.run(Thread.java:748)&#10;&quot;BlockDeletingService#0&quot; daemon prio=5 tid=2054 timed_waiting&#10;java.lang.Thread.State: TIMED_WAITING&#10;        at sun.misc.Unsafe.park(Native Method)&#10;        at java.util.concurrent.locks.LockSupport.parkNanos(LockSupport.java:215)&#10;        at java.util.concurrent.locks.AbstractQueuedSynchronizer$ConditionObject.awaitNanos(AbstractQueuedSynchronizer.java:2078)&#10;        at java.util.concurrent.ScheduledThreadPoolExecutor$DelayedWorkQueue.take(ScheduledThreadPoolExecutor.java:1093)&#10;        at java.util.concurrent.ScheduledThreadPoolExecutor$DelayedWorkQueue.take(ScheduledThreadPoolExecutor.java:809)&#10;        at java.util.concurrent.ThreadPoolExecutor.getTask(ThreadPoolExecutor.java:1074)&#10;        at java.util.concurrent.ThreadPoolExecutor.runWorker(ThreadPoolExecutor.java:1134)&#10;        at java.util.concurrent.ThreadPoolExecutor$Worker.run(ThreadPoolExecutor.java:624)&#10;        at java.lang.Thread.run(Thread.java:748)&#10;&quot;pool-176-thread-46&quot;  prio=5 tid=1914 in Object.wait()&#10;java.lang.Thread.State: WAITING (on object monitor)&#10;        at sun.misc.Unsafe.park(Native Method)&#10;        at java.util.concurrent.locks.LockSupport.park(LockSupport.java:175)&#10;        at java.util.concurrent.locks.AbstractQueuedSynchronizer$ConditionObject.await(AbstractQueuedSynchronizer.java:2039)&#10;        at java.util.concurrent.ArrayBlockingQueue.take(ArrayBlockingQueue.java:403)&#10;        at java.util.concurrent.ThreadPoolExecutor.getTask(ThreadPoolExecutor.java:1074)&#10;        at java.util.concurrent.ThreadPoolExecutor.runWorker(ThreadPoolExecutor.java:1134)&#10;        at java.util.concurrent.ThreadPoolExecutor$Worker.run(ThreadPoolExecutor.java:624)&#10;        at java.lang.Thread.run(Thread.java:748)&#10;&quot;Datanode ReportManager Thread - 2&quot; daemon prio=5 tid=1293 timed_waiting&#10;java.lang.Thread.State: TIMED_WAITING&#10;        at sun.misc.Unsafe.park(Native Method)&#10;        at java.util.concurrent.locks.LockSupport.parkNanos(LockSupport.java:215)&#10;        at java.util.concurrent.locks.AbstractQueuedSynchronizer$ConditionObject.awaitNanos(AbstractQueuedSynchronizer.java:2078)&#10;        at java.util.concurrent.ScheduledThreadPoolExecutor$DelayedWorkQueue.take(ScheduledThreadPoolExecutor.java:1093)&#10;        at java.util.concurrent.ScheduledThreadPoolExecutor$DelayedWorkQueue.take(ScheduledThreadPoolExecutor.java:809)&#10;        at java.util.concurrent.ThreadPoolExecutor.getTask(ThreadPoolExecutor.java:1074)&#10;        at java.util.concurrent.ThreadPoolExecutor.runWorker(ThreadPoolExecutor.java:1134)&#10;        at java.util.concurrent.ThreadPoolExecutor$Worker.run(ThreadPoolExecutor.java:624)&#10;        at java.lang.Thread.run(Thread.java:748)&#10;&quot;IPC Server handler 0 on 41111&quot; daemon prio=5 tid=1711 timed_waiting&#10;java.lang.Thread.State: TIMED_WAITING&#10;        at sun.misc.Unsafe.park(Native Method)&#10;        at java.util.concurrent.locks.LockSupport.parkNanos(LockSupport.java:215)&#10;        at java.util.concurrent.locks.AbstractQueuedSynchronizer$ConditionObject.awaitNanos(AbstractQueuedSynchronizer.java:2078)&#10;        at java.util.concurrent.LinkedBlockingQueue.poll(LinkedBlockingQueue.java:467)&#10;        at org.apache.hadoop.ipc.CallQueueManager.take(CallQueueManager.java:288)&#10;        at org.apache.hadoop.ipc.Server$Handler.run(Server.java:2668)&#10;&quot;org.eclipse.jetty.server.session.HashSessionManager@4ec33188Timer&quot; daemon prio=5 tid=1857 timed_waiting&#10;java.lang.Thread.State: TIMED_WAITING&#10;        at sun.misc.Unsafe.park(Native Method)&#10;        at java.util.concurrent.locks.LockSupport.parkNanos(LockSupport.java:215)&#10;        at java.util.concurrent.locks.AbstractQueuedSynchronizer$ConditionObject.awaitNanos(AbstractQueuedSynchronizer.java:2078)&#10;        at java.util.concurrent.ScheduledThreadPoolExecutor$DelayedWorkQueue.take(ScheduledThreadPoolExecutor.java:1093)&#10;        at java.util.concurrent.ScheduledThreadPoolExecutor$DelayedWorkQueue.take(ScheduledThreadPoolExecutor.java:809)&#10;        at java.util.concurrent.ThreadPoolExecutor.getTask(ThreadPoolExecutor.java:1074)&#10;        at java.util.concurrent.ThreadPoolExecutor.runWorker(ThreadPoolExecutor.java:1134)&#10;        at java.util.concurrent.ThreadPoolExecutor$Worker.run(ThreadPoolExecutor.java:624)&#10;        at java.lang.Thread.run(Thread.java:748)&#10;&quot;IPC Server handler 16 on 46187&quot; daemon prio=5 tid=1771 timed_waiting&#10;java.lang.Thread.State: TIMED_WAITING&#10;        at sun.misc.Unsafe.park(Native Method)&#10;        at java.util.concurrent.locks.LockSupport.parkNanos(LockSupport.java:215)&#10;        at java.util.concurrent.locks.AbstractQueuedSynchronizer$ConditionObject.awaitNanos(AbstractQueuedSynchronizer.java:2078)&#10;        at java.util.concurrent.LinkedBlockingQueue.poll(LinkedBlockingQueue.java:467)&#10;        at org.apache.hadoop.ipc.CallQueueManager.take(CallQueueManager.java:288)&#10;        at org.apache.hadoop.ipc.Server$Handler.run(Server.java:2668)&#10;&quot;grpc-default-executor-4&quot; daemon prio=5 tid=2287 timed_waiting&#10;java.lang.Thread.State: TIMED_WAITING&#10;        at sun.misc.Unsafe.park(Native Method)&#10;        at java.util.concurrent.locks.LockSupport.parkNanos(LockSupport.java:215)&#10;        at java.util.concurrent.SynchronousQueue$TransferStack.awaitFulfill(SynchronousQueue.java:460)&#10;        at java.util.concurrent.SynchronousQueue$TransferStack.transfer(SynchronousQueue.java:362)&#10;        at java.util.concurrent.SynchronousQueue.poll(SynchronousQueue.java:941)&#10;        at java.util.concurrent.ThreadPoolExecutor.getTask(ThreadPoolExecutor.java:1073)&#10;        at java.util.concurrent.ThreadPoolExecutor.runWorker(ThreadPoolExecutor.java:1134)&#10;        at java.util.concurrent.ThreadPoolExecutor$Worker.run(ThreadPoolExecutor.java:624)&#10;        at java.lang.Thread.run(Thread.java:748)&#10;&quot;refreshUsed-/workdir/hadoop-ozone/ozonefs/target/test-dir/MiniOzoneClusterImpl-0df98be9-49e2-4eb9-b6e4-71f20c3f18cb/datanode-2/data/containers&quot; daemon prio=5 tid=1844 timed_waiting&#10;java.lang.Thread.State: TIMED_WAITING&#10;        at java.lang.Thread.sleep(Native Method)&#10;        at org.apache.hadoop.fs.CachingGetSpaceUsed$RefreshThread.run(CachingGetSpaceUsed.java:179)&#10;        at java.lang.Thread.run(Thread.java:748)&#10;&quot;IPC Server handler 15 on 41111&quot; daemon prio=5 tid=1726 timed_waiting&#10;java.lang.Thread.State: TIMED_WAITING&#10;        at sun.misc.Unsafe.park(Native Method)&#10;        at java.util.concurrent.locks.LockSupport.parkNanos(LockSupport.java:215)&#10;        at java.util.concurrent.locks.AbstractQueuedSynchronizer$ConditionObject.awaitNanos(AbstractQueuedSynchronizer.java:2078)&#10;        at java.util.concurrent.LinkedBlockingQueue.poll(LinkedBlockingQueue.java:467)&#10;        at org.apache.hadoop.ipc.CallQueueManager.take(CallQueueManager.java:288)&#10;        at org.apache.hadoop.ipc.Server$Handler.run(Server.java:2668)&#10;&quot;pool-176-thread-51&quot;  prio=5 tid=1919 in Object.wait()&#10;java.lang.Thread.State: WAITING (on object monitor)&#10;        at sun.misc.Unsafe.park(Native Method)&#10;        at java.util.concurrent.locks.LockSupport.park(LockSupport.java:175)&#10;        at java.util.concurrent.locks.AbstractQueuedSynchronizer$ConditionObject.await(AbstractQueuedSynchronizer.java:2039)&#10;        at java.util.concurrent.ArrayBlockingQueue.take(ArrayBlockingQueue.java:403)&#10;        at java.util.concurrent.ThreadPoolExecutor.getTask(ThreadPoolExecutor.java:1074)&#10;        at java.util.concurrent.ThreadPoolExecutor.runWorker(ThreadPoolExecutor.java:1134)&#10;        at java.util.concurrent.ThreadPoolExecutor$Worker.run(ThreadPoolExecutor.java:624)&#10;        at java.lang.Thread.run(Thread.java:748)&#10;&quot;pool-176-thread-13&quot;  prio=5 tid=1881 in Object.wait()&#10;java.lang.Thread.State: WAITING (on object monitor)&#10;        at sun.misc.Unsafe.park(Native Method)&#10;        at java.util.concurrent.locks.LockSupport.park(LockSupport.java:175)&#10;        at java.util.concurrent.locks.AbstractQueuedSynchronizer$ConditionObject.await(AbstractQueuedSynchronizer.java:2039)&#10;        at java.util.concurrent.ArrayBlockingQueue.take(ArrayBlockingQueue.java:403)&#10;        at java.util.concurrent.ThreadPoolExecutor.getTask(ThreadPoolExecutor.java:1074)&#10;        at java.util.concurrent.ThreadPoolExecutor.runWorker(ThreadPoolExecutor.java:1134)&#10;        at java.util.concurrent.ThreadPoolExecutor$Worker.run(ThreadPoolExecutor.java:624)&#10;        at java.lang.Thread.run(Thread.java:748)&#10;&quot;org.eclipse.jetty.server.session.HashSessionManager@78835a70Timer&quot; daemon prio=5 tid=1741 timed_waiting&#10;java.lang.Thread.State: TIMED_WAITING&#10;        at sun.misc.Unsafe.park(Native Method)&#10;        at java.util.concurrent.locks.LockSupport.parkNanos(LockSupport.java:215)&#10;        at java.util.concurrent.locks.AbstractQueuedSynchronizer$ConditionObject.awaitNanos(AbstractQueuedSynchronizer.java:2078)&#10;        at java.util.concurrent.ScheduledThreadPoolExecutor$DelayedWorkQueue.take(ScheduledThreadPoolExecutor.java:1093)&#10;        at java.util.concurrent.ScheduledThreadPoolExecutor$DelayedWorkQueue.take(ScheduledThreadPoolExecutor.java:809)&#10;        at java.util.concurrent.ThreadPoolExecutor.getTask(ThreadPoolExecutor.java:1074)&#10;        at java.util.concurrent.ThreadPoolExecutor.runWorker(ThreadPoolExecutor.java:1134)&#10;        at java.util.concurrent.ThreadPoolExecutor$Worker.run(ThreadPoolExecutor.java:624)&#10;        at java.lang.Thread.run(Thread.java:748)&#10;&quot;Datanode ReportManager Thread - 2&quot; daemon prio=5 tid=711 timed_waiting&#10;java.lang.Thread.State: TIMED_WAITING&#10;        at sun.misc.Unsafe.park(Native Method)&#10;        at java.util.concurrent.locks.LockSupport.parkNanos(LockSupport.java:215)&#10;        at java.util.concurrent.locks.AbstractQueuedSynchronizer$ConditionObject.awaitNanos(AbstractQueuedSynchronizer.java:2078)&#10;        at java.util.concurrent.ScheduledThreadPoolExecutor$DelayedWorkQueue.take(ScheduledThreadPoolExecutor.java:1093)&#10;        at java.util.concurrent.ScheduledThreadPoolExecutor$DelayedWorkQueue.take(ScheduledThreadPoolExecutor.java:809)&#10;        at java.util.concurrent.ThreadPoolExecutor.getTask(ThreadPoolExecutor.java:1074)&#10;        at java.util.concurrent.ThreadPoolExecutor.runWorker(ThreadPoolExecutor.java:1134)&#10;        at java.util.concurrent.ThreadPoolExecutor$Worker.run(ThreadPoolExecutor.java:624)&#10;        at java.lang.Thread.run(Thread.java:748)&#10;&quot;c07977b7-c8ef-4f3c-80b1-66a07c6e3dcd@group-2095AA24612E-SegmentedRaftLogWorker&quot;  prio=5 tid=2085 timed_waiting&#10;java.lang.Thread.State: TIMED_WAITING&#10;        at sun.misc.Unsafe.park(Native Method)&#10;        at java.util.concurrent.locks.LockSupport.parkNanos(LockSupport.java:215)&#10;        at java.util.concurrent.locks.AbstractQueuedSynchronizer$ConditionObject.awaitNanos(AbstractQueuedSynchronizer.java:2078)&#10;        at org.apache.ratis.util.DataBlockingQueue.poll(DataBlockingQueue.java:137)&#10;        at org.apache.ratis.server.raftlog.segmented.SegmentedRaftLogWorker.run(SegmentedRaftLogWorker.java:282)&#10;        at java.lang.Thread.run(Thread.java:748)&#10;&quot;IPC Server handler 19 on 39395&quot; daemon prio=5 tid=1710 timed_waiting&#10;java.lang.Thread.State: TIMED_WAITING&#10;        at sun.misc.Unsafe.park(Native Method)&#10;        at java.util.concurrent.locks.LockSupport.parkNanos(LockSupport.java:215)&#10;        at java.util.concurrent.locks.AbstractQueuedSynchronizer$ConditionObject.awaitNanos(AbstractQueuedSynchronizer.java:2078)&#10;        at java.util.concurrent.LinkedBlockingQueue.poll(LinkedBlockingQueue.java:467)&#10;        at org.apache.hadoop.ipc.CallQueueManager.take(CallQueueManager.java:288)&#10;        at org.apache.hadoop.ipc.Server$Handler.run(Server.java:2668)&#10;&quot;metrics-hadoop-metrics2-reporter-89-thread-1&quot; daemon prio=5 tid=2088 timed_waiting&#10;java.lang.Thread.State: TIMED_WAITING&#10;        at sun.misc.Unsafe.park(Native Method)&#10;        at java.util.concurrent.locks.LockSupport.parkNanos(LockSupport.java:215)&#10;        at java.util.concurrent.locks.AbstractQueuedSynchronizer$ConditionObject.awaitNanos(AbstractQueuedSynchronizer.java:2078)&#10;        at java.util.concurrent.ScheduledThreadPoolExecutor$DelayedWorkQueue.take(ScheduledThreadPoolExecutor.java:1093)&#10;        at java.util.concurrent.ScheduledThreadPoolExecutor$DelayedWorkQueue.take(ScheduledThreadPoolExecutor.java:809)&#10;        at java.util.concurrent.ThreadPoolExecutor.getTask(ThreadPoolExecutor.java:1074)&#10;        at java.util.concurrent.ThreadPoolExecutor.runWorker(ThreadPoolExecutor.java:1134)&#10;        at java.util.concurrent.ThreadPoolExecutor$Worker.run(ThreadPoolExecutor.java:624)&#10;        at java.lang.Thread.run(Thread.java:748)&#10;&quot;Datanode ReportManager Thread - 2&quot; daemon prio=5 tid=765 in Object.wait()&#10;java.lang.Thread.State: WAITING (on object monitor)&#10;        at sun.misc.Unsafe.park(Native Method)&#10;        at java.util.concurrent.locks.LockSupport.park(LockSupport.java:175)&#10;        at java.util.concurrent.locks.AbstractQueuedSynchronizer$ConditionObject.await(AbstractQueuedSynchronizer.java:2039)&#10;        at java.util.concurrent.ScheduledThreadPoolExecutor$DelayedWorkQueue.take(ScheduledThreadPoolExecutor.java:1088)&#10;        at java.util.concurrent.ScheduledThreadPoolExecutor$DelayedWorkQueue.take(ScheduledThreadPoolExecutor.java:809)&#10;        at java.util.concurrent.ThreadPoolExecutor.getTask(ThreadPoolExecutor.java:1074)&#10;        at java.util.concurrent.ThreadPoolExecutor.runWorker(ThreadPoolExecutor.java:1134)&#10;        at java.util.concurrent.ThreadPoolExecutor$Worker.run(ThreadPoolExecutor.java:624)&#10;        at java.lang.Thread.run(Thread.java:748)&#10;&quot;Datanode ReportManager Thread - 1&quot; daemon prio=5 tid=1808 in Object.wait()&#10;java.lang.Thread.State: WAITING (on object monitor)&#10;        at sun.misc.Unsafe.park(Native Method)&#10;        at java.util.concurrent.locks.LockSupport.park(LockSupport.java:175)&#10;        at java.util.concurrent.locks.AbstractQueuedSynchronizer$ConditionObject.await(AbstractQueuedSynchronizer.java:2039)&#10;        at java.util.concurrent.ScheduledThreadPoolExecutor$DelayedWorkQueue.take(ScheduledThreadPoolExecutor.java:1088)&#10;        at java.util.concurrent.ScheduledThreadPoolExecutor$DelayedWorkQueue.take(ScheduledThreadPoolExecutor.java:809)&#10;        at java.util.concurrent.ThreadPoolExecutor.getTask(ThreadPoolExecutor.java:1074)&#10;        at java.util.concurrent.ThreadPoolExecutor.runWorker(ThreadPoolExecutor.java:1134)&#10;        at java.util.concurrent.ThreadPoolExecutor$Worker.run(ThreadPoolExecutor.java:624)&#10;        at java.lang.Thread.run(Thread.java:748)&#10;&quot;qtp915734066-1801&quot; daemon prio=5 tid=1801 timed_waiting&#10;java.lang.Thread.State: TIMED_WAITING&#10;        at sun.misc.Unsafe.park(Native Method)&#10;        at java.util.concurrent.locks.LockSupport.parkNanos(LockSupport.java:215)&#10;        at java.util.concurrent.locks.AbstractQueuedSynchronizer$ConditionObject.awaitNanos(AbstractQueuedSynchronizer.java:2078)&#10;        at org.eclipse.jetty.util.BlockingArrayQueue.poll(BlockingArrayQueue.java:392)&#10;        at org.eclipse.jetty.util.thread.QueuedThreadPool.idleJobPoll(QueuedThreadPool.java:563)&#10;        at org.eclipse.jetty.util.thread.QueuedThreadPool.access$800(QueuedThreadPool.java:48)&#10;        at org.eclipse.jetty.util.thread.QueuedThreadPool$2.run(QueuedThreadPool.java:626)&#10;        at java.lang.Thread.run(Thread.java:748)&#10;&quot;pool-176-thread-11&quot;  prio=5 tid=1879 in Object.wait()&#10;java.lang.Thread.State: WAITING (on object monitor)&#10;        at sun.misc.Unsafe.park(Native Method)&#10;        at java.util.concurrent.locks.LockSupport.park(LockSupport.java:175)&#10;        at java.util.concurrent.locks.AbstractQueuedSynchronizer$ConditionObject.await(AbstractQueuedSynchronizer.java:2039)&#10;        at java.util.concurrent.ArrayBlockingQueue.take(ArrayBlockingQueue.java:403)&#10;        at java.util.concurrent.ThreadPoolExecutor.getTask(ThreadPoolExecutor.java:1074)&#10;        at java.util.concurrent.ThreadPoolExecutor.runWorker(ThreadPoolExecutor.java:1134)&#10;        at java.util.concurrent.ThreadPoolExecutor$Worker.run(ThreadPoolExecutor.java:624)&#10;        at java.lang.Thread.run(Thread.java:748)&#10;&quot;metrics-hadoop-metrics2-reporter-86-thread-1&quot; daemon prio=5 tid=2083 timed_waiting&#10;java.lang.Thread.State: TIMED_WAITING&#10;        at sun.misc.Unsafe.park(Native Method)&#10;        at java.util.concurrent.locks.LockSupport.parkNanos(LockSupport.java:215)&#10;        at java.util.concurrent.locks.AbstractQueuedSynchronizer$ConditionObject.awaitNanos(AbstractQueuedSynchronizer.java:2078)&#10;        at java.util.concurrent.ScheduledThreadPoolExecutor$DelayedWorkQueue.take(ScheduledThreadPoolExecutor.java:1093)&#10;        at java.util.concurrent.ScheduledThreadPoolExecutor$DelayedWorkQueue.take(ScheduledThreadPoolExecutor.java:809)&#10;        at java.util.concurrent.ThreadPoolExecutor.getTask(ThreadPoolExecutor.java:1074)&#10;        at java.util.concurrent.ThreadPoolExecutor.runWorker(ThreadPoolExecutor.java:1134)&#10;        at java.util.concurrent.ThreadPoolExecutor$Worker.run(ThreadPoolExecutor.java:624)&#10;        at java.lang.Thread.run(Thread.java:748)&#10;&quot;pool-186-thread-27&quot;  prio=5 tid=1958 in Object.wait()&#10;java.lang.Thread.State: WAITING (on object monitor)&#10;        at sun.misc.Unsafe.park(Native Method)&#10;        at java.util.concurrent.locks.LockSupport.park(LockSupport.java:175)&#10;        at java.util.concurrent.locks.AbstractQueuedSynchronizer$ConditionObject.await(AbstractQueuedSynchronizer.java:2039)&#10;        at java.util.concurrent.ArrayBlockingQueue.take(ArrayBlockingQueue.java:403)&#10;        at java.util.concurrent.ThreadPoolExecutor.getTask(ThreadPoolExecutor.java:1074)&#10;        at java.util.concurrent.ThreadPoolExecutor.runWorker(ThreadPoolExecutor.java:1134)&#10;        at java.util.concurrent.ThreadPoolExecutor$Worker.run(ThreadPoolExecutor.java:624)&#10;        at java.lang.Thread.run(Thread.java:748)&#10;&quot;PartialTableCache Cleanup Thread - 0&quot; daemon prio=5 tid=1643 in Object.wait()&#10;java.lang.Thread.State: WAITING (on object monitor)&#10;        at sun.misc.Unsafe.park(Native Method)&#10;        at java.util.concurrent.locks.LockSupport.park(LockSupport.java:175)&#10;        at java.util.concurrent.locks.AbstractQueuedSynchronizer$ConditionObject.await(AbstractQueuedSynchronizer.java:2039)&#10;        at java.util.concurrent.LinkedBlockingQueue.take(LinkedBlockingQueue.java:442)&#10;        at java.util.concurrent.ThreadPoolExecutor.getTask(ThreadPoolExecutor.java:1074)&#10;        at java.util.concurrent.ThreadPoolExecutor.runWorker(ThreadPoolExecutor.java:1134)&#10;        at java.util.concurrent.ThreadPoolExecutor$Worker.run(ThreadPoolExecutor.java:624)&#10;        at java.lang.Thread.run(Thread.java:748)&#10;&quot;Finalizer&quot; daemon prio=8 tid=3 blocked&#10;java.lang.Thread.State: BLOCKED&#10;        at java.lang.Object.wait(Native Method)&#10;        at java.lang.ref.ReferenceQueue.remove(ReferenceQueue.java:144)&#10;        at java.lang.ref.ReferenceQueue.remove(ReferenceQueue.java:165)&#10;        at java.lang.ref.Finalizer$FinalizerThread.run(Finalizer.java:216)&#10;&quot;pool-186-thread-42&quot;  prio=5 tid=1973 in Object.wait()&#10;java.lang.Thread.State: WAITING (on object monitor)&#10;        at sun.misc.Unsafe.park(Native Method)&#10;        at java.util.concurrent.locks.LockSupport.park(LockSupport.java:175)&#10;        at java.util.concurrent.locks.AbstractQueuedSynchronizer$ConditionObject.await(AbstractQueuedSynchronizer.java:2039)&#10;        at java.util.concurrent.ArrayBlockingQueue.take(ArrayBlockingQueue.java:403)&#10;        at java.util.concurrent.ThreadPoolExecutor.getTask(ThreadPoolExecutor.java:1074)&#10;        at java.util.concurrent.ThreadPoolExecutor.runWorker(ThreadPoolExecutor.java:1134)&#10;        at java.util.concurrent.ThreadPoolExecutor$Worker.run(ThreadPoolExecutor.java:624)&#10;        at java.lang.Thread.run(Thread.java:748)&#10;&quot;pool-176-thread-54&quot;  prio=5 tid=1922 in Object.wait()&#10;java.lang.Thread.State: WAITING (on object monitor)&#10;        at sun.misc.Unsafe.park(Native Method)&#10;        at java.util.concurrent.locks.LockSupport.park(LockSupport.java:175)&#10;        at java.util.concurrent.locks.AbstractQueuedSynchronizer$ConditionObject.await(AbstractQueuedSynchronizer.java:2039)&#10;        at java.util.concurrent.ArrayBlockingQueue.take(ArrayBlockingQueue.java:403)&#10;        at java.util.concurrent.ThreadPoolExecutor.getTask(ThreadPoolExecutor.java:1074)&#10;        at java.util.concurrent.ThreadPoolExecutor.runWorker(ThreadPoolExecutor.java:1134)&#10;        at java.util.concurrent.ThreadPoolExecutor$Worker.run(ThreadPoolExecutor.java:624)&#10;        at java.lang.Thread.run(Thread.java:748)&#10;&quot;Timer-1&quot; daemon prio=5 tid=150 timed_waiting&#10;java.lang.Thread.State: TIMED_WAITING&#10;        at java.lang.Object.wait(Native Method)&#10;        at java.util.TimerThread.mainLoop(Timer.java:552)&#10;        at java.util.TimerThread.run(Timer.java:505)&#10;&quot;Datanode ReportManager Thread - 3&quot; daemon prio=5 tid=1267 timed_waiting&#10;java.lang.Thread.State: TIMED_WAITING&#10;        at sun.misc.Unsafe.park(Native Method)&#10;        at java.util.concurrent.locks.LockSupport.parkNanos(LockSupport.java:215)&#10;        at java.util.concurrent.locks.AbstractQueuedSynchronizer$ConditionObject.awaitNanos(AbstractQueuedSynchronizer.java:2078)&#10;        at java.util.concurrent.ScheduledThreadPoolExecutor$DelayedWorkQueue.take(ScheduledThreadPoolExecutor.java:1093)&#10;        at java.util.concurrent.ScheduledThreadPoolExecutor$DelayedWorkQueue.take(ScheduledThreadPoolExecutor.java:809)&#10;        at java.util.concurrent.ThreadPoolExecutor.getTask(ThreadPoolExecutor.java:1074)&#10;        at java.util.concurrent.ThreadPoolExecutor.runWorker(ThreadPoolExecutor.java:1134)&#10;        at java.util.concurrent.ThreadPoolExecutor$Worker.run(ThreadPoolExecutor.java:624)&#10;        at java.lang.Thread.run(Thread.java:748)&#10;&quot;pool-196-thread-29&quot;  prio=5 tid=2022 in Object.wait()&#10;java.lang.Thread.State: WAITING (on object monitor)&#10;        at sun.misc.Unsafe.park(Native Method)&#10;        at java.util.concurrent.locks.LockSupport.park(LockSupport.java:175)&#10;        at java.util.concurrent.locks.AbstractQueuedSynchronizer$ConditionObject.await(AbstractQueuedSynchronizer.java:2039)&#10;        at java.util.concurrent.ArrayBlockingQueue.take(ArrayBlockingQueue.java:403)&#10;        at java.util.concurrent.ThreadPoolExecutor.getTask(ThreadPoolExecutor.java:1074)&#10;        at java.util.concurrent.ThreadPoolExecutor.runWorker(ThreadPoolExecutor.java:1134)&#10;        at java.util.concurrent.ThreadPoolExecutor$Worker.run(ThreadPoolExecutor.java:624)&#10;        at java.lang.Thread.run(Thread.java:748)&#10;&quot;pool-176-thread-12&quot;  prio=5 tid=1880 in Object.wait()&#10;java.lang.Thread.State: WAITING (on object monitor)&#10;        at sun.misc.Unsafe.park(Native Method)&#10;        at java.util.concurrent.locks.LockSupport.park(LockSupport.java:175)&#10;        at java.util.concurrent.locks.AbstractQueuedSynchronizer$ConditionObject.await(AbstractQueuedSynchronizer.java:2039)&#10;        at java.util.concurrent.ArrayBlockingQueue.take(ArrayBlockingQueue.java:403)&#10;        at java.util.concurrent.ThreadPoolExecutor.getTask(ThreadPoolExecutor.java:1074)&#10;        at java.util.concurrent.ThreadPoolExecutor.runWorker(ThreadPoolExecutor.java:1134)&#10;        at java.util.concurrent.ThreadPoolExecutor$Worker.run(ThreadPoolExecutor.java:624)&#10;        at java.lang.Thread.run(Thread.java:748)&#10;&quot;pool-196-thread-2&quot;  prio=5 tid=1995 in Object.wait()&#10;java.lang.Thread.State: WAITING (on object monitor)&#10;        at sun.misc.Unsafe.park(Native Method)&#10;        at java.util.concurrent.locks.LockSupport.park(LockSupport.java:175)&#10;        at java.util.concurrent.locks.AbstractQueuedSynchronizer$ConditionObject.await(AbstractQueuedSynchronizer.java:2039)&#10;        at java.util.concurrent.ArrayBlockingQueue.take(ArrayBlockingQueue.java:403)&#10;        at java.util.concurrent.ThreadPoolExecutor.getTask(ThreadPoolExecutor.java:1074)&#10;        at java.util.concurrent.ThreadPoolExecutor.runWorker(ThreadPoolExecutor.java:1134)&#10;        at java.util.concurrent.ThreadPoolExecutor$Worker.run(ThreadPoolExecutor.java:624)&#10;        at java.lang.Thread.run(Thread.java:748)&#10;&quot;metrics-hadoop-metrics2-reporter-50-thread-1&quot; daemon prio=5 tid=1041 timed_waiting&#10;java.lang.Thread.State: TIMED_WAITING&#10;        at sun.misc.Unsafe.park(Native Method)&#10;        at java.util.concurrent.locks.LockSupport.parkNanos(LockSupport.java:215)&#10;        at java.util.concurrent.locks.AbstractQueuedSynchronizer$ConditionObject.awaitNanos(AbstractQueuedSynchronizer.java:2078)&#10;        at java.util.concurrent.ScheduledThreadPoolExecutor$DelayedWorkQueue.take(ScheduledThreadPoolExecutor.java:1093)&#10;        at java.util.concurrent.ScheduledThreadPoolExecutor$DelayedWorkQueue.take(ScheduledThreadPoolExecutor.java:809)&#10;        at java.util.concurrent.ThreadPoolExecutor.getTask(ThreadPoolExecutor.java:1074)&#10;        at java.util.concurrent.ThreadPoolExecutor.runWorker(ThreadPoolExecutor.java:1134)&#10;        at java.util.concurrent.ThreadPoolExecutor$Worker.run(ThreadPoolExecutor.java:624)&#10;        at java.lang.Thread.run(Thread.java:748)&#10;&quot;IPC Server handler 13 on 46187&quot; daemon prio=5 tid=1768 timed_waiting&#10;java.lang.Thread.State: TIMED_WAITING&#10;        at sun.misc.Unsafe.park(Native Method)&#10;        at java.util.concurrent.locks.LockSupport.parkNanos(LockSupport.java:215)&#10;        at java.util.concurrent.locks.AbstractQueuedSynchronizer$ConditionObject.awaitNanos(AbstractQueuedSynchronizer.java:2078)&#10;        at java.util.concurrent.LinkedBlockingQueue.poll(LinkedBlockingQueue.java:467)&#10;        at org.apache.hadoop.ipc.CallQueueManager.take(CallQueueManager.java:288)&#10;        at org.apache.hadoop.ipc.Server$Handler.run(Server.java:2668)&#10;&quot;grpc-default-executor-5&quot; daemon prio=5 tid=2288 timed_waiting&#10;java.lang.Thread.State: TIMED_WAITING&#10;        at sun.misc.Unsafe.park(Native Method)&#10;        at java.util.concurrent.locks.LockSupport.parkNanos(LockSupport.java:215)&#10;        at java.util.concurrent.SynchronousQueue$TransferStack.awaitFulfill(SynchronousQueue.java:460)&#10;        at java.util.concurrent.SynchronousQueue$TransferStack.transfer(SynchronousQueue.java:362)&#10;        at java.util.concurrent.SynchronousQueue.poll(SynchronousQueue.java:941)&#10;        at java.util.concurrent.ThreadPoolExecutor.getTask(ThreadPoolExecutor.java:1073)&#10;        at java.util.concurrent.ThreadPoolExecutor.runWorker(ThreadPoolExecutor.java:1134)&#10;        at java.util.concurrent.ThreadPoolExecutor$Worker.run(ThreadPoolExecutor.java:624)&#10;        at java.lang.Thread.run(Thread.java:748)&#10;&quot;metrics-hadoop-metrics2-reporter-10-thread-1&quot; daemon prio=5 tid=458 timed_waiting&#10;java.lang.Thread.State: TIMED_WAITING&#10;        at sun.misc.Unsafe.park(Native Method)&#10;        at java.util.concurrent.locks.LockSupport.parkNanos(LockSupport.java:215)&#10;        at java.util.concurrent.locks.AbstractQueuedSynchronizer$ConditionObject.awaitNanos(AbstractQueuedSynchronizer.java:2078)&#10;        at java.util.concurrent.ScheduledThreadPoolExecutor$DelayedWorkQueue.take(ScheduledThreadPoolExecutor.java:1093)&#10;        at java.util.concurrent.ScheduledThreadPoolExecutor$DelayedWorkQueue.take(ScheduledThreadPoolExecutor.java:809)&#10;        at java.util.concurrent.ThreadPoolExecutor.getTask(ThreadPoolExecutor.java:1074)&#10;        at java.util.concurrent.ThreadPoolExecutor.runWorker(ThreadPoolExecutor.java:1134)&#10;        at java.util.concurrent.ThreadPoolExecutor$Worker.run(ThreadPoolExecutor.java:624)&#10;        at java.lang.Thread.run(Thread.java:748)&#10;&quot;IPC Server handler 7 on 46187&quot; daemon prio=5 tid=1762 timed_waiting&#10;java.lang.Thread.State: TIMED_WAITING&#10;        at sun.misc.Unsafe.park(Native Method)&#10;        at java.util.concurrent.locks.LockSupport.parkNanos(LockSupport.java:215)&#10;        at java.util.concurrent.locks.AbstractQueuedSynchronizer$ConditionObject.awaitNanos(AbstractQueuedSynchronizer.java:2078)&#10;        at java.util.concurrent.LinkedBlockingQueue.poll(LinkedBlockingQueue.java:467)&#10;        at org.apache.hadoop.ipc.CallQueueManager.take(CallQueueManager.java:288)&#10;        at org.apache.hadoop.ipc.Server$Handler.run(Server.java:2668)&#10;&quot;Thread-754&quot;  prio=5 tid=1654 runnable&#10;java.lang.Thread.State: RUNNABLE&#10;        at java.lang.Thread.dumpThreads(Native Method)&#10;        at java.lang.Thread.getAllStackTraces(Thread.java:1610)&#10;        at org.apache.hadoop.test.TimedOutTestsListener.buildThreadDump(TimedOutTestsListener.java:87)&#10;        at org.apache.hadoop.test.TimedOutTestsListener.buildThreadDiagnosticString(TimedOutTestsListener.java:73)&#10;        at org.apache.hadoop.test.GenericTestUtils.waitFor(GenericTestUtils.java:389)&#10;        at org.apache.hadoop.ozone.MiniOzoneClusterImpl.waitForClusterToBeReady(MiniOzoneClusterImpl.java:149)&#10;        at org.apache.hadoop.fs.ozone.TestOzoneFileSystem.init(TestOzoneFileSystem.java:74)&#10;        at sun.reflect.NativeMethodAccessorImpl.invoke0(Native Method)&#10;        at sun.reflect.NativeMethodAccessorImpl.invoke(NativeMethodAccessorImpl.java:62)&#10;        at sun.reflect.DelegatingMethodAccessorImpl.invoke(DelegatingMethodAccessorImpl.java:43)&#10;        at java.lang.reflect.Method.invoke(Method.java:498)&#10;        at org.junit.runners.model.FrameworkMethod$1.runReflectiveCall(FrameworkMethod.java:47)&#10;        at org.junit.internal.runners.model.ReflectiveCallable.run(ReflectiveCallable.java:12)&#10;        at org.junit.runners.model.FrameworkMethod.invokeExplosively(FrameworkMethod.java:44)&#10;        at org.junit.internal.runners.statements.RunBefores.evaluate(RunBefores.java:24)&#10;        at org.junit.internal.runners.statements.RunAfters.evaluate(RunAfters.java:27)&#10;        at org.junit.internal.runners.statements.FailOnTimeout$StatementThread.run(FailOnTimeout.java:74)&#10;&quot;7f29c796-0732-402f-b865-67033766dcba@group-BF47CC5A3576-StateMachineUpdater&quot; daemon prio=5 tid=2096 in Object.wait()&#10;java.lang.Thread.State: WAITING (on object monitor)&#10;        at java.lang.Object.wait(Native Method)&#10;        at java.lang.Object.wait(Object.java:502)&#10;        at org.apache.ratis.server.impl.StateMachineUpdater.waitForCommit(StateMachineUpdater.java:194)&#10;        at org.apache.ratis.server.impl.StateMachineUpdater.run(StateMachineUpdater.java:159)&#10;        at java.lang.Thread.run(Thread.java:748)&#10;&quot;pool-196-thread-9&quot;  prio=5 tid=2002 in Object.wait()&#10;java.lang.Thread.State: WAITING (on object monitor)&#10;        at sun.misc.Unsafe.park(Native Method)&#10;        at java.util.concurrent.locks.LockSupport.park(LockSupport.java:175)&#10;        at java.util.concurrent.locks.AbstractQueuedSynchronizer$ConditionObject.await(AbstractQueuedSynchronizer.java:2039)&#10;        at java.util.concurrent.ArrayBlockingQueue.take(ArrayBlockingQueue.java:403)&#10;        at java.util.concurrent.ThreadPoolExecutor.getTask(ThreadPoolExecutor.java:1074)&#10;        at java.util.concurrent.ThreadPoolExecutor.runWorker(ThreadPoolExecutor.java:1134)&#10;        at java.util.concurrent.ThreadPoolExecutor$Worker.run(ThreadPoolExecutor.java:624)&#10;        at java.lang.Thread.run(Thread.java:748)&#10;&quot;Datanode ReportManager Thread - 1&quot; daemon prio=5 tid=764 in Object.wait()&#10;java.lang.Thread.State: WAITING (on object monitor)&#10;        at sun.misc.Unsafe.park(Native Method)&#10;        at java.util.concurrent.locks.LockSupport.park(LockSupport.java:175)&#10;        at java.util.concurrent.locks.AbstractQueuedSynchronizer$ConditionObject.await(AbstractQueuedSynchronizer.java:2039)&#10;        at java.util.concurrent.ScheduledThreadPoolExecutor$DelayedWorkQueue.take(ScheduledThreadPoolExecutor.java:1088)&#10;        at java.util.concurrent.ScheduledThreadPoolExecutor$DelayedWorkQueue.take(ScheduledThreadPoolExecutor.java:809)&#10;        at java.util.concurrent.ThreadPoolExecutor.getTask(ThreadPoolExecutor.java:1074)&#10;        at java.util.concurrent.ThreadPoolExecutor.runWorker(ThreadPoolExecutor.java:1134)&#10;        at java.util.concurrent.ThreadPoolExecutor$Worker.run(ThreadPoolExecutor.java:624)&#10;        at java.lang.Thread.run(Thread.java:748)&#10;&quot;java.util.concurrent.ThreadPoolExecutor$Worker@e11d176[State = -1, empty queue]&quot; daemon prio=5 tid=2142 timed_waiting&#10;java.lang.Thread.State: TIMED_WAITING&#10;        at sun.misc.Unsafe.park(Native Method)&#10;        at java.util.concurrent.locks.LockSupport.parkNanos(LockSupport.java:215)&#10;        at java.util.concurrent.locks.AbstractQueuedSynchronizer$ConditionObject.awaitNanos(AbstractQueuedSynchronizer.java:2078)&#10;        at java.util.concurrent.ScheduledThreadPoolExecutor$DelayedWorkQueue.take(ScheduledThreadPoolExecutor.java:1093)&#10;        at java.util.concurrent.ScheduledThreadPoolExecutor$DelayedWorkQueue.take(ScheduledThreadPoolExecutor.java:809)&#10;        at java.util.concurrent.ThreadPoolExecutor.getTask(ThreadPoolExecutor.java:1074)&#10;        at java.util.concurrent.ThreadPoolExecutor.runWorker(ThreadPoolExecutor.java:1134)&#10;        at java.util.concurrent.ThreadPoolExecutor$Worker.run(ThreadPoolExecutor.java:624)&#10;        at java.lang.Thread.run(Thread.java:748)&#10;&quot;qtp1145772033-1738&quot; daemon prio=5 tid=1738 timed_waiting&#10;java.lang.Thread.State: TIMED_WAITING&#10;        at sun.misc.Unsafe.park(Native Method)&#10;        at java.util.concurrent.locks.LockSupport.parkNanos(LockSupport.java:215)&#10;        at java.util.concurrent.locks.AbstractQueuedSynchronizer$ConditionObject.awaitNanos(AbstractQueuedSynchronizer.java:2078)&#10;        at org.eclipse.jetty.util.BlockingArrayQueue.poll(BlockingArrayQueue.java:392)&#10;        at org.eclipse.jetty.util.thread.QueuedThreadPool.idleJobPoll(QueuedThreadPool.java:563)&#10;        at org.eclipse.jetty.util.thread.QueuedThreadPool.access$800(QueuedThreadPool.java:48)&#10;        at org.eclipse.jetty.util.thread.QueuedThreadPool$2.run(QueuedThreadPool.java:626)&#10;        at java.lang.Thread.run(Thread.java:748)&#10;&quot;qtp1145772033-1731&quot; daemon prio=5 tid=1731 runnable&#10;java.lang.Thread.State: RUNNABLE&#10;        at sun.nio.ch.EPollArrayWrapper.epollWait(Native Method)&#10;        at sun.nio.ch.EPollArrayWrapper.poll(EPollArrayWrapper.java:269)&#10;        at sun.nio.ch.EPollSelectorImpl.doSelect(EPollSelectorImpl.java:93)&#10;        at sun.nio.ch.SelectorImpl.lockAndDoSelect(SelectorImpl.java:86)&#10;        at sun.nio.ch.SelectorImpl.select(SelectorImpl.java:97)&#10;        at sun.nio.ch.SelectorImpl.select(SelectorImpl.java:101)&#10;        at org.eclipse.jetty.io.ManagedSelector$SelectorProducer.select(ManagedSelector.java:243)&#10;        at org.eclipse.jetty.io.ManagedSelector$SelectorProducer.produce(ManagedSelector.java:191)&#10;        at org.eclipse.jetty.util.thread.strategy.ExecuteProduceConsume.executeProduceConsume(ExecuteProduceConsume.java:249)&#10;        at org.eclipse.jetty.util.thread.strategy.ExecuteProduceConsume.produceConsume(ExecuteProduceConsume.java:148)&#10;        at org.eclipse.jetty.util.thread.strategy.ExecuteProduceConsume.execute(ExecuteProduceConsume.java:100)&#10;        at org.eclipse.jetty.io.ManagedSelector.run(ManagedSelector.java:147)&#10;        at org.eclipse.jetty.util.thread.QueuedThreadPool.runJob(QueuedThreadPool.java:671)&#10;        at org.eclipse.jetty.util.thread.QueuedThreadPool$2.run(QueuedThreadPool.java:589)&#10;        at java.lang.Thread.run(Thread.java:748)&#10;&quot;c07977b7-c8ef-4f3c-80b1-66a07c6e3dcd@group-C2BDBBDF155D-StateMachineUpdater&quot; daemon prio=5 tid=2257 in Object.wait()&#10;java.lang.Thread.State: WAITING (on object monitor)&#10;        at java.lang.Object.wait(Native Method)&#10;        at java.lang.Object.wait(Object.java:502)&#10;        at org.apache.ratis.server.impl.StateMachineUpdater.waitForCommit(StateMachineUpdater.java:194)&#10;        at org.apache.ratis.server.impl.StateMachineUpdater.run(StateMachineUpdater.java:159)&#10;        at java.lang.Thread.run(Thread.java:748)&#10;&quot;PartialTableCache Cleanup Thread - 0&quot; daemon prio=5 tid=1074 in Object.wait()&#10;java.lang.Thread.State: WAITING (on object monitor)&#10;        at sun.misc.Unsafe.park(Native Method)&#10;        at java.util.concurrent.locks.LockSupport.park(LockSupport.java:175)&#10;        at java.util.concurrent.locks.AbstractQueuedSynchronizer$ConditionObject.await(AbstractQueuedSynchronizer.java:2039)&#10;        at java.util.concurrent.LinkedBlockingQueue.take(LinkedBlockingQueue.java:442)&#10;        at java.util.concurrent.ThreadPoolExecutor.getTask(ThreadPoolExecutor.java:1074)&#10;        at java.util.concurrent.ThreadPoolExecutor.runWorker(ThreadPoolExecutor.java:1134)&#10;        at java.util.concurrent.ThreadPoolExecutor$Worker.run(ThreadPoolExecutor.java:624)&#10;        at java.lang.Thread.run(Thread.java:748)&#10;&quot;pool-176-thread-17&quot;  prio=5 tid=1885 in Object.wait()&#10;java.lang.Thread.State: WAITING (on object monitor)&#10;        at sun.misc.Unsafe.park(Native Method)&#10;        at java.util.concurrent.locks.LockSupport.park(LockSupport.java:175)&#10;        at java.util.concurrent.locks.AbstractQueuedSynchronizer$ConditionObject.await(AbstractQueuedSynchronizer.java:2039)&#10;        at java.util.concurrent.ArrayBlockingQueue.take(ArrayBlockingQueue.java:403)&#10;        at java.util.concurrent.ThreadPoolExecutor.getTask(ThreadPoolExecutor.java:1074)&#10;        at java.util.concurrent.ThreadPoolExecutor.runWorker(ThreadPoolExecutor.java:1134)&#10;        at java.util.concurrent.ThreadPoolExecutor$Worker.run(ThreadPoolExecutor.java:624)&#10;        at java.lang.Thread.run(Thread.java:748)&#10;&quot;PartialTableCache Cleanup Thread - 0&quot; daemon prio=5 tid=546 in Object.wait()&#10;java.lang.Thread.State: WAITING (on object monitor)&#10;        at sun.misc.Unsafe.park(Native Method)&#10;        at java.util.concurrent.locks.LockSupport.park(LockSupport.java:175)&#10;        at java.util.concurrent.locks.AbstractQueuedSynchronizer$ConditionObject.await(AbstractQueuedSynchronizer.java:2039)&#10;        at java.util.concurrent.LinkedBlockingQueue.take(LinkedBlockingQueue.java:442)&#10;        at java.util.concurrent.ThreadPoolExecutor.getTask(ThreadPoolExecutor.java:1074)&#10;        at java.util.concurrent.ThreadPoolExecutor.runWorker(ThreadPoolExecutor.java:1134)&#10;        at java.util.concurrent.ThreadPoolExecutor$Worker.run(ThreadPoolExecutor.java:624)&#10;        at java.lang.Thread.run(Thread.java:748)&#10;&quot;Datanode ReportManager Thread - 0&quot; daemon prio=5 tid=709 in Object.wait()&#10;java.lang.Thread.State: WAITING (on object monitor)&#10;        at sun.misc.Unsafe.park(Native Method)&#10;        at java.util.concurrent.locks.LockSupport.park(LockSupport.java:175)&#10;        at java.util.concurrent.locks.AbstractQueuedSynchronizer$ConditionObject.await(AbstractQueuedSynchronizer.java:2039)&#10;        at java.util.concurrent.ScheduledThreadPoolExecutor$DelayedWorkQueue.take(ScheduledThreadPoolExecutor.java:1088)&#10;        at java.util.concurrent.ScheduledThreadPoolExecutor$DelayedWorkQueue.take(ScheduledThreadPoolExecutor.java:809)&#10;        at java.util.concurrent.ThreadPoolExecutor.getTask(ThreadPoolExecutor.java:1074)&#10;        at java.util.concurrent.ThreadPoolExecutor.runWorker(ThreadPoolExecutor.java:1134)&#10;        at java.util.concurrent.ThreadPoolExecutor$Worker.run(ThreadPoolExecutor.java:624)&#10;        at java.lang.Thread.run(Thread.java:748)&#10;&quot;Datanode ReportManager Thread - 1&quot; daemon prio=5 tid=1835 in Object.wait()&#10;java.lang.Thread.State: WAITING (on object monitor)&#10;        at sun.misc.Unsafe.park(Native Method)&#10;        at java.util.concurrent.locks.LockSupport.park(LockSupport.java:175)&#10;        at java.util.concurrent.locks.AbstractQueuedSynchronizer$ConditionObject.await(AbstractQueuedSynchronizer.java:2039)&#10;        at java.util.concurrent.ScheduledThreadPoolExecutor$DelayedWorkQueue.take(ScheduledThreadPoolExecutor.java:1088)&#10;        at java.util.concurrent.ScheduledThreadPoolExecutor$DelayedWorkQueue.take(ScheduledThreadPoolExecutor.java:809)&#10;        at java.util.concurrent.ThreadPoolExecutor.getTask(ThreadPoolExecutor.java:1074)&#10;        at java.util.concurrent.ThreadPoolExecutor.runWorker(ThreadPoolExecutor.java:1134)&#10;        at java.util.concurrent.ThreadPoolExecutor$Worker.run(ThreadPoolExecutor.java:624)&#10;        at java.lang.Thread.run(Thread.java:748)&#10;&quot;Datanode ReportManager Thread - 2&quot; daemon prio=5 tid=1239 in Object.wait()&#10;java.lang.Thread.State: WAITING (on object monitor)&#10;        at sun.misc.Unsafe.park(Native Method)&#10;        at java.util.concurrent.locks.LockSupport.park(LockSupport.java:175)&#10;        at java.util.concurrent.locks.AbstractQueuedSynchronizer$ConditionObject.await(AbstractQueuedSynchronizer.java:2039)&#10;        at java.util.concurrent.ScheduledThreadPoolExecutor$DelayedWorkQueue.take(ScheduledThreadPoolExecutor.java:1088)&#10;        at java.util.concurrent.ScheduledThreadPoolExecutor$DelayedWorkQueue.take(ScheduledThreadPoolExecutor.java:809)&#10;        at java.util.concurrent.ThreadPoolExecutor.getTask(ThreadPoolExecutor.java:1074)&#10;        at java.util.concurrent.ThreadPoolExecutor.runWorker(ThreadPoolExecutor.java:1134)&#10;        at java.util.concurrent.ThreadPoolExecutor$Worker.run(ThreadPoolExecutor.java:624)&#10;        at java.lang.Thread.run(Thread.java:748)&#10;&quot;pool-196-thread-3&quot;  prio=5 tid=1996 in Object.wait()&#10;java.lang.Thread.State: WAITING (on object monitor)&#10;        at sun.misc.Unsafe.park(Native Method)&#10;        at java.util.concurrent.locks.LockSupport.park(LockSupport.java:175)&#10;        at java.util.concurrent.locks.AbstractQueuedSynchronizer$ConditionObject.await(AbstractQueuedSynchronizer.java:2039)&#10;        at java.util.concurrent.ArrayBlockingQueue.take(ArrayBlockingQueue.java:403)&#10;        at java.util.concurrent.ThreadPoolExecutor.getTask(ThreadPoolExecutor.java:1074)&#10;        at java.util.concurrent.ThreadPoolExecutor.runWorker(ThreadPoolExecutor.java:1134)&#10;        at java.util.concurrent.ThreadPoolExecutor$Worker.run(ThreadPoolExecutor.java:624)&#10;        at java.lang.Thread.run(Thread.java:748)&#10;&quot;IPC Server handler 8 on 41111&quot; daemon prio=5 tid=1719 timed_waiting&#10;java.lang.Thread.State: TIMED_WAITING&#10;        at sun.misc.Unsafe.park(Native Method)&#10;        at java.util.concurrent.locks.LockSupport.parkNanos(LockSupport.java:215)&#10;        at java.util.concurrent.locks.AbstractQueuedSynchronizer$ConditionObject.awaitNanos(AbstractQueuedSynchronizer.java:2078)&#10;        at java.util.concurrent.LinkedBlockingQueue.poll(LinkedBlockingQueue.java:467)&#10;        at org.apache.hadoop.ipc.CallQueueManager.take(CallQueueManager.java:288)&#10;        at org.apache.hadoop.ipc.Server$Handler.run(Server.java:2668)&#10;&quot;pool-186-thread-10&quot;  prio=5 tid=1941 in Object.wait()&#10;java.lang.Thread.State: WAITING (on object monitor)&#10;        at sun.misc.Unsafe.park(Native Method)&#10;        at java.util.concurrent.locks.LockSupport.park(LockSupport.java:175)&#10;        at java.util.concurrent.locks.AbstractQueuedSynchronizer$ConditionObject.await(AbstractQueuedSynchronizer.java:2039)&#10;        at java.util.concurrent.ArrayBlockingQueue.take(ArrayBlockingQueue.java:403)&#10;        at java.util.concurrent.ThreadPoolExecutor.getTask(ThreadPoolExecutor.java:1074)&#10;        at java.util.concurrent.ThreadPoolExecutor.runWorker(ThreadPoolExecutor.java:1134)&#10;        at java.util.concurrent.ThreadPoolExecutor$Worker.run(ThreadPoolExecutor.java:624)&#10;        at java.lang.Thread.run(Thread.java:748)&#10;&quot;IPC Server handler 8 on 39395&quot; daemon prio=5 tid=1699 timed_waiting&#10;java.lang.Thread.State: TIMED_WAITING&#10;        at sun.misc.Unsafe.park(Native Method)&#10;        at java.util.concurrent.locks.LockSupport.parkNanos(LockSupport.java:215)&#10;        at java.util.concurrent.locks.AbstractQueuedSynchronizer$ConditionObject.awaitNanos(AbstractQueuedSynchronizer.java:2078)&#10;        at java.util.concurrent.LinkedBlockingQueue.poll(LinkedBlockingQueue.java:467)&#10;        at org.apache.hadoop.ipc.CallQueueManager.take(CallQueueManager.java:288)&#10;        at org.apache.hadoop.ipc.Server$Handler.run(Server.java:2668)&#10;&quot;pool-186-thread-52&quot;  prio=5 tid=1983 in Object.wait()&#10;java.lang.Thread.State: WAITING (on object monitor)&#10;        at sun.misc.Unsafe.park(Native Method)&#10;        at java.util.concurrent.locks.LockSupport.park(LockSupport.java:175)&#10;        at java.util.concurrent.locks.AbstractQueuedSynchronizer$ConditionObject.await(AbstractQueuedSynchronizer.java:2039)&#10;        at java.util.concurrent.ArrayBlockingQueue.take(ArrayBlockingQueue.java:403)&#10;        at java.util.concurrent.ThreadPoolExecutor.getTask(ThreadPoolExecutor.java:1074)&#10;        at java.util.concurrent.ThreadPoolExecutor.runWorker(ThreadPoolExecutor.java:1134)&#10;        at java.util.concurrent.ThreadPoolExecutor$Worker.run(ThreadPoolExecutor.java:624)&#10;        at java.lang.Thread.run(Thread.java:748)&#10;&quot;Socket Reader #1 for port 46187&quot;  prio=5 tid=1749 runnable&#10;java.lang.Thread.State: RUNNABLE&#10;        at sun.nio.ch.EPollArrayWrapper.epollWait(Native Method)&#10;        at sun.nio.ch.EPollArrayWrapper.poll(EPollArrayWrapper.java:269)&#10;        at sun.nio.ch.EPollSelectorImpl.doSelect(EPollSelectorImpl.java:93)&#10;        at sun.nio.ch.SelectorImpl.lockAndDoSelect(SelectorImpl.java:86)&#10;        at sun.nio.ch.SelectorImpl.select(SelectorImpl.java:97)&#10;        at sun.nio.ch.SelectorImpl.select(SelectorImpl.java:101)&#10;        at org.apache.hadoop.ipc.Server$Listener$Reader.doRunLoop(Server.java:1097)&#10;        at org.apache.hadoop.ipc.Server$Listener$Reader.run(Server.java:1076)&#10;&quot;pool-190-thread-1&quot;  prio=5 tid=1821 timed_waiting&#10;java.lang.Thread.State: TIMED_WAITING&#10;        at sun.misc.Unsafe.park(Native Method)&#10;        at java.util.concurrent.locks.LockSupport.parkNanos(LockSupport.java:215)&#10;        at java.util.concurrent.locks.AbstractQueuedSynchronizer$ConditionObject.awaitNanos(AbstractQueuedSynchronizer.java:2078)&#10;        at java.util.concurrent.ScheduledThreadPoolExecutor$DelayedWorkQueue.take(ScheduledThreadPoolExecutor.java:1093)&#10;        at java.util.concurrent.ScheduledThreadPoolExecutor$DelayedWorkQueue.take(ScheduledThreadPoolExecutor.java:809)&#10;        at java.util.concurrent.ThreadPoolExecutor.getTask(ThreadPoolExecutor.java:1074)&#10;        at java.util.concurrent.ThreadPoolExecutor.runWorker(ThreadPoolExecutor.java:1134)&#10;        at java.util.concurrent.ThreadPoolExecutor$Worker.run(ThreadPoolExecutor.java:624)&#10;        at java.lang.Thread.run(Thread.java:748)&#10;&quot;c07977b7-c8ef-4f3c-80b1-66a07c6e3dcd@group-C2BDBBDF155D-SegmentedRaftLogWorker&quot;  prio=5 tid=2254 timed_waiting&#10;java.lang.Thread.State: TIMED_WAITING&#10;        at sun.misc.Unsafe.park(Native Method)&#10;        at java.util.concurrent.locks.LockSupport.parkNanos(LockSupport.java:215)&#10;        at java.util.concurrent.locks.AbstractQueuedSynchronizer$ConditionObject.awaitNanos(AbstractQueuedSynchronizer.java:2078)&#10;        at org.apache.ratis.util.DataBlockingQueue.poll(DataBlockingQueue.java:137)&#10;        at org.apache.ratis.server.raftlog.segmented.SegmentedRaftLogWorker.run(SegmentedRaftLogWorker.java:282)&#10;        at java.lang.Thread.run(Thread.java:748)&#10;&quot;qtp2051361244-1779&quot; daemon prio=5 tid=1779 timed_waiting&#10;java.lang.Thread.State: TIMED_WAITING&#10;        at sun.misc.Unsafe.park(Native Method)&#10;        at java.util.concurrent.locks.LockSupport.parkNanos(LockSupport.java:215)&#10;        at java.util.concurrent.locks.AbstractQueuedSynchronizer$ConditionObject.awaitNanos(AbstractQueuedSynchronizer.java:2078)&#10;        at org.eclipse.jetty.util.BlockingArrayQueue.poll(BlockingArrayQueue.java:392)&#10;        at org.eclipse.jetty.util.thread.QueuedThreadPool.idleJobPoll(QueuedThreadPool.java:563)&#10;        at org.eclipse.jetty.util.thread.QueuedThreadPool.access$800(QueuedThreadPool.java:48)&#10;        at org.eclipse.jetty.util.thread.QueuedThreadPool$2.run(QueuedThreadPool.java:626)&#10;        at java.lang.Thread.run(Thread.java:748)&#10;&quot;pool-186-thread-28&quot;  prio=5 tid=1959 in Object.wait()&#10;java.lang.Thread.State: WAITING (on object monitor)&#10;        at sun.misc.Unsafe.park(Native Method)&#10;        at java.util.concurrent.locks.LockSupport.park(LockSupport.java:175)&#10;        at java.util.concurrent.locks.AbstractQueuedSynchronizer$ConditionObject.await(AbstractQueuedSynchronizer.java:2039)&#10;        at java.util.concurrent.ArrayBlockingQueue.take(ArrayBlockingQueue.java:403)&#10;        at java.util.concurrent.ThreadPoolExecutor.getTask(ThreadPoolExecutor.java:1074)&#10;        at java.util.concurrent.ThreadPoolExecutor.runWorker(ThreadPoolExecutor.java:1134)&#10;        at java.util.concurrent.ThreadPoolExecutor$Worker.run(ThreadPoolExecutor.java:624)&#10;        at java.lang.Thread.run(Thread.java:748)&#10;&quot;qtp1314460166-1822&quot; daemon prio=5 tid=1822 runnable&#10;java.lang.Thread.State: RUNNABLE&#10;        at sun.nio.ch.EPollArrayWrapper.epollWait(Native Method)&#10;        at sun.nio.ch.EPollArrayWrapper.poll(EPollArrayWrapper.java:269)&#10;        at sun.nio.ch.EPollSelectorImpl.doSelect(EPollSelectorImpl.java:93)&#10;        at sun.nio.ch.SelectorImpl.lockAndDoSelect(SelectorImpl.java:86)&#10;        at sun.nio.ch.SelectorImpl.select(SelectorImpl.java:97)&#10;        at sun.nio.ch.SelectorImpl.select(SelectorImpl.java:101)&#10;        at org.eclipse.jetty.io.ManagedSelector$SelectorProducer.select(ManagedSelector.java:243)&#10;        at org.eclipse.jetty.io.ManagedSelector$SelectorProducer.produce(ManagedSelector.java:191)&#10;        at org.eclipse.jetty.util.thread.strategy.ExecuteProduceConsume.executeProduceConsume(ExecuteProduceConsume.java:249)&#10;        at org.eclipse.jetty.util.thread.strategy.ExecuteProduceConsume.produceConsume(ExecuteProduceConsume.java:148)&#10;        at org.eclipse.jetty.util.thread.strategy.ExecuteProduceConsume.execute(ExecuteProduceConsume.java:100)&#10;        at org.eclipse.jetty.io.ManagedSelector.run(ManagedSelector.java:147)&#10;        at org.eclipse.jetty.util.thread.QueuedThreadPool.runJob(QueuedThreadPool.java:671)&#10;        at org.eclipse.jetty.util.thread.QueuedThreadPool$2.run(QueuedThreadPool.java:589)&#10;        at java.lang.Thread.run(Thread.java:748)&#10;&quot;metrics-hadoop-metrics2-reporter-111-thread-1&quot; daemon prio=5 tid=2267 timed_waiting&#10;java.lang.Thread.State: TIMED_WAITING&#10;        at sun.misc.Unsafe.park(Native Method)&#10;        at java.util.concurrent.locks.LockSupport.parkNanos(LockSupport.java:215)&#10;        at java.util.concurrent.locks.AbstractQueuedSynchronizer$ConditionObject.awaitNanos(AbstractQueuedSynchronizer.java:2078)&#10;        at java.util.concurrent.ScheduledThreadPoolExecutor$DelayedWorkQueue.take(ScheduledThreadPoolExecutor.java:1093)&#10;        at java.util.concurrent.ScheduledThreadPoolExecutor$DelayedWorkQueue.take(ScheduledThreadPoolExecutor.java:809)&#10;        at java.util.concurrent.ThreadPoolExecutor.getTask(ThreadPoolExecutor.java:1074)&#10;        at java.util.concurrent.ThreadPoolExecutor.runWorker(ThreadPoolExecutor.java:1134)&#10;        at java.util.concurrent.ThreadPoolExecutor$Worker.run(ThreadPoolExecutor.java:624)&#10;        at java.lang.Thread.run(Thread.java:748)&#10;&quot;PartialTableCache Cleanup Thread - 0&quot; daemon prio=5 tid=1642 in Object.wait()&#10;java.lang.Thread.State: WAITING (on object monitor)&#10;        at sun.misc.Unsafe.park(Native Method)&#10;        at java.util.concurrent.locks.LockSupport.park(LockSupport.java:175)&#10;        at java.util.concurrent.locks.AbstractQueuedSynchronizer$ConditionObject.await(AbstractQueuedSynchronizer.java:2039)&#10;        at java.util.concurrent.LinkedBlockingQueue.take(LinkedBlockingQueue.java:442)&#10;        at java.util.concurrent.ThreadPoolExecutor.getTask(ThreadPoolExecutor.java:1074)&#10;        at java.util.concurrent.ThreadPoolExecutor.runWorker(ThreadPoolExecutor.java:1134)&#10;        at java.util.concurrent.ThreadPoolExecutor$Worker.run(ThreadPoolExecutor.java:624)&#10;        at java.lang.Thread.run(Thread.java:748)&#10;&quot;java.util.concurrent.ThreadPoolExecutor$Worker@1f1eaf9f[State = -1, empty queue]&quot; daemon prio=5 tid=2298 timed_waiting&#10;java.lang.Thread.State: TIMED_WAITING&#10;        at sun.misc.Unsafe.park(Native Method)&#10;        at java.util.concurrent.locks.LockSupport.parkNanos(LockSupport.java:215)&#10;        at java.util.concurrent.locks.AbstractQueuedSynchronizer$ConditionObject.awaitNanos(AbstractQueuedSynchronizer.java:2078)&#10;        at java.util.concurrent.ScheduledThreadPoolExecutor$DelayedWorkQueue.take(ScheduledThreadPoolExecutor.java:1093)&#10;        at java.util.concurrent.ScheduledThreadPoolExecutor$DelayedWorkQueue.take(ScheduledThreadPoolExecutor.java:809)&#10;        at java.util.concurrent.ThreadPoolExecutor.getTask(ThreadPoolExecutor.java:1074)&#10;        at java.util.concurrent.ThreadPoolExecutor.runWorker(ThreadPoolExecutor.java:1134)&#10;        at java.util.concurrent.ThreadPoolExecutor$Worker.run(ThreadPoolExecutor.java:624)&#10;        at java.lang.Thread.run(Thread.java:748)&#10;&quot;Socket Reader #1 for port 41111&quot;  prio=5 tid=1657 runnable&#10;java.lang.Thread.State: RUNNABLE&#10;        at sun.nio.ch.EPollArrayWrapper.epollWait(Native Method)&#10;        at sun.nio.ch.EPollArrayWrapper.poll(EPollArrayWrapper.java:269)&#10;        at sun.nio.ch.EPollSelectorImpl.doSelect(EPollSelectorImpl.java:93)&#10;        at sun.nio.ch.SelectorImpl.lockAndDoSelect(SelectorImpl.java:86)&#10;        at sun.nio.ch.SelectorImpl.select(SelectorImpl.java:97)&#10;        at sun.nio.ch.SelectorImpl.select(SelectorImpl.java:101)&#10;        at org.apache.hadoop.ipc.Server$Listener$Reader.doRunLoop(Server.java:1097)&#10;        at org.apache.hadoop.ipc.Server$Listener$Reader.run(Server.java:1076)&#10;&quot;refreshUsed-/workdir/hadoop-ozone/ozonefs/target/test-dir/MiniOzoneClusterImpl-0df98be9-49e2-4eb9-b6e4-71f20c3f18cb/datanode-0/data/containers&quot; daemon prio=5 tid=1790 timed_waiting&#10;java.lang.Thread.State: TIMED_WAITING&#10;        at java.lang.Thread.sleep(Native Method)&#10;        at org.apache.hadoop.fs.CachingGetSpaceUsed$RefreshThread.run(CachingGetSpaceUsed.java:179)&#10;        at java.lang.Thread.run(Thread.java:748)&#10;&quot;metrics-hadoop-metrics2-reporter-70-thread-1&quot; daemon prio=5 tid=1544 timed_waiting&#10;java.lang.Thread.State: TIMED_WAITING&#10;        at sun.misc.Unsafe.park(Native Method)&#10;        at java.util.concurrent.locks.LockSupport.parkNanos(LockSupport.java:215)&#10;        at java.util.concurrent.locks.AbstractQueuedSynchronizer$ConditionObject.awaitNanos(AbstractQueuedSynchronizer.java:2078)&#10;        at java.util.concurrent.ScheduledThreadPoolExecutor$DelayedWorkQueue.take(ScheduledThreadPoolExecutor.java:1093)&#10;        at java.util.concurrent.ScheduledThreadPoolExecutor$DelayedWorkQueue.take(ScheduledThreadPoolExecutor.java:809)&#10;        at java.util.concurrent.ThreadPoolExecutor.getTask(ThreadPoolExecutor.java:1074)&#10;        at java.util.concurrent.ThreadPoolExecutor.runWorker(ThreadPoolExecutor.java:1134)&#10;        at java.util.concurrent.ThreadPoolExecutor$Worker.run(ThreadPoolExecutor.java:624)&#10;        at java.lang.Thread.run(Thread.java:748)&#10;&quot;CommandWatcher-LeaseManager#LeaseMonitor&quot; daemon prio=5 tid=1670 timed_waiting&#10;java.lang.Thread.State: TIMED_WAITING&#10;        at java.lang.Thread.sleep(Native Method)&#10;        at org.apache.hadoop.ozone.lease.LeaseManager$LeaseMonitor.run(LeaseManager.java:234)&#10;        at java.lang.Thread.run(Thread.java:748)&#10;&quot;metrics-hadoop-metrics2-reporter-38-thread-1&quot; daemon prio=5 tid=999 timed_waiting&#10;java.lang.Thread.State: TIMED_WAITING&#10;        at sun.misc.Unsafe.park(Native Method)&#10;        at java.util.concurrent.locks.LockSupport.parkNanos(LockSupport.java:215)&#10;        at java.util.concurrent.locks.AbstractQueuedSynchronizer$ConditionObject.awaitNanos(AbstractQueuedSynchronizer.java:2078)&#10;        at java.util.concurrent.ScheduledThreadPoolExecutor$DelayedWorkQueue.take(ScheduledThreadPoolExecutor.java:1093)&#10;        at java.util.concurrent.ScheduledThreadPoolExecutor$DelayedWorkQueue.take(ScheduledThreadPoolExecutor.java:809)&#10;        at java.util.concurrent.ThreadPoolExecutor.getTask(ThreadPoolExecutor.java:1074)&#10;        at java.util.concurrent.ThreadPoolExecutor.runWorker(ThreadPoolExecutor.java:1134)&#10;        at java.util.concurrent.ThreadPoolExecutor$Worker.run(ThreadPoolExecutor.java:624)&#10;        at java.lang.Thread.run(Thread.java:748)&#10;&quot;pool-176-thread-16&quot;  prio=5 tid=1884 in Object.wait()&#10;java.lang.Thread.State: WAITING (on object monitor)&#10;        at sun.misc.Unsafe.park(Native Method)&#10;        at java.util.concurrent.locks.LockSupport.park(LockSupport.java:175)&#10;        at java.util.concurrent.locks.AbstractQueuedSynchronizer$ConditionObject.await(AbstractQueuedSynchronizer.java:2039)&#10;        at java.util.concurrent.ArrayBlockingQueue.take(ArrayBlockingQueue.java:403)&#10;        at java.util.concurrent.ThreadPoolExecutor.getTask(ThreadPoolExecutor.java:1074)&#10;        at java.util.concurrent.ThreadPoolExecutor.runWorker(ThreadPoolExecutor.java:1134)&#10;        at java.util.concurrent.ThreadPoolExecutor$Worker.run(ThreadPoolExecutor.java:624)&#10;        at java.lang.Thread.run(Thread.java:748)&#10;&quot;metrics-hadoop-metrics2-reporter-71-thread-1&quot; daemon prio=5 tid=1548 timed_waiting&#10;java.lang.Thread.State: TIMED_WAITING&#10;        at sun.misc.Unsafe.park(Native Method)&#10;        at java.util.concurrent.locks.LockSupport.parkNanos(LockSupport.java:215)&#10;        at java.util.concurrent.locks.AbstractQueuedSynchronizer$ConditionObject.awaitNanos(AbstractQueuedSynchronizer.java:2078)&#10;        at java.util.concurrent.ScheduledThreadPoolExecutor$DelayedWorkQueue.take(ScheduledThreadPoolExecutor.java:1093)&#10;        at java.util.concurrent.ScheduledThreadPoolExecutor$DelayedWorkQueue.take(ScheduledThreadPoolExecutor.java:809)&#10;        at java.util.concurrent.ThreadPoolExecutor.getTask(ThreadPoolExecutor.java:1074)&#10;        at java.util.concurrent.ThreadPoolExecutor.runWorker(ThreadPoolExecutor.java:1134)&#10;        at java.util.concurrent.ThreadPoolExecutor$Worker.run(ThreadPoolExecutor.java:624)&#10;        at java.lang.Thread.run(Thread.java:748)&#10;&quot;Datanode ReportManager Thread - 1&quot; daemon prio=5 tid=1292 in Object.wait()&#10;java.lang.Thread.State: WAITING (on object monitor)&#10;        at sun.misc.Unsafe.park(Native Method)&#10;        at java.util.concurrent.locks.LockSupport.park(LockSupport.java:175)&#10;        at java.util.concurrent.locks.AbstractQueuedSynchronizer$ConditionObject.await(AbstractQueuedSynchronizer.java:2039)&#10;        at java.util.concurrent.ScheduledThreadPoolExecutor$DelayedWorkQueue.take(ScheduledThreadPoolExecutor.java:1088)&#10;        at java.util.concurrent.ScheduledThreadPoolExecutor$DelayedWorkQueue.take(ScheduledThreadPoolExecutor.java:809)&#10;        at java.util.concurrent.ThreadPoolExecutor.getTask(ThreadPoolExecutor.java:1074)&#10;        at java.util.concurrent.ThreadPoolExecutor.runWorker(ThreadPoolExecutor.java:1134)&#10;        at java.util.concurrent.ThreadPoolExecutor$Worker.run(ThreadPoolExecutor.java:624)&#10;        at java.lang.Thread.run(Thread.java:748)&#10;&quot;pool-186-thread-11&quot;  prio=5 tid=1942 in Object.wait()&#10;java.lang.Thread.State: WAITING (on object monitor)&#10;        at sun.misc.Unsafe.park(Native Method)&#10;        at java.util.concurrent.locks.LockSupport.park(LockSupport.java:175)&#10;        at java.util.concurrent.locks.AbstractQueuedSynchronizer$ConditionObject.await(AbstractQueuedSynchronizer.java:2039)&#10;        at java.util.concurrent.ArrayBlockingQueue.take(ArrayBlockingQueue.java:403)&#10;        at java.util.concurrent.ThreadPoolExecutor.getTask(ThreadPoolExecutor.java:1074)&#10;        at java.util.concurrent.ThreadPoolExecutor.runWorker(ThreadPoolExecutor.java:1134)&#10;        at java.util.concurrent.ThreadPoolExecutor$Worker.run(ThreadPoolExecutor.java:624)&#10;        at java.lang.Thread.run(Thread.java:748)&#10;&quot;IPC Server handler 4 on 46187&quot; daemon prio=5 tid=1758 timed_waiting&#10;java.lang.Thread.State: TIMED_WAITING&#10;        at sun.misc.Unsafe.park(Native Method)&#10;        at java.util.concurrent.locks.LockSupport.parkNanos(LockSupport.java:215)&#10;        at java.util.concurrent.locks.AbstractQueuedSynchronizer$ConditionObject.awaitNanos(AbstractQueuedSynchronizer.java:2078)&#10;        at java.util.concurrent.LinkedBlockingQueue.poll(LinkedBlockingQueue.java:467)&#10;        at org.apache.hadoop.ipc.CallQueueManager.take(CallQueueManager.java:288)&#10;        at org.apache.hadoop.ipc.Server$Handler.run(Server.java:2668)&#10;&quot;Datanode ReportManager Thread - 3&quot; daemon prio=5 tid=1810 timed_waiting&#10;java.lang.Thread.State: TIMED_WAITING&#10;        at sun.misc.Unsafe.park(Native Method)&#10;        at java.util.concurrent.locks.LockSupport.parkNanos(LockSupport.java:215)&#10;        at java.util.concurrent.locks.AbstractQueuedSynchronizer$ConditionObject.awaitNanos(AbstractQueuedSynchronizer.java:2078)&#10;        at java.util.concurrent.ScheduledThreadPoolExecutor$DelayedWorkQueue.take(ScheduledThreadPoolExecutor.java:1093)&#10;        at java.util.concurrent.ScheduledThreadPoolExecutor$DelayedWorkQueue.take(ScheduledThreadPoolExecutor.java:809)&#10;        at java.util.concurrent.ThreadPoolExecutor.getTask(ThreadPoolExecutor.java:1074)&#10;        at java.util.concurrent.ThreadPoolExecutor.runWorker(ThreadPoolExecutor.java:1134)&#10;        at java.util.concurrent.ThreadPoolExecutor$Worker.run(ThreadPoolExecutor.java:624)&#10;        at java.lang.Thread.run(Thread.java:748)&#10;&quot;IPC Server handler 14 on 33059&quot; daemon prio=5 tid=1685 timed_waiting&#10;java.lang.Thread.State: TIMED_WAITING&#10;        at sun.misc.Unsafe.park(Native Method)&#10;        at java.util.concurrent.locks.LockSupport.parkNanos(LockSupport.java:215)&#10;        at java.util.concurrent.locks.AbstractQueuedSynchronizer$ConditionObject.awaitNanos(AbstractQueuedSynchronizer.java:2078)&#10;        at java.util.concurrent.LinkedBlockingQueue.poll(LinkedBlockingQueue.java:467)&#10;        at org.apache.hadoop.ipc.CallQueueManager.take(CallQueueManager.java:288)&#10;        at org.apache.hadoop.ipc.Server$Handler.run(Server.java:2668)&#10;&quot;PartialTableCache Cleanup Thread - 0&quot; daemon prio=5 tid=1640 in Object.wait()&#10;java.lang.Thread.State: WAITING (on object monitor)&#10;        at sun.misc.Unsafe.park(Native Method)&#10;        at java.util.concurrent.locks.LockSupport.park(LockSupport.java:175)&#10;        at java.util.concurrent.locks.AbstractQueuedSynchronizer$ConditionObject.await(AbstractQueuedSynchronizer.java:2039)&#10;        at java.util.concurrent.LinkedBlockingQueue.take(LinkedBlockingQueue.java:442)&#10;        at java.util.concurrent.ThreadPoolExecutor.getTask(ThreadPoolExecutor.java:1074)&#10;        at java.util.concurrent.ThreadPoolExecutor.runWorker(ThreadPoolExecutor.java:1134)&#10;        at java.util.concurrent.ThreadPoolExecutor$Worker.run(ThreadPoolExecutor.java:624)&#10;        at java.lang.Thread.run(Thread.java:748)&#10;&quot;metrics-hadoop-metrics2-reporter-100-thread-1&quot; daemon prio=5 tid=2123 timed_waiting&#10;java.lang.Thread.State: TIMED_WAITING&#10;        at sun.misc.Unsafe.park(Native Method)&#10;        at java.util.concurrent.locks.LockSupport.parkNanos(LockSupport.java:215)&#10;        at java.util.concurrent.locks.AbstractQueuedSynchronizer$ConditionObject.awaitNanos(AbstractQueuedSynchronizer.java:2078)&#10;        at java.util.concurrent.ScheduledThreadPoolExecutor$DelayedWorkQueue.take(ScheduledThreadPoolExecutor.java:1093)&#10;        at java.util.concurrent.ScheduledThreadPoolExecutor$DelayedWorkQueue.take(ScheduledThreadPoolExecutor.java:809)&#10;        at java.util.concurrent.ThreadPoolExecutor.getTask(ThreadPoolExecutor.java:1074)&#10;        at java.util.concurrent.ThreadPoolExecutor.runWorker(ThreadPoolExecutor.java:1134)&#10;        at java.util.concurrent.ThreadPoolExecutor$Worker.run(ThreadPoolExecutor.java:624)&#10;        at java.lang.Thread.run(Thread.java:748)&#10;&quot;metrics-hadoop-metrics2-reporter-48-thread-1&quot; daemon prio=5 tid=1030 timed_waiting&#10;java.lang.Thread.State: TIMED_WAITING&#10;        at sun.misc.Unsafe.park(Native Method)&#10;        at java.util.concurrent.locks.LockSupport.parkNanos(LockSupport.java:215)&#10;        at java.util.concurrent.locks.AbstractQueuedSynchronizer$ConditionObject.awaitNanos(AbstractQueuedSynchronizer.java:2078)&#10;        at java.util.concurrent.ScheduledThreadPoolExecutor$DelayedWorkQueue.take(ScheduledThreadPoolExecutor.java:1093)&#10;        at java.util.concurrent.ScheduledThreadPoolExecutor$DelayedWorkQueue.take(ScheduledThreadPoolExecutor.java:809)&#10;        at java.util.concurrent.ThreadPoolExecutor.getTask(ThreadPoolExecutor.java:1074)&#10;        at java.util.concurrent.ThreadPoolExecutor.runWorker(ThreadPoolExecutor.java:1134)&#10;        at java.util.concurrent.ThreadPoolExecutor$Worker.run(ThreadPoolExecutor.java:624)&#10;        at java.lang.Thread.run(Thread.java:748)&#10;&quot;pool-186-thread-36&quot;  prio=5 tid=1967 in Object.wait()&#10;java.lang.Thread.State: WAITING (on object monitor)&#10;        at sun.misc.Unsafe.park(Native Method)&#10;        at java.util.concurrent.locks.LockSupport.park(LockSupport.java:175)&#10;        at java.util.concurrent.locks.AbstractQueuedSynchronizer$ConditionObject.await(AbstractQueuedSynchronizer.java:2039)&#10;        at java.util.concurrent.ArrayBlockingQueue.take(ArrayBlockingQueue.java:403)&#10;        at java.util.concurrent.ThreadPoolExecutor.getTask(ThreadPoolExecutor.java:1074)&#10;        at java.util.concurrent.ThreadPoolExecutor.runWorker(ThreadPoolExecutor.java:1134)&#10;        at java.util.concurrent.ThreadPoolExecutor$Worker.run(ThreadPoolExecutor.java:624)&#10;        at java.lang.Thread.run(Thread.java:748)&#10;&quot;IPC Server handler 10 on 41111&quot; daemon prio=5 tid=1721 timed_waiting&#10;java.lang.Thread.State: TIMED_WAITING&#10;        at sun.misc.Unsafe.park(Native Method)&#10;        at java.util.concurrent.locks.LockSupport.parkNanos(LockSupport.java:215)&#10;        at java.util.concurrent.locks.AbstractQueuedSynchronizer$ConditionObject.awaitNanos(AbstractQueuedSynchronizer.java:2078)&#10;        at java.util.concurrent.LinkedBlockingQueue.poll(LinkedBlockingQueue.java:467)&#10;        at org.apache.hadoop.ipc.CallQueueManager.take(CallQueueManager.java:288)&#10;        at org.apache.hadoop.ipc.Server$Handler.run(Server.java:2668)&#10;&quot;metrics-hadoop-metrics2-reporter-12-thread-1&quot; daemon prio=5 tid=462 timed_waiting&#10;java.lang.Thread.State: TIMED_WAITING&#10;        at sun.misc.Unsafe.park(Native Method)&#10;        at java.util.concurrent.locks.LockSupport.parkNanos(LockSupport.java:215)&#10;        at java.util.concurrent.locks.AbstractQueuedSynchronizer$ConditionObject.awaitNanos(AbstractQueuedSynchronizer.java:2078)&#10;        at java.util.concurrent.ScheduledThreadPoolExecutor$DelayedWorkQueue.take(ScheduledThreadPoolExecutor.java:1093)&#10;        at java.util.concurrent.ScheduledThreadPoolExecutor$DelayedWorkQueue.take(ScheduledThreadPoolExecutor.java:809)&#10;        at java.util.concurrent.ThreadPoolExecutor.getTask(ThreadPoolExecutor.java:1074)&#10;        at java.util.concurrent.ThreadPoolExecutor.runWorker(ThreadPoolExecutor.java:1134)&#10;        at java.util.concurrent.ThreadPoolExecutor$Worker.run(ThreadPoolExecutor.java:624)&#10;        at java.lang.Thread.run(Thread.java:748)&#10;&quot;Datanode ReportManager Thread - 3&quot; daemon prio=5 tid=1240 in Object.wait()&#10;java.lang.Thread.State: WAITING (on object monitor)&#10;        at sun.misc.Unsafe.park(Native Method)&#10;        at java.util.concurrent.locks.LockSupport.park(LockSupport.java:175)&#10;        at java.util.concurrent.locks.AbstractQueuedSynchronizer$ConditionObject.await(AbstractQueuedSynchronizer.java:2039)&#10;        at java.util.concurrent.ScheduledThreadPoolExecutor$DelayedWorkQueue.take(ScheduledThreadPoolExecutor.java:1088)&#10;        at java.util.concurrent.ScheduledThreadPoolExecutor$DelayedWorkQueue.take(ScheduledThreadPoolExecutor.java:809)&#10;        at java.util.concurrent.ThreadPoolExecutor.getTask(ThreadPoolExecutor.java:1074)&#10;        at java.util.concurrent.ThreadPoolExecutor.runWorker(ThreadPoolExecutor.java:1134)&#10;        at java.util.concurrent.ThreadPoolExecutor$Worker.run(ThreadPoolExecutor.java:624)&#10;        at java.lang.Thread.run(Thread.java:748)&#10;&quot;IPC Server listener on 39395&quot; daemon prio=5 tid=1660 runnable&#10;java.lang.Thread.State: RUNNABLE&#10;        at sun.nio.ch.EPollArrayWrapper.epollWait(Native Method)&#10;        at sun.nio.ch.EPollArrayWrapper.poll(EPollArrayWrapper.java:269)&#10;        at sun.nio.ch.EPollSelectorImpl.doSelect(EPollSelectorImpl.java:93)&#10;        at sun.nio.ch.SelectorImpl.lockAndDoSelect(SelectorImpl.java:86)&#10;        at sun.nio.ch.SelectorImpl.select(SelectorImpl.java:97)&#10;        at sun.nio.ch.SelectorImpl.select(SelectorImpl.java:101)&#10;        at org.apache.hadoop.ipc.Server$Listener.run(Server.java:1159)&#10;&quot;pool-196-thread-51&quot;  prio=5 tid=2044 in Object.wait()&#10;java.lang.Thread.State: WAITING (on object monitor)&#10;        at sun.misc.Unsafe.park(Native Method)&#10;        at java.util.concurrent.locks.LockSupport.park(LockSupport.java:175)&#10;        at java.util.concurrent.locks.AbstractQueuedSynchronizer$ConditionObject.await(AbstractQueuedSynchronizer.java:2039)&#10;        at java.util.concurrent.ArrayBlockingQueue.take(ArrayBlockingQueue.java:403)&#10;        at java.util.concurrent.ThreadPoolExecutor.getTask(ThreadPoolExecutor.java:1074)&#10;        at java.util.concurrent.ThreadPoolExecutor.runWorker(ThreadPoolExecutor.java:1134)&#10;        at java.util.concurrent.ThreadPoolExecutor$Worker.run(ThreadPoolExecutor.java:624)&#10;        at java.lang.Thread.run(Thread.java:748)&#10;&quot;pool-176-thread-18&quot;  prio=5 tid=1886 in Object.wait()&#10;java.lang.Thread.State: WAITING (on object monitor)&#10;        at sun.misc.Unsafe.park(Native Method)&#10;        at java.util.concurrent.locks.LockSupport.park(LockSupport.java:175)&#10;        at java.util.concurrent.locks.AbstractQueuedSynchronizer$ConditionObject.await(AbstractQueuedSynchronizer.java:2039)&#10;        at java.util.concurrent.ArrayBlockingQueue.take(ArrayBlockingQueue.java:403)&#10;        at java.util.concurrent.ThreadPoolExecutor.getTask(ThreadPoolExecutor.java:1074)&#10;        at java.util.concurrent.ThreadPoolExecutor.runWorker(ThreadPoolExecutor.java:1134)&#10;        at java.util.concurrent.ThreadPoolExecutor$Worker.run(ThreadPoolExecutor.java:624)&#10;        at java.lang.Thread.run(Thread.java:748)&#10;&quot;pool-186-thread-57&quot;  prio=5 tid=1988 in Object.wait()&#10;java.lang.Thread.State: WAITING (on object monitor)&#10;        at sun.misc.Unsafe.park(Native Method)&#10;        at java.util.concurrent.locks.LockSupport.park(LockSupport.java:175)&#10;        at java.util.concurrent.locks.AbstractQueuedSynchronizer$ConditionObject.await(AbstractQueuedSynchronizer.java:2039)&#10;        at java.util.concurrent.ArrayBlockingQueue.take(ArrayBlockingQueue.java:403)&#10;        at java.util.concurrent.ThreadPoolExecutor.getTask(ThreadPoolExecutor.java:1074)&#10;        at java.util.concurrent.ThreadPoolExecutor.runWorker(ThreadPoolExecutor.java:1134)&#10;        at java.util.concurrent.ThreadPoolExecutor$Worker.run(ThreadPoolExecutor.java:624)&#10;        at java.lang.Thread.run(Thread.java:748)&#10;&quot;qtp1314460166-1824&quot; daemon prio=5 tid=1824 timed_waiting&#10;java.lang.Thread.State: TIMED_WAITING&#10;        at sun.misc.Unsafe.park(Native Method)&#10;        at java.util.concurrent.locks.LockSupport.parkNanos(LockSupport.java:215)&#10;        at java.util.concurrent.locks.AbstractQueuedSynchronizer$ConditionObject.awaitNanos(AbstractQueuedSynchronizer.java:2078)&#10;        at org.eclipse.jetty.util.BlockingArrayQueue.poll(BlockingArrayQueue.java:392)&#10;        at org.eclipse.jetty.util.thread.QueuedThreadPool.idleJobPoll(QueuedThreadPool.java:563)&#10;        at org.eclipse.jetty.util.thread.QueuedThreadPool.access$800(QueuedThreadPool.java:48)&#10;        at org.eclipse.jetty.util.thread.QueuedThreadPool$2.run(QueuedThreadPool.java:626)&#10;        at java.lang.Thread.run(Thread.java:748)&#10;&quot;pool-186-thread-2&quot;  prio=5 tid=1933 in Object.wait()&#10;java.lang.Thread.State: WAITING (on object monitor)&#10;        at sun.misc.Unsafe.park(Native Method)&#10;        at java.util.concurrent.locks.LockSupport.park(LockSupport.java:175)&#10;        at java.util.concurrent.locks.AbstractQueuedSynchronizer$ConditionObject.await(AbstractQueuedSynchronizer.java:2039)&#10;        at java.util.concurrent.ArrayBlockingQueue.take(ArrayBlockingQueue.java:403)&#10;        at java.util.concurrent.ThreadPoolExecutor.getTask(ThreadPoolExecutor.java:1074)&#10;        at java.util.concurrent.ThreadPoolExecutor.runWorker(ThreadPoolExecutor.java:1134)&#10;        at java.util.concurrent.ThreadPoolExecutor$Worker.run(ThreadPoolExecutor.java:624)&#10;        at java.lang.Thread.run(Thread.java:748)&#10;&quot;metrics-hadoop-metrics2-reporter-56-thread-1&quot; daemon prio=5 tid=1504 timed_waiting&#10;java.lang.Thread.State: TIMED_WAITING&#10;        at sun.misc.Unsafe.park(Native Method)&#10;        at java.util.concurrent.locks.LockSupport.parkNanos(LockSupport.java:215)&#10;        at java.util.concurrent.locks.AbstractQueuedSynchronizer$ConditionObject.awaitNanos(AbstractQueuedSynchronizer.java:2078)&#10;        at java.util.concurrent.ScheduledThreadPoolExecutor$DelayedWorkQueue.take(ScheduledThreadPoolExecutor.java:1093)&#10;        at java.util.concurrent.ScheduledThreadPoolExecutor$DelayedWorkQueue.take(ScheduledThreadPoolExecutor.java:809)&#10;        at java.util.concurrent.ThreadPoolExecutor.getTask(ThreadPoolExecutor.java:1074)&#10;        at java.util.concurrent.ThreadPoolExecutor.runWorker(ThreadPoolExecutor.java:1134)&#10;        at java.util.concurrent.ThreadPoolExecutor$Worker.run(ThreadPoolExecutor.java:624)&#10;        at java.lang.Thread.run(Thread.java:748)&#10;&quot;metrics-hadoop-metrics2-reporter-25-thread-1&quot; daemon prio=5 tid=524 timed_waiting&#10;java.lang.Thread.State: TIMED_WAITING&#10;        at sun.misc.Unsafe.park(Native Method)&#10;        at java.util.concurrent.locks.LockSupport.parkNanos(LockSupport.java:215)&#10;        at java.util.concurrent.locks.AbstractQueuedSynchronizer$ConditionObject.awaitNanos(AbstractQueuedSynchronizer.java:2078)&#10;        at java.util.concurrent.ScheduledThreadPoolExecutor$DelayedWorkQueue.take(ScheduledThreadPoolExecutor.java:1093)&#10;        at java.util.concurrent.ScheduledThreadPoolExecutor$DelayedWorkQueue.take(ScheduledThreadPoolExecutor.java:809)&#10;        at java.util.concurrent.ThreadPoolExecutor.getTask(ThreadPoolExecutor.java:1074)&#10;        at java.util.concurrent.ThreadPoolExecutor.runWorker(ThreadPoolExecutor.java:1134)&#10;        at java.util.concurrent.ThreadPoolExecutor$Worker.run(ThreadPoolExecutor.java:624)&#10;        at java.lang.Thread.run(Thread.java:748)&#10;&quot;c07977b7-c8ef-4f3c-80b1-66a07c6e3dcd@group-C2BDBBDF155D-LeaderElection366&quot; daemon prio=5 tid=4429 runnable&#10;java.lang.Thread.State: RUNNABLE&#10;        at sun.nio.ch.FileDispatcherImpl.force0(Native Method)&#10;        at sun.nio.ch.FileDispatcherImpl.force(FileDispatcherImpl.java:80)&#10;        at sun.nio.ch.FileChannelImpl.force(FileChannelImpl.java:388)&#10;        at org.apache.ratis.util.AtomicFileOutputStream.close(AtomicFileOutputStream.java:60)&#10;        at org.apache.ratis.server.storage.MetaFile.writeFile(MetaFile.java:96)&#10;        at org.apache.ratis.server.storage.MetaFile.set(MetaFile.java:75)&#10;        at org.apache.ratis.server.raftlog.segmented.SegmentedRaftLog.writeMetadata(SegmentedRaftLog.java:473)&#10;        at org.apache.ratis.server.impl.ServerState.persistMetadata(ServerState.java:231)&#10;        at org.apache.ratis.server.impl.LeaderElection.askForVotes(LeaderElection.java:176)&#10;        at org.apache.ratis.server.impl.LeaderElection.run(LeaderElection.java:133)&#10;        at java.lang.Thread.run(Thread.java:748)&#10;&quot;metrics-hadoop-metrics2-reporter-91-thread-1&quot; daemon prio=5 tid=2094 timed_waiting&#10;java.lang.Thread.State: TIMED_WAITING&#10;        at sun.misc.Unsafe.park(Native Method)&#10;        at java.util.concurrent.locks.LockSupport.parkNanos(LockSupport.java:215)&#10;        at java.util.concurrent.locks.AbstractQueuedSynchronizer$ConditionObject.awaitNanos(AbstractQueuedSynchronizer.java:2078)&#10;        at java.util.concurrent.ScheduledThreadPoolExecutor$DelayedWorkQueue.take(ScheduledThreadPoolExecutor.java:1093)&#10;        at java.util.concurrent.ScheduledThreadPoolExecutor$DelayedWorkQueue.take(ScheduledThreadPoolExecutor.java:809)&#10;        at java.util.concurrent.ThreadPoolExecutor.getTask(ThreadPoolExecutor.java:1074)&#10;        at java.util.concurrent.ThreadPoolExecutor.runWorker(ThreadPoolExecutor.java:1134)&#10;        at java.util.concurrent.ThreadPoolExecutor$Worker.run(ThreadPoolExecutor.java:624)&#10;        at java.lang.Thread.run(Thread.java:748)&#10;&quot;metrics-hadoop-metrics2-reporter-83-thread-1&quot; daemon prio=5 tid=2074 timed_waiting&#10;java.lang.Thread.State: TIMED_WAITING&#10;        at sun.misc.Unsafe.park(Native Method)&#10;        at java.util.concurrent.locks.LockSupport.parkNanos(LockSupport.java:215)&#10;        at java.util.concurrent.locks.AbstractQueuedSynchronizer$ConditionObject.awaitNanos(AbstractQueuedSynchronizer.java:2078)&#10;        at java.util.concurrent.ScheduledThreadPoolExecutor$DelayedWorkQueue.take(ScheduledThreadPoolExecutor.java:1093)&#10;        at java.util.concurrent.ScheduledThreadPoolExecutor$DelayedWorkQueue.take(ScheduledThreadPoolExecutor.java:809)&#10;        at java.util.concurrent.ThreadPoolExecutor.getTask(ThreadPoolExecutor.java:1074)&#10;        at java.util.concurrent.ThreadPoolExecutor.runWorker(ThreadPoolExecutor.java:1134)&#10;        at java.util.concurrent.ThreadPoolExecutor$Worker.run(ThreadPoolExecutor.java:624)&#10;        at java.lang.Thread.run(Thread.java:748)&#10;&quot;metrics-hadoop-metrics2-reporter-30-thread-1&quot; daemon prio=5 tid=977 timed_waiting&#10;java.lang.Thread.State: TIMED_WAITING&#10;        at sun.misc.Unsafe.park(Native Method)&#10;        at java.util.concurrent.locks.LockSupport.parkNanos(LockSupport.java:215)&#10;        at java.util.concurrent.locks.AbstractQueuedSynchronizer$ConditionObject.awaitNanos(AbstractQueuedSynchronizer.java:2078)&#10;        at java.util.concurrent.ScheduledThreadPoolExecutor$DelayedWorkQueue.take(ScheduledThreadPoolExecutor.java:1093)&#10;        at java.util.concurrent.ScheduledThreadPoolExecutor$DelayedWorkQueue.take(ScheduledThreadPoolExecutor.java:809)&#10;        at java.util.concurrent.ThreadPoolExecutor.getTask(ThreadPoolExecutor.java:1074)&#10;        at java.util.concurrent.ThreadPoolExecutor.runWorker(ThreadPoolExecutor.java:1134)&#10;        at java.util.concurrent.ThreadPoolExecutor$Worker.run(ThreadPoolExecutor.java:624)&#10;        at java.lang.Thread.run(Thread.java:748)&#10;&quot;pool-186-thread-17&quot;  prio=5 tid=1948 in Object.wait()&#10;java.lang.Thread.State: WAITING (on object monitor)&#10;        at sun.misc.Unsafe.park(Native Method)&#10;        at java.util.concurrent.locks.LockSupport.park(LockSupport.java:175)&#10;        at java.util.concurrent.locks.AbstractQueuedSynchronizer$ConditionObject.await(AbstractQueuedSynchronizer.java:2039)&#10;        at java.util.concurrent.ArrayBlockingQueue.take(ArrayBlockingQueue.java:403)&#10;        at java.util.concurrent.ThreadPoolExecutor.getTask(ThreadPoolExecutor.java:1074)&#10;        at java.util.concurrent.ThreadPoolExecutor.runWorker(ThreadPoolExecutor.java:1134)&#10;        at java.util.concurrent.ThreadPoolExecutor$Worker.run(ThreadPoolExecutor.java:624)&#10;        at java.lang.Thread.run(Thread.java:748)&#10;&quot;pool-186-thread-15&quot;  prio=5 tid=1946 in Object.wait()&#10;java.lang.Thread.State: WAITING (on object monitor)&#10;        at sun.misc.Unsafe.park(Native Method)&#10;        at java.util.concurrent.locks.LockSupport.park(LockSupport.java:175)&#10;        at java.util.concurrent.locks.AbstractQueuedSynchronizer$ConditionObject.await(AbstractQueuedSynchronizer.java:2039)&#10;        at java.util.concurrent.ArrayBlockingQueue.take(ArrayBlockingQueue.java:403)&#10;        at java.util.concurrent.ThreadPoolExecutor.getTask(ThreadPoolExecutor.java:1074)&#10;        at java.util.concurrent.ThreadPoolExecutor.runWorker(ThreadPoolExecutor.java:1134)&#10;        at java.util.concurrent.ThreadPoolExecutor$Worker.run(ThreadPoolExecutor.java:624)&#10;        at java.lang.Thread.run(Thread.java:748)&#10;&quot;IPC Server handler 1 on 46187&quot; daemon prio=5 tid=1755 timed_waiting&#10;java.lang.Thread.State: TIMED_WAITING&#10;        at sun.misc.Unsafe.park(Native Method)&#10;        at java.util.concurrent.locks.LockSupport.parkNanos(LockSupport.java:215)&#10;        at java.util.concurrent.locks.AbstractQueuedSynchronizer$ConditionObject.awaitNanos(AbstractQueuedSynchronizer.java:2078)&#10;        at java.util.concurrent.LinkedBlockingQueue.poll(LinkedBlockingQueue.java:467)&#10;        at org.apache.hadoop.ipc.CallQueueManager.take(CallQueueManager.java:288)&#10;        at org.apache.hadoop.ipc.Server$Handler.run(Server.java:2668)&#10;&quot;java.util.concurrent.ThreadPoolExecutor$Worker@8e28b80[State = -1, empty queue]&quot; daemon prio=5 tid=2297 timed_waiting&#10;java.lang.Thread.State: TIMED_WAITING&#10;        at sun.misc.Unsafe.park(Native Method)&#10;        at java.util.concurrent.locks.LockSupport.parkNanos(LockSupport.java:215)&#10;        at java.util.concurrent.locks.AbstractQueuedSynchronizer$ConditionObject.awaitNanos(AbstractQueuedSynchronizer.java:2078)&#10;        at java.util.concurrent.ScheduledThreadPoolExecutor$DelayedWorkQueue.take(ScheduledThreadPoolExecutor.java:1093)&#10;        at java.util.concurrent.ScheduledThreadPoolExecutor$DelayedWorkQueue.take(ScheduledThreadPoolExecutor.java:809)&#10;        at java.util.concurrent.ThreadPoolExecutor.getTask(ThreadPoolExecutor.java:1074)&#10;        at java.util.concurrent.ThreadPoolExecutor.runWorker(ThreadPoolExecutor.java:1134)&#10;        at java.util.concurrent.ThreadPoolExecutor$Worker.run(ThreadPoolExecutor.java:624)&#10;        at java.lang.Thread.run(Thread.java:748)&#10;&quot;IPC Server idle connection scanner for port 46187&quot; daemon prio=5 tid=1750 timed_waiting&#10;java.lang.Thread.State: TIMED_WAITING&#10;        at java.lang.Object.wait(Native Method)&#10;        at java.util.TimerThread.mainLoop(Timer.java:552)&#10;        at java.util.TimerThread.run(Timer.java:505)&#10;&quot;metrics-hadoop-metrics2-reporter-15-thread-1&quot; daemon prio=5 tid=475 timed_waiting&#10;java.lang.Thread.State: TIMED_WAITING&#10;        at sun.misc.Unsafe.park(Native Method)&#10;        at java.util.concurrent.locks.LockSupport.parkNanos(LockSupport.java:215)&#10;        at java.util.concurrent.locks.AbstractQueuedSynchronizer$ConditionObject.awaitNanos(AbstractQueuedSynchronizer.java:2078)&#10;        at java.util.concurrent.ScheduledThreadPoolExecutor$DelayedWorkQueue.take(ScheduledThreadPoolExecutor.java:1093)&#10;        at java.util.concurrent.ScheduledThreadPoolExecutor$DelayedWorkQueue.take(ScheduledThreadPoolExecutor.java:809)&#10;        at java.util.concurrent.ThreadPoolExecutor.getTask(ThreadPoolExecutor.java:1074)&#10;        at java.util.concurrent.ThreadPoolExecutor.runWorker(ThreadPoolExecutor.java:1134)&#10;        at java.util.concurrent.ThreadPoolExecutor$Worker.run(ThreadPoolExecutor.java:624)&#10;        at java.lang.Thread.run(Thread.java:748)&#10;&quot;grpc-default-worker-ELG-9-1&quot; daemon prio=5 tid=2065 runnable&#10;java.lang.Thread.State: RUNNABLE&#10;        at sun.nio.ch.EPollArrayWrapper.epollWait(Native Method)&#10;        at sun.nio.ch.EPollArrayWrapper.poll(EPollArrayWrapper.java:269)&#10;        at sun.nio.ch.EPollSelectorImpl.doSelect(EPollSelectorImpl.java:93)&#10;        at sun.nio.ch.SelectorImpl.lockAndDoSelect(SelectorImpl.java:86)&#10;        at sun.nio.ch.SelectorImpl.select(SelectorImpl.java:97)&#10;        at org.apache.ratis.thirdparty.io.netty.channel.nio.SelectedSelectionKeySetSelector.select(SelectedSelectionKeySetSelector.java:62)&#10;        at org.apache.ratis.thirdparty.io.netty.channel.nio.NioEventLoop.select(NioEventLoop.java:753)&#10;        at org.apache.ratis.thirdparty.io.netty.channel.nio.NioEventLoop.run(NioEventLoop.java:408)&#10;        at org.apache.ratis.thirdparty.io.netty.util.concurrent.SingleThreadEventExecutor$5.run(SingleThreadEventExecutor.java:897)&#10;        at org.apache.ratis.thirdparty.io.netty.util.concurrent.FastThreadLocalRunnable.run(FastThreadLocalRunnable.java:30)&#10;        at java.lang.Thread.run(Thread.java:748)&#10;&quot;IPC Server handler 11 on 39395&quot; daemon prio=5 tid=1702 timed_waiting&#10;java.lang.Thread.State: TIMED_WAITING&#10;        at sun.misc.Unsafe.park(Native Method)&#10;        at java.util.concurrent.locks.LockSupport.parkNanos(LockSupport.java:215)&#10;        at java.util.concurrent.locks.AbstractQueuedSynchronizer$ConditionObject.awaitNanos(AbstractQueuedSynchronizer.java:2078)&#10;        at java.util.concurrent.LinkedBlockingQueue.poll(LinkedBlockingQueue.java:467)&#10;        at org.apache.hadoop.ipc.CallQueueManager.take(CallQueueManager.java:288)&#10;        at org.apache.hadoop.ipc.Server$Handler.run(Server.java:2668)&#10;&quot;metrics-hadoop-metrics2-reporter-14-thread-1&quot; daemon prio=5 tid=472 timed_waiting&#10;java.lang.Thread.State: TIMED_WAITING&#10;        at sun.misc.Unsafe.park(Native Method)&#10;        at java.util.concurrent.locks.LockSupport.parkNanos(LockSupport.java:215)&#10;        at java.util.concurrent.locks.AbstractQueuedSynchronizer$ConditionObject.awaitNanos(AbstractQueuedSynchronizer.java:2078)&#10;        at java.util.concurrent.ScheduledThreadPoolExecutor$DelayedWorkQueue.take(ScheduledThreadPoolExecutor.java:1093)&#10;        at java.util.concurrent.ScheduledThreadPoolExecutor$DelayedWorkQueue.take(ScheduledThreadPoolExecutor.java:809)&#10;        at java.util.concurrent.ThreadPoolExecutor.getTask(ThreadPoolExecutor.java:1074)&#10;        at java.util.concurrent.ThreadPoolExecutor.runWorker(ThreadPoolExecutor.java:1134)&#10;        at java.util.concurrent.ThreadPoolExecutor$Worker.run(ThreadPoolExecutor.java:624)&#10;        at java.lang.Thread.run(Thread.java:748)&#10;&quot;pool-176-thread-50&quot;  prio=5 tid=1918 in Object.wait()&#10;java.lang.Thread.State: WAITING (on object monitor)&#10;        at sun.misc.Unsafe.park(Native Method)&#10;        at java.util.concurrent.locks.LockSupport.park(LockSupport.java:175)&#10;        at java.util.concurrent.locks.AbstractQueuedSynchronizer$ConditionObject.await(AbstractQueuedSynchronizer.java:2039)&#10;        at java.util.concurrent.ArrayBlockingQueue.take(ArrayBlockingQueue.java:403)&#10;        at java.util.concurrent.ThreadPoolExecutor.getTask(ThreadPoolExecutor.java:1074)&#10;        at java.util.concurrent.ThreadPoolExecutor.runWorker(ThreadPoolExecutor.java:1134)&#10;        at java.util.concurrent.ThreadPoolExecutor$Worker.run(ThreadPoolExecutor.java:624)&#10;        at java.lang.Thread.run(Thread.java:748)&#10;&quot;qtp2051361244-1781&quot; daemon prio=5 tid=1781 timed_waiting&#10;java.lang.Thread.State: TIMED_WAITING&#10;        at sun.misc.Unsafe.park(Native Method)&#10;        at java.util.concurrent.locks.LockSupport.parkNanos(LockSupport.java:215)&#10;        at java.util.concurrent.locks.AbstractQueuedSynchronizer$ConditionObject.awaitNanos(AbstractQueuedSynchronizer.java:2078)&#10;        at org.eclipse.jetty.util.BlockingArrayQueue.poll(BlockingArrayQueue.java:392)&#10;        at org.eclipse.jetty.util.thread.QueuedThreadPool.idleJobPoll(QueuedThreadPool.java:563)&#10;        at org.eclipse.jetty.util.thread.QueuedThreadPool.access$800(QueuedThreadPool.java:48)&#10;        at org.eclipse.jetty.util.thread.QueuedThreadPool$2.run(QueuedThreadPool.java:626)&#10;        at java.lang.Thread.run(Thread.java:748)&#10;&quot;org.apache.hadoop.util.JvmPauseMonitor$Monitor@47aa5659&quot; daemon prio=5 tid=1866 timed_waiting&#10;java.lang.Thread.State: TIMED_WAITING&#10;        at java.lang.Thread.sleep(Native Method)&#10;        at org.apache.hadoop.util.JvmPauseMonitor$Monitor.run(JvmPauseMonitor.java:192)&#10;        at java.lang.Thread.run(Thread.java:748)&#10;&quot;qtp915734066-1800&quot; daemon prio=5 tid=1800 timed_waiting&#10;java.lang.Thread.State: TIMED_WAITING&#10;        at sun.misc.Unsafe.park(Native Method)&#10;        at java.util.concurrent.locks.LockSupport.parkNanos(LockSupport.java:215)&#10;        at java.util.concurrent.locks.AbstractQueuedSynchronizer$ConditionObject.awaitNanos(AbstractQueuedSynchronizer.java:2078)&#10;        at org.eclipse.jetty.util.BlockingArrayQueue.poll(BlockingArrayQueue.java:392)&#10;        at org.eclipse.jetty.util.thread.QueuedThreadPool.idleJobPoll(QueuedThreadPool.java:563)&#10;        at org.eclipse.jetty.util.thread.QueuedThreadPool.access$800(QueuedThreadPool.java:48)&#10;        at org.eclipse.jetty.util.thread.QueuedThreadPool$2.run(QueuedThreadPool.java:626)&#10;        at java.lang.Thread.run(Thread.java:748)&#10;&quot;pool-176-thread-53&quot;  prio=5 tid=1921 in Object.wait()&#10;java.lang.Thread.State: WAITING (on object monitor)&#10;        at sun.misc.Unsafe.park(Native Method)&#10;        at java.util.concurrent.locks.LockSupport.park(LockSupport.java:175)&#10;        at java.util.concurrent.locks.AbstractQueuedSynchronizer$ConditionObject.await(AbstractQueuedSynchronizer.java:2039)&#10;        at java.util.concurrent.ArrayBlockingQueue.take(ArrayBlockingQueue.java:403)&#10;        at java.util.concurrent.ThreadPoolExecutor.getTask(ThreadPoolExecutor.java:1074)&#10;        at java.util.concurrent.ThreadPoolExecutor.runWorker(ThreadPoolExecutor.java:1134)&#10;        at java.util.concurrent.ThreadPoolExecutor$Worker.run(ThreadPoolExecutor.java:624)&#10;        at java.lang.Thread.run(Thread.java:748)&#10;&quot;org.eclipse.jetty.server.session.HashSessionManager@59aebf88Timer&quot; daemon prio=5 tid=1740 timed_waiting&#10;java.lang.Thread.State: TIMED_WAITING&#10;        at sun.misc.Unsafe.park(Native Method)&#10;        at java.util.concurrent.locks.LockSupport.parkNanos(LockSupport.java:215)&#10;        at java.util.concurrent.locks.AbstractQueuedSynchronizer$ConditionObject.awaitNanos(AbstractQueuedSynchronizer.java:2078)&#10;        at java.util.concurrent.ScheduledThreadPoolExecutor$DelayedWorkQueue.take(ScheduledThreadPoolExecutor.java:1093)&#10;        at java.util.concurrent.ScheduledThreadPoolExecutor$DelayedWorkQueue.take(ScheduledThreadPoolExecutor.java:809)&#10;        at java.util.concurrent.ThreadPoolExecutor.getTask(ThreadPoolExecutor.java:1074)&#10;        at java.util.concurrent.ThreadPoolExecutor.runWorker(ThreadPoolExecutor.java:1134)&#10;        at java.util.concurrent.ThreadPoolExecutor$Worker.run(ThreadPoolExecutor.java:624)&#10;        at java.lang.Thread.run(Thread.java:748)&#10;&quot;Thread-931&quot; daemon prio=5 tid=2082 timed_waiting&#10;java.lang.Thread.State: TIMED_WAITING&#10;        at sun.misc.Unsafe.park(Native Method)&#10;        at java.util.concurrent.locks.LockSupport.parkNanos(LockSupport.java:215)&#10;        at java.util.concurrent.locks.AbstractQueuedSynchronizer$ConditionObject.awaitNanos(AbstractQueuedSynchronizer.java:2078)&#10;        at java.util.concurrent.ArrayBlockingQueue.poll(ArrayBlockingQueue.java:418)&#10;        at org.apache.ratis.server.impl.LeaderState$EventQueue.poll(LeaderState.java:115)&#10;        at org.apache.ratis.server.impl.LeaderState$EventProcessor.run(LeaderState.java:467)&#10;&quot;pool-196-thread-44&quot;  prio=5 tid=2037 in Object.wait()&#10;java.lang.Thread.State: WAITING (on object monitor)&#10;        at sun.misc.Unsafe.park(Native Method)&#10;        at java.util.concurrent.locks.LockSupport.park(LockSupport.java:175)&#10;        at java.util.concurrent.locks.AbstractQueuedSynchronizer$ConditionObject.await(AbstractQueuedSynchronizer.java:2039)&#10;        at java.util.concurrent.ArrayBlockingQueue.take(ArrayBlockingQueue.java:403)&#10;        at java.util.concurrent.ThreadPoolExecutor.getTask(ThreadPoolExecutor.java:1074)&#10;        at java.util.concurrent.ThreadPoolExecutor.runWorker(ThreadPoolExecutor.java:1134)&#10;        at java.util.concurrent.ThreadPoolExecutor$Worker.run(ThreadPoolExecutor.java:624)&#10;        at java.lang.Thread.run(Thread.java:748)&#10;&quot;org.eclipse.jetty.server.session.HashSessionManager@70f56038Timer&quot; daemon prio=5 tid=1805 timed_waiting&#10;java.lang.Thread.State: TIMED_WAITING&#10;        at sun.misc.Unsafe.park(Native Method)&#10;        at java.util.concurrent.locks.LockSupport.parkNanos(LockSupport.java:215)&#10;        at java.util.concurrent.locks.AbstractQueuedSynchronizer$ConditionObject.awaitNanos(AbstractQueuedSynchronizer.java:2078)&#10;        at java.util.concurrent.ScheduledThreadPoolExecutor$DelayedWorkQueue.take(ScheduledThreadPoolExecutor.java:1093)&#10;        at java.util.concurrent.ScheduledThreadPoolExecutor$DelayedWorkQueue.take(ScheduledThreadPoolExecutor.java:809)&#10;        at java.util.concurrent.ThreadPoolExecutor.getTask(ThreadPoolExecutor.java:1074)&#10;        at java.util.concurrent.ThreadPoolExecutor.runWorker(ThreadPoolExecutor.java:1134)&#10;        at java.util.concurrent.ThreadPoolExecutor$Worker.run(ThreadPoolExecutor.java:624)&#10;        at java.lang.Thread.run(Thread.java:748)&#10;&quot;metrics-hadoop-metrics2-reporter-85-thread-1&quot; daemon prio=5 tid=2077 timed_waiting&#10;java.lang.Thread.State: TIMED_WAITING&#10;        at sun.misc.Unsafe.park(Native Method)&#10;        at java.util.concurrent.locks.LockSupport.parkNanos(LockSupport.java:215)&#10;        at java.util.concurrent.locks.AbstractQueuedSynchronizer$ConditionObject.awaitNanos(AbstractQueuedSynchronizer.java:2078)&#10;        at java.util.concurrent.ScheduledThreadPoolExecutor$DelayedWorkQueue.take(ScheduledThreadPoolExecutor.java:1093)&#10;        at java.util.concurrent.ScheduledThreadPoolExecutor$DelayedWorkQueue.take(ScheduledThreadPoolExecutor.java:809)&#10;        at java.util.concurrent.ThreadPoolExecutor.getTask(ThreadPoolExecutor.java:1074)&#10;        at java.util.concurrent.ThreadPoolExecutor.runWorker(ThreadPoolExecutor.java:1134)&#10;        at java.util.concurrent.ThreadPoolExecutor$Worker.run(ThreadPoolExecutor.java:624)&#10;        at java.lang.Thread.run(Thread.java:748)&#10;&quot;pool-176-thread-5&quot;  prio=5 tid=1873 in Object.wait()&#10;java.lang.Thread.State: WAITING (on object monitor)&#10;        at sun.misc.Unsafe.park(Native Method)&#10;        at java.util.concurrent.locks.LockSupport.park(LockSupport.java:175)&#10;        at java.util.concurrent.locks.AbstractQueuedSynchronizer$ConditionObject.await(AbstractQueuedSynchronizer.java:2039)&#10;        at java.util.concurrent.ArrayBlockingQueue.take(ArrayBlockingQueue.java:403)&#10;        at java.util.concurrent.ThreadPoolExecutor.getTask(ThreadPoolExecutor.java:1074)&#10;        at java.util.concurrent.ThreadPoolExecutor.runWorker(ThreadPoolExecutor.java:1134)&#10;        at java.util.concurrent.ThreadPoolExecutor$Worker.run(ThreadPoolExecutor.java:624)&#10;        at java.lang.Thread.run(Thread.java:748)&#10;&quot;Command processor thread&quot; daemon prio=5 tid=1865 timed_waiting&#10;java.lang.Thread.State: TIMED_WAITING&#10;        at java.lang.Thread.sleep(Native Method)&#10;        at org.apache.hadoop.ozone.container.common.statemachine.DatanodeStateMachine.lambda$initCommandHandlerThread$1(DatanodeStateMachine.java:439)&#10;        at org.apache.hadoop.ozone.container.common.statemachine.DatanodeStateMachine$$Lambda$141/605207612.run(Unknown Source)&#10;        at java.lang.Thread.run(Thread.java:748)&#10;&quot;IPC Server handler 12 on 46187&quot; daemon prio=5 tid=1767 timed_waiting&#10;java.lang.Thread.State: TIMED_WAITING&#10;        at sun.misc.Unsafe.park(Native Method)&#10;        at java.util.concurrent.locks.LockSupport.parkNanos(LockSupport.java:215)&#10;        at java.util.concurrent.locks.AbstractQueuedSynchronizer$ConditionObject.awaitNanos(AbstractQueuedSynchronizer.java:2078)&#10;        at java.util.concurrent.LinkedBlockingQueue.poll(LinkedBlockingQueue.java:467)&#10;        at org.apache.hadoop.ipc.CallQueueManager.take(CallQueueManager.java:288)&#10;        at org.apache.hadoop.ipc.Server$Handler.run(Server.java:2668)&#10;&quot;Datanode ReportManager Thread - 0&quot; daemon prio=5 tid=1264 in Object.wait()&#10;java.lang.Thread.State: WAITING (on object monitor)&#10;        at sun.misc.Unsafe.park(Native Method)&#10;        at java.util.concurrent.locks.LockSupport.park(LockSupport.java:175)&#10;        at java.util.concurrent.locks.AbstractQueuedSynchronizer$ConditionObject.await(AbstractQueuedSynchronizer.java:2039)&#10;        at java.util.concurrent.ScheduledThreadPoolExecutor$DelayedWorkQueue.take(ScheduledThreadPoolExecutor.java:1088)&#10;        at java.util.concurrent.ScheduledThreadPoolExecutor$DelayedWorkQueue.take(ScheduledThreadPoolExecutor.java:809)&#10;        at java.util.concurrent.ThreadPoolExecutor.getTask(ThreadPoolExecutor.java:1074)&#10;        at java.util.concurrent.ThreadPoolExecutor.runWorker(ThreadPoolExecutor.java:1134)&#10;        at java.util.concurrent.ThreadPoolExecutor$Worker.run(ThreadPoolExecutor.java:624)&#10;        at java.lang.Thread.run(Thread.java:748)&#10;&quot;metrics-hadoop-metrics2-reporter-24-thread-1&quot; daemon prio=5 tid=518 timed_waiting&#10;java.lang.Thread.State: TIMED_WAITING&#10;        at sun.misc.Unsafe.park(Native Method)&#10;        at java.util.concurrent.locks.LockSupport.parkNanos(LockSupport.java:215)&#10;        at java.util.concurrent.locks.AbstractQueuedSynchronizer$ConditionObject.awaitNanos(AbstractQueuedSynchronizer.java:2078)&#10;        at java.util.concurrent.ScheduledThreadPoolExecutor$DelayedWorkQueue.take(ScheduledThreadPoolExecutor.java:1093)&#10;        at java.util.concurrent.ScheduledThreadPoolExecutor$DelayedWorkQueue.take(ScheduledThreadPoolExecutor.java:809)&#10;        at java.util.concurrent.ThreadPoolExecutor.getTask(ThreadPoolExecutor.java:1074)&#10;        at java.util.concurrent.ThreadPoolExecutor.runWorker(ThreadPoolExecutor.java:1134)&#10;        at java.util.concurrent.ThreadPoolExecutor$Worker.run(ThreadPoolExecutor.java:624)&#10;        at java.lang.Thread.run(Thread.java:748)&#10;&quot;Datanode ReportManager Thread - 0&quot; daemon prio=5 tid=199 in Object.wait()&#10;java.lang.Thread.State: WAITING (on object monitor)&#10;        at sun.misc.Unsafe.park(Native Method)&#10;        at java.util.concurrent.locks.LockSupport.park(LockSupport.java:175)&#10;        at java.util.concurrent.locks.AbstractQueuedSynchronizer$ConditionObject.await(AbstractQueuedSynchronizer.java:2039)&#10;        at java.util.concurrent.ScheduledThreadPoolExecutor$DelayedWorkQueue.take(ScheduledThreadPoolExecutor.java:1088)&#10;        at java.util.concurrent.ScheduledThreadPoolExecutor$DelayedWorkQueue.take(ScheduledThreadPoolExecutor.java:809)&#10;        at java.util.concurrent.ThreadPoolExecutor.getTask(ThreadPoolExecutor.java:1074)&#10;        at java.util.concurrent.ThreadPoolExecutor.runWorker(ThreadPoolExecutor.java:1134)&#10;        at java.util.concurrent.ThreadPoolExecutor$Worker.run(ThreadPoolExecutor.java:624)&#10;        at java.lang.Thread.run(Thread.java:748)&#10;&quot;pool-186-thread-12&quot;  prio=5 tid=1943 in Object.wait()&#10;java.lang.Thread.State: WAITING (on object monitor)&#10;        at sun.misc.Unsafe.park(Native Method)&#10;        at java.util.concurrent.locks.LockSupport.park(LockSupport.java:175)&#10;        at java.util.concurrent.locks.AbstractQueuedSynchronizer$ConditionObject.await(AbstractQueuedSynchronizer.java:2039)&#10;        at java.util.concurrent.ArrayBlockingQueue.take(ArrayBlockingQueue.java:403)&#10;        at java.util.concurrent.ThreadPoolExecutor.getTask(ThreadPoolExecutor.java:1074)&#10;        at java.util.concurrent.ThreadPoolExecutor.runWorker(ThreadPoolExecutor.java:1134)&#10;        at java.util.concurrent.ThreadPoolExecutor$Worker.run(ThreadPoolExecutor.java:624)&#10;        at java.lang.Thread.run(Thread.java:748)&#10;&quot;pool-186-thread-44&quot;  prio=5 tid=1975 in Object.wait()&#10;java.lang.Thread.State: WAITING (on object monitor)&#10;        at sun.misc.Unsafe.park(Native Method)&#10;        at java.util.concurrent.locks.LockSupport.park(LockSupport.java:175)&#10;        at java.util.concurrent.locks.AbstractQueuedSynchronizer$ConditionObject.await(AbstractQueuedSynchronizer.java:2039)&#10;        at java.util.concurrent.ArrayBlockingQueue.take(ArrayBlockingQueue.java:403)&#10;        at java.util.concurrent.ThreadPoolExecutor.getTask(ThreadPoolExecutor.java:1074)&#10;        at java.util.concurrent.ThreadPoolExecutor.runWorker(ThreadPoolExecutor.java:1134)&#10;        at java.util.concurrent.ThreadPoolExecutor$Worker.run(ThreadPoolExecutor.java:624)&#10;        at java.lang.Thread.run(Thread.java:748)&#10;&quot;pool-197-thread-1&quot;  prio=5 tid=2092 in Object.wait()&#10;java.lang.Thread.State: WAITING (on object monitor)&#10;        at sun.misc.Unsafe.park(Native Method)&#10;        at java.util.concurrent.locks.LockSupport.park(LockSupport.java:175)&#10;        at java.util.concurrent.locks.AbstractQueuedSynchronizer$ConditionObject.await(AbstractQueuedSynchronizer.java:2039)&#10;        at java.util.concurrent.LinkedBlockingQueue.take(LinkedBlockingQueue.java:442)&#10;        at java.util.concurrent.ThreadPoolExecutor.getTask(ThreadPoolExecutor.java:1074)&#10;        at java.util.concurrent.ThreadPoolExecutor.runWorker(ThreadPoolExecutor.java:1134)&#10;        at java.util.concurrent.ThreadPoolExecutor$Worker.run(ThreadPoolExecutor.java:624)&#10;        at java.lang.Thread.run(Thread.java:748)&#10;&quot;RatisPipelineUtilsThread&quot;  prio=5 tid=2057 timed_waiting&#10;java.lang.Thread.State: TIMED_WAITING&#10;        at sun.misc.Unsafe.park(Native Method)&#10;        at java.util.concurrent.locks.LockSupport.parkNanos(LockSupport.java:215)&#10;        at java.util.concurrent.locks.AbstractQueuedSynchronizer$ConditionObject.awaitNanos(AbstractQueuedSynchronizer.java:2078)&#10;        at java.util.concurrent.ScheduledThreadPoolExecutor$DelayedWorkQueue.take(ScheduledThreadPoolExecutor.java:1093)&#10;        at java.util.concurrent.ScheduledThreadPoolExecutor$DelayedWorkQueue.take(ScheduledThreadPoolExecutor.java:809)&#10;        at java.util.concurrent.ThreadPoolExecutor.getTask(ThreadPoolExecutor.java:1074)&#10;        at java.util.concurrent.ThreadPoolExecutor.runWorker(ThreadPoolExecutor.java:1134)&#10;        at java.util.concurrent.ThreadPoolExecutor$Worker.run(ThreadPoolExecutor.java:624)&#10;        at java.lang.Thread.run(Thread.java:748)&#10;&quot;pool-196-thread-27&quot;  prio=5 tid=2020 in Object.wait()&#10;java.lang.Thread.State: WAITING (on object monitor)&#10;        at sun.misc.Unsafe.park(Native Method)&#10;        at java.util.concurrent.locks.LockSupport.park(LockSupport.java:175)&#10;        at java.util.concurrent.locks.AbstractQueuedSynchronizer$ConditionObject.await(AbstractQueuedSynchronizer.java:2039)&#10;        at java.util.concurrent.ArrayBlockingQueue.take(ArrayBlockingQueue.java:403)&#10;        at java.util.concurrent.ThreadPoolExecutor.getTask(ThreadPoolExecutor.java:1074)&#10;        at java.util.concurrent.ThreadPoolExecutor.runWorker(ThreadPoolExecutor.java:1134)&#10;        at java.util.concurrent.ThreadPoolExecutor$Worker.run(ThreadPoolExecutor.java:624)&#10;        at java.lang.Thread.run(Thread.java:748)&#10;&quot;process reaper&quot; daemon prio=10 tid=10 timed_waiting&#10;java.lang.Thread.State: TIMED_WAITING&#10;        at sun.misc.Unsafe.park(Native Method)&#10;        at java.util.concurrent.locks.LockSupport.parkNanos(LockSupport.java:215)&#10;        at java.util.concurrent.SynchronousQueue$TransferStack.awaitFulfill(SynchronousQueue.java:460)&#10;        at java.util.concurrent.SynchronousQueue$TransferStack.transfer(SynchronousQueue.java:362)&#10;        at java.util.concurrent.SynchronousQueue.poll(SynchronousQueue.java:941)&#10;        at java.util.concurrent.ThreadPoolExecutor.getTask(ThreadPoolExecutor.java:1073)&#10;        at java.util.concurrent.ThreadPoolExecutor.runWorker(ThreadPoolExecutor.java:1134)&#10;        at java.util.concurrent.ThreadPoolExecutor$Worker.run(ThreadPoolExecutor.java:624)&#10;        at java.lang.Thread.run(Thread.java:748)&#10;&quot;pool-196-thread-23&quot;  prio=5 tid=2016 in Object.wait()&#10;java.lang.Thread.State: WAITING (on object monitor)&#10;        at sun.misc.Unsafe.park(Native Method)&#10;        at java.util.concurrent.locks.LockSupport.park(LockSupport.java:175)&#10;        at java.util.concurrent.locks.AbstractQueuedSynchronizer$ConditionObject.await(AbstractQueuedSynchronizer.java:2039)&#10;        at java.util.concurrent.ArrayBlockingQueue.take(ArrayBlockingQueue.java:403)&#10;        at java.util.concurrent.ThreadPoolExecutor.getTask(ThreadPoolExecutor.java:1074)&#10;        at java.util.concurrent.ThreadPoolExecutor.runWorker(ThreadPoolExecutor.java:1134)&#10;        at java.util.concurrent.ThreadPoolExecutor$Worker.run(ThreadPoolExecutor.java:624)&#10;        at java.lang.Thread.run(Thread.java:748)&#10;&quot;metrics-hadoop-metrics2-reporter-23-thread-1&quot; daemon prio=5 tid=516 timed_waiting&#10;java.lang.Thread.State: TIMED_WAITING&#10;        at sun.misc.Unsafe.park(Native Method)&#10;        at java.util.concurrent.locks.LockSupport.parkNanos(LockSupport.java:215)&#10;        at java.util.concurrent.locks.AbstractQueuedSynchronizer$ConditionObject.awaitNanos(AbstractQueuedSynchronizer.java:2078)&#10;        at java.util.concurrent.ScheduledThreadPoolExecutor$DelayedWorkQueue.take(ScheduledThreadPoolExecutor.java:1093)&#10;        at java.util.concurrent.ScheduledThreadPoolExecutor$DelayedWorkQueue.take(ScheduledThreadPoolExecutor.java:809)&#10;        at java.util.concurrent.ThreadPoolExecutor.getTask(ThreadPoolExecutor.java:1074)&#10;        at java.util.concurrent.ThreadPoolExecutor.runWorker(ThreadPoolExecutor.java:1134)&#10;        at java.util.concurrent.ThreadPoolExecutor$Worker.run(ThreadPoolExecutor.java:624)&#10;        at java.lang.Thread.run(Thread.java:748)&#10;&quot;pool-196-thread-37&quot;  prio=5 tid=2030 in Object.wait()&#10;java.lang.Thread.State: WAITING (on object monitor)&#10;        at sun.misc.Unsafe.park(Native Method)&#10;        at java.util.concurrent.locks.LockSupport.park(LockSupport.java:175)&#10;        at java.util.concurrent.locks.AbstractQueuedSynchronizer$ConditionObject.await(AbstractQueuedSynchronizer.java:2039)&#10;        at java.util.concurrent.ArrayBlockingQueue.take(ArrayBlockingQueue.java:403)&#10;        at java.util.concurrent.ThreadPoolExecutor.getTask(ThreadPoolExecutor.java:1074)&#10;        at java.util.concurrent.ThreadPoolExecutor.runWorker(ThreadPoolExecutor.java:1134)&#10;        at java.util.concurrent.ThreadPoolExecutor$Worker.run(ThreadPoolExecutor.java:624)&#10;        at java.lang.Thread.run(Thread.java:748)&#10;&quot;PartialTableCache Cleanup Thread - 0&quot; daemon prio=5 tid=542 in Object.wait()&#10;java.lang.Thread.State: WAITING (on object monitor)&#10;        at sun.misc.Unsafe.park(Native Method)&#10;        at java.util.concurrent.locks.LockSupport.park(LockSupport.java:175)&#10;        at java.util.concurrent.locks.AbstractQueuedSynchronizer$ConditionObject.await(AbstractQueuedSynchronizer.java:2039)&#10;        at java.util.concurrent.LinkedBlockingQueue.take(LinkedBlockingQueue.java:442)&#10;        at java.util.concurrent.ThreadPoolExecutor.getTask(ThreadPoolExecutor.java:1074)&#10;        at java.util.concurrent.ThreadPoolExecutor.runWorker(ThreadPoolExecutor.java:1134)&#10;        at java.util.concurrent.ThreadPoolExecutor$Worker.run(ThreadPoolExecutor.java:624)&#10;        at java.lang.Thread.run(Thread.java:748)&#10;&quot;qtp2051361244-1776&quot; daemon prio=5 tid=1776 runnable&#10;java.lang.Thread.State: RUNNABLE&#10;        at sun.nio.ch.EPollArrayWrapper.epollWait(Native Method)&#10;        at sun.nio.ch.EPollArrayWrapper.poll(EPollArrayWrapper.java:269)&#10;        at sun.nio.ch.EPollSelectorImpl.doSelect(EPollSelectorImpl.java:93)&#10;        at sun.nio.ch.SelectorImpl.lockAndDoSelect(SelectorImpl.java:86)&#10;        at sun.nio.ch.SelectorImpl.select(SelectorImpl.java:97)&#10;        at sun.nio.ch.SelectorImpl.select(SelectorImpl.java:101)&#10;        at org.eclipse.jetty.io.ManagedSelector$SelectorProducer.select(ManagedSelector.java:243)&#10;        at org.eclipse.jetty.io.ManagedSelector$SelectorProducer.produce(ManagedSelector.java:191)&#10;        at org.eclipse.jetty.util.thread.strategy.ExecuteProduceConsume.executeProduceConsume(ExecuteProduceConsume.java:249)&#10;        at org.eclipse.jetty.util.thread.strategy.ExecuteProduceConsume.produceConsume(ExecuteProduceConsume.java:148)&#10;        at org.eclipse.jetty.util.thread.strategy.ExecuteProduceConsume.execute(ExecuteProduceConsume.java:100)&#10;        at org.eclipse.jetty.io.ManagedSelector.run(ManagedSelector.java:147)&#10;        at org.eclipse.jetty.util.thread.QueuedThreadPool.runJob(QueuedThreadPool.java:671)&#10;        at org.eclipse.jetty.util.thread.QueuedThreadPool$2.run(QueuedThreadPool.java:589)&#10;        at java.lang.Thread.run(Thread.java:748)&#10;&quot;KeyDeletingService#0&quot; daemon prio=5 tid=1753 timed_waiting&#10;java.lang.Thread.State: TIMED_WAITING&#10;        at sun.misc.Unsafe.park(Native Method)&#10;        at java.util.concurrent.locks.LockSupport.parkNanos(LockSupport.java:215)&#10;        at java.util.concurrent.locks.AbstractQueuedSynchronizer$ConditionObject.awaitNanos(AbstractQueuedSynchronizer.java:2078)&#10;        at java.util.concurrent.ScheduledThreadPoolExecutor$DelayedWorkQueue.take(ScheduledThreadPoolExecutor.java:1093)&#10;        at java.util.concurrent.ScheduledThreadPoolExecutor$DelayedWorkQueue.take(ScheduledThreadPoolExecutor.java:809)&#10;        at java.util.concurrent.ThreadPoolExecutor.getTask(ThreadPoolExecutor.java:1074)&#10;        at java.util.concurrent.ThreadPoolExecutor.runWorker(ThreadPoolExecutor.java:1134)&#10;        at java.util.concurrent.ThreadPoolExecutor$Worker.run(ThreadPoolExecutor.java:624)&#10;        at java.lang.Thread.run(Thread.java:748)&#10;&quot;IPC Server handler 0 on 33059&quot; daemon prio=5 tid=1671 timed_waiting&#10;java.lang.Thread.State: TIMED_WAITING&#10;        at sun.misc.Unsafe.park(Native Method)&#10;        at java.util.concurrent.locks.LockSupport.parkNanos(LockSupport.java:215)&#10;        at java.util.concurrent.locks.AbstractQueuedSynchronizer$ConditionObject.awaitNanos(AbstractQueuedSynchronizer.java:2078)&#10;        at java.util.concurrent.LinkedBlockingQueue.poll(LinkedBlockingQueue.java:467)&#10;        at org.apache.hadoop.ipc.CallQueueManager.take(CallQueueManager.java:288)&#10;        at org.apache.hadoop.ipc.Server$Handler.run(Server.java:2668)&#10;&quot;pool-176-thread-39&quot;  prio=5 tid=1907 in Object.wait()&#10;java.lang.Thread.State: WAITING (on object monitor)&#10;        at sun.misc.Unsafe.park(Native Method)&#10;        at java.util.concurrent.locks.LockSupport.park(LockSupport.java:175)&#10;        at java.util.concurrent.locks.AbstractQueuedSynchronizer$ConditionObject.await(AbstractQueuedSynchronizer.java:2039)&#10;        at java.util.concurrent.ArrayBlockingQueue.take(ArrayBlockingQueue.java:403)&#10;        at java.util.concurrent.ThreadPoolExecutor.getTask(ThreadPoolExecutor.java:1074)&#10;        at java.util.concurrent.ThreadPoolExecutor.runWorker(ThreadPoolExecutor.java:1134)&#10;        at java.util.concurrent.ThreadPoolExecutor$Worker.run(ThreadPoolExecutor.java:624)&#10;        at java.lang.Thread.run(Thread.java:748)&#10;&quot;IPC Server handler 3 on 33059&quot; daemon prio=5 tid=1674 timed_waiting&#10;java.lang.Thread.State: TIMED_WAITING&#10;        at sun.misc.Unsafe.park(Native Method)&#10;        at java.util.concurrent.locks.LockSupport.parkNanos(LockSupport.java:215)&#10;        at java.util.concurrent.locks.AbstractQueuedSynchronizer$ConditionObject.awaitNanos(AbstractQueuedSynchronizer.java:2078)&#10;        at java.util.concurrent.LinkedBlockingQueue.poll(LinkedBlockingQueue.java:467)&#10;        at org.apache.hadoop.ipc.CallQueueManager.take(CallQueueManager.java:288)&#10;        at org.apache.hadoop.ipc.Server$Handler.run(Server.java:2668)&#10;&quot;metrics-hadoop-metrics2-reporter-73-thread-1&quot; daemon prio=5 tid=1551 timed_waiting&#10;java.lang.Thread.State: TIMED_WAITING&#10;        at sun.misc.Unsafe.park(Native Method)&#10;        at java.util.concurrent.locks.LockSupport.parkNanos(LockSupport.java:215)&#10;        at java.util.concurrent.locks.AbstractQueuedSynchronizer$ConditionObject.awaitNanos(AbstractQueuedSynchronizer.java:2078)&#10;        at java.util.concurrent.ScheduledThreadPoolExecutor$DelayedWorkQueue.take(ScheduledThreadPoolExecutor.java:1093)&#10;        at java.util.concurrent.ScheduledThreadPoolExecutor$DelayedWorkQueue.take(ScheduledThreadPoolExecutor.java:809)&#10;        at java.util.concurrent.ThreadPoolExecutor.getTask(ThreadPoolExecutor.java:1074)&#10;        at java.util.concurrent.ThreadPoolExecutor.runWorker(ThreadPoolExecutor.java:1134)&#10;        at java.util.concurrent.ThreadPoolExecutor$Worker.run(ThreadPoolExecutor.java:624)&#10;        at java.lang.Thread.run(Thread.java:748)&#10;&quot;metrics-hadoop-metrics2-reporter-39-thread-1&quot; daemon prio=5 tid=1000 timed_waiting&#10;java.lang.Thread.State: TIMED_WAITING&#10;        at sun.misc.Unsafe.park(Native Method)&#10;        at java.util.concurrent.locks.LockSupport.parkNanos(LockSupport.java:215)&#10;        at java.util.concurrent.locks.AbstractQueuedSynchronizer$ConditionObject.awaitNanos(AbstractQueuedSynchronizer.java:2078)&#10;        at java.util.concurrent.ScheduledThreadPoolExecutor$DelayedWorkQueue.take(ScheduledThreadPoolExecutor.java:1093)&#10;        at java.util.concurrent.ScheduledThreadPoolExecutor$DelayedWorkQueue.take(ScheduledThreadPoolExecutor.java:809)&#10;        at java.util.concurrent.ThreadPoolExecutor.getTask(ThreadPoolExecutor.java:1074)&#10;        at java.util.concurrent.ThreadPoolExecutor.runWorker(ThreadPoolExecutor.java:1134)&#10;        at java.util.concurrent.ThreadPoolExecutor$Worker.run(ThreadPoolExecutor.java:624)&#10;        at java.lang.Thread.run(Thread.java:748)&#10;&quot;pool-196-thread-31&quot;  prio=5 tid=2024 in Object.wait()&#10;java.lang.Thread.State: WAITING (on object monitor)&#10;        at sun.misc.Unsafe.park(Native Method)&#10;        at java.util.concurrent.locks.LockSupport.park(LockSupport.java:175)&#10;        at java.util.concurrent.locks.AbstractQueuedSynchronizer$ConditionObject.await(AbstractQueuedSynchronizer.java:2039)&#10;        at java.util.concurrent.ArrayBlockingQueue.take(ArrayBlockingQueue.java:403)&#10;        at java.util.concurrent.ThreadPoolExecutor.getTask(ThreadPoolExecutor.java:1074)&#10;        at java.util.concurrent.ThreadPoolExecutor.runWorker(ThreadPoolExecutor.java:1134)&#10;        at java.util.concurrent.ThreadPoolExecutor$Worker.run(ThreadPoolExecutor.java:624)&#10;        at java.lang.Thread.run(Thread.java:748)&#10;&quot;qtp2051361244-1783&quot; daemon prio=5 tid=1783 timed_waiting&#10;java.lang.Thread.State: TIMED_WAITING&#10;        at sun.misc.Unsafe.park(Native Method)&#10;        at java.util.concurrent.locks.LockSupport.parkNanos(LockSupport.java:215)&#10;        at java.util.concurrent.locks.AbstractQueuedSynchronizer$ConditionObject.awaitNanos(AbstractQueuedSynchronizer.java:2078)&#10;        at org.eclipse.jetty.util.BlockingArrayQueue.poll(BlockingArrayQueue.java:392)&#10;        at org.eclipse.jetty.util.thread.QueuedThreadPool.idleJobPoll(QueuedThreadPool.java:563)&#10;        at org.eclipse.jetty.util.thread.QueuedThreadPool.access$800(QueuedThreadPool.java:48)&#10;        at org.eclipse.jetty.util.thread.QueuedThreadPool$2.run(QueuedThreadPool.java:626)&#10;        at java.lang.Thread.run(Thread.java:748)&#10;&quot;pool-196-thread-38&quot;  prio=5 tid=2031 in Object.wait()&#10;java.lang.Thread.State: WAITING (on object monitor)&#10;        at sun.misc.Unsafe.park(Native Method)&#10;        at java.util.concurrent.locks.LockSupport.park(LockSupport.java:175)&#10;        at java.util.concurrent.locks.AbstractQueuedSynchronizer$ConditionObject.await(AbstractQueuedSynchronizer.java:2039)&#10;        at java.util.concurrent.ArrayBlockingQueue.take(ArrayBlockingQueue.java:403)&#10;        at java.util.concurrent.ThreadPoolExecutor.getTask(ThreadPoolExecutor.java:1074)&#10;        at java.util.concurrent.ThreadPoolExecutor.runWorker(ThreadPoolExecutor.java:1134)&#10;        at java.util.concurrent.ThreadPoolExecutor$Worker.run(ThreadPoolExecutor.java:624)&#10;        at java.lang.Thread.run(Thread.java:748)&#10;&quot;qtp915734066-1795&quot; daemon prio=5 tid=1795 runnable&#10;java.lang.Thread.State: RUNNABLE&#10;        at sun.nio.ch.EPollArrayWrapper.epollWait(Native Method)&#10;        at sun.nio.ch.EPollArrayWrapper.poll(EPollArrayWrapper.java:269)&#10;        at sun.nio.ch.EPollSelectorImpl.doSelect(EPollSelectorImpl.java:93)&#10;        at sun.nio.ch.SelectorImpl.lockAndDoSelect(SelectorImpl.java:86)&#10;        at sun.nio.ch.SelectorImpl.select(SelectorImpl.java:97)&#10;        at sun.nio.ch.SelectorImpl.select(SelectorImpl.java:101)&#10;        at org.eclipse.jetty.io.ManagedSelector$SelectorProducer.select(ManagedSelector.java:243)&#10;        at org.eclipse.jetty.io.ManagedSelector$SelectorProducer.produce(ManagedSelector.java:191)&#10;        at org.eclipse.jetty.util.thread.strategy.ExecuteProduceConsume.executeProduceConsume(ExecuteProduceConsume.java:249)&#10;        at org.eclipse.jetty.util.thread.strategy.ExecuteProduceConsume.produceConsume(ExecuteProduceConsume.java:148)&#10;        at org.eclipse.jetty.util.thread.strategy.ExecuteProduceConsume.execute(ExecuteProduceConsume.java:100)&#10;        at org.eclipse.jetty.io.ManagedSelector.run(ManagedSelector.java:147)&#10;        at org.eclipse.jetty.util.thread.QueuedThreadPool.runJob(QueuedThreadPool.java:671)&#10;        at org.eclipse.jetty.util.thread.QueuedThreadPool$2.run(QueuedThreadPool.java:589)&#10;        at java.lang.Thread.run(Thread.java:748)&#10;&quot;pool-184-thread-1&quot; daemon prio=5 tid=1819 timed_waiting&#10;java.lang.Thread.State: TIMED_WAITING&#10;        at sun.misc.Unsafe.park(Native Method)&#10;        at java.util.concurrent.locks.LockSupport.parkNanos(LockSupport.java:215)&#10;        at java.util.concurrent.locks.AbstractQueuedSynchronizer$ConditionObject.awaitNanos(AbstractQueuedSynchronizer.java:2078)&#10;        at java.util.concurrent.ScheduledThreadPoolExecutor$DelayedWorkQueue.take(ScheduledThreadPoolExecutor.java:1093)&#10;        at java.util.concurrent.ScheduledThreadPoolExecutor$DelayedWorkQueue.take(ScheduledThreadPoolExecutor.java:809)&#10;        at java.util.concurrent.ThreadPoolExecutor.getTask(ThreadPoolExecutor.java:1074)&#10;        at java.util.concurrent.ThreadPoolExecutor.runWorker(ThreadPoolExecutor.java:1134)&#10;        at java.util.concurrent.ThreadPoolExecutor$Worker.run(ThreadPoolExecutor.java:624)&#10;        at java.lang.Thread.run(Thread.java:748)&#10;&quot;grpc-default-boss-ELG-8-1&quot; daemon prio=5 tid=1929 runnable&#10;java.lang.Thread.State: RUNNABLE&#10;        at sun.nio.ch.EPollArrayWrapper.epollWait(Native Method)&#10;        at sun.nio.ch.EPollArrayWrapper.poll(EPollArrayWrapper.java:269)&#10;        at sun.nio.ch.EPollSelectorImpl.doSelect(EPollSelectorImpl.java:93)&#10;        at sun.nio.ch.SelectorImpl.lockAndDoSelect(SelectorImpl.java:86)&#10;        at sun.nio.ch.SelectorImpl.select(SelectorImpl.java:97)&#10;        at org.apache.ratis.thirdparty.io.netty.channel.nio.SelectedSelectionKeySetSelector.select(SelectedSelectionKeySetSelector.java:62)&#10;        at org.apache.ratis.thirdparty.io.netty.channel.nio.NioEventLoop.select(NioEventLoop.java:753)&#10;        at org.apache.ratis.thirdparty.io.netty.channel.nio.NioEventLoop.run(NioEventLoop.java:408)&#10;        at org.apache.ratis.thirdparty.io.netty.util.concurrent.SingleThreadEventExecutor$5.run(SingleThreadEventExecutor.java:897)&#10;        at org.apache.ratis.thirdparty.io.netty.util.concurrent.FastThreadLocalRunnable.run(FastThreadLocalRunnable.java:30)&#10;        at java.lang.Thread.run(Thread.java:748)&#10;&quot;PartialTableCache Cleanup Thread - 0&quot; daemon prio=5 tid=544 in Object.wait()&#10;java.lang.Thread.State: WAITING (on object monitor)&#10;        at sun.misc.Unsafe.park(Native Method)&#10;        at java.util.concurrent.locks.LockSupport.park(LockSupport.java:175)&#10;        at java.util.concurrent.locks.AbstractQueuedSynchronizer$ConditionObject.await(AbstractQueuedSynchronizer.java:2039)&#10;        at java.util.concurrent.LinkedBlockingQueue.take(LinkedBlockingQueue.java:442)&#10;        at java.util.concurrent.ThreadPoolExecutor.getTask(ThreadPoolExecutor.java:1074)&#10;        at java.util.concurrent.ThreadPoolExecutor.runWorker(ThreadPoolExecutor.java:1134)&#10;        at java.util.concurrent.ThreadPoolExecutor$Worker.run(ThreadPoolExecutor.java:624)&#10;        at java.lang.Thread.run(Thread.java:748)&#10;&quot;grpc-default-executor-2&quot; daemon prio=5 tid=2106 timed_waiting&#10;java.lang.Thread.State: TIMED_WAITING&#10;        at sun.misc.Unsafe.park(Native Method)&#10;        at java.util.concurrent.locks.LockSupport.parkNanos(LockSupport.java:215)&#10;        at java.util.concurrent.SynchronousQueue$TransferStack.awaitFulfill(SynchronousQueue.java:460)&#10;        at java.util.concurrent.SynchronousQueue$TransferStack.transfer(SynchronousQueue.java:362)&#10;        at java.util.concurrent.SynchronousQueue.poll(SynchronousQueue.java:941)&#10;        at java.util.concurrent.ThreadPoolExecutor.getTask(ThreadPoolExecutor.java:1073)&#10;        at java.util.concurrent.ThreadPoolExecutor.runWorker(ThreadPoolExecutor.java:1134)&#10;        at java.util.concurrent.ThreadPoolExecutor$Worker.run(ThreadPoolExecutor.java:624)&#10;        at java.lang.Thread.run(Thread.java:748)&#10;&quot;qtp915734066-1796-acceptor-0@1b1d89d4-ServerConnector@4891cbfd{HTTP/1.1,[http/1.1]}{0.0.0.0:37272}&quot; daemon prio=3 tid=1796 runnable&#10;java.lang.Thread.State: RUNNABLE&#10;        at sun.nio.ch.ServerSocketChannelImpl.accept0(Native Method)&#10;        at sun.nio.ch.ServerSocketChannelImpl.accept(ServerSocketChannelImpl.java:422)&#10;        at sun.nio.ch.ServerSocketChannelImpl.accept(ServerSocketChannelImpl.java:250)&#10;        at org.eclipse.jetty.server.ServerConnector.accept(ServerConnector.java:397)&#10;        at org.eclipse.jetty.server.AbstractConnector$Acceptor.run(AbstractConnector.java:601)&#10;        at org.eclipse.jetty.util.thread.QueuedThreadPool.runJob(QueuedThreadPool.java:671)&#10;        at org.eclipse.jetty.util.thread.QueuedThreadPool$2.run(QueuedThreadPool.java:589)&#10;        at java.lang.Thread.run(Thread.java:748)&#10;&quot;qtp1145772033-1737&quot; daemon prio=5 tid=1737 timed_waiting&#10;java.lang.Thread.State: TIMED_WAITING&#10;        at sun.misc.Unsafe.park(Native Method)&#10;        at java.util.concurrent.locks.LockSupport.parkNanos(LockSupport.java:215)&#10;        at java.util.concurrent.locks.AbstractQueuedSynchronizer$ConditionObject.awaitNanos(AbstractQueuedSynchronizer.java:2078)&#10;        at org.eclipse.jetty.util.BlockingArrayQueue.poll(BlockingArrayQueue.java:392)&#10;        at org.eclipse.jetty.util.thread.QueuedThreadPool.idleJobPoll(QueuedThreadPool.java:563)&#10;        at org.eclipse.jetty.util.thread.QueuedThreadPool.access$800(QueuedThreadPool.java:48)&#10;        at org.eclipse.jetty.util.thread.QueuedThreadPool$2.run(QueuedThreadPool.java:626)&#10;        at java.lang.Thread.run(Thread.java:748)&#10;&quot;pool-186-thread-24&quot;  prio=5 tid=1955 in Object.wait()&#10;java.lang.Thread.State: WAITING (on object monitor)&#10;        at sun.misc.Unsafe.park(Native Method)&#10;        at java.util.concurrent.locks.LockSupport.park(LockSupport.java:175)&#10;        at java.util.concurrent.locks.AbstractQueuedSynchronizer$ConditionObject.await(AbstractQueuedSynchronizer.java:2039)&#10;        at java.util.concurrent.ArrayBlockingQueue.take(ArrayBlockingQueue.java:403)&#10;        at java.util.concurrent.ThreadPoolExecutor.getTask(ThreadPoolExecutor.java:1074)&#10;        at java.util.concurrent.ThreadPoolExecutor.runWorker(ThreadPoolExecutor.java:1134)&#10;        at java.util.concurrent.ThreadPoolExecutor$Worker.run(ThreadPoolExecutor.java:624)&#10;        at java.lang.Thread.run(Thread.java:748)&#10;&quot;pool-196-thread-15&quot;  prio=5 tid=2008 in Object.wait()&#10;java.lang.Thread.State: WAITING (on object monitor)&#10;        at sun.misc.Unsafe.park(Native Method)&#10;        at java.util.concurrent.locks.LockSupport.park(LockSupport.java:175)&#10;        at java.util.concurrent.locks.AbstractQueuedSynchronizer$ConditionObject.await(AbstractQueuedSynchronizer.java:2039)&#10;        at java.util.concurrent.ArrayBlockingQueue.take(ArrayBlockingQueue.java:403)&#10;        at java.util.concurrent.ThreadPoolExecutor.getTask(ThreadPoolExecutor.java:1074)&#10;        at java.util.concurrent.ThreadPoolExecutor.runWorker(ThreadPoolExecutor.java:1134)&#10;        at java.util.concurrent.ThreadPoolExecutor$Worker.run(ThreadPoolExecutor.java:624)&#10;        at java.lang.Thread.run(Thread.java:748)&#10;&quot;Datanode ReportManager Thread - 3&quot; daemon prio=5 tid=202 timed_waiting&#10;java.lang.Thread.State: TIMED_WAITING&#10;        at sun.misc.Unsafe.park(Native Method)&#10;        at java.util.concurrent.locks.LockSupport.parkNanos(LockSupport.java:215)&#10;        at java.util.concurrent.locks.AbstractQueuedSynchronizer$ConditionObject.awaitNanos(AbstractQueuedSynchronizer.java:2078)&#10;        at java.util.concurrent.ScheduledThreadPoolExecutor$DelayedWorkQueue.take(ScheduledThreadPoolExecutor.java:1093)&#10;        at java.util.concurrent.ScheduledThreadPoolExecutor$DelayedWorkQueue.take(ScheduledThreadPoolExecutor.java:809)&#10;        at java.util.concurrent.ThreadPoolExecutor.getTask(ThreadPoolExecutor.java:1074)&#10;        at java.util.concurrent.ThreadPoolExecutor.runWorker(ThreadPoolExecutor.java:1134)&#10;        at java.util.concurrent.ThreadPoolExecutor$Worker.run(ThreadPoolExecutor.java:624)&#10;        at java.lang.Thread.run(Thread.java:748)&#10;&quot;Datanode ReportManager Thread - 2&quot; daemon prio=5 tid=1809 timed_waiting&#10;java.lang.Thread.State: TIMED_WAITING&#10;        at sun.misc.Unsafe.park(Native Method)&#10;        at java.util.concurrent.locks.LockSupport.parkNanos(LockSupport.java:215)&#10;        at java.util.concurrent.locks.AbstractQueuedSynchronizer$ConditionObject.awaitNanos(AbstractQueuedSynchronizer.java:2078)&#10;        at java.util.concurrent.ScheduledThreadPoolExecutor$DelayedWorkQueue.take(ScheduledThreadPoolExecutor.java:1093)&#10;        at java.util.concurrent.ScheduledThreadPoolExecutor$DelayedWorkQueue.take(ScheduledThreadPoolExecutor.java:809)&#10;        at java.util.concurrent.ThreadPoolExecutor.getTask(ThreadPoolExecutor.java:1074)&#10;        at java.util.concurrent.ThreadPoolExecutor.runWorker(ThreadPoolExecutor.java:1134)&#10;        at java.util.concurrent.ThreadPoolExecutor$Worker.run(ThreadPoolExecutor.java:624)&#10;        at java.lang.Thread.run(Thread.java:748)&#10;&quot;IPC Server handler 14 on 39395&quot; daemon prio=5 tid=1705 timed_waiting&#10;java.lang.Thread.State: TIMED_WAITING&#10;        at sun.misc.Unsafe.park(Native Method)&#10;        at java.util.concurrent.locks.LockSupport.parkNanos(LockSupport.java:215)&#10;        at java.util.concurrent.locks.AbstractQueuedSynchronizer$ConditionObject.awaitNanos(AbstractQueuedSynchronizer.java:2078)&#10;        at java.util.concurrent.LinkedBlockingQueue.poll(LinkedBlockingQueue.java:467)&#10;        at org.apache.hadoop.ipc.CallQueueManager.take(CallQueueManager.java:288)&#10;        at org.apache.hadoop.ipc.Server$Handler.run(Server.java:2668)&#10;&quot;metrics-hadoop-metrics2-reporter-105-thread-1&quot; daemon prio=5 tid=2140 timed_waiting&#10;java.lang.Thread.State: TIMED_WAITING&#10;        at sun.misc.Unsafe.park(Native Method)&#10;        at java.util.concurrent.locks.LockSupport.parkNanos(LockSupport.java:215)&#10;        at java.util.concurrent.locks.AbstractQueuedSynchronizer$ConditionObject.awaitNanos(AbstractQueuedSynchronizer.java:2078)&#10;        at java.util.concurrent.ScheduledThreadPoolExecutor$DelayedWorkQueue.take(ScheduledThreadPoolExecutor.java:1093)&#10;        at java.util.concurrent.ScheduledThreadPoolExecutor$DelayedWorkQueue.take(ScheduledThreadPoolExecutor.java:809)&#10;        at java.util.concurrent.ThreadPoolExecutor.getTask(ThreadPoolExecutor.java:1074)&#10;        at java.util.concurrent.ThreadPoolExecutor.runWorker(ThreadPoolExecutor.java:1134)&#10;        at java.util.concurrent.ThreadPoolExecutor$Worker.run(ThreadPoolExecutor.java:624)&#10;        at java.lang.Thread.run(Thread.java:748)&#10;&quot;qtp1314460166-1823-acceptor-0@6768e0d5-ServerConnector@195b4953{HTTP/1.1,[http/1.1]}{0.0.0.0:35552}&quot; daemon prio=3 tid=1823 runnable&#10;java.lang.Thread.State: RUNNABLE&#10;        at sun.nio.ch.ServerSocketChannelImpl.accept0(Native Method)&#10;        at sun.nio.ch.ServerSocketChannelImpl.accept(ServerSocketChannelImpl.java:422)&#10;        at sun.nio.ch.ServerSocketChannelImpl.accept(ServerSocketChannelImpl.java:250)&#10;        at org.eclipse.jetty.server.ServerConnector.accept(ServerConnector.java:397)&#10;        at org.eclipse.jetty.server.AbstractConnector$Acceptor.run(AbstractConnector.java:601)&#10;        at org.eclipse.jetty.util.thread.QueuedThreadPool.runJob(QueuedThreadPool.java:671)&#10;        at org.eclipse.jetty.util.thread.QueuedThreadPool$2.run(QueuedThreadPool.java:589)&#10;        at java.lang.Thread.run(Thread.java:748)&#10;&quot;pool-186-thread-58&quot;  prio=5 tid=1989 in Object.wait()&#10;java.lang.Thread.State: WAITING (on object monitor)&#10;        at sun.misc.Unsafe.park(Native Method)&#10;        at java.util.concurrent.locks.LockSupport.park(LockSupport.java:175)&#10;        at java.util.concurrent.locks.AbstractQueuedSynchronizer$ConditionObject.await(AbstractQueuedSynchronizer.java:2039)&#10;        at java.util.concurrent.ArrayBlockingQueue.take(ArrayBlockingQueue.java:403)&#10;        at java.util.concurrent.ThreadPoolExecutor.getTask(ThreadPoolExecutor.java:1074)&#10;        at java.util.concurrent.ThreadPoolExecutor.runWorker(ThreadPoolExecutor.java:1134)&#10;        at java.util.concurrent.ThreadPoolExecutor$Worker.run(ThreadPoolExecutor.java:624)&#10;        at java.lang.Thread.run(Thread.java:748)&#10;&quot;IPC Server handler 6 on 46187&quot; daemon prio=5 tid=1761 timed_waiting&#10;java.lang.Thread.State: TIMED_WAITING&#10;        at sun.misc.Unsafe.park(Native Method)&#10;        at java.util.concurrent.locks.LockSupport.parkNanos(LockSupport.java:215)&#10;        at java.util.concurrent.locks.AbstractQueuedSynchronizer$ConditionObject.awaitNanos(AbstractQueuedSynchronizer.java:2078)&#10;        at java.util.concurrent.LinkedBlockingQueue.poll(LinkedBlockingQueue.java:467)&#10;        at org.apache.hadoop.ipc.CallQueueManager.take(CallQueueManager.java:288)&#10;        at org.apache.hadoop.ipc.Server$Handler.run(Server.java:2668)&#10;&quot;Command processor thread&quot; daemon prio=5 tid=1838 timed_waiting&#10;java.lang.Thread.State: TIMED_WAITING&#10;        at java.lang.Thread.sleep(Native Method)&#10;        at org.apache.hadoop.ozone.container.common.statemachine.DatanodeStateMachine.lambda$initCommandHandlerThread$1(DatanodeStateMachine.java:439)&#10;        at org.apache.hadoop.ozone.container.common.statemachine.DatanodeStateMachine$$Lambda$141/605207612.run(Unknown Source)&#10;        at java.lang.Thread.run(Thread.java:748)&#10;&quot;7f29c796-0732-402f-b865-67033766dcba@group-BF47CC5A3576-SegmentedRaftLogWorker&quot;  prio=5 tid=2095 timed_waiting&#10;java.lang.Thread.State: TIMED_WAITING&#10;        at sun.misc.Unsafe.park(Native Method)&#10;        at java.util.concurrent.locks.LockSupport.parkNanos(LockSupport.java:215)&#10;        at java.util.concurrent.locks.AbstractQueuedSynchronizer$ConditionObject.awaitNanos(AbstractQueuedSynchronizer.java:2078)&#10;        at org.apache.ratis.util.DataBlockingQueue.poll(DataBlockingQueue.java:137)&#10;        at org.apache.ratis.server.raftlog.segmented.SegmentedRaftLogWorker.run(SegmentedRaftLogWorker.java:282)&#10;        at java.lang.Thread.run(Thread.java:748)&#10;&quot;pool-177-thread-1&quot;  prio=5 tid=2070 in Object.wait()&#10;java.lang.Thread.State: WAITING (on object monitor)&#10;        at sun.misc.Unsafe.park(Native Method)&#10;        at java.util.concurrent.locks.LockSupport.park(LockSupport.java:175)&#10;        at java.util.concurrent.locks.AbstractQueuedSynchronizer$ConditionObject.await(AbstractQueuedSynchronizer.java:2039)&#10;        at java.util.concurrent.LinkedBlockingQueue.take(LinkedBlockingQueue.java:442)&#10;        at java.util.concurrent.ThreadPoolExecutor.getTask(ThreadPoolExecutor.java:1074)&#10;        at java.util.concurrent.ThreadPoolExecutor.runWorker(ThreadPoolExecutor.java:1134)&#10;        at java.util.concurrent.ThreadPoolExecutor$Worker.run(ThreadPoolExecutor.java:624)&#10;        at java.lang.Thread.run(Thread.java:748)&#10;&quot;IPC Server Responder&quot; daemon prio=5 tid=1663 runnable&#10;java.lang.Thread.State: RUNNABLE&#10;        at sun.nio.ch.EPollArrayWrapper.epollWait(Native Method)&#10;        at sun.nio.ch.EPollArrayWrapper.poll(EPollArrayWrapper.java:269)&#10;        at sun.nio.ch.EPollSelectorImpl.doSelect(EPollSelectorImpl.java:93)&#10;        at sun.nio.ch.SelectorImpl.lockAndDoSelect(SelectorImpl.java:86)&#10;        at sun.nio.ch.SelectorImpl.select(SelectorImpl.java:97)&#10;        at org.apache.hadoop.ipc.Server$Responder.doRunLoop(Server.java:1334)&#10;        at org.apache.hadoop.ipc.Server$Responder.run(Server.java:1317)&#10;&quot;pool-196-thread-30&quot;  prio=5 tid=2023 in Object.wait()&#10;java.lang.Thread.State: WAITING (on object monitor)&#10;        at sun.misc.Unsafe.park(Native Method)&#10;        at java.util.concurrent.locks.LockSupport.park(LockSupport.java:175)&#10;        at java.util.concurrent.locks.AbstractQueuedSynchronizer$ConditionObject.await(AbstractQueuedSynchronizer.java:2039)&#10;        at java.util.concurrent.ArrayBlockingQueue.take(ArrayBlockingQueue.java:403)&#10;        at java.util.concurrent.ThreadPoolExecutor.getTask(ThreadPoolExecutor.java:1074)&#10;        at java.util.concurrent.ThreadPoolExecutor.runWorker(ThreadPoolExecutor.java:1134)&#10;        at java.util.concurrent.ThreadPoolExecutor$Worker.run(ThreadPoolExecutor.java:624)&#10;        at java.lang.Thread.run(Thread.java:748)&#10;&quot;Datanode State Machine Thread - 0&quot; daemon prio=5 tid=1840 timed_waiting&#10;java.lang.Thread.State: TIMED_WAITING&#10;        at sun.misc.Unsafe.park(Native Method)&#10;        at java.util.concurrent.locks.LockSupport.parkNanos(LockSupport.java:215)&#10;        at java.util.concurrent.SynchronousQueue$TransferStack.awaitFulfill(SynchronousQueue.java:460)&#10;        at java.util.concurrent.SynchronousQueue$TransferStack.transfer(SynchronousQueue.java:362)&#10;        at java.util.concurrent.SynchronousQueue.poll(SynchronousQueue.java:941)&#10;        at java.util.concurrent.ThreadPoolExecutor.getTask(ThreadPoolExecutor.java:1073)&#10;        at java.util.concurrent.ThreadPoolExecutor.runWorker(ThreadPoolExecutor.java:1134)&#10;        at java.util.concurrent.ThreadPoolExecutor$Worker.run(ThreadPoolExecutor.java:624)&#10;        at java.lang.Thread.run(Thread.java:748)&#10;&quot;metrics-hadoop-metrics2-reporter-46-thread-1&quot; daemon prio=5 tid=1024 timed_waiting&#10;java.lang.Thread.State: TIMED_WAITING&#10;        at sun.misc.Unsafe.park(Native Method)&#10;        at java.util.concurrent.locks.LockSupport.parkNanos(LockSupport.java:215)&#10;        at java.util.concurrent.locks.AbstractQueuedSynchronizer$ConditionObject.awaitNanos(AbstractQueuedSynchronizer.java:2078)&#10;        at java.util.concurrent.ScheduledThreadPoolExecutor$DelayedWorkQueue.take(ScheduledThreadPoolExecutor.java:1093)&#10;        at java.util.concurrent.ScheduledThreadPoolExecutor$DelayedWorkQueue.take(ScheduledThreadPoolExecutor.java:809)&#10;        at java.util.concurrent.ThreadPoolExecutor.getTask(ThreadPoolExecutor.java:1074)&#10;        at java.util.concurrent.ThreadPoolExecutor.runWorker(ThreadPoolExecutor.java:1134)&#10;        at java.util.concurrent.ThreadPoolExecutor$Worker.run(ThreadPoolExecutor.java:624)&#10;        at java.lang.Thread.run(Thread.java:748)&#10;&quot;pool-176-thread-59&quot;  prio=5 tid=1927 in Object.wait()&#10;java.lang.Thread.State: WAITING (on object monitor)&#10;        at sun.misc.Unsafe.park(Native Method)&#10;        at java.util.concurrent.locks.LockSupport.park(LockSupport.java:175)&#10;        at java.util.concurrent.locks.AbstractQueuedSynchronizer$ConditionObject.await(AbstractQueuedSynchronizer.java:2039)&#10;        at java.util.concurrent.ArrayBlockingQueue.take(ArrayBlockingQueue.java:403)&#10;        at java.util.concurrent.ThreadPoolExecutor.getTask(ThreadPoolExecutor.java:1074)&#10;        at java.util.concurrent.ThreadPoolExecutor.runWorker(ThreadPoolExecutor.java:1134)&#10;        at java.util.concurrent.ThreadPoolExecutor$Worker.run(ThreadPoolExecutor.java:624)&#10;        at java.lang.Thread.run(Thread.java:748)&#10;&quot;pool-196-thread-35&quot;  prio=5 tid=2028 in Object.wait()&#10;java.lang.Thread.State: WAITING (on object monitor)&#10;        at sun.misc.Unsafe.park(Native Method)&#10;        at java.util.concurrent.locks.LockSupport.park(LockSupport.java:175)&#10;        at java.util.concurrent.locks.AbstractQueuedSynchronizer$ConditionObject.await(AbstractQueuedSynchronizer.java:2039)&#10;        at java.util.concurrent.ArrayBlockingQueue.take(ArrayBlockingQueue.java:403)&#10;        at java.util.concurrent.ThreadPoolExecutor.getTask(ThreadPoolExecutor.java:1074)&#10;        at java.util.concurrent.ThreadPoolExecutor.runWorker(ThreadPoolExecutor.java:1134)&#10;        at java.util.concurrent.ThreadPoolExecutor$Worker.run(ThreadPoolExecutor.java:624)&#10;        at java.lang.Thread.run(Thread.java:748)&#10;&quot;IPC Server handler 10 on 46187&quot; daemon prio=5 tid=1765 timed_waiting&#10;java.lang.Thread.State: TIMED_WAITING&#10;        at sun.misc.Unsafe.park(Native Method)&#10;        at java.util.concurrent.locks.LockSupport.parkNanos(LockSupport.java:215)&#10;        at java.util.concurrent.locks.AbstractQueuedSynchronizer$ConditionObject.awaitNanos(AbstractQueuedSynchronizer.java:2078)&#10;        at java.util.concurrent.LinkedBlockingQueue.poll(LinkedBlockingQueue.java:467)&#10;        at org.apache.hadoop.ipc.CallQueueManager.take(CallQueueManager.java:288)&#10;        at org.apache.hadoop.ipc.Server$Handler.run(Server.java:2668)&#10;&quot;metrics-hadoop-metrics2-reporter-101-thread-1&quot; daemon prio=5 tid=2124 timed_waiting&#10;java.lang.Thread.State: TIMED_WAITING&#10;        at sun.misc.Unsafe.park(Native Method)&#10;        at java.util.concurrent.locks.LockSupport.parkNanos(LockSupport.java:215)&#10;        at java.util.concurrent.locks.AbstractQueuedSynchronizer$ConditionObject.awaitNanos(AbstractQueuedSynchronizer.java:2078)&#10;        at java.util.concurrent.ScheduledThreadPoolExecutor$DelayedWorkQueue.take(ScheduledThreadPoolExecutor.java:1093)&#10;        at java.util.concurrent.ScheduledThreadPoolExecutor$DelayedWorkQueue.take(ScheduledThreadPoolExecutor.java:809)&#10;        at java.util.concurrent.ThreadPoolExecutor.getTask(ThreadPoolExecutor.java:1074)&#10;        at java.util.concurrent.ThreadPoolExecutor.runWorker(ThreadPoolExecutor.java:1134)&#10;        at java.util.concurrent.ThreadPoolExecutor$Worker.run(ThreadPoolExecutor.java:624)&#10;        at java.lang.Thread.run(Thread.java:748)&#10;&quot;pool-176-thread-34&quot;  prio=5 tid=1902 in Object.wait()&#10;java.lang.Thread.State: WAITING (on object monitor)&#10;        at sun.misc.Unsafe.park(Native Method)&#10;        at java.util.concurrent.locks.LockSupport.park(LockSupport.java:175)&#10;        at java.util.concurrent.locks.AbstractQueuedSynchronizer$ConditionObject.await(AbstractQueuedSynchronizer.java:2039)&#10;        at java.util.concurrent.ArrayBlockingQueue.take(ArrayBlockingQueue.java:403)&#10;        at java.util.concurrent.ThreadPoolExecutor.getTask(ThreadPoolExecutor.java:1074)&#10;        at java.util.concurrent.ThreadPoolExecutor.runWorker(ThreadPoolExecutor.java:1134)&#10;        at java.util.concurrent.ThreadPoolExecutor$Worker.run(ThreadPoolExecutor.java:624)&#10;        at java.lang.Thread.run(Thread.java:748)&#10;&quot;pool-171-thread-1&quot;  prio=5 tid=1775 timed_waiting&#10;java.lang.Thread.State: TIMED_WAITING&#10;        at sun.misc.Unsafe.park(Native Method)&#10;        at java.util.concurrent.locks.LockSupport.parkNanos(LockSupport.java:215)&#10;        at java.util.concurrent.locks.AbstractQueuedSynchronizer$ConditionObject.awaitNanos(AbstractQueuedSynchronizer.java:2078)&#10;        at java.util.concurrent.ScheduledThreadPoolExecutor$DelayedWorkQueue.take(ScheduledThreadPoolExecutor.java:1093)&#10;        at java.util.concurrent.ScheduledThreadPoolExecutor$DelayedWorkQueue.take(ScheduledThreadPoolExecutor.java:809)&#10;        at java.util.concurrent.ThreadPoolExecutor.getTask(ThreadPoolExecutor.java:1074)&#10;        at java.util.concurrent.ThreadPoolExecutor.runWorker(ThreadPoolExecutor.java:1134)&#10;        at java.util.concurrent.ThreadPoolExecutor$Worker.run(ThreadPoolExecutor.java:624)&#10;        at java.lang.Thread.run(Thread.java:748)&#10;&quot;PartialTableCache Cleanup Thread - 0&quot; daemon prio=5 tid=1072 in Object.wait()&#10;java.lang.Thread.State: WAITING (on object monitor)&#10;        at sun.misc.Unsafe.park(Native Method)&#10;        at java.util.concurrent.locks.LockSupport.park(LockSupport.java:175)&#10;        at java.util.concurrent.locks.AbstractQueuedSynchronizer$ConditionObject.await(AbstractQueuedSynchronizer.java:2039)&#10;        at java.util.concurrent.LinkedBlockingQueue.take(LinkedBlockingQueue.java:442)&#10;        at java.util.concurrent.ThreadPoolExecutor.getTask(ThreadPoolExecutor.java:1074)&#10;        at java.util.concurrent.ThreadPoolExecutor.runWorker(ThreadPoolExecutor.java:1134)&#10;        at java.util.concurrent.ThreadPoolExecutor$Worker.run(ThreadPoolExecutor.java:624)&#10;        at java.lang.Thread.run(Thread.java:748)&#10;&quot;pool-176-thread-43&quot;  prio=5 tid=1911 in Object.wait()&#10;java.lang.Thread.State: WAITING (on object monitor)&#10;        at sun.misc.Unsafe.park(Native Method)&#10;        at java.util.concurrent.locks.LockSupport.park(LockSupport.java:175)&#10;        at java.util.concurrent.locks.AbstractQueuedSynchronizer$ConditionObject.await(AbstractQueuedSynchronizer.java:2039)&#10;        at java.util.concurrent.ArrayBlockingQueue.take(ArrayBlockingQueue.java:403)&#10;        at java.util.concurrent.ThreadPoolExecutor.getTask(ThreadPoolExecutor.java:1074)&#10;        at java.util.concurrent.ThreadPoolExecutor.runWorker(ThreadPoolExecutor.java:1134)&#10;        at java.util.concurrent.ThreadPoolExecutor$Worker.run(ThreadPoolExecutor.java:624)&#10;        at java.lang.Thread.run(Thread.java:748)&#10;&quot;metrics-hadoop-metrics2-reporter-3-thread-1&quot; daemon prio=5 tid=440 timed_waiting&#10;java.lang.Thread.State: TIMED_WAITING&#10;        at sun.misc.Unsafe.park(Native Method)&#10;        at java.util.concurrent.locks.LockSupport.parkNanos(LockSupport.java:215)&#10;        at java.util.concurrent.locks.AbstractQueuedSynchronizer$ConditionObject.awaitNanos(AbstractQueuedSynchronizer.java:2078)&#10;        at java.util.concurrent.ScheduledThreadPoolExecutor$DelayedWorkQueue.take(ScheduledThreadPoolExecutor.java:1093)&#10;        at java.util.concurrent.ScheduledThreadPoolExecutor$DelayedWorkQueue.take(ScheduledThreadPoolExecutor.java:809)&#10;        at java.util.concurrent.ThreadPoolExecutor.getTask(ThreadPoolExecutor.java:1074)&#10;        at java.util.concurrent.ThreadPoolExecutor.runWorker(ThreadPoolExecutor.java:1134)&#10;        at java.util.concurrent.ThreadPoolExecutor$Worker.run(ThreadPoolExecutor.java:624)&#10;        at java.lang.Thread.run(Thread.java:748)&#10;&quot;EventQueue-NewNodeForNewNodeHandler&quot; daemon prio=5 tid=2056 in Object.wait()&#10;java.lang.Thread.State: WAITING (on object monitor)&#10;        at sun.misc.Unsafe.park(Native Method)&#10;        at java.util.concurrent.locks.LockSupport.park(LockSupport.java:175)&#10;        at java.util.concurrent.locks.AbstractQueuedSynchronizer$ConditionObject.await(AbstractQueuedSynchronizer.java:2039)&#10;        at java.util.concurrent.LinkedBlockingQueue.take(LinkedBlockingQueue.java:442)&#10;        at java.util.concurrent.ThreadPoolExecutor.getTask(ThreadPoolExecutor.java:1074)&#10;        at java.util.concurrent.ThreadPoolExecutor.runWorker(ThreadPoolExecutor.java:1134)&#10;        at java.util.concurrent.ThreadPoolExecutor$Worker.run(ThreadPoolExecutor.java:624)&#10;        at java.lang.Thread.run(Thread.java:748)&#10;&quot;Datanode ReportManager Thread - 2&quot; daemon prio=5 tid=1836 timed_waiting&#10;java.lang.Thread.State: TIMED_WAITING&#10;        at sun.misc.Unsafe.park(Native Method)&#10;        at java.util.concurrent.locks.LockSupport.parkNanos(LockSupport.java:215)&#10;        at java.util.concurrent.locks.AbstractQueuedSynchronizer$ConditionObject.awaitNanos(AbstractQueuedSynchronizer.java:2078)&#10;        at java.util.concurrent.ScheduledThreadPoolExecutor$DelayedWorkQueue.take(ScheduledThreadPoolExecutor.java:1093)&#10;        at java.util.concurrent.ScheduledThreadPoolExecutor$DelayedWorkQueue.take(ScheduledThreadPoolExecutor.java:809)&#10;        at java.util.concurrent.ThreadPoolExecutor.getTask(ThreadPoolExecutor.java:1074)&#10;        at java.util.concurrent.ThreadPoolExecutor.runWorker(ThreadPoolExecutor.java:1134)&#10;        at java.util.concurrent.ThreadPoolExecutor$Worker.run(ThreadPoolExecutor.java:624)&#10;        at java.lang.Thread.run(Thread.java:748)&#10;&quot;jaeger.RemoteReporter-FlushTimer&quot; daemon prio=5 tid=149 timed_waiting&#10;java.lang.Thread.State: TIMED_WAITING&#10;        at java.lang.Object.wait(Native Method)&#10;        at java.util.TimerThread.mainLoop(Timer.java:552)&#10;        at java.util.TimerThread.run(Timer.java:505)&#10;&quot;pool-186-thread-38&quot;  prio=5 tid=1969 in Object.wait()&#10;java.lang.Thread.State: WAITING (on object monitor)&#10;        at sun.misc.Unsafe.park(Native Method)&#10;        at java.util.concurrent.locks.LockSupport.park(LockSupport.java:175)&#10;        at java.util.concurrent.locks.AbstractQueuedSynchronizer$ConditionObject.await(AbstractQueuedSynchronizer.java:2039)&#10;        at java.util.concurrent.ArrayBlockingQueue.take(ArrayBlockingQueue.java:403)&#10;        at java.util.concurrent.ThreadPoolExecutor.getTask(ThreadPoolExecutor.java:1074)&#10;        at java.util.concurrent.ThreadPoolExecutor.runWorker(ThreadPoolExecutor.java:1134)&#10;        at java.util.concurrent.ThreadPoolExecutor$Worker.run(ThreadPoolExecutor.java:624)&#10;        at java.lang.Thread.run(Thread.java:748)&#10;&quot;pool-158-thread-1&quot;  prio=5 tid=1668 timed_waiting&#10;java.lang.Thread.State: TIMED_WAITING&#10;        at sun.misc.Unsafe.park(Native Method)&#10;        at java.util.concurrent.locks.LockSupport.parkNanos(LockSupport.java:215)&#10;        at java.util.concurrent.locks.AbstractQueuedSynchronizer$ConditionObject.awaitNanos(AbstractQueuedSynchronizer.java:2078)&#10;        at java.util.concurrent.ScheduledThreadPoolExecutor$DelayedWorkQueue.take(ScheduledThreadPoolExecutor.java:1093)&#10;        at java.util.concurrent.ScheduledThreadPoolExecutor$DelayedWorkQueue.take(ScheduledThreadPoolExecutor.java:809)&#10;        at java.util.concurrent.ThreadPoolExecutor.getTask(ThreadPoolExecutor.java:1074)&#10;        at java.util.concurrent.ThreadPoolExecutor.runWorker(ThreadPoolExecutor.java:1134)&#10;        at java.util.concurrent.ThreadPoolExecutor$Worker.run(ThreadPoolExecutor.java:624)&#10;        at java.lang.Thread.run(Thread.java:748)&#10;&quot;Datanode State Machine Thread - 0&quot; daemon prio=5 tid=1860 timed_waiting&#10;java.lang.Thread.State: TIMED_WAITING&#10;        at java.lang.Thread.sleep(Native Method)&#10;        at org.apache.hadoop.ozone.container.common.statemachine.DatanodeStateMachine.start(DatanodeStateMachine.java:191)&#10;        at org.apache.hadoop.ozone.container.common.statemachine.DatanodeStateMachine.lambda$startDaemon$0(DatanodeStateMachine.java:349)&#10;        at org.apache.hadoop.ozone.container.common.statemachine.DatanodeStateMachine$$Lambda$140/53279234.run(Unknown Source)&#10;        at java.lang.Thread.run(Thread.java:748)&#10;&quot;org.eclipse.jetty.server.session.HashSessionManager@7ab6b2b7Timer&quot; daemon prio=5 tid=1831 timed_waiting&#10;java.lang.Thread.State: TIMED_WAITING&#10;        at sun.misc.Unsafe.park(Native Method)&#10;        at java.util.concurrent.locks.LockSupport.parkNanos(LockSupport.java:215)&#10;        at java.util.concurrent.locks.AbstractQueuedSynchronizer$ConditionObject.awaitNanos(AbstractQueuedSynchronizer.java:2078)&#10;        at java.util.concurrent.ScheduledThreadPoolExecutor$DelayedWorkQueue.take(ScheduledThreadPoolExecutor.java:1093)&#10;        at java.util.concurrent.ScheduledThreadPoolExecutor$DelayedWorkQueue.take(ScheduledThreadPoolExecutor.java:809)&#10;        at java.util.concurrent.ThreadPoolExecutor.getTask(ThreadPoolExecutor.java:1074)&#10;        at java.util.concurrent.ThreadPoolExecutor.runWorker(ThreadPoolExecutor.java:1134)&#10;        at java.util.concurrent.ThreadPoolExecutor$Worker.run(ThreadPoolExecutor.java:624)&#10;        at java.lang.Thread.run(Thread.java:748)&#10;&quot;metrics-hadoop-metrics2-reporter-109-thread-1&quot; daemon prio=5 tid=2261 timed_waiting&#10;java.lang.Thread.State: TIMED_WAITING&#10;        at sun.misc.Unsafe.park(Native Method)&#10;        at java.util.concurrent.locks.LockSupport.parkNanos(LockSupport.java:215)&#10;        at java.util.concurrent.locks.AbstractQueuedSynchronizer$ConditionObject.awaitNanos(AbstractQueuedSynchronizer.java:2078)&#10;        at java.util.concurrent.ScheduledThreadPoolExecutor$DelayedWorkQueue.take(ScheduledThreadPoolExecutor.java:1093)&#10;        at java.util.concurrent.ScheduledThreadPoolExecutor$DelayedWorkQueue.take(ScheduledThreadPoolExecutor.java:809)&#10;        at java.util.concurrent.ThreadPoolExecutor.getTask(ThreadPoolExecutor.java:1074)&#10;        at java.util.concurrent.ThreadPoolExecutor.runWorker(ThreadPoolExecutor.java:1134)&#10;        at java.util.concurrent.ThreadPoolExecutor$Worker.run(ThreadPoolExecutor.java:624)&#10;        at java.lang.Thread.run(Thread.java:748)&#10;&quot;IPC Server Responder&quot; daemon prio=5 tid=1659 runnable&#10;java.lang.Thread.State: RUNNABLE&#10;        at sun.nio.ch.EPollArrayWrapper.epollWait(Native Method)&#10;        at sun.nio.ch.EPollArrayWrapper.poll(EPollArrayWrapper.java:269)&#10;        at sun.nio.ch.EPollSelectorImpl.doSelect(EPollSelectorImpl.java:93)&#10;        at sun.nio.ch.SelectorImpl.lockAndDoSelect(SelectorImpl.java:86)&#10;        at sun.nio.ch.SelectorImpl.select(SelectorImpl.java:97)&#10;        at org.apache.hadoop.ipc.Server$Responder.doRunLoop(Server.java:1334)&#10;        at org.apache.hadoop.ipc.Server$Responder.run(Server.java:1317)&#10;&quot;7f29c796-0732-402f-b865-67033766dcba@group-C2BDBBDF155D-SegmentedRaftLogWorker&quot;  prio=5 tid=2255 timed_waiting&#10;java.lang.Thread.State: TIMED_WAITING&#10;        at sun.misc.Unsafe.park(Native Method)&#10;        at java.util.concurrent.locks.LockSupport.parkNanos(LockSupport.java:215)&#10;        at java.util.concurrent.locks.AbstractQueuedSynchronizer$ConditionObject.awaitNanos(AbstractQueuedSynchronizer.java:2078)&#10;        at org.apache.ratis.util.DataBlockingQueue.poll(DataBlockingQueue.java:137)&#10;        at org.apache.ratis.server.raftlog.segmented.SegmentedRaftLogWorker.run(SegmentedRaftLogWorker.java:282)&#10;        at java.lang.Thread.run(Thread.java:748)&#10;&quot;d81605c5-54b3-45a8-b5ae-2e8d8890cbef@group-C2BDBBDF155D-SegmentedRaftLogWorker&quot;  prio=5 tid=2251 timed_waiting&#10;java.lang.Thread.State: TIMED_WAITING&#10;        at sun.misc.Unsafe.park(Native Method)&#10;        at java.util.concurrent.locks.LockSupport.parkNanos(LockSupport.java:215)&#10;        at java.util.concurrent.locks.AbstractQueuedSynchronizer$ConditionObject.awaitNanos(AbstractQueuedSynchronizer.java:2078)&#10;        at org.apache.ratis.util.DataBlockingQueue.poll(DataBlockingQueue.java:137)&#10;        at org.apache.ratis.server.raftlog.segmented.SegmentedRaftLogWorker.run(SegmentedRaftLogWorker.java:282)&#10;        at java.lang.Thread.run(Thread.java:748)&#10;&quot;metrics-hadoop-metrics2-reporter-43-thread-1&quot; daemon prio=5 tid=1019 timed_waiting&#10;java.lang.Thread.State: TIMED_WAITING&#10;        at sun.misc.Unsafe.park(Native Method)&#10;        at java.util.concurrent.locks.LockSupport.parkNanos(LockSupport.java:215)&#10;        at java.util.concurrent.locks.AbstractQueuedSynchronizer$ConditionObject.awaitNanos(AbstractQueuedSynchronizer.java:2078)&#10;        at java.util.concurrent.ScheduledThreadPoolExecutor$DelayedWorkQueue.take(ScheduledThreadPoolExecutor.java:1093)&#10;        at java.util.concurrent.ScheduledThreadPoolExecutor$DelayedWorkQueue.take(ScheduledThreadPoolExecutor.java:809)&#10;        at java.util.concurrent.ThreadPoolExecutor.getTask(ThreadPoolExecutor.java:1074)&#10;        at java.util.concurrent.ThreadPoolExecutor.runWorker(ThreadPoolExecutor.java:1134)&#10;        at java.util.concurrent.ThreadPoolExecutor$Worker.run(ThreadPoolExecutor.java:624)&#10;        at java.lang.Thread.run(Thread.java:748)&#10;&quot;metrics-hadoop-metrics2-reporter-11-thread-1&quot; daemon prio=5 tid=461 timed_waiting&#10;java.lang.Thread.State: TIMED_WAITING&#10;        at sun.misc.Unsafe.park(Native Method)&#10;        at java.util.concurrent.locks.LockSupport.parkNanos(LockSupport.java:215)&#10;        at java.util.concurrent.locks.AbstractQueuedSynchronizer$ConditionObject.awaitNanos(AbstractQueuedSynchronizer.java:2078)&#10;        at java.util.concurrent.ScheduledThreadPoolExecutor$DelayedWorkQueue.take(ScheduledThreadPoolExecutor.java:1093)&#10;        at java.util.concurrent.ScheduledThreadPoolExecutor$DelayedWorkQueue.take(ScheduledThreadPoolExecutor.java:809)&#10;        at java.util.concurrent.ThreadPoolExecutor.getTask(ThreadPoolExecutor.java:1074)&#10;        at java.util.concurrent.ThreadPoolExecutor.runWorker(ThreadPoolExecutor.java:1134)&#10;        at java.util.concurrent.ThreadPoolExecutor$Worker.run(ThreadPoolExecutor.java:624)&#10;        at java.lang.Thread.run(Thread.java:748)&#10;&quot;SCM Heartbeat Processing Thread - 0&quot; daemon prio=5 tid=1655 timed_waiting&#10;java.lang.Thread.State: TIMED_WAITING&#10;        at sun.misc.Unsafe.park(Native Method)&#10;        at java.util.concurrent.locks.LockSupport.parkNanos(LockSupport.java:215)&#10;        at java.util.concurrent.locks.AbstractQueuedSynchronizer$ConditionObject.awaitNanos(AbstractQueuedSynchronizer.java:2078)&#10;        at java.util.concurrent.ScheduledThreadPoolExecutor$DelayedWorkQueue.take(ScheduledThreadPoolExecutor.java:1093)&#10;        at java.util.concurrent.ScheduledThreadPoolExecutor$DelayedWorkQueue.take(ScheduledThreadPoolExecutor.java:809)&#10;        at java.util.concurrent.ThreadPoolExecutor.getTask(ThreadPoolExecutor.java:1074)&#10;        at java.util.concurrent.ThreadPoolExecutor.runWorker(ThreadPoolExecutor.java:1134)&#10;        at java.util.concurrent.ThreadPoolExecutor$Worker.run(ThreadPoolExecutor.java:624)&#10;        at java.lang.Thread.run(Thread.java:748)&#10;&quot;IPC Server listener on 46187&quot; daemon prio=5 tid=1748 runnable&#10;java.lang.Thread.State: RUNNABLE&#10;        at sun.nio.ch.EPollArrayWrapper.epollWait(Native Method)&#10;        at sun.nio.ch.EPollArrayWrapper.poll(EPollArrayWrapper.java:269)&#10;        at sun.nio.ch.EPollSelectorImpl.doSelect(EPollSelectorImpl.java:93)&#10;        at sun.nio.ch.SelectorImpl.lockAndDoSelect(SelectorImpl.java:86)&#10;        at sun.nio.ch.SelectorImpl.select(SelectorImpl.java:97)&#10;        at sun.nio.ch.SelectorImpl.select(SelectorImpl.java:101)&#10;        at org.apache.hadoop.ipc.Server$Listener.run(Server.java:1159)&#10;&quot;IPC Server handler 2 on 33059&quot; daemon prio=5 tid=1673 timed_waiting&#10;java.lang.Thread.State: TIMED_WAITING&#10;        at sun.misc.Unsafe.park(Native Method)&#10;        at java.util.concurrent.locks.LockSupport.parkNanos(LockSupport.java:215)&#10;        at java.util.concurrent.locks.AbstractQueuedSynchronizer$ConditionObject.awaitNanos(AbstractQueuedSynchronizer.java:2078)&#10;        at java.util.concurrent.LinkedBlockingQueue.poll(LinkedBlockingQueue.java:467)&#10;        at org.apache.hadoop.ipc.CallQueueManager.take(CallQueueManager.java:288)&#10;        at org.apache.hadoop.ipc.Server$Handler.run(Server.java:2668)&#10;&quot;pool-186-thread-23&quot;  prio=5 tid=1954 in Object.wait()&#10;java.lang.Thread.State: WAITING (on object monitor)&#10;        at sun.misc.Unsafe.park(Native Method)&#10;        at java.util.concurrent.locks.LockSupport.park(LockSupport.java:175)&#10;        at java.util.concurrent.locks.AbstractQueuedSynchronizer$ConditionObject.await(AbstractQueuedSynchronizer.java:2039)&#10;        at java.util.concurrent.ArrayBlockingQueue.take(ArrayBlockingQueue.java:403)&#10;        at java.util.concurrent.ThreadPoolExecutor.getTask(ThreadPoolExecutor.java:1074)&#10;        at java.util.concurrent.ThreadPoolExecutor.runWorker(ThreadPoolExecutor.java:1134)&#10;        at java.util.concurrent.ThreadPoolExecutor$Worker.run(ThreadPoolExecutor.java:624)&#10;        at java.lang.Thread.run(Thread.java:748)&#10;&quot;qtp1145772033-1734&quot; daemon prio=5 tid=1734 timed_waiting&#10;java.lang.Thread.State: TIMED_WAITING&#10;        at sun.misc.Unsafe.park(Native Method)&#10;        at java.util.concurrent.locks.LockSupport.parkNanos(LockSupport.java:215)&#10;        at java.util.concurrent.locks.AbstractQueuedSynchronizer$ConditionObject.awaitNanos(AbstractQueuedSynchronizer.java:2078)&#10;        at org.eclipse.jetty.util.BlockingArrayQueue.poll(BlockingArrayQueue.java:392)&#10;        at org.eclipse.jetty.util.thread.QueuedThreadPool.idleJobPoll(QueuedThreadPool.java:563)&#10;        at org.eclipse.jetty.util.thread.QueuedThreadPool.access$800(QueuedThreadPool.java:48)&#10;        at org.eclipse.jetty.util.thread.QueuedThreadPool$2.run(QueuedThreadPool.java:626)&#10;        at java.lang.Thread.run(Thread.java:748)&#10;&quot;metrics-hadoop-metrics2-reporter-94-thread-1&quot; daemon prio=5 tid=2100 timed_waiting&#10;java.lang.Thread.State: TIMED_WAITING&#10;        at sun.misc.Unsafe.park(Native Method)&#10;        at java.util.concurrent.locks.LockSupport.parkNanos(LockSupport.java:215)&#10;        at java.util.concurrent.locks.AbstractQueuedSynchronizer$ConditionObject.awaitNanos(AbstractQueuedSynchronizer.java:2078)&#10;        at java.util.concurrent.ScheduledThreadPoolExecutor$DelayedWorkQueue.take(ScheduledThreadPoolExecutor.java:1093)&#10;        at java.util.concurrent.ScheduledThreadPoolExecutor$DelayedWorkQueue.take(ScheduledThreadPoolExecutor.java:809)&#10;        at java.util.concurrent.ThreadPoolExecutor.getTask(ThreadPoolExecutor.java:1074)&#10;        at java.util.concurrent.ThreadPoolExecutor.runWorker(ThreadPoolExecutor.java:1134)&#10;        at java.util.concurrent.ThreadPoolExecutor$Worker.run(ThreadPoolExecutor.java:624)&#10;        at java.lang.Thread.run(Thread.java:748)&#10;&quot;qtp2051361244-1778&quot; daemon prio=5 tid=1778 timed_waiting&#10;java.lang.Thread.State: TIMED_WAITING&#10;        at sun.misc.Unsafe.park(Native Method)&#10;        at java.util.concurrent.locks.LockSupport.parkNanos(LockSupport.java:215)&#10;        at java.util.concurrent.locks.AbstractQueuedSynchronizer$ConditionObject.awaitNanos(AbstractQueuedSynchronizer.java:2078)&#10;        at org.eclipse.jetty.util.BlockingArrayQueue.poll(BlockingArrayQueue.java:392)&#10;        at org.eclipse.jetty.util.thread.QueuedThreadPool.idleJobPoll(QueuedThreadPool.java:563)&#10;        at org.eclipse.jetty.util.thread.QueuedThreadPool.access$800(QueuedThreadPool.java:48)&#10;        at org.eclipse.jetty.util.thread.QueuedThreadPool$2.run(QueuedThreadPool.java:626)&#10;        at java.lang.Thread.run(Thread.java:748)&#10;&quot;Periodic HDDS volume checker&quot;  prio=5 tid=1815 timed_waiting&#10;java.lang.Thread.State: TIMED_WAITING&#10;        at sun.misc.Unsafe.park(Native Method)&#10;        at java.util.concurrent.locks.LockSupport.parkNanos(LockSupport.java:215)&#10;        at java.util.concurrent.locks.AbstractQueuedSynchronizer$ConditionObject.awaitNanos(AbstractQueuedSynchronizer.java:2078)&#10;        at java.util.concurrent.ScheduledThreadPoolExecutor$DelayedWorkQueue.take(ScheduledThreadPoolExecutor.java:1093)&#10;        at java.util.concurrent.ScheduledThreadPoolExecutor$DelayedWorkQueue.take(ScheduledThreadPoolExecutor.java:809)&#10;        at java.util.concurrent.ThreadPoolExecutor.getTask(ThreadPoolExecutor.java:1074)&#10;        at java.util.concurrent.ThreadPoolExecutor.runWorker(ThreadPoolExecutor.java:1134)&#10;        at java.util.concurrent.ThreadPoolExecutor$Worker.run(ThreadPoolExecutor.java:624)&#10;        at java.lang.Thread.run(Thread.java:748)&#10;&quot;metrics-hadoop-metrics2-reporter-99-thread-1&quot; daemon prio=5 tid=2119 timed_waiting&#10;java.lang.Thread.State: TIMED_WAITING&#10;        at sun.misc.Unsafe.park(Native Method)&#10;        at java.util.concurrent.locks.LockSupport.parkNanos(LockSupport.java:215)&#10;        at java.util.concurrent.locks.AbstractQueuedSynchronizer$ConditionObject.awaitNanos(AbstractQueuedSynchronizer.java:2078)&#10;        at java.util.concurrent.ScheduledThreadPoolExecutor$DelayedWorkQueue.take(ScheduledThreadPoolExecutor.java:1093)&#10;        at java.util.concurrent.ScheduledThreadPoolExecutor$DelayedWorkQueue.take(ScheduledThreadPoolExecutor.java:809)&#10;        at java.util.concurrent.ThreadPoolExecutor.getTask(ThreadPoolExecutor.java:1074)&#10;        at java.util.concurrent.ThreadPoolExecutor.runWorker(ThreadPoolExecutor.java:1134)&#10;        at java.util.concurrent.ThreadPoolExecutor$Worker.run(ThreadPoolExecutor.java:624)&#10;        at java.lang.Thread.run(Thread.java:748)&#10;&quot;pool-196-thread-19&quot;  prio=5 tid=2012 in Object.wait()&#10;java.lang.Thread.State: WAITING (on object monitor)&#10;        at sun.misc.Unsafe.park(Native Method)&#10;        at java.util.concurrent.locks.LockSupport.park(LockSupport.java:175)&#10;        at java.util.concurrent.locks.AbstractQueuedSynchronizer$ConditionObject.await(AbstractQueuedSynchronizer.java:2039)&#10;        at java.util.concurrent.ArrayBlockingQueue.take(ArrayBlockingQueue.java:403)&#10;        at java.util.concurrent.ThreadPoolExecutor.getTask(ThreadPoolExecutor.java:1074)&#10;        at java.util.concurrent.ThreadPoolExecutor.runWorker(ThreadPoolExecutor.java:1134)&#10;        at java.util.concurrent.ThreadPoolExecutor$Worker.run(ThreadPoolExecutor.java:624)&#10;        at java.lang.Thread.run(Thread.java:748)&#10;&quot;pool-196-thread-6&quot;  prio=5 tid=1999 in Object.wait()&#10;java.lang.Thread.State: WAITING (on object monitor)&#10;        at sun.misc.Unsafe.park(Native Method)&#10;        at java.util.concurrent.locks.LockSupport.park(LockSupport.java:175)&#10;        at java.util.concurrent.locks.AbstractQueuedSynchronizer$ConditionObject.await(AbstractQueuedSynchronizer.java:2039)&#10;        at java.util.concurrent.ArrayBlockingQueue.take(ArrayBlockingQueue.java:403)&#10;        at java.util.concurrent.ThreadPoolExecutor.getTask(ThreadPoolExecutor.java:1074)&#10;        at java.util.concurrent.ThreadPoolExecutor.runWorker(ThreadPoolExecutor.java:1134)&#10;        at java.util.concurrent.ThreadPoolExecutor$Worker.run(ThreadPoolExecutor.java:624)&#10;        at java.lang.Thread.run(Thread.java:748)&#10;&quot;pool-176-thread-28&quot;  prio=5 tid=1896 in Object.wait()&#10;java.lang.Thread.State: WAITING (on object monitor)&#10;        at sun.misc.Unsafe.park(Native Method)&#10;        at java.util.concurrent.locks.LockSupport.park(LockSupport.java:175)&#10;        at java.util.concurrent.locks.AbstractQueuedSynchronizer$ConditionObject.await(AbstractQueuedSynchronizer.java:2039)&#10;        at java.util.concurrent.ArrayBlockingQueue.take(ArrayBlockingQueue.java:403)&#10;        at java.util.concurrent.ThreadPoolExecutor.getTask(ThreadPoolExecutor.java:1074)&#10;        at java.util.concurrent.ThreadPoolExecutor.runWorker(ThreadPoolExecutor.java:1134)&#10;        at java.util.concurrent.ThreadPoolExecutor$Worker.run(ThreadPoolExecutor.java:624)&#10;        at java.lang.Thread.run(Thread.java:748)&#10;&quot;pool-176-thread-22&quot;  prio=5 tid=1890 in Object.wait()&#10;java.lang.Thread.State: WAITING (on object monitor)&#10;        at sun.misc.Unsafe.park(Native Method)&#10;        at java.util.concurrent.locks.LockSupport.park(LockSupport.java:175)&#10;        at java.util.concurrent.locks.AbstractQueuedSynchronizer$ConditionObject.await(AbstractQueuedSynchronizer.java:2039)&#10;        at java.util.concurrent.ArrayBlockingQueue.take(ArrayBlockingQueue.java:403)&#10;        at java.util.concurrent.ThreadPoolExecutor.getTask(ThreadPoolExecutor.java:1074)&#10;        at java.util.concurrent.ThreadPoolExecutor.runWorker(ThreadPoolExecutor.java:1134)&#10;        at java.util.concurrent.ThreadPoolExecutor$Worker.run(ThreadPoolExecutor.java:624)&#10;        at java.lang.Thread.run(Thread.java:748)&#10;&quot;pool-186-thread-49&quot;  prio=5 tid=1980 in Object.wait()&#10;java.lang.Thread.State: WAITING (on object monitor)&#10;        at sun.misc.Unsafe.park(Native Method)&#10;        at java.util.concurrent.locks.LockSupport.park(LockSupport.java:175)&#10;        at java.util.concurrent.locks.AbstractQueuedSynchronizer$ConditionObject.await(AbstractQueuedSynchronizer.java:2039)&#10;        at java.util.concurrent.ArrayBlockingQueue.take(ArrayBlockingQueue.java:403)&#10;        at java.util.concurrent.ThreadPoolExecutor.getTask(ThreadPoolExecutor.java:1074)&#10;        at java.util.concurrent.ThreadPoolExecutor.runWorker(ThreadPoolExecutor.java:1134)&#10;        at java.util.concurrent.ThreadPoolExecutor$Worker.run(ThreadPoolExecutor.java:624)&#10;        at java.lang.Thread.run(Thread.java:748)&#10;&quot;metrics-hadoop-metrics2-reporter-35-thread-1&quot; daemon prio=5 tid=990 timed_waiting&#10;java.lang.Thread.State: TIMED_WAITING&#10;        at sun.misc.Unsafe.park(Native Method)&#10;        at java.util.concurrent.locks.LockSupport.parkNanos(LockSupport.java:215)&#10;        at java.util.concurrent.locks.AbstractQueuedSynchronizer$ConditionObject.awaitNanos(AbstractQueuedSynchronizer.java:2078)&#10;        at java.util.concurrent.ScheduledThreadPoolExecutor$DelayedWorkQueue.take(ScheduledThreadPoolExecutor.java:1093)&#10;        at java.util.concurrent.ScheduledThreadPoolExecutor$DelayedWorkQueue.take(ScheduledThreadPoolExecutor.java:809)&#10;        at java.util.concurrent.ThreadPoolExecutor.getTask(ThreadPoolExecutor.java:1074)&#10;        at java.util.concurrent.ThreadPoolExecutor.runWorker(ThreadPoolExecutor.java:1134)&#10;        at java.util.concurrent.ThreadPoolExecutor$Worker.run(ThreadPoolExecutor.java:624)&#10;        at java.lang.Thread.run(Thread.java:748)&#10;&quot;pool-196-thread-43&quot;  prio=5 tid=2036 in Object.wait()&#10;java.lang.Thread.State: WAITING (on object monitor)&#10;        at sun.misc.Unsafe.park(Native Method)&#10;        at java.util.concurrent.locks.LockSupport.park(LockSupport.java:175)&#10;        at java.util.concurrent.locks.AbstractQueuedSynchronizer$ConditionObject.await(AbstractQueuedSynchronizer.java:2039)&#10;        at java.util.concurrent.ArrayBlockingQueue.take(ArrayBlockingQueue.java:403)&#10;        at java.util.concurrent.ThreadPoolExecutor.getTask(ThreadPoolExecutor.java:1074)&#10;        at java.util.concurrent.ThreadPoolExecutor.runWorker(ThreadPoolExecutor.java:1134)&#10;        at java.util.concurrent.ThreadPoolExecutor$Worker.run(ThreadPoolExecutor.java:624)&#10;        at java.lang.Thread.run(Thread.java:748)&#10;&quot;IPC Server handler 18 on 41111&quot; daemon prio=5 tid=1729 timed_waiting&#10;java.lang.Thread.State: TIMED_WAITING&#10;        at sun.misc.Unsafe.park(Native Method)&#10;        at java.util.concurrent.locks.LockSupport.parkNanos(LockSupport.java:215)&#10;        at java.util.concurrent.locks.AbstractQueuedSynchronizer$ConditionObject.awaitNanos(AbstractQueuedSynchronizer.java:2078)&#10;        at java.util.concurrent.LinkedBlockingQueue.poll(LinkedBlockingQueue.java:467)&#10;        at org.apache.hadoop.ipc.CallQueueManager.take(CallQueueManager.java:288)&#10;        at org.apache.hadoop.ipc.Server$Handler.run(Server.java:2668)&#10;&quot;pool-186-thread-3&quot;  prio=5 tid=1934 in Object.wait()&#10;java.lang.Thread.State: WAITING (on object monitor)&#10;        at sun.misc.Unsafe.park(Native Method)&#10;        at java.util.concurrent.locks.LockSupport.park(LockSupport.java:175)&#10;        at java.util.concurrent.locks.AbstractQueuedSynchronizer$ConditionObject.await(AbstractQueuedSynchronizer.java:2039)&#10;        at java.util.concurrent.ArrayBlockingQueue.take(ArrayBlockingQueue.java:403)&#10;        at java.util.concurrent.ThreadPoolExecutor.getTask(ThreadPoolExecutor.java:1074)&#10;        at java.util.concurrent.ThreadPoolExecutor.runWorker(ThreadPoolExecutor.java:1134)&#10;        at java.util.concurrent.ThreadPoolExecutor$Worker.run(ThreadPoolExecutor.java:624)&#10;        at java.lang.Thread.run(Thread.java:748)&#10;&quot;IPC Server idle connection scanner for port 41111&quot; daemon prio=5 tid=1658 timed_waiting&#10;java.lang.Thread.State: TIMED_WAITING&#10;        at java.lang.Object.wait(Native Method)&#10;        at java.util.TimerThread.mainLoop(Timer.java:552)&#10;        at java.util.TimerThread.run(Timer.java:505)&#10;&quot;metrics-hadoop-metrics2-reporter-80-thread-1&quot; daemon prio=5 tid=1628 timed_waiting&#10;java.lang.Thread.State: TIMED_WAITING&#10;        at sun.misc.Unsafe.park(Native Method)&#10;        at java.util.concurrent.locks.LockSupport.parkNanos(LockSupport.java:215)&#10;        at java.util.concurrent.locks.AbstractQueuedSynchronizer$ConditionObject.awaitNanos(AbstractQueuedSynchronizer.java:2078)&#10;        at java.util.concurrent.ScheduledThreadPoolExecutor$DelayedWorkQueue.take(ScheduledThreadPoolExecutor.java:1093)&#10;        at java.util.concurrent.ScheduledThreadPoolExecutor$DelayedWorkQueue.take(ScheduledThreadPoolExecutor.java:809)&#10;        at java.util.concurrent.ThreadPoolExecutor.getTask(ThreadPoolExecutor.java:1074)&#10;        at java.util.concurrent.ThreadPoolExecutor.runWorker(ThreadPoolExecutor.java:1134)&#10;        at java.util.concurrent.ThreadPoolExecutor$Worker.run(ThreadPoolExecutor.java:624)&#10;        at java.lang.Thread.run(Thread.java:748)&#10;&quot;IPC Server handler 8 on 33059&quot; daemon prio=5 tid=1679 timed_waiting&#10;java.lang.Thread.State: TIMED_WAITING&#10;        at sun.misc.Unsafe.park(Native Method)&#10;        at java.util.concurrent.locks.LockSupport.parkNanos(LockSupport.java:215)&#10;        at java.util.concurrent.locks.AbstractQueuedSynchronizer$ConditionObject.awaitNanos(AbstractQueuedSynchronizer.java:2078)&#10;        at java.util.concurrent.LinkedBlockingQueue.poll(LinkedBlockingQueue.java:467)&#10;        at org.apache.hadoop.ipc.CallQueueManager.take(CallQueueManager.java:288)&#10;        at org.apache.hadoop.ipc.Server$Handler.run(Server.java:2668)&#10;&quot;Datanode ReportManager Thread - 1&quot; daemon prio=5 tid=1238 in Object.wait()&#10;java.lang.Thread.State: WAITING (on object monitor)&#10;        at sun.misc.Unsafe.park(Native Method)&#10;        at java.util.concurrent.locks.LockSupport.park(LockSupport.java:175)&#10;        at java.util.concurrent.locks.AbstractQueuedSynchronizer$ConditionObject.await(AbstractQueuedSynchronizer.java:2039)&#10;        at java.util.concurrent.ScheduledThreadPoolExecutor$DelayedWorkQueue.take(ScheduledThreadPoolExecutor.java:1088)&#10;        at java.util.concurrent.ScheduledThreadPoolExecutor$DelayedWorkQueue.take(ScheduledThreadPoolExecutor.java:809)&#10;        at java.util.concurrent.ThreadPoolExecutor.getTask(ThreadPoolExecutor.java:1074)&#10;        at java.util.concurrent.ThreadPoolExecutor.runWorker(ThreadPoolExecutor.java:1134)&#10;        at java.util.concurrent.ThreadPoolExecutor$Worker.run(ThreadPoolExecutor.java:624)&#10;        at java.lang.Thread.run(Thread.java:748)&#10;&quot;metrics-hadoop-metrics2-reporter-19-thread-1&quot; daemon prio=5 tid=486 timed_waiting&#10;java.lang.Thread.State: TIMED_WAITING&#10;        at sun.misc.Unsafe.park(Native Method)&#10;        at java.util.concurrent.locks.LockSupport.parkNanos(LockSupport.java:215)&#10;        at java.util.concurrent.locks.AbstractQueuedSynchronizer$ConditionObject.awaitNanos(AbstractQueuedSynchronizer.java:2078)&#10;        at java.util.concurrent.ScheduledThreadPoolExecutor$DelayedWorkQueue.take(ScheduledThreadPoolExecutor.java:1093)&#10;        at java.util.concurrent.ScheduledThreadPoolExecutor$DelayedWorkQueue.take(ScheduledThreadPoolExecutor.java:809)&#10;        at java.util.concurrent.ThreadPoolExecutor.getTask(ThreadPoolExecutor.java:1074)&#10;        at java.util.concurrent.ThreadPoolExecutor.runWorker(ThreadPoolExecutor.java:1134)&#10;        at java.util.concurrent.ThreadPoolExecutor$Worker.run(ThreadPoolExecutor.java:624)&#10;        at java.lang.Thread.run(Thread.java:748)&#10;&quot;pool-186-thread-59&quot;  prio=5 tid=1990 in Object.wait()&#10;java.lang.Thread.State: WAITING (on object monitor)&#10;        at sun.misc.Unsafe.park(Native Method)&#10;        at java.util.concurrent.locks.LockSupport.park(LockSupport.java:175)&#10;        at java.util.concurrent.locks.AbstractQueuedSynchronizer$ConditionObject.await(AbstractQueuedSynchronizer.java:2039)&#10;        at java.util.concurrent.ArrayBlockingQueue.take(ArrayBlockingQueue.java:403)&#10;        at java.util.concurrent.ThreadPoolExecutor.getTask(ThreadPoolExecutor.java:1074)&#10;        at java.util.concurrent.ThreadPoolExecutor.runWorker(ThreadPoolExecutor.java:1134)&#10;        at java.util.concurrent.ThreadPoolExecutor$Worker.run(ThreadPoolExecutor.java:624)&#10;        at java.lang.Thread.run(Thread.java:748)&#10;&quot;metrics-hadoop-metrics2-reporter-68-thread-1&quot; daemon prio=5 tid=1532 timed_waiting&#10;java.lang.Thread.State: TIMED_WAITING&#10;        at sun.misc.Unsafe.park(Native Method)&#10;        at java.util.concurrent.locks.LockSupport.parkNanos(LockSupport.java:215)&#10;        at java.util.concurrent.locks.AbstractQueuedSynchronizer$ConditionObject.awaitNanos(AbstractQueuedSynchronizer.java:2078)&#10;        at java.util.concurrent.ScheduledThreadPoolExecutor$DelayedWorkQueue.take(ScheduledThreadPoolExecutor.java:1093)&#10;        at java.util.concurrent.ScheduledThreadPoolExecutor$DelayedWorkQueue.take(ScheduledThreadPoolExecutor.java:809)&#10;        at java.util.concurrent.ThreadPoolExecutor.getTask(ThreadPoolExecutor.java:1074)&#10;        at java.util.concurrent.ThreadPoolExecutor.runWorker(ThreadPoolExecutor.java:1134)&#10;        at java.util.concurrent.ThreadPoolExecutor$Worker.run(ThreadPoolExecutor.java:624)&#10;        at java.lang.Thread.run(Thread.java:748)&#10;&quot;pool-196-thread-50&quot;  prio=5 tid=2043 in Object.wait()&#10;java.lang.Thread.State: WAITING (on object monitor)&#10;        at sun.misc.Unsafe.park(Native Method)&#10;        at java.util.concurrent.locks.LockSupport.park(LockSupport.java:175)&#10;        at java.util.concurrent.locks.AbstractQueuedSynchronizer$ConditionObject.await(AbstractQueuedSynchronizer.java:2039)&#10;        at java.util.concurrent.ArrayBlockingQueue.take(ArrayBlockingQueue.java:403)&#10;        at java.util.concurrent.ThreadPoolExecutor.getTask(ThreadPoolExecutor.java:1074)&#10;        at java.util.concurrent.ThreadPoolExecutor.runWorker(ThreadPoolExecutor.java:1134)&#10;        at java.util.concurrent.ThreadPoolExecutor$Worker.run(ThreadPoolExecutor.java:624)&#10;        at java.lang.Thread.run(Thread.java:748)&#10;&quot;pool-196-thread-49&quot;  prio=5 tid=2042 in Object.wait()&#10;java.lang.Thread.State: WAITING (on object monitor)&#10;        at sun.misc.Unsafe.park(Native Method)&#10;        at java.util.concurrent.locks.LockSupport.park(LockSupport.java:175)&#10;        at java.util.concurrent.locks.AbstractQueuedSynchronizer$ConditionObject.await(AbstractQueuedSynchronizer.java:2039)&#10;        at java.util.concurrent.ArrayBlockingQueue.take(ArrayBlockingQueue.java:403)&#10;        at java.util.concurrent.ThreadPoolExecutor.getTask(ThreadPoolExecutor.java:1074)&#10;        at java.util.concurrent.ThreadPoolExecutor.runWorker(ThreadPoolExecutor.java:1134)&#10;        at java.util.concurrent.ThreadPoolExecutor$Worker.run(ThreadPoolExecutor.java:624)&#10;        at java.lang.Thread.run(Thread.java:748)&#10;&quot;pool-186-thread-50&quot;  prio=5 tid=1981 in Object.wait()&#10;java.lang.Thread.State: WAITING (on object monitor)&#10;        at sun.misc.Unsafe.park(Native Method)&#10;        at java.util.concurrent.locks.LockSupport.park(LockSupport.java:175)&#10;        at java.util.concurrent.locks.AbstractQueuedSynchronizer$ConditionObject.await(AbstractQueuedSynchronizer.java:2039)&#10;        at java.util.concurrent.ArrayBlockingQueue.take(ArrayBlockingQueue.java:403)&#10;        at java.util.concurrent.ThreadPoolExecutor.getTask(ThreadPoolExecutor.java:1074)&#10;        at java.util.concurrent.ThreadPoolExecutor.runWorker(ThreadPoolExecutor.java:1134)&#10;        at java.util.concurrent.ThreadPoolExecutor$Worker.run(ThreadPoolExecutor.java:624)&#10;        at java.lang.Thread.run(Thread.java:748)&#10;&quot;pool-186-thread-33&quot;  prio=5 tid=1964 in Object.wait()&#10;java.lang.Thread.State: WAITING (on object monitor)&#10;        at sun.misc.Unsafe.park(Native Method)&#10;        at java.util.concurrent.locks.LockSupport.park(LockSupport.java:175)&#10;        at java.util.concurrent.locks.AbstractQueuedSynchronizer$ConditionObject.await(AbstractQueuedSynchronizer.java:2039)&#10;        at java.util.concurrent.ArrayBlockingQueue.take(ArrayBlockingQueue.java:403)&#10;        at java.util.concurrent.ThreadPoolExecutor.getTask(ThreadPoolExecutor.java:1074)&#10;        at java.util.concurrent.ThreadPoolExecutor.runWorker(ThreadPoolExecutor.java:1134)&#10;        at java.util.concurrent.ThreadPoolExecutor$Worker.run(ThreadPoolExecutor.java:624)&#10;        at java.lang.Thread.run(Thread.java:748)&#10;&quot;metrics-hadoop-metrics2-reporter-95-thread-1&quot; daemon prio=5 tid=2108 timed_waiting&#10;java.lang.Thread.State: TIMED_WAITING&#10;        at sun.misc.Unsafe.park(Native Method)&#10;        at java.util.concurrent.locks.LockSupport.parkNanos(LockSupport.java:215)&#10;        at java.util.concurrent.locks.AbstractQueuedSynchronizer$ConditionObject.awaitNanos(AbstractQueuedSynchronizer.java:2078)&#10;        at java.util.concurrent.ScheduledThreadPoolExecutor$DelayedWorkQueue.take(ScheduledThreadPoolExecutor.java:1093)&#10;        at java.util.concurrent.ScheduledThreadPoolExecutor$DelayedWorkQueue.take(ScheduledThreadPoolExecutor.java:809)&#10;        at java.util.concurrent.ThreadPoolExecutor.getTask(ThreadPoolExecutor.java:1074)&#10;        at java.util.concurrent.ThreadPoolExecutor.runWorker(ThreadPoolExecutor.java:1134)&#10;        at java.util.concurrent.ThreadPoolExecutor$Worker.run(ThreadPoolExecutor.java:624)&#10;        at java.lang.Thread.run(Thread.java:748)&#10;&quot;PartialTableCache Cleanup Thread - 0&quot; daemon prio=5 tid=1070 in Object.wait()&#10;java.lang.Thread.State: WAITING (on object monitor)&#10;        at sun.misc.Unsafe.park(Native Method)&#10;        at java.util.concurrent.locks.LockSupport.park(LockSupport.java:175)&#10;        at java.util.concurrent.locks.AbstractQueuedSynchronizer$ConditionObject.await(AbstractQueuedSynchronizer.java:2039)&#10;        at java.util.concurrent.LinkedBlockingQueue.take(LinkedBlockingQueue.java:442)&#10;        at java.util.concurrent.ThreadPoolExecutor.getTask(ThreadPoolExecutor.java:1074)&#10;        at java.util.concurrent.ThreadPoolExecutor.runWorker(ThreadPoolExecutor.java:1134)&#10;        at java.util.concurrent.ThreadPoolExecutor$Worker.run(ThreadPoolExecutor.java:624)&#10;        at java.lang.Thread.run(Thread.java:748)&#10;&quot;pool-196-thread-16&quot;  prio=5 tid=2009 in Object.wait()&#10;java.lang.Thread.State: WAITING (on object monitor)&#10;        at sun.misc.Unsafe.park(Native Method)&#10;        at java.util.concurrent.locks.LockSupport.park(LockSupport.java:175)&#10;        at java.util.concurrent.locks.AbstractQueuedSynchronizer$ConditionObject.await(AbstractQueuedSynchronizer.java:2039)&#10;        at java.util.concurrent.ArrayBlockingQueue.take(ArrayBlockingQueue.java:403)&#10;        at java.util.concurrent.ThreadPoolExecutor.getTask(ThreadPoolExecutor.java:1074)&#10;        at java.util.concurrent.ThreadPoolExecutor.runWorker(ThreadPoolExecutor.java:1134)&#10;        at java.util.concurrent.ThreadPoolExecutor$Worker.run(ThreadPoolExecutor.java:624)&#10;        at java.lang.Thread.run(Thread.java:748)&#10;&quot;pool-186-thread-40&quot;  prio=5 tid=1971 in Object.wait()&#10;java.lang.Thread.State: WAITING (on object monitor)&#10;        at sun.misc.Unsafe.park(Native Method)&#10;        at java.util.concurrent.locks.LockSupport.park(LockSupport.java:175)&#10;        at java.util.concurrent.locks.AbstractQueuedSynchronizer$ConditionObject.await(AbstractQueuedSynchronizer.java:2039)&#10;        at java.util.concurrent.ArrayBlockingQueue.take(ArrayBlockingQueue.java:403)&#10;        at java.util.concurrent.ThreadPoolExecutor.getTask(ThreadPoolExecutor.java:1074)&#10;        at java.util.concurrent.ThreadPoolExecutor.runWorker(ThreadPoolExecutor.java:1134)&#10;        at java.util.concurrent.ThreadPoolExecutor$Worker.run(ThreadPoolExecutor.java:624)&#10;        at java.lang.Thread.run(Thread.java:748)&#10;&quot;metrics-hadoop-metrics2-reporter-103-thread-1&quot; daemon prio=5 tid=2136 timed_waiting&#10;java.lang.Thread.State: TIMED_WAITING&#10;        at sun.misc.Unsafe.park(Native Method)&#10;        at java.util.concurrent.locks.LockSupport.parkNanos(LockSupport.java:215)&#10;        at java.util.concurrent.locks.AbstractQueuedSynchronizer$ConditionObject.awaitNanos(AbstractQueuedSynchronizer.java:2078)&#10;        at java.util.concurrent.ScheduledThreadPoolExecutor$DelayedWorkQueue.take(ScheduledThreadPoolExecutor.java:1093)&#10;        at java.util.concurrent.ScheduledThreadPoolExecutor$DelayedWorkQueue.take(ScheduledThreadPoolExecutor.java:809)&#10;        at java.util.concurrent.ThreadPoolExecutor.getTask(ThreadPoolExecutor.java:1074)&#10;        at java.util.concurrent.ThreadPoolExecutor.runWorker(ThreadPoolExecutor.java:1134)&#10;        at java.util.concurrent.ThreadPoolExecutor$Worker.run(ThreadPoolExecutor.java:624)&#10;        at java.lang.Thread.run(Thread.java:748)&#10;&quot;pool-176-thread-27&quot;  prio=5 tid=1895 in Object.wait()&#10;java.lang.Thread.State: WAITING (on object monitor)&#10;        at sun.misc.Unsafe.park(Native Method)&#10;        at java.util.concurrent.locks.LockSupport.park(LockSupport.java:175)&#10;        at java.util.concurrent.locks.AbstractQueuedSynchronizer$ConditionObject.await(AbstractQueuedSynchronizer.java:2039)&#10;        at java.util.concurrent.ArrayBlockingQueue.take(ArrayBlockingQueue.java:403)&#10;        at java.util.concurrent.ThreadPoolExecutor.getTask(ThreadPoolExecutor.java:1074)&#10;        at java.util.concurrent.ThreadPoolExecutor.runWorker(ThreadPoolExecutor.java:1134)&#10;        at java.util.concurrent.ThreadPoolExecutor$Worker.run(ThreadPoolExecutor.java:624)&#10;        at java.lang.Thread.run(Thread.java:748)&#10;&quot;pool-186-thread-45&quot;  prio=5 tid=1976 in Object.wait()&#10;java.lang.Thread.State: WAITING (on object monitor)&#10;        at sun.misc.Unsafe.park(Native Method)&#10;        at java.util.concurrent.locks.LockSupport.park(LockSupport.java:175)&#10;        at java.util.concurrent.locks.AbstractQueuedSynchronizer$ConditionObject.await(AbstractQueuedSynchronizer.java:2039)&#10;        at java.util.concurrent.ArrayBlockingQueue.take(ArrayBlockingQueue.java:403)&#10;        at java.util.concurrent.ThreadPoolExecutor.getTask(ThreadPoolExecutor.java:1074)&#10;        at java.util.concurrent.ThreadPoolExecutor.runWorker(ThreadPoolExecutor.java:1134)&#10;        at java.util.concurrent.ThreadPoolExecutor$Worker.run(ThreadPoolExecutor.java:624)&#10;        at java.lang.Thread.run(Thread.java:748)&#10;&quot;IPC Server handler 12 on 41111&quot; daemon prio=5 tid=1723 timed_waiting&#10;java.lang.Thread.State: TIMED_WAITING&#10;        at sun.misc.Unsafe.park(Native Method)&#10;        at java.util.concurrent.locks.LockSupport.parkNanos(LockSupport.java:215)&#10;        at java.util.concurrent.locks.AbstractQueuedSynchronizer$ConditionObject.awaitNanos(AbstractQueuedSynchronizer.java:2078)&#10;        at java.util.concurrent.LinkedBlockingQueue.poll(LinkedBlockingQueue.java:467)&#10;        at org.apache.hadoop.ipc.CallQueueManager.take(CallQueueManager.java:288)&#10;        at org.apache.hadoop.ipc.Server$Handler.run(Server.java:2668)&#10;&quot;qtp1314460166-1825&quot; daemon prio=5 tid=1825 timed_waiting&#10;java.lang.Thread.State: TIMED_WAITING&#10;        at sun.misc.Unsafe.park(Native Method)&#10;        at java.util.concurrent.locks.LockSupport.parkNanos(LockSupport.java:215)&#10;        at java.util.concurrent.locks.AbstractQueuedSynchronizer$ConditionObject.awaitNanos(AbstractQueuedSynchronizer.java:2078)&#10;        at org.eclipse.jetty.util.BlockingArrayQueue.poll(BlockingArrayQueue.java:392)&#10;        at org.eclipse.jetty.util.thread.QueuedThreadPool.idleJobPoll(QueuedThreadPool.java:563)&#10;        at org.eclipse.jetty.util.thread.QueuedThreadPool.access$800(QueuedThreadPool.java:48)&#10;        at org.eclipse.jetty.util.thread.QueuedThreadPool$2.run(QueuedThreadPool.java:626)&#10;        at java.lang.Thread.run(Thread.java:748)&#10;&quot;Datanode ReportManager Thread - 3&quot; daemon prio=5 tid=1864 timed_waiting&#10;java.lang.Thread.State: TIMED_WAITING&#10;        at sun.misc.Unsafe.park(Native Method)&#10;        at java.util.concurrent.locks.LockSupport.parkNanos(LockSupport.java:215)&#10;        at java.util.concurrent.locks.AbstractQueuedSynchronizer$ConditionObject.awaitNanos(AbstractQueuedSynchronizer.java:2078)&#10;        at java.util.concurrent.ScheduledThreadPoolExecutor$DelayedWorkQueue.take(ScheduledThreadPoolExecutor.java:1093)&#10;        at java.util.concurrent.ScheduledThreadPoolExecutor$DelayedWorkQueue.take(ScheduledThreadPoolExecutor.java:809)&#10;        at java.util.concurrent.ThreadPoolExecutor.getTask(ThreadPoolExecutor.java:1074)&#10;        at java.util.concurrent.ThreadPoolExecutor.runWorker(ThreadPoolExecutor.java:1134)&#10;        at java.util.concurrent.ThreadPoolExecutor$Worker.run(ThreadPoolExecutor.java:624)&#10;        at java.lang.Thread.run(Thread.java:748)&#10;&quot;Datanode ReportManager Thread - 0&quot; daemon prio=5 tid=763 timed_waiting&#10;java.lang.Thread.State: TIMED_WAITING&#10;        at sun.misc.Unsafe.park(Native Method)&#10;        at java.util.concurrent.locks.LockSupport.parkNanos(LockSupport.java:215)&#10;        at java.util.concurrent.locks.AbstractQueuedSynchronizer$ConditionObject.awaitNanos(AbstractQueuedSynchronizer.java:2078)&#10;        at java.util.concurrent.ScheduledThreadPoolExecutor$DelayedWorkQueue.take(ScheduledThreadPoolExecutor.java:1093)&#10;        at java.util.concurrent.ScheduledThreadPoolExecutor$DelayedWorkQueue.take(ScheduledThreadPoolExecutor.java:809)&#10;        at java.util.concurrent.ThreadPoolExecutor.getTask(ThreadPoolExecutor.java:1074)&#10;        at java.util.concurrent.ThreadPoolExecutor.runWorker(ThreadPoolExecutor.java:1134)&#10;        at java.util.concurrent.ThreadPoolExecutor$Worker.run(ThreadPoolExecutor.java:624)&#10;        at java.lang.Thread.run(Thread.java:748)&#10;&quot;metrics-hadoop-metrics2-reporter-29-thread-1&quot; daemon prio=5 tid=976 timed_waiting&#10;java.lang.Thread.State: TIMED_WAITING&#10;        at sun.misc.Unsafe.park(Native Method)&#10;        at java.util.concurrent.locks.LockSupport.parkNanos(LockSupport.java:215)&#10;        at java.util.concurrent.locks.AbstractQueuedSynchronizer$ConditionObject.awaitNanos(AbstractQueuedSynchronizer.java:2078)&#10;        at java.util.concurrent.ScheduledThreadPoolExecutor$DelayedWorkQueue.take(ScheduledThreadPoolExecutor.java:1093)&#10;        at java.util.concurrent.ScheduledThreadPoolExecutor$DelayedWorkQueue.take(ScheduledThreadPoolExecutor.java:809)&#10;        at java.util.concurrent.ThreadPoolExecutor.getTask(ThreadPoolExecutor.java:1074)&#10;        at java.util.concurrent.ThreadPoolExecutor.runWorker(ThreadPoolExecutor.java:1134)&#10;        at java.util.concurrent.ThreadPoolExecutor$Worker.run(ThreadPoolExecutor.java:624)&#10;        at java.lang.Thread.run(Thread.java:748)&#10;&quot;EventQueue-NodeRegistrationContainerReportForDataNodeSafeModeRule&quot; daemon prio=5 tid=2059 in Object.wait()&#10;java.lang.Thread.State: WAITING (on object monitor)&#10;        at sun.misc.Unsafe.park(Native Method)&#10;        at java.util.concurrent.locks.LockSupport.park(LockSupport.java:175)&#10;        at java.util.concurrent.locks.AbstractQueuedSynchronizer$ConditionObject.await(AbstractQueuedSynchronizer.java:2039)&#10;        at java.util.concurrent.LinkedBlockingQueue.take(LinkedBlockingQueue.java:442)&#10;        at java.util.concurrent.ThreadPoolExecutor.getTask(ThreadPoolExecutor.java:1074)&#10;        at java.util.concurrent.ThreadPoolExecutor.runWorker(ThreadPoolExecutor.java:1134)&#10;        at java.util.concurrent.ThreadPoolExecutor$Worker.run(ThreadPoolExecutor.java:624)&#10;        at java.lang.Thread.run(Thread.java:748)&#10;&quot;main&quot;  prio=5 tid=1 timed_waiting&#10;java.lang.Thread.State: TIMED_WAITING&#10;        at java.lang.Object.wait(Native Method)&#10;        at java.lang.Thread.join(Thread.java:1260)&#10;        at org.junit.internal.runners.statements.FailOnTimeout.evaluateStatement(FailOnTimeout.java:26)&#10;        at org.junit.internal.runners.statements.FailOnTimeout.evaluate(FailOnTimeout.java:17)&#10;        at org.junit.rules.RunRules.evaluate(RunRules.java:20)&#10;        at org.junit.runners.ParentRunner.runLeaf(ParentRunner.java:271)&#10;        at org.junit.runners.BlockJUnit4ClassRunner.runChild(BlockJUnit4ClassRunner.java:70)&#10;        at org.junit.runners.BlockJUnit4ClassRunner.runChild(BlockJUnit4ClassRunner.java:50)&#10;        at org.junit.runners.ParentRunner$3.run(ParentRunner.java:238)&#10;        at org.junit.runners.ParentRunner$1.schedule(ParentRunner.java:63)&#10;        at org.junit.runners.ParentRunner.runChildren(ParentRunner.java:236)&#10;        at org.junit.runners.ParentRunner.access$000(ParentRunner.java:53)&#10;        at org.junit.runners.ParentRunner$2.evaluate(ParentRunner.java:229)&#10;        at org.junit.runners.ParentRunner.run(ParentRunner.java:309)&#10;        at org.apache.maven.surefire.junit4.JUnit4Provider.execute(JUnit4Provider.java:365)&#10;        at org.apache.maven.surefire.junit4.JUnit4Provider.executeWithRerun(JUnit4Provider.java:273)&#10;        at org.apache.maven.surefire.junit4.JUnit4Provider.executeTestSet(JUnit4Provider.java:238)&#10;        at org.apache.maven.surefire.junit4.JUnit4Provider.invoke(JUnit4Provider.java:159)&#10;        at org.apache.maven.surefire.booter.ForkedBooter.invokeProviderInSameClassLoader(ForkedBooter.java:384)&#10;        at org.apache.maven.surefire.booter.ForkedBooter.runSuitesInProcess(ForkedBooter.java:345)&#10;        at org.apache.maven.surefire.booter.ForkedBooter.execute(ForkedBooter.java:126)&#10;        at org.apache.maven.surefire.booter.ForkedBooter.main(ForkedBooter.java:418)&#10;&quot;c07977b7-c8ef-4f3c-80b1-66a07c6e3dcd@group-2095AA24612E-StateMachineUpdater&quot; daemon prio=5 tid=2086 in Object.wait()&#10;java.lang.Thread.State: WAITING (on object monitor)&#10;        at java.lang.Object.wait(Native Method)&#10;        at java.lang.Object.wait(Object.java:502)&#10;        at org.apache.ratis.server.impl.StateMachineUpdater.waitForCommit(StateMachineUpdater.java:194)&#10;        at org.apache.ratis.server.impl.StateMachineUpdater.run(StateMachineUpdater.java:159)&#10;        at java.lang.Thread.run(Thread.java:748)&#10;&quot;pool-176-thread-19&quot;  prio=5 tid=1887 in Object.wait()&#10;java.lang.Thread.State: WAITING (on object monitor)&#10;        at sun.misc.Unsafe.park(Native Method)&#10;        at java.util.concurrent.locks.LockSupport.park(LockSupport.java:175)&#10;        at java.util.concurrent.locks.AbstractQueuedSynchronizer$ConditionObject.await(AbstractQueuedSynchronizer.java:2039)&#10;        at java.util.concurrent.ArrayBlockingQueue.take(ArrayBlockingQueue.java:403)&#10;        at java.util.concurrent.ThreadPoolExecutor.getTask(ThreadPoolExecutor.java:1074)&#10;        at java.util.concurrent.ThreadPoolExecutor.runWorker(ThreadPoolExecutor.java:1134)&#10;        at java.util.concurrent.ThreadPoolExecutor$Worker.run(ThreadPoolExecutor.java:624)&#10;        at java.lang.Thread.run(Thread.java:748)&#10;&quot;qtp915734066-1799&quot; daemon prio=5 tid=1799 timed_waiting&#10;java.lang.Thread.State: TIMED_WAITING&#10;        at sun.misc.Unsafe.park(Native Method)&#10;        at java.util.concurrent.locks.LockSupport.parkNanos(LockSupport.java:215)&#10;        at java.util.concurrent.locks.AbstractQueuedSynchronizer$ConditionObject.awaitNanos(AbstractQueuedSynchronizer.java:2078)&#10;        at org.eclipse.jetty.util.BlockingArrayQueue.poll(BlockingArrayQueue.java:392)&#10;        at org.eclipse.jetty.util.thread.QueuedThreadPool.idleJobPoll(QueuedThreadPool.java:563)&#10;        at org.eclipse.jetty.util.thread.QueuedThreadPool.access$800(QueuedThreadPool.java:48)&#10;        at org.eclipse.jetty.util.thread.QueuedThreadPool$2.run(QueuedThreadPool.java:626)&#10;        at java.lang.Thread.run(Thread.java:748)&#10;&quot;IPC Server handler 3 on 46187&quot; daemon prio=5 tid=1757 timed_waiting&#10;java.lang.Thread.State: TIMED_WAITING&#10;        at sun.misc.Unsafe.park(Native Method)&#10;        at java.util.concurrent.locks.LockSupport.parkNanos(LockSupport.java:215)&#10;        at java.util.concurrent.locks.AbstractQueuedSynchronizer$ConditionObject.awaitNanos(AbstractQueuedSynchronizer.java:2078)&#10;        at java.util.concurrent.LinkedBlockingQueue.poll(LinkedBlockingQueue.java:467)&#10;        at org.apache.hadoop.ipc.CallQueueManager.take(CallQueueManager.java:288)&#10;        at org.apache.hadoop.ipc.Server$Handler.run(Server.java:2668)&#10;&quot;org.apache.hadoop.util.JvmPauseMonitor$Monitor@2f8aa5a3&quot; daemon prio=5 tid=1744 timed_waiting&#10;java.lang.Thread.State: TIMED_WAITING&#10;        at java.lang.Thread.sleep(Native Method)&#10;        at org.apache.hadoop.util.JvmPauseMonitor$Monitor.run(JvmPauseMonitor.java:192)&#10;        at java.lang.Thread.run(Thread.java:748)&#10;&quot;Datanode ReportManager Thread - 0&quot; daemon prio=5 tid=1834 in Object.wait()&#10;java.lang.Thread.State: WAITING (on object monitor)&#10;        at sun.misc.Unsafe.park(Native Method)&#10;        at java.util.concurrent.locks.LockSupport.park(LockSupport.java:175)&#10;        at java.util.concurrent.locks.AbstractQueuedSynchronizer$ConditionObject.await(AbstractQueuedSynchronizer.java:2039)&#10;        at java.util.concurrent.ScheduledThreadPoolExecutor$DelayedWorkQueue.take(ScheduledThreadPoolExecutor.java:1088)&#10;        at java.util.concurrent.ScheduledThreadPoolExecutor$DelayedWorkQueue.take(ScheduledThreadPoolExecutor.java:809)&#10;        at java.util.concurrent.ThreadPoolExecutor.getTask(ThreadPoolExecutor.java:1074)&#10;        at java.util.concurrent.ThreadPoolExecutor.runWorker(ThreadPoolExecutor.java:1134)&#10;        at java.util.concurrent.ThreadPoolExecutor$Worker.run(ThreadPoolExecutor.java:624)&#10;        at java.lang.Thread.run(Thread.java:748)&#10;&quot;IPC Server handler 12 on 33059&quot; daemon prio=5 tid=1683 timed_waiting&#10;java.lang.Thread.State: TIMED_WAITING&#10;        at sun.misc.Unsafe.park(Native Method)&#10;        at java.util.concurrent.locks.LockSupport.parkNanos(LockSupport.java:215)&#10;        at java.util.concurrent.locks.AbstractQueuedSynchronizer$ConditionObject.awaitNanos(AbstractQueuedSynchronizer.java:2078)&#10;        at java.util.concurrent.LinkedBlockingQueue.poll(LinkedBlockingQueue.java:467)&#10;        at org.apache.hadoop.ipc.CallQueueManager.take(CallQueueManager.java:288)&#10;        at org.apache.hadoop.ipc.Server$Handler.run(Server.java:2668)&#10;&quot;pool-196-thread-28&quot;  prio=5 tid=2021 in Object.wait()&#10;java.lang.Thread.State: WAITING (on object monitor)&#10;        at sun.misc.Unsafe.park(Native Method)&#10;        at java.util.concurrent.locks.LockSupport.park(LockSupport.java:175)&#10;        at java.util.concurrent.locks.AbstractQueuedSynchronizer$ConditionObject.await(AbstractQueuedSynchronizer.java:2039)&#10;        at java.util.concurrent.ArrayBlockingQueue.take(ArrayBlockingQueue.java:403)&#10;        at java.util.concurrent.ThreadPoolExecutor.getTask(ThreadPoolExecutor.java:1074)&#10;        at java.util.concurrent.ThreadPoolExecutor.runWorker(ThreadPoolExecutor.java:1134)&#10;        at java.util.concurrent.ThreadPoolExecutor$Worker.run(ThreadPoolExecutor.java:624)&#10;        at java.lang.Thread.run(Thread.java:748)&#10;&quot;Datanode State Machine Thread - 0&quot; daemon prio=5 tid=1806 timed_waiting&#10;java.lang.Thread.State: TIMED_WAITING&#10;        at java.lang.Thread.sleep(Native Method)&#10;        at org.apache.hadoop.ozone.container.common.statemachine.DatanodeStateMachine.start(DatanodeStateMachine.java:191)&#10;        at org.apache.hadoop.ozone.container.common.statemachine.DatanodeStateMachine.lambda$startDaemon$0(DatanodeStateMachine.java:349)&#10;        at org.apache.hadoop.ozone.container.common.statemachine.DatanodeStateMachine$$Lambda$140/53279234.run(Unknown Source)&#10;        at java.lang.Thread.run(Thread.java:748)&#10;&quot;metrics-hadoop-metrics2-reporter-77-thread-1&quot; daemon prio=5 tid=1571 timed_waiting&#10;java.lang.Thread.State: TIMED_WAITING&#10;        at sun.misc.Unsafe.park(Native Method)&#10;        at java.util.concurrent.locks.LockSupport.parkNanos(LockSupport.java:215)&#10;        at java.util.concurrent.locks.AbstractQueuedSynchronizer$ConditionObject.awaitNanos(AbstractQueuedSynchronizer.java:2078)&#10;        at java.util.concurrent.ScheduledThreadPoolExecutor$DelayedWorkQueue.take(ScheduledThreadPoolExecutor.java:1093)&#10;        at java.util.concurrent.ScheduledThreadPoolExecutor$DelayedWorkQueue.take(ScheduledThreadPoolExecutor.java:809)&#10;        at java.util.concurrent.ThreadPoolExecutor.getTask(ThreadPoolExecutor.java:1074)&#10;        at java.util.concurrent.ThreadPoolExecutor.runWorker(ThreadPoolExecutor.java:1134)&#10;        at java.util.concurrent.ThreadPoolExecutor$Worker.run(ThreadPoolExecutor.java:624)&#10;        at java.lang.Thread.run(Thread.java:748)&#10;&quot;IPC Server handler 16 on 33059&quot; daemon prio=5 tid=1687 timed_waiting&#10;java.lang.Thread.State: TIMED_WAITING&#10;        at sun.misc.Unsafe.park(Native Method)&#10;        at java.util.concurrent.locks.LockSupport.parkNanos(LockSupport.java:215)&#10;        at java.util.concurrent.locks.AbstractQueuedSynchronizer$ConditionObject.awaitNanos(AbstractQueuedSynchronizer.java:2078)&#10;        at java.util.concurrent.LinkedBlockingQueue.poll(LinkedBlockingQueue.java:467)&#10;        at org.apache.hadoop.ipc.CallQueueManager.take(CallQueueManager.java:288)&#10;        at org.apache.hadoop.ipc.Server$Handler.run(Server.java:2668)&#10;&quot;metrics-hadoop-metrics2-reporter-62-thread-1&quot; daemon prio=5 tid=1517 timed_waiting&#10;java.lang.Thread.State: TIMED_WAITING&#10;        at sun.misc.Unsafe.park(Native Method)&#10;        at java.util.concurrent.locks.LockSupport.parkNanos(LockSupport.java:215)&#10;        at java.util.concurrent.locks.AbstractQueuedSynchronizer$ConditionObject.awaitNanos(AbstractQueuedSynchronizer.java:2078)&#10;        at java.util.concurrent.ScheduledThreadPoolExecutor$DelayedWorkQueue.take(ScheduledThreadPoolExecutor.java:1093)&#10;        at java.util.concurrent.ScheduledThreadPoolExecutor$DelayedWorkQueue.take(ScheduledThreadPoolExecutor.java:809)&#10;        at java.util.concurrent.ThreadPoolExecutor.getTask(ThreadPoolExecutor.java:1074)&#10;        at java.util.concurrent.ThreadPoolExecutor.runWorker(ThreadPoolExecutor.java:1134)&#10;        at java.util.concurrent.ThreadPoolExecutor$Worker.run(ThreadPoolExecutor.java:624)&#10;        at java.lang.Thread.run(Thread.java:748)&#10;&quot;pool-176-thread-31&quot;  prio=5 tid=1899 in Object.wait()&#10;java.lang.Thread.State: WAITING (on object monitor)&#10;        at sun.misc.Unsafe.park(Native Method)&#10;        at java.util.concurrent.locks.LockSupport.park(LockSupport.java:175)&#10;        at java.util.concurrent.locks.AbstractQueuedSynchronizer$ConditionObject.await(AbstractQueuedSynchronizer.java:2039)&#10;        at java.util.concurrent.ArrayBlockingQueue.take(ArrayBlockingQueue.java:403)&#10;        at java.util.concurrent.ThreadPoolExecutor.getTask(ThreadPoolExecutor.java:1074)&#10;        at java.util.concurrent.ThreadPoolExecutor.runWorker(ThreadPoolExecutor.java:1134)&#10;        at java.util.concurrent.ThreadPoolExecutor$Worker.run(ThreadPoolExecutor.java:624)&#10;        at java.lang.Thread.run(Thread.java:748)&#10;&quot;Datanode State Machine Thread - 0&quot; daemon prio=5 tid=1867 timed_waiting&#10;java.lang.Thread.State: TIMED_WAITING&#10;        at sun.misc.Unsafe.park(Native Method)&#10;        at java.util.concurrent.locks.LockSupport.parkNanos(LockSupport.java:215)&#10;        at java.util.concurrent.SynchronousQueue$TransferStack.awaitFulfill(SynchronousQueue.java:460)&#10;        at java.util.concurrent.SynchronousQueue$TransferStack.transfer(SynchronousQueue.java:362)&#10;        at java.util.concurrent.SynchronousQueue.poll(SynchronousQueue.java:941)&#10;        at java.util.concurrent.ThreadPoolExecutor.getTask(ThreadPoolExecutor.java:1073)&#10;        at java.util.concurrent.ThreadPoolExecutor.runWorker(ThreadPoolExecutor.java:1134)&#10;        at java.util.concurrent.ThreadPoolExecutor$Worker.run(ThreadPoolExecutor.java:624)&#10;        at java.lang.Thread.run(Thread.java:748)&#10;&quot;qtp1314460166-1828&quot; daemon prio=5 tid=1828 timed_waiting&#10;java.lang.Thread.State: TIMED_WAITING&#10;        at sun.misc.Unsafe.park(Native Method)&#10;        at java.util.concurrent.locks.LockSupport.parkNanos(LockSupport.java:215)&#10;        at java.util.concurrent.locks.AbstractQueuedSynchronizer$ConditionObject.awaitNanos(AbstractQueuedSynchronizer.java:2078)&#10;        at org.eclipse.jetty.util.BlockingArrayQueue.poll(BlockingArrayQueue.java:392)&#10;        at org.eclipse.jetty.util.thread.QueuedThreadPool.idleJobPoll(QueuedThreadPool.java:563)&#10;        at org.eclipse.jetty.util.thread.QueuedThreadPool.access$800(QueuedThreadPool.java:48)&#10;        at org.eclipse.jetty.util.thread.QueuedThreadPool$2.run(QueuedThreadPool.java:626)&#10;        at java.lang.Thread.run(Thread.java:748)&#10;&quot;PartialTableCache Cleanup Thread - 0&quot; daemon prio=5 tid=1644 in Object.wait()&#10;java.lang.Thread.State: WAITING (on object monitor)&#10;        at sun.misc.Unsafe.park(Native Method)&#10;        at java.util.concurrent.locks.LockSupport.park(LockSupport.java:175)&#10;        at java.util.concurrent.locks.AbstractQueuedSynchronizer$ConditionObject.await(AbstractQueuedSynchronizer.java:2039)&#10;        at java.util.concurrent.LinkedBlockingQueue.take(LinkedBlockingQueue.java:442)&#10;        at java.util.concurrent.ThreadPoolExecutor.getTask(ThreadPoolExecutor.java:1074)&#10;        at java.util.concurrent.ThreadPoolExecutor.runWorker(ThreadPoolExecutor.java:1134)&#10;        at java.util.concurrent.ThreadPoolExecutor$Worker.run(ThreadPoolExecutor.java:624)&#10;        at java.lang.Thread.run(Thread.java:748)&#10;&quot;pool-186-thread-29&quot;  prio=5 tid=1960 in Object.wait()&#10;java.lang.Thread.State: WAITING (on object monitor)&#10;        at sun.misc.Unsafe.park(Native Method)&#10;        at java.util.concurrent.locks.LockSupport.park(LockSupport.java:175)&#10;        at java.util.concurrent.locks.AbstractQueuedSynchronizer$ConditionObject.await(AbstractQueuedSynchronizer.java:2039)&#10;        at java.util.concurrent.ArrayBlockingQueue.take(ArrayBlockingQueue.java:403)&#10;        at java.util.concurrent.ThreadPoolExecutor.getTask(ThreadPoolExecutor.java:1074)&#10;        at java.util.concurrent.ThreadPoolExecutor.runWorker(ThreadPoolExecutor.java:1134)&#10;        at java.util.concurrent.ThreadPoolExecutor$Worker.run(ThreadPoolExecutor.java:624)&#10;        at java.lang.Thread.run(Thread.java:748)&#10;&quot;pool-186-thread-25&quot;  prio=5 tid=1956 in Object.wait()&#10;java.lang.Thread.State: WAITING (on object monitor)&#10;        at sun.misc.Unsafe.park(Native Method)&#10;        at java.util.concurrent.locks.LockSupport.park(LockSupport.java:175)&#10;        at java.util.concurrent.locks.AbstractQueuedSynchronizer$ConditionObject.await(AbstractQueuedSynchronizer.java:2039)&#10;        at java.util.concurrent.ArrayBlockingQueue.take(ArrayBlockingQueue.java:403)&#10;        at java.util.concurrent.ThreadPoolExecutor.getTask(ThreadPoolExecutor.java:1074)&#10;        at java.util.concurrent.ThreadPoolExecutor.runWorker(ThreadPoolExecutor.java:1134)&#10;        at java.util.concurrent.ThreadPoolExecutor$Worker.run(ThreadPoolExecutor.java:624)&#10;        at java.lang.Thread.run(Thread.java:748)&#10;&quot;qtp915734066-1797&quot; daemon prio=5 tid=1797 timed_waiting&#10;java.lang.Thread.State: TIMED_WAITING&#10;        at sun.misc.Unsafe.park(Native Method)&#10;        at java.util.concurrent.locks.LockSupport.parkNanos(LockSupport.java:215)&#10;        at java.util.concurrent.locks.AbstractQueuedSynchronizer$ConditionObject.awaitNanos(AbstractQueuedSynchronizer.java:2078)&#10;        at org.eclipse.jetty.util.BlockingArrayQueue.poll(BlockingArrayQueue.java:392)&#10;        at org.eclipse.jetty.util.thread.QueuedThreadPool.idleJobPoll(QueuedThreadPool.java:563)&#10;        at org.eclipse.jetty.util.thread.QueuedThreadPool.access$800(QueuedThreadPool.java:48)&#10;        at org.eclipse.jetty.util.thread.QueuedThreadPool$2.run(QueuedThreadPool.java:626)&#10;        at java.lang.Thread.run(Thread.java:748)&#10;&quot;Datanode ReportManager Thread - 1&quot; daemon prio=5 tid=200 in Object.wait()&#10;java.lang.Thread.State: WAITING (on object monitor)&#10;        at sun.misc.Unsafe.park(Native Method)&#10;        at java.util.concurrent.locks.LockSupport.park(LockSupport.java:175)&#10;        at java.util.concurrent.locks.AbstractQueuedSynchronizer$ConditionObject.await(AbstractQueuedSynchronizer.java:2039)&#10;        at java.util.concurrent.ScheduledThreadPoolExecutor$DelayedWorkQueue.take(ScheduledThreadPoolExecutor.java:1088)&#10;        at java.util.concurrent.ScheduledThreadPoolExecutor$DelayedWorkQueue.take(ScheduledThreadPoolExecutor.java:809)&#10;        at java.util.concurrent.ThreadPoolExecutor.getTask(ThreadPoolExecutor.java:1074)&#10;        at java.util.concurrent.ThreadPoolExecutor.runWorker(ThreadPoolExecutor.java:1134)&#10;        at java.util.concurrent.ThreadPoolExecutor$Worker.run(ThreadPoolExecutor.java:624)&#10;        at java.lang.Thread.run(Thread.java:748)&#10;&quot;pool-176-thread-30&quot;  prio=5 tid=1898 in Object.wait()&#10;java.lang.Thread.State: WAITING (on object monitor)&#10;        at sun.misc.Unsafe.park(Native Method)&#10;        at java.util.concurrent.locks.LockSupport.park(LockSupport.java:175)&#10;        at java.util.concurrent.locks.AbstractQueuedSynchronizer$ConditionObject.await(AbstractQueuedSynchronizer.java:2039)&#10;        at java.util.concurrent.ArrayBlockingQueue.take(ArrayBlockingQueue.java:403)&#10;        at java.util.concurrent.ThreadPoolExecutor.getTask(ThreadPoolExecutor.java:1074)&#10;        at java.util.concurrent.ThreadPoolExecutor.runWorker(ThreadPoolExecutor.java:1134)&#10;        at java.util.concurrent.ThreadPoolExecutor$Worker.run(ThreadPoolExecutor.java:624)&#10;        at java.lang.Thread.run(Thread.java:748)&#10;&quot;pool-186-thread-37&quot;  prio=5 tid=1968 in Object.wait()&#10;java.lang.Thread.State: WAITING (on object monitor)&#10;        at sun.misc.Unsafe.park(Native Method)&#10;        at java.util.concurrent.locks.LockSupport.park(LockSupport.java:175)&#10;        at java.util.concurrent.locks.AbstractQueuedSynchronizer$ConditionObject.await(AbstractQueuedSynchronizer.java:2039)&#10;        at java.util.concurrent.ArrayBlockingQueue.take(ArrayBlockingQueue.java:403)&#10;        at java.util.concurrent.ThreadPoolExecutor.getTask(ThreadPoolExecutor.java:1074)&#10;        at java.util.concurrent.ThreadPoolExecutor.runWorker(ThreadPoolExecutor.java:1134)&#10;        at java.util.concurrent.ThreadPoolExecutor$Worker.run(ThreadPoolExecutor.java:624)&#10;        at java.lang.Thread.run(Thread.java:748)&#10;&quot;pool-176-thread-41&quot;  prio=5 tid=1909 in Object.wait()&#10;java.lang.Thread.State: WAITING (on object monitor)&#10;        at sun.misc.Unsafe.park(Native Method)&#10;        at java.util.concurrent.locks.LockSupport.park(LockSupport.java:175)&#10;        at java.util.concurrent.locks.AbstractQueuedSynchronizer$ConditionObject.await(AbstractQueuedSynchronizer.java:2039)&#10;        at java.util.concurrent.ArrayBlockingQueue.take(ArrayBlockingQueue.java:403)&#10;        at java.util.concurrent.ThreadPoolExecutor.getTask(ThreadPoolExecutor.java:1074)&#10;        at java.util.concurrent.ThreadPoolExecutor.runWorker(ThreadPoolExecutor.java:1134)&#10;        at java.util.concurrent.ThreadPoolExecutor$Worker.run(ThreadPoolExecutor.java:624)&#10;        at java.lang.Thread.run(Thread.java:748)&#10;&quot;BlockDeletingService#1&quot; daemon prio=5 tid=1931 in Object.wait()&#10;java.lang.Thread.State: WAITING (on object monitor)&#10;        at sun.misc.Unsafe.park(Native Method)&#10;        at java.util.concurrent.locks.LockSupport.park(LockSupport.java:175)&#10;        at java.util.concurrent.locks.AbstractQueuedSynchronizer$ConditionObject.await(AbstractQueuedSynchronizer.java:2039)&#10;        at java.util.concurrent.ScheduledThreadPoolExecutor$DelayedWorkQueue.take(ScheduledThreadPoolExecutor.java:1088)&#10;        at java.util.concurrent.ScheduledThreadPoolExecutor$DelayedWorkQueue.take(ScheduledThreadPoolExecutor.java:809)&#10;        at java.util.concurrent.ThreadPoolExecutor.getTask(ThreadPoolExecutor.java:1074)&#10;        at java.util.concurrent.ThreadPoolExecutor.runWorker(ThreadPoolExecutor.java:1134)&#10;        at java.util.concurrent.ThreadPoolExecutor$Worker.run(ThreadPoolExecutor.java:624)&#10;        at java.lang.Thread.run(Thread.java:748)&#10;&quot;pool-176-thread-20&quot;  prio=5 tid=1888 in Object.wait()&#10;java.lang.Thread.State: WAITING (on object monitor)&#10;        at sun.misc.Unsafe.park(Native Method)&#10;        at java.util.concurrent.locks.LockSupport.park(LockSupport.java:175)&#10;        at java.util.concurrent.locks.AbstractQueuedSynchronizer$ConditionObject.await(AbstractQueuedSynchronizer.java:2039)&#10;        at java.util.concurrent.ArrayBlockingQueue.take(ArrayBlockingQueue.java:403)&#10;        at java.util.concurrent.ThreadPoolExecutor.getTask(ThreadPoolExecutor.java:1074)&#10;        at java.util.concurrent.ThreadPoolExecutor.runWorker(ThreadPoolExecutor.java:1134)&#10;        at java.util.concurrent.ThreadPoolExecutor$Worker.run(ThreadPoolExecutor.java:624)&#10;        at java.lang.Thread.run(Thread.java:748)&#10;&quot;metrics-hadoop-metrics2-reporter-57-thread-1&quot; daemon prio=5 tid=1505 timed_waiting&#10;java.lang.Thread.State: TIMED_WAITING&#10;        at sun.misc.Unsafe.park(Native Method)&#10;        at java.util.concurrent.locks.LockSupport.parkNanos(LockSupport.java:215)&#10;        at java.util.concurrent.locks.AbstractQueuedSynchronizer$ConditionObject.awaitNanos(AbstractQueuedSynchronizer.java:2078)&#10;        at java.util.concurrent.ScheduledThreadPoolExecutor$DelayedWorkQueue.take(ScheduledThreadPoolExecutor.java:1093)&#10;        at java.util.concurrent.ScheduledThreadPoolExecutor$DelayedWorkQueue.take(ScheduledThreadPoolExecutor.java:809)&#10;        at java.util.concurrent.ThreadPoolExecutor.getTask(ThreadPoolExecutor.java:1074)&#10;        at java.util.concurrent.ThreadPoolExecutor.runWorker(ThreadPoolExecutor.java:1134)&#10;        at java.util.concurrent.ThreadPoolExecutor$Worker.run(ThreadPoolExecutor.java:624)&#10;        at java.lang.Thread.run(Thread.java:748)&#10;&quot;pool-186-thread-48&quot;  prio=5 tid=1979 in Object.wait()&#10;java.lang.Thread.State: WAITING (on object monitor)&#10;        at sun.misc.Unsafe.park(Native Method)&#10;        at java.util.concurrent.locks.LockSupport.park(LockSupport.java:175)&#10;        at java.util.concurrent.locks.AbstractQueuedSynchronizer$ConditionObject.await(AbstractQueuedSynchronizer.java:2039)&#10;        at java.util.concurrent.ArrayBlockingQueue.take(ArrayBlockingQueue.java:403)&#10;        at java.util.concurrent.ThreadPoolExecutor.getTask(ThreadPoolExecutor.java:1074)&#10;        at java.util.concurrent.ThreadPoolExecutor.runWorker(ThreadPoolExecutor.java:1134)&#10;        at java.util.concurrent.ThreadPoolExecutor$Worker.run(ThreadPoolExecutor.java:624)&#10;        at java.lang.Thread.run(Thread.java:748)&#10;&quot;Datanode State Machine Thread - 0&quot; daemon prio=5 tid=1813 timed_waiting&#10;java.lang.Thread.State: TIMED_WAITING&#10;        at sun.misc.Unsafe.park(Native Method)&#10;        at java.util.concurrent.locks.LockSupport.parkNanos(LockSupport.java:215)&#10;        at java.util.concurrent.SynchronousQueue$TransferStack.awaitFulfill(SynchronousQueue.java:460)&#10;        at java.util.concurrent.SynchronousQueue$TransferStack.transfer(SynchronousQueue.java:362)&#10;        at java.util.concurrent.SynchronousQueue.poll(SynchronousQueue.java:941)&#10;        at java.util.concurrent.ThreadPoolExecutor.getTask(ThreadPoolExecutor.java:1073)&#10;        at java.util.concurrent.ThreadPoolExecutor.runWorker(ThreadPoolExecutor.java:1134)&#10;        at java.util.concurrent.ThreadPoolExecutor$Worker.run(ThreadPoolExecutor.java:624)&#10;        at java.lang.Thread.run(Thread.java:748)&#10;&quot;metrics-hadoop-metrics2-reporter-93-thread-1&quot; daemon prio=5 tid=2098 timed_waiting&#10;java.lang.Thread.State: TIMED_WAITING&#10;        at sun.misc.Unsafe.park(Native Method)&#10;        at java.util.concurrent.locks.LockSupport.parkNanos(LockSupport.java:215)&#10;        at java.util.concurrent.locks.AbstractQueuedSynchronizer$ConditionObject.awaitNanos(AbstractQueuedSynchronizer.java:2078)&#10;        at java.util.concurrent.ScheduledThreadPoolExecutor$DelayedWorkQueue.take(ScheduledThreadPoolExecutor.java:1093)&#10;        at java.util.concurrent.ScheduledThreadPoolExecutor$DelayedWorkQueue.take(ScheduledThreadPoolExecutor.java:809)&#10;        at java.util.concurrent.ThreadPoolExecutor.getTask(ThreadPoolExecutor.java:1074)&#10;        at java.util.concurrent.ThreadPoolExecutor.runWorker(ThreadPoolExecutor.java:1134)&#10;        at java.util.concurrent.ThreadPoolExecutor$Worker.run(ThreadPoolExecutor.java:624)&#10;        at java.lang.Thread.run(Thread.java:748)&#10;&quot;pool-186-thread-18&quot;  prio=5 tid=1949 in Object.wait()&#10;java.lang.Thread.State: WAITING (on object monitor)&#10;        at sun.misc.Unsafe.park(Native Method)&#10;        at java.util.concurrent.locks.LockSupport.park(LockSupport.java:175)&#10;        at java.util.concurrent.locks.AbstractQueuedSynchronizer$ConditionObject.await(AbstractQueuedSynchronizer.java:2039)&#10;        at java.util.concurrent.ArrayBlockingQueue.take(ArrayBlockingQueue.java:403)&#10;        at java.util.concurrent.ThreadPoolExecutor.getTask(ThreadPoolExecutor.java:1074)&#10;        at java.util.concurrent.ThreadPoolExecutor.runWorker(ThreadPoolExecutor.java:1134)&#10;        at java.util.concurrent.ThreadPoolExecutor$Worker.run(ThreadPoolExecutor.java:624)&#10;        at java.lang.Thread.run(Thread.java:748)&#10;&quot;IPC Server handler 17 on 33059&quot; daemon prio=5 tid=1688 timed_waiting&#10;java.lang.Thread.State: TIMED_WAITING&#10;        at sun.misc.Unsafe.park(Native Method)&#10;        at java.util.concurrent.locks.LockSupport.parkNanos(LockSupport.java:215)&#10;        at java.util.concurrent.locks.AbstractQueuedSynchronizer$ConditionObject.awaitNanos(AbstractQueuedSynchronizer.java:2078)&#10;        at java.util.concurrent.LinkedBlockingQueue.poll(LinkedBlockingQueue.java:467)&#10;        at org.apache.hadoop.ipc.CallQueueManager.take(CallQueueManager.java:288)&#10;        at org.apache.hadoop.ipc.Server$Handler.run(Server.java:2668)&#10;&quot;IPC Server handler 13 on 33059&quot; daemon prio=5 tid=1684 timed_waiting&#10;java.lang.Thread.State: TIMED_WAITING&#10;        at sun.misc.Unsafe.park(Native Method)&#10;        at java.util.concurrent.locks.LockSupport.parkNanos(LockSupport.java:215)&#10;        at java.util.concurrent.locks.AbstractQueuedSynchronizer$ConditionObject.awaitNanos(AbstractQueuedSynchronizer.java:2078)&#10;        at java.util.concurrent.LinkedBlockingQueue.poll(LinkedBlockingQueue.java:467)&#10;        at org.apache.hadoop.ipc.CallQueueManager.take(CallQueueManager.java:288)&#10;        at org.apache.hadoop.ipc.Server$Handler.run(Server.java:2668)&#10;&quot;metrics-hadoop-metrics2-reporter-2-thread-1&quot; daemon prio=5 tid=439 timed_waiting&#10;java.lang.Thread.State: TIMED_WAITING&#10;        at sun.misc.Unsafe.park(Native Method)&#10;        at java.util.concurrent.locks.LockSupport.parkNanos(LockSupport.java:215)&#10;        at java.util.concurrent.locks.AbstractQueuedSynchronizer$ConditionObject.awaitNanos(AbstractQueuedSynchronizer.java:2078)&#10;        at java.util.concurrent.ScheduledThreadPoolExecutor$DelayedWorkQueue.take(ScheduledThreadPoolExecutor.java:1093)&#10;        at java.util.concurrent.ScheduledThreadPoolExecutor$DelayedWorkQueue.take(ScheduledThreadPoolExecutor.java:809)&#10;        at java.util.concurrent.ThreadPoolExecutor.getTask(ThreadPoolExecutor.java:1074)&#10;        at java.util.concurrent.ThreadPoolExecutor.runWorker(ThreadPoolExecutor.java:1134)&#10;        at java.util.concurrent.ThreadPoolExecutor$Worker.run(ThreadPoolExecutor.java:624)&#10;        at java.lang.Thread.run(Thread.java:748)&#10;&quot;d81605c5-54b3-45a8-b5ae-2e8d8890cbef@group-E84345AE8D9B-StateMachineUpdater&quot; daemon prio=5 tid=2073 in Object.wait()&#10;java.lang.Thread.State: WAITING (on object monitor)&#10;        at java.lang.Object.wait(Native Method)&#10;        at java.lang.Object.wait(Object.java:502)&#10;        at org.apache.ratis.server.impl.StateMachineUpdater.waitForCommit(StateMachineUpdater.java:194)&#10;        at org.apache.ratis.server.impl.StateMachineUpdater.run(StateMachineUpdater.java:159)&#10;        at java.lang.Thread.run(Thread.java:748)&#10;&quot;IPC Server handler 16 on 39395&quot; daemon prio=5 tid=1707 timed_waiting&#10;java.lang.Thread.State: TIMED_WAITING&#10;        at sun.misc.Unsafe.park(Native Method)&#10;        at java.util.concurrent.locks.LockSupport.parkNanos(LockSupport.java:215)&#10;        at java.util.concurrent.locks.AbstractQueuedSynchronizer$ConditionObject.awaitNanos(AbstractQueuedSynchronizer.java:2078)&#10;        at java.util.concurrent.LinkedBlockingQueue.poll(LinkedBlockingQueue.java:467)&#10;        at org.apache.hadoop.ipc.CallQueueManager.take(CallQueueManager.java:288)&#10;        at org.apache.hadoop.ipc.Server$Handler.run(Server.java:2668)&#10;&quot;KeyDeletingService#1&quot; daemon prio=5 tid=1759 in Object.wait()&#10;java.lang.Thread.State: WAITING (on object monitor)&#10;        at sun.misc.Unsafe.park(Native Method)&#10;        at java.util.concurrent.locks.LockSupport.park(LockSupport.java:175)&#10;        at java.util.concurrent.locks.AbstractQueuedSynchronizer$ConditionObject.await(AbstractQueuedSynchronizer.java:2039)&#10;        at java.util.concurrent.ScheduledThreadPoolExecutor$DelayedWorkQueue.take(ScheduledThreadPoolExecutor.java:1088)&#10;        at java.util.concurrent.ScheduledThreadPoolExecutor$DelayedWorkQueue.take(ScheduledThreadPoolExecutor.java:809)&#10;        at java.util.concurrent.ThreadPoolExecutor.getTask(ThreadPoolExecutor.java:1074)&#10;        at java.util.concurrent.ThreadPoolExecutor.runWorker(ThreadPoolExecutor.java:1134)&#10;        at java.util.concurrent.ThreadPoolExecutor$Worker.run(ThreadPoolExecutor.java:624)&#10;        at java.lang.Thread.run(Thread.java:748)&#10;&quot;IPC Server handler 18 on 46187&quot; daemon prio=5 tid=1773 timed_waiting&#10;java.lang.Thread.State: TIMED_WAITING&#10;        at sun.misc.Unsafe.park(Native Method)&#10;        at java.util.concurrent.locks.LockSupport.parkNanos(LockSupport.java:215)&#10;        at java.util.concurrent.locks.AbstractQueuedSynchronizer$ConditionObject.awaitNanos(AbstractQueuedSynchronizer.java:2078)&#10;        at java.util.concurrent.LinkedBlockingQueue.poll(LinkedBlockingQueue.java:467)&#10;        at org.apache.hadoop.ipc.CallQueueManager.take(CallQueueManager.java:288)&#10;        at org.apache.hadoop.ipc.Server$Handler.run(Server.java:2668)&#10;&quot;IPC Server handler 3 on 41111&quot; daemon prio=5 tid=1714 timed_waiting&#10;java.lang.Thread.State: TIMED_WAITING&#10;        at sun.misc.Unsafe.park(Native Method)&#10;        at java.util.concurrent.locks.LockSupport.parkNanos(LockSupport.java:215)&#10;        at java.util.concurrent.locks.AbstractQueuedSynchronizer$ConditionObject.awaitNanos(AbstractQueuedSynchronizer.java:2078)&#10;        at java.util.concurrent.LinkedBlockingQueue.poll(LinkedBlockingQueue.java:467)&#10;        at org.apache.hadoop.ipc.CallQueueManager.take(CallQueueManager.java:288)&#10;        at org.apache.hadoop.ipc.Server$Handler.run(Server.java:2668)&#10;&quot;d81605c5-54b3-45a8-b5ae-2e8d8890cbef@group-E84345AE8D9B-SegmentedRaftLogWorker&quot;  prio=5 tid=2072 timed_waiting&#10;java.lang.Thread.State: TIMED_WAITING&#10;        at sun.misc.Unsafe.park(Native Method)&#10;        at java.util.concurrent.locks.LockSupport.parkNanos(LockSupport.java:215)&#10;        at java.util.concurrent.locks.AbstractQueuedSynchronizer$ConditionObject.awaitNanos(AbstractQueuedSynchronizer.java:2078)&#10;        at org.apache.ratis.util.DataBlockingQueue.poll(DataBlockingQueue.java:137)&#10;        at org.apache.ratis.server.raftlog.segmented.SegmentedRaftLogWorker.run(SegmentedRaftLogWorker.java:282)&#10;        at java.lang.Thread.run(Thread.java:748)&#10;&quot;metrics-hadoop-metrics2-reporter-81-thread-1&quot; daemon prio=5 tid=1630 timed_waiting&#10;java.lang.Thread.State: TIMED_WAITING&#10;        at sun.misc.Unsafe.park(Native Method)&#10;        at java.util.concurrent.locks.LockSupport.parkNanos(LockSupport.java:215)&#10;        at java.util.concurrent.locks.AbstractQueuedSynchronizer$ConditionObject.awaitNanos(AbstractQueuedSynchronizer.java:2078)&#10;        at java.util.concurrent.ScheduledThreadPoolExecutor$DelayedWorkQueue.take(ScheduledThreadPoolExecutor.java:1093)&#10;        at java.util.concurrent.ScheduledThreadPoolExecutor$DelayedWorkQueue.take(ScheduledThreadPoolExecutor.java:809)&#10;        at java.util.concurrent.ThreadPoolExecutor.getTask(ThreadPoolExecutor.java:1074)&#10;        at java.util.concurrent.ThreadPoolExecutor.runWorker(ThreadPoolExecutor.java:1134)&#10;        at java.util.concurrent.ThreadPoolExecutor$Worker.run(ThreadPoolExecutor.java:624)&#10;        at java.lang.Thread.run(Thread.java:748)&#10;&quot;org.eclipse.jetty.server.session.HashSessionManager@4e9b13b3Timer&quot; daemon prio=5 tid=1832 timed_waiting&#10;java.lang.Thread.State: TIMED_WAITING&#10;        at sun.misc.Unsafe.park(Native Method)&#10;        at java.util.concurrent.locks.LockSupport.parkNanos(LockSupport.java:215)&#10;        at java.util.concurrent.locks.AbstractQueuedSynchronizer$ConditionObject.awaitNanos(AbstractQueuedSynchronizer.java:2078)&#10;        at java.util.concurrent.ScheduledThreadPoolExecutor$DelayedWorkQueue.take(ScheduledThreadPoolExecutor.java:1093)&#10;        at java.util.concurrent.ScheduledThreadPoolExecutor$DelayedWorkQueue.take(ScheduledThreadPoolExecutor.java:809)&#10;        at java.util.concurrent.ThreadPoolExecutor.getTask(ThreadPoolExecutor.java:1074)&#10;        at java.util.concurrent.ThreadPoolExecutor.runWorker(ThreadPoolExecutor.java:1134)&#10;        at java.util.concurrent.ThreadPoolExecutor$Worker.run(ThreadPoolExecutor.java:624)&#10;        at java.lang.Thread.run(Thread.java:748)&#10;&quot;grpc-default-executor-1&quot; daemon prio=5 tid=2105 timed_waiting&#10;java.lang.Thread.State: TIMED_WAITING&#10;        at sun.misc.Unsafe.park(Native Method)&#10;        at java.util.concurrent.locks.LockSupport.parkNanos(LockSupport.java:215)&#10;        at java.util.concurrent.SynchronousQueue$TransferStack.awaitFulfill(SynchronousQueue.java:460)&#10;        at java.util.concurrent.SynchronousQueue$TransferStack.transfer(SynchronousQueue.java:362)&#10;        at java.util.concurrent.SynchronousQueue.poll(SynchronousQueue.java:941)&#10;        at java.util.concurrent.ThreadPoolExecutor.getTask(ThreadPoolExecutor.java:1073)&#10;        at java.util.concurrent.ThreadPoolExecutor.runWorker(ThreadPoolExecutor.java:1134)&#10;        at java.util.concurrent.ThreadPoolExecutor$Worker.run(ThreadPoolExecutor.java:624)&#10;        at java.lang.Thread.run(Thread.java:748)&#10;&quot;metrics-hadoop-metrics2-reporter-9-thread-1&quot; daemon prio=5 tid=455 timed_waiting&#10;java.lang.Thread.State: TIMED_WAITING&#10;        at sun.misc.Unsafe.park(Native Method)&#10;        at java.util.concurrent.locks.LockSupport.parkNanos(LockSupport.java:215)&#10;        at java.util.concurrent.locks.AbstractQueuedSynchronizer$ConditionObject.awaitNanos(AbstractQueuedSynchronizer.java:2078)&#10;        at java.util.concurrent.ScheduledThreadPoolExecutor$DelayedWorkQueue.take(ScheduledThreadPoolExecutor.java:1093)&#10;        at java.util.concurrent.ScheduledThreadPoolExecutor$DelayedWorkQueue.take(ScheduledThreadPoolExecutor.java:809)&#10;        at java.util.concurrent.ThreadPoolExecutor.getTask(ThreadPoolExecutor.java:1074)&#10;        at java.util.concurrent.ThreadPoolExecutor.runWorker(ThreadPoolExecutor.java:1134)&#10;        at java.util.concurrent.ThreadPoolExecutor$Worker.run(ThreadPoolExecutor.java:624)&#10;        at java.lang.Thread.run(Thread.java:748)&#10;&quot;pool-196-thread-45&quot;  prio=5 tid=2038 in Object.wait()&#10;java.lang.Thread.State: WAITING (on object monitor)&#10;        at sun.misc.Unsafe.park(Native Method)&#10;        at java.util.concurrent.locks.LockSupport.park(LockSupport.java:175)&#10;        at java.util.concurrent.locks.AbstractQueuedSynchronizer$ConditionObject.await(AbstractQueuedSynchronizer.java:2039)&#10;        at java.util.concurrent.ArrayBlockingQueue.take(ArrayBlockingQueue.java:403)&#10;        at java.util.concurrent.ThreadPoolExecutor.getTask(ThreadPoolExecutor.java:1074)&#10;        at java.util.concurrent.ThreadPoolExecutor.runWorker(ThreadPoolExecutor.java:1134)&#10;        at java.util.concurrent.ThreadPoolExecutor$Worker.run(ThreadPoolExecutor.java:624)&#10;        at java.lang.Thread.run(Thread.java:748)&#10;&quot;IPC Server handler 7 on 39395&quot; daemon prio=5 tid=1698 timed_waiting&#10;java.lang.Thread.State: TIMED_WAITING&#10;        at sun.misc.Unsafe.park(Native Method)&#10;        at java.util.concurrent.locks.LockSupport.parkNanos(LockSupport.java:215)&#10;        at java.util.concurrent.locks.AbstractQueuedSynchronizer$ConditionObject.awaitNanos(AbstractQueuedSynchronizer.java:2078)&#10;        at java.util.concurrent.LinkedBlockingQueue.poll(LinkedBlockingQueue.java:467)&#10;        at org.apache.hadoop.ipc.CallQueueManager.take(CallQueueManager.java:288)&#10;        at org.apache.hadoop.ipc.Server$Handler.run(Server.java:2668)&#10;&quot;pool-196-thread-13&quot;  prio=5 tid=2006 in Object.wait()&#10;java.lang.Thread.State: WAITING (on object monitor)&#10;        at sun.misc.Unsafe.park(Native Method)&#10;        at java.util.concurrent.locks.LockSupport.park(LockSupport.java:175)&#10;        at java.util.concurrent.locks.AbstractQueuedSynchronizer$ConditionObject.await(AbstractQueuedSynchronizer.java:2039)&#10;        at java.util.concurrent.ArrayBlockingQueue.take(ArrayBlockingQueue.java:403)&#10;        at java.util.concurrent.ThreadPoolExecutor.getTask(ThreadPoolExecutor.java:1074)&#10;        at java.util.concurrent.ThreadPoolExecutor.runWorker(ThreadPoolExecutor.java:1134)&#10;        at java.util.concurrent.ThreadPoolExecutor$Worker.run(ThreadPoolExecutor.java:624)&#10;        at java.lang.Thread.run(Thread.java:748)&#10;&quot;IPC Server handler 8 on 46187&quot; daemon prio=5 tid=1763 timed_waiting&#10;java.lang.Thread.State: TIMED_WAITING&#10;        at sun.misc.Unsafe.park(Native Method)&#10;        at java.util.concurrent.locks.LockSupport.parkNanos(LockSupport.java:215)&#10;        at java.util.concurrent.locks.AbstractQueuedSynchronizer$ConditionObject.awaitNanos(AbstractQueuedSynchronizer.java:2078)&#10;        at java.util.concurrent.LinkedBlockingQueue.poll(LinkedBlockingQueue.java:467)&#10;        at org.apache.hadoop.ipc.CallQueueManager.take(CallQueueManager.java:288)&#10;        at org.apache.hadoop.ipc.Server$Handler.run(Server.java:2668)&#10;&quot;qtp1635471455-1852&quot; daemon prio=5 tid=1852 timed_waiting&#10;java.lang.Thread.State: TIMED_WAITING&#10;        at sun.misc.Unsafe.park(Native Method)&#10;        at java.util.concurrent.locks.LockSupport.parkNanos(LockSupport.java:215)&#10;        at java.util.concurrent.locks.AbstractQueuedSynchronizer$ConditionObject.awaitNanos(AbstractQueuedSynchronizer.java:2078)&#10;        at org.eclipse.jetty.util.BlockingArrayQueue.poll(BlockingArrayQueue.java:392)&#10;        at org.eclipse.jetty.util.thread.QueuedThreadPool.idleJobPoll(QueuedThreadPool.java:563)&#10;        at org.eclipse.jetty.util.thread.QueuedThreadPool.access$800(QueuedThreadPool.java:48)&#10;        at org.eclipse.jetty.util.thread.QueuedThreadPool$2.run(QueuedThreadPool.java:626)&#10;        at java.lang.Thread.run(Thread.java:748)&#10;&quot;IPC Server listener on 33059&quot; daemon prio=5 tid=1664 runnable&#10;java.lang.Thread.State: RUNNABLE&#10;        at sun.nio.ch.EPollArrayWrapper.epollWait(Native Method)&#10;        at sun.nio.ch.EPollArrayWrapper.poll(EPollArrayWrapper.java:269)&#10;        at sun.nio.ch.EPollSelectorImpl.doSelect(EPollSelectorImpl.java:93)&#10;        at sun.nio.ch.SelectorImpl.lockAndDoSelect(SelectorImpl.java:86)&#10;        at sun.nio.ch.SelectorImpl.select(SelectorImpl.java:97)&#10;        at sun.nio.ch.SelectorImpl.select(SelectorImpl.java:101)&#10;        at org.apache.hadoop.ipc.Server$Listener.run(Server.java:1159)&#10;&quot;pool-186-thread-39&quot;  prio=5 tid=1970 in Object.wait()&#10;java.lang.Thread.State: WAITING (on object monitor)&#10;        at sun.misc.Unsafe.park(Native Method)&#10;        at java.util.concurrent.locks.LockSupport.park(LockSupport.java:175)&#10;        at java.util.concurrent.locks.AbstractQueuedSynchronizer$ConditionObject.await(AbstractQueuedSynchronizer.java:2039)&#10;        at java.util.concurrent.ArrayBlockingQueue.take(ArrayBlockingQueue.java:403)&#10;        at java.util.concurrent.ThreadPoolExecutor.getTask(ThreadPoolExecutor.java:1074)&#10;        at java.util.concurrent.ThreadPoolExecutor.runWorker(ThreadPoolExecutor.java:1134)&#10;        at java.util.concurrent.ThreadPoolExecutor$Worker.run(ThreadPoolExecutor.java:624)&#10;        at java.lang.Thread.run(Thread.java:748)&#10;&quot;pool-196-thread-48&quot;  prio=5 tid=2041 in Object.wait()&#10;java.lang.Thread.State: WAITING (on object monitor)&#10;        at sun.misc.Unsafe.park(Native Method)&#10;        at java.util.concurrent.locks.LockSupport.park(LockSupport.java:175)&#10;        at java.util.concurrent.locks.AbstractQueuedSynchronizer$ConditionObject.await(AbstractQueuedSynchronizer.java:2039)&#10;        at java.util.concurrent.ArrayBlockingQueue.take(ArrayBlockingQueue.java:403)&#10;        at java.util.concurrent.ThreadPoolExecutor.getTask(ThreadPoolExecutor.java:1074)&#10;        at java.util.concurrent.ThreadPoolExecutor.runWorker(ThreadPoolExecutor.java:1134)&#10;        at java.util.concurrent.ThreadPoolExecutor$Worker.run(ThreadPoolExecutor.java:624)&#10;        at java.lang.Thread.run(Thread.java:748)&#10;&quot;qtp915734066-1802&quot; daemon prio=5 tid=1802 timed_waiting&#10;java.lang.Thread.State: TIMED_WAITING&#10;        at sun.misc.Unsafe.park(Native Method)&#10;        at java.util.concurrent.locks.LockSupport.parkNanos(LockSupport.java:215)&#10;        at java.util.concurrent.locks.AbstractQueuedSynchronizer$ConditionObject.awaitNanos(AbstractQueuedSynchronizer.java:2078)&#10;        at org.eclipse.jetty.util.BlockingArrayQueue.poll(BlockingArrayQueue.java:392)&#10;        at org.eclipse.jetty.util.thread.QueuedThreadPool.idleJobPoll(QueuedThreadPool.java:563)&#10;        at org.eclipse.jetty.util.thread.QueuedThreadPool.access$800(QueuedThreadPool.java:48)&#10;        at org.eclipse.jetty.util.thread.QueuedThreadPool$2.run(QueuedThreadPool.java:626)&#10;        at java.lang.Thread.run(Thread.java:748)&#10;&quot;IPC Server handler 15 on 46187&quot; daemon prio=5 tid=1770 timed_waiting&#10;java.lang.Thread.State: TIMED_WAITING&#10;        at sun.misc.Unsafe.park(Native Method)&#10;        at java.util.concurrent.locks.LockSupport.parkNanos(LockSupport.java:215)&#10;        at java.util.concurrent.locks.AbstractQueuedSynchronizer$ConditionObject.awaitNanos(AbstractQueuedSynchronizer.java:2078)&#10;        at java.util.concurrent.LinkedBlockingQueue.poll(LinkedBlockingQueue.java:467)&#10;        at org.apache.hadoop.ipc.CallQueueManager.take(CallQueueManager.java:288)&#10;        at org.apache.hadoop.ipc.Server$Handler.run(Server.java:2668)&#10;&quot;IPC Server handler 10 on 39395&quot; daemon prio=5 tid=1701 timed_waiting&#10;java.lang.Thread.State: TIMED_WAITING&#10;        at sun.misc.Unsafe.park(Native Method)&#10;        at java.util.concurrent.locks.LockSupport.parkNanos(LockSupport.java:215)&#10;        at java.util.concurrent.locks.AbstractQueuedSynchronizer$ConditionObject.awaitNanos(AbstractQueuedSynchronizer.java:2078)&#10;        at java.util.concurrent.LinkedBlockingQueue.poll(LinkedBlockingQueue.java:467)&#10;        at org.apache.hadoop.ipc.CallQueueManager.take(CallQueueManager.java:288)&#10;        at org.apache.hadoop.ipc.Server$Handler.run(Server.java:2668)&#10;&quot;qtp1635471455-1855&quot; daemon prio=5 tid=1855 timed_waiting&#10;java.lang.Thread.State: TIMED_WAITING&#10;        at sun.misc.Unsafe.park(Native Method)&#10;        at java.util.concurrent.locks.LockSupport.parkNanos(LockSupport.java:215)&#10;        at java.util.concurrent.locks.AbstractQueuedSynchronizer$ConditionObject.awaitNanos(AbstractQueuedSynchronizer.java:2078)&#10;        at org.eclipse.jetty.util.BlockingArrayQueue.poll(BlockingArrayQueue.java:392)&#10;        at org.eclipse.jetty.util.thread.QueuedThreadPool.idleJobPoll(QueuedThreadPool.java:563)&#10;        at org.eclipse.jetty.util.thread.QueuedThreadPool.access$800(QueuedThreadPool.java:48)&#10;        at org.eclipse.jetty.util.thread.QueuedThreadPool$2.run(QueuedThreadPool.java:626)&#10;        at java.lang.Thread.run(Thread.java:748)&#10;&quot;pool-186-thread-34&quot;  prio=5 tid=1965 in Object.wait()&#10;java.lang.Thread.State: WAITING (on object monitor)&#10;        at sun.misc.Unsafe.park(Native Method)&#10;        at java.util.concurrent.locks.LockSupport.park(LockSupport.java:175)&#10;        at java.util.concurrent.locks.AbstractQueuedSynchronizer$ConditionObject.await(AbstractQueuedSynchronizer.java:2039)&#10;        at java.util.concurrent.ArrayBlockingQueue.take(ArrayBlockingQueue.java:403)&#10;        at java.util.concurrent.ThreadPoolExecutor.getTask(ThreadPoolExecutor.java:1074)&#10;        at java.util.concurrent.ThreadPoolExecutor.runWorker(ThreadPoolExecutor.java:1134)&#10;        at java.util.concurrent.ThreadPoolExecutor$Worker.run(ThreadPoolExecutor.java:624)&#10;        at java.lang.Thread.run(Thread.java:748)&#10;&quot;metrics-hadoop-metrics2-reporter-33-thread-1&quot; daemon prio=5 tid=987 timed_waiting&#10;java.lang.Thread.State: TIMED_WAITING&#10;        at sun.misc.Unsafe.park(Native Method)&#10;        at java.util.concurrent.locks.LockSupport.parkNanos(LockSupport.java:215)&#10;        at java.util.concurrent.locks.AbstractQueuedSynchronizer$ConditionObject.awaitNanos(AbstractQueuedSynchronizer.java:2078)&#10;        at java.util.concurrent.ScheduledThreadPoolExecutor$DelayedWorkQueue.take(ScheduledThreadPoolExecutor.java:1093)&#10;        at java.util.concurrent.ScheduledThreadPoolExecutor$DelayedWorkQueue.take(ScheduledThreadPoolExecutor.java:809)&#10;        at java.util.concurrent.ThreadPoolExecutor.getTask(ThreadPoolExecutor.java:1074)&#10;        at java.util.concurrent.ThreadPoolExecutor.runWorker(ThreadPoolExecutor.java:1134)&#10;        at java.util.concurrent.ThreadPoolExecutor$Worker.run(ThreadPoolExecutor.java:624)&#10;        at java.lang.Thread.run(Thread.java:748)&#10;&quot;IPC Server handler 2 on 39395&quot; daemon prio=5 tid=1693 timed_waiting&#10;java.lang.Thread.State: TIMED_WAITING&#10;        at sun.misc.Unsafe.park(Native Method)&#10;        at java.util.concurrent.locks.LockSupport.parkNanos(LockSupport.java:215)&#10;        at java.util.concurrent.locks.AbstractQueuedSynchronizer$ConditionObject.awaitNanos(AbstractQueuedSynchronizer.java:2078)&#10;        at java.util.concurrent.LinkedBlockingQueue.poll(LinkedBlockingQueue.java:467)&#10;        at org.apache.hadoop.ipc.CallQueueManager.take(CallQueueManager.java:288)&#10;        at org.apache.hadoop.ipc.Server$Handler.run(Server.java:2668)&#10;&quot;metrics-hadoop-metrics2-reporter-17-thread-1&quot; daemon prio=5 tid=483 timed_waiting&#10;java.lang.Thread.State: TIMED_WAITING&#10;        at sun.misc.Unsafe.park(Native Method)&#10;        at java.util.concurrent.locks.LockSupport.parkNanos(LockSupport.java:215)&#10;        at java.util.concurrent.locks.AbstractQueuedSynchronizer$ConditionObject.awaitNanos(AbstractQueuedSynchronizer.java:2078)&#10;        at java.util.concurrent.ScheduledThreadPoolExecutor$DelayedWorkQueue.take(ScheduledThreadPoolExecutor.java:1093)&#10;        at java.util.concurrent.ScheduledThreadPoolExecutor$DelayedWorkQueue.take(ScheduledThreadPoolExecutor.java:809)&#10;        at java.util.concurrent.ThreadPoolExecutor.getTask(ThreadPoolExecutor.java:1074)&#10;        at java.util.concurrent.ThreadPoolExecutor.runWorker(ThreadPoolExecutor.java:1134)&#10;        at java.util.concurrent.ThreadPoolExecutor$Worker.run(ThreadPoolExecutor.java:624)&#10;        at java.lang.Thread.run(Thread.java:748)&#10;&quot;pool-196-thread-41&quot;  prio=5 tid=2034 in Object.wait()&#10;java.lang.Thread.State: WAITING (on object monitor)&#10;        at sun.misc.Unsafe.park(Native Method)&#10;        at java.util.concurrent.locks.LockSupport.park(LockSupport.java:175)&#10;        at java.util.concurrent.locks.AbstractQueuedSynchronizer$ConditionObject.await(AbstractQueuedSynchronizer.java:2039)&#10;        at java.util.concurrent.ArrayBlockingQueue.take(ArrayBlockingQueue.java:403)&#10;        at java.util.concurrent.ThreadPoolExecutor.getTask(ThreadPoolExecutor.java:1074)&#10;        at java.util.concurrent.ThreadPoolExecutor.runWorker(ThreadPoolExecutor.java:1134)&#10;        at java.util.concurrent.ThreadPoolExecutor$Worker.run(ThreadPoolExecutor.java:624)&#10;        at java.lang.Thread.run(Thread.java:748)&#10;&quot;metrics-hadoop-metrics2-reporter-114-thread-1&quot; daemon prio=5 tid=2296 timed_waiting&#10;java.lang.Thread.State: TIMED_WAITING&#10;        at sun.misc.Unsafe.park(Native Method)&#10;        at java.util.concurrent.locks.LockSupport.parkNanos(LockSupport.java:215)&#10;        at java.util.concurrent.locks.AbstractQueuedSynchronizer$ConditionObject.awaitNanos(AbstractQueuedSynchronizer.java:2078)&#10;        at java.util.concurrent.ScheduledThreadPoolExecutor$DelayedWorkQueue.take(ScheduledThreadPoolExecutor.java:1093)&#10;        at java.util.concurrent.ScheduledThreadPoolExecutor$DelayedWorkQueue.take(ScheduledThreadPoolExecutor.java:809)&#10;        at java.util.concurrent.ThreadPoolExecutor.getTask(ThreadPoolExecutor.java:1074)&#10;        at java.util.concurrent.ThreadPoolExecutor.runWorker(ThreadPoolExecutor.java:1134)&#10;        at java.util.concurrent.ThreadPoolExecutor$Worker.run(ThreadPoolExecutor.java:624)&#10;        at java.lang.Thread.run(Thread.java:748)&#10;&quot;metrics-hadoop-metrics2-reporter-113-thread-1&quot; daemon prio=5 tid=2294 timed_waiting&#10;java.lang.Thread.State: TIMED_WAITING&#10;        at sun.misc.Unsafe.park(Native Method)&#10;        at java.util.concurrent.locks.LockSupport.parkNanos(LockSupport.java:215)&#10;        at java.util.concurrent.locks.AbstractQueuedSynchronizer$ConditionObject.awaitNanos(AbstractQueuedSynchronizer.java:2078)&#10;        at java.util.concurrent.ScheduledThreadPoolExecutor$DelayedWorkQueue.take(ScheduledThreadPoolExecutor.java:1093)&#10;        at java.util.concurrent.ScheduledThreadPoolExecutor$DelayedWorkQueue.take(ScheduledThreadPoolExecutor.java:809)&#10;        at java.util.concurrent.ThreadPoolExecutor.getTask(ThreadPoolExecutor.java:1074)&#10;        at java.util.concurrent.ThreadPoolExecutor.runWorker(ThreadPoolExecutor.java:1134)&#10;        at java.util.concurrent.ThreadPoolExecutor$Worker.run(ThreadPoolExecutor.java:624)&#10;        at java.lang.Thread.run(Thread.java:748)&#10;&quot;IPC Server handler 5 on 46187&quot; daemon prio=5 tid=1760 timed_waiting&#10;java.lang.Thread.State: TIMED_WAITING&#10;        at sun.misc.Unsafe.park(Native Method)&#10;        at java.util.concurrent.locks.LockSupport.parkNanos(LockSupport.java:215)&#10;        at java.util.concurrent.locks.AbstractQueuedSynchronizer$ConditionObject.awaitNanos(AbstractQueuedSynchronizer.java:2078)&#10;        at java.util.concurrent.LinkedBlockingQueue.poll(LinkedBlockingQueue.java:467)&#10;        at org.apache.hadoop.ipc.CallQueueManager.take(CallQueueManager.java:288)&#10;        at org.apache.hadoop.ipc.Server$Handler.run(Server.java:2668)&#10;&quot;IPC Server handler 12 on 39395&quot; daemon prio=5 tid=1703 timed_waiting&#10;java.lang.Thread.State: TIMED_WAITING&#10;        at sun.misc.Unsafe.park(Native Method)&#10;        at java.util.concurrent.locks.LockSupport.parkNanos(LockSupport.java:215)&#10;        at java.util.concurrent.locks.AbstractQueuedSynchronizer$ConditionObject.awaitNanos(AbstractQueuedSynchronizer.java:2078)&#10;        at java.util.concurrent.LinkedBlockingQueue.poll(LinkedBlockingQueue.java:467)&#10;        at org.apache.hadoop.ipc.CallQueueManager.take(CallQueueManager.java:288)&#10;        at org.apache.hadoop.ipc.Server$Handler.run(Server.java:2668)&#10;&quot;pool-176-thread-47&quot;  prio=5 tid=1915 in Object.wait()&#10;java.lang.Thread.State: WAITING (on object monitor)&#10;        at sun.misc.Unsafe.park(Native Method)&#10;        at java.util.concurrent.locks.LockSupport.park(LockSupport.java:175)&#10;        at java.util.concurrent.locks.AbstractQueuedSynchronizer$ConditionObject.await(AbstractQueuedSynchronizer.java:2039)&#10;        at java.util.concurrent.ArrayBlockingQueue.take(ArrayBlockingQueue.java:403)&#10;        at java.util.concurrent.ThreadPoolExecutor.getTask(ThreadPoolExecutor.java:1074)&#10;        at java.util.concurrent.ThreadPoolExecutor.runWorker(ThreadPoolExecutor.java:1134)&#10;        at java.util.concurrent.ThreadPoolExecutor$Worker.run(ThreadPoolExecutor.java:624)&#10;        at java.lang.Thread.run(Thread.java:748)&#10;&quot;java.util.concurrent.ThreadPoolExecutor$Worker@33089c1b[State = -1, empty queue]&quot; daemon prio=5 tid=2141 timed_waiting&#10;java.lang.Thread.State: TIMED_WAITING&#10;        at sun.misc.Unsafe.park(Native Method)&#10;        at java.util.concurrent.locks.LockSupport.parkNanos(LockSupport.java:215)&#10;        at java.util.concurrent.locks.AbstractQueuedSynchronizer$ConditionObject.awaitNanos(AbstractQueuedSynchronizer.java:2078)&#10;        at java.util.concurrent.ScheduledThreadPoolExecutor$DelayedWorkQueue.take(ScheduledThreadPoolExecutor.java:1093)&#10;        at java.util.concurrent.ScheduledThreadPoolExecutor$DelayedWorkQueue.take(ScheduledThreadPoolExecutor.java:809)&#10;        at java.util.concurrent.ThreadPoolExecutor.getTask(ThreadPoolExecutor.java:1074)&#10;        at java.util.concurrent.ThreadPoolExecutor.runWorker(ThreadPoolExecutor.java:1134)&#10;        at java.util.concurrent.ThreadPoolExecutor$Worker.run(ThreadPoolExecutor.java:624)&#10;        at java.lang.Thread.run(Thread.java:748)&#10;&quot;pool-176-thread-40&quot;  prio=5 tid=1908 in Object.wait()&#10;java.lang.Thread.State: WAITING (on object monitor)&#10;        at sun.misc.Unsafe.park(Native Method)&#10;        at java.util.concurrent.locks.LockSupport.park(LockSupport.java:175)&#10;        at java.util.concurrent.locks.AbstractQueuedSynchronizer$ConditionObject.await(AbstractQueuedSynchronizer.java:2039)&#10;        at java.util.concurrent.ArrayBlockingQueue.take(ArrayBlockingQueue.java:403)&#10;        at java.util.concurrent.ThreadPoolExecutor.getTask(ThreadPoolExecutor.java:1074)&#10;        at java.util.concurrent.ThreadPoolExecutor.runWorker(ThreadPoolExecutor.java:1134)&#10;        at java.util.concurrent.ThreadPoolExecutor$Worker.run(ThreadPoolExecutor.java:624)&#10;        at java.lang.Thread.run(Thread.java:748)&#10;&quot;pool-176-thread-23&quot;  prio=5 tid=1891 in Object.wait()&#10;java.lang.Thread.State: WAITING (on object monitor)&#10;        at sun.misc.Unsafe.park(Native Method)&#10;        at java.util.concurrent.locks.LockSupport.park(LockSupport.java:175)&#10;        at java.util.concurrent.locks.AbstractQueuedSynchronizer$ConditionObject.await(AbstractQueuedSynchronizer.java:2039)&#10;        at java.util.concurrent.ArrayBlockingQueue.take(ArrayBlockingQueue.java:403)&#10;        at java.util.concurrent.ThreadPoolExecutor.getTask(ThreadPoolExecutor.java:1074)&#10;        at java.util.concurrent.ThreadPoolExecutor.runWorker(ThreadPoolExecutor.java:1134)&#10;        at java.util.concurrent.ThreadPoolExecutor$Worker.run(ThreadPoolExecutor.java:624)&#10;        at java.lang.Thread.run(Thread.java:748)&#10;&quot;pool-196-thread-8&quot;  prio=5 tid=2001 in Object.wait()&#10;java.lang.Thread.State: WAITING (on object monitor)&#10;        at sun.misc.Unsafe.park(Native Method)&#10;        at java.util.concurrent.locks.LockSupport.park(LockSupport.java:175)&#10;        at java.util.concurrent.locks.AbstractQueuedSynchronizer$ConditionObject.await(AbstractQueuedSynchronizer.java:2039)&#10;        at java.util.concurrent.ArrayBlockingQueue.take(ArrayBlockingQueue.java:403)&#10;        at java.util.concurrent.ThreadPoolExecutor.getTask(ThreadPoolExecutor.java:1074)&#10;        at java.util.concurrent.ThreadPoolExecutor.runWorker(ThreadPoolExecutor.java:1134)&#10;        at java.util.concurrent.ThreadPoolExecutor$Worker.run(ThreadPoolExecutor.java:624)&#10;        at java.lang.Thread.run(Thread.java:748)&#10;&quot;IPC Server idle connection scanner for port 39395&quot; daemon prio=5 tid=1662 timed_waiting&#10;java.lang.Thread.State: TIMED_WAITING&#10;        at java.lang.Object.wait(Native Method)&#10;        at java.util.TimerThread.mainLoop(Timer.java:552)&#10;        at java.util.TimerThread.run(Timer.java:505)&#10;&quot;pool-196-thread-32&quot;  prio=5 tid=2025 in Object.wait()&#10;java.lang.Thread.State: WAITING (on object monitor)&#10;        at sun.misc.Unsafe.park(Native Method)&#10;        at java.util.concurrent.locks.LockSupport.park(LockSupport.java:175)&#10;        at java.util.concurrent.locks.AbstractQueuedSynchronizer$ConditionObject.await(AbstractQueuedSynchronizer.java:2039)&#10;        at java.util.concurrent.ArrayBlockingQueue.take(ArrayBlockingQueue.java:403)&#10;        at java.util.concurrent.ThreadPoolExecutor.getTask(ThreadPoolExecutor.java:1074)&#10;        at java.util.concurrent.ThreadPoolExecutor.runWorker(ThreadPoolExecutor.java:1134)&#10;        at java.util.concurrent.ThreadPoolExecutor$Worker.run(ThreadPoolExecutor.java:624)&#10;        at java.lang.Thread.run(Thread.java:748)&#10;&quot;pool-176-thread-35&quot;  prio=5 tid=1903 in Object.wait()&#10;java.lang.Thread.State: WAITING (on object monitor)&#10;        at sun.misc.Unsafe.park(Native Method)&#10;        at java.util.concurrent.locks.LockSupport.park(LockSupport.java:175)&#10;        at java.util.concurrent.locks.AbstractQueuedSynchronizer$ConditionObject.await(AbstractQueuedSynchronizer.java:2039)&#10;        at java.util.concurrent.ArrayBlockingQueue.take(ArrayBlockingQueue.java:403)&#10;        at java.util.concurrent.ThreadPoolExecutor.getTask(ThreadPoolExecutor.java:1074)&#10;        at java.util.concurrent.ThreadPoolExecutor.runWorker(ThreadPoolExecutor.java:1134)&#10;        at java.util.concurrent.ThreadPoolExecutor$Worker.run(ThreadPoolExecutor.java:624)&#10;        at java.lang.Thread.run(Thread.java:748)&#10;&quot;PartialTableCache Cleanup Thread - 0&quot; daemon prio=5 tid=1645 in Object.wait()&#10;java.lang.Thread.State: WAITING (on object monitor)&#10;        at sun.misc.Unsafe.park(Native Method)&#10;        at java.util.concurrent.locks.LockSupport.park(LockSupport.java:175)&#10;        at java.util.concurrent.locks.AbstractQueuedSynchronizer$ConditionObject.await(AbstractQueuedSynchronizer.java:2039)&#10;        at java.util.concurrent.LinkedBlockingQueue.take(LinkedBlockingQueue.java:442)&#10;        at java.util.concurrent.ThreadPoolExecutor.getTask(ThreadPoolExecutor.java:1074)&#10;        at java.util.concurrent.ThreadPoolExecutor.runWorker(ThreadPoolExecutor.java:1134)&#10;        at java.util.concurrent.ThreadPoolExecutor$Worker.run(ThreadPoolExecutor.java:624)&#10;        at java.lang.Thread.run(Thread.java:748)&#10;&quot;pool-196-thread-58&quot;  prio=5 tid=2051 in Object.wait()&#10;java.lang.Thread.State: WAITING (on object monitor)&#10;        at sun.misc.Unsafe.park(Native Method)&#10;        at java.util.concurrent.locks.LockSupport.park(LockSupport.java:175)&#10;        at java.util.concurrent.locks.AbstractQueuedSynchronizer$ConditionObject.await(AbstractQueuedSynchronizer.java:2039)&#10;        at java.util.concurrent.ArrayBlockingQueue.take(ArrayBlockingQueue.java:403)&#10;        at java.util.concurrent.ThreadPoolExecutor.getTask(ThreadPoolExecutor.java:1074)&#10;        at java.util.concurrent.ThreadPoolExecutor.runWorker(ThreadPoolExecutor.java:1134)&#10;        at java.util.concurrent.ThreadPoolExecutor$Worker.run(ThreadPoolExecutor.java:624)&#10;        at java.lang.Thread.run(Thread.java:748)&#10;&quot;pool-196-thread-7&quot;  prio=5 tid=2000 in Object.wait()&#10;java.lang.Thread.State: WAITING (on object monitor)&#10;        at sun.misc.Unsafe.park(Native Method)&#10;        at java.util.concurrent.locks.LockSupport.park(LockSupport.java:175)&#10;        at java.util.concurrent.locks.AbstractQueuedSynchronizer$ConditionObject.await(AbstractQueuedSynchronizer.java:2039)&#10;        at java.util.concurrent.ArrayBlockingQueue.take(ArrayBlockingQueue.java:403)&#10;        at java.util.concurrent.ThreadPoolExecutor.getTask(ThreadPoolExecutor.java:1074)&#10;        at java.util.concurrent.ThreadPoolExecutor.runWorker(ThreadPoolExecutor.java:1134)&#10;        at java.util.concurrent.ThreadPoolExecutor$Worker.run(ThreadPoolExecutor.java:624)&#10;        at java.lang.Thread.run(Thread.java:748)&#10;&quot;IPC Server handler 15 on 33059&quot; daemon prio=5 tid=1686 timed_waiting&#10;java.lang.Thread.State: TIMED_WAITING&#10;        at sun.misc.Unsafe.park(Native Method)&#10;        at java.util.concurrent.locks.LockSupport.parkNanos(LockSupport.java:215)&#10;        at java.util.concurrent.locks.AbstractQueuedSynchronizer$ConditionObject.awaitNanos(AbstractQueuedSynchronizer.java:2078)&#10;        at java.util.concurrent.LinkedBlockingQueue.poll(LinkedBlockingQueue.java:467)&#10;        at org.apache.hadoop.ipc.CallQueueManager.take(CallQueueManager.java:288)&#10;        at org.apache.hadoop.ipc.Server$Handler.run(Server.java:2668)&#10;&quot;pool-176-thread-37&quot;  prio=5 tid=1905 in Object.wait()&#10;java.lang.Thread.State: WAITING (on object monitor)&#10;        at sun.misc.Unsafe.park(Native Method)&#10;        at java.util.concurrent.locks.LockSupport.park(LockSupport.java:175)&#10;        at java.util.concurrent.locks.AbstractQueuedSynchronizer$ConditionObject.await(AbstractQueuedSynchronizer.java:2039)&#10;        at java.util.concurrent.ArrayBlockingQueue.take(ArrayBlockingQueue.java:403)&#10;        at java.util.concurrent.ThreadPoolExecutor.getTask(ThreadPoolExecutor.java:1074)&#10;        at java.util.concurrent.ThreadPoolExecutor.runWorker(ThreadPoolExecutor.java:1134)&#10;        at java.util.concurrent.ThreadPoolExecutor$Worker.run(ThreadPoolExecutor.java:624)&#10;        at java.lang.Thread.run(Thread.java:748)&#10;&quot;pool-176-thread-26&quot;  prio=5 tid=1894 in Object.wait()&#10;java.lang.Thread.State: WAITING (on object monitor)&#10;        at sun.misc.Unsafe.park(Native Method)&#10;        at java.util.concurrent.locks.LockSupport.park(LockSupport.java:175)&#10;        at java.util.concurrent.locks.AbstractQueuedSynchronizer$ConditionObject.await(AbstractQueuedSynchronizer.java:2039)&#10;        at java.util.concurrent.ArrayBlockingQueue.take(ArrayBlockingQueue.java:403)&#10;        at java.util.concurrent.ThreadPoolExecutor.getTask(ThreadPoolExecutor.java:1074)&#10;        at java.util.concurrent.ThreadPoolExecutor.runWorker(ThreadPoolExecutor.java:1134)&#10;        at java.util.concurrent.ThreadPoolExecutor$Worker.run(ThreadPoolExecutor.java:624)&#10;        at java.lang.Thread.run(Thread.java:748)&#10;&quot;metrics-hadoop-metrics2-reporter-74-thread-1&quot; daemon prio=5 tid=1554 timed_waiting&#10;java.lang.Thread.State: TIMED_WAITING&#10;        at sun.misc.Unsafe.park(Native Method)&#10;        at java.util.concurrent.locks.LockSupport.parkNanos(LockSupport.java:215)&#10;        at java.util.concurrent.locks.AbstractQueuedSynchronizer$ConditionObject.awaitNanos(AbstractQueuedSynchronizer.java:2078)&#10;        at java.util.concurrent.ScheduledThreadPoolExecutor$DelayedWorkQueue.take(ScheduledThreadPoolExecutor.java:1093)&#10;        at java.util.concurrent.ScheduledThreadPoolExecutor$DelayedWorkQueue.take(ScheduledThreadPoolExecutor.java:809)&#10;        at java.util.concurrent.ThreadPoolExecutor.getTask(ThreadPoolExecutor.java:1074)&#10;        at java.util.concurrent.ThreadPoolExecutor.runWorker(ThreadPoolExecutor.java:1134)&#10;        at java.util.concurrent.ThreadPoolExecutor$Worker.run(ThreadPoolExecutor.java:624)&#10;        at java.lang.Thread.run(Thread.java:748)&#10;&quot;PartialTableCache Cleanup Thread - 0&quot; daemon prio=5 tid=539 in Object.wait()&#10;java.lang.Thread.State: WAITING (on object monitor)&#10;        at sun.misc.Unsafe.park(Native Method)&#10;        at java.util.concurrent.locks.LockSupport.park(LockSupport.java:175)&#10;        at java.util.concurrent.locks.AbstractQueuedSynchronizer$ConditionObject.await(AbstractQueuedSynchronizer.java:2039)&#10;        at java.util.concurrent.LinkedBlockingQueue.take(LinkedBlockingQueue.java:442)&#10;        at java.util.concurrent.ThreadPoolExecutor.getTask(ThreadPoolExecutor.java:1074)&#10;        at java.util.concurrent.ThreadPoolExecutor.runWorker(ThreadPoolExecutor.java:1134)&#10;        at java.util.concurrent.ThreadPoolExecutor$Worker.run(ThreadPoolExecutor.java:624)&#10;        at java.lang.Thread.run(Thread.java:748)&#10;&quot;Command processor thread&quot; daemon prio=5 tid=1811 timed_waiting&#10;java.lang.Thread.State: TIMED_WAITING&#10;        at java.lang.Thread.sleep(Native Method)&#10;        at org.apache.hadoop.ozone.container.common.statemachine.DatanodeStateMachine.lambda$initCommandHandlerThread$1(DatanodeStateMachine.java:439)&#10;        at org.apache.hadoop.ozone.container.common.statemachine.DatanodeStateMachine$$Lambda$141/605207612.run(Unknown Source)&#10;        at java.lang.Thread.run(Thread.java:748)&#10;&quot;qtp2051361244-1777-acceptor-0@27eb91ba-ServerConnector@7d17d68a{HTTP/1.1,[http/1.1]}{0.0.0.0:32824}&quot; daemon prio=3 tid=1777 runnable&#10;java.lang.Thread.State: RUNNABLE&#10;        at sun.nio.ch.ServerSocketChannelImpl.accept0(Native Method)&#10;        at sun.nio.ch.ServerSocketChannelImpl.accept(ServerSocketChannelImpl.java:422)&#10;        at sun.nio.ch.ServerSocketChannelImpl.accept(ServerSocketChannelImpl.java:250)&#10;        at org.eclipse.jetty.server.ServerConnector.accept(ServerConnector.java:397)&#10;        at org.eclipse.jetty.server.AbstractConnector$Acceptor.run(AbstractConnector.java:601)&#10;        at org.eclipse.jetty.util.thread.QueuedThreadPool.runJob(QueuedThreadPool.java:671)&#10;        at org.eclipse.jetty.util.thread.QueuedThreadPool$2.run(QueuedThreadPool.java:589)&#10;        at java.lang.Thread.run(Thread.java:748)&#10;&quot;metrics-hadoop-metrics2-reporter-65-thread-1&quot; daemon prio=5 tid=1526 timed_waiting&#10;java.lang.Thread.State: TIMED_WAITING&#10;        at sun.misc.Unsafe.park(Native Method)&#10;        at java.util.concurrent.locks.LockSupport.parkNanos(LockSupport.java:215)&#10;        at java.util.concurrent.locks.AbstractQueuedSynchronizer$ConditionObject.awaitNanos(AbstractQueuedSynchronizer.java:2078)&#10;        at java.util.concurrent.ScheduledThreadPoolExecutor$DelayedWorkQueue.take(ScheduledThreadPoolExecutor.java:1093)&#10;        at java.util.concurrent.ScheduledThreadPoolExecutor$DelayedWorkQueue.take(ScheduledThreadPoolExecutor.java:809)&#10;        at java.util.concurrent.ThreadPoolExecutor.getTask(ThreadPoolExecutor.java:1074)&#10;        at java.util.concurrent.ThreadPoolExecutor.runWorker(ThreadPoolExecutor.java:1134)&#10;        at java.util.concurrent.ThreadPoolExecutor$Worker.run(ThreadPoolExecutor.java:624)&#10;        at java.lang.Thread.run(Thread.java:748)&#10;&quot;EventQueue-SafemodestatusForSafeModeHandler&quot; daemon prio=5 tid=2063 in Object.wait()&#10;java.lang.Thread.State: WAITING (on object monitor)&#10;        at sun.misc.Unsafe.park(Native Method)&#10;        at java.util.concurrent.locks.LockSupport.park(LockSupport.java:175)&#10;        at java.util.concurrent.locks.AbstractQueuedSynchronizer$ConditionObject.await(AbstractQueuedSynchronizer.java:2039)&#10;        at java.util.concurrent.LinkedBlockingQueue.take(LinkedBlockingQueue.java:442)&#10;        at java.util.concurrent.ThreadPoolExecutor.getTask(ThreadPoolExecutor.java:1074)&#10;        at java.util.concurrent.ThreadPoolExecutor.runWorker(ThreadPoolExecutor.java:1134)&#10;        at java.util.concurrent.ThreadPoolExecutor$Worker.run(ThreadPoolExecutor.java:624)&#10;        at java.lang.Thread.run(Thread.java:748)&#10;&quot;pool-186-thread-5&quot;  prio=5 tid=1936 in Object.wait()&#10;java.lang.Thread.State: WAITING (on object monitor)&#10;        at sun.misc.Unsafe.park(Native Method)&#10;        at java.util.concurrent.locks.LockSupport.park(LockSupport.java:175)&#10;        at java.util.concurrent.locks.AbstractQueuedSynchronizer$ConditionObject.await(AbstractQueuedSynchronizer.java:2039)&#10;        at java.util.concurrent.ArrayBlockingQueue.take(ArrayBlockingQueue.java:403)&#10;        at java.util.concurrent.ThreadPoolExecutor.getTask(ThreadPoolExecutor.java:1074)&#10;        at java.util.concurrent.ThreadPoolExecutor.runWorker(ThreadPoolExecutor.java:1134)&#10;        at java.util.concurrent.ThreadPoolExecutor$Worker.run(ThreadPoolExecutor.java:624)&#10;        at java.lang.Thread.run(Thread.java:748)&#10;&quot;Socket Reader #1 for port 33059&quot;  prio=5 tid=1665 runnable&#10;java.lang.Thread.State: RUNNABLE&#10;        at sun.nio.ch.EPollArrayWrapper.epollWait(Native Method)&#10;        at sun.nio.ch.EPollArrayWrapper.poll(EPollArrayWrapper.java:269)&#10;        at sun.nio.ch.EPollSelectorImpl.doSelect(EPollSelectorImpl.java:93)&#10;        at sun.nio.ch.SelectorImpl.lockAndDoSelect(SelectorImpl.java:86)&#10;        at sun.nio.ch.SelectorImpl.select(SelectorImpl.java:97)&#10;        at sun.nio.ch.SelectorImpl.select(SelectorImpl.java:101)&#10;        at org.apache.hadoop.ipc.Server$Listener$Reader.doRunLoop(Server.java:1097)&#10;        at org.apache.hadoop.ipc.Server$Listener$Reader.run(Server.java:1076)&#10;&quot;pool-176-thread-14&quot;  prio=5 tid=1882 in Object.wait()&#10;java.lang.Thread.State: WAITING (on object monitor)&#10;        at sun.misc.Unsafe.park(Native Method)&#10;        at java.util.concurrent.locks.LockSupport.park(LockSupport.java:175)&#10;        at java.util.concurrent.locks.AbstractQueuedSynchronizer$ConditionObject.await(AbstractQueuedSynchronizer.java:2039)&#10;        at java.util.concurrent.ArrayBlockingQueue.take(ArrayBlockingQueue.java:403)&#10;        at java.util.concurrent.ThreadPoolExecutor.getTask(ThreadPoolExecutor.java:1074)&#10;        at java.util.concurrent.ThreadPoolExecutor.runWorker(ThreadPoolExecutor.java:1134)&#10;        at java.util.concurrent.ThreadPoolExecutor$Worker.run(ThreadPoolExecutor.java:624)&#10;        at java.lang.Thread.run(Thread.java:748)&#10;&quot;pool-196-thread-56&quot;  prio=5 tid=2049 in Object.wait()&#10;java.lang.Thread.State: WAITING (on object monitor)&#10;        at sun.misc.Unsafe.park(Native Method)&#10;        at java.util.concurrent.locks.LockSupport.park(LockSupport.java:175)&#10;        at java.util.concurrent.locks.AbstractQueuedSynchronizer$ConditionObject.await(AbstractQueuedSynchronizer.java:2039)&#10;        at java.util.concurrent.ArrayBlockingQueue.take(ArrayBlockingQueue.java:403)&#10;        at java.util.concurrent.ThreadPoolExecutor.getTask(ThreadPoolExecutor.java:1074)&#10;        at java.util.concurrent.ThreadPoolExecutor.runWorker(ThreadPoolExecutor.java:1134)&#10;        at java.util.concurrent.ThreadPoolExecutor$Worker.run(ThreadPoolExecutor.java:624)&#10;        at java.lang.Thread.run(Thread.java:748)&#10;&quot;org.eclipse.jetty.server.session.HashSessionManager@2b617357Timer&quot; daemon prio=5 tid=1858 timed_waiting&#10;java.lang.Thread.State: TIMED_WAITING&#10;        at sun.misc.Unsafe.park(Native Method)&#10;        at java.util.concurrent.locks.LockSupport.parkNanos(LockSupport.java:215)&#10;        at java.util.concurrent.locks.AbstractQueuedSynchronizer$ConditionObject.awaitNanos(AbstractQueuedSynchronizer.java:2078)&#10;        at java.util.concurrent.ScheduledThreadPoolExecutor$DelayedWorkQueue.take(ScheduledThreadPoolExecutor.java:1093)&#10;        at java.util.concurrent.ScheduledThreadPoolExecutor$DelayedWorkQueue.take(ScheduledThreadPoolExecutor.java:809)&#10;        at java.util.concurrent.ThreadPoolExecutor.getTask(ThreadPoolExecutor.java:1074)&#10;        at java.util.concurrent.ThreadPoolExecutor.runWorker(ThreadPoolExecutor.java:1134)&#10;        at java.util.concurrent.ThreadPoolExecutor$Worker.run(ThreadPoolExecutor.java:624)&#10;        at java.lang.Thread.run(Thread.java:748)&#10;&quot;org.eclipse.jetty.server.session.HashSessionManager@79771ffaTimer&quot; daemon prio=5 tid=1830 timed_waiting&#10;java.lang.Thread.State: TIMED_WAITING&#10;        at sun.misc.Unsafe.park(Native Method)&#10;        at java.util.concurrent.locks.LockSupport.parkNanos(LockSupport.java:215)&#10;        at java.util.concurrent.locks.AbstractQueuedSynchronizer$ConditionObject.awaitNanos(AbstractQueuedSynchronizer.java:2078)&#10;        at java.util.concurrent.ScheduledThreadPoolExecutor$DelayedWorkQueue.take(ScheduledThreadPoolExecutor.java:1093)&#10;        at java.util.concurrent.ScheduledThreadPoolExecutor$DelayedWorkQueue.take(ScheduledThreadPoolExecutor.java:809)&#10;        at java.util.concurrent.ThreadPoolExecutor.getTask(ThreadPoolExecutor.java:1074)&#10;        at java.util.concurrent.ThreadPoolExecutor.runWorker(ThreadPoolExecutor.java:1134)&#10;        at java.util.concurrent.ThreadPoolExecutor$Worker.run(ThreadPoolExecutor.java:624)&#10;        at java.lang.Thread.run(Thread.java:748)&#10;&quot;pool-176-thread-58&quot;  prio=5 tid=1926 in Object.wait()&#10;java.lang.Thread.State: WAITING (on object monitor)&#10;        at sun.misc.Unsafe.park(Native Method)&#10;        at java.util.concurrent.locks.LockSupport.park(LockSupport.java:175)&#10;        at java.util.concurrent.locks.AbstractQueuedSynchronizer$ConditionObject.await(AbstractQueuedSynchronizer.java:2039)&#10;        at java.util.concurrent.ArrayBlockingQueue.take(ArrayBlockingQueue.java:403)&#10;        at java.util.concurrent.ThreadPoolExecutor.getTask(ThreadPoolExecutor.java:1074)&#10;        at java.util.concurrent.ThreadPoolExecutor.runWorker(ThreadPoolExecutor.java:1134)&#10;        at java.util.concurrent.ThreadPoolExecutor$Worker.run(ThreadPoolExecutor.java:624)&#10;        at java.lang.Thread.run(Thread.java:748)&#10;&quot;grpc-default-worker-ELG-9-4&quot; daemon prio=5 tid=2069 runnable&#10;java.lang.Thread.State: RUNNABLE&#10;        at sun.nio.ch.EPollArrayWrapper.epollWait(Native Method)&#10;        at sun.nio.ch.EPollArrayWrapper.poll(EPollArrayWrapper.java:269)&#10;        at sun.nio.ch.EPollSelectorImpl.doSelect(EPollSelectorImpl.java:93)&#10;        at sun.nio.ch.SelectorImpl.lockAndDoSelect(SelectorImpl.java:86)&#10;        at sun.nio.ch.SelectorImpl.select(SelectorImpl.java:97)&#10;        at org.apache.ratis.thirdparty.io.netty.channel.nio.SelectedSelectionKeySetSelector.select(SelectedSelectionKeySetSelector.java:62)&#10;        at org.apache.ratis.thirdparty.io.netty.channel.nio.NioEventLoop.select(NioEventLoop.java:753)&#10;        at org.apache.ratis.thirdparty.io.netty.channel.nio.NioEventLoop.run(NioEventLoop.java:408)&#10;        at org.apache.ratis.thirdparty.io.netty.util.concurrent.SingleThreadEventExecutor$5.run(SingleThreadEventExecutor.java:897)&#10;        at org.apache.ratis.thirdparty.io.netty.util.concurrent.FastThreadLocalRunnable.run(FastThreadLocalRunnable.java:30)&#10;        at java.lang.Thread.run(Thread.java:748)&#10;&quot;d81605c5-54b3-45a8-b5ae-2e8d8890cbef@group-C2BDBBDF155D-StateMachineUpdater&quot; daemon prio=5 tid=2252 in Object.wait()&#10;java.lang.Thread.State: WAITING (on object monitor)&#10;        at java.lang.Object.wait(Native Method)&#10;        at java.lang.Object.wait(Object.java:502)&#10;        at org.apache.ratis.server.impl.StateMachineUpdater.waitForCommit(StateMachineUpdater.java:194)&#10;        at org.apache.ratis.server.impl.StateMachineUpdater.run(StateMachineUpdater.java:159)&#10;        at java.lang.Thread.run(Thread.java:748)&#10;&quot;IPC Server handler 5 on 39395&quot; daemon prio=5 tid=1696 timed_waiting&#10;java.lang.Thread.State: TIMED_WAITING&#10;        at sun.misc.Unsafe.park(Native Method)&#10;        at java.util.concurrent.locks.LockSupport.parkNanos(LockSupport.java:215)&#10;        at java.util.concurrent.locks.AbstractQueuedSynchronizer$ConditionObject.awaitNanos(AbstractQueuedSynchronizer.java:2078)&#10;        at java.util.concurrent.LinkedBlockingQueue.poll(LinkedBlockingQueue.java:467)&#10;        at org.apache.hadoop.ipc.CallQueueManager.take(CallQueueManager.java:288)&#10;        at org.apache.hadoop.ipc.Server$Handler.run(Server.java:2668)&#10;&quot;IPC Server handler 16 on 41111&quot; daemon prio=5 tid=1727 timed_waiting&#10;java.lang.Thread.State: TIMED_WAITING&#10;        at sun.misc.Unsafe.park(Native Method)&#10;        at java.util.concurrent.locks.LockSupport.parkNanos(LockSupport.java:215)&#10;        at java.util.concurrent.locks.AbstractQueuedSynchronizer$ConditionObject.awaitNanos(AbstractQueuedSynchronizer.java:2078)&#10;        at java.util.concurrent.LinkedBlockingQueue.poll(LinkedBlockingQueue.java:467)&#10;        at org.apache.hadoop.ipc.CallQueueManager.take(CallQueueManager.java:288)&#10;        at org.apache.hadoop.ipc.Server$Handler.run(Server.java:2668)&#10;&quot;EventQueue-NodeRegistrationContainerReportForContainerSafeModeRule&quot; daemon prio=5 tid=2060 in Object.wait()&#10;java.lang.Thread.State: WAITING (on object monitor)&#10;        at sun.misc.Unsafe.park(Native Method)&#10;        at java.util.concurrent.locks.LockSupport.park(LockSupport.java:175)&#10;        at java.util.concurrent.locks.AbstractQueuedSynchronizer$ConditionObject.await(AbstractQueuedSynchronizer.java:2039)&#10;        at java.util.concurrent.LinkedBlockingQueue.take(LinkedBlockingQueue.java:442)&#10;        at java.util.concurrent.ThreadPoolExecutor.getTask(ThreadPoolExecutor.java:1074)&#10;        at java.util.concurrent.ThreadPoolExecutor.runWorker(ThreadPoolExecutor.java:1134)&#10;        at java.util.concurrent.ThreadPoolExecutor$Worker.run(ThreadPoolExecutor.java:624)&#10;        at java.lang.Thread.run(Thread.java:748)&#10;&quot;metrics-hadoop-metrics2-reporter-21-thread-1&quot; daemon prio=5 tid=492 timed_waiting&#10;java.lang.Thread.State: TIMED_WAITING&#10;        at sun.misc.Unsafe.park(Native Method)&#10;        at java.util.concurrent.locks.LockSupport.parkNanos(LockSupport.java:215)&#10;        at java.util.concurrent.locks.AbstractQueuedSynchronizer$ConditionObject.awaitNanos(AbstractQueuedSynchronizer.java:2078)&#10;        at java.util.concurrent.ScheduledThreadPoolExecutor$DelayedWorkQueue.take(ScheduledThreadPoolExecutor.java:1093)&#10;        at java.util.concurrent.ScheduledThreadPoolExecutor$DelayedWorkQueue.take(ScheduledThreadPoolExecutor.java:809)&#10;        at java.util.concurrent.ThreadPoolExecutor.getTask(ThreadPoolExecutor.java:1074)&#10;        at java.util.concurrent.ThreadPoolExecutor.runWorker(ThreadPoolExecutor.java:1134)&#10;        at java.util.concurrent.ThreadPoolExecutor$Worker.run(ThreadPoolExecutor.java:624)&#10;        at java.lang.Thread.run(Thread.java:748)&#10;&quot;IPC Parameter Sending Thread #0&quot; daemon prio=5 tid=106 timed_waiting&#10;java.lang.Thread.State: TIMED_WAITING&#10;        at sun.misc.Unsafe.park(Native Method)&#10;        at java.util.concurrent.locks.LockSupport.parkNanos(LockSupport.java:215)&#10;        at java.util.concurrent.SynchronousQueue$TransferStack.awaitFulfill(SynchronousQueue.java:460)&#10;        at java.util.concurrent.SynchronousQueue$TransferStack.transfer(SynchronousQueue.java:362)&#10;        at java.util.concurrent.SynchronousQueue.poll(SynchronousQueue.java:941)&#10;        at java.util.concurrent.ThreadPoolExecutor.getTask(ThreadPoolExecutor.java:1073)&#10;        at java.util.concurrent.ThreadPoolExecutor.runWorker(ThreadPoolExecutor.java:1134)&#10;        at java.util.concurrent.ThreadPoolExecutor$Worker.run(ThreadPoolExecutor.java:624)&#10;        at java.lang.Thread.run(Thread.java:748)&#10;&quot;Datanode State Machine Thread - 0&quot; daemon prio=5 tid=1833 timed_waiting&#10;java.lang.Thread.State: TIMED_WAITING&#10;        at java.lang.Thread.sleep(Native Method)&#10;        at org.apache.hadoop.ozone.container.common.statemachine.DatanodeStateMachine.start(DatanodeStateMachine.java:191)&#10;        at org.apache.hadoop.ozone.container.common.statemachine.DatanodeStateMachine.lambda$startDaemon$0(DatanodeStateMachine.java:349)&#10;        at org.apache.hadoop.ozone.container.common.statemachine.DatanodeStateMachine$$Lambda$140/53279234.run(Unknown Source)&#10;        at java.lang.Thread.run(Thread.java:748)&#10;&quot;IPC Server handler 11 on 41111&quot; daemon prio=5 tid=1722 timed_waiting&#10;java.lang.Thread.State: TIMED_WAITING&#10;        at sun.misc.Unsafe.park(Native Method)&#10;        at java.util.concurrent.locks.LockSupport.parkNanos(LockSupport.java:215)&#10;        at java.util.concurrent.locks.AbstractQueuedSynchronizer$ConditionObject.awaitNanos(AbstractQueuedSynchronizer.java:2078)&#10;        at java.util.concurrent.LinkedBlockingQueue.poll(LinkedBlockingQueue.java:467)&#10;        at org.apache.hadoop.ipc.CallQueueManager.take(CallQueueManager.java:288)&#10;        at org.apache.hadoop.ipc.Server$Handler.run(Server.java:2668)&#10;&quot;pool-196-thread-22&quot;  prio=5 tid=2015 in Object.wait()&#10;java.lang.Thread.State: WAITING (on object monitor)&#10;        at sun.misc.Unsafe.park(Native Method)&#10;        at java.util.concurrent.locks.LockSupport.park(LockSupport.java:175)&#10;        at java.util.concurrent.locks.AbstractQueuedSynchronizer$ConditionObject.await(AbstractQueuedSynchronizer.java:2039)&#10;        at java.util.concurrent.ArrayBlockingQueue.take(ArrayBlockingQueue.java:403)&#10;        at java.util.concurrent.ThreadPoolExecutor.getTask(ThreadPoolExecutor.java:1074)&#10;        at java.util.concurrent.ThreadPoolExecutor.runWorker(ThreadPoolExecutor.java:1134)&#10;        at java.util.concurrent.ThreadPoolExecutor$Worker.run(ThreadPoolExecutor.java:624)&#10;        at java.lang.Thread.run(Thread.java:748)&#10;&quot;metrics-hadoop-metrics2-reporter-51-thread-1&quot; daemon prio=5 tid=1043 timed_waiting&#10;java.lang.Thread.State: TIMED_WAITING&#10;        at sun.misc.Unsafe.park(Native Method)&#10;        at java.util.concurrent.locks.LockSupport.parkNanos(LockSupport.java:215)&#10;        at java.util.concurrent.locks.AbstractQueuedSynchronizer$ConditionObject.awaitNanos(AbstractQueuedSynchronizer.java:2078)&#10;        at java.util.concurrent.ScheduledThreadPoolExecutor$DelayedWorkQueue.take(ScheduledThreadPoolExecutor.java:1093)&#10;        at java.util.concurrent.ScheduledThreadPoolExecutor$DelayedWorkQueue.take(ScheduledThreadPoolExecutor.java:809)&#10;        at java.util.concurrent.ThreadPoolExecutor.getTask(ThreadPoolExecutor.java:1074)&#10;        at java.util.concurrent.ThreadPoolExecutor.runWorker(ThreadPoolExecutor.java:1134)&#10;        at java.util.concurrent.ThreadPoolExecutor$Worker.run(ThreadPoolExecutor.java:624)&#10;        at java.lang.Thread.run(Thread.java:748)&#10;&quot;qtp1635471455-1850-acceptor-0@7c3dd36a-ServerConnector@3e0ac1c4{HTTP/1.1,[http/1.1]}{0.0.0.0:35502}&quot; daemon prio=3 tid=1850 runnable&#10;java.lang.Thread.State: RUNNABLE&#10;        at sun.nio.ch.ServerSocketChannelImpl.accept0(Native Method)&#10;        at sun.nio.ch.ServerSocketChannelImpl.accept(ServerSocketChannelImpl.java:422)&#10;        at sun.nio.ch.ServerSocketChannelImpl.accept(ServerSocketChannelImpl.java:250)&#10;        at org.eclipse.jetty.server.ServerConnector.accept(ServerConnector.java:397)&#10;        at org.eclipse.jetty.server.AbstractConnector$Acceptor.run(AbstractConnector.java:601)&#10;        at org.eclipse.jetty.util.thread.QueuedThreadPool.runJob(QueuedThreadPool.java:671)&#10;        at org.eclipse.jetty.util.thread.QueuedThreadPool$2.run(QueuedThreadPool.java:589)&#10;        at java.lang.Thread.run(Thread.java:748)&#10;&quot;metrics-hadoop-metrics2-reporter-72-thread-1&quot; daemon prio=5 tid=1549 timed_waiting&#10;java.lang.Thread.State: TIMED_WAITING&#10;        at sun.misc.Unsafe.park(Native Method)&#10;        at java.util.concurrent.locks.LockSupport.parkNanos(LockSupport.java:215)&#10;        at java.util.concurrent.locks.AbstractQueuedSynchronizer$ConditionObject.awaitNanos(AbstractQueuedSynchronizer.java:2078)&#10;        at java.util.concurrent.ScheduledThreadPoolExecutor$DelayedWorkQueue.take(ScheduledThreadPoolExecutor.java:1093)&#10;        at java.util.concurrent.ScheduledThreadPoolExecutor$DelayedWorkQueue.take(ScheduledThreadPoolExecutor.java:809)&#10;        at java.util.concurrent.ThreadPoolExecutor.getTask(ThreadPoolExecutor.java:1074)&#10;        at java.util.concurrent.ThreadPoolExecutor.runWorker(ThreadPoolExecutor.java:1134)&#10;        at java.util.concurrent.ThreadPoolExecutor$Worker.run(ThreadPoolExecutor.java:624)&#10;        at java.lang.Thread.run(Thread.java:748)&#10;&quot;qtp1145772033-1736&quot; daemon prio=5 tid=1736 timed_waiting&#10;java.lang.Thread.State: TIMED_WAITING&#10;        at sun.misc.Unsafe.park(Native Method)&#10;        at java.util.concurrent.locks.LockSupport.parkNanos(LockSupport.java:215)&#10;        at java.util.concurrent.locks.AbstractQueuedSynchronizer$ConditionObject.awaitNanos(AbstractQueuedSynchronizer.java:2078)&#10;        at org.eclipse.jetty.util.BlockingArrayQueue.poll(BlockingArrayQueue.java:392)&#10;        at org.eclipse.jetty.util.thread.QueuedThreadPool.idleJobPoll(QueuedThreadPool.java:563)&#10;        at org.eclipse.jetty.util.thread.QueuedThreadPool.access$800(QueuedThreadPool.java:48)&#10;        at org.eclipse.jetty.util.thread.QueuedThreadPool$2.run(QueuedThreadPool.java:626)&#10;        at java.lang.Thread.run(Thread.java:748)&#10;&quot;IPC Server handler 1 on 33059&quot; daemon prio=5 tid=1672 timed_waiting&#10;java.lang.Thread.State: TIMED_WAITING&#10;        at sun.misc.Unsafe.park(Native Method)&#10;        at java.util.concurrent.locks.LockSupport.parkNanos(LockSupport.java:215)&#10;        at java.util.concurrent.locks.AbstractQueuedSynchronizer$ConditionObject.awaitNanos(AbstractQueuedSynchronizer.java:2078)&#10;        at java.util.concurrent.LinkedBlockingQueue.poll(LinkedBlockingQueue.java:467)&#10;        at org.apache.hadoop.ipc.CallQueueManager.take(CallQueueManager.java:288)&#10;        at org.apache.hadoop.ipc.Server$Handler.run(Server.java:2668)&#10;&quot;jaeger.RemoteReporter-QueueProcessor&quot; daemon prio=5 tid=148 in Object.wait()&#10;java.lang.Thread.State: WAITING (on object monitor)&#10;        at sun.misc.Unsafe.park(Native Method)&#10;        at java.util.concurrent.locks.LockSupport.park(LockSupport.java:175)&#10;        at java.util.concurrent.locks.AbstractQueuedSynchronizer$ConditionObject.await(AbstractQueuedSynchronizer.java:2039)&#10;        at java.util.concurrent.ArrayBlockingQueue.take(ArrayBlockingQueue.java:403)&#10;        at io.jaegertracing.internal.reporters.RemoteReporter$QueueProcessor.run(RemoteReporter.java:173)&#10;        at java.lang.Thread.run(Thread.java:748)&#10;&quot;EventQueue-PipelineReportForPipelineReportHandler&quot; daemon prio=5 tid=2061 in Object.wait()&#10;java.lang.Thread.State: WAITING (on object monitor)&#10;        at sun.misc.Unsafe.park(Native Method)&#10;        at java.util.concurrent.locks.LockSupport.park(LockSupport.java:175)&#10;        at java.util.concurrent.locks.AbstractQueuedSynchronizer$ConditionObject.await(AbstractQueuedSynchronizer.java:2039)&#10;        at java.util.concurrent.LinkedBlockingQueue.take(LinkedBlockingQueue.java:442)&#10;        at java.util.concurrent.ThreadPoolExecutor.getTask(ThreadPoolExecutor.java:1074)&#10;        at java.util.concurrent.ThreadPoolExecutor.runWorker(ThreadPoolExecutor.java:1134)&#10;        at java.util.concurrent.ThreadPoolExecutor$Worker.run(ThreadPoolExecutor.java:624)&#10;        at java.lang.Thread.run(Thread.java:748)&#10;&quot;IPC Server handler 17 on 46187&quot; daemon prio=5 tid=1772 timed_waiting&#10;java.lang.Thread.State: TIMED_WAITING&#10;        at sun.misc.Unsafe.park(Native Method)&#10;        at java.util.concurrent.locks.LockSupport.parkNanos(LockSupport.java:215)&#10;        at java.util.concurrent.locks.AbstractQueuedSynchronizer$ConditionObject.awaitNanos(AbstractQueuedSynchronizer.java:2078)&#10;        at java.util.concurrent.LinkedBlockingQueue.poll(LinkedBlockingQueue.java:467)&#10;        at org.apache.hadoop.ipc.CallQueueManager.take(CallQueueManager.java:288)&#10;        at org.apache.hadoop.ipc.Server$Handler.run(Server.java:2668)&#10;&quot;IPC Server handler 6 on 39395&quot; daemon prio=5 tid=1697 timed_waiting&#10;java.lang.Thread.State: TIMED_WAITING&#10;        at sun.misc.Unsafe.park(Native Method)&#10;        at java.util.concurrent.locks.LockSupport.parkNanos(LockSupport.java:215)&#10;        at java.util.concurrent.locks.AbstractQueuedSynchronizer$ConditionObject.awaitNanos(AbstractQueuedSynchronizer.java:2078)&#10;        at java.util.concurrent.LinkedBlockingQueue.poll(LinkedBlockingQueue.java:467)&#10;        at org.apache.hadoop.ipc.CallQueueManager.take(CallQueueManager.java:288)&#10;        at org.apache.hadoop.ipc.Server$Handler.run(Server.java:2668)&#10;&quot;pool-196-thread-17&quot;  prio=5 tid=2010 in Object.wait()&#10;java.lang.Thread.State: WAITING (on object monitor)&#10;        at sun.misc.Unsafe.park(Native Method)&#10;        at java.util.concurrent.locks.LockSupport.park(LockSupport.java:175)&#10;        at java.util.concurrent.locks.AbstractQueuedSynchronizer$ConditionObject.await(AbstractQueuedSynchronizer.java:2039)&#10;        at java.util.concurrent.ArrayBlockingQueue.take(ArrayBlockingQueue.java:403)&#10;        at java.util.concurrent.ThreadPoolExecutor.getTask(ThreadPoolExecutor.java:1074)&#10;        at java.util.concurrent.ThreadPoolExecutor.runWorker(ThreadPoolExecutor.java:1134)&#10;        at java.util.concurrent.ThreadPoolExecutor$Worker.run(ThreadPoolExecutor.java:624)&#10;        at java.lang.Thread.run(Thread.java:748)&#10;&quot;IPC Server listener on 41111&quot; daemon prio=5 tid=1656 runnable&#10;java.lang.Thread.State: RUNNABLE&#10;        at sun.nio.ch.EPollArrayWrapper.epollWait(Native Method)&#10;        at sun.nio.ch.EPollArrayWrapper.poll(EPollArrayWrapper.java:269)&#10;        at sun.nio.ch.EPollSelectorImpl.doSelect(EPollSelectorImpl.java:93)&#10;        at sun.nio.ch.SelectorImpl.lockAndDoSelect(SelectorImpl.java:86)&#10;        at sun.nio.ch.SelectorImpl.select(SelectorImpl.java:97)&#10;        at sun.nio.ch.SelectorImpl.select(SelectorImpl.java:101)&#10;        at org.apache.hadoop.ipc.Server$Listener.run(Server.java:1159)&#10;&quot;metrics-hadoop-metrics2-reporter-96-thread-1&quot; daemon prio=5 tid=2110 timed_waiting&#10;java.lang.Thread.State: TIMED_WAITING&#10;        at sun.misc.Unsafe.park(Native Method)&#10;        at java.util.concurrent.locks.LockSupport.parkNanos(LockSupport.java:215)&#10;        at java.util.concurrent.locks.AbstractQueuedSynchronizer$ConditionObject.awaitNanos(AbstractQueuedSynchronizer.java:2078)&#10;        at java.util.concurrent.ScheduledThreadPoolExecutor$DelayedWorkQueue.take(ScheduledThreadPoolExecutor.java:1093)&#10;        at java.util.concurrent.ScheduledThreadPoolExecutor$DelayedWorkQueue.take(ScheduledThreadPoolExecutor.java:809)&#10;        at java.util.concurrent.ThreadPoolExecutor.getTask(ThreadPoolExecutor.java:1074)&#10;        at java.util.concurrent.ThreadPoolExecutor.runWorker(ThreadPoolExecutor.java:1134)&#10;        at java.util.concurrent.ThreadPoolExecutor$Worker.run(ThreadPoolExecutor.java:624)&#10;        at java.lang.Thread.run(Thread.java:748)&#10;&quot;pool-186-thread-20&quot;  prio=5 tid=1951 in Object.wait()&#10;java.lang.Thread.State: WAITING (on object monitor)&#10;        at sun.misc.Unsafe.park(Native Method)&#10;        at java.util.concurrent.locks.LockSupport.park(LockSupport.java:175)&#10;        at java.util.concurrent.locks.AbstractQueuedSynchronizer$ConditionObject.await(AbstractQueuedSynchronizer.java:2039)&#10;        at java.util.concurrent.ArrayBlockingQueue.take(ArrayBlockingQueue.java:403)&#10;        at java.util.concurrent.ThreadPoolExecutor.getTask(ThreadPoolExecutor.java:1074)&#10;        at java.util.concurrent.ThreadPoolExecutor.runWorker(ThreadPoolExecutor.java:1134)&#10;        at java.util.concurrent.ThreadPoolExecutor$Worker.run(ThreadPoolExecutor.java:624)&#10;        at java.lang.Thread.run(Thread.java:748)&#10;&quot;metrics-hadoop-metrics2-reporter-97-thread-1&quot; daemon prio=5 tid=2116 timed_waiting&#10;java.lang.Thread.State: TIMED_WAITING&#10;        at sun.misc.Unsafe.park(Native Method)&#10;        at java.util.concurrent.locks.LockSupport.parkNanos(LockSupport.java:215)&#10;        at java.util.concurrent.locks.AbstractQueuedSynchronizer$ConditionObject.awaitNanos(AbstractQueuedSynchronizer.java:2078)&#10;        at java.util.concurrent.ScheduledThreadPoolExecutor$DelayedWorkQueue.take(ScheduledThreadPoolExecutor.java:1093)&#10;        at java.util.concurrent.ScheduledThreadPoolExecutor$DelayedWorkQueue.take(ScheduledThreadPoolExecutor.java:809)&#10;        at java.util.concurrent.ThreadPoolExecutor.getTask(ThreadPoolExecutor.java:1074)&#10;        at java.util.concurrent.ThreadPoolExecutor.runWorker(ThreadPoolExecutor.java:1134)&#10;        at java.util.concurrent.ThreadPoolExecutor$Worker.run(ThreadPoolExecutor.java:624)&#10;        at java.lang.Thread.run(Thread.java:748)&#10;&quot;metrics-hadoop-metrics2-reporter-31-thread-1&quot; daemon prio=5 tid=979 timed_waiting&#10;java.lang.Thread.State: TIMED_WAITING&#10;        at sun.misc.Unsafe.park(Native Method)&#10;        at java.util.concurrent.locks.LockSupport.parkNanos(LockSupport.java:215)&#10;        at java.util.concurrent.locks.AbstractQueuedSynchronizer$ConditionObject.awaitNanos(AbstractQueuedSynchronizer.java:2078)&#10;        at java.util.concurrent.ScheduledThreadPoolExecutor$DelayedWorkQueue.take(ScheduledThreadPoolExecutor.java:1093)&#10;        at java.util.concurrent.ScheduledThreadPoolExecutor$DelayedWorkQueue.take(ScheduledThreadPoolExecutor.java:809)&#10;        at java.util.concurrent.ThreadPoolExecutor.getTask(ThreadPoolExecutor.java:1074)&#10;        at java.util.concurrent.ThreadPoolExecutor.runWorker(ThreadPoolExecutor.java:1134)&#10;        at java.util.concurrent.ThreadPoolExecutor$Worker.run(ThreadPoolExecutor.java:624)&#10;        at java.lang.Thread.run(Thread.java:748)&#10;&quot;metrics-hadoop-metrics2-reporter-44-thread-1&quot; daemon prio=5 tid=1020 timed_waiting&#10;java.lang.Thread.State: TIMED_WAITING&#10;        at sun.misc.Unsafe.park(Native Method)&#10;        at java.util.concurrent.locks.LockSupport.parkNanos(LockSupport.java:215)&#10;        at java.util.concurrent.locks.AbstractQueuedSynchronizer$ConditionObject.awaitNanos(AbstractQueuedSynchronizer.java:2078)&#10;        at java.util.concurrent.ScheduledThreadPoolExecutor$DelayedWorkQueue.take(ScheduledThreadPoolExecutor.java:1093)&#10;        at java.util.concurrent.ScheduledThreadPoolExecutor$DelayedWorkQueue.take(ScheduledThreadPoolExecutor.java:809)&#10;        at java.util.concurrent.ThreadPoolExecutor.getTask(ThreadPoolExecutor.java:1074)&#10;        at java.util.concurrent.ThreadPoolExecutor.runWorker(ThreadPoolExecutor.java:1134)&#10;        at java.util.concurrent.ThreadPoolExecutor$Worker.run(ThreadPoolExecutor.java:624)&#10;        at java.lang.Thread.run(Thread.java:748)&#10;&quot;metrics-hadoop-metrics2-reporter-75-thread-1&quot; daemon prio=5 tid=1555 timed_waiting&#10;java.lang.Thread.State: TIMED_WAITING&#10;        at sun.misc.Unsafe.park(Native Method)&#10;        at java.util.concurrent.locks.LockSupport.parkNanos(LockSupport.java:215)&#10;        at java.util.concurrent.locks.AbstractQueuedSynchronizer$ConditionObject.awaitNanos(AbstractQueuedSynchronizer.java:2078)&#10;        at java.util.concurrent.ScheduledThreadPoolExecutor$DelayedWorkQueue.take(ScheduledThreadPoolExecutor.java:1093)&#10;        at java.util.concurrent.ScheduledThreadPoolExecutor$DelayedWorkQueue.take(ScheduledThreadPoolExecutor.java:809)&#10;        at java.util.concurrent.ThreadPoolExecutor.getTask(ThreadPoolExecutor.java:1074)&#10;        at java.util.concurrent.ThreadPoolExecutor.runWorker(ThreadPoolExecutor.java:1134)&#10;        at java.util.concurrent.ThreadPoolExecutor$Worker.run(ThreadPoolExecutor.java:624)&#10;        at java.lang.Thread.run(Thread.java:748)&#10;&quot;pool-196-thread-24&quot;  prio=5 tid=2017 in Object.wait()&#10;java.lang.Thread.State: WAITING (on object monitor)&#10;        at sun.misc.Unsafe.park(Native Method)&#10;        at java.util.concurrent.locks.LockSupport.park(LockSupport.java:175)&#10;        at java.util.concurrent.locks.AbstractQueuedSynchronizer$ConditionObject.await(AbstractQueuedSynchronizer.java:2039)&#10;        at java.util.concurrent.ArrayBlockingQueue.take(ArrayBlockingQueue.java:403)&#10;        at java.util.concurrent.ThreadPoolExecutor.getTask(ThreadPoolExecutor.java:1074)&#10;        at java.util.concurrent.ThreadPoolExecutor.runWorker(ThreadPoolExecutor.java:1134)&#10;        at java.util.concurrent.ThreadPoolExecutor$Worker.run(ThreadPoolExecutor.java:624)&#10;        at java.lang.Thread.run(Thread.java:748)&#10;&quot;pool-186-thread-35&quot;  prio=5 tid=1966 in Object.wait()&#10;java.lang.Thread.State: WAITING (on object monitor)&#10;        at sun.misc.Unsafe.park(Native Method)&#10;        at java.util.concurrent.locks.LockSupport.park(LockSupport.java:175)&#10;        at java.util.concurrent.locks.AbstractQueuedSynchronizer$ConditionObject.await(AbstractQueuedSynchronizer.java:2039)&#10;        at java.util.concurrent.ArrayBlockingQueue.take(ArrayBlockingQueue.java:403)&#10;        at java.util.concurrent.ThreadPoolExecutor.getTask(ThreadPoolExecutor.java:1074)&#10;        at java.util.concurrent.ThreadPoolExecutor.runWorker(ThreadPoolExecutor.java:1134)&#10;        at java.util.concurrent.ThreadPoolExecutor$Worker.run(ThreadPoolExecutor.java:624)&#10;        at java.lang.Thread.run(Thread.java:748)&#10;&quot;BlockDeletingService#1&quot; daemon prio=5 tid=2055 in Object.wait()&#10;java.lang.Thread.State: WAITING (on object monitor)&#10;        at sun.misc.Unsafe.park(Native Method)&#10;        at java.util.concurrent.locks.LockSupport.park(LockSupport.java:175)&#10;        at java.util.concurrent.locks.AbstractQueuedSynchronizer$ConditionObject.await(AbstractQueuedSynchronizer.java:2039)&#10;        at java.util.concurrent.ScheduledThreadPoolExecutor$DelayedWorkQueue.take(ScheduledThreadPoolExecutor.java:1088)&#10;        at java.util.concurrent.ScheduledThreadPoolExecutor$DelayedWorkQueue.take(ScheduledThreadPoolExecutor.java:809)&#10;        at java.util.concurrent.ThreadPoolExecutor.getTask(ThreadPoolExecutor.java:1074)&#10;        at java.util.concurrent.ThreadPoolExecutor.runWorker(ThreadPoolExecutor.java:1134)&#10;        at java.util.concurrent.ThreadPoolExecutor$Worker.run(ThreadPoolExecutor.java:624)&#10;        at java.lang.Thread.run(Thread.java:748)&#10;&quot;IPC Server handler 14 on 46187&quot; daemon prio=5 tid=1769 timed_waiting&#10;java.lang.Thread.State: TIMED_WAITING&#10;        at sun.misc.Unsafe.park(Native Method)&#10;        at java.util.concurrent.locks.LockSupport.parkNanos(LockSupport.java:215)&#10;        at java.util.concurrent.locks.AbstractQueuedSynchronizer$ConditionObject.awaitNanos(AbstractQueuedSynchronizer.java:2078)&#10;        at java.util.concurrent.LinkedBlockingQueue.poll(LinkedBlockingQueue.java:467)&#10;        at org.apache.hadoop.ipc.CallQueueManager.take(CallQueueManager.java:288)&#10;        at org.apache.hadoop.ipc.Server$Handler.run(Server.java:2668)&#10;&quot;IPC Client (16473961) connection to /0.0.0.0:41111 from jenkins1000&quot; daemon prio=5 tid=1868 timed_waiting&#10;java.lang.Thread.State: TIMED_WAITING&#10;        at java.lang.Object.wait(Native Method)&#10;        at org.apache.hadoop.ipc.Client$Connection.waitForWork(Client.java:1024)&#10;        at org.apache.hadoop.ipc.Client$Connection.run(Client.java:1068)&#10;&quot;qtp2051361244-1782&quot; daemon prio=5 tid=1782 timed_waiting&#10;java.lang.Thread.State: TIMED_WAITING&#10;        at sun.misc.Unsafe.park(Native Method)&#10;        at java.util.concurrent.locks.LockSupport.parkNanos(LockSupport.java:215)&#10;        at java.util.concurrent.locks.AbstractQueuedSynchronizer$ConditionObject.awaitNanos(AbstractQueuedSynchronizer.java:2078)&#10;        at org.eclipse.jetty.util.BlockingArrayQueue.poll(BlockingArrayQueue.java:392)&#10;        at org.eclipse.jetty.util.thread.QueuedThreadPool.idleJobPoll(QueuedThreadPool.java:563)&#10;        at org.eclipse.jetty.util.thread.QueuedThreadPool.access$800(QueuedThreadPool.java:48)&#10;        at org.eclipse.jetty.util.thread.QueuedThreadPool$2.run(QueuedThreadPool.java:626)&#10;        at java.lang.Thread.run(Thread.java:748)&#10;&quot;metrics-hadoop-metrics2-reporter-88-thread-1&quot; daemon prio=5 tid=2087 timed_waiting&#10;java.lang.Thread.State: TIMED_WAITING&#10;        at sun.misc.Unsafe.park(Native Method)&#10;        at java.util.concurrent.locks.LockSupport.parkNanos(LockSupport.java:215)&#10;        at java.util.concurrent.locks.AbstractQueuedSynchronizer$ConditionObject.awaitNanos(AbstractQueuedSynchronizer.java:2078)&#10;        at java.util.concurrent.ScheduledThreadPoolExecutor$DelayedWorkQueue.take(ScheduledThreadPoolExecutor.java:1093)&#10;        at java.util.concurrent.ScheduledThreadPoolExecutor$DelayedWorkQueue.take(ScheduledThreadPoolExecutor.java:809)&#10;        at java.util.concurrent.ThreadPoolExecutor.getTask(ThreadPoolExecutor.java:1074)&#10;        at java.util.concurrent.ThreadPoolExecutor.runWorker(ThreadPoolExecutor.java:1134)&#10;        at java.util.concurrent.ThreadPoolExecutor$Worker.run(ThreadPoolExecutor.java:624)&#10;        at java.lang.Thread.run(Thread.java:748)&#10;&quot;pool-186-thread-7&quot;  prio=5 tid=1938 in Object.wait()&#10;java.lang.Thread.State: WAITING (on object monitor)&#10;        at sun.misc.Unsafe.park(Native Method)&#10;        at java.util.concurrent.locks.LockSupport.park(LockSupport.java:175)&#10;        at java.util.concurrent.locks.AbstractQueuedSynchronizer$ConditionObject.await(AbstractQueuedSynchronizer.java:2039)&#10;        at java.util.concurrent.ArrayBlockingQueue.take(ArrayBlockingQueue.java:403)&#10;        at java.util.concurrent.ThreadPoolExecutor.getTask(ThreadPoolExecutor.java:1074)&#10;        at java.util.concurrent.ThreadPoolExecutor.runWorker(ThreadPoolExecutor.java:1134)&#10;        at java.util.concurrent.ThreadPoolExecutor$Worker.run(ThreadPoolExecutor.java:624)&#10;        at java.lang.Thread.run(Thread.java:748)&#10;&quot;metrics-hadoop-metrics2-reporter-58-thread-1&quot; daemon prio=5 tid=1507 timed_waiting&#10;java.lang.Thread.State: TIMED_WAITING&#10;        at sun.misc.Unsafe.park(Native Method)&#10;        at java.util.concurrent.locks.LockSupport.parkNanos(LockSupport.java:215)&#10;        at java.util.concurrent.locks.AbstractQueuedSynchronizer$ConditionObject.awaitNanos(AbstractQueuedSynchronizer.java:2078)&#10;        at java.util.concurrent.ScheduledThreadPoolExecutor$DelayedWorkQueue.take(ScheduledThreadPoolExecutor.java:1093)&#10;        at java.util.concurrent.ScheduledThreadPoolExecutor$DelayedWorkQueue.take(ScheduledThreadPoolExecutor.java:809)&#10;        at java.util.concurrent.ThreadPoolExecutor.getTask(ThreadPoolExecutor.java:1074)&#10;        at java.util.concurrent.ThreadPoolExecutor.runWorker(ThreadPoolExecutor.java:1134)&#10;        at java.util.concurrent.ThreadPoolExecutor$Worker.run(ThreadPoolExecutor.java:624)&#10;        at java.lang.Thread.run(Thread.java:748)&#10;&quot;pool-176-thread-25&quot;  prio=5 tid=1893 in Object.wait()&#10;java.lang.Thread.State: WAITING (on object monitor)&#10;        at sun.misc.Unsafe.park(Native Method)&#10;        at java.util.concurrent.locks.LockSupport.park(LockSupport.java:175)&#10;        at java.util.concurrent.locks.AbstractQueuedSynchronizer$ConditionObject.await(AbstractQueuedSynchronizer.java:2039)&#10;        at java.util.concurrent.ArrayBlockingQueue.take(ArrayBlockingQueue.java:403)&#10;        at java.util.concurrent.ThreadPoolExecutor.getTask(ThreadPoolExecutor.java:1074)&#10;        at java.util.concurrent.ThreadPoolExecutor.runWorker(ThreadPoolExecutor.java:1134)&#10;        at java.util.concurrent.ThreadPoolExecutor$Worker.run(ThreadPoolExecutor.java:624)&#10;        at java.lang.Thread.run(Thread.java:748)&#10;&quot;7f29c796-0732-402f-b865-67033766dcba@group-C2BDBBDF155D-StateMachineUpdater&quot; daemon prio=5 tid=2259 in Object.wait()&#10;java.lang.Thread.State: WAITING (on object monitor)&#10;        at java.lang.Object.wait(Native Method)&#10;        at java.lang.Object.wait(Object.java:502)&#10;        at org.apache.ratis.server.impl.StateMachineUpdater.waitForCommit(StateMachineUpdater.java:194)&#10;        at org.apache.ratis.server.impl.StateMachineUpdater.run(StateMachineUpdater.java:159)&#10;        at java.lang.Thread.run(Thread.java:748)&#10;&quot;pool-186-thread-51&quot;  prio=5 tid=1982 in Object.wait()&#10;java.lang.Thread.State: WAITING (on object monitor)&#10;        at sun.misc.Unsafe.park(Native Method)&#10;        at java.util.concurrent.locks.LockSupport.park(LockSupport.java:175)&#10;        at java.util.concurrent.locks.AbstractQueuedSynchronizer$ConditionObject.await(AbstractQueuedSynchronizer.java:2039)&#10;        at java.util.concurrent.ArrayBlockingQueue.take(ArrayBlockingQueue.java:403)&#10;        at java.util.concurrent.ThreadPoolExecutor.getTask(ThreadPoolExecutor.java:1074)&#10;        at java.util.concurrent.ThreadPoolExecutor.runWorker(ThreadPoolExecutor.java:1134)&#10;        at java.util.concurrent.ThreadPoolExecutor$Worker.run(ThreadPoolExecutor.java:624)&#10;        at java.lang.Thread.run(Thread.java:748)&#10;&quot;Thread-941&quot; daemon prio=5 tid=2109 timed_waiting&#10;java.lang.Thread.State: TIMED_WAITING&#10;        at sun.misc.Unsafe.park(Native Method)&#10;        at java.util.concurrent.locks.LockSupport.parkNanos(LockSupport.java:215)&#10;        at java.util.concurrent.locks.AbstractQueuedSynchronizer$ConditionObject.awaitNanos(AbstractQueuedSynchronizer.java:2078)&#10;        at java.util.concurrent.ArrayBlockingQueue.poll(ArrayBlockingQueue.java:418)&#10;        at org.apache.ratis.server.impl.LeaderState$EventQueue.poll(LeaderState.java:115)&#10;        at org.apache.ratis.server.impl.LeaderState$EventProcessor.run(LeaderState.java:467)&#10;&quot;Signal Dispatcher&quot; daemon prio=9 tid=4 runnable&#10;java.lang.Thread.State: RUNNABLE&#10;&quot;IPC Server handler 18 on 33059&quot; daemon prio=5 tid=1689 timed_waiting&#10;java.lang.Thread.State: TIMED_WAITING&#10;        at sun.misc.Unsafe.park(Native Method)&#10;        at java.util.concurrent.locks.LockSupport.parkNanos(LockSupport.java:215)&#10;        at java.util.concurrent.locks.AbstractQueuedSynchronizer$ConditionObject.awaitNanos(AbstractQueuedSynchronizer.java:2078)&#10;        at java.util.concurrent.LinkedBlockingQueue.poll(LinkedBlockingQueue.java:467)&#10;        at org.apache.hadoop.ipc.CallQueueManager.take(CallQueueManager.java:288)&#10;        at org.apache.hadoop.ipc.Server$Handler.run(Server.java:2668)&#10;&quot;pool-176-thread-60&quot;  prio=5 tid=1928 in Object.wait()&#10;java.lang.Thread.State: WAITING (on object monitor)&#10;        at sun.misc.Unsafe.park(Native Method)&#10;        at java.util.concurrent.locks.LockSupport.park(LockSupport.java:175)&#10;        at java.util.concurrent.locks.AbstractQueuedSynchronizer$ConditionObject.await(AbstractQueuedSynchronizer.java:2039)&#10;        at java.util.concurrent.ArrayBlockingQueue.take(ArrayBlockingQueue.java:403)&#10;        at java.util.concurrent.ThreadPoolExecutor.getTask(ThreadPoolExecutor.java:1074)&#10;        at java.util.concurrent.ThreadPoolExecutor.runWorker(ThreadPoolExecutor.java:1134)&#10;        at java.util.concurrent.ThreadPoolExecutor$Worker.run(ThreadPoolExecutor.java:624)&#10;        at java.lang.Thread.run(Thread.java:748)&#10;&quot;pool-187-thread-1&quot;  prio=5 tid=2080 in Object.wait()&#10;java.lang.Thread.State: WAITING (on object monitor)&#10;        at sun.misc.Unsafe.park(Native Method)&#10;        at java.util.concurrent.locks.LockSupport.park(LockSupport.java:175)&#10;        at java.util.concurrent.locks.AbstractQueuedSynchronizer$ConditionObject.await(AbstractQueuedSynchronizer.java:2039)&#10;        at java.util.concurrent.LinkedBlockingQueue.take(LinkedBlockingQueue.java:442)&#10;        at java.util.concurrent.ThreadPoolExecutor.getTask(ThreadPoolExecutor.java:1074)&#10;        at java.util.concurrent.ThreadPoolExecutor.runWorker(ThreadPoolExecutor.java:1134)&#10;        at java.util.concurrent.ThreadPoolExecutor$Worker.run(ThreadPoolExecutor.java:624)&#10;        at java.lang.Thread.run(Thread.java:748)&#10;&quot;metrics-hadoop-metrics2-reporter-92-thread-1&quot; daemon prio=5 tid=2097 timed_waiting&#10;java.lang.Thread.State: TIMED_WAITING&#10;        at sun.misc.Unsafe.park(Native Method)&#10;        at java.util.concurrent.locks.LockSupport.parkNanos(LockSupport.java:215)&#10;        at java.util.concurrent.locks.AbstractQueuedSynchronizer$ConditionObject.awaitNanos(AbstractQueuedSynchronizer.java:2078)&#10;        at java.util.concurrent.ScheduledThreadPoolExecutor$DelayedWorkQueue.take(ScheduledThreadPoolExecutor.java:1093)&#10;        at java.util.concurrent.ScheduledThreadPoolExecutor$DelayedWorkQueue.take(ScheduledThreadPoolExecutor.java:809)&#10;        at java.util.concurrent.ThreadPoolExecutor.getTask(ThreadPoolExecutor.java:1074)&#10;        at java.util.concurrent.ThreadPoolExecutor.runWorker(ThreadPoolExecutor.java:1134)&#10;        at java.util.concurrent.ThreadPoolExecutor$Worker.run(ThreadPoolExecutor.java:624)&#10;        at java.lang.Thread.run(Thread.java:748)&#10;&quot;grpc-default-worker-ELG-9-2&quot; daemon prio=5 tid=2067 runnable&#10;java.lang.Thread.State: RUNNABLE&#10;        at sun.nio.ch.EPollArrayWrapper.epollWait(Native Method)&#10;        at sun.nio.ch.EPollArrayWrapper.poll(EPollArrayWrapper.java:269)&#10;        at sun.nio.ch.EPollSelectorImpl.doSelect(EPollSelectorImpl.java:93)&#10;        at sun.nio.ch.SelectorImpl.lockAndDoSelect(SelectorImpl.java:86)&#10;        at sun.nio.ch.SelectorImpl.select(SelectorImpl.java:97)&#10;        at org.apache.ratis.thirdparty.io.netty.channel.nio.SelectedSelectionKeySetSelector.select(SelectedSelectionKeySetSelector.java:62)&#10;        at org.apache.ratis.thirdparty.io.netty.channel.nio.NioEventLoop.select(NioEventLoop.java:753)&#10;        at org.apache.ratis.thirdparty.io.netty.channel.nio.NioEventLoop.run(NioEventLoop.java:408)&#10;        at org.apache.ratis.thirdparty.io.netty.util.concurrent.SingleThreadEventExecutor$5.run(SingleThreadEventExecutor.java:897)&#10;        at org.apache.ratis.thirdparty.io.netty.util.concurrent.FastThreadLocalRunnable.run(FastThreadLocalRunnable.java:30)&#10;        at java.lang.Thread.run(Thread.java:748)&#10;&quot;metrics-hadoop-metrics2-reporter-4-thread-1&quot; daemon prio=5 tid=442 timed_waiting&#10;java.lang.Thread.State: TIMED_WAITING&#10;        at sun.misc.Unsafe.park(Native Method)&#10;        at java.util.concurrent.locks.LockSupport.parkNanos(LockSupport.java:215)&#10;        at java.util.concurrent.locks.AbstractQueuedSynchronizer$ConditionObject.awaitNanos(AbstractQueuedSynchronizer.java:2078)&#10;        at java.util.concurrent.ScheduledThreadPoolExecutor$DelayedWorkQueue.take(ScheduledThreadPoolExecutor.java:1093)&#10;        at java.util.concurrent.ScheduledThreadPoolExecutor$DelayedWorkQueue.take(ScheduledThreadPoolExecutor.java:809)&#10;        at java.util.concurrent.ThreadPoolExecutor.getTask(ThreadPoolExecutor.java:1074)&#10;        at java.util.concurrent.ThreadPoolExecutor.runWorker(ThreadPoolExecutor.java:1134)&#10;        at java.util.concurrent.ThreadPoolExecutor$Worker.run(ThreadPoolExecutor.java:624)&#10;        at java.lang.Thread.run(Thread.java:748)&#10;&quot;metrics-hadoop-metrics2-reporter-13-thread-1&quot; daemon prio=5 tid=464 timed_waiting&#10;java.lang.Thread.State: TIMED_WAITING&#10;        at sun.misc.Unsafe.park(Native Method)&#10;        at java.util.concurrent.locks.LockSupport.parkNanos(LockSupport.java:215)&#10;        at java.util.concurrent.locks.AbstractQueuedSynchronizer$ConditionObject.awaitNanos(AbstractQueuedSynchronizer.java:2078)&#10;        at java.util.concurrent.ScheduledThreadPoolExecutor$DelayedWorkQueue.take(ScheduledThreadPoolExecutor.java:1093)&#10;        at java.util.concurrent.ScheduledThreadPoolExecutor$DelayedWorkQueue.take(ScheduledThreadPoolExecutor.java:809)&#10;        at java.util.concurrent.ThreadPoolExecutor.getTask(ThreadPoolExecutor.java:1074)&#10;        at java.util.concurrent.ThreadPoolExecutor.runWorker(ThreadPoolExecutor.java:1134)&#10;        at java.util.concurrent.ThreadPoolExecutor$Worker.run(ThreadPoolExecutor.java:624)&#10;        at java.lang.Thread.run(Thread.java:748)&#10;&quot;pool-176-thread-57&quot;  prio=5 tid=1925 in Object.wait()&#10;java.lang.Thread.State: WAITING (on object monitor)&#10;        at sun.misc.Unsafe.park(Native Method)&#10;        at java.util.concurrent.locks.LockSupport.park(LockSupport.java:175)&#10;        at java.util.concurrent.locks.AbstractQueuedSynchronizer$ConditionObject.await(AbstractQueuedSynchronizer.java:2039)&#10;        at java.util.concurrent.ArrayBlockingQueue.take(ArrayBlockingQueue.java:403)&#10;        at java.util.concurrent.ThreadPoolExecutor.getTask(ThreadPoolExecutor.java:1074)&#10;        at java.util.concurrent.ThreadPoolExecutor.runWorker(ThreadPoolExecutor.java:1134)&#10;        at java.util.concurrent.ThreadPoolExecutor$Worker.run(ThreadPoolExecutor.java:624)&#10;        at java.lang.Thread.run(Thread.java:748)&#10;&quot;metrics-hadoop-metrics2-reporter-110-thread-1&quot; daemon prio=5 tid=2263 timed_waiting&#10;java.lang.Thread.State: TIMED_WAITING&#10;        at sun.misc.Unsafe.park(Native Method)&#10;        at java.util.concurrent.locks.LockSupport.parkNanos(LockSupport.java:215)&#10;        at java.util.concurrent.locks.AbstractQueuedSynchronizer$ConditionObject.awaitNanos(AbstractQueuedSynchronizer.java:2078)&#10;        at java.util.concurrent.ScheduledThreadPoolExecutor$DelayedWorkQueue.take(ScheduledThreadPoolExecutor.java:1093)&#10;        at java.util.concurrent.ScheduledThreadPoolExecutor$DelayedWorkQueue.take(ScheduledThreadPoolExecutor.java:809)&#10;        at java.util.concurrent.ThreadPoolExecutor.getTask(ThreadPoolExecutor.java:1074)&#10;        at java.util.concurrent.ThreadPoolExecutor.runWorker(ThreadPoolExecutor.java:1134)&#10;        at java.util.concurrent.ThreadPoolExecutor$Worker.run(ThreadPoolExecutor.java:624)&#10;        at java.lang.Thread.run(Thread.java:748)&#10;&quot;Datanode ReportManager Thread - 1&quot; daemon prio=5 tid=710 in Object.wait()&#10;java.lang.Thread.State: WAITING (on object monitor)&#10;        at sun.misc.Unsafe.park(Native Method)&#10;        at java.util.concurrent.locks.LockSupport.park(LockSupport.java:175)&#10;        at java.util.concurrent.locks.AbstractQueuedSynchronizer$ConditionObject.await(AbstractQueuedSynchronizer.java:2039)&#10;        at java.util.concurrent.ScheduledThreadPoolExecutor$DelayedWorkQueue.take(ScheduledThreadPoolExecutor.java:1088)&#10;        at java.util.concurrent.ScheduledThreadPoolExecutor$DelayedWorkQueue.take(ScheduledThreadPoolExecutor.java:809)&#10;        at java.util.concurrent.ThreadPoolExecutor.getTask(ThreadPoolExecutor.java:1074)&#10;        at java.util.concurrent.ThreadPoolExecutor.runWorker(ThreadPoolExecutor.java:1134)&#10;        at java.util.concurrent.ThreadPoolExecutor$Worker.run(ThreadPoolExecutor.java:624)&#10;        at java.lang.Thread.run(Thread.java:748)&#10;&quot;metrics-hadoop-metrics2-reporter-18-thread-1&quot; daemon prio=5 tid=485 timed_waiting&#10;java.lang.Thread.State: TIMED_WAITING&#10;        at sun.misc.Unsafe.park(Native Method)&#10;        at java.util.concurrent.locks.LockSupport.parkNanos(LockSupport.java:215)&#10;        at java.util.concurrent.locks.AbstractQueuedSynchronizer$ConditionObject.awaitNanos(AbstractQueuedSynchronizer.java:2078)&#10;        at java.util.concurrent.ScheduledThreadPoolExecutor$DelayedWorkQueue.take(ScheduledThreadPoolExecutor.java:1093)&#10;        at java.util.concurrent.ScheduledThreadPoolExecutor$DelayedWorkQueue.take(ScheduledThreadPoolExecutor.java:809)&#10;        at java.util.concurrent.ThreadPoolExecutor.getTask(ThreadPoolExecutor.java:1074)&#10;        at java.util.concurrent.ThreadPoolExecutor.runWorker(ThreadPoolExecutor.java:1134)&#10;        at java.util.concurrent.ThreadPoolExecutor$Worker.run(ThreadPoolExecutor.java:624)&#10;        at java.lang.Thread.run(Thread.java:748)&#10;&quot;pool-196-thread-20&quot;  prio=5 tid=2013 in Object.wait()&#10;java.lang.Thread.State: WAITING (on object monitor)&#10;        at sun.misc.Unsafe.park(Native Method)&#10;        at java.util.concurrent.locks.LockSupport.park(LockSupport.java:175)&#10;        at java.util.concurrent.locks.AbstractQueuedSynchronizer$ConditionObject.await(AbstractQueuedSynchronizer.java:2039)&#10;        at java.util.concurrent.ArrayBlockingQueue.take(ArrayBlockingQueue.java:403)&#10;        at java.util.concurrent.ThreadPoolExecutor.getTask(ThreadPoolExecutor.java:1074)&#10;        at java.util.concurrent.ThreadPoolExecutor.runWorker(ThreadPoolExecutor.java:1134)&#10;        at java.util.concurrent.ThreadPoolExecutor$Worker.run(ThreadPoolExecutor.java:624)&#10;        at java.lang.Thread.run(Thread.java:748)&#10;&quot;pool-186-thread-4&quot;  prio=5 tid=1935 in Object.wait()&#10;java.lang.Thread.State: WAITING (on object monitor)&#10;        at sun.misc.Unsafe.park(Native Method)&#10;        at java.util.concurrent.locks.LockSupport.park(LockSupport.java:175)&#10;        at java.util.concurrent.locks.AbstractQueuedSynchronizer$ConditionObject.await(AbstractQueuedSynchronizer.java:2039)&#10;        at java.util.concurrent.ArrayBlockingQueue.take(ArrayBlockingQueue.java:403)&#10;        at java.util.concurrent.ThreadPoolExecutor.getTask(ThreadPoolExecutor.java:1074)&#10;        at java.util.concurrent.ThreadPoolExecutor.runWorker(ThreadPoolExecutor.java:1134)&#10;        at java.util.concurrent.ThreadPoolExecutor$Worker.run(ThreadPoolExecutor.java:624)&#10;        at java.lang.Thread.run(Thread.java:748)&#10;&quot;IPC Server handler 17 on 39395&quot; daemon prio=5 tid=1708 timed_waiting&#10;java.lang.Thread.State: TIMED_WAITING&#10;        at sun.misc.Unsafe.park(Native Method)&#10;        at java.util.concurrent.locks.LockSupport.parkNanos(LockSupport.java:215)&#10;        at java.util.concurrent.locks.AbstractQueuedSynchronizer$ConditionObject.awaitNanos(AbstractQueuedSynchronizer.java:2078)&#10;        at java.util.concurrent.LinkedBlockingQueue.poll(LinkedBlockingQueue.java:467)&#10;        at org.apache.hadoop.ipc.CallQueueManager.take(CallQueueManager.java:288)&#10;        at org.apache.hadoop.ipc.Server$Handler.run(Server.java:2668)&#10;&quot;pool-196-thread-5&quot;  prio=5 tid=1998 in Object.wait()&#10;java.lang.Thread.State: WAITING (on object monitor)&#10;        at sun.misc.Unsafe.park(Native Method)&#10;        at java.util.concurrent.locks.LockSupport.park(LockSupport.java:175)&#10;        at java.util.concurrent.locks.AbstractQueuedSynchronizer$ConditionObject.await(AbstractQueuedSynchronizer.java:2039)&#10;        at java.util.concurrent.ArrayBlockingQueue.take(ArrayBlockingQueue.java:403)&#10;        at java.util.concurrent.ThreadPoolExecutor.getTask(ThreadPoolExecutor.java:1074)&#10;        at java.util.concurrent.ThreadPoolExecutor.runWorker(ThreadPoolExecutor.java:1134)&#10;        at java.util.concurrent.ThreadPoolExecutor$Worker.run(ThreadPoolExecutor.java:624)&#10;        at java.lang.Thread.run(Thread.java:748)&#10;&quot;pool-176-thread-38&quot;  prio=5 tid=1906 in Object.wait()&#10;java.lang.Thread.State: WAITING (on object monitor)&#10;        at sun.misc.Unsafe.park(Native Method)&#10;        at java.util.concurrent.locks.LockSupport.park(LockSupport.java:175)&#10;        at java.util.concurrent.locks.AbstractQueuedSynchronizer$ConditionObject.await(AbstractQueuedSynchronizer.java:2039)&#10;        at java.util.concurrent.ArrayBlockingQueue.take(ArrayBlockingQueue.java:403)&#10;        at java.util.concurrent.ThreadPoolExecutor.getTask(ThreadPoolExecutor.java:1074)&#10;        at java.util.concurrent.ThreadPoolExecutor.runWorker(ThreadPoolExecutor.java:1134)&#10;        at java.util.concurrent.ThreadPoolExecutor$Worker.run(ThreadPoolExecutor.java:624)&#10;        at java.lang.Thread.run(Thread.java:748)&#10;&quot;Datanode ReportManager Thread - 3&quot; daemon prio=5 tid=1837 timed_waiting&#10;java.lang.Thread.State: TIMED_WAITING&#10;        at sun.misc.Unsafe.park(Native Method)&#10;        at java.util.concurrent.locks.LockSupport.parkNanos(LockSupport.java:215)&#10;        at java.util.concurrent.locks.AbstractQueuedSynchronizer$ConditionObject.awaitNanos(AbstractQueuedSynchronizer.java:2078)&#10;        at java.util.concurrent.ScheduledThreadPoolExecutor$DelayedWorkQueue.take(ScheduledThreadPoolExecutor.java:1093)&#10;        at java.util.concurrent.ScheduledThreadPoolExecutor$DelayedWorkQueue.take(ScheduledThreadPoolExecutor.java:809)&#10;        at java.util.concurrent.ThreadPoolExecutor.getTask(ThreadPoolExecutor.java:1074)&#10;        at java.util.concurrent.ThreadPoolExecutor.runWorker(ThreadPoolExecutor.java:1134)&#10;        at java.util.concurrent.ThreadPoolExecutor$Worker.run(ThreadPoolExecutor.java:624)&#10;        at java.lang.Thread.run(Thread.java:748)&#10;&quot;IPC Server Responder&quot; daemon prio=5 tid=1667 runnable&#10;java.lang.Thread.State: RUNNABLE&#10;        at sun.nio.ch.EPollArrayWrapper.epollWait(Native Method)&#10;        at sun.nio.ch.EPollArrayWrapper.poll(EPollArrayWrapper.java:269)&#10;        at sun.nio.ch.EPollSelectorImpl.doSelect(EPollSelectorImpl.java:93)&#10;        at sun.nio.ch.SelectorImpl.lockAndDoSelect(SelectorImpl.java:86)&#10;        at sun.nio.ch.SelectorImpl.select(SelectorImpl.java:97)&#10;        at org.apache.hadoop.ipc.Server$Responder.doRunLoop(Server.java:1334)&#10;        at org.apache.hadoop.ipc.Server$Responder.run(Server.java:1317)&#10;&quot;pool-196-thread-33&quot;  prio=5 tid=2026 in Object.wait()&#10;java.lang.Thread.State: WAITING (on object monitor)&#10;        at sun.misc.Unsafe.park(Native Method)&#10;        at java.util.concurrent.locks.LockSupport.park(LockSupport.java:175)&#10;        at java.util.concurrent.locks.AbstractQueuedSynchronizer$ConditionObject.await(AbstractQueuedSynchronizer.java:2039)&#10;        at java.util.concurrent.ArrayBlockingQueue.take(ArrayBlockingQueue.java:403)&#10;        at java.util.concurrent.ThreadPoolExecutor.getTask(ThreadPoolExecutor.java:1074)&#10;        at java.util.concurrent.ThreadPoolExecutor.runWorker(ThreadPoolExecutor.java:1134)&#10;        at java.util.concurrent.ThreadPoolExecutor$Worker.run(ThreadPoolExecutor.java:624)&#10;        at java.lang.Thread.run(Thread.java:748)&#10;&quot;pool-196-thread-52&quot;  prio=5 tid=2045 in Object.wait()&#10;java.lang.Thread.State: WAITING (on object monitor)&#10;        at sun.misc.Unsafe.park(Native Method)&#10;        at java.util.concurrent.locks.LockSupport.park(LockSupport.java:175)&#10;        at java.util.concurrent.locks.AbstractQueuedSynchronizer$ConditionObject.await(AbstractQueuedSynchronizer.java:2039)&#10;        at java.util.concurrent.ArrayBlockingQueue.take(ArrayBlockingQueue.java:403)&#10;        at java.util.concurrent.ThreadPoolExecutor.getTask(ThreadPoolExecutor.java:1074)&#10;        at java.util.concurrent.ThreadPoolExecutor.runWorker(ThreadPoolExecutor.java:1134)&#10;        at java.util.concurrent.ThreadPoolExecutor$Worker.run(ThreadPoolExecutor.java:624)&#10;        at java.lang.Thread.run(Thread.java:748)&#10;&quot;pool-186-thread-9&quot;  prio=5 tid=1940 in Object.wait()&#10;java.lang.Thread.State: WAITING (on object monitor)&#10;        at sun.misc.Unsafe.park(Native Method)&#10;        at java.util.concurrent.locks.LockSupport.park(LockSupport.java:175)&#10;        at java.util.concurrent.locks.AbstractQueuedSynchronizer$ConditionObject.await(AbstractQueuedSynchronizer.java:2039)&#10;        at java.util.concurrent.ArrayBlockingQueue.take(ArrayBlockingQueue.java:403)&#10;        at java.util.concurrent.ThreadPoolExecutor.getTask(ThreadPoolExecutor.java:1074)&#10;        at java.util.concurrent.ThreadPoolExecutor.runWorker(ThreadPoolExecutor.java:1134)&#10;        at java.util.concurrent.ThreadPoolExecutor$Worker.run(ThreadPoolExecutor.java:624)&#10;        at java.lang.Thread.run(Thread.java:748)&#10;&quot;pool-176-thread-15&quot;  prio=5 tid=1883 in Object.wait()&#10;java.lang.Thread.State: WAITING (on object monitor)&#10;        at sun.misc.Unsafe.park(Native Method)&#10;        at java.util.concurrent.locks.LockSupport.park(LockSupport.java:175)&#10;        at java.util.concurrent.locks.AbstractQueuedSynchronizer$ConditionObject.await(AbstractQueuedSynchronizer.java:2039)&#10;        at java.util.concurrent.ArrayBlockingQueue.take(ArrayBlockingQueue.java:403)&#10;        at java.util.concurrent.ThreadPoolExecutor.getTask(ThreadPoolExecutor.java:1074)&#10;        at java.util.concurrent.ThreadPoolExecutor.runWorker(ThreadPoolExecutor.java:1134)&#10;        at java.util.concurrent.ThreadPoolExecutor$Worker.run(ThreadPoolExecutor.java:624)&#10;        at java.lang.Thread.run(Thread.java:748)&#10;&quot;pool-176-thread-33&quot;  prio=5 tid=1901 in Object.wait()&#10;java.lang.Thread.State: WAITING (on object monitor)&#10;        at sun.misc.Unsafe.park(Native Method)&#10;        at java.util.concurrent.locks.LockSupport.park(LockSupport.java:175)&#10;        at java.util.concurrent.locks.AbstractQueuedSynchronizer$ConditionObject.await(AbstractQueuedSynchronizer.java:2039)&#10;        at java.util.concurrent.ArrayBlockingQueue.take(ArrayBlockingQueue.java:403)&#10;        at java.util.concurrent.ThreadPoolExecutor.getTask(ThreadPoolExecutor.java:1074)&#10;        at java.util.concurrent.ThreadPoolExecutor.runWorker(ThreadPoolExecutor.java:1134)&#10;        at java.util.concurrent.ThreadPoolExecutor$Worker.run(ThreadPoolExecutor.java:624)&#10;        at java.lang.Thread.run(Thread.java:748)&#10;&quot;IPC Server handler 4 on 39395&quot; daemon prio=5 tid=1695 timed_waiting&#10;java.lang.Thread.State: TIMED_WAITING&#10;        at sun.misc.Unsafe.park(Native Method)&#10;        at java.util.concurrent.locks.LockSupport.parkNanos(LockSupport.java:215)&#10;        at java.util.concurrent.locks.AbstractQueuedSynchronizer$ConditionObject.awaitNanos(AbstractQueuedSynchronizer.java:2078)&#10;        at java.util.concurrent.LinkedBlockingQueue.poll(LinkedBlockingQueue.java:467)&#10;        at org.apache.hadoop.ipc.CallQueueManager.take(CallQueueManager.java:288)&#10;        at org.apache.hadoop.ipc.Server$Handler.run(Server.java:2668)&#10;&quot;qtp1635471455-1853&quot; daemon prio=5 tid=1853 timed_waiting&#10;java.lang.Thread.State: TIMED_WAITING&#10;        at sun.misc.Unsafe.park(Native Method)&#10;        at java.util.concurrent.locks.LockSupport.parkNanos(LockSupport.java:215)&#10;        at java.util.concurrent.locks.AbstractQueuedSynchronizer$ConditionObject.awaitNanos(AbstractQueuedSynchronizer.java:2078)&#10;        at org.eclipse.jetty.util.BlockingArrayQueue.poll(BlockingArrayQueue.java:392)&#10;        at org.eclipse.jetty.util.thread.QueuedThreadPool.idleJobPoll(QueuedThreadPool.java:563)&#10;        at org.eclipse.jetty.util.thread.QueuedThreadPool.access$800(QueuedThreadPool.java:48)&#10;        at org.eclipse.jetty.util.thread.QueuedThreadPool$2.run(QueuedThreadPool.java:626)&#10;        at java.lang.Thread.run(Thread.java:748)&#10;&quot;pool-176-thread-3&quot;  prio=5 tid=1871 in Object.wait()&#10;java.lang.Thread.State: WAITING (on object monitor)&#10;        at sun.misc.Unsafe.park(Native Method)&#10;        at java.util.concurrent.locks.LockSupport.park(LockSupport.java:175)&#10;        at java.util.concurrent.locks.AbstractQueuedSynchronizer$ConditionObject.await(AbstractQueuedSynchronizer.java:2039)&#10;        at java.util.concurrent.ArrayBlockingQueue.take(ArrayBlockingQueue.java:403)&#10;        at java.util.concurrent.ThreadPoolExecutor.getTask(ThreadPoolExecutor.java:1074)&#10;        at java.util.concurrent.ThreadPoolExecutor.runWorker(ThreadPoolExecutor.java:1134)&#10;        at java.util.concurrent.ThreadPoolExecutor$Worker.run(ThreadPoolExecutor.java:624)&#10;        at java.lang.Thread.run(Thread.java:748)&#10;&quot;pool-186-thread-30&quot;  prio=5 tid=1961 in Object.wait()&#10;java.lang.Thread.State: WAITING (on object monitor)&#10;        at sun.misc.Unsafe.park(Native Method)&#10;        at java.util.concurrent.locks.LockSupport.park(LockSupport.java:175)&#10;        at java.util.concurrent.locks.AbstractQueuedSynchronizer$ConditionObject.await(AbstractQueuedSynchronizer.java:2039)&#10;        at java.util.concurrent.ArrayBlockingQueue.take(ArrayBlockingQueue.java:403)&#10;        at java.util.concurrent.ThreadPoolExecutor.getTask(ThreadPoolExecutor.java:1074)&#10;        at java.util.concurrent.ThreadPoolExecutor.runWorker(ThreadPoolExecutor.java:1134)&#10;        at java.util.concurrent.ThreadPoolExecutor$Worker.run(ThreadPoolExecutor.java:624)&#10;        at java.lang.Thread.run(Thread.java:748)&#10;&quot;metrics-hadoop-metrics2-reporter-61-thread-1&quot; daemon prio=5 tid=1515 timed_waiting&#10;java.lang.Thread.State: TIMED_WAITING&#10;        at sun.misc.Unsafe.park(Native Method)&#10;        at java.util.concurrent.locks.LockSupport.parkNanos(LockSupport.java:215)&#10;        at java.util.concurrent.locks.AbstractQueuedSynchronizer$ConditionObject.awaitNanos(AbstractQueuedSynchronizer.java:2078)&#10;        at java.util.concurrent.ScheduledThreadPoolExecutor$DelayedWorkQueue.take(ScheduledThreadPoolExecutor.java:1093)&#10;        at java.util.concurrent.ScheduledThreadPoolExecutor$DelayedWorkQueue.take(ScheduledThreadPoolExecutor.java:809)&#10;        at java.util.concurrent.ThreadPoolExecutor.getTask(ThreadPoolExecutor.java:1074)&#10;        at java.util.concurrent.ThreadPoolExecutor.runWorker(ThreadPoolExecutor.java:1134)&#10;        at java.util.concurrent.ThreadPoolExecutor$Worker.run(ThreadPoolExecutor.java:624)&#10;        at java.lang.Thread.run(Thread.java:748)&#10;&quot;Datanode ReportManager Thread - 3&quot; daemon prio=5 tid=766 in Object.wait()&#10;java.lang.Thread.State: WAITING (on object monitor)&#10;        at sun.misc.Unsafe.park(Native Method)&#10;        at java.util.concurrent.locks.LockSupport.park(LockSupport.java:175)&#10;        at java.util.concurrent.locks.AbstractQueuedSynchronizer$ConditionObject.await(AbstractQueuedSynchronizer.java:2039)&#10;        at java.util.concurrent.ScheduledThreadPoolExecutor$DelayedWorkQueue.take(ScheduledThreadPoolExecutor.java:1088)&#10;        at java.util.concurrent.ScheduledThreadPoolExecutor$DelayedWorkQueue.take(ScheduledThreadPoolExecutor.java:809)&#10;        at java.util.concurrent.ThreadPoolExecutor.getTask(ThreadPoolExecutor.java:1074)&#10;        at java.util.concurrent.ThreadPoolExecutor.runWorker(ThreadPoolExecutor.java:1134)&#10;        at java.util.concurrent.ThreadPoolExecutor$Worker.run(ThreadPoolExecutor.java:624)&#10;        at java.lang.Thread.run(Thread.java:748)&#10;&quot;pool-196-thread-12&quot;  prio=5 tid=2005 in Object.wait()&#10;java.lang.Thread.State: WAITING (on object monitor)&#10;        at sun.misc.Unsafe.park(Native Method)&#10;        at java.util.concurrent.locks.LockSupport.park(LockSupport.java:175)&#10;        at java.util.concurrent.locks.AbstractQueuedSynchronizer$ConditionObject.await(AbstractQueuedSynchronizer.java:2039)&#10;        at java.util.concurrent.ArrayBlockingQueue.take(ArrayBlockingQueue.java:403)&#10;        at java.util.concurrent.ThreadPoolExecutor.getTask(ThreadPoolExecutor.java:1074)&#10;        at java.util.concurrent.ThreadPoolExecutor.runWorker(ThreadPoolExecutor.java:1134)&#10;        at java.util.concurrent.ThreadPoolExecutor$Worker.run(ThreadPoolExecutor.java:624)&#10;        at java.lang.Thread.run(Thread.java:748)&#10;&quot;metrics-hadoop-metrics2-reporter-54-thread-1&quot; daemon prio=5 tid=1059 timed_waiting&#10;java.lang.Thread.State: TIMED_WAITING&#10;        at sun.misc.Unsafe.park(Native Method)&#10;        at java.util.concurrent.locks.LockSupport.parkNanos(LockSupport.java:215)&#10;        at java.util.concurrent.locks.AbstractQueuedSynchronizer$ConditionObject.awaitNanos(AbstractQueuedSynchronizer.java:2078)&#10;        at java.util.concurrent.ScheduledThreadPoolExecutor$DelayedWorkQueue.take(ScheduledThreadPoolExecutor.java:1093)&#10;        at java.util.concurrent.ScheduledThreadPoolExecutor$DelayedWorkQueue.take(ScheduledThreadPoolExecutor.java:809)&#10;        at java.util.concurrent.ThreadPoolExecutor.getTask(ThreadPoolExecutor.java:1074)&#10;        at java.util.concurrent.ThreadPoolExecutor.runWorker(ThreadPoolExecutor.java:1134)&#10;        at java.util.concurrent.ThreadPoolExecutor$Worker.run(ThreadPoolExecutor.java:624)&#10;        at java.lang.Thread.run(Thread.java:748)&#10;&quot;pool-196-thread-39&quot;  prio=5 tid=2032 in Object.wait()&#10;java.lang.Thread.State: WAITING (on object monitor)&#10;        at sun.misc.Unsafe.park(Native Method)&#10;        at java.util.concurrent.locks.LockSupport.park(LockSupport.java:175)&#10;        at java.util.concurrent.locks.AbstractQueuedSynchronizer$ConditionObject.await(AbstractQueuedSynchronizer.java:2039)&#10;        at java.util.concurrent.ArrayBlockingQueue.take(ArrayBlockingQueue.java:403)&#10;        at java.util.concurrent.ThreadPoolExecutor.getTask(ThreadPoolExecutor.java:1074)&#10;        at java.util.concurrent.ThreadPoolExecutor.runWorker(ThreadPoolExecutor.java:1134)&#10;        at java.util.concurrent.ThreadPoolExecutor$Worker.run(ThreadPoolExecutor.java:624)&#10;        at java.lang.Thread.run(Thread.java:748)&#10;&quot;IPC Server handler 2 on 41111&quot; daemon prio=5 tid=1713 timed_waiting&#10;java.lang.Thread.State: TIMED_WAITING&#10;        at sun.misc.Unsafe.park(Native Method)&#10;        at java.util.concurrent.locks.LockSupport.parkNanos(LockSupport.java:215)&#10;        at java.util.concurrent.locks.AbstractQueuedSynchronizer$ConditionObject.awaitNanos(AbstractQueuedSynchronizer.java:2078)&#10;        at java.util.concurrent.LinkedBlockingQueue.poll(LinkedBlockingQueue.java:467)&#10;        at org.apache.hadoop.ipc.CallQueueManager.take(CallQueueManager.java:288)&#10;        at org.apache.hadoop.ipc.Server$Handler.run(Server.java:2668)&#10;&quot;IPC Server handler 17 on 41111&quot; daemon prio=5 tid=1728 timed_waiting&#10;java.lang.Thread.State: TIMED_WAITING&#10;        at sun.misc.Unsafe.park(Native Method)&#10;        at java.util.concurrent.locks.LockSupport.parkNanos(LockSupport.java:215)&#10;        at java.util.concurrent.locks.AbstractQueuedSynchronizer$ConditionObject.awaitNanos(AbstractQueuedSynchronizer.java:2078)&#10;        at java.util.concurrent.LinkedBlockingQueue.poll(LinkedBlockingQueue.java:467)&#10;        at org.apache.hadoop.ipc.CallQueueManager.take(CallQueueManager.java:288)&#10;        at org.apache.hadoop.ipc.Server$Handler.run(Server.java:2668)&#10;&quot;pool-180-thread-1&quot;  prio=5 tid=1794 timed_waiting&#10;java.lang.Thread.State: TIMED_WAITING&#10;        at sun.misc.Unsafe.park(Native Method)&#10;        at java.util.concurrent.locks.LockSupport.parkNanos(LockSupport.java:215)&#10;        at java.util.concurrent.locks.AbstractQueuedSynchronizer$ConditionObject.awaitNanos(AbstractQueuedSynchronizer.java:2078)&#10;        at java.util.concurrent.ScheduledThreadPoolExecutor$DelayedWorkQueue.take(ScheduledThreadPoolExecutor.java:1093)&#10;        at java.util.concurrent.ScheduledThreadPoolExecutor$DelayedWorkQueue.take(ScheduledThreadPoolExecutor.java:809)&#10;        at java.util.concurrent.ThreadPoolExecutor.getTask(ThreadPoolExecutor.java:1074)&#10;        at java.util.concurrent.ThreadPoolExecutor.runWorker(ThreadPoolExecutor.java:1134)&#10;        at java.util.concurrent.ThreadPoolExecutor$Worker.run(ThreadPoolExecutor.java:624)&#10;        at java.lang.Thread.run(Thread.java:748)&#10;&quot;metrics-hadoop-metrics2-reporter-69-thread-1&quot; daemon prio=5 tid=1540 timed_waiting&#10;java.lang.Thread.State: TIMED_WAITING&#10;        at sun.misc.Unsafe.park(Native Method)&#10;        at java.util.concurrent.locks.LockSupport.parkNanos(LockSupport.java:215)&#10;        at java.util.concurrent.locks.AbstractQueuedSynchronizer$ConditionObject.awaitNanos(AbstractQueuedSynchronizer.java:2078)&#10;        at java.util.concurrent.ScheduledThreadPoolExecutor$DelayedWorkQueue.take(ScheduledThreadPoolExecutor.java:1093)&#10;        at java.util.concurrent.ScheduledThreadPoolExecutor$DelayedWorkQueue.take(ScheduledThreadPoolExecutor.java:809)&#10;        at java.util.concurrent.ThreadPoolExecutor.getTask(ThreadPoolExecutor.java:1074)&#10;        at java.util.concurrent.ThreadPoolExecutor.runWorker(ThreadPoolExecutor.java:1134)&#10;        at java.util.concurrent.ThreadPoolExecutor$Worker.run(ThreadPoolExecutor.java:624)&#10;        at java.lang.Thread.run(Thread.java:748)&#10;&quot;pool-176-thread-55&quot;  prio=5 tid=1923 in Object.wait()&#10;java.lang.Thread.State: WAITING (on object monitor)&#10;        at sun.misc.Unsafe.park(Native Method)&#10;        at java.util.concurrent.locks.LockSupport.park(LockSupport.java:175)&#10;        at java.util.concurrent.locks.AbstractQueuedSynchronizer$ConditionObject.await(AbstractQueuedSynchronizer.java:2039)&#10;        at java.util.concurrent.ArrayBlockingQueue.take(ArrayBlockingQueue.java:403)&#10;        at java.util.concurrent.ThreadPoolExecutor.getTask(ThreadPoolExecutor.java:1074)&#10;        at java.util.concurrent.ThreadPoolExecutor.runWorker(ThreadPoolExecutor.java:1134)&#10;        at java.util.concurrent.ThreadPoolExecutor$Worker.run(ThreadPoolExecutor.java:624)&#10;        at java.lang.Thread.run(Thread.java:748)&#10;&quot;metrics-hadoop-metrics2-reporter-55-thread-1&quot; daemon prio=5 tid=1501 timed_waiting&#10;java.lang.Thread.State: TIMED_WAITING&#10;        at sun.misc.Unsafe.park(Native Method)&#10;        at java.util.concurrent.locks.LockSupport.parkNanos(LockSupport.java:215)&#10;        at java.util.concurrent.locks.AbstractQueuedSynchronizer$ConditionObject.awaitNanos(AbstractQueuedSynchronizer.java:2078)&#10;        at java.util.concurrent.ScheduledThreadPoolExecutor$DelayedWorkQueue.take(ScheduledThreadPoolExecutor.java:1093)&#10;        at java.util.concurrent.ScheduledThreadPoolExecutor$DelayedWorkQueue.take(ScheduledThreadPoolExecutor.java:809)&#10;        at java.util.concurrent.ThreadPoolExecutor.getTask(ThreadPoolExecutor.java:1074)&#10;        at java.util.concurrent.ThreadPoolExecutor.runWorker(ThreadPoolExecutor.java:1134)&#10;        at java.util.concurrent.ThreadPoolExecutor$Worker.run(ThreadPoolExecutor.java:624)&#10;        at java.lang.Thread.run(Thread.java:748)&#10;&quot;IPC Server handler 11 on 46187&quot; daemon prio=5 tid=1766 timed_waiting&#10;java.lang.Thread.State: TIMED_WAITING&#10;        at sun.misc.Unsafe.park(Native Method)&#10;        at java.util.concurrent.locks.LockSupport.parkNanos(LockSupport.java:215)&#10;        at java.util.concurrent.locks.AbstractQueuedSynchronizer$ConditionObject.awaitNanos(AbstractQueuedSynchronizer.java:2078)&#10;        at java.util.concurrent.LinkedBlockingQueue.poll(LinkedBlockingQueue.java:467)&#10;        at org.apache.hadoop.ipc.CallQueueManager.take(CallQueueManager.java:288)&#10;        at org.apache.hadoop.ipc.Server$Handler.run(Server.java:2668)&#10;&quot;org.apache.hadoop.util.JvmPauseMonitor$Monitor@23101bcf&quot; daemon prio=5 tid=1812 timed_waiting&#10;java.lang.Thread.State: TIMED_WAITING&#10;        at java.lang.Thread.sleep(Native Method)&#10;        at org.apache.hadoop.util.JvmPauseMonitor$Monitor.run(JvmPauseMonitor.java:192)&#10;        at java.lang.Thread.run(Thread.java:748)&#10;&quot;pool-176-thread-2&quot;  prio=5 tid=1870 in Object.wait()&#10;java.lang.Thread.State: WAITING (on object monitor)&#10;        at sun.misc.Unsafe.park(Native Method)&#10;        at java.util.concurrent.locks.LockSupport.park(LockSupport.java:175)&#10;        at java.util.concurrent.locks.AbstractQueuedSynchronizer$ConditionObject.await(AbstractQueuedSynchronizer.java:2039)&#10;        at java.util.concurrent.ArrayBlockingQueue.take(ArrayBlockingQueue.java:403)&#10;        at java.util.concurrent.ThreadPoolExecutor.getTask(ThreadPoolExecutor.java:1074)&#10;        at java.util.concurrent.ThreadPoolExecutor.runWorker(ThreadPoolExecutor.java:1134)&#10;        at java.util.concurrent.ThreadPoolExecutor$Worker.run(ThreadPoolExecutor.java:624)&#10;        at java.lang.Thread.run(Thread.java:748)&#10;&quot;pool-176-thread-1&quot;  prio=5 tid=1869 in Object.wait()&#10;java.lang.Thread.State: WAITING (on object monitor)&#10;        at sun.misc.Unsafe.park(Native Method)&#10;        at java.util.concurrent.locks.LockSupport.park(LockSupport.java:175)&#10;        at java.util.concurrent.locks.AbstractQueuedSynchronizer$ConditionObject.await(AbstractQueuedSynchronizer.java:2039)&#10;        at java.util.concurrent.ArrayBlockingQueue.take(ArrayBlockingQueue.java:403)&#10;        at java.util.concurrent.ThreadPoolExecutor.getTask(ThreadPoolExecutor.java:1074)&#10;        at java.util.concurrent.ThreadPoolExecutor.runWorker(ThreadPoolExecutor.java:1134)&#10;        at java.util.concurrent.ThreadPoolExecutor$Worker.run(ThreadPoolExecutor.java:624)&#10;        at java.lang.Thread.run(Thread.java:748)&#10;&quot;pool-186-thread-26&quot;  prio=5 tid=1957 in Object.wait()&#10;java.lang.Thread.State: WAITING (on object monitor)&#10;        at sun.misc.Unsafe.park(Native Method)&#10;        at java.util.concurrent.locks.LockSupport.park(LockSupport.java:175)&#10;        at java.util.concurrent.locks.AbstractQueuedSynchronizer$ConditionObject.await(AbstractQueuedSynchronizer.java:2039)&#10;        at java.util.concurrent.ArrayBlockingQueue.take(ArrayBlockingQueue.java:403)&#10;        at java.util.concurrent.ThreadPoolExecutor.getTask(ThreadPoolExecutor.java:1074)&#10;        at java.util.concurrent.ThreadPoolExecutor.runWorker(ThreadPoolExecutor.java:1134)&#10;        at java.util.concurrent.ThreadPoolExecutor$Worker.run(ThreadPoolExecutor.java:624)&#10;        at java.lang.Thread.run(Thread.java:748)&#10;&quot;Datanode ReportManager Thread - 3&quot; daemon prio=5 tid=1294 in Object.wait()&#10;java.lang.Thread.State: WAITING (on object monitor)&#10;        at sun.misc.Unsafe.park(Native Method)&#10;        at java.util.concurrent.locks.LockSupport.park(LockSupport.java:175)&#10;        at java.util.concurrent.locks.AbstractQueuedSynchronizer$ConditionObject.await(AbstractQueuedSynchronizer.java:2039)&#10;        at java.util.concurrent.ScheduledThreadPoolExecutor$DelayedWorkQueue.take(ScheduledThreadPoolExecutor.java:1088)&#10;        at java.util.concurrent.ScheduledThreadPoolExecutor$DelayedWorkQueue.take(ScheduledThreadPoolExecutor.java:809)&#10;        at java.util.concurrent.ThreadPoolExecutor.getTask(ThreadPoolExecutor.java:1074)&#10;        at java.util.concurrent.ThreadPoolExecutor.runWorker(ThreadPoolExecutor.java:1134)&#10;        at java.util.concurrent.ThreadPoolExecutor$Worker.run(ThreadPoolExecutor.java:624)&#10;        at java.lang.Thread.run(Thread.java:748)&#10;&quot;PartialTableCache Cleanup Thread - 0&quot; daemon prio=5 tid=1641 in Object.wait()&#10;java.lang.Thread.State: WAITING (on object monitor)&#10;        at sun.misc.Unsafe.park(Native Method)&#10;        at java.util.concurrent.locks.LockSupport.park(LockSupport.java:175)&#10;        at java.util.concurrent.locks.AbstractQueuedSynchronizer$ConditionObject.await(AbstractQueuedSynchronizer.java:2039)&#10;        at java.util.concurrent.LinkedBlockingQueue.take(LinkedBlockingQueue.java:442)&#10;        at java.util.concurrent.ThreadPoolExecutor.getTask(ThreadPoolExecutor.java:1074)&#10;        at java.util.concurrent.ThreadPoolExecutor.runWorker(ThreadPoolExecutor.java:1134)&#10;        at java.util.concurrent.ThreadPoolExecutor$Worker.run(ThreadPoolExecutor.java:624)&#10;        at java.lang.Thread.run(Thread.java:748)&#10;&quot;pool-196-thread-26&quot;  prio=5 tid=2019 in Object.wait()&#10;java.lang.Thread.State: WAITING (on object monitor)&#10;        at sun.misc.Unsafe.park(Native Method)&#10;        at java.util.concurrent.locks.LockSupport.park(LockSupport.java:175)&#10;        at java.util.concurrent.locks.AbstractQueuedSynchronizer$ConditionObject.await(AbstractQueuedSynchronizer.java:2039)&#10;        at java.util.concurrent.ArrayBlockingQueue.take(ArrayBlockingQueue.java:403)&#10;        at java.util.concurrent.ThreadPoolExecutor.getTask(ThreadPoolExecutor.java:1074)&#10;        at java.util.concurrent.ThreadPoolExecutor.runWorker(ThreadPoolExecutor.java:1134)&#10;        at java.util.concurrent.ThreadPoolExecutor$Worker.run(ThreadPoolExecutor.java:624)&#10;        at java.lang.Thread.run(Thread.java:748)&#10;&quot;metrics-hadoop-metrics2-reporter-87-thread-1&quot; daemon prio=5 tid=2084 timed_waiting&#10;java.lang.Thread.State: TIMED_WAITING&#10;        at sun.misc.Unsafe.park(Native Method)&#10;        at java.util.concurrent.locks.LockSupport.parkNanos(LockSupport.java:215)&#10;        at java.util.concurrent.locks.AbstractQueuedSynchronizer$ConditionObject.awaitNanos(AbstractQueuedSynchronizer.java:2078)&#10;        at java.util.concurrent.ScheduledThreadPoolExecutor$DelayedWorkQueue.take(ScheduledThreadPoolExecutor.java:1093)&#10;        at java.util.concurrent.ScheduledThreadPoolExecutor$DelayedWorkQueue.take(ScheduledThreadPoolExecutor.java:809)&#10;        at java.util.concurrent.ThreadPoolExecutor.getTask(ThreadPoolExecutor.java:1074)&#10;        at java.util.concurrent.ThreadPoolExecutor.runWorker(ThreadPoolExecutor.java:1134)&#10;        at java.util.concurrent.ThreadPoolExecutor$Worker.run(ThreadPoolExecutor.java:624)&#10;        at java.lang.Thread.run(Thread.java:748)&#10;&quot;Timer-4&quot;  prio=5 tid=1752 timed_waiting&#10;java.lang.Thread.State: TIMED_WAITING&#10;        at java.lang.Object.wait(Native Method)&#10;        at java.util.TimerThread.mainLoop(Timer.java:552)&#10;        at java.util.TimerThread.run(Timer.java:505)&#10;&quot;metrics-hadoop-metrics2-reporter-102-thread-1&quot; daemon prio=5 tid=2125 timed_waiting&#10;java.lang.Thread.State: TIMED_WAITING&#10;        at sun.misc.Unsafe.park(Native Method)&#10;        at java.util.concurrent.locks.LockSupport.parkNanos(LockSupport.java:215)&#10;        at java.util.concurrent.locks.AbstractQueuedSynchronizer$ConditionObject.awaitNanos(AbstractQueuedSynchronizer.java:2078)&#10;        at java.util.concurrent.ScheduledThreadPoolExecutor$DelayedWorkQueue.take(ScheduledThreadPoolExecutor.java:1093)&#10;        at java.util.concurrent.ScheduledThreadPoolExecutor$DelayedWorkQueue.take(ScheduledThreadPoolExecutor.java:809)&#10;        at java.util.concurrent.ThreadPoolExecutor.getTask(ThreadPoolExecutor.java:1074)&#10;        at java.util.concurrent.ThreadPoolExecutor.runWorker(ThreadPoolExecutor.java:1134)&#10;        at java.util.concurrent.ThreadPoolExecutor$Worker.run(ThreadPoolExecutor.java:624)&#10;        at java.lang.Thread.run(Thread.java:748)&#10;&quot;grpc-default-worker-ELG-9-3&quot; daemon prio=5 tid=2068 runnable&#10;java.lang.Thread.State: RUNNABLE&#10;        at sun.nio.ch.EPollArrayWrapper.epollWait(Native Method)&#10;        at sun.nio.ch.EPollArrayWrapper.poll(EPollArrayWrapper.java:269)&#10;        at sun.nio.ch.EPollSelectorImpl.doSelect(EPollSelectorImpl.java:93)&#10;        at sun.nio.ch.SelectorImpl.lockAndDoSelect(SelectorImpl.java:86)&#10;        at sun.nio.ch.SelectorImpl.select(SelectorImpl.java:97)&#10;        at org.apache.ratis.thirdparty.io.netty.channel.nio.SelectedSelectionKeySetSelector.select(SelectedSelectionKeySetSelector.java:62)&#10;        at org.apache.ratis.thirdparty.io.netty.channel.nio.NioEventLoop.select(NioEventLoop.java:753)&#10;        at org.apache.ratis.thirdparty.io.netty.channel.nio.NioEventLoop.run(NioEventLoop.java:408)&#10;        at org.apache.ratis.thirdparty.io.netty.util.concurrent.SingleThreadEventExecutor$5.run(SingleThreadEventExecutor.java:897)&#10;        at org.apache.ratis.thirdparty.io.netty.util.concurrent.FastThreadLocalRunnable.run(FastThreadLocalRunnable.java:30)&#10;        at java.lang.Thread.run(Thread.java:748)&#10;&#10;" type="java.util.concurrent.TimeoutException">java.util.concurrent.TimeoutException: 
Timed out waiting for condition. Thread diagnostics:
Timestamp: 2019-10-17 08:29:14,559

"qtp1314460166-1827" daemon prio=5 tid=1827 timed_waiting
java.lang.Thread.State: TIMED_WAITING
        at sun.misc.Unsafe.park(Native Method)
        at java.util.concurrent.locks.LockSupport.parkNanos(LockSupport.java:215)
        at java.util.concurrent.locks.AbstractQueuedSynchronizer$ConditionObject.awaitNanos(AbstractQueuedSynchronizer.java:2078)
        at org.eclipse.jetty.util.BlockingArrayQueue.poll(BlockingArrayQueue.java:392)
        at org.eclipse.jetty.util.thread.QueuedThreadPool.idleJobPoll(QueuedThreadPool.java:563)
        at org.eclipse.jetty.util.thread.QueuedThreadPool.access$800(QueuedThreadPool.java:48)
        at org.eclipse.jetty.util.thread.QueuedThreadPool$2.run(QueuedThreadPool.java:626)
        at java.lang.Thread.run(Thread.java:748)
"IPC Server handler 9 on 41111" daemon prio=5 tid=1720 timed_waiting
java.lang.Thread.State: TIMED_WAITING
        at sun.misc.Unsafe.park(Native Method)
        at java.util.concurrent.locks.LockSupport.parkNanos(LockSupport.java:215)
        at java.util.concurrent.locks.AbstractQueuedSynchronizer$ConditionObject.awaitNanos(AbstractQueuedSynchronizer.java:2078)
        at java.util.concurrent.LinkedBlockingQueue.poll(LinkedBlockingQueue.java:467)
        at org.apache.hadoop.ipc.CallQueueManager.take(CallQueueManager.java:288)
        at org.apache.hadoop.ipc.Server$Handler.run(Server.java:2668)
"metrics-hadoop-metrics2-reporter-82-thread-1" daemon prio=5 tid=2071 timed_waiting
java.lang.Thread.State: TIMED_WAITING
        at sun.misc.Unsafe.park(Native Method)
        at java.util.concurrent.locks.LockSupport.parkNanos(LockSupport.java:215)
        at java.util.concurrent.locks.AbstractQueuedSynchronizer$ConditionObject.awaitNanos(AbstractQueuedSynchronizer.java:2078)
        at java.util.concurrent.ScheduledThreadPoolExecutor$DelayedWorkQueue.take(ScheduledThreadPoolExecutor.java:1093)
        at java.util.concurrent.ScheduledThreadPoolExecutor$DelayedWorkQueue.take(ScheduledThreadPoolExecutor.java:809)
        at java.util.concurrent.ThreadPoolExecutor.getTask(ThreadPoolExecutor.java:1074)
        at java.util.concurrent.ThreadPoolExecutor.runWorker(ThreadPoolExecutor.java:1134)
        at java.util.concurrent.ThreadPoolExecutor$Worker.run(ThreadPoolExecutor.java:624)
        at java.lang.Thread.run(Thread.java:748)
"pool-176-thread-45"  prio=5 tid=1913 in Object.wait()
java.lang.Thread.State: WAITING (on object monitor)
        at sun.misc.Unsafe.park(Native Method)
        at java.util.concurrent.locks.LockSupport.park(LockSupport.java:175)
        at java.util.concurrent.locks.AbstractQueuedSynchronizer$ConditionObject.await(AbstractQueuedSynchronizer.java:2039)
        at java.util.concurrent.ArrayBlockingQueue.take(ArrayBlockingQueue.java:403)
        at java.util.concurrent.ThreadPoolExecutor.getTask(ThreadPoolExecutor.java:1074)
        at java.util.concurrent.ThreadPoolExecutor.runWorker(ThreadPoolExecutor.java:1134)
        at java.util.concurrent.ThreadPoolExecutor$Worker.run(ThreadPoolExecutor.java:624)
        at java.lang.Thread.run(Thread.java:748)
"PartialTableCache Cleanup Thread - 0" daemon prio=5 tid=541 in Object.wait()
java.lang.Thread.State: WAITING (on object monitor)
        at sun.misc.Unsafe.park(Native Method)
        at java.util.concurrent.locks.LockSupport.park(LockSupport.java:175)
        at java.util.concurrent.locks.AbstractQueuedSynchronizer$ConditionObject.await(AbstractQueuedSynchronizer.java:2039)
        at java.util.concurrent.LinkedBlockingQueue.take(LinkedBlockingQueue.java:442)
        at java.util.concurrent.ThreadPoolExecutor.getTask(ThreadPoolExecutor.java:1074)
        at java.util.concurrent.ThreadPoolExecutor.runWorker(ThreadPoolExecutor.java:1134)
        at java.util.concurrent.ThreadPoolExecutor$Worker.run(ThreadPoolExecutor.java:624)
        at java.lang.Thread.run(Thread.java:748)
"qtp1635471455-1849" daemon prio=5 tid=1849 runnable
java.lang.Thread.State: RUNNABLE
        at sun.nio.ch.EPollArrayWrapper.epollWait(Native Method)
        at sun.nio.ch.EPollArrayWrapper.poll(EPollArrayWrapper.java:269)
        at sun.nio.ch.EPollSelectorImpl.doSelect(EPollSelectorImpl.java:93)
        at sun.nio.ch.SelectorImpl.lockAndDoSelect(SelectorImpl.java:86)
        at sun.nio.ch.SelectorImpl.select(SelectorImpl.java:97)
        at sun.nio.ch.SelectorImpl.select(SelectorImpl.java:101)
        at org.eclipse.jetty.io.ManagedSelector$SelectorProducer.select(ManagedSelector.java:243)
        at org.eclipse.jetty.io.ManagedSelector$SelectorProducer.produce(ManagedSelector.java:191)
        at org.eclipse.jetty.util.thread.strategy.ExecuteProduceConsume.executeProduceConsume(ExecuteProduceConsume.java:249)
        at org.eclipse.jetty.util.thread.strategy.ExecuteProduceConsume.produceConsume(ExecuteProduceConsume.java:148)
        at org.eclipse.jetty.util.thread.strategy.ExecuteProduceConsume.execute(ExecuteProduceConsume.java:100)
        at org.eclipse.jetty.io.ManagedSelector.run(ManagedSelector.java:147)
        at org.eclipse.jetty.util.thread.QueuedThreadPool.runJob(QueuedThreadPool.java:671)
        at org.eclipse.jetty.util.thread.QueuedThreadPool$2.run(QueuedThreadPool.java:589)
        at java.lang.Thread.run(Thread.java:748)
"pool-186-thread-13"  prio=5 tid=1944 in Object.wait()
java.lang.Thread.State: WAITING (on object monitor)
        at sun.misc.Unsafe.park(Native Method)
        at java.util.concurrent.locks.LockSupport.park(LockSupport.java:175)
        at java.util.concurrent.locks.AbstractQueuedSynchronizer$ConditionObject.await(AbstractQueuedSynchronizer.java:2039)
        at java.util.concurrent.ArrayBlockingQueue.take(ArrayBlockingQueue.java:403)
        at java.util.concurrent.ThreadPoolExecutor.getTask(ThreadPoolExecutor.java:1074)
        at java.util.concurrent.ThreadPoolExecutor.runWorker(ThreadPoolExecutor.java:1134)
        at java.util.concurrent.ThreadPoolExecutor$Worker.run(ThreadPoolExecutor.java:624)
        at java.lang.Thread.run(Thread.java:748)
"metrics-hadoop-metrics2-reporter-45-thread-1" daemon prio=5 tid=1021 timed_waiting
java.lang.Thread.State: TIMED_WAITING
        at sun.misc.Unsafe.park(Native Method)
        at java.util.concurrent.locks.LockSupport.parkNanos(LockSupport.java:215)
        at java.util.concurrent.locks.AbstractQueuedSynchronizer$ConditionObject.awaitNanos(AbstractQueuedSynchronizer.java:2078)
        at java.util.concurrent.ScheduledThreadPoolExecutor$DelayedWorkQueue.take(ScheduledThreadPoolExecutor.java:1093)
        at java.util.concurrent.ScheduledThreadPoolExecutor$DelayedWorkQueue.take(ScheduledThreadPoolExecutor.java:809)
        at java.util.concurrent.ThreadPoolExecutor.getTask(ThreadPoolExecutor.java:1074)
        at java.util.concurrent.ThreadPoolExecutor.runWorker(ThreadPoolExecutor.java:1134)
        at java.util.concurrent.ThreadPoolExecutor$Worker.run(ThreadPoolExecutor.java:624)
        at java.lang.Thread.run(Thread.java:748)
"metrics-hadoop-metrics2-reporter-64-thread-1" daemon prio=5 tid=1525 timed_waiting
java.lang.Thread.State: TIMED_WAITING
        at sun.misc.Unsafe.park(Native Method)
        at java.util.concurrent.locks.LockSupport.parkNanos(LockSupport.java:215)
        at java.util.concurrent.locks.AbstractQueuedSynchronizer$ConditionObject.awaitNanos(AbstractQueuedSynchronizer.java:2078)
        at java.util.concurrent.ScheduledThreadPoolExecutor$DelayedWorkQueue.take(ScheduledThreadPoolExecutor.java:1093)
        at java.util.concurrent.ScheduledThreadPoolExecutor$DelayedWorkQueue.take(ScheduledThreadPoolExecutor.java:809)
        at java.util.concurrent.ThreadPoolExecutor.getTask(ThreadPoolExecutor.java:1074)
        at java.util.concurrent.ThreadPoolExecutor.runWorker(ThreadPoolExecutor.java:1134)
        at java.util.concurrent.ThreadPoolExecutor$Worker.run(ThreadPoolExecutor.java:624)
        at java.lang.Thread.run(Thread.java:748)
"qtp1145772033-1732-acceptor-0@66d51b20-ServerConnector@167f1d03{HTTP/1.1,[http/1.1]}{0.0.0.0:33076}" daemon prio=3 tid=1732 runnable
java.lang.Thread.State: RUNNABLE
        at sun.nio.ch.ServerSocketChannelImpl.accept0(Native Method)
        at sun.nio.ch.ServerSocketChannelImpl.accept(ServerSocketChannelImpl.java:422)
        at sun.nio.ch.ServerSocketChannelImpl.accept(ServerSocketChannelImpl.java:250)
        at org.eclipse.jetty.server.ServerConnector.accept(ServerConnector.java:397)
        at org.eclipse.jetty.server.AbstractConnector$Acceptor.run(AbstractConnector.java:601)
        at org.eclipse.jetty.util.thread.QueuedThreadPool.runJob(QueuedThreadPool.java:671)
        at org.eclipse.jetty.util.thread.QueuedThreadPool$2.run(QueuedThreadPool.java:589)
        at java.lang.Thread.run(Thread.java:748)
"pool-176-thread-56"  prio=5 tid=1924 in Object.wait()
java.lang.Thread.State: WAITING (on object monitor)
        at sun.misc.Unsafe.park(Native Method)
        at java.util.concurrent.locks.LockSupport.park(LockSupport.java:175)
        at java.util.concurrent.locks.AbstractQueuedSynchronizer$ConditionObject.await(AbstractQueuedSynchronizer.java:2039)
        at java.util.concurrent.ArrayBlockingQueue.take(ArrayBlockingQueue.java:403)
        at java.util.concurrent.ThreadPoolExecutor.getTask(ThreadPoolExecutor.java:1074)
        at java.util.concurrent.ThreadPoolExecutor.runWorker(ThreadPoolExecutor.java:1134)
        at java.util.concurrent.ThreadPoolExecutor$Worker.run(ThreadPoolExecutor.java:624)
        at java.lang.Thread.run(Thread.java:748)
"Periodic HDDS volume checker"  prio=5 tid=1788 timed_waiting
java.lang.Thread.State: TIMED_WAITING
        at sun.misc.Unsafe.park(Native Method)
        at java.util.concurrent.locks.LockSupport.parkNanos(LockSupport.java:215)
        at java.util.concurrent.locks.AbstractQueuedSynchronizer$ConditionObject.awaitNanos(AbstractQueuedSynchronizer.java:2078)
        at java.util.concurrent.ScheduledThreadPoolExecutor$DelayedWorkQueue.take(ScheduledThreadPoolExecutor.java:1093)
        at java.util.concurrent.ScheduledThreadPoolExecutor$DelayedWorkQueue.take(ScheduledThreadPoolExecutor.java:809)
        at java.util.concurrent.ThreadPoolExecutor.getTask(ThreadPoolExecutor.java:1074)
        at java.util.concurrent.ThreadPoolExecutor.runWorker(ThreadPoolExecutor.java:1134)
        at java.util.concurrent.ThreadPoolExecutor$Worker.run(ThreadPoolExecutor.java:624)
        at java.lang.Thread.run(Thread.java:748)
"metrics-hadoop-metrics2-reporter-42-thread-1" daemon prio=5 tid=1013 timed_waiting
java.lang.Thread.State: TIMED_WAITING
        at sun.misc.Unsafe.park(Native Method)
        at java.util.concurrent.locks.LockSupport.parkNanos(LockSupport.java:215)
        at java.util.concurrent.locks.AbstractQueuedSynchronizer$ConditionObject.awaitNanos(AbstractQueuedSynchronizer.java:2078)
        at java.util.concurrent.ScheduledThreadPoolExecutor$DelayedWorkQueue.take(ScheduledThreadPoolExecutor.java:1093)
        at java.util.concurrent.ScheduledThreadPoolExecutor$DelayedWorkQueue.take(ScheduledThreadPoolExecutor.java:809)
        at java.util.concurrent.ThreadPoolExecutor.getTask(ThreadPoolExecutor.java:1074)
        at java.util.concurrent.ThreadPoolExecutor.runWorker(ThreadPoolExecutor.java:1134)
        at java.util.concurrent.ThreadPoolExecutor$Worker.run(ThreadPoolExecutor.java:624)
        at java.lang.Thread.run(Thread.java:748)
"pool-176-thread-4"  prio=5 tid=1872 in Object.wait()
java.lang.Thread.State: WAITING (on object monitor)
        at sun.misc.Unsafe.park(Native Method)
        at java.util.concurrent.locks.LockSupport.park(LockSupport.java:175)
        at java.util.concurrent.locks.AbstractQueuedSynchronizer$ConditionObject.await(AbstractQueuedSynchronizer.java:2039)
        at java.util.concurrent.ArrayBlockingQueue.take(ArrayBlockingQueue.java:403)
        at java.util.concurrent.ThreadPoolExecutor.getTask(ThreadPoolExecutor.java:1074)
        at java.util.concurrent.ThreadPoolExecutor.runWorker(ThreadPoolExecutor.java:1134)
        at java.util.concurrent.ThreadPoolExecutor$Worker.run(ThreadPoolExecutor.java:624)
        at java.lang.Thread.run(Thread.java:748)
"metrics-hadoop-metrics2-reporter-34-thread-1" daemon prio=5 tid=988 timed_waiting
java.lang.Thread.State: TIMED_WAITING
        at sun.misc.Unsafe.park(Native Method)
        at java.util.concurrent.locks.LockSupport.parkNanos(LockSupport.java:215)
        at java.util.concurrent.locks.AbstractQueuedSynchronizer$ConditionObject.awaitNanos(AbstractQueuedSynchronizer.java:2078)
        at java.util.concurrent.ScheduledThreadPoolExecutor$DelayedWorkQueue.take(ScheduledThreadPoolExecutor.java:1093)
        at java.util.concurrent.ScheduledThreadPoolExecutor$DelayedWorkQueue.take(ScheduledThreadPoolExecutor.java:809)
        at java.util.concurrent.ThreadPoolExecutor.getTask(ThreadPoolExecutor.java:1074)
        at java.util.concurrent.ThreadPoolExecutor.runWorker(ThreadPoolExecutor.java:1134)
        at java.util.concurrent.ThreadPoolExecutor$Worker.run(ThreadPoolExecutor.java:624)
        at java.lang.Thread.run(Thread.java:748)
"Datanode ReportManager Thread - 2" daemon prio=5 tid=1266 in Object.wait()
java.lang.Thread.State: WAITING (on object monitor)
        at sun.misc.Unsafe.park(Native Method)
        at java.util.concurrent.locks.LockSupport.park(LockSupport.java:175)
        at java.util.concurrent.locks.AbstractQueuedSynchronizer$ConditionObject.await(AbstractQueuedSynchronizer.java:2039)
        at java.util.concurrent.ScheduledThreadPoolExecutor$DelayedWorkQueue.take(ScheduledThreadPoolExecutor.java:1088)
        at java.util.concurrent.ScheduledThreadPoolExecutor$DelayedWorkQueue.take(ScheduledThreadPoolExecutor.java:809)
        at java.util.concurrent.ThreadPoolExecutor.getTask(ThreadPoolExecutor.java:1074)
        at java.util.concurrent.ThreadPoolExecutor.runWorker(ThreadPoolExecutor.java:1134)
        at java.util.concurrent.ThreadPoolExecutor$Worker.run(ThreadPoolExecutor.java:624)
        at java.lang.Thread.run(Thread.java:748)
"Thread-3229" daemon prio=5 tid=4427 terminated
java.lang.Thread.State: TERMINATED
        at java.lang.Thread.sleep(Native Method)
        at org.apache.ratis.util.JavaUtils.sleep(JavaUtils.java:247)
        at org.apache.ratis.server.impl.FollowerState.run(FollowerState.java:97)
"Reference Handler" daemon prio=10 tid=2 in Object.wait()
java.lang.Thread.State: WAITING (on object monitor)
        at java.lang.Object.wait(Native Method)
        at java.lang.Object.wait(Object.java:502)
        at java.lang.ref.Reference.tryHandlePending(Reference.java:191)
        at java.lang.ref.Reference$ReferenceHandler.run(Reference.java:153)
"metrics-hadoop-metrics2-reporter-106-thread-1" daemon prio=5 tid=2253 timed_waiting
java.lang.Thread.State: TIMED_WAITING
        at sun.misc.Unsafe.park(Native Method)
        at java.util.concurrent.locks.LockSupport.parkNanos(LockSupport.java:215)
        at java.util.concurrent.locks.AbstractQueuedSynchronizer$ConditionObject.awaitNanos(AbstractQueuedSynchronizer.java:2078)
        at java.util.concurrent.ScheduledThreadPoolExecutor$DelayedWorkQueue.take(ScheduledThreadPoolExecutor.java:1093)
        at java.util.concurrent.ScheduledThreadPoolExecutor$DelayedWorkQueue.take(ScheduledThreadPoolExecutor.java:809)
        at java.util.concurrent.ThreadPoolExecutor.getTask(ThreadPoolExecutor.java:1074)
        at java.util.concurrent.ThreadPoolExecutor.runWorker(ThreadPoolExecutor.java:1134)
        at java.util.concurrent.ThreadPoolExecutor$Worker.run(ThreadPoolExecutor.java:624)
        at java.lang.Thread.run(Thread.java:748)
"metrics-hadoop-metrics2-reporter-40-thread-1" daemon prio=5 tid=1002 timed_waiting
java.lang.Thread.State: TIMED_WAITING
        at sun.misc.Unsafe.park(Native Method)
        at java.util.concurrent.locks.LockSupport.parkNanos(LockSupport.java:215)
        at java.util.concurrent.locks.AbstractQueuedSynchronizer$ConditionObject.awaitNanos(AbstractQueuedSynchronizer.java:2078)
        at java.util.concurrent.ScheduledThreadPoolExecutor$DelayedWorkQueue.take(ScheduledThreadPoolExecutor.java:1093)
        at java.util.concurrent.ScheduledThreadPoolExecutor$DelayedWorkQueue.take(ScheduledThreadPoolExecutor.java:809)
        at java.util.concurrent.ThreadPoolExecutor.getTask(ThreadPoolExecutor.java:1074)
        at java.util.concurrent.ThreadPoolExecutor.runWorker(ThreadPoolExecutor.java:1134)
        at java.util.concurrent.ThreadPoolExecutor$Worker.run(ThreadPoolExecutor.java:624)
        at java.lang.Thread.run(Thread.java:748)
"pool-186-thread-19"  prio=5 tid=1950 in Object.wait()
java.lang.Thread.State: WAITING (on object monitor)
        at sun.misc.Unsafe.park(Native Method)
        at java.util.concurrent.locks.LockSupport.park(LockSupport.java:175)
        at java.util.concurrent.locks.AbstractQueuedSynchronizer$ConditionObject.await(AbstractQueuedSynchronizer.java:2039)
        at java.util.concurrent.ArrayBlockingQueue.take(ArrayBlockingQueue.java:403)
        at java.util.concurrent.ThreadPoolExecutor.getTask(ThreadPoolExecutor.java:1074)
        at java.util.concurrent.ThreadPoolExecutor.runWorker(ThreadPoolExecutor.java:1134)
        at java.util.concurrent.ThreadPoolExecutor$Worker.run(ThreadPoolExecutor.java:624)
        at java.lang.Thread.run(Thread.java:748)
"org.eclipse.jetty.server.session.HashSessionManager@22ede43Timer" daemon prio=5 tid=1739 timed_waiting
java.lang.Thread.State: TIMED_WAITING
        at sun.misc.Unsafe.park(Native Method)
        at java.util.concurrent.locks.LockSupport.parkNanos(LockSupport.java:215)
        at java.util.concurrent.locks.AbstractQueuedSynchronizer$ConditionObject.awaitNanos(AbstractQueuedSynchronizer.java:2078)
        at java.util.concurrent.ScheduledThreadPoolExecutor$DelayedWorkQueue.take(ScheduledThreadPoolExecutor.java:1093)
        at java.util.concurrent.ScheduledThreadPoolExecutor$DelayedWorkQueue.take(ScheduledThreadPoolExecutor.java:809)
        at java.util.concurrent.ThreadPoolExecutor.getTask(ThreadPoolExecutor.java:1074)
        at java.util.concurrent.ThreadPoolExecutor.runWorker(ThreadPoolExecutor.java:1134)
        at java.util.concurrent.ThreadPoolExecutor$Worker.run(ThreadPoolExecutor.java:624)
        at java.lang.Thread.run(Thread.java:748)
"grpc-default-executor-0" daemon prio=5 tid=2066 timed_waiting
java.lang.Thread.State: TIMED_WAITING
        at sun.misc.Unsafe.park(Native Method)
        at java.util.concurrent.locks.LockSupport.parkNanos(LockSupport.java:215)
        at java.util.concurrent.SynchronousQueue$TransferStack.awaitFulfill(SynchronousQueue.java:460)
        at java.util.concurrent.SynchronousQueue$TransferStack.transfer(SynchronousQueue.java:362)
        at java.util.concurrent.SynchronousQueue.poll(SynchronousQueue.java:941)
        at java.util.concurrent.ThreadPoolExecutor.getTask(ThreadPoolExecutor.java:1073)
        at java.util.concurrent.ThreadPoolExecutor.runWorker(ThreadPoolExecutor.java:1134)
        at java.util.concurrent.ThreadPoolExecutor$Worker.run(ThreadPoolExecutor.java:624)
        at java.lang.Thread.run(Thread.java:748)
"pool-176-thread-32"  prio=5 tid=1900 in Object.wait()
java.lang.Thread.State: WAITING (on object monitor)
        at sun.misc.Unsafe.park(Native Method)
        at java.util.concurrent.locks.LockSupport.park(LockSupport.java:175)
        at java.util.concurrent.locks.AbstractQueuedSynchronizer$ConditionObject.await(AbstractQueuedSynchronizer.java:2039)
        at java.util.concurrent.ArrayBlockingQueue.take(ArrayBlockingQueue.java:403)
        at java.util.concurrent.ThreadPoolExecutor.getTask(ThreadPoolExecutor.java:1074)
        at java.util.concurrent.ThreadPoolExecutor.runWorker(ThreadPoolExecutor.java:1134)
        at java.util.concurrent.ThreadPoolExecutor$Worker.run(ThreadPoolExecutor.java:624)
        at java.lang.Thread.run(Thread.java:748)
"IPC Server handler 7 on 41111" daemon prio=5 tid=1718 timed_waiting
java.lang.Thread.State: TIMED_WAITING
        at sun.misc.Unsafe.park(Native Method)
        at java.util.concurrent.locks.LockSupport.parkNanos(LockSupport.java:215)
        at java.util.concurrent.locks.AbstractQueuedSynchronizer$ConditionObject.awaitNanos(AbstractQueuedSynchronizer.java:2078)
        at java.util.concurrent.LinkedBlockingQueue.poll(LinkedBlockingQueue.java:467)
        at org.apache.hadoop.ipc.CallQueueManager.take(CallQueueManager.java:288)
        at org.apache.hadoop.ipc.Server$Handler.run(Server.java:2668)
"pool-186-thread-53"  prio=5 tid=1984 in Object.wait()
java.lang.Thread.State: WAITING (on object monitor)
        at sun.misc.Unsafe.park(Native Method)
        at java.util.concurrent.locks.LockSupport.park(LockSupport.java:175)
        at java.util.concurrent.locks.AbstractQueuedSynchronizer$ConditionObject.await(AbstractQueuedSynchronizer.java:2039)
        at java.util.concurrent.ArrayBlockingQueue.take(ArrayBlockingQueue.java:403)
        at java.util.concurrent.ThreadPoolExecutor.getTask(ThreadPoolExecutor.java:1074)
        at java.util.concurrent.ThreadPoolExecutor.runWorker(ThreadPoolExecutor.java:1134)
        at java.util.concurrent.ThreadPoolExecutor$Worker.run(ThreadPoolExecutor.java:624)
        at java.lang.Thread.run(Thread.java:748)
"ReplicationMonitor" daemon prio=5 tid=2244 timed_waiting
java.lang.Thread.State: TIMED_WAITING
        at java.lang.Object.wait(Native Method)
        at org.apache.hadoop.hdds.scm.container.ReplicationManager.run(ReplicationManager.java:229)
        at org.apache.hadoop.hdds.scm.container.ReplicationManager$$Lambda$523/730466188.run(Unknown Source)
        at java.lang.Thread.run(Thread.java:748)
"pool-196-thread-18"  prio=5 tid=2011 in Object.wait()
java.lang.Thread.State: WAITING (on object monitor)
        at sun.misc.Unsafe.park(Native Method)
        at java.util.concurrent.locks.LockSupport.park(LockSupport.java:175)
        at java.util.concurrent.locks.AbstractQueuedSynchronizer$ConditionObject.await(AbstractQueuedSynchronizer.java:2039)
        at java.util.concurrent.ArrayBlockingQueue.take(ArrayBlockingQueue.java:403)
        at java.util.concurrent.ThreadPoolExecutor.getTask(ThreadPoolExecutor.java:1074)
        at java.util.concurrent.ThreadPoolExecutor.runWorker(ThreadPoolExecutor.java:1134)
        at java.util.concurrent.ThreadPoolExecutor$Worker.run(ThreadPoolExecutor.java:624)
        at java.lang.Thread.run(Thread.java:748)
"metrics-hadoop-metrics2-reporter-60-thread-1" daemon prio=5 tid=1514 timed_waiting
java.lang.Thread.State: TIMED_WAITING
        at sun.misc.Unsafe.park(Native Method)
        at java.util.concurrent.locks.LockSupport.parkNanos(LockSupport.java:215)
        at java.util.concurrent.locks.AbstractQueuedSynchronizer$ConditionObject.awaitNanos(AbstractQueuedSynchronizer.java:2078)
        at java.util.concurrent.ScheduledThreadPoolExecutor$DelayedWorkQueue.take(ScheduledThreadPoolExecutor.java:1093)
        at java.util.concurrent.ScheduledThreadPoolExecutor$DelayedWorkQueue.take(ScheduledThreadPoolExecutor.java:809)
        at java.util.concurrent.ThreadPoolExecutor.getTask(ThreadPoolExecutor.java:1074)
        at java.util.concurrent.ThreadPoolExecutor.runWorker(ThreadPoolExecutor.java:1134)
        at java.util.concurrent.ThreadPoolExecutor$Worker.run(ThreadPoolExecutor.java:624)
        at java.lang.Thread.run(Thread.java:748)
"pool-196-thread-14"  prio=5 tid=2007 in Object.wait()
java.lang.Thread.State: WAITING (on object monitor)
        at sun.misc.Unsafe.park(Native Method)
        at java.util.concurrent.locks.LockSupport.park(LockSupport.java:175)
        at java.util.concurrent.locks.AbstractQueuedSynchronizer$ConditionObject.await(AbstractQueuedSynchronizer.java:2039)
        at java.util.concurrent.ArrayBlockingQueue.take(ArrayBlockingQueue.java:403)
        at java.util.concurrent.ThreadPoolExecutor.getTask(ThreadPoolExecutor.java:1074)
        at java.util.concurrent.ThreadPoolExecutor.runWorker(ThreadPoolExecutor.java:1134)
        at java.util.concurrent.ThreadPoolExecutor$Worker.run(ThreadPoolExecutor.java:624)
        at java.lang.Thread.run(Thread.java:748)
"pool-176-thread-8"  prio=5 tid=1876 in Object.wait()
java.lang.Thread.State: WAITING (on object monitor)
        at sun.misc.Unsafe.park(Native Method)
        at java.util.concurrent.locks.LockSupport.park(LockSupport.java:175)
        at java.util.concurrent.locks.AbstractQueuedSynchronizer$ConditionObject.await(AbstractQueuedSynchronizer.java:2039)
        at java.util.concurrent.ArrayBlockingQueue.take(ArrayBlockingQueue.java:403)
        at java.util.concurrent.ThreadPoolExecutor.getTask(ThreadPoolExecutor.java:1074)
        at java.util.concurrent.ThreadPoolExecutor.runWorker(ThreadPoolExecutor.java:1134)
        at java.util.concurrent.ThreadPoolExecutor$Worker.run(ThreadPoolExecutor.java:624)
        at java.lang.Thread.run(Thread.java:748)
"OMDoubleBufferFlushThread" daemon prio=5 tid=1747 timed_waiting
java.lang.Thread.State: TIMED_WAITING
        at java.lang.Object.wait(Native Method)
        at org.apache.hadoop.ozone.om.ratis.OzoneManagerDoubleBuffer.canFlush(OzoneManagerDoubleBuffer.java:322)
        at org.apache.hadoop.ozone.om.ratis.OzoneManagerDoubleBuffer.flushTransactions(OzoneManagerDoubleBuffer.java:130)
        at org.apache.hadoop.ozone.om.ratis.OzoneManagerDoubleBuffer$$Lambda$49/487183370.run(Unknown Source)
        at java.lang.Thread.run(Thread.java:748)
"IPC Server handler 3 on 39395" daemon prio=5 tid=1694 timed_waiting
java.lang.Thread.State: TIMED_WAITING
        at sun.misc.Unsafe.park(Native Method)
        at java.util.concurrent.locks.LockSupport.parkNanos(LockSupport.java:215)
        at java.util.concurrent.locks.AbstractQueuedSynchronizer$ConditionObject.awaitNanos(AbstractQueuedSynchronizer.java:2078)
        at java.util.concurrent.LinkedBlockingQueue.poll(LinkedBlockingQueue.java:467)
        at org.apache.hadoop.ipc.CallQueueManager.take(CallQueueManager.java:288)
        at org.apache.hadoop.ipc.Server$Handler.run(Server.java:2668)
"SCMBlockDeletingService#0" daemon prio=5 tid=1743 timed_waiting
java.lang.Thread.State: TIMED_WAITING
        at sun.misc.Unsafe.park(Native Method)
        at java.util.concurrent.locks.LockSupport.parkNanos(LockSupport.java:215)
        at java.util.concurrent.locks.AbstractQueuedSynchronizer$ConditionObject.awaitNanos(AbstractQueuedSynchronizer.java:2078)
        at java.util.concurrent.ScheduledThreadPoolExecutor$DelayedWorkQueue.take(ScheduledThreadPoolExecutor.java:1093)
        at java.util.concurrent.ScheduledThreadPoolExecutor$DelayedWorkQueue.take(ScheduledThreadPoolExecutor.java:809)
        at java.util.concurrent.ThreadPoolExecutor.getTask(ThreadPoolExecutor.java:1074)
        at java.util.concurrent.ThreadPoolExecutor.runWorker(ThreadPoolExecutor.java:1134)
        at java.util.concurrent.ThreadPoolExecutor$Worker.run(ThreadPoolExecutor.java:624)
        at java.lang.Thread.run(Thread.java:748)
"metrics-hadoop-metrics2-reporter-16-thread-1" daemon prio=5 tid=480 timed_waiting
java.lang.Thread.State: TIMED_WAITING
        at sun.misc.Unsafe.park(Native Method)
        at java.util.concurrent.locks.LockSupport.parkNanos(LockSupport.java:215)
        at java.util.concurrent.locks.AbstractQueuedSynchronizer$ConditionObject.awaitNanos(AbstractQueuedSynchronizer.java:2078)
        at java.util.concurrent.ScheduledThreadPoolExecutor$DelayedWorkQueue.take(ScheduledThreadPoolExecutor.java:1093)
        at java.util.concurrent.ScheduledThreadPoolExecutor$DelayedWorkQueue.take(ScheduledThreadPoolExecutor.java:809)
        at java.util.concurrent.ThreadPoolExecutor.getTask(ThreadPoolExecutor.java:1074)
        at java.util.concurrent.ThreadPoolExecutor.runWorker(ThreadPoolExecutor.java:1134)
        at java.util.concurrent.ThreadPoolExecutor$Worker.run(ThreadPoolExecutor.java:624)
        at java.lang.Thread.run(Thread.java:748)
"IPC Server handler 19 on 46187" daemon prio=5 tid=1774 timed_waiting
java.lang.Thread.State: TIMED_WAITING
        at sun.misc.Unsafe.park(Native Method)
        at java.util.concurrent.locks.LockSupport.parkNanos(LockSupport.java:215)
        at java.util.concurrent.locks.AbstractQueuedSynchronizer$ConditionObject.awaitNanos(AbstractQueuedSynchronizer.java:2078)
        at java.util.concurrent.LinkedBlockingQueue.poll(LinkedBlockingQueue.java:467)
        at org.apache.hadoop.ipc.CallQueueManager.take(CallQueueManager.java:288)
        at org.apache.hadoop.ipc.Server$Handler.run(Server.java:2668)
"IPC Server handler 19 on 41111" daemon prio=5 tid=1730 timed_waiting
java.lang.Thread.State: TIMED_WAITING
        at sun.misc.Unsafe.park(Native Method)
        at java.util.concurrent.locks.LockSupport.parkNanos(LockSupport.java:215)
        at java.util.concurrent.locks.AbstractQueuedSynchronizer$ConditionObject.awaitNanos(AbstractQueuedSynchronizer.java:2078)
        at java.util.concurrent.LinkedBlockingQueue.poll(LinkedBlockingQueue.java:467)
        at org.apache.hadoop.ipc.CallQueueManager.take(CallQueueManager.java:288)
        at org.apache.hadoop.ipc.Server$Handler.run(Server.java:2668)
"qtp915734066-1798" daemon prio=5 tid=1798 timed_waiting
java.lang.Thread.State: TIMED_WAITING
        at sun.misc.Unsafe.park(Native Method)
        at java.util.concurrent.locks.LockSupport.parkNanos(LockSupport.java:215)
        at java.util.concurrent.locks.AbstractQueuedSynchronizer$ConditionObject.awaitNanos(AbstractQueuedSynchronizer.java:2078)
        at org.eclipse.jetty.util.BlockingArrayQueue.poll(BlockingArrayQueue.java:392)
        at org.eclipse.jetty.util.thread.QueuedThreadPool.idleJobPoll(QueuedThreadPool.java:563)
        at org.eclipse.jetty.util.thread.QueuedThreadPool.access$800(QueuedThreadPool.java:48)
        at org.eclipse.jetty.util.thread.QueuedThreadPool$2.run(QueuedThreadPool.java:626)
        at java.lang.Thread.run(Thread.java:748)
"pool-186-thread-60"  prio=5 tid=1991 in Object.wait()
java.lang.Thread.State: WAITING (on object monitor)
        at sun.misc.Unsafe.park(Native Method)
        at java.util.concurrent.locks.LockSupport.park(LockSupport.java:175)
        at java.util.concurrent.locks.AbstractQueuedSynchronizer$ConditionObject.await(AbstractQueuedSynchronizer.java:2039)
        at java.util.concurrent.ArrayBlockingQueue.take(ArrayBlockingQueue.java:403)
        at java.util.concurrent.ThreadPoolExecutor.getTask(ThreadPoolExecutor.java:1074)
        at java.util.concurrent.ThreadPoolExecutor.runWorker(ThreadPoolExecutor.java:1134)
        at java.util.concurrent.ThreadPoolExecutor$Worker.run(ThreadPoolExecutor.java:624)
        at java.lang.Thread.run(Thread.java:748)
"pool-186-thread-46"  prio=5 tid=1977 in Object.wait()
java.lang.Thread.State: WAITING (on object monitor)
        at sun.misc.Unsafe.park(Native Method)
        at java.util.concurrent.locks.LockSupport.park(LockSupport.java:175)
        at java.util.concurrent.locks.AbstractQueuedSynchronizer$ConditionObject.await(AbstractQueuedSynchronizer.java:2039)
        at java.util.concurrent.ArrayBlockingQueue.take(ArrayBlockingQueue.java:403)
        at java.util.concurrent.ThreadPoolExecutor.getTask(ThreadPoolExecutor.java:1074)
        at java.util.concurrent.ThreadPoolExecutor.runWorker(ThreadPoolExecutor.java:1134)
        at java.util.concurrent.ThreadPoolExecutor$Worker.run(ThreadPoolExecutor.java:624)
        at java.lang.Thread.run(Thread.java:748)
"pool-186-thread-56"  prio=5 tid=1987 in Object.wait()
java.lang.Thread.State: WAITING (on object monitor)
        at sun.misc.Unsafe.park(Native Method)
        at java.util.concurrent.locks.LockSupport.park(LockSupport.java:175)
        at java.util.concurrent.locks.AbstractQueuedSynchronizer$ConditionObject.await(AbstractQueuedSynchronizer.java:2039)
        at java.util.concurrent.ArrayBlockingQueue.take(ArrayBlockingQueue.java:403)
        at java.util.concurrent.ThreadPoolExecutor.getTask(ThreadPoolExecutor.java:1074)
        at java.util.concurrent.ThreadPoolExecutor.runWorker(ThreadPoolExecutor.java:1134)
        at java.util.concurrent.ThreadPoolExecutor$Worker.run(ThreadPoolExecutor.java:624)
        at java.lang.Thread.run(Thread.java:748)
"PartialTableCache Cleanup Thread - 0" daemon prio=5 tid=1647 in Object.wait()
java.lang.Thread.State: WAITING (on object monitor)
        at sun.misc.Unsafe.park(Native Method)
        at java.util.concurrent.locks.LockSupport.park(LockSupport.java:175)
        at java.util.concurrent.locks.AbstractQueuedSynchronizer$ConditionObject.await(AbstractQueuedSynchronizer.java:2039)
        at java.util.concurrent.LinkedBlockingQueue.take(LinkedBlockingQueue.java:442)
        at java.util.concurrent.ThreadPoolExecutor.getTask(ThreadPoolExecutor.java:1074)
        at java.util.concurrent.ThreadPoolExecutor.runWorker(ThreadPoolExecutor.java:1134)
        at java.util.concurrent.ThreadPoolExecutor$Worker.run(ThreadPoolExecutor.java:624)
        at java.lang.Thread.run(Thread.java:748)
"pool-196-thread-1"  prio=5 tid=1994 in Object.wait()
java.lang.Thread.State: WAITING (on object monitor)
        at sun.misc.Unsafe.park(Native Method)
        at java.util.concurrent.locks.LockSupport.park(LockSupport.java:175)
        at java.util.concurrent.locks.AbstractQueuedSynchronizer$ConditionObject.await(AbstractQueuedSynchronizer.java:2039)
        at java.util.concurrent.ArrayBlockingQueue.take(ArrayBlockingQueue.java:403)
        at java.util.concurrent.ThreadPoolExecutor.getTask(ThreadPoolExecutor.java:1074)
        at java.util.concurrent.ThreadPoolExecutor.runWorker(ThreadPoolExecutor.java:1134)
        at java.util.concurrent.ThreadPoolExecutor$Worker.run(ThreadPoolExecutor.java:624)
        at java.lang.Thread.run(Thread.java:748)
"PartialTableCache Cleanup Thread - 0" daemon prio=5 tid=545 in Object.wait()
java.lang.Thread.State: WAITING (on object monitor)
        at sun.misc.Unsafe.park(Native Method)
        at java.util.concurrent.locks.LockSupport.park(LockSupport.java:175)
        at java.util.concurrent.locks.AbstractQueuedSynchronizer$ConditionObject.await(AbstractQueuedSynchronizer.java:2039)
        at java.util.concurrent.LinkedBlockingQueue.take(LinkedBlockingQueue.java:442)
        at java.util.concurrent.ThreadPoolExecutor.getTask(ThreadPoolExecutor.java:1074)
        at java.util.concurrent.ThreadPoolExecutor.runWorker(ThreadPoolExecutor.java:1134)
        at java.util.concurrent.ThreadPoolExecutor$Worker.run(ThreadPoolExecutor.java:624)
        at java.lang.Thread.run(Thread.java:748)
"IPC Server Responder" daemon prio=5 tid=1751 runnable
java.lang.Thread.State: RUNNABLE
        at sun.nio.ch.EPollArrayWrapper.epollWait(Native Method)
        at sun.nio.ch.EPollArrayWrapper.poll(EPollArrayWrapper.java:269)
        at sun.nio.ch.EPollSelectorImpl.doSelect(EPollSelectorImpl.java:93)
        at sun.nio.ch.SelectorImpl.lockAndDoSelect(SelectorImpl.java:86)
        at sun.nio.ch.SelectorImpl.select(SelectorImpl.java:97)
        at org.apache.hadoop.ipc.Server$Responder.doRunLoop(Server.java:1334)
        at org.apache.hadoop.ipc.Server$Responder.run(Server.java:1317)
"pool-194-thread-1" daemon prio=5 tid=1846 timed_waiting
java.lang.Thread.State: TIMED_WAITING
        at sun.misc.Unsafe.park(Native Method)
        at java.util.concurrent.locks.LockSupport.parkNanos(LockSupport.java:215)
        at java.util.concurrent.locks.AbstractQueuedSynchronizer$ConditionObject.awaitNanos(AbstractQueuedSynchronizer.java:2078)
        at java.util.concurrent.ScheduledThreadPoolExecutor$DelayedWorkQueue.take(ScheduledThreadPoolExecutor.java:1093)
        at java.util.concurrent.ScheduledThreadPoolExecutor$DelayedWorkQueue.take(ScheduledThreadPoolExecutor.java:809)
        at java.util.concurrent.ThreadPoolExecutor.getTask(ThreadPoolExecutor.java:1074)
        at java.util.concurrent.ThreadPoolExecutor.runWorker(ThreadPoolExecutor.java:1134)
        at java.util.concurrent.ThreadPoolExecutor$Worker.run(ThreadPoolExecutor.java:624)
        at java.lang.Thread.run(Thread.java:748)
"IPC Server handler 9 on 46187" daemon prio=5 tid=1764 timed_waiting
java.lang.Thread.State: TIMED_WAITING
        at sun.misc.Unsafe.park(Native Method)
        at java.util.concurrent.locks.LockSupport.parkNanos(LockSupport.java:215)
        at java.util.concurrent.locks.AbstractQueuedSynchronizer$ConditionObject.awaitNanos(AbstractQueuedSynchronizer.java:2078)
        at java.util.concurrent.LinkedBlockingQueue.poll(LinkedBlockingQueue.java:467)
        at org.apache.hadoop.ipc.CallQueueManager.take(CallQueueManager.java:288)
        at org.apache.hadoop.ipc.Server$Handler.run(Server.java:2668)
"metrics-hadoop-metrics2-reporter-79-thread-1" daemon prio=5 tid=1626 timed_waiting
java.lang.Thread.State: TIMED_WAITING
        at sun.misc.Unsafe.park(Native Method)
        at java.util.concurrent.locks.LockSupport.parkNanos(LockSupport.java:215)
        at java.util.concurrent.locks.AbstractQueuedSynchronizer$ConditionObject.awaitNanos(AbstractQueuedSynchronizer.java:2078)
        at java.util.concurrent.ScheduledThreadPoolExecutor$DelayedWorkQueue.take(ScheduledThreadPoolExecutor.java:1093)
        at java.util.concurrent.ScheduledThreadPoolExecutor$DelayedWorkQueue.take(ScheduledThreadPoolExecutor.java:809)
        at java.util.concurrent.ThreadPoolExecutor.getTask(ThreadPoolExecutor.java:1074)
        at java.util.concurrent.ThreadPoolExecutor.runWorker(ThreadPoolExecutor.java:1134)
        at java.util.concurrent.ThreadPoolExecutor$Worker.run(ThreadPoolExecutor.java:624)
        at java.lang.Thread.run(Thread.java:748)
"metrics-hadoop-metrics2-reporter-108-thread-1" daemon prio=5 tid=2260 timed_waiting
java.lang.Thread.State: TIMED_WAITING
        at sun.misc.Unsafe.park(Native Method)
        at java.util.concurrent.locks.LockSupport.parkNanos(LockSupport.java:215)
        at java.util.concurrent.locks.AbstractQueuedSynchronizer$ConditionObject.awaitNanos(AbstractQueuedSynchronizer.java:2078)
        at java.util.concurrent.ScheduledThreadPoolExecutor$DelayedWorkQueue.take(ScheduledThreadPoolExecutor.java:1093)
        at java.util.concurrent.ScheduledThreadPoolExecutor$DelayedWorkQueue.take(ScheduledThreadPoolExecutor.java:809)
        at java.util.concurrent.ThreadPoolExecutor.getTask(ThreadPoolExecutor.java:1074)
        at java.util.concurrent.ThreadPoolExecutor.runWorker(ThreadPoolExecutor.java:1134)
        at java.util.concurrent.ThreadPoolExecutor$Worker.run(ThreadPoolExecutor.java:624)
        at java.lang.Thread.run(Thread.java:748)
"pool-186-thread-32"  prio=5 tid=1963 in Object.wait()
java.lang.Thread.State: WAITING (on object monitor)
        at sun.misc.Unsafe.park(Native Method)
        at java.util.concurrent.locks.LockSupport.park(LockSupport.java:175)
        at java.util.concurrent.locks.AbstractQueuedSynchronizer$ConditionObject.await(AbstractQueuedSynchronizer.java:2039)
        at java.util.concurrent.ArrayBlockingQueue.take(ArrayBlockingQueue.java:403)
        at java.util.concurrent.ThreadPoolExecutor.getTask(ThreadPoolExecutor.java:1074)
        at java.util.concurrent.ThreadPoolExecutor.runWorker(ThreadPoolExecutor.java:1134)
        at java.util.concurrent.ThreadPoolExecutor$Worker.run(ThreadPoolExecutor.java:624)
        at java.lang.Thread.run(Thread.java:748)
"metrics-hadoop-metrics2-reporter-22-thread-1" daemon prio=5 tid=514 timed_waiting
java.lang.Thread.State: TIMED_WAITING
        at sun.misc.Unsafe.park(Native Method)
        at java.util.concurrent.locks.LockSupport.parkNanos(LockSupport.java:215)
        at java.util.concurrent.locks.AbstractQueuedSynchronizer$ConditionObject.awaitNanos(AbstractQueuedSynchronizer.java:2078)
        at java.util.concurrent.ScheduledThreadPoolExecutor$DelayedWorkQueue.take(ScheduledThreadPoolExecutor.java:1093)
        at java.util.concurrent.ScheduledThreadPoolExecutor$DelayedWorkQueue.take(ScheduledThreadPoolExecutor.java:809)
        at java.util.concurrent.ThreadPoolExecutor.getTask(ThreadPoolExecutor.java:1074)
        at java.util.concurrent.ThreadPoolExecutor.runWorker(ThreadPoolExecutor.java:1134)
        at java.util.concurrent.ThreadPoolExecutor$Worker.run(ThreadPoolExecutor.java:624)
        at java.lang.Thread.run(Thread.java:748)
"pool-186-thread-54"  prio=5 tid=1985 in Object.wait()
java.lang.Thread.State: WAITING (on object monitor)
        at sun.misc.Unsafe.park(Native Method)
        at java.util.concurrent.locks.LockSupport.park(LockSupport.java:175)
        at java.util.concurrent.locks.AbstractQueuedSynchronizer$ConditionObject.await(AbstractQueuedSynchronizer.java:2039)
        at java.util.concurrent.ArrayBlockingQueue.take(ArrayBlockingQueue.java:403)
        at java.util.concurrent.ThreadPoolExecutor.getTask(ThreadPoolExecutor.java:1074)
        at java.util.concurrent.ThreadPoolExecutor.runWorker(ThreadPoolExecutor.java:1134)
        at java.util.concurrent.ThreadPoolExecutor$Worker.run(ThreadPoolExecutor.java:624)
        at java.lang.Thread.run(Thread.java:748)
"Timer for 'StorageContainerManager' metrics system" daemon prio=5 tid=1669 timed_waiting
java.lang.Thread.State: TIMED_WAITING
        at java.lang.Object.wait(Native Method)
        at java.util.TimerThread.mainLoop(Timer.java:552)
        at java.util.TimerThread.run(Timer.java:505)
"metrics-hadoop-metrics2-reporter-76-thread-1" daemon prio=5 tid=1569 timed_waiting
java.lang.Thread.State: TIMED_WAITING
        at sun.misc.Unsafe.park(Native Method)
        at java.util.concurrent.locks.LockSupport.parkNanos(LockSupport.java:215)
        at java.util.concurrent.locks.AbstractQueuedSynchronizer$ConditionObject.awaitNanos(AbstractQueuedSynchronizer.java:2078)
        at java.util.concurrent.ScheduledThreadPoolExecutor$DelayedWorkQueue.take(ScheduledThreadPoolExecutor.java:1093)
        at java.util.concurrent.ScheduledThreadPoolExecutor$DelayedWorkQueue.take(ScheduledThreadPoolExecutor.java:809)
        at java.util.concurrent.ThreadPoolExecutor.getTask(ThreadPoolExecutor.java:1074)
        at java.util.concurrent.ThreadPoolExecutor.runWorker(ThreadPoolExecutor.java:1134)
        at java.util.concurrent.ThreadPoolExecutor$Worker.run(ThreadPoolExecutor.java:624)
        at java.lang.Thread.run(Thread.java:748)
"IPC Server handler 6 on 41111" daemon prio=5 tid=1717 timed_waiting
java.lang.Thread.State: TIMED_WAITING
        at sun.misc.Unsafe.park(Native Method)
        at java.util.concurrent.locks.LockSupport.parkNanos(LockSupport.java:215)
        at java.util.concurrent.locks.AbstractQueuedSynchronizer$ConditionObject.awaitNanos(AbstractQueuedSynchronizer.java:2078)
        at java.util.concurrent.LinkedBlockingQueue.poll(LinkedBlockingQueue.java:467)
        at org.apache.hadoop.ipc.CallQueueManager.take(CallQueueManager.java:288)
        at org.apache.hadoop.ipc.Server$Handler.run(Server.java:2668)
"pool-196-thread-36"  prio=5 tid=2029 in Object.wait()
java.lang.Thread.State: WAITING (on object monitor)
        at sun.misc.Unsafe.park(Native Method)
        at java.util.concurrent.locks.LockSupport.park(LockSupport.java:175)
        at java.util.concurrent.locks.AbstractQueuedSynchronizer$ConditionObject.await(AbstractQueuedSynchronizer.java:2039)
        at java.util.concurrent.ArrayBlockingQueue.take(ArrayBlockingQueue.java:403)
        at java.util.concurrent.ThreadPoolExecutor.getTask(ThreadPoolExecutor.java:1074)
        at java.util.concurrent.ThreadPoolExecutor.runWorker(ThreadPoolExecutor.java:1134)
        at java.util.concurrent.ThreadPoolExecutor$Worker.run(ThreadPoolExecutor.java:624)
        at java.lang.Thread.run(Thread.java:748)
"metrics-hadoop-metrics2-reporter-6-thread-1" daemon prio=5 tid=451 timed_waiting
java.lang.Thread.State: TIMED_WAITING
        at sun.misc.Unsafe.park(Native Method)
        at java.util.concurrent.locks.LockSupport.parkNanos(LockSupport.java:215)
        at java.util.concurrent.locks.AbstractQueuedSynchronizer$ConditionObject.awaitNanos(AbstractQueuedSynchronizer.java:2078)
        at java.util.concurrent.ScheduledThreadPoolExecutor$DelayedWorkQueue.take(ScheduledThreadPoolExecutor.java:1093)
        at java.util.concurrent.ScheduledThreadPoolExecutor$DelayedWorkQueue.take(ScheduledThreadPoolExecutor.java:809)
        at java.util.concurrent.ThreadPoolExecutor.getTask(ThreadPoolExecutor.java:1074)
        at java.util.concurrent.ThreadPoolExecutor.runWorker(ThreadPoolExecutor.java:1134)
        at java.util.concurrent.ThreadPoolExecutor$Worker.run(ThreadPoolExecutor.java:624)
        at java.lang.Thread.run(Thread.java:748)
"IPC Server handler 18 on 39395" daemon prio=5 tid=1709 timed_waiting
java.lang.Thread.State: TIMED_WAITING
        at sun.misc.Unsafe.park(Native Method)
        at java.util.concurrent.locks.LockSupport.parkNanos(LockSupport.java:215)
        at java.util.concurrent.locks.AbstractQueuedSynchronizer$ConditionObject.awaitNanos(AbstractQueuedSynchronizer.java:2078)
        at java.util.concurrent.LinkedBlockingQueue.poll(LinkedBlockingQueue.java:467)
        at org.apache.hadoop.ipc.CallQueueManager.take(CallQueueManager.java:288)
        at org.apache.hadoop.ipc.Server$Handler.run(Server.java:2668)
"Datanode ReportManager Thread - 2" daemon prio=5 tid=201 in Object.wait()
java.lang.Thread.State: WAITING (on object monitor)
        at sun.misc.Unsafe.park(Native Method)
        at java.util.concurrent.locks.LockSupport.park(LockSupport.java:175)
        at java.util.concurrent.locks.AbstractQueuedSynchronizer$ConditionObject.await(AbstractQueuedSynchronizer.java:2039)
        at java.util.concurrent.ScheduledThreadPoolExecutor$DelayedWorkQueue.take(ScheduledThreadPoolExecutor.java:1088)
        at java.util.concurrent.ScheduledThreadPoolExecutor$DelayedWorkQueue.take(ScheduledThreadPoolExecutor.java:809)
        at java.util.concurrent.ThreadPoolExecutor.getTask(ThreadPoolExecutor.java:1074)
        at java.util.concurrent.ThreadPoolExecutor.runWorker(ThreadPoolExecutor.java:1134)
        at java.util.concurrent.ThreadPoolExecutor$Worker.run(ThreadPoolExecutor.java:624)
        at java.lang.Thread.run(Thread.java:748)
"grpc-default-executor-3" daemon prio=5 tid=2146 timed_waiting
java.lang.Thread.State: TIMED_WAITING
        at sun.misc.Unsafe.park(Native Method)
        at java.util.concurrent.locks.LockSupport.parkNanos(LockSupport.java:215)
        at java.util.concurrent.SynchronousQueue$TransferStack.awaitFulfill(SynchronousQueue.java:460)
        at java.util.concurrent.SynchronousQueue$TransferStack.transfer(SynchronousQueue.java:362)
        at java.util.concurrent.SynchronousQueue.poll(SynchronousQueue.java:941)
        at java.util.concurrent.ThreadPoolExecutor.getTask(ThreadPoolExecutor.java:1073)
        at java.util.concurrent.ThreadPoolExecutor.runWorker(ThreadPoolExecutor.java:1134)
        at java.util.concurrent.ThreadPoolExecutor$Worker.run(ThreadPoolExecutor.java:624)
        at java.lang.Thread.run(Thread.java:748)
"org.eclipse.jetty.server.session.HashSessionManager@7556091Timer" daemon prio=5 tid=1804 timed_waiting
java.lang.Thread.State: TIMED_WAITING
        at sun.misc.Unsafe.park(Native Method)
        at java.util.concurrent.locks.LockSupport.parkNanos(LockSupport.java:215)
        at java.util.concurrent.locks.AbstractQueuedSynchronizer$ConditionObject.awaitNanos(AbstractQueuedSynchronizer.java:2078)
        at java.util.concurrent.ScheduledThreadPoolExecutor$DelayedWorkQueue.take(ScheduledThreadPoolExecutor.java:1093)
        at java.util.concurrent.ScheduledThreadPoolExecutor$DelayedWorkQueue.take(ScheduledThreadPoolExecutor.java:809)
        at java.util.concurrent.ThreadPoolExecutor.getTask(ThreadPoolExecutor.java:1074)
        at java.util.concurrent.ThreadPoolExecutor.runWorker(ThreadPoolExecutor.java:1134)
        at java.util.concurrent.ThreadPoolExecutor$Worker.run(ThreadPoolExecutor.java:624)
        at java.lang.Thread.run(Thread.java:748)
"org.eclipse.jetty.server.session.HashSessionManager@385c7e06Timer" daemon prio=5 tid=1784 timed_waiting
java.lang.Thread.State: TIMED_WAITING
        at sun.misc.Unsafe.park(Native Method)
        at java.util.concurrent.locks.LockSupport.parkNanos(LockSupport.java:215)
        at java.util.concurrent.locks.AbstractQueuedSynchronizer$ConditionObject.awaitNanos(AbstractQueuedSynchronizer.java:2078)
        at java.util.concurrent.ScheduledThreadPoolExecutor$DelayedWorkQueue.take(ScheduledThreadPoolExecutor.java:1093)
        at java.util.concurrent.ScheduledThreadPoolExecutor$DelayedWorkQueue.take(ScheduledThreadPoolExecutor.java:809)
        at java.util.concurrent.ThreadPoolExecutor.getTask(ThreadPoolExecutor.java:1074)
        at java.util.concurrent.ThreadPoolExecutor.runWorker(ThreadPoolExecutor.java:1134)
        at java.util.concurrent.ThreadPoolExecutor$Worker.run(ThreadPoolExecutor.java:624)
        at java.lang.Thread.run(Thread.java:748)
"pool-176-thread-24"  prio=5 tid=1892 in Object.wait()
java.lang.Thread.State: WAITING (on object monitor)
        at sun.misc.Unsafe.park(Native Method)
        at java.util.concurrent.locks.LockSupport.park(LockSupport.java:175)
        at java.util.concurrent.locks.AbstractQueuedSynchronizer$ConditionObject.await(AbstractQueuedSynchronizer.java:2039)
        at java.util.concurrent.ArrayBlockingQueue.take(ArrayBlockingQueue.java:403)
        at java.util.concurrent.ThreadPoolExecutor.getTask(ThreadPoolExecutor.java:1074)
        at java.util.concurrent.ThreadPoolExecutor.runWorker(ThreadPoolExecutor.java:1134)
        at java.util.concurrent.ThreadPoolExecutor$Worker.run(ThreadPoolExecutor.java:624)
        at java.lang.Thread.run(Thread.java:748)
"Datanode ReportManager Thread - 0" daemon prio=5 tid=1861 in Object.wait()
java.lang.Thread.State: WAITING (on object monitor)
        at sun.misc.Unsafe.park(Native Method)
        at java.util.concurrent.locks.LockSupport.park(LockSupport.java:175)
        at java.util.concurrent.locks.AbstractQueuedSynchronizer$ConditionObject.await(AbstractQueuedSynchronizer.java:2039)
        at java.util.concurrent.ScheduledThreadPoolExecutor$DelayedWorkQueue.take(ScheduledThreadPoolExecutor.java:1088)
        at java.util.concurrent.ScheduledThreadPoolExecutor$DelayedWorkQueue.take(ScheduledThreadPoolExecutor.java:809)
        at java.util.concurrent.ThreadPoolExecutor.getTask(ThreadPoolExecutor.java:1074)
        at java.util.concurrent.ThreadPoolExecutor.runWorker(ThreadPoolExecutor.java:1134)
        at java.util.concurrent.ThreadPoolExecutor$Worker.run(ThreadPoolExecutor.java:624)
        at java.lang.Thread.run(Thread.java:748)
"pool-176-thread-36"  prio=5 tid=1904 in Object.wait()
java.lang.Thread.State: WAITING (on object monitor)
        at sun.misc.Unsafe.park(Native Method)
        at java.util.concurrent.locks.LockSupport.park(LockSupport.java:175)
        at java.util.concurrent.locks.AbstractQueuedSynchronizer$ConditionObject.await(AbstractQueuedSynchronizer.java:2039)
        at java.util.concurrent.ArrayBlockingQueue.take(ArrayBlockingQueue.java:403)
        at java.util.concurrent.ThreadPoolExecutor.getTask(ThreadPoolExecutor.java:1074)
        at java.util.concurrent.ThreadPoolExecutor.runWorker(ThreadPoolExecutor.java:1134)
        at java.util.concurrent.ThreadPoolExecutor$Worker.run(ThreadPoolExecutor.java:624)
        at java.lang.Thread.run(Thread.java:748)
"pool-196-thread-54"  prio=5 tid=2047 in Object.wait()
java.lang.Thread.State: WAITING (on object monitor)
        at sun.misc.Unsafe.park(Native Method)
        at java.util.concurrent.locks.LockSupport.park(LockSupport.java:175)
        at java.util.concurrent.locks.AbstractQueuedSynchronizer$ConditionObject.await(AbstractQueuedSynchronizer.java:2039)
        at java.util.concurrent.ArrayBlockingQueue.take(ArrayBlockingQueue.java:403)
        at java.util.concurrent.ThreadPoolExecutor.getTask(ThreadPoolExecutor.java:1074)
        at java.util.concurrent.ThreadPoolExecutor.runWorker(ThreadPoolExecutor.java:1134)
        at java.util.concurrent.ThreadPoolExecutor$Worker.run(ThreadPoolExecutor.java:624)
        at java.lang.Thread.run(Thread.java:748)
"pool-176-thread-10"  prio=5 tid=1878 in Object.wait()
java.lang.Thread.State: WAITING (on object monitor)
        at sun.misc.Unsafe.park(Native Method)
        at java.util.concurrent.locks.LockSupport.park(LockSupport.java:175)
        at java.util.concurrent.locks.AbstractQueuedSynchronizer$ConditionObject.await(AbstractQueuedSynchronizer.java:2039)
        at java.util.concurrent.ArrayBlockingQueue.take(ArrayBlockingQueue.java:403)
        at java.util.concurrent.ThreadPoolExecutor.getTask(ThreadPoolExecutor.java:1074)
        at java.util.concurrent.ThreadPoolExecutor.runWorker(ThreadPoolExecutor.java:1134)
        at java.util.concurrent.ThreadPoolExecutor$Worker.run(ThreadPoolExecutor.java:624)
        at java.lang.Thread.run(Thread.java:748)
"pool-176-thread-9"  prio=5 tid=1877 in Object.wait()
java.lang.Thread.State: WAITING (on object monitor)
        at sun.misc.Unsafe.park(Native Method)
        at java.util.concurrent.locks.LockSupport.park(LockSupport.java:175)
        at java.util.concurrent.locks.AbstractQueuedSynchronizer$ConditionObject.await(AbstractQueuedSynchronizer.java:2039)
        at java.util.concurrent.ArrayBlockingQueue.take(ArrayBlockingQueue.java:403)
        at java.util.concurrent.ThreadPoolExecutor.getTask(ThreadPoolExecutor.java:1074)
        at java.util.concurrent.ThreadPoolExecutor.runWorker(ThreadPoolExecutor.java:1134)
        at java.util.concurrent.ThreadPoolExecutor$Worker.run(ThreadPoolExecutor.java:624)
        at java.lang.Thread.run(Thread.java:748)
"metrics-hadoop-metrics2-reporter-28-thread-1" daemon prio=5 tid=973 timed_waiting
java.lang.Thread.State: TIMED_WAITING
        at sun.misc.Unsafe.park(Native Method)
        at java.util.concurrent.locks.LockSupport.parkNanos(LockSupport.java:215)
        at java.util.concurrent.locks.AbstractQueuedSynchronizer$ConditionObject.awaitNanos(AbstractQueuedSynchronizer.java:2078)
        at java.util.concurrent.ScheduledThreadPoolExecutor$DelayedWorkQueue.take(ScheduledThreadPoolExecutor.java:1093)
        at java.util.concurrent.ScheduledThreadPoolExecutor$DelayedWorkQueue.take(ScheduledThreadPoolExecutor.java:809)
        at java.util.concurrent.ThreadPoolExecutor.getTask(ThreadPoolExecutor.java:1074)
        at java.util.concurrent.ThreadPoolExecutor.runWorker(ThreadPoolExecutor.java:1134)
        at java.util.concurrent.ThreadPoolExecutor$Worker.run(ThreadPoolExecutor.java:624)
        at java.lang.Thread.run(Thread.java:748)
"pool-186-thread-55"  prio=5 tid=1986 in Object.wait()
java.lang.Thread.State: WAITING (on object monitor)
        at sun.misc.Unsafe.park(Native Method)
        at java.util.concurrent.locks.LockSupport.park(LockSupport.java:175)
        at java.util.concurrent.locks.AbstractQueuedSynchronizer$ConditionObject.await(AbstractQueuedSynchronizer.java:2039)
        at java.util.concurrent.ArrayBlockingQueue.take(ArrayBlockingQueue.java:403)
        at java.util.concurrent.ThreadPoolExecutor.getTask(ThreadPoolExecutor.java:1074)
        at java.util.concurrent.ThreadPoolExecutor.runWorker(ThreadPoolExecutor.java:1134)
        at java.util.concurrent.ThreadPoolExecutor$Worker.run(ThreadPoolExecutor.java:624)
        at java.lang.Thread.run(Thread.java:748)
"Datanode ReportManager Thread - 0" daemon prio=5 tid=1807 in Object.wait()
java.lang.Thread.State: WAITING (on object monitor)
        at sun.misc.Unsafe.park(Native Method)
        at java.util.concurrent.locks.LockSupport.park(LockSupport.java:175)
        at java.util.concurrent.locks.AbstractQueuedSynchronizer$ConditionObject.await(AbstractQueuedSynchronizer.java:2039)
        at java.util.concurrent.ScheduledThreadPoolExecutor$DelayedWorkQueue.take(ScheduledThreadPoolExecutor.java:1088)
        at java.util.concurrent.ScheduledThreadPoolExecutor$DelayedWorkQueue.take(ScheduledThreadPoolExecutor.java:809)
        at java.util.concurrent.ThreadPoolExecutor.getTask(ThreadPoolExecutor.java:1074)
        at java.util.concurrent.ThreadPoolExecutor.runWorker(ThreadPoolExecutor.java:1134)
        at java.util.concurrent.ThreadPoolExecutor$Worker.run(ThreadPoolExecutor.java:624)
        at java.lang.Thread.run(Thread.java:748)
"IPC Server handler 4 on 41111" daemon prio=5 tid=1715 timed_waiting
java.lang.Thread.State: TIMED_WAITING
        at sun.misc.Unsafe.park(Native Method)
        at java.util.concurrent.locks.LockSupport.parkNanos(LockSupport.java:215)
        at java.util.concurrent.locks.AbstractQueuedSynchronizer$ConditionObject.awaitNanos(AbstractQueuedSynchronizer.java:2078)
        at java.util.concurrent.LinkedBlockingQueue.poll(LinkedBlockingQueue.java:467)
        at org.apache.hadoop.ipc.CallQueueManager.take(CallQueueManager.java:288)
        at org.apache.hadoop.ipc.Server$Handler.run(Server.java:2668)
"pool-186-thread-16"  prio=5 tid=1947 in Object.wait()
java.lang.Thread.State: WAITING (on object monitor)
        at sun.misc.Unsafe.park(Native Method)
        at java.util.concurrent.locks.LockSupport.park(LockSupport.java:175)
        at java.util.concurrent.locks.AbstractQueuedSynchronizer$ConditionObject.await(AbstractQueuedSynchronizer.java:2039)
        at java.util.concurrent.ArrayBlockingQueue.take(ArrayBlockingQueue.java:403)
        at java.util.concurrent.ThreadPoolExecutor.getTask(ThreadPoolExecutor.java:1074)
        at java.util.concurrent.ThreadPoolExecutor.runWorker(ThreadPoolExecutor.java:1134)
        at java.util.concurrent.ThreadPoolExecutor$Worker.run(ThreadPoolExecutor.java:624)
        at java.lang.Thread.run(Thread.java:748)
"qtp1314460166-1826" daemon prio=5 tid=1826 timed_waiting
java.lang.Thread.State: TIMED_WAITING
        at sun.misc.Unsafe.park(Native Method)
        at java.util.concurrent.locks.LockSupport.parkNanos(LockSupport.java:215)
        at java.util.concurrent.locks.AbstractQueuedSynchronizer$ConditionObject.awaitNanos(AbstractQueuedSynchronizer.java:2078)
        at org.eclipse.jetty.util.BlockingArrayQueue.poll(BlockingArrayQueue.java:392)
        at org.eclipse.jetty.util.thread.QueuedThreadPool.idleJobPoll(QueuedThreadPool.java:563)
        at org.eclipse.jetty.util.thread.QueuedThreadPool.access$800(QueuedThreadPool.java:48)
        at org.eclipse.jetty.util.thread.QueuedThreadPool$2.run(QueuedThreadPool.java:626)
        at java.lang.Thread.run(Thread.java:748)
"Datanode ReportManager Thread - 2" daemon prio=5 tid=1863 in Object.wait()
java.lang.Thread.State: WAITING (on object monitor)
        at sun.misc.Unsafe.park(Native Method)
        at java.util.concurrent.locks.LockSupport.park(LockSupport.java:175)
        at java.util.concurrent.locks.AbstractQueuedSynchronizer$ConditionObject.await(AbstractQueuedSynchronizer.java:2039)
        at java.util.concurrent.ScheduledThreadPoolExecutor$DelayedWorkQueue.take(ScheduledThreadPoolExecutor.java:1088)
        at java.util.concurrent.ScheduledThreadPoolExecutor$DelayedWorkQueue.take(ScheduledThreadPoolExecutor.java:809)
        at java.util.concurrent.ThreadPoolExecutor.getTask(ThreadPoolExecutor.java:1074)
        at java.util.concurrent.ThreadPoolExecutor.runWorker(ThreadPoolExecutor.java:1134)
        at java.util.concurrent.ThreadPoolExecutor$Worker.run(ThreadPoolExecutor.java:624)
        at java.lang.Thread.run(Thread.java:748)
"metrics-hadoop-metrics2-reporter-1-thread-1" daemon prio=5 tid=436 timed_waiting
java.lang.Thread.State: TIMED_WAITING
        at sun.misc.Unsafe.park(Native Method)
        at java.util.concurrent.locks.LockSupport.parkNanos(LockSupport.java:215)
        at java.util.concurrent.locks.AbstractQueuedSynchronizer$ConditionObject.awaitNanos(AbstractQueuedSynchronizer.java:2078)
        at java.util.concurrent.ScheduledThreadPoolExecutor$DelayedWorkQueue.take(ScheduledThreadPoolExecutor.java:1093)
        at java.util.concurrent.ScheduledThreadPoolExecutor$DelayedWorkQueue.take(ScheduledThreadPoolExecutor.java:809)
        at java.util.concurrent.ThreadPoolExecutor.getTask(ThreadPoolExecutor.java:1074)
        at java.util.concurrent.ThreadPoolExecutor.runWorker(ThreadPoolExecutor.java:1134)
        at java.util.concurrent.ThreadPoolExecutor$Worker.run(ThreadPoolExecutor.java:624)
        at java.lang.Thread.run(Thread.java:748)
"IPC Server handler 6 on 33059" daemon prio=5 tid=1677 timed_waiting
java.lang.Thread.State: TIMED_WAITING
        at sun.misc.Unsafe.park(Native Method)
        at java.util.concurrent.locks.LockSupport.parkNanos(LockSupport.java:215)
        at java.util.concurrent.locks.AbstractQueuedSynchronizer$ConditionObject.awaitNanos(AbstractQueuedSynchronizer.java:2078)
        at java.util.concurrent.LinkedBlockingQueue.poll(LinkedBlockingQueue.java:467)
        at org.apache.hadoop.ipc.CallQueueManager.take(CallQueueManager.java:288)
        at org.apache.hadoop.ipc.Server$Handler.run(Server.java:2668)
"metrics-hadoop-metrics2-reporter-107-thread-1" daemon prio=5 tid=2258 timed_waiting
java.lang.Thread.State: TIMED_WAITING
        at sun.misc.Unsafe.park(Native Method)
        at java.util.concurrent.locks.LockSupport.parkNanos(LockSupport.java:215)
        at java.util.concurrent.locks.AbstractQueuedSynchronizer$ConditionObject.awaitNanos(AbstractQueuedSynchronizer.java:2078)
        at java.util.concurrent.ScheduledThreadPoolExecutor$DelayedWorkQueue.take(ScheduledThreadPoolExecutor.java:1093)
        at java.util.concurrent.ScheduledThreadPoolExecutor$DelayedWorkQueue.take(ScheduledThreadPoolExecutor.java:809)
        at java.util.concurrent.ThreadPoolExecutor.getTask(ThreadPoolExecutor.java:1074)
        at java.util.concurrent.ThreadPoolExecutor.runWorker(ThreadPoolExecutor.java:1134)
        at java.util.concurrent.ThreadPoolExecutor$Worker.run(ThreadPoolExecutor.java:624)
        at java.lang.Thread.run(Thread.java:748)
"pool-196-thread-60"  prio=5 tid=2053 in Object.wait()
java.lang.Thread.State: WAITING (on object monitor)
        at sun.misc.Unsafe.park(Native Method)
        at java.util.concurrent.locks.LockSupport.park(LockSupport.java:175)
        at java.util.concurrent.locks.AbstractQueuedSynchronizer$ConditionObject.await(AbstractQueuedSynchronizer.java:2039)
        at java.util.concurrent.ArrayBlockingQueue.take(ArrayBlockingQueue.java:403)
        at java.util.concurrent.ThreadPoolExecutor.getTask(ThreadPoolExecutor.java:1074)
        at java.util.concurrent.ThreadPoolExecutor.runWorker(ThreadPoolExecutor.java:1134)
        at java.util.concurrent.ThreadPoolExecutor$Worker.run(ThreadPoolExecutor.java:624)
        at java.lang.Thread.run(Thread.java:748)
"PartialTableCache Cleanup Thread - 0" daemon prio=5 tid=1073 in Object.wait()
java.lang.Thread.State: WAITING (on object monitor)
        at sun.misc.Unsafe.park(Native Method)
        at java.util.concurrent.locks.LockSupport.park(LockSupport.java:175)
        at java.util.concurrent.locks.AbstractQueuedSynchronizer$ConditionObject.await(AbstractQueuedSynchronizer.java:2039)
        at java.util.concurrent.LinkedBlockingQueue.take(LinkedBlockingQueue.java:442)
        at java.util.concurrent.ThreadPoolExecutor.getTask(ThreadPoolExecutor.java:1074)
        at java.util.concurrent.ThreadPoolExecutor.runWorker(ThreadPoolExecutor.java:1134)
        at java.util.concurrent.ThreadPoolExecutor$Worker.run(ThreadPoolExecutor.java:624)
        at java.lang.Thread.run(Thread.java:748)
"pool-196-thread-4"  prio=5 tid=1997 in Object.wait()
java.lang.Thread.State: WAITING (on object monitor)
        at sun.misc.Unsafe.park(Native Method)
        at java.util.concurrent.locks.LockSupport.park(LockSupport.java:175)
        at java.util.concurrent.locks.AbstractQueuedSynchronizer$ConditionObject.await(AbstractQueuedSynchronizer.java:2039)
        at java.util.concurrent.ArrayBlockingQueue.take(ArrayBlockingQueue.java:403)
        at java.util.concurrent.ThreadPoolExecutor.getTask(ThreadPoolExecutor.java:1074)
        at java.util.concurrent.ThreadPoolExecutor.runWorker(ThreadPoolExecutor.java:1134)
        at java.util.concurrent.ThreadPoolExecutor$Worker.run(ThreadPoolExecutor.java:624)
        at java.lang.Thread.run(Thread.java:748)
"qtp1635471455-1851" daemon prio=5 tid=1851 timed_waiting
java.lang.Thread.State: TIMED_WAITING
        at sun.misc.Unsafe.park(Native Method)
        at java.util.concurrent.locks.LockSupport.parkNanos(LockSupport.java:215)
        at java.util.concurrent.locks.AbstractQueuedSynchronizer$ConditionObject.awaitNanos(AbstractQueuedSynchronizer.java:2078)
        at org.eclipse.jetty.util.BlockingArrayQueue.poll(BlockingArrayQueue.java:392)
        at org.eclipse.jetty.util.thread.QueuedThreadPool.idleJobPoll(QueuedThreadPool.java:563)
        at org.eclipse.jetty.util.thread.QueuedThreadPool.access$800(QueuedThreadPool.java:48)
        at org.eclipse.jetty.util.thread.QueuedThreadPool$2.run(QueuedThreadPool.java:626)
        at java.lang.Thread.run(Thread.java:748)
"pool-174-thread-1" daemon prio=5 tid=1792 timed_waiting
java.lang.Thread.State: TIMED_WAITING
        at sun.misc.Unsafe.park(Native Method)
        at java.util.concurrent.locks.LockSupport.parkNanos(LockSupport.java:215)
        at java.util.concurrent.locks.AbstractQueuedSynchronizer$ConditionObject.awaitNanos(AbstractQueuedSynchronizer.java:2078)
        at java.util.concurrent.ScheduledThreadPoolExecutor$DelayedWorkQueue.take(ScheduledThreadPoolExecutor.java:1093)
        at java.util.concurrent.ScheduledThreadPoolExecutor$DelayedWorkQueue.take(ScheduledThreadPoolExecutor.java:809)
        at java.util.concurrent.ThreadPoolExecutor.getTask(ThreadPoolExecutor.java:1074)
        at java.util.concurrent.ThreadPoolExecutor.runWorker(ThreadPoolExecutor.java:1134)
        at java.util.concurrent.ThreadPoolExecutor$Worker.run(ThreadPoolExecutor.java:624)
        at java.lang.Thread.run(Thread.java:748)
"org.eclipse.jetty.server.session.HashSessionManager@34ce2585Timer" daemon prio=5 tid=1786 timed_waiting
java.lang.Thread.State: TIMED_WAITING
        at sun.misc.Unsafe.park(Native Method)
        at java.util.concurrent.locks.LockSupport.parkNanos(LockSupport.java:215)
        at java.util.concurrent.locks.AbstractQueuedSynchronizer$ConditionObject.awaitNanos(AbstractQueuedSynchronizer.java:2078)
        at java.util.concurrent.ScheduledThreadPoolExecutor$DelayedWorkQueue.take(ScheduledThreadPoolExecutor.java:1093)
        at java.util.concurrent.ScheduledThreadPoolExecutor$DelayedWorkQueue.take(ScheduledThreadPoolExecutor.java:809)
        at java.util.concurrent.ThreadPoolExecutor.getTask(ThreadPoolExecutor.java:1074)
        at java.util.concurrent.ThreadPoolExecutor.runWorker(ThreadPoolExecutor.java:1134)
        at java.util.concurrent.ThreadPoolExecutor$Worker.run(ThreadPoolExecutor.java:624)
        at java.lang.Thread.run(Thread.java:748)
"org.eclipse.jetty.server.session.HashSessionManager@6da3edd7Timer" daemon prio=5 tid=1859 timed_waiting
java.lang.Thread.State: TIMED_WAITING
        at sun.misc.Unsafe.park(Native Method)
        at java.util.concurrent.locks.LockSupport.parkNanos(LockSupport.java:215)
        at java.util.concurrent.locks.AbstractQueuedSynchronizer$ConditionObject.awaitNanos(AbstractQueuedSynchronizer.java:2078)
        at java.util.concurrent.ScheduledThreadPoolExecutor$DelayedWorkQueue.take(ScheduledThreadPoolExecutor.java:1093)
        at java.util.concurrent.ScheduledThreadPoolExecutor$DelayedWorkQueue.take(ScheduledThreadPoolExecutor.java:809)
        at java.util.concurrent.ThreadPoolExecutor.getTask(ThreadPoolExecutor.java:1074)
        at java.util.concurrent.ThreadPoolExecutor.runWorker(ThreadPoolExecutor.java:1134)
        at java.util.concurrent.ThreadPoolExecutor$Worker.run(ThreadPoolExecutor.java:624)
        at java.lang.Thread.run(Thread.java:748)
"pool-196-thread-40"  prio=5 tid=2033 in Object.wait()
java.lang.Thread.State: WAITING (on object monitor)
        at sun.misc.Unsafe.park(Native Method)
        at java.util.concurrent.locks.LockSupport.park(LockSupport.java:175)
        at java.util.concurrent.locks.AbstractQueuedSynchronizer$ConditionObject.await(AbstractQueuedSynchronizer.java:2039)
        at java.util.concurrent.ArrayBlockingQueue.take(ArrayBlockingQueue.java:403)
        at java.util.concurrent.ThreadPoolExecutor.getTask(ThreadPoolExecutor.java:1074)
        at java.util.concurrent.ThreadPoolExecutor.runWorker(ThreadPoolExecutor.java:1134)
        at java.util.concurrent.ThreadPoolExecutor$Worker.run(ThreadPoolExecutor.java:624)
        at java.lang.Thread.run(Thread.java:748)
"pool-186-thread-41"  prio=5 tid=1972 in Object.wait()
java.lang.Thread.State: WAITING (on object monitor)
        at sun.misc.Unsafe.park(Native Method)
        at java.util.concurrent.locks.LockSupport.park(LockSupport.java:175)
        at java.util.concurrent.locks.AbstractQueuedSynchronizer$ConditionObject.await(AbstractQueuedSynchronizer.java:2039)
        at java.util.concurrent.ArrayBlockingQueue.take(ArrayBlockingQueue.java:403)
        at java.util.concurrent.ThreadPoolExecutor.getTask(ThreadPoolExecutor.java:1074)
        at java.util.concurrent.ThreadPoolExecutor.runWorker(ThreadPoolExecutor.java:1134)
        at java.util.concurrent.ThreadPoolExecutor$Worker.run(ThreadPoolExecutor.java:624)
        at java.lang.Thread.run(Thread.java:748)
"refreshUsed-/workdir/hadoop-ozone/ozonefs/target/test-dir/MiniOzoneClusterImpl-0df98be9-49e2-4eb9-b6e4-71f20c3f18cb/datanode-1/data/containers" daemon prio=5 tid=1817 timed_waiting
java.lang.Thread.State: TIMED_WAITING
        at java.lang.Thread.sleep(Native Method)
        at org.apache.hadoop.fs.CachingGetSpaceUsed$RefreshThread.run(CachingGetSpaceUsed.java:179)
        at java.lang.Thread.run(Thread.java:748)
"org.apache.hadoop.fs.FileSystem$Statistics$StatisticsDataReferenceCleaner" daemon prio=5 tid=548 in Object.wait()
java.lang.Thread.State: WAITING (on object monitor)
        at java.lang.Object.wait(Native Method)
        at java.lang.ref.ReferenceQueue.remove(ReferenceQueue.java:144)
        at java.lang.ref.ReferenceQueue.remove(ReferenceQueue.java:165)
        at org.apache.hadoop.fs.FileSystem$Statistics$StatisticsDataReferenceCleaner.run(FileSystem.java:3762)
        at java.lang.Thread.run(Thread.java:748)
"qtp1635471455-1854" daemon prio=5 tid=1854 timed_waiting
java.lang.Thread.State: TIMED_WAITING
        at sun.misc.Unsafe.park(Native Method)
        at java.util.concurrent.locks.LockSupport.parkNanos(LockSupport.java:215)
        at java.util.concurrent.locks.AbstractQueuedSynchronizer$ConditionObject.awaitNanos(AbstractQueuedSynchronizer.java:2078)
        at org.eclipse.jetty.util.BlockingArrayQueue.poll(BlockingArrayQueue.java:392)
        at org.eclipse.jetty.util.thread.QueuedThreadPool.idleJobPoll(QueuedThreadPool.java:563)
        at org.eclipse.jetty.util.thread.QueuedThreadPool.access$800(QueuedThreadPool.java:48)
        at org.eclipse.jetty.util.thread.QueuedThreadPool$2.run(QueuedThreadPool.java:626)
        at java.lang.Thread.run(Thread.java:748)
"qtp2051361244-1780" daemon prio=5 tid=1780 timed_waiting
java.lang.Thread.State: TIMED_WAITING
        at sun.misc.Unsafe.park(Native Method)
        at java.util.concurrent.locks.LockSupport.parkNanos(LockSupport.java:215)
        at java.util.concurrent.locks.AbstractQueuedSynchronizer$ConditionObject.awaitNanos(AbstractQueuedSynchronizer.java:2078)
        at org.eclipse.jetty.util.BlockingArrayQueue.poll(BlockingArrayQueue.java:392)
        at org.eclipse.jetty.util.thread.QueuedThreadPool.idleJobPoll(QueuedThreadPool.java:563)
        at org.eclipse.jetty.util.thread.QueuedThreadPool.access$800(QueuedThreadPool.java:48)
        at org.eclipse.jetty.util.thread.QueuedThreadPool$2.run(QueuedThreadPool.java:626)
        at java.lang.Thread.run(Thread.java:748)
"IPC Server handler 13 on 39395" daemon prio=5 tid=1704 timed_waiting
java.lang.Thread.State: TIMED_WAITING
        at sun.misc.Unsafe.park(Native Method)
        at java.util.concurrent.locks.LockSupport.parkNanos(LockSupport.java:215)
        at java.util.concurrent.locks.AbstractQueuedSynchronizer$ConditionObject.awaitNanos(AbstractQueuedSynchronizer.java:2078)
        at java.util.concurrent.LinkedBlockingQueue.poll(LinkedBlockingQueue.java:467)
        at org.apache.hadoop.ipc.CallQueueManager.take(CallQueueManager.java:288)
        at org.apache.hadoop.ipc.Server$Handler.run(Server.java:2668)
"metrics-hadoop-metrics2-reporter-53-thread-1" daemon prio=5 tid=1057 timed_waiting
java.lang.Thread.State: TIMED_WAITING
        at sun.misc.Unsafe.park(Native Method)
        at java.util.concurrent.locks.LockSupport.parkNanos(LockSupport.java:215)
        at java.util.concurrent.locks.AbstractQueuedSynchronizer$ConditionObject.awaitNanos(AbstractQueuedSynchronizer.java:2078)
        at java.util.concurrent.ScheduledThreadPoolExecutor$DelayedWorkQueue.take(ScheduledThreadPoolExecutor.java:1093)
        at java.util.concurrent.ScheduledThreadPoolExecutor$DelayedWorkQueue.take(ScheduledThreadPoolExecutor.java:809)
        at java.util.concurrent.ThreadPoolExecutor.getTask(ThreadPoolExecutor.java:1074)
        at java.util.concurrent.ThreadPoolExecutor.runWorker(ThreadPoolExecutor.java:1134)
        at java.util.concurrent.ThreadPoolExecutor$Worker.run(ThreadPoolExecutor.java:624)
        at java.lang.Thread.run(Thread.java:748)
"Datanode ReportManager Thread - 1" daemon prio=5 tid=1265 in Object.wait()
java.lang.Thread.State: WAITING (on object monitor)
        at sun.misc.Unsafe.park(Native Method)
        at java.util.concurrent.locks.LockSupport.park(LockSupport.java:175)
        at java.util.concurrent.locks.AbstractQueuedSynchronizer$ConditionObject.await(AbstractQueuedSynchronizer.java:2039)
        at java.util.concurrent.ScheduledThreadPoolExecutor$DelayedWorkQueue.take(ScheduledThreadPoolExecutor.java:1088)
        at java.util.concurrent.ScheduledThreadPoolExecutor$DelayedWorkQueue.take(ScheduledThreadPoolExecutor.java:809)
        at java.util.concurrent.ThreadPoolExecutor.getTask(ThreadPoolExecutor.java:1074)
        at java.util.concurrent.ThreadPoolExecutor.runWorker(ThreadPoolExecutor.java:1134)
        at java.util.concurrent.ThreadPoolExecutor$Worker.run(ThreadPoolExecutor.java:624)
        at java.lang.Thread.run(Thread.java:748)
"pool-196-thread-25"  prio=5 tid=2018 in Object.wait()
java.lang.Thread.State: WAITING (on object monitor)
        at sun.misc.Unsafe.park(Native Method)
        at java.util.concurrent.locks.LockSupport.park(LockSupport.java:175)
        at java.util.concurrent.locks.AbstractQueuedSynchronizer$ConditionObject.await(AbstractQueuedSynchronizer.java:2039)
        at java.util.concurrent.ArrayBlockingQueue.take(ArrayBlockingQueue.java:403)
        at java.util.concurrent.ThreadPoolExecutor.getTask(ThreadPoolExecutor.java:1074)
        at java.util.concurrent.ThreadPoolExecutor.runWorker(ThreadPoolExecutor.java:1134)
        at java.util.concurrent.ThreadPoolExecutor$Worker.run(ThreadPoolExecutor.java:624)
        at java.lang.Thread.run(Thread.java:748)
"metrics-hadoop-metrics2-reporter-7-thread-1" daemon prio=5 tid=452 timed_waiting
java.lang.Thread.State: TIMED_WAITING
        at sun.misc.Unsafe.park(Native Method)
        at java.util.concurrent.locks.LockSupport.parkNanos(LockSupport.java:215)
        at java.util.concurrent.locks.AbstractQueuedSynchronizer$ConditionObject.awaitNanos(AbstractQueuedSynchronizer.java:2078)
        at java.util.concurrent.ScheduledThreadPoolExecutor$DelayedWorkQueue.take(ScheduledThreadPoolExecutor.java:1093)
        at java.util.concurrent.ScheduledThreadPoolExecutor$DelayedWorkQueue.take(ScheduledThreadPoolExecutor.java:809)
        at java.util.concurrent.ThreadPoolExecutor.getTask(ThreadPoolExecutor.java:1074)
        at java.util.concurrent.ThreadPoolExecutor.runWorker(ThreadPoolExecutor.java:1134)
        at java.util.concurrent.ThreadPoolExecutor$Worker.run(ThreadPoolExecutor.java:624)
        at java.lang.Thread.run(Thread.java:748)
"surefire-forkedjvm-ping-30s" daemon prio=5 tid=9 timed_waiting
java.lang.Thread.State: TIMED_WAITING
        at sun.misc.Unsafe.park(Native Method)
        at java.util.concurrent.locks.LockSupport.parkNanos(LockSupport.java:215)
        at java.util.concurrent.locks.AbstractQueuedSynchronizer$ConditionObject.awaitNanos(AbstractQueuedSynchronizer.java:2078)
        at java.util.concurrent.ScheduledThreadPoolExecutor$DelayedWorkQueue.take(ScheduledThreadPoolExecutor.java:1093)
        at java.util.concurrent.ScheduledThreadPoolExecutor$DelayedWorkQueue.take(ScheduledThreadPoolExecutor.java:809)
        at java.util.concurrent.ThreadPoolExecutor.getTask(ThreadPoolExecutor.java:1074)
        at java.util.concurrent.ThreadPoolExecutor.runWorker(ThreadPoolExecutor.java:1134)
        at java.util.concurrent.ThreadPoolExecutor$Worker.run(ThreadPoolExecutor.java:624)
        at java.lang.Thread.run(Thread.java:748)
"org.eclipse.jetty.server.session.HashSessionManager@2de4d3afTimer" daemon prio=5 tid=1785 timed_waiting
java.lang.Thread.State: TIMED_WAITING
        at sun.misc.Unsafe.park(Native Method)
        at java.util.concurrent.locks.LockSupport.parkNanos(LockSupport.java:215)
        at java.util.concurrent.locks.AbstractQueuedSynchronizer$ConditionObject.awaitNanos(AbstractQueuedSynchronizer.java:2078)
        at java.util.concurrent.ScheduledThreadPoolExecutor$DelayedWorkQueue.take(ScheduledThreadPoolExecutor.java:1093)
        at java.util.concurrent.ScheduledThreadPoolExecutor$DelayedWorkQueue.take(ScheduledThreadPoolExecutor.java:809)
        at java.util.concurrent.ThreadPoolExecutor.getTask(ThreadPoolExecutor.java:1074)
        at java.util.concurrent.ThreadPoolExecutor.runWorker(ThreadPoolExecutor.java:1134)
        at java.util.concurrent.ThreadPoolExecutor$Worker.run(ThreadPoolExecutor.java:624)
        at java.lang.Thread.run(Thread.java:748)
"org.eclipse.jetty.server.session.HashSessionManager@2749dde5Timer" daemon prio=5 tid=1803 timed_waiting
java.lang.Thread.State: TIMED_WAITING
        at sun.misc.Unsafe.park(Native Method)
        at java.util.concurrent.locks.LockSupport.parkNanos(LockSupport.java:215)
        at java.util.concurrent.locks.AbstractQueuedSynchronizer$ConditionObject.awaitNanos(AbstractQueuedSynchronizer.java:2078)
        at java.util.concurrent.ScheduledThreadPoolExecutor$DelayedWorkQueue.take(ScheduledThreadPoolExecutor.java:1093)
        at java.util.concurrent.ScheduledThreadPoolExecutor$DelayedWorkQueue.take(ScheduledThreadPoolExecutor.java:809)
        at java.util.concurrent.ThreadPoolExecutor.getTask(ThreadPoolExecutor.java:1074)
        at java.util.concurrent.ThreadPoolExecutor.runWorker(ThreadPoolExecutor.java:1134)
        at java.util.concurrent.ThreadPoolExecutor$Worker.run(ThreadPoolExecutor.java:624)
        at java.lang.Thread.run(Thread.java:748)
"pool-186-thread-1"  prio=5 tid=1932 in Object.wait()
java.lang.Thread.State: WAITING (on object monitor)
        at sun.misc.Unsafe.park(Native Method)
        at java.util.concurrent.locks.LockSupport.park(LockSupport.java:175)
        at java.util.concurrent.locks.AbstractQueuedSynchronizer$ConditionObject.await(AbstractQueuedSynchronizer.java:2039)
        at java.util.concurrent.ArrayBlockingQueue.take(ArrayBlockingQueue.java:403)
        at java.util.concurrent.ThreadPoolExecutor.getTask(ThreadPoolExecutor.java:1074)
        at java.util.concurrent.ThreadPoolExecutor.runWorker(ThreadPoolExecutor.java:1134)
        at java.util.concurrent.ThreadPoolExecutor$Worker.run(ThreadPoolExecutor.java:624)
        at java.lang.Thread.run(Thread.java:748)
"pool-186-thread-22"  prio=5 tid=1953 in Object.wait()
java.lang.Thread.State: WAITING (on object monitor)
        at sun.misc.Unsafe.park(Native Method)
        at java.util.concurrent.locks.LockSupport.park(LockSupport.java:175)
        at java.util.concurrent.locks.AbstractQueuedSynchronizer$ConditionObject.await(AbstractQueuedSynchronizer.java:2039)
        at java.util.concurrent.ArrayBlockingQueue.take(ArrayBlockingQueue.java:403)
        at java.util.concurrent.ThreadPoolExecutor.getTask(ThreadPoolExecutor.java:1074)
        at java.util.concurrent.ThreadPoolExecutor.runWorker(ThreadPoolExecutor.java:1134)
        at java.util.concurrent.ThreadPoolExecutor$Worker.run(ThreadPoolExecutor.java:624)
        at java.lang.Thread.run(Thread.java:748)
"metrics-hadoop-metrics2-reporter-20-thread-1" daemon prio=5 tid=488 timed_waiting
java.lang.Thread.State: TIMED_WAITING
        at sun.misc.Unsafe.park(Native Method)
        at java.util.concurrent.locks.LockSupport.parkNanos(LockSupport.java:215)
        at java.util.concurrent.locks.AbstractQueuedSynchronizer$ConditionObject.awaitNanos(AbstractQueuedSynchronizer.java:2078)
        at java.util.concurrent.ScheduledThreadPoolExecutor$DelayedWorkQueue.take(ScheduledThreadPoolExecutor.java:1093)
        at java.util.concurrent.ScheduledThreadPoolExecutor$DelayedWorkQueue.take(ScheduledThreadPoolExecutor.java:809)
        at java.util.concurrent.ThreadPoolExecutor.getTask(ThreadPoolExecutor.java:1074)
        at java.util.concurrent.ThreadPoolExecutor.runWorker(ThreadPoolExecutor.java:1134)
        at java.util.concurrent.ThreadPoolExecutor$Worker.run(ThreadPoolExecutor.java:624)
        at java.lang.Thread.run(Thread.java:748)
"BlockDeletingService#0" daemon prio=5 tid=1992 timed_waiting
java.lang.Thread.State: TIMED_WAITING
        at sun.misc.Unsafe.park(Native Method)
        at java.util.concurrent.locks.LockSupport.parkNanos(LockSupport.java:215)
        at java.util.concurrent.locks.AbstractQueuedSynchronizer$ConditionObject.awaitNanos(AbstractQueuedSynchronizer.java:2078)
        at java.util.concurrent.ScheduledThreadPoolExecutor$DelayedWorkQueue.take(ScheduledThreadPoolExecutor.java:1093)
        at java.util.concurrent.ScheduledThreadPoolExecutor$DelayedWorkQueue.take(ScheduledThreadPoolExecutor.java:809)
        at java.util.concurrent.ThreadPoolExecutor.getTask(ThreadPoolExecutor.java:1074)
        at java.util.concurrent.ThreadPoolExecutor.runWorker(ThreadPoolExecutor.java:1134)
        at java.util.concurrent.ThreadPoolExecutor$Worker.run(ThreadPoolExecutor.java:624)
        at java.lang.Thread.run(Thread.java:748)
"Datanode ReportManager Thread - 0" daemon prio=5 tid=1291 in Object.wait()
java.lang.Thread.State: WAITING (on object monitor)
        at sun.misc.Unsafe.park(Native Method)
        at java.util.concurrent.locks.LockSupport.park(LockSupport.java:175)
        at java.util.concurrent.locks.AbstractQueuedSynchronizer$ConditionObject.await(AbstractQueuedSynchronizer.java:2039)
        at java.util.concurrent.ScheduledThreadPoolExecutor$DelayedWorkQueue.take(ScheduledThreadPoolExecutor.java:1088)
        at java.util.concurrent.ScheduledThreadPoolExecutor$DelayedWorkQueue.take(ScheduledThreadPoolExecutor.java:809)
        at java.util.concurrent.ThreadPoolExecutor.getTask(ThreadPoolExecutor.java:1074)
        at java.util.concurrent.ThreadPoolExecutor.runWorker(ThreadPoolExecutor.java:1134)
        at java.util.concurrent.ThreadPoolExecutor$Worker.run(ThreadPoolExecutor.java:624)
        at java.lang.Thread.run(Thread.java:748)
"pool-176-thread-6"  prio=5 tid=1874 in Object.wait()
java.lang.Thread.State: WAITING (on object monitor)
        at sun.misc.Unsafe.park(Native Method)
        at java.util.concurrent.locks.LockSupport.park(LockSupport.java:175)
        at java.util.concurrent.locks.AbstractQueuedSynchronizer$ConditionObject.await(AbstractQueuedSynchronizer.java:2039)
        at java.util.concurrent.ArrayBlockingQueue.take(ArrayBlockingQueue.java:403)
        at java.util.concurrent.ThreadPoolExecutor.getTask(ThreadPoolExecutor.java:1074)
        at java.util.concurrent.ThreadPoolExecutor.runWorker(ThreadPoolExecutor.java:1134)
        at java.util.concurrent.ThreadPoolExecutor$Worker.run(ThreadPoolExecutor.java:624)
        at java.lang.Thread.run(Thread.java:748)
"pool-186-thread-43"  prio=5 tid=1974 in Object.wait()
java.lang.Thread.State: WAITING (on object monitor)
        at sun.misc.Unsafe.park(Native Method)
        at java.util.concurrent.locks.LockSupport.park(LockSupport.java:175)
        at java.util.concurrent.locks.AbstractQueuedSynchronizer$ConditionObject.await(AbstractQueuedSynchronizer.java:2039)
        at java.util.concurrent.ArrayBlockingQueue.take(ArrayBlockingQueue.java:403)
        at java.util.concurrent.ThreadPoolExecutor.getTask(ThreadPoolExecutor.java:1074)
        at java.util.concurrent.ThreadPoolExecutor.runWorker(ThreadPoolExecutor.java:1134)
        at java.util.concurrent.ThreadPoolExecutor$Worker.run(ThreadPoolExecutor.java:624)
        at java.lang.Thread.run(Thread.java:748)
"IPC Server handler 0 on 46187" daemon prio=5 tid=1754 timed_waiting
java.lang.Thread.State: TIMED_WAITING
        at sun.misc.Unsafe.park(Native Method)
        at java.util.concurrent.locks.LockSupport.parkNanos(LockSupport.java:215)
        at java.util.concurrent.locks.AbstractQueuedSynchronizer$ConditionObject.awaitNanos(AbstractQueuedSynchronizer.java:2078)
        at java.util.concurrent.LinkedBlockingQueue.poll(LinkedBlockingQueue.java:467)
        at org.apache.hadoop.ipc.CallQueueManager.take(CallQueueManager.java:288)
        at org.apache.hadoop.ipc.Server$Handler.run(Server.java:2668)
"IPC Server handler 1 on 41111" daemon prio=5 tid=1712 timed_waiting
java.lang.Thread.State: TIMED_WAITING
        at sun.misc.Unsafe.park(Native Method)
        at java.util.concurrent.locks.LockSupport.parkNanos(LockSupport.java:215)
        at java.util.concurrent.locks.AbstractQueuedSynchronizer$ConditionObject.awaitNanos(AbstractQueuedSynchronizer.java:2078)
        at java.util.concurrent.LinkedBlockingQueue.poll(LinkedBlockingQueue.java:467)
        at org.apache.hadoop.ipc.CallQueueManager.take(CallQueueManager.java:288)
        at org.apache.hadoop.ipc.Server$Handler.run(Server.java:2668)
"PartialTableCache Cleanup Thread - 0" daemon prio=5 tid=1076 in Object.wait()
java.lang.Thread.State: WAITING (on object monitor)
        at sun.misc.Unsafe.park(Native Method)
        at java.util.concurrent.locks.LockSupport.park(LockSupport.java:175)
        at java.util.concurrent.locks.AbstractQueuedSynchronizer$ConditionObject.await(AbstractQueuedSynchronizer.java:2039)
        at java.util.concurrent.LinkedBlockingQueue.take(LinkedBlockingQueue.java:442)
        at java.util.concurrent.ThreadPoolExecutor.getTask(ThreadPoolExecutor.java:1074)
        at java.util.concurrent.ThreadPoolExecutor.runWorker(ThreadPoolExecutor.java:1134)
        at java.util.concurrent.ThreadPoolExecutor$Worker.run(ThreadPoolExecutor.java:624)
        at java.lang.Thread.run(Thread.java:748)
"IPC Server handler 11 on 33059" daemon prio=5 tid=1682 timed_waiting
java.lang.Thread.State: TIMED_WAITING
        at sun.misc.Unsafe.park(Native Method)
        at java.util.concurrent.locks.LockSupport.parkNanos(LockSupport.java:215)
        at java.util.concurrent.locks.AbstractQueuedSynchronizer$ConditionObject.awaitNanos(AbstractQueuedSynchronizer.java:2078)
        at java.util.concurrent.LinkedBlockingQueue.poll(LinkedBlockingQueue.java:467)
        at org.apache.hadoop.ipc.CallQueueManager.take(CallQueueManager.java:288)
        at org.apache.hadoop.ipc.Server$Handler.run(Server.java:2668)
"IPC Server handler 5 on 33059" daemon prio=5 tid=1676 timed_waiting
java.lang.Thread.State: TIMED_WAITING
        at sun.misc.Unsafe.park(Native Method)
        at java.util.concurrent.locks.LockSupport.parkNanos(LockSupport.java:215)
        at java.util.concurrent.locks.AbstractQueuedSynchronizer$ConditionObject.awaitNanos(AbstractQueuedSynchronizer.java:2078)
        at java.util.concurrent.LinkedBlockingQueue.poll(LinkedBlockingQueue.java:467)
        at org.apache.hadoop.ipc.CallQueueManager.take(CallQueueManager.java:288)
        at org.apache.hadoop.ipc.Server$Handler.run(Server.java:2668)
"metrics-hadoop-metrics2-reporter-78-thread-1" daemon prio=5 tid=1573 timed_waiting
java.lang.Thread.State: TIMED_WAITING
        at sun.misc.Unsafe.park(Native Method)
        at java.util.concurrent.locks.LockSupport.parkNanos(LockSupport.java:215)
        at java.util.concurrent.locks.AbstractQueuedSynchronizer$ConditionObject.awaitNanos(AbstractQueuedSynchronizer.java:2078)
        at java.util.concurrent.ScheduledThreadPoolExecutor$DelayedWorkQueue.take(ScheduledThreadPoolExecutor.java:1093)
        at java.util.concurrent.ScheduledThreadPoolExecutor$DelayedWorkQueue.take(ScheduledThreadPoolExecutor.java:809)
        at java.util.concurrent.ThreadPoolExecutor.getTask(ThreadPoolExecutor.java:1074)
        at java.util.concurrent.ThreadPoolExecutor.runWorker(ThreadPoolExecutor.java:1134)
        at java.util.concurrent.ThreadPoolExecutor$Worker.run(ThreadPoolExecutor.java:624)
        at java.lang.Thread.run(Thread.java:748)
"qtp1314460166-1829" daemon prio=5 tid=1829 timed_waiting
java.lang.Thread.State: TIMED_WAITING
        at sun.misc.Unsafe.park(Native Method)
        at java.util.concurrent.locks.LockSupport.parkNanos(LockSupport.java:215)
        at java.util.concurrent.locks.AbstractQueuedSynchronizer$ConditionObject.awaitNanos(AbstractQueuedSynchronizer.java:2078)
        at org.eclipse.jetty.util.BlockingArrayQueue.poll(BlockingArrayQueue.java:392)
        at org.eclipse.jetty.util.thread.QueuedThreadPool.idleJobPoll(QueuedThreadPool.java:563)
        at org.eclipse.jetty.util.thread.QueuedThreadPool.access$800(QueuedThreadPool.java:48)
        at org.eclipse.jetty.util.thread.QueuedThreadPool$2.run(QueuedThreadPool.java:626)
        at java.lang.Thread.run(Thread.java:748)
"qtp1145772033-1735" daemon prio=5 tid=1735 timed_waiting
java.lang.Thread.State: TIMED_WAITING
        at sun.misc.Unsafe.park(Native Method)
        at java.util.concurrent.locks.LockSupport.parkNanos(LockSupport.java:215)
        at java.util.concurrent.locks.AbstractQueuedSynchronizer$ConditionObject.awaitNanos(AbstractQueuedSynchronizer.java:2078)
        at org.eclipse.jetty.util.BlockingArrayQueue.poll(BlockingArrayQueue.java:392)
        at org.eclipse.jetty.util.thread.QueuedThreadPool.idleJobPoll(QueuedThreadPool.java:563)
        at org.eclipse.jetty.util.thread.QueuedThreadPool.access$800(QueuedThreadPool.java:48)
        at org.eclipse.jetty.util.thread.QueuedThreadPool$2.run(QueuedThreadPool.java:626)
        at java.lang.Thread.run(Thread.java:748)
"pool-186-thread-14"  prio=5 tid=1945 in Object.wait()
java.lang.Thread.State: WAITING (on object monitor)
        at sun.misc.Unsafe.park(Native Method)
        at java.util.concurrent.locks.LockSupport.park(LockSupport.java:175)
        at java.util.concurrent.locks.AbstractQueuedSynchronizer$ConditionObject.await(AbstractQueuedSynchronizer.java:2039)
        at java.util.concurrent.ArrayBlockingQueue.take(ArrayBlockingQueue.java:403)
        at java.util.concurrent.ThreadPoolExecutor.getTask(ThreadPoolExecutor.java:1074)
        at java.util.concurrent.ThreadPoolExecutor.runWorker(ThreadPoolExecutor.java:1134)
        at java.util.concurrent.ThreadPoolExecutor$Worker.run(ThreadPoolExecutor.java:624)
        at java.lang.Thread.run(Thread.java:748)
"pool-186-thread-6"  prio=5 tid=1937 in Object.wait()
java.lang.Thread.State: WAITING (on object monitor)
        at sun.misc.Unsafe.park(Native Method)
        at java.util.concurrent.locks.LockSupport.park(LockSupport.java:175)
        at java.util.concurrent.locks.AbstractQueuedSynchronizer$ConditionObject.await(AbstractQueuedSynchronizer.java:2039)
        at java.util.concurrent.ArrayBlockingQueue.take(ArrayBlockingQueue.java:403)
        at java.util.concurrent.ThreadPoolExecutor.getTask(ThreadPoolExecutor.java:1074)
        at java.util.concurrent.ThreadPoolExecutor.runWorker(ThreadPoolExecutor.java:1134)
        at java.util.concurrent.ThreadPoolExecutor$Worker.run(ThreadPoolExecutor.java:624)
        at java.lang.Thread.run(Thread.java:748)
"BlockDeletingService#1" daemon prio=5 tid=1993 in Object.wait()
java.lang.Thread.State: WAITING (on object monitor)
        at sun.misc.Unsafe.park(Native Method)
        at java.util.concurrent.locks.LockSupport.park(LockSupport.java:175)
        at java.util.concurrent.locks.AbstractQueuedSynchronizer$ConditionObject.await(AbstractQueuedSynchronizer.java:2039)
        at java.util.concurrent.ScheduledThreadPoolExecutor$DelayedWorkQueue.take(ScheduledThreadPoolExecutor.java:1088)
        at java.util.concurrent.ScheduledThreadPoolExecutor$DelayedWorkQueue.take(ScheduledThreadPoolExecutor.java:809)
        at java.util.concurrent.ThreadPoolExecutor.getTask(ThreadPoolExecutor.java:1074)
        at java.util.concurrent.ThreadPoolExecutor.runWorker(ThreadPoolExecutor.java:1134)
        at java.util.concurrent.ThreadPoolExecutor$Worker.run(ThreadPoolExecutor.java:624)
        at java.lang.Thread.run(Thread.java:748)
"IPC Server idle connection scanner for port 33059" daemon prio=5 tid=1666 timed_waiting
java.lang.Thread.State: TIMED_WAITING
        at java.lang.Object.wait(Native Method)
        at java.util.TimerThread.mainLoop(Timer.java:552)
        at java.util.TimerThread.run(Timer.java:505)
"metrics-hadoop-metrics2-reporter-90-thread-1" daemon prio=5 tid=2090 timed_waiting
java.lang.Thread.State: TIMED_WAITING
        at sun.misc.Unsafe.park(Native Method)
        at java.util.concurrent.locks.LockSupport.parkNanos(LockSupport.java:215)
        at java.util.concurrent.locks.AbstractQueuedSynchronizer$ConditionObject.awaitNanos(AbstractQueuedSynchronizer.java:2078)
        at java.util.concurrent.ScheduledThreadPoolExecutor$DelayedWorkQueue.take(ScheduledThreadPoolExecutor.java:1093)
        at java.util.concurrent.ScheduledThreadPoolExecutor$DelayedWorkQueue.take(ScheduledThreadPoolExecutor.java:809)
        at java.util.concurrent.ThreadPoolExecutor.getTask(ThreadPoolExecutor.java:1074)
        at java.util.concurrent.ThreadPoolExecutor.runWorker(ThreadPoolExecutor.java:1134)
        at java.util.concurrent.ThreadPoolExecutor$Worker.run(ThreadPoolExecutor.java:624)
        at java.lang.Thread.run(Thread.java:748)
"pool-176-thread-21"  prio=5 tid=1889 in Object.wait()
java.lang.Thread.State: WAITING (on object monitor)
        at sun.misc.Unsafe.park(Native Method)
        at java.util.concurrent.locks.LockSupport.park(LockSupport.java:175)
        at java.util.concurrent.locks.AbstractQueuedSynchronizer$ConditionObject.await(AbstractQueuedSynchronizer.java:2039)
        at java.util.concurrent.ArrayBlockingQueue.take(ArrayBlockingQueue.java:403)
        at java.util.concurrent.ThreadPoolExecutor.getTask(ThreadPoolExecutor.java:1074)
        at java.util.concurrent.ThreadPoolExecutor.runWorker(ThreadPoolExecutor.java:1134)
        at java.util.concurrent.ThreadPoolExecutor$Worker.run(ThreadPoolExecutor.java:624)
        at java.lang.Thread.run(Thread.java:748)
"org.apache.hadoop.util.JvmPauseMonitor$Monitor@7a8d4c7b" daemon prio=5 tid=1839 timed_waiting
java.lang.Thread.State: TIMED_WAITING
        at java.lang.Thread.sleep(Native Method)
        at org.apache.hadoop.util.JvmPauseMonitor$Monitor.run(JvmPauseMonitor.java:192)
        at java.lang.Thread.run(Thread.java:748)
"metrics-hadoop-metrics2-reporter-67-thread-1" daemon prio=5 tid=1530 timed_waiting
java.lang.Thread.State: TIMED_WAITING
        at sun.misc.Unsafe.park(Native Method)
        at java.util.concurrent.locks.LockSupport.parkNanos(LockSupport.java:215)
        at java.util.concurrent.locks.AbstractQueuedSynchronizer$ConditionObject.awaitNanos(AbstractQueuedSynchronizer.java:2078)
        at java.util.concurrent.ScheduledThreadPoolExecutor$DelayedWorkQueue.take(ScheduledThreadPoolExecutor.java:1093)
        at java.util.concurrent.ScheduledThreadPoolExecutor$DelayedWorkQueue.take(ScheduledThreadPoolExecutor.java:809)
        at java.util.concurrent.ThreadPoolExecutor.getTask(ThreadPoolExecutor.java:1074)
        at java.util.concurrent.ThreadPoolExecutor.runWorker(ThreadPoolExecutor.java:1134)
        at java.util.concurrent.ThreadPoolExecutor$Worker.run(ThreadPoolExecutor.java:624)
        at java.lang.Thread.run(Thread.java:748)
"pool-176-thread-7"  prio=5 tid=1875 in Object.wait()
java.lang.Thread.State: WAITING (on object monitor)
        at sun.misc.Unsafe.park(Native Method)
        at java.util.concurrent.locks.LockSupport.park(LockSupport.java:175)
        at java.util.concurrent.locks.AbstractQueuedSynchronizer$ConditionObject.await(AbstractQueuedSynchronizer.java:2039)
        at java.util.concurrent.ArrayBlockingQueue.take(ArrayBlockingQueue.java:403)
        at java.util.concurrent.ThreadPoolExecutor.getTask(ThreadPoolExecutor.java:1074)
        at java.util.concurrent.ThreadPoolExecutor.runWorker(ThreadPoolExecutor.java:1134)
        at java.util.concurrent.ThreadPoolExecutor$Worker.run(ThreadPoolExecutor.java:624)
        at java.lang.Thread.run(Thread.java:748)
"IPC Server handler 0 on 39395" daemon prio=5 tid=1691 timed_waiting
java.lang.Thread.State: TIMED_WAITING
        at sun.misc.Unsafe.park(Native Method)
        at java.util.concurrent.locks.LockSupport.parkNanos(LockSupport.java:215)
        at java.util.concurrent.locks.AbstractQueuedSynchronizer$ConditionObject.awaitNanos(AbstractQueuedSynchronizer.java:2078)
        at java.util.concurrent.LinkedBlockingQueue.poll(LinkedBlockingQueue.java:467)
        at org.apache.hadoop.ipc.CallQueueManager.take(CallQueueManager.java:288)
        at org.apache.hadoop.ipc.Server$Handler.run(Server.java:2668)
"pool-196-thread-47"  prio=5 tid=2040 in Object.wait()
java.lang.Thread.State: WAITING (on object monitor)
        at sun.misc.Unsafe.park(Native Method)
        at java.util.concurrent.locks.LockSupport.park(LockSupport.java:175)
        at java.util.concurrent.locks.AbstractQueuedSynchronizer$ConditionObject.await(AbstractQueuedSynchronizer.java:2039)
        at java.util.concurrent.ArrayBlockingQueue.take(ArrayBlockingQueue.java:403)
        at java.util.concurrent.ThreadPoolExecutor.getTask(ThreadPoolExecutor.java:1074)
        at java.util.concurrent.ThreadPoolExecutor.runWorker(ThreadPoolExecutor.java:1134)
        at java.util.concurrent.ThreadPoolExecutor$Worker.run(ThreadPoolExecutor.java:624)
        at java.lang.Thread.run(Thread.java:748)
"metrics-hadoop-metrics2-reporter-32-thread-1" daemon prio=5 tid=983 timed_waiting
java.lang.Thread.State: TIMED_WAITING
        at sun.misc.Unsafe.park(Native Method)
        at java.util.concurrent.locks.LockSupport.parkNanos(LockSupport.java:215)
        at java.util.concurrent.locks.AbstractQueuedSynchronizer$ConditionObject.awaitNanos(AbstractQueuedSynchronizer.java:2078)
        at java.util.concurrent.ScheduledThreadPoolExecutor$DelayedWorkQueue.take(ScheduledThreadPoolExecutor.java:1093)
        at java.util.concurrent.ScheduledThreadPoolExecutor$DelayedWorkQueue.take(ScheduledThreadPoolExecutor.java:809)
        at java.util.concurrent.ThreadPoolExecutor.getTask(ThreadPoolExecutor.java:1074)
        at java.util.concurrent.ThreadPoolExecutor.runWorker(ThreadPoolExecutor.java:1134)
        at java.util.concurrent.ThreadPoolExecutor$Worker.run(ThreadPoolExecutor.java:624)
        at java.lang.Thread.run(Thread.java:748)
"metrics-hadoop-metrics2-reporter-5-thread-1" daemon prio=5 tid=448 timed_waiting
java.lang.Thread.State: TIMED_WAITING
        at sun.misc.Unsafe.park(Native Method)
        at java.util.concurrent.locks.LockSupport.parkNanos(LockSupport.java:215)
        at java.util.concurrent.locks.AbstractQueuedSynchronizer$ConditionObject.awaitNanos(AbstractQueuedSynchronizer.java:2078)
        at java.util.concurrent.ScheduledThreadPoolExecutor$DelayedWorkQueue.take(ScheduledThreadPoolExecutor.java:1093)
        at java.util.concurrent.ScheduledThreadPoolExecutor$DelayedWorkQueue.take(ScheduledThreadPoolExecutor.java:809)
        at java.util.concurrent.ThreadPoolExecutor.getTask(ThreadPoolExecutor.java:1074)
        at java.util.concurrent.ThreadPoolExecutor.runWorker(ThreadPoolExecutor.java:1134)
        at java.util.concurrent.ThreadPoolExecutor$Worker.run(ThreadPoolExecutor.java:624)
        at java.lang.Thread.run(Thread.java:748)
"pool-186-thread-21"  prio=5 tid=1952 in Object.wait()
java.lang.Thread.State: WAITING (on object monitor)
        at sun.misc.Unsafe.park(Native Method)
        at java.util.concurrent.locks.LockSupport.park(LockSupport.java:175)
        at java.util.concurrent.locks.AbstractQueuedSynchronizer$ConditionObject.await(AbstractQueuedSynchronizer.java:2039)
        at java.util.concurrent.ArrayBlockingQueue.take(ArrayBlockingQueue.java:403)
        at java.util.concurrent.ThreadPoolExecutor.getTask(ThreadPoolExecutor.java:1074)
        at java.util.concurrent.ThreadPoolExecutor.runWorker(ThreadPoolExecutor.java:1134)
        at java.util.concurrent.ThreadPoolExecutor$Worker.run(ThreadPoolExecutor.java:624)
        at java.lang.Thread.run(Thread.java:748)
"pool-176-thread-29"  prio=5 tid=1897 in Object.wait()
java.lang.Thread.State: WAITING (on object monitor)
        at sun.misc.Unsafe.park(Native Method)
        at java.util.concurrent.locks.LockSupport.park(LockSupport.java:175)
        at java.util.concurrent.locks.AbstractQueuedSynchronizer$ConditionObject.await(AbstractQueuedSynchronizer.java:2039)
        at java.util.concurrent.ArrayBlockingQueue.take(ArrayBlockingQueue.java:403)
        at java.util.concurrent.ThreadPoolExecutor.getTask(ThreadPoolExecutor.java:1074)
        at java.util.concurrent.ThreadPoolExecutor.runWorker(ThreadPoolExecutor.java:1134)
        at java.util.concurrent.ThreadPoolExecutor$Worker.run(ThreadPoolExecutor.java:624)
        at java.lang.Thread.run(Thread.java:748)
"pool-186-thread-31"  prio=5 tid=1962 in Object.wait()
java.lang.Thread.State: WAITING (on object monitor)
        at sun.misc.Unsafe.park(Native Method)
        at java.util.concurrent.locks.LockSupport.park(LockSupport.java:175)
        at java.util.concurrent.locks.AbstractQueuedSynchronizer$ConditionObject.await(AbstractQueuedSynchronizer.java:2039)
        at java.util.concurrent.ArrayBlockingQueue.take(ArrayBlockingQueue.java:403)
        at java.util.concurrent.ThreadPoolExecutor.getTask(ThreadPoolExecutor.java:1074)
        at java.util.concurrent.ThreadPoolExecutor.runWorker(ThreadPoolExecutor.java:1134)
        at java.util.concurrent.ThreadPoolExecutor$Worker.run(ThreadPoolExecutor.java:624)
        at java.lang.Thread.run(Thread.java:748)
"IPC Server handler 2 on 46187" daemon prio=5 tid=1756 timed_waiting
java.lang.Thread.State: TIMED_WAITING
        at sun.misc.Unsafe.park(Native Method)
        at java.util.concurrent.locks.LockSupport.parkNanos(LockSupport.java:215)
        at java.util.concurrent.locks.AbstractQueuedSynchronizer$ConditionObject.awaitNanos(AbstractQueuedSynchronizer.java:2078)
        at java.util.concurrent.LinkedBlockingQueue.poll(LinkedBlockingQueue.java:467)
        at org.apache.hadoop.ipc.CallQueueManager.take(CallQueueManager.java:288)
        at org.apache.hadoop.ipc.Server$Handler.run(Server.java:2668)
"pool-196-thread-21"  prio=5 tid=2014 in Object.wait()
java.lang.Thread.State: WAITING (on object monitor)
        at sun.misc.Unsafe.park(Native Method)
        at java.util.concurrent.locks.LockSupport.park(LockSupport.java:175)
        at java.util.concurrent.locks.AbstractQueuedSynchronizer$ConditionObject.await(AbstractQueuedSynchronizer.java:2039)
        at java.util.concurrent.ArrayBlockingQueue.take(ArrayBlockingQueue.java:403)
        at java.util.concurrent.ThreadPoolExecutor.getTask(ThreadPoolExecutor.java:1074)
        at java.util.concurrent.ThreadPoolExecutor.runWorker(ThreadPoolExecutor.java:1134)
        at java.util.concurrent.ThreadPoolExecutor$Worker.run(ThreadPoolExecutor.java:624)
        at java.lang.Thread.run(Thread.java:748)
"Thread-940" daemon prio=5 tid=2107 timed_waiting
java.lang.Thread.State: TIMED_WAITING
        at sun.misc.Unsafe.park(Native Method)
        at java.util.concurrent.locks.LockSupport.parkNanos(LockSupport.java:215)
        at java.util.concurrent.locks.AbstractQueuedSynchronizer$ConditionObject.awaitNanos(AbstractQueuedSynchronizer.java:2078)
        at java.util.concurrent.ArrayBlockingQueue.poll(ArrayBlockingQueue.java:418)
        at org.apache.ratis.server.impl.LeaderState$EventQueue.poll(LeaderState.java:115)
        at org.apache.ratis.server.impl.LeaderState$EventProcessor.run(LeaderState.java:467)
"metrics-hadoop-metrics2-reporter-27-thread-1" daemon prio=5 tid=528 timed_waiting
java.lang.Thread.State: TIMED_WAITING
        at sun.misc.Unsafe.park(Native Method)
        at java.util.concurrent.locks.LockSupport.parkNanos(LockSupport.java:215)
        at java.util.concurrent.locks.AbstractQueuedSynchronizer$ConditionObject.awaitNanos(AbstractQueuedSynchronizer.java:2078)
        at java.util.concurrent.ScheduledThreadPoolExecutor$DelayedWorkQueue.take(ScheduledThreadPoolExecutor.java:1093)
        at java.util.concurrent.ScheduledThreadPoolExecutor$DelayedWorkQueue.take(ScheduledThreadPoolExecutor.java:809)
        at java.util.concurrent.ThreadPoolExecutor.getTask(ThreadPoolExecutor.java:1074)
        at java.util.concurrent.ThreadPoolExecutor.runWorker(ThreadPoolExecutor.java:1134)
        at java.util.concurrent.ThreadPoolExecutor$Worker.run(ThreadPoolExecutor.java:624)
        at java.lang.Thread.run(Thread.java:748)
"metrics-hadoop-metrics2-reporter-59-thread-1" daemon prio=5 tid=1511 timed_waiting
java.lang.Thread.State: TIMED_WAITING
        at sun.misc.Unsafe.park(Native Method)
        at java.util.concurrent.locks.LockSupport.parkNanos(LockSupport.java:215)
        at java.util.concurrent.locks.AbstractQueuedSynchronizer$ConditionObject.awaitNanos(AbstractQueuedSynchronizer.java:2078)
        at java.util.concurrent.ScheduledThreadPoolExecutor$DelayedWorkQueue.take(ScheduledThreadPoolExecutor.java:1093)
        at java.util.concurrent.ScheduledThreadPoolExecutor$DelayedWorkQueue.take(ScheduledThreadPoolExecutor.java:809)
        at java.util.concurrent.ThreadPoolExecutor.getTask(ThreadPoolExecutor.java:1074)
        at java.util.concurrent.ThreadPoolExecutor.runWorker(ThreadPoolExecutor.java:1134)
        at java.util.concurrent.ThreadPoolExecutor$Worker.run(ThreadPoolExecutor.java:624)
        at java.lang.Thread.run(Thread.java:748)
"PartialTableCache Cleanup Thread - 0" daemon prio=5 tid=1646 in Object.wait()
java.lang.Thread.State: WAITING (on object monitor)
        at sun.misc.Unsafe.park(Native Method)
        at java.util.concurrent.locks.LockSupport.park(LockSupport.java:175)
        at java.util.concurrent.locks.AbstractQueuedSynchronizer$ConditionObject.await(AbstractQueuedSynchronizer.java:2039)
        at java.util.concurrent.LinkedBlockingQueue.take(LinkedBlockingQueue.java:442)
        at java.util.concurrent.ThreadPoolExecutor.getTask(ThreadPoolExecutor.java:1074)
        at java.util.concurrent.ThreadPoolExecutor.runWorker(ThreadPoolExecutor.java:1134)
        at java.util.concurrent.ThreadPoolExecutor$Worker.run(ThreadPoolExecutor.java:624)
        at java.lang.Thread.run(Thread.java:748)
"EventQueue-ContainerReportForContainerReportHandler" daemon prio=5 tid=2058 in Object.wait()
java.lang.Thread.State: WAITING (on object monitor)
        at sun.misc.Unsafe.park(Native Method)
        at java.util.concurrent.locks.LockSupport.park(LockSupport.java:175)
        at java.util.concurrent.locks.AbstractQueuedSynchronizer$ConditionObject.await(AbstractQueuedSynchronizer.java:2039)
        at java.util.concurrent.LinkedBlockingQueue.take(LinkedBlockingQueue.java:442)
        at java.util.concurrent.ThreadPoolExecutor.getTask(ThreadPoolExecutor.java:1074)
        at java.util.concurrent.ThreadPoolExecutor.runWorker(ThreadPoolExecutor.java:1134)
        at java.util.concurrent.ThreadPoolExecutor$Worker.run(ThreadPoolExecutor.java:624)
        at java.lang.Thread.run(Thread.java:748)
"pool-176-thread-48"  prio=5 tid=1916 in Object.wait()
java.lang.Thread.State: WAITING (on object monitor)
        at sun.misc.Unsafe.park(Native Method)
        at java.util.concurrent.locks.LockSupport.park(LockSupport.java:175)
        at java.util.concurrent.locks.AbstractQueuedSynchronizer$ConditionObject.await(AbstractQueuedSynchronizer.java:2039)
        at java.util.concurrent.ArrayBlockingQueue.take(ArrayBlockingQueue.java:403)
        at java.util.concurrent.ThreadPoolExecutor.getTask(ThreadPoolExecutor.java:1074)
        at java.util.concurrent.ThreadPoolExecutor.runWorker(ThreadPoolExecutor.java:1134)
        at java.util.concurrent.ThreadPoolExecutor$Worker.run(ThreadPoolExecutor.java:624)
        at java.lang.Thread.run(Thread.java:748)
"metrics-hadoop-metrics2-reporter-84-thread-1" daemon prio=5 tid=2075 timed_waiting
java.lang.Thread.State: TIMED_WAITING
        at sun.misc.Unsafe.park(Native Method)
        at java.util.concurrent.locks.LockSupport.parkNanos(LockSupport.java:215)
        at java.util.concurrent.locks.AbstractQueuedSynchronizer$ConditionObject.awaitNanos(AbstractQueuedSynchronizer.java:2078)
        at java.util.concurrent.ScheduledThreadPoolExecutor$DelayedWorkQueue.take(ScheduledThreadPoolExecutor.java:1093)
        at java.util.concurrent.ScheduledThreadPoolExecutor$DelayedWorkQueue.take(ScheduledThreadPoolExecutor.java:809)
        at java.util.concurrent.ThreadPoolExecutor.getTask(ThreadPoolExecutor.java:1074)
        at java.util.concurrent.ThreadPoolExecutor.runWorker(ThreadPoolExecutor.java:1134)
        at java.util.concurrent.ThreadPoolExecutor$Worker.run(ThreadPoolExecutor.java:624)
        at java.lang.Thread.run(Thread.java:748)
"pool-176-thread-44"  prio=5 tid=1912 in Object.wait()
java.lang.Thread.State: WAITING (on object monitor)
        at sun.misc.Unsafe.park(Native Method)
        at java.util.concurrent.locks.LockSupport.park(LockSupport.java:175)
        at java.util.concurrent.locks.AbstractQueuedSynchronizer$ConditionObject.await(AbstractQueuedSynchronizer.java:2039)
        at java.util.concurrent.ArrayBlockingQueue.take(ArrayBlockingQueue.java:403)
        at java.util.concurrent.ThreadPoolExecutor.getTask(ThreadPoolExecutor.java:1074)
        at java.util.concurrent.ThreadPoolExecutor.runWorker(ThreadPoolExecutor.java:1134)
        at java.util.concurrent.ThreadPoolExecutor$Worker.run(ThreadPoolExecutor.java:624)
        at java.lang.Thread.run(Thread.java:748)
"surefire-forkedjvm-command-thread" daemon prio=5 tid=8 runnable
java.lang.Thread.State: RUNNABLE
        at java.io.FileInputStream.readBytes(Native Method)
        at java.io.FileInputStream.read(FileInputStream.java:255)
        at java.io.BufferedInputStream.fill(BufferedInputStream.java:246)
        at java.io.BufferedInputStream.read(BufferedInputStream.java:265)
        at java.io.DataInputStream.readInt(DataInputStream.java:387)
        at org.apache.maven.surefire.booter.MasterProcessCommand.decode(MasterProcessCommand.java:115)
        at org.apache.maven.surefire.booter.CommandReader$CommandRunnable.run(CommandReader.java:390)
        at java.lang.Thread.run(Thread.java:748)
"pool-200-thread-1"  prio=5 tid=1848 timed_waiting
java.lang.Thread.State: TIMED_WAITING
        at sun.misc.Unsafe.park(Native Method)
        at java.util.concurrent.locks.LockSupport.parkNanos(LockSupport.java:215)
        at java.util.concurrent.locks.AbstractQueuedSynchronizer$ConditionObject.awaitNanos(AbstractQueuedSynchronizer.java:2078)
        at java.util.concurrent.ScheduledThreadPoolExecutor$DelayedWorkQueue.take(ScheduledThreadPoolExecutor.java:1093)
        at java.util.concurrent.ScheduledThreadPoolExecutor$DelayedWorkQueue.take(ScheduledThreadPoolExecutor.java:809)
        at java.util.concurrent.ThreadPoolExecutor.getTask(ThreadPoolExecutor.java:1074)
        at java.util.concurrent.ThreadPoolExecutor.runWorker(ThreadPoolExecutor.java:1134)
        at java.util.concurrent.ThreadPoolExecutor$Worker.run(ThreadPoolExecutor.java:624)
        at java.lang.Thread.run(Thread.java:748)
"metrics-hadoop-metrics2-reporter-104-thread-1" daemon prio=5 tid=2138 timed_waiting
java.lang.Thread.State: TIMED_WAITING
        at sun.misc.Unsafe.park(Native Method)
        at java.util.concurrent.locks.LockSupport.parkNanos(LockSupport.java:215)
        at java.util.concurrent.locks.AbstractQueuedSynchronizer$ConditionObject.awaitNanos(AbstractQueuedSynchronizer.java:2078)
        at java.util.concurrent.ScheduledThreadPoolExecutor$DelayedWorkQueue.take(ScheduledThreadPoolExecutor.java:1093)
        at java.util.concurrent.ScheduledThreadPoolExecutor$DelayedWorkQueue.take(ScheduledThreadPoolExecutor.java:809)
        at java.util.concurrent.ThreadPoolExecutor.getTask(ThreadPoolExecutor.java:1074)
        at java.util.concurrent.ThreadPoolExecutor.runWorker(ThreadPoolExecutor.java:1134)
        at java.util.concurrent.ThreadPoolExecutor$Worker.run(ThreadPoolExecutor.java:624)
        at java.lang.Thread.run(Thread.java:748)
"qtp1635471455-1856" daemon prio=5 tid=1856 timed_waiting
java.lang.Thread.State: TIMED_WAITING
        at sun.misc.Unsafe.park(Native Method)
        at java.util.concurrent.locks.LockSupport.parkNanos(LockSupport.java:215)
        at java.util.concurrent.locks.AbstractQueuedSynchronizer$ConditionObject.awaitNanos(AbstractQueuedSynchronizer.java:2078)
        at org.eclipse.jetty.util.BlockingArrayQueue.poll(BlockingArrayQueue.java:392)
        at org.eclipse.jetty.util.thread.QueuedThreadPool.idleJobPoll(QueuedThreadPool.java:563)
        at org.eclipse.jetty.util.thread.QueuedThreadPool.access$800(QueuedThreadPool.java:48)
        at org.eclipse.jetty.util.thread.QueuedThreadPool$2.run(QueuedThreadPool.java:626)
        at java.lang.Thread.run(Thread.java:748)
"PartialTableCache Cleanup Thread - 0" daemon prio=5 tid=540 in Object.wait()
java.lang.Thread.State: WAITING (on object monitor)
        at sun.misc.Unsafe.park(Native Method)
        at java.util.concurrent.locks.LockSupport.park(LockSupport.java:175)
        at java.util.concurrent.locks.AbstractQueuedSynchronizer$ConditionObject.await(AbstractQueuedSynchronizer.java:2039)
        at java.util.concurrent.LinkedBlockingQueue.take(LinkedBlockingQueue.java:442)
        at java.util.concurrent.ThreadPoolExecutor.getTask(ThreadPoolExecutor.java:1074)
        at java.util.concurrent.ThreadPoolExecutor.runWorker(ThreadPoolExecutor.java:1134)
        at java.util.concurrent.ThreadPoolExecutor$Worker.run(ThreadPoolExecutor.java:624)
        at java.lang.Thread.run(Thread.java:748)
"IPC Server handler 13 on 41111" daemon prio=5 tid=1724 timed_waiting
java.lang.Thread.State: TIMED_WAITING
        at sun.misc.Unsafe.park(Native Method)
        at java.util.concurrent.locks.LockSupport.parkNanos(LockSupport.java:215)
        at java.util.concurrent.locks.AbstractQueuedSynchronizer$ConditionObject.awaitNanos(AbstractQueuedSynchronizer.java:2078)
        at java.util.concurrent.LinkedBlockingQueue.poll(LinkedBlockingQueue.java:467)
        at org.apache.hadoop.ipc.CallQueueManager.take(CallQueueManager.java:288)
        at org.apache.hadoop.ipc.Server$Handler.run(Server.java:2668)
"pool-186-thread-8"  prio=5 tid=1939 in Object.wait()
java.lang.Thread.State: WAITING (on object monitor)
        at sun.misc.Unsafe.park(Native Method)
        at java.util.concurrent.locks.LockSupport.park(LockSupport.java:175)
        at java.util.concurrent.locks.AbstractQueuedSynchronizer$ConditionObject.await(AbstractQueuedSynchronizer.java:2039)
        at java.util.concurrent.ArrayBlockingQueue.take(ArrayBlockingQueue.java:403)
        at java.util.concurrent.ThreadPoolExecutor.getTask(ThreadPoolExecutor.java:1074)
        at java.util.concurrent.ThreadPoolExecutor.runWorker(ThreadPoolExecutor.java:1134)
        at java.util.concurrent.ThreadPoolExecutor$Worker.run(ThreadPoolExecutor.java:624)
        at java.lang.Thread.run(Thread.java:748)
"Datanode ReportManager Thread - 0" daemon prio=5 tid=1237 timed_waiting
java.lang.Thread.State: TIMED_WAITING
        at sun.misc.Unsafe.park(Native Method)
        at java.util.concurrent.locks.LockSupport.parkNanos(LockSupport.java:215)
        at java.util.concurrent.locks.AbstractQueuedSynchronizer$ConditionObject.awaitNanos(AbstractQueuedSynchronizer.java:2078)
        at java.util.concurrent.ScheduledThreadPoolExecutor$DelayedWorkQueue.take(ScheduledThreadPoolExecutor.java:1093)
        at java.util.concurrent.ScheduledThreadPoolExecutor$DelayedWorkQueue.take(ScheduledThreadPoolExecutor.java:809)
        at java.util.concurrent.ThreadPoolExecutor.getTask(ThreadPoolExecutor.java:1074)
        at java.util.concurrent.ThreadPoolExecutor.runWorker(ThreadPoolExecutor.java:1134)
        at java.util.concurrent.ThreadPoolExecutor$Worker.run(ThreadPoolExecutor.java:624)
        at java.lang.Thread.run(Thread.java:748)
"metrics-hadoop-metrics2-reporter-98-thread-1" daemon prio=5 tid=2117 timed_waiting
java.lang.Thread.State: TIMED_WAITING
        at sun.misc.Unsafe.park(Native Method)
        at java.util.concurrent.locks.LockSupport.parkNanos(LockSupport.java:215)
        at java.util.concurrent.locks.AbstractQueuedSynchronizer$ConditionObject.awaitNanos(AbstractQueuedSynchronizer.java:2078)
        at java.util.concurrent.ScheduledThreadPoolExecutor$DelayedWorkQueue.take(ScheduledThreadPoolExecutor.java:1093)
        at java.util.concurrent.ScheduledThreadPoolExecutor$DelayedWorkQueue.take(ScheduledThreadPoolExecutor.java:809)
        at java.util.concurrent.ThreadPoolExecutor.getTask(ThreadPoolExecutor.java:1074)
        at java.util.concurrent.ThreadPoolExecutor.runWorker(ThreadPoolExecutor.java:1134)
        at java.util.concurrent.ThreadPoolExecutor$Worker.run(ThreadPoolExecutor.java:624)
        at java.lang.Thread.run(Thread.java:748)
"pool-186-thread-47"  prio=5 tid=1978 in Object.wait()
java.lang.Thread.State: WAITING (on object monitor)
        at sun.misc.Unsafe.park(Native Method)
        at java.util.concurrent.locks.LockSupport.park(LockSupport.java:175)
        at java.util.concurrent.locks.AbstractQueuedSynchronizer$ConditionObject.await(AbstractQueuedSynchronizer.java:2039)
        at java.util.concurrent.ArrayBlockingQueue.take(ArrayBlockingQueue.java:403)
        at java.util.concurrent.ThreadPoolExecutor.getTask(ThreadPoolExecutor.java:1074)
        at java.util.concurrent.ThreadPoolExecutor.runWorker(ThreadPoolExecutor.java:1134)
        at java.util.concurrent.ThreadPoolExecutor$Worker.run(ThreadPoolExecutor.java:624)
        at java.lang.Thread.run(Thread.java:748)
"Datanode ReportManager Thread - 3" daemon prio=5 tid=712 in Object.wait()
java.lang.Thread.State: WAITING (on object monitor)
        at sun.misc.Unsafe.park(Native Method)
        at java.util.concurrent.locks.LockSupport.park(LockSupport.java:175)
        at java.util.concurrent.locks.AbstractQueuedSynchronizer$ConditionObject.await(AbstractQueuedSynchronizer.java:2039)
        at java.util.concurrent.ScheduledThreadPoolExecutor$DelayedWorkQueue.take(ScheduledThreadPoolExecutor.java:1088)
        at java.util.concurrent.ScheduledThreadPoolExecutor$DelayedWorkQueue.take(ScheduledThreadPoolExecutor.java:809)
        at java.util.concurrent.ThreadPoolExecutor.getTask(ThreadPoolExecutor.java:1074)
        at java.util.concurrent.ThreadPoolExecutor.runWorker(ThreadPoolExecutor.java:1134)
        at java.util.concurrent.ThreadPoolExecutor$Worker.run(ThreadPoolExecutor.java:624)
        at java.lang.Thread.run(Thread.java:748)
"pool-196-thread-11"  prio=5 tid=2004 in Object.wait()
java.lang.Thread.State: WAITING (on object monitor)
        at sun.misc.Unsafe.park(Native Method)
        at java.util.concurrent.locks.LockSupport.park(LockSupport.java:175)
        at java.util.concurrent.locks.AbstractQueuedSynchronizer$ConditionObject.await(AbstractQueuedSynchronizer.java:2039)
        at java.util.concurrent.ArrayBlockingQueue.take(ArrayBlockingQueue.java:403)
        at java.util.concurrent.ThreadPoolExecutor.getTask(ThreadPoolExecutor.java:1074)
        at java.util.concurrent.ThreadPoolExecutor.runWorker(ThreadPoolExecutor.java:1134)
        at java.util.concurrent.ThreadPoolExecutor$Worker.run(ThreadPoolExecutor.java:624)
        at java.lang.Thread.run(Thread.java:748)
"Periodic HDDS volume checker"  prio=5 tid=1842 timed_waiting
java.lang.Thread.State: TIMED_WAITING
        at sun.misc.Unsafe.park(Native Method)
        at java.util.concurrent.locks.LockSupport.parkNanos(LockSupport.java:215)
        at java.util.concurrent.locks.AbstractQueuedSynchronizer$ConditionObject.awaitNanos(AbstractQueuedSynchronizer.java:2078)
        at java.util.concurrent.ScheduledThreadPoolExecutor$DelayedWorkQueue.take(ScheduledThreadPoolExecutor.java:1093)
        at java.util.concurrent.ScheduledThreadPoolExecutor$DelayedWorkQueue.take(ScheduledThreadPoolExecutor.java:809)
        at java.util.concurrent.ThreadPoolExecutor.getTask(ThreadPoolExecutor.java:1074)
        at java.util.concurrent.ThreadPoolExecutor.runWorker(ThreadPoolExecutor.java:1134)
        at java.util.concurrent.ThreadPoolExecutor$Worker.run(ThreadPoolExecutor.java:624)
        at java.lang.Thread.run(Thread.java:748)
"IPC Server handler 4 on 33059" daemon prio=5 tid=1675 timed_waiting
java.lang.Thread.State: TIMED_WAITING
        at sun.misc.Unsafe.park(Native Method)
        at java.util.concurrent.locks.LockSupport.parkNanos(LockSupport.java:215)
        at java.util.concurrent.locks.AbstractQueuedSynchronizer$ConditionObject.awaitNanos(AbstractQueuedSynchronizer.java:2078)
        at java.util.concurrent.LinkedBlockingQueue.poll(LinkedBlockingQueue.java:467)
        at org.apache.hadoop.ipc.CallQueueManager.take(CallQueueManager.java:288)
        at org.apache.hadoop.ipc.Server$Handler.run(Server.java:2668)
"Thread-3228" daemon prio=5 tid=4426 terminated
java.lang.Thread.State: TERMINATED
        at java.lang.Thread.sleep(Native Method)
        at org.apache.ratis.util.JavaUtils.sleep(JavaUtils.java:247)
        at org.apache.ratis.server.impl.FollowerState.run(FollowerState.java:97)
"IPC Server handler 15 on 39395" daemon prio=5 tid=1706 timed_waiting
java.lang.Thread.State: TIMED_WAITING
        at sun.misc.Unsafe.park(Native Method)
        at java.util.concurrent.locks.LockSupport.parkNanos(LockSupport.java:215)
        at java.util.concurrent.locks.AbstractQueuedSynchronizer$ConditionObject.awaitNanos(AbstractQueuedSynchronizer.java:2078)
        at java.util.concurrent.LinkedBlockingQueue.poll(LinkedBlockingQueue.java:467)
        at org.apache.hadoop.ipc.CallQueueManager.take(CallQueueManager.java:288)
        at org.apache.hadoop.ipc.Server$Handler.run(Server.java:2668)
"IPC Server handler 10 on 33059" daemon prio=5 tid=1681 timed_waiting
java.lang.Thread.State: TIMED_WAITING
        at sun.misc.Unsafe.park(Native Method)
        at java.util.concurrent.locks.LockSupport.parkNanos(LockSupport.java:215)
        at java.util.concurrent.locks.AbstractQueuedSynchronizer$ConditionObject.awaitNanos(AbstractQueuedSynchronizer.java:2078)
        at java.util.concurrent.LinkedBlockingQueue.poll(LinkedBlockingQueue.java:467)
        at org.apache.hadoop.ipc.CallQueueManager.take(CallQueueManager.java:288)
        at org.apache.hadoop.ipc.Server$Handler.run(Server.java:2668)
"pool-196-thread-42"  prio=5 tid=2035 in Object.wait()
java.lang.Thread.State: WAITING (on object monitor)
        at sun.misc.Unsafe.park(Native Method)
        at java.util.concurrent.locks.LockSupport.park(LockSupport.java:175)
        at java.util.concurrent.locks.AbstractQueuedSynchronizer$ConditionObject.await(AbstractQueuedSynchronizer.java:2039)
        at java.util.concurrent.ArrayBlockingQueue.take(ArrayBlockingQueue.java:403)
        at java.util.concurrent.ThreadPoolExecutor.getTask(ThreadPoolExecutor.java:1074)
        at java.util.concurrent.ThreadPoolExecutor.runWorker(ThreadPoolExecutor.java:1134)
        at java.util.concurrent.ThreadPoolExecutor$Worker.run(ThreadPoolExecutor.java:624)
        at java.lang.Thread.run(Thread.java:748)
"Socket Reader #1 for port 39395"  prio=5 tid=1661 runnable
java.lang.Thread.State: RUNNABLE
        at sun.nio.ch.EPollArrayWrapper.epollWait(Native Method)
        at sun.nio.ch.EPollArrayWrapper.poll(EPollArrayWrapper.java:269)
        at sun.nio.ch.EPollSelectorImpl.doSelect(EPollSelectorImpl.java:93)
        at sun.nio.ch.SelectorImpl.lockAndDoSelect(SelectorImpl.java:86)
        at sun.nio.ch.SelectorImpl.select(SelectorImpl.java:97)
        at sun.nio.ch.SelectorImpl.select(SelectorImpl.java:101)
        at org.apache.hadoop.ipc.Server$Listener$Reader.doRunLoop(Server.java:1097)
        at org.apache.hadoop.ipc.Server$Listener$Reader.run(Server.java:1076)
"pool-196-thread-55"  prio=5 tid=2048 in Object.wait()
java.lang.Thread.State: WAITING (on object monitor)
        at sun.misc.Unsafe.park(Native Method)
        at java.util.concurrent.locks.LockSupport.park(LockSupport.java:175)
        at java.util.concurrent.locks.AbstractQueuedSynchronizer$ConditionObject.await(AbstractQueuedSynchronizer.java:2039)
        at java.util.concurrent.ArrayBlockingQueue.take(ArrayBlockingQueue.java:403)
        at java.util.concurrent.ThreadPoolExecutor.getTask(ThreadPoolExecutor.java:1074)
        at java.util.concurrent.ThreadPoolExecutor.runWorker(ThreadPoolExecutor.java:1134)
        at java.util.concurrent.ThreadPoolExecutor$Worker.run(ThreadPoolExecutor.java:624)
        at java.lang.Thread.run(Thread.java:748)
"pool-176-thread-42"  prio=5 tid=1910 in Object.wait()
java.lang.Thread.State: WAITING (on object monitor)
        at sun.misc.Unsafe.park(Native Method)
        at java.util.concurrent.locks.LockSupport.park(LockSupport.java:175)
        at java.util.concurrent.locks.AbstractQueuedSynchronizer$ConditionObject.await(AbstractQueuedSynchronizer.java:2039)
        at java.util.concurrent.ArrayBlockingQueue.take(ArrayBlockingQueue.java:403)
        at java.util.concurrent.ThreadPoolExecutor.getTask(ThreadPoolExecutor.java:1074)
        at java.util.concurrent.ThreadPoolExecutor.runWorker(ThreadPoolExecutor.java:1134)
        at java.util.concurrent.ThreadPoolExecutor$Worker.run(ThreadPoolExecutor.java:624)
        at java.lang.Thread.run(Thread.java:748)
"pool-196-thread-34"  prio=5 tid=2027 in Object.wait()
java.lang.Thread.State: WAITING (on object monitor)
        at sun.misc.Unsafe.park(Native Method)
        at java.util.concurrent.locks.LockSupport.park(LockSupport.java:175)
        at java.util.concurrent.locks.AbstractQueuedSynchronizer$ConditionObject.await(AbstractQueuedSynchronizer.java:2039)
        at java.util.concurrent.ArrayBlockingQueue.take(ArrayBlockingQueue.java:403)
        at java.util.concurrent.ThreadPoolExecutor.getTask(ThreadPoolExecutor.java:1074)
        at java.util.concurrent.ThreadPoolExecutor.runWorker(ThreadPoolExecutor.java:1134)
        at java.util.concurrent.ThreadPoolExecutor$Worker.run(ThreadPoolExecutor.java:624)
        at java.lang.Thread.run(Thread.java:748)
"metrics-hadoop-metrics2-reporter-49-thread-1" daemon prio=5 tid=1039 timed_waiting
java.lang.Thread.State: TIMED_WAITING
        at sun.misc.Unsafe.park(Native Method)
        at java.util.concurrent.locks.LockSupport.parkNanos(LockSupport.java:215)
        at java.util.concurrent.locks.AbstractQueuedSynchronizer$ConditionObject.awaitNanos(AbstractQueuedSynchronizer.java:2078)
        at java.util.concurrent.ScheduledThreadPoolExecutor$DelayedWorkQueue.take(ScheduledThreadPoolExecutor.java:1093)
        at java.util.concurrent.ScheduledThreadPoolExecutor$DelayedWorkQueue.take(ScheduledThreadPoolExecutor.java:809)
        at java.util.concurrent.ThreadPoolExecutor.getTask(ThreadPoolExecutor.java:1074)
        at java.util.concurrent.ThreadPoolExecutor.runWorker(ThreadPoolExecutor.java:1134)
        at java.util.concurrent.ThreadPoolExecutor$Worker.run(ThreadPoolExecutor.java:624)
        at java.lang.Thread.run(Thread.java:748)
"PartialTableCache Cleanup Thread - 0" daemon prio=5 tid=1069 in Object.wait()
java.lang.Thread.State: WAITING (on object monitor)
        at sun.misc.Unsafe.park(Native Method)
        at java.util.concurrent.locks.LockSupport.park(LockSupport.java:175)
        at java.util.concurrent.locks.AbstractQueuedSynchronizer$ConditionObject.await(AbstractQueuedSynchronizer.java:2039)
        at java.util.concurrent.LinkedBlockingQueue.take(LinkedBlockingQueue.java:442)
        at java.util.concurrent.ThreadPoolExecutor.getTask(ThreadPoolExecutor.java:1074)
        at java.util.concurrent.ThreadPoolExecutor.runWorker(ThreadPoolExecutor.java:1134)
        at java.util.concurrent.ThreadPoolExecutor$Worker.run(ThreadPoolExecutor.java:624)
        at java.lang.Thread.run(Thread.java:748)
"metrics-hadoop-metrics2-reporter-47-thread-1" daemon prio=5 tid=1026 timed_waiting
java.lang.Thread.State: TIMED_WAITING
        at sun.misc.Unsafe.park(Native Method)
        at java.util.concurrent.locks.LockSupport.parkNanos(LockSupport.java:215)
        at java.util.concurrent.locks.AbstractQueuedSynchronizer$ConditionObject.awaitNanos(AbstractQueuedSynchronizer.java:2078)
        at java.util.concurrent.ScheduledThreadPoolExecutor$DelayedWorkQueue.take(ScheduledThreadPoolExecutor.java:1093)
        at java.util.concurrent.ScheduledThreadPoolExecutor$DelayedWorkQueue.take(ScheduledThreadPoolExecutor.java:809)
        at java.util.concurrent.ThreadPoolExecutor.getTask(ThreadPoolExecutor.java:1074)
        at java.util.concurrent.ThreadPoolExecutor.runWorker(ThreadPoolExecutor.java:1134)
        at java.util.concurrent.ThreadPoolExecutor$Worker.run(ThreadPoolExecutor.java:624)
        at java.lang.Thread.run(Thread.java:748)
"pool-176-thread-52"  prio=5 tid=1920 in Object.wait()
java.lang.Thread.State: WAITING (on object monitor)
        at sun.misc.Unsafe.park(Native Method)
        at java.util.concurrent.locks.LockSupport.park(LockSupport.java:175)
        at java.util.concurrent.locks.AbstractQueuedSynchronizer$ConditionObject.await(AbstractQueuedSynchronizer.java:2039)
        at java.util.concurrent.ArrayBlockingQueue.take(ArrayBlockingQueue.java:403)
        at java.util.concurrent.ThreadPoolExecutor.getTask(ThreadPoolExecutor.java:1074)
        at java.util.concurrent.ThreadPoolExecutor.runWorker(ThreadPoolExecutor.java:1134)
        at java.util.concurrent.ThreadPoolExecutor$Worker.run(ThreadPoolExecutor.java:624)
        at java.lang.Thread.run(Thread.java:748)
"qtp1145772033-1733" daemon prio=5 tid=1733 timed_waiting
java.lang.Thread.State: TIMED_WAITING
        at sun.misc.Unsafe.park(Native Method)
        at java.util.concurrent.locks.LockSupport.parkNanos(LockSupport.java:215)
        at java.util.concurrent.locks.AbstractQueuedSynchronizer$ConditionObject.awaitNanos(AbstractQueuedSynchronizer.java:2078)
        at org.eclipse.jetty.util.BlockingArrayQueue.poll(BlockingArrayQueue.java:392)
        at org.eclipse.jetty.util.thread.QueuedThreadPool.idleJobPoll(QueuedThreadPool.java:563)
        at org.eclipse.jetty.util.thread.QueuedThreadPool.access$800(QueuedThreadPool.java:48)
        at org.eclipse.jetty.util.thread.QueuedThreadPool$2.run(QueuedThreadPool.java:626)
        at java.lang.Thread.run(Thread.java:748)
"IPC Server handler 14 on 41111" daemon prio=5 tid=1725 timed_waiting
java.lang.Thread.State: TIMED_WAITING
        at sun.misc.Unsafe.park(Native Method)
        at java.util.concurrent.locks.LockSupport.parkNanos(LockSupport.java:215)
        at java.util.concurrent.locks.AbstractQueuedSynchronizer$ConditionObject.awaitNanos(AbstractQueuedSynchronizer.java:2078)
        at java.util.concurrent.LinkedBlockingQueue.poll(LinkedBlockingQueue.java:467)
        at org.apache.hadoop.ipc.CallQueueManager.take(CallQueueManager.java:288)
        at org.apache.hadoop.ipc.Server$Handler.run(Server.java:2668)
"metrics-hadoop-metrics2-reporter-37-thread-1" daemon prio=5 tid=995 timed_waiting
java.lang.Thread.State: TIMED_WAITING
        at sun.misc.Unsafe.park(Native Method)
        at java.util.concurrent.locks.LockSupport.parkNanos(LockSupport.java:215)
        at java.util.concurrent.locks.AbstractQueuedSynchronizer$ConditionObject.awaitNanos(AbstractQueuedSynchronizer.java:2078)
        at java.util.concurrent.ScheduledThreadPoolExecutor$DelayedWorkQueue.take(ScheduledThreadPoolExecutor.java:1093)
        at java.util.concurrent.ScheduledThreadPoolExecutor$DelayedWorkQueue.take(ScheduledThreadPoolExecutor.java:809)
        at java.util.concurrent.ThreadPoolExecutor.getTask(ThreadPoolExecutor.java:1074)
        at java.util.concurrent.ThreadPoolExecutor.runWorker(ThreadPoolExecutor.java:1134)
        at java.util.concurrent.ThreadPoolExecutor$Worker.run(ThreadPoolExecutor.java:624)
        at java.lang.Thread.run(Thread.java:748)
"IPC Server handler 19 on 33059" daemon prio=5 tid=1690 timed_waiting
java.lang.Thread.State: TIMED_WAITING
        at sun.misc.Unsafe.park(Native Method)
        at java.util.concurrent.locks.LockSupport.parkNanos(LockSupport.java:215)
        at java.util.concurrent.locks.AbstractQueuedSynchronizer$ConditionObject.awaitNanos(AbstractQueuedSynchronizer.java:2078)
        at java.util.concurrent.LinkedBlockingQueue.poll(LinkedBlockingQueue.java:467)
        at org.apache.hadoop.ipc.CallQueueManager.take(CallQueueManager.java:288)
        at org.apache.hadoop.ipc.Server$Handler.run(Server.java:2668)
"metrics-hadoop-metrics2-reporter-26-thread-1" daemon prio=5 tid=526 timed_waiting
java.lang.Thread.State: TIMED_WAITING
        at sun.misc.Unsafe.park(Native Method)
        at java.util.concurrent.locks.LockSupport.parkNanos(LockSupport.java:215)
        at java.util.concurrent.locks.AbstractQueuedSynchronizer$ConditionObject.awaitNanos(AbstractQueuedSynchronizer.java:2078)
        at java.util.concurrent.ScheduledThreadPoolExecutor$DelayedWorkQueue.take(ScheduledThreadPoolExecutor.java:1093)
        at java.util.concurrent.ScheduledThreadPoolExecutor$DelayedWorkQueue.take(ScheduledThreadPoolExecutor.java:809)
        at java.util.concurrent.ThreadPoolExecutor.getTask(ThreadPoolExecutor.java:1074)
        at java.util.concurrent.ThreadPoolExecutor.runWorker(ThreadPoolExecutor.java:1134)
        at java.util.concurrent.ThreadPoolExecutor$Worker.run(ThreadPoolExecutor.java:624)
        at java.lang.Thread.run(Thread.java:748)
"metrics-hadoop-metrics2-reporter-41-thread-1" daemon prio=5 tid=1009 timed_waiting
java.lang.Thread.State: TIMED_WAITING
        at sun.misc.Unsafe.park(Native Method)
        at java.util.concurrent.locks.LockSupport.parkNanos(LockSupport.java:215)
        at java.util.concurrent.locks.AbstractQueuedSynchronizer$ConditionObject.awaitNanos(AbstractQueuedSynchronizer.java:2078)
        at java.util.concurrent.ScheduledThreadPoolExecutor$DelayedWorkQueue.take(ScheduledThreadPoolExecutor.java:1093)
        at java.util.concurrent.ScheduledThreadPoolExecutor$DelayedWorkQueue.take(ScheduledThreadPoolExecutor.java:809)
        at java.util.concurrent.ThreadPoolExecutor.getTask(ThreadPoolExecutor.java:1074)
        at java.util.concurrent.ThreadPoolExecutor.runWorker(ThreadPoolExecutor.java:1134)
        at java.util.concurrent.ThreadPoolExecutor$Worker.run(ThreadPoolExecutor.java:624)
        at java.lang.Thread.run(Thread.java:748)
"metrics-hadoop-metrics2-reporter-52-thread-1" daemon prio=5 tid=1055 timed_waiting
java.lang.Thread.State: TIMED_WAITING
        at sun.misc.Unsafe.park(Native Method)
        at java.util.concurrent.locks.LockSupport.parkNanos(LockSupport.java:215)
        at java.util.concurrent.locks.AbstractQueuedSynchronizer$ConditionObject.awaitNanos(AbstractQueuedSynchronizer.java:2078)
        at java.util.concurrent.ScheduledThreadPoolExecutor$DelayedWorkQueue.take(ScheduledThreadPoolExecutor.java:1093)
        at java.util.concurrent.ScheduledThreadPoolExecutor$DelayedWorkQueue.take(ScheduledThreadPoolExecutor.java:809)
        at java.util.concurrent.ThreadPoolExecutor.getTask(ThreadPoolExecutor.java:1074)
        at java.util.concurrent.ThreadPoolExecutor.runWorker(ThreadPoolExecutor.java:1134)
        at java.util.concurrent.ThreadPoolExecutor$Worker.run(ThreadPoolExecutor.java:624)
        at java.lang.Thread.run(Thread.java:748)
"metrics-hadoop-metrics2-reporter-63-thread-1" daemon prio=5 tid=1523 timed_waiting
java.lang.Thread.State: TIMED_WAITING
        at sun.misc.Unsafe.park(Native Method)
        at java.util.concurrent.locks.LockSupport.parkNanos(LockSupport.java:215)
        at java.util.concurrent.locks.AbstractQueuedSynchronizer$ConditionObject.awaitNanos(AbstractQueuedSynchronizer.java:2078)
        at java.util.concurrent.ScheduledThreadPoolExecutor$DelayedWorkQueue.take(ScheduledThreadPoolExecutor.java:1093)
        at java.util.concurrent.ScheduledThreadPoolExecutor$DelayedWorkQueue.take(ScheduledThreadPoolExecutor.java:809)
        at java.util.concurrent.ThreadPoolExecutor.getTask(ThreadPoolExecutor.java:1074)
        at java.util.concurrent.ThreadPoolExecutor.runWorker(ThreadPoolExecutor.java:1134)
        at java.util.concurrent.ThreadPoolExecutor$Worker.run(ThreadPoolExecutor.java:624)
        at java.lang.Thread.run(Thread.java:748)
"metrics-hadoop-metrics2-reporter-36-thread-1" daemon prio=5 tid=994 timed_waiting
java.lang.Thread.State: TIMED_WAITING
        at sun.misc.Unsafe.park(Native Method)
        at java.util.concurrent.locks.LockSupport.parkNanos(LockSupport.java:215)
        at java.util.concurrent.locks.AbstractQueuedSynchronizer$ConditionObject.awaitNanos(AbstractQueuedSynchronizer.java:2078)
        at java.util.concurrent.ScheduledThreadPoolExecutor$DelayedWorkQueue.take(ScheduledThreadPoolExecutor.java:1093)
        at java.util.concurrent.ScheduledThreadPoolExecutor$DelayedWorkQueue.take(ScheduledThreadPoolExecutor.java:809)
        at java.util.concurrent.ThreadPoolExecutor.getTask(ThreadPoolExecutor.java:1074)
        at java.util.concurrent.ThreadPoolExecutor.runWorker(ThreadPoolExecutor.java:1134)
        at java.util.concurrent.ThreadPoolExecutor$Worker.run(ThreadPoolExecutor.java:624)
        at java.lang.Thread.run(Thread.java:748)
"Datanode ReportManager Thread - 1" daemon prio=5 tid=1862 in Object.wait()
java.lang.Thread.State: WAITING (on object monitor)
        at sun.misc.Unsafe.park(Native Method)
        at java.util.concurrent.locks.LockSupport.park(LockSupport.java:175)
        at java.util.concurrent.locks.AbstractQueuedSynchronizer$ConditionObject.await(AbstractQueuedSynchronizer.java:2039)
        at java.util.concurrent.ScheduledThreadPoolExecutor$DelayedWorkQueue.take(ScheduledThreadPoolExecutor.java:1088)
        at java.util.concurrent.ScheduledThreadPoolExecutor$DelayedWorkQueue.take(ScheduledThreadPoolExecutor.java:809)
        at java.util.concurrent.ThreadPoolExecutor.getTask(ThreadPoolExecutor.java:1074)
        at java.util.concurrent.ThreadPoolExecutor.runWorker(ThreadPoolExecutor.java:1134)
        at java.util.concurrent.ThreadPoolExecutor$Worker.run(ThreadPoolExecutor.java:624)
        at java.lang.Thread.run(Thread.java:748)
"metrics-hadoop-metrics2-reporter-112-thread-1" daemon prio=5 tid=2292 timed_waiting
java.lang.Thread.State: TIMED_WAITING
        at sun.misc.Unsafe.park(Native Method)
        at java.util.concurrent.locks.LockSupport.parkNanos(LockSupport.java:215)
        at java.util.concurrent.locks.AbstractQueuedSynchronizer$ConditionObject.awaitNanos(AbstractQueuedSynchronizer.java:2078)
        at java.util.concurrent.ScheduledThreadPoolExecutor$DelayedWorkQueue.take(ScheduledThreadPoolExecutor.java:1093)
        at java.util.concurrent.ScheduledThreadPoolExecutor$DelayedWorkQueue.take(ScheduledThreadPoolExecutor.java:809)
        at java.util.concurrent.ThreadPoolExecutor.getTask(ThreadPoolExecutor.java:1074)
        at java.util.concurrent.ThreadPoolExecutor.runWorker(ThreadPoolExecutor.java:1134)
        at java.util.concurrent.ThreadPoolExecutor$Worker.run(ThreadPoolExecutor.java:624)
        at java.lang.Thread.run(Thread.java:748)
"metrics-hadoop-metrics2-reporter-66-thread-1" daemon prio=5 tid=1529 timed_waiting
java.lang.Thread.State: TIMED_WAITING
        at sun.misc.Unsafe.park(Native Method)
        at java.util.concurrent.locks.LockSupport.parkNanos(LockSupport.java:215)
        at java.util.concurrent.locks.AbstractQueuedSynchronizer$ConditionObject.awaitNanos(AbstractQueuedSynchronizer.java:2078)
        at java.util.concurrent.ScheduledThreadPoolExecutor$DelayedWorkQueue.take(ScheduledThreadPoolExecutor.java:1093)
        at java.util.concurrent.ScheduledThreadPoolExecutor$DelayedWorkQueue.take(ScheduledThreadPoolExecutor.java:809)
        at java.util.concurrent.ThreadPoolExecutor.getTask(ThreadPoolExecutor.java:1074)
        at java.util.concurrent.ThreadPoolExecutor.runWorker(ThreadPoolExecutor.java:1134)
        at java.util.concurrent.ThreadPoolExecutor$Worker.run(ThreadPoolExecutor.java:624)
        at java.lang.Thread.run(Thread.java:748)
"PartialTableCache Cleanup Thread - 0" daemon prio=5 tid=543 in Object.wait()
java.lang.Thread.State: WAITING (on object monitor)
        at sun.misc.Unsafe.park(Native Method)
        at java.util.concurrent.locks.LockSupport.park(LockSupport.java:175)
        at java.util.concurrent.locks.AbstractQueuedSynchronizer$ConditionObject.await(AbstractQueuedSynchronizer.java:2039)
        at java.util.concurrent.LinkedBlockingQueue.take(LinkedBlockingQueue.java:442)
        at java.util.concurrent.ThreadPoolExecutor.getTask(ThreadPoolExecutor.java:1074)
        at java.util.concurrent.ThreadPoolExecutor.runWorker(ThreadPoolExecutor.java:1134)
        at java.util.concurrent.ThreadPoolExecutor$Worker.run(ThreadPoolExecutor.java:624)
        at java.lang.Thread.run(Thread.java:748)
"pool-196-thread-10"  prio=5 tid=2003 in Object.wait()
java.lang.Thread.State: WAITING (on object monitor)
        at sun.misc.Unsafe.park(Native Method)
        at java.util.concurrent.locks.LockSupport.park(LockSupport.java:175)
        at java.util.concurrent.locks.AbstractQueuedSynchronizer$ConditionObject.await(AbstractQueuedSynchronizer.java:2039)
        at java.util.concurrent.ArrayBlockingQueue.take(ArrayBlockingQueue.java:403)
        at java.util.concurrent.ThreadPoolExecutor.getTask(ThreadPoolExecutor.java:1074)
        at java.util.concurrent.ThreadPoolExecutor.runWorker(ThreadPoolExecutor.java:1134)
        at java.util.concurrent.ThreadPoolExecutor$Worker.run(ThreadPoolExecutor.java:624)
        at java.lang.Thread.run(Thread.java:748)
"IPC Server handler 9 on 33059" daemon prio=5 tid=1680 timed_waiting
java.lang.Thread.State: TIMED_WAITING
        at sun.misc.Unsafe.park(Native Method)
        at java.util.concurrent.locks.LockSupport.parkNanos(LockSupport.java:215)
        at java.util.concurrent.locks.AbstractQueuedSynchronizer$ConditionObject.awaitNanos(AbstractQueuedSynchronizer.java:2078)
        at java.util.concurrent.LinkedBlockingQueue.poll(LinkedBlockingQueue.java:467)
        at org.apache.hadoop.ipc.CallQueueManager.take(CallQueueManager.java:288)
        at org.apache.hadoop.ipc.Server$Handler.run(Server.java:2668)
"pool-196-thread-59"  prio=5 tid=2052 in Object.wait()
java.lang.Thread.State: WAITING (on object monitor)
        at sun.misc.Unsafe.park(Native Method)
        at java.util.concurrent.locks.LockSupport.park(LockSupport.java:175)
        at java.util.concurrent.locks.AbstractQueuedSynchronizer$ConditionObject.await(AbstractQueuedSynchronizer.java:2039)
        at java.util.concurrent.ArrayBlockingQueue.take(ArrayBlockingQueue.java:403)
        at java.util.concurrent.ThreadPoolExecutor.getTask(ThreadPoolExecutor.java:1074)
        at java.util.concurrent.ThreadPoolExecutor.runWorker(ThreadPoolExecutor.java:1134)
        at java.util.concurrent.ThreadPoolExecutor$Worker.run(ThreadPoolExecutor.java:624)
        at java.lang.Thread.run(Thread.java:748)
"pool-196-thread-46"  prio=5 tid=2039 in Object.wait()
java.lang.Thread.State: WAITING (on object monitor)
        at sun.misc.Unsafe.park(Native Method)
        at java.util.concurrent.locks.LockSupport.park(LockSupport.java:175)
        at java.util.concurrent.locks.AbstractQueuedSynchronizer$ConditionObject.await(AbstractQueuedSynchronizer.java:2039)
        at java.util.concurrent.ArrayBlockingQueue.take(ArrayBlockingQueue.java:403)
        at java.util.concurrent.ThreadPoolExecutor.getTask(ThreadPoolExecutor.java:1074)
        at java.util.concurrent.ThreadPoolExecutor.runWorker(ThreadPoolExecutor.java:1134)
        at java.util.concurrent.ThreadPoolExecutor$Worker.run(ThreadPoolExecutor.java:624)
        at java.lang.Thread.run(Thread.java:748)
"BlockDeletingService#0" daemon prio=5 tid=1930 timed_waiting
java.lang.Thread.State: TIMED_WAITING
        at sun.misc.Unsafe.park(Native Method)
        at java.util.concurrent.locks.LockSupport.parkNanos(LockSupport.java:215)
        at java.util.concurrent.locks.AbstractQueuedSynchronizer$ConditionObject.awaitNanos(AbstractQueuedSynchronizer.java:2078)
        at java.util.concurrent.ScheduledThreadPoolExecutor$DelayedWorkQueue.take(ScheduledThreadPoolExecutor.java:1093)
        at java.util.concurrent.ScheduledThreadPoolExecutor$DelayedWorkQueue.take(ScheduledThreadPoolExecutor.java:809)
        at java.util.concurrent.ThreadPoolExecutor.getTask(ThreadPoolExecutor.java:1074)
        at java.util.concurrent.ThreadPoolExecutor.runWorker(ThreadPoolExecutor.java:1134)
        at java.util.concurrent.ThreadPoolExecutor$Worker.run(ThreadPoolExecutor.java:624)
        at java.lang.Thread.run(Thread.java:748)
"IPC Server handler 5 on 41111" daemon prio=5 tid=1716 timed_waiting
java.lang.Thread.State: TIMED_WAITING
        at sun.misc.Unsafe.park(Native Method)
        at java.util.concurrent.locks.LockSupport.parkNanos(LockSupport.java:215)
        at java.util.concurrent.locks.AbstractQueuedSynchronizer$ConditionObject.awaitNanos(AbstractQueuedSynchronizer.java:2078)
        at java.util.concurrent.LinkedBlockingQueue.poll(LinkedBlockingQueue.java:467)
        at org.apache.hadoop.ipc.CallQueueManager.take(CallQueueManager.java:288)
        at org.apache.hadoop.ipc.Server$Handler.run(Server.java:2668)
"IPC Server handler 9 on 39395" daemon prio=5 tid=1700 timed_waiting
java.lang.Thread.State: TIMED_WAITING
        at sun.misc.Unsafe.park(Native Method)
        at java.util.concurrent.locks.LockSupport.parkNanos(LockSupport.java:215)
        at java.util.concurrent.locks.AbstractQueuedSynchronizer$ConditionObject.awaitNanos(AbstractQueuedSynchronizer.java:2078)
        at java.util.concurrent.LinkedBlockingQueue.poll(LinkedBlockingQueue.java:467)
        at org.apache.hadoop.ipc.CallQueueManager.take(CallQueueManager.java:288)
        at org.apache.hadoop.ipc.Server$Handler.run(Server.java:2668)
"pool-196-thread-53"  prio=5 tid=2046 in Object.wait()
java.lang.Thread.State: WAITING (on object monitor)
        at sun.misc.Unsafe.park(Native Method)
        at java.util.concurrent.locks.LockSupport.park(LockSupport.java:175)
        at java.util.concurrent.locks.AbstractQueuedSynchronizer$ConditionObject.await(AbstractQueuedSynchronizer.java:2039)
        at java.util.concurrent.ArrayBlockingQueue.take(ArrayBlockingQueue.java:403)
        at java.util.concurrent.ThreadPoolExecutor.getTask(ThreadPoolExecutor.java:1074)
        at java.util.concurrent.ThreadPoolExecutor.runWorker(ThreadPoolExecutor.java:1134)
        at java.util.concurrent.ThreadPoolExecutor$Worker.run(ThreadPoolExecutor.java:624)
        at java.lang.Thread.run(Thread.java:748)
"pool-176-thread-49"  prio=5 tid=1917 in Object.wait()
java.lang.Thread.State: WAITING (on object monitor)
        at sun.misc.Unsafe.park(Native Method)
        at java.util.concurrent.locks.LockSupport.park(LockSupport.java:175)
        at java.util.concurrent.locks.AbstractQueuedSynchronizer$ConditionObject.await(AbstractQueuedSynchronizer.java:2039)
        at java.util.concurrent.ArrayBlockingQueue.take(ArrayBlockingQueue.java:403)
        at java.util.concurrent.ThreadPoolExecutor.getTask(ThreadPoolExecutor.java:1074)
        at java.util.concurrent.ThreadPoolExecutor.runWorker(ThreadPoolExecutor.java:1134)
        at java.util.concurrent.ThreadPoolExecutor$Worker.run(ThreadPoolExecutor.java:624)
        at java.lang.Thread.run(Thread.java:748)
"PartialTableCache Cleanup Thread - 0" daemon prio=5 tid=1075 in Object.wait()
java.lang.Thread.State: WAITING (on object monitor)
        at sun.misc.Unsafe.park(Native Method)
        at java.util.concurrent.locks.LockSupport.park(LockSupport.java:175)
        at java.util.concurrent.locks.AbstractQueuedSynchronizer$ConditionObject.await(AbstractQueuedSynchronizer.java:2039)
        at java.util.concurrent.LinkedBlockingQueue.take(LinkedBlockingQueue.java:442)
        at java.util.concurrent.ThreadPoolExecutor.getTask(ThreadPoolExecutor.java:1074)
        at java.util.concurrent.ThreadPoolExecutor.runWorker(ThreadPoolExecutor.java:1134)
        at java.util.concurrent.ThreadPoolExecutor$Worker.run(ThreadPoolExecutor.java:624)
        at java.lang.Thread.run(Thread.java:748)
"metrics-hadoop-metrics2-reporter-8-thread-1" daemon prio=5 tid=453 timed_waiting
java.lang.Thread.State: TIMED_WAITING
        at sun.misc.Unsafe.park(Native Method)
        at java.util.concurrent.locks.LockSupport.parkNanos(LockSupport.java:215)
        at java.util.concurrent.locks.AbstractQueuedSynchronizer$ConditionObject.awaitNanos(AbstractQueuedSynchronizer.java:2078)
        at java.util.concurrent.ScheduledThreadPoolExecutor$DelayedWorkQueue.take(ScheduledThreadPoolExecutor.java:1093)
        at java.util.concurrent.ScheduledThreadPoolExecutor$DelayedWorkQueue.take(ScheduledThreadPoolExecutor.java:809)
        at java.util.concurrent.ThreadPoolExecutor.getTask(ThreadPoolExecutor.java:1074)
        at java.util.concurrent.ThreadPoolExecutor.runWorker(ThreadPoolExecutor.java:1134)
        at java.util.concurrent.ThreadPoolExecutor$Worker.run(ThreadPoolExecutor.java:624)
        at java.lang.Thread.run(Thread.java:748)
"IPC Server handler 1 on 39395" daemon prio=5 tid=1692 timed_waiting
java.lang.Thread.State: TIMED_WAITING
        at sun.misc.Unsafe.park(Native Method)
        at java.util.concurrent.locks.LockSupport.parkNanos(LockSupport.java:215)
        at java.util.concurrent.locks.AbstractQueuedSynchronizer$ConditionObject.awaitNanos(AbstractQueuedSynchronizer.java:2078)
        at java.util.concurrent.LinkedBlockingQueue.poll(LinkedBlockingQueue.java:467)
        at org.apache.hadoop.ipc.CallQueueManager.take(CallQueueManager.java:288)
        at org.apache.hadoop.ipc.Server$Handler.run(Server.java:2668)
"pool-196-thread-57"  prio=5 tid=2050 in Object.wait()
java.lang.Thread.State: WAITING (on object monitor)
        at sun.misc.Unsafe.park(Native Method)
        at java.util.concurrent.locks.LockSupport.park(LockSupport.java:175)
        at java.util.concurrent.locks.AbstractQueuedSynchronizer$ConditionObject.await(AbstractQueuedSynchronizer.java:2039)
        at java.util.concurrent.ArrayBlockingQueue.take(ArrayBlockingQueue.java:403)
        at java.util.concurrent.ThreadPoolExecutor.getTask(ThreadPoolExecutor.java:1074)
        at java.util.concurrent.ThreadPoolExecutor.runWorker(ThreadPoolExecutor.java:1134)
        at java.util.concurrent.ThreadPoolExecutor$Worker.run(ThreadPoolExecutor.java:624)
        at java.lang.Thread.run(Thread.java:748)
"IPC Server handler 7 on 33059" daemon prio=5 tid=1678 timed_waiting
java.lang.Thread.State: TIMED_WAITING
        at sun.misc.Unsafe.park(Native Method)
        at java.util.concurrent.locks.LockSupport.parkNanos(LockSupport.java:215)
        at java.util.concurrent.locks.AbstractQueuedSynchronizer$ConditionObject.awaitNanos(AbstractQueuedSynchronizer.java:2078)
        at java.util.concurrent.LinkedBlockingQueue.poll(LinkedBlockingQueue.java:467)
        at org.apache.hadoop.ipc.CallQueueManager.take(CallQueueManager.java:288)
        at org.apache.hadoop.ipc.Server$Handler.run(Server.java:2668)
"SCMBlockDeletingService#1" daemon prio=5 tid=1745 in Object.wait()
java.lang.Thread.State: WAITING (on object monitor)
        at sun.misc.Unsafe.park(Native Method)
        at java.util.concurrent.locks.LockSupport.park(LockSupport.java:175)
        at java.util.concurrent.locks.AbstractQueuedSynchronizer$ConditionObject.await(AbstractQueuedSynchronizer.java:2039)
        at java.util.concurrent.ScheduledThreadPoolExecutor$DelayedWorkQueue.take(ScheduledThreadPoolExecutor.java:1088)
        at java.util.concurrent.ScheduledThreadPoolExecutor$DelayedWorkQueue.take(ScheduledThreadPoolExecutor.java:809)
        at java.util.concurrent.ThreadPoolExecutor.getTask(ThreadPoolExecutor.java:1074)
        at java.util.concurrent.ThreadPoolExecutor.runWorker(ThreadPoolExecutor.java:1134)
        at java.util.concurrent.ThreadPoolExecutor$Worker.run(ThreadPoolExecutor.java:624)
        at java.lang.Thread.run(Thread.java:748)
"PartialTableCache Cleanup Thread - 0" daemon prio=5 tid=1071 in Object.wait()
java.lang.Thread.State: WAITING (on object monitor)
        at sun.misc.Unsafe.park(Native Method)
        at java.util.concurrent.locks.LockSupport.park(LockSupport.java:175)
        at java.util.concurrent.locks.AbstractQueuedSynchronizer$ConditionObject.await(AbstractQueuedSynchronizer.java:2039)
        at java.util.concurrent.LinkedBlockingQueue.take(LinkedBlockingQueue.java:442)
        at java.util.concurrent.ThreadPoolExecutor.getTask(ThreadPoolExecutor.java:1074)
        at java.util.concurrent.ThreadPoolExecutor.runWorker(ThreadPoolExecutor.java:1134)
        at java.util.concurrent.ThreadPoolExecutor$Worker.run(ThreadPoolExecutor.java:624)
        at java.lang.Thread.run(Thread.java:748)
"BlockDeletingService#0" daemon prio=5 tid=2054 timed_waiting
java.lang.Thread.State: TIMED_WAITING
        at sun.misc.Unsafe.park(Native Method)
        at java.util.concurrent.locks.LockSupport.parkNanos(LockSupport.java:215)
        at java.util.concurrent.locks.AbstractQueuedSynchronizer$ConditionObject.awaitNanos(AbstractQueuedSynchronizer.java:2078)
        at java.util.concurrent.ScheduledThreadPoolExecutor$DelayedWorkQueue.take(ScheduledThreadPoolExecutor.java:1093)
        at java.util.concurrent.ScheduledThreadPoolExecutor$DelayedWorkQueue.take(ScheduledThreadPoolExecutor.java:809)
        at java.util.concurrent.ThreadPoolExecutor.getTask(ThreadPoolExecutor.java:1074)
        at java.util.concurrent.ThreadPoolExecutor.runWorker(ThreadPoolExecutor.java:1134)
        at java.util.concurrent.ThreadPoolExecutor$Worker.run(ThreadPoolExecutor.java:624)
        at java.lang.Thread.run(Thread.java:748)
"pool-176-thread-46"  prio=5 tid=1914 in Object.wait()
java.lang.Thread.State: WAITING (on object monitor)
        at sun.misc.Unsafe.park(Native Method)
        at java.util.concurrent.locks.LockSupport.park(LockSupport.java:175)
        at java.util.concurrent.locks.AbstractQueuedSynchronizer$ConditionObject.await(AbstractQueuedSynchronizer.java:2039)
        at java.util.concurrent.ArrayBlockingQueue.take(ArrayBlockingQueue.java:403)
        at java.util.concurrent.ThreadPoolExecutor.getTask(ThreadPoolExecutor.java:1074)
        at java.util.concurrent.ThreadPoolExecutor.runWorker(ThreadPoolExecutor.java:1134)
        at java.util.concurrent.ThreadPoolExecutor$Worker.run(ThreadPoolExecutor.java:624)
        at java.lang.Thread.run(Thread.java:748)
"Datanode ReportManager Thread - 2" daemon prio=5 tid=1293 timed_waiting
java.lang.Thread.State: TIMED_WAITING
        at sun.misc.Unsafe.park(Native Method)
        at java.util.concurrent.locks.LockSupport.parkNanos(LockSupport.java:215)
        at java.util.concurrent.locks.AbstractQueuedSynchronizer$ConditionObject.awaitNanos(AbstractQueuedSynchronizer.java:2078)
        at java.util.concurrent.ScheduledThreadPoolExecutor$DelayedWorkQueue.take(ScheduledThreadPoolExecutor.java:1093)
        at java.util.concurrent.ScheduledThreadPoolExecutor$DelayedWorkQueue.take(ScheduledThreadPoolExecutor.java:809)
        at java.util.concurrent.ThreadPoolExecutor.getTask(ThreadPoolExecutor.java:1074)
        at java.util.concurrent.ThreadPoolExecutor.runWorker(ThreadPoolExecutor.java:1134)
        at java.util.concurrent.ThreadPoolExecutor$Worker.run(ThreadPoolExecutor.java:624)
        at java.lang.Thread.run(Thread.java:748)
"IPC Server handler 0 on 41111" daemon prio=5 tid=1711 timed_waiting
java.lang.Thread.State: TIMED_WAITING
        at sun.misc.Unsafe.park(Native Method)
        at java.util.concurrent.locks.LockSupport.parkNanos(LockSupport.java:215)
        at java.util.concurrent.locks.AbstractQueuedSynchronizer$ConditionObject.awaitNanos(AbstractQueuedSynchronizer.java:2078)
        at java.util.concurrent.LinkedBlockingQueue.poll(LinkedBlockingQueue.java:467)
        at org.apache.hadoop.ipc.CallQueueManager.take(CallQueueManager.java:288)
        at org.apache.hadoop.ipc.Server$Handler.run(Server.java:2668)
"org.eclipse.jetty.server.session.HashSessionManager@4ec33188Timer" daemon prio=5 tid=1857 timed_waiting
java.lang.Thread.State: TIMED_WAITING
        at sun.misc.Unsafe.park(Native Method)
        at java.util.concurrent.locks.LockSupport.parkNanos(LockSupport.java:215)
        at java.util.concurrent.locks.AbstractQueuedSynchronizer$ConditionObject.awaitNanos(AbstractQueuedSynchronizer.java:2078)
        at java.util.concurrent.ScheduledThreadPoolExecutor$DelayedWorkQueue.take(ScheduledThreadPoolExecutor.java:1093)
        at java.util.concurrent.ScheduledThreadPoolExecutor$DelayedWorkQueue.take(ScheduledThreadPoolExecutor.java:809)
        at java.util.concurrent.ThreadPoolExecutor.getTask(ThreadPoolExecutor.java:1074)
        at java.util.concurrent.ThreadPoolExecutor.runWorker(ThreadPoolExecutor.java:1134)
        at java.util.concurrent.ThreadPoolExecutor$Worker.run(ThreadPoolExecutor.java:624)
        at java.lang.Thread.run(Thread.java:748)
"IPC Server handler 16 on 46187" daemon prio=5 tid=1771 timed_waiting
java.lang.Thread.State: TIMED_WAITING
        at sun.misc.Unsafe.park(Native Method)
        at java.util.concurrent.locks.LockSupport.parkNanos(LockSupport.java:215)
        at java.util.concurrent.locks.AbstractQueuedSynchronizer$ConditionObject.awaitNanos(AbstractQueuedSynchronizer.java:2078)
        at java.util.concurrent.LinkedBlockingQueue.poll(LinkedBlockingQueue.java:467)
        at org.apache.hadoop.ipc.CallQueueManager.take(CallQueueManager.java:288)
        at org.apache.hadoop.ipc.Server$Handler.run(Server.java:2668)
"grpc-default-executor-4" daemon prio=5 tid=2287 timed_waiting
java.lang.Thread.State: TIMED_WAITING
        at sun.misc.Unsafe.park(Native Method)
        at java.util.concurrent.locks.LockSupport.parkNanos(LockSupport.java:215)
        at java.util.concurrent.SynchronousQueue$TransferStack.awaitFulfill(SynchronousQueue.java:460)
        at java.util.concurrent.SynchronousQueue$TransferStack.transfer(SynchronousQueue.java:362)
        at java.util.concurrent.SynchronousQueue.poll(SynchronousQueue.java:941)
        at java.util.concurrent.ThreadPoolExecutor.getTask(ThreadPoolExecutor.java:1073)
        at java.util.concurrent.ThreadPoolExecutor.runWorker(ThreadPoolExecutor.java:1134)
        at java.util.concurrent.ThreadPoolExecutor$Worker.run(ThreadPoolExecutor.java:624)
        at java.lang.Thread.run(Thread.java:748)
"refreshUsed-/workdir/hadoop-ozone/ozonefs/target/test-dir/MiniOzoneClusterImpl-0df98be9-49e2-4eb9-b6e4-71f20c3f18cb/datanode-2/data/containers" daemon prio=5 tid=1844 timed_waiting
java.lang.Thread.State: TIMED_WAITING
        at java.lang.Thread.sleep(Native Method)
        at org.apache.hadoop.fs.CachingGetSpaceUsed$RefreshThread.run(CachingGetSpaceUsed.java:179)
        at java.lang.Thread.run(Thread.java:748)
"IPC Server handler 15 on 41111" daemon prio=5 tid=1726 timed_waiting
java.lang.Thread.State: TIMED_WAITING
        at sun.misc.Unsafe.park(Native Method)
        at java.util.concurrent.locks.LockSupport.parkNanos(LockSupport.java:215)
        at java.util.concurrent.locks.AbstractQueuedSynchronizer$ConditionObject.awaitNanos(AbstractQueuedSynchronizer.java:2078)
        at java.util.concurrent.LinkedBlockingQueue.poll(LinkedBlockingQueue.java:467)
        at org.apache.hadoop.ipc.CallQueueManager.take(CallQueueManager.java:288)
        at org.apache.hadoop.ipc.Server$Handler.run(Server.java:2668)
"pool-176-thread-51"  prio=5 tid=1919 in Object.wait()
java.lang.Thread.State: WAITING (on object monitor)
        at sun.misc.Unsafe.park(Native Method)
        at java.util.concurrent.locks.LockSupport.park(LockSupport.java:175)
        at java.util.concurrent.locks.AbstractQueuedSynchronizer$ConditionObject.await(AbstractQueuedSynchronizer.java:2039)
        at java.util.concurrent.ArrayBlockingQueue.take(ArrayBlockingQueue.java:403)
        at java.util.concurrent.ThreadPoolExecutor.getTask(ThreadPoolExecutor.java:1074)
        at java.util.concurrent.ThreadPoolExecutor.runWorker(ThreadPoolExecutor.java:1134)
        at java.util.concurrent.ThreadPoolExecutor$Worker.run(ThreadPoolExecutor.java:624)
        at java.lang.Thread.run(Thread.java:748)
"pool-176-thread-13"  prio=5 tid=1881 in Object.wait()
java.lang.Thread.State: WAITING (on object monitor)
        at sun.misc.Unsafe.park(Native Method)
        at java.util.concurrent.locks.LockSupport.park(LockSupport.java:175)
        at java.util.concurrent.locks.AbstractQueuedSynchronizer$ConditionObject.await(AbstractQueuedSynchronizer.java:2039)
        at java.util.concurrent.ArrayBlockingQueue.take(ArrayBlockingQueue.java:403)
        at java.util.concurrent.ThreadPoolExecutor.getTask(ThreadPoolExecutor.java:1074)
        at java.util.concurrent.ThreadPoolExecutor.runWorker(ThreadPoolExecutor.java:1134)
        at java.util.concurrent.ThreadPoolExecutor$Worker.run(ThreadPoolExecutor.java:624)
        at java.lang.Thread.run(Thread.java:748)
"org.eclipse.jetty.server.session.HashSessionManager@78835a70Timer" daemon prio=5 tid=1741 timed_waiting
java.lang.Thread.State: TIMED_WAITING
        at sun.misc.Unsafe.park(Native Method)
        at java.util.concurrent.locks.LockSupport.parkNanos(LockSupport.java:215)
        at java.util.concurrent.locks.AbstractQueuedSynchronizer$ConditionObject.awaitNanos(AbstractQueuedSynchronizer.java:2078)
        at java.util.concurrent.ScheduledThreadPoolExecutor$DelayedWorkQueue.take(ScheduledThreadPoolExecutor.java:1093)
        at java.util.concurrent.ScheduledThreadPoolExecutor$DelayedWorkQueue.take(ScheduledThreadPoolExecutor.java:809)
        at java.util.concurrent.ThreadPoolExecutor.getTask(ThreadPoolExecutor.java:1074)
        at java.util.concurrent.ThreadPoolExecutor.runWorker(ThreadPoolExecutor.java:1134)
        at java.util.concurrent.ThreadPoolExecutor$Worker.run(ThreadPoolExecutor.java:624)
        at java.lang.Thread.run(Thread.java:748)
"Datanode ReportManager Thread - 2" daemon prio=5 tid=711 timed_waiting
java.lang.Thread.State: TIMED_WAITING
        at sun.misc.Unsafe.park(Native Method)
        at java.util.concurrent.locks.LockSupport.parkNanos(LockSupport.java:215)
        at java.util.concurrent.locks.AbstractQueuedSynchronizer$ConditionObject.awaitNanos(AbstractQueuedSynchronizer.java:2078)
        at java.util.concurrent.ScheduledThreadPoolExecutor$DelayedWorkQueue.take(ScheduledThreadPoolExecutor.java:1093)
        at java.util.concurrent.ScheduledThreadPoolExecutor$DelayedWorkQueue.take(ScheduledThreadPoolExecutor.java:809)
        at java.util.concurrent.ThreadPoolExecutor.getTask(ThreadPoolExecutor.java:1074)
        at java.util.concurrent.ThreadPoolExecutor.runWorker(ThreadPoolExecutor.java:1134)
        at java.util.concurrent.ThreadPoolExecutor$Worker.run(ThreadPoolExecutor.java:624)
        at java.lang.Thread.run(Thread.java:748)
"c07977b7-c8ef-4f3c-80b1-66a07c6e3dcd@group-2095AA24612E-SegmentedRaftLogWorker"  prio=5 tid=2085 timed_waiting
java.lang.Thread.State: TIMED_WAITING
        at sun.misc.Unsafe.park(Native Method)
        at java.util.concurrent.locks.LockSupport.parkNanos(LockSupport.java:215)
        at java.util.concurrent.locks.AbstractQueuedSynchronizer$ConditionObject.awaitNanos(AbstractQueuedSynchronizer.java:2078)
        at org.apache.ratis.util.DataBlockingQueue.poll(DataBlockingQueue.java:137)
        at org.apache.ratis.server.raftlog.segmented.SegmentedRaftLogWorker.run(SegmentedRaftLogWorker.java:282)
        at java.lang.Thread.run(Thread.java:748)
"IPC Server handler 19 on 39395" daemon prio=5 tid=1710 timed_waiting
java.lang.Thread.State: TIMED_WAITING
        at sun.misc.Unsafe.park(Native Method)
        at java.util.concurrent.locks.LockSupport.parkNanos(LockSupport.java:215)
        at java.util.concurrent.locks.AbstractQueuedSynchronizer$ConditionObject.awaitNanos(AbstractQueuedSynchronizer.java:2078)
        at java.util.concurrent.LinkedBlockingQueue.poll(LinkedBlockingQueue.java:467)
        at org.apache.hadoop.ipc.CallQueueManager.take(CallQueueManager.java:288)
        at org.apache.hadoop.ipc.Server$Handler.run(Server.java:2668)
"metrics-hadoop-metrics2-reporter-89-thread-1" daemon prio=5 tid=2088 timed_waiting
java.lang.Thread.State: TIMED_WAITING
        at sun.misc.Unsafe.park(Native Method)
        at java.util.concurrent.locks.LockSupport.parkNanos(LockSupport.java:215)
        at java.util.concurrent.locks.AbstractQueuedSynchronizer$ConditionObject.awaitNanos(AbstractQueuedSynchronizer.java:2078)
        at java.util.concurrent.ScheduledThreadPoolExecutor$DelayedWorkQueue.take(ScheduledThreadPoolExecutor.java:1093)
        at java.util.concurrent.ScheduledThreadPoolExecutor$DelayedWorkQueue.take(ScheduledThreadPoolExecutor.java:809)
        at java.util.concurrent.ThreadPoolExecutor.getTask(ThreadPoolExecutor.java:1074)
        at java.util.concurrent.ThreadPoolExecutor.runWorker(ThreadPoolExecutor.java:1134)
        at java.util.concurrent.ThreadPoolExecutor$Worker.run(ThreadPoolExecutor.java:624)
        at java.lang.Thread.run(Thread.java:748)
"Datanode ReportManager Thread - 2" daemon prio=5 tid=765 in Object.wait()
java.lang.Thread.State: WAITING (on object monitor)
        at sun.misc.Unsafe.park(Native Method)
        at java.util.concurrent.locks.LockSupport.park(LockSupport.java:175)
        at java.util.concurrent.locks.AbstractQueuedSynchronizer$ConditionObject.await(AbstractQueuedSynchronizer.java:2039)
        at java.util.concurrent.ScheduledThreadPoolExecutor$DelayedWorkQueue.take(ScheduledThreadPoolExecutor.java:1088)
        at java.util.concurrent.ScheduledThreadPoolExecutor$DelayedWorkQueue.take(ScheduledThreadPoolExecutor.java:809)
        at java.util.concurrent.ThreadPoolExecutor.getTask(ThreadPoolExecutor.java:1074)
        at java.util.concurrent.ThreadPoolExecutor.runWorker(ThreadPoolExecutor.java:1134)
        at java.util.concurrent.ThreadPoolExecutor$Worker.run(ThreadPoolExecutor.java:624)
        at java.lang.Thread.run(Thread.java:748)
"Datanode ReportManager Thread - 1" daemon prio=5 tid=1808 in Object.wait()
java.lang.Thread.State: WAITING (on object monitor)
        at sun.misc.Unsafe.park(Native Method)
        at java.util.concurrent.locks.LockSupport.park(LockSupport.java:175)
        at java.util.concurrent.locks.AbstractQueuedSynchronizer$ConditionObject.await(AbstractQueuedSynchronizer.java:2039)
        at java.util.concurrent.ScheduledThreadPoolExecutor$DelayedWorkQueue.take(ScheduledThreadPoolExecutor.java:1088)
        at java.util.concurrent.ScheduledThreadPoolExecutor$DelayedWorkQueue.take(ScheduledThreadPoolExecutor.java:809)
        at java.util.concurrent.ThreadPoolExecutor.getTask(ThreadPoolExecutor.java:1074)
        at java.util.concurrent.ThreadPoolExecutor.runWorker(ThreadPoolExecutor.java:1134)
        at java.util.concurrent.ThreadPoolExecutor$Worker.run(ThreadPoolExecutor.java:624)
        at java.lang.Thread.run(Thread.java:748)
"qtp915734066-1801" daemon prio=5 tid=1801 timed_waiting
java.lang.Thread.State: TIMED_WAITING
        at sun.misc.Unsafe.park(Native Method)
        at java.util.concurrent.locks.LockSupport.parkNanos(LockSupport.java:215)
        at java.util.concurrent.locks.AbstractQueuedSynchronizer$ConditionObject.awaitNanos(AbstractQueuedSynchronizer.java:2078)
        at org.eclipse.jetty.util.BlockingArrayQueue.poll(BlockingArrayQueue.java:392)
        at org.eclipse.jetty.util.thread.QueuedThreadPool.idleJobPoll(QueuedThreadPool.java:563)
        at org.eclipse.jetty.util.thread.QueuedThreadPool.access$800(QueuedThreadPool.java:48)
        at org.eclipse.jetty.util.thread.QueuedThreadPool$2.run(QueuedThreadPool.java:626)
        at java.lang.Thread.run(Thread.java:748)
"pool-176-thread-11"  prio=5 tid=1879 in Object.wait()
java.lang.Thread.State: WAITING (on object monitor)
        at sun.misc.Unsafe.park(Native Method)
        at java.util.concurrent.locks.LockSupport.park(LockSupport.java:175)
        at java.util.concurrent.locks.AbstractQueuedSynchronizer$ConditionObject.await(AbstractQueuedSynchronizer.java:2039)
        at java.util.concurrent.ArrayBlockingQueue.take(ArrayBlockingQueue.java:403)
        at java.util.concurrent.ThreadPoolExecutor.getTask(ThreadPoolExecutor.java:1074)
        at java.util.concurrent.ThreadPoolExecutor.runWorker(ThreadPoolExecutor.java:1134)
        at java.util.concurrent.ThreadPoolExecutor$Worker.run(ThreadPoolExecutor.java:624)
        at java.lang.Thread.run(Thread.java:748)
"metrics-hadoop-metrics2-reporter-86-thread-1" daemon prio=5 tid=2083 timed_waiting
java.lang.Thread.State: TIMED_WAITING
        at sun.misc.Unsafe.park(Native Method)
        at java.util.concurrent.locks.LockSupport.parkNanos(LockSupport.java:215)
        at java.util.concurrent.locks.AbstractQueuedSynchronizer$ConditionObject.awaitNanos(AbstractQueuedSynchronizer.java:2078)
        at java.util.concurrent.ScheduledThreadPoolExecutor$DelayedWorkQueue.take(ScheduledThreadPoolExecutor.java:1093)
        at java.util.concurrent.ScheduledThreadPoolExecutor$DelayedWorkQueue.take(ScheduledThreadPoolExecutor.java:809)
        at java.util.concurrent.ThreadPoolExecutor.getTask(ThreadPoolExecutor.java:1074)
        at java.util.concurrent.ThreadPoolExecutor.runWorker(ThreadPoolExecutor.java:1134)
        at java.util.concurrent.ThreadPoolExecutor$Worker.run(ThreadPoolExecutor.java:624)
        at java.lang.Thread.run(Thread.java:748)
"pool-186-thread-27"  prio=5 tid=1958 in Object.wait()
java.lang.Thread.State: WAITING (on object monitor)
        at sun.misc.Unsafe.park(Native Method)
        at java.util.concurrent.locks.LockSupport.park(LockSupport.java:175)
        at java.util.concurrent.locks.AbstractQueuedSynchronizer$ConditionObject.await(AbstractQueuedSynchronizer.java:2039)
        at java.util.concurrent.ArrayBlockingQueue.take(ArrayBlockingQueue.java:403)
        at java.util.concurrent.ThreadPoolExecutor.getTask(ThreadPoolExecutor.java:1074)
        at java.util.concurrent.ThreadPoolExecutor.runWorker(ThreadPoolExecutor.java:1134)
        at java.util.concurrent.ThreadPoolExecutor$Worker.run(ThreadPoolExecutor.java:624)
        at java.lang.Thread.run(Thread.java:748)
"PartialTableCache Cleanup Thread - 0" daemon prio=5 tid=1643 in Object.wait()
java.lang.Thread.State: WAITING (on object monitor)
        at sun.misc.Unsafe.park(Native Method)
        at java.util.concurrent.locks.LockSupport.park(LockSupport.java:175)
        at java.util.concurrent.locks.AbstractQueuedSynchronizer$ConditionObject.await(AbstractQueuedSynchronizer.java:2039)
        at java.util.concurrent.LinkedBlockingQueue.take(LinkedBlockingQueue.java:442)
        at java.util.concurrent.ThreadPoolExecutor.getTask(ThreadPoolExecutor.java:1074)
        at java.util.concurrent.ThreadPoolExecutor.runWorker(ThreadPoolExecutor.java:1134)
        at java.util.concurrent.ThreadPoolExecutor$Worker.run(ThreadPoolExecutor.java:624)
        at java.lang.Thread.run(Thread.java:748)
"Finalizer" daemon prio=8 tid=3 blocked
java.lang.Thread.State: BLOCKED
        at java.lang.Object.wait(Native Method)
        at java.lang.ref.ReferenceQueue.remove(ReferenceQueue.java:144)
        at java.lang.ref.ReferenceQueue.remove(ReferenceQueue.java:165)
        at java.lang.ref.Finalizer$FinalizerThread.run(Finalizer.java:216)
"pool-186-thread-42"  prio=5 tid=1973 in Object.wait()
java.lang.Thread.State: WAITING (on object monitor)
        at sun.misc.Unsafe.park(Native Method)
        at java.util.concurrent.locks.LockSupport.park(LockSupport.java:175)
        at java.util.concurrent.locks.AbstractQueuedSynchronizer$ConditionObject.await(AbstractQueuedSynchronizer.java:2039)
        at java.util.concurrent.ArrayBlockingQueue.take(ArrayBlockingQueue.java:403)
        at java.util.concurrent.ThreadPoolExecutor.getTask(ThreadPoolExecutor.java:1074)
        at java.util.concurrent.ThreadPoolExecutor.runWorker(ThreadPoolExecutor.java:1134)
        at java.util.concurrent.ThreadPoolExecutor$Worker.run(ThreadPoolExecutor.java:624)
        at java.lang.Thread.run(Thread.java:748)
"pool-176-thread-54"  prio=5 tid=1922 in Object.wait()
java.lang.Thread.State: WAITING (on object monitor)
        at sun.misc.Unsafe.park(Native Method)
        at java.util.concurrent.locks.LockSupport.park(LockSupport.java:175)
        at java.util.concurrent.locks.AbstractQueuedSynchronizer$ConditionObject.await(AbstractQueuedSynchronizer.java:2039)
        at java.util.concurrent.ArrayBlockingQueue.take(ArrayBlockingQueue.java:403)
        at java.util.concurrent.ThreadPoolExecutor.getTask(ThreadPoolExecutor.java:1074)
        at java.util.concurrent.ThreadPoolExecutor.runWorker(ThreadPoolExecutor.java:1134)
        at java.util.concurrent.ThreadPoolExecutor$Worker.run(ThreadPoolExecutor.java:624)
        at java.lang.Thread.run(Thread.java:748)
"Timer-1" daemon prio=5 tid=150 timed_waiting
java.lang.Thread.State: TIMED_WAITING
        at java.lang.Object.wait(Native Method)
        at java.util.TimerThread.mainLoop(Timer.java:552)
        at java.util.TimerThread.run(Timer.java:505)
"Datanode ReportManager Thread - 3" daemon prio=5 tid=1267 timed_waiting
java.lang.Thread.State: TIMED_WAITING
        at sun.misc.Unsafe.park(Native Method)
        at java.util.concurrent.locks.LockSupport.parkNanos(LockSupport.java:215)
        at java.util.concurrent.locks.AbstractQueuedSynchronizer$ConditionObject.awaitNanos(AbstractQueuedSynchronizer.java:2078)
        at java.util.concurrent.ScheduledThreadPoolExecutor$DelayedWorkQueue.take(ScheduledThreadPoolExecutor.java:1093)
        at java.util.concurrent.ScheduledThreadPoolExecutor$DelayedWorkQueue.take(ScheduledThreadPoolExecutor.java:809)
        at java.util.concurrent.ThreadPoolExecutor.getTask(ThreadPoolExecutor.java:1074)
        at java.util.concurrent.ThreadPoolExecutor.runWorker(ThreadPoolExecutor.java:1134)
        at java.util.concurrent.ThreadPoolExecutor$Worker.run(ThreadPoolExecutor.java:624)
        at java.lang.Thread.run(Thread.java:748)
"pool-196-thread-29"  prio=5 tid=2022 in Object.wait()
java.lang.Thread.State: WAITING (on object monitor)
        at sun.misc.Unsafe.park(Native Method)
        at java.util.concurrent.locks.LockSupport.park(LockSupport.java:175)
        at java.util.concurrent.locks.AbstractQueuedSynchronizer$ConditionObject.await(AbstractQueuedSynchronizer.java:2039)
        at java.util.concurrent.ArrayBlockingQueue.take(ArrayBlockingQueue.java:403)
        at java.util.concurrent.ThreadPoolExecutor.getTask(ThreadPoolExecutor.java:1074)
        at java.util.concurrent.ThreadPoolExecutor.runWorker(ThreadPoolExecutor.java:1134)
        at java.util.concurrent.ThreadPoolExecutor$Worker.run(ThreadPoolExecutor.java:624)
        at java.lang.Thread.run(Thread.java:748)
"pool-176-thread-12"  prio=5 tid=1880 in Object.wait()
java.lang.Thread.State: WAITING (on object monitor)
        at sun.misc.Unsafe.park(Native Method)
        at java.util.concurrent.locks.LockSupport.park(LockSupport.java:175)
        at java.util.concurrent.locks.AbstractQueuedSynchronizer$ConditionObject.await(AbstractQueuedSynchronizer.java:2039)
        at java.util.concurrent.ArrayBlockingQueue.take(ArrayBlockingQueue.java:403)
        at java.util.concurrent.ThreadPoolExecutor.getTask(ThreadPoolExecutor.java:1074)
        at java.util.concurrent.ThreadPoolExecutor.runWorker(ThreadPoolExecutor.java:1134)
        at java.util.concurrent.ThreadPoolExecutor$Worker.run(ThreadPoolExecutor.java:624)
        at java.lang.Thread.run(Thread.java:748)
"pool-196-thread-2"  prio=5 tid=1995 in Object.wait()
java.lang.Thread.State: WAITING (on object monitor)
        at sun.misc.Unsafe.park(Native Method)
        at java.util.concurrent.locks.LockSupport.park(LockSupport.java:175)
        at java.util.concurrent.locks.AbstractQueuedSynchronizer$ConditionObject.await(AbstractQueuedSynchronizer.java:2039)
        at java.util.concurrent.ArrayBlockingQueue.take(ArrayBlockingQueue.java:403)
        at java.util.concurrent.ThreadPoolExecutor.getTask(ThreadPoolExecutor.java:1074)
        at java.util.concurrent.ThreadPoolExecutor.runWorker(ThreadPoolExecutor.java:1134)
        at java.util.concurrent.ThreadPoolExecutor$Worker.run(ThreadPoolExecutor.java:624)
        at java.lang.Thread.run(Thread.java:748)
"metrics-hadoop-metrics2-reporter-50-thread-1" daemon prio=5 tid=1041 timed_waiting
java.lang.Thread.State: TIMED_WAITING
        at sun.misc.Unsafe.park(Native Method)
        at java.util.concurrent.locks.LockSupport.parkNanos(LockSupport.java:215)
        at java.util.concurrent.locks.AbstractQueuedSynchronizer$ConditionObject.awaitNanos(AbstractQueuedSynchronizer.java:2078)
        at java.util.concurrent.ScheduledThreadPoolExecutor$DelayedWorkQueue.take(ScheduledThreadPoolExecutor.java:1093)
        at java.util.concurrent.ScheduledThreadPoolExecutor$DelayedWorkQueue.take(ScheduledThreadPoolExecutor.java:809)
        at java.util.concurrent.ThreadPoolExecutor.getTask(ThreadPoolExecutor.java:1074)
        at java.util.concurrent.ThreadPoolExecutor.runWorker(ThreadPoolExecutor.java:1134)
        at java.util.concurrent.ThreadPoolExecutor$Worker.run(ThreadPoolExecutor.java:624)
        at java.lang.Thread.run(Thread.java:748)
"IPC Server handler 13 on 46187" daemon prio=5 tid=1768 timed_waiting
java.lang.Thread.State: TIMED_WAITING
        at sun.misc.Unsafe.park(Native Method)
        at java.util.concurrent.locks.LockSupport.parkNanos(LockSupport.java:215)
        at java.util.concurrent.locks.AbstractQueuedSynchronizer$ConditionObject.awaitNanos(AbstractQueuedSynchronizer.java:2078)
        at java.util.concurrent.LinkedBlockingQueue.poll(LinkedBlockingQueue.java:467)
        at org.apache.hadoop.ipc.CallQueueManager.take(CallQueueManager.java:288)
        at org.apache.hadoop.ipc.Server$Handler.run(Server.java:2668)
"grpc-default-executor-5" daemon prio=5 tid=2288 timed_waiting
java.lang.Thread.State: TIMED_WAITING
        at sun.misc.Unsafe.park(Native Method)
        at java.util.concurrent.locks.LockSupport.parkNanos(LockSupport.java:215)
        at java.util.concurrent.SynchronousQueue$TransferStack.awaitFulfill(SynchronousQueue.java:460)
        at java.util.concurrent.SynchronousQueue$TransferStack.transfer(SynchronousQueue.java:362)
        at java.util.concurrent.SynchronousQueue.poll(SynchronousQueue.java:941)
        at java.util.concurrent.ThreadPoolExecutor.getTask(ThreadPoolExecutor.java:1073)
        at java.util.concurrent.ThreadPoolExecutor.runWorker(ThreadPoolExecutor.java:1134)
        at java.util.concurrent.ThreadPoolExecutor$Worker.run(ThreadPoolExecutor.java:624)
        at java.lang.Thread.run(Thread.java:748)
"metrics-hadoop-metrics2-reporter-10-thread-1" daemon prio=5 tid=458 timed_waiting
java.lang.Thread.State: TIMED_WAITING
        at sun.misc.Unsafe.park(Native Method)
        at java.util.concurrent.locks.LockSupport.parkNanos(LockSupport.java:215)
        at java.util.concurrent.locks.AbstractQueuedSynchronizer$ConditionObject.awaitNanos(AbstractQueuedSynchronizer.java:2078)
        at java.util.concurrent.ScheduledThreadPoolExecutor$DelayedWorkQueue.take(ScheduledThreadPoolExecutor.java:1093)
        at java.util.concurrent.ScheduledThreadPoolExecutor$DelayedWorkQueue.take(ScheduledThreadPoolExecutor.java:809)
        at java.util.concurrent.ThreadPoolExecutor.getTask(ThreadPoolExecutor.java:1074)
        at java.util.concurrent.ThreadPoolExecutor.runWorker(ThreadPoolExecutor.java:1134)
        at java.util.concurrent.ThreadPoolExecutor$Worker.run(ThreadPoolExecutor.java:624)
        at java.lang.Thread.run(Thread.java:748)
"IPC Server handler 7 on 46187" daemon prio=5 tid=1762 timed_waiting
java.lang.Thread.State: TIMED_WAITING
        at sun.misc.Unsafe.park(Native Method)
        at java.util.concurrent.locks.LockSupport.parkNanos(LockSupport.java:215)
        at java.util.concurrent.locks.AbstractQueuedSynchronizer$ConditionObject.awaitNanos(AbstractQueuedSynchronizer.java:2078)
        at java.util.concurrent.LinkedBlockingQueue.poll(LinkedBlockingQueue.java:467)
        at org.apache.hadoop.ipc.CallQueueManager.take(CallQueueManager.java:288)
        at org.apache.hadoop.ipc.Server$Handler.run(Server.java:2668)
"Thread-754"  prio=5 tid=1654 runnable
java.lang.Thread.State: RUNNABLE
        at java.lang.Thread.dumpThreads(Native Method)
        at java.lang.Thread.getAllStackTraces(Thread.java:1610)
        at org.apache.hadoop.test.TimedOutTestsListener.buildThreadDump(TimedOutTestsListener.java:87)
        at org.apache.hadoop.test.TimedOutTestsListener.buildThreadDiagnosticString(TimedOutTestsListener.java:73)
        at org.apache.hadoop.test.GenericTestUtils.waitFor(GenericTestUtils.java:389)
        at org.apache.hadoop.ozone.MiniOzoneClusterImpl.waitForClusterToBeReady(MiniOzoneClusterImpl.java:149)
        at org.apache.hadoop.fs.ozone.TestOzoneFileSystem.init(TestOzoneFileSystem.java:74)
        at sun.reflect.NativeMethodAccessorImpl.invoke0(Native Method)
        at sun.reflect.NativeMethodAccessorImpl.invoke(NativeMethodAccessorImpl.java:62)
        at sun.reflect.DelegatingMethodAccessorImpl.invoke(DelegatingMethodAccessorImpl.java:43)
        at java.lang.reflect.Method.invoke(Method.java:498)
        at org.junit.runners.model.FrameworkMethod$1.runReflectiveCall(FrameworkMethod.java:47)
        at org.junit.internal.runners.model.ReflectiveCallable.run(ReflectiveCallable.java:12)
        at org.junit.runners.model.FrameworkMethod.invokeExplosively(FrameworkMethod.java:44)
        at org.junit.internal.runners.statements.RunBefores.evaluate(RunBefores.java:24)
        at org.junit.internal.runners.statements.RunAfters.evaluate(RunAfters.java:27)
        at org.junit.internal.runners.statements.FailOnTimeout$StatementThread.run(FailOnTimeout.java:74)
"7f29c796-0732-402f-b865-67033766dcba@group-BF47CC5A3576-StateMachineUpdater" daemon prio=5 tid=2096 in Object.wait()
java.lang.Thread.State: WAITING (on object monitor)
        at java.lang.Object.wait(Native Method)
        at java.lang.Object.wait(Object.java:502)
        at org.apache.ratis.server.impl.StateMachineUpdater.waitForCommit(StateMachineUpdater.java:194)
        at org.apache.ratis.server.impl.StateMachineUpdater.run(StateMachineUpdater.java:159)
        at java.lang.Thread.run(Thread.java:748)
"pool-196-thread-9"  prio=5 tid=2002 in Object.wait()
java.lang.Thread.State: WAITING (on object monitor)
        at sun.misc.Unsafe.park(Native Method)
        at java.util.concurrent.locks.LockSupport.park(LockSupport.java:175)
        at java.util.concurrent.locks.AbstractQueuedSynchronizer$ConditionObject.await(AbstractQueuedSynchronizer.java:2039)
        at java.util.concurrent.ArrayBlockingQueue.take(ArrayBlockingQueue.java:403)
        at java.util.concurrent.ThreadPoolExecutor.getTask(ThreadPoolExecutor.java:1074)
        at java.util.concurrent.ThreadPoolExecutor.runWorker(ThreadPoolExecutor.java:1134)
        at java.util.concurrent.ThreadPoolExecutor$Worker.run(ThreadPoolExecutor.java:624)
        at java.lang.Thread.run(Thread.java:748)
"Datanode ReportManager Thread - 1" daemon prio=5 tid=764 in Object.wait()
java.lang.Thread.State: WAITING (on object monitor)
        at sun.misc.Unsafe.park(Native Method)
        at java.util.concurrent.locks.LockSupport.park(LockSupport.java:175)
        at java.util.concurrent.locks.AbstractQueuedSynchronizer$ConditionObject.await(AbstractQueuedSynchronizer.java:2039)
        at java.util.concurrent.ScheduledThreadPoolExecutor$DelayedWorkQueue.take(ScheduledThreadPoolExecutor.java:1088)
        at java.util.concurrent.ScheduledThreadPoolExecutor$DelayedWorkQueue.take(ScheduledThreadPoolExecutor.java:809)
        at java.util.concurrent.ThreadPoolExecutor.getTask(ThreadPoolExecutor.java:1074)
        at java.util.concurrent.ThreadPoolExecutor.runWorker(ThreadPoolExecutor.java:1134)
        at java.util.concurrent.ThreadPoolExecutor$Worker.run(ThreadPoolExecutor.java:624)
        at java.lang.Thread.run(Thread.java:748)
"java.util.concurrent.ThreadPoolExecutor$Worker@e11d176[State = -1, empty queue]" daemon prio=5 tid=2142 timed_waiting
java.lang.Thread.State: TIMED_WAITING
        at sun.misc.Unsafe.park(Native Method)
        at java.util.concurrent.locks.LockSupport.parkNanos(LockSupport.java:215)
        at java.util.concurrent.locks.AbstractQueuedSynchronizer$ConditionObject.awaitNanos(AbstractQueuedSynchronizer.java:2078)
        at java.util.concurrent.ScheduledThreadPoolExecutor$DelayedWorkQueue.take(ScheduledThreadPoolExecutor.java:1093)
        at java.util.concurrent.ScheduledThreadPoolExecutor$DelayedWorkQueue.take(ScheduledThreadPoolExecutor.java:809)
        at java.util.concurrent.ThreadPoolExecutor.getTask(ThreadPoolExecutor.java:1074)
        at java.util.concurrent.ThreadPoolExecutor.runWorker(ThreadPoolExecutor.java:1134)
        at java.util.concurrent.ThreadPoolExecutor$Worker.run(ThreadPoolExecutor.java:624)
        at java.lang.Thread.run(Thread.java:748)
"qtp1145772033-1738" daemon prio=5 tid=1738 timed_waiting
java.lang.Thread.State: TIMED_WAITING
        at sun.misc.Unsafe.park(Native Method)
        at java.util.concurrent.locks.LockSupport.parkNanos(LockSupport.java:215)
        at java.util.concurrent.locks.AbstractQueuedSynchronizer$ConditionObject.awaitNanos(AbstractQueuedSynchronizer.java:2078)
        at org.eclipse.jetty.util.BlockingArrayQueue.poll(BlockingArrayQueue.java:392)
        at org.eclipse.jetty.util.thread.QueuedThreadPool.idleJobPoll(QueuedThreadPool.java:563)
        at org.eclipse.jetty.util.thread.QueuedThreadPool.access$800(QueuedThreadPool.java:48)
        at org.eclipse.jetty.util.thread.QueuedThreadPool$2.run(QueuedThreadPool.java:626)
        at java.lang.Thread.run(Thread.java:748)
"qtp1145772033-1731" daemon prio=5 tid=1731 runnable
java.lang.Thread.State: RUNNABLE
        at sun.nio.ch.EPollArrayWrapper.epollWait(Native Method)
        at sun.nio.ch.EPollArrayWrapper.poll(EPollArrayWrapper.java:269)
        at sun.nio.ch.EPollSelectorImpl.doSelect(EPollSelectorImpl.java:93)
        at sun.nio.ch.SelectorImpl.lockAndDoSelect(SelectorImpl.java:86)
        at sun.nio.ch.SelectorImpl.select(SelectorImpl.java:97)
        at sun.nio.ch.SelectorImpl.select(SelectorImpl.java:101)
        at org.eclipse.jetty.io.ManagedSelector$SelectorProducer.select(ManagedSelector.java:243)
        at org.eclipse.jetty.io.ManagedSelector$SelectorProducer.produce(ManagedSelector.java:191)
        at org.eclipse.jetty.util.thread.strategy.ExecuteProduceConsume.executeProduceConsume(ExecuteProduceConsume.java:249)
        at org.eclipse.jetty.util.thread.strategy.ExecuteProduceConsume.produceConsume(ExecuteProduceConsume.java:148)
        at org.eclipse.jetty.util.thread.strategy.ExecuteProduceConsume.execute(ExecuteProduceConsume.java:100)
        at org.eclipse.jetty.io.ManagedSelector.run(ManagedSelector.java:147)
        at org.eclipse.jetty.util.thread.QueuedThreadPool.runJob(QueuedThreadPool.java:671)
        at org.eclipse.jetty.util.thread.QueuedThreadPool$2.run(QueuedThreadPool.java:589)
        at java.lang.Thread.run(Thread.java:748)
"c07977b7-c8ef-4f3c-80b1-66a07c6e3dcd@group-C2BDBBDF155D-StateMachineUpdater" daemon prio=5 tid=2257 in Object.wait()
java.lang.Thread.State: WAITING (on object monitor)
        at java.lang.Object.wait(Native Method)
        at java.lang.Object.wait(Object.java:502)
        at org.apache.ratis.server.impl.StateMachineUpdater.waitForCommit(StateMachineUpdater.java:194)
        at org.apache.ratis.server.impl.StateMachineUpdater.run(StateMachineUpdater.java:159)
        at java.lang.Thread.run(Thread.java:748)
"PartialTableCache Cleanup Thread - 0" daemon prio=5 tid=1074 in Object.wait()
java.lang.Thread.State: WAITING (on object monitor)
        at sun.misc.Unsafe.park(Native Method)
        at java.util.concurrent.locks.LockSupport.park(LockSupport.java:175)
        at java.util.concurrent.locks.AbstractQueuedSynchronizer$ConditionObject.await(AbstractQueuedSynchronizer.java:2039)
        at java.util.concurrent.LinkedBlockingQueue.take(LinkedBlockingQueue.java:442)
        at java.util.concurrent.ThreadPoolExecutor.getTask(ThreadPoolExecutor.java:1074)
        at java.util.concurrent.ThreadPoolExecutor.runWorker(ThreadPoolExecutor.java:1134)
        at java.util.concurrent.ThreadPoolExecutor$Worker.run(ThreadPoolExecutor.java:624)
        at java.lang.Thread.run(Thread.java:748)
"pool-176-thread-17"  prio=5 tid=1885 in Object.wait()
java.lang.Thread.State: WAITING (on object monitor)
        at sun.misc.Unsafe.park(Native Method)
        at java.util.concurrent.locks.LockSupport.park(LockSupport.java:175)
        at java.util.concurrent.locks.AbstractQueuedSynchronizer$ConditionObject.await(AbstractQueuedSynchronizer.java:2039)
        at java.util.concurrent.ArrayBlockingQueue.take(ArrayBlockingQueue.java:403)
        at java.util.concurrent.ThreadPoolExecutor.getTask(ThreadPoolExecutor.java:1074)
        at java.util.concurrent.ThreadPoolExecutor.runWorker(ThreadPoolExecutor.java:1134)
        at java.util.concurrent.ThreadPoolExecutor$Worker.run(ThreadPoolExecutor.java:624)
        at java.lang.Thread.run(Thread.java:748)
"PartialTableCache Cleanup Thread - 0" daemon prio=5 tid=546 in Object.wait()
java.lang.Thread.State: WAITING (on object monitor)
        at sun.misc.Unsafe.park(Native Method)
        at java.util.concurrent.locks.LockSupport.park(LockSupport.java:175)
        at java.util.concurrent.locks.AbstractQueuedSynchronizer$ConditionObject.await(AbstractQueuedSynchronizer.java:2039)
        at java.util.concurrent.LinkedBlockingQueue.take(LinkedBlockingQueue.java:442)
        at java.util.concurrent.ThreadPoolExecutor.getTask(ThreadPoolExecutor.java:1074)
        at java.util.concurrent.ThreadPoolExecutor.runWorker(ThreadPoolExecutor.java:1134)
        at java.util.concurrent.ThreadPoolExecutor$Worker.run(ThreadPoolExecutor.java:624)
        at java.lang.Thread.run(Thread.java:748)
"Datanode ReportManager Thread - 0" daemon prio=5 tid=709 in Object.wait()
java.lang.Thread.State: WAITING (on object monitor)
        at sun.misc.Unsafe.park(Native Method)
        at java.util.concurrent.locks.LockSupport.park(LockSupport.java:175)
        at java.util.concurrent.locks.AbstractQueuedSynchronizer$ConditionObject.await(AbstractQueuedSynchronizer.java:2039)
        at java.util.concurrent.ScheduledThreadPoolExecutor$DelayedWorkQueue.take(ScheduledThreadPoolExecutor.java:1088)
        at java.util.concurrent.ScheduledThreadPoolExecutor$DelayedWorkQueue.take(ScheduledThreadPoolExecutor.java:809)
        at java.util.concurrent.ThreadPoolExecutor.getTask(ThreadPoolExecutor.java:1074)
        at java.util.concurrent.ThreadPoolExecutor.runWorker(ThreadPoolExecutor.java:1134)
        at java.util.concurrent.ThreadPoolExecutor$Worker.run(ThreadPoolExecutor.java:624)
        at java.lang.Thread.run(Thread.java:748)
"Datanode ReportManager Thread - 1" daemon prio=5 tid=1835 in Object.wait()
java.lang.Thread.State: WAITING (on object monitor)
        at sun.misc.Unsafe.park(Native Method)
        at java.util.concurrent.locks.LockSupport.park(LockSupport.java:175)
        at java.util.concurrent.locks.AbstractQueuedSynchronizer$ConditionObject.await(AbstractQueuedSynchronizer.java:2039)
        at java.util.concurrent.ScheduledThreadPoolExecutor$DelayedWorkQueue.take(ScheduledThreadPoolExecutor.java:1088)
        at java.util.concurrent.ScheduledThreadPoolExecutor$DelayedWorkQueue.take(ScheduledThreadPoolExecutor.java:809)
        at java.util.concurrent.ThreadPoolExecutor.getTask(ThreadPoolExecutor.java:1074)
        at java.util.concurrent.ThreadPoolExecutor.runWorker(ThreadPoolExecutor.java:1134)
        at java.util.concurrent.ThreadPoolExecutor$Worker.run(ThreadPoolExecutor.java:624)
        at java.lang.Thread.run(Thread.java:748)
"Datanode ReportManager Thread - 2" daemon prio=5 tid=1239 in Object.wait()
java.lang.Thread.State: WAITING (on object monitor)
        at sun.misc.Unsafe.park(Native Method)
        at java.util.concurrent.locks.LockSupport.park(LockSupport.java:175)
        at java.util.concurrent.locks.AbstractQueuedSynchronizer$ConditionObject.await(AbstractQueuedSynchronizer.java:2039)
        at java.util.concurrent.ScheduledThreadPoolExecutor$DelayedWorkQueue.take(ScheduledThreadPoolExecutor.java:1088)
        at java.util.concurrent.ScheduledThreadPoolExecutor$DelayedWorkQueue.take(ScheduledThreadPoolExecutor.java:809)
        at java.util.concurrent.ThreadPoolExecutor.getTask(ThreadPoolExecutor.java:1074)
        at java.util.concurrent.ThreadPoolExecutor.runWorker(ThreadPoolExecutor.java:1134)
        at java.util.concurrent.ThreadPoolExecutor$Worker.run(ThreadPoolExecutor.java:624)
        at java.lang.Thread.run(Thread.java:748)
"pool-196-thread-3"  prio=5 tid=1996 in Object.wait()
java.lang.Thread.State: WAITING (on object monitor)
        at sun.misc.Unsafe.park(Native Method)
        at java.util.concurrent.locks.LockSupport.park(LockSupport.java:175)
        at java.util.concurrent.locks.AbstractQueuedSynchronizer$ConditionObject.await(AbstractQueuedSynchronizer.java:2039)
        at java.util.concurrent.ArrayBlockingQueue.take(ArrayBlockingQueue.java:403)
        at java.util.concurrent.ThreadPoolExecutor.getTask(ThreadPoolExecutor.java:1074)
        at java.util.concurrent.ThreadPoolExecutor.runWorker(ThreadPoolExecutor.java:1134)
        at java.util.concurrent.ThreadPoolExecutor$Worker.run(ThreadPoolExecutor.java:624)
        at java.lang.Thread.run(Thread.java:748)
"IPC Server handler 8 on 41111" daemon prio=5 tid=1719 timed_waiting
java.lang.Thread.State: TIMED_WAITING
        at sun.misc.Unsafe.park(Native Method)
        at java.util.concurrent.locks.LockSupport.parkNanos(LockSupport.java:215)
        at java.util.concurrent.locks.AbstractQueuedSynchronizer$ConditionObject.awaitNanos(AbstractQueuedSynchronizer.java:2078)
        at java.util.concurrent.LinkedBlockingQueue.poll(LinkedBlockingQueue.java:467)
        at org.apache.hadoop.ipc.CallQueueManager.take(CallQueueManager.java:288)
        at org.apache.hadoop.ipc.Server$Handler.run(Server.java:2668)
"pool-186-thread-10"  prio=5 tid=1941 in Object.wait()
java.lang.Thread.State: WAITING (on object monitor)
        at sun.misc.Unsafe.park(Native Method)
        at java.util.concurrent.locks.LockSupport.park(LockSupport.java:175)
        at java.util.concurrent.locks.AbstractQueuedSynchronizer$ConditionObject.await(AbstractQueuedSynchronizer.java:2039)
        at java.util.concurrent.ArrayBlockingQueue.take(ArrayBlockingQueue.java:403)
        at java.util.concurrent.ThreadPoolExecutor.getTask(ThreadPoolExecutor.java:1074)
        at java.util.concurrent.ThreadPoolExecutor.runWorker(ThreadPoolExecutor.java:1134)
        at java.util.concurrent.ThreadPoolExecutor$Worker.run(ThreadPoolExecutor.java:624)
        at java.lang.Thread.run(Thread.java:748)
"IPC Server handler 8 on 39395" daemon prio=5 tid=1699 timed_waiting
java.lang.Thread.State: TIMED_WAITING
        at sun.misc.Unsafe.park(Native Method)
        at java.util.concurrent.locks.LockSupport.parkNanos(LockSupport.java:215)
        at java.util.concurrent.locks.AbstractQueuedSynchronizer$ConditionObject.awaitNanos(AbstractQueuedSynchronizer.java:2078)
        at java.util.concurrent.LinkedBlockingQueue.poll(LinkedBlockingQueue.java:467)
        at org.apache.hadoop.ipc.CallQueueManager.take(CallQueueManager.java:288)
        at org.apache.hadoop.ipc.Server$Handler.run(Server.java:2668)
"pool-186-thread-52"  prio=5 tid=1983 in Object.wait()
java.lang.Thread.State: WAITING (on object monitor)
        at sun.misc.Unsafe.park(Native Method)
        at java.util.concurrent.locks.LockSupport.park(LockSupport.java:175)
        at java.util.concurrent.locks.AbstractQueuedSynchronizer$ConditionObject.await(AbstractQueuedSynchronizer.java:2039)
        at java.util.concurrent.ArrayBlockingQueue.take(ArrayBlockingQueue.java:403)
        at java.util.concurrent.ThreadPoolExecutor.getTask(ThreadPoolExecutor.java:1074)
        at java.util.concurrent.ThreadPoolExecutor.runWorker(ThreadPoolExecutor.java:1134)
        at java.util.concurrent.ThreadPoolExecutor$Worker.run(ThreadPoolExecutor.java:624)
        at java.lang.Thread.run(Thread.java:748)
"Socket Reader #1 for port 46187"  prio=5 tid=1749 runnable
java.lang.Thread.State: RUNNABLE
        at sun.nio.ch.EPollArrayWrapper.epollWait(Native Method)
        at sun.nio.ch.EPollArrayWrapper.poll(EPollArrayWrapper.java:269)
        at sun.nio.ch.EPollSelectorImpl.doSelect(EPollSelectorImpl.java:93)
        at sun.nio.ch.SelectorImpl.lockAndDoSelect(SelectorImpl.java:86)
        at sun.nio.ch.SelectorImpl.select(SelectorImpl.java:97)
        at sun.nio.ch.SelectorImpl.select(SelectorImpl.java:101)
        at org.apache.hadoop.ipc.Server$Listener$Reader.doRunLoop(Server.java:1097)
        at org.apache.hadoop.ipc.Server$Listener$Reader.run(Server.java:1076)
"pool-190-thread-1"  prio=5 tid=1821 timed_waiting
java.lang.Thread.State: TIMED_WAITING
        at sun.misc.Unsafe.park(Native Method)
        at java.util.concurrent.locks.LockSupport.parkNanos(LockSupport.java:215)
        at java.util.concurrent.locks.AbstractQueuedSynchronizer$ConditionObject.awaitNanos(AbstractQueuedSynchronizer.java:2078)
        at java.util.concurrent.ScheduledThreadPoolExecutor$DelayedWorkQueue.take(ScheduledThreadPoolExecutor.java:1093)
        at java.util.concurrent.ScheduledThreadPoolExecutor$DelayedWorkQueue.take(ScheduledThreadPoolExecutor.java:809)
        at java.util.concurrent.ThreadPoolExecutor.getTask(ThreadPoolExecutor.java:1074)
        at java.util.concurrent.ThreadPoolExecutor.runWorker(ThreadPoolExecutor.java:1134)
        at java.util.concurrent.ThreadPoolExecutor$Worker.run(ThreadPoolExecutor.java:624)
        at java.lang.Thread.run(Thread.java:748)
"c07977b7-c8ef-4f3c-80b1-66a07c6e3dcd@group-C2BDBBDF155D-SegmentedRaftLogWorker"  prio=5 tid=2254 timed_waiting
java.lang.Thread.State: TIMED_WAITING
        at sun.misc.Unsafe.park(Native Method)
        at java.util.concurrent.locks.LockSupport.parkNanos(LockSupport.java:215)
        at java.util.concurrent.locks.AbstractQueuedSynchronizer$ConditionObject.awaitNanos(AbstractQueuedSynchronizer.java:2078)
        at org.apache.ratis.util.DataBlockingQueue.poll(DataBlockingQueue.java:137)
        at org.apache.ratis.server.raftlog.segmented.SegmentedRaftLogWorker.run(SegmentedRaftLogWorker.java:282)
        at java.lang.Thread.run(Thread.java:748)
"qtp2051361244-1779" daemon prio=5 tid=1779 timed_waiting
java.lang.Thread.State: TIMED_WAITING
        at sun.misc.Unsafe.park(Native Method)
        at java.util.concurrent.locks.LockSupport.parkNanos(LockSupport.java:215)
        at java.util.concurrent.locks.AbstractQueuedSynchronizer$ConditionObject.awaitNanos(AbstractQueuedSynchronizer.java:2078)
        at org.eclipse.jetty.util.BlockingArrayQueue.poll(BlockingArrayQueue.java:392)
        at org.eclipse.jetty.util.thread.QueuedThreadPool.idleJobPoll(QueuedThreadPool.java:563)
        at org.eclipse.jetty.util.thread.QueuedThreadPool.access$800(QueuedThreadPool.java:48)
        at org.eclipse.jetty.util.thread.QueuedThreadPool$2.run(QueuedThreadPool.java:626)
        at java.lang.Thread.run(Thread.java:748)
"pool-186-thread-28"  prio=5 tid=1959 in Object.wait()
java.lang.Thread.State: WAITING (on object monitor)
        at sun.misc.Unsafe.park(Native Method)
        at java.util.concurrent.locks.LockSupport.park(LockSupport.java:175)
        at java.util.concurrent.locks.AbstractQueuedSynchronizer$ConditionObject.await(AbstractQueuedSynchronizer.java:2039)
        at java.util.concurrent.ArrayBlockingQueue.take(ArrayBlockingQueue.java:403)
        at java.util.concurrent.ThreadPoolExecutor.getTask(ThreadPoolExecutor.java:1074)
        at java.util.concurrent.ThreadPoolExecutor.runWorker(ThreadPoolExecutor.java:1134)
        at java.util.concurrent.ThreadPoolExecutor$Worker.run(ThreadPoolExecutor.java:624)
        at java.lang.Thread.run(Thread.java:748)
"qtp1314460166-1822" daemon prio=5 tid=1822 runnable
java.lang.Thread.State: RUNNABLE
        at sun.nio.ch.EPollArrayWrapper.epollWait(Native Method)
        at sun.nio.ch.EPollArrayWrapper.poll(EPollArrayWrapper.java:269)
        at sun.nio.ch.EPollSelectorImpl.doSelect(EPollSelectorImpl.java:93)
        at sun.nio.ch.SelectorImpl.lockAndDoSelect(SelectorImpl.java:86)
        at sun.nio.ch.SelectorImpl.select(SelectorImpl.java:97)
        at sun.nio.ch.SelectorImpl.select(SelectorImpl.java:101)
        at org.eclipse.jetty.io.ManagedSelector$SelectorProducer.select(ManagedSelector.java:243)
        at org.eclipse.jetty.io.ManagedSelector$SelectorProducer.produce(ManagedSelector.java:191)
        at org.eclipse.jetty.util.thread.strategy.ExecuteProduceConsume.executeProduceConsume(ExecuteProduceConsume.java:249)
        at org.eclipse.jetty.util.thread.strategy.ExecuteProduceConsume.produceConsume(ExecuteProduceConsume.java:148)
        at org.eclipse.jetty.util.thread.strategy.ExecuteProduceConsume.execute(ExecuteProduceConsume.java:100)
        at org.eclipse.jetty.io.ManagedSelector.run(ManagedSelector.java:147)
        at org.eclipse.jetty.util.thread.QueuedThreadPool.runJob(QueuedThreadPool.java:671)
        at org.eclipse.jetty.util.thread.QueuedThreadPool$2.run(QueuedThreadPool.java:589)
        at java.lang.Thread.run(Thread.java:748)
"metrics-hadoop-metrics2-reporter-111-thread-1" daemon prio=5 tid=2267 timed_waiting
java.lang.Thread.State: TIMED_WAITING
        at sun.misc.Unsafe.park(Native Method)
        at java.util.concurrent.locks.LockSupport.parkNanos(LockSupport.java:215)
        at java.util.concurrent.locks.AbstractQueuedSynchronizer$ConditionObject.awaitNanos(AbstractQueuedSynchronizer.java:2078)
        at java.util.concurrent.ScheduledThreadPoolExecutor$DelayedWorkQueue.take(ScheduledThreadPoolExecutor.java:1093)
        at java.util.concurrent.ScheduledThreadPoolExecutor$DelayedWorkQueue.take(ScheduledThreadPoolExecutor.java:809)
        at java.util.concurrent.ThreadPoolExecutor.getTask(ThreadPoolExecutor.java:1074)
        at java.util.concurrent.ThreadPoolExecutor.runWorker(ThreadPoolExecutor.java:1134)
        at java.util.concurrent.ThreadPoolExecutor$Worker.run(ThreadPoolExecutor.java:624)
        at java.lang.Thread.run(Thread.java:748)
"PartialTableCache Cleanup Thread - 0" daemon prio=5 tid=1642 in Object.wait()
java.lang.Thread.State: WAITING (on object monitor)
        at sun.misc.Unsafe.park(Native Method)
        at java.util.concurrent.locks.LockSupport.park(LockSupport.java:175)
        at java.util.concurrent.locks.AbstractQueuedSynchronizer$ConditionObject.await(AbstractQueuedSynchronizer.java:2039)
        at java.util.concurrent.LinkedBlockingQueue.take(LinkedBlockingQueue.java:442)
        at java.util.concurrent.ThreadPoolExecutor.getTask(ThreadPoolExecutor.java:1074)
        at java.util.concurrent.ThreadPoolExecutor.runWorker(ThreadPoolExecutor.java:1134)
        at java.util.concurrent.ThreadPoolExecutor$Worker.run(ThreadPoolExecutor.java:624)
        at java.lang.Thread.run(Thread.java:748)
"java.util.concurrent.ThreadPoolExecutor$Worker@1f1eaf9f[State = -1, empty queue]" daemon prio=5 tid=2298 timed_waiting
java.lang.Thread.State: TIMED_WAITING
        at sun.misc.Unsafe.park(Native Method)
        at java.util.concurrent.locks.LockSupport.parkNanos(LockSupport.java:215)
        at java.util.concurrent.locks.AbstractQueuedSynchronizer$ConditionObject.awaitNanos(AbstractQueuedSynchronizer.java:2078)
        at java.util.concurrent.ScheduledThreadPoolExecutor$DelayedWorkQueue.take(ScheduledThreadPoolExecutor.java:1093)
        at java.util.concurrent.ScheduledThreadPoolExecutor$DelayedWorkQueue.take(ScheduledThreadPoolExecutor.java:809)
        at java.util.concurrent.ThreadPoolExecutor.getTask(ThreadPoolExecutor.java:1074)
        at java.util.concurrent.ThreadPoolExecutor.runWorker(ThreadPoolExecutor.java:1134)
        at java.util.concurrent.ThreadPoolExecutor$Worker.run(ThreadPoolExecutor.java:624)
        at java.lang.Thread.run(Thread.java:748)
"Socket Reader #1 for port 41111"  prio=5 tid=1657 runnable
java.lang.Thread.State: RUNNABLE
        at sun.nio.ch.EPollArrayWrapper.epollWait(Native Method)
        at sun.nio.ch.EPollArrayWrapper.poll(EPollArrayWrapper.java:269)
        at sun.nio.ch.EPollSelectorImpl.doSelect(EPollSelectorImpl.java:93)
        at sun.nio.ch.SelectorImpl.lockAndDoSelect(SelectorImpl.java:86)
        at sun.nio.ch.SelectorImpl.select(SelectorImpl.java:97)
        at sun.nio.ch.SelectorImpl.select(SelectorImpl.java:101)
        at org.apache.hadoop.ipc.Server$Listener$Reader.doRunLoop(Server.java:1097)
        at org.apache.hadoop.ipc.Server$Listener$Reader.run(Server.java:1076)
"refreshUsed-/workdir/hadoop-ozone/ozonefs/target/test-dir/MiniOzoneClusterImpl-0df98be9-49e2-4eb9-b6e4-71f20c3f18cb/datanode-0/data/containers" daemon prio=5 tid=1790 timed_waiting
java.lang.Thread.State: TIMED_WAITING
        at java.lang.Thread.sleep(Native Method)
        at org.apache.hadoop.fs.CachingGetSpaceUsed$RefreshThread.run(CachingGetSpaceUsed.java:179)
        at java.lang.Thread.run(Thread.java:748)
"metrics-hadoop-metrics2-reporter-70-thread-1" daemon prio=5 tid=1544 timed_waiting
java.lang.Thread.State: TIMED_WAITING
        at sun.misc.Unsafe.park(Native Method)
        at java.util.concurrent.locks.LockSupport.parkNanos(LockSupport.java:215)
        at java.util.concurrent.locks.AbstractQueuedSynchronizer$ConditionObject.awaitNanos(AbstractQueuedSynchronizer.java:2078)
        at java.util.concurrent.ScheduledThreadPoolExecutor$DelayedWorkQueue.take(ScheduledThreadPoolExecutor.java:1093)
        at java.util.concurrent.ScheduledThreadPoolExecutor$DelayedWorkQueue.take(ScheduledThreadPoolExecutor.java:809)
        at java.util.concurrent.ThreadPoolExecutor.getTask(ThreadPoolExecutor.java:1074)
        at java.util.concurrent.ThreadPoolExecutor.runWorker(ThreadPoolExecutor.java:1134)
        at java.util.concurrent.ThreadPoolExecutor$Worker.run(ThreadPoolExecutor.java:624)
        at java.lang.Thread.run(Thread.java:748)
"CommandWatcher-LeaseManager#LeaseMonitor" daemon prio=5 tid=1670 timed_waiting
java.lang.Thread.State: TIMED_WAITING
        at java.lang.Thread.sleep(Native Method)
        at org.apache.hadoop.ozone.lease.LeaseManager$LeaseMonitor.run(LeaseManager.java:234)
        at java.lang.Thread.run(Thread.java:748)
"metrics-hadoop-metrics2-reporter-38-thread-1" daemon prio=5 tid=999 timed_waiting
java.lang.Thread.State: TIMED_WAITING
        at sun.misc.Unsafe.park(Native Method)
        at java.util.concurrent.locks.LockSupport.parkNanos(LockSupport.java:215)
        at java.util.concurrent.locks.AbstractQueuedSynchronizer$ConditionObject.awaitNanos(AbstractQueuedSynchronizer.java:2078)
        at java.util.concurrent.ScheduledThreadPoolExecutor$DelayedWorkQueue.take(ScheduledThreadPoolExecutor.java:1093)
        at java.util.concurrent.ScheduledThreadPoolExecutor$DelayedWorkQueue.take(ScheduledThreadPoolExecutor.java:809)
        at java.util.concurrent.ThreadPoolExecutor.getTask(ThreadPoolExecutor.java:1074)
        at java.util.concurrent.ThreadPoolExecutor.runWorker(ThreadPoolExecutor.java:1134)
        at java.util.concurrent.ThreadPoolExecutor$Worker.run(ThreadPoolExecutor.java:624)
        at java.lang.Thread.run(Thread.java:748)
"pool-176-thread-16"  prio=5 tid=1884 in Object.wait()
java.lang.Thread.State: WAITING (on object monitor)
        at sun.misc.Unsafe.park(Native Method)
        at java.util.concurrent.locks.LockSupport.park(LockSupport.java:175)
        at java.util.concurrent.locks.AbstractQueuedSynchronizer$ConditionObject.await(AbstractQueuedSynchronizer.java:2039)
        at java.util.concurrent.ArrayBlockingQueue.take(ArrayBlockingQueue.java:403)
        at java.util.concurrent.ThreadPoolExecutor.getTask(ThreadPoolExecutor.java:1074)
        at java.util.concurrent.ThreadPoolExecutor.runWorker(ThreadPoolExecutor.java:1134)
        at java.util.concurrent.ThreadPoolExecutor$Worker.run(ThreadPoolExecutor.java:624)
        at java.lang.Thread.run(Thread.java:748)
"metrics-hadoop-metrics2-reporter-71-thread-1" daemon prio=5 tid=1548 timed_waiting
java.lang.Thread.State: TIMED_WAITING
        at sun.misc.Unsafe.park(Native Method)
        at java.util.concurrent.locks.LockSupport.parkNanos(LockSupport.java:215)
        at java.util.concurrent.locks.AbstractQueuedSynchronizer$ConditionObject.awaitNanos(AbstractQueuedSynchronizer.java:2078)
        at java.util.concurrent.ScheduledThreadPoolExecutor$DelayedWorkQueue.take(ScheduledThreadPoolExecutor.java:1093)
        at java.util.concurrent.ScheduledThreadPoolExecutor$DelayedWorkQueue.take(ScheduledThreadPoolExecutor.java:809)
        at java.util.concurrent.ThreadPoolExecutor.getTask(ThreadPoolExecutor.java:1074)
        at java.util.concurrent.ThreadPoolExecutor.runWorker(ThreadPoolExecutor.java:1134)
        at java.util.concurrent.ThreadPoolExecutor$Worker.run(ThreadPoolExecutor.java:624)
        at java.lang.Thread.run(Thread.java:748)
"Datanode ReportManager Thread - 1" daemon prio=5 tid=1292 in Object.wait()
java.lang.Thread.State: WAITING (on object monitor)
        at sun.misc.Unsafe.park(Native Method)
        at java.util.concurrent.locks.LockSupport.park(LockSupport.java:175)
        at java.util.concurrent.locks.AbstractQueuedSynchronizer$ConditionObject.await(AbstractQueuedSynchronizer.java:2039)
        at java.util.concurrent.ScheduledThreadPoolExecutor$DelayedWorkQueue.take(ScheduledThreadPoolExecutor.java:1088)
        at java.util.concurrent.ScheduledThreadPoolExecutor$DelayedWorkQueue.take(ScheduledThreadPoolExecutor.java:809)
        at java.util.concurrent.ThreadPoolExecutor.getTask(ThreadPoolExecutor.java:1074)
        at java.util.concurrent.ThreadPoolExecutor.runWorker(ThreadPoolExecutor.java:1134)
        at java.util.concurrent.ThreadPoolExecutor$Worker.run(ThreadPoolExecutor.java:624)
        at java.lang.Thread.run(Thread.java:748)
"pool-186-thread-11"  prio=5 tid=1942 in Object.wait()
java.lang.Thread.State: WAITING (on object monitor)
        at sun.misc.Unsafe.park(Native Method)
        at java.util.concurrent.locks.LockSupport.park(LockSupport.java:175)
        at java.util.concurrent.locks.AbstractQueuedSynchronizer$ConditionObject.await(AbstractQueuedSynchronizer.java:2039)
        at java.util.concurrent.ArrayBlockingQueue.take(ArrayBlockingQueue.java:403)
        at java.util.concurrent.ThreadPoolExecutor.getTask(ThreadPoolExecutor.java:1074)
        at java.util.concurrent.ThreadPoolExecutor.runWorker(ThreadPoolExecutor.java:1134)
        at java.util.concurrent.ThreadPoolExecutor$Worker.run(ThreadPoolExecutor.java:624)
        at java.lang.Thread.run(Thread.java:748)
"IPC Server handler 4 on 46187" daemon prio=5 tid=1758 timed_waiting
java.lang.Thread.State: TIMED_WAITING
        at sun.misc.Unsafe.park(Native Method)
        at java.util.concurrent.locks.LockSupport.parkNanos(LockSupport.java:215)
        at java.util.concurrent.locks.AbstractQueuedSynchronizer$ConditionObject.awaitNanos(AbstractQueuedSynchronizer.java:2078)
        at java.util.concurrent.LinkedBlockingQueue.poll(LinkedBlockingQueue.java:467)
        at org.apache.hadoop.ipc.CallQueueManager.take(CallQueueManager.java:288)
        at org.apache.hadoop.ipc.Server$Handler.run(Server.java:2668)
"Datanode ReportManager Thread - 3" daemon prio=5 tid=1810 timed_waiting
java.lang.Thread.State: TIMED_WAITING
        at sun.misc.Unsafe.park(Native Method)
        at java.util.concurrent.locks.LockSupport.parkNanos(LockSupport.java:215)
        at java.util.concurrent.locks.AbstractQueuedSynchronizer$ConditionObject.awaitNanos(AbstractQueuedSynchronizer.java:2078)
        at java.util.concurrent.ScheduledThreadPoolExecutor$DelayedWorkQueue.take(ScheduledThreadPoolExecutor.java:1093)
        at java.util.concurrent.ScheduledThreadPoolExecutor$DelayedWorkQueue.take(ScheduledThreadPoolExecutor.java:809)
        at java.util.concurrent.ThreadPoolExecutor.getTask(ThreadPoolExecutor.java:1074)
        at java.util.concurrent.ThreadPoolExecutor.runWorker(ThreadPoolExecutor.java:1134)
        at java.util.concurrent.ThreadPoolExecutor$Worker.run(ThreadPoolExecutor.java:624)
        at java.lang.Thread.run(Thread.java:748)
"IPC Server handler 14 on 33059" daemon prio=5 tid=1685 timed_waiting
java.lang.Thread.State: TIMED_WAITING
        at sun.misc.Unsafe.park(Native Method)
        at java.util.concurrent.locks.LockSupport.parkNanos(LockSupport.java:215)
        at java.util.concurrent.locks.AbstractQueuedSynchronizer$ConditionObject.awaitNanos(AbstractQueuedSynchronizer.java:2078)
        at java.util.concurrent.LinkedBlockingQueue.poll(LinkedBlockingQueue.java:467)
        at org.apache.hadoop.ipc.CallQueueManager.take(CallQueueManager.java:288)
        at org.apache.hadoop.ipc.Server$Handler.run(Server.java:2668)
"PartialTableCache Cleanup Thread - 0" daemon prio=5 tid=1640 in Object.wait()
java.lang.Thread.State: WAITING (on object monitor)
        at sun.misc.Unsafe.park(Native Method)
        at java.util.concurrent.locks.LockSupport.park(LockSupport.java:175)
        at java.util.concurrent.locks.AbstractQueuedSynchronizer$ConditionObject.await(AbstractQueuedSynchronizer.java:2039)
        at java.util.concurrent.LinkedBlockingQueue.take(LinkedBlockingQueue.java:442)
        at java.util.concurrent.ThreadPoolExecutor.getTask(ThreadPoolExecutor.java:1074)
        at java.util.concurrent.ThreadPoolExecutor.runWorker(ThreadPoolExecutor.java:1134)
        at java.util.concurrent.ThreadPoolExecutor$Worker.run(ThreadPoolExecutor.java:624)
        at java.lang.Thread.run(Thread.java:748)
"metrics-hadoop-metrics2-reporter-100-thread-1" daemon prio=5 tid=2123 timed_waiting
java.lang.Thread.State: TIMED_WAITING
        at sun.misc.Unsafe.park(Native Method)
        at java.util.concurrent.locks.LockSupport.parkNanos(LockSupport.java:215)
        at java.util.concurrent.locks.AbstractQueuedSynchronizer$ConditionObject.awaitNanos(AbstractQueuedSynchronizer.java:2078)
        at java.util.concurrent.ScheduledThreadPoolExecutor$DelayedWorkQueue.take(ScheduledThreadPoolExecutor.java:1093)
        at java.util.concurrent.ScheduledThreadPoolExecutor$DelayedWorkQueue.take(ScheduledThreadPoolExecutor.java:809)
        at java.util.concurrent.ThreadPoolExecutor.getTask(ThreadPoolExecutor.java:1074)
        at java.util.concurrent.ThreadPoolExecutor.runWorker(ThreadPoolExecutor.java:1134)
        at java.util.concurrent.ThreadPoolExecutor$Worker.run(ThreadPoolExecutor.java:624)
        at java.lang.Thread.run(Thread.java:748)
"metrics-hadoop-metrics2-reporter-48-thread-1" daemon prio=5 tid=1030 timed_waiting
java.lang.Thread.State: TIMED_WAITING
        at sun.misc.Unsafe.park(Native Method)
        at java.util.concurrent.locks.LockSupport.parkNanos(LockSupport.java:215)
        at java.util.concurrent.locks.AbstractQueuedSynchronizer$ConditionObject.awaitNanos(AbstractQueuedSynchronizer.java:2078)
        at java.util.concurrent.ScheduledThreadPoolExecutor$DelayedWorkQueue.take(ScheduledThreadPoolExecutor.java:1093)
        at java.util.concurrent.ScheduledThreadPoolExecutor$DelayedWorkQueue.take(ScheduledThreadPoolExecutor.java:809)
        at java.util.concurrent.ThreadPoolExecutor.getTask(ThreadPoolExecutor.java:1074)
        at java.util.concurrent.ThreadPoolExecutor.runWorker(ThreadPoolExecutor.java:1134)
        at java.util.concurrent.ThreadPoolExecutor$Worker.run(ThreadPoolExecutor.java:624)
        at java.lang.Thread.run(Thread.java:748)
"pool-186-thread-36"  prio=5 tid=1967 in Object.wait()
java.lang.Thread.State: WAITING (on object monitor)
        at sun.misc.Unsafe.park(Native Method)
        at java.util.concurrent.locks.LockSupport.park(LockSupport.java:175)
        at java.util.concurrent.locks.AbstractQueuedSynchronizer$ConditionObject.await(AbstractQueuedSynchronizer.java:2039)
        at java.util.concurrent.ArrayBlockingQueue.take(ArrayBlockingQueue.java:403)
        at java.util.concurrent.ThreadPoolExecutor.getTask(ThreadPoolExecutor.java:1074)
        at java.util.concurrent.ThreadPoolExecutor.runWorker(ThreadPoolExecutor.java:1134)
        at java.util.concurrent.ThreadPoolExecutor$Worker.run(ThreadPoolExecutor.java:624)
        at java.lang.Thread.run(Thread.java:748)
"IPC Server handler 10 on 41111" daemon prio=5 tid=1721 timed_waiting
java.lang.Thread.State: TIMED_WAITING
        at sun.misc.Unsafe.park(Native Method)
        at java.util.concurrent.locks.LockSupport.parkNanos(LockSupport.java:215)
        at java.util.concurrent.locks.AbstractQueuedSynchronizer$ConditionObject.awaitNanos(AbstractQueuedSynchronizer.java:2078)
        at java.util.concurrent.LinkedBlockingQueue.poll(LinkedBlockingQueue.java:467)
        at org.apache.hadoop.ipc.CallQueueManager.take(CallQueueManager.java:288)
        at org.apache.hadoop.ipc.Server$Handler.run(Server.java:2668)
"metrics-hadoop-metrics2-reporter-12-thread-1" daemon prio=5 tid=462 timed_waiting
java.lang.Thread.State: TIMED_WAITING
        at sun.misc.Unsafe.park(Native Method)
        at java.util.concurrent.locks.LockSupport.parkNanos(LockSupport.java:215)
        at java.util.concurrent.locks.AbstractQueuedSynchronizer$ConditionObject.awaitNanos(AbstractQueuedSynchronizer.java:2078)
        at java.util.concurrent.ScheduledThreadPoolExecutor$DelayedWorkQueue.take(ScheduledThreadPoolExecutor.java:1093)
        at java.util.concurrent.ScheduledThreadPoolExecutor$DelayedWorkQueue.take(ScheduledThreadPoolExecutor.java:809)
        at java.util.concurrent.ThreadPoolExecutor.getTask(ThreadPoolExecutor.java:1074)
        at java.util.concurrent.ThreadPoolExecutor.runWorker(ThreadPoolExecutor.java:1134)
        at java.util.concurrent.ThreadPoolExecutor$Worker.run(ThreadPoolExecutor.java:624)
        at java.lang.Thread.run(Thread.java:748)
"Datanode ReportManager Thread - 3" daemon prio=5 tid=1240 in Object.wait()
java.lang.Thread.State: WAITING (on object monitor)
        at sun.misc.Unsafe.park(Native Method)
        at java.util.concurrent.locks.LockSupport.park(LockSupport.java:175)
        at java.util.concurrent.locks.AbstractQueuedSynchronizer$ConditionObject.await(AbstractQueuedSynchronizer.java:2039)
        at java.util.concurrent.ScheduledThreadPoolExecutor$DelayedWorkQueue.take(ScheduledThreadPoolExecutor.java:1088)
        at java.util.concurrent.ScheduledThreadPoolExecutor$DelayedWorkQueue.take(ScheduledThreadPoolExecutor.java:809)
        at java.util.concurrent.ThreadPoolExecutor.getTask(ThreadPoolExecutor.java:1074)
        at java.util.concurrent.ThreadPoolExecutor.runWorker(ThreadPoolExecutor.java:1134)
        at java.util.concurrent.ThreadPoolExecutor$Worker.run(ThreadPoolExecutor.java:624)
        at java.lang.Thread.run(Thread.java:748)
"IPC Server listener on 39395" daemon prio=5 tid=1660 runnable
java.lang.Thread.State: RUNNABLE
        at sun.nio.ch.EPollArrayWrapper.epollWait(Native Method)
        at sun.nio.ch.EPollArrayWrapper.poll(EPollArrayWrapper.java:269)
        at sun.nio.ch.EPollSelectorImpl.doSelect(EPollSelectorImpl.java:93)
        at sun.nio.ch.SelectorImpl.lockAndDoSelect(SelectorImpl.java:86)
        at sun.nio.ch.SelectorImpl.select(SelectorImpl.java:97)
        at sun.nio.ch.SelectorImpl.select(SelectorImpl.java:101)
        at org.apache.hadoop.ipc.Server$Listener.run(Server.java:1159)
"pool-196-thread-51"  prio=5 tid=2044 in Object.wait()
java.lang.Thread.State: WAITING (on object monitor)
        at sun.misc.Unsafe.park(Native Method)
        at java.util.concurrent.locks.LockSupport.park(LockSupport.java:175)
        at java.util.concurrent.locks.AbstractQueuedSynchronizer$ConditionObject.await(AbstractQueuedSynchronizer.java:2039)
        at java.util.concurrent.ArrayBlockingQueue.take(ArrayBlockingQueue.java:403)
        at java.util.concurrent.ThreadPoolExecutor.getTask(ThreadPoolExecutor.java:1074)
        at java.util.concurrent.ThreadPoolExecutor.runWorker(ThreadPoolExecutor.java:1134)
        at java.util.concurrent.ThreadPoolExecutor$Worker.run(ThreadPoolExecutor.java:624)
        at java.lang.Thread.run(Thread.java:748)
"pool-176-thread-18"  prio=5 tid=1886 in Object.wait()
java.lang.Thread.State: WAITING (on object monitor)
        at sun.misc.Unsafe.park(Native Method)
        at java.util.concurrent.locks.LockSupport.park(LockSupport.java:175)
        at java.util.concurrent.locks.AbstractQueuedSynchronizer$ConditionObject.await(AbstractQueuedSynchronizer.java:2039)
        at java.util.concurrent.ArrayBlockingQueue.take(ArrayBlockingQueue.java:403)
        at java.util.concurrent.ThreadPoolExecutor.getTask(ThreadPoolExecutor.java:1074)
        at java.util.concurrent.ThreadPoolExecutor.runWorker(ThreadPoolExecutor.java:1134)
        at java.util.concurrent.ThreadPoolExecutor$Worker.run(ThreadPoolExecutor.java:624)
        at java.lang.Thread.run(Thread.java:748)
"pool-186-thread-57"  prio=5 tid=1988 in Object.wait()
java.lang.Thread.State: WAITING (on object monitor)
        at sun.misc.Unsafe.park(Native Method)
        at java.util.concurrent.locks.LockSupport.park(LockSupport.java:175)
        at java.util.concurrent.locks.AbstractQueuedSynchronizer$ConditionObject.await(AbstractQueuedSynchronizer.java:2039)
        at java.util.concurrent.ArrayBlockingQueue.take(ArrayBlockingQueue.java:403)
        at java.util.concurrent.ThreadPoolExecutor.getTask(ThreadPoolExecutor.java:1074)
        at java.util.concurrent.ThreadPoolExecutor.runWorker(ThreadPoolExecutor.java:1134)
        at java.util.concurrent.ThreadPoolExecutor$Worker.run(ThreadPoolExecutor.java:624)
        at java.lang.Thread.run(Thread.java:748)
"qtp1314460166-1824" daemon prio=5 tid=1824 timed_waiting
java.lang.Thread.State: TIMED_WAITING
        at sun.misc.Unsafe.park(Native Method)
        at java.util.concurrent.locks.LockSupport.parkNanos(LockSupport.java:215)
        at java.util.concurrent.locks.AbstractQueuedSynchronizer$ConditionObject.awaitNanos(AbstractQueuedSynchronizer.java:2078)
        at org.eclipse.jetty.util.BlockingArrayQueue.poll(BlockingArrayQueue.java:392)
        at org.eclipse.jetty.util.thread.QueuedThreadPool.idleJobPoll(QueuedThreadPool.java:563)
        at org.eclipse.jetty.util.thread.QueuedThreadPool.access$800(QueuedThreadPool.java:48)
        at org.eclipse.jetty.util.thread.QueuedThreadPool$2.run(QueuedThreadPool.java:626)
        at java.lang.Thread.run(Thread.java:748)
"pool-186-thread-2"  prio=5 tid=1933 in Object.wait()
java.lang.Thread.State: WAITING (on object monitor)
        at sun.misc.Unsafe.park(Native Method)
        at java.util.concurrent.locks.LockSupport.park(LockSupport.java:175)
        at java.util.concurrent.locks.AbstractQueuedSynchronizer$ConditionObject.await(AbstractQueuedSynchronizer.java:2039)
        at java.util.concurrent.ArrayBlockingQueue.take(ArrayBlockingQueue.java:403)
        at java.util.concurrent.ThreadPoolExecutor.getTask(ThreadPoolExecutor.java:1074)
        at java.util.concurrent.ThreadPoolExecutor.runWorker(ThreadPoolExecutor.java:1134)
        at java.util.concurrent.ThreadPoolExecutor$Worker.run(ThreadPoolExecutor.java:624)
        at java.lang.Thread.run(Thread.java:748)
"metrics-hadoop-metrics2-reporter-56-thread-1" daemon prio=5 tid=1504 timed_waiting
java.lang.Thread.State: TIMED_WAITING
        at sun.misc.Unsafe.park(Native Method)
        at java.util.concurrent.locks.LockSupport.parkNanos(LockSupport.java:215)
        at java.util.concurrent.locks.AbstractQueuedSynchronizer$ConditionObject.awaitNanos(AbstractQueuedSynchronizer.java:2078)
        at java.util.concurrent.ScheduledThreadPoolExecutor$DelayedWorkQueue.take(ScheduledThreadPoolExecutor.java:1093)
        at java.util.concurrent.ScheduledThreadPoolExecutor$DelayedWorkQueue.take(ScheduledThreadPoolExecutor.java:809)
        at java.util.concurrent.ThreadPoolExecutor.getTask(ThreadPoolExecutor.java:1074)
        at java.util.concurrent.ThreadPoolExecutor.runWorker(ThreadPoolExecutor.java:1134)
        at java.util.concurrent.ThreadPoolExecutor$Worker.run(ThreadPoolExecutor.java:624)
        at java.lang.Thread.run(Thread.java:748)
"metrics-hadoop-metrics2-reporter-25-thread-1" daemon prio=5 tid=524 timed_waiting
java.lang.Thread.State: TIMED_WAITING
        at sun.misc.Unsafe.park(Native Method)
        at java.util.concurrent.locks.LockSupport.parkNanos(LockSupport.java:215)
        at java.util.concurrent.locks.AbstractQueuedSynchronizer$ConditionObject.awaitNanos(AbstractQueuedSynchronizer.java:2078)
        at java.util.concurrent.ScheduledThreadPoolExecutor$DelayedWorkQueue.take(ScheduledThreadPoolExecutor.java:1093)
        at java.util.concurrent.ScheduledThreadPoolExecutor$DelayedWorkQueue.take(ScheduledThreadPoolExecutor.java:809)
        at java.util.concurrent.ThreadPoolExecutor.getTask(ThreadPoolExecutor.java:1074)
        at java.util.concurrent.ThreadPoolExecutor.runWorker(ThreadPoolExecutor.java:1134)
        at java.util.concurrent.ThreadPoolExecutor$Worker.run(ThreadPoolExecutor.java:624)
        at java.lang.Thread.run(Thread.java:748)
"c07977b7-c8ef-4f3c-80b1-66a07c6e3dcd@group-C2BDBBDF155D-LeaderElection366" daemon prio=5 tid=4429 runnable
java.lang.Thread.State: RUNNABLE
        at sun.nio.ch.FileDispatcherImpl.force0(Native Method)
        at sun.nio.ch.FileDispatcherImpl.force(FileDispatcherImpl.java:80)
        at sun.nio.ch.FileChannelImpl.force(FileChannelImpl.java:388)
        at org.apache.ratis.util.AtomicFileOutputStream.close(AtomicFileOutputStream.java:60)
        at org.apache.ratis.server.storage.MetaFile.writeFile(MetaFile.java:96)
        at org.apache.ratis.server.storage.MetaFile.set(MetaFile.java:75)
        at org.apache.ratis.server.raftlog.segmented.SegmentedRaftLog.writeMetadata(SegmentedRaftLog.java:473)
        at org.apache.ratis.server.impl.ServerState.persistMetadata(ServerState.java:231)
        at org.apache.ratis.server.impl.LeaderElection.askForVotes(LeaderElection.java:176)
        at org.apache.ratis.server.impl.LeaderElection.run(LeaderElection.java:133)
        at java.lang.Thread.run(Thread.java:748)
"metrics-hadoop-metrics2-reporter-91-thread-1" daemon prio=5 tid=2094 timed_waiting
java.lang.Thread.State: TIMED_WAITING
        at sun.misc.Unsafe.park(Native Method)
        at java.util.concurrent.locks.LockSupport.parkNanos(LockSupport.java:215)
        at java.util.concurrent.locks.AbstractQueuedSynchronizer$ConditionObject.awaitNanos(AbstractQueuedSynchronizer.java:2078)
        at java.util.concurrent.ScheduledThreadPoolExecutor$DelayedWorkQueue.take(ScheduledThreadPoolExecutor.java:1093)
        at java.util.concurrent.ScheduledThreadPoolExecutor$DelayedWorkQueue.take(ScheduledThreadPoolExecutor.java:809)
        at java.util.concurrent.ThreadPoolExecutor.getTask(ThreadPoolExecutor.java:1074)
        at java.util.concurrent.ThreadPoolExecutor.runWorker(ThreadPoolExecutor.java:1134)
        at java.util.concurrent.ThreadPoolExecutor$Worker.run(ThreadPoolExecutor.java:624)
        at java.lang.Thread.run(Thread.java:748)
"metrics-hadoop-metrics2-reporter-83-thread-1" daemon prio=5 tid=2074 timed_waiting
java.lang.Thread.State: TIMED_WAITING
        at sun.misc.Unsafe.park(Native Method)
        at java.util.concurrent.locks.LockSupport.parkNanos(LockSupport.java:215)
        at java.util.concurrent.locks.AbstractQueuedSynchronizer$ConditionObject.awaitNanos(AbstractQueuedSynchronizer.java:2078)
        at java.util.concurrent.ScheduledThreadPoolExecutor$DelayedWorkQueue.take(ScheduledThreadPoolExecutor.java:1093)
        at java.util.concurrent.ScheduledThreadPoolExecutor$DelayedWorkQueue.take(ScheduledThreadPoolExecutor.java:809)
        at java.util.concurrent.ThreadPoolExecutor.getTask(ThreadPoolExecutor.java:1074)
        at java.util.concurrent.ThreadPoolExecutor.runWorker(ThreadPoolExecutor.java:1134)
        at java.util.concurrent.ThreadPoolExecutor$Worker.run(ThreadPoolExecutor.java:624)
        at java.lang.Thread.run(Thread.java:748)
"metrics-hadoop-metrics2-reporter-30-thread-1" daemon prio=5 tid=977 timed_waiting
java.lang.Thread.State: TIMED_WAITING
        at sun.misc.Unsafe.park(Native Method)
        at java.util.concurrent.locks.LockSupport.parkNanos(LockSupport.java:215)
        at java.util.concurrent.locks.AbstractQueuedSynchronizer$ConditionObject.awaitNanos(AbstractQueuedSynchronizer.java:2078)
        at java.util.concurrent.ScheduledThreadPoolExecutor$DelayedWorkQueue.take(ScheduledThreadPoolExecutor.java:1093)
        at java.util.concurrent.ScheduledThreadPoolExecutor$DelayedWorkQueue.take(ScheduledThreadPoolExecutor.java:809)
        at java.util.concurrent.ThreadPoolExecutor.getTask(ThreadPoolExecutor.java:1074)
        at java.util.concurrent.ThreadPoolExecutor.runWorker(ThreadPoolExecutor.java:1134)
        at java.util.concurrent.ThreadPoolExecutor$Worker.run(ThreadPoolExecutor.java:624)
        at java.lang.Thread.run(Thread.java:748)
"pool-186-thread-17"  prio=5 tid=1948 in Object.wait()
java.lang.Thread.State: WAITING (on object monitor)
        at sun.misc.Unsafe.park(Native Method)
        at java.util.concurrent.locks.LockSupport.park(LockSupport.java:175)
        at java.util.concurrent.locks.AbstractQueuedSynchronizer$ConditionObject.await(AbstractQueuedSynchronizer.java:2039)
        at java.util.concurrent.ArrayBlockingQueue.take(ArrayBlockingQueue.java:403)
        at java.util.concurrent.ThreadPoolExecutor.getTask(ThreadPoolExecutor.java:1074)
        at java.util.concurrent.ThreadPoolExecutor.runWorker(ThreadPoolExecutor.java:1134)
        at java.util.concurrent.ThreadPoolExecutor$Worker.run(ThreadPoolExecutor.java:624)
        at java.lang.Thread.run(Thread.java:748)
"pool-186-thread-15"  prio=5 tid=1946 in Object.wait()
java.lang.Thread.State: WAITING (on object monitor)
        at sun.misc.Unsafe.park(Native Method)
        at java.util.concurrent.locks.LockSupport.park(LockSupport.java:175)
        at java.util.concurrent.locks.AbstractQueuedSynchronizer$ConditionObject.await(AbstractQueuedSynchronizer.java:2039)
        at java.util.concurrent.ArrayBlockingQueue.take(ArrayBlockingQueue.java:403)
        at java.util.concurrent.ThreadPoolExecutor.getTask(ThreadPoolExecutor.java:1074)
        at java.util.concurrent.ThreadPoolExecutor.runWorker(ThreadPoolExecutor.java:1134)
        at java.util.concurrent.ThreadPoolExecutor$Worker.run(ThreadPoolExecutor.java:624)
        at java.lang.Thread.run(Thread.java:748)
"IPC Server handler 1 on 46187" daemon prio=5 tid=1755 timed_waiting
java.lang.Thread.State: TIMED_WAITING
        at sun.misc.Unsafe.park(Native Method)
        at java.util.concurrent.locks.LockSupport.parkNanos(LockSupport.java:215)
        at java.util.concurrent.locks.AbstractQueuedSynchronizer$ConditionObject.awaitNanos(AbstractQueuedSynchronizer.java:2078)
        at java.util.concurrent.LinkedBlockingQueue.poll(LinkedBlockingQueue.java:467)
        at org.apache.hadoop.ipc.CallQueueManager.take(CallQueueManager.java:288)
        at org.apache.hadoop.ipc.Server$Handler.run(Server.java:2668)
"java.util.concurrent.ThreadPoolExecutor$Worker@8e28b80[State = -1, empty queue]" daemon prio=5 tid=2297 timed_waiting
java.lang.Thread.State: TIMED_WAITING
        at sun.misc.Unsafe.park(Native Method)
        at java.util.concurrent.locks.LockSupport.parkNanos(LockSupport.java:215)
        at java.util.concurrent.locks.AbstractQueuedSynchronizer$ConditionObject.awaitNanos(AbstractQueuedSynchronizer.java:2078)
        at java.util.concurrent.ScheduledThreadPoolExecutor$DelayedWorkQueue.take(ScheduledThreadPoolExecutor.java:1093)
        at java.util.concurrent.ScheduledThreadPoolExecutor$DelayedWorkQueue.take(ScheduledThreadPoolExecutor.java:809)
        at java.util.concurrent.ThreadPoolExecutor.getTask(ThreadPoolExecutor.java:1074)
        at java.util.concurrent.ThreadPoolExecutor.runWorker(ThreadPoolExecutor.java:1134)
        at java.util.concurrent.ThreadPoolExecutor$Worker.run(ThreadPoolExecutor.java:624)
        at java.lang.Thread.run(Thread.java:748)
"IPC Server idle connection scanner for port 46187" daemon prio=5 tid=1750 timed_waiting
java.lang.Thread.State: TIMED_WAITING
        at java.lang.Object.wait(Native Method)
        at java.util.TimerThread.mainLoop(Timer.java:552)
        at java.util.TimerThread.run(Timer.java:505)
"metrics-hadoop-metrics2-reporter-15-thread-1" daemon prio=5 tid=475 timed_waiting
java.lang.Thread.State: TIMED_WAITING
        at sun.misc.Unsafe.park(Native Method)
        at java.util.concurrent.locks.LockSupport.parkNanos(LockSupport.java:215)
        at java.util.concurrent.locks.AbstractQueuedSynchronizer$ConditionObject.awaitNanos(AbstractQueuedSynchronizer.java:2078)
        at java.util.concurrent.ScheduledThreadPoolExecutor$DelayedWorkQueue.take(ScheduledThreadPoolExecutor.java:1093)
        at java.util.concurrent.ScheduledThreadPoolExecutor$DelayedWorkQueue.take(ScheduledThreadPoolExecutor.java:809)
        at java.util.concurrent.ThreadPoolExecutor.getTask(ThreadPoolExecutor.java:1074)
        at java.util.concurrent.ThreadPoolExecutor.runWorker(ThreadPoolExecutor.java:1134)
        at java.util.concurrent.ThreadPoolExecutor$Worker.run(ThreadPoolExecutor.java:624)
        at java.lang.Thread.run(Thread.java:748)
"grpc-default-worker-ELG-9-1" daemon prio=5 tid=2065 runnable
java.lang.Thread.State: RUNNABLE
        at sun.nio.ch.EPollArrayWrapper.epollWait(Native Method)
        at sun.nio.ch.EPollArrayWrapper.poll(EPollArrayWrapper.java:269)
        at sun.nio.ch.EPollSelectorImpl.doSelect(EPollSelectorImpl.java:93)
        at sun.nio.ch.SelectorImpl.lockAndDoSelect(SelectorImpl.java:86)
        at sun.nio.ch.SelectorImpl.select(SelectorImpl.java:97)
        at org.apache.ratis.thirdparty.io.netty.channel.nio.SelectedSelectionKeySetSelector.select(SelectedSelectionKeySetSelector.java:62)
        at org.apache.ratis.thirdparty.io.netty.channel.nio.NioEventLoop.select(NioEventLoop.java:753)
        at org.apache.ratis.thirdparty.io.netty.channel.nio.NioEventLoop.run(NioEventLoop.java:408)
        at org.apache.ratis.thirdparty.io.netty.util.concurrent.SingleThreadEventExecutor$5.run(SingleThreadEventExecutor.java:897)
        at org.apache.ratis.thirdparty.io.netty.util.concurrent.FastThreadLocalRunnable.run(FastThreadLocalRunnable.java:30)
        at java.lang.Thread.run(Thread.java:748)
"IPC Server handler 11 on 39395" daemon prio=5 tid=1702 timed_waiting
java.lang.Thread.State: TIMED_WAITING
        at sun.misc.Unsafe.park(Native Method)
        at java.util.concurrent.locks.LockSupport.parkNanos(LockSupport.java:215)
        at java.util.concurrent.locks.AbstractQueuedSynchronizer$ConditionObject.awaitNanos(AbstractQueuedSynchronizer.java:2078)
        at java.util.concurrent.LinkedBlockingQueue.poll(LinkedBlockingQueue.java:467)
        at org.apache.hadoop.ipc.CallQueueManager.take(CallQueueManager.java:288)
        at org.apache.hadoop.ipc.Server$Handler.run(Server.java:2668)
"metrics-hadoop-metrics2-reporter-14-thread-1" daemon prio=5 tid=472 timed_waiting
java.lang.Thread.State: TIMED_WAITING
        at sun.misc.Unsafe.park(Native Method)
        at java.util.concurrent.locks.LockSupport.parkNanos(LockSupport.java:215)
        at java.util.concurrent.locks.AbstractQueuedSynchronizer$ConditionObject.awaitNanos(AbstractQueuedSynchronizer.java:2078)
        at java.util.concurrent.ScheduledThreadPoolExecutor$DelayedWorkQueue.take(ScheduledThreadPoolExecutor.java:1093)
        at java.util.concurrent.ScheduledThreadPoolExecutor$DelayedWorkQueue.take(ScheduledThreadPoolExecutor.java:809)
        at java.util.concurrent.ThreadPoolExecutor.getTask(ThreadPoolExecutor.java:1074)
        at java.util.concurrent.ThreadPoolExecutor.runWorker(ThreadPoolExecutor.java:1134)
        at java.util.concurrent.ThreadPoolExecutor$Worker.run(ThreadPoolExecutor.java:624)
        at java.lang.Thread.run(Thread.java:748)
"pool-176-thread-50"  prio=5 tid=1918 in Object.wait()
java.lang.Thread.State: WAITING (on object monitor)
        at sun.misc.Unsafe.park(Native Method)
        at java.util.concurrent.locks.LockSupport.park(LockSupport.java:175)
        at java.util.concurrent.locks.AbstractQueuedSynchronizer$ConditionObject.await(AbstractQueuedSynchronizer.java:2039)
        at java.util.concurrent.ArrayBlockingQueue.take(ArrayBlockingQueue.java:403)
        at java.util.concurrent.ThreadPoolExecutor.getTask(ThreadPoolExecutor.java:1074)
        at java.util.concurrent.ThreadPoolExecutor.runWorker(ThreadPoolExecutor.java:1134)
        at java.util.concurrent.ThreadPoolExecutor$Worker.run(ThreadPoolExecutor.java:624)
        at java.lang.Thread.run(Thread.java:748)
"qtp2051361244-1781" daemon prio=5 tid=1781 timed_waiting
java.lang.Thread.State: TIMED_WAITING
        at sun.misc.Unsafe.park(Native Method)
        at java.util.concurrent.locks.LockSupport.parkNanos(LockSupport.java:215)
        at java.util.concurrent.locks.AbstractQueuedSynchronizer$ConditionObject.awaitNanos(AbstractQueuedSynchronizer.java:2078)
        at org.eclipse.jetty.util.BlockingArrayQueue.poll(BlockingArrayQueue.java:392)
        at org.eclipse.jetty.util.thread.QueuedThreadPool.idleJobPoll(QueuedThreadPool.java:563)
        at org.eclipse.jetty.util.thread.QueuedThreadPool.access$800(QueuedThreadPool.java:48)
        at org.eclipse.jetty.util.thread.QueuedThreadPool$2.run(QueuedThreadPool.java:626)
        at java.lang.Thread.run(Thread.java:748)
"org.apache.hadoop.util.JvmPauseMonitor$Monitor@47aa5659" daemon prio=5 tid=1866 timed_waiting
java.lang.Thread.State: TIMED_WAITING
        at java.lang.Thread.sleep(Native Method)
        at org.apache.hadoop.util.JvmPauseMonitor$Monitor.run(JvmPauseMonitor.java:192)
        at java.lang.Thread.run(Thread.java:748)
"qtp915734066-1800" daemon prio=5 tid=1800 timed_waiting
java.lang.Thread.State: TIMED_WAITING
        at sun.misc.Unsafe.park(Native Method)
        at java.util.concurrent.locks.LockSupport.parkNanos(LockSupport.java:215)
        at java.util.concurrent.locks.AbstractQueuedSynchronizer$ConditionObject.awaitNanos(AbstractQueuedSynchronizer.java:2078)
        at org.eclipse.jetty.util.BlockingArrayQueue.poll(BlockingArrayQueue.java:392)
        at org.eclipse.jetty.util.thread.QueuedThreadPool.idleJobPoll(QueuedThreadPool.java:563)
        at org.eclipse.jetty.util.thread.QueuedThreadPool.access$800(QueuedThreadPool.java:48)
        at org.eclipse.jetty.util.thread.QueuedThreadPool$2.run(QueuedThreadPool.java:626)
        at java.lang.Thread.run(Thread.java:748)
"pool-176-thread-53"  prio=5 tid=1921 in Object.wait()
java.lang.Thread.State: WAITING (on object monitor)
        at sun.misc.Unsafe.park(Native Method)
        at java.util.concurrent.locks.LockSupport.park(LockSupport.java:175)
        at java.util.concurrent.locks.AbstractQueuedSynchronizer$ConditionObject.await(AbstractQueuedSynchronizer.java:2039)
        at java.util.concurrent.ArrayBlockingQueue.take(ArrayBlockingQueue.java:403)
        at java.util.concurrent.ThreadPoolExecutor.getTask(ThreadPoolExecutor.java:1074)
        at java.util.concurrent.ThreadPoolExecutor.runWorker(ThreadPoolExecutor.java:1134)
        at java.util.concurrent.ThreadPoolExecutor$Worker.run(ThreadPoolExecutor.java:624)
        at java.lang.Thread.run(Thread.java:748)
"org.eclipse.jetty.server.session.HashSessionManager@59aebf88Timer" daemon prio=5 tid=1740 timed_waiting
java.lang.Thread.State: TIMED_WAITING
        at sun.misc.Unsafe.park(Native Method)
        at java.util.concurrent.locks.LockSupport.parkNanos(LockSupport.java:215)
        at java.util.concurrent.locks.AbstractQueuedSynchronizer$ConditionObject.awaitNanos(AbstractQueuedSynchronizer.java:2078)
        at java.util.concurrent.ScheduledThreadPoolExecutor$DelayedWorkQueue.take(ScheduledThreadPoolExecutor.java:1093)
        at java.util.concurrent.ScheduledThreadPoolExecutor$DelayedWorkQueue.take(ScheduledThreadPoolExecutor.java:809)
        at java.util.concurrent.ThreadPoolExecutor.getTask(ThreadPoolExecutor.java:1074)
        at java.util.concurrent.ThreadPoolExecutor.runWorker(ThreadPoolExecutor.java:1134)
        at java.util.concurrent.ThreadPoolExecutor$Worker.run(ThreadPoolExecutor.java:624)
        at java.lang.Thread.run(Thread.java:748)
"Thread-931" daemon prio=5 tid=2082 timed_waiting
java.lang.Thread.State: TIMED_WAITING
        at sun.misc.Unsafe.park(Native Method)
        at java.util.concurrent.locks.LockSupport.parkNanos(LockSupport.java:215)
        at java.util.concurrent.locks.AbstractQueuedSynchronizer$ConditionObject.awaitNanos(AbstractQueuedSynchronizer.java:2078)
        at java.util.concurrent.ArrayBlockingQueue.poll(ArrayBlockingQueue.java:418)
        at org.apache.ratis.server.impl.LeaderState$EventQueue.poll(LeaderState.java:115)
        at org.apache.ratis.server.impl.LeaderState$EventProcessor.run(LeaderState.java:467)
"pool-196-thread-44"  prio=5 tid=2037 in Object.wait()
java.lang.Thread.State: WAITING (on object monitor)
        at sun.misc.Unsafe.park(Native Method)
        at java.util.concurrent.locks.LockSupport.park(LockSupport.java:175)
        at java.util.concurrent.locks.AbstractQueuedSynchronizer$ConditionObject.await(AbstractQueuedSynchronizer.java:2039)
        at java.util.concurrent.ArrayBlockingQueue.take(ArrayBlockingQueue.java:403)
        at java.util.concurrent.ThreadPoolExecutor.getTask(ThreadPoolExecutor.java:1074)
        at java.util.concurrent.ThreadPoolExecutor.runWorker(ThreadPoolExecutor.java:1134)
        at java.util.concurrent.ThreadPoolExecutor$Worker.run(ThreadPoolExecutor.java:624)
        at java.lang.Thread.run(Thread.java:748)
"org.eclipse.jetty.server.session.HashSessionManager@70f56038Timer" daemon prio=5 tid=1805 timed_waiting
java.lang.Thread.State: TIMED_WAITING
        at sun.misc.Unsafe.park(Native Method)
        at java.util.concurrent.locks.LockSupport.parkNanos(LockSupport.java:215)
        at java.util.concurrent.locks.AbstractQueuedSynchronizer$ConditionObject.awaitNanos(AbstractQueuedSynchronizer.java:2078)
        at java.util.concurrent.ScheduledThreadPoolExecutor$DelayedWorkQueue.take(ScheduledThreadPoolExecutor.java:1093)
        at java.util.concurrent.ScheduledThreadPoolExecutor$DelayedWorkQueue.take(ScheduledThreadPoolExecutor.java:809)
        at java.util.concurrent.ThreadPoolExecutor.getTask(ThreadPoolExecutor.java:1074)
        at java.util.concurrent.ThreadPoolExecutor.runWorker(ThreadPoolExecutor.java:1134)
        at java.util.concurrent.ThreadPoolExecutor$Worker.run(ThreadPoolExecutor.java:624)
        at java.lang.Thread.run(Thread.java:748)
"metrics-hadoop-metrics2-reporter-85-thread-1" daemon prio=5 tid=2077 timed_waiting
java.lang.Thread.State: TIMED_WAITING
        at sun.misc.Unsafe.park(Native Method)
        at java.util.concurrent.locks.LockSupport.parkNanos(LockSupport.java:215)
        at java.util.concurrent.locks.AbstractQueuedSynchronizer$ConditionObject.awaitNanos(AbstractQueuedSynchronizer.java:2078)
        at java.util.concurrent.ScheduledThreadPoolExecutor$DelayedWorkQueue.take(ScheduledThreadPoolExecutor.java:1093)
        at java.util.concurrent.ScheduledThreadPoolExecutor$DelayedWorkQueue.take(ScheduledThreadPoolExecutor.java:809)
        at java.util.concurrent.ThreadPoolExecutor.getTask(ThreadPoolExecutor.java:1074)
        at java.util.concurrent.ThreadPoolExecutor.runWorker(ThreadPoolExecutor.java:1134)
        at java.util.concurrent.ThreadPoolExecutor$Worker.run(ThreadPoolExecutor.java:624)
        at java.lang.Thread.run(Thread.java:748)
"pool-176-thread-5"  prio=5 tid=1873 in Object.wait()
java.lang.Thread.State: WAITING (on object monitor)
        at sun.misc.Unsafe.park(Native Method)
        at java.util.concurrent.locks.LockSupport.park(LockSupport.java:175)
        at java.util.concurrent.locks.AbstractQueuedSynchronizer$ConditionObject.await(AbstractQueuedSynchronizer.java:2039)
        at java.util.concurrent.ArrayBlockingQueue.take(ArrayBlockingQueue.java:403)
        at java.util.concurrent.ThreadPoolExecutor.getTask(ThreadPoolExecutor.java:1074)
        at java.util.concurrent.ThreadPoolExecutor.runWorker(ThreadPoolExecutor.java:1134)
        at java.util.concurrent.ThreadPoolExecutor$Worker.run(ThreadPoolExecutor.java:624)
        at java.lang.Thread.run(Thread.java:748)
"Command processor thread" daemon prio=5 tid=1865 timed_waiting
java.lang.Thread.State: TIMED_WAITING
        at java.lang.Thread.sleep(Native Method)
        at org.apache.hadoop.ozone.container.common.statemachine.DatanodeStateMachine.lambda$initCommandHandlerThread$1(DatanodeStateMachine.java:439)
        at org.apache.hadoop.ozone.container.common.statemachine.DatanodeStateMachine$$Lambda$141/605207612.run(Unknown Source)
        at java.lang.Thread.run(Thread.java:748)
"IPC Server handler 12 on 46187" daemon prio=5 tid=1767 timed_waiting
java.lang.Thread.State: TIMED_WAITING
        at sun.misc.Unsafe.park(Native Method)
        at java.util.concurrent.locks.LockSupport.parkNanos(LockSupport.java:215)
        at java.util.concurrent.locks.AbstractQueuedSynchronizer$ConditionObject.awaitNanos(AbstractQueuedSynchronizer.java:2078)
        at java.util.concurrent.LinkedBlockingQueue.poll(LinkedBlockingQueue.java:467)
        at org.apache.hadoop.ipc.CallQueueManager.take(CallQueueManager.java:288)
        at org.apache.hadoop.ipc.Server$Handler.run(Server.java:2668)
"Datanode ReportManager Thread - 0" daemon prio=5 tid=1264 in Object.wait()
java.lang.Thread.State: WAITING (on object monitor)
        at sun.misc.Unsafe.park(Native Method)
        at java.util.concurrent.locks.LockSupport.park(LockSupport.java:175)
        at java.util.concurrent.locks.AbstractQueuedSynchronizer$ConditionObject.await(AbstractQueuedSynchronizer.java:2039)
        at java.util.concurrent.ScheduledThreadPoolExecutor$DelayedWorkQueue.take(ScheduledThreadPoolExecutor.java:1088)
        at java.util.concurrent.ScheduledThreadPoolExecutor$DelayedWorkQueue.take(ScheduledThreadPoolExecutor.java:809)
        at java.util.concurrent.ThreadPoolExecutor.getTask(ThreadPoolExecutor.java:1074)
        at java.util.concurrent.ThreadPoolExecutor.runWorker(ThreadPoolExecutor.java:1134)
        at java.util.concurrent.ThreadPoolExecutor$Worker.run(ThreadPoolExecutor.java:624)
        at java.lang.Thread.run(Thread.java:748)
"metrics-hadoop-metrics2-reporter-24-thread-1" daemon prio=5 tid=518 timed_waiting
java.lang.Thread.State: TIMED_WAITING
        at sun.misc.Unsafe.park(Native Method)
        at java.util.concurrent.locks.LockSupport.parkNanos(LockSupport.java:215)
        at java.util.concurrent.locks.AbstractQueuedSynchronizer$ConditionObject.awaitNanos(AbstractQueuedSynchronizer.java:2078)
        at java.util.concurrent.ScheduledThreadPoolExecutor$DelayedWorkQueue.take(ScheduledThreadPoolExecutor.java:1093)
        at java.util.concurrent.ScheduledThreadPoolExecutor$DelayedWorkQueue.take(ScheduledThreadPoolExecutor.java:809)
        at java.util.concurrent.ThreadPoolExecutor.getTask(ThreadPoolExecutor.java:1074)
        at java.util.concurrent.ThreadPoolExecutor.runWorker(ThreadPoolExecutor.java:1134)
        at java.util.concurrent.ThreadPoolExecutor$Worker.run(ThreadPoolExecutor.java:624)
        at java.lang.Thread.run(Thread.java:748)
"Datanode ReportManager Thread - 0" daemon prio=5 tid=199 in Object.wait()
java.lang.Thread.State: WAITING (on object monitor)
        at sun.misc.Unsafe.park(Native Method)
        at java.util.concurrent.locks.LockSupport.park(LockSupport.java:175)
        at java.util.concurrent.locks.AbstractQueuedSynchronizer$ConditionObject.await(AbstractQueuedSynchronizer.java:2039)
        at java.util.concurrent.ScheduledThreadPoolExecutor$DelayedWorkQueue.take(ScheduledThreadPoolExecutor.java:1088)
        at java.util.concurrent.ScheduledThreadPoolExecutor$DelayedWorkQueue.take(ScheduledThreadPoolExecutor.java:809)
        at java.util.concurrent.ThreadPoolExecutor.getTask(ThreadPoolExecutor.java:1074)
        at java.util.concurrent.ThreadPoolExecutor.runWorker(ThreadPoolExecutor.java:1134)
        at java.util.concurrent.ThreadPoolExecutor$Worker.run(ThreadPoolExecutor.java:624)
        at java.lang.Thread.run(Thread.java:748)
"pool-186-thread-12"  prio=5 tid=1943 in Object.wait()
java.lang.Thread.State: WAITING (on object monitor)
        at sun.misc.Unsafe.park(Native Method)
        at java.util.concurrent.locks.LockSupport.park(LockSupport.java:175)
        at java.util.concurrent.locks.AbstractQueuedSynchronizer$ConditionObject.await(AbstractQueuedSynchronizer.java:2039)
        at java.util.concurrent.ArrayBlockingQueue.take(ArrayBlockingQueue.java:403)
        at java.util.concurrent.ThreadPoolExecutor.getTask(ThreadPoolExecutor.java:1074)
        at java.util.concurrent.ThreadPoolExecutor.runWorker(ThreadPoolExecutor.java:1134)
        at java.util.concurrent.ThreadPoolExecutor$Worker.run(ThreadPoolExecutor.java:624)
        at java.lang.Thread.run(Thread.java:748)
"pool-186-thread-44"  prio=5 tid=1975 in Object.wait()
java.lang.Thread.State: WAITING (on object monitor)
        at sun.misc.Unsafe.park(Native Method)
        at java.util.concurrent.locks.LockSupport.park(LockSupport.java:175)
        at java.util.concurrent.locks.AbstractQueuedSynchronizer$ConditionObject.await(AbstractQueuedSynchronizer.java:2039)
        at java.util.concurrent.ArrayBlockingQueue.take(ArrayBlockingQueue.java:403)
        at java.util.concurrent.ThreadPoolExecutor.getTask(ThreadPoolExecutor.java:1074)
        at java.util.concurrent.ThreadPoolExecutor.runWorker(ThreadPoolExecutor.java:1134)
        at java.util.concurrent.ThreadPoolExecutor$Worker.run(ThreadPoolExecutor.java:624)
        at java.lang.Thread.run(Thread.java:748)
"pool-197-thread-1"  prio=5 tid=2092 in Object.wait()
java.lang.Thread.State: WAITING (on object monitor)
        at sun.misc.Unsafe.park(Native Method)
        at java.util.concurrent.locks.LockSupport.park(LockSupport.java:175)
        at java.util.concurrent.locks.AbstractQueuedSynchronizer$ConditionObject.await(AbstractQueuedSynchronizer.java:2039)
        at java.util.concurrent.LinkedBlockingQueue.take(LinkedBlockingQueue.java:442)
        at java.util.concurrent.ThreadPoolExecutor.getTask(ThreadPoolExecutor.java:1074)
        at java.util.concurrent.ThreadPoolExecutor.runWorker(ThreadPoolExecutor.java:1134)
        at java.util.concurrent.ThreadPoolExecutor$Worker.run(ThreadPoolExecutor.java:624)
        at java.lang.Thread.run(Thread.java:748)
"RatisPipelineUtilsThread"  prio=5 tid=2057 timed_waiting
java.lang.Thread.State: TIMED_WAITING
        at sun.misc.Unsafe.park(Native Method)
        at java.util.concurrent.locks.LockSupport.parkNanos(LockSupport.java:215)
        at java.util.concurrent.locks.AbstractQueuedSynchronizer$ConditionObject.awaitNanos(AbstractQueuedSynchronizer.java:2078)
        at java.util.concurrent.ScheduledThreadPoolExecutor$DelayedWorkQueue.take(ScheduledThreadPoolExecutor.java:1093)
        at java.util.concurrent.ScheduledThreadPoolExecutor$DelayedWorkQueue.take(ScheduledThreadPoolExecutor.java:809)
        at java.util.concurrent.ThreadPoolExecutor.getTask(ThreadPoolExecutor.java:1074)
        at java.util.concurrent.ThreadPoolExecutor.runWorker(ThreadPoolExecutor.java:1134)
        at java.util.concurrent.ThreadPoolExecutor$Worker.run(ThreadPoolExecutor.java:624)
        at java.lang.Thread.run(Thread.java:748)
"pool-196-thread-27"  prio=5 tid=2020 in Object.wait()
java.lang.Thread.State: WAITING (on object monitor)
        at sun.misc.Unsafe.park(Native Method)
        at java.util.concurrent.locks.LockSupport.park(LockSupport.java:175)
        at java.util.concurrent.locks.AbstractQueuedSynchronizer$ConditionObject.await(AbstractQueuedSynchronizer.java:2039)
        at java.util.concurrent.ArrayBlockingQueue.take(ArrayBlockingQueue.java:403)
        at java.util.concurrent.ThreadPoolExecutor.getTask(ThreadPoolExecutor.java:1074)
        at java.util.concurrent.ThreadPoolExecutor.runWorker(ThreadPoolExecutor.java:1134)
        at java.util.concurrent.ThreadPoolExecutor$Worker.run(ThreadPoolExecutor.java:624)
        at java.lang.Thread.run(Thread.java:748)
"process reaper" daemon prio=10 tid=10 timed_waiting
java.lang.Thread.State: TIMED_WAITING
        at sun.misc.Unsafe.park(Native Method)
        at java.util.concurrent.locks.LockSupport.parkNanos(LockSupport.java:215)
        at java.util.concurrent.SynchronousQueue$TransferStack.awaitFulfill(SynchronousQueue.java:460)
        at java.util.concurrent.SynchronousQueue$TransferStack.transfer(SynchronousQueue.java:362)
        at java.util.concurrent.SynchronousQueue.poll(SynchronousQueue.java:941)
        at java.util.concurrent.ThreadPoolExecutor.getTask(ThreadPoolExecutor.java:1073)
        at java.util.concurrent.ThreadPoolExecutor.runWorker(ThreadPoolExecutor.java:1134)
        at java.util.concurrent.ThreadPoolExecutor$Worker.run(ThreadPoolExecutor.java:624)
        at java.lang.Thread.run(Thread.java:748)
"pool-196-thread-23"  prio=5 tid=2016 in Object.wait()
java.lang.Thread.State: WAITING (on object monitor)
        at sun.misc.Unsafe.park(Native Method)
        at java.util.concurrent.locks.LockSupport.park(LockSupport.java:175)
        at java.util.concurrent.locks.AbstractQueuedSynchronizer$ConditionObject.await(AbstractQueuedSynchronizer.java:2039)
        at java.util.concurrent.ArrayBlockingQueue.take(ArrayBlockingQueue.java:403)
        at java.util.concurrent.ThreadPoolExecutor.getTask(ThreadPoolExecutor.java:1074)
        at java.util.concurrent.ThreadPoolExecutor.runWorker(ThreadPoolExecutor.java:1134)
        at java.util.concurrent.ThreadPoolExecutor$Worker.run(ThreadPoolExecutor.java:624)
        at java.lang.Thread.run(Thread.java:748)
"metrics-hadoop-metrics2-reporter-23-thread-1" daemon prio=5 tid=516 timed_waiting
java.lang.Thread.State: TIMED_WAITING
        at sun.misc.Unsafe.park(Native Method)
        at java.util.concurrent.locks.LockSupport.parkNanos(LockSupport.java:215)
        at java.util.concurrent.locks.AbstractQueuedSynchronizer$ConditionObject.awaitNanos(AbstractQueuedSynchronizer.java:2078)
        at java.util.concurrent.ScheduledThreadPoolExecutor$DelayedWorkQueue.take(ScheduledThreadPoolExecutor.java:1093)
        at java.util.concurrent.ScheduledThreadPoolExecutor$DelayedWorkQueue.take(ScheduledThreadPoolExecutor.java:809)
        at java.util.concurrent.ThreadPoolExecutor.getTask(ThreadPoolExecutor.java:1074)
        at java.util.concurrent.ThreadPoolExecutor.runWorker(ThreadPoolExecutor.java:1134)
        at java.util.concurrent.ThreadPoolExecutor$Worker.run(ThreadPoolExecutor.java:624)
        at java.lang.Thread.run(Thread.java:748)
"pool-196-thread-37"  prio=5 tid=2030 in Object.wait()
java.lang.Thread.State: WAITING (on object monitor)
        at sun.misc.Unsafe.park(Native Method)
        at java.util.concurrent.locks.LockSupport.park(LockSupport.java:175)
        at java.util.concurrent.locks.AbstractQueuedSynchronizer$ConditionObject.await(AbstractQueuedSynchronizer.java:2039)
        at java.util.concurrent.ArrayBlockingQueue.take(ArrayBlockingQueue.java:403)
        at java.util.concurrent.ThreadPoolExecutor.getTask(ThreadPoolExecutor.java:1074)
        at java.util.concurrent.ThreadPoolExecutor.runWorker(ThreadPoolExecutor.java:1134)
        at java.util.concurrent.ThreadPoolExecutor$Worker.run(ThreadPoolExecutor.java:624)
        at java.lang.Thread.run(Thread.java:748)
"PartialTableCache Cleanup Thread - 0" daemon prio=5 tid=542 in Object.wait()
java.lang.Thread.State: WAITING (on object monitor)
        at sun.misc.Unsafe.park(Native Method)
        at java.util.concurrent.locks.LockSupport.park(LockSupport.java:175)
        at java.util.concurrent.locks.AbstractQueuedSynchronizer$ConditionObject.await(AbstractQueuedSynchronizer.java:2039)
        at java.util.concurrent.LinkedBlockingQueue.take(LinkedBlockingQueue.java:442)
        at java.util.concurrent.ThreadPoolExecutor.getTask(ThreadPoolExecutor.java:1074)
        at java.util.concurrent.ThreadPoolExecutor.runWorker(ThreadPoolExecutor.java:1134)
        at java.util.concurrent.ThreadPoolExecutor$Worker.run(ThreadPoolExecutor.java:624)
        at java.lang.Thread.run(Thread.java:748)
"qtp2051361244-1776" daemon prio=5 tid=1776 runnable
java.lang.Thread.State: RUNNABLE
        at sun.nio.ch.EPollArrayWrapper.epollWait(Native Method)
        at sun.nio.ch.EPollArrayWrapper.poll(EPollArrayWrapper.java:269)
        at sun.nio.ch.EPollSelectorImpl.doSelect(EPollSelectorImpl.java:93)
        at sun.nio.ch.SelectorImpl.lockAndDoSelect(SelectorImpl.java:86)
        at sun.nio.ch.SelectorImpl.select(SelectorImpl.java:97)
        at sun.nio.ch.SelectorImpl.select(SelectorImpl.java:101)
        at org.eclipse.jetty.io.ManagedSelector$SelectorProducer.select(ManagedSelector.java:243)
        at org.eclipse.jetty.io.ManagedSelector$SelectorProducer.produce(ManagedSelector.java:191)
        at org.eclipse.jetty.util.thread.strategy.ExecuteProduceConsume.executeProduceConsume(ExecuteProduceConsume.java:249)
        at org.eclipse.jetty.util.thread.strategy.ExecuteProduceConsume.produceConsume(ExecuteProduceConsume.java:148)
        at org.eclipse.jetty.util.thread.strategy.ExecuteProduceConsume.execute(ExecuteProduceConsume.java:100)
        at org.eclipse.jetty.io.ManagedSelector.run(ManagedSelector.java:147)
        at org.eclipse.jetty.util.thread.QueuedThreadPool.runJob(QueuedThreadPool.java:671)
        at org.eclipse.jetty.util.thread.QueuedThreadPool$2.run(QueuedThreadPool.java:589)
        at java.lang.Thread.run(Thread.java:748)
"KeyDeletingService#0" daemon prio=5 tid=1753 timed_waiting
java.lang.Thread.State: TIMED_WAITING
        at sun.misc.Unsafe.park(Native Method)
        at java.util.concurrent.locks.LockSupport.parkNanos(LockSupport.java:215)
        at java.util.concurrent.locks.AbstractQueuedSynchronizer$ConditionObject.awaitNanos(AbstractQueuedSynchronizer.java:2078)
        at java.util.concurrent.ScheduledThreadPoolExecutor$DelayedWorkQueue.take(ScheduledThreadPoolExecutor.java:1093)
        at java.util.concurrent.ScheduledThreadPoolExecutor$DelayedWorkQueue.take(ScheduledThreadPoolExecutor.java:809)
        at java.util.concurrent.ThreadPoolExecutor.getTask(ThreadPoolExecutor.java:1074)
        at java.util.concurrent.ThreadPoolExecutor.runWorker(ThreadPoolExecutor.java:1134)
        at java.util.concurrent.ThreadPoolExecutor$Worker.run(ThreadPoolExecutor.java:624)
        at java.lang.Thread.run(Thread.java:748)
"IPC Server handler 0 on 33059" daemon prio=5 tid=1671 timed_waiting
java.lang.Thread.State: TIMED_WAITING
        at sun.misc.Unsafe.park(Native Method)
        at java.util.concurrent.locks.LockSupport.parkNanos(LockSupport.java:215)
        at java.util.concurrent.locks.AbstractQueuedSynchronizer$ConditionObject.awaitNanos(AbstractQueuedSynchronizer.java:2078)
        at java.util.concurrent.LinkedBlockingQueue.poll(LinkedBlockingQueue.java:467)
        at org.apache.hadoop.ipc.CallQueueManager.take(CallQueueManager.java:288)
        at org.apache.hadoop.ipc.Server$Handler.run(Server.java:2668)
"pool-176-thread-39"  prio=5 tid=1907 in Object.wait()
java.lang.Thread.State: WAITING (on object monitor)
        at sun.misc.Unsafe.park(Native Method)
        at java.util.concurrent.locks.LockSupport.park(LockSupport.java:175)
        at java.util.concurrent.locks.AbstractQueuedSynchronizer$ConditionObject.await(AbstractQueuedSynchronizer.java:2039)
        at java.util.concurrent.ArrayBlockingQueue.take(ArrayBlockingQueue.java:403)
        at java.util.concurrent.ThreadPoolExecutor.getTask(ThreadPoolExecutor.java:1074)
        at java.util.concurrent.ThreadPoolExecutor.runWorker(ThreadPoolExecutor.java:1134)
        at java.util.concurrent.ThreadPoolExecutor$Worker.run(ThreadPoolExecutor.java:624)
        at java.lang.Thread.run(Thread.java:748)
"IPC Server handler 3 on 33059" daemon prio=5 tid=1674 timed_waiting
java.lang.Thread.State: TIMED_WAITING
        at sun.misc.Unsafe.park(Native Method)
        at java.util.concurrent.locks.LockSupport.parkNanos(LockSupport.java:215)
        at java.util.concurrent.locks.AbstractQueuedSynchronizer$ConditionObject.awaitNanos(AbstractQueuedSynchronizer.java:2078)
        at java.util.concurrent.LinkedBlockingQueue.poll(LinkedBlockingQueue.java:467)
        at org.apache.hadoop.ipc.CallQueueManager.take(CallQueueManager.java:288)
        at org.apache.hadoop.ipc.Server$Handler.run(Server.java:2668)
"metrics-hadoop-metrics2-reporter-73-thread-1" daemon prio=5 tid=1551 timed_waiting
java.lang.Thread.State: TIMED_WAITING
        at sun.misc.Unsafe.park(Native Method)
        at java.util.concurrent.locks.LockSupport.parkNanos(LockSupport.java:215)
        at java.util.concurrent.locks.AbstractQueuedSynchronizer$ConditionObject.awaitNanos(AbstractQueuedSynchronizer.java:2078)
        at java.util.concurrent.ScheduledThreadPoolExecutor$DelayedWorkQueue.take(ScheduledThreadPoolExecutor.java:1093)
        at java.util.concurrent.ScheduledThreadPoolExecutor$DelayedWorkQueue.take(ScheduledThreadPoolExecutor.java:809)
        at java.util.concurrent.ThreadPoolExecutor.getTask(ThreadPoolExecutor.java:1074)
        at java.util.concurrent.ThreadPoolExecutor.runWorker(ThreadPoolExecutor.java:1134)
        at java.util.concurrent.ThreadPoolExecutor$Worker.run(ThreadPoolExecutor.java:624)
        at java.lang.Thread.run(Thread.java:748)
"metrics-hadoop-metrics2-reporter-39-thread-1" daemon prio=5 tid=1000 timed_waiting
java.lang.Thread.State: TIMED_WAITING
        at sun.misc.Unsafe.park(Native Method)
        at java.util.concurrent.locks.LockSupport.parkNanos(LockSupport.java:215)
        at java.util.concurrent.locks.AbstractQueuedSynchronizer$ConditionObject.awaitNanos(AbstractQueuedSynchronizer.java:2078)
        at java.util.concurrent.ScheduledThreadPoolExecutor$DelayedWorkQueue.take(ScheduledThreadPoolExecutor.java:1093)
        at java.util.concurrent.ScheduledThreadPoolExecutor$DelayedWorkQueue.take(ScheduledThreadPoolExecutor.java:809)
        at java.util.concurrent.ThreadPoolExecutor.getTask(ThreadPoolExecutor.java:1074)
        at java.util.concurrent.ThreadPoolExecutor.runWorker(ThreadPoolExecutor.java:1134)
        at java.util.concurrent.ThreadPoolExecutor$Worker.run(ThreadPoolExecutor.java:624)
        at java.lang.Thread.run(Thread.java:748)
"pool-196-thread-31"  prio=5 tid=2024 in Object.wait()
java.lang.Thread.State: WAITING (on object monitor)
        at sun.misc.Unsafe.park(Native Method)
        at java.util.concurrent.locks.LockSupport.park(LockSupport.java:175)
        at java.util.concurrent.locks.AbstractQueuedSynchronizer$ConditionObject.await(AbstractQueuedSynchronizer.java:2039)
        at java.util.concurrent.ArrayBlockingQueue.take(ArrayBlockingQueue.java:403)
        at java.util.concurrent.ThreadPoolExecutor.getTask(ThreadPoolExecutor.java:1074)
        at java.util.concurrent.ThreadPoolExecutor.runWorker(ThreadPoolExecutor.java:1134)
        at java.util.concurrent.ThreadPoolExecutor$Worker.run(ThreadPoolExecutor.java:624)
        at java.lang.Thread.run(Thread.java:748)
"qtp2051361244-1783" daemon prio=5 tid=1783 timed_waiting
java.lang.Thread.State: TIMED_WAITING
        at sun.misc.Unsafe.park(Native Method)
        at java.util.concurrent.locks.LockSupport.parkNanos(LockSupport.java:215)
        at java.util.concurrent.locks.AbstractQueuedSynchronizer$ConditionObject.awaitNanos(AbstractQueuedSynchronizer.java:2078)
        at org.eclipse.jetty.util.BlockingArrayQueue.poll(BlockingArrayQueue.java:392)
        at org.eclipse.jetty.util.thread.QueuedThreadPool.idleJobPoll(QueuedThreadPool.java:563)
        at org.eclipse.jetty.util.thread.QueuedThreadPool.access$800(QueuedThreadPool.java:48)
        at org.eclipse.jetty.util.thread.QueuedThreadPool$2.run(QueuedThreadPool.java:626)
        at java.lang.Thread.run(Thread.java:748)
"pool-196-thread-38"  prio=5 tid=2031 in Object.wait()
java.lang.Thread.State: WAITING (on object monitor)
        at sun.misc.Unsafe.park(Native Method)
        at java.util.concurrent.locks.LockSupport.park(LockSupport.java:175)
        at java.util.concurrent.locks.AbstractQueuedSynchronizer$ConditionObject.await(AbstractQueuedSynchronizer.java:2039)
        at java.util.concurrent.ArrayBlockingQueue.take(ArrayBlockingQueue.java:403)
        at java.util.concurrent.ThreadPoolExecutor.getTask(ThreadPoolExecutor.java:1074)
        at java.util.concurrent.ThreadPoolExecutor.runWorker(ThreadPoolExecutor.java:1134)
        at java.util.concurrent.ThreadPoolExecutor$Worker.run(ThreadPoolExecutor.java:624)
        at java.lang.Thread.run(Thread.java:748)
"qtp915734066-1795" daemon prio=5 tid=1795 runnable
java.lang.Thread.State: RUNNABLE
        at sun.nio.ch.EPollArrayWrapper.epollWait(Native Method)
        at sun.nio.ch.EPollArrayWrapper.poll(EPollArrayWrapper.java:269)
        at sun.nio.ch.EPollSelectorImpl.doSelect(EPollSelectorImpl.java:93)
        at sun.nio.ch.SelectorImpl.lockAndDoSelect(SelectorImpl.java:86)
        at sun.nio.ch.SelectorImpl.select(SelectorImpl.java:97)
        at sun.nio.ch.SelectorImpl.select(SelectorImpl.java:101)
        at org.eclipse.jetty.io.ManagedSelector$SelectorProducer.select(ManagedSelector.java:243)
        at org.eclipse.jetty.io.ManagedSelector$SelectorProducer.produce(ManagedSelector.java:191)
        at org.eclipse.jetty.util.thread.strategy.ExecuteProduceConsume.executeProduceConsume(ExecuteProduceConsume.java:249)
        at org.eclipse.jetty.util.thread.strategy.ExecuteProduceConsume.produceConsume(ExecuteProduceConsume.java:148)
        at org.eclipse.jetty.util.thread.strategy.ExecuteProduceConsume.execute(ExecuteProduceConsume.java:100)
        at org.eclipse.jetty.io.ManagedSelector.run(ManagedSelector.java:147)
        at org.eclipse.jetty.util.thread.QueuedThreadPool.runJob(QueuedThreadPool.java:671)
        at org.eclipse.jetty.util.thread.QueuedThreadPool$2.run(QueuedThreadPool.java:589)
        at java.lang.Thread.run(Thread.java:748)
"pool-184-thread-1" daemon prio=5 tid=1819 timed_waiting
java.lang.Thread.State: TIMED_WAITING
        at sun.misc.Unsafe.park(Native Method)
        at java.util.concurrent.locks.LockSupport.parkNanos(LockSupport.java:215)
        at java.util.concurrent.locks.AbstractQueuedSynchronizer$ConditionObject.awaitNanos(AbstractQueuedSynchronizer.java:2078)
        at java.util.concurrent.ScheduledThreadPoolExecutor$DelayedWorkQueue.take(ScheduledThreadPoolExecutor.java:1093)
        at java.util.concurrent.ScheduledThreadPoolExecutor$DelayedWorkQueue.take(ScheduledThreadPoolExecutor.java:809)
        at java.util.concurrent.ThreadPoolExecutor.getTask(ThreadPoolExecutor.java:1074)
        at java.util.concurrent.ThreadPoolExecutor.runWorker(ThreadPoolExecutor.java:1134)
        at java.util.concurrent.ThreadPoolExecutor$Worker.run(ThreadPoolExecutor.java:624)
        at java.lang.Thread.run(Thread.java:748)
"grpc-default-boss-ELG-8-1" daemon prio=5 tid=1929 runnable
java.lang.Thread.State: RUNNABLE
        at sun.nio.ch.EPollArrayWrapper.epollWait(Native Method)
        at sun.nio.ch.EPollArrayWrapper.poll(EPollArrayWrapper.java:269)
        at sun.nio.ch.EPollSelectorImpl.doSelect(EPollSelectorImpl.java:93)
        at sun.nio.ch.SelectorImpl.lockAndDoSelect(SelectorImpl.java:86)
        at sun.nio.ch.SelectorImpl.select(SelectorImpl.java:97)
        at org.apache.ratis.thirdparty.io.netty.channel.nio.SelectedSelectionKeySetSelector.select(SelectedSelectionKeySetSelector.java:62)
        at org.apache.ratis.thirdparty.io.netty.channel.nio.NioEventLoop.select(NioEventLoop.java:753)
        at org.apache.ratis.thirdparty.io.netty.channel.nio.NioEventLoop.run(NioEventLoop.java:408)
        at org.apache.ratis.thirdparty.io.netty.util.concurrent.SingleThreadEventExecutor$5.run(SingleThreadEventExecutor.java:897)
        at org.apache.ratis.thirdparty.io.netty.util.concurrent.FastThreadLocalRunnable.run(FastThreadLocalRunnable.java:30)
        at java.lang.Thread.run(Thread.java:748)
"PartialTableCache Cleanup Thread - 0" daemon prio=5 tid=544 in Object.wait()
java.lang.Thread.State: WAITING (on object monitor)
        at sun.misc.Unsafe.park(Native Method)
        at java.util.concurrent.locks.LockSupport.park(LockSupport.java:175)
        at java.util.concurrent.locks.AbstractQueuedSynchronizer$ConditionObject.await(AbstractQueuedSynchronizer.java:2039)
        at java.util.concurrent.LinkedBlockingQueue.take(LinkedBlockingQueue.java:442)
        at java.util.concurrent.ThreadPoolExecutor.getTask(ThreadPoolExecutor.java:1074)
        at java.util.concurrent.ThreadPoolExecutor.runWorker(ThreadPoolExecutor.java:1134)
        at java.util.concurrent.ThreadPoolExecutor$Worker.run(ThreadPoolExecutor.java:624)
        at java.lang.Thread.run(Thread.java:748)
"grpc-default-executor-2" daemon prio=5 tid=2106 timed_waiting
java.lang.Thread.State: TIMED_WAITING
        at sun.misc.Unsafe.park(Native Method)
        at java.util.concurrent.locks.LockSupport.parkNanos(LockSupport.java:215)
        at java.util.concurrent.SynchronousQueue$TransferStack.awaitFulfill(SynchronousQueue.java:460)
        at java.util.concurrent.SynchronousQueue$TransferStack.transfer(SynchronousQueue.java:362)
        at java.util.concurrent.SynchronousQueue.poll(SynchronousQueue.java:941)
        at java.util.concurrent.ThreadPoolExecutor.getTask(ThreadPoolExecutor.java:1073)
        at java.util.concurrent.ThreadPoolExecutor.runWorker(ThreadPoolExecutor.java:1134)
        at java.util.concurrent.ThreadPoolExecutor$Worker.run(ThreadPoolExecutor.java:624)
        at java.lang.Thread.run(Thread.java:748)
"qtp915734066-1796-acceptor-0@1b1d89d4-ServerConnector@4891cbfd{HTTP/1.1,[http/1.1]}{0.0.0.0:37272}" daemon prio=3 tid=1796 runnable
java.lang.Thread.State: RUNNABLE
        at sun.nio.ch.ServerSocketChannelImpl.accept0(Native Method)
        at sun.nio.ch.ServerSocketChannelImpl.accept(ServerSocketChannelImpl.java:422)
        at sun.nio.ch.ServerSocketChannelImpl.accept(ServerSocketChannelImpl.java:250)
        at org.eclipse.jetty.server.ServerConnector.accept(ServerConnector.java:397)
        at org.eclipse.jetty.server.AbstractConnector$Acceptor.run(AbstractConnector.java:601)
        at org.eclipse.jetty.util.thread.QueuedThreadPool.runJob(QueuedThreadPool.java:671)
        at org.eclipse.jetty.util.thread.QueuedThreadPool$2.run(QueuedThreadPool.java:589)
        at java.lang.Thread.run(Thread.java:748)
"qtp1145772033-1737" daemon prio=5 tid=1737 timed_waiting
java.lang.Thread.State: TIMED_WAITING
        at sun.misc.Unsafe.park(Native Method)
        at java.util.concurrent.locks.LockSupport.parkNanos(LockSupport.java:215)
        at java.util.concurrent.locks.AbstractQueuedSynchronizer$ConditionObject.awaitNanos(AbstractQueuedSynchronizer.java:2078)
        at org.eclipse.jetty.util.BlockingArrayQueue.poll(BlockingArrayQueue.java:392)
        at org.eclipse.jetty.util.thread.QueuedThreadPool.idleJobPoll(QueuedThreadPool.java:563)
        at org.eclipse.jetty.util.thread.QueuedThreadPool.access$800(QueuedThreadPool.java:48)
        at org.eclipse.jetty.util.thread.QueuedThreadPool$2.run(QueuedThreadPool.java:626)
        at java.lang.Thread.run(Thread.java:748)
"pool-186-thread-24"  prio=5 tid=1955 in Object.wait()
java.lang.Thread.State: WAITING (on object monitor)
        at sun.misc.Unsafe.park(Native Method)
        at java.util.concurrent.locks.LockSupport.park(LockSupport.java:175)
        at java.util.concurrent.locks.AbstractQueuedSynchronizer$ConditionObject.await(AbstractQueuedSynchronizer.java:2039)
        at java.util.concurrent.ArrayBlockingQueue.take(ArrayBlockingQueue.java:403)
        at java.util.concurrent.ThreadPoolExecutor.getTask(ThreadPoolExecutor.java:1074)
        at java.util.concurrent.ThreadPoolExecutor.runWorker(ThreadPoolExecutor.java:1134)
        at java.util.concurrent.ThreadPoolExecutor$Worker.run(ThreadPoolExecutor.java:624)
        at java.lang.Thread.run(Thread.java:748)
"pool-196-thread-15"  prio=5 tid=2008 in Object.wait()
java.lang.Thread.State: WAITING (on object monitor)
        at sun.misc.Unsafe.park(Native Method)
        at java.util.concurrent.locks.LockSupport.park(LockSupport.java:175)
        at java.util.concurrent.locks.AbstractQueuedSynchronizer$ConditionObject.await(AbstractQueuedSynchronizer.java:2039)
        at java.util.concurrent.ArrayBlockingQueue.take(ArrayBlockingQueue.java:403)
        at java.util.concurrent.ThreadPoolExecutor.getTask(ThreadPoolExecutor.java:1074)
        at java.util.concurrent.ThreadPoolExecutor.runWorker(ThreadPoolExecutor.java:1134)
        at java.util.concurrent.ThreadPoolExecutor$Worker.run(ThreadPoolExecutor.java:624)
        at java.lang.Thread.run(Thread.java:748)
"Datanode ReportManager Thread - 3" daemon prio=5 tid=202 timed_waiting
java.lang.Thread.State: TIMED_WAITING
        at sun.misc.Unsafe.park(Native Method)
        at java.util.concurrent.locks.LockSupport.parkNanos(LockSupport.java:215)
        at java.util.concurrent.locks.AbstractQueuedSynchronizer$ConditionObject.awaitNanos(AbstractQueuedSynchronizer.java:2078)
        at java.util.concurrent.ScheduledThreadPoolExecutor$DelayedWorkQueue.take(ScheduledThreadPoolExecutor.java:1093)
        at java.util.concurrent.ScheduledThreadPoolExecutor$DelayedWorkQueue.take(ScheduledThreadPoolExecutor.java:809)
        at java.util.concurrent.ThreadPoolExecutor.getTask(ThreadPoolExecutor.java:1074)
        at java.util.concurrent.ThreadPoolExecutor.runWorker(ThreadPoolExecutor.java:1134)
        at java.util.concurrent.ThreadPoolExecutor$Worker.run(ThreadPoolExecutor.java:624)
        at java.lang.Thread.run(Thread.java:748)
"Datanode ReportManager Thread - 2" daemon prio=5 tid=1809 timed_waiting
java.lang.Thread.State: TIMED_WAITING
        at sun.misc.Unsafe.park(Native Method)
        at java.util.concurrent.locks.LockSupport.parkNanos(LockSupport.java:215)
        at java.util.concurrent.locks.AbstractQueuedSynchronizer$ConditionObject.awaitNanos(AbstractQueuedSynchronizer.java:2078)
        at java.util.concurrent.ScheduledThreadPoolExecutor$DelayedWorkQueue.take(ScheduledThreadPoolExecutor.java:1093)
        at java.util.concurrent.ScheduledThreadPoolExecutor$DelayedWorkQueue.take(ScheduledThreadPoolExecutor.java:809)
        at java.util.concurrent.ThreadPoolExecutor.getTask(ThreadPoolExecutor.java:1074)
        at java.util.concurrent.ThreadPoolExecutor.runWorker(ThreadPoolExecutor.java:1134)
        at java.util.concurrent.ThreadPoolExecutor$Worker.run(ThreadPoolExecutor.java:624)
        at java.lang.Thread.run(Thread.java:748)
"IPC Server handler 14 on 39395" daemon prio=5 tid=1705 timed_waiting
java.lang.Thread.State: TIMED_WAITING
        at sun.misc.Unsafe.park(Native Method)
        at java.util.concurrent.locks.LockSupport.parkNanos(LockSupport.java:215)
        at java.util.concurrent.locks.AbstractQueuedSynchronizer$ConditionObject.awaitNanos(AbstractQueuedSynchronizer.java:2078)
        at java.util.concurrent.LinkedBlockingQueue.poll(LinkedBlockingQueue.java:467)
        at org.apache.hadoop.ipc.CallQueueManager.take(CallQueueManager.java:288)
        at org.apache.hadoop.ipc.Server$Handler.run(Server.java:2668)
"metrics-hadoop-metrics2-reporter-105-thread-1" daemon prio=5 tid=2140 timed_waiting
java.lang.Thread.State: TIMED_WAITING
        at sun.misc.Unsafe.park(Native Method)
        at java.util.concurrent.locks.LockSupport.parkNanos(LockSupport.java:215)
        at java.util.concurrent.locks.AbstractQueuedSynchronizer$ConditionObject.awaitNanos(AbstractQueuedSynchronizer.java:2078)
        at java.util.concurrent.ScheduledThreadPoolExecutor$DelayedWorkQueue.take(ScheduledThreadPoolExecutor.java:1093)
        at java.util.concurrent.ScheduledThreadPoolExecutor$DelayedWorkQueue.take(ScheduledThreadPoolExecutor.java:809)
        at java.util.concurrent.ThreadPoolExecutor.getTask(ThreadPoolExecutor.java:1074)
        at java.util.concurrent.ThreadPoolExecutor.runWorker(ThreadPoolExecutor.java:1134)
        at java.util.concurrent.ThreadPoolExecutor$Worker.run(ThreadPoolExecutor.java:624)
        at java.lang.Thread.run(Thread.java:748)
"qtp1314460166-1823-acceptor-0@6768e0d5-ServerConnector@195b4953{HTTP/1.1,[http/1.1]}{0.0.0.0:35552}" daemon prio=3 tid=1823 runnable
java.lang.Thread.State: RUNNABLE
        at sun.nio.ch.ServerSocketChannelImpl.accept0(Native Method)
        at sun.nio.ch.ServerSocketChannelImpl.accept(ServerSocketChannelImpl.java:422)
        at sun.nio.ch.ServerSocketChannelImpl.accept(ServerSocketChannelImpl.java:250)
        at org.eclipse.jetty.server.ServerConnector.accept(ServerConnector.java:397)
        at org.eclipse.jetty.server.AbstractConnector$Acceptor.run(AbstractConnector.java:601)
        at org.eclipse.jetty.util.thread.QueuedThreadPool.runJob(QueuedThreadPool.java:671)
        at org.eclipse.jetty.util.thread.QueuedThreadPool$2.run(QueuedThreadPool.java:589)
        at java.lang.Thread.run(Thread.java:748)
"pool-186-thread-58"  prio=5 tid=1989 in Object.wait()
java.lang.Thread.State: WAITING (on object monitor)
        at sun.misc.Unsafe.park(Native Method)
        at java.util.concurrent.locks.LockSupport.park(LockSupport.java:175)
        at java.util.concurrent.locks.AbstractQueuedSynchronizer$ConditionObject.await(AbstractQueuedSynchronizer.java:2039)
        at java.util.concurrent.ArrayBlockingQueue.take(ArrayBlockingQueue.java:403)
        at java.util.concurrent.ThreadPoolExecutor.getTask(ThreadPoolExecutor.java:1074)
        at java.util.concurrent.ThreadPoolExecutor.runWorker(ThreadPoolExecutor.java:1134)
        at java.util.concurrent.ThreadPoolExecutor$Worker.run(ThreadPoolExecutor.java:624)
        at java.lang.Thread.run(Thread.java:748)
"IPC Server handler 6 on 46187" daemon prio=5 tid=1761 timed_waiting
java.lang.Thread.State: TIMED_WAITING
        at sun.misc.Unsafe.park(Native Method)
        at java.util.concurrent.locks.LockSupport.parkNanos(LockSupport.java:215)
        at java.util.concurrent.locks.AbstractQueuedSynchronizer$ConditionObject.awaitNanos(AbstractQueuedSynchronizer.java:2078)
        at java.util.concurrent.LinkedBlockingQueue.poll(LinkedBlockingQueue.java:467)
        at org.apache.hadoop.ipc.CallQueueManager.take(CallQueueManager.java:288)
        at org.apache.hadoop.ipc.Server$Handler.run(Server.java:2668)
"Command processor thread" daemon prio=5 tid=1838 timed_waiting
java.lang.Thread.State: TIMED_WAITING
        at java.lang.Thread.sleep(Native Method)
        at org.apache.hadoop.ozone.container.common.statemachine.DatanodeStateMachine.lambda$initCommandHandlerThread$1(DatanodeStateMachine.java:439)
        at org.apache.hadoop.ozone.container.common.statemachine.DatanodeStateMachine$$Lambda$141/605207612.run(Unknown Source)
        at java.lang.Thread.run(Thread.java:748)
"7f29c796-0732-402f-b865-67033766dcba@group-BF47CC5A3576-SegmentedRaftLogWorker"  prio=5 tid=2095 timed_waiting
java.lang.Thread.State: TIMED_WAITING
        at sun.misc.Unsafe.park(Native Method)
        at java.util.concurrent.locks.LockSupport.parkNanos(LockSupport.java:215)
        at java.util.concurrent.locks.AbstractQueuedSynchronizer$ConditionObject.awaitNanos(AbstractQueuedSynchronizer.java:2078)
        at org.apache.ratis.util.DataBlockingQueue.poll(DataBlockingQueue.java:137)
        at org.apache.ratis.server.raftlog.segmented.SegmentedRaftLogWorker.run(SegmentedRaftLogWorker.java:282)
        at java.lang.Thread.run(Thread.java:748)
"pool-177-thread-1"  prio=5 tid=2070 in Object.wait()
java.lang.Thread.State: WAITING (on object monitor)
        at sun.misc.Unsafe.park(Native Method)
        at java.util.concurrent.locks.LockSupport.park(LockSupport.java:175)
        at java.util.concurrent.locks.AbstractQueuedSynchronizer$ConditionObject.await(AbstractQueuedSynchronizer.java:2039)
        at java.util.concurrent.LinkedBlockingQueue.take(LinkedBlockingQueue.java:442)
        at java.util.concurrent.ThreadPoolExecutor.getTask(ThreadPoolExecutor.java:1074)
        at java.util.concurrent.ThreadPoolExecutor.runWorker(ThreadPoolExecutor.java:1134)
        at java.util.concurrent.ThreadPoolExecutor$Worker.run(ThreadPoolExecutor.java:624)
        at java.lang.Thread.run(Thread.java:748)
"IPC Server Responder" daemon prio=5 tid=1663 runnable
java.lang.Thread.State: RUNNABLE
        at sun.nio.ch.EPollArrayWrapper.epollWait(Native Method)
        at sun.nio.ch.EPollArrayWrapper.poll(EPollArrayWrapper.java:269)
        at sun.nio.ch.EPollSelectorImpl.doSelect(EPollSelectorImpl.java:93)
        at sun.nio.ch.SelectorImpl.lockAndDoSelect(SelectorImpl.java:86)
        at sun.nio.ch.SelectorImpl.select(SelectorImpl.java:97)
        at org.apache.hadoop.ipc.Server$Responder.doRunLoop(Server.java:1334)
        at org.apache.hadoop.ipc.Server$Responder.run(Server.java:1317)
"pool-196-thread-30"  prio=5 tid=2023 in Object.wait()
java.lang.Thread.State: WAITING (on object monitor)
        at sun.misc.Unsafe.park(Native Method)
        at java.util.concurrent.locks.LockSupport.park(LockSupport.java:175)
        at java.util.concurrent.locks.AbstractQueuedSynchronizer$ConditionObject.await(AbstractQueuedSynchronizer.java:2039)
        at java.util.concurrent.ArrayBlockingQueue.take(ArrayBlockingQueue.java:403)
        at java.util.concurrent.ThreadPoolExecutor.getTask(ThreadPoolExecutor.java:1074)
        at java.util.concurrent.ThreadPoolExecutor.runWorker(ThreadPoolExecutor.java:1134)
        at java.util.concurrent.ThreadPoolExecutor$Worker.run(ThreadPoolExecutor.java:624)
        at java.lang.Thread.run(Thread.java:748)
"Datanode State Machine Thread - 0" daemon prio=5 tid=1840 timed_waiting
java.lang.Thread.State: TIMED_WAITING
        at sun.misc.Unsafe.park(Native Method)
        at java.util.concurrent.locks.LockSupport.parkNanos(LockSupport.java:215)
        at java.util.concurrent.SynchronousQueue$TransferStack.awaitFulfill(SynchronousQueue.java:460)
        at java.util.concurrent.SynchronousQueue$TransferStack.transfer(SynchronousQueue.java:362)
        at java.util.concurrent.SynchronousQueue.poll(SynchronousQueue.java:941)
        at java.util.concurrent.ThreadPoolExecutor.getTask(ThreadPoolExecutor.java:1073)
        at java.util.concurrent.ThreadPoolExecutor.runWorker(ThreadPoolExecutor.java:1134)
        at java.util.concurrent.ThreadPoolExecutor$Worker.run(ThreadPoolExecutor.java:624)
        at java.lang.Thread.run(Thread.java:748)
"metrics-hadoop-metrics2-reporter-46-thread-1" daemon prio=5 tid=1024 timed_waiting
java.lang.Thread.State: TIMED_WAITING
        at sun.misc.Unsafe.park(Native Method)
        at java.util.concurrent.locks.LockSupport.parkNanos(LockSupport.java:215)
        at java.util.concurrent.locks.AbstractQueuedSynchronizer$ConditionObject.awaitNanos(AbstractQueuedSynchronizer.java:2078)
        at java.util.concurrent.ScheduledThreadPoolExecutor$DelayedWorkQueue.take(ScheduledThreadPoolExecutor.java:1093)
        at java.util.concurrent.ScheduledThreadPoolExecutor$DelayedWorkQueue.take(ScheduledThreadPoolExecutor.java:809)
        at java.util.concurrent.ThreadPoolExecutor.getTask(ThreadPoolExecutor.java:1074)
        at java.util.concurrent.ThreadPoolExecutor.runWorker(ThreadPoolExecutor.java:1134)
        at java.util.concurrent.ThreadPoolExecutor$Worker.run(ThreadPoolExecutor.java:624)
        at java.lang.Thread.run(Thread.java:748)
"pool-176-thread-59"  prio=5 tid=1927 in Object.wait()
java.lang.Thread.State: WAITING (on object monitor)
        at sun.misc.Unsafe.park(Native Method)
        at java.util.concurrent.locks.LockSupport.park(LockSupport.java:175)
        at java.util.concurrent.locks.AbstractQueuedSynchronizer$ConditionObject.await(AbstractQueuedSynchronizer.java:2039)
        at java.util.concurrent.ArrayBlockingQueue.take(ArrayBlockingQueue.java:403)
        at java.util.concurrent.ThreadPoolExecutor.getTask(ThreadPoolExecutor.java:1074)
        at java.util.concurrent.ThreadPoolExecutor.runWorker(ThreadPoolExecutor.java:1134)
        at java.util.concurrent.ThreadPoolExecutor$Worker.run(ThreadPoolExecutor.java:624)
        at java.lang.Thread.run(Thread.java:748)
"pool-196-thread-35"  prio=5 tid=2028 in Object.wait()
java.lang.Thread.State: WAITING (on object monitor)
        at sun.misc.Unsafe.park(Native Method)
        at java.util.concurrent.locks.LockSupport.park(LockSupport.java:175)
        at java.util.concurrent.locks.AbstractQueuedSynchronizer$ConditionObject.await(AbstractQueuedSynchronizer.java:2039)
        at java.util.concurrent.ArrayBlockingQueue.take(ArrayBlockingQueue.java:403)
        at java.util.concurrent.ThreadPoolExecutor.getTask(ThreadPoolExecutor.java:1074)
        at java.util.concurrent.ThreadPoolExecutor.runWorker(ThreadPoolExecutor.java:1134)
        at java.util.concurrent.ThreadPoolExecutor$Worker.run(ThreadPoolExecutor.java:624)
        at java.lang.Thread.run(Thread.java:748)
"IPC Server handler 10 on 46187" daemon prio=5 tid=1765 timed_waiting
java.lang.Thread.State: TIMED_WAITING
        at sun.misc.Unsafe.park(Native Method)
        at java.util.concurrent.locks.LockSupport.parkNanos(LockSupport.java:215)
        at java.util.concurrent.locks.AbstractQueuedSynchronizer$ConditionObject.awaitNanos(AbstractQueuedSynchronizer.java:2078)
        at java.util.concurrent.LinkedBlockingQueue.poll(LinkedBlockingQueue.java:467)
        at org.apache.hadoop.ipc.CallQueueManager.take(CallQueueManager.java:288)
        at org.apache.hadoop.ipc.Server$Handler.run(Server.java:2668)
"metrics-hadoop-metrics2-reporter-101-thread-1" daemon prio=5 tid=2124 timed_waiting
java.lang.Thread.State: TIMED_WAITING
        at sun.misc.Unsafe.park(Native Method)
        at java.util.concurrent.locks.LockSupport.parkNanos(LockSupport.java:215)
        at java.util.concurrent.locks.AbstractQueuedSynchronizer$ConditionObject.awaitNanos(AbstractQueuedSynchronizer.java:2078)
        at java.util.concurrent.ScheduledThreadPoolExecutor$DelayedWorkQueue.take(ScheduledThreadPoolExecutor.java:1093)
        at java.util.concurrent.ScheduledThreadPoolExecutor$DelayedWorkQueue.take(ScheduledThreadPoolExecutor.java:809)
        at java.util.concurrent.ThreadPoolExecutor.getTask(ThreadPoolExecutor.java:1074)
        at java.util.concurrent.ThreadPoolExecutor.runWorker(ThreadPoolExecutor.java:1134)
        at java.util.concurrent.ThreadPoolExecutor$Worker.run(ThreadPoolExecutor.java:624)
        at java.lang.Thread.run(Thread.java:748)
"pool-176-thread-34"  prio=5 tid=1902 in Object.wait()
java.lang.Thread.State: WAITING (on object monitor)
        at sun.misc.Unsafe.park(Native Method)
        at java.util.concurrent.locks.LockSupport.park(LockSupport.java:175)
        at java.util.concurrent.locks.AbstractQueuedSynchronizer$ConditionObject.await(AbstractQueuedSynchronizer.java:2039)
        at java.util.concurrent.ArrayBlockingQueue.take(ArrayBlockingQueue.java:403)
        at java.util.concurrent.ThreadPoolExecutor.getTask(ThreadPoolExecutor.java:1074)
        at java.util.concurrent.ThreadPoolExecutor.runWorker(ThreadPoolExecutor.java:1134)
        at java.util.concurrent.ThreadPoolExecutor$Worker.run(ThreadPoolExecutor.java:624)
        at java.lang.Thread.run(Thread.java:748)
"pool-171-thread-1"  prio=5 tid=1775 timed_waiting
java.lang.Thread.State: TIMED_WAITING
        at sun.misc.Unsafe.park(Native Method)
        at java.util.concurrent.locks.LockSupport.parkNanos(LockSupport.java:215)
        at java.util.concurrent.locks.AbstractQueuedSynchronizer$ConditionObject.awaitNanos(AbstractQueuedSynchronizer.java:2078)
        at java.util.concurrent.ScheduledThreadPoolExecutor$DelayedWorkQueue.take(ScheduledThreadPoolExecutor.java:1093)
        at java.util.concurrent.ScheduledThreadPoolExecutor$DelayedWorkQueue.take(ScheduledThreadPoolExecutor.java:809)
        at java.util.concurrent.ThreadPoolExecutor.getTask(ThreadPoolExecutor.java:1074)
        at java.util.concurrent.ThreadPoolExecutor.runWorker(ThreadPoolExecutor.java:1134)
        at java.util.concurrent.ThreadPoolExecutor$Worker.run(ThreadPoolExecutor.java:624)
        at java.lang.Thread.run(Thread.java:748)
"PartialTableCache Cleanup Thread - 0" daemon prio=5 tid=1072 in Object.wait()
java.lang.Thread.State: WAITING (on object monitor)
        at sun.misc.Unsafe.park(Native Method)
        at java.util.concurrent.locks.LockSupport.park(LockSupport.java:175)
        at java.util.concurrent.locks.AbstractQueuedSynchronizer$ConditionObject.await(AbstractQueuedSynchronizer.java:2039)
        at java.util.concurrent.LinkedBlockingQueue.take(LinkedBlockingQueue.java:442)
        at java.util.concurrent.ThreadPoolExecutor.getTask(ThreadPoolExecutor.java:1074)
        at java.util.concurrent.ThreadPoolExecutor.runWorker(ThreadPoolExecutor.java:1134)
        at java.util.concurrent.ThreadPoolExecutor$Worker.run(ThreadPoolExecutor.java:624)
        at java.lang.Thread.run(Thread.java:748)
"pool-176-thread-43"  prio=5 tid=1911 in Object.wait()
java.lang.Thread.State: WAITING (on object monitor)
        at sun.misc.Unsafe.park(Native Method)
        at java.util.concurrent.locks.LockSupport.park(LockSupport.java:175)
        at java.util.concurrent.locks.AbstractQueuedSynchronizer$ConditionObject.await(AbstractQueuedSynchronizer.java:2039)
        at java.util.concurrent.ArrayBlockingQueue.take(ArrayBlockingQueue.java:403)
        at java.util.concurrent.ThreadPoolExecutor.getTask(ThreadPoolExecutor.java:1074)
        at java.util.concurrent.ThreadPoolExecutor.runWorker(ThreadPoolExecutor.java:1134)
        at java.util.concurrent.ThreadPoolExecutor$Worker.run(ThreadPoolExecutor.java:624)
        at java.lang.Thread.run(Thread.java:748)
"metrics-hadoop-metrics2-reporter-3-thread-1" daemon prio=5 tid=440 timed_waiting
java.lang.Thread.State: TIMED_WAITING
        at sun.misc.Unsafe.park(Native Method)
        at java.util.concurrent.locks.LockSupport.parkNanos(LockSupport.java:215)
        at java.util.concurrent.locks.AbstractQueuedSynchronizer$ConditionObject.awaitNanos(AbstractQueuedSynchronizer.java:2078)
        at java.util.concurrent.ScheduledThreadPoolExecutor$DelayedWorkQueue.take(ScheduledThreadPoolExecutor.java:1093)
        at java.util.concurrent.ScheduledThreadPoolExecutor$DelayedWorkQueue.take(ScheduledThreadPoolExecutor.java:809)
        at java.util.concurrent.ThreadPoolExecutor.getTask(ThreadPoolExecutor.java:1074)
        at java.util.concurrent.ThreadPoolExecutor.runWorker(ThreadPoolExecutor.java:1134)
        at java.util.concurrent.ThreadPoolExecutor$Worker.run(ThreadPoolExecutor.java:624)
        at java.lang.Thread.run(Thread.java:748)
"EventQueue-NewNodeForNewNodeHandler" daemon prio=5 tid=2056 in Object.wait()
java.lang.Thread.State: WAITING (on object monitor)
        at sun.misc.Unsafe.park(Native Method)
        at java.util.concurrent.locks.LockSupport.park(LockSupport.java:175)
        at java.util.concurrent.locks.AbstractQueuedSynchronizer$ConditionObject.await(AbstractQueuedSynchronizer.java:2039)
        at java.util.concurrent.LinkedBlockingQueue.take(LinkedBlockingQueue.java:442)
        at java.util.concurrent.ThreadPoolExecutor.getTask(ThreadPoolExecutor.java:1074)
        at java.util.concurrent.ThreadPoolExecutor.runWorker(ThreadPoolExecutor.java:1134)
        at java.util.concurrent.ThreadPoolExecutor$Worker.run(ThreadPoolExecutor.java:624)
        at java.lang.Thread.run(Thread.java:748)
"Datanode ReportManager Thread - 2" daemon prio=5 tid=1836 timed_waiting
java.lang.Thread.State: TIMED_WAITING
        at sun.misc.Unsafe.park(Native Method)
        at java.util.concurrent.locks.LockSupport.parkNanos(LockSupport.java:215)
        at java.util.concurrent.locks.AbstractQueuedSynchronizer$ConditionObject.awaitNanos(AbstractQueuedSynchronizer.java:2078)
        at java.util.concurrent.ScheduledThreadPoolExecutor$DelayedWorkQueue.take(ScheduledThreadPoolExecutor.java:1093)
        at java.util.concurrent.ScheduledThreadPoolExecutor$DelayedWorkQueue.take(ScheduledThreadPoolExecutor.java:809)
        at java.util.concurrent.ThreadPoolExecutor.getTask(ThreadPoolExecutor.java:1074)
        at java.util.concurrent.ThreadPoolExecutor.runWorker(ThreadPoolExecutor.java:1134)
        at java.util.concurrent.ThreadPoolExecutor$Worker.run(ThreadPoolExecutor.java:624)
        at java.lang.Thread.run(Thread.java:748)
"jaeger.RemoteReporter-FlushTimer" daemon prio=5 tid=149 timed_waiting
java.lang.Thread.State: TIMED_WAITING
        at java.lang.Object.wait(Native Method)
        at java.util.TimerThread.mainLoop(Timer.java:552)
        at java.util.TimerThread.run(Timer.java:505)
"pool-186-thread-38"  prio=5 tid=1969 in Object.wait()
java.lang.Thread.State: WAITING (on object monitor)
        at sun.misc.Unsafe.park(Native Method)
        at java.util.concurrent.locks.LockSupport.park(LockSupport.java:175)
        at java.util.concurrent.locks.AbstractQueuedSynchronizer$ConditionObject.await(AbstractQueuedSynchronizer.java:2039)
        at java.util.concurrent.ArrayBlockingQueue.take(ArrayBlockingQueue.java:403)
        at java.util.concurrent.ThreadPoolExecutor.getTask(ThreadPoolExecutor.java:1074)
        at java.util.concurrent.ThreadPoolExecutor.runWorker(ThreadPoolExecutor.java:1134)
        at java.util.concurrent.ThreadPoolExecutor$Worker.run(ThreadPoolExecutor.java:624)
        at java.lang.Thread.run(Thread.java:748)
"pool-158-thread-1"  prio=5 tid=1668 timed_waiting
java.lang.Thread.State: TIMED_WAITING
        at sun.misc.Unsafe.park(Native Method)
        at java.util.concurrent.locks.LockSupport.parkNanos(LockSupport.java:215)
        at java.util.concurrent.locks.AbstractQueuedSynchronizer$ConditionObject.awaitNanos(AbstractQueuedSynchronizer.java:2078)
        at java.util.concurrent.ScheduledThreadPoolExecutor$DelayedWorkQueue.take(ScheduledThreadPoolExecutor.java:1093)
        at java.util.concurrent.ScheduledThreadPoolExecutor$DelayedWorkQueue.take(ScheduledThreadPoolExecutor.java:809)
        at java.util.concurrent.ThreadPoolExecutor.getTask(ThreadPoolExecutor.java:1074)
        at java.util.concurrent.ThreadPoolExecutor.runWorker(ThreadPoolExecutor.java:1134)
        at java.util.concurrent.ThreadPoolExecutor$Worker.run(ThreadPoolExecutor.java:624)
        at java.lang.Thread.run(Thread.java:748)
"Datanode State Machine Thread - 0" daemon prio=5 tid=1860 timed_waiting
java.lang.Thread.State: TIMED_WAITING
        at java.lang.Thread.sleep(Native Method)
        at org.apache.hadoop.ozone.container.common.statemachine.DatanodeStateMachine.start(DatanodeStateMachine.java:191)
        at org.apache.hadoop.ozone.container.common.statemachine.DatanodeStateMachine.lambda$startDaemon$0(DatanodeStateMachine.java:349)
        at org.apache.hadoop.ozone.container.common.statemachine.DatanodeStateMachine$$Lambda$140/53279234.run(Unknown Source)
        at java.lang.Thread.run(Thread.java:748)
"org.eclipse.jetty.server.session.HashSessionManager@7ab6b2b7Timer" daemon prio=5 tid=1831 timed_waiting
java.lang.Thread.State: TIMED_WAITING
        at sun.misc.Unsafe.park(Native Method)
        at java.util.concurrent.locks.LockSupport.parkNanos(LockSupport.java:215)
        at java.util.concurrent.locks.AbstractQueuedSynchronizer$ConditionObject.awaitNanos(AbstractQueuedSynchronizer.java:2078)
        at java.util.concurrent.ScheduledThreadPoolExecutor$DelayedWorkQueue.take(ScheduledThreadPoolExecutor.java:1093)
        at java.util.concurrent.ScheduledThreadPoolExecutor$DelayedWorkQueue.take(ScheduledThreadPoolExecutor.java:809)
        at java.util.concurrent.ThreadPoolExecutor.getTask(ThreadPoolExecutor.java:1074)
        at java.util.concurrent.ThreadPoolExecutor.runWorker(ThreadPoolExecutor.java:1134)
        at java.util.concurrent.ThreadPoolExecutor$Worker.run(ThreadPoolExecutor.java:624)
        at java.lang.Thread.run(Thread.java:748)
"metrics-hadoop-metrics2-reporter-109-thread-1" daemon prio=5 tid=2261 timed_waiting
java.lang.Thread.State: TIMED_WAITING
        at sun.misc.Unsafe.park(Native Method)
        at java.util.concurrent.locks.LockSupport.parkNanos(LockSupport.java:215)
        at java.util.concurrent.locks.AbstractQueuedSynchronizer$ConditionObject.awaitNanos(AbstractQueuedSynchronizer.java:2078)
        at java.util.concurrent.ScheduledThreadPoolExecutor$DelayedWorkQueue.take(ScheduledThreadPoolExecutor.java:1093)
        at java.util.concurrent.ScheduledThreadPoolExecutor$DelayedWorkQueue.take(ScheduledThreadPoolExecutor.java:809)
        at java.util.concurrent.ThreadPoolExecutor.getTask(ThreadPoolExecutor.java:1074)
        at java.util.concurrent.ThreadPoolExecutor.runWorker(ThreadPoolExecutor.java:1134)
        at java.util.concurrent.ThreadPoolExecutor$Worker.run(ThreadPoolExecutor.java:624)
        at java.lang.Thread.run(Thread.java:748)
"IPC Server Responder" daemon prio=5 tid=1659 runnable
java.lang.Thread.State: RUNNABLE
        at sun.nio.ch.EPollArrayWrapper.epollWait(Native Method)
        at sun.nio.ch.EPollArrayWrapper.poll(EPollArrayWrapper.java:269)
        at sun.nio.ch.EPollSelectorImpl.doSelect(EPollSelectorImpl.java:93)
        at sun.nio.ch.SelectorImpl.lockAndDoSelect(SelectorImpl.java:86)
        at sun.nio.ch.SelectorImpl.select(SelectorImpl.java:97)
        at org.apache.hadoop.ipc.Server$Responder.doRunLoop(Server.java:1334)
        at org.apache.hadoop.ipc.Server$Responder.run(Server.java:1317)
"7f29c796-0732-402f-b865-67033766dcba@group-C2BDBBDF155D-SegmentedRaftLogWorker"  prio=5 tid=2255 timed_waiting
java.lang.Thread.State: TIMED_WAITING
        at sun.misc.Unsafe.park(Native Method)
        at java.util.concurrent.locks.LockSupport.parkNanos(LockSupport.java:215)
        at java.util.concurrent.locks.AbstractQueuedSynchronizer$ConditionObject.awaitNanos(AbstractQueuedSynchronizer.java:2078)
        at org.apache.ratis.util.DataBlockingQueue.poll(DataBlockingQueue.java:137)
        at org.apache.ratis.server.raftlog.segmented.SegmentedRaftLogWorker.run(SegmentedRaftLogWorker.java:282)
        at java.lang.Thread.run(Thread.java:748)
"d81605c5-54b3-45a8-b5ae-2e8d8890cbef@group-C2BDBBDF155D-SegmentedRaftLogWorker"  prio=5 tid=2251 timed_waiting
java.lang.Thread.State: TIMED_WAITING
        at sun.misc.Unsafe.park(Native Method)
        at java.util.concurrent.locks.LockSupport.parkNanos(LockSupport.java:215)
        at java.util.concurrent.locks.AbstractQueuedSynchronizer$ConditionObject.awaitNanos(AbstractQueuedSynchronizer.java:2078)
        at org.apache.ratis.util.DataBlockingQueue.poll(DataBlockingQueue.java:137)
        at org.apache.ratis.server.raftlog.segmented.SegmentedRaftLogWorker.run(SegmentedRaftLogWorker.java:282)
        at java.lang.Thread.run(Thread.java:748)
"metrics-hadoop-metrics2-reporter-43-thread-1" daemon prio=5 tid=1019 timed_waiting
java.lang.Thread.State: TIMED_WAITING
        at sun.misc.Unsafe.park(Native Method)
        at java.util.concurrent.locks.LockSupport.parkNanos(LockSupport.java:215)
        at java.util.concurrent.locks.AbstractQueuedSynchronizer$ConditionObject.awaitNanos(AbstractQueuedSynchronizer.java:2078)
        at java.util.concurrent.ScheduledThreadPoolExecutor$DelayedWorkQueue.take(ScheduledThreadPoolExecutor.java:1093)
        at java.util.concurrent.ScheduledThreadPoolExecutor$DelayedWorkQueue.take(ScheduledThreadPoolExecutor.java:809)
        at java.util.concurrent.ThreadPoolExecutor.getTask(ThreadPoolExecutor.java:1074)
        at java.util.concurrent.ThreadPoolExecutor.runWorker(ThreadPoolExecutor.java:1134)
        at java.util.concurrent.ThreadPoolExecutor$Worker.run(ThreadPoolExecutor.java:624)
        at java.lang.Thread.run(Thread.java:748)
"metrics-hadoop-metrics2-reporter-11-thread-1" daemon prio=5 tid=461 timed_waiting
java.lang.Thread.State: TIMED_WAITING
        at sun.misc.Unsafe.park(Native Method)
        at java.util.concurrent.locks.LockSupport.parkNanos(LockSupport.java:215)
        at java.util.concurrent.locks.AbstractQueuedSynchronizer$ConditionObject.awaitNanos(AbstractQueuedSynchronizer.java:2078)
        at java.util.concurrent.ScheduledThreadPoolExecutor$DelayedWorkQueue.take(ScheduledThreadPoolExecutor.java:1093)
        at java.util.concurrent.ScheduledThreadPoolExecutor$DelayedWorkQueue.take(ScheduledThreadPoolExecutor.java:809)
        at java.util.concurrent.ThreadPoolExecutor.getTask(ThreadPoolExecutor.java:1074)
        at java.util.concurrent.ThreadPoolExecutor.runWorker(ThreadPoolExecutor.java:1134)
        at java.util.concurrent.ThreadPoolExecutor$Worker.run(ThreadPoolExecutor.java:624)
        at java.lang.Thread.run(Thread.java:748)
"SCM Heartbeat Processing Thread - 0" daemon prio=5 tid=1655 timed_waiting
java.lang.Thread.State: TIMED_WAITING
        at sun.misc.Unsafe.park(Native Method)
        at java.util.concurrent.locks.LockSupport.parkNanos(LockSupport.java:215)
        at java.util.concurrent.locks.AbstractQueuedSynchronizer$ConditionObject.awaitNanos(AbstractQueuedSynchronizer.java:2078)
        at java.util.concurrent.ScheduledThreadPoolExecutor$DelayedWorkQueue.take(ScheduledThreadPoolExecutor.java:1093)
        at java.util.concurrent.ScheduledThreadPoolExecutor$DelayedWorkQueue.take(ScheduledThreadPoolExecutor.java:809)
        at java.util.concurrent.ThreadPoolExecutor.getTask(ThreadPoolExecutor.java:1074)
        at java.util.concurrent.ThreadPoolExecutor.runWorker(ThreadPoolExecutor.java:1134)
        at java.util.concurrent.ThreadPoolExecutor$Worker.run(ThreadPoolExecutor.java:624)
        at java.lang.Thread.run(Thread.java:748)
"IPC Server listener on 46187" daemon prio=5 tid=1748 runnable
java.lang.Thread.State: RUNNABLE
        at sun.nio.ch.EPollArrayWrapper.epollWait(Native Method)
        at sun.nio.ch.EPollArrayWrapper.poll(EPollArrayWrapper.java:269)
        at sun.nio.ch.EPollSelectorImpl.doSelect(EPollSelectorImpl.java:93)
        at sun.nio.ch.SelectorImpl.lockAndDoSelect(SelectorImpl.java:86)
        at sun.nio.ch.SelectorImpl.select(SelectorImpl.java:97)
        at sun.nio.ch.SelectorImpl.select(SelectorImpl.java:101)
        at org.apache.hadoop.ipc.Server$Listener.run(Server.java:1159)
"IPC Server handler 2 on 33059" daemon prio=5 tid=1673 timed_waiting
java.lang.Thread.State: TIMED_WAITING
        at sun.misc.Unsafe.park(Native Method)
        at java.util.concurrent.locks.LockSupport.parkNanos(LockSupport.java:215)
        at java.util.concurrent.locks.AbstractQueuedSynchronizer$ConditionObject.awaitNanos(AbstractQueuedSynchronizer.java:2078)
        at java.util.concurrent.LinkedBlockingQueue.poll(LinkedBlockingQueue.java:467)
        at org.apache.hadoop.ipc.CallQueueManager.take(CallQueueManager.java:288)
        at org.apache.hadoop.ipc.Server$Handler.run(Server.java:2668)
"pool-186-thread-23"  prio=5 tid=1954 in Object.wait()
java.lang.Thread.State: WAITING (on object monitor)
        at sun.misc.Unsafe.park(Native Method)
        at java.util.concurrent.locks.LockSupport.park(LockSupport.java:175)
        at java.util.concurrent.locks.AbstractQueuedSynchronizer$ConditionObject.await(AbstractQueuedSynchronizer.java:2039)
        at java.util.concurrent.ArrayBlockingQueue.take(ArrayBlockingQueue.java:403)
        at java.util.concurrent.ThreadPoolExecutor.getTask(ThreadPoolExecutor.java:1074)
        at java.util.concurrent.ThreadPoolExecutor.runWorker(ThreadPoolExecutor.java:1134)
        at java.util.concurrent.ThreadPoolExecutor$Worker.run(ThreadPoolExecutor.java:624)
        at java.lang.Thread.run(Thread.java:748)
"qtp1145772033-1734" daemon prio=5 tid=1734 timed_waiting
java.lang.Thread.State: TIMED_WAITING
        at sun.misc.Unsafe.park(Native Method)
        at java.util.concurrent.locks.LockSupport.parkNanos(LockSupport.java:215)
        at java.util.concurrent.locks.AbstractQueuedSynchronizer$ConditionObject.awaitNanos(AbstractQueuedSynchronizer.java:2078)
        at org.eclipse.jetty.util.BlockingArrayQueue.poll(BlockingArrayQueue.java:392)
        at org.eclipse.jetty.util.thread.QueuedThreadPool.idleJobPoll(QueuedThreadPool.java:563)
        at org.eclipse.jetty.util.thread.QueuedThreadPool.access$800(QueuedThreadPool.java:48)
        at org.eclipse.jetty.util.thread.QueuedThreadPool$2.run(QueuedThreadPool.java:626)
        at java.lang.Thread.run(Thread.java:748)
"metrics-hadoop-metrics2-reporter-94-thread-1" daemon prio=5 tid=2100 timed_waiting
java.lang.Thread.State: TIMED_WAITING
        at sun.misc.Unsafe.park(Native Method)
        at java.util.concurrent.locks.LockSupport.parkNanos(LockSupport.java:215)
        at java.util.concurrent.locks.AbstractQueuedSynchronizer$ConditionObject.awaitNanos(AbstractQueuedSynchronizer.java:2078)
        at java.util.concurrent.ScheduledThreadPoolExecutor$DelayedWorkQueue.take(ScheduledThreadPoolExecutor.java:1093)
        at java.util.concurrent.ScheduledThreadPoolExecutor$DelayedWorkQueue.take(ScheduledThreadPoolExecutor.java:809)
        at java.util.concurrent.ThreadPoolExecutor.getTask(ThreadPoolExecutor.java:1074)
        at java.util.concurrent.ThreadPoolExecutor.runWorker(ThreadPoolExecutor.java:1134)
        at java.util.concurrent.ThreadPoolExecutor$Worker.run(ThreadPoolExecutor.java:624)
        at java.lang.Thread.run(Thread.java:748)
"qtp2051361244-1778" daemon prio=5 tid=1778 timed_waiting
java.lang.Thread.State: TIMED_WAITING
        at sun.misc.Unsafe.park(Native Method)
        at java.util.concurrent.locks.LockSupport.parkNanos(LockSupport.java:215)
        at java.util.concurrent.locks.AbstractQueuedSynchronizer$ConditionObject.awaitNanos(AbstractQueuedSynchronizer.java:2078)
        at org.eclipse.jetty.util.BlockingArrayQueue.poll(BlockingArrayQueue.java:392)
        at org.eclipse.jetty.util.thread.QueuedThreadPool.idleJobPoll(QueuedThreadPool.java:563)
        at org.eclipse.jetty.util.thread.QueuedThreadPool.access$800(QueuedThreadPool.java:48)
        at org.eclipse.jetty.util.thread.QueuedThreadPool$2.run(QueuedThreadPool.java:626)
        at java.lang.Thread.run(Thread.java:748)
"Periodic HDDS volume checker"  prio=5 tid=1815 timed_waiting
java.lang.Thread.State: TIMED_WAITING
        at sun.misc.Unsafe.park(Native Method)
        at java.util.concurrent.locks.LockSupport.parkNanos(LockSupport.java:215)
        at java.util.concurrent.locks.AbstractQueuedSynchronizer$ConditionObject.awaitNanos(AbstractQueuedSynchronizer.java:2078)
        at java.util.concurrent.ScheduledThreadPoolExecutor$DelayedWorkQueue.take(ScheduledThreadPoolExecutor.java:1093)
        at java.util.concurrent.ScheduledThreadPoolExecutor$DelayedWorkQueue.take(ScheduledThreadPoolExecutor.java:809)
        at java.util.concurrent.ThreadPoolExecutor.getTask(ThreadPoolExecutor.java:1074)
        at java.util.concurrent.ThreadPoolExecutor.runWorker(ThreadPoolExecutor.java:1134)
        at java.util.concurrent.ThreadPoolExecutor$Worker.run(ThreadPoolExecutor.java:624)
        at java.lang.Thread.run(Thread.java:748)
"metrics-hadoop-metrics2-reporter-99-thread-1" daemon prio=5 tid=2119 timed_waiting
java.lang.Thread.State: TIMED_WAITING
        at sun.misc.Unsafe.park(Native Method)
        at java.util.concurrent.locks.LockSupport.parkNanos(LockSupport.java:215)
        at java.util.concurrent.locks.AbstractQueuedSynchronizer$ConditionObject.awaitNanos(AbstractQueuedSynchronizer.java:2078)
        at java.util.concurrent.ScheduledThreadPoolExecutor$DelayedWorkQueue.take(ScheduledThreadPoolExecutor.java:1093)
        at java.util.concurrent.ScheduledThreadPoolExecutor$DelayedWorkQueue.take(ScheduledThreadPoolExecutor.java:809)
        at java.util.concurrent.ThreadPoolExecutor.getTask(ThreadPoolExecutor.java:1074)
        at java.util.concurrent.ThreadPoolExecutor.runWorker(ThreadPoolExecutor.java:1134)
        at java.util.concurrent.ThreadPoolExecutor$Worker.run(ThreadPoolExecutor.java:624)
        at java.lang.Thread.run(Thread.java:748)
"pool-196-thread-19"  prio=5 tid=2012 in Object.wait()
java.lang.Thread.State: WAITING (on object monitor)
        at sun.misc.Unsafe.park(Native Method)
        at java.util.concurrent.locks.LockSupport.park(LockSupport.java:175)
        at java.util.concurrent.locks.AbstractQueuedSynchronizer$ConditionObject.await(AbstractQueuedSynchronizer.java:2039)
        at java.util.concurrent.ArrayBlockingQueue.take(ArrayBlockingQueue.java:403)
        at java.util.concurrent.ThreadPoolExecutor.getTask(ThreadPoolExecutor.java:1074)
        at java.util.concurrent.ThreadPoolExecutor.runWorker(ThreadPoolExecutor.java:1134)
        at java.util.concurrent.ThreadPoolExecutor$Worker.run(ThreadPoolExecutor.java:624)
        at java.lang.Thread.run(Thread.java:748)
"pool-196-thread-6"  prio=5 tid=1999 in Object.wait()
java.lang.Thread.State: WAITING (on object monitor)
        at sun.misc.Unsafe.park(Native Method)
        at java.util.concurrent.locks.LockSupport.park(LockSupport.java:175)
        at java.util.concurrent.locks.AbstractQueuedSynchronizer$ConditionObject.await(AbstractQueuedSynchronizer.java:2039)
        at java.util.concurrent.ArrayBlockingQueue.take(ArrayBlockingQueue.java:403)
        at java.util.concurrent.ThreadPoolExecutor.getTask(ThreadPoolExecutor.java:1074)
        at java.util.concurrent.ThreadPoolExecutor.runWorker(ThreadPoolExecutor.java:1134)
        at java.util.concurrent.ThreadPoolExecutor$Worker.run(ThreadPoolExecutor.java:624)
        at java.lang.Thread.run(Thread.java:748)
"pool-176-thread-28"  prio=5 tid=1896 in Object.wait()
java.lang.Thread.State: WAITING (on object monitor)
        at sun.misc.Unsafe.park(Native Method)
        at java.util.concurrent.locks.LockSupport.park(LockSupport.java:175)
        at java.util.concurrent.locks.AbstractQueuedSynchronizer$ConditionObject.await(AbstractQueuedSynchronizer.java:2039)
        at java.util.concurrent.ArrayBlockingQueue.take(ArrayBlockingQueue.java:403)
        at java.util.concurrent.ThreadPoolExecutor.getTask(ThreadPoolExecutor.java:1074)
        at java.util.concurrent.ThreadPoolExecutor.runWorker(ThreadPoolExecutor.java:1134)
        at java.util.concurrent.ThreadPoolExecutor$Worker.run(ThreadPoolExecutor.java:624)
        at java.lang.Thread.run(Thread.java:748)
"pool-176-thread-22"  prio=5 tid=1890 in Object.wait()
java.lang.Thread.State: WAITING (on object monitor)
        at sun.misc.Unsafe.park(Native Method)
        at java.util.concurrent.locks.LockSupport.park(LockSupport.java:175)
        at java.util.concurrent.locks.AbstractQueuedSynchronizer$ConditionObject.await(AbstractQueuedSynchronizer.java:2039)
        at java.util.concurrent.ArrayBlockingQueue.take(ArrayBlockingQueue.java:403)
        at java.util.concurrent.ThreadPoolExecutor.getTask(ThreadPoolExecutor.java:1074)
        at java.util.concurrent.ThreadPoolExecutor.runWorker(ThreadPoolExecutor.java:1134)
        at java.util.concurrent.ThreadPoolExecutor$Worker.run(ThreadPoolExecutor.java:624)
        at java.lang.Thread.run(Thread.java:748)
"pool-186-thread-49"  prio=5 tid=1980 in Object.wait()
java.lang.Thread.State: WAITING (on object monitor)
        at sun.misc.Unsafe.park(Native Method)
        at java.util.concurrent.locks.LockSupport.park(LockSupport.java:175)
        at java.util.concurrent.locks.AbstractQueuedSynchronizer$ConditionObject.await(AbstractQueuedSynchronizer.java:2039)
        at java.util.concurrent.ArrayBlockingQueue.take(ArrayBlockingQueue.java:403)
        at java.util.concurrent.ThreadPoolExecutor.getTask(ThreadPoolExecutor.java:1074)
        at java.util.concurrent.ThreadPoolExecutor.runWorker(ThreadPoolExecutor.java:1134)
        at java.util.concurrent.ThreadPoolExecutor$Worker.run(ThreadPoolExecutor.java:624)
        at java.lang.Thread.run(Thread.java:748)
"metrics-hadoop-metrics2-reporter-35-thread-1" daemon prio=5 tid=990 timed_waiting
java.lang.Thread.State: TIMED_WAITING
        at sun.misc.Unsafe.park(Native Method)
        at java.util.concurrent.locks.LockSupport.parkNanos(LockSupport.java:215)
        at java.util.concurrent.locks.AbstractQueuedSynchronizer$ConditionObject.awaitNanos(AbstractQueuedSynchronizer.java:2078)
        at java.util.concurrent.ScheduledThreadPoolExecutor$DelayedWorkQueue.take(ScheduledThreadPoolExecutor.java:1093)
        at java.util.concurrent.ScheduledThreadPoolExecutor$DelayedWorkQueue.take(ScheduledThreadPoolExecutor.java:809)
        at java.util.concurrent.ThreadPoolExecutor.getTask(ThreadPoolExecutor.java:1074)
        at java.util.concurrent.ThreadPoolExecutor.runWorker(ThreadPoolExecutor.java:1134)
        at java.util.concurrent.ThreadPoolExecutor$Worker.run(ThreadPoolExecutor.java:624)
        at java.lang.Thread.run(Thread.java:748)
"pool-196-thread-43"  prio=5 tid=2036 in Object.wait()
java.lang.Thread.State: WAITING (on object monitor)
        at sun.misc.Unsafe.park(Native Method)
        at java.util.concurrent.locks.LockSupport.park(LockSupport.java:175)
        at java.util.concurrent.locks.AbstractQueuedSynchronizer$ConditionObject.await(AbstractQueuedSynchronizer.java:2039)
        at java.util.concurrent.ArrayBlockingQueue.take(ArrayBlockingQueue.java:403)
        at java.util.concurrent.ThreadPoolExecutor.getTask(ThreadPoolExecutor.java:1074)
        at java.util.concurrent.ThreadPoolExecutor.runWorker(ThreadPoolExecutor.java:1134)
        at java.util.concurrent.ThreadPoolExecutor$Worker.run(ThreadPoolExecutor.java:624)
        at java.lang.Thread.run(Thread.java:748)
"IPC Server handler 18 on 41111" daemon prio=5 tid=1729 timed_waiting
java.lang.Thread.State: TIMED_WAITING
        at sun.misc.Unsafe.park(Native Method)
        at java.util.concurrent.locks.LockSupport.parkNanos(LockSupport.java:215)
        at java.util.concurrent.locks.AbstractQueuedSynchronizer$ConditionObject.awaitNanos(AbstractQueuedSynchronizer.java:2078)
        at java.util.concurrent.LinkedBlockingQueue.poll(LinkedBlockingQueue.java:467)
        at org.apache.hadoop.ipc.CallQueueManager.take(CallQueueManager.java:288)
        at org.apache.hadoop.ipc.Server$Handler.run(Server.java:2668)
"pool-186-thread-3"  prio=5 tid=1934 in Object.wait()
java.lang.Thread.State: WAITING (on object monitor)
        at sun.misc.Unsafe.park(Native Method)
        at java.util.concurrent.locks.LockSupport.park(LockSupport.java:175)
        at java.util.concurrent.locks.AbstractQueuedSynchronizer$ConditionObject.await(AbstractQueuedSynchronizer.java:2039)
        at java.util.concurrent.ArrayBlockingQueue.take(ArrayBlockingQueue.java:403)
        at java.util.concurrent.ThreadPoolExecutor.getTask(ThreadPoolExecutor.java:1074)
        at java.util.concurrent.ThreadPoolExecutor.runWorker(ThreadPoolExecutor.java:1134)
        at java.util.concurrent.ThreadPoolExecutor$Worker.run(ThreadPoolExecutor.java:624)
        at java.lang.Thread.run(Thread.java:748)
"IPC Server idle connection scanner for port 41111" daemon prio=5 tid=1658 timed_waiting
java.lang.Thread.State: TIMED_WAITING
        at java.lang.Object.wait(Native Method)
        at java.util.TimerThread.mainLoop(Timer.java:552)
        at java.util.TimerThread.run(Timer.java:505)
"metrics-hadoop-metrics2-reporter-80-thread-1" daemon prio=5 tid=1628 timed_waiting
java.lang.Thread.State: TIMED_WAITING
        at sun.misc.Unsafe.park(Native Method)
        at java.util.concurrent.locks.LockSupport.parkNanos(LockSupport.java:215)
        at java.util.concurrent.locks.AbstractQueuedSynchronizer$ConditionObject.awaitNanos(AbstractQueuedSynchronizer.java:2078)
        at java.util.concurrent.ScheduledThreadPoolExecutor$DelayedWorkQueue.take(ScheduledThreadPoolExecutor.java:1093)
        at java.util.concurrent.ScheduledThreadPoolExecutor$DelayedWorkQueue.take(ScheduledThreadPoolExecutor.java:809)
        at java.util.concurrent.ThreadPoolExecutor.getTask(ThreadPoolExecutor.java:1074)
        at java.util.concurrent.ThreadPoolExecutor.runWorker(ThreadPoolExecutor.java:1134)
        at java.util.concurrent.ThreadPoolExecutor$Worker.run(ThreadPoolExecutor.java:624)
        at java.lang.Thread.run(Thread.java:748)
"IPC Server handler 8 on 33059" daemon prio=5 tid=1679 timed_waiting
java.lang.Thread.State: TIMED_WAITING
        at sun.misc.Unsafe.park(Native Method)
        at java.util.concurrent.locks.LockSupport.parkNanos(LockSupport.java:215)
        at java.util.concurrent.locks.AbstractQueuedSynchronizer$ConditionObject.awaitNanos(AbstractQueuedSynchronizer.java:2078)
        at java.util.concurrent.LinkedBlockingQueue.poll(LinkedBlockingQueue.java:467)
        at org.apache.hadoop.ipc.CallQueueManager.take(CallQueueManager.java:288)
        at org.apache.hadoop.ipc.Server$Handler.run(Server.java:2668)
"Datanode ReportManager Thread - 1" daemon prio=5 tid=1238 in Object.wait()
java.lang.Thread.State: WAITING (on object monitor)
        at sun.misc.Unsafe.park(Native Method)
        at java.util.concurrent.locks.LockSupport.park(LockSupport.java:175)
        at java.util.concurrent.locks.AbstractQueuedSynchronizer$ConditionObject.await(AbstractQueuedSynchronizer.java:2039)
        at java.util.concurrent.ScheduledThreadPoolExecutor$DelayedWorkQueue.take(ScheduledThreadPoolExecutor.java:1088)
        at java.util.concurrent.ScheduledThreadPoolExecutor$DelayedWorkQueue.take(ScheduledThreadPoolExecutor.java:809)
        at java.util.concurrent.ThreadPoolExecutor.getTask(ThreadPoolExecutor.java:1074)
        at java.util.concurrent.ThreadPoolExecutor.runWorker(ThreadPoolExecutor.java:1134)
        at java.util.concurrent.ThreadPoolExecutor$Worker.run(ThreadPoolExecutor.java:624)
        at java.lang.Thread.run(Thread.java:748)
"metrics-hadoop-metrics2-reporter-19-thread-1" daemon prio=5 tid=486 timed_waiting
java.lang.Thread.State: TIMED_WAITING
        at sun.misc.Unsafe.park(Native Method)
        at java.util.concurrent.locks.LockSupport.parkNanos(LockSupport.java:215)
        at java.util.concurrent.locks.AbstractQueuedSynchronizer$ConditionObject.awaitNanos(AbstractQueuedSynchronizer.java:2078)
        at java.util.concurrent.ScheduledThreadPoolExecutor$DelayedWorkQueue.take(ScheduledThreadPoolExecutor.java:1093)
        at java.util.concurrent.ScheduledThreadPoolExecutor$DelayedWorkQueue.take(ScheduledThreadPoolExecutor.java:809)
        at java.util.concurrent.ThreadPoolExecutor.getTask(ThreadPoolExecutor.java:1074)
        at java.util.concurrent.ThreadPoolExecutor.runWorker(ThreadPoolExecutor.java:1134)
        at java.util.concurrent.ThreadPoolExecutor$Worker.run(ThreadPoolExecutor.java:624)
        at java.lang.Thread.run(Thread.java:748)
"pool-186-thread-59"  prio=5 tid=1990 in Object.wait()
java.lang.Thread.State: WAITING (on object monitor)
        at sun.misc.Unsafe.park(Native Method)
        at java.util.concurrent.locks.LockSupport.park(LockSupport.java:175)
        at java.util.concurrent.locks.AbstractQueuedSynchronizer$ConditionObject.await(AbstractQueuedSynchronizer.java:2039)
        at java.util.concurrent.ArrayBlockingQueue.take(ArrayBlockingQueue.java:403)
        at java.util.concurrent.ThreadPoolExecutor.getTask(ThreadPoolExecutor.java:1074)
        at java.util.concurrent.ThreadPoolExecutor.runWorker(ThreadPoolExecutor.java:1134)
        at java.util.concurrent.ThreadPoolExecutor$Worker.run(ThreadPoolExecutor.java:624)
        at java.lang.Thread.run(Thread.java:748)
"metrics-hadoop-metrics2-reporter-68-thread-1" daemon prio=5 tid=1532 timed_waiting
java.lang.Thread.State: TIMED_WAITING
        at sun.misc.Unsafe.park(Native Method)
        at java.util.concurrent.locks.LockSupport.parkNanos(LockSupport.java:215)
        at java.util.concurrent.locks.AbstractQueuedSynchronizer$ConditionObject.awaitNanos(AbstractQueuedSynchronizer.java:2078)
        at java.util.concurrent.ScheduledThreadPoolExecutor$DelayedWorkQueue.take(ScheduledThreadPoolExecutor.java:1093)
        at java.util.concurrent.ScheduledThreadPoolExecutor$DelayedWorkQueue.take(ScheduledThreadPoolExecutor.java:809)
        at java.util.concurrent.ThreadPoolExecutor.getTask(ThreadPoolExecutor.java:1074)
        at java.util.concurrent.ThreadPoolExecutor.runWorker(ThreadPoolExecutor.java:1134)
        at java.util.concurrent.ThreadPoolExecutor$Worker.run(ThreadPoolExecutor.java:624)
        at java.lang.Thread.run(Thread.java:748)
"pool-196-thread-50"  prio=5 tid=2043 in Object.wait()
java.lang.Thread.State: WAITING (on object monitor)
        at sun.misc.Unsafe.park(Native Method)
        at java.util.concurrent.locks.LockSupport.park(LockSupport.java:175)
        at java.util.concurrent.locks.AbstractQueuedSynchronizer$ConditionObject.await(AbstractQueuedSynchronizer.java:2039)
        at java.util.concurrent.ArrayBlockingQueue.take(ArrayBlockingQueue.java:403)
        at java.util.concurrent.ThreadPoolExecutor.getTask(ThreadPoolExecutor.java:1074)
        at java.util.concurrent.ThreadPoolExecutor.runWorker(ThreadPoolExecutor.java:1134)
        at java.util.concurrent.ThreadPoolExecutor$Worker.run(ThreadPoolExecutor.java:624)
        at java.lang.Thread.run(Thread.java:748)
"pool-196-thread-49"  prio=5 tid=2042 in Object.wait()
java.lang.Thread.State: WAITING (on object monitor)
        at sun.misc.Unsafe.park(Native Method)
        at java.util.concurrent.locks.LockSupport.park(LockSupport.java:175)
        at java.util.concurrent.locks.AbstractQueuedSynchronizer$ConditionObject.await(AbstractQueuedSynchronizer.java:2039)
        at java.util.concurrent.ArrayBlockingQueue.take(ArrayBlockingQueue.java:403)
        at java.util.concurrent.ThreadPoolExecutor.getTask(ThreadPoolExecutor.java:1074)
        at java.util.concurrent.ThreadPoolExecutor.runWorker(ThreadPoolExecutor.java:1134)
        at java.util.concurrent.ThreadPoolExecutor$Worker.run(ThreadPoolExecutor.java:624)
        at java.lang.Thread.run(Thread.java:748)
"pool-186-thread-50"  prio=5 tid=1981 in Object.wait()
java.lang.Thread.State: WAITING (on object monitor)
        at sun.misc.Unsafe.park(Native Method)
        at java.util.concurrent.locks.LockSupport.park(LockSupport.java:175)
        at java.util.concurrent.locks.AbstractQueuedSynchronizer$ConditionObject.await(AbstractQueuedSynchronizer.java:2039)
        at java.util.concurrent.ArrayBlockingQueue.take(ArrayBlockingQueue.java:403)
        at java.util.concurrent.ThreadPoolExecutor.getTask(ThreadPoolExecutor.java:1074)
        at java.util.concurrent.ThreadPoolExecutor.runWorker(ThreadPoolExecutor.java:1134)
        at java.util.concurrent.ThreadPoolExecutor$Worker.run(ThreadPoolExecutor.java:624)
        at java.lang.Thread.run(Thread.java:748)
"pool-186-thread-33"  prio=5 tid=1964 in Object.wait()
java.lang.Thread.State: WAITING (on object monitor)
        at sun.misc.Unsafe.park(Native Method)
        at java.util.concurrent.locks.LockSupport.park(LockSupport.java:175)
        at java.util.concurrent.locks.AbstractQueuedSynchronizer$ConditionObject.await(AbstractQueuedSynchronizer.java:2039)
        at java.util.concurrent.ArrayBlockingQueue.take(ArrayBlockingQueue.java:403)
        at java.util.concurrent.ThreadPoolExecutor.getTask(ThreadPoolExecutor.java:1074)
        at java.util.concurrent.ThreadPoolExecutor.runWorker(ThreadPoolExecutor.java:1134)
        at java.util.concurrent.ThreadPoolExecutor$Worker.run(ThreadPoolExecutor.java:624)
        at java.lang.Thread.run(Thread.java:748)
"metrics-hadoop-metrics2-reporter-95-thread-1" daemon prio=5 tid=2108 timed_waiting
java.lang.Thread.State: TIMED_WAITING
        at sun.misc.Unsafe.park(Native Method)
        at java.util.concurrent.locks.LockSupport.parkNanos(LockSupport.java:215)
        at java.util.concurrent.locks.AbstractQueuedSynchronizer$ConditionObject.awaitNanos(AbstractQueuedSynchronizer.java:2078)
        at java.util.concurrent.ScheduledThreadPoolExecutor$DelayedWorkQueue.take(ScheduledThreadPoolExecutor.java:1093)
        at java.util.concurrent.ScheduledThreadPoolExecutor$DelayedWorkQueue.take(ScheduledThreadPoolExecutor.java:809)
        at java.util.concurrent.ThreadPoolExecutor.getTask(ThreadPoolExecutor.java:1074)
        at java.util.concurrent.ThreadPoolExecutor.runWorker(ThreadPoolExecutor.java:1134)
        at java.util.concurrent.ThreadPoolExecutor$Worker.run(ThreadPoolExecutor.java:624)
        at java.lang.Thread.run(Thread.java:748)
"PartialTableCache Cleanup Thread - 0" daemon prio=5 tid=1070 in Object.wait()
java.lang.Thread.State: WAITING (on object monitor)
        at sun.misc.Unsafe.park(Native Method)
        at java.util.concurrent.locks.LockSupport.park(LockSupport.java:175)
        at java.util.concurrent.locks.AbstractQueuedSynchronizer$ConditionObject.await(AbstractQueuedSynchronizer.java:2039)
        at java.util.concurrent.LinkedBlockingQueue.take(LinkedBlockingQueue.java:442)
        at java.util.concurrent.ThreadPoolExecutor.getTask(ThreadPoolExecutor.java:1074)
        at java.util.concurrent.ThreadPoolExecutor.runWorker(ThreadPoolExecutor.java:1134)
        at java.util.concurrent.ThreadPoolExecutor$Worker.run(ThreadPoolExecutor.java:624)
        at java.lang.Thread.run(Thread.java:748)
"pool-196-thread-16"  prio=5 tid=2009 in Object.wait()
java.lang.Thread.State: WAITING (on object monitor)
        at sun.misc.Unsafe.park(Native Method)
        at java.util.concurrent.locks.LockSupport.park(LockSupport.java:175)
        at java.util.concurrent.locks.AbstractQueuedSynchronizer$ConditionObject.await(AbstractQueuedSynchronizer.java:2039)
        at java.util.concurrent.ArrayBlockingQueue.take(ArrayBlockingQueue.java:403)
        at java.util.concurrent.ThreadPoolExecutor.getTask(ThreadPoolExecutor.java:1074)
        at java.util.concurrent.ThreadPoolExecutor.runWorker(ThreadPoolExecutor.java:1134)
        at java.util.concurrent.ThreadPoolExecutor$Worker.run(ThreadPoolExecutor.java:624)
        at java.lang.Thread.run(Thread.java:748)
"pool-186-thread-40"  prio=5 tid=1971 in Object.wait()
java.lang.Thread.State: WAITING (on object monitor)
        at sun.misc.Unsafe.park(Native Method)
        at java.util.concurrent.locks.LockSupport.park(LockSupport.java:175)
        at java.util.concurrent.locks.AbstractQueuedSynchronizer$ConditionObject.await(AbstractQueuedSynchronizer.java:2039)
        at java.util.concurrent.ArrayBlockingQueue.take(ArrayBlockingQueue.java:403)
        at java.util.concurrent.ThreadPoolExecutor.getTask(ThreadPoolExecutor.java:1074)
        at java.util.concurrent.ThreadPoolExecutor.runWorker(ThreadPoolExecutor.java:1134)
        at java.util.concurrent.ThreadPoolExecutor$Worker.run(ThreadPoolExecutor.java:624)
        at java.lang.Thread.run(Thread.java:748)
"metrics-hadoop-metrics2-reporter-103-thread-1" daemon prio=5 tid=2136 timed_waiting
java.lang.Thread.State: TIMED_WAITING
        at sun.misc.Unsafe.park(Native Method)
        at java.util.concurrent.locks.LockSupport.parkNanos(LockSupport.java:215)
        at java.util.concurrent.locks.AbstractQueuedSynchronizer$ConditionObject.awaitNanos(AbstractQueuedSynchronizer.java:2078)
        at java.util.concurrent.ScheduledThreadPoolExecutor$DelayedWorkQueue.take(ScheduledThreadPoolExecutor.java:1093)
        at java.util.concurrent.ScheduledThreadPoolExecutor$DelayedWorkQueue.take(ScheduledThreadPoolExecutor.java:809)
        at java.util.concurrent.ThreadPoolExecutor.getTask(ThreadPoolExecutor.java:1074)
        at java.util.concurrent.ThreadPoolExecutor.runWorker(ThreadPoolExecutor.java:1134)
        at java.util.concurrent.ThreadPoolExecutor$Worker.run(ThreadPoolExecutor.java:624)
        at java.lang.Thread.run(Thread.java:748)
"pool-176-thread-27"  prio=5 tid=1895 in Object.wait()
java.lang.Thread.State: WAITING (on object monitor)
        at sun.misc.Unsafe.park(Native Method)
        at java.util.concurrent.locks.LockSupport.park(LockSupport.java:175)
        at java.util.concurrent.locks.AbstractQueuedSynchronizer$ConditionObject.await(AbstractQueuedSynchronizer.java:2039)
        at java.util.concurrent.ArrayBlockingQueue.take(ArrayBlockingQueue.java:403)
        at java.util.concurrent.ThreadPoolExecutor.getTask(ThreadPoolExecutor.java:1074)
        at java.util.concurrent.ThreadPoolExecutor.runWorker(ThreadPoolExecutor.java:1134)
        at java.util.concurrent.ThreadPoolExecutor$Worker.run(ThreadPoolExecutor.java:624)
        at java.lang.Thread.run(Thread.java:748)
"pool-186-thread-45"  prio=5 tid=1976 in Object.wait()
java.lang.Thread.State: WAITING (on object monitor)
        at sun.misc.Unsafe.park(Native Method)
        at java.util.concurrent.locks.LockSupport.park(LockSupport.java:175)
        at java.util.concurrent.locks.AbstractQueuedSynchronizer$ConditionObject.await(AbstractQueuedSynchronizer.java:2039)
        at java.util.concurrent.ArrayBlockingQueue.take(ArrayBlockingQueue.java:403)
        at java.util.concurrent.ThreadPoolExecutor.getTask(ThreadPoolExecutor.java:1074)
        at java.util.concurrent.ThreadPoolExecutor.runWorker(ThreadPoolExecutor.java:1134)
        at java.util.concurrent.ThreadPoolExecutor$Worker.run(ThreadPoolExecutor.java:624)
        at java.lang.Thread.run(Thread.java:748)
"IPC Server handler 12 on 41111" daemon prio=5 tid=1723 timed_waiting
java.lang.Thread.State: TIMED_WAITING
        at sun.misc.Unsafe.park(Native Method)
        at java.util.concurrent.locks.LockSupport.parkNanos(LockSupport.java:215)
        at java.util.concurrent.locks.AbstractQueuedSynchronizer$ConditionObject.awaitNanos(AbstractQueuedSynchronizer.java:2078)
        at java.util.concurrent.LinkedBlockingQueue.poll(LinkedBlockingQueue.java:467)
        at org.apache.hadoop.ipc.CallQueueManager.take(CallQueueManager.java:288)
        at org.apache.hadoop.ipc.Server$Handler.run(Server.java:2668)
"qtp1314460166-1825" daemon prio=5 tid=1825 timed_waiting
java.lang.Thread.State: TIMED_WAITING
        at sun.misc.Unsafe.park(Native Method)
        at java.util.concurrent.locks.LockSupport.parkNanos(LockSupport.java:215)
        at java.util.concurrent.locks.AbstractQueuedSynchronizer$ConditionObject.awaitNanos(AbstractQueuedSynchronizer.java:2078)
        at org.eclipse.jetty.util.BlockingArrayQueue.poll(BlockingArrayQueue.java:392)
        at org.eclipse.jetty.util.thread.QueuedThreadPool.idleJobPoll(QueuedThreadPool.java:563)
        at org.eclipse.jetty.util.thread.QueuedThreadPool.access$800(QueuedThreadPool.java:48)
        at org.eclipse.jetty.util.thread.QueuedThreadPool$2.run(QueuedThreadPool.java:626)
        at java.lang.Thread.run(Thread.java:748)
"Datanode ReportManager Thread - 3" daemon prio=5 tid=1864 timed_waiting
java.lang.Thread.State: TIMED_WAITING
        at sun.misc.Unsafe.park(Native Method)
        at java.util.concurrent.locks.LockSupport.parkNanos(LockSupport.java:215)
        at java.util.concurrent.locks.AbstractQueuedSynchronizer$ConditionObject.awaitNanos(AbstractQueuedSynchronizer.java:2078)
        at java.util.concurrent.ScheduledThreadPoolExecutor$DelayedWorkQueue.take(ScheduledThreadPoolExecutor.java:1093)
        at java.util.concurrent.ScheduledThreadPoolExecutor$DelayedWorkQueue.take(ScheduledThreadPoolExecutor.java:809)
        at java.util.concurrent.ThreadPoolExecutor.getTask(ThreadPoolExecutor.java:1074)
        at java.util.concurrent.ThreadPoolExecutor.runWorker(ThreadPoolExecutor.java:1134)
        at java.util.concurrent.ThreadPoolExecutor$Worker.run(ThreadPoolExecutor.java:624)
        at java.lang.Thread.run(Thread.java:748)
"Datanode ReportManager Thread - 0" daemon prio=5 tid=763 timed_waiting
java.lang.Thread.State: TIMED_WAITING
        at sun.misc.Unsafe.park(Native Method)
        at java.util.concurrent.locks.LockSupport.parkNanos(LockSupport.java:215)
        at java.util.concurrent.locks.AbstractQueuedSynchronizer$ConditionObject.awaitNanos(AbstractQueuedSynchronizer.java:2078)
        at java.util.concurrent.ScheduledThreadPoolExecutor$DelayedWorkQueue.take(ScheduledThreadPoolExecutor.java:1093)
        at java.util.concurrent.ScheduledThreadPoolExecutor$DelayedWorkQueue.take(ScheduledThreadPoolExecutor.java:809)
        at java.util.concurrent.ThreadPoolExecutor.getTask(ThreadPoolExecutor.java:1074)
        at java.util.concurrent.ThreadPoolExecutor.runWorker(ThreadPoolExecutor.java:1134)
        at java.util.concurrent.ThreadPoolExecutor$Worker.run(ThreadPoolExecutor.java:624)
        at java.lang.Thread.run(Thread.java:748)
"metrics-hadoop-metrics2-reporter-29-thread-1" daemon prio=5 tid=976 timed_waiting
java.lang.Thread.State: TIMED_WAITING
        at sun.misc.Unsafe.park(Native Method)
        at java.util.concurrent.locks.LockSupport.parkNanos(LockSupport.java:215)
        at java.util.concurrent.locks.AbstractQueuedSynchronizer$ConditionObject.awaitNanos(AbstractQueuedSynchronizer.java:2078)
        at java.util.concurrent.ScheduledThreadPoolExecutor$DelayedWorkQueue.take(ScheduledThreadPoolExecutor.java:1093)
        at java.util.concurrent.ScheduledThreadPoolExecutor$DelayedWorkQueue.take(ScheduledThreadPoolExecutor.java:809)
        at java.util.concurrent.ThreadPoolExecutor.getTask(ThreadPoolExecutor.java:1074)
        at java.util.concurrent.ThreadPoolExecutor.runWorker(ThreadPoolExecutor.java:1134)
        at java.util.concurrent.ThreadPoolExecutor$Worker.run(ThreadPoolExecutor.java:624)
        at java.lang.Thread.run(Thread.java:748)
"EventQueue-NodeRegistrationContainerReportForDataNodeSafeModeRule" daemon prio=5 tid=2059 in Object.wait()
java.lang.Thread.State: WAITING (on object monitor)
        at sun.misc.Unsafe.park(Native Method)
        at java.util.concurrent.locks.LockSupport.park(LockSupport.java:175)
        at java.util.concurrent.locks.AbstractQueuedSynchronizer$ConditionObject.await(AbstractQueuedSynchronizer.java:2039)
        at java.util.concurrent.LinkedBlockingQueue.take(LinkedBlockingQueue.java:442)
        at java.util.concurrent.ThreadPoolExecutor.getTask(ThreadPoolExecutor.java:1074)
        at java.util.concurrent.ThreadPoolExecutor.runWorker(ThreadPoolExecutor.java:1134)
        at java.util.concurrent.ThreadPoolExecutor$Worker.run(ThreadPoolExecutor.java:624)
        at java.lang.Thread.run(Thread.java:748)
"main"  prio=5 tid=1 timed_waiting
java.lang.Thread.State: TIMED_WAITING
        at java.lang.Object.wait(Native Method)
        at java.lang.Thread.join(Thread.java:1260)
        at org.junit.internal.runners.statements.FailOnTimeout.evaluateStatement(FailOnTimeout.java:26)
        at org.junit.internal.runners.statements.FailOnTimeout.evaluate(FailOnTimeout.java:17)
        at org.junit.rules.RunRules.evaluate(RunRules.java:20)
        at org.junit.runners.ParentRunner.runLeaf(ParentRunner.java:271)
        at org.junit.runners.BlockJUnit4ClassRunner.runChild(BlockJUnit4ClassRunner.java:70)
        at org.junit.runners.BlockJUnit4ClassRunner.runChild(BlockJUnit4ClassRunner.java:50)
        at org.junit.runners.ParentRunner$3.run(ParentRunner.java:238)
        at org.junit.runners.ParentRunner$1.schedule(ParentRunner.java:63)
        at org.junit.runners.ParentRunner.runChildren(ParentRunner.java:236)
        at org.junit.runners.ParentRunner.access$000(ParentRunner.java:53)
        at org.junit.runners.ParentRunner$2.evaluate(ParentRunner.java:229)
        at org.junit.runners.ParentRunner.run(ParentRunner.java:309)
        at org.apache.maven.surefire.junit4.JUnit4Provider.execute(JUnit4Provider.java:365)
        at org.apache.maven.surefire.junit4.JUnit4Provider.executeWithRerun(JUnit4Provider.java:273)
        at org.apache.maven.surefire.junit4.JUnit4Provider.executeTestSet(JUnit4Provider.java:238)
        at org.apache.maven.surefire.junit4.JUnit4Provider.invoke(JUnit4Provider.java:159)
        at org.apache.maven.surefire.booter.ForkedBooter.invokeProviderInSameClassLoader(ForkedBooter.java:384)
        at org.apache.maven.surefire.booter.ForkedBooter.runSuitesInProcess(ForkedBooter.java:345)
        at org.apache.maven.surefire.booter.ForkedBooter.execute(ForkedBooter.java:126)
        at org.apache.maven.surefire.booter.ForkedBooter.main(ForkedBooter.java:418)
"c07977b7-c8ef-4f3c-80b1-66a07c6e3dcd@group-2095AA24612E-StateMachineUpdater" daemon prio=5 tid=2086 in Object.wait()
java.lang.Thread.State: WAITING (on object monitor)
        at java.lang.Object.wait(Native Method)
        at java.lang.Object.wait(Object.java:502)
        at org.apache.ratis.server.impl.StateMachineUpdater.waitForCommit(StateMachineUpdater.java:194)
        at org.apache.ratis.server.impl.StateMachineUpdater.run(StateMachineUpdater.java:159)
        at java.lang.Thread.run(Thread.java:748)
"pool-176-thread-19"  prio=5 tid=1887 in Object.wait()
java.lang.Thread.State: WAITING (on object monitor)
        at sun.misc.Unsafe.park(Native Method)
        at java.util.concurrent.locks.LockSupport.park(LockSupport.java:175)
        at java.util.concurrent.locks.AbstractQueuedSynchronizer$ConditionObject.await(AbstractQueuedSynchronizer.java:2039)
        at java.util.concurrent.ArrayBlockingQueue.take(ArrayBlockingQueue.java:403)
        at java.util.concurrent.ThreadPoolExecutor.getTask(ThreadPoolExecutor.java:1074)
        at java.util.concurrent.ThreadPoolExecutor.runWorker(ThreadPoolExecutor.java:1134)
        at java.util.concurrent.ThreadPoolExecutor$Worker.run(ThreadPoolExecutor.java:624)
        at java.lang.Thread.run(Thread.java:748)
"qtp915734066-1799" daemon prio=5 tid=1799 timed_waiting
java.lang.Thread.State: TIMED_WAITING
        at sun.misc.Unsafe.park(Native Method)
        at java.util.concurrent.locks.LockSupport.parkNanos(LockSupport.java:215)
        at java.util.concurrent.locks.AbstractQueuedSynchronizer$ConditionObject.awaitNanos(AbstractQueuedSynchronizer.java:2078)
        at org.eclipse.jetty.util.BlockingArrayQueue.poll(BlockingArrayQueue.java:392)
        at org.eclipse.jetty.util.thread.QueuedThreadPool.idleJobPoll(QueuedThreadPool.java:563)
        at org.eclipse.jetty.util.thread.QueuedThreadPool.access$800(QueuedThreadPool.java:48)
        at org.eclipse.jetty.util.thread.QueuedThreadPool$2.run(QueuedThreadPool.java:626)
        at java.lang.Thread.run(Thread.java:748)
"IPC Server handler 3 on 46187" daemon prio=5 tid=1757 timed_waiting
java.lang.Thread.State: TIMED_WAITING
        at sun.misc.Unsafe.park(Native Method)
        at java.util.concurrent.locks.LockSupport.parkNanos(LockSupport.java:215)
        at java.util.concurrent.locks.AbstractQueuedSynchronizer$ConditionObject.awaitNanos(AbstractQueuedSynchronizer.java:2078)
        at java.util.concurrent.LinkedBlockingQueue.poll(LinkedBlockingQueue.java:467)
        at org.apache.hadoop.ipc.CallQueueManager.take(CallQueueManager.java:288)
        at org.apache.hadoop.ipc.Server$Handler.run(Server.java:2668)
"org.apache.hadoop.util.JvmPauseMonitor$Monitor@2f8aa5a3" daemon prio=5 tid=1744 timed_waiting
java.lang.Thread.State: TIMED_WAITING
        at java.lang.Thread.sleep(Native Method)
        at org.apache.hadoop.util.JvmPauseMonitor$Monitor.run(JvmPauseMonitor.java:192)
        at java.lang.Thread.run(Thread.java:748)
"Datanode ReportManager Thread - 0" daemon prio=5 tid=1834 in Object.wait()
java.lang.Thread.State: WAITING (on object monitor)
        at sun.misc.Unsafe.park(Native Method)
        at java.util.concurrent.locks.LockSupport.park(LockSupport.java:175)
        at java.util.concurrent.locks.AbstractQueuedSynchronizer$ConditionObject.await(AbstractQueuedSynchronizer.java:2039)
        at java.util.concurrent.ScheduledThreadPoolExecutor$DelayedWorkQueue.take(ScheduledThreadPoolExecutor.java:1088)
        at java.util.concurrent.ScheduledThreadPoolExecutor$DelayedWorkQueue.take(ScheduledThreadPoolExecutor.java:809)
        at java.util.concurrent.ThreadPoolExecutor.getTask(ThreadPoolExecutor.java:1074)
        at java.util.concurrent.ThreadPoolExecutor.runWorker(ThreadPoolExecutor.java:1134)
        at java.util.concurrent.ThreadPoolExecutor$Worker.run(ThreadPoolExecutor.java:624)
        at java.lang.Thread.run(Thread.java:748)
"IPC Server handler 12 on 33059" daemon prio=5 tid=1683 timed_waiting
java.lang.Thread.State: TIMED_WAITING
        at sun.misc.Unsafe.park(Native Method)
        at java.util.concurrent.locks.LockSupport.parkNanos(LockSupport.java:215)
        at java.util.concurrent.locks.AbstractQueuedSynchronizer$ConditionObject.awaitNanos(AbstractQueuedSynchronizer.java:2078)
        at java.util.concurrent.LinkedBlockingQueue.poll(LinkedBlockingQueue.java:467)
        at org.apache.hadoop.ipc.CallQueueManager.take(CallQueueManager.java:288)
        at org.apache.hadoop.ipc.Server$Handler.run(Server.java:2668)
"pool-196-thread-28"  prio=5 tid=2021 in Object.wait()
java.lang.Thread.State: WAITING (on object monitor)
        at sun.misc.Unsafe.park(Native Method)
        at java.util.concurrent.locks.LockSupport.park(LockSupport.java:175)
        at java.util.concurrent.locks.AbstractQueuedSynchronizer$ConditionObject.await(AbstractQueuedSynchronizer.java:2039)
        at java.util.concurrent.ArrayBlockingQueue.take(ArrayBlockingQueue.java:403)
        at java.util.concurrent.ThreadPoolExecutor.getTask(ThreadPoolExecutor.java:1074)
        at java.util.concurrent.ThreadPoolExecutor.runWorker(ThreadPoolExecutor.java:1134)
        at java.util.concurrent.ThreadPoolExecutor$Worker.run(ThreadPoolExecutor.java:624)
        at java.lang.Thread.run(Thread.java:748)
"Datanode State Machine Thread - 0" daemon prio=5 tid=1806 timed_waiting
java.lang.Thread.State: TIMED_WAITING
        at java.lang.Thread.sleep(Native Method)
        at org.apache.hadoop.ozone.container.common.statemachine.DatanodeStateMachine.start(DatanodeStateMachine.java:191)
        at org.apache.hadoop.ozone.container.common.statemachine.DatanodeStateMachine.lambda$startDaemon$0(DatanodeStateMachine.java:349)
        at org.apache.hadoop.ozone.container.common.statemachine.DatanodeStateMachine$$Lambda$140/53279234.run(Unknown Source)
        at java.lang.Thread.run(Thread.java:748)
"metrics-hadoop-metrics2-reporter-77-thread-1" daemon prio=5 tid=1571 timed_waiting
java.lang.Thread.State: TIMED_WAITING
        at sun.misc.Unsafe.park(Native Method)
        at java.util.concurrent.locks.LockSupport.parkNanos(LockSupport.java:215)
        at java.util.concurrent.locks.AbstractQueuedSynchronizer$ConditionObject.awaitNanos(AbstractQueuedSynchronizer.java:2078)
        at java.util.concurrent.ScheduledThreadPoolExecutor$DelayedWorkQueue.take(ScheduledThreadPoolExecutor.java:1093)
        at java.util.concurrent.ScheduledThreadPoolExecutor$DelayedWorkQueue.take(ScheduledThreadPoolExecutor.java:809)
        at java.util.concurrent.ThreadPoolExecutor.getTask(ThreadPoolExecutor.java:1074)
        at java.util.concurrent.ThreadPoolExecutor.runWorker(ThreadPoolExecutor.java:1134)
        at java.util.concurrent.ThreadPoolExecutor$Worker.run(ThreadPoolExecutor.java:624)
        at java.lang.Thread.run(Thread.java:748)
"IPC Server handler 16 on 33059" daemon prio=5 tid=1687 timed_waiting
java.lang.Thread.State: TIMED_WAITING
        at sun.misc.Unsafe.park(Native Method)
        at java.util.concurrent.locks.LockSupport.parkNanos(LockSupport.java:215)
        at java.util.concurrent.locks.AbstractQueuedSynchronizer$ConditionObject.awaitNanos(AbstractQueuedSynchronizer.java:2078)
        at java.util.concurrent.LinkedBlockingQueue.poll(LinkedBlockingQueue.java:467)
        at org.apache.hadoop.ipc.CallQueueManager.take(CallQueueManager.java:288)
        at org.apache.hadoop.ipc.Server$Handler.run(Server.java:2668)
"metrics-hadoop-metrics2-reporter-62-thread-1" daemon prio=5 tid=1517 timed_waiting
java.lang.Thread.State: TIMED_WAITING
        at sun.misc.Unsafe.park(Native Method)
        at java.util.concurrent.locks.LockSupport.parkNanos(LockSupport.java:215)
        at java.util.concurrent.locks.AbstractQueuedSynchronizer$ConditionObject.awaitNanos(AbstractQueuedSynchronizer.java:2078)
        at java.util.concurrent.ScheduledThreadPoolExecutor$DelayedWorkQueue.take(ScheduledThreadPoolExecutor.java:1093)
        at java.util.concurrent.ScheduledThreadPoolExecutor$DelayedWorkQueue.take(ScheduledThreadPoolExecutor.java:809)
        at java.util.concurrent.ThreadPoolExecutor.getTask(ThreadPoolExecutor.java:1074)
        at java.util.concurrent.ThreadPoolExecutor.runWorker(ThreadPoolExecutor.java:1134)
        at java.util.concurrent.ThreadPoolExecutor$Worker.run(ThreadPoolExecutor.java:624)
        at java.lang.Thread.run(Thread.java:748)
"pool-176-thread-31"  prio=5 tid=1899 in Object.wait()
java.lang.Thread.State: WAITING (on object monitor)
        at sun.misc.Unsafe.park(Native Method)
        at java.util.concurrent.locks.LockSupport.park(LockSupport.java:175)
        at java.util.concurrent.locks.AbstractQueuedSynchronizer$ConditionObject.await(AbstractQueuedSynchronizer.java:2039)
        at java.util.concurrent.ArrayBlockingQueue.take(ArrayBlockingQueue.java:403)
        at java.util.concurrent.ThreadPoolExecutor.getTask(ThreadPoolExecutor.java:1074)
        at java.util.concurrent.ThreadPoolExecutor.runWorker(ThreadPoolExecutor.java:1134)
        at java.util.concurrent.ThreadPoolExecutor$Worker.run(ThreadPoolExecutor.java:624)
        at java.lang.Thread.run(Thread.java:748)
"Datanode State Machine Thread - 0" daemon prio=5 tid=1867 timed_waiting
java.lang.Thread.State: TIMED_WAITING
        at sun.misc.Unsafe.park(Native Method)
        at java.util.concurrent.locks.LockSupport.parkNanos(LockSupport.java:215)
        at java.util.concurrent.SynchronousQueue$TransferStack.awaitFulfill(SynchronousQueue.java:460)
        at java.util.concurrent.SynchronousQueue$TransferStack.transfer(SynchronousQueue.java:362)
        at java.util.concurrent.SynchronousQueue.poll(SynchronousQueue.java:941)
        at java.util.concurrent.ThreadPoolExecutor.getTask(ThreadPoolExecutor.java:1073)
        at java.util.concurrent.ThreadPoolExecutor.runWorker(ThreadPoolExecutor.java:1134)
        at java.util.concurrent.ThreadPoolExecutor$Worker.run(ThreadPoolExecutor.java:624)
        at java.lang.Thread.run(Thread.java:748)
"qtp1314460166-1828" daemon prio=5 tid=1828 timed_waiting
java.lang.Thread.State: TIMED_WAITING
        at sun.misc.Unsafe.park(Native Method)
        at java.util.concurrent.locks.LockSupport.parkNanos(LockSupport.java:215)
        at java.util.concurrent.locks.AbstractQueuedSynchronizer$ConditionObject.awaitNanos(AbstractQueuedSynchronizer.java:2078)
        at org.eclipse.jetty.util.BlockingArrayQueue.poll(BlockingArrayQueue.java:392)
        at org.eclipse.jetty.util.thread.QueuedThreadPool.idleJobPoll(QueuedThreadPool.java:563)
        at org.eclipse.jetty.util.thread.QueuedThreadPool.access$800(QueuedThreadPool.java:48)
        at org.eclipse.jetty.util.thread.QueuedThreadPool$2.run(QueuedThreadPool.java:626)
        at java.lang.Thread.run(Thread.java:748)
"PartialTableCache Cleanup Thread - 0" daemon prio=5 tid=1644 in Object.wait()
java.lang.Thread.State: WAITING (on object monitor)
        at sun.misc.Unsafe.park(Native Method)
        at java.util.concurrent.locks.LockSupport.park(LockSupport.java:175)
        at java.util.concurrent.locks.AbstractQueuedSynchronizer$ConditionObject.await(AbstractQueuedSynchronizer.java:2039)
        at java.util.concurrent.LinkedBlockingQueue.take(LinkedBlockingQueue.java:442)
        at java.util.concurrent.ThreadPoolExecutor.getTask(ThreadPoolExecutor.java:1074)
        at java.util.concurrent.ThreadPoolExecutor.runWorker(ThreadPoolExecutor.java:1134)
        at java.util.concurrent.ThreadPoolExecutor$Worker.run(ThreadPoolExecutor.java:624)
        at java.lang.Thread.run(Thread.java:748)
"pool-186-thread-29"  prio=5 tid=1960 in Object.wait()
java.lang.Thread.State: WAITING (on object monitor)
        at sun.misc.Unsafe.park(Native Method)
        at java.util.concurrent.locks.LockSupport.park(LockSupport.java:175)
        at java.util.concurrent.locks.AbstractQueuedSynchronizer$ConditionObject.await(AbstractQueuedSynchronizer.java:2039)
        at java.util.concurrent.ArrayBlockingQueue.take(ArrayBlockingQueue.java:403)
        at java.util.concurrent.ThreadPoolExecutor.getTask(ThreadPoolExecutor.java:1074)
        at java.util.concurrent.ThreadPoolExecutor.runWorker(ThreadPoolExecutor.java:1134)
        at java.util.concurrent.ThreadPoolExecutor$Worker.run(ThreadPoolExecutor.java:624)
        at java.lang.Thread.run(Thread.java:748)
"pool-186-thread-25"  prio=5 tid=1956 in Object.wait()
java.lang.Thread.State: WAITING (on object monitor)
        at sun.misc.Unsafe.park(Native Method)
        at java.util.concurrent.locks.LockSupport.park(LockSupport.java:175)
        at java.util.concurrent.locks.AbstractQueuedSynchronizer$ConditionObject.await(AbstractQueuedSynchronizer.java:2039)
        at java.util.concurrent.ArrayBlockingQueue.take(ArrayBlockingQueue.java:403)
        at java.util.concurrent.ThreadPoolExecutor.getTask(ThreadPoolExecutor.java:1074)
        at java.util.concurrent.ThreadPoolExecutor.runWorker(ThreadPoolExecutor.java:1134)
        at java.util.concurrent.ThreadPoolExecutor$Worker.run(ThreadPoolExecutor.java:624)
        at java.lang.Thread.run(Thread.java:748)
"qtp915734066-1797" daemon prio=5 tid=1797 timed_waiting
java.lang.Thread.State: TIMED_WAITING
        at sun.misc.Unsafe.park(Native Method)
        at java.util.concurrent.locks.LockSupport.parkNanos(LockSupport.java:215)
        at java.util.concurrent.locks.AbstractQueuedSynchronizer$ConditionObject.awaitNanos(AbstractQueuedSynchronizer.java:2078)
        at org.eclipse.jetty.util.BlockingArrayQueue.poll(BlockingArrayQueue.java:392)
        at org.eclipse.jetty.util.thread.QueuedThreadPool.idleJobPoll(QueuedThreadPool.java:563)
        at org.eclipse.jetty.util.thread.QueuedThreadPool.access$800(QueuedThreadPool.java:48)
        at org.eclipse.jetty.util.thread.QueuedThreadPool$2.run(QueuedThreadPool.java:626)
        at java.lang.Thread.run(Thread.java:748)
"Datanode ReportManager Thread - 1" daemon prio=5 tid=200 in Object.wait()
java.lang.Thread.State: WAITING (on object monitor)
        at sun.misc.Unsafe.park(Native Method)
        at java.util.concurrent.locks.LockSupport.park(LockSupport.java:175)
        at java.util.concurrent.locks.AbstractQueuedSynchronizer$ConditionObject.await(AbstractQueuedSynchronizer.java:2039)
        at java.util.concurrent.ScheduledThreadPoolExecutor$DelayedWorkQueue.take(ScheduledThreadPoolExecutor.java:1088)
        at java.util.concurrent.ScheduledThreadPoolExecutor$DelayedWorkQueue.take(ScheduledThreadPoolExecutor.java:809)
        at java.util.concurrent.ThreadPoolExecutor.getTask(ThreadPoolExecutor.java:1074)
        at java.util.concurrent.ThreadPoolExecutor.runWorker(ThreadPoolExecutor.java:1134)
        at java.util.concurrent.ThreadPoolExecutor$Worker.run(ThreadPoolExecutor.java:624)
        at java.lang.Thread.run(Thread.java:748)
"pool-176-thread-30"  prio=5 tid=1898 in Object.wait()
java.lang.Thread.State: WAITING (on object monitor)
        at sun.misc.Unsafe.park(Native Method)
        at java.util.concurrent.locks.LockSupport.park(LockSupport.java:175)
        at java.util.concurrent.locks.AbstractQueuedSynchronizer$ConditionObject.await(AbstractQueuedSynchronizer.java:2039)
        at java.util.concurrent.ArrayBlockingQueue.take(ArrayBlockingQueue.java:403)
        at java.util.concurrent.ThreadPoolExecutor.getTask(ThreadPoolExecutor.java:1074)
        at java.util.concurrent.ThreadPoolExecutor.runWorker(ThreadPoolExecutor.java:1134)
        at java.util.concurrent.ThreadPoolExecutor$Worker.run(ThreadPoolExecutor.java:624)
        at java.lang.Thread.run(Thread.java:748)
"pool-186-thread-37"  prio=5 tid=1968 in Object.wait()
java.lang.Thread.State: WAITING (on object monitor)
        at sun.misc.Unsafe.park(Native Method)
        at java.util.concurrent.locks.LockSupport.park(LockSupport.java:175)
        at java.util.concurrent.locks.AbstractQueuedSynchronizer$ConditionObject.await(AbstractQueuedSynchronizer.java:2039)
        at java.util.concurrent.ArrayBlockingQueue.take(ArrayBlockingQueue.java:403)
        at java.util.concurrent.ThreadPoolExecutor.getTask(ThreadPoolExecutor.java:1074)
        at java.util.concurrent.ThreadPoolExecutor.runWorker(ThreadPoolExecutor.java:1134)
        at java.util.concurrent.ThreadPoolExecutor$Worker.run(ThreadPoolExecutor.java:624)
        at java.lang.Thread.run(Thread.java:748)
"pool-176-thread-41"  prio=5 tid=1909 in Object.wait()
java.lang.Thread.State: WAITING (on object monitor)
        at sun.misc.Unsafe.park(Native Method)
        at java.util.concurrent.locks.LockSupport.park(LockSupport.java:175)
        at java.util.concurrent.locks.AbstractQueuedSynchronizer$ConditionObject.await(AbstractQueuedSynchronizer.java:2039)
        at java.util.concurrent.ArrayBlockingQueue.take(ArrayBlockingQueue.java:403)
        at java.util.concurrent.ThreadPoolExecutor.getTask(ThreadPoolExecutor.java:1074)
        at java.util.concurrent.ThreadPoolExecutor.runWorker(ThreadPoolExecutor.java:1134)
        at java.util.concurrent.ThreadPoolExecutor$Worker.run(ThreadPoolExecutor.java:624)
        at java.lang.Thread.run(Thread.java:748)
"BlockDeletingService#1" daemon prio=5 tid=1931 in Object.wait()
java.lang.Thread.State: WAITING (on object monitor)
        at sun.misc.Unsafe.park(Native Method)
        at java.util.concurrent.locks.LockSupport.park(LockSupport.java:175)
        at java.util.concurrent.locks.AbstractQueuedSynchronizer$ConditionObject.await(AbstractQueuedSynchronizer.java:2039)
        at java.util.concurrent.ScheduledThreadPoolExecutor$DelayedWorkQueue.take(ScheduledThreadPoolExecutor.java:1088)
        at java.util.concurrent.ScheduledThreadPoolExecutor$DelayedWorkQueue.take(ScheduledThreadPoolExecutor.java:809)
        at java.util.concurrent.ThreadPoolExecutor.getTask(ThreadPoolExecutor.java:1074)
        at java.util.concurrent.ThreadPoolExecutor.runWorker(ThreadPoolExecutor.java:1134)
        at java.util.concurrent.ThreadPoolExecutor$Worker.run(ThreadPoolExecutor.java:624)
        at java.lang.Thread.run(Thread.java:748)
"pool-176-thread-20"  prio=5 tid=1888 in Object.wait()
java.lang.Thread.State: WAITING (on object monitor)
        at sun.misc.Unsafe.park(Native Method)
        at java.util.concurrent.locks.LockSupport.park(LockSupport.java:175)
        at java.util.concurrent.locks.AbstractQueuedSynchronizer$ConditionObject.await(AbstractQueuedSynchronizer.java:2039)
        at java.util.concurrent.ArrayBlockingQueue.take(ArrayBlockingQueue.java:403)
        at java.util.concurrent.ThreadPoolExecutor.getTask(ThreadPoolExecutor.java:1074)
        at java.util.concurrent.ThreadPoolExecutor.runWorker(ThreadPoolExecutor.java:1134)
        at java.util.concurrent.ThreadPoolExecutor$Worker.run(ThreadPoolExecutor.java:624)
        at java.lang.Thread.run(Thread.java:748)
"metrics-hadoop-metrics2-reporter-57-thread-1" daemon prio=5 tid=1505 timed_waiting
java.lang.Thread.State: TIMED_WAITING
        at sun.misc.Unsafe.park(Native Method)
        at java.util.concurrent.locks.LockSupport.parkNanos(LockSupport.java:215)
        at java.util.concurrent.locks.AbstractQueuedSynchronizer$ConditionObject.awaitNanos(AbstractQueuedSynchronizer.java:2078)
        at java.util.concurrent.ScheduledThreadPoolExecutor$DelayedWorkQueue.take(ScheduledThreadPoolExecutor.java:1093)
        at java.util.concurrent.ScheduledThreadPoolExecutor$DelayedWorkQueue.take(ScheduledThreadPoolExecutor.java:809)
        at java.util.concurrent.ThreadPoolExecutor.getTask(ThreadPoolExecutor.java:1074)
        at java.util.concurrent.ThreadPoolExecutor.runWorker(ThreadPoolExecutor.java:1134)
        at java.util.concurrent.ThreadPoolExecutor$Worker.run(ThreadPoolExecutor.java:624)
        at java.lang.Thread.run(Thread.java:748)
"pool-186-thread-48"  prio=5 tid=1979 in Object.wait()
java.lang.Thread.State: WAITING (on object monitor)
        at sun.misc.Unsafe.park(Native Method)
        at java.util.concurrent.locks.LockSupport.park(LockSupport.java:175)
        at java.util.concurrent.locks.AbstractQueuedSynchronizer$ConditionObject.await(AbstractQueuedSynchronizer.java:2039)
        at java.util.concurrent.ArrayBlockingQueue.take(ArrayBlockingQueue.java:403)
        at java.util.concurrent.ThreadPoolExecutor.getTask(ThreadPoolExecutor.java:1074)
        at java.util.concurrent.ThreadPoolExecutor.runWorker(ThreadPoolExecutor.java:1134)
        at java.util.concurrent.ThreadPoolExecutor$Worker.run(ThreadPoolExecutor.java:624)
        at java.lang.Thread.run(Thread.java:748)
"Datanode State Machine Thread - 0" daemon prio=5 tid=1813 timed_waiting
java.lang.Thread.State: TIMED_WAITING
        at sun.misc.Unsafe.park(Native Method)
        at java.util.concurrent.locks.LockSupport.parkNanos(LockSupport.java:215)
        at java.util.concurrent.SynchronousQueue$TransferStack.awaitFulfill(SynchronousQueue.java:460)
        at java.util.concurrent.SynchronousQueue$TransferStack.transfer(SynchronousQueue.java:362)
        at java.util.concurrent.SynchronousQueue.poll(SynchronousQueue.java:941)
        at java.util.concurrent.ThreadPoolExecutor.getTask(ThreadPoolExecutor.java:1073)
        at java.util.concurrent.ThreadPoolExecutor.runWorker(ThreadPoolExecutor.java:1134)
        at java.util.concurrent.ThreadPoolExecutor$Worker.run(ThreadPoolExecutor.java:624)
        at java.lang.Thread.run(Thread.java:748)
"metrics-hadoop-metrics2-reporter-93-thread-1" daemon prio=5 tid=2098 timed_waiting
java.lang.Thread.State: TIMED_WAITING
        at sun.misc.Unsafe.park(Native Method)
        at java.util.concurrent.locks.LockSupport.parkNanos(LockSupport.java:215)
        at java.util.concurrent.locks.AbstractQueuedSynchronizer$ConditionObject.awaitNanos(AbstractQueuedSynchronizer.java:2078)
        at java.util.concurrent.ScheduledThreadPoolExecutor$DelayedWorkQueue.take(ScheduledThreadPoolExecutor.java:1093)
        at java.util.concurrent.ScheduledThreadPoolExecutor$DelayedWorkQueue.take(ScheduledThreadPoolExecutor.java:809)
        at java.util.concurrent.ThreadPoolExecutor.getTask(ThreadPoolExecutor.java:1074)
        at java.util.concurrent.ThreadPoolExecutor.runWorker(ThreadPoolExecutor.java:1134)
        at java.util.concurrent.ThreadPoolExecutor$Worker.run(ThreadPoolExecutor.java:624)
        at java.lang.Thread.run(Thread.java:748)
"pool-186-thread-18"  prio=5 tid=1949 in Object.wait()
java.lang.Thread.State: WAITING (on object monitor)
        at sun.misc.Unsafe.park(Native Method)
        at java.util.concurrent.locks.LockSupport.park(LockSupport.java:175)
        at java.util.concurrent.locks.AbstractQueuedSynchronizer$ConditionObject.await(AbstractQueuedSynchronizer.java:2039)
        at java.util.concurrent.ArrayBlockingQueue.take(ArrayBlockingQueue.java:403)
        at java.util.concurrent.ThreadPoolExecutor.getTask(ThreadPoolExecutor.java:1074)
        at java.util.concurrent.ThreadPoolExecutor.runWorker(ThreadPoolExecutor.java:1134)
        at java.util.concurrent.ThreadPoolExecutor$Worker.run(ThreadPoolExecutor.java:624)
        at java.lang.Thread.run(Thread.java:748)
"IPC Server handler 17 on 33059" daemon prio=5 tid=1688 timed_waiting
java.lang.Thread.State: TIMED_WAITING
        at sun.misc.Unsafe.park(Native Method)
        at java.util.concurrent.locks.LockSupport.parkNanos(LockSupport.java:215)
        at java.util.concurrent.locks.AbstractQueuedSynchronizer$ConditionObject.awaitNanos(AbstractQueuedSynchronizer.java:2078)
        at java.util.concurrent.LinkedBlockingQueue.poll(LinkedBlockingQueue.java:467)
        at org.apache.hadoop.ipc.CallQueueManager.take(CallQueueManager.java:288)
        at org.apache.hadoop.ipc.Server$Handler.run(Server.java:2668)
"IPC Server handler 13 on 33059" daemon prio=5 tid=1684 timed_waiting
java.lang.Thread.State: TIMED_WAITING
        at sun.misc.Unsafe.park(Native Method)
        at java.util.concurrent.locks.LockSupport.parkNanos(LockSupport.java:215)
        at java.util.concurrent.locks.AbstractQueuedSynchronizer$ConditionObject.awaitNanos(AbstractQueuedSynchronizer.java:2078)
        at java.util.concurrent.LinkedBlockingQueue.poll(LinkedBlockingQueue.java:467)
        at org.apache.hadoop.ipc.CallQueueManager.take(CallQueueManager.java:288)
        at org.apache.hadoop.ipc.Server$Handler.run(Server.java:2668)
"metrics-hadoop-metrics2-reporter-2-thread-1" daemon prio=5 tid=439 timed_waiting
java.lang.Thread.State: TIMED_WAITING
        at sun.misc.Unsafe.park(Native Method)
        at java.util.concurrent.locks.LockSupport.parkNanos(LockSupport.java:215)
        at java.util.concurrent.locks.AbstractQueuedSynchronizer$ConditionObject.awaitNanos(AbstractQueuedSynchronizer.java:2078)
        at java.util.concurrent.ScheduledThreadPoolExecutor$DelayedWorkQueue.take(ScheduledThreadPoolExecutor.java:1093)
        at java.util.concurrent.ScheduledThreadPoolExecutor$DelayedWorkQueue.take(ScheduledThreadPoolExecutor.java:809)
        at java.util.concurrent.ThreadPoolExecutor.getTask(ThreadPoolExecutor.java:1074)
        at java.util.concurrent.ThreadPoolExecutor.runWorker(ThreadPoolExecutor.java:1134)
        at java.util.concurrent.ThreadPoolExecutor$Worker.run(ThreadPoolExecutor.java:624)
        at java.lang.Thread.run(Thread.java:748)
"d81605c5-54b3-45a8-b5ae-2e8d8890cbef@group-E84345AE8D9B-StateMachineUpdater" daemon prio=5 tid=2073 in Object.wait()
java.lang.Thread.State: WAITING (on object monitor)
        at java.lang.Object.wait(Native Method)
        at java.lang.Object.wait(Object.java:502)
        at org.apache.ratis.server.impl.StateMachineUpdater.waitForCommit(StateMachineUpdater.java:194)
        at org.apache.ratis.server.impl.StateMachineUpdater.run(StateMachineUpdater.java:159)
        at java.lang.Thread.run(Thread.java:748)
"IPC Server handler 16 on 39395" daemon prio=5 tid=1707 timed_waiting
java.lang.Thread.State: TIMED_WAITING
        at sun.misc.Unsafe.park(Native Method)
        at java.util.concurrent.locks.LockSupport.parkNanos(LockSupport.java:215)
        at java.util.concurrent.locks.AbstractQueuedSynchronizer$ConditionObject.awaitNanos(AbstractQueuedSynchronizer.java:2078)
        at java.util.concurrent.LinkedBlockingQueue.poll(LinkedBlockingQueue.java:467)
        at org.apache.hadoop.ipc.CallQueueManager.take(CallQueueManager.java:288)
        at org.apache.hadoop.ipc.Server$Handler.run(Server.java:2668)
"KeyDeletingService#1" daemon prio=5 tid=1759 in Object.wait()
java.lang.Thread.State: WAITING (on object monitor)
        at sun.misc.Unsafe.park(Native Method)
        at java.util.concurrent.locks.LockSupport.park(LockSupport.java:175)
        at java.util.concurrent.locks.AbstractQueuedSynchronizer$ConditionObject.await(AbstractQueuedSynchronizer.java:2039)
        at java.util.concurrent.ScheduledThreadPoolExecutor$DelayedWorkQueue.take(ScheduledThreadPoolExecutor.java:1088)
        at java.util.concurrent.ScheduledThreadPoolExecutor$DelayedWorkQueue.take(ScheduledThreadPoolExecutor.java:809)
        at java.util.concurrent.ThreadPoolExecutor.getTask(ThreadPoolExecutor.java:1074)
        at java.util.concurrent.ThreadPoolExecutor.runWorker(ThreadPoolExecutor.java:1134)
        at java.util.concurrent.ThreadPoolExecutor$Worker.run(ThreadPoolExecutor.java:624)
        at java.lang.Thread.run(Thread.java:748)
"IPC Server handler 18 on 46187" daemon prio=5 tid=1773 timed_waiting
java.lang.Thread.State: TIMED_WAITING
        at sun.misc.Unsafe.park(Native Method)
        at java.util.concurrent.locks.LockSupport.parkNanos(LockSupport.java:215)
        at java.util.concurrent.locks.AbstractQueuedSynchronizer$ConditionObject.awaitNanos(AbstractQueuedSynchronizer.java:2078)
        at java.util.concurrent.LinkedBlockingQueue.poll(LinkedBlockingQueue.java:467)
        at org.apache.hadoop.ipc.CallQueueManager.take(CallQueueManager.java:288)
        at org.apache.hadoop.ipc.Server$Handler.run(Server.java:2668)
"IPC Server handler 3 on 41111" daemon prio=5 tid=1714 timed_waiting
java.lang.Thread.State: TIMED_WAITING
        at sun.misc.Unsafe.park(Native Method)
        at java.util.concurrent.locks.LockSupport.parkNanos(LockSupport.java:215)
        at java.util.concurrent.locks.AbstractQueuedSynchronizer$ConditionObject.awaitNanos(AbstractQueuedSynchronizer.java:2078)
        at java.util.concurrent.LinkedBlockingQueue.poll(LinkedBlockingQueue.java:467)
        at org.apache.hadoop.ipc.CallQueueManager.take(CallQueueManager.java:288)
        at org.apache.hadoop.ipc.Server$Handler.run(Server.java:2668)
"d81605c5-54b3-45a8-b5ae-2e8d8890cbef@group-E84345AE8D9B-SegmentedRaftLogWorker"  prio=5 tid=2072 timed_waiting
java.lang.Thread.State: TIMED_WAITING
        at sun.misc.Unsafe.park(Native Method)
        at java.util.concurrent.locks.LockSupport.parkNanos(LockSupport.java:215)
        at java.util.concurrent.locks.AbstractQueuedSynchronizer$ConditionObject.awaitNanos(AbstractQueuedSynchronizer.java:2078)
        at org.apache.ratis.util.DataBlockingQueue.poll(DataBlockingQueue.java:137)
        at org.apache.ratis.server.raftlog.segmented.SegmentedRaftLogWorker.run(SegmentedRaftLogWorker.java:282)
        at java.lang.Thread.run(Thread.java:748)
"metrics-hadoop-metrics2-reporter-81-thread-1" daemon prio=5 tid=1630 timed_waiting
java.lang.Thread.State: TIMED_WAITING
        at sun.misc.Unsafe.park(Native Method)
        at java.util.concurrent.locks.LockSupport.parkNanos(LockSupport.java:215)
        at java.util.concurrent.locks.AbstractQueuedSynchronizer$ConditionObject.awaitNanos(AbstractQueuedSynchronizer.java:2078)
        at java.util.concurrent.ScheduledThreadPoolExecutor$DelayedWorkQueue.take(ScheduledThreadPoolExecutor.java:1093)
        at java.util.concurrent.ScheduledThreadPoolExecutor$DelayedWorkQueue.take(ScheduledThreadPoolExecutor.java:809)
        at java.util.concurrent.ThreadPoolExecutor.getTask(ThreadPoolExecutor.java:1074)
        at java.util.concurrent.ThreadPoolExecutor.runWorker(ThreadPoolExecutor.java:1134)
        at java.util.concurrent.ThreadPoolExecutor$Worker.run(ThreadPoolExecutor.java:624)
        at java.lang.Thread.run(Thread.java:748)
"org.eclipse.jetty.server.session.HashSessionManager@4e9b13b3Timer" daemon prio=5 tid=1832 timed_waiting
java.lang.Thread.State: TIMED_WAITING
        at sun.misc.Unsafe.park(Native Method)
        at java.util.concurrent.locks.LockSupport.parkNanos(LockSupport.java:215)
        at java.util.concurrent.locks.AbstractQueuedSynchronizer$ConditionObject.awaitNanos(AbstractQueuedSynchronizer.java:2078)
        at java.util.concurrent.ScheduledThreadPoolExecutor$DelayedWorkQueue.take(ScheduledThreadPoolExecutor.java:1093)
        at java.util.concurrent.ScheduledThreadPoolExecutor$DelayedWorkQueue.take(ScheduledThreadPoolExecutor.java:809)
        at java.util.concurrent.ThreadPoolExecutor.getTask(ThreadPoolExecutor.java:1074)
        at java.util.concurrent.ThreadPoolExecutor.runWorker(ThreadPoolExecutor.java:1134)
        at java.util.concurrent.ThreadPoolExecutor$Worker.run(ThreadPoolExecutor.java:624)
        at java.lang.Thread.run(Thread.java:748)
"grpc-default-executor-1" daemon prio=5 tid=2105 timed_waiting
java.lang.Thread.State: TIMED_WAITING
        at sun.misc.Unsafe.park(Native Method)
        at java.util.concurrent.locks.LockSupport.parkNanos(LockSupport.java:215)
        at java.util.concurrent.SynchronousQueue$TransferStack.awaitFulfill(SynchronousQueue.java:460)
        at java.util.concurrent.SynchronousQueue$TransferStack.transfer(SynchronousQueue.java:362)
        at java.util.concurrent.SynchronousQueue.poll(SynchronousQueue.java:941)
        at java.util.concurrent.ThreadPoolExecutor.getTask(ThreadPoolExecutor.java:1073)
        at java.util.concurrent.ThreadPoolExecutor.runWorker(ThreadPoolExecutor.java:1134)
        at java.util.concurrent.ThreadPoolExecutor$Worker.run(ThreadPoolExecutor.java:624)
        at java.lang.Thread.run(Thread.java:748)
"metrics-hadoop-metrics2-reporter-9-thread-1" daemon prio=5 tid=455 timed_waiting
java.lang.Thread.State: TIMED_WAITING
        at sun.misc.Unsafe.park(Native Method)
        at java.util.concurrent.locks.LockSupport.parkNanos(LockSupport.java:215)
        at java.util.concurrent.locks.AbstractQueuedSynchronizer$ConditionObject.awaitNanos(AbstractQueuedSynchronizer.java:2078)
        at java.util.concurrent.ScheduledThreadPoolExecutor$DelayedWorkQueue.take(ScheduledThreadPoolExecutor.java:1093)
        at java.util.concurrent.ScheduledThreadPoolExecutor$DelayedWorkQueue.take(ScheduledThreadPoolExecutor.java:809)
        at java.util.concurrent.ThreadPoolExecutor.getTask(ThreadPoolExecutor.java:1074)
        at java.util.concurrent.ThreadPoolExecutor.runWorker(ThreadPoolExecutor.java:1134)
        at java.util.concurrent.ThreadPoolExecutor$Worker.run(ThreadPoolExecutor.java:624)
        at java.lang.Thread.run(Thread.java:748)
"pool-196-thread-45"  prio=5 tid=2038 in Object.wait()
java.lang.Thread.State: WAITING (on object monitor)
        at sun.misc.Unsafe.park(Native Method)
        at java.util.concurrent.locks.LockSupport.park(LockSupport.java:175)
        at java.util.concurrent.locks.AbstractQueuedSynchronizer$ConditionObject.await(AbstractQueuedSynchronizer.java:2039)
        at java.util.concurrent.ArrayBlockingQueue.take(ArrayBlockingQueue.java:403)
        at java.util.concurrent.ThreadPoolExecutor.getTask(ThreadPoolExecutor.java:1074)
        at java.util.concurrent.ThreadPoolExecutor.runWorker(ThreadPoolExecutor.java:1134)
        at java.util.concurrent.ThreadPoolExecutor$Worker.run(ThreadPoolExecutor.java:624)
        at java.lang.Thread.run(Thread.java:748)
"IPC Server handler 7 on 39395" daemon prio=5 tid=1698 timed_waiting
java.lang.Thread.State: TIMED_WAITING
        at sun.misc.Unsafe.park(Native Method)
        at java.util.concurrent.locks.LockSupport.parkNanos(LockSupport.java:215)
        at java.util.concurrent.locks.AbstractQueuedSynchronizer$ConditionObject.awaitNanos(AbstractQueuedSynchronizer.java:2078)
        at java.util.concurrent.LinkedBlockingQueue.poll(LinkedBlockingQueue.java:467)
        at org.apache.hadoop.ipc.CallQueueManager.take(CallQueueManager.java:288)
        at org.apache.hadoop.ipc.Server$Handler.run(Server.java:2668)
"pool-196-thread-13"  prio=5 tid=2006 in Object.wait()
java.lang.Thread.State: WAITING (on object monitor)
        at sun.misc.Unsafe.park(Native Method)
        at java.util.concurrent.locks.LockSupport.park(LockSupport.java:175)
        at java.util.concurrent.locks.AbstractQueuedSynchronizer$ConditionObject.await(AbstractQueuedSynchronizer.java:2039)
        at java.util.concurrent.ArrayBlockingQueue.take(ArrayBlockingQueue.java:403)
        at java.util.concurrent.ThreadPoolExecutor.getTask(ThreadPoolExecutor.java:1074)
        at java.util.concurrent.ThreadPoolExecutor.runWorker(ThreadPoolExecutor.java:1134)
        at java.util.concurrent.ThreadPoolExecutor$Worker.run(ThreadPoolExecutor.java:624)
        at java.lang.Thread.run(Thread.java:748)
"IPC Server handler 8 on 46187" daemon prio=5 tid=1763 timed_waiting
java.lang.Thread.State: TIMED_WAITING
        at sun.misc.Unsafe.park(Native Method)
        at java.util.concurrent.locks.LockSupport.parkNanos(LockSupport.java:215)
        at java.util.concurrent.locks.AbstractQueuedSynchronizer$ConditionObject.awaitNanos(AbstractQueuedSynchronizer.java:2078)
        at java.util.concurrent.LinkedBlockingQueue.poll(LinkedBlockingQueue.java:467)
        at org.apache.hadoop.ipc.CallQueueManager.take(CallQueueManager.java:288)
        at org.apache.hadoop.ipc.Server$Handler.run(Server.java:2668)
"qtp1635471455-1852" daemon prio=5 tid=1852 timed_waiting
java.lang.Thread.State: TIMED_WAITING
        at sun.misc.Unsafe.park(Native Method)
        at java.util.concurrent.locks.LockSupport.parkNanos(LockSupport.java:215)
        at java.util.concurrent.locks.AbstractQueuedSynchronizer$ConditionObject.awaitNanos(AbstractQueuedSynchronizer.java:2078)
        at org.eclipse.jetty.util.BlockingArrayQueue.poll(BlockingArrayQueue.java:392)
        at org.eclipse.jetty.util.thread.QueuedThreadPool.idleJobPoll(QueuedThreadPool.java:563)
        at org.eclipse.jetty.util.thread.QueuedThreadPool.access$800(QueuedThreadPool.java:48)
        at org.eclipse.jetty.util.thread.QueuedThreadPool$2.run(QueuedThreadPool.java:626)
        at java.lang.Thread.run(Thread.java:748)
"IPC Server listener on 33059" daemon prio=5 tid=1664 runnable
java.lang.Thread.State: RUNNABLE
        at sun.nio.ch.EPollArrayWrapper.epollWait(Native Method)
        at sun.nio.ch.EPollArrayWrapper.poll(EPollArrayWrapper.java:269)
        at sun.nio.ch.EPollSelectorImpl.doSelect(EPollSelectorImpl.java:93)
        at sun.nio.ch.SelectorImpl.lockAndDoSelect(SelectorImpl.java:86)
        at sun.nio.ch.SelectorImpl.select(SelectorImpl.java:97)
        at sun.nio.ch.SelectorImpl.select(SelectorImpl.java:101)
        at org.apache.hadoop.ipc.Server$Listener.run(Server.java:1159)
"pool-186-thread-39"  prio=5 tid=1970 in Object.wait()
java.lang.Thread.State: WAITING (on object monitor)
        at sun.misc.Unsafe.park(Native Method)
        at java.util.concurrent.locks.LockSupport.park(LockSupport.java:175)
        at java.util.concurrent.locks.AbstractQueuedSynchronizer$ConditionObject.await(AbstractQueuedSynchronizer.java:2039)
        at java.util.concurrent.ArrayBlockingQueue.take(ArrayBlockingQueue.java:403)
        at java.util.concurrent.ThreadPoolExecutor.getTask(ThreadPoolExecutor.java:1074)
        at java.util.concurrent.ThreadPoolExecutor.runWorker(ThreadPoolExecutor.java:1134)
        at java.util.concurrent.ThreadPoolExecutor$Worker.run(ThreadPoolExecutor.java:624)
        at java.lang.Thread.run(Thread.java:748)
"pool-196-thread-48"  prio=5 tid=2041 in Object.wait()
java.lang.Thread.State: WAITING (on object monitor)
        at sun.misc.Unsafe.park(Native Method)
        at java.util.concurrent.locks.LockSupport.park(LockSupport.java:175)
        at java.util.concurrent.locks.AbstractQueuedSynchronizer$ConditionObject.await(AbstractQueuedSynchronizer.java:2039)
        at java.util.concurrent.ArrayBlockingQueue.take(ArrayBlockingQueue.java:403)
        at java.util.concurrent.ThreadPoolExecutor.getTask(ThreadPoolExecutor.java:1074)
        at java.util.concurrent.ThreadPoolExecutor.runWorker(ThreadPoolExecutor.java:1134)
        at java.util.concurrent.ThreadPoolExecutor$Worker.run(ThreadPoolExecutor.java:624)
        at java.lang.Thread.run(Thread.java:748)
"qtp915734066-1802" daemon prio=5 tid=1802 timed_waiting
java.lang.Thread.State: TIMED_WAITING
        at sun.misc.Unsafe.park(Native Method)
        at java.util.concurrent.locks.LockSupport.parkNanos(LockSupport.java:215)
        at java.util.concurrent.locks.AbstractQueuedSynchronizer$ConditionObject.awaitNanos(AbstractQueuedSynchronizer.java:2078)
        at org.eclipse.jetty.util.BlockingArrayQueue.poll(BlockingArrayQueue.java:392)
        at org.eclipse.jetty.util.thread.QueuedThreadPool.idleJobPoll(QueuedThreadPool.java:563)
        at org.eclipse.jetty.util.thread.QueuedThreadPool.access$800(QueuedThreadPool.java:48)
        at org.eclipse.jetty.util.thread.QueuedThreadPool$2.run(QueuedThreadPool.java:626)
        at java.lang.Thread.run(Thread.java:748)
"IPC Server handler 15 on 46187" daemon prio=5 tid=1770 timed_waiting
java.lang.Thread.State: TIMED_WAITING
        at sun.misc.Unsafe.park(Native Method)
        at java.util.concurrent.locks.LockSupport.parkNanos(LockSupport.java:215)
        at java.util.concurrent.locks.AbstractQueuedSynchronizer$ConditionObject.awaitNanos(AbstractQueuedSynchronizer.java:2078)
        at java.util.concurrent.LinkedBlockingQueue.poll(LinkedBlockingQueue.java:467)
        at org.apache.hadoop.ipc.CallQueueManager.take(CallQueueManager.java:288)
        at org.apache.hadoop.ipc.Server$Handler.run(Server.java:2668)
"IPC Server handler 10 on 39395" daemon prio=5 tid=1701 timed_waiting
java.lang.Thread.State: TIMED_WAITING
        at sun.misc.Unsafe.park(Native Method)
        at java.util.concurrent.locks.LockSupport.parkNanos(LockSupport.java:215)
        at java.util.concurrent.locks.AbstractQueuedSynchronizer$ConditionObject.awaitNanos(AbstractQueuedSynchronizer.java:2078)
        at java.util.concurrent.LinkedBlockingQueue.poll(LinkedBlockingQueue.java:467)
        at org.apache.hadoop.ipc.CallQueueManager.take(CallQueueManager.java:288)
        at org.apache.hadoop.ipc.Server$Handler.run(Server.java:2668)
"qtp1635471455-1855" daemon prio=5 tid=1855 timed_waiting
java.lang.Thread.State: TIMED_WAITING
        at sun.misc.Unsafe.park(Native Method)
        at java.util.concurrent.locks.LockSupport.parkNanos(LockSupport.java:215)
        at java.util.concurrent.locks.AbstractQueuedSynchronizer$ConditionObject.awaitNanos(AbstractQueuedSynchronizer.java:2078)
        at org.eclipse.jetty.util.BlockingArrayQueue.poll(BlockingArrayQueue.java:392)
        at org.eclipse.jetty.util.thread.QueuedThreadPool.idleJobPoll(QueuedThreadPool.java:563)
        at org.eclipse.jetty.util.thread.QueuedThreadPool.access$800(QueuedThreadPool.java:48)
        at org.eclipse.jetty.util.thread.QueuedThreadPool$2.run(QueuedThreadPool.java:626)
        at java.lang.Thread.run(Thread.java:748)
"pool-186-thread-34"  prio=5 tid=1965 in Object.wait()
java.lang.Thread.State: WAITING (on object monitor)
        at sun.misc.Unsafe.park(Native Method)
        at java.util.concurrent.locks.LockSupport.park(LockSupport.java:175)
        at java.util.concurrent.locks.AbstractQueuedSynchronizer$ConditionObject.await(AbstractQueuedSynchronizer.java:2039)
        at java.util.concurrent.ArrayBlockingQueue.take(ArrayBlockingQueue.java:403)
        at java.util.concurrent.ThreadPoolExecutor.getTask(ThreadPoolExecutor.java:1074)
        at java.util.concurrent.ThreadPoolExecutor.runWorker(ThreadPoolExecutor.java:1134)
        at java.util.concurrent.ThreadPoolExecutor$Worker.run(ThreadPoolExecutor.java:624)
        at java.lang.Thread.run(Thread.java:748)
"metrics-hadoop-metrics2-reporter-33-thread-1" daemon prio=5 tid=987 timed_waiting
java.lang.Thread.State: TIMED_WAITING
        at sun.misc.Unsafe.park(Native Method)
        at java.util.concurrent.locks.LockSupport.parkNanos(LockSupport.java:215)
        at java.util.concurrent.locks.AbstractQueuedSynchronizer$ConditionObject.awaitNanos(AbstractQueuedSynchronizer.java:2078)
        at java.util.concurrent.ScheduledThreadPoolExecutor$DelayedWorkQueue.take(ScheduledThreadPoolExecutor.java:1093)
        at java.util.concurrent.ScheduledThreadPoolExecutor$DelayedWorkQueue.take(ScheduledThreadPoolExecutor.java:809)
        at java.util.concurrent.ThreadPoolExecutor.getTask(ThreadPoolExecutor.java:1074)
        at java.util.concurrent.ThreadPoolExecutor.runWorker(ThreadPoolExecutor.java:1134)
        at java.util.concurrent.ThreadPoolExecutor$Worker.run(ThreadPoolExecutor.java:624)
        at java.lang.Thread.run(Thread.java:748)
"IPC Server handler 2 on 39395" daemon prio=5 tid=1693 timed_waiting
java.lang.Thread.State: TIMED_WAITING
        at sun.misc.Unsafe.park(Native Method)
        at java.util.concurrent.locks.LockSupport.parkNanos(LockSupport.java:215)
        at java.util.concurrent.locks.AbstractQueuedSynchronizer$ConditionObject.awaitNanos(AbstractQueuedSynchronizer.java:2078)
        at java.util.concurrent.LinkedBlockingQueue.poll(LinkedBlockingQueue.java:467)
        at org.apache.hadoop.ipc.CallQueueManager.take(CallQueueManager.java:288)
        at org.apache.hadoop.ipc.Server$Handler.run(Server.java:2668)
"metrics-hadoop-metrics2-reporter-17-thread-1" daemon prio=5 tid=483 timed_waiting
java.lang.Thread.State: TIMED_WAITING
        at sun.misc.Unsafe.park(Native Method)
        at java.util.concurrent.locks.LockSupport.parkNanos(LockSupport.java:215)
        at java.util.concurrent.locks.AbstractQueuedSynchronizer$ConditionObject.awaitNanos(AbstractQueuedSynchronizer.java:2078)
        at java.util.concurrent.ScheduledThreadPoolExecutor$DelayedWorkQueue.take(ScheduledThreadPoolExecutor.java:1093)
        at java.util.concurrent.ScheduledThreadPoolExecutor$DelayedWorkQueue.take(ScheduledThreadPoolExecutor.java:809)
        at java.util.concurrent.ThreadPoolExecutor.getTask(ThreadPoolExecutor.java:1074)
        at java.util.concurrent.ThreadPoolExecutor.runWorker(ThreadPoolExecutor.java:1134)
        at java.util.concurrent.ThreadPoolExecutor$Worker.run(ThreadPoolExecutor.java:624)
        at java.lang.Thread.run(Thread.java:748)
"pool-196-thread-41"  prio=5 tid=2034 in Object.wait()
java.lang.Thread.State: WAITING (on object monitor)
        at sun.misc.Unsafe.park(Native Method)
        at java.util.concurrent.locks.LockSupport.park(LockSupport.java:175)
        at java.util.concurrent.locks.AbstractQueuedSynchronizer$ConditionObject.await(AbstractQueuedSynchronizer.java:2039)
        at java.util.concurrent.ArrayBlockingQueue.take(ArrayBlockingQueue.java:403)
        at java.util.concurrent.ThreadPoolExecutor.getTask(ThreadPoolExecutor.java:1074)
        at java.util.concurrent.ThreadPoolExecutor.runWorker(ThreadPoolExecutor.java:1134)
        at java.util.concurrent.ThreadPoolExecutor$Worker.run(ThreadPoolExecutor.java:624)
        at java.lang.Thread.run(Thread.java:748)
"metrics-hadoop-metrics2-reporter-114-thread-1" daemon prio=5 tid=2296 timed_waiting
java.lang.Thread.State: TIMED_WAITING
        at sun.misc.Unsafe.park(Native Method)
        at java.util.concurrent.locks.LockSupport.parkNanos(LockSupport.java:215)
        at java.util.concurrent.locks.AbstractQueuedSynchronizer$ConditionObject.awaitNanos(AbstractQueuedSynchronizer.java:2078)
        at java.util.concurrent.ScheduledThreadPoolExecutor$DelayedWorkQueue.take(ScheduledThreadPoolExecutor.java:1093)
        at java.util.concurrent.ScheduledThreadPoolExecutor$DelayedWorkQueue.take(ScheduledThreadPoolExecutor.java:809)
        at java.util.concurrent.ThreadPoolExecutor.getTask(ThreadPoolExecutor.java:1074)
        at java.util.concurrent.ThreadPoolExecutor.runWorker(ThreadPoolExecutor.java:1134)
        at java.util.concurrent.ThreadPoolExecutor$Worker.run(ThreadPoolExecutor.java:624)
        at java.lang.Thread.run(Thread.java:748)
"metrics-hadoop-metrics2-reporter-113-thread-1" daemon prio=5 tid=2294 timed_waiting
java.lang.Thread.State: TIMED_WAITING
        at sun.misc.Unsafe.park(Native Method)
        at java.util.concurrent.locks.LockSupport.parkNanos(LockSupport.java:215)
        at java.util.concurrent.locks.AbstractQueuedSynchronizer$ConditionObject.awaitNanos(AbstractQueuedSynchronizer.java:2078)
        at java.util.concurrent.ScheduledThreadPoolExecutor$DelayedWorkQueue.take(ScheduledThreadPoolExecutor.java:1093)
        at java.util.concurrent.ScheduledThreadPoolExecutor$DelayedWorkQueue.take(ScheduledThreadPoolExecutor.java:809)
        at java.util.concurrent.ThreadPoolExecutor.getTask(ThreadPoolExecutor.java:1074)
        at java.util.concurrent.ThreadPoolExecutor.runWorker(ThreadPoolExecutor.java:1134)
        at java.util.concurrent.ThreadPoolExecutor$Worker.run(ThreadPoolExecutor.java:624)
        at java.lang.Thread.run(Thread.java:748)
"IPC Server handler 5 on 46187" daemon prio=5 tid=1760 timed_waiting
java.lang.Thread.State: TIMED_WAITING
        at sun.misc.Unsafe.park(Native Method)
        at java.util.concurrent.locks.LockSupport.parkNanos(LockSupport.java:215)
        at java.util.concurrent.locks.AbstractQueuedSynchronizer$ConditionObject.awaitNanos(AbstractQueuedSynchronizer.java:2078)
        at java.util.concurrent.LinkedBlockingQueue.poll(LinkedBlockingQueue.java:467)
        at org.apache.hadoop.ipc.CallQueueManager.take(CallQueueManager.java:288)
        at org.apache.hadoop.ipc.Server$Handler.run(Server.java:2668)
"IPC Server handler 12 on 39395" daemon prio=5 tid=1703 timed_waiting
java.lang.Thread.State: TIMED_WAITING
        at sun.misc.Unsafe.park(Native Method)
        at java.util.concurrent.locks.LockSupport.parkNanos(LockSupport.java:215)
        at java.util.concurrent.locks.AbstractQueuedSynchronizer$ConditionObject.awaitNanos(AbstractQueuedSynchronizer.java:2078)
        at java.util.concurrent.LinkedBlockingQueue.poll(LinkedBlockingQueue.java:467)
        at org.apache.hadoop.ipc.CallQueueManager.take(CallQueueManager.java:288)
        at org.apache.hadoop.ipc.Server$Handler.run(Server.java:2668)
"pool-176-thread-47"  prio=5 tid=1915 in Object.wait()
java.lang.Thread.State: WAITING (on object monitor)
        at sun.misc.Unsafe.park(Native Method)
        at java.util.concurrent.locks.LockSupport.park(LockSupport.java:175)
        at java.util.concurrent.locks.AbstractQueuedSynchronizer$ConditionObject.await(AbstractQueuedSynchronizer.java:2039)
        at java.util.concurrent.ArrayBlockingQueue.take(ArrayBlockingQueue.java:403)
        at java.util.concurrent.ThreadPoolExecutor.getTask(ThreadPoolExecutor.java:1074)
        at java.util.concurrent.ThreadPoolExecutor.runWorker(ThreadPoolExecutor.java:1134)
        at java.util.concurrent.ThreadPoolExecutor$Worker.run(ThreadPoolExecutor.java:624)
        at java.lang.Thread.run(Thread.java:748)
"java.util.concurrent.ThreadPoolExecutor$Worker@33089c1b[State = -1, empty queue]" daemon prio=5 tid=2141 timed_waiting
java.lang.Thread.State: TIMED_WAITING
        at sun.misc.Unsafe.park(Native Method)
        at java.util.concurrent.locks.LockSupport.parkNanos(LockSupport.java:215)
        at java.util.concurrent.locks.AbstractQueuedSynchronizer$ConditionObject.awaitNanos(AbstractQueuedSynchronizer.java:2078)
        at java.util.concurrent.ScheduledThreadPoolExecutor$DelayedWorkQueue.take(ScheduledThreadPoolExecutor.java:1093)
        at java.util.concurrent.ScheduledThreadPoolExecutor$DelayedWorkQueue.take(ScheduledThreadPoolExecutor.java:809)
        at java.util.concurrent.ThreadPoolExecutor.getTask(ThreadPoolExecutor.java:1074)
        at java.util.concurrent.ThreadPoolExecutor.runWorker(ThreadPoolExecutor.java:1134)
        at java.util.concurrent.ThreadPoolExecutor$Worker.run(ThreadPoolExecutor.java:624)
        at java.lang.Thread.run(Thread.java:748)
"pool-176-thread-40"  prio=5 tid=1908 in Object.wait()
java.lang.Thread.State: WAITING (on object monitor)
        at sun.misc.Unsafe.park(Native Method)
        at java.util.concurrent.locks.LockSupport.park(LockSupport.java:175)
        at java.util.concurrent.locks.AbstractQueuedSynchronizer$ConditionObject.await(AbstractQueuedSynchronizer.java:2039)
        at java.util.concurrent.ArrayBlockingQueue.take(ArrayBlockingQueue.java:403)
        at java.util.concurrent.ThreadPoolExecutor.getTask(ThreadPoolExecutor.java:1074)
        at java.util.concurrent.ThreadPoolExecutor.runWorker(ThreadPoolExecutor.java:1134)
        at java.util.concurrent.ThreadPoolExecutor$Worker.run(ThreadPoolExecutor.java:624)
        at java.lang.Thread.run(Thread.java:748)
"pool-176-thread-23"  prio=5 tid=1891 in Object.wait()
java.lang.Thread.State: WAITING (on object monitor)
        at sun.misc.Unsafe.park(Native Method)
        at java.util.concurrent.locks.LockSupport.park(LockSupport.java:175)
        at java.util.concurrent.locks.AbstractQueuedSynchronizer$ConditionObject.await(AbstractQueuedSynchronizer.java:2039)
        at java.util.concurrent.ArrayBlockingQueue.take(ArrayBlockingQueue.java:403)
        at java.util.concurrent.ThreadPoolExecutor.getTask(ThreadPoolExecutor.java:1074)
        at java.util.concurrent.ThreadPoolExecutor.runWorker(ThreadPoolExecutor.java:1134)
        at java.util.concurrent.ThreadPoolExecutor$Worker.run(ThreadPoolExecutor.java:624)
        at java.lang.Thread.run(Thread.java:748)
"pool-196-thread-8"  prio=5 tid=2001 in Object.wait()
java.lang.Thread.State: WAITING (on object monitor)
        at sun.misc.Unsafe.park(Native Method)
        at java.util.concurrent.locks.LockSupport.park(LockSupport.java:175)
        at java.util.concurrent.locks.AbstractQueuedSynchronizer$ConditionObject.await(AbstractQueuedSynchronizer.java:2039)
        at java.util.concurrent.ArrayBlockingQueue.take(ArrayBlockingQueue.java:403)
        at java.util.concurrent.ThreadPoolExecutor.getTask(ThreadPoolExecutor.java:1074)
        at java.util.concurrent.ThreadPoolExecutor.runWorker(ThreadPoolExecutor.java:1134)
        at java.util.concurrent.ThreadPoolExecutor$Worker.run(ThreadPoolExecutor.java:624)
        at java.lang.Thread.run(Thread.java:748)
"IPC Server idle connection scanner for port 39395" daemon prio=5 tid=1662 timed_waiting
java.lang.Thread.State: TIMED_WAITING
        at java.lang.Object.wait(Native Method)
        at java.util.TimerThread.mainLoop(Timer.java:552)
        at java.util.TimerThread.run(Timer.java:505)
"pool-196-thread-32"  prio=5 tid=2025 in Object.wait()
java.lang.Thread.State: WAITING (on object monitor)
        at sun.misc.Unsafe.park(Native Method)
        at java.util.concurrent.locks.LockSupport.park(LockSupport.java:175)
        at java.util.concurrent.locks.AbstractQueuedSynchronizer$ConditionObject.await(AbstractQueuedSynchronizer.java:2039)
        at java.util.concurrent.ArrayBlockingQueue.take(ArrayBlockingQueue.java:403)
        at java.util.concurrent.ThreadPoolExecutor.getTask(ThreadPoolExecutor.java:1074)
        at java.util.concurrent.ThreadPoolExecutor.runWorker(ThreadPoolExecutor.java:1134)
        at java.util.concurrent.ThreadPoolExecutor$Worker.run(ThreadPoolExecutor.java:624)
        at java.lang.Thread.run(Thread.java:748)
"pool-176-thread-35"  prio=5 tid=1903 in Object.wait()
java.lang.Thread.State: WAITING (on object monitor)
        at sun.misc.Unsafe.park(Native Method)
        at java.util.concurrent.locks.LockSupport.park(LockSupport.java:175)
        at java.util.concurrent.locks.AbstractQueuedSynchronizer$ConditionObject.await(AbstractQueuedSynchronizer.java:2039)
        at java.util.concurrent.ArrayBlockingQueue.take(ArrayBlockingQueue.java:403)
        at java.util.concurrent.ThreadPoolExecutor.getTask(ThreadPoolExecutor.java:1074)
        at java.util.concurrent.ThreadPoolExecutor.runWorker(ThreadPoolExecutor.java:1134)
        at java.util.concurrent.ThreadPoolExecutor$Worker.run(ThreadPoolExecutor.java:624)
        at java.lang.Thread.run(Thread.java:748)
"PartialTableCache Cleanup Thread - 0" daemon prio=5 tid=1645 in Object.wait()
java.lang.Thread.State: WAITING (on object monitor)
        at sun.misc.Unsafe.park(Native Method)
        at java.util.concurrent.locks.LockSupport.park(LockSupport.java:175)
        at java.util.concurrent.locks.AbstractQueuedSynchronizer$ConditionObject.await(AbstractQueuedSynchronizer.java:2039)
        at java.util.concurrent.LinkedBlockingQueue.take(LinkedBlockingQueue.java:442)
        at java.util.concurrent.ThreadPoolExecutor.getTask(ThreadPoolExecutor.java:1074)
        at java.util.concurrent.ThreadPoolExecutor.runWorker(ThreadPoolExecutor.java:1134)
        at java.util.concurrent.ThreadPoolExecutor$Worker.run(ThreadPoolExecutor.java:624)
        at java.lang.Thread.run(Thread.java:748)
"pool-196-thread-58"  prio=5 tid=2051 in Object.wait()
java.lang.Thread.State: WAITING (on object monitor)
        at sun.misc.Unsafe.park(Native Method)
        at java.util.concurrent.locks.LockSupport.park(LockSupport.java:175)
        at java.util.concurrent.locks.AbstractQueuedSynchronizer$ConditionObject.await(AbstractQueuedSynchronizer.java:2039)
        at java.util.concurrent.ArrayBlockingQueue.take(ArrayBlockingQueue.java:403)
        at java.util.concurrent.ThreadPoolExecutor.getTask(ThreadPoolExecutor.java:1074)
        at java.util.concurrent.ThreadPoolExecutor.runWorker(ThreadPoolExecutor.java:1134)
        at java.util.concurrent.ThreadPoolExecutor$Worker.run(ThreadPoolExecutor.java:624)
        at java.lang.Thread.run(Thread.java:748)
"pool-196-thread-7"  prio=5 tid=2000 in Object.wait()
java.lang.Thread.State: WAITING (on object monitor)
        at sun.misc.Unsafe.park(Native Method)
        at java.util.concurrent.locks.LockSupport.park(LockSupport.java:175)
        at java.util.concurrent.locks.AbstractQueuedSynchronizer$ConditionObject.await(AbstractQueuedSynchronizer.java:2039)
        at java.util.concurrent.ArrayBlockingQueue.take(ArrayBlockingQueue.java:403)
        at java.util.concurrent.ThreadPoolExecutor.getTask(ThreadPoolExecutor.java:1074)
        at java.util.concurrent.ThreadPoolExecutor.runWorker(ThreadPoolExecutor.java:1134)
        at java.util.concurrent.ThreadPoolExecutor$Worker.run(ThreadPoolExecutor.java:624)
        at java.lang.Thread.run(Thread.java:748)
"IPC Server handler 15 on 33059" daemon prio=5 tid=1686 timed_waiting
java.lang.Thread.State: TIMED_WAITING
        at sun.misc.Unsafe.park(Native Method)
        at java.util.concurrent.locks.LockSupport.parkNanos(LockSupport.java:215)
        at java.util.concurrent.locks.AbstractQueuedSynchronizer$ConditionObject.awaitNanos(AbstractQueuedSynchronizer.java:2078)
        at java.util.concurrent.LinkedBlockingQueue.poll(LinkedBlockingQueue.java:467)
        at org.apache.hadoop.ipc.CallQueueManager.take(CallQueueManager.java:288)
        at org.apache.hadoop.ipc.Server$Handler.run(Server.java:2668)
"pool-176-thread-37"  prio=5 tid=1905 in Object.wait()
java.lang.Thread.State: WAITING (on object monitor)
        at sun.misc.Unsafe.park(Native Method)
        at java.util.concurrent.locks.LockSupport.park(LockSupport.java:175)
        at java.util.concurrent.locks.AbstractQueuedSynchronizer$ConditionObject.await(AbstractQueuedSynchronizer.java:2039)
        at java.util.concurrent.ArrayBlockingQueue.take(ArrayBlockingQueue.java:403)
        at java.util.concurrent.ThreadPoolExecutor.getTask(ThreadPoolExecutor.java:1074)
        at java.util.concurrent.ThreadPoolExecutor.runWorker(ThreadPoolExecutor.java:1134)
        at java.util.concurrent.ThreadPoolExecutor$Worker.run(ThreadPoolExecutor.java:624)
        at java.lang.Thread.run(Thread.java:748)
"pool-176-thread-26"  prio=5 tid=1894 in Object.wait()
java.lang.Thread.State: WAITING (on object monitor)
        at sun.misc.Unsafe.park(Native Method)
        at java.util.concurrent.locks.LockSupport.park(LockSupport.java:175)
        at java.util.concurrent.locks.AbstractQueuedSynchronizer$ConditionObject.await(AbstractQueuedSynchronizer.java:2039)
        at java.util.concurrent.ArrayBlockingQueue.take(ArrayBlockingQueue.java:403)
        at java.util.concurrent.ThreadPoolExecutor.getTask(ThreadPoolExecutor.java:1074)
        at java.util.concurrent.ThreadPoolExecutor.runWorker(ThreadPoolExecutor.java:1134)
        at java.util.concurrent.ThreadPoolExecutor$Worker.run(ThreadPoolExecutor.java:624)
        at java.lang.Thread.run(Thread.java:748)
"metrics-hadoop-metrics2-reporter-74-thread-1" daemon prio=5 tid=1554 timed_waiting
java.lang.Thread.State: TIMED_WAITING
        at sun.misc.Unsafe.park(Native Method)
        at java.util.concurrent.locks.LockSupport.parkNanos(LockSupport.java:215)
        at java.util.concurrent.locks.AbstractQueuedSynchronizer$ConditionObject.awaitNanos(AbstractQueuedSynchronizer.java:2078)
        at java.util.concurrent.ScheduledThreadPoolExecutor$DelayedWorkQueue.take(ScheduledThreadPoolExecutor.java:1093)
        at java.util.concurrent.ScheduledThreadPoolExecutor$DelayedWorkQueue.take(ScheduledThreadPoolExecutor.java:809)
        at java.util.concurrent.ThreadPoolExecutor.getTask(ThreadPoolExecutor.java:1074)
        at java.util.concurrent.ThreadPoolExecutor.runWorker(ThreadPoolExecutor.java:1134)
        at java.util.concurrent.ThreadPoolExecutor$Worker.run(ThreadPoolExecutor.java:624)
        at java.lang.Thread.run(Thread.java:748)
"PartialTableCache Cleanup Thread - 0" daemon prio=5 tid=539 in Object.wait()
java.lang.Thread.State: WAITING (on object monitor)
        at sun.misc.Unsafe.park(Native Method)
        at java.util.concurrent.locks.LockSupport.park(LockSupport.java:175)
        at java.util.concurrent.locks.AbstractQueuedSynchronizer$ConditionObject.await(AbstractQueuedSynchronizer.java:2039)
        at java.util.concurrent.LinkedBlockingQueue.take(LinkedBlockingQueue.java:442)
        at java.util.concurrent.ThreadPoolExecutor.getTask(ThreadPoolExecutor.java:1074)
        at java.util.concurrent.ThreadPoolExecutor.runWorker(ThreadPoolExecutor.java:1134)
        at java.util.concurrent.ThreadPoolExecutor$Worker.run(ThreadPoolExecutor.java:624)
        at java.lang.Thread.run(Thread.java:748)
"Command processor thread" daemon prio=5 tid=1811 timed_waiting
java.lang.Thread.State: TIMED_WAITING
        at java.lang.Thread.sleep(Native Method)
        at org.apache.hadoop.ozone.container.common.statemachine.DatanodeStateMachine.lambda$initCommandHandlerThread$1(DatanodeStateMachine.java:439)
        at org.apache.hadoop.ozone.container.common.statemachine.DatanodeStateMachine$$Lambda$141/605207612.run(Unknown Source)
        at java.lang.Thread.run(Thread.java:748)
"qtp2051361244-1777-acceptor-0@27eb91ba-ServerConnector@7d17d68a{HTTP/1.1,[http/1.1]}{0.0.0.0:32824}" daemon prio=3 tid=1777 runnable
java.lang.Thread.State: RUNNABLE
        at sun.nio.ch.ServerSocketChannelImpl.accept0(Native Method)
        at sun.nio.ch.ServerSocketChannelImpl.accept(ServerSocketChannelImpl.java:422)
        at sun.nio.ch.ServerSocketChannelImpl.accept(ServerSocketChannelImpl.java:250)
        at org.eclipse.jetty.server.ServerConnector.accept(ServerConnector.java:397)
        at org.eclipse.jetty.server.AbstractConnector$Acceptor.run(AbstractConnector.java:601)
        at org.eclipse.jetty.util.thread.QueuedThreadPool.runJob(QueuedThreadPool.java:671)
        at org.eclipse.jetty.util.thread.QueuedThreadPool$2.run(QueuedThreadPool.java:589)
        at java.lang.Thread.run(Thread.java:748)
"metrics-hadoop-metrics2-reporter-65-thread-1" daemon prio=5 tid=1526 timed_waiting
java.lang.Thread.State: TIMED_WAITING
        at sun.misc.Unsafe.park(Native Method)
        at java.util.concurrent.locks.LockSupport.parkNanos(LockSupport.java:215)
        at java.util.concurrent.locks.AbstractQueuedSynchronizer$ConditionObject.awaitNanos(AbstractQueuedSynchronizer.java:2078)
        at java.util.concurrent.ScheduledThreadPoolExecutor$DelayedWorkQueue.take(ScheduledThreadPoolExecutor.java:1093)
        at java.util.concurrent.ScheduledThreadPoolExecutor$DelayedWorkQueue.take(ScheduledThreadPoolExecutor.java:809)
        at java.util.concurrent.ThreadPoolExecutor.getTask(ThreadPoolExecutor.java:1074)
        at java.util.concurrent.ThreadPoolExecutor.runWorker(ThreadPoolExecutor.java:1134)
        at java.util.concurrent.ThreadPoolExecutor$Worker.run(ThreadPoolExecutor.java:624)
        at java.lang.Thread.run(Thread.java:748)
"EventQueue-SafemodestatusForSafeModeHandler" daemon prio=5 tid=2063 in Object.wait()
java.lang.Thread.State: WAITING (on object monitor)
        at sun.misc.Unsafe.park(Native Method)
        at java.util.concurrent.locks.LockSupport.park(LockSupport.java:175)
        at java.util.concurrent.locks.AbstractQueuedSynchronizer$ConditionObject.await(AbstractQueuedSynchronizer.java:2039)
        at java.util.concurrent.LinkedBlockingQueue.take(LinkedBlockingQueue.java:442)
        at java.util.concurrent.ThreadPoolExecutor.getTask(ThreadPoolExecutor.java:1074)
        at java.util.concurrent.ThreadPoolExecutor.runWorker(ThreadPoolExecutor.java:1134)
        at java.util.concurrent.ThreadPoolExecutor$Worker.run(ThreadPoolExecutor.java:624)
        at java.lang.Thread.run(Thread.java:748)
"pool-186-thread-5"  prio=5 tid=1936 in Object.wait()
java.lang.Thread.State: WAITING (on object monitor)
        at sun.misc.Unsafe.park(Native Method)
        at java.util.concurrent.locks.LockSupport.park(LockSupport.java:175)
        at java.util.concurrent.locks.AbstractQueuedSynchronizer$ConditionObject.await(AbstractQueuedSynchronizer.java:2039)
        at java.util.concurrent.ArrayBlockingQueue.take(ArrayBlockingQueue.java:403)
        at java.util.concurrent.ThreadPoolExecutor.getTask(ThreadPoolExecutor.java:1074)
        at java.util.concurrent.ThreadPoolExecutor.runWorker(ThreadPoolExecutor.java:1134)
        at java.util.concurrent.ThreadPoolExecutor$Worker.run(ThreadPoolExecutor.java:624)
        at java.lang.Thread.run(Thread.java:748)
"Socket Reader #1 for port 33059"  prio=5 tid=1665 runnable
java.lang.Thread.State: RUNNABLE
        at sun.nio.ch.EPollArrayWrapper.epollWait(Native Method)
        at sun.nio.ch.EPollArrayWrapper.poll(EPollArrayWrapper.java:269)
        at sun.nio.ch.EPollSelectorImpl.doSelect(EPollSelectorImpl.java:93)
        at sun.nio.ch.SelectorImpl.lockAndDoSelect(SelectorImpl.java:86)
        at sun.nio.ch.SelectorImpl.select(SelectorImpl.java:97)
        at sun.nio.ch.SelectorImpl.select(SelectorImpl.java:101)
        at org.apache.hadoop.ipc.Server$Listener$Reader.doRunLoop(Server.java:1097)
        at org.apache.hadoop.ipc.Server$Listener$Reader.run(Server.java:1076)
"pool-176-thread-14"  prio=5 tid=1882 in Object.wait()
java.lang.Thread.State: WAITING (on object monitor)
        at sun.misc.Unsafe.park(Native Method)
        at java.util.concurrent.locks.LockSupport.park(LockSupport.java:175)
        at java.util.concurrent.locks.AbstractQueuedSynchronizer$ConditionObject.await(AbstractQueuedSynchronizer.java:2039)
        at java.util.concurrent.ArrayBlockingQueue.take(ArrayBlockingQueue.java:403)
        at java.util.concurrent.ThreadPoolExecutor.getTask(ThreadPoolExecutor.java:1074)
        at java.util.concurrent.ThreadPoolExecutor.runWorker(ThreadPoolExecutor.java:1134)
        at java.util.concurrent.ThreadPoolExecutor$Worker.run(ThreadPoolExecutor.java:624)
        at java.lang.Thread.run(Thread.java:748)
"pool-196-thread-56"  prio=5 tid=2049 in Object.wait()
java.lang.Thread.State: WAITING (on object monitor)
        at sun.misc.Unsafe.park(Native Method)
        at java.util.concurrent.locks.LockSupport.park(LockSupport.java:175)
        at java.util.concurrent.locks.AbstractQueuedSynchronizer$ConditionObject.await(AbstractQueuedSynchronizer.java:2039)
        at java.util.concurrent.ArrayBlockingQueue.take(ArrayBlockingQueue.java:403)
        at java.util.concurrent.ThreadPoolExecutor.getTask(ThreadPoolExecutor.java:1074)
        at java.util.concurrent.ThreadPoolExecutor.runWorker(ThreadPoolExecutor.java:1134)
        at java.util.concurrent.ThreadPoolExecutor$Worker.run(ThreadPoolExecutor.java:624)
        at java.lang.Thread.run(Thread.java:748)
"org.eclipse.jetty.server.session.HashSessionManager@2b617357Timer" daemon prio=5 tid=1858 timed_waiting
java.lang.Thread.State: TIMED_WAITING
        at sun.misc.Unsafe.park(Native Method)
        at java.util.concurrent.locks.LockSupport.parkNanos(LockSupport.java:215)
        at java.util.concurrent.locks.AbstractQueuedSynchronizer$ConditionObject.awaitNanos(AbstractQueuedSynchronizer.java:2078)
        at java.util.concurrent.ScheduledThreadPoolExecutor$DelayedWorkQueue.take(ScheduledThreadPoolExecutor.java:1093)
        at java.util.concurrent.ScheduledThreadPoolExecutor$DelayedWorkQueue.take(ScheduledThreadPoolExecutor.java:809)
        at java.util.concurrent.ThreadPoolExecutor.getTask(ThreadPoolExecutor.java:1074)
        at java.util.concurrent.ThreadPoolExecutor.runWorker(ThreadPoolExecutor.java:1134)
        at java.util.concurrent.ThreadPoolExecutor$Worker.run(ThreadPoolExecutor.java:624)
        at java.lang.Thread.run(Thread.java:748)
"org.eclipse.jetty.server.session.HashSessionManager@79771ffaTimer" daemon prio=5 tid=1830 timed_waiting
java.lang.Thread.State: TIMED_WAITING
        at sun.misc.Unsafe.park(Native Method)
        at java.util.concurrent.locks.LockSupport.parkNanos(LockSupport.java:215)
        at java.util.concurrent.locks.AbstractQueuedSynchronizer$ConditionObject.awaitNanos(AbstractQueuedSynchronizer.java:2078)
        at java.util.concurrent.ScheduledThreadPoolExecutor$DelayedWorkQueue.take(ScheduledThreadPoolExecutor.java:1093)
        at java.util.concurrent.ScheduledThreadPoolExecutor$DelayedWorkQueue.take(ScheduledThreadPoolExecutor.java:809)
        at java.util.concurrent.ThreadPoolExecutor.getTask(ThreadPoolExecutor.java:1074)
        at java.util.concurrent.ThreadPoolExecutor.runWorker(ThreadPoolExecutor.java:1134)
        at java.util.concurrent.ThreadPoolExecutor$Worker.run(ThreadPoolExecutor.java:624)
        at java.lang.Thread.run(Thread.java:748)
"pool-176-thread-58"  prio=5 tid=1926 in Object.wait()
java.lang.Thread.State: WAITING (on object monitor)
        at sun.misc.Unsafe.park(Native Method)
        at java.util.concurrent.locks.LockSupport.park(LockSupport.java:175)
        at java.util.concurrent.locks.AbstractQueuedSynchronizer$ConditionObject.await(AbstractQueuedSynchronizer.java:2039)
        at java.util.concurrent.ArrayBlockingQueue.take(ArrayBlockingQueue.java:403)
        at java.util.concurrent.ThreadPoolExecutor.getTask(ThreadPoolExecutor.java:1074)
        at java.util.concurrent.ThreadPoolExecutor.runWorker(ThreadPoolExecutor.java:1134)
        at java.util.concurrent.ThreadPoolExecutor$Worker.run(ThreadPoolExecutor.java:624)
        at java.lang.Thread.run(Thread.java:748)
"grpc-default-worker-ELG-9-4" daemon prio=5 tid=2069 runnable
java.lang.Thread.State: RUNNABLE
        at sun.nio.ch.EPollArrayWrapper.epollWait(Native Method)
        at sun.nio.ch.EPollArrayWrapper.poll(EPollArrayWrapper.java:269)
        at sun.nio.ch.EPollSelectorImpl.doSelect(EPollSelectorImpl.java:93)
        at sun.nio.ch.SelectorImpl.lockAndDoSelect(SelectorImpl.java:86)
        at sun.nio.ch.SelectorImpl.select(SelectorImpl.java:97)
        at org.apache.ratis.thirdparty.io.netty.channel.nio.SelectedSelectionKeySetSelector.select(SelectedSelectionKeySetSelector.java:62)
        at org.apache.ratis.thirdparty.io.netty.channel.nio.NioEventLoop.select(NioEventLoop.java:753)
        at org.apache.ratis.thirdparty.io.netty.channel.nio.NioEventLoop.run(NioEventLoop.java:408)
        at org.apache.ratis.thirdparty.io.netty.util.concurrent.SingleThreadEventExecutor$5.run(SingleThreadEventExecutor.java:897)
        at org.apache.ratis.thirdparty.io.netty.util.concurrent.FastThreadLocalRunnable.run(FastThreadLocalRunnable.java:30)
        at java.lang.Thread.run(Thread.java:748)
"d81605c5-54b3-45a8-b5ae-2e8d8890cbef@group-C2BDBBDF155D-StateMachineUpdater" daemon prio=5 tid=2252 in Object.wait()
java.lang.Thread.State: WAITING (on object monitor)
        at java.lang.Object.wait(Native Method)
        at java.lang.Object.wait(Object.java:502)
        at org.apache.ratis.server.impl.StateMachineUpdater.waitForCommit(StateMachineUpdater.java:194)
        at org.apache.ratis.server.impl.StateMachineUpdater.run(StateMachineUpdater.java:159)
        at java.lang.Thread.run(Thread.java:748)
"IPC Server handler 5 on 39395" daemon prio=5 tid=1696 timed_waiting
java.lang.Thread.State: TIMED_WAITING
        at sun.misc.Unsafe.park(Native Method)
        at java.util.concurrent.locks.LockSupport.parkNanos(LockSupport.java:215)
        at java.util.concurrent.locks.AbstractQueuedSynchronizer$ConditionObject.awaitNanos(AbstractQueuedSynchronizer.java:2078)
        at java.util.concurrent.LinkedBlockingQueue.poll(LinkedBlockingQueue.java:467)
        at org.apache.hadoop.ipc.CallQueueManager.take(CallQueueManager.java:288)
        at org.apache.hadoop.ipc.Server$Handler.run(Server.java:2668)
"IPC Server handler 16 on 41111" daemon prio=5 tid=1727 timed_waiting
java.lang.Thread.State: TIMED_WAITING
        at sun.misc.Unsafe.park(Native Method)
        at java.util.concurrent.locks.LockSupport.parkNanos(LockSupport.java:215)
        at java.util.concurrent.locks.AbstractQueuedSynchronizer$ConditionObject.awaitNanos(AbstractQueuedSynchronizer.java:2078)
        at java.util.concurrent.LinkedBlockingQueue.poll(LinkedBlockingQueue.java:467)
        at org.apache.hadoop.ipc.CallQueueManager.take(CallQueueManager.java:288)
        at org.apache.hadoop.ipc.Server$Handler.run(Server.java:2668)
"EventQueue-NodeRegistrationContainerReportForContainerSafeModeRule" daemon prio=5 tid=2060 in Object.wait()
java.lang.Thread.State: WAITING (on object monitor)
        at sun.misc.Unsafe.park(Native Method)
        at java.util.concurrent.locks.LockSupport.park(LockSupport.java:175)
        at java.util.concurrent.locks.AbstractQueuedSynchronizer$ConditionObject.await(AbstractQueuedSynchronizer.java:2039)
        at java.util.concurrent.LinkedBlockingQueue.take(LinkedBlockingQueue.java:442)
        at java.util.concurrent.ThreadPoolExecutor.getTask(ThreadPoolExecutor.java:1074)
        at java.util.concurrent.ThreadPoolExecutor.runWorker(ThreadPoolExecutor.java:1134)
        at java.util.concurrent.ThreadPoolExecutor$Worker.run(ThreadPoolExecutor.java:624)
        at java.lang.Thread.run(Thread.java:748)
"metrics-hadoop-metrics2-reporter-21-thread-1" daemon prio=5 tid=492 timed_waiting
java.lang.Thread.State: TIMED_WAITING
        at sun.misc.Unsafe.park(Native Method)
        at java.util.concurrent.locks.LockSupport.parkNanos(LockSupport.java:215)
        at java.util.concurrent.locks.AbstractQueuedSynchronizer$ConditionObject.awaitNanos(AbstractQueuedSynchronizer.java:2078)
        at java.util.concurrent.ScheduledThreadPoolExecutor$DelayedWorkQueue.take(ScheduledThreadPoolExecutor.java:1093)
        at java.util.concurrent.ScheduledThreadPoolExecutor$DelayedWorkQueue.take(ScheduledThreadPoolExecutor.java:809)
        at java.util.concurrent.ThreadPoolExecutor.getTask(ThreadPoolExecutor.java:1074)
        at java.util.concurrent.ThreadPoolExecutor.runWorker(ThreadPoolExecutor.java:1134)
        at java.util.concurrent.ThreadPoolExecutor$Worker.run(ThreadPoolExecutor.java:624)
        at java.lang.Thread.run(Thread.java:748)
"IPC Parameter Sending Thread #0" daemon prio=5 tid=106 timed_waiting
java.lang.Thread.State: TIMED_WAITING
        at sun.misc.Unsafe.park(Native Method)
        at java.util.concurrent.locks.LockSupport.parkNanos(LockSupport.java:215)
        at java.util.concurrent.SynchronousQueue$TransferStack.awaitFulfill(SynchronousQueue.java:460)
        at java.util.concurrent.SynchronousQueue$TransferStack.transfer(SynchronousQueue.java:362)
        at java.util.concurrent.SynchronousQueue.poll(SynchronousQueue.java:941)
        at java.util.concurrent.ThreadPoolExecutor.getTask(ThreadPoolExecutor.java:1073)
        at java.util.concurrent.ThreadPoolExecutor.runWorker(ThreadPoolExecutor.java:1134)
        at java.util.concurrent.ThreadPoolExecutor$Worker.run(ThreadPoolExecutor.java:624)
        at java.lang.Thread.run(Thread.java:748)
"Datanode State Machine Thread - 0" daemon prio=5 tid=1833 timed_waiting
java.lang.Thread.State: TIMED_WAITING
        at java.lang.Thread.sleep(Native Method)
        at org.apache.hadoop.ozone.container.common.statemachine.DatanodeStateMachine.start(DatanodeStateMachine.java:191)
        at org.apache.hadoop.ozone.container.common.statemachine.DatanodeStateMachine.lambda$startDaemon$0(DatanodeStateMachine.java:349)
        at org.apache.hadoop.ozone.container.common.statemachine.DatanodeStateMachine$$Lambda$140/53279234.run(Unknown Source)
        at java.lang.Thread.run(Thread.java:748)
"IPC Server handler 11 on 41111" daemon prio=5 tid=1722 timed_waiting
java.lang.Thread.State: TIMED_WAITING
        at sun.misc.Unsafe.park(Native Method)
        at java.util.concurrent.locks.LockSupport.parkNanos(LockSupport.java:215)
        at java.util.concurrent.locks.AbstractQueuedSynchronizer$ConditionObject.awaitNanos(AbstractQueuedSynchronizer.java:2078)
        at java.util.concurrent.LinkedBlockingQueue.poll(LinkedBlockingQueue.java:467)
        at org.apache.hadoop.ipc.CallQueueManager.take(CallQueueManager.java:288)
        at org.apache.hadoop.ipc.Server$Handler.run(Server.java:2668)
"pool-196-thread-22"  prio=5 tid=2015 in Object.wait()
java.lang.Thread.State: WAITING (on object monitor)
        at sun.misc.Unsafe.park(Native Method)
        at java.util.concurrent.locks.LockSupport.park(LockSupport.java:175)
        at java.util.concurrent.locks.AbstractQueuedSynchronizer$ConditionObject.await(AbstractQueuedSynchronizer.java:2039)
        at java.util.concurrent.ArrayBlockingQueue.take(ArrayBlockingQueue.java:403)
        at java.util.concurrent.ThreadPoolExecutor.getTask(ThreadPoolExecutor.java:1074)
        at java.util.concurrent.ThreadPoolExecutor.runWorker(ThreadPoolExecutor.java:1134)
        at java.util.concurrent.ThreadPoolExecutor$Worker.run(ThreadPoolExecutor.java:624)
        at java.lang.Thread.run(Thread.java:748)
"metrics-hadoop-metrics2-reporter-51-thread-1" daemon prio=5 tid=1043 timed_waiting
java.lang.Thread.State: TIMED_WAITING
        at sun.misc.Unsafe.park(Native Method)
        at java.util.concurrent.locks.LockSupport.parkNanos(LockSupport.java:215)
        at java.util.concurrent.locks.AbstractQueuedSynchronizer$ConditionObject.awaitNanos(AbstractQueuedSynchronizer.java:2078)
        at java.util.concurrent.ScheduledThreadPoolExecutor$DelayedWorkQueue.take(ScheduledThreadPoolExecutor.java:1093)
        at java.util.concurrent.ScheduledThreadPoolExecutor$DelayedWorkQueue.take(ScheduledThreadPoolExecutor.java:809)
        at java.util.concurrent.ThreadPoolExecutor.getTask(ThreadPoolExecutor.java:1074)
        at java.util.concurrent.ThreadPoolExecutor.runWorker(ThreadPoolExecutor.java:1134)
        at java.util.concurrent.ThreadPoolExecutor$Worker.run(ThreadPoolExecutor.java:624)
        at java.lang.Thread.run(Thread.java:748)
"qtp1635471455-1850-acceptor-0@7c3dd36a-ServerConnector@3e0ac1c4{HTTP/1.1,[http/1.1]}{0.0.0.0:35502}" daemon prio=3 tid=1850 runnable
java.lang.Thread.State: RUNNABLE
        at sun.nio.ch.ServerSocketChannelImpl.accept0(Native Method)
        at sun.nio.ch.ServerSocketChannelImpl.accept(ServerSocketChannelImpl.java:422)
        at sun.nio.ch.ServerSocketChannelImpl.accept(ServerSocketChannelImpl.java:250)
        at org.eclipse.jetty.server.ServerConnector.accept(ServerConnector.java:397)
        at org.eclipse.jetty.server.AbstractConnector$Acceptor.run(AbstractConnector.java:601)
        at org.eclipse.jetty.util.thread.QueuedThreadPool.runJob(QueuedThreadPool.java:671)
        at org.eclipse.jetty.util.thread.QueuedThreadPool$2.run(QueuedThreadPool.java:589)
        at java.lang.Thread.run(Thread.java:748)
"metrics-hadoop-metrics2-reporter-72-thread-1" daemon prio=5 tid=1549 timed_waiting
java.lang.Thread.State: TIMED_WAITING
        at sun.misc.Unsafe.park(Native Method)
        at java.util.concurrent.locks.LockSupport.parkNanos(LockSupport.java:215)
        at java.util.concurrent.locks.AbstractQueuedSynchronizer$ConditionObject.awaitNanos(AbstractQueuedSynchronizer.java:2078)
        at java.util.concurrent.ScheduledThreadPoolExecutor$DelayedWorkQueue.take(ScheduledThreadPoolExecutor.java:1093)
        at java.util.concurrent.ScheduledThreadPoolExecutor$DelayedWorkQueue.take(ScheduledThreadPoolExecutor.java:809)
        at java.util.concurrent.ThreadPoolExecutor.getTask(ThreadPoolExecutor.java:1074)
        at java.util.concurrent.ThreadPoolExecutor.runWorker(ThreadPoolExecutor.java:1134)
        at java.util.concurrent.ThreadPoolExecutor$Worker.run(ThreadPoolExecutor.java:624)
        at java.lang.Thread.run(Thread.java:748)
"qtp1145772033-1736" daemon prio=5 tid=1736 timed_waiting
java.lang.Thread.State: TIMED_WAITING
        at sun.misc.Unsafe.park(Native Method)
        at java.util.concurrent.locks.LockSupport.parkNanos(LockSupport.java:215)
        at java.util.concurrent.locks.AbstractQueuedSynchronizer$ConditionObject.awaitNanos(AbstractQueuedSynchronizer.java:2078)
        at org.eclipse.jetty.util.BlockingArrayQueue.poll(BlockingArrayQueue.java:392)
        at org.eclipse.jetty.util.thread.QueuedThreadPool.idleJobPoll(QueuedThreadPool.java:563)
        at org.eclipse.jetty.util.thread.QueuedThreadPool.access$800(QueuedThreadPool.java:48)
        at org.eclipse.jetty.util.thread.QueuedThreadPool$2.run(QueuedThreadPool.java:626)
        at java.lang.Thread.run(Thread.java:748)
"IPC Server handler 1 on 33059" daemon prio=5 tid=1672 timed_waiting
java.lang.Thread.State: TIMED_WAITING
        at sun.misc.Unsafe.park(Native Method)
        at java.util.concurrent.locks.LockSupport.parkNanos(LockSupport.java:215)
        at java.util.concurrent.locks.AbstractQueuedSynchronizer$ConditionObject.awaitNanos(AbstractQueuedSynchronizer.java:2078)
        at java.util.concurrent.LinkedBlockingQueue.poll(LinkedBlockingQueue.java:467)
        at org.apache.hadoop.ipc.CallQueueManager.take(CallQueueManager.java:288)
        at org.apache.hadoop.ipc.Server$Handler.run(Server.java:2668)
"jaeger.RemoteReporter-QueueProcessor" daemon prio=5 tid=148 in Object.wait()
java.lang.Thread.State: WAITING (on object monitor)
        at sun.misc.Unsafe.park(Native Method)
        at java.util.concurrent.locks.LockSupport.park(LockSupport.java:175)
        at java.util.concurrent.locks.AbstractQueuedSynchronizer$ConditionObject.await(AbstractQueuedSynchronizer.java:2039)
        at java.util.concurrent.ArrayBlockingQueue.take(ArrayBlockingQueue.java:403)
        at io.jaegertracing.internal.reporters.RemoteReporter$QueueProcessor.run(RemoteReporter.java:173)
        at java.lang.Thread.run(Thread.java:748)
"EventQueue-PipelineReportForPipelineReportHandler" daemon prio=5 tid=2061 in Object.wait()
java.lang.Thread.State: WAITING (on object monitor)
        at sun.misc.Unsafe.park(Native Method)
        at java.util.concurrent.locks.LockSupport.park(LockSupport.java:175)
        at java.util.concurrent.locks.AbstractQueuedSynchronizer$ConditionObject.await(AbstractQueuedSynchronizer.java:2039)
        at java.util.concurrent.LinkedBlockingQueue.take(LinkedBlockingQueue.java:442)
        at java.util.concurrent.ThreadPoolExecutor.getTask(ThreadPoolExecutor.java:1074)
        at java.util.concurrent.ThreadPoolExecutor.runWorker(ThreadPoolExecutor.java:1134)
        at java.util.concurrent.ThreadPoolExecutor$Worker.run(ThreadPoolExecutor.java:624)
        at java.lang.Thread.run(Thread.java:748)
"IPC Server handler 17 on 46187" daemon prio=5 tid=1772 timed_waiting
java.lang.Thread.State: TIMED_WAITING
        at sun.misc.Unsafe.park(Native Method)
        at java.util.concurrent.locks.LockSupport.parkNanos(LockSupport.java:215)
        at java.util.concurrent.locks.AbstractQueuedSynchronizer$ConditionObject.awaitNanos(AbstractQueuedSynchronizer.java:2078)
        at java.util.concurrent.LinkedBlockingQueue.poll(LinkedBlockingQueue.java:467)
        at org.apache.hadoop.ipc.CallQueueManager.take(CallQueueManager.java:288)
        at org.apache.hadoop.ipc.Server$Handler.run(Server.java:2668)
"IPC Server handler 6 on 39395" daemon prio=5 tid=1697 timed_waiting
java.lang.Thread.State: TIMED_WAITING
        at sun.misc.Unsafe.park(Native Method)
        at java.util.concurrent.locks.LockSupport.parkNanos(LockSupport.java:215)
        at java.util.concurrent.locks.AbstractQueuedSynchronizer$ConditionObject.awaitNanos(AbstractQueuedSynchronizer.java:2078)
        at java.util.concurrent.LinkedBlockingQueue.poll(LinkedBlockingQueue.java:467)
        at org.apache.hadoop.ipc.CallQueueManager.take(CallQueueManager.java:288)
        at org.apache.hadoop.ipc.Server$Handler.run(Server.java:2668)
"pool-196-thread-17"  prio=5 tid=2010 in Object.wait()
java.lang.Thread.State: WAITING (on object monitor)
        at sun.misc.Unsafe.park(Native Method)
        at java.util.concurrent.locks.LockSupport.park(LockSupport.java:175)
        at java.util.concurrent.locks.AbstractQueuedSynchronizer$ConditionObject.await(AbstractQueuedSynchronizer.java:2039)
        at java.util.concurrent.ArrayBlockingQueue.take(ArrayBlockingQueue.java:403)
        at java.util.concurrent.ThreadPoolExecutor.getTask(ThreadPoolExecutor.java:1074)
        at java.util.concurrent.ThreadPoolExecutor.runWorker(ThreadPoolExecutor.java:1134)
        at java.util.concurrent.ThreadPoolExecutor$Worker.run(ThreadPoolExecutor.java:624)
        at java.lang.Thread.run(Thread.java:748)
"IPC Server listener on 41111" daemon prio=5 tid=1656 runnable
java.lang.Thread.State: RUNNABLE
        at sun.nio.ch.EPollArrayWrapper.epollWait(Native Method)
        at sun.nio.ch.EPollArrayWrapper.poll(EPollArrayWrapper.java:269)
        at sun.nio.ch.EPollSelectorImpl.doSelect(EPollSelectorImpl.java:93)
        at sun.nio.ch.SelectorImpl.lockAndDoSelect(SelectorImpl.java:86)
        at sun.nio.ch.SelectorImpl.select(SelectorImpl.java:97)
        at sun.nio.ch.SelectorImpl.select(SelectorImpl.java:101)
        at org.apache.hadoop.ipc.Server$Listener.run(Server.java:1159)
"metrics-hadoop-metrics2-reporter-96-thread-1" daemon prio=5 tid=2110 timed_waiting
java.lang.Thread.State: TIMED_WAITING
        at sun.misc.Unsafe.park(Native Method)
        at java.util.concurrent.locks.LockSupport.parkNanos(LockSupport.java:215)
        at java.util.concurrent.locks.AbstractQueuedSynchronizer$ConditionObject.awaitNanos(AbstractQueuedSynchronizer.java:2078)
        at java.util.concurrent.ScheduledThreadPoolExecutor$DelayedWorkQueue.take(ScheduledThreadPoolExecutor.java:1093)
        at java.util.concurrent.ScheduledThreadPoolExecutor$DelayedWorkQueue.take(ScheduledThreadPoolExecutor.java:809)
        at java.util.concurrent.ThreadPoolExecutor.getTask(ThreadPoolExecutor.java:1074)
        at java.util.concurrent.ThreadPoolExecutor.runWorker(ThreadPoolExecutor.java:1134)
        at java.util.concurrent.ThreadPoolExecutor$Worker.run(ThreadPoolExecutor.java:624)
        at java.lang.Thread.run(Thread.java:748)
"pool-186-thread-20"  prio=5 tid=1951 in Object.wait()
java.lang.Thread.State: WAITING (on object monitor)
        at sun.misc.Unsafe.park(Native Method)
        at java.util.concurrent.locks.LockSupport.park(LockSupport.java:175)
        at java.util.concurrent.locks.AbstractQueuedSynchronizer$ConditionObject.await(AbstractQueuedSynchronizer.java:2039)
        at java.util.concurrent.ArrayBlockingQueue.take(ArrayBlockingQueue.java:403)
        at java.util.concurrent.ThreadPoolExecutor.getTask(ThreadPoolExecutor.java:1074)
        at java.util.concurrent.ThreadPoolExecutor.runWorker(ThreadPoolExecutor.java:1134)
        at java.util.concurrent.ThreadPoolExecutor$Worker.run(ThreadPoolExecutor.java:624)
        at java.lang.Thread.run(Thread.java:748)
"metrics-hadoop-metrics2-reporter-97-thread-1" daemon prio=5 tid=2116 timed_waiting
java.lang.Thread.State: TIMED_WAITING
        at sun.misc.Unsafe.park(Native Method)
        at java.util.concurrent.locks.LockSupport.parkNanos(LockSupport.java:215)
        at java.util.concurrent.locks.AbstractQueuedSynchronizer$ConditionObject.awaitNanos(AbstractQueuedSynchronizer.java:2078)
        at java.util.concurrent.ScheduledThreadPoolExecutor$DelayedWorkQueue.take(ScheduledThreadPoolExecutor.java:1093)
        at java.util.concurrent.ScheduledThreadPoolExecutor$DelayedWorkQueue.take(ScheduledThreadPoolExecutor.java:809)
        at java.util.concurrent.ThreadPoolExecutor.getTask(ThreadPoolExecutor.java:1074)
        at java.util.concurrent.ThreadPoolExecutor.runWorker(ThreadPoolExecutor.java:1134)
        at java.util.concurrent.ThreadPoolExecutor$Worker.run(ThreadPoolExecutor.java:624)
        at java.lang.Thread.run(Thread.java:748)
"metrics-hadoop-metrics2-reporter-31-thread-1" daemon prio=5 tid=979 timed_waiting
java.lang.Thread.State: TIMED_WAITING
        at sun.misc.Unsafe.park(Native Method)
        at java.util.concurrent.locks.LockSupport.parkNanos(LockSupport.java:215)
        at java.util.concurrent.locks.AbstractQueuedSynchronizer$ConditionObject.awaitNanos(AbstractQueuedSynchronizer.java:2078)
        at java.util.concurrent.ScheduledThreadPoolExecutor$DelayedWorkQueue.take(ScheduledThreadPoolExecutor.java:1093)
        at java.util.concurrent.ScheduledThreadPoolExecutor$DelayedWorkQueue.take(ScheduledThreadPoolExecutor.java:809)
        at java.util.concurrent.ThreadPoolExecutor.getTask(ThreadPoolExecutor.java:1074)
        at java.util.concurrent.ThreadPoolExecutor.runWorker(ThreadPoolExecutor.java:1134)
        at java.util.concurrent.ThreadPoolExecutor$Worker.run(ThreadPoolExecutor.java:624)
        at java.lang.Thread.run(Thread.java:748)
"metrics-hadoop-metrics2-reporter-44-thread-1" daemon prio=5 tid=1020 timed_waiting
java.lang.Thread.State: TIMED_WAITING
        at sun.misc.Unsafe.park(Native Method)
        at java.util.concurrent.locks.LockSupport.parkNanos(LockSupport.java:215)
        at java.util.concurrent.locks.AbstractQueuedSynchronizer$ConditionObject.awaitNanos(AbstractQueuedSynchronizer.java:2078)
        at java.util.concurrent.ScheduledThreadPoolExecutor$DelayedWorkQueue.take(ScheduledThreadPoolExecutor.java:1093)
        at java.util.concurrent.ScheduledThreadPoolExecutor$DelayedWorkQueue.take(ScheduledThreadPoolExecutor.java:809)
        at java.util.concurrent.ThreadPoolExecutor.getTask(ThreadPoolExecutor.java:1074)
        at java.util.concurrent.ThreadPoolExecutor.runWorker(ThreadPoolExecutor.java:1134)
        at java.util.concurrent.ThreadPoolExecutor$Worker.run(ThreadPoolExecutor.java:624)
        at java.lang.Thread.run(Thread.java:748)
"metrics-hadoop-metrics2-reporter-75-thread-1" daemon prio=5 tid=1555 timed_waiting
java.lang.Thread.State: TIMED_WAITING
        at sun.misc.Unsafe.park(Native Method)
        at java.util.concurrent.locks.LockSupport.parkNanos(LockSupport.java:215)
        at java.util.concurrent.locks.AbstractQueuedSynchronizer$ConditionObject.awaitNanos(AbstractQueuedSynchronizer.java:2078)
        at java.util.concurrent.ScheduledThreadPoolExecutor$DelayedWorkQueue.take(ScheduledThreadPoolExecutor.java:1093)
        at java.util.concurrent.ScheduledThreadPoolExecutor$DelayedWorkQueue.take(ScheduledThreadPoolExecutor.java:809)
        at java.util.concurrent.ThreadPoolExecutor.getTask(ThreadPoolExecutor.java:1074)
        at java.util.concurrent.ThreadPoolExecutor.runWorker(ThreadPoolExecutor.java:1134)
        at java.util.concurrent.ThreadPoolExecutor$Worker.run(ThreadPoolExecutor.java:624)
        at java.lang.Thread.run(Thread.java:748)
"pool-196-thread-24"  prio=5 tid=2017 in Object.wait()
java.lang.Thread.State: WAITING (on object monitor)
        at sun.misc.Unsafe.park(Native Method)
        at java.util.concurrent.locks.LockSupport.park(LockSupport.java:175)
        at java.util.concurrent.locks.AbstractQueuedSynchronizer$ConditionObject.await(AbstractQueuedSynchronizer.java:2039)
        at java.util.concurrent.ArrayBlockingQueue.take(ArrayBlockingQueue.java:403)
        at java.util.concurrent.ThreadPoolExecutor.getTask(ThreadPoolExecutor.java:1074)
        at java.util.concurrent.ThreadPoolExecutor.runWorker(ThreadPoolExecutor.java:1134)
        at java.util.concurrent.ThreadPoolExecutor$Worker.run(ThreadPoolExecutor.java:624)
        at java.lang.Thread.run(Thread.java:748)
"pool-186-thread-35"  prio=5 tid=1966 in Object.wait()
java.lang.Thread.State: WAITING (on object monitor)
        at sun.misc.Unsafe.park(Native Method)
        at java.util.concurrent.locks.LockSupport.park(LockSupport.java:175)
        at java.util.concurrent.locks.AbstractQueuedSynchronizer$ConditionObject.await(AbstractQueuedSynchronizer.java:2039)
        at java.util.concurrent.ArrayBlockingQueue.take(ArrayBlockingQueue.java:403)
        at java.util.concurrent.ThreadPoolExecutor.getTask(ThreadPoolExecutor.java:1074)
        at java.util.concurrent.ThreadPoolExecutor.runWorker(ThreadPoolExecutor.java:1134)
        at java.util.concurrent.ThreadPoolExecutor$Worker.run(ThreadPoolExecutor.java:624)
        at java.lang.Thread.run(Thread.java:748)
"BlockDeletingService#1" daemon prio=5 tid=2055 in Object.wait()
java.lang.Thread.State: WAITING (on object monitor)
        at sun.misc.Unsafe.park(Native Method)
        at java.util.concurrent.locks.LockSupport.park(LockSupport.java:175)
        at java.util.concurrent.locks.AbstractQueuedSynchronizer$ConditionObject.await(AbstractQueuedSynchronizer.java:2039)
        at java.util.concurrent.ScheduledThreadPoolExecutor$DelayedWorkQueue.take(ScheduledThreadPoolExecutor.java:1088)
        at java.util.concurrent.ScheduledThreadPoolExecutor$DelayedWorkQueue.take(ScheduledThreadPoolExecutor.java:809)
        at java.util.concurrent.ThreadPoolExecutor.getTask(ThreadPoolExecutor.java:1074)
        at java.util.concurrent.ThreadPoolExecutor.runWorker(ThreadPoolExecutor.java:1134)
        at java.util.concurrent.ThreadPoolExecutor$Worker.run(ThreadPoolExecutor.java:624)
        at java.lang.Thread.run(Thread.java:748)
"IPC Server handler 14 on 46187" daemon prio=5 tid=1769 timed_waiting
java.lang.Thread.State: TIMED_WAITING
        at sun.misc.Unsafe.park(Native Method)
        at java.util.concurrent.locks.LockSupport.parkNanos(LockSupport.java:215)
        at java.util.concurrent.locks.AbstractQueuedSynchronizer$ConditionObject.awaitNanos(AbstractQueuedSynchronizer.java:2078)
        at java.util.concurrent.LinkedBlockingQueue.poll(LinkedBlockingQueue.java:467)
        at org.apache.hadoop.ipc.CallQueueManager.take(CallQueueManager.java:288)
        at org.apache.hadoop.ipc.Server$Handler.run(Server.java:2668)
"IPC Client (16473961) connection to /0.0.0.0:41111 from jenkins1000" daemon prio=5 tid=1868 timed_waiting
java.lang.Thread.State: TIMED_WAITING
        at java.lang.Object.wait(Native Method)
        at org.apache.hadoop.ipc.Client$Connection.waitForWork(Client.java:1024)
        at org.apache.hadoop.ipc.Client$Connection.run(Client.java:1068)
"qtp2051361244-1782" daemon prio=5 tid=1782 timed_waiting
java.lang.Thread.State: TIMED_WAITING
        at sun.misc.Unsafe.park(Native Method)
        at java.util.concurrent.locks.LockSupport.parkNanos(LockSupport.java:215)
        at java.util.concurrent.locks.AbstractQueuedSynchronizer$ConditionObject.awaitNanos(AbstractQueuedSynchronizer.java:2078)
        at org.eclipse.jetty.util.BlockingArrayQueue.poll(BlockingArrayQueue.java:392)
        at org.eclipse.jetty.util.thread.QueuedThreadPool.idleJobPoll(QueuedThreadPool.java:563)
        at org.eclipse.jetty.util.thread.QueuedThreadPool.access$800(QueuedThreadPool.java:48)
        at org.eclipse.jetty.util.thread.QueuedThreadPool$2.run(QueuedThreadPool.java:626)
        at java.lang.Thread.run(Thread.java:748)
"metrics-hadoop-metrics2-reporter-88-thread-1" daemon prio=5 tid=2087 timed_waiting
java.lang.Thread.State: TIMED_WAITING
        at sun.misc.Unsafe.park(Native Method)
        at java.util.concurrent.locks.LockSupport.parkNanos(LockSupport.java:215)
        at java.util.concurrent.locks.AbstractQueuedSynchronizer$ConditionObject.awaitNanos(AbstractQueuedSynchronizer.java:2078)
        at java.util.concurrent.ScheduledThreadPoolExecutor$DelayedWorkQueue.take(ScheduledThreadPoolExecutor.java:1093)
        at java.util.concurrent.ScheduledThreadPoolExecutor$DelayedWorkQueue.take(ScheduledThreadPoolExecutor.java:809)
        at java.util.concurrent.ThreadPoolExecutor.getTask(ThreadPoolExecutor.java:1074)
        at java.util.concurrent.ThreadPoolExecutor.runWorker(ThreadPoolExecutor.java:1134)
        at java.util.concurrent.ThreadPoolExecutor$Worker.run(ThreadPoolExecutor.java:624)
        at java.lang.Thread.run(Thread.java:748)
"pool-186-thread-7"  prio=5 tid=1938 in Object.wait()
java.lang.Thread.State: WAITING (on object monitor)
        at sun.misc.Unsafe.park(Native Method)
        at java.util.concurrent.locks.LockSupport.park(LockSupport.java:175)
        at java.util.concurrent.locks.AbstractQueuedSynchronizer$ConditionObject.await(AbstractQueuedSynchronizer.java:2039)
        at java.util.concurrent.ArrayBlockingQueue.take(ArrayBlockingQueue.java:403)
        at java.util.concurrent.ThreadPoolExecutor.getTask(ThreadPoolExecutor.java:1074)
        at java.util.concurrent.ThreadPoolExecutor.runWorker(ThreadPoolExecutor.java:1134)
        at java.util.concurrent.ThreadPoolExecutor$Worker.run(ThreadPoolExecutor.java:624)
        at java.lang.Thread.run(Thread.java:748)
"metrics-hadoop-metrics2-reporter-58-thread-1" daemon prio=5 tid=1507 timed_waiting
java.lang.Thread.State: TIMED_WAITING
        at sun.misc.Unsafe.park(Native Method)
        at java.util.concurrent.locks.LockSupport.parkNanos(LockSupport.java:215)
        at java.util.concurrent.locks.AbstractQueuedSynchronizer$ConditionObject.awaitNanos(AbstractQueuedSynchronizer.java:2078)
        at java.util.concurrent.ScheduledThreadPoolExecutor$DelayedWorkQueue.take(ScheduledThreadPoolExecutor.java:1093)
        at java.util.concurrent.ScheduledThreadPoolExecutor$DelayedWorkQueue.take(ScheduledThreadPoolExecutor.java:809)
        at java.util.concurrent.ThreadPoolExecutor.getTask(ThreadPoolExecutor.java:1074)
        at java.util.concurrent.ThreadPoolExecutor.runWorker(ThreadPoolExecutor.java:1134)
        at java.util.concurrent.ThreadPoolExecutor$Worker.run(ThreadPoolExecutor.java:624)
        at java.lang.Thread.run(Thread.java:748)
"pool-176-thread-25"  prio=5 tid=1893 in Object.wait()
java.lang.Thread.State: WAITING (on object monitor)
        at sun.misc.Unsafe.park(Native Method)
        at java.util.concurrent.locks.LockSupport.park(LockSupport.java:175)
        at java.util.concurrent.locks.AbstractQueuedSynchronizer$ConditionObject.await(AbstractQueuedSynchronizer.java:2039)
        at java.util.concurrent.ArrayBlockingQueue.take(ArrayBlockingQueue.java:403)
        at java.util.concurrent.ThreadPoolExecutor.getTask(ThreadPoolExecutor.java:1074)
        at java.util.concurrent.ThreadPoolExecutor.runWorker(ThreadPoolExecutor.java:1134)
        at java.util.concurrent.ThreadPoolExecutor$Worker.run(ThreadPoolExecutor.java:624)
        at java.lang.Thread.run(Thread.java:748)
"7f29c796-0732-402f-b865-67033766dcba@group-C2BDBBDF155D-StateMachineUpdater" daemon prio=5 tid=2259 in Object.wait()
java.lang.Thread.State: WAITING (on object monitor)
        at java.lang.Object.wait(Native Method)
        at java.lang.Object.wait(Object.java:502)
        at org.apache.ratis.server.impl.StateMachineUpdater.waitForCommit(StateMachineUpdater.java:194)
        at org.apache.ratis.server.impl.StateMachineUpdater.run(StateMachineUpdater.java:159)
        at java.lang.Thread.run(Thread.java:748)
"pool-186-thread-51"  prio=5 tid=1982 in Object.wait()
java.lang.Thread.State: WAITING (on object monitor)
        at sun.misc.Unsafe.park(Native Method)
        at java.util.concurrent.locks.LockSupport.park(LockSupport.java:175)
        at java.util.concurrent.locks.AbstractQueuedSynchronizer$ConditionObject.await(AbstractQueuedSynchronizer.java:2039)
        at java.util.concurrent.ArrayBlockingQueue.take(ArrayBlockingQueue.java:403)
        at java.util.concurrent.ThreadPoolExecutor.getTask(ThreadPoolExecutor.java:1074)
        at java.util.concurrent.ThreadPoolExecutor.runWorker(ThreadPoolExecutor.java:1134)
        at java.util.concurrent.ThreadPoolExecutor$Worker.run(ThreadPoolExecutor.java:624)
        at java.lang.Thread.run(Thread.java:748)
"Thread-941" daemon prio=5 tid=2109 timed_waiting
java.lang.Thread.State: TIMED_WAITING
        at sun.misc.Unsafe.park(Native Method)
        at java.util.concurrent.locks.LockSupport.parkNanos(LockSupport.java:215)
        at java.util.concurrent.locks.AbstractQueuedSynchronizer$ConditionObject.awaitNanos(AbstractQueuedSynchronizer.java:2078)
        at java.util.concurrent.ArrayBlockingQueue.poll(ArrayBlockingQueue.java:418)
        at org.apache.ratis.server.impl.LeaderState$EventQueue.poll(LeaderState.java:115)
        at org.apache.ratis.server.impl.LeaderState$EventProcessor.run(LeaderState.java:467)
"Signal Dispatcher" daemon prio=9 tid=4 runnable
java.lang.Thread.State: RUNNABLE
"IPC Server handler 18 on 33059" daemon prio=5 tid=1689 timed_waiting
java.lang.Thread.State: TIMED_WAITING
        at sun.misc.Unsafe.park(Native Method)
        at java.util.concurrent.locks.LockSupport.parkNanos(LockSupport.java:215)
        at java.util.concurrent.locks.AbstractQueuedSynchronizer$ConditionObject.awaitNanos(AbstractQueuedSynchronizer.java:2078)
        at java.util.concurrent.LinkedBlockingQueue.poll(LinkedBlockingQueue.java:467)
        at org.apache.hadoop.ipc.CallQueueManager.take(CallQueueManager.java:288)
        at org.apache.hadoop.ipc.Server$Handler.run(Server.java:2668)
"pool-176-thread-60"  prio=5 tid=1928 in Object.wait()
java.lang.Thread.State: WAITING (on object monitor)
        at sun.misc.Unsafe.park(Native Method)
        at java.util.concurrent.locks.LockSupport.park(LockSupport.java:175)
        at java.util.concurrent.locks.AbstractQueuedSynchronizer$ConditionObject.await(AbstractQueuedSynchronizer.java:2039)
        at java.util.concurrent.ArrayBlockingQueue.take(ArrayBlockingQueue.java:403)
        at java.util.concurrent.ThreadPoolExecutor.getTask(ThreadPoolExecutor.java:1074)
        at java.util.concurrent.ThreadPoolExecutor.runWorker(ThreadPoolExecutor.java:1134)
        at java.util.concurrent.ThreadPoolExecutor$Worker.run(ThreadPoolExecutor.java:624)
        at java.lang.Thread.run(Thread.java:748)
"pool-187-thread-1"  prio=5 tid=2080 in Object.wait()
java.lang.Thread.State: WAITING (on object monitor)
        at sun.misc.Unsafe.park(Native Method)
        at java.util.concurrent.locks.LockSupport.park(LockSupport.java:175)
        at java.util.concurrent.locks.AbstractQueuedSynchronizer$ConditionObject.await(AbstractQueuedSynchronizer.java:2039)
        at java.util.concurrent.LinkedBlockingQueue.take(LinkedBlockingQueue.java:442)
        at java.util.concurrent.ThreadPoolExecutor.getTask(ThreadPoolExecutor.java:1074)
        at java.util.concurrent.ThreadPoolExecutor.runWorker(ThreadPoolExecutor.java:1134)
        at java.util.concurrent.ThreadPoolExecutor$Worker.run(ThreadPoolExecutor.java:624)
        at java.lang.Thread.run(Thread.java:748)
"metrics-hadoop-metrics2-reporter-92-thread-1" daemon prio=5 tid=2097 timed_waiting
java.lang.Thread.State: TIMED_WAITING
        at sun.misc.Unsafe.park(Native Method)
        at java.util.concurrent.locks.LockSupport.parkNanos(LockSupport.java:215)
        at java.util.concurrent.locks.AbstractQueuedSynchronizer$ConditionObject.awaitNanos(AbstractQueuedSynchronizer.java:2078)
        at java.util.concurrent.ScheduledThreadPoolExecutor$DelayedWorkQueue.take(ScheduledThreadPoolExecutor.java:1093)
        at java.util.concurrent.ScheduledThreadPoolExecutor$DelayedWorkQueue.take(ScheduledThreadPoolExecutor.java:809)
        at java.util.concurrent.ThreadPoolExecutor.getTask(ThreadPoolExecutor.java:1074)
        at java.util.concurrent.ThreadPoolExecutor.runWorker(ThreadPoolExecutor.java:1134)
        at java.util.concurrent.ThreadPoolExecutor$Worker.run(ThreadPoolExecutor.java:624)
        at java.lang.Thread.run(Thread.java:748)
"grpc-default-worker-ELG-9-2" daemon prio=5 tid=2067 runnable
java.lang.Thread.State: RUNNABLE
        at sun.nio.ch.EPollArrayWrapper.epollWait(Native Method)
        at sun.nio.ch.EPollArrayWrapper.poll(EPollArrayWrapper.java:269)
        at sun.nio.ch.EPollSelectorImpl.doSelect(EPollSelectorImpl.java:93)
        at sun.nio.ch.SelectorImpl.lockAndDoSelect(SelectorImpl.java:86)
        at sun.nio.ch.SelectorImpl.select(SelectorImpl.java:97)
        at org.apache.ratis.thirdparty.io.netty.channel.nio.SelectedSelectionKeySetSelector.select(SelectedSelectionKeySetSelector.java:62)
        at org.apache.ratis.thirdparty.io.netty.channel.nio.NioEventLoop.select(NioEventLoop.java:753)
        at org.apache.ratis.thirdparty.io.netty.channel.nio.NioEventLoop.run(NioEventLoop.java:408)
        at org.apache.ratis.thirdparty.io.netty.util.concurrent.SingleThreadEventExecutor$5.run(SingleThreadEventExecutor.java:897)
        at org.apache.ratis.thirdparty.io.netty.util.concurrent.FastThreadLocalRunnable.run(FastThreadLocalRunnable.java:30)
        at java.lang.Thread.run(Thread.java:748)
"metrics-hadoop-metrics2-reporter-4-thread-1" daemon prio=5 tid=442 timed_waiting
java.lang.Thread.State: TIMED_WAITING
        at sun.misc.Unsafe.park(Native Method)
        at java.util.concurrent.locks.LockSupport.parkNanos(LockSupport.java:215)
        at java.util.concurrent.locks.AbstractQueuedSynchronizer$ConditionObject.awaitNanos(AbstractQueuedSynchronizer.java:2078)
        at java.util.concurrent.ScheduledThreadPoolExecutor$DelayedWorkQueue.take(ScheduledThreadPoolExecutor.java:1093)
        at java.util.concurrent.ScheduledThreadPoolExecutor$DelayedWorkQueue.take(ScheduledThreadPoolExecutor.java:809)
        at java.util.concurrent.ThreadPoolExecutor.getTask(ThreadPoolExecutor.java:1074)
        at java.util.concurrent.ThreadPoolExecutor.runWorker(ThreadPoolExecutor.java:1134)
        at java.util.concurrent.ThreadPoolExecutor$Worker.run(ThreadPoolExecutor.java:624)
        at java.lang.Thread.run(Thread.java:748)
"metrics-hadoop-metrics2-reporter-13-thread-1" daemon prio=5 tid=464 timed_waiting
java.lang.Thread.State: TIMED_WAITING
        at sun.misc.Unsafe.park(Native Method)
        at java.util.concurrent.locks.LockSupport.parkNanos(LockSupport.java:215)
        at java.util.concurrent.locks.AbstractQueuedSynchronizer$ConditionObject.awaitNanos(AbstractQueuedSynchronizer.java:2078)
        at java.util.concurrent.ScheduledThreadPoolExecutor$DelayedWorkQueue.take(ScheduledThreadPoolExecutor.java:1093)
        at java.util.concurrent.ScheduledThreadPoolExecutor$DelayedWorkQueue.take(ScheduledThreadPoolExecutor.java:809)
        at java.util.concurrent.ThreadPoolExecutor.getTask(ThreadPoolExecutor.java:1074)
        at java.util.concurrent.ThreadPoolExecutor.runWorker(ThreadPoolExecutor.java:1134)
        at java.util.concurrent.ThreadPoolExecutor$Worker.run(ThreadPoolExecutor.java:624)
        at java.lang.Thread.run(Thread.java:748)
"pool-176-thread-57"  prio=5 tid=1925 in Object.wait()
java.lang.Thread.State: WAITING (on object monitor)
        at sun.misc.Unsafe.park(Native Method)
        at java.util.concurrent.locks.LockSupport.park(LockSupport.java:175)
        at java.util.concurrent.locks.AbstractQueuedSynchronizer$ConditionObject.await(AbstractQueuedSynchronizer.java:2039)
        at java.util.concurrent.ArrayBlockingQueue.take(ArrayBlockingQueue.java:403)
        at java.util.concurrent.ThreadPoolExecutor.getTask(ThreadPoolExecutor.java:1074)
        at java.util.concurrent.ThreadPoolExecutor.runWorker(ThreadPoolExecutor.java:1134)
        at java.util.concurrent.ThreadPoolExecutor$Worker.run(ThreadPoolExecutor.java:624)
        at java.lang.Thread.run(Thread.java:748)
"metrics-hadoop-metrics2-reporter-110-thread-1" daemon prio=5 tid=2263 timed_waiting
java.lang.Thread.State: TIMED_WAITING
        at sun.misc.Unsafe.park(Native Method)
        at java.util.concurrent.locks.LockSupport.parkNanos(LockSupport.java:215)
        at java.util.concurrent.locks.AbstractQueuedSynchronizer$ConditionObject.awaitNanos(AbstractQueuedSynchronizer.java:2078)
        at java.util.concurrent.ScheduledThreadPoolExecutor$DelayedWorkQueue.take(ScheduledThreadPoolExecutor.java:1093)
        at java.util.concurrent.ScheduledThreadPoolExecutor$DelayedWorkQueue.take(ScheduledThreadPoolExecutor.java:809)
        at java.util.concurrent.ThreadPoolExecutor.getTask(ThreadPoolExecutor.java:1074)
        at java.util.concurrent.ThreadPoolExecutor.runWorker(ThreadPoolExecutor.java:1134)
        at java.util.concurrent.ThreadPoolExecutor$Worker.run(ThreadPoolExecutor.java:624)
        at java.lang.Thread.run(Thread.java:748)
"Datanode ReportManager Thread - 1" daemon prio=5 tid=710 in Object.wait()
java.lang.Thread.State: WAITING (on object monitor)
        at sun.misc.Unsafe.park(Native Method)
        at java.util.concurrent.locks.LockSupport.park(LockSupport.java:175)
        at java.util.concurrent.locks.AbstractQueuedSynchronizer$ConditionObject.await(AbstractQueuedSynchronizer.java:2039)
        at java.util.concurrent.ScheduledThreadPoolExecutor$DelayedWorkQueue.take(ScheduledThreadPoolExecutor.java:1088)
        at java.util.concurrent.ScheduledThreadPoolExecutor$DelayedWorkQueue.take(ScheduledThreadPoolExecutor.java:809)
        at java.util.concurrent.ThreadPoolExecutor.getTask(ThreadPoolExecutor.java:1074)
        at java.util.concurrent.ThreadPoolExecutor.runWorker(ThreadPoolExecutor.java:1134)
        at java.util.concurrent.ThreadPoolExecutor$Worker.run(ThreadPoolExecutor.java:624)
        at java.lang.Thread.run(Thread.java:748)
"metrics-hadoop-metrics2-reporter-18-thread-1" daemon prio=5 tid=485 timed_waiting
java.lang.Thread.State: TIMED_WAITING
        at sun.misc.Unsafe.park(Native Method)
        at java.util.concurrent.locks.LockSupport.parkNanos(LockSupport.java:215)
        at java.util.concurrent.locks.AbstractQueuedSynchronizer$ConditionObject.awaitNanos(AbstractQueuedSynchronizer.java:2078)
        at java.util.concurrent.ScheduledThreadPoolExecutor$DelayedWorkQueue.take(ScheduledThreadPoolExecutor.java:1093)
        at java.util.concurrent.ScheduledThreadPoolExecutor$DelayedWorkQueue.take(ScheduledThreadPoolExecutor.java:809)
        at java.util.concurrent.ThreadPoolExecutor.getTask(ThreadPoolExecutor.java:1074)
        at java.util.concurrent.ThreadPoolExecutor.runWorker(ThreadPoolExecutor.java:1134)
        at java.util.concurrent.ThreadPoolExecutor$Worker.run(ThreadPoolExecutor.java:624)
        at java.lang.Thread.run(Thread.java:748)
"pool-196-thread-20"  prio=5 tid=2013 in Object.wait()
java.lang.Thread.State: WAITING (on object monitor)
        at sun.misc.Unsafe.park(Native Method)
        at java.util.concurrent.locks.LockSupport.park(LockSupport.java:175)
        at java.util.concurrent.locks.AbstractQueuedSynchronizer$ConditionObject.await(AbstractQueuedSynchronizer.java:2039)
        at java.util.concurrent.ArrayBlockingQueue.take(ArrayBlockingQueue.java:403)
        at java.util.concurrent.ThreadPoolExecutor.getTask(ThreadPoolExecutor.java:1074)
        at java.util.concurrent.ThreadPoolExecutor.runWorker(ThreadPoolExecutor.java:1134)
        at java.util.concurrent.ThreadPoolExecutor$Worker.run(ThreadPoolExecutor.java:624)
        at java.lang.Thread.run(Thread.java:748)
"pool-186-thread-4"  prio=5 tid=1935 in Object.wait()
java.lang.Thread.State: WAITING (on object monitor)
        at sun.misc.Unsafe.park(Native Method)
        at java.util.concurrent.locks.LockSupport.park(LockSupport.java:175)
        at java.util.concurrent.locks.AbstractQueuedSynchronizer$ConditionObject.await(AbstractQueuedSynchronizer.java:2039)
        at java.util.concurrent.ArrayBlockingQueue.take(ArrayBlockingQueue.java:403)
        at java.util.concurrent.ThreadPoolExecutor.getTask(ThreadPoolExecutor.java:1074)
        at java.util.concurrent.ThreadPoolExecutor.runWorker(ThreadPoolExecutor.java:1134)
        at java.util.concurrent.ThreadPoolExecutor$Worker.run(ThreadPoolExecutor.java:624)
        at java.lang.Thread.run(Thread.java:748)
"IPC Server handler 17 on 39395" daemon prio=5 tid=1708 timed_waiting
java.lang.Thread.State: TIMED_WAITING
        at sun.misc.Unsafe.park(Native Method)
        at java.util.concurrent.locks.LockSupport.parkNanos(LockSupport.java:215)
        at java.util.concurrent.locks.AbstractQueuedSynchronizer$ConditionObject.awaitNanos(AbstractQueuedSynchronizer.java:2078)
        at java.util.concurrent.LinkedBlockingQueue.poll(LinkedBlockingQueue.java:467)
        at org.apache.hadoop.ipc.CallQueueManager.take(CallQueueManager.java:288)
        at org.apache.hadoop.ipc.Server$Handler.run(Server.java:2668)
"pool-196-thread-5"  prio=5 tid=1998 in Object.wait()
java.lang.Thread.State: WAITING (on object monitor)
        at sun.misc.Unsafe.park(Native Method)
        at java.util.concurrent.locks.LockSupport.park(LockSupport.java:175)
        at java.util.concurrent.locks.AbstractQueuedSynchronizer$ConditionObject.await(AbstractQueuedSynchronizer.java:2039)
        at java.util.concurrent.ArrayBlockingQueue.take(ArrayBlockingQueue.java:403)
        at java.util.concurrent.ThreadPoolExecutor.getTask(ThreadPoolExecutor.java:1074)
        at java.util.concurrent.ThreadPoolExecutor.runWorker(ThreadPoolExecutor.java:1134)
        at java.util.concurrent.ThreadPoolExecutor$Worker.run(ThreadPoolExecutor.java:624)
        at java.lang.Thread.run(Thread.java:748)
"pool-176-thread-38"  prio=5 tid=1906 in Object.wait()
java.lang.Thread.State: WAITING (on object monitor)
        at sun.misc.Unsafe.park(Native Method)
        at java.util.concurrent.locks.LockSupport.park(LockSupport.java:175)
        at java.util.concurrent.locks.AbstractQueuedSynchronizer$ConditionObject.await(AbstractQueuedSynchronizer.java:2039)
        at java.util.concurrent.ArrayBlockingQueue.take(ArrayBlockingQueue.java:403)
        at java.util.concurrent.ThreadPoolExecutor.getTask(ThreadPoolExecutor.java:1074)
        at java.util.concurrent.ThreadPoolExecutor.runWorker(ThreadPoolExecutor.java:1134)
        at java.util.concurrent.ThreadPoolExecutor$Worker.run(ThreadPoolExecutor.java:624)
        at java.lang.Thread.run(Thread.java:748)
"Datanode ReportManager Thread - 3" daemon prio=5 tid=1837 timed_waiting
java.lang.Thread.State: TIMED_WAITING
        at sun.misc.Unsafe.park(Native Method)
        at java.util.concurrent.locks.LockSupport.parkNanos(LockSupport.java:215)
        at java.util.concurrent.locks.AbstractQueuedSynchronizer$ConditionObject.awaitNanos(AbstractQueuedSynchronizer.java:2078)
        at java.util.concurrent.ScheduledThreadPoolExecutor$DelayedWorkQueue.take(ScheduledThreadPoolExecutor.java:1093)
        at java.util.concurrent.ScheduledThreadPoolExecutor$DelayedWorkQueue.take(ScheduledThreadPoolExecutor.java:809)
        at java.util.concurrent.ThreadPoolExecutor.getTask(ThreadPoolExecutor.java:1074)
        at java.util.concurrent.ThreadPoolExecutor.runWorker(ThreadPoolExecutor.java:1134)
        at java.util.concurrent.ThreadPoolExecutor$Worker.run(ThreadPoolExecutor.java:624)
        at java.lang.Thread.run(Thread.java:748)
"IPC Server Responder" daemon prio=5 tid=1667 runnable
java.lang.Thread.State: RUNNABLE
        at sun.nio.ch.EPollArrayWrapper.epollWait(Native Method)
        at sun.nio.ch.EPollArrayWrapper.poll(EPollArrayWrapper.java:269)
        at sun.nio.ch.EPollSelectorImpl.doSelect(EPollSelectorImpl.java:93)
        at sun.nio.ch.SelectorImpl.lockAndDoSelect(SelectorImpl.java:86)
        at sun.nio.ch.SelectorImpl.select(SelectorImpl.java:97)
        at org.apache.hadoop.ipc.Server$Responder.doRunLoop(Server.java:1334)
        at org.apache.hadoop.ipc.Server$Responder.run(Server.java:1317)
"pool-196-thread-33"  prio=5 tid=2026 in Object.wait()
java.lang.Thread.State: WAITING (on object monitor)
        at sun.misc.Unsafe.park(Native Method)
        at java.util.concurrent.locks.LockSupport.park(LockSupport.java:175)
        at java.util.concurrent.locks.AbstractQueuedSynchronizer$ConditionObject.await(AbstractQueuedSynchronizer.java:2039)
        at java.util.concurrent.ArrayBlockingQueue.take(ArrayBlockingQueue.java:403)
        at java.util.concurrent.ThreadPoolExecutor.getTask(ThreadPoolExecutor.java:1074)
        at java.util.concurrent.ThreadPoolExecutor.runWorker(ThreadPoolExecutor.java:1134)
        at java.util.concurrent.ThreadPoolExecutor$Worker.run(ThreadPoolExecutor.java:624)
        at java.lang.Thread.run(Thread.java:748)
"pool-196-thread-52"  prio=5 tid=2045 in Object.wait()
java.lang.Thread.State: WAITING (on object monitor)
        at sun.misc.Unsafe.park(Native Method)
        at java.util.concurrent.locks.LockSupport.park(LockSupport.java:175)
        at java.util.concurrent.locks.AbstractQueuedSynchronizer$ConditionObject.await(AbstractQueuedSynchronizer.java:2039)
        at java.util.concurrent.ArrayBlockingQueue.take(ArrayBlockingQueue.java:403)
        at java.util.concurrent.ThreadPoolExecutor.getTask(ThreadPoolExecutor.java:1074)
        at java.util.concurrent.ThreadPoolExecutor.runWorker(ThreadPoolExecutor.java:1134)
        at java.util.concurrent.ThreadPoolExecutor$Worker.run(ThreadPoolExecutor.java:624)
        at java.lang.Thread.run(Thread.java:748)
"pool-186-thread-9"  prio=5 tid=1940 in Object.wait()
java.lang.Thread.State: WAITING (on object monitor)
        at sun.misc.Unsafe.park(Native Method)
        at java.util.concurrent.locks.LockSupport.park(LockSupport.java:175)
        at java.util.concurrent.locks.AbstractQueuedSynchronizer$ConditionObject.await(AbstractQueuedSynchronizer.java:2039)
        at java.util.concurrent.ArrayBlockingQueue.take(ArrayBlockingQueue.java:403)
        at java.util.concurrent.ThreadPoolExecutor.getTask(ThreadPoolExecutor.java:1074)
        at java.util.concurrent.ThreadPoolExecutor.runWorker(ThreadPoolExecutor.java:1134)
        at java.util.concurrent.ThreadPoolExecutor$Worker.run(ThreadPoolExecutor.java:624)
        at java.lang.Thread.run(Thread.java:748)
"pool-176-thread-15"  prio=5 tid=1883 in Object.wait()
java.lang.Thread.State: WAITING (on object monitor)
        at sun.misc.Unsafe.park(Native Method)
        at java.util.concurrent.locks.LockSupport.park(LockSupport.java:175)
        at java.util.concurrent.locks.AbstractQueuedSynchronizer$ConditionObject.await(AbstractQueuedSynchronizer.java:2039)
        at java.util.concurrent.ArrayBlockingQueue.take(ArrayBlockingQueue.java:403)
        at java.util.concurrent.ThreadPoolExecutor.getTask(ThreadPoolExecutor.java:1074)
        at java.util.concurrent.ThreadPoolExecutor.runWorker(ThreadPoolExecutor.java:1134)
        at java.util.concurrent.ThreadPoolExecutor$Worker.run(ThreadPoolExecutor.java:624)
        at java.lang.Thread.run(Thread.java:748)
"pool-176-thread-33"  prio=5 tid=1901 in Object.wait()
java.lang.Thread.State: WAITING (on object monitor)
        at sun.misc.Unsafe.park(Native Method)
        at java.util.concurrent.locks.LockSupport.park(LockSupport.java:175)
        at java.util.concurrent.locks.AbstractQueuedSynchronizer$ConditionObject.await(AbstractQueuedSynchronizer.java:2039)
        at java.util.concurrent.ArrayBlockingQueue.take(ArrayBlockingQueue.java:403)
        at java.util.concurrent.ThreadPoolExecutor.getTask(ThreadPoolExecutor.java:1074)
        at java.util.concurrent.ThreadPoolExecutor.runWorker(ThreadPoolExecutor.java:1134)
        at java.util.concurrent.ThreadPoolExecutor$Worker.run(ThreadPoolExecutor.java:624)
        at java.lang.Thread.run(Thread.java:748)
"IPC Server handler 4 on 39395" daemon prio=5 tid=1695 timed_waiting
java.lang.Thread.State: TIMED_WAITING
        at sun.misc.Unsafe.park(Native Method)
        at java.util.concurrent.locks.LockSupport.parkNanos(LockSupport.java:215)
        at java.util.concurrent.locks.AbstractQueuedSynchronizer$ConditionObject.awaitNanos(AbstractQueuedSynchronizer.java:2078)
        at java.util.concurrent.LinkedBlockingQueue.poll(LinkedBlockingQueue.java:467)
        at org.apache.hadoop.ipc.CallQueueManager.take(CallQueueManager.java:288)
        at org.apache.hadoop.ipc.Server$Handler.run(Server.java:2668)
"qtp1635471455-1853" daemon prio=5 tid=1853 timed_waiting
java.lang.Thread.State: TIMED_WAITING
        at sun.misc.Unsafe.park(Native Method)
        at java.util.concurrent.locks.LockSupport.parkNanos(LockSupport.java:215)
        at java.util.concurrent.locks.AbstractQueuedSynchronizer$ConditionObject.awaitNanos(AbstractQueuedSynchronizer.java:2078)
        at org.eclipse.jetty.util.BlockingArrayQueue.poll(BlockingArrayQueue.java:392)
        at org.eclipse.jetty.util.thread.QueuedThreadPool.idleJobPoll(QueuedThreadPool.java:563)
        at org.eclipse.jetty.util.thread.QueuedThreadPool.access$800(QueuedThreadPool.java:48)
        at org.eclipse.jetty.util.thread.QueuedThreadPool$2.run(QueuedThreadPool.java:626)
        at java.lang.Thread.run(Thread.java:748)
"pool-176-thread-3"  prio=5 tid=1871 in Object.wait()
java.lang.Thread.State: WAITING (on object monitor)
        at sun.misc.Unsafe.park(Native Method)
        at java.util.concurrent.locks.LockSupport.park(LockSupport.java:175)
        at java.util.concurrent.locks.AbstractQueuedSynchronizer$ConditionObject.await(AbstractQueuedSynchronizer.java:2039)
        at java.util.concurrent.ArrayBlockingQueue.take(ArrayBlockingQueue.java:403)
        at java.util.concurrent.ThreadPoolExecutor.getTask(ThreadPoolExecutor.java:1074)
        at java.util.concurrent.ThreadPoolExecutor.runWorker(ThreadPoolExecutor.java:1134)
        at java.util.concurrent.ThreadPoolExecutor$Worker.run(ThreadPoolExecutor.java:624)
        at java.lang.Thread.run(Thread.java:748)
"pool-186-thread-30"  prio=5 tid=1961 in Object.wait()
java.lang.Thread.State: WAITING (on object monitor)
        at sun.misc.Unsafe.park(Native Method)
        at java.util.concurrent.locks.LockSupport.park(LockSupport.java:175)
        at java.util.concurrent.locks.AbstractQueuedSynchronizer$ConditionObject.await(AbstractQueuedSynchronizer.java:2039)
        at java.util.concurrent.ArrayBlockingQueue.take(ArrayBlockingQueue.java:403)
        at java.util.concurrent.ThreadPoolExecutor.getTask(ThreadPoolExecutor.java:1074)
        at java.util.concurrent.ThreadPoolExecutor.runWorker(ThreadPoolExecutor.java:1134)
        at java.util.concurrent.ThreadPoolExecutor$Worker.run(ThreadPoolExecutor.java:624)
        at java.lang.Thread.run(Thread.java:748)
"metrics-hadoop-metrics2-reporter-61-thread-1" daemon prio=5 tid=1515 timed_waiting
java.lang.Thread.State: TIMED_WAITING
        at sun.misc.Unsafe.park(Native Method)
        at java.util.concurrent.locks.LockSupport.parkNanos(LockSupport.java:215)
        at java.util.concurrent.locks.AbstractQueuedSynchronizer$ConditionObject.awaitNanos(AbstractQueuedSynchronizer.java:2078)
        at java.util.concurrent.ScheduledThreadPoolExecutor$DelayedWorkQueue.take(ScheduledThreadPoolExecutor.java:1093)
        at java.util.concurrent.ScheduledThreadPoolExecutor$DelayedWorkQueue.take(ScheduledThreadPoolExecutor.java:809)
        at java.util.concurrent.ThreadPoolExecutor.getTask(ThreadPoolExecutor.java:1074)
        at java.util.concurrent.ThreadPoolExecutor.runWorker(ThreadPoolExecutor.java:1134)
        at java.util.concurrent.ThreadPoolExecutor$Worker.run(ThreadPoolExecutor.java:624)
        at java.lang.Thread.run(Thread.java:748)
"Datanode ReportManager Thread - 3" daemon prio=5 tid=766 in Object.wait()
java.lang.Thread.State: WAITING (on object monitor)
        at sun.misc.Unsafe.park(Native Method)
        at java.util.concurrent.locks.LockSupport.park(LockSupport.java:175)
        at java.util.concurrent.locks.AbstractQueuedSynchronizer$ConditionObject.await(AbstractQueuedSynchronizer.java:2039)
        at java.util.concurrent.ScheduledThreadPoolExecutor$DelayedWorkQueue.take(ScheduledThreadPoolExecutor.java:1088)
        at java.util.concurrent.ScheduledThreadPoolExecutor$DelayedWorkQueue.take(ScheduledThreadPoolExecutor.java:809)
        at java.util.concurrent.ThreadPoolExecutor.getTask(ThreadPoolExecutor.java:1074)
        at java.util.concurrent.ThreadPoolExecutor.runWorker(ThreadPoolExecutor.java:1134)
        at java.util.concurrent.ThreadPoolExecutor$Worker.run(ThreadPoolExecutor.java:624)
        at java.lang.Thread.run(Thread.java:748)
"pool-196-thread-12"  prio=5 tid=2005 in Object.wait()
java.lang.Thread.State: WAITING (on object monitor)
        at sun.misc.Unsafe.park(Native Method)
        at java.util.concurrent.locks.LockSupport.park(LockSupport.java:175)
        at java.util.concurrent.locks.AbstractQueuedSynchronizer$ConditionObject.await(AbstractQueuedSynchronizer.java:2039)
        at java.util.concurrent.ArrayBlockingQueue.take(ArrayBlockingQueue.java:403)
        at java.util.concurrent.ThreadPoolExecutor.getTask(ThreadPoolExecutor.java:1074)
        at java.util.concurrent.ThreadPoolExecutor.runWorker(ThreadPoolExecutor.java:1134)
        at java.util.concurrent.ThreadPoolExecutor$Worker.run(ThreadPoolExecutor.java:624)
        at java.lang.Thread.run(Thread.java:748)
"metrics-hadoop-metrics2-reporter-54-thread-1" daemon prio=5 tid=1059 timed_waiting
java.lang.Thread.State: TIMED_WAITING
        at sun.misc.Unsafe.park(Native Method)
        at java.util.concurrent.locks.LockSupport.parkNanos(LockSupport.java:215)
        at java.util.concurrent.locks.AbstractQueuedSynchronizer$ConditionObject.awaitNanos(AbstractQueuedSynchronizer.java:2078)
        at java.util.concurrent.ScheduledThreadPoolExecutor$DelayedWorkQueue.take(ScheduledThreadPoolExecutor.java:1093)
        at java.util.concurrent.ScheduledThreadPoolExecutor$DelayedWorkQueue.take(ScheduledThreadPoolExecutor.java:809)
        at java.util.concurrent.ThreadPoolExecutor.getTask(ThreadPoolExecutor.java:1074)
        at java.util.concurrent.ThreadPoolExecutor.runWorker(ThreadPoolExecutor.java:1134)
        at java.util.concurrent.ThreadPoolExecutor$Worker.run(ThreadPoolExecutor.java:624)
        at java.lang.Thread.run(Thread.java:748)
"pool-196-thread-39"  prio=5 tid=2032 in Object.wait()
java.lang.Thread.State: WAITING (on object monitor)
        at sun.misc.Unsafe.park(Native Method)
        at java.util.concurrent.locks.LockSupport.park(LockSupport.java:175)
        at java.util.concurrent.locks.AbstractQueuedSynchronizer$ConditionObject.await(AbstractQueuedSynchronizer.java:2039)
        at java.util.concurrent.ArrayBlockingQueue.take(ArrayBlockingQueue.java:403)
        at java.util.concurrent.ThreadPoolExecutor.getTask(ThreadPoolExecutor.java:1074)
        at java.util.concurrent.ThreadPoolExecutor.runWorker(ThreadPoolExecutor.java:1134)
        at java.util.concurrent.ThreadPoolExecutor$Worker.run(ThreadPoolExecutor.java:624)
        at java.lang.Thread.run(Thread.java:748)
"IPC Server handler 2 on 41111" daemon prio=5 tid=1713 timed_waiting
java.lang.Thread.State: TIMED_WAITING
        at sun.misc.Unsafe.park(Native Method)
        at java.util.concurrent.locks.LockSupport.parkNanos(LockSupport.java:215)
        at java.util.concurrent.locks.AbstractQueuedSynchronizer$ConditionObject.awaitNanos(AbstractQueuedSynchronizer.java:2078)
        at java.util.concurrent.LinkedBlockingQueue.poll(LinkedBlockingQueue.java:467)
        at org.apache.hadoop.ipc.CallQueueManager.take(CallQueueManager.java:288)
        at org.apache.hadoop.ipc.Server$Handler.run(Server.java:2668)
"IPC Server handler 17 on 41111" daemon prio=5 tid=1728 timed_waiting
java.lang.Thread.State: TIMED_WAITING
        at sun.misc.Unsafe.park(Native Method)
        at java.util.concurrent.locks.LockSupport.parkNanos(LockSupport.java:215)
        at java.util.concurrent.locks.AbstractQueuedSynchronizer$ConditionObject.awaitNanos(AbstractQueuedSynchronizer.java:2078)
        at java.util.concurrent.LinkedBlockingQueue.poll(LinkedBlockingQueue.java:467)
        at org.apache.hadoop.ipc.CallQueueManager.take(CallQueueManager.java:288)
        at org.apache.hadoop.ipc.Server$Handler.run(Server.java:2668)
"pool-180-thread-1"  prio=5 tid=1794 timed_waiting
java.lang.Thread.State: TIMED_WAITING
        at sun.misc.Unsafe.park(Native Method)
        at java.util.concurrent.locks.LockSupport.parkNanos(LockSupport.java:215)
        at java.util.concurrent.locks.AbstractQueuedSynchronizer$ConditionObject.awaitNanos(AbstractQueuedSynchronizer.java:2078)
        at java.util.concurrent.ScheduledThreadPoolExecutor$DelayedWorkQueue.take(ScheduledThreadPoolExecutor.java:1093)
        at java.util.concurrent.ScheduledThreadPoolExecutor$DelayedWorkQueue.take(ScheduledThreadPoolExecutor.java:809)
        at java.util.concurrent.ThreadPoolExecutor.getTask(ThreadPoolExecutor.java:1074)
        at java.util.concurrent.ThreadPoolExecutor.runWorker(ThreadPoolExecutor.java:1134)
        at java.util.concurrent.ThreadPoolExecutor$Worker.run(ThreadPoolExecutor.java:624)
        at java.lang.Thread.run(Thread.java:748)
"metrics-hadoop-metrics2-reporter-69-thread-1" daemon prio=5 tid=1540 timed_waiting
java.lang.Thread.State: TIMED_WAITING
        at sun.misc.Unsafe.park(Native Method)
        at java.util.concurrent.locks.LockSupport.parkNanos(LockSupport.java:215)
        at java.util.concurrent.locks.AbstractQueuedSynchronizer$ConditionObject.awaitNanos(AbstractQueuedSynchronizer.java:2078)
        at java.util.concurrent.ScheduledThreadPoolExecutor$DelayedWorkQueue.take(ScheduledThreadPoolExecutor.java:1093)
        at java.util.concurrent.ScheduledThreadPoolExecutor$DelayedWorkQueue.take(ScheduledThreadPoolExecutor.java:809)
        at java.util.concurrent.ThreadPoolExecutor.getTask(ThreadPoolExecutor.java:1074)
        at java.util.concurrent.ThreadPoolExecutor.runWorker(ThreadPoolExecutor.java:1134)
        at java.util.concurrent.ThreadPoolExecutor$Worker.run(ThreadPoolExecutor.java:624)
        at java.lang.Thread.run(Thread.java:748)
"pool-176-thread-55"  prio=5 tid=1923 in Object.wait()
java.lang.Thread.State: WAITING (on object monitor)
        at sun.misc.Unsafe.park(Native Method)
        at java.util.concurrent.locks.LockSupport.park(LockSupport.java:175)
        at java.util.concurrent.locks.AbstractQueuedSynchronizer$ConditionObject.await(AbstractQueuedSynchronizer.java:2039)
        at java.util.concurrent.ArrayBlockingQueue.take(ArrayBlockingQueue.java:403)
        at java.util.concurrent.ThreadPoolExecutor.getTask(ThreadPoolExecutor.java:1074)
        at java.util.concurrent.ThreadPoolExecutor.runWorker(ThreadPoolExecutor.java:1134)
        at java.util.concurrent.ThreadPoolExecutor$Worker.run(ThreadPoolExecutor.java:624)
        at java.lang.Thread.run(Thread.java:748)
"metrics-hadoop-metrics2-reporter-55-thread-1" daemon prio=5 tid=1501 timed_waiting
java.lang.Thread.State: TIMED_WAITING
        at sun.misc.Unsafe.park(Native Method)
        at java.util.concurrent.locks.LockSupport.parkNanos(LockSupport.java:215)
        at java.util.concurrent.locks.AbstractQueuedSynchronizer$ConditionObject.awaitNanos(AbstractQueuedSynchronizer.java:2078)
        at java.util.concurrent.ScheduledThreadPoolExecutor$DelayedWorkQueue.take(ScheduledThreadPoolExecutor.java:1093)
        at java.util.concurrent.ScheduledThreadPoolExecutor$DelayedWorkQueue.take(ScheduledThreadPoolExecutor.java:809)
        at java.util.concurrent.ThreadPoolExecutor.getTask(ThreadPoolExecutor.java:1074)
        at java.util.concurrent.ThreadPoolExecutor.runWorker(ThreadPoolExecutor.java:1134)
        at java.util.concurrent.ThreadPoolExecutor$Worker.run(ThreadPoolExecutor.java:624)
        at java.lang.Thread.run(Thread.java:748)
"IPC Server handler 11 on 46187" daemon prio=5 tid=1766 timed_waiting
java.lang.Thread.State: TIMED_WAITING
        at sun.misc.Unsafe.park(Native Method)
        at java.util.concurrent.locks.LockSupport.parkNanos(LockSupport.java:215)
        at java.util.concurrent.locks.AbstractQueuedSynchronizer$ConditionObject.awaitNanos(AbstractQueuedSynchronizer.java:2078)
        at java.util.concurrent.LinkedBlockingQueue.poll(LinkedBlockingQueue.java:467)
        at org.apache.hadoop.ipc.CallQueueManager.take(CallQueueManager.java:288)
        at org.apache.hadoop.ipc.Server$Handler.run(Server.java:2668)
"org.apache.hadoop.util.JvmPauseMonitor$Monitor@23101bcf" daemon prio=5 tid=1812 timed_waiting
java.lang.Thread.State: TIMED_WAITING
        at java.lang.Thread.sleep(Native Method)
        at org.apache.hadoop.util.JvmPauseMonitor$Monitor.run(JvmPauseMonitor.java:192)
        at java.lang.Thread.run(Thread.java:748)
"pool-176-thread-2"  prio=5 tid=1870 in Object.wait()
java.lang.Thread.State: WAITING (on object monitor)
        at sun.misc.Unsafe.park(Native Method)
        at java.util.concurrent.locks.LockSupport.park(LockSupport.java:175)
        at java.util.concurrent.locks.AbstractQueuedSynchronizer$ConditionObject.await(AbstractQueuedSynchronizer.java:2039)
        at java.util.concurrent.ArrayBlockingQueue.take(ArrayBlockingQueue.java:403)
        at java.util.concurrent.ThreadPoolExecutor.getTask(ThreadPoolExecutor.java:1074)
        at java.util.concurrent.ThreadPoolExecutor.runWorker(ThreadPoolExecutor.java:1134)
        at java.util.concurrent.ThreadPoolExecutor$Worker.run(ThreadPoolExecutor.java:624)
        at java.lang.Thread.run(Thread.java:748)
"pool-176-thread-1"  prio=5 tid=1869 in Object.wait()
java.lang.Thread.State: WAITING (on object monitor)
        at sun.misc.Unsafe.park(Native Method)
        at java.util.concurrent.locks.LockSupport.park(LockSupport.java:175)
        at java.util.concurrent.locks.AbstractQueuedSynchronizer$ConditionObject.await(AbstractQueuedSynchronizer.java:2039)
        at java.util.concurrent.ArrayBlockingQueue.take(ArrayBlockingQueue.java:403)
        at java.util.concurrent.ThreadPoolExecutor.getTask(ThreadPoolExecutor.java:1074)
        at java.util.concurrent.ThreadPoolExecutor.runWorker(ThreadPoolExecutor.java:1134)
        at java.util.concurrent.ThreadPoolExecutor$Worker.run(ThreadPoolExecutor.java:624)
        at java.lang.Thread.run(Thread.java:748)
"pool-186-thread-26"  prio=5 tid=1957 in Object.wait()
java.lang.Thread.State: WAITING (on object monitor)
        at sun.misc.Unsafe.park(Native Method)
        at java.util.concurrent.locks.LockSupport.park(LockSupport.java:175)
        at java.util.concurrent.locks.AbstractQueuedSynchronizer$ConditionObject.await(AbstractQueuedSynchronizer.java:2039)
        at java.util.concurrent.ArrayBlockingQueue.take(ArrayBlockingQueue.java:403)
        at java.util.concurrent.ThreadPoolExecutor.getTask(ThreadPoolExecutor.java:1074)
        at java.util.concurrent.ThreadPoolExecutor.runWorker(ThreadPoolExecutor.java:1134)
        at java.util.concurrent.ThreadPoolExecutor$Worker.run(ThreadPoolExecutor.java:624)
        at java.lang.Thread.run(Thread.java:748)
"Datanode ReportManager Thread - 3" daemon prio=5 tid=1294 in Object.wait()
java.lang.Thread.State: WAITING (on object monitor)
        at sun.misc.Unsafe.park(Native Method)
        at java.util.concurrent.locks.LockSupport.park(LockSupport.java:175)
        at java.util.concurrent.locks.AbstractQueuedSynchronizer$ConditionObject.await(AbstractQueuedSynchronizer.java:2039)
        at java.util.concurrent.ScheduledThreadPoolExecutor$DelayedWorkQueue.take(ScheduledThreadPoolExecutor.java:1088)
        at java.util.concurrent.ScheduledThreadPoolExecutor$DelayedWorkQueue.take(ScheduledThreadPoolExecutor.java:809)
        at java.util.concurrent.ThreadPoolExecutor.getTask(ThreadPoolExecutor.java:1074)
        at java.util.concurrent.ThreadPoolExecutor.runWorker(ThreadPoolExecutor.java:1134)
        at java.util.concurrent.ThreadPoolExecutor$Worker.run(ThreadPoolExecutor.java:624)
        at java.lang.Thread.run(Thread.java:748)
"PartialTableCache Cleanup Thread - 0" daemon prio=5 tid=1641 in Object.wait()
java.lang.Thread.State: WAITING (on object monitor)
        at sun.misc.Unsafe.park(Native Method)
        at java.util.concurrent.locks.LockSupport.park(LockSupport.java:175)
        at java.util.concurrent.locks.AbstractQueuedSynchronizer$ConditionObject.await(AbstractQueuedSynchronizer.java:2039)
        at java.util.concurrent.LinkedBlockingQueue.take(LinkedBlockingQueue.java:442)
        at java.util.concurrent.ThreadPoolExecutor.getTask(ThreadPoolExecutor.java:1074)
        at java.util.concurrent.ThreadPoolExecutor.runWorker(ThreadPoolExecutor.java:1134)
        at java.util.concurrent.ThreadPoolExecutor$Worker.run(ThreadPoolExecutor.java:624)
        at java.lang.Thread.run(Thread.java:748)
"pool-196-thread-26"  prio=5 tid=2019 in Object.wait()
java.lang.Thread.State: WAITING (on object monitor)
        at sun.misc.Unsafe.park(Native Method)
        at java.util.concurrent.locks.LockSupport.park(LockSupport.java:175)
        at java.util.concurrent.locks.AbstractQueuedSynchronizer$ConditionObject.await(AbstractQueuedSynchronizer.java:2039)
        at java.util.concurrent.ArrayBlockingQueue.take(ArrayBlockingQueue.java:403)
        at java.util.concurrent.ThreadPoolExecutor.getTask(ThreadPoolExecutor.java:1074)
        at java.util.concurrent.ThreadPoolExecutor.runWorker(ThreadPoolExecutor.java:1134)
        at java.util.concurrent.ThreadPoolExecutor$Worker.run(ThreadPoolExecutor.java:624)
        at java.lang.Thread.run(Thread.java:748)
"metrics-hadoop-metrics2-reporter-87-thread-1" daemon prio=5 tid=2084 timed_waiting
java.lang.Thread.State: TIMED_WAITING
        at sun.misc.Unsafe.park(Native Method)
        at java.util.concurrent.locks.LockSupport.parkNanos(LockSupport.java:215)
        at java.util.concurrent.locks.AbstractQueuedSynchronizer$ConditionObject.awaitNanos(AbstractQueuedSynchronizer.java:2078)
        at java.util.concurrent.ScheduledThreadPoolExecutor$DelayedWorkQueue.take(ScheduledThreadPoolExecutor.java:1093)
        at java.util.concurrent.ScheduledThreadPoolExecutor$DelayedWorkQueue.take(ScheduledThreadPoolExecutor.java:809)
        at java.util.concurrent.ThreadPoolExecutor.getTask(ThreadPoolExecutor.java:1074)
        at java.util.concurrent.ThreadPoolExecutor.runWorker(ThreadPoolExecutor.java:1134)
        at java.util.concurrent.ThreadPoolExecutor$Worker.run(ThreadPoolExecutor.java:624)
        at java.lang.Thread.run(Thread.java:748)
"Timer-4"  prio=5 tid=1752 timed_waiting
java.lang.Thread.State: TIMED_WAITING
        at java.lang.Object.wait(Native Method)
        at java.util.TimerThread.mainLoop(Timer.java:552)
        at java.util.TimerThread.run(Timer.java:505)
"metrics-hadoop-metrics2-reporter-102-thread-1" daemon prio=5 tid=2125 timed_waiting
java.lang.Thread.State: TIMED_WAITING
        at sun.misc.Unsafe.park(Native Method)
        at java.util.concurrent.locks.LockSupport.parkNanos(LockSupport.java:215)
        at java.util.concurrent.locks.AbstractQueuedSynchronizer$ConditionObject.awaitNanos(AbstractQueuedSynchronizer.java:2078)
        at java.util.concurrent.ScheduledThreadPoolExecutor$DelayedWorkQueue.take(ScheduledThreadPoolExecutor.java:1093)
        at java.util.concurrent.ScheduledThreadPoolExecutor$DelayedWorkQueue.take(ScheduledThreadPoolExecutor.java:809)
        at java.util.concurrent.ThreadPoolExecutor.getTask(ThreadPoolExecutor.java:1074)
        at java.util.concurrent.ThreadPoolExecutor.runWorker(ThreadPoolExecutor.java:1134)
        at java.util.concurrent.ThreadPoolExecutor$Worker.run(ThreadPoolExecutor.java:624)
        at java.lang.Thread.run(Thread.java:748)
"grpc-default-worker-ELG-9-3" daemon prio=5 tid=2068 runnable
java.lang.Thread.State: RUNNABLE
        at sun.nio.ch.EPollArrayWrapper.epollWait(Native Method)
        at sun.nio.ch.EPollArrayWrapper.poll(EPollArrayWrapper.java:269)
        at sun.nio.ch.EPollSelectorImpl.doSelect(EPollSelectorImpl.java:93)
        at sun.nio.ch.SelectorImpl.lockAndDoSelect(SelectorImpl.java:86)
        at sun.nio.ch.SelectorImpl.select(SelectorImpl.java:97)
        at org.apache.ratis.thirdparty.io.netty.channel.nio.SelectedSelectionKeySetSelector.select(SelectedSelectionKeySetSelector.java:62)
        at org.apache.ratis.thirdparty.io.netty.channel.nio.NioEventLoop.select(NioEventLoop.java:753)
        at org.apache.ratis.thirdparty.io.netty.channel.nio.NioEventLoop.run(NioEventLoop.java:408)
        at org.apache.ratis.thirdparty.io.netty.util.concurrent.SingleThreadEventExecutor$5.run(SingleThreadEventExecutor.java:897)
        at org.apache.ratis.thirdparty.io.netty.util.concurrent.FastThreadLocalRunnable.run(FastThreadLocalRunnable.java:30)
        at java.lang.Thread.run(Thread.java:748)


	at org.apache.hadoop.test.GenericTestUtils.waitFor(GenericTestUtils.java:389)
	at org.apache.hadoop.ozone.MiniOzoneClusterImpl.waitForClusterToBeReady(MiniOzoneClusterImpl.java:149)
	at org.apache.hadoop.fs.ozone.TestOzoneFileSystem.init(TestOzoneFileSystem.java:74)
	at sun.reflect.NativeMethodAccessorImpl.invoke0(Native Method)
	at sun.reflect.NativeMethodAccessorImpl.invoke(NativeMethodAccessorImpl.java:62)
	at sun.reflect.DelegatingMethodAccessorImpl.invoke(DelegatingMethodAccessorImpl.java:43)
	at java.lang.reflect.Method.invoke(Method.java:498)
	at org.junit.runners.model.FrameworkMethod$1.runReflectiveCall(FrameworkMethod.java:47)
	at org.junit.internal.runners.model.ReflectiveCallable.run(ReflectiveCallable.java:12)
	at org.junit.runners.model.FrameworkMethod.invokeExplosively(FrameworkMethod.java:44)
	at org.junit.internal.runners.statements.RunBefores.evaluate(RunBefores.java:24)
	at org.junit.internal.runners.statements.RunAfters.evaluate(RunAfters.java:27)
	at org.junit.internal.runners.statements.FailOnTimeout$StatementThread.run(FailOnTimeout.java:74)
</error>
    <system-out><![CDATA[2019-10-17 20:28:12,637 [Thread-754] WARN  server.ServerUtils (ServerUtils.java:getScmDbDir(145)) - ozone.scm.db.dirs is not configured. We recommend adding this setting. Falling back to ozone.metadata.dirs instead.
2019-10-17 20:28:12,670 [Thread-754] WARN  server.ServerUtils (ServerUtils.java:getScmDbDir(145)) - ozone.scm.db.dirs is not configured. We recommend adding this setting. Falling back to ozone.metadata.dirs instead.
2019-10-17 20:28:12,670 [Thread-754] WARN  server.ServerUtils (ServerUtils.java:getScmDbDir(145)) - ozone.scm.db.dirs is not configured. We recommend adding this setting. Falling back to ozone.metadata.dirs instead.
2019-10-17 20:28:12,671 [Thread-754] INFO  db.DBStoreBuilder (DBStoreBuilder.java:addTable(117)) - using custom profile for table: deletedBlocks
2019-10-17 20:28:12,671 [Thread-754] INFO  db.DBStoreBuilder (DBStoreBuilder.java:processTables(168)) - Using default column profile:DBProfile.DISK for Table:deletedBlocks
2019-10-17 20:28:12,671 [Thread-754] INFO  db.DBStoreBuilder (DBStoreBuilder.java:addTable(117)) - using custom profile for table: validCerts
2019-10-17 20:28:12,671 [Thread-754] INFO  db.DBStoreBuilder (DBStoreBuilder.java:processTables(168)) - Using default column profile:DBProfile.DISK for Table:validCerts
2019-10-17 20:28:12,671 [Thread-754] INFO  db.DBStoreBuilder (DBStoreBuilder.java:addTable(117)) - using custom profile for table: revokedCerts
2019-10-17 20:28:12,672 [Thread-754] INFO  db.DBStoreBuilder (DBStoreBuilder.java:processTables(168)) - Using default column profile:DBProfile.DISK for Table:revokedCerts
2019-10-17 20:28:12,672 [Thread-754] INFO  db.DBStoreBuilder (DBStoreBuilder.java:addTable(117)) - using custom profile for table: default
2019-10-17 20:28:12,672 [Thread-754] INFO  db.DBStoreBuilder (DBStoreBuilder.java:processTables(174)) - Using default column profile:DBProfile.DISK for Table:default
2019-10-17 20:28:12,672 [Thread-754] INFO  db.DBStoreBuilder (DBStoreBuilder.java:getDbProfile(205)) - Using default options. DBProfile.DISK
2019-10-17 20:28:12,889 [Thread-754] INFO  net.NodeSchemaLoader (NodeSchemaLoader.java:loadSchemaFromFile(125)) - Loading file from sun.misc.CompoundEnumeration@644c7d8a
2019-10-17 20:28:12,889 [Thread-754] INFO  net.NodeSchemaLoader (NodeSchemaLoader.java:loadSchema(171)) - Loading network topology layer schema file
2019-10-17 20:28:12,895 [Thread-754] WARN  server.ServerUtils (ServerUtils.java:sanitizeUserArgs(70)) - ozone.scm.stale.node.interval value = 300000 is larger than max = 100000 based on the key value of ozone.scm.heartbeat.thread.interval, reset to the max value 100000.
2019-10-17 20:28:12,895 [Thread-754] WARN  server.ServerUtils (ServerUtils.java:sanitizeUserArgs(70)) - ozone.scm.stale.node.interval value = 300000 is larger than max = 100000 based on the key value of ozone.scm.heartbeat.thread.interval, reset to the max value 100000.
2019-10-17 20:28:12,896 [Thread-754] INFO  node.SCMNodeManager (SCMNodeManager.java:<init>(116)) - Entering startup safe mode.
2019-10-17 20:28:12,897 [Thread-754] INFO  algorithms.ContainerPlacementPolicyFactory (ContainerPlacementPolicyFactory.java:getPolicy(57)) - Create container placement policy of type org.apache.hadoop.hdds.scm.container.placement.algorithms.SCMContainerPlacementRandom
2019-10-17 20:28:12,897 [Thread-754] WARN  server.ServerUtils (ServerUtils.java:getScmDbDir(145)) - ozone.scm.db.dirs is not configured. We recommend adding this setting. Falling back to ozone.metadata.dirs instead.
2019-10-17 20:28:13,000 [Thread-754] INFO  pipeline.SCMPipelineManager (SCMPipelineManager.java:initializePipelineState(132)) - No pipeline exists in current db
2019-10-17 20:28:13,001 [Thread-754] WARN  server.ServerUtils (ServerUtils.java:getScmDbDir(145)) - ozone.scm.db.dirs is not configured. We recommend adding this setting. Falling back to ozone.metadata.dirs instead.
2019-10-17 20:28:13,104 [Thread-754] WARN  events.EventQueue (EventQueue.java:fireEvent(183)) - No event handler registered for event TypedEvent{payloadType=SafeModeStatus, name='SafeModeStatus'}
2019-10-17 20:28:13,105 [Thread-754] INFO  ipc.CallQueueManager (CallQueueManager.java:<init>(84)) - Using callQueue: class java.util.concurrent.LinkedBlockingQueue, queueCapacity: 2000, scheduler: class org.apache.hadoop.ipc.DefaultRpcScheduler, ipcBackoff: false.
2019-10-17 20:28:13,106 [Socket Reader #1 for port 41111] INFO  ipc.Server (Server.java:run(1074)) - Starting Socket Reader #1 for port 41111
2019-10-17 20:28:13,109 [Thread-754] INFO  ipc.CallQueueManager (CallQueueManager.java:<init>(84)) - Using callQueue: class java.util.concurrent.LinkedBlockingQueue, queueCapacity: 2000, scheduler: class org.apache.hadoop.ipc.DefaultRpcScheduler, ipcBackoff: false.
2019-10-17 20:28:13,110 [Socket Reader #1 for port 39395] INFO  ipc.Server (Server.java:run(1074)) - Starting Socket Reader #1 for port 39395
2019-10-17 20:28:13,111 [Thread-754] INFO  ipc.CallQueueManager (CallQueueManager.java:<init>(84)) - Using callQueue: class java.util.concurrent.LinkedBlockingQueue, queueCapacity: 2000, scheduler: class org.apache.hadoop.ipc.DefaultRpcScheduler, ipcBackoff: false.
2019-10-17 20:28:13,112 [Socket Reader #1 for port 33059] INFO  ipc.Server (Server.java:run(1074)) - Starting Socket Reader #1 for port 33059
2019-10-17 20:28:13,115 [Thread-754] INFO  hdfs.DFSUtil (DFSUtil.java:httpServerTemplateForNNAndJN(1641)) - Starting Web-server for scm at: http://0.0.0.0:0
2019-10-17 20:28:13,119 [Thread-754] INFO  server.AuthenticationFilter (AuthenticationFilter.java:constructSecretProvider(240)) - Unable to initialize FileSignerSecretProvider, falling back to use random secrets.
2019-10-17 20:28:13,120 [Thread-754] WARN  http.HttpRequestLog (HttpRequestLog.java:getRequestLog(97)) - Jetty request log can only be enabled using Log4j
2019-10-17 20:28:13,122 [Thread-754] INFO  http.HttpServer2 (HttpServer2.java:addGlobalFilter(975)) - Added global filter 'safety' (class=org.apache.hadoop.http.HttpServer2$QuotingInputFilter)
2019-10-17 20:28:13,124 [Thread-754] INFO  http.HttpServer2 (HttpServer2.java:addFilter(948)) - Added filter static_user_filter (class=org.apache.hadoop.http.lib.StaticUserWebFilter$StaticUserFilter) to context scm
2019-10-17 20:28:13,124 [Thread-754] INFO  http.HttpServer2 (HttpServer2.java:addFilter(958)) - Added filter static_user_filter (class=org.apache.hadoop.http.lib.StaticUserWebFilter$StaticUserFilter) to context logs
2019-10-17 20:28:13,124 [Thread-754] INFO  http.HttpServer2 (HttpServer2.java:addFilter(958)) - Added filter static_user_filter (class=org.apache.hadoop.http.lib.StaticUserWebFilter$StaticUserFilter) to context static
2019-10-17 20:28:13,127 [Thread-754] INFO  server.StorageContainerManager (StorageContainerManager.java:start(772)) - StorageContainerLocationProtocol RPC server is listening at /0.0.0.0:33059
2019-10-17 20:28:13,129 [Thread-754] WARN  impl.MetricsConfig (MetricsConfig.java:loadFirst(134)) - Cannot locate configuration: tried hadoop-metrics2-storagecontainermanager.properties,hadoop-metrics2.properties
2019-10-17 20:28:13,132 [Thread-754] INFO  impl.MetricsSystemImpl (MetricsSystemImpl.java:startTimer(374)) - Scheduled Metric snapshot period at 10 second(s).
2019-10-17 20:28:13,132 [Thread-754] INFO  impl.MetricsSystemImpl (MetricsSystemImpl.java:start(191)) - StorageContainerManager metrics system started
2019-10-17 20:28:13,183 [Thread-754] INFO  lib.Interns (Interns.java:removeEldestEntry(50)) - Metrics intern cache overflow at 2011 for MetricsSystem={MetricsSystem=MetricsInfoImpl{name=MetricsSystem, description=MetricsSystem}, MetricsSystem record=MetricsInfoImpl{name=MetricsSystem, description=MetricsSystem record}}
2019-10-17 20:28:13,186 [Thread-754] WARN  impl.MetricsSystemImpl (MetricsSystemImpl.java:register(276)) - Sink prometheus already exists!
2019-10-17 20:28:13,197 [Thread-754] INFO  server.SCMClientProtocolServer (SCMClientProtocolServer.java:start(159)) - RPC server for Client  is listening at /0.0.0.0:33059
2019-10-17 20:28:13,197 [IPC Server Responder] INFO  ipc.Server (Server.java:run(1314)) - IPC Server Responder: starting
2019-10-17 20:28:13,197 [IPC Server listener on 33059] INFO  ipc.Server (Server.java:run(1153)) - IPC Server listener on 33059: starting
2019-10-17 20:28:13,201 [Thread-754] INFO  server.StorageContainerManager (StorageContainerManager.java:start(782)) - ScmBlockLocationProtocol RPC server is listening at /0.0.0.0:39395
2019-10-17 20:28:13,201 [Thread-754] INFO  server.SCMBlockProtocolServer (SCMBlockProtocolServer.java:start(146)) - RPC server for Block Protocol is listening at /0.0.0.0:39395
2019-10-17 20:28:13,201 [IPC Server listener on 39395] INFO  ipc.Server (Server.java:run(1153)) - IPC Server listener on 39395: starting
2019-10-17 20:28:13,201 [IPC Server Responder] INFO  ipc.Server (Server.java:run(1314)) - IPC Server Responder: starting
2019-10-17 20:28:13,205 [Thread-754] INFO  server.StorageContainerManager (StorageContainerManager.java:start(786)) - ScmDatanodeProtocl RPC server is listening at /0.0.0.0:41111
2019-10-17 20:28:13,206 [Thread-754] INFO  server.SCMDatanodeProtocolServer (SCMDatanodeProtocolServer.java:start(169)) - RPC server for DataNodes is listening at /0.0.0.0:41111
2019-10-17 20:28:13,206 [IPC Server Responder] INFO  ipc.Server (Server.java:run(1314)) - IPC Server Responder: starting
2019-10-17 20:28:13,206 [IPC Server listener on 41111] INFO  ipc.Server (Server.java:run(1153)) - IPC Server listener on 41111: starting
2019-10-17 20:28:13,210 [Thread-754] INFO  http.HttpServer2 (HttpServer2.java:bindListener(1191)) - Jetty bound to port 33076
2019-10-17 20:28:13,210 [Thread-754] INFO  server.Server (Server.java:doStart(351)) - jetty-9.3.25.v20180904, build timestamp: 2018-09-04T21:11:46Z, git hash: 3ce520221d0240229c862b122d2b06c12a625732
2019-10-17 20:28:13,212 [Thread-754] INFO  handler.ContextHandler (ContextHandler.java:doStart(781)) - Started o.e.j.s.ServletContextHandler@1c43ced3{/logs,file:///workdir/hadoop-ozone/ozonefs/target/log,AVAILABLE}
2019-10-17 20:28:13,213 [Thread-754] INFO  handler.ContextHandler (ContextHandler.java:doStart(781)) - Started o.e.j.s.ServletContextHandler@78beb1d5{/static,jar:file:/home/user/.m2/repository/org/apache/hadoop/hadoop-hdds-server-scm/0.5.0-SNAPSHOT/hadoop-hdds-server-scm-0.5.0-SNAPSHOT.jar!/webapps/static,AVAILABLE}
2019-10-17 20:28:13,254 [Thread-754] INFO  handler.ContextHandler (ContextHandler.java:doStart(781)) - Started o.e.j.w.WebAppContext@4d29cfc2{/,file:///tmp/jetty-0.0.0.0-33076-scm-_-any-60603173078675565.dir/webapp/,AVAILABLE}{/scm}
2019-10-17 20:28:13,254 [Thread-754] INFO  server.AbstractConnector (AbstractConnector.java:doStart(278)) - Started ServerConnector@167f1d03{HTTP/1.1,[http/1.1]}{0.0.0.0:33076}
2019-10-17 20:28:13,255 [Thread-754] INFO  server.Server (Server.java:doStart(419)) - Started @59181ms
2019-10-17 20:28:13,255 [Thread-754] WARN  impl.MetricsSystemImpl (MetricsSystemImpl.java:register(276)) - Sink prometheus already exists!
2019-10-17 20:28:13,259 [Thread-754] INFO  server.BaseHttpServer (BaseHttpServer.java:updateConnectorAddress(215)) - HTTP server of SCM is listening at http://0.0.0.0:33076
2019-10-17 20:28:13,261 [Thread-754] WARN  server.ServerUtils (ServerUtils.java:getDBPath(222)) - ozone.om.db.dirs is not configured. We recommend adding this setting. Falling back to ozone.metadata.dirs instead.
2019-10-17 20:28:13,262 [org.apache.hadoop.util.JvmPauseMonitor$Monitor@2f8aa5a3] INFO  util.JvmPauseMonitor (JvmPauseMonitor.java:run(188)) - Starting JVM pause monitor
2019-10-17 20:28:13,286 [Thread-754] INFO  ha.OMHANodeDetails (OMHANodeDetails.java:loadOMHAConfig(190)) - Configuration either no ozone.om.address set. Falling back to the default OM address /127.0.0.1:0
2019-10-17 20:28:13,286 [Thread-754] INFO  ha.OMHANodeDetails (OMHANodeDetails.java:getOMNodeDetails(220)) - OM Service ID is not set. Setting it to the default ID: omServiceIdDefault
2019-10-17 20:28:13,287 [Thread-754] WARN  server.ServerUtils (ServerUtils.java:getDBPath(222)) - ozone.om.db.dirs is not configured. We recommend adding this setting. Falling back to ozone.metadata.dirs instead.
2019-10-17 20:28:13,287 [Thread-754] WARN  server.ServerUtils (ServerUtils.java:getDBPath(222)) - ozone.om.db.dirs is not configured. We recommend adding this setting. Falling back to ozone.metadata.dirs instead.
2019-10-17 20:28:13,294 [Thread-754] WARN  server.ServerUtils (ServerUtils.java:getDBPath(222)) - ozone.om.db.dirs is not configured. We recommend adding this setting. Falling back to ozone.metadata.dirs instead.
2019-10-17 20:28:13,294 [Thread-754] INFO  db.DBStoreBuilder (DBStoreBuilder.java:addTable(117)) - using custom profile for table: userTable
2019-10-17 20:28:13,295 [Thread-754] INFO  db.DBStoreBuilder (DBStoreBuilder.java:processTables(168)) - Using default column profile:DBProfile.DISK for Table:userTable
2019-10-17 20:28:13,295 [Thread-754] INFO  db.DBStoreBuilder (DBStoreBuilder.java:addTable(117)) - using custom profile for table: volumeTable
2019-10-17 20:28:13,295 [Thread-754] INFO  db.DBStoreBuilder (DBStoreBuilder.java:processTables(168)) - Using default column profile:DBProfile.DISK for Table:volumeTable
2019-10-17 20:28:13,295 [Thread-754] INFO  db.DBStoreBuilder (DBStoreBuilder.java:addTable(117)) - using custom profile for table: bucketTable
2019-10-17 20:28:13,295 [Thread-754] INFO  db.DBStoreBuilder (DBStoreBuilder.java:processTables(168)) - Using default column profile:DBProfile.DISK for Table:bucketTable
2019-10-17 20:28:13,295 [Thread-754] INFO  db.DBStoreBuilder (DBStoreBuilder.java:addTable(117)) - using custom profile for table: keyTable
2019-10-17 20:28:13,296 [Thread-754] INFO  db.DBStoreBuilder (DBStoreBuilder.java:processTables(168)) - Using default column profile:DBProfile.DISK for Table:keyTable
2019-10-17 20:28:13,296 [Thread-754] INFO  db.DBStoreBuilder (DBStoreBuilder.java:addTable(117)) - using custom profile for table: deletedTable
2019-10-17 20:28:13,296 [Thread-754] INFO  db.DBStoreBuilder (DBStoreBuilder.java:processTables(168)) - Using default column profile:DBProfile.DISK for Table:deletedTable
2019-10-17 20:28:13,296 [Thread-754] INFO  db.DBStoreBuilder (DBStoreBuilder.java:addTable(117)) - using custom profile for table: openKeyTable
2019-10-17 20:28:13,296 [Thread-754] INFO  db.DBStoreBuilder (DBStoreBuilder.java:processTables(168)) - Using default column profile:DBProfile.DISK for Table:openKeyTable
2019-10-17 20:28:13,296 [Thread-754] INFO  db.DBStoreBuilder (DBStoreBuilder.java:addTable(117)) - using custom profile for table: s3Table
2019-10-17 20:28:13,297 [Thread-754] INFO  db.DBStoreBuilder (DBStoreBuilder.java:processTables(168)) - Using default column profile:DBProfile.DISK for Table:s3Table
2019-10-17 20:28:13,297 [Thread-754] INFO  db.DBStoreBuilder (DBStoreBuilder.java:addTable(117)) - using custom profile for table: multipartInfoTable
2019-10-17 20:28:13,297 [Thread-754] INFO  db.DBStoreBuilder (DBStoreBuilder.java:processTables(168)) - Using default column profile:DBProfile.DISK for Table:multipartInfoTable
2019-10-17 20:28:13,297 [Thread-754] INFO  db.DBStoreBuilder (DBStoreBuilder.java:addTable(117)) - using custom profile for table: dTokenTable
2019-10-17 20:28:13,297 [Thread-754] INFO  db.DBStoreBuilder (DBStoreBuilder.java:processTables(168)) - Using default column profile:DBProfile.DISK for Table:dTokenTable
2019-10-17 20:28:13,298 [Thread-754] INFO  db.DBStoreBuilder (DBStoreBuilder.java:addTable(117)) - using custom profile for table: s3SecretTable
2019-10-17 20:28:13,298 [Thread-754] INFO  db.DBStoreBuilder (DBStoreBuilder.java:processTables(168)) - Using default column profile:DBProfile.DISK for Table:s3SecretTable
2019-10-17 20:28:13,298 [Thread-754] INFO  db.DBStoreBuilder (DBStoreBuilder.java:addTable(117)) - using custom profile for table: prefixTable
2019-10-17 20:28:13,298 [Thread-754] INFO  db.DBStoreBuilder (DBStoreBuilder.java:processTables(168)) - Using default column profile:DBProfile.DISK for Table:prefixTable
2019-10-17 20:28:13,298 [Thread-754] INFO  db.DBStoreBuilder (DBStoreBuilder.java:addTable(117)) - using custom profile for table: default
2019-10-17 20:28:13,298 [Thread-754] INFO  db.DBStoreBuilder (DBStoreBuilder.java:processTables(174)) - Using default column profile:DBProfile.DISK for Table:default
2019-10-17 20:28:13,299 [Thread-754] INFO  db.DBStoreBuilder (DBStoreBuilder.java:getDbProfile(205)) - Using default options. DBProfile.DISK
2019-10-17 20:28:13,988 [Thread-754] INFO  ipc.CallQueueManager (CallQueueManager.java:<init>(84)) - Using callQueue: class java.util.concurrent.LinkedBlockingQueue, queueCapacity: 2000, scheduler: class org.apache.hadoop.ipc.DefaultRpcScheduler, ipcBackoff: false.
2019-10-17 20:28:13,989 [Socket Reader #1 for port 46187] INFO  ipc.Server (Server.java:run(1074)) - Starting Socket Reader #1 for port 46187
2019-10-17 20:28:14,014 [Thread-754] INFO  om.OzoneManager (OzoneManager.java:start(1071)) - OzoneManager RPC server is listening at localhost/127.0.0.1:46187
2019-10-17 20:28:14,014 [Thread-754] INFO  impl.MetricsSystemImpl (MetricsSystemImpl.java:init(158)) - OzoneManager metrics system started (again)
2019-10-17 20:28:14,015 [IPC Server Responder] INFO  ipc.Server (Server.java:run(1314)) - IPC Server Responder: starting
2019-10-17 20:28:14,016 [IPC Server listener on 46187] INFO  ipc.Server (Server.java:run(1153)) - IPC Server listener on 46187: starting
2019-10-17 20:28:14,021 [Thread-754] INFO  hdfs.DFSUtil (DFSUtil.java:httpServerTemplateForNNAndJN(1641)) - Starting Web-server for ozoneManager at: http://0.0.0.0:0
2019-10-17 20:28:14,023 [Thread-754] INFO  server.AuthenticationFilter (AuthenticationFilter.java:constructSecretProvider(240)) - Unable to initialize FileSignerSecretProvider, falling back to use random secrets.
2019-10-17 20:28:14,023 [Thread-754] WARN  http.HttpRequestLog (HttpRequestLog.java:getRequestLog(97)) - Jetty request log can only be enabled using Log4j
2019-10-17 20:28:14,025 [Thread-754] INFO  http.HttpServer2 (HttpServer2.java:addGlobalFilter(975)) - Added global filter 'safety' (class=org.apache.hadoop.http.HttpServer2$QuotingInputFilter)
2019-10-17 20:28:14,026 [Thread-754] INFO  http.HttpServer2 (HttpServer2.java:addFilter(948)) - Added filter static_user_filter (class=org.apache.hadoop.http.lib.StaticUserWebFilter$StaticUserFilter) to context ozoneManager
2019-10-17 20:28:14,026 [Thread-754] INFO  http.HttpServer2 (HttpServer2.java:addFilter(958)) - Added filter static_user_filter (class=org.apache.hadoop.http.lib.StaticUserWebFilter$StaticUserFilter) to context logs
2019-10-17 20:28:14,026 [Thread-754] INFO  http.HttpServer2 (HttpServer2.java:addFilter(958)) - Added filter static_user_filter (class=org.apache.hadoop.http.lib.StaticUserWebFilter$StaticUserFilter) to context static
2019-10-17 20:28:14,027 [Thread-754] INFO  http.HttpServer2 (HttpServer2.java:bindListener(1191)) - Jetty bound to port 32824
2019-10-17 20:28:14,027 [Thread-754] INFO  server.Server (Server.java:doStart(351)) - jetty-9.3.25.v20180904, build timestamp: 2018-09-04T21:11:46Z, git hash: 3ce520221d0240229c862b122d2b06c12a625732
2019-10-17 20:28:14,029 [Thread-754] INFO  handler.ContextHandler (ContextHandler.java:doStart(781)) - Started o.e.j.s.ServletContextHandler@3cbfc76b{/logs,file:///workdir/hadoop-ozone/ozonefs/target/log,AVAILABLE}
2019-10-17 20:28:14,029 [Thread-754] INFO  handler.ContextHandler (ContextHandler.java:doStart(781)) - Started o.e.j.s.ServletContextHandler@2bee25db{/static,jar:file:/home/user/.m2/repository/org/apache/hadoop/hadoop-ozone-ozone-manager/0.5.0-SNAPSHOT/hadoop-ozone-ozone-manager-0.5.0-SNAPSHOT.jar!/webapps/static,AVAILABLE}
2019-10-17 20:28:14,076 [Thread-754] INFO  handler.ContextHandler (ContextHandler.java:doStart(781)) - Started o.e.j.w.WebAppContext@25702d92{/,file:///tmp/jetty-0.0.0.0-32824-ozoneManager-_-any-9051373569294681380.dir/webapp/,AVAILABLE}{/ozoneManager}
2019-10-17 20:28:14,077 [Thread-754] INFO  server.AbstractConnector (AbstractConnector.java:doStart(278)) - Started ServerConnector@7d17d68a{HTTP/1.1,[http/1.1]}{0.0.0.0:32824}
2019-10-17 20:28:14,077 [Thread-754] INFO  server.Server (Server.java:doStart(419)) - Started @60003ms
2019-10-17 20:28:14,077 [Thread-754] WARN  impl.MetricsSystemImpl (MetricsSystemImpl.java:register(276)) - Sink prometheus already exists!
2019-10-17 20:28:14,078 [Thread-754] INFO  server.BaseHttpServer (BaseHttpServer.java:updateConnectorAddress(215)) - HTTP server of OZONEMANAGER is listening at http://0.0.0.0:32824
2019-10-17 20:28:14,085 [Thread-754] INFO  impl.MetricsSystemImpl (MetricsSystemImpl.java:init(158)) - HddsDatanode metrics system started (again)
2019-10-17 20:28:14,088 [Thread-754] INFO  ozone.HddsDatanodeService (HddsDatanodeService.java:start(184)) - HddsDatanodeService host:pr-hdds-1868-s6sc9-3720172378 ip:192.168.164.201
2019-10-17 20:28:14,096 [Thread-754] INFO  volume.HddsVolume (HddsVolume.java:<init>(176)) - Creating Volume: /workdir/hadoop-ozone/ozonefs/target/test-dir/MiniOzoneClusterImpl-0df98be9-49e2-4eb9-b6e4-71f20c3f18cb/datanode-0/data/containers/hdds of  storage type : DISK and capacity : 1482555576320
2019-10-17 20:28:14,096 [Thread-754] INFO  volume.VolumeSet (VolumeSet.java:initializeVolumeSet(170)) - Added Volume : /workdir/hadoop-ozone/ozonefs/target/test-dir/MiniOzoneClusterImpl-0df98be9-49e2-4eb9-b6e4-71f20c3f18cb/datanode-0/data/containers/hdds to VolumeSet
2019-10-17 20:28:14,097 [Thread-754] INFO  volume.ThrottledAsyncChecker (ThrottledAsyncChecker.java:schedule(141)) - Scheduling a check for /workdir/hadoop-ozone/ozonefs/target/test-dir/MiniOzoneClusterImpl-0df98be9-49e2-4eb9-b6e4-71f20c3f18cb/datanode-0/data/containers/hdds
2019-10-17 20:28:14,098 [Thread-754] INFO  volume.HddsVolumeChecker (HddsVolumeChecker.java:checkAllVolumes(204)) - Scheduled health check for volume /workdir/hadoop-ozone/ozonefs/target/test-dir/MiniOzoneClusterImpl-0df98be9-49e2-4eb9-b6e4-71f20c3f18cb/datanode-0/data/containers/hdds
2019-10-17 20:28:14,117 [Thread-754] INFO  impl.RaftServerProxy (ConfUtils.java:logGet(43)) - raft.rpc.type = GRPC (default)
2019-10-17 20:28:14,118 [Thread-754] INFO  grpc.GrpcFactory (GrpcFactory.java:checkPooledByteBufAllocatorUseCacheForAllThreads(45)) - PERFORMANCE WARNING: useCacheForAllThreads is true that may cause Netty to create a lot garbage objects and, as a result, trigger GC.
	It is recommended to disable useCacheForAllThreads by setting -Dorg.apache.ratis.thirdparty.io.netty.allocator.useCacheForAllThreads=false in command line.
2019-10-17 20:28:14,118 [Thread-754] INFO  grpc.GrpcConfigKeys$Server (ConfUtils.java:logGet(43)) - raft.grpc.server.port = 0 (default)
2019-10-17 20:28:14,118 [Thread-754] INFO  server.GrpcService (ConfUtils.java:logGet(43)) - raft.grpc.message.size.max = 33570816 (custom)
2019-10-17 20:28:14,119 [Thread-754] INFO  server.RaftServerConfigKeys (ConfUtils.java:logGet(43)) - raft.server.log.appender.buffer.byte-limit = 33554432 (custom)
2019-10-17 20:28:14,119 [Thread-754] INFO  server.GrpcService (ConfUtils.java:logGet(43)) - raft.grpc.flow.control.window = 1MB (=1048576) (default)
2019-10-17 20:28:14,119 [Thread-754] INFO  server.RaftServerConfigKeys (ConfUtils.java:logGet(43)) - raft.server.rpc.request.timeout = 3000ms (default)
2019-10-17 20:28:14,120 [Thread-754] INFO  server.RaftServerConfigKeys (ConfUtils.java:logGet(43)) - raft.server.storage.dir = [/workdir/hadoop-ozone/ozonefs/target/test-dir/MiniOzoneClusterImpl-0df98be9-49e2-4eb9-b6e4-71f20c3f18cb/datanode-0/data/ratis] (custom)
2019-10-17 20:28:14,121 [Thread-754] INFO  hdfs.DFSUtil (DFSUtil.java:httpServerTemplateForNNAndJN(1641)) - Starting Web-server for hddsDatanode at: http://0.0.0.0:0
2019-10-17 20:28:14,122 [Thread-754] INFO  server.AuthenticationFilter (AuthenticationFilter.java:constructSecretProvider(240)) - Unable to initialize FileSignerSecretProvider, falling back to use random secrets.
2019-10-17 20:28:14,123 [Thread-754] WARN  http.HttpRequestLog (HttpRequestLog.java:getRequestLog(97)) - Jetty request log can only be enabled using Log4j
2019-10-17 20:28:14,124 [Thread-754] INFO  http.HttpServer2 (HttpServer2.java:addGlobalFilter(975)) - Added global filter 'safety' (class=org.apache.hadoop.http.HttpServer2$QuotingInputFilter)
2019-10-17 20:28:14,125 [Thread-754] INFO  http.HttpServer2 (HttpServer2.java:addFilter(948)) - Added filter static_user_filter (class=org.apache.hadoop.http.lib.StaticUserWebFilter$StaticUserFilter) to context hddsDatanode
2019-10-17 20:28:14,125 [Thread-754] INFO  http.HttpServer2 (HttpServer2.java:addFilter(958)) - Added filter static_user_filter (class=org.apache.hadoop.http.lib.StaticUserWebFilter$StaticUserFilter) to context logs
2019-10-17 20:28:14,125 [Thread-754] INFO  http.HttpServer2 (HttpServer2.java:addFilter(958)) - Added filter static_user_filter (class=org.apache.hadoop.http.lib.StaticUserWebFilter$StaticUserFilter) to context static
2019-10-17 20:28:14,126 [Thread-754] INFO  http.HttpServer2 (HttpServer2.java:bindListener(1191)) - Jetty bound to port 37272
2019-10-17 20:28:14,126 [Thread-754] INFO  server.Server (Server.java:doStart(351)) - jetty-9.3.25.v20180904, build timestamp: 2018-09-04T21:11:46Z, git hash: 3ce520221d0240229c862b122d2b06c12a625732
2019-10-17 20:28:14,128 [Thread-754] INFO  handler.ContextHandler (ContextHandler.java:doStart(781)) - Started o.e.j.s.ServletContextHandler@56ead118{/logs,file:///workdir/hadoop-ozone/ozonefs/target/log,AVAILABLE}
2019-10-17 20:28:14,128 [Thread-754] INFO  handler.ContextHandler (ContextHandler.java:doStart(781)) - Started o.e.j.s.ServletContextHandler@36158dc8{/static,jar:file:/home/user/.m2/repository/org/apache/hadoop/hadoop-hdds-container-service/0.5.0-SNAPSHOT/hadoop-hdds-container-service-0.5.0-SNAPSHOT.jar!/webapps/static,AVAILABLE}
2019-10-17 20:28:14,158 [Thread-754] INFO  handler.ContextHandler (ContextHandler.java:doStart(781)) - Started o.e.j.w.WebAppContext@52151dbd{/,file:///tmp/jetty-0.0.0.0-37272-hddsDatanode-_-any-9066728706557334767.dir/webapp/,AVAILABLE}{/hddsDatanode}
2019-10-17 20:28:14,159 [Thread-754] INFO  server.AbstractConnector (AbstractConnector.java:doStart(278)) - Started ServerConnector@4891cbfd{HTTP/1.1,[http/1.1]}{0.0.0.0:37272}
2019-10-17 20:28:14,159 [Thread-754] INFO  server.Server (Server.java:doStart(419)) - Started @60085ms
2019-10-17 20:28:14,159 [Thread-754] WARN  impl.MetricsSystemImpl (MetricsSystemImpl.java:register(276)) - Sink prometheus already exists!
2019-10-17 20:28:14,160 [Thread-754] INFO  server.BaseHttpServer (BaseHttpServer.java:updateConnectorAddress(215)) - HTTP server of HDDSDATANODE is listening at http://0.0.0.0:37272
2019-10-17 20:28:14,161 [Thread-754] INFO  impl.MetricsSystemImpl (MetricsSystemImpl.java:init(158)) - HddsDatanode metrics system started (again)
2019-10-17 20:28:14,164 [org.apache.hadoop.util.JvmPauseMonitor$Monitor@23101bcf] INFO  util.JvmPauseMonitor (JvmPauseMonitor.java:run(188)) - Starting JVM pause monitor
2019-10-17 20:28:14,165 [Thread-754] INFO  ozone.HddsDatanodeService (HddsDatanodeService.java:start(184)) - HddsDatanodeService host:pr-hdds-1868-s6sc9-3720172378 ip:192.168.164.201
2019-10-17 20:28:14,167 [Datanode State Machine Thread - 0] INFO  datanode.InitDatanodeState (InitDatanodeState.java:persistContainerDatanodeDetails(140)) - DatanodeDetails is persisted to /workdir/hadoop-ozone/ozonefs/target/test-dir/MiniOzoneClusterImpl-0df98be9-49e2-4eb9-b6e4-71f20c3f18cb/datanode-0/meta/datanode.id
2019-10-17 20:28:14,174 [Thread-754] INFO  volume.HddsVolume (HddsVolume.java:<init>(176)) - Creating Volume: /workdir/hadoop-ozone/ozonefs/target/test-dir/MiniOzoneClusterImpl-0df98be9-49e2-4eb9-b6e4-71f20c3f18cb/datanode-1/data/containers/hdds of  storage type : DISK and capacity : 1482555576320
2019-10-17 20:28:14,174 [Thread-754] INFO  volume.VolumeSet (VolumeSet.java:initializeVolumeSet(170)) - Added Volume : /workdir/hadoop-ozone/ozonefs/target/test-dir/MiniOzoneClusterImpl-0df98be9-49e2-4eb9-b6e4-71f20c3f18cb/datanode-1/data/containers/hdds to VolumeSet
2019-10-17 20:28:14,174 [Thread-754] INFO  volume.ThrottledAsyncChecker (ThrottledAsyncChecker.java:schedule(141)) - Scheduling a check for /workdir/hadoop-ozone/ozonefs/target/test-dir/MiniOzoneClusterImpl-0df98be9-49e2-4eb9-b6e4-71f20c3f18cb/datanode-1/data/containers/hdds
2019-10-17 20:28:14,175 [Thread-754] INFO  volume.HddsVolumeChecker (HddsVolumeChecker.java:checkAllVolumes(204)) - Scheduled health check for volume /workdir/hadoop-ozone/ozonefs/target/test-dir/MiniOzoneClusterImpl-0df98be9-49e2-4eb9-b6e4-71f20c3f18cb/datanode-1/data/containers/hdds
2019-10-17 20:28:14,204 [Thread-754] INFO  impl.RaftServerProxy (ConfUtils.java:logGet(43)) - raft.rpc.type = GRPC (default)
2019-10-17 20:28:14,205 [Thread-754] INFO  grpc.GrpcFactory (GrpcFactory.java:checkPooledByteBufAllocatorUseCacheForAllThreads(45)) - PERFORMANCE WARNING: useCacheForAllThreads is true that may cause Netty to create a lot garbage objects and, as a result, trigger GC.
	It is recommended to disable useCacheForAllThreads by setting -Dorg.apache.ratis.thirdparty.io.netty.allocator.useCacheForAllThreads=false in command line.
2019-10-17 20:28:14,205 [Thread-754] INFO  grpc.GrpcConfigKeys$Server (ConfUtils.java:logGet(43)) - raft.grpc.server.port = 0 (default)
2019-10-17 20:28:14,205 [Thread-754] INFO  server.GrpcService (ConfUtils.java:logGet(43)) - raft.grpc.message.size.max = 33570816 (custom)
2019-10-17 20:28:14,205 [Thread-754] INFO  server.RaftServerConfigKeys (ConfUtils.java:logGet(43)) - raft.server.log.appender.buffer.byte-limit = 33554432 (custom)
2019-10-17 20:28:14,205 [Thread-754] INFO  server.GrpcService (ConfUtils.java:logGet(43)) - raft.grpc.flow.control.window = 1MB (=1048576) (default)
2019-10-17 20:28:14,206 [Thread-754] INFO  server.RaftServerConfigKeys (ConfUtils.java:logGet(43)) - raft.server.rpc.request.timeout = 3000ms (default)
2019-10-17 20:28:14,206 [Thread-754] INFO  server.RaftServerConfigKeys (ConfUtils.java:logGet(43)) - raft.server.storage.dir = [/workdir/hadoop-ozone/ozonefs/target/test-dir/MiniOzoneClusterImpl-0df98be9-49e2-4eb9-b6e4-71f20c3f18cb/datanode-1/data/ratis] (custom)
2019-10-17 20:28:14,208 [Thread-754] INFO  hdfs.DFSUtil (DFSUtil.java:httpServerTemplateForNNAndJN(1641)) - Starting Web-server for hddsDatanode at: http://0.0.0.0:0
2019-10-17 20:28:14,211 [Thread-754] INFO  server.AuthenticationFilter (AuthenticationFilter.java:constructSecretProvider(240)) - Unable to initialize FileSignerSecretProvider, falling back to use random secrets.
2019-10-17 20:28:14,211 [Thread-754] WARN  http.HttpRequestLog (HttpRequestLog.java:getRequestLog(97)) - Jetty request log can only be enabled using Log4j
2019-10-17 20:28:14,214 [Thread-754] INFO  http.HttpServer2 (HttpServer2.java:addGlobalFilter(975)) - Added global filter 'safety' (class=org.apache.hadoop.http.HttpServer2$QuotingInputFilter)
2019-10-17 20:28:14,215 [Thread-754] INFO  http.HttpServer2 (HttpServer2.java:addFilter(948)) - Added filter static_user_filter (class=org.apache.hadoop.http.lib.StaticUserWebFilter$StaticUserFilter) to context hddsDatanode
2019-10-17 20:28:14,215 [Thread-754] INFO  http.HttpServer2 (HttpServer2.java:addFilter(958)) - Added filter static_user_filter (class=org.apache.hadoop.http.lib.StaticUserWebFilter$StaticUserFilter) to context logs
2019-10-17 20:28:14,215 [Thread-754] INFO  http.HttpServer2 (HttpServer2.java:addFilter(958)) - Added filter static_user_filter (class=org.apache.hadoop.http.lib.StaticUserWebFilter$StaticUserFilter) to context static
2019-10-17 20:28:14,216 [Thread-754] INFO  http.HttpServer2 (HttpServer2.java:bindListener(1191)) - Jetty bound to port 35552
2019-10-17 20:28:14,216 [Thread-754] INFO  server.Server (Server.java:doStart(351)) - jetty-9.3.25.v20180904, build timestamp: 2018-09-04T21:11:46Z, git hash: 3ce520221d0240229c862b122d2b06c12a625732
2019-10-17 20:28:14,218 [Thread-754] INFO  handler.ContextHandler (ContextHandler.java:doStart(781)) - Started o.e.j.s.ServletContextHandler@5900c1a2{/logs,file:///workdir/hadoop-ozone/ozonefs/target/log,AVAILABLE}
2019-10-17 20:28:14,219 [Thread-754] INFO  handler.ContextHandler (ContextHandler.java:doStart(781)) - Started o.e.j.s.ServletContextHandler@7492cdf1{/static,jar:file:/home/user/.m2/repository/org/apache/hadoop/hadoop-hdds-container-service/0.5.0-SNAPSHOT/hadoop-hdds-container-service-0.5.0-SNAPSHOT.jar!/webapps/static,AVAILABLE}
2019-10-17 20:28:14,247 [Thread-754] INFO  handler.ContextHandler (ContextHandler.java:doStart(781)) - Started o.e.j.w.WebAppContext@2145c161{/,file:///tmp/jetty-0.0.0.0-35552-hddsDatanode-_-any-3567347845134771986.dir/webapp/,AVAILABLE}{/hddsDatanode}
2019-10-17 20:28:14,247 [Thread-754] INFO  server.AbstractConnector (AbstractConnector.java:doStart(278)) - Started ServerConnector@195b4953{HTTP/1.1,[http/1.1]}{0.0.0.0:35552}
2019-10-17 20:28:14,248 [Thread-754] INFO  server.Server (Server.java:doStart(419)) - Started @60174ms
2019-10-17 20:28:14,248 [Thread-754] WARN  impl.MetricsSystemImpl (MetricsSystemImpl.java:register(276)) - Sink prometheus already exists!
2019-10-17 20:28:14,249 [Thread-754] INFO  server.BaseHttpServer (BaseHttpServer.java:updateConnectorAddress(215)) - HTTP server of HDDSDATANODE is listening at http://0.0.0.0:35552
2019-10-17 20:28:14,249 [Thread-754] INFO  impl.MetricsSystemImpl (MetricsSystemImpl.java:init(158)) - HddsDatanode metrics system started (again)
2019-10-17 20:28:14,252 [Thread-754] INFO  ozone.HddsDatanodeService (HddsDatanodeService.java:start(184)) - HddsDatanodeService host:pr-hdds-1868-s6sc9-3720172378 ip:192.168.164.201
2019-10-17 20:28:14,253 [org.apache.hadoop.util.JvmPauseMonitor$Monitor@7a8d4c7b] INFO  util.JvmPauseMonitor (JvmPauseMonitor.java:run(188)) - Starting JVM pause monitor
2019-10-17 20:28:14,256 [Datanode State Machine Thread - 0] INFO  datanode.InitDatanodeState (InitDatanodeState.java:persistContainerDatanodeDetails(140)) - DatanodeDetails is persisted to /workdir/hadoop-ozone/ozonefs/target/test-dir/MiniOzoneClusterImpl-0df98be9-49e2-4eb9-b6e4-71f20c3f18cb/datanode-1/meta/datanode.id
2019-10-17 20:28:14,263 [Thread-754] INFO  volume.HddsVolume (HddsVolume.java:<init>(176)) - Creating Volume: /workdir/hadoop-ozone/ozonefs/target/test-dir/MiniOzoneClusterImpl-0df98be9-49e2-4eb9-b6e4-71f20c3f18cb/datanode-2/data/containers/hdds of  storage type : DISK and capacity : 1482555576320
2019-10-17 20:28:14,263 [Thread-754] INFO  volume.VolumeSet (VolumeSet.java:initializeVolumeSet(170)) - Added Volume : /workdir/hadoop-ozone/ozonefs/target/test-dir/MiniOzoneClusterImpl-0df98be9-49e2-4eb9-b6e4-71f20c3f18cb/datanode-2/data/containers/hdds to VolumeSet
2019-10-17 20:28:14,264 [Thread-754] INFO  volume.ThrottledAsyncChecker (ThrottledAsyncChecker.java:schedule(141)) - Scheduling a check for /workdir/hadoop-ozone/ozonefs/target/test-dir/MiniOzoneClusterImpl-0df98be9-49e2-4eb9-b6e4-71f20c3f18cb/datanode-2/data/containers/hdds
2019-10-17 20:28:14,264 [Thread-754] INFO  volume.HddsVolumeChecker (HddsVolumeChecker.java:checkAllVolumes(204)) - Scheduled health check for volume /workdir/hadoop-ozone/ozonefs/target/test-dir/MiniOzoneClusterImpl-0df98be9-49e2-4eb9-b6e4-71f20c3f18cb/datanode-2/data/containers/hdds
2019-10-17 20:28:14,287 [Thread-754] INFO  impl.RaftServerProxy (ConfUtils.java:logGet(43)) - raft.rpc.type = GRPC (default)
2019-10-17 20:28:14,287 [Thread-754] INFO  grpc.GrpcFactory (GrpcFactory.java:checkPooledByteBufAllocatorUseCacheForAllThreads(45)) - PERFORMANCE WARNING: useCacheForAllThreads is true that may cause Netty to create a lot garbage objects and, as a result, trigger GC.
	It is recommended to disable useCacheForAllThreads by setting -Dorg.apache.ratis.thirdparty.io.netty.allocator.useCacheForAllThreads=false in command line.
2019-10-17 20:28:14,288 [Thread-754] INFO  grpc.GrpcConfigKeys$Server (ConfUtils.java:logGet(43)) - raft.grpc.server.port = 0 (default)
2019-10-17 20:28:14,288 [Thread-754] INFO  server.GrpcService (ConfUtils.java:logGet(43)) - raft.grpc.message.size.max = 33570816 (custom)
2019-10-17 20:28:14,288 [Thread-754] INFO  server.RaftServerConfigKeys (ConfUtils.java:logGet(43)) - raft.server.log.appender.buffer.byte-limit = 33554432 (custom)
2019-10-17 20:28:14,288 [Thread-754] INFO  server.GrpcService (ConfUtils.java:logGet(43)) - raft.grpc.flow.control.window = 1MB (=1048576) (default)
2019-10-17 20:28:14,288 [Thread-754] INFO  server.RaftServerConfigKeys (ConfUtils.java:logGet(43)) - raft.server.rpc.request.timeout = 3000ms (default)
2019-10-17 20:28:14,289 [Thread-754] INFO  server.RaftServerConfigKeys (ConfUtils.java:logGet(43)) - raft.server.storage.dir = [/workdir/hadoop-ozone/ozonefs/target/test-dir/MiniOzoneClusterImpl-0df98be9-49e2-4eb9-b6e4-71f20c3f18cb/datanode-2/data/ratis] (custom)
2019-10-17 20:28:14,291 [Thread-754] INFO  hdfs.DFSUtil (DFSUtil.java:httpServerTemplateForNNAndJN(1641)) - Starting Web-server for hddsDatanode at: http://0.0.0.0:0
2019-10-17 20:28:14,294 [Thread-754] INFO  server.AuthenticationFilter (AuthenticationFilter.java:constructSecretProvider(240)) - Unable to initialize FileSignerSecretProvider, falling back to use random secrets.
2019-10-17 20:28:14,295 [Thread-754] WARN  http.HttpRequestLog (HttpRequestLog.java:getRequestLog(97)) - Jetty request log can only be enabled using Log4j
2019-10-17 20:28:14,296 [Thread-754] INFO  http.HttpServer2 (HttpServer2.java:addGlobalFilter(975)) - Added global filter 'safety' (class=org.apache.hadoop.http.HttpServer2$QuotingInputFilter)
2019-10-17 20:28:14,297 [Thread-754] INFO  http.HttpServer2 (HttpServer2.java:addFilter(948)) - Added filter static_user_filter (class=org.apache.hadoop.http.lib.StaticUserWebFilter$StaticUserFilter) to context hddsDatanode
2019-10-17 20:28:14,297 [Thread-754] INFO  http.HttpServer2 (HttpServer2.java:addFilter(958)) - Added filter static_user_filter (class=org.apache.hadoop.http.lib.StaticUserWebFilter$StaticUserFilter) to context static
2019-10-17 20:28:14,297 [Thread-754] INFO  http.HttpServer2 (HttpServer2.java:addFilter(958)) - Added filter static_user_filter (class=org.apache.hadoop.http.lib.StaticUserWebFilter$StaticUserFilter) to context logs
2019-10-17 20:28:14,298 [Thread-754] INFO  http.HttpServer2 (HttpServer2.java:bindListener(1191)) - Jetty bound to port 35502
2019-10-17 20:28:14,298 [Thread-754] INFO  server.Server (Server.java:doStart(351)) - jetty-9.3.25.v20180904, build timestamp: 2018-09-04T21:11:46Z, git hash: 3ce520221d0240229c862b122d2b06c12a625732
2019-10-17 20:28:14,299 [Thread-754] INFO  handler.ContextHandler (ContextHandler.java:doStart(781)) - Started o.e.j.s.ServletContextHandler@1c001f8b{/logs,file:///workdir/hadoop-ozone/ozonefs/target/log,AVAILABLE}
2019-10-17 20:28:14,300 [Thread-754] INFO  handler.ContextHandler (ContextHandler.java:doStart(781)) - Started o.e.j.s.ServletContextHandler@64955ff1{/static,jar:file:/home/user/.m2/repository/org/apache/hadoop/hadoop-hdds-container-service/0.5.0-SNAPSHOT/hadoop-hdds-container-service-0.5.0-SNAPSHOT.jar!/webapps/static,AVAILABLE}
2019-10-17 20:28:14,328 [Thread-754] INFO  handler.ContextHandler (ContextHandler.java:doStart(781)) - Started o.e.j.w.WebAppContext@355efc7f{/,file:///tmp/jetty-0.0.0.0-35502-hddsDatanode-_-any-8288627186594402560.dir/webapp/,AVAILABLE}{/hddsDatanode}
2019-10-17 20:28:14,328 [Thread-754] INFO  server.AbstractConnector (AbstractConnector.java:doStart(278)) - Started ServerConnector@3e0ac1c4{HTTP/1.1,[http/1.1]}{0.0.0.0:35502}
2019-10-17 20:28:14,329 [Thread-754] INFO  server.Server (Server.java:doStart(419)) - Started @60255ms
2019-10-17 20:28:14,329 [Thread-754] WARN  impl.MetricsSystemImpl (MetricsSystemImpl.java:register(276)) - Sink prometheus already exists!
2019-10-17 20:28:14,330 [Thread-754] INFO  server.BaseHttpServer (BaseHttpServer.java:updateConnectorAddress(215)) - HTTP server of HDDSDATANODE is listening at http://0.0.0.0:35502
2019-10-17 20:28:14,330 [Thread-754] INFO  ozone.MiniOzoneClusterImpl (MiniOzoneClusterImpl.java:lambda$waitForClusterToBeReady$2(172)) - Waiting for cluster to be ready. Got 0 of 3 DN Heartbeats.
2019-10-17 20:28:14,333 [org.apache.hadoop.util.JvmPauseMonitor$Monitor@47aa5659] INFO  util.JvmPauseMonitor (JvmPauseMonitor.java:run(188)) - Starting JVM pause monitor
2019-10-17 20:28:14,335 [Datanode State Machine Thread - 0] INFO  datanode.InitDatanodeState (InitDatanodeState.java:persistContainerDatanodeDetails(140)) - DatanodeDetails is persisted to /workdir/hadoop-ozone/ozonefs/target/test-dir/MiniOzoneClusterImpl-0df98be9-49e2-4eb9-b6e4-71f20c3f18cb/datanode-2/meta/datanode.id
2019-10-17 20:28:15,332 [Thread-754] INFO  ozone.MiniOzoneClusterImpl (MiniOzoneClusterImpl.java:lambda$waitForClusterToBeReady$2(172)) - Waiting for cluster to be ready. Got 0 of 3 DN Heartbeats.
2019-10-17 20:28:16,194 [Datanode State Machine Thread - 0] INFO  ozoneimpl.OzoneContainer (OzoneContainer.java:start(213)) - Attempting to start container services.
2019-10-17 20:28:16,195 [Datanode State Machine Thread - 0] INFO  ozoneimpl.OzoneContainer (OzoneContainer.java:startContainerScrub(177)) - Background container scanner has been disabled.
2019-10-17 20:28:16,195 [Datanode State Machine Thread - 0] INFO  ratis.XceiverServerRatis (XceiverServerRatis.java:start(425)) - Starting XceiverServerRatis d81605c5-54b3-45a8-b5ae-2e8d8890cbef at port 0
2019-10-17 20:28:16,201 [Datanode State Machine Thread - 0] INFO  impl.RaftServerProxy (RaftServerProxy.java:lambda$start$3(299)) - d81605c5-54b3-45a8-b5ae-2e8d8890cbef: start RPC server
2019-10-17 20:28:16,203 [Datanode State Machine Thread - 0] INFO  server.GrpcService (GrpcService.java:startImpl(158)) - d81605c5-54b3-45a8-b5ae-2e8d8890cbef: GrpcService started, listening on 0.0.0.0/0.0.0.0:42755
2019-10-17 20:28:16,204 [Datanode State Machine Thread - 0] INFO  ratis.XceiverServerRatis (XceiverServerRatis.java:start(435)) - XceiverServerRatis d81605c5-54b3-45a8-b5ae-2e8d8890cbef is started using port 42755
2019-10-17 20:28:16,208 [Datanode State Machine Thread - 0] INFO  server.XceiverServerGrpc (XceiverServerGrpc.java:start(149)) - XceiverServerGrpc d81605c5-54b3-45a8-b5ae-2e8d8890cbef is started using port 44610
2019-10-17 20:28:16,277 [Datanode State Machine Thread - 0] INFO  ozoneimpl.OzoneContainer (OzoneContainer.java:start(213)) - Attempting to start container services.
2019-10-17 20:28:16,277 [Datanode State Machine Thread - 0] INFO  ozoneimpl.OzoneContainer (OzoneContainer.java:startContainerScrub(177)) - Background container scanner has been disabled.
2019-10-17 20:28:16,277 [Datanode State Machine Thread - 0] INFO  ratis.XceiverServerRatis (XceiverServerRatis.java:start(425)) - Starting XceiverServerRatis c07977b7-c8ef-4f3c-80b1-66a07c6e3dcd at port 0
2019-10-17 20:28:16,285 [Datanode State Machine Thread - 0] INFO  impl.RaftServerProxy (RaftServerProxy.java:lambda$start$3(299)) - c07977b7-c8ef-4f3c-80b1-66a07c6e3dcd: start RPC server
2019-10-17 20:28:16,287 [Datanode State Machine Thread - 0] INFO  server.GrpcService (GrpcService.java:startImpl(158)) - c07977b7-c8ef-4f3c-80b1-66a07c6e3dcd: GrpcService started, listening on 0.0.0.0/0.0.0.0:38664
2019-10-17 20:28:16,287 [Datanode State Machine Thread - 0] INFO  ratis.XceiverServerRatis (XceiverServerRatis.java:start(435)) - XceiverServerRatis c07977b7-c8ef-4f3c-80b1-66a07c6e3dcd is started using port 38664
2019-10-17 20:28:16,288 [Datanode State Machine Thread - 0] INFO  server.XceiverServerGrpc (XceiverServerGrpc.java:start(149)) - XceiverServerGrpc c07977b7-c8ef-4f3c-80b1-66a07c6e3dcd is started using port 41463
2019-10-17 20:28:16,332 [Thread-754] INFO  ozone.MiniOzoneClusterImpl (MiniOzoneClusterImpl.java:lambda$waitForClusterToBeReady$2(172)) - Waiting for cluster to be ready. Got 0 of 3 DN Heartbeats.
2019-10-17 20:28:16,358 [Datanode State Machine Thread - 0] INFO  ozoneimpl.OzoneContainer (OzoneContainer.java:start(213)) - Attempting to start container services.
2019-10-17 20:28:16,358 [Datanode State Machine Thread - 0] INFO  ozoneimpl.OzoneContainer (OzoneContainer.java:startContainerScrub(177)) - Background container scanner has been disabled.
2019-10-17 20:28:16,358 [Datanode State Machine Thread - 0] INFO  ratis.XceiverServerRatis (XceiverServerRatis.java:start(425)) - Starting XceiverServerRatis 7f29c796-0732-402f-b865-67033766dcba at port 0
2019-10-17 20:28:16,366 [Datanode State Machine Thread - 0] INFO  impl.RaftServerProxy (RaftServerProxy.java:lambda$start$3(299)) - 7f29c796-0732-402f-b865-67033766dcba: start RPC server
2019-10-17 20:28:16,366 [Datanode State Machine Thread - 0] INFO  server.GrpcService (GrpcService.java:startImpl(158)) - 7f29c796-0732-402f-b865-67033766dcba: GrpcService started, listening on 0.0.0.0/0.0.0.0:40704
2019-10-17 20:28:16,366 [Datanode State Machine Thread - 0] INFO  ratis.XceiverServerRatis (XceiverServerRatis.java:start(435)) - XceiverServerRatis 7f29c796-0732-402f-b865-67033766dcba is started using port 40704
2019-10-17 20:28:16,367 [Datanode State Machine Thread - 0] INFO  server.XceiverServerGrpc (XceiverServerGrpc.java:start(149)) - XceiverServerGrpc 7f29c796-0732-402f-b865-67033766dcba is started using port 45323
2019-10-17 20:28:17,332 [Thread-754] INFO  ozone.MiniOzoneClusterImpl (MiniOzoneClusterImpl.java:lambda$waitForClusterToBeReady$2(172)) - Waiting for cluster to be ready. Got 0 of 3 DN Heartbeats.
2019-10-17 20:28:18,168 [IPC Server handler 1 on 41111] INFO  net.NetworkTopology (NetworkTopologyImpl.java:add(111)) - Added a new node: /default-rack/d81605c5-54b3-45a8-b5ae-2e8d8890cbef
2019-10-17 20:28:18,169 [IPC Server handler 1 on 41111] INFO  node.SCMNodeManager (SCMNodeManager.java:register(268)) - Registered Data node : d81605c5-54b3-45a8-b5ae-2e8d8890cbef{ip: 192.168.164.201, host: pr-hdds-1868-s6sc9-3720172378, networkLocation: /default-rack, certSerialId: null}
2019-10-17 20:28:18,170 [EventQueue-NodeRegistrationContainerReportForDataNodeSafeModeRule] INFO  safemode.SCMSafeModeManager (DataNodeSafeModeRule.java:process(71)) - SCM in safe mode. 1 DataNodes registered, 1 required.
2019-10-17 20:28:18,172 [EventQueue-NodeRegistrationContainerReportForDataNodeSafeModeRule] INFO  safemode.SCMSafeModeManager (SCMSafeModeManager.java:validateSafeModeExitRules(177)) - ScmSafeModeManager, all rules are successfully validated
2019-10-17 20:28:18,172 [EventQueue-NodeRegistrationContainerReportForDataNodeSafeModeRule] INFO  safemode.SCMSafeModeManager (SCMSafeModeManager.java:exitSafeMode(193)) - SCM exiting safe mode.
2019-10-17 20:28:18,184 [grpc-default-executor-0] INFO  impl.RaftServerProxy (RaftServerProxy.java:addNew(89)) - d81605c5-54b3-45a8-b5ae-2e8d8890cbef: addNew group-E84345AE8D9B:[d81605c5-54b3-45a8-b5ae-2e8d8890cbef:192.168.164.201:42755] returns group-E84345AE8D9B:java.util.concurrent.CompletableFuture@265449d1[Not completed]
2019-10-17 20:28:18,186 [pool-177-thread-1] INFO  impl.RaftServerImpl (RaftServerImpl.java:<init>(104)) - d81605c5-54b3-45a8-b5ae-2e8d8890cbef: new RaftServerImpl for group-E84345AE8D9B:[d81605c5-54b3-45a8-b5ae-2e8d8890cbef:192.168.164.201:42755] with ContainerStateMachine:uninitialized
2019-10-17 20:28:18,186 [pool-177-thread-1] INFO  server.RaftServerConfigKeys (ConfUtils.java:logGet(43)) - raft.server.rpc.timeout.min = 5s (custom)
2019-10-17 20:28:18,186 [pool-177-thread-1] INFO  server.RaftServerConfigKeys (ConfUtils.java:logGet(43)) - raft.server.rpc.timeout.max = 5200ms (custom)
2019-10-17 20:28:18,186 [pool-177-thread-1] INFO  server.RaftServerConfigKeys (ConfUtils.java:logGet(43)) - raft.server.rpcslowness.timeout = 120s (custom)
2019-10-17 20:28:18,186 [pool-177-thread-1] INFO  server.RaftServerConfigKeys (ConfUtils.java:logGet(43)) - raft.server.sleep.deviation.threshold = 300 (default)
2019-10-17 20:28:18,186 [pool-177-thread-1] INFO  server.RaftServerConfigKeys (ConfUtils.java:logGet(43)) - raft.server.log.appender.install.snapshot.enabled = false (custom)
2019-10-17 20:28:18,186 [pool-177-thread-1] INFO  impl.RaftServerImpl (ServerState.java:<init>(103)) - d81605c5-54b3-45a8-b5ae-2e8d8890cbef@group-E84345AE8D9B: ConfigurationManager, init=-1: [d81605c5-54b3-45a8-b5ae-2e8d8890cbef:192.168.164.201:42755], old=null, confs=<EMPTY_MAP>
2019-10-17 20:28:18,186 [pool-177-thread-1] INFO  server.RaftServerConfigKeys (ConfUtils.java:logGet(43)) - raft.server.storage.dir = [/workdir/hadoop-ozone/ozonefs/target/test-dir/MiniOzoneClusterImpl-0df98be9-49e2-4eb9-b6e4-71f20c3f18cb/datanode-0/data/ratis] (custom)
2019-10-17 20:28:18,187 [pool-177-thread-1] INFO  server.RaftServerConfigKeys (ConfUtils.java:logGet(43)) - raft.server.log.corruption.policy = EXCEPTION (default)
2019-10-17 20:28:18,187 [pool-177-thread-1] INFO  storage.RaftStorageDirectory (RaftStorageDirectory.java:analyzeStorage(246)) - The storage directory /workdir/hadoop-ozone/ozonefs/target/test-dir/MiniOzoneClusterImpl-0df98be9-49e2-4eb9-b6e4-71f20c3f18cb/datanode-0/data/ratis/e3f3b88f-d44c-4af0-9b97-e84345ae8d9b does not exist. Creating ...
2019-10-17 20:28:18,218 [pool-177-thread-1] INFO  storage.RaftStorageDirectory (RaftStorageDirectory.java:tryLock(328)) - Lock on /workdir/hadoop-ozone/ozonefs/target/test-dir/MiniOzoneClusterImpl-0df98be9-49e2-4eb9-b6e4-71f20c3f18cb/datanode-0/data/ratis/e3f3b88f-d44c-4af0-9b97-e84345ae8d9b/in_use.lock acquired by nodename 32287@pr-hdds-1868-s6sc9-3720172378
2019-10-17 20:28:18,241 [pool-177-thread-1] INFO  storage.RaftStorage (RaftStorage.java:format(84)) - Storage directory /workdir/hadoop-ozone/ozonefs/target/test-dir/MiniOzoneClusterImpl-0df98be9-49e2-4eb9-b6e4-71f20c3f18cb/datanode-0/data/ratis/e3f3b88f-d44c-4af0-9b97-e84345ae8d9b has been successfully formatted.
2019-10-17 20:28:18,241 [pool-177-thread-1] INFO  ratis.ContainerStateMachine (ContainerStateMachine.java:loadSnapshot(233)) - group-E84345AE8D9B: The snapshot info is null. Setting the last applied indexto:(t:0, i:~)
2019-10-17 20:28:18,241 [pool-177-thread-1] INFO  server.RaftServerConfigKeys (ConfUtils.java:logGet(43)) - raft.server.notification.no-leader.timeout = 120s (custom)
2019-10-17 20:28:18,242 [pool-177-thread-1] INFO  server.RaftServerConfigKeys (ConfUtils.java:logGet(43)) - raft.server.log.use.memory = false (default)
2019-10-17 20:28:18,242 [pool-177-thread-1] INFO  server.RaftServerConfigKeys (ConfUtils.java:logGet(43)) - raft.server.log.purge.gap = 1000000 (custom)
2019-10-17 20:28:18,242 [pool-177-thread-1] INFO  server.RaftServerConfigKeys (ConfUtils.java:logGet(43)) - raft.server.log.appender.buffer.byte-limit = 33554432 (custom)
2019-10-17 20:28:18,242 [pool-177-thread-1] INFO  server.RaftServerConfigKeys (ConfUtils.java:logGet(43)) - raft.server.log.segment.size.max = 1048576 (custom)
2019-10-17 20:28:18,244 [pool-177-thread-1] INFO  server.RaftServerConfigKeys (ConfUtils.java:logGet(43)) - raft.server.log.segment.cache.num.max = 2 (custom)
2019-10-17 20:28:18,244 [pool-177-thread-1] INFO  segmented.SegmentedRaftLogWorker (SegmentedRaftLogWorker.java:<init>(173)) - new d81605c5-54b3-45a8-b5ae-2e8d8890cbef@group-E84345AE8D9B-SegmentedRaftLogWorker for RaftStorage:Storage Directory /workdir/hadoop-ozone/ozonefs/target/test-dir/MiniOzoneClusterImpl-0df98be9-49e2-4eb9-b6e4-71f20c3f18cb/datanode-0/data/ratis/e3f3b88f-d44c-4af0-9b97-e84345ae8d9b
2019-10-17 20:28:18,244 [pool-177-thread-1] INFO  server.RaftServerConfigKeys (ConfUtils.java:logGet(43)) - raft.server.log.queue.byte-limit = 2147483647 (custom)
2019-10-17 20:28:18,244 [pool-177-thread-1] INFO  server.RaftServerConfigKeys (ConfUtils.java:logGet(43)) - raft.server.log.queue.element-limit = 1024 (custom)
2019-10-17 20:28:18,245 [pool-177-thread-1] INFO  server.RaftServerConfigKeys (ConfUtils.java:logGet(43)) - raft.server.log.segment.size.max = 1048576 (custom)
2019-10-17 20:28:18,245 [pool-177-thread-1] INFO  server.RaftServerConfigKeys (ConfUtils.java:logGet(43)) - raft.server.log.preallocated.size = 16384 (custom)
2019-10-17 20:28:18,245 [pool-177-thread-1] INFO  server.RaftServerConfigKeys (ConfUtils.java:logGet(43)) - raft.server.log.write.buffer.size = 33554432 (custom)
2019-10-17 20:28:18,245 [pool-177-thread-1] INFO  server.RaftServerConfigKeys (ConfUtils.java:logGet(43)) - raft.server.log.force.sync.num = 128 (default)
2019-10-17 20:28:18,245 [pool-177-thread-1] INFO  server.RaftServerConfigKeys (ConfUtils.java:logGet(43)) - raft.server.log.statemachine.data.sync = true (default)
2019-10-17 20:28:18,245 [pool-177-thread-1] INFO  server.RaftServerConfigKeys (ConfUtils.java:logGet(43)) - raft.server.log.statemachine.data.sync.timeout = 10s (default)
2019-10-17 20:28:18,245 [pool-177-thread-1] INFO  server.RaftServerConfigKeys (ConfUtils.java:logGet(43)) - raft.server.log.statemachine.data.sync.timeout.retry = -1 (default)
2019-10-17 20:28:18,245 [pool-177-thread-1] INFO  server.RaftServerConfigKeys (ConfUtils.java:logGet(43)) - raft.server.log.statemachine.data.caching.enabled = true (custom)
2019-10-17 20:28:18,246 [pool-177-thread-1] INFO  segmented.SegmentedRaftLogWorker (SegmentedRaftLogWorker.java:lambda$new$0(128)) - d81605c5-54b3-45a8-b5ae-2e8d8890cbef@group-E84345AE8D9B-SegmentedRaftLogWorker: flushIndex: setUnconditionally 0 -> -1
2019-10-17 20:28:18,246 [pool-177-thread-1] INFO  server.RaftServerConfigKeys (ConfUtils.java:logGet(43)) - raft.server.snapshot.auto.trigger.enabled = true (custom)
2019-10-17 20:28:18,246 [pool-177-thread-1] INFO  server.RaftServerConfigKeys (ConfUtils.java:logGet(43)) - raft.server.snapshot.auto.trigger.threshold = 10000 (custom)
2019-10-17 20:28:18,246 [pool-177-thread-1] INFO  server.RaftServerConfigKeys (ConfUtils.java:logGet(43)) - raft.server.snapshot.retention.file.num = 5 (custom)
2019-10-17 20:28:18,246 [pool-177-thread-1] INFO  server.RaftServerConfigKeys (ConfUtils.java:logGet(43)) - raft.server.retrycache.expirytime = 600000ms (custom)
2019-10-17 20:28:18,249 [pool-177-thread-1] INFO  impl.RaftServerImpl (RaftServerImpl.java:start(195)) - d81605c5-54b3-45a8-b5ae-2e8d8890cbef@group-E84345AE8D9B: start as a follower, conf=-1: [d81605c5-54b3-45a8-b5ae-2e8d8890cbef:192.168.164.201:42755], old=null
2019-10-17 20:28:18,249 [pool-177-thread-1] INFO  impl.RaftServerImpl (RaftServerImpl.java:setRole(184)) - d81605c5-54b3-45a8-b5ae-2e8d8890cbef@group-E84345AE8D9B: changes role from      null to FOLLOWER at term 0 for startAsFollower
2019-10-17 20:28:18,249 [pool-177-thread-1] INFO  impl.RoleInfo (RoleInfo.java:updateAndGet(143)) - d81605c5-54b3-45a8-b5ae-2e8d8890cbef: start FollowerState
2019-10-17 20:28:18,249 [pool-177-thread-1] INFO  util.JmxRegister (JmxRegister.java:tryRegister(44)) - Successfully registered JMX Bean with object name Ratis:service=RaftServer,group=group-E84345AE8D9B,id=d81605c5-54b3-45a8-b5ae-2e8d8890cbef
2019-10-17 20:28:18,255 [IPC Server handler 2 on 41111] INFO  net.NetworkTopology (NetworkTopologyImpl.java:add(111)) - Added a new node: /default-rack/c07977b7-c8ef-4f3c-80b1-66a07c6e3dcd
2019-10-17 20:28:18,255 [IPC Server handler 2 on 41111] INFO  node.SCMNodeManager (SCMNodeManager.java:register(268)) - Registered Data node : c07977b7-c8ef-4f3c-80b1-66a07c6e3dcd{ip: 192.168.164.201, host: pr-hdds-1868-s6sc9-3720172378, networkLocation: /default-rack, certSerialId: null}
2019-10-17 20:28:18,256 [RatisPipelineUtilsThread] INFO  pipeline.PipelineStateManager (PipelineStateManager.java:addPipeline(55)) - Created pipeline Pipeline[ Id: e3f3b88f-d44c-4af0-9b97-e84345ae8d9b, Nodes: d81605c5-54b3-45a8-b5ae-2e8d8890cbef{ip: 192.168.164.201, host: pr-hdds-1868-s6sc9-3720172378, networkLocation: /default-rack, certSerialId: null}, Type:RATIS, Factor:ONE, State:ALLOCATED]
2019-10-17 20:28:18,264 [grpc-default-executor-0] INFO  impl.RaftServerProxy (RaftServerProxy.java:addNew(89)) - c07977b7-c8ef-4f3c-80b1-66a07c6e3dcd: addNew group-2095AA24612E:[c07977b7-c8ef-4f3c-80b1-66a07c6e3dcd:192.168.164.201:38664] returns group-2095AA24612E:java.util.concurrent.CompletableFuture@426565c2[Not completed]
2019-10-17 20:28:18,266 [pool-187-thread-1] INFO  impl.RaftServerImpl (RaftServerImpl.java:<init>(104)) - c07977b7-c8ef-4f3c-80b1-66a07c6e3dcd: new RaftServerImpl for group-2095AA24612E:[c07977b7-c8ef-4f3c-80b1-66a07c6e3dcd:192.168.164.201:38664] with ContainerStateMachine:uninitialized
2019-10-17 20:28:18,266 [pool-187-thread-1] INFO  server.RaftServerConfigKeys (ConfUtils.java:logGet(43)) - raft.server.rpc.timeout.min = 5s (custom)
2019-10-17 20:28:18,267 [pool-187-thread-1] INFO  server.RaftServerConfigKeys (ConfUtils.java:logGet(43)) - raft.server.rpc.timeout.max = 5200ms (custom)
2019-10-17 20:28:18,267 [pool-187-thread-1] INFO  server.RaftServerConfigKeys (ConfUtils.java:logGet(43)) - raft.server.rpcslowness.timeout = 120s (custom)
2019-10-17 20:28:18,267 [pool-187-thread-1] INFO  server.RaftServerConfigKeys (ConfUtils.java:logGet(43)) - raft.server.sleep.deviation.threshold = 300 (default)
2019-10-17 20:28:18,267 [pool-187-thread-1] INFO  server.RaftServerConfigKeys (ConfUtils.java:logGet(43)) - raft.server.log.appender.install.snapshot.enabled = false (custom)
2019-10-17 20:28:18,267 [pool-187-thread-1] INFO  impl.RaftServerImpl (ServerState.java:<init>(103)) - c07977b7-c8ef-4f3c-80b1-66a07c6e3dcd@group-2095AA24612E: ConfigurationManager, init=-1: [c07977b7-c8ef-4f3c-80b1-66a07c6e3dcd:192.168.164.201:38664], old=null, confs=<EMPTY_MAP>
2019-10-17 20:28:18,267 [pool-187-thread-1] INFO  server.RaftServerConfigKeys (ConfUtils.java:logGet(43)) - raft.server.storage.dir = [/workdir/hadoop-ozone/ozonefs/target/test-dir/MiniOzoneClusterImpl-0df98be9-49e2-4eb9-b6e4-71f20c3f18cb/datanode-1/data/ratis] (custom)
2019-10-17 20:28:18,268 [pool-187-thread-1] INFO  server.RaftServerConfigKeys (ConfUtils.java:logGet(43)) - raft.server.log.corruption.policy = EXCEPTION (default)
2019-10-17 20:28:18,268 [pool-187-thread-1] INFO  storage.RaftStorageDirectory (RaftStorageDirectory.java:analyzeStorage(246)) - The storage directory /workdir/hadoop-ozone/ozonefs/target/test-dir/MiniOzoneClusterImpl-0df98be9-49e2-4eb9-b6e4-71f20c3f18cb/datanode-1/data/ratis/659d6714-c2cf-4538-a4f3-2095aa24612e does not exist. Creating ...
2019-10-17 20:28:18,275 [Thread-928] INFO  impl.FollowerState (FollowerState.java:run(108)) - d81605c5-54b3-45a8-b5ae-2e8d8890cbef@group-E84345AE8D9B-FollowerState: change to CANDIDATE, lastRpcTime:25ms, electionTimeout:25ms
2019-10-17 20:28:18,275 [Thread-928] INFO  impl.RoleInfo (RoleInfo.java:shutdownFollowerState(121)) - d81605c5-54b3-45a8-b5ae-2e8d8890cbef: shutdown FollowerState
2019-10-17 20:28:18,275 [Thread-928] INFO  impl.RaftServerImpl (RaftServerImpl.java:setRole(184)) - d81605c5-54b3-45a8-b5ae-2e8d8890cbef@group-E84345AE8D9B: changes role from  FOLLOWER to CANDIDATE at term 0 for changeToCandidate
2019-10-17 20:28:18,275 [Thread-928] INFO  impl.RoleInfo (RoleInfo.java:updateAndGet(143)) - d81605c5-54b3-45a8-b5ae-2e8d8890cbef: start LeaderElection
2019-10-17 20:28:18,291 [pool-187-thread-1] INFO  storage.RaftStorageDirectory (RaftStorageDirectory.java:tryLock(328)) - Lock on /workdir/hadoop-ozone/ozonefs/target/test-dir/MiniOzoneClusterImpl-0df98be9-49e2-4eb9-b6e4-71f20c3f18cb/datanode-1/data/ratis/659d6714-c2cf-4538-a4f3-2095aa24612e/in_use.lock acquired by nodename 32287@pr-hdds-1868-s6sc9-3720172378
2019-10-17 20:28:18,291 [d81605c5-54b3-45a8-b5ae-2e8d8890cbef@group-E84345AE8D9B-LeaderElection25] INFO  impl.LeaderElection (LeaderElection.java:askForVotes(178)) - d81605c5-54b3-45a8-b5ae-2e8d8890cbef@group-E84345AE8D9B-LeaderElection25: begin an election at term 1 for -1: [d81605c5-54b3-45a8-b5ae-2e8d8890cbef:192.168.164.201:42755], old=null
2019-10-17 20:28:18,291 [d81605c5-54b3-45a8-b5ae-2e8d8890cbef@group-E84345AE8D9B-LeaderElection25] INFO  impl.RoleInfo (RoleInfo.java:shutdownLeaderElection(134)) - d81605c5-54b3-45a8-b5ae-2e8d8890cbef: shutdown LeaderElection
2019-10-17 20:28:18,291 [d81605c5-54b3-45a8-b5ae-2e8d8890cbef@group-E84345AE8D9B-LeaderElection25] INFO  impl.RaftServerImpl (RaftServerImpl.java:setRole(184)) - d81605c5-54b3-45a8-b5ae-2e8d8890cbef@group-E84345AE8D9B: changes role from CANDIDATE to LEADER at term 1 for changeToLeader
2019-10-17 20:28:18,292 [d81605c5-54b3-45a8-b5ae-2e8d8890cbef@group-E84345AE8D9B-LeaderElection25] INFO  ratis.XceiverServerRatis (XceiverServerRatis.java:handleLeaderChangedNotification(700)) - Leader change notification received for group: group-E84345AE8D9B with new leaderId: d81605c5-54b3-45a8-b5ae-2e8d8890cbef
2019-10-17 20:28:18,292 [d81605c5-54b3-45a8-b5ae-2e8d8890cbef@group-E84345AE8D9B-LeaderElection25] INFO  impl.RaftServerImpl (ServerState.java:setLeader(256)) - d81605c5-54b3-45a8-b5ae-2e8d8890cbef@group-E84345AE8D9B: change Leader from null to d81605c5-54b3-45a8-b5ae-2e8d8890cbef at term 1 for becomeLeader, leader elected after 50ms
2019-10-17 20:28:18,292 [d81605c5-54b3-45a8-b5ae-2e8d8890cbef@group-E84345AE8D9B-LeaderElection25] INFO  server.RaftServerConfigKeys (ConfUtils.java:logGet(43)) - raft.server.staging.catchup.gap = 1000 (default)
2019-10-17 20:28:18,292 [d81605c5-54b3-45a8-b5ae-2e8d8890cbef@group-E84345AE8D9B-LeaderElection25] INFO  server.RaftServerConfigKeys (ConfUtils.java:logGet(43)) - raft.server.rpc.sleep.time = 25ms (default)
2019-10-17 20:28:18,293 [d81605c5-54b3-45a8-b5ae-2e8d8890cbef@group-E84345AE8D9B-LeaderElection25] INFO  server.RaftServerConfigKeys (ConfUtils.java:logGet(43)) - raft.server.write.element-limit = 4096 (default)
2019-10-17 20:28:18,293 [d81605c5-54b3-45a8-b5ae-2e8d8890cbef@group-E84345AE8D9B-LeaderElection25] INFO  server.RaftServerConfigKeys (ConfUtils.java:logGet(43)) - raft.server.watch.timeout = 10s (default)
2019-10-17 20:28:18,293 [d81605c5-54b3-45a8-b5ae-2e8d8890cbef@group-E84345AE8D9B-LeaderElection25] INFO  server.RaftServerConfigKeys (ConfUtils.java:logGet(43)) - raft.server.watch.timeout.denomination = 1s (default)
2019-10-17 20:28:18,293 [d81605c5-54b3-45a8-b5ae-2e8d8890cbef@group-E84345AE8D9B-LeaderElection25] INFO  server.RaftServerConfigKeys (ConfUtils.java:logGet(43)) - raft.server.watch.element-limit = 65536 (default)
2019-10-17 20:28:18,297 [d81605c5-54b3-45a8-b5ae-2e8d8890cbef@group-E84345AE8D9B-LeaderElection25] INFO  impl.RoleInfo (RoleInfo.java:updateAndGet(143)) - d81605c5-54b3-45a8-b5ae-2e8d8890cbef: start LeaderState
2019-10-17 20:28:18,297 [d81605c5-54b3-45a8-b5ae-2e8d8890cbef@group-E84345AE8D9B-LeaderElection25] INFO  segmented.SegmentedRaftLogWorker (SegmentedRaftLogWorker.java:startLogSegment(385)) - d81605c5-54b3-45a8-b5ae-2e8d8890cbef@group-E84345AE8D9B-SegmentedRaftLogWorker: Starting segment from index:0
2019-10-17 20:28:18,298 [d81605c5-54b3-45a8-b5ae-2e8d8890cbef@group-E84345AE8D9B-LeaderElection25] INFO  impl.RaftServerImpl (ServerState.java:setRaftConf(357)) - d81605c5-54b3-45a8-b5ae-2e8d8890cbef@group-E84345AE8D9B: set configuration 0: [d81605c5-54b3-45a8-b5ae-2e8d8890cbef:192.168.164.201:42755], old=null at 0
2019-10-17 20:28:18,316 [pool-187-thread-1] INFO  storage.RaftStorage (RaftStorage.java:format(84)) - Storage directory /workdir/hadoop-ozone/ozonefs/target/test-dir/MiniOzoneClusterImpl-0df98be9-49e2-4eb9-b6e4-71f20c3f18cb/datanode-1/data/ratis/659d6714-c2cf-4538-a4f3-2095aa24612e has been successfully formatted.
2019-10-17 20:28:18,317 [pool-187-thread-1] INFO  ratis.ContainerStateMachine (ContainerStateMachine.java:loadSnapshot(233)) - group-2095AA24612E: The snapshot info is null. Setting the last applied indexto:(t:0, i:~)
2019-10-17 20:28:18,317 [pool-187-thread-1] INFO  server.RaftServerConfigKeys (ConfUtils.java:logGet(43)) - raft.server.notification.no-leader.timeout = 120s (custom)
2019-10-17 20:28:18,317 [pool-187-thread-1] INFO  server.RaftServerConfigKeys (ConfUtils.java:logGet(43)) - raft.server.log.use.memory = false (default)
2019-10-17 20:28:18,317 [pool-187-thread-1] INFO  server.RaftServerConfigKeys (ConfUtils.java:logGet(43)) - raft.server.log.purge.gap = 1000000 (custom)
2019-10-17 20:28:18,318 [pool-187-thread-1] INFO  server.RaftServerConfigKeys (ConfUtils.java:logGet(43)) - raft.server.log.appender.buffer.byte-limit = 33554432 (custom)
2019-10-17 20:28:18,318 [pool-187-thread-1] INFO  server.RaftServerConfigKeys (ConfUtils.java:logGet(43)) - raft.server.log.segment.size.max = 1048576 (custom)
2019-10-17 20:28:18,320 [pool-187-thread-1] INFO  server.RaftServerConfigKeys (ConfUtils.java:logGet(43)) - raft.server.log.segment.cache.num.max = 2 (custom)
2019-10-17 20:28:18,321 [pool-187-thread-1] INFO  segmented.SegmentedRaftLogWorker (SegmentedRaftLogWorker.java:<init>(173)) - new c07977b7-c8ef-4f3c-80b1-66a07c6e3dcd@group-2095AA24612E-SegmentedRaftLogWorker for RaftStorage:Storage Directory /workdir/hadoop-ozone/ozonefs/target/test-dir/MiniOzoneClusterImpl-0df98be9-49e2-4eb9-b6e4-71f20c3f18cb/datanode-1/data/ratis/659d6714-c2cf-4538-a4f3-2095aa24612e
2019-10-17 20:28:18,321 [pool-187-thread-1] INFO  server.RaftServerConfigKeys (ConfUtils.java:logGet(43)) - raft.server.log.queue.byte-limit = 2147483647 (custom)
2019-10-17 20:28:18,321 [pool-187-thread-1] INFO  server.RaftServerConfigKeys (ConfUtils.java:logGet(43)) - raft.server.log.queue.element-limit = 1024 (custom)
2019-10-17 20:28:18,321 [pool-187-thread-1] INFO  server.RaftServerConfigKeys (ConfUtils.java:logGet(43)) - raft.server.log.segment.size.max = 1048576 (custom)
2019-10-17 20:28:18,321 [pool-187-thread-1] INFO  server.RaftServerConfigKeys (ConfUtils.java:logGet(43)) - raft.server.log.preallocated.size = 16384 (custom)
2019-10-17 20:28:18,322 [pool-187-thread-1] INFO  server.RaftServerConfigKeys (ConfUtils.java:logGet(43)) - raft.server.log.write.buffer.size = 33554432 (custom)
2019-10-17 20:28:18,322 [pool-187-thread-1] INFO  server.RaftServerConfigKeys (ConfUtils.java:logGet(43)) - raft.server.log.force.sync.num = 128 (default)
2019-10-17 20:28:18,322 [pool-187-thread-1] INFO  server.RaftServerConfigKeys (ConfUtils.java:logGet(43)) - raft.server.log.statemachine.data.sync = true (default)
2019-10-17 20:28:18,322 [pool-187-thread-1] INFO  server.RaftServerConfigKeys (ConfUtils.java:logGet(43)) - raft.server.log.statemachine.data.sync.timeout = 10s (default)
2019-10-17 20:28:18,322 [pool-187-thread-1] INFO  server.RaftServerConfigKeys (ConfUtils.java:logGet(43)) - raft.server.log.statemachine.data.sync.timeout.retry = -1 (default)
2019-10-17 20:28:18,323 [pool-187-thread-1] INFO  server.RaftServerConfigKeys (ConfUtils.java:logGet(43)) - raft.server.log.statemachine.data.caching.enabled = true (custom)
2019-10-17 20:28:18,323 [pool-187-thread-1] INFO  segmented.SegmentedRaftLogWorker (SegmentedRaftLogWorker.java:lambda$new$0(128)) - c07977b7-c8ef-4f3c-80b1-66a07c6e3dcd@group-2095AA24612E-SegmentedRaftLogWorker: flushIndex: setUnconditionally 0 -> -1
2019-10-17 20:28:18,324 [pool-187-thread-1] INFO  server.RaftServerConfigKeys (ConfUtils.java:logGet(43)) - raft.server.snapshot.auto.trigger.enabled = true (custom)
2019-10-17 20:28:18,324 [pool-187-thread-1] INFO  server.RaftServerConfigKeys (ConfUtils.java:logGet(43)) - raft.server.snapshot.auto.trigger.threshold = 10000 (custom)
2019-10-17 20:28:18,324 [pool-187-thread-1] INFO  server.RaftServerConfigKeys (ConfUtils.java:logGet(43)) - raft.server.snapshot.retention.file.num = 5 (custom)
2019-10-17 20:28:18,324 [pool-187-thread-1] INFO  server.RaftServerConfigKeys (ConfUtils.java:logGet(43)) - raft.server.retrycache.expirytime = 600000ms (custom)
2019-10-17 20:28:18,329 [pool-187-thread-1] INFO  impl.RaftServerImpl (RaftServerImpl.java:start(195)) - c07977b7-c8ef-4f3c-80b1-66a07c6e3dcd@group-2095AA24612E: start as a follower, conf=-1: [c07977b7-c8ef-4f3c-80b1-66a07c6e3dcd:192.168.164.201:38664], old=null
2019-10-17 20:28:18,329 [pool-187-thread-1] INFO  impl.RaftServerImpl (RaftServerImpl.java:setRole(184)) - c07977b7-c8ef-4f3c-80b1-66a07c6e3dcd@group-2095AA24612E: changes role from      null to FOLLOWER at term 0 for startAsFollower
2019-10-17 20:28:18,329 [pool-187-thread-1] INFO  impl.RoleInfo (RoleInfo.java:updateAndGet(143)) - c07977b7-c8ef-4f3c-80b1-66a07c6e3dcd: start FollowerState
2019-10-17 20:28:18,335 [pool-187-thread-1] INFO  util.JmxRegister (JmxRegister.java:tryRegister(44)) - Successfully registered JMX Bean with object name Ratis:service=RaftServer,group=group-2095AA24612E,id=c07977b7-c8ef-4f3c-80b1-66a07c6e3dcd
2019-10-17 20:28:18,337 [IPC Server handler 4 on 41111] INFO  net.NetworkTopology (NetworkTopologyImpl.java:add(111)) - Added a new node: /default-rack/7f29c796-0732-402f-b865-67033766dcba
2019-10-17 20:28:18,337 [IPC Server handler 4 on 41111] INFO  node.SCMNodeManager (SCMNodeManager.java:register(268)) - Registered Data node : 7f29c796-0732-402f-b865-67033766dcba{ip: 192.168.164.201, host: pr-hdds-1868-s6sc9-3720172378, networkLocation: /default-rack, certSerialId: null}
2019-10-17 20:28:18,346 [RatisPipelineUtilsThread] INFO  pipeline.PipelineStateManager (PipelineStateManager.java:addPipeline(55)) - Created pipeline Pipeline[ Id: 659d6714-c2cf-4538-a4f3-2095aa24612e, Nodes: c07977b7-c8ef-4f3c-80b1-66a07c6e3dcd{ip: 192.168.164.201, host: pr-hdds-1868-s6sc9-3720172378, networkLocation: /default-rack, certSerialId: null}, Type:RATIS, Factor:ONE, State:ALLOCATED]
2019-10-17 20:28:18,349 [d81605c5-54b3-45a8-b5ae-2e8d8890cbef@group-E84345AE8D9B-SegmentedRaftLogWorker] INFO  segmented.SegmentedRaftLogWorker (SegmentedRaftLogWorker.java:execute(576)) - d81605c5-54b3-45a8-b5ae-2e8d8890cbef@group-E84345AE8D9B-SegmentedRaftLogWorker: created new log segment /workdir/hadoop-ozone/ozonefs/target/test-dir/MiniOzoneClusterImpl-0df98be9-49e2-4eb9-b6e4-71f20c3f18cb/datanode-0/data/ratis/e3f3b88f-d44c-4af0-9b97-e84345ae8d9b/current/log_inprogress_0
2019-10-17 20:28:18,353 [grpc-default-executor-0] INFO  impl.RaftServerProxy (RaftServerProxy.java:addNew(89)) - 7f29c796-0732-402f-b865-67033766dcba: addNew group-BF47CC5A3576:[7f29c796-0732-402f-b865-67033766dcba:192.168.164.201:40704] returns group-BF47CC5A3576:java.util.concurrent.CompletableFuture@30433617[Not completed]
2019-10-17 20:28:18,354 [pool-197-thread-1] INFO  impl.RaftServerImpl (RaftServerImpl.java:<init>(104)) - 7f29c796-0732-402f-b865-67033766dcba: new RaftServerImpl for group-BF47CC5A3576:[7f29c796-0732-402f-b865-67033766dcba:192.168.164.201:40704] with ContainerStateMachine:uninitialized
2019-10-17 20:28:18,354 [pool-197-thread-1] INFO  server.RaftServerConfigKeys (ConfUtils.java:logGet(43)) - raft.server.rpc.timeout.min = 5s (custom)
2019-10-17 20:28:18,354 [pool-197-thread-1] INFO  server.RaftServerConfigKeys (ConfUtils.java:logGet(43)) - raft.server.rpc.timeout.max = 5200ms (custom)
2019-10-17 20:28:18,354 [pool-197-thread-1] INFO  server.RaftServerConfigKeys (ConfUtils.java:logGet(43)) - raft.server.rpcslowness.timeout = 120s (custom)
2019-10-17 20:28:18,355 [pool-197-thread-1] INFO  server.RaftServerConfigKeys (ConfUtils.java:logGet(43)) - raft.server.sleep.deviation.threshold = 300 (default)
2019-10-17 20:28:18,355 [pool-197-thread-1] INFO  server.RaftServerConfigKeys (ConfUtils.java:logGet(43)) - raft.server.log.appender.install.snapshot.enabled = false (custom)
2019-10-17 20:28:18,355 [pool-197-thread-1] INFO  impl.RaftServerImpl (ServerState.java:<init>(103)) - 7f29c796-0732-402f-b865-67033766dcba@group-BF47CC5A3576: ConfigurationManager, init=-1: [7f29c796-0732-402f-b865-67033766dcba:192.168.164.201:40704], old=null, confs=<EMPTY_MAP>
2019-10-17 20:28:18,355 [pool-197-thread-1] INFO  server.RaftServerConfigKeys (ConfUtils.java:logGet(43)) - raft.server.storage.dir = [/workdir/hadoop-ozone/ozonefs/target/test-dir/MiniOzoneClusterImpl-0df98be9-49e2-4eb9-b6e4-71f20c3f18cb/datanode-2/data/ratis] (custom)
2019-10-17 20:28:18,355 [pool-197-thread-1] INFO  server.RaftServerConfigKeys (ConfUtils.java:logGet(43)) - raft.server.log.corruption.policy = EXCEPTION (default)
2019-10-17 20:28:18,355 [pool-197-thread-1] INFO  storage.RaftStorageDirectory (RaftStorageDirectory.java:analyzeStorage(246)) - The storage directory /workdir/hadoop-ozone/ozonefs/target/test-dir/MiniOzoneClusterImpl-0df98be9-49e2-4eb9-b6e4-71f20c3f18cb/datanode-2/data/ratis/e960010f-0da2-473e-aa9b-bf47cc5a3576 does not exist. Creating ...
2019-10-17 20:28:18,372 [pool-197-thread-1] INFO  storage.RaftStorageDirectory (RaftStorageDirectory.java:tryLock(328)) - Lock on /workdir/hadoop-ozone/ozonefs/target/test-dir/MiniOzoneClusterImpl-0df98be9-49e2-4eb9-b6e4-71f20c3f18cb/datanode-2/data/ratis/e960010f-0da2-473e-aa9b-bf47cc5a3576/in_use.lock acquired by nodename 32287@pr-hdds-1868-s6sc9-3720172378
2019-10-17 20:28:18,380 [Thread-933] INFO  impl.FollowerState (FollowerState.java:run(108)) - c07977b7-c8ef-4f3c-80b1-66a07c6e3dcd@group-2095AA24612E-FollowerState: change to CANDIDATE, lastRpcTime:50ms, electionTimeout:50ms
2019-10-17 20:28:18,380 [Thread-933] INFO  impl.RoleInfo (RoleInfo.java:shutdownFollowerState(121)) - c07977b7-c8ef-4f3c-80b1-66a07c6e3dcd: shutdown FollowerState
2019-10-17 20:28:18,380 [Thread-933] INFO  impl.RaftServerImpl (RaftServerImpl.java:setRole(184)) - c07977b7-c8ef-4f3c-80b1-66a07c6e3dcd@group-2095AA24612E: changes role from  FOLLOWER to CANDIDATE at term 0 for changeToCandidate
2019-10-17 20:28:18,380 [Thread-933] INFO  impl.RoleInfo (RoleInfo.java:updateAndGet(143)) - c07977b7-c8ef-4f3c-80b1-66a07c6e3dcd: start LeaderElection
2019-10-17 20:28:18,395 [pool-197-thread-1] INFO  storage.RaftStorage (RaftStorage.java:format(84)) - Storage directory /workdir/hadoop-ozone/ozonefs/target/test-dir/MiniOzoneClusterImpl-0df98be9-49e2-4eb9-b6e4-71f20c3f18cb/datanode-2/data/ratis/e960010f-0da2-473e-aa9b-bf47cc5a3576 has been successfully formatted.
2019-10-17 20:28:18,395 [pool-197-thread-1] INFO  ratis.ContainerStateMachine (ContainerStateMachine.java:loadSnapshot(233)) - group-BF47CC5A3576: The snapshot info is null. Setting the last applied indexto:(t:0, i:~)
2019-10-17 20:28:18,396 [pool-197-thread-1] INFO  server.RaftServerConfigKeys (ConfUtils.java:logGet(43)) - raft.server.notification.no-leader.timeout = 120s (custom)
2019-10-17 20:28:18,396 [pool-197-thread-1] INFO  server.RaftServerConfigKeys (ConfUtils.java:logGet(43)) - raft.server.log.use.memory = false (default)
2019-10-17 20:28:18,396 [pool-197-thread-1] INFO  server.RaftServerConfigKeys (ConfUtils.java:logGet(43)) - raft.server.log.purge.gap = 1000000 (custom)
2019-10-17 20:28:18,396 [pool-197-thread-1] INFO  server.RaftServerConfigKeys (ConfUtils.java:logGet(43)) - raft.server.log.appender.buffer.byte-limit = 33554432 (custom)
2019-10-17 20:28:18,396 [pool-197-thread-1] INFO  server.RaftServerConfigKeys (ConfUtils.java:logGet(43)) - raft.server.log.segment.size.max = 1048576 (custom)
2019-10-17 20:28:18,398 [pool-197-thread-1] INFO  server.RaftServerConfigKeys (ConfUtils.java:logGet(43)) - raft.server.log.segment.cache.num.max = 2 (custom)
2019-10-17 20:28:18,398 [pool-197-thread-1] INFO  segmented.SegmentedRaftLogWorker (SegmentedRaftLogWorker.java:<init>(173)) - new 7f29c796-0732-402f-b865-67033766dcba@group-BF47CC5A3576-SegmentedRaftLogWorker for RaftStorage:Storage Directory /workdir/hadoop-ozone/ozonefs/target/test-dir/MiniOzoneClusterImpl-0df98be9-49e2-4eb9-b6e4-71f20c3f18cb/datanode-2/data/ratis/e960010f-0da2-473e-aa9b-bf47cc5a3576
2019-10-17 20:28:18,398 [pool-197-thread-1] INFO  server.RaftServerConfigKeys (ConfUtils.java:logGet(43)) - raft.server.log.queue.byte-limit = 2147483647 (custom)
2019-10-17 20:28:18,398 [pool-197-thread-1] INFO  server.RaftServerConfigKeys (ConfUtils.java:logGet(43)) - raft.server.log.queue.element-limit = 1024 (custom)
2019-10-17 20:28:18,398 [pool-197-thread-1] INFO  server.RaftServerConfigKeys (ConfUtils.java:logGet(43)) - raft.server.log.segment.size.max = 1048576 (custom)
2019-10-17 20:28:18,399 [pool-197-thread-1] INFO  server.RaftServerConfigKeys (ConfUtils.java:logGet(43)) - raft.server.log.preallocated.size = 16384 (custom)
2019-10-17 20:28:18,399 [pool-197-thread-1] INFO  server.RaftServerConfigKeys (ConfUtils.java:logGet(43)) - raft.server.log.write.buffer.size = 33554432 (custom)
2019-10-17 20:28:18,399 [pool-197-thread-1] INFO  server.RaftServerConfigKeys (ConfUtils.java:logGet(43)) - raft.server.log.force.sync.num = 128 (default)
2019-10-17 20:28:18,399 [pool-197-thread-1] INFO  server.RaftServerConfigKeys (ConfUtils.java:logGet(43)) - raft.server.log.statemachine.data.sync = true (default)
2019-10-17 20:28:18,399 [pool-197-thread-1] INFO  server.RaftServerConfigKeys (ConfUtils.java:logGet(43)) - raft.server.log.statemachine.data.sync.timeout = 10s (default)
2019-10-17 20:28:18,399 [pool-197-thread-1] INFO  server.RaftServerConfigKeys (ConfUtils.java:logGet(43)) - raft.server.log.statemachine.data.sync.timeout.retry = -1 (default)
2019-10-17 20:28:18,399 [pool-197-thread-1] INFO  server.RaftServerConfigKeys (ConfUtils.java:logGet(43)) - raft.server.log.statemachine.data.caching.enabled = true (custom)
2019-10-17 20:28:18,400 [pool-197-thread-1] INFO  segmented.SegmentedRaftLogWorker (SegmentedRaftLogWorker.java:lambda$new$0(128)) - 7f29c796-0732-402f-b865-67033766dcba@group-BF47CC5A3576-SegmentedRaftLogWorker: flushIndex: setUnconditionally 0 -> -1
2019-10-17 20:28:18,400 [pool-197-thread-1] INFO  server.RaftServerConfigKeys (ConfUtils.java:logGet(43)) - raft.server.snapshot.auto.trigger.enabled = true (custom)
2019-10-17 20:28:18,400 [pool-197-thread-1] INFO  server.RaftServerConfigKeys (ConfUtils.java:logGet(43)) - raft.server.snapshot.auto.trigger.threshold = 10000 (custom)
2019-10-17 20:28:18,400 [pool-197-thread-1] INFO  server.RaftServerConfigKeys (ConfUtils.java:logGet(43)) - raft.server.snapshot.retention.file.num = 5 (custom)
2019-10-17 20:28:18,400 [pool-197-thread-1] INFO  server.RaftServerConfigKeys (ConfUtils.java:logGet(43)) - raft.server.retrycache.expirytime = 600000ms (custom)
2019-10-17 20:28:18,404 [pool-197-thread-1] INFO  impl.RaftServerImpl (RaftServerImpl.java:start(195)) - 7f29c796-0732-402f-b865-67033766dcba@group-BF47CC5A3576: start as a follower, conf=-1: [7f29c796-0732-402f-b865-67033766dcba:192.168.164.201:40704], old=null
2019-10-17 20:28:18,405 [pool-197-thread-1] INFO  impl.RaftServerImpl (RaftServerImpl.java:setRole(184)) - 7f29c796-0732-402f-b865-67033766dcba@group-BF47CC5A3576: changes role from      null to FOLLOWER at term 0 for startAsFollower
2019-10-17 20:28:18,405 [pool-197-thread-1] INFO  impl.RoleInfo (RoleInfo.java:updateAndGet(143)) - 7f29c796-0732-402f-b865-67033766dcba: start FollowerState
2019-10-17 20:28:18,405 [pool-197-thread-1] INFO  util.JmxRegister (JmxRegister.java:tryRegister(44)) - Successfully registered JMX Bean with object name Ratis:service=RaftServer,group=group-BF47CC5A3576,id=7f29c796-0732-402f-b865-67033766dcba
2019-10-17 20:28:18,408 [Thread-937] INFO  impl.FollowerState (FollowerState.java:run(108)) - 7f29c796-0732-402f-b865-67033766dcba@group-BF47CC5A3576-FollowerState: change to CANDIDATE, lastRpcTime:3ms, electionTimeout:3ms
2019-10-17 20:28:18,408 [Thread-937] INFO  impl.RoleInfo (RoleInfo.java:shutdownFollowerState(121)) - 7f29c796-0732-402f-b865-67033766dcba: shutdown FollowerState
2019-10-17 20:28:18,409 [Thread-937] INFO  impl.RaftServerImpl (RaftServerImpl.java:setRole(184)) - 7f29c796-0732-402f-b865-67033766dcba@group-BF47CC5A3576: changes role from  FOLLOWER to CANDIDATE at term 0 for changeToCandidate
2019-10-17 20:28:18,410 [Thread-937] INFO  impl.RoleInfo (RoleInfo.java:updateAndGet(143)) - 7f29c796-0732-402f-b865-67033766dcba: start LeaderElection
2019-10-17 20:28:18,413 [RatisPipelineUtilsThread] INFO  pipeline.PipelineStateManager (PipelineStateManager.java:addPipeline(55)) - Created pipeline Pipeline[ Id: e960010f-0da2-473e-aa9b-bf47cc5a3576, Nodes: 7f29c796-0732-402f-b865-67033766dcba{ip: 192.168.164.201, host: pr-hdds-1868-s6sc9-3720172378, networkLocation: /default-rack, certSerialId: null}, Type:RATIS, Factor:ONE, State:ALLOCATED]
2019-10-17 20:28:18,420 [c07977b7-c8ef-4f3c-80b1-66a07c6e3dcd@group-2095AA24612E-LeaderElection26] INFO  impl.LeaderElection (LeaderElection.java:askForVotes(178)) - c07977b7-c8ef-4f3c-80b1-66a07c6e3dcd@group-2095AA24612E-LeaderElection26: begin an election at term 1 for -1: [c07977b7-c8ef-4f3c-80b1-66a07c6e3dcd:192.168.164.201:38664], old=null
2019-10-17 20:28:18,421 [c07977b7-c8ef-4f3c-80b1-66a07c6e3dcd@group-2095AA24612E-LeaderElection26] INFO  impl.RoleInfo (RoleInfo.java:shutdownLeaderElection(134)) - c07977b7-c8ef-4f3c-80b1-66a07c6e3dcd: shutdown LeaderElection
2019-10-17 20:28:18,421 [c07977b7-c8ef-4f3c-80b1-66a07c6e3dcd@group-2095AA24612E-LeaderElection26] INFO  impl.RaftServerImpl (RaftServerImpl.java:setRole(184)) - c07977b7-c8ef-4f3c-80b1-66a07c6e3dcd@group-2095AA24612E: changes role from CANDIDATE to LEADER at term 1 for changeToLeader
2019-10-17 20:28:18,421 [c07977b7-c8ef-4f3c-80b1-66a07c6e3dcd@group-2095AA24612E-LeaderElection26] INFO  ratis.XceiverServerRatis (XceiverServerRatis.java:handleLeaderChangedNotification(700)) - Leader change notification received for group: group-2095AA24612E with new leaderId: c07977b7-c8ef-4f3c-80b1-66a07c6e3dcd
2019-10-17 20:28:18,422 [c07977b7-c8ef-4f3c-80b1-66a07c6e3dcd@group-2095AA24612E-LeaderElection26] INFO  impl.RaftServerImpl (ServerState.java:setLeader(256)) - c07977b7-c8ef-4f3c-80b1-66a07c6e3dcd@group-2095AA24612E: change Leader from null to c07977b7-c8ef-4f3c-80b1-66a07c6e3dcd at term 1 for becomeLeader, leader elected after 104ms
2019-10-17 20:28:18,422 [c07977b7-c8ef-4f3c-80b1-66a07c6e3dcd@group-2095AA24612E-LeaderElection26] INFO  server.RaftServerConfigKeys (ConfUtils.java:logGet(43)) - raft.server.staging.catchup.gap = 1000 (default)
2019-10-17 20:28:18,422 [c07977b7-c8ef-4f3c-80b1-66a07c6e3dcd@group-2095AA24612E-LeaderElection26] INFO  server.RaftServerConfigKeys (ConfUtils.java:logGet(43)) - raft.server.rpc.sleep.time = 25ms (default)
2019-10-17 20:28:18,423 [c07977b7-c8ef-4f3c-80b1-66a07c6e3dcd@group-2095AA24612E-LeaderElection26] INFO  server.RaftServerConfigKeys (ConfUtils.java:logGet(43)) - raft.server.write.element-limit = 4096 (default)
2019-10-17 20:28:18,424 [c07977b7-c8ef-4f3c-80b1-66a07c6e3dcd@group-2095AA24612E-LeaderElection26] INFO  server.RaftServerConfigKeys (ConfUtils.java:logGet(43)) - raft.server.watch.timeout = 10s (default)
2019-10-17 20:28:18,424 [c07977b7-c8ef-4f3c-80b1-66a07c6e3dcd@group-2095AA24612E-LeaderElection26] INFO  server.RaftServerConfigKeys (ConfUtils.java:logGet(43)) - raft.server.watch.timeout.denomination = 1s (default)
2019-10-17 20:28:18,424 [c07977b7-c8ef-4f3c-80b1-66a07c6e3dcd@group-2095AA24612E-LeaderElection26] INFO  server.RaftServerConfigKeys (ConfUtils.java:logGet(43)) - raft.server.watch.element-limit = 65536 (default)
2019-10-17 20:28:18,426 [grpc-default-executor-1] INFO  impl.RaftServerProxy (RaftServerProxy.java:addNew(89)) - c07977b7-c8ef-4f3c-80b1-66a07c6e3dcd: addNew group-6E14FCF84E12:[d81605c5-54b3-45a8-b5ae-2e8d8890cbef:192.168.164.201:42755, 7f29c796-0732-402f-b865-67033766dcba:192.168.164.201:40704, c07977b7-c8ef-4f3c-80b1-66a07c6e3dcd:192.168.164.201:38664] returns group-6E14FCF84E12:java.util.concurrent.CompletableFuture@43646128[Not completed]
2019-10-17 20:28:18,426 [grpc-default-executor-2] INFO  impl.RaftServerProxy (RaftServerProxy.java:addNew(89)) - d81605c5-54b3-45a8-b5ae-2e8d8890cbef: addNew group-6E14FCF84E12:[d81605c5-54b3-45a8-b5ae-2e8d8890cbef:192.168.164.201:42755, 7f29c796-0732-402f-b865-67033766dcba:192.168.164.201:40704, c07977b7-c8ef-4f3c-80b1-66a07c6e3dcd:192.168.164.201:38664] returns group-6E14FCF84E12:java.util.concurrent.CompletableFuture@3707416[Not completed]
2019-10-17 20:28:18,427 [grpc-default-executor-2] INFO  impl.RaftServerProxy (RaftServerProxy.java:addNew(89)) - 7f29c796-0732-402f-b865-67033766dcba: addNew group-6E14FCF84E12:[d81605c5-54b3-45a8-b5ae-2e8d8890cbef:192.168.164.201:42755, 7f29c796-0732-402f-b865-67033766dcba:192.168.164.201:40704, c07977b7-c8ef-4f3c-80b1-66a07c6e3dcd:192.168.164.201:38664] returns group-6E14FCF84E12:java.util.concurrent.CompletableFuture@424d7e2d[Not completed]
2019-10-17 20:28:18,427 [c07977b7-c8ef-4f3c-80b1-66a07c6e3dcd@group-2095AA24612E-LeaderElection26] INFO  impl.RoleInfo (RoleInfo.java:updateAndGet(143)) - c07977b7-c8ef-4f3c-80b1-66a07c6e3dcd: start LeaderState
2019-10-17 20:28:18,428 [pool-187-thread-1] INFO  impl.RaftServerImpl (RaftServerImpl.java:<init>(104)) - c07977b7-c8ef-4f3c-80b1-66a07c6e3dcd: new RaftServerImpl for group-6E14FCF84E12:[d81605c5-54b3-45a8-b5ae-2e8d8890cbef:192.168.164.201:42755, 7f29c796-0732-402f-b865-67033766dcba:192.168.164.201:40704, c07977b7-c8ef-4f3c-80b1-66a07c6e3dcd:192.168.164.201:38664] with ContainerStateMachine:uninitialized
2019-10-17 20:28:18,428 [pool-187-thread-1] INFO  server.RaftServerConfigKeys (ConfUtils.java:logGet(43)) - raft.server.rpc.timeout.min = 5s (custom)
2019-10-17 20:28:18,428 [pool-187-thread-1] INFO  server.RaftServerConfigKeys (ConfUtils.java:logGet(43)) - raft.server.rpc.timeout.max = 5200ms (custom)
2019-10-17 20:28:18,428 [c07977b7-c8ef-4f3c-80b1-66a07c6e3dcd@group-2095AA24612E-LeaderElection26] INFO  segmented.SegmentedRaftLogWorker (SegmentedRaftLogWorker.java:startLogSegment(385)) - c07977b7-c8ef-4f3c-80b1-66a07c6e3dcd@group-2095AA24612E-SegmentedRaftLogWorker: Starting segment from index:0
2019-10-17 20:28:18,428 [pool-187-thread-1] INFO  server.RaftServerConfigKeys (ConfUtils.java:logGet(43)) - raft.server.rpcslowness.timeout = 120s (custom)
2019-10-17 20:28:18,428 [pool-187-thread-1] INFO  server.RaftServerConfigKeys (ConfUtils.java:logGet(43)) - raft.server.sleep.deviation.threshold = 300 (default)
2019-10-17 20:28:18,428 [pool-187-thread-1] INFO  server.RaftServerConfigKeys (ConfUtils.java:logGet(43)) - raft.server.log.appender.install.snapshot.enabled = false (custom)
2019-10-17 20:28:18,428 [pool-187-thread-1] INFO  impl.RaftServerImpl (ServerState.java:<init>(103)) - c07977b7-c8ef-4f3c-80b1-66a07c6e3dcd@group-6E14FCF84E12: ConfigurationManager, init=-1: [d81605c5-54b3-45a8-b5ae-2e8d8890cbef:192.168.164.201:42755, 7f29c796-0732-402f-b865-67033766dcba:192.168.164.201:40704, c07977b7-c8ef-4f3c-80b1-66a07c6e3dcd:192.168.164.201:38664], old=null, confs=<EMPTY_MAP>
2019-10-17 20:28:18,429 [pool-187-thread-1] INFO  server.RaftServerConfigKeys (ConfUtils.java:logGet(43)) - raft.server.storage.dir = [/workdir/hadoop-ozone/ozonefs/target/test-dir/MiniOzoneClusterImpl-0df98be9-49e2-4eb9-b6e4-71f20c3f18cb/datanode-1/data/ratis] (custom)
2019-10-17 20:28:18,429 [c07977b7-c8ef-4f3c-80b1-66a07c6e3dcd@group-2095AA24612E-LeaderElection26] INFO  impl.RaftServerImpl (ServerState.java:setRaftConf(357)) - c07977b7-c8ef-4f3c-80b1-66a07c6e3dcd@group-2095AA24612E: set configuration 0: [c07977b7-c8ef-4f3c-80b1-66a07c6e3dcd:192.168.164.201:38664], old=null at 0
2019-10-17 20:28:18,431 [pool-187-thread-1] INFO  server.RaftServerConfigKeys (ConfUtils.java:logGet(43)) - raft.server.log.corruption.policy = EXCEPTION (default)
2019-10-17 20:28:18,431 [pool-177-thread-1] INFO  impl.RaftServerImpl (RaftServerImpl.java:<init>(104)) - d81605c5-54b3-45a8-b5ae-2e8d8890cbef: new RaftServerImpl for group-6E14FCF84E12:[d81605c5-54b3-45a8-b5ae-2e8d8890cbef:192.168.164.201:42755, 7f29c796-0732-402f-b865-67033766dcba:192.168.164.201:40704, c07977b7-c8ef-4f3c-80b1-66a07c6e3dcd:192.168.164.201:38664] with ContainerStateMachine:uninitialized
2019-10-17 20:28:18,431 [pool-187-thread-1] INFO  storage.RaftStorageDirectory (RaftStorageDirectory.java:analyzeStorage(246)) - The storage directory /workdir/hadoop-ozone/ozonefs/target/test-dir/MiniOzoneClusterImpl-0df98be9-49e2-4eb9-b6e4-71f20c3f18cb/datanode-1/data/ratis/a7a3ad41-29c0-48e7-adbd-6e14fcf84e12 does not exist. Creating ...
2019-10-17 20:28:18,431 [pool-177-thread-1] INFO  server.RaftServerConfigKeys (ConfUtils.java:logGet(43)) - raft.server.rpc.timeout.min = 5s (custom)
2019-10-17 20:28:18,431 [pool-177-thread-1] INFO  server.RaftServerConfigKeys (ConfUtils.java:logGet(43)) - raft.server.rpc.timeout.max = 5200ms (custom)
2019-10-17 20:28:18,431 [pool-197-thread-1] INFO  impl.RaftServerImpl (RaftServerImpl.java:<init>(104)) - 7f29c796-0732-402f-b865-67033766dcba: new RaftServerImpl for group-6E14FCF84E12:[d81605c5-54b3-45a8-b5ae-2e8d8890cbef:192.168.164.201:42755, 7f29c796-0732-402f-b865-67033766dcba:192.168.164.201:40704, c07977b7-c8ef-4f3c-80b1-66a07c6e3dcd:192.168.164.201:38664] with ContainerStateMachine:uninitialized
2019-10-17 20:28:18,431 [pool-177-thread-1] INFO  server.RaftServerConfigKeys (ConfUtils.java:logGet(43)) - raft.server.rpcslowness.timeout = 120s (custom)
2019-10-17 20:28:18,432 [pool-197-thread-1] INFO  server.RaftServerConfigKeys (ConfUtils.java:logGet(43)) - raft.server.rpc.timeout.min = 5s (custom)
2019-10-17 20:28:18,432 [pool-177-thread-1] INFO  server.RaftServerConfigKeys (ConfUtils.java:logGet(43)) - raft.server.sleep.deviation.threshold = 300 (default)
2019-10-17 20:28:18,432 [pool-197-thread-1] INFO  server.RaftServerConfigKeys (ConfUtils.java:logGet(43)) - raft.server.rpc.timeout.max = 5200ms (custom)
2019-10-17 20:28:18,432 [pool-177-thread-1] INFO  server.RaftServerConfigKeys (ConfUtils.java:logGet(43)) - raft.server.log.appender.install.snapshot.enabled = false (custom)
2019-10-17 20:28:18,432 [pool-197-thread-1] INFO  server.RaftServerConfigKeys (ConfUtils.java:logGet(43)) - raft.server.rpcslowness.timeout = 120s (custom)
2019-10-17 20:28:18,432 [pool-177-thread-1] INFO  impl.RaftServerImpl (ServerState.java:<init>(103)) - d81605c5-54b3-45a8-b5ae-2e8d8890cbef@group-6E14FCF84E12: ConfigurationManager, init=-1: [d81605c5-54b3-45a8-b5ae-2e8d8890cbef:192.168.164.201:42755, 7f29c796-0732-402f-b865-67033766dcba:192.168.164.201:40704, c07977b7-c8ef-4f3c-80b1-66a07c6e3dcd:192.168.164.201:38664], old=null, confs=<EMPTY_MAP>
2019-10-17 20:28:18,432 [pool-197-thread-1] INFO  server.RaftServerConfigKeys (ConfUtils.java:logGet(43)) - raft.server.sleep.deviation.threshold = 300 (default)
2019-10-17 20:28:18,432 [pool-177-thread-1] INFO  server.RaftServerConfigKeys (ConfUtils.java:logGet(43)) - raft.server.storage.dir = [/workdir/hadoop-ozone/ozonefs/target/test-dir/MiniOzoneClusterImpl-0df98be9-49e2-4eb9-b6e4-71f20c3f18cb/datanode-0/data/ratis] (custom)
2019-10-17 20:28:18,433 [pool-197-thread-1] INFO  server.RaftServerConfigKeys (ConfUtils.java:logGet(43)) - raft.server.log.appender.install.snapshot.enabled = false (custom)
2019-10-17 20:28:18,433 [pool-197-thread-1] INFO  impl.RaftServerImpl (ServerState.java:<init>(103)) - 7f29c796-0732-402f-b865-67033766dcba@group-6E14FCF84E12: ConfigurationManager, init=-1: [d81605c5-54b3-45a8-b5ae-2e8d8890cbef:192.168.164.201:42755, 7f29c796-0732-402f-b865-67033766dcba:192.168.164.201:40704, c07977b7-c8ef-4f3c-80b1-66a07c6e3dcd:192.168.164.201:38664], old=null, confs=<EMPTY_MAP>
2019-10-17 20:28:18,433 [pool-177-thread-1] INFO  server.RaftServerConfigKeys (ConfUtils.java:logGet(43)) - raft.server.log.corruption.policy = EXCEPTION (default)
2019-10-17 20:28:18,433 [pool-197-thread-1] INFO  server.RaftServerConfigKeys (ConfUtils.java:logGet(43)) - raft.server.storage.dir = [/workdir/hadoop-ozone/ozonefs/target/test-dir/MiniOzoneClusterImpl-0df98be9-49e2-4eb9-b6e4-71f20c3f18cb/datanode-2/data/ratis] (custom)
2019-10-17 20:28:18,433 [pool-177-thread-1] INFO  storage.RaftStorageDirectory (RaftStorageDirectory.java:analyzeStorage(246)) - The storage directory /workdir/hadoop-ozone/ozonefs/target/test-dir/MiniOzoneClusterImpl-0df98be9-49e2-4eb9-b6e4-71f20c3f18cb/datanode-0/data/ratis/a7a3ad41-29c0-48e7-adbd-6e14fcf84e12 does not exist. Creating ...
2019-10-17 20:28:18,433 [pool-197-thread-1] INFO  server.RaftServerConfigKeys (ConfUtils.java:logGet(43)) - raft.server.log.corruption.policy = EXCEPTION (default)
2019-10-17 20:28:18,434 [pool-197-thread-1] INFO  storage.RaftStorageDirectory (RaftStorageDirectory.java:analyzeStorage(246)) - The storage directory /workdir/hadoop-ozone/ozonefs/target/test-dir/MiniOzoneClusterImpl-0df98be9-49e2-4eb9-b6e4-71f20c3f18cb/datanode-2/data/ratis/a7a3ad41-29c0-48e7-adbd-6e14fcf84e12 does not exist. Creating ...
2019-10-17 20:28:18,459 [7f29c796-0732-402f-b865-67033766dcba@group-BF47CC5A3576-LeaderElection27] INFO  impl.LeaderElection (LeaderElection.java:askForVotes(178)) - 7f29c796-0732-402f-b865-67033766dcba@group-BF47CC5A3576-LeaderElection27: begin an election at term 1 for -1: [7f29c796-0732-402f-b865-67033766dcba:192.168.164.201:40704], old=null
2019-10-17 20:28:18,460 [7f29c796-0732-402f-b865-67033766dcba@group-BF47CC5A3576-LeaderElection27] INFO  impl.RoleInfo (RoleInfo.java:shutdownLeaderElection(134)) - 7f29c796-0732-402f-b865-67033766dcba: shutdown LeaderElection
2019-10-17 20:28:18,460 [7f29c796-0732-402f-b865-67033766dcba@group-BF47CC5A3576-LeaderElection27] INFO  impl.RaftServerImpl (RaftServerImpl.java:setRole(184)) - 7f29c796-0732-402f-b865-67033766dcba@group-BF47CC5A3576: changes role from CANDIDATE to LEADER at term 1 for changeToLeader
2019-10-17 20:28:18,460 [7f29c796-0732-402f-b865-67033766dcba@group-BF47CC5A3576-LeaderElection27] INFO  ratis.XceiverServerRatis (XceiverServerRatis.java:handleLeaderChangedNotification(700)) - Leader change notification received for group: group-BF47CC5A3576 with new leaderId: 7f29c796-0732-402f-b865-67033766dcba
2019-10-17 20:28:18,460 [7f29c796-0732-402f-b865-67033766dcba@group-BF47CC5A3576-LeaderElection27] INFO  impl.RaftServerImpl (ServerState.java:setLeader(256)) - 7f29c796-0732-402f-b865-67033766dcba@group-BF47CC5A3576: change Leader from null to 7f29c796-0732-402f-b865-67033766dcba at term 1 for becomeLeader, leader elected after 64ms
2019-10-17 20:28:18,460 [7f29c796-0732-402f-b865-67033766dcba@group-BF47CC5A3576-LeaderElection27] INFO  server.RaftServerConfigKeys (ConfUtils.java:logGet(43)) - raft.server.staging.catchup.gap = 1000 (default)
2019-10-17 20:28:18,460 [7f29c796-0732-402f-b865-67033766dcba@group-BF47CC5A3576-LeaderElection27] INFO  server.RaftServerConfigKeys (ConfUtils.java:logGet(43)) - raft.server.rpc.sleep.time = 25ms (default)
2019-10-17 20:28:18,473 [pool-197-thread-1] INFO  storage.RaftStorageDirectory (RaftStorageDirectory.java:tryLock(328)) - Lock on /workdir/hadoop-ozone/ozonefs/target/test-dir/MiniOzoneClusterImpl-0df98be9-49e2-4eb9-b6e4-71f20c3f18cb/datanode-2/data/ratis/a7a3ad41-29c0-48e7-adbd-6e14fcf84e12/in_use.lock acquired by nodename 32287@pr-hdds-1868-s6sc9-3720172378
2019-10-17 20:28:18,473 [pool-187-thread-1] INFO  storage.RaftStorageDirectory (RaftStorageDirectory.java:tryLock(328)) - Lock on /workdir/hadoop-ozone/ozonefs/target/test-dir/MiniOzoneClusterImpl-0df98be9-49e2-4eb9-b6e4-71f20c3f18cb/datanode-1/data/ratis/a7a3ad41-29c0-48e7-adbd-6e14fcf84e12/in_use.lock acquired by nodename 32287@pr-hdds-1868-s6sc9-3720172378
2019-10-17 20:28:18,473 [pool-177-thread-1] INFO  storage.RaftStorageDirectory (RaftStorageDirectory.java:tryLock(328)) - Lock on /workdir/hadoop-ozone/ozonefs/target/test-dir/MiniOzoneClusterImpl-0df98be9-49e2-4eb9-b6e4-71f20c3f18cb/datanode-0/data/ratis/a7a3ad41-29c0-48e7-adbd-6e14fcf84e12/in_use.lock acquired by nodename 32287@pr-hdds-1868-s6sc9-3720172378
2019-10-17 20:28:18,473 [7f29c796-0732-402f-b865-67033766dcba@group-BF47CC5A3576-LeaderElection27] INFO  server.RaftServerConfigKeys (ConfUtils.java:logGet(43)) - raft.server.write.element-limit = 4096 (default)
2019-10-17 20:28:18,474 [7f29c796-0732-402f-b865-67033766dcba@group-BF47CC5A3576-LeaderElection27] INFO  server.RaftServerConfigKeys (ConfUtils.java:logGet(43)) - raft.server.watch.timeout = 10s (default)
2019-10-17 20:28:18,474 [7f29c796-0732-402f-b865-67033766dcba@group-BF47CC5A3576-LeaderElection27] INFO  server.RaftServerConfigKeys (ConfUtils.java:logGet(43)) - raft.server.watch.timeout.denomination = 1s (default)
2019-10-17 20:28:18,474 [7f29c796-0732-402f-b865-67033766dcba@group-BF47CC5A3576-LeaderElection27] INFO  server.RaftServerConfigKeys (ConfUtils.java:logGet(43)) - raft.server.watch.element-limit = 65536 (default)
2019-10-17 20:28:18,476 [7f29c796-0732-402f-b865-67033766dcba@group-BF47CC5A3576-LeaderElection27] INFO  impl.RoleInfo (RoleInfo.java:updateAndGet(143)) - 7f29c796-0732-402f-b865-67033766dcba: start LeaderState
2019-10-17 20:28:18,476 [7f29c796-0732-402f-b865-67033766dcba@group-BF47CC5A3576-LeaderElection27] INFO  segmented.SegmentedRaftLogWorker (SegmentedRaftLogWorker.java:startLogSegment(385)) - 7f29c796-0732-402f-b865-67033766dcba@group-BF47CC5A3576-SegmentedRaftLogWorker: Starting segment from index:0
2019-10-17 20:28:18,477 [7f29c796-0732-402f-b865-67033766dcba@group-BF47CC5A3576-LeaderElection27] INFO  impl.RaftServerImpl (ServerState.java:setRaftConf(357)) - 7f29c796-0732-402f-b865-67033766dcba@group-BF47CC5A3576: set configuration 0: [7f29c796-0732-402f-b865-67033766dcba:192.168.164.201:40704], old=null at 0
2019-10-17 20:28:18,502 [c07977b7-c8ef-4f3c-80b1-66a07c6e3dcd@group-2095AA24612E-SegmentedRaftLogWorker] INFO  segmented.SegmentedRaftLogWorker (SegmentedRaftLogWorker.java:execute(576)) - c07977b7-c8ef-4f3c-80b1-66a07c6e3dcd@group-2095AA24612E-SegmentedRaftLogWorker: created new log segment /workdir/hadoop-ozone/ozonefs/target/test-dir/MiniOzoneClusterImpl-0df98be9-49e2-4eb9-b6e4-71f20c3f18cb/datanode-1/data/ratis/659d6714-c2cf-4538-a4f3-2095aa24612e/current/log_inprogress_0
2019-10-17 20:28:18,502 [pool-187-thread-1] INFO  storage.RaftStorage (RaftStorage.java:format(84)) - Storage directory /workdir/hadoop-ozone/ozonefs/target/test-dir/MiniOzoneClusterImpl-0df98be9-49e2-4eb9-b6e4-71f20c3f18cb/datanode-1/data/ratis/a7a3ad41-29c0-48e7-adbd-6e14fcf84e12 has been successfully formatted.
2019-10-17 20:28:18,502 [pool-197-thread-1] INFO  storage.RaftStorage (RaftStorage.java:format(84)) - Storage directory /workdir/hadoop-ozone/ozonefs/target/test-dir/MiniOzoneClusterImpl-0df98be9-49e2-4eb9-b6e4-71f20c3f18cb/datanode-2/data/ratis/a7a3ad41-29c0-48e7-adbd-6e14fcf84e12 has been successfully formatted.
2019-10-17 20:28:18,502 [pool-177-thread-1] INFO  storage.RaftStorage (RaftStorage.java:format(84)) - Storage directory /workdir/hadoop-ozone/ozonefs/target/test-dir/MiniOzoneClusterImpl-0df98be9-49e2-4eb9-b6e4-71f20c3f18cb/datanode-0/data/ratis/a7a3ad41-29c0-48e7-adbd-6e14fcf84e12 has been successfully formatted.
2019-10-17 20:28:18,502 [pool-187-thread-1] INFO  ratis.ContainerStateMachine (ContainerStateMachine.java:loadSnapshot(233)) - group-6E14FCF84E12: The snapshot info is null. Setting the last applied indexto:(t:0, i:~)
2019-10-17 20:28:18,503 [pool-197-thread-1] INFO  ratis.ContainerStateMachine (ContainerStateMachine.java:loadSnapshot(233)) - group-6E14FCF84E12: The snapshot info is null. Setting the last applied indexto:(t:0, i:~)
2019-10-17 20:28:18,503 [pool-187-thread-1] INFO  server.RaftServerConfigKeys (ConfUtils.java:logGet(43)) - raft.server.notification.no-leader.timeout = 120s (custom)
2019-10-17 20:28:18,503 [pool-177-thread-1] INFO  ratis.ContainerStateMachine (ContainerStateMachine.java:loadSnapshot(233)) - group-6E14FCF84E12: The snapshot info is null. Setting the last applied indexto:(t:0, i:~)
2019-10-17 20:28:18,503 [pool-187-thread-1] INFO  server.RaftServerConfigKeys (ConfUtils.java:logGet(43)) - raft.server.log.use.memory = false (default)
2019-10-17 20:28:18,503 [pool-197-thread-1] INFO  server.RaftServerConfigKeys (ConfUtils.java:logGet(43)) - raft.server.notification.no-leader.timeout = 120s (custom)
2019-10-17 20:28:18,503 [pool-187-thread-1] INFO  server.RaftServerConfigKeys (ConfUtils.java:logGet(43)) - raft.server.log.purge.gap = 1000000 (custom)
2019-10-17 20:28:18,503 [pool-177-thread-1] INFO  server.RaftServerConfigKeys (ConfUtils.java:logGet(43)) - raft.server.notification.no-leader.timeout = 120s (custom)
2019-10-17 20:28:18,503 [pool-187-thread-1] INFO  server.RaftServerConfigKeys (ConfUtils.java:logGet(43)) - raft.server.log.appender.buffer.byte-limit = 33554432 (custom)
2019-10-17 20:28:18,503 [pool-197-thread-1] INFO  server.RaftServerConfigKeys (ConfUtils.java:logGet(43)) - raft.server.log.use.memory = false (default)
2019-10-17 20:28:18,503 [pool-187-thread-1] INFO  server.RaftServerConfigKeys (ConfUtils.java:logGet(43)) - raft.server.log.segment.size.max = 1048576 (custom)
2019-10-17 20:28:18,503 [pool-177-thread-1] INFO  server.RaftServerConfigKeys (ConfUtils.java:logGet(43)) - raft.server.log.use.memory = false (default)
2019-10-17 20:28:18,504 [pool-187-thread-1] INFO  server.RaftServerConfigKeys (ConfUtils.java:logGet(43)) - raft.server.log.segment.cache.num.max = 2 (custom)
2019-10-17 20:28:18,504 [pool-197-thread-1] INFO  server.RaftServerConfigKeys (ConfUtils.java:logGet(43)) - raft.server.log.purge.gap = 1000000 (custom)
2019-10-17 20:28:18,504 [pool-187-thread-1] INFO  segmented.SegmentedRaftLogWorker (SegmentedRaftLogWorker.java:<init>(173)) - new c07977b7-c8ef-4f3c-80b1-66a07c6e3dcd@group-6E14FCF84E12-SegmentedRaftLogWorker for RaftStorage:Storage Directory /workdir/hadoop-ozone/ozonefs/target/test-dir/MiniOzoneClusterImpl-0df98be9-49e2-4eb9-b6e4-71f20c3f18cb/datanode-1/data/ratis/a7a3ad41-29c0-48e7-adbd-6e14fcf84e12
2019-10-17 20:28:18,504 [pool-177-thread-1] INFO  server.RaftServerConfigKeys (ConfUtils.java:logGet(43)) - raft.server.log.purge.gap = 1000000 (custom)
2019-10-17 20:28:18,504 [pool-187-thread-1] INFO  server.RaftServerConfigKeys (ConfUtils.java:logGet(43)) - raft.server.log.queue.byte-limit = 2147483647 (custom)
2019-10-17 20:28:18,504 [pool-197-thread-1] INFO  server.RaftServerConfigKeys (ConfUtils.java:logGet(43)) - raft.server.log.appender.buffer.byte-limit = 33554432 (custom)
2019-10-17 20:28:18,504 [pool-187-thread-1] INFO  server.RaftServerConfigKeys (ConfUtils.java:logGet(43)) - raft.server.log.queue.element-limit = 1024 (custom)
2019-10-17 20:28:18,504 [pool-197-thread-1] INFO  server.RaftServerConfigKeys (ConfUtils.java:logGet(43)) - raft.server.log.segment.size.max = 1048576 (custom)
2019-10-17 20:28:18,504 [pool-177-thread-1] INFO  server.RaftServerConfigKeys (ConfUtils.java:logGet(43)) - raft.server.log.appender.buffer.byte-limit = 33554432 (custom)
2019-10-17 20:28:18,505 [pool-197-thread-1] INFO  server.RaftServerConfigKeys (ConfUtils.java:logGet(43)) - raft.server.log.segment.cache.num.max = 2 (custom)
2019-10-17 20:28:18,504 [pool-187-thread-1] INFO  server.RaftServerConfigKeys (ConfUtils.java:logGet(43)) - raft.server.log.segment.size.max = 1048576 (custom)
2019-10-17 20:28:18,505 [pool-197-thread-1] INFO  segmented.SegmentedRaftLogWorker (SegmentedRaftLogWorker.java:<init>(173)) - new 7f29c796-0732-402f-b865-67033766dcba@group-6E14FCF84E12-SegmentedRaftLogWorker for RaftStorage:Storage Directory /workdir/hadoop-ozone/ozonefs/target/test-dir/MiniOzoneClusterImpl-0df98be9-49e2-4eb9-b6e4-71f20c3f18cb/datanode-2/data/ratis/a7a3ad41-29c0-48e7-adbd-6e14fcf84e12
2019-10-17 20:28:18,505 [pool-177-thread-1] INFO  server.RaftServerConfigKeys (ConfUtils.java:logGet(43)) - raft.server.log.segment.size.max = 1048576 (custom)
2019-10-17 20:28:18,505 [pool-197-thread-1] INFO  server.RaftServerConfigKeys (ConfUtils.java:logGet(43)) - raft.server.log.queue.byte-limit = 2147483647 (custom)
2019-10-17 20:28:18,505 [pool-187-thread-1] INFO  server.RaftServerConfigKeys (ConfUtils.java:logGet(43)) - raft.server.log.preallocated.size = 16384 (custom)
2019-10-17 20:28:18,505 [pool-197-thread-1] INFO  server.RaftServerConfigKeys (ConfUtils.java:logGet(43)) - raft.server.log.queue.element-limit = 1024 (custom)
2019-10-17 20:28:18,505 [pool-177-thread-1] INFO  server.RaftServerConfigKeys (ConfUtils.java:logGet(43)) - raft.server.log.segment.cache.num.max = 2 (custom)
2019-10-17 20:28:18,505 [pool-197-thread-1] INFO  server.RaftServerConfigKeys (ConfUtils.java:logGet(43)) - raft.server.log.segment.size.max = 1048576 (custom)
2019-10-17 20:28:18,505 [pool-187-thread-1] INFO  server.RaftServerConfigKeys (ConfUtils.java:logGet(43)) - raft.server.log.write.buffer.size = 33554432 (custom)
2019-10-17 20:28:18,506 [pool-197-thread-1] INFO  server.RaftServerConfigKeys (ConfUtils.java:logGet(43)) - raft.server.log.preallocated.size = 16384 (custom)
2019-10-17 20:28:18,505 [pool-177-thread-1] INFO  segmented.SegmentedRaftLogWorker (SegmentedRaftLogWorker.java:<init>(173)) - new d81605c5-54b3-45a8-b5ae-2e8d8890cbef@group-6E14FCF84E12-SegmentedRaftLogWorker for RaftStorage:Storage Directory /workdir/hadoop-ozone/ozonefs/target/test-dir/MiniOzoneClusterImpl-0df98be9-49e2-4eb9-b6e4-71f20c3f18cb/datanode-0/data/ratis/a7a3ad41-29c0-48e7-adbd-6e14fcf84e12
2019-10-17 20:28:18,506 [pool-197-thread-1] INFO  server.RaftServerConfigKeys (ConfUtils.java:logGet(43)) - raft.server.log.write.buffer.size = 33554432 (custom)
2019-10-17 20:28:18,506 [pool-187-thread-1] INFO  server.RaftServerConfigKeys (ConfUtils.java:logGet(43)) - raft.server.log.force.sync.num = 128 (default)
2019-10-17 20:28:18,506 [pool-197-thread-1] INFO  server.RaftServerConfigKeys (ConfUtils.java:logGet(43)) - raft.server.log.force.sync.num = 128 (default)
2019-10-17 20:28:18,506 [pool-177-thread-1] INFO  server.RaftServerConfigKeys (ConfUtils.java:logGet(43)) - raft.server.log.queue.byte-limit = 2147483647 (custom)
2019-10-17 20:28:18,506 [pool-197-thread-1] INFO  server.RaftServerConfigKeys (ConfUtils.java:logGet(43)) - raft.server.log.statemachine.data.sync = true (default)
2019-10-17 20:28:18,506 [pool-187-thread-1] INFO  server.RaftServerConfigKeys (ConfUtils.java:logGet(43)) - raft.server.log.statemachine.data.sync = true (default)
2019-10-17 20:28:18,507 [pool-197-thread-1] INFO  server.RaftServerConfigKeys (ConfUtils.java:logGet(43)) - raft.server.log.statemachine.data.sync.timeout = 10s (default)
2019-10-17 20:28:18,506 [pool-177-thread-1] INFO  server.RaftServerConfigKeys (ConfUtils.java:logGet(43)) - raft.server.log.queue.element-limit = 1024 (custom)
2019-10-17 20:28:18,507 [pool-197-thread-1] INFO  server.RaftServerConfigKeys (ConfUtils.java:logGet(43)) - raft.server.log.statemachine.data.sync.timeout.retry = -1 (default)
2019-10-17 20:28:18,507 [pool-187-thread-1] INFO  server.RaftServerConfigKeys (ConfUtils.java:logGet(43)) - raft.server.log.statemachine.data.sync.timeout = 10s (default)
2019-10-17 20:28:18,507 [pool-197-thread-1] INFO  server.RaftServerConfigKeys (ConfUtils.java:logGet(43)) - raft.server.log.statemachine.data.caching.enabled = true (custom)
2019-10-17 20:28:18,507 [pool-187-thread-1] INFO  server.RaftServerConfigKeys (ConfUtils.java:logGet(43)) - raft.server.log.statemachine.data.sync.timeout.retry = -1 (default)
2019-10-17 20:28:18,507 [pool-177-thread-1] INFO  server.RaftServerConfigKeys (ConfUtils.java:logGet(43)) - raft.server.log.segment.size.max = 1048576 (custom)
2019-10-17 20:28:18,507 [pool-177-thread-1] INFO  server.RaftServerConfigKeys (ConfUtils.java:logGet(43)) - raft.server.log.preallocated.size = 16384 (custom)
2019-10-17 20:28:18,507 [pool-197-thread-1] INFO  segmented.SegmentedRaftLogWorker (SegmentedRaftLogWorker.java:lambda$new$0(128)) - 7f29c796-0732-402f-b865-67033766dcba@group-6E14FCF84E12-SegmentedRaftLogWorker: flushIndex: setUnconditionally 0 -> -1
2019-10-17 20:28:18,507 [pool-187-thread-1] INFO  server.RaftServerConfigKeys (ConfUtils.java:logGet(43)) - raft.server.log.statemachine.data.caching.enabled = true (custom)
2019-10-17 20:28:18,507 [pool-177-thread-1] INFO  server.RaftServerConfigKeys (ConfUtils.java:logGet(43)) - raft.server.log.write.buffer.size = 33554432 (custom)
2019-10-17 20:28:18,508 [pool-197-thread-1] INFO  server.RaftServerConfigKeys (ConfUtils.java:logGet(43)) - raft.server.snapshot.auto.trigger.enabled = true (custom)
2019-10-17 20:28:18,508 [pool-187-thread-1] INFO  segmented.SegmentedRaftLogWorker (SegmentedRaftLogWorker.java:lambda$new$0(128)) - c07977b7-c8ef-4f3c-80b1-66a07c6e3dcd@group-6E14FCF84E12-SegmentedRaftLogWorker: flushIndex: setUnconditionally 0 -> -1
2019-10-17 20:28:18,508 [pool-177-thread-1] INFO  server.RaftServerConfigKeys (ConfUtils.java:logGet(43)) - raft.server.log.force.sync.num = 128 (default)
2019-10-17 20:28:18,508 [pool-197-thread-1] INFO  server.RaftServerConfigKeys (ConfUtils.java:logGet(43)) - raft.server.snapshot.auto.trigger.threshold = 10000 (custom)
2019-10-17 20:28:18,508 [pool-187-thread-1] INFO  server.RaftServerConfigKeys (ConfUtils.java:logGet(43)) - raft.server.snapshot.auto.trigger.enabled = true (custom)
2019-10-17 20:28:18,508 [pool-177-thread-1] INFO  server.RaftServerConfigKeys (ConfUtils.java:logGet(43)) - raft.server.log.statemachine.data.sync = true (default)
2019-10-17 20:28:18,508 [pool-187-thread-1] INFO  server.RaftServerConfigKeys (ConfUtils.java:logGet(43)) - raft.server.snapshot.auto.trigger.threshold = 10000 (custom)
2019-10-17 20:28:18,508 [pool-197-thread-1] INFO  server.RaftServerConfigKeys (ConfUtils.java:logGet(43)) - raft.server.snapshot.retention.file.num = 5 (custom)
2019-10-17 20:28:18,509 [pool-187-thread-1] INFO  server.RaftServerConfigKeys (ConfUtils.java:logGet(43)) - raft.server.snapshot.retention.file.num = 5 (custom)
2019-10-17 20:28:18,509 [pool-197-thread-1] INFO  server.RaftServerConfigKeys (ConfUtils.java:logGet(43)) - raft.server.retrycache.expirytime = 600000ms (custom)
2019-10-17 20:28:18,508 [pool-177-thread-1] INFO  server.RaftServerConfigKeys (ConfUtils.java:logGet(43)) - raft.server.log.statemachine.data.sync.timeout = 10s (default)
2019-10-17 20:28:18,509 [pool-187-thread-1] INFO  server.RaftServerConfigKeys (ConfUtils.java:logGet(43)) - raft.server.retrycache.expirytime = 600000ms (custom)
2019-10-17 20:28:18,509 [pool-177-thread-1] INFO  server.RaftServerConfigKeys (ConfUtils.java:logGet(43)) - raft.server.log.statemachine.data.sync.timeout.retry = -1 (default)
2019-10-17 20:28:18,509 [pool-177-thread-1] INFO  server.RaftServerConfigKeys (ConfUtils.java:logGet(43)) - raft.server.log.statemachine.data.caching.enabled = true (custom)
2019-10-17 20:28:18,509 [pool-177-thread-1] INFO  segmented.SegmentedRaftLogWorker (SegmentedRaftLogWorker.java:lambda$new$0(128)) - d81605c5-54b3-45a8-b5ae-2e8d8890cbef@group-6E14FCF84E12-SegmentedRaftLogWorker: flushIndex: setUnconditionally 0 -> -1
2019-10-17 20:28:18,510 [pool-177-thread-1] INFO  server.RaftServerConfigKeys (ConfUtils.java:logGet(43)) - raft.server.snapshot.auto.trigger.enabled = true (custom)
2019-10-17 20:28:18,510 [pool-177-thread-1] INFO  server.RaftServerConfigKeys (ConfUtils.java:logGet(43)) - raft.server.snapshot.auto.trigger.threshold = 10000 (custom)
2019-10-17 20:28:18,510 [pool-177-thread-1] INFO  server.RaftServerConfigKeys (ConfUtils.java:logGet(43)) - raft.server.snapshot.retention.file.num = 5 (custom)
2019-10-17 20:28:18,510 [pool-177-thread-1] INFO  server.RaftServerConfigKeys (ConfUtils.java:logGet(43)) - raft.server.retrycache.expirytime = 600000ms (custom)
2019-10-17 20:28:18,513 [pool-197-thread-1] INFO  impl.RaftServerImpl (RaftServerImpl.java:start(195)) - 7f29c796-0732-402f-b865-67033766dcba@group-6E14FCF84E12: start as a follower, conf=-1: [d81605c5-54b3-45a8-b5ae-2e8d8890cbef:192.168.164.201:42755, 7f29c796-0732-402f-b865-67033766dcba:192.168.164.201:40704, c07977b7-c8ef-4f3c-80b1-66a07c6e3dcd:192.168.164.201:38664], old=null
2019-10-17 20:28:18,513 [pool-197-thread-1] INFO  impl.RaftServerImpl (RaftServerImpl.java:setRole(184)) - 7f29c796-0732-402f-b865-67033766dcba@group-6E14FCF84E12: changes role from      null to FOLLOWER at term 0 for startAsFollower
2019-10-17 20:28:18,513 [pool-187-thread-1] INFO  impl.RaftServerImpl (RaftServerImpl.java:start(195)) - c07977b7-c8ef-4f3c-80b1-66a07c6e3dcd@group-6E14FCF84E12: start as a follower, conf=-1: [d81605c5-54b3-45a8-b5ae-2e8d8890cbef:192.168.164.201:42755, 7f29c796-0732-402f-b865-67033766dcba:192.168.164.201:40704, c07977b7-c8ef-4f3c-80b1-66a07c6e3dcd:192.168.164.201:38664], old=null
2019-10-17 20:28:18,513 [pool-197-thread-1] INFO  impl.RoleInfo (RoleInfo.java:updateAndGet(143)) - 7f29c796-0732-402f-b865-67033766dcba: start FollowerState
2019-10-17 20:28:18,513 [pool-187-thread-1] INFO  impl.RaftServerImpl (RaftServerImpl.java:setRole(184)) - c07977b7-c8ef-4f3c-80b1-66a07c6e3dcd@group-6E14FCF84E12: changes role from      null to FOLLOWER at term 0 for startAsFollower
2019-10-17 20:28:18,513 [pool-177-thread-1] INFO  impl.RaftServerImpl (RaftServerImpl.java:start(195)) - d81605c5-54b3-45a8-b5ae-2e8d8890cbef@group-6E14FCF84E12: start as a follower, conf=-1: [d81605c5-54b3-45a8-b5ae-2e8d8890cbef:192.168.164.201:42755, 7f29c796-0732-402f-b865-67033766dcba:192.168.164.201:40704, c07977b7-c8ef-4f3c-80b1-66a07c6e3dcd:192.168.164.201:38664], old=null
2019-10-17 20:28:18,513 [pool-187-thread-1] INFO  impl.RoleInfo (RoleInfo.java:updateAndGet(143)) - c07977b7-c8ef-4f3c-80b1-66a07c6e3dcd: start FollowerState
2019-10-17 20:28:18,513 [pool-197-thread-1] INFO  util.JmxRegister (JmxRegister.java:tryRegister(44)) - Successfully registered JMX Bean with object name Ratis:service=RaftServer,group=group-6E14FCF84E12,id=7f29c796-0732-402f-b865-67033766dcba
2019-10-17 20:28:18,513 [pool-177-thread-1] INFO  impl.RaftServerImpl (RaftServerImpl.java:setRole(184)) - d81605c5-54b3-45a8-b5ae-2e8d8890cbef@group-6E14FCF84E12: changes role from      null to FOLLOWER at term 0 for startAsFollower
2019-10-17 20:28:18,514 [pool-177-thread-1] INFO  impl.RoleInfo (RoleInfo.java:updateAndGet(143)) - d81605c5-54b3-45a8-b5ae-2e8d8890cbef: start FollowerState
2019-10-17 20:28:18,514 [pool-187-thread-1] INFO  util.JmxRegister (JmxRegister.java:tryRegister(44)) - Successfully registered JMX Bean with object name Ratis:service=RaftServer,group=group-6E14FCF84E12,id=c07977b7-c8ef-4f3c-80b1-66a07c6e3dcd
2019-10-17 20:28:18,514 [pool-177-thread-1] INFO  util.JmxRegister (JmxRegister.java:tryRegister(44)) - Successfully registered JMX Bean with object name Ratis:service=RaftServer,group=group-6E14FCF84E12,id=d81605c5-54b3-45a8-b5ae-2e8d8890cbef
2019-10-17 20:28:18,526 [RatisPipelineUtilsThread] INFO  pipeline.PipelineStateManager (PipelineStateManager.java:addPipeline(55)) - Created pipeline Pipeline[ Id: a7a3ad41-29c0-48e7-adbd-6e14fcf84e12, Nodes: d81605c5-54b3-45a8-b5ae-2e8d8890cbef{ip: 192.168.164.201, host: pr-hdds-1868-s6sc9-3720172378, networkLocation: /default-rack, certSerialId: null}7f29c796-0732-402f-b865-67033766dcba{ip: 192.168.164.201, host: pr-hdds-1868-s6sc9-3720172378, networkLocation: /default-rack, certSerialId: null}c07977b7-c8ef-4f3c-80b1-66a07c6e3dcd{ip: 192.168.164.201, host: pr-hdds-1868-s6sc9-3720172378, networkLocation: /default-rack, certSerialId: null}, Type:RATIS, Factor:THREE, State:ALLOCATED]
2019-10-17 20:28:18,526 [EventQueue-PipelineReportForPipelineReportHandler] INFO  pipeline.PipelineReportHandler (PipelineReportHandler.java:processPipelineReport(119)) - Pipeline PipelineID=e3f3b88f-d44c-4af0-9b97-e84345ae8d9b reported by d81605c5-54b3-45a8-b5ae-2e8d8890cbef{ip: 192.168.164.201, host: pr-hdds-1868-s6sc9-3720172378, networkLocation: /default-rack, certSerialId: null} with leaderId d81605c5-54b3-45a8-b5ae-2e8d8890cbef
2019-10-17 20:28:18,526 [Thread-754] INFO  ozone.MiniOzoneClusterImpl (MiniOzoneClusterImpl.java:lambda$waitForClusterToBeReady$2(164)) - Waiting for 4 number of pipelines out of 4, to report a leader.
2019-10-17 20:28:18,528 [EventQueue-PipelineReportForPipelineReportHandler] INFO  pipeline.PipelineStateManager (PipelineStateManager.java:openPipeline(134)) - Pipeline Pipeline[ Id: e3f3b88f-d44c-4af0-9b97-e84345ae8d9b, Nodes: d81605c5-54b3-45a8-b5ae-2e8d8890cbef{ip: 192.168.164.201, host: pr-hdds-1868-s6sc9-3720172378, networkLocation: /default-rack, certSerialId: null}, Type:RATIS, Factor:ONE, State:OPEN] moved to OPEN state
2019-10-17 20:28:18,528 [EventQueue-PipelineReportForPipelineReportHandler] INFO  pipeline.PipelineReportHandler (PipelineReportHandler.java:processPipelineReport(119)) - Pipeline PipelineID=659d6714-c2cf-4538-a4f3-2095aa24612e reported by c07977b7-c8ef-4f3c-80b1-66a07c6e3dcd{ip: 192.168.164.201, host: pr-hdds-1868-s6sc9-3720172378, networkLocation: /default-rack, certSerialId: null} with leaderId c07977b7-c8ef-4f3c-80b1-66a07c6e3dcd
2019-10-17 20:28:18,528 [EventQueue-PipelineReportForPipelineReportHandler] INFO  pipeline.PipelineStateManager (PipelineStateManager.java:openPipeline(134)) - Pipeline Pipeline[ Id: 659d6714-c2cf-4538-a4f3-2095aa24612e, Nodes: c07977b7-c8ef-4f3c-80b1-66a07c6e3dcd{ip: 192.168.164.201, host: pr-hdds-1868-s6sc9-3720172378, networkLocation: /default-rack, certSerialId: null}, Type:RATIS, Factor:ONE, State:OPEN] moved to OPEN state
2019-10-17 20:28:18,528 [EventQueue-PipelineReportForPipelineReportHandler] INFO  pipeline.PipelineReportHandler (PipelineReportHandler.java:processPipelineReport(119)) - Pipeline PipelineID=e960010f-0da2-473e-aa9b-bf47cc5a3576 reported by 7f29c796-0732-402f-b865-67033766dcba{ip: 192.168.164.201, host: pr-hdds-1868-s6sc9-3720172378, networkLocation: /default-rack, certSerialId: null} with leaderId 7f29c796-0732-402f-b865-67033766dcba
2019-10-17 20:28:18,528 [EventQueue-PipelineReportForPipelineReportHandler] INFO  pipeline.PipelineStateManager (PipelineStateManager.java:openPipeline(134)) - Pipeline Pipeline[ Id: e960010f-0da2-473e-aa9b-bf47cc5a3576, Nodes: 7f29c796-0732-402f-b865-67033766dcba{ip: 192.168.164.201, host: pr-hdds-1868-s6sc9-3720172378, networkLocation: /default-rack, certSerialId: null}, Type:RATIS, Factor:ONE, State:OPEN] moved to OPEN state
2019-10-17 20:28:18,529 [EventQueue-PipelineReportForPipelineReportHandler] INFO  pipeline.PipelineReportHandler (PipelineReportHandler.java:processPipelineReport(119)) - Pipeline PipelineID=a7a3ad41-29c0-48e7-adbd-6e14fcf84e12 reported by 7f29c796-0732-402f-b865-67033766dcba{ip: 192.168.164.201, host: pr-hdds-1868-s6sc9-3720172378, networkLocation: /default-rack, certSerialId: null} with leaderId 
2019-10-17 20:28:18,535 [7f29c796-0732-402f-b865-67033766dcba@group-BF47CC5A3576-SegmentedRaftLogWorker] INFO  segmented.SegmentedRaftLogWorker (SegmentedRaftLogWorker.java:execute(576)) - 7f29c796-0732-402f-b865-67033766dcba@group-BF47CC5A3576-SegmentedRaftLogWorker: created new log segment /workdir/hadoop-ozone/ozonefs/target/test-dir/MiniOzoneClusterImpl-0df98be9-49e2-4eb9-b6e4-71f20c3f18cb/datanode-2/data/ratis/e960010f-0da2-473e-aa9b-bf47cc5a3576/current/log_inprogress_0
2019-10-17 20:28:18,537 [Thread-946] INFO  impl.FollowerState (FollowerState.java:run(108)) - c07977b7-c8ef-4f3c-80b1-66a07c6e3dcd@group-6E14FCF84E12-FollowerState: change to CANDIDATE, lastRpcTime:23ms, electionTimeout:23ms
2019-10-17 20:28:18,537 [Thread-946] INFO  impl.RoleInfo (RoleInfo.java:shutdownFollowerState(121)) - c07977b7-c8ef-4f3c-80b1-66a07c6e3dcd: shutdown FollowerState
2019-10-17 20:28:18,537 [Thread-946] INFO  impl.RaftServerImpl (RaftServerImpl.java:setRole(184)) - c07977b7-c8ef-4f3c-80b1-66a07c6e3dcd@group-6E14FCF84E12: changes role from  FOLLOWER to CANDIDATE at term 0 for changeToCandidate
2019-10-17 20:28:18,537 [Thread-946] INFO  impl.RoleInfo (RoleInfo.java:updateAndGet(143)) - c07977b7-c8ef-4f3c-80b1-66a07c6e3dcd: start LeaderElection
2019-10-17 20:28:18,561 [c07977b7-c8ef-4f3c-80b1-66a07c6e3dcd@group-6E14FCF84E12-LeaderElection28] INFO  impl.LeaderElection (LeaderElection.java:askForVotes(178)) - c07977b7-c8ef-4f3c-80b1-66a07c6e3dcd@group-6E14FCF84E12-LeaderElection28: begin an election at term 1 for -1: [d81605c5-54b3-45a8-b5ae-2e8d8890cbef:192.168.164.201:42755, 7f29c796-0732-402f-b865-67033766dcba:192.168.164.201:40704, c07977b7-c8ef-4f3c-80b1-66a07c6e3dcd:192.168.164.201:38664], old=null
2019-10-17 20:28:18,574 [grpc-default-executor-1] INFO  impl.RaftServerImpl (RaftServerImpl.java:setRole(184)) - d81605c5-54b3-45a8-b5ae-2e8d8890cbef@group-6E14FCF84E12: changes role from  FOLLOWER to FOLLOWER at term 1 for recognizeCandidate:c07977b7-c8ef-4f3c-80b1-66a07c6e3dcd
2019-10-17 20:28:18,575 [grpc-default-executor-2] INFO  impl.RaftServerImpl (RaftServerImpl.java:setRole(184)) - 7f29c796-0732-402f-b865-67033766dcba@group-6E14FCF84E12: changes role from  FOLLOWER to FOLLOWER at term 1 for recognizeCandidate:c07977b7-c8ef-4f3c-80b1-66a07c6e3dcd
2019-10-17 20:28:18,575 [grpc-default-executor-1] INFO  impl.RoleInfo (RoleInfo.java:shutdownFollowerState(121)) - d81605c5-54b3-45a8-b5ae-2e8d8890cbef: shutdown FollowerState
2019-10-17 20:28:18,575 [grpc-default-executor-2] INFO  impl.RoleInfo (RoleInfo.java:shutdownFollowerState(121)) - 7f29c796-0732-402f-b865-67033766dcba: shutdown FollowerState
2019-10-17 20:28:18,576 [Thread-947] INFO  impl.FollowerState (FollowerState.java:run(117)) - d81605c5-54b3-45a8-b5ae-2e8d8890cbef@group-6E14FCF84E12-FollowerState was interrupted: java.lang.InterruptedException: sleep interrupted
2019-10-17 20:28:18,576 [grpc-default-executor-2] INFO  impl.RoleInfo (RoleInfo.java:updateAndGet(143)) - 7f29c796-0732-402f-b865-67033766dcba: start FollowerState
2019-10-17 20:28:18,576 [grpc-default-executor-1] INFO  impl.RoleInfo (RoleInfo.java:updateAndGet(143)) - d81605c5-54b3-45a8-b5ae-2e8d8890cbef: start FollowerState
2019-10-17 20:28:18,576 [Thread-945] INFO  impl.FollowerState (FollowerState.java:run(117)) - 7f29c796-0732-402f-b865-67033766dcba@group-6E14FCF84E12-FollowerState was interrupted: java.lang.InterruptedException: sleep interrupted
2019-10-17 20:28:18,605 [Thread-955] INFO  impl.FollowerState (FollowerState.java:run(108)) - 7f29c796-0732-402f-b865-67033766dcba@group-6E14FCF84E12-FollowerState: change to CANDIDATE, lastRpcTime:28ms, electionTimeout:27ms
2019-10-17 20:28:18,605 [Thread-955] INFO  impl.RoleInfo (RoleInfo.java:shutdownFollowerState(121)) - 7f29c796-0732-402f-b865-67033766dcba: shutdown FollowerState
2019-10-17 20:28:18,605 [Thread-955] INFO  impl.RaftServerImpl (RaftServerImpl.java:setRole(184)) - 7f29c796-0732-402f-b865-67033766dcba@group-6E14FCF84E12: changes role from  FOLLOWER to CANDIDATE at term 1 for changeToCandidate
2019-10-17 20:28:18,607 [Thread-955] INFO  impl.RoleInfo (RoleInfo.java:updateAndGet(143)) - 7f29c796-0732-402f-b865-67033766dcba: start LeaderElection
2019-10-17 20:28:18,609 [c07977b7-c8ef-4f3c-80b1-66a07c6e3dcd@group-6E14FCF84E12-LeaderElection28] INFO  impl.LeaderElection (LeaderElection.java:logAndReturn(56)) - c07977b7-c8ef-4f3c-80b1-66a07c6e3dcd@group-6E14FCF84E12-LeaderElection28: Election PASSED; received 1 response(s) [c07977b7-c8ef-4f3c-80b1-66a07c6e3dcd<-7f29c796-0732-402f-b865-67033766dcba#0:OK-t1] and 0 exception(s); c07977b7-c8ef-4f3c-80b1-66a07c6e3dcd@group-6E14FCF84E12:t1, leader=null, voted=c07977b7-c8ef-4f3c-80b1-66a07c6e3dcd, raftlog=c07977b7-c8ef-4f3c-80b1-66a07c6e3dcd@group-6E14FCF84E12-SegmentedRaftLog:OPENED:c-1,f-1,i0, conf=-1: [d81605c5-54b3-45a8-b5ae-2e8d8890cbef:192.168.164.201:42755, 7f29c796-0732-402f-b865-67033766dcba:192.168.164.201:40704, c07977b7-c8ef-4f3c-80b1-66a07c6e3dcd:192.168.164.201:38664], old=null
2019-10-17 20:28:18,609 [c07977b7-c8ef-4f3c-80b1-66a07c6e3dcd@group-6E14FCF84E12-LeaderElection28] INFO  impl.RoleInfo (RoleInfo.java:shutdownLeaderElection(134)) - c07977b7-c8ef-4f3c-80b1-66a07c6e3dcd: shutdown LeaderElection
2019-10-17 20:28:18,610 [c07977b7-c8ef-4f3c-80b1-66a07c6e3dcd@group-6E14FCF84E12-LeaderElection28] INFO  impl.RaftServerImpl (RaftServerImpl.java:setRole(184)) - c07977b7-c8ef-4f3c-80b1-66a07c6e3dcd@group-6E14FCF84E12: changes role from CANDIDATE to LEADER at term 1 for changeToLeader
2019-10-17 20:28:18,610 [c07977b7-c8ef-4f3c-80b1-66a07c6e3dcd@group-6E14FCF84E12-LeaderElection28] INFO  ratis.XceiverServerRatis (XceiverServerRatis.java:handleLeaderChangedNotification(700)) - Leader change notification received for group: group-6E14FCF84E12 with new leaderId: c07977b7-c8ef-4f3c-80b1-66a07c6e3dcd
2019-10-17 20:28:18,610 [c07977b7-c8ef-4f3c-80b1-66a07c6e3dcd@group-6E14FCF84E12-LeaderElection28] INFO  impl.RaftServerImpl (ServerState.java:setLeader(256)) - c07977b7-c8ef-4f3c-80b1-66a07c6e3dcd@group-6E14FCF84E12: change Leader from null to c07977b7-c8ef-4f3c-80b1-66a07c6e3dcd at term 1 for becomeLeader, leader elected after 107ms
2019-10-17 20:28:18,611 [c07977b7-c8ef-4f3c-80b1-66a07c6e3dcd@group-6E14FCF84E12-LeaderElection28] INFO  server.RaftServerConfigKeys (ConfUtils.java:logGet(43)) - raft.server.staging.catchup.gap = 1000 (default)
2019-10-17 20:28:18,611 [c07977b7-c8ef-4f3c-80b1-66a07c6e3dcd@group-6E14FCF84E12-LeaderElection28] INFO  server.RaftServerConfigKeys (ConfUtils.java:logGet(43)) - raft.server.rpc.sleep.time = 25ms (default)
2019-10-17 20:28:18,611 [c07977b7-c8ef-4f3c-80b1-66a07c6e3dcd@group-6E14FCF84E12-LeaderElection28] INFO  server.RaftServerConfigKeys (ConfUtils.java:logGet(43)) - raft.server.write.element-limit = 4096 (default)
2019-10-17 20:28:18,612 [c07977b7-c8ef-4f3c-80b1-66a07c6e3dcd@group-6E14FCF84E12-LeaderElection28] INFO  server.RaftServerConfigKeys (ConfUtils.java:logGet(43)) - raft.server.watch.timeout = 10s (default)
2019-10-17 20:28:18,612 [c07977b7-c8ef-4f3c-80b1-66a07c6e3dcd@group-6E14FCF84E12-LeaderElection28] INFO  server.RaftServerConfigKeys (ConfUtils.java:logGet(43)) - raft.server.watch.timeout.denomination = 1s (default)
2019-10-17 20:28:18,612 [c07977b7-c8ef-4f3c-80b1-66a07c6e3dcd@group-6E14FCF84E12-LeaderElection28] INFO  server.RaftServerConfigKeys (ConfUtils.java:logGet(43)) - raft.server.watch.element-limit = 65536 (default)
2019-10-17 20:28:18,613 [EventQueue-PipelineReportForPipelineReportHandler] INFO  pipeline.PipelineReportHandler (PipelineReportHandler.java:processPipelineReport(119)) - Pipeline PipelineID=a7a3ad41-29c0-48e7-adbd-6e14fcf84e12 reported by c07977b7-c8ef-4f3c-80b1-66a07c6e3dcd{ip: 192.168.164.201, host: pr-hdds-1868-s6sc9-3720172378, networkLocation: /default-rack, certSerialId: null} with leaderId c07977b7-c8ef-4f3c-80b1-66a07c6e3dcd
2019-10-17 20:28:18,617 [c07977b7-c8ef-4f3c-80b1-66a07c6e3dcd@group-6E14FCF84E12-LeaderElection28] INFO  server.RaftServerConfigKeys (ConfUtils.java:logGet(43)) - raft.server.log.appender.snapshot.chunk.size.max = 16MB (=16777216) (default)
2019-10-17 20:28:18,617 [c07977b7-c8ef-4f3c-80b1-66a07c6e3dcd@group-6E14FCF84E12-LeaderElection28] INFO  server.RaftServerConfigKeys (ConfUtils.java:logGet(43)) - raft.server.log.appender.buffer.byte-limit = 33554432 (custom)
2019-10-17 20:28:18,617 [c07977b7-c8ef-4f3c-80b1-66a07c6e3dcd@group-6E14FCF84E12-LeaderElection28] INFO  server.RaftServerConfigKeys (ConfUtils.java:logGet(43)) - raft.server.log.appender.buffer.element-limit = 1 (custom)
2019-10-17 20:28:18,617 [c07977b7-c8ef-4f3c-80b1-66a07c6e3dcd@group-6E14FCF84E12-LeaderElection28] INFO  grpc.GrpcConfigKeys$Server (ConfUtils.java:logGet(43)) - raft.grpc.server.leader.outstanding.appends.max = 128 (default)
2019-10-17 20:28:18,618 [c07977b7-c8ef-4f3c-80b1-66a07c6e3dcd@group-6E14FCF84E12-LeaderElection28] INFO  server.RaftServerConfigKeys (ConfUtils.java:logGet(43)) - raft.server.rpc.request.timeout = 3000ms (default)
2019-10-17 20:28:18,618 [c07977b7-c8ef-4f3c-80b1-66a07c6e3dcd@group-6E14FCF84E12-LeaderElection28] INFO  server.RaftServerConfigKeys (ConfUtils.java:logGet(43)) - raft.server.log.appender.install.snapshot.enabled = false (custom)
2019-10-17 20:28:18,620 [c07977b7-c8ef-4f3c-80b1-66a07c6e3dcd@group-6E14FCF84E12-LeaderElection28] INFO  server.RaftServerConfigKeys (ConfUtils.java:logGet(43)) - raft.server.log.appender.snapshot.chunk.size.max = 16MB (=16777216) (default)
2019-10-17 20:28:18,621 [c07977b7-c8ef-4f3c-80b1-66a07c6e3dcd@group-6E14FCF84E12-LeaderElection28] INFO  server.RaftServerConfigKeys (ConfUtils.java:logGet(43)) - raft.server.log.appender.buffer.byte-limit = 33554432 (custom)
2019-10-17 20:28:18,621 [c07977b7-c8ef-4f3c-80b1-66a07c6e3dcd@group-6E14FCF84E12-LeaderElection28] INFO  server.RaftServerConfigKeys (ConfUtils.java:logGet(43)) - raft.server.log.appender.buffer.element-limit = 1 (custom)
2019-10-17 20:28:18,621 [c07977b7-c8ef-4f3c-80b1-66a07c6e3dcd@group-6E14FCF84E12-LeaderElection28] INFO  grpc.GrpcConfigKeys$Server (ConfUtils.java:logGet(43)) - raft.grpc.server.leader.outstanding.appends.max = 128 (default)
2019-10-17 20:28:18,621 [c07977b7-c8ef-4f3c-80b1-66a07c6e3dcd@group-6E14FCF84E12-LeaderElection28] INFO  server.RaftServerConfigKeys (ConfUtils.java:logGet(43)) - raft.server.rpc.request.timeout = 3000ms (default)
2019-10-17 20:28:18,622 [c07977b7-c8ef-4f3c-80b1-66a07c6e3dcd@group-6E14FCF84E12-LeaderElection28] INFO  server.RaftServerConfigKeys (ConfUtils.java:logGet(43)) - raft.server.log.appender.install.snapshot.enabled = false (custom)
2019-10-17 20:28:18,624 [c07977b7-c8ef-4f3c-80b1-66a07c6e3dcd@group-6E14FCF84E12-LeaderElection28] INFO  impl.RoleInfo (RoleInfo.java:updateAndGet(143)) - c07977b7-c8ef-4f3c-80b1-66a07c6e3dcd: start LeaderState
2019-10-17 20:28:18,625 [c07977b7-c8ef-4f3c-80b1-66a07c6e3dcd@group-6E14FCF84E12-LeaderElection28] INFO  segmented.SegmentedRaftLogWorker (SegmentedRaftLogWorker.java:startLogSegment(385)) - c07977b7-c8ef-4f3c-80b1-66a07c6e3dcd@group-6E14FCF84E12-SegmentedRaftLogWorker: Starting segment from index:0
2019-10-17 20:28:18,626 [c07977b7-c8ef-4f3c-80b1-66a07c6e3dcd@group-6E14FCF84E12-LeaderElection28] INFO  impl.RaftServerImpl (ServerState.java:setRaftConf(357)) - c07977b7-c8ef-4f3c-80b1-66a07c6e3dcd@group-6E14FCF84E12: set configuration 0: [d81605c5-54b3-45a8-b5ae-2e8d8890cbef:192.168.164.201:42755, 7f29c796-0732-402f-b865-67033766dcba:192.168.164.201:40704, c07977b7-c8ef-4f3c-80b1-66a07c6e3dcd:192.168.164.201:38664], old=null at 0
2019-10-17 20:28:18,629 [grpc-default-executor-1] INFO  ratis.XceiverServerRatis (XceiverServerRatis.java:handleLeaderChangedNotification(700)) - Leader change notification received for group: group-6E14FCF84E12 with new leaderId: c07977b7-c8ef-4f3c-80b1-66a07c6e3dcd
2019-10-17 20:28:18,630 [grpc-default-executor-1] INFO  impl.RaftServerImpl (ServerState.java:setLeader(256)) - d81605c5-54b3-45a8-b5ae-2e8d8890cbef@group-6E14FCF84E12: change Leader from null to c07977b7-c8ef-4f3c-80b1-66a07c6e3dcd at term 1 for appendEntries, leader elected after 126ms
2019-10-17 20:28:18,666 [7f29c796-0732-402f-b865-67033766dcba@group-6E14FCF84E12-LeaderElection29] INFO  impl.LeaderElection (LeaderElection.java:askForVotes(178)) - 7f29c796-0732-402f-b865-67033766dcba@group-6E14FCF84E12-LeaderElection29: begin an election at term 2 for -1: [d81605c5-54b3-45a8-b5ae-2e8d8890cbef:192.168.164.201:42755, 7f29c796-0732-402f-b865-67033766dcba:192.168.164.201:40704, c07977b7-c8ef-4f3c-80b1-66a07c6e3dcd:192.168.164.201:38664], old=null
2019-10-17 20:28:18,668 [EventQueue-PipelineReportForPipelineReportHandler] INFO  pipeline.PipelineReportHandler (PipelineReportHandler.java:processPipelineReport(119)) - Pipeline PipelineID=a7a3ad41-29c0-48e7-adbd-6e14fcf84e12 reported by d81605c5-54b3-45a8-b5ae-2e8d8890cbef{ip: 192.168.164.201, host: pr-hdds-1868-s6sc9-3720172378, networkLocation: /default-rack, certSerialId: null} with leaderId c07977b7-c8ef-4f3c-80b1-66a07c6e3dcd
2019-10-17 20:28:18,669 [Thread-957] INFO  impl.RaftServerImpl (ServerState.java:setLeader(256)) - c07977b7-c8ef-4f3c-80b1-66a07c6e3dcd@group-6E14FCF84E12: change Leader from c07977b7-c8ef-4f3c-80b1-66a07c6e3dcd to null at term 2 for updateCurrentTerm
2019-10-17 20:28:18,670 [Thread-957] INFO  impl.RaftServerImpl (RaftServerImpl.java:setRole(184)) - c07977b7-c8ef-4f3c-80b1-66a07c6e3dcd@group-6E14FCF84E12: changes role from    LEADER to FOLLOWER at term 2 for stepDown
2019-10-17 20:28:18,671 [Thread-957] INFO  impl.RoleInfo (RoleInfo.java:shutdownLeaderState(104)) - c07977b7-c8ef-4f3c-80b1-66a07c6e3dcd: shutdown LeaderState
2019-10-17 20:28:18,674 [org.apache.ratis.server.impl.LogAppender$AppenderDaemon$$Lambda$430/273387813@a1b90d2] WARN  server.GrpcLogAppender (GrpcLogAppender.java:mayWait(149)) - c07977b7-c8ef-4f3c-80b1-66a07c6e3dcd@group-6E14FCF84E12->7f29c796-0732-402f-b865-67033766dcba-GrpcLogAppender: Wait interrupted by java.lang.InterruptedException
2019-10-17 20:28:18,674 [Thread-957] INFO  impl.PendingRequests (PendingRequests.java:sendNotLeaderResponses(202)) - c07977b7-c8ef-4f3c-80b1-66a07c6e3dcd@group-6E14FCF84E12-PendingRequests: sendNotLeaderResponses
2019-10-17 20:28:18,674 [org.apache.ratis.server.impl.LogAppender$AppenderDaemon$$Lambda$430/273387813@3b6aae18] WARN  server.GrpcLogAppender (GrpcLogAppender.java:mayWait(149)) - c07977b7-c8ef-4f3c-80b1-66a07c6e3dcd@group-6E14FCF84E12->d81605c5-54b3-45a8-b5ae-2e8d8890cbef-GrpcLogAppender: Wait interrupted by java.lang.InterruptedException
2019-10-17 20:28:18,674 [Thread-957] INFO  impl.RoleInfo (RoleInfo.java:updateAndGet(143)) - c07977b7-c8ef-4f3c-80b1-66a07c6e3dcd: start FollowerState
2019-10-17 20:28:18,675 [grpc-default-executor-0] INFO  server.GrpcServerProtocolService (GrpcServerProtocolService.java:onCompleted(113)) - 7f29c796-0732-402f-b865-67033766dcba: Completed APPEND_ENTRIES, lastRequest: c07977b7-c8ef-4f3c-80b1-66a07c6e3dcd->7f29c796-0732-402f-b865-67033766dcba#0-t1, previous=(t:0, i:0), leaderCommit=-1, initializing? false, entries: <empty>
2019-10-17 20:28:18,675 [grpc-default-executor-3] INFO  impl.RaftServerImpl (ServerState.java:setRaftConf(357)) - d81605c5-54b3-45a8-b5ae-2e8d8890cbef@group-6E14FCF84E12: set configuration 0: [d81605c5-54b3-45a8-b5ae-2e8d8890cbef:192.168.164.201:42755, 7f29c796-0732-402f-b865-67033766dcba:192.168.164.201:40704, c07977b7-c8ef-4f3c-80b1-66a07c6e3dcd:192.168.164.201:38664], old=null at 0
2019-10-17 20:28:18,675 [grpc-default-executor-0] INFO  server.GrpcLogAppender (GrpcLogAppender.java:onCompleted(308)) - c07977b7-c8ef-4f3c-80b1-66a07c6e3dcd@group-6E14FCF84E12->7f29c796-0732-402f-b865-67033766dcba-AppendLogResponseHandler: follower responses appendEntries COMPLETED
2019-10-17 20:28:18,675 [grpc-default-executor-3] INFO  segmented.SegmentedRaftLogWorker (SegmentedRaftLogWorker.java:startLogSegment(385)) - d81605c5-54b3-45a8-b5ae-2e8d8890cbef@group-6E14FCF84E12-SegmentedRaftLogWorker: Starting segment from index:0
2019-10-17 20:28:18,678 [grpc-default-executor-0] INFO  impl.FollowerInfo (FollowerInfo.java:lambda$new$0(51)) - c07977b7-c8ef-4f3c-80b1-66a07c6e3dcd@group-6E14FCF84E12->7f29c796-0732-402f-b865-67033766dcba: nextIndex: updateUnconditionally 0 -> 0
2019-10-17 20:28:18,679 [grpc-default-executor-0] INFO  impl.RaftServerImpl (ServerState.java:setLeader(256)) - d81605c5-54b3-45a8-b5ae-2e8d8890cbef@group-6E14FCF84E12: change Leader from c07977b7-c8ef-4f3c-80b1-66a07c6e3dcd to null at term 2 for updateCurrentTerm
2019-10-17 20:28:18,679 [grpc-default-executor-0] INFO  impl.RaftServerImpl (RaftServerImpl.java:setRole(184)) - d81605c5-54b3-45a8-b5ae-2e8d8890cbef@group-6E14FCF84E12: changes role from  FOLLOWER to FOLLOWER at term 2 for recognizeCandidate:7f29c796-0732-402f-b865-67033766dcba
2019-10-17 20:28:18,679 [grpc-default-executor-3] INFO  server.GrpcServerProtocolService (GrpcServerProtocolService.java:onCompleted(113)) - d81605c5-54b3-45a8-b5ae-2e8d8890cbef: Completed APPEND_ENTRIES, lastRequest: c07977b7-c8ef-4f3c-80b1-66a07c6e3dcd->d81605c5-54b3-45a8-b5ae-2e8d8890cbef#1-t1, previous=(t:0, i:0), leaderCommit=-1, initializing? false, entries: size=1, first=(t:1, i:0), CONFIGURATIONENTRY
2019-10-17 20:28:18,679 [grpc-default-executor-0] INFO  impl.RoleInfo (RoleInfo.java:shutdownFollowerState(121)) - d81605c5-54b3-45a8-b5ae-2e8d8890cbef: shutdown FollowerState
2019-10-17 20:28:18,680 [grpc-default-executor-0] INFO  impl.RoleInfo (RoleInfo.java:updateAndGet(143)) - d81605c5-54b3-45a8-b5ae-2e8d8890cbef: start FollowerState
2019-10-17 20:28:18,680 [Thread-954] INFO  impl.FollowerState (FollowerState.java:run(117)) - d81605c5-54b3-45a8-b5ae-2e8d8890cbef@group-6E14FCF84E12-FollowerState was interrupted: java.lang.InterruptedException: sleep interrupted
2019-10-17 20:28:18,680 [grpc-default-executor-1] INFO  server.GrpcLogAppender (GrpcLogAppender.java:onCompleted(308)) - c07977b7-c8ef-4f3c-80b1-66a07c6e3dcd@group-6E14FCF84E12->d81605c5-54b3-45a8-b5ae-2e8d8890cbef-AppendLogResponseHandler: follower responses appendEntries COMPLETED
2019-10-17 20:28:18,682 [grpc-default-executor-1] INFO  impl.FollowerInfo (FollowerInfo.java:lambda$new$0(51)) - c07977b7-c8ef-4f3c-80b1-66a07c6e3dcd@group-6E14FCF84E12->d81605c5-54b3-45a8-b5ae-2e8d8890cbef: nextIndex: updateUnconditionally 1 -> 0
2019-10-17 20:28:18,695 [c07977b7-c8ef-4f3c-80b1-66a07c6e3dcd@group-6E14FCF84E12-SegmentedRaftLogWorker] INFO  segmented.SegmentedRaftLogWorker (SegmentedRaftLogWorker.java:execute(576)) - c07977b7-c8ef-4f3c-80b1-66a07c6e3dcd@group-6E14FCF84E12-SegmentedRaftLogWorker: created new log segment /workdir/hadoop-ozone/ozonefs/target/test-dir/MiniOzoneClusterImpl-0df98be9-49e2-4eb9-b6e4-71f20c3f18cb/datanode-1/data/ratis/a7a3ad41-29c0-48e7-adbd-6e14fcf84e12/current/log_inprogress_0
2019-10-17 20:28:18,723 [grpc-default-executor-3] INFO  impl.RaftServerImpl (RaftServerImpl.java:setRole(184)) - c07977b7-c8ef-4f3c-80b1-66a07c6e3dcd@group-6E14FCF84E12: changes role from  FOLLOWER to FOLLOWER at term 2 for recognizeCandidate:7f29c796-0732-402f-b865-67033766dcba
2019-10-17 20:28:18,724 [grpc-default-executor-3] INFO  impl.RoleInfo (RoleInfo.java:shutdownFollowerState(121)) - c07977b7-c8ef-4f3c-80b1-66a07c6e3dcd: shutdown FollowerState
2019-10-17 20:28:18,724 [grpc-default-executor-3] INFO  impl.RoleInfo (RoleInfo.java:updateAndGet(143)) - c07977b7-c8ef-4f3c-80b1-66a07c6e3dcd: start FollowerState
2019-10-17 20:28:18,724 [Thread-965] INFO  impl.FollowerState (FollowerState.java:run(117)) - c07977b7-c8ef-4f3c-80b1-66a07c6e3dcd@group-6E14FCF84E12-FollowerState was interrupted: java.lang.InterruptedException: sleep interrupted
2019-10-17 20:28:18,726 [7f29c796-0732-402f-b865-67033766dcba@group-6E14FCF84E12-LeaderElection29] INFO  impl.LeaderElection (LeaderElection.java:logAndReturn(56)) - 7f29c796-0732-402f-b865-67033766dcba@group-6E14FCF84E12-LeaderElection29: Election TIMEOUT; received 0 response(s) [] and 0 exception(s); 7f29c796-0732-402f-b865-67033766dcba@group-6E14FCF84E12:t2, leader=null, voted=7f29c796-0732-402f-b865-67033766dcba, raftlog=7f29c796-0732-402f-b865-67033766dcba@group-6E14FCF84E12-SegmentedRaftLog:OPENED:c-1,f-1,i0, conf=-1: [d81605c5-54b3-45a8-b5ae-2e8d8890cbef:192.168.164.201:42755, 7f29c796-0732-402f-b865-67033766dcba:192.168.164.201:40704, c07977b7-c8ef-4f3c-80b1-66a07c6e3dcd:192.168.164.201:38664], old=null
2019-10-17 20:28:18,746 [d81605c5-54b3-45a8-b5ae-2e8d8890cbef@group-6E14FCF84E12-SegmentedRaftLogWorker] INFO  segmented.SegmentedRaftLogWorker (SegmentedRaftLogWorker.java:execute(576)) - d81605c5-54b3-45a8-b5ae-2e8d8890cbef@group-6E14FCF84E12-SegmentedRaftLogWorker: created new log segment /workdir/hadoop-ozone/ozonefs/target/test-dir/MiniOzoneClusterImpl-0df98be9-49e2-4eb9-b6e4-71f20c3f18cb/datanode-0/data/ratis/a7a3ad41-29c0-48e7-adbd-6e14fcf84e12/current/log_inprogress_0
2019-10-17 20:28:18,746 [7f29c796-0732-402f-b865-67033766dcba@group-6E14FCF84E12-LeaderElection29] INFO  impl.LeaderElection (LeaderElection.java:askForVotes(178)) - 7f29c796-0732-402f-b865-67033766dcba@group-6E14FCF84E12-LeaderElection29: begin an election at term 3 for -1: [d81605c5-54b3-45a8-b5ae-2e8d8890cbef:192.168.164.201:42755, 7f29c796-0732-402f-b865-67033766dcba:192.168.164.201:40704, c07977b7-c8ef-4f3c-80b1-66a07c6e3dcd:192.168.164.201:38664], old=null
2019-10-17 20:28:18,750 [grpc-default-executor-3] INFO  impl.RaftServerImpl (RaftServerImpl.java:setRole(184)) - c07977b7-c8ef-4f3c-80b1-66a07c6e3dcd@group-6E14FCF84E12: changes role from  FOLLOWER to FOLLOWER at term 3 for recognizeCandidate:7f29c796-0732-402f-b865-67033766dcba
2019-10-17 20:28:18,750 [grpc-default-executor-3] INFO  impl.RoleInfo (RoleInfo.java:shutdownFollowerState(121)) - c07977b7-c8ef-4f3c-80b1-66a07c6e3dcd: shutdown FollowerState
2019-10-17 20:28:18,751 [grpc-default-executor-3] INFO  impl.RoleInfo (RoleInfo.java:updateAndGet(143)) - c07977b7-c8ef-4f3c-80b1-66a07c6e3dcd: start FollowerState
2019-10-17 20:28:18,751 [grpc-default-executor-0] INFO  impl.RaftServerImpl (RaftServerImpl.java:setRole(184)) - d81605c5-54b3-45a8-b5ae-2e8d8890cbef@group-6E14FCF84E12: changes role from  FOLLOWER to FOLLOWER at term 3 for recognizeCandidate:7f29c796-0732-402f-b865-67033766dcba
2019-10-17 20:28:18,751 [grpc-default-executor-0] INFO  impl.RoleInfo (RoleInfo.java:shutdownFollowerState(121)) - d81605c5-54b3-45a8-b5ae-2e8d8890cbef: shutdown FollowerState
2019-10-17 20:28:18,751 [Thread-967] INFO  impl.FollowerState (FollowerState.java:run(117)) - c07977b7-c8ef-4f3c-80b1-66a07c6e3dcd@group-6E14FCF84E12-FollowerState was interrupted: java.lang.InterruptedException: sleep interrupted
2019-10-17 20:28:18,751 [grpc-default-executor-0] INFO  impl.RoleInfo (RoleInfo.java:updateAndGet(143)) - d81605c5-54b3-45a8-b5ae-2e8d8890cbef: start FollowerState
2019-10-17 20:28:18,751 [Thread-966] INFO  impl.FollowerState (FollowerState.java:run(117)) - d81605c5-54b3-45a8-b5ae-2e8d8890cbef@group-6E14FCF84E12-FollowerState was interrupted: java.lang.InterruptedException: sleep interrupted
2019-10-17 20:28:18,765 [7f29c796-0732-402f-b865-67033766dcba@group-6E14FCF84E12-LeaderElection29] INFO  impl.LeaderElection (LeaderElection.java:logAndReturn(56)) - 7f29c796-0732-402f-b865-67033766dcba@group-6E14FCF84E12-LeaderElection29: Election REJECTED; received 2 response(s) [7f29c796-0732-402f-b865-67033766dcba<-d81605c5-54b3-45a8-b5ae-2e8d8890cbef#0:FAIL-t3, 7f29c796-0732-402f-b865-67033766dcba<-c07977b7-c8ef-4f3c-80b1-66a07c6e3dcd#0:FAIL-t3] and 0 exception(s); 7f29c796-0732-402f-b865-67033766dcba@group-6E14FCF84E12:t3, leader=null, voted=7f29c796-0732-402f-b865-67033766dcba, raftlog=7f29c796-0732-402f-b865-67033766dcba@group-6E14FCF84E12-SegmentedRaftLog:OPENED:c-1,f-1,i0, conf=-1: [d81605c5-54b3-45a8-b5ae-2e8d8890cbef:192.168.164.201:42755, 7f29c796-0732-402f-b865-67033766dcba:192.168.164.201:40704, c07977b7-c8ef-4f3c-80b1-66a07c6e3dcd:192.168.164.201:38664], old=null
2019-10-17 20:28:18,765 [7f29c796-0732-402f-b865-67033766dcba@group-6E14FCF84E12-LeaderElection29] INFO  impl.RaftServerImpl (RaftServerImpl.java:setRole(184)) - 7f29c796-0732-402f-b865-67033766dcba@group-6E14FCF84E12: changes role from CANDIDATE to FOLLOWER at term 3 for DISCOVERED_A_NEW_TERM
2019-10-17 20:28:18,765 [7f29c796-0732-402f-b865-67033766dcba@group-6E14FCF84E12-LeaderElection29] INFO  impl.RoleInfo (RoleInfo.java:shutdownLeaderElection(134)) - 7f29c796-0732-402f-b865-67033766dcba: shutdown LeaderElection
2019-10-17 20:28:18,765 [7f29c796-0732-402f-b865-67033766dcba@group-6E14FCF84E12-LeaderElection29] INFO  impl.RoleInfo (RoleInfo.java:updateAndGet(143)) - 7f29c796-0732-402f-b865-67033766dcba: start FollowerState
2019-10-17 20:28:18,905 [Thread-973] INFO  impl.FollowerState (FollowerState.java:run(108)) - 7f29c796-0732-402f-b865-67033766dcba@group-6E14FCF84E12-FollowerState: change to CANDIDATE, lastRpcTime:139ms, electionTimeout:139ms
2019-10-17 20:28:18,906 [Thread-973] INFO  impl.RoleInfo (RoleInfo.java:shutdownFollowerState(121)) - 7f29c796-0732-402f-b865-67033766dcba: shutdown FollowerState
2019-10-17 20:28:18,906 [Thread-973] INFO  impl.RaftServerImpl (RaftServerImpl.java:setRole(184)) - 7f29c796-0732-402f-b865-67033766dcba@group-6E14FCF84E12: changes role from  FOLLOWER to CANDIDATE at term 3 for changeToCandidate
2019-10-17 20:28:18,906 [Thread-973] INFO  impl.RoleInfo (RoleInfo.java:updateAndGet(143)) - 7f29c796-0732-402f-b865-67033766dcba: start LeaderElection
2019-10-17 20:28:18,931 [7f29c796-0732-402f-b865-67033766dcba@group-6E14FCF84E12-LeaderElection30] INFO  impl.LeaderElection (LeaderElection.java:askForVotes(178)) - 7f29c796-0732-402f-b865-67033766dcba@group-6E14FCF84E12-LeaderElection30: begin an election at term 4 for -1: [d81605c5-54b3-45a8-b5ae-2e8d8890cbef:192.168.164.201:42755, 7f29c796-0732-402f-b865-67033766dcba:192.168.164.201:40704, c07977b7-c8ef-4f3c-80b1-66a07c6e3dcd:192.168.164.201:38664], old=null
2019-10-17 20:28:18,935 [grpc-default-executor-0] INFO  impl.RaftServerImpl (RaftServerImpl.java:setRole(184)) - d81605c5-54b3-45a8-b5ae-2e8d8890cbef@group-6E14FCF84E12: changes role from  FOLLOWER to FOLLOWER at term 4 for recognizeCandidate:7f29c796-0732-402f-b865-67033766dcba
2019-10-17 20:28:18,935 [grpc-default-executor-0] INFO  impl.RoleInfo (RoleInfo.java:shutdownFollowerState(121)) - d81605c5-54b3-45a8-b5ae-2e8d8890cbef: shutdown FollowerState
2019-10-17 20:28:18,935 [grpc-default-executor-0] INFO  impl.RoleInfo (RoleInfo.java:updateAndGet(143)) - d81605c5-54b3-45a8-b5ae-2e8d8890cbef: start FollowerState
2019-10-17 20:28:18,935 [grpc-default-executor-3] INFO  impl.RaftServerImpl (RaftServerImpl.java:setRole(184)) - c07977b7-c8ef-4f3c-80b1-66a07c6e3dcd@group-6E14FCF84E12: changes role from  FOLLOWER to FOLLOWER at term 4 for recognizeCandidate:7f29c796-0732-402f-b865-67033766dcba
2019-10-17 20:28:18,935 [Thread-971] INFO  impl.FollowerState (FollowerState.java:run(117)) - d81605c5-54b3-45a8-b5ae-2e8d8890cbef@group-6E14FCF84E12-FollowerState was interrupted: java.lang.InterruptedException: sleep interrupted
2019-10-17 20:28:18,936 [grpc-default-executor-3] INFO  impl.RoleInfo (RoleInfo.java:shutdownFollowerState(121)) - c07977b7-c8ef-4f3c-80b1-66a07c6e3dcd: shutdown FollowerState
2019-10-17 20:28:18,936 [grpc-default-executor-3] INFO  impl.RoleInfo (RoleInfo.java:updateAndGet(143)) - c07977b7-c8ef-4f3c-80b1-66a07c6e3dcd: start FollowerState
2019-10-17 20:28:18,936 [Thread-970] INFO  impl.FollowerState (FollowerState.java:run(117)) - c07977b7-c8ef-4f3c-80b1-66a07c6e3dcd@group-6E14FCF84E12-FollowerState was interrupted: java.lang.InterruptedException: sleep interrupted
2019-10-17 20:28:18,959 [7f29c796-0732-402f-b865-67033766dcba@group-6E14FCF84E12-LeaderElection30] INFO  impl.LeaderElection (LeaderElection.java:logAndReturn(56)) - 7f29c796-0732-402f-b865-67033766dcba@group-6E14FCF84E12-LeaderElection30: Election REJECTED; received 2 response(s) [7f29c796-0732-402f-b865-67033766dcba<-d81605c5-54b3-45a8-b5ae-2e8d8890cbef#0:FAIL-t4, 7f29c796-0732-402f-b865-67033766dcba<-c07977b7-c8ef-4f3c-80b1-66a07c6e3dcd#0:FAIL-t4] and 0 exception(s); 7f29c796-0732-402f-b865-67033766dcba@group-6E14FCF84E12:t4, leader=null, voted=7f29c796-0732-402f-b865-67033766dcba, raftlog=7f29c796-0732-402f-b865-67033766dcba@group-6E14FCF84E12-SegmentedRaftLog:OPENED:c-1,f-1,i0, conf=-1: [d81605c5-54b3-45a8-b5ae-2e8d8890cbef:192.168.164.201:42755, 7f29c796-0732-402f-b865-67033766dcba:192.168.164.201:40704, c07977b7-c8ef-4f3c-80b1-66a07c6e3dcd:192.168.164.201:38664], old=null
2019-10-17 20:28:18,959 [7f29c796-0732-402f-b865-67033766dcba@group-6E14FCF84E12-LeaderElection30] INFO  impl.RaftServerImpl (RaftServerImpl.java:setRole(184)) - 7f29c796-0732-402f-b865-67033766dcba@group-6E14FCF84E12: changes role from CANDIDATE to FOLLOWER at term 4 for DISCOVERED_A_NEW_TERM
2019-10-17 20:28:18,959 [7f29c796-0732-402f-b865-67033766dcba@group-6E14FCF84E12-LeaderElection30] INFO  impl.RoleInfo (RoleInfo.java:shutdownLeaderElection(134)) - 7f29c796-0732-402f-b865-67033766dcba: shutdown LeaderElection
2019-10-17 20:28:18,959 [7f29c796-0732-402f-b865-67033766dcba@group-6E14FCF84E12-LeaderElection30] INFO  impl.RoleInfo (RoleInfo.java:updateAndGet(143)) - 7f29c796-0732-402f-b865-67033766dcba: start FollowerState
2019-10-17 20:28:19,063 [Thread-979] INFO  impl.FollowerState (FollowerState.java:run(108)) - 7f29c796-0732-402f-b865-67033766dcba@group-6E14FCF84E12-FollowerState: change to CANDIDATE, lastRpcTime:103ms, electionTimeout:103ms
2019-10-17 20:28:19,064 [Thread-979] INFO  impl.RoleInfo (RoleInfo.java:shutdownFollowerState(121)) - 7f29c796-0732-402f-b865-67033766dcba: shutdown FollowerState
2019-10-17 20:28:19,065 [Thread-979] INFO  impl.RaftServerImpl (RaftServerImpl.java:setRole(184)) - 7f29c796-0732-402f-b865-67033766dcba@group-6E14FCF84E12: changes role from  FOLLOWER to CANDIDATE at term 4 for changeToCandidate
2019-10-17 20:28:19,065 [Thread-979] INFO  impl.RoleInfo (RoleInfo.java:updateAndGet(143)) - 7f29c796-0732-402f-b865-67033766dcba: start LeaderElection
2019-10-17 20:28:19,090 [7f29c796-0732-402f-b865-67033766dcba@group-6E14FCF84E12-LeaderElection31] INFO  impl.LeaderElection (LeaderElection.java:askForVotes(178)) - 7f29c796-0732-402f-b865-67033766dcba@group-6E14FCF84E12-LeaderElection31: begin an election at term 5 for -1: [d81605c5-54b3-45a8-b5ae-2e8d8890cbef:192.168.164.201:42755, 7f29c796-0732-402f-b865-67033766dcba:192.168.164.201:40704, c07977b7-c8ef-4f3c-80b1-66a07c6e3dcd:192.168.164.201:38664], old=null
2019-10-17 20:28:19,094 [grpc-default-executor-3] INFO  impl.RaftServerImpl (RaftServerImpl.java:setRole(184)) - c07977b7-c8ef-4f3c-80b1-66a07c6e3dcd@group-6E14FCF84E12: changes role from  FOLLOWER to FOLLOWER at term 5 for recognizeCandidate:7f29c796-0732-402f-b865-67033766dcba
2019-10-17 20:28:19,094 [grpc-default-executor-3] INFO  impl.RoleInfo (RoleInfo.java:shutdownFollowerState(121)) - c07977b7-c8ef-4f3c-80b1-66a07c6e3dcd: shutdown FollowerState
2019-10-17 20:28:19,094 [grpc-default-executor-3] INFO  impl.RoleInfo (RoleInfo.java:updateAndGet(143)) - c07977b7-c8ef-4f3c-80b1-66a07c6e3dcd: start FollowerState
2019-10-17 20:28:19,094 [Thread-978] INFO  impl.FollowerState (FollowerState.java:run(117)) - c07977b7-c8ef-4f3c-80b1-66a07c6e3dcd@group-6E14FCF84E12-FollowerState was interrupted: java.lang.InterruptedException: sleep interrupted
2019-10-17 20:28:19,094 [grpc-default-executor-0] INFO  impl.RaftServerImpl (RaftServerImpl.java:setRole(184)) - d81605c5-54b3-45a8-b5ae-2e8d8890cbef@group-6E14FCF84E12: changes role from  FOLLOWER to FOLLOWER at term 5 for recognizeCandidate:7f29c796-0732-402f-b865-67033766dcba
2019-10-17 20:28:19,095 [grpc-default-executor-0] INFO  impl.RoleInfo (RoleInfo.java:shutdownFollowerState(121)) - d81605c5-54b3-45a8-b5ae-2e8d8890cbef: shutdown FollowerState
2019-10-17 20:28:19,095 [grpc-default-executor-0] INFO  impl.RoleInfo (RoleInfo.java:updateAndGet(143)) - d81605c5-54b3-45a8-b5ae-2e8d8890cbef: start FollowerState
2019-10-17 20:28:19,095 [Thread-977] INFO  impl.FollowerState (FollowerState.java:run(117)) - d81605c5-54b3-45a8-b5ae-2e8d8890cbef@group-6E14FCF84E12-FollowerState was interrupted: java.lang.InterruptedException: sleep interrupted
2019-10-17 20:28:19,118 [7f29c796-0732-402f-b865-67033766dcba@group-6E14FCF84E12-LeaderElection31] INFO  impl.LeaderElection (LeaderElection.java:logAndReturn(56)) - 7f29c796-0732-402f-b865-67033766dcba@group-6E14FCF84E12-LeaderElection31: Election REJECTED; received 2 response(s) [7f29c796-0732-402f-b865-67033766dcba<-d81605c5-54b3-45a8-b5ae-2e8d8890cbef#0:FAIL-t5, 7f29c796-0732-402f-b865-67033766dcba<-c07977b7-c8ef-4f3c-80b1-66a07c6e3dcd#0:FAIL-t5] and 0 exception(s); 7f29c796-0732-402f-b865-67033766dcba@group-6E14FCF84E12:t5, leader=null, voted=7f29c796-0732-402f-b865-67033766dcba, raftlog=7f29c796-0732-402f-b865-67033766dcba@group-6E14FCF84E12-SegmentedRaftLog:OPENED:c-1,f-1,i0, conf=-1: [d81605c5-54b3-45a8-b5ae-2e8d8890cbef:192.168.164.201:42755, 7f29c796-0732-402f-b865-67033766dcba:192.168.164.201:40704, c07977b7-c8ef-4f3c-80b1-66a07c6e3dcd:192.168.164.201:38664], old=null
2019-10-17 20:28:19,118 [7f29c796-0732-402f-b865-67033766dcba@group-6E14FCF84E12-LeaderElection31] INFO  impl.RaftServerImpl (RaftServerImpl.java:setRole(184)) - 7f29c796-0732-402f-b865-67033766dcba@group-6E14FCF84E12: changes role from CANDIDATE to FOLLOWER at term 5 for DISCOVERED_A_NEW_TERM
2019-10-17 20:28:19,118 [7f29c796-0732-402f-b865-67033766dcba@group-6E14FCF84E12-LeaderElection31] INFO  impl.RoleInfo (RoleInfo.java:shutdownLeaderElection(134)) - 7f29c796-0732-402f-b865-67033766dcba: shutdown LeaderElection
2019-10-17 20:28:19,118 [7f29c796-0732-402f-b865-67033766dcba@group-6E14FCF84E12-LeaderElection31] INFO  impl.RoleInfo (RoleInfo.java:updateAndGet(143)) - 7f29c796-0732-402f-b865-67033766dcba: start FollowerState
2019-10-17 20:28:19,283 [Thread-985] INFO  impl.FollowerState (FollowerState.java:run(108)) - 7f29c796-0732-402f-b865-67033766dcba@group-6E14FCF84E12-FollowerState: change to CANDIDATE, lastRpcTime:164ms, electionTimeout:164ms
2019-10-17 20:28:19,284 [Thread-985] INFO  impl.RoleInfo (RoleInfo.java:shutdownFollowerState(121)) - 7f29c796-0732-402f-b865-67033766dcba: shutdown FollowerState
2019-10-17 20:28:19,285 [Thread-985] INFO  impl.RaftServerImpl (RaftServerImpl.java:setRole(184)) - 7f29c796-0732-402f-b865-67033766dcba@group-6E14FCF84E12: changes role from  FOLLOWER to CANDIDATE at term 5 for changeToCandidate
2019-10-17 20:28:19,285 [Thread-985] INFO  impl.RoleInfo (RoleInfo.java:updateAndGet(143)) - 7f29c796-0732-402f-b865-67033766dcba: start LeaderElection
2019-10-17 20:28:19,308 [7f29c796-0732-402f-b865-67033766dcba@group-6E14FCF84E12-LeaderElection32] INFO  impl.LeaderElection (LeaderElection.java:askForVotes(178)) - 7f29c796-0732-402f-b865-67033766dcba@group-6E14FCF84E12-LeaderElection32: begin an election at term 6 for -1: [d81605c5-54b3-45a8-b5ae-2e8d8890cbef:192.168.164.201:42755, 7f29c796-0732-402f-b865-67033766dcba:192.168.164.201:40704, c07977b7-c8ef-4f3c-80b1-66a07c6e3dcd:192.168.164.201:38664], old=null
2019-10-17 20:28:19,311 [grpc-default-executor-0] INFO  impl.RaftServerImpl (RaftServerImpl.java:setRole(184)) - c07977b7-c8ef-4f3c-80b1-66a07c6e3dcd@group-6E14FCF84E12: changes role from  FOLLOWER to FOLLOWER at term 6 for recognizeCandidate:7f29c796-0732-402f-b865-67033766dcba
2019-10-17 20:28:19,311 [grpc-default-executor-3] INFO  impl.RaftServerImpl (RaftServerImpl.java:setRole(184)) - d81605c5-54b3-45a8-b5ae-2e8d8890cbef@group-6E14FCF84E12: changes role from  FOLLOWER to FOLLOWER at term 6 for recognizeCandidate:7f29c796-0732-402f-b865-67033766dcba
2019-10-17 20:28:19,311 [grpc-default-executor-0] INFO  impl.RoleInfo (RoleInfo.java:shutdownFollowerState(121)) - c07977b7-c8ef-4f3c-80b1-66a07c6e3dcd: shutdown FollowerState
2019-10-17 20:28:19,311 [grpc-default-executor-3] INFO  impl.RoleInfo (RoleInfo.java:shutdownFollowerState(121)) - d81605c5-54b3-45a8-b5ae-2e8d8890cbef: shutdown FollowerState
2019-10-17 20:28:19,312 [Thread-983] INFO  impl.FollowerState (FollowerState.java:run(117)) - c07977b7-c8ef-4f3c-80b1-66a07c6e3dcd@group-6E14FCF84E12-FollowerState was interrupted: java.lang.InterruptedException: sleep interrupted
2019-10-17 20:28:19,312 [grpc-default-executor-0] INFO  impl.RoleInfo (RoleInfo.java:updateAndGet(143)) - c07977b7-c8ef-4f3c-80b1-66a07c6e3dcd: start FollowerState
2019-10-17 20:28:19,312 [Thread-984] INFO  impl.FollowerState (FollowerState.java:run(117)) - d81605c5-54b3-45a8-b5ae-2e8d8890cbef@group-6E14FCF84E12-FollowerState was interrupted: java.lang.InterruptedException: sleep interrupted
2019-10-17 20:28:19,312 [grpc-default-executor-3] INFO  impl.RoleInfo (RoleInfo.java:updateAndGet(143)) - d81605c5-54b3-45a8-b5ae-2e8d8890cbef: start FollowerState
2019-10-17 20:28:19,331 [7f29c796-0732-402f-b865-67033766dcba@group-6E14FCF84E12-LeaderElection32] INFO  impl.LeaderElection (LeaderElection.java:logAndReturn(56)) - 7f29c796-0732-402f-b865-67033766dcba@group-6E14FCF84E12-LeaderElection32: Election TIMEOUT; received 0 response(s) [] and 0 exception(s); 7f29c796-0732-402f-b865-67033766dcba@group-6E14FCF84E12:t6, leader=null, voted=7f29c796-0732-402f-b865-67033766dcba, raftlog=7f29c796-0732-402f-b865-67033766dcba@group-6E14FCF84E12-SegmentedRaftLog:OPENED:c-1,f-1,i0, conf=-1: [d81605c5-54b3-45a8-b5ae-2e8d8890cbef:192.168.164.201:42755, 7f29c796-0732-402f-b865-67033766dcba:192.168.164.201:40704, c07977b7-c8ef-4f3c-80b1-66a07c6e3dcd:192.168.164.201:38664], old=null
2019-10-17 20:28:19,359 [7f29c796-0732-402f-b865-67033766dcba@group-6E14FCF84E12-LeaderElection32] INFO  impl.LeaderElection (LeaderElection.java:askForVotes(178)) - 7f29c796-0732-402f-b865-67033766dcba@group-6E14FCF84E12-LeaderElection32: begin an election at term 7 for -1: [d81605c5-54b3-45a8-b5ae-2e8d8890cbef:192.168.164.201:42755, 7f29c796-0732-402f-b865-67033766dcba:192.168.164.201:40704, c07977b7-c8ef-4f3c-80b1-66a07c6e3dcd:192.168.164.201:38664], old=null
2019-10-17 20:28:19,362 [grpc-default-executor-0] INFO  impl.RaftServerImpl (RaftServerImpl.java:setRole(184)) - d81605c5-54b3-45a8-b5ae-2e8d8890cbef@group-6E14FCF84E12: changes role from  FOLLOWER to FOLLOWER at term 7 for recognizeCandidate:7f29c796-0732-402f-b865-67033766dcba
2019-10-17 20:28:19,363 [grpc-default-executor-0] INFO  impl.RoleInfo (RoleInfo.java:shutdownFollowerState(121)) - d81605c5-54b3-45a8-b5ae-2e8d8890cbef: shutdown FollowerState
2019-10-17 20:28:19,363 [grpc-default-executor-3] INFO  impl.RaftServerImpl (RaftServerImpl.java:setRole(184)) - c07977b7-c8ef-4f3c-80b1-66a07c6e3dcd@group-6E14FCF84E12: changes role from  FOLLOWER to FOLLOWER at term 7 for recognizeCandidate:7f29c796-0732-402f-b865-67033766dcba
2019-10-17 20:28:19,363 [Thread-990] INFO  impl.FollowerState (FollowerState.java:run(117)) - d81605c5-54b3-45a8-b5ae-2e8d8890cbef@group-6E14FCF84E12-FollowerState was interrupted: java.lang.InterruptedException: sleep interrupted
2019-10-17 20:28:19,363 [grpc-default-executor-0] INFO  impl.RoleInfo (RoleInfo.java:updateAndGet(143)) - d81605c5-54b3-45a8-b5ae-2e8d8890cbef: start FollowerState
2019-10-17 20:28:19,363 [grpc-default-executor-3] INFO  impl.RoleInfo (RoleInfo.java:shutdownFollowerState(121)) - c07977b7-c8ef-4f3c-80b1-66a07c6e3dcd: shutdown FollowerState
2019-10-17 20:28:19,364 [grpc-default-executor-3] INFO  impl.RoleInfo (RoleInfo.java:updateAndGet(143)) - c07977b7-c8ef-4f3c-80b1-66a07c6e3dcd: start FollowerState
2019-10-17 20:28:19,364 [Thread-989] INFO  impl.FollowerState (FollowerState.java:run(117)) - c07977b7-c8ef-4f3c-80b1-66a07c6e3dcd@group-6E14FCF84E12-FollowerState was interrupted: java.lang.InterruptedException: sleep interrupted
2019-10-17 20:28:19,394 [7f29c796-0732-402f-b865-67033766dcba@group-6E14FCF84E12-LeaderElection32] INFO  impl.LeaderElection (LeaderElection.java:logAndReturn(56)) - 7f29c796-0732-402f-b865-67033766dcba@group-6E14FCF84E12-LeaderElection32: Election REJECTED; received 2 response(s) [7f29c796-0732-402f-b865-67033766dcba<-d81605c5-54b3-45a8-b5ae-2e8d8890cbef#0:FAIL-t7, 7f29c796-0732-402f-b865-67033766dcba<-c07977b7-c8ef-4f3c-80b1-66a07c6e3dcd#0:FAIL-t7] and 0 exception(s); 7f29c796-0732-402f-b865-67033766dcba@group-6E14FCF84E12:t7, leader=null, voted=7f29c796-0732-402f-b865-67033766dcba, raftlog=7f29c796-0732-402f-b865-67033766dcba@group-6E14FCF84E12-SegmentedRaftLog:OPENED:c-1,f-1,i0, conf=-1: [d81605c5-54b3-45a8-b5ae-2e8d8890cbef:192.168.164.201:42755, 7f29c796-0732-402f-b865-67033766dcba:192.168.164.201:40704, c07977b7-c8ef-4f3c-80b1-66a07c6e3dcd:192.168.164.201:38664], old=null
2019-10-17 20:28:19,394 [7f29c796-0732-402f-b865-67033766dcba@group-6E14FCF84E12-LeaderElection32] INFO  impl.RaftServerImpl (RaftServerImpl.java:setRole(184)) - 7f29c796-0732-402f-b865-67033766dcba@group-6E14FCF84E12: changes role from CANDIDATE to FOLLOWER at term 7 for DISCOVERED_A_NEW_TERM
2019-10-17 20:28:19,394 [7f29c796-0732-402f-b865-67033766dcba@group-6E14FCF84E12-LeaderElection32] INFO  impl.RoleInfo (RoleInfo.java:shutdownLeaderElection(134)) - 7f29c796-0732-402f-b865-67033766dcba: shutdown LeaderElection
2019-10-17 20:28:19,394 [7f29c796-0732-402f-b865-67033766dcba@group-6E14FCF84E12-LeaderElection32] INFO  impl.RoleInfo (RoleInfo.java:updateAndGet(143)) - 7f29c796-0732-402f-b865-67033766dcba: start FollowerState
2019-10-17 20:28:19,398 [Thread-995] INFO  impl.FollowerState (FollowerState.java:run(108)) - 7f29c796-0732-402f-b865-67033766dcba@group-6E14FCF84E12-FollowerState: change to CANDIDATE, lastRpcTime:3ms, electionTimeout:3ms
2019-10-17 20:28:19,399 [Thread-995] INFO  impl.RoleInfo (RoleInfo.java:shutdownFollowerState(121)) - 7f29c796-0732-402f-b865-67033766dcba: shutdown FollowerState
2019-10-17 20:28:19,399 [Thread-995] INFO  impl.RaftServerImpl (RaftServerImpl.java:setRole(184)) - 7f29c796-0732-402f-b865-67033766dcba@group-6E14FCF84E12: changes role from  FOLLOWER to CANDIDATE at term 7 for changeToCandidate
2019-10-17 20:28:19,399 [Thread-995] INFO  impl.RoleInfo (RoleInfo.java:updateAndGet(143)) - 7f29c796-0732-402f-b865-67033766dcba: start LeaderElection
2019-10-17 20:28:19,426 [7f29c796-0732-402f-b865-67033766dcba@group-6E14FCF84E12-LeaderElection33] INFO  impl.LeaderElection (LeaderElection.java:askForVotes(178)) - 7f29c796-0732-402f-b865-67033766dcba@group-6E14FCF84E12-LeaderElection33: begin an election at term 8 for -1: [d81605c5-54b3-45a8-b5ae-2e8d8890cbef:192.168.164.201:42755, 7f29c796-0732-402f-b865-67033766dcba:192.168.164.201:40704, c07977b7-c8ef-4f3c-80b1-66a07c6e3dcd:192.168.164.201:38664], old=null
2019-10-17 20:28:19,429 [grpc-default-executor-0] INFO  impl.RaftServerImpl (RaftServerImpl.java:setRole(184)) - d81605c5-54b3-45a8-b5ae-2e8d8890cbef@group-6E14FCF84E12: changes role from  FOLLOWER to FOLLOWER at term 8 for recognizeCandidate:7f29c796-0732-402f-b865-67033766dcba
2019-10-17 20:28:19,429 [grpc-default-executor-3] INFO  impl.RaftServerImpl (RaftServerImpl.java:setRole(184)) - c07977b7-c8ef-4f3c-80b1-66a07c6e3dcd@group-6E14FCF84E12: changes role from  FOLLOWER to FOLLOWER at term 8 for recognizeCandidate:7f29c796-0732-402f-b865-67033766dcba
2019-10-17 20:28:19,429 [grpc-default-executor-0] INFO  impl.RoleInfo (RoleInfo.java:shutdownFollowerState(121)) - d81605c5-54b3-45a8-b5ae-2e8d8890cbef: shutdown FollowerState
2019-10-17 20:28:19,429 [grpc-default-executor-3] INFO  impl.RoleInfo (RoleInfo.java:shutdownFollowerState(121)) - c07977b7-c8ef-4f3c-80b1-66a07c6e3dcd: shutdown FollowerState
2019-10-17 20:28:19,430 [Thread-993] INFO  impl.FollowerState (FollowerState.java:run(117)) - d81605c5-54b3-45a8-b5ae-2e8d8890cbef@group-6E14FCF84E12-FollowerState was interrupted: java.lang.InterruptedException: sleep interrupted
2019-10-17 20:28:19,430 [grpc-default-executor-0] INFO  impl.RoleInfo (RoleInfo.java:updateAndGet(143)) - d81605c5-54b3-45a8-b5ae-2e8d8890cbef: start FollowerState
2019-10-17 20:28:19,430 [Thread-994] INFO  impl.FollowerState (FollowerState.java:run(117)) - c07977b7-c8ef-4f3c-80b1-66a07c6e3dcd@group-6E14FCF84E12-FollowerState was interrupted: java.lang.InterruptedException: sleep interrupted
2019-10-17 20:28:19,430 [grpc-default-executor-3] INFO  impl.RoleInfo (RoleInfo.java:updateAndGet(143)) - c07977b7-c8ef-4f3c-80b1-66a07c6e3dcd: start FollowerState
2019-10-17 20:28:19,453 [7f29c796-0732-402f-b865-67033766dcba@group-6E14FCF84E12-LeaderElection33] INFO  impl.LeaderElection (LeaderElection.java:logAndReturn(56)) - 7f29c796-0732-402f-b865-67033766dcba@group-6E14FCF84E12-LeaderElection33: Election REJECTED; received 2 response(s) [7f29c796-0732-402f-b865-67033766dcba<-d81605c5-54b3-45a8-b5ae-2e8d8890cbef#0:FAIL-t8, 7f29c796-0732-402f-b865-67033766dcba<-c07977b7-c8ef-4f3c-80b1-66a07c6e3dcd#0:FAIL-t8] and 0 exception(s); 7f29c796-0732-402f-b865-67033766dcba@group-6E14FCF84E12:t8, leader=null, voted=7f29c796-0732-402f-b865-67033766dcba, raftlog=7f29c796-0732-402f-b865-67033766dcba@group-6E14FCF84E12-SegmentedRaftLog:OPENED:c-1,f-1,i0, conf=-1: [d81605c5-54b3-45a8-b5ae-2e8d8890cbef:192.168.164.201:42755, 7f29c796-0732-402f-b865-67033766dcba:192.168.164.201:40704, c07977b7-c8ef-4f3c-80b1-66a07c6e3dcd:192.168.164.201:38664], old=null
2019-10-17 20:28:19,453 [7f29c796-0732-402f-b865-67033766dcba@group-6E14FCF84E12-LeaderElection33] INFO  impl.RaftServerImpl (RaftServerImpl.java:setRole(184)) - 7f29c796-0732-402f-b865-67033766dcba@group-6E14FCF84E12: changes role from CANDIDATE to FOLLOWER at term 8 for DISCOVERED_A_NEW_TERM
2019-10-17 20:28:19,453 [7f29c796-0732-402f-b865-67033766dcba@group-6E14FCF84E12-LeaderElection33] INFO  impl.RoleInfo (RoleInfo.java:shutdownLeaderElection(134)) - 7f29c796-0732-402f-b865-67033766dcba: shutdown LeaderElection
2019-10-17 20:28:19,453 [7f29c796-0732-402f-b865-67033766dcba@group-6E14FCF84E12-LeaderElection33] INFO  impl.RoleInfo (RoleInfo.java:updateAndGet(143)) - 7f29c796-0732-402f-b865-67033766dcba: start FollowerState
2019-10-17 20:28:19,527 [Thread-754] INFO  ozone.MiniOzoneClusterImpl (MiniOzoneClusterImpl.java:lambda$waitForClusterToBeReady$2(164)) - Waiting for 1 number of pipelines out of 4, to report a leader.
2019-10-17 20:28:19,576 [Thread-1001] INFO  impl.FollowerState (FollowerState.java:run(108)) - 7f29c796-0732-402f-b865-67033766dcba@group-6E14FCF84E12-FollowerState: change to CANDIDATE, lastRpcTime:122ms, electionTimeout:122ms
2019-10-17 20:28:19,576 [Thread-1001] INFO  impl.RoleInfo (RoleInfo.java:shutdownFollowerState(121)) - 7f29c796-0732-402f-b865-67033766dcba: shutdown FollowerState
2019-10-17 20:28:19,576 [Thread-1001] INFO  impl.RaftServerImpl (RaftServerImpl.java:setRole(184)) - 7f29c796-0732-402f-b865-67033766dcba@group-6E14FCF84E12: changes role from  FOLLOWER to CANDIDATE at term 8 for changeToCandidate
2019-10-17 20:28:19,576 [Thread-1001] INFO  impl.RoleInfo (RoleInfo.java:updateAndGet(143)) - 7f29c796-0732-402f-b865-67033766dcba: start LeaderElection
2019-10-17 20:28:19,602 [7f29c796-0732-402f-b865-67033766dcba@group-6E14FCF84E12-LeaderElection34] INFO  impl.LeaderElection (LeaderElection.java:askForVotes(178)) - 7f29c796-0732-402f-b865-67033766dcba@group-6E14FCF84E12-LeaderElection34: begin an election at term 9 for -1: [d81605c5-54b3-45a8-b5ae-2e8d8890cbef:192.168.164.201:42755, 7f29c796-0732-402f-b865-67033766dcba:192.168.164.201:40704, c07977b7-c8ef-4f3c-80b1-66a07c6e3dcd:192.168.164.201:38664], old=null
2019-10-17 20:28:19,605 [grpc-default-executor-0] INFO  impl.RaftServerImpl (RaftServerImpl.java:setRole(184)) - d81605c5-54b3-45a8-b5ae-2e8d8890cbef@group-6E14FCF84E12: changes role from  FOLLOWER to FOLLOWER at term 9 for recognizeCandidate:7f29c796-0732-402f-b865-67033766dcba
2019-10-17 20:28:19,605 [grpc-default-executor-0] INFO  impl.RoleInfo (RoleInfo.java:shutdownFollowerState(121)) - d81605c5-54b3-45a8-b5ae-2e8d8890cbef: shutdown FollowerState
2019-10-17 20:28:19,606 [grpc-default-executor-3] INFO  impl.RaftServerImpl (RaftServerImpl.java:setRole(184)) - c07977b7-c8ef-4f3c-80b1-66a07c6e3dcd@group-6E14FCF84E12: changes role from  FOLLOWER to FOLLOWER at term 9 for recognizeCandidate:7f29c796-0732-402f-b865-67033766dcba
2019-10-17 20:28:19,606 [Thread-999] INFO  impl.FollowerState (FollowerState.java:run(117)) - d81605c5-54b3-45a8-b5ae-2e8d8890cbef@group-6E14FCF84E12-FollowerState was interrupted: java.lang.InterruptedException: sleep interrupted
2019-10-17 20:28:19,606 [grpc-default-executor-0] INFO  impl.RoleInfo (RoleInfo.java:updateAndGet(143)) - d81605c5-54b3-45a8-b5ae-2e8d8890cbef: start FollowerState
2019-10-17 20:28:19,606 [grpc-default-executor-3] INFO  impl.RoleInfo (RoleInfo.java:shutdownFollowerState(121)) - c07977b7-c8ef-4f3c-80b1-66a07c6e3dcd: shutdown FollowerState
2019-10-17 20:28:19,606 [grpc-default-executor-3] INFO  impl.RoleInfo (RoleInfo.java:updateAndGet(143)) - c07977b7-c8ef-4f3c-80b1-66a07c6e3dcd: start FollowerState
2019-10-17 20:28:19,606 [Thread-1000] INFO  impl.FollowerState (FollowerState.java:run(117)) - c07977b7-c8ef-4f3c-80b1-66a07c6e3dcd@group-6E14FCF84E12-FollowerState was interrupted: java.lang.InterruptedException: sleep interrupted
2019-10-17 20:28:19,629 [7f29c796-0732-402f-b865-67033766dcba@group-6E14FCF84E12-LeaderElection34] INFO  impl.LeaderElection (LeaderElection.java:logAndReturn(56)) - 7f29c796-0732-402f-b865-67033766dcba@group-6E14FCF84E12-LeaderElection34: Election REJECTED; received 2 response(s) [7f29c796-0732-402f-b865-67033766dcba<-d81605c5-54b3-45a8-b5ae-2e8d8890cbef#0:FAIL-t9, 7f29c796-0732-402f-b865-67033766dcba<-c07977b7-c8ef-4f3c-80b1-66a07c6e3dcd#0:FAIL-t9] and 0 exception(s); 7f29c796-0732-402f-b865-67033766dcba@group-6E14FCF84E12:t9, leader=null, voted=7f29c796-0732-402f-b865-67033766dcba, raftlog=7f29c796-0732-402f-b865-67033766dcba@group-6E14FCF84E12-SegmentedRaftLog:OPENED:c-1,f-1,i0, conf=-1: [d81605c5-54b3-45a8-b5ae-2e8d8890cbef:192.168.164.201:42755, 7f29c796-0732-402f-b865-67033766dcba:192.168.164.201:40704, c07977b7-c8ef-4f3c-80b1-66a07c6e3dcd:192.168.164.201:38664], old=null
2019-10-17 20:28:19,629 [7f29c796-0732-402f-b865-67033766dcba@group-6E14FCF84E12-LeaderElection34] INFO  impl.RaftServerImpl (RaftServerImpl.java:setRole(184)) - 7f29c796-0732-402f-b865-67033766dcba@group-6E14FCF84E12: changes role from CANDIDATE to FOLLOWER at term 9 for DISCOVERED_A_NEW_TERM
2019-10-17 20:28:19,629 [7f29c796-0732-402f-b865-67033766dcba@group-6E14FCF84E12-LeaderElection34] INFO  impl.RoleInfo (RoleInfo.java:shutdownLeaderElection(134)) - 7f29c796-0732-402f-b865-67033766dcba: shutdown LeaderElection
2019-10-17 20:28:19,629 [7f29c796-0732-402f-b865-67033766dcba@group-6E14FCF84E12-LeaderElection34] INFO  impl.RoleInfo (RoleInfo.java:updateAndGet(143)) - 7f29c796-0732-402f-b865-67033766dcba: start FollowerState
2019-10-17 20:28:19,685 [Thread-1007] INFO  impl.FollowerState (FollowerState.java:run(108)) - 7f29c796-0732-402f-b865-67033766dcba@group-6E14FCF84E12-FollowerState: change to CANDIDATE, lastRpcTime:55ms, electionTimeout:55ms
2019-10-17 20:28:19,692 [Thread-1007] INFO  impl.RoleInfo (RoleInfo.java:shutdownFollowerState(121)) - 7f29c796-0732-402f-b865-67033766dcba: shutdown FollowerState
2019-10-17 20:28:19,692 [Thread-1007] INFO  impl.RaftServerImpl (RaftServerImpl.java:setRole(184)) - 7f29c796-0732-402f-b865-67033766dcba@group-6E14FCF84E12: changes role from  FOLLOWER to CANDIDATE at term 9 for changeToCandidate
2019-10-17 20:28:19,693 [Thread-1007] INFO  impl.RoleInfo (RoleInfo.java:updateAndGet(143)) - 7f29c796-0732-402f-b865-67033766dcba: start LeaderElection
2019-10-17 20:28:19,719 [7f29c796-0732-402f-b865-67033766dcba@group-6E14FCF84E12-LeaderElection35] INFO  impl.LeaderElection (LeaderElection.java:askForVotes(178)) - 7f29c796-0732-402f-b865-67033766dcba@group-6E14FCF84E12-LeaderElection35: begin an election at term 10 for -1: [d81605c5-54b3-45a8-b5ae-2e8d8890cbef:192.168.164.201:42755, 7f29c796-0732-402f-b865-67033766dcba:192.168.164.201:40704, c07977b7-c8ef-4f3c-80b1-66a07c6e3dcd:192.168.164.201:38664], old=null
2019-10-17 20:28:19,723 [grpc-default-executor-0] INFO  impl.RaftServerImpl (RaftServerImpl.java:setRole(184)) - d81605c5-54b3-45a8-b5ae-2e8d8890cbef@group-6E14FCF84E12: changes role from  FOLLOWER to FOLLOWER at term 10 for recognizeCandidate:7f29c796-0732-402f-b865-67033766dcba
2019-10-17 20:28:19,723 [grpc-default-executor-0] INFO  impl.RoleInfo (RoleInfo.java:shutdownFollowerState(121)) - d81605c5-54b3-45a8-b5ae-2e8d8890cbef: shutdown FollowerState
2019-10-17 20:28:19,723 [grpc-default-executor-3] INFO  impl.RaftServerImpl (RaftServerImpl.java:setRole(184)) - c07977b7-c8ef-4f3c-80b1-66a07c6e3dcd@group-6E14FCF84E12: changes role from  FOLLOWER to FOLLOWER at term 10 for recognizeCandidate:7f29c796-0732-402f-b865-67033766dcba
2019-10-17 20:28:19,723 [Thread-1005] INFO  impl.FollowerState (FollowerState.java:run(117)) - d81605c5-54b3-45a8-b5ae-2e8d8890cbef@group-6E14FCF84E12-FollowerState was interrupted: java.lang.InterruptedException: sleep interrupted
2019-10-17 20:28:19,723 [grpc-default-executor-0] INFO  impl.RoleInfo (RoleInfo.java:updateAndGet(143)) - d81605c5-54b3-45a8-b5ae-2e8d8890cbef: start FollowerState
2019-10-17 20:28:19,724 [grpc-default-executor-3] INFO  impl.RoleInfo (RoleInfo.java:shutdownFollowerState(121)) - c07977b7-c8ef-4f3c-80b1-66a07c6e3dcd: shutdown FollowerState
2019-10-17 20:28:19,724 [grpc-default-executor-3] INFO  impl.RoleInfo (RoleInfo.java:updateAndGet(143)) - c07977b7-c8ef-4f3c-80b1-66a07c6e3dcd: start FollowerState
2019-10-17 20:28:19,724 [Thread-1006] INFO  impl.FollowerState (FollowerState.java:run(117)) - c07977b7-c8ef-4f3c-80b1-66a07c6e3dcd@group-6E14FCF84E12-FollowerState was interrupted: java.lang.InterruptedException: sleep interrupted
2019-10-17 20:28:19,755 [7f29c796-0732-402f-b865-67033766dcba@group-6E14FCF84E12-LeaderElection35] INFO  impl.LeaderElection (LeaderElection.java:logAndReturn(56)) - 7f29c796-0732-402f-b865-67033766dcba@group-6E14FCF84E12-LeaderElection35: Election REJECTED; received 2 response(s) [7f29c796-0732-402f-b865-67033766dcba<-d81605c5-54b3-45a8-b5ae-2e8d8890cbef#0:FAIL-t10, 7f29c796-0732-402f-b865-67033766dcba<-c07977b7-c8ef-4f3c-80b1-66a07c6e3dcd#0:FAIL-t10] and 0 exception(s); 7f29c796-0732-402f-b865-67033766dcba@group-6E14FCF84E12:t10, leader=null, voted=7f29c796-0732-402f-b865-67033766dcba, raftlog=7f29c796-0732-402f-b865-67033766dcba@group-6E14FCF84E12-SegmentedRaftLog:OPENED:c-1,f-1,i0, conf=-1: [d81605c5-54b3-45a8-b5ae-2e8d8890cbef:192.168.164.201:42755, 7f29c796-0732-402f-b865-67033766dcba:192.168.164.201:40704, c07977b7-c8ef-4f3c-80b1-66a07c6e3dcd:192.168.164.201:38664], old=null
2019-10-17 20:28:19,755 [7f29c796-0732-402f-b865-67033766dcba@group-6E14FCF84E12-LeaderElection35] INFO  impl.RaftServerImpl (RaftServerImpl.java:setRole(184)) - 7f29c796-0732-402f-b865-67033766dcba@group-6E14FCF84E12: changes role from CANDIDATE to FOLLOWER at term 10 for DISCOVERED_A_NEW_TERM
2019-10-17 20:28:19,755 [7f29c796-0732-402f-b865-67033766dcba@group-6E14FCF84E12-LeaderElection35] INFO  impl.RoleInfo (RoleInfo.java:shutdownLeaderElection(134)) - 7f29c796-0732-402f-b865-67033766dcba: shutdown LeaderElection
2019-10-17 20:28:19,755 [7f29c796-0732-402f-b865-67033766dcba@group-6E14FCF84E12-LeaderElection35] INFO  impl.RoleInfo (RoleInfo.java:updateAndGet(143)) - 7f29c796-0732-402f-b865-67033766dcba: start FollowerState
2019-10-17 20:28:19,775 [Thread-1013] INFO  impl.FollowerState (FollowerState.java:run(108)) - 7f29c796-0732-402f-b865-67033766dcba@group-6E14FCF84E12-FollowerState: change to CANDIDATE, lastRpcTime:19ms, electionTimeout:19ms
2019-10-17 20:28:19,775 [Thread-1013] INFO  impl.RoleInfo (RoleInfo.java:shutdownFollowerState(121)) - 7f29c796-0732-402f-b865-67033766dcba: shutdown FollowerState
2019-10-17 20:28:19,775 [Thread-1013] INFO  impl.RaftServerImpl (RaftServerImpl.java:setRole(184)) - 7f29c796-0732-402f-b865-67033766dcba@group-6E14FCF84E12: changes role from  FOLLOWER to CANDIDATE at term 10 for changeToCandidate
2019-10-17 20:28:19,775 [Thread-1013] INFO  impl.RoleInfo (RoleInfo.java:updateAndGet(143)) - 7f29c796-0732-402f-b865-67033766dcba: start LeaderElection
2019-10-17 20:28:19,803 [7f29c796-0732-402f-b865-67033766dcba@group-6E14FCF84E12-LeaderElection36] INFO  impl.LeaderElection (LeaderElection.java:askForVotes(178)) - 7f29c796-0732-402f-b865-67033766dcba@group-6E14FCF84E12-LeaderElection36: begin an election at term 11 for -1: [d81605c5-54b3-45a8-b5ae-2e8d8890cbef:192.168.164.201:42755, 7f29c796-0732-402f-b865-67033766dcba:192.168.164.201:40704, c07977b7-c8ef-4f3c-80b1-66a07c6e3dcd:192.168.164.201:38664], old=null
2019-10-17 20:28:19,806 [grpc-default-executor-0] INFO  impl.RaftServerImpl (RaftServerImpl.java:setRole(184)) - d81605c5-54b3-45a8-b5ae-2e8d8890cbef@group-6E14FCF84E12: changes role from  FOLLOWER to FOLLOWER at term 11 for recognizeCandidate:7f29c796-0732-402f-b865-67033766dcba
2019-10-17 20:28:19,806 [grpc-default-executor-3] INFO  impl.RaftServerImpl (RaftServerImpl.java:setRole(184)) - c07977b7-c8ef-4f3c-80b1-66a07c6e3dcd@group-6E14FCF84E12: changes role from  FOLLOWER to FOLLOWER at term 11 for recognizeCandidate:7f29c796-0732-402f-b865-67033766dcba
2019-10-17 20:28:19,807 [grpc-default-executor-0] INFO  impl.RoleInfo (RoleInfo.java:shutdownFollowerState(121)) - d81605c5-54b3-45a8-b5ae-2e8d8890cbef: shutdown FollowerState
2019-10-17 20:28:19,807 [grpc-default-executor-3] INFO  impl.RoleInfo (RoleInfo.java:shutdownFollowerState(121)) - c07977b7-c8ef-4f3c-80b1-66a07c6e3dcd: shutdown FollowerState
2019-10-17 20:28:19,807 [Thread-1011] INFO  impl.FollowerState (FollowerState.java:run(117)) - d81605c5-54b3-45a8-b5ae-2e8d8890cbef@group-6E14FCF84E12-FollowerState was interrupted: java.lang.InterruptedException: sleep interrupted
2019-10-17 20:28:19,807 [Thread-1012] INFO  impl.FollowerState (FollowerState.java:run(117)) - c07977b7-c8ef-4f3c-80b1-66a07c6e3dcd@group-6E14FCF84E12-FollowerState was interrupted: java.lang.InterruptedException: sleep interrupted
2019-10-17 20:28:19,807 [grpc-default-executor-0] INFO  impl.RoleInfo (RoleInfo.java:updateAndGet(143)) - d81605c5-54b3-45a8-b5ae-2e8d8890cbef: start FollowerState
2019-10-17 20:28:19,807 [grpc-default-executor-3] INFO  impl.RoleInfo (RoleInfo.java:updateAndGet(143)) - c07977b7-c8ef-4f3c-80b1-66a07c6e3dcd: start FollowerState
2019-10-17 20:28:19,830 [7f29c796-0732-402f-b865-67033766dcba@group-6E14FCF84E12-LeaderElection36] INFO  impl.LeaderElection (LeaderElection.java:logAndReturn(56)) - 7f29c796-0732-402f-b865-67033766dcba@group-6E14FCF84E12-LeaderElection36: Election REJECTED; received 2 response(s) [7f29c796-0732-402f-b865-67033766dcba<-d81605c5-54b3-45a8-b5ae-2e8d8890cbef#0:FAIL-t11, 7f29c796-0732-402f-b865-67033766dcba<-c07977b7-c8ef-4f3c-80b1-66a07c6e3dcd#0:FAIL-t11] and 0 exception(s); 7f29c796-0732-402f-b865-67033766dcba@group-6E14FCF84E12:t11, leader=null, voted=7f29c796-0732-402f-b865-67033766dcba, raftlog=7f29c796-0732-402f-b865-67033766dcba@group-6E14FCF84E12-SegmentedRaftLog:OPENED:c-1,f-1,i0, conf=-1: [d81605c5-54b3-45a8-b5ae-2e8d8890cbef:192.168.164.201:42755, 7f29c796-0732-402f-b865-67033766dcba:192.168.164.201:40704, c07977b7-c8ef-4f3c-80b1-66a07c6e3dcd:192.168.164.201:38664], old=null
2019-10-17 20:28:19,831 [7f29c796-0732-402f-b865-67033766dcba@group-6E14FCF84E12-LeaderElection36] INFO  impl.RaftServerImpl (RaftServerImpl.java:setRole(184)) - 7f29c796-0732-402f-b865-67033766dcba@group-6E14FCF84E12: changes role from CANDIDATE to FOLLOWER at term 11 for DISCOVERED_A_NEW_TERM
2019-10-17 20:28:19,831 [7f29c796-0732-402f-b865-67033766dcba@group-6E14FCF84E12-LeaderElection36] INFO  impl.RoleInfo (RoleInfo.java:shutdownLeaderElection(134)) - 7f29c796-0732-402f-b865-67033766dcba: shutdown LeaderElection
2019-10-17 20:28:19,831 [7f29c796-0732-402f-b865-67033766dcba@group-6E14FCF84E12-LeaderElection36] INFO  impl.RoleInfo (RoleInfo.java:updateAndGet(143)) - 7f29c796-0732-402f-b865-67033766dcba: start FollowerState
2019-10-17 20:28:20,018 [Thread-1019] INFO  impl.FollowerState (FollowerState.java:run(108)) - 7f29c796-0732-402f-b865-67033766dcba@group-6E14FCF84E12-FollowerState: change to CANDIDATE, lastRpcTime:187ms, electionTimeout:187ms
2019-10-17 20:28:20,019 [Thread-1019] INFO  impl.RoleInfo (RoleInfo.java:shutdownFollowerState(121)) - 7f29c796-0732-402f-b865-67033766dcba: shutdown FollowerState
2019-10-17 20:28:20,019 [Thread-1019] INFO  impl.RaftServerImpl (RaftServerImpl.java:setRole(184)) - 7f29c796-0732-402f-b865-67033766dcba@group-6E14FCF84E12: changes role from  FOLLOWER to CANDIDATE at term 11 for changeToCandidate
2019-10-17 20:28:20,019 [Thread-1019] INFO  impl.RoleInfo (RoleInfo.java:updateAndGet(143)) - 7f29c796-0732-402f-b865-67033766dcba: start LeaderElection
2019-10-17 20:28:20,046 [7f29c796-0732-402f-b865-67033766dcba@group-6E14FCF84E12-LeaderElection37] INFO  impl.LeaderElection (LeaderElection.java:askForVotes(178)) - 7f29c796-0732-402f-b865-67033766dcba@group-6E14FCF84E12-LeaderElection37: begin an election at term 12 for -1: [d81605c5-54b3-45a8-b5ae-2e8d8890cbef:192.168.164.201:42755, 7f29c796-0732-402f-b865-67033766dcba:192.168.164.201:40704, c07977b7-c8ef-4f3c-80b1-66a07c6e3dcd:192.168.164.201:38664], old=null
2019-10-17 20:28:20,050 [grpc-default-executor-0] INFO  impl.RaftServerImpl (RaftServerImpl.java:setRole(184)) - c07977b7-c8ef-4f3c-80b1-66a07c6e3dcd@group-6E14FCF84E12: changes role from  FOLLOWER to FOLLOWER at term 12 for recognizeCandidate:7f29c796-0732-402f-b865-67033766dcba
2019-10-17 20:28:20,050 [grpc-default-executor-3] INFO  impl.RaftServerImpl (RaftServerImpl.java:setRole(184)) - d81605c5-54b3-45a8-b5ae-2e8d8890cbef@group-6E14FCF84E12: changes role from  FOLLOWER to FOLLOWER at term 12 for recognizeCandidate:7f29c796-0732-402f-b865-67033766dcba
2019-10-17 20:28:20,050 [grpc-default-executor-0] INFO  impl.RoleInfo (RoleInfo.java:shutdownFollowerState(121)) - c07977b7-c8ef-4f3c-80b1-66a07c6e3dcd: shutdown FollowerState
2019-10-17 20:28:20,051 [grpc-default-executor-3] INFO  impl.RoleInfo (RoleInfo.java:shutdownFollowerState(121)) - d81605c5-54b3-45a8-b5ae-2e8d8890cbef: shutdown FollowerState
2019-10-17 20:28:20,051 [Thread-1018] INFO  impl.FollowerState (FollowerState.java:run(117)) - c07977b7-c8ef-4f3c-80b1-66a07c6e3dcd@group-6E14FCF84E12-FollowerState was interrupted: java.lang.InterruptedException: sleep interrupted
2019-10-17 20:28:20,051 [grpc-default-executor-0] INFO  impl.RoleInfo (RoleInfo.java:updateAndGet(143)) - c07977b7-c8ef-4f3c-80b1-66a07c6e3dcd: start FollowerState
2019-10-17 20:28:20,051 [Thread-1017] INFO  impl.FollowerState (FollowerState.java:run(117)) - d81605c5-54b3-45a8-b5ae-2e8d8890cbef@group-6E14FCF84E12-FollowerState was interrupted: java.lang.InterruptedException: sleep interrupted
2019-10-17 20:28:20,051 [grpc-default-executor-3] INFO  impl.RoleInfo (RoleInfo.java:updateAndGet(143)) - d81605c5-54b3-45a8-b5ae-2e8d8890cbef: start FollowerState
2019-10-17 20:28:20,081 [7f29c796-0732-402f-b865-67033766dcba@group-6E14FCF84E12-LeaderElection37] INFO  impl.LeaderElection (LeaderElection.java:logAndReturn(56)) - 7f29c796-0732-402f-b865-67033766dcba@group-6E14FCF84E12-LeaderElection37: Election REJECTED; received 2 response(s) [7f29c796-0732-402f-b865-67033766dcba<-d81605c5-54b3-45a8-b5ae-2e8d8890cbef#0:FAIL-t12, 7f29c796-0732-402f-b865-67033766dcba<-c07977b7-c8ef-4f3c-80b1-66a07c6e3dcd#0:FAIL-t12] and 0 exception(s); 7f29c796-0732-402f-b865-67033766dcba@group-6E14FCF84E12:t12, leader=null, voted=7f29c796-0732-402f-b865-67033766dcba, raftlog=7f29c796-0732-402f-b865-67033766dcba@group-6E14FCF84E12-SegmentedRaftLog:OPENED:c-1,f-1,i0, conf=-1: [d81605c5-54b3-45a8-b5ae-2e8d8890cbef:192.168.164.201:42755, 7f29c796-0732-402f-b865-67033766dcba:192.168.164.201:40704, c07977b7-c8ef-4f3c-80b1-66a07c6e3dcd:192.168.164.201:38664], old=null
2019-10-17 20:28:20,081 [7f29c796-0732-402f-b865-67033766dcba@group-6E14FCF84E12-LeaderElection37] INFO  impl.RaftServerImpl (RaftServerImpl.java:setRole(184)) - 7f29c796-0732-402f-b865-67033766dcba@group-6E14FCF84E12: changes role from CANDIDATE to FOLLOWER at term 12 for DISCOVERED_A_NEW_TERM
2019-10-17 20:28:20,082 [7f29c796-0732-402f-b865-67033766dcba@group-6E14FCF84E12-LeaderElection37] INFO  impl.RoleInfo (RoleInfo.java:shutdownLeaderElection(134)) - 7f29c796-0732-402f-b865-67033766dcba: shutdown LeaderElection
2019-10-17 20:28:20,082 [7f29c796-0732-402f-b865-67033766dcba@group-6E14FCF84E12-LeaderElection37] INFO  impl.RoleInfo (RoleInfo.java:updateAndGet(143)) - 7f29c796-0732-402f-b865-67033766dcba: start FollowerState
2019-10-17 20:28:20,132 [Thread-1025] INFO  impl.FollowerState (FollowerState.java:run(108)) - 7f29c796-0732-402f-b865-67033766dcba@group-6E14FCF84E12-FollowerState: change to CANDIDATE, lastRpcTime:50ms, electionTimeout:50ms
2019-10-17 20:28:20,133 [Thread-1025] INFO  impl.RoleInfo (RoleInfo.java:shutdownFollowerState(121)) - 7f29c796-0732-402f-b865-67033766dcba: shutdown FollowerState
2019-10-17 20:28:20,133 [Thread-1025] INFO  impl.RaftServerImpl (RaftServerImpl.java:setRole(184)) - 7f29c796-0732-402f-b865-67033766dcba@group-6E14FCF84E12: changes role from  FOLLOWER to CANDIDATE at term 12 for changeToCandidate
2019-10-17 20:28:20,133 [Thread-1025] INFO  impl.RoleInfo (RoleInfo.java:updateAndGet(143)) - 7f29c796-0732-402f-b865-67033766dcba: start LeaderElection
2019-10-17 20:28:20,163 [7f29c796-0732-402f-b865-67033766dcba@group-6E14FCF84E12-LeaderElection38] INFO  impl.LeaderElection (LeaderElection.java:askForVotes(178)) - 7f29c796-0732-402f-b865-67033766dcba@group-6E14FCF84E12-LeaderElection38: begin an election at term 13 for -1: [d81605c5-54b3-45a8-b5ae-2e8d8890cbef:192.168.164.201:42755, 7f29c796-0732-402f-b865-67033766dcba:192.168.164.201:40704, c07977b7-c8ef-4f3c-80b1-66a07c6e3dcd:192.168.164.201:38664], old=null
2019-10-17 20:28:20,168 [grpc-default-executor-0] INFO  impl.RaftServerImpl (RaftServerImpl.java:setRole(184)) - c07977b7-c8ef-4f3c-80b1-66a07c6e3dcd@group-6E14FCF84E12: changes role from  FOLLOWER to FOLLOWER at term 13 for recognizeCandidate:7f29c796-0732-402f-b865-67033766dcba
2019-10-17 20:28:20,168 [grpc-default-executor-3] INFO  impl.RaftServerImpl (RaftServerImpl.java:setRole(184)) - d81605c5-54b3-45a8-b5ae-2e8d8890cbef@group-6E14FCF84E12: changes role from  FOLLOWER to FOLLOWER at term 13 for recognizeCandidate:7f29c796-0732-402f-b865-67033766dcba
2019-10-17 20:28:20,168 [grpc-default-executor-3] INFO  impl.RoleInfo (RoleInfo.java:shutdownFollowerState(121)) - d81605c5-54b3-45a8-b5ae-2e8d8890cbef: shutdown FollowerState
2019-10-17 20:28:20,168 [grpc-default-executor-0] INFO  impl.RoleInfo (RoleInfo.java:shutdownFollowerState(121)) - c07977b7-c8ef-4f3c-80b1-66a07c6e3dcd: shutdown FollowerState
2019-10-17 20:28:20,169 [Thread-1024] INFO  impl.FollowerState (FollowerState.java:run(117)) - d81605c5-54b3-45a8-b5ae-2e8d8890cbef@group-6E14FCF84E12-FollowerState was interrupted: java.lang.InterruptedException: sleep interrupted
2019-10-17 20:28:20,169 [grpc-default-executor-3] INFO  impl.RoleInfo (RoleInfo.java:updateAndGet(143)) - d81605c5-54b3-45a8-b5ae-2e8d8890cbef: start FollowerState
2019-10-17 20:28:20,169 [Thread-1023] INFO  impl.FollowerState (FollowerState.java:run(117)) - c07977b7-c8ef-4f3c-80b1-66a07c6e3dcd@group-6E14FCF84E12-FollowerState was interrupted: java.lang.InterruptedException: sleep interrupted
2019-10-17 20:28:20,169 [grpc-default-executor-0] INFO  impl.RoleInfo (RoleInfo.java:updateAndGet(143)) - c07977b7-c8ef-4f3c-80b1-66a07c6e3dcd: start FollowerState
2019-10-17 20:28:20,199 [7f29c796-0732-402f-b865-67033766dcba@group-6E14FCF84E12-LeaderElection38] INFO  impl.LeaderElection (LeaderElection.java:logAndReturn(56)) - 7f29c796-0732-402f-b865-67033766dcba@group-6E14FCF84E12-LeaderElection38: Election REJECTED; received 2 response(s) [7f29c796-0732-402f-b865-67033766dcba<-d81605c5-54b3-45a8-b5ae-2e8d8890cbef#0:FAIL-t13, 7f29c796-0732-402f-b865-67033766dcba<-c07977b7-c8ef-4f3c-80b1-66a07c6e3dcd#0:FAIL-t13] and 0 exception(s); 7f29c796-0732-402f-b865-67033766dcba@group-6E14FCF84E12:t13, leader=null, voted=7f29c796-0732-402f-b865-67033766dcba, raftlog=7f29c796-0732-402f-b865-67033766dcba@group-6E14FCF84E12-SegmentedRaftLog:OPENED:c-1,f-1,i0, conf=-1: [d81605c5-54b3-45a8-b5ae-2e8d8890cbef:192.168.164.201:42755, 7f29c796-0732-402f-b865-67033766dcba:192.168.164.201:40704, c07977b7-c8ef-4f3c-80b1-66a07c6e3dcd:192.168.164.201:38664], old=null
2019-10-17 20:28:20,199 [7f29c796-0732-402f-b865-67033766dcba@group-6E14FCF84E12-LeaderElection38] INFO  impl.RaftServerImpl (RaftServerImpl.java:setRole(184)) - 7f29c796-0732-402f-b865-67033766dcba@group-6E14FCF84E12: changes role from CANDIDATE to FOLLOWER at term 13 for DISCOVERED_A_NEW_TERM
2019-10-17 20:28:20,199 [7f29c796-0732-402f-b865-67033766dcba@group-6E14FCF84E12-LeaderElection38] INFO  impl.RoleInfo (RoleInfo.java:shutdownLeaderElection(134)) - 7f29c796-0732-402f-b865-67033766dcba: shutdown LeaderElection
2019-10-17 20:28:20,199 [7f29c796-0732-402f-b865-67033766dcba@group-6E14FCF84E12-LeaderElection38] INFO  impl.RoleInfo (RoleInfo.java:updateAndGet(143)) - 7f29c796-0732-402f-b865-67033766dcba: start FollowerState
2019-10-17 20:28:20,241 [Thread-1031] INFO  impl.FollowerState (FollowerState.java:run(108)) - 7f29c796-0732-402f-b865-67033766dcba@group-6E14FCF84E12-FollowerState: change to CANDIDATE, lastRpcTime:42ms, electionTimeout:42ms
2019-10-17 20:28:20,242 [Thread-1031] INFO  impl.RoleInfo (RoleInfo.java:shutdownFollowerState(121)) - 7f29c796-0732-402f-b865-67033766dcba: shutdown FollowerState
2019-10-17 20:28:20,242 [Thread-1031] INFO  impl.RaftServerImpl (RaftServerImpl.java:setRole(184)) - 7f29c796-0732-402f-b865-67033766dcba@group-6E14FCF84E12: changes role from  FOLLOWER to CANDIDATE at term 13 for changeToCandidate
2019-10-17 20:28:20,242 [Thread-1031] INFO  impl.RoleInfo (RoleInfo.java:updateAndGet(143)) - 7f29c796-0732-402f-b865-67033766dcba: start LeaderElection
2019-10-17 20:28:20,272 [7f29c796-0732-402f-b865-67033766dcba@group-6E14FCF84E12-LeaderElection39] INFO  impl.LeaderElection (LeaderElection.java:askForVotes(178)) - 7f29c796-0732-402f-b865-67033766dcba@group-6E14FCF84E12-LeaderElection39: begin an election at term 14 for -1: [d81605c5-54b3-45a8-b5ae-2e8d8890cbef:192.168.164.201:42755, 7f29c796-0732-402f-b865-67033766dcba:192.168.164.201:40704, c07977b7-c8ef-4f3c-80b1-66a07c6e3dcd:192.168.164.201:38664], old=null
2019-10-17 20:28:20,276 [grpc-default-executor-3] INFO  impl.RaftServerImpl (RaftServerImpl.java:setRole(184)) - d81605c5-54b3-45a8-b5ae-2e8d8890cbef@group-6E14FCF84E12: changes role from  FOLLOWER to FOLLOWER at term 14 for recognizeCandidate:7f29c796-0732-402f-b865-67033766dcba
2019-10-17 20:28:20,276 [grpc-default-executor-0] INFO  impl.RaftServerImpl (RaftServerImpl.java:setRole(184)) - c07977b7-c8ef-4f3c-80b1-66a07c6e3dcd@group-6E14FCF84E12: changes role from  FOLLOWER to FOLLOWER at term 14 for recognizeCandidate:7f29c796-0732-402f-b865-67033766dcba
2019-10-17 20:28:20,276 [grpc-default-executor-3] INFO  impl.RoleInfo (RoleInfo.java:shutdownFollowerState(121)) - d81605c5-54b3-45a8-b5ae-2e8d8890cbef: shutdown FollowerState
2019-10-17 20:28:20,276 [grpc-default-executor-0] INFO  impl.RoleInfo (RoleInfo.java:shutdownFollowerState(121)) - c07977b7-c8ef-4f3c-80b1-66a07c6e3dcd: shutdown FollowerState
2019-10-17 20:28:20,277 [Thread-1029] INFO  impl.FollowerState (FollowerState.java:run(117)) - d81605c5-54b3-45a8-b5ae-2e8d8890cbef@group-6E14FCF84E12-FollowerState was interrupted: java.lang.InterruptedException: sleep interrupted
2019-10-17 20:28:20,277 [Thread-1030] INFO  impl.FollowerState (FollowerState.java:run(117)) - c07977b7-c8ef-4f3c-80b1-66a07c6e3dcd@group-6E14FCF84E12-FollowerState was interrupted: java.lang.InterruptedException: sleep interrupted
2019-10-17 20:28:20,277 [grpc-default-executor-3] INFO  impl.RoleInfo (RoleInfo.java:updateAndGet(143)) - d81605c5-54b3-45a8-b5ae-2e8d8890cbef: start FollowerState
2019-10-17 20:28:20,277 [grpc-default-executor-0] INFO  impl.RoleInfo (RoleInfo.java:updateAndGet(143)) - c07977b7-c8ef-4f3c-80b1-66a07c6e3dcd: start FollowerState
2019-10-17 20:28:20,307 [7f29c796-0732-402f-b865-67033766dcba@group-6E14FCF84E12-LeaderElection39] INFO  impl.LeaderElection (LeaderElection.java:logAndReturn(56)) - 7f29c796-0732-402f-b865-67033766dcba@group-6E14FCF84E12-LeaderElection39: Election REJECTED; received 2 response(s) [7f29c796-0732-402f-b865-67033766dcba<-d81605c5-54b3-45a8-b5ae-2e8d8890cbef#0:FAIL-t14, 7f29c796-0732-402f-b865-67033766dcba<-c07977b7-c8ef-4f3c-80b1-66a07c6e3dcd#0:FAIL-t14] and 0 exception(s); 7f29c796-0732-402f-b865-67033766dcba@group-6E14FCF84E12:t14, leader=null, voted=7f29c796-0732-402f-b865-67033766dcba, raftlog=7f29c796-0732-402f-b865-67033766dcba@group-6E14FCF84E12-SegmentedRaftLog:OPENED:c-1,f-1,i0, conf=-1: [d81605c5-54b3-45a8-b5ae-2e8d8890cbef:192.168.164.201:42755, 7f29c796-0732-402f-b865-67033766dcba:192.168.164.201:40704, c07977b7-c8ef-4f3c-80b1-66a07c6e3dcd:192.168.164.201:38664], old=null
2019-10-17 20:28:20,307 [7f29c796-0732-402f-b865-67033766dcba@group-6E14FCF84E12-LeaderElection39] INFO  impl.RaftServerImpl (RaftServerImpl.java:setRole(184)) - 7f29c796-0732-402f-b865-67033766dcba@group-6E14FCF84E12: changes role from CANDIDATE to FOLLOWER at term 14 for DISCOVERED_A_NEW_TERM
2019-10-17 20:28:20,307 [7f29c796-0732-402f-b865-67033766dcba@group-6E14FCF84E12-LeaderElection39] INFO  impl.RoleInfo (RoleInfo.java:shutdownLeaderElection(134)) - 7f29c796-0732-402f-b865-67033766dcba: shutdown LeaderElection
2019-10-17 20:28:20,307 [7f29c796-0732-402f-b865-67033766dcba@group-6E14FCF84E12-LeaderElection39] INFO  impl.RoleInfo (RoleInfo.java:updateAndGet(143)) - 7f29c796-0732-402f-b865-67033766dcba: start FollowerState
2019-10-17 20:28:20,497 [Thread-1037] INFO  impl.FollowerState (FollowerState.java:run(108)) - 7f29c796-0732-402f-b865-67033766dcba@group-6E14FCF84E12-FollowerState: change to CANDIDATE, lastRpcTime:189ms, electionTimeout:189ms
2019-10-17 20:28:20,497 [Thread-1037] INFO  impl.RoleInfo (RoleInfo.java:shutdownFollowerState(121)) - 7f29c796-0732-402f-b865-67033766dcba: shutdown FollowerState
2019-10-17 20:28:20,498 [Thread-1037] INFO  impl.RaftServerImpl (RaftServerImpl.java:setRole(184)) - 7f29c796-0732-402f-b865-67033766dcba@group-6E14FCF84E12: changes role from  FOLLOWER to CANDIDATE at term 14 for changeToCandidate
2019-10-17 20:28:20,498 [Thread-1037] INFO  impl.RoleInfo (RoleInfo.java:updateAndGet(143)) - 7f29c796-0732-402f-b865-67033766dcba: start LeaderElection
2019-10-17 20:28:20,524 [7f29c796-0732-402f-b865-67033766dcba@group-6E14FCF84E12-LeaderElection40] INFO  impl.LeaderElection (LeaderElection.java:askForVotes(178)) - 7f29c796-0732-402f-b865-67033766dcba@group-6E14FCF84E12-LeaderElection40: begin an election at term 15 for -1: [d81605c5-54b3-45a8-b5ae-2e8d8890cbef:192.168.164.201:42755, 7f29c796-0732-402f-b865-67033766dcba:192.168.164.201:40704, c07977b7-c8ef-4f3c-80b1-66a07c6e3dcd:192.168.164.201:38664], old=null
2019-10-17 20:28:20,530 [Thread-754] INFO  ozone.MiniOzoneClusterImpl (MiniOzoneClusterImpl.java:lambda$waitForClusterToBeReady$2(164)) - Waiting for 1 number of pipelines out of 4, to report a leader.
2019-10-17 20:28:20,531 [grpc-default-executor-0] INFO  impl.RaftServerImpl (RaftServerImpl.java:setRole(184)) - d81605c5-54b3-45a8-b5ae-2e8d8890cbef@group-6E14FCF84E12: changes role from  FOLLOWER to FOLLOWER at term 15 for recognizeCandidate:7f29c796-0732-402f-b865-67033766dcba
2019-10-17 20:28:20,531 [grpc-default-executor-3] INFO  impl.RaftServerImpl (RaftServerImpl.java:setRole(184)) - c07977b7-c8ef-4f3c-80b1-66a07c6e3dcd@group-6E14FCF84E12: changes role from  FOLLOWER to FOLLOWER at term 15 for recognizeCandidate:7f29c796-0732-402f-b865-67033766dcba
2019-10-17 20:28:20,532 [grpc-default-executor-0] INFO  impl.RoleInfo (RoleInfo.java:shutdownFollowerState(121)) - d81605c5-54b3-45a8-b5ae-2e8d8890cbef: shutdown FollowerState
2019-10-17 20:28:20,532 [grpc-default-executor-3] INFO  impl.RoleInfo (RoleInfo.java:shutdownFollowerState(121)) - c07977b7-c8ef-4f3c-80b1-66a07c6e3dcd: shutdown FollowerState
2019-10-17 20:28:20,532 [Thread-1035] INFO  impl.FollowerState (FollowerState.java:run(117)) - d81605c5-54b3-45a8-b5ae-2e8d8890cbef@group-6E14FCF84E12-FollowerState was interrupted: java.lang.InterruptedException: sleep interrupted
2019-10-17 20:28:20,532 [grpc-default-executor-0] INFO  impl.RoleInfo (RoleInfo.java:updateAndGet(143)) - d81605c5-54b3-45a8-b5ae-2e8d8890cbef: start FollowerState
2019-10-17 20:28:20,532 [Thread-1036] INFO  impl.FollowerState (FollowerState.java:run(117)) - c07977b7-c8ef-4f3c-80b1-66a07c6e3dcd@group-6E14FCF84E12-FollowerState was interrupted: java.lang.InterruptedException: sleep interrupted
2019-10-17 20:28:20,532 [grpc-default-executor-3] INFO  impl.RoleInfo (RoleInfo.java:updateAndGet(143)) - c07977b7-c8ef-4f3c-80b1-66a07c6e3dcd: start FollowerState
2019-10-17 20:28:20,559 [7f29c796-0732-402f-b865-67033766dcba@group-6E14FCF84E12-LeaderElection40] INFO  impl.LeaderElection (LeaderElection.java:logAndReturn(56)) - 7f29c796-0732-402f-b865-67033766dcba@group-6E14FCF84E12-LeaderElection40: Election REJECTED; received 2 response(s) [7f29c796-0732-402f-b865-67033766dcba<-d81605c5-54b3-45a8-b5ae-2e8d8890cbef#0:FAIL-t15, 7f29c796-0732-402f-b865-67033766dcba<-c07977b7-c8ef-4f3c-80b1-66a07c6e3dcd#0:FAIL-t15] and 0 exception(s); 7f29c796-0732-402f-b865-67033766dcba@group-6E14FCF84E12:t15, leader=null, voted=7f29c796-0732-402f-b865-67033766dcba, raftlog=7f29c796-0732-402f-b865-67033766dcba@group-6E14FCF84E12-SegmentedRaftLog:OPENED:c-1,f-1,i0, conf=-1: [d81605c5-54b3-45a8-b5ae-2e8d8890cbef:192.168.164.201:42755, 7f29c796-0732-402f-b865-67033766dcba:192.168.164.201:40704, c07977b7-c8ef-4f3c-80b1-66a07c6e3dcd:192.168.164.201:38664], old=null
2019-10-17 20:28:20,560 [7f29c796-0732-402f-b865-67033766dcba@group-6E14FCF84E12-LeaderElection40] INFO  impl.RaftServerImpl (RaftServerImpl.java:setRole(184)) - 7f29c796-0732-402f-b865-67033766dcba@group-6E14FCF84E12: changes role from CANDIDATE to FOLLOWER at term 15 for DISCOVERED_A_NEW_TERM
2019-10-17 20:28:20,560 [7f29c796-0732-402f-b865-67033766dcba@group-6E14FCF84E12-LeaderElection40] INFO  impl.RoleInfo (RoleInfo.java:shutdownLeaderElection(134)) - 7f29c796-0732-402f-b865-67033766dcba: shutdown LeaderElection
2019-10-17 20:28:20,560 [7f29c796-0732-402f-b865-67033766dcba@group-6E14FCF84E12-LeaderElection40] INFO  impl.RoleInfo (RoleInfo.java:updateAndGet(143)) - 7f29c796-0732-402f-b865-67033766dcba: start FollowerState
2019-10-17 20:28:20,677 [Thread-1043] INFO  impl.FollowerState (FollowerState.java:run(108)) - 7f29c796-0732-402f-b865-67033766dcba@group-6E14FCF84E12-FollowerState: change to CANDIDATE, lastRpcTime:116ms, electionTimeout:116ms
2019-10-17 20:28:20,677 [Thread-1043] INFO  impl.RoleInfo (RoleInfo.java:shutdownFollowerState(121)) - 7f29c796-0732-402f-b865-67033766dcba: shutdown FollowerState
2019-10-17 20:28:20,677 [Thread-1043] INFO  impl.RaftServerImpl (RaftServerImpl.java:setRole(184)) - 7f29c796-0732-402f-b865-67033766dcba@group-6E14FCF84E12: changes role from  FOLLOWER to CANDIDATE at term 15 for changeToCandidate
2019-10-17 20:28:20,677 [Thread-1043] INFO  impl.RoleInfo (RoleInfo.java:updateAndGet(143)) - 7f29c796-0732-402f-b865-67033766dcba: start LeaderElection
2019-10-17 20:28:20,708 [7f29c796-0732-402f-b865-67033766dcba@group-6E14FCF84E12-LeaderElection41] INFO  impl.LeaderElection (LeaderElection.java:askForVotes(178)) - 7f29c796-0732-402f-b865-67033766dcba@group-6E14FCF84E12-LeaderElection41: begin an election at term 16 for -1: [d81605c5-54b3-45a8-b5ae-2e8d8890cbef:192.168.164.201:42755, 7f29c796-0732-402f-b865-67033766dcba:192.168.164.201:40704, c07977b7-c8ef-4f3c-80b1-66a07c6e3dcd:192.168.164.201:38664], old=null
2019-10-17 20:28:20,712 [grpc-default-executor-3] INFO  impl.RaftServerImpl (RaftServerImpl.java:setRole(184)) - d81605c5-54b3-45a8-b5ae-2e8d8890cbef@group-6E14FCF84E12: changes role from  FOLLOWER to FOLLOWER at term 16 for recognizeCandidate:7f29c796-0732-402f-b865-67033766dcba
2019-10-17 20:28:20,712 [grpc-default-executor-0] INFO  impl.RaftServerImpl (RaftServerImpl.java:setRole(184)) - c07977b7-c8ef-4f3c-80b1-66a07c6e3dcd@group-6E14FCF84E12: changes role from  FOLLOWER to FOLLOWER at term 16 for recognizeCandidate:7f29c796-0732-402f-b865-67033766dcba
2019-10-17 20:28:20,712 [grpc-default-executor-3] INFO  impl.RoleInfo (RoleInfo.java:shutdownFollowerState(121)) - d81605c5-54b3-45a8-b5ae-2e8d8890cbef: shutdown FollowerState
2019-10-17 20:28:20,712 [grpc-default-executor-0] INFO  impl.RoleInfo (RoleInfo.java:shutdownFollowerState(121)) - c07977b7-c8ef-4f3c-80b1-66a07c6e3dcd: shutdown FollowerState
2019-10-17 20:28:20,712 [Thread-1041] INFO  impl.FollowerState (FollowerState.java:run(117)) - d81605c5-54b3-45a8-b5ae-2e8d8890cbef@group-6E14FCF84E12-FollowerState was interrupted: java.lang.InterruptedException: sleep interrupted
2019-10-17 20:28:20,713 [grpc-default-executor-0] INFO  impl.RoleInfo (RoleInfo.java:updateAndGet(143)) - c07977b7-c8ef-4f3c-80b1-66a07c6e3dcd: start FollowerState
2019-10-17 20:28:20,712 [grpc-default-executor-3] INFO  impl.RoleInfo (RoleInfo.java:updateAndGet(143)) - d81605c5-54b3-45a8-b5ae-2e8d8890cbef: start FollowerState
2019-10-17 20:28:20,713 [Thread-1042] INFO  impl.FollowerState (FollowerState.java:run(117)) - c07977b7-c8ef-4f3c-80b1-66a07c6e3dcd@group-6E14FCF84E12-FollowerState was interrupted: java.lang.InterruptedException: sleep interrupted
2019-10-17 20:28:20,744 [7f29c796-0732-402f-b865-67033766dcba@group-6E14FCF84E12-LeaderElection41] INFO  impl.LeaderElection (LeaderElection.java:logAndReturn(56)) - 7f29c796-0732-402f-b865-67033766dcba@group-6E14FCF84E12-LeaderElection41: Election REJECTED; received 2 response(s) [7f29c796-0732-402f-b865-67033766dcba<-d81605c5-54b3-45a8-b5ae-2e8d8890cbef#0:FAIL-t16, 7f29c796-0732-402f-b865-67033766dcba<-c07977b7-c8ef-4f3c-80b1-66a07c6e3dcd#0:FAIL-t16] and 0 exception(s); 7f29c796-0732-402f-b865-67033766dcba@group-6E14FCF84E12:t16, leader=null, voted=7f29c796-0732-402f-b865-67033766dcba, raftlog=7f29c796-0732-402f-b865-67033766dcba@group-6E14FCF84E12-SegmentedRaftLog:OPENED:c-1,f-1,i0, conf=-1: [d81605c5-54b3-45a8-b5ae-2e8d8890cbef:192.168.164.201:42755, 7f29c796-0732-402f-b865-67033766dcba:192.168.164.201:40704, c07977b7-c8ef-4f3c-80b1-66a07c6e3dcd:192.168.164.201:38664], old=null
2019-10-17 20:28:20,744 [7f29c796-0732-402f-b865-67033766dcba@group-6E14FCF84E12-LeaderElection41] INFO  impl.RaftServerImpl (RaftServerImpl.java:setRole(184)) - 7f29c796-0732-402f-b865-67033766dcba@group-6E14FCF84E12: changes role from CANDIDATE to FOLLOWER at term 16 for DISCOVERED_A_NEW_TERM
2019-10-17 20:28:20,744 [7f29c796-0732-402f-b865-67033766dcba@group-6E14FCF84E12-LeaderElection41] INFO  impl.RoleInfo (RoleInfo.java:shutdownLeaderElection(134)) - 7f29c796-0732-402f-b865-67033766dcba: shutdown LeaderElection
2019-10-17 20:28:20,744 [7f29c796-0732-402f-b865-67033766dcba@group-6E14FCF84E12-LeaderElection41] INFO  impl.RoleInfo (RoleInfo.java:updateAndGet(143)) - 7f29c796-0732-402f-b865-67033766dcba: start FollowerState
2019-10-17 20:28:20,800 [Thread-1049] INFO  impl.FollowerState (FollowerState.java:run(108)) - 7f29c796-0732-402f-b865-67033766dcba@group-6E14FCF84E12-FollowerState: change to CANDIDATE, lastRpcTime:55ms, electionTimeout:55ms
2019-10-17 20:28:20,800 [Thread-1049] INFO  impl.RoleInfo (RoleInfo.java:shutdownFollowerState(121)) - 7f29c796-0732-402f-b865-67033766dcba: shutdown FollowerState
2019-10-17 20:28:20,800 [Thread-1049] INFO  impl.RaftServerImpl (RaftServerImpl.java:setRole(184)) - 7f29c796-0732-402f-b865-67033766dcba@group-6E14FCF84E12: changes role from  FOLLOWER to CANDIDATE at term 16 for changeToCandidate
2019-10-17 20:28:20,800 [Thread-1049] INFO  impl.RoleInfo (RoleInfo.java:updateAndGet(143)) - 7f29c796-0732-402f-b865-67033766dcba: start LeaderElection
2019-10-17 20:28:20,826 [7f29c796-0732-402f-b865-67033766dcba@group-6E14FCF84E12-LeaderElection42] INFO  impl.LeaderElection (LeaderElection.java:askForVotes(178)) - 7f29c796-0732-402f-b865-67033766dcba@group-6E14FCF84E12-LeaderElection42: begin an election at term 17 for -1: [d81605c5-54b3-45a8-b5ae-2e8d8890cbef:192.168.164.201:42755, 7f29c796-0732-402f-b865-67033766dcba:192.168.164.201:40704, c07977b7-c8ef-4f3c-80b1-66a07c6e3dcd:192.168.164.201:38664], old=null
2019-10-17 20:28:20,831 [grpc-default-executor-3] INFO  impl.RaftServerImpl (RaftServerImpl.java:setRole(184)) - c07977b7-c8ef-4f3c-80b1-66a07c6e3dcd@group-6E14FCF84E12: changes role from  FOLLOWER to FOLLOWER at term 17 for recognizeCandidate:7f29c796-0732-402f-b865-67033766dcba
2019-10-17 20:28:20,831 [grpc-default-executor-0] INFO  impl.RaftServerImpl (RaftServerImpl.java:setRole(184)) - d81605c5-54b3-45a8-b5ae-2e8d8890cbef@group-6E14FCF84E12: changes role from  FOLLOWER to FOLLOWER at term 17 for recognizeCandidate:7f29c796-0732-402f-b865-67033766dcba
2019-10-17 20:28:20,831 [grpc-default-executor-3] INFO  impl.RoleInfo (RoleInfo.java:shutdownFollowerState(121)) - c07977b7-c8ef-4f3c-80b1-66a07c6e3dcd: shutdown FollowerState
2019-10-17 20:28:20,831 [grpc-default-executor-0] INFO  impl.RoleInfo (RoleInfo.java:shutdownFollowerState(121)) - d81605c5-54b3-45a8-b5ae-2e8d8890cbef: shutdown FollowerState
2019-10-17 20:28:20,832 [Thread-1048] INFO  impl.FollowerState (FollowerState.java:run(117)) - c07977b7-c8ef-4f3c-80b1-66a07c6e3dcd@group-6E14FCF84E12-FollowerState was interrupted: java.lang.InterruptedException: sleep interrupted
2019-10-17 20:28:20,832 [grpc-default-executor-3] INFO  impl.RoleInfo (RoleInfo.java:updateAndGet(143)) - c07977b7-c8ef-4f3c-80b1-66a07c6e3dcd: start FollowerState
2019-10-17 20:28:20,832 [Thread-1047] INFO  impl.FollowerState (FollowerState.java:run(117)) - d81605c5-54b3-45a8-b5ae-2e8d8890cbef@group-6E14FCF84E12-FollowerState was interrupted: java.lang.InterruptedException: sleep interrupted
2019-10-17 20:28:20,832 [grpc-default-executor-0] INFO  impl.RoleInfo (RoleInfo.java:updateAndGet(143)) - d81605c5-54b3-45a8-b5ae-2e8d8890cbef: start FollowerState
2019-10-17 20:28:20,861 [7f29c796-0732-402f-b865-67033766dcba@group-6E14FCF84E12-LeaderElection42] INFO  impl.LeaderElection (LeaderElection.java:logAndReturn(56)) - 7f29c796-0732-402f-b865-67033766dcba@group-6E14FCF84E12-LeaderElection42: Election REJECTED; received 2 response(s) [7f29c796-0732-402f-b865-67033766dcba<-d81605c5-54b3-45a8-b5ae-2e8d8890cbef#0:FAIL-t17, 7f29c796-0732-402f-b865-67033766dcba<-c07977b7-c8ef-4f3c-80b1-66a07c6e3dcd#0:FAIL-t17] and 0 exception(s); 7f29c796-0732-402f-b865-67033766dcba@group-6E14FCF84E12:t17, leader=null, voted=7f29c796-0732-402f-b865-67033766dcba, raftlog=7f29c796-0732-402f-b865-67033766dcba@group-6E14FCF84E12-SegmentedRaftLog:OPENED:c-1,f-1,i0, conf=-1: [d81605c5-54b3-45a8-b5ae-2e8d8890cbef:192.168.164.201:42755, 7f29c796-0732-402f-b865-67033766dcba:192.168.164.201:40704, c07977b7-c8ef-4f3c-80b1-66a07c6e3dcd:192.168.164.201:38664], old=null
2019-10-17 20:28:20,862 [7f29c796-0732-402f-b865-67033766dcba@group-6E14FCF84E12-LeaderElection42] INFO  impl.RaftServerImpl (RaftServerImpl.java:setRole(184)) - 7f29c796-0732-402f-b865-67033766dcba@group-6E14FCF84E12: changes role from CANDIDATE to FOLLOWER at term 17 for DISCOVERED_A_NEW_TERM
2019-10-17 20:28:20,862 [7f29c796-0732-402f-b865-67033766dcba@group-6E14FCF84E12-LeaderElection42] INFO  impl.RoleInfo (RoleInfo.java:shutdownLeaderElection(134)) - 7f29c796-0732-402f-b865-67033766dcba: shutdown LeaderElection
2019-10-17 20:28:20,862 [7f29c796-0732-402f-b865-67033766dcba@group-6E14FCF84E12-LeaderElection42] INFO  impl.RoleInfo (RoleInfo.java:updateAndGet(143)) - 7f29c796-0732-402f-b865-67033766dcba: start FollowerState
2019-10-17 20:28:21,056 [Thread-1055] INFO  impl.FollowerState (FollowerState.java:run(108)) - 7f29c796-0732-402f-b865-67033766dcba@group-6E14FCF84E12-FollowerState: change to CANDIDATE, lastRpcTime:193ms, electionTimeout:193ms
2019-10-17 20:28:21,056 [Thread-1055] INFO  impl.RoleInfo (RoleInfo.java:shutdownFollowerState(121)) - 7f29c796-0732-402f-b865-67033766dcba: shutdown FollowerState
2019-10-17 20:28:21,056 [Thread-1055] INFO  impl.RaftServerImpl (RaftServerImpl.java:setRole(184)) - 7f29c796-0732-402f-b865-67033766dcba@group-6E14FCF84E12: changes role from  FOLLOWER to CANDIDATE at term 17 for changeToCandidate
2019-10-17 20:28:21,056 [Thread-1055] INFO  impl.RoleInfo (RoleInfo.java:updateAndGet(143)) - 7f29c796-0732-402f-b865-67033766dcba: start LeaderElection
2019-10-17 20:28:21,085 [7f29c796-0732-402f-b865-67033766dcba@group-6E14FCF84E12-LeaderElection43] INFO  impl.LeaderElection (LeaderElection.java:askForVotes(178)) - 7f29c796-0732-402f-b865-67033766dcba@group-6E14FCF84E12-LeaderElection43: begin an election at term 18 for -1: [d81605c5-54b3-45a8-b5ae-2e8d8890cbef:192.168.164.201:42755, 7f29c796-0732-402f-b865-67033766dcba:192.168.164.201:40704, c07977b7-c8ef-4f3c-80b1-66a07c6e3dcd:192.168.164.201:38664], old=null
2019-10-17 20:28:21,089 [grpc-default-executor-0] INFO  impl.RaftServerImpl (RaftServerImpl.java:setRole(184)) - c07977b7-c8ef-4f3c-80b1-66a07c6e3dcd@group-6E14FCF84E12: changes role from  FOLLOWER to FOLLOWER at term 18 for recognizeCandidate:7f29c796-0732-402f-b865-67033766dcba
2019-10-17 20:28:21,089 [grpc-default-executor-3] INFO  impl.RaftServerImpl (RaftServerImpl.java:setRole(184)) - d81605c5-54b3-45a8-b5ae-2e8d8890cbef@group-6E14FCF84E12: changes role from  FOLLOWER to FOLLOWER at term 18 for recognizeCandidate:7f29c796-0732-402f-b865-67033766dcba
2019-10-17 20:28:21,089 [grpc-default-executor-0] INFO  impl.RoleInfo (RoleInfo.java:shutdownFollowerState(121)) - c07977b7-c8ef-4f3c-80b1-66a07c6e3dcd: shutdown FollowerState
2019-10-17 20:28:21,089 [grpc-default-executor-3] INFO  impl.RoleInfo (RoleInfo.java:shutdownFollowerState(121)) - d81605c5-54b3-45a8-b5ae-2e8d8890cbef: shutdown FollowerState
2019-10-17 20:28:21,089 [Thread-1053] INFO  impl.FollowerState (FollowerState.java:run(117)) - c07977b7-c8ef-4f3c-80b1-66a07c6e3dcd@group-6E14FCF84E12-FollowerState was interrupted: java.lang.InterruptedException: sleep interrupted
2019-10-17 20:28:21,089 [grpc-default-executor-0] INFO  impl.RoleInfo (RoleInfo.java:updateAndGet(143)) - c07977b7-c8ef-4f3c-80b1-66a07c6e3dcd: start FollowerState
2019-10-17 20:28:21,089 [Thread-1054] INFO  impl.FollowerState (FollowerState.java:run(117)) - d81605c5-54b3-45a8-b5ae-2e8d8890cbef@group-6E14FCF84E12-FollowerState was interrupted: java.lang.InterruptedException: sleep interrupted
2019-10-17 20:28:21,089 [grpc-default-executor-3] INFO  impl.RoleInfo (RoleInfo.java:updateAndGet(143)) - d81605c5-54b3-45a8-b5ae-2e8d8890cbef: start FollowerState
2019-10-17 20:28:21,120 [7f29c796-0732-402f-b865-67033766dcba@group-6E14FCF84E12-LeaderElection43] INFO  impl.LeaderElection (LeaderElection.java:logAndReturn(56)) - 7f29c796-0732-402f-b865-67033766dcba@group-6E14FCF84E12-LeaderElection43: Election REJECTED; received 2 response(s) [7f29c796-0732-402f-b865-67033766dcba<-d81605c5-54b3-45a8-b5ae-2e8d8890cbef#0:FAIL-t18, 7f29c796-0732-402f-b865-67033766dcba<-c07977b7-c8ef-4f3c-80b1-66a07c6e3dcd#0:FAIL-t18] and 0 exception(s); 7f29c796-0732-402f-b865-67033766dcba@group-6E14FCF84E12:t18, leader=null, voted=7f29c796-0732-402f-b865-67033766dcba, raftlog=7f29c796-0732-402f-b865-67033766dcba@group-6E14FCF84E12-SegmentedRaftLog:OPENED:c-1,f-1,i0, conf=-1: [d81605c5-54b3-45a8-b5ae-2e8d8890cbef:192.168.164.201:42755, 7f29c796-0732-402f-b865-67033766dcba:192.168.164.201:40704, c07977b7-c8ef-4f3c-80b1-66a07c6e3dcd:192.168.164.201:38664], old=null
2019-10-17 20:28:21,121 [7f29c796-0732-402f-b865-67033766dcba@group-6E14FCF84E12-LeaderElection43] INFO  impl.RaftServerImpl (RaftServerImpl.java:setRole(184)) - 7f29c796-0732-402f-b865-67033766dcba@group-6E14FCF84E12: changes role from CANDIDATE to FOLLOWER at term 18 for DISCOVERED_A_NEW_TERM
2019-10-17 20:28:21,121 [7f29c796-0732-402f-b865-67033766dcba@group-6E14FCF84E12-LeaderElection43] INFO  impl.RoleInfo (RoleInfo.java:shutdownLeaderElection(134)) - 7f29c796-0732-402f-b865-67033766dcba: shutdown LeaderElection
2019-10-17 20:28:21,121 [7f29c796-0732-402f-b865-67033766dcba@group-6E14FCF84E12-LeaderElection43] INFO  impl.RoleInfo (RoleInfo.java:updateAndGet(143)) - 7f29c796-0732-402f-b865-67033766dcba: start FollowerState
2019-10-17 20:28:21,174 [Thread-926] INFO  container.ReplicationManager (ReplicationManager.java:start(162)) - Starting Replication Monitor Thread.
2019-10-17 20:28:21,174 [Thread-926] INFO  pipeline.SCMPipelineManager (SCMPipelineManager.java:finalizeAndDestroyPipeline(315)) - destroying pipeline:Pipeline[ Id: a7a3ad41-29c0-48e7-adbd-6e14fcf84e12, Nodes: d81605c5-54b3-45a8-b5ae-2e8d8890cbef{ip: 192.168.164.201, host: pr-hdds-1868-s6sc9-3720172378, networkLocation: /default-rack, certSerialId: null}7f29c796-0732-402f-b865-67033766dcba{ip: 192.168.164.201, host: pr-hdds-1868-s6sc9-3720172378, networkLocation: /default-rack, certSerialId: null}c07977b7-c8ef-4f3c-80b1-66a07c6e3dcd{ip: 192.168.164.201, host: pr-hdds-1868-s6sc9-3720172378, networkLocation: /default-rack, certSerialId: null}, Type:RATIS, Factor:THREE, State:ALLOCATED]
2019-10-17 20:28:21,177 [ReplicationMonitor] INFO  container.ReplicationManager (ReplicationManager.java:run(225)) - Replication Monitor Thread took 0 milliseconds for processing 0 containers.
2019-10-17 20:28:21,177 [Thread-926] INFO  pipeline.PipelineStateManager (PipelineStateManager.java:finalizePipeline(121)) - Pipeline Pipeline[ Id: a7a3ad41-29c0-48e7-adbd-6e14fcf84e12, Nodes: d81605c5-54b3-45a8-b5ae-2e8d8890cbef{ip: 192.168.164.201, host: pr-hdds-1868-s6sc9-3720172378, networkLocation: /default-rack, certSerialId: null}7f29c796-0732-402f-b865-67033766dcba{ip: 192.168.164.201, host: pr-hdds-1868-s6sc9-3720172378, networkLocation: /default-rack, certSerialId: null}c07977b7-c8ef-4f3c-80b1-66a07c6e3dcd{ip: 192.168.164.201, host: pr-hdds-1868-s6sc9-3720172378, networkLocation: /default-rack, certSerialId: null}, Type:RATIS, Factor:THREE, State:CLOSED] moved to CLOSED state
2019-10-17 20:28:21,193 [grpc-default-executor-0] INFO  impl.RaftServerProxy (RaftServerProxy.java:remove(95)) - d81605c5-54b3-45a8-b5ae-2e8d8890cbef: remove  FOLLOWER d81605c5-54b3-45a8-b5ae-2e8d8890cbef@group-6E14FCF84E12:t18, leader=null, voted=null, raftlog=d81605c5-54b3-45a8-b5ae-2e8d8890cbef@group-6E14FCF84E12-SegmentedRaftLog:OPENED:c-1,f0,i0, conf=0: [d81605c5-54b3-45a8-b5ae-2e8d8890cbef:192.168.164.201:42755, 7f29c796-0732-402f-b865-67033766dcba:192.168.164.201:40704, c07977b7-c8ef-4f3c-80b1-66a07c6e3dcd:192.168.164.201:38664], old=null RUNNING
2019-10-17 20:28:21,197 [grpc-default-executor-0] INFO  impl.RaftServerImpl (RaftServerImpl.java:lambda$shutdown$3(261)) - d81605c5-54b3-45a8-b5ae-2e8d8890cbef@group-6E14FCF84E12: shutdown
2019-10-17 20:28:21,198 [grpc-default-executor-0] INFO  util.JmxRegister (JmxRegister.java:unregister(73)) - Successfully un-registered JMX Bean with object name Ratis:service=RaftServer,group=group-6E14FCF84E12,id=d81605c5-54b3-45a8-b5ae-2e8d8890cbef
2019-10-17 20:28:21,198 [grpc-default-executor-0] INFO  impl.RoleInfo (RoleInfo.java:shutdownFollowerState(121)) - d81605c5-54b3-45a8-b5ae-2e8d8890cbef: shutdown FollowerState
2019-10-17 20:28:21,198 [grpc-default-executor-0] INFO  impl.StateMachineUpdater (StateMachineUpdater.java:stopAndJoin(136)) - d81605c5-54b3-45a8-b5ae-2e8d8890cbef@group-6E14FCF84E12-StateMachineUpdater: set stopIndex = -1
2019-10-17 20:28:21,198 [Thread-1060] INFO  impl.FollowerState (FollowerState.java:run(117)) - d81605c5-54b3-45a8-b5ae-2e8d8890cbef@group-6E14FCF84E12-FollowerState was interrupted: java.lang.InterruptedException: sleep interrupted
2019-10-17 20:28:21,199 [grpc-default-executor-0] INFO  impl.RaftServerImpl (ServerState.java:close(388)) - d81605c5-54b3-45a8-b5ae-2e8d8890cbef@group-6E14FCF84E12: closes. applyIndex: -1
2019-10-17 20:28:21,199 [d81605c5-54b3-45a8-b5ae-2e8d8890cbef@group-6E14FCF84E12-SegmentedRaftLogWorker] INFO  segmented.SegmentedRaftLogWorker (SegmentedRaftLogWorker.java:run(316)) - d81605c5-54b3-45a8-b5ae-2e8d8890cbef@group-6E14FCF84E12-SegmentedRaftLogWorker was interrupted, exiting. There are 0 tasks remaining in the queue.
2019-10-17 20:28:21,201 [grpc-default-executor-0] INFO  segmented.SegmentedRaftLogWorker (SegmentedRaftLogWorker.java:close(224)) - d81605c5-54b3-45a8-b5ae-2e8d8890cbef@group-6E14FCF84E12-SegmentedRaftLogWorker close()
2019-10-17 20:28:21,216 [Thread-1061] INFO  impl.FollowerState (FollowerState.java:run(108)) - 7f29c796-0732-402f-b865-67033766dcba@group-6E14FCF84E12-FollowerState: change to CANDIDATE, lastRpcTime:95ms, electionTimeout:95ms
2019-10-17 20:28:21,217 [Thread-1061] INFO  impl.RoleInfo (RoleInfo.java:shutdownFollowerState(121)) - 7f29c796-0732-402f-b865-67033766dcba: shutdown FollowerState
2019-10-17 20:28:21,217 [Thread-1061] INFO  impl.RaftServerImpl (RaftServerImpl.java:setRole(184)) - 7f29c796-0732-402f-b865-67033766dcba@group-6E14FCF84E12: changes role from  FOLLOWER to CANDIDATE at term 18 for changeToCandidate
2019-10-17 20:28:21,217 [Thread-1061] INFO  impl.RoleInfo (RoleInfo.java:updateAndGet(143)) - 7f29c796-0732-402f-b865-67033766dcba: start LeaderElection
2019-10-17 20:28:21,219 [grpc-default-executor-0] INFO  impl.RaftServerProxy (RaftServerProxy.java:remove(95)) - 7f29c796-0732-402f-b865-67033766dcba: remove CANDIDATE 7f29c796-0732-402f-b865-67033766dcba@group-6E14FCF84E12:t19, leader=null, voted=7f29c796-0732-402f-b865-67033766dcba, raftlog=7f29c796-0732-402f-b865-67033766dcba@group-6E14FCF84E12-SegmentedRaftLog:OPENED:c-1,f-1,i0, conf=-1: [d81605c5-54b3-45a8-b5ae-2e8d8890cbef:192.168.164.201:42755, 7f29c796-0732-402f-b865-67033766dcba:192.168.164.201:40704, c07977b7-c8ef-4f3c-80b1-66a07c6e3dcd:192.168.164.201:38664], old=null RUNNING
2019-10-17 20:28:21,219 [grpc-default-executor-0] INFO  impl.RaftServerImpl (RaftServerImpl.java:lambda$shutdown$3(261)) - 7f29c796-0732-402f-b865-67033766dcba@group-6E14FCF84E12: shutdown
2019-10-17 20:28:21,219 [grpc-default-executor-0] INFO  util.JmxRegister (JmxRegister.java:unregister(73)) - Successfully un-registered JMX Bean with object name Ratis:service=RaftServer,group=group-6E14FCF84E12,id=7f29c796-0732-402f-b865-67033766dcba
2019-10-17 20:28:21,219 [grpc-default-executor-0] INFO  impl.RoleInfo (RoleInfo.java:shutdownLeaderElection(134)) - 7f29c796-0732-402f-b865-67033766dcba: shutdown LeaderElection
2019-10-17 20:28:21,220 [grpc-default-executor-0] INFO  impl.StateMachineUpdater (StateMachineUpdater.java:stopAndJoin(136)) - 7f29c796-0732-402f-b865-67033766dcba@group-6E14FCF84E12-StateMachineUpdater: set stopIndex = -1
2019-10-17 20:28:21,220 [grpc-default-executor-0] INFO  impl.RaftServerImpl (ServerState.java:close(388)) - 7f29c796-0732-402f-b865-67033766dcba@group-6E14FCF84E12: closes. applyIndex: -1
2019-10-17 20:28:21,220 [7f29c796-0732-402f-b865-67033766dcba@group-6E14FCF84E12-SegmentedRaftLogWorker] INFO  segmented.SegmentedRaftLogWorker (SegmentedRaftLogWorker.java:run(316)) - 7f29c796-0732-402f-b865-67033766dcba@group-6E14FCF84E12-SegmentedRaftLogWorker was interrupted, exiting. There are 0 tasks remaining in the queue.
2019-10-17 20:28:21,220 [grpc-default-executor-0] INFO  segmented.SegmentedRaftLogWorker (SegmentedRaftLogWorker.java:close(224)) - 7f29c796-0732-402f-b865-67033766dcba@group-6E14FCF84E12-SegmentedRaftLogWorker close()
2019-10-17 20:28:21,238 [grpc-default-executor-0] INFO  impl.RaftServerProxy (RaftServerProxy.java:remove(95)) - c07977b7-c8ef-4f3c-80b1-66a07c6e3dcd: remove  FOLLOWER c07977b7-c8ef-4f3c-80b1-66a07c6e3dcd@group-6E14FCF84E12:t18, leader=null, voted=null, raftlog=c07977b7-c8ef-4f3c-80b1-66a07c6e3dcd@group-6E14FCF84E12-SegmentedRaftLog:OPENED:c-1,f0,i0, conf=0: [d81605c5-54b3-45a8-b5ae-2e8d8890cbef:192.168.164.201:42755, 7f29c796-0732-402f-b865-67033766dcba:192.168.164.201:40704, c07977b7-c8ef-4f3c-80b1-66a07c6e3dcd:192.168.164.201:38664], old=null RUNNING
2019-10-17 20:28:21,238 [grpc-default-executor-0] INFO  impl.RaftServerImpl (RaftServerImpl.java:lambda$shutdown$3(261)) - c07977b7-c8ef-4f3c-80b1-66a07c6e3dcd@group-6E14FCF84E12: shutdown
2019-10-17 20:28:21,239 [grpc-default-executor-0] INFO  util.JmxRegister (JmxRegister.java:unregister(73)) - Successfully un-registered JMX Bean with object name Ratis:service=RaftServer,group=group-6E14FCF84E12,id=c07977b7-c8ef-4f3c-80b1-66a07c6e3dcd
2019-10-17 20:28:21,239 [grpc-default-executor-0] INFO  impl.RoleInfo (RoleInfo.java:shutdownFollowerState(121)) - c07977b7-c8ef-4f3c-80b1-66a07c6e3dcd: shutdown FollowerState
2019-10-17 20:28:21,239 [grpc-default-executor-0] INFO  impl.StateMachineUpdater (StateMachineUpdater.java:stopAndJoin(136)) - c07977b7-c8ef-4f3c-80b1-66a07c6e3dcd@group-6E14FCF84E12-StateMachineUpdater: set stopIndex = -1
2019-10-17 20:28:21,239 [Thread-1059] INFO  impl.FollowerState (FollowerState.java:run(117)) - c07977b7-c8ef-4f3c-80b1-66a07c6e3dcd@group-6E14FCF84E12-FollowerState was interrupted: java.lang.InterruptedException: sleep interrupted
2019-10-17 20:28:21,239 [grpc-default-executor-0] INFO  impl.RaftServerImpl (ServerState.java:close(388)) - c07977b7-c8ef-4f3c-80b1-66a07c6e3dcd@group-6E14FCF84E12: closes. applyIndex: -1
2019-10-17 20:28:21,239 [c07977b7-c8ef-4f3c-80b1-66a07c6e3dcd@group-6E14FCF84E12-SegmentedRaftLogWorker] INFO  segmented.SegmentedRaftLogWorker (SegmentedRaftLogWorker.java:run(316)) - c07977b7-c8ef-4f3c-80b1-66a07c6e3dcd@group-6E14FCF84E12-SegmentedRaftLogWorker was interrupted, exiting. There are 0 tasks remaining in the queue.
2019-10-17 20:28:21,241 [grpc-default-executor-0] INFO  segmented.SegmentedRaftLogWorker (SegmentedRaftLogWorker.java:close(224)) - c07977b7-c8ef-4f3c-80b1-66a07c6e3dcd@group-6E14FCF84E12-SegmentedRaftLogWorker close()
2019-10-17 20:28:21,247 [Thread-926] INFO  pipeline.PipelineStateManager (PipelineStateManager.java:removePipeline(106)) - Pipeline Pipeline[ Id: a7a3ad41-29c0-48e7-adbd-6e14fcf84e12, Nodes: d81605c5-54b3-45a8-b5ae-2e8d8890cbef{ip: 192.168.164.201, host: pr-hdds-1868-s6sc9-3720172378, networkLocation: /default-rack, certSerialId: null}7f29c796-0732-402f-b865-67033766dcba{ip: 192.168.164.201, host: pr-hdds-1868-s6sc9-3720172378, networkLocation: /default-rack, certSerialId: null}c07977b7-c8ef-4f3c-80b1-66a07c6e3dcd{ip: 192.168.164.201, host: pr-hdds-1868-s6sc9-3720172378, networkLocation: /default-rack, certSerialId: null}, Type:RATIS, Factor:THREE, State:CLOSED] removed from db
2019-10-17 20:28:21,247 [7f29c796-0732-402f-b865-67033766dcba@group-6E14FCF84E12-LeaderElection44] WARN  util.FileUtils (LogUtils.java:runAndLog(55)) - Failed to Files.move /workdir/hadoop-ozone/ozonefs/target/test-dir/MiniOzoneClusterImpl-0df98be9-49e2-4eb9-b6e4-71f20c3f18cb/datanode-2/data/ratis/a7a3ad41-29c0-48e7-adbd-6e14fcf84e12/current/raft-meta.tmp to /workdir/hadoop-ozone/ozonefs/target/test-dir/MiniOzoneClusterImpl-0df98be9-49e2-4eb9-b6e4-71f20c3f18cb/datanode-2/data/ratis/a7a3ad41-29c0-48e7-adbd-6e14fcf84e12/current/raft-meta: java.nio.file.NoSuchFileException: /workdir/hadoop-ozone/ozonefs/target/test-dir/MiniOzoneClusterImpl-0df98be9-49e2-4eb9-b6e4-71f20c3f18cb/datanode-2/data/ratis/a7a3ad41-29c0-48e7-adbd-6e14fcf84e12/current/raft-meta.tmp
2019-10-17 20:28:21,248 [7f29c796-0732-402f-b865-67033766dcba@group-6E14FCF84E12-LeaderElection44] WARN  util.AtomicFileOutputStream (AtomicFileOutputStream.java:abort(100)) - Unable to delete tmp file during abort /workdir/hadoop-ozone/ozonefs/target/test-dir/MiniOzoneClusterImpl-0df98be9-49e2-4eb9-b6e4-71f20c3f18cb/datanode-2/data/ratis/a7a3ad41-29c0-48e7-adbd-6e14fcf84e12/current/raft-meta.tmp
2019-10-17 20:28:21,249 [7f29c796-0732-402f-b865-67033766dcba@group-6E14FCF84E12-LeaderElection44] INFO  impl.LeaderElection (LeaderElection.java:run(137)) - 7f29c796-0732-402f-b865-67033766dcba@group-6E14FCF84E12-LeaderElection44: NoSuchFileException is safely ignored since this is already CLOSING
java.nio.file.NoSuchFileException: /workdir/hadoop-ozone/ozonefs/target/test-dir/MiniOzoneClusterImpl-0df98be9-49e2-4eb9-b6e4-71f20c3f18cb/datanode-2/data/ratis/a7a3ad41-29c0-48e7-adbd-6e14fcf84e12/current/raft-meta.tmp
	at sun.nio.fs.UnixException.translateToIOException(UnixException.java:86)
	at sun.nio.fs.UnixException.rethrowAsIOException(UnixException.java:102)
	at sun.nio.fs.UnixException.rethrowAsIOException(UnixException.java:107)
	at sun.nio.fs.UnixCopyFile.move(UnixCopyFile.java:409)
	at sun.nio.fs.UnixFileSystemProvider.move(UnixFileSystemProvider.java:262)
	at java.nio.file.Files.move(Files.java:1395)
	at org.apache.ratis.util.FileUtils.lambda$move$6(FileUtils.java:65)
	at org.apache.ratis.util.LogUtils.runAndLog(LogUtils.java:50)
	at org.apache.ratis.util.FileUtils.move(FileUtils.java:64)
	at org.apache.ratis.util.FileUtils.move(FileUtils.java:60)
	at org.apache.ratis.util.AtomicFileOutputStream.close(AtomicFileOutputStream.java:73)
	at org.apache.ratis.server.storage.MetaFile.writeFile(MetaFile.java:96)
	at org.apache.ratis.server.storage.MetaFile.set(MetaFile.java:75)
	at org.apache.ratis.server.raftlog.segmented.SegmentedRaftLog.writeMetadata(SegmentedRaftLog.java:473)
	at org.apache.ratis.server.impl.ServerState.persistMetadata(ServerState.java:231)
	at org.apache.ratis.server.impl.LeaderElection.askForVotes(LeaderElection.java:176)
	at org.apache.ratis.server.impl.LeaderElection.run(LeaderElection.java:133)
	at java.lang.Thread.run(Thread.java:748)
2019-10-17 20:28:21,261 [grpc-default-executor-3] INFO  impl.RaftServerProxy (RaftServerProxy.java:addNew(89)) - 7f29c796-0732-402f-b865-67033766dcba: addNew group-C2BDBBDF155D:[d81605c5-54b3-45a8-b5ae-2e8d8890cbef:192.168.164.201:42755, 7f29c796-0732-402f-b865-67033766dcba:192.168.164.201:40704, c07977b7-c8ef-4f3c-80b1-66a07c6e3dcd:192.168.164.201:38664] returns group-C2BDBBDF155D:java.util.concurrent.CompletableFuture@146ceb52[Not completed]
2019-10-17 20:28:21,261 [grpc-default-executor-0] INFO  impl.RaftServerProxy (RaftServerProxy.java:addNew(89)) - d81605c5-54b3-45a8-b5ae-2e8d8890cbef: addNew group-C2BDBBDF155D:[d81605c5-54b3-45a8-b5ae-2e8d8890cbef:192.168.164.201:42755, 7f29c796-0732-402f-b865-67033766dcba:192.168.164.201:40704, c07977b7-c8ef-4f3c-80b1-66a07c6e3dcd:192.168.164.201:38664] returns group-C2BDBBDF155D:java.util.concurrent.CompletableFuture@2a4bddad[Not completed]
2019-10-17 20:28:21,262 [grpc-default-executor-3] INFO  impl.RaftServerProxy (RaftServerProxy.java:addNew(89)) - c07977b7-c8ef-4f3c-80b1-66a07c6e3dcd: addNew group-C2BDBBDF155D:[d81605c5-54b3-45a8-b5ae-2e8d8890cbef:192.168.164.201:42755, 7f29c796-0732-402f-b865-67033766dcba:192.168.164.201:40704, c07977b7-c8ef-4f3c-80b1-66a07c6e3dcd:192.168.164.201:38664] returns group-C2BDBBDF155D:java.util.concurrent.CompletableFuture@7dc4402d[Not completed]
2019-10-17 20:28:21,264 [pool-197-thread-1] INFO  impl.RaftServerImpl (RaftServerImpl.java:<init>(104)) - 7f29c796-0732-402f-b865-67033766dcba: new RaftServerImpl for group-C2BDBBDF155D:[d81605c5-54b3-45a8-b5ae-2e8d8890cbef:192.168.164.201:42755, 7f29c796-0732-402f-b865-67033766dcba:192.168.164.201:40704, c07977b7-c8ef-4f3c-80b1-66a07c6e3dcd:192.168.164.201:38664] with ContainerStateMachine:uninitialized
2019-10-17 20:28:21,264 [pool-197-thread-1] INFO  server.RaftServerConfigKeys (ConfUtils.java:logGet(43)) - raft.server.rpc.timeout.min = 5s (custom)
2019-10-17 20:28:21,264 [pool-197-thread-1] INFO  server.RaftServerConfigKeys (ConfUtils.java:logGet(43)) - raft.server.rpc.timeout.max = 5200ms (custom)
2019-10-17 20:28:21,264 [pool-197-thread-1] INFO  server.RaftServerConfigKeys (ConfUtils.java:logGet(43)) - raft.server.rpcslowness.timeout = 120s (custom)
2019-10-17 20:28:21,265 [pool-197-thread-1] INFO  server.RaftServerConfigKeys (ConfUtils.java:logGet(43)) - raft.server.sleep.deviation.threshold = 300 (default)
2019-10-17 20:28:21,265 [pool-197-thread-1] INFO  server.RaftServerConfigKeys (ConfUtils.java:logGet(43)) - raft.server.log.appender.install.snapshot.enabled = false (custom)
2019-10-17 20:28:21,265 [pool-187-thread-1] INFO  impl.RaftServerImpl (RaftServerImpl.java:<init>(104)) - c07977b7-c8ef-4f3c-80b1-66a07c6e3dcd: new RaftServerImpl for group-C2BDBBDF155D:[d81605c5-54b3-45a8-b5ae-2e8d8890cbef:192.168.164.201:42755, 7f29c796-0732-402f-b865-67033766dcba:192.168.164.201:40704, c07977b7-c8ef-4f3c-80b1-66a07c6e3dcd:192.168.164.201:38664] with ContainerStateMachine:uninitialized
2019-10-17 20:28:21,265 [pool-197-thread-1] INFO  impl.RaftServerImpl (ServerState.java:<init>(103)) - 7f29c796-0732-402f-b865-67033766dcba@group-C2BDBBDF155D: ConfigurationManager, init=-1: [d81605c5-54b3-45a8-b5ae-2e8d8890cbef:192.168.164.201:42755, 7f29c796-0732-402f-b865-67033766dcba:192.168.164.201:40704, c07977b7-c8ef-4f3c-80b1-66a07c6e3dcd:192.168.164.201:38664], old=null, confs=<EMPTY_MAP>
2019-10-17 20:28:21,265 [pool-187-thread-1] INFO  server.RaftServerConfigKeys (ConfUtils.java:logGet(43)) - raft.server.rpc.timeout.min = 5s (custom)
2019-10-17 20:28:21,265 [pool-197-thread-1] INFO  server.RaftServerConfigKeys (ConfUtils.java:logGet(43)) - raft.server.storage.dir = [/workdir/hadoop-ozone/ozonefs/target/test-dir/MiniOzoneClusterImpl-0df98be9-49e2-4eb9-b6e4-71f20c3f18cb/datanode-2/data/ratis] (custom)
2019-10-17 20:28:21,265 [pool-187-thread-1] INFO  server.RaftServerConfigKeys (ConfUtils.java:logGet(43)) - raft.server.rpc.timeout.max = 5200ms (custom)
2019-10-17 20:28:21,265 [pool-177-thread-1] INFO  impl.RaftServerImpl (RaftServerImpl.java:<init>(104)) - d81605c5-54b3-45a8-b5ae-2e8d8890cbef: new RaftServerImpl for group-C2BDBBDF155D:[d81605c5-54b3-45a8-b5ae-2e8d8890cbef:192.168.164.201:42755, 7f29c796-0732-402f-b865-67033766dcba:192.168.164.201:40704, c07977b7-c8ef-4f3c-80b1-66a07c6e3dcd:192.168.164.201:38664] with ContainerStateMachine:uninitialized
2019-10-17 20:28:21,266 [pool-197-thread-1] INFO  server.RaftServerConfigKeys (ConfUtils.java:logGet(43)) - raft.server.log.corruption.policy = EXCEPTION (default)
2019-10-17 20:28:21,266 [pool-187-thread-1] INFO  server.RaftServerConfigKeys (ConfUtils.java:logGet(43)) - raft.server.rpcslowness.timeout = 120s (custom)
2019-10-17 20:28:21,266 [pool-177-thread-1] INFO  server.RaftServerConfigKeys (ConfUtils.java:logGet(43)) - raft.server.rpc.timeout.min = 5s (custom)
2019-10-17 20:28:21,266 [pool-187-thread-1] INFO  server.RaftServerConfigKeys (ConfUtils.java:logGet(43)) - raft.server.sleep.deviation.threshold = 300 (default)
2019-10-17 20:28:21,266 [pool-197-thread-1] INFO  storage.RaftStorageDirectory (RaftStorageDirectory.java:analyzeStorage(246)) - The storage directory /workdir/hadoop-ozone/ozonefs/target/test-dir/MiniOzoneClusterImpl-0df98be9-49e2-4eb9-b6e4-71f20c3f18cb/datanode-2/data/ratis/fd242897-641f-4213-a2e1-c2bdbbdf155d does not exist. Creating ...
2019-10-17 20:28:21,266 [pool-187-thread-1] INFO  server.RaftServerConfigKeys (ConfUtils.java:logGet(43)) - raft.server.log.appender.install.snapshot.enabled = false (custom)
2019-10-17 20:28:21,266 [pool-177-thread-1] INFO  server.RaftServerConfigKeys (ConfUtils.java:logGet(43)) - raft.server.rpc.timeout.max = 5200ms (custom)
2019-10-17 20:28:21,267 [pool-187-thread-1] INFO  impl.RaftServerImpl (ServerState.java:<init>(103)) - c07977b7-c8ef-4f3c-80b1-66a07c6e3dcd@group-C2BDBBDF155D: ConfigurationManager, init=-1: [d81605c5-54b3-45a8-b5ae-2e8d8890cbef:192.168.164.201:42755, 7f29c796-0732-402f-b865-67033766dcba:192.168.164.201:40704, c07977b7-c8ef-4f3c-80b1-66a07c6e3dcd:192.168.164.201:38664], old=null, confs=<EMPTY_MAP>
2019-10-17 20:28:21,267 [pool-177-thread-1] INFO  server.RaftServerConfigKeys (ConfUtils.java:logGet(43)) - raft.server.rpcslowness.timeout = 120s (custom)
2019-10-17 20:28:21,267 [pool-187-thread-1] INFO  server.RaftServerConfigKeys (ConfUtils.java:logGet(43)) - raft.server.storage.dir = [/workdir/hadoop-ozone/ozonefs/target/test-dir/MiniOzoneClusterImpl-0df98be9-49e2-4eb9-b6e4-71f20c3f18cb/datanode-1/data/ratis] (custom)
2019-10-17 20:28:21,267 [pool-177-thread-1] INFO  server.RaftServerConfigKeys (ConfUtils.java:logGet(43)) - raft.server.sleep.deviation.threshold = 300 (default)
2019-10-17 20:28:21,267 [pool-177-thread-1] INFO  server.RaftServerConfigKeys (ConfUtils.java:logGet(43)) - raft.server.log.appender.install.snapshot.enabled = false (custom)
2019-10-17 20:28:21,268 [pool-187-thread-1] INFO  server.RaftServerConfigKeys (ConfUtils.java:logGet(43)) - raft.server.log.corruption.policy = EXCEPTION (default)
2019-10-17 20:28:21,268 [pool-177-thread-1] INFO  impl.RaftServerImpl (ServerState.java:<init>(103)) - d81605c5-54b3-45a8-b5ae-2e8d8890cbef@group-C2BDBBDF155D: ConfigurationManager, init=-1: [d81605c5-54b3-45a8-b5ae-2e8d8890cbef:192.168.164.201:42755, 7f29c796-0732-402f-b865-67033766dcba:192.168.164.201:40704, c07977b7-c8ef-4f3c-80b1-66a07c6e3dcd:192.168.164.201:38664], old=null, confs=<EMPTY_MAP>
2019-10-17 20:28:21,268 [pool-187-thread-1] INFO  storage.RaftStorageDirectory (RaftStorageDirectory.java:analyzeStorage(246)) - The storage directory /workdir/hadoop-ozone/ozonefs/target/test-dir/MiniOzoneClusterImpl-0df98be9-49e2-4eb9-b6e4-71f20c3f18cb/datanode-1/data/ratis/fd242897-641f-4213-a2e1-c2bdbbdf155d does not exist. Creating ...
2019-10-17 20:28:21,268 [pool-177-thread-1] INFO  server.RaftServerConfigKeys (ConfUtils.java:logGet(43)) - raft.server.storage.dir = [/workdir/hadoop-ozone/ozonefs/target/test-dir/MiniOzoneClusterImpl-0df98be9-49e2-4eb9-b6e4-71f20c3f18cb/datanode-0/data/ratis] (custom)
2019-10-17 20:28:21,268 [pool-177-thread-1] INFO  server.RaftServerConfigKeys (ConfUtils.java:logGet(43)) - raft.server.log.corruption.policy = EXCEPTION (default)
2019-10-17 20:28:21,269 [pool-177-thread-1] INFO  storage.RaftStorageDirectory (RaftStorageDirectory.java:analyzeStorage(246)) - The storage directory /workdir/hadoop-ozone/ozonefs/target/test-dir/MiniOzoneClusterImpl-0df98be9-49e2-4eb9-b6e4-71f20c3f18cb/datanode-0/data/ratis/fd242897-641f-4213-a2e1-c2bdbbdf155d does not exist. Creating ...
2019-10-17 20:28:21,295 [pool-177-thread-1] INFO  storage.RaftStorageDirectory (RaftStorageDirectory.java:tryLock(328)) - Lock on /workdir/hadoop-ozone/ozonefs/target/test-dir/MiniOzoneClusterImpl-0df98be9-49e2-4eb9-b6e4-71f20c3f18cb/datanode-0/data/ratis/fd242897-641f-4213-a2e1-c2bdbbdf155d/in_use.lock acquired by nodename 32287@pr-hdds-1868-s6sc9-3720172378
2019-10-17 20:28:21,295 [pool-187-thread-1] INFO  storage.RaftStorageDirectory (RaftStorageDirectory.java:tryLock(328)) - Lock on /workdir/hadoop-ozone/ozonefs/target/test-dir/MiniOzoneClusterImpl-0df98be9-49e2-4eb9-b6e4-71f20c3f18cb/datanode-1/data/ratis/fd242897-641f-4213-a2e1-c2bdbbdf155d/in_use.lock acquired by nodename 32287@pr-hdds-1868-s6sc9-3720172378
2019-10-17 20:28:21,295 [pool-197-thread-1] INFO  storage.RaftStorageDirectory (RaftStorageDirectory.java:tryLock(328)) - Lock on /workdir/hadoop-ozone/ozonefs/target/test-dir/MiniOzoneClusterImpl-0df98be9-49e2-4eb9-b6e4-71f20c3f18cb/datanode-2/data/ratis/fd242897-641f-4213-a2e1-c2bdbbdf155d/in_use.lock acquired by nodename 32287@pr-hdds-1868-s6sc9-3720172378
2019-10-17 20:28:21,320 [pool-187-thread-1] INFO  storage.RaftStorage (RaftStorage.java:format(84)) - Storage directory /workdir/hadoop-ozone/ozonefs/target/test-dir/MiniOzoneClusterImpl-0df98be9-49e2-4eb9-b6e4-71f20c3f18cb/datanode-1/data/ratis/fd242897-641f-4213-a2e1-c2bdbbdf155d has been successfully formatted.
2019-10-17 20:28:21,320 [pool-177-thread-1] INFO  storage.RaftStorage (RaftStorage.java:format(84)) - Storage directory /workdir/hadoop-ozone/ozonefs/target/test-dir/MiniOzoneClusterImpl-0df98be9-49e2-4eb9-b6e4-71f20c3f18cb/datanode-0/data/ratis/fd242897-641f-4213-a2e1-c2bdbbdf155d has been successfully formatted.
2019-10-17 20:28:21,320 [pool-197-thread-1] INFO  storage.RaftStorage (RaftStorage.java:format(84)) - Storage directory /workdir/hadoop-ozone/ozonefs/target/test-dir/MiniOzoneClusterImpl-0df98be9-49e2-4eb9-b6e4-71f20c3f18cb/datanode-2/data/ratis/fd242897-641f-4213-a2e1-c2bdbbdf155d has been successfully formatted.
2019-10-17 20:28:21,321 [pool-177-thread-1] INFO  ratis.ContainerStateMachine (ContainerStateMachine.java:loadSnapshot(233)) - group-C2BDBBDF155D: The snapshot info is null. Setting the last applied indexto:(t:0, i:~)
2019-10-17 20:28:21,321 [pool-187-thread-1] INFO  ratis.ContainerStateMachine (ContainerStateMachine.java:loadSnapshot(233)) - group-C2BDBBDF155D: The snapshot info is null. Setting the last applied indexto:(t:0, i:~)
2019-10-17 20:28:21,321 [pool-177-thread-1] INFO  server.RaftServerConfigKeys (ConfUtils.java:logGet(43)) - raft.server.notification.no-leader.timeout = 120s (custom)
2019-10-17 20:28:21,321 [pool-197-thread-1] INFO  ratis.ContainerStateMachine (ContainerStateMachine.java:loadSnapshot(233)) - group-C2BDBBDF155D: The snapshot info is null. Setting the last applied indexto:(t:0, i:~)
2019-10-17 20:28:21,322 [pool-177-thread-1] INFO  server.RaftServerConfigKeys (ConfUtils.java:logGet(43)) - raft.server.log.use.memory = false (default)
2019-10-17 20:28:21,321 [pool-187-thread-1] INFO  server.RaftServerConfigKeys (ConfUtils.java:logGet(43)) - raft.server.notification.no-leader.timeout = 120s (custom)
2019-10-17 20:28:21,322 [pool-177-thread-1] INFO  server.RaftServerConfigKeys (ConfUtils.java:logGet(43)) - raft.server.log.purge.gap = 1000000 (custom)
2019-10-17 20:28:21,322 [pool-197-thread-1] INFO  server.RaftServerConfigKeys (ConfUtils.java:logGet(43)) - raft.server.notification.no-leader.timeout = 120s (custom)
2019-10-17 20:28:21,322 [pool-177-thread-1] INFO  server.RaftServerConfigKeys (ConfUtils.java:logGet(43)) - raft.server.log.appender.buffer.byte-limit = 33554432 (custom)
2019-10-17 20:28:21,322 [pool-187-thread-1] INFO  server.RaftServerConfigKeys (ConfUtils.java:logGet(43)) - raft.server.log.use.memory = false (default)
2019-10-17 20:28:21,323 [pool-177-thread-1] INFO  server.RaftServerConfigKeys (ConfUtils.java:logGet(43)) - raft.server.log.segment.size.max = 1048576 (custom)
2019-10-17 20:28:21,322 [pool-197-thread-1] INFO  server.RaftServerConfigKeys (ConfUtils.java:logGet(43)) - raft.server.log.use.memory = false (default)
2019-10-17 20:28:21,323 [pool-177-thread-1] INFO  server.RaftServerConfigKeys (ConfUtils.java:logGet(43)) - raft.server.log.segment.cache.num.max = 2 (custom)
2019-10-17 20:28:21,323 [pool-187-thread-1] INFO  server.RaftServerConfigKeys (ConfUtils.java:logGet(43)) - raft.server.log.purge.gap = 1000000 (custom)
2019-10-17 20:28:21,323 [pool-177-thread-1] INFO  segmented.SegmentedRaftLogWorker (SegmentedRaftLogWorker.java:<init>(173)) - new d81605c5-54b3-45a8-b5ae-2e8d8890cbef@group-C2BDBBDF155D-SegmentedRaftLogWorker for RaftStorage:Storage Directory /workdir/hadoop-ozone/ozonefs/target/test-dir/MiniOzoneClusterImpl-0df98be9-49e2-4eb9-b6e4-71f20c3f18cb/datanode-0/data/ratis/fd242897-641f-4213-a2e1-c2bdbbdf155d
2019-10-17 20:28:21,323 [pool-197-thread-1] INFO  server.RaftServerConfigKeys (ConfUtils.java:logGet(43)) - raft.server.log.purge.gap = 1000000 (custom)
2019-10-17 20:28:21,323 [pool-177-thread-1] INFO  server.RaftServerConfigKeys (ConfUtils.java:logGet(43)) - raft.server.log.queue.byte-limit = 2147483647 (custom)
2019-10-17 20:28:21,323 [pool-187-thread-1] INFO  server.RaftServerConfigKeys (ConfUtils.java:logGet(43)) - raft.server.log.appender.buffer.byte-limit = 33554432 (custom)
2019-10-17 20:28:21,324 [pool-177-thread-1] INFO  server.RaftServerConfigKeys (ConfUtils.java:logGet(43)) - raft.server.log.queue.element-limit = 1024 (custom)
2019-10-17 20:28:21,324 [pool-197-thread-1] INFO  server.RaftServerConfigKeys (ConfUtils.java:logGet(43)) - raft.server.log.appender.buffer.byte-limit = 33554432 (custom)
2019-10-17 20:28:21,324 [pool-177-thread-1] INFO  server.RaftServerConfigKeys (ConfUtils.java:logGet(43)) - raft.server.log.segment.size.max = 1048576 (custom)
2019-10-17 20:28:21,324 [pool-187-thread-1] INFO  server.RaftServerConfigKeys (ConfUtils.java:logGet(43)) - raft.server.log.segment.size.max = 1048576 (custom)
2019-10-17 20:28:21,324 [pool-177-thread-1] INFO  server.RaftServerConfigKeys (ConfUtils.java:logGet(43)) - raft.server.log.preallocated.size = 16384 (custom)
2019-10-17 20:28:21,324 [pool-197-thread-1] INFO  server.RaftServerConfigKeys (ConfUtils.java:logGet(43)) - raft.server.log.segment.size.max = 1048576 (custom)
2019-10-17 20:28:21,325 [pool-177-thread-1] INFO  server.RaftServerConfigKeys (ConfUtils.java:logGet(43)) - raft.server.log.write.buffer.size = 33554432 (custom)
2019-10-17 20:28:21,325 [pool-187-thread-1] INFO  server.RaftServerConfigKeys (ConfUtils.java:logGet(43)) - raft.server.log.segment.cache.num.max = 2 (custom)
2019-10-17 20:28:21,325 [pool-177-thread-1] INFO  server.RaftServerConfigKeys (ConfUtils.java:logGet(43)) - raft.server.log.force.sync.num = 128 (default)
2019-10-17 20:28:21,325 [pool-197-thread-1] INFO  server.RaftServerConfigKeys (ConfUtils.java:logGet(43)) - raft.server.log.segment.cache.num.max = 2 (custom)
2019-10-17 20:28:21,325 [pool-177-thread-1] INFO  server.RaftServerConfigKeys (ConfUtils.java:logGet(43)) - raft.server.log.statemachine.data.sync = true (default)
2019-10-17 20:28:21,325 [pool-187-thread-1] INFO  segmented.SegmentedRaftLogWorker (SegmentedRaftLogWorker.java:<init>(173)) - new c07977b7-c8ef-4f3c-80b1-66a07c6e3dcd@group-C2BDBBDF155D-SegmentedRaftLogWorker for RaftStorage:Storage Directory /workdir/hadoop-ozone/ozonefs/target/test-dir/MiniOzoneClusterImpl-0df98be9-49e2-4eb9-b6e4-71f20c3f18cb/datanode-1/data/ratis/fd242897-641f-4213-a2e1-c2bdbbdf155d
2019-10-17 20:28:21,326 [pool-177-thread-1] INFO  server.RaftServerConfigKeys (ConfUtils.java:logGet(43)) - raft.server.log.statemachine.data.sync.timeout = 10s (default)
2019-10-17 20:28:21,326 [pool-197-thread-1] INFO  segmented.SegmentedRaftLogWorker (SegmentedRaftLogWorker.java:<init>(173)) - new 7f29c796-0732-402f-b865-67033766dcba@group-C2BDBBDF155D-SegmentedRaftLogWorker for RaftStorage:Storage Directory /workdir/hadoop-ozone/ozonefs/target/test-dir/MiniOzoneClusterImpl-0df98be9-49e2-4eb9-b6e4-71f20c3f18cb/datanode-2/data/ratis/fd242897-641f-4213-a2e1-c2bdbbdf155d
2019-10-17 20:28:21,326 [pool-177-thread-1] INFO  server.RaftServerConfigKeys (ConfUtils.java:logGet(43)) - raft.server.log.statemachine.data.sync.timeout.retry = -1 (default)
2019-10-17 20:28:21,326 [pool-187-thread-1] INFO  server.RaftServerConfigKeys (ConfUtils.java:logGet(43)) - raft.server.log.queue.byte-limit = 2147483647 (custom)
2019-10-17 20:28:21,327 [pool-177-thread-1] INFO  server.RaftServerConfigKeys (ConfUtils.java:logGet(43)) - raft.server.log.statemachine.data.caching.enabled = true (custom)
2019-10-17 20:28:21,326 [pool-197-thread-1] INFO  server.RaftServerConfigKeys (ConfUtils.java:logGet(43)) - raft.server.log.queue.byte-limit = 2147483647 (custom)
2019-10-17 20:28:21,327 [pool-187-thread-1] INFO  server.RaftServerConfigKeys (ConfUtils.java:logGet(43)) - raft.server.log.queue.element-limit = 1024 (custom)
2019-10-17 20:28:21,327 [pool-177-thread-1] INFO  segmented.SegmentedRaftLogWorker (SegmentedRaftLogWorker.java:lambda$new$0(128)) - d81605c5-54b3-45a8-b5ae-2e8d8890cbef@group-C2BDBBDF155D-SegmentedRaftLogWorker: flushIndex: setUnconditionally 0 -> -1
2019-10-17 20:28:21,327 [pool-197-thread-1] INFO  server.RaftServerConfigKeys (ConfUtils.java:logGet(43)) - raft.server.log.queue.element-limit = 1024 (custom)
2019-10-17 20:28:21,327 [pool-187-thread-1] INFO  server.RaftServerConfigKeys (ConfUtils.java:logGet(43)) - raft.server.log.segment.size.max = 1048576 (custom)
2019-10-17 20:28:21,328 [pool-177-thread-1] INFO  server.RaftServerConfigKeys (ConfUtils.java:logGet(43)) - raft.server.snapshot.auto.trigger.enabled = true (custom)
2019-10-17 20:28:21,328 [pool-197-thread-1] INFO  server.RaftServerConfigKeys (ConfUtils.java:logGet(43)) - raft.server.log.segment.size.max = 1048576 (custom)
2019-10-17 20:28:21,328 [pool-177-thread-1] INFO  server.RaftServerConfigKeys (ConfUtils.java:logGet(43)) - raft.server.snapshot.auto.trigger.threshold = 10000 (custom)
2019-10-17 20:28:21,328 [pool-187-thread-1] INFO  server.RaftServerConfigKeys (ConfUtils.java:logGet(43)) - raft.server.log.preallocated.size = 16384 (custom)
2019-10-17 20:28:21,328 [pool-177-thread-1] INFO  server.RaftServerConfigKeys (ConfUtils.java:logGet(43)) - raft.server.snapshot.retention.file.num = 5 (custom)
2019-10-17 20:28:21,328 [pool-197-thread-1] INFO  server.RaftServerConfigKeys (ConfUtils.java:logGet(43)) - raft.server.log.preallocated.size = 16384 (custom)
2019-10-17 20:28:21,329 [pool-177-thread-1] INFO  server.RaftServerConfigKeys (ConfUtils.java:logGet(43)) - raft.server.retrycache.expirytime = 600000ms (custom)
2019-10-17 20:28:21,328 [pool-187-thread-1] INFO  server.RaftServerConfigKeys (ConfUtils.java:logGet(43)) - raft.server.log.write.buffer.size = 33554432 (custom)
2019-10-17 20:28:21,329 [pool-197-thread-1] INFO  server.RaftServerConfigKeys (ConfUtils.java:logGet(43)) - raft.server.log.write.buffer.size = 33554432 (custom)
2019-10-17 20:28:21,329 [pool-187-thread-1] INFO  server.RaftServerConfigKeys (ConfUtils.java:logGet(43)) - raft.server.log.force.sync.num = 128 (default)
2019-10-17 20:28:21,329 [pool-197-thread-1] INFO  server.RaftServerConfigKeys (ConfUtils.java:logGet(43)) - raft.server.log.force.sync.num = 128 (default)
2019-10-17 20:28:21,329 [pool-187-thread-1] INFO  server.RaftServerConfigKeys (ConfUtils.java:logGet(43)) - raft.server.log.statemachine.data.sync = true (default)
2019-10-17 20:28:21,330 [pool-197-thread-1] INFO  server.RaftServerConfigKeys (ConfUtils.java:logGet(43)) - raft.server.log.statemachine.data.sync = true (default)
2019-10-17 20:28:21,330 [pool-187-thread-1] INFO  server.RaftServerConfigKeys (ConfUtils.java:logGet(43)) - raft.server.log.statemachine.data.sync.timeout = 10s (default)
2019-10-17 20:28:21,330 [pool-197-thread-1] INFO  server.RaftServerConfigKeys (ConfUtils.java:logGet(43)) - raft.server.log.statemachine.data.sync.timeout = 10s (default)
2019-10-17 20:28:21,330 [pool-187-thread-1] INFO  server.RaftServerConfigKeys (ConfUtils.java:logGet(43)) - raft.server.log.statemachine.data.sync.timeout.retry = -1 (default)
2019-10-17 20:28:21,330 [pool-197-thread-1] INFO  server.RaftServerConfigKeys (ConfUtils.java:logGet(43)) - raft.server.log.statemachine.data.sync.timeout.retry = -1 (default)
2019-10-17 20:28:21,331 [pool-187-thread-1] INFO  server.RaftServerConfigKeys (ConfUtils.java:logGet(43)) - raft.server.log.statemachine.data.caching.enabled = true (custom)
2019-10-17 20:28:21,331 [pool-197-thread-1] INFO  server.RaftServerConfigKeys (ConfUtils.java:logGet(43)) - raft.server.log.statemachine.data.caching.enabled = true (custom)
2019-10-17 20:28:21,331 [pool-187-thread-1] INFO  segmented.SegmentedRaftLogWorker (SegmentedRaftLogWorker.java:lambda$new$0(128)) - c07977b7-c8ef-4f3c-80b1-66a07c6e3dcd@group-C2BDBBDF155D-SegmentedRaftLogWorker: flushIndex: setUnconditionally 0 -> -1
2019-10-17 20:28:21,331 [pool-197-thread-1] INFO  segmented.SegmentedRaftLogWorker (SegmentedRaftLogWorker.java:lambda$new$0(128)) - 7f29c796-0732-402f-b865-67033766dcba@group-C2BDBBDF155D-SegmentedRaftLogWorker: flushIndex: setUnconditionally 0 -> -1
2019-10-17 20:28:21,331 [pool-177-thread-1] INFO  impl.RaftServerImpl (RaftServerImpl.java:start(195)) - d81605c5-54b3-45a8-b5ae-2e8d8890cbef@group-C2BDBBDF155D: start as a follower, conf=-1: [d81605c5-54b3-45a8-b5ae-2e8d8890cbef:192.168.164.201:42755, 7f29c796-0732-402f-b865-67033766dcba:192.168.164.201:40704, c07977b7-c8ef-4f3c-80b1-66a07c6e3dcd:192.168.164.201:38664], old=null
2019-10-17 20:28:21,331 [pool-187-thread-1] INFO  server.RaftServerConfigKeys (ConfUtils.java:logGet(43)) - raft.server.snapshot.auto.trigger.enabled = true (custom)
2019-10-17 20:28:21,332 [pool-177-thread-1] INFO  impl.RaftServerImpl (RaftServerImpl.java:setRole(184)) - d81605c5-54b3-45a8-b5ae-2e8d8890cbef@group-C2BDBBDF155D: changes role from      null to FOLLOWER at term 0 for startAsFollower
2019-10-17 20:28:21,332 [pool-187-thread-1] INFO  server.RaftServerConfigKeys (ConfUtils.java:logGet(43)) - raft.server.snapshot.auto.trigger.threshold = 10000 (custom)
2019-10-17 20:28:21,332 [pool-197-thread-1] INFO  server.RaftServerConfigKeys (ConfUtils.java:logGet(43)) - raft.server.snapshot.auto.trigger.enabled = true (custom)
2019-10-17 20:28:21,332 [pool-187-thread-1] INFO  server.RaftServerConfigKeys (ConfUtils.java:logGet(43)) - raft.server.snapshot.retention.file.num = 5 (custom)
2019-10-17 20:28:21,332 [pool-177-thread-1] INFO  impl.RoleInfo (RoleInfo.java:updateAndGet(143)) - d81605c5-54b3-45a8-b5ae-2e8d8890cbef: start FollowerState
2019-10-17 20:28:21,332 [pool-187-thread-1] INFO  server.RaftServerConfigKeys (ConfUtils.java:logGet(43)) - raft.server.retrycache.expirytime = 600000ms (custom)
2019-10-17 20:28:21,332 [pool-197-thread-1] INFO  server.RaftServerConfigKeys (ConfUtils.java:logGet(43)) - raft.server.snapshot.auto.trigger.threshold = 10000 (custom)
2019-10-17 20:28:21,333 [pool-177-thread-1] INFO  util.JmxRegister (JmxRegister.java:tryRegister(44)) - Successfully registered JMX Bean with object name Ratis:service=RaftServer,group=group-C2BDBBDF155D,id=d81605c5-54b3-45a8-b5ae-2e8d8890cbef
2019-10-17 20:28:21,333 [pool-197-thread-1] INFO  server.RaftServerConfigKeys (ConfUtils.java:logGet(43)) - raft.server.snapshot.retention.file.num = 5 (custom)
2019-10-17 20:28:21,333 [pool-197-thread-1] INFO  server.RaftServerConfigKeys (ConfUtils.java:logGet(43)) - raft.server.retrycache.expirytime = 600000ms (custom)
2019-10-17 20:28:21,337 [pool-187-thread-1] INFO  impl.RaftServerImpl (RaftServerImpl.java:start(195)) - c07977b7-c8ef-4f3c-80b1-66a07c6e3dcd@group-C2BDBBDF155D: start as a follower, conf=-1: [d81605c5-54b3-45a8-b5ae-2e8d8890cbef:192.168.164.201:42755, 7f29c796-0732-402f-b865-67033766dcba:192.168.164.201:40704, c07977b7-c8ef-4f3c-80b1-66a07c6e3dcd:192.168.164.201:38664], old=null
2019-10-17 20:28:21,337 [pool-187-thread-1] INFO  impl.RaftServerImpl (RaftServerImpl.java:setRole(184)) - c07977b7-c8ef-4f3c-80b1-66a07c6e3dcd@group-C2BDBBDF155D: changes role from      null to FOLLOWER at term 0 for startAsFollower
2019-10-17 20:28:21,337 [pool-187-thread-1] INFO  impl.RoleInfo (RoleInfo.java:updateAndGet(143)) - c07977b7-c8ef-4f3c-80b1-66a07c6e3dcd: start FollowerState
2019-10-17 20:28:21,337 [pool-187-thread-1] INFO  util.JmxRegister (JmxRegister.java:tryRegister(44)) - Successfully registered JMX Bean with object name Ratis:service=RaftServer,group=group-C2BDBBDF155D,id=c07977b7-c8ef-4f3c-80b1-66a07c6e3dcd
2019-10-17 20:28:21,338 [pool-197-thread-1] INFO  impl.RaftServerImpl (RaftServerImpl.java:start(195)) - 7f29c796-0732-402f-b865-67033766dcba@group-C2BDBBDF155D: start as a follower, conf=-1: [d81605c5-54b3-45a8-b5ae-2e8d8890cbef:192.168.164.201:42755, 7f29c796-0732-402f-b865-67033766dcba:192.168.164.201:40704, c07977b7-c8ef-4f3c-80b1-66a07c6e3dcd:192.168.164.201:38664], old=null
2019-10-17 20:28:21,338 [pool-197-thread-1] INFO  impl.RaftServerImpl (RaftServerImpl.java:setRole(184)) - 7f29c796-0732-402f-b865-67033766dcba@group-C2BDBBDF155D: changes role from      null to FOLLOWER at term 0 for startAsFollower
2019-10-17 20:28:21,339 [pool-197-thread-1] INFO  impl.RoleInfo (RoleInfo.java:updateAndGet(143)) - 7f29c796-0732-402f-b865-67033766dcba: start FollowerState
2019-10-17 20:28:21,341 [pool-197-thread-1] INFO  util.JmxRegister (JmxRegister.java:tryRegister(44)) - Successfully registered JMX Bean with object name Ratis:service=RaftServer,group=group-C2BDBBDF155D,id=7f29c796-0732-402f-b865-67033766dcba
2019-10-17 20:28:21,350 [RatisPipelineUtilsThread] INFO  pipeline.PipelineStateManager (PipelineStateManager.java:addPipeline(55)) - Created pipeline Pipeline[ Id: fd242897-641f-4213-a2e1-c2bdbbdf155d, Nodes: d81605c5-54b3-45a8-b5ae-2e8d8890cbef{ip: 192.168.164.201, host: pr-hdds-1868-s6sc9-3720172378, networkLocation: /default-rack, certSerialId: null}7f29c796-0732-402f-b865-67033766dcba{ip: 192.168.164.201, host: pr-hdds-1868-s6sc9-3720172378, networkLocation: /default-rack, certSerialId: null}c07977b7-c8ef-4f3c-80b1-66a07c6e3dcd{ip: 192.168.164.201, host: pr-hdds-1868-s6sc9-3720172378, networkLocation: /default-rack, certSerialId: null}, Type:RATIS, Factor:THREE, State:ALLOCATED]
2019-10-17 20:28:21,451 [Thread-1068] INFO  impl.FollowerState (FollowerState.java:run(108)) - d81605c5-54b3-45a8-b5ae-2e8d8890cbef@group-C2BDBBDF155D-FollowerState: change to CANDIDATE, lastRpcTime:119ms, electionTimeout:118ms
2019-10-17 20:28:21,451 [Thread-1068] INFO  impl.RoleInfo (RoleInfo.java:shutdownFollowerState(121)) - d81605c5-54b3-45a8-b5ae-2e8d8890cbef: shutdown FollowerState
2019-10-17 20:28:21,451 [Thread-1068] INFO  impl.RaftServerImpl (RaftServerImpl.java:setRole(184)) - d81605c5-54b3-45a8-b5ae-2e8d8890cbef@group-C2BDBBDF155D: changes role from  FOLLOWER to CANDIDATE at term 0 for changeToCandidate
2019-10-17 20:28:21,451 [Thread-1068] INFO  impl.RoleInfo (RoleInfo.java:updateAndGet(143)) - d81605c5-54b3-45a8-b5ae-2e8d8890cbef: start LeaderElection
2019-10-17 20:28:21,459 [Thread-1071] INFO  impl.FollowerState (FollowerState.java:run(108)) - c07977b7-c8ef-4f3c-80b1-66a07c6e3dcd@group-C2BDBBDF155D-FollowerState: change to CANDIDATE, lastRpcTime:122ms, electionTimeout:122ms
2019-10-17 20:28:21,460 [Thread-1071] INFO  impl.RoleInfo (RoleInfo.java:shutdownFollowerState(121)) - c07977b7-c8ef-4f3c-80b1-66a07c6e3dcd: shutdown FollowerState
2019-10-17 20:28:21,460 [Thread-1071] INFO  impl.RaftServerImpl (RaftServerImpl.java:setRole(184)) - c07977b7-c8ef-4f3c-80b1-66a07c6e3dcd@group-C2BDBBDF155D: changes role from  FOLLOWER to CANDIDATE at term 0 for changeToCandidate
2019-10-17 20:28:21,460 [Thread-1071] INFO  impl.RoleInfo (RoleInfo.java:updateAndGet(143)) - c07977b7-c8ef-4f3c-80b1-66a07c6e3dcd: start LeaderElection
2019-10-17 20:28:21,479 [d81605c5-54b3-45a8-b5ae-2e8d8890cbef@group-C2BDBBDF155D-LeaderElection45] INFO  impl.LeaderElection (LeaderElection.java:askForVotes(178)) - d81605c5-54b3-45a8-b5ae-2e8d8890cbef@group-C2BDBBDF155D-LeaderElection45: begin an election at term 1 for -1: [d81605c5-54b3-45a8-b5ae-2e8d8890cbef:192.168.164.201:42755, 7f29c796-0732-402f-b865-67033766dcba:192.168.164.201:40704, c07977b7-c8ef-4f3c-80b1-66a07c6e3dcd:192.168.164.201:38664], old=null
2019-10-17 20:28:21,479 [c07977b7-c8ef-4f3c-80b1-66a07c6e3dcd@group-C2BDBBDF155D-LeaderElection46] INFO  impl.LeaderElection (LeaderElection.java:askForVotes(178)) - c07977b7-c8ef-4f3c-80b1-66a07c6e3dcd@group-C2BDBBDF155D-LeaderElection46: begin an election at term 1 for -1: [d81605c5-54b3-45a8-b5ae-2e8d8890cbef:192.168.164.201:42755, 7f29c796-0732-402f-b865-67033766dcba:192.168.164.201:40704, c07977b7-c8ef-4f3c-80b1-66a07c6e3dcd:192.168.164.201:38664], old=null
2019-10-17 20:28:21,485 [d81605c5-54b3-45a8-b5ae-2e8d8890cbef@group-C2BDBBDF155D-LeaderElection45] INFO  impl.LeaderElection (LeaderElection.java:logAndReturn(56)) - d81605c5-54b3-45a8-b5ae-2e8d8890cbef@group-C2BDBBDF155D-LeaderElection45: Election TIMEOUT; received 0 response(s) [] and 0 exception(s); d81605c5-54b3-45a8-b5ae-2e8d8890cbef@group-C2BDBBDF155D:t1, leader=null, voted=d81605c5-54b3-45a8-b5ae-2e8d8890cbef, raftlog=d81605c5-54b3-45a8-b5ae-2e8d8890cbef@group-C2BDBBDF155D-SegmentedRaftLog:OPENED:c-1,f-1,i0, conf=-1: [d81605c5-54b3-45a8-b5ae-2e8d8890cbef:192.168.164.201:42755, 7f29c796-0732-402f-b865-67033766dcba:192.168.164.201:40704, c07977b7-c8ef-4f3c-80b1-66a07c6e3dcd:192.168.164.201:38664], old=null
2019-10-17 20:28:21,492 [Thread-1073] INFO  impl.FollowerState (FollowerState.java:run(108)) - 7f29c796-0732-402f-b865-67033766dcba@group-C2BDBBDF155D-FollowerState: change to CANDIDATE, lastRpcTime:153ms, electionTimeout:148ms
2019-10-17 20:28:21,492 [Thread-1073] INFO  impl.RoleInfo (RoleInfo.java:shutdownFollowerState(121)) - 7f29c796-0732-402f-b865-67033766dcba: shutdown FollowerState
2019-10-17 20:28:21,492 [Thread-1073] INFO  impl.RaftServerImpl (RaftServerImpl.java:setRole(184)) - 7f29c796-0732-402f-b865-67033766dcba@group-C2BDBBDF155D: changes role from  FOLLOWER to CANDIDATE at term 0 for changeToCandidate
2019-10-17 20:28:21,492 [Thread-1073] INFO  impl.RoleInfo (RoleInfo.java:updateAndGet(143)) - 7f29c796-0732-402f-b865-67033766dcba: start LeaderElection
2019-10-17 20:28:21,513 [d81605c5-54b3-45a8-b5ae-2e8d8890cbef@group-C2BDBBDF155D-LeaderElection45] INFO  impl.LeaderElection (LeaderElection.java:askForVotes(178)) - d81605c5-54b3-45a8-b5ae-2e8d8890cbef@group-C2BDBBDF155D-LeaderElection45: begin an election at term 2 for -1: [d81605c5-54b3-45a8-b5ae-2e8d8890cbef:192.168.164.201:42755, 7f29c796-0732-402f-b865-67033766dcba:192.168.164.201:40704, c07977b7-c8ef-4f3c-80b1-66a07c6e3dcd:192.168.164.201:38664], old=null
2019-10-17 20:28:21,513 [7f29c796-0732-402f-b865-67033766dcba@group-C2BDBBDF155D-LeaderElection47] INFO  impl.LeaderElection (LeaderElection.java:askForVotes(178)) - 7f29c796-0732-402f-b865-67033766dcba@group-C2BDBBDF155D-LeaderElection47: begin an election at term 1 for -1: [d81605c5-54b3-45a8-b5ae-2e8d8890cbef:192.168.164.201:42755, 7f29c796-0732-402f-b865-67033766dcba:192.168.164.201:40704, c07977b7-c8ef-4f3c-80b1-66a07c6e3dcd:192.168.164.201:38664], old=null
2019-10-17 20:28:21,523 [c07977b7-c8ef-4f3c-80b1-66a07c6e3dcd@group-C2BDBBDF155D-LeaderElection46] INFO  impl.LeaderElection (LeaderElection.java:logAndReturn(56)) - c07977b7-c8ef-4f3c-80b1-66a07c6e3dcd@group-C2BDBBDF155D-LeaderElection46: Election DISCOVERED_A_NEW_TERM; received 1 response(s) [c07977b7-c8ef-4f3c-80b1-66a07c6e3dcd<-d81605c5-54b3-45a8-b5ae-2e8d8890cbef#0:FAIL-t2] and 0 exception(s); c07977b7-c8ef-4f3c-80b1-66a07c6e3dcd@group-C2BDBBDF155D:t1, leader=null, voted=c07977b7-c8ef-4f3c-80b1-66a07c6e3dcd, raftlog=c07977b7-c8ef-4f3c-80b1-66a07c6e3dcd@group-C2BDBBDF155D-SegmentedRaftLog:OPENED:c-1,f-1,i0, conf=-1: [d81605c5-54b3-45a8-b5ae-2e8d8890cbef:192.168.164.201:42755, 7f29c796-0732-402f-b865-67033766dcba:192.168.164.201:40704, c07977b7-c8ef-4f3c-80b1-66a07c6e3dcd:192.168.164.201:38664], old=null
2019-10-17 20:28:21,523 [d81605c5-54b3-45a8-b5ae-2e8d8890cbef@group-C2BDBBDF155D-LeaderElection45] INFO  impl.LeaderElection (LeaderElection.java:logAndReturn(56)) - d81605c5-54b3-45a8-b5ae-2e8d8890cbef@group-C2BDBBDF155D-LeaderElection45: Election TIMEOUT; received 0 response(s) [] and 0 exception(s); d81605c5-54b3-45a8-b5ae-2e8d8890cbef@group-C2BDBBDF155D:t2, leader=null, voted=d81605c5-54b3-45a8-b5ae-2e8d8890cbef, raftlog=d81605c5-54b3-45a8-b5ae-2e8d8890cbef@group-C2BDBBDF155D-SegmentedRaftLog:OPENED:c-1,f-1,i0, conf=-1: [d81605c5-54b3-45a8-b5ae-2e8d8890cbef:192.168.164.201:42755, 7f29c796-0732-402f-b865-67033766dcba:192.168.164.201:40704, c07977b7-c8ef-4f3c-80b1-66a07c6e3dcd:192.168.164.201:38664], old=null
2019-10-17 20:28:21,523 [c07977b7-c8ef-4f3c-80b1-66a07c6e3dcd@group-C2BDBBDF155D-LeaderElection46] INFO  impl.RaftServerImpl (RaftServerImpl.java:setRole(184)) - c07977b7-c8ef-4f3c-80b1-66a07c6e3dcd@group-C2BDBBDF155D: changes role from CANDIDATE to FOLLOWER at term 2 for DISCOVERED_A_NEW_TERM
2019-10-17 20:28:21,524 [7f29c796-0732-402f-b865-67033766dcba@group-C2BDBBDF155D-LeaderElection47] INFO  impl.LeaderElection (LeaderElection.java:logAndReturn(56)) - 7f29c796-0732-402f-b865-67033766dcba@group-C2BDBBDF155D-LeaderElection47: Election TIMEOUT; received 0 response(s) [] and 0 exception(s); 7f29c796-0732-402f-b865-67033766dcba@group-C2BDBBDF155D:t1, leader=null, voted=7f29c796-0732-402f-b865-67033766dcba, raftlog=7f29c796-0732-402f-b865-67033766dcba@group-C2BDBBDF155D-SegmentedRaftLog:OPENED:c-1,f-1,i0, conf=-1: [d81605c5-54b3-45a8-b5ae-2e8d8890cbef:192.168.164.201:42755, 7f29c796-0732-402f-b865-67033766dcba:192.168.164.201:40704, c07977b7-c8ef-4f3c-80b1-66a07c6e3dcd:192.168.164.201:38664], old=null
2019-10-17 20:28:21,524 [c07977b7-c8ef-4f3c-80b1-66a07c6e3dcd@group-C2BDBBDF155D-LeaderElection46] INFO  impl.RoleInfo (RoleInfo.java:shutdownLeaderElection(134)) - c07977b7-c8ef-4f3c-80b1-66a07c6e3dcd: shutdown LeaderElection
2019-10-17 20:28:21,524 [c07977b7-c8ef-4f3c-80b1-66a07c6e3dcd@group-C2BDBBDF155D-LeaderElection46] INFO  impl.RoleInfo (RoleInfo.java:updateAndGet(143)) - c07977b7-c8ef-4f3c-80b1-66a07c6e3dcd: start FollowerState
2019-10-17 20:28:21,530 [Thread-754] INFO  ozone.MiniOzoneClusterImpl (MiniOzoneClusterImpl.java:lambda$waitForClusterToBeReady$2(164)) - Waiting for 1 number of pipelines out of 4, to report a leader.
2019-10-17 20:28:21,547 [d81605c5-54b3-45a8-b5ae-2e8d8890cbef@group-C2BDBBDF155D-LeaderElection45] INFO  impl.LeaderElection (LeaderElection.java:askForVotes(178)) - d81605c5-54b3-45a8-b5ae-2e8d8890cbef@group-C2BDBBDF155D-LeaderElection45: begin an election at term 3 for -1: [d81605c5-54b3-45a8-b5ae-2e8d8890cbef:192.168.164.201:42755, 7f29c796-0732-402f-b865-67033766dcba:192.168.164.201:40704, c07977b7-c8ef-4f3c-80b1-66a07c6e3dcd:192.168.164.201:38664], old=null
2019-10-17 20:28:21,547 [7f29c796-0732-402f-b865-67033766dcba@group-C2BDBBDF155D-LeaderElection47] INFO  impl.LeaderElection (LeaderElection.java:askForVotes(178)) - 7f29c796-0732-402f-b865-67033766dcba@group-C2BDBBDF155D-LeaderElection47: begin an election at term 2 for -1: [d81605c5-54b3-45a8-b5ae-2e8d8890cbef:192.168.164.201:42755, 7f29c796-0732-402f-b865-67033766dcba:192.168.164.201:40704, c07977b7-c8ef-4f3c-80b1-66a07c6e3dcd:192.168.164.201:38664], old=null
2019-10-17 20:28:21,547 [grpc-default-executor-2] INFO  impl.RaftServerImpl (RaftServerImpl.java:setRole(184)) - c07977b7-c8ef-4f3c-80b1-66a07c6e3dcd@group-C2BDBBDF155D: changes role from  FOLLOWER to FOLLOWER at term 2 for recognizeCandidate:d81605c5-54b3-45a8-b5ae-2e8d8890cbef
2019-10-17 20:28:21,547 [grpc-default-executor-2] INFO  impl.RoleInfo (RoleInfo.java:shutdownFollowerState(121)) - c07977b7-c8ef-4f3c-80b1-66a07c6e3dcd: shutdown FollowerState
2019-10-17 20:28:21,548 [grpc-default-executor-2] INFO  impl.RoleInfo (RoleInfo.java:updateAndGet(143)) - c07977b7-c8ef-4f3c-80b1-66a07c6e3dcd: start FollowerState
2019-10-17 20:28:21,548 [Thread-1087] INFO  impl.FollowerState (FollowerState.java:run(117)) - c07977b7-c8ef-4f3c-80b1-66a07c6e3dcd@group-C2BDBBDF155D-FollowerState was interrupted: java.lang.InterruptedException: sleep interrupted
2019-10-17 20:28:21,550 [grpc-default-executor-3] INFO  impl.RaftServerImpl (RaftServerImpl.java:setRole(184)) - 7f29c796-0732-402f-b865-67033766dcba@group-C2BDBBDF155D: changes role from CANDIDATE to FOLLOWER at term 3 for recognizeCandidate:d81605c5-54b3-45a8-b5ae-2e8d8890cbef
2019-10-17 20:28:21,550 [grpc-default-executor-3] INFO  impl.RoleInfo (RoleInfo.java:shutdownLeaderElection(134)) - 7f29c796-0732-402f-b865-67033766dcba: shutdown LeaderElection
2019-10-17 20:28:21,550 [grpc-default-executor-3] INFO  impl.RoleInfo (RoleInfo.java:updateAndGet(143)) - 7f29c796-0732-402f-b865-67033766dcba: start FollowerState
2019-10-17 20:28:21,554 [7f29c796-0732-402f-b865-67033766dcba@group-C2BDBBDF155D-LeaderElection47] INFO  impl.LeaderElection (LeaderElection.java:logAndReturn(56)) - 7f29c796-0732-402f-b865-67033766dcba@group-C2BDBBDF155D-LeaderElection47: Election DISCOVERED_A_NEW_TERM; received 1 response(s) [7f29c796-0732-402f-b865-67033766dcba<-d81605c5-54b3-45a8-b5ae-2e8d8890cbef#0:FAIL-t3] and 0 exception(s); 7f29c796-0732-402f-b865-67033766dcba@group-C2BDBBDF155D:t3, leader=null, voted=null, raftlog=7f29c796-0732-402f-b865-67033766dcba@group-C2BDBBDF155D-SegmentedRaftLog:OPENED:c-1,f-1,i0, conf=-1: [d81605c5-54b3-45a8-b5ae-2e8d8890cbef:192.168.164.201:42755, 7f29c796-0732-402f-b865-67033766dcba:192.168.164.201:40704, c07977b7-c8ef-4f3c-80b1-66a07c6e3dcd:192.168.164.201:38664], old=null
2019-10-17 20:28:21,572 [grpc-default-executor-4] INFO  impl.RaftServerImpl (RaftServerImpl.java:setRole(184)) - c07977b7-c8ef-4f3c-80b1-66a07c6e3dcd@group-C2BDBBDF155D: changes role from  FOLLOWER to FOLLOWER at term 3 for recognizeCandidate:d81605c5-54b3-45a8-b5ae-2e8d8890cbef
2019-10-17 20:28:21,573 [grpc-default-executor-4] INFO  impl.RoleInfo (RoleInfo.java:shutdownFollowerState(121)) - c07977b7-c8ef-4f3c-80b1-66a07c6e3dcd: shutdown FollowerState
2019-10-17 20:28:21,573 [grpc-default-executor-4] INFO  impl.RoleInfo (RoleInfo.java:updateAndGet(143)) - c07977b7-c8ef-4f3c-80b1-66a07c6e3dcd: start FollowerState
2019-10-17 20:28:21,573 [Thread-1091] INFO  impl.FollowerState (FollowerState.java:run(117)) - c07977b7-c8ef-4f3c-80b1-66a07c6e3dcd@group-C2BDBBDF155D-FollowerState was interrupted: java.lang.InterruptedException: sleep interrupted
2019-10-17 20:28:21,598 [Thread-1094] INFO  impl.FollowerState (FollowerState.java:run(108)) - c07977b7-c8ef-4f3c-80b1-66a07c6e3dcd@group-C2BDBBDF155D-FollowerState: change to CANDIDATE, lastRpcTime:24ms, electionTimeout:16ms
2019-10-17 20:28:21,598 [Thread-1094] INFO  impl.RoleInfo (RoleInfo.java:shutdownFollowerState(121)) - c07977b7-c8ef-4f3c-80b1-66a07c6e3dcd: shutdown FollowerState
2019-10-17 20:28:21,598 [Thread-1094] INFO  impl.RaftServerImpl (RaftServerImpl.java:setRole(184)) - c07977b7-c8ef-4f3c-80b1-66a07c6e3dcd@group-C2BDBBDF155D: changes role from  FOLLOWER to CANDIDATE at term 3 for changeToCandidate
2019-10-17 20:28:21,598 [Thread-1094] INFO  impl.RoleInfo (RoleInfo.java:updateAndGet(143)) - c07977b7-c8ef-4f3c-80b1-66a07c6e3dcd: start LeaderElection
2019-10-17 20:28:21,599 [d81605c5-54b3-45a8-b5ae-2e8d8890cbef@group-C2BDBBDF155D-LeaderElection45] INFO  impl.LeaderElection (LeaderElection.java:logAndReturn(56)) - d81605c5-54b3-45a8-b5ae-2e8d8890cbef@group-C2BDBBDF155D-LeaderElection45: Election PASSED; received 2 response(s) [d81605c5-54b3-45a8-b5ae-2e8d8890cbef<-7f29c796-0732-402f-b865-67033766dcba#0:FAIL-t3, d81605c5-54b3-45a8-b5ae-2e8d8890cbef<-c07977b7-c8ef-4f3c-80b1-66a07c6e3dcd#0:OK-t3] and 0 exception(s); d81605c5-54b3-45a8-b5ae-2e8d8890cbef@group-C2BDBBDF155D:t3, leader=null, voted=d81605c5-54b3-45a8-b5ae-2e8d8890cbef, raftlog=d81605c5-54b3-45a8-b5ae-2e8d8890cbef@group-C2BDBBDF155D-SegmentedRaftLog:OPENED:c-1,f-1,i0, conf=-1: [d81605c5-54b3-45a8-b5ae-2e8d8890cbef:192.168.164.201:42755, 7f29c796-0732-402f-b865-67033766dcba:192.168.164.201:40704, c07977b7-c8ef-4f3c-80b1-66a07c6e3dcd:192.168.164.201:38664], old=null
2019-10-17 20:28:21,600 [d81605c5-54b3-45a8-b5ae-2e8d8890cbef@group-C2BDBBDF155D-LeaderElection45] INFO  impl.RoleInfo (RoleInfo.java:shutdownLeaderElection(134)) - d81605c5-54b3-45a8-b5ae-2e8d8890cbef: shutdown LeaderElection
2019-10-17 20:28:21,600 [d81605c5-54b3-45a8-b5ae-2e8d8890cbef@group-C2BDBBDF155D-LeaderElection45] INFO  impl.RaftServerImpl (RaftServerImpl.java:setRole(184)) - d81605c5-54b3-45a8-b5ae-2e8d8890cbef@group-C2BDBBDF155D: changes role from CANDIDATE to LEADER at term 3 for changeToLeader
2019-10-17 20:28:21,600 [d81605c5-54b3-45a8-b5ae-2e8d8890cbef@group-C2BDBBDF155D-LeaderElection45] INFO  ratis.XceiverServerRatis (XceiverServerRatis.java:handleLeaderChangedNotification(700)) - Leader change notification received for group: group-C2BDBBDF155D with new leaderId: d81605c5-54b3-45a8-b5ae-2e8d8890cbef
2019-10-17 20:28:21,600 [d81605c5-54b3-45a8-b5ae-2e8d8890cbef@group-C2BDBBDF155D-LeaderElection45] INFO  impl.RaftServerImpl (ServerState.java:setLeader(256)) - d81605c5-54b3-45a8-b5ae-2e8d8890cbef@group-C2BDBBDF155D: change Leader from null to d81605c5-54b3-45a8-b5ae-2e8d8890cbef at term 3 for becomeLeader, leader elected after 278ms
2019-10-17 20:28:21,600 [d81605c5-54b3-45a8-b5ae-2e8d8890cbef@group-C2BDBBDF155D-LeaderElection45] INFO  server.RaftServerConfigKeys (ConfUtils.java:logGet(43)) - raft.server.staging.catchup.gap = 1000 (default)
2019-10-17 20:28:21,601 [d81605c5-54b3-45a8-b5ae-2e8d8890cbef@group-C2BDBBDF155D-LeaderElection45] INFO  server.RaftServerConfigKeys (ConfUtils.java:logGet(43)) - raft.server.rpc.sleep.time = 25ms (default)
2019-10-17 20:28:21,601 [d81605c5-54b3-45a8-b5ae-2e8d8890cbef@group-C2BDBBDF155D-LeaderElection45] INFO  server.RaftServerConfigKeys (ConfUtils.java:logGet(43)) - raft.server.write.element-limit = 4096 (default)
2019-10-17 20:28:21,601 [d81605c5-54b3-45a8-b5ae-2e8d8890cbef@group-C2BDBBDF155D-LeaderElection45] INFO  server.RaftServerConfigKeys (ConfUtils.java:logGet(43)) - raft.server.watch.timeout = 10s (default)
2019-10-17 20:28:21,601 [d81605c5-54b3-45a8-b5ae-2e8d8890cbef@group-C2BDBBDF155D-LeaderElection45] INFO  server.RaftServerConfigKeys (ConfUtils.java:logGet(43)) - raft.server.watch.timeout.denomination = 1s (default)
2019-10-17 20:28:21,602 [d81605c5-54b3-45a8-b5ae-2e8d8890cbef@group-C2BDBBDF155D-LeaderElection45] INFO  server.RaftServerConfigKeys (ConfUtils.java:logGet(43)) - raft.server.watch.element-limit = 65536 (default)
2019-10-17 20:28:21,602 [EventQueue-PipelineReportForPipelineReportHandler] INFO  pipeline.PipelineReportHandler (PipelineReportHandler.java:processPipelineReport(119)) - Pipeline PipelineID=fd242897-641f-4213-a2e1-c2bdbbdf155d reported by d81605c5-54b3-45a8-b5ae-2e8d8890cbef{ip: 192.168.164.201, host: pr-hdds-1868-s6sc9-3720172378, networkLocation: /default-rack, certSerialId: null} with leaderId d81605c5-54b3-45a8-b5ae-2e8d8890cbef
2019-10-17 20:28:21,604 [d81605c5-54b3-45a8-b5ae-2e8d8890cbef@group-C2BDBBDF155D-LeaderElection45] INFO  server.RaftServerConfigKeys (ConfUtils.java:logGet(43)) - raft.server.log.appender.snapshot.chunk.size.max = 16MB (=16777216) (default)
2019-10-17 20:28:21,604 [d81605c5-54b3-45a8-b5ae-2e8d8890cbef@group-C2BDBBDF155D-LeaderElection45] INFO  server.RaftServerConfigKeys (ConfUtils.java:logGet(43)) - raft.server.log.appender.buffer.byte-limit = 33554432 (custom)
2019-10-17 20:28:21,604 [d81605c5-54b3-45a8-b5ae-2e8d8890cbef@group-C2BDBBDF155D-LeaderElection45] INFO  server.RaftServerConfigKeys (ConfUtils.java:logGet(43)) - raft.server.log.appender.buffer.element-limit = 1 (custom)
2019-10-17 20:28:21,605 [d81605c5-54b3-45a8-b5ae-2e8d8890cbef@group-C2BDBBDF155D-LeaderElection45] INFO  grpc.GrpcConfigKeys$Server (ConfUtils.java:logGet(43)) - raft.grpc.server.leader.outstanding.appends.max = 128 (default)
2019-10-17 20:28:21,605 [d81605c5-54b3-45a8-b5ae-2e8d8890cbef@group-C2BDBBDF155D-LeaderElection45] INFO  server.RaftServerConfigKeys (ConfUtils.java:logGet(43)) - raft.server.rpc.request.timeout = 3000ms (default)
2019-10-17 20:28:21,605 [d81605c5-54b3-45a8-b5ae-2e8d8890cbef@group-C2BDBBDF155D-LeaderElection45] INFO  server.RaftServerConfigKeys (ConfUtils.java:logGet(43)) - raft.server.log.appender.install.snapshot.enabled = false (custom)
2019-10-17 20:28:21,607 [d81605c5-54b3-45a8-b5ae-2e8d8890cbef@group-C2BDBBDF155D-LeaderElection45] INFO  server.RaftServerConfigKeys (ConfUtils.java:logGet(43)) - raft.server.log.appender.snapshot.chunk.size.max = 16MB (=16777216) (default)
2019-10-17 20:28:21,608 [d81605c5-54b3-45a8-b5ae-2e8d8890cbef@group-C2BDBBDF155D-LeaderElection45] INFO  server.RaftServerConfigKeys (ConfUtils.java:logGet(43)) - raft.server.log.appender.buffer.byte-limit = 33554432 (custom)
2019-10-17 20:28:21,608 [d81605c5-54b3-45a8-b5ae-2e8d8890cbef@group-C2BDBBDF155D-LeaderElection45] INFO  server.RaftServerConfigKeys (ConfUtils.java:logGet(43)) - raft.server.log.appender.buffer.element-limit = 1 (custom)
2019-10-17 20:28:21,608 [d81605c5-54b3-45a8-b5ae-2e8d8890cbef@group-C2BDBBDF155D-LeaderElection45] INFO  grpc.GrpcConfigKeys$Server (ConfUtils.java:logGet(43)) - raft.grpc.server.leader.outstanding.appends.max = 128 (default)
2019-10-17 20:28:21,608 [d81605c5-54b3-45a8-b5ae-2e8d8890cbef@group-C2BDBBDF155D-LeaderElection45] INFO  server.RaftServerConfigKeys (ConfUtils.java:logGet(43)) - raft.server.rpc.request.timeout = 3000ms (default)
2019-10-17 20:28:21,609 [d81605c5-54b3-45a8-b5ae-2e8d8890cbef@group-C2BDBBDF155D-LeaderElection45] INFO  server.RaftServerConfigKeys (ConfUtils.java:logGet(43)) - raft.server.log.appender.install.snapshot.enabled = false (custom)
2019-10-17 20:28:21,611 [d81605c5-54b3-45a8-b5ae-2e8d8890cbef@group-C2BDBBDF155D-LeaderElection45] INFO  impl.RoleInfo (RoleInfo.java:updateAndGet(143)) - d81605c5-54b3-45a8-b5ae-2e8d8890cbef: start LeaderState
2019-10-17 20:28:21,611 [d81605c5-54b3-45a8-b5ae-2e8d8890cbef@group-C2BDBBDF155D-LeaderElection45] INFO  segmented.SegmentedRaftLogWorker (SegmentedRaftLogWorker.java:startLogSegment(385)) - d81605c5-54b3-45a8-b5ae-2e8d8890cbef@group-C2BDBBDF155D-SegmentedRaftLogWorker: Starting segment from index:0
2019-10-17 20:28:21,612 [d81605c5-54b3-45a8-b5ae-2e8d8890cbef@group-C2BDBBDF155D-LeaderElection45] INFO  impl.RaftServerImpl (ServerState.java:setRaftConf(357)) - d81605c5-54b3-45a8-b5ae-2e8d8890cbef@group-C2BDBBDF155D: set configuration 0: [d81605c5-54b3-45a8-b5ae-2e8d8890cbef:192.168.164.201:42755, 7f29c796-0732-402f-b865-67033766dcba:192.168.164.201:40704, c07977b7-c8ef-4f3c-80b1-66a07c6e3dcd:192.168.164.201:38664], old=null at 0
2019-10-17 20:28:21,615 [grpc-default-executor-4] INFO  ratis.XceiverServerRatis (XceiverServerRatis.java:handleLeaderChangedNotification(700)) - Leader change notification received for group: group-C2BDBBDF155D with new leaderId: d81605c5-54b3-45a8-b5ae-2e8d8890cbef
2019-10-17 20:28:21,616 [grpc-default-executor-4] INFO  impl.RaftServerImpl (ServerState.java:setLeader(256)) - 7f29c796-0732-402f-b865-67033766dcba@group-C2BDBBDF155D: change Leader from null to d81605c5-54b3-45a8-b5ae-2e8d8890cbef at term 3 for appendEntries, leader elected after 293ms
2019-10-17 20:28:21,617 [EventQueue-PipelineReportForPipelineReportHandler] INFO  pipeline.PipelineReportHandler (PipelineReportHandler.java:processPipelineReport(119)) - Pipeline PipelineID=fd242897-641f-4213-a2e1-c2bdbbdf155d reported by 7f29c796-0732-402f-b865-67033766dcba{ip: 192.168.164.201, host: pr-hdds-1868-s6sc9-3720172378, networkLocation: /default-rack, certSerialId: null} with leaderId d81605c5-54b3-45a8-b5ae-2e8d8890cbef
2019-10-17 20:28:21,620 [grpc-default-executor-4] INFO  impl.RaftServerImpl (ServerState.java:setRaftConf(357)) - 7f29c796-0732-402f-b865-67033766dcba@group-C2BDBBDF155D: set configuration 0: [d81605c5-54b3-45a8-b5ae-2e8d8890cbef:192.168.164.201:42755, 7f29c796-0732-402f-b865-67033766dcba:192.168.164.201:40704, c07977b7-c8ef-4f3c-80b1-66a07c6e3dcd:192.168.164.201:38664], old=null at 0
2019-10-17 20:28:21,621 [grpc-default-executor-4] INFO  segmented.SegmentedRaftLogWorker (SegmentedRaftLogWorker.java:startLogSegment(385)) - 7f29c796-0732-402f-b865-67033766dcba@group-C2BDBBDF155D-SegmentedRaftLogWorker: Starting segment from index:0
2019-10-17 20:28:21,623 [c07977b7-c8ef-4f3c-80b1-66a07c6e3dcd@group-C2BDBBDF155D-LeaderElection48] INFO  impl.LeaderElection (LeaderElection.java:askForVotes(178)) - c07977b7-c8ef-4f3c-80b1-66a07c6e3dcd@group-C2BDBBDF155D-LeaderElection48: begin an election at term 4 for -1: [d81605c5-54b3-45a8-b5ae-2e8d8890cbef:192.168.164.201:42755, 7f29c796-0732-402f-b865-67033766dcba:192.168.164.201:40704, c07977b7-c8ef-4f3c-80b1-66a07c6e3dcd:192.168.164.201:38664], old=null
2019-10-17 20:28:21,624 [Thread-1096] INFO  impl.RaftServerImpl (ServerState.java:setLeader(256)) - d81605c5-54b3-45a8-b5ae-2e8d8890cbef@group-C2BDBBDF155D: change Leader from d81605c5-54b3-45a8-b5ae-2e8d8890cbef to null at term 4 for updateCurrentTerm
2019-10-17 20:28:21,624 [Thread-1096] INFO  impl.RaftServerImpl (RaftServerImpl.java:setRole(184)) - d81605c5-54b3-45a8-b5ae-2e8d8890cbef@group-C2BDBBDF155D: changes role from    LEADER to FOLLOWER at term 4 for stepDown
2019-10-17 20:28:21,624 [Thread-1096] INFO  impl.RoleInfo (RoleInfo.java:shutdownLeaderState(104)) - d81605c5-54b3-45a8-b5ae-2e8d8890cbef: shutdown LeaderState
2019-10-17 20:28:21,667 [org.apache.ratis.server.impl.LogAppender$AppenderDaemon$$Lambda$430/273387813@538f4cab] WARN  server.GrpcLogAppender (GrpcLogAppender.java:mayWait(149)) - d81605c5-54b3-45a8-b5ae-2e8d8890cbef@group-C2BDBBDF155D->c07977b7-c8ef-4f3c-80b1-66a07c6e3dcd-GrpcLogAppender: Wait interrupted by java.lang.InterruptedException
2019-10-17 20:28:21,668 [org.apache.ratis.server.impl.LogAppender$AppenderDaemon$$Lambda$430/273387813@146f59bd] WARN  server.GrpcLogAppender (GrpcLogAppender.java:mayWait(149)) - d81605c5-54b3-45a8-b5ae-2e8d8890cbef@group-C2BDBBDF155D->7f29c796-0732-402f-b865-67033766dcba-GrpcLogAppender: Wait interrupted by java.lang.InterruptedException
2019-10-17 20:28:21,669 [c07977b7-c8ef-4f3c-80b1-66a07c6e3dcd@group-C2BDBBDF155D-LeaderElection48] INFO  impl.LeaderElection (LeaderElection.java:logAndReturn(56)) - c07977b7-c8ef-4f3c-80b1-66a07c6e3dcd@group-C2BDBBDF155D-LeaderElection48: Election TIMEOUT; received 0 response(s) [] and 0 exception(s); c07977b7-c8ef-4f3c-80b1-66a07c6e3dcd@group-C2BDBBDF155D:t4, leader=null, voted=c07977b7-c8ef-4f3c-80b1-66a07c6e3dcd, raftlog=c07977b7-c8ef-4f3c-80b1-66a07c6e3dcd@group-C2BDBBDF155D-SegmentedRaftLog:OPENED:c-1,f-1,i0, conf=-1: [d81605c5-54b3-45a8-b5ae-2e8d8890cbef:192.168.164.201:42755, 7f29c796-0732-402f-b865-67033766dcba:192.168.164.201:40704, c07977b7-c8ef-4f3c-80b1-66a07c6e3dcd:192.168.164.201:38664], old=null
2019-10-17 20:28:21,667 [Thread-1096] INFO  impl.PendingRequests (PendingRequests.java:sendNotLeaderResponses(202)) - d81605c5-54b3-45a8-b5ae-2e8d8890cbef@group-C2BDBBDF155D-PendingRequests: sendNotLeaderResponses
2019-10-17 20:28:21,669 [Thread-1096] INFO  impl.RoleInfo (RoleInfo.java:updateAndGet(143)) - d81605c5-54b3-45a8-b5ae-2e8d8890cbef: start FollowerState
2019-10-17 20:28:21,670 [grpc-default-executor-4] INFO  server.GrpcServerProtocolService (GrpcServerProtocolService.java:onCompleted(113)) - c07977b7-c8ef-4f3c-80b1-66a07c6e3dcd: Completed APPEND_ENTRIES, lastRequest: d81605c5-54b3-45a8-b5ae-2e8d8890cbef->c07977b7-c8ef-4f3c-80b1-66a07c6e3dcd#0-t3, previous=(t:0, i:0), leaderCommit=-1, initializing? false, entries: <empty>
2019-10-17 20:28:21,670 [grpc-default-executor-0] INFO  server.GrpcServerProtocolService (GrpcServerProtocolService.java:onCompleted(113)) - 7f29c796-0732-402f-b865-67033766dcba: Completed APPEND_ENTRIES, lastRequest: d81605c5-54b3-45a8-b5ae-2e8d8890cbef->7f29c796-0732-402f-b865-67033766dcba#1-t3, previous=(t:0, i:0), leaderCommit=-1, initializing? false, entries: size=1, first=(t:3, i:0), CONFIGURATIONENTRY
2019-10-17 20:28:21,671 [grpc-default-executor-0] INFO  server.GrpcLogAppender (GrpcLogAppender.java:onCompleted(308)) - d81605c5-54b3-45a8-b5ae-2e8d8890cbef@group-C2BDBBDF155D->c07977b7-c8ef-4f3c-80b1-66a07c6e3dcd-AppendLogResponseHandler: follower responses appendEntries COMPLETED
2019-10-17 20:28:21,672 [grpc-default-executor-4] INFO  server.GrpcLogAppender (GrpcLogAppender.java:onCompleted(308)) - d81605c5-54b3-45a8-b5ae-2e8d8890cbef@group-C2BDBBDF155D->7f29c796-0732-402f-b865-67033766dcba-AppendLogResponseHandler: follower responses appendEntries COMPLETED
2019-10-17 20:28:21,673 [grpc-default-executor-1] INFO  impl.RaftServerImpl (ServerState.java:setLeader(256)) - 7f29c796-0732-402f-b865-67033766dcba@group-C2BDBBDF155D: change Leader from d81605c5-54b3-45a8-b5ae-2e8d8890cbef to null at term 4 for updateCurrentTerm
2019-10-17 20:28:21,673 [grpc-default-executor-0] INFO  impl.FollowerInfo (FollowerInfo.java:lambda$new$0(51)) - d81605c5-54b3-45a8-b5ae-2e8d8890cbef@group-C2BDBBDF155D->c07977b7-c8ef-4f3c-80b1-66a07c6e3dcd: nextIndex: updateUnconditionally 0 -> 0
2019-10-17 20:28:21,679 [grpc-default-executor-1] INFO  impl.RaftServerImpl (RaftServerImpl.java:setRole(184)) - 7f29c796-0732-402f-b865-67033766dcba@group-C2BDBBDF155D: changes role from  FOLLOWER to FOLLOWER at term 4 for recognizeCandidate:c07977b7-c8ef-4f3c-80b1-66a07c6e3dcd
2019-10-17 20:28:21,680 [grpc-default-executor-1] INFO  impl.RoleInfo (RoleInfo.java:shutdownFollowerState(121)) - 7f29c796-0732-402f-b865-67033766dcba: shutdown FollowerState
2019-10-17 20:28:21,680 [grpc-default-executor-4] INFO  impl.FollowerInfo (FollowerInfo.java:lambda$new$0(51)) - d81605c5-54b3-45a8-b5ae-2e8d8890cbef@group-C2BDBBDF155D->7f29c796-0732-402f-b865-67033766dcba: nextIndex: updateUnconditionally 1 -> 0
2019-10-17 20:28:21,680 [Thread-1093] INFO  impl.FollowerState (FollowerState.java:run(117)) - 7f29c796-0732-402f-b865-67033766dcba@group-C2BDBBDF155D-FollowerState was interrupted: java.lang.InterruptedException: sleep interrupted
2019-10-17 20:28:21,680 [grpc-default-executor-1] INFO  impl.RoleInfo (RoleInfo.java:updateAndGet(143)) - 7f29c796-0732-402f-b865-67033766dcba: start FollowerState
2019-10-17 20:28:21,690 [7f29c796-0732-402f-b865-67033766dcba@group-C2BDBBDF155D-SegmentedRaftLogWorker] INFO  segmented.SegmentedRaftLogWorker (SegmentedRaftLogWorker.java:execute(576)) - 7f29c796-0732-402f-b865-67033766dcba@group-C2BDBBDF155D-SegmentedRaftLogWorker: created new log segment /workdir/hadoop-ozone/ozonefs/target/test-dir/MiniOzoneClusterImpl-0df98be9-49e2-4eb9-b6e4-71f20c3f18cb/datanode-2/data/ratis/fd242897-641f-4213-a2e1-c2bdbbdf155d/current/log_inprogress_0
2019-10-17 20:28:21,691 [grpc-default-executor-2] INFO  impl.RaftServerImpl (RaftServerImpl.java:setRole(184)) - d81605c5-54b3-45a8-b5ae-2e8d8890cbef@group-C2BDBBDF155D: changes role from  FOLLOWER to FOLLOWER at term 4 for recognizeCandidate:c07977b7-c8ef-4f3c-80b1-66a07c6e3dcd
2019-10-17 20:28:21,690 [c07977b7-c8ef-4f3c-80b1-66a07c6e3dcd@group-C2BDBBDF155D-LeaderElection48] INFO  impl.LeaderElection (LeaderElection.java:askForVotes(178)) - c07977b7-c8ef-4f3c-80b1-66a07c6e3dcd@group-C2BDBBDF155D-LeaderElection48: begin an election at term 5 for -1: [d81605c5-54b3-45a8-b5ae-2e8d8890cbef:192.168.164.201:42755, 7f29c796-0732-402f-b865-67033766dcba:192.168.164.201:40704, c07977b7-c8ef-4f3c-80b1-66a07c6e3dcd:192.168.164.201:38664], old=null
2019-10-17 20:28:21,690 [d81605c5-54b3-45a8-b5ae-2e8d8890cbef@group-C2BDBBDF155D-SegmentedRaftLogWorker] INFO  segmented.SegmentedRaftLogWorker (SegmentedRaftLogWorker.java:execute(576)) - d81605c5-54b3-45a8-b5ae-2e8d8890cbef@group-C2BDBBDF155D-SegmentedRaftLogWorker: created new log segment /workdir/hadoop-ozone/ozonefs/target/test-dir/MiniOzoneClusterImpl-0df98be9-49e2-4eb9-b6e4-71f20c3f18cb/datanode-0/data/ratis/fd242897-641f-4213-a2e1-c2bdbbdf155d/current/log_inprogress_0
2019-10-17 20:28:21,691 [grpc-default-executor-2] INFO  impl.RoleInfo (RoleInfo.java:shutdownFollowerState(121)) - d81605c5-54b3-45a8-b5ae-2e8d8890cbef: shutdown FollowerState
2019-10-17 20:28:21,692 [grpc-default-executor-2] INFO  impl.RoleInfo (RoleInfo.java:updateAndGet(143)) - d81605c5-54b3-45a8-b5ae-2e8d8890cbef: start FollowerState
2019-10-17 20:28:21,692 [Thread-1104] INFO  impl.FollowerState (FollowerState.java:run(117)) - d81605c5-54b3-45a8-b5ae-2e8d8890cbef@group-C2BDBBDF155D-FollowerState was interrupted: java.lang.InterruptedException: sleep interrupted
2019-10-17 20:28:21,696 [grpc-default-executor-4] INFO  impl.RaftServerImpl (RaftServerImpl.java:setRole(184)) - d81605c5-54b3-45a8-b5ae-2e8d8890cbef@group-C2BDBBDF155D: changes role from  FOLLOWER to FOLLOWER at term 5 for recognizeCandidate:c07977b7-c8ef-4f3c-80b1-66a07c6e3dcd
2019-10-17 20:28:21,696 [grpc-default-executor-4] INFO  impl.RoleInfo (RoleInfo.java:shutdownFollowerState(121)) - d81605c5-54b3-45a8-b5ae-2e8d8890cbef: shutdown FollowerState
2019-10-17 20:28:21,696 [grpc-default-executor-4] INFO  impl.RoleInfo (RoleInfo.java:updateAndGet(143)) - d81605c5-54b3-45a8-b5ae-2e8d8890cbef: start FollowerState
2019-10-17 20:28:21,696 [Thread-1108] INFO  impl.FollowerState (FollowerState.java:run(117)) - d81605c5-54b3-45a8-b5ae-2e8d8890cbef@group-C2BDBBDF155D-FollowerState was interrupted: java.lang.InterruptedException: sleep interrupted
2019-10-17 20:28:21,707 [grpc-default-executor-2] INFO  impl.RaftServerImpl (RaftServerImpl.java:setRole(184)) - 7f29c796-0732-402f-b865-67033766dcba@group-C2BDBBDF155D: changes role from  FOLLOWER to FOLLOWER at term 5 for recognizeCandidate:c07977b7-c8ef-4f3c-80b1-66a07c6e3dcd
2019-10-17 20:28:21,707 [grpc-default-executor-2] INFO  impl.RoleInfo (RoleInfo.java:shutdownFollowerState(121)) - 7f29c796-0732-402f-b865-67033766dcba: shutdown FollowerState
2019-10-17 20:28:21,707 [grpc-default-executor-2] INFO  impl.RoleInfo (RoleInfo.java:updateAndGet(143)) - 7f29c796-0732-402f-b865-67033766dcba: start FollowerState
2019-10-17 20:28:21,707 [Thread-1105] INFO  impl.FollowerState (FollowerState.java:run(117)) - 7f29c796-0732-402f-b865-67033766dcba@group-C2BDBBDF155D-FollowerState was interrupted: java.lang.InterruptedException: sleep interrupted
2019-10-17 20:28:21,726 [c07977b7-c8ef-4f3c-80b1-66a07c6e3dcd@group-C2BDBBDF155D-LeaderElection48] INFO  impl.LeaderElection (LeaderElection.java:logAndReturn(56)) - c07977b7-c8ef-4f3c-80b1-66a07c6e3dcd@group-C2BDBBDF155D-LeaderElection48: Election REJECTED; received 2 response(s) [c07977b7-c8ef-4f3c-80b1-66a07c6e3dcd<-d81605c5-54b3-45a8-b5ae-2e8d8890cbef#0:FAIL-t5, c07977b7-c8ef-4f3c-80b1-66a07c6e3dcd<-7f29c796-0732-402f-b865-67033766dcba#0:FAIL-t5] and 0 exception(s); c07977b7-c8ef-4f3c-80b1-66a07c6e3dcd@group-C2BDBBDF155D:t5, leader=null, voted=c07977b7-c8ef-4f3c-80b1-66a07c6e3dcd, raftlog=c07977b7-c8ef-4f3c-80b1-66a07c6e3dcd@group-C2BDBBDF155D-SegmentedRaftLog:OPENED:c-1,f-1,i0, conf=-1: [d81605c5-54b3-45a8-b5ae-2e8d8890cbef:192.168.164.201:42755, 7f29c796-0732-402f-b865-67033766dcba:192.168.164.201:40704, c07977b7-c8ef-4f3c-80b1-66a07c6e3dcd:192.168.164.201:38664], old=null
2019-10-17 20:28:21,726 [c07977b7-c8ef-4f3c-80b1-66a07c6e3dcd@group-C2BDBBDF155D-LeaderElection48] INFO  impl.RaftServerImpl (RaftServerImpl.java:setRole(184)) - c07977b7-c8ef-4f3c-80b1-66a07c6e3dcd@group-C2BDBBDF155D: changes role from CANDIDATE to FOLLOWER at term 5 for DISCOVERED_A_NEW_TERM
2019-10-17 20:28:21,726 [c07977b7-c8ef-4f3c-80b1-66a07c6e3dcd@group-C2BDBBDF155D-LeaderElection48] INFO  impl.RoleInfo (RoleInfo.java:shutdownLeaderElection(134)) - c07977b7-c8ef-4f3c-80b1-66a07c6e3dcd: shutdown LeaderElection
2019-10-17 20:28:21,726 [c07977b7-c8ef-4f3c-80b1-66a07c6e3dcd@group-C2BDBBDF155D-LeaderElection48] INFO  impl.RoleInfo (RoleInfo.java:updateAndGet(143)) - c07977b7-c8ef-4f3c-80b1-66a07c6e3dcd: start FollowerState
2019-10-17 20:28:21,876 [Thread-1112] INFO  impl.FollowerState (FollowerState.java:run(108)) - c07977b7-c8ef-4f3c-80b1-66a07c6e3dcd@group-C2BDBBDF155D-FollowerState: change to CANDIDATE, lastRpcTime:149ms, electionTimeout:149ms
2019-10-17 20:28:21,876 [Thread-1112] INFO  impl.RoleInfo (RoleInfo.java:shutdownFollowerState(121)) - c07977b7-c8ef-4f3c-80b1-66a07c6e3dcd: shutdown FollowerState
2019-10-17 20:28:21,876 [Thread-1112] INFO  impl.RaftServerImpl (RaftServerImpl.java:setRole(184)) - c07977b7-c8ef-4f3c-80b1-66a07c6e3dcd@group-C2BDBBDF155D: changes role from  FOLLOWER to CANDIDATE at term 5 for changeToCandidate
2019-10-17 20:28:21,876 [Thread-1112] INFO  impl.RoleInfo (RoleInfo.java:updateAndGet(143)) - c07977b7-c8ef-4f3c-80b1-66a07c6e3dcd: start LeaderElection
2019-10-17 20:28:21,909 [c07977b7-c8ef-4f3c-80b1-66a07c6e3dcd@group-C2BDBBDF155D-LeaderElection49] INFO  impl.LeaderElection (LeaderElection.java:askForVotes(178)) - c07977b7-c8ef-4f3c-80b1-66a07c6e3dcd@group-C2BDBBDF155D-LeaderElection49: begin an election at term 6 for -1: [d81605c5-54b3-45a8-b5ae-2e8d8890cbef:192.168.164.201:42755, 7f29c796-0732-402f-b865-67033766dcba:192.168.164.201:40704, c07977b7-c8ef-4f3c-80b1-66a07c6e3dcd:192.168.164.201:38664], old=null
2019-10-17 20:28:21,913 [grpc-default-executor-4] INFO  impl.RaftServerImpl (RaftServerImpl.java:setRole(184)) - 7f29c796-0732-402f-b865-67033766dcba@group-C2BDBBDF155D: changes role from  FOLLOWER to FOLLOWER at term 6 for recognizeCandidate:c07977b7-c8ef-4f3c-80b1-66a07c6e3dcd
2019-10-17 20:28:21,913 [grpc-default-executor-2] INFO  impl.RaftServerImpl (RaftServerImpl.java:setRole(184)) - d81605c5-54b3-45a8-b5ae-2e8d8890cbef@group-C2BDBBDF155D: changes role from  FOLLOWER to FOLLOWER at term 6 for recognizeCandidate:c07977b7-c8ef-4f3c-80b1-66a07c6e3dcd
2019-10-17 20:28:21,913 [grpc-default-executor-4] INFO  impl.RoleInfo (RoleInfo.java:shutdownFollowerState(121)) - 7f29c796-0732-402f-b865-67033766dcba: shutdown FollowerState
2019-10-17 20:28:21,913 [grpc-default-executor-2] INFO  impl.RoleInfo (RoleInfo.java:shutdownFollowerState(121)) - d81605c5-54b3-45a8-b5ae-2e8d8890cbef: shutdown FollowerState
2019-10-17 20:28:21,914 [Thread-1111] INFO  impl.FollowerState (FollowerState.java:run(117)) - 7f29c796-0732-402f-b865-67033766dcba@group-C2BDBBDF155D-FollowerState was interrupted: java.lang.InterruptedException: sleep interrupted
2019-10-17 20:28:21,914 [grpc-default-executor-4] INFO  impl.RoleInfo (RoleInfo.java:updateAndGet(143)) - 7f29c796-0732-402f-b865-67033766dcba: start FollowerState
2019-10-17 20:28:21,914 [grpc-default-executor-2] INFO  impl.RoleInfo (RoleInfo.java:updateAndGet(143)) - d81605c5-54b3-45a8-b5ae-2e8d8890cbef: start FollowerState
2019-10-17 20:28:21,914 [Thread-1110] INFO  impl.FollowerState (FollowerState.java:run(117)) - d81605c5-54b3-45a8-b5ae-2e8d8890cbef@group-C2BDBBDF155D-FollowerState was interrupted: java.lang.InterruptedException: sleep interrupted
2019-10-17 20:28:21,945 [c07977b7-c8ef-4f3c-80b1-66a07c6e3dcd@group-C2BDBBDF155D-LeaderElection49] INFO  impl.LeaderElection (LeaderElection.java:logAndReturn(56)) - c07977b7-c8ef-4f3c-80b1-66a07c6e3dcd@group-C2BDBBDF155D-LeaderElection49: Election REJECTED; received 2 response(s) [c07977b7-c8ef-4f3c-80b1-66a07c6e3dcd<-d81605c5-54b3-45a8-b5ae-2e8d8890cbef#0:FAIL-t6, c07977b7-c8ef-4f3c-80b1-66a07c6e3dcd<-7f29c796-0732-402f-b865-67033766dcba#0:FAIL-t6] and 0 exception(s); c07977b7-c8ef-4f3c-80b1-66a07c6e3dcd@group-C2BDBBDF155D:t6, leader=null, voted=c07977b7-c8ef-4f3c-80b1-66a07c6e3dcd, raftlog=c07977b7-c8ef-4f3c-80b1-66a07c6e3dcd@group-C2BDBBDF155D-SegmentedRaftLog:OPENED:c-1,f-1,i0, conf=-1: [d81605c5-54b3-45a8-b5ae-2e8d8890cbef:192.168.164.201:42755, 7f29c796-0732-402f-b865-67033766dcba:192.168.164.201:40704, c07977b7-c8ef-4f3c-80b1-66a07c6e3dcd:192.168.164.201:38664], old=null
2019-10-17 20:28:21,945 [c07977b7-c8ef-4f3c-80b1-66a07c6e3dcd@group-C2BDBBDF155D-LeaderElection49] INFO  impl.RaftServerImpl (RaftServerImpl.java:setRole(184)) - c07977b7-c8ef-4f3c-80b1-66a07c6e3dcd@group-C2BDBBDF155D: changes role from CANDIDATE to FOLLOWER at term 6 for DISCOVERED_A_NEW_TERM
2019-10-17 20:28:21,945 [c07977b7-c8ef-4f3c-80b1-66a07c6e3dcd@group-C2BDBBDF155D-LeaderElection49] INFO  impl.RoleInfo (RoleInfo.java:shutdownLeaderElection(134)) - c07977b7-c8ef-4f3c-80b1-66a07c6e3dcd: shutdown LeaderElection
2019-10-17 20:28:21,945 [c07977b7-c8ef-4f3c-80b1-66a07c6e3dcd@group-C2BDBBDF155D-LeaderElection49] INFO  impl.RoleInfo (RoleInfo.java:updateAndGet(143)) - c07977b7-c8ef-4f3c-80b1-66a07c6e3dcd: start FollowerState
2019-10-17 20:28:22,006 [Thread-1118] INFO  impl.FollowerState (FollowerState.java:run(108)) - c07977b7-c8ef-4f3c-80b1-66a07c6e3dcd@group-C2BDBBDF155D-FollowerState: change to CANDIDATE, lastRpcTime:60ms, electionTimeout:60ms
2019-10-17 20:28:22,006 [Thread-1118] INFO  impl.RoleInfo (RoleInfo.java:shutdownFollowerState(121)) - c07977b7-c8ef-4f3c-80b1-66a07c6e3dcd: shutdown FollowerState
2019-10-17 20:28:22,007 [Thread-1118] INFO  impl.RaftServerImpl (RaftServerImpl.java:setRole(184)) - c07977b7-c8ef-4f3c-80b1-66a07c6e3dcd@group-C2BDBBDF155D: changes role from  FOLLOWER to CANDIDATE at term 6 for changeToCandidate
2019-10-17 20:28:22,007 [Thread-1118] INFO  impl.RoleInfo (RoleInfo.java:updateAndGet(143)) - c07977b7-c8ef-4f3c-80b1-66a07c6e3dcd: start LeaderElection
2019-10-17 20:28:22,034 [c07977b7-c8ef-4f3c-80b1-66a07c6e3dcd@group-C2BDBBDF155D-LeaderElection50] INFO  impl.LeaderElection (LeaderElection.java:askForVotes(178)) - c07977b7-c8ef-4f3c-80b1-66a07c6e3dcd@group-C2BDBBDF155D-LeaderElection50: begin an election at term 7 for -1: [d81605c5-54b3-45a8-b5ae-2e8d8890cbef:192.168.164.201:42755, 7f29c796-0732-402f-b865-67033766dcba:192.168.164.201:40704, c07977b7-c8ef-4f3c-80b1-66a07c6e3dcd:192.168.164.201:38664], old=null
2019-10-17 20:28:22,039 [grpc-default-executor-2] INFO  impl.RaftServerImpl (RaftServerImpl.java:setRole(184)) - 7f29c796-0732-402f-b865-67033766dcba@group-C2BDBBDF155D: changes role from  FOLLOWER to FOLLOWER at term 7 for recognizeCandidate:c07977b7-c8ef-4f3c-80b1-66a07c6e3dcd
2019-10-17 20:28:22,039 [grpc-default-executor-4] INFO  impl.RaftServerImpl (RaftServerImpl.java:setRole(184)) - d81605c5-54b3-45a8-b5ae-2e8d8890cbef@group-C2BDBBDF155D: changes role from  FOLLOWER to FOLLOWER at term 7 for recognizeCandidate:c07977b7-c8ef-4f3c-80b1-66a07c6e3dcd
2019-10-17 20:28:22,039 [grpc-default-executor-2] INFO  impl.RoleInfo (RoleInfo.java:shutdownFollowerState(121)) - 7f29c796-0732-402f-b865-67033766dcba: shutdown FollowerState
2019-10-17 20:28:22,039 [grpc-default-executor-4] INFO  impl.RoleInfo (RoleInfo.java:shutdownFollowerState(121)) - d81605c5-54b3-45a8-b5ae-2e8d8890cbef: shutdown FollowerState
2019-10-17 20:28:22,039 [Thread-1116] INFO  impl.FollowerState (FollowerState.java:run(117)) - 7f29c796-0732-402f-b865-67033766dcba@group-C2BDBBDF155D-FollowerState was interrupted: java.lang.InterruptedException: sleep interrupted
2019-10-17 20:28:22,040 [Thread-1117] INFO  impl.FollowerState (FollowerState.java:run(117)) - d81605c5-54b3-45a8-b5ae-2e8d8890cbef@group-C2BDBBDF155D-FollowerState was interrupted: java.lang.InterruptedException: sleep interrupted
2019-10-17 20:28:22,039 [grpc-default-executor-2] INFO  impl.RoleInfo (RoleInfo.java:updateAndGet(143)) - 7f29c796-0732-402f-b865-67033766dcba: start FollowerState
2019-10-17 20:28:22,039 [grpc-default-executor-4] INFO  impl.RoleInfo (RoleInfo.java:updateAndGet(143)) - d81605c5-54b3-45a8-b5ae-2e8d8890cbef: start FollowerState
2019-10-17 20:28:22,070 [c07977b7-c8ef-4f3c-80b1-66a07c6e3dcd@group-C2BDBBDF155D-LeaderElection50] INFO  impl.LeaderElection (LeaderElection.java:logAndReturn(56)) - c07977b7-c8ef-4f3c-80b1-66a07c6e3dcd@group-C2BDBBDF155D-LeaderElection50: Election REJECTED; received 2 response(s) [c07977b7-c8ef-4f3c-80b1-66a07c6e3dcd<-d81605c5-54b3-45a8-b5ae-2e8d8890cbef#0:FAIL-t7, c07977b7-c8ef-4f3c-80b1-66a07c6e3dcd<-7f29c796-0732-402f-b865-67033766dcba#0:FAIL-t7] and 0 exception(s); c07977b7-c8ef-4f3c-80b1-66a07c6e3dcd@group-C2BDBBDF155D:t7, leader=null, voted=c07977b7-c8ef-4f3c-80b1-66a07c6e3dcd, raftlog=c07977b7-c8ef-4f3c-80b1-66a07c6e3dcd@group-C2BDBBDF155D-SegmentedRaftLog:OPENED:c-1,f-1,i0, conf=-1: [d81605c5-54b3-45a8-b5ae-2e8d8890cbef:192.168.164.201:42755, 7f29c796-0732-402f-b865-67033766dcba:192.168.164.201:40704, c07977b7-c8ef-4f3c-80b1-66a07c6e3dcd:192.168.164.201:38664], old=null
2019-10-17 20:28:22,070 [c07977b7-c8ef-4f3c-80b1-66a07c6e3dcd@group-C2BDBBDF155D-LeaderElection50] INFO  impl.RaftServerImpl (RaftServerImpl.java:setRole(184)) - c07977b7-c8ef-4f3c-80b1-66a07c6e3dcd@group-C2BDBBDF155D: changes role from CANDIDATE to FOLLOWER at term 7 for DISCOVERED_A_NEW_TERM
2019-10-17 20:28:22,071 [c07977b7-c8ef-4f3c-80b1-66a07c6e3dcd@group-C2BDBBDF155D-LeaderElection50] INFO  impl.RoleInfo (RoleInfo.java:shutdownLeaderElection(134)) - c07977b7-c8ef-4f3c-80b1-66a07c6e3dcd: shutdown LeaderElection
2019-10-17 20:28:22,071 [c07977b7-c8ef-4f3c-80b1-66a07c6e3dcd@group-C2BDBBDF155D-LeaderElection50] INFO  impl.RoleInfo (RoleInfo.java:updateAndGet(143)) - c07977b7-c8ef-4f3c-80b1-66a07c6e3dcd: start FollowerState
2019-10-17 20:28:22,264 [Thread-1124] INFO  impl.FollowerState (FollowerState.java:run(108)) - c07977b7-c8ef-4f3c-80b1-66a07c6e3dcd@group-C2BDBBDF155D-FollowerState: change to CANDIDATE, lastRpcTime:193ms, electionTimeout:193ms
2019-10-17 20:28:22,264 [Thread-1124] INFO  impl.RoleInfo (RoleInfo.java:shutdownFollowerState(121)) - c07977b7-c8ef-4f3c-80b1-66a07c6e3dcd: shutdown FollowerState
2019-10-17 20:28:22,265 [Thread-1124] INFO  impl.RaftServerImpl (RaftServerImpl.java:setRole(184)) - c07977b7-c8ef-4f3c-80b1-66a07c6e3dcd@group-C2BDBBDF155D: changes role from  FOLLOWER to CANDIDATE at term 7 for changeToCandidate
2019-10-17 20:28:22,265 [Thread-1124] INFO  impl.RoleInfo (RoleInfo.java:updateAndGet(143)) - c07977b7-c8ef-4f3c-80b1-66a07c6e3dcd: start LeaderElection
2019-10-17 20:28:22,293 [c07977b7-c8ef-4f3c-80b1-66a07c6e3dcd@group-C2BDBBDF155D-LeaderElection51] INFO  impl.LeaderElection (LeaderElection.java:askForVotes(178)) - c07977b7-c8ef-4f3c-80b1-66a07c6e3dcd@group-C2BDBBDF155D-LeaderElection51: begin an election at term 8 for -1: [d81605c5-54b3-45a8-b5ae-2e8d8890cbef:192.168.164.201:42755, 7f29c796-0732-402f-b865-67033766dcba:192.168.164.201:40704, c07977b7-c8ef-4f3c-80b1-66a07c6e3dcd:192.168.164.201:38664], old=null
2019-10-17 20:28:22,297 [grpc-default-executor-2] INFO  impl.RaftServerImpl (RaftServerImpl.java:setRole(184)) - d81605c5-54b3-45a8-b5ae-2e8d8890cbef@group-C2BDBBDF155D: changes role from  FOLLOWER to FOLLOWER at term 8 for recognizeCandidate:c07977b7-c8ef-4f3c-80b1-66a07c6e3dcd
2019-10-17 20:28:22,297 [grpc-default-executor-2] INFO  impl.RoleInfo (RoleInfo.java:shutdownFollowerState(121)) - d81605c5-54b3-45a8-b5ae-2e8d8890cbef: shutdown FollowerState
2019-10-17 20:28:22,297 [grpc-default-executor-4] INFO  impl.RaftServerImpl (RaftServerImpl.java:setRole(184)) - 7f29c796-0732-402f-b865-67033766dcba@group-C2BDBBDF155D: changes role from  FOLLOWER to FOLLOWER at term 8 for recognizeCandidate:c07977b7-c8ef-4f3c-80b1-66a07c6e3dcd
2019-10-17 20:28:22,297 [Thread-1123] INFO  impl.FollowerState (FollowerState.java:run(117)) - d81605c5-54b3-45a8-b5ae-2e8d8890cbef@group-C2BDBBDF155D-FollowerState was interrupted: java.lang.InterruptedException: sleep interrupted
2019-10-17 20:28:22,297 [grpc-default-executor-2] INFO  impl.RoleInfo (RoleInfo.java:updateAndGet(143)) - d81605c5-54b3-45a8-b5ae-2e8d8890cbef: start FollowerState
2019-10-17 20:28:22,297 [grpc-default-executor-4] INFO  impl.RoleInfo (RoleInfo.java:shutdownFollowerState(121)) - 7f29c796-0732-402f-b865-67033766dcba: shutdown FollowerState
2019-10-17 20:28:22,298 [grpc-default-executor-4] INFO  impl.RoleInfo (RoleInfo.java:updateAndGet(143)) - 7f29c796-0732-402f-b865-67033766dcba: start FollowerState
2019-10-17 20:28:22,298 [Thread-1122] INFO  impl.FollowerState (FollowerState.java:run(117)) - 7f29c796-0732-402f-b865-67033766dcba@group-C2BDBBDF155D-FollowerState was interrupted: java.lang.InterruptedException: sleep interrupted
2019-10-17 20:28:22,320 [c07977b7-c8ef-4f3c-80b1-66a07c6e3dcd@group-C2BDBBDF155D-LeaderElection51] INFO  impl.LeaderElection (LeaderElection.java:logAndReturn(56)) - c07977b7-c8ef-4f3c-80b1-66a07c6e3dcd@group-C2BDBBDF155D-LeaderElection51: Election REJECTED; received 2 response(s) [c07977b7-c8ef-4f3c-80b1-66a07c6e3dcd<-d81605c5-54b3-45a8-b5ae-2e8d8890cbef#0:FAIL-t8, c07977b7-c8ef-4f3c-80b1-66a07c6e3dcd<-7f29c796-0732-402f-b865-67033766dcba#0:FAIL-t8] and 0 exception(s); c07977b7-c8ef-4f3c-80b1-66a07c6e3dcd@group-C2BDBBDF155D:t8, leader=null, voted=c07977b7-c8ef-4f3c-80b1-66a07c6e3dcd, raftlog=c07977b7-c8ef-4f3c-80b1-66a07c6e3dcd@group-C2BDBBDF155D-SegmentedRaftLog:OPENED:c-1,f-1,i0, conf=-1: [d81605c5-54b3-45a8-b5ae-2e8d8890cbef:192.168.164.201:42755, 7f29c796-0732-402f-b865-67033766dcba:192.168.164.201:40704, c07977b7-c8ef-4f3c-80b1-66a07c6e3dcd:192.168.164.201:38664], old=null
2019-10-17 20:28:22,321 [c07977b7-c8ef-4f3c-80b1-66a07c6e3dcd@group-C2BDBBDF155D-LeaderElection51] INFO  impl.RaftServerImpl (RaftServerImpl.java:setRole(184)) - c07977b7-c8ef-4f3c-80b1-66a07c6e3dcd@group-C2BDBBDF155D: changes role from CANDIDATE to FOLLOWER at term 8 for DISCOVERED_A_NEW_TERM
2019-10-17 20:28:22,321 [c07977b7-c8ef-4f3c-80b1-66a07c6e3dcd@group-C2BDBBDF155D-LeaderElection51] INFO  impl.RoleInfo (RoleInfo.java:shutdownLeaderElection(134)) - c07977b7-c8ef-4f3c-80b1-66a07c6e3dcd: shutdown LeaderElection
2019-10-17 20:28:22,321 [c07977b7-c8ef-4f3c-80b1-66a07c6e3dcd@group-C2BDBBDF155D-LeaderElection51] INFO  impl.RoleInfo (RoleInfo.java:updateAndGet(143)) - c07977b7-c8ef-4f3c-80b1-66a07c6e3dcd: start FollowerState
2019-10-17 20:28:22,344 [Thread-1130] INFO  impl.FollowerState (FollowerState.java:run(108)) - c07977b7-c8ef-4f3c-80b1-66a07c6e3dcd@group-C2BDBBDF155D-FollowerState: change to CANDIDATE, lastRpcTime:22ms, electionTimeout:22ms
2019-10-17 20:28:22,344 [Thread-1130] INFO  impl.RoleInfo (RoleInfo.java:shutdownFollowerState(121)) - c07977b7-c8ef-4f3c-80b1-66a07c6e3dcd: shutdown FollowerState
2019-10-17 20:28:22,344 [Thread-1130] INFO  impl.RaftServerImpl (RaftServerImpl.java:setRole(184)) - c07977b7-c8ef-4f3c-80b1-66a07c6e3dcd@group-C2BDBBDF155D: changes role from  FOLLOWER to CANDIDATE at term 8 for changeToCandidate
2019-10-17 20:28:22,344 [Thread-1130] INFO  impl.RoleInfo (RoleInfo.java:updateAndGet(143)) - c07977b7-c8ef-4f3c-80b1-66a07c6e3dcd: start LeaderElection
2019-10-17 20:28:22,369 [c07977b7-c8ef-4f3c-80b1-66a07c6e3dcd@group-C2BDBBDF155D-LeaderElection52] INFO  impl.LeaderElection (LeaderElection.java:askForVotes(178)) - c07977b7-c8ef-4f3c-80b1-66a07c6e3dcd@group-C2BDBBDF155D-LeaderElection52: begin an election at term 9 for -1: [d81605c5-54b3-45a8-b5ae-2e8d8890cbef:192.168.164.201:42755, 7f29c796-0732-402f-b865-67033766dcba:192.168.164.201:40704, c07977b7-c8ef-4f3c-80b1-66a07c6e3dcd:192.168.164.201:38664], old=null
2019-10-17 20:28:22,372 [grpc-default-executor-4] INFO  impl.RaftServerImpl (RaftServerImpl.java:setRole(184)) - d81605c5-54b3-45a8-b5ae-2e8d8890cbef@group-C2BDBBDF155D: changes role from  FOLLOWER to FOLLOWER at term 9 for recognizeCandidate:c07977b7-c8ef-4f3c-80b1-66a07c6e3dcd
2019-10-17 20:28:22,372 [grpc-default-executor-2] INFO  impl.RaftServerImpl (RaftServerImpl.java:setRole(184)) - 7f29c796-0732-402f-b865-67033766dcba@group-C2BDBBDF155D: changes role from  FOLLOWER to FOLLOWER at term 9 for recognizeCandidate:c07977b7-c8ef-4f3c-80b1-66a07c6e3dcd
2019-10-17 20:28:22,372 [grpc-default-executor-4] INFO  impl.RoleInfo (RoleInfo.java:shutdownFollowerState(121)) - d81605c5-54b3-45a8-b5ae-2e8d8890cbef: shutdown FollowerState
2019-10-17 20:28:22,373 [grpc-default-executor-2] INFO  impl.RoleInfo (RoleInfo.java:shutdownFollowerState(121)) - 7f29c796-0732-402f-b865-67033766dcba: shutdown FollowerState
2019-10-17 20:28:22,373 [Thread-1128] INFO  impl.FollowerState (FollowerState.java:run(117)) - d81605c5-54b3-45a8-b5ae-2e8d8890cbef@group-C2BDBBDF155D-FollowerState was interrupted: java.lang.InterruptedException: sleep interrupted
2019-10-17 20:28:22,373 [grpc-default-executor-4] INFO  impl.RoleInfo (RoleInfo.java:updateAndGet(143)) - d81605c5-54b3-45a8-b5ae-2e8d8890cbef: start FollowerState
2019-10-17 20:28:22,373 [Thread-1129] INFO  impl.FollowerState (FollowerState.java:run(117)) - 7f29c796-0732-402f-b865-67033766dcba@group-C2BDBBDF155D-FollowerState was interrupted: java.lang.InterruptedException: sleep interrupted
2019-10-17 20:28:22,373 [grpc-default-executor-2] INFO  impl.RoleInfo (RoleInfo.java:updateAndGet(143)) - 7f29c796-0732-402f-b865-67033766dcba: start FollowerState
2019-10-17 20:28:22,396 [c07977b7-c8ef-4f3c-80b1-66a07c6e3dcd@group-C2BDBBDF155D-LeaderElection52] INFO  impl.LeaderElection (LeaderElection.java:logAndReturn(56)) - c07977b7-c8ef-4f3c-80b1-66a07c6e3dcd@group-C2BDBBDF155D-LeaderElection52: Election REJECTED; received 2 response(s) [c07977b7-c8ef-4f3c-80b1-66a07c6e3dcd<-d81605c5-54b3-45a8-b5ae-2e8d8890cbef#0:FAIL-t9, c07977b7-c8ef-4f3c-80b1-66a07c6e3dcd<-7f29c796-0732-402f-b865-67033766dcba#0:FAIL-t9] and 0 exception(s); c07977b7-c8ef-4f3c-80b1-66a07c6e3dcd@group-C2BDBBDF155D:t9, leader=null, voted=c07977b7-c8ef-4f3c-80b1-66a07c6e3dcd, raftlog=c07977b7-c8ef-4f3c-80b1-66a07c6e3dcd@group-C2BDBBDF155D-SegmentedRaftLog:OPENED:c-1,f-1,i0, conf=-1: [d81605c5-54b3-45a8-b5ae-2e8d8890cbef:192.168.164.201:42755, 7f29c796-0732-402f-b865-67033766dcba:192.168.164.201:40704, c07977b7-c8ef-4f3c-80b1-66a07c6e3dcd:192.168.164.201:38664], old=null
2019-10-17 20:28:22,396 [c07977b7-c8ef-4f3c-80b1-66a07c6e3dcd@group-C2BDBBDF155D-LeaderElection52] INFO  impl.RaftServerImpl (RaftServerImpl.java:setRole(184)) - c07977b7-c8ef-4f3c-80b1-66a07c6e3dcd@group-C2BDBBDF155D: changes role from CANDIDATE to FOLLOWER at term 9 for DISCOVERED_A_NEW_TERM
2019-10-17 20:28:22,396 [c07977b7-c8ef-4f3c-80b1-66a07c6e3dcd@group-C2BDBBDF155D-LeaderElection52] INFO  impl.RoleInfo (RoleInfo.java:shutdownLeaderElection(134)) - c07977b7-c8ef-4f3c-80b1-66a07c6e3dcd: shutdown LeaderElection
2019-10-17 20:28:22,396 [c07977b7-c8ef-4f3c-80b1-66a07c6e3dcd@group-C2BDBBDF155D-LeaderElection52] INFO  impl.RoleInfo (RoleInfo.java:updateAndGet(143)) - c07977b7-c8ef-4f3c-80b1-66a07c6e3dcd: start FollowerState
2019-10-17 20:28:22,496 [Thread-1136] INFO  impl.FollowerState (FollowerState.java:run(108)) - c07977b7-c8ef-4f3c-80b1-66a07c6e3dcd@group-C2BDBBDF155D-FollowerState: change to CANDIDATE, lastRpcTime:99ms, electionTimeout:99ms
2019-10-17 20:28:22,496 [Thread-1136] INFO  impl.RoleInfo (RoleInfo.java:shutdownFollowerState(121)) - c07977b7-c8ef-4f3c-80b1-66a07c6e3dcd: shutdown FollowerState
2019-10-17 20:28:22,496 [Thread-1136] INFO  impl.RaftServerImpl (RaftServerImpl.java:setRole(184)) - c07977b7-c8ef-4f3c-80b1-66a07c6e3dcd@group-C2BDBBDF155D: changes role from  FOLLOWER to CANDIDATE at term 9 for changeToCandidate
2019-10-17 20:28:22,497 [Thread-1136] INFO  impl.RoleInfo (RoleInfo.java:updateAndGet(143)) - c07977b7-c8ef-4f3c-80b1-66a07c6e3dcd: start LeaderElection
2019-10-17 20:28:22,520 [c07977b7-c8ef-4f3c-80b1-66a07c6e3dcd@group-C2BDBBDF155D-LeaderElection53] INFO  impl.LeaderElection (LeaderElection.java:askForVotes(178)) - c07977b7-c8ef-4f3c-80b1-66a07c6e3dcd@group-C2BDBBDF155D-LeaderElection53: begin an election at term 10 for -1: [d81605c5-54b3-45a8-b5ae-2e8d8890cbef:192.168.164.201:42755, 7f29c796-0732-402f-b865-67033766dcba:192.168.164.201:40704, c07977b7-c8ef-4f3c-80b1-66a07c6e3dcd:192.168.164.201:38664], old=null
2019-10-17 20:28:22,524 [grpc-default-executor-4] INFO  impl.RaftServerImpl (RaftServerImpl.java:setRole(184)) - 7f29c796-0732-402f-b865-67033766dcba@group-C2BDBBDF155D: changes role from  FOLLOWER to FOLLOWER at term 10 for recognizeCandidate:c07977b7-c8ef-4f3c-80b1-66a07c6e3dcd
2019-10-17 20:28:22,524 [grpc-default-executor-2] INFO  impl.RaftServerImpl (RaftServerImpl.java:setRole(184)) - d81605c5-54b3-45a8-b5ae-2e8d8890cbef@group-C2BDBBDF155D: changes role from  FOLLOWER to FOLLOWER at term 10 for recognizeCandidate:c07977b7-c8ef-4f3c-80b1-66a07c6e3dcd
2019-10-17 20:28:22,524 [grpc-default-executor-4] INFO  impl.RoleInfo (RoleInfo.java:shutdownFollowerState(121)) - 7f29c796-0732-402f-b865-67033766dcba: shutdown FollowerState
2019-10-17 20:28:22,525 [grpc-default-executor-2] INFO  impl.RoleInfo (RoleInfo.java:shutdownFollowerState(121)) - d81605c5-54b3-45a8-b5ae-2e8d8890cbef: shutdown FollowerState
2019-10-17 20:28:22,525 [Thread-1135] INFO  impl.FollowerState (FollowerState.java:run(117)) - 7f29c796-0732-402f-b865-67033766dcba@group-C2BDBBDF155D-FollowerState was interrupted: java.lang.InterruptedException: sleep interrupted
2019-10-17 20:28:22,525 [grpc-default-executor-4] INFO  impl.RoleInfo (RoleInfo.java:updateAndGet(143)) - 7f29c796-0732-402f-b865-67033766dcba: start FollowerState
2019-10-17 20:28:22,525 [Thread-1134] INFO  impl.FollowerState (FollowerState.java:run(117)) - d81605c5-54b3-45a8-b5ae-2e8d8890cbef@group-C2BDBBDF155D-FollowerState was interrupted: java.lang.InterruptedException: sleep interrupted
2019-10-17 20:28:22,525 [grpc-default-executor-2] INFO  impl.RoleInfo (RoleInfo.java:updateAndGet(143)) - d81605c5-54b3-45a8-b5ae-2e8d8890cbef: start FollowerState
2019-10-17 20:28:22,531 [Thread-754] INFO  ozone.MiniOzoneClusterImpl (MiniOzoneClusterImpl.java:lambda$waitForClusterToBeReady$2(164)) - Waiting for 1 number of pipelines out of 4, to report a leader.
2019-10-17 20:28:22,555 [c07977b7-c8ef-4f3c-80b1-66a07c6e3dcd@group-C2BDBBDF155D-LeaderElection53] INFO  impl.LeaderElection (LeaderElection.java:logAndReturn(56)) - c07977b7-c8ef-4f3c-80b1-66a07c6e3dcd@group-C2BDBBDF155D-LeaderElection53: Election REJECTED; received 2 response(s) [c07977b7-c8ef-4f3c-80b1-66a07c6e3dcd<-d81605c5-54b3-45a8-b5ae-2e8d8890cbef#0:FAIL-t10, c07977b7-c8ef-4f3c-80b1-66a07c6e3dcd<-7f29c796-0732-402f-b865-67033766dcba#0:FAIL-t10] and 0 exception(s); c07977b7-c8ef-4f3c-80b1-66a07c6e3dcd@group-C2BDBBDF155D:t10, leader=null, voted=c07977b7-c8ef-4f3c-80b1-66a07c6e3dcd, raftlog=c07977b7-c8ef-4f3c-80b1-66a07c6e3dcd@group-C2BDBBDF155D-SegmentedRaftLog:OPENED:c-1,f-1,i0, conf=-1: [d81605c5-54b3-45a8-b5ae-2e8d8890cbef:192.168.164.201:42755, 7f29c796-0732-402f-b865-67033766dcba:192.168.164.201:40704, c07977b7-c8ef-4f3c-80b1-66a07c6e3dcd:192.168.164.201:38664], old=null
2019-10-17 20:28:22,556 [c07977b7-c8ef-4f3c-80b1-66a07c6e3dcd@group-C2BDBBDF155D-LeaderElection53] INFO  impl.RaftServerImpl (RaftServerImpl.java:setRole(184)) - c07977b7-c8ef-4f3c-80b1-66a07c6e3dcd@group-C2BDBBDF155D: changes role from CANDIDATE to FOLLOWER at term 10 for DISCOVERED_A_NEW_TERM
2019-10-17 20:28:22,556 [c07977b7-c8ef-4f3c-80b1-66a07c6e3dcd@group-C2BDBBDF155D-LeaderElection53] INFO  impl.RoleInfo (RoleInfo.java:shutdownLeaderElection(134)) - c07977b7-c8ef-4f3c-80b1-66a07c6e3dcd: shutdown LeaderElection
2019-10-17 20:28:22,556 [c07977b7-c8ef-4f3c-80b1-66a07c6e3dcd@group-C2BDBBDF155D-LeaderElection53] INFO  impl.RoleInfo (RoleInfo.java:updateAndGet(143)) - c07977b7-c8ef-4f3c-80b1-66a07c6e3dcd: start FollowerState
2019-10-17 20:28:22,697 [Thread-1142] INFO  impl.FollowerState (FollowerState.java:run(108)) - c07977b7-c8ef-4f3c-80b1-66a07c6e3dcd@group-C2BDBBDF155D-FollowerState: change to CANDIDATE, lastRpcTime:140ms, electionTimeout:140ms
2019-10-17 20:28:22,697 [Thread-1142] INFO  impl.RoleInfo (RoleInfo.java:shutdownFollowerState(121)) - c07977b7-c8ef-4f3c-80b1-66a07c6e3dcd: shutdown FollowerState
2019-10-17 20:28:22,697 [Thread-1142] INFO  impl.RaftServerImpl (RaftServerImpl.java:setRole(184)) - c07977b7-c8ef-4f3c-80b1-66a07c6e3dcd@group-C2BDBBDF155D: changes role from  FOLLOWER to CANDIDATE at term 10 for changeToCandidate
2019-10-17 20:28:22,697 [Thread-1142] INFO  impl.RoleInfo (RoleInfo.java:updateAndGet(143)) - c07977b7-c8ef-4f3c-80b1-66a07c6e3dcd: start LeaderElection
2019-10-17 20:28:22,729 [c07977b7-c8ef-4f3c-80b1-66a07c6e3dcd@group-C2BDBBDF155D-LeaderElection54] INFO  impl.LeaderElection (LeaderElection.java:askForVotes(178)) - c07977b7-c8ef-4f3c-80b1-66a07c6e3dcd@group-C2BDBBDF155D-LeaderElection54: begin an election at term 11 for -1: [d81605c5-54b3-45a8-b5ae-2e8d8890cbef:192.168.164.201:42755, 7f29c796-0732-402f-b865-67033766dcba:192.168.164.201:40704, c07977b7-c8ef-4f3c-80b1-66a07c6e3dcd:192.168.164.201:38664], old=null
2019-10-17 20:28:22,732 [grpc-default-executor-4] INFO  impl.RaftServerImpl (RaftServerImpl.java:setRole(184)) - 7f29c796-0732-402f-b865-67033766dcba@group-C2BDBBDF155D: changes role from  FOLLOWER to FOLLOWER at term 11 for recognizeCandidate:c07977b7-c8ef-4f3c-80b1-66a07c6e3dcd
2019-10-17 20:28:22,733 [grpc-default-executor-2] INFO  impl.RaftServerImpl (RaftServerImpl.java:setRole(184)) - d81605c5-54b3-45a8-b5ae-2e8d8890cbef@group-C2BDBBDF155D: changes role from  FOLLOWER to FOLLOWER at term 11 for recognizeCandidate:c07977b7-c8ef-4f3c-80b1-66a07c6e3dcd
2019-10-17 20:28:22,733 [grpc-default-executor-4] INFO  impl.RoleInfo (RoleInfo.java:shutdownFollowerState(121)) - 7f29c796-0732-402f-b865-67033766dcba: shutdown FollowerState
2019-10-17 20:28:22,733 [grpc-default-executor-2] INFO  impl.RoleInfo (RoleInfo.java:shutdownFollowerState(121)) - d81605c5-54b3-45a8-b5ae-2e8d8890cbef: shutdown FollowerState
2019-10-17 20:28:22,733 [Thread-1140] INFO  impl.FollowerState (FollowerState.java:run(117)) - 7f29c796-0732-402f-b865-67033766dcba@group-C2BDBBDF155D-FollowerState was interrupted: java.lang.InterruptedException: sleep interrupted
2019-10-17 20:28:22,733 [grpc-default-executor-4] INFO  impl.RoleInfo (RoleInfo.java:updateAndGet(143)) - 7f29c796-0732-402f-b865-67033766dcba: start FollowerState
2019-10-17 20:28:22,733 [Thread-1141] INFO  impl.FollowerState (FollowerState.java:run(117)) - d81605c5-54b3-45a8-b5ae-2e8d8890cbef@group-C2BDBBDF155D-FollowerState was interrupted: java.lang.InterruptedException: sleep interrupted
2019-10-17 20:28:22,733 [grpc-default-executor-2] INFO  impl.RoleInfo (RoleInfo.java:updateAndGet(143)) - d81605c5-54b3-45a8-b5ae-2e8d8890cbef: start FollowerState
2019-10-17 20:28:22,756 [c07977b7-c8ef-4f3c-80b1-66a07c6e3dcd@group-C2BDBBDF155D-LeaderElection54] INFO  impl.LeaderElection (LeaderElection.java:logAndReturn(56)) - c07977b7-c8ef-4f3c-80b1-66a07c6e3dcd@group-C2BDBBDF155D-LeaderElection54: Election REJECTED; received 2 response(s) [c07977b7-c8ef-4f3c-80b1-66a07c6e3dcd<-d81605c5-54b3-45a8-b5ae-2e8d8890cbef#0:FAIL-t11, c07977b7-c8ef-4f3c-80b1-66a07c6e3dcd<-7f29c796-0732-402f-b865-67033766dcba#0:FAIL-t11] and 0 exception(s); c07977b7-c8ef-4f3c-80b1-66a07c6e3dcd@group-C2BDBBDF155D:t11, leader=null, voted=c07977b7-c8ef-4f3c-80b1-66a07c6e3dcd, raftlog=c07977b7-c8ef-4f3c-80b1-66a07c6e3dcd@group-C2BDBBDF155D-SegmentedRaftLog:OPENED:c-1,f-1,i0, conf=-1: [d81605c5-54b3-45a8-b5ae-2e8d8890cbef:192.168.164.201:42755, 7f29c796-0732-402f-b865-67033766dcba:192.168.164.201:40704, c07977b7-c8ef-4f3c-80b1-66a07c6e3dcd:192.168.164.201:38664], old=null
2019-10-17 20:28:22,756 [c07977b7-c8ef-4f3c-80b1-66a07c6e3dcd@group-C2BDBBDF155D-LeaderElection54] INFO  impl.RaftServerImpl (RaftServerImpl.java:setRole(184)) - c07977b7-c8ef-4f3c-80b1-66a07c6e3dcd@group-C2BDBBDF155D: changes role from CANDIDATE to FOLLOWER at term 11 for DISCOVERED_A_NEW_TERM
2019-10-17 20:28:22,756 [c07977b7-c8ef-4f3c-80b1-66a07c6e3dcd@group-C2BDBBDF155D-LeaderElection54] INFO  impl.RoleInfo (RoleInfo.java:shutdownLeaderElection(134)) - c07977b7-c8ef-4f3c-80b1-66a07c6e3dcd: shutdown LeaderElection
2019-10-17 20:28:22,756 [c07977b7-c8ef-4f3c-80b1-66a07c6e3dcd@group-C2BDBBDF155D-LeaderElection54] INFO  impl.RoleInfo (RoleInfo.java:updateAndGet(143)) - c07977b7-c8ef-4f3c-80b1-66a07c6e3dcd: start FollowerState
2019-10-17 20:28:22,774 [Thread-1148] INFO  impl.FollowerState (FollowerState.java:run(108)) - c07977b7-c8ef-4f3c-80b1-66a07c6e3dcd@group-C2BDBBDF155D-FollowerState: change to CANDIDATE, lastRpcTime:18ms, electionTimeout:18ms
2019-10-17 20:28:22,775 [Thread-1148] INFO  impl.RoleInfo (RoleInfo.java:shutdownFollowerState(121)) - c07977b7-c8ef-4f3c-80b1-66a07c6e3dcd: shutdown FollowerState
2019-10-17 20:28:22,775 [Thread-1148] INFO  impl.RaftServerImpl (RaftServerImpl.java:setRole(184)) - c07977b7-c8ef-4f3c-80b1-66a07c6e3dcd@group-C2BDBBDF155D: changes role from  FOLLOWER to CANDIDATE at term 11 for changeToCandidate
2019-10-17 20:28:22,775 [Thread-1148] INFO  impl.RoleInfo (RoleInfo.java:updateAndGet(143)) - c07977b7-c8ef-4f3c-80b1-66a07c6e3dcd: start LeaderElection
2019-10-17 20:28:22,805 [c07977b7-c8ef-4f3c-80b1-66a07c6e3dcd@group-C2BDBBDF155D-LeaderElection55] INFO  impl.LeaderElection (LeaderElection.java:askForVotes(178)) - c07977b7-c8ef-4f3c-80b1-66a07c6e3dcd@group-C2BDBBDF155D-LeaderElection55: begin an election at term 12 for -1: [d81605c5-54b3-45a8-b5ae-2e8d8890cbef:192.168.164.201:42755, 7f29c796-0732-402f-b865-67033766dcba:192.168.164.201:40704, c07977b7-c8ef-4f3c-80b1-66a07c6e3dcd:192.168.164.201:38664], old=null
2019-10-17 20:28:22,808 [grpc-default-executor-4] INFO  impl.RaftServerImpl (RaftServerImpl.java:setRole(184)) - 7f29c796-0732-402f-b865-67033766dcba@group-C2BDBBDF155D: changes role from  FOLLOWER to FOLLOWER at term 12 for recognizeCandidate:c07977b7-c8ef-4f3c-80b1-66a07c6e3dcd
2019-10-17 20:28:22,808 [grpc-default-executor-2] INFO  impl.RaftServerImpl (RaftServerImpl.java:setRole(184)) - d81605c5-54b3-45a8-b5ae-2e8d8890cbef@group-C2BDBBDF155D: changes role from  FOLLOWER to FOLLOWER at term 12 for recognizeCandidate:c07977b7-c8ef-4f3c-80b1-66a07c6e3dcd
2019-10-17 20:28:22,808 [grpc-default-executor-4] INFO  impl.RoleInfo (RoleInfo.java:shutdownFollowerState(121)) - 7f29c796-0732-402f-b865-67033766dcba: shutdown FollowerState
2019-10-17 20:28:22,808 [grpc-default-executor-2] INFO  impl.RoleInfo (RoleInfo.java:shutdownFollowerState(121)) - d81605c5-54b3-45a8-b5ae-2e8d8890cbef: shutdown FollowerState
2019-10-17 20:28:22,808 [grpc-default-executor-4] INFO  impl.RoleInfo (RoleInfo.java:updateAndGet(143)) - 7f29c796-0732-402f-b865-67033766dcba: start FollowerState
2019-10-17 20:28:22,808 [Thread-1147] INFO  impl.FollowerState (FollowerState.java:run(117)) - d81605c5-54b3-45a8-b5ae-2e8d8890cbef@group-C2BDBBDF155D-FollowerState was interrupted: java.lang.InterruptedException: sleep interrupted
2019-10-17 20:28:22,808 [Thread-1146] INFO  impl.FollowerState (FollowerState.java:run(117)) - 7f29c796-0732-402f-b865-67033766dcba@group-C2BDBBDF155D-FollowerState was interrupted: java.lang.InterruptedException: sleep interrupted
2019-10-17 20:28:22,808 [grpc-default-executor-2] INFO  impl.RoleInfo (RoleInfo.java:updateAndGet(143)) - d81605c5-54b3-45a8-b5ae-2e8d8890cbef: start FollowerState
2019-10-17 20:28:22,832 [c07977b7-c8ef-4f3c-80b1-66a07c6e3dcd@group-C2BDBBDF155D-LeaderElection55] INFO  impl.LeaderElection (LeaderElection.java:logAndReturn(56)) - c07977b7-c8ef-4f3c-80b1-66a07c6e3dcd@group-C2BDBBDF155D-LeaderElection55: Election REJECTED; received 2 response(s) [c07977b7-c8ef-4f3c-80b1-66a07c6e3dcd<-d81605c5-54b3-45a8-b5ae-2e8d8890cbef#0:FAIL-t12, c07977b7-c8ef-4f3c-80b1-66a07c6e3dcd<-7f29c796-0732-402f-b865-67033766dcba#0:FAIL-t12] and 0 exception(s); c07977b7-c8ef-4f3c-80b1-66a07c6e3dcd@group-C2BDBBDF155D:t12, leader=null, voted=c07977b7-c8ef-4f3c-80b1-66a07c6e3dcd, raftlog=c07977b7-c8ef-4f3c-80b1-66a07c6e3dcd@group-C2BDBBDF155D-SegmentedRaftLog:OPENED:c-1,f-1,i0, conf=-1: [d81605c5-54b3-45a8-b5ae-2e8d8890cbef:192.168.164.201:42755, 7f29c796-0732-402f-b865-67033766dcba:192.168.164.201:40704, c07977b7-c8ef-4f3c-80b1-66a07c6e3dcd:192.168.164.201:38664], old=null
2019-10-17 20:28:22,832 [c07977b7-c8ef-4f3c-80b1-66a07c6e3dcd@group-C2BDBBDF155D-LeaderElection55] INFO  impl.RaftServerImpl (RaftServerImpl.java:setRole(184)) - c07977b7-c8ef-4f3c-80b1-66a07c6e3dcd@group-C2BDBBDF155D: changes role from CANDIDATE to FOLLOWER at term 12 for DISCOVERED_A_NEW_TERM
2019-10-17 20:28:22,832 [c07977b7-c8ef-4f3c-80b1-66a07c6e3dcd@group-C2BDBBDF155D-LeaderElection55] INFO  impl.RoleInfo (RoleInfo.java:shutdownLeaderElection(134)) - c07977b7-c8ef-4f3c-80b1-66a07c6e3dcd: shutdown LeaderElection
2019-10-17 20:28:22,832 [c07977b7-c8ef-4f3c-80b1-66a07c6e3dcd@group-C2BDBBDF155D-LeaderElection55] INFO  impl.RoleInfo (RoleInfo.java:updateAndGet(143)) - c07977b7-c8ef-4f3c-80b1-66a07c6e3dcd: start FollowerState
2019-10-17 20:28:22,977 [Thread-1154] INFO  impl.FollowerState (FollowerState.java:run(108)) - c07977b7-c8ef-4f3c-80b1-66a07c6e3dcd@group-C2BDBBDF155D-FollowerState: change to CANDIDATE, lastRpcTime:144ms, electionTimeout:144ms
2019-10-17 20:28:22,977 [Thread-1154] INFO  impl.RoleInfo (RoleInfo.java:shutdownFollowerState(121)) - c07977b7-c8ef-4f3c-80b1-66a07c6e3dcd: shutdown FollowerState
2019-10-17 20:28:22,977 [Thread-1154] INFO  impl.RaftServerImpl (RaftServerImpl.java:setRole(184)) - c07977b7-c8ef-4f3c-80b1-66a07c6e3dcd@group-C2BDBBDF155D: changes role from  FOLLOWER to CANDIDATE at term 12 for changeToCandidate
2019-10-17 20:28:22,978 [Thread-1154] INFO  impl.RoleInfo (RoleInfo.java:updateAndGet(143)) - c07977b7-c8ef-4f3c-80b1-66a07c6e3dcd: start LeaderElection
2019-10-17 20:28:23,005 [c07977b7-c8ef-4f3c-80b1-66a07c6e3dcd@group-C2BDBBDF155D-LeaderElection56] INFO  impl.LeaderElection (LeaderElection.java:askForVotes(178)) - c07977b7-c8ef-4f3c-80b1-66a07c6e3dcd@group-C2BDBBDF155D-LeaderElection56: begin an election at term 13 for -1: [d81605c5-54b3-45a8-b5ae-2e8d8890cbef:192.168.164.201:42755, 7f29c796-0732-402f-b865-67033766dcba:192.168.164.201:40704, c07977b7-c8ef-4f3c-80b1-66a07c6e3dcd:192.168.164.201:38664], old=null
2019-10-17 20:28:23,008 [grpc-default-executor-2] INFO  impl.RaftServerImpl (RaftServerImpl.java:setRole(184)) - 7f29c796-0732-402f-b865-67033766dcba@group-C2BDBBDF155D: changes role from  FOLLOWER to FOLLOWER at term 13 for recognizeCandidate:c07977b7-c8ef-4f3c-80b1-66a07c6e3dcd
2019-10-17 20:28:23,008 [grpc-default-executor-2] INFO  impl.RoleInfo (RoleInfo.java:shutdownFollowerState(121)) - 7f29c796-0732-402f-b865-67033766dcba: shutdown FollowerState
2019-10-17 20:28:23,008 [grpc-default-executor-4] INFO  impl.RaftServerImpl (RaftServerImpl.java:setRole(184)) - d81605c5-54b3-45a8-b5ae-2e8d8890cbef@group-C2BDBBDF155D: changes role from  FOLLOWER to FOLLOWER at term 13 for recognizeCandidate:c07977b7-c8ef-4f3c-80b1-66a07c6e3dcd
2019-10-17 20:28:23,008 [Thread-1152] INFO  impl.FollowerState (FollowerState.java:run(117)) - 7f29c796-0732-402f-b865-67033766dcba@group-C2BDBBDF155D-FollowerState was interrupted: java.lang.InterruptedException: sleep interrupted
2019-10-17 20:28:23,008 [grpc-default-executor-2] INFO  impl.RoleInfo (RoleInfo.java:updateAndGet(143)) - 7f29c796-0732-402f-b865-67033766dcba: start FollowerState
2019-10-17 20:28:23,008 [grpc-default-executor-4] INFO  impl.RoleInfo (RoleInfo.java:shutdownFollowerState(121)) - d81605c5-54b3-45a8-b5ae-2e8d8890cbef: shutdown FollowerState
2019-10-17 20:28:23,009 [grpc-default-executor-4] INFO  impl.RoleInfo (RoleInfo.java:updateAndGet(143)) - d81605c5-54b3-45a8-b5ae-2e8d8890cbef: start FollowerState
2019-10-17 20:28:23,009 [Thread-1153] INFO  impl.FollowerState (FollowerState.java:run(117)) - d81605c5-54b3-45a8-b5ae-2e8d8890cbef@group-C2BDBBDF155D-FollowerState was interrupted: java.lang.InterruptedException: sleep interrupted
2019-10-17 20:28:23,032 [c07977b7-c8ef-4f3c-80b1-66a07c6e3dcd@group-C2BDBBDF155D-LeaderElection56] INFO  impl.LeaderElection (LeaderElection.java:logAndReturn(56)) - c07977b7-c8ef-4f3c-80b1-66a07c6e3dcd@group-C2BDBBDF155D-LeaderElection56: Election REJECTED; received 2 response(s) [c07977b7-c8ef-4f3c-80b1-66a07c6e3dcd<-d81605c5-54b3-45a8-b5ae-2e8d8890cbef#0:FAIL-t13, c07977b7-c8ef-4f3c-80b1-66a07c6e3dcd<-7f29c796-0732-402f-b865-67033766dcba#0:FAIL-t13] and 0 exception(s); c07977b7-c8ef-4f3c-80b1-66a07c6e3dcd@group-C2BDBBDF155D:t13, leader=null, voted=c07977b7-c8ef-4f3c-80b1-66a07c6e3dcd, raftlog=c07977b7-c8ef-4f3c-80b1-66a07c6e3dcd@group-C2BDBBDF155D-SegmentedRaftLog:OPENED:c-1,f-1,i0, conf=-1: [d81605c5-54b3-45a8-b5ae-2e8d8890cbef:192.168.164.201:42755, 7f29c796-0732-402f-b865-67033766dcba:192.168.164.201:40704, c07977b7-c8ef-4f3c-80b1-66a07c6e3dcd:192.168.164.201:38664], old=null
2019-10-17 20:28:23,032 [c07977b7-c8ef-4f3c-80b1-66a07c6e3dcd@group-C2BDBBDF155D-LeaderElection56] INFO  impl.RaftServerImpl (RaftServerImpl.java:setRole(184)) - c07977b7-c8ef-4f3c-80b1-66a07c6e3dcd@group-C2BDBBDF155D: changes role from CANDIDATE to FOLLOWER at term 13 for DISCOVERED_A_NEW_TERM
2019-10-17 20:28:23,032 [c07977b7-c8ef-4f3c-80b1-66a07c6e3dcd@group-C2BDBBDF155D-LeaderElection56] INFO  impl.RoleInfo (RoleInfo.java:shutdownLeaderElection(134)) - c07977b7-c8ef-4f3c-80b1-66a07c6e3dcd: shutdown LeaderElection
2019-10-17 20:28:23,032 [c07977b7-c8ef-4f3c-80b1-66a07c6e3dcd@group-C2BDBBDF155D-LeaderElection56] INFO  impl.RoleInfo (RoleInfo.java:updateAndGet(143)) - c07977b7-c8ef-4f3c-80b1-66a07c6e3dcd: start FollowerState
2019-10-17 20:28:23,044 [Thread-1160] INFO  impl.FollowerState (FollowerState.java:run(108)) - c07977b7-c8ef-4f3c-80b1-66a07c6e3dcd@group-C2BDBBDF155D-FollowerState: change to CANDIDATE, lastRpcTime:11ms, electionTimeout:11ms
2019-10-17 20:28:23,044 [Thread-1160] INFO  impl.RoleInfo (RoleInfo.java:shutdownFollowerState(121)) - c07977b7-c8ef-4f3c-80b1-66a07c6e3dcd: shutdown FollowerState
2019-10-17 20:28:23,044 [Thread-1160] INFO  impl.RaftServerImpl (RaftServerImpl.java:setRole(184)) - c07977b7-c8ef-4f3c-80b1-66a07c6e3dcd@group-C2BDBBDF155D: changes role from  FOLLOWER to CANDIDATE at term 13 for changeToCandidate
2019-10-17 20:28:23,044 [Thread-1160] INFO  impl.RoleInfo (RoleInfo.java:updateAndGet(143)) - c07977b7-c8ef-4f3c-80b1-66a07c6e3dcd: start LeaderElection
2019-10-17 20:28:23,072 [c07977b7-c8ef-4f3c-80b1-66a07c6e3dcd@group-C2BDBBDF155D-LeaderElection57] INFO  impl.LeaderElection (LeaderElection.java:askForVotes(178)) - c07977b7-c8ef-4f3c-80b1-66a07c6e3dcd@group-C2BDBBDF155D-LeaderElection57: begin an election at term 14 for -1: [d81605c5-54b3-45a8-b5ae-2e8d8890cbef:192.168.164.201:42755, 7f29c796-0732-402f-b865-67033766dcba:192.168.164.201:40704, c07977b7-c8ef-4f3c-80b1-66a07c6e3dcd:192.168.164.201:38664], old=null
2019-10-17 20:28:23,076 [grpc-default-executor-2] INFO  impl.RaftServerImpl (RaftServerImpl.java:setRole(184)) - 7f29c796-0732-402f-b865-67033766dcba@group-C2BDBBDF155D: changes role from  FOLLOWER to FOLLOWER at term 14 for recognizeCandidate:c07977b7-c8ef-4f3c-80b1-66a07c6e3dcd
2019-10-17 20:28:23,076 [grpc-default-executor-4] INFO  impl.RaftServerImpl (RaftServerImpl.java:setRole(184)) - d81605c5-54b3-45a8-b5ae-2e8d8890cbef@group-C2BDBBDF155D: changes role from  FOLLOWER to FOLLOWER at term 14 for recognizeCandidate:c07977b7-c8ef-4f3c-80b1-66a07c6e3dcd
2019-10-17 20:28:23,076 [grpc-default-executor-2] INFO  impl.RoleInfo (RoleInfo.java:shutdownFollowerState(121)) - 7f29c796-0732-402f-b865-67033766dcba: shutdown FollowerState
2019-10-17 20:28:23,076 [grpc-default-executor-4] INFO  impl.RoleInfo (RoleInfo.java:shutdownFollowerState(121)) - d81605c5-54b3-45a8-b5ae-2e8d8890cbef: shutdown FollowerState
2019-10-17 20:28:23,076 [grpc-default-executor-2] INFO  impl.RoleInfo (RoleInfo.java:updateAndGet(143)) - 7f29c796-0732-402f-b865-67033766dcba: start FollowerState
2019-10-17 20:28:23,076 [Thread-1159] INFO  impl.FollowerState (FollowerState.java:run(117)) - d81605c5-54b3-45a8-b5ae-2e8d8890cbef@group-C2BDBBDF155D-FollowerState was interrupted: java.lang.InterruptedException: sleep interrupted
2019-10-17 20:28:23,076 [grpc-default-executor-4] INFO  impl.RoleInfo (RoleInfo.java:updateAndGet(143)) - d81605c5-54b3-45a8-b5ae-2e8d8890cbef: start FollowerState
2019-10-17 20:28:23,076 [Thread-1158] INFO  impl.FollowerState (FollowerState.java:run(117)) - 7f29c796-0732-402f-b865-67033766dcba@group-C2BDBBDF155D-FollowerState was interrupted: java.lang.InterruptedException: sleep interrupted
2019-10-17 20:28:23,100 [c07977b7-c8ef-4f3c-80b1-66a07c6e3dcd@group-C2BDBBDF155D-LeaderElection57] INFO  impl.LeaderElection (LeaderElection.java:logAndReturn(56)) - c07977b7-c8ef-4f3c-80b1-66a07c6e3dcd@group-C2BDBBDF155D-LeaderElection57: Election REJECTED; received 2 response(s) [c07977b7-c8ef-4f3c-80b1-66a07c6e3dcd<-d81605c5-54b3-45a8-b5ae-2e8d8890cbef#0:FAIL-t14, c07977b7-c8ef-4f3c-80b1-66a07c6e3dcd<-7f29c796-0732-402f-b865-67033766dcba#0:FAIL-t14] and 0 exception(s); c07977b7-c8ef-4f3c-80b1-66a07c6e3dcd@group-C2BDBBDF155D:t14, leader=null, voted=c07977b7-c8ef-4f3c-80b1-66a07c6e3dcd, raftlog=c07977b7-c8ef-4f3c-80b1-66a07c6e3dcd@group-C2BDBBDF155D-SegmentedRaftLog:OPENED:c-1,f-1,i0, conf=-1: [d81605c5-54b3-45a8-b5ae-2e8d8890cbef:192.168.164.201:42755, 7f29c796-0732-402f-b865-67033766dcba:192.168.164.201:40704, c07977b7-c8ef-4f3c-80b1-66a07c6e3dcd:192.168.164.201:38664], old=null
2019-10-17 20:28:23,100 [c07977b7-c8ef-4f3c-80b1-66a07c6e3dcd@group-C2BDBBDF155D-LeaderElection57] INFO  impl.RaftServerImpl (RaftServerImpl.java:setRole(184)) - c07977b7-c8ef-4f3c-80b1-66a07c6e3dcd@group-C2BDBBDF155D: changes role from CANDIDATE to FOLLOWER at term 14 for DISCOVERED_A_NEW_TERM
2019-10-17 20:28:23,100 [c07977b7-c8ef-4f3c-80b1-66a07c6e3dcd@group-C2BDBBDF155D-LeaderElection57] INFO  impl.RoleInfo (RoleInfo.java:shutdownLeaderElection(134)) - c07977b7-c8ef-4f3c-80b1-66a07c6e3dcd: shutdown LeaderElection
2019-10-17 20:28:23,100 [c07977b7-c8ef-4f3c-80b1-66a07c6e3dcd@group-C2BDBBDF155D-LeaderElection57] INFO  impl.RoleInfo (RoleInfo.java:updateAndGet(143)) - c07977b7-c8ef-4f3c-80b1-66a07c6e3dcd: start FollowerState
2019-10-17 20:28:23,121 [Thread-1166] INFO  impl.FollowerState (FollowerState.java:run(108)) - c07977b7-c8ef-4f3c-80b1-66a07c6e3dcd@group-C2BDBBDF155D-FollowerState: change to CANDIDATE, lastRpcTime:20ms, electionTimeout:20ms
2019-10-17 20:28:23,121 [Thread-1166] INFO  impl.RoleInfo (RoleInfo.java:shutdownFollowerState(121)) - c07977b7-c8ef-4f3c-80b1-66a07c6e3dcd: shutdown FollowerState
2019-10-17 20:28:23,121 [Thread-1166] INFO  impl.RaftServerImpl (RaftServerImpl.java:setRole(184)) - c07977b7-c8ef-4f3c-80b1-66a07c6e3dcd@group-C2BDBBDF155D: changes role from  FOLLOWER to CANDIDATE at term 14 for changeToCandidate
2019-10-17 20:28:23,121 [Thread-1166] INFO  impl.RoleInfo (RoleInfo.java:updateAndGet(143)) - c07977b7-c8ef-4f3c-80b1-66a07c6e3dcd: start LeaderElection
2019-10-17 20:28:23,148 [c07977b7-c8ef-4f3c-80b1-66a07c6e3dcd@group-C2BDBBDF155D-LeaderElection58] INFO  impl.LeaderElection (LeaderElection.java:askForVotes(178)) - c07977b7-c8ef-4f3c-80b1-66a07c6e3dcd@group-C2BDBBDF155D-LeaderElection58: begin an election at term 15 for -1: [d81605c5-54b3-45a8-b5ae-2e8d8890cbef:192.168.164.201:42755, 7f29c796-0732-402f-b865-67033766dcba:192.168.164.201:40704, c07977b7-c8ef-4f3c-80b1-66a07c6e3dcd:192.168.164.201:38664], old=null
2019-10-17 20:28:23,151 [grpc-default-executor-2] INFO  impl.RaftServerImpl (RaftServerImpl.java:setRole(184)) - 7f29c796-0732-402f-b865-67033766dcba@group-C2BDBBDF155D: changes role from  FOLLOWER to FOLLOWER at term 15 for recognizeCandidate:c07977b7-c8ef-4f3c-80b1-66a07c6e3dcd
2019-10-17 20:28:23,151 [grpc-default-executor-4] INFO  impl.RaftServerImpl (RaftServerImpl.java:setRole(184)) - d81605c5-54b3-45a8-b5ae-2e8d8890cbef@group-C2BDBBDF155D: changes role from  FOLLOWER to FOLLOWER at term 15 for recognizeCandidate:c07977b7-c8ef-4f3c-80b1-66a07c6e3dcd
2019-10-17 20:28:23,152 [grpc-default-executor-2] INFO  impl.RoleInfo (RoleInfo.java:shutdownFollowerState(121)) - 7f29c796-0732-402f-b865-67033766dcba: shutdown FollowerState
2019-10-17 20:28:23,152 [grpc-default-executor-4] INFO  impl.RoleInfo (RoleInfo.java:shutdownFollowerState(121)) - d81605c5-54b3-45a8-b5ae-2e8d8890cbef: shutdown FollowerState
2019-10-17 20:28:23,152 [Thread-1164] INFO  impl.FollowerState (FollowerState.java:run(117)) - 7f29c796-0732-402f-b865-67033766dcba@group-C2BDBBDF155D-FollowerState was interrupted: java.lang.InterruptedException: sleep interrupted
2019-10-17 20:28:23,152 [grpc-default-executor-2] INFO  impl.RoleInfo (RoleInfo.java:updateAndGet(143)) - 7f29c796-0732-402f-b865-67033766dcba: start FollowerState
2019-10-17 20:28:23,152 [Thread-1165] INFO  impl.FollowerState (FollowerState.java:run(117)) - d81605c5-54b3-45a8-b5ae-2e8d8890cbef@group-C2BDBBDF155D-FollowerState was interrupted: java.lang.InterruptedException: sleep interrupted
2019-10-17 20:28:23,152 [grpc-default-executor-4] INFO  impl.RoleInfo (RoleInfo.java:updateAndGet(143)) - d81605c5-54b3-45a8-b5ae-2e8d8890cbef: start FollowerState
2019-10-17 20:28:23,169 [c07977b7-c8ef-4f3c-80b1-66a07c6e3dcd@group-C2BDBBDF155D-LeaderElection58] INFO  impl.LeaderElection (LeaderElection.java:logAndReturn(56)) - c07977b7-c8ef-4f3c-80b1-66a07c6e3dcd@group-C2BDBBDF155D-LeaderElection58: Election TIMEOUT; received 0 response(s) [] and 0 exception(s); c07977b7-c8ef-4f3c-80b1-66a07c6e3dcd@group-C2BDBBDF155D:t15, leader=null, voted=c07977b7-c8ef-4f3c-80b1-66a07c6e3dcd, raftlog=c07977b7-c8ef-4f3c-80b1-66a07c6e3dcd@group-C2BDBBDF155D-SegmentedRaftLog:OPENED:c-1,f-1,i0, conf=-1: [d81605c5-54b3-45a8-b5ae-2e8d8890cbef:192.168.164.201:42755, 7f29c796-0732-402f-b865-67033766dcba:192.168.164.201:40704, c07977b7-c8ef-4f3c-80b1-66a07c6e3dcd:192.168.164.201:38664], old=null
2019-10-17 20:28:23,199 [c07977b7-c8ef-4f3c-80b1-66a07c6e3dcd@group-C2BDBBDF155D-LeaderElection58] INFO  impl.LeaderElection (LeaderElection.java:askForVotes(178)) - c07977b7-c8ef-4f3c-80b1-66a07c6e3dcd@group-C2BDBBDF155D-LeaderElection58: begin an election at term 16 for -1: [d81605c5-54b3-45a8-b5ae-2e8d8890cbef:192.168.164.201:42755, 7f29c796-0732-402f-b865-67033766dcba:192.168.164.201:40704, c07977b7-c8ef-4f3c-80b1-66a07c6e3dcd:192.168.164.201:38664], old=null
2019-10-17 20:28:23,201 [grpc-default-executor-4] INFO  impl.RaftServerImpl (RaftServerImpl.java:setRole(184)) - 7f29c796-0732-402f-b865-67033766dcba@group-C2BDBBDF155D: changes role from  FOLLOWER to FOLLOWER at term 16 for recognizeCandidate:c07977b7-c8ef-4f3c-80b1-66a07c6e3dcd
2019-10-17 20:28:23,201 [grpc-default-executor-2] INFO  impl.RaftServerImpl (RaftServerImpl.java:setRole(184)) - d81605c5-54b3-45a8-b5ae-2e8d8890cbef@group-C2BDBBDF155D: changes role from  FOLLOWER to FOLLOWER at term 16 for recognizeCandidate:c07977b7-c8ef-4f3c-80b1-66a07c6e3dcd
2019-10-17 20:28:23,201 [grpc-default-executor-4] INFO  impl.RoleInfo (RoleInfo.java:shutdownFollowerState(121)) - 7f29c796-0732-402f-b865-67033766dcba: shutdown FollowerState
2019-10-17 20:28:23,201 [grpc-default-executor-2] INFO  impl.RoleInfo (RoleInfo.java:shutdownFollowerState(121)) - d81605c5-54b3-45a8-b5ae-2e8d8890cbef: shutdown FollowerState
2019-10-17 20:28:23,202 [Thread-1170] INFO  impl.FollowerState (FollowerState.java:run(117)) - 7f29c796-0732-402f-b865-67033766dcba@group-C2BDBBDF155D-FollowerState was interrupted: java.lang.InterruptedException: sleep interrupted
2019-10-17 20:28:23,202 [grpc-default-executor-4] INFO  impl.RoleInfo (RoleInfo.java:updateAndGet(143)) - 7f29c796-0732-402f-b865-67033766dcba: start FollowerState
2019-10-17 20:28:23,202 [Thread-1171] INFO  impl.FollowerState (FollowerState.java:run(117)) - d81605c5-54b3-45a8-b5ae-2e8d8890cbef@group-C2BDBBDF155D-FollowerState was interrupted: java.lang.InterruptedException: sleep interrupted
2019-10-17 20:28:23,202 [grpc-default-executor-2] INFO  impl.RoleInfo (RoleInfo.java:updateAndGet(143)) - d81605c5-54b3-45a8-b5ae-2e8d8890cbef: start FollowerState
2019-10-17 20:28:23,226 [c07977b7-c8ef-4f3c-80b1-66a07c6e3dcd@group-C2BDBBDF155D-LeaderElection58] INFO  impl.LeaderElection (LeaderElection.java:logAndReturn(56)) - c07977b7-c8ef-4f3c-80b1-66a07c6e3dcd@group-C2BDBBDF155D-LeaderElection58: Election REJECTED; received 2 response(s) [c07977b7-c8ef-4f3c-80b1-66a07c6e3dcd<-d81605c5-54b3-45a8-b5ae-2e8d8890cbef#0:FAIL-t16, c07977b7-c8ef-4f3c-80b1-66a07c6e3dcd<-7f29c796-0732-402f-b865-67033766dcba#0:FAIL-t16] and 0 exception(s); c07977b7-c8ef-4f3c-80b1-66a07c6e3dcd@group-C2BDBBDF155D:t16, leader=null, voted=c07977b7-c8ef-4f3c-80b1-66a07c6e3dcd, raftlog=c07977b7-c8ef-4f3c-80b1-66a07c6e3dcd@group-C2BDBBDF155D-SegmentedRaftLog:OPENED:c-1,f-1,i0, conf=-1: [d81605c5-54b3-45a8-b5ae-2e8d8890cbef:192.168.164.201:42755, 7f29c796-0732-402f-b865-67033766dcba:192.168.164.201:40704, c07977b7-c8ef-4f3c-80b1-66a07c6e3dcd:192.168.164.201:38664], old=null
2019-10-17 20:28:23,226 [c07977b7-c8ef-4f3c-80b1-66a07c6e3dcd@group-C2BDBBDF155D-LeaderElection58] INFO  impl.RaftServerImpl (RaftServerImpl.java:setRole(184)) - c07977b7-c8ef-4f3c-80b1-66a07c6e3dcd@group-C2BDBBDF155D: changes role from CANDIDATE to FOLLOWER at term 16 for DISCOVERED_A_NEW_TERM
2019-10-17 20:28:23,226 [c07977b7-c8ef-4f3c-80b1-66a07c6e3dcd@group-C2BDBBDF155D-LeaderElection58] INFO  impl.RoleInfo (RoleInfo.java:shutdownLeaderElection(134)) - c07977b7-c8ef-4f3c-80b1-66a07c6e3dcd: shutdown LeaderElection
2019-10-17 20:28:23,226 [c07977b7-c8ef-4f3c-80b1-66a07c6e3dcd@group-C2BDBBDF155D-LeaderElection58] INFO  impl.RoleInfo (RoleInfo.java:updateAndGet(143)) - c07977b7-c8ef-4f3c-80b1-66a07c6e3dcd: start FollowerState
2019-10-17 20:28:23,393 [Thread-1176] INFO  impl.FollowerState (FollowerState.java:run(108)) - c07977b7-c8ef-4f3c-80b1-66a07c6e3dcd@group-C2BDBBDF155D-FollowerState: change to CANDIDATE, lastRpcTime:166ms, electionTimeout:166ms
2019-10-17 20:28:23,393 [Thread-1176] INFO  impl.RoleInfo (RoleInfo.java:shutdownFollowerState(121)) - c07977b7-c8ef-4f3c-80b1-66a07c6e3dcd: shutdown FollowerState
2019-10-17 20:28:23,393 [Thread-1176] INFO  impl.RaftServerImpl (RaftServerImpl.java:setRole(184)) - c07977b7-c8ef-4f3c-80b1-66a07c6e3dcd@group-C2BDBBDF155D: changes role from  FOLLOWER to CANDIDATE at term 16 for changeToCandidate
2019-10-17 20:28:23,393 [Thread-1176] INFO  impl.RoleInfo (RoleInfo.java:updateAndGet(143)) - c07977b7-c8ef-4f3c-80b1-66a07c6e3dcd: start LeaderElection
2019-10-17 20:28:23,425 [c07977b7-c8ef-4f3c-80b1-66a07c6e3dcd@group-C2BDBBDF155D-LeaderElection59] INFO  impl.LeaderElection (LeaderElection.java:askForVotes(178)) - c07977b7-c8ef-4f3c-80b1-66a07c6e3dcd@group-C2BDBBDF155D-LeaderElection59: begin an election at term 17 for -1: [d81605c5-54b3-45a8-b5ae-2e8d8890cbef:192.168.164.201:42755, 7f29c796-0732-402f-b865-67033766dcba:192.168.164.201:40704, c07977b7-c8ef-4f3c-80b1-66a07c6e3dcd:192.168.164.201:38664], old=null
2019-10-17 20:28:23,429 [grpc-default-executor-4] INFO  impl.RaftServerImpl (RaftServerImpl.java:setRole(184)) - d81605c5-54b3-45a8-b5ae-2e8d8890cbef@group-C2BDBBDF155D: changes role from  FOLLOWER to FOLLOWER at term 17 for recognizeCandidate:c07977b7-c8ef-4f3c-80b1-66a07c6e3dcd
2019-10-17 20:28:23,429 [grpc-default-executor-2] INFO  impl.RaftServerImpl (RaftServerImpl.java:setRole(184)) - 7f29c796-0732-402f-b865-67033766dcba@group-C2BDBBDF155D: changes role from  FOLLOWER to FOLLOWER at term 17 for recognizeCandidate:c07977b7-c8ef-4f3c-80b1-66a07c6e3dcd
2019-10-17 20:28:23,429 [grpc-default-executor-4] INFO  impl.RoleInfo (RoleInfo.java:shutdownFollowerState(121)) - d81605c5-54b3-45a8-b5ae-2e8d8890cbef: shutdown FollowerState
2019-10-17 20:28:23,429 [grpc-default-executor-2] INFO  impl.RoleInfo (RoleInfo.java:shutdownFollowerState(121)) - 7f29c796-0732-402f-b865-67033766dcba: shutdown FollowerState
2019-10-17 20:28:23,429 [Thread-1175] INFO  impl.FollowerState (FollowerState.java:run(117)) - d81605c5-54b3-45a8-b5ae-2e8d8890cbef@group-C2BDBBDF155D-FollowerState was interrupted: java.lang.InterruptedException: sleep interrupted
2019-10-17 20:28:23,429 [grpc-default-executor-4] INFO  impl.RoleInfo (RoleInfo.java:updateAndGet(143)) - d81605c5-54b3-45a8-b5ae-2e8d8890cbef: start FollowerState
2019-10-17 20:28:23,429 [grpc-default-executor-2] INFO  impl.RoleInfo (RoleInfo.java:updateAndGet(143)) - 7f29c796-0732-402f-b865-67033766dcba: start FollowerState
2019-10-17 20:28:23,429 [Thread-1174] INFO  impl.FollowerState (FollowerState.java:run(117)) - 7f29c796-0732-402f-b865-67033766dcba@group-C2BDBBDF155D-FollowerState was interrupted: java.lang.InterruptedException: sleep interrupted
2019-10-17 20:28:23,460 [c07977b7-c8ef-4f3c-80b1-66a07c6e3dcd@group-C2BDBBDF155D-LeaderElection59] INFO  impl.LeaderElection (LeaderElection.java:logAndReturn(56)) - c07977b7-c8ef-4f3c-80b1-66a07c6e3dcd@group-C2BDBBDF155D-LeaderElection59: Election REJECTED; received 2 response(s) [c07977b7-c8ef-4f3c-80b1-66a07c6e3dcd<-d81605c5-54b3-45a8-b5ae-2e8d8890cbef#0:FAIL-t17, c07977b7-c8ef-4f3c-80b1-66a07c6e3dcd<-7f29c796-0732-402f-b865-67033766dcba#0:FAIL-t17] and 0 exception(s); c07977b7-c8ef-4f3c-80b1-66a07c6e3dcd@group-C2BDBBDF155D:t17, leader=null, voted=c07977b7-c8ef-4f3c-80b1-66a07c6e3dcd, raftlog=c07977b7-c8ef-4f3c-80b1-66a07c6e3dcd@group-C2BDBBDF155D-SegmentedRaftLog:OPENED:c-1,f-1,i0, conf=-1: [d81605c5-54b3-45a8-b5ae-2e8d8890cbef:192.168.164.201:42755, 7f29c796-0732-402f-b865-67033766dcba:192.168.164.201:40704, c07977b7-c8ef-4f3c-80b1-66a07c6e3dcd:192.168.164.201:38664], old=null
2019-10-17 20:28:23,460 [c07977b7-c8ef-4f3c-80b1-66a07c6e3dcd@group-C2BDBBDF155D-LeaderElection59] INFO  impl.RaftServerImpl (RaftServerImpl.java:setRole(184)) - c07977b7-c8ef-4f3c-80b1-66a07c6e3dcd@group-C2BDBBDF155D: changes role from CANDIDATE to FOLLOWER at term 17 for DISCOVERED_A_NEW_TERM
2019-10-17 20:28:23,460 [c07977b7-c8ef-4f3c-80b1-66a07c6e3dcd@group-C2BDBBDF155D-LeaderElection59] INFO  impl.RoleInfo (RoleInfo.java:shutdownLeaderElection(134)) - c07977b7-c8ef-4f3c-80b1-66a07c6e3dcd: shutdown LeaderElection
2019-10-17 20:28:23,460 [c07977b7-c8ef-4f3c-80b1-66a07c6e3dcd@group-C2BDBBDF155D-LeaderElection59] INFO  impl.RoleInfo (RoleInfo.java:updateAndGet(143)) - c07977b7-c8ef-4f3c-80b1-66a07c6e3dcd: start FollowerState
2019-10-17 20:28:23,481 [Thread-1182] INFO  impl.FollowerState (FollowerState.java:run(108)) - c07977b7-c8ef-4f3c-80b1-66a07c6e3dcd@group-C2BDBBDF155D-FollowerState: change to CANDIDATE, lastRpcTime:20ms, electionTimeout:20ms
2019-10-17 20:28:23,481 [Thread-1182] INFO  impl.RoleInfo (RoleInfo.java:shutdownFollowerState(121)) - c07977b7-c8ef-4f3c-80b1-66a07c6e3dcd: shutdown FollowerState
2019-10-17 20:28:23,481 [Thread-1182] INFO  impl.RaftServerImpl (RaftServerImpl.java:setRole(184)) - c07977b7-c8ef-4f3c-80b1-66a07c6e3dcd@group-C2BDBBDF155D: changes role from  FOLLOWER to CANDIDATE at term 17 for changeToCandidate
2019-10-17 20:28:23,481 [Thread-1182] INFO  impl.RoleInfo (RoleInfo.java:updateAndGet(143)) - c07977b7-c8ef-4f3c-80b1-66a07c6e3dcd: start LeaderElection
2019-10-17 20:28:23,510 [c07977b7-c8ef-4f3c-80b1-66a07c6e3dcd@group-C2BDBBDF155D-LeaderElection60] INFO  impl.LeaderElection (LeaderElection.java:askForVotes(178)) - c07977b7-c8ef-4f3c-80b1-66a07c6e3dcd@group-C2BDBBDF155D-LeaderElection60: begin an election at term 18 for -1: [d81605c5-54b3-45a8-b5ae-2e8d8890cbef:192.168.164.201:42755, 7f29c796-0732-402f-b865-67033766dcba:192.168.164.201:40704, c07977b7-c8ef-4f3c-80b1-66a07c6e3dcd:192.168.164.201:38664], old=null
2019-10-17 20:28:23,513 [grpc-default-executor-2] INFO  impl.RaftServerImpl (RaftServerImpl.java:setRole(184)) - d81605c5-54b3-45a8-b5ae-2e8d8890cbef@group-C2BDBBDF155D: changes role from  FOLLOWER to FOLLOWER at term 18 for recognizeCandidate:c07977b7-c8ef-4f3c-80b1-66a07c6e3dcd
2019-10-17 20:28:23,513 [grpc-default-executor-4] INFO  impl.RaftServerImpl (RaftServerImpl.java:setRole(184)) - 7f29c796-0732-402f-b865-67033766dcba@group-C2BDBBDF155D: changes role from  FOLLOWER to FOLLOWER at term 18 for recognizeCandidate:c07977b7-c8ef-4f3c-80b1-66a07c6e3dcd
2019-10-17 20:28:23,514 [grpc-default-executor-2] INFO  impl.RoleInfo (RoleInfo.java:shutdownFollowerState(121)) - d81605c5-54b3-45a8-b5ae-2e8d8890cbef: shutdown FollowerState
2019-10-17 20:28:23,514 [grpc-default-executor-4] INFO  impl.RoleInfo (RoleInfo.java:shutdownFollowerState(121)) - 7f29c796-0732-402f-b865-67033766dcba: shutdown FollowerState
2019-10-17 20:28:23,514 [Thread-1180] INFO  impl.FollowerState (FollowerState.java:run(117)) - d81605c5-54b3-45a8-b5ae-2e8d8890cbef@group-C2BDBBDF155D-FollowerState was interrupted: java.lang.InterruptedException: sleep interrupted
2019-10-17 20:28:23,514 [Thread-1181] INFO  impl.FollowerState (FollowerState.java:run(117)) - 7f29c796-0732-402f-b865-67033766dcba@group-C2BDBBDF155D-FollowerState was interrupted: java.lang.InterruptedException: sleep interrupted
2019-10-17 20:28:23,514 [grpc-default-executor-2] INFO  impl.RoleInfo (RoleInfo.java:updateAndGet(143)) - d81605c5-54b3-45a8-b5ae-2e8d8890cbef: start FollowerState
2019-10-17 20:28:23,514 [grpc-default-executor-4] INFO  impl.RoleInfo (RoleInfo.java:updateAndGet(143)) - 7f29c796-0732-402f-b865-67033766dcba: start FollowerState
2019-10-17 20:28:23,531 [Thread-754] INFO  ozone.MiniOzoneClusterImpl (MiniOzoneClusterImpl.java:lambda$waitForClusterToBeReady$2(164)) - Waiting for 1 number of pipelines out of 4, to report a leader.
2019-10-17 20:28:23,545 [c07977b7-c8ef-4f3c-80b1-66a07c6e3dcd@group-C2BDBBDF155D-LeaderElection60] INFO  impl.LeaderElection (LeaderElection.java:logAndReturn(56)) - c07977b7-c8ef-4f3c-80b1-66a07c6e3dcd@group-C2BDBBDF155D-LeaderElection60: Election REJECTED; received 2 response(s) [c07977b7-c8ef-4f3c-80b1-66a07c6e3dcd<-d81605c5-54b3-45a8-b5ae-2e8d8890cbef#0:FAIL-t18, c07977b7-c8ef-4f3c-80b1-66a07c6e3dcd<-7f29c796-0732-402f-b865-67033766dcba#0:FAIL-t18] and 0 exception(s); c07977b7-c8ef-4f3c-80b1-66a07c6e3dcd@group-C2BDBBDF155D:t18, leader=null, voted=c07977b7-c8ef-4f3c-80b1-66a07c6e3dcd, raftlog=c07977b7-c8ef-4f3c-80b1-66a07c6e3dcd@group-C2BDBBDF155D-SegmentedRaftLog:OPENED:c-1,f-1,i0, conf=-1: [d81605c5-54b3-45a8-b5ae-2e8d8890cbef:192.168.164.201:42755, 7f29c796-0732-402f-b865-67033766dcba:192.168.164.201:40704, c07977b7-c8ef-4f3c-80b1-66a07c6e3dcd:192.168.164.201:38664], old=null
2019-10-17 20:28:23,546 [c07977b7-c8ef-4f3c-80b1-66a07c6e3dcd@group-C2BDBBDF155D-LeaderElection60] INFO  impl.RaftServerImpl (RaftServerImpl.java:setRole(184)) - c07977b7-c8ef-4f3c-80b1-66a07c6e3dcd@group-C2BDBBDF155D: changes role from CANDIDATE to FOLLOWER at term 18 for DISCOVERED_A_NEW_TERM
2019-10-17 20:28:23,546 [c07977b7-c8ef-4f3c-80b1-66a07c6e3dcd@group-C2BDBBDF155D-LeaderElection60] INFO  impl.RoleInfo (RoleInfo.java:shutdownLeaderElection(134)) - c07977b7-c8ef-4f3c-80b1-66a07c6e3dcd: shutdown LeaderElection
2019-10-17 20:28:23,546 [c07977b7-c8ef-4f3c-80b1-66a07c6e3dcd@group-C2BDBBDF155D-LeaderElection60] INFO  impl.RoleInfo (RoleInfo.java:updateAndGet(143)) - c07977b7-c8ef-4f3c-80b1-66a07c6e3dcd: start FollowerState
2019-10-17 20:28:23,614 [Thread-1188] INFO  impl.FollowerState (FollowerState.java:run(108)) - c07977b7-c8ef-4f3c-80b1-66a07c6e3dcd@group-C2BDBBDF155D-FollowerState: change to CANDIDATE, lastRpcTime:67ms, electionTimeout:67ms
2019-10-17 20:28:23,614 [Thread-1188] INFO  impl.RoleInfo (RoleInfo.java:shutdownFollowerState(121)) - c07977b7-c8ef-4f3c-80b1-66a07c6e3dcd: shutdown FollowerState
2019-10-17 20:28:23,614 [Thread-1188] INFO  impl.RaftServerImpl (RaftServerImpl.java:setRole(184)) - c07977b7-c8ef-4f3c-80b1-66a07c6e3dcd@group-C2BDBBDF155D: changes role from  FOLLOWER to CANDIDATE at term 18 for changeToCandidate
2019-10-17 20:28:23,614 [Thread-1188] INFO  impl.RoleInfo (RoleInfo.java:updateAndGet(143)) - c07977b7-c8ef-4f3c-80b1-66a07c6e3dcd: start LeaderElection
2019-10-17 20:28:23,644 [c07977b7-c8ef-4f3c-80b1-66a07c6e3dcd@group-C2BDBBDF155D-LeaderElection61] INFO  impl.LeaderElection (LeaderElection.java:askForVotes(178)) - c07977b7-c8ef-4f3c-80b1-66a07c6e3dcd@group-C2BDBBDF155D-LeaderElection61: begin an election at term 19 for -1: [d81605c5-54b3-45a8-b5ae-2e8d8890cbef:192.168.164.201:42755, 7f29c796-0732-402f-b865-67033766dcba:192.168.164.201:40704, c07977b7-c8ef-4f3c-80b1-66a07c6e3dcd:192.168.164.201:38664], old=null
2019-10-17 20:28:23,648 [grpc-default-executor-4] INFO  impl.RaftServerImpl (RaftServerImpl.java:setRole(184)) - d81605c5-54b3-45a8-b5ae-2e8d8890cbef@group-C2BDBBDF155D: changes role from  FOLLOWER to FOLLOWER at term 19 for recognizeCandidate:c07977b7-c8ef-4f3c-80b1-66a07c6e3dcd
2019-10-17 20:28:23,648 [grpc-default-executor-2] INFO  impl.RaftServerImpl (RaftServerImpl.java:setRole(184)) - 7f29c796-0732-402f-b865-67033766dcba@group-C2BDBBDF155D: changes role from  FOLLOWER to FOLLOWER at term 19 for recognizeCandidate:c07977b7-c8ef-4f3c-80b1-66a07c6e3dcd
2019-10-17 20:28:23,648 [grpc-default-executor-4] INFO  impl.RoleInfo (RoleInfo.java:shutdownFollowerState(121)) - d81605c5-54b3-45a8-b5ae-2e8d8890cbef: shutdown FollowerState
2019-10-17 20:28:23,648 [grpc-default-executor-2] INFO  impl.RoleInfo (RoleInfo.java:shutdownFollowerState(121)) - 7f29c796-0732-402f-b865-67033766dcba: shutdown FollowerState
2019-10-17 20:28:23,648 [grpc-default-executor-4] INFO  impl.RoleInfo (RoleInfo.java:updateAndGet(143)) - d81605c5-54b3-45a8-b5ae-2e8d8890cbef: start FollowerState
2019-10-17 20:28:23,649 [Thread-1187] INFO  impl.FollowerState (FollowerState.java:run(117)) - 7f29c796-0732-402f-b865-67033766dcba@group-C2BDBBDF155D-FollowerState was interrupted: java.lang.InterruptedException: sleep interrupted
2019-10-17 20:28:23,648 [grpc-default-executor-2] INFO  impl.RoleInfo (RoleInfo.java:updateAndGet(143)) - 7f29c796-0732-402f-b865-67033766dcba: start FollowerState
2019-10-17 20:28:23,648 [Thread-1186] INFO  impl.FollowerState (FollowerState.java:run(117)) - d81605c5-54b3-45a8-b5ae-2e8d8890cbef@group-C2BDBBDF155D-FollowerState was interrupted: java.lang.InterruptedException: sleep interrupted
2019-10-17 20:28:23,658 [c07977b7-c8ef-4f3c-80b1-66a07c6e3dcd@group-C2BDBBDF155D-LeaderElection61] INFO  impl.LeaderElection (LeaderElection.java:logAndReturn(56)) - c07977b7-c8ef-4f3c-80b1-66a07c6e3dcd@group-C2BDBBDF155D-LeaderElection61: Election TIMEOUT; received 0 response(s) [] and 0 exception(s); c07977b7-c8ef-4f3c-80b1-66a07c6e3dcd@group-C2BDBBDF155D:t19, leader=null, voted=c07977b7-c8ef-4f3c-80b1-66a07c6e3dcd, raftlog=c07977b7-c8ef-4f3c-80b1-66a07c6e3dcd@group-C2BDBBDF155D-SegmentedRaftLog:OPENED:c-1,f-1,i0, conf=-1: [d81605c5-54b3-45a8-b5ae-2e8d8890cbef:192.168.164.201:42755, 7f29c796-0732-402f-b865-67033766dcba:192.168.164.201:40704, c07977b7-c8ef-4f3c-80b1-66a07c6e3dcd:192.168.164.201:38664], old=null
2019-10-17 20:28:23,677 [c07977b7-c8ef-4f3c-80b1-66a07c6e3dcd@group-C2BDBBDF155D-LeaderElection61] INFO  impl.LeaderElection (LeaderElection.java:askForVotes(178)) - c07977b7-c8ef-4f3c-80b1-66a07c6e3dcd@group-C2BDBBDF155D-LeaderElection61: begin an election at term 20 for -1: [d81605c5-54b3-45a8-b5ae-2e8d8890cbef:192.168.164.201:42755, 7f29c796-0732-402f-b865-67033766dcba:192.168.164.201:40704, c07977b7-c8ef-4f3c-80b1-66a07c6e3dcd:192.168.164.201:38664], old=null
2019-10-17 20:28:23,681 [grpc-default-executor-4] INFO  impl.RaftServerImpl (RaftServerImpl.java:setRole(184)) - d81605c5-54b3-45a8-b5ae-2e8d8890cbef@group-C2BDBBDF155D: changes role from  FOLLOWER to FOLLOWER at term 20 for recognizeCandidate:c07977b7-c8ef-4f3c-80b1-66a07c6e3dcd
2019-10-17 20:28:23,681 [grpc-default-executor-4] INFO  impl.RoleInfo (RoleInfo.java:shutdownFollowerState(121)) - d81605c5-54b3-45a8-b5ae-2e8d8890cbef: shutdown FollowerState
2019-10-17 20:28:23,682 [grpc-default-executor-4] INFO  impl.RoleInfo (RoleInfo.java:updateAndGet(143)) - d81605c5-54b3-45a8-b5ae-2e8d8890cbef: start FollowerState
2019-10-17 20:28:23,682 [grpc-default-executor-2] INFO  impl.RaftServerImpl (RaftServerImpl.java:setRole(184)) - 7f29c796-0732-402f-b865-67033766dcba@group-C2BDBBDF155D: changes role from  FOLLOWER to FOLLOWER at term 20 for recognizeCandidate:c07977b7-c8ef-4f3c-80b1-66a07c6e3dcd
2019-10-17 20:28:23,682 [Thread-1192] INFO  impl.FollowerState (FollowerState.java:run(117)) - d81605c5-54b3-45a8-b5ae-2e8d8890cbef@group-C2BDBBDF155D-FollowerState was interrupted: java.lang.InterruptedException: sleep interrupted
2019-10-17 20:28:23,682 [grpc-default-executor-2] INFO  impl.RoleInfo (RoleInfo.java:shutdownFollowerState(121)) - 7f29c796-0732-402f-b865-67033766dcba: shutdown FollowerState
2019-10-17 20:28:23,682 [grpc-default-executor-2] INFO  impl.RoleInfo (RoleInfo.java:updateAndGet(143)) - 7f29c796-0732-402f-b865-67033766dcba: start FollowerState
2019-10-17 20:28:23,682 [Thread-1193] INFO  impl.FollowerState (FollowerState.java:run(117)) - 7f29c796-0732-402f-b865-67033766dcba@group-C2BDBBDF155D-FollowerState was interrupted: java.lang.InterruptedException: sleep interrupted
2019-10-17 20:28:23,700 [c07977b7-c8ef-4f3c-80b1-66a07c6e3dcd@group-C2BDBBDF155D-LeaderElection61] INFO  impl.LeaderElection (LeaderElection.java:logAndReturn(56)) - c07977b7-c8ef-4f3c-80b1-66a07c6e3dcd@group-C2BDBBDF155D-LeaderElection61: Election TIMEOUT; received 0 response(s) [] and 0 exception(s); c07977b7-c8ef-4f3c-80b1-66a07c6e3dcd@group-C2BDBBDF155D:t20, leader=null, voted=c07977b7-c8ef-4f3c-80b1-66a07c6e3dcd, raftlog=c07977b7-c8ef-4f3c-80b1-66a07c6e3dcd@group-C2BDBBDF155D-SegmentedRaftLog:OPENED:c-1,f-1,i0, conf=-1: [d81605c5-54b3-45a8-b5ae-2e8d8890cbef:192.168.164.201:42755, 7f29c796-0732-402f-b865-67033766dcba:192.168.164.201:40704, c07977b7-c8ef-4f3c-80b1-66a07c6e3dcd:192.168.164.201:38664], old=null
2019-10-17 20:28:23,728 [c07977b7-c8ef-4f3c-80b1-66a07c6e3dcd@group-C2BDBBDF155D-LeaderElection61] INFO  impl.LeaderElection (LeaderElection.java:askForVotes(178)) - c07977b7-c8ef-4f3c-80b1-66a07c6e3dcd@group-C2BDBBDF155D-LeaderElection61: begin an election at term 21 for -1: [d81605c5-54b3-45a8-b5ae-2e8d8890cbef:192.168.164.201:42755, 7f29c796-0732-402f-b865-67033766dcba:192.168.164.201:40704, c07977b7-c8ef-4f3c-80b1-66a07c6e3dcd:192.168.164.201:38664], old=null
2019-10-17 20:28:23,732 [grpc-default-executor-2] INFO  impl.RaftServerImpl (RaftServerImpl.java:setRole(184)) - 7f29c796-0732-402f-b865-67033766dcba@group-C2BDBBDF155D: changes role from  FOLLOWER to FOLLOWER at term 21 for recognizeCandidate:c07977b7-c8ef-4f3c-80b1-66a07c6e3dcd
2019-10-17 20:28:23,732 [grpc-default-executor-4] INFO  impl.RaftServerImpl (RaftServerImpl.java:setRole(184)) - d81605c5-54b3-45a8-b5ae-2e8d8890cbef@group-C2BDBBDF155D: changes role from  FOLLOWER to FOLLOWER at term 21 for recognizeCandidate:c07977b7-c8ef-4f3c-80b1-66a07c6e3dcd
2019-10-17 20:28:23,732 [grpc-default-executor-2] INFO  impl.RoleInfo (RoleInfo.java:shutdownFollowerState(121)) - 7f29c796-0732-402f-b865-67033766dcba: shutdown FollowerState
2019-10-17 20:28:23,732 [grpc-default-executor-4] INFO  impl.RoleInfo (RoleInfo.java:shutdownFollowerState(121)) - d81605c5-54b3-45a8-b5ae-2e8d8890cbef: shutdown FollowerState
2019-10-17 20:28:23,732 [Thread-1197] INFO  impl.FollowerState (FollowerState.java:run(117)) - 7f29c796-0732-402f-b865-67033766dcba@group-C2BDBBDF155D-FollowerState was interrupted: java.lang.InterruptedException: sleep interrupted
2019-10-17 20:28:23,732 [grpc-default-executor-2] INFO  impl.RoleInfo (RoleInfo.java:updateAndGet(143)) - 7f29c796-0732-402f-b865-67033766dcba: start FollowerState
2019-10-17 20:28:23,733 [Thread-1196] INFO  impl.FollowerState (FollowerState.java:run(117)) - d81605c5-54b3-45a8-b5ae-2e8d8890cbef@group-C2BDBBDF155D-FollowerState was interrupted: java.lang.InterruptedException: sleep interrupted
2019-10-17 20:28:23,732 [grpc-default-executor-4] INFO  impl.RoleInfo (RoleInfo.java:updateAndGet(143)) - d81605c5-54b3-45a8-b5ae-2e8d8890cbef: start FollowerState
2019-10-17 20:28:23,764 [c07977b7-c8ef-4f3c-80b1-66a07c6e3dcd@group-C2BDBBDF155D-LeaderElection61] INFO  impl.LeaderElection (LeaderElection.java:logAndReturn(56)) - c07977b7-c8ef-4f3c-80b1-66a07c6e3dcd@group-C2BDBBDF155D-LeaderElection61: Election REJECTED; received 2 response(s) [c07977b7-c8ef-4f3c-80b1-66a07c6e3dcd<-d81605c5-54b3-45a8-b5ae-2e8d8890cbef#0:FAIL-t21, c07977b7-c8ef-4f3c-80b1-66a07c6e3dcd<-7f29c796-0732-402f-b865-67033766dcba#0:FAIL-t21] and 0 exception(s); c07977b7-c8ef-4f3c-80b1-66a07c6e3dcd@group-C2BDBBDF155D:t21, leader=null, voted=c07977b7-c8ef-4f3c-80b1-66a07c6e3dcd, raftlog=c07977b7-c8ef-4f3c-80b1-66a07c6e3dcd@group-C2BDBBDF155D-SegmentedRaftLog:OPENED:c-1,f-1,i0, conf=-1: [d81605c5-54b3-45a8-b5ae-2e8d8890cbef:192.168.164.201:42755, 7f29c796-0732-402f-b865-67033766dcba:192.168.164.201:40704, c07977b7-c8ef-4f3c-80b1-66a07c6e3dcd:192.168.164.201:38664], old=null
2019-10-17 20:28:23,764 [c07977b7-c8ef-4f3c-80b1-66a07c6e3dcd@group-C2BDBBDF155D-LeaderElection61] INFO  impl.RaftServerImpl (RaftServerImpl.java:setRole(184)) - c07977b7-c8ef-4f3c-80b1-66a07c6e3dcd@group-C2BDBBDF155D: changes role from CANDIDATE to FOLLOWER at term 21 for DISCOVERED_A_NEW_TERM
2019-10-17 20:28:23,764 [c07977b7-c8ef-4f3c-80b1-66a07c6e3dcd@group-C2BDBBDF155D-LeaderElection61] INFO  impl.RoleInfo (RoleInfo.java:shutdownLeaderElection(134)) - c07977b7-c8ef-4f3c-80b1-66a07c6e3dcd: shutdown LeaderElection
2019-10-17 20:28:23,765 [c07977b7-c8ef-4f3c-80b1-66a07c6e3dcd@group-C2BDBBDF155D-LeaderElection61] INFO  impl.RoleInfo (RoleInfo.java:updateAndGet(143)) - c07977b7-c8ef-4f3c-80b1-66a07c6e3dcd: start FollowerState
2019-10-17 20:28:23,904 [Thread-1202] INFO  impl.FollowerState (FollowerState.java:run(108)) - c07977b7-c8ef-4f3c-80b1-66a07c6e3dcd@group-C2BDBBDF155D-FollowerState: change to CANDIDATE, lastRpcTime:139ms, electionTimeout:139ms
2019-10-17 20:28:23,904 [Thread-1202] INFO  impl.RoleInfo (RoleInfo.java:shutdownFollowerState(121)) - c07977b7-c8ef-4f3c-80b1-66a07c6e3dcd: shutdown FollowerState
2019-10-17 20:28:23,904 [Thread-1202] INFO  impl.RaftServerImpl (RaftServerImpl.java:setRole(184)) - c07977b7-c8ef-4f3c-80b1-66a07c6e3dcd@group-C2BDBBDF155D: changes role from  FOLLOWER to CANDIDATE at term 21 for changeToCandidate
2019-10-17 20:28:23,905 [Thread-1202] INFO  impl.RoleInfo (RoleInfo.java:updateAndGet(143)) - c07977b7-c8ef-4f3c-80b1-66a07c6e3dcd: start LeaderElection
2019-10-17 20:28:23,937 [c07977b7-c8ef-4f3c-80b1-66a07c6e3dcd@group-C2BDBBDF155D-LeaderElection62] INFO  impl.LeaderElection (LeaderElection.java:askForVotes(178)) - c07977b7-c8ef-4f3c-80b1-66a07c6e3dcd@group-C2BDBBDF155D-LeaderElection62: begin an election at term 22 for -1: [d81605c5-54b3-45a8-b5ae-2e8d8890cbef:192.168.164.201:42755, 7f29c796-0732-402f-b865-67033766dcba:192.168.164.201:40704, c07977b7-c8ef-4f3c-80b1-66a07c6e3dcd:192.168.164.201:38664], old=null
2019-10-17 20:28:23,942 [grpc-default-executor-4] INFO  impl.RaftServerImpl (RaftServerImpl.java:setRole(184)) - d81605c5-54b3-45a8-b5ae-2e8d8890cbef@group-C2BDBBDF155D: changes role from  FOLLOWER to FOLLOWER at term 22 for recognizeCandidate:c07977b7-c8ef-4f3c-80b1-66a07c6e3dcd
2019-10-17 20:28:23,942 [grpc-default-executor-2] INFO  impl.RaftServerImpl (RaftServerImpl.java:setRole(184)) - 7f29c796-0732-402f-b865-67033766dcba@group-C2BDBBDF155D: changes role from  FOLLOWER to FOLLOWER at term 22 for recognizeCandidate:c07977b7-c8ef-4f3c-80b1-66a07c6e3dcd
2019-10-17 20:28:23,942 [grpc-default-executor-4] INFO  impl.RoleInfo (RoleInfo.java:shutdownFollowerState(121)) - d81605c5-54b3-45a8-b5ae-2e8d8890cbef: shutdown FollowerState
2019-10-17 20:28:23,943 [grpc-default-executor-4] INFO  impl.RoleInfo (RoleInfo.java:updateAndGet(143)) - d81605c5-54b3-45a8-b5ae-2e8d8890cbef: start FollowerState
2019-10-17 20:28:23,942 [grpc-default-executor-2] INFO  impl.RoleInfo (RoleInfo.java:shutdownFollowerState(121)) - 7f29c796-0732-402f-b865-67033766dcba: shutdown FollowerState
2019-10-17 20:28:23,943 [Thread-1201] INFO  impl.FollowerState (FollowerState.java:run(117)) - d81605c5-54b3-45a8-b5ae-2e8d8890cbef@group-C2BDBBDF155D-FollowerState was interrupted: java.lang.InterruptedException: sleep interrupted
2019-10-17 20:28:23,943 [grpc-default-executor-2] INFO  impl.RoleInfo (RoleInfo.java:updateAndGet(143)) - 7f29c796-0732-402f-b865-67033766dcba: start FollowerState
2019-10-17 20:28:23,943 [Thread-1200] INFO  impl.FollowerState (FollowerState.java:run(117)) - 7f29c796-0732-402f-b865-67033766dcba@group-C2BDBBDF155D-FollowerState was interrupted: java.lang.InterruptedException: sleep interrupted
2019-10-17 20:28:23,973 [c07977b7-c8ef-4f3c-80b1-66a07c6e3dcd@group-C2BDBBDF155D-LeaderElection62] INFO  impl.LeaderElection (LeaderElection.java:logAndReturn(56)) - c07977b7-c8ef-4f3c-80b1-66a07c6e3dcd@group-C2BDBBDF155D-LeaderElection62: Election REJECTED; received 2 response(s) [c07977b7-c8ef-4f3c-80b1-66a07c6e3dcd<-d81605c5-54b3-45a8-b5ae-2e8d8890cbef#0:FAIL-t22, c07977b7-c8ef-4f3c-80b1-66a07c6e3dcd<-7f29c796-0732-402f-b865-67033766dcba#0:FAIL-t22] and 0 exception(s); c07977b7-c8ef-4f3c-80b1-66a07c6e3dcd@group-C2BDBBDF155D:t22, leader=null, voted=c07977b7-c8ef-4f3c-80b1-66a07c6e3dcd, raftlog=c07977b7-c8ef-4f3c-80b1-66a07c6e3dcd@group-C2BDBBDF155D-SegmentedRaftLog:OPENED:c-1,f-1,i0, conf=-1: [d81605c5-54b3-45a8-b5ae-2e8d8890cbef:192.168.164.201:42755, 7f29c796-0732-402f-b865-67033766dcba:192.168.164.201:40704, c07977b7-c8ef-4f3c-80b1-66a07c6e3dcd:192.168.164.201:38664], old=null
2019-10-17 20:28:23,973 [c07977b7-c8ef-4f3c-80b1-66a07c6e3dcd@group-C2BDBBDF155D-LeaderElection62] INFO  impl.RaftServerImpl (RaftServerImpl.java:setRole(184)) - c07977b7-c8ef-4f3c-80b1-66a07c6e3dcd@group-C2BDBBDF155D: changes role from CANDIDATE to FOLLOWER at term 22 for DISCOVERED_A_NEW_TERM
2019-10-17 20:28:23,974 [c07977b7-c8ef-4f3c-80b1-66a07c6e3dcd@group-C2BDBBDF155D-LeaderElection62] INFO  impl.RoleInfo (RoleInfo.java:shutdownLeaderElection(134)) - c07977b7-c8ef-4f3c-80b1-66a07c6e3dcd: shutdown LeaderElection
2019-10-17 20:28:23,974 [c07977b7-c8ef-4f3c-80b1-66a07c6e3dcd@group-C2BDBBDF155D-LeaderElection62] INFO  impl.RoleInfo (RoleInfo.java:updateAndGet(143)) - c07977b7-c8ef-4f3c-80b1-66a07c6e3dcd: start FollowerState
2019-10-17 20:28:24,030 [Thread-1208] INFO  impl.FollowerState (FollowerState.java:run(108)) - c07977b7-c8ef-4f3c-80b1-66a07c6e3dcd@group-C2BDBBDF155D-FollowerState: change to CANDIDATE, lastRpcTime:56ms, electionTimeout:56ms
2019-10-17 20:28:24,031 [Thread-1208] INFO  impl.RoleInfo (RoleInfo.java:shutdownFollowerState(121)) - c07977b7-c8ef-4f3c-80b1-66a07c6e3dcd: shutdown FollowerState
2019-10-17 20:28:24,031 [Thread-1208] INFO  impl.RaftServerImpl (RaftServerImpl.java:setRole(184)) - c07977b7-c8ef-4f3c-80b1-66a07c6e3dcd@group-C2BDBBDF155D: changes role from  FOLLOWER to CANDIDATE at term 22 for changeToCandidate
2019-10-17 20:28:24,031 [Thread-1208] INFO  impl.RoleInfo (RoleInfo.java:updateAndGet(143)) - c07977b7-c8ef-4f3c-80b1-66a07c6e3dcd: start LeaderElection
2019-10-17 20:28:24,054 [c07977b7-c8ef-4f3c-80b1-66a07c6e3dcd@group-C2BDBBDF155D-LeaderElection63] INFO  impl.LeaderElection (LeaderElection.java:askForVotes(178)) - c07977b7-c8ef-4f3c-80b1-66a07c6e3dcd@group-C2BDBBDF155D-LeaderElection63: begin an election at term 23 for -1: [d81605c5-54b3-45a8-b5ae-2e8d8890cbef:192.168.164.201:42755, 7f29c796-0732-402f-b865-67033766dcba:192.168.164.201:40704, c07977b7-c8ef-4f3c-80b1-66a07c6e3dcd:192.168.164.201:38664], old=null
2019-10-17 20:28:24,058 [grpc-default-executor-2] INFO  impl.RaftServerImpl (RaftServerImpl.java:setRole(184)) - 7f29c796-0732-402f-b865-67033766dcba@group-C2BDBBDF155D: changes role from  FOLLOWER to FOLLOWER at term 23 for recognizeCandidate:c07977b7-c8ef-4f3c-80b1-66a07c6e3dcd
2019-10-17 20:28:24,058 [grpc-default-executor-2] INFO  impl.RoleInfo (RoleInfo.java:shutdownFollowerState(121)) - 7f29c796-0732-402f-b865-67033766dcba: shutdown FollowerState
2019-10-17 20:28:24,058 [grpc-default-executor-2] INFO  impl.RoleInfo (RoleInfo.java:updateAndGet(143)) - 7f29c796-0732-402f-b865-67033766dcba: start FollowerState
2019-10-17 20:28:24,058 [Thread-1207] INFO  impl.FollowerState (FollowerState.java:run(117)) - 7f29c796-0732-402f-b865-67033766dcba@group-C2BDBBDF155D-FollowerState was interrupted: java.lang.InterruptedException: sleep interrupted
2019-10-17 20:28:24,059 [grpc-default-executor-4] INFO  impl.RaftServerImpl (RaftServerImpl.java:setRole(184)) - d81605c5-54b3-45a8-b5ae-2e8d8890cbef@group-C2BDBBDF155D: changes role from  FOLLOWER to FOLLOWER at term 23 for recognizeCandidate:c07977b7-c8ef-4f3c-80b1-66a07c6e3dcd
2019-10-17 20:28:24,059 [grpc-default-executor-4] INFO  impl.RoleInfo (RoleInfo.java:shutdownFollowerState(121)) - d81605c5-54b3-45a8-b5ae-2e8d8890cbef: shutdown FollowerState
2019-10-17 20:28:24,059 [grpc-default-executor-4] INFO  impl.RoleInfo (RoleInfo.java:updateAndGet(143)) - d81605c5-54b3-45a8-b5ae-2e8d8890cbef: start FollowerState
2019-10-17 20:28:24,059 [Thread-1206] INFO  impl.FollowerState (FollowerState.java:run(117)) - d81605c5-54b3-45a8-b5ae-2e8d8890cbef@group-C2BDBBDF155D-FollowerState was interrupted: java.lang.InterruptedException: sleep interrupted
2019-10-17 20:28:24,074 [c07977b7-c8ef-4f3c-80b1-66a07c6e3dcd@group-C2BDBBDF155D-LeaderElection63] INFO  impl.LeaderElection (LeaderElection.java:logAndReturn(56)) - c07977b7-c8ef-4f3c-80b1-66a07c6e3dcd@group-C2BDBBDF155D-LeaderElection63: Election TIMEOUT; received 0 response(s) [] and 0 exception(s); c07977b7-c8ef-4f3c-80b1-66a07c6e3dcd@group-C2BDBBDF155D:t23, leader=null, voted=c07977b7-c8ef-4f3c-80b1-66a07c6e3dcd, raftlog=c07977b7-c8ef-4f3c-80b1-66a07c6e3dcd@group-C2BDBBDF155D-SegmentedRaftLog:OPENED:c-1,f-1,i0, conf=-1: [d81605c5-54b3-45a8-b5ae-2e8d8890cbef:192.168.164.201:42755, 7f29c796-0732-402f-b865-67033766dcba:192.168.164.201:40704, c07977b7-c8ef-4f3c-80b1-66a07c6e3dcd:192.168.164.201:38664], old=null
2019-10-17 20:28:24,097 [c07977b7-c8ef-4f3c-80b1-66a07c6e3dcd@group-C2BDBBDF155D-LeaderElection63] INFO  impl.LeaderElection (LeaderElection.java:askForVotes(178)) - c07977b7-c8ef-4f3c-80b1-66a07c6e3dcd@group-C2BDBBDF155D-LeaderElection63: begin an election at term 24 for -1: [d81605c5-54b3-45a8-b5ae-2e8d8890cbef:192.168.164.201:42755, 7f29c796-0732-402f-b865-67033766dcba:192.168.164.201:40704, c07977b7-c8ef-4f3c-80b1-66a07c6e3dcd:192.168.164.201:38664], old=null
2019-10-17 20:28:24,100 [grpc-default-executor-2] INFO  impl.RaftServerImpl (RaftServerImpl.java:setRole(184)) - 7f29c796-0732-402f-b865-67033766dcba@group-C2BDBBDF155D: changes role from  FOLLOWER to FOLLOWER at term 24 for recognizeCandidate:c07977b7-c8ef-4f3c-80b1-66a07c6e3dcd
2019-10-17 20:28:24,100 [grpc-default-executor-4] INFO  impl.RaftServerImpl (RaftServerImpl.java:setRole(184)) - d81605c5-54b3-45a8-b5ae-2e8d8890cbef@group-C2BDBBDF155D: changes role from  FOLLOWER to FOLLOWER at term 24 for recognizeCandidate:c07977b7-c8ef-4f3c-80b1-66a07c6e3dcd
2019-10-17 20:28:24,101 [grpc-default-executor-2] INFO  impl.RoleInfo (RoleInfo.java:shutdownFollowerState(121)) - 7f29c796-0732-402f-b865-67033766dcba: shutdown FollowerState
2019-10-17 20:28:24,101 [grpc-default-executor-4] INFO  impl.RoleInfo (RoleInfo.java:shutdownFollowerState(121)) - d81605c5-54b3-45a8-b5ae-2e8d8890cbef: shutdown FollowerState
2019-10-17 20:28:24,101 [Thread-1212] INFO  impl.FollowerState (FollowerState.java:run(117)) - 7f29c796-0732-402f-b865-67033766dcba@group-C2BDBBDF155D-FollowerState was interrupted: java.lang.InterruptedException: sleep interrupted
2019-10-17 20:28:24,101 [grpc-default-executor-2] INFO  impl.RoleInfo (RoleInfo.java:updateAndGet(143)) - 7f29c796-0732-402f-b865-67033766dcba: start FollowerState
2019-10-17 20:28:24,101 [grpc-default-executor-4] INFO  impl.RoleInfo (RoleInfo.java:updateAndGet(143)) - d81605c5-54b3-45a8-b5ae-2e8d8890cbef: start FollowerState
2019-10-17 20:28:24,101 [Thread-1213] INFO  impl.FollowerState (FollowerState.java:run(117)) - d81605c5-54b3-45a8-b5ae-2e8d8890cbef@group-C2BDBBDF155D-FollowerState was interrupted: java.lang.InterruptedException: sleep interrupted
2019-10-17 20:28:24,132 [c07977b7-c8ef-4f3c-80b1-66a07c6e3dcd@group-C2BDBBDF155D-LeaderElection63] INFO  impl.LeaderElection (LeaderElection.java:logAndReturn(56)) - c07977b7-c8ef-4f3c-80b1-66a07c6e3dcd@group-C2BDBBDF155D-LeaderElection63: Election REJECTED; received 2 response(s) [c07977b7-c8ef-4f3c-80b1-66a07c6e3dcd<-d81605c5-54b3-45a8-b5ae-2e8d8890cbef#0:FAIL-t24, c07977b7-c8ef-4f3c-80b1-66a07c6e3dcd<-7f29c796-0732-402f-b865-67033766dcba#0:FAIL-t24] and 0 exception(s); c07977b7-c8ef-4f3c-80b1-66a07c6e3dcd@group-C2BDBBDF155D:t24, leader=null, voted=c07977b7-c8ef-4f3c-80b1-66a07c6e3dcd, raftlog=c07977b7-c8ef-4f3c-80b1-66a07c6e3dcd@group-C2BDBBDF155D-SegmentedRaftLog:OPENED:c-1,f-1,i0, conf=-1: [d81605c5-54b3-45a8-b5ae-2e8d8890cbef:192.168.164.201:42755, 7f29c796-0732-402f-b865-67033766dcba:192.168.164.201:40704, c07977b7-c8ef-4f3c-80b1-66a07c6e3dcd:192.168.164.201:38664], old=null
2019-10-17 20:28:24,132 [c07977b7-c8ef-4f3c-80b1-66a07c6e3dcd@group-C2BDBBDF155D-LeaderElection63] INFO  impl.RaftServerImpl (RaftServerImpl.java:setRole(184)) - c07977b7-c8ef-4f3c-80b1-66a07c6e3dcd@group-C2BDBBDF155D: changes role from CANDIDATE to FOLLOWER at term 24 for DISCOVERED_A_NEW_TERM
2019-10-17 20:28:24,133 [c07977b7-c8ef-4f3c-80b1-66a07c6e3dcd@group-C2BDBBDF155D-LeaderElection63] INFO  impl.RoleInfo (RoleInfo.java:shutdownLeaderElection(134)) - c07977b7-c8ef-4f3c-80b1-66a07c6e3dcd: shutdown LeaderElection
2019-10-17 20:28:24,133 [c07977b7-c8ef-4f3c-80b1-66a07c6e3dcd@group-C2BDBBDF155D-LeaderElection63] INFO  impl.RoleInfo (RoleInfo.java:updateAndGet(143)) - c07977b7-c8ef-4f3c-80b1-66a07c6e3dcd: start FollowerState
2019-10-17 20:28:24,276 [Thread-1218] INFO  impl.FollowerState (FollowerState.java:run(108)) - c07977b7-c8ef-4f3c-80b1-66a07c6e3dcd@group-C2BDBBDF155D-FollowerState: change to CANDIDATE, lastRpcTime:143ms, electionTimeout:143ms
2019-10-17 20:28:24,277 [Thread-1218] INFO  impl.RoleInfo (RoleInfo.java:shutdownFollowerState(121)) - c07977b7-c8ef-4f3c-80b1-66a07c6e3dcd: shutdown FollowerState
2019-10-17 20:28:24,277 [Thread-1218] INFO  impl.RaftServerImpl (RaftServerImpl.java:setRole(184)) - c07977b7-c8ef-4f3c-80b1-66a07c6e3dcd@group-C2BDBBDF155D: changes role from  FOLLOWER to CANDIDATE at term 24 for changeToCandidate
2019-10-17 20:28:24,277 [Thread-1218] INFO  impl.RoleInfo (RoleInfo.java:updateAndGet(143)) - c07977b7-c8ef-4f3c-80b1-66a07c6e3dcd: start LeaderElection
2019-10-17 20:28:24,306 [c07977b7-c8ef-4f3c-80b1-66a07c6e3dcd@group-C2BDBBDF155D-LeaderElection64] INFO  impl.LeaderElection (LeaderElection.java:askForVotes(178)) - c07977b7-c8ef-4f3c-80b1-66a07c6e3dcd@group-C2BDBBDF155D-LeaderElection64: begin an election at term 25 for -1: [d81605c5-54b3-45a8-b5ae-2e8d8890cbef:192.168.164.201:42755, 7f29c796-0732-402f-b865-67033766dcba:192.168.164.201:40704, c07977b7-c8ef-4f3c-80b1-66a07c6e3dcd:192.168.164.201:38664], old=null
2019-10-17 20:28:24,309 [grpc-default-executor-2] INFO  impl.RaftServerImpl (RaftServerImpl.java:setRole(184)) - 7f29c796-0732-402f-b865-67033766dcba@group-C2BDBBDF155D: changes role from  FOLLOWER to FOLLOWER at term 25 for recognizeCandidate:c07977b7-c8ef-4f3c-80b1-66a07c6e3dcd
2019-10-17 20:28:24,310 [grpc-default-executor-4] INFO  impl.RaftServerImpl (RaftServerImpl.java:setRole(184)) - d81605c5-54b3-45a8-b5ae-2e8d8890cbef@group-C2BDBBDF155D: changes role from  FOLLOWER to FOLLOWER at term 25 for recognizeCandidate:c07977b7-c8ef-4f3c-80b1-66a07c6e3dcd
2019-10-17 20:28:24,310 [grpc-default-executor-2] INFO  impl.RoleInfo (RoleInfo.java:shutdownFollowerState(121)) - 7f29c796-0732-402f-b865-67033766dcba: shutdown FollowerState
2019-10-17 20:28:24,310 [grpc-default-executor-4] INFO  impl.RoleInfo (RoleInfo.java:shutdownFollowerState(121)) - d81605c5-54b3-45a8-b5ae-2e8d8890cbef: shutdown FollowerState
2019-10-17 20:28:24,310 [Thread-1216] INFO  impl.FollowerState (FollowerState.java:run(117)) - 7f29c796-0732-402f-b865-67033766dcba@group-C2BDBBDF155D-FollowerState was interrupted: java.lang.InterruptedException: sleep interrupted
2019-10-17 20:28:24,310 [grpc-default-executor-4] INFO  impl.RoleInfo (RoleInfo.java:updateAndGet(143)) - d81605c5-54b3-45a8-b5ae-2e8d8890cbef: start FollowerState
2019-10-17 20:28:24,310 [grpc-default-executor-2] INFO  impl.RoleInfo (RoleInfo.java:updateAndGet(143)) - 7f29c796-0732-402f-b865-67033766dcba: start FollowerState
2019-10-17 20:28:24,310 [Thread-1217] INFO  impl.FollowerState (FollowerState.java:run(117)) - d81605c5-54b3-45a8-b5ae-2e8d8890cbef@group-C2BDBBDF155D-FollowerState was interrupted: java.lang.InterruptedException: sleep interrupted
2019-10-17 20:28:24,341 [c07977b7-c8ef-4f3c-80b1-66a07c6e3dcd@group-C2BDBBDF155D-LeaderElection64] INFO  impl.LeaderElection (LeaderElection.java:logAndReturn(56)) - c07977b7-c8ef-4f3c-80b1-66a07c6e3dcd@group-C2BDBBDF155D-LeaderElection64: Election REJECTED; received 2 response(s) [c07977b7-c8ef-4f3c-80b1-66a07c6e3dcd<-d81605c5-54b3-45a8-b5ae-2e8d8890cbef#0:FAIL-t25, c07977b7-c8ef-4f3c-80b1-66a07c6e3dcd<-7f29c796-0732-402f-b865-67033766dcba#0:FAIL-t25] and 0 exception(s); c07977b7-c8ef-4f3c-80b1-66a07c6e3dcd@group-C2BDBBDF155D:t25, leader=null, voted=c07977b7-c8ef-4f3c-80b1-66a07c6e3dcd, raftlog=c07977b7-c8ef-4f3c-80b1-66a07c6e3dcd@group-C2BDBBDF155D-SegmentedRaftLog:OPENED:c-1,f-1,i0, conf=-1: [d81605c5-54b3-45a8-b5ae-2e8d8890cbef:192.168.164.201:42755, 7f29c796-0732-402f-b865-67033766dcba:192.168.164.201:40704, c07977b7-c8ef-4f3c-80b1-66a07c6e3dcd:192.168.164.201:38664], old=null
2019-10-17 20:28:24,341 [c07977b7-c8ef-4f3c-80b1-66a07c6e3dcd@group-C2BDBBDF155D-LeaderElection64] INFO  impl.RaftServerImpl (RaftServerImpl.java:setRole(184)) - c07977b7-c8ef-4f3c-80b1-66a07c6e3dcd@group-C2BDBBDF155D: changes role from CANDIDATE to FOLLOWER at term 25 for DISCOVERED_A_NEW_TERM
2019-10-17 20:28:24,342 [c07977b7-c8ef-4f3c-80b1-66a07c6e3dcd@group-C2BDBBDF155D-LeaderElection64] INFO  impl.RoleInfo (RoleInfo.java:shutdownLeaderElection(134)) - c07977b7-c8ef-4f3c-80b1-66a07c6e3dcd: shutdown LeaderElection
2019-10-17 20:28:24,342 [c07977b7-c8ef-4f3c-80b1-66a07c6e3dcd@group-C2BDBBDF155D-LeaderElection64] INFO  impl.RoleInfo (RoleInfo.java:updateAndGet(143)) - c07977b7-c8ef-4f3c-80b1-66a07c6e3dcd: start FollowerState
2019-10-17 20:28:24,397 [Thread-1224] INFO  impl.FollowerState (FollowerState.java:run(108)) - c07977b7-c8ef-4f3c-80b1-66a07c6e3dcd@group-C2BDBBDF155D-FollowerState: change to CANDIDATE, lastRpcTime:55ms, electionTimeout:55ms
2019-10-17 20:28:24,397 [Thread-1224] INFO  impl.RoleInfo (RoleInfo.java:shutdownFollowerState(121)) - c07977b7-c8ef-4f3c-80b1-66a07c6e3dcd: shutdown FollowerState
2019-10-17 20:28:24,398 [Thread-1224] INFO  impl.RaftServerImpl (RaftServerImpl.java:setRole(184)) - c07977b7-c8ef-4f3c-80b1-66a07c6e3dcd@group-C2BDBBDF155D: changes role from  FOLLOWER to CANDIDATE at term 25 for changeToCandidate
2019-10-17 20:28:24,398 [Thread-1224] INFO  impl.RoleInfo (RoleInfo.java:updateAndGet(143)) - c07977b7-c8ef-4f3c-80b1-66a07c6e3dcd: start LeaderElection
2019-10-17 20:28:24,423 [c07977b7-c8ef-4f3c-80b1-66a07c6e3dcd@group-C2BDBBDF155D-LeaderElection65] INFO  impl.LeaderElection (LeaderElection.java:askForVotes(178)) - c07977b7-c8ef-4f3c-80b1-66a07c6e3dcd@group-C2BDBBDF155D-LeaderElection65: begin an election at term 26 for -1: [d81605c5-54b3-45a8-b5ae-2e8d8890cbef:192.168.164.201:42755, 7f29c796-0732-402f-b865-67033766dcba:192.168.164.201:40704, c07977b7-c8ef-4f3c-80b1-66a07c6e3dcd:192.168.164.201:38664], old=null
2019-10-17 20:28:24,427 [grpc-default-executor-4] INFO  impl.RaftServerImpl (RaftServerImpl.java:setRole(184)) - 7f29c796-0732-402f-b865-67033766dcba@group-C2BDBBDF155D: changes role from  FOLLOWER to FOLLOWER at term 26 for recognizeCandidate:c07977b7-c8ef-4f3c-80b1-66a07c6e3dcd
2019-10-17 20:28:24,427 [grpc-default-executor-2] INFO  impl.RaftServerImpl (RaftServerImpl.java:setRole(184)) - d81605c5-54b3-45a8-b5ae-2e8d8890cbef@group-C2BDBBDF155D: changes role from  FOLLOWER to FOLLOWER at term 26 for recognizeCandidate:c07977b7-c8ef-4f3c-80b1-66a07c6e3dcd
2019-10-17 20:28:24,427 [grpc-default-executor-4] INFO  impl.RoleInfo (RoleInfo.java:shutdownFollowerState(121)) - 7f29c796-0732-402f-b865-67033766dcba: shutdown FollowerState
2019-10-17 20:28:24,427 [grpc-default-executor-2] INFO  impl.RoleInfo (RoleInfo.java:shutdownFollowerState(121)) - d81605c5-54b3-45a8-b5ae-2e8d8890cbef: shutdown FollowerState
2019-10-17 20:28:24,427 [Thread-1222] INFO  impl.FollowerState (FollowerState.java:run(117)) - 7f29c796-0732-402f-b865-67033766dcba@group-C2BDBBDF155D-FollowerState was interrupted: java.lang.InterruptedException: sleep interrupted
2019-10-17 20:28:24,427 [grpc-default-executor-4] INFO  impl.RoleInfo (RoleInfo.java:updateAndGet(143)) - 7f29c796-0732-402f-b865-67033766dcba: start FollowerState
2019-10-17 20:28:24,427 [Thread-1223] INFO  impl.FollowerState (FollowerState.java:run(117)) - d81605c5-54b3-45a8-b5ae-2e8d8890cbef@group-C2BDBBDF155D-FollowerState was interrupted: java.lang.InterruptedException: sleep interrupted
2019-10-17 20:28:24,427 [grpc-default-executor-2] INFO  impl.RoleInfo (RoleInfo.java:updateAndGet(143)) - d81605c5-54b3-45a8-b5ae-2e8d8890cbef: start FollowerState
2019-10-17 20:28:24,458 [c07977b7-c8ef-4f3c-80b1-66a07c6e3dcd@group-C2BDBBDF155D-LeaderElection65] INFO  impl.LeaderElection (LeaderElection.java:logAndReturn(56)) - c07977b7-c8ef-4f3c-80b1-66a07c6e3dcd@group-C2BDBBDF155D-LeaderElection65: Election REJECTED; received 2 response(s) [c07977b7-c8ef-4f3c-80b1-66a07c6e3dcd<-d81605c5-54b3-45a8-b5ae-2e8d8890cbef#0:FAIL-t26, c07977b7-c8ef-4f3c-80b1-66a07c6e3dcd<-7f29c796-0732-402f-b865-67033766dcba#0:FAIL-t26] and 0 exception(s); c07977b7-c8ef-4f3c-80b1-66a07c6e3dcd@group-C2BDBBDF155D:t26, leader=null, voted=c07977b7-c8ef-4f3c-80b1-66a07c6e3dcd, raftlog=c07977b7-c8ef-4f3c-80b1-66a07c6e3dcd@group-C2BDBBDF155D-SegmentedRaftLog:OPENED:c-1,f-1,i0, conf=-1: [d81605c5-54b3-45a8-b5ae-2e8d8890cbef:192.168.164.201:42755, 7f29c796-0732-402f-b865-67033766dcba:192.168.164.201:40704, c07977b7-c8ef-4f3c-80b1-66a07c6e3dcd:192.168.164.201:38664], old=null
2019-10-17 20:28:24,458 [c07977b7-c8ef-4f3c-80b1-66a07c6e3dcd@group-C2BDBBDF155D-LeaderElection65] INFO  impl.RaftServerImpl (RaftServerImpl.java:setRole(184)) - c07977b7-c8ef-4f3c-80b1-66a07c6e3dcd@group-C2BDBBDF155D: changes role from CANDIDATE to FOLLOWER at term 26 for DISCOVERED_A_NEW_TERM
2019-10-17 20:28:24,458 [c07977b7-c8ef-4f3c-80b1-66a07c6e3dcd@group-C2BDBBDF155D-LeaderElection65] INFO  impl.RoleInfo (RoleInfo.java:shutdownLeaderElection(134)) - c07977b7-c8ef-4f3c-80b1-66a07c6e3dcd: shutdown LeaderElection
2019-10-17 20:28:24,459 [c07977b7-c8ef-4f3c-80b1-66a07c6e3dcd@group-C2BDBBDF155D-LeaderElection65] INFO  impl.RoleInfo (RoleInfo.java:updateAndGet(143)) - c07977b7-c8ef-4f3c-80b1-66a07c6e3dcd: start FollowerState
2019-10-17 20:28:24,531 [Thread-754] INFO  ozone.MiniOzoneClusterImpl (MiniOzoneClusterImpl.java:lambda$waitForClusterToBeReady$2(164)) - Waiting for 1 number of pipelines out of 4, to report a leader.
2019-10-17 20:28:24,629 [Thread-1230] INFO  impl.FollowerState (FollowerState.java:run(108)) - c07977b7-c8ef-4f3c-80b1-66a07c6e3dcd@group-C2BDBBDF155D-FollowerState: change to CANDIDATE, lastRpcTime:170ms, electionTimeout:170ms
2019-10-17 20:28:24,629 [Thread-1230] INFO  impl.RoleInfo (RoleInfo.java:shutdownFollowerState(121)) - c07977b7-c8ef-4f3c-80b1-66a07c6e3dcd: shutdown FollowerState
2019-10-17 20:28:24,630 [Thread-1230] INFO  impl.RaftServerImpl (RaftServerImpl.java:setRole(184)) - c07977b7-c8ef-4f3c-80b1-66a07c6e3dcd@group-C2BDBBDF155D: changes role from  FOLLOWER to CANDIDATE at term 26 for changeToCandidate
2019-10-17 20:28:24,630 [Thread-1230] INFO  impl.RoleInfo (RoleInfo.java:updateAndGet(143)) - c07977b7-c8ef-4f3c-80b1-66a07c6e3dcd: start LeaderElection
2019-10-17 20:28:24,657 [c07977b7-c8ef-4f3c-80b1-66a07c6e3dcd@group-C2BDBBDF155D-LeaderElection66] INFO  impl.LeaderElection (LeaderElection.java:askForVotes(178)) - c07977b7-c8ef-4f3c-80b1-66a07c6e3dcd@group-C2BDBBDF155D-LeaderElection66: begin an election at term 27 for -1: [d81605c5-54b3-45a8-b5ae-2e8d8890cbef:192.168.164.201:42755, 7f29c796-0732-402f-b865-67033766dcba:192.168.164.201:40704, c07977b7-c8ef-4f3c-80b1-66a07c6e3dcd:192.168.164.201:38664], old=null
2019-10-17 20:28:24,661 [grpc-default-executor-4] INFO  impl.RaftServerImpl (RaftServerImpl.java:setRole(184)) - d81605c5-54b3-45a8-b5ae-2e8d8890cbef@group-C2BDBBDF155D: changes role from  FOLLOWER to FOLLOWER at term 27 for recognizeCandidate:c07977b7-c8ef-4f3c-80b1-66a07c6e3dcd
2019-10-17 20:28:24,661 [grpc-default-executor-2] INFO  impl.RaftServerImpl (RaftServerImpl.java:setRole(184)) - 7f29c796-0732-402f-b865-67033766dcba@group-C2BDBBDF155D: changes role from  FOLLOWER to FOLLOWER at term 27 for recognizeCandidate:c07977b7-c8ef-4f3c-80b1-66a07c6e3dcd
2019-10-17 20:28:24,661 [grpc-default-executor-4] INFO  impl.RoleInfo (RoleInfo.java:shutdownFollowerState(121)) - d81605c5-54b3-45a8-b5ae-2e8d8890cbef: shutdown FollowerState
2019-10-17 20:28:24,661 [grpc-default-executor-2] INFO  impl.RoleInfo (RoleInfo.java:shutdownFollowerState(121)) - 7f29c796-0732-402f-b865-67033766dcba: shutdown FollowerState
2019-10-17 20:28:24,662 [grpc-default-executor-4] INFO  impl.RoleInfo (RoleInfo.java:updateAndGet(143)) - d81605c5-54b3-45a8-b5ae-2e8d8890cbef: start FollowerState
2019-10-17 20:28:24,662 [Thread-1229] INFO  impl.FollowerState (FollowerState.java:run(117)) - d81605c5-54b3-45a8-b5ae-2e8d8890cbef@group-C2BDBBDF155D-FollowerState was interrupted: java.lang.InterruptedException: sleep interrupted
2019-10-17 20:28:24,662 [Thread-1228] INFO  impl.FollowerState (FollowerState.java:run(117)) - 7f29c796-0732-402f-b865-67033766dcba@group-C2BDBBDF155D-FollowerState was interrupted: java.lang.InterruptedException: sleep interrupted
2019-10-17 20:28:24,662 [grpc-default-executor-2] INFO  impl.RoleInfo (RoleInfo.java:updateAndGet(143)) - 7f29c796-0732-402f-b865-67033766dcba: start FollowerState
2019-10-17 20:28:24,692 [c07977b7-c8ef-4f3c-80b1-66a07c6e3dcd@group-C2BDBBDF155D-LeaderElection66] INFO  impl.LeaderElection (LeaderElection.java:logAndReturn(56)) - c07977b7-c8ef-4f3c-80b1-66a07c6e3dcd@group-C2BDBBDF155D-LeaderElection66: Election REJECTED; received 2 response(s) [c07977b7-c8ef-4f3c-80b1-66a07c6e3dcd<-d81605c5-54b3-45a8-b5ae-2e8d8890cbef#0:FAIL-t27, c07977b7-c8ef-4f3c-80b1-66a07c6e3dcd<-7f29c796-0732-402f-b865-67033766dcba#0:FAIL-t27] and 0 exception(s); c07977b7-c8ef-4f3c-80b1-66a07c6e3dcd@group-C2BDBBDF155D:t27, leader=null, voted=c07977b7-c8ef-4f3c-80b1-66a07c6e3dcd, raftlog=c07977b7-c8ef-4f3c-80b1-66a07c6e3dcd@group-C2BDBBDF155D-SegmentedRaftLog:OPENED:c-1,f-1,i0, conf=-1: [d81605c5-54b3-45a8-b5ae-2e8d8890cbef:192.168.164.201:42755, 7f29c796-0732-402f-b865-67033766dcba:192.168.164.201:40704, c07977b7-c8ef-4f3c-80b1-66a07c6e3dcd:192.168.164.201:38664], old=null
2019-10-17 20:28:24,693 [c07977b7-c8ef-4f3c-80b1-66a07c6e3dcd@group-C2BDBBDF155D-LeaderElection66] INFO  impl.RaftServerImpl (RaftServerImpl.java:setRole(184)) - c07977b7-c8ef-4f3c-80b1-66a07c6e3dcd@group-C2BDBBDF155D: changes role from CANDIDATE to FOLLOWER at term 27 for DISCOVERED_A_NEW_TERM
2019-10-17 20:28:24,693 [c07977b7-c8ef-4f3c-80b1-66a07c6e3dcd@group-C2BDBBDF155D-LeaderElection66] INFO  impl.RoleInfo (RoleInfo.java:shutdownLeaderElection(134)) - c07977b7-c8ef-4f3c-80b1-66a07c6e3dcd: shutdown LeaderElection
2019-10-17 20:28:24,693 [c07977b7-c8ef-4f3c-80b1-66a07c6e3dcd@group-C2BDBBDF155D-LeaderElection66] INFO  impl.RoleInfo (RoleInfo.java:updateAndGet(143)) - c07977b7-c8ef-4f3c-80b1-66a07c6e3dcd: start FollowerState
2019-10-17 20:28:24,880 [Thread-1236] INFO  impl.FollowerState (FollowerState.java:run(108)) - c07977b7-c8ef-4f3c-80b1-66a07c6e3dcd@group-C2BDBBDF155D-FollowerState: change to CANDIDATE, lastRpcTime:187ms, electionTimeout:187ms
2019-10-17 20:28:24,881 [Thread-1236] INFO  impl.RoleInfo (RoleInfo.java:shutdownFollowerState(121)) - c07977b7-c8ef-4f3c-80b1-66a07c6e3dcd: shutdown FollowerState
2019-10-17 20:28:24,881 [Thread-1236] INFO  impl.RaftServerImpl (RaftServerImpl.java:setRole(184)) - c07977b7-c8ef-4f3c-80b1-66a07c6e3dcd@group-C2BDBBDF155D: changes role from  FOLLOWER to CANDIDATE at term 27 for changeToCandidate
2019-10-17 20:28:24,881 [Thread-1236] INFO  impl.RoleInfo (RoleInfo.java:updateAndGet(143)) - c07977b7-c8ef-4f3c-80b1-66a07c6e3dcd: start LeaderElection
2019-10-17 20:28:24,908 [c07977b7-c8ef-4f3c-80b1-66a07c6e3dcd@group-C2BDBBDF155D-LeaderElection67] INFO  impl.LeaderElection (LeaderElection.java:askForVotes(178)) - c07977b7-c8ef-4f3c-80b1-66a07c6e3dcd@group-C2BDBBDF155D-LeaderElection67: begin an election at term 28 for -1: [d81605c5-54b3-45a8-b5ae-2e8d8890cbef:192.168.164.201:42755, 7f29c796-0732-402f-b865-67033766dcba:192.168.164.201:40704, c07977b7-c8ef-4f3c-80b1-66a07c6e3dcd:192.168.164.201:38664], old=null
2019-10-17 20:28:24,912 [grpc-default-executor-4] INFO  impl.RaftServerImpl (RaftServerImpl.java:setRole(184)) - 7f29c796-0732-402f-b865-67033766dcba@group-C2BDBBDF155D: changes role from  FOLLOWER to FOLLOWER at term 28 for recognizeCandidate:c07977b7-c8ef-4f3c-80b1-66a07c6e3dcd
2019-10-17 20:28:24,912 [grpc-default-executor-2] INFO  impl.RaftServerImpl (RaftServerImpl.java:setRole(184)) - d81605c5-54b3-45a8-b5ae-2e8d8890cbef@group-C2BDBBDF155D: changes role from  FOLLOWER to FOLLOWER at term 28 for recognizeCandidate:c07977b7-c8ef-4f3c-80b1-66a07c6e3dcd
2019-10-17 20:28:24,912 [grpc-default-executor-4] INFO  impl.RoleInfo (RoleInfo.java:shutdownFollowerState(121)) - 7f29c796-0732-402f-b865-67033766dcba: shutdown FollowerState
2019-10-17 20:28:24,912 [grpc-default-executor-2] INFO  impl.RoleInfo (RoleInfo.java:shutdownFollowerState(121)) - d81605c5-54b3-45a8-b5ae-2e8d8890cbef: shutdown FollowerState
2019-10-17 20:28:24,913 [Thread-1235] INFO  impl.FollowerState (FollowerState.java:run(117)) - 7f29c796-0732-402f-b865-67033766dcba@group-C2BDBBDF155D-FollowerState was interrupted: java.lang.InterruptedException: sleep interrupted
2019-10-17 20:28:24,913 [grpc-default-executor-4] INFO  impl.RoleInfo (RoleInfo.java:updateAndGet(143)) - 7f29c796-0732-402f-b865-67033766dcba: start FollowerState
2019-10-17 20:28:24,913 [Thread-1234] INFO  impl.FollowerState (FollowerState.java:run(117)) - d81605c5-54b3-45a8-b5ae-2e8d8890cbef@group-C2BDBBDF155D-FollowerState was interrupted: java.lang.InterruptedException: sleep interrupted
2019-10-17 20:28:24,913 [grpc-default-executor-2] INFO  impl.RoleInfo (RoleInfo.java:updateAndGet(143)) - d81605c5-54b3-45a8-b5ae-2e8d8890cbef: start FollowerState
2019-10-17 20:28:24,943 [c07977b7-c8ef-4f3c-80b1-66a07c6e3dcd@group-C2BDBBDF155D-LeaderElection67] INFO  impl.LeaderElection (LeaderElection.java:logAndReturn(56)) - c07977b7-c8ef-4f3c-80b1-66a07c6e3dcd@group-C2BDBBDF155D-LeaderElection67: Election REJECTED; received 2 response(s) [c07977b7-c8ef-4f3c-80b1-66a07c6e3dcd<-d81605c5-54b3-45a8-b5ae-2e8d8890cbef#0:FAIL-t28, c07977b7-c8ef-4f3c-80b1-66a07c6e3dcd<-7f29c796-0732-402f-b865-67033766dcba#0:FAIL-t28] and 0 exception(s); c07977b7-c8ef-4f3c-80b1-66a07c6e3dcd@group-C2BDBBDF155D:t28, leader=null, voted=c07977b7-c8ef-4f3c-80b1-66a07c6e3dcd, raftlog=c07977b7-c8ef-4f3c-80b1-66a07c6e3dcd@group-C2BDBBDF155D-SegmentedRaftLog:OPENED:c-1,f-1,i0, conf=-1: [d81605c5-54b3-45a8-b5ae-2e8d8890cbef:192.168.164.201:42755, 7f29c796-0732-402f-b865-67033766dcba:192.168.164.201:40704, c07977b7-c8ef-4f3c-80b1-66a07c6e3dcd:192.168.164.201:38664], old=null
2019-10-17 20:28:24,944 [c07977b7-c8ef-4f3c-80b1-66a07c6e3dcd@group-C2BDBBDF155D-LeaderElection67] INFO  impl.RaftServerImpl (RaftServerImpl.java:setRole(184)) - c07977b7-c8ef-4f3c-80b1-66a07c6e3dcd@group-C2BDBBDF155D: changes role from CANDIDATE to FOLLOWER at term 28 for DISCOVERED_A_NEW_TERM
2019-10-17 20:28:24,944 [c07977b7-c8ef-4f3c-80b1-66a07c6e3dcd@group-C2BDBBDF155D-LeaderElection67] INFO  impl.RoleInfo (RoleInfo.java:shutdownLeaderElection(134)) - c07977b7-c8ef-4f3c-80b1-66a07c6e3dcd: shutdown LeaderElection
2019-10-17 20:28:24,944 [c07977b7-c8ef-4f3c-80b1-66a07c6e3dcd@group-C2BDBBDF155D-LeaderElection67] INFO  impl.RoleInfo (RoleInfo.java:updateAndGet(143)) - c07977b7-c8ef-4f3c-80b1-66a07c6e3dcd: start FollowerState
2019-10-17 20:28:24,948 [Thread-1242] INFO  impl.FollowerState (FollowerState.java:run(108)) - c07977b7-c8ef-4f3c-80b1-66a07c6e3dcd@group-C2BDBBDF155D-FollowerState: change to CANDIDATE, lastRpcTime:4ms, electionTimeout:4ms
2019-10-17 20:28:24,948 [Thread-1242] INFO  impl.RoleInfo (RoleInfo.java:shutdownFollowerState(121)) - c07977b7-c8ef-4f3c-80b1-66a07c6e3dcd: shutdown FollowerState
2019-10-17 20:28:24,949 [Thread-1242] INFO  impl.RaftServerImpl (RaftServerImpl.java:setRole(184)) - c07977b7-c8ef-4f3c-80b1-66a07c6e3dcd@group-C2BDBBDF155D: changes role from  FOLLOWER to CANDIDATE at term 28 for changeToCandidate
2019-10-17 20:28:24,949 [Thread-1242] INFO  impl.RoleInfo (RoleInfo.java:updateAndGet(143)) - c07977b7-c8ef-4f3c-80b1-66a07c6e3dcd: start LeaderElection
2019-10-17 20:28:24,975 [c07977b7-c8ef-4f3c-80b1-66a07c6e3dcd@group-C2BDBBDF155D-LeaderElection68] INFO  impl.LeaderElection (LeaderElection.java:askForVotes(178)) - c07977b7-c8ef-4f3c-80b1-66a07c6e3dcd@group-C2BDBBDF155D-LeaderElection68: begin an election at term 29 for -1: [d81605c5-54b3-45a8-b5ae-2e8d8890cbef:192.168.164.201:42755, 7f29c796-0732-402f-b865-67033766dcba:192.168.164.201:40704, c07977b7-c8ef-4f3c-80b1-66a07c6e3dcd:192.168.164.201:38664], old=null
2019-10-17 20:28:24,979 [grpc-default-executor-4] INFO  impl.RaftServerImpl (RaftServerImpl.java:setRole(184)) - d81605c5-54b3-45a8-b5ae-2e8d8890cbef@group-C2BDBBDF155D: changes role from  FOLLOWER to FOLLOWER at term 29 for recognizeCandidate:c07977b7-c8ef-4f3c-80b1-66a07c6e3dcd
2019-10-17 20:28:24,979 [grpc-default-executor-2] INFO  impl.RaftServerImpl (RaftServerImpl.java:setRole(184)) - 7f29c796-0732-402f-b865-67033766dcba@group-C2BDBBDF155D: changes role from  FOLLOWER to FOLLOWER at term 29 for recognizeCandidate:c07977b7-c8ef-4f3c-80b1-66a07c6e3dcd
2019-10-17 20:28:24,980 [grpc-default-executor-2] INFO  impl.RoleInfo (RoleInfo.java:shutdownFollowerState(121)) - 7f29c796-0732-402f-b865-67033766dcba: shutdown FollowerState
2019-10-17 20:28:24,979 [grpc-default-executor-4] INFO  impl.RoleInfo (RoleInfo.java:shutdownFollowerState(121)) - d81605c5-54b3-45a8-b5ae-2e8d8890cbef: shutdown FollowerState
2019-10-17 20:28:24,980 [Thread-1240] INFO  impl.FollowerState (FollowerState.java:run(117)) - 7f29c796-0732-402f-b865-67033766dcba@group-C2BDBBDF155D-FollowerState was interrupted: java.lang.InterruptedException: sleep interrupted
2019-10-17 20:28:24,980 [grpc-default-executor-2] INFO  impl.RoleInfo (RoleInfo.java:updateAndGet(143)) - 7f29c796-0732-402f-b865-67033766dcba: start FollowerState
2019-10-17 20:28:24,980 [grpc-default-executor-4] INFO  impl.RoleInfo (RoleInfo.java:updateAndGet(143)) - d81605c5-54b3-45a8-b5ae-2e8d8890cbef: start FollowerState
2019-10-17 20:28:24,980 [Thread-1241] INFO  impl.FollowerState (FollowerState.java:run(117)) - d81605c5-54b3-45a8-b5ae-2e8d8890cbef@group-C2BDBBDF155D-FollowerState was interrupted: java.lang.InterruptedException: sleep interrupted
2019-10-17 20:28:25,011 [c07977b7-c8ef-4f3c-80b1-66a07c6e3dcd@group-C2BDBBDF155D-LeaderElection68] INFO  impl.LeaderElection (LeaderElection.java:logAndReturn(56)) - c07977b7-c8ef-4f3c-80b1-66a07c6e3dcd@group-C2BDBBDF155D-LeaderElection68: Election REJECTED; received 2 response(s) [c07977b7-c8ef-4f3c-80b1-66a07c6e3dcd<-d81605c5-54b3-45a8-b5ae-2e8d8890cbef#0:FAIL-t29, c07977b7-c8ef-4f3c-80b1-66a07c6e3dcd<-7f29c796-0732-402f-b865-67033766dcba#0:FAIL-t29] and 0 exception(s); c07977b7-c8ef-4f3c-80b1-66a07c6e3dcd@group-C2BDBBDF155D:t29, leader=null, voted=c07977b7-c8ef-4f3c-80b1-66a07c6e3dcd, raftlog=c07977b7-c8ef-4f3c-80b1-66a07c6e3dcd@group-C2BDBBDF155D-SegmentedRaftLog:OPENED:c-1,f-1,i0, conf=-1: [d81605c5-54b3-45a8-b5ae-2e8d8890cbef:192.168.164.201:42755, 7f29c796-0732-402f-b865-67033766dcba:192.168.164.201:40704, c07977b7-c8ef-4f3c-80b1-66a07c6e3dcd:192.168.164.201:38664], old=null
2019-10-17 20:28:25,011 [c07977b7-c8ef-4f3c-80b1-66a07c6e3dcd@group-C2BDBBDF155D-LeaderElection68] INFO  impl.RaftServerImpl (RaftServerImpl.java:setRole(184)) - c07977b7-c8ef-4f3c-80b1-66a07c6e3dcd@group-C2BDBBDF155D: changes role from CANDIDATE to FOLLOWER at term 29 for DISCOVERED_A_NEW_TERM
2019-10-17 20:28:25,011 [c07977b7-c8ef-4f3c-80b1-66a07c6e3dcd@group-C2BDBBDF155D-LeaderElection68] INFO  impl.RoleInfo (RoleInfo.java:shutdownLeaderElection(134)) - c07977b7-c8ef-4f3c-80b1-66a07c6e3dcd: shutdown LeaderElection
2019-10-17 20:28:25,011 [c07977b7-c8ef-4f3c-80b1-66a07c6e3dcd@group-C2BDBBDF155D-LeaderElection68] INFO  impl.RoleInfo (RoleInfo.java:updateAndGet(143)) - c07977b7-c8ef-4f3c-80b1-66a07c6e3dcd: start FollowerState
2019-10-17 20:28:25,089 [Thread-1248] INFO  impl.FollowerState (FollowerState.java:run(108)) - c07977b7-c8ef-4f3c-80b1-66a07c6e3dcd@group-C2BDBBDF155D-FollowerState: change to CANDIDATE, lastRpcTime:77ms, electionTimeout:77ms
2019-10-17 20:28:25,089 [Thread-1248] INFO  impl.RoleInfo (RoleInfo.java:shutdownFollowerState(121)) - c07977b7-c8ef-4f3c-80b1-66a07c6e3dcd: shutdown FollowerState
2019-10-17 20:28:25,089 [Thread-1248] INFO  impl.RaftServerImpl (RaftServerImpl.java:setRole(184)) - c07977b7-c8ef-4f3c-80b1-66a07c6e3dcd@group-C2BDBBDF155D: changes role from  FOLLOWER to CANDIDATE at term 29 for changeToCandidate
2019-10-17 20:28:25,089 [Thread-1248] INFO  impl.RoleInfo (RoleInfo.java:updateAndGet(143)) - c07977b7-c8ef-4f3c-80b1-66a07c6e3dcd: start LeaderElection
2019-10-17 20:28:25,118 [c07977b7-c8ef-4f3c-80b1-66a07c6e3dcd@group-C2BDBBDF155D-LeaderElection69] INFO  impl.LeaderElection (LeaderElection.java:askForVotes(178)) - c07977b7-c8ef-4f3c-80b1-66a07c6e3dcd@group-C2BDBBDF155D-LeaderElection69: begin an election at term 30 for -1: [d81605c5-54b3-45a8-b5ae-2e8d8890cbef:192.168.164.201:42755, 7f29c796-0732-402f-b865-67033766dcba:192.168.164.201:40704, c07977b7-c8ef-4f3c-80b1-66a07c6e3dcd:192.168.164.201:38664], old=null
2019-10-17 20:28:25,120 [grpc-default-executor-2] INFO  impl.RaftServerImpl (RaftServerImpl.java:setRole(184)) - 7f29c796-0732-402f-b865-67033766dcba@group-C2BDBBDF155D: changes role from  FOLLOWER to FOLLOWER at term 30 for recognizeCandidate:c07977b7-c8ef-4f3c-80b1-66a07c6e3dcd
2019-10-17 20:28:25,121 [grpc-default-executor-2] INFO  impl.RoleInfo (RoleInfo.java:shutdownFollowerState(121)) - 7f29c796-0732-402f-b865-67033766dcba: shutdown FollowerState
2019-10-17 20:28:25,121 [grpc-default-executor-2] INFO  impl.RoleInfo (RoleInfo.java:updateAndGet(143)) - 7f29c796-0732-402f-b865-67033766dcba: start FollowerState
2019-10-17 20:28:25,121 [Thread-1246] INFO  impl.FollowerState (FollowerState.java:run(117)) - 7f29c796-0732-402f-b865-67033766dcba@group-C2BDBBDF155D-FollowerState was interrupted: java.lang.InterruptedException: sleep interrupted
2019-10-17 20:28:25,121 [grpc-default-executor-4] INFO  impl.RaftServerImpl (RaftServerImpl.java:setRole(184)) - d81605c5-54b3-45a8-b5ae-2e8d8890cbef@group-C2BDBBDF155D: changes role from  FOLLOWER to FOLLOWER at term 30 for recognizeCandidate:c07977b7-c8ef-4f3c-80b1-66a07c6e3dcd
2019-10-17 20:28:25,121 [grpc-default-executor-4] INFO  impl.RoleInfo (RoleInfo.java:shutdownFollowerState(121)) - d81605c5-54b3-45a8-b5ae-2e8d8890cbef: shutdown FollowerState
2019-10-17 20:28:25,122 [grpc-default-executor-4] INFO  impl.RoleInfo (RoleInfo.java:updateAndGet(143)) - d81605c5-54b3-45a8-b5ae-2e8d8890cbef: start FollowerState
2019-10-17 20:28:25,122 [Thread-1247] INFO  impl.FollowerState (FollowerState.java:run(117)) - d81605c5-54b3-45a8-b5ae-2e8d8890cbef@group-C2BDBBDF155D-FollowerState was interrupted: java.lang.InterruptedException: sleep interrupted
2019-10-17 20:28:25,146 [c07977b7-c8ef-4f3c-80b1-66a07c6e3dcd@group-C2BDBBDF155D-LeaderElection69] INFO  impl.LeaderElection (LeaderElection.java:logAndReturn(56)) - c07977b7-c8ef-4f3c-80b1-66a07c6e3dcd@group-C2BDBBDF155D-LeaderElection69: Election REJECTED; received 2 response(s) [c07977b7-c8ef-4f3c-80b1-66a07c6e3dcd<-d81605c5-54b3-45a8-b5ae-2e8d8890cbef#0:FAIL-t30, c07977b7-c8ef-4f3c-80b1-66a07c6e3dcd<-7f29c796-0732-402f-b865-67033766dcba#0:FAIL-t30] and 0 exception(s); c07977b7-c8ef-4f3c-80b1-66a07c6e3dcd@group-C2BDBBDF155D:t30, leader=null, voted=c07977b7-c8ef-4f3c-80b1-66a07c6e3dcd, raftlog=c07977b7-c8ef-4f3c-80b1-66a07c6e3dcd@group-C2BDBBDF155D-SegmentedRaftLog:OPENED:c-1,f-1,i0, conf=-1: [d81605c5-54b3-45a8-b5ae-2e8d8890cbef:192.168.164.201:42755, 7f29c796-0732-402f-b865-67033766dcba:192.168.164.201:40704, c07977b7-c8ef-4f3c-80b1-66a07c6e3dcd:192.168.164.201:38664], old=null
2019-10-17 20:28:25,146 [c07977b7-c8ef-4f3c-80b1-66a07c6e3dcd@group-C2BDBBDF155D-LeaderElection69] INFO  impl.RaftServerImpl (RaftServerImpl.java:setRole(184)) - c07977b7-c8ef-4f3c-80b1-66a07c6e3dcd@group-C2BDBBDF155D: changes role from CANDIDATE to FOLLOWER at term 30 for DISCOVERED_A_NEW_TERM
2019-10-17 20:28:25,146 [c07977b7-c8ef-4f3c-80b1-66a07c6e3dcd@group-C2BDBBDF155D-LeaderElection69] INFO  impl.RoleInfo (RoleInfo.java:shutdownLeaderElection(134)) - c07977b7-c8ef-4f3c-80b1-66a07c6e3dcd: shutdown LeaderElection
2019-10-17 20:28:25,146 [c07977b7-c8ef-4f3c-80b1-66a07c6e3dcd@group-C2BDBBDF155D-LeaderElection69] INFO  impl.RoleInfo (RoleInfo.java:updateAndGet(143)) - c07977b7-c8ef-4f3c-80b1-66a07c6e3dcd: start FollowerState
2019-10-17 20:28:25,253 [Thread-1254] INFO  impl.FollowerState (FollowerState.java:run(108)) - c07977b7-c8ef-4f3c-80b1-66a07c6e3dcd@group-C2BDBBDF155D-FollowerState: change to CANDIDATE, lastRpcTime:106ms, electionTimeout:106ms
2019-10-17 20:28:25,253 [Thread-1254] INFO  impl.RoleInfo (RoleInfo.java:shutdownFollowerState(121)) - c07977b7-c8ef-4f3c-80b1-66a07c6e3dcd: shutdown FollowerState
2019-10-17 20:28:25,253 [Thread-1254] INFO  impl.RaftServerImpl (RaftServerImpl.java:setRole(184)) - c07977b7-c8ef-4f3c-80b1-66a07c6e3dcd@group-C2BDBBDF155D: changes role from  FOLLOWER to CANDIDATE at term 30 for changeToCandidate
2019-10-17 20:28:25,253 [Thread-1254] INFO  impl.RoleInfo (RoleInfo.java:updateAndGet(143)) - c07977b7-c8ef-4f3c-80b1-66a07c6e3dcd: start LeaderElection
2019-10-17 20:28:25,281 [c07977b7-c8ef-4f3c-80b1-66a07c6e3dcd@group-C2BDBBDF155D-LeaderElection70] INFO  impl.LeaderElection (LeaderElection.java:askForVotes(178)) - c07977b7-c8ef-4f3c-80b1-66a07c6e3dcd@group-C2BDBBDF155D-LeaderElection70: begin an election at term 31 for -1: [d81605c5-54b3-45a8-b5ae-2e8d8890cbef:192.168.164.201:42755, 7f29c796-0732-402f-b865-67033766dcba:192.168.164.201:40704, c07977b7-c8ef-4f3c-80b1-66a07c6e3dcd:192.168.164.201:38664], old=null
2019-10-17 20:28:25,284 [grpc-default-executor-4] INFO  impl.RaftServerImpl (RaftServerImpl.java:setRole(184)) - 7f29c796-0732-402f-b865-67033766dcba@group-C2BDBBDF155D: changes role from  FOLLOWER to FOLLOWER at term 31 for recognizeCandidate:c07977b7-c8ef-4f3c-80b1-66a07c6e3dcd
2019-10-17 20:28:25,284 [grpc-default-executor-2] INFO  impl.RaftServerImpl (RaftServerImpl.java:setRole(184)) - d81605c5-54b3-45a8-b5ae-2e8d8890cbef@group-C2BDBBDF155D: changes role from  FOLLOWER to FOLLOWER at term 31 for recognizeCandidate:c07977b7-c8ef-4f3c-80b1-66a07c6e3dcd
2019-10-17 20:28:25,285 [grpc-default-executor-4] INFO  impl.RoleInfo (RoleInfo.java:shutdownFollowerState(121)) - 7f29c796-0732-402f-b865-67033766dcba: shutdown FollowerState
2019-10-17 20:28:25,285 [grpc-default-executor-2] INFO  impl.RoleInfo (RoleInfo.java:shutdownFollowerState(121)) - d81605c5-54b3-45a8-b5ae-2e8d8890cbef: shutdown FollowerState
2019-10-17 20:28:25,285 [Thread-1252] INFO  impl.FollowerState (FollowerState.java:run(117)) - 7f29c796-0732-402f-b865-67033766dcba@group-C2BDBBDF155D-FollowerState was interrupted: java.lang.InterruptedException: sleep interrupted
2019-10-17 20:28:25,285 [grpc-default-executor-4] INFO  impl.RoleInfo (RoleInfo.java:updateAndGet(143)) - 7f29c796-0732-402f-b865-67033766dcba: start FollowerState
2019-10-17 20:28:25,285 [Thread-1253] INFO  impl.FollowerState (FollowerState.java:run(117)) - d81605c5-54b3-45a8-b5ae-2e8d8890cbef@group-C2BDBBDF155D-FollowerState was interrupted: java.lang.InterruptedException: sleep interrupted
2019-10-17 20:28:25,285 [grpc-default-executor-2] INFO  impl.RoleInfo (RoleInfo.java:updateAndGet(143)) - d81605c5-54b3-45a8-b5ae-2e8d8890cbef: start FollowerState
2019-10-17 20:28:25,300 [c07977b7-c8ef-4f3c-80b1-66a07c6e3dcd@group-C2BDBBDF155D-LeaderElection70] INFO  impl.LeaderElection (LeaderElection.java:logAndReturn(56)) - c07977b7-c8ef-4f3c-80b1-66a07c6e3dcd@group-C2BDBBDF155D-LeaderElection70: Election REJECTED; received 2 response(s) [c07977b7-c8ef-4f3c-80b1-66a07c6e3dcd<-d81605c5-54b3-45a8-b5ae-2e8d8890cbef#0:FAIL-t31, c07977b7-c8ef-4f3c-80b1-66a07c6e3dcd<-7f29c796-0732-402f-b865-67033766dcba#0:FAIL-t31] and 0 exception(s); c07977b7-c8ef-4f3c-80b1-66a07c6e3dcd@group-C2BDBBDF155D:t31, leader=null, voted=c07977b7-c8ef-4f3c-80b1-66a07c6e3dcd, raftlog=c07977b7-c8ef-4f3c-80b1-66a07c6e3dcd@group-C2BDBBDF155D-SegmentedRaftLog:OPENED:c-1,f-1,i0, conf=-1: [d81605c5-54b3-45a8-b5ae-2e8d8890cbef:192.168.164.201:42755, 7f29c796-0732-402f-b865-67033766dcba:192.168.164.201:40704, c07977b7-c8ef-4f3c-80b1-66a07c6e3dcd:192.168.164.201:38664], old=null
2019-10-17 20:28:25,300 [c07977b7-c8ef-4f3c-80b1-66a07c6e3dcd@group-C2BDBBDF155D-LeaderElection70] INFO  impl.RaftServerImpl (RaftServerImpl.java:setRole(184)) - c07977b7-c8ef-4f3c-80b1-66a07c6e3dcd@group-C2BDBBDF155D: changes role from CANDIDATE to FOLLOWER at term 31 for DISCOVERED_A_NEW_TERM
2019-10-17 20:28:25,300 [c07977b7-c8ef-4f3c-80b1-66a07c6e3dcd@group-C2BDBBDF155D-LeaderElection70] INFO  impl.RoleInfo (RoleInfo.java:shutdownLeaderElection(134)) - c07977b7-c8ef-4f3c-80b1-66a07c6e3dcd: shutdown LeaderElection
2019-10-17 20:28:25,301 [c07977b7-c8ef-4f3c-80b1-66a07c6e3dcd@group-C2BDBBDF155D-LeaderElection70] INFO  impl.RoleInfo (RoleInfo.java:updateAndGet(143)) - c07977b7-c8ef-4f3c-80b1-66a07c6e3dcd: start FollowerState
2019-10-17 20:28:25,361 [Thread-1260] INFO  impl.FollowerState (FollowerState.java:run(108)) - c07977b7-c8ef-4f3c-80b1-66a07c6e3dcd@group-C2BDBBDF155D-FollowerState: change to CANDIDATE, lastRpcTime:60ms, electionTimeout:60ms
2019-10-17 20:28:25,361 [Thread-1260] INFO  impl.RoleInfo (RoleInfo.java:shutdownFollowerState(121)) - c07977b7-c8ef-4f3c-80b1-66a07c6e3dcd: shutdown FollowerState
2019-10-17 20:28:25,361 [Thread-1260] INFO  impl.RaftServerImpl (RaftServerImpl.java:setRole(184)) - c07977b7-c8ef-4f3c-80b1-66a07c6e3dcd@group-C2BDBBDF155D: changes role from  FOLLOWER to CANDIDATE at term 31 for changeToCandidate
2019-10-17 20:28:25,362 [Thread-1260] INFO  impl.RoleInfo (RoleInfo.java:updateAndGet(143)) - c07977b7-c8ef-4f3c-80b1-66a07c6e3dcd: start LeaderElection
2019-10-17 20:28:25,387 [c07977b7-c8ef-4f3c-80b1-66a07c6e3dcd@group-C2BDBBDF155D-LeaderElection71] INFO  impl.LeaderElection (LeaderElection.java:askForVotes(178)) - c07977b7-c8ef-4f3c-80b1-66a07c6e3dcd@group-C2BDBBDF155D-LeaderElection71: begin an election at term 32 for -1: [d81605c5-54b3-45a8-b5ae-2e8d8890cbef:192.168.164.201:42755, 7f29c796-0732-402f-b865-67033766dcba:192.168.164.201:40704, c07977b7-c8ef-4f3c-80b1-66a07c6e3dcd:192.168.164.201:38664], old=null
2019-10-17 20:28:25,391 [grpc-default-executor-2] INFO  impl.RaftServerImpl (RaftServerImpl.java:setRole(184)) - 7f29c796-0732-402f-b865-67033766dcba@group-C2BDBBDF155D: changes role from  FOLLOWER to FOLLOWER at term 32 for recognizeCandidate:c07977b7-c8ef-4f3c-80b1-66a07c6e3dcd
2019-10-17 20:28:25,391 [grpc-default-executor-4] INFO  impl.RaftServerImpl (RaftServerImpl.java:setRole(184)) - d81605c5-54b3-45a8-b5ae-2e8d8890cbef@group-C2BDBBDF155D: changes role from  FOLLOWER to FOLLOWER at term 32 for recognizeCandidate:c07977b7-c8ef-4f3c-80b1-66a07c6e3dcd
2019-10-17 20:28:25,391 [grpc-default-executor-2] INFO  impl.RoleInfo (RoleInfo.java:shutdownFollowerState(121)) - 7f29c796-0732-402f-b865-67033766dcba: shutdown FollowerState
2019-10-17 20:28:25,391 [grpc-default-executor-4] INFO  impl.RoleInfo (RoleInfo.java:shutdownFollowerState(121)) - d81605c5-54b3-45a8-b5ae-2e8d8890cbef: shutdown FollowerState
2019-10-17 20:28:25,392 [Thread-1258] INFO  impl.FollowerState (FollowerState.java:run(117)) - 7f29c796-0732-402f-b865-67033766dcba@group-C2BDBBDF155D-FollowerState was interrupted: java.lang.InterruptedException: sleep interrupted
2019-10-17 20:28:25,392 [grpc-default-executor-2] INFO  impl.RoleInfo (RoleInfo.java:updateAndGet(143)) - 7f29c796-0732-402f-b865-67033766dcba: start FollowerState
2019-10-17 20:28:25,392 [grpc-default-executor-4] INFO  impl.RoleInfo (RoleInfo.java:updateAndGet(143)) - d81605c5-54b3-45a8-b5ae-2e8d8890cbef: start FollowerState
2019-10-17 20:28:25,392 [Thread-1259] INFO  impl.FollowerState (FollowerState.java:run(117)) - d81605c5-54b3-45a8-b5ae-2e8d8890cbef@group-C2BDBBDF155D-FollowerState was interrupted: java.lang.InterruptedException: sleep interrupted
2019-10-17 20:28:25,398 [c07977b7-c8ef-4f3c-80b1-66a07c6e3dcd@group-C2BDBBDF155D-LeaderElection71] INFO  impl.LeaderElection (LeaderElection.java:logAndReturn(56)) - c07977b7-c8ef-4f3c-80b1-66a07c6e3dcd@group-C2BDBBDF155D-LeaderElection71: Election TIMEOUT; received 0 response(s) [] and 0 exception(s); c07977b7-c8ef-4f3c-80b1-66a07c6e3dcd@group-C2BDBBDF155D:t32, leader=null, voted=c07977b7-c8ef-4f3c-80b1-66a07c6e3dcd, raftlog=c07977b7-c8ef-4f3c-80b1-66a07c6e3dcd@group-C2BDBBDF155D-SegmentedRaftLog:OPENED:c-1,f-1,i0, conf=-1: [d81605c5-54b3-45a8-b5ae-2e8d8890cbef:192.168.164.201:42755, 7f29c796-0732-402f-b865-67033766dcba:192.168.164.201:40704, c07977b7-c8ef-4f3c-80b1-66a07c6e3dcd:192.168.164.201:38664], old=null
2019-10-17 20:28:25,415 [c07977b7-c8ef-4f3c-80b1-66a07c6e3dcd@group-C2BDBBDF155D-LeaderElection71] INFO  impl.LeaderElection (LeaderElection.java:askForVotes(178)) - c07977b7-c8ef-4f3c-80b1-66a07c6e3dcd@group-C2BDBBDF155D-LeaderElection71: begin an election at term 33 for -1: [d81605c5-54b3-45a8-b5ae-2e8d8890cbef:192.168.164.201:42755, 7f29c796-0732-402f-b865-67033766dcba:192.168.164.201:40704, c07977b7-c8ef-4f3c-80b1-66a07c6e3dcd:192.168.164.201:38664], old=null
2019-10-17 20:28:25,419 [grpc-default-executor-4] INFO  impl.RaftServerImpl (RaftServerImpl.java:setRole(184)) - 7f29c796-0732-402f-b865-67033766dcba@group-C2BDBBDF155D: changes role from  FOLLOWER to FOLLOWER at term 33 for recognizeCandidate:c07977b7-c8ef-4f3c-80b1-66a07c6e3dcd
2019-10-17 20:28:25,419 [grpc-default-executor-4] INFO  impl.RoleInfo (RoleInfo.java:shutdownFollowerState(121)) - 7f29c796-0732-402f-b865-67033766dcba: shutdown FollowerState
2019-10-17 20:28:25,419 [grpc-default-executor-4] INFO  impl.RoleInfo (RoleInfo.java:updateAndGet(143)) - 7f29c796-0732-402f-b865-67033766dcba: start FollowerState
2019-10-17 20:28:25,419 [Thread-1264] INFO  impl.FollowerState (FollowerState.java:run(117)) - 7f29c796-0732-402f-b865-67033766dcba@group-C2BDBBDF155D-FollowerState was interrupted: java.lang.InterruptedException: sleep interrupted
2019-10-17 20:28:25,420 [grpc-default-executor-2] INFO  impl.RaftServerImpl (RaftServerImpl.java:setRole(184)) - d81605c5-54b3-45a8-b5ae-2e8d8890cbef@group-C2BDBBDF155D: changes role from  FOLLOWER to FOLLOWER at term 33 for recognizeCandidate:c07977b7-c8ef-4f3c-80b1-66a07c6e3dcd
2019-10-17 20:28:25,420 [grpc-default-executor-2] INFO  impl.RoleInfo (RoleInfo.java:shutdownFollowerState(121)) - d81605c5-54b3-45a8-b5ae-2e8d8890cbef: shutdown FollowerState
2019-10-17 20:28:25,420 [grpc-default-executor-2] INFO  impl.RoleInfo (RoleInfo.java:updateAndGet(143)) - d81605c5-54b3-45a8-b5ae-2e8d8890cbef: start FollowerState
2019-10-17 20:28:25,420 [Thread-1265] INFO  impl.FollowerState (FollowerState.java:run(117)) - d81605c5-54b3-45a8-b5ae-2e8d8890cbef@group-C2BDBBDF155D-FollowerState was interrupted: java.lang.InterruptedException: sleep interrupted
2019-10-17 20:28:25,444 [c07977b7-c8ef-4f3c-80b1-66a07c6e3dcd@group-C2BDBBDF155D-LeaderElection71] INFO  impl.LeaderElection (LeaderElection.java:logAndReturn(56)) - c07977b7-c8ef-4f3c-80b1-66a07c6e3dcd@group-C2BDBBDF155D-LeaderElection71: Election REJECTED; received 2 response(s) [c07977b7-c8ef-4f3c-80b1-66a07c6e3dcd<-d81605c5-54b3-45a8-b5ae-2e8d8890cbef#0:FAIL-t33, c07977b7-c8ef-4f3c-80b1-66a07c6e3dcd<-7f29c796-0732-402f-b865-67033766dcba#0:FAIL-t33] and 0 exception(s); c07977b7-c8ef-4f3c-80b1-66a07c6e3dcd@group-C2BDBBDF155D:t33, leader=null, voted=c07977b7-c8ef-4f3c-80b1-66a07c6e3dcd, raftlog=c07977b7-c8ef-4f3c-80b1-66a07c6e3dcd@group-C2BDBBDF155D-SegmentedRaftLog:OPENED:c-1,f-1,i0, conf=-1: [d81605c5-54b3-45a8-b5ae-2e8d8890cbef:192.168.164.201:42755, 7f29c796-0732-402f-b865-67033766dcba:192.168.164.201:40704, c07977b7-c8ef-4f3c-80b1-66a07c6e3dcd:192.168.164.201:38664], old=null
2019-10-17 20:28:25,444 [c07977b7-c8ef-4f3c-80b1-66a07c6e3dcd@group-C2BDBBDF155D-LeaderElection71] INFO  impl.RaftServerImpl (RaftServerImpl.java:setRole(184)) - c07977b7-c8ef-4f3c-80b1-66a07c6e3dcd@group-C2BDBBDF155D: changes role from CANDIDATE to FOLLOWER at term 33 for DISCOVERED_A_NEW_TERM
2019-10-17 20:28:25,445 [c07977b7-c8ef-4f3c-80b1-66a07c6e3dcd@group-C2BDBBDF155D-LeaderElection71] INFO  impl.RoleInfo (RoleInfo.java:shutdownLeaderElection(134)) - c07977b7-c8ef-4f3c-80b1-66a07c6e3dcd: shutdown LeaderElection
2019-10-17 20:28:25,445 [c07977b7-c8ef-4f3c-80b1-66a07c6e3dcd@group-C2BDBBDF155D-LeaderElection71] INFO  impl.RoleInfo (RoleInfo.java:updateAndGet(143)) - c07977b7-c8ef-4f3c-80b1-66a07c6e3dcd: start FollowerState
2019-10-17 20:28:25,532 [Thread-754] INFO  ozone.MiniOzoneClusterImpl (MiniOzoneClusterImpl.java:lambda$waitForClusterToBeReady$2(164)) - Waiting for 1 number of pipelines out of 4, to report a leader.
2019-10-17 20:28:25,558 [Thread-1270] INFO  impl.FollowerState (FollowerState.java:run(108)) - c07977b7-c8ef-4f3c-80b1-66a07c6e3dcd@group-C2BDBBDF155D-FollowerState: change to CANDIDATE, lastRpcTime:113ms, electionTimeout:113ms
2019-10-17 20:28:25,559 [Thread-1270] INFO  impl.RoleInfo (RoleInfo.java:shutdownFollowerState(121)) - c07977b7-c8ef-4f3c-80b1-66a07c6e3dcd: shutdown FollowerState
2019-10-17 20:28:25,559 [Thread-1270] INFO  impl.RaftServerImpl (RaftServerImpl.java:setRole(184)) - c07977b7-c8ef-4f3c-80b1-66a07c6e3dcd@group-C2BDBBDF155D: changes role from  FOLLOWER to CANDIDATE at term 33 for changeToCandidate
2019-10-17 20:28:25,559 [Thread-1270] INFO  impl.RoleInfo (RoleInfo.java:updateAndGet(143)) - c07977b7-c8ef-4f3c-80b1-66a07c6e3dcd: start LeaderElection
2019-10-17 20:28:25,592 [c07977b7-c8ef-4f3c-80b1-66a07c6e3dcd@group-C2BDBBDF155D-LeaderElection72] INFO  impl.LeaderElection (LeaderElection.java:askForVotes(178)) - c07977b7-c8ef-4f3c-80b1-66a07c6e3dcd@group-C2BDBBDF155D-LeaderElection72: begin an election at term 34 for -1: [d81605c5-54b3-45a8-b5ae-2e8d8890cbef:192.168.164.201:42755, 7f29c796-0732-402f-b865-67033766dcba:192.168.164.201:40704, c07977b7-c8ef-4f3c-80b1-66a07c6e3dcd:192.168.164.201:38664], old=null
2019-10-17 20:28:25,596 [grpc-default-executor-4] INFO  impl.RaftServerImpl (RaftServerImpl.java:setRole(184)) - 7f29c796-0732-402f-b865-67033766dcba@group-C2BDBBDF155D: changes role from  FOLLOWER to FOLLOWER at term 34 for recognizeCandidate:c07977b7-c8ef-4f3c-80b1-66a07c6e3dcd
2019-10-17 20:28:25,596 [grpc-default-executor-4] INFO  impl.RoleInfo (RoleInfo.java:shutdownFollowerState(121)) - 7f29c796-0732-402f-b865-67033766dcba: shutdown FollowerState
2019-10-17 20:28:25,596 [grpc-default-executor-4] INFO  impl.RoleInfo (RoleInfo.java:updateAndGet(143)) - 7f29c796-0732-402f-b865-67033766dcba: start FollowerState
2019-10-17 20:28:25,596 [grpc-default-executor-2] INFO  impl.RaftServerImpl (RaftServerImpl.java:setRole(184)) - d81605c5-54b3-45a8-b5ae-2e8d8890cbef@group-C2BDBBDF155D: changes role from  FOLLOWER to FOLLOWER at term 34 for recognizeCandidate:c07977b7-c8ef-4f3c-80b1-66a07c6e3dcd
2019-10-17 20:28:25,597 [grpc-default-executor-2] INFO  impl.RoleInfo (RoleInfo.java:shutdownFollowerState(121)) - d81605c5-54b3-45a8-b5ae-2e8d8890cbef: shutdown FollowerState
2019-10-17 20:28:25,596 [Thread-1268] INFO  impl.FollowerState (FollowerState.java:run(117)) - 7f29c796-0732-402f-b865-67033766dcba@group-C2BDBBDF155D-FollowerState was interrupted: java.lang.InterruptedException: sleep interrupted
2019-10-17 20:28:25,597 [Thread-1269] INFO  impl.FollowerState (FollowerState.java:run(117)) - d81605c5-54b3-45a8-b5ae-2e8d8890cbef@group-C2BDBBDF155D-FollowerState was interrupted: java.lang.InterruptedException: sleep interrupted
2019-10-17 20:28:25,597 [grpc-default-executor-2] INFO  impl.RoleInfo (RoleInfo.java:updateAndGet(143)) - d81605c5-54b3-45a8-b5ae-2e8d8890cbef: start FollowerState
2019-10-17 20:28:25,623 [c07977b7-c8ef-4f3c-80b1-66a07c6e3dcd@group-C2BDBBDF155D-LeaderElection72] INFO  impl.LeaderElection (LeaderElection.java:logAndReturn(56)) - c07977b7-c8ef-4f3c-80b1-66a07c6e3dcd@group-C2BDBBDF155D-LeaderElection72: Election REJECTED; received 2 response(s) [c07977b7-c8ef-4f3c-80b1-66a07c6e3dcd<-d81605c5-54b3-45a8-b5ae-2e8d8890cbef#0:FAIL-t34, c07977b7-c8ef-4f3c-80b1-66a07c6e3dcd<-7f29c796-0732-402f-b865-67033766dcba#0:FAIL-t34] and 0 exception(s); c07977b7-c8ef-4f3c-80b1-66a07c6e3dcd@group-C2BDBBDF155D:t34, leader=null, voted=c07977b7-c8ef-4f3c-80b1-66a07c6e3dcd, raftlog=c07977b7-c8ef-4f3c-80b1-66a07c6e3dcd@group-C2BDBBDF155D-SegmentedRaftLog:OPENED:c-1,f-1,i0, conf=-1: [d81605c5-54b3-45a8-b5ae-2e8d8890cbef:192.168.164.201:42755, 7f29c796-0732-402f-b865-67033766dcba:192.168.164.201:40704, c07977b7-c8ef-4f3c-80b1-66a07c6e3dcd:192.168.164.201:38664], old=null
2019-10-17 20:28:25,624 [c07977b7-c8ef-4f3c-80b1-66a07c6e3dcd@group-C2BDBBDF155D-LeaderElection72] INFO  impl.RaftServerImpl (RaftServerImpl.java:setRole(184)) - c07977b7-c8ef-4f3c-80b1-66a07c6e3dcd@group-C2BDBBDF155D: changes role from CANDIDATE to FOLLOWER at term 34 for DISCOVERED_A_NEW_TERM
2019-10-17 20:28:25,624 [c07977b7-c8ef-4f3c-80b1-66a07c6e3dcd@group-C2BDBBDF155D-LeaderElection72] INFO  impl.RoleInfo (RoleInfo.java:shutdownLeaderElection(134)) - c07977b7-c8ef-4f3c-80b1-66a07c6e3dcd: shutdown LeaderElection
2019-10-17 20:28:25,624 [c07977b7-c8ef-4f3c-80b1-66a07c6e3dcd@group-C2BDBBDF155D-LeaderElection72] INFO  impl.RoleInfo (RoleInfo.java:updateAndGet(143)) - c07977b7-c8ef-4f3c-80b1-66a07c6e3dcd: start FollowerState
2019-10-17 20:28:25,762 [Thread-1276] INFO  impl.FollowerState (FollowerState.java:run(108)) - c07977b7-c8ef-4f3c-80b1-66a07c6e3dcd@group-C2BDBBDF155D-FollowerState: change to CANDIDATE, lastRpcTime:137ms, electionTimeout:137ms
2019-10-17 20:28:25,762 [Thread-1276] INFO  impl.RoleInfo (RoleInfo.java:shutdownFollowerState(121)) - c07977b7-c8ef-4f3c-80b1-66a07c6e3dcd: shutdown FollowerState
2019-10-17 20:28:25,762 [Thread-1276] INFO  impl.RaftServerImpl (RaftServerImpl.java:setRole(184)) - c07977b7-c8ef-4f3c-80b1-66a07c6e3dcd@group-C2BDBBDF155D: changes role from  FOLLOWER to CANDIDATE at term 34 for changeToCandidate
2019-10-17 20:28:25,762 [Thread-1276] INFO  impl.RoleInfo (RoleInfo.java:updateAndGet(143)) - c07977b7-c8ef-4f3c-80b1-66a07c6e3dcd: start LeaderElection
2019-10-17 20:28:25,787 [c07977b7-c8ef-4f3c-80b1-66a07c6e3dcd@group-C2BDBBDF155D-LeaderElection73] INFO  impl.LeaderElection (LeaderElection.java:askForVotes(178)) - c07977b7-c8ef-4f3c-80b1-66a07c6e3dcd@group-C2BDBBDF155D-LeaderElection73: begin an election at term 35 for -1: [d81605c5-54b3-45a8-b5ae-2e8d8890cbef:192.168.164.201:42755, 7f29c796-0732-402f-b865-67033766dcba:192.168.164.201:40704, c07977b7-c8ef-4f3c-80b1-66a07c6e3dcd:192.168.164.201:38664], old=null
2019-10-17 20:28:25,791 [grpc-default-executor-4] INFO  impl.RaftServerImpl (RaftServerImpl.java:setRole(184)) - d81605c5-54b3-45a8-b5ae-2e8d8890cbef@group-C2BDBBDF155D: changes role from  FOLLOWER to FOLLOWER at term 35 for recognizeCandidate:c07977b7-c8ef-4f3c-80b1-66a07c6e3dcd
2019-10-17 20:28:25,791 [grpc-default-executor-4] INFO  impl.RoleInfo (RoleInfo.java:shutdownFollowerState(121)) - d81605c5-54b3-45a8-b5ae-2e8d8890cbef: shutdown FollowerState
2019-10-17 20:28:25,791 [grpc-default-executor-4] INFO  impl.RoleInfo (RoleInfo.java:updateAndGet(143)) - d81605c5-54b3-45a8-b5ae-2e8d8890cbef: start FollowerState
2019-10-17 20:28:25,792 [grpc-default-executor-2] INFO  impl.RaftServerImpl (RaftServerImpl.java:setRole(184)) - 7f29c796-0732-402f-b865-67033766dcba@group-C2BDBBDF155D: changes role from  FOLLOWER to FOLLOWER at term 35 for recognizeCandidate:c07977b7-c8ef-4f3c-80b1-66a07c6e3dcd
2019-10-17 20:28:25,792 [Thread-1275] INFO  impl.FollowerState (FollowerState.java:run(117)) - d81605c5-54b3-45a8-b5ae-2e8d8890cbef@group-C2BDBBDF155D-FollowerState was interrupted: java.lang.InterruptedException: sleep interrupted
2019-10-17 20:28:25,792 [grpc-default-executor-2] INFO  impl.RoleInfo (RoleInfo.java:shutdownFollowerState(121)) - 7f29c796-0732-402f-b865-67033766dcba: shutdown FollowerState
2019-10-17 20:28:25,792 [grpc-default-executor-2] INFO  impl.RoleInfo (RoleInfo.java:updateAndGet(143)) - 7f29c796-0732-402f-b865-67033766dcba: start FollowerState
2019-10-17 20:28:25,792 [Thread-1274] INFO  impl.FollowerState (FollowerState.java:run(117)) - 7f29c796-0732-402f-b865-67033766dcba@group-C2BDBBDF155D-FollowerState was interrupted: java.lang.InterruptedException: sleep interrupted
2019-10-17 20:28:25,817 [c07977b7-c8ef-4f3c-80b1-66a07c6e3dcd@group-C2BDBBDF155D-LeaderElection73] INFO  impl.LeaderElection (LeaderElection.java:logAndReturn(56)) - c07977b7-c8ef-4f3c-80b1-66a07c6e3dcd@group-C2BDBBDF155D-LeaderElection73: Election REJECTED; received 2 response(s) [c07977b7-c8ef-4f3c-80b1-66a07c6e3dcd<-d81605c5-54b3-45a8-b5ae-2e8d8890cbef#0:FAIL-t35, c07977b7-c8ef-4f3c-80b1-66a07c6e3dcd<-7f29c796-0732-402f-b865-67033766dcba#0:FAIL-t35] and 0 exception(s); c07977b7-c8ef-4f3c-80b1-66a07c6e3dcd@group-C2BDBBDF155D:t35, leader=null, voted=c07977b7-c8ef-4f3c-80b1-66a07c6e3dcd, raftlog=c07977b7-c8ef-4f3c-80b1-66a07c6e3dcd@group-C2BDBBDF155D-SegmentedRaftLog:OPENED:c-1,f-1,i0, conf=-1: [d81605c5-54b3-45a8-b5ae-2e8d8890cbef:192.168.164.201:42755, 7f29c796-0732-402f-b865-67033766dcba:192.168.164.201:40704, c07977b7-c8ef-4f3c-80b1-66a07c6e3dcd:192.168.164.201:38664], old=null
2019-10-17 20:28:25,818 [c07977b7-c8ef-4f3c-80b1-66a07c6e3dcd@group-C2BDBBDF155D-LeaderElection73] INFO  impl.RaftServerImpl (RaftServerImpl.java:setRole(184)) - c07977b7-c8ef-4f3c-80b1-66a07c6e3dcd@group-C2BDBBDF155D: changes role from CANDIDATE to FOLLOWER at term 35 for DISCOVERED_A_NEW_TERM
2019-10-17 20:28:25,818 [c07977b7-c8ef-4f3c-80b1-66a07c6e3dcd@group-C2BDBBDF155D-LeaderElection73] INFO  impl.RoleInfo (RoleInfo.java:shutdownLeaderElection(134)) - c07977b7-c8ef-4f3c-80b1-66a07c6e3dcd: shutdown LeaderElection
2019-10-17 20:28:25,818 [c07977b7-c8ef-4f3c-80b1-66a07c6e3dcd@group-C2BDBBDF155D-LeaderElection73] INFO  impl.RoleInfo (RoleInfo.java:updateAndGet(143)) - c07977b7-c8ef-4f3c-80b1-66a07c6e3dcd: start FollowerState
2019-10-17 20:28:25,985 [Thread-1282] INFO  impl.FollowerState (FollowerState.java:run(108)) - c07977b7-c8ef-4f3c-80b1-66a07c6e3dcd@group-C2BDBBDF155D-FollowerState: change to CANDIDATE, lastRpcTime:166ms, electionTimeout:166ms
2019-10-17 20:28:25,985 [Thread-1282] INFO  impl.RoleInfo (RoleInfo.java:shutdownFollowerState(121)) - c07977b7-c8ef-4f3c-80b1-66a07c6e3dcd: shutdown FollowerState
2019-10-17 20:28:25,985 [Thread-1282] INFO  impl.RaftServerImpl (RaftServerImpl.java:setRole(184)) - c07977b7-c8ef-4f3c-80b1-66a07c6e3dcd@group-C2BDBBDF155D: changes role from  FOLLOWER to CANDIDATE at term 35 for changeToCandidate
2019-10-17 20:28:25,985 [Thread-1282] INFO  impl.RoleInfo (RoleInfo.java:updateAndGet(143)) - c07977b7-c8ef-4f3c-80b1-66a07c6e3dcd: start LeaderElection
2019-10-17 20:28:26,011 [c07977b7-c8ef-4f3c-80b1-66a07c6e3dcd@group-C2BDBBDF155D-LeaderElection74] INFO  impl.LeaderElection (LeaderElection.java:askForVotes(178)) - c07977b7-c8ef-4f3c-80b1-66a07c6e3dcd@group-C2BDBBDF155D-LeaderElection74: begin an election at term 36 for -1: [d81605c5-54b3-45a8-b5ae-2e8d8890cbef:192.168.164.201:42755, 7f29c796-0732-402f-b865-67033766dcba:192.168.164.201:40704, c07977b7-c8ef-4f3c-80b1-66a07c6e3dcd:192.168.164.201:38664], old=null
2019-10-17 20:28:26,015 [grpc-default-executor-2] INFO  impl.RaftServerImpl (RaftServerImpl.java:setRole(184)) - d81605c5-54b3-45a8-b5ae-2e8d8890cbef@group-C2BDBBDF155D: changes role from  FOLLOWER to FOLLOWER at term 36 for recognizeCandidate:c07977b7-c8ef-4f3c-80b1-66a07c6e3dcd
2019-10-17 20:28:26,015 [grpc-default-executor-4] INFO  impl.RaftServerImpl (RaftServerImpl.java:setRole(184)) - 7f29c796-0732-402f-b865-67033766dcba@group-C2BDBBDF155D: changes role from  FOLLOWER to FOLLOWER at term 36 for recognizeCandidate:c07977b7-c8ef-4f3c-80b1-66a07c6e3dcd
2019-10-17 20:28:26,015 [grpc-default-executor-2] INFO  impl.RoleInfo (RoleInfo.java:shutdownFollowerState(121)) - d81605c5-54b3-45a8-b5ae-2e8d8890cbef: shutdown FollowerState
2019-10-17 20:28:26,015 [grpc-default-executor-4] INFO  impl.RoleInfo (RoleInfo.java:shutdownFollowerState(121)) - 7f29c796-0732-402f-b865-67033766dcba: shutdown FollowerState
2019-10-17 20:28:26,015 [Thread-1280] INFO  impl.FollowerState (FollowerState.java:run(117)) - d81605c5-54b3-45a8-b5ae-2e8d8890cbef@group-C2BDBBDF155D-FollowerState was interrupted: java.lang.InterruptedException: sleep interrupted
2019-10-17 20:28:26,016 [Thread-1281] INFO  impl.FollowerState (FollowerState.java:run(117)) - 7f29c796-0732-402f-b865-67033766dcba@group-C2BDBBDF155D-FollowerState was interrupted: java.lang.InterruptedException: sleep interrupted
2019-10-17 20:28:26,015 [grpc-default-executor-2] INFO  impl.RoleInfo (RoleInfo.java:updateAndGet(143)) - d81605c5-54b3-45a8-b5ae-2e8d8890cbef: start FollowerState
2019-10-17 20:28:26,016 [grpc-default-executor-4] INFO  impl.RoleInfo (RoleInfo.java:updateAndGet(143)) - 7f29c796-0732-402f-b865-67033766dcba: start FollowerState
2019-10-17 20:28:26,054 [c07977b7-c8ef-4f3c-80b1-66a07c6e3dcd@group-C2BDBBDF155D-LeaderElection74] INFO  impl.LeaderElection (LeaderElection.java:logAndReturn(56)) - c07977b7-c8ef-4f3c-80b1-66a07c6e3dcd@group-C2BDBBDF155D-LeaderElection74: Election REJECTED; received 2 response(s) [c07977b7-c8ef-4f3c-80b1-66a07c6e3dcd<-d81605c5-54b3-45a8-b5ae-2e8d8890cbef#0:FAIL-t36, c07977b7-c8ef-4f3c-80b1-66a07c6e3dcd<-7f29c796-0732-402f-b865-67033766dcba#0:FAIL-t36] and 0 exception(s); c07977b7-c8ef-4f3c-80b1-66a07c6e3dcd@group-C2BDBBDF155D:t36, leader=null, voted=c07977b7-c8ef-4f3c-80b1-66a07c6e3dcd, raftlog=c07977b7-c8ef-4f3c-80b1-66a07c6e3dcd@group-C2BDBBDF155D-SegmentedRaftLog:OPENED:c-1,f-1,i0, conf=-1: [d81605c5-54b3-45a8-b5ae-2e8d8890cbef:192.168.164.201:42755, 7f29c796-0732-402f-b865-67033766dcba:192.168.164.201:40704, c07977b7-c8ef-4f3c-80b1-66a07c6e3dcd:192.168.164.201:38664], old=null
2019-10-17 20:28:26,055 [c07977b7-c8ef-4f3c-80b1-66a07c6e3dcd@group-C2BDBBDF155D-LeaderElection74] INFO  impl.RaftServerImpl (RaftServerImpl.java:setRole(184)) - c07977b7-c8ef-4f3c-80b1-66a07c6e3dcd@group-C2BDBBDF155D: changes role from CANDIDATE to FOLLOWER at term 36 for DISCOVERED_A_NEW_TERM
2019-10-17 20:28:26,055 [c07977b7-c8ef-4f3c-80b1-66a07c6e3dcd@group-C2BDBBDF155D-LeaderElection74] INFO  impl.RoleInfo (RoleInfo.java:shutdownLeaderElection(134)) - c07977b7-c8ef-4f3c-80b1-66a07c6e3dcd: shutdown LeaderElection
2019-10-17 20:28:26,055 [c07977b7-c8ef-4f3c-80b1-66a07c6e3dcd@group-C2BDBBDF155D-LeaderElection74] INFO  impl.RoleInfo (RoleInfo.java:updateAndGet(143)) - c07977b7-c8ef-4f3c-80b1-66a07c6e3dcd: start FollowerState
2019-10-17 20:28:26,165 [Thread-1288] INFO  impl.FollowerState (FollowerState.java:run(108)) - c07977b7-c8ef-4f3c-80b1-66a07c6e3dcd@group-C2BDBBDF155D-FollowerState: change to CANDIDATE, lastRpcTime:109ms, electionTimeout:109ms
2019-10-17 20:28:26,165 [Thread-1288] INFO  impl.RoleInfo (RoleInfo.java:shutdownFollowerState(121)) - c07977b7-c8ef-4f3c-80b1-66a07c6e3dcd: shutdown FollowerState
2019-10-17 20:28:26,165 [Thread-1288] INFO  impl.RaftServerImpl (RaftServerImpl.java:setRole(184)) - c07977b7-c8ef-4f3c-80b1-66a07c6e3dcd@group-C2BDBBDF155D: changes role from  FOLLOWER to CANDIDATE at term 36 for changeToCandidate
2019-10-17 20:28:26,165 [Thread-1288] INFO  impl.RoleInfo (RoleInfo.java:updateAndGet(143)) - c07977b7-c8ef-4f3c-80b1-66a07c6e3dcd: start LeaderElection
2019-10-17 20:28:26,182 [c07977b7-c8ef-4f3c-80b1-66a07c6e3dcd@group-C2BDBBDF155D-LeaderElection75] INFO  impl.LeaderElection (LeaderElection.java:askForVotes(178)) - c07977b7-c8ef-4f3c-80b1-66a07c6e3dcd@group-C2BDBBDF155D-LeaderElection75: begin an election at term 37 for -1: [d81605c5-54b3-45a8-b5ae-2e8d8890cbef:192.168.164.201:42755, 7f29c796-0732-402f-b865-67033766dcba:192.168.164.201:40704, c07977b7-c8ef-4f3c-80b1-66a07c6e3dcd:192.168.164.201:38664], old=null
2019-10-17 20:28:26,186 [grpc-default-executor-2] INFO  impl.RaftServerImpl (RaftServerImpl.java:setRole(184)) - d81605c5-54b3-45a8-b5ae-2e8d8890cbef@group-C2BDBBDF155D: changes role from  FOLLOWER to FOLLOWER at term 37 for recognizeCandidate:c07977b7-c8ef-4f3c-80b1-66a07c6e3dcd
2019-10-17 20:28:26,186 [grpc-default-executor-2] INFO  impl.RoleInfo (RoleInfo.java:shutdownFollowerState(121)) - d81605c5-54b3-45a8-b5ae-2e8d8890cbef: shutdown FollowerState
2019-10-17 20:28:26,186 [grpc-default-executor-4] INFO  impl.RaftServerImpl (RaftServerImpl.java:setRole(184)) - 7f29c796-0732-402f-b865-67033766dcba@group-C2BDBBDF155D: changes role from  FOLLOWER to FOLLOWER at term 37 for recognizeCandidate:c07977b7-c8ef-4f3c-80b1-66a07c6e3dcd
2019-10-17 20:28:26,186 [grpc-default-executor-2] INFO  impl.RoleInfo (RoleInfo.java:updateAndGet(143)) - d81605c5-54b3-45a8-b5ae-2e8d8890cbef: start FollowerState
2019-10-17 20:28:26,186 [Thread-1286] INFO  impl.FollowerState (FollowerState.java:run(117)) - d81605c5-54b3-45a8-b5ae-2e8d8890cbef@group-C2BDBBDF155D-FollowerState was interrupted: java.lang.InterruptedException: sleep interrupted
2019-10-17 20:28:26,186 [grpc-default-executor-4] INFO  impl.RoleInfo (RoleInfo.java:shutdownFollowerState(121)) - 7f29c796-0732-402f-b865-67033766dcba: shutdown FollowerState
2019-10-17 20:28:26,187 [grpc-default-executor-4] INFO  impl.RoleInfo (RoleInfo.java:updateAndGet(143)) - 7f29c796-0732-402f-b865-67033766dcba: start FollowerState
2019-10-17 20:28:26,187 [Thread-1287] INFO  impl.FollowerState (FollowerState.java:run(117)) - 7f29c796-0732-402f-b865-67033766dcba@group-C2BDBBDF155D-FollowerState was interrupted: java.lang.InterruptedException: sleep interrupted
2019-10-17 20:28:26,218 [c07977b7-c8ef-4f3c-80b1-66a07c6e3dcd@group-C2BDBBDF155D-LeaderElection75] INFO  impl.LeaderElection (LeaderElection.java:logAndReturn(56)) - c07977b7-c8ef-4f3c-80b1-66a07c6e3dcd@group-C2BDBBDF155D-LeaderElection75: Election REJECTED; received 2 response(s) [c07977b7-c8ef-4f3c-80b1-66a07c6e3dcd<-d81605c5-54b3-45a8-b5ae-2e8d8890cbef#0:FAIL-t37, c07977b7-c8ef-4f3c-80b1-66a07c6e3dcd<-7f29c796-0732-402f-b865-67033766dcba#0:FAIL-t37] and 0 exception(s); c07977b7-c8ef-4f3c-80b1-66a07c6e3dcd@group-C2BDBBDF155D:t37, leader=null, voted=c07977b7-c8ef-4f3c-80b1-66a07c6e3dcd, raftlog=c07977b7-c8ef-4f3c-80b1-66a07c6e3dcd@group-C2BDBBDF155D-SegmentedRaftLog:OPENED:c-1,f-1,i0, conf=-1: [d81605c5-54b3-45a8-b5ae-2e8d8890cbef:192.168.164.201:42755, 7f29c796-0732-402f-b865-67033766dcba:192.168.164.201:40704, c07977b7-c8ef-4f3c-80b1-66a07c6e3dcd:192.168.164.201:38664], old=null
2019-10-17 20:28:26,218 [c07977b7-c8ef-4f3c-80b1-66a07c6e3dcd@group-C2BDBBDF155D-LeaderElection75] INFO  impl.RaftServerImpl (RaftServerImpl.java:setRole(184)) - c07977b7-c8ef-4f3c-80b1-66a07c6e3dcd@group-C2BDBBDF155D: changes role from CANDIDATE to FOLLOWER at term 37 for DISCOVERED_A_NEW_TERM
2019-10-17 20:28:26,218 [c07977b7-c8ef-4f3c-80b1-66a07c6e3dcd@group-C2BDBBDF155D-LeaderElection75] INFO  impl.RoleInfo (RoleInfo.java:shutdownLeaderElection(134)) - c07977b7-c8ef-4f3c-80b1-66a07c6e3dcd: shutdown LeaderElection
2019-10-17 20:28:26,218 [c07977b7-c8ef-4f3c-80b1-66a07c6e3dcd@group-C2BDBBDF155D-LeaderElection75] INFO  impl.RoleInfo (RoleInfo.java:updateAndGet(143)) - c07977b7-c8ef-4f3c-80b1-66a07c6e3dcd: start FollowerState
2019-10-17 20:28:26,277 [Thread-1294] INFO  impl.FollowerState (FollowerState.java:run(108)) - c07977b7-c8ef-4f3c-80b1-66a07c6e3dcd@group-C2BDBBDF155D-FollowerState: change to CANDIDATE, lastRpcTime:59ms, electionTimeout:59ms
2019-10-17 20:28:26,278 [Thread-1294] INFO  impl.RoleInfo (RoleInfo.java:shutdownFollowerState(121)) - c07977b7-c8ef-4f3c-80b1-66a07c6e3dcd: shutdown FollowerState
2019-10-17 20:28:26,278 [Thread-1294] INFO  impl.RaftServerImpl (RaftServerImpl.java:setRole(184)) - c07977b7-c8ef-4f3c-80b1-66a07c6e3dcd@group-C2BDBBDF155D: changes role from  FOLLOWER to CANDIDATE at term 37 for changeToCandidate
2019-10-17 20:28:26,278 [Thread-1294] INFO  impl.RoleInfo (RoleInfo.java:updateAndGet(143)) - c07977b7-c8ef-4f3c-80b1-66a07c6e3dcd: start LeaderElection
2019-10-17 20:28:26,308 [c07977b7-c8ef-4f3c-80b1-66a07c6e3dcd@group-C2BDBBDF155D-LeaderElection76] INFO  impl.LeaderElection (LeaderElection.java:askForVotes(178)) - c07977b7-c8ef-4f3c-80b1-66a07c6e3dcd@group-C2BDBBDF155D-LeaderElection76: begin an election at term 38 for -1: [d81605c5-54b3-45a8-b5ae-2e8d8890cbef:192.168.164.201:42755, 7f29c796-0732-402f-b865-67033766dcba:192.168.164.201:40704, c07977b7-c8ef-4f3c-80b1-66a07c6e3dcd:192.168.164.201:38664], old=null
2019-10-17 20:28:26,311 [grpc-default-executor-2] INFO  impl.RaftServerImpl (RaftServerImpl.java:setRole(184)) - 7f29c796-0732-402f-b865-67033766dcba@group-C2BDBBDF155D: changes role from  FOLLOWER to FOLLOWER at term 38 for recognizeCandidate:c07977b7-c8ef-4f3c-80b1-66a07c6e3dcd
2019-10-17 20:28:26,311 [grpc-default-executor-4] INFO  impl.RaftServerImpl (RaftServerImpl.java:setRole(184)) - d81605c5-54b3-45a8-b5ae-2e8d8890cbef@group-C2BDBBDF155D: changes role from  FOLLOWER to FOLLOWER at term 38 for recognizeCandidate:c07977b7-c8ef-4f3c-80b1-66a07c6e3dcd
2019-10-17 20:28:26,311 [grpc-default-executor-2] INFO  impl.RoleInfo (RoleInfo.java:shutdownFollowerState(121)) - 7f29c796-0732-402f-b865-67033766dcba: shutdown FollowerState
2019-10-17 20:28:26,312 [grpc-default-executor-4] INFO  impl.RoleInfo (RoleInfo.java:shutdownFollowerState(121)) - d81605c5-54b3-45a8-b5ae-2e8d8890cbef: shutdown FollowerState
2019-10-17 20:28:26,312 [Thread-1293] INFO  impl.FollowerState (FollowerState.java:run(117)) - 7f29c796-0732-402f-b865-67033766dcba@group-C2BDBBDF155D-FollowerState was interrupted: java.lang.InterruptedException: sleep interrupted
2019-10-17 20:28:26,312 [grpc-default-executor-2] INFO  impl.RoleInfo (RoleInfo.java:updateAndGet(143)) - 7f29c796-0732-402f-b865-67033766dcba: start FollowerState
2019-10-17 20:28:26,312 [Thread-1292] INFO  impl.FollowerState (FollowerState.java:run(117)) - d81605c5-54b3-45a8-b5ae-2e8d8890cbef@group-C2BDBBDF155D-FollowerState was interrupted: java.lang.InterruptedException: sleep interrupted
2019-10-17 20:28:26,312 [grpc-default-executor-4] INFO  impl.RoleInfo (RoleInfo.java:updateAndGet(143)) - d81605c5-54b3-45a8-b5ae-2e8d8890cbef: start FollowerState
2019-10-17 20:28:26,343 [c07977b7-c8ef-4f3c-80b1-66a07c6e3dcd@group-C2BDBBDF155D-LeaderElection76] INFO  impl.LeaderElection (LeaderElection.java:logAndReturn(56)) - c07977b7-c8ef-4f3c-80b1-66a07c6e3dcd@group-C2BDBBDF155D-LeaderElection76: Election REJECTED; received 2 response(s) [c07977b7-c8ef-4f3c-80b1-66a07c6e3dcd<-d81605c5-54b3-45a8-b5ae-2e8d8890cbef#0:FAIL-t38, c07977b7-c8ef-4f3c-80b1-66a07c6e3dcd<-7f29c796-0732-402f-b865-67033766dcba#0:FAIL-t38] and 0 exception(s); c07977b7-c8ef-4f3c-80b1-66a07c6e3dcd@group-C2BDBBDF155D:t38, leader=null, voted=c07977b7-c8ef-4f3c-80b1-66a07c6e3dcd, raftlog=c07977b7-c8ef-4f3c-80b1-66a07c6e3dcd@group-C2BDBBDF155D-SegmentedRaftLog:OPENED:c-1,f-1,i0, conf=-1: [d81605c5-54b3-45a8-b5ae-2e8d8890cbef:192.168.164.201:42755, 7f29c796-0732-402f-b865-67033766dcba:192.168.164.201:40704, c07977b7-c8ef-4f3c-80b1-66a07c6e3dcd:192.168.164.201:38664], old=null
2019-10-17 20:28:26,343 [c07977b7-c8ef-4f3c-80b1-66a07c6e3dcd@group-C2BDBBDF155D-LeaderElection76] INFO  impl.RaftServerImpl (RaftServerImpl.java:setRole(184)) - c07977b7-c8ef-4f3c-80b1-66a07c6e3dcd@group-C2BDBBDF155D: changes role from CANDIDATE to FOLLOWER at term 38 for DISCOVERED_A_NEW_TERM
2019-10-17 20:28:26,343 [c07977b7-c8ef-4f3c-80b1-66a07c6e3dcd@group-C2BDBBDF155D-LeaderElection76] INFO  impl.RoleInfo (RoleInfo.java:shutdownLeaderElection(134)) - c07977b7-c8ef-4f3c-80b1-66a07c6e3dcd: shutdown LeaderElection
2019-10-17 20:28:26,343 [c07977b7-c8ef-4f3c-80b1-66a07c6e3dcd@group-C2BDBBDF155D-LeaderElection76] INFO  impl.RoleInfo (RoleInfo.java:updateAndGet(143)) - c07977b7-c8ef-4f3c-80b1-66a07c6e3dcd: start FollowerState
2019-10-17 20:28:26,418 [Thread-1300] INFO  impl.FollowerState (FollowerState.java:run(108)) - c07977b7-c8ef-4f3c-80b1-66a07c6e3dcd@group-C2BDBBDF155D-FollowerState: change to CANDIDATE, lastRpcTime:74ms, electionTimeout:74ms
2019-10-17 20:28:26,418 [Thread-1300] INFO  impl.RoleInfo (RoleInfo.java:shutdownFollowerState(121)) - c07977b7-c8ef-4f3c-80b1-66a07c6e3dcd: shutdown FollowerState
2019-10-17 20:28:26,418 [Thread-1300] INFO  impl.RaftServerImpl (RaftServerImpl.java:setRole(184)) - c07977b7-c8ef-4f3c-80b1-66a07c6e3dcd@group-C2BDBBDF155D: changes role from  FOLLOWER to CANDIDATE at term 38 for changeToCandidate
2019-10-17 20:28:26,418 [Thread-1300] INFO  impl.RoleInfo (RoleInfo.java:updateAndGet(143)) - c07977b7-c8ef-4f3c-80b1-66a07c6e3dcd: start LeaderElection
2019-10-17 20:28:26,442 [c07977b7-c8ef-4f3c-80b1-66a07c6e3dcd@group-C2BDBBDF155D-LeaderElection77] INFO  impl.LeaderElection (LeaderElection.java:askForVotes(178)) - c07977b7-c8ef-4f3c-80b1-66a07c6e3dcd@group-C2BDBBDF155D-LeaderElection77: begin an election at term 39 for -1: [d81605c5-54b3-45a8-b5ae-2e8d8890cbef:192.168.164.201:42755, 7f29c796-0732-402f-b865-67033766dcba:192.168.164.201:40704, c07977b7-c8ef-4f3c-80b1-66a07c6e3dcd:192.168.164.201:38664], old=null
2019-10-17 20:28:26,445 [grpc-default-executor-2] INFO  impl.RaftServerImpl (RaftServerImpl.java:setRole(184)) - d81605c5-54b3-45a8-b5ae-2e8d8890cbef@group-C2BDBBDF155D: changes role from  FOLLOWER to FOLLOWER at term 39 for recognizeCandidate:c07977b7-c8ef-4f3c-80b1-66a07c6e3dcd
2019-10-17 20:28:26,445 [grpc-default-executor-2] INFO  impl.RoleInfo (RoleInfo.java:shutdownFollowerState(121)) - d81605c5-54b3-45a8-b5ae-2e8d8890cbef: shutdown FollowerState
2019-10-17 20:28:26,446 [grpc-default-executor-4] INFO  impl.RaftServerImpl (RaftServerImpl.java:setRole(184)) - 7f29c796-0732-402f-b865-67033766dcba@group-C2BDBBDF155D: changes role from  FOLLOWER to FOLLOWER at term 39 for recognizeCandidate:c07977b7-c8ef-4f3c-80b1-66a07c6e3dcd
2019-10-17 20:28:26,446 [Thread-1299] INFO  impl.FollowerState (FollowerState.java:run(117)) - d81605c5-54b3-45a8-b5ae-2e8d8890cbef@group-C2BDBBDF155D-FollowerState was interrupted: java.lang.InterruptedException: sleep interrupted
2019-10-17 20:28:26,446 [grpc-default-executor-2] INFO  impl.RoleInfo (RoleInfo.java:updateAndGet(143)) - d81605c5-54b3-45a8-b5ae-2e8d8890cbef: start FollowerState
2019-10-17 20:28:26,446 [grpc-default-executor-4] INFO  impl.RoleInfo (RoleInfo.java:shutdownFollowerState(121)) - 7f29c796-0732-402f-b865-67033766dcba: shutdown FollowerState
2019-10-17 20:28:26,446 [grpc-default-executor-4] INFO  impl.RoleInfo (RoleInfo.java:updateAndGet(143)) - 7f29c796-0732-402f-b865-67033766dcba: start FollowerState
2019-10-17 20:28:26,446 [Thread-1298] INFO  impl.FollowerState (FollowerState.java:run(117)) - 7f29c796-0732-402f-b865-67033766dcba@group-C2BDBBDF155D-FollowerState was interrupted: java.lang.InterruptedException: sleep interrupted
2019-10-17 20:28:26,469 [c07977b7-c8ef-4f3c-80b1-66a07c6e3dcd@group-C2BDBBDF155D-LeaderElection77] INFO  impl.LeaderElection (LeaderElection.java:logAndReturn(56)) - c07977b7-c8ef-4f3c-80b1-66a07c6e3dcd@group-C2BDBBDF155D-LeaderElection77: Election REJECTED; received 2 response(s) [c07977b7-c8ef-4f3c-80b1-66a07c6e3dcd<-d81605c5-54b3-45a8-b5ae-2e8d8890cbef#0:FAIL-t39, c07977b7-c8ef-4f3c-80b1-66a07c6e3dcd<-7f29c796-0732-402f-b865-67033766dcba#0:FAIL-t39] and 0 exception(s); c07977b7-c8ef-4f3c-80b1-66a07c6e3dcd@group-C2BDBBDF155D:t39, leader=null, voted=c07977b7-c8ef-4f3c-80b1-66a07c6e3dcd, raftlog=c07977b7-c8ef-4f3c-80b1-66a07c6e3dcd@group-C2BDBBDF155D-SegmentedRaftLog:OPENED:c-1,f-1,i0, conf=-1: [d81605c5-54b3-45a8-b5ae-2e8d8890cbef:192.168.164.201:42755, 7f29c796-0732-402f-b865-67033766dcba:192.168.164.201:40704, c07977b7-c8ef-4f3c-80b1-66a07c6e3dcd:192.168.164.201:38664], old=null
2019-10-17 20:28:26,469 [c07977b7-c8ef-4f3c-80b1-66a07c6e3dcd@group-C2BDBBDF155D-LeaderElection77] INFO  impl.RaftServerImpl (RaftServerImpl.java:setRole(184)) - c07977b7-c8ef-4f3c-80b1-66a07c6e3dcd@group-C2BDBBDF155D: changes role from CANDIDATE to FOLLOWER at term 39 for DISCOVERED_A_NEW_TERM
2019-10-17 20:28:26,469 [c07977b7-c8ef-4f3c-80b1-66a07c6e3dcd@group-C2BDBBDF155D-LeaderElection77] INFO  impl.RoleInfo (RoleInfo.java:shutdownLeaderElection(134)) - c07977b7-c8ef-4f3c-80b1-66a07c6e3dcd: shutdown LeaderElection
2019-10-17 20:28:26,470 [c07977b7-c8ef-4f3c-80b1-66a07c6e3dcd@group-C2BDBBDF155D-LeaderElection77] INFO  impl.RoleInfo (RoleInfo.java:updateAndGet(143)) - c07977b7-c8ef-4f3c-80b1-66a07c6e3dcd: start FollowerState
2019-10-17 20:28:26,532 [Thread-754] INFO  ozone.MiniOzoneClusterImpl (MiniOzoneClusterImpl.java:lambda$waitForClusterToBeReady$2(164)) - Waiting for 1 number of pipelines out of 4, to report a leader.
2019-10-17 20:28:26,604 [Thread-1306] INFO  impl.FollowerState (FollowerState.java:run(108)) - c07977b7-c8ef-4f3c-80b1-66a07c6e3dcd@group-C2BDBBDF155D-FollowerState: change to CANDIDATE, lastRpcTime:134ms, electionTimeout:134ms
2019-10-17 20:28:26,604 [Thread-1306] INFO  impl.RoleInfo (RoleInfo.java:shutdownFollowerState(121)) - c07977b7-c8ef-4f3c-80b1-66a07c6e3dcd: shutdown FollowerState
2019-10-17 20:28:26,604 [Thread-1306] INFO  impl.RaftServerImpl (RaftServerImpl.java:setRole(184)) - c07977b7-c8ef-4f3c-80b1-66a07c6e3dcd@group-C2BDBBDF155D: changes role from  FOLLOWER to CANDIDATE at term 39 for changeToCandidate
2019-10-17 20:28:26,605 [Thread-1306] INFO  impl.RoleInfo (RoleInfo.java:updateAndGet(143)) - c07977b7-c8ef-4f3c-80b1-66a07c6e3dcd: start LeaderElection
2019-10-17 20:28:26,634 [c07977b7-c8ef-4f3c-80b1-66a07c6e3dcd@group-C2BDBBDF155D-LeaderElection78] INFO  impl.LeaderElection (LeaderElection.java:askForVotes(178)) - c07977b7-c8ef-4f3c-80b1-66a07c6e3dcd@group-C2BDBBDF155D-LeaderElection78: begin an election at term 40 for -1: [d81605c5-54b3-45a8-b5ae-2e8d8890cbef:192.168.164.201:42755, 7f29c796-0732-402f-b865-67033766dcba:192.168.164.201:40704, c07977b7-c8ef-4f3c-80b1-66a07c6e3dcd:192.168.164.201:38664], old=null
2019-10-17 20:28:26,637 [grpc-default-executor-4] INFO  impl.RaftServerImpl (RaftServerImpl.java:setRole(184)) - 7f29c796-0732-402f-b865-67033766dcba@group-C2BDBBDF155D: changes role from  FOLLOWER to FOLLOWER at term 40 for recognizeCandidate:c07977b7-c8ef-4f3c-80b1-66a07c6e3dcd
2019-10-17 20:28:26,637 [grpc-default-executor-2] INFO  impl.RaftServerImpl (RaftServerImpl.java:setRole(184)) - d81605c5-54b3-45a8-b5ae-2e8d8890cbef@group-C2BDBBDF155D: changes role from  FOLLOWER to FOLLOWER at term 40 for recognizeCandidate:c07977b7-c8ef-4f3c-80b1-66a07c6e3dcd
2019-10-17 20:28:26,637 [grpc-default-executor-4] INFO  impl.RoleInfo (RoleInfo.java:shutdownFollowerState(121)) - 7f29c796-0732-402f-b865-67033766dcba: shutdown FollowerState
2019-10-17 20:28:26,638 [grpc-default-executor-2] INFO  impl.RoleInfo (RoleInfo.java:shutdownFollowerState(121)) - d81605c5-54b3-45a8-b5ae-2e8d8890cbef: shutdown FollowerState
2019-10-17 20:28:26,638 [Thread-1305] INFO  impl.FollowerState (FollowerState.java:run(117)) - 7f29c796-0732-402f-b865-67033766dcba@group-C2BDBBDF155D-FollowerState was interrupted: java.lang.InterruptedException: sleep interrupted
2019-10-17 20:28:26,638 [grpc-default-executor-4] INFO  impl.RoleInfo (RoleInfo.java:updateAndGet(143)) - 7f29c796-0732-402f-b865-67033766dcba: start FollowerState
2019-10-17 20:28:26,638 [Thread-1304] INFO  impl.FollowerState (FollowerState.java:run(117)) - d81605c5-54b3-45a8-b5ae-2e8d8890cbef@group-C2BDBBDF155D-FollowerState was interrupted: java.lang.InterruptedException: sleep interrupted
2019-10-17 20:28:26,638 [grpc-default-executor-2] INFO  impl.RoleInfo (RoleInfo.java:updateAndGet(143)) - d81605c5-54b3-45a8-b5ae-2e8d8890cbef: start FollowerState
2019-10-17 20:28:26,661 [c07977b7-c8ef-4f3c-80b1-66a07c6e3dcd@group-C2BDBBDF155D-LeaderElection78] INFO  impl.LeaderElection (LeaderElection.java:logAndReturn(56)) - c07977b7-c8ef-4f3c-80b1-66a07c6e3dcd@group-C2BDBBDF155D-LeaderElection78: Election REJECTED; received 2 response(s) [c07977b7-c8ef-4f3c-80b1-66a07c6e3dcd<-d81605c5-54b3-45a8-b5ae-2e8d8890cbef#0:FAIL-t40, c07977b7-c8ef-4f3c-80b1-66a07c6e3dcd<-7f29c796-0732-402f-b865-67033766dcba#0:FAIL-t40] and 0 exception(s); c07977b7-c8ef-4f3c-80b1-66a07c6e3dcd@group-C2BDBBDF155D:t40, leader=null, voted=c07977b7-c8ef-4f3c-80b1-66a07c6e3dcd, raftlog=c07977b7-c8ef-4f3c-80b1-66a07c6e3dcd@group-C2BDBBDF155D-SegmentedRaftLog:OPENED:c-1,f-1,i0, conf=-1: [d81605c5-54b3-45a8-b5ae-2e8d8890cbef:192.168.164.201:42755, 7f29c796-0732-402f-b865-67033766dcba:192.168.164.201:40704, c07977b7-c8ef-4f3c-80b1-66a07c6e3dcd:192.168.164.201:38664], old=null
2019-10-17 20:28:26,661 [c07977b7-c8ef-4f3c-80b1-66a07c6e3dcd@group-C2BDBBDF155D-LeaderElection78] INFO  impl.RaftServerImpl (RaftServerImpl.java:setRole(184)) - c07977b7-c8ef-4f3c-80b1-66a07c6e3dcd@group-C2BDBBDF155D: changes role from CANDIDATE to FOLLOWER at term 40 for DISCOVERED_A_NEW_TERM
2019-10-17 20:28:26,661 [c07977b7-c8ef-4f3c-80b1-66a07c6e3dcd@group-C2BDBBDF155D-LeaderElection78] INFO  impl.RoleInfo (RoleInfo.java:shutdownLeaderElection(134)) - c07977b7-c8ef-4f3c-80b1-66a07c6e3dcd: shutdown LeaderElection
2019-10-17 20:28:26,662 [c07977b7-c8ef-4f3c-80b1-66a07c6e3dcd@group-C2BDBBDF155D-LeaderElection78] INFO  impl.RoleInfo (RoleInfo.java:updateAndGet(143)) - c07977b7-c8ef-4f3c-80b1-66a07c6e3dcd: start FollowerState
2019-10-17 20:28:26,769 [Thread-1312] INFO  impl.FollowerState (FollowerState.java:run(108)) - c07977b7-c8ef-4f3c-80b1-66a07c6e3dcd@group-C2BDBBDF155D-FollowerState: change to CANDIDATE, lastRpcTime:107ms, electionTimeout:107ms
2019-10-17 20:28:26,769 [Thread-1312] INFO  impl.RoleInfo (RoleInfo.java:shutdownFollowerState(121)) - c07977b7-c8ef-4f3c-80b1-66a07c6e3dcd: shutdown FollowerState
2019-10-17 20:28:26,770 [Thread-1312] INFO  impl.RaftServerImpl (RaftServerImpl.java:setRole(184)) - c07977b7-c8ef-4f3c-80b1-66a07c6e3dcd@group-C2BDBBDF155D: changes role from  FOLLOWER to CANDIDATE at term 40 for changeToCandidate
2019-10-17 20:28:26,770 [Thread-1312] INFO  impl.RoleInfo (RoleInfo.java:updateAndGet(143)) - c07977b7-c8ef-4f3c-80b1-66a07c6e3dcd: start LeaderElection
2019-10-17 20:28:26,793 [c07977b7-c8ef-4f3c-80b1-66a07c6e3dcd@group-C2BDBBDF155D-LeaderElection79] INFO  impl.LeaderElection (LeaderElection.java:askForVotes(178)) - c07977b7-c8ef-4f3c-80b1-66a07c6e3dcd@group-C2BDBBDF155D-LeaderElection79: begin an election at term 41 for -1: [d81605c5-54b3-45a8-b5ae-2e8d8890cbef:192.168.164.201:42755, 7f29c796-0732-402f-b865-67033766dcba:192.168.164.201:40704, c07977b7-c8ef-4f3c-80b1-66a07c6e3dcd:192.168.164.201:38664], old=null
2019-10-17 20:28:26,797 [grpc-default-executor-2] INFO  impl.RaftServerImpl (RaftServerImpl.java:setRole(184)) - 7f29c796-0732-402f-b865-67033766dcba@group-C2BDBBDF155D: changes role from  FOLLOWER to FOLLOWER at term 41 for recognizeCandidate:c07977b7-c8ef-4f3c-80b1-66a07c6e3dcd
2019-10-17 20:28:26,797 [grpc-default-executor-4] INFO  impl.RaftServerImpl (RaftServerImpl.java:setRole(184)) - d81605c5-54b3-45a8-b5ae-2e8d8890cbef@group-C2BDBBDF155D: changes role from  FOLLOWER to FOLLOWER at term 41 for recognizeCandidate:c07977b7-c8ef-4f3c-80b1-66a07c6e3dcd
2019-10-17 20:28:26,797 [grpc-default-executor-2] INFO  impl.RoleInfo (RoleInfo.java:shutdownFollowerState(121)) - 7f29c796-0732-402f-b865-67033766dcba: shutdown FollowerState
2019-10-17 20:28:26,797 [grpc-default-executor-4] INFO  impl.RoleInfo (RoleInfo.java:shutdownFollowerState(121)) - d81605c5-54b3-45a8-b5ae-2e8d8890cbef: shutdown FollowerState
2019-10-17 20:28:26,798 [Thread-1310] INFO  impl.FollowerState (FollowerState.java:run(117)) - 7f29c796-0732-402f-b865-67033766dcba@group-C2BDBBDF155D-FollowerState was interrupted: java.lang.InterruptedException: sleep interrupted
2019-10-17 20:28:26,798 [grpc-default-executor-2] INFO  impl.RoleInfo (RoleInfo.java:updateAndGet(143)) - 7f29c796-0732-402f-b865-67033766dcba: start FollowerState
2019-10-17 20:28:26,798 [Thread-1311] INFO  impl.FollowerState (FollowerState.java:run(117)) - d81605c5-54b3-45a8-b5ae-2e8d8890cbef@group-C2BDBBDF155D-FollowerState was interrupted: java.lang.InterruptedException: sleep interrupted
2019-10-17 20:28:26,798 [grpc-default-executor-4] INFO  impl.RoleInfo (RoleInfo.java:updateAndGet(143)) - d81605c5-54b3-45a8-b5ae-2e8d8890cbef: start FollowerState
2019-10-17 20:28:26,829 [c07977b7-c8ef-4f3c-80b1-66a07c6e3dcd@group-C2BDBBDF155D-LeaderElection79] INFO  impl.LeaderElection (LeaderElection.java:logAndReturn(56)) - c07977b7-c8ef-4f3c-80b1-66a07c6e3dcd@group-C2BDBBDF155D-LeaderElection79: Election REJECTED; received 2 response(s) [c07977b7-c8ef-4f3c-80b1-66a07c6e3dcd<-d81605c5-54b3-45a8-b5ae-2e8d8890cbef#0:FAIL-t41, c07977b7-c8ef-4f3c-80b1-66a07c6e3dcd<-7f29c796-0732-402f-b865-67033766dcba#0:FAIL-t41] and 0 exception(s); c07977b7-c8ef-4f3c-80b1-66a07c6e3dcd@group-C2BDBBDF155D:t41, leader=null, voted=c07977b7-c8ef-4f3c-80b1-66a07c6e3dcd, raftlog=c07977b7-c8ef-4f3c-80b1-66a07c6e3dcd@group-C2BDBBDF155D-SegmentedRaftLog:OPENED:c-1,f-1,i0, conf=-1: [d81605c5-54b3-45a8-b5ae-2e8d8890cbef:192.168.164.201:42755, 7f29c796-0732-402f-b865-67033766dcba:192.168.164.201:40704, c07977b7-c8ef-4f3c-80b1-66a07c6e3dcd:192.168.164.201:38664], old=null
2019-10-17 20:28:26,829 [c07977b7-c8ef-4f3c-80b1-66a07c6e3dcd@group-C2BDBBDF155D-LeaderElection79] INFO  impl.RaftServerImpl (RaftServerImpl.java:setRole(184)) - c07977b7-c8ef-4f3c-80b1-66a07c6e3dcd@group-C2BDBBDF155D: changes role from CANDIDATE to FOLLOWER at term 41 for DISCOVERED_A_NEW_TERM
2019-10-17 20:28:26,829 [c07977b7-c8ef-4f3c-80b1-66a07c6e3dcd@group-C2BDBBDF155D-LeaderElection79] INFO  impl.RoleInfo (RoleInfo.java:shutdownLeaderElection(134)) - c07977b7-c8ef-4f3c-80b1-66a07c6e3dcd: shutdown LeaderElection
2019-10-17 20:28:26,829 [c07977b7-c8ef-4f3c-80b1-66a07c6e3dcd@group-C2BDBBDF155D-LeaderElection79] INFO  impl.RoleInfo (RoleInfo.java:updateAndGet(143)) - c07977b7-c8ef-4f3c-80b1-66a07c6e3dcd: start FollowerState
2019-10-17 20:28:26,843 [Thread-1318] INFO  impl.FollowerState (FollowerState.java:run(108)) - c07977b7-c8ef-4f3c-80b1-66a07c6e3dcd@group-C2BDBBDF155D-FollowerState: change to CANDIDATE, lastRpcTime:13ms, electionTimeout:13ms
2019-10-17 20:28:26,843 [Thread-1318] INFO  impl.RoleInfo (RoleInfo.java:shutdownFollowerState(121)) - c07977b7-c8ef-4f3c-80b1-66a07c6e3dcd: shutdown FollowerState
2019-10-17 20:28:26,843 [Thread-1318] INFO  impl.RaftServerImpl (RaftServerImpl.java:setRole(184)) - c07977b7-c8ef-4f3c-80b1-66a07c6e3dcd@group-C2BDBBDF155D: changes role from  FOLLOWER to CANDIDATE at term 41 for changeToCandidate
2019-10-17 20:28:26,843 [Thread-1318] INFO  impl.RoleInfo (RoleInfo.java:updateAndGet(143)) - c07977b7-c8ef-4f3c-80b1-66a07c6e3dcd: start LeaderElection
2019-10-17 20:28:26,869 [c07977b7-c8ef-4f3c-80b1-66a07c6e3dcd@group-C2BDBBDF155D-LeaderElection80] INFO  impl.LeaderElection (LeaderElection.java:askForVotes(178)) - c07977b7-c8ef-4f3c-80b1-66a07c6e3dcd@group-C2BDBBDF155D-LeaderElection80: begin an election at term 42 for -1: [d81605c5-54b3-45a8-b5ae-2e8d8890cbef:192.168.164.201:42755, 7f29c796-0732-402f-b865-67033766dcba:192.168.164.201:40704, c07977b7-c8ef-4f3c-80b1-66a07c6e3dcd:192.168.164.201:38664], old=null
2019-10-17 20:28:26,872 [grpc-default-executor-4] INFO  impl.RaftServerImpl (RaftServerImpl.java:setRole(184)) - 7f29c796-0732-402f-b865-67033766dcba@group-C2BDBBDF155D: changes role from  FOLLOWER to FOLLOWER at term 42 for recognizeCandidate:c07977b7-c8ef-4f3c-80b1-66a07c6e3dcd
2019-10-17 20:28:26,872 [grpc-default-executor-2] INFO  impl.RaftServerImpl (RaftServerImpl.java:setRole(184)) - d81605c5-54b3-45a8-b5ae-2e8d8890cbef@group-C2BDBBDF155D: changes role from  FOLLOWER to FOLLOWER at term 42 for recognizeCandidate:c07977b7-c8ef-4f3c-80b1-66a07c6e3dcd
2019-10-17 20:28:26,872 [grpc-default-executor-4] INFO  impl.RoleInfo (RoleInfo.java:shutdownFollowerState(121)) - 7f29c796-0732-402f-b865-67033766dcba: shutdown FollowerState
2019-10-17 20:28:26,872 [grpc-default-executor-2] INFO  impl.RoleInfo (RoleInfo.java:shutdownFollowerState(121)) - d81605c5-54b3-45a8-b5ae-2e8d8890cbef: shutdown FollowerState
2019-10-17 20:28:26,872 [Thread-1316] INFO  impl.FollowerState (FollowerState.java:run(117)) - 7f29c796-0732-402f-b865-67033766dcba@group-C2BDBBDF155D-FollowerState was interrupted: java.lang.InterruptedException: sleep interrupted
2019-10-17 20:28:26,872 [grpc-default-executor-4] INFO  impl.RoleInfo (RoleInfo.java:updateAndGet(143)) - 7f29c796-0732-402f-b865-67033766dcba: start FollowerState
2019-10-17 20:28:26,873 [Thread-1317] INFO  impl.FollowerState (FollowerState.java:run(117)) - d81605c5-54b3-45a8-b5ae-2e8d8890cbef@group-C2BDBBDF155D-FollowerState was interrupted: java.lang.InterruptedException: sleep interrupted
2019-10-17 20:28:26,872 [grpc-default-executor-2] INFO  impl.RoleInfo (RoleInfo.java:updateAndGet(143)) - d81605c5-54b3-45a8-b5ae-2e8d8890cbef: start FollowerState
2019-10-17 20:28:26,896 [c07977b7-c8ef-4f3c-80b1-66a07c6e3dcd@group-C2BDBBDF155D-LeaderElection80] INFO  impl.LeaderElection (LeaderElection.java:logAndReturn(56)) - c07977b7-c8ef-4f3c-80b1-66a07c6e3dcd@group-C2BDBBDF155D-LeaderElection80: Election REJECTED; received 2 response(s) [c07977b7-c8ef-4f3c-80b1-66a07c6e3dcd<-d81605c5-54b3-45a8-b5ae-2e8d8890cbef#0:FAIL-t42, c07977b7-c8ef-4f3c-80b1-66a07c6e3dcd<-7f29c796-0732-402f-b865-67033766dcba#0:FAIL-t42] and 0 exception(s); c07977b7-c8ef-4f3c-80b1-66a07c6e3dcd@group-C2BDBBDF155D:t42, leader=null, voted=c07977b7-c8ef-4f3c-80b1-66a07c6e3dcd, raftlog=c07977b7-c8ef-4f3c-80b1-66a07c6e3dcd@group-C2BDBBDF155D-SegmentedRaftLog:OPENED:c-1,f-1,i0, conf=-1: [d81605c5-54b3-45a8-b5ae-2e8d8890cbef:192.168.164.201:42755, 7f29c796-0732-402f-b865-67033766dcba:192.168.164.201:40704, c07977b7-c8ef-4f3c-80b1-66a07c6e3dcd:192.168.164.201:38664], old=null
2019-10-17 20:28:26,896 [c07977b7-c8ef-4f3c-80b1-66a07c6e3dcd@group-C2BDBBDF155D-LeaderElection80] INFO  impl.RaftServerImpl (RaftServerImpl.java:setRole(184)) - c07977b7-c8ef-4f3c-80b1-66a07c6e3dcd@group-C2BDBBDF155D: changes role from CANDIDATE to FOLLOWER at term 42 for DISCOVERED_A_NEW_TERM
2019-10-17 20:28:26,896 [c07977b7-c8ef-4f3c-80b1-66a07c6e3dcd@group-C2BDBBDF155D-LeaderElection80] INFO  impl.RoleInfo (RoleInfo.java:shutdownLeaderElection(134)) - c07977b7-c8ef-4f3c-80b1-66a07c6e3dcd: shutdown LeaderElection
2019-10-17 20:28:26,897 [c07977b7-c8ef-4f3c-80b1-66a07c6e3dcd@group-C2BDBBDF155D-LeaderElection80] INFO  impl.RoleInfo (RoleInfo.java:updateAndGet(143)) - c07977b7-c8ef-4f3c-80b1-66a07c6e3dcd: start FollowerState
2019-10-17 20:28:27,016 [Thread-1324] INFO  impl.FollowerState (FollowerState.java:run(108)) - c07977b7-c8ef-4f3c-80b1-66a07c6e3dcd@group-C2BDBBDF155D-FollowerState: change to CANDIDATE, lastRpcTime:119ms, electionTimeout:119ms
2019-10-17 20:28:27,016 [Thread-1324] INFO  impl.RoleInfo (RoleInfo.java:shutdownFollowerState(121)) - c07977b7-c8ef-4f3c-80b1-66a07c6e3dcd: shutdown FollowerState
2019-10-17 20:28:27,016 [Thread-1324] INFO  impl.RaftServerImpl (RaftServerImpl.java:setRole(184)) - c07977b7-c8ef-4f3c-80b1-66a07c6e3dcd@group-C2BDBBDF155D: changes role from  FOLLOWER to CANDIDATE at term 42 for changeToCandidate
2019-10-17 20:28:27,017 [Thread-1324] INFO  impl.RoleInfo (RoleInfo.java:updateAndGet(143)) - c07977b7-c8ef-4f3c-80b1-66a07c6e3dcd: start LeaderElection
2019-10-17 20:28:27,046 [c07977b7-c8ef-4f3c-80b1-66a07c6e3dcd@group-C2BDBBDF155D-LeaderElection81] INFO  impl.LeaderElection (LeaderElection.java:askForVotes(178)) - c07977b7-c8ef-4f3c-80b1-66a07c6e3dcd@group-C2BDBBDF155D-LeaderElection81: begin an election at term 43 for -1: [d81605c5-54b3-45a8-b5ae-2e8d8890cbef:192.168.164.201:42755, 7f29c796-0732-402f-b865-67033766dcba:192.168.164.201:40704, c07977b7-c8ef-4f3c-80b1-66a07c6e3dcd:192.168.164.201:38664], old=null
2019-10-17 20:28:27,049 [grpc-default-executor-2] INFO  impl.RaftServerImpl (RaftServerImpl.java:setRole(184)) - d81605c5-54b3-45a8-b5ae-2e8d8890cbef@group-C2BDBBDF155D: changes role from  FOLLOWER to FOLLOWER at term 43 for recognizeCandidate:c07977b7-c8ef-4f3c-80b1-66a07c6e3dcd
2019-10-17 20:28:27,049 [grpc-default-executor-2] INFO  impl.RoleInfo (RoleInfo.java:shutdownFollowerState(121)) - d81605c5-54b3-45a8-b5ae-2e8d8890cbef: shutdown FollowerState
2019-10-17 20:28:27,049 [grpc-default-executor-2] INFO  impl.RoleInfo (RoleInfo.java:updateAndGet(143)) - d81605c5-54b3-45a8-b5ae-2e8d8890cbef: start FollowerState
2019-10-17 20:28:27,049 [grpc-default-executor-4] INFO  impl.RaftServerImpl (RaftServerImpl.java:setRole(184)) - 7f29c796-0732-402f-b865-67033766dcba@group-C2BDBBDF155D: changes role from  FOLLOWER to FOLLOWER at term 43 for recognizeCandidate:c07977b7-c8ef-4f3c-80b1-66a07c6e3dcd
2019-10-17 20:28:27,049 [grpc-default-executor-4] INFO  impl.RoleInfo (RoleInfo.java:shutdownFollowerState(121)) - 7f29c796-0732-402f-b865-67033766dcba: shutdown FollowerState
2019-10-17 20:28:27,049 [Thread-1323] INFO  impl.FollowerState (FollowerState.java:run(117)) - d81605c5-54b3-45a8-b5ae-2e8d8890cbef@group-C2BDBBDF155D-FollowerState was interrupted: java.lang.InterruptedException: sleep interrupted
2019-10-17 20:28:27,050 [Thread-1322] INFO  impl.FollowerState (FollowerState.java:run(117)) - 7f29c796-0732-402f-b865-67033766dcba@group-C2BDBBDF155D-FollowerState was interrupted: java.lang.InterruptedException: sleep interrupted
2019-10-17 20:28:27,050 [grpc-default-executor-4] INFO  impl.RoleInfo (RoleInfo.java:updateAndGet(143)) - 7f29c796-0732-402f-b865-67033766dcba: start FollowerState
2019-10-17 20:28:27,073 [c07977b7-c8ef-4f3c-80b1-66a07c6e3dcd@group-C2BDBBDF155D-LeaderElection81] INFO  impl.LeaderElection (LeaderElection.java:logAndReturn(56)) - c07977b7-c8ef-4f3c-80b1-66a07c6e3dcd@group-C2BDBBDF155D-LeaderElection81: Election REJECTED; received 2 response(s) [c07977b7-c8ef-4f3c-80b1-66a07c6e3dcd<-d81605c5-54b3-45a8-b5ae-2e8d8890cbef#0:FAIL-t43, c07977b7-c8ef-4f3c-80b1-66a07c6e3dcd<-7f29c796-0732-402f-b865-67033766dcba#0:FAIL-t43] and 0 exception(s); c07977b7-c8ef-4f3c-80b1-66a07c6e3dcd@group-C2BDBBDF155D:t43, leader=null, voted=c07977b7-c8ef-4f3c-80b1-66a07c6e3dcd, raftlog=c07977b7-c8ef-4f3c-80b1-66a07c6e3dcd@group-C2BDBBDF155D-SegmentedRaftLog:OPENED:c-1,f-1,i0, conf=-1: [d81605c5-54b3-45a8-b5ae-2e8d8890cbef:192.168.164.201:42755, 7f29c796-0732-402f-b865-67033766dcba:192.168.164.201:40704, c07977b7-c8ef-4f3c-80b1-66a07c6e3dcd:192.168.164.201:38664], old=null
2019-10-17 20:28:27,073 [c07977b7-c8ef-4f3c-80b1-66a07c6e3dcd@group-C2BDBBDF155D-LeaderElection81] INFO  impl.RaftServerImpl (RaftServerImpl.java:setRole(184)) - c07977b7-c8ef-4f3c-80b1-66a07c6e3dcd@group-C2BDBBDF155D: changes role from CANDIDATE to FOLLOWER at term 43 for DISCOVERED_A_NEW_TERM
2019-10-17 20:28:27,073 [c07977b7-c8ef-4f3c-80b1-66a07c6e3dcd@group-C2BDBBDF155D-LeaderElection81] INFO  impl.RoleInfo (RoleInfo.java:shutdownLeaderElection(134)) - c07977b7-c8ef-4f3c-80b1-66a07c6e3dcd: shutdown LeaderElection
2019-10-17 20:28:27,073 [c07977b7-c8ef-4f3c-80b1-66a07c6e3dcd@group-C2BDBBDF155D-LeaderElection81] INFO  impl.RoleInfo (RoleInfo.java:updateAndGet(143)) - c07977b7-c8ef-4f3c-80b1-66a07c6e3dcd: start FollowerState
2019-10-17 20:28:27,113 [Thread-1330] INFO  impl.FollowerState (FollowerState.java:run(108)) - c07977b7-c8ef-4f3c-80b1-66a07c6e3dcd@group-C2BDBBDF155D-FollowerState: change to CANDIDATE, lastRpcTime:39ms, electionTimeout:39ms
2019-10-17 20:28:27,113 [Thread-1330] INFO  impl.RoleInfo (RoleInfo.java:shutdownFollowerState(121)) - c07977b7-c8ef-4f3c-80b1-66a07c6e3dcd: shutdown FollowerState
2019-10-17 20:28:27,113 [Thread-1330] INFO  impl.RaftServerImpl (RaftServerImpl.java:setRole(184)) - c07977b7-c8ef-4f3c-80b1-66a07c6e3dcd@group-C2BDBBDF155D: changes role from  FOLLOWER to CANDIDATE at term 43 for changeToCandidate
2019-10-17 20:28:27,113 [Thread-1330] INFO  impl.RoleInfo (RoleInfo.java:updateAndGet(143)) - c07977b7-c8ef-4f3c-80b1-66a07c6e3dcd: start LeaderElection
2019-10-17 20:28:27,138 [c07977b7-c8ef-4f3c-80b1-66a07c6e3dcd@group-C2BDBBDF155D-LeaderElection82] INFO  impl.LeaderElection (LeaderElection.java:askForVotes(178)) - c07977b7-c8ef-4f3c-80b1-66a07c6e3dcd@group-C2BDBBDF155D-LeaderElection82: begin an election at term 44 for -1: [d81605c5-54b3-45a8-b5ae-2e8d8890cbef:192.168.164.201:42755, 7f29c796-0732-402f-b865-67033766dcba:192.168.164.201:40704, c07977b7-c8ef-4f3c-80b1-66a07c6e3dcd:192.168.164.201:38664], old=null
2019-10-17 20:28:27,141 [grpc-default-executor-4] INFO  impl.RaftServerImpl (RaftServerImpl.java:setRole(184)) - 7f29c796-0732-402f-b865-67033766dcba@group-C2BDBBDF155D: changes role from  FOLLOWER to FOLLOWER at term 44 for recognizeCandidate:c07977b7-c8ef-4f3c-80b1-66a07c6e3dcd
2019-10-17 20:28:27,141 [grpc-default-executor-2] INFO  impl.RaftServerImpl (RaftServerImpl.java:setRole(184)) - d81605c5-54b3-45a8-b5ae-2e8d8890cbef@group-C2BDBBDF155D: changes role from  FOLLOWER to FOLLOWER at term 44 for recognizeCandidate:c07977b7-c8ef-4f3c-80b1-66a07c6e3dcd
2019-10-17 20:28:27,141 [grpc-default-executor-4] INFO  impl.RoleInfo (RoleInfo.java:shutdownFollowerState(121)) - 7f29c796-0732-402f-b865-67033766dcba: shutdown FollowerState
2019-10-17 20:28:27,141 [grpc-default-executor-2] INFO  impl.RoleInfo (RoleInfo.java:shutdownFollowerState(121)) - d81605c5-54b3-45a8-b5ae-2e8d8890cbef: shutdown FollowerState
2019-10-17 20:28:27,141 [Thread-1329] INFO  impl.FollowerState (FollowerState.java:run(117)) - 7f29c796-0732-402f-b865-67033766dcba@group-C2BDBBDF155D-FollowerState was interrupted: java.lang.InterruptedException: sleep interrupted
2019-10-17 20:28:27,141 [grpc-default-executor-4] INFO  impl.RoleInfo (RoleInfo.java:updateAndGet(143)) - 7f29c796-0732-402f-b865-67033766dcba: start FollowerState
2019-10-17 20:28:27,142 [Thread-1328] INFO  impl.FollowerState (FollowerState.java:run(117)) - d81605c5-54b3-45a8-b5ae-2e8d8890cbef@group-C2BDBBDF155D-FollowerState was interrupted: java.lang.InterruptedException: sleep interrupted
2019-10-17 20:28:27,142 [grpc-default-executor-2] INFO  impl.RoleInfo (RoleInfo.java:updateAndGet(143)) - d81605c5-54b3-45a8-b5ae-2e8d8890cbef: start FollowerState
2019-10-17 20:28:27,150 [c07977b7-c8ef-4f3c-80b1-66a07c6e3dcd@group-C2BDBBDF155D-LeaderElection82] INFO  impl.LeaderElection (LeaderElection.java:logAndReturn(56)) - c07977b7-c8ef-4f3c-80b1-66a07c6e3dcd@group-C2BDBBDF155D-LeaderElection82: Election TIMEOUT; received 0 response(s) [] and 0 exception(s); c07977b7-c8ef-4f3c-80b1-66a07c6e3dcd@group-C2BDBBDF155D:t44, leader=null, voted=c07977b7-c8ef-4f3c-80b1-66a07c6e3dcd, raftlog=c07977b7-c8ef-4f3c-80b1-66a07c6e3dcd@group-C2BDBBDF155D-SegmentedRaftLog:OPENED:c-1,f-1,i0, conf=-1: [d81605c5-54b3-45a8-b5ae-2e8d8890cbef:192.168.164.201:42755, 7f29c796-0732-402f-b865-67033766dcba:192.168.164.201:40704, c07977b7-c8ef-4f3c-80b1-66a07c6e3dcd:192.168.164.201:38664], old=null
2019-10-17 20:28:27,171 [c07977b7-c8ef-4f3c-80b1-66a07c6e3dcd@group-C2BDBBDF155D-LeaderElection82] INFO  impl.LeaderElection (LeaderElection.java:askForVotes(178)) - c07977b7-c8ef-4f3c-80b1-66a07c6e3dcd@group-C2BDBBDF155D-LeaderElection82: begin an election at term 45 for -1: [d81605c5-54b3-45a8-b5ae-2e8d8890cbef:192.168.164.201:42755, 7f29c796-0732-402f-b865-67033766dcba:192.168.164.201:40704, c07977b7-c8ef-4f3c-80b1-66a07c6e3dcd:192.168.164.201:38664], old=null
2019-10-17 20:28:27,174 [grpc-default-executor-4] INFO  impl.RaftServerImpl (RaftServerImpl.java:setRole(184)) - 7f29c796-0732-402f-b865-67033766dcba@group-C2BDBBDF155D: changes role from  FOLLOWER to FOLLOWER at term 45 for recognizeCandidate:c07977b7-c8ef-4f3c-80b1-66a07c6e3dcd
2019-10-17 20:28:27,175 [grpc-default-executor-4] INFO  impl.RoleInfo (RoleInfo.java:shutdownFollowerState(121)) - 7f29c796-0732-402f-b865-67033766dcba: shutdown FollowerState
2019-10-17 20:28:27,175 [grpc-default-executor-4] INFO  impl.RoleInfo (RoleInfo.java:updateAndGet(143)) - 7f29c796-0732-402f-b865-67033766dcba: start FollowerState
2019-10-17 20:28:27,175 [grpc-default-executor-2] INFO  impl.RaftServerImpl (RaftServerImpl.java:setRole(184)) - d81605c5-54b3-45a8-b5ae-2e8d8890cbef@group-C2BDBBDF155D: changes role from  FOLLOWER to FOLLOWER at term 45 for recognizeCandidate:c07977b7-c8ef-4f3c-80b1-66a07c6e3dcd
2019-10-17 20:28:27,175 [grpc-default-executor-2] INFO  impl.RoleInfo (RoleInfo.java:shutdownFollowerState(121)) - d81605c5-54b3-45a8-b5ae-2e8d8890cbef: shutdown FollowerState
2019-10-17 20:28:27,175 [Thread-1334] INFO  impl.FollowerState (FollowerState.java:run(117)) - 7f29c796-0732-402f-b865-67033766dcba@group-C2BDBBDF155D-FollowerState was interrupted: java.lang.InterruptedException: sleep interrupted
2019-10-17 20:28:27,176 [Thread-1335] INFO  impl.FollowerState (FollowerState.java:run(117)) - d81605c5-54b3-45a8-b5ae-2e8d8890cbef@group-C2BDBBDF155D-FollowerState was interrupted: java.lang.InterruptedException: sleep interrupted
2019-10-17 20:28:27,175 [grpc-default-executor-2] INFO  impl.RoleInfo (RoleInfo.java:updateAndGet(143)) - d81605c5-54b3-45a8-b5ae-2e8d8890cbef: start FollowerState
2019-10-17 20:28:27,199 [c07977b7-c8ef-4f3c-80b1-66a07c6e3dcd@group-C2BDBBDF155D-LeaderElection82] INFO  impl.LeaderElection (LeaderElection.java:logAndReturn(56)) - c07977b7-c8ef-4f3c-80b1-66a07c6e3dcd@group-C2BDBBDF155D-LeaderElection82: Election REJECTED; received 2 response(s) [c07977b7-c8ef-4f3c-80b1-66a07c6e3dcd<-d81605c5-54b3-45a8-b5ae-2e8d8890cbef#0:FAIL-t45, c07977b7-c8ef-4f3c-80b1-66a07c6e3dcd<-7f29c796-0732-402f-b865-67033766dcba#0:FAIL-t45] and 0 exception(s); c07977b7-c8ef-4f3c-80b1-66a07c6e3dcd@group-C2BDBBDF155D:t45, leader=null, voted=c07977b7-c8ef-4f3c-80b1-66a07c6e3dcd, raftlog=c07977b7-c8ef-4f3c-80b1-66a07c6e3dcd@group-C2BDBBDF155D-SegmentedRaftLog:OPENED:c-1,f-1,i0, conf=-1: [d81605c5-54b3-45a8-b5ae-2e8d8890cbef:192.168.164.201:42755, 7f29c796-0732-402f-b865-67033766dcba:192.168.164.201:40704, c07977b7-c8ef-4f3c-80b1-66a07c6e3dcd:192.168.164.201:38664], old=null
2019-10-17 20:28:27,199 [c07977b7-c8ef-4f3c-80b1-66a07c6e3dcd@group-C2BDBBDF155D-LeaderElection82] INFO  impl.RaftServerImpl (RaftServerImpl.java:setRole(184)) - c07977b7-c8ef-4f3c-80b1-66a07c6e3dcd@group-C2BDBBDF155D: changes role from CANDIDATE to FOLLOWER at term 45 for DISCOVERED_A_NEW_TERM
2019-10-17 20:28:27,199 [c07977b7-c8ef-4f3c-80b1-66a07c6e3dcd@group-C2BDBBDF155D-LeaderElection82] INFO  impl.RoleInfo (RoleInfo.java:shutdownLeaderElection(134)) - c07977b7-c8ef-4f3c-80b1-66a07c6e3dcd: shutdown LeaderElection
2019-10-17 20:28:27,199 [c07977b7-c8ef-4f3c-80b1-66a07c6e3dcd@group-C2BDBBDF155D-LeaderElection82] INFO  impl.RoleInfo (RoleInfo.java:updateAndGet(143)) - c07977b7-c8ef-4f3c-80b1-66a07c6e3dcd: start FollowerState
2019-10-17 20:28:27,303 [Thread-1340] INFO  impl.FollowerState (FollowerState.java:run(108)) - c07977b7-c8ef-4f3c-80b1-66a07c6e3dcd@group-C2BDBBDF155D-FollowerState: change to CANDIDATE, lastRpcTime:103ms, electionTimeout:103ms
2019-10-17 20:28:27,303 [Thread-1340] INFO  impl.RoleInfo (RoleInfo.java:shutdownFollowerState(121)) - c07977b7-c8ef-4f3c-80b1-66a07c6e3dcd: shutdown FollowerState
2019-10-17 20:28:27,303 [Thread-1340] INFO  impl.RaftServerImpl (RaftServerImpl.java:setRole(184)) - c07977b7-c8ef-4f3c-80b1-66a07c6e3dcd@group-C2BDBBDF155D: changes role from  FOLLOWER to CANDIDATE at term 45 for changeToCandidate
2019-10-17 20:28:27,303 [Thread-1340] INFO  impl.RoleInfo (RoleInfo.java:updateAndGet(143)) - c07977b7-c8ef-4f3c-80b1-66a07c6e3dcd: start LeaderElection
2019-10-17 20:28:27,330 [c07977b7-c8ef-4f3c-80b1-66a07c6e3dcd@group-C2BDBBDF155D-LeaderElection83] INFO  impl.LeaderElection (LeaderElection.java:askForVotes(178)) - c07977b7-c8ef-4f3c-80b1-66a07c6e3dcd@group-C2BDBBDF155D-LeaderElection83: begin an election at term 46 for -1: [d81605c5-54b3-45a8-b5ae-2e8d8890cbef:192.168.164.201:42755, 7f29c796-0732-402f-b865-67033766dcba:192.168.164.201:40704, c07977b7-c8ef-4f3c-80b1-66a07c6e3dcd:192.168.164.201:38664], old=null
2019-10-17 20:28:27,334 [grpc-default-executor-2] INFO  impl.RaftServerImpl (RaftServerImpl.java:setRole(184)) - 7f29c796-0732-402f-b865-67033766dcba@group-C2BDBBDF155D: changes role from  FOLLOWER to FOLLOWER at term 46 for recognizeCandidate:c07977b7-c8ef-4f3c-80b1-66a07c6e3dcd
2019-10-17 20:28:27,334 [grpc-default-executor-4] INFO  impl.RaftServerImpl (RaftServerImpl.java:setRole(184)) - d81605c5-54b3-45a8-b5ae-2e8d8890cbef@group-C2BDBBDF155D: changes role from  FOLLOWER to FOLLOWER at term 46 for recognizeCandidate:c07977b7-c8ef-4f3c-80b1-66a07c6e3dcd
2019-10-17 20:28:27,334 [grpc-default-executor-4] INFO  impl.RoleInfo (RoleInfo.java:shutdownFollowerState(121)) - d81605c5-54b3-45a8-b5ae-2e8d8890cbef: shutdown FollowerState
2019-10-17 20:28:27,334 [grpc-default-executor-2] INFO  impl.RoleInfo (RoleInfo.java:shutdownFollowerState(121)) - 7f29c796-0732-402f-b865-67033766dcba: shutdown FollowerState
2019-10-17 20:28:27,335 [Thread-1339] INFO  impl.FollowerState (FollowerState.java:run(117)) - d81605c5-54b3-45a8-b5ae-2e8d8890cbef@group-C2BDBBDF155D-FollowerState was interrupted: java.lang.InterruptedException: sleep interrupted
2019-10-17 20:28:27,335 [grpc-default-executor-4] INFO  impl.RoleInfo (RoleInfo.java:updateAndGet(143)) - d81605c5-54b3-45a8-b5ae-2e8d8890cbef: start FollowerState
2019-10-17 20:28:27,335 [Thread-1338] INFO  impl.FollowerState (FollowerState.java:run(117)) - 7f29c796-0732-402f-b865-67033766dcba@group-C2BDBBDF155D-FollowerState was interrupted: java.lang.InterruptedException: sleep interrupted
2019-10-17 20:28:27,335 [grpc-default-executor-2] INFO  impl.RoleInfo (RoleInfo.java:updateAndGet(143)) - 7f29c796-0732-402f-b865-67033766dcba: start FollowerState
2019-10-17 20:28:27,366 [c07977b7-c8ef-4f3c-80b1-66a07c6e3dcd@group-C2BDBBDF155D-LeaderElection83] INFO  impl.LeaderElection (LeaderElection.java:logAndReturn(56)) - c07977b7-c8ef-4f3c-80b1-66a07c6e3dcd@group-C2BDBBDF155D-LeaderElection83: Election REJECTED; received 2 response(s) [c07977b7-c8ef-4f3c-80b1-66a07c6e3dcd<-d81605c5-54b3-45a8-b5ae-2e8d8890cbef#0:FAIL-t46, c07977b7-c8ef-4f3c-80b1-66a07c6e3dcd<-7f29c796-0732-402f-b865-67033766dcba#0:FAIL-t46] and 0 exception(s); c07977b7-c8ef-4f3c-80b1-66a07c6e3dcd@group-C2BDBBDF155D:t46, leader=null, voted=c07977b7-c8ef-4f3c-80b1-66a07c6e3dcd, raftlog=c07977b7-c8ef-4f3c-80b1-66a07c6e3dcd@group-C2BDBBDF155D-SegmentedRaftLog:OPENED:c-1,f-1,i0, conf=-1: [d81605c5-54b3-45a8-b5ae-2e8d8890cbef:192.168.164.201:42755, 7f29c796-0732-402f-b865-67033766dcba:192.168.164.201:40704, c07977b7-c8ef-4f3c-80b1-66a07c6e3dcd:192.168.164.201:38664], old=null
2019-10-17 20:28:27,366 [c07977b7-c8ef-4f3c-80b1-66a07c6e3dcd@group-C2BDBBDF155D-LeaderElection83] INFO  impl.RaftServerImpl (RaftServerImpl.java:setRole(184)) - c07977b7-c8ef-4f3c-80b1-66a07c6e3dcd@group-C2BDBBDF155D: changes role from CANDIDATE to FOLLOWER at term 46 for DISCOVERED_A_NEW_TERM
2019-10-17 20:28:27,366 [c07977b7-c8ef-4f3c-80b1-66a07c6e3dcd@group-C2BDBBDF155D-LeaderElection83] INFO  impl.RoleInfo (RoleInfo.java:shutdownLeaderElection(134)) - c07977b7-c8ef-4f3c-80b1-66a07c6e3dcd: shutdown LeaderElection
2019-10-17 20:28:27,367 [c07977b7-c8ef-4f3c-80b1-66a07c6e3dcd@group-C2BDBBDF155D-LeaderElection83] INFO  impl.RoleInfo (RoleInfo.java:updateAndGet(143)) - c07977b7-c8ef-4f3c-80b1-66a07c6e3dcd: start FollowerState
2019-10-17 20:28:27,460 [Thread-1346] INFO  impl.FollowerState (FollowerState.java:run(108)) - c07977b7-c8ef-4f3c-80b1-66a07c6e3dcd@group-C2BDBBDF155D-FollowerState: change to CANDIDATE, lastRpcTime:93ms, electionTimeout:93ms
2019-10-17 20:28:27,460 [Thread-1346] INFO  impl.RoleInfo (RoleInfo.java:shutdownFollowerState(121)) - c07977b7-c8ef-4f3c-80b1-66a07c6e3dcd: shutdown FollowerState
2019-10-17 20:28:27,460 [Thread-1346] INFO  impl.RaftServerImpl (RaftServerImpl.java:setRole(184)) - c07977b7-c8ef-4f3c-80b1-66a07c6e3dcd@group-C2BDBBDF155D: changes role from  FOLLOWER to CANDIDATE at term 46 for changeToCandidate
2019-10-17 20:28:27,460 [Thread-1346] INFO  impl.RoleInfo (RoleInfo.java:updateAndGet(143)) - c07977b7-c8ef-4f3c-80b1-66a07c6e3dcd: start LeaderElection
2019-10-17 20:28:27,490 [c07977b7-c8ef-4f3c-80b1-66a07c6e3dcd@group-C2BDBBDF155D-LeaderElection84] INFO  impl.LeaderElection (LeaderElection.java:askForVotes(178)) - c07977b7-c8ef-4f3c-80b1-66a07c6e3dcd@group-C2BDBBDF155D-LeaderElection84: begin an election at term 47 for -1: [d81605c5-54b3-45a8-b5ae-2e8d8890cbef:192.168.164.201:42755, 7f29c796-0732-402f-b865-67033766dcba:192.168.164.201:40704, c07977b7-c8ef-4f3c-80b1-66a07c6e3dcd:192.168.164.201:38664], old=null
2019-10-17 20:28:27,493 [grpc-default-executor-2] INFO  impl.RaftServerImpl (RaftServerImpl.java:setRole(184)) - 7f29c796-0732-402f-b865-67033766dcba@group-C2BDBBDF155D: changes role from  FOLLOWER to FOLLOWER at term 47 for recognizeCandidate:c07977b7-c8ef-4f3c-80b1-66a07c6e3dcd
2019-10-17 20:28:27,493 [grpc-default-executor-4] INFO  impl.RaftServerImpl (RaftServerImpl.java:setRole(184)) - d81605c5-54b3-45a8-b5ae-2e8d8890cbef@group-C2BDBBDF155D: changes role from  FOLLOWER to FOLLOWER at term 47 for recognizeCandidate:c07977b7-c8ef-4f3c-80b1-66a07c6e3dcd
2019-10-17 20:28:27,493 [grpc-default-executor-2] INFO  impl.RoleInfo (RoleInfo.java:shutdownFollowerState(121)) - 7f29c796-0732-402f-b865-67033766dcba: shutdown FollowerState
2019-10-17 20:28:27,493 [grpc-default-executor-4] INFO  impl.RoleInfo (RoleInfo.java:shutdownFollowerState(121)) - d81605c5-54b3-45a8-b5ae-2e8d8890cbef: shutdown FollowerState
2019-10-17 20:28:27,493 [Thread-1345] INFO  impl.FollowerState (FollowerState.java:run(117)) - 7f29c796-0732-402f-b865-67033766dcba@group-C2BDBBDF155D-FollowerState was interrupted: java.lang.InterruptedException: sleep interrupted
2019-10-17 20:28:27,493 [grpc-default-executor-2] INFO  impl.RoleInfo (RoleInfo.java:updateAndGet(143)) - 7f29c796-0732-402f-b865-67033766dcba: start FollowerState
2019-10-17 20:28:27,494 [Thread-1344] INFO  impl.FollowerState (FollowerState.java:run(117)) - d81605c5-54b3-45a8-b5ae-2e8d8890cbef@group-C2BDBBDF155D-FollowerState was interrupted: java.lang.InterruptedException: sleep interrupted
2019-10-17 20:28:27,494 [grpc-default-executor-4] INFO  impl.RoleInfo (RoleInfo.java:updateAndGet(143)) - d81605c5-54b3-45a8-b5ae-2e8d8890cbef: start FollowerState
2019-10-17 20:28:27,516 [c07977b7-c8ef-4f3c-80b1-66a07c6e3dcd@group-C2BDBBDF155D-LeaderElection84] INFO  impl.LeaderElection (LeaderElection.java:logAndReturn(56)) - c07977b7-c8ef-4f3c-80b1-66a07c6e3dcd@group-C2BDBBDF155D-LeaderElection84: Election REJECTED; received 2 response(s) [c07977b7-c8ef-4f3c-80b1-66a07c6e3dcd<-d81605c5-54b3-45a8-b5ae-2e8d8890cbef#0:FAIL-t47, c07977b7-c8ef-4f3c-80b1-66a07c6e3dcd<-7f29c796-0732-402f-b865-67033766dcba#0:FAIL-t47] and 0 exception(s); c07977b7-c8ef-4f3c-80b1-66a07c6e3dcd@group-C2BDBBDF155D:t47, leader=null, voted=c07977b7-c8ef-4f3c-80b1-66a07c6e3dcd, raftlog=c07977b7-c8ef-4f3c-80b1-66a07c6e3dcd@group-C2BDBBDF155D-SegmentedRaftLog:OPENED:c-1,f-1,i0, conf=-1: [d81605c5-54b3-45a8-b5ae-2e8d8890cbef:192.168.164.201:42755, 7f29c796-0732-402f-b865-67033766dcba:192.168.164.201:40704, c07977b7-c8ef-4f3c-80b1-66a07c6e3dcd:192.168.164.201:38664], old=null
2019-10-17 20:28:27,517 [c07977b7-c8ef-4f3c-80b1-66a07c6e3dcd@group-C2BDBBDF155D-LeaderElection84] INFO  impl.RaftServerImpl (RaftServerImpl.java:setRole(184)) - c07977b7-c8ef-4f3c-80b1-66a07c6e3dcd@group-C2BDBBDF155D: changes role from CANDIDATE to FOLLOWER at term 47 for DISCOVERED_A_NEW_TERM
2019-10-17 20:28:27,517 [c07977b7-c8ef-4f3c-80b1-66a07c6e3dcd@group-C2BDBBDF155D-LeaderElection84] INFO  impl.RoleInfo (RoleInfo.java:shutdownLeaderElection(134)) - c07977b7-c8ef-4f3c-80b1-66a07c6e3dcd: shutdown LeaderElection
2019-10-17 20:28:27,517 [c07977b7-c8ef-4f3c-80b1-66a07c6e3dcd@group-C2BDBBDF155D-LeaderElection84] INFO  impl.RoleInfo (RoleInfo.java:updateAndGet(143)) - c07977b7-c8ef-4f3c-80b1-66a07c6e3dcd: start FollowerState
2019-10-17 20:28:27,533 [Thread-754] INFO  ozone.MiniOzoneClusterImpl (MiniOzoneClusterImpl.java:lambda$waitForClusterToBeReady$2(164)) - Waiting for 1 number of pipelines out of 4, to report a leader.
2019-10-17 20:28:27,549 [Thread-1352] INFO  impl.FollowerState (FollowerState.java:run(108)) - c07977b7-c8ef-4f3c-80b1-66a07c6e3dcd@group-C2BDBBDF155D-FollowerState: change to CANDIDATE, lastRpcTime:32ms, electionTimeout:32ms
2019-10-17 20:28:27,550 [Thread-1352] INFO  impl.RoleInfo (RoleInfo.java:shutdownFollowerState(121)) - c07977b7-c8ef-4f3c-80b1-66a07c6e3dcd: shutdown FollowerState
2019-10-17 20:28:27,550 [Thread-1352] INFO  impl.RaftServerImpl (RaftServerImpl.java:setRole(184)) - c07977b7-c8ef-4f3c-80b1-66a07c6e3dcd@group-C2BDBBDF155D: changes role from  FOLLOWER to CANDIDATE at term 47 for changeToCandidate
2019-10-17 20:28:27,550 [Thread-1352] INFO  impl.RoleInfo (RoleInfo.java:updateAndGet(143)) - c07977b7-c8ef-4f3c-80b1-66a07c6e3dcd: start LeaderElection
2019-10-17 20:28:27,574 [c07977b7-c8ef-4f3c-80b1-66a07c6e3dcd@group-C2BDBBDF155D-LeaderElection85] INFO  impl.LeaderElection (LeaderElection.java:askForVotes(178)) - c07977b7-c8ef-4f3c-80b1-66a07c6e3dcd@group-C2BDBBDF155D-LeaderElection85: begin an election at term 48 for -1: [d81605c5-54b3-45a8-b5ae-2e8d8890cbef:192.168.164.201:42755, 7f29c796-0732-402f-b865-67033766dcba:192.168.164.201:40704, c07977b7-c8ef-4f3c-80b1-66a07c6e3dcd:192.168.164.201:38664], old=null
2019-10-17 20:28:27,576 [grpc-default-executor-4] INFO  impl.RaftServerImpl (RaftServerImpl.java:setRole(184)) - d81605c5-54b3-45a8-b5ae-2e8d8890cbef@group-C2BDBBDF155D: changes role from  FOLLOWER to FOLLOWER at term 48 for recognizeCandidate:c07977b7-c8ef-4f3c-80b1-66a07c6e3dcd
2019-10-17 20:28:27,576 [grpc-default-executor-4] INFO  impl.RoleInfo (RoleInfo.java:shutdownFollowerState(121)) - d81605c5-54b3-45a8-b5ae-2e8d8890cbef: shutdown FollowerState
2019-10-17 20:28:27,577 [grpc-default-executor-4] INFO  impl.RoleInfo (RoleInfo.java:updateAndGet(143)) - d81605c5-54b3-45a8-b5ae-2e8d8890cbef: start FollowerState
2019-10-17 20:28:27,577 [Thread-1351] INFO  impl.FollowerState (FollowerState.java:run(117)) - d81605c5-54b3-45a8-b5ae-2e8d8890cbef@group-C2BDBBDF155D-FollowerState was interrupted: java.lang.InterruptedException: sleep interrupted
2019-10-17 20:28:27,577 [grpc-default-executor-2] INFO  impl.RaftServerImpl (RaftServerImpl.java:setRole(184)) - 7f29c796-0732-402f-b865-67033766dcba@group-C2BDBBDF155D: changes role from  FOLLOWER to FOLLOWER at term 48 for recognizeCandidate:c07977b7-c8ef-4f3c-80b1-66a07c6e3dcd
2019-10-17 20:28:27,577 [grpc-default-executor-2] INFO  impl.RoleInfo (RoleInfo.java:shutdownFollowerState(121)) - 7f29c796-0732-402f-b865-67033766dcba: shutdown FollowerState
2019-10-17 20:28:27,577 [grpc-default-executor-2] INFO  impl.RoleInfo (RoleInfo.java:updateAndGet(143)) - 7f29c796-0732-402f-b865-67033766dcba: start FollowerState
2019-10-17 20:28:27,577 [Thread-1350] INFO  impl.FollowerState (FollowerState.java:run(117)) - 7f29c796-0732-402f-b865-67033766dcba@group-C2BDBBDF155D-FollowerState was interrupted: java.lang.InterruptedException: sleep interrupted
2019-10-17 20:28:27,609 [c07977b7-c8ef-4f3c-80b1-66a07c6e3dcd@group-C2BDBBDF155D-LeaderElection85] INFO  impl.LeaderElection (LeaderElection.java:logAndReturn(56)) - c07977b7-c8ef-4f3c-80b1-66a07c6e3dcd@group-C2BDBBDF155D-LeaderElection85: Election REJECTED; received 2 response(s) [c07977b7-c8ef-4f3c-80b1-66a07c6e3dcd<-d81605c5-54b3-45a8-b5ae-2e8d8890cbef#0:FAIL-t48, c07977b7-c8ef-4f3c-80b1-66a07c6e3dcd<-7f29c796-0732-402f-b865-67033766dcba#0:FAIL-t48] and 0 exception(s); c07977b7-c8ef-4f3c-80b1-66a07c6e3dcd@group-C2BDBBDF155D:t48, leader=null, voted=c07977b7-c8ef-4f3c-80b1-66a07c6e3dcd, raftlog=c07977b7-c8ef-4f3c-80b1-66a07c6e3dcd@group-C2BDBBDF155D-SegmentedRaftLog:OPENED:c-1,f-1,i0, conf=-1: [d81605c5-54b3-45a8-b5ae-2e8d8890cbef:192.168.164.201:42755, 7f29c796-0732-402f-b865-67033766dcba:192.168.164.201:40704, c07977b7-c8ef-4f3c-80b1-66a07c6e3dcd:192.168.164.201:38664], old=null
2019-10-17 20:28:27,609 [c07977b7-c8ef-4f3c-80b1-66a07c6e3dcd@group-C2BDBBDF155D-LeaderElection85] INFO  impl.RaftServerImpl (RaftServerImpl.java:setRole(184)) - c07977b7-c8ef-4f3c-80b1-66a07c6e3dcd@group-C2BDBBDF155D: changes role from CANDIDATE to FOLLOWER at term 48 for DISCOVERED_A_NEW_TERM
2019-10-17 20:28:27,609 [c07977b7-c8ef-4f3c-80b1-66a07c6e3dcd@group-C2BDBBDF155D-LeaderElection85] INFO  impl.RoleInfo (RoleInfo.java:shutdownLeaderElection(134)) - c07977b7-c8ef-4f3c-80b1-66a07c6e3dcd: shutdown LeaderElection
2019-10-17 20:28:27,610 [c07977b7-c8ef-4f3c-80b1-66a07c6e3dcd@group-C2BDBBDF155D-LeaderElection85] INFO  impl.RoleInfo (RoleInfo.java:updateAndGet(143)) - c07977b7-c8ef-4f3c-80b1-66a07c6e3dcd: start FollowerState
2019-10-17 20:28:27,676 [Thread-1358] INFO  impl.FollowerState (FollowerState.java:run(108)) - c07977b7-c8ef-4f3c-80b1-66a07c6e3dcd@group-C2BDBBDF155D-FollowerState: change to CANDIDATE, lastRpcTime:66ms, electionTimeout:66ms
2019-10-17 20:28:27,676 [Thread-1358] INFO  impl.RoleInfo (RoleInfo.java:shutdownFollowerState(121)) - c07977b7-c8ef-4f3c-80b1-66a07c6e3dcd: shutdown FollowerState
2019-10-17 20:28:27,676 [Thread-1358] INFO  impl.RaftServerImpl (RaftServerImpl.java:setRole(184)) - c07977b7-c8ef-4f3c-80b1-66a07c6e3dcd@group-C2BDBBDF155D: changes role from  FOLLOWER to CANDIDATE at term 48 for changeToCandidate
2019-10-17 20:28:27,677 [Thread-1358] INFO  impl.RoleInfo (RoleInfo.java:updateAndGet(143)) - c07977b7-c8ef-4f3c-80b1-66a07c6e3dcd: start LeaderElection
2019-10-17 20:28:27,716 [c07977b7-c8ef-4f3c-80b1-66a07c6e3dcd@group-C2BDBBDF155D-LeaderElection86] INFO  impl.LeaderElection (LeaderElection.java:askForVotes(178)) - c07977b7-c8ef-4f3c-80b1-66a07c6e3dcd@group-C2BDBBDF155D-LeaderElection86: begin an election at term 49 for -1: [d81605c5-54b3-45a8-b5ae-2e8d8890cbef:192.168.164.201:42755, 7f29c796-0732-402f-b865-67033766dcba:192.168.164.201:40704, c07977b7-c8ef-4f3c-80b1-66a07c6e3dcd:192.168.164.201:38664], old=null
2019-10-17 20:28:27,719 [grpc-default-executor-2] INFO  impl.RaftServerImpl (RaftServerImpl.java:setRole(184)) - 7f29c796-0732-402f-b865-67033766dcba@group-C2BDBBDF155D: changes role from  FOLLOWER to FOLLOWER at term 49 for recognizeCandidate:c07977b7-c8ef-4f3c-80b1-66a07c6e3dcd
2019-10-17 20:28:27,719 [grpc-default-executor-2] INFO  impl.RoleInfo (RoleInfo.java:shutdownFollowerState(121)) - 7f29c796-0732-402f-b865-67033766dcba: shutdown FollowerState
2019-10-17 20:28:27,720 [grpc-default-executor-2] INFO  impl.RoleInfo (RoleInfo.java:updateAndGet(143)) - 7f29c796-0732-402f-b865-67033766dcba: start FollowerState
2019-10-17 20:28:27,720 [Thread-1357] INFO  impl.FollowerState (FollowerState.java:run(117)) - 7f29c796-0732-402f-b865-67033766dcba@group-C2BDBBDF155D-FollowerState was interrupted: java.lang.InterruptedException: sleep interrupted
2019-10-17 20:28:27,720 [grpc-default-executor-4] INFO  impl.RaftServerImpl (RaftServerImpl.java:setRole(184)) - d81605c5-54b3-45a8-b5ae-2e8d8890cbef@group-C2BDBBDF155D: changes role from  FOLLOWER to FOLLOWER at term 49 for recognizeCandidate:c07977b7-c8ef-4f3c-80b1-66a07c6e3dcd
2019-10-17 20:28:27,720 [grpc-default-executor-4] INFO  impl.RoleInfo (RoleInfo.java:shutdownFollowerState(121)) - d81605c5-54b3-45a8-b5ae-2e8d8890cbef: shutdown FollowerState
2019-10-17 20:28:27,720 [grpc-default-executor-4] INFO  impl.RoleInfo (RoleInfo.java:updateAndGet(143)) - d81605c5-54b3-45a8-b5ae-2e8d8890cbef: start FollowerState
2019-10-17 20:28:27,720 [Thread-1356] INFO  impl.FollowerState (FollowerState.java:run(117)) - d81605c5-54b3-45a8-b5ae-2e8d8890cbef@group-C2BDBBDF155D-FollowerState was interrupted: java.lang.InterruptedException: sleep interrupted
2019-10-17 20:28:27,743 [c07977b7-c8ef-4f3c-80b1-66a07c6e3dcd@group-C2BDBBDF155D-LeaderElection86] INFO  impl.LeaderElection (LeaderElection.java:logAndReturn(56)) - c07977b7-c8ef-4f3c-80b1-66a07c6e3dcd@group-C2BDBBDF155D-LeaderElection86: Election REJECTED; received 2 response(s) [c07977b7-c8ef-4f3c-80b1-66a07c6e3dcd<-d81605c5-54b3-45a8-b5ae-2e8d8890cbef#0:FAIL-t49, c07977b7-c8ef-4f3c-80b1-66a07c6e3dcd<-7f29c796-0732-402f-b865-67033766dcba#0:FAIL-t49] and 0 exception(s); c07977b7-c8ef-4f3c-80b1-66a07c6e3dcd@group-C2BDBBDF155D:t49, leader=null, voted=c07977b7-c8ef-4f3c-80b1-66a07c6e3dcd, raftlog=c07977b7-c8ef-4f3c-80b1-66a07c6e3dcd@group-C2BDBBDF155D-SegmentedRaftLog:OPENED:c-1,f-1,i0, conf=-1: [d81605c5-54b3-45a8-b5ae-2e8d8890cbef:192.168.164.201:42755, 7f29c796-0732-402f-b865-67033766dcba:192.168.164.201:40704, c07977b7-c8ef-4f3c-80b1-66a07c6e3dcd:192.168.164.201:38664], old=null
2019-10-17 20:28:27,743 [c07977b7-c8ef-4f3c-80b1-66a07c6e3dcd@group-C2BDBBDF155D-LeaderElection86] INFO  impl.RaftServerImpl (RaftServerImpl.java:setRole(184)) - c07977b7-c8ef-4f3c-80b1-66a07c6e3dcd@group-C2BDBBDF155D: changes role from CANDIDATE to FOLLOWER at term 49 for DISCOVERED_A_NEW_TERM
2019-10-17 20:28:27,743 [c07977b7-c8ef-4f3c-80b1-66a07c6e3dcd@group-C2BDBBDF155D-LeaderElection86] INFO  impl.RoleInfo (RoleInfo.java:shutdownLeaderElection(134)) - c07977b7-c8ef-4f3c-80b1-66a07c6e3dcd: shutdown LeaderElection
2019-10-17 20:28:27,744 [c07977b7-c8ef-4f3c-80b1-66a07c6e3dcd@group-C2BDBBDF155D-LeaderElection86] INFO  impl.RoleInfo (RoleInfo.java:updateAndGet(143)) - c07977b7-c8ef-4f3c-80b1-66a07c6e3dcd: start FollowerState
2019-10-17 20:28:27,752 [Thread-1364] INFO  impl.FollowerState (FollowerState.java:run(108)) - c07977b7-c8ef-4f3c-80b1-66a07c6e3dcd@group-C2BDBBDF155D-FollowerState: change to CANDIDATE, lastRpcTime:8ms, electionTimeout:8ms
2019-10-17 20:28:27,752 [Thread-1364] INFO  impl.RoleInfo (RoleInfo.java:shutdownFollowerState(121)) - c07977b7-c8ef-4f3c-80b1-66a07c6e3dcd: shutdown FollowerState
2019-10-17 20:28:27,752 [Thread-1364] INFO  impl.RaftServerImpl (RaftServerImpl.java:setRole(184)) - c07977b7-c8ef-4f3c-80b1-66a07c6e3dcd@group-C2BDBBDF155D: changes role from  FOLLOWER to CANDIDATE at term 49 for changeToCandidate
2019-10-17 20:28:27,752 [Thread-1364] INFO  impl.RoleInfo (RoleInfo.java:updateAndGet(143)) - c07977b7-c8ef-4f3c-80b1-66a07c6e3dcd: start LeaderElection
2019-10-17 20:28:27,775 [c07977b7-c8ef-4f3c-80b1-66a07c6e3dcd@group-C2BDBBDF155D-LeaderElection87] INFO  impl.LeaderElection (LeaderElection.java:askForVotes(178)) - c07977b7-c8ef-4f3c-80b1-66a07c6e3dcd@group-C2BDBBDF155D-LeaderElection87: begin an election at term 50 for -1: [d81605c5-54b3-45a8-b5ae-2e8d8890cbef:192.168.164.201:42755, 7f29c796-0732-402f-b865-67033766dcba:192.168.164.201:40704, c07977b7-c8ef-4f3c-80b1-66a07c6e3dcd:192.168.164.201:38664], old=null
2019-10-17 20:28:27,778 [grpc-default-executor-4] INFO  impl.RaftServerImpl (RaftServerImpl.java:setRole(184)) - d81605c5-54b3-45a8-b5ae-2e8d8890cbef@group-C2BDBBDF155D: changes role from  FOLLOWER to FOLLOWER at term 50 for recognizeCandidate:c07977b7-c8ef-4f3c-80b1-66a07c6e3dcd
2019-10-17 20:28:27,778 [grpc-default-executor-4] INFO  impl.RoleInfo (RoleInfo.java:shutdownFollowerState(121)) - d81605c5-54b3-45a8-b5ae-2e8d8890cbef: shutdown FollowerState
2019-10-17 20:28:27,778 [grpc-default-executor-2] INFO  impl.RaftServerImpl (RaftServerImpl.java:setRole(184)) - 7f29c796-0732-402f-b865-67033766dcba@group-C2BDBBDF155D: changes role from  FOLLOWER to FOLLOWER at term 50 for recognizeCandidate:c07977b7-c8ef-4f3c-80b1-66a07c6e3dcd
2019-10-17 20:28:27,778 [grpc-default-executor-2] INFO  impl.RoleInfo (RoleInfo.java:shutdownFollowerState(121)) - 7f29c796-0732-402f-b865-67033766dcba: shutdown FollowerState
2019-10-17 20:28:27,778 [grpc-default-executor-4] INFO  impl.RoleInfo (RoleInfo.java:updateAndGet(143)) - d81605c5-54b3-45a8-b5ae-2e8d8890cbef: start FollowerState
2019-10-17 20:28:27,778 [Thread-1363] INFO  impl.FollowerState (FollowerState.java:run(117)) - d81605c5-54b3-45a8-b5ae-2e8d8890cbef@group-C2BDBBDF155D-FollowerState was interrupted: java.lang.InterruptedException: sleep interrupted
2019-10-17 20:28:27,779 [Thread-1362] INFO  impl.FollowerState (FollowerState.java:run(117)) - 7f29c796-0732-402f-b865-67033766dcba@group-C2BDBBDF155D-FollowerState was interrupted: java.lang.InterruptedException: sleep interrupted
2019-10-17 20:28:27,778 [grpc-default-executor-2] INFO  impl.RoleInfo (RoleInfo.java:updateAndGet(143)) - 7f29c796-0732-402f-b865-67033766dcba: start FollowerState
2019-10-17 20:28:27,802 [c07977b7-c8ef-4f3c-80b1-66a07c6e3dcd@group-C2BDBBDF155D-LeaderElection87] INFO  impl.LeaderElection (LeaderElection.java:logAndReturn(56)) - c07977b7-c8ef-4f3c-80b1-66a07c6e3dcd@group-C2BDBBDF155D-LeaderElection87: Election REJECTED; received 2 response(s) [c07977b7-c8ef-4f3c-80b1-66a07c6e3dcd<-d81605c5-54b3-45a8-b5ae-2e8d8890cbef#0:FAIL-t50, c07977b7-c8ef-4f3c-80b1-66a07c6e3dcd<-7f29c796-0732-402f-b865-67033766dcba#0:FAIL-t50] and 0 exception(s); c07977b7-c8ef-4f3c-80b1-66a07c6e3dcd@group-C2BDBBDF155D:t50, leader=null, voted=c07977b7-c8ef-4f3c-80b1-66a07c6e3dcd, raftlog=c07977b7-c8ef-4f3c-80b1-66a07c6e3dcd@group-C2BDBBDF155D-SegmentedRaftLog:OPENED:c-1,f-1,i0, conf=-1: [d81605c5-54b3-45a8-b5ae-2e8d8890cbef:192.168.164.201:42755, 7f29c796-0732-402f-b865-67033766dcba:192.168.164.201:40704, c07977b7-c8ef-4f3c-80b1-66a07c6e3dcd:192.168.164.201:38664], old=null
2019-10-17 20:28:27,802 [c07977b7-c8ef-4f3c-80b1-66a07c6e3dcd@group-C2BDBBDF155D-LeaderElection87] INFO  impl.RaftServerImpl (RaftServerImpl.java:setRole(184)) - c07977b7-c8ef-4f3c-80b1-66a07c6e3dcd@group-C2BDBBDF155D: changes role from CANDIDATE to FOLLOWER at term 50 for DISCOVERED_A_NEW_TERM
2019-10-17 20:28:27,802 [c07977b7-c8ef-4f3c-80b1-66a07c6e3dcd@group-C2BDBBDF155D-LeaderElection87] INFO  impl.RoleInfo (RoleInfo.java:shutdownLeaderElection(134)) - c07977b7-c8ef-4f3c-80b1-66a07c6e3dcd: shutdown LeaderElection
2019-10-17 20:28:27,802 [c07977b7-c8ef-4f3c-80b1-66a07c6e3dcd@group-C2BDBBDF155D-LeaderElection87] INFO  impl.RoleInfo (RoleInfo.java:updateAndGet(143)) - c07977b7-c8ef-4f3c-80b1-66a07c6e3dcd: start FollowerState
2019-10-17 20:28:27,956 [Thread-1370] INFO  impl.FollowerState (FollowerState.java:run(108)) - c07977b7-c8ef-4f3c-80b1-66a07c6e3dcd@group-C2BDBBDF155D-FollowerState: change to CANDIDATE, lastRpcTime:153ms, electionTimeout:153ms
2019-10-17 20:28:27,956 [Thread-1370] INFO  impl.RoleInfo (RoleInfo.java:shutdownFollowerState(121)) - c07977b7-c8ef-4f3c-80b1-66a07c6e3dcd: shutdown FollowerState
2019-10-17 20:28:27,956 [Thread-1370] INFO  impl.RaftServerImpl (RaftServerImpl.java:setRole(184)) - c07977b7-c8ef-4f3c-80b1-66a07c6e3dcd@group-C2BDBBDF155D: changes role from  FOLLOWER to CANDIDATE at term 50 for changeToCandidate
2019-10-17 20:28:27,956 [Thread-1370] INFO  impl.RoleInfo (RoleInfo.java:updateAndGet(143)) - c07977b7-c8ef-4f3c-80b1-66a07c6e3dcd: start LeaderElection
2019-10-17 20:28:27,984 [c07977b7-c8ef-4f3c-80b1-66a07c6e3dcd@group-C2BDBBDF155D-LeaderElection88] INFO  impl.LeaderElection (LeaderElection.java:askForVotes(178)) - c07977b7-c8ef-4f3c-80b1-66a07c6e3dcd@group-C2BDBBDF155D-LeaderElection88: begin an election at term 51 for -1: [d81605c5-54b3-45a8-b5ae-2e8d8890cbef:192.168.164.201:42755, 7f29c796-0732-402f-b865-67033766dcba:192.168.164.201:40704, c07977b7-c8ef-4f3c-80b1-66a07c6e3dcd:192.168.164.201:38664], old=null
2019-10-17 20:28:27,988 [grpc-default-executor-4] INFO  impl.RaftServerImpl (RaftServerImpl.java:setRole(184)) - d81605c5-54b3-45a8-b5ae-2e8d8890cbef@group-C2BDBBDF155D: changes role from  FOLLOWER to FOLLOWER at term 51 for recognizeCandidate:c07977b7-c8ef-4f3c-80b1-66a07c6e3dcd
2019-10-17 20:28:27,989 [grpc-default-executor-4] INFO  impl.RoleInfo (RoleInfo.java:shutdownFollowerState(121)) - d81605c5-54b3-45a8-b5ae-2e8d8890cbef: shutdown FollowerState
2019-10-17 20:28:27,989 [grpc-default-executor-2] INFO  impl.RaftServerImpl (RaftServerImpl.java:setRole(184)) - 7f29c796-0732-402f-b865-67033766dcba@group-C2BDBBDF155D: changes role from  FOLLOWER to FOLLOWER at term 51 for recognizeCandidate:c07977b7-c8ef-4f3c-80b1-66a07c6e3dcd
2019-10-17 20:28:27,989 [grpc-default-executor-4] INFO  impl.RoleInfo (RoleInfo.java:updateAndGet(143)) - d81605c5-54b3-45a8-b5ae-2e8d8890cbef: start FollowerState
2019-10-17 20:28:27,989 [Thread-1368] INFO  impl.FollowerState (FollowerState.java:run(117)) - d81605c5-54b3-45a8-b5ae-2e8d8890cbef@group-C2BDBBDF155D-FollowerState was interrupted: java.lang.InterruptedException: sleep interrupted
2019-10-17 20:28:27,989 [grpc-default-executor-2] INFO  impl.RoleInfo (RoleInfo.java:shutdownFollowerState(121)) - 7f29c796-0732-402f-b865-67033766dcba: shutdown FollowerState
2019-10-17 20:28:27,990 [grpc-default-executor-2] INFO  impl.RoleInfo (RoleInfo.java:updateAndGet(143)) - 7f29c796-0732-402f-b865-67033766dcba: start FollowerState
2019-10-17 20:28:27,990 [Thread-1369] INFO  impl.FollowerState (FollowerState.java:run(117)) - 7f29c796-0732-402f-b865-67033766dcba@group-C2BDBBDF155D-FollowerState was interrupted: java.lang.InterruptedException: sleep interrupted
2019-10-17 20:28:28,019 [c07977b7-c8ef-4f3c-80b1-66a07c6e3dcd@group-C2BDBBDF155D-LeaderElection88] INFO  impl.LeaderElection (LeaderElection.java:logAndReturn(56)) - c07977b7-c8ef-4f3c-80b1-66a07c6e3dcd@group-C2BDBBDF155D-LeaderElection88: Election REJECTED; received 2 response(s) [c07977b7-c8ef-4f3c-80b1-66a07c6e3dcd<-d81605c5-54b3-45a8-b5ae-2e8d8890cbef#0:FAIL-t51, c07977b7-c8ef-4f3c-80b1-66a07c6e3dcd<-7f29c796-0732-402f-b865-67033766dcba#0:FAIL-t51] and 0 exception(s); c07977b7-c8ef-4f3c-80b1-66a07c6e3dcd@group-C2BDBBDF155D:t51, leader=null, voted=c07977b7-c8ef-4f3c-80b1-66a07c6e3dcd, raftlog=c07977b7-c8ef-4f3c-80b1-66a07c6e3dcd@group-C2BDBBDF155D-SegmentedRaftLog:OPENED:c-1,f-1,i0, conf=-1: [d81605c5-54b3-45a8-b5ae-2e8d8890cbef:192.168.164.201:42755, 7f29c796-0732-402f-b865-67033766dcba:192.168.164.201:40704, c07977b7-c8ef-4f3c-80b1-66a07c6e3dcd:192.168.164.201:38664], old=null
2019-10-17 20:28:28,020 [c07977b7-c8ef-4f3c-80b1-66a07c6e3dcd@group-C2BDBBDF155D-LeaderElection88] INFO  impl.RaftServerImpl (RaftServerImpl.java:setRole(184)) - c07977b7-c8ef-4f3c-80b1-66a07c6e3dcd@group-C2BDBBDF155D: changes role from CANDIDATE to FOLLOWER at term 51 for DISCOVERED_A_NEW_TERM
2019-10-17 20:28:28,020 [c07977b7-c8ef-4f3c-80b1-66a07c6e3dcd@group-C2BDBBDF155D-LeaderElection88] INFO  impl.RoleInfo (RoleInfo.java:shutdownLeaderElection(134)) - c07977b7-c8ef-4f3c-80b1-66a07c6e3dcd: shutdown LeaderElection
2019-10-17 20:28:28,020 [c07977b7-c8ef-4f3c-80b1-66a07c6e3dcd@group-C2BDBBDF155D-LeaderElection88] INFO  impl.RoleInfo (RoleInfo.java:updateAndGet(143)) - c07977b7-c8ef-4f3c-80b1-66a07c6e3dcd: start FollowerState
2019-10-17 20:28:28,127 [Thread-1376] INFO  impl.FollowerState (FollowerState.java:run(108)) - c07977b7-c8ef-4f3c-80b1-66a07c6e3dcd@group-C2BDBBDF155D-FollowerState: change to CANDIDATE, lastRpcTime:106ms, electionTimeout:106ms
2019-10-17 20:28:28,127 [Thread-1376] INFO  impl.RoleInfo (RoleInfo.java:shutdownFollowerState(121)) - c07977b7-c8ef-4f3c-80b1-66a07c6e3dcd: shutdown FollowerState
2019-10-17 20:28:28,127 [Thread-1376] INFO  impl.RaftServerImpl (RaftServerImpl.java:setRole(184)) - c07977b7-c8ef-4f3c-80b1-66a07c6e3dcd@group-C2BDBBDF155D: changes role from  FOLLOWER to CANDIDATE at term 51 for changeToCandidate
2019-10-17 20:28:28,127 [Thread-1376] INFO  impl.RoleInfo (RoleInfo.java:updateAndGet(143)) - c07977b7-c8ef-4f3c-80b1-66a07c6e3dcd: start LeaderElection
2019-10-17 20:28:28,151 [c07977b7-c8ef-4f3c-80b1-66a07c6e3dcd@group-C2BDBBDF155D-LeaderElection89] INFO  impl.LeaderElection (LeaderElection.java:askForVotes(178)) - c07977b7-c8ef-4f3c-80b1-66a07c6e3dcd@group-C2BDBBDF155D-LeaderElection89: begin an election at term 52 for -1: [d81605c5-54b3-45a8-b5ae-2e8d8890cbef:192.168.164.201:42755, 7f29c796-0732-402f-b865-67033766dcba:192.168.164.201:40704, c07977b7-c8ef-4f3c-80b1-66a07c6e3dcd:192.168.164.201:38664], old=null
2019-10-17 20:28:28,155 [grpc-default-executor-2] INFO  impl.RaftServerImpl (RaftServerImpl.java:setRole(184)) - d81605c5-54b3-45a8-b5ae-2e8d8890cbef@group-C2BDBBDF155D: changes role from  FOLLOWER to FOLLOWER at term 52 for recognizeCandidate:c07977b7-c8ef-4f3c-80b1-66a07c6e3dcd
2019-10-17 20:28:28,155 [grpc-default-executor-2] INFO  impl.RoleInfo (RoleInfo.java:shutdownFollowerState(121)) - d81605c5-54b3-45a8-b5ae-2e8d8890cbef: shutdown FollowerState
2019-10-17 20:28:28,155 [grpc-default-executor-2] INFO  impl.RoleInfo (RoleInfo.java:updateAndGet(143)) - d81605c5-54b3-45a8-b5ae-2e8d8890cbef: start FollowerState
2019-10-17 20:28:28,155 [Thread-1374] INFO  impl.FollowerState (FollowerState.java:run(117)) - d81605c5-54b3-45a8-b5ae-2e8d8890cbef@group-C2BDBBDF155D-FollowerState was interrupted: java.lang.InterruptedException: sleep interrupted
2019-10-17 20:28:28,155 [grpc-default-executor-4] INFO  impl.RaftServerImpl (RaftServerImpl.java:setRole(184)) - 7f29c796-0732-402f-b865-67033766dcba@group-C2BDBBDF155D: changes role from  FOLLOWER to FOLLOWER at term 52 for recognizeCandidate:c07977b7-c8ef-4f3c-80b1-66a07c6e3dcd
2019-10-17 20:28:28,156 [grpc-default-executor-4] INFO  impl.RoleInfo (RoleInfo.java:shutdownFollowerState(121)) - 7f29c796-0732-402f-b865-67033766dcba: shutdown FollowerState
2019-10-17 20:28:28,156 [Thread-1375] INFO  impl.FollowerState (FollowerState.java:run(117)) - 7f29c796-0732-402f-b865-67033766dcba@group-C2BDBBDF155D-FollowerState was interrupted: java.lang.InterruptedException: sleep interrupted
2019-10-17 20:28:28,156 [grpc-default-executor-4] INFO  impl.RoleInfo (RoleInfo.java:updateAndGet(143)) - 7f29c796-0732-402f-b865-67033766dcba: start FollowerState
2019-10-17 20:28:28,164 [c07977b7-c8ef-4f3c-80b1-66a07c6e3dcd@group-C2BDBBDF155D-LeaderElection89] INFO  impl.LeaderElection (LeaderElection.java:logAndReturn(56)) - c07977b7-c8ef-4f3c-80b1-66a07c6e3dcd@group-C2BDBBDF155D-LeaderElection89: Election TIMEOUT; received 0 response(s) [] and 0 exception(s); c07977b7-c8ef-4f3c-80b1-66a07c6e3dcd@group-C2BDBBDF155D:t52, leader=null, voted=c07977b7-c8ef-4f3c-80b1-66a07c6e3dcd, raftlog=c07977b7-c8ef-4f3c-80b1-66a07c6e3dcd@group-C2BDBBDF155D-SegmentedRaftLog:OPENED:c-1,f-1,i0, conf=-1: [d81605c5-54b3-45a8-b5ae-2e8d8890cbef:192.168.164.201:42755, 7f29c796-0732-402f-b865-67033766dcba:192.168.164.201:40704, c07977b7-c8ef-4f3c-80b1-66a07c6e3dcd:192.168.164.201:38664], old=null
2019-10-17 20:28:28,185 [c07977b7-c8ef-4f3c-80b1-66a07c6e3dcd@group-C2BDBBDF155D-LeaderElection89] INFO  impl.LeaderElection (LeaderElection.java:askForVotes(178)) - c07977b7-c8ef-4f3c-80b1-66a07c6e3dcd@group-C2BDBBDF155D-LeaderElection89: begin an election at term 53 for -1: [d81605c5-54b3-45a8-b5ae-2e8d8890cbef:192.168.164.201:42755, 7f29c796-0732-402f-b865-67033766dcba:192.168.164.201:40704, c07977b7-c8ef-4f3c-80b1-66a07c6e3dcd:192.168.164.201:38664], old=null
2019-10-17 20:28:28,188 [grpc-default-executor-4] INFO  impl.RaftServerImpl (RaftServerImpl.java:setRole(184)) - 7f29c796-0732-402f-b865-67033766dcba@group-C2BDBBDF155D: changes role from  FOLLOWER to FOLLOWER at term 53 for recognizeCandidate:c07977b7-c8ef-4f3c-80b1-66a07c6e3dcd
2019-10-17 20:28:28,188 [grpc-default-executor-4] INFO  impl.RoleInfo (RoleInfo.java:shutdownFollowerState(121)) - 7f29c796-0732-402f-b865-67033766dcba: shutdown FollowerState
2019-10-17 20:28:28,188 [grpc-default-executor-4] INFO  impl.RoleInfo (RoleInfo.java:updateAndGet(143)) - 7f29c796-0732-402f-b865-67033766dcba: start FollowerState
2019-10-17 20:28:28,188 [Thread-1381] INFO  impl.FollowerState (FollowerState.java:run(117)) - 7f29c796-0732-402f-b865-67033766dcba@group-C2BDBBDF155D-FollowerState was interrupted: java.lang.InterruptedException: sleep interrupted
2019-10-17 20:28:28,189 [grpc-default-executor-2] INFO  impl.RaftServerImpl (RaftServerImpl.java:setRole(184)) - d81605c5-54b3-45a8-b5ae-2e8d8890cbef@group-C2BDBBDF155D: changes role from  FOLLOWER to FOLLOWER at term 53 for recognizeCandidate:c07977b7-c8ef-4f3c-80b1-66a07c6e3dcd
2019-10-17 20:28:28,189 [grpc-default-executor-2] INFO  impl.RoleInfo (RoleInfo.java:shutdownFollowerState(121)) - d81605c5-54b3-45a8-b5ae-2e8d8890cbef: shutdown FollowerState
2019-10-17 20:28:28,189 [grpc-default-executor-2] INFO  impl.RoleInfo (RoleInfo.java:updateAndGet(143)) - d81605c5-54b3-45a8-b5ae-2e8d8890cbef: start FollowerState
2019-10-17 20:28:28,189 [Thread-1380] INFO  impl.FollowerState (FollowerState.java:run(117)) - d81605c5-54b3-45a8-b5ae-2e8d8890cbef@group-C2BDBBDF155D-FollowerState was interrupted: java.lang.InterruptedException: sleep interrupted
2019-10-17 20:28:28,213 [c07977b7-c8ef-4f3c-80b1-66a07c6e3dcd@group-C2BDBBDF155D-LeaderElection89] INFO  impl.LeaderElection (LeaderElection.java:logAndReturn(56)) - c07977b7-c8ef-4f3c-80b1-66a07c6e3dcd@group-C2BDBBDF155D-LeaderElection89: Election REJECTED; received 2 response(s) [c07977b7-c8ef-4f3c-80b1-66a07c6e3dcd<-d81605c5-54b3-45a8-b5ae-2e8d8890cbef#0:FAIL-t53, c07977b7-c8ef-4f3c-80b1-66a07c6e3dcd<-7f29c796-0732-402f-b865-67033766dcba#0:FAIL-t53] and 0 exception(s); c07977b7-c8ef-4f3c-80b1-66a07c6e3dcd@group-C2BDBBDF155D:t53, leader=null, voted=c07977b7-c8ef-4f3c-80b1-66a07c6e3dcd, raftlog=c07977b7-c8ef-4f3c-80b1-66a07c6e3dcd@group-C2BDBBDF155D-SegmentedRaftLog:OPENED:c-1,f-1,i0, conf=-1: [d81605c5-54b3-45a8-b5ae-2e8d8890cbef:192.168.164.201:42755, 7f29c796-0732-402f-b865-67033766dcba:192.168.164.201:40704, c07977b7-c8ef-4f3c-80b1-66a07c6e3dcd:192.168.164.201:38664], old=null
2019-10-17 20:28:28,213 [c07977b7-c8ef-4f3c-80b1-66a07c6e3dcd@group-C2BDBBDF155D-LeaderElection89] INFO  impl.RaftServerImpl (RaftServerImpl.java:setRole(184)) - c07977b7-c8ef-4f3c-80b1-66a07c6e3dcd@group-C2BDBBDF155D: changes role from CANDIDATE to FOLLOWER at term 53 for DISCOVERED_A_NEW_TERM
2019-10-17 20:28:28,213 [c07977b7-c8ef-4f3c-80b1-66a07c6e3dcd@group-C2BDBBDF155D-LeaderElection89] INFO  impl.RoleInfo (RoleInfo.java:shutdownLeaderElection(134)) - c07977b7-c8ef-4f3c-80b1-66a07c6e3dcd: shutdown LeaderElection
2019-10-17 20:28:28,213 [c07977b7-c8ef-4f3c-80b1-66a07c6e3dcd@group-C2BDBBDF155D-LeaderElection89] INFO  impl.RoleInfo (RoleInfo.java:updateAndGet(143)) - c07977b7-c8ef-4f3c-80b1-66a07c6e3dcd: start FollowerState
2019-10-17 20:28:28,303 [Thread-1386] INFO  impl.FollowerState (FollowerState.java:run(108)) - c07977b7-c8ef-4f3c-80b1-66a07c6e3dcd@group-C2BDBBDF155D-FollowerState: change to CANDIDATE, lastRpcTime:89ms, electionTimeout:89ms
2019-10-17 20:28:28,303 [Thread-1386] INFO  impl.RoleInfo (RoleInfo.java:shutdownFollowerState(121)) - c07977b7-c8ef-4f3c-80b1-66a07c6e3dcd: shutdown FollowerState
2019-10-17 20:28:28,303 [Thread-1386] INFO  impl.RaftServerImpl (RaftServerImpl.java:setRole(184)) - c07977b7-c8ef-4f3c-80b1-66a07c6e3dcd@group-C2BDBBDF155D: changes role from  FOLLOWER to CANDIDATE at term 53 for changeToCandidate
2019-10-17 20:28:28,303 [Thread-1386] INFO  impl.RoleInfo (RoleInfo.java:updateAndGet(143)) - c07977b7-c8ef-4f3c-80b1-66a07c6e3dcd: start LeaderElection
2019-10-17 20:28:28,328 [c07977b7-c8ef-4f3c-80b1-66a07c6e3dcd@group-C2BDBBDF155D-LeaderElection90] INFO  impl.LeaderElection (LeaderElection.java:askForVotes(178)) - c07977b7-c8ef-4f3c-80b1-66a07c6e3dcd@group-C2BDBBDF155D-LeaderElection90: begin an election at term 54 for -1: [d81605c5-54b3-45a8-b5ae-2e8d8890cbef:192.168.164.201:42755, 7f29c796-0732-402f-b865-67033766dcba:192.168.164.201:40704, c07977b7-c8ef-4f3c-80b1-66a07c6e3dcd:192.168.164.201:38664], old=null
2019-10-17 20:28:28,332 [grpc-default-executor-2] INFO  impl.RaftServerImpl (RaftServerImpl.java:setRole(184)) - 7f29c796-0732-402f-b865-67033766dcba@group-C2BDBBDF155D: changes role from  FOLLOWER to FOLLOWER at term 54 for recognizeCandidate:c07977b7-c8ef-4f3c-80b1-66a07c6e3dcd
2019-10-17 20:28:28,332 [grpc-default-executor-4] INFO  impl.RaftServerImpl (RaftServerImpl.java:setRole(184)) - d81605c5-54b3-45a8-b5ae-2e8d8890cbef@group-C2BDBBDF155D: changes role from  FOLLOWER to FOLLOWER at term 54 for recognizeCandidate:c07977b7-c8ef-4f3c-80b1-66a07c6e3dcd
2019-10-17 20:28:28,332 [grpc-default-executor-2] INFO  impl.RoleInfo (RoleInfo.java:shutdownFollowerState(121)) - 7f29c796-0732-402f-b865-67033766dcba: shutdown FollowerState
2019-10-17 20:28:28,332 [grpc-default-executor-4] INFO  impl.RoleInfo (RoleInfo.java:shutdownFollowerState(121)) - d81605c5-54b3-45a8-b5ae-2e8d8890cbef: shutdown FollowerState
2019-10-17 20:28:28,333 [grpc-default-executor-2] INFO  impl.RoleInfo (RoleInfo.java:updateAndGet(143)) - 7f29c796-0732-402f-b865-67033766dcba: start FollowerState
2019-10-17 20:28:28,333 [Thread-1384] INFO  impl.FollowerState (FollowerState.java:run(117)) - 7f29c796-0732-402f-b865-67033766dcba@group-C2BDBBDF155D-FollowerState was interrupted: java.lang.InterruptedException: sleep interrupted
2019-10-17 20:28:28,333 [Thread-1385] INFO  impl.FollowerState (FollowerState.java:run(117)) - d81605c5-54b3-45a8-b5ae-2e8d8890cbef@group-C2BDBBDF155D-FollowerState was interrupted: java.lang.InterruptedException: sleep interrupted
2019-10-17 20:28:28,333 [grpc-default-executor-4] INFO  impl.RoleInfo (RoleInfo.java:updateAndGet(143)) - d81605c5-54b3-45a8-b5ae-2e8d8890cbef: start FollowerState
2019-10-17 20:28:28,363 [c07977b7-c8ef-4f3c-80b1-66a07c6e3dcd@group-C2BDBBDF155D-LeaderElection90] INFO  impl.LeaderElection (LeaderElection.java:logAndReturn(56)) - c07977b7-c8ef-4f3c-80b1-66a07c6e3dcd@group-C2BDBBDF155D-LeaderElection90: Election REJECTED; received 2 response(s) [c07977b7-c8ef-4f3c-80b1-66a07c6e3dcd<-d81605c5-54b3-45a8-b5ae-2e8d8890cbef#0:FAIL-t54, c07977b7-c8ef-4f3c-80b1-66a07c6e3dcd<-7f29c796-0732-402f-b865-67033766dcba#0:FAIL-t54] and 0 exception(s); c07977b7-c8ef-4f3c-80b1-66a07c6e3dcd@group-C2BDBBDF155D:t54, leader=null, voted=c07977b7-c8ef-4f3c-80b1-66a07c6e3dcd, raftlog=c07977b7-c8ef-4f3c-80b1-66a07c6e3dcd@group-C2BDBBDF155D-SegmentedRaftLog:OPENED:c-1,f-1,i0, conf=-1: [d81605c5-54b3-45a8-b5ae-2e8d8890cbef:192.168.164.201:42755, 7f29c796-0732-402f-b865-67033766dcba:192.168.164.201:40704, c07977b7-c8ef-4f3c-80b1-66a07c6e3dcd:192.168.164.201:38664], old=null
2019-10-17 20:28:28,363 [c07977b7-c8ef-4f3c-80b1-66a07c6e3dcd@group-C2BDBBDF155D-LeaderElection90] INFO  impl.RaftServerImpl (RaftServerImpl.java:setRole(184)) - c07977b7-c8ef-4f3c-80b1-66a07c6e3dcd@group-C2BDBBDF155D: changes role from CANDIDATE to FOLLOWER at term 54 for DISCOVERED_A_NEW_TERM
2019-10-17 20:28:28,363 [c07977b7-c8ef-4f3c-80b1-66a07c6e3dcd@group-C2BDBBDF155D-LeaderElection90] INFO  impl.RoleInfo (RoleInfo.java:shutdownLeaderElection(134)) - c07977b7-c8ef-4f3c-80b1-66a07c6e3dcd: shutdown LeaderElection
2019-10-17 20:28:28,363 [c07977b7-c8ef-4f3c-80b1-66a07c6e3dcd@group-C2BDBBDF155D-LeaderElection90] INFO  impl.RoleInfo (RoleInfo.java:updateAndGet(143)) - c07977b7-c8ef-4f3c-80b1-66a07c6e3dcd: start FollowerState
2019-10-17 20:28:28,388 [Thread-1392] INFO  impl.FollowerState (FollowerState.java:run(108)) - c07977b7-c8ef-4f3c-80b1-66a07c6e3dcd@group-C2BDBBDF155D-FollowerState: change to CANDIDATE, lastRpcTime:24ms, electionTimeout:24ms
2019-10-17 20:28:28,388 [Thread-1392] INFO  impl.RoleInfo (RoleInfo.java:shutdownFollowerState(121)) - c07977b7-c8ef-4f3c-80b1-66a07c6e3dcd: shutdown FollowerState
2019-10-17 20:28:28,388 [Thread-1392] INFO  impl.RaftServerImpl (RaftServerImpl.java:setRole(184)) - c07977b7-c8ef-4f3c-80b1-66a07c6e3dcd@group-C2BDBBDF155D: changes role from  FOLLOWER to CANDIDATE at term 54 for changeToCandidate
2019-10-17 20:28:28,388 [Thread-1392] INFO  impl.RoleInfo (RoleInfo.java:updateAndGet(143)) - c07977b7-c8ef-4f3c-80b1-66a07c6e3dcd: start LeaderElection
2019-10-17 20:28:28,412 [c07977b7-c8ef-4f3c-80b1-66a07c6e3dcd@group-C2BDBBDF155D-LeaderElection91] INFO  impl.LeaderElection (LeaderElection.java:askForVotes(178)) - c07977b7-c8ef-4f3c-80b1-66a07c6e3dcd@group-C2BDBBDF155D-LeaderElection91: begin an election at term 55 for -1: [d81605c5-54b3-45a8-b5ae-2e8d8890cbef:192.168.164.201:42755, 7f29c796-0732-402f-b865-67033766dcba:192.168.164.201:40704, c07977b7-c8ef-4f3c-80b1-66a07c6e3dcd:192.168.164.201:38664], old=null
2019-10-17 20:28:28,414 [grpc-default-executor-2] INFO  impl.RaftServerImpl (RaftServerImpl.java:setRole(184)) - 7f29c796-0732-402f-b865-67033766dcba@group-C2BDBBDF155D: changes role from  FOLLOWER to FOLLOWER at term 55 for recognizeCandidate:c07977b7-c8ef-4f3c-80b1-66a07c6e3dcd
2019-10-17 20:28:28,415 [grpc-default-executor-2] INFO  impl.RoleInfo (RoleInfo.java:shutdownFollowerState(121)) - 7f29c796-0732-402f-b865-67033766dcba: shutdown FollowerState
2019-10-17 20:28:28,415 [grpc-default-executor-2] INFO  impl.RoleInfo (RoleInfo.java:updateAndGet(143)) - 7f29c796-0732-402f-b865-67033766dcba: start FollowerState
2019-10-17 20:28:28,415 [Thread-1390] INFO  impl.FollowerState (FollowerState.java:run(117)) - 7f29c796-0732-402f-b865-67033766dcba@group-C2BDBBDF155D-FollowerState was interrupted: java.lang.InterruptedException: sleep interrupted
2019-10-17 20:28:28,415 [grpc-default-executor-4] INFO  impl.RaftServerImpl (RaftServerImpl.java:setRole(184)) - d81605c5-54b3-45a8-b5ae-2e8d8890cbef@group-C2BDBBDF155D: changes role from  FOLLOWER to FOLLOWER at term 55 for recognizeCandidate:c07977b7-c8ef-4f3c-80b1-66a07c6e3dcd
2019-10-17 20:28:28,415 [grpc-default-executor-4] INFO  impl.RoleInfo (RoleInfo.java:shutdownFollowerState(121)) - d81605c5-54b3-45a8-b5ae-2e8d8890cbef: shutdown FollowerState
2019-10-17 20:28:28,415 [grpc-default-executor-4] INFO  impl.RoleInfo (RoleInfo.java:updateAndGet(143)) - d81605c5-54b3-45a8-b5ae-2e8d8890cbef: start FollowerState
2019-10-17 20:28:28,415 [Thread-1391] INFO  impl.FollowerState (FollowerState.java:run(117)) - d81605c5-54b3-45a8-b5ae-2e8d8890cbef@group-C2BDBBDF155D-FollowerState was interrupted: java.lang.InterruptedException: sleep interrupted
2019-10-17 20:28:28,448 [c07977b7-c8ef-4f3c-80b1-66a07c6e3dcd@group-C2BDBBDF155D-LeaderElection91] INFO  impl.LeaderElection (LeaderElection.java:logAndReturn(56)) - c07977b7-c8ef-4f3c-80b1-66a07c6e3dcd@group-C2BDBBDF155D-LeaderElection91: Election REJECTED; received 2 response(s) [c07977b7-c8ef-4f3c-80b1-66a07c6e3dcd<-d81605c5-54b3-45a8-b5ae-2e8d8890cbef#0:FAIL-t55, c07977b7-c8ef-4f3c-80b1-66a07c6e3dcd<-7f29c796-0732-402f-b865-67033766dcba#0:FAIL-t55] and 0 exception(s); c07977b7-c8ef-4f3c-80b1-66a07c6e3dcd@group-C2BDBBDF155D:t55, leader=null, voted=c07977b7-c8ef-4f3c-80b1-66a07c6e3dcd, raftlog=c07977b7-c8ef-4f3c-80b1-66a07c6e3dcd@group-C2BDBBDF155D-SegmentedRaftLog:OPENED:c-1,f-1,i0, conf=-1: [d81605c5-54b3-45a8-b5ae-2e8d8890cbef:192.168.164.201:42755, 7f29c796-0732-402f-b865-67033766dcba:192.168.164.201:40704, c07977b7-c8ef-4f3c-80b1-66a07c6e3dcd:192.168.164.201:38664], old=null
2019-10-17 20:28:28,449 [c07977b7-c8ef-4f3c-80b1-66a07c6e3dcd@group-C2BDBBDF155D-LeaderElection91] INFO  impl.RaftServerImpl (RaftServerImpl.java:setRole(184)) - c07977b7-c8ef-4f3c-80b1-66a07c6e3dcd@group-C2BDBBDF155D: changes role from CANDIDATE to FOLLOWER at term 55 for DISCOVERED_A_NEW_TERM
2019-10-17 20:28:28,449 [c07977b7-c8ef-4f3c-80b1-66a07c6e3dcd@group-C2BDBBDF155D-LeaderElection91] INFO  impl.RoleInfo (RoleInfo.java:shutdownLeaderElection(134)) - c07977b7-c8ef-4f3c-80b1-66a07c6e3dcd: shutdown LeaderElection
2019-10-17 20:28:28,449 [c07977b7-c8ef-4f3c-80b1-66a07c6e3dcd@group-C2BDBBDF155D-LeaderElection91] INFO  impl.RoleInfo (RoleInfo.java:updateAndGet(143)) - c07977b7-c8ef-4f3c-80b1-66a07c6e3dcd: start FollowerState
2019-10-17 20:28:28,533 [Thread-754] INFO  ozone.MiniOzoneClusterImpl (MiniOzoneClusterImpl.java:lambda$waitForClusterToBeReady$2(164)) - Waiting for 1 number of pipelines out of 4, to report a leader.
2019-10-17 20:28:28,564 [Thread-1398] INFO  impl.FollowerState (FollowerState.java:run(108)) - c07977b7-c8ef-4f3c-80b1-66a07c6e3dcd@group-C2BDBBDF155D-FollowerState: change to CANDIDATE, lastRpcTime:114ms, electionTimeout:114ms
2019-10-17 20:28:28,564 [Thread-1398] INFO  impl.RoleInfo (RoleInfo.java:shutdownFollowerState(121)) - c07977b7-c8ef-4f3c-80b1-66a07c6e3dcd: shutdown FollowerState
2019-10-17 20:28:28,564 [Thread-1398] INFO  impl.RaftServerImpl (RaftServerImpl.java:setRole(184)) - c07977b7-c8ef-4f3c-80b1-66a07c6e3dcd@group-C2BDBBDF155D: changes role from  FOLLOWER to CANDIDATE at term 55 for changeToCandidate
2019-10-17 20:28:28,564 [Thread-1398] INFO  impl.RoleInfo (RoleInfo.java:updateAndGet(143)) - c07977b7-c8ef-4f3c-80b1-66a07c6e3dcd: start LeaderElection
2019-10-17 20:28:28,589 [c07977b7-c8ef-4f3c-80b1-66a07c6e3dcd@group-C2BDBBDF155D-LeaderElection92] INFO  impl.LeaderElection (LeaderElection.java:askForVotes(178)) - c07977b7-c8ef-4f3c-80b1-66a07c6e3dcd@group-C2BDBBDF155D-LeaderElection92: begin an election at term 56 for -1: [d81605c5-54b3-45a8-b5ae-2e8d8890cbef:192.168.164.201:42755, 7f29c796-0732-402f-b865-67033766dcba:192.168.164.201:40704, c07977b7-c8ef-4f3c-80b1-66a07c6e3dcd:192.168.164.201:38664], old=null
2019-10-17 20:28:28,592 [grpc-default-executor-2] INFO  impl.RaftServerImpl (RaftServerImpl.java:setRole(184)) - 7f29c796-0732-402f-b865-67033766dcba@group-C2BDBBDF155D: changes role from  FOLLOWER to FOLLOWER at term 56 for recognizeCandidate:c07977b7-c8ef-4f3c-80b1-66a07c6e3dcd
2019-10-17 20:28:28,592 [c07977b7-c8ef-4f3c-80b1-66a07c6e3dcd@group-C2BDBBDF155D-LeaderElection92] INFO  impl.LeaderElection (LeaderElection.java:logAndReturn(56)) - c07977b7-c8ef-4f3c-80b1-66a07c6e3dcd@group-C2BDBBDF155D-LeaderElection92: Election TIMEOUT; received 0 response(s) [] and 0 exception(s); c07977b7-c8ef-4f3c-80b1-66a07c6e3dcd@group-C2BDBBDF155D:t56, leader=null, voted=c07977b7-c8ef-4f3c-80b1-66a07c6e3dcd, raftlog=c07977b7-c8ef-4f3c-80b1-66a07c6e3dcd@group-C2BDBBDF155D-SegmentedRaftLog:OPENED:c-1,f-1,i0, conf=-1: [d81605c5-54b3-45a8-b5ae-2e8d8890cbef:192.168.164.201:42755, 7f29c796-0732-402f-b865-67033766dcba:192.168.164.201:40704, c07977b7-c8ef-4f3c-80b1-66a07c6e3dcd:192.168.164.201:38664], old=null
2019-10-17 20:28:28,592 [grpc-default-executor-4] INFO  impl.RaftServerImpl (RaftServerImpl.java:setRole(184)) - d81605c5-54b3-45a8-b5ae-2e8d8890cbef@group-C2BDBBDF155D: changes role from  FOLLOWER to FOLLOWER at term 56 for recognizeCandidate:c07977b7-c8ef-4f3c-80b1-66a07c6e3dcd
2019-10-17 20:28:28,593 [grpc-default-executor-2] INFO  impl.RoleInfo (RoleInfo.java:shutdownFollowerState(121)) - 7f29c796-0732-402f-b865-67033766dcba: shutdown FollowerState
2019-10-17 20:28:28,593 [grpc-default-executor-4] INFO  impl.RoleInfo (RoleInfo.java:shutdownFollowerState(121)) - d81605c5-54b3-45a8-b5ae-2e8d8890cbef: shutdown FollowerState
2019-10-17 20:28:28,593 [Thread-1396] INFO  impl.FollowerState (FollowerState.java:run(117)) - 7f29c796-0732-402f-b865-67033766dcba@group-C2BDBBDF155D-FollowerState was interrupted: java.lang.InterruptedException: sleep interrupted
2019-10-17 20:28:28,593 [Thread-1397] INFO  impl.FollowerState (FollowerState.java:run(117)) - d81605c5-54b3-45a8-b5ae-2e8d8890cbef@group-C2BDBBDF155D-FollowerState was interrupted: java.lang.InterruptedException: sleep interrupted
2019-10-17 20:28:28,593 [grpc-default-executor-4] INFO  impl.RoleInfo (RoleInfo.java:updateAndGet(143)) - d81605c5-54b3-45a8-b5ae-2e8d8890cbef: start FollowerState
2019-10-17 20:28:28,593 [grpc-default-executor-2] INFO  impl.RoleInfo (RoleInfo.java:updateAndGet(143)) - 7f29c796-0732-402f-b865-67033766dcba: start FollowerState
2019-10-17 20:28:28,614 [c07977b7-c8ef-4f3c-80b1-66a07c6e3dcd@group-C2BDBBDF155D-LeaderElection92] INFO  impl.LeaderElection (LeaderElection.java:askForVotes(178)) - c07977b7-c8ef-4f3c-80b1-66a07c6e3dcd@group-C2BDBBDF155D-LeaderElection92: begin an election at term 57 for -1: [d81605c5-54b3-45a8-b5ae-2e8d8890cbef:192.168.164.201:42755, 7f29c796-0732-402f-b865-67033766dcba:192.168.164.201:40704, c07977b7-c8ef-4f3c-80b1-66a07c6e3dcd:192.168.164.201:38664], old=null
2019-10-17 20:28:28,617 [grpc-default-executor-2] INFO  impl.RaftServerImpl (RaftServerImpl.java:setRole(184)) - 7f29c796-0732-402f-b865-67033766dcba@group-C2BDBBDF155D: changes role from  FOLLOWER to FOLLOWER at term 57 for recognizeCandidate:c07977b7-c8ef-4f3c-80b1-66a07c6e3dcd
2019-10-17 20:28:28,617 [grpc-default-executor-4] INFO  impl.RaftServerImpl (RaftServerImpl.java:setRole(184)) - d81605c5-54b3-45a8-b5ae-2e8d8890cbef@group-C2BDBBDF155D: changes role from  FOLLOWER to FOLLOWER at term 57 for recognizeCandidate:c07977b7-c8ef-4f3c-80b1-66a07c6e3dcd
2019-10-17 20:28:28,617 [grpc-default-executor-2] INFO  impl.RoleInfo (RoleInfo.java:shutdownFollowerState(121)) - 7f29c796-0732-402f-b865-67033766dcba: shutdown FollowerState
2019-10-17 20:28:28,617 [grpc-default-executor-4] INFO  impl.RoleInfo (RoleInfo.java:shutdownFollowerState(121)) - d81605c5-54b3-45a8-b5ae-2e8d8890cbef: shutdown FollowerState
2019-10-17 20:28:28,617 [Thread-1402] INFO  impl.FollowerState (FollowerState.java:run(117)) - 7f29c796-0732-402f-b865-67033766dcba@group-C2BDBBDF155D-FollowerState was interrupted: java.lang.InterruptedException: sleep interrupted
2019-10-17 20:28:28,617 [grpc-default-executor-2] INFO  impl.RoleInfo (RoleInfo.java:updateAndGet(143)) - 7f29c796-0732-402f-b865-67033766dcba: start FollowerState
2019-10-17 20:28:28,618 [Thread-1403] INFO  impl.FollowerState (FollowerState.java:run(117)) - d81605c5-54b3-45a8-b5ae-2e8d8890cbef@group-C2BDBBDF155D-FollowerState was interrupted: java.lang.InterruptedException: sleep interrupted
2019-10-17 20:28:28,618 [grpc-default-executor-4] INFO  impl.RoleInfo (RoleInfo.java:updateAndGet(143)) - d81605c5-54b3-45a8-b5ae-2e8d8890cbef: start FollowerState
2019-10-17 20:28:28,650 [c07977b7-c8ef-4f3c-80b1-66a07c6e3dcd@group-C2BDBBDF155D-LeaderElection92] INFO  impl.LeaderElection (LeaderElection.java:logAndReturn(56)) - c07977b7-c8ef-4f3c-80b1-66a07c6e3dcd@group-C2BDBBDF155D-LeaderElection92: Election REJECTED; received 2 response(s) [c07977b7-c8ef-4f3c-80b1-66a07c6e3dcd<-d81605c5-54b3-45a8-b5ae-2e8d8890cbef#0:FAIL-t57, c07977b7-c8ef-4f3c-80b1-66a07c6e3dcd<-7f29c796-0732-402f-b865-67033766dcba#0:FAIL-t57] and 0 exception(s); c07977b7-c8ef-4f3c-80b1-66a07c6e3dcd@group-C2BDBBDF155D:t57, leader=null, voted=c07977b7-c8ef-4f3c-80b1-66a07c6e3dcd, raftlog=c07977b7-c8ef-4f3c-80b1-66a07c6e3dcd@group-C2BDBBDF155D-SegmentedRaftLog:OPENED:c-1,f-1,i0, conf=-1: [d81605c5-54b3-45a8-b5ae-2e8d8890cbef:192.168.164.201:42755, 7f29c796-0732-402f-b865-67033766dcba:192.168.164.201:40704, c07977b7-c8ef-4f3c-80b1-66a07c6e3dcd:192.168.164.201:38664], old=null
2019-10-17 20:28:28,650 [c07977b7-c8ef-4f3c-80b1-66a07c6e3dcd@group-C2BDBBDF155D-LeaderElection92] INFO  impl.RaftServerImpl (RaftServerImpl.java:setRole(184)) - c07977b7-c8ef-4f3c-80b1-66a07c6e3dcd@group-C2BDBBDF155D: changes role from CANDIDATE to FOLLOWER at term 57 for DISCOVERED_A_NEW_TERM
2019-10-17 20:28:28,650 [c07977b7-c8ef-4f3c-80b1-66a07c6e3dcd@group-C2BDBBDF155D-LeaderElection92] INFO  impl.RoleInfo (RoleInfo.java:shutdownLeaderElection(134)) - c07977b7-c8ef-4f3c-80b1-66a07c6e3dcd: shutdown LeaderElection
2019-10-17 20:28:28,650 [c07977b7-c8ef-4f3c-80b1-66a07c6e3dcd@group-C2BDBBDF155D-LeaderElection92] INFO  impl.RoleInfo (RoleInfo.java:updateAndGet(143)) - c07977b7-c8ef-4f3c-80b1-66a07c6e3dcd: start FollowerState
2019-10-17 20:28:28,708 [Thread-1408] INFO  impl.FollowerState (FollowerState.java:run(108)) - c07977b7-c8ef-4f3c-80b1-66a07c6e3dcd@group-C2BDBBDF155D-FollowerState: change to CANDIDATE, lastRpcTime:57ms, electionTimeout:57ms
2019-10-17 20:28:28,708 [Thread-1408] INFO  impl.RoleInfo (RoleInfo.java:shutdownFollowerState(121)) - c07977b7-c8ef-4f3c-80b1-66a07c6e3dcd: shutdown FollowerState
2019-10-17 20:28:28,708 [Thread-1408] INFO  impl.RaftServerImpl (RaftServerImpl.java:setRole(184)) - c07977b7-c8ef-4f3c-80b1-66a07c6e3dcd@group-C2BDBBDF155D: changes role from  FOLLOWER to CANDIDATE at term 57 for changeToCandidate
2019-10-17 20:28:28,709 [Thread-1408] INFO  impl.RoleInfo (RoleInfo.java:updateAndGet(143)) - c07977b7-c8ef-4f3c-80b1-66a07c6e3dcd: start LeaderElection
2019-10-17 20:28:28,740 [c07977b7-c8ef-4f3c-80b1-66a07c6e3dcd@group-C2BDBBDF155D-LeaderElection93] INFO  impl.LeaderElection (LeaderElection.java:askForVotes(178)) - c07977b7-c8ef-4f3c-80b1-66a07c6e3dcd@group-C2BDBBDF155D-LeaderElection93: begin an election at term 58 for -1: [d81605c5-54b3-45a8-b5ae-2e8d8890cbef:192.168.164.201:42755, 7f29c796-0732-402f-b865-67033766dcba:192.168.164.201:40704, c07977b7-c8ef-4f3c-80b1-66a07c6e3dcd:192.168.164.201:38664], old=null
2019-10-17 20:28:28,744 [grpc-default-executor-2] INFO  impl.RaftServerImpl (RaftServerImpl.java:setRole(184)) - 7f29c796-0732-402f-b865-67033766dcba@group-C2BDBBDF155D: changes role from  FOLLOWER to FOLLOWER at term 58 for recognizeCandidate:c07977b7-c8ef-4f3c-80b1-66a07c6e3dcd
2019-10-17 20:28:28,744 [grpc-default-executor-2] INFO  impl.RoleInfo (RoleInfo.java:shutdownFollowerState(121)) - 7f29c796-0732-402f-b865-67033766dcba: shutdown FollowerState
2019-10-17 20:28:28,744 [grpc-default-executor-2] INFO  impl.RoleInfo (RoleInfo.java:updateAndGet(143)) - 7f29c796-0732-402f-b865-67033766dcba: start FollowerState
2019-10-17 20:28:28,744 [grpc-default-executor-4] INFO  impl.RaftServerImpl (RaftServerImpl.java:setRole(184)) - d81605c5-54b3-45a8-b5ae-2e8d8890cbef@group-C2BDBBDF155D: changes role from  FOLLOWER to FOLLOWER at term 58 for recognizeCandidate:c07977b7-c8ef-4f3c-80b1-66a07c6e3dcd
2019-10-17 20:28:28,744 [Thread-1406] INFO  impl.FollowerState (FollowerState.java:run(117)) - 7f29c796-0732-402f-b865-67033766dcba@group-C2BDBBDF155D-FollowerState was interrupted: java.lang.InterruptedException: sleep interrupted
2019-10-17 20:28:28,744 [grpc-default-executor-4] INFO  impl.RoleInfo (RoleInfo.java:shutdownFollowerState(121)) - d81605c5-54b3-45a8-b5ae-2e8d8890cbef: shutdown FollowerState
2019-10-17 20:28:28,745 [grpc-default-executor-4] INFO  impl.RoleInfo (RoleInfo.java:updateAndGet(143)) - d81605c5-54b3-45a8-b5ae-2e8d8890cbef: start FollowerState
2019-10-17 20:28:28,745 [Thread-1407] INFO  impl.FollowerState (FollowerState.java:run(117)) - d81605c5-54b3-45a8-b5ae-2e8d8890cbef@group-C2BDBBDF155D-FollowerState was interrupted: java.lang.InterruptedException: sleep interrupted
2019-10-17 20:28:28,775 [c07977b7-c8ef-4f3c-80b1-66a07c6e3dcd@group-C2BDBBDF155D-LeaderElection93] INFO  impl.LeaderElection (LeaderElection.java:logAndReturn(56)) - c07977b7-c8ef-4f3c-80b1-66a07c6e3dcd@group-C2BDBBDF155D-LeaderElection93: Election REJECTED; received 2 response(s) [c07977b7-c8ef-4f3c-80b1-66a07c6e3dcd<-d81605c5-54b3-45a8-b5ae-2e8d8890cbef#0:FAIL-t58, c07977b7-c8ef-4f3c-80b1-66a07c6e3dcd<-7f29c796-0732-402f-b865-67033766dcba#0:FAIL-t58] and 0 exception(s); c07977b7-c8ef-4f3c-80b1-66a07c6e3dcd@group-C2BDBBDF155D:t58, leader=null, voted=c07977b7-c8ef-4f3c-80b1-66a07c6e3dcd, raftlog=c07977b7-c8ef-4f3c-80b1-66a07c6e3dcd@group-C2BDBBDF155D-SegmentedRaftLog:OPENED:c-1,f-1,i0, conf=-1: [d81605c5-54b3-45a8-b5ae-2e8d8890cbef:192.168.164.201:42755, 7f29c796-0732-402f-b865-67033766dcba:192.168.164.201:40704, c07977b7-c8ef-4f3c-80b1-66a07c6e3dcd:192.168.164.201:38664], old=null
2019-10-17 20:28:28,775 [c07977b7-c8ef-4f3c-80b1-66a07c6e3dcd@group-C2BDBBDF155D-LeaderElection93] INFO  impl.RaftServerImpl (RaftServerImpl.java:setRole(184)) - c07977b7-c8ef-4f3c-80b1-66a07c6e3dcd@group-C2BDBBDF155D: changes role from CANDIDATE to FOLLOWER at term 58 for DISCOVERED_A_NEW_TERM
2019-10-17 20:28:28,776 [c07977b7-c8ef-4f3c-80b1-66a07c6e3dcd@group-C2BDBBDF155D-LeaderElection93] INFO  impl.RoleInfo (RoleInfo.java:shutdownLeaderElection(134)) - c07977b7-c8ef-4f3c-80b1-66a07c6e3dcd: shutdown LeaderElection
2019-10-17 20:28:28,776 [c07977b7-c8ef-4f3c-80b1-66a07c6e3dcd@group-C2BDBBDF155D-LeaderElection93] INFO  impl.RoleInfo (RoleInfo.java:updateAndGet(143)) - c07977b7-c8ef-4f3c-80b1-66a07c6e3dcd: start FollowerState
2019-10-17 20:28:28,799 [Thread-1414] INFO  impl.FollowerState (FollowerState.java:run(108)) - c07977b7-c8ef-4f3c-80b1-66a07c6e3dcd@group-C2BDBBDF155D-FollowerState: change to CANDIDATE, lastRpcTime:23ms, electionTimeout:23ms
2019-10-17 20:28:28,800 [Thread-1414] INFO  impl.RoleInfo (RoleInfo.java:shutdownFollowerState(121)) - c07977b7-c8ef-4f3c-80b1-66a07c6e3dcd: shutdown FollowerState
2019-10-17 20:28:28,800 [Thread-1414] INFO  impl.RaftServerImpl (RaftServerImpl.java:setRole(184)) - c07977b7-c8ef-4f3c-80b1-66a07c6e3dcd@group-C2BDBBDF155D: changes role from  FOLLOWER to CANDIDATE at term 58 for changeToCandidate
2019-10-17 20:28:28,800 [Thread-1414] INFO  impl.RoleInfo (RoleInfo.java:updateAndGet(143)) - c07977b7-c8ef-4f3c-80b1-66a07c6e3dcd: start LeaderElection
2019-10-17 20:28:28,824 [c07977b7-c8ef-4f3c-80b1-66a07c6e3dcd@group-C2BDBBDF155D-LeaderElection94] INFO  impl.LeaderElection (LeaderElection.java:askForVotes(178)) - c07977b7-c8ef-4f3c-80b1-66a07c6e3dcd@group-C2BDBBDF155D-LeaderElection94: begin an election at term 59 for -1: [d81605c5-54b3-45a8-b5ae-2e8d8890cbef:192.168.164.201:42755, 7f29c796-0732-402f-b865-67033766dcba:192.168.164.201:40704, c07977b7-c8ef-4f3c-80b1-66a07c6e3dcd:192.168.164.201:38664], old=null
2019-10-17 20:28:28,827 [grpc-default-executor-4] INFO  impl.RaftServerImpl (RaftServerImpl.java:setRole(184)) - 7f29c796-0732-402f-b865-67033766dcba@group-C2BDBBDF155D: changes role from  FOLLOWER to FOLLOWER at term 59 for recognizeCandidate:c07977b7-c8ef-4f3c-80b1-66a07c6e3dcd
2019-10-17 20:28:28,827 [grpc-default-executor-4] INFO  impl.RoleInfo (RoleInfo.java:shutdownFollowerState(121)) - 7f29c796-0732-402f-b865-67033766dcba: shutdown FollowerState
2019-10-17 20:28:28,827 [grpc-default-executor-2] INFO  impl.RaftServerImpl (RaftServerImpl.java:setRole(184)) - d81605c5-54b3-45a8-b5ae-2e8d8890cbef@group-C2BDBBDF155D: changes role from  FOLLOWER to FOLLOWER at term 59 for recognizeCandidate:c07977b7-c8ef-4f3c-80b1-66a07c6e3dcd
2019-10-17 20:28:28,827 [grpc-default-executor-2] INFO  impl.RoleInfo (RoleInfo.java:shutdownFollowerState(121)) - d81605c5-54b3-45a8-b5ae-2e8d8890cbef: shutdown FollowerState
2019-10-17 20:28:28,827 [Thread-1412] INFO  impl.FollowerState (FollowerState.java:run(117)) - 7f29c796-0732-402f-b865-67033766dcba@group-C2BDBBDF155D-FollowerState was interrupted: java.lang.InterruptedException: sleep interrupted
2019-10-17 20:28:28,827 [grpc-default-executor-4] INFO  impl.RoleInfo (RoleInfo.java:updateAndGet(143)) - 7f29c796-0732-402f-b865-67033766dcba: start FollowerState
2019-10-17 20:28:28,827 [Thread-1413] INFO  impl.FollowerState (FollowerState.java:run(117)) - d81605c5-54b3-45a8-b5ae-2e8d8890cbef@group-C2BDBBDF155D-FollowerState was interrupted: java.lang.InterruptedException: sleep interrupted
2019-10-17 20:28:28,827 [grpc-default-executor-2] INFO  impl.RoleInfo (RoleInfo.java:updateAndGet(143)) - d81605c5-54b3-45a8-b5ae-2e8d8890cbef: start FollowerState
2019-10-17 20:28:28,851 [c07977b7-c8ef-4f3c-80b1-66a07c6e3dcd@group-C2BDBBDF155D-LeaderElection94] INFO  impl.LeaderElection (LeaderElection.java:logAndReturn(56)) - c07977b7-c8ef-4f3c-80b1-66a07c6e3dcd@group-C2BDBBDF155D-LeaderElection94: Election REJECTED; received 2 response(s) [c07977b7-c8ef-4f3c-80b1-66a07c6e3dcd<-d81605c5-54b3-45a8-b5ae-2e8d8890cbef#0:FAIL-t59, c07977b7-c8ef-4f3c-80b1-66a07c6e3dcd<-7f29c796-0732-402f-b865-67033766dcba#0:FAIL-t59] and 0 exception(s); c07977b7-c8ef-4f3c-80b1-66a07c6e3dcd@group-C2BDBBDF155D:t59, leader=null, voted=c07977b7-c8ef-4f3c-80b1-66a07c6e3dcd, raftlog=c07977b7-c8ef-4f3c-80b1-66a07c6e3dcd@group-C2BDBBDF155D-SegmentedRaftLog:OPENED:c-1,f-1,i0, conf=-1: [d81605c5-54b3-45a8-b5ae-2e8d8890cbef:192.168.164.201:42755, 7f29c796-0732-402f-b865-67033766dcba:192.168.164.201:40704, c07977b7-c8ef-4f3c-80b1-66a07c6e3dcd:192.168.164.201:38664], old=null
2019-10-17 20:28:28,851 [c07977b7-c8ef-4f3c-80b1-66a07c6e3dcd@group-C2BDBBDF155D-LeaderElection94] INFO  impl.RaftServerImpl (RaftServerImpl.java:setRole(184)) - c07977b7-c8ef-4f3c-80b1-66a07c6e3dcd@group-C2BDBBDF155D: changes role from CANDIDATE to FOLLOWER at term 59 for DISCOVERED_A_NEW_TERM
2019-10-17 20:28:28,851 [c07977b7-c8ef-4f3c-80b1-66a07c6e3dcd@group-C2BDBBDF155D-LeaderElection94] INFO  impl.RoleInfo (RoleInfo.java:shutdownLeaderElection(134)) - c07977b7-c8ef-4f3c-80b1-66a07c6e3dcd: shutdown LeaderElection
2019-10-17 20:28:28,851 [c07977b7-c8ef-4f3c-80b1-66a07c6e3dcd@group-C2BDBBDF155D-LeaderElection94] INFO  impl.RoleInfo (RoleInfo.java:updateAndGet(143)) - c07977b7-c8ef-4f3c-80b1-66a07c6e3dcd: start FollowerState
2019-10-17 20:28:28,865 [Thread-1420] INFO  impl.FollowerState (FollowerState.java:run(108)) - c07977b7-c8ef-4f3c-80b1-66a07c6e3dcd@group-C2BDBBDF155D-FollowerState: change to CANDIDATE, lastRpcTime:13ms, electionTimeout:13ms
2019-10-17 20:28:28,865 [Thread-1420] INFO  impl.RoleInfo (RoleInfo.java:shutdownFollowerState(121)) - c07977b7-c8ef-4f3c-80b1-66a07c6e3dcd: shutdown FollowerState
2019-10-17 20:28:28,865 [Thread-1420] INFO  impl.RaftServerImpl (RaftServerImpl.java:setRole(184)) - c07977b7-c8ef-4f3c-80b1-66a07c6e3dcd@group-C2BDBBDF155D: changes role from  FOLLOWER to CANDIDATE at term 59 for changeToCandidate
2019-10-17 20:28:28,865 [Thread-1420] INFO  impl.RoleInfo (RoleInfo.java:updateAndGet(143)) - c07977b7-c8ef-4f3c-80b1-66a07c6e3dcd: start LeaderElection
2019-10-17 20:28:28,891 [c07977b7-c8ef-4f3c-80b1-66a07c6e3dcd@group-C2BDBBDF155D-LeaderElection95] INFO  impl.LeaderElection (LeaderElection.java:askForVotes(178)) - c07977b7-c8ef-4f3c-80b1-66a07c6e3dcd@group-C2BDBBDF155D-LeaderElection95: begin an election at term 60 for -1: [d81605c5-54b3-45a8-b5ae-2e8d8890cbef:192.168.164.201:42755, 7f29c796-0732-402f-b865-67033766dcba:192.168.164.201:40704, c07977b7-c8ef-4f3c-80b1-66a07c6e3dcd:192.168.164.201:38664], old=null
2019-10-17 20:28:28,894 [grpc-default-executor-4] INFO  impl.RaftServerImpl (RaftServerImpl.java:setRole(184)) - 7f29c796-0732-402f-b865-67033766dcba@group-C2BDBBDF155D: changes role from  FOLLOWER to FOLLOWER at term 60 for recognizeCandidate:c07977b7-c8ef-4f3c-80b1-66a07c6e3dcd
2019-10-17 20:28:28,894 [grpc-default-executor-4] INFO  impl.RoleInfo (RoleInfo.java:shutdownFollowerState(121)) - 7f29c796-0732-402f-b865-67033766dcba: shutdown FollowerState
2019-10-17 20:28:28,894 [grpc-default-executor-2] INFO  impl.RaftServerImpl (RaftServerImpl.java:setRole(184)) - d81605c5-54b3-45a8-b5ae-2e8d8890cbef@group-C2BDBBDF155D: changes role from  FOLLOWER to FOLLOWER at term 60 for recognizeCandidate:c07977b7-c8ef-4f3c-80b1-66a07c6e3dcd
2019-10-17 20:28:28,894 [Thread-1418] INFO  impl.FollowerState (FollowerState.java:run(117)) - 7f29c796-0732-402f-b865-67033766dcba@group-C2BDBBDF155D-FollowerState was interrupted: java.lang.InterruptedException: sleep interrupted
2019-10-17 20:28:28,894 [grpc-default-executor-4] INFO  impl.RoleInfo (RoleInfo.java:updateAndGet(143)) - 7f29c796-0732-402f-b865-67033766dcba: start FollowerState
2019-10-17 20:28:28,894 [grpc-default-executor-2] INFO  impl.RoleInfo (RoleInfo.java:shutdownFollowerState(121)) - d81605c5-54b3-45a8-b5ae-2e8d8890cbef: shutdown FollowerState
2019-10-17 20:28:28,895 [grpc-default-executor-2] INFO  impl.RoleInfo (RoleInfo.java:updateAndGet(143)) - d81605c5-54b3-45a8-b5ae-2e8d8890cbef: start FollowerState
2019-10-17 20:28:28,895 [Thread-1419] INFO  impl.FollowerState (FollowerState.java:run(117)) - d81605c5-54b3-45a8-b5ae-2e8d8890cbef@group-C2BDBBDF155D-FollowerState was interrupted: java.lang.InterruptedException: sleep interrupted
2019-10-17 20:28:28,918 [c07977b7-c8ef-4f3c-80b1-66a07c6e3dcd@group-C2BDBBDF155D-LeaderElection95] INFO  impl.LeaderElection (LeaderElection.java:logAndReturn(56)) - c07977b7-c8ef-4f3c-80b1-66a07c6e3dcd@group-C2BDBBDF155D-LeaderElection95: Election REJECTED; received 2 response(s) [c07977b7-c8ef-4f3c-80b1-66a07c6e3dcd<-d81605c5-54b3-45a8-b5ae-2e8d8890cbef#0:FAIL-t60, c07977b7-c8ef-4f3c-80b1-66a07c6e3dcd<-7f29c796-0732-402f-b865-67033766dcba#0:FAIL-t60] and 0 exception(s); c07977b7-c8ef-4f3c-80b1-66a07c6e3dcd@group-C2BDBBDF155D:t60, leader=null, voted=c07977b7-c8ef-4f3c-80b1-66a07c6e3dcd, raftlog=c07977b7-c8ef-4f3c-80b1-66a07c6e3dcd@group-C2BDBBDF155D-SegmentedRaftLog:OPENED:c-1,f-1,i0, conf=-1: [d81605c5-54b3-45a8-b5ae-2e8d8890cbef:192.168.164.201:42755, 7f29c796-0732-402f-b865-67033766dcba:192.168.164.201:40704, c07977b7-c8ef-4f3c-80b1-66a07c6e3dcd:192.168.164.201:38664], old=null
2019-10-17 20:28:28,918 [c07977b7-c8ef-4f3c-80b1-66a07c6e3dcd@group-C2BDBBDF155D-LeaderElection95] INFO  impl.RaftServerImpl (RaftServerImpl.java:setRole(184)) - c07977b7-c8ef-4f3c-80b1-66a07c6e3dcd@group-C2BDBBDF155D: changes role from CANDIDATE to FOLLOWER at term 60 for DISCOVERED_A_NEW_TERM
2019-10-17 20:28:28,918 [c07977b7-c8ef-4f3c-80b1-66a07c6e3dcd@group-C2BDBBDF155D-LeaderElection95] INFO  impl.RoleInfo (RoleInfo.java:shutdownLeaderElection(134)) - c07977b7-c8ef-4f3c-80b1-66a07c6e3dcd: shutdown LeaderElection
2019-10-17 20:28:28,919 [c07977b7-c8ef-4f3c-80b1-66a07c6e3dcd@group-C2BDBBDF155D-LeaderElection95] INFO  impl.RoleInfo (RoleInfo.java:updateAndGet(143)) - c07977b7-c8ef-4f3c-80b1-66a07c6e3dcd: start FollowerState
2019-10-17 20:28:28,929 [Thread-1426] INFO  impl.FollowerState (FollowerState.java:run(108)) - c07977b7-c8ef-4f3c-80b1-66a07c6e3dcd@group-C2BDBBDF155D-FollowerState: change to CANDIDATE, lastRpcTime:10ms, electionTimeout:10ms
2019-10-17 20:28:28,929 [Thread-1426] INFO  impl.RoleInfo (RoleInfo.java:shutdownFollowerState(121)) - c07977b7-c8ef-4f3c-80b1-66a07c6e3dcd: shutdown FollowerState
2019-10-17 20:28:28,929 [Thread-1426] INFO  impl.RaftServerImpl (RaftServerImpl.java:setRole(184)) - c07977b7-c8ef-4f3c-80b1-66a07c6e3dcd@group-C2BDBBDF155D: changes role from  FOLLOWER to CANDIDATE at term 60 for changeToCandidate
2019-10-17 20:28:28,930 [Thread-1426] INFO  impl.RoleInfo (RoleInfo.java:updateAndGet(143)) - c07977b7-c8ef-4f3c-80b1-66a07c6e3dcd: start LeaderElection
2019-10-17 20:28:28,950 [c07977b7-c8ef-4f3c-80b1-66a07c6e3dcd@group-C2BDBBDF155D-LeaderElection96] INFO  impl.LeaderElection (LeaderElection.java:askForVotes(178)) - c07977b7-c8ef-4f3c-80b1-66a07c6e3dcd@group-C2BDBBDF155D-LeaderElection96: begin an election at term 61 for -1: [d81605c5-54b3-45a8-b5ae-2e8d8890cbef:192.168.164.201:42755, 7f29c796-0732-402f-b865-67033766dcba:192.168.164.201:40704, c07977b7-c8ef-4f3c-80b1-66a07c6e3dcd:192.168.164.201:38664], old=null
2019-10-17 20:28:28,953 [grpc-default-executor-2] INFO  impl.RaftServerImpl (RaftServerImpl.java:setRole(184)) - d81605c5-54b3-45a8-b5ae-2e8d8890cbef@group-C2BDBBDF155D: changes role from  FOLLOWER to FOLLOWER at term 61 for recognizeCandidate:c07977b7-c8ef-4f3c-80b1-66a07c6e3dcd
2019-10-17 20:28:28,953 [grpc-default-executor-2] INFO  impl.RoleInfo (RoleInfo.java:shutdownFollowerState(121)) - d81605c5-54b3-45a8-b5ae-2e8d8890cbef: shutdown FollowerState
2019-10-17 20:28:28,953 [grpc-default-executor-4] INFO  impl.RaftServerImpl (RaftServerImpl.java:setRole(184)) - 7f29c796-0732-402f-b865-67033766dcba@group-C2BDBBDF155D: changes role from  FOLLOWER to FOLLOWER at term 61 for recognizeCandidate:c07977b7-c8ef-4f3c-80b1-66a07c6e3dcd
2019-10-17 20:28:28,953 [Thread-1425] INFO  impl.FollowerState (FollowerState.java:run(117)) - d81605c5-54b3-45a8-b5ae-2e8d8890cbef@group-C2BDBBDF155D-FollowerState was interrupted: java.lang.InterruptedException: sleep interrupted
2019-10-17 20:28:28,953 [grpc-default-executor-2] INFO  impl.RoleInfo (RoleInfo.java:updateAndGet(143)) - d81605c5-54b3-45a8-b5ae-2e8d8890cbef: start FollowerState
2019-10-17 20:28:28,953 [grpc-default-executor-4] INFO  impl.RoleInfo (RoleInfo.java:shutdownFollowerState(121)) - 7f29c796-0732-402f-b865-67033766dcba: shutdown FollowerState
2019-10-17 20:28:28,954 [grpc-default-executor-4] INFO  impl.RoleInfo (RoleInfo.java:updateAndGet(143)) - 7f29c796-0732-402f-b865-67033766dcba: start FollowerState
2019-10-17 20:28:28,954 [Thread-1424] INFO  impl.FollowerState (FollowerState.java:run(117)) - 7f29c796-0732-402f-b865-67033766dcba@group-C2BDBBDF155D-FollowerState was interrupted: java.lang.InterruptedException: sleep interrupted
2019-10-17 20:28:28,977 [c07977b7-c8ef-4f3c-80b1-66a07c6e3dcd@group-C2BDBBDF155D-LeaderElection96] INFO  impl.LeaderElection (LeaderElection.java:logAndReturn(56)) - c07977b7-c8ef-4f3c-80b1-66a07c6e3dcd@group-C2BDBBDF155D-LeaderElection96: Election REJECTED; received 2 response(s) [c07977b7-c8ef-4f3c-80b1-66a07c6e3dcd<-d81605c5-54b3-45a8-b5ae-2e8d8890cbef#0:FAIL-t61, c07977b7-c8ef-4f3c-80b1-66a07c6e3dcd<-7f29c796-0732-402f-b865-67033766dcba#0:FAIL-t61] and 0 exception(s); c07977b7-c8ef-4f3c-80b1-66a07c6e3dcd@group-C2BDBBDF155D:t61, leader=null, voted=c07977b7-c8ef-4f3c-80b1-66a07c6e3dcd, raftlog=c07977b7-c8ef-4f3c-80b1-66a07c6e3dcd@group-C2BDBBDF155D-SegmentedRaftLog:OPENED:c-1,f-1,i0, conf=-1: [d81605c5-54b3-45a8-b5ae-2e8d8890cbef:192.168.164.201:42755, 7f29c796-0732-402f-b865-67033766dcba:192.168.164.201:40704, c07977b7-c8ef-4f3c-80b1-66a07c6e3dcd:192.168.164.201:38664], old=null
2019-10-17 20:28:28,977 [c07977b7-c8ef-4f3c-80b1-66a07c6e3dcd@group-C2BDBBDF155D-LeaderElection96] INFO  impl.RaftServerImpl (RaftServerImpl.java:setRole(184)) - c07977b7-c8ef-4f3c-80b1-66a07c6e3dcd@group-C2BDBBDF155D: changes role from CANDIDATE to FOLLOWER at term 61 for DISCOVERED_A_NEW_TERM
2019-10-17 20:28:28,977 [c07977b7-c8ef-4f3c-80b1-66a07c6e3dcd@group-C2BDBBDF155D-LeaderElection96] INFO  impl.RoleInfo (RoleInfo.java:shutdownLeaderElection(134)) - c07977b7-c8ef-4f3c-80b1-66a07c6e3dcd: shutdown LeaderElection
2019-10-17 20:28:28,977 [c07977b7-c8ef-4f3c-80b1-66a07c6e3dcd@group-C2BDBBDF155D-LeaderElection96] INFO  impl.RoleInfo (RoleInfo.java:updateAndGet(143)) - c07977b7-c8ef-4f3c-80b1-66a07c6e3dcd: start FollowerState
2019-10-17 20:28:29,100 [Thread-1432] INFO  impl.FollowerState (FollowerState.java:run(108)) - c07977b7-c8ef-4f3c-80b1-66a07c6e3dcd@group-C2BDBBDF155D-FollowerState: change to CANDIDATE, lastRpcTime:122ms, electionTimeout:122ms
2019-10-17 20:28:29,100 [Thread-1432] INFO  impl.RoleInfo (RoleInfo.java:shutdownFollowerState(121)) - c07977b7-c8ef-4f3c-80b1-66a07c6e3dcd: shutdown FollowerState
2019-10-17 20:28:29,100 [Thread-1432] INFO  impl.RaftServerImpl (RaftServerImpl.java:setRole(184)) - c07977b7-c8ef-4f3c-80b1-66a07c6e3dcd@group-C2BDBBDF155D: changes role from  FOLLOWER to CANDIDATE at term 61 for changeToCandidate
2019-10-17 20:28:29,100 [Thread-1432] INFO  impl.RoleInfo (RoleInfo.java:updateAndGet(143)) - c07977b7-c8ef-4f3c-80b1-66a07c6e3dcd: start LeaderElection
2019-10-17 20:28:29,126 [c07977b7-c8ef-4f3c-80b1-66a07c6e3dcd@group-C2BDBBDF155D-LeaderElection97] INFO  impl.LeaderElection (LeaderElection.java:askForVotes(178)) - c07977b7-c8ef-4f3c-80b1-66a07c6e3dcd@group-C2BDBBDF155D-LeaderElection97: begin an election at term 62 for -1: [d81605c5-54b3-45a8-b5ae-2e8d8890cbef:192.168.164.201:42755, 7f29c796-0732-402f-b865-67033766dcba:192.168.164.201:40704, c07977b7-c8ef-4f3c-80b1-66a07c6e3dcd:192.168.164.201:38664], old=null
2019-10-17 20:28:29,128 [grpc-default-executor-4] INFO  impl.RaftServerImpl (RaftServerImpl.java:setRole(184)) - d81605c5-54b3-45a8-b5ae-2e8d8890cbef@group-C2BDBBDF155D: changes role from  FOLLOWER to FOLLOWER at term 62 for recognizeCandidate:c07977b7-c8ef-4f3c-80b1-66a07c6e3dcd
2019-10-17 20:28:29,129 [grpc-default-executor-4] INFO  impl.RoleInfo (RoleInfo.java:shutdownFollowerState(121)) - d81605c5-54b3-45a8-b5ae-2e8d8890cbef: shutdown FollowerState
2019-10-17 20:28:29,129 [grpc-default-executor-2] INFO  impl.RaftServerImpl (RaftServerImpl.java:setRole(184)) - 7f29c796-0732-402f-b865-67033766dcba@group-C2BDBBDF155D: changes role from  FOLLOWER to FOLLOWER at term 62 for recognizeCandidate:c07977b7-c8ef-4f3c-80b1-66a07c6e3dcd
2019-10-17 20:28:29,129 [Thread-1430] INFO  impl.FollowerState (FollowerState.java:run(117)) - d81605c5-54b3-45a8-b5ae-2e8d8890cbef@group-C2BDBBDF155D-FollowerState was interrupted: java.lang.InterruptedException: sleep interrupted
2019-10-17 20:28:29,129 [grpc-default-executor-4] INFO  impl.RoleInfo (RoleInfo.java:updateAndGet(143)) - d81605c5-54b3-45a8-b5ae-2e8d8890cbef: start FollowerState
2019-10-17 20:28:29,129 [grpc-default-executor-2] INFO  impl.RoleInfo (RoleInfo.java:shutdownFollowerState(121)) - 7f29c796-0732-402f-b865-67033766dcba: shutdown FollowerState
2019-10-17 20:28:29,130 [grpc-default-executor-2] INFO  impl.RoleInfo (RoleInfo.java:updateAndGet(143)) - 7f29c796-0732-402f-b865-67033766dcba: start FollowerState
2019-10-17 20:28:29,130 [Thread-1431] INFO  impl.FollowerState (FollowerState.java:run(117)) - 7f29c796-0732-402f-b865-67033766dcba@group-C2BDBBDF155D-FollowerState was interrupted: java.lang.InterruptedException: sleep interrupted
2019-10-17 20:28:29,137 [c07977b7-c8ef-4f3c-80b1-66a07c6e3dcd@group-C2BDBBDF155D-LeaderElection97] INFO  impl.LeaderElection (LeaderElection.java:logAndReturn(56)) - c07977b7-c8ef-4f3c-80b1-66a07c6e3dcd@group-C2BDBBDF155D-LeaderElection97: Election TIMEOUT; received 0 response(s) [] and 0 exception(s); c07977b7-c8ef-4f3c-80b1-66a07c6e3dcd@group-C2BDBBDF155D:t62, leader=null, voted=c07977b7-c8ef-4f3c-80b1-66a07c6e3dcd, raftlog=c07977b7-c8ef-4f3c-80b1-66a07c6e3dcd@group-C2BDBBDF155D-SegmentedRaftLog:OPENED:c-1,f-1,i0, conf=-1: [d81605c5-54b3-45a8-b5ae-2e8d8890cbef:192.168.164.201:42755, 7f29c796-0732-402f-b865-67033766dcba:192.168.164.201:40704, c07977b7-c8ef-4f3c-80b1-66a07c6e3dcd:192.168.164.201:38664], old=null
2019-10-17 20:28:29,151 [c07977b7-c8ef-4f3c-80b1-66a07c6e3dcd@group-C2BDBBDF155D-LeaderElection97] INFO  impl.LeaderElection (LeaderElection.java:askForVotes(178)) - c07977b7-c8ef-4f3c-80b1-66a07c6e3dcd@group-C2BDBBDF155D-LeaderElection97: begin an election at term 63 for -1: [d81605c5-54b3-45a8-b5ae-2e8d8890cbef:192.168.164.201:42755, 7f29c796-0732-402f-b865-67033766dcba:192.168.164.201:40704, c07977b7-c8ef-4f3c-80b1-66a07c6e3dcd:192.168.164.201:38664], old=null
2019-10-17 20:28:29,154 [grpc-default-executor-4] INFO  impl.RaftServerImpl (RaftServerImpl.java:setRole(184)) - 7f29c796-0732-402f-b865-67033766dcba@group-C2BDBBDF155D: changes role from  FOLLOWER to FOLLOWER at term 63 for recognizeCandidate:c07977b7-c8ef-4f3c-80b1-66a07c6e3dcd
2019-10-17 20:28:29,154 [grpc-default-executor-4] INFO  impl.RoleInfo (RoleInfo.java:shutdownFollowerState(121)) - 7f29c796-0732-402f-b865-67033766dcba: shutdown FollowerState
2019-10-17 20:28:29,154 [grpc-default-executor-2] INFO  impl.RaftServerImpl (RaftServerImpl.java:setRole(184)) - d81605c5-54b3-45a8-b5ae-2e8d8890cbef@group-C2BDBBDF155D: changes role from  FOLLOWER to FOLLOWER at term 63 for recognizeCandidate:c07977b7-c8ef-4f3c-80b1-66a07c6e3dcd
2019-10-17 20:28:29,154 [grpc-default-executor-2] INFO  impl.RoleInfo (RoleInfo.java:shutdownFollowerState(121)) - d81605c5-54b3-45a8-b5ae-2e8d8890cbef: shutdown FollowerState
2019-10-17 20:28:29,154 [Thread-1437] INFO  impl.FollowerState (FollowerState.java:run(117)) - 7f29c796-0732-402f-b865-67033766dcba@group-C2BDBBDF155D-FollowerState was interrupted: java.lang.InterruptedException: sleep interrupted
2019-10-17 20:28:29,154 [grpc-default-executor-4] INFO  impl.RoleInfo (RoleInfo.java:updateAndGet(143)) - 7f29c796-0732-402f-b865-67033766dcba: start FollowerState
2019-10-17 20:28:29,155 [Thread-1436] INFO  impl.FollowerState (FollowerState.java:run(117)) - d81605c5-54b3-45a8-b5ae-2e8d8890cbef@group-C2BDBBDF155D-FollowerState was interrupted: java.lang.InterruptedException: sleep interrupted
2019-10-17 20:28:29,155 [grpc-default-executor-2] INFO  impl.RoleInfo (RoleInfo.java:updateAndGet(143)) - d81605c5-54b3-45a8-b5ae-2e8d8890cbef: start FollowerState
2019-10-17 20:28:29,178 [c07977b7-c8ef-4f3c-80b1-66a07c6e3dcd@group-C2BDBBDF155D-LeaderElection97] INFO  impl.LeaderElection (LeaderElection.java:logAndReturn(56)) - c07977b7-c8ef-4f3c-80b1-66a07c6e3dcd@group-C2BDBBDF155D-LeaderElection97: Election REJECTED; received 2 response(s) [c07977b7-c8ef-4f3c-80b1-66a07c6e3dcd<-d81605c5-54b3-45a8-b5ae-2e8d8890cbef#0:FAIL-t63, c07977b7-c8ef-4f3c-80b1-66a07c6e3dcd<-7f29c796-0732-402f-b865-67033766dcba#0:FAIL-t63] and 0 exception(s); c07977b7-c8ef-4f3c-80b1-66a07c6e3dcd@group-C2BDBBDF155D:t63, leader=null, voted=c07977b7-c8ef-4f3c-80b1-66a07c6e3dcd, raftlog=c07977b7-c8ef-4f3c-80b1-66a07c6e3dcd@group-C2BDBBDF155D-SegmentedRaftLog:OPENED:c-1,f-1,i0, conf=-1: [d81605c5-54b3-45a8-b5ae-2e8d8890cbef:192.168.164.201:42755, 7f29c796-0732-402f-b865-67033766dcba:192.168.164.201:40704, c07977b7-c8ef-4f3c-80b1-66a07c6e3dcd:192.168.164.201:38664], old=null
2019-10-17 20:28:29,178 [c07977b7-c8ef-4f3c-80b1-66a07c6e3dcd@group-C2BDBBDF155D-LeaderElection97] INFO  impl.RaftServerImpl (RaftServerImpl.java:setRole(184)) - c07977b7-c8ef-4f3c-80b1-66a07c6e3dcd@group-C2BDBBDF155D: changes role from CANDIDATE to FOLLOWER at term 63 for DISCOVERED_A_NEW_TERM
2019-10-17 20:28:29,178 [c07977b7-c8ef-4f3c-80b1-66a07c6e3dcd@group-C2BDBBDF155D-LeaderElection97] INFO  impl.RoleInfo (RoleInfo.java:shutdownLeaderElection(134)) - c07977b7-c8ef-4f3c-80b1-66a07c6e3dcd: shutdown LeaderElection
2019-10-17 20:28:29,178 [c07977b7-c8ef-4f3c-80b1-66a07c6e3dcd@group-C2BDBBDF155D-LeaderElection97] INFO  impl.RoleInfo (RoleInfo.java:updateAndGet(143)) - c07977b7-c8ef-4f3c-80b1-66a07c6e3dcd: start FollowerState
2019-10-17 20:28:29,347 [Thread-1442] INFO  impl.FollowerState (FollowerState.java:run(108)) - c07977b7-c8ef-4f3c-80b1-66a07c6e3dcd@group-C2BDBBDF155D-FollowerState: change to CANDIDATE, lastRpcTime:168ms, electionTimeout:168ms
2019-10-17 20:28:29,347 [Thread-1442] INFO  impl.RoleInfo (RoleInfo.java:shutdownFollowerState(121)) - c07977b7-c8ef-4f3c-80b1-66a07c6e3dcd: shutdown FollowerState
2019-10-17 20:28:29,347 [Thread-1442] INFO  impl.RaftServerImpl (RaftServerImpl.java:setRole(184)) - c07977b7-c8ef-4f3c-80b1-66a07c6e3dcd@group-C2BDBBDF155D: changes role from  FOLLOWER to CANDIDATE at term 63 for changeToCandidate
2019-10-17 20:28:29,348 [Thread-1442] INFO  impl.RoleInfo (RoleInfo.java:updateAndGet(143)) - c07977b7-c8ef-4f3c-80b1-66a07c6e3dcd: start LeaderElection
2019-10-17 20:28:29,377 [c07977b7-c8ef-4f3c-80b1-66a07c6e3dcd@group-C2BDBBDF155D-LeaderElection98] INFO  impl.LeaderElection (LeaderElection.java:askForVotes(178)) - c07977b7-c8ef-4f3c-80b1-66a07c6e3dcd@group-C2BDBBDF155D-LeaderElection98: begin an election at term 64 for -1: [d81605c5-54b3-45a8-b5ae-2e8d8890cbef:192.168.164.201:42755, 7f29c796-0732-402f-b865-67033766dcba:192.168.164.201:40704, c07977b7-c8ef-4f3c-80b1-66a07c6e3dcd:192.168.164.201:38664], old=null
2019-10-17 20:28:29,380 [grpc-default-executor-4] INFO  impl.RaftServerImpl (RaftServerImpl.java:setRole(184)) - 7f29c796-0732-402f-b865-67033766dcba@group-C2BDBBDF155D: changes role from  FOLLOWER to FOLLOWER at term 64 for recognizeCandidate:c07977b7-c8ef-4f3c-80b1-66a07c6e3dcd
2019-10-17 20:28:29,380 [grpc-default-executor-4] INFO  impl.RoleInfo (RoleInfo.java:shutdownFollowerState(121)) - 7f29c796-0732-402f-b865-67033766dcba: shutdown FollowerState
2019-10-17 20:28:29,380 [grpc-default-executor-4] INFO  impl.RoleInfo (RoleInfo.java:updateAndGet(143)) - 7f29c796-0732-402f-b865-67033766dcba: start FollowerState
2019-10-17 20:28:29,381 [grpc-default-executor-2] INFO  impl.RaftServerImpl (RaftServerImpl.java:setRole(184)) - d81605c5-54b3-45a8-b5ae-2e8d8890cbef@group-C2BDBBDF155D: changes role from  FOLLOWER to FOLLOWER at term 64 for recognizeCandidate:c07977b7-c8ef-4f3c-80b1-66a07c6e3dcd
2019-10-17 20:28:29,380 [Thread-1440] INFO  impl.FollowerState (FollowerState.java:run(117)) - 7f29c796-0732-402f-b865-67033766dcba@group-C2BDBBDF155D-FollowerState was interrupted: java.lang.InterruptedException: sleep interrupted
2019-10-17 20:28:29,381 [grpc-default-executor-2] INFO  impl.RoleInfo (RoleInfo.java:shutdownFollowerState(121)) - d81605c5-54b3-45a8-b5ae-2e8d8890cbef: shutdown FollowerState
2019-10-17 20:28:29,381 [grpc-default-executor-2] INFO  impl.RoleInfo (RoleInfo.java:updateAndGet(143)) - d81605c5-54b3-45a8-b5ae-2e8d8890cbef: start FollowerState
2019-10-17 20:28:29,381 [Thread-1441] INFO  impl.FollowerState (FollowerState.java:run(117)) - d81605c5-54b3-45a8-b5ae-2e8d8890cbef@group-C2BDBBDF155D-FollowerState was interrupted: java.lang.InterruptedException: sleep interrupted
2019-10-17 20:28:29,404 [c07977b7-c8ef-4f3c-80b1-66a07c6e3dcd@group-C2BDBBDF155D-LeaderElection98] INFO  impl.LeaderElection (LeaderElection.java:logAndReturn(56)) - c07977b7-c8ef-4f3c-80b1-66a07c6e3dcd@group-C2BDBBDF155D-LeaderElection98: Election REJECTED; received 2 response(s) [c07977b7-c8ef-4f3c-80b1-66a07c6e3dcd<-d81605c5-54b3-45a8-b5ae-2e8d8890cbef#0:FAIL-t64, c07977b7-c8ef-4f3c-80b1-66a07c6e3dcd<-7f29c796-0732-402f-b865-67033766dcba#0:FAIL-t64] and 0 exception(s); c07977b7-c8ef-4f3c-80b1-66a07c6e3dcd@group-C2BDBBDF155D:t64, leader=null, voted=c07977b7-c8ef-4f3c-80b1-66a07c6e3dcd, raftlog=c07977b7-c8ef-4f3c-80b1-66a07c6e3dcd@group-C2BDBBDF155D-SegmentedRaftLog:OPENED:c-1,f-1,i0, conf=-1: [d81605c5-54b3-45a8-b5ae-2e8d8890cbef:192.168.164.201:42755, 7f29c796-0732-402f-b865-67033766dcba:192.168.164.201:40704, c07977b7-c8ef-4f3c-80b1-66a07c6e3dcd:192.168.164.201:38664], old=null
2019-10-17 20:28:29,404 [c07977b7-c8ef-4f3c-80b1-66a07c6e3dcd@group-C2BDBBDF155D-LeaderElection98] INFO  impl.RaftServerImpl (RaftServerImpl.java:setRole(184)) - c07977b7-c8ef-4f3c-80b1-66a07c6e3dcd@group-C2BDBBDF155D: changes role from CANDIDATE to FOLLOWER at term 64 for DISCOVERED_A_NEW_TERM
2019-10-17 20:28:29,404 [c07977b7-c8ef-4f3c-80b1-66a07c6e3dcd@group-C2BDBBDF155D-LeaderElection98] INFO  impl.RoleInfo (RoleInfo.java:shutdownLeaderElection(134)) - c07977b7-c8ef-4f3c-80b1-66a07c6e3dcd: shutdown LeaderElection
2019-10-17 20:28:29,404 [c07977b7-c8ef-4f3c-80b1-66a07c6e3dcd@group-C2BDBBDF155D-LeaderElection98] INFO  impl.RoleInfo (RoleInfo.java:updateAndGet(143)) - c07977b7-c8ef-4f3c-80b1-66a07c6e3dcd: start FollowerState
2019-10-17 20:28:29,448 [Thread-1448] INFO  impl.FollowerState (FollowerState.java:run(108)) - c07977b7-c8ef-4f3c-80b1-66a07c6e3dcd@group-C2BDBBDF155D-FollowerState: change to CANDIDATE, lastRpcTime:43ms, electionTimeout:43ms
2019-10-17 20:28:29,448 [Thread-1448] INFO  impl.RoleInfo (RoleInfo.java:shutdownFollowerState(121)) - c07977b7-c8ef-4f3c-80b1-66a07c6e3dcd: shutdown FollowerState
2019-10-17 20:28:29,448 [Thread-1448] INFO  impl.RaftServerImpl (RaftServerImpl.java:setRole(184)) - c07977b7-c8ef-4f3c-80b1-66a07c6e3dcd@group-C2BDBBDF155D: changes role from  FOLLOWER to CANDIDATE at term 64 for changeToCandidate
2019-10-17 20:28:29,448 [Thread-1448] INFO  impl.RoleInfo (RoleInfo.java:updateAndGet(143)) - c07977b7-c8ef-4f3c-80b1-66a07c6e3dcd: start LeaderElection
2019-10-17 20:28:29,478 [c07977b7-c8ef-4f3c-80b1-66a07c6e3dcd@group-C2BDBBDF155D-LeaderElection99] INFO  impl.LeaderElection (LeaderElection.java:askForVotes(178)) - c07977b7-c8ef-4f3c-80b1-66a07c6e3dcd@group-C2BDBBDF155D-LeaderElection99: begin an election at term 65 for -1: [d81605c5-54b3-45a8-b5ae-2e8d8890cbef:192.168.164.201:42755, 7f29c796-0732-402f-b865-67033766dcba:192.168.164.201:40704, c07977b7-c8ef-4f3c-80b1-66a07c6e3dcd:192.168.164.201:38664], old=null
2019-10-17 20:28:29,481 [grpc-default-executor-2] INFO  impl.RaftServerImpl (RaftServerImpl.java:setRole(184)) - d81605c5-54b3-45a8-b5ae-2e8d8890cbef@group-C2BDBBDF155D: changes role from  FOLLOWER to FOLLOWER at term 65 for recognizeCandidate:c07977b7-c8ef-4f3c-80b1-66a07c6e3dcd
2019-10-17 20:28:29,482 [grpc-default-executor-2] INFO  impl.RoleInfo (RoleInfo.java:shutdownFollowerState(121)) - d81605c5-54b3-45a8-b5ae-2e8d8890cbef: shutdown FollowerState
2019-10-17 20:28:29,482 [grpc-default-executor-4] INFO  impl.RaftServerImpl (RaftServerImpl.java:setRole(184)) - 7f29c796-0732-402f-b865-67033766dcba@group-C2BDBBDF155D: changes role from  FOLLOWER to FOLLOWER at term 65 for recognizeCandidate:c07977b7-c8ef-4f3c-80b1-66a07c6e3dcd
2019-10-17 20:28:29,482 [grpc-default-executor-4] INFO  impl.RoleInfo (RoleInfo.java:shutdownFollowerState(121)) - 7f29c796-0732-402f-b865-67033766dcba: shutdown FollowerState
2019-10-17 20:28:29,482 [grpc-default-executor-4] INFO  impl.RoleInfo (RoleInfo.java:updateAndGet(143)) - 7f29c796-0732-402f-b865-67033766dcba: start FollowerState
2019-10-17 20:28:29,482 [Thread-1447] INFO  impl.FollowerState (FollowerState.java:run(117)) - d81605c5-54b3-45a8-b5ae-2e8d8890cbef@group-C2BDBBDF155D-FollowerState was interrupted: java.lang.InterruptedException: sleep interrupted
2019-10-17 20:28:29,482 [grpc-default-executor-2] INFO  impl.RoleInfo (RoleInfo.java:updateAndGet(143)) - d81605c5-54b3-45a8-b5ae-2e8d8890cbef: start FollowerState
2019-10-17 20:28:29,482 [Thread-1446] INFO  impl.FollowerState (FollowerState.java:run(117)) - 7f29c796-0732-402f-b865-67033766dcba@group-C2BDBBDF155D-FollowerState was interrupted: java.lang.InterruptedException: sleep interrupted
2019-10-17 20:28:29,505 [c07977b7-c8ef-4f3c-80b1-66a07c6e3dcd@group-C2BDBBDF155D-LeaderElection99] INFO  impl.LeaderElection (LeaderElection.java:logAndReturn(56)) - c07977b7-c8ef-4f3c-80b1-66a07c6e3dcd@group-C2BDBBDF155D-LeaderElection99: Election REJECTED; received 2 response(s) [c07977b7-c8ef-4f3c-80b1-66a07c6e3dcd<-d81605c5-54b3-45a8-b5ae-2e8d8890cbef#0:FAIL-t65, c07977b7-c8ef-4f3c-80b1-66a07c6e3dcd<-7f29c796-0732-402f-b865-67033766dcba#0:FAIL-t65] and 0 exception(s); c07977b7-c8ef-4f3c-80b1-66a07c6e3dcd@group-C2BDBBDF155D:t65, leader=null, voted=c07977b7-c8ef-4f3c-80b1-66a07c6e3dcd, raftlog=c07977b7-c8ef-4f3c-80b1-66a07c6e3dcd@group-C2BDBBDF155D-SegmentedRaftLog:OPENED:c-1,f-1,i0, conf=-1: [d81605c5-54b3-45a8-b5ae-2e8d8890cbef:192.168.164.201:42755, 7f29c796-0732-402f-b865-67033766dcba:192.168.164.201:40704, c07977b7-c8ef-4f3c-80b1-66a07c6e3dcd:192.168.164.201:38664], old=null
2019-10-17 20:28:29,505 [c07977b7-c8ef-4f3c-80b1-66a07c6e3dcd@group-C2BDBBDF155D-LeaderElection99] INFO  impl.RaftServerImpl (RaftServerImpl.java:setRole(184)) - c07977b7-c8ef-4f3c-80b1-66a07c6e3dcd@group-C2BDBBDF155D: changes role from CANDIDATE to FOLLOWER at term 65 for DISCOVERED_A_NEW_TERM
2019-10-17 20:28:29,505 [c07977b7-c8ef-4f3c-80b1-66a07c6e3dcd@group-C2BDBBDF155D-LeaderElection99] INFO  impl.RoleInfo (RoleInfo.java:shutdownLeaderElection(134)) - c07977b7-c8ef-4f3c-80b1-66a07c6e3dcd: shutdown LeaderElection
2019-10-17 20:28:29,506 [c07977b7-c8ef-4f3c-80b1-66a07c6e3dcd@group-C2BDBBDF155D-LeaderElection99] INFO  impl.RoleInfo (RoleInfo.java:updateAndGet(143)) - c07977b7-c8ef-4f3c-80b1-66a07c6e3dcd: start FollowerState
2019-10-17 20:28:29,534 [Thread-754] INFO  ozone.MiniOzoneClusterImpl (MiniOzoneClusterImpl.java:lambda$waitForClusterToBeReady$2(164)) - Waiting for 1 number of pipelines out of 4, to report a leader.
2019-10-17 20:28:29,598 [Thread-1454] INFO  impl.FollowerState (FollowerState.java:run(108)) - c07977b7-c8ef-4f3c-80b1-66a07c6e3dcd@group-C2BDBBDF155D-FollowerState: change to CANDIDATE, lastRpcTime:92ms, electionTimeout:92ms
2019-10-17 20:28:29,598 [Thread-1454] INFO  impl.RoleInfo (RoleInfo.java:shutdownFollowerState(121)) - c07977b7-c8ef-4f3c-80b1-66a07c6e3dcd: shutdown FollowerState
2019-10-17 20:28:29,598 [Thread-1454] INFO  impl.RaftServerImpl (RaftServerImpl.java:setRole(184)) - c07977b7-c8ef-4f3c-80b1-66a07c6e3dcd@group-C2BDBBDF155D: changes role from  FOLLOWER to CANDIDATE at term 65 for changeToCandidate
2019-10-17 20:28:29,599 [Thread-1454] INFO  impl.RoleInfo (RoleInfo.java:updateAndGet(143)) - c07977b7-c8ef-4f3c-80b1-66a07c6e3dcd: start LeaderElection
2019-10-17 20:28:29,628 [c07977b7-c8ef-4f3c-80b1-66a07c6e3dcd@group-C2BDBBDF155D-LeaderElection100] INFO  impl.LeaderElection (LeaderElection.java:askForVotes(178)) - c07977b7-c8ef-4f3c-80b1-66a07c6e3dcd@group-C2BDBBDF155D-LeaderElection100: begin an election at term 66 for -1: [d81605c5-54b3-45a8-b5ae-2e8d8890cbef:192.168.164.201:42755, 7f29c796-0732-402f-b865-67033766dcba:192.168.164.201:40704, c07977b7-c8ef-4f3c-80b1-66a07c6e3dcd:192.168.164.201:38664], old=null
2019-10-17 20:28:29,634 [grpc-default-executor-2] INFO  impl.RaftServerImpl (RaftServerImpl.java:setRole(184)) - 7f29c796-0732-402f-b865-67033766dcba@group-C2BDBBDF155D: changes role from  FOLLOWER to FOLLOWER at term 66 for recognizeCandidate:c07977b7-c8ef-4f3c-80b1-66a07c6e3dcd
2019-10-17 20:28:29,634 [grpc-default-executor-4] INFO  impl.RaftServerImpl (RaftServerImpl.java:setRole(184)) - d81605c5-54b3-45a8-b5ae-2e8d8890cbef@group-C2BDBBDF155D: changes role from  FOLLOWER to FOLLOWER at term 66 for recognizeCandidate:c07977b7-c8ef-4f3c-80b1-66a07c6e3dcd
2019-10-17 20:28:29,634 [grpc-default-executor-2] INFO  impl.RoleInfo (RoleInfo.java:shutdownFollowerState(121)) - 7f29c796-0732-402f-b865-67033766dcba: shutdown FollowerState
2019-10-17 20:28:29,634 [grpc-default-executor-4] INFO  impl.RoleInfo (RoleInfo.java:shutdownFollowerState(121)) - d81605c5-54b3-45a8-b5ae-2e8d8890cbef: shutdown FollowerState
2019-10-17 20:28:29,635 [Thread-1453] INFO  impl.FollowerState (FollowerState.java:run(117)) - 7f29c796-0732-402f-b865-67033766dcba@group-C2BDBBDF155D-FollowerState was interrupted: java.lang.InterruptedException: sleep interrupted
2019-10-17 20:28:29,635 [grpc-default-executor-2] INFO  impl.RoleInfo (RoleInfo.java:updateAndGet(143)) - 7f29c796-0732-402f-b865-67033766dcba: start FollowerState
2019-10-17 20:28:29,635 [Thread-1452] INFO  impl.FollowerState (FollowerState.java:run(117)) - d81605c5-54b3-45a8-b5ae-2e8d8890cbef@group-C2BDBBDF155D-FollowerState was interrupted: java.lang.InterruptedException: sleep interrupted
2019-10-17 20:28:29,635 [grpc-default-executor-4] INFO  impl.RoleInfo (RoleInfo.java:updateAndGet(143)) - d81605c5-54b3-45a8-b5ae-2e8d8890cbef: start FollowerState
2019-10-17 20:28:29,664 [c07977b7-c8ef-4f3c-80b1-66a07c6e3dcd@group-C2BDBBDF155D-LeaderElection100] INFO  impl.LeaderElection (LeaderElection.java:logAndReturn(56)) - c07977b7-c8ef-4f3c-80b1-66a07c6e3dcd@group-C2BDBBDF155D-LeaderElection100: Election REJECTED; received 2 response(s) [c07977b7-c8ef-4f3c-80b1-66a07c6e3dcd<-d81605c5-54b3-45a8-b5ae-2e8d8890cbef#0:FAIL-t66, c07977b7-c8ef-4f3c-80b1-66a07c6e3dcd<-7f29c796-0732-402f-b865-67033766dcba#0:FAIL-t66] and 0 exception(s); c07977b7-c8ef-4f3c-80b1-66a07c6e3dcd@group-C2BDBBDF155D:t66, leader=null, voted=c07977b7-c8ef-4f3c-80b1-66a07c6e3dcd, raftlog=c07977b7-c8ef-4f3c-80b1-66a07c6e3dcd@group-C2BDBBDF155D-SegmentedRaftLog:OPENED:c-1,f-1,i0, conf=-1: [d81605c5-54b3-45a8-b5ae-2e8d8890cbef:192.168.164.201:42755, 7f29c796-0732-402f-b865-67033766dcba:192.168.164.201:40704, c07977b7-c8ef-4f3c-80b1-66a07c6e3dcd:192.168.164.201:38664], old=null
2019-10-17 20:28:29,664 [c07977b7-c8ef-4f3c-80b1-66a07c6e3dcd@group-C2BDBBDF155D-LeaderElection100] INFO  impl.RaftServerImpl (RaftServerImpl.java:setRole(184)) - c07977b7-c8ef-4f3c-80b1-66a07c6e3dcd@group-C2BDBBDF155D: changes role from CANDIDATE to FOLLOWER at term 66 for DISCOVERED_A_NEW_TERM
2019-10-17 20:28:29,664 [c07977b7-c8ef-4f3c-80b1-66a07c6e3dcd@group-C2BDBBDF155D-LeaderElection100] INFO  impl.RoleInfo (RoleInfo.java:shutdownLeaderElection(134)) - c07977b7-c8ef-4f3c-80b1-66a07c6e3dcd: shutdown LeaderElection
2019-10-17 20:28:29,665 [c07977b7-c8ef-4f3c-80b1-66a07c6e3dcd@group-C2BDBBDF155D-LeaderElection100] INFO  impl.RoleInfo (RoleInfo.java:updateAndGet(143)) - c07977b7-c8ef-4f3c-80b1-66a07c6e3dcd: start FollowerState
2019-10-17 20:28:29,853 [Thread-1460] INFO  impl.FollowerState (FollowerState.java:run(108)) - c07977b7-c8ef-4f3c-80b1-66a07c6e3dcd@group-C2BDBBDF155D-FollowerState: change to CANDIDATE, lastRpcTime:188ms, electionTimeout:188ms
2019-10-17 20:28:29,853 [Thread-1460] INFO  impl.RoleInfo (RoleInfo.java:shutdownFollowerState(121)) - c07977b7-c8ef-4f3c-80b1-66a07c6e3dcd: shutdown FollowerState
2019-10-17 20:28:29,854 [Thread-1460] INFO  impl.RaftServerImpl (RaftServerImpl.java:setRole(184)) - c07977b7-c8ef-4f3c-80b1-66a07c6e3dcd@group-C2BDBBDF155D: changes role from  FOLLOWER to CANDIDATE at term 66 for changeToCandidate
2019-10-17 20:28:29,854 [Thread-1460] INFO  impl.RoleInfo (RoleInfo.java:updateAndGet(143)) - c07977b7-c8ef-4f3c-80b1-66a07c6e3dcd: start LeaderElection
2019-10-17 20:28:29,879 [c07977b7-c8ef-4f3c-80b1-66a07c6e3dcd@group-C2BDBBDF155D-LeaderElection101] INFO  impl.LeaderElection (LeaderElection.java:askForVotes(178)) - c07977b7-c8ef-4f3c-80b1-66a07c6e3dcd@group-C2BDBBDF155D-LeaderElection101: begin an election at term 67 for -1: [d81605c5-54b3-45a8-b5ae-2e8d8890cbef:192.168.164.201:42755, 7f29c796-0732-402f-b865-67033766dcba:192.168.164.201:40704, c07977b7-c8ef-4f3c-80b1-66a07c6e3dcd:192.168.164.201:38664], old=null
2019-10-17 20:28:29,882 [grpc-default-executor-4] INFO  impl.RaftServerImpl (RaftServerImpl.java:setRole(184)) - 7f29c796-0732-402f-b865-67033766dcba@group-C2BDBBDF155D: changes role from  FOLLOWER to FOLLOWER at term 67 for recognizeCandidate:c07977b7-c8ef-4f3c-80b1-66a07c6e3dcd
2019-10-17 20:28:29,882 [grpc-default-executor-4] INFO  impl.RoleInfo (RoleInfo.java:shutdownFollowerState(121)) - 7f29c796-0732-402f-b865-67033766dcba: shutdown FollowerState
2019-10-17 20:28:29,882 [grpc-default-executor-2] INFO  impl.RaftServerImpl (RaftServerImpl.java:setRole(184)) - d81605c5-54b3-45a8-b5ae-2e8d8890cbef@group-C2BDBBDF155D: changes role from  FOLLOWER to FOLLOWER at term 67 for recognizeCandidate:c07977b7-c8ef-4f3c-80b1-66a07c6e3dcd
2019-10-17 20:28:29,883 [Thread-1458] INFO  impl.FollowerState (FollowerState.java:run(117)) - 7f29c796-0732-402f-b865-67033766dcba@group-C2BDBBDF155D-FollowerState was interrupted: java.lang.InterruptedException: sleep interrupted
2019-10-17 20:28:29,882 [grpc-default-executor-4] INFO  impl.RoleInfo (RoleInfo.java:updateAndGet(143)) - 7f29c796-0732-402f-b865-67033766dcba: start FollowerState
2019-10-17 20:28:29,883 [grpc-default-executor-2] INFO  impl.RoleInfo (RoleInfo.java:shutdownFollowerState(121)) - d81605c5-54b3-45a8-b5ae-2e8d8890cbef: shutdown FollowerState
2019-10-17 20:28:29,883 [grpc-default-executor-2] INFO  impl.RoleInfo (RoleInfo.java:updateAndGet(143)) - d81605c5-54b3-45a8-b5ae-2e8d8890cbef: start FollowerState
2019-10-17 20:28:29,883 [Thread-1459] INFO  impl.FollowerState (FollowerState.java:run(117)) - d81605c5-54b3-45a8-b5ae-2e8d8890cbef@group-C2BDBBDF155D-FollowerState was interrupted: java.lang.InterruptedException: sleep interrupted
2019-10-17 20:28:29,906 [c07977b7-c8ef-4f3c-80b1-66a07c6e3dcd@group-C2BDBBDF155D-LeaderElection101] INFO  impl.LeaderElection (LeaderElection.java:logAndReturn(56)) - c07977b7-c8ef-4f3c-80b1-66a07c6e3dcd@group-C2BDBBDF155D-LeaderElection101: Election REJECTED; received 2 response(s) [c07977b7-c8ef-4f3c-80b1-66a07c6e3dcd<-d81605c5-54b3-45a8-b5ae-2e8d8890cbef#0:FAIL-t67, c07977b7-c8ef-4f3c-80b1-66a07c6e3dcd<-7f29c796-0732-402f-b865-67033766dcba#0:FAIL-t67] and 0 exception(s); c07977b7-c8ef-4f3c-80b1-66a07c6e3dcd@group-C2BDBBDF155D:t67, leader=null, voted=c07977b7-c8ef-4f3c-80b1-66a07c6e3dcd, raftlog=c07977b7-c8ef-4f3c-80b1-66a07c6e3dcd@group-C2BDBBDF155D-SegmentedRaftLog:OPENED:c-1,f-1,i0, conf=-1: [d81605c5-54b3-45a8-b5ae-2e8d8890cbef:192.168.164.201:42755, 7f29c796-0732-402f-b865-67033766dcba:192.168.164.201:40704, c07977b7-c8ef-4f3c-80b1-66a07c6e3dcd:192.168.164.201:38664], old=null
2019-10-17 20:28:29,906 [c07977b7-c8ef-4f3c-80b1-66a07c6e3dcd@group-C2BDBBDF155D-LeaderElection101] INFO  impl.RaftServerImpl (RaftServerImpl.java:setRole(184)) - c07977b7-c8ef-4f3c-80b1-66a07c6e3dcd@group-C2BDBBDF155D: changes role from CANDIDATE to FOLLOWER at term 67 for DISCOVERED_A_NEW_TERM
2019-10-17 20:28:29,906 [c07977b7-c8ef-4f3c-80b1-66a07c6e3dcd@group-C2BDBBDF155D-LeaderElection101] INFO  impl.RoleInfo (RoleInfo.java:shutdownLeaderElection(134)) - c07977b7-c8ef-4f3c-80b1-66a07c6e3dcd: shutdown LeaderElection
2019-10-17 20:28:29,907 [c07977b7-c8ef-4f3c-80b1-66a07c6e3dcd@group-C2BDBBDF155D-LeaderElection101] INFO  impl.RoleInfo (RoleInfo.java:updateAndGet(143)) - c07977b7-c8ef-4f3c-80b1-66a07c6e3dcd: start FollowerState
2019-10-17 20:28:30,070 [Thread-1466] INFO  impl.FollowerState (FollowerState.java:run(108)) - c07977b7-c8ef-4f3c-80b1-66a07c6e3dcd@group-C2BDBBDF155D-FollowerState: change to CANDIDATE, lastRpcTime:163ms, electionTimeout:163ms
2019-10-17 20:28:30,071 [Thread-1466] INFO  impl.RoleInfo (RoleInfo.java:shutdownFollowerState(121)) - c07977b7-c8ef-4f3c-80b1-66a07c6e3dcd: shutdown FollowerState
2019-10-17 20:28:30,071 [Thread-1466] INFO  impl.RaftServerImpl (RaftServerImpl.java:setRole(184)) - c07977b7-c8ef-4f3c-80b1-66a07c6e3dcd@group-C2BDBBDF155D: changes role from  FOLLOWER to CANDIDATE at term 67 for changeToCandidate
2019-10-17 20:28:30,071 [Thread-1466] INFO  impl.RoleInfo (RoleInfo.java:updateAndGet(143)) - c07977b7-c8ef-4f3c-80b1-66a07c6e3dcd: start LeaderElection
2019-10-17 20:28:30,096 [c07977b7-c8ef-4f3c-80b1-66a07c6e3dcd@group-C2BDBBDF155D-LeaderElection102] INFO  impl.LeaderElection (LeaderElection.java:askForVotes(178)) - c07977b7-c8ef-4f3c-80b1-66a07c6e3dcd@group-C2BDBBDF155D-LeaderElection102: begin an election at term 68 for -1: [d81605c5-54b3-45a8-b5ae-2e8d8890cbef:192.168.164.201:42755, 7f29c796-0732-402f-b865-67033766dcba:192.168.164.201:40704, c07977b7-c8ef-4f3c-80b1-66a07c6e3dcd:192.168.164.201:38664], old=null
2019-10-17 20:28:30,100 [grpc-default-executor-4] INFO  impl.RaftServerImpl (RaftServerImpl.java:setRole(184)) - 7f29c796-0732-402f-b865-67033766dcba@group-C2BDBBDF155D: changes role from  FOLLOWER to FOLLOWER at term 68 for recognizeCandidate:c07977b7-c8ef-4f3c-80b1-66a07c6e3dcd
2019-10-17 20:28:30,100 [grpc-default-executor-2] INFO  impl.RaftServerImpl (RaftServerImpl.java:setRole(184)) - d81605c5-54b3-45a8-b5ae-2e8d8890cbef@group-C2BDBBDF155D: changes role from  FOLLOWER to FOLLOWER at term 68 for recognizeCandidate:c07977b7-c8ef-4f3c-80b1-66a07c6e3dcd
2019-10-17 20:28:30,100 [grpc-default-executor-4] INFO  impl.RoleInfo (RoleInfo.java:shutdownFollowerState(121)) - 7f29c796-0732-402f-b865-67033766dcba: shutdown FollowerState
2019-10-17 20:28:30,101 [grpc-default-executor-2] INFO  impl.RoleInfo (RoleInfo.java:shutdownFollowerState(121)) - d81605c5-54b3-45a8-b5ae-2e8d8890cbef: shutdown FollowerState
2019-10-17 20:28:30,101 [grpc-default-executor-4] INFO  impl.RoleInfo (RoleInfo.java:updateAndGet(143)) - 7f29c796-0732-402f-b865-67033766dcba: start FollowerState
2019-10-17 20:28:30,101 [Thread-1464] INFO  impl.FollowerState (FollowerState.java:run(117)) - 7f29c796-0732-402f-b865-67033766dcba@group-C2BDBBDF155D-FollowerState was interrupted: java.lang.InterruptedException: sleep interrupted
2019-10-17 20:28:30,101 [Thread-1465] INFO  impl.FollowerState (FollowerState.java:run(117)) - d81605c5-54b3-45a8-b5ae-2e8d8890cbef@group-C2BDBBDF155D-FollowerState was interrupted: java.lang.InterruptedException: sleep interrupted
2019-10-17 20:28:30,101 [grpc-default-executor-2] INFO  impl.RoleInfo (RoleInfo.java:updateAndGet(143)) - d81605c5-54b3-45a8-b5ae-2e8d8890cbef: start FollowerState
2019-10-17 20:28:30,133 [c07977b7-c8ef-4f3c-80b1-66a07c6e3dcd@group-C2BDBBDF155D-LeaderElection102] INFO  impl.LeaderElection (LeaderElection.java:logAndReturn(56)) - c07977b7-c8ef-4f3c-80b1-66a07c6e3dcd@group-C2BDBBDF155D-LeaderElection102: Election REJECTED; received 2 response(s) [c07977b7-c8ef-4f3c-80b1-66a07c6e3dcd<-d81605c5-54b3-45a8-b5ae-2e8d8890cbef#0:FAIL-t68, c07977b7-c8ef-4f3c-80b1-66a07c6e3dcd<-7f29c796-0732-402f-b865-67033766dcba#0:FAIL-t68] and 0 exception(s); c07977b7-c8ef-4f3c-80b1-66a07c6e3dcd@group-C2BDBBDF155D:t68, leader=null, voted=c07977b7-c8ef-4f3c-80b1-66a07c6e3dcd, raftlog=c07977b7-c8ef-4f3c-80b1-66a07c6e3dcd@group-C2BDBBDF155D-SegmentedRaftLog:OPENED:c-1,f-1,i0, conf=-1: [d81605c5-54b3-45a8-b5ae-2e8d8890cbef:192.168.164.201:42755, 7f29c796-0732-402f-b865-67033766dcba:192.168.164.201:40704, c07977b7-c8ef-4f3c-80b1-66a07c6e3dcd:192.168.164.201:38664], old=null
2019-10-17 20:28:30,134 [c07977b7-c8ef-4f3c-80b1-66a07c6e3dcd@group-C2BDBBDF155D-LeaderElection102] INFO  impl.RaftServerImpl (RaftServerImpl.java:setRole(184)) - c07977b7-c8ef-4f3c-80b1-66a07c6e3dcd@group-C2BDBBDF155D: changes role from CANDIDATE to FOLLOWER at term 68 for DISCOVERED_A_NEW_TERM
2019-10-17 20:28:30,134 [c07977b7-c8ef-4f3c-80b1-66a07c6e3dcd@group-C2BDBBDF155D-LeaderElection102] INFO  impl.RoleInfo (RoleInfo.java:shutdownLeaderElection(134)) - c07977b7-c8ef-4f3c-80b1-66a07c6e3dcd: shutdown LeaderElection
2019-10-17 20:28:30,134 [c07977b7-c8ef-4f3c-80b1-66a07c6e3dcd@group-C2BDBBDF155D-LeaderElection102] INFO  impl.RoleInfo (RoleInfo.java:updateAndGet(143)) - c07977b7-c8ef-4f3c-80b1-66a07c6e3dcd: start FollowerState
2019-10-17 20:28:30,308 [Thread-1472] INFO  impl.FollowerState (FollowerState.java:run(108)) - c07977b7-c8ef-4f3c-80b1-66a07c6e3dcd@group-C2BDBBDF155D-FollowerState: change to CANDIDATE, lastRpcTime:173ms, electionTimeout:173ms
2019-10-17 20:28:30,308 [Thread-1472] INFO  impl.RoleInfo (RoleInfo.java:shutdownFollowerState(121)) - c07977b7-c8ef-4f3c-80b1-66a07c6e3dcd: shutdown FollowerState
2019-10-17 20:28:30,308 [Thread-1472] INFO  impl.RaftServerImpl (RaftServerImpl.java:setRole(184)) - c07977b7-c8ef-4f3c-80b1-66a07c6e3dcd@group-C2BDBBDF155D: changes role from  FOLLOWER to CANDIDATE at term 68 for changeToCandidate
2019-10-17 20:28:30,308 [Thread-1472] INFO  impl.RoleInfo (RoleInfo.java:updateAndGet(143)) - c07977b7-c8ef-4f3c-80b1-66a07c6e3dcd: start LeaderElection
2019-10-17 20:28:30,340 [c07977b7-c8ef-4f3c-80b1-66a07c6e3dcd@group-C2BDBBDF155D-LeaderElection103] INFO  impl.LeaderElection (LeaderElection.java:askForVotes(178)) - c07977b7-c8ef-4f3c-80b1-66a07c6e3dcd@group-C2BDBBDF155D-LeaderElection103: begin an election at term 69 for -1: [d81605c5-54b3-45a8-b5ae-2e8d8890cbef:192.168.164.201:42755, 7f29c796-0732-402f-b865-67033766dcba:192.168.164.201:40704, c07977b7-c8ef-4f3c-80b1-66a07c6e3dcd:192.168.164.201:38664], old=null
2019-10-17 20:28:30,343 [grpc-default-executor-2] INFO  impl.RaftServerImpl (RaftServerImpl.java:setRole(184)) - d81605c5-54b3-45a8-b5ae-2e8d8890cbef@group-C2BDBBDF155D: changes role from  FOLLOWER to FOLLOWER at term 69 for recognizeCandidate:c07977b7-c8ef-4f3c-80b1-66a07c6e3dcd
2019-10-17 20:28:30,343 [grpc-default-executor-4] INFO  impl.RaftServerImpl (RaftServerImpl.java:setRole(184)) - 7f29c796-0732-402f-b865-67033766dcba@group-C2BDBBDF155D: changes role from  FOLLOWER to FOLLOWER at term 69 for recognizeCandidate:c07977b7-c8ef-4f3c-80b1-66a07c6e3dcd
2019-10-17 20:28:30,343 [grpc-default-executor-4] INFO  impl.RoleInfo (RoleInfo.java:shutdownFollowerState(121)) - 7f29c796-0732-402f-b865-67033766dcba: shutdown FollowerState
2019-10-17 20:28:30,343 [grpc-default-executor-2] INFO  impl.RoleInfo (RoleInfo.java:shutdownFollowerState(121)) - d81605c5-54b3-45a8-b5ae-2e8d8890cbef: shutdown FollowerState
2019-10-17 20:28:30,344 [Thread-1470] INFO  impl.FollowerState (FollowerState.java:run(117)) - 7f29c796-0732-402f-b865-67033766dcba@group-C2BDBBDF155D-FollowerState was interrupted: java.lang.InterruptedException: sleep interrupted
2019-10-17 20:28:30,344 [grpc-default-executor-4] INFO  impl.RoleInfo (RoleInfo.java:updateAndGet(143)) - 7f29c796-0732-402f-b865-67033766dcba: start FollowerState
2019-10-17 20:28:30,344 [grpc-default-executor-2] INFO  impl.RoleInfo (RoleInfo.java:updateAndGet(143)) - d81605c5-54b3-45a8-b5ae-2e8d8890cbef: start FollowerState
2019-10-17 20:28:30,344 [Thread-1471] INFO  impl.FollowerState (FollowerState.java:run(117)) - d81605c5-54b3-45a8-b5ae-2e8d8890cbef@group-C2BDBBDF155D-FollowerState was interrupted: java.lang.InterruptedException: sleep interrupted
2019-10-17 20:28:30,375 [c07977b7-c8ef-4f3c-80b1-66a07c6e3dcd@group-C2BDBBDF155D-LeaderElection103] INFO  impl.LeaderElection (LeaderElection.java:logAndReturn(56)) - c07977b7-c8ef-4f3c-80b1-66a07c6e3dcd@group-C2BDBBDF155D-LeaderElection103: Election REJECTED; received 2 response(s) [c07977b7-c8ef-4f3c-80b1-66a07c6e3dcd<-d81605c5-54b3-45a8-b5ae-2e8d8890cbef#0:FAIL-t69, c07977b7-c8ef-4f3c-80b1-66a07c6e3dcd<-7f29c796-0732-402f-b865-67033766dcba#0:FAIL-t69] and 0 exception(s); c07977b7-c8ef-4f3c-80b1-66a07c6e3dcd@group-C2BDBBDF155D:t69, leader=null, voted=c07977b7-c8ef-4f3c-80b1-66a07c6e3dcd, raftlog=c07977b7-c8ef-4f3c-80b1-66a07c6e3dcd@group-C2BDBBDF155D-SegmentedRaftLog:OPENED:c-1,f-1,i0, conf=-1: [d81605c5-54b3-45a8-b5ae-2e8d8890cbef:192.168.164.201:42755, 7f29c796-0732-402f-b865-67033766dcba:192.168.164.201:40704, c07977b7-c8ef-4f3c-80b1-66a07c6e3dcd:192.168.164.201:38664], old=null
2019-10-17 20:28:30,375 [c07977b7-c8ef-4f3c-80b1-66a07c6e3dcd@group-C2BDBBDF155D-LeaderElection103] INFO  impl.RaftServerImpl (RaftServerImpl.java:setRole(184)) - c07977b7-c8ef-4f3c-80b1-66a07c6e3dcd@group-C2BDBBDF155D: changes role from CANDIDATE to FOLLOWER at term 69 for DISCOVERED_A_NEW_TERM
2019-10-17 20:28:30,375 [c07977b7-c8ef-4f3c-80b1-66a07c6e3dcd@group-C2BDBBDF155D-LeaderElection103] INFO  impl.RoleInfo (RoleInfo.java:shutdownLeaderElection(134)) - c07977b7-c8ef-4f3c-80b1-66a07c6e3dcd: shutdown LeaderElection
2019-10-17 20:28:30,375 [c07977b7-c8ef-4f3c-80b1-66a07c6e3dcd@group-C2BDBBDF155D-LeaderElection103] INFO  impl.RoleInfo (RoleInfo.java:updateAndGet(143)) - c07977b7-c8ef-4f3c-80b1-66a07c6e3dcd: start FollowerState
2019-10-17 20:28:30,478 [Thread-1478] INFO  impl.FollowerState (FollowerState.java:run(108)) - c07977b7-c8ef-4f3c-80b1-66a07c6e3dcd@group-C2BDBBDF155D-FollowerState: change to CANDIDATE, lastRpcTime:102ms, electionTimeout:102ms
2019-10-17 20:28:30,478 [Thread-1478] INFO  impl.RoleInfo (RoleInfo.java:shutdownFollowerState(121)) - c07977b7-c8ef-4f3c-80b1-66a07c6e3dcd: shutdown FollowerState
2019-10-17 20:28:30,478 [Thread-1478] INFO  impl.RaftServerImpl (RaftServerImpl.java:setRole(184)) - c07977b7-c8ef-4f3c-80b1-66a07c6e3dcd@group-C2BDBBDF155D: changes role from  FOLLOWER to CANDIDATE at term 69 for changeToCandidate
2019-10-17 20:28:30,478 [Thread-1478] INFO  impl.RoleInfo (RoleInfo.java:updateAndGet(143)) - c07977b7-c8ef-4f3c-80b1-66a07c6e3dcd: start LeaderElection
2019-10-17 20:28:30,507 [c07977b7-c8ef-4f3c-80b1-66a07c6e3dcd@group-C2BDBBDF155D-LeaderElection104] INFO  impl.LeaderElection (LeaderElection.java:askForVotes(178)) - c07977b7-c8ef-4f3c-80b1-66a07c6e3dcd@group-C2BDBBDF155D-LeaderElection104: begin an election at term 70 for -1: [d81605c5-54b3-45a8-b5ae-2e8d8890cbef:192.168.164.201:42755, 7f29c796-0732-402f-b865-67033766dcba:192.168.164.201:40704, c07977b7-c8ef-4f3c-80b1-66a07c6e3dcd:192.168.164.201:38664], old=null
2019-10-17 20:28:30,510 [grpc-default-executor-4] INFO  impl.RaftServerImpl (RaftServerImpl.java:setRole(184)) - d81605c5-54b3-45a8-b5ae-2e8d8890cbef@group-C2BDBBDF155D: changes role from  FOLLOWER to FOLLOWER at term 70 for recognizeCandidate:c07977b7-c8ef-4f3c-80b1-66a07c6e3dcd
2019-10-17 20:28:30,510 [grpc-default-executor-2] INFO  impl.RaftServerImpl (RaftServerImpl.java:setRole(184)) - 7f29c796-0732-402f-b865-67033766dcba@group-C2BDBBDF155D: changes role from  FOLLOWER to FOLLOWER at term 70 for recognizeCandidate:c07977b7-c8ef-4f3c-80b1-66a07c6e3dcd
2019-10-17 20:28:30,510 [grpc-default-executor-4] INFO  impl.RoleInfo (RoleInfo.java:shutdownFollowerState(121)) - d81605c5-54b3-45a8-b5ae-2e8d8890cbef: shutdown FollowerState
2019-10-17 20:28:30,510 [grpc-default-executor-2] INFO  impl.RoleInfo (RoleInfo.java:shutdownFollowerState(121)) - 7f29c796-0732-402f-b865-67033766dcba: shutdown FollowerState
2019-10-17 20:28:30,511 [grpc-default-executor-4] INFO  impl.RoleInfo (RoleInfo.java:updateAndGet(143)) - d81605c5-54b3-45a8-b5ae-2e8d8890cbef: start FollowerState
2019-10-17 20:28:30,511 [Thread-1477] INFO  impl.FollowerState (FollowerState.java:run(117)) - d81605c5-54b3-45a8-b5ae-2e8d8890cbef@group-C2BDBBDF155D-FollowerState was interrupted: java.lang.InterruptedException: sleep interrupted
2019-10-17 20:28:30,511 [Thread-1476] INFO  impl.FollowerState (FollowerState.java:run(117)) - 7f29c796-0732-402f-b865-67033766dcba@group-C2BDBBDF155D-FollowerState was interrupted: java.lang.InterruptedException: sleep interrupted
2019-10-17 20:28:30,511 [grpc-default-executor-2] INFO  impl.RoleInfo (RoleInfo.java:updateAndGet(143)) - 7f29c796-0732-402f-b865-67033766dcba: start FollowerState
2019-10-17 20:28:30,534 [c07977b7-c8ef-4f3c-80b1-66a07c6e3dcd@group-C2BDBBDF155D-LeaderElection104] INFO  impl.LeaderElection (LeaderElection.java:logAndReturn(56)) - c07977b7-c8ef-4f3c-80b1-66a07c6e3dcd@group-C2BDBBDF155D-LeaderElection104: Election REJECTED; received 2 response(s) [c07977b7-c8ef-4f3c-80b1-66a07c6e3dcd<-d81605c5-54b3-45a8-b5ae-2e8d8890cbef#0:FAIL-t70, c07977b7-c8ef-4f3c-80b1-66a07c6e3dcd<-7f29c796-0732-402f-b865-67033766dcba#0:FAIL-t70] and 0 exception(s); c07977b7-c8ef-4f3c-80b1-66a07c6e3dcd@group-C2BDBBDF155D:t70, leader=null, voted=c07977b7-c8ef-4f3c-80b1-66a07c6e3dcd, raftlog=c07977b7-c8ef-4f3c-80b1-66a07c6e3dcd@group-C2BDBBDF155D-SegmentedRaftLog:OPENED:c-1,f-1,i0, conf=-1: [d81605c5-54b3-45a8-b5ae-2e8d8890cbef:192.168.164.201:42755, 7f29c796-0732-402f-b865-67033766dcba:192.168.164.201:40704, c07977b7-c8ef-4f3c-80b1-66a07c6e3dcd:192.168.164.201:38664], old=null
2019-10-17 20:28:30,534 [c07977b7-c8ef-4f3c-80b1-66a07c6e3dcd@group-C2BDBBDF155D-LeaderElection104] INFO  impl.RaftServerImpl (RaftServerImpl.java:setRole(184)) - c07977b7-c8ef-4f3c-80b1-66a07c6e3dcd@group-C2BDBBDF155D: changes role from CANDIDATE to FOLLOWER at term 70 for DISCOVERED_A_NEW_TERM
2019-10-17 20:28:30,534 [c07977b7-c8ef-4f3c-80b1-66a07c6e3dcd@group-C2BDBBDF155D-LeaderElection104] INFO  impl.RoleInfo (RoleInfo.java:shutdownLeaderElection(134)) - c07977b7-c8ef-4f3c-80b1-66a07c6e3dcd: shutdown LeaderElection
2019-10-17 20:28:30,534 [Thread-754] INFO  ozone.MiniOzoneClusterImpl (MiniOzoneClusterImpl.java:lambda$waitForClusterToBeReady$2(164)) - Waiting for 1 number of pipelines out of 4, to report a leader.
2019-10-17 20:28:30,534 [c07977b7-c8ef-4f3c-80b1-66a07c6e3dcd@group-C2BDBBDF155D-LeaderElection104] INFO  impl.RoleInfo (RoleInfo.java:updateAndGet(143)) - c07977b7-c8ef-4f3c-80b1-66a07c6e3dcd: start FollowerState
2019-10-17 20:28:30,604 [Thread-1484] INFO  impl.FollowerState (FollowerState.java:run(108)) - c07977b7-c8ef-4f3c-80b1-66a07c6e3dcd@group-C2BDBBDF155D-FollowerState: change to CANDIDATE, lastRpcTime:69ms, electionTimeout:69ms
2019-10-17 20:28:30,604 [Thread-1484] INFO  impl.RoleInfo (RoleInfo.java:shutdownFollowerState(121)) - c07977b7-c8ef-4f3c-80b1-66a07c6e3dcd: shutdown FollowerState
2019-10-17 20:28:30,604 [Thread-1484] INFO  impl.RaftServerImpl (RaftServerImpl.java:setRole(184)) - c07977b7-c8ef-4f3c-80b1-66a07c6e3dcd@group-C2BDBBDF155D: changes role from  FOLLOWER to CANDIDATE at term 70 for changeToCandidate
2019-10-17 20:28:30,604 [Thread-1484] INFO  impl.RoleInfo (RoleInfo.java:updateAndGet(143)) - c07977b7-c8ef-4f3c-80b1-66a07c6e3dcd: start LeaderElection
2019-10-17 20:28:30,633 [c07977b7-c8ef-4f3c-80b1-66a07c6e3dcd@group-C2BDBBDF155D-LeaderElection105] INFO  impl.LeaderElection (LeaderElection.java:askForVotes(178)) - c07977b7-c8ef-4f3c-80b1-66a07c6e3dcd@group-C2BDBBDF155D-LeaderElection105: begin an election at term 71 for -1: [d81605c5-54b3-45a8-b5ae-2e8d8890cbef:192.168.164.201:42755, 7f29c796-0732-402f-b865-67033766dcba:192.168.164.201:40704, c07977b7-c8ef-4f3c-80b1-66a07c6e3dcd:192.168.164.201:38664], old=null
2019-10-17 20:28:30,635 [grpc-default-executor-2] INFO  impl.RaftServerImpl (RaftServerImpl.java:setRole(184)) - 7f29c796-0732-402f-b865-67033766dcba@group-C2BDBBDF155D: changes role from  FOLLOWER to FOLLOWER at term 71 for recognizeCandidate:c07977b7-c8ef-4f3c-80b1-66a07c6e3dcd
2019-10-17 20:28:30,635 [grpc-default-executor-2] INFO  impl.RoleInfo (RoleInfo.java:shutdownFollowerState(121)) - 7f29c796-0732-402f-b865-67033766dcba: shutdown FollowerState
2019-10-17 20:28:30,635 [grpc-default-executor-4] INFO  impl.RaftServerImpl (RaftServerImpl.java:setRole(184)) - d81605c5-54b3-45a8-b5ae-2e8d8890cbef@group-C2BDBBDF155D: changes role from  FOLLOWER to FOLLOWER at term 71 for recognizeCandidate:c07977b7-c8ef-4f3c-80b1-66a07c6e3dcd
2019-10-17 20:28:30,636 [grpc-default-executor-4] INFO  impl.RoleInfo (RoleInfo.java:shutdownFollowerState(121)) - d81605c5-54b3-45a8-b5ae-2e8d8890cbef: shutdown FollowerState
2019-10-17 20:28:30,636 [Thread-1483] INFO  impl.FollowerState (FollowerState.java:run(117)) - 7f29c796-0732-402f-b865-67033766dcba@group-C2BDBBDF155D-FollowerState was interrupted: java.lang.InterruptedException: sleep interrupted
2019-10-17 20:28:30,636 [grpc-default-executor-2] INFO  impl.RoleInfo (RoleInfo.java:updateAndGet(143)) - 7f29c796-0732-402f-b865-67033766dcba: start FollowerState
2019-10-17 20:28:30,636 [Thread-1482] INFO  impl.FollowerState (FollowerState.java:run(117)) - d81605c5-54b3-45a8-b5ae-2e8d8890cbef@group-C2BDBBDF155D-FollowerState was interrupted: java.lang.InterruptedException: sleep interrupted
2019-10-17 20:28:30,636 [grpc-default-executor-4] INFO  impl.RoleInfo (RoleInfo.java:updateAndGet(143)) - d81605c5-54b3-45a8-b5ae-2e8d8890cbef: start FollowerState
2019-10-17 20:28:30,659 [c07977b7-c8ef-4f3c-80b1-66a07c6e3dcd@group-C2BDBBDF155D-LeaderElection105] INFO  impl.LeaderElection (LeaderElection.java:logAndReturn(56)) - c07977b7-c8ef-4f3c-80b1-66a07c6e3dcd@group-C2BDBBDF155D-LeaderElection105: Election REJECTED; received 2 response(s) [c07977b7-c8ef-4f3c-80b1-66a07c6e3dcd<-d81605c5-54b3-45a8-b5ae-2e8d8890cbef#0:FAIL-t71, c07977b7-c8ef-4f3c-80b1-66a07c6e3dcd<-7f29c796-0732-402f-b865-67033766dcba#0:FAIL-t71] and 0 exception(s); c07977b7-c8ef-4f3c-80b1-66a07c6e3dcd@group-C2BDBBDF155D:t71, leader=null, voted=c07977b7-c8ef-4f3c-80b1-66a07c6e3dcd, raftlog=c07977b7-c8ef-4f3c-80b1-66a07c6e3dcd@group-C2BDBBDF155D-SegmentedRaftLog:OPENED:c-1,f-1,i0, conf=-1: [d81605c5-54b3-45a8-b5ae-2e8d8890cbef:192.168.164.201:42755, 7f29c796-0732-402f-b865-67033766dcba:192.168.164.201:40704, c07977b7-c8ef-4f3c-80b1-66a07c6e3dcd:192.168.164.201:38664], old=null
2019-10-17 20:28:30,659 [c07977b7-c8ef-4f3c-80b1-66a07c6e3dcd@group-C2BDBBDF155D-LeaderElection105] INFO  impl.RaftServerImpl (RaftServerImpl.java:setRole(184)) - c07977b7-c8ef-4f3c-80b1-66a07c6e3dcd@group-C2BDBBDF155D: changes role from CANDIDATE to FOLLOWER at term 71 for DISCOVERED_A_NEW_TERM
2019-10-17 20:28:30,660 [c07977b7-c8ef-4f3c-80b1-66a07c6e3dcd@group-C2BDBBDF155D-LeaderElection105] INFO  impl.RoleInfo (RoleInfo.java:shutdownLeaderElection(134)) - c07977b7-c8ef-4f3c-80b1-66a07c6e3dcd: shutdown LeaderElection
2019-10-17 20:28:30,660 [c07977b7-c8ef-4f3c-80b1-66a07c6e3dcd@group-C2BDBBDF155D-LeaderElection105] INFO  impl.RoleInfo (RoleInfo.java:updateAndGet(143)) - c07977b7-c8ef-4f3c-80b1-66a07c6e3dcd: start FollowerState
2019-10-17 20:28:30,695 [Thread-1490] INFO  impl.FollowerState (FollowerState.java:run(108)) - c07977b7-c8ef-4f3c-80b1-66a07c6e3dcd@group-C2BDBBDF155D-FollowerState: change to CANDIDATE, lastRpcTime:35ms, electionTimeout:35ms
2019-10-17 20:28:30,695 [Thread-1490] INFO  impl.RoleInfo (RoleInfo.java:shutdownFollowerState(121)) - c07977b7-c8ef-4f3c-80b1-66a07c6e3dcd: shutdown FollowerState
2019-10-17 20:28:30,695 [Thread-1490] INFO  impl.RaftServerImpl (RaftServerImpl.java:setRole(184)) - c07977b7-c8ef-4f3c-80b1-66a07c6e3dcd@group-C2BDBBDF155D: changes role from  FOLLOWER to CANDIDATE at term 71 for changeToCandidate
2019-10-17 20:28:30,696 [Thread-1490] INFO  impl.RoleInfo (RoleInfo.java:updateAndGet(143)) - c07977b7-c8ef-4f3c-80b1-66a07c6e3dcd: start LeaderElection
2019-10-17 20:28:30,725 [c07977b7-c8ef-4f3c-80b1-66a07c6e3dcd@group-C2BDBBDF155D-LeaderElection106] INFO  impl.LeaderElection (LeaderElection.java:askForVotes(178)) - c07977b7-c8ef-4f3c-80b1-66a07c6e3dcd@group-C2BDBBDF155D-LeaderElection106: begin an election at term 72 for -1: [d81605c5-54b3-45a8-b5ae-2e8d8890cbef:192.168.164.201:42755, 7f29c796-0732-402f-b865-67033766dcba:192.168.164.201:40704, c07977b7-c8ef-4f3c-80b1-66a07c6e3dcd:192.168.164.201:38664], old=null
2019-10-17 20:28:30,728 [grpc-default-executor-4] INFO  impl.RaftServerImpl (RaftServerImpl.java:setRole(184)) - 7f29c796-0732-402f-b865-67033766dcba@group-C2BDBBDF155D: changes role from  FOLLOWER to FOLLOWER at term 72 for recognizeCandidate:c07977b7-c8ef-4f3c-80b1-66a07c6e3dcd
2019-10-17 20:28:30,728 [grpc-default-executor-4] INFO  impl.RoleInfo (RoleInfo.java:shutdownFollowerState(121)) - 7f29c796-0732-402f-b865-67033766dcba: shutdown FollowerState
2019-10-17 20:28:30,728 [grpc-default-executor-2] INFO  impl.RaftServerImpl (RaftServerImpl.java:setRole(184)) - d81605c5-54b3-45a8-b5ae-2e8d8890cbef@group-C2BDBBDF155D: changes role from  FOLLOWER to FOLLOWER at term 72 for recognizeCandidate:c07977b7-c8ef-4f3c-80b1-66a07c6e3dcd
2019-10-17 20:28:30,728 [Thread-1488] INFO  impl.FollowerState (FollowerState.java:run(117)) - 7f29c796-0732-402f-b865-67033766dcba@group-C2BDBBDF155D-FollowerState was interrupted: java.lang.InterruptedException: sleep interrupted
2019-10-17 20:28:30,728 [grpc-default-executor-4] INFO  impl.RoleInfo (RoleInfo.java:updateAndGet(143)) - 7f29c796-0732-402f-b865-67033766dcba: start FollowerState
2019-10-17 20:28:30,729 [grpc-default-executor-2] INFO  impl.RoleInfo (RoleInfo.java:shutdownFollowerState(121)) - d81605c5-54b3-45a8-b5ae-2e8d8890cbef: shutdown FollowerState
2019-10-17 20:28:30,729 [grpc-default-executor-2] INFO  impl.RoleInfo (RoleInfo.java:updateAndGet(143)) - d81605c5-54b3-45a8-b5ae-2e8d8890cbef: start FollowerState
2019-10-17 20:28:30,729 [Thread-1489] INFO  impl.FollowerState (FollowerState.java:run(117)) - d81605c5-54b3-45a8-b5ae-2e8d8890cbef@group-C2BDBBDF155D-FollowerState was interrupted: java.lang.InterruptedException: sleep interrupted
2019-10-17 20:28:30,752 [c07977b7-c8ef-4f3c-80b1-66a07c6e3dcd@group-C2BDBBDF155D-LeaderElection106] INFO  impl.LeaderElection (LeaderElection.java:logAndReturn(56)) - c07977b7-c8ef-4f3c-80b1-66a07c6e3dcd@group-C2BDBBDF155D-LeaderElection106: Election REJECTED; received 2 response(s) [c07977b7-c8ef-4f3c-80b1-66a07c6e3dcd<-d81605c5-54b3-45a8-b5ae-2e8d8890cbef#0:FAIL-t72, c07977b7-c8ef-4f3c-80b1-66a07c6e3dcd<-7f29c796-0732-402f-b865-67033766dcba#0:FAIL-t72] and 0 exception(s); c07977b7-c8ef-4f3c-80b1-66a07c6e3dcd@group-C2BDBBDF155D:t72, leader=null, voted=c07977b7-c8ef-4f3c-80b1-66a07c6e3dcd, raftlog=c07977b7-c8ef-4f3c-80b1-66a07c6e3dcd@group-C2BDBBDF155D-SegmentedRaftLog:OPENED:c-1,f-1,i0, conf=-1: [d81605c5-54b3-45a8-b5ae-2e8d8890cbef:192.168.164.201:42755, 7f29c796-0732-402f-b865-67033766dcba:192.168.164.201:40704, c07977b7-c8ef-4f3c-80b1-66a07c6e3dcd:192.168.164.201:38664], old=null
2019-10-17 20:28:30,752 [c07977b7-c8ef-4f3c-80b1-66a07c6e3dcd@group-C2BDBBDF155D-LeaderElection106] INFO  impl.RaftServerImpl (RaftServerImpl.java:setRole(184)) - c07977b7-c8ef-4f3c-80b1-66a07c6e3dcd@group-C2BDBBDF155D: changes role from CANDIDATE to FOLLOWER at term 72 for DISCOVERED_A_NEW_TERM
2019-10-17 20:28:30,752 [c07977b7-c8ef-4f3c-80b1-66a07c6e3dcd@group-C2BDBBDF155D-LeaderElection106] INFO  impl.RoleInfo (RoleInfo.java:shutdownLeaderElection(134)) - c07977b7-c8ef-4f3c-80b1-66a07c6e3dcd: shutdown LeaderElection
2019-10-17 20:28:30,752 [c07977b7-c8ef-4f3c-80b1-66a07c6e3dcd@group-C2BDBBDF155D-LeaderElection106] INFO  impl.RoleInfo (RoleInfo.java:updateAndGet(143)) - c07977b7-c8ef-4f3c-80b1-66a07c6e3dcd: start FollowerState
2019-10-17 20:28:30,894 [Thread-1496] INFO  impl.FollowerState (FollowerState.java:run(108)) - c07977b7-c8ef-4f3c-80b1-66a07c6e3dcd@group-C2BDBBDF155D-FollowerState: change to CANDIDATE, lastRpcTime:141ms, electionTimeout:141ms
2019-10-17 20:28:30,894 [Thread-1496] INFO  impl.RoleInfo (RoleInfo.java:shutdownFollowerState(121)) - c07977b7-c8ef-4f3c-80b1-66a07c6e3dcd: shutdown FollowerState
2019-10-17 20:28:30,894 [Thread-1496] INFO  impl.RaftServerImpl (RaftServerImpl.java:setRole(184)) - c07977b7-c8ef-4f3c-80b1-66a07c6e3dcd@group-C2BDBBDF155D: changes role from  FOLLOWER to CANDIDATE at term 72 for changeToCandidate
2019-10-17 20:28:30,895 [Thread-1496] INFO  impl.RoleInfo (RoleInfo.java:updateAndGet(143)) - c07977b7-c8ef-4f3c-80b1-66a07c6e3dcd: start LeaderElection
2019-10-17 20:28:30,926 [c07977b7-c8ef-4f3c-80b1-66a07c6e3dcd@group-C2BDBBDF155D-LeaderElection107] INFO  impl.LeaderElection (LeaderElection.java:askForVotes(178)) - c07977b7-c8ef-4f3c-80b1-66a07c6e3dcd@group-C2BDBBDF155D-LeaderElection107: begin an election at term 73 for -1: [d81605c5-54b3-45a8-b5ae-2e8d8890cbef:192.168.164.201:42755, 7f29c796-0732-402f-b865-67033766dcba:192.168.164.201:40704, c07977b7-c8ef-4f3c-80b1-66a07c6e3dcd:192.168.164.201:38664], old=null
2019-10-17 20:28:30,929 [grpc-default-executor-2] INFO  impl.RaftServerImpl (RaftServerImpl.java:setRole(184)) - d81605c5-54b3-45a8-b5ae-2e8d8890cbef@group-C2BDBBDF155D: changes role from  FOLLOWER to FOLLOWER at term 73 for recognizeCandidate:c07977b7-c8ef-4f3c-80b1-66a07c6e3dcd
2019-10-17 20:28:30,929 [grpc-default-executor-4] INFO  impl.RaftServerImpl (RaftServerImpl.java:setRole(184)) - 7f29c796-0732-402f-b865-67033766dcba@group-C2BDBBDF155D: changes role from  FOLLOWER to FOLLOWER at term 73 for recognizeCandidate:c07977b7-c8ef-4f3c-80b1-66a07c6e3dcd
2019-10-17 20:28:30,929 [grpc-default-executor-2] INFO  impl.RoleInfo (RoleInfo.java:shutdownFollowerState(121)) - d81605c5-54b3-45a8-b5ae-2e8d8890cbef: shutdown FollowerState
2019-10-17 20:28:30,930 [grpc-default-executor-4] INFO  impl.RoleInfo (RoleInfo.java:shutdownFollowerState(121)) - 7f29c796-0732-402f-b865-67033766dcba: shutdown FollowerState
2019-10-17 20:28:30,930 [Thread-1495] INFO  impl.FollowerState (FollowerState.java:run(117)) - d81605c5-54b3-45a8-b5ae-2e8d8890cbef@group-C2BDBBDF155D-FollowerState was interrupted: java.lang.InterruptedException: sleep interrupted
2019-10-17 20:28:30,930 [grpc-default-executor-2] INFO  impl.RoleInfo (RoleInfo.java:updateAndGet(143)) - d81605c5-54b3-45a8-b5ae-2e8d8890cbef: start FollowerState
2019-10-17 20:28:30,930 [Thread-1494] INFO  impl.FollowerState (FollowerState.java:run(117)) - 7f29c796-0732-402f-b865-67033766dcba@group-C2BDBBDF155D-FollowerState was interrupted: java.lang.InterruptedException: sleep interrupted
2019-10-17 20:28:30,930 [grpc-default-executor-4] INFO  impl.RoleInfo (RoleInfo.java:updateAndGet(143)) - 7f29c796-0732-402f-b865-67033766dcba: start FollowerState
2019-10-17 20:28:30,954 [c07977b7-c8ef-4f3c-80b1-66a07c6e3dcd@group-C2BDBBDF155D-LeaderElection107] INFO  impl.LeaderElection (LeaderElection.java:logAndReturn(56)) - c07977b7-c8ef-4f3c-80b1-66a07c6e3dcd@group-C2BDBBDF155D-LeaderElection107: Election REJECTED; received 2 response(s) [c07977b7-c8ef-4f3c-80b1-66a07c6e3dcd<-d81605c5-54b3-45a8-b5ae-2e8d8890cbef#0:FAIL-t73, c07977b7-c8ef-4f3c-80b1-66a07c6e3dcd<-7f29c796-0732-402f-b865-67033766dcba#0:FAIL-t73] and 0 exception(s); c07977b7-c8ef-4f3c-80b1-66a07c6e3dcd@group-C2BDBBDF155D:t73, leader=null, voted=c07977b7-c8ef-4f3c-80b1-66a07c6e3dcd, raftlog=c07977b7-c8ef-4f3c-80b1-66a07c6e3dcd@group-C2BDBBDF155D-SegmentedRaftLog:OPENED:c-1,f-1,i0, conf=-1: [d81605c5-54b3-45a8-b5ae-2e8d8890cbef:192.168.164.201:42755, 7f29c796-0732-402f-b865-67033766dcba:192.168.164.201:40704, c07977b7-c8ef-4f3c-80b1-66a07c6e3dcd:192.168.164.201:38664], old=null
2019-10-17 20:28:30,954 [c07977b7-c8ef-4f3c-80b1-66a07c6e3dcd@group-C2BDBBDF155D-LeaderElection107] INFO  impl.RaftServerImpl (RaftServerImpl.java:setRole(184)) - c07977b7-c8ef-4f3c-80b1-66a07c6e3dcd@group-C2BDBBDF155D: changes role from CANDIDATE to FOLLOWER at term 73 for DISCOVERED_A_NEW_TERM
2019-10-17 20:28:30,954 [c07977b7-c8ef-4f3c-80b1-66a07c6e3dcd@group-C2BDBBDF155D-LeaderElection107] INFO  impl.RoleInfo (RoleInfo.java:shutdownLeaderElection(134)) - c07977b7-c8ef-4f3c-80b1-66a07c6e3dcd: shutdown LeaderElection
2019-10-17 20:28:30,955 [c07977b7-c8ef-4f3c-80b1-66a07c6e3dcd@group-C2BDBBDF155D-LeaderElection107] INFO  impl.RoleInfo (RoleInfo.java:updateAndGet(143)) - c07977b7-c8ef-4f3c-80b1-66a07c6e3dcd: start FollowerState
2019-10-17 20:28:31,135 [Thread-1502] INFO  impl.FollowerState (FollowerState.java:run(108)) - c07977b7-c8ef-4f3c-80b1-66a07c6e3dcd@group-C2BDBBDF155D-FollowerState: change to CANDIDATE, lastRpcTime:179ms, electionTimeout:179ms
2019-10-17 20:28:31,135 [Thread-1502] INFO  impl.RoleInfo (RoleInfo.java:shutdownFollowerState(121)) - c07977b7-c8ef-4f3c-80b1-66a07c6e3dcd: shutdown FollowerState
2019-10-17 20:28:31,135 [Thread-1502] INFO  impl.RaftServerImpl (RaftServerImpl.java:setRole(184)) - c07977b7-c8ef-4f3c-80b1-66a07c6e3dcd@group-C2BDBBDF155D: changes role from  FOLLOWER to CANDIDATE at term 73 for changeToCandidate
2019-10-17 20:28:31,135 [Thread-1502] INFO  impl.RoleInfo (RoleInfo.java:updateAndGet(143)) - c07977b7-c8ef-4f3c-80b1-66a07c6e3dcd: start LeaderElection
2019-10-17 20:28:31,160 [c07977b7-c8ef-4f3c-80b1-66a07c6e3dcd@group-C2BDBBDF155D-LeaderElection108] INFO  impl.LeaderElection (LeaderElection.java:askForVotes(178)) - c07977b7-c8ef-4f3c-80b1-66a07c6e3dcd@group-C2BDBBDF155D-LeaderElection108: begin an election at term 74 for -1: [d81605c5-54b3-45a8-b5ae-2e8d8890cbef:192.168.164.201:42755, 7f29c796-0732-402f-b865-67033766dcba:192.168.164.201:40704, c07977b7-c8ef-4f3c-80b1-66a07c6e3dcd:192.168.164.201:38664], old=null
2019-10-17 20:28:31,163 [grpc-default-executor-2] INFO  impl.RaftServerImpl (RaftServerImpl.java:setRole(184)) - 7f29c796-0732-402f-b865-67033766dcba@group-C2BDBBDF155D: changes role from  FOLLOWER to FOLLOWER at term 74 for recognizeCandidate:c07977b7-c8ef-4f3c-80b1-66a07c6e3dcd
2019-10-17 20:28:31,163 [grpc-default-executor-4] INFO  impl.RaftServerImpl (RaftServerImpl.java:setRole(184)) - d81605c5-54b3-45a8-b5ae-2e8d8890cbef@group-C2BDBBDF155D: changes role from  FOLLOWER to FOLLOWER at term 74 for recognizeCandidate:c07977b7-c8ef-4f3c-80b1-66a07c6e3dcd
2019-10-17 20:28:31,164 [grpc-default-executor-2] INFO  impl.RoleInfo (RoleInfo.java:shutdownFollowerState(121)) - 7f29c796-0732-402f-b865-67033766dcba: shutdown FollowerState
2019-10-17 20:28:31,164 [grpc-default-executor-4] INFO  impl.RoleInfo (RoleInfo.java:shutdownFollowerState(121)) - d81605c5-54b3-45a8-b5ae-2e8d8890cbef: shutdown FollowerState
2019-10-17 20:28:31,164 [Thread-1501] INFO  impl.FollowerState (FollowerState.java:run(117)) - 7f29c796-0732-402f-b865-67033766dcba@group-C2BDBBDF155D-FollowerState was interrupted: java.lang.InterruptedException: sleep interrupted
2019-10-17 20:28:31,164 [grpc-default-executor-2] INFO  impl.RoleInfo (RoleInfo.java:updateAndGet(143)) - 7f29c796-0732-402f-b865-67033766dcba: start FollowerState
2019-10-17 20:28:31,164 [Thread-1500] INFO  impl.FollowerState (FollowerState.java:run(117)) - d81605c5-54b3-45a8-b5ae-2e8d8890cbef@group-C2BDBBDF155D-FollowerState was interrupted: java.lang.InterruptedException: sleep interrupted
2019-10-17 20:28:31,164 [grpc-default-executor-4] INFO  impl.RoleInfo (RoleInfo.java:updateAndGet(143)) - d81605c5-54b3-45a8-b5ae-2e8d8890cbef: start FollowerState
2019-10-17 20:28:31,192 [c07977b7-c8ef-4f3c-80b1-66a07c6e3dcd@group-C2BDBBDF155D-LeaderElection108] INFO  impl.LeaderElection (LeaderElection.java:logAndReturn(56)) - c07977b7-c8ef-4f3c-80b1-66a07c6e3dcd@group-C2BDBBDF155D-LeaderElection108: Election TIMEOUT; received 0 response(s) [] and 0 exception(s); c07977b7-c8ef-4f3c-80b1-66a07c6e3dcd@group-C2BDBBDF155D:t74, leader=null, voted=c07977b7-c8ef-4f3c-80b1-66a07c6e3dcd, raftlog=c07977b7-c8ef-4f3c-80b1-66a07c6e3dcd@group-C2BDBBDF155D-SegmentedRaftLog:OPENED:c-1,f-1,i0, conf=-1: [d81605c5-54b3-45a8-b5ae-2e8d8890cbef:192.168.164.201:42755, 7f29c796-0732-402f-b865-67033766dcba:192.168.164.201:40704, c07977b7-c8ef-4f3c-80b1-66a07c6e3dcd:192.168.164.201:38664], old=null
2019-10-17 20:28:31,219 [c07977b7-c8ef-4f3c-80b1-66a07c6e3dcd@group-C2BDBBDF155D-LeaderElection108] INFO  impl.LeaderElection (LeaderElection.java:askForVotes(178)) - c07977b7-c8ef-4f3c-80b1-66a07c6e3dcd@group-C2BDBBDF155D-LeaderElection108: begin an election at term 75 for -1: [d81605c5-54b3-45a8-b5ae-2e8d8890cbef:192.168.164.201:42755, 7f29c796-0732-402f-b865-67033766dcba:192.168.164.201:40704, c07977b7-c8ef-4f3c-80b1-66a07c6e3dcd:192.168.164.201:38664], old=null
2019-10-17 20:28:31,222 [grpc-default-executor-4] INFO  impl.RaftServerImpl (RaftServerImpl.java:setRole(184)) - 7f29c796-0732-402f-b865-67033766dcba@group-C2BDBBDF155D: changes role from  FOLLOWER to FOLLOWER at term 75 for recognizeCandidate:c07977b7-c8ef-4f3c-80b1-66a07c6e3dcd
2019-10-17 20:28:31,222 [grpc-default-executor-2] INFO  impl.RaftServerImpl (RaftServerImpl.java:setRole(184)) - d81605c5-54b3-45a8-b5ae-2e8d8890cbef@group-C2BDBBDF155D: changes role from  FOLLOWER to FOLLOWER at term 75 for recognizeCandidate:c07977b7-c8ef-4f3c-80b1-66a07c6e3dcd
2019-10-17 20:28:31,222 [grpc-default-executor-4] INFO  impl.RoleInfo (RoleInfo.java:shutdownFollowerState(121)) - 7f29c796-0732-402f-b865-67033766dcba: shutdown FollowerState
2019-10-17 20:28:31,222 [grpc-default-executor-2] INFO  impl.RoleInfo (RoleInfo.java:shutdownFollowerState(121)) - d81605c5-54b3-45a8-b5ae-2e8d8890cbef: shutdown FollowerState
2019-10-17 20:28:31,222 [Thread-1506] INFO  impl.FollowerState (FollowerState.java:run(117)) - 7f29c796-0732-402f-b865-67033766dcba@group-C2BDBBDF155D-FollowerState was interrupted: java.lang.InterruptedException: sleep interrupted
2019-10-17 20:28:31,222 [grpc-default-executor-4] INFO  impl.RoleInfo (RoleInfo.java:updateAndGet(143)) - 7f29c796-0732-402f-b865-67033766dcba: start FollowerState
2019-10-17 20:28:31,222 [Thread-1507] INFO  impl.FollowerState (FollowerState.java:run(117)) - d81605c5-54b3-45a8-b5ae-2e8d8890cbef@group-C2BDBBDF155D-FollowerState was interrupted: java.lang.InterruptedException: sleep interrupted
2019-10-17 20:28:31,222 [grpc-default-executor-2] INFO  impl.RoleInfo (RoleInfo.java:updateAndGet(143)) - d81605c5-54b3-45a8-b5ae-2e8d8890cbef: start FollowerState
2019-10-17 20:28:31,245 [c07977b7-c8ef-4f3c-80b1-66a07c6e3dcd@group-C2BDBBDF155D-LeaderElection108] INFO  impl.LeaderElection (LeaderElection.java:logAndReturn(56)) - c07977b7-c8ef-4f3c-80b1-66a07c6e3dcd@group-C2BDBBDF155D-LeaderElection108: Election REJECTED; received 2 response(s) [c07977b7-c8ef-4f3c-80b1-66a07c6e3dcd<-d81605c5-54b3-45a8-b5ae-2e8d8890cbef#0:FAIL-t75, c07977b7-c8ef-4f3c-80b1-66a07c6e3dcd<-7f29c796-0732-402f-b865-67033766dcba#0:FAIL-t75] and 0 exception(s); c07977b7-c8ef-4f3c-80b1-66a07c6e3dcd@group-C2BDBBDF155D:t75, leader=null, voted=c07977b7-c8ef-4f3c-80b1-66a07c6e3dcd, raftlog=c07977b7-c8ef-4f3c-80b1-66a07c6e3dcd@group-C2BDBBDF155D-SegmentedRaftLog:OPENED:c-1,f-1,i0, conf=-1: [d81605c5-54b3-45a8-b5ae-2e8d8890cbef:192.168.164.201:42755, 7f29c796-0732-402f-b865-67033766dcba:192.168.164.201:40704, c07977b7-c8ef-4f3c-80b1-66a07c6e3dcd:192.168.164.201:38664], old=null
2019-10-17 20:28:31,246 [c07977b7-c8ef-4f3c-80b1-66a07c6e3dcd@group-C2BDBBDF155D-LeaderElection108] INFO  impl.RaftServerImpl (RaftServerImpl.java:setRole(184)) - c07977b7-c8ef-4f3c-80b1-66a07c6e3dcd@group-C2BDBBDF155D: changes role from CANDIDATE to FOLLOWER at term 75 for DISCOVERED_A_NEW_TERM
2019-10-17 20:28:31,246 [c07977b7-c8ef-4f3c-80b1-66a07c6e3dcd@group-C2BDBBDF155D-LeaderElection108] INFO  impl.RoleInfo (RoleInfo.java:shutdownLeaderElection(134)) - c07977b7-c8ef-4f3c-80b1-66a07c6e3dcd: shutdown LeaderElection
2019-10-17 20:28:31,246 [c07977b7-c8ef-4f3c-80b1-66a07c6e3dcd@group-C2BDBBDF155D-LeaderElection108] INFO  impl.RoleInfo (RoleInfo.java:updateAndGet(143)) - c07977b7-c8ef-4f3c-80b1-66a07c6e3dcd: start FollowerState
2019-10-17 20:28:31,421 [Thread-1512] INFO  impl.FollowerState (FollowerState.java:run(108)) - c07977b7-c8ef-4f3c-80b1-66a07c6e3dcd@group-C2BDBBDF155D-FollowerState: change to CANDIDATE, lastRpcTime:175ms, electionTimeout:175ms
2019-10-17 20:28:31,422 [Thread-1512] INFO  impl.RoleInfo (RoleInfo.java:shutdownFollowerState(121)) - c07977b7-c8ef-4f3c-80b1-66a07c6e3dcd: shutdown FollowerState
2019-10-17 20:28:31,422 [Thread-1512] INFO  impl.RaftServerImpl (RaftServerImpl.java:setRole(184)) - c07977b7-c8ef-4f3c-80b1-66a07c6e3dcd@group-C2BDBBDF155D: changes role from  FOLLOWER to CANDIDATE at term 75 for changeToCandidate
2019-10-17 20:28:31,422 [Thread-1512] INFO  impl.RoleInfo (RoleInfo.java:updateAndGet(143)) - c07977b7-c8ef-4f3c-80b1-66a07c6e3dcd: start LeaderElection
2019-10-17 20:28:31,444 [c07977b7-c8ef-4f3c-80b1-66a07c6e3dcd@group-C2BDBBDF155D-LeaderElection109] INFO  impl.LeaderElection (LeaderElection.java:askForVotes(178)) - c07977b7-c8ef-4f3c-80b1-66a07c6e3dcd@group-C2BDBBDF155D-LeaderElection109: begin an election at term 76 for -1: [d81605c5-54b3-45a8-b5ae-2e8d8890cbef:192.168.164.201:42755, 7f29c796-0732-402f-b865-67033766dcba:192.168.164.201:40704, c07977b7-c8ef-4f3c-80b1-66a07c6e3dcd:192.168.164.201:38664], old=null
2019-10-17 20:28:31,448 [grpc-default-executor-2] INFO  impl.RaftServerImpl (RaftServerImpl.java:setRole(184)) - d81605c5-54b3-45a8-b5ae-2e8d8890cbef@group-C2BDBBDF155D: changes role from  FOLLOWER to FOLLOWER at term 76 for recognizeCandidate:c07977b7-c8ef-4f3c-80b1-66a07c6e3dcd
2019-10-17 20:28:31,448 [grpc-default-executor-4] INFO  impl.RaftServerImpl (RaftServerImpl.java:setRole(184)) - 7f29c796-0732-402f-b865-67033766dcba@group-C2BDBBDF155D: changes role from  FOLLOWER to FOLLOWER at term 76 for recognizeCandidate:c07977b7-c8ef-4f3c-80b1-66a07c6e3dcd
2019-10-17 20:28:31,448 [grpc-default-executor-2] INFO  impl.RoleInfo (RoleInfo.java:shutdownFollowerState(121)) - d81605c5-54b3-45a8-b5ae-2e8d8890cbef: shutdown FollowerState
2019-10-17 20:28:31,448 [grpc-default-executor-4] INFO  impl.RoleInfo (RoleInfo.java:shutdownFollowerState(121)) - 7f29c796-0732-402f-b865-67033766dcba: shutdown FollowerState
2019-10-17 20:28:31,449 [Thread-1511] INFO  impl.FollowerState (FollowerState.java:run(117)) - d81605c5-54b3-45a8-b5ae-2e8d8890cbef@group-C2BDBBDF155D-FollowerState was interrupted: java.lang.InterruptedException: sleep interrupted
2019-10-17 20:28:31,449 [grpc-default-executor-2] INFO  impl.RoleInfo (RoleInfo.java:updateAndGet(143)) - d81605c5-54b3-45a8-b5ae-2e8d8890cbef: start FollowerState
2019-10-17 20:28:31,449 [grpc-default-executor-4] INFO  impl.RoleInfo (RoleInfo.java:updateAndGet(143)) - 7f29c796-0732-402f-b865-67033766dcba: start FollowerState
2019-10-17 20:28:31,449 [Thread-1510] INFO  impl.FollowerState (FollowerState.java:run(117)) - 7f29c796-0732-402f-b865-67033766dcba@group-C2BDBBDF155D-FollowerState was interrupted: java.lang.InterruptedException: sleep interrupted
2019-10-17 20:28:31,480 [c07977b7-c8ef-4f3c-80b1-66a07c6e3dcd@group-C2BDBBDF155D-LeaderElection109] INFO  impl.LeaderElection (LeaderElection.java:logAndReturn(56)) - c07977b7-c8ef-4f3c-80b1-66a07c6e3dcd@group-C2BDBBDF155D-LeaderElection109: Election REJECTED; received 2 response(s) [c07977b7-c8ef-4f3c-80b1-66a07c6e3dcd<-d81605c5-54b3-45a8-b5ae-2e8d8890cbef#0:FAIL-t76, c07977b7-c8ef-4f3c-80b1-66a07c6e3dcd<-7f29c796-0732-402f-b865-67033766dcba#0:FAIL-t76] and 0 exception(s); c07977b7-c8ef-4f3c-80b1-66a07c6e3dcd@group-C2BDBBDF155D:t76, leader=null, voted=c07977b7-c8ef-4f3c-80b1-66a07c6e3dcd, raftlog=c07977b7-c8ef-4f3c-80b1-66a07c6e3dcd@group-C2BDBBDF155D-SegmentedRaftLog:OPENED:c-1,f-1,i0, conf=-1: [d81605c5-54b3-45a8-b5ae-2e8d8890cbef:192.168.164.201:42755, 7f29c796-0732-402f-b865-67033766dcba:192.168.164.201:40704, c07977b7-c8ef-4f3c-80b1-66a07c6e3dcd:192.168.164.201:38664], old=null
2019-10-17 20:28:31,480 [c07977b7-c8ef-4f3c-80b1-66a07c6e3dcd@group-C2BDBBDF155D-LeaderElection109] INFO  impl.RaftServerImpl (RaftServerImpl.java:setRole(184)) - c07977b7-c8ef-4f3c-80b1-66a07c6e3dcd@group-C2BDBBDF155D: changes role from CANDIDATE to FOLLOWER at term 76 for DISCOVERED_A_NEW_TERM
2019-10-17 20:28:31,480 [c07977b7-c8ef-4f3c-80b1-66a07c6e3dcd@group-C2BDBBDF155D-LeaderElection109] INFO  impl.RoleInfo (RoleInfo.java:shutdownLeaderElection(134)) - c07977b7-c8ef-4f3c-80b1-66a07c6e3dcd: shutdown LeaderElection
2019-10-17 20:28:31,480 [c07977b7-c8ef-4f3c-80b1-66a07c6e3dcd@group-C2BDBBDF155D-LeaderElection109] INFO  impl.RoleInfo (RoleInfo.java:updateAndGet(143)) - c07977b7-c8ef-4f3c-80b1-66a07c6e3dcd: start FollowerState
2019-10-17 20:28:31,534 [Thread-754] INFO  ozone.MiniOzoneClusterImpl (MiniOzoneClusterImpl.java:lambda$waitForClusterToBeReady$2(164)) - Waiting for 1 number of pipelines out of 4, to report a leader.
2019-10-17 20:28:31,611 [Thread-1518] INFO  impl.FollowerState (FollowerState.java:run(108)) - c07977b7-c8ef-4f3c-80b1-66a07c6e3dcd@group-C2BDBBDF155D-FollowerState: change to CANDIDATE, lastRpcTime:130ms, electionTimeout:130ms
2019-10-17 20:28:31,611 [Thread-1518] INFO  impl.RoleInfo (RoleInfo.java:shutdownFollowerState(121)) - c07977b7-c8ef-4f3c-80b1-66a07c6e3dcd: shutdown FollowerState
2019-10-17 20:28:31,611 [Thread-1518] INFO  impl.RaftServerImpl (RaftServerImpl.java:setRole(184)) - c07977b7-c8ef-4f3c-80b1-66a07c6e3dcd@group-C2BDBBDF155D: changes role from  FOLLOWER to CANDIDATE at term 76 for changeToCandidate
2019-10-17 20:28:31,612 [Thread-1518] INFO  impl.RoleInfo (RoleInfo.java:updateAndGet(143)) - c07977b7-c8ef-4f3c-80b1-66a07c6e3dcd: start LeaderElection
2019-10-17 20:28:31,637 [c07977b7-c8ef-4f3c-80b1-66a07c6e3dcd@group-C2BDBBDF155D-LeaderElection110] INFO  impl.LeaderElection (LeaderElection.java:askForVotes(178)) - c07977b7-c8ef-4f3c-80b1-66a07c6e3dcd@group-C2BDBBDF155D-LeaderElection110: begin an election at term 77 for -1: [d81605c5-54b3-45a8-b5ae-2e8d8890cbef:192.168.164.201:42755, 7f29c796-0732-402f-b865-67033766dcba:192.168.164.201:40704, c07977b7-c8ef-4f3c-80b1-66a07c6e3dcd:192.168.164.201:38664], old=null
2019-10-17 20:28:31,641 [grpc-default-executor-2] INFO  impl.RaftServerImpl (RaftServerImpl.java:setRole(184)) - d81605c5-54b3-45a8-b5ae-2e8d8890cbef@group-C2BDBBDF155D: changes role from  FOLLOWER to FOLLOWER at term 77 for recognizeCandidate:c07977b7-c8ef-4f3c-80b1-66a07c6e3dcd
2019-10-17 20:28:31,641 [grpc-default-executor-4] INFO  impl.RaftServerImpl (RaftServerImpl.java:setRole(184)) - 7f29c796-0732-402f-b865-67033766dcba@group-C2BDBBDF155D: changes role from  FOLLOWER to FOLLOWER at term 77 for recognizeCandidate:c07977b7-c8ef-4f3c-80b1-66a07c6e3dcd
2019-10-17 20:28:31,641 [grpc-default-executor-2] INFO  impl.RoleInfo (RoleInfo.java:shutdownFollowerState(121)) - d81605c5-54b3-45a8-b5ae-2e8d8890cbef: shutdown FollowerState
2019-10-17 20:28:31,641 [grpc-default-executor-4] INFO  impl.RoleInfo (RoleInfo.java:shutdownFollowerState(121)) - 7f29c796-0732-402f-b865-67033766dcba: shutdown FollowerState
2019-10-17 20:28:31,642 [Thread-1516] INFO  impl.FollowerState (FollowerState.java:run(117)) - d81605c5-54b3-45a8-b5ae-2e8d8890cbef@group-C2BDBBDF155D-FollowerState was interrupted: java.lang.InterruptedException: sleep interrupted
2019-10-17 20:28:31,642 [Thread-1517] INFO  impl.FollowerState (FollowerState.java:run(117)) - 7f29c796-0732-402f-b865-67033766dcba@group-C2BDBBDF155D-FollowerState was interrupted: java.lang.InterruptedException: sleep interrupted
2019-10-17 20:28:31,642 [grpc-default-executor-2] INFO  impl.RoleInfo (RoleInfo.java:updateAndGet(143)) - d81605c5-54b3-45a8-b5ae-2e8d8890cbef: start FollowerState
2019-10-17 20:28:31,642 [grpc-default-executor-4] INFO  impl.RoleInfo (RoleInfo.java:updateAndGet(143)) - 7f29c796-0732-402f-b865-67033766dcba: start FollowerState
2019-10-17 20:28:31,672 [c07977b7-c8ef-4f3c-80b1-66a07c6e3dcd@group-C2BDBBDF155D-LeaderElection110] INFO  impl.LeaderElection (LeaderElection.java:logAndReturn(56)) - c07977b7-c8ef-4f3c-80b1-66a07c6e3dcd@group-C2BDBBDF155D-LeaderElection110: Election REJECTED; received 2 response(s) [c07977b7-c8ef-4f3c-80b1-66a07c6e3dcd<-d81605c5-54b3-45a8-b5ae-2e8d8890cbef#0:FAIL-t77, c07977b7-c8ef-4f3c-80b1-66a07c6e3dcd<-7f29c796-0732-402f-b865-67033766dcba#0:FAIL-t77] and 0 exception(s); c07977b7-c8ef-4f3c-80b1-66a07c6e3dcd@group-C2BDBBDF155D:t77, leader=null, voted=c07977b7-c8ef-4f3c-80b1-66a07c6e3dcd, raftlog=c07977b7-c8ef-4f3c-80b1-66a07c6e3dcd@group-C2BDBBDF155D-SegmentedRaftLog:OPENED:c-1,f-1,i0, conf=-1: [d81605c5-54b3-45a8-b5ae-2e8d8890cbef:192.168.164.201:42755, 7f29c796-0732-402f-b865-67033766dcba:192.168.164.201:40704, c07977b7-c8ef-4f3c-80b1-66a07c6e3dcd:192.168.164.201:38664], old=null
2019-10-17 20:28:31,672 [c07977b7-c8ef-4f3c-80b1-66a07c6e3dcd@group-C2BDBBDF155D-LeaderElection110] INFO  impl.RaftServerImpl (RaftServerImpl.java:setRole(184)) - c07977b7-c8ef-4f3c-80b1-66a07c6e3dcd@group-C2BDBBDF155D: changes role from CANDIDATE to FOLLOWER at term 77 for DISCOVERED_A_NEW_TERM
2019-10-17 20:28:31,672 [c07977b7-c8ef-4f3c-80b1-66a07c6e3dcd@group-C2BDBBDF155D-LeaderElection110] INFO  impl.RoleInfo (RoleInfo.java:shutdownLeaderElection(134)) - c07977b7-c8ef-4f3c-80b1-66a07c6e3dcd: shutdown LeaderElection
2019-10-17 20:28:31,673 [c07977b7-c8ef-4f3c-80b1-66a07c6e3dcd@group-C2BDBBDF155D-LeaderElection110] INFO  impl.RoleInfo (RoleInfo.java:updateAndGet(143)) - c07977b7-c8ef-4f3c-80b1-66a07c6e3dcd: start FollowerState
2019-10-17 20:28:31,840 [Thread-1524] INFO  impl.FollowerState (FollowerState.java:run(108)) - c07977b7-c8ef-4f3c-80b1-66a07c6e3dcd@group-C2BDBBDF155D-FollowerState: change to CANDIDATE, lastRpcTime:167ms, electionTimeout:167ms
2019-10-17 20:28:31,840 [Thread-1524] INFO  impl.RoleInfo (RoleInfo.java:shutdownFollowerState(121)) - c07977b7-c8ef-4f3c-80b1-66a07c6e3dcd: shutdown FollowerState
2019-10-17 20:28:31,841 [Thread-1524] INFO  impl.RaftServerImpl (RaftServerImpl.java:setRole(184)) - c07977b7-c8ef-4f3c-80b1-66a07c6e3dcd@group-C2BDBBDF155D: changes role from  FOLLOWER to CANDIDATE at term 77 for changeToCandidate
2019-10-17 20:28:31,841 [Thread-1524] INFO  impl.RoleInfo (RoleInfo.java:updateAndGet(143)) - c07977b7-c8ef-4f3c-80b1-66a07c6e3dcd: start LeaderElection
2019-10-17 20:28:31,871 [c07977b7-c8ef-4f3c-80b1-66a07c6e3dcd@group-C2BDBBDF155D-LeaderElection111] INFO  impl.LeaderElection (LeaderElection.java:askForVotes(178)) - c07977b7-c8ef-4f3c-80b1-66a07c6e3dcd@group-C2BDBBDF155D-LeaderElection111: begin an election at term 78 for -1: [d81605c5-54b3-45a8-b5ae-2e8d8890cbef:192.168.164.201:42755, 7f29c796-0732-402f-b865-67033766dcba:192.168.164.201:40704, c07977b7-c8ef-4f3c-80b1-66a07c6e3dcd:192.168.164.201:38664], old=null
2019-10-17 20:28:31,874 [grpc-default-executor-4] INFO  impl.RaftServerImpl (RaftServerImpl.java:setRole(184)) - 7f29c796-0732-402f-b865-67033766dcba@group-C2BDBBDF155D: changes role from  FOLLOWER to FOLLOWER at term 78 for recognizeCandidate:c07977b7-c8ef-4f3c-80b1-66a07c6e3dcd
2019-10-17 20:28:31,874 [grpc-default-executor-2] INFO  impl.RaftServerImpl (RaftServerImpl.java:setRole(184)) - d81605c5-54b3-45a8-b5ae-2e8d8890cbef@group-C2BDBBDF155D: changes role from  FOLLOWER to FOLLOWER at term 78 for recognizeCandidate:c07977b7-c8ef-4f3c-80b1-66a07c6e3dcd
2019-10-17 20:28:31,874 [grpc-default-executor-4] INFO  impl.RoleInfo (RoleInfo.java:shutdownFollowerState(121)) - 7f29c796-0732-402f-b865-67033766dcba: shutdown FollowerState
2019-10-17 20:28:31,874 [grpc-default-executor-2] INFO  impl.RoleInfo (RoleInfo.java:shutdownFollowerState(121)) - d81605c5-54b3-45a8-b5ae-2e8d8890cbef: shutdown FollowerState
2019-10-17 20:28:31,875 [Thread-1523] INFO  impl.FollowerState (FollowerState.java:run(117)) - 7f29c796-0732-402f-b865-67033766dcba@group-C2BDBBDF155D-FollowerState was interrupted: java.lang.InterruptedException: sleep interrupted
2019-10-17 20:28:31,875 [grpc-default-executor-4] INFO  impl.RoleInfo (RoleInfo.java:updateAndGet(143)) - 7f29c796-0732-402f-b865-67033766dcba: start FollowerState
2019-10-17 20:28:31,875 [Thread-1522] INFO  impl.FollowerState (FollowerState.java:run(117)) - d81605c5-54b3-45a8-b5ae-2e8d8890cbef@group-C2BDBBDF155D-FollowerState was interrupted: java.lang.InterruptedException: sleep interrupted
2019-10-17 20:28:31,875 [grpc-default-executor-2] INFO  impl.RoleInfo (RoleInfo.java:updateAndGet(143)) - d81605c5-54b3-45a8-b5ae-2e8d8890cbef: start FollowerState
2019-10-17 20:28:31,898 [c07977b7-c8ef-4f3c-80b1-66a07c6e3dcd@group-C2BDBBDF155D-LeaderElection111] INFO  impl.LeaderElection (LeaderElection.java:logAndReturn(56)) - c07977b7-c8ef-4f3c-80b1-66a07c6e3dcd@group-C2BDBBDF155D-LeaderElection111: Election REJECTED; received 2 response(s) [c07977b7-c8ef-4f3c-80b1-66a07c6e3dcd<-d81605c5-54b3-45a8-b5ae-2e8d8890cbef#0:FAIL-t78, c07977b7-c8ef-4f3c-80b1-66a07c6e3dcd<-7f29c796-0732-402f-b865-67033766dcba#0:FAIL-t78] and 0 exception(s); c07977b7-c8ef-4f3c-80b1-66a07c6e3dcd@group-C2BDBBDF155D:t78, leader=null, voted=c07977b7-c8ef-4f3c-80b1-66a07c6e3dcd, raftlog=c07977b7-c8ef-4f3c-80b1-66a07c6e3dcd@group-C2BDBBDF155D-SegmentedRaftLog:OPENED:c-1,f-1,i0, conf=-1: [d81605c5-54b3-45a8-b5ae-2e8d8890cbef:192.168.164.201:42755, 7f29c796-0732-402f-b865-67033766dcba:192.168.164.201:40704, c07977b7-c8ef-4f3c-80b1-66a07c6e3dcd:192.168.164.201:38664], old=null
2019-10-17 20:28:31,898 [c07977b7-c8ef-4f3c-80b1-66a07c6e3dcd@group-C2BDBBDF155D-LeaderElection111] INFO  impl.RaftServerImpl (RaftServerImpl.java:setRole(184)) - c07977b7-c8ef-4f3c-80b1-66a07c6e3dcd@group-C2BDBBDF155D: changes role from CANDIDATE to FOLLOWER at term 78 for DISCOVERED_A_NEW_TERM
2019-10-17 20:28:31,898 [c07977b7-c8ef-4f3c-80b1-66a07c6e3dcd@group-C2BDBBDF155D-LeaderElection111] INFO  impl.RoleInfo (RoleInfo.java:shutdownLeaderElection(134)) - c07977b7-c8ef-4f3c-80b1-66a07c6e3dcd: shutdown LeaderElection
2019-10-17 20:28:31,898 [c07977b7-c8ef-4f3c-80b1-66a07c6e3dcd@group-C2BDBBDF155D-LeaderElection111] INFO  impl.RoleInfo (RoleInfo.java:updateAndGet(143)) - c07977b7-c8ef-4f3c-80b1-66a07c6e3dcd: start FollowerState
2019-10-17 20:28:31,985 [Thread-1530] INFO  impl.FollowerState (FollowerState.java:run(108)) - c07977b7-c8ef-4f3c-80b1-66a07c6e3dcd@group-C2BDBBDF155D-FollowerState: change to CANDIDATE, lastRpcTime:86ms, electionTimeout:86ms
2019-10-17 20:28:31,985 [Thread-1530] INFO  impl.RoleInfo (RoleInfo.java:shutdownFollowerState(121)) - c07977b7-c8ef-4f3c-80b1-66a07c6e3dcd: shutdown FollowerState
2019-10-17 20:28:31,985 [Thread-1530] INFO  impl.RaftServerImpl (RaftServerImpl.java:setRole(184)) - c07977b7-c8ef-4f3c-80b1-66a07c6e3dcd@group-C2BDBBDF155D: changes role from  FOLLOWER to CANDIDATE at term 78 for changeToCandidate
2019-10-17 20:28:31,985 [Thread-1530] INFO  impl.RoleInfo (RoleInfo.java:updateAndGet(143)) - c07977b7-c8ef-4f3c-80b1-66a07c6e3dcd: start LeaderElection
2019-10-17 20:28:32,013 [c07977b7-c8ef-4f3c-80b1-66a07c6e3dcd@group-C2BDBBDF155D-LeaderElection112] INFO  impl.LeaderElection (LeaderElection.java:askForVotes(178)) - c07977b7-c8ef-4f3c-80b1-66a07c6e3dcd@group-C2BDBBDF155D-LeaderElection112: begin an election at term 79 for -1: [d81605c5-54b3-45a8-b5ae-2e8d8890cbef:192.168.164.201:42755, 7f29c796-0732-402f-b865-67033766dcba:192.168.164.201:40704, c07977b7-c8ef-4f3c-80b1-66a07c6e3dcd:192.168.164.201:38664], old=null
2019-10-17 20:28:32,017 [grpc-default-executor-4] INFO  impl.RaftServerImpl (RaftServerImpl.java:setRole(184)) - d81605c5-54b3-45a8-b5ae-2e8d8890cbef@group-C2BDBBDF155D: changes role from  FOLLOWER to FOLLOWER at term 79 for recognizeCandidate:c07977b7-c8ef-4f3c-80b1-66a07c6e3dcd
2019-10-17 20:28:32,017 [grpc-default-executor-4] INFO  impl.RoleInfo (RoleInfo.java:shutdownFollowerState(121)) - d81605c5-54b3-45a8-b5ae-2e8d8890cbef: shutdown FollowerState
2019-10-17 20:28:32,017 [grpc-default-executor-2] INFO  impl.RaftServerImpl (RaftServerImpl.java:setRole(184)) - 7f29c796-0732-402f-b865-67033766dcba@group-C2BDBBDF155D: changes role from  FOLLOWER to FOLLOWER at term 79 for recognizeCandidate:c07977b7-c8ef-4f3c-80b1-66a07c6e3dcd
2019-10-17 20:28:32,018 [Thread-1529] INFO  impl.FollowerState (FollowerState.java:run(117)) - d81605c5-54b3-45a8-b5ae-2e8d8890cbef@group-C2BDBBDF155D-FollowerState was interrupted: java.lang.InterruptedException: sleep interrupted
2019-10-17 20:28:32,018 [grpc-default-executor-4] INFO  impl.RoleInfo (RoleInfo.java:updateAndGet(143)) - d81605c5-54b3-45a8-b5ae-2e8d8890cbef: start FollowerState
2019-10-17 20:28:32,018 [grpc-default-executor-2] INFO  impl.RoleInfo (RoleInfo.java:shutdownFollowerState(121)) - 7f29c796-0732-402f-b865-67033766dcba: shutdown FollowerState
2019-10-17 20:28:32,018 [grpc-default-executor-2] INFO  impl.RoleInfo (RoleInfo.java:updateAndGet(143)) - 7f29c796-0732-402f-b865-67033766dcba: start FollowerState
2019-10-17 20:28:32,018 [Thread-1528] INFO  impl.FollowerState (FollowerState.java:run(117)) - 7f29c796-0732-402f-b865-67033766dcba@group-C2BDBBDF155D-FollowerState was interrupted: java.lang.InterruptedException: sleep interrupted
2019-10-17 20:28:32,049 [c07977b7-c8ef-4f3c-80b1-66a07c6e3dcd@group-C2BDBBDF155D-LeaderElection112] INFO  impl.LeaderElection (LeaderElection.java:logAndReturn(56)) - c07977b7-c8ef-4f3c-80b1-66a07c6e3dcd@group-C2BDBBDF155D-LeaderElection112: Election REJECTED; received 2 response(s) [c07977b7-c8ef-4f3c-80b1-66a07c6e3dcd<-d81605c5-54b3-45a8-b5ae-2e8d8890cbef#0:FAIL-t79, c07977b7-c8ef-4f3c-80b1-66a07c6e3dcd<-7f29c796-0732-402f-b865-67033766dcba#0:FAIL-t79] and 0 exception(s); c07977b7-c8ef-4f3c-80b1-66a07c6e3dcd@group-C2BDBBDF155D:t79, leader=null, voted=c07977b7-c8ef-4f3c-80b1-66a07c6e3dcd, raftlog=c07977b7-c8ef-4f3c-80b1-66a07c6e3dcd@group-C2BDBBDF155D-SegmentedRaftLog:OPENED:c-1,f-1,i0, conf=-1: [d81605c5-54b3-45a8-b5ae-2e8d8890cbef:192.168.164.201:42755, 7f29c796-0732-402f-b865-67033766dcba:192.168.164.201:40704, c07977b7-c8ef-4f3c-80b1-66a07c6e3dcd:192.168.164.201:38664], old=null
2019-10-17 20:28:32,049 [c07977b7-c8ef-4f3c-80b1-66a07c6e3dcd@group-C2BDBBDF155D-LeaderElection112] INFO  impl.RaftServerImpl (RaftServerImpl.java:setRole(184)) - c07977b7-c8ef-4f3c-80b1-66a07c6e3dcd@group-C2BDBBDF155D: changes role from CANDIDATE to FOLLOWER at term 79 for DISCOVERED_A_NEW_TERM
2019-10-17 20:28:32,050 [c07977b7-c8ef-4f3c-80b1-66a07c6e3dcd@group-C2BDBBDF155D-LeaderElection112] INFO  impl.RoleInfo (RoleInfo.java:shutdownLeaderElection(134)) - c07977b7-c8ef-4f3c-80b1-66a07c6e3dcd: shutdown LeaderElection
2019-10-17 20:28:32,050 [c07977b7-c8ef-4f3c-80b1-66a07c6e3dcd@group-C2BDBBDF155D-LeaderElection112] INFO  impl.RoleInfo (RoleInfo.java:updateAndGet(143)) - c07977b7-c8ef-4f3c-80b1-66a07c6e3dcd: start FollowerState
2019-10-17 20:28:32,175 [Thread-1536] INFO  impl.FollowerState (FollowerState.java:run(108)) - c07977b7-c8ef-4f3c-80b1-66a07c6e3dcd@group-C2BDBBDF155D-FollowerState: change to CANDIDATE, lastRpcTime:125ms, electionTimeout:125ms
2019-10-17 20:28:32,175 [Thread-1536] INFO  impl.RoleInfo (RoleInfo.java:shutdownFollowerState(121)) - c07977b7-c8ef-4f3c-80b1-66a07c6e3dcd: shutdown FollowerState
2019-10-17 20:28:32,176 [Thread-1536] INFO  impl.RaftServerImpl (RaftServerImpl.java:setRole(184)) - c07977b7-c8ef-4f3c-80b1-66a07c6e3dcd@group-C2BDBBDF155D: changes role from  FOLLOWER to CANDIDATE at term 79 for changeToCandidate
2019-10-17 20:28:32,176 [Thread-1536] INFO  impl.RoleInfo (RoleInfo.java:updateAndGet(143)) - c07977b7-c8ef-4f3c-80b1-66a07c6e3dcd: start LeaderElection
2019-10-17 20:28:32,206 [c07977b7-c8ef-4f3c-80b1-66a07c6e3dcd@group-C2BDBBDF155D-LeaderElection113] INFO  impl.LeaderElection (LeaderElection.java:askForVotes(178)) - c07977b7-c8ef-4f3c-80b1-66a07c6e3dcd@group-C2BDBBDF155D-LeaderElection113: begin an election at term 80 for -1: [d81605c5-54b3-45a8-b5ae-2e8d8890cbef:192.168.164.201:42755, 7f29c796-0732-402f-b865-67033766dcba:192.168.164.201:40704, c07977b7-c8ef-4f3c-80b1-66a07c6e3dcd:192.168.164.201:38664], old=null
2019-10-17 20:28:32,210 [grpc-default-executor-2] INFO  impl.RaftServerImpl (RaftServerImpl.java:setRole(184)) - 7f29c796-0732-402f-b865-67033766dcba@group-C2BDBBDF155D: changes role from  FOLLOWER to FOLLOWER at term 80 for recognizeCandidate:c07977b7-c8ef-4f3c-80b1-66a07c6e3dcd
2019-10-17 20:28:32,210 [grpc-default-executor-2] INFO  impl.RoleInfo (RoleInfo.java:shutdownFollowerState(121)) - 7f29c796-0732-402f-b865-67033766dcba: shutdown FollowerState
2019-10-17 20:28:32,211 [grpc-default-executor-2] INFO  impl.RoleInfo (RoleInfo.java:updateAndGet(143)) - 7f29c796-0732-402f-b865-67033766dcba: start FollowerState
2019-10-17 20:28:32,211 [Thread-1535] INFO  impl.FollowerState (FollowerState.java:run(117)) - 7f29c796-0732-402f-b865-67033766dcba@group-C2BDBBDF155D-FollowerState was interrupted: java.lang.InterruptedException: sleep interrupted
2019-10-17 20:28:32,211 [grpc-default-executor-4] INFO  impl.RaftServerImpl (RaftServerImpl.java:setRole(184)) - d81605c5-54b3-45a8-b5ae-2e8d8890cbef@group-C2BDBBDF155D: changes role from  FOLLOWER to FOLLOWER at term 80 for recognizeCandidate:c07977b7-c8ef-4f3c-80b1-66a07c6e3dcd
2019-10-17 20:28:32,211 [grpc-default-executor-4] INFO  impl.RoleInfo (RoleInfo.java:shutdownFollowerState(121)) - d81605c5-54b3-45a8-b5ae-2e8d8890cbef: shutdown FollowerState
2019-10-17 20:28:32,212 [grpc-default-executor-4] INFO  impl.RoleInfo (RoleInfo.java:updateAndGet(143)) - d81605c5-54b3-45a8-b5ae-2e8d8890cbef: start FollowerState
2019-10-17 20:28:32,212 [Thread-1534] INFO  impl.FollowerState (FollowerState.java:run(117)) - d81605c5-54b3-45a8-b5ae-2e8d8890cbef@group-C2BDBBDF155D-FollowerState was interrupted: java.lang.InterruptedException: sleep interrupted
2019-10-17 20:28:32,234 [c07977b7-c8ef-4f3c-80b1-66a07c6e3dcd@group-C2BDBBDF155D-LeaderElection113] INFO  impl.LeaderElection (LeaderElection.java:logAndReturn(56)) - c07977b7-c8ef-4f3c-80b1-66a07c6e3dcd@group-C2BDBBDF155D-LeaderElection113: Election REJECTED; received 2 response(s) [c07977b7-c8ef-4f3c-80b1-66a07c6e3dcd<-d81605c5-54b3-45a8-b5ae-2e8d8890cbef#0:FAIL-t80, c07977b7-c8ef-4f3c-80b1-66a07c6e3dcd<-7f29c796-0732-402f-b865-67033766dcba#0:FAIL-t80] and 0 exception(s); c07977b7-c8ef-4f3c-80b1-66a07c6e3dcd@group-C2BDBBDF155D:t80, leader=null, voted=c07977b7-c8ef-4f3c-80b1-66a07c6e3dcd, raftlog=c07977b7-c8ef-4f3c-80b1-66a07c6e3dcd@group-C2BDBBDF155D-SegmentedRaftLog:OPENED:c-1,f-1,i0, conf=-1: [d81605c5-54b3-45a8-b5ae-2e8d8890cbef:192.168.164.201:42755, 7f29c796-0732-402f-b865-67033766dcba:192.168.164.201:40704, c07977b7-c8ef-4f3c-80b1-66a07c6e3dcd:192.168.164.201:38664], old=null
2019-10-17 20:28:32,235 [c07977b7-c8ef-4f3c-80b1-66a07c6e3dcd@group-C2BDBBDF155D-LeaderElection113] INFO  impl.RaftServerImpl (RaftServerImpl.java:setRole(184)) - c07977b7-c8ef-4f3c-80b1-66a07c6e3dcd@group-C2BDBBDF155D: changes role from CANDIDATE to FOLLOWER at term 80 for DISCOVERED_A_NEW_TERM
2019-10-17 20:28:32,235 [c07977b7-c8ef-4f3c-80b1-66a07c6e3dcd@group-C2BDBBDF155D-LeaderElection113] INFO  impl.RoleInfo (RoleInfo.java:shutdownLeaderElection(134)) - c07977b7-c8ef-4f3c-80b1-66a07c6e3dcd: shutdown LeaderElection
2019-10-17 20:28:32,235 [c07977b7-c8ef-4f3c-80b1-66a07c6e3dcd@group-C2BDBBDF155D-LeaderElection113] INFO  impl.RoleInfo (RoleInfo.java:updateAndGet(143)) - c07977b7-c8ef-4f3c-80b1-66a07c6e3dcd: start FollowerState
2019-10-17 20:28:32,285 [Thread-1542] INFO  impl.FollowerState (FollowerState.java:run(108)) - c07977b7-c8ef-4f3c-80b1-66a07c6e3dcd@group-C2BDBBDF155D-FollowerState: change to CANDIDATE, lastRpcTime:50ms, electionTimeout:50ms
2019-10-17 20:28:32,286 [Thread-1542] INFO  impl.RoleInfo (RoleInfo.java:shutdownFollowerState(121)) - c07977b7-c8ef-4f3c-80b1-66a07c6e3dcd: shutdown FollowerState
2019-10-17 20:28:32,286 [Thread-1542] INFO  impl.RaftServerImpl (RaftServerImpl.java:setRole(184)) - c07977b7-c8ef-4f3c-80b1-66a07c6e3dcd@group-C2BDBBDF155D: changes role from  FOLLOWER to CANDIDATE at term 80 for changeToCandidate
2019-10-17 20:28:32,286 [Thread-1542] INFO  impl.RoleInfo (RoleInfo.java:updateAndGet(143)) - c07977b7-c8ef-4f3c-80b1-66a07c6e3dcd: start LeaderElection
2019-10-17 20:28:32,316 [c07977b7-c8ef-4f3c-80b1-66a07c6e3dcd@group-C2BDBBDF155D-LeaderElection114] INFO  impl.LeaderElection (LeaderElection.java:askForVotes(178)) - c07977b7-c8ef-4f3c-80b1-66a07c6e3dcd@group-C2BDBBDF155D-LeaderElection114: begin an election at term 81 for -1: [d81605c5-54b3-45a8-b5ae-2e8d8890cbef:192.168.164.201:42755, 7f29c796-0732-402f-b865-67033766dcba:192.168.164.201:40704, c07977b7-c8ef-4f3c-80b1-66a07c6e3dcd:192.168.164.201:38664], old=null
2019-10-17 20:28:32,319 [grpc-default-executor-4] INFO  impl.RaftServerImpl (RaftServerImpl.java:setRole(184)) - 7f29c796-0732-402f-b865-67033766dcba@group-C2BDBBDF155D: changes role from  FOLLOWER to FOLLOWER at term 81 for recognizeCandidate:c07977b7-c8ef-4f3c-80b1-66a07c6e3dcd
2019-10-17 20:28:32,319 [grpc-default-executor-2] INFO  impl.RaftServerImpl (RaftServerImpl.java:setRole(184)) - d81605c5-54b3-45a8-b5ae-2e8d8890cbef@group-C2BDBBDF155D: changes role from  FOLLOWER to FOLLOWER at term 81 for recognizeCandidate:c07977b7-c8ef-4f3c-80b1-66a07c6e3dcd
2019-10-17 20:28:32,319 [grpc-default-executor-4] INFO  impl.RoleInfo (RoleInfo.java:shutdownFollowerState(121)) - 7f29c796-0732-402f-b865-67033766dcba: shutdown FollowerState
2019-10-17 20:28:32,320 [grpc-default-executor-2] INFO  impl.RoleInfo (RoleInfo.java:shutdownFollowerState(121)) - d81605c5-54b3-45a8-b5ae-2e8d8890cbef: shutdown FollowerState
2019-10-17 20:28:32,320 [grpc-default-executor-4] INFO  impl.RoleInfo (RoleInfo.java:updateAndGet(143)) - 7f29c796-0732-402f-b865-67033766dcba: start FollowerState
2019-10-17 20:28:32,320 [grpc-default-executor-2] INFO  impl.RoleInfo (RoleInfo.java:updateAndGet(143)) - d81605c5-54b3-45a8-b5ae-2e8d8890cbef: start FollowerState
2019-10-17 20:28:32,320 [Thread-1541] INFO  impl.FollowerState (FollowerState.java:run(117)) - d81605c5-54b3-45a8-b5ae-2e8d8890cbef@group-C2BDBBDF155D-FollowerState was interrupted: java.lang.InterruptedException: sleep interrupted
2019-10-17 20:28:32,320 [Thread-1540] INFO  impl.FollowerState (FollowerState.java:run(117)) - 7f29c796-0732-402f-b865-67033766dcba@group-C2BDBBDF155D-FollowerState was interrupted: java.lang.InterruptedException: sleep interrupted
2019-10-17 20:28:32,335 [c07977b7-c8ef-4f3c-80b1-66a07c6e3dcd@group-C2BDBBDF155D-LeaderElection114] INFO  impl.LeaderElection (LeaderElection.java:logAndReturn(56)) - c07977b7-c8ef-4f3c-80b1-66a07c6e3dcd@group-C2BDBBDF155D-LeaderElection114: Election TIMEOUT; received 0 response(s) [] and 0 exception(s); c07977b7-c8ef-4f3c-80b1-66a07c6e3dcd@group-C2BDBBDF155D:t81, leader=null, voted=c07977b7-c8ef-4f3c-80b1-66a07c6e3dcd, raftlog=c07977b7-c8ef-4f3c-80b1-66a07c6e3dcd@group-C2BDBBDF155D-SegmentedRaftLog:OPENED:c-1,f-1,i0, conf=-1: [d81605c5-54b3-45a8-b5ae-2e8d8890cbef:192.168.164.201:42755, 7f29c796-0732-402f-b865-67033766dcba:192.168.164.201:40704, c07977b7-c8ef-4f3c-80b1-66a07c6e3dcd:192.168.164.201:38664], old=null
2019-10-17 20:28:32,358 [c07977b7-c8ef-4f3c-80b1-66a07c6e3dcd@group-C2BDBBDF155D-LeaderElection114] INFO  impl.LeaderElection (LeaderElection.java:askForVotes(178)) - c07977b7-c8ef-4f3c-80b1-66a07c6e3dcd@group-C2BDBBDF155D-LeaderElection114: begin an election at term 82 for -1: [d81605c5-54b3-45a8-b5ae-2e8d8890cbef:192.168.164.201:42755, 7f29c796-0732-402f-b865-67033766dcba:192.168.164.201:40704, c07977b7-c8ef-4f3c-80b1-66a07c6e3dcd:192.168.164.201:38664], old=null
2019-10-17 20:28:32,360 [grpc-default-executor-4] INFO  impl.RaftServerImpl (RaftServerImpl.java:setRole(184)) - 7f29c796-0732-402f-b865-67033766dcba@group-C2BDBBDF155D: changes role from  FOLLOWER to FOLLOWER at term 82 for recognizeCandidate:c07977b7-c8ef-4f3c-80b1-66a07c6e3dcd
2019-10-17 20:28:32,360 [grpc-default-executor-4] INFO  impl.RoleInfo (RoleInfo.java:shutdownFollowerState(121)) - 7f29c796-0732-402f-b865-67033766dcba: shutdown FollowerState
2019-10-17 20:28:32,361 [grpc-default-executor-4] INFO  impl.RoleInfo (RoleInfo.java:updateAndGet(143)) - 7f29c796-0732-402f-b865-67033766dcba: start FollowerState
2019-10-17 20:28:32,361 [grpc-default-executor-2] INFO  impl.RaftServerImpl (RaftServerImpl.java:setRole(184)) - d81605c5-54b3-45a8-b5ae-2e8d8890cbef@group-C2BDBBDF155D: changes role from  FOLLOWER to FOLLOWER at term 82 for recognizeCandidate:c07977b7-c8ef-4f3c-80b1-66a07c6e3dcd
2019-10-17 20:28:32,361 [Thread-1546] INFO  impl.FollowerState (FollowerState.java:run(117)) - 7f29c796-0732-402f-b865-67033766dcba@group-C2BDBBDF155D-FollowerState was interrupted: java.lang.InterruptedException: sleep interrupted
2019-10-17 20:28:32,361 [grpc-default-executor-2] INFO  impl.RoleInfo (RoleInfo.java:shutdownFollowerState(121)) - d81605c5-54b3-45a8-b5ae-2e8d8890cbef: shutdown FollowerState
2019-10-17 20:28:32,361 [grpc-default-executor-2] INFO  impl.RoleInfo (RoleInfo.java:updateAndGet(143)) - d81605c5-54b3-45a8-b5ae-2e8d8890cbef: start FollowerState
2019-10-17 20:28:32,361 [Thread-1547] INFO  impl.FollowerState (FollowerState.java:run(117)) - d81605c5-54b3-45a8-b5ae-2e8d8890cbef@group-C2BDBBDF155D-FollowerState was interrupted: java.lang.InterruptedException: sleep interrupted
2019-10-17 20:28:32,385 [c07977b7-c8ef-4f3c-80b1-66a07c6e3dcd@group-C2BDBBDF155D-LeaderElection114] INFO  impl.LeaderElection (LeaderElection.java:logAndReturn(56)) - c07977b7-c8ef-4f3c-80b1-66a07c6e3dcd@group-C2BDBBDF155D-LeaderElection114: Election REJECTED; received 2 response(s) [c07977b7-c8ef-4f3c-80b1-66a07c6e3dcd<-d81605c5-54b3-45a8-b5ae-2e8d8890cbef#0:FAIL-t82, c07977b7-c8ef-4f3c-80b1-66a07c6e3dcd<-7f29c796-0732-402f-b865-67033766dcba#0:FAIL-t82] and 0 exception(s); c07977b7-c8ef-4f3c-80b1-66a07c6e3dcd@group-C2BDBBDF155D:t82, leader=null, voted=c07977b7-c8ef-4f3c-80b1-66a07c6e3dcd, raftlog=c07977b7-c8ef-4f3c-80b1-66a07c6e3dcd@group-C2BDBBDF155D-SegmentedRaftLog:OPENED:c-1,f-1,i0, conf=-1: [d81605c5-54b3-45a8-b5ae-2e8d8890cbef:192.168.164.201:42755, 7f29c796-0732-402f-b865-67033766dcba:192.168.164.201:40704, c07977b7-c8ef-4f3c-80b1-66a07c6e3dcd:192.168.164.201:38664], old=null
2019-10-17 20:28:32,385 [c07977b7-c8ef-4f3c-80b1-66a07c6e3dcd@group-C2BDBBDF155D-LeaderElection114] INFO  impl.RaftServerImpl (RaftServerImpl.java:setRole(184)) - c07977b7-c8ef-4f3c-80b1-66a07c6e3dcd@group-C2BDBBDF155D: changes role from CANDIDATE to FOLLOWER at term 82 for DISCOVERED_A_NEW_TERM
2019-10-17 20:28:32,385 [c07977b7-c8ef-4f3c-80b1-66a07c6e3dcd@group-C2BDBBDF155D-LeaderElection114] INFO  impl.RoleInfo (RoleInfo.java:shutdownLeaderElection(134)) - c07977b7-c8ef-4f3c-80b1-66a07c6e3dcd: shutdown LeaderElection
2019-10-17 20:28:32,385 [c07977b7-c8ef-4f3c-80b1-66a07c6e3dcd@group-C2BDBBDF155D-LeaderElection114] INFO  impl.RoleInfo (RoleInfo.java:updateAndGet(143)) - c07977b7-c8ef-4f3c-80b1-66a07c6e3dcd: start FollowerState
2019-10-17 20:28:32,535 [Thread-754] INFO  ozone.MiniOzoneClusterImpl (MiniOzoneClusterImpl.java:lambda$waitForClusterToBeReady$2(164)) - Waiting for 1 number of pipelines out of 4, to report a leader.
2019-10-17 20:28:32,571 [Thread-1552] INFO  impl.FollowerState (FollowerState.java:run(108)) - c07977b7-c8ef-4f3c-80b1-66a07c6e3dcd@group-C2BDBBDF155D-FollowerState: change to CANDIDATE, lastRpcTime:185ms, electionTimeout:185ms
2019-10-17 20:28:32,571 [Thread-1552] INFO  impl.RoleInfo (RoleInfo.java:shutdownFollowerState(121)) - c07977b7-c8ef-4f3c-80b1-66a07c6e3dcd: shutdown FollowerState
2019-10-17 20:28:32,571 [Thread-1552] INFO  impl.RaftServerImpl (RaftServerImpl.java:setRole(184)) - c07977b7-c8ef-4f3c-80b1-66a07c6e3dcd@group-C2BDBBDF155D: changes role from  FOLLOWER to CANDIDATE at term 82 for changeToCandidate
2019-10-17 20:28:32,571 [Thread-1552] INFO  impl.RoleInfo (RoleInfo.java:updateAndGet(143)) - c07977b7-c8ef-4f3c-80b1-66a07c6e3dcd: start LeaderElection
2019-10-17 20:28:32,592 [c07977b7-c8ef-4f3c-80b1-66a07c6e3dcd@group-C2BDBBDF155D-LeaderElection115] INFO  impl.LeaderElection (LeaderElection.java:askForVotes(178)) - c07977b7-c8ef-4f3c-80b1-66a07c6e3dcd@group-C2BDBBDF155D-LeaderElection115: begin an election at term 83 for -1: [d81605c5-54b3-45a8-b5ae-2e8d8890cbef:192.168.164.201:42755, 7f29c796-0732-402f-b865-67033766dcba:192.168.164.201:40704, c07977b7-c8ef-4f3c-80b1-66a07c6e3dcd:192.168.164.201:38664], old=null
2019-10-17 20:28:32,595 [grpc-default-executor-4] INFO  impl.RaftServerImpl (RaftServerImpl.java:setRole(184)) - 7f29c796-0732-402f-b865-67033766dcba@group-C2BDBBDF155D: changes role from  FOLLOWER to FOLLOWER at term 83 for recognizeCandidate:c07977b7-c8ef-4f3c-80b1-66a07c6e3dcd
2019-10-17 20:28:32,595 [grpc-default-executor-4] INFO  impl.RoleInfo (RoleInfo.java:shutdownFollowerState(121)) - 7f29c796-0732-402f-b865-67033766dcba: shutdown FollowerState
2019-10-17 20:28:32,595 [grpc-default-executor-4] INFO  impl.RoleInfo (RoleInfo.java:updateAndGet(143)) - 7f29c796-0732-402f-b865-67033766dcba: start FollowerState
2019-10-17 20:28:32,595 [Thread-1550] INFO  impl.FollowerState (FollowerState.java:run(117)) - 7f29c796-0732-402f-b865-67033766dcba@group-C2BDBBDF155D-FollowerState was interrupted: java.lang.InterruptedException: sleep interrupted
2019-10-17 20:28:32,595 [grpc-default-executor-2] INFO  impl.RaftServerImpl (RaftServerImpl.java:setRole(184)) - d81605c5-54b3-45a8-b5ae-2e8d8890cbef@group-C2BDBBDF155D: changes role from  FOLLOWER to FOLLOWER at term 83 for recognizeCandidate:c07977b7-c8ef-4f3c-80b1-66a07c6e3dcd
2019-10-17 20:28:32,596 [grpc-default-executor-2] INFO  impl.RoleInfo (RoleInfo.java:shutdownFollowerState(121)) - d81605c5-54b3-45a8-b5ae-2e8d8890cbef: shutdown FollowerState
2019-10-17 20:28:32,596 [Thread-1551] INFO  impl.FollowerState (FollowerState.java:run(117)) - d81605c5-54b3-45a8-b5ae-2e8d8890cbef@group-C2BDBBDF155D-FollowerState was interrupted: java.lang.InterruptedException: sleep interrupted
2019-10-17 20:28:32,596 [grpc-default-executor-2] INFO  impl.RoleInfo (RoleInfo.java:updateAndGet(143)) - d81605c5-54b3-45a8-b5ae-2e8d8890cbef: start FollowerState
2019-10-17 20:28:32,619 [c07977b7-c8ef-4f3c-80b1-66a07c6e3dcd@group-C2BDBBDF155D-LeaderElection115] INFO  impl.LeaderElection (LeaderElection.java:logAndReturn(56)) - c07977b7-c8ef-4f3c-80b1-66a07c6e3dcd@group-C2BDBBDF155D-LeaderElection115: Election REJECTED; received 2 response(s) [c07977b7-c8ef-4f3c-80b1-66a07c6e3dcd<-d81605c5-54b3-45a8-b5ae-2e8d8890cbef#0:FAIL-t83, c07977b7-c8ef-4f3c-80b1-66a07c6e3dcd<-7f29c796-0732-402f-b865-67033766dcba#0:FAIL-t83] and 0 exception(s); c07977b7-c8ef-4f3c-80b1-66a07c6e3dcd@group-C2BDBBDF155D:t83, leader=null, voted=c07977b7-c8ef-4f3c-80b1-66a07c6e3dcd, raftlog=c07977b7-c8ef-4f3c-80b1-66a07c6e3dcd@group-C2BDBBDF155D-SegmentedRaftLog:OPENED:c-1,f-1,i0, conf=-1: [d81605c5-54b3-45a8-b5ae-2e8d8890cbef:192.168.164.201:42755, 7f29c796-0732-402f-b865-67033766dcba:192.168.164.201:40704, c07977b7-c8ef-4f3c-80b1-66a07c6e3dcd:192.168.164.201:38664], old=null
2019-10-17 20:28:32,619 [c07977b7-c8ef-4f3c-80b1-66a07c6e3dcd@group-C2BDBBDF155D-LeaderElection115] INFO  impl.RaftServerImpl (RaftServerImpl.java:setRole(184)) - c07977b7-c8ef-4f3c-80b1-66a07c6e3dcd@group-C2BDBBDF155D: changes role from CANDIDATE to FOLLOWER at term 83 for DISCOVERED_A_NEW_TERM
2019-10-17 20:28:32,619 [c07977b7-c8ef-4f3c-80b1-66a07c6e3dcd@group-C2BDBBDF155D-LeaderElection115] INFO  impl.RoleInfo (RoleInfo.java:shutdownLeaderElection(134)) - c07977b7-c8ef-4f3c-80b1-66a07c6e3dcd: shutdown LeaderElection
2019-10-17 20:28:32,619 [c07977b7-c8ef-4f3c-80b1-66a07c6e3dcd@group-C2BDBBDF155D-LeaderElection115] INFO  impl.RoleInfo (RoleInfo.java:updateAndGet(143)) - c07977b7-c8ef-4f3c-80b1-66a07c6e3dcd: start FollowerState
2019-10-17 20:28:32,766 [Thread-1558] INFO  impl.FollowerState (FollowerState.java:run(108)) - c07977b7-c8ef-4f3c-80b1-66a07c6e3dcd@group-C2BDBBDF155D-FollowerState: change to CANDIDATE, lastRpcTime:146ms, electionTimeout:146ms
2019-10-17 20:28:32,766 [Thread-1558] INFO  impl.RoleInfo (RoleInfo.java:shutdownFollowerState(121)) - c07977b7-c8ef-4f3c-80b1-66a07c6e3dcd: shutdown FollowerState
2019-10-17 20:28:32,766 [Thread-1558] INFO  impl.RaftServerImpl (RaftServerImpl.java:setRole(184)) - c07977b7-c8ef-4f3c-80b1-66a07c6e3dcd@group-C2BDBBDF155D: changes role from  FOLLOWER to CANDIDATE at term 83 for changeToCandidate
2019-10-17 20:28:32,767 [Thread-1558] INFO  impl.RoleInfo (RoleInfo.java:updateAndGet(143)) - c07977b7-c8ef-4f3c-80b1-66a07c6e3dcd: start LeaderElection
2019-10-17 20:28:32,801 [c07977b7-c8ef-4f3c-80b1-66a07c6e3dcd@group-C2BDBBDF155D-LeaderElection116] INFO  impl.LeaderElection (LeaderElection.java:askForVotes(178)) - c07977b7-c8ef-4f3c-80b1-66a07c6e3dcd@group-C2BDBBDF155D-LeaderElection116: begin an election at term 84 for -1: [d81605c5-54b3-45a8-b5ae-2e8d8890cbef:192.168.164.201:42755, 7f29c796-0732-402f-b865-67033766dcba:192.168.164.201:40704, c07977b7-c8ef-4f3c-80b1-66a07c6e3dcd:192.168.164.201:38664], old=null
2019-10-17 20:28:32,805 [grpc-default-executor-4] INFO  impl.RaftServerImpl (RaftServerImpl.java:setRole(184)) - d81605c5-54b3-45a8-b5ae-2e8d8890cbef@group-C2BDBBDF155D: changes role from  FOLLOWER to FOLLOWER at term 84 for recognizeCandidate:c07977b7-c8ef-4f3c-80b1-66a07c6e3dcd
2019-10-17 20:28:32,805 [grpc-default-executor-4] INFO  impl.RoleInfo (RoleInfo.java:shutdownFollowerState(121)) - d81605c5-54b3-45a8-b5ae-2e8d8890cbef: shutdown FollowerState
2019-10-17 20:28:32,805 [grpc-default-executor-2] INFO  impl.RaftServerImpl (RaftServerImpl.java:setRole(184)) - 7f29c796-0732-402f-b865-67033766dcba@group-C2BDBBDF155D: changes role from  FOLLOWER to FOLLOWER at term 84 for recognizeCandidate:c07977b7-c8ef-4f3c-80b1-66a07c6e3dcd
2019-10-17 20:28:32,805 [Thread-1557] INFO  impl.FollowerState (FollowerState.java:run(117)) - d81605c5-54b3-45a8-b5ae-2e8d8890cbef@group-C2BDBBDF155D-FollowerState was interrupted: java.lang.InterruptedException: sleep interrupted
2019-10-17 20:28:32,805 [grpc-default-executor-4] INFO  impl.RoleInfo (RoleInfo.java:updateAndGet(143)) - d81605c5-54b3-45a8-b5ae-2e8d8890cbef: start FollowerState
2019-10-17 20:28:32,806 [grpc-default-executor-2] INFO  impl.RoleInfo (RoleInfo.java:shutdownFollowerState(121)) - 7f29c796-0732-402f-b865-67033766dcba: shutdown FollowerState
2019-10-17 20:28:32,806 [grpc-default-executor-2] INFO  impl.RoleInfo (RoleInfo.java:updateAndGet(143)) - 7f29c796-0732-402f-b865-67033766dcba: start FollowerState
2019-10-17 20:28:32,806 [Thread-1556] INFO  impl.FollowerState (FollowerState.java:run(117)) - 7f29c796-0732-402f-b865-67033766dcba@group-C2BDBBDF155D-FollowerState was interrupted: java.lang.InterruptedException: sleep interrupted
2019-10-17 20:28:32,836 [c07977b7-c8ef-4f3c-80b1-66a07c6e3dcd@group-C2BDBBDF155D-LeaderElection116] INFO  impl.LeaderElection (LeaderElection.java:logAndReturn(56)) - c07977b7-c8ef-4f3c-80b1-66a07c6e3dcd@group-C2BDBBDF155D-LeaderElection116: Election REJECTED; received 2 response(s) [c07977b7-c8ef-4f3c-80b1-66a07c6e3dcd<-d81605c5-54b3-45a8-b5ae-2e8d8890cbef#0:FAIL-t84, c07977b7-c8ef-4f3c-80b1-66a07c6e3dcd<-7f29c796-0732-402f-b865-67033766dcba#0:FAIL-t84] and 0 exception(s); c07977b7-c8ef-4f3c-80b1-66a07c6e3dcd@group-C2BDBBDF155D:t84, leader=null, voted=c07977b7-c8ef-4f3c-80b1-66a07c6e3dcd, raftlog=c07977b7-c8ef-4f3c-80b1-66a07c6e3dcd@group-C2BDBBDF155D-SegmentedRaftLog:OPENED:c-1,f-1,i0, conf=-1: [d81605c5-54b3-45a8-b5ae-2e8d8890cbef:192.168.164.201:42755, 7f29c796-0732-402f-b865-67033766dcba:192.168.164.201:40704, c07977b7-c8ef-4f3c-80b1-66a07c6e3dcd:192.168.164.201:38664], old=null
2019-10-17 20:28:32,837 [c07977b7-c8ef-4f3c-80b1-66a07c6e3dcd@group-C2BDBBDF155D-LeaderElection116] INFO  impl.RaftServerImpl (RaftServerImpl.java:setRole(184)) - c07977b7-c8ef-4f3c-80b1-66a07c6e3dcd@group-C2BDBBDF155D: changes role from CANDIDATE to FOLLOWER at term 84 for DISCOVERED_A_NEW_TERM
2019-10-17 20:28:32,837 [c07977b7-c8ef-4f3c-80b1-66a07c6e3dcd@group-C2BDBBDF155D-LeaderElection116] INFO  impl.RoleInfo (RoleInfo.java:shutdownLeaderElection(134)) - c07977b7-c8ef-4f3c-80b1-66a07c6e3dcd: shutdown LeaderElection
2019-10-17 20:28:32,837 [c07977b7-c8ef-4f3c-80b1-66a07c6e3dcd@group-C2BDBBDF155D-LeaderElection116] INFO  impl.RoleInfo (RoleInfo.java:updateAndGet(143)) - c07977b7-c8ef-4f3c-80b1-66a07c6e3dcd: start FollowerState
2019-10-17 20:28:32,990 [Thread-1564] INFO  impl.FollowerState (FollowerState.java:run(108)) - c07977b7-c8ef-4f3c-80b1-66a07c6e3dcd@group-C2BDBBDF155D-FollowerState: change to CANDIDATE, lastRpcTime:153ms, electionTimeout:153ms
2019-10-17 20:28:32,991 [Thread-1564] INFO  impl.RoleInfo (RoleInfo.java:shutdownFollowerState(121)) - c07977b7-c8ef-4f3c-80b1-66a07c6e3dcd: shutdown FollowerState
2019-10-17 20:28:32,991 [Thread-1564] INFO  impl.RaftServerImpl (RaftServerImpl.java:setRole(184)) - c07977b7-c8ef-4f3c-80b1-66a07c6e3dcd@group-C2BDBBDF155D: changes role from  FOLLOWER to CANDIDATE at term 84 for changeToCandidate
2019-10-17 20:28:32,991 [Thread-1564] INFO  impl.RoleInfo (RoleInfo.java:updateAndGet(143)) - c07977b7-c8ef-4f3c-80b1-66a07c6e3dcd: start LeaderElection
2019-10-17 20:28:33,018 [c07977b7-c8ef-4f3c-80b1-66a07c6e3dcd@group-C2BDBBDF155D-LeaderElection117] INFO  impl.LeaderElection (LeaderElection.java:askForVotes(178)) - c07977b7-c8ef-4f3c-80b1-66a07c6e3dcd@group-C2BDBBDF155D-LeaderElection117: begin an election at term 85 for -1: [d81605c5-54b3-45a8-b5ae-2e8d8890cbef:192.168.164.201:42755, 7f29c796-0732-402f-b865-67033766dcba:192.168.164.201:40704, c07977b7-c8ef-4f3c-80b1-66a07c6e3dcd:192.168.164.201:38664], old=null
2019-10-17 20:28:33,022 [grpc-default-executor-4] INFO  impl.RaftServerImpl (RaftServerImpl.java:setRole(184)) - 7f29c796-0732-402f-b865-67033766dcba@group-C2BDBBDF155D: changes role from  FOLLOWER to FOLLOWER at term 85 for recognizeCandidate:c07977b7-c8ef-4f3c-80b1-66a07c6e3dcd
2019-10-17 20:28:33,022 [grpc-default-executor-2] INFO  impl.RaftServerImpl (RaftServerImpl.java:setRole(184)) - d81605c5-54b3-45a8-b5ae-2e8d8890cbef@group-C2BDBBDF155D: changes role from  FOLLOWER to FOLLOWER at term 85 for recognizeCandidate:c07977b7-c8ef-4f3c-80b1-66a07c6e3dcd
2019-10-17 20:28:33,022 [grpc-default-executor-2] INFO  impl.RoleInfo (RoleInfo.java:shutdownFollowerState(121)) - d81605c5-54b3-45a8-b5ae-2e8d8890cbef: shutdown FollowerState
2019-10-17 20:28:33,022 [grpc-default-executor-4] INFO  impl.RoleInfo (RoleInfo.java:shutdownFollowerState(121)) - 7f29c796-0732-402f-b865-67033766dcba: shutdown FollowerState
2019-10-17 20:28:33,022 [Thread-1562] INFO  impl.FollowerState (FollowerState.java:run(117)) - d81605c5-54b3-45a8-b5ae-2e8d8890cbef@group-C2BDBBDF155D-FollowerState was interrupted: java.lang.InterruptedException: sleep interrupted
2019-10-17 20:28:33,023 [Thread-1563] INFO  impl.FollowerState (FollowerState.java:run(117)) - 7f29c796-0732-402f-b865-67033766dcba@group-C2BDBBDF155D-FollowerState was interrupted: java.lang.InterruptedException: sleep interrupted
2019-10-17 20:28:33,022 [grpc-default-executor-2] INFO  impl.RoleInfo (RoleInfo.java:updateAndGet(143)) - d81605c5-54b3-45a8-b5ae-2e8d8890cbef: start FollowerState
2019-10-17 20:28:33,023 [grpc-default-executor-4] INFO  impl.RoleInfo (RoleInfo.java:updateAndGet(143)) - 7f29c796-0732-402f-b865-67033766dcba: start FollowerState
2019-10-17 20:28:33,057 [c07977b7-c8ef-4f3c-80b1-66a07c6e3dcd@group-C2BDBBDF155D-LeaderElection117] INFO  impl.LeaderElection (LeaderElection.java:logAndReturn(56)) - c07977b7-c8ef-4f3c-80b1-66a07c6e3dcd@group-C2BDBBDF155D-LeaderElection117: Election REJECTED; received 2 response(s) [c07977b7-c8ef-4f3c-80b1-66a07c6e3dcd<-d81605c5-54b3-45a8-b5ae-2e8d8890cbef#0:FAIL-t85, c07977b7-c8ef-4f3c-80b1-66a07c6e3dcd<-7f29c796-0732-402f-b865-67033766dcba#0:FAIL-t85] and 0 exception(s); c07977b7-c8ef-4f3c-80b1-66a07c6e3dcd@group-C2BDBBDF155D:t85, leader=null, voted=c07977b7-c8ef-4f3c-80b1-66a07c6e3dcd, raftlog=c07977b7-c8ef-4f3c-80b1-66a07c6e3dcd@group-C2BDBBDF155D-SegmentedRaftLog:OPENED:c-1,f-1,i0, conf=-1: [d81605c5-54b3-45a8-b5ae-2e8d8890cbef:192.168.164.201:42755, 7f29c796-0732-402f-b865-67033766dcba:192.168.164.201:40704, c07977b7-c8ef-4f3c-80b1-66a07c6e3dcd:192.168.164.201:38664], old=null
2019-10-17 20:28:33,059 [c07977b7-c8ef-4f3c-80b1-66a07c6e3dcd@group-C2BDBBDF155D-LeaderElection117] INFO  impl.RaftServerImpl (RaftServerImpl.java:setRole(184)) - c07977b7-c8ef-4f3c-80b1-66a07c6e3dcd@group-C2BDBBDF155D: changes role from CANDIDATE to FOLLOWER at term 85 for DISCOVERED_A_NEW_TERM
2019-10-17 20:28:33,059 [c07977b7-c8ef-4f3c-80b1-66a07c6e3dcd@group-C2BDBBDF155D-LeaderElection117] INFO  impl.RoleInfo (RoleInfo.java:shutdownLeaderElection(134)) - c07977b7-c8ef-4f3c-80b1-66a07c6e3dcd: shutdown LeaderElection
2019-10-17 20:28:33,060 [c07977b7-c8ef-4f3c-80b1-66a07c6e3dcd@group-C2BDBBDF155D-LeaderElection117] INFO  impl.RoleInfo (RoleInfo.java:updateAndGet(143)) - c07977b7-c8ef-4f3c-80b1-66a07c6e3dcd: start FollowerState
2019-10-17 20:28:33,242 [Thread-1570] INFO  impl.FollowerState (FollowerState.java:run(108)) - c07977b7-c8ef-4f3c-80b1-66a07c6e3dcd@group-C2BDBBDF155D-FollowerState: change to CANDIDATE, lastRpcTime:182ms, electionTimeout:182ms
2019-10-17 20:28:33,243 [Thread-1570] INFO  impl.RoleInfo (RoleInfo.java:shutdownFollowerState(121)) - c07977b7-c8ef-4f3c-80b1-66a07c6e3dcd: shutdown FollowerState
2019-10-17 20:28:33,243 [Thread-1570] INFO  impl.RaftServerImpl (RaftServerImpl.java:setRole(184)) - c07977b7-c8ef-4f3c-80b1-66a07c6e3dcd@group-C2BDBBDF155D: changes role from  FOLLOWER to CANDIDATE at term 85 for changeToCandidate
2019-10-17 20:28:33,243 [Thread-1570] INFO  impl.RoleInfo (RoleInfo.java:updateAndGet(143)) - c07977b7-c8ef-4f3c-80b1-66a07c6e3dcd: start LeaderElection
2019-10-17 20:28:33,261 [c07977b7-c8ef-4f3c-80b1-66a07c6e3dcd@group-C2BDBBDF155D-LeaderElection118] INFO  impl.LeaderElection (LeaderElection.java:askForVotes(178)) - c07977b7-c8ef-4f3c-80b1-66a07c6e3dcd@group-C2BDBBDF155D-LeaderElection118: begin an election at term 86 for -1: [d81605c5-54b3-45a8-b5ae-2e8d8890cbef:192.168.164.201:42755, 7f29c796-0732-402f-b865-67033766dcba:192.168.164.201:40704, c07977b7-c8ef-4f3c-80b1-66a07c6e3dcd:192.168.164.201:38664], old=null
2019-10-17 20:28:33,266 [grpc-default-executor-2] INFO  impl.RaftServerImpl (RaftServerImpl.java:setRole(184)) - d81605c5-54b3-45a8-b5ae-2e8d8890cbef@group-C2BDBBDF155D: changes role from  FOLLOWER to FOLLOWER at term 86 for recognizeCandidate:c07977b7-c8ef-4f3c-80b1-66a07c6e3dcd
2019-10-17 20:28:33,266 [grpc-default-executor-4] INFO  impl.RaftServerImpl (RaftServerImpl.java:setRole(184)) - 7f29c796-0732-402f-b865-67033766dcba@group-C2BDBBDF155D: changes role from  FOLLOWER to FOLLOWER at term 86 for recognizeCandidate:c07977b7-c8ef-4f3c-80b1-66a07c6e3dcd
2019-10-17 20:28:33,266 [grpc-default-executor-2] INFO  impl.RoleInfo (RoleInfo.java:shutdownFollowerState(121)) - d81605c5-54b3-45a8-b5ae-2e8d8890cbef: shutdown FollowerState
2019-10-17 20:28:33,266 [grpc-default-executor-4] INFO  impl.RoleInfo (RoleInfo.java:shutdownFollowerState(121)) - 7f29c796-0732-402f-b865-67033766dcba: shutdown FollowerState
2019-10-17 20:28:33,267 [grpc-default-executor-2] INFO  impl.RoleInfo (RoleInfo.java:updateAndGet(143)) - d81605c5-54b3-45a8-b5ae-2e8d8890cbef: start FollowerState
2019-10-17 20:28:33,267 [Thread-1569] INFO  impl.FollowerState (FollowerState.java:run(117)) - 7f29c796-0732-402f-b865-67033766dcba@group-C2BDBBDF155D-FollowerState was interrupted: java.lang.InterruptedException: sleep interrupted
2019-10-17 20:28:33,267 [grpc-default-executor-4] INFO  impl.RoleInfo (RoleInfo.java:updateAndGet(143)) - 7f29c796-0732-402f-b865-67033766dcba: start FollowerState
2019-10-17 20:28:33,267 [Thread-1568] INFO  impl.FollowerState (FollowerState.java:run(117)) - d81605c5-54b3-45a8-b5ae-2e8d8890cbef@group-C2BDBBDF155D-FollowerState was interrupted: java.lang.InterruptedException: sleep interrupted
2019-10-17 20:28:33,296 [c07977b7-c8ef-4f3c-80b1-66a07c6e3dcd@group-C2BDBBDF155D-LeaderElection118] INFO  impl.LeaderElection (LeaderElection.java:logAndReturn(56)) - c07977b7-c8ef-4f3c-80b1-66a07c6e3dcd@group-C2BDBBDF155D-LeaderElection118: Election REJECTED; received 2 response(s) [c07977b7-c8ef-4f3c-80b1-66a07c6e3dcd<-d81605c5-54b3-45a8-b5ae-2e8d8890cbef#0:FAIL-t86, c07977b7-c8ef-4f3c-80b1-66a07c6e3dcd<-7f29c796-0732-402f-b865-67033766dcba#0:FAIL-t86] and 0 exception(s); c07977b7-c8ef-4f3c-80b1-66a07c6e3dcd@group-C2BDBBDF155D:t86, leader=null, voted=c07977b7-c8ef-4f3c-80b1-66a07c6e3dcd, raftlog=c07977b7-c8ef-4f3c-80b1-66a07c6e3dcd@group-C2BDBBDF155D-SegmentedRaftLog:OPENED:c-1,f-1,i0, conf=-1: [d81605c5-54b3-45a8-b5ae-2e8d8890cbef:192.168.164.201:42755, 7f29c796-0732-402f-b865-67033766dcba:192.168.164.201:40704, c07977b7-c8ef-4f3c-80b1-66a07c6e3dcd:192.168.164.201:38664], old=null
2019-10-17 20:28:33,296 [c07977b7-c8ef-4f3c-80b1-66a07c6e3dcd@group-C2BDBBDF155D-LeaderElection118] INFO  impl.RaftServerImpl (RaftServerImpl.java:setRole(184)) - c07977b7-c8ef-4f3c-80b1-66a07c6e3dcd@group-C2BDBBDF155D: changes role from CANDIDATE to FOLLOWER at term 86 for DISCOVERED_A_NEW_TERM
2019-10-17 20:28:33,296 [c07977b7-c8ef-4f3c-80b1-66a07c6e3dcd@group-C2BDBBDF155D-LeaderElection118] INFO  impl.RoleInfo (RoleInfo.java:shutdownLeaderElection(134)) - c07977b7-c8ef-4f3c-80b1-66a07c6e3dcd: shutdown LeaderElection
2019-10-17 20:28:33,296 [c07977b7-c8ef-4f3c-80b1-66a07c6e3dcd@group-C2BDBBDF155D-LeaderElection118] INFO  impl.RoleInfo (RoleInfo.java:updateAndGet(143)) - c07977b7-c8ef-4f3c-80b1-66a07c6e3dcd: start FollowerState
2019-10-17 20:28:33,405 [Thread-1576] INFO  impl.FollowerState (FollowerState.java:run(108)) - c07977b7-c8ef-4f3c-80b1-66a07c6e3dcd@group-C2BDBBDF155D-FollowerState: change to CANDIDATE, lastRpcTime:108ms, electionTimeout:108ms
2019-10-17 20:28:33,405 [Thread-1576] INFO  impl.RoleInfo (RoleInfo.java:shutdownFollowerState(121)) - c07977b7-c8ef-4f3c-80b1-66a07c6e3dcd: shutdown FollowerState
2019-10-17 20:28:33,405 [Thread-1576] INFO  impl.RaftServerImpl (RaftServerImpl.java:setRole(184)) - c07977b7-c8ef-4f3c-80b1-66a07c6e3dcd@group-C2BDBBDF155D: changes role from  FOLLOWER to CANDIDATE at term 86 for changeToCandidate
2019-10-17 20:28:33,406 [Thread-1576] INFO  impl.RoleInfo (RoleInfo.java:updateAndGet(143)) - c07977b7-c8ef-4f3c-80b1-66a07c6e3dcd: start LeaderElection
2019-10-17 20:28:33,453 [c07977b7-c8ef-4f3c-80b1-66a07c6e3dcd@group-C2BDBBDF155D-LeaderElection119] INFO  impl.LeaderElection (LeaderElection.java:askForVotes(178)) - c07977b7-c8ef-4f3c-80b1-66a07c6e3dcd@group-C2BDBBDF155D-LeaderElection119: begin an election at term 87 for -1: [d81605c5-54b3-45a8-b5ae-2e8d8890cbef:192.168.164.201:42755, 7f29c796-0732-402f-b865-67033766dcba:192.168.164.201:40704, c07977b7-c8ef-4f3c-80b1-66a07c6e3dcd:192.168.164.201:38664], old=null
2019-10-17 20:28:33,457 [grpc-default-executor-4] INFO  impl.RaftServerImpl (RaftServerImpl.java:setRole(184)) - 7f29c796-0732-402f-b865-67033766dcba@group-C2BDBBDF155D: changes role from  FOLLOWER to FOLLOWER at term 87 for recognizeCandidate:c07977b7-c8ef-4f3c-80b1-66a07c6e3dcd
2019-10-17 20:28:33,457 [grpc-default-executor-4] INFO  impl.RoleInfo (RoleInfo.java:shutdownFollowerState(121)) - 7f29c796-0732-402f-b865-67033766dcba: shutdown FollowerState
2019-10-17 20:28:33,457 [grpc-default-executor-4] INFO  impl.RoleInfo (RoleInfo.java:updateAndGet(143)) - 7f29c796-0732-402f-b865-67033766dcba: start FollowerState
2019-10-17 20:28:33,457 [grpc-default-executor-2] INFO  impl.RaftServerImpl (RaftServerImpl.java:setRole(184)) - d81605c5-54b3-45a8-b5ae-2e8d8890cbef@group-C2BDBBDF155D: changes role from  FOLLOWER to FOLLOWER at term 87 for recognizeCandidate:c07977b7-c8ef-4f3c-80b1-66a07c6e3dcd
2019-10-17 20:28:33,457 [Thread-1575] INFO  impl.FollowerState (FollowerState.java:run(117)) - 7f29c796-0732-402f-b865-67033766dcba@group-C2BDBBDF155D-FollowerState was interrupted: java.lang.InterruptedException: sleep interrupted
2019-10-17 20:28:33,458 [grpc-default-executor-2] INFO  impl.RoleInfo (RoleInfo.java:shutdownFollowerState(121)) - d81605c5-54b3-45a8-b5ae-2e8d8890cbef: shutdown FollowerState
2019-10-17 20:28:33,458 [grpc-default-executor-2] INFO  impl.RoleInfo (RoleInfo.java:updateAndGet(143)) - d81605c5-54b3-45a8-b5ae-2e8d8890cbef: start FollowerState
2019-10-17 20:28:33,458 [Thread-1574] INFO  impl.FollowerState (FollowerState.java:run(117)) - d81605c5-54b3-45a8-b5ae-2e8d8890cbef@group-C2BDBBDF155D-FollowerState was interrupted: java.lang.InterruptedException: sleep interrupted
2019-10-17 20:28:33,488 [c07977b7-c8ef-4f3c-80b1-66a07c6e3dcd@group-C2BDBBDF155D-LeaderElection119] INFO  impl.LeaderElection (LeaderElection.java:logAndReturn(56)) - c07977b7-c8ef-4f3c-80b1-66a07c6e3dcd@group-C2BDBBDF155D-LeaderElection119: Election REJECTED; received 2 response(s) [c07977b7-c8ef-4f3c-80b1-66a07c6e3dcd<-d81605c5-54b3-45a8-b5ae-2e8d8890cbef#0:FAIL-t87, c07977b7-c8ef-4f3c-80b1-66a07c6e3dcd<-7f29c796-0732-402f-b865-67033766dcba#0:FAIL-t87] and 0 exception(s); c07977b7-c8ef-4f3c-80b1-66a07c6e3dcd@group-C2BDBBDF155D:t87, leader=null, voted=c07977b7-c8ef-4f3c-80b1-66a07c6e3dcd, raftlog=c07977b7-c8ef-4f3c-80b1-66a07c6e3dcd@group-C2BDBBDF155D-SegmentedRaftLog:OPENED:c-1,f-1,i0, conf=-1: [d81605c5-54b3-45a8-b5ae-2e8d8890cbef:192.168.164.201:42755, 7f29c796-0732-402f-b865-67033766dcba:192.168.164.201:40704, c07977b7-c8ef-4f3c-80b1-66a07c6e3dcd:192.168.164.201:38664], old=null
2019-10-17 20:28:33,489 [c07977b7-c8ef-4f3c-80b1-66a07c6e3dcd@group-C2BDBBDF155D-LeaderElection119] INFO  impl.RaftServerImpl (RaftServerImpl.java:setRole(184)) - c07977b7-c8ef-4f3c-80b1-66a07c6e3dcd@group-C2BDBBDF155D: changes role from CANDIDATE to FOLLOWER at term 87 for DISCOVERED_A_NEW_TERM
2019-10-17 20:28:33,489 [c07977b7-c8ef-4f3c-80b1-66a07c6e3dcd@group-C2BDBBDF155D-LeaderElection119] INFO  impl.RoleInfo (RoleInfo.java:shutdownLeaderElection(134)) - c07977b7-c8ef-4f3c-80b1-66a07c6e3dcd: shutdown LeaderElection
2019-10-17 20:28:33,489 [c07977b7-c8ef-4f3c-80b1-66a07c6e3dcd@group-C2BDBBDF155D-LeaderElection119] INFO  impl.RoleInfo (RoleInfo.java:updateAndGet(143)) - c07977b7-c8ef-4f3c-80b1-66a07c6e3dcd: start FollowerState
2019-10-17 20:28:33,528 [Thread-1582] INFO  impl.FollowerState (FollowerState.java:run(108)) - c07977b7-c8ef-4f3c-80b1-66a07c6e3dcd@group-C2BDBBDF155D-FollowerState: change to CANDIDATE, lastRpcTime:39ms, electionTimeout:39ms
2019-10-17 20:28:33,529 [Thread-1582] INFO  impl.RoleInfo (RoleInfo.java:shutdownFollowerState(121)) - c07977b7-c8ef-4f3c-80b1-66a07c6e3dcd: shutdown FollowerState
2019-10-17 20:28:33,529 [Thread-1582] INFO  impl.RaftServerImpl (RaftServerImpl.java:setRole(184)) - c07977b7-c8ef-4f3c-80b1-66a07c6e3dcd@group-C2BDBBDF155D: changes role from  FOLLOWER to CANDIDATE at term 87 for changeToCandidate
2019-10-17 20:28:33,529 [Thread-1582] INFO  impl.RoleInfo (RoleInfo.java:updateAndGet(143)) - c07977b7-c8ef-4f3c-80b1-66a07c6e3dcd: start LeaderElection
2019-10-17 20:28:33,536 [Thread-754] INFO  ozone.MiniOzoneClusterImpl (MiniOzoneClusterImpl.java:lambda$waitForClusterToBeReady$2(164)) - Waiting for 1 number of pipelines out of 4, to report a leader.
2019-10-17 20:28:33,554 [c07977b7-c8ef-4f3c-80b1-66a07c6e3dcd@group-C2BDBBDF155D-LeaderElection120] INFO  impl.LeaderElection (LeaderElection.java:askForVotes(178)) - c07977b7-c8ef-4f3c-80b1-66a07c6e3dcd@group-C2BDBBDF155D-LeaderElection120: begin an election at term 88 for -1: [d81605c5-54b3-45a8-b5ae-2e8d8890cbef:192.168.164.201:42755, 7f29c796-0732-402f-b865-67033766dcba:192.168.164.201:40704, c07977b7-c8ef-4f3c-80b1-66a07c6e3dcd:192.168.164.201:38664], old=null
2019-10-17 20:28:33,557 [grpc-default-executor-2] INFO  impl.RaftServerImpl (RaftServerImpl.java:setRole(184)) - d81605c5-54b3-45a8-b5ae-2e8d8890cbef@group-C2BDBBDF155D: changes role from  FOLLOWER to FOLLOWER at term 88 for recognizeCandidate:c07977b7-c8ef-4f3c-80b1-66a07c6e3dcd
2019-10-17 20:28:33,557 [grpc-default-executor-2] INFO  impl.RoleInfo (RoleInfo.java:shutdownFollowerState(121)) - d81605c5-54b3-45a8-b5ae-2e8d8890cbef: shutdown FollowerState
2019-10-17 20:28:33,557 [grpc-default-executor-4] INFO  impl.RaftServerImpl (RaftServerImpl.java:setRole(184)) - 7f29c796-0732-402f-b865-67033766dcba@group-C2BDBBDF155D: changes role from  FOLLOWER to FOLLOWER at term 88 for recognizeCandidate:c07977b7-c8ef-4f3c-80b1-66a07c6e3dcd
2019-10-17 20:28:33,557 [Thread-1581] INFO  impl.FollowerState (FollowerState.java:run(117)) - d81605c5-54b3-45a8-b5ae-2e8d8890cbef@group-C2BDBBDF155D-FollowerState was interrupted: java.lang.InterruptedException: sleep interrupted
2019-10-17 20:28:33,557 [grpc-default-executor-2] INFO  impl.RoleInfo (RoleInfo.java:updateAndGet(143)) - d81605c5-54b3-45a8-b5ae-2e8d8890cbef: start FollowerState
2019-10-17 20:28:33,557 [grpc-default-executor-4] INFO  impl.RoleInfo (RoleInfo.java:shutdownFollowerState(121)) - 7f29c796-0732-402f-b865-67033766dcba: shutdown FollowerState
2019-10-17 20:28:33,558 [Thread-1580] INFO  impl.FollowerState (FollowerState.java:run(117)) - 7f29c796-0732-402f-b865-67033766dcba@group-C2BDBBDF155D-FollowerState was interrupted: java.lang.InterruptedException: sleep interrupted
2019-10-17 20:28:33,558 [grpc-default-executor-4] INFO  impl.RoleInfo (RoleInfo.java:updateAndGet(143)) - 7f29c796-0732-402f-b865-67033766dcba: start FollowerState
2019-10-17 20:28:33,581 [c07977b7-c8ef-4f3c-80b1-66a07c6e3dcd@group-C2BDBBDF155D-LeaderElection120] INFO  impl.LeaderElection (LeaderElection.java:logAndReturn(56)) - c07977b7-c8ef-4f3c-80b1-66a07c6e3dcd@group-C2BDBBDF155D-LeaderElection120: Election REJECTED; received 2 response(s) [c07977b7-c8ef-4f3c-80b1-66a07c6e3dcd<-d81605c5-54b3-45a8-b5ae-2e8d8890cbef#0:FAIL-t88, c07977b7-c8ef-4f3c-80b1-66a07c6e3dcd<-7f29c796-0732-402f-b865-67033766dcba#0:FAIL-t88] and 0 exception(s); c07977b7-c8ef-4f3c-80b1-66a07c6e3dcd@group-C2BDBBDF155D:t88, leader=null, voted=c07977b7-c8ef-4f3c-80b1-66a07c6e3dcd, raftlog=c07977b7-c8ef-4f3c-80b1-66a07c6e3dcd@group-C2BDBBDF155D-SegmentedRaftLog:OPENED:c-1,f-1,i0, conf=-1: [d81605c5-54b3-45a8-b5ae-2e8d8890cbef:192.168.164.201:42755, 7f29c796-0732-402f-b865-67033766dcba:192.168.164.201:40704, c07977b7-c8ef-4f3c-80b1-66a07c6e3dcd:192.168.164.201:38664], old=null
2019-10-17 20:28:33,581 [c07977b7-c8ef-4f3c-80b1-66a07c6e3dcd@group-C2BDBBDF155D-LeaderElection120] INFO  impl.RaftServerImpl (RaftServerImpl.java:setRole(184)) - c07977b7-c8ef-4f3c-80b1-66a07c6e3dcd@group-C2BDBBDF155D: changes role from CANDIDATE to FOLLOWER at term 88 for DISCOVERED_A_NEW_TERM
2019-10-17 20:28:33,581 [c07977b7-c8ef-4f3c-80b1-66a07c6e3dcd@group-C2BDBBDF155D-LeaderElection120] INFO  impl.RoleInfo (RoleInfo.java:shutdownLeaderElection(134)) - c07977b7-c8ef-4f3c-80b1-66a07c6e3dcd: shutdown LeaderElection
2019-10-17 20:28:33,581 [c07977b7-c8ef-4f3c-80b1-66a07c6e3dcd@group-C2BDBBDF155D-LeaderElection120] INFO  impl.RoleInfo (RoleInfo.java:updateAndGet(143)) - c07977b7-c8ef-4f3c-80b1-66a07c6e3dcd: start FollowerState
2019-10-17 20:28:33,703 [Thread-1588] INFO  impl.FollowerState (FollowerState.java:run(108)) - c07977b7-c8ef-4f3c-80b1-66a07c6e3dcd@group-C2BDBBDF155D-FollowerState: change to CANDIDATE, lastRpcTime:121ms, electionTimeout:121ms
2019-10-17 20:28:33,703 [Thread-1588] INFO  impl.RoleInfo (RoleInfo.java:shutdownFollowerState(121)) - c07977b7-c8ef-4f3c-80b1-66a07c6e3dcd: shutdown FollowerState
2019-10-17 20:28:33,703 [Thread-1588] INFO  impl.RaftServerImpl (RaftServerImpl.java:setRole(184)) - c07977b7-c8ef-4f3c-80b1-66a07c6e3dcd@group-C2BDBBDF155D: changes role from  FOLLOWER to CANDIDATE at term 88 for changeToCandidate
2019-10-17 20:28:33,703 [Thread-1588] INFO  impl.RoleInfo (RoleInfo.java:updateAndGet(143)) - c07977b7-c8ef-4f3c-80b1-66a07c6e3dcd: start LeaderElection
2019-10-17 20:28:33,729 [c07977b7-c8ef-4f3c-80b1-66a07c6e3dcd@group-C2BDBBDF155D-LeaderElection121] INFO  impl.LeaderElection (LeaderElection.java:askForVotes(178)) - c07977b7-c8ef-4f3c-80b1-66a07c6e3dcd@group-C2BDBBDF155D-LeaderElection121: begin an election at term 89 for -1: [d81605c5-54b3-45a8-b5ae-2e8d8890cbef:192.168.164.201:42755, 7f29c796-0732-402f-b865-67033766dcba:192.168.164.201:40704, c07977b7-c8ef-4f3c-80b1-66a07c6e3dcd:192.168.164.201:38664], old=null
2019-10-17 20:28:33,733 [grpc-default-executor-2] INFO  impl.RaftServerImpl (RaftServerImpl.java:setRole(184)) - d81605c5-54b3-45a8-b5ae-2e8d8890cbef@group-C2BDBBDF155D: changes role from  FOLLOWER to FOLLOWER at term 89 for recognizeCandidate:c07977b7-c8ef-4f3c-80b1-66a07c6e3dcd
2019-10-17 20:28:33,733 [grpc-default-executor-2] INFO  impl.RoleInfo (RoleInfo.java:shutdownFollowerState(121)) - d81605c5-54b3-45a8-b5ae-2e8d8890cbef: shutdown FollowerState
2019-10-17 20:28:33,733 [grpc-default-executor-4] INFO  impl.RaftServerImpl (RaftServerImpl.java:setRole(184)) - 7f29c796-0732-402f-b865-67033766dcba@group-C2BDBBDF155D: changes role from  FOLLOWER to FOLLOWER at term 89 for recognizeCandidate:c07977b7-c8ef-4f3c-80b1-66a07c6e3dcd
2019-10-17 20:28:33,733 [Thread-1586] INFO  impl.FollowerState (FollowerState.java:run(117)) - d81605c5-54b3-45a8-b5ae-2e8d8890cbef@group-C2BDBBDF155D-FollowerState was interrupted: java.lang.InterruptedException: sleep interrupted
2019-10-17 20:28:33,733 [grpc-default-executor-2] INFO  impl.RoleInfo (RoleInfo.java:updateAndGet(143)) - d81605c5-54b3-45a8-b5ae-2e8d8890cbef: start FollowerState
2019-10-17 20:28:33,733 [grpc-default-executor-4] INFO  impl.RoleInfo (RoleInfo.java:shutdownFollowerState(121)) - 7f29c796-0732-402f-b865-67033766dcba: shutdown FollowerState
2019-10-17 20:28:33,734 [grpc-default-executor-4] INFO  impl.RoleInfo (RoleInfo.java:updateAndGet(143)) - 7f29c796-0732-402f-b865-67033766dcba: start FollowerState
2019-10-17 20:28:33,734 [Thread-1587] INFO  impl.FollowerState (FollowerState.java:run(117)) - 7f29c796-0732-402f-b865-67033766dcba@group-C2BDBBDF155D-FollowerState was interrupted: java.lang.InterruptedException: sleep interrupted
2019-10-17 20:28:33,765 [c07977b7-c8ef-4f3c-80b1-66a07c6e3dcd@group-C2BDBBDF155D-LeaderElection121] INFO  impl.LeaderElection (LeaderElection.java:logAndReturn(56)) - c07977b7-c8ef-4f3c-80b1-66a07c6e3dcd@group-C2BDBBDF155D-LeaderElection121: Election REJECTED; received 2 response(s) [c07977b7-c8ef-4f3c-80b1-66a07c6e3dcd<-d81605c5-54b3-45a8-b5ae-2e8d8890cbef#0:FAIL-t89, c07977b7-c8ef-4f3c-80b1-66a07c6e3dcd<-7f29c796-0732-402f-b865-67033766dcba#0:FAIL-t89] and 0 exception(s); c07977b7-c8ef-4f3c-80b1-66a07c6e3dcd@group-C2BDBBDF155D:t89, leader=null, voted=c07977b7-c8ef-4f3c-80b1-66a07c6e3dcd, raftlog=c07977b7-c8ef-4f3c-80b1-66a07c6e3dcd@group-C2BDBBDF155D-SegmentedRaftLog:OPENED:c-1,f-1,i0, conf=-1: [d81605c5-54b3-45a8-b5ae-2e8d8890cbef:192.168.164.201:42755, 7f29c796-0732-402f-b865-67033766dcba:192.168.164.201:40704, c07977b7-c8ef-4f3c-80b1-66a07c6e3dcd:192.168.164.201:38664], old=null
2019-10-17 20:28:33,765 [c07977b7-c8ef-4f3c-80b1-66a07c6e3dcd@group-C2BDBBDF155D-LeaderElection121] INFO  impl.RaftServerImpl (RaftServerImpl.java:setRole(184)) - c07977b7-c8ef-4f3c-80b1-66a07c6e3dcd@group-C2BDBBDF155D: changes role from CANDIDATE to FOLLOWER at term 89 for DISCOVERED_A_NEW_TERM
2019-10-17 20:28:33,765 [c07977b7-c8ef-4f3c-80b1-66a07c6e3dcd@group-C2BDBBDF155D-LeaderElection121] INFO  impl.RoleInfo (RoleInfo.java:shutdownLeaderElection(134)) - c07977b7-c8ef-4f3c-80b1-66a07c6e3dcd: shutdown LeaderElection
2019-10-17 20:28:33,766 [c07977b7-c8ef-4f3c-80b1-66a07c6e3dcd@group-C2BDBBDF155D-LeaderElection121] INFO  impl.RoleInfo (RoleInfo.java:updateAndGet(143)) - c07977b7-c8ef-4f3c-80b1-66a07c6e3dcd: start FollowerState
2019-10-17 20:28:33,960 [Thread-1594] INFO  impl.FollowerState (FollowerState.java:run(108)) - c07977b7-c8ef-4f3c-80b1-66a07c6e3dcd@group-C2BDBBDF155D-FollowerState: change to CANDIDATE, lastRpcTime:194ms, electionTimeout:194ms
2019-10-17 20:28:33,961 [Thread-1594] INFO  impl.RoleInfo (RoleInfo.java:shutdownFollowerState(121)) - c07977b7-c8ef-4f3c-80b1-66a07c6e3dcd: shutdown FollowerState
2019-10-17 20:28:33,961 [Thread-1594] INFO  impl.RaftServerImpl (RaftServerImpl.java:setRole(184)) - c07977b7-c8ef-4f3c-80b1-66a07c6e3dcd@group-C2BDBBDF155D: changes role from  FOLLOWER to CANDIDATE at term 89 for changeToCandidate
2019-10-17 20:28:33,961 [Thread-1594] INFO  impl.RoleInfo (RoleInfo.java:updateAndGet(143)) - c07977b7-c8ef-4f3c-80b1-66a07c6e3dcd: start LeaderElection
2019-10-17 20:28:33,989 [c07977b7-c8ef-4f3c-80b1-66a07c6e3dcd@group-C2BDBBDF155D-LeaderElection122] INFO  impl.LeaderElection (LeaderElection.java:askForVotes(178)) - c07977b7-c8ef-4f3c-80b1-66a07c6e3dcd@group-C2BDBBDF155D-LeaderElection122: begin an election at term 90 for -1: [d81605c5-54b3-45a8-b5ae-2e8d8890cbef:192.168.164.201:42755, 7f29c796-0732-402f-b865-67033766dcba:192.168.164.201:40704, c07977b7-c8ef-4f3c-80b1-66a07c6e3dcd:192.168.164.201:38664], old=null
2019-10-17 20:28:33,992 [grpc-default-executor-4] INFO  impl.RaftServerImpl (RaftServerImpl.java:setRole(184)) - d81605c5-54b3-45a8-b5ae-2e8d8890cbef@group-C2BDBBDF155D: changes role from  FOLLOWER to FOLLOWER at term 90 for recognizeCandidate:c07977b7-c8ef-4f3c-80b1-66a07c6e3dcd
2019-10-17 20:28:33,992 [grpc-default-executor-4] INFO  impl.RoleInfo (RoleInfo.java:shutdownFollowerState(121)) - d81605c5-54b3-45a8-b5ae-2e8d8890cbef: shutdown FollowerState
2019-10-17 20:28:33,992 [grpc-default-executor-2] INFO  impl.RaftServerImpl (RaftServerImpl.java:setRole(184)) - 7f29c796-0732-402f-b865-67033766dcba@group-C2BDBBDF155D: changes role from  FOLLOWER to FOLLOWER at term 90 for recognizeCandidate:c07977b7-c8ef-4f3c-80b1-66a07c6e3dcd
2019-10-17 20:28:33,992 [Thread-1592] INFO  impl.FollowerState (FollowerState.java:run(117)) - d81605c5-54b3-45a8-b5ae-2e8d8890cbef@group-C2BDBBDF155D-FollowerState was interrupted: java.lang.InterruptedException: sleep interrupted
2019-10-17 20:28:33,992 [grpc-default-executor-4] INFO  impl.RoleInfo (RoleInfo.java:updateAndGet(143)) - d81605c5-54b3-45a8-b5ae-2e8d8890cbef: start FollowerState
2019-10-17 20:28:33,993 [grpc-default-executor-2] INFO  impl.RoleInfo (RoleInfo.java:shutdownFollowerState(121)) - 7f29c796-0732-402f-b865-67033766dcba: shutdown FollowerState
2019-10-17 20:28:33,993 [grpc-default-executor-2] INFO  impl.RoleInfo (RoleInfo.java:updateAndGet(143)) - 7f29c796-0732-402f-b865-67033766dcba: start FollowerState
2019-10-17 20:28:33,993 [Thread-1593] INFO  impl.FollowerState (FollowerState.java:run(117)) - 7f29c796-0732-402f-b865-67033766dcba@group-C2BDBBDF155D-FollowerState was interrupted: java.lang.InterruptedException: sleep interrupted
2019-10-17 20:28:34,015 [c07977b7-c8ef-4f3c-80b1-66a07c6e3dcd@group-C2BDBBDF155D-LeaderElection122] INFO  impl.LeaderElection (LeaderElection.java:logAndReturn(56)) - c07977b7-c8ef-4f3c-80b1-66a07c6e3dcd@group-C2BDBBDF155D-LeaderElection122: Election REJECTED; received 2 response(s) [c07977b7-c8ef-4f3c-80b1-66a07c6e3dcd<-d81605c5-54b3-45a8-b5ae-2e8d8890cbef#0:FAIL-t90, c07977b7-c8ef-4f3c-80b1-66a07c6e3dcd<-7f29c796-0732-402f-b865-67033766dcba#0:FAIL-t90] and 0 exception(s); c07977b7-c8ef-4f3c-80b1-66a07c6e3dcd@group-C2BDBBDF155D:t90, leader=null, voted=c07977b7-c8ef-4f3c-80b1-66a07c6e3dcd, raftlog=c07977b7-c8ef-4f3c-80b1-66a07c6e3dcd@group-C2BDBBDF155D-SegmentedRaftLog:OPENED:c-1,f-1,i0, conf=-1: [d81605c5-54b3-45a8-b5ae-2e8d8890cbef:192.168.164.201:42755, 7f29c796-0732-402f-b865-67033766dcba:192.168.164.201:40704, c07977b7-c8ef-4f3c-80b1-66a07c6e3dcd:192.168.164.201:38664], old=null
2019-10-17 20:28:34,016 [c07977b7-c8ef-4f3c-80b1-66a07c6e3dcd@group-C2BDBBDF155D-LeaderElection122] INFO  impl.RaftServerImpl (RaftServerImpl.java:setRole(184)) - c07977b7-c8ef-4f3c-80b1-66a07c6e3dcd@group-C2BDBBDF155D: changes role from CANDIDATE to FOLLOWER at term 90 for DISCOVERED_A_NEW_TERM
2019-10-17 20:28:34,016 [c07977b7-c8ef-4f3c-80b1-66a07c6e3dcd@group-C2BDBBDF155D-LeaderElection122] INFO  impl.RoleInfo (RoleInfo.java:shutdownLeaderElection(134)) - c07977b7-c8ef-4f3c-80b1-66a07c6e3dcd: shutdown LeaderElection
2019-10-17 20:28:34,016 [c07977b7-c8ef-4f3c-80b1-66a07c6e3dcd@group-C2BDBBDF155D-LeaderElection122] INFO  impl.RoleInfo (RoleInfo.java:updateAndGet(143)) - c07977b7-c8ef-4f3c-80b1-66a07c6e3dcd: start FollowerState
2019-10-17 20:28:34,041 [Thread-1600] INFO  impl.FollowerState (FollowerState.java:run(108)) - c07977b7-c8ef-4f3c-80b1-66a07c6e3dcd@group-C2BDBBDF155D-FollowerState: change to CANDIDATE, lastRpcTime:24ms, electionTimeout:24ms
2019-10-17 20:28:34,041 [Thread-1600] INFO  impl.RoleInfo (RoleInfo.java:shutdownFollowerState(121)) - c07977b7-c8ef-4f3c-80b1-66a07c6e3dcd: shutdown FollowerState
2019-10-17 20:28:34,041 [Thread-1600] INFO  impl.RaftServerImpl (RaftServerImpl.java:setRole(184)) - c07977b7-c8ef-4f3c-80b1-66a07c6e3dcd@group-C2BDBBDF155D: changes role from  FOLLOWER to CANDIDATE at term 90 for changeToCandidate
2019-10-17 20:28:34,041 [Thread-1600] INFO  impl.RoleInfo (RoleInfo.java:updateAndGet(143)) - c07977b7-c8ef-4f3c-80b1-66a07c6e3dcd: start LeaderElection
2019-10-17 20:28:34,064 [c07977b7-c8ef-4f3c-80b1-66a07c6e3dcd@group-C2BDBBDF155D-LeaderElection123] INFO  impl.LeaderElection (LeaderElection.java:askForVotes(178)) - c07977b7-c8ef-4f3c-80b1-66a07c6e3dcd@group-C2BDBBDF155D-LeaderElection123: begin an election at term 91 for -1: [d81605c5-54b3-45a8-b5ae-2e8d8890cbef:192.168.164.201:42755, 7f29c796-0732-402f-b865-67033766dcba:192.168.164.201:40704, c07977b7-c8ef-4f3c-80b1-66a07c6e3dcd:192.168.164.201:38664], old=null
2019-10-17 20:28:34,067 [grpc-default-executor-2] INFO  impl.RaftServerImpl (RaftServerImpl.java:setRole(184)) - 7f29c796-0732-402f-b865-67033766dcba@group-C2BDBBDF155D: changes role from  FOLLOWER to FOLLOWER at term 91 for recognizeCandidate:c07977b7-c8ef-4f3c-80b1-66a07c6e3dcd
2019-10-17 20:28:34,067 [grpc-default-executor-4] INFO  impl.RaftServerImpl (RaftServerImpl.java:setRole(184)) - d81605c5-54b3-45a8-b5ae-2e8d8890cbef@group-C2BDBBDF155D: changes role from  FOLLOWER to FOLLOWER at term 91 for recognizeCandidate:c07977b7-c8ef-4f3c-80b1-66a07c6e3dcd
2019-10-17 20:28:34,068 [grpc-default-executor-2] INFO  impl.RoleInfo (RoleInfo.java:shutdownFollowerState(121)) - 7f29c796-0732-402f-b865-67033766dcba: shutdown FollowerState
2019-10-17 20:28:34,068 [grpc-default-executor-4] INFO  impl.RoleInfo (RoleInfo.java:shutdownFollowerState(121)) - d81605c5-54b3-45a8-b5ae-2e8d8890cbef: shutdown FollowerState
2019-10-17 20:28:34,068 [Thread-1599] INFO  impl.FollowerState (FollowerState.java:run(117)) - 7f29c796-0732-402f-b865-67033766dcba@group-C2BDBBDF155D-FollowerState was interrupted: java.lang.InterruptedException: sleep interrupted
2019-10-17 20:28:34,068 [Thread-1598] INFO  impl.FollowerState (FollowerState.java:run(117)) - d81605c5-54b3-45a8-b5ae-2e8d8890cbef@group-C2BDBBDF155D-FollowerState was interrupted: java.lang.InterruptedException: sleep interrupted
2019-10-17 20:28:34,068 [grpc-default-executor-2] INFO  impl.RoleInfo (RoleInfo.java:updateAndGet(143)) - 7f29c796-0732-402f-b865-67033766dcba: start FollowerState
2019-10-17 20:28:34,068 [grpc-default-executor-4] INFO  impl.RoleInfo (RoleInfo.java:updateAndGet(143)) - d81605c5-54b3-45a8-b5ae-2e8d8890cbef: start FollowerState
2019-10-17 20:28:34,099 [c07977b7-c8ef-4f3c-80b1-66a07c6e3dcd@group-C2BDBBDF155D-LeaderElection123] INFO  impl.LeaderElection (LeaderElection.java:logAndReturn(56)) - c07977b7-c8ef-4f3c-80b1-66a07c6e3dcd@group-C2BDBBDF155D-LeaderElection123: Election REJECTED; received 2 response(s) [c07977b7-c8ef-4f3c-80b1-66a07c6e3dcd<-d81605c5-54b3-45a8-b5ae-2e8d8890cbef#0:FAIL-t91, c07977b7-c8ef-4f3c-80b1-66a07c6e3dcd<-7f29c796-0732-402f-b865-67033766dcba#0:FAIL-t91] and 0 exception(s); c07977b7-c8ef-4f3c-80b1-66a07c6e3dcd@group-C2BDBBDF155D:t91, leader=null, voted=c07977b7-c8ef-4f3c-80b1-66a07c6e3dcd, raftlog=c07977b7-c8ef-4f3c-80b1-66a07c6e3dcd@group-C2BDBBDF155D-SegmentedRaftLog:OPENED:c-1,f-1,i0, conf=-1: [d81605c5-54b3-45a8-b5ae-2e8d8890cbef:192.168.164.201:42755, 7f29c796-0732-402f-b865-67033766dcba:192.168.164.201:40704, c07977b7-c8ef-4f3c-80b1-66a07c6e3dcd:192.168.164.201:38664], old=null
2019-10-17 20:28:34,100 [c07977b7-c8ef-4f3c-80b1-66a07c6e3dcd@group-C2BDBBDF155D-LeaderElection123] INFO  impl.RaftServerImpl (RaftServerImpl.java:setRole(184)) - c07977b7-c8ef-4f3c-80b1-66a07c6e3dcd@group-C2BDBBDF155D: changes role from CANDIDATE to FOLLOWER at term 91 for DISCOVERED_A_NEW_TERM
2019-10-17 20:28:34,100 [c07977b7-c8ef-4f3c-80b1-66a07c6e3dcd@group-C2BDBBDF155D-LeaderElection123] INFO  impl.RoleInfo (RoleInfo.java:shutdownLeaderElection(134)) - c07977b7-c8ef-4f3c-80b1-66a07c6e3dcd: shutdown LeaderElection
2019-10-17 20:28:34,100 [c07977b7-c8ef-4f3c-80b1-66a07c6e3dcd@group-C2BDBBDF155D-LeaderElection123] INFO  impl.RoleInfo (RoleInfo.java:updateAndGet(143)) - c07977b7-c8ef-4f3c-80b1-66a07c6e3dcd: start FollowerState
2019-10-17 20:28:34,237 [Thread-1606] INFO  impl.FollowerState (FollowerState.java:run(108)) - c07977b7-c8ef-4f3c-80b1-66a07c6e3dcd@group-C2BDBBDF155D-FollowerState: change to CANDIDATE, lastRpcTime:136ms, electionTimeout:136ms
2019-10-17 20:28:34,237 [Thread-1606] INFO  impl.RoleInfo (RoleInfo.java:shutdownFollowerState(121)) - c07977b7-c8ef-4f3c-80b1-66a07c6e3dcd: shutdown FollowerState
2019-10-17 20:28:34,237 [Thread-1606] INFO  impl.RaftServerImpl (RaftServerImpl.java:setRole(184)) - c07977b7-c8ef-4f3c-80b1-66a07c6e3dcd@group-C2BDBBDF155D: changes role from  FOLLOWER to CANDIDATE at term 91 for changeToCandidate
2019-10-17 20:28:34,237 [Thread-1606] INFO  impl.RoleInfo (RoleInfo.java:updateAndGet(143)) - c07977b7-c8ef-4f3c-80b1-66a07c6e3dcd: start LeaderElection
2019-10-17 20:28:34,265 [c07977b7-c8ef-4f3c-80b1-66a07c6e3dcd@group-C2BDBBDF155D-LeaderElection124] INFO  impl.LeaderElection (LeaderElection.java:askForVotes(178)) - c07977b7-c8ef-4f3c-80b1-66a07c6e3dcd@group-C2BDBBDF155D-LeaderElection124: begin an election at term 92 for -1: [d81605c5-54b3-45a8-b5ae-2e8d8890cbef:192.168.164.201:42755, 7f29c796-0732-402f-b865-67033766dcba:192.168.164.201:40704, c07977b7-c8ef-4f3c-80b1-66a07c6e3dcd:192.168.164.201:38664], old=null
2019-10-17 20:28:34,268 [grpc-default-executor-4] INFO  impl.RaftServerImpl (RaftServerImpl.java:setRole(184)) - 7f29c796-0732-402f-b865-67033766dcba@group-C2BDBBDF155D: changes role from  FOLLOWER to FOLLOWER at term 92 for recognizeCandidate:c07977b7-c8ef-4f3c-80b1-66a07c6e3dcd
2019-10-17 20:28:34,268 [grpc-default-executor-2] INFO  impl.RaftServerImpl (RaftServerImpl.java:setRole(184)) - d81605c5-54b3-45a8-b5ae-2e8d8890cbef@group-C2BDBBDF155D: changes role from  FOLLOWER to FOLLOWER at term 92 for recognizeCandidate:c07977b7-c8ef-4f3c-80b1-66a07c6e3dcd
2019-10-17 20:28:34,269 [grpc-default-executor-4] INFO  impl.RoleInfo (RoleInfo.java:shutdownFollowerState(121)) - 7f29c796-0732-402f-b865-67033766dcba: shutdown FollowerState
2019-10-17 20:28:34,269 [grpc-default-executor-2] INFO  impl.RoleInfo (RoleInfo.java:shutdownFollowerState(121)) - d81605c5-54b3-45a8-b5ae-2e8d8890cbef: shutdown FollowerState
2019-10-17 20:28:34,269 [Thread-1604] INFO  impl.FollowerState (FollowerState.java:run(117)) - 7f29c796-0732-402f-b865-67033766dcba@group-C2BDBBDF155D-FollowerState was interrupted: java.lang.InterruptedException: sleep interrupted
2019-10-17 20:28:34,269 [grpc-default-executor-4] INFO  impl.RoleInfo (RoleInfo.java:updateAndGet(143)) - 7f29c796-0732-402f-b865-67033766dcba: start FollowerState
2019-10-17 20:28:34,269 [Thread-1605] INFO  impl.FollowerState (FollowerState.java:run(117)) - d81605c5-54b3-45a8-b5ae-2e8d8890cbef@group-C2BDBBDF155D-FollowerState was interrupted: java.lang.InterruptedException: sleep interrupted
2019-10-17 20:28:34,269 [grpc-default-executor-2] INFO  impl.RoleInfo (RoleInfo.java:updateAndGet(143)) - d81605c5-54b3-45a8-b5ae-2e8d8890cbef: start FollowerState
2019-10-17 20:28:34,281 [c07977b7-c8ef-4f3c-80b1-66a07c6e3dcd@group-C2BDBBDF155D-LeaderElection124] INFO  impl.LeaderElection (LeaderElection.java:logAndReturn(56)) - c07977b7-c8ef-4f3c-80b1-66a07c6e3dcd@group-C2BDBBDF155D-LeaderElection124: Election TIMEOUT; received 0 response(s) [] and 0 exception(s); c07977b7-c8ef-4f3c-80b1-66a07c6e3dcd@group-C2BDBBDF155D:t92, leader=null, voted=c07977b7-c8ef-4f3c-80b1-66a07c6e3dcd, raftlog=c07977b7-c8ef-4f3c-80b1-66a07c6e3dcd@group-C2BDBBDF155D-SegmentedRaftLog:OPENED:c-1,f-1,i0, conf=-1: [d81605c5-54b3-45a8-b5ae-2e8d8890cbef:192.168.164.201:42755, 7f29c796-0732-402f-b865-67033766dcba:192.168.164.201:40704, c07977b7-c8ef-4f3c-80b1-66a07c6e3dcd:192.168.164.201:38664], old=null
2019-10-17 20:28:34,317 [c07977b7-c8ef-4f3c-80b1-66a07c6e3dcd@group-C2BDBBDF155D-LeaderElection124] INFO  impl.LeaderElection (LeaderElection.java:askForVotes(178)) - c07977b7-c8ef-4f3c-80b1-66a07c6e3dcd@group-C2BDBBDF155D-LeaderElection124: begin an election at term 93 for -1: [d81605c5-54b3-45a8-b5ae-2e8d8890cbef:192.168.164.201:42755, 7f29c796-0732-402f-b865-67033766dcba:192.168.164.201:40704, c07977b7-c8ef-4f3c-80b1-66a07c6e3dcd:192.168.164.201:38664], old=null
2019-10-17 20:28:34,319 [grpc-default-executor-2] INFO  impl.RaftServerImpl (RaftServerImpl.java:setRole(184)) - 7f29c796-0732-402f-b865-67033766dcba@group-C2BDBBDF155D: changes role from  FOLLOWER to FOLLOWER at term 93 for recognizeCandidate:c07977b7-c8ef-4f3c-80b1-66a07c6e3dcd
2019-10-17 20:28:34,319 [grpc-default-executor-4] INFO  impl.RaftServerImpl (RaftServerImpl.java:setRole(184)) - d81605c5-54b3-45a8-b5ae-2e8d8890cbef@group-C2BDBBDF155D: changes role from  FOLLOWER to FOLLOWER at term 93 for recognizeCandidate:c07977b7-c8ef-4f3c-80b1-66a07c6e3dcd
2019-10-17 20:28:34,319 [grpc-default-executor-2] INFO  impl.RoleInfo (RoleInfo.java:shutdownFollowerState(121)) - 7f29c796-0732-402f-b865-67033766dcba: shutdown FollowerState
2019-10-17 20:28:34,319 [grpc-default-executor-4] INFO  impl.RoleInfo (RoleInfo.java:shutdownFollowerState(121)) - d81605c5-54b3-45a8-b5ae-2e8d8890cbef: shutdown FollowerState
2019-10-17 20:28:34,319 [grpc-default-executor-2] INFO  impl.RoleInfo (RoleInfo.java:updateAndGet(143)) - 7f29c796-0732-402f-b865-67033766dcba: start FollowerState
2019-10-17 20:28:34,320 [Thread-1611] INFO  impl.FollowerState (FollowerState.java:run(117)) - d81605c5-54b3-45a8-b5ae-2e8d8890cbef@group-C2BDBBDF155D-FollowerState was interrupted: java.lang.InterruptedException: sleep interrupted
2019-10-17 20:28:34,320 [grpc-default-executor-4] INFO  impl.RoleInfo (RoleInfo.java:updateAndGet(143)) - d81605c5-54b3-45a8-b5ae-2e8d8890cbef: start FollowerState
2019-10-17 20:28:34,319 [Thread-1610] INFO  impl.FollowerState (FollowerState.java:run(117)) - 7f29c796-0732-402f-b865-67033766dcba@group-C2BDBBDF155D-FollowerState was interrupted: java.lang.InterruptedException: sleep interrupted
2019-10-17 20:28:34,343 [c07977b7-c8ef-4f3c-80b1-66a07c6e3dcd@group-C2BDBBDF155D-LeaderElection124] INFO  impl.LeaderElection (LeaderElection.java:logAndReturn(56)) - c07977b7-c8ef-4f3c-80b1-66a07c6e3dcd@group-C2BDBBDF155D-LeaderElection124: Election REJECTED; received 2 response(s) [c07977b7-c8ef-4f3c-80b1-66a07c6e3dcd<-d81605c5-54b3-45a8-b5ae-2e8d8890cbef#0:FAIL-t93, c07977b7-c8ef-4f3c-80b1-66a07c6e3dcd<-7f29c796-0732-402f-b865-67033766dcba#0:FAIL-t93] and 0 exception(s); c07977b7-c8ef-4f3c-80b1-66a07c6e3dcd@group-C2BDBBDF155D:t93, leader=null, voted=c07977b7-c8ef-4f3c-80b1-66a07c6e3dcd, raftlog=c07977b7-c8ef-4f3c-80b1-66a07c6e3dcd@group-C2BDBBDF155D-SegmentedRaftLog:OPENED:c-1,f-1,i0, conf=-1: [d81605c5-54b3-45a8-b5ae-2e8d8890cbef:192.168.164.201:42755, 7f29c796-0732-402f-b865-67033766dcba:192.168.164.201:40704, c07977b7-c8ef-4f3c-80b1-66a07c6e3dcd:192.168.164.201:38664], old=null
2019-10-17 20:28:34,343 [c07977b7-c8ef-4f3c-80b1-66a07c6e3dcd@group-C2BDBBDF155D-LeaderElection124] INFO  impl.RaftServerImpl (RaftServerImpl.java:setRole(184)) - c07977b7-c8ef-4f3c-80b1-66a07c6e3dcd@group-C2BDBBDF155D: changes role from CANDIDATE to FOLLOWER at term 93 for DISCOVERED_A_NEW_TERM
2019-10-17 20:28:34,343 [c07977b7-c8ef-4f3c-80b1-66a07c6e3dcd@group-C2BDBBDF155D-LeaderElection124] INFO  impl.RoleInfo (RoleInfo.java:shutdownLeaderElection(134)) - c07977b7-c8ef-4f3c-80b1-66a07c6e3dcd: shutdown LeaderElection
2019-10-17 20:28:34,343 [c07977b7-c8ef-4f3c-80b1-66a07c6e3dcd@group-C2BDBBDF155D-LeaderElection124] INFO  impl.RoleInfo (RoleInfo.java:updateAndGet(143)) - c07977b7-c8ef-4f3c-80b1-66a07c6e3dcd: start FollowerState
2019-10-17 20:28:34,419 [Thread-1616] INFO  impl.FollowerState (FollowerState.java:run(108)) - c07977b7-c8ef-4f3c-80b1-66a07c6e3dcd@group-C2BDBBDF155D-FollowerState: change to CANDIDATE, lastRpcTime:75ms, electionTimeout:75ms
2019-10-17 20:28:34,419 [Thread-1616] INFO  impl.RoleInfo (RoleInfo.java:shutdownFollowerState(121)) - c07977b7-c8ef-4f3c-80b1-66a07c6e3dcd: shutdown FollowerState
2019-10-17 20:28:34,419 [Thread-1616] INFO  impl.RaftServerImpl (RaftServerImpl.java:setRole(184)) - c07977b7-c8ef-4f3c-80b1-66a07c6e3dcd@group-C2BDBBDF155D: changes role from  FOLLOWER to CANDIDATE at term 93 for changeToCandidate
2019-10-17 20:28:34,419 [Thread-1616] INFO  impl.RoleInfo (RoleInfo.java:updateAndGet(143)) - c07977b7-c8ef-4f3c-80b1-66a07c6e3dcd: start LeaderElection
2019-10-17 20:28:34,442 [c07977b7-c8ef-4f3c-80b1-66a07c6e3dcd@group-C2BDBBDF155D-LeaderElection125] INFO  impl.LeaderElection (LeaderElection.java:askForVotes(178)) - c07977b7-c8ef-4f3c-80b1-66a07c6e3dcd@group-C2BDBBDF155D-LeaderElection125: begin an election at term 94 for -1: [d81605c5-54b3-45a8-b5ae-2e8d8890cbef:192.168.164.201:42755, 7f29c796-0732-402f-b865-67033766dcba:192.168.164.201:40704, c07977b7-c8ef-4f3c-80b1-66a07c6e3dcd:192.168.164.201:38664], old=null
2019-10-17 20:28:34,445 [grpc-default-executor-2] INFO  impl.RaftServerImpl (RaftServerImpl.java:setRole(184)) - 7f29c796-0732-402f-b865-67033766dcba@group-C2BDBBDF155D: changes role from  FOLLOWER to FOLLOWER at term 94 for recognizeCandidate:c07977b7-c8ef-4f3c-80b1-66a07c6e3dcd
2019-10-17 20:28:34,446 [grpc-default-executor-2] INFO  impl.RoleInfo (RoleInfo.java:shutdownFollowerState(121)) - 7f29c796-0732-402f-b865-67033766dcba: shutdown FollowerState
2019-10-17 20:28:34,445 [grpc-default-executor-4] INFO  impl.RaftServerImpl (RaftServerImpl.java:setRole(184)) - d81605c5-54b3-45a8-b5ae-2e8d8890cbef@group-C2BDBBDF155D: changes role from  FOLLOWER to FOLLOWER at term 94 for recognizeCandidate:c07977b7-c8ef-4f3c-80b1-66a07c6e3dcd
2019-10-17 20:28:34,446 [Thread-1614] INFO  impl.FollowerState (FollowerState.java:run(117)) - 7f29c796-0732-402f-b865-67033766dcba@group-C2BDBBDF155D-FollowerState was interrupted: java.lang.InterruptedException: sleep interrupted
2019-10-17 20:28:34,446 [grpc-default-executor-2] INFO  impl.RoleInfo (RoleInfo.java:updateAndGet(143)) - 7f29c796-0732-402f-b865-67033766dcba: start FollowerState
2019-10-17 20:28:34,446 [grpc-default-executor-4] INFO  impl.RoleInfo (RoleInfo.java:shutdownFollowerState(121)) - d81605c5-54b3-45a8-b5ae-2e8d8890cbef: shutdown FollowerState
2019-10-17 20:28:34,446 [grpc-default-executor-4] INFO  impl.RoleInfo (RoleInfo.java:updateAndGet(143)) - d81605c5-54b3-45a8-b5ae-2e8d8890cbef: start FollowerState
2019-10-17 20:28:34,446 [Thread-1615] INFO  impl.FollowerState (FollowerState.java:run(117)) - d81605c5-54b3-45a8-b5ae-2e8d8890cbef@group-C2BDBBDF155D-FollowerState was interrupted: java.lang.InterruptedException: sleep interrupted
2019-10-17 20:28:34,469 [c07977b7-c8ef-4f3c-80b1-66a07c6e3dcd@group-C2BDBBDF155D-LeaderElection125] INFO  impl.LeaderElection (LeaderElection.java:logAndReturn(56)) - c07977b7-c8ef-4f3c-80b1-66a07c6e3dcd@group-C2BDBBDF155D-LeaderElection125: Election REJECTED; received 2 response(s) [c07977b7-c8ef-4f3c-80b1-66a07c6e3dcd<-d81605c5-54b3-45a8-b5ae-2e8d8890cbef#0:FAIL-t94, c07977b7-c8ef-4f3c-80b1-66a07c6e3dcd<-7f29c796-0732-402f-b865-67033766dcba#0:FAIL-t94] and 0 exception(s); c07977b7-c8ef-4f3c-80b1-66a07c6e3dcd@group-C2BDBBDF155D:t94, leader=null, voted=c07977b7-c8ef-4f3c-80b1-66a07c6e3dcd, raftlog=c07977b7-c8ef-4f3c-80b1-66a07c6e3dcd@group-C2BDBBDF155D-SegmentedRaftLog:OPENED:c-1,f-1,i0, conf=-1: [d81605c5-54b3-45a8-b5ae-2e8d8890cbef:192.168.164.201:42755, 7f29c796-0732-402f-b865-67033766dcba:192.168.164.201:40704, c07977b7-c8ef-4f3c-80b1-66a07c6e3dcd:192.168.164.201:38664], old=null
2019-10-17 20:28:34,469 [c07977b7-c8ef-4f3c-80b1-66a07c6e3dcd@group-C2BDBBDF155D-LeaderElection125] INFO  impl.RaftServerImpl (RaftServerImpl.java:setRole(184)) - c07977b7-c8ef-4f3c-80b1-66a07c6e3dcd@group-C2BDBBDF155D: changes role from CANDIDATE to FOLLOWER at term 94 for DISCOVERED_A_NEW_TERM
2019-10-17 20:28:34,469 [c07977b7-c8ef-4f3c-80b1-66a07c6e3dcd@group-C2BDBBDF155D-LeaderElection125] INFO  impl.RoleInfo (RoleInfo.java:shutdownLeaderElection(134)) - c07977b7-c8ef-4f3c-80b1-66a07c6e3dcd: shutdown LeaderElection
2019-10-17 20:28:34,469 [c07977b7-c8ef-4f3c-80b1-66a07c6e3dcd@group-C2BDBBDF155D-LeaderElection125] INFO  impl.RoleInfo (RoleInfo.java:updateAndGet(143)) - c07977b7-c8ef-4f3c-80b1-66a07c6e3dcd: start FollowerState
2019-10-17 20:28:34,519 [Thread-1622] INFO  impl.FollowerState (FollowerState.java:run(108)) - c07977b7-c8ef-4f3c-80b1-66a07c6e3dcd@group-C2BDBBDF155D-FollowerState: change to CANDIDATE, lastRpcTime:49ms, electionTimeout:49ms
2019-10-17 20:28:34,519 [Thread-1622] INFO  impl.RoleInfo (RoleInfo.java:shutdownFollowerState(121)) - c07977b7-c8ef-4f3c-80b1-66a07c6e3dcd: shutdown FollowerState
2019-10-17 20:28:34,519 [Thread-1622] INFO  impl.RaftServerImpl (RaftServerImpl.java:setRole(184)) - c07977b7-c8ef-4f3c-80b1-66a07c6e3dcd@group-C2BDBBDF155D: changes role from  FOLLOWER to CANDIDATE at term 94 for changeToCandidate
2019-10-17 20:28:34,519 [Thread-1622] INFO  impl.RoleInfo (RoleInfo.java:updateAndGet(143)) - c07977b7-c8ef-4f3c-80b1-66a07c6e3dcd: start LeaderElection
2019-10-17 20:28:34,536 [Thread-754] INFO  ozone.MiniOzoneClusterImpl (MiniOzoneClusterImpl.java:lambda$waitForClusterToBeReady$2(164)) - Waiting for 1 number of pipelines out of 4, to report a leader.
2019-10-17 20:28:34,552 [c07977b7-c8ef-4f3c-80b1-66a07c6e3dcd@group-C2BDBBDF155D-LeaderElection126] INFO  impl.LeaderElection (LeaderElection.java:askForVotes(178)) - c07977b7-c8ef-4f3c-80b1-66a07c6e3dcd@group-C2BDBBDF155D-LeaderElection126: begin an election at term 95 for -1: [d81605c5-54b3-45a8-b5ae-2e8d8890cbef:192.168.164.201:42755, 7f29c796-0732-402f-b865-67033766dcba:192.168.164.201:40704, c07977b7-c8ef-4f3c-80b1-66a07c6e3dcd:192.168.164.201:38664], old=null
2019-10-17 20:28:34,554 [grpc-default-executor-4] INFO  impl.RaftServerImpl (RaftServerImpl.java:setRole(184)) - d81605c5-54b3-45a8-b5ae-2e8d8890cbef@group-C2BDBBDF155D: changes role from  FOLLOWER to FOLLOWER at term 95 for recognizeCandidate:c07977b7-c8ef-4f3c-80b1-66a07c6e3dcd
2019-10-17 20:28:34,554 [grpc-default-executor-2] INFO  impl.RaftServerImpl (RaftServerImpl.java:setRole(184)) - 7f29c796-0732-402f-b865-67033766dcba@group-C2BDBBDF155D: changes role from  FOLLOWER to FOLLOWER at term 95 for recognizeCandidate:c07977b7-c8ef-4f3c-80b1-66a07c6e3dcd
2019-10-17 20:28:34,555 [grpc-default-executor-2] INFO  impl.RoleInfo (RoleInfo.java:shutdownFollowerState(121)) - 7f29c796-0732-402f-b865-67033766dcba: shutdown FollowerState
2019-10-17 20:28:34,554 [grpc-default-executor-4] INFO  impl.RoleInfo (RoleInfo.java:shutdownFollowerState(121)) - d81605c5-54b3-45a8-b5ae-2e8d8890cbef: shutdown FollowerState
2019-10-17 20:28:34,555 [Thread-1620] INFO  impl.FollowerState (FollowerState.java:run(117)) - 7f29c796-0732-402f-b865-67033766dcba@group-C2BDBBDF155D-FollowerState was interrupted: java.lang.InterruptedException: sleep interrupted
2019-10-17 20:28:34,555 [Thread-1621] INFO  impl.FollowerState (FollowerState.java:run(117)) - d81605c5-54b3-45a8-b5ae-2e8d8890cbef@group-C2BDBBDF155D-FollowerState was interrupted: java.lang.InterruptedException: sleep interrupted
2019-10-17 20:28:34,555 [grpc-default-executor-2] INFO  impl.RoleInfo (RoleInfo.java:updateAndGet(143)) - 7f29c796-0732-402f-b865-67033766dcba: start FollowerState
2019-10-17 20:28:34,555 [grpc-default-executor-4] INFO  impl.RoleInfo (RoleInfo.java:updateAndGet(143)) - d81605c5-54b3-45a8-b5ae-2e8d8890cbef: start FollowerState
2019-10-17 20:28:34,578 [c07977b7-c8ef-4f3c-80b1-66a07c6e3dcd@group-C2BDBBDF155D-LeaderElection126] INFO  impl.LeaderElection (LeaderElection.java:logAndReturn(56)) - c07977b7-c8ef-4f3c-80b1-66a07c6e3dcd@group-C2BDBBDF155D-LeaderElection126: Election REJECTED; received 2 response(s) [c07977b7-c8ef-4f3c-80b1-66a07c6e3dcd<-d81605c5-54b3-45a8-b5ae-2e8d8890cbef#0:FAIL-t95, c07977b7-c8ef-4f3c-80b1-66a07c6e3dcd<-7f29c796-0732-402f-b865-67033766dcba#0:FAIL-t95] and 0 exception(s); c07977b7-c8ef-4f3c-80b1-66a07c6e3dcd@group-C2BDBBDF155D:t95, leader=null, voted=c07977b7-c8ef-4f3c-80b1-66a07c6e3dcd, raftlog=c07977b7-c8ef-4f3c-80b1-66a07c6e3dcd@group-C2BDBBDF155D-SegmentedRaftLog:OPENED:c-1,f-1,i0, conf=-1: [d81605c5-54b3-45a8-b5ae-2e8d8890cbef:192.168.164.201:42755, 7f29c796-0732-402f-b865-67033766dcba:192.168.164.201:40704, c07977b7-c8ef-4f3c-80b1-66a07c6e3dcd:192.168.164.201:38664], old=null
2019-10-17 20:28:34,578 [c07977b7-c8ef-4f3c-80b1-66a07c6e3dcd@group-C2BDBBDF155D-LeaderElection126] INFO  impl.RaftServerImpl (RaftServerImpl.java:setRole(184)) - c07977b7-c8ef-4f3c-80b1-66a07c6e3dcd@group-C2BDBBDF155D: changes role from CANDIDATE to FOLLOWER at term 95 for DISCOVERED_A_NEW_TERM
2019-10-17 20:28:34,578 [c07977b7-c8ef-4f3c-80b1-66a07c6e3dcd@group-C2BDBBDF155D-LeaderElection126] INFO  impl.RoleInfo (RoleInfo.java:shutdownLeaderElection(134)) - c07977b7-c8ef-4f3c-80b1-66a07c6e3dcd: shutdown LeaderElection
2019-10-17 20:28:34,578 [c07977b7-c8ef-4f3c-80b1-66a07c6e3dcd@group-C2BDBBDF155D-LeaderElection126] INFO  impl.RoleInfo (RoleInfo.java:updateAndGet(143)) - c07977b7-c8ef-4f3c-80b1-66a07c6e3dcd: start FollowerState
2019-10-17 20:28:34,731 [Thread-1628] INFO  impl.FollowerState (FollowerState.java:run(108)) - c07977b7-c8ef-4f3c-80b1-66a07c6e3dcd@group-C2BDBBDF155D-FollowerState: change to CANDIDATE, lastRpcTime:152ms, electionTimeout:152ms
2019-10-17 20:28:34,731 [Thread-1628] INFO  impl.RoleInfo (RoleInfo.java:shutdownFollowerState(121)) - c07977b7-c8ef-4f3c-80b1-66a07c6e3dcd: shutdown FollowerState
2019-10-17 20:28:34,731 [Thread-1628] INFO  impl.RaftServerImpl (RaftServerImpl.java:setRole(184)) - c07977b7-c8ef-4f3c-80b1-66a07c6e3dcd@group-C2BDBBDF155D: changes role from  FOLLOWER to CANDIDATE at term 95 for changeToCandidate
2019-10-17 20:28:34,732 [Thread-1628] INFO  impl.RoleInfo (RoleInfo.java:updateAndGet(143)) - c07977b7-c8ef-4f3c-80b1-66a07c6e3dcd: start LeaderElection
2019-10-17 20:28:34,761 [c07977b7-c8ef-4f3c-80b1-66a07c6e3dcd@group-C2BDBBDF155D-LeaderElection127] INFO  impl.LeaderElection (LeaderElection.java:askForVotes(178)) - c07977b7-c8ef-4f3c-80b1-66a07c6e3dcd@group-C2BDBBDF155D-LeaderElection127: begin an election at term 96 for -1: [d81605c5-54b3-45a8-b5ae-2e8d8890cbef:192.168.164.201:42755, 7f29c796-0732-402f-b865-67033766dcba:192.168.164.201:40704, c07977b7-c8ef-4f3c-80b1-66a07c6e3dcd:192.168.164.201:38664], old=null
2019-10-17 20:28:34,764 [grpc-default-executor-4] INFO  impl.RaftServerImpl (RaftServerImpl.java:setRole(184)) - d81605c5-54b3-45a8-b5ae-2e8d8890cbef@group-C2BDBBDF155D: changes role from  FOLLOWER to FOLLOWER at term 96 for recognizeCandidate:c07977b7-c8ef-4f3c-80b1-66a07c6e3dcd
2019-10-17 20:28:34,765 [grpc-default-executor-4] INFO  impl.RoleInfo (RoleInfo.java:shutdownFollowerState(121)) - d81605c5-54b3-45a8-b5ae-2e8d8890cbef: shutdown FollowerState
2019-10-17 20:28:34,765 [grpc-default-executor-2] INFO  impl.RaftServerImpl (RaftServerImpl.java:setRole(184)) - 7f29c796-0732-402f-b865-67033766dcba@group-C2BDBBDF155D: changes role from  FOLLOWER to FOLLOWER at term 96 for recognizeCandidate:c07977b7-c8ef-4f3c-80b1-66a07c6e3dcd
2019-10-17 20:28:34,765 [grpc-default-executor-2] INFO  impl.RoleInfo (RoleInfo.java:shutdownFollowerState(121)) - 7f29c796-0732-402f-b865-67033766dcba: shutdown FollowerState
2019-10-17 20:28:34,765 [Thread-1627] INFO  impl.FollowerState (FollowerState.java:run(117)) - d81605c5-54b3-45a8-b5ae-2e8d8890cbef@group-C2BDBBDF155D-FollowerState was interrupted: java.lang.InterruptedException: sleep interrupted
2019-10-17 20:28:34,765 [grpc-default-executor-4] INFO  impl.RoleInfo (RoleInfo.java:updateAndGet(143)) - d81605c5-54b3-45a8-b5ae-2e8d8890cbef: start FollowerState
2019-10-17 20:28:34,765 [Thread-1626] INFO  impl.FollowerState (FollowerState.java:run(117)) - 7f29c796-0732-402f-b865-67033766dcba@group-C2BDBBDF155D-FollowerState was interrupted: java.lang.InterruptedException: sleep interrupted
2019-10-17 20:28:34,765 [grpc-default-executor-2] INFO  impl.RoleInfo (RoleInfo.java:updateAndGet(143)) - 7f29c796-0732-402f-b865-67033766dcba: start FollowerState
2019-10-17 20:28:34,796 [c07977b7-c8ef-4f3c-80b1-66a07c6e3dcd@group-C2BDBBDF155D-LeaderElection127] INFO  impl.LeaderElection (LeaderElection.java:logAndReturn(56)) - c07977b7-c8ef-4f3c-80b1-66a07c6e3dcd@group-C2BDBBDF155D-LeaderElection127: Election REJECTED; received 2 response(s) [c07977b7-c8ef-4f3c-80b1-66a07c6e3dcd<-d81605c5-54b3-45a8-b5ae-2e8d8890cbef#0:FAIL-t96, c07977b7-c8ef-4f3c-80b1-66a07c6e3dcd<-7f29c796-0732-402f-b865-67033766dcba#0:FAIL-t96] and 0 exception(s); c07977b7-c8ef-4f3c-80b1-66a07c6e3dcd@group-C2BDBBDF155D:t96, leader=null, voted=c07977b7-c8ef-4f3c-80b1-66a07c6e3dcd, raftlog=c07977b7-c8ef-4f3c-80b1-66a07c6e3dcd@group-C2BDBBDF155D-SegmentedRaftLog:OPENED:c-1,f-1,i0, conf=-1: [d81605c5-54b3-45a8-b5ae-2e8d8890cbef:192.168.164.201:42755, 7f29c796-0732-402f-b865-67033766dcba:192.168.164.201:40704, c07977b7-c8ef-4f3c-80b1-66a07c6e3dcd:192.168.164.201:38664], old=null
2019-10-17 20:28:34,796 [c07977b7-c8ef-4f3c-80b1-66a07c6e3dcd@group-C2BDBBDF155D-LeaderElection127] INFO  impl.RaftServerImpl (RaftServerImpl.java:setRole(184)) - c07977b7-c8ef-4f3c-80b1-66a07c6e3dcd@group-C2BDBBDF155D: changes role from CANDIDATE to FOLLOWER at term 96 for DISCOVERED_A_NEW_TERM
2019-10-17 20:28:34,796 [c07977b7-c8ef-4f3c-80b1-66a07c6e3dcd@group-C2BDBBDF155D-LeaderElection127] INFO  impl.RoleInfo (RoleInfo.java:shutdownLeaderElection(134)) - c07977b7-c8ef-4f3c-80b1-66a07c6e3dcd: shutdown LeaderElection
2019-10-17 20:28:34,797 [c07977b7-c8ef-4f3c-80b1-66a07c6e3dcd@group-C2BDBBDF155D-LeaderElection127] INFO  impl.RoleInfo (RoleInfo.java:updateAndGet(143)) - c07977b7-c8ef-4f3c-80b1-66a07c6e3dcd: start FollowerState
2019-10-17 20:28:34,877 [Thread-1634] INFO  impl.FollowerState (FollowerState.java:run(108)) - c07977b7-c8ef-4f3c-80b1-66a07c6e3dcd@group-C2BDBBDF155D-FollowerState: change to CANDIDATE, lastRpcTime:80ms, electionTimeout:80ms
2019-10-17 20:28:34,877 [Thread-1634] INFO  impl.RoleInfo (RoleInfo.java:shutdownFollowerState(121)) - c07977b7-c8ef-4f3c-80b1-66a07c6e3dcd: shutdown FollowerState
2019-10-17 20:28:34,878 [Thread-1634] INFO  impl.RaftServerImpl (RaftServerImpl.java:setRole(184)) - c07977b7-c8ef-4f3c-80b1-66a07c6e3dcd@group-C2BDBBDF155D: changes role from  FOLLOWER to CANDIDATE at term 96 for changeToCandidate
2019-10-17 20:28:34,878 [Thread-1634] INFO  impl.RoleInfo (RoleInfo.java:updateAndGet(143)) - c07977b7-c8ef-4f3c-80b1-66a07c6e3dcd: start LeaderElection
2019-10-17 20:28:34,903 [c07977b7-c8ef-4f3c-80b1-66a07c6e3dcd@group-C2BDBBDF155D-LeaderElection128] INFO  impl.LeaderElection (LeaderElection.java:askForVotes(178)) - c07977b7-c8ef-4f3c-80b1-66a07c6e3dcd@group-C2BDBBDF155D-LeaderElection128: begin an election at term 97 for -1: [d81605c5-54b3-45a8-b5ae-2e8d8890cbef:192.168.164.201:42755, 7f29c796-0732-402f-b865-67033766dcba:192.168.164.201:40704, c07977b7-c8ef-4f3c-80b1-66a07c6e3dcd:192.168.164.201:38664], old=null
2019-10-17 20:28:34,907 [grpc-default-executor-4] INFO  impl.RaftServerImpl (RaftServerImpl.java:setRole(184)) - d81605c5-54b3-45a8-b5ae-2e8d8890cbef@group-C2BDBBDF155D: changes role from  FOLLOWER to FOLLOWER at term 97 for recognizeCandidate:c07977b7-c8ef-4f3c-80b1-66a07c6e3dcd
2019-10-17 20:28:34,907 [grpc-default-executor-4] INFO  impl.RoleInfo (RoleInfo.java:shutdownFollowerState(121)) - d81605c5-54b3-45a8-b5ae-2e8d8890cbef: shutdown FollowerState
2019-10-17 20:28:34,907 [grpc-default-executor-2] INFO  impl.RaftServerImpl (RaftServerImpl.java:setRole(184)) - 7f29c796-0732-402f-b865-67033766dcba@group-C2BDBBDF155D: changes role from  FOLLOWER to FOLLOWER at term 97 for recognizeCandidate:c07977b7-c8ef-4f3c-80b1-66a07c6e3dcd
2019-10-17 20:28:34,908 [grpc-default-executor-2] INFO  impl.RoleInfo (RoleInfo.java:shutdownFollowerState(121)) - 7f29c796-0732-402f-b865-67033766dcba: shutdown FollowerState
2019-10-17 20:28:34,907 [grpc-default-executor-4] INFO  impl.RoleInfo (RoleInfo.java:updateAndGet(143)) - d81605c5-54b3-45a8-b5ae-2e8d8890cbef: start FollowerState
2019-10-17 20:28:34,907 [Thread-1632] INFO  impl.FollowerState (FollowerState.java:run(117)) - d81605c5-54b3-45a8-b5ae-2e8d8890cbef@group-C2BDBBDF155D-FollowerState was interrupted: java.lang.InterruptedException: sleep interrupted
2019-10-17 20:28:34,908 [Thread-1633] INFO  impl.FollowerState (FollowerState.java:run(117)) - 7f29c796-0732-402f-b865-67033766dcba@group-C2BDBBDF155D-FollowerState was interrupted: java.lang.InterruptedException: sleep interrupted
2019-10-17 20:28:34,908 [grpc-default-executor-2] INFO  impl.RoleInfo (RoleInfo.java:updateAndGet(143)) - 7f29c796-0732-402f-b865-67033766dcba: start FollowerState
2019-10-17 20:28:34,938 [c07977b7-c8ef-4f3c-80b1-66a07c6e3dcd@group-C2BDBBDF155D-LeaderElection128] INFO  impl.LeaderElection (LeaderElection.java:logAndReturn(56)) - c07977b7-c8ef-4f3c-80b1-66a07c6e3dcd@group-C2BDBBDF155D-LeaderElection128: Election REJECTED; received 2 response(s) [c07977b7-c8ef-4f3c-80b1-66a07c6e3dcd<-d81605c5-54b3-45a8-b5ae-2e8d8890cbef#0:FAIL-t97, c07977b7-c8ef-4f3c-80b1-66a07c6e3dcd<-7f29c796-0732-402f-b865-67033766dcba#0:FAIL-t97] and 0 exception(s); c07977b7-c8ef-4f3c-80b1-66a07c6e3dcd@group-C2BDBBDF155D:t97, leader=null, voted=c07977b7-c8ef-4f3c-80b1-66a07c6e3dcd, raftlog=c07977b7-c8ef-4f3c-80b1-66a07c6e3dcd@group-C2BDBBDF155D-SegmentedRaftLog:OPENED:c-1,f-1,i0, conf=-1: [d81605c5-54b3-45a8-b5ae-2e8d8890cbef:192.168.164.201:42755, 7f29c796-0732-402f-b865-67033766dcba:192.168.164.201:40704, c07977b7-c8ef-4f3c-80b1-66a07c6e3dcd:192.168.164.201:38664], old=null
2019-10-17 20:28:34,938 [c07977b7-c8ef-4f3c-80b1-66a07c6e3dcd@group-C2BDBBDF155D-LeaderElection128] INFO  impl.RaftServerImpl (RaftServerImpl.java:setRole(184)) - c07977b7-c8ef-4f3c-80b1-66a07c6e3dcd@group-C2BDBBDF155D: changes role from CANDIDATE to FOLLOWER at term 97 for DISCOVERED_A_NEW_TERM
2019-10-17 20:28:34,938 [c07977b7-c8ef-4f3c-80b1-66a07c6e3dcd@group-C2BDBBDF155D-LeaderElection128] INFO  impl.RoleInfo (RoleInfo.java:shutdownLeaderElection(134)) - c07977b7-c8ef-4f3c-80b1-66a07c6e3dcd: shutdown LeaderElection
2019-10-17 20:28:34,939 [c07977b7-c8ef-4f3c-80b1-66a07c6e3dcd@group-C2BDBBDF155D-LeaderElection128] INFO  impl.RoleInfo (RoleInfo.java:updateAndGet(143)) - c07977b7-c8ef-4f3c-80b1-66a07c6e3dcd: start FollowerState
2019-10-17 20:28:35,016 [Thread-1640] INFO  impl.FollowerState (FollowerState.java:run(108)) - c07977b7-c8ef-4f3c-80b1-66a07c6e3dcd@group-C2BDBBDF155D-FollowerState: change to CANDIDATE, lastRpcTime:77ms, electionTimeout:77ms
2019-10-17 20:28:35,016 [Thread-1640] INFO  impl.RoleInfo (RoleInfo.java:shutdownFollowerState(121)) - c07977b7-c8ef-4f3c-80b1-66a07c6e3dcd: shutdown FollowerState
2019-10-17 20:28:35,017 [Thread-1640] INFO  impl.RaftServerImpl (RaftServerImpl.java:setRole(184)) - c07977b7-c8ef-4f3c-80b1-66a07c6e3dcd@group-C2BDBBDF155D: changes role from  FOLLOWER to CANDIDATE at term 97 for changeToCandidate
2019-10-17 20:28:35,017 [Thread-1640] INFO  impl.RoleInfo (RoleInfo.java:updateAndGet(143)) - c07977b7-c8ef-4f3c-80b1-66a07c6e3dcd: start LeaderElection
2019-10-17 20:28:35,045 [c07977b7-c8ef-4f3c-80b1-66a07c6e3dcd@group-C2BDBBDF155D-LeaderElection129] INFO  impl.LeaderElection (LeaderElection.java:askForVotes(178)) - c07977b7-c8ef-4f3c-80b1-66a07c6e3dcd@group-C2BDBBDF155D-LeaderElection129: begin an election at term 98 for -1: [d81605c5-54b3-45a8-b5ae-2e8d8890cbef:192.168.164.201:42755, 7f29c796-0732-402f-b865-67033766dcba:192.168.164.201:40704, c07977b7-c8ef-4f3c-80b1-66a07c6e3dcd:192.168.164.201:38664], old=null
2019-10-17 20:28:35,046 [c07977b7-c8ef-4f3c-80b1-66a07c6e3dcd@group-C2BDBBDF155D-LeaderElection129] INFO  impl.LeaderElection (LeaderElection.java:logAndReturn(56)) - c07977b7-c8ef-4f3c-80b1-66a07c6e3dcd@group-C2BDBBDF155D-LeaderElection129: Election TIMEOUT; received 0 response(s) [] and 0 exception(s); c07977b7-c8ef-4f3c-80b1-66a07c6e3dcd@group-C2BDBBDF155D:t98, leader=null, voted=c07977b7-c8ef-4f3c-80b1-66a07c6e3dcd, raftlog=c07977b7-c8ef-4f3c-80b1-66a07c6e3dcd@group-C2BDBBDF155D-SegmentedRaftLog:OPENED:c-1,f-1,i0, conf=-1: [d81605c5-54b3-45a8-b5ae-2e8d8890cbef:192.168.164.201:42755, 7f29c796-0732-402f-b865-67033766dcba:192.168.164.201:40704, c07977b7-c8ef-4f3c-80b1-66a07c6e3dcd:192.168.164.201:38664], old=null
2019-10-17 20:28:35,048 [grpc-default-executor-4] INFO  impl.RaftServerImpl (RaftServerImpl.java:setRole(184)) - 7f29c796-0732-402f-b865-67033766dcba@group-C2BDBBDF155D: changes role from  FOLLOWER to FOLLOWER at term 98 for recognizeCandidate:c07977b7-c8ef-4f3c-80b1-66a07c6e3dcd
2019-10-17 20:28:35,048 [grpc-default-executor-4] INFO  impl.RoleInfo (RoleInfo.java:shutdownFollowerState(121)) - 7f29c796-0732-402f-b865-67033766dcba: shutdown FollowerState
2019-10-17 20:28:35,048 [grpc-default-executor-2] INFO  impl.RaftServerImpl (RaftServerImpl.java:setRole(184)) - d81605c5-54b3-45a8-b5ae-2e8d8890cbef@group-C2BDBBDF155D: changes role from  FOLLOWER to FOLLOWER at term 98 for recognizeCandidate:c07977b7-c8ef-4f3c-80b1-66a07c6e3dcd
2019-10-17 20:28:35,049 [grpc-default-executor-2] INFO  impl.RoleInfo (RoleInfo.java:shutdownFollowerState(121)) - d81605c5-54b3-45a8-b5ae-2e8d8890cbef: shutdown FollowerState
2019-10-17 20:28:35,049 [Thread-1639] INFO  impl.FollowerState (FollowerState.java:run(117)) - 7f29c796-0732-402f-b865-67033766dcba@group-C2BDBBDF155D-FollowerState was interrupted: java.lang.InterruptedException: sleep interrupted
2019-10-17 20:28:35,048 [grpc-default-executor-4] INFO  impl.RoleInfo (RoleInfo.java:updateAndGet(143)) - 7f29c796-0732-402f-b865-67033766dcba: start FollowerState
2019-10-17 20:28:35,049 [Thread-1638] INFO  impl.FollowerState (FollowerState.java:run(117)) - d81605c5-54b3-45a8-b5ae-2e8d8890cbef@group-C2BDBBDF155D-FollowerState was interrupted: java.lang.InterruptedException: sleep interrupted
2019-10-17 20:28:35,049 [grpc-default-executor-2] INFO  impl.RoleInfo (RoleInfo.java:updateAndGet(143)) - d81605c5-54b3-45a8-b5ae-2e8d8890cbef: start FollowerState
2019-10-17 20:28:35,071 [c07977b7-c8ef-4f3c-80b1-66a07c6e3dcd@group-C2BDBBDF155D-LeaderElection129] INFO  impl.LeaderElection (LeaderElection.java:askForVotes(178)) - c07977b7-c8ef-4f3c-80b1-66a07c6e3dcd@group-C2BDBBDF155D-LeaderElection129: begin an election at term 99 for -1: [d81605c5-54b3-45a8-b5ae-2e8d8890cbef:192.168.164.201:42755, 7f29c796-0732-402f-b865-67033766dcba:192.168.164.201:40704, c07977b7-c8ef-4f3c-80b1-66a07c6e3dcd:192.168.164.201:38664], old=null
2019-10-17 20:28:35,073 [grpc-default-executor-2] INFO  impl.RaftServerImpl (RaftServerImpl.java:setRole(184)) - d81605c5-54b3-45a8-b5ae-2e8d8890cbef@group-C2BDBBDF155D: changes role from  FOLLOWER to FOLLOWER at term 99 for recognizeCandidate:c07977b7-c8ef-4f3c-80b1-66a07c6e3dcd
2019-10-17 20:28:35,073 [grpc-default-executor-2] INFO  impl.RoleInfo (RoleInfo.java:shutdownFollowerState(121)) - d81605c5-54b3-45a8-b5ae-2e8d8890cbef: shutdown FollowerState
2019-10-17 20:28:35,073 [grpc-default-executor-4] INFO  impl.RaftServerImpl (RaftServerImpl.java:setRole(184)) - 7f29c796-0732-402f-b865-67033766dcba@group-C2BDBBDF155D: changes role from  FOLLOWER to FOLLOWER at term 99 for recognizeCandidate:c07977b7-c8ef-4f3c-80b1-66a07c6e3dcd
2019-10-17 20:28:35,073 [Thread-1645] INFO  impl.FollowerState (FollowerState.java:run(117)) - d81605c5-54b3-45a8-b5ae-2e8d8890cbef@group-C2BDBBDF155D-FollowerState was interrupted: java.lang.InterruptedException: sleep interrupted
2019-10-17 20:28:35,073 [grpc-default-executor-2] INFO  impl.RoleInfo (RoleInfo.java:updateAndGet(143)) - d81605c5-54b3-45a8-b5ae-2e8d8890cbef: start FollowerState
2019-10-17 20:28:35,073 [grpc-default-executor-4] INFO  impl.RoleInfo (RoleInfo.java:shutdownFollowerState(121)) - 7f29c796-0732-402f-b865-67033766dcba: shutdown FollowerState
2019-10-17 20:28:35,074 [grpc-default-executor-4] INFO  impl.RoleInfo (RoleInfo.java:updateAndGet(143)) - 7f29c796-0732-402f-b865-67033766dcba: start FollowerState
2019-10-17 20:28:35,074 [Thread-1644] INFO  impl.FollowerState (FollowerState.java:run(117)) - 7f29c796-0732-402f-b865-67033766dcba@group-C2BDBBDF155D-FollowerState was interrupted: java.lang.InterruptedException: sleep interrupted
2019-10-17 20:28:35,097 [c07977b7-c8ef-4f3c-80b1-66a07c6e3dcd@group-C2BDBBDF155D-LeaderElection129] INFO  impl.LeaderElection (LeaderElection.java:logAndReturn(56)) - c07977b7-c8ef-4f3c-80b1-66a07c6e3dcd@group-C2BDBBDF155D-LeaderElection129: Election REJECTED; received 2 response(s) [c07977b7-c8ef-4f3c-80b1-66a07c6e3dcd<-d81605c5-54b3-45a8-b5ae-2e8d8890cbef#0:FAIL-t99, c07977b7-c8ef-4f3c-80b1-66a07c6e3dcd<-7f29c796-0732-402f-b865-67033766dcba#0:FAIL-t99] and 0 exception(s); c07977b7-c8ef-4f3c-80b1-66a07c6e3dcd@group-C2BDBBDF155D:t99, leader=null, voted=c07977b7-c8ef-4f3c-80b1-66a07c6e3dcd, raftlog=c07977b7-c8ef-4f3c-80b1-66a07c6e3dcd@group-C2BDBBDF155D-SegmentedRaftLog:OPENED:c-1,f-1,i0, conf=-1: [d81605c5-54b3-45a8-b5ae-2e8d8890cbef:192.168.164.201:42755, 7f29c796-0732-402f-b865-67033766dcba:192.168.164.201:40704, c07977b7-c8ef-4f3c-80b1-66a07c6e3dcd:192.168.164.201:38664], old=null
2019-10-17 20:28:35,098 [c07977b7-c8ef-4f3c-80b1-66a07c6e3dcd@group-C2BDBBDF155D-LeaderElection129] INFO  impl.RaftServerImpl (RaftServerImpl.java:setRole(184)) - c07977b7-c8ef-4f3c-80b1-66a07c6e3dcd@group-C2BDBBDF155D: changes role from CANDIDATE to FOLLOWER at term 99 for DISCOVERED_A_NEW_TERM
2019-10-17 20:28:35,098 [c07977b7-c8ef-4f3c-80b1-66a07c6e3dcd@group-C2BDBBDF155D-LeaderElection129] INFO  impl.RoleInfo (RoleInfo.java:shutdownLeaderElection(134)) - c07977b7-c8ef-4f3c-80b1-66a07c6e3dcd: shutdown LeaderElection
2019-10-17 20:28:35,098 [c07977b7-c8ef-4f3c-80b1-66a07c6e3dcd@group-C2BDBBDF155D-LeaderElection129] INFO  impl.RoleInfo (RoleInfo.java:updateAndGet(143)) - c07977b7-c8ef-4f3c-80b1-66a07c6e3dcd: start FollowerState
2019-10-17 20:28:35,294 [Thread-1650] INFO  impl.FollowerState (FollowerState.java:run(108)) - c07977b7-c8ef-4f3c-80b1-66a07c6e3dcd@group-C2BDBBDF155D-FollowerState: change to CANDIDATE, lastRpcTime:196ms, electionTimeout:196ms
2019-10-17 20:28:35,295 [Thread-1650] INFO  impl.RoleInfo (RoleInfo.java:shutdownFollowerState(121)) - c07977b7-c8ef-4f3c-80b1-66a07c6e3dcd: shutdown FollowerState
2019-10-17 20:28:35,295 [Thread-1650] INFO  impl.RaftServerImpl (RaftServerImpl.java:setRole(184)) - c07977b7-c8ef-4f3c-80b1-66a07c6e3dcd@group-C2BDBBDF155D: changes role from  FOLLOWER to CANDIDATE at term 99 for changeToCandidate
2019-10-17 20:28:35,295 [Thread-1650] INFO  impl.RoleInfo (RoleInfo.java:updateAndGet(143)) - c07977b7-c8ef-4f3c-80b1-66a07c6e3dcd: start LeaderElection
2019-10-17 20:28:35,321 [c07977b7-c8ef-4f3c-80b1-66a07c6e3dcd@group-C2BDBBDF155D-LeaderElection130] INFO  impl.LeaderElection (LeaderElection.java:askForVotes(178)) - c07977b7-c8ef-4f3c-80b1-66a07c6e3dcd@group-C2BDBBDF155D-LeaderElection130: begin an election at term 100 for -1: [d81605c5-54b3-45a8-b5ae-2e8d8890cbef:192.168.164.201:42755, 7f29c796-0732-402f-b865-67033766dcba:192.168.164.201:40704, c07977b7-c8ef-4f3c-80b1-66a07c6e3dcd:192.168.164.201:38664], old=null
2019-10-17 20:28:35,324 [grpc-default-executor-4] INFO  impl.RaftServerImpl (RaftServerImpl.java:setRole(184)) - d81605c5-54b3-45a8-b5ae-2e8d8890cbef@group-C2BDBBDF155D: changes role from  FOLLOWER to FOLLOWER at term 100 for recognizeCandidate:c07977b7-c8ef-4f3c-80b1-66a07c6e3dcd
2019-10-17 20:28:35,324 [grpc-default-executor-4] INFO  impl.RoleInfo (RoleInfo.java:shutdownFollowerState(121)) - d81605c5-54b3-45a8-b5ae-2e8d8890cbef: shutdown FollowerState
2019-10-17 20:28:35,324 [grpc-default-executor-4] INFO  impl.RoleInfo (RoleInfo.java:updateAndGet(143)) - d81605c5-54b3-45a8-b5ae-2e8d8890cbef: start FollowerState
2019-10-17 20:28:35,324 [Thread-1648] INFO  impl.FollowerState (FollowerState.java:run(117)) - d81605c5-54b3-45a8-b5ae-2e8d8890cbef@group-C2BDBBDF155D-FollowerState was interrupted: java.lang.InterruptedException: sleep interrupted
2019-10-17 20:28:35,325 [grpc-default-executor-2] INFO  impl.RaftServerImpl (RaftServerImpl.java:setRole(184)) - 7f29c796-0732-402f-b865-67033766dcba@group-C2BDBBDF155D: changes role from  FOLLOWER to FOLLOWER at term 100 for recognizeCandidate:c07977b7-c8ef-4f3c-80b1-66a07c6e3dcd
2019-10-17 20:28:35,325 [grpc-default-executor-2] INFO  impl.RoleInfo (RoleInfo.java:shutdownFollowerState(121)) - 7f29c796-0732-402f-b865-67033766dcba: shutdown FollowerState
2019-10-17 20:28:35,325 [grpc-default-executor-2] INFO  impl.RoleInfo (RoleInfo.java:updateAndGet(143)) - 7f29c796-0732-402f-b865-67033766dcba: start FollowerState
2019-10-17 20:28:35,325 [Thread-1649] INFO  impl.FollowerState (FollowerState.java:run(117)) - 7f29c796-0732-402f-b865-67033766dcba@group-C2BDBBDF155D-FollowerState was interrupted: java.lang.InterruptedException: sleep interrupted
2019-10-17 20:28:35,348 [c07977b7-c8ef-4f3c-80b1-66a07c6e3dcd@group-C2BDBBDF155D-LeaderElection130] INFO  impl.LeaderElection (LeaderElection.java:logAndReturn(56)) - c07977b7-c8ef-4f3c-80b1-66a07c6e3dcd@group-C2BDBBDF155D-LeaderElection130: Election REJECTED; received 2 response(s) [c07977b7-c8ef-4f3c-80b1-66a07c6e3dcd<-d81605c5-54b3-45a8-b5ae-2e8d8890cbef#0:FAIL-t100, c07977b7-c8ef-4f3c-80b1-66a07c6e3dcd<-7f29c796-0732-402f-b865-67033766dcba#0:FAIL-t100] and 0 exception(s); c07977b7-c8ef-4f3c-80b1-66a07c6e3dcd@group-C2BDBBDF155D:t100, leader=null, voted=c07977b7-c8ef-4f3c-80b1-66a07c6e3dcd, raftlog=c07977b7-c8ef-4f3c-80b1-66a07c6e3dcd@group-C2BDBBDF155D-SegmentedRaftLog:OPENED:c-1,f-1,i0, conf=-1: [d81605c5-54b3-45a8-b5ae-2e8d8890cbef:192.168.164.201:42755, 7f29c796-0732-402f-b865-67033766dcba:192.168.164.201:40704, c07977b7-c8ef-4f3c-80b1-66a07c6e3dcd:192.168.164.201:38664], old=null
2019-10-17 20:28:35,348 [c07977b7-c8ef-4f3c-80b1-66a07c6e3dcd@group-C2BDBBDF155D-LeaderElection130] INFO  impl.RaftServerImpl (RaftServerImpl.java:setRole(184)) - c07977b7-c8ef-4f3c-80b1-66a07c6e3dcd@group-C2BDBBDF155D: changes role from CANDIDATE to FOLLOWER at term 100 for DISCOVERED_A_NEW_TERM
2019-10-17 20:28:35,348 [c07977b7-c8ef-4f3c-80b1-66a07c6e3dcd@group-C2BDBBDF155D-LeaderElection130] INFO  impl.RoleInfo (RoleInfo.java:shutdownLeaderElection(134)) - c07977b7-c8ef-4f3c-80b1-66a07c6e3dcd: shutdown LeaderElection
2019-10-17 20:28:35,348 [c07977b7-c8ef-4f3c-80b1-66a07c6e3dcd@group-C2BDBBDF155D-LeaderElection130] INFO  impl.RoleInfo (RoleInfo.java:updateAndGet(143)) - c07977b7-c8ef-4f3c-80b1-66a07c6e3dcd: start FollowerState
2019-10-17 20:28:35,424 [Thread-1656] INFO  impl.FollowerState (FollowerState.java:run(108)) - c07977b7-c8ef-4f3c-80b1-66a07c6e3dcd@group-C2BDBBDF155D-FollowerState: change to CANDIDATE, lastRpcTime:76ms, electionTimeout:76ms
2019-10-17 20:28:35,425 [Thread-1656] INFO  impl.RoleInfo (RoleInfo.java:shutdownFollowerState(121)) - c07977b7-c8ef-4f3c-80b1-66a07c6e3dcd: shutdown FollowerState
2019-10-17 20:28:35,425 [Thread-1656] INFO  impl.RaftServerImpl (RaftServerImpl.java:setRole(184)) - c07977b7-c8ef-4f3c-80b1-66a07c6e3dcd@group-C2BDBBDF155D: changes role from  FOLLOWER to CANDIDATE at term 100 for changeToCandidate
2019-10-17 20:28:35,425 [Thread-1656] INFO  impl.RoleInfo (RoleInfo.java:updateAndGet(143)) - c07977b7-c8ef-4f3c-80b1-66a07c6e3dcd: start LeaderElection
2019-10-17 20:28:35,455 [c07977b7-c8ef-4f3c-80b1-66a07c6e3dcd@group-C2BDBBDF155D-LeaderElection131] INFO  impl.LeaderElection (LeaderElection.java:askForVotes(178)) - c07977b7-c8ef-4f3c-80b1-66a07c6e3dcd@group-C2BDBBDF155D-LeaderElection131: begin an election at term 101 for -1: [d81605c5-54b3-45a8-b5ae-2e8d8890cbef:192.168.164.201:42755, 7f29c796-0732-402f-b865-67033766dcba:192.168.164.201:40704, c07977b7-c8ef-4f3c-80b1-66a07c6e3dcd:192.168.164.201:38664], old=null
2019-10-17 20:28:35,458 [grpc-default-executor-2] INFO  impl.RaftServerImpl (RaftServerImpl.java:setRole(184)) - 7f29c796-0732-402f-b865-67033766dcba@group-C2BDBBDF155D: changes role from  FOLLOWER to FOLLOWER at term 101 for recognizeCandidate:c07977b7-c8ef-4f3c-80b1-66a07c6e3dcd
2019-10-17 20:28:35,458 [grpc-default-executor-2] INFO  impl.RoleInfo (RoleInfo.java:shutdownFollowerState(121)) - 7f29c796-0732-402f-b865-67033766dcba: shutdown FollowerState
2019-10-17 20:28:35,458 [grpc-default-executor-2] INFO  impl.RoleInfo (RoleInfo.java:updateAndGet(143)) - 7f29c796-0732-402f-b865-67033766dcba: start FollowerState
2019-10-17 20:28:35,458 [Thread-1655] INFO  impl.FollowerState (FollowerState.java:run(117)) - 7f29c796-0732-402f-b865-67033766dcba@group-C2BDBBDF155D-FollowerState was interrupted: java.lang.InterruptedException: sleep interrupted
2019-10-17 20:28:35,459 [grpc-default-executor-4] INFO  impl.RaftServerImpl (RaftServerImpl.java:setRole(184)) - d81605c5-54b3-45a8-b5ae-2e8d8890cbef@group-C2BDBBDF155D: changes role from  FOLLOWER to FOLLOWER at term 101 for recognizeCandidate:c07977b7-c8ef-4f3c-80b1-66a07c6e3dcd
2019-10-17 20:28:35,459 [grpc-default-executor-4] INFO  impl.RoleInfo (RoleInfo.java:shutdownFollowerState(121)) - d81605c5-54b3-45a8-b5ae-2e8d8890cbef: shutdown FollowerState
2019-10-17 20:28:35,459 [grpc-default-executor-4] INFO  impl.RoleInfo (RoleInfo.java:updateAndGet(143)) - d81605c5-54b3-45a8-b5ae-2e8d8890cbef: start FollowerState
2019-10-17 20:28:35,459 [Thread-1654] INFO  impl.FollowerState (FollowerState.java:run(117)) - d81605c5-54b3-45a8-b5ae-2e8d8890cbef@group-C2BDBBDF155D-FollowerState was interrupted: java.lang.InterruptedException: sleep interrupted
2019-10-17 20:28:35,482 [c07977b7-c8ef-4f3c-80b1-66a07c6e3dcd@group-C2BDBBDF155D-LeaderElection131] INFO  impl.LeaderElection (LeaderElection.java:logAndReturn(56)) - c07977b7-c8ef-4f3c-80b1-66a07c6e3dcd@group-C2BDBBDF155D-LeaderElection131: Election REJECTED; received 2 response(s) [c07977b7-c8ef-4f3c-80b1-66a07c6e3dcd<-d81605c5-54b3-45a8-b5ae-2e8d8890cbef#0:FAIL-t101, c07977b7-c8ef-4f3c-80b1-66a07c6e3dcd<-7f29c796-0732-402f-b865-67033766dcba#0:FAIL-t101] and 0 exception(s); c07977b7-c8ef-4f3c-80b1-66a07c6e3dcd@group-C2BDBBDF155D:t101, leader=null, voted=c07977b7-c8ef-4f3c-80b1-66a07c6e3dcd, raftlog=c07977b7-c8ef-4f3c-80b1-66a07c6e3dcd@group-C2BDBBDF155D-SegmentedRaftLog:OPENED:c-1,f-1,i0, conf=-1: [d81605c5-54b3-45a8-b5ae-2e8d8890cbef:192.168.164.201:42755, 7f29c796-0732-402f-b865-67033766dcba:192.168.164.201:40704, c07977b7-c8ef-4f3c-80b1-66a07c6e3dcd:192.168.164.201:38664], old=null
2019-10-17 20:28:35,482 [c07977b7-c8ef-4f3c-80b1-66a07c6e3dcd@group-C2BDBBDF155D-LeaderElection131] INFO  impl.RaftServerImpl (RaftServerImpl.java:setRole(184)) - c07977b7-c8ef-4f3c-80b1-66a07c6e3dcd@group-C2BDBBDF155D: changes role from CANDIDATE to FOLLOWER at term 101 for DISCOVERED_A_NEW_TERM
2019-10-17 20:28:35,482 [c07977b7-c8ef-4f3c-80b1-66a07c6e3dcd@group-C2BDBBDF155D-LeaderElection131] INFO  impl.RoleInfo (RoleInfo.java:shutdownLeaderElection(134)) - c07977b7-c8ef-4f3c-80b1-66a07c6e3dcd: shutdown LeaderElection
2019-10-17 20:28:35,482 [c07977b7-c8ef-4f3c-80b1-66a07c6e3dcd@group-C2BDBBDF155D-LeaderElection131] INFO  impl.RoleInfo (RoleInfo.java:updateAndGet(143)) - c07977b7-c8ef-4f3c-80b1-66a07c6e3dcd: start FollowerState
2019-10-17 20:28:35,537 [Thread-754] INFO  ozone.MiniOzoneClusterImpl (MiniOzoneClusterImpl.java:lambda$waitForClusterToBeReady$2(164)) - Waiting for 1 number of pipelines out of 4, to report a leader.
2019-10-17 20:28:35,660 [Thread-1662] INFO  impl.FollowerState (FollowerState.java:run(108)) - c07977b7-c8ef-4f3c-80b1-66a07c6e3dcd@group-C2BDBBDF155D-FollowerState: change to CANDIDATE, lastRpcTime:177ms, electionTimeout:177ms
2019-10-17 20:28:35,660 [Thread-1662] INFO  impl.RoleInfo (RoleInfo.java:shutdownFollowerState(121)) - c07977b7-c8ef-4f3c-80b1-66a07c6e3dcd: shutdown FollowerState
2019-10-17 20:28:35,660 [Thread-1662] INFO  impl.RaftServerImpl (RaftServerImpl.java:setRole(184)) - c07977b7-c8ef-4f3c-80b1-66a07c6e3dcd@group-C2BDBBDF155D: changes role from  FOLLOWER to CANDIDATE at term 101 for changeToCandidate
2019-10-17 20:28:35,661 [Thread-1662] INFO  impl.RoleInfo (RoleInfo.java:updateAndGet(143)) - c07977b7-c8ef-4f3c-80b1-66a07c6e3dcd: start LeaderElection
2019-10-17 20:28:35,689 [c07977b7-c8ef-4f3c-80b1-66a07c6e3dcd@group-C2BDBBDF155D-LeaderElection132] INFO  impl.LeaderElection (LeaderElection.java:askForVotes(178)) - c07977b7-c8ef-4f3c-80b1-66a07c6e3dcd@group-C2BDBBDF155D-LeaderElection132: begin an election at term 102 for -1: [d81605c5-54b3-45a8-b5ae-2e8d8890cbef:192.168.164.201:42755, 7f29c796-0732-402f-b865-67033766dcba:192.168.164.201:40704, c07977b7-c8ef-4f3c-80b1-66a07c6e3dcd:192.168.164.201:38664], old=null
2019-10-17 20:28:35,693 [grpc-default-executor-2] INFO  impl.RaftServerImpl (RaftServerImpl.java:setRole(184)) - 7f29c796-0732-402f-b865-67033766dcba@group-C2BDBBDF155D: changes role from  FOLLOWER to FOLLOWER at term 102 for recognizeCandidate:c07977b7-c8ef-4f3c-80b1-66a07c6e3dcd
2019-10-17 20:28:35,693 [grpc-default-executor-2] INFO  impl.RoleInfo (RoleInfo.java:shutdownFollowerState(121)) - 7f29c796-0732-402f-b865-67033766dcba: shutdown FollowerState
2019-10-17 20:28:35,693 [grpc-default-executor-4] INFO  impl.RaftServerImpl (RaftServerImpl.java:setRole(184)) - d81605c5-54b3-45a8-b5ae-2e8d8890cbef@group-C2BDBBDF155D: changes role from  FOLLOWER to FOLLOWER at term 102 for recognizeCandidate:c07977b7-c8ef-4f3c-80b1-66a07c6e3dcd
2019-10-17 20:28:35,693 [Thread-1660] INFO  impl.FollowerState (FollowerState.java:run(117)) - 7f29c796-0732-402f-b865-67033766dcba@group-C2BDBBDF155D-FollowerState was interrupted: java.lang.InterruptedException: sleep interrupted
2019-10-17 20:28:35,693 [grpc-default-executor-2] INFO  impl.RoleInfo (RoleInfo.java:updateAndGet(143)) - 7f29c796-0732-402f-b865-67033766dcba: start FollowerState
2019-10-17 20:28:35,693 [grpc-default-executor-4] INFO  impl.RoleInfo (RoleInfo.java:shutdownFollowerState(121)) - d81605c5-54b3-45a8-b5ae-2e8d8890cbef: shutdown FollowerState
2019-10-17 20:28:35,694 [grpc-default-executor-4] INFO  impl.RoleInfo (RoleInfo.java:updateAndGet(143)) - d81605c5-54b3-45a8-b5ae-2e8d8890cbef: start FollowerState
2019-10-17 20:28:35,694 [Thread-1661] INFO  impl.FollowerState (FollowerState.java:run(117)) - d81605c5-54b3-45a8-b5ae-2e8d8890cbef@group-C2BDBBDF155D-FollowerState was interrupted: java.lang.InterruptedException: sleep interrupted
2019-10-17 20:28:35,716 [c07977b7-c8ef-4f3c-80b1-66a07c6e3dcd@group-C2BDBBDF155D-LeaderElection132] INFO  impl.LeaderElection (LeaderElection.java:logAndReturn(56)) - c07977b7-c8ef-4f3c-80b1-66a07c6e3dcd@group-C2BDBBDF155D-LeaderElection132: Election REJECTED; received 2 response(s) [c07977b7-c8ef-4f3c-80b1-66a07c6e3dcd<-d81605c5-54b3-45a8-b5ae-2e8d8890cbef#0:FAIL-t102, c07977b7-c8ef-4f3c-80b1-66a07c6e3dcd<-7f29c796-0732-402f-b865-67033766dcba#0:FAIL-t102] and 0 exception(s); c07977b7-c8ef-4f3c-80b1-66a07c6e3dcd@group-C2BDBBDF155D:t102, leader=null, voted=c07977b7-c8ef-4f3c-80b1-66a07c6e3dcd, raftlog=c07977b7-c8ef-4f3c-80b1-66a07c6e3dcd@group-C2BDBBDF155D-SegmentedRaftLog:OPENED:c-1,f-1,i0, conf=-1: [d81605c5-54b3-45a8-b5ae-2e8d8890cbef:192.168.164.201:42755, 7f29c796-0732-402f-b865-67033766dcba:192.168.164.201:40704, c07977b7-c8ef-4f3c-80b1-66a07c6e3dcd:192.168.164.201:38664], old=null
2019-10-17 20:28:35,716 [c07977b7-c8ef-4f3c-80b1-66a07c6e3dcd@group-C2BDBBDF155D-LeaderElection132] INFO  impl.RaftServerImpl (RaftServerImpl.java:setRole(184)) - c07977b7-c8ef-4f3c-80b1-66a07c6e3dcd@group-C2BDBBDF155D: changes role from CANDIDATE to FOLLOWER at term 102 for DISCOVERED_A_NEW_TERM
2019-10-17 20:28:35,716 [c07977b7-c8ef-4f3c-80b1-66a07c6e3dcd@group-C2BDBBDF155D-LeaderElection132] INFO  impl.RoleInfo (RoleInfo.java:shutdownLeaderElection(134)) - c07977b7-c8ef-4f3c-80b1-66a07c6e3dcd: shutdown LeaderElection
2019-10-17 20:28:35,716 [c07977b7-c8ef-4f3c-80b1-66a07c6e3dcd@group-C2BDBBDF155D-LeaderElection132] INFO  impl.RoleInfo (RoleInfo.java:updateAndGet(143)) - c07977b7-c8ef-4f3c-80b1-66a07c6e3dcd: start FollowerState
2019-10-17 20:28:35,793 [Thread-1668] INFO  impl.FollowerState (FollowerState.java:run(108)) - c07977b7-c8ef-4f3c-80b1-66a07c6e3dcd@group-C2BDBBDF155D-FollowerState: change to CANDIDATE, lastRpcTime:76ms, electionTimeout:76ms
2019-10-17 20:28:35,793 [Thread-1668] INFO  impl.RoleInfo (RoleInfo.java:shutdownFollowerState(121)) - c07977b7-c8ef-4f3c-80b1-66a07c6e3dcd: shutdown FollowerState
2019-10-17 20:28:35,793 [Thread-1668] INFO  impl.RaftServerImpl (RaftServerImpl.java:setRole(184)) - c07977b7-c8ef-4f3c-80b1-66a07c6e3dcd@group-C2BDBBDF155D: changes role from  FOLLOWER to CANDIDATE at term 102 for changeToCandidate
2019-10-17 20:28:35,793 [Thread-1668] INFO  impl.RoleInfo (RoleInfo.java:updateAndGet(143)) - c07977b7-c8ef-4f3c-80b1-66a07c6e3dcd: start LeaderElection
2019-10-17 20:28:35,823 [c07977b7-c8ef-4f3c-80b1-66a07c6e3dcd@group-C2BDBBDF155D-LeaderElection133] INFO  impl.LeaderElection (LeaderElection.java:askForVotes(178)) - c07977b7-c8ef-4f3c-80b1-66a07c6e3dcd@group-C2BDBBDF155D-LeaderElection133: begin an election at term 103 for -1: [d81605c5-54b3-45a8-b5ae-2e8d8890cbef:192.168.164.201:42755, 7f29c796-0732-402f-b865-67033766dcba:192.168.164.201:40704, c07977b7-c8ef-4f3c-80b1-66a07c6e3dcd:192.168.164.201:38664], old=null
2019-10-17 20:28:35,826 [grpc-default-executor-2] INFO  impl.RaftServerImpl (RaftServerImpl.java:setRole(184)) - d81605c5-54b3-45a8-b5ae-2e8d8890cbef@group-C2BDBBDF155D: changes role from  FOLLOWER to FOLLOWER at term 103 for recognizeCandidate:c07977b7-c8ef-4f3c-80b1-66a07c6e3dcd
2019-10-17 20:28:35,826 [grpc-default-executor-2] INFO  impl.RoleInfo (RoleInfo.java:shutdownFollowerState(121)) - d81605c5-54b3-45a8-b5ae-2e8d8890cbef: shutdown FollowerState
2019-10-17 20:28:35,827 [grpc-default-executor-2] INFO  impl.RoleInfo (RoleInfo.java:updateAndGet(143)) - d81605c5-54b3-45a8-b5ae-2e8d8890cbef: start FollowerState
2019-10-17 20:28:35,827 [Thread-1667] INFO  impl.FollowerState (FollowerState.java:run(117)) - d81605c5-54b3-45a8-b5ae-2e8d8890cbef@group-C2BDBBDF155D-FollowerState was interrupted: java.lang.InterruptedException: sleep interrupted
2019-10-17 20:28:35,827 [grpc-default-executor-4] INFO  impl.RaftServerImpl (RaftServerImpl.java:setRole(184)) - 7f29c796-0732-402f-b865-67033766dcba@group-C2BDBBDF155D: changes role from  FOLLOWER to FOLLOWER at term 103 for recognizeCandidate:c07977b7-c8ef-4f3c-80b1-66a07c6e3dcd
2019-10-17 20:28:35,827 [grpc-default-executor-4] INFO  impl.RoleInfo (RoleInfo.java:shutdownFollowerState(121)) - 7f29c796-0732-402f-b865-67033766dcba: shutdown FollowerState
2019-10-17 20:28:35,827 [grpc-default-executor-4] INFO  impl.RoleInfo (RoleInfo.java:updateAndGet(143)) - 7f29c796-0732-402f-b865-67033766dcba: start FollowerState
2019-10-17 20:28:35,827 [Thread-1666] INFO  impl.FollowerState (FollowerState.java:run(117)) - 7f29c796-0732-402f-b865-67033766dcba@group-C2BDBBDF155D-FollowerState was interrupted: java.lang.InterruptedException: sleep interrupted
2019-10-17 20:28:35,850 [c07977b7-c8ef-4f3c-80b1-66a07c6e3dcd@group-C2BDBBDF155D-LeaderElection133] INFO  impl.LeaderElection (LeaderElection.java:logAndReturn(56)) - c07977b7-c8ef-4f3c-80b1-66a07c6e3dcd@group-C2BDBBDF155D-LeaderElection133: Election REJECTED; received 2 response(s) [c07977b7-c8ef-4f3c-80b1-66a07c6e3dcd<-d81605c5-54b3-45a8-b5ae-2e8d8890cbef#0:FAIL-t103, c07977b7-c8ef-4f3c-80b1-66a07c6e3dcd<-7f29c796-0732-402f-b865-67033766dcba#0:FAIL-t103] and 0 exception(s); c07977b7-c8ef-4f3c-80b1-66a07c6e3dcd@group-C2BDBBDF155D:t103, leader=null, voted=c07977b7-c8ef-4f3c-80b1-66a07c6e3dcd, raftlog=c07977b7-c8ef-4f3c-80b1-66a07c6e3dcd@group-C2BDBBDF155D-SegmentedRaftLog:OPENED:c-1,f-1,i0, conf=-1: [d81605c5-54b3-45a8-b5ae-2e8d8890cbef:192.168.164.201:42755, 7f29c796-0732-402f-b865-67033766dcba:192.168.164.201:40704, c07977b7-c8ef-4f3c-80b1-66a07c6e3dcd:192.168.164.201:38664], old=null
2019-10-17 20:28:35,850 [c07977b7-c8ef-4f3c-80b1-66a07c6e3dcd@group-C2BDBBDF155D-LeaderElection133] INFO  impl.RaftServerImpl (RaftServerImpl.java:setRole(184)) - c07977b7-c8ef-4f3c-80b1-66a07c6e3dcd@group-C2BDBBDF155D: changes role from CANDIDATE to FOLLOWER at term 103 for DISCOVERED_A_NEW_TERM
2019-10-17 20:28:35,850 [c07977b7-c8ef-4f3c-80b1-66a07c6e3dcd@group-C2BDBBDF155D-LeaderElection133] INFO  impl.RoleInfo (RoleInfo.java:shutdownLeaderElection(134)) - c07977b7-c8ef-4f3c-80b1-66a07c6e3dcd: shutdown LeaderElection
2019-10-17 20:28:35,851 [c07977b7-c8ef-4f3c-80b1-66a07c6e3dcd@group-C2BDBBDF155D-LeaderElection133] INFO  impl.RoleInfo (RoleInfo.java:updateAndGet(143)) - c07977b7-c8ef-4f3c-80b1-66a07c6e3dcd: start FollowerState
2019-10-17 20:28:35,970 [Thread-1674] INFO  impl.FollowerState (FollowerState.java:run(108)) - c07977b7-c8ef-4f3c-80b1-66a07c6e3dcd@group-C2BDBBDF155D-FollowerState: change to CANDIDATE, lastRpcTime:119ms, electionTimeout:119ms
2019-10-17 20:28:35,970 [Thread-1674] INFO  impl.RoleInfo (RoleInfo.java:shutdownFollowerState(121)) - c07977b7-c8ef-4f3c-80b1-66a07c6e3dcd: shutdown FollowerState
2019-10-17 20:28:35,971 [Thread-1674] INFO  impl.RaftServerImpl (RaftServerImpl.java:setRole(184)) - c07977b7-c8ef-4f3c-80b1-66a07c6e3dcd@group-C2BDBBDF155D: changes role from  FOLLOWER to CANDIDATE at term 103 for changeToCandidate
2019-10-17 20:28:35,971 [Thread-1674] INFO  impl.RoleInfo (RoleInfo.java:updateAndGet(143)) - c07977b7-c8ef-4f3c-80b1-66a07c6e3dcd: start LeaderElection
2019-10-17 20:28:35,999 [c07977b7-c8ef-4f3c-80b1-66a07c6e3dcd@group-C2BDBBDF155D-LeaderElection134] INFO  impl.LeaderElection (LeaderElection.java:askForVotes(178)) - c07977b7-c8ef-4f3c-80b1-66a07c6e3dcd@group-C2BDBBDF155D-LeaderElection134: begin an election at term 104 for -1: [d81605c5-54b3-45a8-b5ae-2e8d8890cbef:192.168.164.201:42755, 7f29c796-0732-402f-b865-67033766dcba:192.168.164.201:40704, c07977b7-c8ef-4f3c-80b1-66a07c6e3dcd:192.168.164.201:38664], old=null
2019-10-17 20:28:36,002 [grpc-default-executor-4] INFO  impl.RaftServerImpl (RaftServerImpl.java:setRole(184)) - d81605c5-54b3-45a8-b5ae-2e8d8890cbef@group-C2BDBBDF155D: changes role from  FOLLOWER to FOLLOWER at term 104 for recognizeCandidate:c07977b7-c8ef-4f3c-80b1-66a07c6e3dcd
2019-10-17 20:28:36,003 [grpc-default-executor-4] INFO  impl.RoleInfo (RoleInfo.java:shutdownFollowerState(121)) - d81605c5-54b3-45a8-b5ae-2e8d8890cbef: shutdown FollowerState
2019-10-17 20:28:36,002 [grpc-default-executor-2] INFO  impl.RaftServerImpl (RaftServerImpl.java:setRole(184)) - 7f29c796-0732-402f-b865-67033766dcba@group-C2BDBBDF155D: changes role from  FOLLOWER to FOLLOWER at term 104 for recognizeCandidate:c07977b7-c8ef-4f3c-80b1-66a07c6e3dcd
2019-10-17 20:28:36,003 [grpc-default-executor-2] INFO  impl.RoleInfo (RoleInfo.java:shutdownFollowerState(121)) - 7f29c796-0732-402f-b865-67033766dcba: shutdown FollowerState
2019-10-17 20:28:36,003 [Thread-1672] INFO  impl.FollowerState (FollowerState.java:run(117)) - d81605c5-54b3-45a8-b5ae-2e8d8890cbef@group-C2BDBBDF155D-FollowerState was interrupted: java.lang.InterruptedException: sleep interrupted
2019-10-17 20:28:36,003 [grpc-default-executor-4] INFO  impl.RoleInfo (RoleInfo.java:updateAndGet(143)) - d81605c5-54b3-45a8-b5ae-2e8d8890cbef: start FollowerState
2019-10-17 20:28:36,003 [Thread-1673] INFO  impl.FollowerState (FollowerState.java:run(117)) - 7f29c796-0732-402f-b865-67033766dcba@group-C2BDBBDF155D-FollowerState was interrupted: java.lang.InterruptedException: sleep interrupted
2019-10-17 20:28:36,003 [grpc-default-executor-2] INFO  impl.RoleInfo (RoleInfo.java:updateAndGet(143)) - 7f29c796-0732-402f-b865-67033766dcba: start FollowerState
2019-10-17 20:28:36,026 [c07977b7-c8ef-4f3c-80b1-66a07c6e3dcd@group-C2BDBBDF155D-LeaderElection134] INFO  impl.LeaderElection (LeaderElection.java:logAndReturn(56)) - c07977b7-c8ef-4f3c-80b1-66a07c6e3dcd@group-C2BDBBDF155D-LeaderElection134: Election REJECTED; received 2 response(s) [c07977b7-c8ef-4f3c-80b1-66a07c6e3dcd<-d81605c5-54b3-45a8-b5ae-2e8d8890cbef#0:FAIL-t104, c07977b7-c8ef-4f3c-80b1-66a07c6e3dcd<-7f29c796-0732-402f-b865-67033766dcba#0:FAIL-t104] and 0 exception(s); c07977b7-c8ef-4f3c-80b1-66a07c6e3dcd@group-C2BDBBDF155D:t104, leader=null, voted=c07977b7-c8ef-4f3c-80b1-66a07c6e3dcd, raftlog=c07977b7-c8ef-4f3c-80b1-66a07c6e3dcd@group-C2BDBBDF155D-SegmentedRaftLog:OPENED:c-1,f-1,i0, conf=-1: [d81605c5-54b3-45a8-b5ae-2e8d8890cbef:192.168.164.201:42755, 7f29c796-0732-402f-b865-67033766dcba:192.168.164.201:40704, c07977b7-c8ef-4f3c-80b1-66a07c6e3dcd:192.168.164.201:38664], old=null
2019-10-17 20:28:36,026 [c07977b7-c8ef-4f3c-80b1-66a07c6e3dcd@group-C2BDBBDF155D-LeaderElection134] INFO  impl.RaftServerImpl (RaftServerImpl.java:setRole(184)) - c07977b7-c8ef-4f3c-80b1-66a07c6e3dcd@group-C2BDBBDF155D: changes role from CANDIDATE to FOLLOWER at term 104 for DISCOVERED_A_NEW_TERM
2019-10-17 20:28:36,026 [c07977b7-c8ef-4f3c-80b1-66a07c6e3dcd@group-C2BDBBDF155D-LeaderElection134] INFO  impl.RoleInfo (RoleInfo.java:shutdownLeaderElection(134)) - c07977b7-c8ef-4f3c-80b1-66a07c6e3dcd: shutdown LeaderElection
2019-10-17 20:28:36,026 [c07977b7-c8ef-4f3c-80b1-66a07c6e3dcd@group-C2BDBBDF155D-LeaderElection134] INFO  impl.RoleInfo (RoleInfo.java:updateAndGet(143)) - c07977b7-c8ef-4f3c-80b1-66a07c6e3dcd: start FollowerState
2019-10-17 20:28:36,103 [Thread-1680] INFO  impl.FollowerState (FollowerState.java:run(108)) - c07977b7-c8ef-4f3c-80b1-66a07c6e3dcd@group-C2BDBBDF155D-FollowerState: change to CANDIDATE, lastRpcTime:76ms, electionTimeout:76ms
2019-10-17 20:28:36,103 [Thread-1680] INFO  impl.RoleInfo (RoleInfo.java:shutdownFollowerState(121)) - c07977b7-c8ef-4f3c-80b1-66a07c6e3dcd: shutdown FollowerState
2019-10-17 20:28:36,103 [Thread-1680] INFO  impl.RaftServerImpl (RaftServerImpl.java:setRole(184)) - c07977b7-c8ef-4f3c-80b1-66a07c6e3dcd@group-C2BDBBDF155D: changes role from  FOLLOWER to CANDIDATE at term 104 for changeToCandidate
2019-10-17 20:28:36,103 [Thread-1680] INFO  impl.RoleInfo (RoleInfo.java:updateAndGet(143)) - c07977b7-c8ef-4f3c-80b1-66a07c6e3dcd: start LeaderElection
2019-10-17 20:28:36,133 [c07977b7-c8ef-4f3c-80b1-66a07c6e3dcd@group-C2BDBBDF155D-LeaderElection135] INFO  impl.LeaderElection (LeaderElection.java:askForVotes(178)) - c07977b7-c8ef-4f3c-80b1-66a07c6e3dcd@group-C2BDBBDF155D-LeaderElection135: begin an election at term 105 for -1: [d81605c5-54b3-45a8-b5ae-2e8d8890cbef:192.168.164.201:42755, 7f29c796-0732-402f-b865-67033766dcba:192.168.164.201:40704, c07977b7-c8ef-4f3c-80b1-66a07c6e3dcd:192.168.164.201:38664], old=null
2019-10-17 20:28:36,137 [grpc-default-executor-2] INFO  impl.RaftServerImpl (RaftServerImpl.java:setRole(184)) - 7f29c796-0732-402f-b865-67033766dcba@group-C2BDBBDF155D: changes role from  FOLLOWER to FOLLOWER at term 105 for recognizeCandidate:c07977b7-c8ef-4f3c-80b1-66a07c6e3dcd
2019-10-17 20:28:36,137 [grpc-default-executor-4] INFO  impl.RaftServerImpl (RaftServerImpl.java:setRole(184)) - d81605c5-54b3-45a8-b5ae-2e8d8890cbef@group-C2BDBBDF155D: changes role from  FOLLOWER to FOLLOWER at term 105 for recognizeCandidate:c07977b7-c8ef-4f3c-80b1-66a07c6e3dcd
2019-10-17 20:28:36,137 [grpc-default-executor-2] INFO  impl.RoleInfo (RoleInfo.java:shutdownFollowerState(121)) - 7f29c796-0732-402f-b865-67033766dcba: shutdown FollowerState
2019-10-17 20:28:36,137 [grpc-default-executor-4] INFO  impl.RoleInfo (RoleInfo.java:shutdownFollowerState(121)) - d81605c5-54b3-45a8-b5ae-2e8d8890cbef: shutdown FollowerState
2019-10-17 20:28:36,138 [Thread-1679] INFO  impl.FollowerState (FollowerState.java:run(117)) - 7f29c796-0732-402f-b865-67033766dcba@group-C2BDBBDF155D-FollowerState was interrupted: java.lang.InterruptedException: sleep interrupted
2019-10-17 20:28:36,138 [grpc-default-executor-2] INFO  impl.RoleInfo (RoleInfo.java:updateAndGet(143)) - 7f29c796-0732-402f-b865-67033766dcba: start FollowerState
2019-10-17 20:28:36,138 [Thread-1678] INFO  impl.FollowerState (FollowerState.java:run(117)) - d81605c5-54b3-45a8-b5ae-2e8d8890cbef@group-C2BDBBDF155D-FollowerState was interrupted: java.lang.InterruptedException: sleep interrupted
2019-10-17 20:28:36,138 [grpc-default-executor-4] INFO  impl.RoleInfo (RoleInfo.java:updateAndGet(143)) - d81605c5-54b3-45a8-b5ae-2e8d8890cbef: start FollowerState
2019-10-17 20:28:36,160 [c07977b7-c8ef-4f3c-80b1-66a07c6e3dcd@group-C2BDBBDF155D-LeaderElection135] INFO  impl.LeaderElection (LeaderElection.java:logAndReturn(56)) - c07977b7-c8ef-4f3c-80b1-66a07c6e3dcd@group-C2BDBBDF155D-LeaderElection135: Election TIMEOUT; received 0 response(s) [] and 0 exception(s); c07977b7-c8ef-4f3c-80b1-66a07c6e3dcd@group-C2BDBBDF155D:t105, leader=null, voted=c07977b7-c8ef-4f3c-80b1-66a07c6e3dcd, raftlog=c07977b7-c8ef-4f3c-80b1-66a07c6e3dcd@group-C2BDBBDF155D-SegmentedRaftLog:OPENED:c-1,f-1,i0, conf=-1: [d81605c5-54b3-45a8-b5ae-2e8d8890cbef:192.168.164.201:42755, 7f29c796-0732-402f-b865-67033766dcba:192.168.164.201:40704, c07977b7-c8ef-4f3c-80b1-66a07c6e3dcd:192.168.164.201:38664], old=null
2019-10-17 20:28:36,185 [c07977b7-c8ef-4f3c-80b1-66a07c6e3dcd@group-C2BDBBDF155D-LeaderElection135] INFO  impl.LeaderElection (LeaderElection.java:askForVotes(178)) - c07977b7-c8ef-4f3c-80b1-66a07c6e3dcd@group-C2BDBBDF155D-LeaderElection135: begin an election at term 106 for -1: [d81605c5-54b3-45a8-b5ae-2e8d8890cbef:192.168.164.201:42755, 7f29c796-0732-402f-b865-67033766dcba:192.168.164.201:40704, c07977b7-c8ef-4f3c-80b1-66a07c6e3dcd:192.168.164.201:38664], old=null
2019-10-17 20:28:36,188 [grpc-default-executor-2] INFO  impl.RaftServerImpl (RaftServerImpl.java:setRole(184)) - 7f29c796-0732-402f-b865-67033766dcba@group-C2BDBBDF155D: changes role from  FOLLOWER to FOLLOWER at term 106 for recognizeCandidate:c07977b7-c8ef-4f3c-80b1-66a07c6e3dcd
2019-10-17 20:28:36,188 [grpc-default-executor-4] INFO  impl.RaftServerImpl (RaftServerImpl.java:setRole(184)) - d81605c5-54b3-45a8-b5ae-2e8d8890cbef@group-C2BDBBDF155D: changes role from  FOLLOWER to FOLLOWER at term 106 for recognizeCandidate:c07977b7-c8ef-4f3c-80b1-66a07c6e3dcd
2019-10-17 20:28:36,188 [grpc-default-executor-2] INFO  impl.RoleInfo (RoleInfo.java:shutdownFollowerState(121)) - 7f29c796-0732-402f-b865-67033766dcba: shutdown FollowerState
2019-10-17 20:28:36,188 [grpc-default-executor-4] INFO  impl.RoleInfo (RoleInfo.java:shutdownFollowerState(121)) - d81605c5-54b3-45a8-b5ae-2e8d8890cbef: shutdown FollowerState
2019-10-17 20:28:36,188 [Thread-1684] INFO  impl.FollowerState (FollowerState.java:run(117)) - 7f29c796-0732-402f-b865-67033766dcba@group-C2BDBBDF155D-FollowerState was interrupted: java.lang.InterruptedException: sleep interrupted
2019-10-17 20:28:36,188 [Thread-1685] INFO  impl.FollowerState (FollowerState.java:run(117)) - d81605c5-54b3-45a8-b5ae-2e8d8890cbef@group-C2BDBBDF155D-FollowerState was interrupted: java.lang.InterruptedException: sleep interrupted
2019-10-17 20:28:36,188 [grpc-default-executor-2] INFO  impl.RoleInfo (RoleInfo.java:updateAndGet(143)) - 7f29c796-0732-402f-b865-67033766dcba: start FollowerState
2019-10-17 20:28:36,188 [grpc-default-executor-4] INFO  impl.RoleInfo (RoleInfo.java:updateAndGet(143)) - d81605c5-54b3-45a8-b5ae-2e8d8890cbef: start FollowerState
2019-10-17 20:28:36,203 [c07977b7-c8ef-4f3c-80b1-66a07c6e3dcd@group-C2BDBBDF155D-LeaderElection135] INFO  impl.LeaderElection (LeaderElection.java:logAndReturn(56)) - c07977b7-c8ef-4f3c-80b1-66a07c6e3dcd@group-C2BDBBDF155D-LeaderElection135: Election TIMEOUT; received 0 response(s) [] and 0 exception(s); c07977b7-c8ef-4f3c-80b1-66a07c6e3dcd@group-C2BDBBDF155D:t106, leader=null, voted=c07977b7-c8ef-4f3c-80b1-66a07c6e3dcd, raftlog=c07977b7-c8ef-4f3c-80b1-66a07c6e3dcd@group-C2BDBBDF155D-SegmentedRaftLog:OPENED:c-1,f-1,i0, conf=-1: [d81605c5-54b3-45a8-b5ae-2e8d8890cbef:192.168.164.201:42755, 7f29c796-0732-402f-b865-67033766dcba:192.168.164.201:40704, c07977b7-c8ef-4f3c-80b1-66a07c6e3dcd:192.168.164.201:38664], old=null
2019-10-17 20:28:36,227 [c07977b7-c8ef-4f3c-80b1-66a07c6e3dcd@group-C2BDBBDF155D-LeaderElection135] INFO  impl.LeaderElection (LeaderElection.java:askForVotes(178)) - c07977b7-c8ef-4f3c-80b1-66a07c6e3dcd@group-C2BDBBDF155D-LeaderElection135: begin an election at term 107 for -1: [d81605c5-54b3-45a8-b5ae-2e8d8890cbef:192.168.164.201:42755, 7f29c796-0732-402f-b865-67033766dcba:192.168.164.201:40704, c07977b7-c8ef-4f3c-80b1-66a07c6e3dcd:192.168.164.201:38664], old=null
2019-10-17 20:28:36,229 [grpc-default-executor-4] INFO  impl.RaftServerImpl (RaftServerImpl.java:setRole(184)) - 7f29c796-0732-402f-b865-67033766dcba@group-C2BDBBDF155D: changes role from  FOLLOWER to FOLLOWER at term 107 for recognizeCandidate:c07977b7-c8ef-4f3c-80b1-66a07c6e3dcd
2019-10-17 20:28:36,229 [grpc-default-executor-2] INFO  impl.RaftServerImpl (RaftServerImpl.java:setRole(184)) - d81605c5-54b3-45a8-b5ae-2e8d8890cbef@group-C2BDBBDF155D: changes role from  FOLLOWER to FOLLOWER at term 107 for recognizeCandidate:c07977b7-c8ef-4f3c-80b1-66a07c6e3dcd
2019-10-17 20:28:36,230 [grpc-default-executor-4] INFO  impl.RoleInfo (RoleInfo.java:shutdownFollowerState(121)) - 7f29c796-0732-402f-b865-67033766dcba: shutdown FollowerState
2019-10-17 20:28:36,230 [grpc-default-executor-2] INFO  impl.RoleInfo (RoleInfo.java:shutdownFollowerState(121)) - d81605c5-54b3-45a8-b5ae-2e8d8890cbef: shutdown FollowerState
2019-10-17 20:28:36,230 [Thread-1688] INFO  impl.FollowerState (FollowerState.java:run(117)) - 7f29c796-0732-402f-b865-67033766dcba@group-C2BDBBDF155D-FollowerState was interrupted: java.lang.InterruptedException: sleep interrupted
2019-10-17 20:28:36,230 [Thread-1689] INFO  impl.FollowerState (FollowerState.java:run(117)) - d81605c5-54b3-45a8-b5ae-2e8d8890cbef@group-C2BDBBDF155D-FollowerState was interrupted: java.lang.InterruptedException: sleep interrupted
2019-10-17 20:28:36,230 [grpc-default-executor-4] INFO  impl.RoleInfo (RoleInfo.java:updateAndGet(143)) - 7f29c796-0732-402f-b865-67033766dcba: start FollowerState
2019-10-17 20:28:36,230 [grpc-default-executor-2] INFO  impl.RoleInfo (RoleInfo.java:updateAndGet(143)) - d81605c5-54b3-45a8-b5ae-2e8d8890cbef: start FollowerState
2019-10-17 20:28:36,253 [c07977b7-c8ef-4f3c-80b1-66a07c6e3dcd@group-C2BDBBDF155D-LeaderElection135] INFO  impl.LeaderElection (LeaderElection.java:logAndReturn(56)) - c07977b7-c8ef-4f3c-80b1-66a07c6e3dcd@group-C2BDBBDF155D-LeaderElection135: Election REJECTED; received 2 response(s) [c07977b7-c8ef-4f3c-80b1-66a07c6e3dcd<-d81605c5-54b3-45a8-b5ae-2e8d8890cbef#0:FAIL-t107, c07977b7-c8ef-4f3c-80b1-66a07c6e3dcd<-7f29c796-0732-402f-b865-67033766dcba#0:FAIL-t107] and 0 exception(s); c07977b7-c8ef-4f3c-80b1-66a07c6e3dcd@group-C2BDBBDF155D:t107, leader=null, voted=c07977b7-c8ef-4f3c-80b1-66a07c6e3dcd, raftlog=c07977b7-c8ef-4f3c-80b1-66a07c6e3dcd@group-C2BDBBDF155D-SegmentedRaftLog:OPENED:c-1,f-1,i0, conf=-1: [d81605c5-54b3-45a8-b5ae-2e8d8890cbef:192.168.164.201:42755, 7f29c796-0732-402f-b865-67033766dcba:192.168.164.201:40704, c07977b7-c8ef-4f3c-80b1-66a07c6e3dcd:192.168.164.201:38664], old=null
2019-10-17 20:28:36,254 [c07977b7-c8ef-4f3c-80b1-66a07c6e3dcd@group-C2BDBBDF155D-LeaderElection135] INFO  impl.RaftServerImpl (RaftServerImpl.java:setRole(184)) - c07977b7-c8ef-4f3c-80b1-66a07c6e3dcd@group-C2BDBBDF155D: changes role from CANDIDATE to FOLLOWER at term 107 for DISCOVERED_A_NEW_TERM
2019-10-17 20:28:36,254 [c07977b7-c8ef-4f3c-80b1-66a07c6e3dcd@group-C2BDBBDF155D-LeaderElection135] INFO  impl.RoleInfo (RoleInfo.java:shutdownLeaderElection(134)) - c07977b7-c8ef-4f3c-80b1-66a07c6e3dcd: shutdown LeaderElection
2019-10-17 20:28:36,255 [c07977b7-c8ef-4f3c-80b1-66a07c6e3dcd@group-C2BDBBDF155D-LeaderElection135] INFO  impl.RoleInfo (RoleInfo.java:updateAndGet(143)) - c07977b7-c8ef-4f3c-80b1-66a07c6e3dcd: start FollowerState
2019-10-17 20:28:36,305 [Thread-1694] INFO  impl.FollowerState (FollowerState.java:run(108)) - c07977b7-c8ef-4f3c-80b1-66a07c6e3dcd@group-C2BDBBDF155D-FollowerState: change to CANDIDATE, lastRpcTime:50ms, electionTimeout:50ms
2019-10-17 20:28:36,305 [Thread-1694] INFO  impl.RoleInfo (RoleInfo.java:shutdownFollowerState(121)) - c07977b7-c8ef-4f3c-80b1-66a07c6e3dcd: shutdown FollowerState
2019-10-17 20:28:36,306 [Thread-1694] INFO  impl.RaftServerImpl (RaftServerImpl.java:setRole(184)) - c07977b7-c8ef-4f3c-80b1-66a07c6e3dcd@group-C2BDBBDF155D: changes role from  FOLLOWER to CANDIDATE at term 107 for changeToCandidate
2019-10-17 20:28:36,306 [Thread-1694] INFO  impl.RoleInfo (RoleInfo.java:updateAndGet(143)) - c07977b7-c8ef-4f3c-80b1-66a07c6e3dcd: start LeaderElection
2019-10-17 20:28:36,336 [c07977b7-c8ef-4f3c-80b1-66a07c6e3dcd@group-C2BDBBDF155D-LeaderElection136] INFO  impl.LeaderElection (LeaderElection.java:askForVotes(178)) - c07977b7-c8ef-4f3c-80b1-66a07c6e3dcd@group-C2BDBBDF155D-LeaderElection136: begin an election at term 108 for -1: [d81605c5-54b3-45a8-b5ae-2e8d8890cbef:192.168.164.201:42755, 7f29c796-0732-402f-b865-67033766dcba:192.168.164.201:40704, c07977b7-c8ef-4f3c-80b1-66a07c6e3dcd:192.168.164.201:38664], old=null
2019-10-17 20:28:36,339 [grpc-default-executor-2] INFO  impl.RaftServerImpl (RaftServerImpl.java:setRole(184)) - d81605c5-54b3-45a8-b5ae-2e8d8890cbef@group-C2BDBBDF155D: changes role from  FOLLOWER to FOLLOWER at term 108 for recognizeCandidate:c07977b7-c8ef-4f3c-80b1-66a07c6e3dcd
2019-10-17 20:28:36,339 [grpc-default-executor-4] INFO  impl.RaftServerImpl (RaftServerImpl.java:setRole(184)) - 7f29c796-0732-402f-b865-67033766dcba@group-C2BDBBDF155D: changes role from  FOLLOWER to FOLLOWER at term 108 for recognizeCandidate:c07977b7-c8ef-4f3c-80b1-66a07c6e3dcd
2019-10-17 20:28:36,340 [grpc-default-executor-4] INFO  impl.RoleInfo (RoleInfo.java:shutdownFollowerState(121)) - 7f29c796-0732-402f-b865-67033766dcba: shutdown FollowerState
2019-10-17 20:28:36,340 [grpc-default-executor-2] INFO  impl.RoleInfo (RoleInfo.java:shutdownFollowerState(121)) - d81605c5-54b3-45a8-b5ae-2e8d8890cbef: shutdown FollowerState
2019-10-17 20:28:36,340 [Thread-1692] INFO  impl.FollowerState (FollowerState.java:run(117)) - 7f29c796-0732-402f-b865-67033766dcba@group-C2BDBBDF155D-FollowerState was interrupted: java.lang.InterruptedException: sleep interrupted
2019-10-17 20:28:36,340 [grpc-default-executor-4] INFO  impl.RoleInfo (RoleInfo.java:updateAndGet(143)) - 7f29c796-0732-402f-b865-67033766dcba: start FollowerState
2019-10-17 20:28:36,340 [Thread-1693] INFO  impl.FollowerState (FollowerState.java:run(117)) - d81605c5-54b3-45a8-b5ae-2e8d8890cbef@group-C2BDBBDF155D-FollowerState was interrupted: java.lang.InterruptedException: sleep interrupted
2019-10-17 20:28:36,340 [grpc-default-executor-2] INFO  impl.RoleInfo (RoleInfo.java:updateAndGet(143)) - d81605c5-54b3-45a8-b5ae-2e8d8890cbef: start FollowerState
2019-10-17 20:28:36,362 [c07977b7-c8ef-4f3c-80b1-66a07c6e3dcd@group-C2BDBBDF155D-LeaderElection136] INFO  impl.LeaderElection (LeaderElection.java:logAndReturn(56)) - c07977b7-c8ef-4f3c-80b1-66a07c6e3dcd@group-C2BDBBDF155D-LeaderElection136: Election REJECTED; received 2 response(s) [c07977b7-c8ef-4f3c-80b1-66a07c6e3dcd<-d81605c5-54b3-45a8-b5ae-2e8d8890cbef#0:FAIL-t108, c07977b7-c8ef-4f3c-80b1-66a07c6e3dcd<-7f29c796-0732-402f-b865-67033766dcba#0:FAIL-t108] and 0 exception(s); c07977b7-c8ef-4f3c-80b1-66a07c6e3dcd@group-C2BDBBDF155D:t108, leader=null, voted=c07977b7-c8ef-4f3c-80b1-66a07c6e3dcd, raftlog=c07977b7-c8ef-4f3c-80b1-66a07c6e3dcd@group-C2BDBBDF155D-SegmentedRaftLog:OPENED:c-1,f-1,i0, conf=-1: [d81605c5-54b3-45a8-b5ae-2e8d8890cbef:192.168.164.201:42755, 7f29c796-0732-402f-b865-67033766dcba:192.168.164.201:40704, c07977b7-c8ef-4f3c-80b1-66a07c6e3dcd:192.168.164.201:38664], old=null
2019-10-17 20:28:36,363 [c07977b7-c8ef-4f3c-80b1-66a07c6e3dcd@group-C2BDBBDF155D-LeaderElection136] INFO  impl.RaftServerImpl (RaftServerImpl.java:setRole(184)) - c07977b7-c8ef-4f3c-80b1-66a07c6e3dcd@group-C2BDBBDF155D: changes role from CANDIDATE to FOLLOWER at term 108 for DISCOVERED_A_NEW_TERM
2019-10-17 20:28:36,363 [c07977b7-c8ef-4f3c-80b1-66a07c6e3dcd@group-C2BDBBDF155D-LeaderElection136] INFO  impl.RoleInfo (RoleInfo.java:shutdownLeaderElection(134)) - c07977b7-c8ef-4f3c-80b1-66a07c6e3dcd: shutdown LeaderElection
2019-10-17 20:28:36,363 [c07977b7-c8ef-4f3c-80b1-66a07c6e3dcd@group-C2BDBBDF155D-LeaderElection136] INFO  impl.RoleInfo (RoleInfo.java:updateAndGet(143)) - c07977b7-c8ef-4f3c-80b1-66a07c6e3dcd: start FollowerState
2019-10-17 20:28:36,465 [Thread-1700] INFO  impl.FollowerState (FollowerState.java:run(108)) - c07977b7-c8ef-4f3c-80b1-66a07c6e3dcd@group-C2BDBBDF155D-FollowerState: change to CANDIDATE, lastRpcTime:102ms, electionTimeout:102ms
2019-10-17 20:28:36,466 [Thread-1700] INFO  impl.RoleInfo (RoleInfo.java:shutdownFollowerState(121)) - c07977b7-c8ef-4f3c-80b1-66a07c6e3dcd: shutdown FollowerState
2019-10-17 20:28:36,466 [Thread-1700] INFO  impl.RaftServerImpl (RaftServerImpl.java:setRole(184)) - c07977b7-c8ef-4f3c-80b1-66a07c6e3dcd@group-C2BDBBDF155D: changes role from  FOLLOWER to CANDIDATE at term 108 for changeToCandidate
2019-10-17 20:28:36,466 [Thread-1700] INFO  impl.RoleInfo (RoleInfo.java:updateAndGet(143)) - c07977b7-c8ef-4f3c-80b1-66a07c6e3dcd: start LeaderElection
2019-10-17 20:28:36,495 [c07977b7-c8ef-4f3c-80b1-66a07c6e3dcd@group-C2BDBBDF155D-LeaderElection137] INFO  impl.LeaderElection (LeaderElection.java:askForVotes(178)) - c07977b7-c8ef-4f3c-80b1-66a07c6e3dcd@group-C2BDBBDF155D-LeaderElection137: begin an election at term 109 for -1: [d81605c5-54b3-45a8-b5ae-2e8d8890cbef:192.168.164.201:42755, 7f29c796-0732-402f-b865-67033766dcba:192.168.164.201:40704, c07977b7-c8ef-4f3c-80b1-66a07c6e3dcd:192.168.164.201:38664], old=null
2019-10-17 20:28:36,498 [grpc-default-executor-2] INFO  impl.RaftServerImpl (RaftServerImpl.java:setRole(184)) - 7f29c796-0732-402f-b865-67033766dcba@group-C2BDBBDF155D: changes role from  FOLLOWER to FOLLOWER at term 109 for recognizeCandidate:c07977b7-c8ef-4f3c-80b1-66a07c6e3dcd
2019-10-17 20:28:36,498 [grpc-default-executor-2] INFO  impl.RoleInfo (RoleInfo.java:shutdownFollowerState(121)) - 7f29c796-0732-402f-b865-67033766dcba: shutdown FollowerState
2019-10-17 20:28:36,498 [grpc-default-executor-2] INFO  impl.RoleInfo (RoleInfo.java:updateAndGet(143)) - 7f29c796-0732-402f-b865-67033766dcba: start FollowerState
2019-10-17 20:28:36,499 [Thread-1698] INFO  impl.FollowerState (FollowerState.java:run(117)) - 7f29c796-0732-402f-b865-67033766dcba@group-C2BDBBDF155D-FollowerState was interrupted: java.lang.InterruptedException: sleep interrupted
2019-10-17 20:28:36,499 [grpc-default-executor-4] INFO  impl.RaftServerImpl (RaftServerImpl.java:setRole(184)) - d81605c5-54b3-45a8-b5ae-2e8d8890cbef@group-C2BDBBDF155D: changes role from  FOLLOWER to FOLLOWER at term 109 for recognizeCandidate:c07977b7-c8ef-4f3c-80b1-66a07c6e3dcd
2019-10-17 20:28:36,499 [c07977b7-c8ef-4f3c-80b1-66a07c6e3dcd@group-C2BDBBDF155D-LeaderElection137] INFO  impl.LeaderElection (LeaderElection.java:logAndReturn(56)) - c07977b7-c8ef-4f3c-80b1-66a07c6e3dcd@group-C2BDBBDF155D-LeaderElection137: Election TIMEOUT; received 0 response(s) [] and 0 exception(s); c07977b7-c8ef-4f3c-80b1-66a07c6e3dcd@group-C2BDBBDF155D:t109, leader=null, voted=c07977b7-c8ef-4f3c-80b1-66a07c6e3dcd, raftlog=c07977b7-c8ef-4f3c-80b1-66a07c6e3dcd@group-C2BDBBDF155D-SegmentedRaftLog:OPENED:c-1,f-1,i0, conf=-1: [d81605c5-54b3-45a8-b5ae-2e8d8890cbef:192.168.164.201:42755, 7f29c796-0732-402f-b865-67033766dcba:192.168.164.201:40704, c07977b7-c8ef-4f3c-80b1-66a07c6e3dcd:192.168.164.201:38664], old=null
2019-10-17 20:28:36,499 [grpc-default-executor-4] INFO  impl.RoleInfo (RoleInfo.java:shutdownFollowerState(121)) - d81605c5-54b3-45a8-b5ae-2e8d8890cbef: shutdown FollowerState
2019-10-17 20:28:36,499 [grpc-default-executor-4] INFO  impl.RoleInfo (RoleInfo.java:updateAndGet(143)) - d81605c5-54b3-45a8-b5ae-2e8d8890cbef: start FollowerState
2019-10-17 20:28:36,499 [Thread-1699] INFO  impl.FollowerState (FollowerState.java:run(117)) - d81605c5-54b3-45a8-b5ae-2e8d8890cbef@group-C2BDBBDF155D-FollowerState was interrupted: java.lang.InterruptedException: sleep interrupted
2019-10-17 20:28:36,521 [c07977b7-c8ef-4f3c-80b1-66a07c6e3dcd@group-C2BDBBDF155D-LeaderElection137] INFO  impl.LeaderElection (LeaderElection.java:askForVotes(178)) - c07977b7-c8ef-4f3c-80b1-66a07c6e3dcd@group-C2BDBBDF155D-LeaderElection137: begin an election at term 110 for -1: [d81605c5-54b3-45a8-b5ae-2e8d8890cbef:192.168.164.201:42755, 7f29c796-0732-402f-b865-67033766dcba:192.168.164.201:40704, c07977b7-c8ef-4f3c-80b1-66a07c6e3dcd:192.168.164.201:38664], old=null
2019-10-17 20:28:36,523 [grpc-default-executor-2] INFO  impl.RaftServerImpl (RaftServerImpl.java:setRole(184)) - d81605c5-54b3-45a8-b5ae-2e8d8890cbef@group-C2BDBBDF155D: changes role from  FOLLOWER to FOLLOWER at term 110 for recognizeCandidate:c07977b7-c8ef-4f3c-80b1-66a07c6e3dcd
2019-10-17 20:28:36,523 [grpc-default-executor-4] INFO  impl.RaftServerImpl (RaftServerImpl.java:setRole(184)) - 7f29c796-0732-402f-b865-67033766dcba@group-C2BDBBDF155D: changes role from  FOLLOWER to FOLLOWER at term 110 for recognizeCandidate:c07977b7-c8ef-4f3c-80b1-66a07c6e3dcd
2019-10-17 20:28:36,523 [grpc-default-executor-2] INFO  impl.RoleInfo (RoleInfo.java:shutdownFollowerState(121)) - d81605c5-54b3-45a8-b5ae-2e8d8890cbef: shutdown FollowerState
2019-10-17 20:28:36,523 [grpc-default-executor-4] INFO  impl.RoleInfo (RoleInfo.java:shutdownFollowerState(121)) - 7f29c796-0732-402f-b865-67033766dcba: shutdown FollowerState
2019-10-17 20:28:36,523 [grpc-default-executor-2] INFO  impl.RoleInfo (RoleInfo.java:updateAndGet(143)) - d81605c5-54b3-45a8-b5ae-2e8d8890cbef: start FollowerState
2019-10-17 20:28:36,524 [Thread-1704] INFO  impl.FollowerState (FollowerState.java:run(117)) - 7f29c796-0732-402f-b865-67033766dcba@group-C2BDBBDF155D-FollowerState was interrupted: java.lang.InterruptedException: sleep interrupted
2019-10-17 20:28:36,524 [grpc-default-executor-4] INFO  impl.RoleInfo (RoleInfo.java:updateAndGet(143)) - 7f29c796-0732-402f-b865-67033766dcba: start FollowerState
2019-10-17 20:28:36,524 [Thread-1705] INFO  impl.FollowerState (FollowerState.java:run(117)) - d81605c5-54b3-45a8-b5ae-2e8d8890cbef@group-C2BDBBDF155D-FollowerState was interrupted: java.lang.InterruptedException: sleep interrupted
2019-10-17 20:28:36,537 [Thread-754] INFO  ozone.MiniOzoneClusterImpl (MiniOzoneClusterImpl.java:lambda$waitForClusterToBeReady$2(164)) - Waiting for 1 number of pipelines out of 4, to report a leader.
2019-10-17 20:28:36,547 [c07977b7-c8ef-4f3c-80b1-66a07c6e3dcd@group-C2BDBBDF155D-LeaderElection137] INFO  impl.LeaderElection (LeaderElection.java:logAndReturn(56)) - c07977b7-c8ef-4f3c-80b1-66a07c6e3dcd@group-C2BDBBDF155D-LeaderElection137: Election REJECTED; received 2 response(s) [c07977b7-c8ef-4f3c-80b1-66a07c6e3dcd<-d81605c5-54b3-45a8-b5ae-2e8d8890cbef#0:FAIL-t110, c07977b7-c8ef-4f3c-80b1-66a07c6e3dcd<-7f29c796-0732-402f-b865-67033766dcba#0:FAIL-t110] and 0 exception(s); c07977b7-c8ef-4f3c-80b1-66a07c6e3dcd@group-C2BDBBDF155D:t110, leader=null, voted=c07977b7-c8ef-4f3c-80b1-66a07c6e3dcd, raftlog=c07977b7-c8ef-4f3c-80b1-66a07c6e3dcd@group-C2BDBBDF155D-SegmentedRaftLog:OPENED:c-1,f-1,i0, conf=-1: [d81605c5-54b3-45a8-b5ae-2e8d8890cbef:192.168.164.201:42755, 7f29c796-0732-402f-b865-67033766dcba:192.168.164.201:40704, c07977b7-c8ef-4f3c-80b1-66a07c6e3dcd:192.168.164.201:38664], old=null
2019-10-17 20:28:36,547 [c07977b7-c8ef-4f3c-80b1-66a07c6e3dcd@group-C2BDBBDF155D-LeaderElection137] INFO  impl.RaftServerImpl (RaftServerImpl.java:setRole(184)) - c07977b7-c8ef-4f3c-80b1-66a07c6e3dcd@group-C2BDBBDF155D: changes role from CANDIDATE to FOLLOWER at term 110 for DISCOVERED_A_NEW_TERM
2019-10-17 20:28:36,547 [c07977b7-c8ef-4f3c-80b1-66a07c6e3dcd@group-C2BDBBDF155D-LeaderElection137] INFO  impl.RoleInfo (RoleInfo.java:shutdownLeaderElection(134)) - c07977b7-c8ef-4f3c-80b1-66a07c6e3dcd: shutdown LeaderElection
2019-10-17 20:28:36,547 [c07977b7-c8ef-4f3c-80b1-66a07c6e3dcd@group-C2BDBBDF155D-LeaderElection137] INFO  impl.RoleInfo (RoleInfo.java:updateAndGet(143)) - c07977b7-c8ef-4f3c-80b1-66a07c6e3dcd: start FollowerState
2019-10-17 20:28:36,574 [Thread-1710] INFO  impl.FollowerState (FollowerState.java:run(108)) - c07977b7-c8ef-4f3c-80b1-66a07c6e3dcd@group-C2BDBBDF155D-FollowerState: change to CANDIDATE, lastRpcTime:26ms, electionTimeout:26ms
2019-10-17 20:28:36,574 [Thread-1710] INFO  impl.RoleInfo (RoleInfo.java:shutdownFollowerState(121)) - c07977b7-c8ef-4f3c-80b1-66a07c6e3dcd: shutdown FollowerState
2019-10-17 20:28:36,574 [Thread-1710] INFO  impl.RaftServerImpl (RaftServerImpl.java:setRole(184)) - c07977b7-c8ef-4f3c-80b1-66a07c6e3dcd@group-C2BDBBDF155D: changes role from  FOLLOWER to CANDIDATE at term 110 for changeToCandidate
2019-10-17 20:28:36,574 [Thread-1710] INFO  impl.RoleInfo (RoleInfo.java:updateAndGet(143)) - c07977b7-c8ef-4f3c-80b1-66a07c6e3dcd: start LeaderElection
2019-10-17 20:28:36,605 [c07977b7-c8ef-4f3c-80b1-66a07c6e3dcd@group-C2BDBBDF155D-LeaderElection138] INFO  impl.LeaderElection (LeaderElection.java:askForVotes(178)) - c07977b7-c8ef-4f3c-80b1-66a07c6e3dcd@group-C2BDBBDF155D-LeaderElection138: begin an election at term 111 for -1: [d81605c5-54b3-45a8-b5ae-2e8d8890cbef:192.168.164.201:42755, 7f29c796-0732-402f-b865-67033766dcba:192.168.164.201:40704, c07977b7-c8ef-4f3c-80b1-66a07c6e3dcd:192.168.164.201:38664], old=null
2019-10-17 20:28:36,607 [grpc-default-executor-2] INFO  impl.RaftServerImpl (RaftServerImpl.java:setRole(184)) - 7f29c796-0732-402f-b865-67033766dcba@group-C2BDBBDF155D: changes role from  FOLLOWER to FOLLOWER at term 111 for recognizeCandidate:c07977b7-c8ef-4f3c-80b1-66a07c6e3dcd
2019-10-17 20:28:36,607 [grpc-default-executor-4] INFO  impl.RaftServerImpl (RaftServerImpl.java:setRole(184)) - d81605c5-54b3-45a8-b5ae-2e8d8890cbef@group-C2BDBBDF155D: changes role from  FOLLOWER to FOLLOWER at term 111 for recognizeCandidate:c07977b7-c8ef-4f3c-80b1-66a07c6e3dcd
2019-10-17 20:28:36,607 [grpc-default-executor-2] INFO  impl.RoleInfo (RoleInfo.java:shutdownFollowerState(121)) - 7f29c796-0732-402f-b865-67033766dcba: shutdown FollowerState
2019-10-17 20:28:36,608 [grpc-default-executor-4] INFO  impl.RoleInfo (RoleInfo.java:shutdownFollowerState(121)) - d81605c5-54b3-45a8-b5ae-2e8d8890cbef: shutdown FollowerState
2019-10-17 20:28:36,608 [Thread-1709] INFO  impl.FollowerState (FollowerState.java:run(117)) - 7f29c796-0732-402f-b865-67033766dcba@group-C2BDBBDF155D-FollowerState was interrupted: java.lang.InterruptedException: sleep interrupted
2019-10-17 20:28:36,608 [grpc-default-executor-2] INFO  impl.RoleInfo (RoleInfo.java:updateAndGet(143)) - 7f29c796-0732-402f-b865-67033766dcba: start FollowerState
2019-10-17 20:28:36,608 [Thread-1708] INFO  impl.FollowerState (FollowerState.java:run(117)) - d81605c5-54b3-45a8-b5ae-2e8d8890cbef@group-C2BDBBDF155D-FollowerState was interrupted: java.lang.InterruptedException: sleep interrupted
2019-10-17 20:28:36,608 [grpc-default-executor-4] INFO  impl.RoleInfo (RoleInfo.java:updateAndGet(143)) - d81605c5-54b3-45a8-b5ae-2e8d8890cbef: start FollowerState
2019-10-17 20:28:36,631 [c07977b7-c8ef-4f3c-80b1-66a07c6e3dcd@group-C2BDBBDF155D-LeaderElection138] INFO  impl.LeaderElection (LeaderElection.java:logAndReturn(56)) - c07977b7-c8ef-4f3c-80b1-66a07c6e3dcd@group-C2BDBBDF155D-LeaderElection138: Election REJECTED; received 2 response(s) [c07977b7-c8ef-4f3c-80b1-66a07c6e3dcd<-d81605c5-54b3-45a8-b5ae-2e8d8890cbef#0:FAIL-t111, c07977b7-c8ef-4f3c-80b1-66a07c6e3dcd<-7f29c796-0732-402f-b865-67033766dcba#0:FAIL-t111] and 0 exception(s); c07977b7-c8ef-4f3c-80b1-66a07c6e3dcd@group-C2BDBBDF155D:t111, leader=null, voted=c07977b7-c8ef-4f3c-80b1-66a07c6e3dcd, raftlog=c07977b7-c8ef-4f3c-80b1-66a07c6e3dcd@group-C2BDBBDF155D-SegmentedRaftLog:OPENED:c-1,f-1,i0, conf=-1: [d81605c5-54b3-45a8-b5ae-2e8d8890cbef:192.168.164.201:42755, 7f29c796-0732-402f-b865-67033766dcba:192.168.164.201:40704, c07977b7-c8ef-4f3c-80b1-66a07c6e3dcd:192.168.164.201:38664], old=null
2019-10-17 20:28:36,631 [c07977b7-c8ef-4f3c-80b1-66a07c6e3dcd@group-C2BDBBDF155D-LeaderElection138] INFO  impl.RaftServerImpl (RaftServerImpl.java:setRole(184)) - c07977b7-c8ef-4f3c-80b1-66a07c6e3dcd@group-C2BDBBDF155D: changes role from CANDIDATE to FOLLOWER at term 111 for DISCOVERED_A_NEW_TERM
2019-10-17 20:28:36,631 [c07977b7-c8ef-4f3c-80b1-66a07c6e3dcd@group-C2BDBBDF155D-LeaderElection138] INFO  impl.RoleInfo (RoleInfo.java:shutdownLeaderElection(134)) - c07977b7-c8ef-4f3c-80b1-66a07c6e3dcd: shutdown LeaderElection
2019-10-17 20:28:36,631 [c07977b7-c8ef-4f3c-80b1-66a07c6e3dcd@group-C2BDBBDF155D-LeaderElection138] INFO  impl.RoleInfo (RoleInfo.java:updateAndGet(143)) - c07977b7-c8ef-4f3c-80b1-66a07c6e3dcd: start FollowerState
2019-10-17 20:28:36,680 [Thread-1716] INFO  impl.FollowerState (FollowerState.java:run(108)) - c07977b7-c8ef-4f3c-80b1-66a07c6e3dcd@group-C2BDBBDF155D-FollowerState: change to CANDIDATE, lastRpcTime:48ms, electionTimeout:48ms
2019-10-17 20:28:36,680 [Thread-1716] INFO  impl.RoleInfo (RoleInfo.java:shutdownFollowerState(121)) - c07977b7-c8ef-4f3c-80b1-66a07c6e3dcd: shutdown FollowerState
2019-10-17 20:28:36,680 [Thread-1716] INFO  impl.RaftServerImpl (RaftServerImpl.java:setRole(184)) - c07977b7-c8ef-4f3c-80b1-66a07c6e3dcd@group-C2BDBBDF155D: changes role from  FOLLOWER to CANDIDATE at term 111 for changeToCandidate
2019-10-17 20:28:36,680 [Thread-1716] INFO  impl.RoleInfo (RoleInfo.java:updateAndGet(143)) - c07977b7-c8ef-4f3c-80b1-66a07c6e3dcd: start LeaderElection
2019-10-17 20:28:36,705 [c07977b7-c8ef-4f3c-80b1-66a07c6e3dcd@group-C2BDBBDF155D-LeaderElection139] INFO  impl.LeaderElection (LeaderElection.java:askForVotes(178)) - c07977b7-c8ef-4f3c-80b1-66a07c6e3dcd@group-C2BDBBDF155D-LeaderElection139: begin an election at term 112 for -1: [d81605c5-54b3-45a8-b5ae-2e8d8890cbef:192.168.164.201:42755, 7f29c796-0732-402f-b865-67033766dcba:192.168.164.201:40704, c07977b7-c8ef-4f3c-80b1-66a07c6e3dcd:192.168.164.201:38664], old=null
2019-10-17 20:28:36,708 [grpc-default-executor-2] INFO  impl.RaftServerImpl (RaftServerImpl.java:setRole(184)) - 7f29c796-0732-402f-b865-67033766dcba@group-C2BDBBDF155D: changes role from  FOLLOWER to FOLLOWER at term 112 for recognizeCandidate:c07977b7-c8ef-4f3c-80b1-66a07c6e3dcd
2019-10-17 20:28:36,708 [grpc-default-executor-4] INFO  impl.RaftServerImpl (RaftServerImpl.java:setRole(184)) - d81605c5-54b3-45a8-b5ae-2e8d8890cbef@group-C2BDBBDF155D: changes role from  FOLLOWER to FOLLOWER at term 112 for recognizeCandidate:c07977b7-c8ef-4f3c-80b1-66a07c6e3dcd
2019-10-17 20:28:36,709 [grpc-default-executor-2] INFO  impl.RoleInfo (RoleInfo.java:shutdownFollowerState(121)) - 7f29c796-0732-402f-b865-67033766dcba: shutdown FollowerState
2019-10-17 20:28:36,709 [grpc-default-executor-4] INFO  impl.RoleInfo (RoleInfo.java:shutdownFollowerState(121)) - d81605c5-54b3-45a8-b5ae-2e8d8890cbef: shutdown FollowerState
2019-10-17 20:28:36,709 [Thread-1714] INFO  impl.FollowerState (FollowerState.java:run(117)) - 7f29c796-0732-402f-b865-67033766dcba@group-C2BDBBDF155D-FollowerState was interrupted: java.lang.InterruptedException: sleep interrupted
2019-10-17 20:28:36,709 [grpc-default-executor-2] INFO  impl.RoleInfo (RoleInfo.java:updateAndGet(143)) - 7f29c796-0732-402f-b865-67033766dcba: start FollowerState
2019-10-17 20:28:36,709 [Thread-1715] INFO  impl.FollowerState (FollowerState.java:run(117)) - d81605c5-54b3-45a8-b5ae-2e8d8890cbef@group-C2BDBBDF155D-FollowerState was interrupted: java.lang.InterruptedException: sleep interrupted
2019-10-17 20:28:36,709 [grpc-default-executor-4] INFO  impl.RoleInfo (RoleInfo.java:updateAndGet(143)) - d81605c5-54b3-45a8-b5ae-2e8d8890cbef: start FollowerState
2019-10-17 20:28:36,732 [c07977b7-c8ef-4f3c-80b1-66a07c6e3dcd@group-C2BDBBDF155D-LeaderElection139] INFO  impl.LeaderElection (LeaderElection.java:logAndReturn(56)) - c07977b7-c8ef-4f3c-80b1-66a07c6e3dcd@group-C2BDBBDF155D-LeaderElection139: Election REJECTED; received 2 response(s) [c07977b7-c8ef-4f3c-80b1-66a07c6e3dcd<-d81605c5-54b3-45a8-b5ae-2e8d8890cbef#0:FAIL-t112, c07977b7-c8ef-4f3c-80b1-66a07c6e3dcd<-7f29c796-0732-402f-b865-67033766dcba#0:FAIL-t112] and 0 exception(s); c07977b7-c8ef-4f3c-80b1-66a07c6e3dcd@group-C2BDBBDF155D:t112, leader=null, voted=c07977b7-c8ef-4f3c-80b1-66a07c6e3dcd, raftlog=c07977b7-c8ef-4f3c-80b1-66a07c6e3dcd@group-C2BDBBDF155D-SegmentedRaftLog:OPENED:c-1,f-1,i0, conf=-1: [d81605c5-54b3-45a8-b5ae-2e8d8890cbef:192.168.164.201:42755, 7f29c796-0732-402f-b865-67033766dcba:192.168.164.201:40704, c07977b7-c8ef-4f3c-80b1-66a07c6e3dcd:192.168.164.201:38664], old=null
2019-10-17 20:28:36,732 [c07977b7-c8ef-4f3c-80b1-66a07c6e3dcd@group-C2BDBBDF155D-LeaderElection139] INFO  impl.RaftServerImpl (RaftServerImpl.java:setRole(184)) - c07977b7-c8ef-4f3c-80b1-66a07c6e3dcd@group-C2BDBBDF155D: changes role from CANDIDATE to FOLLOWER at term 112 for DISCOVERED_A_NEW_TERM
2019-10-17 20:28:36,732 [c07977b7-c8ef-4f3c-80b1-66a07c6e3dcd@group-C2BDBBDF155D-LeaderElection139] INFO  impl.RoleInfo (RoleInfo.java:shutdownLeaderElection(134)) - c07977b7-c8ef-4f3c-80b1-66a07c6e3dcd: shutdown LeaderElection
2019-10-17 20:28:36,732 [c07977b7-c8ef-4f3c-80b1-66a07c6e3dcd@group-C2BDBBDF155D-LeaderElection139] INFO  impl.RoleInfo (RoleInfo.java:updateAndGet(143)) - c07977b7-c8ef-4f3c-80b1-66a07c6e3dcd: start FollowerState
2019-10-17 20:28:36,807 [Thread-1722] INFO  impl.FollowerState (FollowerState.java:run(108)) - c07977b7-c8ef-4f3c-80b1-66a07c6e3dcd@group-C2BDBBDF155D-FollowerState: change to CANDIDATE, lastRpcTime:74ms, electionTimeout:74ms
2019-10-17 20:28:36,807 [Thread-1722] INFO  impl.RoleInfo (RoleInfo.java:shutdownFollowerState(121)) - c07977b7-c8ef-4f3c-80b1-66a07c6e3dcd: shutdown FollowerState
2019-10-17 20:28:36,807 [Thread-1722] INFO  impl.RaftServerImpl (RaftServerImpl.java:setRole(184)) - c07977b7-c8ef-4f3c-80b1-66a07c6e3dcd@group-C2BDBBDF155D: changes role from  FOLLOWER to CANDIDATE at term 112 for changeToCandidate
2019-10-17 20:28:36,808 [Thread-1722] INFO  impl.RoleInfo (RoleInfo.java:updateAndGet(143)) - c07977b7-c8ef-4f3c-80b1-66a07c6e3dcd: start LeaderElection
2019-10-17 20:28:36,831 [c07977b7-c8ef-4f3c-80b1-66a07c6e3dcd@group-C2BDBBDF155D-LeaderElection140] INFO  impl.LeaderElection (LeaderElection.java:askForVotes(178)) - c07977b7-c8ef-4f3c-80b1-66a07c6e3dcd@group-C2BDBBDF155D-LeaderElection140: begin an election at term 113 for -1: [d81605c5-54b3-45a8-b5ae-2e8d8890cbef:192.168.164.201:42755, 7f29c796-0732-402f-b865-67033766dcba:192.168.164.201:40704, c07977b7-c8ef-4f3c-80b1-66a07c6e3dcd:192.168.164.201:38664], old=null
2019-10-17 20:28:36,834 [grpc-default-executor-2] INFO  impl.RaftServerImpl (RaftServerImpl.java:setRole(184)) - 7f29c796-0732-402f-b865-67033766dcba@group-C2BDBBDF155D: changes role from  FOLLOWER to FOLLOWER at term 113 for recognizeCandidate:c07977b7-c8ef-4f3c-80b1-66a07c6e3dcd
2019-10-17 20:28:36,834 [grpc-default-executor-2] INFO  impl.RoleInfo (RoleInfo.java:shutdownFollowerState(121)) - 7f29c796-0732-402f-b865-67033766dcba: shutdown FollowerState
2019-10-17 20:28:36,834 [grpc-default-executor-4] INFO  impl.RaftServerImpl (RaftServerImpl.java:setRole(184)) - d81605c5-54b3-45a8-b5ae-2e8d8890cbef@group-C2BDBBDF155D: changes role from  FOLLOWER to FOLLOWER at term 113 for recognizeCandidate:c07977b7-c8ef-4f3c-80b1-66a07c6e3dcd
2019-10-17 20:28:36,835 [Thread-1720] INFO  impl.FollowerState (FollowerState.java:run(117)) - 7f29c796-0732-402f-b865-67033766dcba@group-C2BDBBDF155D-FollowerState was interrupted: java.lang.InterruptedException: sleep interrupted
2019-10-17 20:28:36,835 [grpc-default-executor-2] INFO  impl.RoleInfo (RoleInfo.java:updateAndGet(143)) - 7f29c796-0732-402f-b865-67033766dcba: start FollowerState
2019-10-17 20:28:36,835 [grpc-default-executor-4] INFO  impl.RoleInfo (RoleInfo.java:shutdownFollowerState(121)) - d81605c5-54b3-45a8-b5ae-2e8d8890cbef: shutdown FollowerState
2019-10-17 20:28:36,835 [grpc-default-executor-4] INFO  impl.RoleInfo (RoleInfo.java:updateAndGet(143)) - d81605c5-54b3-45a8-b5ae-2e8d8890cbef: start FollowerState
2019-10-17 20:28:36,835 [Thread-1721] INFO  impl.FollowerState (FollowerState.java:run(117)) - d81605c5-54b3-45a8-b5ae-2e8d8890cbef@group-C2BDBBDF155D-FollowerState was interrupted: java.lang.InterruptedException: sleep interrupted
2019-10-17 20:28:36,852 [c07977b7-c8ef-4f3c-80b1-66a07c6e3dcd@group-C2BDBBDF155D-LeaderElection140] INFO  impl.LeaderElection (LeaderElection.java:logAndReturn(56)) - c07977b7-c8ef-4f3c-80b1-66a07c6e3dcd@group-C2BDBBDF155D-LeaderElection140: Election TIMEOUT; received 0 response(s) [] and 0 exception(s); c07977b7-c8ef-4f3c-80b1-66a07c6e3dcd@group-C2BDBBDF155D:t113, leader=null, voted=c07977b7-c8ef-4f3c-80b1-66a07c6e3dcd, raftlog=c07977b7-c8ef-4f3c-80b1-66a07c6e3dcd@group-C2BDBBDF155D-SegmentedRaftLog:OPENED:c-1,f-1,i0, conf=-1: [d81605c5-54b3-45a8-b5ae-2e8d8890cbef:192.168.164.201:42755, 7f29c796-0732-402f-b865-67033766dcba:192.168.164.201:40704, c07977b7-c8ef-4f3c-80b1-66a07c6e3dcd:192.168.164.201:38664], old=null
2019-10-17 20:28:36,873 [c07977b7-c8ef-4f3c-80b1-66a07c6e3dcd@group-C2BDBBDF155D-LeaderElection140] INFO  impl.LeaderElection (LeaderElection.java:askForVotes(178)) - c07977b7-c8ef-4f3c-80b1-66a07c6e3dcd@group-C2BDBBDF155D-LeaderElection140: begin an election at term 114 for -1: [d81605c5-54b3-45a8-b5ae-2e8d8890cbef:192.168.164.201:42755, 7f29c796-0732-402f-b865-67033766dcba:192.168.164.201:40704, c07977b7-c8ef-4f3c-80b1-66a07c6e3dcd:192.168.164.201:38664], old=null
2019-10-17 20:28:36,876 [grpc-default-executor-2] INFO  impl.RaftServerImpl (RaftServerImpl.java:setRole(184)) - d81605c5-54b3-45a8-b5ae-2e8d8890cbef@group-C2BDBBDF155D: changes role from  FOLLOWER to FOLLOWER at term 114 for recognizeCandidate:c07977b7-c8ef-4f3c-80b1-66a07c6e3dcd
2019-10-17 20:28:36,876 [grpc-default-executor-4] INFO  impl.RaftServerImpl (RaftServerImpl.java:setRole(184)) - 7f29c796-0732-402f-b865-67033766dcba@group-C2BDBBDF155D: changes role from  FOLLOWER to FOLLOWER at term 114 for recognizeCandidate:c07977b7-c8ef-4f3c-80b1-66a07c6e3dcd
2019-10-17 20:28:36,876 [grpc-default-executor-2] INFO  impl.RoleInfo (RoleInfo.java:shutdownFollowerState(121)) - d81605c5-54b3-45a8-b5ae-2e8d8890cbef: shutdown FollowerState
2019-10-17 20:28:36,876 [grpc-default-executor-4] INFO  impl.RoleInfo (RoleInfo.java:shutdownFollowerState(121)) - 7f29c796-0732-402f-b865-67033766dcba: shutdown FollowerState
2019-10-17 20:28:36,876 [Thread-1727] INFO  impl.FollowerState (FollowerState.java:run(117)) - d81605c5-54b3-45a8-b5ae-2e8d8890cbef@group-C2BDBBDF155D-FollowerState was interrupted: java.lang.InterruptedException: sleep interrupted
2019-10-17 20:28:36,876 [grpc-default-executor-2] INFO  impl.RoleInfo (RoleInfo.java:updateAndGet(143)) - d81605c5-54b3-45a8-b5ae-2e8d8890cbef: start FollowerState
2019-10-17 20:28:36,876 [Thread-1726] INFO  impl.FollowerState (FollowerState.java:run(117)) - 7f29c796-0732-402f-b865-67033766dcba@group-C2BDBBDF155D-FollowerState was interrupted: java.lang.InterruptedException: sleep interrupted
2019-10-17 20:28:36,876 [grpc-default-executor-4] INFO  impl.RoleInfo (RoleInfo.java:updateAndGet(143)) - 7f29c796-0732-402f-b865-67033766dcba: start FollowerState
2019-10-17 20:28:36,900 [c07977b7-c8ef-4f3c-80b1-66a07c6e3dcd@group-C2BDBBDF155D-LeaderElection140] INFO  impl.LeaderElection (LeaderElection.java:logAndReturn(56)) - c07977b7-c8ef-4f3c-80b1-66a07c6e3dcd@group-C2BDBBDF155D-LeaderElection140: Election REJECTED; received 2 response(s) [c07977b7-c8ef-4f3c-80b1-66a07c6e3dcd<-d81605c5-54b3-45a8-b5ae-2e8d8890cbef#0:FAIL-t114, c07977b7-c8ef-4f3c-80b1-66a07c6e3dcd<-7f29c796-0732-402f-b865-67033766dcba#0:FAIL-t114] and 0 exception(s); c07977b7-c8ef-4f3c-80b1-66a07c6e3dcd@group-C2BDBBDF155D:t114, leader=null, voted=c07977b7-c8ef-4f3c-80b1-66a07c6e3dcd, raftlog=c07977b7-c8ef-4f3c-80b1-66a07c6e3dcd@group-C2BDBBDF155D-SegmentedRaftLog:OPENED:c-1,f-1,i0, conf=-1: [d81605c5-54b3-45a8-b5ae-2e8d8890cbef:192.168.164.201:42755, 7f29c796-0732-402f-b865-67033766dcba:192.168.164.201:40704, c07977b7-c8ef-4f3c-80b1-66a07c6e3dcd:192.168.164.201:38664], old=null
2019-10-17 20:28:36,900 [c07977b7-c8ef-4f3c-80b1-66a07c6e3dcd@group-C2BDBBDF155D-LeaderElection140] INFO  impl.RaftServerImpl (RaftServerImpl.java:setRole(184)) - c07977b7-c8ef-4f3c-80b1-66a07c6e3dcd@group-C2BDBBDF155D: changes role from CANDIDATE to FOLLOWER at term 114 for DISCOVERED_A_NEW_TERM
2019-10-17 20:28:36,900 [c07977b7-c8ef-4f3c-80b1-66a07c6e3dcd@group-C2BDBBDF155D-LeaderElection140] INFO  impl.RoleInfo (RoleInfo.java:shutdownLeaderElection(134)) - c07977b7-c8ef-4f3c-80b1-66a07c6e3dcd: shutdown LeaderElection
2019-10-17 20:28:36,900 [c07977b7-c8ef-4f3c-80b1-66a07c6e3dcd@group-C2BDBBDF155D-LeaderElection140] INFO  impl.RoleInfo (RoleInfo.java:updateAndGet(143)) - c07977b7-c8ef-4f3c-80b1-66a07c6e3dcd: start FollowerState
2019-10-17 20:28:37,032 [Thread-1732] INFO  impl.FollowerState (FollowerState.java:run(108)) - c07977b7-c8ef-4f3c-80b1-66a07c6e3dcd@group-C2BDBBDF155D-FollowerState: change to CANDIDATE, lastRpcTime:131ms, electionTimeout:131ms
2019-10-17 20:28:37,032 [Thread-1732] INFO  impl.RoleInfo (RoleInfo.java:shutdownFollowerState(121)) - c07977b7-c8ef-4f3c-80b1-66a07c6e3dcd: shutdown FollowerState
2019-10-17 20:28:37,032 [Thread-1732] INFO  impl.RaftServerImpl (RaftServerImpl.java:setRole(184)) - c07977b7-c8ef-4f3c-80b1-66a07c6e3dcd@group-C2BDBBDF155D: changes role from  FOLLOWER to CANDIDATE at term 114 for changeToCandidate
2019-10-17 20:28:37,032 [Thread-1732] INFO  impl.RoleInfo (RoleInfo.java:updateAndGet(143)) - c07977b7-c8ef-4f3c-80b1-66a07c6e3dcd: start LeaderElection
2019-10-17 20:28:37,057 [c07977b7-c8ef-4f3c-80b1-66a07c6e3dcd@group-C2BDBBDF155D-LeaderElection141] INFO  impl.LeaderElection (LeaderElection.java:askForVotes(178)) - c07977b7-c8ef-4f3c-80b1-66a07c6e3dcd@group-C2BDBBDF155D-LeaderElection141: begin an election at term 115 for -1: [d81605c5-54b3-45a8-b5ae-2e8d8890cbef:192.168.164.201:42755, 7f29c796-0732-402f-b865-67033766dcba:192.168.164.201:40704, c07977b7-c8ef-4f3c-80b1-66a07c6e3dcd:192.168.164.201:38664], old=null
2019-10-17 20:28:37,060 [grpc-default-executor-4] INFO  impl.RaftServerImpl (RaftServerImpl.java:setRole(184)) - d81605c5-54b3-45a8-b5ae-2e8d8890cbef@group-C2BDBBDF155D: changes role from  FOLLOWER to FOLLOWER at term 115 for recognizeCandidate:c07977b7-c8ef-4f3c-80b1-66a07c6e3dcd
2019-10-17 20:28:37,060 [grpc-default-executor-2] INFO  impl.RaftServerImpl (RaftServerImpl.java:setRole(184)) - 7f29c796-0732-402f-b865-67033766dcba@group-C2BDBBDF155D: changes role from  FOLLOWER to FOLLOWER at term 115 for recognizeCandidate:c07977b7-c8ef-4f3c-80b1-66a07c6e3dcd
2019-10-17 20:28:37,060 [grpc-default-executor-4] INFO  impl.RoleInfo (RoleInfo.java:shutdownFollowerState(121)) - d81605c5-54b3-45a8-b5ae-2e8d8890cbef: shutdown FollowerState
2019-10-17 20:28:37,061 [grpc-default-executor-2] INFO  impl.RoleInfo (RoleInfo.java:shutdownFollowerState(121)) - 7f29c796-0732-402f-b865-67033766dcba: shutdown FollowerState
2019-10-17 20:28:37,061 [grpc-default-executor-2] INFO  impl.RoleInfo (RoleInfo.java:updateAndGet(143)) - 7f29c796-0732-402f-b865-67033766dcba: start FollowerState
2019-10-17 20:28:37,061 [Thread-1730] INFO  impl.FollowerState (FollowerState.java:run(117)) - d81605c5-54b3-45a8-b5ae-2e8d8890cbef@group-C2BDBBDF155D-FollowerState was interrupted: java.lang.InterruptedException: sleep interrupted
2019-10-17 20:28:37,061 [grpc-default-executor-4] INFO  impl.RoleInfo (RoleInfo.java:updateAndGet(143)) - d81605c5-54b3-45a8-b5ae-2e8d8890cbef: start FollowerState
2019-10-17 20:28:37,061 [Thread-1731] INFO  impl.FollowerState (FollowerState.java:run(117)) - 7f29c796-0732-402f-b865-67033766dcba@group-C2BDBBDF155D-FollowerState was interrupted: java.lang.InterruptedException: sleep interrupted
2019-10-17 20:28:37,084 [c07977b7-c8ef-4f3c-80b1-66a07c6e3dcd@group-C2BDBBDF155D-LeaderElection141] INFO  impl.LeaderElection (LeaderElection.java:logAndReturn(56)) - c07977b7-c8ef-4f3c-80b1-66a07c6e3dcd@group-C2BDBBDF155D-LeaderElection141: Election REJECTED; received 2 response(s) [c07977b7-c8ef-4f3c-80b1-66a07c6e3dcd<-d81605c5-54b3-45a8-b5ae-2e8d8890cbef#0:FAIL-t115, c07977b7-c8ef-4f3c-80b1-66a07c6e3dcd<-7f29c796-0732-402f-b865-67033766dcba#0:FAIL-t115] and 0 exception(s); c07977b7-c8ef-4f3c-80b1-66a07c6e3dcd@group-C2BDBBDF155D:t115, leader=null, voted=c07977b7-c8ef-4f3c-80b1-66a07c6e3dcd, raftlog=c07977b7-c8ef-4f3c-80b1-66a07c6e3dcd@group-C2BDBBDF155D-SegmentedRaftLog:OPENED:c-1,f-1,i0, conf=-1: [d81605c5-54b3-45a8-b5ae-2e8d8890cbef:192.168.164.201:42755, 7f29c796-0732-402f-b865-67033766dcba:192.168.164.201:40704, c07977b7-c8ef-4f3c-80b1-66a07c6e3dcd:192.168.164.201:38664], old=null
2019-10-17 20:28:37,084 [c07977b7-c8ef-4f3c-80b1-66a07c6e3dcd@group-C2BDBBDF155D-LeaderElection141] INFO  impl.RaftServerImpl (RaftServerImpl.java:setRole(184)) - c07977b7-c8ef-4f3c-80b1-66a07c6e3dcd@group-C2BDBBDF155D: changes role from CANDIDATE to FOLLOWER at term 115 for DISCOVERED_A_NEW_TERM
2019-10-17 20:28:37,084 [c07977b7-c8ef-4f3c-80b1-66a07c6e3dcd@group-C2BDBBDF155D-LeaderElection141] INFO  impl.RoleInfo (RoleInfo.java:shutdownLeaderElection(134)) - c07977b7-c8ef-4f3c-80b1-66a07c6e3dcd: shutdown LeaderElection
2019-10-17 20:28:37,084 [c07977b7-c8ef-4f3c-80b1-66a07c6e3dcd@group-C2BDBBDF155D-LeaderElection141] INFO  impl.RoleInfo (RoleInfo.java:updateAndGet(143)) - c07977b7-c8ef-4f3c-80b1-66a07c6e3dcd: start FollowerState
2019-10-17 20:28:37,198 [Thread-1738] INFO  impl.FollowerState (FollowerState.java:run(108)) - c07977b7-c8ef-4f3c-80b1-66a07c6e3dcd@group-C2BDBBDF155D-FollowerState: change to CANDIDATE, lastRpcTime:113ms, electionTimeout:113ms
2019-10-17 20:28:37,198 [Thread-1738] INFO  impl.RoleInfo (RoleInfo.java:shutdownFollowerState(121)) - c07977b7-c8ef-4f3c-80b1-66a07c6e3dcd: shutdown FollowerState
2019-10-17 20:28:37,198 [Thread-1738] INFO  impl.RaftServerImpl (RaftServerImpl.java:setRole(184)) - c07977b7-c8ef-4f3c-80b1-66a07c6e3dcd@group-C2BDBBDF155D: changes role from  FOLLOWER to CANDIDATE at term 115 for changeToCandidate
2019-10-17 20:28:37,198 [Thread-1738] INFO  impl.RoleInfo (RoleInfo.java:updateAndGet(143)) - c07977b7-c8ef-4f3c-80b1-66a07c6e3dcd: start LeaderElection
2019-10-17 20:28:37,233 [c07977b7-c8ef-4f3c-80b1-66a07c6e3dcd@group-C2BDBBDF155D-LeaderElection142] INFO  impl.LeaderElection (LeaderElection.java:askForVotes(178)) - c07977b7-c8ef-4f3c-80b1-66a07c6e3dcd@group-C2BDBBDF155D-LeaderElection142: begin an election at term 116 for -1: [d81605c5-54b3-45a8-b5ae-2e8d8890cbef:192.168.164.201:42755, 7f29c796-0732-402f-b865-67033766dcba:192.168.164.201:40704, c07977b7-c8ef-4f3c-80b1-66a07c6e3dcd:192.168.164.201:38664], old=null
2019-10-17 20:28:37,235 [grpc-default-executor-4] INFO  impl.RaftServerImpl (RaftServerImpl.java:setRole(184)) - d81605c5-54b3-45a8-b5ae-2e8d8890cbef@group-C2BDBBDF155D: changes role from  FOLLOWER to FOLLOWER at term 116 for recognizeCandidate:c07977b7-c8ef-4f3c-80b1-66a07c6e3dcd
2019-10-17 20:28:37,236 [grpc-default-executor-4] INFO  impl.RoleInfo (RoleInfo.java:shutdownFollowerState(121)) - d81605c5-54b3-45a8-b5ae-2e8d8890cbef: shutdown FollowerState
2019-10-17 20:28:37,236 [grpc-default-executor-2] INFO  impl.RaftServerImpl (RaftServerImpl.java:setRole(184)) - 7f29c796-0732-402f-b865-67033766dcba@group-C2BDBBDF155D: changes role from  FOLLOWER to FOLLOWER at term 116 for recognizeCandidate:c07977b7-c8ef-4f3c-80b1-66a07c6e3dcd
2019-10-17 20:28:37,236 [grpc-default-executor-2] INFO  impl.RoleInfo (RoleInfo.java:shutdownFollowerState(121)) - 7f29c796-0732-402f-b865-67033766dcba: shutdown FollowerState
2019-10-17 20:28:37,236 [Thread-1736] INFO  impl.FollowerState (FollowerState.java:run(117)) - d81605c5-54b3-45a8-b5ae-2e8d8890cbef@group-C2BDBBDF155D-FollowerState was interrupted: java.lang.InterruptedException: sleep interrupted
2019-10-17 20:28:37,236 [grpc-default-executor-4] INFO  impl.RoleInfo (RoleInfo.java:updateAndGet(143)) - d81605c5-54b3-45a8-b5ae-2e8d8890cbef: start FollowerState
2019-10-17 20:28:37,236 [Thread-1737] INFO  impl.FollowerState (FollowerState.java:run(117)) - 7f29c796-0732-402f-b865-67033766dcba@group-C2BDBBDF155D-FollowerState was interrupted: java.lang.InterruptedException: sleep interrupted
2019-10-17 20:28:37,236 [grpc-default-executor-2] INFO  impl.RoleInfo (RoleInfo.java:updateAndGet(143)) - 7f29c796-0732-402f-b865-67033766dcba: start FollowerState
2019-10-17 20:28:37,238 [c07977b7-c8ef-4f3c-80b1-66a07c6e3dcd@group-C2BDBBDF155D-LeaderElection142] INFO  impl.LeaderElection (LeaderElection.java:logAndReturn(56)) - c07977b7-c8ef-4f3c-80b1-66a07c6e3dcd@group-C2BDBBDF155D-LeaderElection142: Election TIMEOUT; received 0 response(s) [] and 0 exception(s); c07977b7-c8ef-4f3c-80b1-66a07c6e3dcd@group-C2BDBBDF155D:t116, leader=null, voted=c07977b7-c8ef-4f3c-80b1-66a07c6e3dcd, raftlog=c07977b7-c8ef-4f3c-80b1-66a07c6e3dcd@group-C2BDBBDF155D-SegmentedRaftLog:OPENED:c-1,f-1,i0, conf=-1: [d81605c5-54b3-45a8-b5ae-2e8d8890cbef:192.168.164.201:42755, 7f29c796-0732-402f-b865-67033766dcba:192.168.164.201:40704, c07977b7-c8ef-4f3c-80b1-66a07c6e3dcd:192.168.164.201:38664], old=null
2019-10-17 20:28:37,258 [c07977b7-c8ef-4f3c-80b1-66a07c6e3dcd@group-C2BDBBDF155D-LeaderElection142] INFO  impl.LeaderElection (LeaderElection.java:askForVotes(178)) - c07977b7-c8ef-4f3c-80b1-66a07c6e3dcd@group-C2BDBBDF155D-LeaderElection142: begin an election at term 117 for -1: [d81605c5-54b3-45a8-b5ae-2e8d8890cbef:192.168.164.201:42755, 7f29c796-0732-402f-b865-67033766dcba:192.168.164.201:40704, c07977b7-c8ef-4f3c-80b1-66a07c6e3dcd:192.168.164.201:38664], old=null
2019-10-17 20:28:37,261 [grpc-default-executor-4] INFO  impl.RaftServerImpl (RaftServerImpl.java:setRole(184)) - d81605c5-54b3-45a8-b5ae-2e8d8890cbef@group-C2BDBBDF155D: changes role from  FOLLOWER to FOLLOWER at term 117 for recognizeCandidate:c07977b7-c8ef-4f3c-80b1-66a07c6e3dcd
2019-10-17 20:28:37,261 [grpc-default-executor-4] INFO  impl.RoleInfo (RoleInfo.java:shutdownFollowerState(121)) - d81605c5-54b3-45a8-b5ae-2e8d8890cbef: shutdown FollowerState
2019-10-17 20:28:37,262 [grpc-default-executor-4] INFO  impl.RoleInfo (RoleInfo.java:updateAndGet(143)) - d81605c5-54b3-45a8-b5ae-2e8d8890cbef: start FollowerState
2019-10-17 20:28:37,262 [Thread-1742] INFO  impl.FollowerState (FollowerState.java:run(117)) - d81605c5-54b3-45a8-b5ae-2e8d8890cbef@group-C2BDBBDF155D-FollowerState was interrupted: java.lang.InterruptedException: sleep interrupted
2019-10-17 20:28:37,262 [grpc-default-executor-2] INFO  impl.RaftServerImpl (RaftServerImpl.java:setRole(184)) - 7f29c796-0732-402f-b865-67033766dcba@group-C2BDBBDF155D: changes role from  FOLLOWER to FOLLOWER at term 117 for recognizeCandidate:c07977b7-c8ef-4f3c-80b1-66a07c6e3dcd
2019-10-17 20:28:37,263 [grpc-default-executor-2] INFO  impl.RoleInfo (RoleInfo.java:shutdownFollowerState(121)) - 7f29c796-0732-402f-b865-67033766dcba: shutdown FollowerState
2019-10-17 20:28:37,263 [grpc-default-executor-2] INFO  impl.RoleInfo (RoleInfo.java:updateAndGet(143)) - 7f29c796-0732-402f-b865-67033766dcba: start FollowerState
2019-10-17 20:28:37,263 [Thread-1743] INFO  impl.FollowerState (FollowerState.java:run(117)) - 7f29c796-0732-402f-b865-67033766dcba@group-C2BDBBDF155D-FollowerState was interrupted: java.lang.InterruptedException: sleep interrupted
2019-10-17 20:28:37,285 [c07977b7-c8ef-4f3c-80b1-66a07c6e3dcd@group-C2BDBBDF155D-LeaderElection142] INFO  impl.LeaderElection (LeaderElection.java:logAndReturn(56)) - c07977b7-c8ef-4f3c-80b1-66a07c6e3dcd@group-C2BDBBDF155D-LeaderElection142: Election REJECTED; received 2 response(s) [c07977b7-c8ef-4f3c-80b1-66a07c6e3dcd<-d81605c5-54b3-45a8-b5ae-2e8d8890cbef#0:FAIL-t117, c07977b7-c8ef-4f3c-80b1-66a07c6e3dcd<-7f29c796-0732-402f-b865-67033766dcba#0:FAIL-t117] and 0 exception(s); c07977b7-c8ef-4f3c-80b1-66a07c6e3dcd@group-C2BDBBDF155D:t117, leader=null, voted=c07977b7-c8ef-4f3c-80b1-66a07c6e3dcd, raftlog=c07977b7-c8ef-4f3c-80b1-66a07c6e3dcd@group-C2BDBBDF155D-SegmentedRaftLog:OPENED:c-1,f-1,i0, conf=-1: [d81605c5-54b3-45a8-b5ae-2e8d8890cbef:192.168.164.201:42755, 7f29c796-0732-402f-b865-67033766dcba:192.168.164.201:40704, c07977b7-c8ef-4f3c-80b1-66a07c6e3dcd:192.168.164.201:38664], old=null
2019-10-17 20:28:37,285 [c07977b7-c8ef-4f3c-80b1-66a07c6e3dcd@group-C2BDBBDF155D-LeaderElection142] INFO  impl.RaftServerImpl (RaftServerImpl.java:setRole(184)) - c07977b7-c8ef-4f3c-80b1-66a07c6e3dcd@group-C2BDBBDF155D: changes role from CANDIDATE to FOLLOWER at term 117 for DISCOVERED_A_NEW_TERM
2019-10-17 20:28:37,285 [c07977b7-c8ef-4f3c-80b1-66a07c6e3dcd@group-C2BDBBDF155D-LeaderElection142] INFO  impl.RoleInfo (RoleInfo.java:shutdownLeaderElection(134)) - c07977b7-c8ef-4f3c-80b1-66a07c6e3dcd: shutdown LeaderElection
2019-10-17 20:28:37,285 [c07977b7-c8ef-4f3c-80b1-66a07c6e3dcd@group-C2BDBBDF155D-LeaderElection142] INFO  impl.RoleInfo (RoleInfo.java:updateAndGet(143)) - c07977b7-c8ef-4f3c-80b1-66a07c6e3dcd: start FollowerState
2019-10-17 20:28:37,367 [Thread-1748] INFO  impl.FollowerState (FollowerState.java:run(108)) - c07977b7-c8ef-4f3c-80b1-66a07c6e3dcd@group-C2BDBBDF155D-FollowerState: change to CANDIDATE, lastRpcTime:81ms, electionTimeout:81ms
2019-10-17 20:28:37,367 [Thread-1748] INFO  impl.RoleInfo (RoleInfo.java:shutdownFollowerState(121)) - c07977b7-c8ef-4f3c-80b1-66a07c6e3dcd: shutdown FollowerState
2019-10-17 20:28:37,367 [Thread-1748] INFO  impl.RaftServerImpl (RaftServerImpl.java:setRole(184)) - c07977b7-c8ef-4f3c-80b1-66a07c6e3dcd@group-C2BDBBDF155D: changes role from  FOLLOWER to CANDIDATE at term 117 for changeToCandidate
2019-10-17 20:28:37,367 [Thread-1748] INFO  impl.RoleInfo (RoleInfo.java:updateAndGet(143)) - c07977b7-c8ef-4f3c-80b1-66a07c6e3dcd: start LeaderElection
2019-10-17 20:28:37,392 [c07977b7-c8ef-4f3c-80b1-66a07c6e3dcd@group-C2BDBBDF155D-LeaderElection143] INFO  impl.LeaderElection (LeaderElection.java:askForVotes(178)) - c07977b7-c8ef-4f3c-80b1-66a07c6e3dcd@group-C2BDBBDF155D-LeaderElection143: begin an election at term 118 for -1: [d81605c5-54b3-45a8-b5ae-2e8d8890cbef:192.168.164.201:42755, 7f29c796-0732-402f-b865-67033766dcba:192.168.164.201:40704, c07977b7-c8ef-4f3c-80b1-66a07c6e3dcd:192.168.164.201:38664], old=null
2019-10-17 20:28:37,396 [grpc-default-executor-2] INFO  impl.RaftServerImpl (RaftServerImpl.java:setRole(184)) - d81605c5-54b3-45a8-b5ae-2e8d8890cbef@group-C2BDBBDF155D: changes role from  FOLLOWER to FOLLOWER at term 118 for recognizeCandidate:c07977b7-c8ef-4f3c-80b1-66a07c6e3dcd
2019-10-17 20:28:37,396 [grpc-default-executor-2] INFO  impl.RoleInfo (RoleInfo.java:shutdownFollowerState(121)) - d81605c5-54b3-45a8-b5ae-2e8d8890cbef: shutdown FollowerState
2019-10-17 20:28:37,396 [grpc-default-executor-2] INFO  impl.RoleInfo (RoleInfo.java:updateAndGet(143)) - d81605c5-54b3-45a8-b5ae-2e8d8890cbef: start FollowerState
2019-10-17 20:28:37,396 [Thread-1746] INFO  impl.FollowerState (FollowerState.java:run(117)) - d81605c5-54b3-45a8-b5ae-2e8d8890cbef@group-C2BDBBDF155D-FollowerState was interrupted: java.lang.InterruptedException: sleep interrupted
2019-10-17 20:28:37,397 [grpc-default-executor-4] INFO  impl.RaftServerImpl (RaftServerImpl.java:setRole(184)) - 7f29c796-0732-402f-b865-67033766dcba@group-C2BDBBDF155D: changes role from  FOLLOWER to FOLLOWER at term 118 for recognizeCandidate:c07977b7-c8ef-4f3c-80b1-66a07c6e3dcd
2019-10-17 20:28:37,397 [grpc-default-executor-4] INFO  impl.RoleInfo (RoleInfo.java:shutdownFollowerState(121)) - 7f29c796-0732-402f-b865-67033766dcba: shutdown FollowerState
2019-10-17 20:28:37,397 [grpc-default-executor-4] INFO  impl.RoleInfo (RoleInfo.java:updateAndGet(143)) - 7f29c796-0732-402f-b865-67033766dcba: start FollowerState
2019-10-17 20:28:37,397 [Thread-1747] INFO  impl.FollowerState (FollowerState.java:run(117)) - 7f29c796-0732-402f-b865-67033766dcba@group-C2BDBBDF155D-FollowerState was interrupted: java.lang.InterruptedException: sleep interrupted
2019-10-17 20:28:37,420 [c07977b7-c8ef-4f3c-80b1-66a07c6e3dcd@group-C2BDBBDF155D-LeaderElection143] INFO  impl.LeaderElection (LeaderElection.java:logAndReturn(56)) - c07977b7-c8ef-4f3c-80b1-66a07c6e3dcd@group-C2BDBBDF155D-LeaderElection143: Election REJECTED; received 2 response(s) [c07977b7-c8ef-4f3c-80b1-66a07c6e3dcd<-d81605c5-54b3-45a8-b5ae-2e8d8890cbef#0:FAIL-t118, c07977b7-c8ef-4f3c-80b1-66a07c6e3dcd<-7f29c796-0732-402f-b865-67033766dcba#0:FAIL-t118] and 0 exception(s); c07977b7-c8ef-4f3c-80b1-66a07c6e3dcd@group-C2BDBBDF155D:t118, leader=null, voted=c07977b7-c8ef-4f3c-80b1-66a07c6e3dcd, raftlog=c07977b7-c8ef-4f3c-80b1-66a07c6e3dcd@group-C2BDBBDF155D-SegmentedRaftLog:OPENED:c-1,f-1,i0, conf=-1: [d81605c5-54b3-45a8-b5ae-2e8d8890cbef:192.168.164.201:42755, 7f29c796-0732-402f-b865-67033766dcba:192.168.164.201:40704, c07977b7-c8ef-4f3c-80b1-66a07c6e3dcd:192.168.164.201:38664], old=null
2019-10-17 20:28:37,421 [c07977b7-c8ef-4f3c-80b1-66a07c6e3dcd@group-C2BDBBDF155D-LeaderElection143] INFO  impl.RaftServerImpl (RaftServerImpl.java:setRole(184)) - c07977b7-c8ef-4f3c-80b1-66a07c6e3dcd@group-C2BDBBDF155D: changes role from CANDIDATE to FOLLOWER at term 118 for DISCOVERED_A_NEW_TERM
2019-10-17 20:28:37,421 [c07977b7-c8ef-4f3c-80b1-66a07c6e3dcd@group-C2BDBBDF155D-LeaderElection143] INFO  impl.RoleInfo (RoleInfo.java:shutdownLeaderElection(134)) - c07977b7-c8ef-4f3c-80b1-66a07c6e3dcd: shutdown LeaderElection
2019-10-17 20:28:37,421 [c07977b7-c8ef-4f3c-80b1-66a07c6e3dcd@group-C2BDBBDF155D-LeaderElection143] INFO  impl.RoleInfo (RoleInfo.java:updateAndGet(143)) - c07977b7-c8ef-4f3c-80b1-66a07c6e3dcd: start FollowerState
2019-10-17 20:28:37,537 [Thread-754] INFO  ozone.MiniOzoneClusterImpl (MiniOzoneClusterImpl.java:lambda$waitForClusterToBeReady$2(164)) - Waiting for 1 number of pipelines out of 4, to report a leader.
2019-10-17 20:28:37,545 [Thread-1754] INFO  impl.FollowerState (FollowerState.java:run(108)) - c07977b7-c8ef-4f3c-80b1-66a07c6e3dcd@group-C2BDBBDF155D-FollowerState: change to CANDIDATE, lastRpcTime:124ms, electionTimeout:124ms
2019-10-17 20:28:37,546 [Thread-1754] INFO  impl.RoleInfo (RoleInfo.java:shutdownFollowerState(121)) - c07977b7-c8ef-4f3c-80b1-66a07c6e3dcd: shutdown FollowerState
2019-10-17 20:28:37,546 [Thread-1754] INFO  impl.RaftServerImpl (RaftServerImpl.java:setRole(184)) - c07977b7-c8ef-4f3c-80b1-66a07c6e3dcd@group-C2BDBBDF155D: changes role from  FOLLOWER to CANDIDATE at term 118 for changeToCandidate
2019-10-17 20:28:37,546 [Thread-1754] INFO  impl.RoleInfo (RoleInfo.java:updateAndGet(143)) - c07977b7-c8ef-4f3c-80b1-66a07c6e3dcd: start LeaderElection
2019-10-17 20:28:37,578 [c07977b7-c8ef-4f3c-80b1-66a07c6e3dcd@group-C2BDBBDF155D-LeaderElection144] INFO  impl.LeaderElection (LeaderElection.java:askForVotes(178)) - c07977b7-c8ef-4f3c-80b1-66a07c6e3dcd@group-C2BDBBDF155D-LeaderElection144: begin an election at term 119 for -1: [d81605c5-54b3-45a8-b5ae-2e8d8890cbef:192.168.164.201:42755, 7f29c796-0732-402f-b865-67033766dcba:192.168.164.201:40704, c07977b7-c8ef-4f3c-80b1-66a07c6e3dcd:192.168.164.201:38664], old=null
2019-10-17 20:28:37,581 [grpc-default-executor-4] INFO  impl.RaftServerImpl (RaftServerImpl.java:setRole(184)) - 7f29c796-0732-402f-b865-67033766dcba@group-C2BDBBDF155D: changes role from  FOLLOWER to FOLLOWER at term 119 for recognizeCandidate:c07977b7-c8ef-4f3c-80b1-66a07c6e3dcd
2019-10-17 20:28:37,581 [grpc-default-executor-4] INFO  impl.RoleInfo (RoleInfo.java:shutdownFollowerState(121)) - 7f29c796-0732-402f-b865-67033766dcba: shutdown FollowerState
2019-10-17 20:28:37,581 [grpc-default-executor-4] INFO  impl.RoleInfo (RoleInfo.java:updateAndGet(143)) - 7f29c796-0732-402f-b865-67033766dcba: start FollowerState
2019-10-17 20:28:37,581 [Thread-1753] INFO  impl.FollowerState (FollowerState.java:run(117)) - 7f29c796-0732-402f-b865-67033766dcba@group-C2BDBBDF155D-FollowerState was interrupted: java.lang.InterruptedException: sleep interrupted
2019-10-17 20:28:37,581 [grpc-default-executor-2] INFO  impl.RaftServerImpl (RaftServerImpl.java:setRole(184)) - d81605c5-54b3-45a8-b5ae-2e8d8890cbef@group-C2BDBBDF155D: changes role from  FOLLOWER to FOLLOWER at term 119 for recognizeCandidate:c07977b7-c8ef-4f3c-80b1-66a07c6e3dcd
2019-10-17 20:28:37,582 [grpc-default-executor-2] INFO  impl.RoleInfo (RoleInfo.java:shutdownFollowerState(121)) - d81605c5-54b3-45a8-b5ae-2e8d8890cbef: shutdown FollowerState
2019-10-17 20:28:37,582 [grpc-default-executor-2] INFO  impl.RoleInfo (RoleInfo.java:updateAndGet(143)) - d81605c5-54b3-45a8-b5ae-2e8d8890cbef: start FollowerState
2019-10-17 20:28:37,582 [Thread-1752] INFO  impl.FollowerState (FollowerState.java:run(117)) - d81605c5-54b3-45a8-b5ae-2e8d8890cbef@group-C2BDBBDF155D-FollowerState was interrupted: java.lang.InterruptedException: sleep interrupted
2019-10-17 20:28:37,604 [c07977b7-c8ef-4f3c-80b1-66a07c6e3dcd@group-C2BDBBDF155D-LeaderElection144] INFO  impl.LeaderElection (LeaderElection.java:logAndReturn(56)) - c07977b7-c8ef-4f3c-80b1-66a07c6e3dcd@group-C2BDBBDF155D-LeaderElection144: Election REJECTED; received 2 response(s) [c07977b7-c8ef-4f3c-80b1-66a07c6e3dcd<-d81605c5-54b3-45a8-b5ae-2e8d8890cbef#0:FAIL-t119, c07977b7-c8ef-4f3c-80b1-66a07c6e3dcd<-7f29c796-0732-402f-b865-67033766dcba#0:FAIL-t119] and 0 exception(s); c07977b7-c8ef-4f3c-80b1-66a07c6e3dcd@group-C2BDBBDF155D:t119, leader=null, voted=c07977b7-c8ef-4f3c-80b1-66a07c6e3dcd, raftlog=c07977b7-c8ef-4f3c-80b1-66a07c6e3dcd@group-C2BDBBDF155D-SegmentedRaftLog:OPENED:c-1,f-1,i0, conf=-1: [d81605c5-54b3-45a8-b5ae-2e8d8890cbef:192.168.164.201:42755, 7f29c796-0732-402f-b865-67033766dcba:192.168.164.201:40704, c07977b7-c8ef-4f3c-80b1-66a07c6e3dcd:192.168.164.201:38664], old=null
2019-10-17 20:28:37,604 [c07977b7-c8ef-4f3c-80b1-66a07c6e3dcd@group-C2BDBBDF155D-LeaderElection144] INFO  impl.RaftServerImpl (RaftServerImpl.java:setRole(184)) - c07977b7-c8ef-4f3c-80b1-66a07c6e3dcd@group-C2BDBBDF155D: changes role from CANDIDATE to FOLLOWER at term 119 for DISCOVERED_A_NEW_TERM
2019-10-17 20:28:37,605 [c07977b7-c8ef-4f3c-80b1-66a07c6e3dcd@group-C2BDBBDF155D-LeaderElection144] INFO  impl.RoleInfo (RoleInfo.java:shutdownLeaderElection(134)) - c07977b7-c8ef-4f3c-80b1-66a07c6e3dcd: shutdown LeaderElection
2019-10-17 20:28:37,605 [c07977b7-c8ef-4f3c-80b1-66a07c6e3dcd@group-C2BDBBDF155D-LeaderElection144] INFO  impl.RoleInfo (RoleInfo.java:updateAndGet(143)) - c07977b7-c8ef-4f3c-80b1-66a07c6e3dcd: start FollowerState
2019-10-17 20:28:37,731 [Thread-1760] INFO  impl.FollowerState (FollowerState.java:run(108)) - c07977b7-c8ef-4f3c-80b1-66a07c6e3dcd@group-C2BDBBDF155D-FollowerState: change to CANDIDATE, lastRpcTime:126ms, electionTimeout:126ms
2019-10-17 20:28:37,731 [Thread-1760] INFO  impl.RoleInfo (RoleInfo.java:shutdownFollowerState(121)) - c07977b7-c8ef-4f3c-80b1-66a07c6e3dcd: shutdown FollowerState
2019-10-17 20:28:37,731 [Thread-1760] INFO  impl.RaftServerImpl (RaftServerImpl.java:setRole(184)) - c07977b7-c8ef-4f3c-80b1-66a07c6e3dcd@group-C2BDBBDF155D: changes role from  FOLLOWER to CANDIDATE at term 119 for changeToCandidate
2019-10-17 20:28:37,731 [Thread-1760] INFO  impl.RoleInfo (RoleInfo.java:updateAndGet(143)) - c07977b7-c8ef-4f3c-80b1-66a07c6e3dcd: start LeaderElection
2019-10-17 20:28:37,762 [c07977b7-c8ef-4f3c-80b1-66a07c6e3dcd@group-C2BDBBDF155D-LeaderElection145] INFO  impl.LeaderElection (LeaderElection.java:askForVotes(178)) - c07977b7-c8ef-4f3c-80b1-66a07c6e3dcd@group-C2BDBBDF155D-LeaderElection145: begin an election at term 120 for -1: [d81605c5-54b3-45a8-b5ae-2e8d8890cbef:192.168.164.201:42755, 7f29c796-0732-402f-b865-67033766dcba:192.168.164.201:40704, c07977b7-c8ef-4f3c-80b1-66a07c6e3dcd:192.168.164.201:38664], old=null
2019-10-17 20:28:37,765 [grpc-default-executor-2] INFO  impl.RaftServerImpl (RaftServerImpl.java:setRole(184)) - d81605c5-54b3-45a8-b5ae-2e8d8890cbef@group-C2BDBBDF155D: changes role from  FOLLOWER to FOLLOWER at term 120 for recognizeCandidate:c07977b7-c8ef-4f3c-80b1-66a07c6e3dcd
2019-10-17 20:28:37,766 [grpc-default-executor-2] INFO  impl.RoleInfo (RoleInfo.java:shutdownFollowerState(121)) - d81605c5-54b3-45a8-b5ae-2e8d8890cbef: shutdown FollowerState
2019-10-17 20:28:37,765 [grpc-default-executor-4] INFO  impl.RaftServerImpl (RaftServerImpl.java:setRole(184)) - 7f29c796-0732-402f-b865-67033766dcba@group-C2BDBBDF155D: changes role from  FOLLOWER to FOLLOWER at term 120 for recognizeCandidate:c07977b7-c8ef-4f3c-80b1-66a07c6e3dcd
2019-10-17 20:28:37,766 [Thread-1759] INFO  impl.FollowerState (FollowerState.java:run(117)) - d81605c5-54b3-45a8-b5ae-2e8d8890cbef@group-C2BDBBDF155D-FollowerState was interrupted: java.lang.InterruptedException: sleep interrupted
2019-10-17 20:28:37,766 [grpc-default-executor-2] INFO  impl.RoleInfo (RoleInfo.java:updateAndGet(143)) - d81605c5-54b3-45a8-b5ae-2e8d8890cbef: start FollowerState
2019-10-17 20:28:37,766 [grpc-default-executor-4] INFO  impl.RoleInfo (RoleInfo.java:shutdownFollowerState(121)) - 7f29c796-0732-402f-b865-67033766dcba: shutdown FollowerState
2019-10-17 20:28:37,767 [grpc-default-executor-4] INFO  impl.RoleInfo (RoleInfo.java:updateAndGet(143)) - 7f29c796-0732-402f-b865-67033766dcba: start FollowerState
2019-10-17 20:28:37,767 [Thread-1758] INFO  impl.FollowerState (FollowerState.java:run(117)) - 7f29c796-0732-402f-b865-67033766dcba@group-C2BDBBDF155D-FollowerState was interrupted: java.lang.InterruptedException: sleep interrupted
2019-10-17 20:28:37,782 [c07977b7-c8ef-4f3c-80b1-66a07c6e3dcd@group-C2BDBBDF155D-LeaderElection145] INFO  impl.LeaderElection (LeaderElection.java:logAndReturn(56)) - c07977b7-c8ef-4f3c-80b1-66a07c6e3dcd@group-C2BDBBDF155D-LeaderElection145: Election TIMEOUT; received 0 response(s) [] and 0 exception(s); c07977b7-c8ef-4f3c-80b1-66a07c6e3dcd@group-C2BDBBDF155D:t120, leader=null, voted=c07977b7-c8ef-4f3c-80b1-66a07c6e3dcd, raftlog=c07977b7-c8ef-4f3c-80b1-66a07c6e3dcd@group-C2BDBBDF155D-SegmentedRaftLog:OPENED:c-1,f-1,i0, conf=-1: [d81605c5-54b3-45a8-b5ae-2e8d8890cbef:192.168.164.201:42755, 7f29c796-0732-402f-b865-67033766dcba:192.168.164.201:40704, c07977b7-c8ef-4f3c-80b1-66a07c6e3dcd:192.168.164.201:38664], old=null
2019-10-17 20:28:37,813 [c07977b7-c8ef-4f3c-80b1-66a07c6e3dcd@group-C2BDBBDF155D-LeaderElection145] INFO  impl.LeaderElection (LeaderElection.java:askForVotes(178)) - c07977b7-c8ef-4f3c-80b1-66a07c6e3dcd@group-C2BDBBDF155D-LeaderElection145: begin an election at term 121 for -1: [d81605c5-54b3-45a8-b5ae-2e8d8890cbef:192.168.164.201:42755, 7f29c796-0732-402f-b865-67033766dcba:192.168.164.201:40704, c07977b7-c8ef-4f3c-80b1-66a07c6e3dcd:192.168.164.201:38664], old=null
2019-10-17 20:28:37,815 [grpc-default-executor-2] INFO  impl.RaftServerImpl (RaftServerImpl.java:setRole(184)) - d81605c5-54b3-45a8-b5ae-2e8d8890cbef@group-C2BDBBDF155D: changes role from  FOLLOWER to FOLLOWER at term 121 for recognizeCandidate:c07977b7-c8ef-4f3c-80b1-66a07c6e3dcd
2019-10-17 20:28:37,815 [grpc-default-executor-2] INFO  impl.RoleInfo (RoleInfo.java:shutdownFollowerState(121)) - d81605c5-54b3-45a8-b5ae-2e8d8890cbef: shutdown FollowerState
2019-10-17 20:28:37,815 [grpc-default-executor-2] INFO  impl.RoleInfo (RoleInfo.java:updateAndGet(143)) - d81605c5-54b3-45a8-b5ae-2e8d8890cbef: start FollowerState
2019-10-17 20:28:37,815 [Thread-1764] INFO  impl.FollowerState (FollowerState.java:run(117)) - d81605c5-54b3-45a8-b5ae-2e8d8890cbef@group-C2BDBBDF155D-FollowerState was interrupted: java.lang.InterruptedException: sleep interrupted
2019-10-17 20:28:37,816 [grpc-default-executor-4] INFO  impl.RaftServerImpl (RaftServerImpl.java:setRole(184)) - 7f29c796-0732-402f-b865-67033766dcba@group-C2BDBBDF155D: changes role from  FOLLOWER to FOLLOWER at term 121 for recognizeCandidate:c07977b7-c8ef-4f3c-80b1-66a07c6e3dcd
2019-10-17 20:28:37,816 [grpc-default-executor-4] INFO  impl.RoleInfo (RoleInfo.java:shutdownFollowerState(121)) - 7f29c796-0732-402f-b865-67033766dcba: shutdown FollowerState
2019-10-17 20:28:37,816 [grpc-default-executor-4] INFO  impl.RoleInfo (RoleInfo.java:updateAndGet(143)) - 7f29c796-0732-402f-b865-67033766dcba: start FollowerState
2019-10-17 20:28:37,816 [Thread-1765] INFO  impl.FollowerState (FollowerState.java:run(117)) - 7f29c796-0732-402f-b865-67033766dcba@group-C2BDBBDF155D-FollowerState was interrupted: java.lang.InterruptedException: sleep interrupted
2019-10-17 20:28:37,839 [c07977b7-c8ef-4f3c-80b1-66a07c6e3dcd@group-C2BDBBDF155D-LeaderElection145] INFO  impl.LeaderElection (LeaderElection.java:logAndReturn(56)) - c07977b7-c8ef-4f3c-80b1-66a07c6e3dcd@group-C2BDBBDF155D-LeaderElection145: Election REJECTED; received 2 response(s) [c07977b7-c8ef-4f3c-80b1-66a07c6e3dcd<-d81605c5-54b3-45a8-b5ae-2e8d8890cbef#0:FAIL-t121, c07977b7-c8ef-4f3c-80b1-66a07c6e3dcd<-7f29c796-0732-402f-b865-67033766dcba#0:FAIL-t121] and 0 exception(s); c07977b7-c8ef-4f3c-80b1-66a07c6e3dcd@group-C2BDBBDF155D:t121, leader=null, voted=c07977b7-c8ef-4f3c-80b1-66a07c6e3dcd, raftlog=c07977b7-c8ef-4f3c-80b1-66a07c6e3dcd@group-C2BDBBDF155D-SegmentedRaftLog:OPENED:c-1,f-1,i0, conf=-1: [d81605c5-54b3-45a8-b5ae-2e8d8890cbef:192.168.164.201:42755, 7f29c796-0732-402f-b865-67033766dcba:192.168.164.201:40704, c07977b7-c8ef-4f3c-80b1-66a07c6e3dcd:192.168.164.201:38664], old=null
2019-10-17 20:28:37,840 [c07977b7-c8ef-4f3c-80b1-66a07c6e3dcd@group-C2BDBBDF155D-LeaderElection145] INFO  impl.RaftServerImpl (RaftServerImpl.java:setRole(184)) - c07977b7-c8ef-4f3c-80b1-66a07c6e3dcd@group-C2BDBBDF155D: changes role from CANDIDATE to FOLLOWER at term 121 for DISCOVERED_A_NEW_TERM
2019-10-17 20:28:37,840 [c07977b7-c8ef-4f3c-80b1-66a07c6e3dcd@group-C2BDBBDF155D-LeaderElection145] INFO  impl.RoleInfo (RoleInfo.java:shutdownLeaderElection(134)) - c07977b7-c8ef-4f3c-80b1-66a07c6e3dcd: shutdown LeaderElection
2019-10-17 20:28:37,840 [c07977b7-c8ef-4f3c-80b1-66a07c6e3dcd@group-C2BDBBDF155D-LeaderElection145] INFO  impl.RoleInfo (RoleInfo.java:updateAndGet(143)) - c07977b7-c8ef-4f3c-80b1-66a07c6e3dcd: start FollowerState
2019-10-17 20:28:37,866 [Thread-1770] INFO  impl.FollowerState (FollowerState.java:run(108)) - c07977b7-c8ef-4f3c-80b1-66a07c6e3dcd@group-C2BDBBDF155D-FollowerState: change to CANDIDATE, lastRpcTime:26ms, electionTimeout:26ms
2019-10-17 20:28:37,867 [Thread-1770] INFO  impl.RoleInfo (RoleInfo.java:shutdownFollowerState(121)) - c07977b7-c8ef-4f3c-80b1-66a07c6e3dcd: shutdown FollowerState
2019-10-17 20:28:37,867 [Thread-1770] INFO  impl.RaftServerImpl (RaftServerImpl.java:setRole(184)) - c07977b7-c8ef-4f3c-80b1-66a07c6e3dcd@group-C2BDBBDF155D: changes role from  FOLLOWER to CANDIDATE at term 121 for changeToCandidate
2019-10-17 20:28:37,867 [Thread-1770] INFO  impl.RoleInfo (RoleInfo.java:updateAndGet(143)) - c07977b7-c8ef-4f3c-80b1-66a07c6e3dcd: start LeaderElection
2019-10-17 20:28:37,897 [c07977b7-c8ef-4f3c-80b1-66a07c6e3dcd@group-C2BDBBDF155D-LeaderElection146] INFO  impl.LeaderElection (LeaderElection.java:askForVotes(178)) - c07977b7-c8ef-4f3c-80b1-66a07c6e3dcd@group-C2BDBBDF155D-LeaderElection146: begin an election at term 122 for -1: [d81605c5-54b3-45a8-b5ae-2e8d8890cbef:192.168.164.201:42755, 7f29c796-0732-402f-b865-67033766dcba:192.168.164.201:40704, c07977b7-c8ef-4f3c-80b1-66a07c6e3dcd:192.168.164.201:38664], old=null
2019-10-17 20:28:37,899 [grpc-default-executor-4] INFO  impl.RaftServerImpl (RaftServerImpl.java:setRole(184)) - 7f29c796-0732-402f-b865-67033766dcba@group-C2BDBBDF155D: changes role from  FOLLOWER to FOLLOWER at term 122 for recognizeCandidate:c07977b7-c8ef-4f3c-80b1-66a07c6e3dcd
2019-10-17 20:28:37,899 [grpc-default-executor-4] INFO  impl.RoleInfo (RoleInfo.java:shutdownFollowerState(121)) - 7f29c796-0732-402f-b865-67033766dcba: shutdown FollowerState
2019-10-17 20:28:37,899 [grpc-default-executor-4] INFO  impl.RoleInfo (RoleInfo.java:updateAndGet(143)) - 7f29c796-0732-402f-b865-67033766dcba: start FollowerState
2019-10-17 20:28:37,899 [Thread-1769] INFO  impl.FollowerState (FollowerState.java:run(117)) - 7f29c796-0732-402f-b865-67033766dcba@group-C2BDBBDF155D-FollowerState was interrupted: java.lang.InterruptedException: sleep interrupted
2019-10-17 20:28:37,900 [grpc-default-executor-2] INFO  impl.RaftServerImpl (RaftServerImpl.java:setRole(184)) - d81605c5-54b3-45a8-b5ae-2e8d8890cbef@group-C2BDBBDF155D: changes role from  FOLLOWER to FOLLOWER at term 122 for recognizeCandidate:c07977b7-c8ef-4f3c-80b1-66a07c6e3dcd
2019-10-17 20:28:37,900 [grpc-default-executor-2] INFO  impl.RoleInfo (RoleInfo.java:shutdownFollowerState(121)) - d81605c5-54b3-45a8-b5ae-2e8d8890cbef: shutdown FollowerState
2019-10-17 20:28:37,900 [grpc-default-executor-2] INFO  impl.RoleInfo (RoleInfo.java:updateAndGet(143)) - d81605c5-54b3-45a8-b5ae-2e8d8890cbef: start FollowerState
2019-10-17 20:28:37,900 [Thread-1768] INFO  impl.FollowerState (FollowerState.java:run(117)) - d81605c5-54b3-45a8-b5ae-2e8d8890cbef@group-C2BDBBDF155D-FollowerState was interrupted: java.lang.InterruptedException: sleep interrupted
2019-10-17 20:28:37,923 [c07977b7-c8ef-4f3c-80b1-66a07c6e3dcd@group-C2BDBBDF155D-LeaderElection146] INFO  impl.LeaderElection (LeaderElection.java:logAndReturn(56)) - c07977b7-c8ef-4f3c-80b1-66a07c6e3dcd@group-C2BDBBDF155D-LeaderElection146: Election REJECTED; received 2 response(s) [c07977b7-c8ef-4f3c-80b1-66a07c6e3dcd<-d81605c5-54b3-45a8-b5ae-2e8d8890cbef#0:FAIL-t122, c07977b7-c8ef-4f3c-80b1-66a07c6e3dcd<-7f29c796-0732-402f-b865-67033766dcba#0:FAIL-t122] and 0 exception(s); c07977b7-c8ef-4f3c-80b1-66a07c6e3dcd@group-C2BDBBDF155D:t122, leader=null, voted=c07977b7-c8ef-4f3c-80b1-66a07c6e3dcd, raftlog=c07977b7-c8ef-4f3c-80b1-66a07c6e3dcd@group-C2BDBBDF155D-SegmentedRaftLog:OPENED:c-1,f-1,i0, conf=-1: [d81605c5-54b3-45a8-b5ae-2e8d8890cbef:192.168.164.201:42755, 7f29c796-0732-402f-b865-67033766dcba:192.168.164.201:40704, c07977b7-c8ef-4f3c-80b1-66a07c6e3dcd:192.168.164.201:38664], old=null
2019-10-17 20:28:37,923 [c07977b7-c8ef-4f3c-80b1-66a07c6e3dcd@group-C2BDBBDF155D-LeaderElection146] INFO  impl.RaftServerImpl (RaftServerImpl.java:setRole(184)) - c07977b7-c8ef-4f3c-80b1-66a07c6e3dcd@group-C2BDBBDF155D: changes role from CANDIDATE to FOLLOWER at term 122 for DISCOVERED_A_NEW_TERM
2019-10-17 20:28:37,923 [c07977b7-c8ef-4f3c-80b1-66a07c6e3dcd@group-C2BDBBDF155D-LeaderElection146] INFO  impl.RoleInfo (RoleInfo.java:shutdownLeaderElection(134)) - c07977b7-c8ef-4f3c-80b1-66a07c6e3dcd: shutdown LeaderElection
2019-10-17 20:28:37,924 [c07977b7-c8ef-4f3c-80b1-66a07c6e3dcd@group-C2BDBBDF155D-LeaderElection146] INFO  impl.RoleInfo (RoleInfo.java:updateAndGet(143)) - c07977b7-c8ef-4f3c-80b1-66a07c6e3dcd: start FollowerState
2019-10-17 20:28:37,964 [Thread-1776] INFO  impl.FollowerState (FollowerState.java:run(108)) - c07977b7-c8ef-4f3c-80b1-66a07c6e3dcd@group-C2BDBBDF155D-FollowerState: change to CANDIDATE, lastRpcTime:40ms, electionTimeout:40ms
2019-10-17 20:28:37,965 [Thread-1776] INFO  impl.RoleInfo (RoleInfo.java:shutdownFollowerState(121)) - c07977b7-c8ef-4f3c-80b1-66a07c6e3dcd: shutdown FollowerState
2019-10-17 20:28:37,965 [Thread-1776] INFO  impl.RaftServerImpl (RaftServerImpl.java:setRole(184)) - c07977b7-c8ef-4f3c-80b1-66a07c6e3dcd@group-C2BDBBDF155D: changes role from  FOLLOWER to CANDIDATE at term 122 for changeToCandidate
2019-10-17 20:28:37,965 [Thread-1776] INFO  impl.RoleInfo (RoleInfo.java:updateAndGet(143)) - c07977b7-c8ef-4f3c-80b1-66a07c6e3dcd: start LeaderElection
2019-10-17 20:28:37,989 [c07977b7-c8ef-4f3c-80b1-66a07c6e3dcd@group-C2BDBBDF155D-LeaderElection147] INFO  impl.LeaderElection (LeaderElection.java:askForVotes(178)) - c07977b7-c8ef-4f3c-80b1-66a07c6e3dcd@group-C2BDBBDF155D-LeaderElection147: begin an election at term 123 for -1: [d81605c5-54b3-45a8-b5ae-2e8d8890cbef:192.168.164.201:42755, 7f29c796-0732-402f-b865-67033766dcba:192.168.164.201:40704, c07977b7-c8ef-4f3c-80b1-66a07c6e3dcd:192.168.164.201:38664], old=null
2019-10-17 20:28:37,993 [grpc-default-executor-2] INFO  impl.RaftServerImpl (RaftServerImpl.java:setRole(184)) - d81605c5-54b3-45a8-b5ae-2e8d8890cbef@group-C2BDBBDF155D: changes role from  FOLLOWER to FOLLOWER at term 123 for recognizeCandidate:c07977b7-c8ef-4f3c-80b1-66a07c6e3dcd
2019-10-17 20:28:37,993 [grpc-default-executor-2] INFO  impl.RoleInfo (RoleInfo.java:shutdownFollowerState(121)) - d81605c5-54b3-45a8-b5ae-2e8d8890cbef: shutdown FollowerState
2019-10-17 20:28:37,993 [grpc-default-executor-4] INFO  impl.RaftServerImpl (RaftServerImpl.java:setRole(184)) - 7f29c796-0732-402f-b865-67033766dcba@group-C2BDBBDF155D: changes role from  FOLLOWER to FOLLOWER at term 123 for recognizeCandidate:c07977b7-c8ef-4f3c-80b1-66a07c6e3dcd
2019-10-17 20:28:37,993 [grpc-default-executor-2] INFO  impl.RoleInfo (RoleInfo.java:updateAndGet(143)) - d81605c5-54b3-45a8-b5ae-2e8d8890cbef: start FollowerState
2019-10-17 20:28:37,993 [Thread-1775] INFO  impl.FollowerState (FollowerState.java:run(117)) - d81605c5-54b3-45a8-b5ae-2e8d8890cbef@group-C2BDBBDF155D-FollowerState was interrupted: java.lang.InterruptedException: sleep interrupted
2019-10-17 20:28:37,993 [grpc-default-executor-4] INFO  impl.RoleInfo (RoleInfo.java:shutdownFollowerState(121)) - 7f29c796-0732-402f-b865-67033766dcba: shutdown FollowerState
2019-10-17 20:28:37,994 [grpc-default-executor-4] INFO  impl.RoleInfo (RoleInfo.java:updateAndGet(143)) - 7f29c796-0732-402f-b865-67033766dcba: start FollowerState
2019-10-17 20:28:37,994 [Thread-1774] INFO  impl.FollowerState (FollowerState.java:run(117)) - 7f29c796-0732-402f-b865-67033766dcba@group-C2BDBBDF155D-FollowerState was interrupted: java.lang.InterruptedException: sleep interrupted
2019-10-17 20:28:38,016 [c07977b7-c8ef-4f3c-80b1-66a07c6e3dcd@group-C2BDBBDF155D-LeaderElection147] INFO  impl.LeaderElection (LeaderElection.java:logAndReturn(56)) - c07977b7-c8ef-4f3c-80b1-66a07c6e3dcd@group-C2BDBBDF155D-LeaderElection147: Election TIMEOUT; received 0 response(s) [] and 0 exception(s); c07977b7-c8ef-4f3c-80b1-66a07c6e3dcd@group-C2BDBBDF155D:t123, leader=null, voted=c07977b7-c8ef-4f3c-80b1-66a07c6e3dcd, raftlog=c07977b7-c8ef-4f3c-80b1-66a07c6e3dcd@group-C2BDBBDF155D-SegmentedRaftLog:OPENED:c-1,f-1,i0, conf=-1: [d81605c5-54b3-45a8-b5ae-2e8d8890cbef:192.168.164.201:42755, 7f29c796-0732-402f-b865-67033766dcba:192.168.164.201:40704, c07977b7-c8ef-4f3c-80b1-66a07c6e3dcd:192.168.164.201:38664], old=null
2019-10-17 20:28:38,040 [c07977b7-c8ef-4f3c-80b1-66a07c6e3dcd@group-C2BDBBDF155D-LeaderElection147] INFO  impl.LeaderElection (LeaderElection.java:askForVotes(178)) - c07977b7-c8ef-4f3c-80b1-66a07c6e3dcd@group-C2BDBBDF155D-LeaderElection147: begin an election at term 124 for -1: [d81605c5-54b3-45a8-b5ae-2e8d8890cbef:192.168.164.201:42755, 7f29c796-0732-402f-b865-67033766dcba:192.168.164.201:40704, c07977b7-c8ef-4f3c-80b1-66a07c6e3dcd:192.168.164.201:38664], old=null
2019-10-17 20:28:38,042 [grpc-default-executor-2] INFO  impl.RaftServerImpl (RaftServerImpl.java:setRole(184)) - d81605c5-54b3-45a8-b5ae-2e8d8890cbef@group-C2BDBBDF155D: changes role from  FOLLOWER to FOLLOWER at term 124 for recognizeCandidate:c07977b7-c8ef-4f3c-80b1-66a07c6e3dcd
2019-10-17 20:28:38,042 [grpc-default-executor-2] INFO  impl.RoleInfo (RoleInfo.java:shutdownFollowerState(121)) - d81605c5-54b3-45a8-b5ae-2e8d8890cbef: shutdown FollowerState
2019-10-17 20:28:38,042 [grpc-default-executor-2] INFO  impl.RoleInfo (RoleInfo.java:updateAndGet(143)) - d81605c5-54b3-45a8-b5ae-2e8d8890cbef: start FollowerState
2019-10-17 20:28:38,042 [Thread-1780] INFO  impl.FollowerState (FollowerState.java:run(117)) - d81605c5-54b3-45a8-b5ae-2e8d8890cbef@group-C2BDBBDF155D-FollowerState was interrupted: java.lang.InterruptedException: sleep interrupted
2019-10-17 20:28:38,043 [grpc-default-executor-4] INFO  impl.RaftServerImpl (RaftServerImpl.java:setRole(184)) - 7f29c796-0732-402f-b865-67033766dcba@group-C2BDBBDF155D: changes role from  FOLLOWER to FOLLOWER at term 124 for recognizeCandidate:c07977b7-c8ef-4f3c-80b1-66a07c6e3dcd
2019-10-17 20:28:38,043 [grpc-default-executor-4] INFO  impl.RoleInfo (RoleInfo.java:shutdownFollowerState(121)) - 7f29c796-0732-402f-b865-67033766dcba: shutdown FollowerState
2019-10-17 20:28:38,043 [grpc-default-executor-4] INFO  impl.RoleInfo (RoleInfo.java:updateAndGet(143)) - 7f29c796-0732-402f-b865-67033766dcba: start FollowerState
2019-10-17 20:28:38,043 [Thread-1781] INFO  impl.FollowerState (FollowerState.java:run(117)) - 7f29c796-0732-402f-b865-67033766dcba@group-C2BDBBDF155D-FollowerState was interrupted: java.lang.InterruptedException: sleep interrupted
2019-10-17 20:28:38,066 [c07977b7-c8ef-4f3c-80b1-66a07c6e3dcd@group-C2BDBBDF155D-LeaderElection147] INFO  impl.LeaderElection (LeaderElection.java:logAndReturn(56)) - c07977b7-c8ef-4f3c-80b1-66a07c6e3dcd@group-C2BDBBDF155D-LeaderElection147: Election REJECTED; received 2 response(s) [c07977b7-c8ef-4f3c-80b1-66a07c6e3dcd<-d81605c5-54b3-45a8-b5ae-2e8d8890cbef#0:FAIL-t124, c07977b7-c8ef-4f3c-80b1-66a07c6e3dcd<-7f29c796-0732-402f-b865-67033766dcba#0:FAIL-t124] and 0 exception(s); c07977b7-c8ef-4f3c-80b1-66a07c6e3dcd@group-C2BDBBDF155D:t124, leader=null, voted=c07977b7-c8ef-4f3c-80b1-66a07c6e3dcd, raftlog=c07977b7-c8ef-4f3c-80b1-66a07c6e3dcd@group-C2BDBBDF155D-SegmentedRaftLog:OPENED:c-1,f-1,i0, conf=-1: [d81605c5-54b3-45a8-b5ae-2e8d8890cbef:192.168.164.201:42755, 7f29c796-0732-402f-b865-67033766dcba:192.168.164.201:40704, c07977b7-c8ef-4f3c-80b1-66a07c6e3dcd:192.168.164.201:38664], old=null
2019-10-17 20:28:38,067 [c07977b7-c8ef-4f3c-80b1-66a07c6e3dcd@group-C2BDBBDF155D-LeaderElection147] INFO  impl.RaftServerImpl (RaftServerImpl.java:setRole(184)) - c07977b7-c8ef-4f3c-80b1-66a07c6e3dcd@group-C2BDBBDF155D: changes role from CANDIDATE to FOLLOWER at term 124 for DISCOVERED_A_NEW_TERM
2019-10-17 20:28:38,067 [c07977b7-c8ef-4f3c-80b1-66a07c6e3dcd@group-C2BDBBDF155D-LeaderElection147] INFO  impl.RoleInfo (RoleInfo.java:shutdownLeaderElection(134)) - c07977b7-c8ef-4f3c-80b1-66a07c6e3dcd: shutdown LeaderElection
2019-10-17 20:28:38,067 [c07977b7-c8ef-4f3c-80b1-66a07c6e3dcd@group-C2BDBBDF155D-LeaderElection147] INFO  impl.RoleInfo (RoleInfo.java:updateAndGet(143)) - c07977b7-c8ef-4f3c-80b1-66a07c6e3dcd: start FollowerState
2019-10-17 20:28:38,212 [Thread-1786] INFO  impl.FollowerState (FollowerState.java:run(108)) - c07977b7-c8ef-4f3c-80b1-66a07c6e3dcd@group-C2BDBBDF155D-FollowerState: change to CANDIDATE, lastRpcTime:145ms, electionTimeout:145ms
2019-10-17 20:28:38,213 [Thread-1786] INFO  impl.RoleInfo (RoleInfo.java:shutdownFollowerState(121)) - c07977b7-c8ef-4f3c-80b1-66a07c6e3dcd: shutdown FollowerState
2019-10-17 20:28:38,213 [Thread-1786] INFO  impl.RaftServerImpl (RaftServerImpl.java:setRole(184)) - c07977b7-c8ef-4f3c-80b1-66a07c6e3dcd@group-C2BDBBDF155D: changes role from  FOLLOWER to CANDIDATE at term 124 for changeToCandidate
2019-10-17 20:28:38,213 [Thread-1786] INFO  impl.RoleInfo (RoleInfo.java:updateAndGet(143)) - c07977b7-c8ef-4f3c-80b1-66a07c6e3dcd: start LeaderElection
2019-10-17 20:28:38,240 [c07977b7-c8ef-4f3c-80b1-66a07c6e3dcd@group-C2BDBBDF155D-LeaderElection148] INFO  impl.LeaderElection (LeaderElection.java:askForVotes(178)) - c07977b7-c8ef-4f3c-80b1-66a07c6e3dcd@group-C2BDBBDF155D-LeaderElection148: begin an election at term 125 for -1: [d81605c5-54b3-45a8-b5ae-2e8d8890cbef:192.168.164.201:42755, 7f29c796-0732-402f-b865-67033766dcba:192.168.164.201:40704, c07977b7-c8ef-4f3c-80b1-66a07c6e3dcd:192.168.164.201:38664], old=null
2019-10-17 20:28:38,243 [grpc-default-executor-2] INFO  impl.RaftServerImpl (RaftServerImpl.java:setRole(184)) - d81605c5-54b3-45a8-b5ae-2e8d8890cbef@group-C2BDBBDF155D: changes role from  FOLLOWER to FOLLOWER at term 125 for recognizeCandidate:c07977b7-c8ef-4f3c-80b1-66a07c6e3dcd
2019-10-17 20:28:38,243 [grpc-default-executor-4] INFO  impl.RaftServerImpl (RaftServerImpl.java:setRole(184)) - 7f29c796-0732-402f-b865-67033766dcba@group-C2BDBBDF155D: changes role from  FOLLOWER to FOLLOWER at term 125 for recognizeCandidate:c07977b7-c8ef-4f3c-80b1-66a07c6e3dcd
2019-10-17 20:28:38,244 [grpc-default-executor-4] INFO  impl.RoleInfo (RoleInfo.java:shutdownFollowerState(121)) - 7f29c796-0732-402f-b865-67033766dcba: shutdown FollowerState
2019-10-17 20:28:38,244 [grpc-default-executor-2] INFO  impl.RoleInfo (RoleInfo.java:shutdownFollowerState(121)) - d81605c5-54b3-45a8-b5ae-2e8d8890cbef: shutdown FollowerState
2019-10-17 20:28:38,244 [grpc-default-executor-4] INFO  impl.RoleInfo (RoleInfo.java:updateAndGet(143)) - 7f29c796-0732-402f-b865-67033766dcba: start FollowerState
2019-10-17 20:28:38,244 [Thread-1785] INFO  impl.FollowerState (FollowerState.java:run(117)) - 7f29c796-0732-402f-b865-67033766dcba@group-C2BDBBDF155D-FollowerState was interrupted: java.lang.InterruptedException: sleep interrupted
2019-10-17 20:28:38,244 [grpc-default-executor-2] INFO  impl.RoleInfo (RoleInfo.java:updateAndGet(143)) - d81605c5-54b3-45a8-b5ae-2e8d8890cbef: start FollowerState
2019-10-17 20:28:38,244 [Thread-1784] INFO  impl.FollowerState (FollowerState.java:run(117)) - d81605c5-54b3-45a8-b5ae-2e8d8890cbef@group-C2BDBBDF155D-FollowerState was interrupted: java.lang.InterruptedException: sleep interrupted
2019-10-17 20:28:38,267 [c07977b7-c8ef-4f3c-80b1-66a07c6e3dcd@group-C2BDBBDF155D-LeaderElection148] INFO  impl.LeaderElection (LeaderElection.java:logAndReturn(56)) - c07977b7-c8ef-4f3c-80b1-66a07c6e3dcd@group-C2BDBBDF155D-LeaderElection148: Election REJECTED; received 2 response(s) [c07977b7-c8ef-4f3c-80b1-66a07c6e3dcd<-d81605c5-54b3-45a8-b5ae-2e8d8890cbef#0:FAIL-t125, c07977b7-c8ef-4f3c-80b1-66a07c6e3dcd<-7f29c796-0732-402f-b865-67033766dcba#0:FAIL-t125] and 0 exception(s); c07977b7-c8ef-4f3c-80b1-66a07c6e3dcd@group-C2BDBBDF155D:t125, leader=null, voted=c07977b7-c8ef-4f3c-80b1-66a07c6e3dcd, raftlog=c07977b7-c8ef-4f3c-80b1-66a07c6e3dcd@group-C2BDBBDF155D-SegmentedRaftLog:OPENED:c-1,f-1,i0, conf=-1: [d81605c5-54b3-45a8-b5ae-2e8d8890cbef:192.168.164.201:42755, 7f29c796-0732-402f-b865-67033766dcba:192.168.164.201:40704, c07977b7-c8ef-4f3c-80b1-66a07c6e3dcd:192.168.164.201:38664], old=null
2019-10-17 20:28:38,267 [c07977b7-c8ef-4f3c-80b1-66a07c6e3dcd@group-C2BDBBDF155D-LeaderElection148] INFO  impl.RaftServerImpl (RaftServerImpl.java:setRole(184)) - c07977b7-c8ef-4f3c-80b1-66a07c6e3dcd@group-C2BDBBDF155D: changes role from CANDIDATE to FOLLOWER at term 125 for DISCOVERED_A_NEW_TERM
2019-10-17 20:28:38,267 [c07977b7-c8ef-4f3c-80b1-66a07c6e3dcd@group-C2BDBBDF155D-LeaderElection148] INFO  impl.RoleInfo (RoleInfo.java:shutdownLeaderElection(134)) - c07977b7-c8ef-4f3c-80b1-66a07c6e3dcd: shutdown LeaderElection
2019-10-17 20:28:38,267 [c07977b7-c8ef-4f3c-80b1-66a07c6e3dcd@group-C2BDBBDF155D-LeaderElection148] INFO  impl.RoleInfo (RoleInfo.java:updateAndGet(143)) - c07977b7-c8ef-4f3c-80b1-66a07c6e3dcd: start FollowerState
2019-10-17 20:28:38,451 [Thread-1792] INFO  impl.FollowerState (FollowerState.java:run(108)) - c07977b7-c8ef-4f3c-80b1-66a07c6e3dcd@group-C2BDBBDF155D-FollowerState: change to CANDIDATE, lastRpcTime:183ms, electionTimeout:183ms
2019-10-17 20:28:38,451 [Thread-1792] INFO  impl.RoleInfo (RoleInfo.java:shutdownFollowerState(121)) - c07977b7-c8ef-4f3c-80b1-66a07c6e3dcd: shutdown FollowerState
2019-10-17 20:28:38,451 [Thread-1792] INFO  impl.RaftServerImpl (RaftServerImpl.java:setRole(184)) - c07977b7-c8ef-4f3c-80b1-66a07c6e3dcd@group-C2BDBBDF155D: changes role from  FOLLOWER to CANDIDATE at term 125 for changeToCandidate
2019-10-17 20:28:38,451 [Thread-1792] INFO  impl.RoleInfo (RoleInfo.java:updateAndGet(143)) - c07977b7-c8ef-4f3c-80b1-66a07c6e3dcd: start LeaderElection
2019-10-17 20:28:38,483 [c07977b7-c8ef-4f3c-80b1-66a07c6e3dcd@group-C2BDBBDF155D-LeaderElection149] INFO  impl.LeaderElection (LeaderElection.java:askForVotes(178)) - c07977b7-c8ef-4f3c-80b1-66a07c6e3dcd@group-C2BDBBDF155D-LeaderElection149: begin an election at term 126 for -1: [d81605c5-54b3-45a8-b5ae-2e8d8890cbef:192.168.164.201:42755, 7f29c796-0732-402f-b865-67033766dcba:192.168.164.201:40704, c07977b7-c8ef-4f3c-80b1-66a07c6e3dcd:192.168.164.201:38664], old=null
2019-10-17 20:28:38,486 [grpc-default-executor-4] INFO  impl.RaftServerImpl (RaftServerImpl.java:setRole(184)) - d81605c5-54b3-45a8-b5ae-2e8d8890cbef@group-C2BDBBDF155D: changes role from  FOLLOWER to FOLLOWER at term 126 for recognizeCandidate:c07977b7-c8ef-4f3c-80b1-66a07c6e3dcd
2019-10-17 20:28:38,486 [grpc-default-executor-2] INFO  impl.RaftServerImpl (RaftServerImpl.java:setRole(184)) - 7f29c796-0732-402f-b865-67033766dcba@group-C2BDBBDF155D: changes role from  FOLLOWER to FOLLOWER at term 126 for recognizeCandidate:c07977b7-c8ef-4f3c-80b1-66a07c6e3dcd
2019-10-17 20:28:38,486 [grpc-default-executor-4] INFO  impl.RoleInfo (RoleInfo.java:shutdownFollowerState(121)) - d81605c5-54b3-45a8-b5ae-2e8d8890cbef: shutdown FollowerState
2019-10-17 20:28:38,486 [grpc-default-executor-2] INFO  impl.RoleInfo (RoleInfo.java:shutdownFollowerState(121)) - 7f29c796-0732-402f-b865-67033766dcba: shutdown FollowerState
2019-10-17 20:28:38,487 [Thread-1791] INFO  impl.FollowerState (FollowerState.java:run(117)) - d81605c5-54b3-45a8-b5ae-2e8d8890cbef@group-C2BDBBDF155D-FollowerState was interrupted: java.lang.InterruptedException: sleep interrupted
2019-10-17 20:28:38,487 [grpc-default-executor-4] INFO  impl.RoleInfo (RoleInfo.java:updateAndGet(143)) - d81605c5-54b3-45a8-b5ae-2e8d8890cbef: start FollowerState
2019-10-17 20:28:38,487 [Thread-1790] INFO  impl.FollowerState (FollowerState.java:run(117)) - 7f29c796-0732-402f-b865-67033766dcba@group-C2BDBBDF155D-FollowerState was interrupted: java.lang.InterruptedException: sleep interrupted
2019-10-17 20:28:38,487 [grpc-default-executor-2] INFO  impl.RoleInfo (RoleInfo.java:updateAndGet(143)) - 7f29c796-0732-402f-b865-67033766dcba: start FollowerState
2019-10-17 20:28:38,509 [c07977b7-c8ef-4f3c-80b1-66a07c6e3dcd@group-C2BDBBDF155D-LeaderElection149] INFO  impl.LeaderElection (LeaderElection.java:logAndReturn(56)) - c07977b7-c8ef-4f3c-80b1-66a07c6e3dcd@group-C2BDBBDF155D-LeaderElection149: Election REJECTED; received 2 response(s) [c07977b7-c8ef-4f3c-80b1-66a07c6e3dcd<-d81605c5-54b3-45a8-b5ae-2e8d8890cbef#0:FAIL-t126, c07977b7-c8ef-4f3c-80b1-66a07c6e3dcd<-7f29c796-0732-402f-b865-67033766dcba#0:FAIL-t126] and 0 exception(s); c07977b7-c8ef-4f3c-80b1-66a07c6e3dcd@group-C2BDBBDF155D:t126, leader=null, voted=c07977b7-c8ef-4f3c-80b1-66a07c6e3dcd, raftlog=c07977b7-c8ef-4f3c-80b1-66a07c6e3dcd@group-C2BDBBDF155D-SegmentedRaftLog:OPENED:c-1,f-1,i0, conf=-1: [d81605c5-54b3-45a8-b5ae-2e8d8890cbef:192.168.164.201:42755, 7f29c796-0732-402f-b865-67033766dcba:192.168.164.201:40704, c07977b7-c8ef-4f3c-80b1-66a07c6e3dcd:192.168.164.201:38664], old=null
2019-10-17 20:28:38,509 [c07977b7-c8ef-4f3c-80b1-66a07c6e3dcd@group-C2BDBBDF155D-LeaderElection149] INFO  impl.RaftServerImpl (RaftServerImpl.java:setRole(184)) - c07977b7-c8ef-4f3c-80b1-66a07c6e3dcd@group-C2BDBBDF155D: changes role from CANDIDATE to FOLLOWER at term 126 for DISCOVERED_A_NEW_TERM
2019-10-17 20:28:38,510 [c07977b7-c8ef-4f3c-80b1-66a07c6e3dcd@group-C2BDBBDF155D-LeaderElection149] INFO  impl.RoleInfo (RoleInfo.java:shutdownLeaderElection(134)) - c07977b7-c8ef-4f3c-80b1-66a07c6e3dcd: shutdown LeaderElection
2019-10-17 20:28:38,510 [c07977b7-c8ef-4f3c-80b1-66a07c6e3dcd@group-C2BDBBDF155D-LeaderElection149] INFO  impl.RoleInfo (RoleInfo.java:updateAndGet(143)) - c07977b7-c8ef-4f3c-80b1-66a07c6e3dcd: start FollowerState
2019-10-17 20:28:38,538 [Thread-754] INFO  ozone.MiniOzoneClusterImpl (MiniOzoneClusterImpl.java:lambda$waitForClusterToBeReady$2(164)) - Waiting for 1 number of pipelines out of 4, to report a leader.
2019-10-17 20:28:38,548 [Thread-1798] INFO  impl.FollowerState (FollowerState.java:run(108)) - c07977b7-c8ef-4f3c-80b1-66a07c6e3dcd@group-C2BDBBDF155D-FollowerState: change to CANDIDATE, lastRpcTime:38ms, electionTimeout:38ms
2019-10-17 20:28:38,548 [Thread-1798] INFO  impl.RoleInfo (RoleInfo.java:shutdownFollowerState(121)) - c07977b7-c8ef-4f3c-80b1-66a07c6e3dcd: shutdown FollowerState
2019-10-17 20:28:38,548 [Thread-1798] INFO  impl.RaftServerImpl (RaftServerImpl.java:setRole(184)) - c07977b7-c8ef-4f3c-80b1-66a07c6e3dcd@group-C2BDBBDF155D: changes role from  FOLLOWER to CANDIDATE at term 126 for changeToCandidate
2019-10-17 20:28:38,548 [Thread-1798] INFO  impl.RoleInfo (RoleInfo.java:updateAndGet(143)) - c07977b7-c8ef-4f3c-80b1-66a07c6e3dcd: start LeaderElection
2019-10-17 20:28:38,575 [c07977b7-c8ef-4f3c-80b1-66a07c6e3dcd@group-C2BDBBDF155D-LeaderElection150] INFO  impl.LeaderElection (LeaderElection.java:askForVotes(178)) - c07977b7-c8ef-4f3c-80b1-66a07c6e3dcd@group-C2BDBBDF155D-LeaderElection150: begin an election at term 127 for -1: [d81605c5-54b3-45a8-b5ae-2e8d8890cbef:192.168.164.201:42755, 7f29c796-0732-402f-b865-67033766dcba:192.168.164.201:40704, c07977b7-c8ef-4f3c-80b1-66a07c6e3dcd:192.168.164.201:38664], old=null
2019-10-17 20:28:38,577 [grpc-default-executor-4] INFO  impl.RaftServerImpl (RaftServerImpl.java:setRole(184)) - 7f29c796-0732-402f-b865-67033766dcba@group-C2BDBBDF155D: changes role from  FOLLOWER to FOLLOWER at term 127 for recognizeCandidate:c07977b7-c8ef-4f3c-80b1-66a07c6e3dcd
2019-10-17 20:28:38,578 [grpc-default-executor-4] INFO  impl.RoleInfo (RoleInfo.java:shutdownFollowerState(121)) - 7f29c796-0732-402f-b865-67033766dcba: shutdown FollowerState
2019-10-17 20:28:38,578 [grpc-default-executor-2] INFO  impl.RaftServerImpl (RaftServerImpl.java:setRole(184)) - d81605c5-54b3-45a8-b5ae-2e8d8890cbef@group-C2BDBBDF155D: changes role from  FOLLOWER to FOLLOWER at term 127 for recognizeCandidate:c07977b7-c8ef-4f3c-80b1-66a07c6e3dcd
2019-10-17 20:28:38,578 [Thread-1797] INFO  impl.FollowerState (FollowerState.java:run(117)) - 7f29c796-0732-402f-b865-67033766dcba@group-C2BDBBDF155D-FollowerState was interrupted: java.lang.InterruptedException: sleep interrupted
2019-10-17 20:28:38,578 [grpc-default-executor-4] INFO  impl.RoleInfo (RoleInfo.java:updateAndGet(143)) - 7f29c796-0732-402f-b865-67033766dcba: start FollowerState
2019-10-17 20:28:38,578 [grpc-default-executor-2] INFO  impl.RoleInfo (RoleInfo.java:shutdownFollowerState(121)) - d81605c5-54b3-45a8-b5ae-2e8d8890cbef: shutdown FollowerState
2019-10-17 20:28:38,578 [grpc-default-executor-2] INFO  impl.RoleInfo (RoleInfo.java:updateAndGet(143)) - d81605c5-54b3-45a8-b5ae-2e8d8890cbef: start FollowerState
2019-10-17 20:28:38,578 [Thread-1796] INFO  impl.FollowerState (FollowerState.java:run(117)) - d81605c5-54b3-45a8-b5ae-2e8d8890cbef@group-C2BDBBDF155D-FollowerState was interrupted: java.lang.InterruptedException: sleep interrupted
2019-10-17 20:28:38,602 [c07977b7-c8ef-4f3c-80b1-66a07c6e3dcd@group-C2BDBBDF155D-LeaderElection150] INFO  impl.LeaderElection (LeaderElection.java:logAndReturn(56)) - c07977b7-c8ef-4f3c-80b1-66a07c6e3dcd@group-C2BDBBDF155D-LeaderElection150: Election REJECTED; received 2 response(s) [c07977b7-c8ef-4f3c-80b1-66a07c6e3dcd<-d81605c5-54b3-45a8-b5ae-2e8d8890cbef#0:FAIL-t127, c07977b7-c8ef-4f3c-80b1-66a07c6e3dcd<-7f29c796-0732-402f-b865-67033766dcba#0:FAIL-t127] and 0 exception(s); c07977b7-c8ef-4f3c-80b1-66a07c6e3dcd@group-C2BDBBDF155D:t127, leader=null, voted=c07977b7-c8ef-4f3c-80b1-66a07c6e3dcd, raftlog=c07977b7-c8ef-4f3c-80b1-66a07c6e3dcd@group-C2BDBBDF155D-SegmentedRaftLog:OPENED:c-1,f-1,i0, conf=-1: [d81605c5-54b3-45a8-b5ae-2e8d8890cbef:192.168.164.201:42755, 7f29c796-0732-402f-b865-67033766dcba:192.168.164.201:40704, c07977b7-c8ef-4f3c-80b1-66a07c6e3dcd:192.168.164.201:38664], old=null
2019-10-17 20:28:38,602 [c07977b7-c8ef-4f3c-80b1-66a07c6e3dcd@group-C2BDBBDF155D-LeaderElection150] INFO  impl.RaftServerImpl (RaftServerImpl.java:setRole(184)) - c07977b7-c8ef-4f3c-80b1-66a07c6e3dcd@group-C2BDBBDF155D: changes role from CANDIDATE to FOLLOWER at term 127 for DISCOVERED_A_NEW_TERM
2019-10-17 20:28:38,602 [c07977b7-c8ef-4f3c-80b1-66a07c6e3dcd@group-C2BDBBDF155D-LeaderElection150] INFO  impl.RoleInfo (RoleInfo.java:shutdownLeaderElection(134)) - c07977b7-c8ef-4f3c-80b1-66a07c6e3dcd: shutdown LeaderElection
2019-10-17 20:28:38,602 [c07977b7-c8ef-4f3c-80b1-66a07c6e3dcd@group-C2BDBBDF155D-LeaderElection150] INFO  impl.RoleInfo (RoleInfo.java:updateAndGet(143)) - c07977b7-c8ef-4f3c-80b1-66a07c6e3dcd: start FollowerState
2019-10-17 20:28:38,687 [Thread-1804] INFO  impl.FollowerState (FollowerState.java:run(108)) - c07977b7-c8ef-4f3c-80b1-66a07c6e3dcd@group-C2BDBBDF155D-FollowerState: change to CANDIDATE, lastRpcTime:85ms, electionTimeout:85ms
2019-10-17 20:28:38,688 [Thread-1804] INFO  impl.RoleInfo (RoleInfo.java:shutdownFollowerState(121)) - c07977b7-c8ef-4f3c-80b1-66a07c6e3dcd: shutdown FollowerState
2019-10-17 20:28:38,688 [Thread-1804] INFO  impl.RaftServerImpl (RaftServerImpl.java:setRole(184)) - c07977b7-c8ef-4f3c-80b1-66a07c6e3dcd@group-C2BDBBDF155D: changes role from  FOLLOWER to CANDIDATE at term 127 for changeToCandidate
2019-10-17 20:28:38,688 [Thread-1804] INFO  impl.RoleInfo (RoleInfo.java:updateAndGet(143)) - c07977b7-c8ef-4f3c-80b1-66a07c6e3dcd: start LeaderElection
2019-10-17 20:28:38,718 [c07977b7-c8ef-4f3c-80b1-66a07c6e3dcd@group-C2BDBBDF155D-LeaderElection151] INFO  impl.LeaderElection (LeaderElection.java:askForVotes(178)) - c07977b7-c8ef-4f3c-80b1-66a07c6e3dcd@group-C2BDBBDF155D-LeaderElection151: begin an election at term 128 for -1: [d81605c5-54b3-45a8-b5ae-2e8d8890cbef:192.168.164.201:42755, 7f29c796-0732-402f-b865-67033766dcba:192.168.164.201:40704, c07977b7-c8ef-4f3c-80b1-66a07c6e3dcd:192.168.164.201:38664], old=null
2019-10-17 20:28:38,721 [grpc-default-executor-2] INFO  impl.RaftServerImpl (RaftServerImpl.java:setRole(184)) - d81605c5-54b3-45a8-b5ae-2e8d8890cbef@group-C2BDBBDF155D: changes role from  FOLLOWER to FOLLOWER at term 128 for recognizeCandidate:c07977b7-c8ef-4f3c-80b1-66a07c6e3dcd
2019-10-17 20:28:38,721 [grpc-default-executor-2] INFO  impl.RoleInfo (RoleInfo.java:shutdownFollowerState(121)) - d81605c5-54b3-45a8-b5ae-2e8d8890cbef: shutdown FollowerState
2019-10-17 20:28:38,721 [grpc-default-executor-4] INFO  impl.RaftServerImpl (RaftServerImpl.java:setRole(184)) - 7f29c796-0732-402f-b865-67033766dcba@group-C2BDBBDF155D: changes role from  FOLLOWER to FOLLOWER at term 128 for recognizeCandidate:c07977b7-c8ef-4f3c-80b1-66a07c6e3dcd
2019-10-17 20:28:38,721 [Thread-1803] INFO  impl.FollowerState (FollowerState.java:run(117)) - d81605c5-54b3-45a8-b5ae-2e8d8890cbef@group-C2BDBBDF155D-FollowerState was interrupted: java.lang.InterruptedException: sleep interrupted
2019-10-17 20:28:38,721 [grpc-default-executor-2] INFO  impl.RoleInfo (RoleInfo.java:updateAndGet(143)) - d81605c5-54b3-45a8-b5ae-2e8d8890cbef: start FollowerState
2019-10-17 20:28:38,722 [grpc-default-executor-4] INFO  impl.RoleInfo (RoleInfo.java:shutdownFollowerState(121)) - 7f29c796-0732-402f-b865-67033766dcba: shutdown FollowerState
2019-10-17 20:28:38,722 [grpc-default-executor-4] INFO  impl.RoleInfo (RoleInfo.java:updateAndGet(143)) - 7f29c796-0732-402f-b865-67033766dcba: start FollowerState
2019-10-17 20:28:38,722 [Thread-1802] INFO  impl.FollowerState (FollowerState.java:run(117)) - 7f29c796-0732-402f-b865-67033766dcba@group-C2BDBBDF155D-FollowerState was interrupted: java.lang.InterruptedException: sleep interrupted
2019-10-17 20:28:38,744 [c07977b7-c8ef-4f3c-80b1-66a07c6e3dcd@group-C2BDBBDF155D-LeaderElection151] INFO  impl.LeaderElection (LeaderElection.java:logAndReturn(56)) - c07977b7-c8ef-4f3c-80b1-66a07c6e3dcd@group-C2BDBBDF155D-LeaderElection151: Election REJECTED; received 2 response(s) [c07977b7-c8ef-4f3c-80b1-66a07c6e3dcd<-d81605c5-54b3-45a8-b5ae-2e8d8890cbef#0:FAIL-t128, c07977b7-c8ef-4f3c-80b1-66a07c6e3dcd<-7f29c796-0732-402f-b865-67033766dcba#0:FAIL-t128] and 0 exception(s); c07977b7-c8ef-4f3c-80b1-66a07c6e3dcd@group-C2BDBBDF155D:t128, leader=null, voted=c07977b7-c8ef-4f3c-80b1-66a07c6e3dcd, raftlog=c07977b7-c8ef-4f3c-80b1-66a07c6e3dcd@group-C2BDBBDF155D-SegmentedRaftLog:OPENED:c-1,f-1,i0, conf=-1: [d81605c5-54b3-45a8-b5ae-2e8d8890cbef:192.168.164.201:42755, 7f29c796-0732-402f-b865-67033766dcba:192.168.164.201:40704, c07977b7-c8ef-4f3c-80b1-66a07c6e3dcd:192.168.164.201:38664], old=null
2019-10-17 20:28:38,745 [c07977b7-c8ef-4f3c-80b1-66a07c6e3dcd@group-C2BDBBDF155D-LeaderElection151] INFO  impl.RaftServerImpl (RaftServerImpl.java:setRole(184)) - c07977b7-c8ef-4f3c-80b1-66a07c6e3dcd@group-C2BDBBDF155D: changes role from CANDIDATE to FOLLOWER at term 128 for DISCOVERED_A_NEW_TERM
2019-10-17 20:28:38,745 [c07977b7-c8ef-4f3c-80b1-66a07c6e3dcd@group-C2BDBBDF155D-LeaderElection151] INFO  impl.RoleInfo (RoleInfo.java:shutdownLeaderElection(134)) - c07977b7-c8ef-4f3c-80b1-66a07c6e3dcd: shutdown LeaderElection
2019-10-17 20:28:38,745 [c07977b7-c8ef-4f3c-80b1-66a07c6e3dcd@group-C2BDBBDF155D-LeaderElection151] INFO  impl.RoleInfo (RoleInfo.java:updateAndGet(143)) - c07977b7-c8ef-4f3c-80b1-66a07c6e3dcd: start FollowerState
2019-10-17 20:28:38,847 [Thread-1810] INFO  impl.FollowerState (FollowerState.java:run(108)) - c07977b7-c8ef-4f3c-80b1-66a07c6e3dcd@group-C2BDBBDF155D-FollowerState: change to CANDIDATE, lastRpcTime:101ms, electionTimeout:101ms
2019-10-17 20:28:38,847 [Thread-1810] INFO  impl.RoleInfo (RoleInfo.java:shutdownFollowerState(121)) - c07977b7-c8ef-4f3c-80b1-66a07c6e3dcd: shutdown FollowerState
2019-10-17 20:28:38,847 [Thread-1810] INFO  impl.RaftServerImpl (RaftServerImpl.java:setRole(184)) - c07977b7-c8ef-4f3c-80b1-66a07c6e3dcd@group-C2BDBBDF155D: changes role from  FOLLOWER to CANDIDATE at term 128 for changeToCandidate
2019-10-17 20:28:38,847 [Thread-1810] INFO  impl.RoleInfo (RoleInfo.java:updateAndGet(143)) - c07977b7-c8ef-4f3c-80b1-66a07c6e3dcd: start LeaderElection
2019-10-17 20:28:38,877 [c07977b7-c8ef-4f3c-80b1-66a07c6e3dcd@group-C2BDBBDF155D-LeaderElection152] INFO  impl.LeaderElection (LeaderElection.java:askForVotes(178)) - c07977b7-c8ef-4f3c-80b1-66a07c6e3dcd@group-C2BDBBDF155D-LeaderElection152: begin an election at term 129 for -1: [d81605c5-54b3-45a8-b5ae-2e8d8890cbef:192.168.164.201:42755, 7f29c796-0732-402f-b865-67033766dcba:192.168.164.201:40704, c07977b7-c8ef-4f3c-80b1-66a07c6e3dcd:192.168.164.201:38664], old=null
2019-10-17 20:28:38,879 [grpc-default-executor-2] INFO  impl.RaftServerImpl (RaftServerImpl.java:setRole(184)) - 7f29c796-0732-402f-b865-67033766dcba@group-C2BDBBDF155D: changes role from  FOLLOWER to FOLLOWER at term 129 for recognizeCandidate:c07977b7-c8ef-4f3c-80b1-66a07c6e3dcd
2019-10-17 20:28:38,879 [grpc-default-executor-4] INFO  impl.RaftServerImpl (RaftServerImpl.java:setRole(184)) - d81605c5-54b3-45a8-b5ae-2e8d8890cbef@group-C2BDBBDF155D: changes role from  FOLLOWER to FOLLOWER at term 129 for recognizeCandidate:c07977b7-c8ef-4f3c-80b1-66a07c6e3dcd
2019-10-17 20:28:38,879 [grpc-default-executor-2] INFO  impl.RoleInfo (RoleInfo.java:shutdownFollowerState(121)) - 7f29c796-0732-402f-b865-67033766dcba: shutdown FollowerState
2019-10-17 20:28:38,880 [grpc-default-executor-4] INFO  impl.RoleInfo (RoleInfo.java:shutdownFollowerState(121)) - d81605c5-54b3-45a8-b5ae-2e8d8890cbef: shutdown FollowerState
2019-10-17 20:28:38,880 [Thread-1809] INFO  impl.FollowerState (FollowerState.java:run(117)) - 7f29c796-0732-402f-b865-67033766dcba@group-C2BDBBDF155D-FollowerState was interrupted: java.lang.InterruptedException: sleep interrupted
2019-10-17 20:28:38,880 [grpc-default-executor-2] INFO  impl.RoleInfo (RoleInfo.java:updateAndGet(143)) - 7f29c796-0732-402f-b865-67033766dcba: start FollowerState
2019-10-17 20:28:38,880 [Thread-1808] INFO  impl.FollowerState (FollowerState.java:run(117)) - d81605c5-54b3-45a8-b5ae-2e8d8890cbef@group-C2BDBBDF155D-FollowerState was interrupted: java.lang.InterruptedException: sleep interrupted
2019-10-17 20:28:38,880 [grpc-default-executor-4] INFO  impl.RoleInfo (RoleInfo.java:updateAndGet(143)) - d81605c5-54b3-45a8-b5ae-2e8d8890cbef: start FollowerState
2019-10-17 20:28:38,905 [c07977b7-c8ef-4f3c-80b1-66a07c6e3dcd@group-C2BDBBDF155D-LeaderElection152] INFO  impl.LeaderElection (LeaderElection.java:logAndReturn(56)) - c07977b7-c8ef-4f3c-80b1-66a07c6e3dcd@group-C2BDBBDF155D-LeaderElection152: Election REJECTED; received 2 response(s) [c07977b7-c8ef-4f3c-80b1-66a07c6e3dcd<-d81605c5-54b3-45a8-b5ae-2e8d8890cbef#0:FAIL-t129, c07977b7-c8ef-4f3c-80b1-66a07c6e3dcd<-7f29c796-0732-402f-b865-67033766dcba#0:FAIL-t129] and 0 exception(s); c07977b7-c8ef-4f3c-80b1-66a07c6e3dcd@group-C2BDBBDF155D:t129, leader=null, voted=c07977b7-c8ef-4f3c-80b1-66a07c6e3dcd, raftlog=c07977b7-c8ef-4f3c-80b1-66a07c6e3dcd@group-C2BDBBDF155D-SegmentedRaftLog:OPENED:c-1,f-1,i0, conf=-1: [d81605c5-54b3-45a8-b5ae-2e8d8890cbef:192.168.164.201:42755, 7f29c796-0732-402f-b865-67033766dcba:192.168.164.201:40704, c07977b7-c8ef-4f3c-80b1-66a07c6e3dcd:192.168.164.201:38664], old=null
2019-10-17 20:28:38,905 [c07977b7-c8ef-4f3c-80b1-66a07c6e3dcd@group-C2BDBBDF155D-LeaderElection152] INFO  impl.RaftServerImpl (RaftServerImpl.java:setRole(184)) - c07977b7-c8ef-4f3c-80b1-66a07c6e3dcd@group-C2BDBBDF155D: changes role from CANDIDATE to FOLLOWER at term 129 for DISCOVERED_A_NEW_TERM
2019-10-17 20:28:38,905 [c07977b7-c8ef-4f3c-80b1-66a07c6e3dcd@group-C2BDBBDF155D-LeaderElection152] INFO  impl.RoleInfo (RoleInfo.java:shutdownLeaderElection(134)) - c07977b7-c8ef-4f3c-80b1-66a07c6e3dcd: shutdown LeaderElection
2019-10-17 20:28:38,905 [c07977b7-c8ef-4f3c-80b1-66a07c6e3dcd@group-C2BDBBDF155D-LeaderElection152] INFO  impl.RoleInfo (RoleInfo.java:updateAndGet(143)) - c07977b7-c8ef-4f3c-80b1-66a07c6e3dcd: start FollowerState
2019-10-17 20:28:39,006 [Thread-1816] INFO  impl.FollowerState (FollowerState.java:run(108)) - c07977b7-c8ef-4f3c-80b1-66a07c6e3dcd@group-C2BDBBDF155D-FollowerState: change to CANDIDATE, lastRpcTime:100ms, electionTimeout:100ms
2019-10-17 20:28:39,006 [Thread-1816] INFO  impl.RoleInfo (RoleInfo.java:shutdownFollowerState(121)) - c07977b7-c8ef-4f3c-80b1-66a07c6e3dcd: shutdown FollowerState
2019-10-17 20:28:39,006 [Thread-1816] INFO  impl.RaftServerImpl (RaftServerImpl.java:setRole(184)) - c07977b7-c8ef-4f3c-80b1-66a07c6e3dcd@group-C2BDBBDF155D: changes role from  FOLLOWER to CANDIDATE at term 129 for changeToCandidate
2019-10-17 20:28:39,007 [Thread-1816] INFO  impl.RoleInfo (RoleInfo.java:updateAndGet(143)) - c07977b7-c8ef-4f3c-80b1-66a07c6e3dcd: start LeaderElection
2019-10-17 20:28:39,037 [c07977b7-c8ef-4f3c-80b1-66a07c6e3dcd@group-C2BDBBDF155D-LeaderElection153] INFO  impl.LeaderElection (LeaderElection.java:askForVotes(178)) - c07977b7-c8ef-4f3c-80b1-66a07c6e3dcd@group-C2BDBBDF155D-LeaderElection153: begin an election at term 130 for -1: [d81605c5-54b3-45a8-b5ae-2e8d8890cbef:192.168.164.201:42755, 7f29c796-0732-402f-b865-67033766dcba:192.168.164.201:40704, c07977b7-c8ef-4f3c-80b1-66a07c6e3dcd:192.168.164.201:38664], old=null
2019-10-17 20:28:39,040 [grpc-default-executor-2] INFO  impl.RaftServerImpl (RaftServerImpl.java:setRole(184)) - d81605c5-54b3-45a8-b5ae-2e8d8890cbef@group-C2BDBBDF155D: changes role from  FOLLOWER to FOLLOWER at term 130 for recognizeCandidate:c07977b7-c8ef-4f3c-80b1-66a07c6e3dcd
2019-10-17 20:28:39,040 [grpc-default-executor-2] INFO  impl.RoleInfo (RoleInfo.java:shutdownFollowerState(121)) - d81605c5-54b3-45a8-b5ae-2e8d8890cbef: shutdown FollowerState
2019-10-17 20:28:39,040 [grpc-default-executor-2] INFO  impl.RoleInfo (RoleInfo.java:updateAndGet(143)) - d81605c5-54b3-45a8-b5ae-2e8d8890cbef: start FollowerState
2019-10-17 20:28:39,040 [grpc-default-executor-4] INFO  impl.RaftServerImpl (RaftServerImpl.java:setRole(184)) - 7f29c796-0732-402f-b865-67033766dcba@group-C2BDBBDF155D: changes role from  FOLLOWER to FOLLOWER at term 130 for recognizeCandidate:c07977b7-c8ef-4f3c-80b1-66a07c6e3dcd
2019-10-17 20:28:39,040 [Thread-1815] INFO  impl.FollowerState (FollowerState.java:run(117)) - d81605c5-54b3-45a8-b5ae-2e8d8890cbef@group-C2BDBBDF155D-FollowerState was interrupted: java.lang.InterruptedException: sleep interrupted
2019-10-17 20:28:39,040 [grpc-default-executor-4] INFO  impl.RoleInfo (RoleInfo.java:shutdownFollowerState(121)) - 7f29c796-0732-402f-b865-67033766dcba: shutdown FollowerState
2019-10-17 20:28:39,041 [grpc-default-executor-4] INFO  impl.RoleInfo (RoleInfo.java:updateAndGet(143)) - 7f29c796-0732-402f-b865-67033766dcba: start FollowerState
2019-10-17 20:28:39,041 [Thread-1814] INFO  impl.FollowerState (FollowerState.java:run(117)) - 7f29c796-0732-402f-b865-67033766dcba@group-C2BDBBDF155D-FollowerState was interrupted: java.lang.InterruptedException: sleep interrupted
2019-10-17 20:28:39,064 [c07977b7-c8ef-4f3c-80b1-66a07c6e3dcd@group-C2BDBBDF155D-LeaderElection153] INFO  impl.LeaderElection (LeaderElection.java:logAndReturn(56)) - c07977b7-c8ef-4f3c-80b1-66a07c6e3dcd@group-C2BDBBDF155D-LeaderElection153: Election REJECTED; received 2 response(s) [c07977b7-c8ef-4f3c-80b1-66a07c6e3dcd<-d81605c5-54b3-45a8-b5ae-2e8d8890cbef#0:FAIL-t130, c07977b7-c8ef-4f3c-80b1-66a07c6e3dcd<-7f29c796-0732-402f-b865-67033766dcba#0:FAIL-t130] and 0 exception(s); c07977b7-c8ef-4f3c-80b1-66a07c6e3dcd@group-C2BDBBDF155D:t130, leader=null, voted=c07977b7-c8ef-4f3c-80b1-66a07c6e3dcd, raftlog=c07977b7-c8ef-4f3c-80b1-66a07c6e3dcd@group-C2BDBBDF155D-SegmentedRaftLog:OPENED:c-1,f-1,i0, conf=-1: [d81605c5-54b3-45a8-b5ae-2e8d8890cbef:192.168.164.201:42755, 7f29c796-0732-402f-b865-67033766dcba:192.168.164.201:40704, c07977b7-c8ef-4f3c-80b1-66a07c6e3dcd:192.168.164.201:38664], old=null
2019-10-17 20:28:39,064 [c07977b7-c8ef-4f3c-80b1-66a07c6e3dcd@group-C2BDBBDF155D-LeaderElection153] INFO  impl.RaftServerImpl (RaftServerImpl.java:setRole(184)) - c07977b7-c8ef-4f3c-80b1-66a07c6e3dcd@group-C2BDBBDF155D: changes role from CANDIDATE to FOLLOWER at term 130 for DISCOVERED_A_NEW_TERM
2019-10-17 20:28:39,064 [c07977b7-c8ef-4f3c-80b1-66a07c6e3dcd@group-C2BDBBDF155D-LeaderElection153] INFO  impl.RoleInfo (RoleInfo.java:shutdownLeaderElection(134)) - c07977b7-c8ef-4f3c-80b1-66a07c6e3dcd: shutdown LeaderElection
2019-10-17 20:28:39,064 [c07977b7-c8ef-4f3c-80b1-66a07c6e3dcd@group-C2BDBBDF155D-LeaderElection153] INFO  impl.RoleInfo (RoleInfo.java:updateAndGet(143)) - c07977b7-c8ef-4f3c-80b1-66a07c6e3dcd: start FollowerState
2019-10-17 20:28:39,095 [Thread-1822] INFO  impl.FollowerState (FollowerState.java:run(108)) - c07977b7-c8ef-4f3c-80b1-66a07c6e3dcd@group-C2BDBBDF155D-FollowerState: change to CANDIDATE, lastRpcTime:30ms, electionTimeout:30ms
2019-10-17 20:28:39,095 [Thread-1822] INFO  impl.RoleInfo (RoleInfo.java:shutdownFollowerState(121)) - c07977b7-c8ef-4f3c-80b1-66a07c6e3dcd: shutdown FollowerState
2019-10-17 20:28:39,095 [Thread-1822] INFO  impl.RaftServerImpl (RaftServerImpl.java:setRole(184)) - c07977b7-c8ef-4f3c-80b1-66a07c6e3dcd@group-C2BDBBDF155D: changes role from  FOLLOWER to CANDIDATE at term 130 for changeToCandidate
2019-10-17 20:28:39,095 [Thread-1822] INFO  impl.RoleInfo (RoleInfo.java:updateAndGet(143)) - c07977b7-c8ef-4f3c-80b1-66a07c6e3dcd: start LeaderElection
2019-10-17 20:28:39,121 [c07977b7-c8ef-4f3c-80b1-66a07c6e3dcd@group-C2BDBBDF155D-LeaderElection154] INFO  impl.LeaderElection (LeaderElection.java:askForVotes(178)) - c07977b7-c8ef-4f3c-80b1-66a07c6e3dcd@group-C2BDBBDF155D-LeaderElection154: begin an election at term 131 for -1: [d81605c5-54b3-45a8-b5ae-2e8d8890cbef:192.168.164.201:42755, 7f29c796-0732-402f-b865-67033766dcba:192.168.164.201:40704, c07977b7-c8ef-4f3c-80b1-66a07c6e3dcd:192.168.164.201:38664], old=null
2019-10-17 20:28:39,124 [grpc-default-executor-2] INFO  impl.RaftServerImpl (RaftServerImpl.java:setRole(184)) - d81605c5-54b3-45a8-b5ae-2e8d8890cbef@group-C2BDBBDF155D: changes role from  FOLLOWER to FOLLOWER at term 131 for recognizeCandidate:c07977b7-c8ef-4f3c-80b1-66a07c6e3dcd
2019-10-17 20:28:39,124 [grpc-default-executor-2] INFO  impl.RoleInfo (RoleInfo.java:shutdownFollowerState(121)) - d81605c5-54b3-45a8-b5ae-2e8d8890cbef: shutdown FollowerState
2019-10-17 20:28:39,124 [grpc-default-executor-2] INFO  impl.RoleInfo (RoleInfo.java:updateAndGet(143)) - d81605c5-54b3-45a8-b5ae-2e8d8890cbef: start FollowerState
2019-10-17 20:28:39,124 [Thread-1820] INFO  impl.FollowerState (FollowerState.java:run(117)) - d81605c5-54b3-45a8-b5ae-2e8d8890cbef@group-C2BDBBDF155D-FollowerState was interrupted: java.lang.InterruptedException: sleep interrupted
2019-10-17 20:28:39,124 [grpc-default-executor-4] INFO  impl.RaftServerImpl (RaftServerImpl.java:setRole(184)) - 7f29c796-0732-402f-b865-67033766dcba@group-C2BDBBDF155D: changes role from  FOLLOWER to FOLLOWER at term 131 for recognizeCandidate:c07977b7-c8ef-4f3c-80b1-66a07c6e3dcd
2019-10-17 20:28:39,125 [grpc-default-executor-4] INFO  impl.RoleInfo (RoleInfo.java:shutdownFollowerState(121)) - 7f29c796-0732-402f-b865-67033766dcba: shutdown FollowerState
2019-10-17 20:28:39,125 [grpc-default-executor-4] INFO  impl.RoleInfo (RoleInfo.java:updateAndGet(143)) - 7f29c796-0732-402f-b865-67033766dcba: start FollowerState
2019-10-17 20:28:39,125 [Thread-1821] INFO  impl.FollowerState (FollowerState.java:run(117)) - 7f29c796-0732-402f-b865-67033766dcba@group-C2BDBBDF155D-FollowerState was interrupted: java.lang.InterruptedException: sleep interrupted
2019-10-17 20:28:39,148 [c07977b7-c8ef-4f3c-80b1-66a07c6e3dcd@group-C2BDBBDF155D-LeaderElection154] INFO  impl.LeaderElection (LeaderElection.java:logAndReturn(56)) - c07977b7-c8ef-4f3c-80b1-66a07c6e3dcd@group-C2BDBBDF155D-LeaderElection154: Election REJECTED; received 2 response(s) [c07977b7-c8ef-4f3c-80b1-66a07c6e3dcd<-d81605c5-54b3-45a8-b5ae-2e8d8890cbef#0:FAIL-t131, c07977b7-c8ef-4f3c-80b1-66a07c6e3dcd<-7f29c796-0732-402f-b865-67033766dcba#0:FAIL-t131] and 0 exception(s); c07977b7-c8ef-4f3c-80b1-66a07c6e3dcd@group-C2BDBBDF155D:t131, leader=null, voted=c07977b7-c8ef-4f3c-80b1-66a07c6e3dcd, raftlog=c07977b7-c8ef-4f3c-80b1-66a07c6e3dcd@group-C2BDBBDF155D-SegmentedRaftLog:OPENED:c-1,f-1,i0, conf=-1: [d81605c5-54b3-45a8-b5ae-2e8d8890cbef:192.168.164.201:42755, 7f29c796-0732-402f-b865-67033766dcba:192.168.164.201:40704, c07977b7-c8ef-4f3c-80b1-66a07c6e3dcd:192.168.164.201:38664], old=null
2019-10-17 20:28:39,148 [c07977b7-c8ef-4f3c-80b1-66a07c6e3dcd@group-C2BDBBDF155D-LeaderElection154] INFO  impl.RaftServerImpl (RaftServerImpl.java:setRole(184)) - c07977b7-c8ef-4f3c-80b1-66a07c6e3dcd@group-C2BDBBDF155D: changes role from CANDIDATE to FOLLOWER at term 131 for DISCOVERED_A_NEW_TERM
2019-10-17 20:28:39,148 [c07977b7-c8ef-4f3c-80b1-66a07c6e3dcd@group-C2BDBBDF155D-LeaderElection154] INFO  impl.RoleInfo (RoleInfo.java:shutdownLeaderElection(134)) - c07977b7-c8ef-4f3c-80b1-66a07c6e3dcd: shutdown LeaderElection
2019-10-17 20:28:39,148 [c07977b7-c8ef-4f3c-80b1-66a07c6e3dcd@group-C2BDBBDF155D-LeaderElection154] INFO  impl.RoleInfo (RoleInfo.java:updateAndGet(143)) - c07977b7-c8ef-4f3c-80b1-66a07c6e3dcd: start FollowerState
2019-10-17 20:28:39,244 [Thread-1828] INFO  impl.FollowerState (FollowerState.java:run(108)) - c07977b7-c8ef-4f3c-80b1-66a07c6e3dcd@group-C2BDBBDF155D-FollowerState: change to CANDIDATE, lastRpcTime:95ms, electionTimeout:95ms
2019-10-17 20:28:39,244 [Thread-1828] INFO  impl.RoleInfo (RoleInfo.java:shutdownFollowerState(121)) - c07977b7-c8ef-4f3c-80b1-66a07c6e3dcd: shutdown FollowerState
2019-10-17 20:28:39,244 [Thread-1828] INFO  impl.RaftServerImpl (RaftServerImpl.java:setRole(184)) - c07977b7-c8ef-4f3c-80b1-66a07c6e3dcd@group-C2BDBBDF155D: changes role from  FOLLOWER to CANDIDATE at term 131 for changeToCandidate
2019-10-17 20:28:39,244 [Thread-1828] INFO  impl.RoleInfo (RoleInfo.java:updateAndGet(143)) - c07977b7-c8ef-4f3c-80b1-66a07c6e3dcd: start LeaderElection
2019-10-17 20:28:39,272 [c07977b7-c8ef-4f3c-80b1-66a07c6e3dcd@group-C2BDBBDF155D-LeaderElection155] INFO  impl.LeaderElection (LeaderElection.java:askForVotes(178)) - c07977b7-c8ef-4f3c-80b1-66a07c6e3dcd@group-C2BDBBDF155D-LeaderElection155: begin an election at term 132 for -1: [d81605c5-54b3-45a8-b5ae-2e8d8890cbef:192.168.164.201:42755, 7f29c796-0732-402f-b865-67033766dcba:192.168.164.201:40704, c07977b7-c8ef-4f3c-80b1-66a07c6e3dcd:192.168.164.201:38664], old=null
2019-10-17 20:28:39,274 [grpc-default-executor-4] INFO  impl.RaftServerImpl (RaftServerImpl.java:setRole(184)) - d81605c5-54b3-45a8-b5ae-2e8d8890cbef@group-C2BDBBDF155D: changes role from  FOLLOWER to FOLLOWER at term 132 for recognizeCandidate:c07977b7-c8ef-4f3c-80b1-66a07c6e3dcd
2019-10-17 20:28:39,274 [grpc-default-executor-4] INFO  impl.RoleInfo (RoleInfo.java:shutdownFollowerState(121)) - d81605c5-54b3-45a8-b5ae-2e8d8890cbef: shutdown FollowerState
2019-10-17 20:28:39,275 [grpc-default-executor-4] INFO  impl.RoleInfo (RoleInfo.java:updateAndGet(143)) - d81605c5-54b3-45a8-b5ae-2e8d8890cbef: start FollowerState
2019-10-17 20:28:39,275 [Thread-1826] INFO  impl.FollowerState (FollowerState.java:run(117)) - d81605c5-54b3-45a8-b5ae-2e8d8890cbef@group-C2BDBBDF155D-FollowerState was interrupted: java.lang.InterruptedException: sleep interrupted
2019-10-17 20:28:39,275 [grpc-default-executor-2] INFO  impl.RaftServerImpl (RaftServerImpl.java:setRole(184)) - 7f29c796-0732-402f-b865-67033766dcba@group-C2BDBBDF155D: changes role from  FOLLOWER to FOLLOWER at term 132 for recognizeCandidate:c07977b7-c8ef-4f3c-80b1-66a07c6e3dcd
2019-10-17 20:28:39,275 [grpc-default-executor-2] INFO  impl.RoleInfo (RoleInfo.java:shutdownFollowerState(121)) - 7f29c796-0732-402f-b865-67033766dcba: shutdown FollowerState
2019-10-17 20:28:39,275 [grpc-default-executor-2] INFO  impl.RoleInfo (RoleInfo.java:updateAndGet(143)) - 7f29c796-0732-402f-b865-67033766dcba: start FollowerState
2019-10-17 20:28:39,275 [Thread-1827] INFO  impl.FollowerState (FollowerState.java:run(117)) - 7f29c796-0732-402f-b865-67033766dcba@group-C2BDBBDF155D-FollowerState was interrupted: java.lang.InterruptedException: sleep interrupted
2019-10-17 20:28:39,299 [c07977b7-c8ef-4f3c-80b1-66a07c6e3dcd@group-C2BDBBDF155D-LeaderElection155] INFO  impl.LeaderElection (LeaderElection.java:logAndReturn(56)) - c07977b7-c8ef-4f3c-80b1-66a07c6e3dcd@group-C2BDBBDF155D-LeaderElection155: Election REJECTED; received 2 response(s) [c07977b7-c8ef-4f3c-80b1-66a07c6e3dcd<-d81605c5-54b3-45a8-b5ae-2e8d8890cbef#0:FAIL-t132, c07977b7-c8ef-4f3c-80b1-66a07c6e3dcd<-7f29c796-0732-402f-b865-67033766dcba#0:FAIL-t132] and 0 exception(s); c07977b7-c8ef-4f3c-80b1-66a07c6e3dcd@group-C2BDBBDF155D:t132, leader=null, voted=c07977b7-c8ef-4f3c-80b1-66a07c6e3dcd, raftlog=c07977b7-c8ef-4f3c-80b1-66a07c6e3dcd@group-C2BDBBDF155D-SegmentedRaftLog:OPENED:c-1,f-1,i0, conf=-1: [d81605c5-54b3-45a8-b5ae-2e8d8890cbef:192.168.164.201:42755, 7f29c796-0732-402f-b865-67033766dcba:192.168.164.201:40704, c07977b7-c8ef-4f3c-80b1-66a07c6e3dcd:192.168.164.201:38664], old=null
2019-10-17 20:28:39,299 [c07977b7-c8ef-4f3c-80b1-66a07c6e3dcd@group-C2BDBBDF155D-LeaderElection155] INFO  impl.RaftServerImpl (RaftServerImpl.java:setRole(184)) - c07977b7-c8ef-4f3c-80b1-66a07c6e3dcd@group-C2BDBBDF155D: changes role from CANDIDATE to FOLLOWER at term 132 for DISCOVERED_A_NEW_TERM
2019-10-17 20:28:39,299 [c07977b7-c8ef-4f3c-80b1-66a07c6e3dcd@group-C2BDBBDF155D-LeaderElection155] INFO  impl.RoleInfo (RoleInfo.java:shutdownLeaderElection(134)) - c07977b7-c8ef-4f3c-80b1-66a07c6e3dcd: shutdown LeaderElection
2019-10-17 20:28:39,299 [c07977b7-c8ef-4f3c-80b1-66a07c6e3dcd@group-C2BDBBDF155D-LeaderElection155] INFO  impl.RoleInfo (RoleInfo.java:updateAndGet(143)) - c07977b7-c8ef-4f3c-80b1-66a07c6e3dcd: start FollowerState
2019-10-17 20:28:39,341 [Thread-1834] INFO  impl.FollowerState (FollowerState.java:run(108)) - c07977b7-c8ef-4f3c-80b1-66a07c6e3dcd@group-C2BDBBDF155D-FollowerState: change to CANDIDATE, lastRpcTime:41ms, electionTimeout:41ms
2019-10-17 20:28:39,341 [Thread-1834] INFO  impl.RoleInfo (RoleInfo.java:shutdownFollowerState(121)) - c07977b7-c8ef-4f3c-80b1-66a07c6e3dcd: shutdown FollowerState
2019-10-17 20:28:39,341 [Thread-1834] INFO  impl.RaftServerImpl (RaftServerImpl.java:setRole(184)) - c07977b7-c8ef-4f3c-80b1-66a07c6e3dcd@group-C2BDBBDF155D: changes role from  FOLLOWER to CANDIDATE at term 132 for changeToCandidate
2019-10-17 20:28:39,341 [Thread-1834] INFO  impl.RoleInfo (RoleInfo.java:updateAndGet(143)) - c07977b7-c8ef-4f3c-80b1-66a07c6e3dcd: start LeaderElection
2019-10-17 20:28:39,364 [c07977b7-c8ef-4f3c-80b1-66a07c6e3dcd@group-C2BDBBDF155D-LeaderElection156] INFO  impl.LeaderElection (LeaderElection.java:askForVotes(178)) - c07977b7-c8ef-4f3c-80b1-66a07c6e3dcd@group-C2BDBBDF155D-LeaderElection156: begin an election at term 133 for -1: [d81605c5-54b3-45a8-b5ae-2e8d8890cbef:192.168.164.201:42755, 7f29c796-0732-402f-b865-67033766dcba:192.168.164.201:40704, c07977b7-c8ef-4f3c-80b1-66a07c6e3dcd:192.168.164.201:38664], old=null
2019-10-17 20:28:39,368 [grpc-default-executor-2] INFO  impl.RaftServerImpl (RaftServerImpl.java:setRole(184)) - d81605c5-54b3-45a8-b5ae-2e8d8890cbef@group-C2BDBBDF155D: changes role from  FOLLOWER to FOLLOWER at term 133 for recognizeCandidate:c07977b7-c8ef-4f3c-80b1-66a07c6e3dcd
2019-10-17 20:28:39,368 [grpc-default-executor-2] INFO  impl.RoleInfo (RoleInfo.java:shutdownFollowerState(121)) - d81605c5-54b3-45a8-b5ae-2e8d8890cbef: shutdown FollowerState
2019-10-17 20:28:39,368 [grpc-default-executor-2] INFO  impl.RoleInfo (RoleInfo.java:updateAndGet(143)) - d81605c5-54b3-45a8-b5ae-2e8d8890cbef: start FollowerState
2019-10-17 20:28:39,368 [Thread-1832] INFO  impl.FollowerState (FollowerState.java:run(117)) - d81605c5-54b3-45a8-b5ae-2e8d8890cbef@group-C2BDBBDF155D-FollowerState was interrupted: java.lang.InterruptedException: sleep interrupted
2019-10-17 20:28:39,368 [grpc-default-executor-4] INFO  impl.RaftServerImpl (RaftServerImpl.java:setRole(184)) - 7f29c796-0732-402f-b865-67033766dcba@group-C2BDBBDF155D: changes role from  FOLLOWER to FOLLOWER at term 133 for recognizeCandidate:c07977b7-c8ef-4f3c-80b1-66a07c6e3dcd
2019-10-17 20:28:39,369 [grpc-default-executor-4] INFO  impl.RoleInfo (RoleInfo.java:shutdownFollowerState(121)) - 7f29c796-0732-402f-b865-67033766dcba: shutdown FollowerState
2019-10-17 20:28:39,369 [grpc-default-executor-4] INFO  impl.RoleInfo (RoleInfo.java:updateAndGet(143)) - 7f29c796-0732-402f-b865-67033766dcba: start FollowerState
2019-10-17 20:28:39,369 [Thread-1833] INFO  impl.FollowerState (FollowerState.java:run(117)) - 7f29c796-0732-402f-b865-67033766dcba@group-C2BDBBDF155D-FollowerState was interrupted: java.lang.InterruptedException: sleep interrupted
2019-10-17 20:28:39,389 [c07977b7-c8ef-4f3c-80b1-66a07c6e3dcd@group-C2BDBBDF155D-LeaderElection156] INFO  impl.LeaderElection (LeaderElection.java:logAndReturn(56)) - c07977b7-c8ef-4f3c-80b1-66a07c6e3dcd@group-C2BDBBDF155D-LeaderElection156: Election TIMEOUT; received 0 response(s) [] and 0 exception(s); c07977b7-c8ef-4f3c-80b1-66a07c6e3dcd@group-C2BDBBDF155D:t133, leader=null, voted=c07977b7-c8ef-4f3c-80b1-66a07c6e3dcd, raftlog=c07977b7-c8ef-4f3c-80b1-66a07c6e3dcd@group-C2BDBBDF155D-SegmentedRaftLog:OPENED:c-1,f-1,i0, conf=-1: [d81605c5-54b3-45a8-b5ae-2e8d8890cbef:192.168.164.201:42755, 7f29c796-0732-402f-b865-67033766dcba:192.168.164.201:40704, c07977b7-c8ef-4f3c-80b1-66a07c6e3dcd:192.168.164.201:38664], old=null
2019-10-17 20:28:39,415 [c07977b7-c8ef-4f3c-80b1-66a07c6e3dcd@group-C2BDBBDF155D-LeaderElection156] INFO  impl.LeaderElection (LeaderElection.java:askForVotes(178)) - c07977b7-c8ef-4f3c-80b1-66a07c6e3dcd@group-C2BDBBDF155D-LeaderElection156: begin an election at term 134 for -1: [d81605c5-54b3-45a8-b5ae-2e8d8890cbef:192.168.164.201:42755, 7f29c796-0732-402f-b865-67033766dcba:192.168.164.201:40704, c07977b7-c8ef-4f3c-80b1-66a07c6e3dcd:192.168.164.201:38664], old=null
2019-10-17 20:28:39,418 [grpc-default-executor-4] INFO  impl.RaftServerImpl (RaftServerImpl.java:setRole(184)) - 7f29c796-0732-402f-b865-67033766dcba@group-C2BDBBDF155D: changes role from  FOLLOWER to FOLLOWER at term 134 for recognizeCandidate:c07977b7-c8ef-4f3c-80b1-66a07c6e3dcd
2019-10-17 20:28:39,418 [grpc-default-executor-2] INFO  impl.RaftServerImpl (RaftServerImpl.java:setRole(184)) - d81605c5-54b3-45a8-b5ae-2e8d8890cbef@group-C2BDBBDF155D: changes role from  FOLLOWER to FOLLOWER at term 134 for recognizeCandidate:c07977b7-c8ef-4f3c-80b1-66a07c6e3dcd
2019-10-17 20:28:39,418 [grpc-default-executor-4] INFO  impl.RoleInfo (RoleInfo.java:shutdownFollowerState(121)) - 7f29c796-0732-402f-b865-67033766dcba: shutdown FollowerState
2019-10-17 20:28:39,418 [grpc-default-executor-2] INFO  impl.RoleInfo (RoleInfo.java:shutdownFollowerState(121)) - d81605c5-54b3-45a8-b5ae-2e8d8890cbef: shutdown FollowerState
2019-10-17 20:28:39,418 [Thread-1839] INFO  impl.FollowerState (FollowerState.java:run(117)) - 7f29c796-0732-402f-b865-67033766dcba@group-C2BDBBDF155D-FollowerState was interrupted: java.lang.InterruptedException: sleep interrupted
2019-10-17 20:28:39,418 [grpc-default-executor-4] INFO  impl.RoleInfo (RoleInfo.java:updateAndGet(143)) - 7f29c796-0732-402f-b865-67033766dcba: start FollowerState
2019-10-17 20:28:39,419 [Thread-1838] INFO  impl.FollowerState (FollowerState.java:run(117)) - d81605c5-54b3-45a8-b5ae-2e8d8890cbef@group-C2BDBBDF155D-FollowerState was interrupted: java.lang.InterruptedException: sleep interrupted
2019-10-17 20:28:39,418 [grpc-default-executor-2] INFO  impl.RoleInfo (RoleInfo.java:updateAndGet(143)) - d81605c5-54b3-45a8-b5ae-2e8d8890cbef: start FollowerState
2019-10-17 20:28:39,442 [c07977b7-c8ef-4f3c-80b1-66a07c6e3dcd@group-C2BDBBDF155D-LeaderElection156] INFO  impl.LeaderElection (LeaderElection.java:logAndReturn(56)) - c07977b7-c8ef-4f3c-80b1-66a07c6e3dcd@group-C2BDBBDF155D-LeaderElection156: Election REJECTED; received 2 response(s) [c07977b7-c8ef-4f3c-80b1-66a07c6e3dcd<-d81605c5-54b3-45a8-b5ae-2e8d8890cbef#0:FAIL-t134, c07977b7-c8ef-4f3c-80b1-66a07c6e3dcd<-7f29c796-0732-402f-b865-67033766dcba#0:FAIL-t134] and 0 exception(s); c07977b7-c8ef-4f3c-80b1-66a07c6e3dcd@group-C2BDBBDF155D:t134, leader=null, voted=c07977b7-c8ef-4f3c-80b1-66a07c6e3dcd, raftlog=c07977b7-c8ef-4f3c-80b1-66a07c6e3dcd@group-C2BDBBDF155D-SegmentedRaftLog:OPENED:c-1,f-1,i0, conf=-1: [d81605c5-54b3-45a8-b5ae-2e8d8890cbef:192.168.164.201:42755, 7f29c796-0732-402f-b865-67033766dcba:192.168.164.201:40704, c07977b7-c8ef-4f3c-80b1-66a07c6e3dcd:192.168.164.201:38664], old=null
2019-10-17 20:28:39,442 [c07977b7-c8ef-4f3c-80b1-66a07c6e3dcd@group-C2BDBBDF155D-LeaderElection156] INFO  impl.RaftServerImpl (RaftServerImpl.java:setRole(184)) - c07977b7-c8ef-4f3c-80b1-66a07c6e3dcd@group-C2BDBBDF155D: changes role from CANDIDATE to FOLLOWER at term 134 for DISCOVERED_A_NEW_TERM
2019-10-17 20:28:39,442 [c07977b7-c8ef-4f3c-80b1-66a07c6e3dcd@group-C2BDBBDF155D-LeaderElection156] INFO  impl.RoleInfo (RoleInfo.java:shutdownLeaderElection(134)) - c07977b7-c8ef-4f3c-80b1-66a07c6e3dcd: shutdown LeaderElection
2019-10-17 20:28:39,442 [c07977b7-c8ef-4f3c-80b1-66a07c6e3dcd@group-C2BDBBDF155D-LeaderElection156] INFO  impl.RoleInfo (RoleInfo.java:updateAndGet(143)) - c07977b7-c8ef-4f3c-80b1-66a07c6e3dcd: start FollowerState
2019-10-17 20:28:39,538 [Thread-754] INFO  ozone.MiniOzoneClusterImpl (MiniOzoneClusterImpl.java:lambda$waitForClusterToBeReady$2(164)) - Waiting for 1 number of pipelines out of 4, to report a leader.
2019-10-17 20:28:39,600 [Thread-1844] INFO  impl.FollowerState (FollowerState.java:run(108)) - c07977b7-c8ef-4f3c-80b1-66a07c6e3dcd@group-C2BDBBDF155D-FollowerState: change to CANDIDATE, lastRpcTime:157ms, electionTimeout:157ms
2019-10-17 20:28:39,600 [Thread-1844] INFO  impl.RoleInfo (RoleInfo.java:shutdownFollowerState(121)) - c07977b7-c8ef-4f3c-80b1-66a07c6e3dcd: shutdown FollowerState
2019-10-17 20:28:39,600 [Thread-1844] INFO  impl.RaftServerImpl (RaftServerImpl.java:setRole(184)) - c07977b7-c8ef-4f3c-80b1-66a07c6e3dcd@group-C2BDBBDF155D: changes role from  FOLLOWER to CANDIDATE at term 134 for changeToCandidate
2019-10-17 20:28:39,600 [Thread-1844] INFO  impl.RoleInfo (RoleInfo.java:updateAndGet(143)) - c07977b7-c8ef-4f3c-80b1-66a07c6e3dcd: start LeaderElection
2019-10-17 20:28:39,624 [c07977b7-c8ef-4f3c-80b1-66a07c6e3dcd@group-C2BDBBDF155D-LeaderElection157] INFO  impl.LeaderElection (LeaderElection.java:askForVotes(178)) - c07977b7-c8ef-4f3c-80b1-66a07c6e3dcd@group-C2BDBBDF155D-LeaderElection157: begin an election at term 135 for -1: [d81605c5-54b3-45a8-b5ae-2e8d8890cbef:192.168.164.201:42755, 7f29c796-0732-402f-b865-67033766dcba:192.168.164.201:40704, c07977b7-c8ef-4f3c-80b1-66a07c6e3dcd:192.168.164.201:38664], old=null
2019-10-17 20:28:39,627 [grpc-default-executor-2] INFO  impl.RaftServerImpl (RaftServerImpl.java:setRole(184)) - d81605c5-54b3-45a8-b5ae-2e8d8890cbef@group-C2BDBBDF155D: changes role from  FOLLOWER to FOLLOWER at term 135 for recognizeCandidate:c07977b7-c8ef-4f3c-80b1-66a07c6e3dcd
2019-10-17 20:28:39,627 [grpc-default-executor-2] INFO  impl.RoleInfo (RoleInfo.java:shutdownFollowerState(121)) - d81605c5-54b3-45a8-b5ae-2e8d8890cbef: shutdown FollowerState
2019-10-17 20:28:39,627 [grpc-default-executor-2] INFO  impl.RoleInfo (RoleInfo.java:updateAndGet(143)) - d81605c5-54b3-45a8-b5ae-2e8d8890cbef: start FollowerState
2019-10-17 20:28:39,628 [grpc-default-executor-4] INFO  impl.RaftServerImpl (RaftServerImpl.java:setRole(184)) - 7f29c796-0732-402f-b865-67033766dcba@group-C2BDBBDF155D: changes role from  FOLLOWER to FOLLOWER at term 135 for recognizeCandidate:c07977b7-c8ef-4f3c-80b1-66a07c6e3dcd
2019-10-17 20:28:39,628 [grpc-default-executor-4] INFO  impl.RoleInfo (RoleInfo.java:shutdownFollowerState(121)) - 7f29c796-0732-402f-b865-67033766dcba: shutdown FollowerState
2019-10-17 20:28:39,628 [Thread-1843] INFO  impl.FollowerState (FollowerState.java:run(117)) - d81605c5-54b3-45a8-b5ae-2e8d8890cbef@group-C2BDBBDF155D-FollowerState was interrupted: java.lang.InterruptedException: sleep interrupted
2019-10-17 20:28:39,628 [grpc-default-executor-4] INFO  impl.RoleInfo (RoleInfo.java:updateAndGet(143)) - 7f29c796-0732-402f-b865-67033766dcba: start FollowerState
2019-10-17 20:28:39,628 [Thread-1842] INFO  impl.FollowerState (FollowerState.java:run(117)) - 7f29c796-0732-402f-b865-67033766dcba@group-C2BDBBDF155D-FollowerState was interrupted: java.lang.InterruptedException: sleep interrupted
2019-10-17 20:28:39,651 [c07977b7-c8ef-4f3c-80b1-66a07c6e3dcd@group-C2BDBBDF155D-LeaderElection157] INFO  impl.LeaderElection (LeaderElection.java:logAndReturn(56)) - c07977b7-c8ef-4f3c-80b1-66a07c6e3dcd@group-C2BDBBDF155D-LeaderElection157: Election REJECTED; received 2 response(s) [c07977b7-c8ef-4f3c-80b1-66a07c6e3dcd<-d81605c5-54b3-45a8-b5ae-2e8d8890cbef#0:FAIL-t135, c07977b7-c8ef-4f3c-80b1-66a07c6e3dcd<-7f29c796-0732-402f-b865-67033766dcba#0:FAIL-t135] and 0 exception(s); c07977b7-c8ef-4f3c-80b1-66a07c6e3dcd@group-C2BDBBDF155D:t135, leader=null, voted=c07977b7-c8ef-4f3c-80b1-66a07c6e3dcd, raftlog=c07977b7-c8ef-4f3c-80b1-66a07c6e3dcd@group-C2BDBBDF155D-SegmentedRaftLog:OPENED:c-1,f-1,i0, conf=-1: [d81605c5-54b3-45a8-b5ae-2e8d8890cbef:192.168.164.201:42755, 7f29c796-0732-402f-b865-67033766dcba:192.168.164.201:40704, c07977b7-c8ef-4f3c-80b1-66a07c6e3dcd:192.168.164.201:38664], old=null
2019-10-17 20:28:39,651 [c07977b7-c8ef-4f3c-80b1-66a07c6e3dcd@group-C2BDBBDF155D-LeaderElection157] INFO  impl.RaftServerImpl (RaftServerImpl.java:setRole(184)) - c07977b7-c8ef-4f3c-80b1-66a07c6e3dcd@group-C2BDBBDF155D: changes role from CANDIDATE to FOLLOWER at term 135 for DISCOVERED_A_NEW_TERM
2019-10-17 20:28:39,651 [c07977b7-c8ef-4f3c-80b1-66a07c6e3dcd@group-C2BDBBDF155D-LeaderElection157] INFO  impl.RoleInfo (RoleInfo.java:shutdownLeaderElection(134)) - c07977b7-c8ef-4f3c-80b1-66a07c6e3dcd: shutdown LeaderElection
2019-10-17 20:28:39,651 [c07977b7-c8ef-4f3c-80b1-66a07c6e3dcd@group-C2BDBBDF155D-LeaderElection157] INFO  impl.RoleInfo (RoleInfo.java:updateAndGet(143)) - c07977b7-c8ef-4f3c-80b1-66a07c6e3dcd: start FollowerState
2019-10-17 20:28:39,787 [Thread-1850] INFO  impl.FollowerState (FollowerState.java:run(108)) - c07977b7-c8ef-4f3c-80b1-66a07c6e3dcd@group-C2BDBBDF155D-FollowerState: change to CANDIDATE, lastRpcTime:135ms, electionTimeout:135ms
2019-10-17 20:28:39,787 [Thread-1850] INFO  impl.RoleInfo (RoleInfo.java:shutdownFollowerState(121)) - c07977b7-c8ef-4f3c-80b1-66a07c6e3dcd: shutdown FollowerState
2019-10-17 20:28:39,787 [Thread-1850] INFO  impl.RaftServerImpl (RaftServerImpl.java:setRole(184)) - c07977b7-c8ef-4f3c-80b1-66a07c6e3dcd@group-C2BDBBDF155D: changes role from  FOLLOWER to CANDIDATE at term 135 for changeToCandidate
2019-10-17 20:28:39,788 [Thread-1850] INFO  impl.RoleInfo (RoleInfo.java:updateAndGet(143)) - c07977b7-c8ef-4f3c-80b1-66a07c6e3dcd: start LeaderElection
2019-10-17 20:28:39,817 [c07977b7-c8ef-4f3c-80b1-66a07c6e3dcd@group-C2BDBBDF155D-LeaderElection158] INFO  impl.LeaderElection (LeaderElection.java:askForVotes(178)) - c07977b7-c8ef-4f3c-80b1-66a07c6e3dcd@group-C2BDBBDF155D-LeaderElection158: begin an election at term 136 for -1: [d81605c5-54b3-45a8-b5ae-2e8d8890cbef:192.168.164.201:42755, 7f29c796-0732-402f-b865-67033766dcba:192.168.164.201:40704, c07977b7-c8ef-4f3c-80b1-66a07c6e3dcd:192.168.164.201:38664], old=null
2019-10-17 20:28:39,820 [grpc-default-executor-4] INFO  impl.RaftServerImpl (RaftServerImpl.java:setRole(184)) - d81605c5-54b3-45a8-b5ae-2e8d8890cbef@group-C2BDBBDF155D: changes role from  FOLLOWER to FOLLOWER at term 136 for recognizeCandidate:c07977b7-c8ef-4f3c-80b1-66a07c6e3dcd
2019-10-17 20:28:39,820 [grpc-default-executor-2] INFO  impl.RaftServerImpl (RaftServerImpl.java:setRole(184)) - 7f29c796-0732-402f-b865-67033766dcba@group-C2BDBBDF155D: changes role from  FOLLOWER to FOLLOWER at term 136 for recognizeCandidate:c07977b7-c8ef-4f3c-80b1-66a07c6e3dcd
2019-10-17 20:28:39,820 [grpc-default-executor-4] INFO  impl.RoleInfo (RoleInfo.java:shutdownFollowerState(121)) - d81605c5-54b3-45a8-b5ae-2e8d8890cbef: shutdown FollowerState
2019-10-17 20:28:39,820 [grpc-default-executor-2] INFO  impl.RoleInfo (RoleInfo.java:shutdownFollowerState(121)) - 7f29c796-0732-402f-b865-67033766dcba: shutdown FollowerState
2019-10-17 20:28:39,821 [Thread-1848] INFO  impl.FollowerState (FollowerState.java:run(117)) - d81605c5-54b3-45a8-b5ae-2e8d8890cbef@group-C2BDBBDF155D-FollowerState was interrupted: java.lang.InterruptedException: sleep interrupted
2019-10-17 20:28:39,821 [grpc-default-executor-4] INFO  impl.RoleInfo (RoleInfo.java:updateAndGet(143)) - d81605c5-54b3-45a8-b5ae-2e8d8890cbef: start FollowerState
2019-10-17 20:28:39,821 [Thread-1849] INFO  impl.FollowerState (FollowerState.java:run(117)) - 7f29c796-0732-402f-b865-67033766dcba@group-C2BDBBDF155D-FollowerState was interrupted: java.lang.InterruptedException: sleep interrupted
2019-10-17 20:28:39,821 [grpc-default-executor-2] INFO  impl.RoleInfo (RoleInfo.java:updateAndGet(143)) - 7f29c796-0732-402f-b865-67033766dcba: start FollowerState
2019-10-17 20:28:39,852 [c07977b7-c8ef-4f3c-80b1-66a07c6e3dcd@group-C2BDBBDF155D-LeaderElection158] INFO  impl.LeaderElection (LeaderElection.java:logAndReturn(56)) - c07977b7-c8ef-4f3c-80b1-66a07c6e3dcd@group-C2BDBBDF155D-LeaderElection158: Election REJECTED; received 2 response(s) [c07977b7-c8ef-4f3c-80b1-66a07c6e3dcd<-d81605c5-54b3-45a8-b5ae-2e8d8890cbef#0:FAIL-t136, c07977b7-c8ef-4f3c-80b1-66a07c6e3dcd<-7f29c796-0732-402f-b865-67033766dcba#0:FAIL-t136] and 0 exception(s); c07977b7-c8ef-4f3c-80b1-66a07c6e3dcd@group-C2BDBBDF155D:t136, leader=null, voted=c07977b7-c8ef-4f3c-80b1-66a07c6e3dcd, raftlog=c07977b7-c8ef-4f3c-80b1-66a07c6e3dcd@group-C2BDBBDF155D-SegmentedRaftLog:OPENED:c-1,f-1,i0, conf=-1: [d81605c5-54b3-45a8-b5ae-2e8d8890cbef:192.168.164.201:42755, 7f29c796-0732-402f-b865-67033766dcba:192.168.164.201:40704, c07977b7-c8ef-4f3c-80b1-66a07c6e3dcd:192.168.164.201:38664], old=null
2019-10-17 20:28:39,852 [c07977b7-c8ef-4f3c-80b1-66a07c6e3dcd@group-C2BDBBDF155D-LeaderElection158] INFO  impl.RaftServerImpl (RaftServerImpl.java:setRole(184)) - c07977b7-c8ef-4f3c-80b1-66a07c6e3dcd@group-C2BDBBDF155D: changes role from CANDIDATE to FOLLOWER at term 136 for DISCOVERED_A_NEW_TERM
2019-10-17 20:28:39,852 [c07977b7-c8ef-4f3c-80b1-66a07c6e3dcd@group-C2BDBBDF155D-LeaderElection158] INFO  impl.RoleInfo (RoleInfo.java:shutdownLeaderElection(134)) - c07977b7-c8ef-4f3c-80b1-66a07c6e3dcd: shutdown LeaderElection
2019-10-17 20:28:39,852 [c07977b7-c8ef-4f3c-80b1-66a07c6e3dcd@group-C2BDBBDF155D-LeaderElection158] INFO  impl.RoleInfo (RoleInfo.java:updateAndGet(143)) - c07977b7-c8ef-4f3c-80b1-66a07c6e3dcd: start FollowerState
2019-10-17 20:28:39,981 [Thread-1856] INFO  impl.FollowerState (FollowerState.java:run(108)) - c07977b7-c8ef-4f3c-80b1-66a07c6e3dcd@group-C2BDBBDF155D-FollowerState: change to CANDIDATE, lastRpcTime:128ms, electionTimeout:128ms
2019-10-17 20:28:39,981 [Thread-1856] INFO  impl.RoleInfo (RoleInfo.java:shutdownFollowerState(121)) - c07977b7-c8ef-4f3c-80b1-66a07c6e3dcd: shutdown FollowerState
2019-10-17 20:28:39,981 [Thread-1856] INFO  impl.RaftServerImpl (RaftServerImpl.java:setRole(184)) - c07977b7-c8ef-4f3c-80b1-66a07c6e3dcd@group-C2BDBBDF155D: changes role from  FOLLOWER to CANDIDATE at term 136 for changeToCandidate
2019-10-17 20:28:39,981 [Thread-1856] INFO  impl.RoleInfo (RoleInfo.java:updateAndGet(143)) - c07977b7-c8ef-4f3c-80b1-66a07c6e3dcd: start LeaderElection
2019-10-17 20:28:40,009 [c07977b7-c8ef-4f3c-80b1-66a07c6e3dcd@group-C2BDBBDF155D-LeaderElection159] INFO  impl.LeaderElection (LeaderElection.java:askForVotes(178)) - c07977b7-c8ef-4f3c-80b1-66a07c6e3dcd@group-C2BDBBDF155D-LeaderElection159: begin an election at term 137 for -1: [d81605c5-54b3-45a8-b5ae-2e8d8890cbef:192.168.164.201:42755, 7f29c796-0732-402f-b865-67033766dcba:192.168.164.201:40704, c07977b7-c8ef-4f3c-80b1-66a07c6e3dcd:192.168.164.201:38664], old=null
2019-10-17 20:28:40,012 [grpc-default-executor-2] INFO  impl.RaftServerImpl (RaftServerImpl.java:setRole(184)) - d81605c5-54b3-45a8-b5ae-2e8d8890cbef@group-C2BDBBDF155D: changes role from  FOLLOWER to FOLLOWER at term 137 for recognizeCandidate:c07977b7-c8ef-4f3c-80b1-66a07c6e3dcd
2019-10-17 20:28:40,012 [grpc-default-executor-4] INFO  impl.RaftServerImpl (RaftServerImpl.java:setRole(184)) - 7f29c796-0732-402f-b865-67033766dcba@group-C2BDBBDF155D: changes role from  FOLLOWER to FOLLOWER at term 137 for recognizeCandidate:c07977b7-c8ef-4f3c-80b1-66a07c6e3dcd
2019-10-17 20:28:40,013 [grpc-default-executor-2] INFO  impl.RoleInfo (RoleInfo.java:shutdownFollowerState(121)) - d81605c5-54b3-45a8-b5ae-2e8d8890cbef: shutdown FollowerState
2019-10-17 20:28:40,013 [grpc-default-executor-4] INFO  impl.RoleInfo (RoleInfo.java:shutdownFollowerState(121)) - 7f29c796-0732-402f-b865-67033766dcba: shutdown FollowerState
2019-10-17 20:28:40,013 [Thread-1854] INFO  impl.FollowerState (FollowerState.java:run(117)) - d81605c5-54b3-45a8-b5ae-2e8d8890cbef@group-C2BDBBDF155D-FollowerState was interrupted: java.lang.InterruptedException: sleep interrupted
2019-10-17 20:28:40,013 [grpc-default-executor-2] INFO  impl.RoleInfo (RoleInfo.java:updateAndGet(143)) - d81605c5-54b3-45a8-b5ae-2e8d8890cbef: start FollowerState
2019-10-17 20:28:40,013 [Thread-1855] INFO  impl.FollowerState (FollowerState.java:run(117)) - 7f29c796-0732-402f-b865-67033766dcba@group-C2BDBBDF155D-FollowerState was interrupted: java.lang.InterruptedException: sleep interrupted
2019-10-17 20:28:40,013 [grpc-default-executor-4] INFO  impl.RoleInfo (RoleInfo.java:updateAndGet(143)) - 7f29c796-0732-402f-b865-67033766dcba: start FollowerState
2019-10-17 20:28:40,044 [c07977b7-c8ef-4f3c-80b1-66a07c6e3dcd@group-C2BDBBDF155D-LeaderElection159] INFO  impl.LeaderElection (LeaderElection.java:logAndReturn(56)) - c07977b7-c8ef-4f3c-80b1-66a07c6e3dcd@group-C2BDBBDF155D-LeaderElection159: Election REJECTED; received 2 response(s) [c07977b7-c8ef-4f3c-80b1-66a07c6e3dcd<-d81605c5-54b3-45a8-b5ae-2e8d8890cbef#0:FAIL-t137, c07977b7-c8ef-4f3c-80b1-66a07c6e3dcd<-7f29c796-0732-402f-b865-67033766dcba#0:FAIL-t137] and 0 exception(s); c07977b7-c8ef-4f3c-80b1-66a07c6e3dcd@group-C2BDBBDF155D:t137, leader=null, voted=c07977b7-c8ef-4f3c-80b1-66a07c6e3dcd, raftlog=c07977b7-c8ef-4f3c-80b1-66a07c6e3dcd@group-C2BDBBDF155D-SegmentedRaftLog:OPENED:c-1,f-1,i0, conf=-1: [d81605c5-54b3-45a8-b5ae-2e8d8890cbef:192.168.164.201:42755, 7f29c796-0732-402f-b865-67033766dcba:192.168.164.201:40704, c07977b7-c8ef-4f3c-80b1-66a07c6e3dcd:192.168.164.201:38664], old=null
2019-10-17 20:28:40,044 [c07977b7-c8ef-4f3c-80b1-66a07c6e3dcd@group-C2BDBBDF155D-LeaderElection159] INFO  impl.RaftServerImpl (RaftServerImpl.java:setRole(184)) - c07977b7-c8ef-4f3c-80b1-66a07c6e3dcd@group-C2BDBBDF155D: changes role from CANDIDATE to FOLLOWER at term 137 for DISCOVERED_A_NEW_TERM
2019-10-17 20:28:40,044 [c07977b7-c8ef-4f3c-80b1-66a07c6e3dcd@group-C2BDBBDF155D-LeaderElection159] INFO  impl.RoleInfo (RoleInfo.java:shutdownLeaderElection(134)) - c07977b7-c8ef-4f3c-80b1-66a07c6e3dcd: shutdown LeaderElection
2019-10-17 20:28:40,044 [c07977b7-c8ef-4f3c-80b1-66a07c6e3dcd@group-C2BDBBDF155D-LeaderElection159] INFO  impl.RoleInfo (RoleInfo.java:updateAndGet(143)) - c07977b7-c8ef-4f3c-80b1-66a07c6e3dcd: start FollowerState
2019-10-17 20:28:40,093 [Thread-1862] INFO  impl.FollowerState (FollowerState.java:run(108)) - c07977b7-c8ef-4f3c-80b1-66a07c6e3dcd@group-C2BDBBDF155D-FollowerState: change to CANDIDATE, lastRpcTime:48ms, electionTimeout:48ms
2019-10-17 20:28:40,093 [Thread-1862] INFO  impl.RoleInfo (RoleInfo.java:shutdownFollowerState(121)) - c07977b7-c8ef-4f3c-80b1-66a07c6e3dcd: shutdown FollowerState
2019-10-17 20:28:40,093 [Thread-1862] INFO  impl.RaftServerImpl (RaftServerImpl.java:setRole(184)) - c07977b7-c8ef-4f3c-80b1-66a07c6e3dcd@group-C2BDBBDF155D: changes role from  FOLLOWER to CANDIDATE at term 137 for changeToCandidate
2019-10-17 20:28:40,094 [Thread-1862] INFO  impl.RoleInfo (RoleInfo.java:updateAndGet(143)) - c07977b7-c8ef-4f3c-80b1-66a07c6e3dcd: start LeaderElection
2019-10-17 20:28:40,118 [c07977b7-c8ef-4f3c-80b1-66a07c6e3dcd@group-C2BDBBDF155D-LeaderElection160] INFO  impl.LeaderElection (LeaderElection.java:askForVotes(178)) - c07977b7-c8ef-4f3c-80b1-66a07c6e3dcd@group-C2BDBBDF155D-LeaderElection160: begin an election at term 138 for -1: [d81605c5-54b3-45a8-b5ae-2e8d8890cbef:192.168.164.201:42755, 7f29c796-0732-402f-b865-67033766dcba:192.168.164.201:40704, c07977b7-c8ef-4f3c-80b1-66a07c6e3dcd:192.168.164.201:38664], old=null
2019-10-17 20:28:40,120 [grpc-default-executor-2] INFO  impl.RaftServerImpl (RaftServerImpl.java:setRole(184)) - 7f29c796-0732-402f-b865-67033766dcba@group-C2BDBBDF155D: changes role from  FOLLOWER to FOLLOWER at term 138 for recognizeCandidate:c07977b7-c8ef-4f3c-80b1-66a07c6e3dcd
2019-10-17 20:28:40,121 [grpc-default-executor-2] INFO  impl.RoleInfo (RoleInfo.java:shutdownFollowerState(121)) - 7f29c796-0732-402f-b865-67033766dcba: shutdown FollowerState
2019-10-17 20:28:40,121 [grpc-default-executor-2] INFO  impl.RoleInfo (RoleInfo.java:updateAndGet(143)) - 7f29c796-0732-402f-b865-67033766dcba: start FollowerState
2019-10-17 20:28:40,121 [Thread-1861] INFO  impl.FollowerState (FollowerState.java:run(117)) - 7f29c796-0732-402f-b865-67033766dcba@group-C2BDBBDF155D-FollowerState was interrupted: java.lang.InterruptedException: sleep interrupted
2019-10-17 20:28:40,121 [grpc-default-executor-4] INFO  impl.RaftServerImpl (RaftServerImpl.java:setRole(184)) - d81605c5-54b3-45a8-b5ae-2e8d8890cbef@group-C2BDBBDF155D: changes role from  FOLLOWER to FOLLOWER at term 138 for recognizeCandidate:c07977b7-c8ef-4f3c-80b1-66a07c6e3dcd
2019-10-17 20:28:40,121 [grpc-default-executor-4] INFO  impl.RoleInfo (RoleInfo.java:shutdownFollowerState(121)) - d81605c5-54b3-45a8-b5ae-2e8d8890cbef: shutdown FollowerState
2019-10-17 20:28:40,122 [grpc-default-executor-4] INFO  impl.RoleInfo (RoleInfo.java:updateAndGet(143)) - d81605c5-54b3-45a8-b5ae-2e8d8890cbef: start FollowerState
2019-10-17 20:28:40,122 [Thread-1860] INFO  impl.FollowerState (FollowerState.java:run(117)) - d81605c5-54b3-45a8-b5ae-2e8d8890cbef@group-C2BDBBDF155D-FollowerState was interrupted: java.lang.InterruptedException: sleep interrupted
2019-10-17 20:28:40,144 [c07977b7-c8ef-4f3c-80b1-66a07c6e3dcd@group-C2BDBBDF155D-LeaderElection160] INFO  impl.LeaderElection (LeaderElection.java:logAndReturn(56)) - c07977b7-c8ef-4f3c-80b1-66a07c6e3dcd@group-C2BDBBDF155D-LeaderElection160: Election REJECTED; received 2 response(s) [c07977b7-c8ef-4f3c-80b1-66a07c6e3dcd<-d81605c5-54b3-45a8-b5ae-2e8d8890cbef#0:FAIL-t138, c07977b7-c8ef-4f3c-80b1-66a07c6e3dcd<-7f29c796-0732-402f-b865-67033766dcba#0:FAIL-t138] and 0 exception(s); c07977b7-c8ef-4f3c-80b1-66a07c6e3dcd@group-C2BDBBDF155D:t138, leader=null, voted=c07977b7-c8ef-4f3c-80b1-66a07c6e3dcd, raftlog=c07977b7-c8ef-4f3c-80b1-66a07c6e3dcd@group-C2BDBBDF155D-SegmentedRaftLog:OPENED:c-1,f-1,i0, conf=-1: [d81605c5-54b3-45a8-b5ae-2e8d8890cbef:192.168.164.201:42755, 7f29c796-0732-402f-b865-67033766dcba:192.168.164.201:40704, c07977b7-c8ef-4f3c-80b1-66a07c6e3dcd:192.168.164.201:38664], old=null
2019-10-17 20:28:40,144 [c07977b7-c8ef-4f3c-80b1-66a07c6e3dcd@group-C2BDBBDF155D-LeaderElection160] INFO  impl.RaftServerImpl (RaftServerImpl.java:setRole(184)) - c07977b7-c8ef-4f3c-80b1-66a07c6e3dcd@group-C2BDBBDF155D: changes role from CANDIDATE to FOLLOWER at term 138 for DISCOVERED_A_NEW_TERM
2019-10-17 20:28:40,144 [c07977b7-c8ef-4f3c-80b1-66a07c6e3dcd@group-C2BDBBDF155D-LeaderElection160] INFO  impl.RoleInfo (RoleInfo.java:shutdownLeaderElection(134)) - c07977b7-c8ef-4f3c-80b1-66a07c6e3dcd: shutdown LeaderElection
2019-10-17 20:28:40,145 [c07977b7-c8ef-4f3c-80b1-66a07c6e3dcd@group-C2BDBBDF155D-LeaderElection160] INFO  impl.RoleInfo (RoleInfo.java:updateAndGet(143)) - c07977b7-c8ef-4f3c-80b1-66a07c6e3dcd: start FollowerState
2019-10-17 20:28:40,146 [Thread-1868] INFO  impl.FollowerState (FollowerState.java:run(108)) - c07977b7-c8ef-4f3c-80b1-66a07c6e3dcd@group-C2BDBBDF155D-FollowerState: change to CANDIDATE, lastRpcTime:1ms, electionTimeout:1ms
2019-10-17 20:28:40,146 [Thread-1868] INFO  impl.RoleInfo (RoleInfo.java:shutdownFollowerState(121)) - c07977b7-c8ef-4f3c-80b1-66a07c6e3dcd: shutdown FollowerState
2019-10-17 20:28:40,146 [Thread-1868] INFO  impl.RaftServerImpl (RaftServerImpl.java:setRole(184)) - c07977b7-c8ef-4f3c-80b1-66a07c6e3dcd@group-C2BDBBDF155D: changes role from  FOLLOWER to CANDIDATE at term 138 for changeToCandidate
2019-10-17 20:28:40,146 [Thread-1868] INFO  impl.RoleInfo (RoleInfo.java:updateAndGet(143)) - c07977b7-c8ef-4f3c-80b1-66a07c6e3dcd: start LeaderElection
2019-10-17 20:28:40,169 [c07977b7-c8ef-4f3c-80b1-66a07c6e3dcd@group-C2BDBBDF155D-LeaderElection161] INFO  impl.LeaderElection (LeaderElection.java:askForVotes(178)) - c07977b7-c8ef-4f3c-80b1-66a07c6e3dcd@group-C2BDBBDF155D-LeaderElection161: begin an election at term 139 for -1: [d81605c5-54b3-45a8-b5ae-2e8d8890cbef:192.168.164.201:42755, 7f29c796-0732-402f-b865-67033766dcba:192.168.164.201:40704, c07977b7-c8ef-4f3c-80b1-66a07c6e3dcd:192.168.164.201:38664], old=null
2019-10-17 20:28:40,172 [grpc-default-executor-2] INFO  impl.RaftServerImpl (RaftServerImpl.java:setRole(184)) - d81605c5-54b3-45a8-b5ae-2e8d8890cbef@group-C2BDBBDF155D: changes role from  FOLLOWER to FOLLOWER at term 139 for recognizeCandidate:c07977b7-c8ef-4f3c-80b1-66a07c6e3dcd
2019-10-17 20:28:40,172 [grpc-default-executor-4] INFO  impl.RaftServerImpl (RaftServerImpl.java:setRole(184)) - 7f29c796-0732-402f-b865-67033766dcba@group-C2BDBBDF155D: changes role from  FOLLOWER to FOLLOWER at term 139 for recognizeCandidate:c07977b7-c8ef-4f3c-80b1-66a07c6e3dcd
2019-10-17 20:28:40,173 [grpc-default-executor-2] INFO  impl.RoleInfo (RoleInfo.java:shutdownFollowerState(121)) - d81605c5-54b3-45a8-b5ae-2e8d8890cbef: shutdown FollowerState
2019-10-17 20:28:40,173 [grpc-default-executor-4] INFO  impl.RoleInfo (RoleInfo.java:shutdownFollowerState(121)) - 7f29c796-0732-402f-b865-67033766dcba: shutdown FollowerState
2019-10-17 20:28:40,173 [Thread-1867] INFO  impl.FollowerState (FollowerState.java:run(117)) - d81605c5-54b3-45a8-b5ae-2e8d8890cbef@group-C2BDBBDF155D-FollowerState was interrupted: java.lang.InterruptedException: sleep interrupted
2019-10-17 20:28:40,173 [Thread-1866] INFO  impl.FollowerState (FollowerState.java:run(117)) - 7f29c796-0732-402f-b865-67033766dcba@group-C2BDBBDF155D-FollowerState was interrupted: java.lang.InterruptedException: sleep interrupted
2019-10-17 20:28:40,173 [grpc-default-executor-2] INFO  impl.RoleInfo (RoleInfo.java:updateAndGet(143)) - d81605c5-54b3-45a8-b5ae-2e8d8890cbef: start FollowerState
2019-10-17 20:28:40,173 [grpc-default-executor-4] INFO  impl.RoleInfo (RoleInfo.java:updateAndGet(143)) - 7f29c796-0732-402f-b865-67033766dcba: start FollowerState
2019-10-17 20:28:40,203 [c07977b7-c8ef-4f3c-80b1-66a07c6e3dcd@group-C2BDBBDF155D-LeaderElection161] INFO  impl.LeaderElection (LeaderElection.java:logAndReturn(56)) - c07977b7-c8ef-4f3c-80b1-66a07c6e3dcd@group-C2BDBBDF155D-LeaderElection161: Election REJECTED; received 2 response(s) [c07977b7-c8ef-4f3c-80b1-66a07c6e3dcd<-d81605c5-54b3-45a8-b5ae-2e8d8890cbef#0:FAIL-t139, c07977b7-c8ef-4f3c-80b1-66a07c6e3dcd<-7f29c796-0732-402f-b865-67033766dcba#0:FAIL-t139] and 0 exception(s); c07977b7-c8ef-4f3c-80b1-66a07c6e3dcd@group-C2BDBBDF155D:t139, leader=null, voted=c07977b7-c8ef-4f3c-80b1-66a07c6e3dcd, raftlog=c07977b7-c8ef-4f3c-80b1-66a07c6e3dcd@group-C2BDBBDF155D-SegmentedRaftLog:OPENED:c-1,f-1,i0, conf=-1: [d81605c5-54b3-45a8-b5ae-2e8d8890cbef:192.168.164.201:42755, 7f29c796-0732-402f-b865-67033766dcba:192.168.164.201:40704, c07977b7-c8ef-4f3c-80b1-66a07c6e3dcd:192.168.164.201:38664], old=null
2019-10-17 20:28:40,204 [c07977b7-c8ef-4f3c-80b1-66a07c6e3dcd@group-C2BDBBDF155D-LeaderElection161] INFO  impl.RaftServerImpl (RaftServerImpl.java:setRole(184)) - c07977b7-c8ef-4f3c-80b1-66a07c6e3dcd@group-C2BDBBDF155D: changes role from CANDIDATE to FOLLOWER at term 139 for DISCOVERED_A_NEW_TERM
2019-10-17 20:28:40,204 [c07977b7-c8ef-4f3c-80b1-66a07c6e3dcd@group-C2BDBBDF155D-LeaderElection161] INFO  impl.RoleInfo (RoleInfo.java:shutdownLeaderElection(134)) - c07977b7-c8ef-4f3c-80b1-66a07c6e3dcd: shutdown LeaderElection
2019-10-17 20:28:40,204 [c07977b7-c8ef-4f3c-80b1-66a07c6e3dcd@group-C2BDBBDF155D-LeaderElection161] INFO  impl.RoleInfo (RoleInfo.java:updateAndGet(143)) - c07977b7-c8ef-4f3c-80b1-66a07c6e3dcd: start FollowerState
2019-10-17 20:28:40,287 [Thread-1874] INFO  impl.FollowerState (FollowerState.java:run(108)) - c07977b7-c8ef-4f3c-80b1-66a07c6e3dcd@group-C2BDBBDF155D-FollowerState: change to CANDIDATE, lastRpcTime:82ms, electionTimeout:82ms
2019-10-17 20:28:40,287 [Thread-1874] INFO  impl.RoleInfo (RoleInfo.java:shutdownFollowerState(121)) - c07977b7-c8ef-4f3c-80b1-66a07c6e3dcd: shutdown FollowerState
2019-10-17 20:28:40,287 [Thread-1874] INFO  impl.RaftServerImpl (RaftServerImpl.java:setRole(184)) - c07977b7-c8ef-4f3c-80b1-66a07c6e3dcd@group-C2BDBBDF155D: changes role from  FOLLOWER to CANDIDATE at term 139 for changeToCandidate
2019-10-17 20:28:40,287 [Thread-1874] INFO  impl.RoleInfo (RoleInfo.java:updateAndGet(143)) - c07977b7-c8ef-4f3c-80b1-66a07c6e3dcd: start LeaderElection
2019-10-17 20:28:40,311 [c07977b7-c8ef-4f3c-80b1-66a07c6e3dcd@group-C2BDBBDF155D-LeaderElection162] INFO  impl.LeaderElection (LeaderElection.java:askForVotes(178)) - c07977b7-c8ef-4f3c-80b1-66a07c6e3dcd@group-C2BDBBDF155D-LeaderElection162: begin an election at term 140 for -1: [d81605c5-54b3-45a8-b5ae-2e8d8890cbef:192.168.164.201:42755, 7f29c796-0732-402f-b865-67033766dcba:192.168.164.201:40704, c07977b7-c8ef-4f3c-80b1-66a07c6e3dcd:192.168.164.201:38664], old=null
2019-10-17 20:28:40,314 [grpc-default-executor-2] INFO  impl.RaftServerImpl (RaftServerImpl.java:setRole(184)) - d81605c5-54b3-45a8-b5ae-2e8d8890cbef@group-C2BDBBDF155D: changes role from  FOLLOWER to FOLLOWER at term 140 for recognizeCandidate:c07977b7-c8ef-4f3c-80b1-66a07c6e3dcd
2019-10-17 20:28:40,314 [grpc-default-executor-4] INFO  impl.RaftServerImpl (RaftServerImpl.java:setRole(184)) - 7f29c796-0732-402f-b865-67033766dcba@group-C2BDBBDF155D: changes role from  FOLLOWER to FOLLOWER at term 140 for recognizeCandidate:c07977b7-c8ef-4f3c-80b1-66a07c6e3dcd
2019-10-17 20:28:40,314 [grpc-default-executor-2] INFO  impl.RoleInfo (RoleInfo.java:shutdownFollowerState(121)) - d81605c5-54b3-45a8-b5ae-2e8d8890cbef: shutdown FollowerState
2019-10-17 20:28:40,314 [grpc-default-executor-4] INFO  impl.RoleInfo (RoleInfo.java:shutdownFollowerState(121)) - 7f29c796-0732-402f-b865-67033766dcba: shutdown FollowerState
2019-10-17 20:28:40,314 [Thread-1872] INFO  impl.FollowerState (FollowerState.java:run(117)) - d81605c5-54b3-45a8-b5ae-2e8d8890cbef@group-C2BDBBDF155D-FollowerState was interrupted: java.lang.InterruptedException: sleep interrupted
2019-10-17 20:28:40,314 [grpc-default-executor-2] INFO  impl.RoleInfo (RoleInfo.java:updateAndGet(143)) - d81605c5-54b3-45a8-b5ae-2e8d8890cbef: start FollowerState
2019-10-17 20:28:40,314 [Thread-1873] INFO  impl.FollowerState (FollowerState.java:run(117)) - 7f29c796-0732-402f-b865-67033766dcba@group-C2BDBBDF155D-FollowerState was interrupted: java.lang.InterruptedException: sleep interrupted
2019-10-17 20:28:40,314 [grpc-default-executor-4] INFO  impl.RoleInfo (RoleInfo.java:updateAndGet(143)) - 7f29c796-0732-402f-b865-67033766dcba: start FollowerState
2019-10-17 20:28:40,338 [c07977b7-c8ef-4f3c-80b1-66a07c6e3dcd@group-C2BDBBDF155D-LeaderElection162] INFO  impl.LeaderElection (LeaderElection.java:logAndReturn(56)) - c07977b7-c8ef-4f3c-80b1-66a07c6e3dcd@group-C2BDBBDF155D-LeaderElection162: Election REJECTED; received 2 response(s) [c07977b7-c8ef-4f3c-80b1-66a07c6e3dcd<-d81605c5-54b3-45a8-b5ae-2e8d8890cbef#0:FAIL-t140, c07977b7-c8ef-4f3c-80b1-66a07c6e3dcd<-7f29c796-0732-402f-b865-67033766dcba#0:FAIL-t140] and 0 exception(s); c07977b7-c8ef-4f3c-80b1-66a07c6e3dcd@group-C2BDBBDF155D:t140, leader=null, voted=c07977b7-c8ef-4f3c-80b1-66a07c6e3dcd, raftlog=c07977b7-c8ef-4f3c-80b1-66a07c6e3dcd@group-C2BDBBDF155D-SegmentedRaftLog:OPENED:c-1,f-1,i0, conf=-1: [d81605c5-54b3-45a8-b5ae-2e8d8890cbef:192.168.164.201:42755, 7f29c796-0732-402f-b865-67033766dcba:192.168.164.201:40704, c07977b7-c8ef-4f3c-80b1-66a07c6e3dcd:192.168.164.201:38664], old=null
2019-10-17 20:28:40,338 [c07977b7-c8ef-4f3c-80b1-66a07c6e3dcd@group-C2BDBBDF155D-LeaderElection162] INFO  impl.RaftServerImpl (RaftServerImpl.java:setRole(184)) - c07977b7-c8ef-4f3c-80b1-66a07c6e3dcd@group-C2BDBBDF155D: changes role from CANDIDATE to FOLLOWER at term 140 for DISCOVERED_A_NEW_TERM
2019-10-17 20:28:40,338 [c07977b7-c8ef-4f3c-80b1-66a07c6e3dcd@group-C2BDBBDF155D-LeaderElection162] INFO  impl.RoleInfo (RoleInfo.java:shutdownLeaderElection(134)) - c07977b7-c8ef-4f3c-80b1-66a07c6e3dcd: shutdown LeaderElection
2019-10-17 20:28:40,339 [c07977b7-c8ef-4f3c-80b1-66a07c6e3dcd@group-C2BDBBDF155D-LeaderElection162] INFO  impl.RoleInfo (RoleInfo.java:updateAndGet(143)) - c07977b7-c8ef-4f3c-80b1-66a07c6e3dcd: start FollowerState
2019-10-17 20:28:40,537 [Thread-1880] INFO  impl.FollowerState (FollowerState.java:run(108)) - c07977b7-c8ef-4f3c-80b1-66a07c6e3dcd@group-C2BDBBDF155D-FollowerState: change to CANDIDATE, lastRpcTime:198ms, electionTimeout:198ms
2019-10-17 20:28:40,538 [Thread-1880] INFO  impl.RoleInfo (RoleInfo.java:shutdownFollowerState(121)) - c07977b7-c8ef-4f3c-80b1-66a07c6e3dcd: shutdown FollowerState
2019-10-17 20:28:40,538 [Thread-1880] INFO  impl.RaftServerImpl (RaftServerImpl.java:setRole(184)) - c07977b7-c8ef-4f3c-80b1-66a07c6e3dcd@group-C2BDBBDF155D: changes role from  FOLLOWER to CANDIDATE at term 140 for changeToCandidate
2019-10-17 20:28:40,538 [Thread-1880] INFO  impl.RoleInfo (RoleInfo.java:updateAndGet(143)) - c07977b7-c8ef-4f3c-80b1-66a07c6e3dcd: start LeaderElection
2019-10-17 20:28:40,539 [Thread-754] INFO  ozone.MiniOzoneClusterImpl (MiniOzoneClusterImpl.java:lambda$waitForClusterToBeReady$2(164)) - Waiting for 1 number of pipelines out of 4, to report a leader.
2019-10-17 20:28:40,563 [c07977b7-c8ef-4f3c-80b1-66a07c6e3dcd@group-C2BDBBDF155D-LeaderElection163] INFO  impl.LeaderElection (LeaderElection.java:askForVotes(178)) - c07977b7-c8ef-4f3c-80b1-66a07c6e3dcd@group-C2BDBBDF155D-LeaderElection163: begin an election at term 141 for -1: [d81605c5-54b3-45a8-b5ae-2e8d8890cbef:192.168.164.201:42755, 7f29c796-0732-402f-b865-67033766dcba:192.168.164.201:40704, c07977b7-c8ef-4f3c-80b1-66a07c6e3dcd:192.168.164.201:38664], old=null
2019-10-17 20:28:40,566 [grpc-default-executor-2] INFO  impl.RaftServerImpl (RaftServerImpl.java:setRole(184)) - d81605c5-54b3-45a8-b5ae-2e8d8890cbef@group-C2BDBBDF155D: changes role from  FOLLOWER to FOLLOWER at term 141 for recognizeCandidate:c07977b7-c8ef-4f3c-80b1-66a07c6e3dcd
2019-10-17 20:28:40,566 [grpc-default-executor-4] INFO  impl.RaftServerImpl (RaftServerImpl.java:setRole(184)) - 7f29c796-0732-402f-b865-67033766dcba@group-C2BDBBDF155D: changes role from  FOLLOWER to FOLLOWER at term 141 for recognizeCandidate:c07977b7-c8ef-4f3c-80b1-66a07c6e3dcd
2019-10-17 20:28:40,567 [grpc-default-executor-4] INFO  impl.RoleInfo (RoleInfo.java:shutdownFollowerState(121)) - 7f29c796-0732-402f-b865-67033766dcba: shutdown FollowerState
2019-10-17 20:28:40,567 [grpc-default-executor-2] INFO  impl.RoleInfo (RoleInfo.java:shutdownFollowerState(121)) - d81605c5-54b3-45a8-b5ae-2e8d8890cbef: shutdown FollowerState
2019-10-17 20:28:40,567 [Thread-1879] INFO  impl.FollowerState (FollowerState.java:run(117)) - 7f29c796-0732-402f-b865-67033766dcba@group-C2BDBBDF155D-FollowerState was interrupted: java.lang.InterruptedException: sleep interrupted
2019-10-17 20:28:40,567 [grpc-default-executor-4] INFO  impl.RoleInfo (RoleInfo.java:updateAndGet(143)) - 7f29c796-0732-402f-b865-67033766dcba: start FollowerState
2019-10-17 20:28:40,567 [Thread-1878] INFO  impl.FollowerState (FollowerState.java:run(117)) - d81605c5-54b3-45a8-b5ae-2e8d8890cbef@group-C2BDBBDF155D-FollowerState was interrupted: java.lang.InterruptedException: sleep interrupted
2019-10-17 20:28:40,567 [grpc-default-executor-2] INFO  impl.RoleInfo (RoleInfo.java:updateAndGet(143)) - d81605c5-54b3-45a8-b5ae-2e8d8890cbef: start FollowerState
2019-10-17 20:28:40,598 [c07977b7-c8ef-4f3c-80b1-66a07c6e3dcd@group-C2BDBBDF155D-LeaderElection163] INFO  impl.LeaderElection (LeaderElection.java:logAndReturn(56)) - c07977b7-c8ef-4f3c-80b1-66a07c6e3dcd@group-C2BDBBDF155D-LeaderElection163: Election REJECTED; received 2 response(s) [c07977b7-c8ef-4f3c-80b1-66a07c6e3dcd<-d81605c5-54b3-45a8-b5ae-2e8d8890cbef#0:FAIL-t141, c07977b7-c8ef-4f3c-80b1-66a07c6e3dcd<-7f29c796-0732-402f-b865-67033766dcba#0:FAIL-t141] and 0 exception(s); c07977b7-c8ef-4f3c-80b1-66a07c6e3dcd@group-C2BDBBDF155D:t141, leader=null, voted=c07977b7-c8ef-4f3c-80b1-66a07c6e3dcd, raftlog=c07977b7-c8ef-4f3c-80b1-66a07c6e3dcd@group-C2BDBBDF155D-SegmentedRaftLog:OPENED:c-1,f-1,i0, conf=-1: [d81605c5-54b3-45a8-b5ae-2e8d8890cbef:192.168.164.201:42755, 7f29c796-0732-402f-b865-67033766dcba:192.168.164.201:40704, c07977b7-c8ef-4f3c-80b1-66a07c6e3dcd:192.168.164.201:38664], old=null
2019-10-17 20:28:40,598 [c07977b7-c8ef-4f3c-80b1-66a07c6e3dcd@group-C2BDBBDF155D-LeaderElection163] INFO  impl.RaftServerImpl (RaftServerImpl.java:setRole(184)) - c07977b7-c8ef-4f3c-80b1-66a07c6e3dcd@group-C2BDBBDF155D: changes role from CANDIDATE to FOLLOWER at term 141 for DISCOVERED_A_NEW_TERM
2019-10-17 20:28:40,598 [c07977b7-c8ef-4f3c-80b1-66a07c6e3dcd@group-C2BDBBDF155D-LeaderElection163] INFO  impl.RoleInfo (RoleInfo.java:shutdownLeaderElection(134)) - c07977b7-c8ef-4f3c-80b1-66a07c6e3dcd: shutdown LeaderElection
2019-10-17 20:28:40,598 [c07977b7-c8ef-4f3c-80b1-66a07c6e3dcd@group-C2BDBBDF155D-LeaderElection163] INFO  impl.RoleInfo (RoleInfo.java:updateAndGet(143)) - c07977b7-c8ef-4f3c-80b1-66a07c6e3dcd: start FollowerState
2019-10-17 20:28:40,736 [Thread-1886] INFO  impl.FollowerState (FollowerState.java:run(108)) - c07977b7-c8ef-4f3c-80b1-66a07c6e3dcd@group-C2BDBBDF155D-FollowerState: change to CANDIDATE, lastRpcTime:137ms, electionTimeout:137ms
2019-10-17 20:28:40,736 [Thread-1886] INFO  impl.RoleInfo (RoleInfo.java:shutdownFollowerState(121)) - c07977b7-c8ef-4f3c-80b1-66a07c6e3dcd: shutdown FollowerState
2019-10-17 20:28:40,736 [Thread-1886] INFO  impl.RaftServerImpl (RaftServerImpl.java:setRole(184)) - c07977b7-c8ef-4f3c-80b1-66a07c6e3dcd@group-C2BDBBDF155D: changes role from  FOLLOWER to CANDIDATE at term 141 for changeToCandidate
2019-10-17 20:28:40,736 [Thread-1886] INFO  impl.RoleInfo (RoleInfo.java:updateAndGet(143)) - c07977b7-c8ef-4f3c-80b1-66a07c6e3dcd: start LeaderElection
2019-10-17 20:28:40,764 [c07977b7-c8ef-4f3c-80b1-66a07c6e3dcd@group-C2BDBBDF155D-LeaderElection164] INFO  impl.LeaderElection (LeaderElection.java:askForVotes(178)) - c07977b7-c8ef-4f3c-80b1-66a07c6e3dcd@group-C2BDBBDF155D-LeaderElection164: begin an election at term 142 for -1: [d81605c5-54b3-45a8-b5ae-2e8d8890cbef:192.168.164.201:42755, 7f29c796-0732-402f-b865-67033766dcba:192.168.164.201:40704, c07977b7-c8ef-4f3c-80b1-66a07c6e3dcd:192.168.164.201:38664], old=null
2019-10-17 20:28:40,766 [grpc-default-executor-4] INFO  impl.RaftServerImpl (RaftServerImpl.java:setRole(184)) - d81605c5-54b3-45a8-b5ae-2e8d8890cbef@group-C2BDBBDF155D: changes role from  FOLLOWER to FOLLOWER at term 142 for recognizeCandidate:c07977b7-c8ef-4f3c-80b1-66a07c6e3dcd
2019-10-17 20:28:40,766 [grpc-default-executor-2] INFO  impl.RaftServerImpl (RaftServerImpl.java:setRole(184)) - 7f29c796-0732-402f-b865-67033766dcba@group-C2BDBBDF155D: changes role from  FOLLOWER to FOLLOWER at term 142 for recognizeCandidate:c07977b7-c8ef-4f3c-80b1-66a07c6e3dcd
2019-10-17 20:28:40,766 [grpc-default-executor-4] INFO  impl.RoleInfo (RoleInfo.java:shutdownFollowerState(121)) - d81605c5-54b3-45a8-b5ae-2e8d8890cbef: shutdown FollowerState
2019-10-17 20:28:40,767 [grpc-default-executor-2] INFO  impl.RoleInfo (RoleInfo.java:shutdownFollowerState(121)) - 7f29c796-0732-402f-b865-67033766dcba: shutdown FollowerState
2019-10-17 20:28:40,767 [Thread-1885] INFO  impl.FollowerState (FollowerState.java:run(117)) - d81605c5-54b3-45a8-b5ae-2e8d8890cbef@group-C2BDBBDF155D-FollowerState was interrupted: java.lang.InterruptedException: sleep interrupted
2019-10-17 20:28:40,767 [Thread-1884] INFO  impl.FollowerState (FollowerState.java:run(117)) - 7f29c796-0732-402f-b865-67033766dcba@group-C2BDBBDF155D-FollowerState was interrupted: java.lang.InterruptedException: sleep interrupted
2019-10-17 20:28:40,767 [grpc-default-executor-4] INFO  impl.RoleInfo (RoleInfo.java:updateAndGet(143)) - d81605c5-54b3-45a8-b5ae-2e8d8890cbef: start FollowerState
2019-10-17 20:28:40,767 [grpc-default-executor-2] INFO  impl.RoleInfo (RoleInfo.java:updateAndGet(143)) - 7f29c796-0732-402f-b865-67033766dcba: start FollowerState
2019-10-17 20:28:40,790 [c07977b7-c8ef-4f3c-80b1-66a07c6e3dcd@group-C2BDBBDF155D-LeaderElection164] INFO  impl.LeaderElection (LeaderElection.java:logAndReturn(56)) - c07977b7-c8ef-4f3c-80b1-66a07c6e3dcd@group-C2BDBBDF155D-LeaderElection164: Election REJECTED; received 2 response(s) [c07977b7-c8ef-4f3c-80b1-66a07c6e3dcd<-d81605c5-54b3-45a8-b5ae-2e8d8890cbef#0:FAIL-t142, c07977b7-c8ef-4f3c-80b1-66a07c6e3dcd<-7f29c796-0732-402f-b865-67033766dcba#0:FAIL-t142] and 0 exception(s); c07977b7-c8ef-4f3c-80b1-66a07c6e3dcd@group-C2BDBBDF155D:t142, leader=null, voted=c07977b7-c8ef-4f3c-80b1-66a07c6e3dcd, raftlog=c07977b7-c8ef-4f3c-80b1-66a07c6e3dcd@group-C2BDBBDF155D-SegmentedRaftLog:OPENED:c-1,f-1,i0, conf=-1: [d81605c5-54b3-45a8-b5ae-2e8d8890cbef:192.168.164.201:42755, 7f29c796-0732-402f-b865-67033766dcba:192.168.164.201:40704, c07977b7-c8ef-4f3c-80b1-66a07c6e3dcd:192.168.164.201:38664], old=null
2019-10-17 20:28:40,790 [c07977b7-c8ef-4f3c-80b1-66a07c6e3dcd@group-C2BDBBDF155D-LeaderElection164] INFO  impl.RaftServerImpl (RaftServerImpl.java:setRole(184)) - c07977b7-c8ef-4f3c-80b1-66a07c6e3dcd@group-C2BDBBDF155D: changes role from CANDIDATE to FOLLOWER at term 142 for DISCOVERED_A_NEW_TERM
2019-10-17 20:28:40,790 [c07977b7-c8ef-4f3c-80b1-66a07c6e3dcd@group-C2BDBBDF155D-LeaderElection164] INFO  impl.RoleInfo (RoleInfo.java:shutdownLeaderElection(134)) - c07977b7-c8ef-4f3c-80b1-66a07c6e3dcd: shutdown LeaderElection
2019-10-17 20:28:40,791 [c07977b7-c8ef-4f3c-80b1-66a07c6e3dcd@group-C2BDBBDF155D-LeaderElection164] INFO  impl.RoleInfo (RoleInfo.java:updateAndGet(143)) - c07977b7-c8ef-4f3c-80b1-66a07c6e3dcd: start FollowerState
2019-10-17 20:28:40,938 [Thread-1892] INFO  impl.FollowerState (FollowerState.java:run(108)) - c07977b7-c8ef-4f3c-80b1-66a07c6e3dcd@group-C2BDBBDF155D-FollowerState: change to CANDIDATE, lastRpcTime:147ms, electionTimeout:147ms
2019-10-17 20:28:40,939 [Thread-1892] INFO  impl.RoleInfo (RoleInfo.java:shutdownFollowerState(121)) - c07977b7-c8ef-4f3c-80b1-66a07c6e3dcd: shutdown FollowerState
2019-10-17 20:28:40,939 [Thread-1892] INFO  impl.RaftServerImpl (RaftServerImpl.java:setRole(184)) - c07977b7-c8ef-4f3c-80b1-66a07c6e3dcd@group-C2BDBBDF155D: changes role from  FOLLOWER to CANDIDATE at term 142 for changeToCandidate
2019-10-17 20:28:40,939 [Thread-1892] INFO  impl.RoleInfo (RoleInfo.java:updateAndGet(143)) - c07977b7-c8ef-4f3c-80b1-66a07c6e3dcd: start LeaderElection
2019-10-17 20:28:40,964 [c07977b7-c8ef-4f3c-80b1-66a07c6e3dcd@group-C2BDBBDF155D-LeaderElection165] INFO  impl.LeaderElection (LeaderElection.java:askForVotes(178)) - c07977b7-c8ef-4f3c-80b1-66a07c6e3dcd@group-C2BDBBDF155D-LeaderElection165: begin an election at term 143 for -1: [d81605c5-54b3-45a8-b5ae-2e8d8890cbef:192.168.164.201:42755, 7f29c796-0732-402f-b865-67033766dcba:192.168.164.201:40704, c07977b7-c8ef-4f3c-80b1-66a07c6e3dcd:192.168.164.201:38664], old=null
2019-10-17 20:28:40,967 [grpc-default-executor-2] INFO  impl.RaftServerImpl (RaftServerImpl.java:setRole(184)) - d81605c5-54b3-45a8-b5ae-2e8d8890cbef@group-C2BDBBDF155D: changes role from  FOLLOWER to FOLLOWER at term 143 for recognizeCandidate:c07977b7-c8ef-4f3c-80b1-66a07c6e3dcd
2019-10-17 20:28:40,968 [grpc-default-executor-2] INFO  impl.RoleInfo (RoleInfo.java:shutdownFollowerState(121)) - d81605c5-54b3-45a8-b5ae-2e8d8890cbef: shutdown FollowerState
2019-10-17 20:28:40,968 [grpc-default-executor-4] INFO  impl.RaftServerImpl (RaftServerImpl.java:setRole(184)) - 7f29c796-0732-402f-b865-67033766dcba@group-C2BDBBDF155D: changes role from  FOLLOWER to FOLLOWER at term 143 for recognizeCandidate:c07977b7-c8ef-4f3c-80b1-66a07c6e3dcd
2019-10-17 20:28:40,968 [Thread-1890] INFO  impl.FollowerState (FollowerState.java:run(117)) - d81605c5-54b3-45a8-b5ae-2e8d8890cbef@group-C2BDBBDF155D-FollowerState was interrupted: java.lang.InterruptedException: sleep interrupted
2019-10-17 20:28:40,968 [grpc-default-executor-2] INFO  impl.RoleInfo (RoleInfo.java:updateAndGet(143)) - d81605c5-54b3-45a8-b5ae-2e8d8890cbef: start FollowerState
2019-10-17 20:28:40,968 [grpc-default-executor-4] INFO  impl.RoleInfo (RoleInfo.java:shutdownFollowerState(121)) - 7f29c796-0732-402f-b865-67033766dcba: shutdown FollowerState
2019-10-17 20:28:40,968 [grpc-default-executor-4] INFO  impl.RoleInfo (RoleInfo.java:updateAndGet(143)) - 7f29c796-0732-402f-b865-67033766dcba: start FollowerState
2019-10-17 20:28:40,968 [Thread-1891] INFO  impl.FollowerState (FollowerState.java:run(117)) - 7f29c796-0732-402f-b865-67033766dcba@group-C2BDBBDF155D-FollowerState was interrupted: java.lang.InterruptedException: sleep interrupted
2019-10-17 20:28:40,991 [c07977b7-c8ef-4f3c-80b1-66a07c6e3dcd@group-C2BDBBDF155D-LeaderElection165] INFO  impl.LeaderElection (LeaderElection.java:logAndReturn(56)) - c07977b7-c8ef-4f3c-80b1-66a07c6e3dcd@group-C2BDBBDF155D-LeaderElection165: Election REJECTED; received 2 response(s) [c07977b7-c8ef-4f3c-80b1-66a07c6e3dcd<-d81605c5-54b3-45a8-b5ae-2e8d8890cbef#0:FAIL-t143, c07977b7-c8ef-4f3c-80b1-66a07c6e3dcd<-7f29c796-0732-402f-b865-67033766dcba#0:FAIL-t143] and 0 exception(s); c07977b7-c8ef-4f3c-80b1-66a07c6e3dcd@group-C2BDBBDF155D:t143, leader=null, voted=c07977b7-c8ef-4f3c-80b1-66a07c6e3dcd, raftlog=c07977b7-c8ef-4f3c-80b1-66a07c6e3dcd@group-C2BDBBDF155D-SegmentedRaftLog:OPENED:c-1,f-1,i0, conf=-1: [d81605c5-54b3-45a8-b5ae-2e8d8890cbef:192.168.164.201:42755, 7f29c796-0732-402f-b865-67033766dcba:192.168.164.201:40704, c07977b7-c8ef-4f3c-80b1-66a07c6e3dcd:192.168.164.201:38664], old=null
2019-10-17 20:28:40,991 [c07977b7-c8ef-4f3c-80b1-66a07c6e3dcd@group-C2BDBBDF155D-LeaderElection165] INFO  impl.RaftServerImpl (RaftServerImpl.java:setRole(184)) - c07977b7-c8ef-4f3c-80b1-66a07c6e3dcd@group-C2BDBBDF155D: changes role from CANDIDATE to FOLLOWER at term 143 for DISCOVERED_A_NEW_TERM
2019-10-17 20:28:40,991 [c07977b7-c8ef-4f3c-80b1-66a07c6e3dcd@group-C2BDBBDF155D-LeaderElection165] INFO  impl.RoleInfo (RoleInfo.java:shutdownLeaderElection(134)) - c07977b7-c8ef-4f3c-80b1-66a07c6e3dcd: shutdown LeaderElection
2019-10-17 20:28:40,991 [c07977b7-c8ef-4f3c-80b1-66a07c6e3dcd@group-C2BDBBDF155D-LeaderElection165] INFO  impl.RoleInfo (RoleInfo.java:updateAndGet(143)) - c07977b7-c8ef-4f3c-80b1-66a07c6e3dcd: start FollowerState
2019-10-17 20:28:41,177 [Thread-1898] INFO  impl.FollowerState (FollowerState.java:run(108)) - c07977b7-c8ef-4f3c-80b1-66a07c6e3dcd@group-C2BDBBDF155D-FollowerState: change to CANDIDATE, lastRpcTime:185ms, electionTimeout:185ms
2019-10-17 20:28:41,177 [Thread-1898] INFO  impl.RoleInfo (RoleInfo.java:shutdownFollowerState(121)) - c07977b7-c8ef-4f3c-80b1-66a07c6e3dcd: shutdown FollowerState
2019-10-17 20:28:41,177 [Thread-1898] INFO  impl.RaftServerImpl (RaftServerImpl.java:setRole(184)) - c07977b7-c8ef-4f3c-80b1-66a07c6e3dcd@group-C2BDBBDF155D: changes role from  FOLLOWER to CANDIDATE at term 143 for changeToCandidate
2019-10-17 20:28:41,177 [Thread-1898] INFO  impl.RoleInfo (RoleInfo.java:updateAndGet(143)) - c07977b7-c8ef-4f3c-80b1-66a07c6e3dcd: start LeaderElection
2019-10-17 20:28:41,207 [c07977b7-c8ef-4f3c-80b1-66a07c6e3dcd@group-C2BDBBDF155D-LeaderElection166] INFO  impl.LeaderElection (LeaderElection.java:askForVotes(178)) - c07977b7-c8ef-4f3c-80b1-66a07c6e3dcd@group-C2BDBBDF155D-LeaderElection166: begin an election at term 144 for -1: [d81605c5-54b3-45a8-b5ae-2e8d8890cbef:192.168.164.201:42755, 7f29c796-0732-402f-b865-67033766dcba:192.168.164.201:40704, c07977b7-c8ef-4f3c-80b1-66a07c6e3dcd:192.168.164.201:38664], old=null
2019-10-17 20:28:41,209 [grpc-default-executor-4] INFO  impl.RaftServerImpl (RaftServerImpl.java:setRole(184)) - 7f29c796-0732-402f-b865-67033766dcba@group-C2BDBBDF155D: changes role from  FOLLOWER to FOLLOWER at term 144 for recognizeCandidate:c07977b7-c8ef-4f3c-80b1-66a07c6e3dcd
2019-10-17 20:28:41,209 [grpc-default-executor-2] INFO  impl.RaftServerImpl (RaftServerImpl.java:setRole(184)) - d81605c5-54b3-45a8-b5ae-2e8d8890cbef@group-C2BDBBDF155D: changes role from  FOLLOWER to FOLLOWER at term 144 for recognizeCandidate:c07977b7-c8ef-4f3c-80b1-66a07c6e3dcd
2019-10-17 20:28:41,209 [grpc-default-executor-4] INFO  impl.RoleInfo (RoleInfo.java:shutdownFollowerState(121)) - 7f29c796-0732-402f-b865-67033766dcba: shutdown FollowerState
2019-10-17 20:28:41,210 [grpc-default-executor-2] INFO  impl.RoleInfo (RoleInfo.java:shutdownFollowerState(121)) - d81605c5-54b3-45a8-b5ae-2e8d8890cbef: shutdown FollowerState
2019-10-17 20:28:41,210 [grpc-default-executor-4] INFO  impl.RoleInfo (RoleInfo.java:updateAndGet(143)) - 7f29c796-0732-402f-b865-67033766dcba: start FollowerState
2019-10-17 20:28:41,210 [Thread-1896] INFO  impl.FollowerState (FollowerState.java:run(117)) - d81605c5-54b3-45a8-b5ae-2e8d8890cbef@group-C2BDBBDF155D-FollowerState was interrupted: java.lang.InterruptedException: sleep interrupted
2019-10-17 20:28:41,210 [Thread-1897] INFO  impl.FollowerState (FollowerState.java:run(117)) - 7f29c796-0732-402f-b865-67033766dcba@group-C2BDBBDF155D-FollowerState was interrupted: java.lang.InterruptedException: sleep interrupted
2019-10-17 20:28:41,210 [grpc-default-executor-2] INFO  impl.RoleInfo (RoleInfo.java:updateAndGet(143)) - d81605c5-54b3-45a8-b5ae-2e8d8890cbef: start FollowerState
2019-10-17 20:28:41,241 [c07977b7-c8ef-4f3c-80b1-66a07c6e3dcd@group-C2BDBBDF155D-LeaderElection166] INFO  impl.LeaderElection (LeaderElection.java:logAndReturn(56)) - c07977b7-c8ef-4f3c-80b1-66a07c6e3dcd@group-C2BDBBDF155D-LeaderElection166: Election REJECTED; received 2 response(s) [c07977b7-c8ef-4f3c-80b1-66a07c6e3dcd<-d81605c5-54b3-45a8-b5ae-2e8d8890cbef#0:FAIL-t144, c07977b7-c8ef-4f3c-80b1-66a07c6e3dcd<-7f29c796-0732-402f-b865-67033766dcba#0:FAIL-t144] and 0 exception(s); c07977b7-c8ef-4f3c-80b1-66a07c6e3dcd@group-C2BDBBDF155D:t144, leader=null, voted=c07977b7-c8ef-4f3c-80b1-66a07c6e3dcd, raftlog=c07977b7-c8ef-4f3c-80b1-66a07c6e3dcd@group-C2BDBBDF155D-SegmentedRaftLog:OPENED:c-1,f-1,i0, conf=-1: [d81605c5-54b3-45a8-b5ae-2e8d8890cbef:192.168.164.201:42755, 7f29c796-0732-402f-b865-67033766dcba:192.168.164.201:40704, c07977b7-c8ef-4f3c-80b1-66a07c6e3dcd:192.168.164.201:38664], old=null
2019-10-17 20:28:41,241 [c07977b7-c8ef-4f3c-80b1-66a07c6e3dcd@group-C2BDBBDF155D-LeaderElection166] INFO  impl.RaftServerImpl (RaftServerImpl.java:setRole(184)) - c07977b7-c8ef-4f3c-80b1-66a07c6e3dcd@group-C2BDBBDF155D: changes role from CANDIDATE to FOLLOWER at term 144 for DISCOVERED_A_NEW_TERM
2019-10-17 20:28:41,241 [c07977b7-c8ef-4f3c-80b1-66a07c6e3dcd@group-C2BDBBDF155D-LeaderElection166] INFO  impl.RoleInfo (RoleInfo.java:shutdownLeaderElection(134)) - c07977b7-c8ef-4f3c-80b1-66a07c6e3dcd: shutdown LeaderElection
2019-10-17 20:28:41,242 [c07977b7-c8ef-4f3c-80b1-66a07c6e3dcd@group-C2BDBBDF155D-LeaderElection166] INFO  impl.RoleInfo (RoleInfo.java:updateAndGet(143)) - c07977b7-c8ef-4f3c-80b1-66a07c6e3dcd: start FollowerState
2019-10-17 20:28:41,334 [Thread-1904] INFO  impl.FollowerState (FollowerState.java:run(108)) - c07977b7-c8ef-4f3c-80b1-66a07c6e3dcd@group-C2BDBBDF155D-FollowerState: change to CANDIDATE, lastRpcTime:92ms, electionTimeout:92ms
2019-10-17 20:28:41,334 [Thread-1904] INFO  impl.RoleInfo (RoleInfo.java:shutdownFollowerState(121)) - c07977b7-c8ef-4f3c-80b1-66a07c6e3dcd: shutdown FollowerState
2019-10-17 20:28:41,334 [Thread-1904] INFO  impl.RaftServerImpl (RaftServerImpl.java:setRole(184)) - c07977b7-c8ef-4f3c-80b1-66a07c6e3dcd@group-C2BDBBDF155D: changes role from  FOLLOWER to CANDIDATE at term 144 for changeToCandidate
2019-10-17 20:28:41,334 [Thread-1904] INFO  impl.RoleInfo (RoleInfo.java:updateAndGet(143)) - c07977b7-c8ef-4f3c-80b1-66a07c6e3dcd: start LeaderElection
2019-10-17 20:28:41,357 [c07977b7-c8ef-4f3c-80b1-66a07c6e3dcd@group-C2BDBBDF155D-LeaderElection167] INFO  impl.LeaderElection (LeaderElection.java:askForVotes(178)) - c07977b7-c8ef-4f3c-80b1-66a07c6e3dcd@group-C2BDBBDF155D-LeaderElection167: begin an election at term 145 for -1: [d81605c5-54b3-45a8-b5ae-2e8d8890cbef:192.168.164.201:42755, 7f29c796-0732-402f-b865-67033766dcba:192.168.164.201:40704, c07977b7-c8ef-4f3c-80b1-66a07c6e3dcd:192.168.164.201:38664], old=null
2019-10-17 20:28:41,360 [grpc-default-executor-4] INFO  impl.RaftServerImpl (RaftServerImpl.java:setRole(184)) - d81605c5-54b3-45a8-b5ae-2e8d8890cbef@group-C2BDBBDF155D: changes role from  FOLLOWER to FOLLOWER at term 145 for recognizeCandidate:c07977b7-c8ef-4f3c-80b1-66a07c6e3dcd
2019-10-17 20:28:41,360 [grpc-default-executor-4] INFO  impl.RoleInfo (RoleInfo.java:shutdownFollowerState(121)) - d81605c5-54b3-45a8-b5ae-2e8d8890cbef: shutdown FollowerState
2019-10-17 20:28:41,360 [grpc-default-executor-2] INFO  impl.RaftServerImpl (RaftServerImpl.java:setRole(184)) - 7f29c796-0732-402f-b865-67033766dcba@group-C2BDBBDF155D: changes role from  FOLLOWER to FOLLOWER at term 145 for recognizeCandidate:c07977b7-c8ef-4f3c-80b1-66a07c6e3dcd
2019-10-17 20:28:41,361 [Thread-1903] INFO  impl.FollowerState (FollowerState.java:run(117)) - d81605c5-54b3-45a8-b5ae-2e8d8890cbef@group-C2BDBBDF155D-FollowerState was interrupted: java.lang.InterruptedException: sleep interrupted
2019-10-17 20:28:41,360 [grpc-default-executor-4] INFO  impl.RoleInfo (RoleInfo.java:updateAndGet(143)) - d81605c5-54b3-45a8-b5ae-2e8d8890cbef: start FollowerState
2019-10-17 20:28:41,361 [grpc-default-executor-2] INFO  impl.RoleInfo (RoleInfo.java:shutdownFollowerState(121)) - 7f29c796-0732-402f-b865-67033766dcba: shutdown FollowerState
2019-10-17 20:28:41,361 [grpc-default-executor-2] INFO  impl.RoleInfo (RoleInfo.java:updateAndGet(143)) - 7f29c796-0732-402f-b865-67033766dcba: start FollowerState
2019-10-17 20:28:41,361 [Thread-1902] INFO  impl.FollowerState (FollowerState.java:run(117)) - 7f29c796-0732-402f-b865-67033766dcba@group-C2BDBBDF155D-FollowerState was interrupted: java.lang.InterruptedException: sleep interrupted
2019-10-17 20:28:41,386 [c07977b7-c8ef-4f3c-80b1-66a07c6e3dcd@group-C2BDBBDF155D-LeaderElection167] INFO  impl.LeaderElection (LeaderElection.java:logAndReturn(56)) - c07977b7-c8ef-4f3c-80b1-66a07c6e3dcd@group-C2BDBBDF155D-LeaderElection167: Election REJECTED; received 2 response(s) [c07977b7-c8ef-4f3c-80b1-66a07c6e3dcd<-d81605c5-54b3-45a8-b5ae-2e8d8890cbef#0:FAIL-t145, c07977b7-c8ef-4f3c-80b1-66a07c6e3dcd<-7f29c796-0732-402f-b865-67033766dcba#0:FAIL-t145] and 0 exception(s); c07977b7-c8ef-4f3c-80b1-66a07c6e3dcd@group-C2BDBBDF155D:t145, leader=null, voted=c07977b7-c8ef-4f3c-80b1-66a07c6e3dcd, raftlog=c07977b7-c8ef-4f3c-80b1-66a07c6e3dcd@group-C2BDBBDF155D-SegmentedRaftLog:OPENED:c-1,f-1,i0, conf=-1: [d81605c5-54b3-45a8-b5ae-2e8d8890cbef:192.168.164.201:42755, 7f29c796-0732-402f-b865-67033766dcba:192.168.164.201:40704, c07977b7-c8ef-4f3c-80b1-66a07c6e3dcd:192.168.164.201:38664], old=null
2019-10-17 20:28:41,386 [c07977b7-c8ef-4f3c-80b1-66a07c6e3dcd@group-C2BDBBDF155D-LeaderElection167] INFO  impl.RaftServerImpl (RaftServerImpl.java:setRole(184)) - c07977b7-c8ef-4f3c-80b1-66a07c6e3dcd@group-C2BDBBDF155D: changes role from CANDIDATE to FOLLOWER at term 145 for DISCOVERED_A_NEW_TERM
2019-10-17 20:28:41,386 [c07977b7-c8ef-4f3c-80b1-66a07c6e3dcd@group-C2BDBBDF155D-LeaderElection167] INFO  impl.RoleInfo (RoleInfo.java:shutdownLeaderElection(134)) - c07977b7-c8ef-4f3c-80b1-66a07c6e3dcd: shutdown LeaderElection
2019-10-17 20:28:41,386 [c07977b7-c8ef-4f3c-80b1-66a07c6e3dcd@group-C2BDBBDF155D-LeaderElection167] INFO  impl.RoleInfo (RoleInfo.java:updateAndGet(143)) - c07977b7-c8ef-4f3c-80b1-66a07c6e3dcd: start FollowerState
2019-10-17 20:28:41,408 [Thread-1910] INFO  impl.FollowerState (FollowerState.java:run(108)) - c07977b7-c8ef-4f3c-80b1-66a07c6e3dcd@group-C2BDBBDF155D-FollowerState: change to CANDIDATE, lastRpcTime:22ms, electionTimeout:22ms
2019-10-17 20:28:41,409 [Thread-1910] INFO  impl.RoleInfo (RoleInfo.java:shutdownFollowerState(121)) - c07977b7-c8ef-4f3c-80b1-66a07c6e3dcd: shutdown FollowerState
2019-10-17 20:28:41,409 [Thread-1910] INFO  impl.RaftServerImpl (RaftServerImpl.java:setRole(184)) - c07977b7-c8ef-4f3c-80b1-66a07c6e3dcd@group-C2BDBBDF155D: changes role from  FOLLOWER to CANDIDATE at term 145 for changeToCandidate
2019-10-17 20:28:41,409 [Thread-1910] INFO  impl.RoleInfo (RoleInfo.java:updateAndGet(143)) - c07977b7-c8ef-4f3c-80b1-66a07c6e3dcd: start LeaderElection
2019-10-17 20:28:41,433 [c07977b7-c8ef-4f3c-80b1-66a07c6e3dcd@group-C2BDBBDF155D-LeaderElection168] INFO  impl.LeaderElection (LeaderElection.java:askForVotes(178)) - c07977b7-c8ef-4f3c-80b1-66a07c6e3dcd@group-C2BDBBDF155D-LeaderElection168: begin an election at term 146 for -1: [d81605c5-54b3-45a8-b5ae-2e8d8890cbef:192.168.164.201:42755, 7f29c796-0732-402f-b865-67033766dcba:192.168.164.201:40704, c07977b7-c8ef-4f3c-80b1-66a07c6e3dcd:192.168.164.201:38664], old=null
2019-10-17 20:28:41,435 [grpc-default-executor-2] INFO  impl.RaftServerImpl (RaftServerImpl.java:setRole(184)) - d81605c5-54b3-45a8-b5ae-2e8d8890cbef@group-C2BDBBDF155D: changes role from  FOLLOWER to FOLLOWER at term 146 for recognizeCandidate:c07977b7-c8ef-4f3c-80b1-66a07c6e3dcd
2019-10-17 20:28:41,435 [grpc-default-executor-2] INFO  impl.RoleInfo (RoleInfo.java:shutdownFollowerState(121)) - d81605c5-54b3-45a8-b5ae-2e8d8890cbef: shutdown FollowerState
2019-10-17 20:28:41,436 [grpc-default-executor-4] INFO  impl.RaftServerImpl (RaftServerImpl.java:setRole(184)) - 7f29c796-0732-402f-b865-67033766dcba@group-C2BDBBDF155D: changes role from  FOLLOWER to FOLLOWER at term 146 for recognizeCandidate:c07977b7-c8ef-4f3c-80b1-66a07c6e3dcd
2019-10-17 20:28:41,436 [Thread-1908] INFO  impl.FollowerState (FollowerState.java:run(117)) - d81605c5-54b3-45a8-b5ae-2e8d8890cbef@group-C2BDBBDF155D-FollowerState was interrupted: java.lang.InterruptedException: sleep interrupted
2019-10-17 20:28:41,436 [grpc-default-executor-4] INFO  impl.RoleInfo (RoleInfo.java:shutdownFollowerState(121)) - 7f29c796-0732-402f-b865-67033766dcba: shutdown FollowerState
2019-10-17 20:28:41,436 [grpc-default-executor-2] INFO  impl.RoleInfo (RoleInfo.java:updateAndGet(143)) - d81605c5-54b3-45a8-b5ae-2e8d8890cbef: start FollowerState
2019-10-17 20:28:41,436 [Thread-1909] INFO  impl.FollowerState (FollowerState.java:run(117)) - 7f29c796-0732-402f-b865-67033766dcba@group-C2BDBBDF155D-FollowerState was interrupted: java.lang.InterruptedException: sleep interrupted
2019-10-17 20:28:41,436 [grpc-default-executor-4] INFO  impl.RoleInfo (RoleInfo.java:updateAndGet(143)) - 7f29c796-0732-402f-b865-67033766dcba: start FollowerState
2019-10-17 20:28:41,459 [c07977b7-c8ef-4f3c-80b1-66a07c6e3dcd@group-C2BDBBDF155D-LeaderElection168] INFO  impl.LeaderElection (LeaderElection.java:logAndReturn(56)) - c07977b7-c8ef-4f3c-80b1-66a07c6e3dcd@group-C2BDBBDF155D-LeaderElection168: Election REJECTED; received 2 response(s) [c07977b7-c8ef-4f3c-80b1-66a07c6e3dcd<-d81605c5-54b3-45a8-b5ae-2e8d8890cbef#0:FAIL-t146, c07977b7-c8ef-4f3c-80b1-66a07c6e3dcd<-7f29c796-0732-402f-b865-67033766dcba#0:FAIL-t146] and 0 exception(s); c07977b7-c8ef-4f3c-80b1-66a07c6e3dcd@group-C2BDBBDF155D:t146, leader=null, voted=c07977b7-c8ef-4f3c-80b1-66a07c6e3dcd, raftlog=c07977b7-c8ef-4f3c-80b1-66a07c6e3dcd@group-C2BDBBDF155D-SegmentedRaftLog:OPENED:c-1,f-1,i0, conf=-1: [d81605c5-54b3-45a8-b5ae-2e8d8890cbef:192.168.164.201:42755, 7f29c796-0732-402f-b865-67033766dcba:192.168.164.201:40704, c07977b7-c8ef-4f3c-80b1-66a07c6e3dcd:192.168.164.201:38664], old=null
2019-10-17 20:28:41,460 [c07977b7-c8ef-4f3c-80b1-66a07c6e3dcd@group-C2BDBBDF155D-LeaderElection168] INFO  impl.RaftServerImpl (RaftServerImpl.java:setRole(184)) - c07977b7-c8ef-4f3c-80b1-66a07c6e3dcd@group-C2BDBBDF155D: changes role from CANDIDATE to FOLLOWER at term 146 for DISCOVERED_A_NEW_TERM
2019-10-17 20:28:41,460 [c07977b7-c8ef-4f3c-80b1-66a07c6e3dcd@group-C2BDBBDF155D-LeaderElection168] INFO  impl.RoleInfo (RoleInfo.java:shutdownLeaderElection(134)) - c07977b7-c8ef-4f3c-80b1-66a07c6e3dcd: shutdown LeaderElection
2019-10-17 20:28:41,460 [c07977b7-c8ef-4f3c-80b1-66a07c6e3dcd@group-C2BDBBDF155D-LeaderElection168] INFO  impl.RoleInfo (RoleInfo.java:updateAndGet(143)) - c07977b7-c8ef-4f3c-80b1-66a07c6e3dcd: start FollowerState
2019-10-17 20:28:41,539 [Thread-754] INFO  ozone.MiniOzoneClusterImpl (MiniOzoneClusterImpl.java:lambda$waitForClusterToBeReady$2(164)) - Waiting for 1 number of pipelines out of 4, to report a leader.
2019-10-17 20:28:41,601 [Thread-1916] INFO  impl.FollowerState (FollowerState.java:run(108)) - c07977b7-c8ef-4f3c-80b1-66a07c6e3dcd@group-C2BDBBDF155D-FollowerState: change to CANDIDATE, lastRpcTime:141ms, electionTimeout:141ms
2019-10-17 20:28:41,602 [Thread-1916] INFO  impl.RoleInfo (RoleInfo.java:shutdownFollowerState(121)) - c07977b7-c8ef-4f3c-80b1-66a07c6e3dcd: shutdown FollowerState
2019-10-17 20:28:41,602 [Thread-1916] INFO  impl.RaftServerImpl (RaftServerImpl.java:setRole(184)) - c07977b7-c8ef-4f3c-80b1-66a07c6e3dcd@group-C2BDBBDF155D: changes role from  FOLLOWER to CANDIDATE at term 146 for changeToCandidate
2019-10-17 20:28:41,602 [Thread-1916] INFO  impl.RoleInfo (RoleInfo.java:updateAndGet(143)) - c07977b7-c8ef-4f3c-80b1-66a07c6e3dcd: start LeaderElection
2019-10-17 20:28:41,625 [c07977b7-c8ef-4f3c-80b1-66a07c6e3dcd@group-C2BDBBDF155D-LeaderElection169] INFO  impl.LeaderElection (LeaderElection.java:askForVotes(178)) - c07977b7-c8ef-4f3c-80b1-66a07c6e3dcd@group-C2BDBBDF155D-LeaderElection169: begin an election at term 147 for -1: [d81605c5-54b3-45a8-b5ae-2e8d8890cbef:192.168.164.201:42755, 7f29c796-0732-402f-b865-67033766dcba:192.168.164.201:40704, c07977b7-c8ef-4f3c-80b1-66a07c6e3dcd:192.168.164.201:38664], old=null
2019-10-17 20:28:41,629 [grpc-default-executor-2] INFO  impl.RaftServerImpl (RaftServerImpl.java:setRole(184)) - d81605c5-54b3-45a8-b5ae-2e8d8890cbef@group-C2BDBBDF155D: changes role from  FOLLOWER to FOLLOWER at term 147 for recognizeCandidate:c07977b7-c8ef-4f3c-80b1-66a07c6e3dcd
2019-10-17 20:28:41,629 [grpc-default-executor-2] INFO  impl.RoleInfo (RoleInfo.java:shutdownFollowerState(121)) - d81605c5-54b3-45a8-b5ae-2e8d8890cbef: shutdown FollowerState
2019-10-17 20:28:41,629 [grpc-default-executor-4] INFO  impl.RaftServerImpl (RaftServerImpl.java:setRole(184)) - 7f29c796-0732-402f-b865-67033766dcba@group-C2BDBBDF155D: changes role from  FOLLOWER to FOLLOWER at term 147 for recognizeCandidate:c07977b7-c8ef-4f3c-80b1-66a07c6e3dcd
2019-10-17 20:28:41,629 [Thread-1914] INFO  impl.FollowerState (FollowerState.java:run(117)) - d81605c5-54b3-45a8-b5ae-2e8d8890cbef@group-C2BDBBDF155D-FollowerState was interrupted: java.lang.InterruptedException: sleep interrupted
2019-10-17 20:28:41,629 [grpc-default-executor-2] INFO  impl.RoleInfo (RoleInfo.java:updateAndGet(143)) - d81605c5-54b3-45a8-b5ae-2e8d8890cbef: start FollowerState
2019-10-17 20:28:41,629 [grpc-default-executor-4] INFO  impl.RoleInfo (RoleInfo.java:shutdownFollowerState(121)) - 7f29c796-0732-402f-b865-67033766dcba: shutdown FollowerState
2019-10-17 20:28:41,630 [grpc-default-executor-4] INFO  impl.RoleInfo (RoleInfo.java:updateAndGet(143)) - 7f29c796-0732-402f-b865-67033766dcba: start FollowerState
2019-10-17 20:28:41,630 [Thread-1915] INFO  impl.FollowerState (FollowerState.java:run(117)) - 7f29c796-0732-402f-b865-67033766dcba@group-C2BDBBDF155D-FollowerState was interrupted: java.lang.InterruptedException: sleep interrupted
2019-10-17 20:28:41,652 [c07977b7-c8ef-4f3c-80b1-66a07c6e3dcd@group-C2BDBBDF155D-LeaderElection169] INFO  impl.LeaderElection (LeaderElection.java:logAndReturn(56)) - c07977b7-c8ef-4f3c-80b1-66a07c6e3dcd@group-C2BDBBDF155D-LeaderElection169: Election REJECTED; received 2 response(s) [c07977b7-c8ef-4f3c-80b1-66a07c6e3dcd<-d81605c5-54b3-45a8-b5ae-2e8d8890cbef#0:FAIL-t147, c07977b7-c8ef-4f3c-80b1-66a07c6e3dcd<-7f29c796-0732-402f-b865-67033766dcba#0:FAIL-t147] and 0 exception(s); c07977b7-c8ef-4f3c-80b1-66a07c6e3dcd@group-C2BDBBDF155D:t147, leader=null, voted=c07977b7-c8ef-4f3c-80b1-66a07c6e3dcd, raftlog=c07977b7-c8ef-4f3c-80b1-66a07c6e3dcd@group-C2BDBBDF155D-SegmentedRaftLog:OPENED:c-1,f-1,i0, conf=-1: [d81605c5-54b3-45a8-b5ae-2e8d8890cbef:192.168.164.201:42755, 7f29c796-0732-402f-b865-67033766dcba:192.168.164.201:40704, c07977b7-c8ef-4f3c-80b1-66a07c6e3dcd:192.168.164.201:38664], old=null
2019-10-17 20:28:41,652 [c07977b7-c8ef-4f3c-80b1-66a07c6e3dcd@group-C2BDBBDF155D-LeaderElection169] INFO  impl.RaftServerImpl (RaftServerImpl.java:setRole(184)) - c07977b7-c8ef-4f3c-80b1-66a07c6e3dcd@group-C2BDBBDF155D: changes role from CANDIDATE to FOLLOWER at term 147 for DISCOVERED_A_NEW_TERM
2019-10-17 20:28:41,652 [c07977b7-c8ef-4f3c-80b1-66a07c6e3dcd@group-C2BDBBDF155D-LeaderElection169] INFO  impl.RoleInfo (RoleInfo.java:shutdownLeaderElection(134)) - c07977b7-c8ef-4f3c-80b1-66a07c6e3dcd: shutdown LeaderElection
2019-10-17 20:28:41,652 [c07977b7-c8ef-4f3c-80b1-66a07c6e3dcd@group-C2BDBBDF155D-LeaderElection169] INFO  impl.RoleInfo (RoleInfo.java:updateAndGet(143)) - c07977b7-c8ef-4f3c-80b1-66a07c6e3dcd: start FollowerState
2019-10-17 20:28:41,795 [Thread-1922] INFO  impl.FollowerState (FollowerState.java:run(108)) - c07977b7-c8ef-4f3c-80b1-66a07c6e3dcd@group-C2BDBBDF155D-FollowerState: change to CANDIDATE, lastRpcTime:142ms, electionTimeout:142ms
2019-10-17 20:28:41,795 [Thread-1922] INFO  impl.RoleInfo (RoleInfo.java:shutdownFollowerState(121)) - c07977b7-c8ef-4f3c-80b1-66a07c6e3dcd: shutdown FollowerState
2019-10-17 20:28:41,795 [Thread-1922] INFO  impl.RaftServerImpl (RaftServerImpl.java:setRole(184)) - c07977b7-c8ef-4f3c-80b1-66a07c6e3dcd@group-C2BDBBDF155D: changes role from  FOLLOWER to CANDIDATE at term 147 for changeToCandidate
2019-10-17 20:28:41,796 [Thread-1922] INFO  impl.RoleInfo (RoleInfo.java:updateAndGet(143)) - c07977b7-c8ef-4f3c-80b1-66a07c6e3dcd: start LeaderElection
2019-10-17 20:28:41,826 [c07977b7-c8ef-4f3c-80b1-66a07c6e3dcd@group-C2BDBBDF155D-LeaderElection170] INFO  impl.LeaderElection (LeaderElection.java:askForVotes(178)) - c07977b7-c8ef-4f3c-80b1-66a07c6e3dcd@group-C2BDBBDF155D-LeaderElection170: begin an election at term 148 for -1: [d81605c5-54b3-45a8-b5ae-2e8d8890cbef:192.168.164.201:42755, 7f29c796-0732-402f-b865-67033766dcba:192.168.164.201:40704, c07977b7-c8ef-4f3c-80b1-66a07c6e3dcd:192.168.164.201:38664], old=null
2019-10-17 20:28:41,829 [grpc-default-executor-4] INFO  impl.RaftServerImpl (RaftServerImpl.java:setRole(184)) - d81605c5-54b3-45a8-b5ae-2e8d8890cbef@group-C2BDBBDF155D: changes role from  FOLLOWER to FOLLOWER at term 148 for recognizeCandidate:c07977b7-c8ef-4f3c-80b1-66a07c6e3dcd
2019-10-17 20:28:41,829 [grpc-default-executor-2] INFO  impl.RaftServerImpl (RaftServerImpl.java:setRole(184)) - 7f29c796-0732-402f-b865-67033766dcba@group-C2BDBBDF155D: changes role from  FOLLOWER to FOLLOWER at term 148 for recognizeCandidate:c07977b7-c8ef-4f3c-80b1-66a07c6e3dcd
2019-10-17 20:28:41,830 [grpc-default-executor-4] INFO  impl.RoleInfo (RoleInfo.java:shutdownFollowerState(121)) - d81605c5-54b3-45a8-b5ae-2e8d8890cbef: shutdown FollowerState
2019-10-17 20:28:41,830 [grpc-default-executor-2] INFO  impl.RoleInfo (RoleInfo.java:shutdownFollowerState(121)) - 7f29c796-0732-402f-b865-67033766dcba: shutdown FollowerState
2019-10-17 20:28:41,830 [Thread-1920] INFO  impl.FollowerState (FollowerState.java:run(117)) - d81605c5-54b3-45a8-b5ae-2e8d8890cbef@group-C2BDBBDF155D-FollowerState was interrupted: java.lang.InterruptedException: sleep interrupted
2019-10-17 20:28:41,830 [grpc-default-executor-4] INFO  impl.RoleInfo (RoleInfo.java:updateAndGet(143)) - d81605c5-54b3-45a8-b5ae-2e8d8890cbef: start FollowerState
2019-10-17 20:28:41,830 [Thread-1921] INFO  impl.FollowerState (FollowerState.java:run(117)) - 7f29c796-0732-402f-b865-67033766dcba@group-C2BDBBDF155D-FollowerState was interrupted: java.lang.InterruptedException: sleep interrupted
2019-10-17 20:28:41,830 [grpc-default-executor-2] INFO  impl.RoleInfo (RoleInfo.java:updateAndGet(143)) - 7f29c796-0732-402f-b865-67033766dcba: start FollowerState
2019-10-17 20:28:41,861 [c07977b7-c8ef-4f3c-80b1-66a07c6e3dcd@group-C2BDBBDF155D-LeaderElection170] INFO  impl.LeaderElection (LeaderElection.java:logAndReturn(56)) - c07977b7-c8ef-4f3c-80b1-66a07c6e3dcd@group-C2BDBBDF155D-LeaderElection170: Election REJECTED; received 2 response(s) [c07977b7-c8ef-4f3c-80b1-66a07c6e3dcd<-d81605c5-54b3-45a8-b5ae-2e8d8890cbef#0:FAIL-t148, c07977b7-c8ef-4f3c-80b1-66a07c6e3dcd<-7f29c796-0732-402f-b865-67033766dcba#0:FAIL-t148] and 0 exception(s); c07977b7-c8ef-4f3c-80b1-66a07c6e3dcd@group-C2BDBBDF155D:t148, leader=null, voted=c07977b7-c8ef-4f3c-80b1-66a07c6e3dcd, raftlog=c07977b7-c8ef-4f3c-80b1-66a07c6e3dcd@group-C2BDBBDF155D-SegmentedRaftLog:OPENED:c-1,f-1,i0, conf=-1: [d81605c5-54b3-45a8-b5ae-2e8d8890cbef:192.168.164.201:42755, 7f29c796-0732-402f-b865-67033766dcba:192.168.164.201:40704, c07977b7-c8ef-4f3c-80b1-66a07c6e3dcd:192.168.164.201:38664], old=null
2019-10-17 20:28:41,861 [c07977b7-c8ef-4f3c-80b1-66a07c6e3dcd@group-C2BDBBDF155D-LeaderElection170] INFO  impl.RaftServerImpl (RaftServerImpl.java:setRole(184)) - c07977b7-c8ef-4f3c-80b1-66a07c6e3dcd@group-C2BDBBDF155D: changes role from CANDIDATE to FOLLOWER at term 148 for DISCOVERED_A_NEW_TERM
2019-10-17 20:28:41,861 [c07977b7-c8ef-4f3c-80b1-66a07c6e3dcd@group-C2BDBBDF155D-LeaderElection170] INFO  impl.RoleInfo (RoleInfo.java:shutdownLeaderElection(134)) - c07977b7-c8ef-4f3c-80b1-66a07c6e3dcd: shutdown LeaderElection
2019-10-17 20:28:41,861 [c07977b7-c8ef-4f3c-80b1-66a07c6e3dcd@group-C2BDBBDF155D-LeaderElection170] INFO  impl.RoleInfo (RoleInfo.java:updateAndGet(143)) - c07977b7-c8ef-4f3c-80b1-66a07c6e3dcd: start FollowerState
2019-10-17 20:28:41,895 [Thread-1928] INFO  impl.FollowerState (FollowerState.java:run(108)) - c07977b7-c8ef-4f3c-80b1-66a07c6e3dcd@group-C2BDBBDF155D-FollowerState: change to CANDIDATE, lastRpcTime:33ms, electionTimeout:33ms
2019-10-17 20:28:41,895 [Thread-1928] INFO  impl.RoleInfo (RoleInfo.java:shutdownFollowerState(121)) - c07977b7-c8ef-4f3c-80b1-66a07c6e3dcd: shutdown FollowerState
2019-10-17 20:28:41,895 [Thread-1928] INFO  impl.RaftServerImpl (RaftServerImpl.java:setRole(184)) - c07977b7-c8ef-4f3c-80b1-66a07c6e3dcd@group-C2BDBBDF155D: changes role from  FOLLOWER to CANDIDATE at term 148 for changeToCandidate
2019-10-17 20:28:41,895 [Thread-1928] INFO  impl.RoleInfo (RoleInfo.java:updateAndGet(143)) - c07977b7-c8ef-4f3c-80b1-66a07c6e3dcd: start LeaderElection
2019-10-17 20:28:41,919 [c07977b7-c8ef-4f3c-80b1-66a07c6e3dcd@group-C2BDBBDF155D-LeaderElection171] INFO  impl.LeaderElection (LeaderElection.java:askForVotes(178)) - c07977b7-c8ef-4f3c-80b1-66a07c6e3dcd@group-C2BDBBDF155D-LeaderElection171: begin an election at term 149 for -1: [d81605c5-54b3-45a8-b5ae-2e8d8890cbef:192.168.164.201:42755, 7f29c796-0732-402f-b865-67033766dcba:192.168.164.201:40704, c07977b7-c8ef-4f3c-80b1-66a07c6e3dcd:192.168.164.201:38664], old=null
2019-10-17 20:28:41,921 [grpc-default-executor-2] INFO  impl.RaftServerImpl (RaftServerImpl.java:setRole(184)) - d81605c5-54b3-45a8-b5ae-2e8d8890cbef@group-C2BDBBDF155D: changes role from  FOLLOWER to FOLLOWER at term 149 for recognizeCandidate:c07977b7-c8ef-4f3c-80b1-66a07c6e3dcd
2019-10-17 20:28:41,922 [grpc-default-executor-2] INFO  impl.RoleInfo (RoleInfo.java:shutdownFollowerState(121)) - d81605c5-54b3-45a8-b5ae-2e8d8890cbef: shutdown FollowerState
2019-10-17 20:28:41,921 [grpc-default-executor-4] INFO  impl.RaftServerImpl (RaftServerImpl.java:setRole(184)) - 7f29c796-0732-402f-b865-67033766dcba@group-C2BDBBDF155D: changes role from  FOLLOWER to FOLLOWER at term 149 for recognizeCandidate:c07977b7-c8ef-4f3c-80b1-66a07c6e3dcd
2019-10-17 20:28:41,922 [Thread-1926] INFO  impl.FollowerState (FollowerState.java:run(117)) - d81605c5-54b3-45a8-b5ae-2e8d8890cbef@group-C2BDBBDF155D-FollowerState was interrupted: java.lang.InterruptedException: sleep interrupted
2019-10-17 20:28:41,922 [grpc-default-executor-2] INFO  impl.RoleInfo (RoleInfo.java:updateAndGet(143)) - d81605c5-54b3-45a8-b5ae-2e8d8890cbef: start FollowerState
2019-10-17 20:28:41,922 [grpc-default-executor-4] INFO  impl.RoleInfo (RoleInfo.java:shutdownFollowerState(121)) - 7f29c796-0732-402f-b865-67033766dcba: shutdown FollowerState
2019-10-17 20:28:41,923 [grpc-default-executor-4] INFO  impl.RoleInfo (RoleInfo.java:updateAndGet(143)) - 7f29c796-0732-402f-b865-67033766dcba: start FollowerState
2019-10-17 20:28:41,923 [Thread-1927] INFO  impl.FollowerState (FollowerState.java:run(117)) - 7f29c796-0732-402f-b865-67033766dcba@group-C2BDBBDF155D-FollowerState was interrupted: java.lang.InterruptedException: sleep interrupted
2019-10-17 20:28:41,945 [c07977b7-c8ef-4f3c-80b1-66a07c6e3dcd@group-C2BDBBDF155D-LeaderElection171] INFO  impl.LeaderElection (LeaderElection.java:logAndReturn(56)) - c07977b7-c8ef-4f3c-80b1-66a07c6e3dcd@group-C2BDBBDF155D-LeaderElection171: Election REJECTED; received 2 response(s) [c07977b7-c8ef-4f3c-80b1-66a07c6e3dcd<-d81605c5-54b3-45a8-b5ae-2e8d8890cbef#0:FAIL-t149, c07977b7-c8ef-4f3c-80b1-66a07c6e3dcd<-7f29c796-0732-402f-b865-67033766dcba#0:FAIL-t149] and 0 exception(s); c07977b7-c8ef-4f3c-80b1-66a07c6e3dcd@group-C2BDBBDF155D:t149, leader=null, voted=c07977b7-c8ef-4f3c-80b1-66a07c6e3dcd, raftlog=c07977b7-c8ef-4f3c-80b1-66a07c6e3dcd@group-C2BDBBDF155D-SegmentedRaftLog:OPENED:c-1,f-1,i0, conf=-1: [d81605c5-54b3-45a8-b5ae-2e8d8890cbef:192.168.164.201:42755, 7f29c796-0732-402f-b865-67033766dcba:192.168.164.201:40704, c07977b7-c8ef-4f3c-80b1-66a07c6e3dcd:192.168.164.201:38664], old=null
2019-10-17 20:28:41,945 [c07977b7-c8ef-4f3c-80b1-66a07c6e3dcd@group-C2BDBBDF155D-LeaderElection171] INFO  impl.RaftServerImpl (RaftServerImpl.java:setRole(184)) - c07977b7-c8ef-4f3c-80b1-66a07c6e3dcd@group-C2BDBBDF155D: changes role from CANDIDATE to FOLLOWER at term 149 for DISCOVERED_A_NEW_TERM
2019-10-17 20:28:41,945 [c07977b7-c8ef-4f3c-80b1-66a07c6e3dcd@group-C2BDBBDF155D-LeaderElection171] INFO  impl.RoleInfo (RoleInfo.java:shutdownLeaderElection(134)) - c07977b7-c8ef-4f3c-80b1-66a07c6e3dcd: shutdown LeaderElection
2019-10-17 20:28:41,946 [c07977b7-c8ef-4f3c-80b1-66a07c6e3dcd@group-C2BDBBDF155D-LeaderElection171] INFO  impl.RoleInfo (RoleInfo.java:updateAndGet(143)) - c07977b7-c8ef-4f3c-80b1-66a07c6e3dcd: start FollowerState
2019-10-17 20:28:41,965 [Thread-1934] INFO  impl.FollowerState (FollowerState.java:run(108)) - c07977b7-c8ef-4f3c-80b1-66a07c6e3dcd@group-C2BDBBDF155D-FollowerState: change to CANDIDATE, lastRpcTime:19ms, electionTimeout:19ms
2019-10-17 20:28:41,966 [Thread-1934] INFO  impl.RoleInfo (RoleInfo.java:shutdownFollowerState(121)) - c07977b7-c8ef-4f3c-80b1-66a07c6e3dcd: shutdown FollowerState
2019-10-17 20:28:41,966 [Thread-1934] INFO  impl.RaftServerImpl (RaftServerImpl.java:setRole(184)) - c07977b7-c8ef-4f3c-80b1-66a07c6e3dcd@group-C2BDBBDF155D: changes role from  FOLLOWER to CANDIDATE at term 149 for changeToCandidate
2019-10-17 20:28:41,966 [Thread-1934] INFO  impl.RoleInfo (RoleInfo.java:updateAndGet(143)) - c07977b7-c8ef-4f3c-80b1-66a07c6e3dcd: start LeaderElection
2019-10-17 20:28:41,994 [c07977b7-c8ef-4f3c-80b1-66a07c6e3dcd@group-C2BDBBDF155D-LeaderElection172] INFO  impl.LeaderElection (LeaderElection.java:askForVotes(178)) - c07977b7-c8ef-4f3c-80b1-66a07c6e3dcd@group-C2BDBBDF155D-LeaderElection172: begin an election at term 150 for -1: [d81605c5-54b3-45a8-b5ae-2e8d8890cbef:192.168.164.201:42755, 7f29c796-0732-402f-b865-67033766dcba:192.168.164.201:40704, c07977b7-c8ef-4f3c-80b1-66a07c6e3dcd:192.168.164.201:38664], old=null
2019-10-17 20:28:41,998 [grpc-default-executor-2] INFO  impl.RaftServerImpl (RaftServerImpl.java:setRole(184)) - 7f29c796-0732-402f-b865-67033766dcba@group-C2BDBBDF155D: changes role from  FOLLOWER to FOLLOWER at term 150 for recognizeCandidate:c07977b7-c8ef-4f3c-80b1-66a07c6e3dcd
2019-10-17 20:28:41,998 [grpc-default-executor-4] INFO  impl.RaftServerImpl (RaftServerImpl.java:setRole(184)) - d81605c5-54b3-45a8-b5ae-2e8d8890cbef@group-C2BDBBDF155D: changes role from  FOLLOWER to FOLLOWER at term 150 for recognizeCandidate:c07977b7-c8ef-4f3c-80b1-66a07c6e3dcd
2019-10-17 20:28:41,998 [grpc-default-executor-2] INFO  impl.RoleInfo (RoleInfo.java:shutdownFollowerState(121)) - 7f29c796-0732-402f-b865-67033766dcba: shutdown FollowerState
2019-10-17 20:28:41,998 [grpc-default-executor-4] INFO  impl.RoleInfo (RoleInfo.java:shutdownFollowerState(121)) - d81605c5-54b3-45a8-b5ae-2e8d8890cbef: shutdown FollowerState
2019-10-17 20:28:41,998 [Thread-1933] INFO  impl.FollowerState (FollowerState.java:run(117)) - 7f29c796-0732-402f-b865-67033766dcba@group-C2BDBBDF155D-FollowerState was interrupted: java.lang.InterruptedException: sleep interrupted
2019-10-17 20:28:41,998 [grpc-default-executor-2] INFO  impl.RoleInfo (RoleInfo.java:updateAndGet(143)) - 7f29c796-0732-402f-b865-67033766dcba: start FollowerState
2019-10-17 20:28:41,998 [Thread-1932] INFO  impl.FollowerState (FollowerState.java:run(117)) - d81605c5-54b3-45a8-b5ae-2e8d8890cbef@group-C2BDBBDF155D-FollowerState was interrupted: java.lang.InterruptedException: sleep interrupted
2019-10-17 20:28:41,998 [grpc-default-executor-4] INFO  impl.RoleInfo (RoleInfo.java:updateAndGet(143)) - d81605c5-54b3-45a8-b5ae-2e8d8890cbef: start FollowerState
2019-10-17 20:28:42,021 [c07977b7-c8ef-4f3c-80b1-66a07c6e3dcd@group-C2BDBBDF155D-LeaderElection172] INFO  impl.LeaderElection (LeaderElection.java:logAndReturn(56)) - c07977b7-c8ef-4f3c-80b1-66a07c6e3dcd@group-C2BDBBDF155D-LeaderElection172: Election REJECTED; received 2 response(s) [c07977b7-c8ef-4f3c-80b1-66a07c6e3dcd<-d81605c5-54b3-45a8-b5ae-2e8d8890cbef#0:FAIL-t150, c07977b7-c8ef-4f3c-80b1-66a07c6e3dcd<-7f29c796-0732-402f-b865-67033766dcba#0:FAIL-t150] and 0 exception(s); c07977b7-c8ef-4f3c-80b1-66a07c6e3dcd@group-C2BDBBDF155D:t150, leader=null, voted=c07977b7-c8ef-4f3c-80b1-66a07c6e3dcd, raftlog=c07977b7-c8ef-4f3c-80b1-66a07c6e3dcd@group-C2BDBBDF155D-SegmentedRaftLog:OPENED:c-1,f-1,i0, conf=-1: [d81605c5-54b3-45a8-b5ae-2e8d8890cbef:192.168.164.201:42755, 7f29c796-0732-402f-b865-67033766dcba:192.168.164.201:40704, c07977b7-c8ef-4f3c-80b1-66a07c6e3dcd:192.168.164.201:38664], old=null
2019-10-17 20:28:42,021 [c07977b7-c8ef-4f3c-80b1-66a07c6e3dcd@group-C2BDBBDF155D-LeaderElection172] INFO  impl.RaftServerImpl (RaftServerImpl.java:setRole(184)) - c07977b7-c8ef-4f3c-80b1-66a07c6e3dcd@group-C2BDBBDF155D: changes role from CANDIDATE to FOLLOWER at term 150 for DISCOVERED_A_NEW_TERM
2019-10-17 20:28:42,021 [c07977b7-c8ef-4f3c-80b1-66a07c6e3dcd@group-C2BDBBDF155D-LeaderElection172] INFO  impl.RoleInfo (RoleInfo.java:shutdownLeaderElection(134)) - c07977b7-c8ef-4f3c-80b1-66a07c6e3dcd: shutdown LeaderElection
2019-10-17 20:28:42,021 [c07977b7-c8ef-4f3c-80b1-66a07c6e3dcd@group-C2BDBBDF155D-LeaderElection172] INFO  impl.RoleInfo (RoleInfo.java:updateAndGet(143)) - c07977b7-c8ef-4f3c-80b1-66a07c6e3dcd: start FollowerState
2019-10-17 20:28:42,076 [Thread-1940] INFO  impl.FollowerState (FollowerState.java:run(108)) - c07977b7-c8ef-4f3c-80b1-66a07c6e3dcd@group-C2BDBBDF155D-FollowerState: change to CANDIDATE, lastRpcTime:54ms, electionTimeout:54ms
2019-10-17 20:28:42,076 [Thread-1940] INFO  impl.RoleInfo (RoleInfo.java:shutdownFollowerState(121)) - c07977b7-c8ef-4f3c-80b1-66a07c6e3dcd: shutdown FollowerState
2019-10-17 20:28:42,076 [Thread-1940] INFO  impl.RaftServerImpl (RaftServerImpl.java:setRole(184)) - c07977b7-c8ef-4f3c-80b1-66a07c6e3dcd@group-C2BDBBDF155D: changes role from  FOLLOWER to CANDIDATE at term 150 for changeToCandidate
2019-10-17 20:28:42,076 [Thread-1940] INFO  impl.RoleInfo (RoleInfo.java:updateAndGet(143)) - c07977b7-c8ef-4f3c-80b1-66a07c6e3dcd: start LeaderElection
2019-10-17 20:28:42,103 [c07977b7-c8ef-4f3c-80b1-66a07c6e3dcd@group-C2BDBBDF155D-LeaderElection173] INFO  impl.LeaderElection (LeaderElection.java:askForVotes(178)) - c07977b7-c8ef-4f3c-80b1-66a07c6e3dcd@group-C2BDBBDF155D-LeaderElection173: begin an election at term 151 for -1: [d81605c5-54b3-45a8-b5ae-2e8d8890cbef:192.168.164.201:42755, 7f29c796-0732-402f-b865-67033766dcba:192.168.164.201:40704, c07977b7-c8ef-4f3c-80b1-66a07c6e3dcd:192.168.164.201:38664], old=null
2019-10-17 20:28:42,106 [grpc-default-executor-2] INFO  impl.RaftServerImpl (RaftServerImpl.java:setRole(184)) - d81605c5-54b3-45a8-b5ae-2e8d8890cbef@group-C2BDBBDF155D: changes role from  FOLLOWER to FOLLOWER at term 151 for recognizeCandidate:c07977b7-c8ef-4f3c-80b1-66a07c6e3dcd
2019-10-17 20:28:42,106 [grpc-default-executor-2] INFO  impl.RoleInfo (RoleInfo.java:shutdownFollowerState(121)) - d81605c5-54b3-45a8-b5ae-2e8d8890cbef: shutdown FollowerState
2019-10-17 20:28:42,106 [grpc-default-executor-2] INFO  impl.RoleInfo (RoleInfo.java:updateAndGet(143)) - d81605c5-54b3-45a8-b5ae-2e8d8890cbef: start FollowerState
2019-10-17 20:28:42,106 [Thread-1939] INFO  impl.FollowerState (FollowerState.java:run(117)) - d81605c5-54b3-45a8-b5ae-2e8d8890cbef@group-C2BDBBDF155D-FollowerState was interrupted: java.lang.InterruptedException: sleep interrupted
2019-10-17 20:28:42,107 [grpc-default-executor-4] INFO  impl.RaftServerImpl (RaftServerImpl.java:setRole(184)) - 7f29c796-0732-402f-b865-67033766dcba@group-C2BDBBDF155D: changes role from  FOLLOWER to FOLLOWER at term 151 for recognizeCandidate:c07977b7-c8ef-4f3c-80b1-66a07c6e3dcd
2019-10-17 20:28:42,107 [grpc-default-executor-4] INFO  impl.RoleInfo (RoleInfo.java:shutdownFollowerState(121)) - 7f29c796-0732-402f-b865-67033766dcba: shutdown FollowerState
2019-10-17 20:28:42,107 [grpc-default-executor-4] INFO  impl.RoleInfo (RoleInfo.java:updateAndGet(143)) - 7f29c796-0732-402f-b865-67033766dcba: start FollowerState
2019-10-17 20:28:42,107 [Thread-1938] INFO  impl.FollowerState (FollowerState.java:run(117)) - 7f29c796-0732-402f-b865-67033766dcba@group-C2BDBBDF155D-FollowerState was interrupted: java.lang.InterruptedException: sleep interrupted
2019-10-17 20:28:42,130 [c07977b7-c8ef-4f3c-80b1-66a07c6e3dcd@group-C2BDBBDF155D-LeaderElection173] INFO  impl.LeaderElection (LeaderElection.java:logAndReturn(56)) - c07977b7-c8ef-4f3c-80b1-66a07c6e3dcd@group-C2BDBBDF155D-LeaderElection173: Election REJECTED; received 2 response(s) [c07977b7-c8ef-4f3c-80b1-66a07c6e3dcd<-d81605c5-54b3-45a8-b5ae-2e8d8890cbef#0:FAIL-t151, c07977b7-c8ef-4f3c-80b1-66a07c6e3dcd<-7f29c796-0732-402f-b865-67033766dcba#0:FAIL-t151] and 0 exception(s); c07977b7-c8ef-4f3c-80b1-66a07c6e3dcd@group-C2BDBBDF155D:t151, leader=null, voted=c07977b7-c8ef-4f3c-80b1-66a07c6e3dcd, raftlog=c07977b7-c8ef-4f3c-80b1-66a07c6e3dcd@group-C2BDBBDF155D-SegmentedRaftLog:OPENED:c-1,f-1,i0, conf=-1: [d81605c5-54b3-45a8-b5ae-2e8d8890cbef:192.168.164.201:42755, 7f29c796-0732-402f-b865-67033766dcba:192.168.164.201:40704, c07977b7-c8ef-4f3c-80b1-66a07c6e3dcd:192.168.164.201:38664], old=null
2019-10-17 20:28:42,130 [c07977b7-c8ef-4f3c-80b1-66a07c6e3dcd@group-C2BDBBDF155D-LeaderElection173] INFO  impl.RaftServerImpl (RaftServerImpl.java:setRole(184)) - c07977b7-c8ef-4f3c-80b1-66a07c6e3dcd@group-C2BDBBDF155D: changes role from CANDIDATE to FOLLOWER at term 151 for DISCOVERED_A_NEW_TERM
2019-10-17 20:28:42,130 [c07977b7-c8ef-4f3c-80b1-66a07c6e3dcd@group-C2BDBBDF155D-LeaderElection173] INFO  impl.RoleInfo (RoleInfo.java:shutdownLeaderElection(134)) - c07977b7-c8ef-4f3c-80b1-66a07c6e3dcd: shutdown LeaderElection
2019-10-17 20:28:42,130 [c07977b7-c8ef-4f3c-80b1-66a07c6e3dcd@group-C2BDBBDF155D-LeaderElection173] INFO  impl.RoleInfo (RoleInfo.java:updateAndGet(143)) - c07977b7-c8ef-4f3c-80b1-66a07c6e3dcd: start FollowerState
2019-10-17 20:28:42,206 [Thread-1946] INFO  impl.FollowerState (FollowerState.java:run(108)) - c07977b7-c8ef-4f3c-80b1-66a07c6e3dcd@group-C2BDBBDF155D-FollowerState: change to CANDIDATE, lastRpcTime:75ms, electionTimeout:75ms
2019-10-17 20:28:42,206 [Thread-1946] INFO  impl.RoleInfo (RoleInfo.java:shutdownFollowerState(121)) - c07977b7-c8ef-4f3c-80b1-66a07c6e3dcd: shutdown FollowerState
2019-10-17 20:28:42,206 [Thread-1946] INFO  impl.RaftServerImpl (RaftServerImpl.java:setRole(184)) - c07977b7-c8ef-4f3c-80b1-66a07c6e3dcd@group-C2BDBBDF155D: changes role from  FOLLOWER to CANDIDATE at term 151 for changeToCandidate
2019-10-17 20:28:42,206 [Thread-1946] INFO  impl.RoleInfo (RoleInfo.java:updateAndGet(143)) - c07977b7-c8ef-4f3c-80b1-66a07c6e3dcd: start LeaderElection
2019-10-17 20:28:42,229 [c07977b7-c8ef-4f3c-80b1-66a07c6e3dcd@group-C2BDBBDF155D-LeaderElection174] INFO  impl.LeaderElection (LeaderElection.java:askForVotes(178)) - c07977b7-c8ef-4f3c-80b1-66a07c6e3dcd@group-C2BDBBDF155D-LeaderElection174: begin an election at term 152 for -1: [d81605c5-54b3-45a8-b5ae-2e8d8890cbef:192.168.164.201:42755, 7f29c796-0732-402f-b865-67033766dcba:192.168.164.201:40704, c07977b7-c8ef-4f3c-80b1-66a07c6e3dcd:192.168.164.201:38664], old=null
2019-10-17 20:28:42,232 [grpc-default-executor-4] INFO  impl.RaftServerImpl (RaftServerImpl.java:setRole(184)) - d81605c5-54b3-45a8-b5ae-2e8d8890cbef@group-C2BDBBDF155D: changes role from  FOLLOWER to FOLLOWER at term 152 for recognizeCandidate:c07977b7-c8ef-4f3c-80b1-66a07c6e3dcd
2019-10-17 20:28:42,232 [grpc-default-executor-4] INFO  impl.RoleInfo (RoleInfo.java:shutdownFollowerState(121)) - d81605c5-54b3-45a8-b5ae-2e8d8890cbef: shutdown FollowerState
2019-10-17 20:28:42,232 [grpc-default-executor-2] INFO  impl.RaftServerImpl (RaftServerImpl.java:setRole(184)) - 7f29c796-0732-402f-b865-67033766dcba@group-C2BDBBDF155D: changes role from  FOLLOWER to FOLLOWER at term 152 for recognizeCandidate:c07977b7-c8ef-4f3c-80b1-66a07c6e3dcd
2019-10-17 20:28:42,233 [grpc-default-executor-2] INFO  impl.RoleInfo (RoleInfo.java:shutdownFollowerState(121)) - 7f29c796-0732-402f-b865-67033766dcba: shutdown FollowerState
2019-10-17 20:28:42,232 [Thread-1944] INFO  impl.FollowerState (FollowerState.java:run(117)) - d81605c5-54b3-45a8-b5ae-2e8d8890cbef@group-C2BDBBDF155D-FollowerState was interrupted: java.lang.InterruptedException: sleep interrupted
2019-10-17 20:28:42,232 [grpc-default-executor-4] INFO  impl.RoleInfo (RoleInfo.java:updateAndGet(143)) - d81605c5-54b3-45a8-b5ae-2e8d8890cbef: start FollowerState
2019-10-17 20:28:42,233 [Thread-1945] INFO  impl.FollowerState (FollowerState.java:run(117)) - 7f29c796-0732-402f-b865-67033766dcba@group-C2BDBBDF155D-FollowerState was interrupted: java.lang.InterruptedException: sleep interrupted
2019-10-17 20:28:42,233 [grpc-default-executor-2] INFO  impl.RoleInfo (RoleInfo.java:updateAndGet(143)) - 7f29c796-0732-402f-b865-67033766dcba: start FollowerState
2019-10-17 20:28:42,256 [c07977b7-c8ef-4f3c-80b1-66a07c6e3dcd@group-C2BDBBDF155D-LeaderElection174] INFO  impl.LeaderElection (LeaderElection.java:logAndReturn(56)) - c07977b7-c8ef-4f3c-80b1-66a07c6e3dcd@group-C2BDBBDF155D-LeaderElection174: Election REJECTED; received 2 response(s) [c07977b7-c8ef-4f3c-80b1-66a07c6e3dcd<-d81605c5-54b3-45a8-b5ae-2e8d8890cbef#0:FAIL-t152, c07977b7-c8ef-4f3c-80b1-66a07c6e3dcd<-7f29c796-0732-402f-b865-67033766dcba#0:FAIL-t152] and 0 exception(s); c07977b7-c8ef-4f3c-80b1-66a07c6e3dcd@group-C2BDBBDF155D:t152, leader=null, voted=c07977b7-c8ef-4f3c-80b1-66a07c6e3dcd, raftlog=c07977b7-c8ef-4f3c-80b1-66a07c6e3dcd@group-C2BDBBDF155D-SegmentedRaftLog:OPENED:c-1,f-1,i0, conf=-1: [d81605c5-54b3-45a8-b5ae-2e8d8890cbef:192.168.164.201:42755, 7f29c796-0732-402f-b865-67033766dcba:192.168.164.201:40704, c07977b7-c8ef-4f3c-80b1-66a07c6e3dcd:192.168.164.201:38664], old=null
2019-10-17 20:28:42,256 [c07977b7-c8ef-4f3c-80b1-66a07c6e3dcd@group-C2BDBBDF155D-LeaderElection174] INFO  impl.RaftServerImpl (RaftServerImpl.java:setRole(184)) - c07977b7-c8ef-4f3c-80b1-66a07c6e3dcd@group-C2BDBBDF155D: changes role from CANDIDATE to FOLLOWER at term 152 for DISCOVERED_A_NEW_TERM
2019-10-17 20:28:42,256 [c07977b7-c8ef-4f3c-80b1-66a07c6e3dcd@group-C2BDBBDF155D-LeaderElection174] INFO  impl.RoleInfo (RoleInfo.java:shutdownLeaderElection(134)) - c07977b7-c8ef-4f3c-80b1-66a07c6e3dcd: shutdown LeaderElection
2019-10-17 20:28:42,256 [c07977b7-c8ef-4f3c-80b1-66a07c6e3dcd@group-C2BDBBDF155D-LeaderElection174] INFO  impl.RoleInfo (RoleInfo.java:updateAndGet(143)) - c07977b7-c8ef-4f3c-80b1-66a07c6e3dcd: start FollowerState
2019-10-17 20:28:42,422 [Thread-1952] INFO  impl.FollowerState (FollowerState.java:run(108)) - c07977b7-c8ef-4f3c-80b1-66a07c6e3dcd@group-C2BDBBDF155D-FollowerState: change to CANDIDATE, lastRpcTime:165ms, electionTimeout:165ms
2019-10-17 20:28:42,422 [Thread-1952] INFO  impl.RoleInfo (RoleInfo.java:shutdownFollowerState(121)) - c07977b7-c8ef-4f3c-80b1-66a07c6e3dcd: shutdown FollowerState
2019-10-17 20:28:42,422 [Thread-1952] INFO  impl.RaftServerImpl (RaftServerImpl.java:setRole(184)) - c07977b7-c8ef-4f3c-80b1-66a07c6e3dcd@group-C2BDBBDF155D: changes role from  FOLLOWER to CANDIDATE at term 152 for changeToCandidate
2019-10-17 20:28:42,422 [Thread-1952] INFO  impl.RoleInfo (RoleInfo.java:updateAndGet(143)) - c07977b7-c8ef-4f3c-80b1-66a07c6e3dcd: start LeaderElection
2019-10-17 20:28:42,448 [c07977b7-c8ef-4f3c-80b1-66a07c6e3dcd@group-C2BDBBDF155D-LeaderElection175] INFO  impl.LeaderElection (LeaderElection.java:askForVotes(178)) - c07977b7-c8ef-4f3c-80b1-66a07c6e3dcd@group-C2BDBBDF155D-LeaderElection175: begin an election at term 153 for -1: [d81605c5-54b3-45a8-b5ae-2e8d8890cbef:192.168.164.201:42755, 7f29c796-0732-402f-b865-67033766dcba:192.168.164.201:40704, c07977b7-c8ef-4f3c-80b1-66a07c6e3dcd:192.168.164.201:38664], old=null
2019-10-17 20:28:42,451 [grpc-default-executor-2] INFO  impl.RaftServerImpl (RaftServerImpl.java:setRole(184)) - d81605c5-54b3-45a8-b5ae-2e8d8890cbef@group-C2BDBBDF155D: changes role from  FOLLOWER to FOLLOWER at term 153 for recognizeCandidate:c07977b7-c8ef-4f3c-80b1-66a07c6e3dcd
2019-10-17 20:28:42,451 [grpc-default-executor-4] INFO  impl.RaftServerImpl (RaftServerImpl.java:setRole(184)) - 7f29c796-0732-402f-b865-67033766dcba@group-C2BDBBDF155D: changes role from  FOLLOWER to FOLLOWER at term 153 for recognizeCandidate:c07977b7-c8ef-4f3c-80b1-66a07c6e3dcd
2019-10-17 20:28:42,451 [grpc-default-executor-2] INFO  impl.RoleInfo (RoleInfo.java:shutdownFollowerState(121)) - d81605c5-54b3-45a8-b5ae-2e8d8890cbef: shutdown FollowerState
2019-10-17 20:28:42,451 [grpc-default-executor-4] INFO  impl.RoleInfo (RoleInfo.java:shutdownFollowerState(121)) - 7f29c796-0732-402f-b865-67033766dcba: shutdown FollowerState
2019-10-17 20:28:42,452 [Thread-1950] INFO  impl.FollowerState (FollowerState.java:run(117)) - d81605c5-54b3-45a8-b5ae-2e8d8890cbef@group-C2BDBBDF155D-FollowerState was interrupted: java.lang.InterruptedException: sleep interrupted
2019-10-17 20:28:42,451 [grpc-default-executor-2] INFO  impl.RoleInfo (RoleInfo.java:updateAndGet(143)) - d81605c5-54b3-45a8-b5ae-2e8d8890cbef: start FollowerState
2019-10-17 20:28:42,452 [Thread-1951] INFO  impl.FollowerState (FollowerState.java:run(117)) - 7f29c796-0732-402f-b865-67033766dcba@group-C2BDBBDF155D-FollowerState was interrupted: java.lang.InterruptedException: sleep interrupted
2019-10-17 20:28:42,452 [grpc-default-executor-4] INFO  impl.RoleInfo (RoleInfo.java:updateAndGet(143)) - 7f29c796-0732-402f-b865-67033766dcba: start FollowerState
2019-10-17 20:28:42,483 [c07977b7-c8ef-4f3c-80b1-66a07c6e3dcd@group-C2BDBBDF155D-LeaderElection175] INFO  impl.LeaderElection (LeaderElection.java:logAndReturn(56)) - c07977b7-c8ef-4f3c-80b1-66a07c6e3dcd@group-C2BDBBDF155D-LeaderElection175: Election REJECTED; received 2 response(s) [c07977b7-c8ef-4f3c-80b1-66a07c6e3dcd<-d81605c5-54b3-45a8-b5ae-2e8d8890cbef#0:FAIL-t153, c07977b7-c8ef-4f3c-80b1-66a07c6e3dcd<-7f29c796-0732-402f-b865-67033766dcba#0:FAIL-t153] and 0 exception(s); c07977b7-c8ef-4f3c-80b1-66a07c6e3dcd@group-C2BDBBDF155D:t153, leader=null, voted=c07977b7-c8ef-4f3c-80b1-66a07c6e3dcd, raftlog=c07977b7-c8ef-4f3c-80b1-66a07c6e3dcd@group-C2BDBBDF155D-SegmentedRaftLog:OPENED:c-1,f-1,i0, conf=-1: [d81605c5-54b3-45a8-b5ae-2e8d8890cbef:192.168.164.201:42755, 7f29c796-0732-402f-b865-67033766dcba:192.168.164.201:40704, c07977b7-c8ef-4f3c-80b1-66a07c6e3dcd:192.168.164.201:38664], old=null
2019-10-17 20:28:42,483 [c07977b7-c8ef-4f3c-80b1-66a07c6e3dcd@group-C2BDBBDF155D-LeaderElection175] INFO  impl.RaftServerImpl (RaftServerImpl.java:setRole(184)) - c07977b7-c8ef-4f3c-80b1-66a07c6e3dcd@group-C2BDBBDF155D: changes role from CANDIDATE to FOLLOWER at term 153 for DISCOVERED_A_NEW_TERM
2019-10-17 20:28:42,483 [c07977b7-c8ef-4f3c-80b1-66a07c6e3dcd@group-C2BDBBDF155D-LeaderElection175] INFO  impl.RoleInfo (RoleInfo.java:shutdownLeaderElection(134)) - c07977b7-c8ef-4f3c-80b1-66a07c6e3dcd: shutdown LeaderElection
2019-10-17 20:28:42,483 [c07977b7-c8ef-4f3c-80b1-66a07c6e3dcd@group-C2BDBBDF155D-LeaderElection175] INFO  impl.RoleInfo (RoleInfo.java:updateAndGet(143)) - c07977b7-c8ef-4f3c-80b1-66a07c6e3dcd: start FollowerState
2019-10-17 20:28:42,538 [Thread-1958] INFO  impl.FollowerState (FollowerState.java:run(108)) - c07977b7-c8ef-4f3c-80b1-66a07c6e3dcd@group-C2BDBBDF155D-FollowerState: change to CANDIDATE, lastRpcTime:54ms, electionTimeout:54ms
2019-10-17 20:28:42,538 [Thread-1958] INFO  impl.RoleInfo (RoleInfo.java:shutdownFollowerState(121)) - c07977b7-c8ef-4f3c-80b1-66a07c6e3dcd: shutdown FollowerState
2019-10-17 20:28:42,538 [Thread-1958] INFO  impl.RaftServerImpl (RaftServerImpl.java:setRole(184)) - c07977b7-c8ef-4f3c-80b1-66a07c6e3dcd@group-C2BDBBDF155D: changes role from  FOLLOWER to CANDIDATE at term 153 for changeToCandidate
2019-10-17 20:28:42,538 [Thread-1958] INFO  impl.RoleInfo (RoleInfo.java:updateAndGet(143)) - c07977b7-c8ef-4f3c-80b1-66a07c6e3dcd: start LeaderElection
2019-10-17 20:28:42,540 [Thread-754] INFO  ozone.MiniOzoneClusterImpl (MiniOzoneClusterImpl.java:lambda$waitForClusterToBeReady$2(164)) - Waiting for 1 number of pipelines out of 4, to report a leader.
2019-10-17 20:28:42,565 [c07977b7-c8ef-4f3c-80b1-66a07c6e3dcd@group-C2BDBBDF155D-LeaderElection176] INFO  impl.LeaderElection (LeaderElection.java:askForVotes(178)) - c07977b7-c8ef-4f3c-80b1-66a07c6e3dcd@group-C2BDBBDF155D-LeaderElection176: begin an election at term 154 for -1: [d81605c5-54b3-45a8-b5ae-2e8d8890cbef:192.168.164.201:42755, 7f29c796-0732-402f-b865-67033766dcba:192.168.164.201:40704, c07977b7-c8ef-4f3c-80b1-66a07c6e3dcd:192.168.164.201:38664], old=null
2019-10-17 20:28:42,568 [grpc-default-executor-2] INFO  impl.RaftServerImpl (RaftServerImpl.java:setRole(184)) - d81605c5-54b3-45a8-b5ae-2e8d8890cbef@group-C2BDBBDF155D: changes role from  FOLLOWER to FOLLOWER at term 154 for recognizeCandidate:c07977b7-c8ef-4f3c-80b1-66a07c6e3dcd
2019-10-17 20:28:42,568 [grpc-default-executor-2] INFO  impl.RoleInfo (RoleInfo.java:shutdownFollowerState(121)) - d81605c5-54b3-45a8-b5ae-2e8d8890cbef: shutdown FollowerState
2019-10-17 20:28:42,568 [grpc-default-executor-4] INFO  impl.RaftServerImpl (RaftServerImpl.java:setRole(184)) - 7f29c796-0732-402f-b865-67033766dcba@group-C2BDBBDF155D: changes role from  FOLLOWER to FOLLOWER at term 154 for recognizeCandidate:c07977b7-c8ef-4f3c-80b1-66a07c6e3dcd
2019-10-17 20:28:42,568 [Thread-1956] INFO  impl.FollowerState (FollowerState.java:run(117)) - d81605c5-54b3-45a8-b5ae-2e8d8890cbef@group-C2BDBBDF155D-FollowerState was interrupted: java.lang.InterruptedException: sleep interrupted
2019-10-17 20:28:42,568 [grpc-default-executor-2] INFO  impl.RoleInfo (RoleInfo.java:updateAndGet(143)) - d81605c5-54b3-45a8-b5ae-2e8d8890cbef: start FollowerState
2019-10-17 20:28:42,568 [grpc-default-executor-4] INFO  impl.RoleInfo (RoleInfo.java:shutdownFollowerState(121)) - 7f29c796-0732-402f-b865-67033766dcba: shutdown FollowerState
2019-10-17 20:28:42,569 [grpc-default-executor-4] INFO  impl.RoleInfo (RoleInfo.java:updateAndGet(143)) - 7f29c796-0732-402f-b865-67033766dcba: start FollowerState
2019-10-17 20:28:42,569 [Thread-1957] INFO  impl.FollowerState (FollowerState.java:run(117)) - 7f29c796-0732-402f-b865-67033766dcba@group-C2BDBBDF155D-FollowerState was interrupted: java.lang.InterruptedException: sleep interrupted
2019-10-17 20:28:42,616 [c07977b7-c8ef-4f3c-80b1-66a07c6e3dcd@group-C2BDBBDF155D-LeaderElection176] INFO  impl.LeaderElection (LeaderElection.java:logAndReturn(56)) - c07977b7-c8ef-4f3c-80b1-66a07c6e3dcd@group-C2BDBBDF155D-LeaderElection176: Election REJECTED; received 2 response(s) [c07977b7-c8ef-4f3c-80b1-66a07c6e3dcd<-d81605c5-54b3-45a8-b5ae-2e8d8890cbef#0:FAIL-t154, c07977b7-c8ef-4f3c-80b1-66a07c6e3dcd<-7f29c796-0732-402f-b865-67033766dcba#0:FAIL-t154] and 0 exception(s); c07977b7-c8ef-4f3c-80b1-66a07c6e3dcd@group-C2BDBBDF155D:t154, leader=null, voted=c07977b7-c8ef-4f3c-80b1-66a07c6e3dcd, raftlog=c07977b7-c8ef-4f3c-80b1-66a07c6e3dcd@group-C2BDBBDF155D-SegmentedRaftLog:OPENED:c-1,f-1,i0, conf=-1: [d81605c5-54b3-45a8-b5ae-2e8d8890cbef:192.168.164.201:42755, 7f29c796-0732-402f-b865-67033766dcba:192.168.164.201:40704, c07977b7-c8ef-4f3c-80b1-66a07c6e3dcd:192.168.164.201:38664], old=null
2019-10-17 20:28:42,617 [c07977b7-c8ef-4f3c-80b1-66a07c6e3dcd@group-C2BDBBDF155D-LeaderElection176] INFO  impl.RaftServerImpl (RaftServerImpl.java:setRole(184)) - c07977b7-c8ef-4f3c-80b1-66a07c6e3dcd@group-C2BDBBDF155D: changes role from CANDIDATE to FOLLOWER at term 154 for DISCOVERED_A_NEW_TERM
2019-10-17 20:28:42,617 [c07977b7-c8ef-4f3c-80b1-66a07c6e3dcd@group-C2BDBBDF155D-LeaderElection176] INFO  impl.RoleInfo (RoleInfo.java:shutdownLeaderElection(134)) - c07977b7-c8ef-4f3c-80b1-66a07c6e3dcd: shutdown LeaderElection
2019-10-17 20:28:42,617 [c07977b7-c8ef-4f3c-80b1-66a07c6e3dcd@group-C2BDBBDF155D-LeaderElection176] INFO  impl.RoleInfo (RoleInfo.java:updateAndGet(143)) - c07977b7-c8ef-4f3c-80b1-66a07c6e3dcd: start FollowerState
2019-10-17 20:28:42,784 [Thread-1964] INFO  impl.FollowerState (FollowerState.java:run(108)) - c07977b7-c8ef-4f3c-80b1-66a07c6e3dcd@group-C2BDBBDF155D-FollowerState: change to CANDIDATE, lastRpcTime:166ms, electionTimeout:166ms
2019-10-17 20:28:42,784 [Thread-1964] INFO  impl.RoleInfo (RoleInfo.java:shutdownFollowerState(121)) - c07977b7-c8ef-4f3c-80b1-66a07c6e3dcd: shutdown FollowerState
2019-10-17 20:28:42,784 [Thread-1964] INFO  impl.RaftServerImpl (RaftServerImpl.java:setRole(184)) - c07977b7-c8ef-4f3c-80b1-66a07c6e3dcd@group-C2BDBBDF155D: changes role from  FOLLOWER to CANDIDATE at term 154 for changeToCandidate
2019-10-17 20:28:42,784 [Thread-1964] INFO  impl.RoleInfo (RoleInfo.java:updateAndGet(143)) - c07977b7-c8ef-4f3c-80b1-66a07c6e3dcd: start LeaderElection
2019-10-17 20:28:42,816 [c07977b7-c8ef-4f3c-80b1-66a07c6e3dcd@group-C2BDBBDF155D-LeaderElection177] INFO  impl.LeaderElection (LeaderElection.java:askForVotes(178)) - c07977b7-c8ef-4f3c-80b1-66a07c6e3dcd@group-C2BDBBDF155D-LeaderElection177: begin an election at term 155 for -1: [d81605c5-54b3-45a8-b5ae-2e8d8890cbef:192.168.164.201:42755, 7f29c796-0732-402f-b865-67033766dcba:192.168.164.201:40704, c07977b7-c8ef-4f3c-80b1-66a07c6e3dcd:192.168.164.201:38664], old=null
2019-10-17 20:28:42,819 [grpc-default-executor-2] INFO  impl.RaftServerImpl (RaftServerImpl.java:setRole(184)) - 7f29c796-0732-402f-b865-67033766dcba@group-C2BDBBDF155D: changes role from  FOLLOWER to FOLLOWER at term 155 for recognizeCandidate:c07977b7-c8ef-4f3c-80b1-66a07c6e3dcd
2019-10-17 20:28:42,819 [grpc-default-executor-2] INFO  impl.RoleInfo (RoleInfo.java:shutdownFollowerState(121)) - 7f29c796-0732-402f-b865-67033766dcba: shutdown FollowerState
2019-10-17 20:28:42,819 [grpc-default-executor-4] INFO  impl.RaftServerImpl (RaftServerImpl.java:setRole(184)) - d81605c5-54b3-45a8-b5ae-2e8d8890cbef@group-C2BDBBDF155D: changes role from  FOLLOWER to FOLLOWER at term 155 for recognizeCandidate:c07977b7-c8ef-4f3c-80b1-66a07c6e3dcd
2019-10-17 20:28:42,819 [Thread-1963] INFO  impl.FollowerState (FollowerState.java:run(117)) - 7f29c796-0732-402f-b865-67033766dcba@group-C2BDBBDF155D-FollowerState was interrupted: java.lang.InterruptedException: sleep interrupted
2019-10-17 20:28:42,819 [grpc-default-executor-2] INFO  impl.RoleInfo (RoleInfo.java:updateAndGet(143)) - 7f29c796-0732-402f-b865-67033766dcba: start FollowerState
2019-10-17 20:28:42,819 [grpc-default-executor-4] INFO  impl.RoleInfo (RoleInfo.java:shutdownFollowerState(121)) - d81605c5-54b3-45a8-b5ae-2e8d8890cbef: shutdown FollowerState
2019-10-17 20:28:42,820 [grpc-default-executor-4] INFO  impl.RoleInfo (RoleInfo.java:updateAndGet(143)) - d81605c5-54b3-45a8-b5ae-2e8d8890cbef: start FollowerState
2019-10-17 20:28:42,820 [Thread-1962] INFO  impl.FollowerState (FollowerState.java:run(117)) - d81605c5-54b3-45a8-b5ae-2e8d8890cbef@group-C2BDBBDF155D-FollowerState was interrupted: java.lang.InterruptedException: sleep interrupted
2019-10-17 20:28:42,842 [c07977b7-c8ef-4f3c-80b1-66a07c6e3dcd@group-C2BDBBDF155D-LeaderElection177] INFO  impl.LeaderElection (LeaderElection.java:logAndReturn(56)) - c07977b7-c8ef-4f3c-80b1-66a07c6e3dcd@group-C2BDBBDF155D-LeaderElection177: Election REJECTED; received 2 response(s) [c07977b7-c8ef-4f3c-80b1-66a07c6e3dcd<-d81605c5-54b3-45a8-b5ae-2e8d8890cbef#0:FAIL-t155, c07977b7-c8ef-4f3c-80b1-66a07c6e3dcd<-7f29c796-0732-402f-b865-67033766dcba#0:FAIL-t155] and 0 exception(s); c07977b7-c8ef-4f3c-80b1-66a07c6e3dcd@group-C2BDBBDF155D:t155, leader=null, voted=c07977b7-c8ef-4f3c-80b1-66a07c6e3dcd, raftlog=c07977b7-c8ef-4f3c-80b1-66a07c6e3dcd@group-C2BDBBDF155D-SegmentedRaftLog:OPENED:c-1,f-1,i0, conf=-1: [d81605c5-54b3-45a8-b5ae-2e8d8890cbef:192.168.164.201:42755, 7f29c796-0732-402f-b865-67033766dcba:192.168.164.201:40704, c07977b7-c8ef-4f3c-80b1-66a07c6e3dcd:192.168.164.201:38664], old=null
2019-10-17 20:28:42,842 [c07977b7-c8ef-4f3c-80b1-66a07c6e3dcd@group-C2BDBBDF155D-LeaderElection177] INFO  impl.RaftServerImpl (RaftServerImpl.java:setRole(184)) - c07977b7-c8ef-4f3c-80b1-66a07c6e3dcd@group-C2BDBBDF155D: changes role from CANDIDATE to FOLLOWER at term 155 for DISCOVERED_A_NEW_TERM
2019-10-17 20:28:42,842 [c07977b7-c8ef-4f3c-80b1-66a07c6e3dcd@group-C2BDBBDF155D-LeaderElection177] INFO  impl.RoleInfo (RoleInfo.java:shutdownLeaderElection(134)) - c07977b7-c8ef-4f3c-80b1-66a07c6e3dcd: shutdown LeaderElection
2019-10-17 20:28:42,843 [c07977b7-c8ef-4f3c-80b1-66a07c6e3dcd@group-C2BDBBDF155D-LeaderElection177] INFO  impl.RoleInfo (RoleInfo.java:updateAndGet(143)) - c07977b7-c8ef-4f3c-80b1-66a07c6e3dcd: start FollowerState
2019-10-17 20:28:43,034 [Thread-1970] INFO  impl.FollowerState (FollowerState.java:run(108)) - c07977b7-c8ef-4f3c-80b1-66a07c6e3dcd@group-C2BDBBDF155D-FollowerState: change to CANDIDATE, lastRpcTime:191ms, electionTimeout:191ms
2019-10-17 20:28:43,034 [Thread-1970] INFO  impl.RoleInfo (RoleInfo.java:shutdownFollowerState(121)) - c07977b7-c8ef-4f3c-80b1-66a07c6e3dcd: shutdown FollowerState
2019-10-17 20:28:43,034 [Thread-1970] INFO  impl.RaftServerImpl (RaftServerImpl.java:setRole(184)) - c07977b7-c8ef-4f3c-80b1-66a07c6e3dcd@group-C2BDBBDF155D: changes role from  FOLLOWER to CANDIDATE at term 155 for changeToCandidate
2019-10-17 20:28:43,035 [Thread-1970] INFO  impl.RoleInfo (RoleInfo.java:updateAndGet(143)) - c07977b7-c8ef-4f3c-80b1-66a07c6e3dcd: start LeaderElection
2019-10-17 20:28:43,066 [c07977b7-c8ef-4f3c-80b1-66a07c6e3dcd@group-C2BDBBDF155D-LeaderElection178] INFO  impl.LeaderElection (LeaderElection.java:askForVotes(178)) - c07977b7-c8ef-4f3c-80b1-66a07c6e3dcd@group-C2BDBBDF155D-LeaderElection178: begin an election at term 156 for -1: [d81605c5-54b3-45a8-b5ae-2e8d8890cbef:192.168.164.201:42755, 7f29c796-0732-402f-b865-67033766dcba:192.168.164.201:40704, c07977b7-c8ef-4f3c-80b1-66a07c6e3dcd:192.168.164.201:38664], old=null
2019-10-17 20:28:43,069 [grpc-default-executor-2] INFO  impl.RaftServerImpl (RaftServerImpl.java:setRole(184)) - 7f29c796-0732-402f-b865-67033766dcba@group-C2BDBBDF155D: changes role from  FOLLOWER to FOLLOWER at term 156 for recognizeCandidate:c07977b7-c8ef-4f3c-80b1-66a07c6e3dcd
2019-10-17 20:28:43,069 [grpc-default-executor-2] INFO  impl.RoleInfo (RoleInfo.java:shutdownFollowerState(121)) - 7f29c796-0732-402f-b865-67033766dcba: shutdown FollowerState
2019-10-17 20:28:43,069 [grpc-default-executor-4] INFO  impl.RaftServerImpl (RaftServerImpl.java:setRole(184)) - d81605c5-54b3-45a8-b5ae-2e8d8890cbef@group-C2BDBBDF155D: changes role from  FOLLOWER to FOLLOWER at term 156 for recognizeCandidate:c07977b7-c8ef-4f3c-80b1-66a07c6e3dcd
2019-10-17 20:28:43,070 [Thread-1968] INFO  impl.FollowerState (FollowerState.java:run(117)) - 7f29c796-0732-402f-b865-67033766dcba@group-C2BDBBDF155D-FollowerState was interrupted: java.lang.InterruptedException: sleep interrupted
2019-10-17 20:28:43,070 [grpc-default-executor-2] INFO  impl.RoleInfo (RoleInfo.java:updateAndGet(143)) - 7f29c796-0732-402f-b865-67033766dcba: start FollowerState
2019-10-17 20:28:43,070 [grpc-default-executor-4] INFO  impl.RoleInfo (RoleInfo.java:shutdownFollowerState(121)) - d81605c5-54b3-45a8-b5ae-2e8d8890cbef: shutdown FollowerState
2019-10-17 20:28:43,070 [grpc-default-executor-4] INFO  impl.RoleInfo (RoleInfo.java:updateAndGet(143)) - d81605c5-54b3-45a8-b5ae-2e8d8890cbef: start FollowerState
2019-10-17 20:28:43,070 [Thread-1969] INFO  impl.FollowerState (FollowerState.java:run(117)) - d81605c5-54b3-45a8-b5ae-2e8d8890cbef@group-C2BDBBDF155D-FollowerState was interrupted: java.lang.InterruptedException: sleep interrupted
2019-10-17 20:28:43,093 [c07977b7-c8ef-4f3c-80b1-66a07c6e3dcd@group-C2BDBBDF155D-LeaderElection178] INFO  impl.LeaderElection (LeaderElection.java:logAndReturn(56)) - c07977b7-c8ef-4f3c-80b1-66a07c6e3dcd@group-C2BDBBDF155D-LeaderElection178: Election REJECTED; received 2 response(s) [c07977b7-c8ef-4f3c-80b1-66a07c6e3dcd<-d81605c5-54b3-45a8-b5ae-2e8d8890cbef#0:FAIL-t156, c07977b7-c8ef-4f3c-80b1-66a07c6e3dcd<-7f29c796-0732-402f-b865-67033766dcba#0:FAIL-t156] and 0 exception(s); c07977b7-c8ef-4f3c-80b1-66a07c6e3dcd@group-C2BDBBDF155D:t156, leader=null, voted=c07977b7-c8ef-4f3c-80b1-66a07c6e3dcd, raftlog=c07977b7-c8ef-4f3c-80b1-66a07c6e3dcd@group-C2BDBBDF155D-SegmentedRaftLog:OPENED:c-1,f-1,i0, conf=-1: [d81605c5-54b3-45a8-b5ae-2e8d8890cbef:192.168.164.201:42755, 7f29c796-0732-402f-b865-67033766dcba:192.168.164.201:40704, c07977b7-c8ef-4f3c-80b1-66a07c6e3dcd:192.168.164.201:38664], old=null
2019-10-17 20:28:43,093 [c07977b7-c8ef-4f3c-80b1-66a07c6e3dcd@group-C2BDBBDF155D-LeaderElection178] INFO  impl.RaftServerImpl (RaftServerImpl.java:setRole(184)) - c07977b7-c8ef-4f3c-80b1-66a07c6e3dcd@group-C2BDBBDF155D: changes role from CANDIDATE to FOLLOWER at term 156 for DISCOVERED_A_NEW_TERM
2019-10-17 20:28:43,095 [c07977b7-c8ef-4f3c-80b1-66a07c6e3dcd@group-C2BDBBDF155D-LeaderElection178] INFO  impl.RoleInfo (RoleInfo.java:shutdownLeaderElection(134)) - c07977b7-c8ef-4f3c-80b1-66a07c6e3dcd: shutdown LeaderElection
2019-10-17 20:28:43,096 [c07977b7-c8ef-4f3c-80b1-66a07c6e3dcd@group-C2BDBBDF155D-LeaderElection178] INFO  impl.RoleInfo (RoleInfo.java:updateAndGet(143)) - c07977b7-c8ef-4f3c-80b1-66a07c6e3dcd: start FollowerState
2019-10-17 20:28:43,198 [Thread-1976] INFO  impl.FollowerState (FollowerState.java:run(108)) - c07977b7-c8ef-4f3c-80b1-66a07c6e3dcd@group-C2BDBBDF155D-FollowerState: change to CANDIDATE, lastRpcTime:102ms, electionTimeout:102ms
2019-10-17 20:28:43,198 [Thread-1976] INFO  impl.RoleInfo (RoleInfo.java:shutdownFollowerState(121)) - c07977b7-c8ef-4f3c-80b1-66a07c6e3dcd: shutdown FollowerState
2019-10-17 20:28:43,199 [Thread-1976] INFO  impl.RaftServerImpl (RaftServerImpl.java:setRole(184)) - c07977b7-c8ef-4f3c-80b1-66a07c6e3dcd@group-C2BDBBDF155D: changes role from  FOLLOWER to CANDIDATE at term 156 for changeToCandidate
2019-10-17 20:28:43,199 [Thread-1976] INFO  impl.RoleInfo (RoleInfo.java:updateAndGet(143)) - c07977b7-c8ef-4f3c-80b1-66a07c6e3dcd: start LeaderElection
2019-10-17 20:28:43,225 [c07977b7-c8ef-4f3c-80b1-66a07c6e3dcd@group-C2BDBBDF155D-LeaderElection179] INFO  impl.LeaderElection (LeaderElection.java:askForVotes(178)) - c07977b7-c8ef-4f3c-80b1-66a07c6e3dcd@group-C2BDBBDF155D-LeaderElection179: begin an election at term 157 for -1: [d81605c5-54b3-45a8-b5ae-2e8d8890cbef:192.168.164.201:42755, 7f29c796-0732-402f-b865-67033766dcba:192.168.164.201:40704, c07977b7-c8ef-4f3c-80b1-66a07c6e3dcd:192.168.164.201:38664], old=null
2019-10-17 20:28:43,228 [grpc-default-executor-4] INFO  impl.RaftServerImpl (RaftServerImpl.java:setRole(184)) - d81605c5-54b3-45a8-b5ae-2e8d8890cbef@group-C2BDBBDF155D: changes role from  FOLLOWER to FOLLOWER at term 157 for recognizeCandidate:c07977b7-c8ef-4f3c-80b1-66a07c6e3dcd
2019-10-17 20:28:43,228 [grpc-default-executor-4] INFO  impl.RoleInfo (RoleInfo.java:shutdownFollowerState(121)) - d81605c5-54b3-45a8-b5ae-2e8d8890cbef: shutdown FollowerState
2019-10-17 20:28:43,228 [grpc-default-executor-2] INFO  impl.RaftServerImpl (RaftServerImpl.java:setRole(184)) - 7f29c796-0732-402f-b865-67033766dcba@group-C2BDBBDF155D: changes role from  FOLLOWER to FOLLOWER at term 157 for recognizeCandidate:c07977b7-c8ef-4f3c-80b1-66a07c6e3dcd
2019-10-17 20:28:43,229 [grpc-default-executor-4] INFO  impl.RoleInfo (RoleInfo.java:updateAndGet(143)) - d81605c5-54b3-45a8-b5ae-2e8d8890cbef: start FollowerState
2019-10-17 20:28:43,229 [Thread-1975] INFO  impl.FollowerState (FollowerState.java:run(117)) - d81605c5-54b3-45a8-b5ae-2e8d8890cbef@group-C2BDBBDF155D-FollowerState was interrupted: java.lang.InterruptedException: sleep interrupted
2019-10-17 20:28:43,229 [grpc-default-executor-2] INFO  impl.RoleInfo (RoleInfo.java:shutdownFollowerState(121)) - 7f29c796-0732-402f-b865-67033766dcba: shutdown FollowerState
2019-10-17 20:28:43,229 [grpc-default-executor-2] INFO  impl.RoleInfo (RoleInfo.java:updateAndGet(143)) - 7f29c796-0732-402f-b865-67033766dcba: start FollowerState
2019-10-17 20:28:43,229 [Thread-1974] INFO  impl.FollowerState (FollowerState.java:run(117)) - 7f29c796-0732-402f-b865-67033766dcba@group-C2BDBBDF155D-FollowerState was interrupted: java.lang.InterruptedException: sleep interrupted
2019-10-17 20:28:43,252 [c07977b7-c8ef-4f3c-80b1-66a07c6e3dcd@group-C2BDBBDF155D-LeaderElection179] INFO  impl.LeaderElection (LeaderElection.java:logAndReturn(56)) - c07977b7-c8ef-4f3c-80b1-66a07c6e3dcd@group-C2BDBBDF155D-LeaderElection179: Election REJECTED; received 2 response(s) [c07977b7-c8ef-4f3c-80b1-66a07c6e3dcd<-d81605c5-54b3-45a8-b5ae-2e8d8890cbef#0:FAIL-t157, c07977b7-c8ef-4f3c-80b1-66a07c6e3dcd<-7f29c796-0732-402f-b865-67033766dcba#0:FAIL-t157] and 0 exception(s); c07977b7-c8ef-4f3c-80b1-66a07c6e3dcd@group-C2BDBBDF155D:t157, leader=null, voted=c07977b7-c8ef-4f3c-80b1-66a07c6e3dcd, raftlog=c07977b7-c8ef-4f3c-80b1-66a07c6e3dcd@group-C2BDBBDF155D-SegmentedRaftLog:OPENED:c-1,f-1,i0, conf=-1: [d81605c5-54b3-45a8-b5ae-2e8d8890cbef:192.168.164.201:42755, 7f29c796-0732-402f-b865-67033766dcba:192.168.164.201:40704, c07977b7-c8ef-4f3c-80b1-66a07c6e3dcd:192.168.164.201:38664], old=null
2019-10-17 20:28:43,252 [c07977b7-c8ef-4f3c-80b1-66a07c6e3dcd@group-C2BDBBDF155D-LeaderElection179] INFO  impl.RaftServerImpl (RaftServerImpl.java:setRole(184)) - c07977b7-c8ef-4f3c-80b1-66a07c6e3dcd@group-C2BDBBDF155D: changes role from CANDIDATE to FOLLOWER at term 157 for DISCOVERED_A_NEW_TERM
2019-10-17 20:28:43,252 [c07977b7-c8ef-4f3c-80b1-66a07c6e3dcd@group-C2BDBBDF155D-LeaderElection179] INFO  impl.RoleInfo (RoleInfo.java:shutdownLeaderElection(134)) - c07977b7-c8ef-4f3c-80b1-66a07c6e3dcd: shutdown LeaderElection
2019-10-17 20:28:43,252 [c07977b7-c8ef-4f3c-80b1-66a07c6e3dcd@group-C2BDBBDF155D-LeaderElection179] INFO  impl.RoleInfo (RoleInfo.java:updateAndGet(143)) - c07977b7-c8ef-4f3c-80b1-66a07c6e3dcd: start FollowerState
2019-10-17 20:28:43,417 [Thread-1982] INFO  impl.FollowerState (FollowerState.java:run(108)) - c07977b7-c8ef-4f3c-80b1-66a07c6e3dcd@group-C2BDBBDF155D-FollowerState: change to CANDIDATE, lastRpcTime:165ms, electionTimeout:165ms
2019-10-17 20:28:43,418 [Thread-1982] INFO  impl.RoleInfo (RoleInfo.java:shutdownFollowerState(121)) - c07977b7-c8ef-4f3c-80b1-66a07c6e3dcd: shutdown FollowerState
2019-10-17 20:28:43,418 [Thread-1982] INFO  impl.RaftServerImpl (RaftServerImpl.java:setRole(184)) - c07977b7-c8ef-4f3c-80b1-66a07c6e3dcd@group-C2BDBBDF155D: changes role from  FOLLOWER to CANDIDATE at term 157 for changeToCandidate
2019-10-17 20:28:43,418 [Thread-1982] INFO  impl.RoleInfo (RoleInfo.java:updateAndGet(143)) - c07977b7-c8ef-4f3c-80b1-66a07c6e3dcd: start LeaderElection
2019-10-17 20:28:43,443 [c07977b7-c8ef-4f3c-80b1-66a07c6e3dcd@group-C2BDBBDF155D-LeaderElection180] INFO  impl.LeaderElection (LeaderElection.java:askForVotes(178)) - c07977b7-c8ef-4f3c-80b1-66a07c6e3dcd@group-C2BDBBDF155D-LeaderElection180: begin an election at term 158 for -1: [d81605c5-54b3-45a8-b5ae-2e8d8890cbef:192.168.164.201:42755, 7f29c796-0732-402f-b865-67033766dcba:192.168.164.201:40704, c07977b7-c8ef-4f3c-80b1-66a07c6e3dcd:192.168.164.201:38664], old=null
2019-10-17 20:28:43,445 [grpc-default-executor-4] INFO  impl.RaftServerImpl (RaftServerImpl.java:setRole(184)) - 7f29c796-0732-402f-b865-67033766dcba@group-C2BDBBDF155D: changes role from  FOLLOWER to FOLLOWER at term 158 for recognizeCandidate:c07977b7-c8ef-4f3c-80b1-66a07c6e3dcd
2019-10-17 20:28:43,445 [grpc-default-executor-4] INFO  impl.RoleInfo (RoleInfo.java:shutdownFollowerState(121)) - 7f29c796-0732-402f-b865-67033766dcba: shutdown FollowerState
2019-10-17 20:28:43,445 [grpc-default-executor-4] INFO  impl.RoleInfo (RoleInfo.java:updateAndGet(143)) - 7f29c796-0732-402f-b865-67033766dcba: start FollowerState
2019-10-17 20:28:43,445 [Thread-1981] INFO  impl.FollowerState (FollowerState.java:run(117)) - 7f29c796-0732-402f-b865-67033766dcba@group-C2BDBBDF155D-FollowerState was interrupted: java.lang.InterruptedException: sleep interrupted
2019-10-17 20:28:43,445 [grpc-default-executor-2] INFO  impl.RaftServerImpl (RaftServerImpl.java:setRole(184)) - d81605c5-54b3-45a8-b5ae-2e8d8890cbef@group-C2BDBBDF155D: changes role from  FOLLOWER to FOLLOWER at term 158 for recognizeCandidate:c07977b7-c8ef-4f3c-80b1-66a07c6e3dcd
2019-10-17 20:28:43,446 [grpc-default-executor-2] INFO  impl.RoleInfo (RoleInfo.java:shutdownFollowerState(121)) - d81605c5-54b3-45a8-b5ae-2e8d8890cbef: shutdown FollowerState
2019-10-17 20:28:43,446 [grpc-default-executor-2] INFO  impl.RoleInfo (RoleInfo.java:updateAndGet(143)) - d81605c5-54b3-45a8-b5ae-2e8d8890cbef: start FollowerState
2019-10-17 20:28:43,446 [Thread-1980] INFO  impl.FollowerState (FollowerState.java:run(117)) - d81605c5-54b3-45a8-b5ae-2e8d8890cbef@group-C2BDBBDF155D-FollowerState was interrupted: java.lang.InterruptedException: sleep interrupted
2019-10-17 20:28:43,469 [c07977b7-c8ef-4f3c-80b1-66a07c6e3dcd@group-C2BDBBDF155D-LeaderElection180] INFO  impl.LeaderElection (LeaderElection.java:logAndReturn(56)) - c07977b7-c8ef-4f3c-80b1-66a07c6e3dcd@group-C2BDBBDF155D-LeaderElection180: Election REJECTED; received 2 response(s) [c07977b7-c8ef-4f3c-80b1-66a07c6e3dcd<-d81605c5-54b3-45a8-b5ae-2e8d8890cbef#0:FAIL-t158, c07977b7-c8ef-4f3c-80b1-66a07c6e3dcd<-7f29c796-0732-402f-b865-67033766dcba#0:FAIL-t158] and 0 exception(s); c07977b7-c8ef-4f3c-80b1-66a07c6e3dcd@group-C2BDBBDF155D:t158, leader=null, voted=c07977b7-c8ef-4f3c-80b1-66a07c6e3dcd, raftlog=c07977b7-c8ef-4f3c-80b1-66a07c6e3dcd@group-C2BDBBDF155D-SegmentedRaftLog:OPENED:c-1,f-1,i0, conf=-1: [d81605c5-54b3-45a8-b5ae-2e8d8890cbef:192.168.164.201:42755, 7f29c796-0732-402f-b865-67033766dcba:192.168.164.201:40704, c07977b7-c8ef-4f3c-80b1-66a07c6e3dcd:192.168.164.201:38664], old=null
2019-10-17 20:28:43,469 [c07977b7-c8ef-4f3c-80b1-66a07c6e3dcd@group-C2BDBBDF155D-LeaderElection180] INFO  impl.RaftServerImpl (RaftServerImpl.java:setRole(184)) - c07977b7-c8ef-4f3c-80b1-66a07c6e3dcd@group-C2BDBBDF155D: changes role from CANDIDATE to FOLLOWER at term 158 for DISCOVERED_A_NEW_TERM
2019-10-17 20:28:43,469 [c07977b7-c8ef-4f3c-80b1-66a07c6e3dcd@group-C2BDBBDF155D-LeaderElection180] INFO  impl.RoleInfo (RoleInfo.java:shutdownLeaderElection(134)) - c07977b7-c8ef-4f3c-80b1-66a07c6e3dcd: shutdown LeaderElection
2019-10-17 20:28:43,469 [c07977b7-c8ef-4f3c-80b1-66a07c6e3dcd@group-C2BDBBDF155D-LeaderElection180] INFO  impl.RoleInfo (RoleInfo.java:updateAndGet(143)) - c07977b7-c8ef-4f3c-80b1-66a07c6e3dcd: start FollowerState
2019-10-17 20:28:43,540 [Thread-754] INFO  ozone.MiniOzoneClusterImpl (MiniOzoneClusterImpl.java:lambda$waitForClusterToBeReady$2(164)) - Waiting for 1 number of pipelines out of 4, to report a leader.
2019-10-17 20:28:43,631 [Thread-1988] INFO  impl.FollowerState (FollowerState.java:run(108)) - c07977b7-c8ef-4f3c-80b1-66a07c6e3dcd@group-C2BDBBDF155D-FollowerState: change to CANDIDATE, lastRpcTime:161ms, electionTimeout:161ms
2019-10-17 20:28:43,631 [Thread-1988] INFO  impl.RoleInfo (RoleInfo.java:shutdownFollowerState(121)) - c07977b7-c8ef-4f3c-80b1-66a07c6e3dcd: shutdown FollowerState
2019-10-17 20:28:43,631 [Thread-1988] INFO  impl.RaftServerImpl (RaftServerImpl.java:setRole(184)) - c07977b7-c8ef-4f3c-80b1-66a07c6e3dcd@group-C2BDBBDF155D: changes role from  FOLLOWER to CANDIDATE at term 158 for changeToCandidate
2019-10-17 20:28:43,631 [Thread-1988] INFO  impl.RoleInfo (RoleInfo.java:updateAndGet(143)) - c07977b7-c8ef-4f3c-80b1-66a07c6e3dcd: start LeaderElection
2019-10-17 20:28:43,660 [c07977b7-c8ef-4f3c-80b1-66a07c6e3dcd@group-C2BDBBDF155D-LeaderElection181] INFO  impl.LeaderElection (LeaderElection.java:askForVotes(178)) - c07977b7-c8ef-4f3c-80b1-66a07c6e3dcd@group-C2BDBBDF155D-LeaderElection181: begin an election at term 159 for -1: [d81605c5-54b3-45a8-b5ae-2e8d8890cbef:192.168.164.201:42755, 7f29c796-0732-402f-b865-67033766dcba:192.168.164.201:40704, c07977b7-c8ef-4f3c-80b1-66a07c6e3dcd:192.168.164.201:38664], old=null
2019-10-17 20:28:43,662 [grpc-default-executor-4] INFO  impl.RaftServerImpl (RaftServerImpl.java:setRole(184)) - 7f29c796-0732-402f-b865-67033766dcba@group-C2BDBBDF155D: changes role from  FOLLOWER to FOLLOWER at term 159 for recognizeCandidate:c07977b7-c8ef-4f3c-80b1-66a07c6e3dcd
2019-10-17 20:28:43,662 [grpc-default-executor-2] INFO  impl.RaftServerImpl (RaftServerImpl.java:setRole(184)) - d81605c5-54b3-45a8-b5ae-2e8d8890cbef@group-C2BDBBDF155D: changes role from  FOLLOWER to FOLLOWER at term 159 for recognizeCandidate:c07977b7-c8ef-4f3c-80b1-66a07c6e3dcd
2019-10-17 20:28:43,663 [grpc-default-executor-2] INFO  impl.RoleInfo (RoleInfo.java:shutdownFollowerState(121)) - d81605c5-54b3-45a8-b5ae-2e8d8890cbef: shutdown FollowerState
2019-10-17 20:28:43,663 [grpc-default-executor-4] INFO  impl.RoleInfo (RoleInfo.java:shutdownFollowerState(121)) - 7f29c796-0732-402f-b865-67033766dcba: shutdown FollowerState
2019-10-17 20:28:43,663 [Thread-1987] INFO  impl.FollowerState (FollowerState.java:run(117)) - d81605c5-54b3-45a8-b5ae-2e8d8890cbef@group-C2BDBBDF155D-FollowerState was interrupted: java.lang.InterruptedException: sleep interrupted
2019-10-17 20:28:43,663 [grpc-default-executor-2] INFO  impl.RoleInfo (RoleInfo.java:updateAndGet(143)) - d81605c5-54b3-45a8-b5ae-2e8d8890cbef: start FollowerState
2019-10-17 20:28:43,663 [Thread-1986] INFO  impl.FollowerState (FollowerState.java:run(117)) - 7f29c796-0732-402f-b865-67033766dcba@group-C2BDBBDF155D-FollowerState was interrupted: java.lang.InterruptedException: sleep interrupted
2019-10-17 20:28:43,663 [grpc-default-executor-4] INFO  impl.RoleInfo (RoleInfo.java:updateAndGet(143)) - 7f29c796-0732-402f-b865-67033766dcba: start FollowerState
2019-10-17 20:28:43,686 [c07977b7-c8ef-4f3c-80b1-66a07c6e3dcd@group-C2BDBBDF155D-LeaderElection181] INFO  impl.LeaderElection (LeaderElection.java:logAndReturn(56)) - c07977b7-c8ef-4f3c-80b1-66a07c6e3dcd@group-C2BDBBDF155D-LeaderElection181: Election REJECTED; received 2 response(s) [c07977b7-c8ef-4f3c-80b1-66a07c6e3dcd<-d81605c5-54b3-45a8-b5ae-2e8d8890cbef#0:FAIL-t159, c07977b7-c8ef-4f3c-80b1-66a07c6e3dcd<-7f29c796-0732-402f-b865-67033766dcba#0:FAIL-t159] and 0 exception(s); c07977b7-c8ef-4f3c-80b1-66a07c6e3dcd@group-C2BDBBDF155D:t159, leader=null, voted=c07977b7-c8ef-4f3c-80b1-66a07c6e3dcd, raftlog=c07977b7-c8ef-4f3c-80b1-66a07c6e3dcd@group-C2BDBBDF155D-SegmentedRaftLog:OPENED:c-1,f-1,i0, conf=-1: [d81605c5-54b3-45a8-b5ae-2e8d8890cbef:192.168.164.201:42755, 7f29c796-0732-402f-b865-67033766dcba:192.168.164.201:40704, c07977b7-c8ef-4f3c-80b1-66a07c6e3dcd:192.168.164.201:38664], old=null
2019-10-17 20:28:43,687 [c07977b7-c8ef-4f3c-80b1-66a07c6e3dcd@group-C2BDBBDF155D-LeaderElection181] INFO  impl.RaftServerImpl (RaftServerImpl.java:setRole(184)) - c07977b7-c8ef-4f3c-80b1-66a07c6e3dcd@group-C2BDBBDF155D: changes role from CANDIDATE to FOLLOWER at term 159 for DISCOVERED_A_NEW_TERM
2019-10-17 20:28:43,687 [c07977b7-c8ef-4f3c-80b1-66a07c6e3dcd@group-C2BDBBDF155D-LeaderElection181] INFO  impl.RoleInfo (RoleInfo.java:shutdownLeaderElection(134)) - c07977b7-c8ef-4f3c-80b1-66a07c6e3dcd: shutdown LeaderElection
2019-10-17 20:28:43,687 [c07977b7-c8ef-4f3c-80b1-66a07c6e3dcd@group-C2BDBBDF155D-LeaderElection181] INFO  impl.RoleInfo (RoleInfo.java:updateAndGet(143)) - c07977b7-c8ef-4f3c-80b1-66a07c6e3dcd: start FollowerState
2019-10-17 20:28:43,778 [Thread-1994] INFO  impl.FollowerState (FollowerState.java:run(108)) - c07977b7-c8ef-4f3c-80b1-66a07c6e3dcd@group-C2BDBBDF155D-FollowerState: change to CANDIDATE, lastRpcTime:91ms, electionTimeout:91ms
2019-10-17 20:28:43,779 [Thread-1994] INFO  impl.RoleInfo (RoleInfo.java:shutdownFollowerState(121)) - c07977b7-c8ef-4f3c-80b1-66a07c6e3dcd: shutdown FollowerState
2019-10-17 20:28:43,779 [Thread-1994] INFO  impl.RaftServerImpl (RaftServerImpl.java:setRole(184)) - c07977b7-c8ef-4f3c-80b1-66a07c6e3dcd@group-C2BDBBDF155D: changes role from  FOLLOWER to CANDIDATE at term 159 for changeToCandidate
2019-10-17 20:28:43,779 [Thread-1994] INFO  impl.RoleInfo (RoleInfo.java:updateAndGet(143)) - c07977b7-c8ef-4f3c-80b1-66a07c6e3dcd: start LeaderElection
2019-10-17 20:28:43,803 [c07977b7-c8ef-4f3c-80b1-66a07c6e3dcd@group-C2BDBBDF155D-LeaderElection182] INFO  impl.LeaderElection (LeaderElection.java:askForVotes(178)) - c07977b7-c8ef-4f3c-80b1-66a07c6e3dcd@group-C2BDBBDF155D-LeaderElection182: begin an election at term 160 for -1: [d81605c5-54b3-45a8-b5ae-2e8d8890cbef:192.168.164.201:42755, 7f29c796-0732-402f-b865-67033766dcba:192.168.164.201:40704, c07977b7-c8ef-4f3c-80b1-66a07c6e3dcd:192.168.164.201:38664], old=null
2019-10-17 20:28:43,806 [grpc-default-executor-4] INFO  impl.RaftServerImpl (RaftServerImpl.java:setRole(184)) - 7f29c796-0732-402f-b865-67033766dcba@group-C2BDBBDF155D: changes role from  FOLLOWER to FOLLOWER at term 160 for recognizeCandidate:c07977b7-c8ef-4f3c-80b1-66a07c6e3dcd
2019-10-17 20:28:43,806 [grpc-default-executor-2] INFO  impl.RaftServerImpl (RaftServerImpl.java:setRole(184)) - d81605c5-54b3-45a8-b5ae-2e8d8890cbef@group-C2BDBBDF155D: changes role from  FOLLOWER to FOLLOWER at term 160 for recognizeCandidate:c07977b7-c8ef-4f3c-80b1-66a07c6e3dcd
2019-10-17 20:28:43,806 [grpc-default-executor-2] INFO  impl.RoleInfo (RoleInfo.java:shutdownFollowerState(121)) - d81605c5-54b3-45a8-b5ae-2e8d8890cbef: shutdown FollowerState
2019-10-17 20:28:43,806 [grpc-default-executor-4] INFO  impl.RoleInfo (RoleInfo.java:shutdownFollowerState(121)) - 7f29c796-0732-402f-b865-67033766dcba: shutdown FollowerState
2019-10-17 20:28:43,807 [Thread-1992] INFO  impl.FollowerState (FollowerState.java:run(117)) - d81605c5-54b3-45a8-b5ae-2e8d8890cbef@group-C2BDBBDF155D-FollowerState was interrupted: java.lang.InterruptedException: sleep interrupted
2019-10-17 20:28:43,807 [grpc-default-executor-2] INFO  impl.RoleInfo (RoleInfo.java:updateAndGet(143)) - d81605c5-54b3-45a8-b5ae-2e8d8890cbef: start FollowerState
2019-10-17 20:28:43,807 [Thread-1993] INFO  impl.FollowerState (FollowerState.java:run(117)) - 7f29c796-0732-402f-b865-67033766dcba@group-C2BDBBDF155D-FollowerState was interrupted: java.lang.InterruptedException: sleep interrupted
2019-10-17 20:28:43,807 [grpc-default-executor-4] INFO  impl.RoleInfo (RoleInfo.java:updateAndGet(143)) - 7f29c796-0732-402f-b865-67033766dcba: start FollowerState
2019-10-17 20:28:43,815 [c07977b7-c8ef-4f3c-80b1-66a07c6e3dcd@group-C2BDBBDF155D-LeaderElection182] INFO  impl.LeaderElection (LeaderElection.java:logAndReturn(56)) - c07977b7-c8ef-4f3c-80b1-66a07c6e3dcd@group-C2BDBBDF155D-LeaderElection182: Election TIMEOUT; received 0 response(s) [] and 0 exception(s); c07977b7-c8ef-4f3c-80b1-66a07c6e3dcd@group-C2BDBBDF155D:t160, leader=null, voted=c07977b7-c8ef-4f3c-80b1-66a07c6e3dcd, raftlog=c07977b7-c8ef-4f3c-80b1-66a07c6e3dcd@group-C2BDBBDF155D-SegmentedRaftLog:OPENED:c-1,f-1,i0, conf=-1: [d81605c5-54b3-45a8-b5ae-2e8d8890cbef:192.168.164.201:42755, 7f29c796-0732-402f-b865-67033766dcba:192.168.164.201:40704, c07977b7-c8ef-4f3c-80b1-66a07c6e3dcd:192.168.164.201:38664], old=null
2019-10-17 20:28:43,836 [c07977b7-c8ef-4f3c-80b1-66a07c6e3dcd@group-C2BDBBDF155D-LeaderElection182] INFO  impl.LeaderElection (LeaderElection.java:askForVotes(178)) - c07977b7-c8ef-4f3c-80b1-66a07c6e3dcd@group-C2BDBBDF155D-LeaderElection182: begin an election at term 161 for -1: [d81605c5-54b3-45a8-b5ae-2e8d8890cbef:192.168.164.201:42755, 7f29c796-0732-402f-b865-67033766dcba:192.168.164.201:40704, c07977b7-c8ef-4f3c-80b1-66a07c6e3dcd:192.168.164.201:38664], old=null
2019-10-17 20:28:43,840 [grpc-default-executor-4] INFO  impl.RaftServerImpl (RaftServerImpl.java:setRole(184)) - d81605c5-54b3-45a8-b5ae-2e8d8890cbef@group-C2BDBBDF155D: changes role from  FOLLOWER to FOLLOWER at term 161 for recognizeCandidate:c07977b7-c8ef-4f3c-80b1-66a07c6e3dcd
2019-10-17 20:28:43,840 [grpc-default-executor-2] INFO  impl.RaftServerImpl (RaftServerImpl.java:setRole(184)) - 7f29c796-0732-402f-b865-67033766dcba@group-C2BDBBDF155D: changes role from  FOLLOWER to FOLLOWER at term 161 for recognizeCandidate:c07977b7-c8ef-4f3c-80b1-66a07c6e3dcd
2019-10-17 20:28:43,840 [grpc-default-executor-2] INFO  impl.RoleInfo (RoleInfo.java:shutdownFollowerState(121)) - 7f29c796-0732-402f-b865-67033766dcba: shutdown FollowerState
2019-10-17 20:28:43,840 [grpc-default-executor-4] INFO  impl.RoleInfo (RoleInfo.java:shutdownFollowerState(121)) - d81605c5-54b3-45a8-b5ae-2e8d8890cbef: shutdown FollowerState
2019-10-17 20:28:43,840 [Thread-1999] INFO  impl.FollowerState (FollowerState.java:run(117)) - 7f29c796-0732-402f-b865-67033766dcba@group-C2BDBBDF155D-FollowerState was interrupted: java.lang.InterruptedException: sleep interrupted
2019-10-17 20:28:43,840 [grpc-default-executor-2] INFO  impl.RoleInfo (RoleInfo.java:updateAndGet(143)) - 7f29c796-0732-402f-b865-67033766dcba: start FollowerState
2019-10-17 20:28:43,841 [grpc-default-executor-4] INFO  impl.RoleInfo (RoleInfo.java:updateAndGet(143)) - d81605c5-54b3-45a8-b5ae-2e8d8890cbef: start FollowerState
2019-10-17 20:28:43,841 [Thread-1998] INFO  impl.FollowerState (FollowerState.java:run(117)) - d81605c5-54b3-45a8-b5ae-2e8d8890cbef@group-C2BDBBDF155D-FollowerState was interrupted: java.lang.InterruptedException: sleep interrupted
2019-10-17 20:28:43,871 [c07977b7-c8ef-4f3c-80b1-66a07c6e3dcd@group-C2BDBBDF155D-LeaderElection182] INFO  impl.LeaderElection (LeaderElection.java:logAndReturn(56)) - c07977b7-c8ef-4f3c-80b1-66a07c6e3dcd@group-C2BDBBDF155D-LeaderElection182: Election REJECTED; received 2 response(s) [c07977b7-c8ef-4f3c-80b1-66a07c6e3dcd<-d81605c5-54b3-45a8-b5ae-2e8d8890cbef#0:FAIL-t161, c07977b7-c8ef-4f3c-80b1-66a07c6e3dcd<-7f29c796-0732-402f-b865-67033766dcba#0:FAIL-t161] and 0 exception(s); c07977b7-c8ef-4f3c-80b1-66a07c6e3dcd@group-C2BDBBDF155D:t161, leader=null, voted=c07977b7-c8ef-4f3c-80b1-66a07c6e3dcd, raftlog=c07977b7-c8ef-4f3c-80b1-66a07c6e3dcd@group-C2BDBBDF155D-SegmentedRaftLog:OPENED:c-1,f-1,i0, conf=-1: [d81605c5-54b3-45a8-b5ae-2e8d8890cbef:192.168.164.201:42755, 7f29c796-0732-402f-b865-67033766dcba:192.168.164.201:40704, c07977b7-c8ef-4f3c-80b1-66a07c6e3dcd:192.168.164.201:38664], old=null
2019-10-17 20:28:43,871 [c07977b7-c8ef-4f3c-80b1-66a07c6e3dcd@group-C2BDBBDF155D-LeaderElection182] INFO  impl.RaftServerImpl (RaftServerImpl.java:setRole(184)) - c07977b7-c8ef-4f3c-80b1-66a07c6e3dcd@group-C2BDBBDF155D: changes role from CANDIDATE to FOLLOWER at term 161 for DISCOVERED_A_NEW_TERM
2019-10-17 20:28:43,871 [c07977b7-c8ef-4f3c-80b1-66a07c6e3dcd@group-C2BDBBDF155D-LeaderElection182] INFO  impl.RoleInfo (RoleInfo.java:shutdownLeaderElection(134)) - c07977b7-c8ef-4f3c-80b1-66a07c6e3dcd: shutdown LeaderElection
2019-10-17 20:28:43,871 [c07977b7-c8ef-4f3c-80b1-66a07c6e3dcd@group-C2BDBBDF155D-LeaderElection182] INFO  impl.RoleInfo (RoleInfo.java:updateAndGet(143)) - c07977b7-c8ef-4f3c-80b1-66a07c6e3dcd: start FollowerState
2019-10-17 20:28:43,990 [Thread-2004] INFO  impl.FollowerState (FollowerState.java:run(108)) - c07977b7-c8ef-4f3c-80b1-66a07c6e3dcd@group-C2BDBBDF155D-FollowerState: change to CANDIDATE, lastRpcTime:118ms, electionTimeout:118ms
2019-10-17 20:28:43,990 [Thread-2004] INFO  impl.RoleInfo (RoleInfo.java:shutdownFollowerState(121)) - c07977b7-c8ef-4f3c-80b1-66a07c6e3dcd: shutdown FollowerState
2019-10-17 20:28:43,990 [Thread-2004] INFO  impl.RaftServerImpl (RaftServerImpl.java:setRole(184)) - c07977b7-c8ef-4f3c-80b1-66a07c6e3dcd@group-C2BDBBDF155D: changes role from  FOLLOWER to CANDIDATE at term 161 for changeToCandidate
2019-10-17 20:28:43,991 [Thread-2004] INFO  impl.RoleInfo (RoleInfo.java:updateAndGet(143)) - c07977b7-c8ef-4f3c-80b1-66a07c6e3dcd: start LeaderElection
2019-10-17 20:28:44,020 [c07977b7-c8ef-4f3c-80b1-66a07c6e3dcd@group-C2BDBBDF155D-LeaderElection183] INFO  impl.LeaderElection (LeaderElection.java:askForVotes(178)) - c07977b7-c8ef-4f3c-80b1-66a07c6e3dcd@group-C2BDBBDF155D-LeaderElection183: begin an election at term 162 for -1: [d81605c5-54b3-45a8-b5ae-2e8d8890cbef:192.168.164.201:42755, 7f29c796-0732-402f-b865-67033766dcba:192.168.164.201:40704, c07977b7-c8ef-4f3c-80b1-66a07c6e3dcd:192.168.164.201:38664], old=null
2019-10-17 20:28:44,024 [grpc-default-executor-4] INFO  impl.RaftServerImpl (RaftServerImpl.java:setRole(184)) - 7f29c796-0732-402f-b865-67033766dcba@group-C2BDBBDF155D: changes role from  FOLLOWER to FOLLOWER at term 162 for recognizeCandidate:c07977b7-c8ef-4f3c-80b1-66a07c6e3dcd
2019-10-17 20:28:44,024 [grpc-default-executor-4] INFO  impl.RoleInfo (RoleInfo.java:shutdownFollowerState(121)) - 7f29c796-0732-402f-b865-67033766dcba: shutdown FollowerState
2019-10-17 20:28:44,024 [grpc-default-executor-2] INFO  impl.RaftServerImpl (RaftServerImpl.java:setRole(184)) - d81605c5-54b3-45a8-b5ae-2e8d8890cbef@group-C2BDBBDF155D: changes role from  FOLLOWER to FOLLOWER at term 162 for recognizeCandidate:c07977b7-c8ef-4f3c-80b1-66a07c6e3dcd
2019-10-17 20:28:44,024 [Thread-2002] INFO  impl.FollowerState (FollowerState.java:run(117)) - 7f29c796-0732-402f-b865-67033766dcba@group-C2BDBBDF155D-FollowerState was interrupted: java.lang.InterruptedException: sleep interrupted
2019-10-17 20:28:44,024 [grpc-default-executor-4] INFO  impl.RoleInfo (RoleInfo.java:updateAndGet(143)) - 7f29c796-0732-402f-b865-67033766dcba: start FollowerState
2019-10-17 20:28:44,024 [grpc-default-executor-2] INFO  impl.RoleInfo (RoleInfo.java:shutdownFollowerState(121)) - d81605c5-54b3-45a8-b5ae-2e8d8890cbef: shutdown FollowerState
2019-10-17 20:28:44,025 [grpc-default-executor-2] INFO  impl.RoleInfo (RoleInfo.java:updateAndGet(143)) - d81605c5-54b3-45a8-b5ae-2e8d8890cbef: start FollowerState
2019-10-17 20:28:44,025 [Thread-2003] INFO  impl.FollowerState (FollowerState.java:run(117)) - d81605c5-54b3-45a8-b5ae-2e8d8890cbef@group-C2BDBBDF155D-FollowerState was interrupted: java.lang.InterruptedException: sleep interrupted
2019-10-17 20:28:44,047 [c07977b7-c8ef-4f3c-80b1-66a07c6e3dcd@group-C2BDBBDF155D-LeaderElection183] INFO  impl.LeaderElection (LeaderElection.java:logAndReturn(56)) - c07977b7-c8ef-4f3c-80b1-66a07c6e3dcd@group-C2BDBBDF155D-LeaderElection183: Election REJECTED; received 2 response(s) [c07977b7-c8ef-4f3c-80b1-66a07c6e3dcd<-d81605c5-54b3-45a8-b5ae-2e8d8890cbef#0:FAIL-t162, c07977b7-c8ef-4f3c-80b1-66a07c6e3dcd<-7f29c796-0732-402f-b865-67033766dcba#0:FAIL-t162] and 0 exception(s); c07977b7-c8ef-4f3c-80b1-66a07c6e3dcd@group-C2BDBBDF155D:t162, leader=null, voted=c07977b7-c8ef-4f3c-80b1-66a07c6e3dcd, raftlog=c07977b7-c8ef-4f3c-80b1-66a07c6e3dcd@group-C2BDBBDF155D-SegmentedRaftLog:OPENED:c-1,f-1,i0, conf=-1: [d81605c5-54b3-45a8-b5ae-2e8d8890cbef:192.168.164.201:42755, 7f29c796-0732-402f-b865-67033766dcba:192.168.164.201:40704, c07977b7-c8ef-4f3c-80b1-66a07c6e3dcd:192.168.164.201:38664], old=null
2019-10-17 20:28:44,047 [c07977b7-c8ef-4f3c-80b1-66a07c6e3dcd@group-C2BDBBDF155D-LeaderElection183] INFO  impl.RaftServerImpl (RaftServerImpl.java:setRole(184)) - c07977b7-c8ef-4f3c-80b1-66a07c6e3dcd@group-C2BDBBDF155D: changes role from CANDIDATE to FOLLOWER at term 162 for DISCOVERED_A_NEW_TERM
2019-10-17 20:28:44,047 [c07977b7-c8ef-4f3c-80b1-66a07c6e3dcd@group-C2BDBBDF155D-LeaderElection183] INFO  impl.RoleInfo (RoleInfo.java:shutdownLeaderElection(134)) - c07977b7-c8ef-4f3c-80b1-66a07c6e3dcd: shutdown LeaderElection
2019-10-17 20:28:44,047 [c07977b7-c8ef-4f3c-80b1-66a07c6e3dcd@group-C2BDBBDF155D-LeaderElection183] INFO  impl.RoleInfo (RoleInfo.java:updateAndGet(143)) - c07977b7-c8ef-4f3c-80b1-66a07c6e3dcd: start FollowerState
2019-10-17 20:28:44,117 [Thread-2010] INFO  impl.FollowerState (FollowerState.java:run(108)) - c07977b7-c8ef-4f3c-80b1-66a07c6e3dcd@group-C2BDBBDF155D-FollowerState: change to CANDIDATE, lastRpcTime:70ms, electionTimeout:70ms
2019-10-17 20:28:44,118 [Thread-2010] INFO  impl.RoleInfo (RoleInfo.java:shutdownFollowerState(121)) - c07977b7-c8ef-4f3c-80b1-66a07c6e3dcd: shutdown FollowerState
2019-10-17 20:28:44,118 [Thread-2010] INFO  impl.RaftServerImpl (RaftServerImpl.java:setRole(184)) - c07977b7-c8ef-4f3c-80b1-66a07c6e3dcd@group-C2BDBBDF155D: changes role from  FOLLOWER to CANDIDATE at term 162 for changeToCandidate
2019-10-17 20:28:44,118 [Thread-2010] INFO  impl.RoleInfo (RoleInfo.java:updateAndGet(143)) - c07977b7-c8ef-4f3c-80b1-66a07c6e3dcd: start LeaderElection
2019-10-17 20:28:44,146 [c07977b7-c8ef-4f3c-80b1-66a07c6e3dcd@group-C2BDBBDF155D-LeaderElection184] INFO  impl.LeaderElection (LeaderElection.java:askForVotes(178)) - c07977b7-c8ef-4f3c-80b1-66a07c6e3dcd@group-C2BDBBDF155D-LeaderElection184: begin an election at term 163 for -1: [d81605c5-54b3-45a8-b5ae-2e8d8890cbef:192.168.164.201:42755, 7f29c796-0732-402f-b865-67033766dcba:192.168.164.201:40704, c07977b7-c8ef-4f3c-80b1-66a07c6e3dcd:192.168.164.201:38664], old=null
2019-10-17 20:28:44,149 [grpc-default-executor-2] INFO  impl.RaftServerImpl (RaftServerImpl.java:setRole(184)) - 7f29c796-0732-402f-b865-67033766dcba@group-C2BDBBDF155D: changes role from  FOLLOWER to FOLLOWER at term 163 for recognizeCandidate:c07977b7-c8ef-4f3c-80b1-66a07c6e3dcd
2019-10-17 20:28:44,149 [grpc-default-executor-4] INFO  impl.RaftServerImpl (RaftServerImpl.java:setRole(184)) - d81605c5-54b3-45a8-b5ae-2e8d8890cbef@group-C2BDBBDF155D: changes role from  FOLLOWER to FOLLOWER at term 163 for recognizeCandidate:c07977b7-c8ef-4f3c-80b1-66a07c6e3dcd
2019-10-17 20:28:44,149 [grpc-default-executor-2] INFO  impl.RoleInfo (RoleInfo.java:shutdownFollowerState(121)) - 7f29c796-0732-402f-b865-67033766dcba: shutdown FollowerState
2019-10-17 20:28:44,149 [grpc-default-executor-4] INFO  impl.RoleInfo (RoleInfo.java:shutdownFollowerState(121)) - d81605c5-54b3-45a8-b5ae-2e8d8890cbef: shutdown FollowerState
2019-10-17 20:28:44,149 [Thread-2008] INFO  impl.FollowerState (FollowerState.java:run(117)) - 7f29c796-0732-402f-b865-67033766dcba@group-C2BDBBDF155D-FollowerState was interrupted: java.lang.InterruptedException: sleep interrupted
2019-10-17 20:28:44,149 [grpc-default-executor-2] INFO  impl.RoleInfo (RoleInfo.java:updateAndGet(143)) - 7f29c796-0732-402f-b865-67033766dcba: start FollowerState
2019-10-17 20:28:44,150 [Thread-2009] INFO  impl.FollowerState (FollowerState.java:run(117)) - d81605c5-54b3-45a8-b5ae-2e8d8890cbef@group-C2BDBBDF155D-FollowerState was interrupted: java.lang.InterruptedException: sleep interrupted
2019-10-17 20:28:44,149 [grpc-default-executor-4] INFO  impl.RoleInfo (RoleInfo.java:updateAndGet(143)) - d81605c5-54b3-45a8-b5ae-2e8d8890cbef: start FollowerState
2019-10-17 20:28:44,172 [c07977b7-c8ef-4f3c-80b1-66a07c6e3dcd@group-C2BDBBDF155D-LeaderElection184] INFO  impl.LeaderElection (LeaderElection.java:logAndReturn(56)) - c07977b7-c8ef-4f3c-80b1-66a07c6e3dcd@group-C2BDBBDF155D-LeaderElection184: Election REJECTED; received 2 response(s) [c07977b7-c8ef-4f3c-80b1-66a07c6e3dcd<-d81605c5-54b3-45a8-b5ae-2e8d8890cbef#0:FAIL-t163, c07977b7-c8ef-4f3c-80b1-66a07c6e3dcd<-7f29c796-0732-402f-b865-67033766dcba#0:FAIL-t163] and 0 exception(s); c07977b7-c8ef-4f3c-80b1-66a07c6e3dcd@group-C2BDBBDF155D:t163, leader=null, voted=c07977b7-c8ef-4f3c-80b1-66a07c6e3dcd, raftlog=c07977b7-c8ef-4f3c-80b1-66a07c6e3dcd@group-C2BDBBDF155D-SegmentedRaftLog:OPENED:c-1,f-1,i0, conf=-1: [d81605c5-54b3-45a8-b5ae-2e8d8890cbef:192.168.164.201:42755, 7f29c796-0732-402f-b865-67033766dcba:192.168.164.201:40704, c07977b7-c8ef-4f3c-80b1-66a07c6e3dcd:192.168.164.201:38664], old=null
2019-10-17 20:28:44,173 [c07977b7-c8ef-4f3c-80b1-66a07c6e3dcd@group-C2BDBBDF155D-LeaderElection184] INFO  impl.RaftServerImpl (RaftServerImpl.java:setRole(184)) - c07977b7-c8ef-4f3c-80b1-66a07c6e3dcd@group-C2BDBBDF155D: changes role from CANDIDATE to FOLLOWER at term 163 for DISCOVERED_A_NEW_TERM
2019-10-17 20:28:44,173 [c07977b7-c8ef-4f3c-80b1-66a07c6e3dcd@group-C2BDBBDF155D-LeaderElection184] INFO  impl.RoleInfo (RoleInfo.java:shutdownLeaderElection(134)) - c07977b7-c8ef-4f3c-80b1-66a07c6e3dcd: shutdown LeaderElection
2019-10-17 20:28:44,173 [c07977b7-c8ef-4f3c-80b1-66a07c6e3dcd@group-C2BDBBDF155D-LeaderElection184] INFO  impl.RoleInfo (RoleInfo.java:updateAndGet(143)) - c07977b7-c8ef-4f3c-80b1-66a07c6e3dcd: start FollowerState
2019-10-17 20:28:44,340 [Thread-2016] INFO  impl.FollowerState (FollowerState.java:run(108)) - c07977b7-c8ef-4f3c-80b1-66a07c6e3dcd@group-C2BDBBDF155D-FollowerState: change to CANDIDATE, lastRpcTime:167ms, electionTimeout:167ms
2019-10-17 20:28:44,341 [Thread-2016] INFO  impl.RoleInfo (RoleInfo.java:shutdownFollowerState(121)) - c07977b7-c8ef-4f3c-80b1-66a07c6e3dcd: shutdown FollowerState
2019-10-17 20:28:44,341 [Thread-2016] INFO  impl.RaftServerImpl (RaftServerImpl.java:setRole(184)) - c07977b7-c8ef-4f3c-80b1-66a07c6e3dcd@group-C2BDBBDF155D: changes role from  FOLLOWER to CANDIDATE at term 163 for changeToCandidate
2019-10-17 20:28:44,341 [Thread-2016] INFO  impl.RoleInfo (RoleInfo.java:updateAndGet(143)) - c07977b7-c8ef-4f3c-80b1-66a07c6e3dcd: start LeaderElection
2019-10-17 20:28:44,372 [c07977b7-c8ef-4f3c-80b1-66a07c6e3dcd@group-C2BDBBDF155D-LeaderElection185] INFO  impl.LeaderElection (LeaderElection.java:askForVotes(178)) - c07977b7-c8ef-4f3c-80b1-66a07c6e3dcd@group-C2BDBBDF155D-LeaderElection185: begin an election at term 164 for -1: [d81605c5-54b3-45a8-b5ae-2e8d8890cbef:192.168.164.201:42755, 7f29c796-0732-402f-b865-67033766dcba:192.168.164.201:40704, c07977b7-c8ef-4f3c-80b1-66a07c6e3dcd:192.168.164.201:38664], old=null
2019-10-17 20:28:44,374 [grpc-default-executor-2] INFO  impl.RaftServerImpl (RaftServerImpl.java:setRole(184)) - d81605c5-54b3-45a8-b5ae-2e8d8890cbef@group-C2BDBBDF155D: changes role from  FOLLOWER to FOLLOWER at term 164 for recognizeCandidate:c07977b7-c8ef-4f3c-80b1-66a07c6e3dcd
2019-10-17 20:28:44,375 [grpc-default-executor-2] INFO  impl.RoleInfo (RoleInfo.java:shutdownFollowerState(121)) - d81605c5-54b3-45a8-b5ae-2e8d8890cbef: shutdown FollowerState
2019-10-17 20:28:44,375 [grpc-default-executor-4] INFO  impl.RaftServerImpl (RaftServerImpl.java:setRole(184)) - 7f29c796-0732-402f-b865-67033766dcba@group-C2BDBBDF155D: changes role from  FOLLOWER to FOLLOWER at term 164 for recognizeCandidate:c07977b7-c8ef-4f3c-80b1-66a07c6e3dcd
2019-10-17 20:28:44,375 [Thread-2015] INFO  impl.FollowerState (FollowerState.java:run(117)) - d81605c5-54b3-45a8-b5ae-2e8d8890cbef@group-C2BDBBDF155D-FollowerState was interrupted: java.lang.InterruptedException: sleep interrupted
2019-10-17 20:28:44,375 [grpc-default-executor-2] INFO  impl.RoleInfo (RoleInfo.java:updateAndGet(143)) - d81605c5-54b3-45a8-b5ae-2e8d8890cbef: start FollowerState
2019-10-17 20:28:44,375 [grpc-default-executor-4] INFO  impl.RoleInfo (RoleInfo.java:shutdownFollowerState(121)) - 7f29c796-0732-402f-b865-67033766dcba: shutdown FollowerState
2019-10-17 20:28:44,376 [grpc-default-executor-4] INFO  impl.RoleInfo (RoleInfo.java:updateAndGet(143)) - 7f29c796-0732-402f-b865-67033766dcba: start FollowerState
2019-10-17 20:28:44,376 [Thread-2014] INFO  impl.FollowerState (FollowerState.java:run(117)) - 7f29c796-0732-402f-b865-67033766dcba@group-C2BDBBDF155D-FollowerState was interrupted: java.lang.InterruptedException: sleep interrupted
2019-10-17 20:28:44,395 [c07977b7-c8ef-4f3c-80b1-66a07c6e3dcd@group-C2BDBBDF155D-LeaderElection185] INFO  impl.LeaderElection (LeaderElection.java:logAndReturn(56)) - c07977b7-c8ef-4f3c-80b1-66a07c6e3dcd@group-C2BDBBDF155D-LeaderElection185: Election TIMEOUT; received 0 response(s) [] and 0 exception(s); c07977b7-c8ef-4f3c-80b1-66a07c6e3dcd@group-C2BDBBDF155D:t164, leader=null, voted=c07977b7-c8ef-4f3c-80b1-66a07c6e3dcd, raftlog=c07977b7-c8ef-4f3c-80b1-66a07c6e3dcd@group-C2BDBBDF155D-SegmentedRaftLog:OPENED:c-1,f-1,i0, conf=-1: [d81605c5-54b3-45a8-b5ae-2e8d8890cbef:192.168.164.201:42755, 7f29c796-0732-402f-b865-67033766dcba:192.168.164.201:40704, c07977b7-c8ef-4f3c-80b1-66a07c6e3dcd:192.168.164.201:38664], old=null
2019-10-17 20:28:44,415 [c07977b7-c8ef-4f3c-80b1-66a07c6e3dcd@group-C2BDBBDF155D-LeaderElection185] INFO  impl.LeaderElection (LeaderElection.java:askForVotes(178)) - c07977b7-c8ef-4f3c-80b1-66a07c6e3dcd@group-C2BDBBDF155D-LeaderElection185: begin an election at term 165 for -1: [d81605c5-54b3-45a8-b5ae-2e8d8890cbef:192.168.164.201:42755, 7f29c796-0732-402f-b865-67033766dcba:192.168.164.201:40704, c07977b7-c8ef-4f3c-80b1-66a07c6e3dcd:192.168.164.201:38664], old=null
2019-10-17 20:28:44,417 [grpc-default-executor-4] INFO  impl.RaftServerImpl (RaftServerImpl.java:setRole(184)) - 7f29c796-0732-402f-b865-67033766dcba@group-C2BDBBDF155D: changes role from  FOLLOWER to FOLLOWER at term 165 for recognizeCandidate:c07977b7-c8ef-4f3c-80b1-66a07c6e3dcd
2019-10-17 20:28:44,417 [grpc-default-executor-2] INFO  impl.RaftServerImpl (RaftServerImpl.java:setRole(184)) - d81605c5-54b3-45a8-b5ae-2e8d8890cbef@group-C2BDBBDF155D: changes role from  FOLLOWER to FOLLOWER at term 165 for recognizeCandidate:c07977b7-c8ef-4f3c-80b1-66a07c6e3dcd
2019-10-17 20:28:44,417 [grpc-default-executor-4] INFO  impl.RoleInfo (RoleInfo.java:shutdownFollowerState(121)) - 7f29c796-0732-402f-b865-67033766dcba: shutdown FollowerState
2019-10-17 20:28:44,417 [grpc-default-executor-2] INFO  impl.RoleInfo (RoleInfo.java:shutdownFollowerState(121)) - d81605c5-54b3-45a8-b5ae-2e8d8890cbef: shutdown FollowerState
2019-10-17 20:28:44,417 [grpc-default-executor-4] INFO  impl.RoleInfo (RoleInfo.java:updateAndGet(143)) - 7f29c796-0732-402f-b865-67033766dcba: start FollowerState
2019-10-17 20:28:44,417 [Thread-2021] INFO  impl.FollowerState (FollowerState.java:run(117)) - 7f29c796-0732-402f-b865-67033766dcba@group-C2BDBBDF155D-FollowerState was interrupted: java.lang.InterruptedException: sleep interrupted
2019-10-17 20:28:44,418 [Thread-2020] INFO  impl.FollowerState (FollowerState.java:run(117)) - d81605c5-54b3-45a8-b5ae-2e8d8890cbef@group-C2BDBBDF155D-FollowerState was interrupted: java.lang.InterruptedException: sleep interrupted
2019-10-17 20:28:44,418 [grpc-default-executor-2] INFO  impl.RoleInfo (RoleInfo.java:updateAndGet(143)) - d81605c5-54b3-45a8-b5ae-2e8d8890cbef: start FollowerState
2019-10-17 20:28:44,441 [c07977b7-c8ef-4f3c-80b1-66a07c6e3dcd@group-C2BDBBDF155D-LeaderElection185] INFO  impl.LeaderElection (LeaderElection.java:logAndReturn(56)) - c07977b7-c8ef-4f3c-80b1-66a07c6e3dcd@group-C2BDBBDF155D-LeaderElection185: Election REJECTED; received 2 response(s) [c07977b7-c8ef-4f3c-80b1-66a07c6e3dcd<-d81605c5-54b3-45a8-b5ae-2e8d8890cbef#0:FAIL-t165, c07977b7-c8ef-4f3c-80b1-66a07c6e3dcd<-7f29c796-0732-402f-b865-67033766dcba#0:FAIL-t165] and 0 exception(s); c07977b7-c8ef-4f3c-80b1-66a07c6e3dcd@group-C2BDBBDF155D:t165, leader=null, voted=c07977b7-c8ef-4f3c-80b1-66a07c6e3dcd, raftlog=c07977b7-c8ef-4f3c-80b1-66a07c6e3dcd@group-C2BDBBDF155D-SegmentedRaftLog:OPENED:c-1,f-1,i0, conf=-1: [d81605c5-54b3-45a8-b5ae-2e8d8890cbef:192.168.164.201:42755, 7f29c796-0732-402f-b865-67033766dcba:192.168.164.201:40704, c07977b7-c8ef-4f3c-80b1-66a07c6e3dcd:192.168.164.201:38664], old=null
2019-10-17 20:28:44,441 [c07977b7-c8ef-4f3c-80b1-66a07c6e3dcd@group-C2BDBBDF155D-LeaderElection185] INFO  impl.RaftServerImpl (RaftServerImpl.java:setRole(184)) - c07977b7-c8ef-4f3c-80b1-66a07c6e3dcd@group-C2BDBBDF155D: changes role from CANDIDATE to FOLLOWER at term 165 for DISCOVERED_A_NEW_TERM
2019-10-17 20:28:44,442 [c07977b7-c8ef-4f3c-80b1-66a07c6e3dcd@group-C2BDBBDF155D-LeaderElection185] INFO  impl.RoleInfo (RoleInfo.java:shutdownLeaderElection(134)) - c07977b7-c8ef-4f3c-80b1-66a07c6e3dcd: shutdown LeaderElection
2019-10-17 20:28:44,442 [c07977b7-c8ef-4f3c-80b1-66a07c6e3dcd@group-C2BDBBDF155D-LeaderElection185] INFO  impl.RoleInfo (RoleInfo.java:updateAndGet(143)) - c07977b7-c8ef-4f3c-80b1-66a07c6e3dcd: start FollowerState
2019-10-17 20:28:44,541 [Thread-754] INFO  ozone.MiniOzoneClusterImpl (MiniOzoneClusterImpl.java:lambda$waitForClusterToBeReady$2(164)) - Waiting for 1 number of pipelines out of 4, to report a leader.
2019-10-17 20:28:44,614 [Thread-2026] INFO  impl.FollowerState (FollowerState.java:run(108)) - c07977b7-c8ef-4f3c-80b1-66a07c6e3dcd@group-C2BDBBDF155D-FollowerState: change to CANDIDATE, lastRpcTime:172ms, electionTimeout:172ms
2019-10-17 20:28:44,615 [Thread-2026] INFO  impl.RoleInfo (RoleInfo.java:shutdownFollowerState(121)) - c07977b7-c8ef-4f3c-80b1-66a07c6e3dcd: shutdown FollowerState
2019-10-17 20:28:44,615 [Thread-2026] INFO  impl.RaftServerImpl (RaftServerImpl.java:setRole(184)) - c07977b7-c8ef-4f3c-80b1-66a07c6e3dcd@group-C2BDBBDF155D: changes role from  FOLLOWER to CANDIDATE at term 165 for changeToCandidate
2019-10-17 20:28:44,615 [Thread-2026] INFO  impl.RoleInfo (RoleInfo.java:updateAndGet(143)) - c07977b7-c8ef-4f3c-80b1-66a07c6e3dcd: start LeaderElection
2019-10-17 20:28:44,641 [c07977b7-c8ef-4f3c-80b1-66a07c6e3dcd@group-C2BDBBDF155D-LeaderElection186] INFO  impl.LeaderElection (LeaderElection.java:askForVotes(178)) - c07977b7-c8ef-4f3c-80b1-66a07c6e3dcd@group-C2BDBBDF155D-LeaderElection186: begin an election at term 166 for -1: [d81605c5-54b3-45a8-b5ae-2e8d8890cbef:192.168.164.201:42755, 7f29c796-0732-402f-b865-67033766dcba:192.168.164.201:40704, c07977b7-c8ef-4f3c-80b1-66a07c6e3dcd:192.168.164.201:38664], old=null
2019-10-17 20:28:44,644 [grpc-default-executor-2] INFO  impl.RaftServerImpl (RaftServerImpl.java:setRole(184)) - 7f29c796-0732-402f-b865-67033766dcba@group-C2BDBBDF155D: changes role from  FOLLOWER to FOLLOWER at term 166 for recognizeCandidate:c07977b7-c8ef-4f3c-80b1-66a07c6e3dcd
2019-10-17 20:28:44,644 [grpc-default-executor-2] INFO  impl.RoleInfo (RoleInfo.java:shutdownFollowerState(121)) - 7f29c796-0732-402f-b865-67033766dcba: shutdown FollowerState
2019-10-17 20:28:44,644 [grpc-default-executor-4] INFO  impl.RaftServerImpl (RaftServerImpl.java:setRole(184)) - d81605c5-54b3-45a8-b5ae-2e8d8890cbef@group-C2BDBBDF155D: changes role from  FOLLOWER to FOLLOWER at term 166 for recognizeCandidate:c07977b7-c8ef-4f3c-80b1-66a07c6e3dcd
2019-10-17 20:28:44,645 [Thread-2024] INFO  impl.FollowerState (FollowerState.java:run(117)) - 7f29c796-0732-402f-b865-67033766dcba@group-C2BDBBDF155D-FollowerState was interrupted: java.lang.InterruptedException: sleep interrupted
2019-10-17 20:28:44,645 [grpc-default-executor-2] INFO  impl.RoleInfo (RoleInfo.java:updateAndGet(143)) - 7f29c796-0732-402f-b865-67033766dcba: start FollowerState
2019-10-17 20:28:44,645 [grpc-default-executor-4] INFO  impl.RoleInfo (RoleInfo.java:shutdownFollowerState(121)) - d81605c5-54b3-45a8-b5ae-2e8d8890cbef: shutdown FollowerState
2019-10-17 20:28:44,645 [grpc-default-executor-4] INFO  impl.RoleInfo (RoleInfo.java:updateAndGet(143)) - d81605c5-54b3-45a8-b5ae-2e8d8890cbef: start FollowerState
2019-10-17 20:28:44,645 [Thread-2025] INFO  impl.FollowerState (FollowerState.java:run(117)) - d81605c5-54b3-45a8-b5ae-2e8d8890cbef@group-C2BDBBDF155D-FollowerState was interrupted: java.lang.InterruptedException: sleep interrupted
2019-10-17 20:28:44,667 [c07977b7-c8ef-4f3c-80b1-66a07c6e3dcd@group-C2BDBBDF155D-LeaderElection186] INFO  impl.LeaderElection (LeaderElection.java:logAndReturn(56)) - c07977b7-c8ef-4f3c-80b1-66a07c6e3dcd@group-C2BDBBDF155D-LeaderElection186: Election REJECTED; received 2 response(s) [c07977b7-c8ef-4f3c-80b1-66a07c6e3dcd<-d81605c5-54b3-45a8-b5ae-2e8d8890cbef#0:FAIL-t166, c07977b7-c8ef-4f3c-80b1-66a07c6e3dcd<-7f29c796-0732-402f-b865-67033766dcba#0:FAIL-t166] and 0 exception(s); c07977b7-c8ef-4f3c-80b1-66a07c6e3dcd@group-C2BDBBDF155D:t166, leader=null, voted=c07977b7-c8ef-4f3c-80b1-66a07c6e3dcd, raftlog=c07977b7-c8ef-4f3c-80b1-66a07c6e3dcd@group-C2BDBBDF155D-SegmentedRaftLog:OPENED:c-1,f-1,i0, conf=-1: [d81605c5-54b3-45a8-b5ae-2e8d8890cbef:192.168.164.201:42755, 7f29c796-0732-402f-b865-67033766dcba:192.168.164.201:40704, c07977b7-c8ef-4f3c-80b1-66a07c6e3dcd:192.168.164.201:38664], old=null
2019-10-17 20:28:44,667 [c07977b7-c8ef-4f3c-80b1-66a07c6e3dcd@group-C2BDBBDF155D-LeaderElection186] INFO  impl.RaftServerImpl (RaftServerImpl.java:setRole(184)) - c07977b7-c8ef-4f3c-80b1-66a07c6e3dcd@group-C2BDBBDF155D: changes role from CANDIDATE to FOLLOWER at term 166 for DISCOVERED_A_NEW_TERM
2019-10-17 20:28:44,668 [c07977b7-c8ef-4f3c-80b1-66a07c6e3dcd@group-C2BDBBDF155D-LeaderElection186] INFO  impl.RoleInfo (RoleInfo.java:shutdownLeaderElection(134)) - c07977b7-c8ef-4f3c-80b1-66a07c6e3dcd: shutdown LeaderElection
2019-10-17 20:28:44,668 [c07977b7-c8ef-4f3c-80b1-66a07c6e3dcd@group-C2BDBBDF155D-LeaderElection186] INFO  impl.RoleInfo (RoleInfo.java:updateAndGet(143)) - c07977b7-c8ef-4f3c-80b1-66a07c6e3dcd: start FollowerState
2019-10-17 20:28:44,808 [Thread-2032] INFO  impl.FollowerState (FollowerState.java:run(108)) - c07977b7-c8ef-4f3c-80b1-66a07c6e3dcd@group-C2BDBBDF155D-FollowerState: change to CANDIDATE, lastRpcTime:140ms, electionTimeout:140ms
2019-10-17 20:28:44,808 [Thread-2032] INFO  impl.RoleInfo (RoleInfo.java:shutdownFollowerState(121)) - c07977b7-c8ef-4f3c-80b1-66a07c6e3dcd: shutdown FollowerState
2019-10-17 20:28:44,809 [Thread-2032] INFO  impl.RaftServerImpl (RaftServerImpl.java:setRole(184)) - c07977b7-c8ef-4f3c-80b1-66a07c6e3dcd@group-C2BDBBDF155D: changes role from  FOLLOWER to CANDIDATE at term 166 for changeToCandidate
2019-10-17 20:28:44,809 [Thread-2032] INFO  impl.RoleInfo (RoleInfo.java:updateAndGet(143)) - c07977b7-c8ef-4f3c-80b1-66a07c6e3dcd: start LeaderElection
2019-10-17 20:28:44,833 [c07977b7-c8ef-4f3c-80b1-66a07c6e3dcd@group-C2BDBBDF155D-LeaderElection187] INFO  impl.LeaderElection (LeaderElection.java:askForVotes(178)) - c07977b7-c8ef-4f3c-80b1-66a07c6e3dcd@group-C2BDBBDF155D-LeaderElection187: begin an election at term 167 for -1: [d81605c5-54b3-45a8-b5ae-2e8d8890cbef:192.168.164.201:42755, 7f29c796-0732-402f-b865-67033766dcba:192.168.164.201:40704, c07977b7-c8ef-4f3c-80b1-66a07c6e3dcd:192.168.164.201:38664], old=null
2019-10-17 20:28:44,836 [grpc-default-executor-4] INFO  impl.RaftServerImpl (RaftServerImpl.java:setRole(184)) - d81605c5-54b3-45a8-b5ae-2e8d8890cbef@group-C2BDBBDF155D: changes role from  FOLLOWER to FOLLOWER at term 167 for recognizeCandidate:c07977b7-c8ef-4f3c-80b1-66a07c6e3dcd
2019-10-17 20:28:44,837 [grpc-default-executor-4] INFO  impl.RoleInfo (RoleInfo.java:shutdownFollowerState(121)) - d81605c5-54b3-45a8-b5ae-2e8d8890cbef: shutdown FollowerState
2019-10-17 20:28:44,837 [grpc-default-executor-2] INFO  impl.RaftServerImpl (RaftServerImpl.java:setRole(184)) - 7f29c796-0732-402f-b865-67033766dcba@group-C2BDBBDF155D: changes role from  FOLLOWER to FOLLOWER at term 167 for recognizeCandidate:c07977b7-c8ef-4f3c-80b1-66a07c6e3dcd
2019-10-17 20:28:44,837 [Thread-2031] INFO  impl.FollowerState (FollowerState.java:run(117)) - d81605c5-54b3-45a8-b5ae-2e8d8890cbef@group-C2BDBBDF155D-FollowerState was interrupted: java.lang.InterruptedException: sleep interrupted
2019-10-17 20:28:44,837 [grpc-default-executor-4] INFO  impl.RoleInfo (RoleInfo.java:updateAndGet(143)) - d81605c5-54b3-45a8-b5ae-2e8d8890cbef: start FollowerState
2019-10-17 20:28:44,837 [grpc-default-executor-2] INFO  impl.RoleInfo (RoleInfo.java:shutdownFollowerState(121)) - 7f29c796-0732-402f-b865-67033766dcba: shutdown FollowerState
2019-10-17 20:28:44,838 [grpc-default-executor-2] INFO  impl.RoleInfo (RoleInfo.java:updateAndGet(143)) - 7f29c796-0732-402f-b865-67033766dcba: start FollowerState
2019-10-17 20:28:44,838 [Thread-2030] INFO  impl.FollowerState (FollowerState.java:run(117)) - 7f29c796-0732-402f-b865-67033766dcba@group-C2BDBBDF155D-FollowerState was interrupted: java.lang.InterruptedException: sleep interrupted
2019-10-17 20:28:44,858 [c07977b7-c8ef-4f3c-80b1-66a07c6e3dcd@group-C2BDBBDF155D-LeaderElection187] INFO  impl.LeaderElection (LeaderElection.java:logAndReturn(56)) - c07977b7-c8ef-4f3c-80b1-66a07c6e3dcd@group-C2BDBBDF155D-LeaderElection187: Election TIMEOUT; received 0 response(s) [] and 0 exception(s); c07977b7-c8ef-4f3c-80b1-66a07c6e3dcd@group-C2BDBBDF155D:t167, leader=null, voted=c07977b7-c8ef-4f3c-80b1-66a07c6e3dcd, raftlog=c07977b7-c8ef-4f3c-80b1-66a07c6e3dcd@group-C2BDBBDF155D-SegmentedRaftLog:OPENED:c-1,f-1,i0, conf=-1: [d81605c5-54b3-45a8-b5ae-2e8d8890cbef:192.168.164.201:42755, 7f29c796-0732-402f-b865-67033766dcba:192.168.164.201:40704, c07977b7-c8ef-4f3c-80b1-66a07c6e3dcd:192.168.164.201:38664], old=null
2019-10-17 20:28:44,884 [c07977b7-c8ef-4f3c-80b1-66a07c6e3dcd@group-C2BDBBDF155D-LeaderElection187] INFO  impl.LeaderElection (LeaderElection.java:askForVotes(178)) - c07977b7-c8ef-4f3c-80b1-66a07c6e3dcd@group-C2BDBBDF155D-LeaderElection187: begin an election at term 168 for -1: [d81605c5-54b3-45a8-b5ae-2e8d8890cbef:192.168.164.201:42755, 7f29c796-0732-402f-b865-67033766dcba:192.168.164.201:40704, c07977b7-c8ef-4f3c-80b1-66a07c6e3dcd:192.168.164.201:38664], old=null
2019-10-17 20:28:44,886 [grpc-default-executor-2] INFO  impl.RaftServerImpl (RaftServerImpl.java:setRole(184)) - 7f29c796-0732-402f-b865-67033766dcba@group-C2BDBBDF155D: changes role from  FOLLOWER to FOLLOWER at term 168 for recognizeCandidate:c07977b7-c8ef-4f3c-80b1-66a07c6e3dcd
2019-10-17 20:28:44,886 [grpc-default-executor-2] INFO  impl.RoleInfo (RoleInfo.java:shutdownFollowerState(121)) - 7f29c796-0732-402f-b865-67033766dcba: shutdown FollowerState
2019-10-17 20:28:44,886 [grpc-default-executor-4] INFO  impl.RaftServerImpl (RaftServerImpl.java:setRole(184)) - d81605c5-54b3-45a8-b5ae-2e8d8890cbef@group-C2BDBBDF155D: changes role from  FOLLOWER to FOLLOWER at term 168 for recognizeCandidate:c07977b7-c8ef-4f3c-80b1-66a07c6e3dcd
2019-10-17 20:28:44,887 [Thread-2037] INFO  impl.FollowerState (FollowerState.java:run(117)) - 7f29c796-0732-402f-b865-67033766dcba@group-C2BDBBDF155D-FollowerState was interrupted: java.lang.InterruptedException: sleep interrupted
2019-10-17 20:28:44,887 [grpc-default-executor-2] INFO  impl.RoleInfo (RoleInfo.java:updateAndGet(143)) - 7f29c796-0732-402f-b865-67033766dcba: start FollowerState
2019-10-17 20:28:44,887 [grpc-default-executor-4] INFO  impl.RoleInfo (RoleInfo.java:shutdownFollowerState(121)) - d81605c5-54b3-45a8-b5ae-2e8d8890cbef: shutdown FollowerState
2019-10-17 20:28:44,887 [grpc-default-executor-4] INFO  impl.RoleInfo (RoleInfo.java:updateAndGet(143)) - d81605c5-54b3-45a8-b5ae-2e8d8890cbef: start FollowerState
2019-10-17 20:28:44,887 [Thread-2036] INFO  impl.FollowerState (FollowerState.java:run(117)) - d81605c5-54b3-45a8-b5ae-2e8d8890cbef@group-C2BDBBDF155D-FollowerState was interrupted: java.lang.InterruptedException: sleep interrupted
2019-10-17 20:28:44,910 [c07977b7-c8ef-4f3c-80b1-66a07c6e3dcd@group-C2BDBBDF155D-LeaderElection187] INFO  impl.LeaderElection (LeaderElection.java:logAndReturn(56)) - c07977b7-c8ef-4f3c-80b1-66a07c6e3dcd@group-C2BDBBDF155D-LeaderElection187: Election REJECTED; received 2 response(s) [c07977b7-c8ef-4f3c-80b1-66a07c6e3dcd<-d81605c5-54b3-45a8-b5ae-2e8d8890cbef#0:FAIL-t168, c07977b7-c8ef-4f3c-80b1-66a07c6e3dcd<-7f29c796-0732-402f-b865-67033766dcba#0:FAIL-t168] and 0 exception(s); c07977b7-c8ef-4f3c-80b1-66a07c6e3dcd@group-C2BDBBDF155D:t168, leader=null, voted=c07977b7-c8ef-4f3c-80b1-66a07c6e3dcd, raftlog=c07977b7-c8ef-4f3c-80b1-66a07c6e3dcd@group-C2BDBBDF155D-SegmentedRaftLog:OPENED:c-1,f-1,i0, conf=-1: [d81605c5-54b3-45a8-b5ae-2e8d8890cbef:192.168.164.201:42755, 7f29c796-0732-402f-b865-67033766dcba:192.168.164.201:40704, c07977b7-c8ef-4f3c-80b1-66a07c6e3dcd:192.168.164.201:38664], old=null
2019-10-17 20:28:44,911 [c07977b7-c8ef-4f3c-80b1-66a07c6e3dcd@group-C2BDBBDF155D-LeaderElection187] INFO  impl.RaftServerImpl (RaftServerImpl.java:setRole(184)) - c07977b7-c8ef-4f3c-80b1-66a07c6e3dcd@group-C2BDBBDF155D: changes role from CANDIDATE to FOLLOWER at term 168 for DISCOVERED_A_NEW_TERM
2019-10-17 20:28:44,911 [c07977b7-c8ef-4f3c-80b1-66a07c6e3dcd@group-C2BDBBDF155D-LeaderElection187] INFO  impl.RoleInfo (RoleInfo.java:shutdownLeaderElection(134)) - c07977b7-c8ef-4f3c-80b1-66a07c6e3dcd: shutdown LeaderElection
2019-10-17 20:28:44,911 [c07977b7-c8ef-4f3c-80b1-66a07c6e3dcd@group-C2BDBBDF155D-LeaderElection187] INFO  impl.RoleInfo (RoleInfo.java:updateAndGet(143)) - c07977b7-c8ef-4f3c-80b1-66a07c6e3dcd: start FollowerState
2019-10-17 20:28:44,928 [Thread-2042] INFO  impl.FollowerState (FollowerState.java:run(108)) - c07977b7-c8ef-4f3c-80b1-66a07c6e3dcd@group-C2BDBBDF155D-FollowerState: change to CANDIDATE, lastRpcTime:17ms, electionTimeout:17ms
2019-10-17 20:28:44,929 [Thread-2042] INFO  impl.RoleInfo (RoleInfo.java:shutdownFollowerState(121)) - c07977b7-c8ef-4f3c-80b1-66a07c6e3dcd: shutdown FollowerState
2019-10-17 20:28:44,929 [Thread-2042] INFO  impl.RaftServerImpl (RaftServerImpl.java:setRole(184)) - c07977b7-c8ef-4f3c-80b1-66a07c6e3dcd@group-C2BDBBDF155D: changes role from  FOLLOWER to CANDIDATE at term 168 for changeToCandidate
2019-10-17 20:28:44,929 [Thread-2042] INFO  impl.RoleInfo (RoleInfo.java:updateAndGet(143)) - c07977b7-c8ef-4f3c-80b1-66a07c6e3dcd: start LeaderElection
2019-10-17 20:28:44,959 [c07977b7-c8ef-4f3c-80b1-66a07c6e3dcd@group-C2BDBBDF155D-LeaderElection188] INFO  impl.LeaderElection (LeaderElection.java:askForVotes(178)) - c07977b7-c8ef-4f3c-80b1-66a07c6e3dcd@group-C2BDBBDF155D-LeaderElection188: begin an election at term 169 for -1: [d81605c5-54b3-45a8-b5ae-2e8d8890cbef:192.168.164.201:42755, 7f29c796-0732-402f-b865-67033766dcba:192.168.164.201:40704, c07977b7-c8ef-4f3c-80b1-66a07c6e3dcd:192.168.164.201:38664], old=null
2019-10-17 20:28:44,963 [grpc-default-executor-2] INFO  impl.RaftServerImpl (RaftServerImpl.java:setRole(184)) - d81605c5-54b3-45a8-b5ae-2e8d8890cbef@group-C2BDBBDF155D: changes role from  FOLLOWER to FOLLOWER at term 169 for recognizeCandidate:c07977b7-c8ef-4f3c-80b1-66a07c6e3dcd
2019-10-17 20:28:44,963 [grpc-default-executor-2] INFO  impl.RoleInfo (RoleInfo.java:shutdownFollowerState(121)) - d81605c5-54b3-45a8-b5ae-2e8d8890cbef: shutdown FollowerState
2019-10-17 20:28:44,963 [grpc-default-executor-4] INFO  impl.RaftServerImpl (RaftServerImpl.java:setRole(184)) - 7f29c796-0732-402f-b865-67033766dcba@group-C2BDBBDF155D: changes role from  FOLLOWER to FOLLOWER at term 169 for recognizeCandidate:c07977b7-c8ef-4f3c-80b1-66a07c6e3dcd
2019-10-17 20:28:44,963 [Thread-2041] INFO  impl.FollowerState (FollowerState.java:run(117)) - d81605c5-54b3-45a8-b5ae-2e8d8890cbef@group-C2BDBBDF155D-FollowerState was interrupted: java.lang.InterruptedException: sleep interrupted
2019-10-17 20:28:44,963 [grpc-default-executor-2] INFO  impl.RoleInfo (RoleInfo.java:updateAndGet(143)) - d81605c5-54b3-45a8-b5ae-2e8d8890cbef: start FollowerState
2019-10-17 20:28:44,963 [grpc-default-executor-4] INFO  impl.RoleInfo (RoleInfo.java:shutdownFollowerState(121)) - 7f29c796-0732-402f-b865-67033766dcba: shutdown FollowerState
2019-10-17 20:28:44,964 [Thread-2040] INFO  impl.FollowerState (FollowerState.java:run(117)) - 7f29c796-0732-402f-b865-67033766dcba@group-C2BDBBDF155D-FollowerState was interrupted: java.lang.InterruptedException: sleep interrupted
2019-10-17 20:28:44,964 [grpc-default-executor-4] INFO  impl.RoleInfo (RoleInfo.java:updateAndGet(143)) - 7f29c796-0732-402f-b865-67033766dcba: start FollowerState
2019-10-17 20:28:44,984 [c07977b7-c8ef-4f3c-80b1-66a07c6e3dcd@group-C2BDBBDF155D-LeaderElection188] INFO  impl.LeaderElection (LeaderElection.java:logAndReturn(56)) - c07977b7-c8ef-4f3c-80b1-66a07c6e3dcd@group-C2BDBBDF155D-LeaderElection188: Election TIMEOUT; received 0 response(s) [] and 0 exception(s); c07977b7-c8ef-4f3c-80b1-66a07c6e3dcd@group-C2BDBBDF155D:t169, leader=null, voted=c07977b7-c8ef-4f3c-80b1-66a07c6e3dcd, raftlog=c07977b7-c8ef-4f3c-80b1-66a07c6e3dcd@group-C2BDBBDF155D-SegmentedRaftLog:OPENED:c-1,f-1,i0, conf=-1: [d81605c5-54b3-45a8-b5ae-2e8d8890cbef:192.168.164.201:42755, 7f29c796-0732-402f-b865-67033766dcba:192.168.164.201:40704, c07977b7-c8ef-4f3c-80b1-66a07c6e3dcd:192.168.164.201:38664], old=null
2019-10-17 20:28:45,010 [c07977b7-c8ef-4f3c-80b1-66a07c6e3dcd@group-C2BDBBDF155D-LeaderElection188] INFO  impl.LeaderElection (LeaderElection.java:askForVotes(178)) - c07977b7-c8ef-4f3c-80b1-66a07c6e3dcd@group-C2BDBBDF155D-LeaderElection188: begin an election at term 170 for -1: [d81605c5-54b3-45a8-b5ae-2e8d8890cbef:192.168.164.201:42755, 7f29c796-0732-402f-b865-67033766dcba:192.168.164.201:40704, c07977b7-c8ef-4f3c-80b1-66a07c6e3dcd:192.168.164.201:38664], old=null
2019-10-17 20:28:45,013 [grpc-default-executor-2] INFO  impl.RaftServerImpl (RaftServerImpl.java:setRole(184)) - d81605c5-54b3-45a8-b5ae-2e8d8890cbef@group-C2BDBBDF155D: changes role from  FOLLOWER to FOLLOWER at term 170 for recognizeCandidate:c07977b7-c8ef-4f3c-80b1-66a07c6e3dcd
2019-10-17 20:28:45,013 [grpc-default-executor-2] INFO  impl.RoleInfo (RoleInfo.java:shutdownFollowerState(121)) - d81605c5-54b3-45a8-b5ae-2e8d8890cbef: shutdown FollowerState
2019-10-17 20:28:45,013 [grpc-default-executor-4] INFO  impl.RaftServerImpl (RaftServerImpl.java:setRole(184)) - 7f29c796-0732-402f-b865-67033766dcba@group-C2BDBBDF155D: changes role from  FOLLOWER to FOLLOWER at term 170 for recognizeCandidate:c07977b7-c8ef-4f3c-80b1-66a07c6e3dcd
2019-10-17 20:28:45,014 [Thread-2046] INFO  impl.FollowerState (FollowerState.java:run(117)) - d81605c5-54b3-45a8-b5ae-2e8d8890cbef@group-C2BDBBDF155D-FollowerState was interrupted: java.lang.InterruptedException: sleep interrupted
2019-10-17 20:28:45,013 [grpc-default-executor-2] INFO  impl.RoleInfo (RoleInfo.java:updateAndGet(143)) - d81605c5-54b3-45a8-b5ae-2e8d8890cbef: start FollowerState
2019-10-17 20:28:45,014 [grpc-default-executor-4] INFO  impl.RoleInfo (RoleInfo.java:shutdownFollowerState(121)) - 7f29c796-0732-402f-b865-67033766dcba: shutdown FollowerState
2019-10-17 20:28:45,014 [grpc-default-executor-4] INFO  impl.RoleInfo (RoleInfo.java:updateAndGet(143)) - 7f29c796-0732-402f-b865-67033766dcba: start FollowerState
2019-10-17 20:28:45,014 [Thread-2047] INFO  impl.FollowerState (FollowerState.java:run(117)) - 7f29c796-0732-402f-b865-67033766dcba@group-C2BDBBDF155D-FollowerState was interrupted: java.lang.InterruptedException: sleep interrupted
2019-10-17 20:28:45,036 [c07977b7-c8ef-4f3c-80b1-66a07c6e3dcd@group-C2BDBBDF155D-LeaderElection188] INFO  impl.LeaderElection (LeaderElection.java:logAndReturn(56)) - c07977b7-c8ef-4f3c-80b1-66a07c6e3dcd@group-C2BDBBDF155D-LeaderElection188: Election REJECTED; received 2 response(s) [c07977b7-c8ef-4f3c-80b1-66a07c6e3dcd<-d81605c5-54b3-45a8-b5ae-2e8d8890cbef#0:FAIL-t170, c07977b7-c8ef-4f3c-80b1-66a07c6e3dcd<-7f29c796-0732-402f-b865-67033766dcba#0:FAIL-t170] and 0 exception(s); c07977b7-c8ef-4f3c-80b1-66a07c6e3dcd@group-C2BDBBDF155D:t170, leader=null, voted=c07977b7-c8ef-4f3c-80b1-66a07c6e3dcd, raftlog=c07977b7-c8ef-4f3c-80b1-66a07c6e3dcd@group-C2BDBBDF155D-SegmentedRaftLog:OPENED:c-1,f-1,i0, conf=-1: [d81605c5-54b3-45a8-b5ae-2e8d8890cbef:192.168.164.201:42755, 7f29c796-0732-402f-b865-67033766dcba:192.168.164.201:40704, c07977b7-c8ef-4f3c-80b1-66a07c6e3dcd:192.168.164.201:38664], old=null
2019-10-17 20:28:45,037 [c07977b7-c8ef-4f3c-80b1-66a07c6e3dcd@group-C2BDBBDF155D-LeaderElection188] INFO  impl.RaftServerImpl (RaftServerImpl.java:setRole(184)) - c07977b7-c8ef-4f3c-80b1-66a07c6e3dcd@group-C2BDBBDF155D: changes role from CANDIDATE to FOLLOWER at term 170 for DISCOVERED_A_NEW_TERM
2019-10-17 20:28:45,037 [c07977b7-c8ef-4f3c-80b1-66a07c6e3dcd@group-C2BDBBDF155D-LeaderElection188] INFO  impl.RoleInfo (RoleInfo.java:shutdownLeaderElection(134)) - c07977b7-c8ef-4f3c-80b1-66a07c6e3dcd: shutdown LeaderElection
2019-10-17 20:28:45,037 [c07977b7-c8ef-4f3c-80b1-66a07c6e3dcd@group-C2BDBBDF155D-LeaderElection188] INFO  impl.RoleInfo (RoleInfo.java:updateAndGet(143)) - c07977b7-c8ef-4f3c-80b1-66a07c6e3dcd: start FollowerState
2019-10-17 20:28:45,094 [Thread-2052] INFO  impl.FollowerState (FollowerState.java:run(108)) - c07977b7-c8ef-4f3c-80b1-66a07c6e3dcd@group-C2BDBBDF155D-FollowerState: change to CANDIDATE, lastRpcTime:57ms, electionTimeout:57ms
2019-10-17 20:28:45,095 [Thread-2052] INFO  impl.RoleInfo (RoleInfo.java:shutdownFollowerState(121)) - c07977b7-c8ef-4f3c-80b1-66a07c6e3dcd: shutdown FollowerState
2019-10-17 20:28:45,095 [Thread-2052] INFO  impl.RaftServerImpl (RaftServerImpl.java:setRole(184)) - c07977b7-c8ef-4f3c-80b1-66a07c6e3dcd@group-C2BDBBDF155D: changes role from  FOLLOWER to CANDIDATE at term 170 for changeToCandidate
2019-10-17 20:28:45,095 [Thread-2052] INFO  impl.RoleInfo (RoleInfo.java:updateAndGet(143)) - c07977b7-c8ef-4f3c-80b1-66a07c6e3dcd: start LeaderElection
2019-10-17 20:28:45,119 [c07977b7-c8ef-4f3c-80b1-66a07c6e3dcd@group-C2BDBBDF155D-LeaderElection189] INFO  impl.LeaderElection (LeaderElection.java:askForVotes(178)) - c07977b7-c8ef-4f3c-80b1-66a07c6e3dcd@group-C2BDBBDF155D-LeaderElection189: begin an election at term 171 for -1: [d81605c5-54b3-45a8-b5ae-2e8d8890cbef:192.168.164.201:42755, 7f29c796-0732-402f-b865-67033766dcba:192.168.164.201:40704, c07977b7-c8ef-4f3c-80b1-66a07c6e3dcd:192.168.164.201:38664], old=null
2019-10-17 20:28:45,122 [grpc-default-executor-4] INFO  impl.RaftServerImpl (RaftServerImpl.java:setRole(184)) - d81605c5-54b3-45a8-b5ae-2e8d8890cbef@group-C2BDBBDF155D: changes role from  FOLLOWER to FOLLOWER at term 171 for recognizeCandidate:c07977b7-c8ef-4f3c-80b1-66a07c6e3dcd
2019-10-17 20:28:45,122 [grpc-default-executor-4] INFO  impl.RoleInfo (RoleInfo.java:shutdownFollowerState(121)) - d81605c5-54b3-45a8-b5ae-2e8d8890cbef: shutdown FollowerState
2019-10-17 20:28:45,122 [grpc-default-executor-2] INFO  impl.RaftServerImpl (RaftServerImpl.java:setRole(184)) - 7f29c796-0732-402f-b865-67033766dcba@group-C2BDBBDF155D: changes role from  FOLLOWER to FOLLOWER at term 171 for recognizeCandidate:c07977b7-c8ef-4f3c-80b1-66a07c6e3dcd
2019-10-17 20:28:45,123 [grpc-default-executor-2] INFO  impl.RoleInfo (RoleInfo.java:shutdownFollowerState(121)) - 7f29c796-0732-402f-b865-67033766dcba: shutdown FollowerState
2019-10-17 20:28:45,122 [grpc-default-executor-4] INFO  impl.RoleInfo (RoleInfo.java:updateAndGet(143)) - d81605c5-54b3-45a8-b5ae-2e8d8890cbef: start FollowerState
2019-10-17 20:28:45,123 [Thread-2050] INFO  impl.FollowerState (FollowerState.java:run(117)) - d81605c5-54b3-45a8-b5ae-2e8d8890cbef@group-C2BDBBDF155D-FollowerState was interrupted: java.lang.InterruptedException: sleep interrupted
2019-10-17 20:28:45,123 [Thread-2051] INFO  impl.FollowerState (FollowerState.java:run(117)) - 7f29c796-0732-402f-b865-67033766dcba@group-C2BDBBDF155D-FollowerState was interrupted: java.lang.InterruptedException: sleep interrupted
2019-10-17 20:28:45,123 [grpc-default-executor-2] INFO  impl.RoleInfo (RoleInfo.java:updateAndGet(143)) - 7f29c796-0732-402f-b865-67033766dcba: start FollowerState
2019-10-17 20:28:45,146 [c07977b7-c8ef-4f3c-80b1-66a07c6e3dcd@group-C2BDBBDF155D-LeaderElection189] INFO  impl.LeaderElection (LeaderElection.java:logAndReturn(56)) - c07977b7-c8ef-4f3c-80b1-66a07c6e3dcd@group-C2BDBBDF155D-LeaderElection189: Election REJECTED; received 2 response(s) [c07977b7-c8ef-4f3c-80b1-66a07c6e3dcd<-d81605c5-54b3-45a8-b5ae-2e8d8890cbef#0:FAIL-t171, c07977b7-c8ef-4f3c-80b1-66a07c6e3dcd<-7f29c796-0732-402f-b865-67033766dcba#0:FAIL-t171] and 0 exception(s); c07977b7-c8ef-4f3c-80b1-66a07c6e3dcd@group-C2BDBBDF155D:t171, leader=null, voted=c07977b7-c8ef-4f3c-80b1-66a07c6e3dcd, raftlog=c07977b7-c8ef-4f3c-80b1-66a07c6e3dcd@group-C2BDBBDF155D-SegmentedRaftLog:OPENED:c-1,f-1,i0, conf=-1: [d81605c5-54b3-45a8-b5ae-2e8d8890cbef:192.168.164.201:42755, 7f29c796-0732-402f-b865-67033766dcba:192.168.164.201:40704, c07977b7-c8ef-4f3c-80b1-66a07c6e3dcd:192.168.164.201:38664], old=null
2019-10-17 20:28:45,146 [c07977b7-c8ef-4f3c-80b1-66a07c6e3dcd@group-C2BDBBDF155D-LeaderElection189] INFO  impl.RaftServerImpl (RaftServerImpl.java:setRole(184)) - c07977b7-c8ef-4f3c-80b1-66a07c6e3dcd@group-C2BDBBDF155D: changes role from CANDIDATE to FOLLOWER at term 171 for DISCOVERED_A_NEW_TERM
2019-10-17 20:28:45,146 [c07977b7-c8ef-4f3c-80b1-66a07c6e3dcd@group-C2BDBBDF155D-LeaderElection189] INFO  impl.RoleInfo (RoleInfo.java:shutdownLeaderElection(134)) - c07977b7-c8ef-4f3c-80b1-66a07c6e3dcd: shutdown LeaderElection
2019-10-17 20:28:45,146 [c07977b7-c8ef-4f3c-80b1-66a07c6e3dcd@group-C2BDBBDF155D-LeaderElection189] INFO  impl.RoleInfo (RoleInfo.java:updateAndGet(143)) - c07977b7-c8ef-4f3c-80b1-66a07c6e3dcd: start FollowerState
2019-10-17 20:28:45,150 [Thread-2058] INFO  impl.FollowerState (FollowerState.java:run(108)) - c07977b7-c8ef-4f3c-80b1-66a07c6e3dcd@group-C2BDBBDF155D-FollowerState: change to CANDIDATE, lastRpcTime:3ms, electionTimeout:3ms
2019-10-17 20:28:45,150 [Thread-2058] INFO  impl.RoleInfo (RoleInfo.java:shutdownFollowerState(121)) - c07977b7-c8ef-4f3c-80b1-66a07c6e3dcd: shutdown FollowerState
2019-10-17 20:28:45,150 [Thread-2058] INFO  impl.RaftServerImpl (RaftServerImpl.java:setRole(184)) - c07977b7-c8ef-4f3c-80b1-66a07c6e3dcd@group-C2BDBBDF155D: changes role from  FOLLOWER to CANDIDATE at term 171 for changeToCandidate
2019-10-17 20:28:45,150 [Thread-2058] INFO  impl.RoleInfo (RoleInfo.java:updateAndGet(143)) - c07977b7-c8ef-4f3c-80b1-66a07c6e3dcd: start LeaderElection
2019-10-17 20:28:45,170 [c07977b7-c8ef-4f3c-80b1-66a07c6e3dcd@group-C2BDBBDF155D-LeaderElection190] INFO  impl.LeaderElection (LeaderElection.java:askForVotes(178)) - c07977b7-c8ef-4f3c-80b1-66a07c6e3dcd@group-C2BDBBDF155D-LeaderElection190: begin an election at term 172 for -1: [d81605c5-54b3-45a8-b5ae-2e8d8890cbef:192.168.164.201:42755, 7f29c796-0732-402f-b865-67033766dcba:192.168.164.201:40704, c07977b7-c8ef-4f3c-80b1-66a07c6e3dcd:192.168.164.201:38664], old=null
2019-10-17 20:28:45,172 [grpc-default-executor-2] INFO  impl.RaftServerImpl (RaftServerImpl.java:setRole(184)) - 7f29c796-0732-402f-b865-67033766dcba@group-C2BDBBDF155D: changes role from  FOLLOWER to FOLLOWER at term 172 for recognizeCandidate:c07977b7-c8ef-4f3c-80b1-66a07c6e3dcd
2019-10-17 20:28:45,172 [grpc-default-executor-2] INFO  impl.RoleInfo (RoleInfo.java:shutdownFollowerState(121)) - 7f29c796-0732-402f-b865-67033766dcba: shutdown FollowerState
2019-10-17 20:28:45,172 [grpc-default-executor-4] INFO  impl.RaftServerImpl (RaftServerImpl.java:setRole(184)) - d81605c5-54b3-45a8-b5ae-2e8d8890cbef@group-C2BDBBDF155D: changes role from  FOLLOWER to FOLLOWER at term 172 for recognizeCandidate:c07977b7-c8ef-4f3c-80b1-66a07c6e3dcd
2019-10-17 20:28:45,173 [grpc-default-executor-4] INFO  impl.RoleInfo (RoleInfo.java:shutdownFollowerState(121)) - d81605c5-54b3-45a8-b5ae-2e8d8890cbef: shutdown FollowerState
2019-10-17 20:28:45,173 [Thread-2057] INFO  impl.FollowerState (FollowerState.java:run(117)) - 7f29c796-0732-402f-b865-67033766dcba@group-C2BDBBDF155D-FollowerState was interrupted: java.lang.InterruptedException: sleep interrupted
2019-10-17 20:28:45,173 [grpc-default-executor-2] INFO  impl.RoleInfo (RoleInfo.java:updateAndGet(143)) - 7f29c796-0732-402f-b865-67033766dcba: start FollowerState
2019-10-17 20:28:45,173 [Thread-2056] INFO  impl.FollowerState (FollowerState.java:run(117)) - d81605c5-54b3-45a8-b5ae-2e8d8890cbef@group-C2BDBBDF155D-FollowerState was interrupted: java.lang.InterruptedException: sleep interrupted
2019-10-17 20:28:45,173 [grpc-default-executor-4] INFO  impl.RoleInfo (RoleInfo.java:updateAndGet(143)) - d81605c5-54b3-45a8-b5ae-2e8d8890cbef: start FollowerState
2019-10-17 20:28:45,180 [c07977b7-c8ef-4f3c-80b1-66a07c6e3dcd@group-C2BDBBDF155D-LeaderElection190] INFO  impl.LeaderElection (LeaderElection.java:logAndReturn(56)) - c07977b7-c8ef-4f3c-80b1-66a07c6e3dcd@group-C2BDBBDF155D-LeaderElection190: Election TIMEOUT; received 0 response(s) [] and 0 exception(s); c07977b7-c8ef-4f3c-80b1-66a07c6e3dcd@group-C2BDBBDF155D:t172, leader=null, voted=c07977b7-c8ef-4f3c-80b1-66a07c6e3dcd, raftlog=c07977b7-c8ef-4f3c-80b1-66a07c6e3dcd@group-C2BDBBDF155D-SegmentedRaftLog:OPENED:c-1,f-1,i0, conf=-1: [d81605c5-54b3-45a8-b5ae-2e8d8890cbef:192.168.164.201:42755, 7f29c796-0732-402f-b865-67033766dcba:192.168.164.201:40704, c07977b7-c8ef-4f3c-80b1-66a07c6e3dcd:192.168.164.201:38664], old=null
2019-10-17 20:28:45,195 [c07977b7-c8ef-4f3c-80b1-66a07c6e3dcd@group-C2BDBBDF155D-LeaderElection190] INFO  impl.LeaderElection (LeaderElection.java:askForVotes(178)) - c07977b7-c8ef-4f3c-80b1-66a07c6e3dcd@group-C2BDBBDF155D-LeaderElection190: begin an election at term 173 for -1: [d81605c5-54b3-45a8-b5ae-2e8d8890cbef:192.168.164.201:42755, 7f29c796-0732-402f-b865-67033766dcba:192.168.164.201:40704, c07977b7-c8ef-4f3c-80b1-66a07c6e3dcd:192.168.164.201:38664], old=null
2019-10-17 20:28:45,198 [grpc-default-executor-4] INFO  impl.RaftServerImpl (RaftServerImpl.java:setRole(184)) - d81605c5-54b3-45a8-b5ae-2e8d8890cbef@group-C2BDBBDF155D: changes role from  FOLLOWER to FOLLOWER at term 173 for recognizeCandidate:c07977b7-c8ef-4f3c-80b1-66a07c6e3dcd
2019-10-17 20:28:45,198 [grpc-default-executor-4] INFO  impl.RoleInfo (RoleInfo.java:shutdownFollowerState(121)) - d81605c5-54b3-45a8-b5ae-2e8d8890cbef: shutdown FollowerState
2019-10-17 20:28:45,198 [grpc-default-executor-4] INFO  impl.RoleInfo (RoleInfo.java:updateAndGet(143)) - d81605c5-54b3-45a8-b5ae-2e8d8890cbef: start FollowerState
2019-10-17 20:28:45,198 [Thread-2063] INFO  impl.FollowerState (FollowerState.java:run(117)) - d81605c5-54b3-45a8-b5ae-2e8d8890cbef@group-C2BDBBDF155D-FollowerState was interrupted: java.lang.InterruptedException: sleep interrupted
2019-10-17 20:28:45,199 [grpc-default-executor-2] INFO  impl.RaftServerImpl (RaftServerImpl.java:setRole(184)) - 7f29c796-0732-402f-b865-67033766dcba@group-C2BDBBDF155D: changes role from  FOLLOWER to FOLLOWER at term 173 for recognizeCandidate:c07977b7-c8ef-4f3c-80b1-66a07c6e3dcd
2019-10-17 20:28:45,199 [grpc-default-executor-2] INFO  impl.RoleInfo (RoleInfo.java:shutdownFollowerState(121)) - 7f29c796-0732-402f-b865-67033766dcba: shutdown FollowerState
2019-10-17 20:28:45,199 [grpc-default-executor-2] INFO  impl.RoleInfo (RoleInfo.java:updateAndGet(143)) - 7f29c796-0732-402f-b865-67033766dcba: start FollowerState
2019-10-17 20:28:45,199 [Thread-2062] INFO  impl.FollowerState (FollowerState.java:run(117)) - 7f29c796-0732-402f-b865-67033766dcba@group-C2BDBBDF155D-FollowerState was interrupted: java.lang.InterruptedException: sleep interrupted
2019-10-17 20:28:45,222 [c07977b7-c8ef-4f3c-80b1-66a07c6e3dcd@group-C2BDBBDF155D-LeaderElection190] INFO  impl.LeaderElection (LeaderElection.java:logAndReturn(56)) - c07977b7-c8ef-4f3c-80b1-66a07c6e3dcd@group-C2BDBBDF155D-LeaderElection190: Election REJECTED; received 2 response(s) [c07977b7-c8ef-4f3c-80b1-66a07c6e3dcd<-d81605c5-54b3-45a8-b5ae-2e8d8890cbef#0:FAIL-t173, c07977b7-c8ef-4f3c-80b1-66a07c6e3dcd<-7f29c796-0732-402f-b865-67033766dcba#0:FAIL-t173] and 0 exception(s); c07977b7-c8ef-4f3c-80b1-66a07c6e3dcd@group-C2BDBBDF155D:t173, leader=null, voted=c07977b7-c8ef-4f3c-80b1-66a07c6e3dcd, raftlog=c07977b7-c8ef-4f3c-80b1-66a07c6e3dcd@group-C2BDBBDF155D-SegmentedRaftLog:OPENED:c-1,f-1,i0, conf=-1: [d81605c5-54b3-45a8-b5ae-2e8d8890cbef:192.168.164.201:42755, 7f29c796-0732-402f-b865-67033766dcba:192.168.164.201:40704, c07977b7-c8ef-4f3c-80b1-66a07c6e3dcd:192.168.164.201:38664], old=null
2019-10-17 20:28:45,222 [c07977b7-c8ef-4f3c-80b1-66a07c6e3dcd@group-C2BDBBDF155D-LeaderElection190] INFO  impl.RaftServerImpl (RaftServerImpl.java:setRole(184)) - c07977b7-c8ef-4f3c-80b1-66a07c6e3dcd@group-C2BDBBDF155D: changes role from CANDIDATE to FOLLOWER at term 173 for DISCOVERED_A_NEW_TERM
2019-10-17 20:28:45,222 [c07977b7-c8ef-4f3c-80b1-66a07c6e3dcd@group-C2BDBBDF155D-LeaderElection190] INFO  impl.RoleInfo (RoleInfo.java:shutdownLeaderElection(134)) - c07977b7-c8ef-4f3c-80b1-66a07c6e3dcd: shutdown LeaderElection
2019-10-17 20:28:45,222 [c07977b7-c8ef-4f3c-80b1-66a07c6e3dcd@group-C2BDBBDF155D-LeaderElection190] INFO  impl.RoleInfo (RoleInfo.java:updateAndGet(143)) - c07977b7-c8ef-4f3c-80b1-66a07c6e3dcd: start FollowerState
2019-10-17 20:28:45,361 [Thread-2068] INFO  impl.FollowerState (FollowerState.java:run(108)) - c07977b7-c8ef-4f3c-80b1-66a07c6e3dcd@group-C2BDBBDF155D-FollowerState: change to CANDIDATE, lastRpcTime:138ms, electionTimeout:138ms
2019-10-17 20:28:45,361 [Thread-2068] INFO  impl.RoleInfo (RoleInfo.java:shutdownFollowerState(121)) - c07977b7-c8ef-4f3c-80b1-66a07c6e3dcd: shutdown FollowerState
2019-10-17 20:28:45,361 [Thread-2068] INFO  impl.RaftServerImpl (RaftServerImpl.java:setRole(184)) - c07977b7-c8ef-4f3c-80b1-66a07c6e3dcd@group-C2BDBBDF155D: changes role from  FOLLOWER to CANDIDATE at term 173 for changeToCandidate
2019-10-17 20:28:45,361 [Thread-2068] INFO  impl.RoleInfo (RoleInfo.java:updateAndGet(143)) - c07977b7-c8ef-4f3c-80b1-66a07c6e3dcd: start LeaderElection
2019-10-17 20:28:45,385 [c07977b7-c8ef-4f3c-80b1-66a07c6e3dcd@group-C2BDBBDF155D-LeaderElection191] INFO  impl.LeaderElection (LeaderElection.java:askForVotes(178)) - c07977b7-c8ef-4f3c-80b1-66a07c6e3dcd@group-C2BDBBDF155D-LeaderElection191: begin an election at term 174 for -1: [d81605c5-54b3-45a8-b5ae-2e8d8890cbef:192.168.164.201:42755, 7f29c796-0732-402f-b865-67033766dcba:192.168.164.201:40704, c07977b7-c8ef-4f3c-80b1-66a07c6e3dcd:192.168.164.201:38664], old=null
2019-10-17 20:28:45,388 [grpc-default-executor-4] INFO  impl.RaftServerImpl (RaftServerImpl.java:setRole(184)) - d81605c5-54b3-45a8-b5ae-2e8d8890cbef@group-C2BDBBDF155D: changes role from  FOLLOWER to FOLLOWER at term 174 for recognizeCandidate:c07977b7-c8ef-4f3c-80b1-66a07c6e3dcd
2019-10-17 20:28:45,388 [grpc-default-executor-4] INFO  impl.RoleInfo (RoleInfo.java:shutdownFollowerState(121)) - d81605c5-54b3-45a8-b5ae-2e8d8890cbef: shutdown FollowerState
2019-10-17 20:28:45,388 [grpc-default-executor-4] INFO  impl.RoleInfo (RoleInfo.java:updateAndGet(143)) - d81605c5-54b3-45a8-b5ae-2e8d8890cbef: start FollowerState
2019-10-17 20:28:45,388 [Thread-2066] INFO  impl.FollowerState (FollowerState.java:run(117)) - d81605c5-54b3-45a8-b5ae-2e8d8890cbef@group-C2BDBBDF155D-FollowerState was interrupted: java.lang.InterruptedException: sleep interrupted
2019-10-17 20:28:45,389 [grpc-default-executor-2] INFO  impl.RaftServerImpl (RaftServerImpl.java:setRole(184)) - 7f29c796-0732-402f-b865-67033766dcba@group-C2BDBBDF155D: changes role from  FOLLOWER to FOLLOWER at term 174 for recognizeCandidate:c07977b7-c8ef-4f3c-80b1-66a07c6e3dcd
2019-10-17 20:28:45,389 [grpc-default-executor-2] INFO  impl.RoleInfo (RoleInfo.java:shutdownFollowerState(121)) - 7f29c796-0732-402f-b865-67033766dcba: shutdown FollowerState
2019-10-17 20:28:45,389 [grpc-default-executor-2] INFO  impl.RoleInfo (RoleInfo.java:updateAndGet(143)) - 7f29c796-0732-402f-b865-67033766dcba: start FollowerState
2019-10-17 20:28:45,389 [Thread-2067] INFO  impl.FollowerState (FollowerState.java:run(117)) - 7f29c796-0732-402f-b865-67033766dcba@group-C2BDBBDF155D-FollowerState was interrupted: java.lang.InterruptedException: sleep interrupted
2019-10-17 20:28:45,413 [c07977b7-c8ef-4f3c-80b1-66a07c6e3dcd@group-C2BDBBDF155D-LeaderElection191] INFO  impl.LeaderElection (LeaderElection.java:logAndReturn(56)) - c07977b7-c8ef-4f3c-80b1-66a07c6e3dcd@group-C2BDBBDF155D-LeaderElection191: Election REJECTED; received 2 response(s) [c07977b7-c8ef-4f3c-80b1-66a07c6e3dcd<-d81605c5-54b3-45a8-b5ae-2e8d8890cbef#0:FAIL-t174, c07977b7-c8ef-4f3c-80b1-66a07c6e3dcd<-7f29c796-0732-402f-b865-67033766dcba#0:FAIL-t174] and 0 exception(s); c07977b7-c8ef-4f3c-80b1-66a07c6e3dcd@group-C2BDBBDF155D:t174, leader=null, voted=c07977b7-c8ef-4f3c-80b1-66a07c6e3dcd, raftlog=c07977b7-c8ef-4f3c-80b1-66a07c6e3dcd@group-C2BDBBDF155D-SegmentedRaftLog:OPENED:c-1,f-1,i0, conf=-1: [d81605c5-54b3-45a8-b5ae-2e8d8890cbef:192.168.164.201:42755, 7f29c796-0732-402f-b865-67033766dcba:192.168.164.201:40704, c07977b7-c8ef-4f3c-80b1-66a07c6e3dcd:192.168.164.201:38664], old=null
2019-10-17 20:28:45,413 [c07977b7-c8ef-4f3c-80b1-66a07c6e3dcd@group-C2BDBBDF155D-LeaderElection191] INFO  impl.RaftServerImpl (RaftServerImpl.java:setRole(184)) - c07977b7-c8ef-4f3c-80b1-66a07c6e3dcd@group-C2BDBBDF155D: changes role from CANDIDATE to FOLLOWER at term 174 for DISCOVERED_A_NEW_TERM
2019-10-17 20:28:45,413 [c07977b7-c8ef-4f3c-80b1-66a07c6e3dcd@group-C2BDBBDF155D-LeaderElection191] INFO  impl.RoleInfo (RoleInfo.java:shutdownLeaderElection(134)) - c07977b7-c8ef-4f3c-80b1-66a07c6e3dcd: shutdown LeaderElection
2019-10-17 20:28:45,413 [c07977b7-c8ef-4f3c-80b1-66a07c6e3dcd@group-C2BDBBDF155D-LeaderElection191] INFO  impl.RoleInfo (RoleInfo.java:updateAndGet(143)) - c07977b7-c8ef-4f3c-80b1-66a07c6e3dcd: start FollowerState
2019-10-17 20:28:45,541 [Thread-754] INFO  ozone.MiniOzoneClusterImpl (MiniOzoneClusterImpl.java:lambda$waitForClusterToBeReady$2(164)) - Waiting for 1 number of pipelines out of 4, to report a leader.
2019-10-17 20:28:45,569 [Thread-2074] INFO  impl.FollowerState (FollowerState.java:run(108)) - c07977b7-c8ef-4f3c-80b1-66a07c6e3dcd@group-C2BDBBDF155D-FollowerState: change to CANDIDATE, lastRpcTime:155ms, electionTimeout:155ms
2019-10-17 20:28:45,569 [Thread-2074] INFO  impl.RoleInfo (RoleInfo.java:shutdownFollowerState(121)) - c07977b7-c8ef-4f3c-80b1-66a07c6e3dcd: shutdown FollowerState
2019-10-17 20:28:45,569 [Thread-2074] INFO  impl.RaftServerImpl (RaftServerImpl.java:setRole(184)) - c07977b7-c8ef-4f3c-80b1-66a07c6e3dcd@group-C2BDBBDF155D: changes role from  FOLLOWER to CANDIDATE at term 174 for changeToCandidate
2019-10-17 20:28:45,569 [Thread-2074] INFO  impl.RoleInfo (RoleInfo.java:updateAndGet(143)) - c07977b7-c8ef-4f3c-80b1-66a07c6e3dcd: start LeaderElection
2019-10-17 20:28:45,594 [c07977b7-c8ef-4f3c-80b1-66a07c6e3dcd@group-C2BDBBDF155D-LeaderElection192] INFO  impl.LeaderElection (LeaderElection.java:askForVotes(178)) - c07977b7-c8ef-4f3c-80b1-66a07c6e3dcd@group-C2BDBBDF155D-LeaderElection192: begin an election at term 175 for -1: [d81605c5-54b3-45a8-b5ae-2e8d8890cbef:192.168.164.201:42755, 7f29c796-0732-402f-b865-67033766dcba:192.168.164.201:40704, c07977b7-c8ef-4f3c-80b1-66a07c6e3dcd:192.168.164.201:38664], old=null
2019-10-17 20:28:45,597 [grpc-default-executor-2] INFO  impl.RaftServerImpl (RaftServerImpl.java:setRole(184)) - d81605c5-54b3-45a8-b5ae-2e8d8890cbef@group-C2BDBBDF155D: changes role from  FOLLOWER to FOLLOWER at term 175 for recognizeCandidate:c07977b7-c8ef-4f3c-80b1-66a07c6e3dcd
2019-10-17 20:28:45,597 [grpc-default-executor-4] INFO  impl.RaftServerImpl (RaftServerImpl.java:setRole(184)) - 7f29c796-0732-402f-b865-67033766dcba@group-C2BDBBDF155D: changes role from  FOLLOWER to FOLLOWER at term 175 for recognizeCandidate:c07977b7-c8ef-4f3c-80b1-66a07c6e3dcd
2019-10-17 20:28:45,597 [grpc-default-executor-2] INFO  impl.RoleInfo (RoleInfo.java:shutdownFollowerState(121)) - d81605c5-54b3-45a8-b5ae-2e8d8890cbef: shutdown FollowerState
2019-10-17 20:28:45,597 [grpc-default-executor-4] INFO  impl.RoleInfo (RoleInfo.java:shutdownFollowerState(121)) - 7f29c796-0732-402f-b865-67033766dcba: shutdown FollowerState
2019-10-17 20:28:45,597 [Thread-2072] INFO  impl.FollowerState (FollowerState.java:run(117)) - d81605c5-54b3-45a8-b5ae-2e8d8890cbef@group-C2BDBBDF155D-FollowerState was interrupted: java.lang.InterruptedException: sleep interrupted
2019-10-17 20:28:45,598 [Thread-2073] INFO  impl.FollowerState (FollowerState.java:run(117)) - 7f29c796-0732-402f-b865-67033766dcba@group-C2BDBBDF155D-FollowerState was interrupted: java.lang.InterruptedException: sleep interrupted
2019-10-17 20:28:45,598 [grpc-default-executor-4] INFO  impl.RoleInfo (RoleInfo.java:updateAndGet(143)) - 7f29c796-0732-402f-b865-67033766dcba: start FollowerState
2019-10-17 20:28:45,597 [grpc-default-executor-2] INFO  impl.RoleInfo (RoleInfo.java:updateAndGet(143)) - d81605c5-54b3-45a8-b5ae-2e8d8890cbef: start FollowerState
2019-10-17 20:28:45,616 [c07977b7-c8ef-4f3c-80b1-66a07c6e3dcd@group-C2BDBBDF155D-LeaderElection192] INFO  impl.LeaderElection (LeaderElection.java:logAndReturn(56)) - c07977b7-c8ef-4f3c-80b1-66a07c6e3dcd@group-C2BDBBDF155D-LeaderElection192: Election REJECTED; received 2 response(s) [c07977b7-c8ef-4f3c-80b1-66a07c6e3dcd<-d81605c5-54b3-45a8-b5ae-2e8d8890cbef#0:FAIL-t175, c07977b7-c8ef-4f3c-80b1-66a07c6e3dcd<-7f29c796-0732-402f-b865-67033766dcba#0:FAIL-t175] and 0 exception(s); c07977b7-c8ef-4f3c-80b1-66a07c6e3dcd@group-C2BDBBDF155D:t175, leader=null, voted=c07977b7-c8ef-4f3c-80b1-66a07c6e3dcd, raftlog=c07977b7-c8ef-4f3c-80b1-66a07c6e3dcd@group-C2BDBBDF155D-SegmentedRaftLog:OPENED:c-1,f-1,i0, conf=-1: [d81605c5-54b3-45a8-b5ae-2e8d8890cbef:192.168.164.201:42755, 7f29c796-0732-402f-b865-67033766dcba:192.168.164.201:40704, c07977b7-c8ef-4f3c-80b1-66a07c6e3dcd:192.168.164.201:38664], old=null
2019-10-17 20:28:45,616 [c07977b7-c8ef-4f3c-80b1-66a07c6e3dcd@group-C2BDBBDF155D-LeaderElection192] INFO  impl.RaftServerImpl (RaftServerImpl.java:setRole(184)) - c07977b7-c8ef-4f3c-80b1-66a07c6e3dcd@group-C2BDBBDF155D: changes role from CANDIDATE to FOLLOWER at term 175 for DISCOVERED_A_NEW_TERM
2019-10-17 20:28:45,616 [c07977b7-c8ef-4f3c-80b1-66a07c6e3dcd@group-C2BDBBDF155D-LeaderElection192] INFO  impl.RoleInfo (RoleInfo.java:shutdownLeaderElection(134)) - c07977b7-c8ef-4f3c-80b1-66a07c6e3dcd: shutdown LeaderElection
2019-10-17 20:28:45,616 [c07977b7-c8ef-4f3c-80b1-66a07c6e3dcd@group-C2BDBBDF155D-LeaderElection192] INFO  impl.RoleInfo (RoleInfo.java:updateAndGet(143)) - c07977b7-c8ef-4f3c-80b1-66a07c6e3dcd: start FollowerState
2019-10-17 20:28:45,747 [Thread-2080] INFO  impl.FollowerState (FollowerState.java:run(108)) - c07977b7-c8ef-4f3c-80b1-66a07c6e3dcd@group-C2BDBBDF155D-FollowerState: change to CANDIDATE, lastRpcTime:131ms, electionTimeout:131ms
2019-10-17 20:28:45,748 [Thread-2080] INFO  impl.RoleInfo (RoleInfo.java:shutdownFollowerState(121)) - c07977b7-c8ef-4f3c-80b1-66a07c6e3dcd: shutdown FollowerState
2019-10-17 20:28:45,748 [Thread-2080] INFO  impl.RaftServerImpl (RaftServerImpl.java:setRole(184)) - c07977b7-c8ef-4f3c-80b1-66a07c6e3dcd@group-C2BDBBDF155D: changes role from  FOLLOWER to CANDIDATE at term 175 for changeToCandidate
2019-10-17 20:28:45,748 [Thread-2080] INFO  impl.RoleInfo (RoleInfo.java:updateAndGet(143)) - c07977b7-c8ef-4f3c-80b1-66a07c6e3dcd: start LeaderElection
2019-10-17 20:28:45,773 [c07977b7-c8ef-4f3c-80b1-66a07c6e3dcd@group-C2BDBBDF155D-LeaderElection193] INFO  impl.LeaderElection (LeaderElection.java:askForVotes(178)) - c07977b7-c8ef-4f3c-80b1-66a07c6e3dcd@group-C2BDBBDF155D-LeaderElection193: begin an election at term 176 for -1: [d81605c5-54b3-45a8-b5ae-2e8d8890cbef:192.168.164.201:42755, 7f29c796-0732-402f-b865-67033766dcba:192.168.164.201:40704, c07977b7-c8ef-4f3c-80b1-66a07c6e3dcd:192.168.164.201:38664], old=null
2019-10-17 20:28:45,776 [grpc-default-executor-2] INFO  impl.RaftServerImpl (RaftServerImpl.java:setRole(184)) - 7f29c796-0732-402f-b865-67033766dcba@group-C2BDBBDF155D: changes role from  FOLLOWER to FOLLOWER at term 176 for recognizeCandidate:c07977b7-c8ef-4f3c-80b1-66a07c6e3dcd
2019-10-17 20:28:45,777 [grpc-default-executor-4] INFO  impl.RaftServerImpl (RaftServerImpl.java:setRole(184)) - d81605c5-54b3-45a8-b5ae-2e8d8890cbef@group-C2BDBBDF155D: changes role from  FOLLOWER to FOLLOWER at term 176 for recognizeCandidate:c07977b7-c8ef-4f3c-80b1-66a07c6e3dcd
2019-10-17 20:28:45,777 [grpc-default-executor-4] INFO  impl.RoleInfo (RoleInfo.java:shutdownFollowerState(121)) - d81605c5-54b3-45a8-b5ae-2e8d8890cbef: shutdown FollowerState
2019-10-17 20:28:45,777 [grpc-default-executor-2] INFO  impl.RoleInfo (RoleInfo.java:shutdownFollowerState(121)) - 7f29c796-0732-402f-b865-67033766dcba: shutdown FollowerState
2019-10-17 20:28:45,777 [Thread-2078] INFO  impl.FollowerState (FollowerState.java:run(117)) - d81605c5-54b3-45a8-b5ae-2e8d8890cbef@group-C2BDBBDF155D-FollowerState was interrupted: java.lang.InterruptedException: sleep interrupted
2019-10-17 20:28:45,777 [Thread-2079] INFO  impl.FollowerState (FollowerState.java:run(117)) - 7f29c796-0732-402f-b865-67033766dcba@group-C2BDBBDF155D-FollowerState was interrupted: java.lang.InterruptedException: sleep interrupted
2019-10-17 20:28:45,777 [grpc-default-executor-4] INFO  impl.RoleInfo (RoleInfo.java:updateAndGet(143)) - d81605c5-54b3-45a8-b5ae-2e8d8890cbef: start FollowerState
2019-10-17 20:28:45,777 [grpc-default-executor-2] INFO  impl.RoleInfo (RoleInfo.java:updateAndGet(143)) - 7f29c796-0732-402f-b865-67033766dcba: start FollowerState
2019-10-17 20:28:45,802 [c07977b7-c8ef-4f3c-80b1-66a07c6e3dcd@group-C2BDBBDF155D-LeaderElection193] INFO  impl.LeaderElection (LeaderElection.java:logAndReturn(56)) - c07977b7-c8ef-4f3c-80b1-66a07c6e3dcd@group-C2BDBBDF155D-LeaderElection193: Election REJECTED; received 2 response(s) [c07977b7-c8ef-4f3c-80b1-66a07c6e3dcd<-d81605c5-54b3-45a8-b5ae-2e8d8890cbef#0:FAIL-t176, c07977b7-c8ef-4f3c-80b1-66a07c6e3dcd<-7f29c796-0732-402f-b865-67033766dcba#0:FAIL-t176] and 0 exception(s); c07977b7-c8ef-4f3c-80b1-66a07c6e3dcd@group-C2BDBBDF155D:t176, leader=null, voted=c07977b7-c8ef-4f3c-80b1-66a07c6e3dcd, raftlog=c07977b7-c8ef-4f3c-80b1-66a07c6e3dcd@group-C2BDBBDF155D-SegmentedRaftLog:OPENED:c-1,f-1,i0, conf=-1: [d81605c5-54b3-45a8-b5ae-2e8d8890cbef:192.168.164.201:42755, 7f29c796-0732-402f-b865-67033766dcba:192.168.164.201:40704, c07977b7-c8ef-4f3c-80b1-66a07c6e3dcd:192.168.164.201:38664], old=null
2019-10-17 20:28:45,803 [c07977b7-c8ef-4f3c-80b1-66a07c6e3dcd@group-C2BDBBDF155D-LeaderElection193] INFO  impl.RaftServerImpl (RaftServerImpl.java:setRole(184)) - c07977b7-c8ef-4f3c-80b1-66a07c6e3dcd@group-C2BDBBDF155D: changes role from CANDIDATE to FOLLOWER at term 176 for DISCOVERED_A_NEW_TERM
2019-10-17 20:28:45,803 [c07977b7-c8ef-4f3c-80b1-66a07c6e3dcd@group-C2BDBBDF155D-LeaderElection193] INFO  impl.RoleInfo (RoleInfo.java:shutdownLeaderElection(134)) - c07977b7-c8ef-4f3c-80b1-66a07c6e3dcd: shutdown LeaderElection
2019-10-17 20:28:45,803 [c07977b7-c8ef-4f3c-80b1-66a07c6e3dcd@group-C2BDBBDF155D-LeaderElection193] INFO  impl.RoleInfo (RoleInfo.java:updateAndGet(143)) - c07977b7-c8ef-4f3c-80b1-66a07c6e3dcd: start FollowerState
2019-10-17 20:28:45,818 [Thread-2086] INFO  impl.FollowerState (FollowerState.java:run(108)) - c07977b7-c8ef-4f3c-80b1-66a07c6e3dcd@group-C2BDBBDF155D-FollowerState: change to CANDIDATE, lastRpcTime:14ms, electionTimeout:14ms
2019-10-17 20:28:45,818 [Thread-2086] INFO  impl.RoleInfo (RoleInfo.java:shutdownFollowerState(121)) - c07977b7-c8ef-4f3c-80b1-66a07c6e3dcd: shutdown FollowerState
2019-10-17 20:28:45,818 [Thread-2086] INFO  impl.RaftServerImpl (RaftServerImpl.java:setRole(184)) - c07977b7-c8ef-4f3c-80b1-66a07c6e3dcd@group-C2BDBBDF155D: changes role from  FOLLOWER to CANDIDATE at term 176 for changeToCandidate
2019-10-17 20:28:45,818 [Thread-2086] INFO  impl.RoleInfo (RoleInfo.java:updateAndGet(143)) - c07977b7-c8ef-4f3c-80b1-66a07c6e3dcd: start LeaderElection
2019-10-17 20:28:45,842 [c07977b7-c8ef-4f3c-80b1-66a07c6e3dcd@group-C2BDBBDF155D-LeaderElection194] INFO  impl.LeaderElection (LeaderElection.java:askForVotes(178)) - c07977b7-c8ef-4f3c-80b1-66a07c6e3dcd@group-C2BDBBDF155D-LeaderElection194: begin an election at term 177 for -1: [d81605c5-54b3-45a8-b5ae-2e8d8890cbef:192.168.164.201:42755, 7f29c796-0732-402f-b865-67033766dcba:192.168.164.201:40704, c07977b7-c8ef-4f3c-80b1-66a07c6e3dcd:192.168.164.201:38664], old=null
2019-10-17 20:28:45,845 [grpc-default-executor-2] INFO  impl.RaftServerImpl (RaftServerImpl.java:setRole(184)) - 7f29c796-0732-402f-b865-67033766dcba@group-C2BDBBDF155D: changes role from  FOLLOWER to FOLLOWER at term 177 for recognizeCandidate:c07977b7-c8ef-4f3c-80b1-66a07c6e3dcd
2019-10-17 20:28:45,845 [grpc-default-executor-2] INFO  impl.RoleInfo (RoleInfo.java:shutdownFollowerState(121)) - 7f29c796-0732-402f-b865-67033766dcba: shutdown FollowerState
2019-10-17 20:28:45,845 [grpc-default-executor-2] INFO  impl.RoleInfo (RoleInfo.java:updateAndGet(143)) - 7f29c796-0732-402f-b865-67033766dcba: start FollowerState
2019-10-17 20:28:45,845 [Thread-2085] INFO  impl.FollowerState (FollowerState.java:run(117)) - 7f29c796-0732-402f-b865-67033766dcba@group-C2BDBBDF155D-FollowerState was interrupted: java.lang.InterruptedException: sleep interrupted
2019-10-17 20:28:45,846 [grpc-default-executor-4] INFO  impl.RaftServerImpl (RaftServerImpl.java:setRole(184)) - d81605c5-54b3-45a8-b5ae-2e8d8890cbef@group-C2BDBBDF155D: changes role from  FOLLOWER to FOLLOWER at term 177 for recognizeCandidate:c07977b7-c8ef-4f3c-80b1-66a07c6e3dcd
2019-10-17 20:28:45,846 [grpc-default-executor-4] INFO  impl.RoleInfo (RoleInfo.java:shutdownFollowerState(121)) - d81605c5-54b3-45a8-b5ae-2e8d8890cbef: shutdown FollowerState
2019-10-17 20:28:45,846 [grpc-default-executor-4] INFO  impl.RoleInfo (RoleInfo.java:updateAndGet(143)) - d81605c5-54b3-45a8-b5ae-2e8d8890cbef: start FollowerState
2019-10-17 20:28:45,846 [Thread-2084] INFO  impl.FollowerState (FollowerState.java:run(117)) - d81605c5-54b3-45a8-b5ae-2e8d8890cbef@group-C2BDBBDF155D-FollowerState was interrupted: java.lang.InterruptedException: sleep interrupted
2019-10-17 20:28:45,867 [c07977b7-c8ef-4f3c-80b1-66a07c6e3dcd@group-C2BDBBDF155D-LeaderElection194] INFO  impl.LeaderElection (LeaderElection.java:logAndReturn(56)) - c07977b7-c8ef-4f3c-80b1-66a07c6e3dcd@group-C2BDBBDF155D-LeaderElection194: Election REJECTED; received 2 response(s) [c07977b7-c8ef-4f3c-80b1-66a07c6e3dcd<-d81605c5-54b3-45a8-b5ae-2e8d8890cbef#0:FAIL-t177, c07977b7-c8ef-4f3c-80b1-66a07c6e3dcd<-7f29c796-0732-402f-b865-67033766dcba#0:FAIL-t177] and 0 exception(s); c07977b7-c8ef-4f3c-80b1-66a07c6e3dcd@group-C2BDBBDF155D:t177, leader=null, voted=c07977b7-c8ef-4f3c-80b1-66a07c6e3dcd, raftlog=c07977b7-c8ef-4f3c-80b1-66a07c6e3dcd@group-C2BDBBDF155D-SegmentedRaftLog:OPENED:c-1,f-1,i0, conf=-1: [d81605c5-54b3-45a8-b5ae-2e8d8890cbef:192.168.164.201:42755, 7f29c796-0732-402f-b865-67033766dcba:192.168.164.201:40704, c07977b7-c8ef-4f3c-80b1-66a07c6e3dcd:192.168.164.201:38664], old=null
2019-10-17 20:28:45,868 [c07977b7-c8ef-4f3c-80b1-66a07c6e3dcd@group-C2BDBBDF155D-LeaderElection194] INFO  impl.RaftServerImpl (RaftServerImpl.java:setRole(184)) - c07977b7-c8ef-4f3c-80b1-66a07c6e3dcd@group-C2BDBBDF155D: changes role from CANDIDATE to FOLLOWER at term 177 for DISCOVERED_A_NEW_TERM
2019-10-17 20:28:45,868 [c07977b7-c8ef-4f3c-80b1-66a07c6e3dcd@group-C2BDBBDF155D-LeaderElection194] INFO  impl.RoleInfo (RoleInfo.java:shutdownLeaderElection(134)) - c07977b7-c8ef-4f3c-80b1-66a07c6e3dcd: shutdown LeaderElection
2019-10-17 20:28:45,868 [c07977b7-c8ef-4f3c-80b1-66a07c6e3dcd@group-C2BDBBDF155D-LeaderElection194] INFO  impl.RoleInfo (RoleInfo.java:updateAndGet(143)) - c07977b7-c8ef-4f3c-80b1-66a07c6e3dcd: start FollowerState
2019-10-17 20:28:46,008 [Thread-2092] INFO  impl.FollowerState (FollowerState.java:run(108)) - c07977b7-c8ef-4f3c-80b1-66a07c6e3dcd@group-C2BDBBDF155D-FollowerState: change to CANDIDATE, lastRpcTime:140ms, electionTimeout:140ms
2019-10-17 20:28:46,009 [Thread-2092] INFO  impl.RoleInfo (RoleInfo.java:shutdownFollowerState(121)) - c07977b7-c8ef-4f3c-80b1-66a07c6e3dcd: shutdown FollowerState
2019-10-17 20:28:46,009 [Thread-2092] INFO  impl.RaftServerImpl (RaftServerImpl.java:setRole(184)) - c07977b7-c8ef-4f3c-80b1-66a07c6e3dcd@group-C2BDBBDF155D: changes role from  FOLLOWER to CANDIDATE at term 177 for changeToCandidate
2019-10-17 20:28:46,009 [Thread-2092] INFO  impl.RoleInfo (RoleInfo.java:updateAndGet(143)) - c07977b7-c8ef-4f3c-80b1-66a07c6e3dcd: start LeaderElection
2019-10-17 20:28:46,033 [c07977b7-c8ef-4f3c-80b1-66a07c6e3dcd@group-C2BDBBDF155D-LeaderElection195] INFO  impl.LeaderElection (LeaderElection.java:askForVotes(178)) - c07977b7-c8ef-4f3c-80b1-66a07c6e3dcd@group-C2BDBBDF155D-LeaderElection195: begin an election at term 178 for -1: [d81605c5-54b3-45a8-b5ae-2e8d8890cbef:192.168.164.201:42755, 7f29c796-0732-402f-b865-67033766dcba:192.168.164.201:40704, c07977b7-c8ef-4f3c-80b1-66a07c6e3dcd:192.168.164.201:38664], old=null
2019-10-17 20:28:46,036 [grpc-default-executor-2] INFO  impl.RaftServerImpl (RaftServerImpl.java:setRole(184)) - 7f29c796-0732-402f-b865-67033766dcba@group-C2BDBBDF155D: changes role from  FOLLOWER to FOLLOWER at term 178 for recognizeCandidate:c07977b7-c8ef-4f3c-80b1-66a07c6e3dcd
2019-10-17 20:28:46,037 [grpc-default-executor-2] INFO  impl.RoleInfo (RoleInfo.java:shutdownFollowerState(121)) - 7f29c796-0732-402f-b865-67033766dcba: shutdown FollowerState
2019-10-17 20:28:46,037 [grpc-default-executor-4] INFO  impl.RaftServerImpl (RaftServerImpl.java:setRole(184)) - d81605c5-54b3-45a8-b5ae-2e8d8890cbef@group-C2BDBBDF155D: changes role from  FOLLOWER to FOLLOWER at term 178 for recognizeCandidate:c07977b7-c8ef-4f3c-80b1-66a07c6e3dcd
2019-10-17 20:28:46,037 [Thread-2090] INFO  impl.FollowerState (FollowerState.java:run(117)) - 7f29c796-0732-402f-b865-67033766dcba@group-C2BDBBDF155D-FollowerState was interrupted: java.lang.InterruptedException: sleep interrupted
2019-10-17 20:28:46,037 [grpc-default-executor-2] INFO  impl.RoleInfo (RoleInfo.java:updateAndGet(143)) - 7f29c796-0732-402f-b865-67033766dcba: start FollowerState
2019-10-17 20:28:46,037 [grpc-default-executor-4] INFO  impl.RoleInfo (RoleInfo.java:shutdownFollowerState(121)) - d81605c5-54b3-45a8-b5ae-2e8d8890cbef: shutdown FollowerState
2019-10-17 20:28:46,038 [grpc-default-executor-4] INFO  impl.RoleInfo (RoleInfo.java:updateAndGet(143)) - d81605c5-54b3-45a8-b5ae-2e8d8890cbef: start FollowerState
2019-10-17 20:28:46,038 [Thread-2091] INFO  impl.FollowerState (FollowerState.java:run(117)) - d81605c5-54b3-45a8-b5ae-2e8d8890cbef@group-C2BDBBDF155D-FollowerState was interrupted: java.lang.InterruptedException: sleep interrupted
2019-10-17 20:28:46,060 [c07977b7-c8ef-4f3c-80b1-66a07c6e3dcd@group-C2BDBBDF155D-LeaderElection195] INFO  impl.LeaderElection (LeaderElection.java:logAndReturn(56)) - c07977b7-c8ef-4f3c-80b1-66a07c6e3dcd@group-C2BDBBDF155D-LeaderElection195: Election REJECTED; received 2 response(s) [c07977b7-c8ef-4f3c-80b1-66a07c6e3dcd<-d81605c5-54b3-45a8-b5ae-2e8d8890cbef#0:FAIL-t178, c07977b7-c8ef-4f3c-80b1-66a07c6e3dcd<-7f29c796-0732-402f-b865-67033766dcba#0:FAIL-t178] and 0 exception(s); c07977b7-c8ef-4f3c-80b1-66a07c6e3dcd@group-C2BDBBDF155D:t178, leader=null, voted=c07977b7-c8ef-4f3c-80b1-66a07c6e3dcd, raftlog=c07977b7-c8ef-4f3c-80b1-66a07c6e3dcd@group-C2BDBBDF155D-SegmentedRaftLog:OPENED:c-1,f-1,i0, conf=-1: [d81605c5-54b3-45a8-b5ae-2e8d8890cbef:192.168.164.201:42755, 7f29c796-0732-402f-b865-67033766dcba:192.168.164.201:40704, c07977b7-c8ef-4f3c-80b1-66a07c6e3dcd:192.168.164.201:38664], old=null
2019-10-17 20:28:46,060 [c07977b7-c8ef-4f3c-80b1-66a07c6e3dcd@group-C2BDBBDF155D-LeaderElection195] INFO  impl.RaftServerImpl (RaftServerImpl.java:setRole(184)) - c07977b7-c8ef-4f3c-80b1-66a07c6e3dcd@group-C2BDBBDF155D: changes role from CANDIDATE to FOLLOWER at term 178 for DISCOVERED_A_NEW_TERM
2019-10-17 20:28:46,060 [c07977b7-c8ef-4f3c-80b1-66a07c6e3dcd@group-C2BDBBDF155D-LeaderElection195] INFO  impl.RoleInfo (RoleInfo.java:shutdownLeaderElection(134)) - c07977b7-c8ef-4f3c-80b1-66a07c6e3dcd: shutdown LeaderElection
2019-10-17 20:28:46,060 [c07977b7-c8ef-4f3c-80b1-66a07c6e3dcd@group-C2BDBBDF155D-LeaderElection195] INFO  impl.RoleInfo (RoleInfo.java:updateAndGet(143)) - c07977b7-c8ef-4f3c-80b1-66a07c6e3dcd: start FollowerState
2019-10-17 20:28:46,171 [Thread-2098] INFO  impl.FollowerState (FollowerState.java:run(108)) - c07977b7-c8ef-4f3c-80b1-66a07c6e3dcd@group-C2BDBBDF155D-FollowerState: change to CANDIDATE, lastRpcTime:111ms, electionTimeout:111ms
2019-10-17 20:28:46,172 [Thread-2098] INFO  impl.RoleInfo (RoleInfo.java:shutdownFollowerState(121)) - c07977b7-c8ef-4f3c-80b1-66a07c6e3dcd: shutdown FollowerState
2019-10-17 20:28:46,172 [Thread-2098] INFO  impl.RaftServerImpl (RaftServerImpl.java:setRole(184)) - c07977b7-c8ef-4f3c-80b1-66a07c6e3dcd@group-C2BDBBDF155D: changes role from  FOLLOWER to CANDIDATE at term 178 for changeToCandidate
2019-10-17 20:28:46,172 [Thread-2098] INFO  impl.RoleInfo (RoleInfo.java:updateAndGet(143)) - c07977b7-c8ef-4f3c-80b1-66a07c6e3dcd: start LeaderElection
2019-10-17 20:28:46,201 [c07977b7-c8ef-4f3c-80b1-66a07c6e3dcd@group-C2BDBBDF155D-LeaderElection196] INFO  impl.LeaderElection (LeaderElection.java:askForVotes(178)) - c07977b7-c8ef-4f3c-80b1-66a07c6e3dcd@group-C2BDBBDF155D-LeaderElection196: begin an election at term 179 for -1: [d81605c5-54b3-45a8-b5ae-2e8d8890cbef:192.168.164.201:42755, 7f29c796-0732-402f-b865-67033766dcba:192.168.164.201:40704, c07977b7-c8ef-4f3c-80b1-66a07c6e3dcd:192.168.164.201:38664], old=null
2019-10-17 20:28:46,203 [grpc-default-executor-2] INFO  impl.RaftServerImpl (RaftServerImpl.java:setRole(184)) - 7f29c796-0732-402f-b865-67033766dcba@group-C2BDBBDF155D: changes role from  FOLLOWER to FOLLOWER at term 179 for recognizeCandidate:c07977b7-c8ef-4f3c-80b1-66a07c6e3dcd
2019-10-17 20:28:46,203 [grpc-default-executor-4] INFO  impl.RaftServerImpl (RaftServerImpl.java:setRole(184)) - d81605c5-54b3-45a8-b5ae-2e8d8890cbef@group-C2BDBBDF155D: changes role from  FOLLOWER to FOLLOWER at term 179 for recognizeCandidate:c07977b7-c8ef-4f3c-80b1-66a07c6e3dcd
2019-10-17 20:28:46,204 [grpc-default-executor-4] INFO  impl.RoleInfo (RoleInfo.java:shutdownFollowerState(121)) - d81605c5-54b3-45a8-b5ae-2e8d8890cbef: shutdown FollowerState
2019-10-17 20:28:46,204 [grpc-default-executor-2] INFO  impl.RoleInfo (RoleInfo.java:shutdownFollowerState(121)) - 7f29c796-0732-402f-b865-67033766dcba: shutdown FollowerState
2019-10-17 20:28:46,204 [grpc-default-executor-4] INFO  impl.RoleInfo (RoleInfo.java:updateAndGet(143)) - d81605c5-54b3-45a8-b5ae-2e8d8890cbef: start FollowerState
2019-10-17 20:28:46,204 [Thread-2096] INFO  impl.FollowerState (FollowerState.java:run(117)) - 7f29c796-0732-402f-b865-67033766dcba@group-C2BDBBDF155D-FollowerState was interrupted: java.lang.InterruptedException: sleep interrupted
2019-10-17 20:28:46,204 [grpc-default-executor-2] INFO  impl.RoleInfo (RoleInfo.java:updateAndGet(143)) - 7f29c796-0732-402f-b865-67033766dcba: start FollowerState
2019-10-17 20:28:46,204 [Thread-2097] INFO  impl.FollowerState (FollowerState.java:run(117)) - d81605c5-54b3-45a8-b5ae-2e8d8890cbef@group-C2BDBBDF155D-FollowerState was interrupted: java.lang.InterruptedException: sleep interrupted
2019-10-17 20:28:46,227 [c07977b7-c8ef-4f3c-80b1-66a07c6e3dcd@group-C2BDBBDF155D-LeaderElection196] INFO  impl.LeaderElection (LeaderElection.java:logAndReturn(56)) - c07977b7-c8ef-4f3c-80b1-66a07c6e3dcd@group-C2BDBBDF155D-LeaderElection196: Election REJECTED; received 2 response(s) [c07977b7-c8ef-4f3c-80b1-66a07c6e3dcd<-d81605c5-54b3-45a8-b5ae-2e8d8890cbef#0:FAIL-t179, c07977b7-c8ef-4f3c-80b1-66a07c6e3dcd<-7f29c796-0732-402f-b865-67033766dcba#0:FAIL-t179] and 0 exception(s); c07977b7-c8ef-4f3c-80b1-66a07c6e3dcd@group-C2BDBBDF155D:t179, leader=null, voted=c07977b7-c8ef-4f3c-80b1-66a07c6e3dcd, raftlog=c07977b7-c8ef-4f3c-80b1-66a07c6e3dcd@group-C2BDBBDF155D-SegmentedRaftLog:OPENED:c-1,f-1,i0, conf=-1: [d81605c5-54b3-45a8-b5ae-2e8d8890cbef:192.168.164.201:42755, 7f29c796-0732-402f-b865-67033766dcba:192.168.164.201:40704, c07977b7-c8ef-4f3c-80b1-66a07c6e3dcd:192.168.164.201:38664], old=null
2019-10-17 20:28:46,227 [c07977b7-c8ef-4f3c-80b1-66a07c6e3dcd@group-C2BDBBDF155D-LeaderElection196] INFO  impl.RaftServerImpl (RaftServerImpl.java:setRole(184)) - c07977b7-c8ef-4f3c-80b1-66a07c6e3dcd@group-C2BDBBDF155D: changes role from CANDIDATE to FOLLOWER at term 179 for DISCOVERED_A_NEW_TERM
2019-10-17 20:28:46,227 [c07977b7-c8ef-4f3c-80b1-66a07c6e3dcd@group-C2BDBBDF155D-LeaderElection196] INFO  impl.RoleInfo (RoleInfo.java:shutdownLeaderElection(134)) - c07977b7-c8ef-4f3c-80b1-66a07c6e3dcd: shutdown LeaderElection
2019-10-17 20:28:46,227 [c07977b7-c8ef-4f3c-80b1-66a07c6e3dcd@group-C2BDBBDF155D-LeaderElection196] INFO  impl.RoleInfo (RoleInfo.java:updateAndGet(143)) - c07977b7-c8ef-4f3c-80b1-66a07c6e3dcd: start FollowerState
2019-10-17 20:28:46,399 [Thread-2104] INFO  impl.FollowerState (FollowerState.java:run(108)) - c07977b7-c8ef-4f3c-80b1-66a07c6e3dcd@group-C2BDBBDF155D-FollowerState: change to CANDIDATE, lastRpcTime:171ms, electionTimeout:171ms
2019-10-17 20:28:46,399 [Thread-2104] INFO  impl.RoleInfo (RoleInfo.java:shutdownFollowerState(121)) - c07977b7-c8ef-4f3c-80b1-66a07c6e3dcd: shutdown FollowerState
2019-10-17 20:28:46,399 [Thread-2104] INFO  impl.RaftServerImpl (RaftServerImpl.java:setRole(184)) - c07977b7-c8ef-4f3c-80b1-66a07c6e3dcd@group-C2BDBBDF155D: changes role from  FOLLOWER to CANDIDATE at term 179 for changeToCandidate
2019-10-17 20:28:46,400 [Thread-2104] INFO  impl.RoleInfo (RoleInfo.java:updateAndGet(143)) - c07977b7-c8ef-4f3c-80b1-66a07c6e3dcd: start LeaderElection
2019-10-17 20:28:46,426 [c07977b7-c8ef-4f3c-80b1-66a07c6e3dcd@group-C2BDBBDF155D-LeaderElection197] INFO  impl.LeaderElection (LeaderElection.java:askForVotes(178)) - c07977b7-c8ef-4f3c-80b1-66a07c6e3dcd@group-C2BDBBDF155D-LeaderElection197: begin an election at term 180 for -1: [d81605c5-54b3-45a8-b5ae-2e8d8890cbef:192.168.164.201:42755, 7f29c796-0732-402f-b865-67033766dcba:192.168.164.201:40704, c07977b7-c8ef-4f3c-80b1-66a07c6e3dcd:192.168.164.201:38664], old=null
2019-10-17 20:28:46,429 [grpc-default-executor-2] INFO  impl.RaftServerImpl (RaftServerImpl.java:setRole(184)) - 7f29c796-0732-402f-b865-67033766dcba@group-C2BDBBDF155D: changes role from  FOLLOWER to FOLLOWER at term 180 for recognizeCandidate:c07977b7-c8ef-4f3c-80b1-66a07c6e3dcd
2019-10-17 20:28:46,429 [grpc-default-executor-4] INFO  impl.RaftServerImpl (RaftServerImpl.java:setRole(184)) - d81605c5-54b3-45a8-b5ae-2e8d8890cbef@group-C2BDBBDF155D: changes role from  FOLLOWER to FOLLOWER at term 180 for recognizeCandidate:c07977b7-c8ef-4f3c-80b1-66a07c6e3dcd
2019-10-17 20:28:46,429 [grpc-default-executor-2] INFO  impl.RoleInfo (RoleInfo.java:shutdownFollowerState(121)) - 7f29c796-0732-402f-b865-67033766dcba: shutdown FollowerState
2019-10-17 20:28:46,430 [grpc-default-executor-4] INFO  impl.RoleInfo (RoleInfo.java:shutdownFollowerState(121)) - d81605c5-54b3-45a8-b5ae-2e8d8890cbef: shutdown FollowerState
2019-10-17 20:28:46,430 [Thread-2103] INFO  impl.FollowerState (FollowerState.java:run(117)) - 7f29c796-0732-402f-b865-67033766dcba@group-C2BDBBDF155D-FollowerState was interrupted: java.lang.InterruptedException: sleep interrupted
2019-10-17 20:28:46,430 [grpc-default-executor-2] INFO  impl.RoleInfo (RoleInfo.java:updateAndGet(143)) - 7f29c796-0732-402f-b865-67033766dcba: start FollowerState
2019-10-17 20:28:46,430 [Thread-2102] INFO  impl.FollowerState (FollowerState.java:run(117)) - d81605c5-54b3-45a8-b5ae-2e8d8890cbef@group-C2BDBBDF155D-FollowerState was interrupted: java.lang.InterruptedException: sleep interrupted
2019-10-17 20:28:46,430 [grpc-default-executor-4] INFO  impl.RoleInfo (RoleInfo.java:updateAndGet(143)) - d81605c5-54b3-45a8-b5ae-2e8d8890cbef: start FollowerState
2019-10-17 20:28:46,441 [c07977b7-c8ef-4f3c-80b1-66a07c6e3dcd@group-C2BDBBDF155D-LeaderElection197] INFO  impl.LeaderElection (LeaderElection.java:logAndReturn(56)) - c07977b7-c8ef-4f3c-80b1-66a07c6e3dcd@group-C2BDBBDF155D-LeaderElection197: Election TIMEOUT; received 0 response(s) [] and 0 exception(s); c07977b7-c8ef-4f3c-80b1-66a07c6e3dcd@group-C2BDBBDF155D:t180, leader=null, voted=c07977b7-c8ef-4f3c-80b1-66a07c6e3dcd, raftlog=c07977b7-c8ef-4f3c-80b1-66a07c6e3dcd@group-C2BDBBDF155D-SegmentedRaftLog:OPENED:c-1,f-1,i0, conf=-1: [d81605c5-54b3-45a8-b5ae-2e8d8890cbef:192.168.164.201:42755, 7f29c796-0732-402f-b865-67033766dcba:192.168.164.201:40704, c07977b7-c8ef-4f3c-80b1-66a07c6e3dcd:192.168.164.201:38664], old=null
2019-10-17 20:28:46,469 [c07977b7-c8ef-4f3c-80b1-66a07c6e3dcd@group-C2BDBBDF155D-LeaderElection197] INFO  impl.LeaderElection (LeaderElection.java:askForVotes(178)) - c07977b7-c8ef-4f3c-80b1-66a07c6e3dcd@group-C2BDBBDF155D-LeaderElection197: begin an election at term 181 for -1: [d81605c5-54b3-45a8-b5ae-2e8d8890cbef:192.168.164.201:42755, 7f29c796-0732-402f-b865-67033766dcba:192.168.164.201:40704, c07977b7-c8ef-4f3c-80b1-66a07c6e3dcd:192.168.164.201:38664], old=null
2019-10-17 20:28:46,471 [grpc-default-executor-4] INFO  impl.RaftServerImpl (RaftServerImpl.java:setRole(184)) - 7f29c796-0732-402f-b865-67033766dcba@group-C2BDBBDF155D: changes role from  FOLLOWER to FOLLOWER at term 181 for recognizeCandidate:c07977b7-c8ef-4f3c-80b1-66a07c6e3dcd
2019-10-17 20:28:46,472 [grpc-default-executor-4] INFO  impl.RoleInfo (RoleInfo.java:shutdownFollowerState(121)) - 7f29c796-0732-402f-b865-67033766dcba: shutdown FollowerState
2019-10-17 20:28:46,472 [grpc-default-executor-4] INFO  impl.RoleInfo (RoleInfo.java:updateAndGet(143)) - 7f29c796-0732-402f-b865-67033766dcba: start FollowerState
2019-10-17 20:28:46,472 [grpc-default-executor-2] INFO  impl.RaftServerImpl (RaftServerImpl.java:setRole(184)) - d81605c5-54b3-45a8-b5ae-2e8d8890cbef@group-C2BDBBDF155D: changes role from  FOLLOWER to FOLLOWER at term 181 for recognizeCandidate:c07977b7-c8ef-4f3c-80b1-66a07c6e3dcd
2019-10-17 20:28:46,472 [Thread-2108] INFO  impl.FollowerState (FollowerState.java:run(117)) - 7f29c796-0732-402f-b865-67033766dcba@group-C2BDBBDF155D-FollowerState was interrupted: java.lang.InterruptedException: sleep interrupted
2019-10-17 20:28:46,472 [grpc-default-executor-2] INFO  impl.RoleInfo (RoleInfo.java:shutdownFollowerState(121)) - d81605c5-54b3-45a8-b5ae-2e8d8890cbef: shutdown FollowerState
2019-10-17 20:28:46,473 [grpc-default-executor-2] INFO  impl.RoleInfo (RoleInfo.java:updateAndGet(143)) - d81605c5-54b3-45a8-b5ae-2e8d8890cbef: start FollowerState
2019-10-17 20:28:46,473 [Thread-2109] INFO  impl.FollowerState (FollowerState.java:run(117)) - d81605c5-54b3-45a8-b5ae-2e8d8890cbef@group-C2BDBBDF155D-FollowerState was interrupted: java.lang.InterruptedException: sleep interrupted
2019-10-17 20:28:46,483 [c07977b7-c8ef-4f3c-80b1-66a07c6e3dcd@group-C2BDBBDF155D-LeaderElection197] INFO  impl.LeaderElection (LeaderElection.java:logAndReturn(56)) - c07977b7-c8ef-4f3c-80b1-66a07c6e3dcd@group-C2BDBBDF155D-LeaderElection197: Election TIMEOUT; received 0 response(s) [] and 0 exception(s); c07977b7-c8ef-4f3c-80b1-66a07c6e3dcd@group-C2BDBBDF155D:t181, leader=null, voted=c07977b7-c8ef-4f3c-80b1-66a07c6e3dcd, raftlog=c07977b7-c8ef-4f3c-80b1-66a07c6e3dcd@group-C2BDBBDF155D-SegmentedRaftLog:OPENED:c-1,f-1,i0, conf=-1: [d81605c5-54b3-45a8-b5ae-2e8d8890cbef:192.168.164.201:42755, 7f29c796-0732-402f-b865-67033766dcba:192.168.164.201:40704, c07977b7-c8ef-4f3c-80b1-66a07c6e3dcd:192.168.164.201:38664], old=null
2019-10-17 20:28:46,511 [c07977b7-c8ef-4f3c-80b1-66a07c6e3dcd@group-C2BDBBDF155D-LeaderElection197] INFO  impl.LeaderElection (LeaderElection.java:askForVotes(178)) - c07977b7-c8ef-4f3c-80b1-66a07c6e3dcd@group-C2BDBBDF155D-LeaderElection197: begin an election at term 182 for -1: [d81605c5-54b3-45a8-b5ae-2e8d8890cbef:192.168.164.201:42755, 7f29c796-0732-402f-b865-67033766dcba:192.168.164.201:40704, c07977b7-c8ef-4f3c-80b1-66a07c6e3dcd:192.168.164.201:38664], old=null
2019-10-17 20:28:46,513 [grpc-default-executor-2] INFO  impl.RaftServerImpl (RaftServerImpl.java:setRole(184)) - 7f29c796-0732-402f-b865-67033766dcba@group-C2BDBBDF155D: changes role from  FOLLOWER to FOLLOWER at term 182 for recognizeCandidate:c07977b7-c8ef-4f3c-80b1-66a07c6e3dcd
2019-10-17 20:28:46,514 [grpc-default-executor-2] INFO  impl.RoleInfo (RoleInfo.java:shutdownFollowerState(121)) - 7f29c796-0732-402f-b865-67033766dcba: shutdown FollowerState
2019-10-17 20:28:46,513 [grpc-default-executor-4] INFO  impl.RaftServerImpl (RaftServerImpl.java:setRole(184)) - d81605c5-54b3-45a8-b5ae-2e8d8890cbef@group-C2BDBBDF155D: changes role from  FOLLOWER to FOLLOWER at term 182 for recognizeCandidate:c07977b7-c8ef-4f3c-80b1-66a07c6e3dcd
2019-10-17 20:28:46,514 [grpc-default-executor-4] INFO  impl.RoleInfo (RoleInfo.java:shutdownFollowerState(121)) - d81605c5-54b3-45a8-b5ae-2e8d8890cbef: shutdown FollowerState
2019-10-17 20:28:46,514 [Thread-2112] INFO  impl.FollowerState (FollowerState.java:run(117)) - 7f29c796-0732-402f-b865-67033766dcba@group-C2BDBBDF155D-FollowerState was interrupted: java.lang.InterruptedException: sleep interrupted
2019-10-17 20:28:46,514 [grpc-default-executor-2] INFO  impl.RoleInfo (RoleInfo.java:updateAndGet(143)) - 7f29c796-0732-402f-b865-67033766dcba: start FollowerState
2019-10-17 20:28:46,514 [Thread-2113] INFO  impl.FollowerState (FollowerState.java:run(117)) - d81605c5-54b3-45a8-b5ae-2e8d8890cbef@group-C2BDBBDF155D-FollowerState was interrupted: java.lang.InterruptedException: sleep interrupted
2019-10-17 20:28:46,514 [grpc-default-executor-4] INFO  impl.RoleInfo (RoleInfo.java:updateAndGet(143)) - d81605c5-54b3-45a8-b5ae-2e8d8890cbef: start FollowerState
2019-10-17 20:28:46,537 [c07977b7-c8ef-4f3c-80b1-66a07c6e3dcd@group-C2BDBBDF155D-LeaderElection197] INFO  impl.LeaderElection (LeaderElection.java:logAndReturn(56)) - c07977b7-c8ef-4f3c-80b1-66a07c6e3dcd@group-C2BDBBDF155D-LeaderElection197: Election REJECTED; received 2 response(s) [c07977b7-c8ef-4f3c-80b1-66a07c6e3dcd<-d81605c5-54b3-45a8-b5ae-2e8d8890cbef#0:FAIL-t182, c07977b7-c8ef-4f3c-80b1-66a07c6e3dcd<-7f29c796-0732-402f-b865-67033766dcba#0:FAIL-t182] and 0 exception(s); c07977b7-c8ef-4f3c-80b1-66a07c6e3dcd@group-C2BDBBDF155D:t182, leader=null, voted=c07977b7-c8ef-4f3c-80b1-66a07c6e3dcd, raftlog=c07977b7-c8ef-4f3c-80b1-66a07c6e3dcd@group-C2BDBBDF155D-SegmentedRaftLog:OPENED:c-1,f-1,i0, conf=-1: [d81605c5-54b3-45a8-b5ae-2e8d8890cbef:192.168.164.201:42755, 7f29c796-0732-402f-b865-67033766dcba:192.168.164.201:40704, c07977b7-c8ef-4f3c-80b1-66a07c6e3dcd:192.168.164.201:38664], old=null
2019-10-17 20:28:46,537 [c07977b7-c8ef-4f3c-80b1-66a07c6e3dcd@group-C2BDBBDF155D-LeaderElection197] INFO  impl.RaftServerImpl (RaftServerImpl.java:setRole(184)) - c07977b7-c8ef-4f3c-80b1-66a07c6e3dcd@group-C2BDBBDF155D: changes role from CANDIDATE to FOLLOWER at term 182 for DISCOVERED_A_NEW_TERM
2019-10-17 20:28:46,540 [c07977b7-c8ef-4f3c-80b1-66a07c6e3dcd@group-C2BDBBDF155D-LeaderElection197] INFO  impl.RoleInfo (RoleInfo.java:shutdownLeaderElection(134)) - c07977b7-c8ef-4f3c-80b1-66a07c6e3dcd: shutdown LeaderElection
2019-10-17 20:28:46,540 [c07977b7-c8ef-4f3c-80b1-66a07c6e3dcd@group-C2BDBBDF155D-LeaderElection197] INFO  impl.RoleInfo (RoleInfo.java:updateAndGet(143)) - c07977b7-c8ef-4f3c-80b1-66a07c6e3dcd: start FollowerState
2019-10-17 20:28:46,541 [Thread-754] INFO  ozone.MiniOzoneClusterImpl (MiniOzoneClusterImpl.java:lambda$waitForClusterToBeReady$2(164)) - Waiting for 1 number of pipelines out of 4, to report a leader.
2019-10-17 20:28:46,560 [Thread-2118] INFO  impl.FollowerState (FollowerState.java:run(108)) - c07977b7-c8ef-4f3c-80b1-66a07c6e3dcd@group-C2BDBBDF155D-FollowerState: change to CANDIDATE, lastRpcTime:19ms, electionTimeout:19ms
2019-10-17 20:28:46,560 [Thread-2118] INFO  impl.RoleInfo (RoleInfo.java:shutdownFollowerState(121)) - c07977b7-c8ef-4f3c-80b1-66a07c6e3dcd: shutdown FollowerState
2019-10-17 20:28:46,560 [Thread-2118] INFO  impl.RaftServerImpl (RaftServerImpl.java:setRole(184)) - c07977b7-c8ef-4f3c-80b1-66a07c6e3dcd@group-C2BDBBDF155D: changes role from  FOLLOWER to CANDIDATE at term 182 for changeToCandidate
2019-10-17 20:28:46,561 [Thread-2118] INFO  impl.RoleInfo (RoleInfo.java:updateAndGet(143)) - c07977b7-c8ef-4f3c-80b1-66a07c6e3dcd: start LeaderElection
2019-10-17 20:28:46,586 [c07977b7-c8ef-4f3c-80b1-66a07c6e3dcd@group-C2BDBBDF155D-LeaderElection198] INFO  impl.LeaderElection (LeaderElection.java:askForVotes(178)) - c07977b7-c8ef-4f3c-80b1-66a07c6e3dcd@group-C2BDBBDF155D-LeaderElection198: begin an election at term 183 for -1: [d81605c5-54b3-45a8-b5ae-2e8d8890cbef:192.168.164.201:42755, 7f29c796-0732-402f-b865-67033766dcba:192.168.164.201:40704, c07977b7-c8ef-4f3c-80b1-66a07c6e3dcd:192.168.164.201:38664], old=null
2019-10-17 20:28:46,591 [grpc-default-executor-2] INFO  impl.RaftServerImpl (RaftServerImpl.java:setRole(184)) - 7f29c796-0732-402f-b865-67033766dcba@group-C2BDBBDF155D: changes role from  FOLLOWER to FOLLOWER at term 183 for recognizeCandidate:c07977b7-c8ef-4f3c-80b1-66a07c6e3dcd
2019-10-17 20:28:46,591 [grpc-default-executor-4] INFO  impl.RaftServerImpl (RaftServerImpl.java:setRole(184)) - d81605c5-54b3-45a8-b5ae-2e8d8890cbef@group-C2BDBBDF155D: changes role from  FOLLOWER to FOLLOWER at term 183 for recognizeCandidate:c07977b7-c8ef-4f3c-80b1-66a07c6e3dcd
2019-10-17 20:28:46,591 [grpc-default-executor-2] INFO  impl.RoleInfo (RoleInfo.java:shutdownFollowerState(121)) - 7f29c796-0732-402f-b865-67033766dcba: shutdown FollowerState
2019-10-17 20:28:46,591 [grpc-default-executor-4] INFO  impl.RoleInfo (RoleInfo.java:shutdownFollowerState(121)) - d81605c5-54b3-45a8-b5ae-2e8d8890cbef: shutdown FollowerState
2019-10-17 20:28:46,591 [Thread-2116] INFO  impl.FollowerState (FollowerState.java:run(117)) - 7f29c796-0732-402f-b865-67033766dcba@group-C2BDBBDF155D-FollowerState was interrupted: java.lang.InterruptedException: sleep interrupted
2019-10-17 20:28:46,591 [grpc-default-executor-2] INFO  impl.RoleInfo (RoleInfo.java:updateAndGet(143)) - 7f29c796-0732-402f-b865-67033766dcba: start FollowerState
2019-10-17 20:28:46,592 [Thread-2117] INFO  impl.FollowerState (FollowerState.java:run(117)) - d81605c5-54b3-45a8-b5ae-2e8d8890cbef@group-C2BDBBDF155D-FollowerState was interrupted: java.lang.InterruptedException: sleep interrupted
2019-10-17 20:28:46,591 [grpc-default-executor-4] INFO  impl.RoleInfo (RoleInfo.java:updateAndGet(143)) - d81605c5-54b3-45a8-b5ae-2e8d8890cbef: start FollowerState
2019-10-17 20:28:46,620 [c07977b7-c8ef-4f3c-80b1-66a07c6e3dcd@group-C2BDBBDF155D-LeaderElection198] INFO  impl.LeaderElection (LeaderElection.java:logAndReturn(56)) - c07977b7-c8ef-4f3c-80b1-66a07c6e3dcd@group-C2BDBBDF155D-LeaderElection198: Election TIMEOUT; received 0 response(s) [] and 0 exception(s); c07977b7-c8ef-4f3c-80b1-66a07c6e3dcd@group-C2BDBBDF155D:t183, leader=null, voted=c07977b7-c8ef-4f3c-80b1-66a07c6e3dcd, raftlog=c07977b7-c8ef-4f3c-80b1-66a07c6e3dcd@group-C2BDBBDF155D-SegmentedRaftLog:OPENED:c-1,f-1,i0, conf=-1: [d81605c5-54b3-45a8-b5ae-2e8d8890cbef:192.168.164.201:42755, 7f29c796-0732-402f-b865-67033766dcba:192.168.164.201:40704, c07977b7-c8ef-4f3c-80b1-66a07c6e3dcd:192.168.164.201:38664], old=null
2019-10-17 20:28:46,646 [c07977b7-c8ef-4f3c-80b1-66a07c6e3dcd@group-C2BDBBDF155D-LeaderElection198] INFO  impl.LeaderElection (LeaderElection.java:askForVotes(178)) - c07977b7-c8ef-4f3c-80b1-66a07c6e3dcd@group-C2BDBBDF155D-LeaderElection198: begin an election at term 184 for -1: [d81605c5-54b3-45a8-b5ae-2e8d8890cbef:192.168.164.201:42755, 7f29c796-0732-402f-b865-67033766dcba:192.168.164.201:40704, c07977b7-c8ef-4f3c-80b1-66a07c6e3dcd:192.168.164.201:38664], old=null
2019-10-17 20:28:46,649 [grpc-default-executor-4] INFO  impl.RaftServerImpl (RaftServerImpl.java:setRole(184)) - d81605c5-54b3-45a8-b5ae-2e8d8890cbef@group-C2BDBBDF155D: changes role from  FOLLOWER to FOLLOWER at term 184 for recognizeCandidate:c07977b7-c8ef-4f3c-80b1-66a07c6e3dcd
2019-10-17 20:28:46,649 [grpc-default-executor-2] INFO  impl.RaftServerImpl (RaftServerImpl.java:setRole(184)) - 7f29c796-0732-402f-b865-67033766dcba@group-C2BDBBDF155D: changes role from  FOLLOWER to FOLLOWER at term 184 for recognizeCandidate:c07977b7-c8ef-4f3c-80b1-66a07c6e3dcd
2019-10-17 20:28:46,649 [grpc-default-executor-4] INFO  impl.RoleInfo (RoleInfo.java:shutdownFollowerState(121)) - d81605c5-54b3-45a8-b5ae-2e8d8890cbef: shutdown FollowerState
2019-10-17 20:28:46,649 [grpc-default-executor-2] INFO  impl.RoleInfo (RoleInfo.java:shutdownFollowerState(121)) - 7f29c796-0732-402f-b865-67033766dcba: shutdown FollowerState
2019-10-17 20:28:46,649 [Thread-2123] INFO  impl.FollowerState (FollowerState.java:run(117)) - d81605c5-54b3-45a8-b5ae-2e8d8890cbef@group-C2BDBBDF155D-FollowerState was interrupted: java.lang.InterruptedException: sleep interrupted
2019-10-17 20:28:46,649 [grpc-default-executor-4] INFO  impl.RoleInfo (RoleInfo.java:updateAndGet(143)) - d81605c5-54b3-45a8-b5ae-2e8d8890cbef: start FollowerState
2019-10-17 20:28:46,650 [Thread-2122] INFO  impl.FollowerState (FollowerState.java:run(117)) - 7f29c796-0732-402f-b865-67033766dcba@group-C2BDBBDF155D-FollowerState was interrupted: java.lang.InterruptedException: sleep interrupted
2019-10-17 20:28:46,649 [grpc-default-executor-2] INFO  impl.RoleInfo (RoleInfo.java:updateAndGet(143)) - 7f29c796-0732-402f-b865-67033766dcba: start FollowerState
2019-10-17 20:28:46,672 [c07977b7-c8ef-4f3c-80b1-66a07c6e3dcd@group-C2BDBBDF155D-LeaderElection198] INFO  impl.LeaderElection (LeaderElection.java:logAndReturn(56)) - c07977b7-c8ef-4f3c-80b1-66a07c6e3dcd@group-C2BDBBDF155D-LeaderElection198: Election REJECTED; received 2 response(s) [c07977b7-c8ef-4f3c-80b1-66a07c6e3dcd<-d81605c5-54b3-45a8-b5ae-2e8d8890cbef#0:FAIL-t184, c07977b7-c8ef-4f3c-80b1-66a07c6e3dcd<-7f29c796-0732-402f-b865-67033766dcba#0:FAIL-t184] and 0 exception(s); c07977b7-c8ef-4f3c-80b1-66a07c6e3dcd@group-C2BDBBDF155D:t184, leader=null, voted=c07977b7-c8ef-4f3c-80b1-66a07c6e3dcd, raftlog=c07977b7-c8ef-4f3c-80b1-66a07c6e3dcd@group-C2BDBBDF155D-SegmentedRaftLog:OPENED:c-1,f-1,i0, conf=-1: [d81605c5-54b3-45a8-b5ae-2e8d8890cbef:192.168.164.201:42755, 7f29c796-0732-402f-b865-67033766dcba:192.168.164.201:40704, c07977b7-c8ef-4f3c-80b1-66a07c6e3dcd:192.168.164.201:38664], old=null
2019-10-17 20:28:46,672 [c07977b7-c8ef-4f3c-80b1-66a07c6e3dcd@group-C2BDBBDF155D-LeaderElection198] INFO  impl.RaftServerImpl (RaftServerImpl.java:setRole(184)) - c07977b7-c8ef-4f3c-80b1-66a07c6e3dcd@group-C2BDBBDF155D: changes role from CANDIDATE to FOLLOWER at term 184 for DISCOVERED_A_NEW_TERM
2019-10-17 20:28:46,672 [c07977b7-c8ef-4f3c-80b1-66a07c6e3dcd@group-C2BDBBDF155D-LeaderElection198] INFO  impl.RoleInfo (RoleInfo.java:shutdownLeaderElection(134)) - c07977b7-c8ef-4f3c-80b1-66a07c6e3dcd: shutdown LeaderElection
2019-10-17 20:28:46,672 [c07977b7-c8ef-4f3c-80b1-66a07c6e3dcd@group-C2BDBBDF155D-LeaderElection198] INFO  impl.RoleInfo (RoleInfo.java:updateAndGet(143)) - c07977b7-c8ef-4f3c-80b1-66a07c6e3dcd: start FollowerState
2019-10-17 20:28:46,729 [Thread-2128] INFO  impl.FollowerState (FollowerState.java:run(108)) - c07977b7-c8ef-4f3c-80b1-66a07c6e3dcd@group-C2BDBBDF155D-FollowerState: change to CANDIDATE, lastRpcTime:56ms, electionTimeout:56ms
2019-10-17 20:28:46,729 [Thread-2128] INFO  impl.RoleInfo (RoleInfo.java:shutdownFollowerState(121)) - c07977b7-c8ef-4f3c-80b1-66a07c6e3dcd: shutdown FollowerState
2019-10-17 20:28:46,729 [Thread-2128] INFO  impl.RaftServerImpl (RaftServerImpl.java:setRole(184)) - c07977b7-c8ef-4f3c-80b1-66a07c6e3dcd@group-C2BDBBDF155D: changes role from  FOLLOWER to CANDIDATE at term 184 for changeToCandidate
2019-10-17 20:28:46,729 [Thread-2128] INFO  impl.RoleInfo (RoleInfo.java:updateAndGet(143)) - c07977b7-c8ef-4f3c-80b1-66a07c6e3dcd: start LeaderElection
2019-10-17 20:28:46,755 [c07977b7-c8ef-4f3c-80b1-66a07c6e3dcd@group-C2BDBBDF155D-LeaderElection199] INFO  impl.LeaderElection (LeaderElection.java:askForVotes(178)) - c07977b7-c8ef-4f3c-80b1-66a07c6e3dcd@group-C2BDBBDF155D-LeaderElection199: begin an election at term 185 for -1: [d81605c5-54b3-45a8-b5ae-2e8d8890cbef:192.168.164.201:42755, 7f29c796-0732-402f-b865-67033766dcba:192.168.164.201:40704, c07977b7-c8ef-4f3c-80b1-66a07c6e3dcd:192.168.164.201:38664], old=null
2019-10-17 20:28:46,769 [grpc-default-executor-4] INFO  impl.RaftServerImpl (RaftServerImpl.java:setRole(184)) - d81605c5-54b3-45a8-b5ae-2e8d8890cbef@group-C2BDBBDF155D: changes role from  FOLLOWER to FOLLOWER at term 185 for recognizeCandidate:c07977b7-c8ef-4f3c-80b1-66a07c6e3dcd
2019-10-17 20:28:46,770 [grpc-default-executor-4] INFO  impl.RoleInfo (RoleInfo.java:shutdownFollowerState(121)) - d81605c5-54b3-45a8-b5ae-2e8d8890cbef: shutdown FollowerState
2019-10-17 20:28:46,769 [grpc-default-executor-2] INFO  impl.RaftServerImpl (RaftServerImpl.java:setRole(184)) - 7f29c796-0732-402f-b865-67033766dcba@group-C2BDBBDF155D: changes role from  FOLLOWER to FOLLOWER at term 185 for recognizeCandidate:c07977b7-c8ef-4f3c-80b1-66a07c6e3dcd
2019-10-17 20:28:46,770 [grpc-default-executor-2] INFO  impl.RoleInfo (RoleInfo.java:shutdownFollowerState(121)) - 7f29c796-0732-402f-b865-67033766dcba: shutdown FollowerState
2019-10-17 20:28:46,770 [grpc-default-executor-2] INFO  impl.RoleInfo (RoleInfo.java:updateAndGet(143)) - 7f29c796-0732-402f-b865-67033766dcba: start FollowerState
2019-10-17 20:28:46,770 [Thread-2126] INFO  impl.FollowerState (FollowerState.java:run(117)) - d81605c5-54b3-45a8-b5ae-2e8d8890cbef@group-C2BDBBDF155D-FollowerState was interrupted: java.lang.InterruptedException: sleep interrupted
2019-10-17 20:28:46,770 [grpc-default-executor-4] INFO  impl.RoleInfo (RoleInfo.java:updateAndGet(143)) - d81605c5-54b3-45a8-b5ae-2e8d8890cbef: start FollowerState
2019-10-17 20:28:46,770 [Thread-2127] INFO  impl.FollowerState (FollowerState.java:run(117)) - 7f29c796-0732-402f-b865-67033766dcba@group-C2BDBBDF155D-FollowerState was interrupted: java.lang.InterruptedException: sleep interrupted
2019-10-17 20:28:46,777 [c07977b7-c8ef-4f3c-80b1-66a07c6e3dcd@group-C2BDBBDF155D-LeaderElection199] INFO  impl.LeaderElection (LeaderElection.java:logAndReturn(56)) - c07977b7-c8ef-4f3c-80b1-66a07c6e3dcd@group-C2BDBBDF155D-LeaderElection199: Election TIMEOUT; received 0 response(s) [] and 0 exception(s); c07977b7-c8ef-4f3c-80b1-66a07c6e3dcd@group-C2BDBBDF155D:t185, leader=null, voted=c07977b7-c8ef-4f3c-80b1-66a07c6e3dcd, raftlog=c07977b7-c8ef-4f3c-80b1-66a07c6e3dcd@group-C2BDBBDF155D-SegmentedRaftLog:OPENED:c-1,f-1,i0, conf=-1: [d81605c5-54b3-45a8-b5ae-2e8d8890cbef:192.168.164.201:42755, 7f29c796-0732-402f-b865-67033766dcba:192.168.164.201:40704, c07977b7-c8ef-4f3c-80b1-66a07c6e3dcd:192.168.164.201:38664], old=null
2019-10-17 20:28:46,794 [c07977b7-c8ef-4f3c-80b1-66a07c6e3dcd@group-C2BDBBDF155D-LeaderElection199] INFO  impl.LeaderElection (LeaderElection.java:askForVotes(178)) - c07977b7-c8ef-4f3c-80b1-66a07c6e3dcd@group-C2BDBBDF155D-LeaderElection199: begin an election at term 186 for -1: [d81605c5-54b3-45a8-b5ae-2e8d8890cbef:192.168.164.201:42755, 7f29c796-0732-402f-b865-67033766dcba:192.168.164.201:40704, c07977b7-c8ef-4f3c-80b1-66a07c6e3dcd:192.168.164.201:38664], old=null
2019-10-17 20:28:46,796 [grpc-default-executor-4] INFO  impl.RaftServerImpl (RaftServerImpl.java:setRole(184)) - d81605c5-54b3-45a8-b5ae-2e8d8890cbef@group-C2BDBBDF155D: changes role from  FOLLOWER to FOLLOWER at term 186 for recognizeCandidate:c07977b7-c8ef-4f3c-80b1-66a07c6e3dcd
2019-10-17 20:28:46,796 [grpc-default-executor-4] INFO  impl.RoleInfo (RoleInfo.java:shutdownFollowerState(121)) - d81605c5-54b3-45a8-b5ae-2e8d8890cbef: shutdown FollowerState
2019-10-17 20:28:46,796 [grpc-default-executor-2] INFO  impl.RaftServerImpl (RaftServerImpl.java:setRole(184)) - 7f29c796-0732-402f-b865-67033766dcba@group-C2BDBBDF155D: changes role from  FOLLOWER to FOLLOWER at term 186 for recognizeCandidate:c07977b7-c8ef-4f3c-80b1-66a07c6e3dcd
2019-10-17 20:28:46,797 [grpc-default-executor-2] INFO  impl.RoleInfo (RoleInfo.java:shutdownFollowerState(121)) - 7f29c796-0732-402f-b865-67033766dcba: shutdown FollowerState
2019-10-17 20:28:46,797 [Thread-2132] INFO  impl.FollowerState (FollowerState.java:run(117)) - d81605c5-54b3-45a8-b5ae-2e8d8890cbef@group-C2BDBBDF155D-FollowerState was interrupted: java.lang.InterruptedException: sleep interrupted
2019-10-17 20:28:46,797 [Thread-2133] INFO  impl.FollowerState (FollowerState.java:run(117)) - 7f29c796-0732-402f-b865-67033766dcba@group-C2BDBBDF155D-FollowerState was interrupted: java.lang.InterruptedException: sleep interrupted
2019-10-17 20:28:46,797 [grpc-default-executor-4] INFO  impl.RoleInfo (RoleInfo.java:updateAndGet(143)) - d81605c5-54b3-45a8-b5ae-2e8d8890cbef: start FollowerState
2019-10-17 20:28:46,797 [grpc-default-executor-2] INFO  impl.RoleInfo (RoleInfo.java:updateAndGet(143)) - 7f29c796-0732-402f-b865-67033766dcba: start FollowerState
2019-10-17 20:28:46,821 [c07977b7-c8ef-4f3c-80b1-66a07c6e3dcd@group-C2BDBBDF155D-LeaderElection199] INFO  impl.LeaderElection (LeaderElection.java:logAndReturn(56)) - c07977b7-c8ef-4f3c-80b1-66a07c6e3dcd@group-C2BDBBDF155D-LeaderElection199: Election REJECTED; received 2 response(s) [c07977b7-c8ef-4f3c-80b1-66a07c6e3dcd<-d81605c5-54b3-45a8-b5ae-2e8d8890cbef#0:FAIL-t186, c07977b7-c8ef-4f3c-80b1-66a07c6e3dcd<-7f29c796-0732-402f-b865-67033766dcba#0:FAIL-t186] and 0 exception(s); c07977b7-c8ef-4f3c-80b1-66a07c6e3dcd@group-C2BDBBDF155D:t186, leader=null, voted=c07977b7-c8ef-4f3c-80b1-66a07c6e3dcd, raftlog=c07977b7-c8ef-4f3c-80b1-66a07c6e3dcd@group-C2BDBBDF155D-SegmentedRaftLog:OPENED:c-1,f-1,i0, conf=-1: [d81605c5-54b3-45a8-b5ae-2e8d8890cbef:192.168.164.201:42755, 7f29c796-0732-402f-b865-67033766dcba:192.168.164.201:40704, c07977b7-c8ef-4f3c-80b1-66a07c6e3dcd:192.168.164.201:38664], old=null
2019-10-17 20:28:46,822 [c07977b7-c8ef-4f3c-80b1-66a07c6e3dcd@group-C2BDBBDF155D-LeaderElection199] INFO  impl.RaftServerImpl (RaftServerImpl.java:setRole(184)) - c07977b7-c8ef-4f3c-80b1-66a07c6e3dcd@group-C2BDBBDF155D: changes role from CANDIDATE to FOLLOWER at term 186 for DISCOVERED_A_NEW_TERM
2019-10-17 20:28:46,822 [c07977b7-c8ef-4f3c-80b1-66a07c6e3dcd@group-C2BDBBDF155D-LeaderElection199] INFO  impl.RoleInfo (RoleInfo.java:shutdownLeaderElection(134)) - c07977b7-c8ef-4f3c-80b1-66a07c6e3dcd: shutdown LeaderElection
2019-10-17 20:28:46,822 [c07977b7-c8ef-4f3c-80b1-66a07c6e3dcd@group-C2BDBBDF155D-LeaderElection199] INFO  impl.RoleInfo (RoleInfo.java:updateAndGet(143)) - c07977b7-c8ef-4f3c-80b1-66a07c6e3dcd: start FollowerState
2019-10-17 20:28:46,911 [Thread-2138] INFO  impl.FollowerState (FollowerState.java:run(108)) - c07977b7-c8ef-4f3c-80b1-66a07c6e3dcd@group-C2BDBBDF155D-FollowerState: change to CANDIDATE, lastRpcTime:89ms, electionTimeout:89ms
2019-10-17 20:28:46,912 [Thread-2138] INFO  impl.RoleInfo (RoleInfo.java:shutdownFollowerState(121)) - c07977b7-c8ef-4f3c-80b1-66a07c6e3dcd: shutdown FollowerState
2019-10-17 20:28:46,912 [Thread-2138] INFO  impl.RaftServerImpl (RaftServerImpl.java:setRole(184)) - c07977b7-c8ef-4f3c-80b1-66a07c6e3dcd@group-C2BDBBDF155D: changes role from  FOLLOWER to CANDIDATE at term 186 for changeToCandidate
2019-10-17 20:28:46,912 [Thread-2138] INFO  impl.RoleInfo (RoleInfo.java:updateAndGet(143)) - c07977b7-c8ef-4f3c-80b1-66a07c6e3dcd: start LeaderElection
2019-10-17 20:28:46,936 [c07977b7-c8ef-4f3c-80b1-66a07c6e3dcd@group-C2BDBBDF155D-LeaderElection200] INFO  impl.LeaderElection (LeaderElection.java:askForVotes(178)) - c07977b7-c8ef-4f3c-80b1-66a07c6e3dcd@group-C2BDBBDF155D-LeaderElection200: begin an election at term 187 for -1: [d81605c5-54b3-45a8-b5ae-2e8d8890cbef:192.168.164.201:42755, 7f29c796-0732-402f-b865-67033766dcba:192.168.164.201:40704, c07977b7-c8ef-4f3c-80b1-66a07c6e3dcd:192.168.164.201:38664], old=null
2019-10-17 20:28:46,940 [grpc-default-executor-4] INFO  impl.RaftServerImpl (RaftServerImpl.java:setRole(184)) - d81605c5-54b3-45a8-b5ae-2e8d8890cbef@group-C2BDBBDF155D: changes role from  FOLLOWER to FOLLOWER at term 187 for recognizeCandidate:c07977b7-c8ef-4f3c-80b1-66a07c6e3dcd
2019-10-17 20:28:46,940 [grpc-default-executor-2] INFO  impl.RaftServerImpl (RaftServerImpl.java:setRole(184)) - 7f29c796-0732-402f-b865-67033766dcba@group-C2BDBBDF155D: changes role from  FOLLOWER to FOLLOWER at term 187 for recognizeCandidate:c07977b7-c8ef-4f3c-80b1-66a07c6e3dcd
2019-10-17 20:28:46,940 [grpc-default-executor-2] INFO  impl.RoleInfo (RoleInfo.java:shutdownFollowerState(121)) - 7f29c796-0732-402f-b865-67033766dcba: shutdown FollowerState
2019-10-17 20:28:46,940 [grpc-default-executor-4] INFO  impl.RoleInfo (RoleInfo.java:shutdownFollowerState(121)) - d81605c5-54b3-45a8-b5ae-2e8d8890cbef: shutdown FollowerState
2019-10-17 20:28:46,940 [Thread-2137] INFO  impl.FollowerState (FollowerState.java:run(117)) - 7f29c796-0732-402f-b865-67033766dcba@group-C2BDBBDF155D-FollowerState was interrupted: java.lang.InterruptedException: sleep interrupted
2019-10-17 20:28:46,940 [grpc-default-executor-2] INFO  impl.RoleInfo (RoleInfo.java:updateAndGet(143)) - 7f29c796-0732-402f-b865-67033766dcba: start FollowerState
2019-10-17 20:28:46,941 [Thread-2136] INFO  impl.FollowerState (FollowerState.java:run(117)) - d81605c5-54b3-45a8-b5ae-2e8d8890cbef@group-C2BDBBDF155D-FollowerState was interrupted: java.lang.InterruptedException: sleep interrupted
2019-10-17 20:28:46,941 [grpc-default-executor-4] INFO  impl.RoleInfo (RoleInfo.java:updateAndGet(143)) - d81605c5-54b3-45a8-b5ae-2e8d8890cbef: start FollowerState
2019-10-17 20:28:46,965 [c07977b7-c8ef-4f3c-80b1-66a07c6e3dcd@group-C2BDBBDF155D-LeaderElection200] INFO  impl.LeaderElection (LeaderElection.java:logAndReturn(56)) - c07977b7-c8ef-4f3c-80b1-66a07c6e3dcd@group-C2BDBBDF155D-LeaderElection200: Election REJECTED; received 2 response(s) [c07977b7-c8ef-4f3c-80b1-66a07c6e3dcd<-d81605c5-54b3-45a8-b5ae-2e8d8890cbef#0:FAIL-t187, c07977b7-c8ef-4f3c-80b1-66a07c6e3dcd<-7f29c796-0732-402f-b865-67033766dcba#0:FAIL-t187] and 0 exception(s); c07977b7-c8ef-4f3c-80b1-66a07c6e3dcd@group-C2BDBBDF155D:t187, leader=null, voted=c07977b7-c8ef-4f3c-80b1-66a07c6e3dcd, raftlog=c07977b7-c8ef-4f3c-80b1-66a07c6e3dcd@group-C2BDBBDF155D-SegmentedRaftLog:OPENED:c-1,f-1,i0, conf=-1: [d81605c5-54b3-45a8-b5ae-2e8d8890cbef:192.168.164.201:42755, 7f29c796-0732-402f-b865-67033766dcba:192.168.164.201:40704, c07977b7-c8ef-4f3c-80b1-66a07c6e3dcd:192.168.164.201:38664], old=null
2019-10-17 20:28:46,965 [c07977b7-c8ef-4f3c-80b1-66a07c6e3dcd@group-C2BDBBDF155D-LeaderElection200] INFO  impl.RaftServerImpl (RaftServerImpl.java:setRole(184)) - c07977b7-c8ef-4f3c-80b1-66a07c6e3dcd@group-C2BDBBDF155D: changes role from CANDIDATE to FOLLOWER at term 187 for DISCOVERED_A_NEW_TERM
2019-10-17 20:28:46,965 [c07977b7-c8ef-4f3c-80b1-66a07c6e3dcd@group-C2BDBBDF155D-LeaderElection200] INFO  impl.RoleInfo (RoleInfo.java:shutdownLeaderElection(134)) - c07977b7-c8ef-4f3c-80b1-66a07c6e3dcd: shutdown LeaderElection
2019-10-17 20:28:46,965 [c07977b7-c8ef-4f3c-80b1-66a07c6e3dcd@group-C2BDBBDF155D-LeaderElection200] INFO  impl.RoleInfo (RoleInfo.java:updateAndGet(143)) - c07977b7-c8ef-4f3c-80b1-66a07c6e3dcd: start FollowerState
2019-10-17 20:28:47,028 [Thread-2144] INFO  impl.FollowerState (FollowerState.java:run(108)) - c07977b7-c8ef-4f3c-80b1-66a07c6e3dcd@group-C2BDBBDF155D-FollowerState: change to CANDIDATE, lastRpcTime:62ms, electionTimeout:62ms
2019-10-17 20:28:47,028 [Thread-2144] INFO  impl.RoleInfo (RoleInfo.java:shutdownFollowerState(121)) - c07977b7-c8ef-4f3c-80b1-66a07c6e3dcd: shutdown FollowerState
2019-10-17 20:28:47,028 [Thread-2144] INFO  impl.RaftServerImpl (RaftServerImpl.java:setRole(184)) - c07977b7-c8ef-4f3c-80b1-66a07c6e3dcd@group-C2BDBBDF155D: changes role from  FOLLOWER to CANDIDATE at term 187 for changeToCandidate
2019-10-17 20:28:47,028 [Thread-2144] INFO  impl.RoleInfo (RoleInfo.java:updateAndGet(143)) - c07977b7-c8ef-4f3c-80b1-66a07c6e3dcd: start LeaderElection
2019-10-17 20:28:47,052 [c07977b7-c8ef-4f3c-80b1-66a07c6e3dcd@group-C2BDBBDF155D-LeaderElection201] INFO  impl.LeaderElection (LeaderElection.java:askForVotes(178)) - c07977b7-c8ef-4f3c-80b1-66a07c6e3dcd@group-C2BDBBDF155D-LeaderElection201: begin an election at term 188 for -1: [d81605c5-54b3-45a8-b5ae-2e8d8890cbef:192.168.164.201:42755, 7f29c796-0732-402f-b865-67033766dcba:192.168.164.201:40704, c07977b7-c8ef-4f3c-80b1-66a07c6e3dcd:192.168.164.201:38664], old=null
2019-10-17 20:28:47,055 [grpc-default-executor-2] INFO  impl.RaftServerImpl (RaftServerImpl.java:setRole(184)) - d81605c5-54b3-45a8-b5ae-2e8d8890cbef@group-C2BDBBDF155D: changes role from  FOLLOWER to FOLLOWER at term 188 for recognizeCandidate:c07977b7-c8ef-4f3c-80b1-66a07c6e3dcd
2019-10-17 20:28:47,055 [grpc-default-executor-4] INFO  impl.RaftServerImpl (RaftServerImpl.java:setRole(184)) - 7f29c796-0732-402f-b865-67033766dcba@group-C2BDBBDF155D: changes role from  FOLLOWER to FOLLOWER at term 188 for recognizeCandidate:c07977b7-c8ef-4f3c-80b1-66a07c6e3dcd
2019-10-17 20:28:47,056 [grpc-default-executor-2] INFO  impl.RoleInfo (RoleInfo.java:shutdownFollowerState(121)) - d81605c5-54b3-45a8-b5ae-2e8d8890cbef: shutdown FollowerState
2019-10-17 20:28:47,056 [grpc-default-executor-4] INFO  impl.RoleInfo (RoleInfo.java:shutdownFollowerState(121)) - 7f29c796-0732-402f-b865-67033766dcba: shutdown FollowerState
2019-10-17 20:28:47,056 [Thread-2143] INFO  impl.FollowerState (FollowerState.java:run(117)) - d81605c5-54b3-45a8-b5ae-2e8d8890cbef@group-C2BDBBDF155D-FollowerState was interrupted: java.lang.InterruptedException: sleep interrupted
2019-10-17 20:28:47,056 [grpc-default-executor-2] INFO  impl.RoleInfo (RoleInfo.java:updateAndGet(143)) - d81605c5-54b3-45a8-b5ae-2e8d8890cbef: start FollowerState
2019-10-17 20:28:47,056 [Thread-2142] INFO  impl.FollowerState (FollowerState.java:run(117)) - 7f29c796-0732-402f-b865-67033766dcba@group-C2BDBBDF155D-FollowerState was interrupted: java.lang.InterruptedException: sleep interrupted
2019-10-17 20:28:47,056 [grpc-default-executor-4] INFO  impl.RoleInfo (RoleInfo.java:updateAndGet(143)) - 7f29c796-0732-402f-b865-67033766dcba: start FollowerState
2019-10-17 20:28:47,080 [c07977b7-c8ef-4f3c-80b1-66a07c6e3dcd@group-C2BDBBDF155D-LeaderElection201] INFO  impl.LeaderElection (LeaderElection.java:logAndReturn(56)) - c07977b7-c8ef-4f3c-80b1-66a07c6e3dcd@group-C2BDBBDF155D-LeaderElection201: Election REJECTED; received 2 response(s) [c07977b7-c8ef-4f3c-80b1-66a07c6e3dcd<-d81605c5-54b3-45a8-b5ae-2e8d8890cbef#0:FAIL-t188, c07977b7-c8ef-4f3c-80b1-66a07c6e3dcd<-7f29c796-0732-402f-b865-67033766dcba#0:FAIL-t188] and 0 exception(s); c07977b7-c8ef-4f3c-80b1-66a07c6e3dcd@group-C2BDBBDF155D:t188, leader=null, voted=c07977b7-c8ef-4f3c-80b1-66a07c6e3dcd, raftlog=c07977b7-c8ef-4f3c-80b1-66a07c6e3dcd@group-C2BDBBDF155D-SegmentedRaftLog:OPENED:c-1,f-1,i0, conf=-1: [d81605c5-54b3-45a8-b5ae-2e8d8890cbef:192.168.164.201:42755, 7f29c796-0732-402f-b865-67033766dcba:192.168.164.201:40704, c07977b7-c8ef-4f3c-80b1-66a07c6e3dcd:192.168.164.201:38664], old=null
2019-10-17 20:28:47,081 [c07977b7-c8ef-4f3c-80b1-66a07c6e3dcd@group-C2BDBBDF155D-LeaderElection201] INFO  impl.RaftServerImpl (RaftServerImpl.java:setRole(184)) - c07977b7-c8ef-4f3c-80b1-66a07c6e3dcd@group-C2BDBBDF155D: changes role from CANDIDATE to FOLLOWER at term 188 for DISCOVERED_A_NEW_TERM
2019-10-17 20:28:47,081 [c07977b7-c8ef-4f3c-80b1-66a07c6e3dcd@group-C2BDBBDF155D-LeaderElection201] INFO  impl.RoleInfo (RoleInfo.java:shutdownLeaderElection(134)) - c07977b7-c8ef-4f3c-80b1-66a07c6e3dcd: shutdown LeaderElection
2019-10-17 20:28:47,081 [c07977b7-c8ef-4f3c-80b1-66a07c6e3dcd@group-C2BDBBDF155D-LeaderElection201] INFO  impl.RoleInfo (RoleInfo.java:updateAndGet(143)) - c07977b7-c8ef-4f3c-80b1-66a07c6e3dcd: start FollowerState
2019-10-17 20:28:47,275 [Thread-2150] INFO  impl.FollowerState (FollowerState.java:run(108)) - c07977b7-c8ef-4f3c-80b1-66a07c6e3dcd@group-C2BDBBDF155D-FollowerState: change to CANDIDATE, lastRpcTime:194ms, electionTimeout:194ms
2019-10-17 20:28:47,276 [Thread-2150] INFO  impl.RoleInfo (RoleInfo.java:shutdownFollowerState(121)) - c07977b7-c8ef-4f3c-80b1-66a07c6e3dcd: shutdown FollowerState
2019-10-17 20:28:47,276 [Thread-2150] INFO  impl.RaftServerImpl (RaftServerImpl.java:setRole(184)) - c07977b7-c8ef-4f3c-80b1-66a07c6e3dcd@group-C2BDBBDF155D: changes role from  FOLLOWER to CANDIDATE at term 188 for changeToCandidate
2019-10-17 20:28:47,276 [Thread-2150] INFO  impl.RoleInfo (RoleInfo.java:updateAndGet(143)) - c07977b7-c8ef-4f3c-80b1-66a07c6e3dcd: start LeaderElection
2019-10-17 20:28:47,300 [c07977b7-c8ef-4f3c-80b1-66a07c6e3dcd@group-C2BDBBDF155D-LeaderElection202] INFO  impl.LeaderElection (LeaderElection.java:askForVotes(178)) - c07977b7-c8ef-4f3c-80b1-66a07c6e3dcd@group-C2BDBBDF155D-LeaderElection202: begin an election at term 189 for -1: [d81605c5-54b3-45a8-b5ae-2e8d8890cbef:192.168.164.201:42755, 7f29c796-0732-402f-b865-67033766dcba:192.168.164.201:40704, c07977b7-c8ef-4f3c-80b1-66a07c6e3dcd:192.168.164.201:38664], old=null
2019-10-17 20:28:47,303 [grpc-default-executor-2] INFO  impl.RaftServerImpl (RaftServerImpl.java:setRole(184)) - d81605c5-54b3-45a8-b5ae-2e8d8890cbef@group-C2BDBBDF155D: changes role from  FOLLOWER to FOLLOWER at term 189 for recognizeCandidate:c07977b7-c8ef-4f3c-80b1-66a07c6e3dcd
2019-10-17 20:28:47,304 [grpc-default-executor-4] INFO  impl.RaftServerImpl (RaftServerImpl.java:setRole(184)) - 7f29c796-0732-402f-b865-67033766dcba@group-C2BDBBDF155D: changes role from  FOLLOWER to FOLLOWER at term 189 for recognizeCandidate:c07977b7-c8ef-4f3c-80b1-66a07c6e3dcd
2019-10-17 20:28:47,304 [grpc-default-executor-2] INFO  impl.RoleInfo (RoleInfo.java:shutdownFollowerState(121)) - d81605c5-54b3-45a8-b5ae-2e8d8890cbef: shutdown FollowerState
2019-10-17 20:28:47,304 [grpc-default-executor-4] INFO  impl.RoleInfo (RoleInfo.java:shutdownFollowerState(121)) - 7f29c796-0732-402f-b865-67033766dcba: shutdown FollowerState
2019-10-17 20:28:47,304 [grpc-default-executor-2] INFO  impl.RoleInfo (RoleInfo.java:updateAndGet(143)) - d81605c5-54b3-45a8-b5ae-2e8d8890cbef: start FollowerState
2019-10-17 20:28:47,304 [Thread-2149] INFO  impl.FollowerState (FollowerState.java:run(117)) - 7f29c796-0732-402f-b865-67033766dcba@group-C2BDBBDF155D-FollowerState was interrupted: java.lang.InterruptedException: sleep interrupted
2019-10-17 20:28:47,304 [grpc-default-executor-4] INFO  impl.RoleInfo (RoleInfo.java:updateAndGet(143)) - 7f29c796-0732-402f-b865-67033766dcba: start FollowerState
2019-10-17 20:28:47,304 [Thread-2148] INFO  impl.FollowerState (FollowerState.java:run(117)) - d81605c5-54b3-45a8-b5ae-2e8d8890cbef@group-C2BDBBDF155D-FollowerState was interrupted: java.lang.InterruptedException: sleep interrupted
2019-10-17 20:28:47,321 [c07977b7-c8ef-4f3c-80b1-66a07c6e3dcd@group-C2BDBBDF155D-LeaderElection202] INFO  impl.LeaderElection (LeaderElection.java:logAndReturn(56)) - c07977b7-c8ef-4f3c-80b1-66a07c6e3dcd@group-C2BDBBDF155D-LeaderElection202: Election REJECTED; received 2 response(s) [c07977b7-c8ef-4f3c-80b1-66a07c6e3dcd<-d81605c5-54b3-45a8-b5ae-2e8d8890cbef#0:FAIL-t189, c07977b7-c8ef-4f3c-80b1-66a07c6e3dcd<-7f29c796-0732-402f-b865-67033766dcba#0:FAIL-t189] and 0 exception(s); c07977b7-c8ef-4f3c-80b1-66a07c6e3dcd@group-C2BDBBDF155D:t189, leader=null, voted=c07977b7-c8ef-4f3c-80b1-66a07c6e3dcd, raftlog=c07977b7-c8ef-4f3c-80b1-66a07c6e3dcd@group-C2BDBBDF155D-SegmentedRaftLog:OPENED:c-1,f-1,i0, conf=-1: [d81605c5-54b3-45a8-b5ae-2e8d8890cbef:192.168.164.201:42755, 7f29c796-0732-402f-b865-67033766dcba:192.168.164.201:40704, c07977b7-c8ef-4f3c-80b1-66a07c6e3dcd:192.168.164.201:38664], old=null
2019-10-17 20:28:47,322 [c07977b7-c8ef-4f3c-80b1-66a07c6e3dcd@group-C2BDBBDF155D-LeaderElection202] INFO  impl.RaftServerImpl (RaftServerImpl.java:setRole(184)) - c07977b7-c8ef-4f3c-80b1-66a07c6e3dcd@group-C2BDBBDF155D: changes role from CANDIDATE to FOLLOWER at term 189 for DISCOVERED_A_NEW_TERM
2019-10-17 20:28:47,322 [c07977b7-c8ef-4f3c-80b1-66a07c6e3dcd@group-C2BDBBDF155D-LeaderElection202] INFO  impl.RoleInfo (RoleInfo.java:shutdownLeaderElection(134)) - c07977b7-c8ef-4f3c-80b1-66a07c6e3dcd: shutdown LeaderElection
2019-10-17 20:28:47,322 [c07977b7-c8ef-4f3c-80b1-66a07c6e3dcd@group-C2BDBBDF155D-LeaderElection202] INFO  impl.RoleInfo (RoleInfo.java:updateAndGet(143)) - c07977b7-c8ef-4f3c-80b1-66a07c6e3dcd: start FollowerState
2019-10-17 20:28:47,383 [Thread-2156] INFO  impl.FollowerState (FollowerState.java:run(108)) - c07977b7-c8ef-4f3c-80b1-66a07c6e3dcd@group-C2BDBBDF155D-FollowerState: change to CANDIDATE, lastRpcTime:61ms, electionTimeout:61ms
2019-10-17 20:28:47,384 [Thread-2156] INFO  impl.RoleInfo (RoleInfo.java:shutdownFollowerState(121)) - c07977b7-c8ef-4f3c-80b1-66a07c6e3dcd: shutdown FollowerState
2019-10-17 20:28:47,384 [Thread-2156] INFO  impl.RaftServerImpl (RaftServerImpl.java:setRole(184)) - c07977b7-c8ef-4f3c-80b1-66a07c6e3dcd@group-C2BDBBDF155D: changes role from  FOLLOWER to CANDIDATE at term 189 for changeToCandidate
2019-10-17 20:28:47,384 [Thread-2156] INFO  impl.RoleInfo (RoleInfo.java:updateAndGet(143)) - c07977b7-c8ef-4f3c-80b1-66a07c6e3dcd: start LeaderElection
2019-10-17 20:28:47,424 [c07977b7-c8ef-4f3c-80b1-66a07c6e3dcd@group-C2BDBBDF155D-LeaderElection203] INFO  impl.LeaderElection (LeaderElection.java:askForVotes(178)) - c07977b7-c8ef-4f3c-80b1-66a07c6e3dcd@group-C2BDBBDF155D-LeaderElection203: begin an election at term 190 for -1: [d81605c5-54b3-45a8-b5ae-2e8d8890cbef:192.168.164.201:42755, 7f29c796-0732-402f-b865-67033766dcba:192.168.164.201:40704, c07977b7-c8ef-4f3c-80b1-66a07c6e3dcd:192.168.164.201:38664], old=null
2019-10-17 20:28:47,426 [grpc-default-executor-2] INFO  impl.RaftServerImpl (RaftServerImpl.java:setRole(184)) - d81605c5-54b3-45a8-b5ae-2e8d8890cbef@group-C2BDBBDF155D: changes role from  FOLLOWER to FOLLOWER at term 190 for recognizeCandidate:c07977b7-c8ef-4f3c-80b1-66a07c6e3dcd
2019-10-17 20:28:47,426 [grpc-default-executor-4] INFO  impl.RaftServerImpl (RaftServerImpl.java:setRole(184)) - 7f29c796-0732-402f-b865-67033766dcba@group-C2BDBBDF155D: changes role from  FOLLOWER to FOLLOWER at term 190 for recognizeCandidate:c07977b7-c8ef-4f3c-80b1-66a07c6e3dcd
2019-10-17 20:28:47,427 [grpc-default-executor-2] INFO  impl.RoleInfo (RoleInfo.java:shutdownFollowerState(121)) - d81605c5-54b3-45a8-b5ae-2e8d8890cbef: shutdown FollowerState
2019-10-17 20:28:47,427 [grpc-default-executor-4] INFO  impl.RoleInfo (RoleInfo.java:shutdownFollowerState(121)) - 7f29c796-0732-402f-b865-67033766dcba: shutdown FollowerState
2019-10-17 20:28:47,427 [Thread-2154] INFO  impl.FollowerState (FollowerState.java:run(117)) - d81605c5-54b3-45a8-b5ae-2e8d8890cbef@group-C2BDBBDF155D-FollowerState was interrupted: java.lang.InterruptedException: sleep interrupted
2019-10-17 20:28:47,427 [grpc-default-executor-2] INFO  impl.RoleInfo (RoleInfo.java:updateAndGet(143)) - d81605c5-54b3-45a8-b5ae-2e8d8890cbef: start FollowerState
2019-10-17 20:28:47,427 [Thread-2155] INFO  impl.FollowerState (FollowerState.java:run(117)) - 7f29c796-0732-402f-b865-67033766dcba@group-C2BDBBDF155D-FollowerState was interrupted: java.lang.InterruptedException: sleep interrupted
2019-10-17 20:28:47,427 [grpc-default-executor-4] INFO  impl.RoleInfo (RoleInfo.java:updateAndGet(143)) - 7f29c796-0732-402f-b865-67033766dcba: start FollowerState
2019-10-17 20:28:47,452 [c07977b7-c8ef-4f3c-80b1-66a07c6e3dcd@group-C2BDBBDF155D-LeaderElection203] INFO  impl.LeaderElection (LeaderElection.java:logAndReturn(56)) - c07977b7-c8ef-4f3c-80b1-66a07c6e3dcd@group-C2BDBBDF155D-LeaderElection203: Election REJECTED; received 2 response(s) [c07977b7-c8ef-4f3c-80b1-66a07c6e3dcd<-d81605c5-54b3-45a8-b5ae-2e8d8890cbef#0:FAIL-t190, c07977b7-c8ef-4f3c-80b1-66a07c6e3dcd<-7f29c796-0732-402f-b865-67033766dcba#0:FAIL-t190] and 0 exception(s); c07977b7-c8ef-4f3c-80b1-66a07c6e3dcd@group-C2BDBBDF155D:t190, leader=null, voted=c07977b7-c8ef-4f3c-80b1-66a07c6e3dcd, raftlog=c07977b7-c8ef-4f3c-80b1-66a07c6e3dcd@group-C2BDBBDF155D-SegmentedRaftLog:OPENED:c-1,f-1,i0, conf=-1: [d81605c5-54b3-45a8-b5ae-2e8d8890cbef:192.168.164.201:42755, 7f29c796-0732-402f-b865-67033766dcba:192.168.164.201:40704, c07977b7-c8ef-4f3c-80b1-66a07c6e3dcd:192.168.164.201:38664], old=null
2019-10-17 20:28:47,452 [c07977b7-c8ef-4f3c-80b1-66a07c6e3dcd@group-C2BDBBDF155D-LeaderElection203] INFO  impl.RaftServerImpl (RaftServerImpl.java:setRole(184)) - c07977b7-c8ef-4f3c-80b1-66a07c6e3dcd@group-C2BDBBDF155D: changes role from CANDIDATE to FOLLOWER at term 190 for DISCOVERED_A_NEW_TERM
2019-10-17 20:28:47,452 [c07977b7-c8ef-4f3c-80b1-66a07c6e3dcd@group-C2BDBBDF155D-LeaderElection203] INFO  impl.RoleInfo (RoleInfo.java:shutdownLeaderElection(134)) - c07977b7-c8ef-4f3c-80b1-66a07c6e3dcd: shutdown LeaderElection
2019-10-17 20:28:47,452 [c07977b7-c8ef-4f3c-80b1-66a07c6e3dcd@group-C2BDBBDF155D-LeaderElection203] INFO  impl.RoleInfo (RoleInfo.java:updateAndGet(143)) - c07977b7-c8ef-4f3c-80b1-66a07c6e3dcd: start FollowerState
2019-10-17 20:28:47,542 [Thread-754] INFO  ozone.MiniOzoneClusterImpl (MiniOzoneClusterImpl.java:lambda$waitForClusterToBeReady$2(164)) - Waiting for 1 number of pipelines out of 4, to report a leader.
2019-10-17 20:28:47,598 [Thread-2162] INFO  impl.FollowerState (FollowerState.java:run(108)) - c07977b7-c8ef-4f3c-80b1-66a07c6e3dcd@group-C2BDBBDF155D-FollowerState: change to CANDIDATE, lastRpcTime:145ms, electionTimeout:145ms
2019-10-17 20:28:47,598 [Thread-2162] INFO  impl.RoleInfo (RoleInfo.java:shutdownFollowerState(121)) - c07977b7-c8ef-4f3c-80b1-66a07c6e3dcd: shutdown FollowerState
2019-10-17 20:28:47,598 [Thread-2162] INFO  impl.RaftServerImpl (RaftServerImpl.java:setRole(184)) - c07977b7-c8ef-4f3c-80b1-66a07c6e3dcd@group-C2BDBBDF155D: changes role from  FOLLOWER to CANDIDATE at term 190 for changeToCandidate
2019-10-17 20:28:47,598 [Thread-2162] INFO  impl.RoleInfo (RoleInfo.java:updateAndGet(143)) - c07977b7-c8ef-4f3c-80b1-66a07c6e3dcd: start LeaderElection
2019-10-17 20:28:47,634 [c07977b7-c8ef-4f3c-80b1-66a07c6e3dcd@group-C2BDBBDF155D-LeaderElection204] INFO  impl.LeaderElection (LeaderElection.java:askForVotes(178)) - c07977b7-c8ef-4f3c-80b1-66a07c6e3dcd@group-C2BDBBDF155D-LeaderElection204: begin an election at term 191 for -1: [d81605c5-54b3-45a8-b5ae-2e8d8890cbef:192.168.164.201:42755, 7f29c796-0732-402f-b865-67033766dcba:192.168.164.201:40704, c07977b7-c8ef-4f3c-80b1-66a07c6e3dcd:192.168.164.201:38664], old=null
2019-10-17 20:28:47,637 [grpc-default-executor-4] INFO  impl.RaftServerImpl (RaftServerImpl.java:setRole(184)) - 7f29c796-0732-402f-b865-67033766dcba@group-C2BDBBDF155D: changes role from  FOLLOWER to FOLLOWER at term 191 for recognizeCandidate:c07977b7-c8ef-4f3c-80b1-66a07c6e3dcd
2019-10-17 20:28:47,637 [grpc-default-executor-2] INFO  impl.RaftServerImpl (RaftServerImpl.java:setRole(184)) - d81605c5-54b3-45a8-b5ae-2e8d8890cbef@group-C2BDBBDF155D: changes role from  FOLLOWER to FOLLOWER at term 191 for recognizeCandidate:c07977b7-c8ef-4f3c-80b1-66a07c6e3dcd
2019-10-17 20:28:47,638 [grpc-default-executor-4] INFO  impl.RoleInfo (RoleInfo.java:shutdownFollowerState(121)) - 7f29c796-0732-402f-b865-67033766dcba: shutdown FollowerState
2019-10-17 20:28:47,638 [grpc-default-executor-2] INFO  impl.RoleInfo (RoleInfo.java:shutdownFollowerState(121)) - d81605c5-54b3-45a8-b5ae-2e8d8890cbef: shutdown FollowerState
2019-10-17 20:28:47,638 [Thread-2161] INFO  impl.FollowerState (FollowerState.java:run(117)) - 7f29c796-0732-402f-b865-67033766dcba@group-C2BDBBDF155D-FollowerState was interrupted: java.lang.InterruptedException: sleep interrupted
2019-10-17 20:28:47,638 [Thread-2160] INFO  impl.FollowerState (FollowerState.java:run(117)) - d81605c5-54b3-45a8-b5ae-2e8d8890cbef@group-C2BDBBDF155D-FollowerState was interrupted: java.lang.InterruptedException: sleep interrupted
2019-10-17 20:28:47,638 [grpc-default-executor-4] INFO  impl.RoleInfo (RoleInfo.java:updateAndGet(143)) - 7f29c796-0732-402f-b865-67033766dcba: start FollowerState
2019-10-17 20:28:47,638 [grpc-default-executor-2] INFO  impl.RoleInfo (RoleInfo.java:updateAndGet(143)) - d81605c5-54b3-45a8-b5ae-2e8d8890cbef: start FollowerState
2019-10-17 20:28:47,661 [c07977b7-c8ef-4f3c-80b1-66a07c6e3dcd@group-C2BDBBDF155D-LeaderElection204] INFO  impl.LeaderElection (LeaderElection.java:logAndReturn(56)) - c07977b7-c8ef-4f3c-80b1-66a07c6e3dcd@group-C2BDBBDF155D-LeaderElection204: Election REJECTED; received 2 response(s) [c07977b7-c8ef-4f3c-80b1-66a07c6e3dcd<-d81605c5-54b3-45a8-b5ae-2e8d8890cbef#0:FAIL-t191, c07977b7-c8ef-4f3c-80b1-66a07c6e3dcd<-7f29c796-0732-402f-b865-67033766dcba#0:FAIL-t191] and 0 exception(s); c07977b7-c8ef-4f3c-80b1-66a07c6e3dcd@group-C2BDBBDF155D:t191, leader=null, voted=c07977b7-c8ef-4f3c-80b1-66a07c6e3dcd, raftlog=c07977b7-c8ef-4f3c-80b1-66a07c6e3dcd@group-C2BDBBDF155D-SegmentedRaftLog:OPENED:c-1,f-1,i0, conf=-1: [d81605c5-54b3-45a8-b5ae-2e8d8890cbef:192.168.164.201:42755, 7f29c796-0732-402f-b865-67033766dcba:192.168.164.201:40704, c07977b7-c8ef-4f3c-80b1-66a07c6e3dcd:192.168.164.201:38664], old=null
2019-10-17 20:28:47,661 [c07977b7-c8ef-4f3c-80b1-66a07c6e3dcd@group-C2BDBBDF155D-LeaderElection204] INFO  impl.RaftServerImpl (RaftServerImpl.java:setRole(184)) - c07977b7-c8ef-4f3c-80b1-66a07c6e3dcd@group-C2BDBBDF155D: changes role from CANDIDATE to FOLLOWER at term 191 for DISCOVERED_A_NEW_TERM
2019-10-17 20:28:47,661 [c07977b7-c8ef-4f3c-80b1-66a07c6e3dcd@group-C2BDBBDF155D-LeaderElection204] INFO  impl.RoleInfo (RoleInfo.java:shutdownLeaderElection(134)) - c07977b7-c8ef-4f3c-80b1-66a07c6e3dcd: shutdown LeaderElection
2019-10-17 20:28:47,661 [c07977b7-c8ef-4f3c-80b1-66a07c6e3dcd@group-C2BDBBDF155D-LeaderElection204] INFO  impl.RoleInfo (RoleInfo.java:updateAndGet(143)) - c07977b7-c8ef-4f3c-80b1-66a07c6e3dcd: start FollowerState
2019-10-17 20:28:47,752 [Thread-2168] INFO  impl.FollowerState (FollowerState.java:run(108)) - c07977b7-c8ef-4f3c-80b1-66a07c6e3dcd@group-C2BDBBDF155D-FollowerState: change to CANDIDATE, lastRpcTime:90ms, electionTimeout:90ms
2019-10-17 20:28:47,752 [Thread-2168] INFO  impl.RoleInfo (RoleInfo.java:shutdownFollowerState(121)) - c07977b7-c8ef-4f3c-80b1-66a07c6e3dcd: shutdown FollowerState
2019-10-17 20:28:47,752 [Thread-2168] INFO  impl.RaftServerImpl (RaftServerImpl.java:setRole(184)) - c07977b7-c8ef-4f3c-80b1-66a07c6e3dcd@group-C2BDBBDF155D: changes role from  FOLLOWER to CANDIDATE at term 191 for changeToCandidate
2019-10-17 20:28:47,752 [Thread-2168] INFO  impl.RoleInfo (RoleInfo.java:updateAndGet(143)) - c07977b7-c8ef-4f3c-80b1-66a07c6e3dcd: start LeaderElection
2019-10-17 20:28:47,777 [c07977b7-c8ef-4f3c-80b1-66a07c6e3dcd@group-C2BDBBDF155D-LeaderElection205] INFO  impl.LeaderElection (LeaderElection.java:askForVotes(178)) - c07977b7-c8ef-4f3c-80b1-66a07c6e3dcd@group-C2BDBBDF155D-LeaderElection205: begin an election at term 192 for -1: [d81605c5-54b3-45a8-b5ae-2e8d8890cbef:192.168.164.201:42755, 7f29c796-0732-402f-b865-67033766dcba:192.168.164.201:40704, c07977b7-c8ef-4f3c-80b1-66a07c6e3dcd:192.168.164.201:38664], old=null
2019-10-17 20:28:47,779 [grpc-default-executor-2] INFO  impl.RaftServerImpl (RaftServerImpl.java:setRole(184)) - 7f29c796-0732-402f-b865-67033766dcba@group-C2BDBBDF155D: changes role from  FOLLOWER to FOLLOWER at term 192 for recognizeCandidate:c07977b7-c8ef-4f3c-80b1-66a07c6e3dcd
2019-10-17 20:28:47,779 [grpc-default-executor-2] INFO  impl.RoleInfo (RoleInfo.java:shutdownFollowerState(121)) - 7f29c796-0732-402f-b865-67033766dcba: shutdown FollowerState
2019-10-17 20:28:47,779 [grpc-default-executor-4] INFO  impl.RaftServerImpl (RaftServerImpl.java:setRole(184)) - d81605c5-54b3-45a8-b5ae-2e8d8890cbef@group-C2BDBBDF155D: changes role from  FOLLOWER to FOLLOWER at term 192 for recognizeCandidate:c07977b7-c8ef-4f3c-80b1-66a07c6e3dcd
2019-10-17 20:28:47,780 [grpc-default-executor-4] INFO  impl.RoleInfo (RoleInfo.java:shutdownFollowerState(121)) - d81605c5-54b3-45a8-b5ae-2e8d8890cbef: shutdown FollowerState
2019-10-17 20:28:47,779 [Thread-2166] INFO  impl.FollowerState (FollowerState.java:run(117)) - 7f29c796-0732-402f-b865-67033766dcba@group-C2BDBBDF155D-FollowerState was interrupted: java.lang.InterruptedException: sleep interrupted
2019-10-17 20:28:47,779 [grpc-default-executor-2] INFO  impl.RoleInfo (RoleInfo.java:updateAndGet(143)) - 7f29c796-0732-402f-b865-67033766dcba: start FollowerState
2019-10-17 20:28:47,780 [Thread-2167] INFO  impl.FollowerState (FollowerState.java:run(117)) - d81605c5-54b3-45a8-b5ae-2e8d8890cbef@group-C2BDBBDF155D-FollowerState was interrupted: java.lang.InterruptedException: sleep interrupted
2019-10-17 20:28:47,780 [grpc-default-executor-4] INFO  impl.RoleInfo (RoleInfo.java:updateAndGet(143)) - d81605c5-54b3-45a8-b5ae-2e8d8890cbef: start FollowerState
2019-10-17 20:28:47,803 [c07977b7-c8ef-4f3c-80b1-66a07c6e3dcd@group-C2BDBBDF155D-LeaderElection205] INFO  impl.LeaderElection (LeaderElection.java:logAndReturn(56)) - c07977b7-c8ef-4f3c-80b1-66a07c6e3dcd@group-C2BDBBDF155D-LeaderElection205: Election REJECTED; received 2 response(s) [c07977b7-c8ef-4f3c-80b1-66a07c6e3dcd<-d81605c5-54b3-45a8-b5ae-2e8d8890cbef#0:FAIL-t192, c07977b7-c8ef-4f3c-80b1-66a07c6e3dcd<-7f29c796-0732-402f-b865-67033766dcba#0:FAIL-t192] and 0 exception(s); c07977b7-c8ef-4f3c-80b1-66a07c6e3dcd@group-C2BDBBDF155D:t192, leader=null, voted=c07977b7-c8ef-4f3c-80b1-66a07c6e3dcd, raftlog=c07977b7-c8ef-4f3c-80b1-66a07c6e3dcd@group-C2BDBBDF155D-SegmentedRaftLog:OPENED:c-1,f-1,i0, conf=-1: [d81605c5-54b3-45a8-b5ae-2e8d8890cbef:192.168.164.201:42755, 7f29c796-0732-402f-b865-67033766dcba:192.168.164.201:40704, c07977b7-c8ef-4f3c-80b1-66a07c6e3dcd:192.168.164.201:38664], old=null
2019-10-17 20:28:47,803 [c07977b7-c8ef-4f3c-80b1-66a07c6e3dcd@group-C2BDBBDF155D-LeaderElection205] INFO  impl.RaftServerImpl (RaftServerImpl.java:setRole(184)) - c07977b7-c8ef-4f3c-80b1-66a07c6e3dcd@group-C2BDBBDF155D: changes role from CANDIDATE to FOLLOWER at term 192 for DISCOVERED_A_NEW_TERM
2019-10-17 20:28:47,803 [c07977b7-c8ef-4f3c-80b1-66a07c6e3dcd@group-C2BDBBDF155D-LeaderElection205] INFO  impl.RoleInfo (RoleInfo.java:shutdownLeaderElection(134)) - c07977b7-c8ef-4f3c-80b1-66a07c6e3dcd: shutdown LeaderElection
2019-10-17 20:28:47,804 [c07977b7-c8ef-4f3c-80b1-66a07c6e3dcd@group-C2BDBBDF155D-LeaderElection205] INFO  impl.RoleInfo (RoleInfo.java:updateAndGet(143)) - c07977b7-c8ef-4f3c-80b1-66a07c6e3dcd: start FollowerState
2019-10-17 20:28:47,986 [Thread-2174] INFO  impl.FollowerState (FollowerState.java:run(108)) - c07977b7-c8ef-4f3c-80b1-66a07c6e3dcd@group-C2BDBBDF155D-FollowerState: change to CANDIDATE, lastRpcTime:182ms, electionTimeout:182ms
2019-10-17 20:28:47,986 [Thread-2174] INFO  impl.RoleInfo (RoleInfo.java:shutdownFollowerState(121)) - c07977b7-c8ef-4f3c-80b1-66a07c6e3dcd: shutdown FollowerState
2019-10-17 20:28:47,987 [Thread-2174] INFO  impl.RaftServerImpl (RaftServerImpl.java:setRole(184)) - c07977b7-c8ef-4f3c-80b1-66a07c6e3dcd@group-C2BDBBDF155D: changes role from  FOLLOWER to CANDIDATE at term 192 for changeToCandidate
2019-10-17 20:28:47,987 [Thread-2174] INFO  impl.RoleInfo (RoleInfo.java:updateAndGet(143)) - c07977b7-c8ef-4f3c-80b1-66a07c6e3dcd: start LeaderElection
2019-10-17 20:28:48,019 [c07977b7-c8ef-4f3c-80b1-66a07c6e3dcd@group-C2BDBBDF155D-LeaderElection206] INFO  impl.LeaderElection (LeaderElection.java:askForVotes(178)) - c07977b7-c8ef-4f3c-80b1-66a07c6e3dcd@group-C2BDBBDF155D-LeaderElection206: begin an election at term 193 for -1: [d81605c5-54b3-45a8-b5ae-2e8d8890cbef:192.168.164.201:42755, 7f29c796-0732-402f-b865-67033766dcba:192.168.164.201:40704, c07977b7-c8ef-4f3c-80b1-66a07c6e3dcd:192.168.164.201:38664], old=null
2019-10-17 20:28:48,023 [grpc-default-executor-2] INFO  impl.RaftServerImpl (RaftServerImpl.java:setRole(184)) - 7f29c796-0732-402f-b865-67033766dcba@group-C2BDBBDF155D: changes role from  FOLLOWER to FOLLOWER at term 193 for recognizeCandidate:c07977b7-c8ef-4f3c-80b1-66a07c6e3dcd
2019-10-17 20:28:48,023 [grpc-default-executor-4] INFO  impl.RaftServerImpl (RaftServerImpl.java:setRole(184)) - d81605c5-54b3-45a8-b5ae-2e8d8890cbef@group-C2BDBBDF155D: changes role from  FOLLOWER to FOLLOWER at term 193 for recognizeCandidate:c07977b7-c8ef-4f3c-80b1-66a07c6e3dcd
2019-10-17 20:28:48,023 [grpc-default-executor-2] INFO  impl.RoleInfo (RoleInfo.java:shutdownFollowerState(121)) - 7f29c796-0732-402f-b865-67033766dcba: shutdown FollowerState
2019-10-17 20:28:48,023 [grpc-default-executor-4] INFO  impl.RoleInfo (RoleInfo.java:shutdownFollowerState(121)) - d81605c5-54b3-45a8-b5ae-2e8d8890cbef: shutdown FollowerState
2019-10-17 20:28:48,023 [Thread-2172] INFO  impl.FollowerState (FollowerState.java:run(117)) - 7f29c796-0732-402f-b865-67033766dcba@group-C2BDBBDF155D-FollowerState was interrupted: java.lang.InterruptedException: sleep interrupted
2019-10-17 20:28:48,023 [grpc-default-executor-2] INFO  impl.RoleInfo (RoleInfo.java:updateAndGet(143)) - 7f29c796-0732-402f-b865-67033766dcba: start FollowerState
2019-10-17 20:28:48,024 [Thread-2173] INFO  impl.FollowerState (FollowerState.java:run(117)) - d81605c5-54b3-45a8-b5ae-2e8d8890cbef@group-C2BDBBDF155D-FollowerState was interrupted: java.lang.InterruptedException: sleep interrupted
2019-10-17 20:28:48,023 [grpc-default-executor-4] INFO  impl.RoleInfo (RoleInfo.java:updateAndGet(143)) - d81605c5-54b3-45a8-b5ae-2e8d8890cbef: start FollowerState
2019-10-17 20:28:48,056 [c07977b7-c8ef-4f3c-80b1-66a07c6e3dcd@group-C2BDBBDF155D-LeaderElection206] INFO  impl.LeaderElection (LeaderElection.java:logAndReturn(56)) - c07977b7-c8ef-4f3c-80b1-66a07c6e3dcd@group-C2BDBBDF155D-LeaderElection206: Election REJECTED; received 2 response(s) [c07977b7-c8ef-4f3c-80b1-66a07c6e3dcd<-d81605c5-54b3-45a8-b5ae-2e8d8890cbef#0:FAIL-t193, c07977b7-c8ef-4f3c-80b1-66a07c6e3dcd<-7f29c796-0732-402f-b865-67033766dcba#0:FAIL-t193] and 0 exception(s); c07977b7-c8ef-4f3c-80b1-66a07c6e3dcd@group-C2BDBBDF155D:t193, leader=null, voted=c07977b7-c8ef-4f3c-80b1-66a07c6e3dcd, raftlog=c07977b7-c8ef-4f3c-80b1-66a07c6e3dcd@group-C2BDBBDF155D-SegmentedRaftLog:OPENED:c-1,f-1,i0, conf=-1: [d81605c5-54b3-45a8-b5ae-2e8d8890cbef:192.168.164.201:42755, 7f29c796-0732-402f-b865-67033766dcba:192.168.164.201:40704, c07977b7-c8ef-4f3c-80b1-66a07c6e3dcd:192.168.164.201:38664], old=null
2019-10-17 20:28:48,056 [c07977b7-c8ef-4f3c-80b1-66a07c6e3dcd@group-C2BDBBDF155D-LeaderElection206] INFO  impl.RaftServerImpl (RaftServerImpl.java:setRole(184)) - c07977b7-c8ef-4f3c-80b1-66a07c6e3dcd@group-C2BDBBDF155D: changes role from CANDIDATE to FOLLOWER at term 193 for DISCOVERED_A_NEW_TERM
2019-10-17 20:28:48,056 [c07977b7-c8ef-4f3c-80b1-66a07c6e3dcd@group-C2BDBBDF155D-LeaderElection206] INFO  impl.RoleInfo (RoleInfo.java:shutdownLeaderElection(134)) - c07977b7-c8ef-4f3c-80b1-66a07c6e3dcd: shutdown LeaderElection
2019-10-17 20:28:48,057 [c07977b7-c8ef-4f3c-80b1-66a07c6e3dcd@group-C2BDBBDF155D-LeaderElection206] INFO  impl.RoleInfo (RoleInfo.java:updateAndGet(143)) - c07977b7-c8ef-4f3c-80b1-66a07c6e3dcd: start FollowerState
2019-10-17 20:28:48,079 [Thread-2180] INFO  impl.FollowerState (FollowerState.java:run(108)) - c07977b7-c8ef-4f3c-80b1-66a07c6e3dcd@group-C2BDBBDF155D-FollowerState: change to CANDIDATE, lastRpcTime:22ms, electionTimeout:22ms
2019-10-17 20:28:48,080 [Thread-2180] INFO  impl.RoleInfo (RoleInfo.java:shutdownFollowerState(121)) - c07977b7-c8ef-4f3c-80b1-66a07c6e3dcd: shutdown FollowerState
2019-10-17 20:28:48,080 [Thread-2180] INFO  impl.RaftServerImpl (RaftServerImpl.java:setRole(184)) - c07977b7-c8ef-4f3c-80b1-66a07c6e3dcd@group-C2BDBBDF155D: changes role from  FOLLOWER to CANDIDATE at term 193 for changeToCandidate
2019-10-17 20:28:48,080 [Thread-2180] INFO  impl.RoleInfo (RoleInfo.java:updateAndGet(143)) - c07977b7-c8ef-4f3c-80b1-66a07c6e3dcd: start LeaderElection
2019-10-17 20:28:48,103 [c07977b7-c8ef-4f3c-80b1-66a07c6e3dcd@group-C2BDBBDF155D-LeaderElection207] INFO  impl.LeaderElection (LeaderElection.java:askForVotes(178)) - c07977b7-c8ef-4f3c-80b1-66a07c6e3dcd@group-C2BDBBDF155D-LeaderElection207: begin an election at term 194 for -1: [d81605c5-54b3-45a8-b5ae-2e8d8890cbef:192.168.164.201:42755, 7f29c796-0732-402f-b865-67033766dcba:192.168.164.201:40704, c07977b7-c8ef-4f3c-80b1-66a07c6e3dcd:192.168.164.201:38664], old=null
2019-10-17 20:28:48,106 [grpc-default-executor-4] INFO  impl.RaftServerImpl (RaftServerImpl.java:setRole(184)) - d81605c5-54b3-45a8-b5ae-2e8d8890cbef@group-C2BDBBDF155D: changes role from  FOLLOWER to FOLLOWER at term 194 for recognizeCandidate:c07977b7-c8ef-4f3c-80b1-66a07c6e3dcd
2019-10-17 20:28:48,106 [grpc-default-executor-2] INFO  impl.RaftServerImpl (RaftServerImpl.java:setRole(184)) - 7f29c796-0732-402f-b865-67033766dcba@group-C2BDBBDF155D: changes role from  FOLLOWER to FOLLOWER at term 194 for recognizeCandidate:c07977b7-c8ef-4f3c-80b1-66a07c6e3dcd
2019-10-17 20:28:48,106 [grpc-default-executor-4] INFO  impl.RoleInfo (RoleInfo.java:shutdownFollowerState(121)) - d81605c5-54b3-45a8-b5ae-2e8d8890cbef: shutdown FollowerState
2019-10-17 20:28:48,106 [grpc-default-executor-2] INFO  impl.RoleInfo (RoleInfo.java:shutdownFollowerState(121)) - 7f29c796-0732-402f-b865-67033766dcba: shutdown FollowerState
2019-10-17 20:28:48,107 [Thread-2179] INFO  impl.FollowerState (FollowerState.java:run(117)) - d81605c5-54b3-45a8-b5ae-2e8d8890cbef@group-C2BDBBDF155D-FollowerState was interrupted: java.lang.InterruptedException: sleep interrupted
2019-10-17 20:28:48,107 [grpc-default-executor-4] INFO  impl.RoleInfo (RoleInfo.java:updateAndGet(143)) - d81605c5-54b3-45a8-b5ae-2e8d8890cbef: start FollowerState
2019-10-17 20:28:48,107 [Thread-2178] INFO  impl.FollowerState (FollowerState.java:run(117)) - 7f29c796-0732-402f-b865-67033766dcba@group-C2BDBBDF155D-FollowerState was interrupted: java.lang.InterruptedException: sleep interrupted
2019-10-17 20:28:48,107 [grpc-default-executor-2] INFO  impl.RoleInfo (RoleInfo.java:updateAndGet(143)) - 7f29c796-0732-402f-b865-67033766dcba: start FollowerState
2019-10-17 20:28:48,130 [c07977b7-c8ef-4f3c-80b1-66a07c6e3dcd@group-C2BDBBDF155D-LeaderElection207] INFO  impl.LeaderElection (LeaderElection.java:logAndReturn(56)) - c07977b7-c8ef-4f3c-80b1-66a07c6e3dcd@group-C2BDBBDF155D-LeaderElection207: Election REJECTED; received 2 response(s) [c07977b7-c8ef-4f3c-80b1-66a07c6e3dcd<-d81605c5-54b3-45a8-b5ae-2e8d8890cbef#0:FAIL-t194, c07977b7-c8ef-4f3c-80b1-66a07c6e3dcd<-7f29c796-0732-402f-b865-67033766dcba#0:FAIL-t194] and 0 exception(s); c07977b7-c8ef-4f3c-80b1-66a07c6e3dcd@group-C2BDBBDF155D:t194, leader=null, voted=c07977b7-c8ef-4f3c-80b1-66a07c6e3dcd, raftlog=c07977b7-c8ef-4f3c-80b1-66a07c6e3dcd@group-C2BDBBDF155D-SegmentedRaftLog:OPENED:c-1,f-1,i0, conf=-1: [d81605c5-54b3-45a8-b5ae-2e8d8890cbef:192.168.164.201:42755, 7f29c796-0732-402f-b865-67033766dcba:192.168.164.201:40704, c07977b7-c8ef-4f3c-80b1-66a07c6e3dcd:192.168.164.201:38664], old=null
2019-10-17 20:28:48,130 [c07977b7-c8ef-4f3c-80b1-66a07c6e3dcd@group-C2BDBBDF155D-LeaderElection207] INFO  impl.RaftServerImpl (RaftServerImpl.java:setRole(184)) - c07977b7-c8ef-4f3c-80b1-66a07c6e3dcd@group-C2BDBBDF155D: changes role from CANDIDATE to FOLLOWER at term 194 for DISCOVERED_A_NEW_TERM
2019-10-17 20:28:48,130 [c07977b7-c8ef-4f3c-80b1-66a07c6e3dcd@group-C2BDBBDF155D-LeaderElection207] INFO  impl.RoleInfo (RoleInfo.java:shutdownLeaderElection(134)) - c07977b7-c8ef-4f3c-80b1-66a07c6e3dcd: shutdown LeaderElection
2019-10-17 20:28:48,130 [c07977b7-c8ef-4f3c-80b1-66a07c6e3dcd@group-C2BDBBDF155D-LeaderElection207] INFO  impl.RoleInfo (RoleInfo.java:updateAndGet(143)) - c07977b7-c8ef-4f3c-80b1-66a07c6e3dcd: start FollowerState
2019-10-17 20:28:48,279 [Thread-2186] INFO  impl.FollowerState (FollowerState.java:run(108)) - c07977b7-c8ef-4f3c-80b1-66a07c6e3dcd@group-C2BDBBDF155D-FollowerState: change to CANDIDATE, lastRpcTime:149ms, electionTimeout:149ms
2019-10-17 20:28:48,280 [Thread-2186] INFO  impl.RoleInfo (RoleInfo.java:shutdownFollowerState(121)) - c07977b7-c8ef-4f3c-80b1-66a07c6e3dcd: shutdown FollowerState
2019-10-17 20:28:48,280 [Thread-2186] INFO  impl.RaftServerImpl (RaftServerImpl.java:setRole(184)) - c07977b7-c8ef-4f3c-80b1-66a07c6e3dcd@group-C2BDBBDF155D: changes role from  FOLLOWER to CANDIDATE at term 194 for changeToCandidate
2019-10-17 20:28:48,280 [Thread-2186] INFO  impl.RoleInfo (RoleInfo.java:updateAndGet(143)) - c07977b7-c8ef-4f3c-80b1-66a07c6e3dcd: start LeaderElection
2019-10-17 20:28:48,312 [c07977b7-c8ef-4f3c-80b1-66a07c6e3dcd@group-C2BDBBDF155D-LeaderElection208] INFO  impl.LeaderElection (LeaderElection.java:askForVotes(178)) - c07977b7-c8ef-4f3c-80b1-66a07c6e3dcd@group-C2BDBBDF155D-LeaderElection208: begin an election at term 195 for -1: [d81605c5-54b3-45a8-b5ae-2e8d8890cbef:192.168.164.201:42755, 7f29c796-0732-402f-b865-67033766dcba:192.168.164.201:40704, c07977b7-c8ef-4f3c-80b1-66a07c6e3dcd:192.168.164.201:38664], old=null
2019-10-17 20:28:48,315 [grpc-default-executor-2] INFO  impl.RaftServerImpl (RaftServerImpl.java:setRole(184)) - 7f29c796-0732-402f-b865-67033766dcba@group-C2BDBBDF155D: changes role from  FOLLOWER to FOLLOWER at term 195 for recognizeCandidate:c07977b7-c8ef-4f3c-80b1-66a07c6e3dcd
2019-10-17 20:28:48,315 [grpc-default-executor-4] INFO  impl.RaftServerImpl (RaftServerImpl.java:setRole(184)) - d81605c5-54b3-45a8-b5ae-2e8d8890cbef@group-C2BDBBDF155D: changes role from  FOLLOWER to FOLLOWER at term 195 for recognizeCandidate:c07977b7-c8ef-4f3c-80b1-66a07c6e3dcd
2019-10-17 20:28:48,315 [grpc-default-executor-2] INFO  impl.RoleInfo (RoleInfo.java:shutdownFollowerState(121)) - 7f29c796-0732-402f-b865-67033766dcba: shutdown FollowerState
2019-10-17 20:28:48,315 [grpc-default-executor-4] INFO  impl.RoleInfo (RoleInfo.java:shutdownFollowerState(121)) - d81605c5-54b3-45a8-b5ae-2e8d8890cbef: shutdown FollowerState
2019-10-17 20:28:48,315 [Thread-2185] INFO  impl.FollowerState (FollowerState.java:run(117)) - 7f29c796-0732-402f-b865-67033766dcba@group-C2BDBBDF155D-FollowerState was interrupted: java.lang.InterruptedException: sleep interrupted
2019-10-17 20:28:48,315 [grpc-default-executor-2] INFO  impl.RoleInfo (RoleInfo.java:updateAndGet(143)) - 7f29c796-0732-402f-b865-67033766dcba: start FollowerState
2019-10-17 20:28:48,315 [Thread-2184] INFO  impl.FollowerState (FollowerState.java:run(117)) - d81605c5-54b3-45a8-b5ae-2e8d8890cbef@group-C2BDBBDF155D-FollowerState was interrupted: java.lang.InterruptedException: sleep interrupted
2019-10-17 20:28:48,315 [grpc-default-executor-4] INFO  impl.RoleInfo (RoleInfo.java:updateAndGet(143)) - d81605c5-54b3-45a8-b5ae-2e8d8890cbef: start FollowerState
2019-10-17 20:28:48,338 [c07977b7-c8ef-4f3c-80b1-66a07c6e3dcd@group-C2BDBBDF155D-LeaderElection208] INFO  impl.LeaderElection (LeaderElection.java:logAndReturn(56)) - c07977b7-c8ef-4f3c-80b1-66a07c6e3dcd@group-C2BDBBDF155D-LeaderElection208: Election REJECTED; received 2 response(s) [c07977b7-c8ef-4f3c-80b1-66a07c6e3dcd<-d81605c5-54b3-45a8-b5ae-2e8d8890cbef#0:FAIL-t195, c07977b7-c8ef-4f3c-80b1-66a07c6e3dcd<-7f29c796-0732-402f-b865-67033766dcba#0:FAIL-t195] and 0 exception(s); c07977b7-c8ef-4f3c-80b1-66a07c6e3dcd@group-C2BDBBDF155D:t195, leader=null, voted=c07977b7-c8ef-4f3c-80b1-66a07c6e3dcd, raftlog=c07977b7-c8ef-4f3c-80b1-66a07c6e3dcd@group-C2BDBBDF155D-SegmentedRaftLog:OPENED:c-1,f-1,i0, conf=-1: [d81605c5-54b3-45a8-b5ae-2e8d8890cbef:192.168.164.201:42755, 7f29c796-0732-402f-b865-67033766dcba:192.168.164.201:40704, c07977b7-c8ef-4f3c-80b1-66a07c6e3dcd:192.168.164.201:38664], old=null
2019-10-17 20:28:48,339 [c07977b7-c8ef-4f3c-80b1-66a07c6e3dcd@group-C2BDBBDF155D-LeaderElection208] INFO  impl.RaftServerImpl (RaftServerImpl.java:setRole(184)) - c07977b7-c8ef-4f3c-80b1-66a07c6e3dcd@group-C2BDBBDF155D: changes role from CANDIDATE to FOLLOWER at term 195 for DISCOVERED_A_NEW_TERM
2019-10-17 20:28:48,339 [c07977b7-c8ef-4f3c-80b1-66a07c6e3dcd@group-C2BDBBDF155D-LeaderElection208] INFO  impl.RoleInfo (RoleInfo.java:shutdownLeaderElection(134)) - c07977b7-c8ef-4f3c-80b1-66a07c6e3dcd: shutdown LeaderElection
2019-10-17 20:28:48,339 [c07977b7-c8ef-4f3c-80b1-66a07c6e3dcd@group-C2BDBBDF155D-LeaderElection208] INFO  impl.RoleInfo (RoleInfo.java:updateAndGet(143)) - c07977b7-c8ef-4f3c-80b1-66a07c6e3dcd: start FollowerState
2019-10-17 20:28:48,502 [Thread-2192] INFO  impl.FollowerState (FollowerState.java:run(108)) - c07977b7-c8ef-4f3c-80b1-66a07c6e3dcd@group-C2BDBBDF155D-FollowerState: change to CANDIDATE, lastRpcTime:163ms, electionTimeout:163ms
2019-10-17 20:28:48,502 [Thread-2192] INFO  impl.RoleInfo (RoleInfo.java:shutdownFollowerState(121)) - c07977b7-c8ef-4f3c-80b1-66a07c6e3dcd: shutdown FollowerState
2019-10-17 20:28:48,503 [Thread-2192] INFO  impl.RaftServerImpl (RaftServerImpl.java:setRole(184)) - c07977b7-c8ef-4f3c-80b1-66a07c6e3dcd@group-C2BDBBDF155D: changes role from  FOLLOWER to CANDIDATE at term 195 for changeToCandidate
2019-10-17 20:28:48,503 [Thread-2192] INFO  impl.RoleInfo (RoleInfo.java:updateAndGet(143)) - c07977b7-c8ef-4f3c-80b1-66a07c6e3dcd: start LeaderElection
2019-10-17 20:28:48,530 [c07977b7-c8ef-4f3c-80b1-66a07c6e3dcd@group-C2BDBBDF155D-LeaderElection209] INFO  impl.LeaderElection (LeaderElection.java:askForVotes(178)) - c07977b7-c8ef-4f3c-80b1-66a07c6e3dcd@group-C2BDBBDF155D-LeaderElection209: begin an election at term 196 for -1: [d81605c5-54b3-45a8-b5ae-2e8d8890cbef:192.168.164.201:42755, 7f29c796-0732-402f-b865-67033766dcba:192.168.164.201:40704, c07977b7-c8ef-4f3c-80b1-66a07c6e3dcd:192.168.164.201:38664], old=null
2019-10-17 20:28:48,532 [grpc-default-executor-2] INFO  impl.RaftServerImpl (RaftServerImpl.java:setRole(184)) - 7f29c796-0732-402f-b865-67033766dcba@group-C2BDBBDF155D: changes role from  FOLLOWER to FOLLOWER at term 196 for recognizeCandidate:c07977b7-c8ef-4f3c-80b1-66a07c6e3dcd
2019-10-17 20:28:48,532 [grpc-default-executor-2] INFO  impl.RoleInfo (RoleInfo.java:shutdownFollowerState(121)) - 7f29c796-0732-402f-b865-67033766dcba: shutdown FollowerState
2019-10-17 20:28:48,532 [grpc-default-executor-4] INFO  impl.RaftServerImpl (RaftServerImpl.java:setRole(184)) - d81605c5-54b3-45a8-b5ae-2e8d8890cbef@group-C2BDBBDF155D: changes role from  FOLLOWER to FOLLOWER at term 196 for recognizeCandidate:c07977b7-c8ef-4f3c-80b1-66a07c6e3dcd
2019-10-17 20:28:48,533 [Thread-2190] INFO  impl.FollowerState (FollowerState.java:run(117)) - 7f29c796-0732-402f-b865-67033766dcba@group-C2BDBBDF155D-FollowerState was interrupted: java.lang.InterruptedException: sleep interrupted
2019-10-17 20:28:48,533 [grpc-default-executor-2] INFO  impl.RoleInfo (RoleInfo.java:updateAndGet(143)) - 7f29c796-0732-402f-b865-67033766dcba: start FollowerState
2019-10-17 20:28:48,533 [grpc-default-executor-4] INFO  impl.RoleInfo (RoleInfo.java:shutdownFollowerState(121)) - d81605c5-54b3-45a8-b5ae-2e8d8890cbef: shutdown FollowerState
2019-10-17 20:28:48,533 [grpc-default-executor-4] INFO  impl.RoleInfo (RoleInfo.java:updateAndGet(143)) - d81605c5-54b3-45a8-b5ae-2e8d8890cbef: start FollowerState
2019-10-17 20:28:48,533 [Thread-2191] INFO  impl.FollowerState (FollowerState.java:run(117)) - d81605c5-54b3-45a8-b5ae-2e8d8890cbef@group-C2BDBBDF155D-FollowerState was interrupted: java.lang.InterruptedException: sleep interrupted
2019-10-17 20:28:48,542 [Thread-754] INFO  ozone.MiniOzoneClusterImpl (MiniOzoneClusterImpl.java:lambda$waitForClusterToBeReady$2(164)) - Waiting for 1 number of pipelines out of 4, to report a leader.
2019-10-17 20:28:48,556 [c07977b7-c8ef-4f3c-80b1-66a07c6e3dcd@group-C2BDBBDF155D-LeaderElection209] INFO  impl.LeaderElection (LeaderElection.java:logAndReturn(56)) - c07977b7-c8ef-4f3c-80b1-66a07c6e3dcd@group-C2BDBBDF155D-LeaderElection209: Election REJECTED; received 2 response(s) [c07977b7-c8ef-4f3c-80b1-66a07c6e3dcd<-d81605c5-54b3-45a8-b5ae-2e8d8890cbef#0:FAIL-t196, c07977b7-c8ef-4f3c-80b1-66a07c6e3dcd<-7f29c796-0732-402f-b865-67033766dcba#0:FAIL-t196] and 0 exception(s); c07977b7-c8ef-4f3c-80b1-66a07c6e3dcd@group-C2BDBBDF155D:t196, leader=null, voted=c07977b7-c8ef-4f3c-80b1-66a07c6e3dcd, raftlog=c07977b7-c8ef-4f3c-80b1-66a07c6e3dcd@group-C2BDBBDF155D-SegmentedRaftLog:OPENED:c-1,f-1,i0, conf=-1: [d81605c5-54b3-45a8-b5ae-2e8d8890cbef:192.168.164.201:42755, 7f29c796-0732-402f-b865-67033766dcba:192.168.164.201:40704, c07977b7-c8ef-4f3c-80b1-66a07c6e3dcd:192.168.164.201:38664], old=null
2019-10-17 20:28:48,556 [c07977b7-c8ef-4f3c-80b1-66a07c6e3dcd@group-C2BDBBDF155D-LeaderElection209] INFO  impl.RaftServerImpl (RaftServerImpl.java:setRole(184)) - c07977b7-c8ef-4f3c-80b1-66a07c6e3dcd@group-C2BDBBDF155D: changes role from CANDIDATE to FOLLOWER at term 196 for DISCOVERED_A_NEW_TERM
2019-10-17 20:28:48,556 [c07977b7-c8ef-4f3c-80b1-66a07c6e3dcd@group-C2BDBBDF155D-LeaderElection209] INFO  impl.RoleInfo (RoleInfo.java:shutdownLeaderElection(134)) - c07977b7-c8ef-4f3c-80b1-66a07c6e3dcd: shutdown LeaderElection
2019-10-17 20:28:48,556 [c07977b7-c8ef-4f3c-80b1-66a07c6e3dcd@group-C2BDBBDF155D-LeaderElection209] INFO  impl.RoleInfo (RoleInfo.java:updateAndGet(143)) - c07977b7-c8ef-4f3c-80b1-66a07c6e3dcd: start FollowerState
2019-10-17 20:28:48,676 [Thread-2198] INFO  impl.FollowerState (FollowerState.java:run(108)) - c07977b7-c8ef-4f3c-80b1-66a07c6e3dcd@group-C2BDBBDF155D-FollowerState: change to CANDIDATE, lastRpcTime:119ms, electionTimeout:119ms
2019-10-17 20:28:48,676 [Thread-2198] INFO  impl.RoleInfo (RoleInfo.java:shutdownFollowerState(121)) - c07977b7-c8ef-4f3c-80b1-66a07c6e3dcd: shutdown FollowerState
2019-10-17 20:28:48,676 [Thread-2198] INFO  impl.RaftServerImpl (RaftServerImpl.java:setRole(184)) - c07977b7-c8ef-4f3c-80b1-66a07c6e3dcd@group-C2BDBBDF155D: changes role from  FOLLOWER to CANDIDATE at term 196 for changeToCandidate
2019-10-17 20:28:48,676 [Thread-2198] INFO  impl.RoleInfo (RoleInfo.java:updateAndGet(143)) - c07977b7-c8ef-4f3c-80b1-66a07c6e3dcd: start LeaderElection
2019-10-17 20:28:48,706 [c07977b7-c8ef-4f3c-80b1-66a07c6e3dcd@group-C2BDBBDF155D-LeaderElection210] INFO  impl.LeaderElection (LeaderElection.java:askForVotes(178)) - c07977b7-c8ef-4f3c-80b1-66a07c6e3dcd@group-C2BDBBDF155D-LeaderElection210: begin an election at term 197 for -1: [d81605c5-54b3-45a8-b5ae-2e8d8890cbef:192.168.164.201:42755, 7f29c796-0732-402f-b865-67033766dcba:192.168.164.201:40704, c07977b7-c8ef-4f3c-80b1-66a07c6e3dcd:192.168.164.201:38664], old=null
2019-10-17 20:28:48,708 [grpc-default-executor-2] INFO  impl.RaftServerImpl (RaftServerImpl.java:setRole(184)) - d81605c5-54b3-45a8-b5ae-2e8d8890cbef@group-C2BDBBDF155D: changes role from  FOLLOWER to FOLLOWER at term 197 for recognizeCandidate:c07977b7-c8ef-4f3c-80b1-66a07c6e3dcd
2019-10-17 20:28:48,708 [grpc-default-executor-2] INFO  impl.RoleInfo (RoleInfo.java:shutdownFollowerState(121)) - d81605c5-54b3-45a8-b5ae-2e8d8890cbef: shutdown FollowerState
2019-10-17 20:28:48,708 [grpc-default-executor-4] INFO  impl.RaftServerImpl (RaftServerImpl.java:setRole(184)) - 7f29c796-0732-402f-b865-67033766dcba@group-C2BDBBDF155D: changes role from  FOLLOWER to FOLLOWER at term 197 for recognizeCandidate:c07977b7-c8ef-4f3c-80b1-66a07c6e3dcd
2019-10-17 20:28:48,709 [grpc-default-executor-4] INFO  impl.RoleInfo (RoleInfo.java:shutdownFollowerState(121)) - 7f29c796-0732-402f-b865-67033766dcba: shutdown FollowerState
2019-10-17 20:28:48,709 [Thread-2197] INFO  impl.FollowerState (FollowerState.java:run(117)) - d81605c5-54b3-45a8-b5ae-2e8d8890cbef@group-C2BDBBDF155D-FollowerState was interrupted: java.lang.InterruptedException: sleep interrupted
2019-10-17 20:28:48,708 [grpc-default-executor-2] INFO  impl.RoleInfo (RoleInfo.java:updateAndGet(143)) - d81605c5-54b3-45a8-b5ae-2e8d8890cbef: start FollowerState
2019-10-17 20:28:48,709 [Thread-2196] INFO  impl.FollowerState (FollowerState.java:run(117)) - 7f29c796-0732-402f-b865-67033766dcba@group-C2BDBBDF155D-FollowerState was interrupted: java.lang.InterruptedException: sleep interrupted
2019-10-17 20:28:48,709 [grpc-default-executor-4] INFO  impl.RoleInfo (RoleInfo.java:updateAndGet(143)) - 7f29c796-0732-402f-b865-67033766dcba: start FollowerState
2019-10-17 20:28:48,732 [c07977b7-c8ef-4f3c-80b1-66a07c6e3dcd@group-C2BDBBDF155D-LeaderElection210] INFO  impl.LeaderElection (LeaderElection.java:logAndReturn(56)) - c07977b7-c8ef-4f3c-80b1-66a07c6e3dcd@group-C2BDBBDF155D-LeaderElection210: Election REJECTED; received 2 response(s) [c07977b7-c8ef-4f3c-80b1-66a07c6e3dcd<-d81605c5-54b3-45a8-b5ae-2e8d8890cbef#0:FAIL-t197, c07977b7-c8ef-4f3c-80b1-66a07c6e3dcd<-7f29c796-0732-402f-b865-67033766dcba#0:FAIL-t197] and 0 exception(s); c07977b7-c8ef-4f3c-80b1-66a07c6e3dcd@group-C2BDBBDF155D:t197, leader=null, voted=c07977b7-c8ef-4f3c-80b1-66a07c6e3dcd, raftlog=c07977b7-c8ef-4f3c-80b1-66a07c6e3dcd@group-C2BDBBDF155D-SegmentedRaftLog:OPENED:c-1,f-1,i0, conf=-1: [d81605c5-54b3-45a8-b5ae-2e8d8890cbef:192.168.164.201:42755, 7f29c796-0732-402f-b865-67033766dcba:192.168.164.201:40704, c07977b7-c8ef-4f3c-80b1-66a07c6e3dcd:192.168.164.201:38664], old=null
2019-10-17 20:28:48,732 [c07977b7-c8ef-4f3c-80b1-66a07c6e3dcd@group-C2BDBBDF155D-LeaderElection210] INFO  impl.RaftServerImpl (RaftServerImpl.java:setRole(184)) - c07977b7-c8ef-4f3c-80b1-66a07c6e3dcd@group-C2BDBBDF155D: changes role from CANDIDATE to FOLLOWER at term 197 for DISCOVERED_A_NEW_TERM
2019-10-17 20:28:48,732 [c07977b7-c8ef-4f3c-80b1-66a07c6e3dcd@group-C2BDBBDF155D-LeaderElection210] INFO  impl.RoleInfo (RoleInfo.java:shutdownLeaderElection(134)) - c07977b7-c8ef-4f3c-80b1-66a07c6e3dcd: shutdown LeaderElection
2019-10-17 20:28:48,732 [c07977b7-c8ef-4f3c-80b1-66a07c6e3dcd@group-C2BDBBDF155D-LeaderElection210] INFO  impl.RoleInfo (RoleInfo.java:updateAndGet(143)) - c07977b7-c8ef-4f3c-80b1-66a07c6e3dcd: start FollowerState
2019-10-17 20:28:48,766 [Thread-2204] INFO  impl.FollowerState (FollowerState.java:run(108)) - c07977b7-c8ef-4f3c-80b1-66a07c6e3dcd@group-C2BDBBDF155D-FollowerState: change to CANDIDATE, lastRpcTime:33ms, electionTimeout:33ms
2019-10-17 20:28:48,766 [Thread-2204] INFO  impl.RoleInfo (RoleInfo.java:shutdownFollowerState(121)) - c07977b7-c8ef-4f3c-80b1-66a07c6e3dcd: shutdown FollowerState
2019-10-17 20:28:48,766 [Thread-2204] INFO  impl.RaftServerImpl (RaftServerImpl.java:setRole(184)) - c07977b7-c8ef-4f3c-80b1-66a07c6e3dcd@group-C2BDBBDF155D: changes role from  FOLLOWER to CANDIDATE at term 197 for changeToCandidate
2019-10-17 20:28:48,766 [Thread-2204] INFO  impl.RoleInfo (RoleInfo.java:updateAndGet(143)) - c07977b7-c8ef-4f3c-80b1-66a07c6e3dcd: start LeaderElection
2019-10-17 20:28:48,789 [c07977b7-c8ef-4f3c-80b1-66a07c6e3dcd@group-C2BDBBDF155D-LeaderElection211] INFO  impl.LeaderElection (LeaderElection.java:askForVotes(178)) - c07977b7-c8ef-4f3c-80b1-66a07c6e3dcd@group-C2BDBBDF155D-LeaderElection211: begin an election at term 198 for -1: [d81605c5-54b3-45a8-b5ae-2e8d8890cbef:192.168.164.201:42755, 7f29c796-0732-402f-b865-67033766dcba:192.168.164.201:40704, c07977b7-c8ef-4f3c-80b1-66a07c6e3dcd:192.168.164.201:38664], old=null
2019-10-17 20:28:48,792 [grpc-default-executor-4] INFO  impl.RaftServerImpl (RaftServerImpl.java:setRole(184)) - 7f29c796-0732-402f-b865-67033766dcba@group-C2BDBBDF155D: changes role from  FOLLOWER to FOLLOWER at term 198 for recognizeCandidate:c07977b7-c8ef-4f3c-80b1-66a07c6e3dcd
2019-10-17 20:28:48,792 [grpc-default-executor-4] INFO  impl.RoleInfo (RoleInfo.java:shutdownFollowerState(121)) - 7f29c796-0732-402f-b865-67033766dcba: shutdown FollowerState
2019-10-17 20:28:48,792 [grpc-default-executor-4] INFO  impl.RoleInfo (RoleInfo.java:updateAndGet(143)) - 7f29c796-0732-402f-b865-67033766dcba: start FollowerState
2019-10-17 20:28:48,792 [grpc-default-executor-2] INFO  impl.RaftServerImpl (RaftServerImpl.java:setRole(184)) - d81605c5-54b3-45a8-b5ae-2e8d8890cbef@group-C2BDBBDF155D: changes role from  FOLLOWER to FOLLOWER at term 198 for recognizeCandidate:c07977b7-c8ef-4f3c-80b1-66a07c6e3dcd
2019-10-17 20:28:48,793 [grpc-default-executor-2] INFO  impl.RoleInfo (RoleInfo.java:shutdownFollowerState(121)) - d81605c5-54b3-45a8-b5ae-2e8d8890cbef: shutdown FollowerState
2019-10-17 20:28:48,792 [Thread-2203] INFO  impl.FollowerState (FollowerState.java:run(117)) - 7f29c796-0732-402f-b865-67033766dcba@group-C2BDBBDF155D-FollowerState was interrupted: java.lang.InterruptedException: sleep interrupted
2019-10-17 20:28:48,793 [Thread-2202] INFO  impl.FollowerState (FollowerState.java:run(117)) - d81605c5-54b3-45a8-b5ae-2e8d8890cbef@group-C2BDBBDF155D-FollowerState was interrupted: java.lang.InterruptedException: sleep interrupted
2019-10-17 20:28:48,793 [grpc-default-executor-2] INFO  impl.RoleInfo (RoleInfo.java:updateAndGet(143)) - d81605c5-54b3-45a8-b5ae-2e8d8890cbef: start FollowerState
2019-10-17 20:28:48,816 [c07977b7-c8ef-4f3c-80b1-66a07c6e3dcd@group-C2BDBBDF155D-LeaderElection211] INFO  impl.LeaderElection (LeaderElection.java:logAndReturn(56)) - c07977b7-c8ef-4f3c-80b1-66a07c6e3dcd@group-C2BDBBDF155D-LeaderElection211: Election REJECTED; received 2 response(s) [c07977b7-c8ef-4f3c-80b1-66a07c6e3dcd<-d81605c5-54b3-45a8-b5ae-2e8d8890cbef#0:FAIL-t198, c07977b7-c8ef-4f3c-80b1-66a07c6e3dcd<-7f29c796-0732-402f-b865-67033766dcba#0:FAIL-t198] and 0 exception(s); c07977b7-c8ef-4f3c-80b1-66a07c6e3dcd@group-C2BDBBDF155D:t198, leader=null, voted=c07977b7-c8ef-4f3c-80b1-66a07c6e3dcd, raftlog=c07977b7-c8ef-4f3c-80b1-66a07c6e3dcd@group-C2BDBBDF155D-SegmentedRaftLog:OPENED:c-1,f-1,i0, conf=-1: [d81605c5-54b3-45a8-b5ae-2e8d8890cbef:192.168.164.201:42755, 7f29c796-0732-402f-b865-67033766dcba:192.168.164.201:40704, c07977b7-c8ef-4f3c-80b1-66a07c6e3dcd:192.168.164.201:38664], old=null
2019-10-17 20:28:48,816 [c07977b7-c8ef-4f3c-80b1-66a07c6e3dcd@group-C2BDBBDF155D-LeaderElection211] INFO  impl.RaftServerImpl (RaftServerImpl.java:setRole(184)) - c07977b7-c8ef-4f3c-80b1-66a07c6e3dcd@group-C2BDBBDF155D: changes role from CANDIDATE to FOLLOWER at term 198 for DISCOVERED_A_NEW_TERM
2019-10-17 20:28:48,816 [c07977b7-c8ef-4f3c-80b1-66a07c6e3dcd@group-C2BDBBDF155D-LeaderElection211] INFO  impl.RoleInfo (RoleInfo.java:shutdownLeaderElection(134)) - c07977b7-c8ef-4f3c-80b1-66a07c6e3dcd: shutdown LeaderElection
2019-10-17 20:28:48,816 [c07977b7-c8ef-4f3c-80b1-66a07c6e3dcd@group-C2BDBBDF155D-LeaderElection211] INFO  impl.RoleInfo (RoleInfo.java:updateAndGet(143)) - c07977b7-c8ef-4f3c-80b1-66a07c6e3dcd: start FollowerState
2019-10-17 20:28:48,955 [Thread-2210] INFO  impl.FollowerState (FollowerState.java:run(108)) - c07977b7-c8ef-4f3c-80b1-66a07c6e3dcd@group-C2BDBBDF155D-FollowerState: change to CANDIDATE, lastRpcTime:138ms, electionTimeout:138ms
2019-10-17 20:28:48,955 [Thread-2210] INFO  impl.RoleInfo (RoleInfo.java:shutdownFollowerState(121)) - c07977b7-c8ef-4f3c-80b1-66a07c6e3dcd: shutdown FollowerState
2019-10-17 20:28:48,955 [Thread-2210] INFO  impl.RaftServerImpl (RaftServerImpl.java:setRole(184)) - c07977b7-c8ef-4f3c-80b1-66a07c6e3dcd@group-C2BDBBDF155D: changes role from  FOLLOWER to CANDIDATE at term 198 for changeToCandidate
2019-10-17 20:28:48,955 [Thread-2210] INFO  impl.RoleInfo (RoleInfo.java:updateAndGet(143)) - c07977b7-c8ef-4f3c-80b1-66a07c6e3dcd: start LeaderElection
2019-10-17 20:28:48,999 [c07977b7-c8ef-4f3c-80b1-66a07c6e3dcd@group-C2BDBBDF155D-LeaderElection212] INFO  impl.LeaderElection (LeaderElection.java:askForVotes(178)) - c07977b7-c8ef-4f3c-80b1-66a07c6e3dcd@group-C2BDBBDF155D-LeaderElection212: begin an election at term 199 for -1: [d81605c5-54b3-45a8-b5ae-2e8d8890cbef:192.168.164.201:42755, 7f29c796-0732-402f-b865-67033766dcba:192.168.164.201:40704, c07977b7-c8ef-4f3c-80b1-66a07c6e3dcd:192.168.164.201:38664], old=null
2019-10-17 20:28:49,002 [grpc-default-executor-4] INFO  impl.RaftServerImpl (RaftServerImpl.java:setRole(184)) - 7f29c796-0732-402f-b865-67033766dcba@group-C2BDBBDF155D: changes role from  FOLLOWER to FOLLOWER at term 199 for recognizeCandidate:c07977b7-c8ef-4f3c-80b1-66a07c6e3dcd
2019-10-17 20:28:49,002 [grpc-default-executor-2] INFO  impl.RaftServerImpl (RaftServerImpl.java:setRole(184)) - d81605c5-54b3-45a8-b5ae-2e8d8890cbef@group-C2BDBBDF155D: changes role from  FOLLOWER to FOLLOWER at term 199 for recognizeCandidate:c07977b7-c8ef-4f3c-80b1-66a07c6e3dcd
2019-10-17 20:28:49,002 [grpc-default-executor-4] INFO  impl.RoleInfo (RoleInfo.java:shutdownFollowerState(121)) - 7f29c796-0732-402f-b865-67033766dcba: shutdown FollowerState
2019-10-17 20:28:49,002 [grpc-default-executor-2] INFO  impl.RoleInfo (RoleInfo.java:shutdownFollowerState(121)) - d81605c5-54b3-45a8-b5ae-2e8d8890cbef: shutdown FollowerState
2019-10-17 20:28:49,003 [grpc-default-executor-4] INFO  impl.RoleInfo (RoleInfo.java:updateAndGet(143)) - 7f29c796-0732-402f-b865-67033766dcba: start FollowerState
2019-10-17 20:28:49,003 [Thread-2209] INFO  impl.FollowerState (FollowerState.java:run(117)) - d81605c5-54b3-45a8-b5ae-2e8d8890cbef@group-C2BDBBDF155D-FollowerState was interrupted: java.lang.InterruptedException: sleep interrupted
2019-10-17 20:28:49,003 [grpc-default-executor-2] INFO  impl.RoleInfo (RoleInfo.java:updateAndGet(143)) - d81605c5-54b3-45a8-b5ae-2e8d8890cbef: start FollowerState
2019-10-17 20:28:49,003 [Thread-2208] INFO  impl.FollowerState (FollowerState.java:run(117)) - 7f29c796-0732-402f-b865-67033766dcba@group-C2BDBBDF155D-FollowerState was interrupted: java.lang.InterruptedException: sleep interrupted
2019-10-17 20:28:49,033 [c07977b7-c8ef-4f3c-80b1-66a07c6e3dcd@group-C2BDBBDF155D-LeaderElection212] INFO  impl.LeaderElection (LeaderElection.java:logAndReturn(56)) - c07977b7-c8ef-4f3c-80b1-66a07c6e3dcd@group-C2BDBBDF155D-LeaderElection212: Election REJECTED; received 2 response(s) [c07977b7-c8ef-4f3c-80b1-66a07c6e3dcd<-d81605c5-54b3-45a8-b5ae-2e8d8890cbef#0:FAIL-t199, c07977b7-c8ef-4f3c-80b1-66a07c6e3dcd<-7f29c796-0732-402f-b865-67033766dcba#0:FAIL-t199] and 0 exception(s); c07977b7-c8ef-4f3c-80b1-66a07c6e3dcd@group-C2BDBBDF155D:t199, leader=null, voted=c07977b7-c8ef-4f3c-80b1-66a07c6e3dcd, raftlog=c07977b7-c8ef-4f3c-80b1-66a07c6e3dcd@group-C2BDBBDF155D-SegmentedRaftLog:OPENED:c-1,f-1,i0, conf=-1: [d81605c5-54b3-45a8-b5ae-2e8d8890cbef:192.168.164.201:42755, 7f29c796-0732-402f-b865-67033766dcba:192.168.164.201:40704, c07977b7-c8ef-4f3c-80b1-66a07c6e3dcd:192.168.164.201:38664], old=null
2019-10-17 20:28:49,033 [c07977b7-c8ef-4f3c-80b1-66a07c6e3dcd@group-C2BDBBDF155D-LeaderElection212] INFO  impl.RaftServerImpl (RaftServerImpl.java:setRole(184)) - c07977b7-c8ef-4f3c-80b1-66a07c6e3dcd@group-C2BDBBDF155D: changes role from CANDIDATE to FOLLOWER at term 199 for DISCOVERED_A_NEW_TERM
2019-10-17 20:28:49,034 [c07977b7-c8ef-4f3c-80b1-66a07c6e3dcd@group-C2BDBBDF155D-LeaderElection212] INFO  impl.RoleInfo (RoleInfo.java:shutdownLeaderElection(134)) - c07977b7-c8ef-4f3c-80b1-66a07c6e3dcd: shutdown LeaderElection
2019-10-17 20:28:49,034 [c07977b7-c8ef-4f3c-80b1-66a07c6e3dcd@group-C2BDBBDF155D-LeaderElection212] INFO  impl.RoleInfo (RoleInfo.java:updateAndGet(143)) - c07977b7-c8ef-4f3c-80b1-66a07c6e3dcd: start FollowerState
2019-10-17 20:28:49,140 [Thread-2216] INFO  impl.FollowerState (FollowerState.java:run(108)) - c07977b7-c8ef-4f3c-80b1-66a07c6e3dcd@group-C2BDBBDF155D-FollowerState: change to CANDIDATE, lastRpcTime:106ms, electionTimeout:106ms
2019-10-17 20:28:49,141 [Thread-2216] INFO  impl.RoleInfo (RoleInfo.java:shutdownFollowerState(121)) - c07977b7-c8ef-4f3c-80b1-66a07c6e3dcd: shutdown FollowerState
2019-10-17 20:28:49,141 [Thread-2216] INFO  impl.RaftServerImpl (RaftServerImpl.java:setRole(184)) - c07977b7-c8ef-4f3c-80b1-66a07c6e3dcd@group-C2BDBBDF155D: changes role from  FOLLOWER to CANDIDATE at term 199 for changeToCandidate
2019-10-17 20:28:49,141 [Thread-2216] INFO  impl.RoleInfo (RoleInfo.java:updateAndGet(143)) - c07977b7-c8ef-4f3c-80b1-66a07c6e3dcd: start LeaderElection
2019-10-17 20:28:49,166 [c07977b7-c8ef-4f3c-80b1-66a07c6e3dcd@group-C2BDBBDF155D-LeaderElection213] INFO  impl.LeaderElection (LeaderElection.java:askForVotes(178)) - c07977b7-c8ef-4f3c-80b1-66a07c6e3dcd@group-C2BDBBDF155D-LeaderElection213: begin an election at term 200 for -1: [d81605c5-54b3-45a8-b5ae-2e8d8890cbef:192.168.164.201:42755, 7f29c796-0732-402f-b865-67033766dcba:192.168.164.201:40704, c07977b7-c8ef-4f3c-80b1-66a07c6e3dcd:192.168.164.201:38664], old=null
2019-10-17 20:28:49,168 [grpc-default-executor-4] INFO  impl.RaftServerImpl (RaftServerImpl.java:setRole(184)) - d81605c5-54b3-45a8-b5ae-2e8d8890cbef@group-C2BDBBDF155D: changes role from  FOLLOWER to FOLLOWER at term 200 for recognizeCandidate:c07977b7-c8ef-4f3c-80b1-66a07c6e3dcd
2019-10-17 20:28:49,168 [grpc-default-executor-2] INFO  impl.RaftServerImpl (RaftServerImpl.java:setRole(184)) - 7f29c796-0732-402f-b865-67033766dcba@group-C2BDBBDF155D: changes role from  FOLLOWER to FOLLOWER at term 200 for recognizeCandidate:c07977b7-c8ef-4f3c-80b1-66a07c6e3dcd
2019-10-17 20:28:49,169 [grpc-default-executor-2] INFO  impl.RoleInfo (RoleInfo.java:shutdownFollowerState(121)) - 7f29c796-0732-402f-b865-67033766dcba: shutdown FollowerState
2019-10-17 20:28:49,169 [grpc-default-executor-4] INFO  impl.RoleInfo (RoleInfo.java:shutdownFollowerState(121)) - d81605c5-54b3-45a8-b5ae-2e8d8890cbef: shutdown FollowerState
2019-10-17 20:28:49,169 [Thread-2214] INFO  impl.FollowerState (FollowerState.java:run(117)) - 7f29c796-0732-402f-b865-67033766dcba@group-C2BDBBDF155D-FollowerState was interrupted: java.lang.InterruptedException: sleep interrupted
2019-10-17 20:28:49,169 [grpc-default-executor-2] INFO  impl.RoleInfo (RoleInfo.java:updateAndGet(143)) - 7f29c796-0732-402f-b865-67033766dcba: start FollowerState
2019-10-17 20:28:49,169 [Thread-2215] INFO  impl.FollowerState (FollowerState.java:run(117)) - d81605c5-54b3-45a8-b5ae-2e8d8890cbef@group-C2BDBBDF155D-FollowerState was interrupted: java.lang.InterruptedException: sleep interrupted
2019-10-17 20:28:49,169 [grpc-default-executor-4] INFO  impl.RoleInfo (RoleInfo.java:updateAndGet(143)) - d81605c5-54b3-45a8-b5ae-2e8d8890cbef: start FollowerState
2019-10-17 20:28:49,192 [c07977b7-c8ef-4f3c-80b1-66a07c6e3dcd@group-C2BDBBDF155D-LeaderElection213] INFO  impl.LeaderElection (LeaderElection.java:logAndReturn(56)) - c07977b7-c8ef-4f3c-80b1-66a07c6e3dcd@group-C2BDBBDF155D-LeaderElection213: Election REJECTED; received 2 response(s) [c07977b7-c8ef-4f3c-80b1-66a07c6e3dcd<-d81605c5-54b3-45a8-b5ae-2e8d8890cbef#0:FAIL-t200, c07977b7-c8ef-4f3c-80b1-66a07c6e3dcd<-7f29c796-0732-402f-b865-67033766dcba#0:FAIL-t200] and 0 exception(s); c07977b7-c8ef-4f3c-80b1-66a07c6e3dcd@group-C2BDBBDF155D:t200, leader=null, voted=c07977b7-c8ef-4f3c-80b1-66a07c6e3dcd, raftlog=c07977b7-c8ef-4f3c-80b1-66a07c6e3dcd@group-C2BDBBDF155D-SegmentedRaftLog:OPENED:c-1,f-1,i0, conf=-1: [d81605c5-54b3-45a8-b5ae-2e8d8890cbef:192.168.164.201:42755, 7f29c796-0732-402f-b865-67033766dcba:192.168.164.201:40704, c07977b7-c8ef-4f3c-80b1-66a07c6e3dcd:192.168.164.201:38664], old=null
2019-10-17 20:28:49,193 [c07977b7-c8ef-4f3c-80b1-66a07c6e3dcd@group-C2BDBBDF155D-LeaderElection213] INFO  impl.RaftServerImpl (RaftServerImpl.java:setRole(184)) - c07977b7-c8ef-4f3c-80b1-66a07c6e3dcd@group-C2BDBBDF155D: changes role from CANDIDATE to FOLLOWER at term 200 for DISCOVERED_A_NEW_TERM
2019-10-17 20:28:49,193 [c07977b7-c8ef-4f3c-80b1-66a07c6e3dcd@group-C2BDBBDF155D-LeaderElection213] INFO  impl.RoleInfo (RoleInfo.java:shutdownLeaderElection(134)) - c07977b7-c8ef-4f3c-80b1-66a07c6e3dcd: shutdown LeaderElection
2019-10-17 20:28:49,193 [c07977b7-c8ef-4f3c-80b1-66a07c6e3dcd@group-C2BDBBDF155D-LeaderElection213] INFO  impl.RoleInfo (RoleInfo.java:updateAndGet(143)) - c07977b7-c8ef-4f3c-80b1-66a07c6e3dcd: start FollowerState
2019-10-17 20:28:49,233 [Thread-2222] INFO  impl.FollowerState (FollowerState.java:run(108)) - c07977b7-c8ef-4f3c-80b1-66a07c6e3dcd@group-C2BDBBDF155D-FollowerState: change to CANDIDATE, lastRpcTime:40ms, electionTimeout:40ms
2019-10-17 20:28:49,234 [Thread-2222] INFO  impl.RoleInfo (RoleInfo.java:shutdownFollowerState(121)) - c07977b7-c8ef-4f3c-80b1-66a07c6e3dcd: shutdown FollowerState
2019-10-17 20:28:49,234 [Thread-2222] INFO  impl.RaftServerImpl (RaftServerImpl.java:setRole(184)) - c07977b7-c8ef-4f3c-80b1-66a07c6e3dcd@group-C2BDBBDF155D: changes role from  FOLLOWER to CANDIDATE at term 200 for changeToCandidate
2019-10-17 20:28:49,234 [Thread-2222] INFO  impl.RoleInfo (RoleInfo.java:updateAndGet(143)) - c07977b7-c8ef-4f3c-80b1-66a07c6e3dcd: start LeaderElection
2019-10-17 20:28:49,258 [c07977b7-c8ef-4f3c-80b1-66a07c6e3dcd@group-C2BDBBDF155D-LeaderElection214] INFO  impl.LeaderElection (LeaderElection.java:askForVotes(178)) - c07977b7-c8ef-4f3c-80b1-66a07c6e3dcd@group-C2BDBBDF155D-LeaderElection214: begin an election at term 201 for -1: [d81605c5-54b3-45a8-b5ae-2e8d8890cbef:192.168.164.201:42755, 7f29c796-0732-402f-b865-67033766dcba:192.168.164.201:40704, c07977b7-c8ef-4f3c-80b1-66a07c6e3dcd:192.168.164.201:38664], old=null
2019-10-17 20:28:49,261 [grpc-default-executor-2] INFO  impl.RaftServerImpl (RaftServerImpl.java:setRole(184)) - 7f29c796-0732-402f-b865-67033766dcba@group-C2BDBBDF155D: changes role from  FOLLOWER to FOLLOWER at term 201 for recognizeCandidate:c07977b7-c8ef-4f3c-80b1-66a07c6e3dcd
2019-10-17 20:28:49,261 [grpc-default-executor-4] INFO  impl.RaftServerImpl (RaftServerImpl.java:setRole(184)) - d81605c5-54b3-45a8-b5ae-2e8d8890cbef@group-C2BDBBDF155D: changes role from  FOLLOWER to FOLLOWER at term 201 for recognizeCandidate:c07977b7-c8ef-4f3c-80b1-66a07c6e3dcd
2019-10-17 20:28:49,261 [grpc-default-executor-2] INFO  impl.RoleInfo (RoleInfo.java:shutdownFollowerState(121)) - 7f29c796-0732-402f-b865-67033766dcba: shutdown FollowerState
2019-10-17 20:28:49,261 [grpc-default-executor-4] INFO  impl.RoleInfo (RoleInfo.java:shutdownFollowerState(121)) - d81605c5-54b3-45a8-b5ae-2e8d8890cbef: shutdown FollowerState
2019-10-17 20:28:49,261 [grpc-default-executor-2] INFO  impl.RoleInfo (RoleInfo.java:updateAndGet(143)) - 7f29c796-0732-402f-b865-67033766dcba: start FollowerState
2019-10-17 20:28:49,261 [grpc-default-executor-4] INFO  impl.RoleInfo (RoleInfo.java:updateAndGet(143)) - d81605c5-54b3-45a8-b5ae-2e8d8890cbef: start FollowerState
2019-10-17 20:28:49,261 [Thread-2220] INFO  impl.FollowerState (FollowerState.java:run(117)) - 7f29c796-0732-402f-b865-67033766dcba@group-C2BDBBDF155D-FollowerState was interrupted: java.lang.InterruptedException: sleep interrupted
2019-10-17 20:28:49,261 [Thread-2221] INFO  impl.FollowerState (FollowerState.java:run(117)) - d81605c5-54b3-45a8-b5ae-2e8d8890cbef@group-C2BDBBDF155D-FollowerState was interrupted: java.lang.InterruptedException: sleep interrupted
2019-10-17 20:28:49,284 [c07977b7-c8ef-4f3c-80b1-66a07c6e3dcd@group-C2BDBBDF155D-LeaderElection214] INFO  impl.LeaderElection (LeaderElection.java:logAndReturn(56)) - c07977b7-c8ef-4f3c-80b1-66a07c6e3dcd@group-C2BDBBDF155D-LeaderElection214: Election REJECTED; received 2 response(s) [c07977b7-c8ef-4f3c-80b1-66a07c6e3dcd<-d81605c5-54b3-45a8-b5ae-2e8d8890cbef#0:FAIL-t201, c07977b7-c8ef-4f3c-80b1-66a07c6e3dcd<-7f29c796-0732-402f-b865-67033766dcba#0:FAIL-t201] and 0 exception(s); c07977b7-c8ef-4f3c-80b1-66a07c6e3dcd@group-C2BDBBDF155D:t201, leader=null, voted=c07977b7-c8ef-4f3c-80b1-66a07c6e3dcd, raftlog=c07977b7-c8ef-4f3c-80b1-66a07c6e3dcd@group-C2BDBBDF155D-SegmentedRaftLog:OPENED:c-1,f-1,i0, conf=-1: [d81605c5-54b3-45a8-b5ae-2e8d8890cbef:192.168.164.201:42755, 7f29c796-0732-402f-b865-67033766dcba:192.168.164.201:40704, c07977b7-c8ef-4f3c-80b1-66a07c6e3dcd:192.168.164.201:38664], old=null
2019-10-17 20:28:49,285 [c07977b7-c8ef-4f3c-80b1-66a07c6e3dcd@group-C2BDBBDF155D-LeaderElection214] INFO  impl.RaftServerImpl (RaftServerImpl.java:setRole(184)) - c07977b7-c8ef-4f3c-80b1-66a07c6e3dcd@group-C2BDBBDF155D: changes role from CANDIDATE to FOLLOWER at term 201 for DISCOVERED_A_NEW_TERM
2019-10-17 20:28:49,285 [c07977b7-c8ef-4f3c-80b1-66a07c6e3dcd@group-C2BDBBDF155D-LeaderElection214] INFO  impl.RoleInfo (RoleInfo.java:shutdownLeaderElection(134)) - c07977b7-c8ef-4f3c-80b1-66a07c6e3dcd: shutdown LeaderElection
2019-10-17 20:28:49,285 [c07977b7-c8ef-4f3c-80b1-66a07c6e3dcd@group-C2BDBBDF155D-LeaderElection214] INFO  impl.RoleInfo (RoleInfo.java:updateAndGet(143)) - c07977b7-c8ef-4f3c-80b1-66a07c6e3dcd: start FollowerState
2019-10-17 20:28:49,307 [Thread-2228] INFO  impl.FollowerState (FollowerState.java:run(108)) - c07977b7-c8ef-4f3c-80b1-66a07c6e3dcd@group-C2BDBBDF155D-FollowerState: change to CANDIDATE, lastRpcTime:22ms, electionTimeout:22ms
2019-10-17 20:28:49,307 [Thread-2228] INFO  impl.RoleInfo (RoleInfo.java:shutdownFollowerState(121)) - c07977b7-c8ef-4f3c-80b1-66a07c6e3dcd: shutdown FollowerState
2019-10-17 20:28:49,307 [Thread-2228] INFO  impl.RaftServerImpl (RaftServerImpl.java:setRole(184)) - c07977b7-c8ef-4f3c-80b1-66a07c6e3dcd@group-C2BDBBDF155D: changes role from  FOLLOWER to CANDIDATE at term 201 for changeToCandidate
2019-10-17 20:28:49,308 [Thread-2228] INFO  impl.RoleInfo (RoleInfo.java:updateAndGet(143)) - c07977b7-c8ef-4f3c-80b1-66a07c6e3dcd: start LeaderElection
2019-10-17 20:28:49,335 [c07977b7-c8ef-4f3c-80b1-66a07c6e3dcd@group-C2BDBBDF155D-LeaderElection215] INFO  impl.LeaderElection (LeaderElection.java:askForVotes(178)) - c07977b7-c8ef-4f3c-80b1-66a07c6e3dcd@group-C2BDBBDF155D-LeaderElection215: begin an election at term 202 for -1: [d81605c5-54b3-45a8-b5ae-2e8d8890cbef:192.168.164.201:42755, 7f29c796-0732-402f-b865-67033766dcba:192.168.164.201:40704, c07977b7-c8ef-4f3c-80b1-66a07c6e3dcd:192.168.164.201:38664], old=null
2019-10-17 20:28:49,337 [grpc-default-executor-4] INFO  impl.RaftServerImpl (RaftServerImpl.java:setRole(184)) - d81605c5-54b3-45a8-b5ae-2e8d8890cbef@group-C2BDBBDF155D: changes role from  FOLLOWER to FOLLOWER at term 202 for recognizeCandidate:c07977b7-c8ef-4f3c-80b1-66a07c6e3dcd
2019-10-17 20:28:49,338 [grpc-default-executor-4] INFO  impl.RoleInfo (RoleInfo.java:shutdownFollowerState(121)) - d81605c5-54b3-45a8-b5ae-2e8d8890cbef: shutdown FollowerState
2019-10-17 20:28:49,338 [grpc-default-executor-2] INFO  impl.RaftServerImpl (RaftServerImpl.java:setRole(184)) - 7f29c796-0732-402f-b865-67033766dcba@group-C2BDBBDF155D: changes role from  FOLLOWER to FOLLOWER at term 202 for recognizeCandidate:c07977b7-c8ef-4f3c-80b1-66a07c6e3dcd
2019-10-17 20:28:49,338 [grpc-default-executor-2] INFO  impl.RoleInfo (RoleInfo.java:shutdownFollowerState(121)) - 7f29c796-0732-402f-b865-67033766dcba: shutdown FollowerState
2019-10-17 20:28:49,338 [Thread-2227] INFO  impl.FollowerState (FollowerState.java:run(117)) - d81605c5-54b3-45a8-b5ae-2e8d8890cbef@group-C2BDBBDF155D-FollowerState was interrupted: java.lang.InterruptedException: sleep interrupted
2019-10-17 20:28:49,338 [grpc-default-executor-4] INFO  impl.RoleInfo (RoleInfo.java:updateAndGet(143)) - d81605c5-54b3-45a8-b5ae-2e8d8890cbef: start FollowerState
2019-10-17 20:28:49,338 [Thread-2226] INFO  impl.FollowerState (FollowerState.java:run(117)) - 7f29c796-0732-402f-b865-67033766dcba@group-C2BDBBDF155D-FollowerState was interrupted: java.lang.InterruptedException: sleep interrupted
2019-10-17 20:28:49,338 [grpc-default-executor-2] INFO  impl.RoleInfo (RoleInfo.java:updateAndGet(143)) - 7f29c796-0732-402f-b865-67033766dcba: start FollowerState
2019-10-17 20:28:49,361 [c07977b7-c8ef-4f3c-80b1-66a07c6e3dcd@group-C2BDBBDF155D-LeaderElection215] INFO  impl.LeaderElection (LeaderElection.java:logAndReturn(56)) - c07977b7-c8ef-4f3c-80b1-66a07c6e3dcd@group-C2BDBBDF155D-LeaderElection215: Election REJECTED; received 2 response(s) [c07977b7-c8ef-4f3c-80b1-66a07c6e3dcd<-d81605c5-54b3-45a8-b5ae-2e8d8890cbef#0:FAIL-t202, c07977b7-c8ef-4f3c-80b1-66a07c6e3dcd<-7f29c796-0732-402f-b865-67033766dcba#0:FAIL-t202] and 0 exception(s); c07977b7-c8ef-4f3c-80b1-66a07c6e3dcd@group-C2BDBBDF155D:t202, leader=null, voted=c07977b7-c8ef-4f3c-80b1-66a07c6e3dcd, raftlog=c07977b7-c8ef-4f3c-80b1-66a07c6e3dcd@group-C2BDBBDF155D-SegmentedRaftLog:OPENED:c-1,f-1,i0, conf=-1: [d81605c5-54b3-45a8-b5ae-2e8d8890cbef:192.168.164.201:42755, 7f29c796-0732-402f-b865-67033766dcba:192.168.164.201:40704, c07977b7-c8ef-4f3c-80b1-66a07c6e3dcd:192.168.164.201:38664], old=null
2019-10-17 20:28:49,362 [c07977b7-c8ef-4f3c-80b1-66a07c6e3dcd@group-C2BDBBDF155D-LeaderElection215] INFO  impl.RaftServerImpl (RaftServerImpl.java:setRole(184)) - c07977b7-c8ef-4f3c-80b1-66a07c6e3dcd@group-C2BDBBDF155D: changes role from CANDIDATE to FOLLOWER at term 202 for DISCOVERED_A_NEW_TERM
2019-10-17 20:28:49,362 [c07977b7-c8ef-4f3c-80b1-66a07c6e3dcd@group-C2BDBBDF155D-LeaderElection215] INFO  impl.RoleInfo (RoleInfo.java:shutdownLeaderElection(134)) - c07977b7-c8ef-4f3c-80b1-66a07c6e3dcd: shutdown LeaderElection
2019-10-17 20:28:49,362 [c07977b7-c8ef-4f3c-80b1-66a07c6e3dcd@group-C2BDBBDF155D-LeaderElection215] INFO  impl.RoleInfo (RoleInfo.java:updateAndGet(143)) - c07977b7-c8ef-4f3c-80b1-66a07c6e3dcd: start FollowerState
2019-10-17 20:28:49,532 [Thread-2234] INFO  impl.FollowerState (FollowerState.java:run(108)) - c07977b7-c8ef-4f3c-80b1-66a07c6e3dcd@group-C2BDBBDF155D-FollowerState: change to CANDIDATE, lastRpcTime:169ms, electionTimeout:169ms
2019-10-17 20:28:49,532 [Thread-2234] INFO  impl.RoleInfo (RoleInfo.java:shutdownFollowerState(121)) - c07977b7-c8ef-4f3c-80b1-66a07c6e3dcd: shutdown FollowerState
2019-10-17 20:28:49,532 [Thread-2234] INFO  impl.RaftServerImpl (RaftServerImpl.java:setRole(184)) - c07977b7-c8ef-4f3c-80b1-66a07c6e3dcd@group-C2BDBBDF155D: changes role from  FOLLOWER to CANDIDATE at term 202 for changeToCandidate
2019-10-17 20:28:49,532 [Thread-2234] INFO  impl.RoleInfo (RoleInfo.java:updateAndGet(143)) - c07977b7-c8ef-4f3c-80b1-66a07c6e3dcd: start LeaderElection
2019-10-17 20:28:49,543 [Thread-754] INFO  ozone.MiniOzoneClusterImpl (MiniOzoneClusterImpl.java:lambda$waitForClusterToBeReady$2(164)) - Waiting for 1 number of pipelines out of 4, to report a leader.
2019-10-17 20:28:49,561 [c07977b7-c8ef-4f3c-80b1-66a07c6e3dcd@group-C2BDBBDF155D-LeaderElection216] INFO  impl.LeaderElection (LeaderElection.java:askForVotes(178)) - c07977b7-c8ef-4f3c-80b1-66a07c6e3dcd@group-C2BDBBDF155D-LeaderElection216: begin an election at term 203 for -1: [d81605c5-54b3-45a8-b5ae-2e8d8890cbef:192.168.164.201:42755, 7f29c796-0732-402f-b865-67033766dcba:192.168.164.201:40704, c07977b7-c8ef-4f3c-80b1-66a07c6e3dcd:192.168.164.201:38664], old=null
2019-10-17 20:28:49,564 [grpc-default-executor-2] INFO  impl.RaftServerImpl (RaftServerImpl.java:setRole(184)) - 7f29c796-0732-402f-b865-67033766dcba@group-C2BDBBDF155D: changes role from  FOLLOWER to FOLLOWER at term 203 for recognizeCandidate:c07977b7-c8ef-4f3c-80b1-66a07c6e3dcd
2019-10-17 20:28:49,564 [grpc-default-executor-4] INFO  impl.RaftServerImpl (RaftServerImpl.java:setRole(184)) - d81605c5-54b3-45a8-b5ae-2e8d8890cbef@group-C2BDBBDF155D: changes role from  FOLLOWER to FOLLOWER at term 203 for recognizeCandidate:c07977b7-c8ef-4f3c-80b1-66a07c6e3dcd
2019-10-17 20:28:49,564 [grpc-default-executor-2] INFO  impl.RoleInfo (RoleInfo.java:shutdownFollowerState(121)) - 7f29c796-0732-402f-b865-67033766dcba: shutdown FollowerState
2019-10-17 20:28:49,564 [grpc-default-executor-4] INFO  impl.RoleInfo (RoleInfo.java:shutdownFollowerState(121)) - d81605c5-54b3-45a8-b5ae-2e8d8890cbef: shutdown FollowerState
2019-10-17 20:28:49,565 [grpc-default-executor-2] INFO  impl.RoleInfo (RoleInfo.java:updateAndGet(143)) - 7f29c796-0732-402f-b865-67033766dcba: start FollowerState
2019-10-17 20:28:49,565 [Thread-2233] INFO  impl.FollowerState (FollowerState.java:run(117)) - 7f29c796-0732-402f-b865-67033766dcba@group-C2BDBBDF155D-FollowerState was interrupted: java.lang.InterruptedException: sleep interrupted
2019-10-17 20:28:49,565 [grpc-default-executor-4] INFO  impl.RoleInfo (RoleInfo.java:updateAndGet(143)) - d81605c5-54b3-45a8-b5ae-2e8d8890cbef: start FollowerState
2019-10-17 20:28:49,565 [Thread-2232] INFO  impl.FollowerState (FollowerState.java:run(117)) - d81605c5-54b3-45a8-b5ae-2e8d8890cbef@group-C2BDBBDF155D-FollowerState was interrupted: java.lang.InterruptedException: sleep interrupted
2019-10-17 20:28:49,587 [c07977b7-c8ef-4f3c-80b1-66a07c6e3dcd@group-C2BDBBDF155D-LeaderElection216] INFO  impl.LeaderElection (LeaderElection.java:logAndReturn(56)) - c07977b7-c8ef-4f3c-80b1-66a07c6e3dcd@group-C2BDBBDF155D-LeaderElection216: Election REJECTED; received 2 response(s) [c07977b7-c8ef-4f3c-80b1-66a07c6e3dcd<-d81605c5-54b3-45a8-b5ae-2e8d8890cbef#0:FAIL-t203, c07977b7-c8ef-4f3c-80b1-66a07c6e3dcd<-7f29c796-0732-402f-b865-67033766dcba#0:FAIL-t203] and 0 exception(s); c07977b7-c8ef-4f3c-80b1-66a07c6e3dcd@group-C2BDBBDF155D:t203, leader=null, voted=c07977b7-c8ef-4f3c-80b1-66a07c6e3dcd, raftlog=c07977b7-c8ef-4f3c-80b1-66a07c6e3dcd@group-C2BDBBDF155D-SegmentedRaftLog:OPENED:c-1,f-1,i0, conf=-1: [d81605c5-54b3-45a8-b5ae-2e8d8890cbef:192.168.164.201:42755, 7f29c796-0732-402f-b865-67033766dcba:192.168.164.201:40704, c07977b7-c8ef-4f3c-80b1-66a07c6e3dcd:192.168.164.201:38664], old=null
2019-10-17 20:28:49,587 [c07977b7-c8ef-4f3c-80b1-66a07c6e3dcd@group-C2BDBBDF155D-LeaderElection216] INFO  impl.RaftServerImpl (RaftServerImpl.java:setRole(184)) - c07977b7-c8ef-4f3c-80b1-66a07c6e3dcd@group-C2BDBBDF155D: changes role from CANDIDATE to FOLLOWER at term 203 for DISCOVERED_A_NEW_TERM
2019-10-17 20:28:49,588 [c07977b7-c8ef-4f3c-80b1-66a07c6e3dcd@group-C2BDBBDF155D-LeaderElection216] INFO  impl.RoleInfo (RoleInfo.java:shutdownLeaderElection(134)) - c07977b7-c8ef-4f3c-80b1-66a07c6e3dcd: shutdown LeaderElection
2019-10-17 20:28:49,588 [c07977b7-c8ef-4f3c-80b1-66a07c6e3dcd@group-C2BDBBDF155D-LeaderElection216] INFO  impl.RoleInfo (RoleInfo.java:updateAndGet(143)) - c07977b7-c8ef-4f3c-80b1-66a07c6e3dcd: start FollowerState
2019-10-17 20:28:49,695 [Thread-2240] INFO  impl.FollowerState (FollowerState.java:run(108)) - c07977b7-c8ef-4f3c-80b1-66a07c6e3dcd@group-C2BDBBDF155D-FollowerState: change to CANDIDATE, lastRpcTime:107ms, electionTimeout:107ms
2019-10-17 20:28:49,695 [Thread-2240] INFO  impl.RoleInfo (RoleInfo.java:shutdownFollowerState(121)) - c07977b7-c8ef-4f3c-80b1-66a07c6e3dcd: shutdown FollowerState
2019-10-17 20:28:49,695 [Thread-2240] INFO  impl.RaftServerImpl (RaftServerImpl.java:setRole(184)) - c07977b7-c8ef-4f3c-80b1-66a07c6e3dcd@group-C2BDBBDF155D: changes role from  FOLLOWER to CANDIDATE at term 203 for changeToCandidate
2019-10-17 20:28:49,696 [Thread-2240] INFO  impl.RoleInfo (RoleInfo.java:updateAndGet(143)) - c07977b7-c8ef-4f3c-80b1-66a07c6e3dcd: start LeaderElection
2019-10-17 20:28:49,720 [c07977b7-c8ef-4f3c-80b1-66a07c6e3dcd@group-C2BDBBDF155D-LeaderElection217] INFO  impl.LeaderElection (LeaderElection.java:askForVotes(178)) - c07977b7-c8ef-4f3c-80b1-66a07c6e3dcd@group-C2BDBBDF155D-LeaderElection217: begin an election at term 204 for -1: [d81605c5-54b3-45a8-b5ae-2e8d8890cbef:192.168.164.201:42755, 7f29c796-0732-402f-b865-67033766dcba:192.168.164.201:40704, c07977b7-c8ef-4f3c-80b1-66a07c6e3dcd:192.168.164.201:38664], old=null
2019-10-17 20:28:49,722 [grpc-default-executor-2] INFO  impl.RaftServerImpl (RaftServerImpl.java:setRole(184)) - 7f29c796-0732-402f-b865-67033766dcba@group-C2BDBBDF155D: changes role from  FOLLOWER to FOLLOWER at term 204 for recognizeCandidate:c07977b7-c8ef-4f3c-80b1-66a07c6e3dcd
2019-10-17 20:28:49,722 [grpc-default-executor-2] INFO  impl.RoleInfo (RoleInfo.java:shutdownFollowerState(121)) - 7f29c796-0732-402f-b865-67033766dcba: shutdown FollowerState
2019-10-17 20:28:49,722 [grpc-default-executor-4] INFO  impl.RaftServerImpl (RaftServerImpl.java:setRole(184)) - d81605c5-54b3-45a8-b5ae-2e8d8890cbef@group-C2BDBBDF155D: changes role from  FOLLOWER to FOLLOWER at term 204 for recognizeCandidate:c07977b7-c8ef-4f3c-80b1-66a07c6e3dcd
2019-10-17 20:28:49,722 [Thread-2238] INFO  impl.FollowerState (FollowerState.java:run(117)) - 7f29c796-0732-402f-b865-67033766dcba@group-C2BDBBDF155D-FollowerState was interrupted: java.lang.InterruptedException: sleep interrupted
2019-10-17 20:28:49,722 [grpc-default-executor-2] INFO  impl.RoleInfo (RoleInfo.java:updateAndGet(143)) - 7f29c796-0732-402f-b865-67033766dcba: start FollowerState
2019-10-17 20:28:49,723 [grpc-default-executor-4] INFO  impl.RoleInfo (RoleInfo.java:shutdownFollowerState(121)) - d81605c5-54b3-45a8-b5ae-2e8d8890cbef: shutdown FollowerState
2019-10-17 20:28:49,723 [grpc-default-executor-4] INFO  impl.RoleInfo (RoleInfo.java:updateAndGet(143)) - d81605c5-54b3-45a8-b5ae-2e8d8890cbef: start FollowerState
2019-10-17 20:28:49,723 [Thread-2239] INFO  impl.FollowerState (FollowerState.java:run(117)) - d81605c5-54b3-45a8-b5ae-2e8d8890cbef@group-C2BDBBDF155D-FollowerState was interrupted: java.lang.InterruptedException: sleep interrupted
2019-10-17 20:28:49,746 [c07977b7-c8ef-4f3c-80b1-66a07c6e3dcd@group-C2BDBBDF155D-LeaderElection217] INFO  impl.LeaderElection (LeaderElection.java:logAndReturn(56)) - c07977b7-c8ef-4f3c-80b1-66a07c6e3dcd@group-C2BDBBDF155D-LeaderElection217: Election REJECTED; received 2 response(s) [c07977b7-c8ef-4f3c-80b1-66a07c6e3dcd<-d81605c5-54b3-45a8-b5ae-2e8d8890cbef#0:FAIL-t204, c07977b7-c8ef-4f3c-80b1-66a07c6e3dcd<-7f29c796-0732-402f-b865-67033766dcba#0:FAIL-t204] and 0 exception(s); c07977b7-c8ef-4f3c-80b1-66a07c6e3dcd@group-C2BDBBDF155D:t204, leader=null, voted=c07977b7-c8ef-4f3c-80b1-66a07c6e3dcd, raftlog=c07977b7-c8ef-4f3c-80b1-66a07c6e3dcd@group-C2BDBBDF155D-SegmentedRaftLog:OPENED:c-1,f-1,i0, conf=-1: [d81605c5-54b3-45a8-b5ae-2e8d8890cbef:192.168.164.201:42755, 7f29c796-0732-402f-b865-67033766dcba:192.168.164.201:40704, c07977b7-c8ef-4f3c-80b1-66a07c6e3dcd:192.168.164.201:38664], old=null
2019-10-17 20:28:49,746 [c07977b7-c8ef-4f3c-80b1-66a07c6e3dcd@group-C2BDBBDF155D-LeaderElection217] INFO  impl.RaftServerImpl (RaftServerImpl.java:setRole(184)) - c07977b7-c8ef-4f3c-80b1-66a07c6e3dcd@group-C2BDBBDF155D: changes role from CANDIDATE to FOLLOWER at term 204 for DISCOVERED_A_NEW_TERM
2019-10-17 20:28:49,746 [c07977b7-c8ef-4f3c-80b1-66a07c6e3dcd@group-C2BDBBDF155D-LeaderElection217] INFO  impl.RoleInfo (RoleInfo.java:shutdownLeaderElection(134)) - c07977b7-c8ef-4f3c-80b1-66a07c6e3dcd: shutdown LeaderElection
2019-10-17 20:28:49,747 [c07977b7-c8ef-4f3c-80b1-66a07c6e3dcd@group-C2BDBBDF155D-LeaderElection217] INFO  impl.RoleInfo (RoleInfo.java:updateAndGet(143)) - c07977b7-c8ef-4f3c-80b1-66a07c6e3dcd: start FollowerState
2019-10-17 20:28:49,865 [Thread-2246] INFO  impl.FollowerState (FollowerState.java:run(108)) - c07977b7-c8ef-4f3c-80b1-66a07c6e3dcd@group-C2BDBBDF155D-FollowerState: change to CANDIDATE, lastRpcTime:118ms, electionTimeout:118ms
2019-10-17 20:28:49,865 [Thread-2246] INFO  impl.RoleInfo (RoleInfo.java:shutdownFollowerState(121)) - c07977b7-c8ef-4f3c-80b1-66a07c6e3dcd: shutdown FollowerState
2019-10-17 20:28:49,866 [Thread-2246] INFO  impl.RaftServerImpl (RaftServerImpl.java:setRole(184)) - c07977b7-c8ef-4f3c-80b1-66a07c6e3dcd@group-C2BDBBDF155D: changes role from  FOLLOWER to CANDIDATE at term 204 for changeToCandidate
2019-10-17 20:28:49,866 [Thread-2246] INFO  impl.RoleInfo (RoleInfo.java:updateAndGet(143)) - c07977b7-c8ef-4f3c-80b1-66a07c6e3dcd: start LeaderElection
2019-10-17 20:28:49,895 [c07977b7-c8ef-4f3c-80b1-66a07c6e3dcd@group-C2BDBBDF155D-LeaderElection218] INFO  impl.LeaderElection (LeaderElection.java:askForVotes(178)) - c07977b7-c8ef-4f3c-80b1-66a07c6e3dcd@group-C2BDBBDF155D-LeaderElection218: begin an election at term 205 for -1: [d81605c5-54b3-45a8-b5ae-2e8d8890cbef:192.168.164.201:42755, 7f29c796-0732-402f-b865-67033766dcba:192.168.164.201:40704, c07977b7-c8ef-4f3c-80b1-66a07c6e3dcd:192.168.164.201:38664], old=null
2019-10-17 20:28:49,898 [grpc-default-executor-2] INFO  impl.RaftServerImpl (RaftServerImpl.java:setRole(184)) - 7f29c796-0732-402f-b865-67033766dcba@group-C2BDBBDF155D: changes role from  FOLLOWER to FOLLOWER at term 205 for recognizeCandidate:c07977b7-c8ef-4f3c-80b1-66a07c6e3dcd
2019-10-17 20:28:49,898 [grpc-default-executor-2] INFO  impl.RoleInfo (RoleInfo.java:shutdownFollowerState(121)) - 7f29c796-0732-402f-b865-67033766dcba: shutdown FollowerState
2019-10-17 20:28:49,898 [grpc-default-executor-2] INFO  impl.RoleInfo (RoleInfo.java:updateAndGet(143)) - 7f29c796-0732-402f-b865-67033766dcba: start FollowerState
2019-10-17 20:28:49,898 [Thread-2244] INFO  impl.FollowerState (FollowerState.java:run(117)) - 7f29c796-0732-402f-b865-67033766dcba@group-C2BDBBDF155D-FollowerState was interrupted: java.lang.InterruptedException: sleep interrupted
2019-10-17 20:28:49,898 [grpc-default-executor-4] INFO  impl.RaftServerImpl (RaftServerImpl.java:setRole(184)) - d81605c5-54b3-45a8-b5ae-2e8d8890cbef@group-C2BDBBDF155D: changes role from  FOLLOWER to FOLLOWER at term 205 for recognizeCandidate:c07977b7-c8ef-4f3c-80b1-66a07c6e3dcd
2019-10-17 20:28:49,899 [grpc-default-executor-4] INFO  impl.RoleInfo (RoleInfo.java:shutdownFollowerState(121)) - d81605c5-54b3-45a8-b5ae-2e8d8890cbef: shutdown FollowerState
2019-10-17 20:28:49,899 [grpc-default-executor-4] INFO  impl.RoleInfo (RoleInfo.java:updateAndGet(143)) - d81605c5-54b3-45a8-b5ae-2e8d8890cbef: start FollowerState
2019-10-17 20:28:49,899 [Thread-2245] INFO  impl.FollowerState (FollowerState.java:run(117)) - d81605c5-54b3-45a8-b5ae-2e8d8890cbef@group-C2BDBBDF155D-FollowerState was interrupted: java.lang.InterruptedException: sleep interrupted
2019-10-17 20:28:49,922 [c07977b7-c8ef-4f3c-80b1-66a07c6e3dcd@group-C2BDBBDF155D-LeaderElection218] INFO  impl.LeaderElection (LeaderElection.java:logAndReturn(56)) - c07977b7-c8ef-4f3c-80b1-66a07c6e3dcd@group-C2BDBBDF155D-LeaderElection218: Election REJECTED; received 2 response(s) [c07977b7-c8ef-4f3c-80b1-66a07c6e3dcd<-d81605c5-54b3-45a8-b5ae-2e8d8890cbef#0:FAIL-t205, c07977b7-c8ef-4f3c-80b1-66a07c6e3dcd<-7f29c796-0732-402f-b865-67033766dcba#0:FAIL-t205] and 0 exception(s); c07977b7-c8ef-4f3c-80b1-66a07c6e3dcd@group-C2BDBBDF155D:t205, leader=null, voted=c07977b7-c8ef-4f3c-80b1-66a07c6e3dcd, raftlog=c07977b7-c8ef-4f3c-80b1-66a07c6e3dcd@group-C2BDBBDF155D-SegmentedRaftLog:OPENED:c-1,f-1,i0, conf=-1: [d81605c5-54b3-45a8-b5ae-2e8d8890cbef:192.168.164.201:42755, 7f29c796-0732-402f-b865-67033766dcba:192.168.164.201:40704, c07977b7-c8ef-4f3c-80b1-66a07c6e3dcd:192.168.164.201:38664], old=null
2019-10-17 20:28:49,922 [c07977b7-c8ef-4f3c-80b1-66a07c6e3dcd@group-C2BDBBDF155D-LeaderElection218] INFO  impl.RaftServerImpl (RaftServerImpl.java:setRole(184)) - c07977b7-c8ef-4f3c-80b1-66a07c6e3dcd@group-C2BDBBDF155D: changes role from CANDIDATE to FOLLOWER at term 205 for DISCOVERED_A_NEW_TERM
2019-10-17 20:28:49,922 [c07977b7-c8ef-4f3c-80b1-66a07c6e3dcd@group-C2BDBBDF155D-LeaderElection218] INFO  impl.RoleInfo (RoleInfo.java:shutdownLeaderElection(134)) - c07977b7-c8ef-4f3c-80b1-66a07c6e3dcd: shutdown LeaderElection
2019-10-17 20:28:49,922 [c07977b7-c8ef-4f3c-80b1-66a07c6e3dcd@group-C2BDBBDF155D-LeaderElection218] INFO  impl.RoleInfo (RoleInfo.java:updateAndGet(143)) - c07977b7-c8ef-4f3c-80b1-66a07c6e3dcd: start FollowerState
2019-10-17 20:28:50,068 [Thread-2252] INFO  impl.FollowerState (FollowerState.java:run(108)) - c07977b7-c8ef-4f3c-80b1-66a07c6e3dcd@group-C2BDBBDF155D-FollowerState: change to CANDIDATE, lastRpcTime:145ms, electionTimeout:145ms
2019-10-17 20:28:50,068 [Thread-2252] INFO  impl.RoleInfo (RoleInfo.java:shutdownFollowerState(121)) - c07977b7-c8ef-4f3c-80b1-66a07c6e3dcd: shutdown FollowerState
2019-10-17 20:28:50,068 [Thread-2252] INFO  impl.RaftServerImpl (RaftServerImpl.java:setRole(184)) - c07977b7-c8ef-4f3c-80b1-66a07c6e3dcd@group-C2BDBBDF155D: changes role from  FOLLOWER to CANDIDATE at term 205 for changeToCandidate
2019-10-17 20:28:50,069 [Thread-2252] INFO  impl.RoleInfo (RoleInfo.java:updateAndGet(143)) - c07977b7-c8ef-4f3c-80b1-66a07c6e3dcd: start LeaderElection
2019-10-17 20:28:50,096 [c07977b7-c8ef-4f3c-80b1-66a07c6e3dcd@group-C2BDBBDF155D-LeaderElection219] INFO  impl.LeaderElection (LeaderElection.java:askForVotes(178)) - c07977b7-c8ef-4f3c-80b1-66a07c6e3dcd@group-C2BDBBDF155D-LeaderElection219: begin an election at term 206 for -1: [d81605c5-54b3-45a8-b5ae-2e8d8890cbef:192.168.164.201:42755, 7f29c796-0732-402f-b865-67033766dcba:192.168.164.201:40704, c07977b7-c8ef-4f3c-80b1-66a07c6e3dcd:192.168.164.201:38664], old=null
2019-10-17 20:28:50,100 [grpc-default-executor-4] INFO  impl.RaftServerImpl (RaftServerImpl.java:setRole(184)) - 7f29c796-0732-402f-b865-67033766dcba@group-C2BDBBDF155D: changes role from  FOLLOWER to FOLLOWER at term 206 for recognizeCandidate:c07977b7-c8ef-4f3c-80b1-66a07c6e3dcd
2019-10-17 20:28:50,100 [grpc-default-executor-4] INFO  impl.RoleInfo (RoleInfo.java:shutdownFollowerState(121)) - 7f29c796-0732-402f-b865-67033766dcba: shutdown FollowerState
2019-10-17 20:28:50,100 [grpc-default-executor-2] INFO  impl.RaftServerImpl (RaftServerImpl.java:setRole(184)) - d81605c5-54b3-45a8-b5ae-2e8d8890cbef@group-C2BDBBDF155D: changes role from  FOLLOWER to FOLLOWER at term 206 for recognizeCandidate:c07977b7-c8ef-4f3c-80b1-66a07c6e3dcd
2019-10-17 20:28:50,100 [grpc-default-executor-2] INFO  impl.RoleInfo (RoleInfo.java:shutdownFollowerState(121)) - d81605c5-54b3-45a8-b5ae-2e8d8890cbef: shutdown FollowerState
2019-10-17 20:28:50,100 [Thread-2250] INFO  impl.FollowerState (FollowerState.java:run(117)) - 7f29c796-0732-402f-b865-67033766dcba@group-C2BDBBDF155D-FollowerState was interrupted: java.lang.InterruptedException: sleep interrupted
2019-10-17 20:28:50,100 [grpc-default-executor-4] INFO  impl.RoleInfo (RoleInfo.java:updateAndGet(143)) - 7f29c796-0732-402f-b865-67033766dcba: start FollowerState
2019-10-17 20:28:50,101 [Thread-2251] INFO  impl.FollowerState (FollowerState.java:run(117)) - d81605c5-54b3-45a8-b5ae-2e8d8890cbef@group-C2BDBBDF155D-FollowerState was interrupted: java.lang.InterruptedException: sleep interrupted
2019-10-17 20:28:50,101 [grpc-default-executor-2] INFO  impl.RoleInfo (RoleInfo.java:updateAndGet(143)) - d81605c5-54b3-45a8-b5ae-2e8d8890cbef: start FollowerState
2019-10-17 20:28:50,123 [c07977b7-c8ef-4f3c-80b1-66a07c6e3dcd@group-C2BDBBDF155D-LeaderElection219] INFO  impl.LeaderElection (LeaderElection.java:logAndReturn(56)) - c07977b7-c8ef-4f3c-80b1-66a07c6e3dcd@group-C2BDBBDF155D-LeaderElection219: Election REJECTED; received 2 response(s) [c07977b7-c8ef-4f3c-80b1-66a07c6e3dcd<-d81605c5-54b3-45a8-b5ae-2e8d8890cbef#0:FAIL-t206, c07977b7-c8ef-4f3c-80b1-66a07c6e3dcd<-7f29c796-0732-402f-b865-67033766dcba#0:FAIL-t206] and 0 exception(s); c07977b7-c8ef-4f3c-80b1-66a07c6e3dcd@group-C2BDBBDF155D:t206, leader=null, voted=c07977b7-c8ef-4f3c-80b1-66a07c6e3dcd, raftlog=c07977b7-c8ef-4f3c-80b1-66a07c6e3dcd@group-C2BDBBDF155D-SegmentedRaftLog:OPENED:c-1,f-1,i0, conf=-1: [d81605c5-54b3-45a8-b5ae-2e8d8890cbef:192.168.164.201:42755, 7f29c796-0732-402f-b865-67033766dcba:192.168.164.201:40704, c07977b7-c8ef-4f3c-80b1-66a07c6e3dcd:192.168.164.201:38664], old=null
2019-10-17 20:28:50,123 [c07977b7-c8ef-4f3c-80b1-66a07c6e3dcd@group-C2BDBBDF155D-LeaderElection219] INFO  impl.RaftServerImpl (RaftServerImpl.java:setRole(184)) - c07977b7-c8ef-4f3c-80b1-66a07c6e3dcd@group-C2BDBBDF155D: changes role from CANDIDATE to FOLLOWER at term 206 for DISCOVERED_A_NEW_TERM
2019-10-17 20:28:50,123 [c07977b7-c8ef-4f3c-80b1-66a07c6e3dcd@group-C2BDBBDF155D-LeaderElection219] INFO  impl.RoleInfo (RoleInfo.java:shutdownLeaderElection(134)) - c07977b7-c8ef-4f3c-80b1-66a07c6e3dcd: shutdown LeaderElection
2019-10-17 20:28:50,123 [c07977b7-c8ef-4f3c-80b1-66a07c6e3dcd@group-C2BDBBDF155D-LeaderElection219] INFO  impl.RoleInfo (RoleInfo.java:updateAndGet(143)) - c07977b7-c8ef-4f3c-80b1-66a07c6e3dcd: start FollowerState
2019-10-17 20:28:50,317 [Thread-2258] INFO  impl.FollowerState (FollowerState.java:run(108)) - c07977b7-c8ef-4f3c-80b1-66a07c6e3dcd@group-C2BDBBDF155D-FollowerState: change to CANDIDATE, lastRpcTime:193ms, electionTimeout:193ms
2019-10-17 20:28:50,317 [Thread-2258] INFO  impl.RoleInfo (RoleInfo.java:shutdownFollowerState(121)) - c07977b7-c8ef-4f3c-80b1-66a07c6e3dcd: shutdown FollowerState
2019-10-17 20:28:50,317 [Thread-2258] INFO  impl.RaftServerImpl (RaftServerImpl.java:setRole(184)) - c07977b7-c8ef-4f3c-80b1-66a07c6e3dcd@group-C2BDBBDF155D: changes role from  FOLLOWER to CANDIDATE at term 206 for changeToCandidate
2019-10-17 20:28:50,317 [Thread-2258] INFO  impl.RoleInfo (RoleInfo.java:updateAndGet(143)) - c07977b7-c8ef-4f3c-80b1-66a07c6e3dcd: start LeaderElection
2019-10-17 20:28:50,335 [c07977b7-c8ef-4f3c-80b1-66a07c6e3dcd@group-C2BDBBDF155D-LeaderElection220] INFO  impl.LeaderElection (LeaderElection.java:askForVotes(178)) - c07977b7-c8ef-4f3c-80b1-66a07c6e3dcd@group-C2BDBBDF155D-LeaderElection220: begin an election at term 207 for -1: [d81605c5-54b3-45a8-b5ae-2e8d8890cbef:192.168.164.201:42755, 7f29c796-0732-402f-b865-67033766dcba:192.168.164.201:40704, c07977b7-c8ef-4f3c-80b1-66a07c6e3dcd:192.168.164.201:38664], old=null
2019-10-17 20:28:50,338 [grpc-default-executor-4] INFO  impl.RaftServerImpl (RaftServerImpl.java:setRole(184)) - 7f29c796-0732-402f-b865-67033766dcba@group-C2BDBBDF155D: changes role from  FOLLOWER to FOLLOWER at term 207 for recognizeCandidate:c07977b7-c8ef-4f3c-80b1-66a07c6e3dcd
2019-10-17 20:28:50,338 [grpc-default-executor-4] INFO  impl.RoleInfo (RoleInfo.java:shutdownFollowerState(121)) - 7f29c796-0732-402f-b865-67033766dcba: shutdown FollowerState
2019-10-17 20:28:50,338 [grpc-default-executor-2] INFO  impl.RaftServerImpl (RaftServerImpl.java:setRole(184)) - d81605c5-54b3-45a8-b5ae-2e8d8890cbef@group-C2BDBBDF155D: changes role from  FOLLOWER to FOLLOWER at term 207 for recognizeCandidate:c07977b7-c8ef-4f3c-80b1-66a07c6e3dcd
2019-10-17 20:28:50,338 [grpc-default-executor-2] INFO  impl.RoleInfo (RoleInfo.java:shutdownFollowerState(121)) - d81605c5-54b3-45a8-b5ae-2e8d8890cbef: shutdown FollowerState
2019-10-17 20:28:50,338 [Thread-2256] INFO  impl.FollowerState (FollowerState.java:run(117)) - 7f29c796-0732-402f-b865-67033766dcba@group-C2BDBBDF155D-FollowerState was interrupted: java.lang.InterruptedException: sleep interrupted
2019-10-17 20:28:50,338 [grpc-default-executor-4] INFO  impl.RoleInfo (RoleInfo.java:updateAndGet(143)) - 7f29c796-0732-402f-b865-67033766dcba: start FollowerState
2019-10-17 20:28:50,338 [Thread-2257] INFO  impl.FollowerState (FollowerState.java:run(117)) - d81605c5-54b3-45a8-b5ae-2e8d8890cbef@group-C2BDBBDF155D-FollowerState was interrupted: java.lang.InterruptedException: sleep interrupted
2019-10-17 20:28:50,338 [grpc-default-executor-2] INFO  impl.RoleInfo (RoleInfo.java:updateAndGet(143)) - d81605c5-54b3-45a8-b5ae-2e8d8890cbef: start FollowerState
2019-10-17 20:28:50,357 [c07977b7-c8ef-4f3c-80b1-66a07c6e3dcd@group-C2BDBBDF155D-LeaderElection220] INFO  impl.LeaderElection (LeaderElection.java:logAndReturn(56)) - c07977b7-c8ef-4f3c-80b1-66a07c6e3dcd@group-C2BDBBDF155D-LeaderElection220: Election REJECTED; received 2 response(s) [c07977b7-c8ef-4f3c-80b1-66a07c6e3dcd<-d81605c5-54b3-45a8-b5ae-2e8d8890cbef#0:FAIL-t207, c07977b7-c8ef-4f3c-80b1-66a07c6e3dcd<-7f29c796-0732-402f-b865-67033766dcba#0:FAIL-t207] and 0 exception(s); c07977b7-c8ef-4f3c-80b1-66a07c6e3dcd@group-C2BDBBDF155D:t207, leader=null, voted=c07977b7-c8ef-4f3c-80b1-66a07c6e3dcd, raftlog=c07977b7-c8ef-4f3c-80b1-66a07c6e3dcd@group-C2BDBBDF155D-SegmentedRaftLog:OPENED:c-1,f-1,i0, conf=-1: [d81605c5-54b3-45a8-b5ae-2e8d8890cbef:192.168.164.201:42755, 7f29c796-0732-402f-b865-67033766dcba:192.168.164.201:40704, c07977b7-c8ef-4f3c-80b1-66a07c6e3dcd:192.168.164.201:38664], old=null
2019-10-17 20:28:50,357 [c07977b7-c8ef-4f3c-80b1-66a07c6e3dcd@group-C2BDBBDF155D-LeaderElection220] INFO  impl.RaftServerImpl (RaftServerImpl.java:setRole(184)) - c07977b7-c8ef-4f3c-80b1-66a07c6e3dcd@group-C2BDBBDF155D: changes role from CANDIDATE to FOLLOWER at term 207 for DISCOVERED_A_NEW_TERM
2019-10-17 20:28:50,357 [c07977b7-c8ef-4f3c-80b1-66a07c6e3dcd@group-C2BDBBDF155D-LeaderElection220] INFO  impl.RoleInfo (RoleInfo.java:shutdownLeaderElection(134)) - c07977b7-c8ef-4f3c-80b1-66a07c6e3dcd: shutdown LeaderElection
2019-10-17 20:28:50,357 [c07977b7-c8ef-4f3c-80b1-66a07c6e3dcd@group-C2BDBBDF155D-LeaderElection220] INFO  impl.RoleInfo (RoleInfo.java:updateAndGet(143)) - c07977b7-c8ef-4f3c-80b1-66a07c6e3dcd: start FollowerState
2019-10-17 20:28:50,543 [Thread-754] INFO  ozone.MiniOzoneClusterImpl (MiniOzoneClusterImpl.java:lambda$waitForClusterToBeReady$2(164)) - Waiting for 1 number of pipelines out of 4, to report a leader.
2019-10-17 20:28:50,544 [Thread-2264] INFO  impl.FollowerState (FollowerState.java:run(108)) - c07977b7-c8ef-4f3c-80b1-66a07c6e3dcd@group-C2BDBBDF155D-FollowerState: change to CANDIDATE, lastRpcTime:186ms, electionTimeout:186ms
2019-10-17 20:28:50,544 [Thread-2264] INFO  impl.RoleInfo (RoleInfo.java:shutdownFollowerState(121)) - c07977b7-c8ef-4f3c-80b1-66a07c6e3dcd: shutdown FollowerState
2019-10-17 20:28:50,544 [Thread-2264] INFO  impl.RaftServerImpl (RaftServerImpl.java:setRole(184)) - c07977b7-c8ef-4f3c-80b1-66a07c6e3dcd@group-C2BDBBDF155D: changes role from  FOLLOWER to CANDIDATE at term 207 for changeToCandidate
2019-10-17 20:28:50,544 [Thread-2264] INFO  impl.RoleInfo (RoleInfo.java:updateAndGet(143)) - c07977b7-c8ef-4f3c-80b1-66a07c6e3dcd: start LeaderElection
2019-10-17 20:28:50,568 [c07977b7-c8ef-4f3c-80b1-66a07c6e3dcd@group-C2BDBBDF155D-LeaderElection221] INFO  impl.LeaderElection (LeaderElection.java:askForVotes(178)) - c07977b7-c8ef-4f3c-80b1-66a07c6e3dcd@group-C2BDBBDF155D-LeaderElection221: begin an election at term 208 for -1: [d81605c5-54b3-45a8-b5ae-2e8d8890cbef:192.168.164.201:42755, 7f29c796-0732-402f-b865-67033766dcba:192.168.164.201:40704, c07977b7-c8ef-4f3c-80b1-66a07c6e3dcd:192.168.164.201:38664], old=null
2019-10-17 20:28:50,571 [grpc-default-executor-2] INFO  impl.RaftServerImpl (RaftServerImpl.java:setRole(184)) - d81605c5-54b3-45a8-b5ae-2e8d8890cbef@group-C2BDBBDF155D: changes role from  FOLLOWER to FOLLOWER at term 208 for recognizeCandidate:c07977b7-c8ef-4f3c-80b1-66a07c6e3dcd
2019-10-17 20:28:50,571 [grpc-default-executor-4] INFO  impl.RaftServerImpl (RaftServerImpl.java:setRole(184)) - 7f29c796-0732-402f-b865-67033766dcba@group-C2BDBBDF155D: changes role from  FOLLOWER to FOLLOWER at term 208 for recognizeCandidate:c07977b7-c8ef-4f3c-80b1-66a07c6e3dcd
2019-10-17 20:28:50,571 [grpc-default-executor-2] INFO  impl.RoleInfo (RoleInfo.java:shutdownFollowerState(121)) - d81605c5-54b3-45a8-b5ae-2e8d8890cbef: shutdown FollowerState
2019-10-17 20:28:50,571 [grpc-default-executor-4] INFO  impl.RoleInfo (RoleInfo.java:shutdownFollowerState(121)) - 7f29c796-0732-402f-b865-67033766dcba: shutdown FollowerState
2019-10-17 20:28:50,572 [grpc-default-executor-2] INFO  impl.RoleInfo (RoleInfo.java:updateAndGet(143)) - d81605c5-54b3-45a8-b5ae-2e8d8890cbef: start FollowerState
2019-10-17 20:28:50,572 [Thread-2262] INFO  impl.FollowerState (FollowerState.java:run(117)) - 7f29c796-0732-402f-b865-67033766dcba@group-C2BDBBDF155D-FollowerState was interrupted: java.lang.InterruptedException: sleep interrupted
2019-10-17 20:28:50,572 [grpc-default-executor-4] INFO  impl.RoleInfo (RoleInfo.java:updateAndGet(143)) - 7f29c796-0732-402f-b865-67033766dcba: start FollowerState
2019-10-17 20:28:50,572 [Thread-2263] INFO  impl.FollowerState (FollowerState.java:run(117)) - d81605c5-54b3-45a8-b5ae-2e8d8890cbef@group-C2BDBBDF155D-FollowerState was interrupted: java.lang.InterruptedException: sleep interrupted
2019-10-17 20:28:50,596 [c07977b7-c8ef-4f3c-80b1-66a07c6e3dcd@group-C2BDBBDF155D-LeaderElection221] INFO  impl.LeaderElection (LeaderElection.java:logAndReturn(56)) - c07977b7-c8ef-4f3c-80b1-66a07c6e3dcd@group-C2BDBBDF155D-LeaderElection221: Election REJECTED; received 2 response(s) [c07977b7-c8ef-4f3c-80b1-66a07c6e3dcd<-d81605c5-54b3-45a8-b5ae-2e8d8890cbef#0:FAIL-t208, c07977b7-c8ef-4f3c-80b1-66a07c6e3dcd<-7f29c796-0732-402f-b865-67033766dcba#0:FAIL-t208] and 0 exception(s); c07977b7-c8ef-4f3c-80b1-66a07c6e3dcd@group-C2BDBBDF155D:t208, leader=null, voted=c07977b7-c8ef-4f3c-80b1-66a07c6e3dcd, raftlog=c07977b7-c8ef-4f3c-80b1-66a07c6e3dcd@group-C2BDBBDF155D-SegmentedRaftLog:OPENED:c-1,f-1,i0, conf=-1: [d81605c5-54b3-45a8-b5ae-2e8d8890cbef:192.168.164.201:42755, 7f29c796-0732-402f-b865-67033766dcba:192.168.164.201:40704, c07977b7-c8ef-4f3c-80b1-66a07c6e3dcd:192.168.164.201:38664], old=null
2019-10-17 20:28:50,596 [c07977b7-c8ef-4f3c-80b1-66a07c6e3dcd@group-C2BDBBDF155D-LeaderElection221] INFO  impl.RaftServerImpl (RaftServerImpl.java:setRole(184)) - c07977b7-c8ef-4f3c-80b1-66a07c6e3dcd@group-C2BDBBDF155D: changes role from CANDIDATE to FOLLOWER at term 208 for DISCOVERED_A_NEW_TERM
2019-10-17 20:28:50,596 [c07977b7-c8ef-4f3c-80b1-66a07c6e3dcd@group-C2BDBBDF155D-LeaderElection221] INFO  impl.RoleInfo (RoleInfo.java:shutdownLeaderElection(134)) - c07977b7-c8ef-4f3c-80b1-66a07c6e3dcd: shutdown LeaderElection
2019-10-17 20:28:50,596 [c07977b7-c8ef-4f3c-80b1-66a07c6e3dcd@group-C2BDBBDF155D-LeaderElection221] INFO  impl.RoleInfo (RoleInfo.java:updateAndGet(143)) - c07977b7-c8ef-4f3c-80b1-66a07c6e3dcd: start FollowerState
2019-10-17 20:28:50,737 [Thread-2270] INFO  impl.FollowerState (FollowerState.java:run(108)) - c07977b7-c8ef-4f3c-80b1-66a07c6e3dcd@group-C2BDBBDF155D-FollowerState: change to CANDIDATE, lastRpcTime:140ms, electionTimeout:140ms
2019-10-17 20:28:50,737 [Thread-2270] INFO  impl.RoleInfo (RoleInfo.java:shutdownFollowerState(121)) - c07977b7-c8ef-4f3c-80b1-66a07c6e3dcd: shutdown FollowerState
2019-10-17 20:28:50,737 [Thread-2270] INFO  impl.RaftServerImpl (RaftServerImpl.java:setRole(184)) - c07977b7-c8ef-4f3c-80b1-66a07c6e3dcd@group-C2BDBBDF155D: changes role from  FOLLOWER to CANDIDATE at term 208 for changeToCandidate
2019-10-17 20:28:50,737 [Thread-2270] INFO  impl.RoleInfo (RoleInfo.java:updateAndGet(143)) - c07977b7-c8ef-4f3c-80b1-66a07c6e3dcd: start LeaderElection
2019-10-17 20:28:50,762 [c07977b7-c8ef-4f3c-80b1-66a07c6e3dcd@group-C2BDBBDF155D-LeaderElection222] INFO  impl.LeaderElection (LeaderElection.java:askForVotes(178)) - c07977b7-c8ef-4f3c-80b1-66a07c6e3dcd@group-C2BDBBDF155D-LeaderElection222: begin an election at term 209 for -1: [d81605c5-54b3-45a8-b5ae-2e8d8890cbef:192.168.164.201:42755, 7f29c796-0732-402f-b865-67033766dcba:192.168.164.201:40704, c07977b7-c8ef-4f3c-80b1-66a07c6e3dcd:192.168.164.201:38664], old=null
2019-10-17 20:28:50,764 [grpc-default-executor-2] INFO  impl.RaftServerImpl (RaftServerImpl.java:setRole(184)) - 7f29c796-0732-402f-b865-67033766dcba@group-C2BDBBDF155D: changes role from  FOLLOWER to FOLLOWER at term 209 for recognizeCandidate:c07977b7-c8ef-4f3c-80b1-66a07c6e3dcd
2019-10-17 20:28:50,765 [grpc-default-executor-2] INFO  impl.RoleInfo (RoleInfo.java:shutdownFollowerState(121)) - 7f29c796-0732-402f-b865-67033766dcba: shutdown FollowerState
2019-10-17 20:28:50,764 [grpc-default-executor-4] INFO  impl.RaftServerImpl (RaftServerImpl.java:setRole(184)) - d81605c5-54b3-45a8-b5ae-2e8d8890cbef@group-C2BDBBDF155D: changes role from  FOLLOWER to FOLLOWER at term 209 for recognizeCandidate:c07977b7-c8ef-4f3c-80b1-66a07c6e3dcd
2019-10-17 20:28:50,765 [grpc-default-executor-4] INFO  impl.RoleInfo (RoleInfo.java:shutdownFollowerState(121)) - d81605c5-54b3-45a8-b5ae-2e8d8890cbef: shutdown FollowerState
2019-10-17 20:28:50,765 [Thread-2269] INFO  impl.FollowerState (FollowerState.java:run(117)) - 7f29c796-0732-402f-b865-67033766dcba@group-C2BDBBDF155D-FollowerState was interrupted: java.lang.InterruptedException: sleep interrupted
2019-10-17 20:28:50,765 [grpc-default-executor-2] INFO  impl.RoleInfo (RoleInfo.java:updateAndGet(143)) - 7f29c796-0732-402f-b865-67033766dcba: start FollowerState
2019-10-17 20:28:50,765 [Thread-2268] INFO  impl.FollowerState (FollowerState.java:run(117)) - d81605c5-54b3-45a8-b5ae-2e8d8890cbef@group-C2BDBBDF155D-FollowerState was interrupted: java.lang.InterruptedException: sleep interrupted
2019-10-17 20:28:50,765 [grpc-default-executor-4] INFO  impl.RoleInfo (RoleInfo.java:updateAndGet(143)) - d81605c5-54b3-45a8-b5ae-2e8d8890cbef: start FollowerState
2019-10-17 20:28:50,789 [c07977b7-c8ef-4f3c-80b1-66a07c6e3dcd@group-C2BDBBDF155D-LeaderElection222] INFO  impl.LeaderElection (LeaderElection.java:logAndReturn(56)) - c07977b7-c8ef-4f3c-80b1-66a07c6e3dcd@group-C2BDBBDF155D-LeaderElection222: Election REJECTED; received 2 response(s) [c07977b7-c8ef-4f3c-80b1-66a07c6e3dcd<-d81605c5-54b3-45a8-b5ae-2e8d8890cbef#0:FAIL-t209, c07977b7-c8ef-4f3c-80b1-66a07c6e3dcd<-7f29c796-0732-402f-b865-67033766dcba#0:FAIL-t209] and 0 exception(s); c07977b7-c8ef-4f3c-80b1-66a07c6e3dcd@group-C2BDBBDF155D:t209, leader=null, voted=c07977b7-c8ef-4f3c-80b1-66a07c6e3dcd, raftlog=c07977b7-c8ef-4f3c-80b1-66a07c6e3dcd@group-C2BDBBDF155D-SegmentedRaftLog:OPENED:c-1,f-1,i0, conf=-1: [d81605c5-54b3-45a8-b5ae-2e8d8890cbef:192.168.164.201:42755, 7f29c796-0732-402f-b865-67033766dcba:192.168.164.201:40704, c07977b7-c8ef-4f3c-80b1-66a07c6e3dcd:192.168.164.201:38664], old=null
2019-10-17 20:28:50,789 [c07977b7-c8ef-4f3c-80b1-66a07c6e3dcd@group-C2BDBBDF155D-LeaderElection222] INFO  impl.RaftServerImpl (RaftServerImpl.java:setRole(184)) - c07977b7-c8ef-4f3c-80b1-66a07c6e3dcd@group-C2BDBBDF155D: changes role from CANDIDATE to FOLLOWER at term 209 for DISCOVERED_A_NEW_TERM
2019-10-17 20:28:50,790 [c07977b7-c8ef-4f3c-80b1-66a07c6e3dcd@group-C2BDBBDF155D-LeaderElection222] INFO  impl.RoleInfo (RoleInfo.java:shutdownLeaderElection(134)) - c07977b7-c8ef-4f3c-80b1-66a07c6e3dcd: shutdown LeaderElection
2019-10-17 20:28:50,790 [c07977b7-c8ef-4f3c-80b1-66a07c6e3dcd@group-C2BDBBDF155D-LeaderElection222] INFO  impl.RoleInfo (RoleInfo.java:updateAndGet(143)) - c07977b7-c8ef-4f3c-80b1-66a07c6e3dcd: start FollowerState
2019-10-17 20:28:50,897 [Thread-2276] INFO  impl.FollowerState (FollowerState.java:run(108)) - c07977b7-c8ef-4f3c-80b1-66a07c6e3dcd@group-C2BDBBDF155D-FollowerState: change to CANDIDATE, lastRpcTime:107ms, electionTimeout:107ms
2019-10-17 20:28:50,897 [Thread-2276] INFO  impl.RoleInfo (RoleInfo.java:shutdownFollowerState(121)) - c07977b7-c8ef-4f3c-80b1-66a07c6e3dcd: shutdown FollowerState
2019-10-17 20:28:50,898 [Thread-2276] INFO  impl.RaftServerImpl (RaftServerImpl.java:setRole(184)) - c07977b7-c8ef-4f3c-80b1-66a07c6e3dcd@group-C2BDBBDF155D: changes role from  FOLLOWER to CANDIDATE at term 209 for changeToCandidate
2019-10-17 20:28:50,898 [Thread-2276] INFO  impl.RoleInfo (RoleInfo.java:updateAndGet(143)) - c07977b7-c8ef-4f3c-80b1-66a07c6e3dcd: start LeaderElection
2019-10-17 20:28:50,922 [c07977b7-c8ef-4f3c-80b1-66a07c6e3dcd@group-C2BDBBDF155D-LeaderElection223] INFO  impl.LeaderElection (LeaderElection.java:askForVotes(178)) - c07977b7-c8ef-4f3c-80b1-66a07c6e3dcd@group-C2BDBBDF155D-LeaderElection223: begin an election at term 210 for -1: [d81605c5-54b3-45a8-b5ae-2e8d8890cbef:192.168.164.201:42755, 7f29c796-0732-402f-b865-67033766dcba:192.168.164.201:40704, c07977b7-c8ef-4f3c-80b1-66a07c6e3dcd:192.168.164.201:38664], old=null
2019-10-17 20:28:50,925 [grpc-default-executor-4] INFO  impl.RaftServerImpl (RaftServerImpl.java:setRole(184)) - 7f29c796-0732-402f-b865-67033766dcba@group-C2BDBBDF155D: changes role from  FOLLOWER to FOLLOWER at term 210 for recognizeCandidate:c07977b7-c8ef-4f3c-80b1-66a07c6e3dcd
2019-10-17 20:28:50,925 [grpc-default-executor-2] INFO  impl.RaftServerImpl (RaftServerImpl.java:setRole(184)) - d81605c5-54b3-45a8-b5ae-2e8d8890cbef@group-C2BDBBDF155D: changes role from  FOLLOWER to FOLLOWER at term 210 for recognizeCandidate:c07977b7-c8ef-4f3c-80b1-66a07c6e3dcd
2019-10-17 20:28:50,925 [grpc-default-executor-4] INFO  impl.RoleInfo (RoleInfo.java:shutdownFollowerState(121)) - 7f29c796-0732-402f-b865-67033766dcba: shutdown FollowerState
2019-10-17 20:28:50,925 [grpc-default-executor-2] INFO  impl.RoleInfo (RoleInfo.java:shutdownFollowerState(121)) - d81605c5-54b3-45a8-b5ae-2e8d8890cbef: shutdown FollowerState
2019-10-17 20:28:50,925 [Thread-2274] INFO  impl.FollowerState (FollowerState.java:run(117)) - 7f29c796-0732-402f-b865-67033766dcba@group-C2BDBBDF155D-FollowerState was interrupted: java.lang.InterruptedException: sleep interrupted
2019-10-17 20:28:50,925 [grpc-default-executor-4] INFO  impl.RoleInfo (RoleInfo.java:updateAndGet(143)) - 7f29c796-0732-402f-b865-67033766dcba: start FollowerState
2019-10-17 20:28:50,925 [Thread-2275] INFO  impl.FollowerState (FollowerState.java:run(117)) - d81605c5-54b3-45a8-b5ae-2e8d8890cbef@group-C2BDBBDF155D-FollowerState was interrupted: java.lang.InterruptedException: sleep interrupted
2019-10-17 20:28:50,925 [grpc-default-executor-2] INFO  impl.RoleInfo (RoleInfo.java:updateAndGet(143)) - d81605c5-54b3-45a8-b5ae-2e8d8890cbef: start FollowerState
2019-10-17 20:28:50,931 [c07977b7-c8ef-4f3c-80b1-66a07c6e3dcd@group-C2BDBBDF155D-LeaderElection223] INFO  impl.LeaderElection (LeaderElection.java:logAndReturn(56)) - c07977b7-c8ef-4f3c-80b1-66a07c6e3dcd@group-C2BDBBDF155D-LeaderElection223: Election TIMEOUT; received 0 response(s) [] and 0 exception(s); c07977b7-c8ef-4f3c-80b1-66a07c6e3dcd@group-C2BDBBDF155D:t210, leader=null, voted=c07977b7-c8ef-4f3c-80b1-66a07c6e3dcd, raftlog=c07977b7-c8ef-4f3c-80b1-66a07c6e3dcd@group-C2BDBBDF155D-SegmentedRaftLog:OPENED:c-1,f-1,i0, conf=-1: [d81605c5-54b3-45a8-b5ae-2e8d8890cbef:192.168.164.201:42755, 7f29c796-0732-402f-b865-67033766dcba:192.168.164.201:40704, c07977b7-c8ef-4f3c-80b1-66a07c6e3dcd:192.168.164.201:38664], old=null
2019-10-17 20:28:50,958 [c07977b7-c8ef-4f3c-80b1-66a07c6e3dcd@group-C2BDBBDF155D-LeaderElection223] INFO  impl.LeaderElection (LeaderElection.java:askForVotes(178)) - c07977b7-c8ef-4f3c-80b1-66a07c6e3dcd@group-C2BDBBDF155D-LeaderElection223: begin an election at term 211 for -1: [d81605c5-54b3-45a8-b5ae-2e8d8890cbef:192.168.164.201:42755, 7f29c796-0732-402f-b865-67033766dcba:192.168.164.201:40704, c07977b7-c8ef-4f3c-80b1-66a07c6e3dcd:192.168.164.201:38664], old=null
2019-10-17 20:28:50,959 [grpc-default-executor-2] INFO  impl.RaftServerImpl (RaftServerImpl.java:setRole(184)) - 7f29c796-0732-402f-b865-67033766dcba@group-C2BDBBDF155D: changes role from  FOLLOWER to FOLLOWER at term 211 for recognizeCandidate:c07977b7-c8ef-4f3c-80b1-66a07c6e3dcd
2019-10-17 20:28:50,959 [grpc-default-executor-2] INFO  impl.RoleInfo (RoleInfo.java:shutdownFollowerState(121)) - 7f29c796-0732-402f-b865-67033766dcba: shutdown FollowerState
2019-10-17 20:28:50,960 [grpc-default-executor-4] INFO  impl.RaftServerImpl (RaftServerImpl.java:setRole(184)) - d81605c5-54b3-45a8-b5ae-2e8d8890cbef@group-C2BDBBDF155D: changes role from  FOLLOWER to FOLLOWER at term 211 for recognizeCandidate:c07977b7-c8ef-4f3c-80b1-66a07c6e3dcd
2019-10-17 20:28:50,960 [grpc-default-executor-4] INFO  impl.RoleInfo (RoleInfo.java:shutdownFollowerState(121)) - d81605c5-54b3-45a8-b5ae-2e8d8890cbef: shutdown FollowerState
2019-10-17 20:28:50,960 [Thread-2280] INFO  impl.FollowerState (FollowerState.java:run(117)) - 7f29c796-0732-402f-b865-67033766dcba@group-C2BDBBDF155D-FollowerState was interrupted: java.lang.InterruptedException: sleep interrupted
2019-10-17 20:28:50,960 [grpc-default-executor-2] INFO  impl.RoleInfo (RoleInfo.java:updateAndGet(143)) - 7f29c796-0732-402f-b865-67033766dcba: start FollowerState
2019-10-17 20:28:50,960 [Thread-2281] INFO  impl.FollowerState (FollowerState.java:run(117)) - d81605c5-54b3-45a8-b5ae-2e8d8890cbef@group-C2BDBBDF155D-FollowerState was interrupted: java.lang.InterruptedException: sleep interrupted
2019-10-17 20:28:50,960 [grpc-default-executor-4] INFO  impl.RoleInfo (RoleInfo.java:updateAndGet(143)) - d81605c5-54b3-45a8-b5ae-2e8d8890cbef: start FollowerState
2019-10-17 20:28:50,984 [c07977b7-c8ef-4f3c-80b1-66a07c6e3dcd@group-C2BDBBDF155D-LeaderElection223] INFO  impl.LeaderElection (LeaderElection.java:logAndReturn(56)) - c07977b7-c8ef-4f3c-80b1-66a07c6e3dcd@group-C2BDBBDF155D-LeaderElection223: Election REJECTED; received 2 response(s) [c07977b7-c8ef-4f3c-80b1-66a07c6e3dcd<-d81605c5-54b3-45a8-b5ae-2e8d8890cbef#0:FAIL-t211, c07977b7-c8ef-4f3c-80b1-66a07c6e3dcd<-7f29c796-0732-402f-b865-67033766dcba#0:FAIL-t211] and 0 exception(s); c07977b7-c8ef-4f3c-80b1-66a07c6e3dcd@group-C2BDBBDF155D:t211, leader=null, voted=c07977b7-c8ef-4f3c-80b1-66a07c6e3dcd, raftlog=c07977b7-c8ef-4f3c-80b1-66a07c6e3dcd@group-C2BDBBDF155D-SegmentedRaftLog:OPENED:c-1,f-1,i0, conf=-1: [d81605c5-54b3-45a8-b5ae-2e8d8890cbef:192.168.164.201:42755, 7f29c796-0732-402f-b865-67033766dcba:192.168.164.201:40704, c07977b7-c8ef-4f3c-80b1-66a07c6e3dcd:192.168.164.201:38664], old=null
2019-10-17 20:28:50,984 [c07977b7-c8ef-4f3c-80b1-66a07c6e3dcd@group-C2BDBBDF155D-LeaderElection223] INFO  impl.RaftServerImpl (RaftServerImpl.java:setRole(184)) - c07977b7-c8ef-4f3c-80b1-66a07c6e3dcd@group-C2BDBBDF155D: changes role from CANDIDATE to FOLLOWER at term 211 for DISCOVERED_A_NEW_TERM
2019-10-17 20:28:50,984 [c07977b7-c8ef-4f3c-80b1-66a07c6e3dcd@group-C2BDBBDF155D-LeaderElection223] INFO  impl.RoleInfo (RoleInfo.java:shutdownLeaderElection(134)) - c07977b7-c8ef-4f3c-80b1-66a07c6e3dcd: shutdown LeaderElection
2019-10-17 20:28:50,984 [c07977b7-c8ef-4f3c-80b1-66a07c6e3dcd@group-C2BDBBDF155D-LeaderElection223] INFO  impl.RoleInfo (RoleInfo.java:updateAndGet(143)) - c07977b7-c8ef-4f3c-80b1-66a07c6e3dcd: start FollowerState
2019-10-17 20:28:51,061 [Thread-2286] INFO  impl.FollowerState (FollowerState.java:run(108)) - c07977b7-c8ef-4f3c-80b1-66a07c6e3dcd@group-C2BDBBDF155D-FollowerState: change to CANDIDATE, lastRpcTime:76ms, electionTimeout:76ms
2019-10-17 20:28:51,061 [Thread-2286] INFO  impl.RoleInfo (RoleInfo.java:shutdownFollowerState(121)) - c07977b7-c8ef-4f3c-80b1-66a07c6e3dcd: shutdown FollowerState
2019-10-17 20:28:51,061 [Thread-2286] INFO  impl.RaftServerImpl (RaftServerImpl.java:setRole(184)) - c07977b7-c8ef-4f3c-80b1-66a07c6e3dcd@group-C2BDBBDF155D: changes role from  FOLLOWER to CANDIDATE at term 211 for changeToCandidate
2019-10-17 20:28:51,061 [Thread-2286] INFO  impl.RoleInfo (RoleInfo.java:updateAndGet(143)) - c07977b7-c8ef-4f3c-80b1-66a07c6e3dcd: start LeaderElection
2019-10-17 20:28:51,083 [c07977b7-c8ef-4f3c-80b1-66a07c6e3dcd@group-C2BDBBDF155D-LeaderElection224] INFO  impl.LeaderElection (LeaderElection.java:askForVotes(178)) - c07977b7-c8ef-4f3c-80b1-66a07c6e3dcd@group-C2BDBBDF155D-LeaderElection224: begin an election at term 212 for -1: [d81605c5-54b3-45a8-b5ae-2e8d8890cbef:192.168.164.201:42755, 7f29c796-0732-402f-b865-67033766dcba:192.168.164.201:40704, c07977b7-c8ef-4f3c-80b1-66a07c6e3dcd:192.168.164.201:38664], old=null
2019-10-17 20:28:51,085 [grpc-default-executor-2] INFO  impl.RaftServerImpl (RaftServerImpl.java:setRole(184)) - d81605c5-54b3-45a8-b5ae-2e8d8890cbef@group-C2BDBBDF155D: changes role from  FOLLOWER to FOLLOWER at term 212 for recognizeCandidate:c07977b7-c8ef-4f3c-80b1-66a07c6e3dcd
2019-10-17 20:28:51,085 [grpc-default-executor-4] INFO  impl.RaftServerImpl (RaftServerImpl.java:setRole(184)) - 7f29c796-0732-402f-b865-67033766dcba@group-C2BDBBDF155D: changes role from  FOLLOWER to FOLLOWER at term 212 for recognizeCandidate:c07977b7-c8ef-4f3c-80b1-66a07c6e3dcd
2019-10-17 20:28:51,086 [grpc-default-executor-2] INFO  impl.RoleInfo (RoleInfo.java:shutdownFollowerState(121)) - d81605c5-54b3-45a8-b5ae-2e8d8890cbef: shutdown FollowerState
2019-10-17 20:28:51,086 [grpc-default-executor-4] INFO  impl.RoleInfo (RoleInfo.java:shutdownFollowerState(121)) - 7f29c796-0732-402f-b865-67033766dcba: shutdown FollowerState
2019-10-17 20:28:51,086 [Thread-2285] INFO  impl.FollowerState (FollowerState.java:run(117)) - d81605c5-54b3-45a8-b5ae-2e8d8890cbef@group-C2BDBBDF155D-FollowerState was interrupted: java.lang.InterruptedException: sleep interrupted
2019-10-17 20:28:51,086 [Thread-2284] INFO  impl.FollowerState (FollowerState.java:run(117)) - 7f29c796-0732-402f-b865-67033766dcba@group-C2BDBBDF155D-FollowerState was interrupted: java.lang.InterruptedException: sleep interrupted
2019-10-17 20:28:51,086 [grpc-default-executor-2] INFO  impl.RoleInfo (RoleInfo.java:updateAndGet(143)) - d81605c5-54b3-45a8-b5ae-2e8d8890cbef: start FollowerState
2019-10-17 20:28:51,086 [grpc-default-executor-4] INFO  impl.RoleInfo (RoleInfo.java:updateAndGet(143)) - 7f29c796-0732-402f-b865-67033766dcba: start FollowerState
2019-10-17 20:28:51,109 [c07977b7-c8ef-4f3c-80b1-66a07c6e3dcd@group-C2BDBBDF155D-LeaderElection224] INFO  impl.LeaderElection (LeaderElection.java:logAndReturn(56)) - c07977b7-c8ef-4f3c-80b1-66a07c6e3dcd@group-C2BDBBDF155D-LeaderElection224: Election REJECTED; received 2 response(s) [c07977b7-c8ef-4f3c-80b1-66a07c6e3dcd<-d81605c5-54b3-45a8-b5ae-2e8d8890cbef#0:FAIL-t212, c07977b7-c8ef-4f3c-80b1-66a07c6e3dcd<-7f29c796-0732-402f-b865-67033766dcba#0:FAIL-t212] and 0 exception(s); c07977b7-c8ef-4f3c-80b1-66a07c6e3dcd@group-C2BDBBDF155D:t212, leader=null, voted=c07977b7-c8ef-4f3c-80b1-66a07c6e3dcd, raftlog=c07977b7-c8ef-4f3c-80b1-66a07c6e3dcd@group-C2BDBBDF155D-SegmentedRaftLog:OPENED:c-1,f-1,i0, conf=-1: [d81605c5-54b3-45a8-b5ae-2e8d8890cbef:192.168.164.201:42755, 7f29c796-0732-402f-b865-67033766dcba:192.168.164.201:40704, c07977b7-c8ef-4f3c-80b1-66a07c6e3dcd:192.168.164.201:38664], old=null
2019-10-17 20:28:51,110 [c07977b7-c8ef-4f3c-80b1-66a07c6e3dcd@group-C2BDBBDF155D-LeaderElection224] INFO  impl.RaftServerImpl (RaftServerImpl.java:setRole(184)) - c07977b7-c8ef-4f3c-80b1-66a07c6e3dcd@group-C2BDBBDF155D: changes role from CANDIDATE to FOLLOWER at term 212 for DISCOVERED_A_NEW_TERM
2019-10-17 20:28:51,110 [c07977b7-c8ef-4f3c-80b1-66a07c6e3dcd@group-C2BDBBDF155D-LeaderElection224] INFO  impl.RoleInfo (RoleInfo.java:shutdownLeaderElection(134)) - c07977b7-c8ef-4f3c-80b1-66a07c6e3dcd: shutdown LeaderElection
2019-10-17 20:28:51,110 [c07977b7-c8ef-4f3c-80b1-66a07c6e3dcd@group-C2BDBBDF155D-LeaderElection224] INFO  impl.RoleInfo (RoleInfo.java:updateAndGet(143)) - c07977b7-c8ef-4f3c-80b1-66a07c6e3dcd: start FollowerState
2019-10-17 20:28:51,110 [Thread-2292] INFO  impl.FollowerState (FollowerState.java:run(108)) - c07977b7-c8ef-4f3c-80b1-66a07c6e3dcd@group-C2BDBBDF155D-FollowerState: change to CANDIDATE, lastRpcTime:0ms, electionTimeout:0ms
2019-10-17 20:28:51,110 [Thread-2292] INFO  impl.RoleInfo (RoleInfo.java:shutdownFollowerState(121)) - c07977b7-c8ef-4f3c-80b1-66a07c6e3dcd: shutdown FollowerState
2019-10-17 20:28:51,110 [Thread-2292] INFO  impl.RaftServerImpl (RaftServerImpl.java:setRole(184)) - c07977b7-c8ef-4f3c-80b1-66a07c6e3dcd@group-C2BDBBDF155D: changes role from  FOLLOWER to CANDIDATE at term 212 for changeToCandidate
2019-10-17 20:28:51,111 [Thread-2292] INFO  impl.RoleInfo (RoleInfo.java:updateAndGet(143)) - c07977b7-c8ef-4f3c-80b1-66a07c6e3dcd: start LeaderElection
2019-10-17 20:28:51,134 [c07977b7-c8ef-4f3c-80b1-66a07c6e3dcd@group-C2BDBBDF155D-LeaderElection225] INFO  impl.LeaderElection (LeaderElection.java:askForVotes(178)) - c07977b7-c8ef-4f3c-80b1-66a07c6e3dcd@group-C2BDBBDF155D-LeaderElection225: begin an election at term 213 for -1: [d81605c5-54b3-45a8-b5ae-2e8d8890cbef:192.168.164.201:42755, 7f29c796-0732-402f-b865-67033766dcba:192.168.164.201:40704, c07977b7-c8ef-4f3c-80b1-66a07c6e3dcd:192.168.164.201:38664], old=null
2019-10-17 20:28:51,136 [grpc-default-executor-4] INFO  impl.RaftServerImpl (RaftServerImpl.java:setRole(184)) - d81605c5-54b3-45a8-b5ae-2e8d8890cbef@group-C2BDBBDF155D: changes role from  FOLLOWER to FOLLOWER at term 213 for recognizeCandidate:c07977b7-c8ef-4f3c-80b1-66a07c6e3dcd
2019-10-17 20:28:51,136 [grpc-default-executor-4] INFO  impl.RoleInfo (RoleInfo.java:shutdownFollowerState(121)) - d81605c5-54b3-45a8-b5ae-2e8d8890cbef: shutdown FollowerState
2019-10-17 20:28:51,136 [grpc-default-executor-2] INFO  impl.RaftServerImpl (RaftServerImpl.java:setRole(184)) - 7f29c796-0732-402f-b865-67033766dcba@group-C2BDBBDF155D: changes role from  FOLLOWER to FOLLOWER at term 213 for recognizeCandidate:c07977b7-c8ef-4f3c-80b1-66a07c6e3dcd
2019-10-17 20:28:51,137 [grpc-default-executor-2] INFO  impl.RoleInfo (RoleInfo.java:shutdownFollowerState(121)) - 7f29c796-0732-402f-b865-67033766dcba: shutdown FollowerState
2019-10-17 20:28:51,137 [Thread-2290] INFO  impl.FollowerState (FollowerState.java:run(117)) - d81605c5-54b3-45a8-b5ae-2e8d8890cbef@group-C2BDBBDF155D-FollowerState was interrupted: java.lang.InterruptedException: sleep interrupted
2019-10-17 20:28:51,137 [grpc-default-executor-4] INFO  impl.RoleInfo (RoleInfo.java:updateAndGet(143)) - d81605c5-54b3-45a8-b5ae-2e8d8890cbef: start FollowerState
2019-10-17 20:28:51,137 [Thread-2291] INFO  impl.FollowerState (FollowerState.java:run(117)) - 7f29c796-0732-402f-b865-67033766dcba@group-C2BDBBDF155D-FollowerState was interrupted: java.lang.InterruptedException: sleep interrupted
2019-10-17 20:28:51,137 [grpc-default-executor-2] INFO  impl.RoleInfo (RoleInfo.java:updateAndGet(143)) - 7f29c796-0732-402f-b865-67033766dcba: start FollowerState
2019-10-17 20:28:51,169 [c07977b7-c8ef-4f3c-80b1-66a07c6e3dcd@group-C2BDBBDF155D-LeaderElection225] INFO  impl.LeaderElection (LeaderElection.java:logAndReturn(56)) - c07977b7-c8ef-4f3c-80b1-66a07c6e3dcd@group-C2BDBBDF155D-LeaderElection225: Election REJECTED; received 2 response(s) [c07977b7-c8ef-4f3c-80b1-66a07c6e3dcd<-d81605c5-54b3-45a8-b5ae-2e8d8890cbef#0:FAIL-t213, c07977b7-c8ef-4f3c-80b1-66a07c6e3dcd<-7f29c796-0732-402f-b865-67033766dcba#0:FAIL-t213] and 0 exception(s); c07977b7-c8ef-4f3c-80b1-66a07c6e3dcd@group-C2BDBBDF155D:t213, leader=null, voted=c07977b7-c8ef-4f3c-80b1-66a07c6e3dcd, raftlog=c07977b7-c8ef-4f3c-80b1-66a07c6e3dcd@group-C2BDBBDF155D-SegmentedRaftLog:OPENED:c-1,f-1,i0, conf=-1: [d81605c5-54b3-45a8-b5ae-2e8d8890cbef:192.168.164.201:42755, 7f29c796-0732-402f-b865-67033766dcba:192.168.164.201:40704, c07977b7-c8ef-4f3c-80b1-66a07c6e3dcd:192.168.164.201:38664], old=null
2019-10-17 20:28:51,169 [c07977b7-c8ef-4f3c-80b1-66a07c6e3dcd@group-C2BDBBDF155D-LeaderElection225] INFO  impl.RaftServerImpl (RaftServerImpl.java:setRole(184)) - c07977b7-c8ef-4f3c-80b1-66a07c6e3dcd@group-C2BDBBDF155D: changes role from CANDIDATE to FOLLOWER at term 213 for DISCOVERED_A_NEW_TERM
2019-10-17 20:28:51,169 [c07977b7-c8ef-4f3c-80b1-66a07c6e3dcd@group-C2BDBBDF155D-LeaderElection225] INFO  impl.RoleInfo (RoleInfo.java:shutdownLeaderElection(134)) - c07977b7-c8ef-4f3c-80b1-66a07c6e3dcd: shutdown LeaderElection
2019-10-17 20:28:51,169 [c07977b7-c8ef-4f3c-80b1-66a07c6e3dcd@group-C2BDBBDF155D-LeaderElection225] INFO  impl.RoleInfo (RoleInfo.java:updateAndGet(143)) - c07977b7-c8ef-4f3c-80b1-66a07c6e3dcd: start FollowerState
2019-10-17 20:28:51,202 [Thread-2298] INFO  impl.FollowerState (FollowerState.java:run(108)) - c07977b7-c8ef-4f3c-80b1-66a07c6e3dcd@group-C2BDBBDF155D-FollowerState: change to CANDIDATE, lastRpcTime:33ms, electionTimeout:33ms
2019-10-17 20:28:51,203 [Thread-2298] INFO  impl.RoleInfo (RoleInfo.java:shutdownFollowerState(121)) - c07977b7-c8ef-4f3c-80b1-66a07c6e3dcd: shutdown FollowerState
2019-10-17 20:28:51,203 [Thread-2298] INFO  impl.RaftServerImpl (RaftServerImpl.java:setRole(184)) - c07977b7-c8ef-4f3c-80b1-66a07c6e3dcd@group-C2BDBBDF155D: changes role from  FOLLOWER to CANDIDATE at term 213 for changeToCandidate
2019-10-17 20:28:51,203 [Thread-2298] INFO  impl.RoleInfo (RoleInfo.java:updateAndGet(143)) - c07977b7-c8ef-4f3c-80b1-66a07c6e3dcd: start LeaderElection
2019-10-17 20:28:51,226 [c07977b7-c8ef-4f3c-80b1-66a07c6e3dcd@group-C2BDBBDF155D-LeaderElection226] INFO  impl.LeaderElection (LeaderElection.java:askForVotes(178)) - c07977b7-c8ef-4f3c-80b1-66a07c6e3dcd@group-C2BDBBDF155D-LeaderElection226: begin an election at term 214 for -1: [d81605c5-54b3-45a8-b5ae-2e8d8890cbef:192.168.164.201:42755, 7f29c796-0732-402f-b865-67033766dcba:192.168.164.201:40704, c07977b7-c8ef-4f3c-80b1-66a07c6e3dcd:192.168.164.201:38664], old=null
2019-10-17 20:28:51,229 [grpc-default-executor-2] INFO  impl.RaftServerImpl (RaftServerImpl.java:setRole(184)) - d81605c5-54b3-45a8-b5ae-2e8d8890cbef@group-C2BDBBDF155D: changes role from  FOLLOWER to FOLLOWER at term 214 for recognizeCandidate:c07977b7-c8ef-4f3c-80b1-66a07c6e3dcd
2019-10-17 20:28:51,229 [grpc-default-executor-2] INFO  impl.RoleInfo (RoleInfo.java:shutdownFollowerState(121)) - d81605c5-54b3-45a8-b5ae-2e8d8890cbef: shutdown FollowerState
2019-10-17 20:28:51,229 [grpc-default-executor-4] INFO  impl.RaftServerImpl (RaftServerImpl.java:setRole(184)) - 7f29c796-0732-402f-b865-67033766dcba@group-C2BDBBDF155D: changes role from  FOLLOWER to FOLLOWER at term 214 for recognizeCandidate:c07977b7-c8ef-4f3c-80b1-66a07c6e3dcd
2019-10-17 20:28:51,229 [Thread-2296] INFO  impl.FollowerState (FollowerState.java:run(117)) - d81605c5-54b3-45a8-b5ae-2e8d8890cbef@group-C2BDBBDF155D-FollowerState was interrupted: java.lang.InterruptedException: sleep interrupted
2019-10-17 20:28:51,229 [grpc-default-executor-2] INFO  impl.RoleInfo (RoleInfo.java:updateAndGet(143)) - d81605c5-54b3-45a8-b5ae-2e8d8890cbef: start FollowerState
2019-10-17 20:28:51,229 [grpc-default-executor-4] INFO  impl.RoleInfo (RoleInfo.java:shutdownFollowerState(121)) - 7f29c796-0732-402f-b865-67033766dcba: shutdown FollowerState
2019-10-17 20:28:51,230 [grpc-default-executor-4] INFO  impl.RoleInfo (RoleInfo.java:updateAndGet(143)) - 7f29c796-0732-402f-b865-67033766dcba: start FollowerState
2019-10-17 20:28:51,230 [Thread-2297] INFO  impl.FollowerState (FollowerState.java:run(117)) - 7f29c796-0732-402f-b865-67033766dcba@group-C2BDBBDF155D-FollowerState was interrupted: java.lang.InterruptedException: sleep interrupted
2019-10-17 20:28:51,254 [c07977b7-c8ef-4f3c-80b1-66a07c6e3dcd@group-C2BDBBDF155D-LeaderElection226] INFO  impl.LeaderElection (LeaderElection.java:logAndReturn(56)) - c07977b7-c8ef-4f3c-80b1-66a07c6e3dcd@group-C2BDBBDF155D-LeaderElection226: Election REJECTED; received 2 response(s) [c07977b7-c8ef-4f3c-80b1-66a07c6e3dcd<-d81605c5-54b3-45a8-b5ae-2e8d8890cbef#0:FAIL-t214, c07977b7-c8ef-4f3c-80b1-66a07c6e3dcd<-7f29c796-0732-402f-b865-67033766dcba#0:FAIL-t214] and 0 exception(s); c07977b7-c8ef-4f3c-80b1-66a07c6e3dcd@group-C2BDBBDF155D:t214, leader=null, voted=c07977b7-c8ef-4f3c-80b1-66a07c6e3dcd, raftlog=c07977b7-c8ef-4f3c-80b1-66a07c6e3dcd@group-C2BDBBDF155D-SegmentedRaftLog:OPENED:c-1,f-1,i0, conf=-1: [d81605c5-54b3-45a8-b5ae-2e8d8890cbef:192.168.164.201:42755, 7f29c796-0732-402f-b865-67033766dcba:192.168.164.201:40704, c07977b7-c8ef-4f3c-80b1-66a07c6e3dcd:192.168.164.201:38664], old=null
2019-10-17 20:28:51,254 [c07977b7-c8ef-4f3c-80b1-66a07c6e3dcd@group-C2BDBBDF155D-LeaderElection226] INFO  impl.RaftServerImpl (RaftServerImpl.java:setRole(184)) - c07977b7-c8ef-4f3c-80b1-66a07c6e3dcd@group-C2BDBBDF155D: changes role from CANDIDATE to FOLLOWER at term 214 for DISCOVERED_A_NEW_TERM
2019-10-17 20:28:51,254 [c07977b7-c8ef-4f3c-80b1-66a07c6e3dcd@group-C2BDBBDF155D-LeaderElection226] INFO  impl.RoleInfo (RoleInfo.java:shutdownLeaderElection(134)) - c07977b7-c8ef-4f3c-80b1-66a07c6e3dcd: shutdown LeaderElection
2019-10-17 20:28:51,254 [c07977b7-c8ef-4f3c-80b1-66a07c6e3dcd@group-C2BDBBDF155D-LeaderElection226] INFO  impl.RoleInfo (RoleInfo.java:updateAndGet(143)) - c07977b7-c8ef-4f3c-80b1-66a07c6e3dcd: start FollowerState
2019-10-17 20:28:51,306 [Thread-2304] INFO  impl.FollowerState (FollowerState.java:run(108)) - c07977b7-c8ef-4f3c-80b1-66a07c6e3dcd@group-C2BDBBDF155D-FollowerState: change to CANDIDATE, lastRpcTime:51ms, electionTimeout:51ms
2019-10-17 20:28:51,306 [Thread-2304] INFO  impl.RoleInfo (RoleInfo.java:shutdownFollowerState(121)) - c07977b7-c8ef-4f3c-80b1-66a07c6e3dcd: shutdown FollowerState
2019-10-17 20:28:51,306 [Thread-2304] INFO  impl.RaftServerImpl (RaftServerImpl.java:setRole(184)) - c07977b7-c8ef-4f3c-80b1-66a07c6e3dcd@group-C2BDBBDF155D: changes role from  FOLLOWER to CANDIDATE at term 214 for changeToCandidate
2019-10-17 20:28:51,306 [Thread-2304] INFO  impl.RoleInfo (RoleInfo.java:updateAndGet(143)) - c07977b7-c8ef-4f3c-80b1-66a07c6e3dcd: start LeaderElection
2019-10-17 20:28:51,328 [c07977b7-c8ef-4f3c-80b1-66a07c6e3dcd@group-C2BDBBDF155D-LeaderElection227] INFO  impl.LeaderElection (LeaderElection.java:askForVotes(178)) - c07977b7-c8ef-4f3c-80b1-66a07c6e3dcd@group-C2BDBBDF155D-LeaderElection227: begin an election at term 215 for -1: [d81605c5-54b3-45a8-b5ae-2e8d8890cbef:192.168.164.201:42755, 7f29c796-0732-402f-b865-67033766dcba:192.168.164.201:40704, c07977b7-c8ef-4f3c-80b1-66a07c6e3dcd:192.168.164.201:38664], old=null
2019-10-17 20:28:51,330 [grpc-default-executor-4] INFO  impl.RaftServerImpl (RaftServerImpl.java:setRole(184)) - 7f29c796-0732-402f-b865-67033766dcba@group-C2BDBBDF155D: changes role from  FOLLOWER to FOLLOWER at term 215 for recognizeCandidate:c07977b7-c8ef-4f3c-80b1-66a07c6e3dcd
2019-10-17 20:28:51,331 [grpc-default-executor-2] INFO  impl.RaftServerImpl (RaftServerImpl.java:setRole(184)) - d81605c5-54b3-45a8-b5ae-2e8d8890cbef@group-C2BDBBDF155D: changes role from  FOLLOWER to FOLLOWER at term 215 for recognizeCandidate:c07977b7-c8ef-4f3c-80b1-66a07c6e3dcd
2019-10-17 20:28:51,331 [grpc-default-executor-4] INFO  impl.RoleInfo (RoleInfo.java:shutdownFollowerState(121)) - 7f29c796-0732-402f-b865-67033766dcba: shutdown FollowerState
2019-10-17 20:28:51,331 [grpc-default-executor-2] INFO  impl.RoleInfo (RoleInfo.java:shutdownFollowerState(121)) - d81605c5-54b3-45a8-b5ae-2e8d8890cbef: shutdown FollowerState
2019-10-17 20:28:51,331 [grpc-default-executor-4] INFO  impl.RoleInfo (RoleInfo.java:updateAndGet(143)) - 7f29c796-0732-402f-b865-67033766dcba: start FollowerState
2019-10-17 20:28:51,331 [Thread-2302] INFO  impl.FollowerState (FollowerState.java:run(117)) - d81605c5-54b3-45a8-b5ae-2e8d8890cbef@group-C2BDBBDF155D-FollowerState was interrupted: java.lang.InterruptedException: sleep interrupted
2019-10-17 20:28:51,331 [grpc-default-executor-2] INFO  impl.RoleInfo (RoleInfo.java:updateAndGet(143)) - d81605c5-54b3-45a8-b5ae-2e8d8890cbef: start FollowerState
2019-10-17 20:28:51,331 [Thread-2303] INFO  impl.FollowerState (FollowerState.java:run(117)) - 7f29c796-0732-402f-b865-67033766dcba@group-C2BDBBDF155D-FollowerState was interrupted: java.lang.InterruptedException: sleep interrupted
2019-10-17 20:28:51,354 [c07977b7-c8ef-4f3c-80b1-66a07c6e3dcd@group-C2BDBBDF155D-LeaderElection227] INFO  impl.LeaderElection (LeaderElection.java:logAndReturn(56)) - c07977b7-c8ef-4f3c-80b1-66a07c6e3dcd@group-C2BDBBDF155D-LeaderElection227: Election REJECTED; received 2 response(s) [c07977b7-c8ef-4f3c-80b1-66a07c6e3dcd<-d81605c5-54b3-45a8-b5ae-2e8d8890cbef#0:FAIL-t215, c07977b7-c8ef-4f3c-80b1-66a07c6e3dcd<-7f29c796-0732-402f-b865-67033766dcba#0:FAIL-t215] and 0 exception(s); c07977b7-c8ef-4f3c-80b1-66a07c6e3dcd@group-C2BDBBDF155D:t215, leader=null, voted=c07977b7-c8ef-4f3c-80b1-66a07c6e3dcd, raftlog=c07977b7-c8ef-4f3c-80b1-66a07c6e3dcd@group-C2BDBBDF155D-SegmentedRaftLog:OPENED:c-1,f-1,i0, conf=-1: [d81605c5-54b3-45a8-b5ae-2e8d8890cbef:192.168.164.201:42755, 7f29c796-0732-402f-b865-67033766dcba:192.168.164.201:40704, c07977b7-c8ef-4f3c-80b1-66a07c6e3dcd:192.168.164.201:38664], old=null
2019-10-17 20:28:51,355 [c07977b7-c8ef-4f3c-80b1-66a07c6e3dcd@group-C2BDBBDF155D-LeaderElection227] INFO  impl.RaftServerImpl (RaftServerImpl.java:setRole(184)) - c07977b7-c8ef-4f3c-80b1-66a07c6e3dcd@group-C2BDBBDF155D: changes role from CANDIDATE to FOLLOWER at term 215 for DISCOVERED_A_NEW_TERM
2019-10-17 20:28:51,355 [c07977b7-c8ef-4f3c-80b1-66a07c6e3dcd@group-C2BDBBDF155D-LeaderElection227] INFO  impl.RoleInfo (RoleInfo.java:shutdownLeaderElection(134)) - c07977b7-c8ef-4f3c-80b1-66a07c6e3dcd: shutdown LeaderElection
2019-10-17 20:28:51,355 [c07977b7-c8ef-4f3c-80b1-66a07c6e3dcd@group-C2BDBBDF155D-LeaderElection227] INFO  impl.RoleInfo (RoleInfo.java:updateAndGet(143)) - c07977b7-c8ef-4f3c-80b1-66a07c6e3dcd: start FollowerState
2019-10-17 20:28:51,387 [Thread-2310] INFO  impl.FollowerState (FollowerState.java:run(108)) - c07977b7-c8ef-4f3c-80b1-66a07c6e3dcd@group-C2BDBBDF155D-FollowerState: change to CANDIDATE, lastRpcTime:32ms, electionTimeout:32ms
2019-10-17 20:28:51,388 [Thread-2310] INFO  impl.RoleInfo (RoleInfo.java:shutdownFollowerState(121)) - c07977b7-c8ef-4f3c-80b1-66a07c6e3dcd: shutdown FollowerState
2019-10-17 20:28:51,388 [Thread-2310] INFO  impl.RaftServerImpl (RaftServerImpl.java:setRole(184)) - c07977b7-c8ef-4f3c-80b1-66a07c6e3dcd@group-C2BDBBDF155D: changes role from  FOLLOWER to CANDIDATE at term 215 for changeToCandidate
2019-10-17 20:28:51,388 [Thread-2310] INFO  impl.RoleInfo (RoleInfo.java:updateAndGet(143)) - c07977b7-c8ef-4f3c-80b1-66a07c6e3dcd: start LeaderElection
2019-10-17 20:28:51,412 [c07977b7-c8ef-4f3c-80b1-66a07c6e3dcd@group-C2BDBBDF155D-LeaderElection228] INFO  impl.LeaderElection (LeaderElection.java:askForVotes(178)) - c07977b7-c8ef-4f3c-80b1-66a07c6e3dcd@group-C2BDBBDF155D-LeaderElection228: begin an election at term 216 for -1: [d81605c5-54b3-45a8-b5ae-2e8d8890cbef:192.168.164.201:42755, 7f29c796-0732-402f-b865-67033766dcba:192.168.164.201:40704, c07977b7-c8ef-4f3c-80b1-66a07c6e3dcd:192.168.164.201:38664], old=null
2019-10-17 20:28:51,415 [grpc-default-executor-2] INFO  impl.RaftServerImpl (RaftServerImpl.java:setRole(184)) - 7f29c796-0732-402f-b865-67033766dcba@group-C2BDBBDF155D: changes role from  FOLLOWER to FOLLOWER at term 216 for recognizeCandidate:c07977b7-c8ef-4f3c-80b1-66a07c6e3dcd
2019-10-17 20:28:51,415 [grpc-default-executor-4] INFO  impl.RaftServerImpl (RaftServerImpl.java:setRole(184)) - d81605c5-54b3-45a8-b5ae-2e8d8890cbef@group-C2BDBBDF155D: changes role from  FOLLOWER to FOLLOWER at term 216 for recognizeCandidate:c07977b7-c8ef-4f3c-80b1-66a07c6e3dcd
2019-10-17 20:28:51,415 [grpc-default-executor-2] INFO  impl.RoleInfo (RoleInfo.java:shutdownFollowerState(121)) - 7f29c796-0732-402f-b865-67033766dcba: shutdown FollowerState
2019-10-17 20:28:51,416 [grpc-default-executor-4] INFO  impl.RoleInfo (RoleInfo.java:shutdownFollowerState(121)) - d81605c5-54b3-45a8-b5ae-2e8d8890cbef: shutdown FollowerState
2019-10-17 20:28:51,416 [Thread-2308] INFO  impl.FollowerState (FollowerState.java:run(117)) - 7f29c796-0732-402f-b865-67033766dcba@group-C2BDBBDF155D-FollowerState was interrupted: java.lang.InterruptedException: sleep interrupted
2019-10-17 20:28:51,416 [grpc-default-executor-2] INFO  impl.RoleInfo (RoleInfo.java:updateAndGet(143)) - 7f29c796-0732-402f-b865-67033766dcba: start FollowerState
2019-10-17 20:28:51,416 [Thread-2309] INFO  impl.FollowerState (FollowerState.java:run(117)) - d81605c5-54b3-45a8-b5ae-2e8d8890cbef@group-C2BDBBDF155D-FollowerState was interrupted: java.lang.InterruptedException: sleep interrupted
2019-10-17 20:28:51,416 [grpc-default-executor-4] INFO  impl.RoleInfo (RoleInfo.java:updateAndGet(143)) - d81605c5-54b3-45a8-b5ae-2e8d8890cbef: start FollowerState
2019-10-17 20:28:51,448 [c07977b7-c8ef-4f3c-80b1-66a07c6e3dcd@group-C2BDBBDF155D-LeaderElection228] INFO  impl.LeaderElection (LeaderElection.java:logAndReturn(56)) - c07977b7-c8ef-4f3c-80b1-66a07c6e3dcd@group-C2BDBBDF155D-LeaderElection228: Election REJECTED; received 2 response(s) [c07977b7-c8ef-4f3c-80b1-66a07c6e3dcd<-d81605c5-54b3-45a8-b5ae-2e8d8890cbef#0:FAIL-t216, c07977b7-c8ef-4f3c-80b1-66a07c6e3dcd<-7f29c796-0732-402f-b865-67033766dcba#0:FAIL-t216] and 0 exception(s); c07977b7-c8ef-4f3c-80b1-66a07c6e3dcd@group-C2BDBBDF155D:t216, leader=null, voted=c07977b7-c8ef-4f3c-80b1-66a07c6e3dcd, raftlog=c07977b7-c8ef-4f3c-80b1-66a07c6e3dcd@group-C2BDBBDF155D-SegmentedRaftLog:OPENED:c-1,f-1,i0, conf=-1: [d81605c5-54b3-45a8-b5ae-2e8d8890cbef:192.168.164.201:42755, 7f29c796-0732-402f-b865-67033766dcba:192.168.164.201:40704, c07977b7-c8ef-4f3c-80b1-66a07c6e3dcd:192.168.164.201:38664], old=null
2019-10-17 20:28:51,448 [c07977b7-c8ef-4f3c-80b1-66a07c6e3dcd@group-C2BDBBDF155D-LeaderElection228] INFO  impl.RaftServerImpl (RaftServerImpl.java:setRole(184)) - c07977b7-c8ef-4f3c-80b1-66a07c6e3dcd@group-C2BDBBDF155D: changes role from CANDIDATE to FOLLOWER at term 216 for DISCOVERED_A_NEW_TERM
2019-10-17 20:28:51,448 [c07977b7-c8ef-4f3c-80b1-66a07c6e3dcd@group-C2BDBBDF155D-LeaderElection228] INFO  impl.RoleInfo (RoleInfo.java:shutdownLeaderElection(134)) - c07977b7-c8ef-4f3c-80b1-66a07c6e3dcd: shutdown LeaderElection
2019-10-17 20:28:51,448 [c07977b7-c8ef-4f3c-80b1-66a07c6e3dcd@group-C2BDBBDF155D-LeaderElection228] INFO  impl.RoleInfo (RoleInfo.java:updateAndGet(143)) - c07977b7-c8ef-4f3c-80b1-66a07c6e3dcd: start FollowerState
2019-10-17 20:28:51,544 [Thread-754] INFO  ozone.MiniOzoneClusterImpl (MiniOzoneClusterImpl.java:lambda$waitForClusterToBeReady$2(164)) - Waiting for 1 number of pipelines out of 4, to report a leader.
2019-10-17 20:28:51,574 [Thread-2316] INFO  impl.FollowerState (FollowerState.java:run(108)) - c07977b7-c8ef-4f3c-80b1-66a07c6e3dcd@group-C2BDBBDF155D-FollowerState: change to CANDIDATE, lastRpcTime:125ms, electionTimeout:125ms
2019-10-17 20:28:51,574 [Thread-2316] INFO  impl.RoleInfo (RoleInfo.java:shutdownFollowerState(121)) - c07977b7-c8ef-4f3c-80b1-66a07c6e3dcd: shutdown FollowerState
2019-10-17 20:28:51,574 [Thread-2316] INFO  impl.RaftServerImpl (RaftServerImpl.java:setRole(184)) - c07977b7-c8ef-4f3c-80b1-66a07c6e3dcd@group-C2BDBBDF155D: changes role from  FOLLOWER to CANDIDATE at term 216 for changeToCandidate
2019-10-17 20:28:51,575 [Thread-2316] INFO  impl.RoleInfo (RoleInfo.java:updateAndGet(143)) - c07977b7-c8ef-4f3c-80b1-66a07c6e3dcd: start LeaderElection
2019-10-17 20:28:51,605 [c07977b7-c8ef-4f3c-80b1-66a07c6e3dcd@group-C2BDBBDF155D-LeaderElection229] INFO  impl.LeaderElection (LeaderElection.java:askForVotes(178)) - c07977b7-c8ef-4f3c-80b1-66a07c6e3dcd@group-C2BDBBDF155D-LeaderElection229: begin an election at term 217 for -1: [d81605c5-54b3-45a8-b5ae-2e8d8890cbef:192.168.164.201:42755, 7f29c796-0732-402f-b865-67033766dcba:192.168.164.201:40704, c07977b7-c8ef-4f3c-80b1-66a07c6e3dcd:192.168.164.201:38664], old=null
2019-10-17 20:28:51,608 [grpc-default-executor-2] INFO  impl.RaftServerImpl (RaftServerImpl.java:setRole(184)) - d81605c5-54b3-45a8-b5ae-2e8d8890cbef@group-C2BDBBDF155D: changes role from  FOLLOWER to FOLLOWER at term 217 for recognizeCandidate:c07977b7-c8ef-4f3c-80b1-66a07c6e3dcd
2019-10-17 20:28:51,609 [grpc-default-executor-2] INFO  impl.RoleInfo (RoleInfo.java:shutdownFollowerState(121)) - d81605c5-54b3-45a8-b5ae-2e8d8890cbef: shutdown FollowerState
2019-10-17 20:28:51,609 [grpc-default-executor-4] INFO  impl.RaftServerImpl (RaftServerImpl.java:setRole(184)) - 7f29c796-0732-402f-b865-67033766dcba@group-C2BDBBDF155D: changes role from  FOLLOWER to FOLLOWER at term 217 for recognizeCandidate:c07977b7-c8ef-4f3c-80b1-66a07c6e3dcd
2019-10-17 20:28:51,609 [grpc-default-executor-4] INFO  impl.RoleInfo (RoleInfo.java:shutdownFollowerState(121)) - 7f29c796-0732-402f-b865-67033766dcba: shutdown FollowerState
2019-10-17 20:28:51,609 [grpc-default-executor-4] INFO  impl.RoleInfo (RoleInfo.java:updateAndGet(143)) - 7f29c796-0732-402f-b865-67033766dcba: start FollowerState
2019-10-17 20:28:51,609 [Thread-2315] INFO  impl.FollowerState (FollowerState.java:run(117)) - d81605c5-54b3-45a8-b5ae-2e8d8890cbef@group-C2BDBBDF155D-FollowerState was interrupted: java.lang.InterruptedException: sleep interrupted
2019-10-17 20:28:51,609 [grpc-default-executor-2] INFO  impl.RoleInfo (RoleInfo.java:updateAndGet(143)) - d81605c5-54b3-45a8-b5ae-2e8d8890cbef: start FollowerState
2019-10-17 20:28:51,609 [Thread-2314] INFO  impl.FollowerState (FollowerState.java:run(117)) - 7f29c796-0732-402f-b865-67033766dcba@group-C2BDBBDF155D-FollowerState was interrupted: java.lang.InterruptedException: sleep interrupted
2019-10-17 20:28:51,631 [c07977b7-c8ef-4f3c-80b1-66a07c6e3dcd@group-C2BDBBDF155D-LeaderElection229] INFO  impl.LeaderElection (LeaderElection.java:logAndReturn(56)) - c07977b7-c8ef-4f3c-80b1-66a07c6e3dcd@group-C2BDBBDF155D-LeaderElection229: Election REJECTED; received 2 response(s) [c07977b7-c8ef-4f3c-80b1-66a07c6e3dcd<-d81605c5-54b3-45a8-b5ae-2e8d8890cbef#0:FAIL-t217, c07977b7-c8ef-4f3c-80b1-66a07c6e3dcd<-7f29c796-0732-402f-b865-67033766dcba#0:FAIL-t217] and 0 exception(s); c07977b7-c8ef-4f3c-80b1-66a07c6e3dcd@group-C2BDBBDF155D:t217, leader=null, voted=c07977b7-c8ef-4f3c-80b1-66a07c6e3dcd, raftlog=c07977b7-c8ef-4f3c-80b1-66a07c6e3dcd@group-C2BDBBDF155D-SegmentedRaftLog:OPENED:c-1,f-1,i0, conf=-1: [d81605c5-54b3-45a8-b5ae-2e8d8890cbef:192.168.164.201:42755, 7f29c796-0732-402f-b865-67033766dcba:192.168.164.201:40704, c07977b7-c8ef-4f3c-80b1-66a07c6e3dcd:192.168.164.201:38664], old=null
2019-10-17 20:28:51,631 [c07977b7-c8ef-4f3c-80b1-66a07c6e3dcd@group-C2BDBBDF155D-LeaderElection229] INFO  impl.RaftServerImpl (RaftServerImpl.java:setRole(184)) - c07977b7-c8ef-4f3c-80b1-66a07c6e3dcd@group-C2BDBBDF155D: changes role from CANDIDATE to FOLLOWER at term 217 for DISCOVERED_A_NEW_TERM
2019-10-17 20:28:51,631 [c07977b7-c8ef-4f3c-80b1-66a07c6e3dcd@group-C2BDBBDF155D-LeaderElection229] INFO  impl.RoleInfo (RoleInfo.java:shutdownLeaderElection(134)) - c07977b7-c8ef-4f3c-80b1-66a07c6e3dcd: shutdown LeaderElection
2019-10-17 20:28:51,632 [c07977b7-c8ef-4f3c-80b1-66a07c6e3dcd@group-C2BDBBDF155D-LeaderElection229] INFO  impl.RoleInfo (RoleInfo.java:updateAndGet(143)) - c07977b7-c8ef-4f3c-80b1-66a07c6e3dcd: start FollowerState
2019-10-17 20:28:51,760 [Thread-2322] INFO  impl.FollowerState (FollowerState.java:run(108)) - c07977b7-c8ef-4f3c-80b1-66a07c6e3dcd@group-C2BDBBDF155D-FollowerState: change to CANDIDATE, lastRpcTime:128ms, electionTimeout:128ms
2019-10-17 20:28:51,760 [Thread-2322] INFO  impl.RoleInfo (RoleInfo.java:shutdownFollowerState(121)) - c07977b7-c8ef-4f3c-80b1-66a07c6e3dcd: shutdown FollowerState
2019-10-17 20:28:51,760 [Thread-2322] INFO  impl.RaftServerImpl (RaftServerImpl.java:setRole(184)) - c07977b7-c8ef-4f3c-80b1-66a07c6e3dcd@group-C2BDBBDF155D: changes role from  FOLLOWER to CANDIDATE at term 217 for changeToCandidate
2019-10-17 20:28:51,760 [Thread-2322] INFO  impl.RoleInfo (RoleInfo.java:updateAndGet(143)) - c07977b7-c8ef-4f3c-80b1-66a07c6e3dcd: start LeaderElection
2019-10-17 20:28:51,789 [c07977b7-c8ef-4f3c-80b1-66a07c6e3dcd@group-C2BDBBDF155D-LeaderElection230] INFO  impl.LeaderElection (LeaderElection.java:askForVotes(178)) - c07977b7-c8ef-4f3c-80b1-66a07c6e3dcd@group-C2BDBBDF155D-LeaderElection230: begin an election at term 218 for -1: [d81605c5-54b3-45a8-b5ae-2e8d8890cbef:192.168.164.201:42755, 7f29c796-0732-402f-b865-67033766dcba:192.168.164.201:40704, c07977b7-c8ef-4f3c-80b1-66a07c6e3dcd:192.168.164.201:38664], old=null
2019-10-17 20:28:51,791 [grpc-default-executor-2] INFO  impl.RaftServerImpl (RaftServerImpl.java:setRole(184)) - 7f29c796-0732-402f-b865-67033766dcba@group-C2BDBBDF155D: changes role from  FOLLOWER to FOLLOWER at term 218 for recognizeCandidate:c07977b7-c8ef-4f3c-80b1-66a07c6e3dcd
2019-10-17 20:28:51,791 [grpc-default-executor-2] INFO  impl.RoleInfo (RoleInfo.java:shutdownFollowerState(121)) - 7f29c796-0732-402f-b865-67033766dcba: shutdown FollowerState
2019-10-17 20:28:51,791 [grpc-default-executor-4] INFO  impl.RaftServerImpl (RaftServerImpl.java:setRole(184)) - d81605c5-54b3-45a8-b5ae-2e8d8890cbef@group-C2BDBBDF155D: changes role from  FOLLOWER to FOLLOWER at term 218 for recognizeCandidate:c07977b7-c8ef-4f3c-80b1-66a07c6e3dcd
2019-10-17 20:28:51,791 [Thread-2321] INFO  impl.FollowerState (FollowerState.java:run(117)) - 7f29c796-0732-402f-b865-67033766dcba@group-C2BDBBDF155D-FollowerState was interrupted: java.lang.InterruptedException: sleep interrupted
2019-10-17 20:28:51,791 [grpc-default-executor-2] INFO  impl.RoleInfo (RoleInfo.java:updateAndGet(143)) - 7f29c796-0732-402f-b865-67033766dcba: start FollowerState
2019-10-17 20:28:51,792 [grpc-default-executor-4] INFO  impl.RoleInfo (RoleInfo.java:shutdownFollowerState(121)) - d81605c5-54b3-45a8-b5ae-2e8d8890cbef: shutdown FollowerState
2019-10-17 20:28:51,792 [grpc-default-executor-4] INFO  impl.RoleInfo (RoleInfo.java:updateAndGet(143)) - d81605c5-54b3-45a8-b5ae-2e8d8890cbef: start FollowerState
2019-10-17 20:28:51,792 [Thread-2320] INFO  impl.FollowerState (FollowerState.java:run(117)) - d81605c5-54b3-45a8-b5ae-2e8d8890cbef@group-C2BDBBDF155D-FollowerState was interrupted: java.lang.InterruptedException: sleep interrupted
2019-10-17 20:28:51,815 [c07977b7-c8ef-4f3c-80b1-66a07c6e3dcd@group-C2BDBBDF155D-LeaderElection230] INFO  impl.LeaderElection (LeaderElection.java:logAndReturn(56)) - c07977b7-c8ef-4f3c-80b1-66a07c6e3dcd@group-C2BDBBDF155D-LeaderElection230: Election REJECTED; received 2 response(s) [c07977b7-c8ef-4f3c-80b1-66a07c6e3dcd<-d81605c5-54b3-45a8-b5ae-2e8d8890cbef#0:FAIL-t218, c07977b7-c8ef-4f3c-80b1-66a07c6e3dcd<-7f29c796-0732-402f-b865-67033766dcba#0:FAIL-t218] and 0 exception(s); c07977b7-c8ef-4f3c-80b1-66a07c6e3dcd@group-C2BDBBDF155D:t218, leader=null, voted=c07977b7-c8ef-4f3c-80b1-66a07c6e3dcd, raftlog=c07977b7-c8ef-4f3c-80b1-66a07c6e3dcd@group-C2BDBBDF155D-SegmentedRaftLog:OPENED:c-1,f-1,i0, conf=-1: [d81605c5-54b3-45a8-b5ae-2e8d8890cbef:192.168.164.201:42755, 7f29c796-0732-402f-b865-67033766dcba:192.168.164.201:40704, c07977b7-c8ef-4f3c-80b1-66a07c6e3dcd:192.168.164.201:38664], old=null
2019-10-17 20:28:51,815 [c07977b7-c8ef-4f3c-80b1-66a07c6e3dcd@group-C2BDBBDF155D-LeaderElection230] INFO  impl.RaftServerImpl (RaftServerImpl.java:setRole(184)) - c07977b7-c8ef-4f3c-80b1-66a07c6e3dcd@group-C2BDBBDF155D: changes role from CANDIDATE to FOLLOWER at term 218 for DISCOVERED_A_NEW_TERM
2019-10-17 20:28:51,816 [c07977b7-c8ef-4f3c-80b1-66a07c6e3dcd@group-C2BDBBDF155D-LeaderElection230] INFO  impl.RoleInfo (RoleInfo.java:shutdownLeaderElection(134)) - c07977b7-c8ef-4f3c-80b1-66a07c6e3dcd: shutdown LeaderElection
2019-10-17 20:28:51,816 [c07977b7-c8ef-4f3c-80b1-66a07c6e3dcd@group-C2BDBBDF155D-LeaderElection230] INFO  impl.RoleInfo (RoleInfo.java:updateAndGet(143)) - c07977b7-c8ef-4f3c-80b1-66a07c6e3dcd: start FollowerState
2019-10-17 20:28:51,989 [Thread-2328] INFO  impl.FollowerState (FollowerState.java:run(108)) - c07977b7-c8ef-4f3c-80b1-66a07c6e3dcd@group-C2BDBBDF155D-FollowerState: change to CANDIDATE, lastRpcTime:173ms, electionTimeout:173ms
2019-10-17 20:28:51,989 [Thread-2328] INFO  impl.RoleInfo (RoleInfo.java:shutdownFollowerState(121)) - c07977b7-c8ef-4f3c-80b1-66a07c6e3dcd: shutdown FollowerState
2019-10-17 20:28:51,990 [Thread-2328] INFO  impl.RaftServerImpl (RaftServerImpl.java:setRole(184)) - c07977b7-c8ef-4f3c-80b1-66a07c6e3dcd@group-C2BDBBDF155D: changes role from  FOLLOWER to CANDIDATE at term 218 for changeToCandidate
2019-10-17 20:28:51,990 [Thread-2328] INFO  impl.RoleInfo (RoleInfo.java:updateAndGet(143)) - c07977b7-c8ef-4f3c-80b1-66a07c6e3dcd: start LeaderElection
2019-10-17 20:28:52,015 [c07977b7-c8ef-4f3c-80b1-66a07c6e3dcd@group-C2BDBBDF155D-LeaderElection231] INFO  impl.LeaderElection (LeaderElection.java:askForVotes(178)) - c07977b7-c8ef-4f3c-80b1-66a07c6e3dcd@group-C2BDBBDF155D-LeaderElection231: begin an election at term 219 for -1: [d81605c5-54b3-45a8-b5ae-2e8d8890cbef:192.168.164.201:42755, 7f29c796-0732-402f-b865-67033766dcba:192.168.164.201:40704, c07977b7-c8ef-4f3c-80b1-66a07c6e3dcd:192.168.164.201:38664], old=null
2019-10-17 20:28:52,017 [grpc-default-executor-4] INFO  impl.RaftServerImpl (RaftServerImpl.java:setRole(184)) - d81605c5-54b3-45a8-b5ae-2e8d8890cbef@group-C2BDBBDF155D: changes role from  FOLLOWER to FOLLOWER at term 219 for recognizeCandidate:c07977b7-c8ef-4f3c-80b1-66a07c6e3dcd
2019-10-17 20:28:52,017 [grpc-default-executor-2] INFO  impl.RaftServerImpl (RaftServerImpl.java:setRole(184)) - 7f29c796-0732-402f-b865-67033766dcba@group-C2BDBBDF155D: changes role from  FOLLOWER to FOLLOWER at term 219 for recognizeCandidate:c07977b7-c8ef-4f3c-80b1-66a07c6e3dcd
2019-10-17 20:28:52,018 [grpc-default-executor-4] INFO  impl.RoleInfo (RoleInfo.java:shutdownFollowerState(121)) - d81605c5-54b3-45a8-b5ae-2e8d8890cbef: shutdown FollowerState
2019-10-17 20:28:52,018 [grpc-default-executor-2] INFO  impl.RoleInfo (RoleInfo.java:shutdownFollowerState(121)) - 7f29c796-0732-402f-b865-67033766dcba: shutdown FollowerState
2019-10-17 20:28:52,018 [Thread-2327] INFO  impl.FollowerState (FollowerState.java:run(117)) - d81605c5-54b3-45a8-b5ae-2e8d8890cbef@group-C2BDBBDF155D-FollowerState was interrupted: java.lang.InterruptedException: sleep interrupted
2019-10-17 20:28:52,018 [grpc-default-executor-4] INFO  impl.RoleInfo (RoleInfo.java:updateAndGet(143)) - d81605c5-54b3-45a8-b5ae-2e8d8890cbef: start FollowerState
2019-10-17 20:28:52,018 [Thread-2326] INFO  impl.FollowerState (FollowerState.java:run(117)) - 7f29c796-0732-402f-b865-67033766dcba@group-C2BDBBDF155D-FollowerState was interrupted: java.lang.InterruptedException: sleep interrupted
2019-10-17 20:28:52,018 [grpc-default-executor-2] INFO  impl.RoleInfo (RoleInfo.java:updateAndGet(143)) - 7f29c796-0732-402f-b865-67033766dcba: start FollowerState
2019-10-17 20:28:52,041 [c07977b7-c8ef-4f3c-80b1-66a07c6e3dcd@group-C2BDBBDF155D-LeaderElection231] INFO  impl.LeaderElection (LeaderElection.java:logAndReturn(56)) - c07977b7-c8ef-4f3c-80b1-66a07c6e3dcd@group-C2BDBBDF155D-LeaderElection231: Election REJECTED; received 2 response(s) [c07977b7-c8ef-4f3c-80b1-66a07c6e3dcd<-d81605c5-54b3-45a8-b5ae-2e8d8890cbef#0:FAIL-t219, c07977b7-c8ef-4f3c-80b1-66a07c6e3dcd<-7f29c796-0732-402f-b865-67033766dcba#0:FAIL-t219] and 0 exception(s); c07977b7-c8ef-4f3c-80b1-66a07c6e3dcd@group-C2BDBBDF155D:t219, leader=null, voted=c07977b7-c8ef-4f3c-80b1-66a07c6e3dcd, raftlog=c07977b7-c8ef-4f3c-80b1-66a07c6e3dcd@group-C2BDBBDF155D-SegmentedRaftLog:OPENED:c-1,f-1,i0, conf=-1: [d81605c5-54b3-45a8-b5ae-2e8d8890cbef:192.168.164.201:42755, 7f29c796-0732-402f-b865-67033766dcba:192.168.164.201:40704, c07977b7-c8ef-4f3c-80b1-66a07c6e3dcd:192.168.164.201:38664], old=null
2019-10-17 20:28:52,041 [c07977b7-c8ef-4f3c-80b1-66a07c6e3dcd@group-C2BDBBDF155D-LeaderElection231] INFO  impl.RaftServerImpl (RaftServerImpl.java:setRole(184)) - c07977b7-c8ef-4f3c-80b1-66a07c6e3dcd@group-C2BDBBDF155D: changes role from CANDIDATE to FOLLOWER at term 219 for DISCOVERED_A_NEW_TERM
2019-10-17 20:28:52,042 [c07977b7-c8ef-4f3c-80b1-66a07c6e3dcd@group-C2BDBBDF155D-LeaderElection231] INFO  impl.RoleInfo (RoleInfo.java:shutdownLeaderElection(134)) - c07977b7-c8ef-4f3c-80b1-66a07c6e3dcd: shutdown LeaderElection
2019-10-17 20:28:52,042 [c07977b7-c8ef-4f3c-80b1-66a07c6e3dcd@group-C2BDBBDF155D-LeaderElection231] INFO  impl.RoleInfo (RoleInfo.java:updateAndGet(143)) - c07977b7-c8ef-4f3c-80b1-66a07c6e3dcd: start FollowerState
2019-10-17 20:28:52,081 [Thread-2334] INFO  impl.FollowerState (FollowerState.java:run(108)) - c07977b7-c8ef-4f3c-80b1-66a07c6e3dcd@group-C2BDBBDF155D-FollowerState: change to CANDIDATE, lastRpcTime:39ms, electionTimeout:39ms
2019-10-17 20:28:52,081 [Thread-2334] INFO  impl.RoleInfo (RoleInfo.java:shutdownFollowerState(121)) - c07977b7-c8ef-4f3c-80b1-66a07c6e3dcd: shutdown FollowerState
2019-10-17 20:28:52,082 [Thread-2334] INFO  impl.RaftServerImpl (RaftServerImpl.java:setRole(184)) - c07977b7-c8ef-4f3c-80b1-66a07c6e3dcd@group-C2BDBBDF155D: changes role from  FOLLOWER to CANDIDATE at term 219 for changeToCandidate
2019-10-17 20:28:52,082 [Thread-2334] INFO  impl.RoleInfo (RoleInfo.java:updateAndGet(143)) - c07977b7-c8ef-4f3c-80b1-66a07c6e3dcd: start LeaderElection
2019-10-17 20:28:52,107 [c07977b7-c8ef-4f3c-80b1-66a07c6e3dcd@group-C2BDBBDF155D-LeaderElection232] INFO  impl.LeaderElection (LeaderElection.java:askForVotes(178)) - c07977b7-c8ef-4f3c-80b1-66a07c6e3dcd@group-C2BDBBDF155D-LeaderElection232: begin an election at term 220 for -1: [d81605c5-54b3-45a8-b5ae-2e8d8890cbef:192.168.164.201:42755, 7f29c796-0732-402f-b865-67033766dcba:192.168.164.201:40704, c07977b7-c8ef-4f3c-80b1-66a07c6e3dcd:192.168.164.201:38664], old=null
2019-10-17 20:28:52,110 [grpc-default-executor-4] INFO  impl.RaftServerImpl (RaftServerImpl.java:setRole(184)) - 7f29c796-0732-402f-b865-67033766dcba@group-C2BDBBDF155D: changes role from  FOLLOWER to FOLLOWER at term 220 for recognizeCandidate:c07977b7-c8ef-4f3c-80b1-66a07c6e3dcd
2019-10-17 20:28:52,110 [grpc-default-executor-2] INFO  impl.RaftServerImpl (RaftServerImpl.java:setRole(184)) - d81605c5-54b3-45a8-b5ae-2e8d8890cbef@group-C2BDBBDF155D: changes role from  FOLLOWER to FOLLOWER at term 220 for recognizeCandidate:c07977b7-c8ef-4f3c-80b1-66a07c6e3dcd
2019-10-17 20:28:52,110 [grpc-default-executor-4] INFO  impl.RoleInfo (RoleInfo.java:shutdownFollowerState(121)) - 7f29c796-0732-402f-b865-67033766dcba: shutdown FollowerState
2019-10-17 20:28:52,111 [grpc-default-executor-2] INFO  impl.RoleInfo (RoleInfo.java:shutdownFollowerState(121)) - d81605c5-54b3-45a8-b5ae-2e8d8890cbef: shutdown FollowerState
2019-10-17 20:28:52,111 [Thread-2333] INFO  impl.FollowerState (FollowerState.java:run(117)) - 7f29c796-0732-402f-b865-67033766dcba@group-C2BDBBDF155D-FollowerState was interrupted: java.lang.InterruptedException: sleep interrupted
2019-10-17 20:28:52,111 [grpc-default-executor-4] INFO  impl.RoleInfo (RoleInfo.java:updateAndGet(143)) - 7f29c796-0732-402f-b865-67033766dcba: start FollowerState
2019-10-17 20:28:52,111 [Thread-2332] INFO  impl.FollowerState (FollowerState.java:run(117)) - d81605c5-54b3-45a8-b5ae-2e8d8890cbef@group-C2BDBBDF155D-FollowerState was interrupted: java.lang.InterruptedException: sleep interrupted
2019-10-17 20:28:52,111 [grpc-default-executor-2] INFO  impl.RoleInfo (RoleInfo.java:updateAndGet(143)) - d81605c5-54b3-45a8-b5ae-2e8d8890cbef: start FollowerState
2019-10-17 20:28:52,134 [c07977b7-c8ef-4f3c-80b1-66a07c6e3dcd@group-C2BDBBDF155D-LeaderElection232] INFO  impl.LeaderElection (LeaderElection.java:logAndReturn(56)) - c07977b7-c8ef-4f3c-80b1-66a07c6e3dcd@group-C2BDBBDF155D-LeaderElection232: Election REJECTED; received 2 response(s) [c07977b7-c8ef-4f3c-80b1-66a07c6e3dcd<-d81605c5-54b3-45a8-b5ae-2e8d8890cbef#0:FAIL-t220, c07977b7-c8ef-4f3c-80b1-66a07c6e3dcd<-7f29c796-0732-402f-b865-67033766dcba#0:FAIL-t220] and 0 exception(s); c07977b7-c8ef-4f3c-80b1-66a07c6e3dcd@group-C2BDBBDF155D:t220, leader=null, voted=c07977b7-c8ef-4f3c-80b1-66a07c6e3dcd, raftlog=c07977b7-c8ef-4f3c-80b1-66a07c6e3dcd@group-C2BDBBDF155D-SegmentedRaftLog:OPENED:c-1,f-1,i0, conf=-1: [d81605c5-54b3-45a8-b5ae-2e8d8890cbef:192.168.164.201:42755, 7f29c796-0732-402f-b865-67033766dcba:192.168.164.201:40704, c07977b7-c8ef-4f3c-80b1-66a07c6e3dcd:192.168.164.201:38664], old=null
2019-10-17 20:28:52,134 [c07977b7-c8ef-4f3c-80b1-66a07c6e3dcd@group-C2BDBBDF155D-LeaderElection232] INFO  impl.RaftServerImpl (RaftServerImpl.java:setRole(184)) - c07977b7-c8ef-4f3c-80b1-66a07c6e3dcd@group-C2BDBBDF155D: changes role from CANDIDATE to FOLLOWER at term 220 for DISCOVERED_A_NEW_TERM
2019-10-17 20:28:52,134 [c07977b7-c8ef-4f3c-80b1-66a07c6e3dcd@group-C2BDBBDF155D-LeaderElection232] INFO  impl.RoleInfo (RoleInfo.java:shutdownLeaderElection(134)) - c07977b7-c8ef-4f3c-80b1-66a07c6e3dcd: shutdown LeaderElection
2019-10-17 20:28:52,134 [c07977b7-c8ef-4f3c-80b1-66a07c6e3dcd@group-C2BDBBDF155D-LeaderElection232] INFO  impl.RoleInfo (RoleInfo.java:updateAndGet(143)) - c07977b7-c8ef-4f3c-80b1-66a07c6e3dcd: start FollowerState
2019-10-17 20:28:52,223 [Thread-2340] INFO  impl.FollowerState (FollowerState.java:run(108)) - c07977b7-c8ef-4f3c-80b1-66a07c6e3dcd@group-C2BDBBDF155D-FollowerState: change to CANDIDATE, lastRpcTime:88ms, electionTimeout:88ms
2019-10-17 20:28:52,223 [Thread-2340] INFO  impl.RoleInfo (RoleInfo.java:shutdownFollowerState(121)) - c07977b7-c8ef-4f3c-80b1-66a07c6e3dcd: shutdown FollowerState
2019-10-17 20:28:52,223 [Thread-2340] INFO  impl.RaftServerImpl (RaftServerImpl.java:setRole(184)) - c07977b7-c8ef-4f3c-80b1-66a07c6e3dcd@group-C2BDBBDF155D: changes role from  FOLLOWER to CANDIDATE at term 220 for changeToCandidate
2019-10-17 20:28:52,223 [Thread-2340] INFO  impl.RoleInfo (RoleInfo.java:updateAndGet(143)) - c07977b7-c8ef-4f3c-80b1-66a07c6e3dcd: start LeaderElection
2019-10-17 20:28:52,249 [c07977b7-c8ef-4f3c-80b1-66a07c6e3dcd@group-C2BDBBDF155D-LeaderElection233] INFO  impl.LeaderElection (LeaderElection.java:askForVotes(178)) - c07977b7-c8ef-4f3c-80b1-66a07c6e3dcd@group-C2BDBBDF155D-LeaderElection233: begin an election at term 221 for -1: [d81605c5-54b3-45a8-b5ae-2e8d8890cbef:192.168.164.201:42755, 7f29c796-0732-402f-b865-67033766dcba:192.168.164.201:40704, c07977b7-c8ef-4f3c-80b1-66a07c6e3dcd:192.168.164.201:38664], old=null
2019-10-17 20:28:52,252 [grpc-default-executor-4] INFO  impl.RaftServerImpl (RaftServerImpl.java:setRole(184)) - 7f29c796-0732-402f-b865-67033766dcba@group-C2BDBBDF155D: changes role from  FOLLOWER to FOLLOWER at term 221 for recognizeCandidate:c07977b7-c8ef-4f3c-80b1-66a07c6e3dcd
2019-10-17 20:28:52,252 [grpc-default-executor-4] INFO  impl.RoleInfo (RoleInfo.java:shutdownFollowerState(121)) - 7f29c796-0732-402f-b865-67033766dcba: shutdown FollowerState
2019-10-17 20:28:52,252 [grpc-default-executor-2] INFO  impl.RaftServerImpl (RaftServerImpl.java:setRole(184)) - d81605c5-54b3-45a8-b5ae-2e8d8890cbef@group-C2BDBBDF155D: changes role from  FOLLOWER to FOLLOWER at term 221 for recognizeCandidate:c07977b7-c8ef-4f3c-80b1-66a07c6e3dcd
2019-10-17 20:28:52,252 [grpc-default-executor-2] INFO  impl.RoleInfo (RoleInfo.java:shutdownFollowerState(121)) - d81605c5-54b3-45a8-b5ae-2e8d8890cbef: shutdown FollowerState
2019-10-17 20:28:52,252 [grpc-default-executor-4] INFO  impl.RoleInfo (RoleInfo.java:updateAndGet(143)) - 7f29c796-0732-402f-b865-67033766dcba: start FollowerState
2019-10-17 20:28:52,252 [Thread-2338] INFO  impl.FollowerState (FollowerState.java:run(117)) - 7f29c796-0732-402f-b865-67033766dcba@group-C2BDBBDF155D-FollowerState was interrupted: java.lang.InterruptedException: sleep interrupted
2019-10-17 20:28:52,252 [Thread-2339] INFO  impl.FollowerState (FollowerState.java:run(117)) - d81605c5-54b3-45a8-b5ae-2e8d8890cbef@group-C2BDBBDF155D-FollowerState was interrupted: java.lang.InterruptedException: sleep interrupted
2019-10-17 20:28:52,252 [grpc-default-executor-2] INFO  impl.RoleInfo (RoleInfo.java:updateAndGet(143)) - d81605c5-54b3-45a8-b5ae-2e8d8890cbef: start FollowerState
2019-10-17 20:28:52,276 [c07977b7-c8ef-4f3c-80b1-66a07c6e3dcd@group-C2BDBBDF155D-LeaderElection233] INFO  impl.LeaderElection (LeaderElection.java:logAndReturn(56)) - c07977b7-c8ef-4f3c-80b1-66a07c6e3dcd@group-C2BDBBDF155D-LeaderElection233: Election REJECTED; received 2 response(s) [c07977b7-c8ef-4f3c-80b1-66a07c6e3dcd<-d81605c5-54b3-45a8-b5ae-2e8d8890cbef#0:FAIL-t221, c07977b7-c8ef-4f3c-80b1-66a07c6e3dcd<-7f29c796-0732-402f-b865-67033766dcba#0:FAIL-t221] and 0 exception(s); c07977b7-c8ef-4f3c-80b1-66a07c6e3dcd@group-C2BDBBDF155D:t221, leader=null, voted=c07977b7-c8ef-4f3c-80b1-66a07c6e3dcd, raftlog=c07977b7-c8ef-4f3c-80b1-66a07c6e3dcd@group-C2BDBBDF155D-SegmentedRaftLog:OPENED:c-1,f-1,i0, conf=-1: [d81605c5-54b3-45a8-b5ae-2e8d8890cbef:192.168.164.201:42755, 7f29c796-0732-402f-b865-67033766dcba:192.168.164.201:40704, c07977b7-c8ef-4f3c-80b1-66a07c6e3dcd:192.168.164.201:38664], old=null
2019-10-17 20:28:52,276 [c07977b7-c8ef-4f3c-80b1-66a07c6e3dcd@group-C2BDBBDF155D-LeaderElection233] INFO  impl.RaftServerImpl (RaftServerImpl.java:setRole(184)) - c07977b7-c8ef-4f3c-80b1-66a07c6e3dcd@group-C2BDBBDF155D: changes role from CANDIDATE to FOLLOWER at term 221 for DISCOVERED_A_NEW_TERM
2019-10-17 20:28:52,276 [c07977b7-c8ef-4f3c-80b1-66a07c6e3dcd@group-C2BDBBDF155D-LeaderElection233] INFO  impl.RoleInfo (RoleInfo.java:shutdownLeaderElection(134)) - c07977b7-c8ef-4f3c-80b1-66a07c6e3dcd: shutdown LeaderElection
2019-10-17 20:28:52,276 [c07977b7-c8ef-4f3c-80b1-66a07c6e3dcd@group-C2BDBBDF155D-LeaderElection233] INFO  impl.RoleInfo (RoleInfo.java:updateAndGet(143)) - c07977b7-c8ef-4f3c-80b1-66a07c6e3dcd: start FollowerState
2019-10-17 20:28:52,378 [Thread-2346] INFO  impl.FollowerState (FollowerState.java:run(108)) - c07977b7-c8ef-4f3c-80b1-66a07c6e3dcd@group-C2BDBBDF155D-FollowerState: change to CANDIDATE, lastRpcTime:102ms, electionTimeout:102ms
2019-10-17 20:28:52,378 [Thread-2346] INFO  impl.RoleInfo (RoleInfo.java:shutdownFollowerState(121)) - c07977b7-c8ef-4f3c-80b1-66a07c6e3dcd: shutdown FollowerState
2019-10-17 20:28:52,379 [Thread-2346] INFO  impl.RaftServerImpl (RaftServerImpl.java:setRole(184)) - c07977b7-c8ef-4f3c-80b1-66a07c6e3dcd@group-C2BDBBDF155D: changes role from  FOLLOWER to CANDIDATE at term 221 for changeToCandidate
2019-10-17 20:28:52,379 [Thread-2346] INFO  impl.RoleInfo (RoleInfo.java:updateAndGet(143)) - c07977b7-c8ef-4f3c-80b1-66a07c6e3dcd: start LeaderElection
2019-10-17 20:28:52,409 [c07977b7-c8ef-4f3c-80b1-66a07c6e3dcd@group-C2BDBBDF155D-LeaderElection234] INFO  impl.LeaderElection (LeaderElection.java:askForVotes(178)) - c07977b7-c8ef-4f3c-80b1-66a07c6e3dcd@group-C2BDBBDF155D-LeaderElection234: begin an election at term 222 for -1: [d81605c5-54b3-45a8-b5ae-2e8d8890cbef:192.168.164.201:42755, 7f29c796-0732-402f-b865-67033766dcba:192.168.164.201:40704, c07977b7-c8ef-4f3c-80b1-66a07c6e3dcd:192.168.164.201:38664], old=null
2019-10-17 20:28:52,411 [grpc-default-executor-4] INFO  impl.RaftServerImpl (RaftServerImpl.java:setRole(184)) - d81605c5-54b3-45a8-b5ae-2e8d8890cbef@group-C2BDBBDF155D: changes role from  FOLLOWER to FOLLOWER at term 222 for recognizeCandidate:c07977b7-c8ef-4f3c-80b1-66a07c6e3dcd
2019-10-17 20:28:52,411 [grpc-default-executor-2] INFO  impl.RaftServerImpl (RaftServerImpl.java:setRole(184)) - 7f29c796-0732-402f-b865-67033766dcba@group-C2BDBBDF155D: changes role from  FOLLOWER to FOLLOWER at term 222 for recognizeCandidate:c07977b7-c8ef-4f3c-80b1-66a07c6e3dcd
2019-10-17 20:28:52,411 [grpc-default-executor-2] INFO  impl.RoleInfo (RoleInfo.java:shutdownFollowerState(121)) - 7f29c796-0732-402f-b865-67033766dcba: shutdown FollowerState
2019-10-17 20:28:52,411 [grpc-default-executor-4] INFO  impl.RoleInfo (RoleInfo.java:shutdownFollowerState(121)) - d81605c5-54b3-45a8-b5ae-2e8d8890cbef: shutdown FollowerState
2019-10-17 20:28:52,411 [Thread-2344] INFO  impl.FollowerState (FollowerState.java:run(117)) - 7f29c796-0732-402f-b865-67033766dcba@group-C2BDBBDF155D-FollowerState was interrupted: java.lang.InterruptedException: sleep interrupted
2019-10-17 20:28:52,411 [grpc-default-executor-2] INFO  impl.RoleInfo (RoleInfo.java:updateAndGet(143)) - 7f29c796-0732-402f-b865-67033766dcba: start FollowerState
2019-10-17 20:28:52,411 [Thread-2345] INFO  impl.FollowerState (FollowerState.java:run(117)) - d81605c5-54b3-45a8-b5ae-2e8d8890cbef@group-C2BDBBDF155D-FollowerState was interrupted: java.lang.InterruptedException: sleep interrupted
2019-10-17 20:28:52,411 [grpc-default-executor-4] INFO  impl.RoleInfo (RoleInfo.java:updateAndGet(143)) - d81605c5-54b3-45a8-b5ae-2e8d8890cbef: start FollowerState
2019-10-17 20:28:52,420 [c07977b7-c8ef-4f3c-80b1-66a07c6e3dcd@group-C2BDBBDF155D-LeaderElection234] INFO  impl.LeaderElection (LeaderElection.java:logAndReturn(56)) - c07977b7-c8ef-4f3c-80b1-66a07c6e3dcd@group-C2BDBBDF155D-LeaderElection234: Election TIMEOUT; received 0 response(s) [] and 0 exception(s); c07977b7-c8ef-4f3c-80b1-66a07c6e3dcd@group-C2BDBBDF155D:t222, leader=null, voted=c07977b7-c8ef-4f3c-80b1-66a07c6e3dcd, raftlog=c07977b7-c8ef-4f3c-80b1-66a07c6e3dcd@group-C2BDBBDF155D-SegmentedRaftLog:OPENED:c-1,f-1,i0, conf=-1: [d81605c5-54b3-45a8-b5ae-2e8d8890cbef:192.168.164.201:42755, 7f29c796-0732-402f-b865-67033766dcba:192.168.164.201:40704, c07977b7-c8ef-4f3c-80b1-66a07c6e3dcd:192.168.164.201:38664], old=null
2019-10-17 20:28:52,434 [c07977b7-c8ef-4f3c-80b1-66a07c6e3dcd@group-C2BDBBDF155D-LeaderElection234] INFO  impl.LeaderElection (LeaderElection.java:askForVotes(178)) - c07977b7-c8ef-4f3c-80b1-66a07c6e3dcd@group-C2BDBBDF155D-LeaderElection234: begin an election at term 223 for -1: [d81605c5-54b3-45a8-b5ae-2e8d8890cbef:192.168.164.201:42755, 7f29c796-0732-402f-b865-67033766dcba:192.168.164.201:40704, c07977b7-c8ef-4f3c-80b1-66a07c6e3dcd:192.168.164.201:38664], old=null
2019-10-17 20:28:52,436 [grpc-default-executor-4] INFO  impl.RaftServerImpl (RaftServerImpl.java:setRole(184)) - d81605c5-54b3-45a8-b5ae-2e8d8890cbef@group-C2BDBBDF155D: changes role from  FOLLOWER to FOLLOWER at term 223 for recognizeCandidate:c07977b7-c8ef-4f3c-80b1-66a07c6e3dcd
2019-10-17 20:28:52,436 [grpc-default-executor-4] INFO  impl.RoleInfo (RoleInfo.java:shutdownFollowerState(121)) - d81605c5-54b3-45a8-b5ae-2e8d8890cbef: shutdown FollowerState
2019-10-17 20:28:52,436 [grpc-default-executor-4] INFO  impl.RoleInfo (RoleInfo.java:updateAndGet(143)) - d81605c5-54b3-45a8-b5ae-2e8d8890cbef: start FollowerState
2019-10-17 20:28:52,436 [Thread-2351] INFO  impl.FollowerState (FollowerState.java:run(117)) - d81605c5-54b3-45a8-b5ae-2e8d8890cbef@group-C2BDBBDF155D-FollowerState was interrupted: java.lang.InterruptedException: sleep interrupted
2019-10-17 20:28:52,437 [grpc-default-executor-2] INFO  impl.RaftServerImpl (RaftServerImpl.java:setRole(184)) - 7f29c796-0732-402f-b865-67033766dcba@group-C2BDBBDF155D: changes role from  FOLLOWER to FOLLOWER at term 223 for recognizeCandidate:c07977b7-c8ef-4f3c-80b1-66a07c6e3dcd
2019-10-17 20:28:52,437 [grpc-default-executor-2] INFO  impl.RoleInfo (RoleInfo.java:shutdownFollowerState(121)) - 7f29c796-0732-402f-b865-67033766dcba: shutdown FollowerState
2019-10-17 20:28:52,437 [grpc-default-executor-2] INFO  impl.RoleInfo (RoleInfo.java:updateAndGet(143)) - 7f29c796-0732-402f-b865-67033766dcba: start FollowerState
2019-10-17 20:28:52,437 [Thread-2350] INFO  impl.FollowerState (FollowerState.java:run(117)) - 7f29c796-0732-402f-b865-67033766dcba@group-C2BDBBDF155D-FollowerState was interrupted: java.lang.InterruptedException: sleep interrupted
2019-10-17 20:28:52,460 [c07977b7-c8ef-4f3c-80b1-66a07c6e3dcd@group-C2BDBBDF155D-LeaderElection234] INFO  impl.LeaderElection (LeaderElection.java:logAndReturn(56)) - c07977b7-c8ef-4f3c-80b1-66a07c6e3dcd@group-C2BDBBDF155D-LeaderElection234: Election REJECTED; received 2 response(s) [c07977b7-c8ef-4f3c-80b1-66a07c6e3dcd<-d81605c5-54b3-45a8-b5ae-2e8d8890cbef#0:FAIL-t223, c07977b7-c8ef-4f3c-80b1-66a07c6e3dcd<-7f29c796-0732-402f-b865-67033766dcba#0:FAIL-t223] and 0 exception(s); c07977b7-c8ef-4f3c-80b1-66a07c6e3dcd@group-C2BDBBDF155D:t223, leader=null, voted=c07977b7-c8ef-4f3c-80b1-66a07c6e3dcd, raftlog=c07977b7-c8ef-4f3c-80b1-66a07c6e3dcd@group-C2BDBBDF155D-SegmentedRaftLog:OPENED:c-1,f-1,i0, conf=-1: [d81605c5-54b3-45a8-b5ae-2e8d8890cbef:192.168.164.201:42755, 7f29c796-0732-402f-b865-67033766dcba:192.168.164.201:40704, c07977b7-c8ef-4f3c-80b1-66a07c6e3dcd:192.168.164.201:38664], old=null
2019-10-17 20:28:52,461 [c07977b7-c8ef-4f3c-80b1-66a07c6e3dcd@group-C2BDBBDF155D-LeaderElection234] INFO  impl.RaftServerImpl (RaftServerImpl.java:setRole(184)) - c07977b7-c8ef-4f3c-80b1-66a07c6e3dcd@group-C2BDBBDF155D: changes role from CANDIDATE to FOLLOWER at term 223 for DISCOVERED_A_NEW_TERM
2019-10-17 20:28:52,461 [c07977b7-c8ef-4f3c-80b1-66a07c6e3dcd@group-C2BDBBDF155D-LeaderElection234] INFO  impl.RoleInfo (RoleInfo.java:shutdownLeaderElection(134)) - c07977b7-c8ef-4f3c-80b1-66a07c6e3dcd: shutdown LeaderElection
2019-10-17 20:28:52,461 [c07977b7-c8ef-4f3c-80b1-66a07c6e3dcd@group-C2BDBBDF155D-LeaderElection234] INFO  impl.RoleInfo (RoleInfo.java:updateAndGet(143)) - c07977b7-c8ef-4f3c-80b1-66a07c6e3dcd: start FollowerState
2019-10-17 20:28:52,541 [Thread-2356] INFO  impl.FollowerState (FollowerState.java:run(108)) - c07977b7-c8ef-4f3c-80b1-66a07c6e3dcd@group-C2BDBBDF155D-FollowerState: change to CANDIDATE, lastRpcTime:80ms, electionTimeout:80ms
2019-10-17 20:28:52,542 [Thread-2356] INFO  impl.RoleInfo (RoleInfo.java:shutdownFollowerState(121)) - c07977b7-c8ef-4f3c-80b1-66a07c6e3dcd: shutdown FollowerState
2019-10-17 20:28:52,542 [Thread-2356] INFO  impl.RaftServerImpl (RaftServerImpl.java:setRole(184)) - c07977b7-c8ef-4f3c-80b1-66a07c6e3dcd@group-C2BDBBDF155D: changes role from  FOLLOWER to CANDIDATE at term 223 for changeToCandidate
2019-10-17 20:28:52,542 [Thread-2356] INFO  impl.RoleInfo (RoleInfo.java:updateAndGet(143)) - c07977b7-c8ef-4f3c-80b1-66a07c6e3dcd: start LeaderElection
2019-10-17 20:28:52,544 [Thread-754] INFO  ozone.MiniOzoneClusterImpl (MiniOzoneClusterImpl.java:lambda$waitForClusterToBeReady$2(164)) - Waiting for 1 number of pipelines out of 4, to report a leader.
2019-10-17 20:28:52,568 [c07977b7-c8ef-4f3c-80b1-66a07c6e3dcd@group-C2BDBBDF155D-LeaderElection235] INFO  impl.LeaderElection (LeaderElection.java:askForVotes(178)) - c07977b7-c8ef-4f3c-80b1-66a07c6e3dcd@group-C2BDBBDF155D-LeaderElection235: begin an election at term 224 for -1: [d81605c5-54b3-45a8-b5ae-2e8d8890cbef:192.168.164.201:42755, 7f29c796-0732-402f-b865-67033766dcba:192.168.164.201:40704, c07977b7-c8ef-4f3c-80b1-66a07c6e3dcd:192.168.164.201:38664], old=null
2019-10-17 20:28:52,570 [grpc-default-executor-4] INFO  impl.RaftServerImpl (RaftServerImpl.java:setRole(184)) - 7f29c796-0732-402f-b865-67033766dcba@group-C2BDBBDF155D: changes role from  FOLLOWER to FOLLOWER at term 224 for recognizeCandidate:c07977b7-c8ef-4f3c-80b1-66a07c6e3dcd
2019-10-17 20:28:52,570 [grpc-default-executor-4] INFO  impl.RoleInfo (RoleInfo.java:shutdownFollowerState(121)) - 7f29c796-0732-402f-b865-67033766dcba: shutdown FollowerState
2019-10-17 20:28:52,570 [grpc-default-executor-2] INFO  impl.RaftServerImpl (RaftServerImpl.java:setRole(184)) - d81605c5-54b3-45a8-b5ae-2e8d8890cbef@group-C2BDBBDF155D: changes role from  FOLLOWER to FOLLOWER at term 224 for recognizeCandidate:c07977b7-c8ef-4f3c-80b1-66a07c6e3dcd
2019-10-17 20:28:52,571 [grpc-default-executor-2] INFO  impl.RoleInfo (RoleInfo.java:shutdownFollowerState(121)) - d81605c5-54b3-45a8-b5ae-2e8d8890cbef: shutdown FollowerState
2019-10-17 20:28:52,571 [grpc-default-executor-4] INFO  impl.RoleInfo (RoleInfo.java:updateAndGet(143)) - 7f29c796-0732-402f-b865-67033766dcba: start FollowerState
2019-10-17 20:28:52,571 [Thread-2355] INFO  impl.FollowerState (FollowerState.java:run(117)) - 7f29c796-0732-402f-b865-67033766dcba@group-C2BDBBDF155D-FollowerState was interrupted: java.lang.InterruptedException: sleep interrupted
2019-10-17 20:28:52,571 [Thread-2354] INFO  impl.FollowerState (FollowerState.java:run(117)) - d81605c5-54b3-45a8-b5ae-2e8d8890cbef@group-C2BDBBDF155D-FollowerState was interrupted: java.lang.InterruptedException: sleep interrupted
2019-10-17 20:28:52,571 [grpc-default-executor-2] INFO  impl.RoleInfo (RoleInfo.java:updateAndGet(143)) - d81605c5-54b3-45a8-b5ae-2e8d8890cbef: start FollowerState
2019-10-17 20:28:52,594 [c07977b7-c8ef-4f3c-80b1-66a07c6e3dcd@group-C2BDBBDF155D-LeaderElection235] INFO  impl.LeaderElection (LeaderElection.java:logAndReturn(56)) - c07977b7-c8ef-4f3c-80b1-66a07c6e3dcd@group-C2BDBBDF155D-LeaderElection235: Election REJECTED; received 2 response(s) [c07977b7-c8ef-4f3c-80b1-66a07c6e3dcd<-d81605c5-54b3-45a8-b5ae-2e8d8890cbef#0:FAIL-t224, c07977b7-c8ef-4f3c-80b1-66a07c6e3dcd<-7f29c796-0732-402f-b865-67033766dcba#0:FAIL-t224] and 0 exception(s); c07977b7-c8ef-4f3c-80b1-66a07c6e3dcd@group-C2BDBBDF155D:t224, leader=null, voted=c07977b7-c8ef-4f3c-80b1-66a07c6e3dcd, raftlog=c07977b7-c8ef-4f3c-80b1-66a07c6e3dcd@group-C2BDBBDF155D-SegmentedRaftLog:OPENED:c-1,f-1,i0, conf=-1: [d81605c5-54b3-45a8-b5ae-2e8d8890cbef:192.168.164.201:42755, 7f29c796-0732-402f-b865-67033766dcba:192.168.164.201:40704, c07977b7-c8ef-4f3c-80b1-66a07c6e3dcd:192.168.164.201:38664], old=null
2019-10-17 20:28:52,595 [c07977b7-c8ef-4f3c-80b1-66a07c6e3dcd@group-C2BDBBDF155D-LeaderElection235] INFO  impl.RaftServerImpl (RaftServerImpl.java:setRole(184)) - c07977b7-c8ef-4f3c-80b1-66a07c6e3dcd@group-C2BDBBDF155D: changes role from CANDIDATE to FOLLOWER at term 224 for DISCOVERED_A_NEW_TERM
2019-10-17 20:28:52,595 [c07977b7-c8ef-4f3c-80b1-66a07c6e3dcd@group-C2BDBBDF155D-LeaderElection235] INFO  impl.RoleInfo (RoleInfo.java:shutdownLeaderElection(134)) - c07977b7-c8ef-4f3c-80b1-66a07c6e3dcd: shutdown LeaderElection
2019-10-17 20:28:52,595 [c07977b7-c8ef-4f3c-80b1-66a07c6e3dcd@group-C2BDBBDF155D-LeaderElection235] INFO  impl.RoleInfo (RoleInfo.java:updateAndGet(143)) - c07977b7-c8ef-4f3c-80b1-66a07c6e3dcd: start FollowerState
2019-10-17 20:28:52,698 [Thread-2362] INFO  impl.FollowerState (FollowerState.java:run(108)) - c07977b7-c8ef-4f3c-80b1-66a07c6e3dcd@group-C2BDBBDF155D-FollowerState: change to CANDIDATE, lastRpcTime:103ms, electionTimeout:103ms
2019-10-17 20:28:52,698 [Thread-2362] INFO  impl.RoleInfo (RoleInfo.java:shutdownFollowerState(121)) - c07977b7-c8ef-4f3c-80b1-66a07c6e3dcd: shutdown FollowerState
2019-10-17 20:28:52,699 [Thread-2362] INFO  impl.RaftServerImpl (RaftServerImpl.java:setRole(184)) - c07977b7-c8ef-4f3c-80b1-66a07c6e3dcd@group-C2BDBBDF155D: changes role from  FOLLOWER to CANDIDATE at term 224 for changeToCandidate
2019-10-17 20:28:52,699 [Thread-2362] INFO  impl.RoleInfo (RoleInfo.java:updateAndGet(143)) - c07977b7-c8ef-4f3c-80b1-66a07c6e3dcd: start LeaderElection
2019-10-17 20:28:52,736 [c07977b7-c8ef-4f3c-80b1-66a07c6e3dcd@group-C2BDBBDF155D-LeaderElection236] INFO  impl.LeaderElection (LeaderElection.java:askForVotes(178)) - c07977b7-c8ef-4f3c-80b1-66a07c6e3dcd@group-C2BDBBDF155D-LeaderElection236: begin an election at term 225 for -1: [d81605c5-54b3-45a8-b5ae-2e8d8890cbef:192.168.164.201:42755, 7f29c796-0732-402f-b865-67033766dcba:192.168.164.201:40704, c07977b7-c8ef-4f3c-80b1-66a07c6e3dcd:192.168.164.201:38664], old=null
2019-10-17 20:28:52,738 [grpc-default-executor-2] INFO  impl.RaftServerImpl (RaftServerImpl.java:setRole(184)) - d81605c5-54b3-45a8-b5ae-2e8d8890cbef@group-C2BDBBDF155D: changes role from  FOLLOWER to FOLLOWER at term 225 for recognizeCandidate:c07977b7-c8ef-4f3c-80b1-66a07c6e3dcd
2019-10-17 20:28:52,738 [grpc-default-executor-2] INFO  impl.RoleInfo (RoleInfo.java:shutdownFollowerState(121)) - d81605c5-54b3-45a8-b5ae-2e8d8890cbef: shutdown FollowerState
2019-10-17 20:28:52,738 [grpc-default-executor-4] INFO  impl.RaftServerImpl (RaftServerImpl.java:setRole(184)) - 7f29c796-0732-402f-b865-67033766dcba@group-C2BDBBDF155D: changes role from  FOLLOWER to FOLLOWER at term 225 for recognizeCandidate:c07977b7-c8ef-4f3c-80b1-66a07c6e3dcd
2019-10-17 20:28:52,738 [grpc-default-executor-4] INFO  impl.RoleInfo (RoleInfo.java:shutdownFollowerState(121)) - 7f29c796-0732-402f-b865-67033766dcba: shutdown FollowerState
2019-10-17 20:28:52,738 [Thread-2361] INFO  impl.FollowerState (FollowerState.java:run(117)) - d81605c5-54b3-45a8-b5ae-2e8d8890cbef@group-C2BDBBDF155D-FollowerState was interrupted: java.lang.InterruptedException: sleep interrupted
2019-10-17 20:28:52,738 [grpc-default-executor-2] INFO  impl.RoleInfo (RoleInfo.java:updateAndGet(143)) - d81605c5-54b3-45a8-b5ae-2e8d8890cbef: start FollowerState
2019-10-17 20:28:52,739 [Thread-2360] INFO  impl.FollowerState (FollowerState.java:run(117)) - 7f29c796-0732-402f-b865-67033766dcba@group-C2BDBBDF155D-FollowerState was interrupted: java.lang.InterruptedException: sleep interrupted
2019-10-17 20:28:52,738 [grpc-default-executor-4] INFO  impl.RoleInfo (RoleInfo.java:updateAndGet(143)) - 7f29c796-0732-402f-b865-67033766dcba: start FollowerState
2019-10-17 20:28:52,762 [c07977b7-c8ef-4f3c-80b1-66a07c6e3dcd@group-C2BDBBDF155D-LeaderElection236] INFO  impl.LeaderElection (LeaderElection.java:logAndReturn(56)) - c07977b7-c8ef-4f3c-80b1-66a07c6e3dcd@group-C2BDBBDF155D-LeaderElection236: Election REJECTED; received 2 response(s) [c07977b7-c8ef-4f3c-80b1-66a07c6e3dcd<-d81605c5-54b3-45a8-b5ae-2e8d8890cbef#0:FAIL-t225, c07977b7-c8ef-4f3c-80b1-66a07c6e3dcd<-7f29c796-0732-402f-b865-67033766dcba#0:FAIL-t225] and 0 exception(s); c07977b7-c8ef-4f3c-80b1-66a07c6e3dcd@group-C2BDBBDF155D:t225, leader=null, voted=c07977b7-c8ef-4f3c-80b1-66a07c6e3dcd, raftlog=c07977b7-c8ef-4f3c-80b1-66a07c6e3dcd@group-C2BDBBDF155D-SegmentedRaftLog:OPENED:c-1,f-1,i0, conf=-1: [d81605c5-54b3-45a8-b5ae-2e8d8890cbef:192.168.164.201:42755, 7f29c796-0732-402f-b865-67033766dcba:192.168.164.201:40704, c07977b7-c8ef-4f3c-80b1-66a07c6e3dcd:192.168.164.201:38664], old=null
2019-10-17 20:28:52,762 [c07977b7-c8ef-4f3c-80b1-66a07c6e3dcd@group-C2BDBBDF155D-LeaderElection236] INFO  impl.RaftServerImpl (RaftServerImpl.java:setRole(184)) - c07977b7-c8ef-4f3c-80b1-66a07c6e3dcd@group-C2BDBBDF155D: changes role from CANDIDATE to FOLLOWER at term 225 for DISCOVERED_A_NEW_TERM
2019-10-17 20:28:52,762 [c07977b7-c8ef-4f3c-80b1-66a07c6e3dcd@group-C2BDBBDF155D-LeaderElection236] INFO  impl.RoleInfo (RoleInfo.java:shutdownLeaderElection(134)) - c07977b7-c8ef-4f3c-80b1-66a07c6e3dcd: shutdown LeaderElection
2019-10-17 20:28:52,762 [c07977b7-c8ef-4f3c-80b1-66a07c6e3dcd@group-C2BDBBDF155D-LeaderElection236] INFO  impl.RoleInfo (RoleInfo.java:updateAndGet(143)) - c07977b7-c8ef-4f3c-80b1-66a07c6e3dcd: start FollowerState
2019-10-17 20:28:52,925 [Thread-2368] INFO  impl.FollowerState (FollowerState.java:run(108)) - c07977b7-c8ef-4f3c-80b1-66a07c6e3dcd@group-C2BDBBDF155D-FollowerState: change to CANDIDATE, lastRpcTime:162ms, electionTimeout:162ms
2019-10-17 20:28:52,925 [Thread-2368] INFO  impl.RoleInfo (RoleInfo.java:shutdownFollowerState(121)) - c07977b7-c8ef-4f3c-80b1-66a07c6e3dcd: shutdown FollowerState
2019-10-17 20:28:52,925 [Thread-2368] INFO  impl.RaftServerImpl (RaftServerImpl.java:setRole(184)) - c07977b7-c8ef-4f3c-80b1-66a07c6e3dcd@group-C2BDBBDF155D: changes role from  FOLLOWER to CANDIDATE at term 225 for changeToCandidate
2019-10-17 20:28:52,925 [Thread-2368] INFO  impl.RoleInfo (RoleInfo.java:updateAndGet(143)) - c07977b7-c8ef-4f3c-80b1-66a07c6e3dcd: start LeaderElection
2019-10-17 20:28:52,954 [c07977b7-c8ef-4f3c-80b1-66a07c6e3dcd@group-C2BDBBDF155D-LeaderElection237] INFO  impl.LeaderElection (LeaderElection.java:askForVotes(178)) - c07977b7-c8ef-4f3c-80b1-66a07c6e3dcd@group-C2BDBBDF155D-LeaderElection237: begin an election at term 226 for -1: [d81605c5-54b3-45a8-b5ae-2e8d8890cbef:192.168.164.201:42755, 7f29c796-0732-402f-b865-67033766dcba:192.168.164.201:40704, c07977b7-c8ef-4f3c-80b1-66a07c6e3dcd:192.168.164.201:38664], old=null
2019-10-17 20:28:52,956 [grpc-default-executor-4] INFO  impl.RaftServerImpl (RaftServerImpl.java:setRole(184)) - 7f29c796-0732-402f-b865-67033766dcba@group-C2BDBBDF155D: changes role from  FOLLOWER to FOLLOWER at term 226 for recognizeCandidate:c07977b7-c8ef-4f3c-80b1-66a07c6e3dcd
2019-10-17 20:28:52,956 [grpc-default-executor-2] INFO  impl.RaftServerImpl (RaftServerImpl.java:setRole(184)) - d81605c5-54b3-45a8-b5ae-2e8d8890cbef@group-C2BDBBDF155D: changes role from  FOLLOWER to FOLLOWER at term 226 for recognizeCandidate:c07977b7-c8ef-4f3c-80b1-66a07c6e3dcd
2019-10-17 20:28:52,957 [grpc-default-executor-4] INFO  impl.RoleInfo (RoleInfo.java:shutdownFollowerState(121)) - 7f29c796-0732-402f-b865-67033766dcba: shutdown FollowerState
2019-10-17 20:28:52,957 [grpc-default-executor-2] INFO  impl.RoleInfo (RoleInfo.java:shutdownFollowerState(121)) - d81605c5-54b3-45a8-b5ae-2e8d8890cbef: shutdown FollowerState
2019-10-17 20:28:52,957 [Thread-2367] INFO  impl.FollowerState (FollowerState.java:run(117)) - 7f29c796-0732-402f-b865-67033766dcba@group-C2BDBBDF155D-FollowerState was interrupted: java.lang.InterruptedException: sleep interrupted
2019-10-17 20:28:52,957 [grpc-default-executor-4] INFO  impl.RoleInfo (RoleInfo.java:updateAndGet(143)) - 7f29c796-0732-402f-b865-67033766dcba: start FollowerState
2019-10-17 20:28:52,957 [Thread-2366] INFO  impl.FollowerState (FollowerState.java:run(117)) - d81605c5-54b3-45a8-b5ae-2e8d8890cbef@group-C2BDBBDF155D-FollowerState was interrupted: java.lang.InterruptedException: sleep interrupted
2019-10-17 20:28:52,957 [grpc-default-executor-2] INFO  impl.RoleInfo (RoleInfo.java:updateAndGet(143)) - d81605c5-54b3-45a8-b5ae-2e8d8890cbef: start FollowerState
2019-10-17 20:28:52,968 [c07977b7-c8ef-4f3c-80b1-66a07c6e3dcd@group-C2BDBBDF155D-LeaderElection237] INFO  impl.LeaderElection (LeaderElection.java:logAndReturn(56)) - c07977b7-c8ef-4f3c-80b1-66a07c6e3dcd@group-C2BDBBDF155D-LeaderElection237: Election TIMEOUT; received 0 response(s) [] and 0 exception(s); c07977b7-c8ef-4f3c-80b1-66a07c6e3dcd@group-C2BDBBDF155D:t226, leader=null, voted=c07977b7-c8ef-4f3c-80b1-66a07c6e3dcd, raftlog=c07977b7-c8ef-4f3c-80b1-66a07c6e3dcd@group-C2BDBBDF155D-SegmentedRaftLog:OPENED:c-1,f-1,i0, conf=-1: [d81605c5-54b3-45a8-b5ae-2e8d8890cbef:192.168.164.201:42755, 7f29c796-0732-402f-b865-67033766dcba:192.168.164.201:40704, c07977b7-c8ef-4f3c-80b1-66a07c6e3dcd:192.168.164.201:38664], old=null
2019-10-17 20:28:52,980 [c07977b7-c8ef-4f3c-80b1-66a07c6e3dcd@group-C2BDBBDF155D-LeaderElection237] INFO  impl.LeaderElection (LeaderElection.java:askForVotes(178)) - c07977b7-c8ef-4f3c-80b1-66a07c6e3dcd@group-C2BDBBDF155D-LeaderElection237: begin an election at term 227 for -1: [d81605c5-54b3-45a8-b5ae-2e8d8890cbef:192.168.164.201:42755, 7f29c796-0732-402f-b865-67033766dcba:192.168.164.201:40704, c07977b7-c8ef-4f3c-80b1-66a07c6e3dcd:192.168.164.201:38664], old=null
2019-10-17 20:28:52,982 [grpc-default-executor-2] INFO  impl.RaftServerImpl (RaftServerImpl.java:setRole(184)) - d81605c5-54b3-45a8-b5ae-2e8d8890cbef@group-C2BDBBDF155D: changes role from  FOLLOWER to FOLLOWER at term 227 for recognizeCandidate:c07977b7-c8ef-4f3c-80b1-66a07c6e3dcd
2019-10-17 20:28:52,982 [grpc-default-executor-2] INFO  impl.RoleInfo (RoleInfo.java:shutdownFollowerState(121)) - d81605c5-54b3-45a8-b5ae-2e8d8890cbef: shutdown FollowerState
2019-10-17 20:28:52,982 [grpc-default-executor-4] INFO  impl.RaftServerImpl (RaftServerImpl.java:setRole(184)) - 7f29c796-0732-402f-b865-67033766dcba@group-C2BDBBDF155D: changes role from  FOLLOWER to FOLLOWER at term 227 for recognizeCandidate:c07977b7-c8ef-4f3c-80b1-66a07c6e3dcd
2019-10-17 20:28:52,983 [grpc-default-executor-4] INFO  impl.RoleInfo (RoleInfo.java:shutdownFollowerState(121)) - 7f29c796-0732-402f-b865-67033766dcba: shutdown FollowerState
2019-10-17 20:28:52,982 [Thread-2373] INFO  impl.FollowerState (FollowerState.java:run(117)) - d81605c5-54b3-45a8-b5ae-2e8d8890cbef@group-C2BDBBDF155D-FollowerState was interrupted: java.lang.InterruptedException: sleep interrupted
2019-10-17 20:28:52,982 [grpc-default-executor-2] INFO  impl.RoleInfo (RoleInfo.java:updateAndGet(143)) - d81605c5-54b3-45a8-b5ae-2e8d8890cbef: start FollowerState
2019-10-17 20:28:52,983 [Thread-2372] INFO  impl.FollowerState (FollowerState.java:run(117)) - 7f29c796-0732-402f-b865-67033766dcba@group-C2BDBBDF155D-FollowerState was interrupted: java.lang.InterruptedException: sleep interrupted
2019-10-17 20:28:52,983 [grpc-default-executor-4] INFO  impl.RoleInfo (RoleInfo.java:updateAndGet(143)) - 7f29c796-0732-402f-b865-67033766dcba: start FollowerState
2019-10-17 20:28:53,006 [c07977b7-c8ef-4f3c-80b1-66a07c6e3dcd@group-C2BDBBDF155D-LeaderElection237] INFO  impl.LeaderElection (LeaderElection.java:logAndReturn(56)) - c07977b7-c8ef-4f3c-80b1-66a07c6e3dcd@group-C2BDBBDF155D-LeaderElection237: Election REJECTED; received 2 response(s) [c07977b7-c8ef-4f3c-80b1-66a07c6e3dcd<-d81605c5-54b3-45a8-b5ae-2e8d8890cbef#0:FAIL-t227, c07977b7-c8ef-4f3c-80b1-66a07c6e3dcd<-7f29c796-0732-402f-b865-67033766dcba#0:FAIL-t227] and 0 exception(s); c07977b7-c8ef-4f3c-80b1-66a07c6e3dcd@group-C2BDBBDF155D:t227, leader=null, voted=c07977b7-c8ef-4f3c-80b1-66a07c6e3dcd, raftlog=c07977b7-c8ef-4f3c-80b1-66a07c6e3dcd@group-C2BDBBDF155D-SegmentedRaftLog:OPENED:c-1,f-1,i0, conf=-1: [d81605c5-54b3-45a8-b5ae-2e8d8890cbef:192.168.164.201:42755, 7f29c796-0732-402f-b865-67033766dcba:192.168.164.201:40704, c07977b7-c8ef-4f3c-80b1-66a07c6e3dcd:192.168.164.201:38664], old=null
2019-10-17 20:28:53,006 [c07977b7-c8ef-4f3c-80b1-66a07c6e3dcd@group-C2BDBBDF155D-LeaderElection237] INFO  impl.RaftServerImpl (RaftServerImpl.java:setRole(184)) - c07977b7-c8ef-4f3c-80b1-66a07c6e3dcd@group-C2BDBBDF155D: changes role from CANDIDATE to FOLLOWER at term 227 for DISCOVERED_A_NEW_TERM
2019-10-17 20:28:53,006 [c07977b7-c8ef-4f3c-80b1-66a07c6e3dcd@group-C2BDBBDF155D-LeaderElection237] INFO  impl.RoleInfo (RoleInfo.java:shutdownLeaderElection(134)) - c07977b7-c8ef-4f3c-80b1-66a07c6e3dcd: shutdown LeaderElection
2019-10-17 20:28:53,006 [c07977b7-c8ef-4f3c-80b1-66a07c6e3dcd@group-C2BDBBDF155D-LeaderElection237] INFO  impl.RoleInfo (RoleInfo.java:updateAndGet(143)) - c07977b7-c8ef-4f3c-80b1-66a07c6e3dcd: start FollowerState
2019-10-17 20:28:53,088 [Thread-2378] INFO  impl.FollowerState (FollowerState.java:run(108)) - c07977b7-c8ef-4f3c-80b1-66a07c6e3dcd@group-C2BDBBDF155D-FollowerState: change to CANDIDATE, lastRpcTime:81ms, electionTimeout:81ms
2019-10-17 20:28:53,088 [Thread-2378] INFO  impl.RoleInfo (RoleInfo.java:shutdownFollowerState(121)) - c07977b7-c8ef-4f3c-80b1-66a07c6e3dcd: shutdown FollowerState
2019-10-17 20:28:53,088 [Thread-2378] INFO  impl.RaftServerImpl (RaftServerImpl.java:setRole(184)) - c07977b7-c8ef-4f3c-80b1-66a07c6e3dcd@group-C2BDBBDF155D: changes role from  FOLLOWER to CANDIDATE at term 227 for changeToCandidate
2019-10-17 20:28:53,088 [Thread-2378] INFO  impl.RoleInfo (RoleInfo.java:updateAndGet(143)) - c07977b7-c8ef-4f3c-80b1-66a07c6e3dcd: start LeaderElection
2019-10-17 20:28:53,114 [c07977b7-c8ef-4f3c-80b1-66a07c6e3dcd@group-C2BDBBDF155D-LeaderElection238] INFO  impl.LeaderElection (LeaderElection.java:askForVotes(178)) - c07977b7-c8ef-4f3c-80b1-66a07c6e3dcd@group-C2BDBBDF155D-LeaderElection238: begin an election at term 228 for -1: [d81605c5-54b3-45a8-b5ae-2e8d8890cbef:192.168.164.201:42755, 7f29c796-0732-402f-b865-67033766dcba:192.168.164.201:40704, c07977b7-c8ef-4f3c-80b1-66a07c6e3dcd:192.168.164.201:38664], old=null
2019-10-17 20:28:53,115 [grpc-default-executor-2] INFO  impl.RaftServerImpl (RaftServerImpl.java:setRole(184)) - d81605c5-54b3-45a8-b5ae-2e8d8890cbef@group-C2BDBBDF155D: changes role from  FOLLOWER to FOLLOWER at term 228 for recognizeCandidate:c07977b7-c8ef-4f3c-80b1-66a07c6e3dcd
2019-10-17 20:28:53,116 [grpc-default-executor-2] INFO  impl.RoleInfo (RoleInfo.java:shutdownFollowerState(121)) - d81605c5-54b3-45a8-b5ae-2e8d8890cbef: shutdown FollowerState
2019-10-17 20:28:53,116 [grpc-default-executor-2] INFO  impl.RoleInfo (RoleInfo.java:updateAndGet(143)) - d81605c5-54b3-45a8-b5ae-2e8d8890cbef: start FollowerState
2019-10-17 20:28:53,116 [Thread-2376] INFO  impl.FollowerState (FollowerState.java:run(117)) - d81605c5-54b3-45a8-b5ae-2e8d8890cbef@group-C2BDBBDF155D-FollowerState was interrupted: java.lang.InterruptedException: sleep interrupted
2019-10-17 20:28:53,116 [grpc-default-executor-4] INFO  impl.RaftServerImpl (RaftServerImpl.java:setRole(184)) - 7f29c796-0732-402f-b865-67033766dcba@group-C2BDBBDF155D: changes role from  FOLLOWER to FOLLOWER at term 228 for recognizeCandidate:c07977b7-c8ef-4f3c-80b1-66a07c6e3dcd
2019-10-17 20:28:53,116 [grpc-default-executor-4] INFO  impl.RoleInfo (RoleInfo.java:shutdownFollowerState(121)) - 7f29c796-0732-402f-b865-67033766dcba: shutdown FollowerState
2019-10-17 20:28:53,117 [grpc-default-executor-4] INFO  impl.RoleInfo (RoleInfo.java:updateAndGet(143)) - 7f29c796-0732-402f-b865-67033766dcba: start FollowerState
2019-10-17 20:28:53,117 [Thread-2377] INFO  impl.FollowerState (FollowerState.java:run(117)) - 7f29c796-0732-402f-b865-67033766dcba@group-C2BDBBDF155D-FollowerState was interrupted: java.lang.InterruptedException: sleep interrupted
2019-10-17 20:28:53,140 [c07977b7-c8ef-4f3c-80b1-66a07c6e3dcd@group-C2BDBBDF155D-LeaderElection238] INFO  impl.LeaderElection (LeaderElection.java:logAndReturn(56)) - c07977b7-c8ef-4f3c-80b1-66a07c6e3dcd@group-C2BDBBDF155D-LeaderElection238: Election REJECTED; received 2 response(s) [c07977b7-c8ef-4f3c-80b1-66a07c6e3dcd<-d81605c5-54b3-45a8-b5ae-2e8d8890cbef#0:FAIL-t228, c07977b7-c8ef-4f3c-80b1-66a07c6e3dcd<-7f29c796-0732-402f-b865-67033766dcba#0:FAIL-t228] and 0 exception(s); c07977b7-c8ef-4f3c-80b1-66a07c6e3dcd@group-C2BDBBDF155D:t228, leader=null, voted=c07977b7-c8ef-4f3c-80b1-66a07c6e3dcd, raftlog=c07977b7-c8ef-4f3c-80b1-66a07c6e3dcd@group-C2BDBBDF155D-SegmentedRaftLog:OPENED:c-1,f-1,i0, conf=-1: [d81605c5-54b3-45a8-b5ae-2e8d8890cbef:192.168.164.201:42755, 7f29c796-0732-402f-b865-67033766dcba:192.168.164.201:40704, c07977b7-c8ef-4f3c-80b1-66a07c6e3dcd:192.168.164.201:38664], old=null
2019-10-17 20:28:53,140 [c07977b7-c8ef-4f3c-80b1-66a07c6e3dcd@group-C2BDBBDF155D-LeaderElection238] INFO  impl.RaftServerImpl (RaftServerImpl.java:setRole(184)) - c07977b7-c8ef-4f3c-80b1-66a07c6e3dcd@group-C2BDBBDF155D: changes role from CANDIDATE to FOLLOWER at term 228 for DISCOVERED_A_NEW_TERM
2019-10-17 20:28:53,140 [c07977b7-c8ef-4f3c-80b1-66a07c6e3dcd@group-C2BDBBDF155D-LeaderElection238] INFO  impl.RoleInfo (RoleInfo.java:shutdownLeaderElection(134)) - c07977b7-c8ef-4f3c-80b1-66a07c6e3dcd: shutdown LeaderElection
2019-10-17 20:28:53,140 [c07977b7-c8ef-4f3c-80b1-66a07c6e3dcd@group-C2BDBBDF155D-LeaderElection238] INFO  impl.RoleInfo (RoleInfo.java:updateAndGet(143)) - c07977b7-c8ef-4f3c-80b1-66a07c6e3dcd: start FollowerState
2019-10-17 20:28:53,340 [Thread-2384] INFO  impl.FollowerState (FollowerState.java:run(108)) - c07977b7-c8ef-4f3c-80b1-66a07c6e3dcd@group-C2BDBBDF155D-FollowerState: change to CANDIDATE, lastRpcTime:199ms, electionTimeout:199ms
2019-10-17 20:28:53,340 [Thread-2384] INFO  impl.RoleInfo (RoleInfo.java:shutdownFollowerState(121)) - c07977b7-c8ef-4f3c-80b1-66a07c6e3dcd: shutdown FollowerState
2019-10-17 20:28:53,340 [Thread-2384] INFO  impl.RaftServerImpl (RaftServerImpl.java:setRole(184)) - c07977b7-c8ef-4f3c-80b1-66a07c6e3dcd@group-C2BDBBDF155D: changes role from  FOLLOWER to CANDIDATE at term 228 for changeToCandidate
2019-10-17 20:28:53,340 [Thread-2384] INFO  impl.RoleInfo (RoleInfo.java:updateAndGet(143)) - c07977b7-c8ef-4f3c-80b1-66a07c6e3dcd: start LeaderElection
2019-10-17 20:28:53,365 [c07977b7-c8ef-4f3c-80b1-66a07c6e3dcd@group-C2BDBBDF155D-LeaderElection239] INFO  impl.LeaderElection (LeaderElection.java:askForVotes(178)) - c07977b7-c8ef-4f3c-80b1-66a07c6e3dcd@group-C2BDBBDF155D-LeaderElection239: begin an election at term 229 for -1: [d81605c5-54b3-45a8-b5ae-2e8d8890cbef:192.168.164.201:42755, 7f29c796-0732-402f-b865-67033766dcba:192.168.164.201:40704, c07977b7-c8ef-4f3c-80b1-66a07c6e3dcd:192.168.164.201:38664], old=null
2019-10-17 20:28:53,367 [grpc-default-executor-2] INFO  impl.RaftServerImpl (RaftServerImpl.java:setRole(184)) - d81605c5-54b3-45a8-b5ae-2e8d8890cbef@group-C2BDBBDF155D: changes role from  FOLLOWER to FOLLOWER at term 229 for recognizeCandidate:c07977b7-c8ef-4f3c-80b1-66a07c6e3dcd
2019-10-17 20:28:53,367 [grpc-default-executor-2] INFO  impl.RoleInfo (RoleInfo.java:shutdownFollowerState(121)) - d81605c5-54b3-45a8-b5ae-2e8d8890cbef: shutdown FollowerState
2019-10-17 20:28:53,367 [grpc-default-executor-2] INFO  impl.RoleInfo (RoleInfo.java:updateAndGet(143)) - d81605c5-54b3-45a8-b5ae-2e8d8890cbef: start FollowerState
2019-10-17 20:28:53,367 [Thread-2382] INFO  impl.FollowerState (FollowerState.java:run(117)) - d81605c5-54b3-45a8-b5ae-2e8d8890cbef@group-C2BDBBDF155D-FollowerState was interrupted: java.lang.InterruptedException: sleep interrupted
2019-10-17 20:28:53,367 [grpc-default-executor-4] INFO  impl.RaftServerImpl (RaftServerImpl.java:setRole(184)) - 7f29c796-0732-402f-b865-67033766dcba@group-C2BDBBDF155D: changes role from  FOLLOWER to FOLLOWER at term 229 for recognizeCandidate:c07977b7-c8ef-4f3c-80b1-66a07c6e3dcd
2019-10-17 20:28:53,367 [grpc-default-executor-4] INFO  impl.RoleInfo (RoleInfo.java:shutdownFollowerState(121)) - 7f29c796-0732-402f-b865-67033766dcba: shutdown FollowerState
2019-10-17 20:28:53,368 [grpc-default-executor-4] INFO  impl.RoleInfo (RoleInfo.java:updateAndGet(143)) - 7f29c796-0732-402f-b865-67033766dcba: start FollowerState
2019-10-17 20:28:53,368 [Thread-2383] INFO  impl.FollowerState (FollowerState.java:run(117)) - 7f29c796-0732-402f-b865-67033766dcba@group-C2BDBBDF155D-FollowerState was interrupted: java.lang.InterruptedException: sleep interrupted
2019-10-17 20:28:53,391 [c07977b7-c8ef-4f3c-80b1-66a07c6e3dcd@group-C2BDBBDF155D-LeaderElection239] INFO  impl.LeaderElection (LeaderElection.java:logAndReturn(56)) - c07977b7-c8ef-4f3c-80b1-66a07c6e3dcd@group-C2BDBBDF155D-LeaderElection239: Election REJECTED; received 2 response(s) [c07977b7-c8ef-4f3c-80b1-66a07c6e3dcd<-d81605c5-54b3-45a8-b5ae-2e8d8890cbef#0:FAIL-t229, c07977b7-c8ef-4f3c-80b1-66a07c6e3dcd<-7f29c796-0732-402f-b865-67033766dcba#0:FAIL-t229] and 0 exception(s); c07977b7-c8ef-4f3c-80b1-66a07c6e3dcd@group-C2BDBBDF155D:t229, leader=null, voted=c07977b7-c8ef-4f3c-80b1-66a07c6e3dcd, raftlog=c07977b7-c8ef-4f3c-80b1-66a07c6e3dcd@group-C2BDBBDF155D-SegmentedRaftLog:OPENED:c-1,f-1,i0, conf=-1: [d81605c5-54b3-45a8-b5ae-2e8d8890cbef:192.168.164.201:42755, 7f29c796-0732-402f-b865-67033766dcba:192.168.164.201:40704, c07977b7-c8ef-4f3c-80b1-66a07c6e3dcd:192.168.164.201:38664], old=null
2019-10-17 20:28:53,391 [c07977b7-c8ef-4f3c-80b1-66a07c6e3dcd@group-C2BDBBDF155D-LeaderElection239] INFO  impl.RaftServerImpl (RaftServerImpl.java:setRole(184)) - c07977b7-c8ef-4f3c-80b1-66a07c6e3dcd@group-C2BDBBDF155D: changes role from CANDIDATE to FOLLOWER at term 229 for DISCOVERED_A_NEW_TERM
2019-10-17 20:28:53,391 [c07977b7-c8ef-4f3c-80b1-66a07c6e3dcd@group-C2BDBBDF155D-LeaderElection239] INFO  impl.RoleInfo (RoleInfo.java:shutdownLeaderElection(134)) - c07977b7-c8ef-4f3c-80b1-66a07c6e3dcd: shutdown LeaderElection
2019-10-17 20:28:53,391 [c07977b7-c8ef-4f3c-80b1-66a07c6e3dcd@group-C2BDBBDF155D-LeaderElection239] INFO  impl.RoleInfo (RoleInfo.java:updateAndGet(143)) - c07977b7-c8ef-4f3c-80b1-66a07c6e3dcd: start FollowerState
2019-10-17 20:28:53,402 [Thread-2390] INFO  impl.FollowerState (FollowerState.java:run(108)) - c07977b7-c8ef-4f3c-80b1-66a07c6e3dcd@group-C2BDBBDF155D-FollowerState: change to CANDIDATE, lastRpcTime:10ms, electionTimeout:10ms
2019-10-17 20:28:53,402 [Thread-2390] INFO  impl.RoleInfo (RoleInfo.java:shutdownFollowerState(121)) - c07977b7-c8ef-4f3c-80b1-66a07c6e3dcd: shutdown FollowerState
2019-10-17 20:28:53,402 [Thread-2390] INFO  impl.RaftServerImpl (RaftServerImpl.java:setRole(184)) - c07977b7-c8ef-4f3c-80b1-66a07c6e3dcd@group-C2BDBBDF155D: changes role from  FOLLOWER to CANDIDATE at term 229 for changeToCandidate
2019-10-17 20:28:53,403 [Thread-2390] INFO  impl.RoleInfo (RoleInfo.java:updateAndGet(143)) - c07977b7-c8ef-4f3c-80b1-66a07c6e3dcd: start LeaderElection
2019-10-17 20:28:53,432 [c07977b7-c8ef-4f3c-80b1-66a07c6e3dcd@group-C2BDBBDF155D-LeaderElection240] INFO  impl.LeaderElection (LeaderElection.java:askForVotes(178)) - c07977b7-c8ef-4f3c-80b1-66a07c6e3dcd@group-C2BDBBDF155D-LeaderElection240: begin an election at term 230 for -1: [d81605c5-54b3-45a8-b5ae-2e8d8890cbef:192.168.164.201:42755, 7f29c796-0732-402f-b865-67033766dcba:192.168.164.201:40704, c07977b7-c8ef-4f3c-80b1-66a07c6e3dcd:192.168.164.201:38664], old=null
2019-10-17 20:28:53,433 [c07977b7-c8ef-4f3c-80b1-66a07c6e3dcd@group-C2BDBBDF155D-LeaderElection240] INFO  impl.LeaderElection (LeaderElection.java:logAndReturn(56)) - c07977b7-c8ef-4f3c-80b1-66a07c6e3dcd@group-C2BDBBDF155D-LeaderElection240: Election TIMEOUT; received 0 response(s) [] and 0 exception(s); c07977b7-c8ef-4f3c-80b1-66a07c6e3dcd@group-C2BDBBDF155D:t230, leader=null, voted=c07977b7-c8ef-4f3c-80b1-66a07c6e3dcd, raftlog=c07977b7-c8ef-4f3c-80b1-66a07c6e3dcd@group-C2BDBBDF155D-SegmentedRaftLog:OPENED:c-1,f-1,i0, conf=-1: [d81605c5-54b3-45a8-b5ae-2e8d8890cbef:192.168.164.201:42755, 7f29c796-0732-402f-b865-67033766dcba:192.168.164.201:40704, c07977b7-c8ef-4f3c-80b1-66a07c6e3dcd:192.168.164.201:38664], old=null
2019-10-17 20:28:53,435 [grpc-default-executor-4] INFO  impl.RaftServerImpl (RaftServerImpl.java:setRole(184)) - d81605c5-54b3-45a8-b5ae-2e8d8890cbef@group-C2BDBBDF155D: changes role from  FOLLOWER to FOLLOWER at term 230 for recognizeCandidate:c07977b7-c8ef-4f3c-80b1-66a07c6e3dcd
2019-10-17 20:28:53,435 [grpc-default-executor-2] INFO  impl.RaftServerImpl (RaftServerImpl.java:setRole(184)) - 7f29c796-0732-402f-b865-67033766dcba@group-C2BDBBDF155D: changes role from  FOLLOWER to FOLLOWER at term 230 for recognizeCandidate:c07977b7-c8ef-4f3c-80b1-66a07c6e3dcd
2019-10-17 20:28:53,435 [grpc-default-executor-2] INFO  impl.RoleInfo (RoleInfo.java:shutdownFollowerState(121)) - 7f29c796-0732-402f-b865-67033766dcba: shutdown FollowerState
2019-10-17 20:28:53,435 [grpc-default-executor-4] INFO  impl.RoleInfo (RoleInfo.java:shutdownFollowerState(121)) - d81605c5-54b3-45a8-b5ae-2e8d8890cbef: shutdown FollowerState
2019-10-17 20:28:53,436 [Thread-2389] INFO  impl.FollowerState (FollowerState.java:run(117)) - 7f29c796-0732-402f-b865-67033766dcba@group-C2BDBBDF155D-FollowerState was interrupted: java.lang.InterruptedException: sleep interrupted
2019-10-17 20:28:53,436 [grpc-default-executor-2] INFO  impl.RoleInfo (RoleInfo.java:updateAndGet(143)) - 7f29c796-0732-402f-b865-67033766dcba: start FollowerState
2019-10-17 20:28:53,436 [Thread-2388] INFO  impl.FollowerState (FollowerState.java:run(117)) - d81605c5-54b3-45a8-b5ae-2e8d8890cbef@group-C2BDBBDF155D-FollowerState was interrupted: java.lang.InterruptedException: sleep interrupted
2019-10-17 20:28:53,436 [grpc-default-executor-4] INFO  impl.RoleInfo (RoleInfo.java:updateAndGet(143)) - d81605c5-54b3-45a8-b5ae-2e8d8890cbef: start FollowerState
2019-10-17 20:28:53,458 [c07977b7-c8ef-4f3c-80b1-66a07c6e3dcd@group-C2BDBBDF155D-LeaderElection240] INFO  impl.LeaderElection (LeaderElection.java:askForVotes(178)) - c07977b7-c8ef-4f3c-80b1-66a07c6e3dcd@group-C2BDBBDF155D-LeaderElection240: begin an election at term 231 for -1: [d81605c5-54b3-45a8-b5ae-2e8d8890cbef:192.168.164.201:42755, 7f29c796-0732-402f-b865-67033766dcba:192.168.164.201:40704, c07977b7-c8ef-4f3c-80b1-66a07c6e3dcd:192.168.164.201:38664], old=null
2019-10-17 20:28:53,460 [grpc-default-executor-2] INFO  impl.RaftServerImpl (RaftServerImpl.java:setRole(184)) - d81605c5-54b3-45a8-b5ae-2e8d8890cbef@group-C2BDBBDF155D: changes role from  FOLLOWER to FOLLOWER at term 231 for recognizeCandidate:c07977b7-c8ef-4f3c-80b1-66a07c6e3dcd
2019-10-17 20:28:53,460 [grpc-default-executor-2] INFO  impl.RoleInfo (RoleInfo.java:shutdownFollowerState(121)) - d81605c5-54b3-45a8-b5ae-2e8d8890cbef: shutdown FollowerState
2019-10-17 20:28:53,460 [grpc-default-executor-2] INFO  impl.RoleInfo (RoleInfo.java:updateAndGet(143)) - d81605c5-54b3-45a8-b5ae-2e8d8890cbef: start FollowerState
2019-10-17 20:28:53,460 [Thread-2395] INFO  impl.FollowerState (FollowerState.java:run(117)) - d81605c5-54b3-45a8-b5ae-2e8d8890cbef@group-C2BDBBDF155D-FollowerState was interrupted: java.lang.InterruptedException: sleep interrupted
2019-10-17 20:28:53,461 [grpc-default-executor-4] INFO  impl.RaftServerImpl (RaftServerImpl.java:setRole(184)) - 7f29c796-0732-402f-b865-67033766dcba@group-C2BDBBDF155D: changes role from  FOLLOWER to FOLLOWER at term 231 for recognizeCandidate:c07977b7-c8ef-4f3c-80b1-66a07c6e3dcd
2019-10-17 20:28:53,461 [grpc-default-executor-4] INFO  impl.RoleInfo (RoleInfo.java:shutdownFollowerState(121)) - 7f29c796-0732-402f-b865-67033766dcba: shutdown FollowerState
2019-10-17 20:28:53,461 [grpc-default-executor-4] INFO  impl.RoleInfo (RoleInfo.java:updateAndGet(143)) - 7f29c796-0732-402f-b865-67033766dcba: start FollowerState
2019-10-17 20:28:53,461 [Thread-2394] INFO  impl.FollowerState (FollowerState.java:run(117)) - 7f29c796-0732-402f-b865-67033766dcba@group-C2BDBBDF155D-FollowerState was interrupted: java.lang.InterruptedException: sleep interrupted
2019-10-17 20:28:53,465 [c07977b7-c8ef-4f3c-80b1-66a07c6e3dcd@group-C2BDBBDF155D-LeaderElection240] INFO  impl.LeaderElection (LeaderElection.java:logAndReturn(56)) - c07977b7-c8ef-4f3c-80b1-66a07c6e3dcd@group-C2BDBBDF155D-LeaderElection240: Election TIMEOUT; received 0 response(s) [] and 0 exception(s); c07977b7-c8ef-4f3c-80b1-66a07c6e3dcd@group-C2BDBBDF155D:t231, leader=null, voted=c07977b7-c8ef-4f3c-80b1-66a07c6e3dcd, raftlog=c07977b7-c8ef-4f3c-80b1-66a07c6e3dcd@group-C2BDBBDF155D-SegmentedRaftLog:OPENED:c-1,f-1,i0, conf=-1: [d81605c5-54b3-45a8-b5ae-2e8d8890cbef:192.168.164.201:42755, 7f29c796-0732-402f-b865-67033766dcba:192.168.164.201:40704, c07977b7-c8ef-4f3c-80b1-66a07c6e3dcd:192.168.164.201:38664], old=null
2019-10-17 20:28:53,483 [c07977b7-c8ef-4f3c-80b1-66a07c6e3dcd@group-C2BDBBDF155D-LeaderElection240] INFO  impl.LeaderElection (LeaderElection.java:askForVotes(178)) - c07977b7-c8ef-4f3c-80b1-66a07c6e3dcd@group-C2BDBBDF155D-LeaderElection240: begin an election at term 232 for -1: [d81605c5-54b3-45a8-b5ae-2e8d8890cbef:192.168.164.201:42755, 7f29c796-0732-402f-b865-67033766dcba:192.168.164.201:40704, c07977b7-c8ef-4f3c-80b1-66a07c6e3dcd:192.168.164.201:38664], old=null
2019-10-17 20:28:53,485 [grpc-default-executor-4] INFO  impl.RaftServerImpl (RaftServerImpl.java:setRole(184)) - d81605c5-54b3-45a8-b5ae-2e8d8890cbef@group-C2BDBBDF155D: changes role from  FOLLOWER to FOLLOWER at term 232 for recognizeCandidate:c07977b7-c8ef-4f3c-80b1-66a07c6e3dcd
2019-10-17 20:28:53,485 [grpc-default-executor-4] INFO  impl.RoleInfo (RoleInfo.java:shutdownFollowerState(121)) - d81605c5-54b3-45a8-b5ae-2e8d8890cbef: shutdown FollowerState
2019-10-17 20:28:53,485 [grpc-default-executor-4] INFO  impl.RoleInfo (RoleInfo.java:updateAndGet(143)) - d81605c5-54b3-45a8-b5ae-2e8d8890cbef: start FollowerState
2019-10-17 20:28:53,485 [Thread-2398] INFO  impl.FollowerState (FollowerState.java:run(117)) - d81605c5-54b3-45a8-b5ae-2e8d8890cbef@group-C2BDBBDF155D-FollowerState was interrupted: java.lang.InterruptedException: sleep interrupted
2019-10-17 20:28:53,486 [grpc-default-executor-2] INFO  impl.RaftServerImpl (RaftServerImpl.java:setRole(184)) - 7f29c796-0732-402f-b865-67033766dcba@group-C2BDBBDF155D: changes role from  FOLLOWER to FOLLOWER at term 232 for recognizeCandidate:c07977b7-c8ef-4f3c-80b1-66a07c6e3dcd
2019-10-17 20:28:53,486 [grpc-default-executor-2] INFO  impl.RoleInfo (RoleInfo.java:shutdownFollowerState(121)) - 7f29c796-0732-402f-b865-67033766dcba: shutdown FollowerState
2019-10-17 20:28:53,486 [grpc-default-executor-2] INFO  impl.RoleInfo (RoleInfo.java:updateAndGet(143)) - 7f29c796-0732-402f-b865-67033766dcba: start FollowerState
2019-10-17 20:28:53,486 [Thread-2399] INFO  impl.FollowerState (FollowerState.java:run(117)) - 7f29c796-0732-402f-b865-67033766dcba@group-C2BDBBDF155D-FollowerState was interrupted: java.lang.InterruptedException: sleep interrupted
2019-10-17 20:28:53,509 [c07977b7-c8ef-4f3c-80b1-66a07c6e3dcd@group-C2BDBBDF155D-LeaderElection240] INFO  impl.LeaderElection (LeaderElection.java:logAndReturn(56)) - c07977b7-c8ef-4f3c-80b1-66a07c6e3dcd@group-C2BDBBDF155D-LeaderElection240: Election REJECTED; received 2 response(s) [c07977b7-c8ef-4f3c-80b1-66a07c6e3dcd<-d81605c5-54b3-45a8-b5ae-2e8d8890cbef#0:FAIL-t232, c07977b7-c8ef-4f3c-80b1-66a07c6e3dcd<-7f29c796-0732-402f-b865-67033766dcba#0:FAIL-t232] and 0 exception(s); c07977b7-c8ef-4f3c-80b1-66a07c6e3dcd@group-C2BDBBDF155D:t232, leader=null, voted=c07977b7-c8ef-4f3c-80b1-66a07c6e3dcd, raftlog=c07977b7-c8ef-4f3c-80b1-66a07c6e3dcd@group-C2BDBBDF155D-SegmentedRaftLog:OPENED:c-1,f-1,i0, conf=-1: [d81605c5-54b3-45a8-b5ae-2e8d8890cbef:192.168.164.201:42755, 7f29c796-0732-402f-b865-67033766dcba:192.168.164.201:40704, c07977b7-c8ef-4f3c-80b1-66a07c6e3dcd:192.168.164.201:38664], old=null
2019-10-17 20:28:53,509 [c07977b7-c8ef-4f3c-80b1-66a07c6e3dcd@group-C2BDBBDF155D-LeaderElection240] INFO  impl.RaftServerImpl (RaftServerImpl.java:setRole(184)) - c07977b7-c8ef-4f3c-80b1-66a07c6e3dcd@group-C2BDBBDF155D: changes role from CANDIDATE to FOLLOWER at term 232 for DISCOVERED_A_NEW_TERM
2019-10-17 20:28:53,510 [c07977b7-c8ef-4f3c-80b1-66a07c6e3dcd@group-C2BDBBDF155D-LeaderElection240] INFO  impl.RoleInfo (RoleInfo.java:shutdownLeaderElection(134)) - c07977b7-c8ef-4f3c-80b1-66a07c6e3dcd: shutdown LeaderElection
2019-10-17 20:28:53,510 [c07977b7-c8ef-4f3c-80b1-66a07c6e3dcd@group-C2BDBBDF155D-LeaderElection240] INFO  impl.RoleInfo (RoleInfo.java:updateAndGet(143)) - c07977b7-c8ef-4f3c-80b1-66a07c6e3dcd: start FollowerState
2019-10-17 20:28:53,532 [Thread-2404] INFO  impl.FollowerState (FollowerState.java:run(108)) - c07977b7-c8ef-4f3c-80b1-66a07c6e3dcd@group-C2BDBBDF155D-FollowerState: change to CANDIDATE, lastRpcTime:22ms, electionTimeout:22ms
2019-10-17 20:28:53,532 [Thread-2404] INFO  impl.RoleInfo (RoleInfo.java:shutdownFollowerState(121)) - c07977b7-c8ef-4f3c-80b1-66a07c6e3dcd: shutdown FollowerState
2019-10-17 20:28:53,532 [Thread-2404] INFO  impl.RaftServerImpl (RaftServerImpl.java:setRole(184)) - c07977b7-c8ef-4f3c-80b1-66a07c6e3dcd@group-C2BDBBDF155D: changes role from  FOLLOWER to CANDIDATE at term 232 for changeToCandidate
2019-10-17 20:28:53,533 [Thread-2404] INFO  impl.RoleInfo (RoleInfo.java:updateAndGet(143)) - c07977b7-c8ef-4f3c-80b1-66a07c6e3dcd: start LeaderElection
2019-10-17 20:28:53,545 [Thread-754] INFO  ozone.MiniOzoneClusterImpl (MiniOzoneClusterImpl.java:lambda$waitForClusterToBeReady$2(164)) - Waiting for 1 number of pipelines out of 4, to report a leader.
2019-10-17 20:28:53,559 [c07977b7-c8ef-4f3c-80b1-66a07c6e3dcd@group-C2BDBBDF155D-LeaderElection241] INFO  impl.LeaderElection (LeaderElection.java:askForVotes(178)) - c07977b7-c8ef-4f3c-80b1-66a07c6e3dcd@group-C2BDBBDF155D-LeaderElection241: begin an election at term 233 for -1: [d81605c5-54b3-45a8-b5ae-2e8d8890cbef:192.168.164.201:42755, 7f29c796-0732-402f-b865-67033766dcba:192.168.164.201:40704, c07977b7-c8ef-4f3c-80b1-66a07c6e3dcd:192.168.164.201:38664], old=null
2019-10-17 20:28:53,561 [grpc-default-executor-2] INFO  impl.RaftServerImpl (RaftServerImpl.java:setRole(184)) - 7f29c796-0732-402f-b865-67033766dcba@group-C2BDBBDF155D: changes role from  FOLLOWER to FOLLOWER at term 233 for recognizeCandidate:c07977b7-c8ef-4f3c-80b1-66a07c6e3dcd
2019-10-17 20:28:53,561 [grpc-default-executor-2] INFO  impl.RoleInfo (RoleInfo.java:shutdownFollowerState(121)) - 7f29c796-0732-402f-b865-67033766dcba: shutdown FollowerState
2019-10-17 20:28:53,561 [grpc-default-executor-4] INFO  impl.RaftServerImpl (RaftServerImpl.java:setRole(184)) - d81605c5-54b3-45a8-b5ae-2e8d8890cbef@group-C2BDBBDF155D: changes role from  FOLLOWER to FOLLOWER at term 233 for recognizeCandidate:c07977b7-c8ef-4f3c-80b1-66a07c6e3dcd
2019-10-17 20:28:53,561 [Thread-2403] INFO  impl.FollowerState (FollowerState.java:run(117)) - 7f29c796-0732-402f-b865-67033766dcba@group-C2BDBBDF155D-FollowerState was interrupted: java.lang.InterruptedException: sleep interrupted
2019-10-17 20:28:53,561 [grpc-default-executor-2] INFO  impl.RoleInfo (RoleInfo.java:updateAndGet(143)) - 7f29c796-0732-402f-b865-67033766dcba: start FollowerState
2019-10-17 20:28:53,562 [grpc-default-executor-4] INFO  impl.RoleInfo (RoleInfo.java:shutdownFollowerState(121)) - d81605c5-54b3-45a8-b5ae-2e8d8890cbef: shutdown FollowerState
2019-10-17 20:28:53,562 [grpc-default-executor-4] INFO  impl.RoleInfo (RoleInfo.java:updateAndGet(143)) - d81605c5-54b3-45a8-b5ae-2e8d8890cbef: start FollowerState
2019-10-17 20:28:53,562 [Thread-2402] INFO  impl.FollowerState (FollowerState.java:run(117)) - d81605c5-54b3-45a8-b5ae-2e8d8890cbef@group-C2BDBBDF155D-FollowerState was interrupted: java.lang.InterruptedException: sleep interrupted
2019-10-17 20:28:53,576 [c07977b7-c8ef-4f3c-80b1-66a07c6e3dcd@group-C2BDBBDF155D-LeaderElection241] INFO  impl.LeaderElection (LeaderElection.java:logAndReturn(56)) - c07977b7-c8ef-4f3c-80b1-66a07c6e3dcd@group-C2BDBBDF155D-LeaderElection241: Election TIMEOUT; received 0 response(s) [] and 0 exception(s); c07977b7-c8ef-4f3c-80b1-66a07c6e3dcd@group-C2BDBBDF155D:t233, leader=null, voted=c07977b7-c8ef-4f3c-80b1-66a07c6e3dcd, raftlog=c07977b7-c8ef-4f3c-80b1-66a07c6e3dcd@group-C2BDBBDF155D-SegmentedRaftLog:OPENED:c-1,f-1,i0, conf=-1: [d81605c5-54b3-45a8-b5ae-2e8d8890cbef:192.168.164.201:42755, 7f29c796-0732-402f-b865-67033766dcba:192.168.164.201:40704, c07977b7-c8ef-4f3c-80b1-66a07c6e3dcd:192.168.164.201:38664], old=null
2019-10-17 20:28:53,601 [c07977b7-c8ef-4f3c-80b1-66a07c6e3dcd@group-C2BDBBDF155D-LeaderElection241] INFO  impl.LeaderElection (LeaderElection.java:askForVotes(178)) - c07977b7-c8ef-4f3c-80b1-66a07c6e3dcd@group-C2BDBBDF155D-LeaderElection241: begin an election at term 234 for -1: [d81605c5-54b3-45a8-b5ae-2e8d8890cbef:192.168.164.201:42755, 7f29c796-0732-402f-b865-67033766dcba:192.168.164.201:40704, c07977b7-c8ef-4f3c-80b1-66a07c6e3dcd:192.168.164.201:38664], old=null
2019-10-17 20:28:53,603 [grpc-default-executor-2] INFO  impl.RaftServerImpl (RaftServerImpl.java:setRole(184)) - 7f29c796-0732-402f-b865-67033766dcba@group-C2BDBBDF155D: changes role from  FOLLOWER to FOLLOWER at term 234 for recognizeCandidate:c07977b7-c8ef-4f3c-80b1-66a07c6e3dcd
2019-10-17 20:28:53,603 [grpc-default-executor-2] INFO  impl.RoleInfo (RoleInfo.java:shutdownFollowerState(121)) - 7f29c796-0732-402f-b865-67033766dcba: shutdown FollowerState
2019-10-17 20:28:53,603 [grpc-default-executor-4] INFO  impl.RaftServerImpl (RaftServerImpl.java:setRole(184)) - d81605c5-54b3-45a8-b5ae-2e8d8890cbef@group-C2BDBBDF155D: changes role from  FOLLOWER to FOLLOWER at term 234 for recognizeCandidate:c07977b7-c8ef-4f3c-80b1-66a07c6e3dcd
2019-10-17 20:28:53,603 [grpc-default-executor-4] INFO  impl.RoleInfo (RoleInfo.java:shutdownFollowerState(121)) - d81605c5-54b3-45a8-b5ae-2e8d8890cbef: shutdown FollowerState
2019-10-17 20:28:53,603 [Thread-2408] INFO  impl.FollowerState (FollowerState.java:run(117)) - 7f29c796-0732-402f-b865-67033766dcba@group-C2BDBBDF155D-FollowerState was interrupted: java.lang.InterruptedException: sleep interrupted
2019-10-17 20:28:53,603 [grpc-default-executor-2] INFO  impl.RoleInfo (RoleInfo.java:updateAndGet(143)) - 7f29c796-0732-402f-b865-67033766dcba: start FollowerState
2019-10-17 20:28:53,603 [Thread-2409] INFO  impl.FollowerState (FollowerState.java:run(117)) - d81605c5-54b3-45a8-b5ae-2e8d8890cbef@group-C2BDBBDF155D-FollowerState was interrupted: java.lang.InterruptedException: sleep interrupted
2019-10-17 20:28:53,603 [grpc-default-executor-4] INFO  impl.RoleInfo (RoleInfo.java:updateAndGet(143)) - d81605c5-54b3-45a8-b5ae-2e8d8890cbef: start FollowerState
2019-10-17 20:28:53,627 [c07977b7-c8ef-4f3c-80b1-66a07c6e3dcd@group-C2BDBBDF155D-LeaderElection241] INFO  impl.LeaderElection (LeaderElection.java:logAndReturn(56)) - c07977b7-c8ef-4f3c-80b1-66a07c6e3dcd@group-C2BDBBDF155D-LeaderElection241: Election REJECTED; received 2 response(s) [c07977b7-c8ef-4f3c-80b1-66a07c6e3dcd<-d81605c5-54b3-45a8-b5ae-2e8d8890cbef#0:FAIL-t234, c07977b7-c8ef-4f3c-80b1-66a07c6e3dcd<-7f29c796-0732-402f-b865-67033766dcba#0:FAIL-t234] and 0 exception(s); c07977b7-c8ef-4f3c-80b1-66a07c6e3dcd@group-C2BDBBDF155D:t234, leader=null, voted=c07977b7-c8ef-4f3c-80b1-66a07c6e3dcd, raftlog=c07977b7-c8ef-4f3c-80b1-66a07c6e3dcd@group-C2BDBBDF155D-SegmentedRaftLog:OPENED:c-1,f-1,i0, conf=-1: [d81605c5-54b3-45a8-b5ae-2e8d8890cbef:192.168.164.201:42755, 7f29c796-0732-402f-b865-67033766dcba:192.168.164.201:40704, c07977b7-c8ef-4f3c-80b1-66a07c6e3dcd:192.168.164.201:38664], old=null
2019-10-17 20:28:53,627 [c07977b7-c8ef-4f3c-80b1-66a07c6e3dcd@group-C2BDBBDF155D-LeaderElection241] INFO  impl.RaftServerImpl (RaftServerImpl.java:setRole(184)) - c07977b7-c8ef-4f3c-80b1-66a07c6e3dcd@group-C2BDBBDF155D: changes role from CANDIDATE to FOLLOWER at term 234 for DISCOVERED_A_NEW_TERM
2019-10-17 20:28:53,628 [c07977b7-c8ef-4f3c-80b1-66a07c6e3dcd@group-C2BDBBDF155D-LeaderElection241] INFO  impl.RoleInfo (RoleInfo.java:shutdownLeaderElection(134)) - c07977b7-c8ef-4f3c-80b1-66a07c6e3dcd: shutdown LeaderElection
2019-10-17 20:28:53,628 [c07977b7-c8ef-4f3c-80b1-66a07c6e3dcd@group-C2BDBBDF155D-LeaderElection241] INFO  impl.RoleInfo (RoleInfo.java:updateAndGet(143)) - c07977b7-c8ef-4f3c-80b1-66a07c6e3dcd: start FollowerState
2019-10-17 20:28:53,735 [Thread-2414] INFO  impl.FollowerState (FollowerState.java:run(108)) - c07977b7-c8ef-4f3c-80b1-66a07c6e3dcd@group-C2BDBBDF155D-FollowerState: change to CANDIDATE, lastRpcTime:107ms, electionTimeout:107ms
2019-10-17 20:28:53,735 [Thread-2414] INFO  impl.RoleInfo (RoleInfo.java:shutdownFollowerState(121)) - c07977b7-c8ef-4f3c-80b1-66a07c6e3dcd: shutdown FollowerState
2019-10-17 20:28:53,735 [Thread-2414] INFO  impl.RaftServerImpl (RaftServerImpl.java:setRole(184)) - c07977b7-c8ef-4f3c-80b1-66a07c6e3dcd@group-C2BDBBDF155D: changes role from  FOLLOWER to CANDIDATE at term 234 for changeToCandidate
2019-10-17 20:28:53,736 [Thread-2414] INFO  impl.RoleInfo (RoleInfo.java:updateAndGet(143)) - c07977b7-c8ef-4f3c-80b1-66a07c6e3dcd: start LeaderElection
2019-10-17 20:28:53,760 [c07977b7-c8ef-4f3c-80b1-66a07c6e3dcd@group-C2BDBBDF155D-LeaderElection242] INFO  impl.LeaderElection (LeaderElection.java:askForVotes(178)) - c07977b7-c8ef-4f3c-80b1-66a07c6e3dcd@group-C2BDBBDF155D-LeaderElection242: begin an election at term 235 for -1: [d81605c5-54b3-45a8-b5ae-2e8d8890cbef:192.168.164.201:42755, 7f29c796-0732-402f-b865-67033766dcba:192.168.164.201:40704, c07977b7-c8ef-4f3c-80b1-66a07c6e3dcd:192.168.164.201:38664], old=null
2019-10-17 20:28:53,762 [grpc-default-executor-2] INFO  impl.RaftServerImpl (RaftServerImpl.java:setRole(184)) - 7f29c796-0732-402f-b865-67033766dcba@group-C2BDBBDF155D: changes role from  FOLLOWER to FOLLOWER at term 235 for recognizeCandidate:c07977b7-c8ef-4f3c-80b1-66a07c6e3dcd
2019-10-17 20:28:53,762 [grpc-default-executor-2] INFO  impl.RoleInfo (RoleInfo.java:shutdownFollowerState(121)) - 7f29c796-0732-402f-b865-67033766dcba: shutdown FollowerState
2019-10-17 20:28:53,762 [grpc-default-executor-4] INFO  impl.RaftServerImpl (RaftServerImpl.java:setRole(184)) - d81605c5-54b3-45a8-b5ae-2e8d8890cbef@group-C2BDBBDF155D: changes role from  FOLLOWER to FOLLOWER at term 235 for recognizeCandidate:c07977b7-c8ef-4f3c-80b1-66a07c6e3dcd
2019-10-17 20:28:53,762 [grpc-default-executor-4] INFO  impl.RoleInfo (RoleInfo.java:shutdownFollowerState(121)) - d81605c5-54b3-45a8-b5ae-2e8d8890cbef: shutdown FollowerState
2019-10-17 20:28:53,762 [Thread-2412] INFO  impl.FollowerState (FollowerState.java:run(117)) - 7f29c796-0732-402f-b865-67033766dcba@group-C2BDBBDF155D-FollowerState was interrupted: java.lang.InterruptedException: sleep interrupted
2019-10-17 20:28:53,762 [grpc-default-executor-2] INFO  impl.RoleInfo (RoleInfo.java:updateAndGet(143)) - 7f29c796-0732-402f-b865-67033766dcba: start FollowerState
2019-10-17 20:28:53,763 [Thread-2413] INFO  impl.FollowerState (FollowerState.java:run(117)) - d81605c5-54b3-45a8-b5ae-2e8d8890cbef@group-C2BDBBDF155D-FollowerState was interrupted: java.lang.InterruptedException: sleep interrupted
2019-10-17 20:28:53,763 [grpc-default-executor-4] INFO  impl.RoleInfo (RoleInfo.java:updateAndGet(143)) - d81605c5-54b3-45a8-b5ae-2e8d8890cbef: start FollowerState
2019-10-17 20:28:53,786 [c07977b7-c8ef-4f3c-80b1-66a07c6e3dcd@group-C2BDBBDF155D-LeaderElection242] INFO  impl.LeaderElection (LeaderElection.java:logAndReturn(56)) - c07977b7-c8ef-4f3c-80b1-66a07c6e3dcd@group-C2BDBBDF155D-LeaderElection242: Election REJECTED; received 2 response(s) [c07977b7-c8ef-4f3c-80b1-66a07c6e3dcd<-d81605c5-54b3-45a8-b5ae-2e8d8890cbef#0:FAIL-t235, c07977b7-c8ef-4f3c-80b1-66a07c6e3dcd<-7f29c796-0732-402f-b865-67033766dcba#0:FAIL-t235] and 0 exception(s); c07977b7-c8ef-4f3c-80b1-66a07c6e3dcd@group-C2BDBBDF155D:t235, leader=null, voted=c07977b7-c8ef-4f3c-80b1-66a07c6e3dcd, raftlog=c07977b7-c8ef-4f3c-80b1-66a07c6e3dcd@group-C2BDBBDF155D-SegmentedRaftLog:OPENED:c-1,f-1,i0, conf=-1: [d81605c5-54b3-45a8-b5ae-2e8d8890cbef:192.168.164.201:42755, 7f29c796-0732-402f-b865-67033766dcba:192.168.164.201:40704, c07977b7-c8ef-4f3c-80b1-66a07c6e3dcd:192.168.164.201:38664], old=null
2019-10-17 20:28:53,786 [c07977b7-c8ef-4f3c-80b1-66a07c6e3dcd@group-C2BDBBDF155D-LeaderElection242] INFO  impl.RaftServerImpl (RaftServerImpl.java:setRole(184)) - c07977b7-c8ef-4f3c-80b1-66a07c6e3dcd@group-C2BDBBDF155D: changes role from CANDIDATE to FOLLOWER at term 235 for DISCOVERED_A_NEW_TERM
2019-10-17 20:28:53,786 [c07977b7-c8ef-4f3c-80b1-66a07c6e3dcd@group-C2BDBBDF155D-LeaderElection242] INFO  impl.RoleInfo (RoleInfo.java:shutdownLeaderElection(134)) - c07977b7-c8ef-4f3c-80b1-66a07c6e3dcd: shutdown LeaderElection
2019-10-17 20:28:53,787 [c07977b7-c8ef-4f3c-80b1-66a07c6e3dcd@group-C2BDBBDF155D-LeaderElection242] INFO  impl.RoleInfo (RoleInfo.java:updateAndGet(143)) - c07977b7-c8ef-4f3c-80b1-66a07c6e3dcd: start FollowerState
2019-10-17 20:28:53,849 [Thread-2420] INFO  impl.FollowerState (FollowerState.java:run(108)) - c07977b7-c8ef-4f3c-80b1-66a07c6e3dcd@group-C2BDBBDF155D-FollowerState: change to CANDIDATE, lastRpcTime:62ms, electionTimeout:62ms
2019-10-17 20:28:53,849 [Thread-2420] INFO  impl.RoleInfo (RoleInfo.java:shutdownFollowerState(121)) - c07977b7-c8ef-4f3c-80b1-66a07c6e3dcd: shutdown FollowerState
2019-10-17 20:28:53,849 [Thread-2420] INFO  impl.RaftServerImpl (RaftServerImpl.java:setRole(184)) - c07977b7-c8ef-4f3c-80b1-66a07c6e3dcd@group-C2BDBBDF155D: changes role from  FOLLOWER to CANDIDATE at term 235 for changeToCandidate
2019-10-17 20:28:53,849 [Thread-2420] INFO  impl.RoleInfo (RoleInfo.java:updateAndGet(143)) - c07977b7-c8ef-4f3c-80b1-66a07c6e3dcd: start LeaderElection
2019-10-17 20:28:53,878 [c07977b7-c8ef-4f3c-80b1-66a07c6e3dcd@group-C2BDBBDF155D-LeaderElection243] INFO  impl.LeaderElection (LeaderElection.java:askForVotes(178)) - c07977b7-c8ef-4f3c-80b1-66a07c6e3dcd@group-C2BDBBDF155D-LeaderElection243: begin an election at term 236 for -1: [d81605c5-54b3-45a8-b5ae-2e8d8890cbef:192.168.164.201:42755, 7f29c796-0732-402f-b865-67033766dcba:192.168.164.201:40704, c07977b7-c8ef-4f3c-80b1-66a07c6e3dcd:192.168.164.201:38664], old=null
2019-10-17 20:28:53,879 [grpc-default-executor-2] INFO  impl.RaftServerImpl (RaftServerImpl.java:setRole(184)) - d81605c5-54b3-45a8-b5ae-2e8d8890cbef@group-C2BDBBDF155D: changes role from  FOLLOWER to FOLLOWER at term 236 for recognizeCandidate:c07977b7-c8ef-4f3c-80b1-66a07c6e3dcd
2019-10-17 20:28:53,880 [grpc-default-executor-2] INFO  impl.RoleInfo (RoleInfo.java:shutdownFollowerState(121)) - d81605c5-54b3-45a8-b5ae-2e8d8890cbef: shutdown FollowerState
2019-10-17 20:28:53,880 [grpc-default-executor-4] INFO  impl.RaftServerImpl (RaftServerImpl.java:setRole(184)) - 7f29c796-0732-402f-b865-67033766dcba@group-C2BDBBDF155D: changes role from  FOLLOWER to FOLLOWER at term 236 for recognizeCandidate:c07977b7-c8ef-4f3c-80b1-66a07c6e3dcd
2019-10-17 20:28:53,880 [grpc-default-executor-4] INFO  impl.RoleInfo (RoleInfo.java:shutdownFollowerState(121)) - 7f29c796-0732-402f-b865-67033766dcba: shutdown FollowerState
2019-10-17 20:28:53,880 [Thread-2419] INFO  impl.FollowerState (FollowerState.java:run(117)) - d81605c5-54b3-45a8-b5ae-2e8d8890cbef@group-C2BDBBDF155D-FollowerState was interrupted: java.lang.InterruptedException: sleep interrupted
2019-10-17 20:28:53,880 [grpc-default-executor-2] INFO  impl.RoleInfo (RoleInfo.java:updateAndGet(143)) - d81605c5-54b3-45a8-b5ae-2e8d8890cbef: start FollowerState
2019-10-17 20:28:53,880 [Thread-2418] INFO  impl.FollowerState (FollowerState.java:run(117)) - 7f29c796-0732-402f-b865-67033766dcba@group-C2BDBBDF155D-FollowerState was interrupted: java.lang.InterruptedException: sleep interrupted
2019-10-17 20:28:53,880 [grpc-default-executor-4] INFO  impl.RoleInfo (RoleInfo.java:updateAndGet(143)) - 7f29c796-0732-402f-b865-67033766dcba: start FollowerState
2019-10-17 20:28:53,888 [c07977b7-c8ef-4f3c-80b1-66a07c6e3dcd@group-C2BDBBDF155D-LeaderElection243] INFO  impl.LeaderElection (LeaderElection.java:logAndReturn(56)) - c07977b7-c8ef-4f3c-80b1-66a07c6e3dcd@group-C2BDBBDF155D-LeaderElection243: Election TIMEOUT; received 0 response(s) [] and 0 exception(s); c07977b7-c8ef-4f3c-80b1-66a07c6e3dcd@group-C2BDBBDF155D:t236, leader=null, voted=c07977b7-c8ef-4f3c-80b1-66a07c6e3dcd, raftlog=c07977b7-c8ef-4f3c-80b1-66a07c6e3dcd@group-C2BDBBDF155D-SegmentedRaftLog:OPENED:c-1,f-1,i0, conf=-1: [d81605c5-54b3-45a8-b5ae-2e8d8890cbef:192.168.164.201:42755, 7f29c796-0732-402f-b865-67033766dcba:192.168.164.201:40704, c07977b7-c8ef-4f3c-80b1-66a07c6e3dcd:192.168.164.201:38664], old=null
2019-10-17 20:28:53,903 [c07977b7-c8ef-4f3c-80b1-66a07c6e3dcd@group-C2BDBBDF155D-LeaderElection243] INFO  impl.LeaderElection (LeaderElection.java:askForVotes(178)) - c07977b7-c8ef-4f3c-80b1-66a07c6e3dcd@group-C2BDBBDF155D-LeaderElection243: begin an election at term 237 for -1: [d81605c5-54b3-45a8-b5ae-2e8d8890cbef:192.168.164.201:42755, 7f29c796-0732-402f-b865-67033766dcba:192.168.164.201:40704, c07977b7-c8ef-4f3c-80b1-66a07c6e3dcd:192.168.164.201:38664], old=null
2019-10-17 20:28:53,906 [grpc-default-executor-4] INFO  impl.RaftServerImpl (RaftServerImpl.java:setRole(184)) - 7f29c796-0732-402f-b865-67033766dcba@group-C2BDBBDF155D: changes role from  FOLLOWER to FOLLOWER at term 237 for recognizeCandidate:c07977b7-c8ef-4f3c-80b1-66a07c6e3dcd
2019-10-17 20:28:53,906 [grpc-default-executor-4] INFO  impl.RoleInfo (RoleInfo.java:shutdownFollowerState(121)) - 7f29c796-0732-402f-b865-67033766dcba: shutdown FollowerState
2019-10-17 20:28:53,906 [grpc-default-executor-4] INFO  impl.RoleInfo (RoleInfo.java:updateAndGet(143)) - 7f29c796-0732-402f-b865-67033766dcba: start FollowerState
2019-10-17 20:28:53,906 [Thread-2425] INFO  impl.FollowerState (FollowerState.java:run(117)) - 7f29c796-0732-402f-b865-67033766dcba@group-C2BDBBDF155D-FollowerState was interrupted: java.lang.InterruptedException: sleep interrupted
2019-10-17 20:28:53,907 [grpc-default-executor-2] INFO  impl.RaftServerImpl (RaftServerImpl.java:setRole(184)) - d81605c5-54b3-45a8-b5ae-2e8d8890cbef@group-C2BDBBDF155D: changes role from  FOLLOWER to FOLLOWER at term 237 for recognizeCandidate:c07977b7-c8ef-4f3c-80b1-66a07c6e3dcd
2019-10-17 20:28:53,907 [grpc-default-executor-2] INFO  impl.RoleInfo (RoleInfo.java:shutdownFollowerState(121)) - d81605c5-54b3-45a8-b5ae-2e8d8890cbef: shutdown FollowerState
2019-10-17 20:28:53,907 [grpc-default-executor-2] INFO  impl.RoleInfo (RoleInfo.java:updateAndGet(143)) - d81605c5-54b3-45a8-b5ae-2e8d8890cbef: start FollowerState
2019-10-17 20:28:53,907 [Thread-2424] INFO  impl.FollowerState (FollowerState.java:run(117)) - d81605c5-54b3-45a8-b5ae-2e8d8890cbef@group-C2BDBBDF155D-FollowerState was interrupted: java.lang.InterruptedException: sleep interrupted
2019-10-17 20:28:53,930 [c07977b7-c8ef-4f3c-80b1-66a07c6e3dcd@group-C2BDBBDF155D-LeaderElection243] INFO  impl.LeaderElection (LeaderElection.java:logAndReturn(56)) - c07977b7-c8ef-4f3c-80b1-66a07c6e3dcd@group-C2BDBBDF155D-LeaderElection243: Election REJECTED; received 2 response(s) [c07977b7-c8ef-4f3c-80b1-66a07c6e3dcd<-d81605c5-54b3-45a8-b5ae-2e8d8890cbef#0:FAIL-t237, c07977b7-c8ef-4f3c-80b1-66a07c6e3dcd<-7f29c796-0732-402f-b865-67033766dcba#0:FAIL-t237] and 0 exception(s); c07977b7-c8ef-4f3c-80b1-66a07c6e3dcd@group-C2BDBBDF155D:t237, leader=null, voted=c07977b7-c8ef-4f3c-80b1-66a07c6e3dcd, raftlog=c07977b7-c8ef-4f3c-80b1-66a07c6e3dcd@group-C2BDBBDF155D-SegmentedRaftLog:OPENED:c-1,f-1,i0, conf=-1: [d81605c5-54b3-45a8-b5ae-2e8d8890cbef:192.168.164.201:42755, 7f29c796-0732-402f-b865-67033766dcba:192.168.164.201:40704, c07977b7-c8ef-4f3c-80b1-66a07c6e3dcd:192.168.164.201:38664], old=null
2019-10-17 20:28:53,930 [c07977b7-c8ef-4f3c-80b1-66a07c6e3dcd@group-C2BDBBDF155D-LeaderElection243] INFO  impl.RaftServerImpl (RaftServerImpl.java:setRole(184)) - c07977b7-c8ef-4f3c-80b1-66a07c6e3dcd@group-C2BDBBDF155D: changes role from CANDIDATE to FOLLOWER at term 237 for DISCOVERED_A_NEW_TERM
2019-10-17 20:28:53,930 [c07977b7-c8ef-4f3c-80b1-66a07c6e3dcd@group-C2BDBBDF155D-LeaderElection243] INFO  impl.RoleInfo (RoleInfo.java:shutdownLeaderElection(134)) - c07977b7-c8ef-4f3c-80b1-66a07c6e3dcd: shutdown LeaderElection
2019-10-17 20:28:53,930 [c07977b7-c8ef-4f3c-80b1-66a07c6e3dcd@group-C2BDBBDF155D-LeaderElection243] INFO  impl.RoleInfo (RoleInfo.java:updateAndGet(143)) - c07977b7-c8ef-4f3c-80b1-66a07c6e3dcd: start FollowerState
2019-10-17 20:28:54,100 [Thread-2430] INFO  impl.FollowerState (FollowerState.java:run(108)) - c07977b7-c8ef-4f3c-80b1-66a07c6e3dcd@group-C2BDBBDF155D-FollowerState: change to CANDIDATE, lastRpcTime:170ms, electionTimeout:170ms
2019-10-17 20:28:54,101 [Thread-2430] INFO  impl.RoleInfo (RoleInfo.java:shutdownFollowerState(121)) - c07977b7-c8ef-4f3c-80b1-66a07c6e3dcd: shutdown FollowerState
2019-10-17 20:28:54,101 [Thread-2430] INFO  impl.RaftServerImpl (RaftServerImpl.java:setRole(184)) - c07977b7-c8ef-4f3c-80b1-66a07c6e3dcd@group-C2BDBBDF155D: changes role from  FOLLOWER to CANDIDATE at term 237 for changeToCandidate
2019-10-17 20:28:54,101 [Thread-2430] INFO  impl.RoleInfo (RoleInfo.java:updateAndGet(143)) - c07977b7-c8ef-4f3c-80b1-66a07c6e3dcd: start LeaderElection
2019-10-17 20:28:54,129 [c07977b7-c8ef-4f3c-80b1-66a07c6e3dcd@group-C2BDBBDF155D-LeaderElection244] INFO  impl.LeaderElection (LeaderElection.java:askForVotes(178)) - c07977b7-c8ef-4f3c-80b1-66a07c6e3dcd@group-C2BDBBDF155D-LeaderElection244: begin an election at term 238 for -1: [d81605c5-54b3-45a8-b5ae-2e8d8890cbef:192.168.164.201:42755, 7f29c796-0732-402f-b865-67033766dcba:192.168.164.201:40704, c07977b7-c8ef-4f3c-80b1-66a07c6e3dcd:192.168.164.201:38664], old=null
2019-10-17 20:28:54,131 [grpc-default-executor-2] INFO  impl.RaftServerImpl (RaftServerImpl.java:setRole(184)) - d81605c5-54b3-45a8-b5ae-2e8d8890cbef@group-C2BDBBDF155D: changes role from  FOLLOWER to FOLLOWER at term 238 for recognizeCandidate:c07977b7-c8ef-4f3c-80b1-66a07c6e3dcd
2019-10-17 20:28:54,131 [grpc-default-executor-2] INFO  impl.RoleInfo (RoleInfo.java:shutdownFollowerState(121)) - d81605c5-54b3-45a8-b5ae-2e8d8890cbef: shutdown FollowerState
2019-10-17 20:28:54,131 [grpc-default-executor-4] INFO  impl.RaftServerImpl (RaftServerImpl.java:setRole(184)) - 7f29c796-0732-402f-b865-67033766dcba@group-C2BDBBDF155D: changes role from  FOLLOWER to FOLLOWER at term 238 for recognizeCandidate:c07977b7-c8ef-4f3c-80b1-66a07c6e3dcd
2019-10-17 20:28:54,132 [grpc-default-executor-4] INFO  impl.RoleInfo (RoleInfo.java:shutdownFollowerState(121)) - 7f29c796-0732-402f-b865-67033766dcba: shutdown FollowerState
2019-10-17 20:28:54,132 [Thread-2429] INFO  impl.FollowerState (FollowerState.java:run(117)) - d81605c5-54b3-45a8-b5ae-2e8d8890cbef@group-C2BDBBDF155D-FollowerState was interrupted: java.lang.InterruptedException: sleep interrupted
2019-10-17 20:28:54,131 [grpc-default-executor-2] INFO  impl.RoleInfo (RoleInfo.java:updateAndGet(143)) - d81605c5-54b3-45a8-b5ae-2e8d8890cbef: start FollowerState
2019-10-17 20:28:54,132 [Thread-2428] INFO  impl.FollowerState (FollowerState.java:run(117)) - 7f29c796-0732-402f-b865-67033766dcba@group-C2BDBBDF155D-FollowerState was interrupted: java.lang.InterruptedException: sleep interrupted
2019-10-17 20:28:54,132 [grpc-default-executor-4] INFO  impl.RoleInfo (RoleInfo.java:updateAndGet(143)) - 7f29c796-0732-402f-b865-67033766dcba: start FollowerState
2019-10-17 20:28:54,157 [c07977b7-c8ef-4f3c-80b1-66a07c6e3dcd@group-C2BDBBDF155D-LeaderElection244] INFO  impl.LeaderElection (LeaderElection.java:logAndReturn(56)) - c07977b7-c8ef-4f3c-80b1-66a07c6e3dcd@group-C2BDBBDF155D-LeaderElection244: Election REJECTED; received 2 response(s) [c07977b7-c8ef-4f3c-80b1-66a07c6e3dcd<-d81605c5-54b3-45a8-b5ae-2e8d8890cbef#0:FAIL-t238, c07977b7-c8ef-4f3c-80b1-66a07c6e3dcd<-7f29c796-0732-402f-b865-67033766dcba#0:FAIL-t238] and 0 exception(s); c07977b7-c8ef-4f3c-80b1-66a07c6e3dcd@group-C2BDBBDF155D:t238, leader=null, voted=c07977b7-c8ef-4f3c-80b1-66a07c6e3dcd, raftlog=c07977b7-c8ef-4f3c-80b1-66a07c6e3dcd@group-C2BDBBDF155D-SegmentedRaftLog:OPENED:c-1,f-1,i0, conf=-1: [d81605c5-54b3-45a8-b5ae-2e8d8890cbef:192.168.164.201:42755, 7f29c796-0732-402f-b865-67033766dcba:192.168.164.201:40704, c07977b7-c8ef-4f3c-80b1-66a07c6e3dcd:192.168.164.201:38664], old=null
2019-10-17 20:28:54,157 [c07977b7-c8ef-4f3c-80b1-66a07c6e3dcd@group-C2BDBBDF155D-LeaderElection244] INFO  impl.RaftServerImpl (RaftServerImpl.java:setRole(184)) - c07977b7-c8ef-4f3c-80b1-66a07c6e3dcd@group-C2BDBBDF155D: changes role from CANDIDATE to FOLLOWER at term 238 for DISCOVERED_A_NEW_TERM
2019-10-17 20:28:54,157 [c07977b7-c8ef-4f3c-80b1-66a07c6e3dcd@group-C2BDBBDF155D-LeaderElection244] INFO  impl.RoleInfo (RoleInfo.java:shutdownLeaderElection(134)) - c07977b7-c8ef-4f3c-80b1-66a07c6e3dcd: shutdown LeaderElection
2019-10-17 20:28:54,158 [c07977b7-c8ef-4f3c-80b1-66a07c6e3dcd@group-C2BDBBDF155D-LeaderElection244] INFO  impl.RoleInfo (RoleInfo.java:updateAndGet(143)) - c07977b7-c8ef-4f3c-80b1-66a07c6e3dcd: start FollowerState
2019-10-17 20:28:54,313 [Thread-2436] INFO  impl.FollowerState (FollowerState.java:run(108)) - c07977b7-c8ef-4f3c-80b1-66a07c6e3dcd@group-C2BDBBDF155D-FollowerState: change to CANDIDATE, lastRpcTime:155ms, electionTimeout:155ms
2019-10-17 20:28:54,313 [Thread-2436] INFO  impl.RoleInfo (RoleInfo.java:shutdownFollowerState(121)) - c07977b7-c8ef-4f3c-80b1-66a07c6e3dcd: shutdown FollowerState
2019-10-17 20:28:54,313 [Thread-2436] INFO  impl.RaftServerImpl (RaftServerImpl.java:setRole(184)) - c07977b7-c8ef-4f3c-80b1-66a07c6e3dcd@group-C2BDBBDF155D: changes role from  FOLLOWER to CANDIDATE at term 238 for changeToCandidate
2019-10-17 20:28:54,313 [Thread-2436] INFO  impl.RoleInfo (RoleInfo.java:updateAndGet(143)) - c07977b7-c8ef-4f3c-80b1-66a07c6e3dcd: start LeaderElection
2019-10-17 20:28:54,339 [c07977b7-c8ef-4f3c-80b1-66a07c6e3dcd@group-C2BDBBDF155D-LeaderElection245] INFO  impl.LeaderElection (LeaderElection.java:askForVotes(178)) - c07977b7-c8ef-4f3c-80b1-66a07c6e3dcd@group-C2BDBBDF155D-LeaderElection245: begin an election at term 239 for -1: [d81605c5-54b3-45a8-b5ae-2e8d8890cbef:192.168.164.201:42755, 7f29c796-0732-402f-b865-67033766dcba:192.168.164.201:40704, c07977b7-c8ef-4f3c-80b1-66a07c6e3dcd:192.168.164.201:38664], old=null
2019-10-17 20:28:54,341 [grpc-default-executor-4] INFO  impl.RaftServerImpl (RaftServerImpl.java:setRole(184)) - d81605c5-54b3-45a8-b5ae-2e8d8890cbef@group-C2BDBBDF155D: changes role from  FOLLOWER to FOLLOWER at term 239 for recognizeCandidate:c07977b7-c8ef-4f3c-80b1-66a07c6e3dcd
2019-10-17 20:28:54,341 [grpc-default-executor-4] INFO  impl.RoleInfo (RoleInfo.java:shutdownFollowerState(121)) - d81605c5-54b3-45a8-b5ae-2e8d8890cbef: shutdown FollowerState
2019-10-17 20:28:54,341 [grpc-default-executor-2] INFO  impl.RaftServerImpl (RaftServerImpl.java:setRole(184)) - 7f29c796-0732-402f-b865-67033766dcba@group-C2BDBBDF155D: changes role from  FOLLOWER to FOLLOWER at term 239 for recognizeCandidate:c07977b7-c8ef-4f3c-80b1-66a07c6e3dcd
2019-10-17 20:28:54,341 [Thread-2434] INFO  impl.FollowerState (FollowerState.java:run(117)) - d81605c5-54b3-45a8-b5ae-2e8d8890cbef@group-C2BDBBDF155D-FollowerState was interrupted: java.lang.InterruptedException: sleep interrupted
2019-10-17 20:28:54,341 [grpc-default-executor-4] INFO  impl.RoleInfo (RoleInfo.java:updateAndGet(143)) - d81605c5-54b3-45a8-b5ae-2e8d8890cbef: start FollowerState
2019-10-17 20:28:54,341 [grpc-default-executor-2] INFO  impl.RoleInfo (RoleInfo.java:shutdownFollowerState(121)) - 7f29c796-0732-402f-b865-67033766dcba: shutdown FollowerState
2019-10-17 20:28:54,341 [grpc-default-executor-2] INFO  impl.RoleInfo (RoleInfo.java:updateAndGet(143)) - 7f29c796-0732-402f-b865-67033766dcba: start FollowerState
2019-10-17 20:28:54,341 [Thread-2435] INFO  impl.FollowerState (FollowerState.java:run(117)) - 7f29c796-0732-402f-b865-67033766dcba@group-C2BDBBDF155D-FollowerState was interrupted: java.lang.InterruptedException: sleep interrupted
2019-10-17 20:28:54,365 [c07977b7-c8ef-4f3c-80b1-66a07c6e3dcd@group-C2BDBBDF155D-LeaderElection245] INFO  impl.LeaderElection (LeaderElection.java:logAndReturn(56)) - c07977b7-c8ef-4f3c-80b1-66a07c6e3dcd@group-C2BDBBDF155D-LeaderElection245: Election REJECTED; received 2 response(s) [c07977b7-c8ef-4f3c-80b1-66a07c6e3dcd<-d81605c5-54b3-45a8-b5ae-2e8d8890cbef#0:FAIL-t239, c07977b7-c8ef-4f3c-80b1-66a07c6e3dcd<-7f29c796-0732-402f-b865-67033766dcba#0:FAIL-t239] and 0 exception(s); c07977b7-c8ef-4f3c-80b1-66a07c6e3dcd@group-C2BDBBDF155D:t239, leader=null, voted=c07977b7-c8ef-4f3c-80b1-66a07c6e3dcd, raftlog=c07977b7-c8ef-4f3c-80b1-66a07c6e3dcd@group-C2BDBBDF155D-SegmentedRaftLog:OPENED:c-1,f-1,i0, conf=-1: [d81605c5-54b3-45a8-b5ae-2e8d8890cbef:192.168.164.201:42755, 7f29c796-0732-402f-b865-67033766dcba:192.168.164.201:40704, c07977b7-c8ef-4f3c-80b1-66a07c6e3dcd:192.168.164.201:38664], old=null
2019-10-17 20:28:54,365 [c07977b7-c8ef-4f3c-80b1-66a07c6e3dcd@group-C2BDBBDF155D-LeaderElection245] INFO  impl.RaftServerImpl (RaftServerImpl.java:setRole(184)) - c07977b7-c8ef-4f3c-80b1-66a07c6e3dcd@group-C2BDBBDF155D: changes role from CANDIDATE to FOLLOWER at term 239 for DISCOVERED_A_NEW_TERM
2019-10-17 20:28:54,365 [c07977b7-c8ef-4f3c-80b1-66a07c6e3dcd@group-C2BDBBDF155D-LeaderElection245] INFO  impl.RoleInfo (RoleInfo.java:shutdownLeaderElection(134)) - c07977b7-c8ef-4f3c-80b1-66a07c6e3dcd: shutdown LeaderElection
2019-10-17 20:28:54,365 [c07977b7-c8ef-4f3c-80b1-66a07c6e3dcd@group-C2BDBBDF155D-LeaderElection245] INFO  impl.RoleInfo (RoleInfo.java:updateAndGet(143)) - c07977b7-c8ef-4f3c-80b1-66a07c6e3dcd: start FollowerState
2019-10-17 20:28:54,474 [Thread-2442] INFO  impl.FollowerState (FollowerState.java:run(108)) - c07977b7-c8ef-4f3c-80b1-66a07c6e3dcd@group-C2BDBBDF155D-FollowerState: change to CANDIDATE, lastRpcTime:108ms, electionTimeout:108ms
2019-10-17 20:28:54,474 [Thread-2442] INFO  impl.RoleInfo (RoleInfo.java:shutdownFollowerState(121)) - c07977b7-c8ef-4f3c-80b1-66a07c6e3dcd: shutdown FollowerState
2019-10-17 20:28:54,474 [Thread-2442] INFO  impl.RaftServerImpl (RaftServerImpl.java:setRole(184)) - c07977b7-c8ef-4f3c-80b1-66a07c6e3dcd@group-C2BDBBDF155D: changes role from  FOLLOWER to CANDIDATE at term 239 for changeToCandidate
2019-10-17 20:28:54,474 [Thread-2442] INFO  impl.RoleInfo (RoleInfo.java:updateAndGet(143)) - c07977b7-c8ef-4f3c-80b1-66a07c6e3dcd: start LeaderElection
2019-10-17 20:28:54,498 [c07977b7-c8ef-4f3c-80b1-66a07c6e3dcd@group-C2BDBBDF155D-LeaderElection246] INFO  impl.LeaderElection (LeaderElection.java:askForVotes(178)) - c07977b7-c8ef-4f3c-80b1-66a07c6e3dcd@group-C2BDBBDF155D-LeaderElection246: begin an election at term 240 for -1: [d81605c5-54b3-45a8-b5ae-2e8d8890cbef:192.168.164.201:42755, 7f29c796-0732-402f-b865-67033766dcba:192.168.164.201:40704, c07977b7-c8ef-4f3c-80b1-66a07c6e3dcd:192.168.164.201:38664], old=null
2019-10-17 20:28:54,500 [grpc-default-executor-2] INFO  impl.RaftServerImpl (RaftServerImpl.java:setRole(184)) - d81605c5-54b3-45a8-b5ae-2e8d8890cbef@group-C2BDBBDF155D: changes role from  FOLLOWER to FOLLOWER at term 240 for recognizeCandidate:c07977b7-c8ef-4f3c-80b1-66a07c6e3dcd
2019-10-17 20:28:54,500 [grpc-default-executor-2] INFO  impl.RoleInfo (RoleInfo.java:shutdownFollowerState(121)) - d81605c5-54b3-45a8-b5ae-2e8d8890cbef: shutdown FollowerState
2019-10-17 20:28:54,500 [grpc-default-executor-4] INFO  impl.RaftServerImpl (RaftServerImpl.java:setRole(184)) - 7f29c796-0732-402f-b865-67033766dcba@group-C2BDBBDF155D: changes role from  FOLLOWER to FOLLOWER at term 240 for recognizeCandidate:c07977b7-c8ef-4f3c-80b1-66a07c6e3dcd
2019-10-17 20:28:54,500 [Thread-2440] INFO  impl.FollowerState (FollowerState.java:run(117)) - d81605c5-54b3-45a8-b5ae-2e8d8890cbef@group-C2BDBBDF155D-FollowerState was interrupted: java.lang.InterruptedException: sleep interrupted
2019-10-17 20:28:54,500 [grpc-default-executor-2] INFO  impl.RoleInfo (RoleInfo.java:updateAndGet(143)) - d81605c5-54b3-45a8-b5ae-2e8d8890cbef: start FollowerState
2019-10-17 20:28:54,500 [grpc-default-executor-4] INFO  impl.RoleInfo (RoleInfo.java:shutdownFollowerState(121)) - 7f29c796-0732-402f-b865-67033766dcba: shutdown FollowerState
2019-10-17 20:28:54,501 [grpc-default-executor-4] INFO  impl.RoleInfo (RoleInfo.java:updateAndGet(143)) - 7f29c796-0732-402f-b865-67033766dcba: start FollowerState
2019-10-17 20:28:54,501 [Thread-2441] INFO  impl.FollowerState (FollowerState.java:run(117)) - 7f29c796-0732-402f-b865-67033766dcba@group-C2BDBBDF155D-FollowerState was interrupted: java.lang.InterruptedException: sleep interrupted
2019-10-17 20:28:54,524 [c07977b7-c8ef-4f3c-80b1-66a07c6e3dcd@group-C2BDBBDF155D-LeaderElection246] INFO  impl.LeaderElection (LeaderElection.java:logAndReturn(56)) - c07977b7-c8ef-4f3c-80b1-66a07c6e3dcd@group-C2BDBBDF155D-LeaderElection246: Election REJECTED; received 2 response(s) [c07977b7-c8ef-4f3c-80b1-66a07c6e3dcd<-d81605c5-54b3-45a8-b5ae-2e8d8890cbef#0:FAIL-t240, c07977b7-c8ef-4f3c-80b1-66a07c6e3dcd<-7f29c796-0732-402f-b865-67033766dcba#0:FAIL-t240] and 0 exception(s); c07977b7-c8ef-4f3c-80b1-66a07c6e3dcd@group-C2BDBBDF155D:t240, leader=null, voted=c07977b7-c8ef-4f3c-80b1-66a07c6e3dcd, raftlog=c07977b7-c8ef-4f3c-80b1-66a07c6e3dcd@group-C2BDBBDF155D-SegmentedRaftLog:OPENED:c-1,f-1,i0, conf=-1: [d81605c5-54b3-45a8-b5ae-2e8d8890cbef:192.168.164.201:42755, 7f29c796-0732-402f-b865-67033766dcba:192.168.164.201:40704, c07977b7-c8ef-4f3c-80b1-66a07c6e3dcd:192.168.164.201:38664], old=null
2019-10-17 20:28:54,524 [c07977b7-c8ef-4f3c-80b1-66a07c6e3dcd@group-C2BDBBDF155D-LeaderElection246] INFO  impl.RaftServerImpl (RaftServerImpl.java:setRole(184)) - c07977b7-c8ef-4f3c-80b1-66a07c6e3dcd@group-C2BDBBDF155D: changes role from CANDIDATE to FOLLOWER at term 240 for DISCOVERED_A_NEW_TERM
2019-10-17 20:28:54,524 [c07977b7-c8ef-4f3c-80b1-66a07c6e3dcd@group-C2BDBBDF155D-LeaderElection246] INFO  impl.RoleInfo (RoleInfo.java:shutdownLeaderElection(134)) - c07977b7-c8ef-4f3c-80b1-66a07c6e3dcd: shutdown LeaderElection
2019-10-17 20:28:54,525 [c07977b7-c8ef-4f3c-80b1-66a07c6e3dcd@group-C2BDBBDF155D-LeaderElection246] INFO  impl.RoleInfo (RoleInfo.java:updateAndGet(143)) - c07977b7-c8ef-4f3c-80b1-66a07c6e3dcd: start FollowerState
2019-10-17 20:28:54,545 [Thread-754] INFO  ozone.MiniOzoneClusterImpl (MiniOzoneClusterImpl.java:lambda$waitForClusterToBeReady$2(164)) - Waiting for 1 number of pipelines out of 4, to report a leader.
2019-10-17 20:28:54,688 [Thread-2448] INFO  impl.FollowerState (FollowerState.java:run(108)) - c07977b7-c8ef-4f3c-80b1-66a07c6e3dcd@group-C2BDBBDF155D-FollowerState: change to CANDIDATE, lastRpcTime:163ms, electionTimeout:163ms
2019-10-17 20:28:54,688 [Thread-2448] INFO  impl.RoleInfo (RoleInfo.java:shutdownFollowerState(121)) - c07977b7-c8ef-4f3c-80b1-66a07c6e3dcd: shutdown FollowerState
2019-10-17 20:28:54,688 [Thread-2448] INFO  impl.RaftServerImpl (RaftServerImpl.java:setRole(184)) - c07977b7-c8ef-4f3c-80b1-66a07c6e3dcd@group-C2BDBBDF155D: changes role from  FOLLOWER to CANDIDATE at term 240 for changeToCandidate
2019-10-17 20:28:54,688 [Thread-2448] INFO  impl.RoleInfo (RoleInfo.java:updateAndGet(143)) - c07977b7-c8ef-4f3c-80b1-66a07c6e3dcd: start LeaderElection
2019-10-17 20:28:54,715 [c07977b7-c8ef-4f3c-80b1-66a07c6e3dcd@group-C2BDBBDF155D-LeaderElection247] INFO  impl.LeaderElection (LeaderElection.java:askForVotes(178)) - c07977b7-c8ef-4f3c-80b1-66a07c6e3dcd@group-C2BDBBDF155D-LeaderElection247: begin an election at term 241 for -1: [d81605c5-54b3-45a8-b5ae-2e8d8890cbef:192.168.164.201:42755, 7f29c796-0732-402f-b865-67033766dcba:192.168.164.201:40704, c07977b7-c8ef-4f3c-80b1-66a07c6e3dcd:192.168.164.201:38664], old=null
2019-10-17 20:28:54,718 [grpc-default-executor-2] INFO  impl.RaftServerImpl (RaftServerImpl.java:setRole(184)) - 7f29c796-0732-402f-b865-67033766dcba@group-C2BDBBDF155D: changes role from  FOLLOWER to FOLLOWER at term 241 for recognizeCandidate:c07977b7-c8ef-4f3c-80b1-66a07c6e3dcd
2019-10-17 20:28:54,718 [grpc-default-executor-2] INFO  impl.RoleInfo (RoleInfo.java:shutdownFollowerState(121)) - 7f29c796-0732-402f-b865-67033766dcba: shutdown FollowerState
2019-10-17 20:28:54,718 [grpc-default-executor-4] INFO  impl.RaftServerImpl (RaftServerImpl.java:setRole(184)) - d81605c5-54b3-45a8-b5ae-2e8d8890cbef@group-C2BDBBDF155D: changes role from  FOLLOWER to FOLLOWER at term 241 for recognizeCandidate:c07977b7-c8ef-4f3c-80b1-66a07c6e3dcd
2019-10-17 20:28:54,718 [Thread-2447] INFO  impl.FollowerState (FollowerState.java:run(117)) - 7f29c796-0732-402f-b865-67033766dcba@group-C2BDBBDF155D-FollowerState was interrupted: java.lang.InterruptedException: sleep interrupted
2019-10-17 20:28:54,718 [grpc-default-executor-2] INFO  impl.RoleInfo (RoleInfo.java:updateAndGet(143)) - 7f29c796-0732-402f-b865-67033766dcba: start FollowerState
2019-10-17 20:28:54,718 [grpc-default-executor-4] INFO  impl.RoleInfo (RoleInfo.java:shutdownFollowerState(121)) - d81605c5-54b3-45a8-b5ae-2e8d8890cbef: shutdown FollowerState
2019-10-17 20:28:54,719 [grpc-default-executor-4] INFO  impl.RoleInfo (RoleInfo.java:updateAndGet(143)) - d81605c5-54b3-45a8-b5ae-2e8d8890cbef: start FollowerState
2019-10-17 20:28:54,719 [Thread-2446] INFO  impl.FollowerState (FollowerState.java:run(117)) - d81605c5-54b3-45a8-b5ae-2e8d8890cbef@group-C2BDBBDF155D-FollowerState was interrupted: java.lang.InterruptedException: sleep interrupted
2019-10-17 20:28:54,725 [c07977b7-c8ef-4f3c-80b1-66a07c6e3dcd@group-C2BDBBDF155D-LeaderElection247] INFO  impl.LeaderElection (LeaderElection.java:logAndReturn(56)) - c07977b7-c8ef-4f3c-80b1-66a07c6e3dcd@group-C2BDBBDF155D-LeaderElection247: Election TIMEOUT; received 0 response(s) [] and 0 exception(s); c07977b7-c8ef-4f3c-80b1-66a07c6e3dcd@group-C2BDBBDF155D:t241, leader=null, voted=c07977b7-c8ef-4f3c-80b1-66a07c6e3dcd, raftlog=c07977b7-c8ef-4f3c-80b1-66a07c6e3dcd@group-C2BDBBDF155D-SegmentedRaftLog:OPENED:c-1,f-1,i0, conf=-1: [d81605c5-54b3-45a8-b5ae-2e8d8890cbef:192.168.164.201:42755, 7f29c796-0732-402f-b865-67033766dcba:192.168.164.201:40704, c07977b7-c8ef-4f3c-80b1-66a07c6e3dcd:192.168.164.201:38664], old=null
2019-10-17 20:28:54,741 [c07977b7-c8ef-4f3c-80b1-66a07c6e3dcd@group-C2BDBBDF155D-LeaderElection247] INFO  impl.LeaderElection (LeaderElection.java:askForVotes(178)) - c07977b7-c8ef-4f3c-80b1-66a07c6e3dcd@group-C2BDBBDF155D-LeaderElection247: begin an election at term 242 for -1: [d81605c5-54b3-45a8-b5ae-2e8d8890cbef:192.168.164.201:42755, 7f29c796-0732-402f-b865-67033766dcba:192.168.164.201:40704, c07977b7-c8ef-4f3c-80b1-66a07c6e3dcd:192.168.164.201:38664], old=null
2019-10-17 20:28:54,743 [grpc-default-executor-2] INFO  impl.RaftServerImpl (RaftServerImpl.java:setRole(184)) - d81605c5-54b3-45a8-b5ae-2e8d8890cbef@group-C2BDBBDF155D: changes role from  FOLLOWER to FOLLOWER at term 242 for recognizeCandidate:c07977b7-c8ef-4f3c-80b1-66a07c6e3dcd
2019-10-17 20:28:54,743 [grpc-default-executor-4] INFO  impl.RaftServerImpl (RaftServerImpl.java:setRole(184)) - 7f29c796-0732-402f-b865-67033766dcba@group-C2BDBBDF155D: changes role from  FOLLOWER to FOLLOWER at term 242 for recognizeCandidate:c07977b7-c8ef-4f3c-80b1-66a07c6e3dcd
2019-10-17 20:28:54,743 [grpc-default-executor-4] INFO  impl.RoleInfo (RoleInfo.java:shutdownFollowerState(121)) - 7f29c796-0732-402f-b865-67033766dcba: shutdown FollowerState
2019-10-17 20:28:54,743 [grpc-default-executor-2] INFO  impl.RoleInfo (RoleInfo.java:shutdownFollowerState(121)) - d81605c5-54b3-45a8-b5ae-2e8d8890cbef: shutdown FollowerState
2019-10-17 20:28:54,743 [Thread-2452] INFO  impl.FollowerState (FollowerState.java:run(117)) - 7f29c796-0732-402f-b865-67033766dcba@group-C2BDBBDF155D-FollowerState was interrupted: java.lang.InterruptedException: sleep interrupted
2019-10-17 20:28:54,743 [grpc-default-executor-4] INFO  impl.RoleInfo (RoleInfo.java:updateAndGet(143)) - 7f29c796-0732-402f-b865-67033766dcba: start FollowerState
2019-10-17 20:28:54,743 [Thread-2453] INFO  impl.FollowerState (FollowerState.java:run(117)) - d81605c5-54b3-45a8-b5ae-2e8d8890cbef@group-C2BDBBDF155D-FollowerState was interrupted: java.lang.InterruptedException: sleep interrupted
2019-10-17 20:28:54,743 [grpc-default-executor-2] INFO  impl.RoleInfo (RoleInfo.java:updateAndGet(143)) - d81605c5-54b3-45a8-b5ae-2e8d8890cbef: start FollowerState
2019-10-17 20:28:54,767 [c07977b7-c8ef-4f3c-80b1-66a07c6e3dcd@group-C2BDBBDF155D-LeaderElection247] INFO  impl.LeaderElection (LeaderElection.java:logAndReturn(56)) - c07977b7-c8ef-4f3c-80b1-66a07c6e3dcd@group-C2BDBBDF155D-LeaderElection247: Election REJECTED; received 2 response(s) [c07977b7-c8ef-4f3c-80b1-66a07c6e3dcd<-d81605c5-54b3-45a8-b5ae-2e8d8890cbef#0:FAIL-t242, c07977b7-c8ef-4f3c-80b1-66a07c6e3dcd<-7f29c796-0732-402f-b865-67033766dcba#0:FAIL-t242] and 0 exception(s); c07977b7-c8ef-4f3c-80b1-66a07c6e3dcd@group-C2BDBBDF155D:t242, leader=null, voted=c07977b7-c8ef-4f3c-80b1-66a07c6e3dcd, raftlog=c07977b7-c8ef-4f3c-80b1-66a07c6e3dcd@group-C2BDBBDF155D-SegmentedRaftLog:OPENED:c-1,f-1,i0, conf=-1: [d81605c5-54b3-45a8-b5ae-2e8d8890cbef:192.168.164.201:42755, 7f29c796-0732-402f-b865-67033766dcba:192.168.164.201:40704, c07977b7-c8ef-4f3c-80b1-66a07c6e3dcd:192.168.164.201:38664], old=null
2019-10-17 20:28:54,767 [c07977b7-c8ef-4f3c-80b1-66a07c6e3dcd@group-C2BDBBDF155D-LeaderElection247] INFO  impl.RaftServerImpl (RaftServerImpl.java:setRole(184)) - c07977b7-c8ef-4f3c-80b1-66a07c6e3dcd@group-C2BDBBDF155D: changes role from CANDIDATE to FOLLOWER at term 242 for DISCOVERED_A_NEW_TERM
2019-10-17 20:28:54,767 [c07977b7-c8ef-4f3c-80b1-66a07c6e3dcd@group-C2BDBBDF155D-LeaderElection247] INFO  impl.RoleInfo (RoleInfo.java:shutdownLeaderElection(134)) - c07977b7-c8ef-4f3c-80b1-66a07c6e3dcd: shutdown LeaderElection
2019-10-17 20:28:54,767 [c07977b7-c8ef-4f3c-80b1-66a07c6e3dcd@group-C2BDBBDF155D-LeaderElection247] INFO  impl.RoleInfo (RoleInfo.java:updateAndGet(143)) - c07977b7-c8ef-4f3c-80b1-66a07c6e3dcd: start FollowerState
2019-10-17 20:28:54,829 [Thread-2458] INFO  impl.FollowerState (FollowerState.java:run(108)) - c07977b7-c8ef-4f3c-80b1-66a07c6e3dcd@group-C2BDBBDF155D-FollowerState: change to CANDIDATE, lastRpcTime:61ms, electionTimeout:61ms
2019-10-17 20:28:54,829 [Thread-2458] INFO  impl.RoleInfo (RoleInfo.java:shutdownFollowerState(121)) - c07977b7-c8ef-4f3c-80b1-66a07c6e3dcd: shutdown FollowerState
2019-10-17 20:28:54,829 [Thread-2458] INFO  impl.RaftServerImpl (RaftServerImpl.java:setRole(184)) - c07977b7-c8ef-4f3c-80b1-66a07c6e3dcd@group-C2BDBBDF155D: changes role from  FOLLOWER to CANDIDATE at term 242 for changeToCandidate
2019-10-17 20:28:54,829 [Thread-2458] INFO  impl.RoleInfo (RoleInfo.java:updateAndGet(143)) - c07977b7-c8ef-4f3c-80b1-66a07c6e3dcd: start LeaderElection
2019-10-17 20:28:54,858 [c07977b7-c8ef-4f3c-80b1-66a07c6e3dcd@group-C2BDBBDF155D-LeaderElection248] INFO  impl.LeaderElection (LeaderElection.java:askForVotes(178)) - c07977b7-c8ef-4f3c-80b1-66a07c6e3dcd@group-C2BDBBDF155D-LeaderElection248: begin an election at term 243 for -1: [d81605c5-54b3-45a8-b5ae-2e8d8890cbef:192.168.164.201:42755, 7f29c796-0732-402f-b865-67033766dcba:192.168.164.201:40704, c07977b7-c8ef-4f3c-80b1-66a07c6e3dcd:192.168.164.201:38664], old=null
2019-10-17 20:28:54,860 [grpc-default-executor-4] INFO  impl.RaftServerImpl (RaftServerImpl.java:setRole(184)) - d81605c5-54b3-45a8-b5ae-2e8d8890cbef@group-C2BDBBDF155D: changes role from  FOLLOWER to FOLLOWER at term 243 for recognizeCandidate:c07977b7-c8ef-4f3c-80b1-66a07c6e3dcd
2019-10-17 20:28:54,860 [grpc-default-executor-4] INFO  impl.RoleInfo (RoleInfo.java:shutdownFollowerState(121)) - d81605c5-54b3-45a8-b5ae-2e8d8890cbef: shutdown FollowerState
2019-10-17 20:28:54,860 [grpc-default-executor-2] INFO  impl.RaftServerImpl (RaftServerImpl.java:setRole(184)) - 7f29c796-0732-402f-b865-67033766dcba@group-C2BDBBDF155D: changes role from  FOLLOWER to FOLLOWER at term 243 for recognizeCandidate:c07977b7-c8ef-4f3c-80b1-66a07c6e3dcd
2019-10-17 20:28:54,860 [Thread-2457] INFO  impl.FollowerState (FollowerState.java:run(117)) - d81605c5-54b3-45a8-b5ae-2e8d8890cbef@group-C2BDBBDF155D-FollowerState was interrupted: java.lang.InterruptedException: sleep interrupted
2019-10-17 20:28:54,860 [grpc-default-executor-4] INFO  impl.RoleInfo (RoleInfo.java:updateAndGet(143)) - d81605c5-54b3-45a8-b5ae-2e8d8890cbef: start FollowerState
2019-10-17 20:28:54,861 [grpc-default-executor-2] INFO  impl.RoleInfo (RoleInfo.java:shutdownFollowerState(121)) - 7f29c796-0732-402f-b865-67033766dcba: shutdown FollowerState
2019-10-17 20:28:54,861 [grpc-default-executor-2] INFO  impl.RoleInfo (RoleInfo.java:updateAndGet(143)) - 7f29c796-0732-402f-b865-67033766dcba: start FollowerState
2019-10-17 20:28:54,861 [Thread-2456] INFO  impl.FollowerState (FollowerState.java:run(117)) - 7f29c796-0732-402f-b865-67033766dcba@group-C2BDBBDF155D-FollowerState was interrupted: java.lang.InterruptedException: sleep interrupted
2019-10-17 20:28:54,884 [c07977b7-c8ef-4f3c-80b1-66a07c6e3dcd@group-C2BDBBDF155D-LeaderElection248] INFO  impl.LeaderElection (LeaderElection.java:logAndReturn(56)) - c07977b7-c8ef-4f3c-80b1-66a07c6e3dcd@group-C2BDBBDF155D-LeaderElection248: Election REJECTED; received 2 response(s) [c07977b7-c8ef-4f3c-80b1-66a07c6e3dcd<-d81605c5-54b3-45a8-b5ae-2e8d8890cbef#0:FAIL-t243, c07977b7-c8ef-4f3c-80b1-66a07c6e3dcd<-7f29c796-0732-402f-b865-67033766dcba#0:FAIL-t243] and 0 exception(s); c07977b7-c8ef-4f3c-80b1-66a07c6e3dcd@group-C2BDBBDF155D:t243, leader=null, voted=c07977b7-c8ef-4f3c-80b1-66a07c6e3dcd, raftlog=c07977b7-c8ef-4f3c-80b1-66a07c6e3dcd@group-C2BDBBDF155D-SegmentedRaftLog:OPENED:c-1,f-1,i0, conf=-1: [d81605c5-54b3-45a8-b5ae-2e8d8890cbef:192.168.164.201:42755, 7f29c796-0732-402f-b865-67033766dcba:192.168.164.201:40704, c07977b7-c8ef-4f3c-80b1-66a07c6e3dcd:192.168.164.201:38664], old=null
2019-10-17 20:28:54,885 [c07977b7-c8ef-4f3c-80b1-66a07c6e3dcd@group-C2BDBBDF155D-LeaderElection248] INFO  impl.RaftServerImpl (RaftServerImpl.java:setRole(184)) - c07977b7-c8ef-4f3c-80b1-66a07c6e3dcd@group-C2BDBBDF155D: changes role from CANDIDATE to FOLLOWER at term 243 for DISCOVERED_A_NEW_TERM
2019-10-17 20:28:54,885 [c07977b7-c8ef-4f3c-80b1-66a07c6e3dcd@group-C2BDBBDF155D-LeaderElection248] INFO  impl.RoleInfo (RoleInfo.java:shutdownLeaderElection(134)) - c07977b7-c8ef-4f3c-80b1-66a07c6e3dcd: shutdown LeaderElection
2019-10-17 20:28:54,885 [c07977b7-c8ef-4f3c-80b1-66a07c6e3dcd@group-C2BDBBDF155D-LeaderElection248] INFO  impl.RoleInfo (RoleInfo.java:updateAndGet(143)) - c07977b7-c8ef-4f3c-80b1-66a07c6e3dcd: start FollowerState
2019-10-17 20:28:55,023 [Thread-2464] INFO  impl.FollowerState (FollowerState.java:run(108)) - c07977b7-c8ef-4f3c-80b1-66a07c6e3dcd@group-C2BDBBDF155D-FollowerState: change to CANDIDATE, lastRpcTime:138ms, electionTimeout:138ms
2019-10-17 20:28:55,024 [Thread-2464] INFO  impl.RoleInfo (RoleInfo.java:shutdownFollowerState(121)) - c07977b7-c8ef-4f3c-80b1-66a07c6e3dcd: shutdown FollowerState
2019-10-17 20:28:55,024 [Thread-2464] INFO  impl.RaftServerImpl (RaftServerImpl.java:setRole(184)) - c07977b7-c8ef-4f3c-80b1-66a07c6e3dcd@group-C2BDBBDF155D: changes role from  FOLLOWER to CANDIDATE at term 243 for changeToCandidate
2019-10-17 20:28:55,024 [Thread-2464] INFO  impl.RoleInfo (RoleInfo.java:updateAndGet(143)) - c07977b7-c8ef-4f3c-80b1-66a07c6e3dcd: start LeaderElection
2019-10-17 20:28:55,050 [c07977b7-c8ef-4f3c-80b1-66a07c6e3dcd@group-C2BDBBDF155D-LeaderElection249] INFO  impl.LeaderElection (LeaderElection.java:askForVotes(178)) - c07977b7-c8ef-4f3c-80b1-66a07c6e3dcd@group-C2BDBBDF155D-LeaderElection249: begin an election at term 244 for -1: [d81605c5-54b3-45a8-b5ae-2e8d8890cbef:192.168.164.201:42755, 7f29c796-0732-402f-b865-67033766dcba:192.168.164.201:40704, c07977b7-c8ef-4f3c-80b1-66a07c6e3dcd:192.168.164.201:38664], old=null
2019-10-17 20:28:55,052 [grpc-default-executor-2] INFO  impl.RaftServerImpl (RaftServerImpl.java:setRole(184)) - 7f29c796-0732-402f-b865-67033766dcba@group-C2BDBBDF155D: changes role from  FOLLOWER to FOLLOWER at term 244 for recognizeCandidate:c07977b7-c8ef-4f3c-80b1-66a07c6e3dcd
2019-10-17 20:28:55,053 [grpc-default-executor-2] INFO  impl.RoleInfo (RoleInfo.java:shutdownFollowerState(121)) - 7f29c796-0732-402f-b865-67033766dcba: shutdown FollowerState
2019-10-17 20:28:55,052 [grpc-default-executor-4] INFO  impl.RaftServerImpl (RaftServerImpl.java:setRole(184)) - d81605c5-54b3-45a8-b5ae-2e8d8890cbef@group-C2BDBBDF155D: changes role from  FOLLOWER to FOLLOWER at term 244 for recognizeCandidate:c07977b7-c8ef-4f3c-80b1-66a07c6e3dcd
2019-10-17 20:28:55,053 [Thread-2463] INFO  impl.FollowerState (FollowerState.java:run(117)) - 7f29c796-0732-402f-b865-67033766dcba@group-C2BDBBDF155D-FollowerState was interrupted: java.lang.InterruptedException: sleep interrupted
2019-10-17 20:28:55,053 [grpc-default-executor-2] INFO  impl.RoleInfo (RoleInfo.java:updateAndGet(143)) - 7f29c796-0732-402f-b865-67033766dcba: start FollowerState
2019-10-17 20:28:55,053 [grpc-default-executor-4] INFO  impl.RoleInfo (RoleInfo.java:shutdownFollowerState(121)) - d81605c5-54b3-45a8-b5ae-2e8d8890cbef: shutdown FollowerState
2019-10-17 20:28:55,053 [grpc-default-executor-4] INFO  impl.RoleInfo (RoleInfo.java:updateAndGet(143)) - d81605c5-54b3-45a8-b5ae-2e8d8890cbef: start FollowerState
2019-10-17 20:28:55,053 [Thread-2462] INFO  impl.FollowerState (FollowerState.java:run(117)) - d81605c5-54b3-45a8-b5ae-2e8d8890cbef@group-C2BDBBDF155D-FollowerState was interrupted: java.lang.InterruptedException: sleep interrupted
2019-10-17 20:28:55,077 [c07977b7-c8ef-4f3c-80b1-66a07c6e3dcd@group-C2BDBBDF155D-LeaderElection249] INFO  impl.LeaderElection (LeaderElection.java:logAndReturn(56)) - c07977b7-c8ef-4f3c-80b1-66a07c6e3dcd@group-C2BDBBDF155D-LeaderElection249: Election REJECTED; received 2 response(s) [c07977b7-c8ef-4f3c-80b1-66a07c6e3dcd<-d81605c5-54b3-45a8-b5ae-2e8d8890cbef#0:FAIL-t244, c07977b7-c8ef-4f3c-80b1-66a07c6e3dcd<-7f29c796-0732-402f-b865-67033766dcba#0:FAIL-t244] and 0 exception(s); c07977b7-c8ef-4f3c-80b1-66a07c6e3dcd@group-C2BDBBDF155D:t244, leader=null, voted=c07977b7-c8ef-4f3c-80b1-66a07c6e3dcd, raftlog=c07977b7-c8ef-4f3c-80b1-66a07c6e3dcd@group-C2BDBBDF155D-SegmentedRaftLog:OPENED:c-1,f-1,i0, conf=-1: [d81605c5-54b3-45a8-b5ae-2e8d8890cbef:192.168.164.201:42755, 7f29c796-0732-402f-b865-67033766dcba:192.168.164.201:40704, c07977b7-c8ef-4f3c-80b1-66a07c6e3dcd:192.168.164.201:38664], old=null
2019-10-17 20:28:55,077 [c07977b7-c8ef-4f3c-80b1-66a07c6e3dcd@group-C2BDBBDF155D-LeaderElection249] INFO  impl.RaftServerImpl (RaftServerImpl.java:setRole(184)) - c07977b7-c8ef-4f3c-80b1-66a07c6e3dcd@group-C2BDBBDF155D: changes role from CANDIDATE to FOLLOWER at term 244 for DISCOVERED_A_NEW_TERM
2019-10-17 20:28:55,077 [c07977b7-c8ef-4f3c-80b1-66a07c6e3dcd@group-C2BDBBDF155D-LeaderElection249] INFO  impl.RoleInfo (RoleInfo.java:shutdownLeaderElection(134)) - c07977b7-c8ef-4f3c-80b1-66a07c6e3dcd: shutdown LeaderElection
2019-10-17 20:28:55,077 [c07977b7-c8ef-4f3c-80b1-66a07c6e3dcd@group-C2BDBBDF155D-LeaderElection249] INFO  impl.RoleInfo (RoleInfo.java:updateAndGet(143)) - c07977b7-c8ef-4f3c-80b1-66a07c6e3dcd: start FollowerState
2019-10-17 20:28:55,120 [Thread-2470] INFO  impl.FollowerState (FollowerState.java:run(108)) - c07977b7-c8ef-4f3c-80b1-66a07c6e3dcd@group-C2BDBBDF155D-FollowerState: change to CANDIDATE, lastRpcTime:43ms, electionTimeout:43ms
2019-10-17 20:28:55,121 [Thread-2470] INFO  impl.RoleInfo (RoleInfo.java:shutdownFollowerState(121)) - c07977b7-c8ef-4f3c-80b1-66a07c6e3dcd: shutdown FollowerState
2019-10-17 20:28:55,121 [Thread-2470] INFO  impl.RaftServerImpl (RaftServerImpl.java:setRole(184)) - c07977b7-c8ef-4f3c-80b1-66a07c6e3dcd@group-C2BDBBDF155D: changes role from  FOLLOWER to CANDIDATE at term 244 for changeToCandidate
2019-10-17 20:28:55,121 [Thread-2470] INFO  impl.RoleInfo (RoleInfo.java:updateAndGet(143)) - c07977b7-c8ef-4f3c-80b1-66a07c6e3dcd: start LeaderElection
2019-10-17 20:28:55,151 [c07977b7-c8ef-4f3c-80b1-66a07c6e3dcd@group-C2BDBBDF155D-LeaderElection250] INFO  impl.LeaderElection (LeaderElection.java:askForVotes(178)) - c07977b7-c8ef-4f3c-80b1-66a07c6e3dcd@group-C2BDBBDF155D-LeaderElection250: begin an election at term 245 for -1: [d81605c5-54b3-45a8-b5ae-2e8d8890cbef:192.168.164.201:42755, 7f29c796-0732-402f-b865-67033766dcba:192.168.164.201:40704, c07977b7-c8ef-4f3c-80b1-66a07c6e3dcd:192.168.164.201:38664], old=null
2019-10-17 20:28:55,153 [grpc-default-executor-2] INFO  impl.RaftServerImpl (RaftServerImpl.java:setRole(184)) - d81605c5-54b3-45a8-b5ae-2e8d8890cbef@group-C2BDBBDF155D: changes role from  FOLLOWER to FOLLOWER at term 245 for recognizeCandidate:c07977b7-c8ef-4f3c-80b1-66a07c6e3dcd
2019-10-17 20:28:55,153 [grpc-default-executor-2] INFO  impl.RoleInfo (RoleInfo.java:shutdownFollowerState(121)) - d81605c5-54b3-45a8-b5ae-2e8d8890cbef: shutdown FollowerState
2019-10-17 20:28:55,153 [grpc-default-executor-4] INFO  impl.RaftServerImpl (RaftServerImpl.java:setRole(184)) - 7f29c796-0732-402f-b865-67033766dcba@group-C2BDBBDF155D: changes role from  FOLLOWER to FOLLOWER at term 245 for recognizeCandidate:c07977b7-c8ef-4f3c-80b1-66a07c6e3dcd
2019-10-17 20:28:55,153 [Thread-2469] INFO  impl.FollowerState (FollowerState.java:run(117)) - d81605c5-54b3-45a8-b5ae-2e8d8890cbef@group-C2BDBBDF155D-FollowerState was interrupted: java.lang.InterruptedException: sleep interrupted
2019-10-17 20:28:55,153 [grpc-default-executor-2] INFO  impl.RoleInfo (RoleInfo.java:updateAndGet(143)) - d81605c5-54b3-45a8-b5ae-2e8d8890cbef: start FollowerState
2019-10-17 20:28:55,154 [grpc-default-executor-4] INFO  impl.RoleInfo (RoleInfo.java:shutdownFollowerState(121)) - 7f29c796-0732-402f-b865-67033766dcba: shutdown FollowerState
2019-10-17 20:28:55,154 [grpc-default-executor-4] INFO  impl.RoleInfo (RoleInfo.java:updateAndGet(143)) - 7f29c796-0732-402f-b865-67033766dcba: start FollowerState
2019-10-17 20:28:55,154 [Thread-2468] INFO  impl.FollowerState (FollowerState.java:run(117)) - 7f29c796-0732-402f-b865-67033766dcba@group-C2BDBBDF155D-FollowerState was interrupted: java.lang.InterruptedException: sleep interrupted
2019-10-17 20:28:55,177 [c07977b7-c8ef-4f3c-80b1-66a07c6e3dcd@group-C2BDBBDF155D-LeaderElection250] INFO  impl.LeaderElection (LeaderElection.java:logAndReturn(56)) - c07977b7-c8ef-4f3c-80b1-66a07c6e3dcd@group-C2BDBBDF155D-LeaderElection250: Election REJECTED; received 2 response(s) [c07977b7-c8ef-4f3c-80b1-66a07c6e3dcd<-d81605c5-54b3-45a8-b5ae-2e8d8890cbef#0:FAIL-t245, c07977b7-c8ef-4f3c-80b1-66a07c6e3dcd<-7f29c796-0732-402f-b865-67033766dcba#0:FAIL-t245] and 0 exception(s); c07977b7-c8ef-4f3c-80b1-66a07c6e3dcd@group-C2BDBBDF155D:t245, leader=null, voted=c07977b7-c8ef-4f3c-80b1-66a07c6e3dcd, raftlog=c07977b7-c8ef-4f3c-80b1-66a07c6e3dcd@group-C2BDBBDF155D-SegmentedRaftLog:OPENED:c-1,f-1,i0, conf=-1: [d81605c5-54b3-45a8-b5ae-2e8d8890cbef:192.168.164.201:42755, 7f29c796-0732-402f-b865-67033766dcba:192.168.164.201:40704, c07977b7-c8ef-4f3c-80b1-66a07c6e3dcd:192.168.164.201:38664], old=null
2019-10-17 20:28:55,178 [c07977b7-c8ef-4f3c-80b1-66a07c6e3dcd@group-C2BDBBDF155D-LeaderElection250] INFO  impl.RaftServerImpl (RaftServerImpl.java:setRole(184)) - c07977b7-c8ef-4f3c-80b1-66a07c6e3dcd@group-C2BDBBDF155D: changes role from CANDIDATE to FOLLOWER at term 245 for DISCOVERED_A_NEW_TERM
2019-10-17 20:28:55,178 [c07977b7-c8ef-4f3c-80b1-66a07c6e3dcd@group-C2BDBBDF155D-LeaderElection250] INFO  impl.RoleInfo (RoleInfo.java:shutdownLeaderElection(134)) - c07977b7-c8ef-4f3c-80b1-66a07c6e3dcd: shutdown LeaderElection
2019-10-17 20:28:55,178 [c07977b7-c8ef-4f3c-80b1-66a07c6e3dcd@group-C2BDBBDF155D-LeaderElection250] INFO  impl.RoleInfo (RoleInfo.java:updateAndGet(143)) - c07977b7-c8ef-4f3c-80b1-66a07c6e3dcd: start FollowerState
2019-10-17 20:28:55,291 [Thread-2476] INFO  impl.FollowerState (FollowerState.java:run(108)) - c07977b7-c8ef-4f3c-80b1-66a07c6e3dcd@group-C2BDBBDF155D-FollowerState: change to CANDIDATE, lastRpcTime:113ms, electionTimeout:113ms
2019-10-17 20:28:55,291 [Thread-2476] INFO  impl.RoleInfo (RoleInfo.java:shutdownFollowerState(121)) - c07977b7-c8ef-4f3c-80b1-66a07c6e3dcd: shutdown FollowerState
2019-10-17 20:28:55,292 [Thread-2476] INFO  impl.RaftServerImpl (RaftServerImpl.java:setRole(184)) - c07977b7-c8ef-4f3c-80b1-66a07c6e3dcd@group-C2BDBBDF155D: changes role from  FOLLOWER to CANDIDATE at term 245 for changeToCandidate
2019-10-17 20:28:55,292 [Thread-2476] INFO  impl.RoleInfo (RoleInfo.java:updateAndGet(143)) - c07977b7-c8ef-4f3c-80b1-66a07c6e3dcd: start LeaderElection
2019-10-17 20:28:55,319 [c07977b7-c8ef-4f3c-80b1-66a07c6e3dcd@group-C2BDBBDF155D-LeaderElection251] INFO  impl.LeaderElection (LeaderElection.java:askForVotes(178)) - c07977b7-c8ef-4f3c-80b1-66a07c6e3dcd@group-C2BDBBDF155D-LeaderElection251: begin an election at term 246 for -1: [d81605c5-54b3-45a8-b5ae-2e8d8890cbef:192.168.164.201:42755, 7f29c796-0732-402f-b865-67033766dcba:192.168.164.201:40704, c07977b7-c8ef-4f3c-80b1-66a07c6e3dcd:192.168.164.201:38664], old=null
2019-10-17 20:28:55,321 [grpc-default-executor-4] INFO  impl.RaftServerImpl (RaftServerImpl.java:setRole(184)) - d81605c5-54b3-45a8-b5ae-2e8d8890cbef@group-C2BDBBDF155D: changes role from  FOLLOWER to FOLLOWER at term 246 for recognizeCandidate:c07977b7-c8ef-4f3c-80b1-66a07c6e3dcd
2019-10-17 20:28:55,321 [grpc-default-executor-2] INFO  impl.RaftServerImpl (RaftServerImpl.java:setRole(184)) - 7f29c796-0732-402f-b865-67033766dcba@group-C2BDBBDF155D: changes role from  FOLLOWER to FOLLOWER at term 246 for recognizeCandidate:c07977b7-c8ef-4f3c-80b1-66a07c6e3dcd
2019-10-17 20:28:55,321 [grpc-default-executor-4] INFO  impl.RoleInfo (RoleInfo.java:shutdownFollowerState(121)) - d81605c5-54b3-45a8-b5ae-2e8d8890cbef: shutdown FollowerState
2019-10-17 20:28:55,321 [grpc-default-executor-2] INFO  impl.RoleInfo (RoleInfo.java:shutdownFollowerState(121)) - 7f29c796-0732-402f-b865-67033766dcba: shutdown FollowerState
2019-10-17 20:28:55,321 [Thread-2474] INFO  impl.FollowerState (FollowerState.java:run(117)) - d81605c5-54b3-45a8-b5ae-2e8d8890cbef@group-C2BDBBDF155D-FollowerState was interrupted: java.lang.InterruptedException: sleep interrupted
2019-10-17 20:28:55,321 [grpc-default-executor-4] INFO  impl.RoleInfo (RoleInfo.java:updateAndGet(143)) - d81605c5-54b3-45a8-b5ae-2e8d8890cbef: start FollowerState
2019-10-17 20:28:55,322 [Thread-2475] INFO  impl.FollowerState (FollowerState.java:run(117)) - 7f29c796-0732-402f-b865-67033766dcba@group-C2BDBBDF155D-FollowerState was interrupted: java.lang.InterruptedException: sleep interrupted
2019-10-17 20:28:55,322 [grpc-default-executor-2] INFO  impl.RoleInfo (RoleInfo.java:updateAndGet(143)) - 7f29c796-0732-402f-b865-67033766dcba: start FollowerState
2019-10-17 20:28:55,343 [c07977b7-c8ef-4f3c-80b1-66a07c6e3dcd@group-C2BDBBDF155D-LeaderElection251] INFO  impl.LeaderElection (LeaderElection.java:logAndReturn(56)) - c07977b7-c8ef-4f3c-80b1-66a07c6e3dcd@group-C2BDBBDF155D-LeaderElection251: Election REJECTED; received 2 response(s) [c07977b7-c8ef-4f3c-80b1-66a07c6e3dcd<-d81605c5-54b3-45a8-b5ae-2e8d8890cbef#0:FAIL-t246, c07977b7-c8ef-4f3c-80b1-66a07c6e3dcd<-7f29c796-0732-402f-b865-67033766dcba#0:FAIL-t246] and 0 exception(s); c07977b7-c8ef-4f3c-80b1-66a07c6e3dcd@group-C2BDBBDF155D:t246, leader=null, voted=c07977b7-c8ef-4f3c-80b1-66a07c6e3dcd, raftlog=c07977b7-c8ef-4f3c-80b1-66a07c6e3dcd@group-C2BDBBDF155D-SegmentedRaftLog:OPENED:c-1,f-1,i0, conf=-1: [d81605c5-54b3-45a8-b5ae-2e8d8890cbef:192.168.164.201:42755, 7f29c796-0732-402f-b865-67033766dcba:192.168.164.201:40704, c07977b7-c8ef-4f3c-80b1-66a07c6e3dcd:192.168.164.201:38664], old=null
2019-10-17 20:28:55,344 [c07977b7-c8ef-4f3c-80b1-66a07c6e3dcd@group-C2BDBBDF155D-LeaderElection251] INFO  impl.RaftServerImpl (RaftServerImpl.java:setRole(184)) - c07977b7-c8ef-4f3c-80b1-66a07c6e3dcd@group-C2BDBBDF155D: changes role from CANDIDATE to FOLLOWER at term 246 for DISCOVERED_A_NEW_TERM
2019-10-17 20:28:55,344 [c07977b7-c8ef-4f3c-80b1-66a07c6e3dcd@group-C2BDBBDF155D-LeaderElection251] INFO  impl.RoleInfo (RoleInfo.java:shutdownLeaderElection(134)) - c07977b7-c8ef-4f3c-80b1-66a07c6e3dcd: shutdown LeaderElection
2019-10-17 20:28:55,344 [c07977b7-c8ef-4f3c-80b1-66a07c6e3dcd@group-C2BDBBDF155D-LeaderElection251] INFO  impl.RoleInfo (RoleInfo.java:updateAndGet(143)) - c07977b7-c8ef-4f3c-80b1-66a07c6e3dcd: start FollowerState
2019-10-17 20:28:55,396 [Thread-2482] INFO  impl.FollowerState (FollowerState.java:run(108)) - c07977b7-c8ef-4f3c-80b1-66a07c6e3dcd@group-C2BDBBDF155D-FollowerState: change to CANDIDATE, lastRpcTime:52ms, electionTimeout:52ms
2019-10-17 20:28:55,396 [Thread-2482] INFO  impl.RoleInfo (RoleInfo.java:shutdownFollowerState(121)) - c07977b7-c8ef-4f3c-80b1-66a07c6e3dcd: shutdown FollowerState
2019-10-17 20:28:55,397 [Thread-2482] INFO  impl.RaftServerImpl (RaftServerImpl.java:setRole(184)) - c07977b7-c8ef-4f3c-80b1-66a07c6e3dcd@group-C2BDBBDF155D: changes role from  FOLLOWER to CANDIDATE at term 246 for changeToCandidate
2019-10-17 20:28:55,397 [Thread-2482] INFO  impl.RoleInfo (RoleInfo.java:updateAndGet(143)) - c07977b7-c8ef-4f3c-80b1-66a07c6e3dcd: start LeaderElection
2019-10-17 20:28:55,420 [c07977b7-c8ef-4f3c-80b1-66a07c6e3dcd@group-C2BDBBDF155D-LeaderElection252] INFO  impl.LeaderElection (LeaderElection.java:askForVotes(178)) - c07977b7-c8ef-4f3c-80b1-66a07c6e3dcd@group-C2BDBBDF155D-LeaderElection252: begin an election at term 247 for -1: [d81605c5-54b3-45a8-b5ae-2e8d8890cbef:192.168.164.201:42755, 7f29c796-0732-402f-b865-67033766dcba:192.168.164.201:40704, c07977b7-c8ef-4f3c-80b1-66a07c6e3dcd:192.168.164.201:38664], old=null
2019-10-17 20:28:55,422 [grpc-default-executor-2] INFO  impl.RaftServerImpl (RaftServerImpl.java:setRole(184)) - d81605c5-54b3-45a8-b5ae-2e8d8890cbef@group-C2BDBBDF155D: changes role from  FOLLOWER to FOLLOWER at term 247 for recognizeCandidate:c07977b7-c8ef-4f3c-80b1-66a07c6e3dcd
2019-10-17 20:28:55,422 [grpc-default-executor-4] INFO  impl.RaftServerImpl (RaftServerImpl.java:setRole(184)) - 7f29c796-0732-402f-b865-67033766dcba@group-C2BDBBDF155D: changes role from  FOLLOWER to FOLLOWER at term 247 for recognizeCandidate:c07977b7-c8ef-4f3c-80b1-66a07c6e3dcd
2019-10-17 20:28:55,422 [grpc-default-executor-2] INFO  impl.RoleInfo (RoleInfo.java:shutdownFollowerState(121)) - d81605c5-54b3-45a8-b5ae-2e8d8890cbef: shutdown FollowerState
2019-10-17 20:28:55,422 [grpc-default-executor-4] INFO  impl.RoleInfo (RoleInfo.java:shutdownFollowerState(121)) - 7f29c796-0732-402f-b865-67033766dcba: shutdown FollowerState
2019-10-17 20:28:55,422 [Thread-2480] INFO  impl.FollowerState (FollowerState.java:run(117)) - d81605c5-54b3-45a8-b5ae-2e8d8890cbef@group-C2BDBBDF155D-FollowerState was interrupted: java.lang.InterruptedException: sleep interrupted
2019-10-17 20:28:55,422 [grpc-default-executor-2] INFO  impl.RoleInfo (RoleInfo.java:updateAndGet(143)) - d81605c5-54b3-45a8-b5ae-2e8d8890cbef: start FollowerState
2019-10-17 20:28:55,423 [Thread-2481] INFO  impl.FollowerState (FollowerState.java:run(117)) - 7f29c796-0732-402f-b865-67033766dcba@group-C2BDBBDF155D-FollowerState was interrupted: java.lang.InterruptedException: sleep interrupted
2019-10-17 20:28:55,423 [grpc-default-executor-4] INFO  impl.RoleInfo (RoleInfo.java:updateAndGet(143)) - 7f29c796-0732-402f-b865-67033766dcba: start FollowerState
2019-10-17 20:28:55,447 [c07977b7-c8ef-4f3c-80b1-66a07c6e3dcd@group-C2BDBBDF155D-LeaderElection252] INFO  impl.LeaderElection (LeaderElection.java:logAndReturn(56)) - c07977b7-c8ef-4f3c-80b1-66a07c6e3dcd@group-C2BDBBDF155D-LeaderElection252: Election REJECTED; received 2 response(s) [c07977b7-c8ef-4f3c-80b1-66a07c6e3dcd<-d81605c5-54b3-45a8-b5ae-2e8d8890cbef#0:FAIL-t247, c07977b7-c8ef-4f3c-80b1-66a07c6e3dcd<-7f29c796-0732-402f-b865-67033766dcba#0:FAIL-t247] and 0 exception(s); c07977b7-c8ef-4f3c-80b1-66a07c6e3dcd@group-C2BDBBDF155D:t247, leader=null, voted=c07977b7-c8ef-4f3c-80b1-66a07c6e3dcd, raftlog=c07977b7-c8ef-4f3c-80b1-66a07c6e3dcd@group-C2BDBBDF155D-SegmentedRaftLog:OPENED:c-1,f-1,i0, conf=-1: [d81605c5-54b3-45a8-b5ae-2e8d8890cbef:192.168.164.201:42755, 7f29c796-0732-402f-b865-67033766dcba:192.168.164.201:40704, c07977b7-c8ef-4f3c-80b1-66a07c6e3dcd:192.168.164.201:38664], old=null
2019-10-17 20:28:55,447 [c07977b7-c8ef-4f3c-80b1-66a07c6e3dcd@group-C2BDBBDF155D-LeaderElection252] INFO  impl.RaftServerImpl (RaftServerImpl.java:setRole(184)) - c07977b7-c8ef-4f3c-80b1-66a07c6e3dcd@group-C2BDBBDF155D: changes role from CANDIDATE to FOLLOWER at term 247 for DISCOVERED_A_NEW_TERM
2019-10-17 20:28:55,448 [c07977b7-c8ef-4f3c-80b1-66a07c6e3dcd@group-C2BDBBDF155D-LeaderElection252] INFO  impl.RoleInfo (RoleInfo.java:shutdownLeaderElection(134)) - c07977b7-c8ef-4f3c-80b1-66a07c6e3dcd: shutdown LeaderElection
2019-10-17 20:28:55,448 [c07977b7-c8ef-4f3c-80b1-66a07c6e3dcd@group-C2BDBBDF155D-LeaderElection252] INFO  impl.RoleInfo (RoleInfo.java:updateAndGet(143)) - c07977b7-c8ef-4f3c-80b1-66a07c6e3dcd: start FollowerState
2019-10-17 20:28:55,545 [Thread-754] INFO  ozone.MiniOzoneClusterImpl (MiniOzoneClusterImpl.java:lambda$waitForClusterToBeReady$2(164)) - Waiting for 1 number of pipelines out of 4, to report a leader.
2019-10-17 20:28:55,648 [Thread-2488] INFO  impl.FollowerState (FollowerState.java:run(108)) - c07977b7-c8ef-4f3c-80b1-66a07c6e3dcd@group-C2BDBBDF155D-FollowerState: change to CANDIDATE, lastRpcTime:200ms, electionTimeout:200ms
2019-10-17 20:28:55,648 [Thread-2488] INFO  impl.RoleInfo (RoleInfo.java:shutdownFollowerState(121)) - c07977b7-c8ef-4f3c-80b1-66a07c6e3dcd: shutdown FollowerState
2019-10-17 20:28:55,648 [Thread-2488] INFO  impl.RaftServerImpl (RaftServerImpl.java:setRole(184)) - c07977b7-c8ef-4f3c-80b1-66a07c6e3dcd@group-C2BDBBDF155D: changes role from  FOLLOWER to CANDIDATE at term 247 for changeToCandidate
2019-10-17 20:28:55,649 [Thread-2488] INFO  impl.RoleInfo (RoleInfo.java:updateAndGet(143)) - c07977b7-c8ef-4f3c-80b1-66a07c6e3dcd: start LeaderElection
2019-10-17 20:28:55,673 [c07977b7-c8ef-4f3c-80b1-66a07c6e3dcd@group-C2BDBBDF155D-LeaderElection253] INFO  impl.LeaderElection (LeaderElection.java:askForVotes(178)) - c07977b7-c8ef-4f3c-80b1-66a07c6e3dcd@group-C2BDBBDF155D-LeaderElection253: begin an election at term 248 for -1: [d81605c5-54b3-45a8-b5ae-2e8d8890cbef:192.168.164.201:42755, 7f29c796-0732-402f-b865-67033766dcba:192.168.164.201:40704, c07977b7-c8ef-4f3c-80b1-66a07c6e3dcd:192.168.164.201:38664], old=null
2019-10-17 20:28:55,675 [grpc-default-executor-2] INFO  impl.RaftServerImpl (RaftServerImpl.java:setRole(184)) - 7f29c796-0732-402f-b865-67033766dcba@group-C2BDBBDF155D: changes role from  FOLLOWER to FOLLOWER at term 248 for recognizeCandidate:c07977b7-c8ef-4f3c-80b1-66a07c6e3dcd
2019-10-17 20:28:55,675 [grpc-default-executor-4] INFO  impl.RaftServerImpl (RaftServerImpl.java:setRole(184)) - d81605c5-54b3-45a8-b5ae-2e8d8890cbef@group-C2BDBBDF155D: changes role from  FOLLOWER to FOLLOWER at term 248 for recognizeCandidate:c07977b7-c8ef-4f3c-80b1-66a07c6e3dcd
2019-10-17 20:28:55,675 [grpc-default-executor-2] INFO  impl.RoleInfo (RoleInfo.java:shutdownFollowerState(121)) - 7f29c796-0732-402f-b865-67033766dcba: shutdown FollowerState
2019-10-17 20:28:55,676 [grpc-default-executor-4] INFO  impl.RoleInfo (RoleInfo.java:shutdownFollowerState(121)) - d81605c5-54b3-45a8-b5ae-2e8d8890cbef: shutdown FollowerState
2019-10-17 20:28:55,676 [Thread-2487] INFO  impl.FollowerState (FollowerState.java:run(117)) - 7f29c796-0732-402f-b865-67033766dcba@group-C2BDBBDF155D-FollowerState was interrupted: java.lang.InterruptedException: sleep interrupted
2019-10-17 20:28:55,676 [grpc-default-executor-2] INFO  impl.RoleInfo (RoleInfo.java:updateAndGet(143)) - 7f29c796-0732-402f-b865-67033766dcba: start FollowerState
2019-10-17 20:28:55,676 [Thread-2486] INFO  impl.FollowerState (FollowerState.java:run(117)) - d81605c5-54b3-45a8-b5ae-2e8d8890cbef@group-C2BDBBDF155D-FollowerState was interrupted: java.lang.InterruptedException: sleep interrupted
2019-10-17 20:28:55,676 [grpc-default-executor-4] INFO  impl.RoleInfo (RoleInfo.java:updateAndGet(143)) - d81605c5-54b3-45a8-b5ae-2e8d8890cbef: start FollowerState
2019-10-17 20:28:55,700 [c07977b7-c8ef-4f3c-80b1-66a07c6e3dcd@group-C2BDBBDF155D-LeaderElection253] INFO  impl.LeaderElection (LeaderElection.java:logAndReturn(56)) - c07977b7-c8ef-4f3c-80b1-66a07c6e3dcd@group-C2BDBBDF155D-LeaderElection253: Election REJECTED; received 2 response(s) [c07977b7-c8ef-4f3c-80b1-66a07c6e3dcd<-d81605c5-54b3-45a8-b5ae-2e8d8890cbef#0:FAIL-t248, c07977b7-c8ef-4f3c-80b1-66a07c6e3dcd<-7f29c796-0732-402f-b865-67033766dcba#0:FAIL-t248] and 0 exception(s); c07977b7-c8ef-4f3c-80b1-66a07c6e3dcd@group-C2BDBBDF155D:t248, leader=null, voted=c07977b7-c8ef-4f3c-80b1-66a07c6e3dcd, raftlog=c07977b7-c8ef-4f3c-80b1-66a07c6e3dcd@group-C2BDBBDF155D-SegmentedRaftLog:OPENED:c-1,f-1,i0, conf=-1: [d81605c5-54b3-45a8-b5ae-2e8d8890cbef:192.168.164.201:42755, 7f29c796-0732-402f-b865-67033766dcba:192.168.164.201:40704, c07977b7-c8ef-4f3c-80b1-66a07c6e3dcd:192.168.164.201:38664], old=null
2019-10-17 20:28:55,700 [c07977b7-c8ef-4f3c-80b1-66a07c6e3dcd@group-C2BDBBDF155D-LeaderElection253] INFO  impl.RaftServerImpl (RaftServerImpl.java:setRole(184)) - c07977b7-c8ef-4f3c-80b1-66a07c6e3dcd@group-C2BDBBDF155D: changes role from CANDIDATE to FOLLOWER at term 248 for DISCOVERED_A_NEW_TERM
2019-10-17 20:28:55,700 [c07977b7-c8ef-4f3c-80b1-66a07c6e3dcd@group-C2BDBBDF155D-LeaderElection253] INFO  impl.RoleInfo (RoleInfo.java:shutdownLeaderElection(134)) - c07977b7-c8ef-4f3c-80b1-66a07c6e3dcd: shutdown LeaderElection
2019-10-17 20:28:55,700 [c07977b7-c8ef-4f3c-80b1-66a07c6e3dcd@group-C2BDBBDF155D-LeaderElection253] INFO  impl.RoleInfo (RoleInfo.java:updateAndGet(143)) - c07977b7-c8ef-4f3c-80b1-66a07c6e3dcd: start FollowerState
2019-10-17 20:28:55,715 [Thread-2494] INFO  impl.FollowerState (FollowerState.java:run(108)) - c07977b7-c8ef-4f3c-80b1-66a07c6e3dcd@group-C2BDBBDF155D-FollowerState: change to CANDIDATE, lastRpcTime:14ms, electionTimeout:14ms
2019-10-17 20:28:55,715 [Thread-2494] INFO  impl.RoleInfo (RoleInfo.java:shutdownFollowerState(121)) - c07977b7-c8ef-4f3c-80b1-66a07c6e3dcd: shutdown FollowerState
2019-10-17 20:28:55,715 [Thread-2494] INFO  impl.RaftServerImpl (RaftServerImpl.java:setRole(184)) - c07977b7-c8ef-4f3c-80b1-66a07c6e3dcd@group-C2BDBBDF155D: changes role from  FOLLOWER to CANDIDATE at term 248 for changeToCandidate
2019-10-17 20:28:55,715 [Thread-2494] INFO  impl.RoleInfo (RoleInfo.java:updateAndGet(143)) - c07977b7-c8ef-4f3c-80b1-66a07c6e3dcd: start LeaderElection
2019-10-17 20:28:55,739 [c07977b7-c8ef-4f3c-80b1-66a07c6e3dcd@group-C2BDBBDF155D-LeaderElection254] INFO  impl.LeaderElection (LeaderElection.java:askForVotes(178)) - c07977b7-c8ef-4f3c-80b1-66a07c6e3dcd@group-C2BDBBDF155D-LeaderElection254: begin an election at term 249 for -1: [d81605c5-54b3-45a8-b5ae-2e8d8890cbef:192.168.164.201:42755, 7f29c796-0732-402f-b865-67033766dcba:192.168.164.201:40704, c07977b7-c8ef-4f3c-80b1-66a07c6e3dcd:192.168.164.201:38664], old=null
2019-10-17 20:28:55,741 [grpc-default-executor-4] INFO  impl.RaftServerImpl (RaftServerImpl.java:setRole(184)) - d81605c5-54b3-45a8-b5ae-2e8d8890cbef@group-C2BDBBDF155D: changes role from  FOLLOWER to FOLLOWER at term 249 for recognizeCandidate:c07977b7-c8ef-4f3c-80b1-66a07c6e3dcd
2019-10-17 20:28:55,741 [grpc-default-executor-4] INFO  impl.RoleInfo (RoleInfo.java:shutdownFollowerState(121)) - d81605c5-54b3-45a8-b5ae-2e8d8890cbef: shutdown FollowerState
2019-10-17 20:28:55,741 [grpc-default-executor-2] INFO  impl.RaftServerImpl (RaftServerImpl.java:setRole(184)) - 7f29c796-0732-402f-b865-67033766dcba@group-C2BDBBDF155D: changes role from  FOLLOWER to FOLLOWER at term 249 for recognizeCandidate:c07977b7-c8ef-4f3c-80b1-66a07c6e3dcd
2019-10-17 20:28:55,742 [Thread-2493] INFO  impl.FollowerState (FollowerState.java:run(117)) - d81605c5-54b3-45a8-b5ae-2e8d8890cbef@group-C2BDBBDF155D-FollowerState was interrupted: java.lang.InterruptedException: sleep interrupted
2019-10-17 20:28:55,742 [grpc-default-executor-4] INFO  impl.RoleInfo (RoleInfo.java:updateAndGet(143)) - d81605c5-54b3-45a8-b5ae-2e8d8890cbef: start FollowerState
2019-10-17 20:28:55,742 [grpc-default-executor-2] INFO  impl.RoleInfo (RoleInfo.java:shutdownFollowerState(121)) - 7f29c796-0732-402f-b865-67033766dcba: shutdown FollowerState
2019-10-17 20:28:55,742 [grpc-default-executor-2] INFO  impl.RoleInfo (RoleInfo.java:updateAndGet(143)) - 7f29c796-0732-402f-b865-67033766dcba: start FollowerState
2019-10-17 20:28:55,742 [Thread-2492] INFO  impl.FollowerState (FollowerState.java:run(117)) - 7f29c796-0732-402f-b865-67033766dcba@group-C2BDBBDF155D-FollowerState was interrupted: java.lang.InterruptedException: sleep interrupted
2019-10-17 20:28:55,766 [c07977b7-c8ef-4f3c-80b1-66a07c6e3dcd@group-C2BDBBDF155D-LeaderElection254] INFO  impl.LeaderElection (LeaderElection.java:logAndReturn(56)) - c07977b7-c8ef-4f3c-80b1-66a07c6e3dcd@group-C2BDBBDF155D-LeaderElection254: Election REJECTED; received 2 response(s) [c07977b7-c8ef-4f3c-80b1-66a07c6e3dcd<-d81605c5-54b3-45a8-b5ae-2e8d8890cbef#0:FAIL-t249, c07977b7-c8ef-4f3c-80b1-66a07c6e3dcd<-7f29c796-0732-402f-b865-67033766dcba#0:FAIL-t249] and 0 exception(s); c07977b7-c8ef-4f3c-80b1-66a07c6e3dcd@group-C2BDBBDF155D:t249, leader=null, voted=c07977b7-c8ef-4f3c-80b1-66a07c6e3dcd, raftlog=c07977b7-c8ef-4f3c-80b1-66a07c6e3dcd@group-C2BDBBDF155D-SegmentedRaftLog:OPENED:c-1,f-1,i0, conf=-1: [d81605c5-54b3-45a8-b5ae-2e8d8890cbef:192.168.164.201:42755, 7f29c796-0732-402f-b865-67033766dcba:192.168.164.201:40704, c07977b7-c8ef-4f3c-80b1-66a07c6e3dcd:192.168.164.201:38664], old=null
2019-10-17 20:28:55,766 [c07977b7-c8ef-4f3c-80b1-66a07c6e3dcd@group-C2BDBBDF155D-LeaderElection254] INFO  impl.RaftServerImpl (RaftServerImpl.java:setRole(184)) - c07977b7-c8ef-4f3c-80b1-66a07c6e3dcd@group-C2BDBBDF155D: changes role from CANDIDATE to FOLLOWER at term 249 for DISCOVERED_A_NEW_TERM
2019-10-17 20:28:55,766 [c07977b7-c8ef-4f3c-80b1-66a07c6e3dcd@group-C2BDBBDF155D-LeaderElection254] INFO  impl.RoleInfo (RoleInfo.java:shutdownLeaderElection(134)) - c07977b7-c8ef-4f3c-80b1-66a07c6e3dcd: shutdown LeaderElection
2019-10-17 20:28:55,766 [c07977b7-c8ef-4f3c-80b1-66a07c6e3dcd@group-C2BDBBDF155D-LeaderElection254] INFO  impl.RoleInfo (RoleInfo.java:updateAndGet(143)) - c07977b7-c8ef-4f3c-80b1-66a07c6e3dcd: start FollowerState
2019-10-17 20:28:55,845 [Thread-2500] INFO  impl.FollowerState (FollowerState.java:run(108)) - c07977b7-c8ef-4f3c-80b1-66a07c6e3dcd@group-C2BDBBDF155D-FollowerState: change to CANDIDATE, lastRpcTime:78ms, electionTimeout:78ms
2019-10-17 20:28:55,845 [Thread-2500] INFO  impl.RoleInfo (RoleInfo.java:shutdownFollowerState(121)) - c07977b7-c8ef-4f3c-80b1-66a07c6e3dcd: shutdown FollowerState
2019-10-17 20:28:55,845 [Thread-2500] INFO  impl.RaftServerImpl (RaftServerImpl.java:setRole(184)) - c07977b7-c8ef-4f3c-80b1-66a07c6e3dcd@group-C2BDBBDF155D: changes role from  FOLLOWER to CANDIDATE at term 249 for changeToCandidate
2019-10-17 20:28:55,845 [Thread-2500] INFO  impl.RoleInfo (RoleInfo.java:updateAndGet(143)) - c07977b7-c8ef-4f3c-80b1-66a07c6e3dcd: start LeaderElection
2019-10-17 20:28:55,888 [c07977b7-c8ef-4f3c-80b1-66a07c6e3dcd@group-C2BDBBDF155D-LeaderElection255] INFO  impl.LeaderElection (LeaderElection.java:askForVotes(178)) - c07977b7-c8ef-4f3c-80b1-66a07c6e3dcd@group-C2BDBBDF155D-LeaderElection255: begin an election at term 250 for -1: [d81605c5-54b3-45a8-b5ae-2e8d8890cbef:192.168.164.201:42755, 7f29c796-0732-402f-b865-67033766dcba:192.168.164.201:40704, c07977b7-c8ef-4f3c-80b1-66a07c6e3dcd:192.168.164.201:38664], old=null
2019-10-17 20:28:55,891 [grpc-default-executor-2] INFO  impl.RaftServerImpl (RaftServerImpl.java:setRole(184)) - d81605c5-54b3-45a8-b5ae-2e8d8890cbef@group-C2BDBBDF155D: changes role from  FOLLOWER to FOLLOWER at term 250 for recognizeCandidate:c07977b7-c8ef-4f3c-80b1-66a07c6e3dcd
2019-10-17 20:28:55,891 [grpc-default-executor-4] INFO  impl.RaftServerImpl (RaftServerImpl.java:setRole(184)) - 7f29c796-0732-402f-b865-67033766dcba@group-C2BDBBDF155D: changes role from  FOLLOWER to FOLLOWER at term 250 for recognizeCandidate:c07977b7-c8ef-4f3c-80b1-66a07c6e3dcd
2019-10-17 20:28:55,891 [grpc-default-executor-2] INFO  impl.RoleInfo (RoleInfo.java:shutdownFollowerState(121)) - d81605c5-54b3-45a8-b5ae-2e8d8890cbef: shutdown FollowerState
2019-10-17 20:28:55,891 [grpc-default-executor-4] INFO  impl.RoleInfo (RoleInfo.java:shutdownFollowerState(121)) - 7f29c796-0732-402f-b865-67033766dcba: shutdown FollowerState
2019-10-17 20:28:55,891 [grpc-default-executor-4] INFO  impl.RoleInfo (RoleInfo.java:updateAndGet(143)) - 7f29c796-0732-402f-b865-67033766dcba: start FollowerState
2019-10-17 20:28:55,891 [Thread-2498] INFO  impl.FollowerState (FollowerState.java:run(117)) - d81605c5-54b3-45a8-b5ae-2e8d8890cbef@group-C2BDBBDF155D-FollowerState was interrupted: java.lang.InterruptedException: sleep interrupted
2019-10-17 20:28:55,891 [grpc-default-executor-2] INFO  impl.RoleInfo (RoleInfo.java:updateAndGet(143)) - d81605c5-54b3-45a8-b5ae-2e8d8890cbef: start FollowerState
2019-10-17 20:28:55,891 [Thread-2499] INFO  impl.FollowerState (FollowerState.java:run(117)) - 7f29c796-0732-402f-b865-67033766dcba@group-C2BDBBDF155D-FollowerState was interrupted: java.lang.InterruptedException: sleep interrupted
2019-10-17 20:28:55,915 [c07977b7-c8ef-4f3c-80b1-66a07c6e3dcd@group-C2BDBBDF155D-LeaderElection255] INFO  impl.LeaderElection (LeaderElection.java:logAndReturn(56)) - c07977b7-c8ef-4f3c-80b1-66a07c6e3dcd@group-C2BDBBDF155D-LeaderElection255: Election REJECTED; received 2 response(s) [c07977b7-c8ef-4f3c-80b1-66a07c6e3dcd<-d81605c5-54b3-45a8-b5ae-2e8d8890cbef#0:FAIL-t250, c07977b7-c8ef-4f3c-80b1-66a07c6e3dcd<-7f29c796-0732-402f-b865-67033766dcba#0:FAIL-t250] and 0 exception(s); c07977b7-c8ef-4f3c-80b1-66a07c6e3dcd@group-C2BDBBDF155D:t250, leader=null, voted=c07977b7-c8ef-4f3c-80b1-66a07c6e3dcd, raftlog=c07977b7-c8ef-4f3c-80b1-66a07c6e3dcd@group-C2BDBBDF155D-SegmentedRaftLog:OPENED:c-1,f-1,i0, conf=-1: [d81605c5-54b3-45a8-b5ae-2e8d8890cbef:192.168.164.201:42755, 7f29c796-0732-402f-b865-67033766dcba:192.168.164.201:40704, c07977b7-c8ef-4f3c-80b1-66a07c6e3dcd:192.168.164.201:38664], old=null
2019-10-17 20:28:55,915 [c07977b7-c8ef-4f3c-80b1-66a07c6e3dcd@group-C2BDBBDF155D-LeaderElection255] INFO  impl.RaftServerImpl (RaftServerImpl.java:setRole(184)) - c07977b7-c8ef-4f3c-80b1-66a07c6e3dcd@group-C2BDBBDF155D: changes role from CANDIDATE to FOLLOWER at term 250 for DISCOVERED_A_NEW_TERM
2019-10-17 20:28:55,916 [c07977b7-c8ef-4f3c-80b1-66a07c6e3dcd@group-C2BDBBDF155D-LeaderElection255] INFO  impl.RoleInfo (RoleInfo.java:shutdownLeaderElection(134)) - c07977b7-c8ef-4f3c-80b1-66a07c6e3dcd: shutdown LeaderElection
2019-10-17 20:28:55,916 [c07977b7-c8ef-4f3c-80b1-66a07c6e3dcd@group-C2BDBBDF155D-LeaderElection255] INFO  impl.RoleInfo (RoleInfo.java:updateAndGet(143)) - c07977b7-c8ef-4f3c-80b1-66a07c6e3dcd: start FollowerState
2019-10-17 20:28:56,079 [Thread-2506] INFO  impl.FollowerState (FollowerState.java:run(108)) - c07977b7-c8ef-4f3c-80b1-66a07c6e3dcd@group-C2BDBBDF155D-FollowerState: change to CANDIDATE, lastRpcTime:163ms, electionTimeout:163ms
2019-10-17 20:28:56,079 [Thread-2506] INFO  impl.RoleInfo (RoleInfo.java:shutdownFollowerState(121)) - c07977b7-c8ef-4f3c-80b1-66a07c6e3dcd: shutdown FollowerState
2019-10-17 20:28:56,080 [Thread-2506] INFO  impl.RaftServerImpl (RaftServerImpl.java:setRole(184)) - c07977b7-c8ef-4f3c-80b1-66a07c6e3dcd@group-C2BDBBDF155D: changes role from  FOLLOWER to CANDIDATE at term 250 for changeToCandidate
2019-10-17 20:28:56,080 [Thread-2506] INFO  impl.RoleInfo (RoleInfo.java:updateAndGet(143)) - c07977b7-c8ef-4f3c-80b1-66a07c6e3dcd: start LeaderElection
2019-10-17 20:28:56,107 [c07977b7-c8ef-4f3c-80b1-66a07c6e3dcd@group-C2BDBBDF155D-LeaderElection256] INFO  impl.LeaderElection (LeaderElection.java:askForVotes(178)) - c07977b7-c8ef-4f3c-80b1-66a07c6e3dcd@group-C2BDBBDF155D-LeaderElection256: begin an election at term 251 for -1: [d81605c5-54b3-45a8-b5ae-2e8d8890cbef:192.168.164.201:42755, 7f29c796-0732-402f-b865-67033766dcba:192.168.164.201:40704, c07977b7-c8ef-4f3c-80b1-66a07c6e3dcd:192.168.164.201:38664], old=null
2019-10-17 20:28:56,109 [grpc-default-executor-4] INFO  impl.RaftServerImpl (RaftServerImpl.java:setRole(184)) - 7f29c796-0732-402f-b865-67033766dcba@group-C2BDBBDF155D: changes role from  FOLLOWER to FOLLOWER at term 251 for recognizeCandidate:c07977b7-c8ef-4f3c-80b1-66a07c6e3dcd
2019-10-17 20:28:56,109 [grpc-default-executor-4] INFO  impl.RoleInfo (RoleInfo.java:shutdownFollowerState(121)) - 7f29c796-0732-402f-b865-67033766dcba: shutdown FollowerState
2019-10-17 20:28:56,109 [grpc-default-executor-2] INFO  impl.RaftServerImpl (RaftServerImpl.java:setRole(184)) - d81605c5-54b3-45a8-b5ae-2e8d8890cbef@group-C2BDBBDF155D: changes role from  FOLLOWER to FOLLOWER at term 251 for recognizeCandidate:c07977b7-c8ef-4f3c-80b1-66a07c6e3dcd
2019-10-17 20:28:56,109 [grpc-default-executor-4] INFO  impl.RoleInfo (RoleInfo.java:updateAndGet(143)) - 7f29c796-0732-402f-b865-67033766dcba: start FollowerState
2019-10-17 20:28:56,109 [Thread-2505] INFO  impl.FollowerState (FollowerState.java:run(117)) - 7f29c796-0732-402f-b865-67033766dcba@group-C2BDBBDF155D-FollowerState was interrupted: java.lang.InterruptedException: sleep interrupted
2019-10-17 20:28:56,109 [grpc-default-executor-2] INFO  impl.RoleInfo (RoleInfo.java:shutdownFollowerState(121)) - d81605c5-54b3-45a8-b5ae-2e8d8890cbef: shutdown FollowerState
2019-10-17 20:28:56,110 [grpc-default-executor-2] INFO  impl.RoleInfo (RoleInfo.java:updateAndGet(143)) - d81605c5-54b3-45a8-b5ae-2e8d8890cbef: start FollowerState
2019-10-17 20:28:56,110 [Thread-2504] INFO  impl.FollowerState (FollowerState.java:run(117)) - d81605c5-54b3-45a8-b5ae-2e8d8890cbef@group-C2BDBBDF155D-FollowerState was interrupted: java.lang.InterruptedException: sleep interrupted
2019-10-17 20:28:56,141 [c07977b7-c8ef-4f3c-80b1-66a07c6e3dcd@group-C2BDBBDF155D-LeaderElection256] INFO  impl.LeaderElection (LeaderElection.java:logAndReturn(56)) - c07977b7-c8ef-4f3c-80b1-66a07c6e3dcd@group-C2BDBBDF155D-LeaderElection256: Election REJECTED; received 2 response(s) [c07977b7-c8ef-4f3c-80b1-66a07c6e3dcd<-d81605c5-54b3-45a8-b5ae-2e8d8890cbef#0:FAIL-t251, c07977b7-c8ef-4f3c-80b1-66a07c6e3dcd<-7f29c796-0732-402f-b865-67033766dcba#0:FAIL-t251] and 0 exception(s); c07977b7-c8ef-4f3c-80b1-66a07c6e3dcd@group-C2BDBBDF155D:t251, leader=null, voted=c07977b7-c8ef-4f3c-80b1-66a07c6e3dcd, raftlog=c07977b7-c8ef-4f3c-80b1-66a07c6e3dcd@group-C2BDBBDF155D-SegmentedRaftLog:OPENED:c-1,f-1,i0, conf=-1: [d81605c5-54b3-45a8-b5ae-2e8d8890cbef:192.168.164.201:42755, 7f29c796-0732-402f-b865-67033766dcba:192.168.164.201:40704, c07977b7-c8ef-4f3c-80b1-66a07c6e3dcd:192.168.164.201:38664], old=null
2019-10-17 20:28:56,141 [c07977b7-c8ef-4f3c-80b1-66a07c6e3dcd@group-C2BDBBDF155D-LeaderElection256] INFO  impl.RaftServerImpl (RaftServerImpl.java:setRole(184)) - c07977b7-c8ef-4f3c-80b1-66a07c6e3dcd@group-C2BDBBDF155D: changes role from CANDIDATE to FOLLOWER at term 251 for DISCOVERED_A_NEW_TERM
2019-10-17 20:28:56,141 [c07977b7-c8ef-4f3c-80b1-66a07c6e3dcd@group-C2BDBBDF155D-LeaderElection256] INFO  impl.RoleInfo (RoleInfo.java:shutdownLeaderElection(134)) - c07977b7-c8ef-4f3c-80b1-66a07c6e3dcd: shutdown LeaderElection
2019-10-17 20:28:56,142 [c07977b7-c8ef-4f3c-80b1-66a07c6e3dcd@group-C2BDBBDF155D-LeaderElection256] INFO  impl.RoleInfo (RoleInfo.java:updateAndGet(143)) - c07977b7-c8ef-4f3c-80b1-66a07c6e3dcd: start FollowerState
2019-10-17 20:28:56,190 [Thread-2512] INFO  impl.FollowerState (FollowerState.java:run(108)) - c07977b7-c8ef-4f3c-80b1-66a07c6e3dcd@group-C2BDBBDF155D-FollowerState: change to CANDIDATE, lastRpcTime:48ms, electionTimeout:48ms
2019-10-17 20:28:56,190 [Thread-2512] INFO  impl.RoleInfo (RoleInfo.java:shutdownFollowerState(121)) - c07977b7-c8ef-4f3c-80b1-66a07c6e3dcd: shutdown FollowerState
2019-10-17 20:28:56,190 [Thread-2512] INFO  impl.RaftServerImpl (RaftServerImpl.java:setRole(184)) - c07977b7-c8ef-4f3c-80b1-66a07c6e3dcd@group-C2BDBBDF155D: changes role from  FOLLOWER to CANDIDATE at term 251 for changeToCandidate
2019-10-17 20:28:56,190 [Thread-2512] INFO  impl.RoleInfo (RoleInfo.java:updateAndGet(143)) - c07977b7-c8ef-4f3c-80b1-66a07c6e3dcd: start LeaderElection
2019-10-17 20:28:56,216 [c07977b7-c8ef-4f3c-80b1-66a07c6e3dcd@group-C2BDBBDF155D-LeaderElection257] INFO  impl.LeaderElection (LeaderElection.java:askForVotes(178)) - c07977b7-c8ef-4f3c-80b1-66a07c6e3dcd@group-C2BDBBDF155D-LeaderElection257: begin an election at term 252 for -1: [d81605c5-54b3-45a8-b5ae-2e8d8890cbef:192.168.164.201:42755, 7f29c796-0732-402f-b865-67033766dcba:192.168.164.201:40704, c07977b7-c8ef-4f3c-80b1-66a07c6e3dcd:192.168.164.201:38664], old=null
2019-10-17 20:28:56,217 [grpc-default-executor-4] INFO  impl.RaftServerImpl (RaftServerImpl.java:setRole(184)) - d81605c5-54b3-45a8-b5ae-2e8d8890cbef@group-C2BDBBDF155D: changes role from  FOLLOWER to FOLLOWER at term 252 for recognizeCandidate:c07977b7-c8ef-4f3c-80b1-66a07c6e3dcd
2019-10-17 20:28:56,217 [grpc-default-executor-4] INFO  impl.RoleInfo (RoleInfo.java:shutdownFollowerState(121)) - d81605c5-54b3-45a8-b5ae-2e8d8890cbef: shutdown FollowerState
2019-10-17 20:28:56,217 [grpc-default-executor-4] INFO  impl.RoleInfo (RoleInfo.java:updateAndGet(143)) - d81605c5-54b3-45a8-b5ae-2e8d8890cbef: start FollowerState
2019-10-17 20:28:56,217 [Thread-2511] INFO  impl.FollowerState (FollowerState.java:run(117)) - d81605c5-54b3-45a8-b5ae-2e8d8890cbef@group-C2BDBBDF155D-FollowerState was interrupted: java.lang.InterruptedException: sleep interrupted
2019-10-17 20:28:56,217 [grpc-default-executor-2] INFO  impl.RaftServerImpl (RaftServerImpl.java:setRole(184)) - 7f29c796-0732-402f-b865-67033766dcba@group-C2BDBBDF155D: changes role from  FOLLOWER to FOLLOWER at term 252 for recognizeCandidate:c07977b7-c8ef-4f3c-80b1-66a07c6e3dcd
2019-10-17 20:28:56,217 [grpc-default-executor-2] INFO  impl.RoleInfo (RoleInfo.java:shutdownFollowerState(121)) - 7f29c796-0732-402f-b865-67033766dcba: shutdown FollowerState
2019-10-17 20:28:56,218 [grpc-default-executor-2] INFO  impl.RoleInfo (RoleInfo.java:updateAndGet(143)) - 7f29c796-0732-402f-b865-67033766dcba: start FollowerState
2019-10-17 20:28:56,218 [Thread-2510] INFO  impl.FollowerState (FollowerState.java:run(117)) - 7f29c796-0732-402f-b865-67033766dcba@group-C2BDBBDF155D-FollowerState was interrupted: java.lang.InterruptedException: sleep interrupted
2019-10-17 20:28:56,242 [c07977b7-c8ef-4f3c-80b1-66a07c6e3dcd@group-C2BDBBDF155D-LeaderElection257] INFO  impl.LeaderElection (LeaderElection.java:logAndReturn(56)) - c07977b7-c8ef-4f3c-80b1-66a07c6e3dcd@group-C2BDBBDF155D-LeaderElection257: Election REJECTED; received 2 response(s) [c07977b7-c8ef-4f3c-80b1-66a07c6e3dcd<-d81605c5-54b3-45a8-b5ae-2e8d8890cbef#0:FAIL-t252, c07977b7-c8ef-4f3c-80b1-66a07c6e3dcd<-7f29c796-0732-402f-b865-67033766dcba#0:FAIL-t252] and 0 exception(s); c07977b7-c8ef-4f3c-80b1-66a07c6e3dcd@group-C2BDBBDF155D:t252, leader=null, voted=c07977b7-c8ef-4f3c-80b1-66a07c6e3dcd, raftlog=c07977b7-c8ef-4f3c-80b1-66a07c6e3dcd@group-C2BDBBDF155D-SegmentedRaftLog:OPENED:c-1,f-1,i0, conf=-1: [d81605c5-54b3-45a8-b5ae-2e8d8890cbef:192.168.164.201:42755, 7f29c796-0732-402f-b865-67033766dcba:192.168.164.201:40704, c07977b7-c8ef-4f3c-80b1-66a07c6e3dcd:192.168.164.201:38664], old=null
2019-10-17 20:28:56,242 [c07977b7-c8ef-4f3c-80b1-66a07c6e3dcd@group-C2BDBBDF155D-LeaderElection257] INFO  impl.RaftServerImpl (RaftServerImpl.java:setRole(184)) - c07977b7-c8ef-4f3c-80b1-66a07c6e3dcd@group-C2BDBBDF155D: changes role from CANDIDATE to FOLLOWER at term 252 for DISCOVERED_A_NEW_TERM
2019-10-17 20:28:56,242 [c07977b7-c8ef-4f3c-80b1-66a07c6e3dcd@group-C2BDBBDF155D-LeaderElection257] INFO  impl.RoleInfo (RoleInfo.java:shutdownLeaderElection(134)) - c07977b7-c8ef-4f3c-80b1-66a07c6e3dcd: shutdown LeaderElection
2019-10-17 20:28:56,242 [c07977b7-c8ef-4f3c-80b1-66a07c6e3dcd@group-C2BDBBDF155D-LeaderElection257] INFO  impl.RoleInfo (RoleInfo.java:updateAndGet(143)) - c07977b7-c8ef-4f3c-80b1-66a07c6e3dcd: start FollowerState
2019-10-17 20:28:56,409 [Thread-2518] INFO  impl.FollowerState (FollowerState.java:run(108)) - c07977b7-c8ef-4f3c-80b1-66a07c6e3dcd@group-C2BDBBDF155D-FollowerState: change to CANDIDATE, lastRpcTime:167ms, electionTimeout:167ms
2019-10-17 20:28:56,410 [Thread-2518] INFO  impl.RoleInfo (RoleInfo.java:shutdownFollowerState(121)) - c07977b7-c8ef-4f3c-80b1-66a07c6e3dcd: shutdown FollowerState
2019-10-17 20:28:56,410 [Thread-2518] INFO  impl.RaftServerImpl (RaftServerImpl.java:setRole(184)) - c07977b7-c8ef-4f3c-80b1-66a07c6e3dcd@group-C2BDBBDF155D: changes role from  FOLLOWER to CANDIDATE at term 252 for changeToCandidate
2019-10-17 20:28:56,410 [Thread-2518] INFO  impl.RoleInfo (RoleInfo.java:updateAndGet(143)) - c07977b7-c8ef-4f3c-80b1-66a07c6e3dcd: start LeaderElection
2019-10-17 20:28:56,441 [c07977b7-c8ef-4f3c-80b1-66a07c6e3dcd@group-C2BDBBDF155D-LeaderElection258] INFO  impl.LeaderElection (LeaderElection.java:askForVotes(178)) - c07977b7-c8ef-4f3c-80b1-66a07c6e3dcd@group-C2BDBBDF155D-LeaderElection258: begin an election at term 253 for -1: [d81605c5-54b3-45a8-b5ae-2e8d8890cbef:192.168.164.201:42755, 7f29c796-0732-402f-b865-67033766dcba:192.168.164.201:40704, c07977b7-c8ef-4f3c-80b1-66a07c6e3dcd:192.168.164.201:38664], old=null
2019-10-17 20:28:56,443 [grpc-default-executor-2] INFO  impl.RaftServerImpl (RaftServerImpl.java:setRole(184)) - 7f29c796-0732-402f-b865-67033766dcba@group-C2BDBBDF155D: changes role from  FOLLOWER to FOLLOWER at term 253 for recognizeCandidate:c07977b7-c8ef-4f3c-80b1-66a07c6e3dcd
2019-10-17 20:28:56,443 [grpc-default-executor-2] INFO  impl.RoleInfo (RoleInfo.java:shutdownFollowerState(121)) - 7f29c796-0732-402f-b865-67033766dcba: shutdown FollowerState
2019-10-17 20:28:56,443 [grpc-default-executor-4] INFO  impl.RaftServerImpl (RaftServerImpl.java:setRole(184)) - d81605c5-54b3-45a8-b5ae-2e8d8890cbef@group-C2BDBBDF155D: changes role from  FOLLOWER to FOLLOWER at term 253 for recognizeCandidate:c07977b7-c8ef-4f3c-80b1-66a07c6e3dcd
2019-10-17 20:28:56,444 [Thread-2517] INFO  impl.FollowerState (FollowerState.java:run(117)) - 7f29c796-0732-402f-b865-67033766dcba@group-C2BDBBDF155D-FollowerState was interrupted: java.lang.InterruptedException: sleep interrupted
2019-10-17 20:28:56,444 [grpc-default-executor-2] INFO  impl.RoleInfo (RoleInfo.java:updateAndGet(143)) - 7f29c796-0732-402f-b865-67033766dcba: start FollowerState
2019-10-17 20:28:56,444 [grpc-default-executor-4] INFO  impl.RoleInfo (RoleInfo.java:shutdownFollowerState(121)) - d81605c5-54b3-45a8-b5ae-2e8d8890cbef: shutdown FollowerState
2019-10-17 20:28:56,444 [grpc-default-executor-4] INFO  impl.RoleInfo (RoleInfo.java:updateAndGet(143)) - d81605c5-54b3-45a8-b5ae-2e8d8890cbef: start FollowerState
2019-10-17 20:28:56,444 [Thread-2516] INFO  impl.FollowerState (FollowerState.java:run(117)) - d81605c5-54b3-45a8-b5ae-2e8d8890cbef@group-C2BDBBDF155D-FollowerState was interrupted: java.lang.InterruptedException: sleep interrupted
2019-10-17 20:28:56,468 [c07977b7-c8ef-4f3c-80b1-66a07c6e3dcd@group-C2BDBBDF155D-LeaderElection258] INFO  impl.LeaderElection (LeaderElection.java:logAndReturn(56)) - c07977b7-c8ef-4f3c-80b1-66a07c6e3dcd@group-C2BDBBDF155D-LeaderElection258: Election REJECTED; received 2 response(s) [c07977b7-c8ef-4f3c-80b1-66a07c6e3dcd<-d81605c5-54b3-45a8-b5ae-2e8d8890cbef#0:FAIL-t253, c07977b7-c8ef-4f3c-80b1-66a07c6e3dcd<-7f29c796-0732-402f-b865-67033766dcba#0:FAIL-t253] and 0 exception(s); c07977b7-c8ef-4f3c-80b1-66a07c6e3dcd@group-C2BDBBDF155D:t253, leader=null, voted=c07977b7-c8ef-4f3c-80b1-66a07c6e3dcd, raftlog=c07977b7-c8ef-4f3c-80b1-66a07c6e3dcd@group-C2BDBBDF155D-SegmentedRaftLog:OPENED:c-1,f-1,i0, conf=-1: [d81605c5-54b3-45a8-b5ae-2e8d8890cbef:192.168.164.201:42755, 7f29c796-0732-402f-b865-67033766dcba:192.168.164.201:40704, c07977b7-c8ef-4f3c-80b1-66a07c6e3dcd:192.168.164.201:38664], old=null
2019-10-17 20:28:56,468 [c07977b7-c8ef-4f3c-80b1-66a07c6e3dcd@group-C2BDBBDF155D-LeaderElection258] INFO  impl.RaftServerImpl (RaftServerImpl.java:setRole(184)) - c07977b7-c8ef-4f3c-80b1-66a07c6e3dcd@group-C2BDBBDF155D: changes role from CANDIDATE to FOLLOWER at term 253 for DISCOVERED_A_NEW_TERM
2019-10-17 20:28:56,468 [c07977b7-c8ef-4f3c-80b1-66a07c6e3dcd@group-C2BDBBDF155D-LeaderElection258] INFO  impl.RoleInfo (RoleInfo.java:shutdownLeaderElection(134)) - c07977b7-c8ef-4f3c-80b1-66a07c6e3dcd: shutdown LeaderElection
2019-10-17 20:28:56,468 [c07977b7-c8ef-4f3c-80b1-66a07c6e3dcd@group-C2BDBBDF155D-LeaderElection258] INFO  impl.RoleInfo (RoleInfo.java:updateAndGet(143)) - c07977b7-c8ef-4f3c-80b1-66a07c6e3dcd: start FollowerState
2019-10-17 20:28:56,546 [Thread-754] INFO  ozone.MiniOzoneClusterImpl (MiniOzoneClusterImpl.java:lambda$waitForClusterToBeReady$2(164)) - Waiting for 1 number of pipelines out of 4, to report a leader.
2019-10-17 20:28:56,603 [Thread-2524] INFO  impl.FollowerState (FollowerState.java:run(108)) - c07977b7-c8ef-4f3c-80b1-66a07c6e3dcd@group-C2BDBBDF155D-FollowerState: change to CANDIDATE, lastRpcTime:134ms, electionTimeout:134ms
2019-10-17 20:28:56,603 [Thread-2524] INFO  impl.RoleInfo (RoleInfo.java:shutdownFollowerState(121)) - c07977b7-c8ef-4f3c-80b1-66a07c6e3dcd: shutdown FollowerState
2019-10-17 20:28:56,603 [Thread-2524] INFO  impl.RaftServerImpl (RaftServerImpl.java:setRole(184)) - c07977b7-c8ef-4f3c-80b1-66a07c6e3dcd@group-C2BDBBDF155D: changes role from  FOLLOWER to CANDIDATE at term 253 for changeToCandidate
2019-10-17 20:28:56,603 [Thread-2524] INFO  impl.RoleInfo (RoleInfo.java:updateAndGet(143)) - c07977b7-c8ef-4f3c-80b1-66a07c6e3dcd: start LeaderElection
2019-10-17 20:28:56,634 [c07977b7-c8ef-4f3c-80b1-66a07c6e3dcd@group-C2BDBBDF155D-LeaderElection259] INFO  impl.LeaderElection (LeaderElection.java:askForVotes(178)) - c07977b7-c8ef-4f3c-80b1-66a07c6e3dcd@group-C2BDBBDF155D-LeaderElection259: begin an election at term 254 for -1: [d81605c5-54b3-45a8-b5ae-2e8d8890cbef:192.168.164.201:42755, 7f29c796-0732-402f-b865-67033766dcba:192.168.164.201:40704, c07977b7-c8ef-4f3c-80b1-66a07c6e3dcd:192.168.164.201:38664], old=null
2019-10-17 20:28:56,636 [grpc-default-executor-2] INFO  impl.RaftServerImpl (RaftServerImpl.java:setRole(184)) - d81605c5-54b3-45a8-b5ae-2e8d8890cbef@group-C2BDBBDF155D: changes role from  FOLLOWER to FOLLOWER at term 254 for recognizeCandidate:c07977b7-c8ef-4f3c-80b1-66a07c6e3dcd
2019-10-17 20:28:56,636 [grpc-default-executor-2] INFO  impl.RoleInfo (RoleInfo.java:shutdownFollowerState(121)) - d81605c5-54b3-45a8-b5ae-2e8d8890cbef: shutdown FollowerState
2019-10-17 20:28:56,637 [grpc-default-executor-2] INFO  impl.RoleInfo (RoleInfo.java:updateAndGet(143)) - d81605c5-54b3-45a8-b5ae-2e8d8890cbef: start FollowerState
2019-10-17 20:28:56,637 [Thread-2523] INFO  impl.FollowerState (FollowerState.java:run(117)) - d81605c5-54b3-45a8-b5ae-2e8d8890cbef@group-C2BDBBDF155D-FollowerState was interrupted: java.lang.InterruptedException: sleep interrupted
2019-10-17 20:28:56,637 [grpc-default-executor-4] INFO  impl.RaftServerImpl (RaftServerImpl.java:setRole(184)) - 7f29c796-0732-402f-b865-67033766dcba@group-C2BDBBDF155D: changes role from  FOLLOWER to FOLLOWER at term 254 for recognizeCandidate:c07977b7-c8ef-4f3c-80b1-66a07c6e3dcd
2019-10-17 20:28:56,637 [grpc-default-executor-4] INFO  impl.RoleInfo (RoleInfo.java:shutdownFollowerState(121)) - 7f29c796-0732-402f-b865-67033766dcba: shutdown FollowerState
2019-10-17 20:28:56,637 [grpc-default-executor-4] INFO  impl.RoleInfo (RoleInfo.java:updateAndGet(143)) - 7f29c796-0732-402f-b865-67033766dcba: start FollowerState
2019-10-17 20:28:56,637 [Thread-2522] INFO  impl.FollowerState (FollowerState.java:run(117)) - 7f29c796-0732-402f-b865-67033766dcba@group-C2BDBBDF155D-FollowerState was interrupted: java.lang.InterruptedException: sleep interrupted
2019-10-17 20:28:56,660 [c07977b7-c8ef-4f3c-80b1-66a07c6e3dcd@group-C2BDBBDF155D-LeaderElection259] INFO  impl.LeaderElection (LeaderElection.java:logAndReturn(56)) - c07977b7-c8ef-4f3c-80b1-66a07c6e3dcd@group-C2BDBBDF155D-LeaderElection259: Election REJECTED; received 2 response(s) [c07977b7-c8ef-4f3c-80b1-66a07c6e3dcd<-d81605c5-54b3-45a8-b5ae-2e8d8890cbef#0:FAIL-t254, c07977b7-c8ef-4f3c-80b1-66a07c6e3dcd<-7f29c796-0732-402f-b865-67033766dcba#0:FAIL-t254] and 0 exception(s); c07977b7-c8ef-4f3c-80b1-66a07c6e3dcd@group-C2BDBBDF155D:t254, leader=null, voted=c07977b7-c8ef-4f3c-80b1-66a07c6e3dcd, raftlog=c07977b7-c8ef-4f3c-80b1-66a07c6e3dcd@group-C2BDBBDF155D-SegmentedRaftLog:OPENED:c-1,f-1,i0, conf=-1: [d81605c5-54b3-45a8-b5ae-2e8d8890cbef:192.168.164.201:42755, 7f29c796-0732-402f-b865-67033766dcba:192.168.164.201:40704, c07977b7-c8ef-4f3c-80b1-66a07c6e3dcd:192.168.164.201:38664], old=null
2019-10-17 20:28:56,660 [c07977b7-c8ef-4f3c-80b1-66a07c6e3dcd@group-C2BDBBDF155D-LeaderElection259] INFO  impl.RaftServerImpl (RaftServerImpl.java:setRole(184)) - c07977b7-c8ef-4f3c-80b1-66a07c6e3dcd@group-C2BDBBDF155D: changes role from CANDIDATE to FOLLOWER at term 254 for DISCOVERED_A_NEW_TERM
2019-10-17 20:28:56,661 [c07977b7-c8ef-4f3c-80b1-66a07c6e3dcd@group-C2BDBBDF155D-LeaderElection259] INFO  impl.RoleInfo (RoleInfo.java:shutdownLeaderElection(134)) - c07977b7-c8ef-4f3c-80b1-66a07c6e3dcd: shutdown LeaderElection
2019-10-17 20:28:56,661 [c07977b7-c8ef-4f3c-80b1-66a07c6e3dcd@group-C2BDBBDF155D-LeaderElection259] INFO  impl.RoleInfo (RoleInfo.java:updateAndGet(143)) - c07977b7-c8ef-4f3c-80b1-66a07c6e3dcd: start FollowerState
2019-10-17 20:28:56,788 [Thread-2530] INFO  impl.FollowerState (FollowerState.java:run(108)) - c07977b7-c8ef-4f3c-80b1-66a07c6e3dcd@group-C2BDBBDF155D-FollowerState: change to CANDIDATE, lastRpcTime:127ms, electionTimeout:127ms
2019-10-17 20:28:56,788 [Thread-2530] INFO  impl.RoleInfo (RoleInfo.java:shutdownFollowerState(121)) - c07977b7-c8ef-4f3c-80b1-66a07c6e3dcd: shutdown FollowerState
2019-10-17 20:28:56,789 [Thread-2530] INFO  impl.RaftServerImpl (RaftServerImpl.java:setRole(184)) - c07977b7-c8ef-4f3c-80b1-66a07c6e3dcd@group-C2BDBBDF155D: changes role from  FOLLOWER to CANDIDATE at term 254 for changeToCandidate
2019-10-17 20:28:56,789 [Thread-2530] INFO  impl.RoleInfo (RoleInfo.java:updateAndGet(143)) - c07977b7-c8ef-4f3c-80b1-66a07c6e3dcd: start LeaderElection
2019-10-17 20:28:56,818 [c07977b7-c8ef-4f3c-80b1-66a07c6e3dcd@group-C2BDBBDF155D-LeaderElection260] INFO  impl.LeaderElection (LeaderElection.java:askForVotes(178)) - c07977b7-c8ef-4f3c-80b1-66a07c6e3dcd@group-C2BDBBDF155D-LeaderElection260: begin an election at term 255 for -1: [d81605c5-54b3-45a8-b5ae-2e8d8890cbef:192.168.164.201:42755, 7f29c796-0732-402f-b865-67033766dcba:192.168.164.201:40704, c07977b7-c8ef-4f3c-80b1-66a07c6e3dcd:192.168.164.201:38664], old=null
2019-10-17 20:28:56,821 [grpc-default-executor-2] INFO  impl.RaftServerImpl (RaftServerImpl.java:setRole(184)) - d81605c5-54b3-45a8-b5ae-2e8d8890cbef@group-C2BDBBDF155D: changes role from  FOLLOWER to FOLLOWER at term 255 for recognizeCandidate:c07977b7-c8ef-4f3c-80b1-66a07c6e3dcd
2019-10-17 20:28:56,821 [grpc-default-executor-2] INFO  impl.RoleInfo (RoleInfo.java:shutdownFollowerState(121)) - d81605c5-54b3-45a8-b5ae-2e8d8890cbef: shutdown FollowerState
2019-10-17 20:28:56,821 [grpc-default-executor-4] INFO  impl.RaftServerImpl (RaftServerImpl.java:setRole(184)) - 7f29c796-0732-402f-b865-67033766dcba@group-C2BDBBDF155D: changes role from  FOLLOWER to FOLLOWER at term 255 for recognizeCandidate:c07977b7-c8ef-4f3c-80b1-66a07c6e3dcd
2019-10-17 20:28:56,821 [Thread-2528] INFO  impl.FollowerState (FollowerState.java:run(117)) - d81605c5-54b3-45a8-b5ae-2e8d8890cbef@group-C2BDBBDF155D-FollowerState was interrupted: java.lang.InterruptedException: sleep interrupted
2019-10-17 20:28:56,821 [grpc-default-executor-2] INFO  impl.RoleInfo (RoleInfo.java:updateAndGet(143)) - d81605c5-54b3-45a8-b5ae-2e8d8890cbef: start FollowerState
2019-10-17 20:28:56,821 [grpc-default-executor-4] INFO  impl.RoleInfo (RoleInfo.java:shutdownFollowerState(121)) - 7f29c796-0732-402f-b865-67033766dcba: shutdown FollowerState
2019-10-17 20:28:56,822 [grpc-default-executor-4] INFO  impl.RoleInfo (RoleInfo.java:updateAndGet(143)) - 7f29c796-0732-402f-b865-67033766dcba: start FollowerState
2019-10-17 20:28:56,822 [Thread-2529] INFO  impl.FollowerState (FollowerState.java:run(117)) - 7f29c796-0732-402f-b865-67033766dcba@group-C2BDBBDF155D-FollowerState was interrupted: java.lang.InterruptedException: sleep interrupted
2019-10-17 20:28:56,844 [c07977b7-c8ef-4f3c-80b1-66a07c6e3dcd@group-C2BDBBDF155D-LeaderElection260] INFO  impl.LeaderElection (LeaderElection.java:logAndReturn(56)) - c07977b7-c8ef-4f3c-80b1-66a07c6e3dcd@group-C2BDBBDF155D-LeaderElection260: Election REJECTED; received 2 response(s) [c07977b7-c8ef-4f3c-80b1-66a07c6e3dcd<-d81605c5-54b3-45a8-b5ae-2e8d8890cbef#0:FAIL-t255, c07977b7-c8ef-4f3c-80b1-66a07c6e3dcd<-7f29c796-0732-402f-b865-67033766dcba#0:FAIL-t255] and 0 exception(s); c07977b7-c8ef-4f3c-80b1-66a07c6e3dcd@group-C2BDBBDF155D:t255, leader=null, voted=c07977b7-c8ef-4f3c-80b1-66a07c6e3dcd, raftlog=c07977b7-c8ef-4f3c-80b1-66a07c6e3dcd@group-C2BDBBDF155D-SegmentedRaftLog:OPENED:c-1,f-1,i0, conf=-1: [d81605c5-54b3-45a8-b5ae-2e8d8890cbef:192.168.164.201:42755, 7f29c796-0732-402f-b865-67033766dcba:192.168.164.201:40704, c07977b7-c8ef-4f3c-80b1-66a07c6e3dcd:192.168.164.201:38664], old=null
2019-10-17 20:28:56,845 [c07977b7-c8ef-4f3c-80b1-66a07c6e3dcd@group-C2BDBBDF155D-LeaderElection260] INFO  impl.RaftServerImpl (RaftServerImpl.java:setRole(184)) - c07977b7-c8ef-4f3c-80b1-66a07c6e3dcd@group-C2BDBBDF155D: changes role from CANDIDATE to FOLLOWER at term 255 for DISCOVERED_A_NEW_TERM
2019-10-17 20:28:56,845 [c07977b7-c8ef-4f3c-80b1-66a07c6e3dcd@group-C2BDBBDF155D-LeaderElection260] INFO  impl.RoleInfo (RoleInfo.java:shutdownLeaderElection(134)) - c07977b7-c8ef-4f3c-80b1-66a07c6e3dcd: shutdown LeaderElection
2019-10-17 20:28:56,845 [c07977b7-c8ef-4f3c-80b1-66a07c6e3dcd@group-C2BDBBDF155D-LeaderElection260] INFO  impl.RoleInfo (RoleInfo.java:updateAndGet(143)) - c07977b7-c8ef-4f3c-80b1-66a07c6e3dcd: start FollowerState
2019-10-17 20:28:56,907 [Thread-2536] INFO  impl.FollowerState (FollowerState.java:run(108)) - c07977b7-c8ef-4f3c-80b1-66a07c6e3dcd@group-C2BDBBDF155D-FollowerState: change to CANDIDATE, lastRpcTime:61ms, electionTimeout:61ms
2019-10-17 20:28:56,907 [Thread-2536] INFO  impl.RoleInfo (RoleInfo.java:shutdownFollowerState(121)) - c07977b7-c8ef-4f3c-80b1-66a07c6e3dcd: shutdown FollowerState
2019-10-17 20:28:56,907 [Thread-2536] INFO  impl.RaftServerImpl (RaftServerImpl.java:setRole(184)) - c07977b7-c8ef-4f3c-80b1-66a07c6e3dcd@group-C2BDBBDF155D: changes role from  FOLLOWER to CANDIDATE at term 255 for changeToCandidate
2019-10-17 20:28:56,907 [Thread-2536] INFO  impl.RoleInfo (RoleInfo.java:updateAndGet(143)) - c07977b7-c8ef-4f3c-80b1-66a07c6e3dcd: start LeaderElection
2019-10-17 20:28:56,936 [c07977b7-c8ef-4f3c-80b1-66a07c6e3dcd@group-C2BDBBDF155D-LeaderElection261] INFO  impl.LeaderElection (LeaderElection.java:askForVotes(178)) - c07977b7-c8ef-4f3c-80b1-66a07c6e3dcd@group-C2BDBBDF155D-LeaderElection261: begin an election at term 256 for -1: [d81605c5-54b3-45a8-b5ae-2e8d8890cbef:192.168.164.201:42755, 7f29c796-0732-402f-b865-67033766dcba:192.168.164.201:40704, c07977b7-c8ef-4f3c-80b1-66a07c6e3dcd:192.168.164.201:38664], old=null
2019-10-17 20:28:56,938 [grpc-default-executor-2] INFO  impl.RaftServerImpl (RaftServerImpl.java:setRole(184)) - d81605c5-54b3-45a8-b5ae-2e8d8890cbef@group-C2BDBBDF155D: changes role from  FOLLOWER to FOLLOWER at term 256 for recognizeCandidate:c07977b7-c8ef-4f3c-80b1-66a07c6e3dcd
2019-10-17 20:28:56,938 [grpc-default-executor-2] INFO  impl.RoleInfo (RoleInfo.java:shutdownFollowerState(121)) - d81605c5-54b3-45a8-b5ae-2e8d8890cbef: shutdown FollowerState
2019-10-17 20:28:56,938 [grpc-default-executor-2] INFO  impl.RoleInfo (RoleInfo.java:updateAndGet(143)) - d81605c5-54b3-45a8-b5ae-2e8d8890cbef: start FollowerState
2019-10-17 20:28:56,938 [Thread-2534] INFO  impl.FollowerState (FollowerState.java:run(117)) - d81605c5-54b3-45a8-b5ae-2e8d8890cbef@group-C2BDBBDF155D-FollowerState was interrupted: java.lang.InterruptedException: sleep interrupted
2019-10-17 20:28:56,939 [grpc-default-executor-4] INFO  impl.RaftServerImpl (RaftServerImpl.java:setRole(184)) - 7f29c796-0732-402f-b865-67033766dcba@group-C2BDBBDF155D: changes role from  FOLLOWER to FOLLOWER at term 256 for recognizeCandidate:c07977b7-c8ef-4f3c-80b1-66a07c6e3dcd
2019-10-17 20:28:56,939 [grpc-default-executor-4] INFO  impl.RoleInfo (RoleInfo.java:shutdownFollowerState(121)) - 7f29c796-0732-402f-b865-67033766dcba: shutdown FollowerState
2019-10-17 20:28:56,940 [grpc-default-executor-4] INFO  impl.RoleInfo (RoleInfo.java:updateAndGet(143)) - 7f29c796-0732-402f-b865-67033766dcba: start FollowerState
2019-10-17 20:28:56,940 [Thread-2535] INFO  impl.FollowerState (FollowerState.java:run(117)) - 7f29c796-0732-402f-b865-67033766dcba@group-C2BDBBDF155D-FollowerState was interrupted: java.lang.InterruptedException: sleep interrupted
2019-10-17 20:28:56,962 [c07977b7-c8ef-4f3c-80b1-66a07c6e3dcd@group-C2BDBBDF155D-LeaderElection261] INFO  impl.LeaderElection (LeaderElection.java:logAndReturn(56)) - c07977b7-c8ef-4f3c-80b1-66a07c6e3dcd@group-C2BDBBDF155D-LeaderElection261: Election REJECTED; received 2 response(s) [c07977b7-c8ef-4f3c-80b1-66a07c6e3dcd<-d81605c5-54b3-45a8-b5ae-2e8d8890cbef#0:FAIL-t256, c07977b7-c8ef-4f3c-80b1-66a07c6e3dcd<-7f29c796-0732-402f-b865-67033766dcba#0:FAIL-t256] and 0 exception(s); c07977b7-c8ef-4f3c-80b1-66a07c6e3dcd@group-C2BDBBDF155D:t256, leader=null, voted=c07977b7-c8ef-4f3c-80b1-66a07c6e3dcd, raftlog=c07977b7-c8ef-4f3c-80b1-66a07c6e3dcd@group-C2BDBBDF155D-SegmentedRaftLog:OPENED:c-1,f-1,i0, conf=-1: [d81605c5-54b3-45a8-b5ae-2e8d8890cbef:192.168.164.201:42755, 7f29c796-0732-402f-b865-67033766dcba:192.168.164.201:40704, c07977b7-c8ef-4f3c-80b1-66a07c6e3dcd:192.168.164.201:38664], old=null
2019-10-17 20:28:56,962 [c07977b7-c8ef-4f3c-80b1-66a07c6e3dcd@group-C2BDBBDF155D-LeaderElection261] INFO  impl.RaftServerImpl (RaftServerImpl.java:setRole(184)) - c07977b7-c8ef-4f3c-80b1-66a07c6e3dcd@group-C2BDBBDF155D: changes role from CANDIDATE to FOLLOWER at term 256 for DISCOVERED_A_NEW_TERM
2019-10-17 20:28:56,962 [c07977b7-c8ef-4f3c-80b1-66a07c6e3dcd@group-C2BDBBDF155D-LeaderElection261] INFO  impl.RoleInfo (RoleInfo.java:shutdownLeaderElection(134)) - c07977b7-c8ef-4f3c-80b1-66a07c6e3dcd: shutdown LeaderElection
2019-10-17 20:28:56,962 [c07977b7-c8ef-4f3c-80b1-66a07c6e3dcd@group-C2BDBBDF155D-LeaderElection261] INFO  impl.RoleInfo (RoleInfo.java:updateAndGet(143)) - c07977b7-c8ef-4f3c-80b1-66a07c6e3dcd: start FollowerState
2019-10-17 20:28:57,116 [Thread-2542] INFO  impl.FollowerState (FollowerState.java:run(108)) - c07977b7-c8ef-4f3c-80b1-66a07c6e3dcd@group-C2BDBBDF155D-FollowerState: change to CANDIDATE, lastRpcTime:153ms, electionTimeout:153ms
2019-10-17 20:28:57,116 [Thread-2542] INFO  impl.RoleInfo (RoleInfo.java:shutdownFollowerState(121)) - c07977b7-c8ef-4f3c-80b1-66a07c6e3dcd: shutdown FollowerState
2019-10-17 20:28:57,116 [Thread-2542] INFO  impl.RaftServerImpl (RaftServerImpl.java:setRole(184)) - c07977b7-c8ef-4f3c-80b1-66a07c6e3dcd@group-C2BDBBDF155D: changes role from  FOLLOWER to CANDIDATE at term 256 for changeToCandidate
2019-10-17 20:28:57,117 [Thread-2542] INFO  impl.RoleInfo (RoleInfo.java:updateAndGet(143)) - c07977b7-c8ef-4f3c-80b1-66a07c6e3dcd: start LeaderElection
2019-10-17 20:28:57,145 [c07977b7-c8ef-4f3c-80b1-66a07c6e3dcd@group-C2BDBBDF155D-LeaderElection262] INFO  impl.LeaderElection (LeaderElection.java:askForVotes(178)) - c07977b7-c8ef-4f3c-80b1-66a07c6e3dcd@group-C2BDBBDF155D-LeaderElection262: begin an election at term 257 for -1: [d81605c5-54b3-45a8-b5ae-2e8d8890cbef:192.168.164.201:42755, 7f29c796-0732-402f-b865-67033766dcba:192.168.164.201:40704, c07977b7-c8ef-4f3c-80b1-66a07c6e3dcd:192.168.164.201:38664], old=null
2019-10-17 20:28:57,147 [grpc-default-executor-2] INFO  impl.RaftServerImpl (RaftServerImpl.java:setRole(184)) - d81605c5-54b3-45a8-b5ae-2e8d8890cbef@group-C2BDBBDF155D: changes role from  FOLLOWER to FOLLOWER at term 257 for recognizeCandidate:c07977b7-c8ef-4f3c-80b1-66a07c6e3dcd
2019-10-17 20:28:57,147 [grpc-default-executor-2] INFO  impl.RoleInfo (RoleInfo.java:shutdownFollowerState(121)) - d81605c5-54b3-45a8-b5ae-2e8d8890cbef: shutdown FollowerState
2019-10-17 20:28:57,148 [grpc-default-executor-2] INFO  impl.RoleInfo (RoleInfo.java:updateAndGet(143)) - d81605c5-54b3-45a8-b5ae-2e8d8890cbef: start FollowerState
2019-10-17 20:28:57,148 [Thread-2540] INFO  impl.FollowerState (FollowerState.java:run(117)) - d81605c5-54b3-45a8-b5ae-2e8d8890cbef@group-C2BDBBDF155D-FollowerState was interrupted: java.lang.InterruptedException: sleep interrupted
2019-10-17 20:28:57,148 [grpc-default-executor-4] INFO  impl.RaftServerImpl (RaftServerImpl.java:setRole(184)) - 7f29c796-0732-402f-b865-67033766dcba@group-C2BDBBDF155D: changes role from  FOLLOWER to FOLLOWER at term 257 for recognizeCandidate:c07977b7-c8ef-4f3c-80b1-66a07c6e3dcd
2019-10-17 20:28:57,148 [grpc-default-executor-4] INFO  impl.RoleInfo (RoleInfo.java:shutdownFollowerState(121)) - 7f29c796-0732-402f-b865-67033766dcba: shutdown FollowerState
2019-10-17 20:28:57,148 [grpc-default-executor-4] INFO  impl.RoleInfo (RoleInfo.java:updateAndGet(143)) - 7f29c796-0732-402f-b865-67033766dcba: start FollowerState
2019-10-17 20:28:57,148 [Thread-2541] INFO  impl.FollowerState (FollowerState.java:run(117)) - 7f29c796-0732-402f-b865-67033766dcba@group-C2BDBBDF155D-FollowerState was interrupted: java.lang.InterruptedException: sleep interrupted
2019-10-17 20:28:57,171 [c07977b7-c8ef-4f3c-80b1-66a07c6e3dcd@group-C2BDBBDF155D-LeaderElection262] INFO  impl.LeaderElection (LeaderElection.java:logAndReturn(56)) - c07977b7-c8ef-4f3c-80b1-66a07c6e3dcd@group-C2BDBBDF155D-LeaderElection262: Election REJECTED; received 2 response(s) [c07977b7-c8ef-4f3c-80b1-66a07c6e3dcd<-d81605c5-54b3-45a8-b5ae-2e8d8890cbef#0:FAIL-t257, c07977b7-c8ef-4f3c-80b1-66a07c6e3dcd<-7f29c796-0732-402f-b865-67033766dcba#0:FAIL-t257] and 0 exception(s); c07977b7-c8ef-4f3c-80b1-66a07c6e3dcd@group-C2BDBBDF155D:t257, leader=null, voted=c07977b7-c8ef-4f3c-80b1-66a07c6e3dcd, raftlog=c07977b7-c8ef-4f3c-80b1-66a07c6e3dcd@group-C2BDBBDF155D-SegmentedRaftLog:OPENED:c-1,f-1,i0, conf=-1: [d81605c5-54b3-45a8-b5ae-2e8d8890cbef:192.168.164.201:42755, 7f29c796-0732-402f-b865-67033766dcba:192.168.164.201:40704, c07977b7-c8ef-4f3c-80b1-66a07c6e3dcd:192.168.164.201:38664], old=null
2019-10-17 20:28:57,171 [c07977b7-c8ef-4f3c-80b1-66a07c6e3dcd@group-C2BDBBDF155D-LeaderElection262] INFO  impl.RaftServerImpl (RaftServerImpl.java:setRole(184)) - c07977b7-c8ef-4f3c-80b1-66a07c6e3dcd@group-C2BDBBDF155D: changes role from CANDIDATE to FOLLOWER at term 257 for DISCOVERED_A_NEW_TERM
2019-10-17 20:28:57,171 [c07977b7-c8ef-4f3c-80b1-66a07c6e3dcd@group-C2BDBBDF155D-LeaderElection262] INFO  impl.RoleInfo (RoleInfo.java:shutdownLeaderElection(134)) - c07977b7-c8ef-4f3c-80b1-66a07c6e3dcd: shutdown LeaderElection
2019-10-17 20:28:57,171 [c07977b7-c8ef-4f3c-80b1-66a07c6e3dcd@group-C2BDBBDF155D-LeaderElection262] INFO  impl.RoleInfo (RoleInfo.java:updateAndGet(143)) - c07977b7-c8ef-4f3c-80b1-66a07c6e3dcd: start FollowerState
2019-10-17 20:28:57,339 [Thread-2548] INFO  impl.FollowerState (FollowerState.java:run(108)) - c07977b7-c8ef-4f3c-80b1-66a07c6e3dcd@group-C2BDBBDF155D-FollowerState: change to CANDIDATE, lastRpcTime:167ms, electionTimeout:167ms
2019-10-17 20:28:57,339 [Thread-2548] INFO  impl.RoleInfo (RoleInfo.java:shutdownFollowerState(121)) - c07977b7-c8ef-4f3c-80b1-66a07c6e3dcd: shutdown FollowerState
2019-10-17 20:28:57,339 [Thread-2548] INFO  impl.RaftServerImpl (RaftServerImpl.java:setRole(184)) - c07977b7-c8ef-4f3c-80b1-66a07c6e3dcd@group-C2BDBBDF155D: changes role from  FOLLOWER to CANDIDATE at term 257 for changeToCandidate
2019-10-17 20:28:57,339 [Thread-2548] INFO  impl.RoleInfo (RoleInfo.java:updateAndGet(143)) - c07977b7-c8ef-4f3c-80b1-66a07c6e3dcd: start LeaderElection
2019-10-17 20:28:57,370 [c07977b7-c8ef-4f3c-80b1-66a07c6e3dcd@group-C2BDBBDF155D-LeaderElection263] INFO  impl.LeaderElection (LeaderElection.java:askForVotes(178)) - c07977b7-c8ef-4f3c-80b1-66a07c6e3dcd@group-C2BDBBDF155D-LeaderElection263: begin an election at term 258 for -1: [d81605c5-54b3-45a8-b5ae-2e8d8890cbef:192.168.164.201:42755, 7f29c796-0732-402f-b865-67033766dcba:192.168.164.201:40704, c07977b7-c8ef-4f3c-80b1-66a07c6e3dcd:192.168.164.201:38664], old=null
2019-10-17 20:28:57,373 [grpc-default-executor-2] INFO  impl.RaftServerImpl (RaftServerImpl.java:setRole(184)) - 7f29c796-0732-402f-b865-67033766dcba@group-C2BDBBDF155D: changes role from  FOLLOWER to FOLLOWER at term 258 for recognizeCandidate:c07977b7-c8ef-4f3c-80b1-66a07c6e3dcd
2019-10-17 20:28:57,373 [grpc-default-executor-2] INFO  impl.RoleInfo (RoleInfo.java:shutdownFollowerState(121)) - 7f29c796-0732-402f-b865-67033766dcba: shutdown FollowerState
2019-10-17 20:28:57,373 [grpc-default-executor-2] INFO  impl.RoleInfo (RoleInfo.java:updateAndGet(143)) - 7f29c796-0732-402f-b865-67033766dcba: start FollowerState
2019-10-17 20:28:57,373 [Thread-2547] INFO  impl.FollowerState (FollowerState.java:run(117)) - 7f29c796-0732-402f-b865-67033766dcba@group-C2BDBBDF155D-FollowerState was interrupted: java.lang.InterruptedException: sleep interrupted
2019-10-17 20:28:57,374 [grpc-default-executor-4] INFO  impl.RaftServerImpl (RaftServerImpl.java:setRole(184)) - d81605c5-54b3-45a8-b5ae-2e8d8890cbef@group-C2BDBBDF155D: changes role from  FOLLOWER to FOLLOWER at term 258 for recognizeCandidate:c07977b7-c8ef-4f3c-80b1-66a07c6e3dcd
2019-10-17 20:28:57,374 [grpc-default-executor-4] INFO  impl.RoleInfo (RoleInfo.java:shutdownFollowerState(121)) - d81605c5-54b3-45a8-b5ae-2e8d8890cbef: shutdown FollowerState
2019-10-17 20:28:57,374 [grpc-default-executor-4] INFO  impl.RoleInfo (RoleInfo.java:updateAndGet(143)) - d81605c5-54b3-45a8-b5ae-2e8d8890cbef: start FollowerState
2019-10-17 20:28:57,374 [Thread-2546] INFO  impl.FollowerState (FollowerState.java:run(117)) - d81605c5-54b3-45a8-b5ae-2e8d8890cbef@group-C2BDBBDF155D-FollowerState was interrupted: java.lang.InterruptedException: sleep interrupted
2019-10-17 20:28:57,397 [c07977b7-c8ef-4f3c-80b1-66a07c6e3dcd@group-C2BDBBDF155D-LeaderElection263] INFO  impl.LeaderElection (LeaderElection.java:logAndReturn(56)) - c07977b7-c8ef-4f3c-80b1-66a07c6e3dcd@group-C2BDBBDF155D-LeaderElection263: Election REJECTED; received 2 response(s) [c07977b7-c8ef-4f3c-80b1-66a07c6e3dcd<-d81605c5-54b3-45a8-b5ae-2e8d8890cbef#0:FAIL-t258, c07977b7-c8ef-4f3c-80b1-66a07c6e3dcd<-7f29c796-0732-402f-b865-67033766dcba#0:FAIL-t258] and 0 exception(s); c07977b7-c8ef-4f3c-80b1-66a07c6e3dcd@group-C2BDBBDF155D:t258, leader=null, voted=c07977b7-c8ef-4f3c-80b1-66a07c6e3dcd, raftlog=c07977b7-c8ef-4f3c-80b1-66a07c6e3dcd@group-C2BDBBDF155D-SegmentedRaftLog:OPENED:c-1,f-1,i0, conf=-1: [d81605c5-54b3-45a8-b5ae-2e8d8890cbef:192.168.164.201:42755, 7f29c796-0732-402f-b865-67033766dcba:192.168.164.201:40704, c07977b7-c8ef-4f3c-80b1-66a07c6e3dcd:192.168.164.201:38664], old=null
2019-10-17 20:28:57,397 [c07977b7-c8ef-4f3c-80b1-66a07c6e3dcd@group-C2BDBBDF155D-LeaderElection263] INFO  impl.RaftServerImpl (RaftServerImpl.java:setRole(184)) - c07977b7-c8ef-4f3c-80b1-66a07c6e3dcd@group-C2BDBBDF155D: changes role from CANDIDATE to FOLLOWER at term 258 for DISCOVERED_A_NEW_TERM
2019-10-17 20:28:57,397 [c07977b7-c8ef-4f3c-80b1-66a07c6e3dcd@group-C2BDBBDF155D-LeaderElection263] INFO  impl.RoleInfo (RoleInfo.java:shutdownLeaderElection(134)) - c07977b7-c8ef-4f3c-80b1-66a07c6e3dcd: shutdown LeaderElection
2019-10-17 20:28:57,397 [c07977b7-c8ef-4f3c-80b1-66a07c6e3dcd@group-C2BDBBDF155D-LeaderElection263] INFO  impl.RoleInfo (RoleInfo.java:updateAndGet(143)) - c07977b7-c8ef-4f3c-80b1-66a07c6e3dcd: start FollowerState
2019-10-17 20:28:57,535 [Thread-2554] INFO  impl.FollowerState (FollowerState.java:run(108)) - c07977b7-c8ef-4f3c-80b1-66a07c6e3dcd@group-C2BDBBDF155D-FollowerState: change to CANDIDATE, lastRpcTime:137ms, electionTimeout:137ms
2019-10-17 20:28:57,535 [Thread-2554] INFO  impl.RoleInfo (RoleInfo.java:shutdownFollowerState(121)) - c07977b7-c8ef-4f3c-80b1-66a07c6e3dcd: shutdown FollowerState
2019-10-17 20:28:57,535 [Thread-2554] INFO  impl.RaftServerImpl (RaftServerImpl.java:setRole(184)) - c07977b7-c8ef-4f3c-80b1-66a07c6e3dcd@group-C2BDBBDF155D: changes role from  FOLLOWER to CANDIDATE at term 258 for changeToCandidate
2019-10-17 20:28:57,535 [Thread-2554] INFO  impl.RoleInfo (RoleInfo.java:updateAndGet(143)) - c07977b7-c8ef-4f3c-80b1-66a07c6e3dcd: start LeaderElection
2019-10-17 20:28:57,546 [Thread-754] INFO  ozone.MiniOzoneClusterImpl (MiniOzoneClusterImpl.java:lambda$waitForClusterToBeReady$2(164)) - Waiting for 1 number of pipelines out of 4, to report a leader.
2019-10-17 20:28:57,563 [c07977b7-c8ef-4f3c-80b1-66a07c6e3dcd@group-C2BDBBDF155D-LeaderElection264] INFO  impl.LeaderElection (LeaderElection.java:askForVotes(178)) - c07977b7-c8ef-4f3c-80b1-66a07c6e3dcd@group-C2BDBBDF155D-LeaderElection264: begin an election at term 259 for -1: [d81605c5-54b3-45a8-b5ae-2e8d8890cbef:192.168.164.201:42755, 7f29c796-0732-402f-b865-67033766dcba:192.168.164.201:40704, c07977b7-c8ef-4f3c-80b1-66a07c6e3dcd:192.168.164.201:38664], old=null
2019-10-17 20:28:57,565 [grpc-default-executor-4] INFO  impl.RaftServerImpl (RaftServerImpl.java:setRole(184)) - d81605c5-54b3-45a8-b5ae-2e8d8890cbef@group-C2BDBBDF155D: changes role from  FOLLOWER to FOLLOWER at term 259 for recognizeCandidate:c07977b7-c8ef-4f3c-80b1-66a07c6e3dcd
2019-10-17 20:28:57,565 [grpc-default-executor-4] INFO  impl.RoleInfo (RoleInfo.java:shutdownFollowerState(121)) - d81605c5-54b3-45a8-b5ae-2e8d8890cbef: shutdown FollowerState
2019-10-17 20:28:57,565 [grpc-default-executor-4] INFO  impl.RoleInfo (RoleInfo.java:updateAndGet(143)) - d81605c5-54b3-45a8-b5ae-2e8d8890cbef: start FollowerState
2019-10-17 20:28:57,565 [Thread-2553] INFO  impl.FollowerState (FollowerState.java:run(117)) - d81605c5-54b3-45a8-b5ae-2e8d8890cbef@group-C2BDBBDF155D-FollowerState was interrupted: java.lang.InterruptedException: sleep interrupted
2019-10-17 20:28:57,566 [grpc-default-executor-2] INFO  impl.RaftServerImpl (RaftServerImpl.java:setRole(184)) - 7f29c796-0732-402f-b865-67033766dcba@group-C2BDBBDF155D: changes role from  FOLLOWER to FOLLOWER at term 259 for recognizeCandidate:c07977b7-c8ef-4f3c-80b1-66a07c6e3dcd
2019-10-17 20:28:57,566 [grpc-default-executor-2] INFO  impl.RoleInfo (RoleInfo.java:shutdownFollowerState(121)) - 7f29c796-0732-402f-b865-67033766dcba: shutdown FollowerState
2019-10-17 20:28:57,566 [grpc-default-executor-2] INFO  impl.RoleInfo (RoleInfo.java:updateAndGet(143)) - 7f29c796-0732-402f-b865-67033766dcba: start FollowerState
2019-10-17 20:28:57,566 [Thread-2552] INFO  impl.FollowerState (FollowerState.java:run(117)) - 7f29c796-0732-402f-b865-67033766dcba@group-C2BDBBDF155D-FollowerState was interrupted: java.lang.InterruptedException: sleep interrupted
2019-10-17 20:28:57,589 [c07977b7-c8ef-4f3c-80b1-66a07c6e3dcd@group-C2BDBBDF155D-LeaderElection264] INFO  impl.LeaderElection (LeaderElection.java:logAndReturn(56)) - c07977b7-c8ef-4f3c-80b1-66a07c6e3dcd@group-C2BDBBDF155D-LeaderElection264: Election REJECTED; received 2 response(s) [c07977b7-c8ef-4f3c-80b1-66a07c6e3dcd<-d81605c5-54b3-45a8-b5ae-2e8d8890cbef#0:FAIL-t259, c07977b7-c8ef-4f3c-80b1-66a07c6e3dcd<-7f29c796-0732-402f-b865-67033766dcba#0:FAIL-t259] and 0 exception(s); c07977b7-c8ef-4f3c-80b1-66a07c6e3dcd@group-C2BDBBDF155D:t259, leader=null, voted=c07977b7-c8ef-4f3c-80b1-66a07c6e3dcd, raftlog=c07977b7-c8ef-4f3c-80b1-66a07c6e3dcd@group-C2BDBBDF155D-SegmentedRaftLog:OPENED:c-1,f-1,i0, conf=-1: [d81605c5-54b3-45a8-b5ae-2e8d8890cbef:192.168.164.201:42755, 7f29c796-0732-402f-b865-67033766dcba:192.168.164.201:40704, c07977b7-c8ef-4f3c-80b1-66a07c6e3dcd:192.168.164.201:38664], old=null
2019-10-17 20:28:57,590 [c07977b7-c8ef-4f3c-80b1-66a07c6e3dcd@group-C2BDBBDF155D-LeaderElection264] INFO  impl.RaftServerImpl (RaftServerImpl.java:setRole(184)) - c07977b7-c8ef-4f3c-80b1-66a07c6e3dcd@group-C2BDBBDF155D: changes role from CANDIDATE to FOLLOWER at term 259 for DISCOVERED_A_NEW_TERM
2019-10-17 20:28:57,590 [c07977b7-c8ef-4f3c-80b1-66a07c6e3dcd@group-C2BDBBDF155D-LeaderElection264] INFO  impl.RoleInfo (RoleInfo.java:shutdownLeaderElection(134)) - c07977b7-c8ef-4f3c-80b1-66a07c6e3dcd: shutdown LeaderElection
2019-10-17 20:28:57,590 [c07977b7-c8ef-4f3c-80b1-66a07c6e3dcd@group-C2BDBBDF155D-LeaderElection264] INFO  impl.RoleInfo (RoleInfo.java:updateAndGet(143)) - c07977b7-c8ef-4f3c-80b1-66a07c6e3dcd: start FollowerState
2019-10-17 20:28:57,657 [Thread-2560] INFO  impl.FollowerState (FollowerState.java:run(108)) - c07977b7-c8ef-4f3c-80b1-66a07c6e3dcd@group-C2BDBBDF155D-FollowerState: change to CANDIDATE, lastRpcTime:67ms, electionTimeout:67ms
2019-10-17 20:28:57,657 [Thread-2560] INFO  impl.RoleInfo (RoleInfo.java:shutdownFollowerState(121)) - c07977b7-c8ef-4f3c-80b1-66a07c6e3dcd: shutdown FollowerState
2019-10-17 20:28:57,658 [Thread-2560] INFO  impl.RaftServerImpl (RaftServerImpl.java:setRole(184)) - c07977b7-c8ef-4f3c-80b1-66a07c6e3dcd@group-C2BDBBDF155D: changes role from  FOLLOWER to CANDIDATE at term 259 for changeToCandidate
2019-10-17 20:28:57,658 [Thread-2560] INFO  impl.RoleInfo (RoleInfo.java:updateAndGet(143)) - c07977b7-c8ef-4f3c-80b1-66a07c6e3dcd: start LeaderElection
2019-10-17 20:28:57,697 [c07977b7-c8ef-4f3c-80b1-66a07c6e3dcd@group-C2BDBBDF155D-LeaderElection265] INFO  impl.LeaderElection (LeaderElection.java:askForVotes(178)) - c07977b7-c8ef-4f3c-80b1-66a07c6e3dcd@group-C2BDBBDF155D-LeaderElection265: begin an election at term 260 for -1: [d81605c5-54b3-45a8-b5ae-2e8d8890cbef:192.168.164.201:42755, 7f29c796-0732-402f-b865-67033766dcba:192.168.164.201:40704, c07977b7-c8ef-4f3c-80b1-66a07c6e3dcd:192.168.164.201:38664], old=null
2019-10-17 20:28:57,699 [grpc-default-executor-2] INFO  impl.RaftServerImpl (RaftServerImpl.java:setRole(184)) - d81605c5-54b3-45a8-b5ae-2e8d8890cbef@group-C2BDBBDF155D: changes role from  FOLLOWER to FOLLOWER at term 260 for recognizeCandidate:c07977b7-c8ef-4f3c-80b1-66a07c6e3dcd
2019-10-17 20:28:57,700 [grpc-default-executor-2] INFO  impl.RoleInfo (RoleInfo.java:shutdownFollowerState(121)) - d81605c5-54b3-45a8-b5ae-2e8d8890cbef: shutdown FollowerState
2019-10-17 20:28:57,700 [grpc-default-executor-4] INFO  impl.RaftServerImpl (RaftServerImpl.java:setRole(184)) - 7f29c796-0732-402f-b865-67033766dcba@group-C2BDBBDF155D: changes role from  FOLLOWER to FOLLOWER at term 260 for recognizeCandidate:c07977b7-c8ef-4f3c-80b1-66a07c6e3dcd
2019-10-17 20:28:57,700 [Thread-2558] INFO  impl.FollowerState (FollowerState.java:run(117)) - d81605c5-54b3-45a8-b5ae-2e8d8890cbef@group-C2BDBBDF155D-FollowerState was interrupted: java.lang.InterruptedException: sleep interrupted
2019-10-17 20:28:57,700 [grpc-default-executor-2] INFO  impl.RoleInfo (RoleInfo.java:updateAndGet(143)) - d81605c5-54b3-45a8-b5ae-2e8d8890cbef: start FollowerState
2019-10-17 20:28:57,700 [grpc-default-executor-4] INFO  impl.RoleInfo (RoleInfo.java:shutdownFollowerState(121)) - 7f29c796-0732-402f-b865-67033766dcba: shutdown FollowerState
2019-10-17 20:28:57,701 [grpc-default-executor-4] INFO  impl.RoleInfo (RoleInfo.java:updateAndGet(143)) - 7f29c796-0732-402f-b865-67033766dcba: start FollowerState
2019-10-17 20:28:57,701 [Thread-2559] INFO  impl.FollowerState (FollowerState.java:run(117)) - 7f29c796-0732-402f-b865-67033766dcba@group-C2BDBBDF155D-FollowerState was interrupted: java.lang.InterruptedException: sleep interrupted
2019-10-17 20:28:57,724 [c07977b7-c8ef-4f3c-80b1-66a07c6e3dcd@group-C2BDBBDF155D-LeaderElection265] INFO  impl.LeaderElection (LeaderElection.java:logAndReturn(56)) - c07977b7-c8ef-4f3c-80b1-66a07c6e3dcd@group-C2BDBBDF155D-LeaderElection265: Election REJECTED; received 2 response(s) [c07977b7-c8ef-4f3c-80b1-66a07c6e3dcd<-d81605c5-54b3-45a8-b5ae-2e8d8890cbef#0:FAIL-t260, c07977b7-c8ef-4f3c-80b1-66a07c6e3dcd<-7f29c796-0732-402f-b865-67033766dcba#0:FAIL-t260] and 0 exception(s); c07977b7-c8ef-4f3c-80b1-66a07c6e3dcd@group-C2BDBBDF155D:t260, leader=null, voted=c07977b7-c8ef-4f3c-80b1-66a07c6e3dcd, raftlog=c07977b7-c8ef-4f3c-80b1-66a07c6e3dcd@group-C2BDBBDF155D-SegmentedRaftLog:OPENED:c-1,f-1,i0, conf=-1: [d81605c5-54b3-45a8-b5ae-2e8d8890cbef:192.168.164.201:42755, 7f29c796-0732-402f-b865-67033766dcba:192.168.164.201:40704, c07977b7-c8ef-4f3c-80b1-66a07c6e3dcd:192.168.164.201:38664], old=null
2019-10-17 20:28:57,724 [c07977b7-c8ef-4f3c-80b1-66a07c6e3dcd@group-C2BDBBDF155D-LeaderElection265] INFO  impl.RaftServerImpl (RaftServerImpl.java:setRole(184)) - c07977b7-c8ef-4f3c-80b1-66a07c6e3dcd@group-C2BDBBDF155D: changes role from CANDIDATE to FOLLOWER at term 260 for DISCOVERED_A_NEW_TERM
2019-10-17 20:28:57,724 [c07977b7-c8ef-4f3c-80b1-66a07c6e3dcd@group-C2BDBBDF155D-LeaderElection265] INFO  impl.RoleInfo (RoleInfo.java:shutdownLeaderElection(134)) - c07977b7-c8ef-4f3c-80b1-66a07c6e3dcd: shutdown LeaderElection
2019-10-17 20:28:57,724 [c07977b7-c8ef-4f3c-80b1-66a07c6e3dcd@group-C2BDBBDF155D-LeaderElection265] INFO  impl.RoleInfo (RoleInfo.java:updateAndGet(143)) - c07977b7-c8ef-4f3c-80b1-66a07c6e3dcd: start FollowerState
2019-10-17 20:28:57,826 [Thread-2566] INFO  impl.FollowerState (FollowerState.java:run(108)) - c07977b7-c8ef-4f3c-80b1-66a07c6e3dcd@group-C2BDBBDF155D-FollowerState: change to CANDIDATE, lastRpcTime:101ms, electionTimeout:101ms
2019-10-17 20:28:57,826 [Thread-2566] INFO  impl.RoleInfo (RoleInfo.java:shutdownFollowerState(121)) - c07977b7-c8ef-4f3c-80b1-66a07c6e3dcd: shutdown FollowerState
2019-10-17 20:28:57,826 [Thread-2566] INFO  impl.RaftServerImpl (RaftServerImpl.java:setRole(184)) - c07977b7-c8ef-4f3c-80b1-66a07c6e3dcd@group-C2BDBBDF155D: changes role from  FOLLOWER to CANDIDATE at term 260 for changeToCandidate
2019-10-17 20:28:57,826 [Thread-2566] INFO  impl.RoleInfo (RoleInfo.java:updateAndGet(143)) - c07977b7-c8ef-4f3c-80b1-66a07c6e3dcd: start LeaderElection
2019-10-17 20:28:57,857 [c07977b7-c8ef-4f3c-80b1-66a07c6e3dcd@group-C2BDBBDF155D-LeaderElection266] INFO  impl.LeaderElection (LeaderElection.java:askForVotes(178)) - c07977b7-c8ef-4f3c-80b1-66a07c6e3dcd@group-C2BDBBDF155D-LeaderElection266: begin an election at term 261 for -1: [d81605c5-54b3-45a8-b5ae-2e8d8890cbef:192.168.164.201:42755, 7f29c796-0732-402f-b865-67033766dcba:192.168.164.201:40704, c07977b7-c8ef-4f3c-80b1-66a07c6e3dcd:192.168.164.201:38664], old=null
2019-10-17 20:28:57,859 [grpc-default-executor-2] INFO  impl.RaftServerImpl (RaftServerImpl.java:setRole(184)) - 7f29c796-0732-402f-b865-67033766dcba@group-C2BDBBDF155D: changes role from  FOLLOWER to FOLLOWER at term 261 for recognizeCandidate:c07977b7-c8ef-4f3c-80b1-66a07c6e3dcd
2019-10-17 20:28:57,860 [grpc-default-executor-2] INFO  impl.RoleInfo (RoleInfo.java:shutdownFollowerState(121)) - 7f29c796-0732-402f-b865-67033766dcba: shutdown FollowerState
2019-10-17 20:28:57,860 [grpc-default-executor-2] INFO  impl.RoleInfo (RoleInfo.java:updateAndGet(143)) - 7f29c796-0732-402f-b865-67033766dcba: start FollowerState
2019-10-17 20:28:57,860 [Thread-2565] INFO  impl.FollowerState (FollowerState.java:run(117)) - 7f29c796-0732-402f-b865-67033766dcba@group-C2BDBBDF155D-FollowerState was interrupted: java.lang.InterruptedException: sleep interrupted
2019-10-17 20:28:57,860 [grpc-default-executor-4] INFO  impl.RaftServerImpl (RaftServerImpl.java:setRole(184)) - d81605c5-54b3-45a8-b5ae-2e8d8890cbef@group-C2BDBBDF155D: changes role from  FOLLOWER to FOLLOWER at term 261 for recognizeCandidate:c07977b7-c8ef-4f3c-80b1-66a07c6e3dcd
2019-10-17 20:28:57,860 [grpc-default-executor-4] INFO  impl.RoleInfo (RoleInfo.java:shutdownFollowerState(121)) - d81605c5-54b3-45a8-b5ae-2e8d8890cbef: shutdown FollowerState
2019-10-17 20:28:57,861 [Thread-2564] INFO  impl.FollowerState (FollowerState.java:run(117)) - d81605c5-54b3-45a8-b5ae-2e8d8890cbef@group-C2BDBBDF155D-FollowerState was interrupted: java.lang.InterruptedException: sleep interrupted
2019-10-17 20:28:57,861 [grpc-default-executor-4] INFO  impl.RoleInfo (RoleInfo.java:updateAndGet(143)) - d81605c5-54b3-45a8-b5ae-2e8d8890cbef: start FollowerState
2019-10-17 20:28:57,874 [c07977b7-c8ef-4f3c-80b1-66a07c6e3dcd@group-C2BDBBDF155D-LeaderElection266] INFO  impl.LeaderElection (LeaderElection.java:logAndReturn(56)) - c07977b7-c8ef-4f3c-80b1-66a07c6e3dcd@group-C2BDBBDF155D-LeaderElection266: Election TIMEOUT; received 0 response(s) [] and 0 exception(s); c07977b7-c8ef-4f3c-80b1-66a07c6e3dcd@group-C2BDBBDF155D:t261, leader=null, voted=c07977b7-c8ef-4f3c-80b1-66a07c6e3dcd, raftlog=c07977b7-c8ef-4f3c-80b1-66a07c6e3dcd@group-C2BDBBDF155D-SegmentedRaftLog:OPENED:c-1,f-1,i0, conf=-1: [d81605c5-54b3-45a8-b5ae-2e8d8890cbef:192.168.164.201:42755, 7f29c796-0732-402f-b865-67033766dcba:192.168.164.201:40704, c07977b7-c8ef-4f3c-80b1-66a07c6e3dcd:192.168.164.201:38664], old=null
2019-10-17 20:28:57,900 [c07977b7-c8ef-4f3c-80b1-66a07c6e3dcd@group-C2BDBBDF155D-LeaderElection266] INFO  impl.LeaderElection (LeaderElection.java:askForVotes(178)) - c07977b7-c8ef-4f3c-80b1-66a07c6e3dcd@group-C2BDBBDF155D-LeaderElection266: begin an election at term 262 for -1: [d81605c5-54b3-45a8-b5ae-2e8d8890cbef:192.168.164.201:42755, 7f29c796-0732-402f-b865-67033766dcba:192.168.164.201:40704, c07977b7-c8ef-4f3c-80b1-66a07c6e3dcd:192.168.164.201:38664], old=null
2019-10-17 20:28:57,902 [grpc-default-executor-4] INFO  impl.RaftServerImpl (RaftServerImpl.java:setRole(184)) - 7f29c796-0732-402f-b865-67033766dcba@group-C2BDBBDF155D: changes role from  FOLLOWER to FOLLOWER at term 262 for recognizeCandidate:c07977b7-c8ef-4f3c-80b1-66a07c6e3dcd
2019-10-17 20:28:57,902 [grpc-default-executor-4] INFO  impl.RoleInfo (RoleInfo.java:shutdownFollowerState(121)) - 7f29c796-0732-402f-b865-67033766dcba: shutdown FollowerState
2019-10-17 20:28:57,902 [grpc-default-executor-4] INFO  impl.RoleInfo (RoleInfo.java:updateAndGet(143)) - 7f29c796-0732-402f-b865-67033766dcba: start FollowerState
2019-10-17 20:28:57,902 [grpc-default-executor-2] INFO  impl.RaftServerImpl (RaftServerImpl.java:setRole(184)) - d81605c5-54b3-45a8-b5ae-2e8d8890cbef@group-C2BDBBDF155D: changes role from  FOLLOWER to FOLLOWER at term 262 for recognizeCandidate:c07977b7-c8ef-4f3c-80b1-66a07c6e3dcd
2019-10-17 20:28:57,903 [grpc-default-executor-2] INFO  impl.RoleInfo (RoleInfo.java:shutdownFollowerState(121)) - d81605c5-54b3-45a8-b5ae-2e8d8890cbef: shutdown FollowerState
2019-10-17 20:28:57,902 [Thread-2570] INFO  impl.FollowerState (FollowerState.java:run(117)) - 7f29c796-0732-402f-b865-67033766dcba@group-C2BDBBDF155D-FollowerState was interrupted: java.lang.InterruptedException: sleep interrupted
2019-10-17 20:28:57,903 [Thread-2571] INFO  impl.FollowerState (FollowerState.java:run(117)) - d81605c5-54b3-45a8-b5ae-2e8d8890cbef@group-C2BDBBDF155D-FollowerState was interrupted: java.lang.InterruptedException: sleep interrupted
2019-10-17 20:28:57,903 [grpc-default-executor-2] INFO  impl.RoleInfo (RoleInfo.java:updateAndGet(143)) - d81605c5-54b3-45a8-b5ae-2e8d8890cbef: start FollowerState
2019-10-17 20:28:57,926 [c07977b7-c8ef-4f3c-80b1-66a07c6e3dcd@group-C2BDBBDF155D-LeaderElection266] INFO  impl.LeaderElection (LeaderElection.java:logAndReturn(56)) - c07977b7-c8ef-4f3c-80b1-66a07c6e3dcd@group-C2BDBBDF155D-LeaderElection266: Election REJECTED; received 2 response(s) [c07977b7-c8ef-4f3c-80b1-66a07c6e3dcd<-d81605c5-54b3-45a8-b5ae-2e8d8890cbef#0:FAIL-t262, c07977b7-c8ef-4f3c-80b1-66a07c6e3dcd<-7f29c796-0732-402f-b865-67033766dcba#0:FAIL-t262] and 0 exception(s); c07977b7-c8ef-4f3c-80b1-66a07c6e3dcd@group-C2BDBBDF155D:t262, leader=null, voted=c07977b7-c8ef-4f3c-80b1-66a07c6e3dcd, raftlog=c07977b7-c8ef-4f3c-80b1-66a07c6e3dcd@group-C2BDBBDF155D-SegmentedRaftLog:OPENED:c-1,f-1,i0, conf=-1: [d81605c5-54b3-45a8-b5ae-2e8d8890cbef:192.168.164.201:42755, 7f29c796-0732-402f-b865-67033766dcba:192.168.164.201:40704, c07977b7-c8ef-4f3c-80b1-66a07c6e3dcd:192.168.164.201:38664], old=null
2019-10-17 20:28:57,926 [c07977b7-c8ef-4f3c-80b1-66a07c6e3dcd@group-C2BDBBDF155D-LeaderElection266] INFO  impl.RaftServerImpl (RaftServerImpl.java:setRole(184)) - c07977b7-c8ef-4f3c-80b1-66a07c6e3dcd@group-C2BDBBDF155D: changes role from CANDIDATE to FOLLOWER at term 262 for DISCOVERED_A_NEW_TERM
2019-10-17 20:28:57,926 [c07977b7-c8ef-4f3c-80b1-66a07c6e3dcd@group-C2BDBBDF155D-LeaderElection266] INFO  impl.RoleInfo (RoleInfo.java:shutdownLeaderElection(134)) - c07977b7-c8ef-4f3c-80b1-66a07c6e3dcd: shutdown LeaderElection
2019-10-17 20:28:57,926 [c07977b7-c8ef-4f3c-80b1-66a07c6e3dcd@group-C2BDBBDF155D-LeaderElection266] INFO  impl.RoleInfo (RoleInfo.java:updateAndGet(143)) - c07977b7-c8ef-4f3c-80b1-66a07c6e3dcd: start FollowerState
2019-10-17 20:28:58,035 [Thread-2576] INFO  impl.FollowerState (FollowerState.java:run(108)) - c07977b7-c8ef-4f3c-80b1-66a07c6e3dcd@group-C2BDBBDF155D-FollowerState: change to CANDIDATE, lastRpcTime:108ms, electionTimeout:108ms
2019-10-17 20:28:58,035 [Thread-2576] INFO  impl.RoleInfo (RoleInfo.java:shutdownFollowerState(121)) - c07977b7-c8ef-4f3c-80b1-66a07c6e3dcd: shutdown FollowerState
2019-10-17 20:28:58,036 [Thread-2576] INFO  impl.RaftServerImpl (RaftServerImpl.java:setRole(184)) - c07977b7-c8ef-4f3c-80b1-66a07c6e3dcd@group-C2BDBBDF155D: changes role from  FOLLOWER to CANDIDATE at term 262 for changeToCandidate
2019-10-17 20:28:58,036 [Thread-2576] INFO  impl.RoleInfo (RoleInfo.java:updateAndGet(143)) - c07977b7-c8ef-4f3c-80b1-66a07c6e3dcd: start LeaderElection
2019-10-17 20:28:58,059 [c07977b7-c8ef-4f3c-80b1-66a07c6e3dcd@group-C2BDBBDF155D-LeaderElection267] INFO  impl.LeaderElection (LeaderElection.java:askForVotes(178)) - c07977b7-c8ef-4f3c-80b1-66a07c6e3dcd@group-C2BDBBDF155D-LeaderElection267: begin an election at term 263 for -1: [d81605c5-54b3-45a8-b5ae-2e8d8890cbef:192.168.164.201:42755, 7f29c796-0732-402f-b865-67033766dcba:192.168.164.201:40704, c07977b7-c8ef-4f3c-80b1-66a07c6e3dcd:192.168.164.201:38664], old=null
2019-10-17 20:28:58,061 [grpc-default-executor-4] INFO  impl.RaftServerImpl (RaftServerImpl.java:setRole(184)) - d81605c5-54b3-45a8-b5ae-2e8d8890cbef@group-C2BDBBDF155D: changes role from  FOLLOWER to FOLLOWER at term 263 for recognizeCandidate:c07977b7-c8ef-4f3c-80b1-66a07c6e3dcd
2019-10-17 20:28:58,061 [grpc-default-executor-2] INFO  impl.RaftServerImpl (RaftServerImpl.java:setRole(184)) - 7f29c796-0732-402f-b865-67033766dcba@group-C2BDBBDF155D: changes role from  FOLLOWER to FOLLOWER at term 263 for recognizeCandidate:c07977b7-c8ef-4f3c-80b1-66a07c6e3dcd
2019-10-17 20:28:58,061 [grpc-default-executor-4] INFO  impl.RoleInfo (RoleInfo.java:shutdownFollowerState(121)) - d81605c5-54b3-45a8-b5ae-2e8d8890cbef: shutdown FollowerState
2019-10-17 20:28:58,062 [grpc-default-executor-2] INFO  impl.RoleInfo (RoleInfo.java:shutdownFollowerState(121)) - 7f29c796-0732-402f-b865-67033766dcba: shutdown FollowerState
2019-10-17 20:28:58,062 [Thread-2575] INFO  impl.FollowerState (FollowerState.java:run(117)) - d81605c5-54b3-45a8-b5ae-2e8d8890cbef@group-C2BDBBDF155D-FollowerState was interrupted: java.lang.InterruptedException: sleep interrupted
2019-10-17 20:28:58,062 [grpc-default-executor-4] INFO  impl.RoleInfo (RoleInfo.java:updateAndGet(143)) - d81605c5-54b3-45a8-b5ae-2e8d8890cbef: start FollowerState
2019-10-17 20:28:58,062 [grpc-default-executor-2] INFO  impl.RoleInfo (RoleInfo.java:updateAndGet(143)) - 7f29c796-0732-402f-b865-67033766dcba: start FollowerState
2019-10-17 20:28:58,062 [Thread-2574] INFO  impl.FollowerState (FollowerState.java:run(117)) - 7f29c796-0732-402f-b865-67033766dcba@group-C2BDBBDF155D-FollowerState was interrupted: java.lang.InterruptedException: sleep interrupted
2019-10-17 20:28:58,073 [c07977b7-c8ef-4f3c-80b1-66a07c6e3dcd@group-C2BDBBDF155D-LeaderElection267] INFO  impl.LeaderElection (LeaderElection.java:logAndReturn(56)) - c07977b7-c8ef-4f3c-80b1-66a07c6e3dcd@group-C2BDBBDF155D-LeaderElection267: Election TIMEOUT; received 0 response(s) [] and 0 exception(s); c07977b7-c8ef-4f3c-80b1-66a07c6e3dcd@group-C2BDBBDF155D:t263, leader=null, voted=c07977b7-c8ef-4f3c-80b1-66a07c6e3dcd, raftlog=c07977b7-c8ef-4f3c-80b1-66a07c6e3dcd@group-C2BDBBDF155D-SegmentedRaftLog:OPENED:c-1,f-1,i0, conf=-1: [d81605c5-54b3-45a8-b5ae-2e8d8890cbef:192.168.164.201:42755, 7f29c796-0732-402f-b865-67033766dcba:192.168.164.201:40704, c07977b7-c8ef-4f3c-80b1-66a07c6e3dcd:192.168.164.201:38664], old=null
2019-10-17 20:28:58,084 [c07977b7-c8ef-4f3c-80b1-66a07c6e3dcd@group-C2BDBBDF155D-LeaderElection267] INFO  impl.LeaderElection (LeaderElection.java:askForVotes(178)) - c07977b7-c8ef-4f3c-80b1-66a07c6e3dcd@group-C2BDBBDF155D-LeaderElection267: begin an election at term 264 for -1: [d81605c5-54b3-45a8-b5ae-2e8d8890cbef:192.168.164.201:42755, 7f29c796-0732-402f-b865-67033766dcba:192.168.164.201:40704, c07977b7-c8ef-4f3c-80b1-66a07c6e3dcd:192.168.164.201:38664], old=null
2019-10-17 20:28:58,086 [grpc-default-executor-2] INFO  impl.RaftServerImpl (RaftServerImpl.java:setRole(184)) - d81605c5-54b3-45a8-b5ae-2e8d8890cbef@group-C2BDBBDF155D: changes role from  FOLLOWER to FOLLOWER at term 264 for recognizeCandidate:c07977b7-c8ef-4f3c-80b1-66a07c6e3dcd
2019-10-17 20:28:58,086 [grpc-default-executor-4] INFO  impl.RaftServerImpl (RaftServerImpl.java:setRole(184)) - 7f29c796-0732-402f-b865-67033766dcba@group-C2BDBBDF155D: changes role from  FOLLOWER to FOLLOWER at term 264 for recognizeCandidate:c07977b7-c8ef-4f3c-80b1-66a07c6e3dcd
2019-10-17 20:28:58,086 [grpc-default-executor-2] INFO  impl.RoleInfo (RoleInfo.java:shutdownFollowerState(121)) - d81605c5-54b3-45a8-b5ae-2e8d8890cbef: shutdown FollowerState
2019-10-17 20:28:58,087 [grpc-default-executor-4] INFO  impl.RoleInfo (RoleInfo.java:shutdownFollowerState(121)) - 7f29c796-0732-402f-b865-67033766dcba: shutdown FollowerState
2019-10-17 20:28:58,087 [Thread-2580] INFO  impl.FollowerState (FollowerState.java:run(117)) - d81605c5-54b3-45a8-b5ae-2e8d8890cbef@group-C2BDBBDF155D-FollowerState was interrupted: java.lang.InterruptedException: sleep interrupted
2019-10-17 20:28:58,087 [grpc-default-executor-2] INFO  impl.RoleInfo (RoleInfo.java:updateAndGet(143)) - d81605c5-54b3-45a8-b5ae-2e8d8890cbef: start FollowerState
2019-10-17 20:28:58,087 [Thread-2581] INFO  impl.FollowerState (FollowerState.java:run(117)) - 7f29c796-0732-402f-b865-67033766dcba@group-C2BDBBDF155D-FollowerState was interrupted: java.lang.InterruptedException: sleep interrupted
2019-10-17 20:28:58,087 [grpc-default-executor-4] INFO  impl.RoleInfo (RoleInfo.java:updateAndGet(143)) - 7f29c796-0732-402f-b865-67033766dcba: start FollowerState
2019-10-17 20:28:58,110 [c07977b7-c8ef-4f3c-80b1-66a07c6e3dcd@group-C2BDBBDF155D-LeaderElection267] INFO  impl.LeaderElection (LeaderElection.java:logAndReturn(56)) - c07977b7-c8ef-4f3c-80b1-66a07c6e3dcd@group-C2BDBBDF155D-LeaderElection267: Election REJECTED; received 2 response(s) [c07977b7-c8ef-4f3c-80b1-66a07c6e3dcd<-d81605c5-54b3-45a8-b5ae-2e8d8890cbef#0:FAIL-t264, c07977b7-c8ef-4f3c-80b1-66a07c6e3dcd<-7f29c796-0732-402f-b865-67033766dcba#0:FAIL-t264] and 0 exception(s); c07977b7-c8ef-4f3c-80b1-66a07c6e3dcd@group-C2BDBBDF155D:t264, leader=null, voted=c07977b7-c8ef-4f3c-80b1-66a07c6e3dcd, raftlog=c07977b7-c8ef-4f3c-80b1-66a07c6e3dcd@group-C2BDBBDF155D-SegmentedRaftLog:OPENED:c-1,f-1,i0, conf=-1: [d81605c5-54b3-45a8-b5ae-2e8d8890cbef:192.168.164.201:42755, 7f29c796-0732-402f-b865-67033766dcba:192.168.164.201:40704, c07977b7-c8ef-4f3c-80b1-66a07c6e3dcd:192.168.164.201:38664], old=null
2019-10-17 20:28:58,110 [c07977b7-c8ef-4f3c-80b1-66a07c6e3dcd@group-C2BDBBDF155D-LeaderElection267] INFO  impl.RaftServerImpl (RaftServerImpl.java:setRole(184)) - c07977b7-c8ef-4f3c-80b1-66a07c6e3dcd@group-C2BDBBDF155D: changes role from CANDIDATE to FOLLOWER at term 264 for DISCOVERED_A_NEW_TERM
2019-10-17 20:28:58,110 [c07977b7-c8ef-4f3c-80b1-66a07c6e3dcd@group-C2BDBBDF155D-LeaderElection267] INFO  impl.RoleInfo (RoleInfo.java:shutdownLeaderElection(134)) - c07977b7-c8ef-4f3c-80b1-66a07c6e3dcd: shutdown LeaderElection
2019-10-17 20:28:58,111 [c07977b7-c8ef-4f3c-80b1-66a07c6e3dcd@group-C2BDBBDF155D-LeaderElection267] INFO  impl.RoleInfo (RoleInfo.java:updateAndGet(143)) - c07977b7-c8ef-4f3c-80b1-66a07c6e3dcd: start FollowerState
2019-10-17 20:28:58,148 [Thread-2586] INFO  impl.FollowerState (FollowerState.java:run(108)) - c07977b7-c8ef-4f3c-80b1-66a07c6e3dcd@group-C2BDBBDF155D-FollowerState: change to CANDIDATE, lastRpcTime:37ms, electionTimeout:37ms
2019-10-17 20:28:58,148 [Thread-2586] INFO  impl.RoleInfo (RoleInfo.java:shutdownFollowerState(121)) - c07977b7-c8ef-4f3c-80b1-66a07c6e3dcd: shutdown FollowerState
2019-10-17 20:28:58,148 [Thread-2586] INFO  impl.RaftServerImpl (RaftServerImpl.java:setRole(184)) - c07977b7-c8ef-4f3c-80b1-66a07c6e3dcd@group-C2BDBBDF155D: changes role from  FOLLOWER to CANDIDATE at term 264 for changeToCandidate
2019-10-17 20:28:58,149 [Thread-2586] INFO  impl.RoleInfo (RoleInfo.java:updateAndGet(143)) - c07977b7-c8ef-4f3c-80b1-66a07c6e3dcd: start LeaderElection
2019-10-17 20:28:58,177 [c07977b7-c8ef-4f3c-80b1-66a07c6e3dcd@group-C2BDBBDF155D-LeaderElection268] INFO  impl.LeaderElection (LeaderElection.java:askForVotes(178)) - c07977b7-c8ef-4f3c-80b1-66a07c6e3dcd@group-C2BDBBDF155D-LeaderElection268: begin an election at term 265 for -1: [d81605c5-54b3-45a8-b5ae-2e8d8890cbef:192.168.164.201:42755, 7f29c796-0732-402f-b865-67033766dcba:192.168.164.201:40704, c07977b7-c8ef-4f3c-80b1-66a07c6e3dcd:192.168.164.201:38664], old=null
2019-10-17 20:28:58,179 [grpc-default-executor-4] INFO  impl.RaftServerImpl (RaftServerImpl.java:setRole(184)) - 7f29c796-0732-402f-b865-67033766dcba@group-C2BDBBDF155D: changes role from  FOLLOWER to FOLLOWER at term 265 for recognizeCandidate:c07977b7-c8ef-4f3c-80b1-66a07c6e3dcd
2019-10-17 20:28:58,179 [grpc-default-executor-2] INFO  impl.RaftServerImpl (RaftServerImpl.java:setRole(184)) - d81605c5-54b3-45a8-b5ae-2e8d8890cbef@group-C2BDBBDF155D: changes role from  FOLLOWER to FOLLOWER at term 265 for recognizeCandidate:c07977b7-c8ef-4f3c-80b1-66a07c6e3dcd
2019-10-17 20:28:58,179 [grpc-default-executor-4] INFO  impl.RoleInfo (RoleInfo.java:shutdownFollowerState(121)) - 7f29c796-0732-402f-b865-67033766dcba: shutdown FollowerState
2019-10-17 20:28:58,179 [grpc-default-executor-2] INFO  impl.RoleInfo (RoleInfo.java:shutdownFollowerState(121)) - d81605c5-54b3-45a8-b5ae-2e8d8890cbef: shutdown FollowerState
2019-10-17 20:28:58,179 [Thread-2585] INFO  impl.FollowerState (FollowerState.java:run(117)) - 7f29c796-0732-402f-b865-67033766dcba@group-C2BDBBDF155D-FollowerState was interrupted: java.lang.InterruptedException: sleep interrupted
2019-10-17 20:28:58,179 [grpc-default-executor-4] INFO  impl.RoleInfo (RoleInfo.java:updateAndGet(143)) - 7f29c796-0732-402f-b865-67033766dcba: start FollowerState
2019-10-17 20:28:58,179 [grpc-default-executor-2] INFO  impl.RoleInfo (RoleInfo.java:updateAndGet(143)) - d81605c5-54b3-45a8-b5ae-2e8d8890cbef: start FollowerState
2019-10-17 20:28:58,180 [Thread-2584] INFO  impl.FollowerState (FollowerState.java:run(117)) - d81605c5-54b3-45a8-b5ae-2e8d8890cbef@group-C2BDBBDF155D-FollowerState was interrupted: java.lang.InterruptedException: sleep interrupted
2019-10-17 20:28:58,202 [c07977b7-c8ef-4f3c-80b1-66a07c6e3dcd@group-C2BDBBDF155D-LeaderElection268] INFO  impl.LeaderElection (LeaderElection.java:logAndReturn(56)) - c07977b7-c8ef-4f3c-80b1-66a07c6e3dcd@group-C2BDBBDF155D-LeaderElection268: Election REJECTED; received 2 response(s) [c07977b7-c8ef-4f3c-80b1-66a07c6e3dcd<-d81605c5-54b3-45a8-b5ae-2e8d8890cbef#0:FAIL-t265, c07977b7-c8ef-4f3c-80b1-66a07c6e3dcd<-7f29c796-0732-402f-b865-67033766dcba#0:FAIL-t265] and 0 exception(s); c07977b7-c8ef-4f3c-80b1-66a07c6e3dcd@group-C2BDBBDF155D:t265, leader=null, voted=c07977b7-c8ef-4f3c-80b1-66a07c6e3dcd, raftlog=c07977b7-c8ef-4f3c-80b1-66a07c6e3dcd@group-C2BDBBDF155D-SegmentedRaftLog:OPENED:c-1,f-1,i0, conf=-1: [d81605c5-54b3-45a8-b5ae-2e8d8890cbef:192.168.164.201:42755, 7f29c796-0732-402f-b865-67033766dcba:192.168.164.201:40704, c07977b7-c8ef-4f3c-80b1-66a07c6e3dcd:192.168.164.201:38664], old=null
2019-10-17 20:28:58,203 [c07977b7-c8ef-4f3c-80b1-66a07c6e3dcd@group-C2BDBBDF155D-LeaderElection268] INFO  impl.RaftServerImpl (RaftServerImpl.java:setRole(184)) - c07977b7-c8ef-4f3c-80b1-66a07c6e3dcd@group-C2BDBBDF155D: changes role from CANDIDATE to FOLLOWER at term 265 for DISCOVERED_A_NEW_TERM
2019-10-17 20:28:58,203 [c07977b7-c8ef-4f3c-80b1-66a07c6e3dcd@group-C2BDBBDF155D-LeaderElection268] INFO  impl.RoleInfo (RoleInfo.java:shutdownLeaderElection(134)) - c07977b7-c8ef-4f3c-80b1-66a07c6e3dcd: shutdown LeaderElection
2019-10-17 20:28:58,203 [c07977b7-c8ef-4f3c-80b1-66a07c6e3dcd@group-C2BDBBDF155D-LeaderElection268] INFO  impl.RoleInfo (RoleInfo.java:updateAndGet(143)) - c07977b7-c8ef-4f3c-80b1-66a07c6e3dcd: start FollowerState
2019-10-17 20:28:58,274 [Thread-2592] INFO  impl.FollowerState (FollowerState.java:run(108)) - c07977b7-c8ef-4f3c-80b1-66a07c6e3dcd@group-C2BDBBDF155D-FollowerState: change to CANDIDATE, lastRpcTime:71ms, electionTimeout:71ms
2019-10-17 20:28:58,274 [Thread-2592] INFO  impl.RoleInfo (RoleInfo.java:shutdownFollowerState(121)) - c07977b7-c8ef-4f3c-80b1-66a07c6e3dcd: shutdown FollowerState
2019-10-17 20:28:58,274 [Thread-2592] INFO  impl.RaftServerImpl (RaftServerImpl.java:setRole(184)) - c07977b7-c8ef-4f3c-80b1-66a07c6e3dcd@group-C2BDBBDF155D: changes role from  FOLLOWER to CANDIDATE at term 265 for changeToCandidate
2019-10-17 20:28:58,275 [Thread-2592] INFO  impl.RoleInfo (RoleInfo.java:updateAndGet(143)) - c07977b7-c8ef-4f3c-80b1-66a07c6e3dcd: start LeaderElection
2019-10-17 20:28:58,302 [c07977b7-c8ef-4f3c-80b1-66a07c6e3dcd@group-C2BDBBDF155D-LeaderElection269] INFO  impl.LeaderElection (LeaderElection.java:askForVotes(178)) - c07977b7-c8ef-4f3c-80b1-66a07c6e3dcd@group-C2BDBBDF155D-LeaderElection269: begin an election at term 266 for -1: [d81605c5-54b3-45a8-b5ae-2e8d8890cbef:192.168.164.201:42755, 7f29c796-0732-402f-b865-67033766dcba:192.168.164.201:40704, c07977b7-c8ef-4f3c-80b1-66a07c6e3dcd:192.168.164.201:38664], old=null
2019-10-17 20:28:58,305 [grpc-default-executor-4] INFO  impl.RaftServerImpl (RaftServerImpl.java:setRole(184)) - d81605c5-54b3-45a8-b5ae-2e8d8890cbef@group-C2BDBBDF155D: changes role from  FOLLOWER to FOLLOWER at term 266 for recognizeCandidate:c07977b7-c8ef-4f3c-80b1-66a07c6e3dcd
2019-10-17 20:28:58,305 [grpc-default-executor-2] INFO  impl.RaftServerImpl (RaftServerImpl.java:setRole(184)) - 7f29c796-0732-402f-b865-67033766dcba@group-C2BDBBDF155D: changes role from  FOLLOWER to FOLLOWER at term 266 for recognizeCandidate:c07977b7-c8ef-4f3c-80b1-66a07c6e3dcd
2019-10-17 20:28:58,305 [grpc-default-executor-4] INFO  impl.RoleInfo (RoleInfo.java:shutdownFollowerState(121)) - d81605c5-54b3-45a8-b5ae-2e8d8890cbef: shutdown FollowerState
2019-10-17 20:28:58,305 [grpc-default-executor-2] INFO  impl.RoleInfo (RoleInfo.java:shutdownFollowerState(121)) - 7f29c796-0732-402f-b865-67033766dcba: shutdown FollowerState
2019-10-17 20:28:58,306 [Thread-2591] INFO  impl.FollowerState (FollowerState.java:run(117)) - d81605c5-54b3-45a8-b5ae-2e8d8890cbef@group-C2BDBBDF155D-FollowerState was interrupted: java.lang.InterruptedException: sleep interrupted
2019-10-17 20:28:58,306 [grpc-default-executor-4] INFO  impl.RoleInfo (RoleInfo.java:updateAndGet(143)) - d81605c5-54b3-45a8-b5ae-2e8d8890cbef: start FollowerState
2019-10-17 20:28:58,306 [Thread-2590] INFO  impl.FollowerState (FollowerState.java:run(117)) - 7f29c796-0732-402f-b865-67033766dcba@group-C2BDBBDF155D-FollowerState was interrupted: java.lang.InterruptedException: sleep interrupted
2019-10-17 20:28:58,306 [grpc-default-executor-2] INFO  impl.RoleInfo (RoleInfo.java:updateAndGet(143)) - 7f29c796-0732-402f-b865-67033766dcba: start FollowerState
2019-10-17 20:28:58,323 [c07977b7-c8ef-4f3c-80b1-66a07c6e3dcd@group-C2BDBBDF155D-LeaderElection269] INFO  impl.LeaderElection (LeaderElection.java:logAndReturn(56)) - c07977b7-c8ef-4f3c-80b1-66a07c6e3dcd@group-C2BDBBDF155D-LeaderElection269: Election TIMEOUT; received 0 response(s) [] and 0 exception(s); c07977b7-c8ef-4f3c-80b1-66a07c6e3dcd@group-C2BDBBDF155D:t266, leader=null, voted=c07977b7-c8ef-4f3c-80b1-66a07c6e3dcd, raftlog=c07977b7-c8ef-4f3c-80b1-66a07c6e3dcd@group-C2BDBBDF155D-SegmentedRaftLog:OPENED:c-1,f-1,i0, conf=-1: [d81605c5-54b3-45a8-b5ae-2e8d8890cbef:192.168.164.201:42755, 7f29c796-0732-402f-b865-67033766dcba:192.168.164.201:40704, c07977b7-c8ef-4f3c-80b1-66a07c6e3dcd:192.168.164.201:38664], old=null
2019-10-17 20:28:58,345 [c07977b7-c8ef-4f3c-80b1-66a07c6e3dcd@group-C2BDBBDF155D-LeaderElection269] INFO  impl.LeaderElection (LeaderElection.java:askForVotes(178)) - c07977b7-c8ef-4f3c-80b1-66a07c6e3dcd@group-C2BDBBDF155D-LeaderElection269: begin an election at term 267 for -1: [d81605c5-54b3-45a8-b5ae-2e8d8890cbef:192.168.164.201:42755, 7f29c796-0732-402f-b865-67033766dcba:192.168.164.201:40704, c07977b7-c8ef-4f3c-80b1-66a07c6e3dcd:192.168.164.201:38664], old=null
2019-10-17 20:28:58,346 [grpc-default-executor-2] INFO  impl.RaftServerImpl (RaftServerImpl.java:setRole(184)) - 7f29c796-0732-402f-b865-67033766dcba@group-C2BDBBDF155D: changes role from  FOLLOWER to FOLLOWER at term 267 for recognizeCandidate:c07977b7-c8ef-4f3c-80b1-66a07c6e3dcd
2019-10-17 20:28:58,346 [grpc-default-executor-4] INFO  impl.RaftServerImpl (RaftServerImpl.java:setRole(184)) - d81605c5-54b3-45a8-b5ae-2e8d8890cbef@group-C2BDBBDF155D: changes role from  FOLLOWER to FOLLOWER at term 267 for recognizeCandidate:c07977b7-c8ef-4f3c-80b1-66a07c6e3dcd
2019-10-17 20:28:58,347 [grpc-default-executor-2] INFO  impl.RoleInfo (RoleInfo.java:shutdownFollowerState(121)) - 7f29c796-0732-402f-b865-67033766dcba: shutdown FollowerState
2019-10-17 20:28:58,347 [grpc-default-executor-4] INFO  impl.RoleInfo (RoleInfo.java:shutdownFollowerState(121)) - d81605c5-54b3-45a8-b5ae-2e8d8890cbef: shutdown FollowerState
2019-10-17 20:28:58,347 [Thread-2597] INFO  impl.FollowerState (FollowerState.java:run(117)) - 7f29c796-0732-402f-b865-67033766dcba@group-C2BDBBDF155D-FollowerState was interrupted: java.lang.InterruptedException: sleep interrupted
2019-10-17 20:28:58,347 [grpc-default-executor-2] INFO  impl.RoleInfo (RoleInfo.java:updateAndGet(143)) - 7f29c796-0732-402f-b865-67033766dcba: start FollowerState
2019-10-17 20:28:58,347 [grpc-default-executor-4] INFO  impl.RoleInfo (RoleInfo.java:updateAndGet(143)) - d81605c5-54b3-45a8-b5ae-2e8d8890cbef: start FollowerState
2019-10-17 20:28:58,347 [Thread-2596] INFO  impl.FollowerState (FollowerState.java:run(117)) - d81605c5-54b3-45a8-b5ae-2e8d8890cbef@group-C2BDBBDF155D-FollowerState was interrupted: java.lang.InterruptedException: sleep interrupted
2019-10-17 20:28:58,371 [c07977b7-c8ef-4f3c-80b1-66a07c6e3dcd@group-C2BDBBDF155D-LeaderElection269] INFO  impl.LeaderElection (LeaderElection.java:logAndReturn(56)) - c07977b7-c8ef-4f3c-80b1-66a07c6e3dcd@group-C2BDBBDF155D-LeaderElection269: Election REJECTED; received 2 response(s) [c07977b7-c8ef-4f3c-80b1-66a07c6e3dcd<-d81605c5-54b3-45a8-b5ae-2e8d8890cbef#0:FAIL-t267, c07977b7-c8ef-4f3c-80b1-66a07c6e3dcd<-7f29c796-0732-402f-b865-67033766dcba#0:FAIL-t267] and 0 exception(s); c07977b7-c8ef-4f3c-80b1-66a07c6e3dcd@group-C2BDBBDF155D:t267, leader=null, voted=c07977b7-c8ef-4f3c-80b1-66a07c6e3dcd, raftlog=c07977b7-c8ef-4f3c-80b1-66a07c6e3dcd@group-C2BDBBDF155D-SegmentedRaftLog:OPENED:c-1,f-1,i0, conf=-1: [d81605c5-54b3-45a8-b5ae-2e8d8890cbef:192.168.164.201:42755, 7f29c796-0732-402f-b865-67033766dcba:192.168.164.201:40704, c07977b7-c8ef-4f3c-80b1-66a07c6e3dcd:192.168.164.201:38664], old=null
2019-10-17 20:28:58,371 [c07977b7-c8ef-4f3c-80b1-66a07c6e3dcd@group-C2BDBBDF155D-LeaderElection269] INFO  impl.RaftServerImpl (RaftServerImpl.java:setRole(184)) - c07977b7-c8ef-4f3c-80b1-66a07c6e3dcd@group-C2BDBBDF155D: changes role from CANDIDATE to FOLLOWER at term 267 for DISCOVERED_A_NEW_TERM
2019-10-17 20:28:58,371 [c07977b7-c8ef-4f3c-80b1-66a07c6e3dcd@group-C2BDBBDF155D-LeaderElection269] INFO  impl.RoleInfo (RoleInfo.java:shutdownLeaderElection(134)) - c07977b7-c8ef-4f3c-80b1-66a07c6e3dcd: shutdown LeaderElection
2019-10-17 20:28:58,371 [c07977b7-c8ef-4f3c-80b1-66a07c6e3dcd@group-C2BDBBDF155D-LeaderElection269] INFO  impl.RoleInfo (RoleInfo.java:updateAndGet(143)) - c07977b7-c8ef-4f3c-80b1-66a07c6e3dcd: start FollowerState
2019-10-17 20:28:58,547 [Thread-754] INFO  ozone.MiniOzoneClusterImpl (MiniOzoneClusterImpl.java:lambda$waitForClusterToBeReady$2(164)) - Waiting for 1 number of pipelines out of 4, to report a leader.
2019-10-17 20:28:58,553 [Thread-2602] INFO  impl.FollowerState (FollowerState.java:run(108)) - c07977b7-c8ef-4f3c-80b1-66a07c6e3dcd@group-C2BDBBDF155D-FollowerState: change to CANDIDATE, lastRpcTime:182ms, electionTimeout:182ms
2019-10-17 20:28:58,554 [Thread-2602] INFO  impl.RoleInfo (RoleInfo.java:shutdownFollowerState(121)) - c07977b7-c8ef-4f3c-80b1-66a07c6e3dcd: shutdown FollowerState
2019-10-17 20:28:58,554 [Thread-2602] INFO  impl.RaftServerImpl (RaftServerImpl.java:setRole(184)) - c07977b7-c8ef-4f3c-80b1-66a07c6e3dcd@group-C2BDBBDF155D: changes role from  FOLLOWER to CANDIDATE at term 267 for changeToCandidate
2019-10-17 20:28:58,554 [Thread-2602] INFO  impl.RoleInfo (RoleInfo.java:updateAndGet(143)) - c07977b7-c8ef-4f3c-80b1-66a07c6e3dcd: start LeaderElection
2019-10-17 20:28:58,579 [c07977b7-c8ef-4f3c-80b1-66a07c6e3dcd@group-C2BDBBDF155D-LeaderElection270] INFO  impl.LeaderElection (LeaderElection.java:askForVotes(178)) - c07977b7-c8ef-4f3c-80b1-66a07c6e3dcd@group-C2BDBBDF155D-LeaderElection270: begin an election at term 268 for -1: [d81605c5-54b3-45a8-b5ae-2e8d8890cbef:192.168.164.201:42755, 7f29c796-0732-402f-b865-67033766dcba:192.168.164.201:40704, c07977b7-c8ef-4f3c-80b1-66a07c6e3dcd:192.168.164.201:38664], old=null
2019-10-17 20:28:58,581 [grpc-default-executor-2] INFO  impl.RaftServerImpl (RaftServerImpl.java:setRole(184)) - 7f29c796-0732-402f-b865-67033766dcba@group-C2BDBBDF155D: changes role from  FOLLOWER to FOLLOWER at term 268 for recognizeCandidate:c07977b7-c8ef-4f3c-80b1-66a07c6e3dcd
2019-10-17 20:28:58,581 [grpc-default-executor-4] INFO  impl.RaftServerImpl (RaftServerImpl.java:setRole(184)) - d81605c5-54b3-45a8-b5ae-2e8d8890cbef@group-C2BDBBDF155D: changes role from  FOLLOWER to FOLLOWER at term 268 for recognizeCandidate:c07977b7-c8ef-4f3c-80b1-66a07c6e3dcd
2019-10-17 20:28:58,581 [grpc-default-executor-2] INFO  impl.RoleInfo (RoleInfo.java:shutdownFollowerState(121)) - 7f29c796-0732-402f-b865-67033766dcba: shutdown FollowerState
2019-10-17 20:28:58,581 [grpc-default-executor-4] INFO  impl.RoleInfo (RoleInfo.java:shutdownFollowerState(121)) - d81605c5-54b3-45a8-b5ae-2e8d8890cbef: shutdown FollowerState
2019-10-17 20:28:58,581 [Thread-2600] INFO  impl.FollowerState (FollowerState.java:run(117)) - 7f29c796-0732-402f-b865-67033766dcba@group-C2BDBBDF155D-FollowerState was interrupted: java.lang.InterruptedException: sleep interrupted
2019-10-17 20:28:58,581 [grpc-default-executor-2] INFO  impl.RoleInfo (RoleInfo.java:updateAndGet(143)) - 7f29c796-0732-402f-b865-67033766dcba: start FollowerState
2019-10-17 20:28:58,582 [Thread-2601] INFO  impl.FollowerState (FollowerState.java:run(117)) - d81605c5-54b3-45a8-b5ae-2e8d8890cbef@group-C2BDBBDF155D-FollowerState was interrupted: java.lang.InterruptedException: sleep interrupted
2019-10-17 20:28:58,582 [grpc-default-executor-4] INFO  impl.RoleInfo (RoleInfo.java:updateAndGet(143)) - d81605c5-54b3-45a8-b5ae-2e8d8890cbef: start FollowerState
2019-10-17 20:28:58,605 [c07977b7-c8ef-4f3c-80b1-66a07c6e3dcd@group-C2BDBBDF155D-LeaderElection270] INFO  impl.LeaderElection (LeaderElection.java:logAndReturn(56)) - c07977b7-c8ef-4f3c-80b1-66a07c6e3dcd@group-C2BDBBDF155D-LeaderElection270: Election REJECTED; received 2 response(s) [c07977b7-c8ef-4f3c-80b1-66a07c6e3dcd<-d81605c5-54b3-45a8-b5ae-2e8d8890cbef#0:FAIL-t268, c07977b7-c8ef-4f3c-80b1-66a07c6e3dcd<-7f29c796-0732-402f-b865-67033766dcba#0:FAIL-t268] and 0 exception(s); c07977b7-c8ef-4f3c-80b1-66a07c6e3dcd@group-C2BDBBDF155D:t268, leader=null, voted=c07977b7-c8ef-4f3c-80b1-66a07c6e3dcd, raftlog=c07977b7-c8ef-4f3c-80b1-66a07c6e3dcd@group-C2BDBBDF155D-SegmentedRaftLog:OPENED:c-1,f-1,i0, conf=-1: [d81605c5-54b3-45a8-b5ae-2e8d8890cbef:192.168.164.201:42755, 7f29c796-0732-402f-b865-67033766dcba:192.168.164.201:40704, c07977b7-c8ef-4f3c-80b1-66a07c6e3dcd:192.168.164.201:38664], old=null
2019-10-17 20:28:58,605 [c07977b7-c8ef-4f3c-80b1-66a07c6e3dcd@group-C2BDBBDF155D-LeaderElection270] INFO  impl.RaftServerImpl (RaftServerImpl.java:setRole(184)) - c07977b7-c8ef-4f3c-80b1-66a07c6e3dcd@group-C2BDBBDF155D: changes role from CANDIDATE to FOLLOWER at term 268 for DISCOVERED_A_NEW_TERM
2019-10-17 20:28:58,605 [c07977b7-c8ef-4f3c-80b1-66a07c6e3dcd@group-C2BDBBDF155D-LeaderElection270] INFO  impl.RoleInfo (RoleInfo.java:shutdownLeaderElection(134)) - c07977b7-c8ef-4f3c-80b1-66a07c6e3dcd: shutdown LeaderElection
2019-10-17 20:28:58,605 [c07977b7-c8ef-4f3c-80b1-66a07c6e3dcd@group-C2BDBBDF155D-LeaderElection270] INFO  impl.RoleInfo (RoleInfo.java:updateAndGet(143)) - c07977b7-c8ef-4f3c-80b1-66a07c6e3dcd: start FollowerState
2019-10-17 20:28:58,645 [Thread-2608] INFO  impl.FollowerState (FollowerState.java:run(108)) - c07977b7-c8ef-4f3c-80b1-66a07c6e3dcd@group-C2BDBBDF155D-FollowerState: change to CANDIDATE, lastRpcTime:40ms, electionTimeout:40ms
2019-10-17 20:28:58,645 [Thread-2608] INFO  impl.RoleInfo (RoleInfo.java:shutdownFollowerState(121)) - c07977b7-c8ef-4f3c-80b1-66a07c6e3dcd: shutdown FollowerState
2019-10-17 20:28:58,645 [Thread-2608] INFO  impl.RaftServerImpl (RaftServerImpl.java:setRole(184)) - c07977b7-c8ef-4f3c-80b1-66a07c6e3dcd@group-C2BDBBDF155D: changes role from  FOLLOWER to CANDIDATE at term 268 for changeToCandidate
2019-10-17 20:28:58,646 [Thread-2608] INFO  impl.RoleInfo (RoleInfo.java:updateAndGet(143)) - c07977b7-c8ef-4f3c-80b1-66a07c6e3dcd: start LeaderElection
2019-10-17 20:28:58,671 [c07977b7-c8ef-4f3c-80b1-66a07c6e3dcd@group-C2BDBBDF155D-LeaderElection271] INFO  impl.LeaderElection (LeaderElection.java:askForVotes(178)) - c07977b7-c8ef-4f3c-80b1-66a07c6e3dcd@group-C2BDBBDF155D-LeaderElection271: begin an election at term 269 for -1: [d81605c5-54b3-45a8-b5ae-2e8d8890cbef:192.168.164.201:42755, 7f29c796-0732-402f-b865-67033766dcba:192.168.164.201:40704, c07977b7-c8ef-4f3c-80b1-66a07c6e3dcd:192.168.164.201:38664], old=null
2019-10-17 20:28:58,673 [grpc-default-executor-2] INFO  impl.RaftServerImpl (RaftServerImpl.java:setRole(184)) - d81605c5-54b3-45a8-b5ae-2e8d8890cbef@group-C2BDBBDF155D: changes role from  FOLLOWER to FOLLOWER at term 269 for recognizeCandidate:c07977b7-c8ef-4f3c-80b1-66a07c6e3dcd
2019-10-17 20:28:58,673 [grpc-default-executor-2] INFO  impl.RoleInfo (RoleInfo.java:shutdownFollowerState(121)) - d81605c5-54b3-45a8-b5ae-2e8d8890cbef: shutdown FollowerState
2019-10-17 20:28:58,673 [grpc-default-executor-4] INFO  impl.RaftServerImpl (RaftServerImpl.java:setRole(184)) - 7f29c796-0732-402f-b865-67033766dcba@group-C2BDBBDF155D: changes role from  FOLLOWER to FOLLOWER at term 269 for recognizeCandidate:c07977b7-c8ef-4f3c-80b1-66a07c6e3dcd
2019-10-17 20:28:58,674 [grpc-default-executor-4] INFO  impl.RoleInfo (RoleInfo.java:shutdownFollowerState(121)) - 7f29c796-0732-402f-b865-67033766dcba: shutdown FollowerState
2019-10-17 20:28:58,673 [Thread-2607] INFO  impl.FollowerState (FollowerState.java:run(117)) - d81605c5-54b3-45a8-b5ae-2e8d8890cbef@group-C2BDBBDF155D-FollowerState was interrupted: java.lang.InterruptedException: sleep interrupted
2019-10-17 20:28:58,673 [grpc-default-executor-2] INFO  impl.RoleInfo (RoleInfo.java:updateAndGet(143)) - d81605c5-54b3-45a8-b5ae-2e8d8890cbef: start FollowerState
2019-10-17 20:28:58,674 [Thread-2606] INFO  impl.FollowerState (FollowerState.java:run(117)) - 7f29c796-0732-402f-b865-67033766dcba@group-C2BDBBDF155D-FollowerState was interrupted: java.lang.InterruptedException: sleep interrupted
2019-10-17 20:28:58,674 [grpc-default-executor-4] INFO  impl.RoleInfo (RoleInfo.java:updateAndGet(143)) - 7f29c796-0732-402f-b865-67033766dcba: start FollowerState
2019-10-17 20:28:58,697 [c07977b7-c8ef-4f3c-80b1-66a07c6e3dcd@group-C2BDBBDF155D-LeaderElection271] INFO  impl.LeaderElection (LeaderElection.java:logAndReturn(56)) - c07977b7-c8ef-4f3c-80b1-66a07c6e3dcd@group-C2BDBBDF155D-LeaderElection271: Election REJECTED; received 2 response(s) [c07977b7-c8ef-4f3c-80b1-66a07c6e3dcd<-d81605c5-54b3-45a8-b5ae-2e8d8890cbef#0:FAIL-t269, c07977b7-c8ef-4f3c-80b1-66a07c6e3dcd<-7f29c796-0732-402f-b865-67033766dcba#0:FAIL-t269] and 0 exception(s); c07977b7-c8ef-4f3c-80b1-66a07c6e3dcd@group-C2BDBBDF155D:t269, leader=null, voted=c07977b7-c8ef-4f3c-80b1-66a07c6e3dcd, raftlog=c07977b7-c8ef-4f3c-80b1-66a07c6e3dcd@group-C2BDBBDF155D-SegmentedRaftLog:OPENED:c-1,f-1,i0, conf=-1: [d81605c5-54b3-45a8-b5ae-2e8d8890cbef:192.168.164.201:42755, 7f29c796-0732-402f-b865-67033766dcba:192.168.164.201:40704, c07977b7-c8ef-4f3c-80b1-66a07c6e3dcd:192.168.164.201:38664], old=null
2019-10-17 20:28:58,697 [c07977b7-c8ef-4f3c-80b1-66a07c6e3dcd@group-C2BDBBDF155D-LeaderElection271] INFO  impl.RaftServerImpl (RaftServerImpl.java:setRole(184)) - c07977b7-c8ef-4f3c-80b1-66a07c6e3dcd@group-C2BDBBDF155D: changes role from CANDIDATE to FOLLOWER at term 269 for DISCOVERED_A_NEW_TERM
2019-10-17 20:28:58,697 [c07977b7-c8ef-4f3c-80b1-66a07c6e3dcd@group-C2BDBBDF155D-LeaderElection271] INFO  impl.RoleInfo (RoleInfo.java:shutdownLeaderElection(134)) - c07977b7-c8ef-4f3c-80b1-66a07c6e3dcd: shutdown LeaderElection
2019-10-17 20:28:58,697 [c07977b7-c8ef-4f3c-80b1-66a07c6e3dcd@group-C2BDBBDF155D-LeaderElection271] INFO  impl.RoleInfo (RoleInfo.java:updateAndGet(143)) - c07977b7-c8ef-4f3c-80b1-66a07c6e3dcd: start FollowerState
2019-10-17 20:28:58,808 [Thread-2614] INFO  impl.FollowerState (FollowerState.java:run(108)) - c07977b7-c8ef-4f3c-80b1-66a07c6e3dcd@group-C2BDBBDF155D-FollowerState: change to CANDIDATE, lastRpcTime:110ms, electionTimeout:110ms
2019-10-17 20:28:58,808 [Thread-2614] INFO  impl.RoleInfo (RoleInfo.java:shutdownFollowerState(121)) - c07977b7-c8ef-4f3c-80b1-66a07c6e3dcd: shutdown FollowerState
2019-10-17 20:28:58,808 [Thread-2614] INFO  impl.RaftServerImpl (RaftServerImpl.java:setRole(184)) - c07977b7-c8ef-4f3c-80b1-66a07c6e3dcd@group-C2BDBBDF155D: changes role from  FOLLOWER to CANDIDATE at term 269 for changeToCandidate
2019-10-17 20:28:58,808 [Thread-2614] INFO  impl.RoleInfo (RoleInfo.java:updateAndGet(143)) - c07977b7-c8ef-4f3c-80b1-66a07c6e3dcd: start LeaderElection
2019-10-17 20:28:58,838 [c07977b7-c8ef-4f3c-80b1-66a07c6e3dcd@group-C2BDBBDF155D-LeaderElection272] INFO  impl.LeaderElection (LeaderElection.java:askForVotes(178)) - c07977b7-c8ef-4f3c-80b1-66a07c6e3dcd@group-C2BDBBDF155D-LeaderElection272: begin an election at term 270 for -1: [d81605c5-54b3-45a8-b5ae-2e8d8890cbef:192.168.164.201:42755, 7f29c796-0732-402f-b865-67033766dcba:192.168.164.201:40704, c07977b7-c8ef-4f3c-80b1-66a07c6e3dcd:192.168.164.201:38664], old=null
2019-10-17 20:28:58,841 [grpc-default-executor-4] INFO  impl.RaftServerImpl (RaftServerImpl.java:setRole(184)) - d81605c5-54b3-45a8-b5ae-2e8d8890cbef@group-C2BDBBDF155D: changes role from  FOLLOWER to FOLLOWER at term 270 for recognizeCandidate:c07977b7-c8ef-4f3c-80b1-66a07c6e3dcd
2019-10-17 20:28:58,841 [grpc-default-executor-2] INFO  impl.RaftServerImpl (RaftServerImpl.java:setRole(184)) - 7f29c796-0732-402f-b865-67033766dcba@group-C2BDBBDF155D: changes role from  FOLLOWER to FOLLOWER at term 270 for recognizeCandidate:c07977b7-c8ef-4f3c-80b1-66a07c6e3dcd
2019-10-17 20:28:58,841 [grpc-default-executor-2] INFO  impl.RoleInfo (RoleInfo.java:shutdownFollowerState(121)) - 7f29c796-0732-402f-b865-67033766dcba: shutdown FollowerState
2019-10-17 20:28:58,841 [grpc-default-executor-4] INFO  impl.RoleInfo (RoleInfo.java:shutdownFollowerState(121)) - d81605c5-54b3-45a8-b5ae-2e8d8890cbef: shutdown FollowerState
2019-10-17 20:28:58,842 [Thread-2613] INFO  impl.FollowerState (FollowerState.java:run(117)) - 7f29c796-0732-402f-b865-67033766dcba@group-C2BDBBDF155D-FollowerState was interrupted: java.lang.InterruptedException: sleep interrupted
2019-10-17 20:28:58,842 [grpc-default-executor-2] INFO  impl.RoleInfo (RoleInfo.java:updateAndGet(143)) - 7f29c796-0732-402f-b865-67033766dcba: start FollowerState
2019-10-17 20:28:58,842 [Thread-2612] INFO  impl.FollowerState (FollowerState.java:run(117)) - d81605c5-54b3-45a8-b5ae-2e8d8890cbef@group-C2BDBBDF155D-FollowerState was interrupted: java.lang.InterruptedException: sleep interrupted
2019-10-17 20:28:58,842 [grpc-default-executor-4] INFO  impl.RoleInfo (RoleInfo.java:updateAndGet(143)) - d81605c5-54b3-45a8-b5ae-2e8d8890cbef: start FollowerState
2019-10-17 20:28:58,846 [c07977b7-c8ef-4f3c-80b1-66a07c6e3dcd@group-C2BDBBDF155D-LeaderElection272] INFO  impl.LeaderElection (LeaderElection.java:logAndReturn(56)) - c07977b7-c8ef-4f3c-80b1-66a07c6e3dcd@group-C2BDBBDF155D-LeaderElection272: Election TIMEOUT; received 0 response(s) [] and 0 exception(s); c07977b7-c8ef-4f3c-80b1-66a07c6e3dcd@group-C2BDBBDF155D:t270, leader=null, voted=c07977b7-c8ef-4f3c-80b1-66a07c6e3dcd, raftlog=c07977b7-c8ef-4f3c-80b1-66a07c6e3dcd@group-C2BDBBDF155D-SegmentedRaftLog:OPENED:c-1,f-1,i0, conf=-1: [d81605c5-54b3-45a8-b5ae-2e8d8890cbef:192.168.164.201:42755, 7f29c796-0732-402f-b865-67033766dcba:192.168.164.201:40704, c07977b7-c8ef-4f3c-80b1-66a07c6e3dcd:192.168.164.201:38664], old=null
2019-10-17 20:28:58,864 [c07977b7-c8ef-4f3c-80b1-66a07c6e3dcd@group-C2BDBBDF155D-LeaderElection272] INFO  impl.LeaderElection (LeaderElection.java:askForVotes(178)) - c07977b7-c8ef-4f3c-80b1-66a07c6e3dcd@group-C2BDBBDF155D-LeaderElection272: begin an election at term 271 for -1: [d81605c5-54b3-45a8-b5ae-2e8d8890cbef:192.168.164.201:42755, 7f29c796-0732-402f-b865-67033766dcba:192.168.164.201:40704, c07977b7-c8ef-4f3c-80b1-66a07c6e3dcd:192.168.164.201:38664], old=null
2019-10-17 20:28:58,865 [grpc-default-executor-2] INFO  impl.RaftServerImpl (RaftServerImpl.java:setRole(184)) - 7f29c796-0732-402f-b865-67033766dcba@group-C2BDBBDF155D: changes role from  FOLLOWER to FOLLOWER at term 271 for recognizeCandidate:c07977b7-c8ef-4f3c-80b1-66a07c6e3dcd
2019-10-17 20:28:58,865 [grpc-default-executor-4] INFO  impl.RaftServerImpl (RaftServerImpl.java:setRole(184)) - d81605c5-54b3-45a8-b5ae-2e8d8890cbef@group-C2BDBBDF155D: changes role from  FOLLOWER to FOLLOWER at term 271 for recognizeCandidate:c07977b7-c8ef-4f3c-80b1-66a07c6e3dcd
2019-10-17 20:28:58,865 [grpc-default-executor-2] INFO  impl.RoleInfo (RoleInfo.java:shutdownFollowerState(121)) - 7f29c796-0732-402f-b865-67033766dcba: shutdown FollowerState
2019-10-17 20:28:58,866 [grpc-default-executor-4] INFO  impl.RoleInfo (RoleInfo.java:shutdownFollowerState(121)) - d81605c5-54b3-45a8-b5ae-2e8d8890cbef: shutdown FollowerState
2019-10-17 20:28:58,866 [Thread-2618] INFO  impl.FollowerState (FollowerState.java:run(117)) - 7f29c796-0732-402f-b865-67033766dcba@group-C2BDBBDF155D-FollowerState was interrupted: java.lang.InterruptedException: sleep interrupted
2019-10-17 20:28:58,866 [grpc-default-executor-2] INFO  impl.RoleInfo (RoleInfo.java:updateAndGet(143)) - 7f29c796-0732-402f-b865-67033766dcba: start FollowerState
2019-10-17 20:28:58,866 [Thread-2619] INFO  impl.FollowerState (FollowerState.java:run(117)) - d81605c5-54b3-45a8-b5ae-2e8d8890cbef@group-C2BDBBDF155D-FollowerState was interrupted: java.lang.InterruptedException: sleep interrupted
2019-10-17 20:28:58,866 [grpc-default-executor-4] INFO  impl.RoleInfo (RoleInfo.java:updateAndGet(143)) - d81605c5-54b3-45a8-b5ae-2e8d8890cbef: start FollowerState
2019-10-17 20:28:58,881 [c07977b7-c8ef-4f3c-80b1-66a07c6e3dcd@group-C2BDBBDF155D-LeaderElection272] INFO  impl.LeaderElection (LeaderElection.java:logAndReturn(56)) - c07977b7-c8ef-4f3c-80b1-66a07c6e3dcd@group-C2BDBBDF155D-LeaderElection272: Election TIMEOUT; received 0 response(s) [] and 0 exception(s); c07977b7-c8ef-4f3c-80b1-66a07c6e3dcd@group-C2BDBBDF155D:t271, leader=null, voted=c07977b7-c8ef-4f3c-80b1-66a07c6e3dcd, raftlog=c07977b7-c8ef-4f3c-80b1-66a07c6e3dcd@group-C2BDBBDF155D-SegmentedRaftLog:OPENED:c-1,f-1,i0, conf=-1: [d81605c5-54b3-45a8-b5ae-2e8d8890cbef:192.168.164.201:42755, 7f29c796-0732-402f-b865-67033766dcba:192.168.164.201:40704, c07977b7-c8ef-4f3c-80b1-66a07c6e3dcd:192.168.164.201:38664], old=null
2019-10-17 20:28:58,906 [c07977b7-c8ef-4f3c-80b1-66a07c6e3dcd@group-C2BDBBDF155D-LeaderElection272] INFO  impl.LeaderElection (LeaderElection.java:askForVotes(178)) - c07977b7-c8ef-4f3c-80b1-66a07c6e3dcd@group-C2BDBBDF155D-LeaderElection272: begin an election at term 272 for -1: [d81605c5-54b3-45a8-b5ae-2e8d8890cbef:192.168.164.201:42755, 7f29c796-0732-402f-b865-67033766dcba:192.168.164.201:40704, c07977b7-c8ef-4f3c-80b1-66a07c6e3dcd:192.168.164.201:38664], old=null
2019-10-17 20:28:58,908 [grpc-default-executor-2] INFO  impl.RaftServerImpl (RaftServerImpl.java:setRole(184)) - d81605c5-54b3-45a8-b5ae-2e8d8890cbef@group-C2BDBBDF155D: changes role from  FOLLOWER to FOLLOWER at term 272 for recognizeCandidate:c07977b7-c8ef-4f3c-80b1-66a07c6e3dcd
2019-10-17 20:28:58,908 [grpc-default-executor-2] INFO  impl.RoleInfo (RoleInfo.java:shutdownFollowerState(121)) - d81605c5-54b3-45a8-b5ae-2e8d8890cbef: shutdown FollowerState
2019-10-17 20:28:58,909 [grpc-default-executor-4] INFO  impl.RaftServerImpl (RaftServerImpl.java:setRole(184)) - 7f29c796-0732-402f-b865-67033766dcba@group-C2BDBBDF155D: changes role from  FOLLOWER to FOLLOWER at term 272 for recognizeCandidate:c07977b7-c8ef-4f3c-80b1-66a07c6e3dcd
2019-10-17 20:28:58,909 [grpc-default-executor-2] INFO  impl.RoleInfo (RoleInfo.java:updateAndGet(143)) - d81605c5-54b3-45a8-b5ae-2e8d8890cbef: start FollowerState
2019-10-17 20:28:58,909 [Thread-2623] INFO  impl.FollowerState (FollowerState.java:run(117)) - d81605c5-54b3-45a8-b5ae-2e8d8890cbef@group-C2BDBBDF155D-FollowerState was interrupted: java.lang.InterruptedException: sleep interrupted
2019-10-17 20:28:58,909 [grpc-default-executor-4] INFO  impl.RoleInfo (RoleInfo.java:shutdownFollowerState(121)) - 7f29c796-0732-402f-b865-67033766dcba: shutdown FollowerState
2019-10-17 20:28:58,909 [grpc-default-executor-4] INFO  impl.RoleInfo (RoleInfo.java:updateAndGet(143)) - 7f29c796-0732-402f-b865-67033766dcba: start FollowerState
2019-10-17 20:28:58,909 [Thread-2622] INFO  impl.FollowerState (FollowerState.java:run(117)) - 7f29c796-0732-402f-b865-67033766dcba@group-C2BDBBDF155D-FollowerState was interrupted: java.lang.InterruptedException: sleep interrupted
2019-10-17 20:28:58,932 [c07977b7-c8ef-4f3c-80b1-66a07c6e3dcd@group-C2BDBBDF155D-LeaderElection272] INFO  impl.LeaderElection (LeaderElection.java:logAndReturn(56)) - c07977b7-c8ef-4f3c-80b1-66a07c6e3dcd@group-C2BDBBDF155D-LeaderElection272: Election REJECTED; received 2 response(s) [c07977b7-c8ef-4f3c-80b1-66a07c6e3dcd<-d81605c5-54b3-45a8-b5ae-2e8d8890cbef#0:FAIL-t272, c07977b7-c8ef-4f3c-80b1-66a07c6e3dcd<-7f29c796-0732-402f-b865-67033766dcba#0:FAIL-t272] and 0 exception(s); c07977b7-c8ef-4f3c-80b1-66a07c6e3dcd@group-C2BDBBDF155D:t272, leader=null, voted=c07977b7-c8ef-4f3c-80b1-66a07c6e3dcd, raftlog=c07977b7-c8ef-4f3c-80b1-66a07c6e3dcd@group-C2BDBBDF155D-SegmentedRaftLog:OPENED:c-1,f-1,i0, conf=-1: [d81605c5-54b3-45a8-b5ae-2e8d8890cbef:192.168.164.201:42755, 7f29c796-0732-402f-b865-67033766dcba:192.168.164.201:40704, c07977b7-c8ef-4f3c-80b1-66a07c6e3dcd:192.168.164.201:38664], old=null
2019-10-17 20:28:58,933 [c07977b7-c8ef-4f3c-80b1-66a07c6e3dcd@group-C2BDBBDF155D-LeaderElection272] INFO  impl.RaftServerImpl (RaftServerImpl.java:setRole(184)) - c07977b7-c8ef-4f3c-80b1-66a07c6e3dcd@group-C2BDBBDF155D: changes role from CANDIDATE to FOLLOWER at term 272 for DISCOVERED_A_NEW_TERM
2019-10-17 20:28:58,933 [c07977b7-c8ef-4f3c-80b1-66a07c6e3dcd@group-C2BDBBDF155D-LeaderElection272] INFO  impl.RoleInfo (RoleInfo.java:shutdownLeaderElection(134)) - c07977b7-c8ef-4f3c-80b1-66a07c6e3dcd: shutdown LeaderElection
2019-10-17 20:28:58,933 [c07977b7-c8ef-4f3c-80b1-66a07c6e3dcd@group-C2BDBBDF155D-LeaderElection272] INFO  impl.RoleInfo (RoleInfo.java:updateAndGet(143)) - c07977b7-c8ef-4f3c-80b1-66a07c6e3dcd: start FollowerState
2019-10-17 20:28:59,002 [Thread-2628] INFO  impl.FollowerState (FollowerState.java:run(108)) - c07977b7-c8ef-4f3c-80b1-66a07c6e3dcd@group-C2BDBBDF155D-FollowerState: change to CANDIDATE, lastRpcTime:69ms, electionTimeout:69ms
2019-10-17 20:28:59,003 [Thread-2628] INFO  impl.RoleInfo (RoleInfo.java:shutdownFollowerState(121)) - c07977b7-c8ef-4f3c-80b1-66a07c6e3dcd: shutdown FollowerState
2019-10-17 20:28:59,003 [Thread-2628] INFO  impl.RaftServerImpl (RaftServerImpl.java:setRole(184)) - c07977b7-c8ef-4f3c-80b1-66a07c6e3dcd@group-C2BDBBDF155D: changes role from  FOLLOWER to CANDIDATE at term 272 for changeToCandidate
2019-10-17 20:28:59,003 [Thread-2628] INFO  impl.RoleInfo (RoleInfo.java:updateAndGet(143)) - c07977b7-c8ef-4f3c-80b1-66a07c6e3dcd: start LeaderElection
2019-10-17 20:28:59,032 [c07977b7-c8ef-4f3c-80b1-66a07c6e3dcd@group-C2BDBBDF155D-LeaderElection273] INFO  impl.LeaderElection (LeaderElection.java:askForVotes(178)) - c07977b7-c8ef-4f3c-80b1-66a07c6e3dcd@group-C2BDBBDF155D-LeaderElection273: begin an election at term 273 for -1: [d81605c5-54b3-45a8-b5ae-2e8d8890cbef:192.168.164.201:42755, 7f29c796-0732-402f-b865-67033766dcba:192.168.164.201:40704, c07977b7-c8ef-4f3c-80b1-66a07c6e3dcd:192.168.164.201:38664], old=null
2019-10-17 20:28:59,034 [grpc-default-executor-4] INFO  impl.RaftServerImpl (RaftServerImpl.java:setRole(184)) - 7f29c796-0732-402f-b865-67033766dcba@group-C2BDBBDF155D: changes role from  FOLLOWER to FOLLOWER at term 273 for recognizeCandidate:c07977b7-c8ef-4f3c-80b1-66a07c6e3dcd
2019-10-17 20:28:59,034 [grpc-default-executor-4] INFO  impl.RoleInfo (RoleInfo.java:shutdownFollowerState(121)) - 7f29c796-0732-402f-b865-67033766dcba: shutdown FollowerState
2019-10-17 20:28:59,034 [grpc-default-executor-2] INFO  impl.RaftServerImpl (RaftServerImpl.java:setRole(184)) - d81605c5-54b3-45a8-b5ae-2e8d8890cbef@group-C2BDBBDF155D: changes role from  FOLLOWER to FOLLOWER at term 273 for recognizeCandidate:c07977b7-c8ef-4f3c-80b1-66a07c6e3dcd
2019-10-17 20:28:59,034 [Thread-2627] INFO  impl.FollowerState (FollowerState.java:run(117)) - 7f29c796-0732-402f-b865-67033766dcba@group-C2BDBBDF155D-FollowerState was interrupted: java.lang.InterruptedException: sleep interrupted
2019-10-17 20:28:59,034 [grpc-default-executor-4] INFO  impl.RoleInfo (RoleInfo.java:updateAndGet(143)) - 7f29c796-0732-402f-b865-67033766dcba: start FollowerState
2019-10-17 20:28:59,034 [grpc-default-executor-2] INFO  impl.RoleInfo (RoleInfo.java:shutdownFollowerState(121)) - d81605c5-54b3-45a8-b5ae-2e8d8890cbef: shutdown FollowerState
2019-10-17 20:28:59,035 [grpc-default-executor-2] INFO  impl.RoleInfo (RoleInfo.java:updateAndGet(143)) - d81605c5-54b3-45a8-b5ae-2e8d8890cbef: start FollowerState
2019-10-17 20:28:59,035 [Thread-2626] INFO  impl.FollowerState (FollowerState.java:run(117)) - d81605c5-54b3-45a8-b5ae-2e8d8890cbef@group-C2BDBBDF155D-FollowerState was interrupted: java.lang.InterruptedException: sleep interrupted
2019-10-17 20:28:59,058 [c07977b7-c8ef-4f3c-80b1-66a07c6e3dcd@group-C2BDBBDF155D-LeaderElection273] INFO  impl.LeaderElection (LeaderElection.java:logAndReturn(56)) - c07977b7-c8ef-4f3c-80b1-66a07c6e3dcd@group-C2BDBBDF155D-LeaderElection273: Election REJECTED; received 2 response(s) [c07977b7-c8ef-4f3c-80b1-66a07c6e3dcd<-d81605c5-54b3-45a8-b5ae-2e8d8890cbef#0:FAIL-t273, c07977b7-c8ef-4f3c-80b1-66a07c6e3dcd<-7f29c796-0732-402f-b865-67033766dcba#0:FAIL-t273] and 0 exception(s); c07977b7-c8ef-4f3c-80b1-66a07c6e3dcd@group-C2BDBBDF155D:t273, leader=null, voted=c07977b7-c8ef-4f3c-80b1-66a07c6e3dcd, raftlog=c07977b7-c8ef-4f3c-80b1-66a07c6e3dcd@group-C2BDBBDF155D-SegmentedRaftLog:OPENED:c-1,f-1,i0, conf=-1: [d81605c5-54b3-45a8-b5ae-2e8d8890cbef:192.168.164.201:42755, 7f29c796-0732-402f-b865-67033766dcba:192.168.164.201:40704, c07977b7-c8ef-4f3c-80b1-66a07c6e3dcd:192.168.164.201:38664], old=null
2019-10-17 20:28:59,058 [c07977b7-c8ef-4f3c-80b1-66a07c6e3dcd@group-C2BDBBDF155D-LeaderElection273] INFO  impl.RaftServerImpl (RaftServerImpl.java:setRole(184)) - c07977b7-c8ef-4f3c-80b1-66a07c6e3dcd@group-C2BDBBDF155D: changes role from CANDIDATE to FOLLOWER at term 273 for DISCOVERED_A_NEW_TERM
2019-10-17 20:28:59,058 [c07977b7-c8ef-4f3c-80b1-66a07c6e3dcd@group-C2BDBBDF155D-LeaderElection273] INFO  impl.RoleInfo (RoleInfo.java:shutdownLeaderElection(134)) - c07977b7-c8ef-4f3c-80b1-66a07c6e3dcd: shutdown LeaderElection
2019-10-17 20:28:59,059 [c07977b7-c8ef-4f3c-80b1-66a07c6e3dcd@group-C2BDBBDF155D-LeaderElection273] INFO  impl.RoleInfo (RoleInfo.java:updateAndGet(143)) - c07977b7-c8ef-4f3c-80b1-66a07c6e3dcd: start FollowerState
2019-10-17 20:28:59,099 [Thread-2634] INFO  impl.FollowerState (FollowerState.java:run(108)) - c07977b7-c8ef-4f3c-80b1-66a07c6e3dcd@group-C2BDBBDF155D-FollowerState: change to CANDIDATE, lastRpcTime:40ms, electionTimeout:40ms
2019-10-17 20:28:59,099 [Thread-2634] INFO  impl.RoleInfo (RoleInfo.java:shutdownFollowerState(121)) - c07977b7-c8ef-4f3c-80b1-66a07c6e3dcd: shutdown FollowerState
2019-10-17 20:28:59,099 [Thread-2634] INFO  impl.RaftServerImpl (RaftServerImpl.java:setRole(184)) - c07977b7-c8ef-4f3c-80b1-66a07c6e3dcd@group-C2BDBBDF155D: changes role from  FOLLOWER to CANDIDATE at term 273 for changeToCandidate
2019-10-17 20:28:59,099 [Thread-2634] INFO  impl.RoleInfo (RoleInfo.java:updateAndGet(143)) - c07977b7-c8ef-4f3c-80b1-66a07c6e3dcd: start LeaderElection
2019-10-17 20:28:59,126 [c07977b7-c8ef-4f3c-80b1-66a07c6e3dcd@group-C2BDBBDF155D-LeaderElection274] INFO  impl.LeaderElection (LeaderElection.java:askForVotes(178)) - c07977b7-c8ef-4f3c-80b1-66a07c6e3dcd@group-C2BDBBDF155D-LeaderElection274: begin an election at term 274 for -1: [d81605c5-54b3-45a8-b5ae-2e8d8890cbef:192.168.164.201:42755, 7f29c796-0732-402f-b865-67033766dcba:192.168.164.201:40704, c07977b7-c8ef-4f3c-80b1-66a07c6e3dcd:192.168.164.201:38664], old=null
2019-10-17 20:28:59,128 [grpc-default-executor-2] INFO  impl.RaftServerImpl (RaftServerImpl.java:setRole(184)) - 7f29c796-0732-402f-b865-67033766dcba@group-C2BDBBDF155D: changes role from  FOLLOWER to FOLLOWER at term 274 for recognizeCandidate:c07977b7-c8ef-4f3c-80b1-66a07c6e3dcd
2019-10-17 20:28:59,129 [grpc-default-executor-2] INFO  impl.RoleInfo (RoleInfo.java:shutdownFollowerState(121)) - 7f29c796-0732-402f-b865-67033766dcba: shutdown FollowerState
2019-10-17 20:28:59,129 [grpc-default-executor-2] INFO  impl.RoleInfo (RoleInfo.java:updateAndGet(143)) - 7f29c796-0732-402f-b865-67033766dcba: start FollowerState
2019-10-17 20:28:59,129 [Thread-2632] INFO  impl.FollowerState (FollowerState.java:run(117)) - 7f29c796-0732-402f-b865-67033766dcba@group-C2BDBBDF155D-FollowerState was interrupted: java.lang.InterruptedException: sleep interrupted
2019-10-17 20:28:59,129 [grpc-default-executor-4] INFO  impl.RaftServerImpl (RaftServerImpl.java:setRole(184)) - d81605c5-54b3-45a8-b5ae-2e8d8890cbef@group-C2BDBBDF155D: changes role from  FOLLOWER to FOLLOWER at term 274 for recognizeCandidate:c07977b7-c8ef-4f3c-80b1-66a07c6e3dcd
2019-10-17 20:28:59,130 [grpc-default-executor-4] INFO  impl.RoleInfo (RoleInfo.java:shutdownFollowerState(121)) - d81605c5-54b3-45a8-b5ae-2e8d8890cbef: shutdown FollowerState
2019-10-17 20:28:59,130 [grpc-default-executor-4] INFO  impl.RoleInfo (RoleInfo.java:updateAndGet(143)) - d81605c5-54b3-45a8-b5ae-2e8d8890cbef: start FollowerState
2019-10-17 20:28:59,130 [Thread-2633] INFO  impl.FollowerState (FollowerState.java:run(117)) - d81605c5-54b3-45a8-b5ae-2e8d8890cbef@group-C2BDBBDF155D-FollowerState was interrupted: java.lang.InterruptedException: sleep interrupted
2019-10-17 20:28:59,152 [c07977b7-c8ef-4f3c-80b1-66a07c6e3dcd@group-C2BDBBDF155D-LeaderElection274] INFO  impl.LeaderElection (LeaderElection.java:logAndReturn(56)) - c07977b7-c8ef-4f3c-80b1-66a07c6e3dcd@group-C2BDBBDF155D-LeaderElection274: Election REJECTED; received 2 response(s) [c07977b7-c8ef-4f3c-80b1-66a07c6e3dcd<-d81605c5-54b3-45a8-b5ae-2e8d8890cbef#0:FAIL-t274, c07977b7-c8ef-4f3c-80b1-66a07c6e3dcd<-7f29c796-0732-402f-b865-67033766dcba#0:FAIL-t274] and 0 exception(s); c07977b7-c8ef-4f3c-80b1-66a07c6e3dcd@group-C2BDBBDF155D:t274, leader=null, voted=c07977b7-c8ef-4f3c-80b1-66a07c6e3dcd, raftlog=c07977b7-c8ef-4f3c-80b1-66a07c6e3dcd@group-C2BDBBDF155D-SegmentedRaftLog:OPENED:c-1,f-1,i0, conf=-1: [d81605c5-54b3-45a8-b5ae-2e8d8890cbef:192.168.164.201:42755, 7f29c796-0732-402f-b865-67033766dcba:192.168.164.201:40704, c07977b7-c8ef-4f3c-80b1-66a07c6e3dcd:192.168.164.201:38664], old=null
2019-10-17 20:28:59,152 [c07977b7-c8ef-4f3c-80b1-66a07c6e3dcd@group-C2BDBBDF155D-LeaderElection274] INFO  impl.RaftServerImpl (RaftServerImpl.java:setRole(184)) - c07977b7-c8ef-4f3c-80b1-66a07c6e3dcd@group-C2BDBBDF155D: changes role from CANDIDATE to FOLLOWER at term 274 for DISCOVERED_A_NEW_TERM
2019-10-17 20:28:59,152 [c07977b7-c8ef-4f3c-80b1-66a07c6e3dcd@group-C2BDBBDF155D-LeaderElection274] INFO  impl.RoleInfo (RoleInfo.java:shutdownLeaderElection(134)) - c07977b7-c8ef-4f3c-80b1-66a07c6e3dcd: shutdown LeaderElection
2019-10-17 20:28:59,153 [c07977b7-c8ef-4f3c-80b1-66a07c6e3dcd@group-C2BDBBDF155D-LeaderElection274] INFO  impl.RoleInfo (RoleInfo.java:updateAndGet(143)) - c07977b7-c8ef-4f3c-80b1-66a07c6e3dcd: start FollowerState
2019-10-17 20:28:59,213 [Thread-2640] INFO  impl.FollowerState (FollowerState.java:run(108)) - c07977b7-c8ef-4f3c-80b1-66a07c6e3dcd@group-C2BDBBDF155D-FollowerState: change to CANDIDATE, lastRpcTime:60ms, electionTimeout:60ms
2019-10-17 20:28:59,213 [Thread-2640] INFO  impl.RoleInfo (RoleInfo.java:shutdownFollowerState(121)) - c07977b7-c8ef-4f3c-80b1-66a07c6e3dcd: shutdown FollowerState
2019-10-17 20:28:59,213 [Thread-2640] INFO  impl.RaftServerImpl (RaftServerImpl.java:setRole(184)) - c07977b7-c8ef-4f3c-80b1-66a07c6e3dcd@group-C2BDBBDF155D: changes role from  FOLLOWER to CANDIDATE at term 274 for changeToCandidate
2019-10-17 20:28:59,214 [Thread-2640] INFO  impl.RoleInfo (RoleInfo.java:updateAndGet(143)) - c07977b7-c8ef-4f3c-80b1-66a07c6e3dcd: start LeaderElection
2019-10-17 20:28:59,243 [c07977b7-c8ef-4f3c-80b1-66a07c6e3dcd@group-C2BDBBDF155D-LeaderElection275] INFO  impl.LeaderElection (LeaderElection.java:askForVotes(178)) - c07977b7-c8ef-4f3c-80b1-66a07c6e3dcd@group-C2BDBBDF155D-LeaderElection275: begin an election at term 275 for -1: [d81605c5-54b3-45a8-b5ae-2e8d8890cbef:192.168.164.201:42755, 7f29c796-0732-402f-b865-67033766dcba:192.168.164.201:40704, c07977b7-c8ef-4f3c-80b1-66a07c6e3dcd:192.168.164.201:38664], old=null
2019-10-17 20:28:59,245 [grpc-default-executor-2] INFO  impl.RaftServerImpl (RaftServerImpl.java:setRole(184)) - d81605c5-54b3-45a8-b5ae-2e8d8890cbef@group-C2BDBBDF155D: changes role from  FOLLOWER to FOLLOWER at term 275 for recognizeCandidate:c07977b7-c8ef-4f3c-80b1-66a07c6e3dcd
2019-10-17 20:28:59,245 [grpc-default-executor-2] INFO  impl.RoleInfo (RoleInfo.java:shutdownFollowerState(121)) - d81605c5-54b3-45a8-b5ae-2e8d8890cbef: shutdown FollowerState
2019-10-17 20:28:59,245 [grpc-default-executor-4] INFO  impl.RaftServerImpl (RaftServerImpl.java:setRole(184)) - 7f29c796-0732-402f-b865-67033766dcba@group-C2BDBBDF155D: changes role from  FOLLOWER to FOLLOWER at term 275 for recognizeCandidate:c07977b7-c8ef-4f3c-80b1-66a07c6e3dcd
2019-10-17 20:28:59,245 [Thread-2639] INFO  impl.FollowerState (FollowerState.java:run(117)) - d81605c5-54b3-45a8-b5ae-2e8d8890cbef@group-C2BDBBDF155D-FollowerState was interrupted: java.lang.InterruptedException: sleep interrupted
2019-10-17 20:28:59,245 [grpc-default-executor-2] INFO  impl.RoleInfo (RoleInfo.java:updateAndGet(143)) - d81605c5-54b3-45a8-b5ae-2e8d8890cbef: start FollowerState
2019-10-17 20:28:59,245 [grpc-default-executor-4] INFO  impl.RoleInfo (RoleInfo.java:shutdownFollowerState(121)) - 7f29c796-0732-402f-b865-67033766dcba: shutdown FollowerState
2019-10-17 20:28:59,246 [grpc-default-executor-4] INFO  impl.RoleInfo (RoleInfo.java:updateAndGet(143)) - 7f29c796-0732-402f-b865-67033766dcba: start FollowerState
2019-10-17 20:28:59,246 [Thread-2638] INFO  impl.FollowerState (FollowerState.java:run(117)) - 7f29c796-0732-402f-b865-67033766dcba@group-C2BDBBDF155D-FollowerState was interrupted: java.lang.InterruptedException: sleep interrupted
2019-10-17 20:28:59,269 [c07977b7-c8ef-4f3c-80b1-66a07c6e3dcd@group-C2BDBBDF155D-LeaderElection275] INFO  impl.LeaderElection (LeaderElection.java:logAndReturn(56)) - c07977b7-c8ef-4f3c-80b1-66a07c6e3dcd@group-C2BDBBDF155D-LeaderElection275: Election REJECTED; received 2 response(s) [c07977b7-c8ef-4f3c-80b1-66a07c6e3dcd<-d81605c5-54b3-45a8-b5ae-2e8d8890cbef#0:FAIL-t275, c07977b7-c8ef-4f3c-80b1-66a07c6e3dcd<-7f29c796-0732-402f-b865-67033766dcba#0:FAIL-t275] and 0 exception(s); c07977b7-c8ef-4f3c-80b1-66a07c6e3dcd@group-C2BDBBDF155D:t275, leader=null, voted=c07977b7-c8ef-4f3c-80b1-66a07c6e3dcd, raftlog=c07977b7-c8ef-4f3c-80b1-66a07c6e3dcd@group-C2BDBBDF155D-SegmentedRaftLog:OPENED:c-1,f-1,i0, conf=-1: [d81605c5-54b3-45a8-b5ae-2e8d8890cbef:192.168.164.201:42755, 7f29c796-0732-402f-b865-67033766dcba:192.168.164.201:40704, c07977b7-c8ef-4f3c-80b1-66a07c6e3dcd:192.168.164.201:38664], old=null
2019-10-17 20:28:59,269 [c07977b7-c8ef-4f3c-80b1-66a07c6e3dcd@group-C2BDBBDF155D-LeaderElection275] INFO  impl.RaftServerImpl (RaftServerImpl.java:setRole(184)) - c07977b7-c8ef-4f3c-80b1-66a07c6e3dcd@group-C2BDBBDF155D: changes role from CANDIDATE to FOLLOWER at term 275 for DISCOVERED_A_NEW_TERM
2019-10-17 20:28:59,269 [c07977b7-c8ef-4f3c-80b1-66a07c6e3dcd@group-C2BDBBDF155D-LeaderElection275] INFO  impl.RoleInfo (RoleInfo.java:shutdownLeaderElection(134)) - c07977b7-c8ef-4f3c-80b1-66a07c6e3dcd: shutdown LeaderElection
2019-10-17 20:28:59,269 [c07977b7-c8ef-4f3c-80b1-66a07c6e3dcd@group-C2BDBBDF155D-LeaderElection275] INFO  impl.RoleInfo (RoleInfo.java:updateAndGet(143)) - c07977b7-c8ef-4f3c-80b1-66a07c6e3dcd: start FollowerState
2019-10-17 20:28:59,467 [Thread-2646] INFO  impl.FollowerState (FollowerState.java:run(108)) - c07977b7-c8ef-4f3c-80b1-66a07c6e3dcd@group-C2BDBBDF155D-FollowerState: change to CANDIDATE, lastRpcTime:198ms, electionTimeout:198ms
2019-10-17 20:28:59,468 [Thread-2646] INFO  impl.RoleInfo (RoleInfo.java:shutdownFollowerState(121)) - c07977b7-c8ef-4f3c-80b1-66a07c6e3dcd: shutdown FollowerState
2019-10-17 20:28:59,468 [Thread-2646] INFO  impl.RaftServerImpl (RaftServerImpl.java:setRole(184)) - c07977b7-c8ef-4f3c-80b1-66a07c6e3dcd@group-C2BDBBDF155D: changes role from  FOLLOWER to CANDIDATE at term 275 for changeToCandidate
2019-10-17 20:28:59,468 [Thread-2646] INFO  impl.RoleInfo (RoleInfo.java:updateAndGet(143)) - c07977b7-c8ef-4f3c-80b1-66a07c6e3dcd: start LeaderElection
2019-10-17 20:28:59,494 [c07977b7-c8ef-4f3c-80b1-66a07c6e3dcd@group-C2BDBBDF155D-LeaderElection276] INFO  impl.LeaderElection (LeaderElection.java:askForVotes(178)) - c07977b7-c8ef-4f3c-80b1-66a07c6e3dcd@group-C2BDBBDF155D-LeaderElection276: begin an election at term 276 for -1: [d81605c5-54b3-45a8-b5ae-2e8d8890cbef:192.168.164.201:42755, 7f29c796-0732-402f-b865-67033766dcba:192.168.164.201:40704, c07977b7-c8ef-4f3c-80b1-66a07c6e3dcd:192.168.164.201:38664], old=null
2019-10-17 20:28:59,497 [grpc-default-executor-2] INFO  impl.RaftServerImpl (RaftServerImpl.java:setRole(184)) - 7f29c796-0732-402f-b865-67033766dcba@group-C2BDBBDF155D: changes role from  FOLLOWER to FOLLOWER at term 276 for recognizeCandidate:c07977b7-c8ef-4f3c-80b1-66a07c6e3dcd
2019-10-17 20:28:59,497 [grpc-default-executor-4] INFO  impl.RaftServerImpl (RaftServerImpl.java:setRole(184)) - d81605c5-54b3-45a8-b5ae-2e8d8890cbef@group-C2BDBBDF155D: changes role from  FOLLOWER to FOLLOWER at term 276 for recognizeCandidate:c07977b7-c8ef-4f3c-80b1-66a07c6e3dcd
2019-10-17 20:28:59,497 [grpc-default-executor-4] INFO  impl.RoleInfo (RoleInfo.java:shutdownFollowerState(121)) - d81605c5-54b3-45a8-b5ae-2e8d8890cbef: shutdown FollowerState
2019-10-17 20:28:59,497 [grpc-default-executor-2] INFO  impl.RoleInfo (RoleInfo.java:shutdownFollowerState(121)) - 7f29c796-0732-402f-b865-67033766dcba: shutdown FollowerState
2019-10-17 20:28:59,497 [Thread-2644] INFO  impl.FollowerState (FollowerState.java:run(117)) - d81605c5-54b3-45a8-b5ae-2e8d8890cbef@group-C2BDBBDF155D-FollowerState was interrupted: java.lang.InterruptedException: sleep interrupted
2019-10-17 20:28:59,497 [grpc-default-executor-4] INFO  impl.RoleInfo (RoleInfo.java:updateAndGet(143)) - d81605c5-54b3-45a8-b5ae-2e8d8890cbef: start FollowerState
2019-10-17 20:28:59,498 [Thread-2645] INFO  impl.FollowerState (FollowerState.java:run(117)) - 7f29c796-0732-402f-b865-67033766dcba@group-C2BDBBDF155D-FollowerState was interrupted: java.lang.InterruptedException: sleep interrupted
2019-10-17 20:28:59,498 [grpc-default-executor-2] INFO  impl.RoleInfo (RoleInfo.java:updateAndGet(143)) - 7f29c796-0732-402f-b865-67033766dcba: start FollowerState
2019-10-17 20:28:59,506 [c07977b7-c8ef-4f3c-80b1-66a07c6e3dcd@group-C2BDBBDF155D-LeaderElection276] INFO  impl.LeaderElection (LeaderElection.java:logAndReturn(56)) - c07977b7-c8ef-4f3c-80b1-66a07c6e3dcd@group-C2BDBBDF155D-LeaderElection276: Election TIMEOUT; received 0 response(s) [] and 0 exception(s); c07977b7-c8ef-4f3c-80b1-66a07c6e3dcd@group-C2BDBBDF155D:t276, leader=null, voted=c07977b7-c8ef-4f3c-80b1-66a07c6e3dcd, raftlog=c07977b7-c8ef-4f3c-80b1-66a07c6e3dcd@group-C2BDBBDF155D-SegmentedRaftLog:OPENED:c-1,f-1,i0, conf=-1: [d81605c5-54b3-45a8-b5ae-2e8d8890cbef:192.168.164.201:42755, 7f29c796-0732-402f-b865-67033766dcba:192.168.164.201:40704, c07977b7-c8ef-4f3c-80b1-66a07c6e3dcd:192.168.164.201:38664], old=null
2019-10-17 20:28:59,519 [c07977b7-c8ef-4f3c-80b1-66a07c6e3dcd@group-C2BDBBDF155D-LeaderElection276] INFO  impl.LeaderElection (LeaderElection.java:askForVotes(178)) - c07977b7-c8ef-4f3c-80b1-66a07c6e3dcd@group-C2BDBBDF155D-LeaderElection276: begin an election at term 277 for -1: [d81605c5-54b3-45a8-b5ae-2e8d8890cbef:192.168.164.201:42755, 7f29c796-0732-402f-b865-67033766dcba:192.168.164.201:40704, c07977b7-c8ef-4f3c-80b1-66a07c6e3dcd:192.168.164.201:38664], old=null
2019-10-17 20:28:59,521 [grpc-default-executor-2] INFO  impl.RaftServerImpl (RaftServerImpl.java:setRole(184)) - d81605c5-54b3-45a8-b5ae-2e8d8890cbef@group-C2BDBBDF155D: changes role from  FOLLOWER to FOLLOWER at term 277 for recognizeCandidate:c07977b7-c8ef-4f3c-80b1-66a07c6e3dcd
2019-10-17 20:28:59,521 [grpc-default-executor-2] INFO  impl.RoleInfo (RoleInfo.java:shutdownFollowerState(121)) - d81605c5-54b3-45a8-b5ae-2e8d8890cbef: shutdown FollowerState
2019-10-17 20:28:59,521 [grpc-default-executor-2] INFO  impl.RoleInfo (RoleInfo.java:updateAndGet(143)) - d81605c5-54b3-45a8-b5ae-2e8d8890cbef: start FollowerState
2019-10-17 20:28:59,522 [Thread-2650] INFO  impl.FollowerState (FollowerState.java:run(117)) - d81605c5-54b3-45a8-b5ae-2e8d8890cbef@group-C2BDBBDF155D-FollowerState was interrupted: java.lang.InterruptedException: sleep interrupted
2019-10-17 20:28:59,522 [grpc-default-executor-4] INFO  impl.RaftServerImpl (RaftServerImpl.java:setRole(184)) - 7f29c796-0732-402f-b865-67033766dcba@group-C2BDBBDF155D: changes role from  FOLLOWER to FOLLOWER at term 277 for recognizeCandidate:c07977b7-c8ef-4f3c-80b1-66a07c6e3dcd
2019-10-17 20:28:59,522 [grpc-default-executor-4] INFO  impl.RoleInfo (RoleInfo.java:shutdownFollowerState(121)) - 7f29c796-0732-402f-b865-67033766dcba: shutdown FollowerState
2019-10-17 20:28:59,522 [grpc-default-executor-4] INFO  impl.RoleInfo (RoleInfo.java:updateAndGet(143)) - 7f29c796-0732-402f-b865-67033766dcba: start FollowerState
2019-10-17 20:28:59,522 [Thread-2651] INFO  impl.FollowerState (FollowerState.java:run(117)) - 7f29c796-0732-402f-b865-67033766dcba@group-C2BDBBDF155D-FollowerState was interrupted: java.lang.InterruptedException: sleep interrupted
2019-10-17 20:28:59,545 [c07977b7-c8ef-4f3c-80b1-66a07c6e3dcd@group-C2BDBBDF155D-LeaderElection276] INFO  impl.LeaderElection (LeaderElection.java:logAndReturn(56)) - c07977b7-c8ef-4f3c-80b1-66a07c6e3dcd@group-C2BDBBDF155D-LeaderElection276: Election REJECTED; received 2 response(s) [c07977b7-c8ef-4f3c-80b1-66a07c6e3dcd<-d81605c5-54b3-45a8-b5ae-2e8d8890cbef#0:FAIL-t277, c07977b7-c8ef-4f3c-80b1-66a07c6e3dcd<-7f29c796-0732-402f-b865-67033766dcba#0:FAIL-t277] and 0 exception(s); c07977b7-c8ef-4f3c-80b1-66a07c6e3dcd@group-C2BDBBDF155D:t277, leader=null, voted=c07977b7-c8ef-4f3c-80b1-66a07c6e3dcd, raftlog=c07977b7-c8ef-4f3c-80b1-66a07c6e3dcd@group-C2BDBBDF155D-SegmentedRaftLog:OPENED:c-1,f-1,i0, conf=-1: [d81605c5-54b3-45a8-b5ae-2e8d8890cbef:192.168.164.201:42755, 7f29c796-0732-402f-b865-67033766dcba:192.168.164.201:40704, c07977b7-c8ef-4f3c-80b1-66a07c6e3dcd:192.168.164.201:38664], old=null
2019-10-17 20:28:59,545 [c07977b7-c8ef-4f3c-80b1-66a07c6e3dcd@group-C2BDBBDF155D-LeaderElection276] INFO  impl.RaftServerImpl (RaftServerImpl.java:setRole(184)) - c07977b7-c8ef-4f3c-80b1-66a07c6e3dcd@group-C2BDBBDF155D: changes role from CANDIDATE to FOLLOWER at term 277 for DISCOVERED_A_NEW_TERM
2019-10-17 20:28:59,546 [c07977b7-c8ef-4f3c-80b1-66a07c6e3dcd@group-C2BDBBDF155D-LeaderElection276] INFO  impl.RoleInfo (RoleInfo.java:shutdownLeaderElection(134)) - c07977b7-c8ef-4f3c-80b1-66a07c6e3dcd: shutdown LeaderElection
2019-10-17 20:28:59,546 [c07977b7-c8ef-4f3c-80b1-66a07c6e3dcd@group-C2BDBBDF155D-LeaderElection276] INFO  impl.RoleInfo (RoleInfo.java:updateAndGet(143)) - c07977b7-c8ef-4f3c-80b1-66a07c6e3dcd: start FollowerState
2019-10-17 20:28:59,547 [Thread-754] INFO  ozone.MiniOzoneClusterImpl (MiniOzoneClusterImpl.java:lambda$waitForClusterToBeReady$2(164)) - Waiting for 1 number of pipelines out of 4, to report a leader.
2019-10-17 20:28:59,653 [Thread-2656] INFO  impl.FollowerState (FollowerState.java:run(108)) - c07977b7-c8ef-4f3c-80b1-66a07c6e3dcd@group-C2BDBBDF155D-FollowerState: change to CANDIDATE, lastRpcTime:107ms, electionTimeout:107ms
2019-10-17 20:28:59,653 [Thread-2656] INFO  impl.RoleInfo (RoleInfo.java:shutdownFollowerState(121)) - c07977b7-c8ef-4f3c-80b1-66a07c6e3dcd: shutdown FollowerState
2019-10-17 20:28:59,653 [Thread-2656] INFO  impl.RaftServerImpl (RaftServerImpl.java:setRole(184)) - c07977b7-c8ef-4f3c-80b1-66a07c6e3dcd@group-C2BDBBDF155D: changes role from  FOLLOWER to CANDIDATE at term 277 for changeToCandidate
2019-10-17 20:28:59,654 [Thread-2656] INFO  impl.RoleInfo (RoleInfo.java:updateAndGet(143)) - c07977b7-c8ef-4f3c-80b1-66a07c6e3dcd: start LeaderElection
2019-10-17 20:28:59,678 [c07977b7-c8ef-4f3c-80b1-66a07c6e3dcd@group-C2BDBBDF155D-LeaderElection277] INFO  impl.LeaderElection (LeaderElection.java:askForVotes(178)) - c07977b7-c8ef-4f3c-80b1-66a07c6e3dcd@group-C2BDBBDF155D-LeaderElection277: begin an election at term 278 for -1: [d81605c5-54b3-45a8-b5ae-2e8d8890cbef:192.168.164.201:42755, 7f29c796-0732-402f-b865-67033766dcba:192.168.164.201:40704, c07977b7-c8ef-4f3c-80b1-66a07c6e3dcd:192.168.164.201:38664], old=null
2019-10-17 20:28:59,680 [grpc-default-executor-4] INFO  impl.RaftServerImpl (RaftServerImpl.java:setRole(184)) - d81605c5-54b3-45a8-b5ae-2e8d8890cbef@group-C2BDBBDF155D: changes role from  FOLLOWER to FOLLOWER at term 278 for recognizeCandidate:c07977b7-c8ef-4f3c-80b1-66a07c6e3dcd
2019-10-17 20:28:59,681 [grpc-default-executor-4] INFO  impl.RoleInfo (RoleInfo.java:shutdownFollowerState(121)) - d81605c5-54b3-45a8-b5ae-2e8d8890cbef: shutdown FollowerState
2019-10-17 20:28:59,681 [grpc-default-executor-2] INFO  impl.RaftServerImpl (RaftServerImpl.java:setRole(184)) - 7f29c796-0732-402f-b865-67033766dcba@group-C2BDBBDF155D: changes role from  FOLLOWER to FOLLOWER at term 278 for recognizeCandidate:c07977b7-c8ef-4f3c-80b1-66a07c6e3dcd
2019-10-17 20:28:59,681 [grpc-default-executor-2] INFO  impl.RoleInfo (RoleInfo.java:shutdownFollowerState(121)) - 7f29c796-0732-402f-b865-67033766dcba: shutdown FollowerState
2019-10-17 20:28:59,681 [Thread-2654] INFO  impl.FollowerState (FollowerState.java:run(117)) - d81605c5-54b3-45a8-b5ae-2e8d8890cbef@group-C2BDBBDF155D-FollowerState was interrupted: java.lang.InterruptedException: sleep interrupted
2019-10-17 20:28:59,681 [grpc-default-executor-4] INFO  impl.RoleInfo (RoleInfo.java:updateAndGet(143)) - d81605c5-54b3-45a8-b5ae-2e8d8890cbef: start FollowerState
2019-10-17 20:28:59,681 [Thread-2655] INFO  impl.FollowerState (FollowerState.java:run(117)) - 7f29c796-0732-402f-b865-67033766dcba@group-C2BDBBDF155D-FollowerState was interrupted: java.lang.InterruptedException: sleep interrupted
2019-10-17 20:28:59,681 [grpc-default-executor-2] INFO  impl.RoleInfo (RoleInfo.java:updateAndGet(143)) - 7f29c796-0732-402f-b865-67033766dcba: start FollowerState
2019-10-17 20:28:59,704 [c07977b7-c8ef-4f3c-80b1-66a07c6e3dcd@group-C2BDBBDF155D-LeaderElection277] INFO  impl.LeaderElection (LeaderElection.java:logAndReturn(56)) - c07977b7-c8ef-4f3c-80b1-66a07c6e3dcd@group-C2BDBBDF155D-LeaderElection277: Election REJECTED; received 2 response(s) [c07977b7-c8ef-4f3c-80b1-66a07c6e3dcd<-d81605c5-54b3-45a8-b5ae-2e8d8890cbef#0:FAIL-t278, c07977b7-c8ef-4f3c-80b1-66a07c6e3dcd<-7f29c796-0732-402f-b865-67033766dcba#0:FAIL-t278] and 0 exception(s); c07977b7-c8ef-4f3c-80b1-66a07c6e3dcd@group-C2BDBBDF155D:t278, leader=null, voted=c07977b7-c8ef-4f3c-80b1-66a07c6e3dcd, raftlog=c07977b7-c8ef-4f3c-80b1-66a07c6e3dcd@group-C2BDBBDF155D-SegmentedRaftLog:OPENED:c-1,f-1,i0, conf=-1: [d81605c5-54b3-45a8-b5ae-2e8d8890cbef:192.168.164.201:42755, 7f29c796-0732-402f-b865-67033766dcba:192.168.164.201:40704, c07977b7-c8ef-4f3c-80b1-66a07c6e3dcd:192.168.164.201:38664], old=null
2019-10-17 20:28:59,705 [c07977b7-c8ef-4f3c-80b1-66a07c6e3dcd@group-C2BDBBDF155D-LeaderElection277] INFO  impl.RaftServerImpl (RaftServerImpl.java:setRole(184)) - c07977b7-c8ef-4f3c-80b1-66a07c6e3dcd@group-C2BDBBDF155D: changes role from CANDIDATE to FOLLOWER at term 278 for DISCOVERED_A_NEW_TERM
2019-10-17 20:28:59,705 [c07977b7-c8ef-4f3c-80b1-66a07c6e3dcd@group-C2BDBBDF155D-LeaderElection277] INFO  impl.RoleInfo (RoleInfo.java:shutdownLeaderElection(134)) - c07977b7-c8ef-4f3c-80b1-66a07c6e3dcd: shutdown LeaderElection
2019-10-17 20:28:59,705 [c07977b7-c8ef-4f3c-80b1-66a07c6e3dcd@group-C2BDBBDF155D-LeaderElection277] INFO  impl.RoleInfo (RoleInfo.java:updateAndGet(143)) - c07977b7-c8ef-4f3c-80b1-66a07c6e3dcd: start FollowerState
2019-10-17 20:28:59,753 [Thread-2662] INFO  impl.FollowerState (FollowerState.java:run(108)) - c07977b7-c8ef-4f3c-80b1-66a07c6e3dcd@group-C2BDBBDF155D-FollowerState: change to CANDIDATE, lastRpcTime:47ms, electionTimeout:47ms
2019-10-17 20:28:59,753 [Thread-2662] INFO  impl.RoleInfo (RoleInfo.java:shutdownFollowerState(121)) - c07977b7-c8ef-4f3c-80b1-66a07c6e3dcd: shutdown FollowerState
2019-10-17 20:28:59,753 [Thread-2662] INFO  impl.RaftServerImpl (RaftServerImpl.java:setRole(184)) - c07977b7-c8ef-4f3c-80b1-66a07c6e3dcd@group-C2BDBBDF155D: changes role from  FOLLOWER to CANDIDATE at term 278 for changeToCandidate
2019-10-17 20:28:59,753 [Thread-2662] INFO  impl.RoleInfo (RoleInfo.java:updateAndGet(143)) - c07977b7-c8ef-4f3c-80b1-66a07c6e3dcd: start LeaderElection
2019-10-17 20:28:59,779 [c07977b7-c8ef-4f3c-80b1-66a07c6e3dcd@group-C2BDBBDF155D-LeaderElection278] INFO  impl.LeaderElection (LeaderElection.java:askForVotes(178)) - c07977b7-c8ef-4f3c-80b1-66a07c6e3dcd@group-C2BDBBDF155D-LeaderElection278: begin an election at term 279 for -1: [d81605c5-54b3-45a8-b5ae-2e8d8890cbef:192.168.164.201:42755, 7f29c796-0732-402f-b865-67033766dcba:192.168.164.201:40704, c07977b7-c8ef-4f3c-80b1-66a07c6e3dcd:192.168.164.201:38664], old=null
2019-10-17 20:28:59,781 [grpc-default-executor-4] INFO  impl.RaftServerImpl (RaftServerImpl.java:setRole(184)) - d81605c5-54b3-45a8-b5ae-2e8d8890cbef@group-C2BDBBDF155D: changes role from  FOLLOWER to FOLLOWER at term 279 for recognizeCandidate:c07977b7-c8ef-4f3c-80b1-66a07c6e3dcd
2019-10-17 20:28:59,781 [grpc-default-executor-4] INFO  impl.RoleInfo (RoleInfo.java:shutdownFollowerState(121)) - d81605c5-54b3-45a8-b5ae-2e8d8890cbef: shutdown FollowerState
2019-10-17 20:28:59,782 [grpc-default-executor-2] INFO  impl.RaftServerImpl (RaftServerImpl.java:setRole(184)) - 7f29c796-0732-402f-b865-67033766dcba@group-C2BDBBDF155D: changes role from  FOLLOWER to FOLLOWER at term 279 for recognizeCandidate:c07977b7-c8ef-4f3c-80b1-66a07c6e3dcd
2019-10-17 20:28:59,782 [grpc-default-executor-2] INFO  impl.RoleInfo (RoleInfo.java:shutdownFollowerState(121)) - 7f29c796-0732-402f-b865-67033766dcba: shutdown FollowerState
2019-10-17 20:28:59,782 [Thread-2660] INFO  impl.FollowerState (FollowerState.java:run(117)) - d81605c5-54b3-45a8-b5ae-2e8d8890cbef@group-C2BDBBDF155D-FollowerState was interrupted: java.lang.InterruptedException: sleep interrupted
2019-10-17 20:28:59,782 [grpc-default-executor-4] INFO  impl.RoleInfo (RoleInfo.java:updateAndGet(143)) - d81605c5-54b3-45a8-b5ae-2e8d8890cbef: start FollowerState
2019-10-17 20:28:59,782 [Thread-2661] INFO  impl.FollowerState (FollowerState.java:run(117)) - 7f29c796-0732-402f-b865-67033766dcba@group-C2BDBBDF155D-FollowerState was interrupted: java.lang.InterruptedException: sleep interrupted
2019-10-17 20:28:59,782 [grpc-default-executor-2] INFO  impl.RoleInfo (RoleInfo.java:updateAndGet(143)) - 7f29c796-0732-402f-b865-67033766dcba: start FollowerState
2019-10-17 20:28:59,805 [c07977b7-c8ef-4f3c-80b1-66a07c6e3dcd@group-C2BDBBDF155D-LeaderElection278] INFO  impl.LeaderElection (LeaderElection.java:logAndReturn(56)) - c07977b7-c8ef-4f3c-80b1-66a07c6e3dcd@group-C2BDBBDF155D-LeaderElection278: Election REJECTED; received 2 response(s) [c07977b7-c8ef-4f3c-80b1-66a07c6e3dcd<-d81605c5-54b3-45a8-b5ae-2e8d8890cbef#0:FAIL-t279, c07977b7-c8ef-4f3c-80b1-66a07c6e3dcd<-7f29c796-0732-402f-b865-67033766dcba#0:FAIL-t279] and 0 exception(s); c07977b7-c8ef-4f3c-80b1-66a07c6e3dcd@group-C2BDBBDF155D:t279, leader=null, voted=c07977b7-c8ef-4f3c-80b1-66a07c6e3dcd, raftlog=c07977b7-c8ef-4f3c-80b1-66a07c6e3dcd@group-C2BDBBDF155D-SegmentedRaftLog:OPENED:c-1,f-1,i0, conf=-1: [d81605c5-54b3-45a8-b5ae-2e8d8890cbef:192.168.164.201:42755, 7f29c796-0732-402f-b865-67033766dcba:192.168.164.201:40704, c07977b7-c8ef-4f3c-80b1-66a07c6e3dcd:192.168.164.201:38664], old=null
2019-10-17 20:28:59,806 [c07977b7-c8ef-4f3c-80b1-66a07c6e3dcd@group-C2BDBBDF155D-LeaderElection278] INFO  impl.RaftServerImpl (RaftServerImpl.java:setRole(184)) - c07977b7-c8ef-4f3c-80b1-66a07c6e3dcd@group-C2BDBBDF155D: changes role from CANDIDATE to FOLLOWER at term 279 for DISCOVERED_A_NEW_TERM
2019-10-17 20:28:59,806 [c07977b7-c8ef-4f3c-80b1-66a07c6e3dcd@group-C2BDBBDF155D-LeaderElection278] INFO  impl.RoleInfo (RoleInfo.java:shutdownLeaderElection(134)) - c07977b7-c8ef-4f3c-80b1-66a07c6e3dcd: shutdown LeaderElection
2019-10-17 20:28:59,806 [c07977b7-c8ef-4f3c-80b1-66a07c6e3dcd@group-C2BDBBDF155D-LeaderElection278] INFO  impl.RoleInfo (RoleInfo.java:updateAndGet(143)) - c07977b7-c8ef-4f3c-80b1-66a07c6e3dcd: start FollowerState
2019-10-17 20:28:59,850 [Thread-2668] INFO  impl.FollowerState (FollowerState.java:run(108)) - c07977b7-c8ef-4f3c-80b1-66a07c6e3dcd@group-C2BDBBDF155D-FollowerState: change to CANDIDATE, lastRpcTime:44ms, electionTimeout:44ms
2019-10-17 20:28:59,850 [Thread-2668] INFO  impl.RoleInfo (RoleInfo.java:shutdownFollowerState(121)) - c07977b7-c8ef-4f3c-80b1-66a07c6e3dcd: shutdown FollowerState
2019-10-17 20:28:59,851 [Thread-2668] INFO  impl.RaftServerImpl (RaftServerImpl.java:setRole(184)) - c07977b7-c8ef-4f3c-80b1-66a07c6e3dcd@group-C2BDBBDF155D: changes role from  FOLLOWER to CANDIDATE at term 279 for changeToCandidate
2019-10-17 20:28:59,851 [Thread-2668] INFO  impl.RoleInfo (RoleInfo.java:updateAndGet(143)) - c07977b7-c8ef-4f3c-80b1-66a07c6e3dcd: start LeaderElection
2019-10-17 20:28:59,880 [c07977b7-c8ef-4f3c-80b1-66a07c6e3dcd@group-C2BDBBDF155D-LeaderElection279] INFO  impl.LeaderElection (LeaderElection.java:askForVotes(178)) - c07977b7-c8ef-4f3c-80b1-66a07c6e3dcd@group-C2BDBBDF155D-LeaderElection279: begin an election at term 280 for -1: [d81605c5-54b3-45a8-b5ae-2e8d8890cbef:192.168.164.201:42755, 7f29c796-0732-402f-b865-67033766dcba:192.168.164.201:40704, c07977b7-c8ef-4f3c-80b1-66a07c6e3dcd:192.168.164.201:38664], old=null
2019-10-17 20:28:59,882 [grpc-default-executor-4] INFO  impl.RaftServerImpl (RaftServerImpl.java:setRole(184)) - d81605c5-54b3-45a8-b5ae-2e8d8890cbef@group-C2BDBBDF155D: changes role from  FOLLOWER to FOLLOWER at term 280 for recognizeCandidate:c07977b7-c8ef-4f3c-80b1-66a07c6e3dcd
2019-10-17 20:28:59,883 [grpc-default-executor-4] INFO  impl.RoleInfo (RoleInfo.java:shutdownFollowerState(121)) - d81605c5-54b3-45a8-b5ae-2e8d8890cbef: shutdown FollowerState
2019-10-17 20:28:59,882 [grpc-default-executor-2] INFO  impl.RaftServerImpl (RaftServerImpl.java:setRole(184)) - 7f29c796-0732-402f-b865-67033766dcba@group-C2BDBBDF155D: changes role from  FOLLOWER to FOLLOWER at term 280 for recognizeCandidate:c07977b7-c8ef-4f3c-80b1-66a07c6e3dcd
2019-10-17 20:28:59,883 [Thread-2666] INFO  impl.FollowerState (FollowerState.java:run(117)) - d81605c5-54b3-45a8-b5ae-2e8d8890cbef@group-C2BDBBDF155D-FollowerState was interrupted: java.lang.InterruptedException: sleep interrupted
2019-10-17 20:28:59,883 [grpc-default-executor-4] INFO  impl.RoleInfo (RoleInfo.java:updateAndGet(143)) - d81605c5-54b3-45a8-b5ae-2e8d8890cbef: start FollowerState
2019-10-17 20:28:59,883 [grpc-default-executor-2] INFO  impl.RoleInfo (RoleInfo.java:shutdownFollowerState(121)) - 7f29c796-0732-402f-b865-67033766dcba: shutdown FollowerState
2019-10-17 20:28:59,884 [grpc-default-executor-2] INFO  impl.RoleInfo (RoleInfo.java:updateAndGet(143)) - 7f29c796-0732-402f-b865-67033766dcba: start FollowerState
2019-10-17 20:28:59,884 [Thread-2667] INFO  impl.FollowerState (FollowerState.java:run(117)) - 7f29c796-0732-402f-b865-67033766dcba@group-C2BDBBDF155D-FollowerState was interrupted: java.lang.InterruptedException: sleep interrupted
2019-10-17 20:28:59,906 [c07977b7-c8ef-4f3c-80b1-66a07c6e3dcd@group-C2BDBBDF155D-LeaderElection279] INFO  impl.LeaderElection (LeaderElection.java:logAndReturn(56)) - c07977b7-c8ef-4f3c-80b1-66a07c6e3dcd@group-C2BDBBDF155D-LeaderElection279: Election REJECTED; received 2 response(s) [c07977b7-c8ef-4f3c-80b1-66a07c6e3dcd<-d81605c5-54b3-45a8-b5ae-2e8d8890cbef#0:FAIL-t280, c07977b7-c8ef-4f3c-80b1-66a07c6e3dcd<-7f29c796-0732-402f-b865-67033766dcba#0:FAIL-t280] and 0 exception(s); c07977b7-c8ef-4f3c-80b1-66a07c6e3dcd@group-C2BDBBDF155D:t280, leader=null, voted=c07977b7-c8ef-4f3c-80b1-66a07c6e3dcd, raftlog=c07977b7-c8ef-4f3c-80b1-66a07c6e3dcd@group-C2BDBBDF155D-SegmentedRaftLog:OPENED:c-1,f-1,i0, conf=-1: [d81605c5-54b3-45a8-b5ae-2e8d8890cbef:192.168.164.201:42755, 7f29c796-0732-402f-b865-67033766dcba:192.168.164.201:40704, c07977b7-c8ef-4f3c-80b1-66a07c6e3dcd:192.168.164.201:38664], old=null
2019-10-17 20:28:59,906 [c07977b7-c8ef-4f3c-80b1-66a07c6e3dcd@group-C2BDBBDF155D-LeaderElection279] INFO  impl.RaftServerImpl (RaftServerImpl.java:setRole(184)) - c07977b7-c8ef-4f3c-80b1-66a07c6e3dcd@group-C2BDBBDF155D: changes role from CANDIDATE to FOLLOWER at term 280 for DISCOVERED_A_NEW_TERM
2019-10-17 20:28:59,906 [c07977b7-c8ef-4f3c-80b1-66a07c6e3dcd@group-C2BDBBDF155D-LeaderElection279] INFO  impl.RoleInfo (RoleInfo.java:shutdownLeaderElection(134)) - c07977b7-c8ef-4f3c-80b1-66a07c6e3dcd: shutdown LeaderElection
2019-10-17 20:28:59,906 [c07977b7-c8ef-4f3c-80b1-66a07c6e3dcd@group-C2BDBBDF155D-LeaderElection279] INFO  impl.RoleInfo (RoleInfo.java:updateAndGet(143)) - c07977b7-c8ef-4f3c-80b1-66a07c6e3dcd: start FollowerState
2019-10-17 20:28:59,916 [Thread-2674] INFO  impl.FollowerState (FollowerState.java:run(108)) - c07977b7-c8ef-4f3c-80b1-66a07c6e3dcd@group-C2BDBBDF155D-FollowerState: change to CANDIDATE, lastRpcTime:9ms, electionTimeout:9ms
2019-10-17 20:28:59,916 [Thread-2674] INFO  impl.RoleInfo (RoleInfo.java:shutdownFollowerState(121)) - c07977b7-c8ef-4f3c-80b1-66a07c6e3dcd: shutdown FollowerState
2019-10-17 20:28:59,916 [Thread-2674] INFO  impl.RaftServerImpl (RaftServerImpl.java:setRole(184)) - c07977b7-c8ef-4f3c-80b1-66a07c6e3dcd@group-C2BDBBDF155D: changes role from  FOLLOWER to CANDIDATE at term 280 for changeToCandidate
2019-10-17 20:28:59,916 [Thread-2674] INFO  impl.RoleInfo (RoleInfo.java:updateAndGet(143)) - c07977b7-c8ef-4f3c-80b1-66a07c6e3dcd: start LeaderElection
2019-10-17 20:28:59,939 [c07977b7-c8ef-4f3c-80b1-66a07c6e3dcd@group-C2BDBBDF155D-LeaderElection280] INFO  impl.LeaderElection (LeaderElection.java:askForVotes(178)) - c07977b7-c8ef-4f3c-80b1-66a07c6e3dcd@group-C2BDBBDF155D-LeaderElection280: begin an election at term 281 for -1: [d81605c5-54b3-45a8-b5ae-2e8d8890cbef:192.168.164.201:42755, 7f29c796-0732-402f-b865-67033766dcba:192.168.164.201:40704, c07977b7-c8ef-4f3c-80b1-66a07c6e3dcd:192.168.164.201:38664], old=null
2019-10-17 20:28:59,941 [grpc-default-executor-4] INFO  impl.RaftServerImpl (RaftServerImpl.java:setRole(184)) - d81605c5-54b3-45a8-b5ae-2e8d8890cbef@group-C2BDBBDF155D: changes role from  FOLLOWER to FOLLOWER at term 281 for recognizeCandidate:c07977b7-c8ef-4f3c-80b1-66a07c6e3dcd
2019-10-17 20:28:59,941 [grpc-default-executor-4] INFO  impl.RoleInfo (RoleInfo.java:shutdownFollowerState(121)) - d81605c5-54b3-45a8-b5ae-2e8d8890cbef: shutdown FollowerState
2019-10-17 20:28:59,941 [grpc-default-executor-4] INFO  impl.RoleInfo (RoleInfo.java:updateAndGet(143)) - d81605c5-54b3-45a8-b5ae-2e8d8890cbef: start FollowerState
2019-10-17 20:28:59,941 [Thread-2672] INFO  impl.FollowerState (FollowerState.java:run(117)) - d81605c5-54b3-45a8-b5ae-2e8d8890cbef@group-C2BDBBDF155D-FollowerState was interrupted: java.lang.InterruptedException: sleep interrupted
2019-10-17 20:28:59,941 [grpc-default-executor-2] INFO  impl.RaftServerImpl (RaftServerImpl.java:setRole(184)) - 7f29c796-0732-402f-b865-67033766dcba@group-C2BDBBDF155D: changes role from  FOLLOWER to FOLLOWER at term 281 for recognizeCandidate:c07977b7-c8ef-4f3c-80b1-66a07c6e3dcd
2019-10-17 20:28:59,942 [grpc-default-executor-2] INFO  impl.RoleInfo (RoleInfo.java:shutdownFollowerState(121)) - 7f29c796-0732-402f-b865-67033766dcba: shutdown FollowerState
2019-10-17 20:28:59,942 [grpc-default-executor-2] INFO  impl.RoleInfo (RoleInfo.java:updateAndGet(143)) - 7f29c796-0732-402f-b865-67033766dcba: start FollowerState
2019-10-17 20:28:59,942 [Thread-2673] INFO  impl.FollowerState (FollowerState.java:run(117)) - 7f29c796-0732-402f-b865-67033766dcba@group-C2BDBBDF155D-FollowerState was interrupted: java.lang.InterruptedException: sleep interrupted
2019-10-17 20:28:59,965 [c07977b7-c8ef-4f3c-80b1-66a07c6e3dcd@group-C2BDBBDF155D-LeaderElection280] INFO  impl.LeaderElection (LeaderElection.java:logAndReturn(56)) - c07977b7-c8ef-4f3c-80b1-66a07c6e3dcd@group-C2BDBBDF155D-LeaderElection280: Election REJECTED; received 2 response(s) [c07977b7-c8ef-4f3c-80b1-66a07c6e3dcd<-d81605c5-54b3-45a8-b5ae-2e8d8890cbef#0:FAIL-t281, c07977b7-c8ef-4f3c-80b1-66a07c6e3dcd<-7f29c796-0732-402f-b865-67033766dcba#0:FAIL-t281] and 0 exception(s); c07977b7-c8ef-4f3c-80b1-66a07c6e3dcd@group-C2BDBBDF155D:t281, leader=null, voted=c07977b7-c8ef-4f3c-80b1-66a07c6e3dcd, raftlog=c07977b7-c8ef-4f3c-80b1-66a07c6e3dcd@group-C2BDBBDF155D-SegmentedRaftLog:OPENED:c-1,f-1,i0, conf=-1: [d81605c5-54b3-45a8-b5ae-2e8d8890cbef:192.168.164.201:42755, 7f29c796-0732-402f-b865-67033766dcba:192.168.164.201:40704, c07977b7-c8ef-4f3c-80b1-66a07c6e3dcd:192.168.164.201:38664], old=null
2019-10-17 20:28:59,965 [c07977b7-c8ef-4f3c-80b1-66a07c6e3dcd@group-C2BDBBDF155D-LeaderElection280] INFO  impl.RaftServerImpl (RaftServerImpl.java:setRole(184)) - c07977b7-c8ef-4f3c-80b1-66a07c6e3dcd@group-C2BDBBDF155D: changes role from CANDIDATE to FOLLOWER at term 281 for DISCOVERED_A_NEW_TERM
2019-10-17 20:28:59,966 [c07977b7-c8ef-4f3c-80b1-66a07c6e3dcd@group-C2BDBBDF155D-LeaderElection280] INFO  impl.RoleInfo (RoleInfo.java:shutdownLeaderElection(134)) - c07977b7-c8ef-4f3c-80b1-66a07c6e3dcd: shutdown LeaderElection
2019-10-17 20:28:59,966 [c07977b7-c8ef-4f3c-80b1-66a07c6e3dcd@group-C2BDBBDF155D-LeaderElection280] INFO  impl.RoleInfo (RoleInfo.java:updateAndGet(143)) - c07977b7-c8ef-4f3c-80b1-66a07c6e3dcd: start FollowerState
2019-10-17 20:29:00,134 [Thread-2680] INFO  impl.FollowerState (FollowerState.java:run(108)) - c07977b7-c8ef-4f3c-80b1-66a07c6e3dcd@group-C2BDBBDF155D-FollowerState: change to CANDIDATE, lastRpcTime:168ms, electionTimeout:168ms
2019-10-17 20:29:00,135 [Thread-2680] INFO  impl.RoleInfo (RoleInfo.java:shutdownFollowerState(121)) - c07977b7-c8ef-4f3c-80b1-66a07c6e3dcd: shutdown FollowerState
2019-10-17 20:29:00,135 [Thread-2680] INFO  impl.RaftServerImpl (RaftServerImpl.java:setRole(184)) - c07977b7-c8ef-4f3c-80b1-66a07c6e3dcd@group-C2BDBBDF155D: changes role from  FOLLOWER to CANDIDATE at term 281 for changeToCandidate
2019-10-17 20:29:00,135 [Thread-2680] INFO  impl.RoleInfo (RoleInfo.java:updateAndGet(143)) - c07977b7-c8ef-4f3c-80b1-66a07c6e3dcd: start LeaderElection
2019-10-17 20:29:00,164 [c07977b7-c8ef-4f3c-80b1-66a07c6e3dcd@group-C2BDBBDF155D-LeaderElection281] INFO  impl.LeaderElection (LeaderElection.java:askForVotes(178)) - c07977b7-c8ef-4f3c-80b1-66a07c6e3dcd@group-C2BDBBDF155D-LeaderElection281: begin an election at term 282 for -1: [d81605c5-54b3-45a8-b5ae-2e8d8890cbef:192.168.164.201:42755, 7f29c796-0732-402f-b865-67033766dcba:192.168.164.201:40704, c07977b7-c8ef-4f3c-80b1-66a07c6e3dcd:192.168.164.201:38664], old=null
2019-10-17 20:29:00,167 [grpc-default-executor-2] INFO  impl.RaftServerImpl (RaftServerImpl.java:setRole(184)) - 7f29c796-0732-402f-b865-67033766dcba@group-C2BDBBDF155D: changes role from  FOLLOWER to FOLLOWER at term 282 for recognizeCandidate:c07977b7-c8ef-4f3c-80b1-66a07c6e3dcd
2019-10-17 20:29:00,167 [grpc-default-executor-2] INFO  impl.RoleInfo (RoleInfo.java:shutdownFollowerState(121)) - 7f29c796-0732-402f-b865-67033766dcba: shutdown FollowerState
2019-10-17 20:29:00,167 [grpc-default-executor-4] INFO  impl.RaftServerImpl (RaftServerImpl.java:setRole(184)) - d81605c5-54b3-45a8-b5ae-2e8d8890cbef@group-C2BDBBDF155D: changes role from  FOLLOWER to FOLLOWER at term 282 for recognizeCandidate:c07977b7-c8ef-4f3c-80b1-66a07c6e3dcd
2019-10-17 20:29:00,167 [grpc-default-executor-2] INFO  impl.RoleInfo (RoleInfo.java:updateAndGet(143)) - 7f29c796-0732-402f-b865-67033766dcba: start FollowerState
2019-10-17 20:29:00,167 [Thread-2679] INFO  impl.FollowerState (FollowerState.java:run(117)) - 7f29c796-0732-402f-b865-67033766dcba@group-C2BDBBDF155D-FollowerState was interrupted: java.lang.InterruptedException: sleep interrupted
2019-10-17 20:29:00,167 [grpc-default-executor-4] INFO  impl.RoleInfo (RoleInfo.java:shutdownFollowerState(121)) - d81605c5-54b3-45a8-b5ae-2e8d8890cbef: shutdown FollowerState
2019-10-17 20:29:00,168 [grpc-default-executor-4] INFO  impl.RoleInfo (RoleInfo.java:updateAndGet(143)) - d81605c5-54b3-45a8-b5ae-2e8d8890cbef: start FollowerState
2019-10-17 20:29:00,168 [Thread-2678] INFO  impl.FollowerState (FollowerState.java:run(117)) - d81605c5-54b3-45a8-b5ae-2e8d8890cbef@group-C2BDBBDF155D-FollowerState was interrupted: java.lang.InterruptedException: sleep interrupted
2019-10-17 20:29:00,191 [c07977b7-c8ef-4f3c-80b1-66a07c6e3dcd@group-C2BDBBDF155D-LeaderElection281] INFO  impl.LeaderElection (LeaderElection.java:logAndReturn(56)) - c07977b7-c8ef-4f3c-80b1-66a07c6e3dcd@group-C2BDBBDF155D-LeaderElection281: Election REJECTED; received 2 response(s) [c07977b7-c8ef-4f3c-80b1-66a07c6e3dcd<-d81605c5-54b3-45a8-b5ae-2e8d8890cbef#0:FAIL-t282, c07977b7-c8ef-4f3c-80b1-66a07c6e3dcd<-7f29c796-0732-402f-b865-67033766dcba#0:FAIL-t282] and 0 exception(s); c07977b7-c8ef-4f3c-80b1-66a07c6e3dcd@group-C2BDBBDF155D:t282, leader=null, voted=c07977b7-c8ef-4f3c-80b1-66a07c6e3dcd, raftlog=c07977b7-c8ef-4f3c-80b1-66a07c6e3dcd@group-C2BDBBDF155D-SegmentedRaftLog:OPENED:c-1,f-1,i0, conf=-1: [d81605c5-54b3-45a8-b5ae-2e8d8890cbef:192.168.164.201:42755, 7f29c796-0732-402f-b865-67033766dcba:192.168.164.201:40704, c07977b7-c8ef-4f3c-80b1-66a07c6e3dcd:192.168.164.201:38664], old=null
2019-10-17 20:29:00,191 [c07977b7-c8ef-4f3c-80b1-66a07c6e3dcd@group-C2BDBBDF155D-LeaderElection281] INFO  impl.RaftServerImpl (RaftServerImpl.java:setRole(184)) - c07977b7-c8ef-4f3c-80b1-66a07c6e3dcd@group-C2BDBBDF155D: changes role from CANDIDATE to FOLLOWER at term 282 for DISCOVERED_A_NEW_TERM
2019-10-17 20:29:00,191 [c07977b7-c8ef-4f3c-80b1-66a07c6e3dcd@group-C2BDBBDF155D-LeaderElection281] INFO  impl.RoleInfo (RoleInfo.java:shutdownLeaderElection(134)) - c07977b7-c8ef-4f3c-80b1-66a07c6e3dcd: shutdown LeaderElection
2019-10-17 20:29:00,191 [c07977b7-c8ef-4f3c-80b1-66a07c6e3dcd@group-C2BDBBDF155D-LeaderElection281] INFO  impl.RoleInfo (RoleInfo.java:updateAndGet(143)) - c07977b7-c8ef-4f3c-80b1-66a07c6e3dcd: start FollowerState
2019-10-17 20:29:00,338 [Thread-2686] INFO  impl.FollowerState (FollowerState.java:run(108)) - c07977b7-c8ef-4f3c-80b1-66a07c6e3dcd@group-C2BDBBDF155D-FollowerState: change to CANDIDATE, lastRpcTime:146ms, electionTimeout:146ms
2019-10-17 20:29:00,338 [Thread-2686] INFO  impl.RoleInfo (RoleInfo.java:shutdownFollowerState(121)) - c07977b7-c8ef-4f3c-80b1-66a07c6e3dcd: shutdown FollowerState
2019-10-17 20:29:00,338 [Thread-2686] INFO  impl.RaftServerImpl (RaftServerImpl.java:setRole(184)) - c07977b7-c8ef-4f3c-80b1-66a07c6e3dcd@group-C2BDBBDF155D: changes role from  FOLLOWER to CANDIDATE at term 282 for changeToCandidate
2019-10-17 20:29:00,338 [Thread-2686] INFO  impl.RoleInfo (RoleInfo.java:updateAndGet(143)) - c07977b7-c8ef-4f3c-80b1-66a07c6e3dcd: start LeaderElection
2019-10-17 20:29:00,377 [c07977b7-c8ef-4f3c-80b1-66a07c6e3dcd@group-C2BDBBDF155D-LeaderElection282] INFO  impl.LeaderElection (LeaderElection.java:askForVotes(178)) - c07977b7-c8ef-4f3c-80b1-66a07c6e3dcd@group-C2BDBBDF155D-LeaderElection282: begin an election at term 283 for -1: [d81605c5-54b3-45a8-b5ae-2e8d8890cbef:192.168.164.201:42755, 7f29c796-0732-402f-b865-67033766dcba:192.168.164.201:40704, c07977b7-c8ef-4f3c-80b1-66a07c6e3dcd:192.168.164.201:38664], old=null
2019-10-17 20:29:00,380 [grpc-default-executor-2] INFO  impl.RaftServerImpl (RaftServerImpl.java:setRole(184)) - 7f29c796-0732-402f-b865-67033766dcba@group-C2BDBBDF155D: changes role from  FOLLOWER to FOLLOWER at term 283 for recognizeCandidate:c07977b7-c8ef-4f3c-80b1-66a07c6e3dcd
2019-10-17 20:29:00,380 [grpc-default-executor-2] INFO  impl.RoleInfo (RoleInfo.java:shutdownFollowerState(121)) - 7f29c796-0732-402f-b865-67033766dcba: shutdown FollowerState
2019-10-17 20:29:00,380 [grpc-default-executor-4] INFO  impl.RaftServerImpl (RaftServerImpl.java:setRole(184)) - d81605c5-54b3-45a8-b5ae-2e8d8890cbef@group-C2BDBBDF155D: changes role from  FOLLOWER to FOLLOWER at term 283 for recognizeCandidate:c07977b7-c8ef-4f3c-80b1-66a07c6e3dcd
2019-10-17 20:29:00,380 [Thread-2684] INFO  impl.FollowerState (FollowerState.java:run(117)) - 7f29c796-0732-402f-b865-67033766dcba@group-C2BDBBDF155D-FollowerState was interrupted: java.lang.InterruptedException: sleep interrupted
2019-10-17 20:29:00,380 [grpc-default-executor-2] INFO  impl.RoleInfo (RoleInfo.java:updateAndGet(143)) - 7f29c796-0732-402f-b865-67033766dcba: start FollowerState
2019-10-17 20:29:00,380 [grpc-default-executor-4] INFO  impl.RoleInfo (RoleInfo.java:shutdownFollowerState(121)) - d81605c5-54b3-45a8-b5ae-2e8d8890cbef: shutdown FollowerState
2019-10-17 20:29:00,381 [grpc-default-executor-4] INFO  impl.RoleInfo (RoleInfo.java:updateAndGet(143)) - d81605c5-54b3-45a8-b5ae-2e8d8890cbef: start FollowerState
2019-10-17 20:29:00,381 [Thread-2685] INFO  impl.FollowerState (FollowerState.java:run(117)) - d81605c5-54b3-45a8-b5ae-2e8d8890cbef@group-C2BDBBDF155D-FollowerState was interrupted: java.lang.InterruptedException: sleep interrupted
2019-10-17 20:29:00,391 [c07977b7-c8ef-4f3c-80b1-66a07c6e3dcd@group-C2BDBBDF155D-LeaderElection282] INFO  impl.LeaderElection (LeaderElection.java:logAndReturn(56)) - c07977b7-c8ef-4f3c-80b1-66a07c6e3dcd@group-C2BDBBDF155D-LeaderElection282: Election TIMEOUT; received 0 response(s) [] and 0 exception(s); c07977b7-c8ef-4f3c-80b1-66a07c6e3dcd@group-C2BDBBDF155D:t283, leader=null, voted=c07977b7-c8ef-4f3c-80b1-66a07c6e3dcd, raftlog=c07977b7-c8ef-4f3c-80b1-66a07c6e3dcd@group-C2BDBBDF155D-SegmentedRaftLog:OPENED:c-1,f-1,i0, conf=-1: [d81605c5-54b3-45a8-b5ae-2e8d8890cbef:192.168.164.201:42755, 7f29c796-0732-402f-b865-67033766dcba:192.168.164.201:40704, c07977b7-c8ef-4f3c-80b1-66a07c6e3dcd:192.168.164.201:38664], old=null
2019-10-17 20:29:00,425 [c07977b7-c8ef-4f3c-80b1-66a07c6e3dcd@group-C2BDBBDF155D-LeaderElection282] INFO  impl.LeaderElection (LeaderElection.java:askForVotes(178)) - c07977b7-c8ef-4f3c-80b1-66a07c6e3dcd@group-C2BDBBDF155D-LeaderElection282: begin an election at term 284 for -1: [d81605c5-54b3-45a8-b5ae-2e8d8890cbef:192.168.164.201:42755, 7f29c796-0732-402f-b865-67033766dcba:192.168.164.201:40704, c07977b7-c8ef-4f3c-80b1-66a07c6e3dcd:192.168.164.201:38664], old=null
2019-10-17 20:29:00,427 [grpc-default-executor-2] INFO  impl.RaftServerImpl (RaftServerImpl.java:setRole(184)) - 7f29c796-0732-402f-b865-67033766dcba@group-C2BDBBDF155D: changes role from  FOLLOWER to FOLLOWER at term 284 for recognizeCandidate:c07977b7-c8ef-4f3c-80b1-66a07c6e3dcd
2019-10-17 20:29:00,427 [grpc-default-executor-4] INFO  impl.RaftServerImpl (RaftServerImpl.java:setRole(184)) - d81605c5-54b3-45a8-b5ae-2e8d8890cbef@group-C2BDBBDF155D: changes role from  FOLLOWER to FOLLOWER at term 284 for recognizeCandidate:c07977b7-c8ef-4f3c-80b1-66a07c6e3dcd
2019-10-17 20:29:00,427 [grpc-default-executor-4] INFO  impl.RoleInfo (RoleInfo.java:shutdownFollowerState(121)) - d81605c5-54b3-45a8-b5ae-2e8d8890cbef: shutdown FollowerState
2019-10-17 20:29:00,427 [grpc-default-executor-2] INFO  impl.RoleInfo (RoleInfo.java:shutdownFollowerState(121)) - 7f29c796-0732-402f-b865-67033766dcba: shutdown FollowerState
2019-10-17 20:29:00,428 [Thread-2691] INFO  impl.FollowerState (FollowerState.java:run(117)) - d81605c5-54b3-45a8-b5ae-2e8d8890cbef@group-C2BDBBDF155D-FollowerState was interrupted: java.lang.InterruptedException: sleep interrupted
2019-10-17 20:29:00,427 [grpc-default-executor-4] INFO  impl.RoleInfo (RoleInfo.java:updateAndGet(143)) - d81605c5-54b3-45a8-b5ae-2e8d8890cbef: start FollowerState
2019-10-17 20:29:00,428 [Thread-2690] INFO  impl.FollowerState (FollowerState.java:run(117)) - 7f29c796-0732-402f-b865-67033766dcba@group-C2BDBBDF155D-FollowerState was interrupted: java.lang.InterruptedException: sleep interrupted
2019-10-17 20:29:00,428 [grpc-default-executor-2] INFO  impl.RoleInfo (RoleInfo.java:updateAndGet(143)) - 7f29c796-0732-402f-b865-67033766dcba: start FollowerState
2019-10-17 20:29:00,451 [c07977b7-c8ef-4f3c-80b1-66a07c6e3dcd@group-C2BDBBDF155D-LeaderElection282] INFO  impl.LeaderElection (LeaderElection.java:logAndReturn(56)) - c07977b7-c8ef-4f3c-80b1-66a07c6e3dcd@group-C2BDBBDF155D-LeaderElection282: Election REJECTED; received 2 response(s) [c07977b7-c8ef-4f3c-80b1-66a07c6e3dcd<-d81605c5-54b3-45a8-b5ae-2e8d8890cbef#0:FAIL-t284, c07977b7-c8ef-4f3c-80b1-66a07c6e3dcd<-7f29c796-0732-402f-b865-67033766dcba#0:FAIL-t284] and 0 exception(s); c07977b7-c8ef-4f3c-80b1-66a07c6e3dcd@group-C2BDBBDF155D:t284, leader=null, voted=c07977b7-c8ef-4f3c-80b1-66a07c6e3dcd, raftlog=c07977b7-c8ef-4f3c-80b1-66a07c6e3dcd@group-C2BDBBDF155D-SegmentedRaftLog:OPENED:c-1,f-1,i0, conf=-1: [d81605c5-54b3-45a8-b5ae-2e8d8890cbef:192.168.164.201:42755, 7f29c796-0732-402f-b865-67033766dcba:192.168.164.201:40704, c07977b7-c8ef-4f3c-80b1-66a07c6e3dcd:192.168.164.201:38664], old=null
2019-10-17 20:29:00,451 [c07977b7-c8ef-4f3c-80b1-66a07c6e3dcd@group-C2BDBBDF155D-LeaderElection282] INFO  impl.RaftServerImpl (RaftServerImpl.java:setRole(184)) - c07977b7-c8ef-4f3c-80b1-66a07c6e3dcd@group-C2BDBBDF155D: changes role from CANDIDATE to FOLLOWER at term 284 for DISCOVERED_A_NEW_TERM
2019-10-17 20:29:00,451 [c07977b7-c8ef-4f3c-80b1-66a07c6e3dcd@group-C2BDBBDF155D-LeaderElection282] INFO  impl.RoleInfo (RoleInfo.java:shutdownLeaderElection(134)) - c07977b7-c8ef-4f3c-80b1-66a07c6e3dcd: shutdown LeaderElection
2019-10-17 20:29:00,452 [c07977b7-c8ef-4f3c-80b1-66a07c6e3dcd@group-C2BDBBDF155D-LeaderElection282] INFO  impl.RoleInfo (RoleInfo.java:updateAndGet(143)) - c07977b7-c8ef-4f3c-80b1-66a07c6e3dcd: start FollowerState
2019-10-17 20:29:00,547 [Thread-754] INFO  ozone.MiniOzoneClusterImpl (MiniOzoneClusterImpl.java:lambda$waitForClusterToBeReady$2(164)) - Waiting for 1 number of pipelines out of 4, to report a leader.
2019-10-17 20:29:00,564 [Thread-2696] INFO  impl.FollowerState (FollowerState.java:run(108)) - c07977b7-c8ef-4f3c-80b1-66a07c6e3dcd@group-C2BDBBDF155D-FollowerState: change to CANDIDATE, lastRpcTime:112ms, electionTimeout:112ms
2019-10-17 20:29:00,564 [Thread-2696] INFO  impl.RoleInfo (RoleInfo.java:shutdownFollowerState(121)) - c07977b7-c8ef-4f3c-80b1-66a07c6e3dcd: shutdown FollowerState
2019-10-17 20:29:00,564 [Thread-2696] INFO  impl.RaftServerImpl (RaftServerImpl.java:setRole(184)) - c07977b7-c8ef-4f3c-80b1-66a07c6e3dcd@group-C2BDBBDF155D: changes role from  FOLLOWER to CANDIDATE at term 284 for changeToCandidate
2019-10-17 20:29:00,564 [Thread-2696] INFO  impl.RoleInfo (RoleInfo.java:updateAndGet(143)) - c07977b7-c8ef-4f3c-80b1-66a07c6e3dcd: start LeaderElection
2019-10-17 20:29:00,588 [c07977b7-c8ef-4f3c-80b1-66a07c6e3dcd@group-C2BDBBDF155D-LeaderElection283] INFO  impl.LeaderElection (LeaderElection.java:askForVotes(178)) - c07977b7-c8ef-4f3c-80b1-66a07c6e3dcd@group-C2BDBBDF155D-LeaderElection283: begin an election at term 285 for -1: [d81605c5-54b3-45a8-b5ae-2e8d8890cbef:192.168.164.201:42755, 7f29c796-0732-402f-b865-67033766dcba:192.168.164.201:40704, c07977b7-c8ef-4f3c-80b1-66a07c6e3dcd:192.168.164.201:38664], old=null
2019-10-17 20:29:00,590 [grpc-default-executor-4] INFO  impl.RaftServerImpl (RaftServerImpl.java:setRole(184)) - d81605c5-54b3-45a8-b5ae-2e8d8890cbef@group-C2BDBBDF155D: changes role from  FOLLOWER to FOLLOWER at term 285 for recognizeCandidate:c07977b7-c8ef-4f3c-80b1-66a07c6e3dcd
2019-10-17 20:29:00,591 [grpc-default-executor-4] INFO  impl.RoleInfo (RoleInfo.java:shutdownFollowerState(121)) - d81605c5-54b3-45a8-b5ae-2e8d8890cbef: shutdown FollowerState
2019-10-17 20:29:00,591 [grpc-default-executor-2] INFO  impl.RaftServerImpl (RaftServerImpl.java:setRole(184)) - 7f29c796-0732-402f-b865-67033766dcba@group-C2BDBBDF155D: changes role from  FOLLOWER to FOLLOWER at term 285 for recognizeCandidate:c07977b7-c8ef-4f3c-80b1-66a07c6e3dcd
2019-10-17 20:29:00,591 [grpc-default-executor-2] INFO  impl.RoleInfo (RoleInfo.java:shutdownFollowerState(121)) - 7f29c796-0732-402f-b865-67033766dcba: shutdown FollowerState
2019-10-17 20:29:00,591 [Thread-2694] INFO  impl.FollowerState (FollowerState.java:run(117)) - d81605c5-54b3-45a8-b5ae-2e8d8890cbef@group-C2BDBBDF155D-FollowerState was interrupted: java.lang.InterruptedException: sleep interrupted
2019-10-17 20:29:00,591 [grpc-default-executor-4] INFO  impl.RoleInfo (RoleInfo.java:updateAndGet(143)) - d81605c5-54b3-45a8-b5ae-2e8d8890cbef: start FollowerState
2019-10-17 20:29:00,591 [Thread-2695] INFO  impl.FollowerState (FollowerState.java:run(117)) - 7f29c796-0732-402f-b865-67033766dcba@group-C2BDBBDF155D-FollowerState was interrupted: java.lang.InterruptedException: sleep interrupted
2019-10-17 20:29:00,591 [grpc-default-executor-2] INFO  impl.RoleInfo (RoleInfo.java:updateAndGet(143)) - 7f29c796-0732-402f-b865-67033766dcba: start FollowerState
2019-10-17 20:29:00,615 [c07977b7-c8ef-4f3c-80b1-66a07c6e3dcd@group-C2BDBBDF155D-LeaderElection283] INFO  impl.LeaderElection (LeaderElection.java:logAndReturn(56)) - c07977b7-c8ef-4f3c-80b1-66a07c6e3dcd@group-C2BDBBDF155D-LeaderElection283: Election REJECTED; received 2 response(s) [c07977b7-c8ef-4f3c-80b1-66a07c6e3dcd<-d81605c5-54b3-45a8-b5ae-2e8d8890cbef#0:FAIL-t285, c07977b7-c8ef-4f3c-80b1-66a07c6e3dcd<-7f29c796-0732-402f-b865-67033766dcba#0:FAIL-t285] and 0 exception(s); c07977b7-c8ef-4f3c-80b1-66a07c6e3dcd@group-C2BDBBDF155D:t285, leader=null, voted=c07977b7-c8ef-4f3c-80b1-66a07c6e3dcd, raftlog=c07977b7-c8ef-4f3c-80b1-66a07c6e3dcd@group-C2BDBBDF155D-SegmentedRaftLog:OPENED:c-1,f-1,i0, conf=-1: [d81605c5-54b3-45a8-b5ae-2e8d8890cbef:192.168.164.201:42755, 7f29c796-0732-402f-b865-67033766dcba:192.168.164.201:40704, c07977b7-c8ef-4f3c-80b1-66a07c6e3dcd:192.168.164.201:38664], old=null
2019-10-17 20:29:00,615 [c07977b7-c8ef-4f3c-80b1-66a07c6e3dcd@group-C2BDBBDF155D-LeaderElection283] INFO  impl.RaftServerImpl (RaftServerImpl.java:setRole(184)) - c07977b7-c8ef-4f3c-80b1-66a07c6e3dcd@group-C2BDBBDF155D: changes role from CANDIDATE to FOLLOWER at term 285 for DISCOVERED_A_NEW_TERM
2019-10-17 20:29:00,616 [c07977b7-c8ef-4f3c-80b1-66a07c6e3dcd@group-C2BDBBDF155D-LeaderElection283] INFO  impl.RoleInfo (RoleInfo.java:shutdownLeaderElection(134)) - c07977b7-c8ef-4f3c-80b1-66a07c6e3dcd: shutdown LeaderElection
2019-10-17 20:29:00,616 [c07977b7-c8ef-4f3c-80b1-66a07c6e3dcd@group-C2BDBBDF155D-LeaderElection283] INFO  impl.RoleInfo (RoleInfo.java:updateAndGet(143)) - c07977b7-c8ef-4f3c-80b1-66a07c6e3dcd: start FollowerState
2019-10-17 20:29:00,755 [Thread-2702] INFO  impl.FollowerState (FollowerState.java:run(108)) - c07977b7-c8ef-4f3c-80b1-66a07c6e3dcd@group-C2BDBBDF155D-FollowerState: change to CANDIDATE, lastRpcTime:139ms, electionTimeout:139ms
2019-10-17 20:29:00,755 [Thread-2702] INFO  impl.RoleInfo (RoleInfo.java:shutdownFollowerState(121)) - c07977b7-c8ef-4f3c-80b1-66a07c6e3dcd: shutdown FollowerState
2019-10-17 20:29:00,756 [Thread-2702] INFO  impl.RaftServerImpl (RaftServerImpl.java:setRole(184)) - c07977b7-c8ef-4f3c-80b1-66a07c6e3dcd@group-C2BDBBDF155D: changes role from  FOLLOWER to CANDIDATE at term 285 for changeToCandidate
2019-10-17 20:29:00,756 [Thread-2702] INFO  impl.RoleInfo (RoleInfo.java:updateAndGet(143)) - c07977b7-c8ef-4f3c-80b1-66a07c6e3dcd: start LeaderElection
2019-10-17 20:29:00,781 [c07977b7-c8ef-4f3c-80b1-66a07c6e3dcd@group-C2BDBBDF155D-LeaderElection284] INFO  impl.LeaderElection (LeaderElection.java:askForVotes(178)) - c07977b7-c8ef-4f3c-80b1-66a07c6e3dcd@group-C2BDBBDF155D-LeaderElection284: begin an election at term 286 for -1: [d81605c5-54b3-45a8-b5ae-2e8d8890cbef:192.168.164.201:42755, 7f29c796-0732-402f-b865-67033766dcba:192.168.164.201:40704, c07977b7-c8ef-4f3c-80b1-66a07c6e3dcd:192.168.164.201:38664], old=null
2019-10-17 20:29:00,783 [grpc-default-executor-4] INFO  impl.RaftServerImpl (RaftServerImpl.java:setRole(184)) - 7f29c796-0732-402f-b865-67033766dcba@group-C2BDBBDF155D: changes role from  FOLLOWER to FOLLOWER at term 286 for recognizeCandidate:c07977b7-c8ef-4f3c-80b1-66a07c6e3dcd
2019-10-17 20:29:00,783 [grpc-default-executor-2] INFO  impl.RaftServerImpl (RaftServerImpl.java:setRole(184)) - d81605c5-54b3-45a8-b5ae-2e8d8890cbef@group-C2BDBBDF155D: changes role from  FOLLOWER to FOLLOWER at term 286 for recognizeCandidate:c07977b7-c8ef-4f3c-80b1-66a07c6e3dcd
2019-10-17 20:29:00,783 [grpc-default-executor-4] INFO  impl.RoleInfo (RoleInfo.java:shutdownFollowerState(121)) - 7f29c796-0732-402f-b865-67033766dcba: shutdown FollowerState
2019-10-17 20:29:00,783 [grpc-default-executor-2] INFO  impl.RoleInfo (RoleInfo.java:shutdownFollowerState(121)) - d81605c5-54b3-45a8-b5ae-2e8d8890cbef: shutdown FollowerState
2019-10-17 20:29:00,783 [Thread-2701] INFO  impl.FollowerState (FollowerState.java:run(117)) - 7f29c796-0732-402f-b865-67033766dcba@group-C2BDBBDF155D-FollowerState was interrupted: java.lang.InterruptedException: sleep interrupted
2019-10-17 20:29:00,783 [grpc-default-executor-4] INFO  impl.RoleInfo (RoleInfo.java:updateAndGet(143)) - 7f29c796-0732-402f-b865-67033766dcba: start FollowerState
2019-10-17 20:29:00,783 [Thread-2700] INFO  impl.FollowerState (FollowerState.java:run(117)) - d81605c5-54b3-45a8-b5ae-2e8d8890cbef@group-C2BDBBDF155D-FollowerState was interrupted: java.lang.InterruptedException: sleep interrupted
2019-10-17 20:29:00,783 [grpc-default-executor-2] INFO  impl.RoleInfo (RoleInfo.java:updateAndGet(143)) - d81605c5-54b3-45a8-b5ae-2e8d8890cbef: start FollowerState
2019-10-17 20:29:00,819 [c07977b7-c8ef-4f3c-80b1-66a07c6e3dcd@group-C2BDBBDF155D-LeaderElection284] INFO  impl.LeaderElection (LeaderElection.java:logAndReturn(56)) - c07977b7-c8ef-4f3c-80b1-66a07c6e3dcd@group-C2BDBBDF155D-LeaderElection284: Election REJECTED; received 2 response(s) [c07977b7-c8ef-4f3c-80b1-66a07c6e3dcd<-d81605c5-54b3-45a8-b5ae-2e8d8890cbef#0:FAIL-t286, c07977b7-c8ef-4f3c-80b1-66a07c6e3dcd<-7f29c796-0732-402f-b865-67033766dcba#0:FAIL-t286] and 0 exception(s); c07977b7-c8ef-4f3c-80b1-66a07c6e3dcd@group-C2BDBBDF155D:t286, leader=null, voted=c07977b7-c8ef-4f3c-80b1-66a07c6e3dcd, raftlog=c07977b7-c8ef-4f3c-80b1-66a07c6e3dcd@group-C2BDBBDF155D-SegmentedRaftLog:OPENED:c-1,f-1,i0, conf=-1: [d81605c5-54b3-45a8-b5ae-2e8d8890cbef:192.168.164.201:42755, 7f29c796-0732-402f-b865-67033766dcba:192.168.164.201:40704, c07977b7-c8ef-4f3c-80b1-66a07c6e3dcd:192.168.164.201:38664], old=null
2019-10-17 20:29:00,820 [c07977b7-c8ef-4f3c-80b1-66a07c6e3dcd@group-C2BDBBDF155D-LeaderElection284] INFO  impl.RaftServerImpl (RaftServerImpl.java:setRole(184)) - c07977b7-c8ef-4f3c-80b1-66a07c6e3dcd@group-C2BDBBDF155D: changes role from CANDIDATE to FOLLOWER at term 286 for DISCOVERED_A_NEW_TERM
2019-10-17 20:29:00,820 [c07977b7-c8ef-4f3c-80b1-66a07c6e3dcd@group-C2BDBBDF155D-LeaderElection284] INFO  impl.RoleInfo (RoleInfo.java:shutdownLeaderElection(134)) - c07977b7-c8ef-4f3c-80b1-66a07c6e3dcd: shutdown LeaderElection
2019-10-17 20:29:00,820 [c07977b7-c8ef-4f3c-80b1-66a07c6e3dcd@group-C2BDBBDF155D-LeaderElection284] INFO  impl.RoleInfo (RoleInfo.java:updateAndGet(143)) - c07977b7-c8ef-4f3c-80b1-66a07c6e3dcd: start FollowerState
2019-10-17 20:29:00,859 [Thread-2708] INFO  impl.FollowerState (FollowerState.java:run(108)) - c07977b7-c8ef-4f3c-80b1-66a07c6e3dcd@group-C2BDBBDF155D-FollowerState: change to CANDIDATE, lastRpcTime:39ms, electionTimeout:39ms
2019-10-17 20:29:00,859 [Thread-2708] INFO  impl.RoleInfo (RoleInfo.java:shutdownFollowerState(121)) - c07977b7-c8ef-4f3c-80b1-66a07c6e3dcd: shutdown FollowerState
2019-10-17 20:29:00,860 [Thread-2708] INFO  impl.RaftServerImpl (RaftServerImpl.java:setRole(184)) - c07977b7-c8ef-4f3c-80b1-66a07c6e3dcd@group-C2BDBBDF155D: changes role from  FOLLOWER to CANDIDATE at term 286 for changeToCandidate
2019-10-17 20:29:00,860 [Thread-2708] INFO  impl.RoleInfo (RoleInfo.java:updateAndGet(143)) - c07977b7-c8ef-4f3c-80b1-66a07c6e3dcd: start LeaderElection
2019-10-17 20:29:00,886 [c07977b7-c8ef-4f3c-80b1-66a07c6e3dcd@group-C2BDBBDF155D-LeaderElection285] INFO  impl.LeaderElection (LeaderElection.java:askForVotes(178)) - c07977b7-c8ef-4f3c-80b1-66a07c6e3dcd@group-C2BDBBDF155D-LeaderElection285: begin an election at term 287 for -1: [d81605c5-54b3-45a8-b5ae-2e8d8890cbef:192.168.164.201:42755, 7f29c796-0732-402f-b865-67033766dcba:192.168.164.201:40704, c07977b7-c8ef-4f3c-80b1-66a07c6e3dcd:192.168.164.201:38664], old=null
2019-10-17 20:29:00,888 [grpc-default-executor-2] INFO  impl.RaftServerImpl (RaftServerImpl.java:setRole(184)) - d81605c5-54b3-45a8-b5ae-2e8d8890cbef@group-C2BDBBDF155D: changes role from  FOLLOWER to FOLLOWER at term 287 for recognizeCandidate:c07977b7-c8ef-4f3c-80b1-66a07c6e3dcd
2019-10-17 20:29:00,888 [grpc-default-executor-2] INFO  impl.RoleInfo (RoleInfo.java:shutdownFollowerState(121)) - d81605c5-54b3-45a8-b5ae-2e8d8890cbef: shutdown FollowerState
2019-10-17 20:29:00,888 [grpc-default-executor-4] INFO  impl.RaftServerImpl (RaftServerImpl.java:setRole(184)) - 7f29c796-0732-402f-b865-67033766dcba@group-C2BDBBDF155D: changes role from  FOLLOWER to FOLLOWER at term 287 for recognizeCandidate:c07977b7-c8ef-4f3c-80b1-66a07c6e3dcd
2019-10-17 20:29:00,888 [grpc-default-executor-4] INFO  impl.RoleInfo (RoleInfo.java:shutdownFollowerState(121)) - 7f29c796-0732-402f-b865-67033766dcba: shutdown FollowerState
2019-10-17 20:29:00,888 [Thread-2707] INFO  impl.FollowerState (FollowerState.java:run(117)) - d81605c5-54b3-45a8-b5ae-2e8d8890cbef@group-C2BDBBDF155D-FollowerState was interrupted: java.lang.InterruptedException: sleep interrupted
2019-10-17 20:29:00,888 [Thread-2706] INFO  impl.FollowerState (FollowerState.java:run(117)) - 7f29c796-0732-402f-b865-67033766dcba@group-C2BDBBDF155D-FollowerState was interrupted: java.lang.InterruptedException: sleep interrupted
2019-10-17 20:29:00,888 [grpc-default-executor-2] INFO  impl.RoleInfo (RoleInfo.java:updateAndGet(143)) - d81605c5-54b3-45a8-b5ae-2e8d8890cbef: start FollowerState
2019-10-17 20:29:00,888 [grpc-default-executor-4] INFO  impl.RoleInfo (RoleInfo.java:updateAndGet(143)) - 7f29c796-0732-402f-b865-67033766dcba: start FollowerState
2019-10-17 20:29:00,912 [c07977b7-c8ef-4f3c-80b1-66a07c6e3dcd@group-C2BDBBDF155D-LeaderElection285] INFO  impl.LeaderElection (LeaderElection.java:logAndReturn(56)) - c07977b7-c8ef-4f3c-80b1-66a07c6e3dcd@group-C2BDBBDF155D-LeaderElection285: Election REJECTED; received 2 response(s) [c07977b7-c8ef-4f3c-80b1-66a07c6e3dcd<-d81605c5-54b3-45a8-b5ae-2e8d8890cbef#0:FAIL-t287, c07977b7-c8ef-4f3c-80b1-66a07c6e3dcd<-7f29c796-0732-402f-b865-67033766dcba#0:FAIL-t287] and 0 exception(s); c07977b7-c8ef-4f3c-80b1-66a07c6e3dcd@group-C2BDBBDF155D:t287, leader=null, voted=c07977b7-c8ef-4f3c-80b1-66a07c6e3dcd, raftlog=c07977b7-c8ef-4f3c-80b1-66a07c6e3dcd@group-C2BDBBDF155D-SegmentedRaftLog:OPENED:c-1,f-1,i0, conf=-1: [d81605c5-54b3-45a8-b5ae-2e8d8890cbef:192.168.164.201:42755, 7f29c796-0732-402f-b865-67033766dcba:192.168.164.201:40704, c07977b7-c8ef-4f3c-80b1-66a07c6e3dcd:192.168.164.201:38664], old=null
2019-10-17 20:29:00,912 [c07977b7-c8ef-4f3c-80b1-66a07c6e3dcd@group-C2BDBBDF155D-LeaderElection285] INFO  impl.RaftServerImpl (RaftServerImpl.java:setRole(184)) - c07977b7-c8ef-4f3c-80b1-66a07c6e3dcd@group-C2BDBBDF155D: changes role from CANDIDATE to FOLLOWER at term 287 for DISCOVERED_A_NEW_TERM
2019-10-17 20:29:00,912 [c07977b7-c8ef-4f3c-80b1-66a07c6e3dcd@group-C2BDBBDF155D-LeaderElection285] INFO  impl.RoleInfo (RoleInfo.java:shutdownLeaderElection(134)) - c07977b7-c8ef-4f3c-80b1-66a07c6e3dcd: shutdown LeaderElection
2019-10-17 20:29:00,913 [c07977b7-c8ef-4f3c-80b1-66a07c6e3dcd@group-C2BDBBDF155D-LeaderElection285] INFO  impl.RoleInfo (RoleInfo.java:updateAndGet(143)) - c07977b7-c8ef-4f3c-80b1-66a07c6e3dcd: start FollowerState
2019-10-17 20:29:01,075 [Thread-2714] INFO  impl.FollowerState (FollowerState.java:run(108)) - c07977b7-c8ef-4f3c-80b1-66a07c6e3dcd@group-C2BDBBDF155D-FollowerState: change to CANDIDATE, lastRpcTime:162ms, electionTimeout:162ms
2019-10-17 20:29:01,075 [Thread-2714] INFO  impl.RoleInfo (RoleInfo.java:shutdownFollowerState(121)) - c07977b7-c8ef-4f3c-80b1-66a07c6e3dcd: shutdown FollowerState
2019-10-17 20:29:01,075 [Thread-2714] INFO  impl.RaftServerImpl (RaftServerImpl.java:setRole(184)) - c07977b7-c8ef-4f3c-80b1-66a07c6e3dcd@group-C2BDBBDF155D: changes role from  FOLLOWER to CANDIDATE at term 287 for changeToCandidate
2019-10-17 20:29:01,075 [Thread-2714] INFO  impl.RoleInfo (RoleInfo.java:updateAndGet(143)) - c07977b7-c8ef-4f3c-80b1-66a07c6e3dcd: start LeaderElection
2019-10-17 20:29:01,103 [c07977b7-c8ef-4f3c-80b1-66a07c6e3dcd@group-C2BDBBDF155D-LeaderElection286] INFO  impl.LeaderElection (LeaderElection.java:askForVotes(178)) - c07977b7-c8ef-4f3c-80b1-66a07c6e3dcd@group-C2BDBBDF155D-LeaderElection286: begin an election at term 288 for -1: [d81605c5-54b3-45a8-b5ae-2e8d8890cbef:192.168.164.201:42755, 7f29c796-0732-402f-b865-67033766dcba:192.168.164.201:40704, c07977b7-c8ef-4f3c-80b1-66a07c6e3dcd:192.168.164.201:38664], old=null
2019-10-17 20:29:01,105 [grpc-default-executor-2] INFO  impl.RaftServerImpl (RaftServerImpl.java:setRole(184)) - d81605c5-54b3-45a8-b5ae-2e8d8890cbef@group-C2BDBBDF155D: changes role from  FOLLOWER to FOLLOWER at term 288 for recognizeCandidate:c07977b7-c8ef-4f3c-80b1-66a07c6e3dcd
2019-10-17 20:29:01,106 [grpc-default-executor-2] INFO  impl.RoleInfo (RoleInfo.java:shutdownFollowerState(121)) - d81605c5-54b3-45a8-b5ae-2e8d8890cbef: shutdown FollowerState
2019-10-17 20:29:01,106 [Thread-2712] INFO  impl.FollowerState (FollowerState.java:run(117)) - d81605c5-54b3-45a8-b5ae-2e8d8890cbef@group-C2BDBBDF155D-FollowerState was interrupted: java.lang.InterruptedException: sleep interrupted
2019-10-17 20:29:01,106 [grpc-default-executor-4] INFO  impl.RaftServerImpl (RaftServerImpl.java:setRole(184)) - 7f29c796-0732-402f-b865-67033766dcba@group-C2BDBBDF155D: changes role from  FOLLOWER to FOLLOWER at term 288 for recognizeCandidate:c07977b7-c8ef-4f3c-80b1-66a07c6e3dcd
2019-10-17 20:29:01,106 [grpc-default-executor-4] INFO  impl.RoleInfo (RoleInfo.java:shutdownFollowerState(121)) - 7f29c796-0732-402f-b865-67033766dcba: shutdown FollowerState
2019-10-17 20:29:01,106 [grpc-default-executor-2] INFO  impl.RoleInfo (RoleInfo.java:updateAndGet(143)) - d81605c5-54b3-45a8-b5ae-2e8d8890cbef: start FollowerState
2019-10-17 20:29:01,106 [Thread-2713] INFO  impl.FollowerState (FollowerState.java:run(117)) - 7f29c796-0732-402f-b865-67033766dcba@group-C2BDBBDF155D-FollowerState was interrupted: java.lang.InterruptedException: sleep interrupted
2019-10-17 20:29:01,106 [grpc-default-executor-4] INFO  impl.RoleInfo (RoleInfo.java:updateAndGet(143)) - 7f29c796-0732-402f-b865-67033766dcba: start FollowerState
2019-10-17 20:29:01,130 [c07977b7-c8ef-4f3c-80b1-66a07c6e3dcd@group-C2BDBBDF155D-LeaderElection286] INFO  impl.LeaderElection (LeaderElection.java:logAndReturn(56)) - c07977b7-c8ef-4f3c-80b1-66a07c6e3dcd@group-C2BDBBDF155D-LeaderElection286: Election REJECTED; received 2 response(s) [c07977b7-c8ef-4f3c-80b1-66a07c6e3dcd<-d81605c5-54b3-45a8-b5ae-2e8d8890cbef#0:FAIL-t288, c07977b7-c8ef-4f3c-80b1-66a07c6e3dcd<-7f29c796-0732-402f-b865-67033766dcba#0:FAIL-t288] and 0 exception(s); c07977b7-c8ef-4f3c-80b1-66a07c6e3dcd@group-C2BDBBDF155D:t288, leader=null, voted=c07977b7-c8ef-4f3c-80b1-66a07c6e3dcd, raftlog=c07977b7-c8ef-4f3c-80b1-66a07c6e3dcd@group-C2BDBBDF155D-SegmentedRaftLog:OPENED:c-1,f-1,i0, conf=-1: [d81605c5-54b3-45a8-b5ae-2e8d8890cbef:192.168.164.201:42755, 7f29c796-0732-402f-b865-67033766dcba:192.168.164.201:40704, c07977b7-c8ef-4f3c-80b1-66a07c6e3dcd:192.168.164.201:38664], old=null
2019-10-17 20:29:01,131 [c07977b7-c8ef-4f3c-80b1-66a07c6e3dcd@group-C2BDBBDF155D-LeaderElection286] INFO  impl.RaftServerImpl (RaftServerImpl.java:setRole(184)) - c07977b7-c8ef-4f3c-80b1-66a07c6e3dcd@group-C2BDBBDF155D: changes role from CANDIDATE to FOLLOWER at term 288 for DISCOVERED_A_NEW_TERM
2019-10-17 20:29:01,131 [c07977b7-c8ef-4f3c-80b1-66a07c6e3dcd@group-C2BDBBDF155D-LeaderElection286] INFO  impl.RoleInfo (RoleInfo.java:shutdownLeaderElection(134)) - c07977b7-c8ef-4f3c-80b1-66a07c6e3dcd: shutdown LeaderElection
2019-10-17 20:29:01,131 [c07977b7-c8ef-4f3c-80b1-66a07c6e3dcd@group-C2BDBBDF155D-LeaderElection286] INFO  impl.RoleInfo (RoleInfo.java:updateAndGet(143)) - c07977b7-c8ef-4f3c-80b1-66a07c6e3dcd: start FollowerState
2019-10-17 20:29:01,332 [Thread-2720] INFO  impl.FollowerState (FollowerState.java:run(108)) - c07977b7-c8ef-4f3c-80b1-66a07c6e3dcd@group-C2BDBBDF155D-FollowerState: change to CANDIDATE, lastRpcTime:200ms, electionTimeout:200ms
2019-10-17 20:29:01,332 [Thread-2720] INFO  impl.RoleInfo (RoleInfo.java:shutdownFollowerState(121)) - c07977b7-c8ef-4f3c-80b1-66a07c6e3dcd: shutdown FollowerState
2019-10-17 20:29:01,332 [Thread-2720] INFO  impl.RaftServerImpl (RaftServerImpl.java:setRole(184)) - c07977b7-c8ef-4f3c-80b1-66a07c6e3dcd@group-C2BDBBDF155D: changes role from  FOLLOWER to CANDIDATE at term 288 for changeToCandidate
2019-10-17 20:29:01,332 [Thread-2720] INFO  impl.RoleInfo (RoleInfo.java:updateAndGet(143)) - c07977b7-c8ef-4f3c-80b1-66a07c6e3dcd: start LeaderElection
2019-10-17 20:29:01,362 [c07977b7-c8ef-4f3c-80b1-66a07c6e3dcd@group-C2BDBBDF155D-LeaderElection287] INFO  impl.LeaderElection (LeaderElection.java:askForVotes(178)) - c07977b7-c8ef-4f3c-80b1-66a07c6e3dcd@group-C2BDBBDF155D-LeaderElection287: begin an election at term 289 for -1: [d81605c5-54b3-45a8-b5ae-2e8d8890cbef:192.168.164.201:42755, 7f29c796-0732-402f-b865-67033766dcba:192.168.164.201:40704, c07977b7-c8ef-4f3c-80b1-66a07c6e3dcd:192.168.164.201:38664], old=null
2019-10-17 20:29:01,367 [grpc-default-executor-2] INFO  impl.RaftServerImpl (RaftServerImpl.java:setRole(184)) - d81605c5-54b3-45a8-b5ae-2e8d8890cbef@group-C2BDBBDF155D: changes role from  FOLLOWER to FOLLOWER at term 289 for recognizeCandidate:c07977b7-c8ef-4f3c-80b1-66a07c6e3dcd
2019-10-17 20:29:01,367 [grpc-default-executor-4] INFO  impl.RaftServerImpl (RaftServerImpl.java:setRole(184)) - 7f29c796-0732-402f-b865-67033766dcba@group-C2BDBBDF155D: changes role from  FOLLOWER to FOLLOWER at term 289 for recognizeCandidate:c07977b7-c8ef-4f3c-80b1-66a07c6e3dcd
2019-10-17 20:29:01,367 [grpc-default-executor-2] INFO  impl.RoleInfo (RoleInfo.java:shutdownFollowerState(121)) - d81605c5-54b3-45a8-b5ae-2e8d8890cbef: shutdown FollowerState
2019-10-17 20:29:01,367 [grpc-default-executor-4] INFO  impl.RoleInfo (RoleInfo.java:shutdownFollowerState(121)) - 7f29c796-0732-402f-b865-67033766dcba: shutdown FollowerState
2019-10-17 20:29:01,367 [grpc-default-executor-2] INFO  impl.RoleInfo (RoleInfo.java:updateAndGet(143)) - d81605c5-54b3-45a8-b5ae-2e8d8890cbef: start FollowerState
2019-10-17 20:29:01,367 [Thread-2718] INFO  impl.FollowerState (FollowerState.java:run(117)) - d81605c5-54b3-45a8-b5ae-2e8d8890cbef@group-C2BDBBDF155D-FollowerState was interrupted: java.lang.InterruptedException: sleep interrupted
2019-10-17 20:29:01,367 [Thread-2719] INFO  impl.FollowerState (FollowerState.java:run(117)) - 7f29c796-0732-402f-b865-67033766dcba@group-C2BDBBDF155D-FollowerState was interrupted: java.lang.InterruptedException: sleep interrupted
2019-10-17 20:29:01,367 [grpc-default-executor-4] INFO  impl.RoleInfo (RoleInfo.java:updateAndGet(143)) - 7f29c796-0732-402f-b865-67033766dcba: start FollowerState
2019-10-17 20:29:01,397 [c07977b7-c8ef-4f3c-80b1-66a07c6e3dcd@group-C2BDBBDF155D-LeaderElection287] INFO  impl.LeaderElection (LeaderElection.java:logAndReturn(56)) - c07977b7-c8ef-4f3c-80b1-66a07c6e3dcd@group-C2BDBBDF155D-LeaderElection287: Election REJECTED; received 2 response(s) [c07977b7-c8ef-4f3c-80b1-66a07c6e3dcd<-d81605c5-54b3-45a8-b5ae-2e8d8890cbef#0:FAIL-t289, c07977b7-c8ef-4f3c-80b1-66a07c6e3dcd<-7f29c796-0732-402f-b865-67033766dcba#0:FAIL-t289] and 0 exception(s); c07977b7-c8ef-4f3c-80b1-66a07c6e3dcd@group-C2BDBBDF155D:t289, leader=null, voted=c07977b7-c8ef-4f3c-80b1-66a07c6e3dcd, raftlog=c07977b7-c8ef-4f3c-80b1-66a07c6e3dcd@group-C2BDBBDF155D-SegmentedRaftLog:OPENED:c-1,f-1,i0, conf=-1: [d81605c5-54b3-45a8-b5ae-2e8d8890cbef:192.168.164.201:42755, 7f29c796-0732-402f-b865-67033766dcba:192.168.164.201:40704, c07977b7-c8ef-4f3c-80b1-66a07c6e3dcd:192.168.164.201:38664], old=null
2019-10-17 20:29:01,397 [c07977b7-c8ef-4f3c-80b1-66a07c6e3dcd@group-C2BDBBDF155D-LeaderElection287] INFO  impl.RaftServerImpl (RaftServerImpl.java:setRole(184)) - c07977b7-c8ef-4f3c-80b1-66a07c6e3dcd@group-C2BDBBDF155D: changes role from CANDIDATE to FOLLOWER at term 289 for DISCOVERED_A_NEW_TERM
2019-10-17 20:29:01,397 [c07977b7-c8ef-4f3c-80b1-66a07c6e3dcd@group-C2BDBBDF155D-LeaderElection287] INFO  impl.RoleInfo (RoleInfo.java:shutdownLeaderElection(134)) - c07977b7-c8ef-4f3c-80b1-66a07c6e3dcd: shutdown LeaderElection
2019-10-17 20:29:01,397 [c07977b7-c8ef-4f3c-80b1-66a07c6e3dcd@group-C2BDBBDF155D-LeaderElection287] INFO  impl.RoleInfo (RoleInfo.java:updateAndGet(143)) - c07977b7-c8ef-4f3c-80b1-66a07c6e3dcd: start FollowerState
2019-10-17 20:29:01,548 [Thread-754] INFO  ozone.MiniOzoneClusterImpl (MiniOzoneClusterImpl.java:lambda$waitForClusterToBeReady$2(164)) - Waiting for 1 number of pipelines out of 4, to report a leader.
2019-10-17 20:29:01,575 [Thread-2726] INFO  impl.FollowerState (FollowerState.java:run(108)) - c07977b7-c8ef-4f3c-80b1-66a07c6e3dcd@group-C2BDBBDF155D-FollowerState: change to CANDIDATE, lastRpcTime:177ms, electionTimeout:177ms
2019-10-17 20:29:01,575 [Thread-2726] INFO  impl.RoleInfo (RoleInfo.java:shutdownFollowerState(121)) - c07977b7-c8ef-4f3c-80b1-66a07c6e3dcd: shutdown FollowerState
2019-10-17 20:29:01,575 [Thread-2726] INFO  impl.RaftServerImpl (RaftServerImpl.java:setRole(184)) - c07977b7-c8ef-4f3c-80b1-66a07c6e3dcd@group-C2BDBBDF155D: changes role from  FOLLOWER to CANDIDATE at term 289 for changeToCandidate
2019-10-17 20:29:01,576 [Thread-2726] INFO  impl.RoleInfo (RoleInfo.java:updateAndGet(143)) - c07977b7-c8ef-4f3c-80b1-66a07c6e3dcd: start LeaderElection
2019-10-17 20:29:01,605 [c07977b7-c8ef-4f3c-80b1-66a07c6e3dcd@group-C2BDBBDF155D-LeaderElection288] INFO  impl.LeaderElection (LeaderElection.java:askForVotes(178)) - c07977b7-c8ef-4f3c-80b1-66a07c6e3dcd@group-C2BDBBDF155D-LeaderElection288: begin an election at term 290 for -1: [d81605c5-54b3-45a8-b5ae-2e8d8890cbef:192.168.164.201:42755, 7f29c796-0732-402f-b865-67033766dcba:192.168.164.201:40704, c07977b7-c8ef-4f3c-80b1-66a07c6e3dcd:192.168.164.201:38664], old=null
2019-10-17 20:29:01,607 [grpc-default-executor-2] INFO  impl.RaftServerImpl (RaftServerImpl.java:setRole(184)) - d81605c5-54b3-45a8-b5ae-2e8d8890cbef@group-C2BDBBDF155D: changes role from  FOLLOWER to FOLLOWER at term 290 for recognizeCandidate:c07977b7-c8ef-4f3c-80b1-66a07c6e3dcd
2019-10-17 20:29:01,608 [grpc-default-executor-2] INFO  impl.RoleInfo (RoleInfo.java:shutdownFollowerState(121)) - d81605c5-54b3-45a8-b5ae-2e8d8890cbef: shutdown FollowerState
2019-10-17 20:29:01,608 [grpc-default-executor-4] INFO  impl.RaftServerImpl (RaftServerImpl.java:setRole(184)) - 7f29c796-0732-402f-b865-67033766dcba@group-C2BDBBDF155D: changes role from  FOLLOWER to FOLLOWER at term 290 for recognizeCandidate:c07977b7-c8ef-4f3c-80b1-66a07c6e3dcd
2019-10-17 20:29:01,608 [grpc-default-executor-4] INFO  impl.RoleInfo (RoleInfo.java:shutdownFollowerState(121)) - 7f29c796-0732-402f-b865-67033766dcba: shutdown FollowerState
2019-10-17 20:29:01,608 [Thread-2724] INFO  impl.FollowerState (FollowerState.java:run(117)) - d81605c5-54b3-45a8-b5ae-2e8d8890cbef@group-C2BDBBDF155D-FollowerState was interrupted: java.lang.InterruptedException: sleep interrupted
2019-10-17 20:29:01,608 [Thread-2725] INFO  impl.FollowerState (FollowerState.java:run(117)) - 7f29c796-0732-402f-b865-67033766dcba@group-C2BDBBDF155D-FollowerState was interrupted: java.lang.InterruptedException: sleep interrupted
2019-10-17 20:29:01,608 [grpc-default-executor-2] INFO  impl.RoleInfo (RoleInfo.java:updateAndGet(143)) - d81605c5-54b3-45a8-b5ae-2e8d8890cbef: start FollowerState
2019-10-17 20:29:01,608 [grpc-default-executor-4] INFO  impl.RoleInfo (RoleInfo.java:updateAndGet(143)) - 7f29c796-0732-402f-b865-67033766dcba: start FollowerState
2019-10-17 20:29:01,616 [c07977b7-c8ef-4f3c-80b1-66a07c6e3dcd@group-C2BDBBDF155D-LeaderElection288] INFO  impl.LeaderElection (LeaderElection.java:logAndReturn(56)) - c07977b7-c8ef-4f3c-80b1-66a07c6e3dcd@group-C2BDBBDF155D-LeaderElection288: Election TIMEOUT; received 0 response(s) [] and 0 exception(s); c07977b7-c8ef-4f3c-80b1-66a07c6e3dcd@group-C2BDBBDF155D:t290, leader=null, voted=c07977b7-c8ef-4f3c-80b1-66a07c6e3dcd, raftlog=c07977b7-c8ef-4f3c-80b1-66a07c6e3dcd@group-C2BDBBDF155D-SegmentedRaftLog:OPENED:c-1,f-1,i0, conf=-1: [d81605c5-54b3-45a8-b5ae-2e8d8890cbef:192.168.164.201:42755, 7f29c796-0732-402f-b865-67033766dcba:192.168.164.201:40704, c07977b7-c8ef-4f3c-80b1-66a07c6e3dcd:192.168.164.201:38664], old=null
2019-10-17 20:29:01,647 [c07977b7-c8ef-4f3c-80b1-66a07c6e3dcd@group-C2BDBBDF155D-LeaderElection288] INFO  impl.LeaderElection (LeaderElection.java:askForVotes(178)) - c07977b7-c8ef-4f3c-80b1-66a07c6e3dcd@group-C2BDBBDF155D-LeaderElection288: begin an election at term 291 for -1: [d81605c5-54b3-45a8-b5ae-2e8d8890cbef:192.168.164.201:42755, 7f29c796-0732-402f-b865-67033766dcba:192.168.164.201:40704, c07977b7-c8ef-4f3c-80b1-66a07c6e3dcd:192.168.164.201:38664], old=null
2019-10-17 20:29:01,650 [grpc-default-executor-4] INFO  impl.RaftServerImpl (RaftServerImpl.java:setRole(184)) - d81605c5-54b3-45a8-b5ae-2e8d8890cbef@group-C2BDBBDF155D: changes role from  FOLLOWER to FOLLOWER at term 291 for recognizeCandidate:c07977b7-c8ef-4f3c-80b1-66a07c6e3dcd
2019-10-17 20:29:01,650 [grpc-default-executor-4] INFO  impl.RoleInfo (RoleInfo.java:shutdownFollowerState(121)) - d81605c5-54b3-45a8-b5ae-2e8d8890cbef: shutdown FollowerState
2019-10-17 20:29:01,650 [grpc-default-executor-4] INFO  impl.RoleInfo (RoleInfo.java:updateAndGet(143)) - d81605c5-54b3-45a8-b5ae-2e8d8890cbef: start FollowerState
2019-10-17 20:29:01,650 [Thread-2730] INFO  impl.FollowerState (FollowerState.java:run(117)) - d81605c5-54b3-45a8-b5ae-2e8d8890cbef@group-C2BDBBDF155D-FollowerState was interrupted: java.lang.InterruptedException: sleep interrupted
2019-10-17 20:29:01,650 [grpc-default-executor-2] INFO  impl.RaftServerImpl (RaftServerImpl.java:setRole(184)) - 7f29c796-0732-402f-b865-67033766dcba@group-C2BDBBDF155D: changes role from  FOLLOWER to FOLLOWER at term 291 for recognizeCandidate:c07977b7-c8ef-4f3c-80b1-66a07c6e3dcd
2019-10-17 20:29:01,651 [grpc-default-executor-2] INFO  impl.RoleInfo (RoleInfo.java:shutdownFollowerState(121)) - 7f29c796-0732-402f-b865-67033766dcba: shutdown FollowerState
2019-10-17 20:29:01,651 [grpc-default-executor-2] INFO  impl.RoleInfo (RoleInfo.java:updateAndGet(143)) - 7f29c796-0732-402f-b865-67033766dcba: start FollowerState
2019-10-17 20:29:01,651 [Thread-2731] INFO  impl.FollowerState (FollowerState.java:run(117)) - 7f29c796-0732-402f-b865-67033766dcba@group-C2BDBBDF155D-FollowerState was interrupted: java.lang.InterruptedException: sleep interrupted
2019-10-17 20:29:01,673 [c07977b7-c8ef-4f3c-80b1-66a07c6e3dcd@group-C2BDBBDF155D-LeaderElection288] INFO  impl.LeaderElection (LeaderElection.java:logAndReturn(56)) - c07977b7-c8ef-4f3c-80b1-66a07c6e3dcd@group-C2BDBBDF155D-LeaderElection288: Election REJECTED; received 2 response(s) [c07977b7-c8ef-4f3c-80b1-66a07c6e3dcd<-d81605c5-54b3-45a8-b5ae-2e8d8890cbef#0:FAIL-t291, c07977b7-c8ef-4f3c-80b1-66a07c6e3dcd<-7f29c796-0732-402f-b865-67033766dcba#0:FAIL-t291] and 0 exception(s); c07977b7-c8ef-4f3c-80b1-66a07c6e3dcd@group-C2BDBBDF155D:t291, leader=null, voted=c07977b7-c8ef-4f3c-80b1-66a07c6e3dcd, raftlog=c07977b7-c8ef-4f3c-80b1-66a07c6e3dcd@group-C2BDBBDF155D-SegmentedRaftLog:OPENED:c-1,f-1,i0, conf=-1: [d81605c5-54b3-45a8-b5ae-2e8d8890cbef:192.168.164.201:42755, 7f29c796-0732-402f-b865-67033766dcba:192.168.164.201:40704, c07977b7-c8ef-4f3c-80b1-66a07c6e3dcd:192.168.164.201:38664], old=null
2019-10-17 20:29:01,674 [c07977b7-c8ef-4f3c-80b1-66a07c6e3dcd@group-C2BDBBDF155D-LeaderElection288] INFO  impl.RaftServerImpl (RaftServerImpl.java:setRole(184)) - c07977b7-c8ef-4f3c-80b1-66a07c6e3dcd@group-C2BDBBDF155D: changes role from CANDIDATE to FOLLOWER at term 291 for DISCOVERED_A_NEW_TERM
2019-10-17 20:29:01,674 [c07977b7-c8ef-4f3c-80b1-66a07c6e3dcd@group-C2BDBBDF155D-LeaderElection288] INFO  impl.RoleInfo (RoleInfo.java:shutdownLeaderElection(134)) - c07977b7-c8ef-4f3c-80b1-66a07c6e3dcd: shutdown LeaderElection
2019-10-17 20:29:01,674 [c07977b7-c8ef-4f3c-80b1-66a07c6e3dcd@group-C2BDBBDF155D-LeaderElection288] INFO  impl.RoleInfo (RoleInfo.java:updateAndGet(143)) - c07977b7-c8ef-4f3c-80b1-66a07c6e3dcd: start FollowerState
2019-10-17 20:29:01,719 [Thread-2736] INFO  impl.FollowerState (FollowerState.java:run(108)) - c07977b7-c8ef-4f3c-80b1-66a07c6e3dcd@group-C2BDBBDF155D-FollowerState: change to CANDIDATE, lastRpcTime:45ms, electionTimeout:45ms
2019-10-17 20:29:01,720 [Thread-2736] INFO  impl.RoleInfo (RoleInfo.java:shutdownFollowerState(121)) - c07977b7-c8ef-4f3c-80b1-66a07c6e3dcd: shutdown FollowerState
2019-10-17 20:29:01,720 [Thread-2736] INFO  impl.RaftServerImpl (RaftServerImpl.java:setRole(184)) - c07977b7-c8ef-4f3c-80b1-66a07c6e3dcd@group-C2BDBBDF155D: changes role from  FOLLOWER to CANDIDATE at term 291 for changeToCandidate
2019-10-17 20:29:01,720 [Thread-2736] INFO  impl.RoleInfo (RoleInfo.java:updateAndGet(143)) - c07977b7-c8ef-4f3c-80b1-66a07c6e3dcd: start LeaderElection
2019-10-17 20:29:01,748 [c07977b7-c8ef-4f3c-80b1-66a07c6e3dcd@group-C2BDBBDF155D-LeaderElection289] INFO  impl.LeaderElection (LeaderElection.java:askForVotes(178)) - c07977b7-c8ef-4f3c-80b1-66a07c6e3dcd@group-C2BDBBDF155D-LeaderElection289: begin an election at term 292 for -1: [d81605c5-54b3-45a8-b5ae-2e8d8890cbef:192.168.164.201:42755, 7f29c796-0732-402f-b865-67033766dcba:192.168.164.201:40704, c07977b7-c8ef-4f3c-80b1-66a07c6e3dcd:192.168.164.201:38664], old=null
2019-10-17 20:29:01,750 [grpc-default-executor-4] INFO  impl.RaftServerImpl (RaftServerImpl.java:setRole(184)) - d81605c5-54b3-45a8-b5ae-2e8d8890cbef@group-C2BDBBDF155D: changes role from  FOLLOWER to FOLLOWER at term 292 for recognizeCandidate:c07977b7-c8ef-4f3c-80b1-66a07c6e3dcd
2019-10-17 20:29:01,751 [grpc-default-executor-4] INFO  impl.RoleInfo (RoleInfo.java:shutdownFollowerState(121)) - d81605c5-54b3-45a8-b5ae-2e8d8890cbef: shutdown FollowerState
2019-10-17 20:29:01,751 [grpc-default-executor-4] INFO  impl.RoleInfo (RoleInfo.java:updateAndGet(143)) - d81605c5-54b3-45a8-b5ae-2e8d8890cbef: start FollowerState
2019-10-17 20:29:01,751 [Thread-2734] INFO  impl.FollowerState (FollowerState.java:run(117)) - d81605c5-54b3-45a8-b5ae-2e8d8890cbef@group-C2BDBBDF155D-FollowerState was interrupted: java.lang.InterruptedException: sleep interrupted
2019-10-17 20:29:01,751 [grpc-default-executor-2] INFO  impl.RaftServerImpl (RaftServerImpl.java:setRole(184)) - 7f29c796-0732-402f-b865-67033766dcba@group-C2BDBBDF155D: changes role from  FOLLOWER to FOLLOWER at term 292 for recognizeCandidate:c07977b7-c8ef-4f3c-80b1-66a07c6e3dcd
2019-10-17 20:29:01,751 [grpc-default-executor-2] INFO  impl.RoleInfo (RoleInfo.java:shutdownFollowerState(121)) - 7f29c796-0732-402f-b865-67033766dcba: shutdown FollowerState
2019-10-17 20:29:01,752 [grpc-default-executor-2] INFO  impl.RoleInfo (RoleInfo.java:updateAndGet(143)) - 7f29c796-0732-402f-b865-67033766dcba: start FollowerState
2019-10-17 20:29:01,752 [Thread-2735] INFO  impl.FollowerState (FollowerState.java:run(117)) - 7f29c796-0732-402f-b865-67033766dcba@group-C2BDBBDF155D-FollowerState was interrupted: java.lang.InterruptedException: sleep interrupted
2019-10-17 20:29:01,774 [c07977b7-c8ef-4f3c-80b1-66a07c6e3dcd@group-C2BDBBDF155D-LeaderElection289] INFO  impl.LeaderElection (LeaderElection.java:logAndReturn(56)) - c07977b7-c8ef-4f3c-80b1-66a07c6e3dcd@group-C2BDBBDF155D-LeaderElection289: Election REJECTED; received 2 response(s) [c07977b7-c8ef-4f3c-80b1-66a07c6e3dcd<-d81605c5-54b3-45a8-b5ae-2e8d8890cbef#0:FAIL-t292, c07977b7-c8ef-4f3c-80b1-66a07c6e3dcd<-7f29c796-0732-402f-b865-67033766dcba#0:FAIL-t292] and 0 exception(s); c07977b7-c8ef-4f3c-80b1-66a07c6e3dcd@group-C2BDBBDF155D:t292, leader=null, voted=c07977b7-c8ef-4f3c-80b1-66a07c6e3dcd, raftlog=c07977b7-c8ef-4f3c-80b1-66a07c6e3dcd@group-C2BDBBDF155D-SegmentedRaftLog:OPENED:c-1,f-1,i0, conf=-1: [d81605c5-54b3-45a8-b5ae-2e8d8890cbef:192.168.164.201:42755, 7f29c796-0732-402f-b865-67033766dcba:192.168.164.201:40704, c07977b7-c8ef-4f3c-80b1-66a07c6e3dcd:192.168.164.201:38664], old=null
2019-10-17 20:29:01,774 [c07977b7-c8ef-4f3c-80b1-66a07c6e3dcd@group-C2BDBBDF155D-LeaderElection289] INFO  impl.RaftServerImpl (RaftServerImpl.java:setRole(184)) - c07977b7-c8ef-4f3c-80b1-66a07c6e3dcd@group-C2BDBBDF155D: changes role from CANDIDATE to FOLLOWER at term 292 for DISCOVERED_A_NEW_TERM
2019-10-17 20:29:01,774 [c07977b7-c8ef-4f3c-80b1-66a07c6e3dcd@group-C2BDBBDF155D-LeaderElection289] INFO  impl.RoleInfo (RoleInfo.java:shutdownLeaderElection(134)) - c07977b7-c8ef-4f3c-80b1-66a07c6e3dcd: shutdown LeaderElection
2019-10-17 20:29:01,775 [c07977b7-c8ef-4f3c-80b1-66a07c6e3dcd@group-C2BDBBDF155D-LeaderElection289] INFO  impl.RoleInfo (RoleInfo.java:updateAndGet(143)) - c07977b7-c8ef-4f3c-80b1-66a07c6e3dcd: start FollowerState
2019-10-17 20:29:01,945 [Thread-2742] INFO  impl.FollowerState (FollowerState.java:run(108)) - c07977b7-c8ef-4f3c-80b1-66a07c6e3dcd@group-C2BDBBDF155D-FollowerState: change to CANDIDATE, lastRpcTime:170ms, electionTimeout:170ms
2019-10-17 20:29:01,945 [Thread-2742] INFO  impl.RoleInfo (RoleInfo.java:shutdownFollowerState(121)) - c07977b7-c8ef-4f3c-80b1-66a07c6e3dcd: shutdown FollowerState
2019-10-17 20:29:01,946 [Thread-2742] INFO  impl.RaftServerImpl (RaftServerImpl.java:setRole(184)) - c07977b7-c8ef-4f3c-80b1-66a07c6e3dcd@group-C2BDBBDF155D: changes role from  FOLLOWER to CANDIDATE at term 292 for changeToCandidate
2019-10-17 20:29:01,946 [Thread-2742] INFO  impl.RoleInfo (RoleInfo.java:updateAndGet(143)) - c07977b7-c8ef-4f3c-80b1-66a07c6e3dcd: start LeaderElection
2019-10-17 20:29:01,974 [c07977b7-c8ef-4f3c-80b1-66a07c6e3dcd@group-C2BDBBDF155D-LeaderElection290] INFO  impl.LeaderElection (LeaderElection.java:askForVotes(178)) - c07977b7-c8ef-4f3c-80b1-66a07c6e3dcd@group-C2BDBBDF155D-LeaderElection290: begin an election at term 293 for -1: [d81605c5-54b3-45a8-b5ae-2e8d8890cbef:192.168.164.201:42755, 7f29c796-0732-402f-b865-67033766dcba:192.168.164.201:40704, c07977b7-c8ef-4f3c-80b1-66a07c6e3dcd:192.168.164.201:38664], old=null
2019-10-17 20:29:01,976 [grpc-default-executor-4] INFO  impl.RaftServerImpl (RaftServerImpl.java:setRole(184)) - 7f29c796-0732-402f-b865-67033766dcba@group-C2BDBBDF155D: changes role from  FOLLOWER to FOLLOWER at term 293 for recognizeCandidate:c07977b7-c8ef-4f3c-80b1-66a07c6e3dcd
2019-10-17 20:29:01,976 [grpc-default-executor-2] INFO  impl.RaftServerImpl (RaftServerImpl.java:setRole(184)) - d81605c5-54b3-45a8-b5ae-2e8d8890cbef@group-C2BDBBDF155D: changes role from  FOLLOWER to FOLLOWER at term 293 for recognizeCandidate:c07977b7-c8ef-4f3c-80b1-66a07c6e3dcd
2019-10-17 20:29:01,977 [grpc-default-executor-2] INFO  impl.RoleInfo (RoleInfo.java:shutdownFollowerState(121)) - d81605c5-54b3-45a8-b5ae-2e8d8890cbef: shutdown FollowerState
2019-10-17 20:29:01,977 [grpc-default-executor-4] INFO  impl.RoleInfo (RoleInfo.java:shutdownFollowerState(121)) - 7f29c796-0732-402f-b865-67033766dcba: shutdown FollowerState
2019-10-17 20:29:01,977 [Thread-2740] INFO  impl.FollowerState (FollowerState.java:run(117)) - d81605c5-54b3-45a8-b5ae-2e8d8890cbef@group-C2BDBBDF155D-FollowerState was interrupted: java.lang.InterruptedException: sleep interrupted
2019-10-17 20:29:01,977 [grpc-default-executor-2] INFO  impl.RoleInfo (RoleInfo.java:updateAndGet(143)) - d81605c5-54b3-45a8-b5ae-2e8d8890cbef: start FollowerState
2019-10-17 20:29:01,977 [Thread-2741] INFO  impl.FollowerState (FollowerState.java:run(117)) - 7f29c796-0732-402f-b865-67033766dcba@group-C2BDBBDF155D-FollowerState was interrupted: java.lang.InterruptedException: sleep interrupted
2019-10-17 20:29:01,977 [grpc-default-executor-4] INFO  impl.RoleInfo (RoleInfo.java:updateAndGet(143)) - 7f29c796-0732-402f-b865-67033766dcba: start FollowerState
2019-10-17 20:29:02,000 [c07977b7-c8ef-4f3c-80b1-66a07c6e3dcd@group-C2BDBBDF155D-LeaderElection290] INFO  impl.LeaderElection (LeaderElection.java:logAndReturn(56)) - c07977b7-c8ef-4f3c-80b1-66a07c6e3dcd@group-C2BDBBDF155D-LeaderElection290: Election REJECTED; received 2 response(s) [c07977b7-c8ef-4f3c-80b1-66a07c6e3dcd<-d81605c5-54b3-45a8-b5ae-2e8d8890cbef#0:FAIL-t293, c07977b7-c8ef-4f3c-80b1-66a07c6e3dcd<-7f29c796-0732-402f-b865-67033766dcba#0:FAIL-t293] and 0 exception(s); c07977b7-c8ef-4f3c-80b1-66a07c6e3dcd@group-C2BDBBDF155D:t293, leader=null, voted=c07977b7-c8ef-4f3c-80b1-66a07c6e3dcd, raftlog=c07977b7-c8ef-4f3c-80b1-66a07c6e3dcd@group-C2BDBBDF155D-SegmentedRaftLog:OPENED:c-1,f-1,i0, conf=-1: [d81605c5-54b3-45a8-b5ae-2e8d8890cbef:192.168.164.201:42755, 7f29c796-0732-402f-b865-67033766dcba:192.168.164.201:40704, c07977b7-c8ef-4f3c-80b1-66a07c6e3dcd:192.168.164.201:38664], old=null
2019-10-17 20:29:02,000 [c07977b7-c8ef-4f3c-80b1-66a07c6e3dcd@group-C2BDBBDF155D-LeaderElection290] INFO  impl.RaftServerImpl (RaftServerImpl.java:setRole(184)) - c07977b7-c8ef-4f3c-80b1-66a07c6e3dcd@group-C2BDBBDF155D: changes role from CANDIDATE to FOLLOWER at term 293 for DISCOVERED_A_NEW_TERM
2019-10-17 20:29:02,001 [c07977b7-c8ef-4f3c-80b1-66a07c6e3dcd@group-C2BDBBDF155D-LeaderElection290] INFO  impl.RoleInfo (RoleInfo.java:shutdownLeaderElection(134)) - c07977b7-c8ef-4f3c-80b1-66a07c6e3dcd: shutdown LeaderElection
2019-10-17 20:29:02,001 [c07977b7-c8ef-4f3c-80b1-66a07c6e3dcd@group-C2BDBBDF155D-LeaderElection290] INFO  impl.RoleInfo (RoleInfo.java:updateAndGet(143)) - c07977b7-c8ef-4f3c-80b1-66a07c6e3dcd: start FollowerState
2019-10-17 20:29:02,139 [Thread-2748] INFO  impl.FollowerState (FollowerState.java:run(108)) - c07977b7-c8ef-4f3c-80b1-66a07c6e3dcd@group-C2BDBBDF155D-FollowerState: change to CANDIDATE, lastRpcTime:138ms, electionTimeout:138ms
2019-10-17 20:29:02,139 [Thread-2748] INFO  impl.RoleInfo (RoleInfo.java:shutdownFollowerState(121)) - c07977b7-c8ef-4f3c-80b1-66a07c6e3dcd: shutdown FollowerState
2019-10-17 20:29:02,140 [Thread-2748] INFO  impl.RaftServerImpl (RaftServerImpl.java:setRole(184)) - c07977b7-c8ef-4f3c-80b1-66a07c6e3dcd@group-C2BDBBDF155D: changes role from  FOLLOWER to CANDIDATE at term 293 for changeToCandidate
2019-10-17 20:29:02,140 [Thread-2748] INFO  impl.RoleInfo (RoleInfo.java:updateAndGet(143)) - c07977b7-c8ef-4f3c-80b1-66a07c6e3dcd: start LeaderElection
2019-10-17 20:29:02,166 [c07977b7-c8ef-4f3c-80b1-66a07c6e3dcd@group-C2BDBBDF155D-LeaderElection291] INFO  impl.LeaderElection (LeaderElection.java:askForVotes(178)) - c07977b7-c8ef-4f3c-80b1-66a07c6e3dcd@group-C2BDBBDF155D-LeaderElection291: begin an election at term 294 for -1: [d81605c5-54b3-45a8-b5ae-2e8d8890cbef:192.168.164.201:42755, 7f29c796-0732-402f-b865-67033766dcba:192.168.164.201:40704, c07977b7-c8ef-4f3c-80b1-66a07c6e3dcd:192.168.164.201:38664], old=null
2019-10-17 20:29:02,169 [grpc-default-executor-2] INFO  impl.RaftServerImpl (RaftServerImpl.java:setRole(184)) - d81605c5-54b3-45a8-b5ae-2e8d8890cbef@group-C2BDBBDF155D: changes role from  FOLLOWER to FOLLOWER at term 294 for recognizeCandidate:c07977b7-c8ef-4f3c-80b1-66a07c6e3dcd
2019-10-17 20:29:02,169 [grpc-default-executor-4] INFO  impl.RaftServerImpl (RaftServerImpl.java:setRole(184)) - 7f29c796-0732-402f-b865-67033766dcba@group-C2BDBBDF155D: changes role from  FOLLOWER to FOLLOWER at term 294 for recognizeCandidate:c07977b7-c8ef-4f3c-80b1-66a07c6e3dcd
2019-10-17 20:29:02,169 [grpc-default-executor-2] INFO  impl.RoleInfo (RoleInfo.java:shutdownFollowerState(121)) - d81605c5-54b3-45a8-b5ae-2e8d8890cbef: shutdown FollowerState
2019-10-17 20:29:02,169 [grpc-default-executor-4] INFO  impl.RoleInfo (RoleInfo.java:shutdownFollowerState(121)) - 7f29c796-0732-402f-b865-67033766dcba: shutdown FollowerState
2019-10-17 20:29:02,170 [Thread-2746] INFO  impl.FollowerState (FollowerState.java:run(117)) - d81605c5-54b3-45a8-b5ae-2e8d8890cbef@group-C2BDBBDF155D-FollowerState was interrupted: java.lang.InterruptedException: sleep interrupted
2019-10-17 20:29:02,170 [grpc-default-executor-2] INFO  impl.RoleInfo (RoleInfo.java:updateAndGet(143)) - d81605c5-54b3-45a8-b5ae-2e8d8890cbef: start FollowerState
2019-10-17 20:29:02,170 [Thread-2747] INFO  impl.FollowerState (FollowerState.java:run(117)) - 7f29c796-0732-402f-b865-67033766dcba@group-C2BDBBDF155D-FollowerState was interrupted: java.lang.InterruptedException: sleep interrupted
2019-10-17 20:29:02,170 [grpc-default-executor-4] INFO  impl.RoleInfo (RoleInfo.java:updateAndGet(143)) - 7f29c796-0732-402f-b865-67033766dcba: start FollowerState
2019-10-17 20:29:02,192 [c07977b7-c8ef-4f3c-80b1-66a07c6e3dcd@group-C2BDBBDF155D-LeaderElection291] INFO  impl.LeaderElection (LeaderElection.java:logAndReturn(56)) - c07977b7-c8ef-4f3c-80b1-66a07c6e3dcd@group-C2BDBBDF155D-LeaderElection291: Election REJECTED; received 2 response(s) [c07977b7-c8ef-4f3c-80b1-66a07c6e3dcd<-d81605c5-54b3-45a8-b5ae-2e8d8890cbef#0:FAIL-t294, c07977b7-c8ef-4f3c-80b1-66a07c6e3dcd<-7f29c796-0732-402f-b865-67033766dcba#0:FAIL-t294] and 0 exception(s); c07977b7-c8ef-4f3c-80b1-66a07c6e3dcd@group-C2BDBBDF155D:t294, leader=null, voted=c07977b7-c8ef-4f3c-80b1-66a07c6e3dcd, raftlog=c07977b7-c8ef-4f3c-80b1-66a07c6e3dcd@group-C2BDBBDF155D-SegmentedRaftLog:OPENED:c-1,f-1,i0, conf=-1: [d81605c5-54b3-45a8-b5ae-2e8d8890cbef:192.168.164.201:42755, 7f29c796-0732-402f-b865-67033766dcba:192.168.164.201:40704, c07977b7-c8ef-4f3c-80b1-66a07c6e3dcd:192.168.164.201:38664], old=null
2019-10-17 20:29:02,193 [c07977b7-c8ef-4f3c-80b1-66a07c6e3dcd@group-C2BDBBDF155D-LeaderElection291] INFO  impl.RaftServerImpl (RaftServerImpl.java:setRole(184)) - c07977b7-c8ef-4f3c-80b1-66a07c6e3dcd@group-C2BDBBDF155D: changes role from CANDIDATE to FOLLOWER at term 294 for DISCOVERED_A_NEW_TERM
2019-10-17 20:29:02,193 [c07977b7-c8ef-4f3c-80b1-66a07c6e3dcd@group-C2BDBBDF155D-LeaderElection291] INFO  impl.RoleInfo (RoleInfo.java:shutdownLeaderElection(134)) - c07977b7-c8ef-4f3c-80b1-66a07c6e3dcd: shutdown LeaderElection
2019-10-17 20:29:02,193 [c07977b7-c8ef-4f3c-80b1-66a07c6e3dcd@group-C2BDBBDF155D-LeaderElection291] INFO  impl.RoleInfo (RoleInfo.java:updateAndGet(143)) - c07977b7-c8ef-4f3c-80b1-66a07c6e3dcd: start FollowerState
2019-10-17 20:29:02,338 [Thread-2754] INFO  impl.FollowerState (FollowerState.java:run(108)) - c07977b7-c8ef-4f3c-80b1-66a07c6e3dcd@group-C2BDBBDF155D-FollowerState: change to CANDIDATE, lastRpcTime:145ms, electionTimeout:145ms
2019-10-17 20:29:02,338 [Thread-2754] INFO  impl.RoleInfo (RoleInfo.java:shutdownFollowerState(121)) - c07977b7-c8ef-4f3c-80b1-66a07c6e3dcd: shutdown FollowerState
2019-10-17 20:29:02,339 [Thread-2754] INFO  impl.RaftServerImpl (RaftServerImpl.java:setRole(184)) - c07977b7-c8ef-4f3c-80b1-66a07c6e3dcd@group-C2BDBBDF155D: changes role from  FOLLOWER to CANDIDATE at term 294 for changeToCandidate
2019-10-17 20:29:02,339 [Thread-2754] INFO  impl.RoleInfo (RoleInfo.java:updateAndGet(143)) - c07977b7-c8ef-4f3c-80b1-66a07c6e3dcd: start LeaderElection
2019-10-17 20:29:02,367 [c07977b7-c8ef-4f3c-80b1-66a07c6e3dcd@group-C2BDBBDF155D-LeaderElection292] INFO  impl.LeaderElection (LeaderElection.java:askForVotes(178)) - c07977b7-c8ef-4f3c-80b1-66a07c6e3dcd@group-C2BDBBDF155D-LeaderElection292: begin an election at term 295 for -1: [d81605c5-54b3-45a8-b5ae-2e8d8890cbef:192.168.164.201:42755, 7f29c796-0732-402f-b865-67033766dcba:192.168.164.201:40704, c07977b7-c8ef-4f3c-80b1-66a07c6e3dcd:192.168.164.201:38664], old=null
2019-10-17 20:29:02,369 [grpc-default-executor-4] INFO  impl.RaftServerImpl (RaftServerImpl.java:setRole(184)) - d81605c5-54b3-45a8-b5ae-2e8d8890cbef@group-C2BDBBDF155D: changes role from  FOLLOWER to FOLLOWER at term 295 for recognizeCandidate:c07977b7-c8ef-4f3c-80b1-66a07c6e3dcd
2019-10-17 20:29:02,369 [grpc-default-executor-2] INFO  impl.RaftServerImpl (RaftServerImpl.java:setRole(184)) - 7f29c796-0732-402f-b865-67033766dcba@group-C2BDBBDF155D: changes role from  FOLLOWER to FOLLOWER at term 295 for recognizeCandidate:c07977b7-c8ef-4f3c-80b1-66a07c6e3dcd
2019-10-17 20:29:02,369 [grpc-default-executor-2] INFO  impl.RoleInfo (RoleInfo.java:shutdownFollowerState(121)) - 7f29c796-0732-402f-b865-67033766dcba: shutdown FollowerState
2019-10-17 20:29:02,369 [grpc-default-executor-4] INFO  impl.RoleInfo (RoleInfo.java:shutdownFollowerState(121)) - d81605c5-54b3-45a8-b5ae-2e8d8890cbef: shutdown FollowerState
2019-10-17 20:29:02,370 [Thread-2753] INFO  impl.FollowerState (FollowerState.java:run(117)) - 7f29c796-0732-402f-b865-67033766dcba@group-C2BDBBDF155D-FollowerState was interrupted: java.lang.InterruptedException: sleep interrupted
2019-10-17 20:29:02,370 [grpc-default-executor-2] INFO  impl.RoleInfo (RoleInfo.java:updateAndGet(143)) - 7f29c796-0732-402f-b865-67033766dcba: start FollowerState
2019-10-17 20:29:02,370 [grpc-default-executor-4] INFO  impl.RoleInfo (RoleInfo.java:updateAndGet(143)) - d81605c5-54b3-45a8-b5ae-2e8d8890cbef: start FollowerState
2019-10-17 20:29:02,370 [Thread-2752] INFO  impl.FollowerState (FollowerState.java:run(117)) - d81605c5-54b3-45a8-b5ae-2e8d8890cbef@group-C2BDBBDF155D-FollowerState was interrupted: java.lang.InterruptedException: sleep interrupted
2019-10-17 20:29:02,393 [c07977b7-c8ef-4f3c-80b1-66a07c6e3dcd@group-C2BDBBDF155D-LeaderElection292] INFO  impl.LeaderElection (LeaderElection.java:logAndReturn(56)) - c07977b7-c8ef-4f3c-80b1-66a07c6e3dcd@group-C2BDBBDF155D-LeaderElection292: Election REJECTED; received 2 response(s) [c07977b7-c8ef-4f3c-80b1-66a07c6e3dcd<-d81605c5-54b3-45a8-b5ae-2e8d8890cbef#0:FAIL-t295, c07977b7-c8ef-4f3c-80b1-66a07c6e3dcd<-7f29c796-0732-402f-b865-67033766dcba#0:FAIL-t295] and 0 exception(s); c07977b7-c8ef-4f3c-80b1-66a07c6e3dcd@group-C2BDBBDF155D:t295, leader=null, voted=c07977b7-c8ef-4f3c-80b1-66a07c6e3dcd, raftlog=c07977b7-c8ef-4f3c-80b1-66a07c6e3dcd@group-C2BDBBDF155D-SegmentedRaftLog:OPENED:c-1,f-1,i0, conf=-1: [d81605c5-54b3-45a8-b5ae-2e8d8890cbef:192.168.164.201:42755, 7f29c796-0732-402f-b865-67033766dcba:192.168.164.201:40704, c07977b7-c8ef-4f3c-80b1-66a07c6e3dcd:192.168.164.201:38664], old=null
2019-10-17 20:29:02,393 [c07977b7-c8ef-4f3c-80b1-66a07c6e3dcd@group-C2BDBBDF155D-LeaderElection292] INFO  impl.RaftServerImpl (RaftServerImpl.java:setRole(184)) - c07977b7-c8ef-4f3c-80b1-66a07c6e3dcd@group-C2BDBBDF155D: changes role from CANDIDATE to FOLLOWER at term 295 for DISCOVERED_A_NEW_TERM
2019-10-17 20:29:02,394 [c07977b7-c8ef-4f3c-80b1-66a07c6e3dcd@group-C2BDBBDF155D-LeaderElection292] INFO  impl.RoleInfo (RoleInfo.java:shutdownLeaderElection(134)) - c07977b7-c8ef-4f3c-80b1-66a07c6e3dcd: shutdown LeaderElection
2019-10-17 20:29:02,394 [c07977b7-c8ef-4f3c-80b1-66a07c6e3dcd@group-C2BDBBDF155D-LeaderElection292] INFO  impl.RoleInfo (RoleInfo.java:updateAndGet(143)) - c07977b7-c8ef-4f3c-80b1-66a07c6e3dcd: start FollowerState
2019-10-17 20:29:02,432 [Thread-2760] INFO  impl.FollowerState (FollowerState.java:run(108)) - c07977b7-c8ef-4f3c-80b1-66a07c6e3dcd@group-C2BDBBDF155D-FollowerState: change to CANDIDATE, lastRpcTime:38ms, electionTimeout:38ms
2019-10-17 20:29:02,432 [Thread-2760] INFO  impl.RoleInfo (RoleInfo.java:shutdownFollowerState(121)) - c07977b7-c8ef-4f3c-80b1-66a07c6e3dcd: shutdown FollowerState
2019-10-17 20:29:02,432 [Thread-2760] INFO  impl.RaftServerImpl (RaftServerImpl.java:setRole(184)) - c07977b7-c8ef-4f3c-80b1-66a07c6e3dcd@group-C2BDBBDF155D: changes role from  FOLLOWER to CANDIDATE at term 295 for changeToCandidate
2019-10-17 20:29:02,433 [Thread-2760] INFO  impl.RoleInfo (RoleInfo.java:updateAndGet(143)) - c07977b7-c8ef-4f3c-80b1-66a07c6e3dcd: start LeaderElection
2019-10-17 20:29:02,459 [c07977b7-c8ef-4f3c-80b1-66a07c6e3dcd@group-C2BDBBDF155D-LeaderElection293] INFO  impl.LeaderElection (LeaderElection.java:askForVotes(178)) - c07977b7-c8ef-4f3c-80b1-66a07c6e3dcd@group-C2BDBBDF155D-LeaderElection293: begin an election at term 296 for -1: [d81605c5-54b3-45a8-b5ae-2e8d8890cbef:192.168.164.201:42755, 7f29c796-0732-402f-b865-67033766dcba:192.168.164.201:40704, c07977b7-c8ef-4f3c-80b1-66a07c6e3dcd:192.168.164.201:38664], old=null
2019-10-17 20:29:02,462 [grpc-default-executor-4] INFO  impl.RaftServerImpl (RaftServerImpl.java:setRole(184)) - d81605c5-54b3-45a8-b5ae-2e8d8890cbef@group-C2BDBBDF155D: changes role from  FOLLOWER to FOLLOWER at term 296 for recognizeCandidate:c07977b7-c8ef-4f3c-80b1-66a07c6e3dcd
2019-10-17 20:29:02,462 [grpc-default-executor-4] INFO  impl.RoleInfo (RoleInfo.java:shutdownFollowerState(121)) - d81605c5-54b3-45a8-b5ae-2e8d8890cbef: shutdown FollowerState
2019-10-17 20:29:02,462 [grpc-default-executor-2] INFO  impl.RaftServerImpl (RaftServerImpl.java:setRole(184)) - 7f29c796-0732-402f-b865-67033766dcba@group-C2BDBBDF155D: changes role from  FOLLOWER to FOLLOWER at term 296 for recognizeCandidate:c07977b7-c8ef-4f3c-80b1-66a07c6e3dcd
2019-10-17 20:29:02,462 [Thread-2759] INFO  impl.FollowerState (FollowerState.java:run(117)) - d81605c5-54b3-45a8-b5ae-2e8d8890cbef@group-C2BDBBDF155D-FollowerState was interrupted: java.lang.InterruptedException: sleep interrupted
2019-10-17 20:29:02,462 [grpc-default-executor-2] INFO  impl.RoleInfo (RoleInfo.java:shutdownFollowerState(121)) - 7f29c796-0732-402f-b865-67033766dcba: shutdown FollowerState
2019-10-17 20:29:02,462 [grpc-default-executor-4] INFO  impl.RoleInfo (RoleInfo.java:updateAndGet(143)) - d81605c5-54b3-45a8-b5ae-2e8d8890cbef: start FollowerState
2019-10-17 20:29:02,462 [Thread-2758] INFO  impl.FollowerState (FollowerState.java:run(117)) - 7f29c796-0732-402f-b865-67033766dcba@group-C2BDBBDF155D-FollowerState was interrupted: java.lang.InterruptedException: sleep interrupted
2019-10-17 20:29:02,462 [grpc-default-executor-2] INFO  impl.RoleInfo (RoleInfo.java:updateAndGet(143)) - 7f29c796-0732-402f-b865-67033766dcba: start FollowerState
2019-10-17 20:29:02,485 [c07977b7-c8ef-4f3c-80b1-66a07c6e3dcd@group-C2BDBBDF155D-LeaderElection293] INFO  impl.LeaderElection (LeaderElection.java:logAndReturn(56)) - c07977b7-c8ef-4f3c-80b1-66a07c6e3dcd@group-C2BDBBDF155D-LeaderElection293: Election REJECTED; received 2 response(s) [c07977b7-c8ef-4f3c-80b1-66a07c6e3dcd<-d81605c5-54b3-45a8-b5ae-2e8d8890cbef#0:FAIL-t296, c07977b7-c8ef-4f3c-80b1-66a07c6e3dcd<-7f29c796-0732-402f-b865-67033766dcba#0:FAIL-t296] and 0 exception(s); c07977b7-c8ef-4f3c-80b1-66a07c6e3dcd@group-C2BDBBDF155D:t296, leader=null, voted=c07977b7-c8ef-4f3c-80b1-66a07c6e3dcd, raftlog=c07977b7-c8ef-4f3c-80b1-66a07c6e3dcd@group-C2BDBBDF155D-SegmentedRaftLog:OPENED:c-1,f-1,i0, conf=-1: [d81605c5-54b3-45a8-b5ae-2e8d8890cbef:192.168.164.201:42755, 7f29c796-0732-402f-b865-67033766dcba:192.168.164.201:40704, c07977b7-c8ef-4f3c-80b1-66a07c6e3dcd:192.168.164.201:38664], old=null
2019-10-17 20:29:02,486 [c07977b7-c8ef-4f3c-80b1-66a07c6e3dcd@group-C2BDBBDF155D-LeaderElection293] INFO  impl.RaftServerImpl (RaftServerImpl.java:setRole(184)) - c07977b7-c8ef-4f3c-80b1-66a07c6e3dcd@group-C2BDBBDF155D: changes role from CANDIDATE to FOLLOWER at term 296 for DISCOVERED_A_NEW_TERM
2019-10-17 20:29:02,486 [c07977b7-c8ef-4f3c-80b1-66a07c6e3dcd@group-C2BDBBDF155D-LeaderElection293] INFO  impl.RoleInfo (RoleInfo.java:shutdownLeaderElection(134)) - c07977b7-c8ef-4f3c-80b1-66a07c6e3dcd: shutdown LeaderElection
2019-10-17 20:29:02,486 [c07977b7-c8ef-4f3c-80b1-66a07c6e3dcd@group-C2BDBBDF155D-LeaderElection293] INFO  impl.RoleInfo (RoleInfo.java:updateAndGet(143)) - c07977b7-c8ef-4f3c-80b1-66a07c6e3dcd: start FollowerState
2019-10-17 20:29:02,548 [Thread-754] INFO  ozone.MiniOzoneClusterImpl (MiniOzoneClusterImpl.java:lambda$waitForClusterToBeReady$2(164)) - Waiting for 1 number of pipelines out of 4, to report a leader.
2019-10-17 20:29:02,583 [Thread-2766] INFO  impl.FollowerState (FollowerState.java:run(108)) - c07977b7-c8ef-4f3c-80b1-66a07c6e3dcd@group-C2BDBBDF155D-FollowerState: change to CANDIDATE, lastRpcTime:97ms, electionTimeout:97ms
2019-10-17 20:29:02,584 [Thread-2766] INFO  impl.RoleInfo (RoleInfo.java:shutdownFollowerState(121)) - c07977b7-c8ef-4f3c-80b1-66a07c6e3dcd: shutdown FollowerState
2019-10-17 20:29:02,584 [Thread-2766] INFO  impl.RaftServerImpl (RaftServerImpl.java:setRole(184)) - c07977b7-c8ef-4f3c-80b1-66a07c6e3dcd@group-C2BDBBDF155D: changes role from  FOLLOWER to CANDIDATE at term 296 for changeToCandidate
2019-10-17 20:29:02,584 [Thread-2766] INFO  impl.RoleInfo (RoleInfo.java:updateAndGet(143)) - c07977b7-c8ef-4f3c-80b1-66a07c6e3dcd: start LeaderElection
2019-10-17 20:29:02,611 [c07977b7-c8ef-4f3c-80b1-66a07c6e3dcd@group-C2BDBBDF155D-LeaderElection294] INFO  impl.LeaderElection (LeaderElection.java:askForVotes(178)) - c07977b7-c8ef-4f3c-80b1-66a07c6e3dcd@group-C2BDBBDF155D-LeaderElection294: begin an election at term 297 for -1: [d81605c5-54b3-45a8-b5ae-2e8d8890cbef:192.168.164.201:42755, 7f29c796-0732-402f-b865-67033766dcba:192.168.164.201:40704, c07977b7-c8ef-4f3c-80b1-66a07c6e3dcd:192.168.164.201:38664], old=null
2019-10-17 20:29:02,613 [grpc-default-executor-2] INFO  impl.RaftServerImpl (RaftServerImpl.java:setRole(184)) - d81605c5-54b3-45a8-b5ae-2e8d8890cbef@group-C2BDBBDF155D: changes role from  FOLLOWER to FOLLOWER at term 297 for recognizeCandidate:c07977b7-c8ef-4f3c-80b1-66a07c6e3dcd
2019-10-17 20:29:02,614 [grpc-default-executor-2] INFO  impl.RoleInfo (RoleInfo.java:shutdownFollowerState(121)) - d81605c5-54b3-45a8-b5ae-2e8d8890cbef: shutdown FollowerState
2019-10-17 20:29:02,614 [grpc-default-executor-4] INFO  impl.RaftServerImpl (RaftServerImpl.java:setRole(184)) - 7f29c796-0732-402f-b865-67033766dcba@group-C2BDBBDF155D: changes role from  FOLLOWER to FOLLOWER at term 297 for recognizeCandidate:c07977b7-c8ef-4f3c-80b1-66a07c6e3dcd
2019-10-17 20:29:02,614 [Thread-2764] INFO  impl.FollowerState (FollowerState.java:run(117)) - d81605c5-54b3-45a8-b5ae-2e8d8890cbef@group-C2BDBBDF155D-FollowerState was interrupted: java.lang.InterruptedException: sleep interrupted
2019-10-17 20:29:02,614 [grpc-default-executor-2] INFO  impl.RoleInfo (RoleInfo.java:updateAndGet(143)) - d81605c5-54b3-45a8-b5ae-2e8d8890cbef: start FollowerState
2019-10-17 20:29:02,614 [grpc-default-executor-4] INFO  impl.RoleInfo (RoleInfo.java:shutdownFollowerState(121)) - 7f29c796-0732-402f-b865-67033766dcba: shutdown FollowerState
2019-10-17 20:29:02,614 [grpc-default-executor-4] INFO  impl.RoleInfo (RoleInfo.java:updateAndGet(143)) - 7f29c796-0732-402f-b865-67033766dcba: start FollowerState
2019-10-17 20:29:02,615 [Thread-2765] INFO  impl.FollowerState (FollowerState.java:run(117)) - 7f29c796-0732-402f-b865-67033766dcba@group-C2BDBBDF155D-FollowerState was interrupted: java.lang.InterruptedException: sleep interrupted
2019-10-17 20:29:02,637 [c07977b7-c8ef-4f3c-80b1-66a07c6e3dcd@group-C2BDBBDF155D-LeaderElection294] INFO  impl.LeaderElection (LeaderElection.java:logAndReturn(56)) - c07977b7-c8ef-4f3c-80b1-66a07c6e3dcd@group-C2BDBBDF155D-LeaderElection294: Election REJECTED; received 2 response(s) [c07977b7-c8ef-4f3c-80b1-66a07c6e3dcd<-d81605c5-54b3-45a8-b5ae-2e8d8890cbef#0:FAIL-t297, c07977b7-c8ef-4f3c-80b1-66a07c6e3dcd<-7f29c796-0732-402f-b865-67033766dcba#0:FAIL-t297] and 0 exception(s); c07977b7-c8ef-4f3c-80b1-66a07c6e3dcd@group-C2BDBBDF155D:t297, leader=null, voted=c07977b7-c8ef-4f3c-80b1-66a07c6e3dcd, raftlog=c07977b7-c8ef-4f3c-80b1-66a07c6e3dcd@group-C2BDBBDF155D-SegmentedRaftLog:OPENED:c-1,f-1,i0, conf=-1: [d81605c5-54b3-45a8-b5ae-2e8d8890cbef:192.168.164.201:42755, 7f29c796-0732-402f-b865-67033766dcba:192.168.164.201:40704, c07977b7-c8ef-4f3c-80b1-66a07c6e3dcd:192.168.164.201:38664], old=null
2019-10-17 20:29:02,637 [c07977b7-c8ef-4f3c-80b1-66a07c6e3dcd@group-C2BDBBDF155D-LeaderElection294] INFO  impl.RaftServerImpl (RaftServerImpl.java:setRole(184)) - c07977b7-c8ef-4f3c-80b1-66a07c6e3dcd@group-C2BDBBDF155D: changes role from CANDIDATE to FOLLOWER at term 297 for DISCOVERED_A_NEW_TERM
2019-10-17 20:29:02,638 [c07977b7-c8ef-4f3c-80b1-66a07c6e3dcd@group-C2BDBBDF155D-LeaderElection294] INFO  impl.RoleInfo (RoleInfo.java:shutdownLeaderElection(134)) - c07977b7-c8ef-4f3c-80b1-66a07c6e3dcd: shutdown LeaderElection
2019-10-17 20:29:02,638 [c07977b7-c8ef-4f3c-80b1-66a07c6e3dcd@group-C2BDBBDF155D-LeaderElection294] INFO  impl.RoleInfo (RoleInfo.java:updateAndGet(143)) - c07977b7-c8ef-4f3c-80b1-66a07c6e3dcd: start FollowerState
2019-10-17 20:29:02,774 [Thread-2772] INFO  impl.FollowerState (FollowerState.java:run(108)) - c07977b7-c8ef-4f3c-80b1-66a07c6e3dcd@group-C2BDBBDF155D-FollowerState: change to CANDIDATE, lastRpcTime:136ms, electionTimeout:136ms
2019-10-17 20:29:02,774 [Thread-2772] INFO  impl.RoleInfo (RoleInfo.java:shutdownFollowerState(121)) - c07977b7-c8ef-4f3c-80b1-66a07c6e3dcd: shutdown FollowerState
2019-10-17 20:29:02,775 [Thread-2772] INFO  impl.RaftServerImpl (RaftServerImpl.java:setRole(184)) - c07977b7-c8ef-4f3c-80b1-66a07c6e3dcd@group-C2BDBBDF155D: changes role from  FOLLOWER to CANDIDATE at term 297 for changeToCandidate
2019-10-17 20:29:02,775 [Thread-2772] INFO  impl.RoleInfo (RoleInfo.java:updateAndGet(143)) - c07977b7-c8ef-4f3c-80b1-66a07c6e3dcd: start LeaderElection
2019-10-17 20:29:02,812 [c07977b7-c8ef-4f3c-80b1-66a07c6e3dcd@group-C2BDBBDF155D-LeaderElection295] INFO  impl.LeaderElection (LeaderElection.java:askForVotes(178)) - c07977b7-c8ef-4f3c-80b1-66a07c6e3dcd@group-C2BDBBDF155D-LeaderElection295: begin an election at term 298 for -1: [d81605c5-54b3-45a8-b5ae-2e8d8890cbef:192.168.164.201:42755, 7f29c796-0732-402f-b865-67033766dcba:192.168.164.201:40704, c07977b7-c8ef-4f3c-80b1-66a07c6e3dcd:192.168.164.201:38664], old=null
2019-10-17 20:29:02,815 [grpc-default-executor-2] INFO  impl.RaftServerImpl (RaftServerImpl.java:setRole(184)) - 7f29c796-0732-402f-b865-67033766dcba@group-C2BDBBDF155D: changes role from  FOLLOWER to FOLLOWER at term 298 for recognizeCandidate:c07977b7-c8ef-4f3c-80b1-66a07c6e3dcd
2019-10-17 20:29:02,815 [grpc-default-executor-2] INFO  impl.RoleInfo (RoleInfo.java:shutdownFollowerState(121)) - 7f29c796-0732-402f-b865-67033766dcba: shutdown FollowerState
2019-10-17 20:29:02,815 [grpc-default-executor-4] INFO  impl.RaftServerImpl (RaftServerImpl.java:setRole(184)) - d81605c5-54b3-45a8-b5ae-2e8d8890cbef@group-C2BDBBDF155D: changes role from  FOLLOWER to FOLLOWER at term 298 for recognizeCandidate:c07977b7-c8ef-4f3c-80b1-66a07c6e3dcd
2019-10-17 20:29:02,815 [grpc-default-executor-4] INFO  impl.RoleInfo (RoleInfo.java:shutdownFollowerState(121)) - d81605c5-54b3-45a8-b5ae-2e8d8890cbef: shutdown FollowerState
2019-10-17 20:29:02,815 [Thread-2771] INFO  impl.FollowerState (FollowerState.java:run(117)) - 7f29c796-0732-402f-b865-67033766dcba@group-C2BDBBDF155D-FollowerState was interrupted: java.lang.InterruptedException: sleep interrupted
2019-10-17 20:29:02,815 [grpc-default-executor-2] INFO  impl.RoleInfo (RoleInfo.java:updateAndGet(143)) - 7f29c796-0732-402f-b865-67033766dcba: start FollowerState
2019-10-17 20:29:02,816 [Thread-2770] INFO  impl.FollowerState (FollowerState.java:run(117)) - d81605c5-54b3-45a8-b5ae-2e8d8890cbef@group-C2BDBBDF155D-FollowerState was interrupted: java.lang.InterruptedException: sleep interrupted
2019-10-17 20:29:02,815 [grpc-default-executor-4] INFO  impl.RoleInfo (RoleInfo.java:updateAndGet(143)) - d81605c5-54b3-45a8-b5ae-2e8d8890cbef: start FollowerState
2019-10-17 20:29:02,838 [c07977b7-c8ef-4f3c-80b1-66a07c6e3dcd@group-C2BDBBDF155D-LeaderElection295] INFO  impl.LeaderElection (LeaderElection.java:logAndReturn(56)) - c07977b7-c8ef-4f3c-80b1-66a07c6e3dcd@group-C2BDBBDF155D-LeaderElection295: Election REJECTED; received 2 response(s) [c07977b7-c8ef-4f3c-80b1-66a07c6e3dcd<-d81605c5-54b3-45a8-b5ae-2e8d8890cbef#0:FAIL-t298, c07977b7-c8ef-4f3c-80b1-66a07c6e3dcd<-7f29c796-0732-402f-b865-67033766dcba#0:FAIL-t298] and 0 exception(s); c07977b7-c8ef-4f3c-80b1-66a07c6e3dcd@group-C2BDBBDF155D:t298, leader=null, voted=c07977b7-c8ef-4f3c-80b1-66a07c6e3dcd, raftlog=c07977b7-c8ef-4f3c-80b1-66a07c6e3dcd@group-C2BDBBDF155D-SegmentedRaftLog:OPENED:c-1,f-1,i0, conf=-1: [d81605c5-54b3-45a8-b5ae-2e8d8890cbef:192.168.164.201:42755, 7f29c796-0732-402f-b865-67033766dcba:192.168.164.201:40704, c07977b7-c8ef-4f3c-80b1-66a07c6e3dcd:192.168.164.201:38664], old=null
2019-10-17 20:29:02,838 [c07977b7-c8ef-4f3c-80b1-66a07c6e3dcd@group-C2BDBBDF155D-LeaderElection295] INFO  impl.RaftServerImpl (RaftServerImpl.java:setRole(184)) - c07977b7-c8ef-4f3c-80b1-66a07c6e3dcd@group-C2BDBBDF155D: changes role from CANDIDATE to FOLLOWER at term 298 for DISCOVERED_A_NEW_TERM
2019-10-17 20:29:02,838 [c07977b7-c8ef-4f3c-80b1-66a07c6e3dcd@group-C2BDBBDF155D-LeaderElection295] INFO  impl.RoleInfo (RoleInfo.java:shutdownLeaderElection(134)) - c07977b7-c8ef-4f3c-80b1-66a07c6e3dcd: shutdown LeaderElection
2019-10-17 20:29:02,838 [c07977b7-c8ef-4f3c-80b1-66a07c6e3dcd@group-C2BDBBDF155D-LeaderElection295] INFO  impl.RoleInfo (RoleInfo.java:updateAndGet(143)) - c07977b7-c8ef-4f3c-80b1-66a07c6e3dcd: start FollowerState
2019-10-17 20:29:02,902 [Thread-2778] INFO  impl.FollowerState (FollowerState.java:run(108)) - c07977b7-c8ef-4f3c-80b1-66a07c6e3dcd@group-C2BDBBDF155D-FollowerState: change to CANDIDATE, lastRpcTime:63ms, electionTimeout:63ms
2019-10-17 20:29:02,902 [Thread-2778] INFO  impl.RoleInfo (RoleInfo.java:shutdownFollowerState(121)) - c07977b7-c8ef-4f3c-80b1-66a07c6e3dcd: shutdown FollowerState
2019-10-17 20:29:02,902 [Thread-2778] INFO  impl.RaftServerImpl (RaftServerImpl.java:setRole(184)) - c07977b7-c8ef-4f3c-80b1-66a07c6e3dcd@group-C2BDBBDF155D: changes role from  FOLLOWER to CANDIDATE at term 298 for changeToCandidate
2019-10-17 20:29:02,902 [Thread-2778] INFO  impl.RoleInfo (RoleInfo.java:updateAndGet(143)) - c07977b7-c8ef-4f3c-80b1-66a07c6e3dcd: start LeaderElection
2019-10-17 20:29:02,929 [c07977b7-c8ef-4f3c-80b1-66a07c6e3dcd@group-C2BDBBDF155D-LeaderElection296] INFO  impl.LeaderElection (LeaderElection.java:askForVotes(178)) - c07977b7-c8ef-4f3c-80b1-66a07c6e3dcd@group-C2BDBBDF155D-LeaderElection296: begin an election at term 299 for -1: [d81605c5-54b3-45a8-b5ae-2e8d8890cbef:192.168.164.201:42755, 7f29c796-0732-402f-b865-67033766dcba:192.168.164.201:40704, c07977b7-c8ef-4f3c-80b1-66a07c6e3dcd:192.168.164.201:38664], old=null
2019-10-17 20:29:02,932 [grpc-default-executor-4] INFO  impl.RaftServerImpl (RaftServerImpl.java:setRole(184)) - 7f29c796-0732-402f-b865-67033766dcba@group-C2BDBBDF155D: changes role from  FOLLOWER to FOLLOWER at term 299 for recognizeCandidate:c07977b7-c8ef-4f3c-80b1-66a07c6e3dcd
2019-10-17 20:29:02,932 [grpc-default-executor-2] INFO  impl.RaftServerImpl (RaftServerImpl.java:setRole(184)) - d81605c5-54b3-45a8-b5ae-2e8d8890cbef@group-C2BDBBDF155D: changes role from  FOLLOWER to FOLLOWER at term 299 for recognizeCandidate:c07977b7-c8ef-4f3c-80b1-66a07c6e3dcd
2019-10-17 20:29:02,932 [grpc-default-executor-2] INFO  impl.RoleInfo (RoleInfo.java:shutdownFollowerState(121)) - d81605c5-54b3-45a8-b5ae-2e8d8890cbef: shutdown FollowerState
2019-10-17 20:29:02,932 [grpc-default-executor-4] INFO  impl.RoleInfo (RoleInfo.java:shutdownFollowerState(121)) - 7f29c796-0732-402f-b865-67033766dcba: shutdown FollowerState
2019-10-17 20:29:02,932 [Thread-2777] INFO  impl.FollowerState (FollowerState.java:run(117)) - d81605c5-54b3-45a8-b5ae-2e8d8890cbef@group-C2BDBBDF155D-FollowerState was interrupted: java.lang.InterruptedException: sleep interrupted
2019-10-17 20:29:02,932 [grpc-default-executor-2] INFO  impl.RoleInfo (RoleInfo.java:updateAndGet(143)) - d81605c5-54b3-45a8-b5ae-2e8d8890cbef: start FollowerState
2019-10-17 20:29:02,932 [Thread-2776] INFO  impl.FollowerState (FollowerState.java:run(117)) - 7f29c796-0732-402f-b865-67033766dcba@group-C2BDBBDF155D-FollowerState was interrupted: java.lang.InterruptedException: sleep interrupted
2019-10-17 20:29:02,932 [grpc-default-executor-4] INFO  impl.RoleInfo (RoleInfo.java:updateAndGet(143)) - 7f29c796-0732-402f-b865-67033766dcba: start FollowerState
2019-10-17 20:29:02,956 [c07977b7-c8ef-4f3c-80b1-66a07c6e3dcd@group-C2BDBBDF155D-LeaderElection296] INFO  impl.LeaderElection (LeaderElection.java:logAndReturn(56)) - c07977b7-c8ef-4f3c-80b1-66a07c6e3dcd@group-C2BDBBDF155D-LeaderElection296: Election REJECTED; received 2 response(s) [c07977b7-c8ef-4f3c-80b1-66a07c6e3dcd<-d81605c5-54b3-45a8-b5ae-2e8d8890cbef#0:FAIL-t299, c07977b7-c8ef-4f3c-80b1-66a07c6e3dcd<-7f29c796-0732-402f-b865-67033766dcba#0:FAIL-t299] and 0 exception(s); c07977b7-c8ef-4f3c-80b1-66a07c6e3dcd@group-C2BDBBDF155D:t299, leader=null, voted=c07977b7-c8ef-4f3c-80b1-66a07c6e3dcd, raftlog=c07977b7-c8ef-4f3c-80b1-66a07c6e3dcd@group-C2BDBBDF155D-SegmentedRaftLog:OPENED:c-1,f-1,i0, conf=-1: [d81605c5-54b3-45a8-b5ae-2e8d8890cbef:192.168.164.201:42755, 7f29c796-0732-402f-b865-67033766dcba:192.168.164.201:40704, c07977b7-c8ef-4f3c-80b1-66a07c6e3dcd:192.168.164.201:38664], old=null
2019-10-17 20:29:02,956 [c07977b7-c8ef-4f3c-80b1-66a07c6e3dcd@group-C2BDBBDF155D-LeaderElection296] INFO  impl.RaftServerImpl (RaftServerImpl.java:setRole(184)) - c07977b7-c8ef-4f3c-80b1-66a07c6e3dcd@group-C2BDBBDF155D: changes role from CANDIDATE to FOLLOWER at term 299 for DISCOVERED_A_NEW_TERM
2019-10-17 20:29:02,956 [c07977b7-c8ef-4f3c-80b1-66a07c6e3dcd@group-C2BDBBDF155D-LeaderElection296] INFO  impl.RoleInfo (RoleInfo.java:shutdownLeaderElection(134)) - c07977b7-c8ef-4f3c-80b1-66a07c6e3dcd: shutdown LeaderElection
2019-10-17 20:29:02,956 [c07977b7-c8ef-4f3c-80b1-66a07c6e3dcd@group-C2BDBBDF155D-LeaderElection296] INFO  impl.RoleInfo (RoleInfo.java:updateAndGet(143)) - c07977b7-c8ef-4f3c-80b1-66a07c6e3dcd: start FollowerState
2019-10-17 20:29:03,085 [Thread-2784] INFO  impl.FollowerState (FollowerState.java:run(108)) - c07977b7-c8ef-4f3c-80b1-66a07c6e3dcd@group-C2BDBBDF155D-FollowerState: change to CANDIDATE, lastRpcTime:128ms, electionTimeout:128ms
2019-10-17 20:29:03,085 [Thread-2784] INFO  impl.RoleInfo (RoleInfo.java:shutdownFollowerState(121)) - c07977b7-c8ef-4f3c-80b1-66a07c6e3dcd: shutdown FollowerState
2019-10-17 20:29:03,085 [Thread-2784] INFO  impl.RaftServerImpl (RaftServerImpl.java:setRole(184)) - c07977b7-c8ef-4f3c-80b1-66a07c6e3dcd@group-C2BDBBDF155D: changes role from  FOLLOWER to CANDIDATE at term 299 for changeToCandidate
2019-10-17 20:29:03,086 [Thread-2784] INFO  impl.RoleInfo (RoleInfo.java:updateAndGet(143)) - c07977b7-c8ef-4f3c-80b1-66a07c6e3dcd: start LeaderElection
2019-10-17 20:29:03,113 [c07977b7-c8ef-4f3c-80b1-66a07c6e3dcd@group-C2BDBBDF155D-LeaderElection297] INFO  impl.LeaderElection (LeaderElection.java:askForVotes(178)) - c07977b7-c8ef-4f3c-80b1-66a07c6e3dcd@group-C2BDBBDF155D-LeaderElection297: begin an election at term 300 for -1: [d81605c5-54b3-45a8-b5ae-2e8d8890cbef:192.168.164.201:42755, 7f29c796-0732-402f-b865-67033766dcba:192.168.164.201:40704, c07977b7-c8ef-4f3c-80b1-66a07c6e3dcd:192.168.164.201:38664], old=null
2019-10-17 20:29:03,116 [grpc-default-executor-2] INFO  impl.RaftServerImpl (RaftServerImpl.java:setRole(184)) - d81605c5-54b3-45a8-b5ae-2e8d8890cbef@group-C2BDBBDF155D: changes role from  FOLLOWER to FOLLOWER at term 300 for recognizeCandidate:c07977b7-c8ef-4f3c-80b1-66a07c6e3dcd
2019-10-17 20:29:03,117 [grpc-default-executor-2] INFO  impl.RoleInfo (RoleInfo.java:shutdownFollowerState(121)) - d81605c5-54b3-45a8-b5ae-2e8d8890cbef: shutdown FollowerState
2019-10-17 20:29:03,117 [grpc-default-executor-2] INFO  impl.RoleInfo (RoleInfo.java:updateAndGet(143)) - d81605c5-54b3-45a8-b5ae-2e8d8890cbef: start FollowerState
2019-10-17 20:29:03,117 [Thread-2782] INFO  impl.FollowerState (FollowerState.java:run(117)) - d81605c5-54b3-45a8-b5ae-2e8d8890cbef@group-C2BDBBDF155D-FollowerState was interrupted: java.lang.InterruptedException: sleep interrupted
2019-10-17 20:29:03,118 [grpc-default-executor-4] INFO  impl.RaftServerImpl (RaftServerImpl.java:setRole(184)) - 7f29c796-0732-402f-b865-67033766dcba@group-C2BDBBDF155D: changes role from  FOLLOWER to FOLLOWER at term 300 for recognizeCandidate:c07977b7-c8ef-4f3c-80b1-66a07c6e3dcd
2019-10-17 20:29:03,119 [grpc-default-executor-4] INFO  impl.RoleInfo (RoleInfo.java:shutdownFollowerState(121)) - 7f29c796-0732-402f-b865-67033766dcba: shutdown FollowerState
2019-10-17 20:29:03,119 [grpc-default-executor-4] INFO  impl.RoleInfo (RoleInfo.java:updateAndGet(143)) - 7f29c796-0732-402f-b865-67033766dcba: start FollowerState
2019-10-17 20:29:03,119 [Thread-2783] INFO  impl.FollowerState (FollowerState.java:run(117)) - 7f29c796-0732-402f-b865-67033766dcba@group-C2BDBBDF155D-FollowerState was interrupted: java.lang.InterruptedException: sleep interrupted
2019-10-17 20:29:03,140 [c07977b7-c8ef-4f3c-80b1-66a07c6e3dcd@group-C2BDBBDF155D-LeaderElection297] INFO  impl.LeaderElection (LeaderElection.java:logAndReturn(56)) - c07977b7-c8ef-4f3c-80b1-66a07c6e3dcd@group-C2BDBBDF155D-LeaderElection297: Election REJECTED; received 2 response(s) [c07977b7-c8ef-4f3c-80b1-66a07c6e3dcd<-d81605c5-54b3-45a8-b5ae-2e8d8890cbef#0:FAIL-t300, c07977b7-c8ef-4f3c-80b1-66a07c6e3dcd<-7f29c796-0732-402f-b865-67033766dcba#0:FAIL-t300] and 0 exception(s); c07977b7-c8ef-4f3c-80b1-66a07c6e3dcd@group-C2BDBBDF155D:t300, leader=null, voted=c07977b7-c8ef-4f3c-80b1-66a07c6e3dcd, raftlog=c07977b7-c8ef-4f3c-80b1-66a07c6e3dcd@group-C2BDBBDF155D-SegmentedRaftLog:OPENED:c-1,f-1,i0, conf=-1: [d81605c5-54b3-45a8-b5ae-2e8d8890cbef:192.168.164.201:42755, 7f29c796-0732-402f-b865-67033766dcba:192.168.164.201:40704, c07977b7-c8ef-4f3c-80b1-66a07c6e3dcd:192.168.164.201:38664], old=null
2019-10-17 20:29:03,140 [c07977b7-c8ef-4f3c-80b1-66a07c6e3dcd@group-C2BDBBDF155D-LeaderElection297] INFO  impl.RaftServerImpl (RaftServerImpl.java:setRole(184)) - c07977b7-c8ef-4f3c-80b1-66a07c6e3dcd@group-C2BDBBDF155D: changes role from CANDIDATE to FOLLOWER at term 300 for DISCOVERED_A_NEW_TERM
2019-10-17 20:29:03,140 [c07977b7-c8ef-4f3c-80b1-66a07c6e3dcd@group-C2BDBBDF155D-LeaderElection297] INFO  impl.RoleInfo (RoleInfo.java:shutdownLeaderElection(134)) - c07977b7-c8ef-4f3c-80b1-66a07c6e3dcd: shutdown LeaderElection
2019-10-17 20:29:03,140 [c07977b7-c8ef-4f3c-80b1-66a07c6e3dcd@group-C2BDBBDF155D-LeaderElection297] INFO  impl.RoleInfo (RoleInfo.java:updateAndGet(143)) - c07977b7-c8ef-4f3c-80b1-66a07c6e3dcd: start FollowerState
2019-10-17 20:29:03,282 [Thread-2790] INFO  impl.FollowerState (FollowerState.java:run(108)) - c07977b7-c8ef-4f3c-80b1-66a07c6e3dcd@group-C2BDBBDF155D-FollowerState: change to CANDIDATE, lastRpcTime:141ms, electionTimeout:141ms
2019-10-17 20:29:03,282 [Thread-2790] INFO  impl.RoleInfo (RoleInfo.java:shutdownFollowerState(121)) - c07977b7-c8ef-4f3c-80b1-66a07c6e3dcd: shutdown FollowerState
2019-10-17 20:29:03,282 [Thread-2790] INFO  impl.RaftServerImpl (RaftServerImpl.java:setRole(184)) - c07977b7-c8ef-4f3c-80b1-66a07c6e3dcd@group-C2BDBBDF155D: changes role from  FOLLOWER to CANDIDATE at term 300 for changeToCandidate
2019-10-17 20:29:03,282 [Thread-2790] INFO  impl.RoleInfo (RoleInfo.java:updateAndGet(143)) - c07977b7-c8ef-4f3c-80b1-66a07c6e3dcd: start LeaderElection
2019-10-17 20:29:03,306 [c07977b7-c8ef-4f3c-80b1-66a07c6e3dcd@group-C2BDBBDF155D-LeaderElection298] INFO  impl.LeaderElection (LeaderElection.java:askForVotes(178)) - c07977b7-c8ef-4f3c-80b1-66a07c6e3dcd@group-C2BDBBDF155D-LeaderElection298: begin an election at term 301 for -1: [d81605c5-54b3-45a8-b5ae-2e8d8890cbef:192.168.164.201:42755, 7f29c796-0732-402f-b865-67033766dcba:192.168.164.201:40704, c07977b7-c8ef-4f3c-80b1-66a07c6e3dcd:192.168.164.201:38664], old=null
2019-10-17 20:29:03,307 [grpc-default-executor-2] INFO  impl.RaftServerImpl (RaftServerImpl.java:setRole(184)) - d81605c5-54b3-45a8-b5ae-2e8d8890cbef@group-C2BDBBDF155D: changes role from  FOLLOWER to FOLLOWER at term 301 for recognizeCandidate:c07977b7-c8ef-4f3c-80b1-66a07c6e3dcd
2019-10-17 20:29:03,307 [grpc-default-executor-2] INFO  impl.RoleInfo (RoleInfo.java:shutdownFollowerState(121)) - d81605c5-54b3-45a8-b5ae-2e8d8890cbef: shutdown FollowerState
2019-10-17 20:29:03,308 [grpc-default-executor-2] INFO  impl.RoleInfo (RoleInfo.java:updateAndGet(143)) - d81605c5-54b3-45a8-b5ae-2e8d8890cbef: start FollowerState
2019-10-17 20:29:03,308 [Thread-2788] INFO  impl.FollowerState (FollowerState.java:run(117)) - d81605c5-54b3-45a8-b5ae-2e8d8890cbef@group-C2BDBBDF155D-FollowerState was interrupted: java.lang.InterruptedException: sleep interrupted
2019-10-17 20:29:03,308 [grpc-default-executor-4] INFO  impl.RaftServerImpl (RaftServerImpl.java:setRole(184)) - 7f29c796-0732-402f-b865-67033766dcba@group-C2BDBBDF155D: changes role from  FOLLOWER to FOLLOWER at term 301 for recognizeCandidate:c07977b7-c8ef-4f3c-80b1-66a07c6e3dcd
2019-10-17 20:29:03,308 [grpc-default-executor-4] INFO  impl.RoleInfo (RoleInfo.java:shutdownFollowerState(121)) - 7f29c796-0732-402f-b865-67033766dcba: shutdown FollowerState
2019-10-17 20:29:03,308 [grpc-default-executor-4] INFO  impl.RoleInfo (RoleInfo.java:updateAndGet(143)) - 7f29c796-0732-402f-b865-67033766dcba: start FollowerState
2019-10-17 20:29:03,308 [Thread-2789] INFO  impl.FollowerState (FollowerState.java:run(117)) - 7f29c796-0732-402f-b865-67033766dcba@group-C2BDBBDF155D-FollowerState was interrupted: java.lang.InterruptedException: sleep interrupted
2019-10-17 20:29:03,332 [c07977b7-c8ef-4f3c-80b1-66a07c6e3dcd@group-C2BDBBDF155D-LeaderElection298] INFO  impl.LeaderElection (LeaderElection.java:logAndReturn(56)) - c07977b7-c8ef-4f3c-80b1-66a07c6e3dcd@group-C2BDBBDF155D-LeaderElection298: Election REJECTED; received 2 response(s) [c07977b7-c8ef-4f3c-80b1-66a07c6e3dcd<-d81605c5-54b3-45a8-b5ae-2e8d8890cbef#0:FAIL-t301, c07977b7-c8ef-4f3c-80b1-66a07c6e3dcd<-7f29c796-0732-402f-b865-67033766dcba#0:FAIL-t301] and 0 exception(s); c07977b7-c8ef-4f3c-80b1-66a07c6e3dcd@group-C2BDBBDF155D:t301, leader=null, voted=c07977b7-c8ef-4f3c-80b1-66a07c6e3dcd, raftlog=c07977b7-c8ef-4f3c-80b1-66a07c6e3dcd@group-C2BDBBDF155D-SegmentedRaftLog:OPENED:c-1,f-1,i0, conf=-1: [d81605c5-54b3-45a8-b5ae-2e8d8890cbef:192.168.164.201:42755, 7f29c796-0732-402f-b865-67033766dcba:192.168.164.201:40704, c07977b7-c8ef-4f3c-80b1-66a07c6e3dcd:192.168.164.201:38664], old=null
2019-10-17 20:29:03,332 [c07977b7-c8ef-4f3c-80b1-66a07c6e3dcd@group-C2BDBBDF155D-LeaderElection298] INFO  impl.RaftServerImpl (RaftServerImpl.java:setRole(184)) - c07977b7-c8ef-4f3c-80b1-66a07c6e3dcd@group-C2BDBBDF155D: changes role from CANDIDATE to FOLLOWER at term 301 for DISCOVERED_A_NEW_TERM
2019-10-17 20:29:03,332 [c07977b7-c8ef-4f3c-80b1-66a07c6e3dcd@group-C2BDBBDF155D-LeaderElection298] INFO  impl.RoleInfo (RoleInfo.java:shutdownLeaderElection(134)) - c07977b7-c8ef-4f3c-80b1-66a07c6e3dcd: shutdown LeaderElection
2019-10-17 20:29:03,332 [c07977b7-c8ef-4f3c-80b1-66a07c6e3dcd@group-C2BDBBDF155D-LeaderElection298] INFO  impl.RoleInfo (RoleInfo.java:updateAndGet(143)) - c07977b7-c8ef-4f3c-80b1-66a07c6e3dcd: start FollowerState
2019-10-17 20:29:03,527 [Thread-2796] INFO  impl.FollowerState (FollowerState.java:run(108)) - c07977b7-c8ef-4f3c-80b1-66a07c6e3dcd@group-C2BDBBDF155D-FollowerState: change to CANDIDATE, lastRpcTime:195ms, electionTimeout:195ms
2019-10-17 20:29:03,527 [Thread-2796] INFO  impl.RoleInfo (RoleInfo.java:shutdownFollowerState(121)) - c07977b7-c8ef-4f3c-80b1-66a07c6e3dcd: shutdown FollowerState
2019-10-17 20:29:03,528 [Thread-2796] INFO  impl.RaftServerImpl (RaftServerImpl.java:setRole(184)) - c07977b7-c8ef-4f3c-80b1-66a07c6e3dcd@group-C2BDBBDF155D: changes role from  FOLLOWER to CANDIDATE at term 301 for changeToCandidate
2019-10-17 20:29:03,528 [Thread-2796] INFO  impl.RoleInfo (RoleInfo.java:updateAndGet(143)) - c07977b7-c8ef-4f3c-80b1-66a07c6e3dcd: start LeaderElection
2019-10-17 20:29:03,549 [Thread-754] INFO  ozone.MiniOzoneClusterImpl (MiniOzoneClusterImpl.java:lambda$waitForClusterToBeReady$2(164)) - Waiting for 1 number of pipelines out of 4, to report a leader.
2019-10-17 20:29:03,556 [c07977b7-c8ef-4f3c-80b1-66a07c6e3dcd@group-C2BDBBDF155D-LeaderElection299] INFO  impl.LeaderElection (LeaderElection.java:askForVotes(178)) - c07977b7-c8ef-4f3c-80b1-66a07c6e3dcd@group-C2BDBBDF155D-LeaderElection299: begin an election at term 302 for -1: [d81605c5-54b3-45a8-b5ae-2e8d8890cbef:192.168.164.201:42755, 7f29c796-0732-402f-b865-67033766dcba:192.168.164.201:40704, c07977b7-c8ef-4f3c-80b1-66a07c6e3dcd:192.168.164.201:38664], old=null
2019-10-17 20:29:03,558 [grpc-default-executor-2] INFO  impl.RaftServerImpl (RaftServerImpl.java:setRole(184)) - d81605c5-54b3-45a8-b5ae-2e8d8890cbef@group-C2BDBBDF155D: changes role from  FOLLOWER to FOLLOWER at term 302 for recognizeCandidate:c07977b7-c8ef-4f3c-80b1-66a07c6e3dcd
2019-10-17 20:29:03,559 [grpc-default-executor-2] INFO  impl.RoleInfo (RoleInfo.java:shutdownFollowerState(121)) - d81605c5-54b3-45a8-b5ae-2e8d8890cbef: shutdown FollowerState
2019-10-17 20:29:03,559 [grpc-default-executor-2] INFO  impl.RoleInfo (RoleInfo.java:updateAndGet(143)) - d81605c5-54b3-45a8-b5ae-2e8d8890cbef: start FollowerState
2019-10-17 20:29:03,559 [Thread-2794] INFO  impl.FollowerState (FollowerState.java:run(117)) - d81605c5-54b3-45a8-b5ae-2e8d8890cbef@group-C2BDBBDF155D-FollowerState was interrupted: java.lang.InterruptedException: sleep interrupted
2019-10-17 20:29:03,559 [grpc-default-executor-4] INFO  impl.RaftServerImpl (RaftServerImpl.java:setRole(184)) - 7f29c796-0732-402f-b865-67033766dcba@group-C2BDBBDF155D: changes role from  FOLLOWER to FOLLOWER at term 302 for recognizeCandidate:c07977b7-c8ef-4f3c-80b1-66a07c6e3dcd
2019-10-17 20:29:03,559 [grpc-default-executor-4] INFO  impl.RoleInfo (RoleInfo.java:shutdownFollowerState(121)) - 7f29c796-0732-402f-b865-67033766dcba: shutdown FollowerState
2019-10-17 20:29:03,559 [grpc-default-executor-4] INFO  impl.RoleInfo (RoleInfo.java:updateAndGet(143)) - 7f29c796-0732-402f-b865-67033766dcba: start FollowerState
2019-10-17 20:29:03,559 [Thread-2795] INFO  impl.FollowerState (FollowerState.java:run(117)) - 7f29c796-0732-402f-b865-67033766dcba@group-C2BDBBDF155D-FollowerState was interrupted: java.lang.InterruptedException: sleep interrupted
2019-10-17 20:29:03,583 [c07977b7-c8ef-4f3c-80b1-66a07c6e3dcd@group-C2BDBBDF155D-LeaderElection299] INFO  impl.LeaderElection (LeaderElection.java:logAndReturn(56)) - c07977b7-c8ef-4f3c-80b1-66a07c6e3dcd@group-C2BDBBDF155D-LeaderElection299: Election REJECTED; received 2 response(s) [c07977b7-c8ef-4f3c-80b1-66a07c6e3dcd<-d81605c5-54b3-45a8-b5ae-2e8d8890cbef#0:FAIL-t302, c07977b7-c8ef-4f3c-80b1-66a07c6e3dcd<-7f29c796-0732-402f-b865-67033766dcba#0:FAIL-t302] and 0 exception(s); c07977b7-c8ef-4f3c-80b1-66a07c6e3dcd@group-C2BDBBDF155D:t302, leader=null, voted=c07977b7-c8ef-4f3c-80b1-66a07c6e3dcd, raftlog=c07977b7-c8ef-4f3c-80b1-66a07c6e3dcd@group-C2BDBBDF155D-SegmentedRaftLog:OPENED:c-1,f-1,i0, conf=-1: [d81605c5-54b3-45a8-b5ae-2e8d8890cbef:192.168.164.201:42755, 7f29c796-0732-402f-b865-67033766dcba:192.168.164.201:40704, c07977b7-c8ef-4f3c-80b1-66a07c6e3dcd:192.168.164.201:38664], old=null
2019-10-17 20:29:03,583 [c07977b7-c8ef-4f3c-80b1-66a07c6e3dcd@group-C2BDBBDF155D-LeaderElection299] INFO  impl.RaftServerImpl (RaftServerImpl.java:setRole(184)) - c07977b7-c8ef-4f3c-80b1-66a07c6e3dcd@group-C2BDBBDF155D: changes role from CANDIDATE to FOLLOWER at term 302 for DISCOVERED_A_NEW_TERM
2019-10-17 20:29:03,583 [c07977b7-c8ef-4f3c-80b1-66a07c6e3dcd@group-C2BDBBDF155D-LeaderElection299] INFO  impl.RoleInfo (RoleInfo.java:shutdownLeaderElection(134)) - c07977b7-c8ef-4f3c-80b1-66a07c6e3dcd: shutdown LeaderElection
2019-10-17 20:29:03,583 [c07977b7-c8ef-4f3c-80b1-66a07c6e3dcd@group-C2BDBBDF155D-LeaderElection299] INFO  impl.RoleInfo (RoleInfo.java:updateAndGet(143)) - c07977b7-c8ef-4f3c-80b1-66a07c6e3dcd: start FollowerState
2019-10-17 20:29:03,723 [Thread-2802] INFO  impl.FollowerState (FollowerState.java:run(108)) - c07977b7-c8ef-4f3c-80b1-66a07c6e3dcd@group-C2BDBBDF155D-FollowerState: change to CANDIDATE, lastRpcTime:140ms, electionTimeout:140ms
2019-10-17 20:29:03,724 [Thread-2802] INFO  impl.RoleInfo (RoleInfo.java:shutdownFollowerState(121)) - c07977b7-c8ef-4f3c-80b1-66a07c6e3dcd: shutdown FollowerState
2019-10-17 20:29:03,724 [Thread-2802] INFO  impl.RaftServerImpl (RaftServerImpl.java:setRole(184)) - c07977b7-c8ef-4f3c-80b1-66a07c6e3dcd@group-C2BDBBDF155D: changes role from  FOLLOWER to CANDIDATE at term 302 for changeToCandidate
2019-10-17 20:29:03,724 [Thread-2802] INFO  impl.RoleInfo (RoleInfo.java:updateAndGet(143)) - c07977b7-c8ef-4f3c-80b1-66a07c6e3dcd: start LeaderElection
2019-10-17 20:29:03,749 [c07977b7-c8ef-4f3c-80b1-66a07c6e3dcd@group-C2BDBBDF155D-LeaderElection300] INFO  impl.LeaderElection (LeaderElection.java:askForVotes(178)) - c07977b7-c8ef-4f3c-80b1-66a07c6e3dcd@group-C2BDBBDF155D-LeaderElection300: begin an election at term 303 for -1: [d81605c5-54b3-45a8-b5ae-2e8d8890cbef:192.168.164.201:42755, 7f29c796-0732-402f-b865-67033766dcba:192.168.164.201:40704, c07977b7-c8ef-4f3c-80b1-66a07c6e3dcd:192.168.164.201:38664], old=null
2019-10-17 20:29:03,751 [grpc-default-executor-2] INFO  impl.RaftServerImpl (RaftServerImpl.java:setRole(184)) - 7f29c796-0732-402f-b865-67033766dcba@group-C2BDBBDF155D: changes role from  FOLLOWER to FOLLOWER at term 303 for recognizeCandidate:c07977b7-c8ef-4f3c-80b1-66a07c6e3dcd
2019-10-17 20:29:03,751 [grpc-default-executor-2] INFO  impl.RoleInfo (RoleInfo.java:shutdownFollowerState(121)) - 7f29c796-0732-402f-b865-67033766dcba: shutdown FollowerState
2019-10-17 20:29:03,751 [grpc-default-executor-4] INFO  impl.RaftServerImpl (RaftServerImpl.java:setRole(184)) - d81605c5-54b3-45a8-b5ae-2e8d8890cbef@group-C2BDBBDF155D: changes role from  FOLLOWER to FOLLOWER at term 303 for recognizeCandidate:c07977b7-c8ef-4f3c-80b1-66a07c6e3dcd
2019-10-17 20:29:03,752 [grpc-default-executor-4] INFO  impl.RoleInfo (RoleInfo.java:shutdownFollowerState(121)) - d81605c5-54b3-45a8-b5ae-2e8d8890cbef: shutdown FollowerState
2019-10-17 20:29:03,752 [Thread-2801] INFO  impl.FollowerState (FollowerState.java:run(117)) - 7f29c796-0732-402f-b865-67033766dcba@group-C2BDBBDF155D-FollowerState was interrupted: java.lang.InterruptedException: sleep interrupted
2019-10-17 20:29:03,752 [grpc-default-executor-2] INFO  impl.RoleInfo (RoleInfo.java:updateAndGet(143)) - 7f29c796-0732-402f-b865-67033766dcba: start FollowerState
2019-10-17 20:29:03,752 [Thread-2800] INFO  impl.FollowerState (FollowerState.java:run(117)) - d81605c5-54b3-45a8-b5ae-2e8d8890cbef@group-C2BDBBDF155D-FollowerState was interrupted: java.lang.InterruptedException: sleep interrupted
2019-10-17 20:29:03,752 [grpc-default-executor-4] INFO  impl.RoleInfo (RoleInfo.java:updateAndGet(143)) - d81605c5-54b3-45a8-b5ae-2e8d8890cbef: start FollowerState
2019-10-17 20:29:03,775 [c07977b7-c8ef-4f3c-80b1-66a07c6e3dcd@group-C2BDBBDF155D-LeaderElection300] INFO  impl.LeaderElection (LeaderElection.java:logAndReturn(56)) - c07977b7-c8ef-4f3c-80b1-66a07c6e3dcd@group-C2BDBBDF155D-LeaderElection300: Election REJECTED; received 2 response(s) [c07977b7-c8ef-4f3c-80b1-66a07c6e3dcd<-d81605c5-54b3-45a8-b5ae-2e8d8890cbef#0:FAIL-t303, c07977b7-c8ef-4f3c-80b1-66a07c6e3dcd<-7f29c796-0732-402f-b865-67033766dcba#0:FAIL-t303] and 0 exception(s); c07977b7-c8ef-4f3c-80b1-66a07c6e3dcd@group-C2BDBBDF155D:t303, leader=null, voted=c07977b7-c8ef-4f3c-80b1-66a07c6e3dcd, raftlog=c07977b7-c8ef-4f3c-80b1-66a07c6e3dcd@group-C2BDBBDF155D-SegmentedRaftLog:OPENED:c-1,f-1,i0, conf=-1: [d81605c5-54b3-45a8-b5ae-2e8d8890cbef:192.168.164.201:42755, 7f29c796-0732-402f-b865-67033766dcba:192.168.164.201:40704, c07977b7-c8ef-4f3c-80b1-66a07c6e3dcd:192.168.164.201:38664], old=null
2019-10-17 20:29:03,775 [c07977b7-c8ef-4f3c-80b1-66a07c6e3dcd@group-C2BDBBDF155D-LeaderElection300] INFO  impl.RaftServerImpl (RaftServerImpl.java:setRole(184)) - c07977b7-c8ef-4f3c-80b1-66a07c6e3dcd@group-C2BDBBDF155D: changes role from CANDIDATE to FOLLOWER at term 303 for DISCOVERED_A_NEW_TERM
2019-10-17 20:29:03,775 [c07977b7-c8ef-4f3c-80b1-66a07c6e3dcd@group-C2BDBBDF155D-LeaderElection300] INFO  impl.RoleInfo (RoleInfo.java:shutdownLeaderElection(134)) - c07977b7-c8ef-4f3c-80b1-66a07c6e3dcd: shutdown LeaderElection
2019-10-17 20:29:03,775 [c07977b7-c8ef-4f3c-80b1-66a07c6e3dcd@group-C2BDBBDF155D-LeaderElection300] INFO  impl.RoleInfo (RoleInfo.java:updateAndGet(143)) - c07977b7-c8ef-4f3c-80b1-66a07c6e3dcd: start FollowerState
2019-10-17 20:29:03,896 [Thread-2808] INFO  impl.FollowerState (FollowerState.java:run(108)) - c07977b7-c8ef-4f3c-80b1-66a07c6e3dcd@group-C2BDBBDF155D-FollowerState: change to CANDIDATE, lastRpcTime:120ms, electionTimeout:120ms
2019-10-17 20:29:03,896 [Thread-2808] INFO  impl.RoleInfo (RoleInfo.java:shutdownFollowerState(121)) - c07977b7-c8ef-4f3c-80b1-66a07c6e3dcd: shutdown FollowerState
2019-10-17 20:29:03,896 [Thread-2808] INFO  impl.RaftServerImpl (RaftServerImpl.java:setRole(184)) - c07977b7-c8ef-4f3c-80b1-66a07c6e3dcd@group-C2BDBBDF155D: changes role from  FOLLOWER to CANDIDATE at term 303 for changeToCandidate
2019-10-17 20:29:03,897 [Thread-2808] INFO  impl.RoleInfo (RoleInfo.java:updateAndGet(143)) - c07977b7-c8ef-4f3c-80b1-66a07c6e3dcd: start LeaderElection
2019-10-17 20:29:03,924 [c07977b7-c8ef-4f3c-80b1-66a07c6e3dcd@group-C2BDBBDF155D-LeaderElection301] INFO  impl.LeaderElection (LeaderElection.java:askForVotes(178)) - c07977b7-c8ef-4f3c-80b1-66a07c6e3dcd@group-C2BDBBDF155D-LeaderElection301: begin an election at term 304 for -1: [d81605c5-54b3-45a8-b5ae-2e8d8890cbef:192.168.164.201:42755, 7f29c796-0732-402f-b865-67033766dcba:192.168.164.201:40704, c07977b7-c8ef-4f3c-80b1-66a07c6e3dcd:192.168.164.201:38664], old=null
2019-10-17 20:29:03,927 [grpc-default-executor-2] INFO  impl.RaftServerImpl (RaftServerImpl.java:setRole(184)) - 7f29c796-0732-402f-b865-67033766dcba@group-C2BDBBDF155D: changes role from  FOLLOWER to FOLLOWER at term 304 for recognizeCandidate:c07977b7-c8ef-4f3c-80b1-66a07c6e3dcd
2019-10-17 20:29:03,927 [grpc-default-executor-2] INFO  impl.RoleInfo (RoleInfo.java:shutdownFollowerState(121)) - 7f29c796-0732-402f-b865-67033766dcba: shutdown FollowerState
2019-10-17 20:29:03,927 [grpc-default-executor-4] INFO  impl.RaftServerImpl (RaftServerImpl.java:setRole(184)) - d81605c5-54b3-45a8-b5ae-2e8d8890cbef@group-C2BDBBDF155D: changes role from  FOLLOWER to FOLLOWER at term 304 for recognizeCandidate:c07977b7-c8ef-4f3c-80b1-66a07c6e3dcd
2019-10-17 20:29:03,927 [Thread-2806] INFO  impl.FollowerState (FollowerState.java:run(117)) - 7f29c796-0732-402f-b865-67033766dcba@group-C2BDBBDF155D-FollowerState was interrupted: java.lang.InterruptedException: sleep interrupted
2019-10-17 20:29:03,927 [grpc-default-executor-2] INFO  impl.RoleInfo (RoleInfo.java:updateAndGet(143)) - 7f29c796-0732-402f-b865-67033766dcba: start FollowerState
2019-10-17 20:29:03,927 [grpc-default-executor-4] INFO  impl.RoleInfo (RoleInfo.java:shutdownFollowerState(121)) - d81605c5-54b3-45a8-b5ae-2e8d8890cbef: shutdown FollowerState
2019-10-17 20:29:03,928 [grpc-default-executor-4] INFO  impl.RoleInfo (RoleInfo.java:updateAndGet(143)) - d81605c5-54b3-45a8-b5ae-2e8d8890cbef: start FollowerState
2019-10-17 20:29:03,928 [Thread-2807] INFO  impl.FollowerState (FollowerState.java:run(117)) - d81605c5-54b3-45a8-b5ae-2e8d8890cbef@group-C2BDBBDF155D-FollowerState was interrupted: java.lang.InterruptedException: sleep interrupted
2019-10-17 20:29:03,951 [c07977b7-c8ef-4f3c-80b1-66a07c6e3dcd@group-C2BDBBDF155D-LeaderElection301] INFO  impl.LeaderElection (LeaderElection.java:logAndReturn(56)) - c07977b7-c8ef-4f3c-80b1-66a07c6e3dcd@group-C2BDBBDF155D-LeaderElection301: Election REJECTED; received 2 response(s) [c07977b7-c8ef-4f3c-80b1-66a07c6e3dcd<-d81605c5-54b3-45a8-b5ae-2e8d8890cbef#0:FAIL-t304, c07977b7-c8ef-4f3c-80b1-66a07c6e3dcd<-7f29c796-0732-402f-b865-67033766dcba#0:FAIL-t304] and 0 exception(s); c07977b7-c8ef-4f3c-80b1-66a07c6e3dcd@group-C2BDBBDF155D:t304, leader=null, voted=c07977b7-c8ef-4f3c-80b1-66a07c6e3dcd, raftlog=c07977b7-c8ef-4f3c-80b1-66a07c6e3dcd@group-C2BDBBDF155D-SegmentedRaftLog:OPENED:c-1,f-1,i0, conf=-1: [d81605c5-54b3-45a8-b5ae-2e8d8890cbef:192.168.164.201:42755, 7f29c796-0732-402f-b865-67033766dcba:192.168.164.201:40704, c07977b7-c8ef-4f3c-80b1-66a07c6e3dcd:192.168.164.201:38664], old=null
2019-10-17 20:29:03,951 [c07977b7-c8ef-4f3c-80b1-66a07c6e3dcd@group-C2BDBBDF155D-LeaderElection301] INFO  impl.RaftServerImpl (RaftServerImpl.java:setRole(184)) - c07977b7-c8ef-4f3c-80b1-66a07c6e3dcd@group-C2BDBBDF155D: changes role from CANDIDATE to FOLLOWER at term 304 for DISCOVERED_A_NEW_TERM
2019-10-17 20:29:03,951 [c07977b7-c8ef-4f3c-80b1-66a07c6e3dcd@group-C2BDBBDF155D-LeaderElection301] INFO  impl.RoleInfo (RoleInfo.java:shutdownLeaderElection(134)) - c07977b7-c8ef-4f3c-80b1-66a07c6e3dcd: shutdown LeaderElection
2019-10-17 20:29:03,951 [c07977b7-c8ef-4f3c-80b1-66a07c6e3dcd@group-C2BDBBDF155D-LeaderElection301] INFO  impl.RoleInfo (RoleInfo.java:updateAndGet(143)) - c07977b7-c8ef-4f3c-80b1-66a07c6e3dcd: start FollowerState
2019-10-17 20:29:04,031 [Thread-2814] INFO  impl.FollowerState (FollowerState.java:run(108)) - c07977b7-c8ef-4f3c-80b1-66a07c6e3dcd@group-C2BDBBDF155D-FollowerState: change to CANDIDATE, lastRpcTime:80ms, electionTimeout:80ms
2019-10-17 20:29:04,032 [Thread-2814] INFO  impl.RoleInfo (RoleInfo.java:shutdownFollowerState(121)) - c07977b7-c8ef-4f3c-80b1-66a07c6e3dcd: shutdown FollowerState
2019-10-17 20:29:04,032 [Thread-2814] INFO  impl.RaftServerImpl (RaftServerImpl.java:setRole(184)) - c07977b7-c8ef-4f3c-80b1-66a07c6e3dcd@group-C2BDBBDF155D: changes role from  FOLLOWER to CANDIDATE at term 304 for changeToCandidate
2019-10-17 20:29:04,032 [Thread-2814] INFO  impl.RoleInfo (RoleInfo.java:updateAndGet(143)) - c07977b7-c8ef-4f3c-80b1-66a07c6e3dcd: start LeaderElection
2019-10-17 20:29:04,059 [c07977b7-c8ef-4f3c-80b1-66a07c6e3dcd@group-C2BDBBDF155D-LeaderElection302] INFO  impl.LeaderElection (LeaderElection.java:askForVotes(178)) - c07977b7-c8ef-4f3c-80b1-66a07c6e3dcd@group-C2BDBBDF155D-LeaderElection302: begin an election at term 305 for -1: [d81605c5-54b3-45a8-b5ae-2e8d8890cbef:192.168.164.201:42755, 7f29c796-0732-402f-b865-67033766dcba:192.168.164.201:40704, c07977b7-c8ef-4f3c-80b1-66a07c6e3dcd:192.168.164.201:38664], old=null
2019-10-17 20:29:04,062 [grpc-default-executor-2] INFO  impl.RaftServerImpl (RaftServerImpl.java:setRole(184)) - 7f29c796-0732-402f-b865-67033766dcba@group-C2BDBBDF155D: changes role from  FOLLOWER to FOLLOWER at term 305 for recognizeCandidate:c07977b7-c8ef-4f3c-80b1-66a07c6e3dcd
2019-10-17 20:29:04,062 [grpc-default-executor-2] INFO  impl.RoleInfo (RoleInfo.java:shutdownFollowerState(121)) - 7f29c796-0732-402f-b865-67033766dcba: shutdown FollowerState
2019-10-17 20:29:04,062 [grpc-default-executor-4] INFO  impl.RaftServerImpl (RaftServerImpl.java:setRole(184)) - d81605c5-54b3-45a8-b5ae-2e8d8890cbef@group-C2BDBBDF155D: changes role from  FOLLOWER to FOLLOWER at term 305 for recognizeCandidate:c07977b7-c8ef-4f3c-80b1-66a07c6e3dcd
2019-10-17 20:29:04,063 [grpc-default-executor-4] INFO  impl.RoleInfo (RoleInfo.java:shutdownFollowerState(121)) - d81605c5-54b3-45a8-b5ae-2e8d8890cbef: shutdown FollowerState
2019-10-17 20:29:04,063 [grpc-default-executor-2] INFO  impl.RoleInfo (RoleInfo.java:updateAndGet(143)) - 7f29c796-0732-402f-b865-67033766dcba: start FollowerState
2019-10-17 20:29:04,063 [Thread-2812] INFO  impl.FollowerState (FollowerState.java:run(117)) - 7f29c796-0732-402f-b865-67033766dcba@group-C2BDBBDF155D-FollowerState was interrupted: java.lang.InterruptedException: sleep interrupted
2019-10-17 20:29:04,063 [Thread-2813] INFO  impl.FollowerState (FollowerState.java:run(117)) - d81605c5-54b3-45a8-b5ae-2e8d8890cbef@group-C2BDBBDF155D-FollowerState was interrupted: java.lang.InterruptedException: sleep interrupted
2019-10-17 20:29:04,063 [grpc-default-executor-4] INFO  impl.RoleInfo (RoleInfo.java:updateAndGet(143)) - d81605c5-54b3-45a8-b5ae-2e8d8890cbef: start FollowerState
2019-10-17 20:29:04,093 [c07977b7-c8ef-4f3c-80b1-66a07c6e3dcd@group-C2BDBBDF155D-LeaderElection302] INFO  impl.LeaderElection (LeaderElection.java:logAndReturn(56)) - c07977b7-c8ef-4f3c-80b1-66a07c6e3dcd@group-C2BDBBDF155D-LeaderElection302: Election REJECTED; received 2 response(s) [c07977b7-c8ef-4f3c-80b1-66a07c6e3dcd<-d81605c5-54b3-45a8-b5ae-2e8d8890cbef#0:FAIL-t305, c07977b7-c8ef-4f3c-80b1-66a07c6e3dcd<-7f29c796-0732-402f-b865-67033766dcba#0:FAIL-t305] and 0 exception(s); c07977b7-c8ef-4f3c-80b1-66a07c6e3dcd@group-C2BDBBDF155D:t305, leader=null, voted=c07977b7-c8ef-4f3c-80b1-66a07c6e3dcd, raftlog=c07977b7-c8ef-4f3c-80b1-66a07c6e3dcd@group-C2BDBBDF155D-SegmentedRaftLog:OPENED:c-1,f-1,i0, conf=-1: [d81605c5-54b3-45a8-b5ae-2e8d8890cbef:192.168.164.201:42755, 7f29c796-0732-402f-b865-67033766dcba:192.168.164.201:40704, c07977b7-c8ef-4f3c-80b1-66a07c6e3dcd:192.168.164.201:38664], old=null
2019-10-17 20:29:04,094 [c07977b7-c8ef-4f3c-80b1-66a07c6e3dcd@group-C2BDBBDF155D-LeaderElection302] INFO  impl.RaftServerImpl (RaftServerImpl.java:setRole(184)) - c07977b7-c8ef-4f3c-80b1-66a07c6e3dcd@group-C2BDBBDF155D: changes role from CANDIDATE to FOLLOWER at term 305 for DISCOVERED_A_NEW_TERM
2019-10-17 20:29:04,094 [c07977b7-c8ef-4f3c-80b1-66a07c6e3dcd@group-C2BDBBDF155D-LeaderElection302] INFO  impl.RoleInfo (RoleInfo.java:shutdownLeaderElection(134)) - c07977b7-c8ef-4f3c-80b1-66a07c6e3dcd: shutdown LeaderElection
2019-10-17 20:29:04,094 [c07977b7-c8ef-4f3c-80b1-66a07c6e3dcd@group-C2BDBBDF155D-LeaderElection302] INFO  impl.RoleInfo (RoleInfo.java:updateAndGet(143)) - c07977b7-c8ef-4f3c-80b1-66a07c6e3dcd: start FollowerState
2019-10-17 20:29:04,281 [Thread-2820] INFO  impl.FollowerState (FollowerState.java:run(108)) - c07977b7-c8ef-4f3c-80b1-66a07c6e3dcd@group-C2BDBBDF155D-FollowerState: change to CANDIDATE, lastRpcTime:187ms, electionTimeout:187ms
2019-10-17 20:29:04,281 [Thread-2820] INFO  impl.RoleInfo (RoleInfo.java:shutdownFollowerState(121)) - c07977b7-c8ef-4f3c-80b1-66a07c6e3dcd: shutdown FollowerState
2019-10-17 20:29:04,282 [Thread-2820] INFO  impl.RaftServerImpl (RaftServerImpl.java:setRole(184)) - c07977b7-c8ef-4f3c-80b1-66a07c6e3dcd@group-C2BDBBDF155D: changes role from  FOLLOWER to CANDIDATE at term 305 for changeToCandidate
2019-10-17 20:29:04,282 [Thread-2820] INFO  impl.RoleInfo (RoleInfo.java:updateAndGet(143)) - c07977b7-c8ef-4f3c-80b1-66a07c6e3dcd: start LeaderElection
2019-10-17 20:29:04,309 [c07977b7-c8ef-4f3c-80b1-66a07c6e3dcd@group-C2BDBBDF155D-LeaderElection303] INFO  impl.LeaderElection (LeaderElection.java:askForVotes(178)) - c07977b7-c8ef-4f3c-80b1-66a07c6e3dcd@group-C2BDBBDF155D-LeaderElection303: begin an election at term 306 for -1: [d81605c5-54b3-45a8-b5ae-2e8d8890cbef:192.168.164.201:42755, 7f29c796-0732-402f-b865-67033766dcba:192.168.164.201:40704, c07977b7-c8ef-4f3c-80b1-66a07c6e3dcd:192.168.164.201:38664], old=null
2019-10-17 20:29:04,312 [grpc-default-executor-2] INFO  impl.RaftServerImpl (RaftServerImpl.java:setRole(184)) - 7f29c796-0732-402f-b865-67033766dcba@group-C2BDBBDF155D: changes role from  FOLLOWER to FOLLOWER at term 306 for recognizeCandidate:c07977b7-c8ef-4f3c-80b1-66a07c6e3dcd
2019-10-17 20:29:04,312 [grpc-default-executor-2] INFO  impl.RoleInfo (RoleInfo.java:shutdownFollowerState(121)) - 7f29c796-0732-402f-b865-67033766dcba: shutdown FollowerState
2019-10-17 20:29:04,312 [grpc-default-executor-4] INFO  impl.RaftServerImpl (RaftServerImpl.java:setRole(184)) - d81605c5-54b3-45a8-b5ae-2e8d8890cbef@group-C2BDBBDF155D: changes role from  FOLLOWER to FOLLOWER at term 306 for recognizeCandidate:c07977b7-c8ef-4f3c-80b1-66a07c6e3dcd
2019-10-17 20:29:04,312 [Thread-2818] INFO  impl.FollowerState (FollowerState.java:run(117)) - 7f29c796-0732-402f-b865-67033766dcba@group-C2BDBBDF155D-FollowerState was interrupted: java.lang.InterruptedException: sleep interrupted
2019-10-17 20:29:04,312 [grpc-default-executor-2] INFO  impl.RoleInfo (RoleInfo.java:updateAndGet(143)) - 7f29c796-0732-402f-b865-67033766dcba: start FollowerState
2019-10-17 20:29:04,312 [grpc-default-executor-4] INFO  impl.RoleInfo (RoleInfo.java:shutdownFollowerState(121)) - d81605c5-54b3-45a8-b5ae-2e8d8890cbef: shutdown FollowerState
2019-10-17 20:29:04,313 [grpc-default-executor-4] INFO  impl.RoleInfo (RoleInfo.java:updateAndGet(143)) - d81605c5-54b3-45a8-b5ae-2e8d8890cbef: start FollowerState
2019-10-17 20:29:04,313 [Thread-2819] INFO  impl.FollowerState (FollowerState.java:run(117)) - d81605c5-54b3-45a8-b5ae-2e8d8890cbef@group-C2BDBBDF155D-FollowerState was interrupted: java.lang.InterruptedException: sleep interrupted
2019-10-17 20:29:04,335 [c07977b7-c8ef-4f3c-80b1-66a07c6e3dcd@group-C2BDBBDF155D-LeaderElection303] INFO  impl.LeaderElection (LeaderElection.java:logAndReturn(56)) - c07977b7-c8ef-4f3c-80b1-66a07c6e3dcd@group-C2BDBBDF155D-LeaderElection303: Election REJECTED; received 2 response(s) [c07977b7-c8ef-4f3c-80b1-66a07c6e3dcd<-d81605c5-54b3-45a8-b5ae-2e8d8890cbef#0:FAIL-t306, c07977b7-c8ef-4f3c-80b1-66a07c6e3dcd<-7f29c796-0732-402f-b865-67033766dcba#0:FAIL-t306] and 0 exception(s); c07977b7-c8ef-4f3c-80b1-66a07c6e3dcd@group-C2BDBBDF155D:t306, leader=null, voted=c07977b7-c8ef-4f3c-80b1-66a07c6e3dcd, raftlog=c07977b7-c8ef-4f3c-80b1-66a07c6e3dcd@group-C2BDBBDF155D-SegmentedRaftLog:OPENED:c-1,f-1,i0, conf=-1: [d81605c5-54b3-45a8-b5ae-2e8d8890cbef:192.168.164.201:42755, 7f29c796-0732-402f-b865-67033766dcba:192.168.164.201:40704, c07977b7-c8ef-4f3c-80b1-66a07c6e3dcd:192.168.164.201:38664], old=null
2019-10-17 20:29:04,335 [c07977b7-c8ef-4f3c-80b1-66a07c6e3dcd@group-C2BDBBDF155D-LeaderElection303] INFO  impl.RaftServerImpl (RaftServerImpl.java:setRole(184)) - c07977b7-c8ef-4f3c-80b1-66a07c6e3dcd@group-C2BDBBDF155D: changes role from CANDIDATE to FOLLOWER at term 306 for DISCOVERED_A_NEW_TERM
2019-10-17 20:29:04,335 [c07977b7-c8ef-4f3c-80b1-66a07c6e3dcd@group-C2BDBBDF155D-LeaderElection303] INFO  impl.RoleInfo (RoleInfo.java:shutdownLeaderElection(134)) - c07977b7-c8ef-4f3c-80b1-66a07c6e3dcd: shutdown LeaderElection
2019-10-17 20:29:04,335 [c07977b7-c8ef-4f3c-80b1-66a07c6e3dcd@group-C2BDBBDF155D-LeaderElection303] INFO  impl.RoleInfo (RoleInfo.java:updateAndGet(143)) - c07977b7-c8ef-4f3c-80b1-66a07c6e3dcd: start FollowerState
2019-10-17 20:29:04,487 [Thread-2826] INFO  impl.FollowerState (FollowerState.java:run(108)) - c07977b7-c8ef-4f3c-80b1-66a07c6e3dcd@group-C2BDBBDF155D-FollowerState: change to CANDIDATE, lastRpcTime:151ms, electionTimeout:151ms
2019-10-17 20:29:04,487 [Thread-2826] INFO  impl.RoleInfo (RoleInfo.java:shutdownFollowerState(121)) - c07977b7-c8ef-4f3c-80b1-66a07c6e3dcd: shutdown FollowerState
2019-10-17 20:29:04,487 [Thread-2826] INFO  impl.RaftServerImpl (RaftServerImpl.java:setRole(184)) - c07977b7-c8ef-4f3c-80b1-66a07c6e3dcd@group-C2BDBBDF155D: changes role from  FOLLOWER to CANDIDATE at term 306 for changeToCandidate
2019-10-17 20:29:04,487 [Thread-2826] INFO  impl.RoleInfo (RoleInfo.java:updateAndGet(143)) - c07977b7-c8ef-4f3c-80b1-66a07c6e3dcd: start LeaderElection
2019-10-17 20:29:04,518 [c07977b7-c8ef-4f3c-80b1-66a07c6e3dcd@group-C2BDBBDF155D-LeaderElection304] INFO  impl.LeaderElection (LeaderElection.java:askForVotes(178)) - c07977b7-c8ef-4f3c-80b1-66a07c6e3dcd@group-C2BDBBDF155D-LeaderElection304: begin an election at term 307 for -1: [d81605c5-54b3-45a8-b5ae-2e8d8890cbef:192.168.164.201:42755, 7f29c796-0732-402f-b865-67033766dcba:192.168.164.201:40704, c07977b7-c8ef-4f3c-80b1-66a07c6e3dcd:192.168.164.201:38664], old=null
2019-10-17 20:29:04,520 [grpc-default-executor-4] INFO  impl.RaftServerImpl (RaftServerImpl.java:setRole(184)) - 7f29c796-0732-402f-b865-67033766dcba@group-C2BDBBDF155D: changes role from  FOLLOWER to FOLLOWER at term 307 for recognizeCandidate:c07977b7-c8ef-4f3c-80b1-66a07c6e3dcd
2019-10-17 20:29:04,521 [grpc-default-executor-2] INFO  impl.RaftServerImpl (RaftServerImpl.java:setRole(184)) - d81605c5-54b3-45a8-b5ae-2e8d8890cbef@group-C2BDBBDF155D: changes role from  FOLLOWER to FOLLOWER at term 307 for recognizeCandidate:c07977b7-c8ef-4f3c-80b1-66a07c6e3dcd
2019-10-17 20:29:04,521 [grpc-default-executor-4] INFO  impl.RoleInfo (RoleInfo.java:shutdownFollowerState(121)) - 7f29c796-0732-402f-b865-67033766dcba: shutdown FollowerState
2019-10-17 20:29:04,521 [grpc-default-executor-2] INFO  impl.RoleInfo (RoleInfo.java:shutdownFollowerState(121)) - d81605c5-54b3-45a8-b5ae-2e8d8890cbef: shutdown FollowerState
2019-10-17 20:29:04,521 [Thread-2824] INFO  impl.FollowerState (FollowerState.java:run(117)) - 7f29c796-0732-402f-b865-67033766dcba@group-C2BDBBDF155D-FollowerState was interrupted: java.lang.InterruptedException: sleep interrupted
2019-10-17 20:29:04,521 [grpc-default-executor-4] INFO  impl.RoleInfo (RoleInfo.java:updateAndGet(143)) - 7f29c796-0732-402f-b865-67033766dcba: start FollowerState
2019-10-17 20:29:04,521 [Thread-2825] INFO  impl.FollowerState (FollowerState.java:run(117)) - d81605c5-54b3-45a8-b5ae-2e8d8890cbef@group-C2BDBBDF155D-FollowerState was interrupted: java.lang.InterruptedException: sleep interrupted
2019-10-17 20:29:04,521 [grpc-default-executor-2] INFO  impl.RoleInfo (RoleInfo.java:updateAndGet(143)) - d81605c5-54b3-45a8-b5ae-2e8d8890cbef: start FollowerState
2019-10-17 20:29:04,544 [c07977b7-c8ef-4f3c-80b1-66a07c6e3dcd@group-C2BDBBDF155D-LeaderElection304] INFO  impl.LeaderElection (LeaderElection.java:logAndReturn(56)) - c07977b7-c8ef-4f3c-80b1-66a07c6e3dcd@group-C2BDBBDF155D-LeaderElection304: Election REJECTED; received 2 response(s) [c07977b7-c8ef-4f3c-80b1-66a07c6e3dcd<-d81605c5-54b3-45a8-b5ae-2e8d8890cbef#0:FAIL-t307, c07977b7-c8ef-4f3c-80b1-66a07c6e3dcd<-7f29c796-0732-402f-b865-67033766dcba#0:FAIL-t307] and 0 exception(s); c07977b7-c8ef-4f3c-80b1-66a07c6e3dcd@group-C2BDBBDF155D:t307, leader=null, voted=c07977b7-c8ef-4f3c-80b1-66a07c6e3dcd, raftlog=c07977b7-c8ef-4f3c-80b1-66a07c6e3dcd@group-C2BDBBDF155D-SegmentedRaftLog:OPENED:c-1,f-1,i0, conf=-1: [d81605c5-54b3-45a8-b5ae-2e8d8890cbef:192.168.164.201:42755, 7f29c796-0732-402f-b865-67033766dcba:192.168.164.201:40704, c07977b7-c8ef-4f3c-80b1-66a07c6e3dcd:192.168.164.201:38664], old=null
2019-10-17 20:29:04,544 [c07977b7-c8ef-4f3c-80b1-66a07c6e3dcd@group-C2BDBBDF155D-LeaderElection304] INFO  impl.RaftServerImpl (RaftServerImpl.java:setRole(184)) - c07977b7-c8ef-4f3c-80b1-66a07c6e3dcd@group-C2BDBBDF155D: changes role from CANDIDATE to FOLLOWER at term 307 for DISCOVERED_A_NEW_TERM
2019-10-17 20:29:04,545 [c07977b7-c8ef-4f3c-80b1-66a07c6e3dcd@group-C2BDBBDF155D-LeaderElection304] INFO  impl.RoleInfo (RoleInfo.java:shutdownLeaderElection(134)) - c07977b7-c8ef-4f3c-80b1-66a07c6e3dcd: shutdown LeaderElection
2019-10-17 20:29:04,545 [c07977b7-c8ef-4f3c-80b1-66a07c6e3dcd@group-C2BDBBDF155D-LeaderElection304] INFO  impl.RoleInfo (RoleInfo.java:updateAndGet(143)) - c07977b7-c8ef-4f3c-80b1-66a07c6e3dcd: start FollowerState
2019-10-17 20:29:04,549 [Thread-754] INFO  ozone.MiniOzoneClusterImpl (MiniOzoneClusterImpl.java:lambda$waitForClusterToBeReady$2(164)) - Waiting for 1 number of pipelines out of 4, to report a leader.
2019-10-17 20:29:04,719 [Thread-2832] INFO  impl.FollowerState (FollowerState.java:run(108)) - c07977b7-c8ef-4f3c-80b1-66a07c6e3dcd@group-C2BDBBDF155D-FollowerState: change to CANDIDATE, lastRpcTime:174ms, electionTimeout:174ms
2019-10-17 20:29:04,719 [Thread-2832] INFO  impl.RoleInfo (RoleInfo.java:shutdownFollowerState(121)) - c07977b7-c8ef-4f3c-80b1-66a07c6e3dcd: shutdown FollowerState
2019-10-17 20:29:04,719 [Thread-2832] INFO  impl.RaftServerImpl (RaftServerImpl.java:setRole(184)) - c07977b7-c8ef-4f3c-80b1-66a07c6e3dcd@group-C2BDBBDF155D: changes role from  FOLLOWER to CANDIDATE at term 307 for changeToCandidate
2019-10-17 20:29:04,720 [Thread-2832] INFO  impl.RoleInfo (RoleInfo.java:updateAndGet(143)) - c07977b7-c8ef-4f3c-80b1-66a07c6e3dcd: start LeaderElection
2019-10-17 20:29:04,744 [c07977b7-c8ef-4f3c-80b1-66a07c6e3dcd@group-C2BDBBDF155D-LeaderElection305] INFO  impl.LeaderElection (LeaderElection.java:askForVotes(178)) - c07977b7-c8ef-4f3c-80b1-66a07c6e3dcd@group-C2BDBBDF155D-LeaderElection305: begin an election at term 308 for -1: [d81605c5-54b3-45a8-b5ae-2e8d8890cbef:192.168.164.201:42755, 7f29c796-0732-402f-b865-67033766dcba:192.168.164.201:40704, c07977b7-c8ef-4f3c-80b1-66a07c6e3dcd:192.168.164.201:38664], old=null
2019-10-17 20:29:04,747 [grpc-default-executor-2] INFO  impl.RaftServerImpl (RaftServerImpl.java:setRole(184)) - d81605c5-54b3-45a8-b5ae-2e8d8890cbef@group-C2BDBBDF155D: changes role from  FOLLOWER to FOLLOWER at term 308 for recognizeCandidate:c07977b7-c8ef-4f3c-80b1-66a07c6e3dcd
2019-10-17 20:29:04,747 [grpc-default-executor-2] INFO  impl.RoleInfo (RoleInfo.java:shutdownFollowerState(121)) - d81605c5-54b3-45a8-b5ae-2e8d8890cbef: shutdown FollowerState
2019-10-17 20:29:04,747 [grpc-default-executor-4] INFO  impl.RaftServerImpl (RaftServerImpl.java:setRole(184)) - 7f29c796-0732-402f-b865-67033766dcba@group-C2BDBBDF155D: changes role from  FOLLOWER to FOLLOWER at term 308 for recognizeCandidate:c07977b7-c8ef-4f3c-80b1-66a07c6e3dcd
2019-10-17 20:29:04,747 [grpc-default-executor-4] INFO  impl.RoleInfo (RoleInfo.java:shutdownFollowerState(121)) - 7f29c796-0732-402f-b865-67033766dcba: shutdown FollowerState
2019-10-17 20:29:04,747 [Thread-2831] INFO  impl.FollowerState (FollowerState.java:run(117)) - d81605c5-54b3-45a8-b5ae-2e8d8890cbef@group-C2BDBBDF155D-FollowerState was interrupted: java.lang.InterruptedException: sleep interrupted
2019-10-17 20:29:04,747 [grpc-default-executor-2] INFO  impl.RoleInfo (RoleInfo.java:updateAndGet(143)) - d81605c5-54b3-45a8-b5ae-2e8d8890cbef: start FollowerState
2019-10-17 20:29:04,748 [Thread-2830] INFO  impl.FollowerState (FollowerState.java:run(117)) - 7f29c796-0732-402f-b865-67033766dcba@group-C2BDBBDF155D-FollowerState was interrupted: java.lang.InterruptedException: sleep interrupted
2019-10-17 20:29:04,748 [grpc-default-executor-4] INFO  impl.RoleInfo (RoleInfo.java:updateAndGet(143)) - 7f29c796-0732-402f-b865-67033766dcba: start FollowerState
2019-10-17 20:29:04,771 [c07977b7-c8ef-4f3c-80b1-66a07c6e3dcd@group-C2BDBBDF155D-LeaderElection305] INFO  impl.LeaderElection (LeaderElection.java:logAndReturn(56)) - c07977b7-c8ef-4f3c-80b1-66a07c6e3dcd@group-C2BDBBDF155D-LeaderElection305: Election REJECTED; received 2 response(s) [c07977b7-c8ef-4f3c-80b1-66a07c6e3dcd<-d81605c5-54b3-45a8-b5ae-2e8d8890cbef#0:FAIL-t308, c07977b7-c8ef-4f3c-80b1-66a07c6e3dcd<-7f29c796-0732-402f-b865-67033766dcba#0:FAIL-t308] and 0 exception(s); c07977b7-c8ef-4f3c-80b1-66a07c6e3dcd@group-C2BDBBDF155D:t308, leader=null, voted=c07977b7-c8ef-4f3c-80b1-66a07c6e3dcd, raftlog=c07977b7-c8ef-4f3c-80b1-66a07c6e3dcd@group-C2BDBBDF155D-SegmentedRaftLog:OPENED:c-1,f-1,i0, conf=-1: [d81605c5-54b3-45a8-b5ae-2e8d8890cbef:192.168.164.201:42755, 7f29c796-0732-402f-b865-67033766dcba:192.168.164.201:40704, c07977b7-c8ef-4f3c-80b1-66a07c6e3dcd:192.168.164.201:38664], old=null
2019-10-17 20:29:04,772 [c07977b7-c8ef-4f3c-80b1-66a07c6e3dcd@group-C2BDBBDF155D-LeaderElection305] INFO  impl.RaftServerImpl (RaftServerImpl.java:setRole(184)) - c07977b7-c8ef-4f3c-80b1-66a07c6e3dcd@group-C2BDBBDF155D: changes role from CANDIDATE to FOLLOWER at term 308 for DISCOVERED_A_NEW_TERM
2019-10-17 20:29:04,772 [c07977b7-c8ef-4f3c-80b1-66a07c6e3dcd@group-C2BDBBDF155D-LeaderElection305] INFO  impl.RoleInfo (RoleInfo.java:shutdownLeaderElection(134)) - c07977b7-c8ef-4f3c-80b1-66a07c6e3dcd: shutdown LeaderElection
2019-10-17 20:29:04,772 [c07977b7-c8ef-4f3c-80b1-66a07c6e3dcd@group-C2BDBBDF155D-LeaderElection305] INFO  impl.RoleInfo (RoleInfo.java:updateAndGet(143)) - c07977b7-c8ef-4f3c-80b1-66a07c6e3dcd: start FollowerState
2019-10-17 20:29:04,784 [Thread-2838] INFO  impl.FollowerState (FollowerState.java:run(108)) - c07977b7-c8ef-4f3c-80b1-66a07c6e3dcd@group-C2BDBBDF155D-FollowerState: change to CANDIDATE, lastRpcTime:12ms, electionTimeout:12ms
2019-10-17 20:29:04,784 [Thread-2838] INFO  impl.RoleInfo (RoleInfo.java:shutdownFollowerState(121)) - c07977b7-c8ef-4f3c-80b1-66a07c6e3dcd: shutdown FollowerState
2019-10-17 20:29:04,785 [Thread-2838] INFO  impl.RaftServerImpl (RaftServerImpl.java:setRole(184)) - c07977b7-c8ef-4f3c-80b1-66a07c6e3dcd@group-C2BDBBDF155D: changes role from  FOLLOWER to CANDIDATE at term 308 for changeToCandidate
2019-10-17 20:29:04,785 [Thread-2838] INFO  impl.RoleInfo (RoleInfo.java:updateAndGet(143)) - c07977b7-c8ef-4f3c-80b1-66a07c6e3dcd: start LeaderElection
2019-10-17 20:29:04,812 [c07977b7-c8ef-4f3c-80b1-66a07c6e3dcd@group-C2BDBBDF155D-LeaderElection306] INFO  impl.LeaderElection (LeaderElection.java:askForVotes(178)) - c07977b7-c8ef-4f3c-80b1-66a07c6e3dcd@group-C2BDBBDF155D-LeaderElection306: begin an election at term 309 for -1: [d81605c5-54b3-45a8-b5ae-2e8d8890cbef:192.168.164.201:42755, 7f29c796-0732-402f-b865-67033766dcba:192.168.164.201:40704, c07977b7-c8ef-4f3c-80b1-66a07c6e3dcd:192.168.164.201:38664], old=null
2019-10-17 20:29:04,815 [grpc-default-executor-4] INFO  impl.RaftServerImpl (RaftServerImpl.java:setRole(184)) - d81605c5-54b3-45a8-b5ae-2e8d8890cbef@group-C2BDBBDF155D: changes role from  FOLLOWER to FOLLOWER at term 309 for recognizeCandidate:c07977b7-c8ef-4f3c-80b1-66a07c6e3dcd
2019-10-17 20:29:04,815 [grpc-default-executor-4] INFO  impl.RoleInfo (RoleInfo.java:shutdownFollowerState(121)) - d81605c5-54b3-45a8-b5ae-2e8d8890cbef: shutdown FollowerState
2019-10-17 20:29:04,815 [grpc-default-executor-2] INFO  impl.RaftServerImpl (RaftServerImpl.java:setRole(184)) - 7f29c796-0732-402f-b865-67033766dcba@group-C2BDBBDF155D: changes role from  FOLLOWER to FOLLOWER at term 309 for recognizeCandidate:c07977b7-c8ef-4f3c-80b1-66a07c6e3dcd
2019-10-17 20:29:04,815 [grpc-default-executor-2] INFO  impl.RoleInfo (RoleInfo.java:shutdownFollowerState(121)) - 7f29c796-0732-402f-b865-67033766dcba: shutdown FollowerState
2019-10-17 20:29:04,815 [Thread-2836] INFO  impl.FollowerState (FollowerState.java:run(117)) - d81605c5-54b3-45a8-b5ae-2e8d8890cbef@group-C2BDBBDF155D-FollowerState was interrupted: java.lang.InterruptedException: sleep interrupted
2019-10-17 20:29:04,815 [grpc-default-executor-4] INFO  impl.RoleInfo (RoleInfo.java:updateAndGet(143)) - d81605c5-54b3-45a8-b5ae-2e8d8890cbef: start FollowerState
2019-10-17 20:29:04,815 [Thread-2837] INFO  impl.FollowerState (FollowerState.java:run(117)) - 7f29c796-0732-402f-b865-67033766dcba@group-C2BDBBDF155D-FollowerState was interrupted: java.lang.InterruptedException: sleep interrupted
2019-10-17 20:29:04,815 [grpc-default-executor-2] INFO  impl.RoleInfo (RoleInfo.java:updateAndGet(143)) - 7f29c796-0732-402f-b865-67033766dcba: start FollowerState
2019-10-17 20:29:04,839 [c07977b7-c8ef-4f3c-80b1-66a07c6e3dcd@group-C2BDBBDF155D-LeaderElection306] INFO  impl.LeaderElection (LeaderElection.java:logAndReturn(56)) - c07977b7-c8ef-4f3c-80b1-66a07c6e3dcd@group-C2BDBBDF155D-LeaderElection306: Election REJECTED; received 2 response(s) [c07977b7-c8ef-4f3c-80b1-66a07c6e3dcd<-d81605c5-54b3-45a8-b5ae-2e8d8890cbef#0:FAIL-t309, c07977b7-c8ef-4f3c-80b1-66a07c6e3dcd<-7f29c796-0732-402f-b865-67033766dcba#0:FAIL-t309] and 0 exception(s); c07977b7-c8ef-4f3c-80b1-66a07c6e3dcd@group-C2BDBBDF155D:t309, leader=null, voted=c07977b7-c8ef-4f3c-80b1-66a07c6e3dcd, raftlog=c07977b7-c8ef-4f3c-80b1-66a07c6e3dcd@group-C2BDBBDF155D-SegmentedRaftLog:OPENED:c-1,f-1,i0, conf=-1: [d81605c5-54b3-45a8-b5ae-2e8d8890cbef:192.168.164.201:42755, 7f29c796-0732-402f-b865-67033766dcba:192.168.164.201:40704, c07977b7-c8ef-4f3c-80b1-66a07c6e3dcd:192.168.164.201:38664], old=null
2019-10-17 20:29:04,839 [c07977b7-c8ef-4f3c-80b1-66a07c6e3dcd@group-C2BDBBDF155D-LeaderElection306] INFO  impl.RaftServerImpl (RaftServerImpl.java:setRole(184)) - c07977b7-c8ef-4f3c-80b1-66a07c6e3dcd@group-C2BDBBDF155D: changes role from CANDIDATE to FOLLOWER at term 309 for DISCOVERED_A_NEW_TERM
2019-10-17 20:29:04,839 [c07977b7-c8ef-4f3c-80b1-66a07c6e3dcd@group-C2BDBBDF155D-LeaderElection306] INFO  impl.RoleInfo (RoleInfo.java:shutdownLeaderElection(134)) - c07977b7-c8ef-4f3c-80b1-66a07c6e3dcd: shutdown LeaderElection
2019-10-17 20:29:04,839 [c07977b7-c8ef-4f3c-80b1-66a07c6e3dcd@group-C2BDBBDF155D-LeaderElection306] INFO  impl.RoleInfo (RoleInfo.java:updateAndGet(143)) - c07977b7-c8ef-4f3c-80b1-66a07c6e3dcd: start FollowerState
2019-10-17 20:29:04,844 [Thread-2844] INFO  impl.FollowerState (FollowerState.java:run(108)) - c07977b7-c8ef-4f3c-80b1-66a07c6e3dcd@group-C2BDBBDF155D-FollowerState: change to CANDIDATE, lastRpcTime:4ms, electionTimeout:4ms
2019-10-17 20:29:04,844 [Thread-2844] INFO  impl.RoleInfo (RoleInfo.java:shutdownFollowerState(121)) - c07977b7-c8ef-4f3c-80b1-66a07c6e3dcd: shutdown FollowerState
2019-10-17 20:29:04,844 [Thread-2844] INFO  impl.RaftServerImpl (RaftServerImpl.java:setRole(184)) - c07977b7-c8ef-4f3c-80b1-66a07c6e3dcd@group-C2BDBBDF155D: changes role from  FOLLOWER to CANDIDATE at term 309 for changeToCandidate
2019-10-17 20:29:04,844 [Thread-2844] INFO  impl.RoleInfo (RoleInfo.java:updateAndGet(143)) - c07977b7-c8ef-4f3c-80b1-66a07c6e3dcd: start LeaderElection
2019-10-17 20:29:04,871 [c07977b7-c8ef-4f3c-80b1-66a07c6e3dcd@group-C2BDBBDF155D-LeaderElection307] INFO  impl.LeaderElection (LeaderElection.java:askForVotes(178)) - c07977b7-c8ef-4f3c-80b1-66a07c6e3dcd@group-C2BDBBDF155D-LeaderElection307: begin an election at term 310 for -1: [d81605c5-54b3-45a8-b5ae-2e8d8890cbef:192.168.164.201:42755, 7f29c796-0732-402f-b865-67033766dcba:192.168.164.201:40704, c07977b7-c8ef-4f3c-80b1-66a07c6e3dcd:192.168.164.201:38664], old=null
2019-10-17 20:29:04,874 [grpc-default-executor-4] INFO  impl.RaftServerImpl (RaftServerImpl.java:setRole(184)) - d81605c5-54b3-45a8-b5ae-2e8d8890cbef@group-C2BDBBDF155D: changes role from  FOLLOWER to FOLLOWER at term 310 for recognizeCandidate:c07977b7-c8ef-4f3c-80b1-66a07c6e3dcd
2019-10-17 20:29:04,874 [grpc-default-executor-4] INFO  impl.RoleInfo (RoleInfo.java:shutdownFollowerState(121)) - d81605c5-54b3-45a8-b5ae-2e8d8890cbef: shutdown FollowerState
2019-10-17 20:29:04,874 [grpc-default-executor-2] INFO  impl.RaftServerImpl (RaftServerImpl.java:setRole(184)) - 7f29c796-0732-402f-b865-67033766dcba@group-C2BDBBDF155D: changes role from  FOLLOWER to FOLLOWER at term 310 for recognizeCandidate:c07977b7-c8ef-4f3c-80b1-66a07c6e3dcd
2019-10-17 20:29:04,874 [grpc-default-executor-2] INFO  impl.RoleInfo (RoleInfo.java:shutdownFollowerState(121)) - 7f29c796-0732-402f-b865-67033766dcba: shutdown FollowerState
2019-10-17 20:29:04,874 [Thread-2842] INFO  impl.FollowerState (FollowerState.java:run(117)) - d81605c5-54b3-45a8-b5ae-2e8d8890cbef@group-C2BDBBDF155D-FollowerState was interrupted: java.lang.InterruptedException: sleep interrupted
2019-10-17 20:29:04,874 [grpc-default-executor-4] INFO  impl.RoleInfo (RoleInfo.java:updateAndGet(143)) - d81605c5-54b3-45a8-b5ae-2e8d8890cbef: start FollowerState
2019-10-17 20:29:04,875 [Thread-2843] INFO  impl.FollowerState (FollowerState.java:run(117)) - 7f29c796-0732-402f-b865-67033766dcba@group-C2BDBBDF155D-FollowerState was interrupted: java.lang.InterruptedException: sleep interrupted
2019-10-17 20:29:04,874 [grpc-default-executor-2] INFO  impl.RoleInfo (RoleInfo.java:updateAndGet(143)) - 7f29c796-0732-402f-b865-67033766dcba: start FollowerState
2019-10-17 20:29:04,898 [c07977b7-c8ef-4f3c-80b1-66a07c6e3dcd@group-C2BDBBDF155D-LeaderElection307] INFO  impl.LeaderElection (LeaderElection.java:logAndReturn(56)) - c07977b7-c8ef-4f3c-80b1-66a07c6e3dcd@group-C2BDBBDF155D-LeaderElection307: Election REJECTED; received 2 response(s) [c07977b7-c8ef-4f3c-80b1-66a07c6e3dcd<-d81605c5-54b3-45a8-b5ae-2e8d8890cbef#0:FAIL-t310, c07977b7-c8ef-4f3c-80b1-66a07c6e3dcd<-7f29c796-0732-402f-b865-67033766dcba#0:FAIL-t310] and 0 exception(s); c07977b7-c8ef-4f3c-80b1-66a07c6e3dcd@group-C2BDBBDF155D:t310, leader=null, voted=c07977b7-c8ef-4f3c-80b1-66a07c6e3dcd, raftlog=c07977b7-c8ef-4f3c-80b1-66a07c6e3dcd@group-C2BDBBDF155D-SegmentedRaftLog:OPENED:c-1,f-1,i0, conf=-1: [d81605c5-54b3-45a8-b5ae-2e8d8890cbef:192.168.164.201:42755, 7f29c796-0732-402f-b865-67033766dcba:192.168.164.201:40704, c07977b7-c8ef-4f3c-80b1-66a07c6e3dcd:192.168.164.201:38664], old=null
2019-10-17 20:29:04,898 [c07977b7-c8ef-4f3c-80b1-66a07c6e3dcd@group-C2BDBBDF155D-LeaderElection307] INFO  impl.RaftServerImpl (RaftServerImpl.java:setRole(184)) - c07977b7-c8ef-4f3c-80b1-66a07c6e3dcd@group-C2BDBBDF155D: changes role from CANDIDATE to FOLLOWER at term 310 for DISCOVERED_A_NEW_TERM
2019-10-17 20:29:04,898 [c07977b7-c8ef-4f3c-80b1-66a07c6e3dcd@group-C2BDBBDF155D-LeaderElection307] INFO  impl.RoleInfo (RoleInfo.java:shutdownLeaderElection(134)) - c07977b7-c8ef-4f3c-80b1-66a07c6e3dcd: shutdown LeaderElection
2019-10-17 20:29:04,898 [c07977b7-c8ef-4f3c-80b1-66a07c6e3dcd@group-C2BDBBDF155D-LeaderElection307] INFO  impl.RoleInfo (RoleInfo.java:updateAndGet(143)) - c07977b7-c8ef-4f3c-80b1-66a07c6e3dcd: start FollowerState
2019-10-17 20:29:05,061 [Thread-2850] INFO  impl.FollowerState (FollowerState.java:run(108)) - c07977b7-c8ef-4f3c-80b1-66a07c6e3dcd@group-C2BDBBDF155D-FollowerState: change to CANDIDATE, lastRpcTime:162ms, electionTimeout:162ms
2019-10-17 20:29:05,061 [Thread-2850] INFO  impl.RoleInfo (RoleInfo.java:shutdownFollowerState(121)) - c07977b7-c8ef-4f3c-80b1-66a07c6e3dcd: shutdown FollowerState
2019-10-17 20:29:05,061 [Thread-2850] INFO  impl.RaftServerImpl (RaftServerImpl.java:setRole(184)) - c07977b7-c8ef-4f3c-80b1-66a07c6e3dcd@group-C2BDBBDF155D: changes role from  FOLLOWER to CANDIDATE at term 310 for changeToCandidate
2019-10-17 20:29:05,061 [Thread-2850] INFO  impl.RoleInfo (RoleInfo.java:updateAndGet(143)) - c07977b7-c8ef-4f3c-80b1-66a07c6e3dcd: start LeaderElection
2019-10-17 20:29:05,089 [c07977b7-c8ef-4f3c-80b1-66a07c6e3dcd@group-C2BDBBDF155D-LeaderElection308] INFO  impl.LeaderElection (LeaderElection.java:askForVotes(178)) - c07977b7-c8ef-4f3c-80b1-66a07c6e3dcd@group-C2BDBBDF155D-LeaderElection308: begin an election at term 311 for -1: [d81605c5-54b3-45a8-b5ae-2e8d8890cbef:192.168.164.201:42755, 7f29c796-0732-402f-b865-67033766dcba:192.168.164.201:40704, c07977b7-c8ef-4f3c-80b1-66a07c6e3dcd:192.168.164.201:38664], old=null
2019-10-17 20:29:05,092 [grpc-default-executor-4] INFO  impl.RaftServerImpl (RaftServerImpl.java:setRole(184)) - d81605c5-54b3-45a8-b5ae-2e8d8890cbef@group-C2BDBBDF155D: changes role from  FOLLOWER to FOLLOWER at term 311 for recognizeCandidate:c07977b7-c8ef-4f3c-80b1-66a07c6e3dcd
2019-10-17 20:29:05,092 [grpc-default-executor-4] INFO  impl.RoleInfo (RoleInfo.java:shutdownFollowerState(121)) - d81605c5-54b3-45a8-b5ae-2e8d8890cbef: shutdown FollowerState
2019-10-17 20:29:05,092 [grpc-default-executor-2] INFO  impl.RaftServerImpl (RaftServerImpl.java:setRole(184)) - 7f29c796-0732-402f-b865-67033766dcba@group-C2BDBBDF155D: changes role from  FOLLOWER to FOLLOWER at term 311 for recognizeCandidate:c07977b7-c8ef-4f3c-80b1-66a07c6e3dcd
2019-10-17 20:29:05,092 [Thread-2848] INFO  impl.FollowerState (FollowerState.java:run(117)) - d81605c5-54b3-45a8-b5ae-2e8d8890cbef@group-C2BDBBDF155D-FollowerState was interrupted: java.lang.InterruptedException: sleep interrupted
2019-10-17 20:29:05,092 [grpc-default-executor-4] INFO  impl.RoleInfo (RoleInfo.java:updateAndGet(143)) - d81605c5-54b3-45a8-b5ae-2e8d8890cbef: start FollowerState
2019-10-17 20:29:05,092 [grpc-default-executor-2] INFO  impl.RoleInfo (RoleInfo.java:shutdownFollowerState(121)) - 7f29c796-0732-402f-b865-67033766dcba: shutdown FollowerState
2019-10-17 20:29:05,093 [grpc-default-executor-2] INFO  impl.RoleInfo (RoleInfo.java:updateAndGet(143)) - 7f29c796-0732-402f-b865-67033766dcba: start FollowerState
2019-10-17 20:29:05,093 [Thread-2849] INFO  impl.FollowerState (FollowerState.java:run(117)) - 7f29c796-0732-402f-b865-67033766dcba@group-C2BDBBDF155D-FollowerState was interrupted: java.lang.InterruptedException: sleep interrupted
2019-10-17 20:29:05,115 [c07977b7-c8ef-4f3c-80b1-66a07c6e3dcd@group-C2BDBBDF155D-LeaderElection308] INFO  impl.LeaderElection (LeaderElection.java:logAndReturn(56)) - c07977b7-c8ef-4f3c-80b1-66a07c6e3dcd@group-C2BDBBDF155D-LeaderElection308: Election REJECTED; received 2 response(s) [c07977b7-c8ef-4f3c-80b1-66a07c6e3dcd<-d81605c5-54b3-45a8-b5ae-2e8d8890cbef#0:FAIL-t311, c07977b7-c8ef-4f3c-80b1-66a07c6e3dcd<-7f29c796-0732-402f-b865-67033766dcba#0:FAIL-t311] and 0 exception(s); c07977b7-c8ef-4f3c-80b1-66a07c6e3dcd@group-C2BDBBDF155D:t311, leader=null, voted=c07977b7-c8ef-4f3c-80b1-66a07c6e3dcd, raftlog=c07977b7-c8ef-4f3c-80b1-66a07c6e3dcd@group-C2BDBBDF155D-SegmentedRaftLog:OPENED:c-1,f-1,i0, conf=-1: [d81605c5-54b3-45a8-b5ae-2e8d8890cbef:192.168.164.201:42755, 7f29c796-0732-402f-b865-67033766dcba:192.168.164.201:40704, c07977b7-c8ef-4f3c-80b1-66a07c6e3dcd:192.168.164.201:38664], old=null
2019-10-17 20:29:05,115 [c07977b7-c8ef-4f3c-80b1-66a07c6e3dcd@group-C2BDBBDF155D-LeaderElection308] INFO  impl.RaftServerImpl (RaftServerImpl.java:setRole(184)) - c07977b7-c8ef-4f3c-80b1-66a07c6e3dcd@group-C2BDBBDF155D: changes role from CANDIDATE to FOLLOWER at term 311 for DISCOVERED_A_NEW_TERM
2019-10-17 20:29:05,115 [c07977b7-c8ef-4f3c-80b1-66a07c6e3dcd@group-C2BDBBDF155D-LeaderElection308] INFO  impl.RoleInfo (RoleInfo.java:shutdownLeaderElection(134)) - c07977b7-c8ef-4f3c-80b1-66a07c6e3dcd: shutdown LeaderElection
2019-10-17 20:29:05,116 [c07977b7-c8ef-4f3c-80b1-66a07c6e3dcd@group-C2BDBBDF155D-LeaderElection308] INFO  impl.RoleInfo (RoleInfo.java:updateAndGet(143)) - c07977b7-c8ef-4f3c-80b1-66a07c6e3dcd: start FollowerState
2019-10-17 20:29:05,130 [Thread-2856] INFO  impl.FollowerState (FollowerState.java:run(108)) - c07977b7-c8ef-4f3c-80b1-66a07c6e3dcd@group-C2BDBBDF155D-FollowerState: change to CANDIDATE, lastRpcTime:14ms, electionTimeout:14ms
2019-10-17 20:29:05,130 [Thread-2856] INFO  impl.RoleInfo (RoleInfo.java:shutdownFollowerState(121)) - c07977b7-c8ef-4f3c-80b1-66a07c6e3dcd: shutdown FollowerState
2019-10-17 20:29:05,130 [Thread-2856] INFO  impl.RaftServerImpl (RaftServerImpl.java:setRole(184)) - c07977b7-c8ef-4f3c-80b1-66a07c6e3dcd@group-C2BDBBDF155D: changes role from  FOLLOWER to CANDIDATE at term 311 for changeToCandidate
2019-10-17 20:29:05,130 [Thread-2856] INFO  impl.RoleInfo (RoleInfo.java:updateAndGet(143)) - c07977b7-c8ef-4f3c-80b1-66a07c6e3dcd: start LeaderElection
2019-10-17 20:29:05,156 [c07977b7-c8ef-4f3c-80b1-66a07c6e3dcd@group-C2BDBBDF155D-LeaderElection309] INFO  impl.LeaderElection (LeaderElection.java:askForVotes(178)) - c07977b7-c8ef-4f3c-80b1-66a07c6e3dcd@group-C2BDBBDF155D-LeaderElection309: begin an election at term 312 for -1: [d81605c5-54b3-45a8-b5ae-2e8d8890cbef:192.168.164.201:42755, 7f29c796-0732-402f-b865-67033766dcba:192.168.164.201:40704, c07977b7-c8ef-4f3c-80b1-66a07c6e3dcd:192.168.164.201:38664], old=null
2019-10-17 20:29:05,158 [grpc-default-executor-2] INFO  impl.RaftServerImpl (RaftServerImpl.java:setRole(184)) - d81605c5-54b3-45a8-b5ae-2e8d8890cbef@group-C2BDBBDF155D: changes role from  FOLLOWER to FOLLOWER at term 312 for recognizeCandidate:c07977b7-c8ef-4f3c-80b1-66a07c6e3dcd
2019-10-17 20:29:05,159 [grpc-default-executor-2] INFO  impl.RoleInfo (RoleInfo.java:shutdownFollowerState(121)) - d81605c5-54b3-45a8-b5ae-2e8d8890cbef: shutdown FollowerState
2019-10-17 20:29:05,158 [grpc-default-executor-4] INFO  impl.RaftServerImpl (RaftServerImpl.java:setRole(184)) - 7f29c796-0732-402f-b865-67033766dcba@group-C2BDBBDF155D: changes role from  FOLLOWER to FOLLOWER at term 312 for recognizeCandidate:c07977b7-c8ef-4f3c-80b1-66a07c6e3dcd
2019-10-17 20:29:05,159 [Thread-2854] INFO  impl.FollowerState (FollowerState.java:run(117)) - d81605c5-54b3-45a8-b5ae-2e8d8890cbef@group-C2BDBBDF155D-FollowerState was interrupted: java.lang.InterruptedException: sleep interrupted
2019-10-17 20:29:05,159 [grpc-default-executor-2] INFO  impl.RoleInfo (RoleInfo.java:updateAndGet(143)) - d81605c5-54b3-45a8-b5ae-2e8d8890cbef: start FollowerState
2019-10-17 20:29:05,159 [grpc-default-executor-4] INFO  impl.RoleInfo (RoleInfo.java:shutdownFollowerState(121)) - 7f29c796-0732-402f-b865-67033766dcba: shutdown FollowerState
2019-10-17 20:29:05,159 [grpc-default-executor-4] INFO  impl.RoleInfo (RoleInfo.java:updateAndGet(143)) - 7f29c796-0732-402f-b865-67033766dcba: start FollowerState
2019-10-17 20:29:05,160 [Thread-2855] INFO  impl.FollowerState (FollowerState.java:run(117)) - 7f29c796-0732-402f-b865-67033766dcba@group-C2BDBBDF155D-FollowerState was interrupted: java.lang.InterruptedException: sleep interrupted
2019-10-17 20:29:05,182 [c07977b7-c8ef-4f3c-80b1-66a07c6e3dcd@group-C2BDBBDF155D-LeaderElection309] INFO  impl.LeaderElection (LeaderElection.java:logAndReturn(56)) - c07977b7-c8ef-4f3c-80b1-66a07c6e3dcd@group-C2BDBBDF155D-LeaderElection309: Election REJECTED; received 2 response(s) [c07977b7-c8ef-4f3c-80b1-66a07c6e3dcd<-d81605c5-54b3-45a8-b5ae-2e8d8890cbef#0:FAIL-t312, c07977b7-c8ef-4f3c-80b1-66a07c6e3dcd<-7f29c796-0732-402f-b865-67033766dcba#0:FAIL-t312] and 0 exception(s); c07977b7-c8ef-4f3c-80b1-66a07c6e3dcd@group-C2BDBBDF155D:t312, leader=null, voted=c07977b7-c8ef-4f3c-80b1-66a07c6e3dcd, raftlog=c07977b7-c8ef-4f3c-80b1-66a07c6e3dcd@group-C2BDBBDF155D-SegmentedRaftLog:OPENED:c-1,f-1,i0, conf=-1: [d81605c5-54b3-45a8-b5ae-2e8d8890cbef:192.168.164.201:42755, 7f29c796-0732-402f-b865-67033766dcba:192.168.164.201:40704, c07977b7-c8ef-4f3c-80b1-66a07c6e3dcd:192.168.164.201:38664], old=null
2019-10-17 20:29:05,183 [c07977b7-c8ef-4f3c-80b1-66a07c6e3dcd@group-C2BDBBDF155D-LeaderElection309] INFO  impl.RaftServerImpl (RaftServerImpl.java:setRole(184)) - c07977b7-c8ef-4f3c-80b1-66a07c6e3dcd@group-C2BDBBDF155D: changes role from CANDIDATE to FOLLOWER at term 312 for DISCOVERED_A_NEW_TERM
2019-10-17 20:29:05,183 [c07977b7-c8ef-4f3c-80b1-66a07c6e3dcd@group-C2BDBBDF155D-LeaderElection309] INFO  impl.RoleInfo (RoleInfo.java:shutdownLeaderElection(134)) - c07977b7-c8ef-4f3c-80b1-66a07c6e3dcd: shutdown LeaderElection
2019-10-17 20:29:05,183 [c07977b7-c8ef-4f3c-80b1-66a07c6e3dcd@group-C2BDBBDF155D-LeaderElection309] INFO  impl.RoleInfo (RoleInfo.java:updateAndGet(143)) - c07977b7-c8ef-4f3c-80b1-66a07c6e3dcd: start FollowerState
2019-10-17 20:29:05,318 [Thread-2862] INFO  impl.FollowerState (FollowerState.java:run(108)) - c07977b7-c8ef-4f3c-80b1-66a07c6e3dcd@group-C2BDBBDF155D-FollowerState: change to CANDIDATE, lastRpcTime:135ms, electionTimeout:135ms
2019-10-17 20:29:05,318 [Thread-2862] INFO  impl.RoleInfo (RoleInfo.java:shutdownFollowerState(121)) - c07977b7-c8ef-4f3c-80b1-66a07c6e3dcd: shutdown FollowerState
2019-10-17 20:29:05,319 [Thread-2862] INFO  impl.RaftServerImpl (RaftServerImpl.java:setRole(184)) - c07977b7-c8ef-4f3c-80b1-66a07c6e3dcd@group-C2BDBBDF155D: changes role from  FOLLOWER to CANDIDATE at term 312 for changeToCandidate
2019-10-17 20:29:05,319 [Thread-2862] INFO  impl.RoleInfo (RoleInfo.java:updateAndGet(143)) - c07977b7-c8ef-4f3c-80b1-66a07c6e3dcd: start LeaderElection
2019-10-17 20:29:05,349 [c07977b7-c8ef-4f3c-80b1-66a07c6e3dcd@group-C2BDBBDF155D-LeaderElection310] INFO  impl.LeaderElection (LeaderElection.java:askForVotes(178)) - c07977b7-c8ef-4f3c-80b1-66a07c6e3dcd@group-C2BDBBDF155D-LeaderElection310: begin an election at term 313 for -1: [d81605c5-54b3-45a8-b5ae-2e8d8890cbef:192.168.164.201:42755, 7f29c796-0732-402f-b865-67033766dcba:192.168.164.201:40704, c07977b7-c8ef-4f3c-80b1-66a07c6e3dcd:192.168.164.201:38664], old=null
2019-10-17 20:29:05,351 [grpc-default-executor-4] INFO  impl.RaftServerImpl (RaftServerImpl.java:setRole(184)) - 7f29c796-0732-402f-b865-67033766dcba@group-C2BDBBDF155D: changes role from  FOLLOWER to FOLLOWER at term 313 for recognizeCandidate:c07977b7-c8ef-4f3c-80b1-66a07c6e3dcd
2019-10-17 20:29:05,351 [grpc-default-executor-4] INFO  impl.RoleInfo (RoleInfo.java:shutdownFollowerState(121)) - 7f29c796-0732-402f-b865-67033766dcba: shutdown FollowerState
2019-10-17 20:29:05,351 [grpc-default-executor-4] INFO  impl.RoleInfo (RoleInfo.java:updateAndGet(143)) - 7f29c796-0732-402f-b865-67033766dcba: start FollowerState
2019-10-17 20:29:05,351 [grpc-default-executor-2] INFO  impl.RaftServerImpl (RaftServerImpl.java:setRole(184)) - d81605c5-54b3-45a8-b5ae-2e8d8890cbef@group-C2BDBBDF155D: changes role from  FOLLOWER to FOLLOWER at term 313 for recognizeCandidate:c07977b7-c8ef-4f3c-80b1-66a07c6e3dcd
2019-10-17 20:29:05,352 [grpc-default-executor-2] INFO  impl.RoleInfo (RoleInfo.java:shutdownFollowerState(121)) - d81605c5-54b3-45a8-b5ae-2e8d8890cbef: shutdown FollowerState
2019-10-17 20:29:05,351 [Thread-2861] INFO  impl.FollowerState (FollowerState.java:run(117)) - 7f29c796-0732-402f-b865-67033766dcba@group-C2BDBBDF155D-FollowerState was interrupted: java.lang.InterruptedException: sleep interrupted
2019-10-17 20:29:05,352 [Thread-2860] INFO  impl.FollowerState (FollowerState.java:run(117)) - d81605c5-54b3-45a8-b5ae-2e8d8890cbef@group-C2BDBBDF155D-FollowerState was interrupted: java.lang.InterruptedException: sleep interrupted
2019-10-17 20:29:05,352 [grpc-default-executor-2] INFO  impl.RoleInfo (RoleInfo.java:updateAndGet(143)) - d81605c5-54b3-45a8-b5ae-2e8d8890cbef: start FollowerState
2019-10-17 20:29:05,375 [c07977b7-c8ef-4f3c-80b1-66a07c6e3dcd@group-C2BDBBDF155D-LeaderElection310] INFO  impl.LeaderElection (LeaderElection.java:logAndReturn(56)) - c07977b7-c8ef-4f3c-80b1-66a07c6e3dcd@group-C2BDBBDF155D-LeaderElection310: Election REJECTED; received 2 response(s) [c07977b7-c8ef-4f3c-80b1-66a07c6e3dcd<-d81605c5-54b3-45a8-b5ae-2e8d8890cbef#0:FAIL-t313, c07977b7-c8ef-4f3c-80b1-66a07c6e3dcd<-7f29c796-0732-402f-b865-67033766dcba#0:FAIL-t313] and 0 exception(s); c07977b7-c8ef-4f3c-80b1-66a07c6e3dcd@group-C2BDBBDF155D:t313, leader=null, voted=c07977b7-c8ef-4f3c-80b1-66a07c6e3dcd, raftlog=c07977b7-c8ef-4f3c-80b1-66a07c6e3dcd@group-C2BDBBDF155D-SegmentedRaftLog:OPENED:c-1,f-1,i0, conf=-1: [d81605c5-54b3-45a8-b5ae-2e8d8890cbef:192.168.164.201:42755, 7f29c796-0732-402f-b865-67033766dcba:192.168.164.201:40704, c07977b7-c8ef-4f3c-80b1-66a07c6e3dcd:192.168.164.201:38664], old=null
2019-10-17 20:29:05,375 [c07977b7-c8ef-4f3c-80b1-66a07c6e3dcd@group-C2BDBBDF155D-LeaderElection310] INFO  impl.RaftServerImpl (RaftServerImpl.java:setRole(184)) - c07977b7-c8ef-4f3c-80b1-66a07c6e3dcd@group-C2BDBBDF155D: changes role from CANDIDATE to FOLLOWER at term 313 for DISCOVERED_A_NEW_TERM
2019-10-17 20:29:05,375 [c07977b7-c8ef-4f3c-80b1-66a07c6e3dcd@group-C2BDBBDF155D-LeaderElection310] INFO  impl.RoleInfo (RoleInfo.java:shutdownLeaderElection(134)) - c07977b7-c8ef-4f3c-80b1-66a07c6e3dcd: shutdown LeaderElection
2019-10-17 20:29:05,376 [c07977b7-c8ef-4f3c-80b1-66a07c6e3dcd@group-C2BDBBDF155D-LeaderElection310] INFO  impl.RoleInfo (RoleInfo.java:updateAndGet(143)) - c07977b7-c8ef-4f3c-80b1-66a07c6e3dcd: start FollowerState
2019-10-17 20:29:05,513 [Thread-2868] INFO  impl.FollowerState (FollowerState.java:run(108)) - c07977b7-c8ef-4f3c-80b1-66a07c6e3dcd@group-C2BDBBDF155D-FollowerState: change to CANDIDATE, lastRpcTime:137ms, electionTimeout:137ms
2019-10-17 20:29:05,513 [Thread-2868] INFO  impl.RoleInfo (RoleInfo.java:shutdownFollowerState(121)) - c07977b7-c8ef-4f3c-80b1-66a07c6e3dcd: shutdown FollowerState
2019-10-17 20:29:05,513 [Thread-2868] INFO  impl.RaftServerImpl (RaftServerImpl.java:setRole(184)) - c07977b7-c8ef-4f3c-80b1-66a07c6e3dcd@group-C2BDBBDF155D: changes role from  FOLLOWER to CANDIDATE at term 313 for changeToCandidate
2019-10-17 20:29:05,514 [Thread-2868] INFO  impl.RoleInfo (RoleInfo.java:updateAndGet(143)) - c07977b7-c8ef-4f3c-80b1-66a07c6e3dcd: start LeaderElection
2019-10-17 20:29:05,541 [c07977b7-c8ef-4f3c-80b1-66a07c6e3dcd@group-C2BDBBDF155D-LeaderElection311] INFO  impl.LeaderElection (LeaderElection.java:askForVotes(178)) - c07977b7-c8ef-4f3c-80b1-66a07c6e3dcd@group-C2BDBBDF155D-LeaderElection311: begin an election at term 314 for -1: [d81605c5-54b3-45a8-b5ae-2e8d8890cbef:192.168.164.201:42755, 7f29c796-0732-402f-b865-67033766dcba:192.168.164.201:40704, c07977b7-c8ef-4f3c-80b1-66a07c6e3dcd:192.168.164.201:38664], old=null
2019-10-17 20:29:05,544 [grpc-default-executor-4] INFO  impl.RaftServerImpl (RaftServerImpl.java:setRole(184)) - 7f29c796-0732-402f-b865-67033766dcba@group-C2BDBBDF155D: changes role from  FOLLOWER to FOLLOWER at term 314 for recognizeCandidate:c07977b7-c8ef-4f3c-80b1-66a07c6e3dcd
2019-10-17 20:29:05,544 [grpc-default-executor-2] INFO  impl.RaftServerImpl (RaftServerImpl.java:setRole(184)) - d81605c5-54b3-45a8-b5ae-2e8d8890cbef@group-C2BDBBDF155D: changes role from  FOLLOWER to FOLLOWER at term 314 for recognizeCandidate:c07977b7-c8ef-4f3c-80b1-66a07c6e3dcd
2019-10-17 20:29:05,544 [grpc-default-executor-4] INFO  impl.RoleInfo (RoleInfo.java:shutdownFollowerState(121)) - 7f29c796-0732-402f-b865-67033766dcba: shutdown FollowerState
2019-10-17 20:29:05,544 [grpc-default-executor-2] INFO  impl.RoleInfo (RoleInfo.java:shutdownFollowerState(121)) - d81605c5-54b3-45a8-b5ae-2e8d8890cbef: shutdown FollowerState
2019-10-17 20:29:05,544 [Thread-2866] INFO  impl.FollowerState (FollowerState.java:run(117)) - 7f29c796-0732-402f-b865-67033766dcba@group-C2BDBBDF155D-FollowerState was interrupted: java.lang.InterruptedException: sleep interrupted
2019-10-17 20:29:05,545 [Thread-2867] INFO  impl.FollowerState (FollowerState.java:run(117)) - d81605c5-54b3-45a8-b5ae-2e8d8890cbef@group-C2BDBBDF155D-FollowerState was interrupted: java.lang.InterruptedException: sleep interrupted
2019-10-17 20:29:05,544 [grpc-default-executor-4] INFO  impl.RoleInfo (RoleInfo.java:updateAndGet(143)) - 7f29c796-0732-402f-b865-67033766dcba: start FollowerState
2019-10-17 20:29:05,545 [grpc-default-executor-2] INFO  impl.RoleInfo (RoleInfo.java:updateAndGet(143)) - d81605c5-54b3-45a8-b5ae-2e8d8890cbef: start FollowerState
2019-10-17 20:29:05,550 [Thread-754] INFO  ozone.MiniOzoneClusterImpl (MiniOzoneClusterImpl.java:lambda$waitForClusterToBeReady$2(164)) - Waiting for 1 number of pipelines out of 4, to report a leader.
2019-10-17 20:29:05,567 [c07977b7-c8ef-4f3c-80b1-66a07c6e3dcd@group-C2BDBBDF155D-LeaderElection311] INFO  impl.LeaderElection (LeaderElection.java:logAndReturn(56)) - c07977b7-c8ef-4f3c-80b1-66a07c6e3dcd@group-C2BDBBDF155D-LeaderElection311: Election REJECTED; received 2 response(s) [c07977b7-c8ef-4f3c-80b1-66a07c6e3dcd<-d81605c5-54b3-45a8-b5ae-2e8d8890cbef#0:FAIL-t314, c07977b7-c8ef-4f3c-80b1-66a07c6e3dcd<-7f29c796-0732-402f-b865-67033766dcba#0:FAIL-t314] and 0 exception(s); c07977b7-c8ef-4f3c-80b1-66a07c6e3dcd@group-C2BDBBDF155D:t314, leader=null, voted=c07977b7-c8ef-4f3c-80b1-66a07c6e3dcd, raftlog=c07977b7-c8ef-4f3c-80b1-66a07c6e3dcd@group-C2BDBBDF155D-SegmentedRaftLog:OPENED:c-1,f-1,i0, conf=-1: [d81605c5-54b3-45a8-b5ae-2e8d8890cbef:192.168.164.201:42755, 7f29c796-0732-402f-b865-67033766dcba:192.168.164.201:40704, c07977b7-c8ef-4f3c-80b1-66a07c6e3dcd:192.168.164.201:38664], old=null
2019-10-17 20:29:05,568 [c07977b7-c8ef-4f3c-80b1-66a07c6e3dcd@group-C2BDBBDF155D-LeaderElection311] INFO  impl.RaftServerImpl (RaftServerImpl.java:setRole(184)) - c07977b7-c8ef-4f3c-80b1-66a07c6e3dcd@group-C2BDBBDF155D: changes role from CANDIDATE to FOLLOWER at term 314 for DISCOVERED_A_NEW_TERM
2019-10-17 20:29:05,568 [c07977b7-c8ef-4f3c-80b1-66a07c6e3dcd@group-C2BDBBDF155D-LeaderElection311] INFO  impl.RoleInfo (RoleInfo.java:shutdownLeaderElection(134)) - c07977b7-c8ef-4f3c-80b1-66a07c6e3dcd: shutdown LeaderElection
2019-10-17 20:29:05,568 [c07977b7-c8ef-4f3c-80b1-66a07c6e3dcd@group-C2BDBBDF155D-LeaderElection311] INFO  impl.RoleInfo (RoleInfo.java:updateAndGet(143)) - c07977b7-c8ef-4f3c-80b1-66a07c6e3dcd: start FollowerState
2019-10-17 20:29:05,662 [Thread-2874] INFO  impl.FollowerState (FollowerState.java:run(108)) - c07977b7-c8ef-4f3c-80b1-66a07c6e3dcd@group-C2BDBBDF155D-FollowerState: change to CANDIDATE, lastRpcTime:94ms, electionTimeout:94ms
2019-10-17 20:29:05,662 [Thread-2874] INFO  impl.RoleInfo (RoleInfo.java:shutdownFollowerState(121)) - c07977b7-c8ef-4f3c-80b1-66a07c6e3dcd: shutdown FollowerState
2019-10-17 20:29:05,663 [Thread-2874] INFO  impl.RaftServerImpl (RaftServerImpl.java:setRole(184)) - c07977b7-c8ef-4f3c-80b1-66a07c6e3dcd@group-C2BDBBDF155D: changes role from  FOLLOWER to CANDIDATE at term 314 for changeToCandidate
2019-10-17 20:29:05,663 [Thread-2874] INFO  impl.RoleInfo (RoleInfo.java:updateAndGet(143)) - c07977b7-c8ef-4f3c-80b1-66a07c6e3dcd: start LeaderElection
2019-10-17 20:29:05,692 [c07977b7-c8ef-4f3c-80b1-66a07c6e3dcd@group-C2BDBBDF155D-LeaderElection312] INFO  impl.LeaderElection (LeaderElection.java:askForVotes(178)) - c07977b7-c8ef-4f3c-80b1-66a07c6e3dcd@group-C2BDBBDF155D-LeaderElection312: begin an election at term 315 for -1: [d81605c5-54b3-45a8-b5ae-2e8d8890cbef:192.168.164.201:42755, 7f29c796-0732-402f-b865-67033766dcba:192.168.164.201:40704, c07977b7-c8ef-4f3c-80b1-66a07c6e3dcd:192.168.164.201:38664], old=null
2019-10-17 20:29:05,694 [grpc-default-executor-4] INFO  impl.RaftServerImpl (RaftServerImpl.java:setRole(184)) - d81605c5-54b3-45a8-b5ae-2e8d8890cbef@group-C2BDBBDF155D: changes role from  FOLLOWER to FOLLOWER at term 315 for recognizeCandidate:c07977b7-c8ef-4f3c-80b1-66a07c6e3dcd
2019-10-17 20:29:05,694 [grpc-default-executor-2] INFO  impl.RaftServerImpl (RaftServerImpl.java:setRole(184)) - 7f29c796-0732-402f-b865-67033766dcba@group-C2BDBBDF155D: changes role from  FOLLOWER to FOLLOWER at term 315 for recognizeCandidate:c07977b7-c8ef-4f3c-80b1-66a07c6e3dcd
2019-10-17 20:29:05,695 [grpc-default-executor-2] INFO  impl.RoleInfo (RoleInfo.java:shutdownFollowerState(121)) - 7f29c796-0732-402f-b865-67033766dcba: shutdown FollowerState
2019-10-17 20:29:05,694 [grpc-default-executor-4] INFO  impl.RoleInfo (RoleInfo.java:shutdownFollowerState(121)) - d81605c5-54b3-45a8-b5ae-2e8d8890cbef: shutdown FollowerState
2019-10-17 20:29:05,695 [Thread-2872] INFO  impl.FollowerState (FollowerState.java:run(117)) - 7f29c796-0732-402f-b865-67033766dcba@group-C2BDBBDF155D-FollowerState was interrupted: java.lang.InterruptedException: sleep interrupted
2019-10-17 20:29:05,695 [grpc-default-executor-2] INFO  impl.RoleInfo (RoleInfo.java:updateAndGet(143)) - 7f29c796-0732-402f-b865-67033766dcba: start FollowerState
2019-10-17 20:29:05,695 [Thread-2873] INFO  impl.FollowerState (FollowerState.java:run(117)) - d81605c5-54b3-45a8-b5ae-2e8d8890cbef@group-C2BDBBDF155D-FollowerState was interrupted: java.lang.InterruptedException: sleep interrupted
2019-10-17 20:29:05,695 [grpc-default-executor-4] INFO  impl.RoleInfo (RoleInfo.java:updateAndGet(143)) - d81605c5-54b3-45a8-b5ae-2e8d8890cbef: start FollowerState
2019-10-17 20:29:05,718 [c07977b7-c8ef-4f3c-80b1-66a07c6e3dcd@group-C2BDBBDF155D-LeaderElection312] INFO  impl.LeaderElection (LeaderElection.java:logAndReturn(56)) - c07977b7-c8ef-4f3c-80b1-66a07c6e3dcd@group-C2BDBBDF155D-LeaderElection312: Election REJECTED; received 2 response(s) [c07977b7-c8ef-4f3c-80b1-66a07c6e3dcd<-d81605c5-54b3-45a8-b5ae-2e8d8890cbef#0:FAIL-t315, c07977b7-c8ef-4f3c-80b1-66a07c6e3dcd<-7f29c796-0732-402f-b865-67033766dcba#0:FAIL-t315] and 0 exception(s); c07977b7-c8ef-4f3c-80b1-66a07c6e3dcd@group-C2BDBBDF155D:t315, leader=null, voted=c07977b7-c8ef-4f3c-80b1-66a07c6e3dcd, raftlog=c07977b7-c8ef-4f3c-80b1-66a07c6e3dcd@group-C2BDBBDF155D-SegmentedRaftLog:OPENED:c-1,f-1,i0, conf=-1: [d81605c5-54b3-45a8-b5ae-2e8d8890cbef:192.168.164.201:42755, 7f29c796-0732-402f-b865-67033766dcba:192.168.164.201:40704, c07977b7-c8ef-4f3c-80b1-66a07c6e3dcd:192.168.164.201:38664], old=null
2019-10-17 20:29:05,718 [c07977b7-c8ef-4f3c-80b1-66a07c6e3dcd@group-C2BDBBDF155D-LeaderElection312] INFO  impl.RaftServerImpl (RaftServerImpl.java:setRole(184)) - c07977b7-c8ef-4f3c-80b1-66a07c6e3dcd@group-C2BDBBDF155D: changes role from CANDIDATE to FOLLOWER at term 315 for DISCOVERED_A_NEW_TERM
2019-10-17 20:29:05,718 [c07977b7-c8ef-4f3c-80b1-66a07c6e3dcd@group-C2BDBBDF155D-LeaderElection312] INFO  impl.RoleInfo (RoleInfo.java:shutdownLeaderElection(134)) - c07977b7-c8ef-4f3c-80b1-66a07c6e3dcd: shutdown LeaderElection
2019-10-17 20:29:05,718 [c07977b7-c8ef-4f3c-80b1-66a07c6e3dcd@group-C2BDBBDF155D-LeaderElection312] INFO  impl.RoleInfo (RoleInfo.java:updateAndGet(143)) - c07977b7-c8ef-4f3c-80b1-66a07c6e3dcd: start FollowerState
2019-10-17 20:29:05,896 [Thread-2880] INFO  impl.FollowerState (FollowerState.java:run(108)) - c07977b7-c8ef-4f3c-80b1-66a07c6e3dcd@group-C2BDBBDF155D-FollowerState: change to CANDIDATE, lastRpcTime:177ms, electionTimeout:177ms
2019-10-17 20:29:05,896 [Thread-2880] INFO  impl.RoleInfo (RoleInfo.java:shutdownFollowerState(121)) - c07977b7-c8ef-4f3c-80b1-66a07c6e3dcd: shutdown FollowerState
2019-10-17 20:29:05,896 [Thread-2880] INFO  impl.RaftServerImpl (RaftServerImpl.java:setRole(184)) - c07977b7-c8ef-4f3c-80b1-66a07c6e3dcd@group-C2BDBBDF155D: changes role from  FOLLOWER to CANDIDATE at term 315 for changeToCandidate
2019-10-17 20:29:05,896 [Thread-2880] INFO  impl.RoleInfo (RoleInfo.java:updateAndGet(143)) - c07977b7-c8ef-4f3c-80b1-66a07c6e3dcd: start LeaderElection
2019-10-17 20:29:05,926 [c07977b7-c8ef-4f3c-80b1-66a07c6e3dcd@group-C2BDBBDF155D-LeaderElection313] INFO  impl.LeaderElection (LeaderElection.java:askForVotes(178)) - c07977b7-c8ef-4f3c-80b1-66a07c6e3dcd@group-C2BDBBDF155D-LeaderElection313: begin an election at term 316 for -1: [d81605c5-54b3-45a8-b5ae-2e8d8890cbef:192.168.164.201:42755, 7f29c796-0732-402f-b865-67033766dcba:192.168.164.201:40704, c07977b7-c8ef-4f3c-80b1-66a07c6e3dcd:192.168.164.201:38664], old=null
2019-10-17 20:29:05,928 [grpc-default-executor-2] INFO  impl.RaftServerImpl (RaftServerImpl.java:setRole(184)) - 7f29c796-0732-402f-b865-67033766dcba@group-C2BDBBDF155D: changes role from  FOLLOWER to FOLLOWER at term 316 for recognizeCandidate:c07977b7-c8ef-4f3c-80b1-66a07c6e3dcd
2019-10-17 20:29:05,929 [grpc-default-executor-2] INFO  impl.RoleInfo (RoleInfo.java:shutdownFollowerState(121)) - 7f29c796-0732-402f-b865-67033766dcba: shutdown FollowerState
2019-10-17 20:29:05,928 [grpc-default-executor-4] INFO  impl.RaftServerImpl (RaftServerImpl.java:setRole(184)) - d81605c5-54b3-45a8-b5ae-2e8d8890cbef@group-C2BDBBDF155D: changes role from  FOLLOWER to FOLLOWER at term 316 for recognizeCandidate:c07977b7-c8ef-4f3c-80b1-66a07c6e3dcd
2019-10-17 20:29:05,929 [Thread-2878] INFO  impl.FollowerState (FollowerState.java:run(117)) - 7f29c796-0732-402f-b865-67033766dcba@group-C2BDBBDF155D-FollowerState was interrupted: java.lang.InterruptedException: sleep interrupted
2019-10-17 20:29:05,929 [grpc-default-executor-2] INFO  impl.RoleInfo (RoleInfo.java:updateAndGet(143)) - 7f29c796-0732-402f-b865-67033766dcba: start FollowerState
2019-10-17 20:29:05,929 [grpc-default-executor-4] INFO  impl.RoleInfo (RoleInfo.java:shutdownFollowerState(121)) - d81605c5-54b3-45a8-b5ae-2e8d8890cbef: shutdown FollowerState
2019-10-17 20:29:05,929 [grpc-default-executor-4] INFO  impl.RoleInfo (RoleInfo.java:updateAndGet(143)) - d81605c5-54b3-45a8-b5ae-2e8d8890cbef: start FollowerState
2019-10-17 20:29:05,929 [Thread-2879] INFO  impl.FollowerState (FollowerState.java:run(117)) - d81605c5-54b3-45a8-b5ae-2e8d8890cbef@group-C2BDBBDF155D-FollowerState was interrupted: java.lang.InterruptedException: sleep interrupted
2019-10-17 20:29:05,952 [c07977b7-c8ef-4f3c-80b1-66a07c6e3dcd@group-C2BDBBDF155D-LeaderElection313] INFO  impl.LeaderElection (LeaderElection.java:logAndReturn(56)) - c07977b7-c8ef-4f3c-80b1-66a07c6e3dcd@group-C2BDBBDF155D-LeaderElection313: Election REJECTED; received 2 response(s) [c07977b7-c8ef-4f3c-80b1-66a07c6e3dcd<-d81605c5-54b3-45a8-b5ae-2e8d8890cbef#0:FAIL-t316, c07977b7-c8ef-4f3c-80b1-66a07c6e3dcd<-7f29c796-0732-402f-b865-67033766dcba#0:FAIL-t316] and 0 exception(s); c07977b7-c8ef-4f3c-80b1-66a07c6e3dcd@group-C2BDBBDF155D:t316, leader=null, voted=c07977b7-c8ef-4f3c-80b1-66a07c6e3dcd, raftlog=c07977b7-c8ef-4f3c-80b1-66a07c6e3dcd@group-C2BDBBDF155D-SegmentedRaftLog:OPENED:c-1,f-1,i0, conf=-1: [d81605c5-54b3-45a8-b5ae-2e8d8890cbef:192.168.164.201:42755, 7f29c796-0732-402f-b865-67033766dcba:192.168.164.201:40704, c07977b7-c8ef-4f3c-80b1-66a07c6e3dcd:192.168.164.201:38664], old=null
2019-10-17 20:29:05,952 [c07977b7-c8ef-4f3c-80b1-66a07c6e3dcd@group-C2BDBBDF155D-LeaderElection313] INFO  impl.RaftServerImpl (RaftServerImpl.java:setRole(184)) - c07977b7-c8ef-4f3c-80b1-66a07c6e3dcd@group-C2BDBBDF155D: changes role from CANDIDATE to FOLLOWER at term 316 for DISCOVERED_A_NEW_TERM
2019-10-17 20:29:05,953 [c07977b7-c8ef-4f3c-80b1-66a07c6e3dcd@group-C2BDBBDF155D-LeaderElection313] INFO  impl.RoleInfo (RoleInfo.java:shutdownLeaderElection(134)) - c07977b7-c8ef-4f3c-80b1-66a07c6e3dcd: shutdown LeaderElection
2019-10-17 20:29:05,953 [c07977b7-c8ef-4f3c-80b1-66a07c6e3dcd@group-C2BDBBDF155D-LeaderElection313] INFO  impl.RoleInfo (RoleInfo.java:updateAndGet(143)) - c07977b7-c8ef-4f3c-80b1-66a07c6e3dcd: start FollowerState
2019-10-17 20:29:06,074 [Thread-2886] INFO  impl.FollowerState (FollowerState.java:run(108)) - c07977b7-c8ef-4f3c-80b1-66a07c6e3dcd@group-C2BDBBDF155D-FollowerState: change to CANDIDATE, lastRpcTime:121ms, electionTimeout:121ms
2019-10-17 20:29:06,075 [Thread-2886] INFO  impl.RoleInfo (RoleInfo.java:shutdownFollowerState(121)) - c07977b7-c8ef-4f3c-80b1-66a07c6e3dcd: shutdown FollowerState
2019-10-17 20:29:06,075 [Thread-2886] INFO  impl.RaftServerImpl (RaftServerImpl.java:setRole(184)) - c07977b7-c8ef-4f3c-80b1-66a07c6e3dcd@group-C2BDBBDF155D: changes role from  FOLLOWER to CANDIDATE at term 316 for changeToCandidate
2019-10-17 20:29:06,075 [Thread-2886] INFO  impl.RoleInfo (RoleInfo.java:updateAndGet(143)) - c07977b7-c8ef-4f3c-80b1-66a07c6e3dcd: start LeaderElection
2019-10-17 20:29:06,101 [c07977b7-c8ef-4f3c-80b1-66a07c6e3dcd@group-C2BDBBDF155D-LeaderElection314] INFO  impl.LeaderElection (LeaderElection.java:askForVotes(178)) - c07977b7-c8ef-4f3c-80b1-66a07c6e3dcd@group-C2BDBBDF155D-LeaderElection314: begin an election at term 317 for -1: [d81605c5-54b3-45a8-b5ae-2e8d8890cbef:192.168.164.201:42755, 7f29c796-0732-402f-b865-67033766dcba:192.168.164.201:40704, c07977b7-c8ef-4f3c-80b1-66a07c6e3dcd:192.168.164.201:38664], old=null
2019-10-17 20:29:06,104 [grpc-default-executor-4] INFO  impl.RaftServerImpl (RaftServerImpl.java:setRole(184)) - 7f29c796-0732-402f-b865-67033766dcba@group-C2BDBBDF155D: changes role from  FOLLOWER to FOLLOWER at term 317 for recognizeCandidate:c07977b7-c8ef-4f3c-80b1-66a07c6e3dcd
2019-10-17 20:29:06,104 [grpc-default-executor-2] INFO  impl.RaftServerImpl (RaftServerImpl.java:setRole(184)) - d81605c5-54b3-45a8-b5ae-2e8d8890cbef@group-C2BDBBDF155D: changes role from  FOLLOWER to FOLLOWER at term 317 for recognizeCandidate:c07977b7-c8ef-4f3c-80b1-66a07c6e3dcd
2019-10-17 20:29:06,104 [grpc-default-executor-2] INFO  impl.RoleInfo (RoleInfo.java:shutdownFollowerState(121)) - d81605c5-54b3-45a8-b5ae-2e8d8890cbef: shutdown FollowerState
2019-10-17 20:29:06,104 [grpc-default-executor-4] INFO  impl.RoleInfo (RoleInfo.java:shutdownFollowerState(121)) - 7f29c796-0732-402f-b865-67033766dcba: shutdown FollowerState
2019-10-17 20:29:06,104 [Thread-2885] INFO  impl.FollowerState (FollowerState.java:run(117)) - d81605c5-54b3-45a8-b5ae-2e8d8890cbef@group-C2BDBBDF155D-FollowerState was interrupted: java.lang.InterruptedException: sleep interrupted
2019-10-17 20:29:06,104 [grpc-default-executor-2] INFO  impl.RoleInfo (RoleInfo.java:updateAndGet(143)) - d81605c5-54b3-45a8-b5ae-2e8d8890cbef: start FollowerState
2019-10-17 20:29:06,105 [Thread-2884] INFO  impl.FollowerState (FollowerState.java:run(117)) - 7f29c796-0732-402f-b865-67033766dcba@group-C2BDBBDF155D-FollowerState was interrupted: java.lang.InterruptedException: sleep interrupted
2019-10-17 20:29:06,105 [grpc-default-executor-4] INFO  impl.RoleInfo (RoleInfo.java:updateAndGet(143)) - 7f29c796-0732-402f-b865-67033766dcba: start FollowerState
2019-10-17 20:29:06,128 [c07977b7-c8ef-4f3c-80b1-66a07c6e3dcd@group-C2BDBBDF155D-LeaderElection314] INFO  impl.LeaderElection (LeaderElection.java:logAndReturn(56)) - c07977b7-c8ef-4f3c-80b1-66a07c6e3dcd@group-C2BDBBDF155D-LeaderElection314: Election REJECTED; received 2 response(s) [c07977b7-c8ef-4f3c-80b1-66a07c6e3dcd<-d81605c5-54b3-45a8-b5ae-2e8d8890cbef#0:FAIL-t317, c07977b7-c8ef-4f3c-80b1-66a07c6e3dcd<-7f29c796-0732-402f-b865-67033766dcba#0:FAIL-t317] and 0 exception(s); c07977b7-c8ef-4f3c-80b1-66a07c6e3dcd@group-C2BDBBDF155D:t317, leader=null, voted=c07977b7-c8ef-4f3c-80b1-66a07c6e3dcd, raftlog=c07977b7-c8ef-4f3c-80b1-66a07c6e3dcd@group-C2BDBBDF155D-SegmentedRaftLog:OPENED:c-1,f-1,i0, conf=-1: [d81605c5-54b3-45a8-b5ae-2e8d8890cbef:192.168.164.201:42755, 7f29c796-0732-402f-b865-67033766dcba:192.168.164.201:40704, c07977b7-c8ef-4f3c-80b1-66a07c6e3dcd:192.168.164.201:38664], old=null
2019-10-17 20:29:06,128 [c07977b7-c8ef-4f3c-80b1-66a07c6e3dcd@group-C2BDBBDF155D-LeaderElection314] INFO  impl.RaftServerImpl (RaftServerImpl.java:setRole(184)) - c07977b7-c8ef-4f3c-80b1-66a07c6e3dcd@group-C2BDBBDF155D: changes role from CANDIDATE to FOLLOWER at term 317 for DISCOVERED_A_NEW_TERM
2019-10-17 20:29:06,128 [c07977b7-c8ef-4f3c-80b1-66a07c6e3dcd@group-C2BDBBDF155D-LeaderElection314] INFO  impl.RoleInfo (RoleInfo.java:shutdownLeaderElection(134)) - c07977b7-c8ef-4f3c-80b1-66a07c6e3dcd: shutdown LeaderElection
2019-10-17 20:29:06,128 [c07977b7-c8ef-4f3c-80b1-66a07c6e3dcd@group-C2BDBBDF155D-LeaderElection314] INFO  impl.RoleInfo (RoleInfo.java:updateAndGet(143)) - c07977b7-c8ef-4f3c-80b1-66a07c6e3dcd: start FollowerState
2019-10-17 20:29:06,172 [Thread-2892] INFO  impl.FollowerState (FollowerState.java:run(108)) - c07977b7-c8ef-4f3c-80b1-66a07c6e3dcd@group-C2BDBBDF155D-FollowerState: change to CANDIDATE, lastRpcTime:43ms, electionTimeout:43ms
2019-10-17 20:29:06,172 [Thread-2892] INFO  impl.RoleInfo (RoleInfo.java:shutdownFollowerState(121)) - c07977b7-c8ef-4f3c-80b1-66a07c6e3dcd: shutdown FollowerState
2019-10-17 20:29:06,172 [Thread-2892] INFO  impl.RaftServerImpl (RaftServerImpl.java:setRole(184)) - c07977b7-c8ef-4f3c-80b1-66a07c6e3dcd@group-C2BDBBDF155D: changes role from  FOLLOWER to CANDIDATE at term 317 for changeToCandidate
2019-10-17 20:29:06,172 [Thread-2892] INFO  impl.RoleInfo (RoleInfo.java:updateAndGet(143)) - c07977b7-c8ef-4f3c-80b1-66a07c6e3dcd: start LeaderElection
2019-10-17 20:29:06,202 [c07977b7-c8ef-4f3c-80b1-66a07c6e3dcd@group-C2BDBBDF155D-LeaderElection315] INFO  impl.LeaderElection (LeaderElection.java:askForVotes(178)) - c07977b7-c8ef-4f3c-80b1-66a07c6e3dcd@group-C2BDBBDF155D-LeaderElection315: begin an election at term 318 for -1: [d81605c5-54b3-45a8-b5ae-2e8d8890cbef:192.168.164.201:42755, 7f29c796-0732-402f-b865-67033766dcba:192.168.164.201:40704, c07977b7-c8ef-4f3c-80b1-66a07c6e3dcd:192.168.164.201:38664], old=null
2019-10-17 20:29:06,204 [grpc-default-executor-2] INFO  impl.RaftServerImpl (RaftServerImpl.java:setRole(184)) - d81605c5-54b3-45a8-b5ae-2e8d8890cbef@group-C2BDBBDF155D: changes role from  FOLLOWER to FOLLOWER at term 318 for recognizeCandidate:c07977b7-c8ef-4f3c-80b1-66a07c6e3dcd
2019-10-17 20:29:06,204 [grpc-default-executor-2] INFO  impl.RoleInfo (RoleInfo.java:shutdownFollowerState(121)) - d81605c5-54b3-45a8-b5ae-2e8d8890cbef: shutdown FollowerState
2019-10-17 20:29:06,204 [grpc-default-executor-2] INFO  impl.RoleInfo (RoleInfo.java:updateAndGet(143)) - d81605c5-54b3-45a8-b5ae-2e8d8890cbef: start FollowerState
2019-10-17 20:29:06,204 [grpc-default-executor-4] INFO  impl.RaftServerImpl (RaftServerImpl.java:setRole(184)) - 7f29c796-0732-402f-b865-67033766dcba@group-C2BDBBDF155D: changes role from  FOLLOWER to FOLLOWER at term 318 for recognizeCandidate:c07977b7-c8ef-4f3c-80b1-66a07c6e3dcd
2019-10-17 20:29:06,204 [Thread-2890] INFO  impl.FollowerState (FollowerState.java:run(117)) - d81605c5-54b3-45a8-b5ae-2e8d8890cbef@group-C2BDBBDF155D-FollowerState was interrupted: java.lang.InterruptedException: sleep interrupted
2019-10-17 20:29:06,205 [grpc-default-executor-4] INFO  impl.RoleInfo (RoleInfo.java:shutdownFollowerState(121)) - 7f29c796-0732-402f-b865-67033766dcba: shutdown FollowerState
2019-10-17 20:29:06,205 [grpc-default-executor-4] INFO  impl.RoleInfo (RoleInfo.java:updateAndGet(143)) - 7f29c796-0732-402f-b865-67033766dcba: start FollowerState
2019-10-17 20:29:06,205 [Thread-2891] INFO  impl.FollowerState (FollowerState.java:run(117)) - 7f29c796-0732-402f-b865-67033766dcba@group-C2BDBBDF155D-FollowerState was interrupted: java.lang.InterruptedException: sleep interrupted
2019-10-17 20:29:06,228 [c07977b7-c8ef-4f3c-80b1-66a07c6e3dcd@group-C2BDBBDF155D-LeaderElection315] INFO  impl.LeaderElection (LeaderElection.java:logAndReturn(56)) - c07977b7-c8ef-4f3c-80b1-66a07c6e3dcd@group-C2BDBBDF155D-LeaderElection315: Election REJECTED; received 2 response(s) [c07977b7-c8ef-4f3c-80b1-66a07c6e3dcd<-d81605c5-54b3-45a8-b5ae-2e8d8890cbef#0:FAIL-t318, c07977b7-c8ef-4f3c-80b1-66a07c6e3dcd<-7f29c796-0732-402f-b865-67033766dcba#0:FAIL-t318] and 0 exception(s); c07977b7-c8ef-4f3c-80b1-66a07c6e3dcd@group-C2BDBBDF155D:t318, leader=null, voted=c07977b7-c8ef-4f3c-80b1-66a07c6e3dcd, raftlog=c07977b7-c8ef-4f3c-80b1-66a07c6e3dcd@group-C2BDBBDF155D-SegmentedRaftLog:OPENED:c-1,f-1,i0, conf=-1: [d81605c5-54b3-45a8-b5ae-2e8d8890cbef:192.168.164.201:42755, 7f29c796-0732-402f-b865-67033766dcba:192.168.164.201:40704, c07977b7-c8ef-4f3c-80b1-66a07c6e3dcd:192.168.164.201:38664], old=null
2019-10-17 20:29:06,228 [c07977b7-c8ef-4f3c-80b1-66a07c6e3dcd@group-C2BDBBDF155D-LeaderElection315] INFO  impl.RaftServerImpl (RaftServerImpl.java:setRole(184)) - c07977b7-c8ef-4f3c-80b1-66a07c6e3dcd@group-C2BDBBDF155D: changes role from CANDIDATE to FOLLOWER at term 318 for DISCOVERED_A_NEW_TERM
2019-10-17 20:29:06,228 [c07977b7-c8ef-4f3c-80b1-66a07c6e3dcd@group-C2BDBBDF155D-LeaderElection315] INFO  impl.RoleInfo (RoleInfo.java:shutdownLeaderElection(134)) - c07977b7-c8ef-4f3c-80b1-66a07c6e3dcd: shutdown LeaderElection
2019-10-17 20:29:06,229 [c07977b7-c8ef-4f3c-80b1-66a07c6e3dcd@group-C2BDBBDF155D-LeaderElection315] INFO  impl.RoleInfo (RoleInfo.java:updateAndGet(143)) - c07977b7-c8ef-4f3c-80b1-66a07c6e3dcd: start FollowerState
2019-10-17 20:29:06,284 [Thread-2898] INFO  impl.FollowerState (FollowerState.java:run(108)) - c07977b7-c8ef-4f3c-80b1-66a07c6e3dcd@group-C2BDBBDF155D-FollowerState: change to CANDIDATE, lastRpcTime:55ms, electionTimeout:55ms
2019-10-17 20:29:06,284 [Thread-2898] INFO  impl.RoleInfo (RoleInfo.java:shutdownFollowerState(121)) - c07977b7-c8ef-4f3c-80b1-66a07c6e3dcd: shutdown FollowerState
2019-10-17 20:29:06,284 [Thread-2898] INFO  impl.RaftServerImpl (RaftServerImpl.java:setRole(184)) - c07977b7-c8ef-4f3c-80b1-66a07c6e3dcd@group-C2BDBBDF155D: changes role from  FOLLOWER to CANDIDATE at term 318 for changeToCandidate
2019-10-17 20:29:06,284 [Thread-2898] INFO  impl.RoleInfo (RoleInfo.java:updateAndGet(143)) - c07977b7-c8ef-4f3c-80b1-66a07c6e3dcd: start LeaderElection
2019-10-17 20:29:06,311 [c07977b7-c8ef-4f3c-80b1-66a07c6e3dcd@group-C2BDBBDF155D-LeaderElection316] INFO  impl.LeaderElection (LeaderElection.java:askForVotes(178)) - c07977b7-c8ef-4f3c-80b1-66a07c6e3dcd@group-C2BDBBDF155D-LeaderElection316: begin an election at term 319 for -1: [d81605c5-54b3-45a8-b5ae-2e8d8890cbef:192.168.164.201:42755, 7f29c796-0732-402f-b865-67033766dcba:192.168.164.201:40704, c07977b7-c8ef-4f3c-80b1-66a07c6e3dcd:192.168.164.201:38664], old=null
2019-10-17 20:29:06,313 [grpc-default-executor-4] INFO  impl.RaftServerImpl (RaftServerImpl.java:setRole(184)) - d81605c5-54b3-45a8-b5ae-2e8d8890cbef@group-C2BDBBDF155D: changes role from  FOLLOWER to FOLLOWER at term 319 for recognizeCandidate:c07977b7-c8ef-4f3c-80b1-66a07c6e3dcd
2019-10-17 20:29:06,313 [grpc-default-executor-4] INFO  impl.RoleInfo (RoleInfo.java:shutdownFollowerState(121)) - d81605c5-54b3-45a8-b5ae-2e8d8890cbef: shutdown FollowerState
2019-10-17 20:29:06,313 [grpc-default-executor-2] INFO  impl.RaftServerImpl (RaftServerImpl.java:setRole(184)) - 7f29c796-0732-402f-b865-67033766dcba@group-C2BDBBDF155D: changes role from  FOLLOWER to FOLLOWER at term 319 for recognizeCandidate:c07977b7-c8ef-4f3c-80b1-66a07c6e3dcd
2019-10-17 20:29:06,313 [Thread-2896] INFO  impl.FollowerState (FollowerState.java:run(117)) - d81605c5-54b3-45a8-b5ae-2e8d8890cbef@group-C2BDBBDF155D-FollowerState was interrupted: java.lang.InterruptedException: sleep interrupted
2019-10-17 20:29:06,313 [grpc-default-executor-4] INFO  impl.RoleInfo (RoleInfo.java:updateAndGet(143)) - d81605c5-54b3-45a8-b5ae-2e8d8890cbef: start FollowerState
2019-10-17 20:29:06,314 [grpc-default-executor-2] INFO  impl.RoleInfo (RoleInfo.java:shutdownFollowerState(121)) - 7f29c796-0732-402f-b865-67033766dcba: shutdown FollowerState
2019-10-17 20:29:06,314 [grpc-default-executor-2] INFO  impl.RoleInfo (RoleInfo.java:updateAndGet(143)) - 7f29c796-0732-402f-b865-67033766dcba: start FollowerState
2019-10-17 20:29:06,314 [Thread-2897] INFO  impl.FollowerState (FollowerState.java:run(117)) - 7f29c796-0732-402f-b865-67033766dcba@group-C2BDBBDF155D-FollowerState was interrupted: java.lang.InterruptedException: sleep interrupted
2019-10-17 20:29:06,337 [c07977b7-c8ef-4f3c-80b1-66a07c6e3dcd@group-C2BDBBDF155D-LeaderElection316] INFO  impl.LeaderElection (LeaderElection.java:logAndReturn(56)) - c07977b7-c8ef-4f3c-80b1-66a07c6e3dcd@group-C2BDBBDF155D-LeaderElection316: Election REJECTED; received 2 response(s) [c07977b7-c8ef-4f3c-80b1-66a07c6e3dcd<-d81605c5-54b3-45a8-b5ae-2e8d8890cbef#0:FAIL-t319, c07977b7-c8ef-4f3c-80b1-66a07c6e3dcd<-7f29c796-0732-402f-b865-67033766dcba#0:FAIL-t319] and 0 exception(s); c07977b7-c8ef-4f3c-80b1-66a07c6e3dcd@group-C2BDBBDF155D:t319, leader=null, voted=c07977b7-c8ef-4f3c-80b1-66a07c6e3dcd, raftlog=c07977b7-c8ef-4f3c-80b1-66a07c6e3dcd@group-C2BDBBDF155D-SegmentedRaftLog:OPENED:c-1,f-1,i0, conf=-1: [d81605c5-54b3-45a8-b5ae-2e8d8890cbef:192.168.164.201:42755, 7f29c796-0732-402f-b865-67033766dcba:192.168.164.201:40704, c07977b7-c8ef-4f3c-80b1-66a07c6e3dcd:192.168.164.201:38664], old=null
2019-10-17 20:29:06,337 [c07977b7-c8ef-4f3c-80b1-66a07c6e3dcd@group-C2BDBBDF155D-LeaderElection316] INFO  impl.RaftServerImpl (RaftServerImpl.java:setRole(184)) - c07977b7-c8ef-4f3c-80b1-66a07c6e3dcd@group-C2BDBBDF155D: changes role from CANDIDATE to FOLLOWER at term 319 for DISCOVERED_A_NEW_TERM
2019-10-17 20:29:06,337 [c07977b7-c8ef-4f3c-80b1-66a07c6e3dcd@group-C2BDBBDF155D-LeaderElection316] INFO  impl.RoleInfo (RoleInfo.java:shutdownLeaderElection(134)) - c07977b7-c8ef-4f3c-80b1-66a07c6e3dcd: shutdown LeaderElection
2019-10-17 20:29:06,338 [c07977b7-c8ef-4f3c-80b1-66a07c6e3dcd@group-C2BDBBDF155D-LeaderElection316] INFO  impl.RoleInfo (RoleInfo.java:updateAndGet(143)) - c07977b7-c8ef-4f3c-80b1-66a07c6e3dcd: start FollowerState
2019-10-17 20:29:06,353 [Thread-2904] INFO  impl.FollowerState (FollowerState.java:run(108)) - c07977b7-c8ef-4f3c-80b1-66a07c6e3dcd@group-C2BDBBDF155D-FollowerState: change to CANDIDATE, lastRpcTime:15ms, electionTimeout:15ms
2019-10-17 20:29:06,353 [Thread-2904] INFO  impl.RoleInfo (RoleInfo.java:shutdownFollowerState(121)) - c07977b7-c8ef-4f3c-80b1-66a07c6e3dcd: shutdown FollowerState
2019-10-17 20:29:06,353 [Thread-2904] INFO  impl.RaftServerImpl (RaftServerImpl.java:setRole(184)) - c07977b7-c8ef-4f3c-80b1-66a07c6e3dcd@group-C2BDBBDF155D: changes role from  FOLLOWER to CANDIDATE at term 319 for changeToCandidate
2019-10-17 20:29:06,353 [Thread-2904] INFO  impl.RoleInfo (RoleInfo.java:updateAndGet(143)) - c07977b7-c8ef-4f3c-80b1-66a07c6e3dcd: start LeaderElection
2019-10-17 20:29:06,379 [c07977b7-c8ef-4f3c-80b1-66a07c6e3dcd@group-C2BDBBDF155D-LeaderElection317] INFO  impl.LeaderElection (LeaderElection.java:askForVotes(178)) - c07977b7-c8ef-4f3c-80b1-66a07c6e3dcd@group-C2BDBBDF155D-LeaderElection317: begin an election at term 320 for -1: [d81605c5-54b3-45a8-b5ae-2e8d8890cbef:192.168.164.201:42755, 7f29c796-0732-402f-b865-67033766dcba:192.168.164.201:40704, c07977b7-c8ef-4f3c-80b1-66a07c6e3dcd:192.168.164.201:38664], old=null
2019-10-17 20:29:06,381 [grpc-default-executor-4] INFO  impl.RaftServerImpl (RaftServerImpl.java:setRole(184)) - d81605c5-54b3-45a8-b5ae-2e8d8890cbef@group-C2BDBBDF155D: changes role from  FOLLOWER to FOLLOWER at term 320 for recognizeCandidate:c07977b7-c8ef-4f3c-80b1-66a07c6e3dcd
2019-10-17 20:29:06,381 [grpc-default-executor-4] INFO  impl.RoleInfo (RoleInfo.java:shutdownFollowerState(121)) - d81605c5-54b3-45a8-b5ae-2e8d8890cbef: shutdown FollowerState
2019-10-17 20:29:06,381 [grpc-default-executor-4] INFO  impl.RoleInfo (RoleInfo.java:updateAndGet(143)) - d81605c5-54b3-45a8-b5ae-2e8d8890cbef: start FollowerState
2019-10-17 20:29:06,381 [Thread-2902] INFO  impl.FollowerState (FollowerState.java:run(117)) - d81605c5-54b3-45a8-b5ae-2e8d8890cbef@group-C2BDBBDF155D-FollowerState was interrupted: java.lang.InterruptedException: sleep interrupted
2019-10-17 20:29:06,381 [grpc-default-executor-2] INFO  impl.RaftServerImpl (RaftServerImpl.java:setRole(184)) - 7f29c796-0732-402f-b865-67033766dcba@group-C2BDBBDF155D: changes role from  FOLLOWER to FOLLOWER at term 320 for recognizeCandidate:c07977b7-c8ef-4f3c-80b1-66a07c6e3dcd
2019-10-17 20:29:06,381 [grpc-default-executor-2] INFO  impl.RoleInfo (RoleInfo.java:shutdownFollowerState(121)) - 7f29c796-0732-402f-b865-67033766dcba: shutdown FollowerState
2019-10-17 20:29:06,382 [grpc-default-executor-2] INFO  impl.RoleInfo (RoleInfo.java:updateAndGet(143)) - 7f29c796-0732-402f-b865-67033766dcba: start FollowerState
2019-10-17 20:29:06,382 [Thread-2903] INFO  impl.FollowerState (FollowerState.java:run(117)) - 7f29c796-0732-402f-b865-67033766dcba@group-C2BDBBDF155D-FollowerState was interrupted: java.lang.InterruptedException: sleep interrupted
2019-10-17 20:29:06,406 [c07977b7-c8ef-4f3c-80b1-66a07c6e3dcd@group-C2BDBBDF155D-LeaderElection317] INFO  impl.LeaderElection (LeaderElection.java:logAndReturn(56)) - c07977b7-c8ef-4f3c-80b1-66a07c6e3dcd@group-C2BDBBDF155D-LeaderElection317: Election REJECTED; received 2 response(s) [c07977b7-c8ef-4f3c-80b1-66a07c6e3dcd<-d81605c5-54b3-45a8-b5ae-2e8d8890cbef#0:FAIL-t320, c07977b7-c8ef-4f3c-80b1-66a07c6e3dcd<-7f29c796-0732-402f-b865-67033766dcba#0:FAIL-t320] and 0 exception(s); c07977b7-c8ef-4f3c-80b1-66a07c6e3dcd@group-C2BDBBDF155D:t320, leader=null, voted=c07977b7-c8ef-4f3c-80b1-66a07c6e3dcd, raftlog=c07977b7-c8ef-4f3c-80b1-66a07c6e3dcd@group-C2BDBBDF155D-SegmentedRaftLog:OPENED:c-1,f-1,i0, conf=-1: [d81605c5-54b3-45a8-b5ae-2e8d8890cbef:192.168.164.201:42755, 7f29c796-0732-402f-b865-67033766dcba:192.168.164.201:40704, c07977b7-c8ef-4f3c-80b1-66a07c6e3dcd:192.168.164.201:38664], old=null
2019-10-17 20:29:06,406 [c07977b7-c8ef-4f3c-80b1-66a07c6e3dcd@group-C2BDBBDF155D-LeaderElection317] INFO  impl.RaftServerImpl (RaftServerImpl.java:setRole(184)) - c07977b7-c8ef-4f3c-80b1-66a07c6e3dcd@group-C2BDBBDF155D: changes role from CANDIDATE to FOLLOWER at term 320 for DISCOVERED_A_NEW_TERM
2019-10-17 20:29:06,406 [c07977b7-c8ef-4f3c-80b1-66a07c6e3dcd@group-C2BDBBDF155D-LeaderElection317] INFO  impl.RoleInfo (RoleInfo.java:shutdownLeaderElection(134)) - c07977b7-c8ef-4f3c-80b1-66a07c6e3dcd: shutdown LeaderElection
2019-10-17 20:29:06,406 [c07977b7-c8ef-4f3c-80b1-66a07c6e3dcd@group-C2BDBBDF155D-LeaderElection317] INFO  impl.RoleInfo (RoleInfo.java:updateAndGet(143)) - c07977b7-c8ef-4f3c-80b1-66a07c6e3dcd: start FollowerState
2019-10-17 20:29:06,439 [Thread-2910] INFO  impl.FollowerState (FollowerState.java:run(108)) - c07977b7-c8ef-4f3c-80b1-66a07c6e3dcd@group-C2BDBBDF155D-FollowerState: change to CANDIDATE, lastRpcTime:32ms, electionTimeout:32ms
2019-10-17 20:29:06,439 [Thread-2910] INFO  impl.RoleInfo (RoleInfo.java:shutdownFollowerState(121)) - c07977b7-c8ef-4f3c-80b1-66a07c6e3dcd: shutdown FollowerState
2019-10-17 20:29:06,439 [Thread-2910] INFO  impl.RaftServerImpl (RaftServerImpl.java:setRole(184)) - c07977b7-c8ef-4f3c-80b1-66a07c6e3dcd@group-C2BDBBDF155D: changes role from  FOLLOWER to CANDIDATE at term 320 for changeToCandidate
2019-10-17 20:29:06,439 [Thread-2910] INFO  impl.RoleInfo (RoleInfo.java:updateAndGet(143)) - c07977b7-c8ef-4f3c-80b1-66a07c6e3dcd: start LeaderElection
2019-10-17 20:29:06,464 [c07977b7-c8ef-4f3c-80b1-66a07c6e3dcd@group-C2BDBBDF155D-LeaderElection318] INFO  impl.LeaderElection (LeaderElection.java:askForVotes(178)) - c07977b7-c8ef-4f3c-80b1-66a07c6e3dcd@group-C2BDBBDF155D-LeaderElection318: begin an election at term 321 for -1: [d81605c5-54b3-45a8-b5ae-2e8d8890cbef:192.168.164.201:42755, 7f29c796-0732-402f-b865-67033766dcba:192.168.164.201:40704, c07977b7-c8ef-4f3c-80b1-66a07c6e3dcd:192.168.164.201:38664], old=null
2019-10-17 20:29:06,467 [grpc-default-executor-2] INFO  impl.RaftServerImpl (RaftServerImpl.java:setRole(184)) - 7f29c796-0732-402f-b865-67033766dcba@group-C2BDBBDF155D: changes role from  FOLLOWER to FOLLOWER at term 321 for recognizeCandidate:c07977b7-c8ef-4f3c-80b1-66a07c6e3dcd
2019-10-17 20:29:06,467 [grpc-default-executor-2] INFO  impl.RoleInfo (RoleInfo.java:shutdownFollowerState(121)) - 7f29c796-0732-402f-b865-67033766dcba: shutdown FollowerState
2019-10-17 20:29:06,467 [grpc-default-executor-4] INFO  impl.RaftServerImpl (RaftServerImpl.java:setRole(184)) - d81605c5-54b3-45a8-b5ae-2e8d8890cbef@group-C2BDBBDF155D: changes role from  FOLLOWER to FOLLOWER at term 321 for recognizeCandidate:c07977b7-c8ef-4f3c-80b1-66a07c6e3dcd
2019-10-17 20:29:06,467 [Thread-2909] INFO  impl.FollowerState (FollowerState.java:run(117)) - 7f29c796-0732-402f-b865-67033766dcba@group-C2BDBBDF155D-FollowerState was interrupted: java.lang.InterruptedException: sleep interrupted
2019-10-17 20:29:06,467 [grpc-default-executor-2] INFO  impl.RoleInfo (RoleInfo.java:updateAndGet(143)) - 7f29c796-0732-402f-b865-67033766dcba: start FollowerState
2019-10-17 20:29:06,468 [grpc-default-executor-4] INFO  impl.RoleInfo (RoleInfo.java:shutdownFollowerState(121)) - d81605c5-54b3-45a8-b5ae-2e8d8890cbef: shutdown FollowerState
2019-10-17 20:29:06,468 [grpc-default-executor-4] INFO  impl.RoleInfo (RoleInfo.java:updateAndGet(143)) - d81605c5-54b3-45a8-b5ae-2e8d8890cbef: start FollowerState
2019-10-17 20:29:06,468 [Thread-2908] INFO  impl.FollowerState (FollowerState.java:run(117)) - d81605c5-54b3-45a8-b5ae-2e8d8890cbef@group-C2BDBBDF155D-FollowerState was interrupted: java.lang.InterruptedException: sleep interrupted
2019-10-17 20:29:06,490 [c07977b7-c8ef-4f3c-80b1-66a07c6e3dcd@group-C2BDBBDF155D-LeaderElection318] INFO  impl.LeaderElection (LeaderElection.java:logAndReturn(56)) - c07977b7-c8ef-4f3c-80b1-66a07c6e3dcd@group-C2BDBBDF155D-LeaderElection318: Election REJECTED; received 2 response(s) [c07977b7-c8ef-4f3c-80b1-66a07c6e3dcd<-d81605c5-54b3-45a8-b5ae-2e8d8890cbef#0:FAIL-t321, c07977b7-c8ef-4f3c-80b1-66a07c6e3dcd<-7f29c796-0732-402f-b865-67033766dcba#0:FAIL-t321] and 0 exception(s); c07977b7-c8ef-4f3c-80b1-66a07c6e3dcd@group-C2BDBBDF155D:t321, leader=null, voted=c07977b7-c8ef-4f3c-80b1-66a07c6e3dcd, raftlog=c07977b7-c8ef-4f3c-80b1-66a07c6e3dcd@group-C2BDBBDF155D-SegmentedRaftLog:OPENED:c-1,f-1,i0, conf=-1: [d81605c5-54b3-45a8-b5ae-2e8d8890cbef:192.168.164.201:42755, 7f29c796-0732-402f-b865-67033766dcba:192.168.164.201:40704, c07977b7-c8ef-4f3c-80b1-66a07c6e3dcd:192.168.164.201:38664], old=null
2019-10-17 20:29:06,490 [c07977b7-c8ef-4f3c-80b1-66a07c6e3dcd@group-C2BDBBDF155D-LeaderElection318] INFO  impl.RaftServerImpl (RaftServerImpl.java:setRole(184)) - c07977b7-c8ef-4f3c-80b1-66a07c6e3dcd@group-C2BDBBDF155D: changes role from CANDIDATE to FOLLOWER at term 321 for DISCOVERED_A_NEW_TERM
2019-10-17 20:29:06,490 [c07977b7-c8ef-4f3c-80b1-66a07c6e3dcd@group-C2BDBBDF155D-LeaderElection318] INFO  impl.RoleInfo (RoleInfo.java:shutdownLeaderElection(134)) - c07977b7-c8ef-4f3c-80b1-66a07c6e3dcd: shutdown LeaderElection
2019-10-17 20:29:06,490 [c07977b7-c8ef-4f3c-80b1-66a07c6e3dcd@group-C2BDBBDF155D-LeaderElection318] INFO  impl.RoleInfo (RoleInfo.java:updateAndGet(143)) - c07977b7-c8ef-4f3c-80b1-66a07c6e3dcd: start FollowerState
2019-10-17 20:29:06,521 [Thread-2916] INFO  impl.FollowerState (FollowerState.java:run(108)) - c07977b7-c8ef-4f3c-80b1-66a07c6e3dcd@group-C2BDBBDF155D-FollowerState: change to CANDIDATE, lastRpcTime:30ms, electionTimeout:30ms
2019-10-17 20:29:06,521 [Thread-2916] INFO  impl.RoleInfo (RoleInfo.java:shutdownFollowerState(121)) - c07977b7-c8ef-4f3c-80b1-66a07c6e3dcd: shutdown FollowerState
2019-10-17 20:29:06,521 [Thread-2916] INFO  impl.RaftServerImpl (RaftServerImpl.java:setRole(184)) - c07977b7-c8ef-4f3c-80b1-66a07c6e3dcd@group-C2BDBBDF155D: changes role from  FOLLOWER to CANDIDATE at term 321 for changeToCandidate
2019-10-17 20:29:06,521 [Thread-2916] INFO  impl.RoleInfo (RoleInfo.java:updateAndGet(143)) - c07977b7-c8ef-4f3c-80b1-66a07c6e3dcd: start LeaderElection
2019-10-17 20:29:06,548 [c07977b7-c8ef-4f3c-80b1-66a07c6e3dcd@group-C2BDBBDF155D-LeaderElection319] INFO  impl.LeaderElection (LeaderElection.java:askForVotes(178)) - c07977b7-c8ef-4f3c-80b1-66a07c6e3dcd@group-C2BDBBDF155D-LeaderElection319: begin an election at term 322 for -1: [d81605c5-54b3-45a8-b5ae-2e8d8890cbef:192.168.164.201:42755, 7f29c796-0732-402f-b865-67033766dcba:192.168.164.201:40704, c07977b7-c8ef-4f3c-80b1-66a07c6e3dcd:192.168.164.201:38664], old=null
2019-10-17 20:29:06,550 [Thread-754] INFO  ozone.MiniOzoneClusterImpl (MiniOzoneClusterImpl.java:lambda$waitForClusterToBeReady$2(164)) - Waiting for 1 number of pipelines out of 4, to report a leader.
2019-10-17 20:29:06,551 [grpc-default-executor-2] INFO  impl.RaftServerImpl (RaftServerImpl.java:setRole(184)) - 7f29c796-0732-402f-b865-67033766dcba@group-C2BDBBDF155D: changes role from  FOLLOWER to FOLLOWER at term 322 for recognizeCandidate:c07977b7-c8ef-4f3c-80b1-66a07c6e3dcd
2019-10-17 20:29:06,551 [grpc-default-executor-2] INFO  impl.RoleInfo (RoleInfo.java:shutdownFollowerState(121)) - 7f29c796-0732-402f-b865-67033766dcba: shutdown FollowerState
2019-10-17 20:29:06,551 [grpc-default-executor-4] INFO  impl.RaftServerImpl (RaftServerImpl.java:setRole(184)) - d81605c5-54b3-45a8-b5ae-2e8d8890cbef@group-C2BDBBDF155D: changes role from  FOLLOWER to FOLLOWER at term 322 for recognizeCandidate:c07977b7-c8ef-4f3c-80b1-66a07c6e3dcd
2019-10-17 20:29:06,551 [Thread-2914] INFO  impl.FollowerState (FollowerState.java:run(117)) - 7f29c796-0732-402f-b865-67033766dcba@group-C2BDBBDF155D-FollowerState was interrupted: java.lang.InterruptedException: sleep interrupted
2019-10-17 20:29:06,551 [grpc-default-executor-2] INFO  impl.RoleInfo (RoleInfo.java:updateAndGet(143)) - 7f29c796-0732-402f-b865-67033766dcba: start FollowerState
2019-10-17 20:29:06,551 [grpc-default-executor-4] INFO  impl.RoleInfo (RoleInfo.java:shutdownFollowerState(121)) - d81605c5-54b3-45a8-b5ae-2e8d8890cbef: shutdown FollowerState
2019-10-17 20:29:06,552 [grpc-default-executor-4] INFO  impl.RoleInfo (RoleInfo.java:updateAndGet(143)) - d81605c5-54b3-45a8-b5ae-2e8d8890cbef: start FollowerState
2019-10-17 20:29:06,552 [Thread-2915] INFO  impl.FollowerState (FollowerState.java:run(117)) - d81605c5-54b3-45a8-b5ae-2e8d8890cbef@group-C2BDBBDF155D-FollowerState was interrupted: java.lang.InterruptedException: sleep interrupted
2019-10-17 20:29:06,574 [c07977b7-c8ef-4f3c-80b1-66a07c6e3dcd@group-C2BDBBDF155D-LeaderElection319] INFO  impl.LeaderElection (LeaderElection.java:logAndReturn(56)) - c07977b7-c8ef-4f3c-80b1-66a07c6e3dcd@group-C2BDBBDF155D-LeaderElection319: Election REJECTED; received 2 response(s) [c07977b7-c8ef-4f3c-80b1-66a07c6e3dcd<-d81605c5-54b3-45a8-b5ae-2e8d8890cbef#0:FAIL-t322, c07977b7-c8ef-4f3c-80b1-66a07c6e3dcd<-7f29c796-0732-402f-b865-67033766dcba#0:FAIL-t322] and 0 exception(s); c07977b7-c8ef-4f3c-80b1-66a07c6e3dcd@group-C2BDBBDF155D:t322, leader=null, voted=c07977b7-c8ef-4f3c-80b1-66a07c6e3dcd, raftlog=c07977b7-c8ef-4f3c-80b1-66a07c6e3dcd@group-C2BDBBDF155D-SegmentedRaftLog:OPENED:c-1,f-1,i0, conf=-1: [d81605c5-54b3-45a8-b5ae-2e8d8890cbef:192.168.164.201:42755, 7f29c796-0732-402f-b865-67033766dcba:192.168.164.201:40704, c07977b7-c8ef-4f3c-80b1-66a07c6e3dcd:192.168.164.201:38664], old=null
2019-10-17 20:29:06,574 [c07977b7-c8ef-4f3c-80b1-66a07c6e3dcd@group-C2BDBBDF155D-LeaderElection319] INFO  impl.RaftServerImpl (RaftServerImpl.java:setRole(184)) - c07977b7-c8ef-4f3c-80b1-66a07c6e3dcd@group-C2BDBBDF155D: changes role from CANDIDATE to FOLLOWER at term 322 for DISCOVERED_A_NEW_TERM
2019-10-17 20:29:06,574 [c07977b7-c8ef-4f3c-80b1-66a07c6e3dcd@group-C2BDBBDF155D-LeaderElection319] INFO  impl.RoleInfo (RoleInfo.java:shutdownLeaderElection(134)) - c07977b7-c8ef-4f3c-80b1-66a07c6e3dcd: shutdown LeaderElection
2019-10-17 20:29:06,575 [c07977b7-c8ef-4f3c-80b1-66a07c6e3dcd@group-C2BDBBDF155D-LeaderElection319] INFO  impl.RoleInfo (RoleInfo.java:updateAndGet(143)) - c07977b7-c8ef-4f3c-80b1-66a07c6e3dcd: start FollowerState
2019-10-17 20:29:06,768 [Thread-2922] INFO  impl.FollowerState (FollowerState.java:run(108)) - c07977b7-c8ef-4f3c-80b1-66a07c6e3dcd@group-C2BDBBDF155D-FollowerState: change to CANDIDATE, lastRpcTime:193ms, electionTimeout:193ms
2019-10-17 20:29:06,768 [Thread-2922] INFO  impl.RoleInfo (RoleInfo.java:shutdownFollowerState(121)) - c07977b7-c8ef-4f3c-80b1-66a07c6e3dcd: shutdown FollowerState
2019-10-17 20:29:06,768 [Thread-2922] INFO  impl.RaftServerImpl (RaftServerImpl.java:setRole(184)) - c07977b7-c8ef-4f3c-80b1-66a07c6e3dcd@group-C2BDBBDF155D: changes role from  FOLLOWER to CANDIDATE at term 322 for changeToCandidate
2019-10-17 20:29:06,769 [Thread-2922] INFO  impl.RoleInfo (RoleInfo.java:updateAndGet(143)) - c07977b7-c8ef-4f3c-80b1-66a07c6e3dcd: start LeaderElection
2019-10-17 20:29:06,799 [c07977b7-c8ef-4f3c-80b1-66a07c6e3dcd@group-C2BDBBDF155D-LeaderElection320] INFO  impl.LeaderElection (LeaderElection.java:askForVotes(178)) - c07977b7-c8ef-4f3c-80b1-66a07c6e3dcd@group-C2BDBBDF155D-LeaderElection320: begin an election at term 323 for -1: [d81605c5-54b3-45a8-b5ae-2e8d8890cbef:192.168.164.201:42755, 7f29c796-0732-402f-b865-67033766dcba:192.168.164.201:40704, c07977b7-c8ef-4f3c-80b1-66a07c6e3dcd:192.168.164.201:38664], old=null
2019-10-17 20:29:06,801 [grpc-default-executor-2] INFO  impl.RaftServerImpl (RaftServerImpl.java:setRole(184)) - 7f29c796-0732-402f-b865-67033766dcba@group-C2BDBBDF155D: changes role from  FOLLOWER to FOLLOWER at term 323 for recognizeCandidate:c07977b7-c8ef-4f3c-80b1-66a07c6e3dcd
2019-10-17 20:29:06,801 [grpc-default-executor-2] INFO  impl.RoleInfo (RoleInfo.java:shutdownFollowerState(121)) - 7f29c796-0732-402f-b865-67033766dcba: shutdown FollowerState
2019-10-17 20:29:06,801 [grpc-default-executor-4] INFO  impl.RaftServerImpl (RaftServerImpl.java:setRole(184)) - d81605c5-54b3-45a8-b5ae-2e8d8890cbef@group-C2BDBBDF155D: changes role from  FOLLOWER to FOLLOWER at term 323 for recognizeCandidate:c07977b7-c8ef-4f3c-80b1-66a07c6e3dcd
2019-10-17 20:29:06,801 [grpc-default-executor-4] INFO  impl.RoleInfo (RoleInfo.java:shutdownFollowerState(121)) - d81605c5-54b3-45a8-b5ae-2e8d8890cbef: shutdown FollowerState
2019-10-17 20:29:06,801 [grpc-default-executor-2] INFO  impl.RoleInfo (RoleInfo.java:updateAndGet(143)) - 7f29c796-0732-402f-b865-67033766dcba: start FollowerState
2019-10-17 20:29:06,801 [Thread-2920] INFO  impl.FollowerState (FollowerState.java:run(117)) - 7f29c796-0732-402f-b865-67033766dcba@group-C2BDBBDF155D-FollowerState was interrupted: java.lang.InterruptedException: sleep interrupted
2019-10-17 20:29:06,802 [Thread-2921] INFO  impl.FollowerState (FollowerState.java:run(117)) - d81605c5-54b3-45a8-b5ae-2e8d8890cbef@group-C2BDBBDF155D-FollowerState was interrupted: java.lang.InterruptedException: sleep interrupted
2019-10-17 20:29:06,802 [grpc-default-executor-4] INFO  impl.RoleInfo (RoleInfo.java:updateAndGet(143)) - d81605c5-54b3-45a8-b5ae-2e8d8890cbef: start FollowerState
2019-10-17 20:29:06,825 [c07977b7-c8ef-4f3c-80b1-66a07c6e3dcd@group-C2BDBBDF155D-LeaderElection320] INFO  impl.LeaderElection (LeaderElection.java:logAndReturn(56)) - c07977b7-c8ef-4f3c-80b1-66a07c6e3dcd@group-C2BDBBDF155D-LeaderElection320: Election REJECTED; received 2 response(s) [c07977b7-c8ef-4f3c-80b1-66a07c6e3dcd<-d81605c5-54b3-45a8-b5ae-2e8d8890cbef#0:FAIL-t323, c07977b7-c8ef-4f3c-80b1-66a07c6e3dcd<-7f29c796-0732-402f-b865-67033766dcba#0:FAIL-t323] and 0 exception(s); c07977b7-c8ef-4f3c-80b1-66a07c6e3dcd@group-C2BDBBDF155D:t323, leader=null, voted=c07977b7-c8ef-4f3c-80b1-66a07c6e3dcd, raftlog=c07977b7-c8ef-4f3c-80b1-66a07c6e3dcd@group-C2BDBBDF155D-SegmentedRaftLog:OPENED:c-1,f-1,i0, conf=-1: [d81605c5-54b3-45a8-b5ae-2e8d8890cbef:192.168.164.201:42755, 7f29c796-0732-402f-b865-67033766dcba:192.168.164.201:40704, c07977b7-c8ef-4f3c-80b1-66a07c6e3dcd:192.168.164.201:38664], old=null
2019-10-17 20:29:06,825 [c07977b7-c8ef-4f3c-80b1-66a07c6e3dcd@group-C2BDBBDF155D-LeaderElection320] INFO  impl.RaftServerImpl (RaftServerImpl.java:setRole(184)) - c07977b7-c8ef-4f3c-80b1-66a07c6e3dcd@group-C2BDBBDF155D: changes role from CANDIDATE to FOLLOWER at term 323 for DISCOVERED_A_NEW_TERM
2019-10-17 20:29:06,825 [c07977b7-c8ef-4f3c-80b1-66a07c6e3dcd@group-C2BDBBDF155D-LeaderElection320] INFO  impl.RoleInfo (RoleInfo.java:shutdownLeaderElection(134)) - c07977b7-c8ef-4f3c-80b1-66a07c6e3dcd: shutdown LeaderElection
2019-10-17 20:29:06,825 [c07977b7-c8ef-4f3c-80b1-66a07c6e3dcd@group-C2BDBBDF155D-LeaderElection320] INFO  impl.RoleInfo (RoleInfo.java:updateAndGet(143)) - c07977b7-c8ef-4f3c-80b1-66a07c6e3dcd: start FollowerState
2019-10-17 20:29:06,908 [Thread-2928] INFO  impl.FollowerState (FollowerState.java:run(108)) - c07977b7-c8ef-4f3c-80b1-66a07c6e3dcd@group-C2BDBBDF155D-FollowerState: change to CANDIDATE, lastRpcTime:82ms, electionTimeout:82ms
2019-10-17 20:29:06,908 [Thread-2928] INFO  impl.RoleInfo (RoleInfo.java:shutdownFollowerState(121)) - c07977b7-c8ef-4f3c-80b1-66a07c6e3dcd: shutdown FollowerState
2019-10-17 20:29:06,908 [Thread-2928] INFO  impl.RaftServerImpl (RaftServerImpl.java:setRole(184)) - c07977b7-c8ef-4f3c-80b1-66a07c6e3dcd@group-C2BDBBDF155D: changes role from  FOLLOWER to CANDIDATE at term 323 for changeToCandidate
2019-10-17 20:29:06,908 [Thread-2928] INFO  impl.RoleInfo (RoleInfo.java:updateAndGet(143)) - c07977b7-c8ef-4f3c-80b1-66a07c6e3dcd: start LeaderElection
2019-10-17 20:29:06,933 [c07977b7-c8ef-4f3c-80b1-66a07c6e3dcd@group-C2BDBBDF155D-LeaderElection321] INFO  impl.LeaderElection (LeaderElection.java:askForVotes(178)) - c07977b7-c8ef-4f3c-80b1-66a07c6e3dcd@group-C2BDBBDF155D-LeaderElection321: begin an election at term 324 for -1: [d81605c5-54b3-45a8-b5ae-2e8d8890cbef:192.168.164.201:42755, 7f29c796-0732-402f-b865-67033766dcba:192.168.164.201:40704, c07977b7-c8ef-4f3c-80b1-66a07c6e3dcd:192.168.164.201:38664], old=null
2019-10-17 20:29:06,935 [grpc-default-executor-2] INFO  impl.RaftServerImpl (RaftServerImpl.java:setRole(184)) - d81605c5-54b3-45a8-b5ae-2e8d8890cbef@group-C2BDBBDF155D: changes role from  FOLLOWER to FOLLOWER at term 324 for recognizeCandidate:c07977b7-c8ef-4f3c-80b1-66a07c6e3dcd
2019-10-17 20:29:06,935 [grpc-default-executor-2] INFO  impl.RoleInfo (RoleInfo.java:shutdownFollowerState(121)) - d81605c5-54b3-45a8-b5ae-2e8d8890cbef: shutdown FollowerState
2019-10-17 20:29:06,935 [grpc-default-executor-4] INFO  impl.RaftServerImpl (RaftServerImpl.java:setRole(184)) - 7f29c796-0732-402f-b865-67033766dcba@group-C2BDBBDF155D: changes role from  FOLLOWER to FOLLOWER at term 324 for recognizeCandidate:c07977b7-c8ef-4f3c-80b1-66a07c6e3dcd
2019-10-17 20:29:06,935 [grpc-default-executor-4] INFO  impl.RoleInfo (RoleInfo.java:shutdownFollowerState(121)) - 7f29c796-0732-402f-b865-67033766dcba: shutdown FollowerState
2019-10-17 20:29:06,935 [Thread-2927] INFO  impl.FollowerState (FollowerState.java:run(117)) - d81605c5-54b3-45a8-b5ae-2e8d8890cbef@group-C2BDBBDF155D-FollowerState was interrupted: java.lang.InterruptedException: sleep interrupted
2019-10-17 20:29:06,935 [grpc-default-executor-2] INFO  impl.RoleInfo (RoleInfo.java:updateAndGet(143)) - d81605c5-54b3-45a8-b5ae-2e8d8890cbef: start FollowerState
2019-10-17 20:29:06,935 [Thread-2926] INFO  impl.FollowerState (FollowerState.java:run(117)) - 7f29c796-0732-402f-b865-67033766dcba@group-C2BDBBDF155D-FollowerState was interrupted: java.lang.InterruptedException: sleep interrupted
2019-10-17 20:29:06,935 [grpc-default-executor-4] INFO  impl.RoleInfo (RoleInfo.java:updateAndGet(143)) - 7f29c796-0732-402f-b865-67033766dcba: start FollowerState
2019-10-17 20:29:06,948 [c07977b7-c8ef-4f3c-80b1-66a07c6e3dcd@group-C2BDBBDF155D-LeaderElection321] INFO  impl.LeaderElection (LeaderElection.java:logAndReturn(56)) - c07977b7-c8ef-4f3c-80b1-66a07c6e3dcd@group-C2BDBBDF155D-LeaderElection321: Election TIMEOUT; received 0 response(s) [] and 0 exception(s); c07977b7-c8ef-4f3c-80b1-66a07c6e3dcd@group-C2BDBBDF155D:t324, leader=null, voted=c07977b7-c8ef-4f3c-80b1-66a07c6e3dcd, raftlog=c07977b7-c8ef-4f3c-80b1-66a07c6e3dcd@group-C2BDBBDF155D-SegmentedRaftLog:OPENED:c-1,f-1,i0, conf=-1: [d81605c5-54b3-45a8-b5ae-2e8d8890cbef:192.168.164.201:42755, 7f29c796-0732-402f-b865-67033766dcba:192.168.164.201:40704, c07977b7-c8ef-4f3c-80b1-66a07c6e3dcd:192.168.164.201:38664], old=null
2019-10-17 20:29:06,975 [c07977b7-c8ef-4f3c-80b1-66a07c6e3dcd@group-C2BDBBDF155D-LeaderElection321] INFO  impl.LeaderElection (LeaderElection.java:askForVotes(178)) - c07977b7-c8ef-4f3c-80b1-66a07c6e3dcd@group-C2BDBBDF155D-LeaderElection321: begin an election at term 325 for -1: [d81605c5-54b3-45a8-b5ae-2e8d8890cbef:192.168.164.201:42755, 7f29c796-0732-402f-b865-67033766dcba:192.168.164.201:40704, c07977b7-c8ef-4f3c-80b1-66a07c6e3dcd:192.168.164.201:38664], old=null
2019-10-17 20:29:06,977 [grpc-default-executor-2] INFO  impl.RaftServerImpl (RaftServerImpl.java:setRole(184)) - d81605c5-54b3-45a8-b5ae-2e8d8890cbef@group-C2BDBBDF155D: changes role from  FOLLOWER to FOLLOWER at term 325 for recognizeCandidate:c07977b7-c8ef-4f3c-80b1-66a07c6e3dcd
2019-10-17 20:29:06,977 [grpc-default-executor-2] INFO  impl.RoleInfo (RoleInfo.java:shutdownFollowerState(121)) - d81605c5-54b3-45a8-b5ae-2e8d8890cbef: shutdown FollowerState
2019-10-17 20:29:06,977 [grpc-default-executor-2] INFO  impl.RoleInfo (RoleInfo.java:updateAndGet(143)) - d81605c5-54b3-45a8-b5ae-2e8d8890cbef: start FollowerState
2019-10-17 20:29:06,977 [grpc-default-executor-4] INFO  impl.RaftServerImpl (RaftServerImpl.java:setRole(184)) - 7f29c796-0732-402f-b865-67033766dcba@group-C2BDBBDF155D: changes role from  FOLLOWER to FOLLOWER at term 325 for recognizeCandidate:c07977b7-c8ef-4f3c-80b1-66a07c6e3dcd
2019-10-17 20:29:06,977 [Thread-2932] INFO  impl.FollowerState (FollowerState.java:run(117)) - d81605c5-54b3-45a8-b5ae-2e8d8890cbef@group-C2BDBBDF155D-FollowerState was interrupted: java.lang.InterruptedException: sleep interrupted
2019-10-17 20:29:06,978 [grpc-default-executor-4] INFO  impl.RoleInfo (RoleInfo.java:shutdownFollowerState(121)) - 7f29c796-0732-402f-b865-67033766dcba: shutdown FollowerState
2019-10-17 20:29:06,978 [grpc-default-executor-4] INFO  impl.RoleInfo (RoleInfo.java:updateAndGet(143)) - 7f29c796-0732-402f-b865-67033766dcba: start FollowerState
2019-10-17 20:29:06,978 [Thread-2933] INFO  impl.FollowerState (FollowerState.java:run(117)) - 7f29c796-0732-402f-b865-67033766dcba@group-C2BDBBDF155D-FollowerState was interrupted: java.lang.InterruptedException: sleep interrupted
2019-10-17 20:29:06,993 [c07977b7-c8ef-4f3c-80b1-66a07c6e3dcd@group-C2BDBBDF155D-LeaderElection321] INFO  impl.LeaderElection (LeaderElection.java:logAndReturn(56)) - c07977b7-c8ef-4f3c-80b1-66a07c6e3dcd@group-C2BDBBDF155D-LeaderElection321: Election REJECTED; received 2 response(s) [c07977b7-c8ef-4f3c-80b1-66a07c6e3dcd<-d81605c5-54b3-45a8-b5ae-2e8d8890cbef#0:FAIL-t325, c07977b7-c8ef-4f3c-80b1-66a07c6e3dcd<-7f29c796-0732-402f-b865-67033766dcba#0:FAIL-t325] and 0 exception(s); c07977b7-c8ef-4f3c-80b1-66a07c6e3dcd@group-C2BDBBDF155D:t325, leader=null, voted=c07977b7-c8ef-4f3c-80b1-66a07c6e3dcd, raftlog=c07977b7-c8ef-4f3c-80b1-66a07c6e3dcd@group-C2BDBBDF155D-SegmentedRaftLog:OPENED:c-1,f-1,i0, conf=-1: [d81605c5-54b3-45a8-b5ae-2e8d8890cbef:192.168.164.201:42755, 7f29c796-0732-402f-b865-67033766dcba:192.168.164.201:40704, c07977b7-c8ef-4f3c-80b1-66a07c6e3dcd:192.168.164.201:38664], old=null
2019-10-17 20:29:06,993 [c07977b7-c8ef-4f3c-80b1-66a07c6e3dcd@group-C2BDBBDF155D-LeaderElection321] INFO  impl.RaftServerImpl (RaftServerImpl.java:setRole(184)) - c07977b7-c8ef-4f3c-80b1-66a07c6e3dcd@group-C2BDBBDF155D: changes role from CANDIDATE to FOLLOWER at term 325 for DISCOVERED_A_NEW_TERM
2019-10-17 20:29:06,993 [c07977b7-c8ef-4f3c-80b1-66a07c6e3dcd@group-C2BDBBDF155D-LeaderElection321] INFO  impl.RoleInfo (RoleInfo.java:shutdownLeaderElection(134)) - c07977b7-c8ef-4f3c-80b1-66a07c6e3dcd: shutdown LeaderElection
2019-10-17 20:29:06,993 [c07977b7-c8ef-4f3c-80b1-66a07c6e3dcd@group-C2BDBBDF155D-LeaderElection321] INFO  impl.RoleInfo (RoleInfo.java:updateAndGet(143)) - c07977b7-c8ef-4f3c-80b1-66a07c6e3dcd: start FollowerState
2019-10-17 20:29:07,152 [Thread-2938] INFO  impl.FollowerState (FollowerState.java:run(108)) - c07977b7-c8ef-4f3c-80b1-66a07c6e3dcd@group-C2BDBBDF155D-FollowerState: change to CANDIDATE, lastRpcTime:158ms, electionTimeout:158ms
2019-10-17 20:29:07,152 [Thread-2938] INFO  impl.RoleInfo (RoleInfo.java:shutdownFollowerState(121)) - c07977b7-c8ef-4f3c-80b1-66a07c6e3dcd: shutdown FollowerState
2019-10-17 20:29:07,152 [Thread-2938] INFO  impl.RaftServerImpl (RaftServerImpl.java:setRole(184)) - c07977b7-c8ef-4f3c-80b1-66a07c6e3dcd@group-C2BDBBDF155D: changes role from  FOLLOWER to CANDIDATE at term 325 for changeToCandidate
2019-10-17 20:29:07,152 [Thread-2938] INFO  impl.RoleInfo (RoleInfo.java:updateAndGet(143)) - c07977b7-c8ef-4f3c-80b1-66a07c6e3dcd: start LeaderElection
2019-10-17 20:29:07,184 [c07977b7-c8ef-4f3c-80b1-66a07c6e3dcd@group-C2BDBBDF155D-LeaderElection322] INFO  impl.LeaderElection (LeaderElection.java:askForVotes(178)) - c07977b7-c8ef-4f3c-80b1-66a07c6e3dcd@group-C2BDBBDF155D-LeaderElection322: begin an election at term 326 for -1: [d81605c5-54b3-45a8-b5ae-2e8d8890cbef:192.168.164.201:42755, 7f29c796-0732-402f-b865-67033766dcba:192.168.164.201:40704, c07977b7-c8ef-4f3c-80b1-66a07c6e3dcd:192.168.164.201:38664], old=null
2019-10-17 20:29:07,186 [grpc-default-executor-2] INFO  impl.RaftServerImpl (RaftServerImpl.java:setRole(184)) - d81605c5-54b3-45a8-b5ae-2e8d8890cbef@group-C2BDBBDF155D: changes role from  FOLLOWER to FOLLOWER at term 326 for recognizeCandidate:c07977b7-c8ef-4f3c-80b1-66a07c6e3dcd
2019-10-17 20:29:07,186 [grpc-default-executor-2] INFO  impl.RoleInfo (RoleInfo.java:shutdownFollowerState(121)) - d81605c5-54b3-45a8-b5ae-2e8d8890cbef: shutdown FollowerState
2019-10-17 20:29:07,186 [grpc-default-executor-4] INFO  impl.RaftServerImpl (RaftServerImpl.java:setRole(184)) - 7f29c796-0732-402f-b865-67033766dcba@group-C2BDBBDF155D: changes role from  FOLLOWER to FOLLOWER at term 326 for recognizeCandidate:c07977b7-c8ef-4f3c-80b1-66a07c6e3dcd
2019-10-17 20:29:07,187 [grpc-default-executor-4] INFO  impl.RoleInfo (RoleInfo.java:shutdownFollowerState(121)) - 7f29c796-0732-402f-b865-67033766dcba: shutdown FollowerState
2019-10-17 20:29:07,186 [Thread-2936] INFO  impl.FollowerState (FollowerState.java:run(117)) - d81605c5-54b3-45a8-b5ae-2e8d8890cbef@group-C2BDBBDF155D-FollowerState was interrupted: java.lang.InterruptedException: sleep interrupted
2019-10-17 20:29:07,186 [grpc-default-executor-2] INFO  impl.RoleInfo (RoleInfo.java:updateAndGet(143)) - d81605c5-54b3-45a8-b5ae-2e8d8890cbef: start FollowerState
2019-10-17 20:29:07,187 [Thread-2937] INFO  impl.FollowerState (FollowerState.java:run(117)) - 7f29c796-0732-402f-b865-67033766dcba@group-C2BDBBDF155D-FollowerState was interrupted: java.lang.InterruptedException: sleep interrupted
2019-10-17 20:29:07,187 [grpc-default-executor-4] INFO  impl.RoleInfo (RoleInfo.java:updateAndGet(143)) - 7f29c796-0732-402f-b865-67033766dcba: start FollowerState
2019-10-17 20:29:07,215 [c07977b7-c8ef-4f3c-80b1-66a07c6e3dcd@group-C2BDBBDF155D-LeaderElection322] INFO  impl.LeaderElection (LeaderElection.java:logAndReturn(56)) - c07977b7-c8ef-4f3c-80b1-66a07c6e3dcd@group-C2BDBBDF155D-LeaderElection322: Election TIMEOUT; received 0 response(s) [] and 0 exception(s); c07977b7-c8ef-4f3c-80b1-66a07c6e3dcd@group-C2BDBBDF155D:t326, leader=null, voted=c07977b7-c8ef-4f3c-80b1-66a07c6e3dcd, raftlog=c07977b7-c8ef-4f3c-80b1-66a07c6e3dcd@group-C2BDBBDF155D-SegmentedRaftLog:OPENED:c-1,f-1,i0, conf=-1: [d81605c5-54b3-45a8-b5ae-2e8d8890cbef:192.168.164.201:42755, 7f29c796-0732-402f-b865-67033766dcba:192.168.164.201:40704, c07977b7-c8ef-4f3c-80b1-66a07c6e3dcd:192.168.164.201:38664], old=null
2019-10-17 20:29:07,251 [c07977b7-c8ef-4f3c-80b1-66a07c6e3dcd@group-C2BDBBDF155D-LeaderElection322] INFO  impl.LeaderElection (LeaderElection.java:askForVotes(178)) - c07977b7-c8ef-4f3c-80b1-66a07c6e3dcd@group-C2BDBBDF155D-LeaderElection322: begin an election at term 327 for -1: [d81605c5-54b3-45a8-b5ae-2e8d8890cbef:192.168.164.201:42755, 7f29c796-0732-402f-b865-67033766dcba:192.168.164.201:40704, c07977b7-c8ef-4f3c-80b1-66a07c6e3dcd:192.168.164.201:38664], old=null
2019-10-17 20:29:07,253 [grpc-default-executor-2] INFO  impl.RaftServerImpl (RaftServerImpl.java:setRole(184)) - 7f29c796-0732-402f-b865-67033766dcba@group-C2BDBBDF155D: changes role from  FOLLOWER to FOLLOWER at term 327 for recognizeCandidate:c07977b7-c8ef-4f3c-80b1-66a07c6e3dcd
2019-10-17 20:29:07,254 [grpc-default-executor-2] INFO  impl.RoleInfo (RoleInfo.java:shutdownFollowerState(121)) - 7f29c796-0732-402f-b865-67033766dcba: shutdown FollowerState
2019-10-17 20:29:07,253 [grpc-default-executor-4] INFO  impl.RaftServerImpl (RaftServerImpl.java:setRole(184)) - d81605c5-54b3-45a8-b5ae-2e8d8890cbef@group-C2BDBBDF155D: changes role from  FOLLOWER to FOLLOWER at term 327 for recognizeCandidate:c07977b7-c8ef-4f3c-80b1-66a07c6e3dcd
2019-10-17 20:29:07,254 [Thread-2943] INFO  impl.FollowerState (FollowerState.java:run(117)) - 7f29c796-0732-402f-b865-67033766dcba@group-C2BDBBDF155D-FollowerState was interrupted: java.lang.InterruptedException: sleep interrupted
2019-10-17 20:29:07,254 [grpc-default-executor-2] INFO  impl.RoleInfo (RoleInfo.java:updateAndGet(143)) - 7f29c796-0732-402f-b865-67033766dcba: start FollowerState
2019-10-17 20:29:07,254 [grpc-default-executor-4] INFO  impl.RoleInfo (RoleInfo.java:shutdownFollowerState(121)) - d81605c5-54b3-45a8-b5ae-2e8d8890cbef: shutdown FollowerState
2019-10-17 20:29:07,254 [grpc-default-executor-4] INFO  impl.RoleInfo (RoleInfo.java:updateAndGet(143)) - d81605c5-54b3-45a8-b5ae-2e8d8890cbef: start FollowerState
2019-10-17 20:29:07,254 [Thread-2942] INFO  impl.FollowerState (FollowerState.java:run(117)) - d81605c5-54b3-45a8-b5ae-2e8d8890cbef@group-C2BDBBDF155D-FollowerState was interrupted: java.lang.InterruptedException: sleep interrupted
2019-10-17 20:29:07,278 [c07977b7-c8ef-4f3c-80b1-66a07c6e3dcd@group-C2BDBBDF155D-LeaderElection322] INFO  impl.LeaderElection (LeaderElection.java:logAndReturn(56)) - c07977b7-c8ef-4f3c-80b1-66a07c6e3dcd@group-C2BDBBDF155D-LeaderElection322: Election REJECTED; received 2 response(s) [c07977b7-c8ef-4f3c-80b1-66a07c6e3dcd<-d81605c5-54b3-45a8-b5ae-2e8d8890cbef#0:FAIL-t327, c07977b7-c8ef-4f3c-80b1-66a07c6e3dcd<-7f29c796-0732-402f-b865-67033766dcba#0:FAIL-t327] and 0 exception(s); c07977b7-c8ef-4f3c-80b1-66a07c6e3dcd@group-C2BDBBDF155D:t327, leader=null, voted=c07977b7-c8ef-4f3c-80b1-66a07c6e3dcd, raftlog=c07977b7-c8ef-4f3c-80b1-66a07c6e3dcd@group-C2BDBBDF155D-SegmentedRaftLog:OPENED:c-1,f-1,i0, conf=-1: [d81605c5-54b3-45a8-b5ae-2e8d8890cbef:192.168.164.201:42755, 7f29c796-0732-402f-b865-67033766dcba:192.168.164.201:40704, c07977b7-c8ef-4f3c-80b1-66a07c6e3dcd:192.168.164.201:38664], old=null
2019-10-17 20:29:07,278 [c07977b7-c8ef-4f3c-80b1-66a07c6e3dcd@group-C2BDBBDF155D-LeaderElection322] INFO  impl.RaftServerImpl (RaftServerImpl.java:setRole(184)) - c07977b7-c8ef-4f3c-80b1-66a07c6e3dcd@group-C2BDBBDF155D: changes role from CANDIDATE to FOLLOWER at term 327 for DISCOVERED_A_NEW_TERM
2019-10-17 20:29:07,278 [c07977b7-c8ef-4f3c-80b1-66a07c6e3dcd@group-C2BDBBDF155D-LeaderElection322] INFO  impl.RoleInfo (RoleInfo.java:shutdownLeaderElection(134)) - c07977b7-c8ef-4f3c-80b1-66a07c6e3dcd: shutdown LeaderElection
2019-10-17 20:29:07,278 [c07977b7-c8ef-4f3c-80b1-66a07c6e3dcd@group-C2BDBBDF155D-LeaderElection322] INFO  impl.RoleInfo (RoleInfo.java:updateAndGet(143)) - c07977b7-c8ef-4f3c-80b1-66a07c6e3dcd: start FollowerState
2019-10-17 20:29:07,334 [Thread-2948] INFO  impl.FollowerState (FollowerState.java:run(108)) - c07977b7-c8ef-4f3c-80b1-66a07c6e3dcd@group-C2BDBBDF155D-FollowerState: change to CANDIDATE, lastRpcTime:55ms, electionTimeout:55ms
2019-10-17 20:29:07,334 [Thread-2948] INFO  impl.RoleInfo (RoleInfo.java:shutdownFollowerState(121)) - c07977b7-c8ef-4f3c-80b1-66a07c6e3dcd: shutdown FollowerState
2019-10-17 20:29:07,334 [Thread-2948] INFO  impl.RaftServerImpl (RaftServerImpl.java:setRole(184)) - c07977b7-c8ef-4f3c-80b1-66a07c6e3dcd@group-C2BDBBDF155D: changes role from  FOLLOWER to CANDIDATE at term 327 for changeToCandidate
2019-10-17 20:29:07,334 [Thread-2948] INFO  impl.RoleInfo (RoleInfo.java:updateAndGet(143)) - c07977b7-c8ef-4f3c-80b1-66a07c6e3dcd: start LeaderElection
2019-10-17 20:29:07,360 [c07977b7-c8ef-4f3c-80b1-66a07c6e3dcd@group-C2BDBBDF155D-LeaderElection323] INFO  impl.LeaderElection (LeaderElection.java:askForVotes(178)) - c07977b7-c8ef-4f3c-80b1-66a07c6e3dcd@group-C2BDBBDF155D-LeaderElection323: begin an election at term 328 for -1: [d81605c5-54b3-45a8-b5ae-2e8d8890cbef:192.168.164.201:42755, 7f29c796-0732-402f-b865-67033766dcba:192.168.164.201:40704, c07977b7-c8ef-4f3c-80b1-66a07c6e3dcd:192.168.164.201:38664], old=null
2019-10-17 20:29:07,362 [grpc-default-executor-4] INFO  impl.RaftServerImpl (RaftServerImpl.java:setRole(184)) - d81605c5-54b3-45a8-b5ae-2e8d8890cbef@group-C2BDBBDF155D: changes role from  FOLLOWER to FOLLOWER at term 328 for recognizeCandidate:c07977b7-c8ef-4f3c-80b1-66a07c6e3dcd
2019-10-17 20:29:07,362 [grpc-default-executor-4] INFO  impl.RoleInfo (RoleInfo.java:shutdownFollowerState(121)) - d81605c5-54b3-45a8-b5ae-2e8d8890cbef: shutdown FollowerState
2019-10-17 20:29:07,362 [grpc-default-executor-2] INFO  impl.RaftServerImpl (RaftServerImpl.java:setRole(184)) - 7f29c796-0732-402f-b865-67033766dcba@group-C2BDBBDF155D: changes role from  FOLLOWER to FOLLOWER at term 328 for recognizeCandidate:c07977b7-c8ef-4f3c-80b1-66a07c6e3dcd
2019-10-17 20:29:07,363 [grpc-default-executor-2] INFO  impl.RoleInfo (RoleInfo.java:shutdownFollowerState(121)) - 7f29c796-0732-402f-b865-67033766dcba: shutdown FollowerState
2019-10-17 20:29:07,362 [Thread-2947] INFO  impl.FollowerState (FollowerState.java:run(117)) - d81605c5-54b3-45a8-b5ae-2e8d8890cbef@group-C2BDBBDF155D-FollowerState was interrupted: java.lang.InterruptedException: sleep interrupted
2019-10-17 20:29:07,362 [grpc-default-executor-4] INFO  impl.RoleInfo (RoleInfo.java:updateAndGet(143)) - d81605c5-54b3-45a8-b5ae-2e8d8890cbef: start FollowerState
2019-10-17 20:29:07,363 [Thread-2946] INFO  impl.FollowerState (FollowerState.java:run(117)) - 7f29c796-0732-402f-b865-67033766dcba@group-C2BDBBDF155D-FollowerState was interrupted: java.lang.InterruptedException: sleep interrupted
2019-10-17 20:29:07,363 [grpc-default-executor-2] INFO  impl.RoleInfo (RoleInfo.java:updateAndGet(143)) - 7f29c796-0732-402f-b865-67033766dcba: start FollowerState
2019-10-17 20:29:07,387 [c07977b7-c8ef-4f3c-80b1-66a07c6e3dcd@group-C2BDBBDF155D-LeaderElection323] INFO  impl.LeaderElection (LeaderElection.java:logAndReturn(56)) - c07977b7-c8ef-4f3c-80b1-66a07c6e3dcd@group-C2BDBBDF155D-LeaderElection323: Election REJECTED; received 2 response(s) [c07977b7-c8ef-4f3c-80b1-66a07c6e3dcd<-d81605c5-54b3-45a8-b5ae-2e8d8890cbef#0:FAIL-t328, c07977b7-c8ef-4f3c-80b1-66a07c6e3dcd<-7f29c796-0732-402f-b865-67033766dcba#0:FAIL-t328] and 0 exception(s); c07977b7-c8ef-4f3c-80b1-66a07c6e3dcd@group-C2BDBBDF155D:t328, leader=null, voted=c07977b7-c8ef-4f3c-80b1-66a07c6e3dcd, raftlog=c07977b7-c8ef-4f3c-80b1-66a07c6e3dcd@group-C2BDBBDF155D-SegmentedRaftLog:OPENED:c-1,f-1,i0, conf=-1: [d81605c5-54b3-45a8-b5ae-2e8d8890cbef:192.168.164.201:42755, 7f29c796-0732-402f-b865-67033766dcba:192.168.164.201:40704, c07977b7-c8ef-4f3c-80b1-66a07c6e3dcd:192.168.164.201:38664], old=null
2019-10-17 20:29:07,387 [c07977b7-c8ef-4f3c-80b1-66a07c6e3dcd@group-C2BDBBDF155D-LeaderElection323] INFO  impl.RaftServerImpl (RaftServerImpl.java:setRole(184)) - c07977b7-c8ef-4f3c-80b1-66a07c6e3dcd@group-C2BDBBDF155D: changes role from CANDIDATE to FOLLOWER at term 328 for DISCOVERED_A_NEW_TERM
2019-10-17 20:29:07,387 [c07977b7-c8ef-4f3c-80b1-66a07c6e3dcd@group-C2BDBBDF155D-LeaderElection323] INFO  impl.RoleInfo (RoleInfo.java:shutdownLeaderElection(134)) - c07977b7-c8ef-4f3c-80b1-66a07c6e3dcd: shutdown LeaderElection
2019-10-17 20:29:07,387 [c07977b7-c8ef-4f3c-80b1-66a07c6e3dcd@group-C2BDBBDF155D-LeaderElection323] INFO  impl.RoleInfo (RoleInfo.java:updateAndGet(143)) - c07977b7-c8ef-4f3c-80b1-66a07c6e3dcd: start FollowerState
2019-10-17 20:29:07,545 [Thread-2954] INFO  impl.FollowerState (FollowerState.java:run(108)) - c07977b7-c8ef-4f3c-80b1-66a07c6e3dcd@group-C2BDBBDF155D-FollowerState: change to CANDIDATE, lastRpcTime:157ms, electionTimeout:157ms
2019-10-17 20:29:07,545 [Thread-2954] INFO  impl.RoleInfo (RoleInfo.java:shutdownFollowerState(121)) - c07977b7-c8ef-4f3c-80b1-66a07c6e3dcd: shutdown FollowerState
2019-10-17 20:29:07,545 [Thread-2954] INFO  impl.RaftServerImpl (RaftServerImpl.java:setRole(184)) - c07977b7-c8ef-4f3c-80b1-66a07c6e3dcd@group-C2BDBBDF155D: changes role from  FOLLOWER to CANDIDATE at term 328 for changeToCandidate
2019-10-17 20:29:07,545 [Thread-2954] INFO  impl.RoleInfo (RoleInfo.java:updateAndGet(143)) - c07977b7-c8ef-4f3c-80b1-66a07c6e3dcd: start LeaderElection
2019-10-17 20:29:07,550 [Thread-754] INFO  ozone.MiniOzoneClusterImpl (MiniOzoneClusterImpl.java:lambda$waitForClusterToBeReady$2(164)) - Waiting for 1 number of pipelines out of 4, to report a leader.
2019-10-17 20:29:07,569 [c07977b7-c8ef-4f3c-80b1-66a07c6e3dcd@group-C2BDBBDF155D-LeaderElection324] INFO  impl.LeaderElection (LeaderElection.java:askForVotes(178)) - c07977b7-c8ef-4f3c-80b1-66a07c6e3dcd@group-C2BDBBDF155D-LeaderElection324: begin an election at term 329 for -1: [d81605c5-54b3-45a8-b5ae-2e8d8890cbef:192.168.164.201:42755, 7f29c796-0732-402f-b865-67033766dcba:192.168.164.201:40704, c07977b7-c8ef-4f3c-80b1-66a07c6e3dcd:192.168.164.201:38664], old=null
2019-10-17 20:29:07,572 [grpc-default-executor-2] INFO  impl.RaftServerImpl (RaftServerImpl.java:setRole(184)) - d81605c5-54b3-45a8-b5ae-2e8d8890cbef@group-C2BDBBDF155D: changes role from  FOLLOWER to FOLLOWER at term 329 for recognizeCandidate:c07977b7-c8ef-4f3c-80b1-66a07c6e3dcd
2019-10-17 20:29:07,572 [grpc-default-executor-2] INFO  impl.RoleInfo (RoleInfo.java:shutdownFollowerState(121)) - d81605c5-54b3-45a8-b5ae-2e8d8890cbef: shutdown FollowerState
2019-10-17 20:29:07,572 [grpc-default-executor-4] INFO  impl.RaftServerImpl (RaftServerImpl.java:setRole(184)) - 7f29c796-0732-402f-b865-67033766dcba@group-C2BDBBDF155D: changes role from  FOLLOWER to FOLLOWER at term 329 for recognizeCandidate:c07977b7-c8ef-4f3c-80b1-66a07c6e3dcd
2019-10-17 20:29:07,572 [grpc-default-executor-4] INFO  impl.RoleInfo (RoleInfo.java:shutdownFollowerState(121)) - 7f29c796-0732-402f-b865-67033766dcba: shutdown FollowerState
2019-10-17 20:29:07,572 [Thread-2952] INFO  impl.FollowerState (FollowerState.java:run(117)) - d81605c5-54b3-45a8-b5ae-2e8d8890cbef@group-C2BDBBDF155D-FollowerState was interrupted: java.lang.InterruptedException: sleep interrupted
2019-10-17 20:29:07,572 [Thread-2953] INFO  impl.FollowerState (FollowerState.java:run(117)) - 7f29c796-0732-402f-b865-67033766dcba@group-C2BDBBDF155D-FollowerState was interrupted: java.lang.InterruptedException: sleep interrupted
2019-10-17 20:29:07,572 [grpc-default-executor-2] INFO  impl.RoleInfo (RoleInfo.java:updateAndGet(143)) - d81605c5-54b3-45a8-b5ae-2e8d8890cbef: start FollowerState
2019-10-17 20:29:07,572 [grpc-default-executor-4] INFO  impl.RoleInfo (RoleInfo.java:updateAndGet(143)) - 7f29c796-0732-402f-b865-67033766dcba: start FollowerState
2019-10-17 20:29:07,596 [c07977b7-c8ef-4f3c-80b1-66a07c6e3dcd@group-C2BDBBDF155D-LeaderElection324] INFO  impl.LeaderElection (LeaderElection.java:logAndReturn(56)) - c07977b7-c8ef-4f3c-80b1-66a07c6e3dcd@group-C2BDBBDF155D-LeaderElection324: Election REJECTED; received 2 response(s) [c07977b7-c8ef-4f3c-80b1-66a07c6e3dcd<-d81605c5-54b3-45a8-b5ae-2e8d8890cbef#0:FAIL-t329, c07977b7-c8ef-4f3c-80b1-66a07c6e3dcd<-7f29c796-0732-402f-b865-67033766dcba#0:FAIL-t329] and 0 exception(s); c07977b7-c8ef-4f3c-80b1-66a07c6e3dcd@group-C2BDBBDF155D:t329, leader=null, voted=c07977b7-c8ef-4f3c-80b1-66a07c6e3dcd, raftlog=c07977b7-c8ef-4f3c-80b1-66a07c6e3dcd@group-C2BDBBDF155D-SegmentedRaftLog:OPENED:c-1,f-1,i0, conf=-1: [d81605c5-54b3-45a8-b5ae-2e8d8890cbef:192.168.164.201:42755, 7f29c796-0732-402f-b865-67033766dcba:192.168.164.201:40704, c07977b7-c8ef-4f3c-80b1-66a07c6e3dcd:192.168.164.201:38664], old=null
2019-10-17 20:29:07,596 [c07977b7-c8ef-4f3c-80b1-66a07c6e3dcd@group-C2BDBBDF155D-LeaderElection324] INFO  impl.RaftServerImpl (RaftServerImpl.java:setRole(184)) - c07977b7-c8ef-4f3c-80b1-66a07c6e3dcd@group-C2BDBBDF155D: changes role from CANDIDATE to FOLLOWER at term 329 for DISCOVERED_A_NEW_TERM
2019-10-17 20:29:07,596 [c07977b7-c8ef-4f3c-80b1-66a07c6e3dcd@group-C2BDBBDF155D-LeaderElection324] INFO  impl.RoleInfo (RoleInfo.java:shutdownLeaderElection(134)) - c07977b7-c8ef-4f3c-80b1-66a07c6e3dcd: shutdown LeaderElection
2019-10-17 20:29:07,596 [c07977b7-c8ef-4f3c-80b1-66a07c6e3dcd@group-C2BDBBDF155D-LeaderElection324] INFO  impl.RoleInfo (RoleInfo.java:updateAndGet(143)) - c07977b7-c8ef-4f3c-80b1-66a07c6e3dcd: start FollowerState
2019-10-17 20:29:07,689 [Thread-2960] INFO  impl.FollowerState (FollowerState.java:run(108)) - c07977b7-c8ef-4f3c-80b1-66a07c6e3dcd@group-C2BDBBDF155D-FollowerState: change to CANDIDATE, lastRpcTime:92ms, electionTimeout:92ms
2019-10-17 20:29:07,689 [Thread-2960] INFO  impl.RoleInfo (RoleInfo.java:shutdownFollowerState(121)) - c07977b7-c8ef-4f3c-80b1-66a07c6e3dcd: shutdown FollowerState
2019-10-17 20:29:07,689 [Thread-2960] INFO  impl.RaftServerImpl (RaftServerImpl.java:setRole(184)) - c07977b7-c8ef-4f3c-80b1-66a07c6e3dcd@group-C2BDBBDF155D: changes role from  FOLLOWER to CANDIDATE at term 329 for changeToCandidate
2019-10-17 20:29:07,689 [Thread-2960] INFO  impl.RoleInfo (RoleInfo.java:updateAndGet(143)) - c07977b7-c8ef-4f3c-80b1-66a07c6e3dcd: start LeaderElection
2019-10-17 20:29:07,720 [c07977b7-c8ef-4f3c-80b1-66a07c6e3dcd@group-C2BDBBDF155D-LeaderElection325] INFO  impl.LeaderElection (LeaderElection.java:askForVotes(178)) - c07977b7-c8ef-4f3c-80b1-66a07c6e3dcd@group-C2BDBBDF155D-LeaderElection325: begin an election at term 330 for -1: [d81605c5-54b3-45a8-b5ae-2e8d8890cbef:192.168.164.201:42755, 7f29c796-0732-402f-b865-67033766dcba:192.168.164.201:40704, c07977b7-c8ef-4f3c-80b1-66a07c6e3dcd:192.168.164.201:38664], old=null
2019-10-17 20:29:07,722 [grpc-default-executor-2] INFO  impl.RaftServerImpl (RaftServerImpl.java:setRole(184)) - d81605c5-54b3-45a8-b5ae-2e8d8890cbef@group-C2BDBBDF155D: changes role from  FOLLOWER to FOLLOWER at term 330 for recognizeCandidate:c07977b7-c8ef-4f3c-80b1-66a07c6e3dcd
2019-10-17 20:29:07,722 [grpc-default-executor-2] INFO  impl.RoleInfo (RoleInfo.java:shutdownFollowerState(121)) - d81605c5-54b3-45a8-b5ae-2e8d8890cbef: shutdown FollowerState
2019-10-17 20:29:07,722 [grpc-default-executor-2] INFO  impl.RoleInfo (RoleInfo.java:updateAndGet(143)) - d81605c5-54b3-45a8-b5ae-2e8d8890cbef: start FollowerState
2019-10-17 20:29:07,722 [Thread-2958] INFO  impl.FollowerState (FollowerState.java:run(117)) - d81605c5-54b3-45a8-b5ae-2e8d8890cbef@group-C2BDBBDF155D-FollowerState was interrupted: java.lang.InterruptedException: sleep interrupted
2019-10-17 20:29:07,722 [grpc-default-executor-4] INFO  impl.RaftServerImpl (RaftServerImpl.java:setRole(184)) - 7f29c796-0732-402f-b865-67033766dcba@group-C2BDBBDF155D: changes role from  FOLLOWER to FOLLOWER at term 330 for recognizeCandidate:c07977b7-c8ef-4f3c-80b1-66a07c6e3dcd
2019-10-17 20:29:07,723 [grpc-default-executor-4] INFO  impl.RoleInfo (RoleInfo.java:shutdownFollowerState(121)) - 7f29c796-0732-402f-b865-67033766dcba: shutdown FollowerState
2019-10-17 20:29:07,723 [grpc-default-executor-4] INFO  impl.RoleInfo (RoleInfo.java:updateAndGet(143)) - 7f29c796-0732-402f-b865-67033766dcba: start FollowerState
2019-10-17 20:29:07,723 [Thread-2959] INFO  impl.FollowerState (FollowerState.java:run(117)) - 7f29c796-0732-402f-b865-67033766dcba@group-C2BDBBDF155D-FollowerState was interrupted: java.lang.InterruptedException: sleep interrupted
2019-10-17 20:29:07,729 [c07977b7-c8ef-4f3c-80b1-66a07c6e3dcd@group-C2BDBBDF155D-LeaderElection325] INFO  impl.LeaderElection (LeaderElection.java:logAndReturn(56)) - c07977b7-c8ef-4f3c-80b1-66a07c6e3dcd@group-C2BDBBDF155D-LeaderElection325: Election TIMEOUT; received 0 response(s) [] and 0 exception(s); c07977b7-c8ef-4f3c-80b1-66a07c6e3dcd@group-C2BDBBDF155D:t330, leader=null, voted=c07977b7-c8ef-4f3c-80b1-66a07c6e3dcd, raftlog=c07977b7-c8ef-4f3c-80b1-66a07c6e3dcd@group-C2BDBBDF155D-SegmentedRaftLog:OPENED:c-1,f-1,i0, conf=-1: [d81605c5-54b3-45a8-b5ae-2e8d8890cbef:192.168.164.201:42755, 7f29c796-0732-402f-b865-67033766dcba:192.168.164.201:40704, c07977b7-c8ef-4f3c-80b1-66a07c6e3dcd:192.168.164.201:38664], old=null
2019-10-17 20:29:07,746 [c07977b7-c8ef-4f3c-80b1-66a07c6e3dcd@group-C2BDBBDF155D-LeaderElection325] INFO  impl.LeaderElection (LeaderElection.java:askForVotes(178)) - c07977b7-c8ef-4f3c-80b1-66a07c6e3dcd@group-C2BDBBDF155D-LeaderElection325: begin an election at term 331 for -1: [d81605c5-54b3-45a8-b5ae-2e8d8890cbef:192.168.164.201:42755, 7f29c796-0732-402f-b865-67033766dcba:192.168.164.201:40704, c07977b7-c8ef-4f3c-80b1-66a07c6e3dcd:192.168.164.201:38664], old=null
2019-10-17 20:29:07,747 [grpc-default-executor-2] INFO  impl.RaftServerImpl (RaftServerImpl.java:setRole(184)) - d81605c5-54b3-45a8-b5ae-2e8d8890cbef@group-C2BDBBDF155D: changes role from  FOLLOWER to FOLLOWER at term 331 for recognizeCandidate:c07977b7-c8ef-4f3c-80b1-66a07c6e3dcd
2019-10-17 20:29:07,747 [grpc-default-executor-2] INFO  impl.RoleInfo (RoleInfo.java:shutdownFollowerState(121)) - d81605c5-54b3-45a8-b5ae-2e8d8890cbef: shutdown FollowerState
2019-10-17 20:29:07,747 [grpc-default-executor-4] INFO  impl.RaftServerImpl (RaftServerImpl.java:setRole(184)) - 7f29c796-0732-402f-b865-67033766dcba@group-C2BDBBDF155D: changes role from  FOLLOWER to FOLLOWER at term 331 for recognizeCandidate:c07977b7-c8ef-4f3c-80b1-66a07c6e3dcd
2019-10-17 20:29:07,747 [Thread-2964] INFO  impl.FollowerState (FollowerState.java:run(117)) - d81605c5-54b3-45a8-b5ae-2e8d8890cbef@group-C2BDBBDF155D-FollowerState was interrupted: java.lang.InterruptedException: sleep interrupted
2019-10-17 20:29:07,747 [grpc-default-executor-2] INFO  impl.RoleInfo (RoleInfo.java:updateAndGet(143)) - d81605c5-54b3-45a8-b5ae-2e8d8890cbef: start FollowerState
2019-10-17 20:29:07,748 [grpc-default-executor-4] INFO  impl.RoleInfo (RoleInfo.java:shutdownFollowerState(121)) - 7f29c796-0732-402f-b865-67033766dcba: shutdown FollowerState
2019-10-17 20:29:07,748 [grpc-default-executor-4] INFO  impl.RoleInfo (RoleInfo.java:updateAndGet(143)) - 7f29c796-0732-402f-b865-67033766dcba: start FollowerState
2019-10-17 20:29:07,748 [Thread-2965] INFO  impl.FollowerState (FollowerState.java:run(117)) - 7f29c796-0732-402f-b865-67033766dcba@group-C2BDBBDF155D-FollowerState was interrupted: java.lang.InterruptedException: sleep interrupted
2019-10-17 20:29:07,772 [c07977b7-c8ef-4f3c-80b1-66a07c6e3dcd@group-C2BDBBDF155D-LeaderElection325] INFO  impl.LeaderElection (LeaderElection.java:logAndReturn(56)) - c07977b7-c8ef-4f3c-80b1-66a07c6e3dcd@group-C2BDBBDF155D-LeaderElection325: Election REJECTED; received 2 response(s) [c07977b7-c8ef-4f3c-80b1-66a07c6e3dcd<-d81605c5-54b3-45a8-b5ae-2e8d8890cbef#0:FAIL-t331, c07977b7-c8ef-4f3c-80b1-66a07c6e3dcd<-7f29c796-0732-402f-b865-67033766dcba#0:FAIL-t331] and 0 exception(s); c07977b7-c8ef-4f3c-80b1-66a07c6e3dcd@group-C2BDBBDF155D:t331, leader=null, voted=c07977b7-c8ef-4f3c-80b1-66a07c6e3dcd, raftlog=c07977b7-c8ef-4f3c-80b1-66a07c6e3dcd@group-C2BDBBDF155D-SegmentedRaftLog:OPENED:c-1,f-1,i0, conf=-1: [d81605c5-54b3-45a8-b5ae-2e8d8890cbef:192.168.164.201:42755, 7f29c796-0732-402f-b865-67033766dcba:192.168.164.201:40704, c07977b7-c8ef-4f3c-80b1-66a07c6e3dcd:192.168.164.201:38664], old=null
2019-10-17 20:29:07,772 [c07977b7-c8ef-4f3c-80b1-66a07c6e3dcd@group-C2BDBBDF155D-LeaderElection325] INFO  impl.RaftServerImpl (RaftServerImpl.java:setRole(184)) - c07977b7-c8ef-4f3c-80b1-66a07c6e3dcd@group-C2BDBBDF155D: changes role from CANDIDATE to FOLLOWER at term 331 for DISCOVERED_A_NEW_TERM
2019-10-17 20:29:07,772 [c07977b7-c8ef-4f3c-80b1-66a07c6e3dcd@group-C2BDBBDF155D-LeaderElection325] INFO  impl.RoleInfo (RoleInfo.java:shutdownLeaderElection(134)) - c07977b7-c8ef-4f3c-80b1-66a07c6e3dcd: shutdown LeaderElection
2019-10-17 20:29:07,772 [c07977b7-c8ef-4f3c-80b1-66a07c6e3dcd@group-C2BDBBDF155D-LeaderElection325] INFO  impl.RoleInfo (RoleInfo.java:updateAndGet(143)) - c07977b7-c8ef-4f3c-80b1-66a07c6e3dcd: start FollowerState
2019-10-17 20:29:07,856 [Thread-2970] INFO  impl.FollowerState (FollowerState.java:run(108)) - c07977b7-c8ef-4f3c-80b1-66a07c6e3dcd@group-C2BDBBDF155D-FollowerState: change to CANDIDATE, lastRpcTime:83ms, electionTimeout:83ms
2019-10-17 20:29:07,856 [Thread-2970] INFO  impl.RoleInfo (RoleInfo.java:shutdownFollowerState(121)) - c07977b7-c8ef-4f3c-80b1-66a07c6e3dcd: shutdown FollowerState
2019-10-17 20:29:07,856 [Thread-2970] INFO  impl.RaftServerImpl (RaftServerImpl.java:setRole(184)) - c07977b7-c8ef-4f3c-80b1-66a07c6e3dcd@group-C2BDBBDF155D: changes role from  FOLLOWER to CANDIDATE at term 331 for changeToCandidate
2019-10-17 20:29:07,856 [Thread-2970] INFO  impl.RoleInfo (RoleInfo.java:updateAndGet(143)) - c07977b7-c8ef-4f3c-80b1-66a07c6e3dcd: start LeaderElection
2019-10-17 20:29:07,880 [c07977b7-c8ef-4f3c-80b1-66a07c6e3dcd@group-C2BDBBDF155D-LeaderElection326] INFO  impl.LeaderElection (LeaderElection.java:askForVotes(178)) - c07977b7-c8ef-4f3c-80b1-66a07c6e3dcd@group-C2BDBBDF155D-LeaderElection326: begin an election at term 332 for -1: [d81605c5-54b3-45a8-b5ae-2e8d8890cbef:192.168.164.201:42755, 7f29c796-0732-402f-b865-67033766dcba:192.168.164.201:40704, c07977b7-c8ef-4f3c-80b1-66a07c6e3dcd:192.168.164.201:38664], old=null
2019-10-17 20:29:07,882 [grpc-default-executor-2] INFO  impl.RaftServerImpl (RaftServerImpl.java:setRole(184)) - 7f29c796-0732-402f-b865-67033766dcba@group-C2BDBBDF155D: changes role from  FOLLOWER to FOLLOWER at term 332 for recognizeCandidate:c07977b7-c8ef-4f3c-80b1-66a07c6e3dcd
2019-10-17 20:29:07,882 [grpc-default-executor-2] INFO  impl.RoleInfo (RoleInfo.java:shutdownFollowerState(121)) - 7f29c796-0732-402f-b865-67033766dcba: shutdown FollowerState
2019-10-17 20:29:07,882 [grpc-default-executor-4] INFO  impl.RaftServerImpl (RaftServerImpl.java:setRole(184)) - d81605c5-54b3-45a8-b5ae-2e8d8890cbef@group-C2BDBBDF155D: changes role from  FOLLOWER to FOLLOWER at term 332 for recognizeCandidate:c07977b7-c8ef-4f3c-80b1-66a07c6e3dcd
2019-10-17 20:29:07,882 [Thread-2969] INFO  impl.FollowerState (FollowerState.java:run(117)) - 7f29c796-0732-402f-b865-67033766dcba@group-C2BDBBDF155D-FollowerState was interrupted: java.lang.InterruptedException: sleep interrupted
2019-10-17 20:29:07,882 [grpc-default-executor-2] INFO  impl.RoleInfo (RoleInfo.java:updateAndGet(143)) - 7f29c796-0732-402f-b865-67033766dcba: start FollowerState
2019-10-17 20:29:07,882 [grpc-default-executor-4] INFO  impl.RoleInfo (RoleInfo.java:shutdownFollowerState(121)) - d81605c5-54b3-45a8-b5ae-2e8d8890cbef: shutdown FollowerState
2019-10-17 20:29:07,883 [grpc-default-executor-4] INFO  impl.RoleInfo (RoleInfo.java:updateAndGet(143)) - d81605c5-54b3-45a8-b5ae-2e8d8890cbef: start FollowerState
2019-10-17 20:29:07,883 [Thread-2968] INFO  impl.FollowerState (FollowerState.java:run(117)) - d81605c5-54b3-45a8-b5ae-2e8d8890cbef@group-C2BDBBDF155D-FollowerState was interrupted: java.lang.InterruptedException: sleep interrupted
2019-10-17 20:29:07,905 [c07977b7-c8ef-4f3c-80b1-66a07c6e3dcd@group-C2BDBBDF155D-LeaderElection326] INFO  impl.LeaderElection (LeaderElection.java:logAndReturn(56)) - c07977b7-c8ef-4f3c-80b1-66a07c6e3dcd@group-C2BDBBDF155D-LeaderElection326: Election TIMEOUT; received 0 response(s) [] and 0 exception(s); c07977b7-c8ef-4f3c-80b1-66a07c6e3dcd@group-C2BDBBDF155D:t332, leader=null, voted=c07977b7-c8ef-4f3c-80b1-66a07c6e3dcd, raftlog=c07977b7-c8ef-4f3c-80b1-66a07c6e3dcd@group-C2BDBBDF155D-SegmentedRaftLog:OPENED:c-1,f-1,i0, conf=-1: [d81605c5-54b3-45a8-b5ae-2e8d8890cbef:192.168.164.201:42755, 7f29c796-0732-402f-b865-67033766dcba:192.168.164.201:40704, c07977b7-c8ef-4f3c-80b1-66a07c6e3dcd:192.168.164.201:38664], old=null
2019-10-17 20:29:07,931 [c07977b7-c8ef-4f3c-80b1-66a07c6e3dcd@group-C2BDBBDF155D-LeaderElection326] INFO  impl.LeaderElection (LeaderElection.java:askForVotes(178)) - c07977b7-c8ef-4f3c-80b1-66a07c6e3dcd@group-C2BDBBDF155D-LeaderElection326: begin an election at term 333 for -1: [d81605c5-54b3-45a8-b5ae-2e8d8890cbef:192.168.164.201:42755, 7f29c796-0732-402f-b865-67033766dcba:192.168.164.201:40704, c07977b7-c8ef-4f3c-80b1-66a07c6e3dcd:192.168.164.201:38664], old=null
2019-10-17 20:29:07,933 [grpc-default-executor-4] INFO  impl.RaftServerImpl (RaftServerImpl.java:setRole(184)) - d81605c5-54b3-45a8-b5ae-2e8d8890cbef@group-C2BDBBDF155D: changes role from  FOLLOWER to FOLLOWER at term 333 for recognizeCandidate:c07977b7-c8ef-4f3c-80b1-66a07c6e3dcd
2019-10-17 20:29:07,933 [grpc-default-executor-2] INFO  impl.RaftServerImpl (RaftServerImpl.java:setRole(184)) - 7f29c796-0732-402f-b865-67033766dcba@group-C2BDBBDF155D: changes role from  FOLLOWER to FOLLOWER at term 333 for recognizeCandidate:c07977b7-c8ef-4f3c-80b1-66a07c6e3dcd
2019-10-17 20:29:07,934 [grpc-default-executor-2] INFO  impl.RoleInfo (RoleInfo.java:shutdownFollowerState(121)) - 7f29c796-0732-402f-b865-67033766dcba: shutdown FollowerState
2019-10-17 20:29:07,933 [grpc-default-executor-4] INFO  impl.RoleInfo (RoleInfo.java:shutdownFollowerState(121)) - d81605c5-54b3-45a8-b5ae-2e8d8890cbef: shutdown FollowerState
2019-10-17 20:29:07,934 [Thread-2974] INFO  impl.FollowerState (FollowerState.java:run(117)) - 7f29c796-0732-402f-b865-67033766dcba@group-C2BDBBDF155D-FollowerState was interrupted: java.lang.InterruptedException: sleep interrupted
2019-10-17 20:29:07,934 [grpc-default-executor-2] INFO  impl.RoleInfo (RoleInfo.java:updateAndGet(143)) - 7f29c796-0732-402f-b865-67033766dcba: start FollowerState
2019-10-17 20:29:07,934 [Thread-2975] INFO  impl.FollowerState (FollowerState.java:run(117)) - d81605c5-54b3-45a8-b5ae-2e8d8890cbef@group-C2BDBBDF155D-FollowerState was interrupted: java.lang.InterruptedException: sleep interrupted
2019-10-17 20:29:07,934 [grpc-default-executor-4] INFO  impl.RoleInfo (RoleInfo.java:updateAndGet(143)) - d81605c5-54b3-45a8-b5ae-2e8d8890cbef: start FollowerState
2019-10-17 20:29:07,958 [c07977b7-c8ef-4f3c-80b1-66a07c6e3dcd@group-C2BDBBDF155D-LeaderElection326] INFO  impl.LeaderElection (LeaderElection.java:logAndReturn(56)) - c07977b7-c8ef-4f3c-80b1-66a07c6e3dcd@group-C2BDBBDF155D-LeaderElection326: Election REJECTED; received 2 response(s) [c07977b7-c8ef-4f3c-80b1-66a07c6e3dcd<-d81605c5-54b3-45a8-b5ae-2e8d8890cbef#0:FAIL-t333, c07977b7-c8ef-4f3c-80b1-66a07c6e3dcd<-7f29c796-0732-402f-b865-67033766dcba#0:FAIL-t333] and 0 exception(s); c07977b7-c8ef-4f3c-80b1-66a07c6e3dcd@group-C2BDBBDF155D:t333, leader=null, voted=c07977b7-c8ef-4f3c-80b1-66a07c6e3dcd, raftlog=c07977b7-c8ef-4f3c-80b1-66a07c6e3dcd@group-C2BDBBDF155D-SegmentedRaftLog:OPENED:c-1,f-1,i0, conf=-1: [d81605c5-54b3-45a8-b5ae-2e8d8890cbef:192.168.164.201:42755, 7f29c796-0732-402f-b865-67033766dcba:192.168.164.201:40704, c07977b7-c8ef-4f3c-80b1-66a07c6e3dcd:192.168.164.201:38664], old=null
2019-10-17 20:29:07,958 [c07977b7-c8ef-4f3c-80b1-66a07c6e3dcd@group-C2BDBBDF155D-LeaderElection326] INFO  impl.RaftServerImpl (RaftServerImpl.java:setRole(184)) - c07977b7-c8ef-4f3c-80b1-66a07c6e3dcd@group-C2BDBBDF155D: changes role from CANDIDATE to FOLLOWER at term 333 for DISCOVERED_A_NEW_TERM
2019-10-17 20:29:07,958 [c07977b7-c8ef-4f3c-80b1-66a07c6e3dcd@group-C2BDBBDF155D-LeaderElection326] INFO  impl.RoleInfo (RoleInfo.java:shutdownLeaderElection(134)) - c07977b7-c8ef-4f3c-80b1-66a07c6e3dcd: shutdown LeaderElection
2019-10-17 20:29:07,958 [c07977b7-c8ef-4f3c-80b1-66a07c6e3dcd@group-C2BDBBDF155D-LeaderElection326] INFO  impl.RoleInfo (RoleInfo.java:updateAndGet(143)) - c07977b7-c8ef-4f3c-80b1-66a07c6e3dcd: start FollowerState
2019-10-17 20:29:08,110 [Thread-2980] INFO  impl.FollowerState (FollowerState.java:run(108)) - c07977b7-c8ef-4f3c-80b1-66a07c6e3dcd@group-C2BDBBDF155D-FollowerState: change to CANDIDATE, lastRpcTime:151ms, electionTimeout:151ms
2019-10-17 20:29:08,110 [Thread-2980] INFO  impl.RoleInfo (RoleInfo.java:shutdownFollowerState(121)) - c07977b7-c8ef-4f3c-80b1-66a07c6e3dcd: shutdown FollowerState
2019-10-17 20:29:08,110 [Thread-2980] INFO  impl.RaftServerImpl (RaftServerImpl.java:setRole(184)) - c07977b7-c8ef-4f3c-80b1-66a07c6e3dcd@group-C2BDBBDF155D: changes role from  FOLLOWER to CANDIDATE at term 333 for changeToCandidate
2019-10-17 20:29:08,110 [Thread-2980] INFO  impl.RoleInfo (RoleInfo.java:updateAndGet(143)) - c07977b7-c8ef-4f3c-80b1-66a07c6e3dcd: start LeaderElection
2019-10-17 20:29:08,140 [c07977b7-c8ef-4f3c-80b1-66a07c6e3dcd@group-C2BDBBDF155D-LeaderElection327] INFO  impl.LeaderElection (LeaderElection.java:askForVotes(178)) - c07977b7-c8ef-4f3c-80b1-66a07c6e3dcd@group-C2BDBBDF155D-LeaderElection327: begin an election at term 334 for -1: [d81605c5-54b3-45a8-b5ae-2e8d8890cbef:192.168.164.201:42755, 7f29c796-0732-402f-b865-67033766dcba:192.168.164.201:40704, c07977b7-c8ef-4f3c-80b1-66a07c6e3dcd:192.168.164.201:38664], old=null
2019-10-17 20:29:08,142 [grpc-default-executor-4] INFO  impl.RaftServerImpl (RaftServerImpl.java:setRole(184)) - d81605c5-54b3-45a8-b5ae-2e8d8890cbef@group-C2BDBBDF155D: changes role from  FOLLOWER to FOLLOWER at term 334 for recognizeCandidate:c07977b7-c8ef-4f3c-80b1-66a07c6e3dcd
2019-10-17 20:29:08,142 [grpc-default-executor-2] INFO  impl.RaftServerImpl (RaftServerImpl.java:setRole(184)) - 7f29c796-0732-402f-b865-67033766dcba@group-C2BDBBDF155D: changes role from  FOLLOWER to FOLLOWER at term 334 for recognizeCandidate:c07977b7-c8ef-4f3c-80b1-66a07c6e3dcd
2019-10-17 20:29:08,143 [grpc-default-executor-4] INFO  impl.RoleInfo (RoleInfo.java:shutdownFollowerState(121)) - d81605c5-54b3-45a8-b5ae-2e8d8890cbef: shutdown FollowerState
2019-10-17 20:29:08,143 [grpc-default-executor-2] INFO  impl.RoleInfo (RoleInfo.java:shutdownFollowerState(121)) - 7f29c796-0732-402f-b865-67033766dcba: shutdown FollowerState
2019-10-17 20:29:08,143 [grpc-default-executor-4] INFO  impl.RoleInfo (RoleInfo.java:updateAndGet(143)) - d81605c5-54b3-45a8-b5ae-2e8d8890cbef: start FollowerState
2019-10-17 20:29:08,143 [Thread-2979] INFO  impl.FollowerState (FollowerState.java:run(117)) - d81605c5-54b3-45a8-b5ae-2e8d8890cbef@group-C2BDBBDF155D-FollowerState was interrupted: java.lang.InterruptedException: sleep interrupted
2019-10-17 20:29:08,143 [Thread-2978] INFO  impl.FollowerState (FollowerState.java:run(117)) - 7f29c796-0732-402f-b865-67033766dcba@group-C2BDBBDF155D-FollowerState was interrupted: java.lang.InterruptedException: sleep interrupted
2019-10-17 20:29:08,143 [grpc-default-executor-2] INFO  impl.RoleInfo (RoleInfo.java:updateAndGet(143)) - 7f29c796-0732-402f-b865-67033766dcba: start FollowerState
2019-10-17 20:29:08,166 [c07977b7-c8ef-4f3c-80b1-66a07c6e3dcd@group-C2BDBBDF155D-LeaderElection327] INFO  impl.LeaderElection (LeaderElection.java:logAndReturn(56)) - c07977b7-c8ef-4f3c-80b1-66a07c6e3dcd@group-C2BDBBDF155D-LeaderElection327: Election TIMEOUT; received 0 response(s) [] and 0 exception(s); c07977b7-c8ef-4f3c-80b1-66a07c6e3dcd@group-C2BDBBDF155D:t334, leader=null, voted=c07977b7-c8ef-4f3c-80b1-66a07c6e3dcd, raftlog=c07977b7-c8ef-4f3c-80b1-66a07c6e3dcd@group-C2BDBBDF155D-SegmentedRaftLog:OPENED:c-1,f-1,i0, conf=-1: [d81605c5-54b3-45a8-b5ae-2e8d8890cbef:192.168.164.201:42755, 7f29c796-0732-402f-b865-67033766dcba:192.168.164.201:40704, c07977b7-c8ef-4f3c-80b1-66a07c6e3dcd:192.168.164.201:38664], old=null
2019-10-17 20:29:08,191 [c07977b7-c8ef-4f3c-80b1-66a07c6e3dcd@group-C2BDBBDF155D-LeaderElection327] INFO  impl.LeaderElection (LeaderElection.java:askForVotes(178)) - c07977b7-c8ef-4f3c-80b1-66a07c6e3dcd@group-C2BDBBDF155D-LeaderElection327: begin an election at term 335 for -1: [d81605c5-54b3-45a8-b5ae-2e8d8890cbef:192.168.164.201:42755, 7f29c796-0732-402f-b865-67033766dcba:192.168.164.201:40704, c07977b7-c8ef-4f3c-80b1-66a07c6e3dcd:192.168.164.201:38664], old=null
2019-10-17 20:29:08,193 [grpc-default-executor-2] INFO  impl.RaftServerImpl (RaftServerImpl.java:setRole(184)) - 7f29c796-0732-402f-b865-67033766dcba@group-C2BDBBDF155D: changes role from  FOLLOWER to FOLLOWER at term 335 for recognizeCandidate:c07977b7-c8ef-4f3c-80b1-66a07c6e3dcd
2019-10-17 20:29:08,193 [grpc-default-executor-2] INFO  impl.RoleInfo (RoleInfo.java:shutdownFollowerState(121)) - 7f29c796-0732-402f-b865-67033766dcba: shutdown FollowerState
2019-10-17 20:29:08,193 [grpc-default-executor-4] INFO  impl.RaftServerImpl (RaftServerImpl.java:setRole(184)) - d81605c5-54b3-45a8-b5ae-2e8d8890cbef@group-C2BDBBDF155D: changes role from  FOLLOWER to FOLLOWER at term 335 for recognizeCandidate:c07977b7-c8ef-4f3c-80b1-66a07c6e3dcd
2019-10-17 20:29:08,193 [Thread-2985] INFO  impl.FollowerState (FollowerState.java:run(117)) - 7f29c796-0732-402f-b865-67033766dcba@group-C2BDBBDF155D-FollowerState was interrupted: java.lang.InterruptedException: sleep interrupted
2019-10-17 20:29:08,193 [grpc-default-executor-2] INFO  impl.RoleInfo (RoleInfo.java:updateAndGet(143)) - 7f29c796-0732-402f-b865-67033766dcba: start FollowerState
2019-10-17 20:29:08,193 [grpc-default-executor-4] INFO  impl.RoleInfo (RoleInfo.java:shutdownFollowerState(121)) - d81605c5-54b3-45a8-b5ae-2e8d8890cbef: shutdown FollowerState
2019-10-17 20:29:08,194 [Thread-2984] INFO  impl.FollowerState (FollowerState.java:run(117)) - d81605c5-54b3-45a8-b5ae-2e8d8890cbef@group-C2BDBBDF155D-FollowerState was interrupted: java.lang.InterruptedException: sleep interrupted
2019-10-17 20:29:08,194 [grpc-default-executor-4] INFO  impl.RoleInfo (RoleInfo.java:updateAndGet(143)) - d81605c5-54b3-45a8-b5ae-2e8d8890cbef: start FollowerState
2019-10-17 20:29:08,217 [c07977b7-c8ef-4f3c-80b1-66a07c6e3dcd@group-C2BDBBDF155D-LeaderElection327] INFO  impl.LeaderElection (LeaderElection.java:logAndReturn(56)) - c07977b7-c8ef-4f3c-80b1-66a07c6e3dcd@group-C2BDBBDF155D-LeaderElection327: Election REJECTED; received 2 response(s) [c07977b7-c8ef-4f3c-80b1-66a07c6e3dcd<-d81605c5-54b3-45a8-b5ae-2e8d8890cbef#0:FAIL-t335, c07977b7-c8ef-4f3c-80b1-66a07c6e3dcd<-7f29c796-0732-402f-b865-67033766dcba#0:FAIL-t335] and 0 exception(s); c07977b7-c8ef-4f3c-80b1-66a07c6e3dcd@group-C2BDBBDF155D:t335, leader=null, voted=c07977b7-c8ef-4f3c-80b1-66a07c6e3dcd, raftlog=c07977b7-c8ef-4f3c-80b1-66a07c6e3dcd@group-C2BDBBDF155D-SegmentedRaftLog:OPENED:c-1,f-1,i0, conf=-1: [d81605c5-54b3-45a8-b5ae-2e8d8890cbef:192.168.164.201:42755, 7f29c796-0732-402f-b865-67033766dcba:192.168.164.201:40704, c07977b7-c8ef-4f3c-80b1-66a07c6e3dcd:192.168.164.201:38664], old=null
2019-10-17 20:29:08,217 [c07977b7-c8ef-4f3c-80b1-66a07c6e3dcd@group-C2BDBBDF155D-LeaderElection327] INFO  impl.RaftServerImpl (RaftServerImpl.java:setRole(184)) - c07977b7-c8ef-4f3c-80b1-66a07c6e3dcd@group-C2BDBBDF155D: changes role from CANDIDATE to FOLLOWER at term 335 for DISCOVERED_A_NEW_TERM
2019-10-17 20:29:08,217 [c07977b7-c8ef-4f3c-80b1-66a07c6e3dcd@group-C2BDBBDF155D-LeaderElection327] INFO  impl.RoleInfo (RoleInfo.java:shutdownLeaderElection(134)) - c07977b7-c8ef-4f3c-80b1-66a07c6e3dcd: shutdown LeaderElection
2019-10-17 20:29:08,217 [c07977b7-c8ef-4f3c-80b1-66a07c6e3dcd@group-C2BDBBDF155D-LeaderElection327] INFO  impl.RoleInfo (RoleInfo.java:updateAndGet(143)) - c07977b7-c8ef-4f3c-80b1-66a07c6e3dcd: start FollowerState
2019-10-17 20:29:08,239 [Thread-2990] INFO  impl.FollowerState (FollowerState.java:run(108)) - c07977b7-c8ef-4f3c-80b1-66a07c6e3dcd@group-C2BDBBDF155D-FollowerState: change to CANDIDATE, lastRpcTime:21ms, electionTimeout:21ms
2019-10-17 20:29:08,239 [Thread-2990] INFO  impl.RoleInfo (RoleInfo.java:shutdownFollowerState(121)) - c07977b7-c8ef-4f3c-80b1-66a07c6e3dcd: shutdown FollowerState
2019-10-17 20:29:08,239 [Thread-2990] INFO  impl.RaftServerImpl (RaftServerImpl.java:setRole(184)) - c07977b7-c8ef-4f3c-80b1-66a07c6e3dcd@group-C2BDBBDF155D: changes role from  FOLLOWER to CANDIDATE at term 335 for changeToCandidate
2019-10-17 20:29:08,239 [Thread-2990] INFO  impl.RoleInfo (RoleInfo.java:updateAndGet(143)) - c07977b7-c8ef-4f3c-80b1-66a07c6e3dcd: start LeaderElection
2019-10-17 20:29:08,267 [c07977b7-c8ef-4f3c-80b1-66a07c6e3dcd@group-C2BDBBDF155D-LeaderElection328] INFO  impl.LeaderElection (LeaderElection.java:askForVotes(178)) - c07977b7-c8ef-4f3c-80b1-66a07c6e3dcd@group-C2BDBBDF155D-LeaderElection328: begin an election at term 336 for -1: [d81605c5-54b3-45a8-b5ae-2e8d8890cbef:192.168.164.201:42755, 7f29c796-0732-402f-b865-67033766dcba:192.168.164.201:40704, c07977b7-c8ef-4f3c-80b1-66a07c6e3dcd:192.168.164.201:38664], old=null
2019-10-17 20:29:08,269 [grpc-default-executor-4] INFO  impl.RaftServerImpl (RaftServerImpl.java:setRole(184)) - 7f29c796-0732-402f-b865-67033766dcba@group-C2BDBBDF155D: changes role from  FOLLOWER to FOLLOWER at term 336 for recognizeCandidate:c07977b7-c8ef-4f3c-80b1-66a07c6e3dcd
2019-10-17 20:29:08,269 [grpc-default-executor-4] INFO  impl.RoleInfo (RoleInfo.java:shutdownFollowerState(121)) - 7f29c796-0732-402f-b865-67033766dcba: shutdown FollowerState
2019-10-17 20:29:08,269 [grpc-default-executor-2] INFO  impl.RaftServerImpl (RaftServerImpl.java:setRole(184)) - d81605c5-54b3-45a8-b5ae-2e8d8890cbef@group-C2BDBBDF155D: changes role from  FOLLOWER to FOLLOWER at term 336 for recognizeCandidate:c07977b7-c8ef-4f3c-80b1-66a07c6e3dcd
2019-10-17 20:29:08,269 [Thread-2988] INFO  impl.FollowerState (FollowerState.java:run(117)) - 7f29c796-0732-402f-b865-67033766dcba@group-C2BDBBDF155D-FollowerState was interrupted: java.lang.InterruptedException: sleep interrupted
2019-10-17 20:29:08,269 [grpc-default-executor-4] INFO  impl.RoleInfo (RoleInfo.java:updateAndGet(143)) - 7f29c796-0732-402f-b865-67033766dcba: start FollowerState
2019-10-17 20:29:08,269 [grpc-default-executor-2] INFO  impl.RoleInfo (RoleInfo.java:shutdownFollowerState(121)) - d81605c5-54b3-45a8-b5ae-2e8d8890cbef: shutdown FollowerState
2019-10-17 20:29:08,270 [grpc-default-executor-2] INFO  impl.RoleInfo (RoleInfo.java:updateAndGet(143)) - d81605c5-54b3-45a8-b5ae-2e8d8890cbef: start FollowerState
2019-10-17 20:29:08,270 [Thread-2989] INFO  impl.FollowerState (FollowerState.java:run(117)) - d81605c5-54b3-45a8-b5ae-2e8d8890cbef@group-C2BDBBDF155D-FollowerState was interrupted: java.lang.InterruptedException: sleep interrupted
2019-10-17 20:29:08,293 [c07977b7-c8ef-4f3c-80b1-66a07c6e3dcd@group-C2BDBBDF155D-LeaderElection328] INFO  impl.LeaderElection (LeaderElection.java:logAndReturn(56)) - c07977b7-c8ef-4f3c-80b1-66a07c6e3dcd@group-C2BDBBDF155D-LeaderElection328: Election REJECTED; received 2 response(s) [c07977b7-c8ef-4f3c-80b1-66a07c6e3dcd<-d81605c5-54b3-45a8-b5ae-2e8d8890cbef#0:FAIL-t336, c07977b7-c8ef-4f3c-80b1-66a07c6e3dcd<-7f29c796-0732-402f-b865-67033766dcba#0:FAIL-t336] and 0 exception(s); c07977b7-c8ef-4f3c-80b1-66a07c6e3dcd@group-C2BDBBDF155D:t336, leader=null, voted=c07977b7-c8ef-4f3c-80b1-66a07c6e3dcd, raftlog=c07977b7-c8ef-4f3c-80b1-66a07c6e3dcd@group-C2BDBBDF155D-SegmentedRaftLog:OPENED:c-1,f-1,i0, conf=-1: [d81605c5-54b3-45a8-b5ae-2e8d8890cbef:192.168.164.201:42755, 7f29c796-0732-402f-b865-67033766dcba:192.168.164.201:40704, c07977b7-c8ef-4f3c-80b1-66a07c6e3dcd:192.168.164.201:38664], old=null
2019-10-17 20:29:08,293 [c07977b7-c8ef-4f3c-80b1-66a07c6e3dcd@group-C2BDBBDF155D-LeaderElection328] INFO  impl.RaftServerImpl (RaftServerImpl.java:setRole(184)) - c07977b7-c8ef-4f3c-80b1-66a07c6e3dcd@group-C2BDBBDF155D: changes role from CANDIDATE to FOLLOWER at term 336 for DISCOVERED_A_NEW_TERM
2019-10-17 20:29:08,295 [c07977b7-c8ef-4f3c-80b1-66a07c6e3dcd@group-C2BDBBDF155D-LeaderElection328] INFO  impl.RoleInfo (RoleInfo.java:shutdownLeaderElection(134)) - c07977b7-c8ef-4f3c-80b1-66a07c6e3dcd: shutdown LeaderElection
2019-10-17 20:29:08,296 [c07977b7-c8ef-4f3c-80b1-66a07c6e3dcd@group-C2BDBBDF155D-LeaderElection328] INFO  impl.RoleInfo (RoleInfo.java:updateAndGet(143)) - c07977b7-c8ef-4f3c-80b1-66a07c6e3dcd: start FollowerState
2019-10-17 20:29:08,389 [Thread-2996] INFO  impl.FollowerState (FollowerState.java:run(108)) - c07977b7-c8ef-4f3c-80b1-66a07c6e3dcd@group-C2BDBBDF155D-FollowerState: change to CANDIDATE, lastRpcTime:93ms, electionTimeout:93ms
2019-10-17 20:29:08,389 [Thread-2996] INFO  impl.RoleInfo (RoleInfo.java:shutdownFollowerState(121)) - c07977b7-c8ef-4f3c-80b1-66a07c6e3dcd: shutdown FollowerState
2019-10-17 20:29:08,390 [Thread-2996] INFO  impl.RaftServerImpl (RaftServerImpl.java:setRole(184)) - c07977b7-c8ef-4f3c-80b1-66a07c6e3dcd@group-C2BDBBDF155D: changes role from  FOLLOWER to CANDIDATE at term 336 for changeToCandidate
2019-10-17 20:29:08,390 [Thread-2996] INFO  impl.RoleInfo (RoleInfo.java:updateAndGet(143)) - c07977b7-c8ef-4f3c-80b1-66a07c6e3dcd: start LeaderElection
2019-10-17 20:29:08,417 [c07977b7-c8ef-4f3c-80b1-66a07c6e3dcd@group-C2BDBBDF155D-LeaderElection329] INFO  impl.LeaderElection (LeaderElection.java:askForVotes(178)) - c07977b7-c8ef-4f3c-80b1-66a07c6e3dcd@group-C2BDBBDF155D-LeaderElection329: begin an election at term 337 for -1: [d81605c5-54b3-45a8-b5ae-2e8d8890cbef:192.168.164.201:42755, 7f29c796-0732-402f-b865-67033766dcba:192.168.164.201:40704, c07977b7-c8ef-4f3c-80b1-66a07c6e3dcd:192.168.164.201:38664], old=null
2019-10-17 20:29:08,422 [grpc-default-executor-4] INFO  impl.RaftServerImpl (RaftServerImpl.java:setRole(184)) - d81605c5-54b3-45a8-b5ae-2e8d8890cbef@group-C2BDBBDF155D: changes role from  FOLLOWER to FOLLOWER at term 337 for recognizeCandidate:c07977b7-c8ef-4f3c-80b1-66a07c6e3dcd
2019-10-17 20:29:08,422 [grpc-default-executor-2] INFO  impl.RaftServerImpl (RaftServerImpl.java:setRole(184)) - 7f29c796-0732-402f-b865-67033766dcba@group-C2BDBBDF155D: changes role from  FOLLOWER to FOLLOWER at term 337 for recognizeCandidate:c07977b7-c8ef-4f3c-80b1-66a07c6e3dcd
2019-10-17 20:29:08,423 [grpc-default-executor-2] INFO  impl.RoleInfo (RoleInfo.java:shutdownFollowerState(121)) - 7f29c796-0732-402f-b865-67033766dcba: shutdown FollowerState
2019-10-17 20:29:08,423 [grpc-default-executor-4] INFO  impl.RoleInfo (RoleInfo.java:shutdownFollowerState(121)) - d81605c5-54b3-45a8-b5ae-2e8d8890cbef: shutdown FollowerState
2019-10-17 20:29:08,423 [grpc-default-executor-2] INFO  impl.RoleInfo (RoleInfo.java:updateAndGet(143)) - 7f29c796-0732-402f-b865-67033766dcba: start FollowerState
2019-10-17 20:29:08,423 [Thread-2994] INFO  impl.FollowerState (FollowerState.java:run(117)) - 7f29c796-0732-402f-b865-67033766dcba@group-C2BDBBDF155D-FollowerState was interrupted: java.lang.InterruptedException: sleep interrupted
2019-10-17 20:29:08,423 [grpc-default-executor-4] INFO  impl.RoleInfo (RoleInfo.java:updateAndGet(143)) - d81605c5-54b3-45a8-b5ae-2e8d8890cbef: start FollowerState
2019-10-17 20:29:08,423 [Thread-2995] INFO  impl.FollowerState (FollowerState.java:run(117)) - d81605c5-54b3-45a8-b5ae-2e8d8890cbef@group-C2BDBBDF155D-FollowerState was interrupted: java.lang.InterruptedException: sleep interrupted
2019-10-17 20:29:08,453 [c07977b7-c8ef-4f3c-80b1-66a07c6e3dcd@group-C2BDBBDF155D-LeaderElection329] INFO  impl.LeaderElection (LeaderElection.java:logAndReturn(56)) - c07977b7-c8ef-4f3c-80b1-66a07c6e3dcd@group-C2BDBBDF155D-LeaderElection329: Election REJECTED; received 2 response(s) [c07977b7-c8ef-4f3c-80b1-66a07c6e3dcd<-d81605c5-54b3-45a8-b5ae-2e8d8890cbef#0:FAIL-t337, c07977b7-c8ef-4f3c-80b1-66a07c6e3dcd<-7f29c796-0732-402f-b865-67033766dcba#0:FAIL-t337] and 0 exception(s); c07977b7-c8ef-4f3c-80b1-66a07c6e3dcd@group-C2BDBBDF155D:t337, leader=null, voted=c07977b7-c8ef-4f3c-80b1-66a07c6e3dcd, raftlog=c07977b7-c8ef-4f3c-80b1-66a07c6e3dcd@group-C2BDBBDF155D-SegmentedRaftLog:OPENED:c-1,f-1,i0, conf=-1: [d81605c5-54b3-45a8-b5ae-2e8d8890cbef:192.168.164.201:42755, 7f29c796-0732-402f-b865-67033766dcba:192.168.164.201:40704, c07977b7-c8ef-4f3c-80b1-66a07c6e3dcd:192.168.164.201:38664], old=null
2019-10-17 20:29:08,453 [c07977b7-c8ef-4f3c-80b1-66a07c6e3dcd@group-C2BDBBDF155D-LeaderElection329] INFO  impl.RaftServerImpl (RaftServerImpl.java:setRole(184)) - c07977b7-c8ef-4f3c-80b1-66a07c6e3dcd@group-C2BDBBDF155D: changes role from CANDIDATE to FOLLOWER at term 337 for DISCOVERED_A_NEW_TERM
2019-10-17 20:29:08,453 [c07977b7-c8ef-4f3c-80b1-66a07c6e3dcd@group-C2BDBBDF155D-LeaderElection329] INFO  impl.RoleInfo (RoleInfo.java:shutdownLeaderElection(134)) - c07977b7-c8ef-4f3c-80b1-66a07c6e3dcd: shutdown LeaderElection
2019-10-17 20:29:08,453 [c07977b7-c8ef-4f3c-80b1-66a07c6e3dcd@group-C2BDBBDF155D-LeaderElection329] INFO  impl.RoleInfo (RoleInfo.java:updateAndGet(143)) - c07977b7-c8ef-4f3c-80b1-66a07c6e3dcd: start FollowerState
2019-10-17 20:29:08,551 [Thread-754] INFO  ozone.MiniOzoneClusterImpl (MiniOzoneClusterImpl.java:lambda$waitForClusterToBeReady$2(164)) - Waiting for 1 number of pipelines out of 4, to report a leader.
2019-10-17 20:29:08,649 [Thread-3002] INFO  impl.FollowerState (FollowerState.java:run(108)) - c07977b7-c8ef-4f3c-80b1-66a07c6e3dcd@group-C2BDBBDF155D-FollowerState: change to CANDIDATE, lastRpcTime:196ms, electionTimeout:196ms
2019-10-17 20:29:08,650 [Thread-3002] INFO  impl.RoleInfo (RoleInfo.java:shutdownFollowerState(121)) - c07977b7-c8ef-4f3c-80b1-66a07c6e3dcd: shutdown FollowerState
2019-10-17 20:29:08,650 [Thread-3002] INFO  impl.RaftServerImpl (RaftServerImpl.java:setRole(184)) - c07977b7-c8ef-4f3c-80b1-66a07c6e3dcd@group-C2BDBBDF155D: changes role from  FOLLOWER to CANDIDATE at term 337 for changeToCandidate
2019-10-17 20:29:08,650 [Thread-3002] INFO  impl.RoleInfo (RoleInfo.java:updateAndGet(143)) - c07977b7-c8ef-4f3c-80b1-66a07c6e3dcd: start LeaderElection
2019-10-17 20:29:08,676 [c07977b7-c8ef-4f3c-80b1-66a07c6e3dcd@group-C2BDBBDF155D-LeaderElection330] INFO  impl.LeaderElection (LeaderElection.java:askForVotes(178)) - c07977b7-c8ef-4f3c-80b1-66a07c6e3dcd@group-C2BDBBDF155D-LeaderElection330: begin an election at term 338 for -1: [d81605c5-54b3-45a8-b5ae-2e8d8890cbef:192.168.164.201:42755, 7f29c796-0732-402f-b865-67033766dcba:192.168.164.201:40704, c07977b7-c8ef-4f3c-80b1-66a07c6e3dcd:192.168.164.201:38664], old=null
2019-10-17 20:29:08,679 [grpc-default-executor-4] INFO  impl.RaftServerImpl (RaftServerImpl.java:setRole(184)) - 7f29c796-0732-402f-b865-67033766dcba@group-C2BDBBDF155D: changes role from  FOLLOWER to FOLLOWER at term 338 for recognizeCandidate:c07977b7-c8ef-4f3c-80b1-66a07c6e3dcd
2019-10-17 20:29:08,679 [grpc-default-executor-2] INFO  impl.RaftServerImpl (RaftServerImpl.java:setRole(184)) - d81605c5-54b3-45a8-b5ae-2e8d8890cbef@group-C2BDBBDF155D: changes role from  FOLLOWER to FOLLOWER at term 338 for recognizeCandidate:c07977b7-c8ef-4f3c-80b1-66a07c6e3dcd
2019-10-17 20:29:08,679 [grpc-default-executor-2] INFO  impl.RoleInfo (RoleInfo.java:shutdownFollowerState(121)) - d81605c5-54b3-45a8-b5ae-2e8d8890cbef: shutdown FollowerState
2019-10-17 20:29:08,679 [grpc-default-executor-4] INFO  impl.RoleInfo (RoleInfo.java:shutdownFollowerState(121)) - 7f29c796-0732-402f-b865-67033766dcba: shutdown FollowerState
2019-10-17 20:29:08,679 [Thread-3001] INFO  impl.FollowerState (FollowerState.java:run(117)) - d81605c5-54b3-45a8-b5ae-2e8d8890cbef@group-C2BDBBDF155D-FollowerState was interrupted: java.lang.InterruptedException: sleep interrupted
2019-10-17 20:29:08,679 [grpc-default-executor-2] INFO  impl.RoleInfo (RoleInfo.java:updateAndGet(143)) - d81605c5-54b3-45a8-b5ae-2e8d8890cbef: start FollowerState
2019-10-17 20:29:08,679 [Thread-3000] INFO  impl.FollowerState (FollowerState.java:run(117)) - 7f29c796-0732-402f-b865-67033766dcba@group-C2BDBBDF155D-FollowerState was interrupted: java.lang.InterruptedException: sleep interrupted
2019-10-17 20:29:08,679 [grpc-default-executor-4] INFO  impl.RoleInfo (RoleInfo.java:updateAndGet(143)) - 7f29c796-0732-402f-b865-67033766dcba: start FollowerState
2019-10-17 20:29:08,701 [c07977b7-c8ef-4f3c-80b1-66a07c6e3dcd@group-C2BDBBDF155D-LeaderElection330] INFO  impl.LeaderElection (LeaderElection.java:logAndReturn(56)) - c07977b7-c8ef-4f3c-80b1-66a07c6e3dcd@group-C2BDBBDF155D-LeaderElection330: Election TIMEOUT; received 0 response(s) [] and 0 exception(s); c07977b7-c8ef-4f3c-80b1-66a07c6e3dcd@group-C2BDBBDF155D:t338, leader=null, voted=c07977b7-c8ef-4f3c-80b1-66a07c6e3dcd, raftlog=c07977b7-c8ef-4f3c-80b1-66a07c6e3dcd@group-C2BDBBDF155D-SegmentedRaftLog:OPENED:c-1,f-1,i0, conf=-1: [d81605c5-54b3-45a8-b5ae-2e8d8890cbef:192.168.164.201:42755, 7f29c796-0732-402f-b865-67033766dcba:192.168.164.201:40704, c07977b7-c8ef-4f3c-80b1-66a07c6e3dcd:192.168.164.201:38664], old=null
2019-10-17 20:29:08,727 [c07977b7-c8ef-4f3c-80b1-66a07c6e3dcd@group-C2BDBBDF155D-LeaderElection330] INFO  impl.LeaderElection (LeaderElection.java:askForVotes(178)) - c07977b7-c8ef-4f3c-80b1-66a07c6e3dcd@group-C2BDBBDF155D-LeaderElection330: begin an election at term 339 for -1: [d81605c5-54b3-45a8-b5ae-2e8d8890cbef:192.168.164.201:42755, 7f29c796-0732-402f-b865-67033766dcba:192.168.164.201:40704, c07977b7-c8ef-4f3c-80b1-66a07c6e3dcd:192.168.164.201:38664], old=null
2019-10-17 20:29:08,729 [grpc-default-executor-2] INFO  impl.RaftServerImpl (RaftServerImpl.java:setRole(184)) - d81605c5-54b3-45a8-b5ae-2e8d8890cbef@group-C2BDBBDF155D: changes role from  FOLLOWER to FOLLOWER at term 339 for recognizeCandidate:c07977b7-c8ef-4f3c-80b1-66a07c6e3dcd
2019-10-17 20:29:08,729 [grpc-default-executor-2] INFO  impl.RoleInfo (RoleInfo.java:shutdownFollowerState(121)) - d81605c5-54b3-45a8-b5ae-2e8d8890cbef: shutdown FollowerState
2019-10-17 20:29:08,729 [grpc-default-executor-2] INFO  impl.RoleInfo (RoleInfo.java:updateAndGet(143)) - d81605c5-54b3-45a8-b5ae-2e8d8890cbef: start FollowerState
2019-10-17 20:29:08,729 [Thread-3006] INFO  impl.FollowerState (FollowerState.java:run(117)) - d81605c5-54b3-45a8-b5ae-2e8d8890cbef@group-C2BDBBDF155D-FollowerState was interrupted: java.lang.InterruptedException: sleep interrupted
2019-10-17 20:29:08,729 [grpc-default-executor-1] INFO  impl.RaftServerImpl (RaftServerImpl.java:setRole(184)) - 7f29c796-0732-402f-b865-67033766dcba@group-C2BDBBDF155D: changes role from  FOLLOWER to FOLLOWER at term 339 for recognizeCandidate:c07977b7-c8ef-4f3c-80b1-66a07c6e3dcd
2019-10-17 20:29:08,729 [grpc-default-executor-1] INFO  impl.RoleInfo (RoleInfo.java:shutdownFollowerState(121)) - 7f29c796-0732-402f-b865-67033766dcba: shutdown FollowerState
2019-10-17 20:29:08,730 [grpc-default-executor-1] INFO  impl.RoleInfo (RoleInfo.java:updateAndGet(143)) - 7f29c796-0732-402f-b865-67033766dcba: start FollowerState
2019-10-17 20:29:08,730 [Thread-3007] INFO  impl.FollowerState (FollowerState.java:run(117)) - 7f29c796-0732-402f-b865-67033766dcba@group-C2BDBBDF155D-FollowerState was interrupted: java.lang.InterruptedException: sleep interrupted
2019-10-17 20:29:08,753 [c07977b7-c8ef-4f3c-80b1-66a07c6e3dcd@group-C2BDBBDF155D-LeaderElection330] INFO  impl.LeaderElection (LeaderElection.java:logAndReturn(56)) - c07977b7-c8ef-4f3c-80b1-66a07c6e3dcd@group-C2BDBBDF155D-LeaderElection330: Election REJECTED; received 2 response(s) [c07977b7-c8ef-4f3c-80b1-66a07c6e3dcd<-d81605c5-54b3-45a8-b5ae-2e8d8890cbef#0:FAIL-t339, c07977b7-c8ef-4f3c-80b1-66a07c6e3dcd<-7f29c796-0732-402f-b865-67033766dcba#0:FAIL-t339] and 0 exception(s); c07977b7-c8ef-4f3c-80b1-66a07c6e3dcd@group-C2BDBBDF155D:t339, leader=null, voted=c07977b7-c8ef-4f3c-80b1-66a07c6e3dcd, raftlog=c07977b7-c8ef-4f3c-80b1-66a07c6e3dcd@group-C2BDBBDF155D-SegmentedRaftLog:OPENED:c-1,f-1,i0, conf=-1: [d81605c5-54b3-45a8-b5ae-2e8d8890cbef:192.168.164.201:42755, 7f29c796-0732-402f-b865-67033766dcba:192.168.164.201:40704, c07977b7-c8ef-4f3c-80b1-66a07c6e3dcd:192.168.164.201:38664], old=null
2019-10-17 20:29:08,753 [c07977b7-c8ef-4f3c-80b1-66a07c6e3dcd@group-C2BDBBDF155D-LeaderElection330] INFO  impl.RaftServerImpl (RaftServerImpl.java:setRole(184)) - c07977b7-c8ef-4f3c-80b1-66a07c6e3dcd@group-C2BDBBDF155D: changes role from CANDIDATE to FOLLOWER at term 339 for DISCOVERED_A_NEW_TERM
2019-10-17 20:29:08,753 [c07977b7-c8ef-4f3c-80b1-66a07c6e3dcd@group-C2BDBBDF155D-LeaderElection330] INFO  impl.RoleInfo (RoleInfo.java:shutdownLeaderElection(134)) - c07977b7-c8ef-4f3c-80b1-66a07c6e3dcd: shutdown LeaderElection
2019-10-17 20:29:08,754 [c07977b7-c8ef-4f3c-80b1-66a07c6e3dcd@group-C2BDBBDF155D-LeaderElection330] INFO  impl.RoleInfo (RoleInfo.java:updateAndGet(143)) - c07977b7-c8ef-4f3c-80b1-66a07c6e3dcd: start FollowerState
2019-10-17 20:29:08,759 [Thread-3012] INFO  impl.FollowerState (FollowerState.java:run(108)) - c07977b7-c8ef-4f3c-80b1-66a07c6e3dcd@group-C2BDBBDF155D-FollowerState: change to CANDIDATE, lastRpcTime:5ms, electionTimeout:5ms
2019-10-17 20:29:08,759 [Thread-3012] INFO  impl.RoleInfo (RoleInfo.java:shutdownFollowerState(121)) - c07977b7-c8ef-4f3c-80b1-66a07c6e3dcd: shutdown FollowerState
2019-10-17 20:29:08,759 [Thread-3012] INFO  impl.RaftServerImpl (RaftServerImpl.java:setRole(184)) - c07977b7-c8ef-4f3c-80b1-66a07c6e3dcd@group-C2BDBBDF155D: changes role from  FOLLOWER to CANDIDATE at term 339 for changeToCandidate
2019-10-17 20:29:08,759 [Thread-3012] INFO  impl.RoleInfo (RoleInfo.java:updateAndGet(143)) - c07977b7-c8ef-4f3c-80b1-66a07c6e3dcd: start LeaderElection
2019-10-17 20:29:08,786 [c07977b7-c8ef-4f3c-80b1-66a07c6e3dcd@group-C2BDBBDF155D-LeaderElection331] INFO  impl.LeaderElection (LeaderElection.java:askForVotes(178)) - c07977b7-c8ef-4f3c-80b1-66a07c6e3dcd@group-C2BDBBDF155D-LeaderElection331: begin an election at term 340 for -1: [d81605c5-54b3-45a8-b5ae-2e8d8890cbef:192.168.164.201:42755, 7f29c796-0732-402f-b865-67033766dcba:192.168.164.201:40704, c07977b7-c8ef-4f3c-80b1-66a07c6e3dcd:192.168.164.201:38664], old=null
2019-10-17 20:29:08,788 [grpc-default-executor-1] INFO  impl.RaftServerImpl (RaftServerImpl.java:setRole(184)) - d81605c5-54b3-45a8-b5ae-2e8d8890cbef@group-C2BDBBDF155D: changes role from  FOLLOWER to FOLLOWER at term 340 for recognizeCandidate:c07977b7-c8ef-4f3c-80b1-66a07c6e3dcd
2019-10-17 20:29:08,789 [grpc-default-executor-1] INFO  impl.RoleInfo (RoleInfo.java:shutdownFollowerState(121)) - d81605c5-54b3-45a8-b5ae-2e8d8890cbef: shutdown FollowerState
2019-10-17 20:29:08,788 [grpc-default-executor-2] INFO  impl.RaftServerImpl (RaftServerImpl.java:setRole(184)) - 7f29c796-0732-402f-b865-67033766dcba@group-C2BDBBDF155D: changes role from  FOLLOWER to FOLLOWER at term 340 for recognizeCandidate:c07977b7-c8ef-4f3c-80b1-66a07c6e3dcd
2019-10-17 20:29:08,789 [Thread-3010] INFO  impl.FollowerState (FollowerState.java:run(117)) - d81605c5-54b3-45a8-b5ae-2e8d8890cbef@group-C2BDBBDF155D-FollowerState was interrupted: java.lang.InterruptedException: sleep interrupted
2019-10-17 20:29:08,789 [grpc-default-executor-1] INFO  impl.RoleInfo (RoleInfo.java:updateAndGet(143)) - d81605c5-54b3-45a8-b5ae-2e8d8890cbef: start FollowerState
2019-10-17 20:29:08,789 [grpc-default-executor-2] INFO  impl.RoleInfo (RoleInfo.java:shutdownFollowerState(121)) - 7f29c796-0732-402f-b865-67033766dcba: shutdown FollowerState
2019-10-17 20:29:08,790 [grpc-default-executor-2] INFO  impl.RoleInfo (RoleInfo.java:updateAndGet(143)) - 7f29c796-0732-402f-b865-67033766dcba: start FollowerState
2019-10-17 20:29:08,790 [Thread-3011] INFO  impl.FollowerState (FollowerState.java:run(117)) - 7f29c796-0732-402f-b865-67033766dcba@group-C2BDBBDF155D-FollowerState was interrupted: java.lang.InterruptedException: sleep interrupted
2019-10-17 20:29:08,813 [c07977b7-c8ef-4f3c-80b1-66a07c6e3dcd@group-C2BDBBDF155D-LeaderElection331] INFO  impl.LeaderElection (LeaderElection.java:logAndReturn(56)) - c07977b7-c8ef-4f3c-80b1-66a07c6e3dcd@group-C2BDBBDF155D-LeaderElection331: Election REJECTED; received 2 response(s) [c07977b7-c8ef-4f3c-80b1-66a07c6e3dcd<-d81605c5-54b3-45a8-b5ae-2e8d8890cbef#0:FAIL-t340, c07977b7-c8ef-4f3c-80b1-66a07c6e3dcd<-7f29c796-0732-402f-b865-67033766dcba#0:FAIL-t340] and 0 exception(s); c07977b7-c8ef-4f3c-80b1-66a07c6e3dcd@group-C2BDBBDF155D:t340, leader=null, voted=c07977b7-c8ef-4f3c-80b1-66a07c6e3dcd, raftlog=c07977b7-c8ef-4f3c-80b1-66a07c6e3dcd@group-C2BDBBDF155D-SegmentedRaftLog:OPENED:c-1,f-1,i0, conf=-1: [d81605c5-54b3-45a8-b5ae-2e8d8890cbef:192.168.164.201:42755, 7f29c796-0732-402f-b865-67033766dcba:192.168.164.201:40704, c07977b7-c8ef-4f3c-80b1-66a07c6e3dcd:192.168.164.201:38664], old=null
2019-10-17 20:29:08,813 [c07977b7-c8ef-4f3c-80b1-66a07c6e3dcd@group-C2BDBBDF155D-LeaderElection331] INFO  impl.RaftServerImpl (RaftServerImpl.java:setRole(184)) - c07977b7-c8ef-4f3c-80b1-66a07c6e3dcd@group-C2BDBBDF155D: changes role from CANDIDATE to FOLLOWER at term 340 for DISCOVERED_A_NEW_TERM
2019-10-17 20:29:08,813 [c07977b7-c8ef-4f3c-80b1-66a07c6e3dcd@group-C2BDBBDF155D-LeaderElection331] INFO  impl.RoleInfo (RoleInfo.java:shutdownLeaderElection(134)) - c07977b7-c8ef-4f3c-80b1-66a07c6e3dcd: shutdown LeaderElection
2019-10-17 20:29:08,813 [c07977b7-c8ef-4f3c-80b1-66a07c6e3dcd@group-C2BDBBDF155D-LeaderElection331] INFO  impl.RoleInfo (RoleInfo.java:updateAndGet(143)) - c07977b7-c8ef-4f3c-80b1-66a07c6e3dcd: start FollowerState
2019-10-17 20:29:08,818 [Thread-3018] INFO  impl.FollowerState (FollowerState.java:run(108)) - c07977b7-c8ef-4f3c-80b1-66a07c6e3dcd@group-C2BDBBDF155D-FollowerState: change to CANDIDATE, lastRpcTime:5ms, electionTimeout:5ms
2019-10-17 20:29:08,819 [Thread-3018] INFO  impl.RoleInfo (RoleInfo.java:shutdownFollowerState(121)) - c07977b7-c8ef-4f3c-80b1-66a07c6e3dcd: shutdown FollowerState
2019-10-17 20:29:08,819 [Thread-3018] INFO  impl.RaftServerImpl (RaftServerImpl.java:setRole(184)) - c07977b7-c8ef-4f3c-80b1-66a07c6e3dcd@group-C2BDBBDF155D: changes role from  FOLLOWER to CANDIDATE at term 340 for changeToCandidate
2019-10-17 20:29:08,819 [Thread-3018] INFO  impl.RoleInfo (RoleInfo.java:updateAndGet(143)) - c07977b7-c8ef-4f3c-80b1-66a07c6e3dcd: start LeaderElection
2019-10-17 20:29:08,845 [c07977b7-c8ef-4f3c-80b1-66a07c6e3dcd@group-C2BDBBDF155D-LeaderElection332] INFO  impl.LeaderElection (LeaderElection.java:askForVotes(178)) - c07977b7-c8ef-4f3c-80b1-66a07c6e3dcd@group-C2BDBBDF155D-LeaderElection332: begin an election at term 341 for -1: [d81605c5-54b3-45a8-b5ae-2e8d8890cbef:192.168.164.201:42755, 7f29c796-0732-402f-b865-67033766dcba:192.168.164.201:40704, c07977b7-c8ef-4f3c-80b1-66a07c6e3dcd:192.168.164.201:38664], old=null
2019-10-17 20:29:08,847 [grpc-default-executor-1] INFO  impl.RaftServerImpl (RaftServerImpl.java:setRole(184)) - d81605c5-54b3-45a8-b5ae-2e8d8890cbef@group-C2BDBBDF155D: changes role from  FOLLOWER to FOLLOWER at term 341 for recognizeCandidate:c07977b7-c8ef-4f3c-80b1-66a07c6e3dcd
2019-10-17 20:29:08,848 [grpc-default-executor-1] INFO  impl.RoleInfo (RoleInfo.java:shutdownFollowerState(121)) - d81605c5-54b3-45a8-b5ae-2e8d8890cbef: shutdown FollowerState
2019-10-17 20:29:08,848 [grpc-default-executor-2] INFO  impl.RaftServerImpl (RaftServerImpl.java:setRole(184)) - 7f29c796-0732-402f-b865-67033766dcba@group-C2BDBBDF155D: changes role from  FOLLOWER to FOLLOWER at term 341 for recognizeCandidate:c07977b7-c8ef-4f3c-80b1-66a07c6e3dcd
2019-10-17 20:29:08,848 [grpc-default-executor-2] INFO  impl.RoleInfo (RoleInfo.java:shutdownFollowerState(121)) - 7f29c796-0732-402f-b865-67033766dcba: shutdown FollowerState
2019-10-17 20:29:08,848 [Thread-3016] INFO  impl.FollowerState (FollowerState.java:run(117)) - d81605c5-54b3-45a8-b5ae-2e8d8890cbef@group-C2BDBBDF155D-FollowerState was interrupted: java.lang.InterruptedException: sleep interrupted
2019-10-17 20:29:08,848 [Thread-3017] INFO  impl.FollowerState (FollowerState.java:run(117)) - 7f29c796-0732-402f-b865-67033766dcba@group-C2BDBBDF155D-FollowerState was interrupted: java.lang.InterruptedException: sleep interrupted
2019-10-17 20:29:08,848 [grpc-default-executor-1] INFO  impl.RoleInfo (RoleInfo.java:updateAndGet(143)) - d81605c5-54b3-45a8-b5ae-2e8d8890cbef: start FollowerState
2019-10-17 20:29:08,848 [grpc-default-executor-2] INFO  impl.RoleInfo (RoleInfo.java:updateAndGet(143)) - 7f29c796-0732-402f-b865-67033766dcba: start FollowerState
2019-10-17 20:29:08,870 [c07977b7-c8ef-4f3c-80b1-66a07c6e3dcd@group-C2BDBBDF155D-LeaderElection332] INFO  impl.LeaderElection (LeaderElection.java:logAndReturn(56)) - c07977b7-c8ef-4f3c-80b1-66a07c6e3dcd@group-C2BDBBDF155D-LeaderElection332: Election TIMEOUT; received 0 response(s) [] and 0 exception(s); c07977b7-c8ef-4f3c-80b1-66a07c6e3dcd@group-C2BDBBDF155D:t341, leader=null, voted=c07977b7-c8ef-4f3c-80b1-66a07c6e3dcd, raftlog=c07977b7-c8ef-4f3c-80b1-66a07c6e3dcd@group-C2BDBBDF155D-SegmentedRaftLog:OPENED:c-1,f-1,i0, conf=-1: [d81605c5-54b3-45a8-b5ae-2e8d8890cbef:192.168.164.201:42755, 7f29c796-0732-402f-b865-67033766dcba:192.168.164.201:40704, c07977b7-c8ef-4f3c-80b1-66a07c6e3dcd:192.168.164.201:38664], old=null
2019-10-17 20:29:08,896 [c07977b7-c8ef-4f3c-80b1-66a07c6e3dcd@group-C2BDBBDF155D-LeaderElection332] INFO  impl.LeaderElection (LeaderElection.java:askForVotes(178)) - c07977b7-c8ef-4f3c-80b1-66a07c6e3dcd@group-C2BDBBDF155D-LeaderElection332: begin an election at term 342 for -1: [d81605c5-54b3-45a8-b5ae-2e8d8890cbef:192.168.164.201:42755, 7f29c796-0732-402f-b865-67033766dcba:192.168.164.201:40704, c07977b7-c8ef-4f3c-80b1-66a07c6e3dcd:192.168.164.201:38664], old=null
2019-10-17 20:29:08,898 [grpc-default-executor-2] INFO  impl.RaftServerImpl (RaftServerImpl.java:setRole(184)) - d81605c5-54b3-45a8-b5ae-2e8d8890cbef@group-C2BDBBDF155D: changes role from  FOLLOWER to FOLLOWER at term 342 for recognizeCandidate:c07977b7-c8ef-4f3c-80b1-66a07c6e3dcd
2019-10-17 20:29:08,898 [grpc-default-executor-2] INFO  impl.RoleInfo (RoleInfo.java:shutdownFollowerState(121)) - d81605c5-54b3-45a8-b5ae-2e8d8890cbef: shutdown FollowerState
2019-10-17 20:29:08,898 [grpc-default-executor-2] INFO  impl.RoleInfo (RoleInfo.java:updateAndGet(143)) - d81605c5-54b3-45a8-b5ae-2e8d8890cbef: start FollowerState
2019-10-17 20:29:08,898 [Thread-3022] INFO  impl.FollowerState (FollowerState.java:run(117)) - d81605c5-54b3-45a8-b5ae-2e8d8890cbef@group-C2BDBBDF155D-FollowerState was interrupted: java.lang.InterruptedException: sleep interrupted
2019-10-17 20:29:08,898 [grpc-default-executor-1] INFO  impl.RaftServerImpl (RaftServerImpl.java:setRole(184)) - 7f29c796-0732-402f-b865-67033766dcba@group-C2BDBBDF155D: changes role from  FOLLOWER to FOLLOWER at term 342 for recognizeCandidate:c07977b7-c8ef-4f3c-80b1-66a07c6e3dcd
2019-10-17 20:29:08,899 [grpc-default-executor-1] INFO  impl.RoleInfo (RoleInfo.java:shutdownFollowerState(121)) - 7f29c796-0732-402f-b865-67033766dcba: shutdown FollowerState
2019-10-17 20:29:08,899 [grpc-default-executor-1] INFO  impl.RoleInfo (RoleInfo.java:updateAndGet(143)) - 7f29c796-0732-402f-b865-67033766dcba: start FollowerState
2019-10-17 20:29:08,899 [Thread-3023] INFO  impl.FollowerState (FollowerState.java:run(117)) - 7f29c796-0732-402f-b865-67033766dcba@group-C2BDBBDF155D-FollowerState was interrupted: java.lang.InterruptedException: sleep interrupted
2019-10-17 20:29:08,922 [c07977b7-c8ef-4f3c-80b1-66a07c6e3dcd@group-C2BDBBDF155D-LeaderElection332] INFO  impl.LeaderElection (LeaderElection.java:logAndReturn(56)) - c07977b7-c8ef-4f3c-80b1-66a07c6e3dcd@group-C2BDBBDF155D-LeaderElection332: Election REJECTED; received 2 response(s) [c07977b7-c8ef-4f3c-80b1-66a07c6e3dcd<-d81605c5-54b3-45a8-b5ae-2e8d8890cbef#0:FAIL-t342, c07977b7-c8ef-4f3c-80b1-66a07c6e3dcd<-7f29c796-0732-402f-b865-67033766dcba#0:FAIL-t342] and 0 exception(s); c07977b7-c8ef-4f3c-80b1-66a07c6e3dcd@group-C2BDBBDF155D:t342, leader=null, voted=c07977b7-c8ef-4f3c-80b1-66a07c6e3dcd, raftlog=c07977b7-c8ef-4f3c-80b1-66a07c6e3dcd@group-C2BDBBDF155D-SegmentedRaftLog:OPENED:c-1,f-1,i0, conf=-1: [d81605c5-54b3-45a8-b5ae-2e8d8890cbef:192.168.164.201:42755, 7f29c796-0732-402f-b865-67033766dcba:192.168.164.201:40704, c07977b7-c8ef-4f3c-80b1-66a07c6e3dcd:192.168.164.201:38664], old=null
2019-10-17 20:29:08,923 [c07977b7-c8ef-4f3c-80b1-66a07c6e3dcd@group-C2BDBBDF155D-LeaderElection332] INFO  impl.RaftServerImpl (RaftServerImpl.java:setRole(184)) - c07977b7-c8ef-4f3c-80b1-66a07c6e3dcd@group-C2BDBBDF155D: changes role from CANDIDATE to FOLLOWER at term 342 for DISCOVERED_A_NEW_TERM
2019-10-17 20:29:08,923 [c07977b7-c8ef-4f3c-80b1-66a07c6e3dcd@group-C2BDBBDF155D-LeaderElection332] INFO  impl.RoleInfo (RoleInfo.java:shutdownLeaderElection(134)) - c07977b7-c8ef-4f3c-80b1-66a07c6e3dcd: shutdown LeaderElection
2019-10-17 20:29:08,923 [c07977b7-c8ef-4f3c-80b1-66a07c6e3dcd@group-C2BDBBDF155D-LeaderElection332] INFO  impl.RoleInfo (RoleInfo.java:updateAndGet(143)) - c07977b7-c8ef-4f3c-80b1-66a07c6e3dcd: start FollowerState
2019-10-17 20:29:08,962 [Thread-3028] INFO  impl.FollowerState (FollowerState.java:run(108)) - c07977b7-c8ef-4f3c-80b1-66a07c6e3dcd@group-C2BDBBDF155D-FollowerState: change to CANDIDATE, lastRpcTime:39ms, electionTimeout:39ms
2019-10-17 20:29:08,962 [Thread-3028] INFO  impl.RoleInfo (RoleInfo.java:shutdownFollowerState(121)) - c07977b7-c8ef-4f3c-80b1-66a07c6e3dcd: shutdown FollowerState
2019-10-17 20:29:08,962 [Thread-3028] INFO  impl.RaftServerImpl (RaftServerImpl.java:setRole(184)) - c07977b7-c8ef-4f3c-80b1-66a07c6e3dcd@group-C2BDBBDF155D: changes role from  FOLLOWER to CANDIDATE at term 342 for changeToCandidate
2019-10-17 20:29:08,963 [Thread-3028] INFO  impl.RoleInfo (RoleInfo.java:updateAndGet(143)) - c07977b7-c8ef-4f3c-80b1-66a07c6e3dcd: start LeaderElection
2019-10-17 20:29:08,989 [c07977b7-c8ef-4f3c-80b1-66a07c6e3dcd@group-C2BDBBDF155D-LeaderElection333] INFO  impl.LeaderElection (LeaderElection.java:askForVotes(178)) - c07977b7-c8ef-4f3c-80b1-66a07c6e3dcd@group-C2BDBBDF155D-LeaderElection333: begin an election at term 343 for -1: [d81605c5-54b3-45a8-b5ae-2e8d8890cbef:192.168.164.201:42755, 7f29c796-0732-402f-b865-67033766dcba:192.168.164.201:40704, c07977b7-c8ef-4f3c-80b1-66a07c6e3dcd:192.168.164.201:38664], old=null
2019-10-17 20:29:08,992 [grpc-default-executor-2] INFO  impl.RaftServerImpl (RaftServerImpl.java:setRole(184)) - 7f29c796-0732-402f-b865-67033766dcba@group-C2BDBBDF155D: changes role from  FOLLOWER to FOLLOWER at term 343 for recognizeCandidate:c07977b7-c8ef-4f3c-80b1-66a07c6e3dcd
2019-10-17 20:29:08,992 [grpc-default-executor-1] INFO  impl.RaftServerImpl (RaftServerImpl.java:setRole(184)) - d81605c5-54b3-45a8-b5ae-2e8d8890cbef@group-C2BDBBDF155D: changes role from  FOLLOWER to FOLLOWER at term 343 for recognizeCandidate:c07977b7-c8ef-4f3c-80b1-66a07c6e3dcd
2019-10-17 20:29:08,992 [grpc-default-executor-2] INFO  impl.RoleInfo (RoleInfo.java:shutdownFollowerState(121)) - 7f29c796-0732-402f-b865-67033766dcba: shutdown FollowerState
2019-10-17 20:29:08,993 [grpc-default-executor-1] INFO  impl.RoleInfo (RoleInfo.java:shutdownFollowerState(121)) - d81605c5-54b3-45a8-b5ae-2e8d8890cbef: shutdown FollowerState
2019-10-17 20:29:08,993 [Thread-3027] INFO  impl.FollowerState (FollowerState.java:run(117)) - 7f29c796-0732-402f-b865-67033766dcba@group-C2BDBBDF155D-FollowerState was interrupted: java.lang.InterruptedException: sleep interrupted
2019-10-17 20:29:08,993 [grpc-default-executor-2] INFO  impl.RoleInfo (RoleInfo.java:updateAndGet(143)) - 7f29c796-0732-402f-b865-67033766dcba: start FollowerState
2019-10-17 20:29:08,993 [Thread-3026] INFO  impl.FollowerState (FollowerState.java:run(117)) - d81605c5-54b3-45a8-b5ae-2e8d8890cbef@group-C2BDBBDF155D-FollowerState was interrupted: java.lang.InterruptedException: sleep interrupted
2019-10-17 20:29:08,993 [grpc-default-executor-1] INFO  impl.RoleInfo (RoleInfo.java:updateAndGet(143)) - d81605c5-54b3-45a8-b5ae-2e8d8890cbef: start FollowerState
2019-10-17 20:29:09,023 [c07977b7-c8ef-4f3c-80b1-66a07c6e3dcd@group-C2BDBBDF155D-LeaderElection333] INFO  impl.LeaderElection (LeaderElection.java:logAndReturn(56)) - c07977b7-c8ef-4f3c-80b1-66a07c6e3dcd@group-C2BDBBDF155D-LeaderElection333: Election REJECTED; received 2 response(s) [c07977b7-c8ef-4f3c-80b1-66a07c6e3dcd<-d81605c5-54b3-45a8-b5ae-2e8d8890cbef#0:FAIL-t343, c07977b7-c8ef-4f3c-80b1-66a07c6e3dcd<-7f29c796-0732-402f-b865-67033766dcba#0:FAIL-t343] and 0 exception(s); c07977b7-c8ef-4f3c-80b1-66a07c6e3dcd@group-C2BDBBDF155D:t343, leader=null, voted=c07977b7-c8ef-4f3c-80b1-66a07c6e3dcd, raftlog=c07977b7-c8ef-4f3c-80b1-66a07c6e3dcd@group-C2BDBBDF155D-SegmentedRaftLog:OPENED:c-1,f-1,i0, conf=-1: [d81605c5-54b3-45a8-b5ae-2e8d8890cbef:192.168.164.201:42755, 7f29c796-0732-402f-b865-67033766dcba:192.168.164.201:40704, c07977b7-c8ef-4f3c-80b1-66a07c6e3dcd:192.168.164.201:38664], old=null
2019-10-17 20:29:09,024 [c07977b7-c8ef-4f3c-80b1-66a07c6e3dcd@group-C2BDBBDF155D-LeaderElection333] INFO  impl.RaftServerImpl (RaftServerImpl.java:setRole(184)) - c07977b7-c8ef-4f3c-80b1-66a07c6e3dcd@group-C2BDBBDF155D: changes role from CANDIDATE to FOLLOWER at term 343 for DISCOVERED_A_NEW_TERM
2019-10-17 20:29:09,024 [c07977b7-c8ef-4f3c-80b1-66a07c6e3dcd@group-C2BDBBDF155D-LeaderElection333] INFO  impl.RoleInfo (RoleInfo.java:shutdownLeaderElection(134)) - c07977b7-c8ef-4f3c-80b1-66a07c6e3dcd: shutdown LeaderElection
2019-10-17 20:29:09,024 [c07977b7-c8ef-4f3c-80b1-66a07c6e3dcd@group-C2BDBBDF155D-LeaderElection333] INFO  impl.RoleInfo (RoleInfo.java:updateAndGet(143)) - c07977b7-c8ef-4f3c-80b1-66a07c6e3dcd: start FollowerState
2019-10-17 20:29:09,156 [Thread-3034] INFO  impl.FollowerState (FollowerState.java:run(108)) - c07977b7-c8ef-4f3c-80b1-66a07c6e3dcd@group-C2BDBBDF155D-FollowerState: change to CANDIDATE, lastRpcTime:132ms, electionTimeout:132ms
2019-10-17 20:29:09,156 [Thread-3034] INFO  impl.RoleInfo (RoleInfo.java:shutdownFollowerState(121)) - c07977b7-c8ef-4f3c-80b1-66a07c6e3dcd: shutdown FollowerState
2019-10-17 20:29:09,156 [Thread-3034] INFO  impl.RaftServerImpl (RaftServerImpl.java:setRole(184)) - c07977b7-c8ef-4f3c-80b1-66a07c6e3dcd@group-C2BDBBDF155D: changes role from  FOLLOWER to CANDIDATE at term 343 for changeToCandidate
2019-10-17 20:29:09,157 [Thread-3034] INFO  impl.RoleInfo (RoleInfo.java:updateAndGet(143)) - c07977b7-c8ef-4f3c-80b1-66a07c6e3dcd: start LeaderElection
2019-10-17 20:29:09,174 [c07977b7-c8ef-4f3c-80b1-66a07c6e3dcd@group-C2BDBBDF155D-LeaderElection334] INFO  impl.LeaderElection (LeaderElection.java:askForVotes(178)) - c07977b7-c8ef-4f3c-80b1-66a07c6e3dcd@group-C2BDBBDF155D-LeaderElection334: begin an election at term 344 for -1: [d81605c5-54b3-45a8-b5ae-2e8d8890cbef:192.168.164.201:42755, 7f29c796-0732-402f-b865-67033766dcba:192.168.164.201:40704, c07977b7-c8ef-4f3c-80b1-66a07c6e3dcd:192.168.164.201:38664], old=null
2019-10-17 20:29:09,176 [grpc-default-executor-1] INFO  impl.RaftServerImpl (RaftServerImpl.java:setRole(184)) - d81605c5-54b3-45a8-b5ae-2e8d8890cbef@group-C2BDBBDF155D: changes role from  FOLLOWER to FOLLOWER at term 344 for recognizeCandidate:c07977b7-c8ef-4f3c-80b1-66a07c6e3dcd
2019-10-17 20:29:09,176 [grpc-default-executor-2] INFO  impl.RaftServerImpl (RaftServerImpl.java:setRole(184)) - 7f29c796-0732-402f-b865-67033766dcba@group-C2BDBBDF155D: changes role from  FOLLOWER to FOLLOWER at term 344 for recognizeCandidate:c07977b7-c8ef-4f3c-80b1-66a07c6e3dcd
2019-10-17 20:29:09,176 [grpc-default-executor-1] INFO  impl.RoleInfo (RoleInfo.java:shutdownFollowerState(121)) - d81605c5-54b3-45a8-b5ae-2e8d8890cbef: shutdown FollowerState
2019-10-17 20:29:09,176 [grpc-default-executor-2] INFO  impl.RoleInfo (RoleInfo.java:shutdownFollowerState(121)) - 7f29c796-0732-402f-b865-67033766dcba: shutdown FollowerState
2019-10-17 20:29:09,176 [Thread-3033] INFO  impl.FollowerState (FollowerState.java:run(117)) - d81605c5-54b3-45a8-b5ae-2e8d8890cbef@group-C2BDBBDF155D-FollowerState was interrupted: java.lang.InterruptedException: sleep interrupted
2019-10-17 20:29:09,176 [grpc-default-executor-1] INFO  impl.RoleInfo (RoleInfo.java:updateAndGet(143)) - d81605c5-54b3-45a8-b5ae-2e8d8890cbef: start FollowerState
2019-10-17 20:29:09,177 [Thread-3032] INFO  impl.FollowerState (FollowerState.java:run(117)) - 7f29c796-0732-402f-b865-67033766dcba@group-C2BDBBDF155D-FollowerState was interrupted: java.lang.InterruptedException: sleep interrupted
2019-10-17 20:29:09,177 [grpc-default-executor-2] INFO  impl.RoleInfo (RoleInfo.java:updateAndGet(143)) - 7f29c796-0732-402f-b865-67033766dcba: start FollowerState
2019-10-17 20:29:09,209 [c07977b7-c8ef-4f3c-80b1-66a07c6e3dcd@group-C2BDBBDF155D-LeaderElection334] INFO  impl.LeaderElection (LeaderElection.java:logAndReturn(56)) - c07977b7-c8ef-4f3c-80b1-66a07c6e3dcd@group-C2BDBBDF155D-LeaderElection334: Election REJECTED; received 2 response(s) [c07977b7-c8ef-4f3c-80b1-66a07c6e3dcd<-d81605c5-54b3-45a8-b5ae-2e8d8890cbef#0:FAIL-t344, c07977b7-c8ef-4f3c-80b1-66a07c6e3dcd<-7f29c796-0732-402f-b865-67033766dcba#0:FAIL-t344] and 0 exception(s); c07977b7-c8ef-4f3c-80b1-66a07c6e3dcd@group-C2BDBBDF155D:t344, leader=null, voted=c07977b7-c8ef-4f3c-80b1-66a07c6e3dcd, raftlog=c07977b7-c8ef-4f3c-80b1-66a07c6e3dcd@group-C2BDBBDF155D-SegmentedRaftLog:OPENED:c-1,f-1,i0, conf=-1: [d81605c5-54b3-45a8-b5ae-2e8d8890cbef:192.168.164.201:42755, 7f29c796-0732-402f-b865-67033766dcba:192.168.164.201:40704, c07977b7-c8ef-4f3c-80b1-66a07c6e3dcd:192.168.164.201:38664], old=null
2019-10-17 20:29:09,209 [c07977b7-c8ef-4f3c-80b1-66a07c6e3dcd@group-C2BDBBDF155D-LeaderElection334] INFO  impl.RaftServerImpl (RaftServerImpl.java:setRole(184)) - c07977b7-c8ef-4f3c-80b1-66a07c6e3dcd@group-C2BDBBDF155D: changes role from CANDIDATE to FOLLOWER at term 344 for DISCOVERED_A_NEW_TERM
2019-10-17 20:29:09,209 [c07977b7-c8ef-4f3c-80b1-66a07c6e3dcd@group-C2BDBBDF155D-LeaderElection334] INFO  impl.RoleInfo (RoleInfo.java:shutdownLeaderElection(134)) - c07977b7-c8ef-4f3c-80b1-66a07c6e3dcd: shutdown LeaderElection
2019-10-17 20:29:09,209 [c07977b7-c8ef-4f3c-80b1-66a07c6e3dcd@group-C2BDBBDF155D-LeaderElection334] INFO  impl.RoleInfo (RoleInfo.java:updateAndGet(143)) - c07977b7-c8ef-4f3c-80b1-66a07c6e3dcd: start FollowerState
2019-10-17 20:29:09,405 [Thread-3040] INFO  impl.FollowerState (FollowerState.java:run(108)) - c07977b7-c8ef-4f3c-80b1-66a07c6e3dcd@group-C2BDBBDF155D-FollowerState: change to CANDIDATE, lastRpcTime:195ms, electionTimeout:195ms
2019-10-17 20:29:09,405 [Thread-3040] INFO  impl.RoleInfo (RoleInfo.java:shutdownFollowerState(121)) - c07977b7-c8ef-4f3c-80b1-66a07c6e3dcd: shutdown FollowerState
2019-10-17 20:29:09,405 [Thread-3040] INFO  impl.RaftServerImpl (RaftServerImpl.java:setRole(184)) - c07977b7-c8ef-4f3c-80b1-66a07c6e3dcd@group-C2BDBBDF155D: changes role from  FOLLOWER to CANDIDATE at term 344 for changeToCandidate
2019-10-17 20:29:09,405 [Thread-3040] INFO  impl.RoleInfo (RoleInfo.java:updateAndGet(143)) - c07977b7-c8ef-4f3c-80b1-66a07c6e3dcd: start LeaderElection
2019-10-17 20:29:09,433 [c07977b7-c8ef-4f3c-80b1-66a07c6e3dcd@group-C2BDBBDF155D-LeaderElection335] INFO  impl.LeaderElection (LeaderElection.java:askForVotes(178)) - c07977b7-c8ef-4f3c-80b1-66a07c6e3dcd@group-C2BDBBDF155D-LeaderElection335: begin an election at term 345 for -1: [d81605c5-54b3-45a8-b5ae-2e8d8890cbef:192.168.164.201:42755, 7f29c796-0732-402f-b865-67033766dcba:192.168.164.201:40704, c07977b7-c8ef-4f3c-80b1-66a07c6e3dcd:192.168.164.201:38664], old=null
2019-10-17 20:29:09,435 [grpc-default-executor-2] INFO  impl.RaftServerImpl (RaftServerImpl.java:setRole(184)) - d81605c5-54b3-45a8-b5ae-2e8d8890cbef@group-C2BDBBDF155D: changes role from  FOLLOWER to FOLLOWER at term 345 for recognizeCandidate:c07977b7-c8ef-4f3c-80b1-66a07c6e3dcd
2019-10-17 20:29:09,435 [grpc-default-executor-1] INFO  impl.RaftServerImpl (RaftServerImpl.java:setRole(184)) - 7f29c796-0732-402f-b865-67033766dcba@group-C2BDBBDF155D: changes role from  FOLLOWER to FOLLOWER at term 345 for recognizeCandidate:c07977b7-c8ef-4f3c-80b1-66a07c6e3dcd
2019-10-17 20:29:09,435 [grpc-default-executor-2] INFO  impl.RoleInfo (RoleInfo.java:shutdownFollowerState(121)) - d81605c5-54b3-45a8-b5ae-2e8d8890cbef: shutdown FollowerState
2019-10-17 20:29:09,435 [grpc-default-executor-1] INFO  impl.RoleInfo (RoleInfo.java:shutdownFollowerState(121)) - 7f29c796-0732-402f-b865-67033766dcba: shutdown FollowerState
2019-10-17 20:29:09,436 [Thread-3038] INFO  impl.FollowerState (FollowerState.java:run(117)) - d81605c5-54b3-45a8-b5ae-2e8d8890cbef@group-C2BDBBDF155D-FollowerState was interrupted: java.lang.InterruptedException: sleep interrupted
2019-10-17 20:29:09,436 [Thread-3039] INFO  impl.FollowerState (FollowerState.java:run(117)) - 7f29c796-0732-402f-b865-67033766dcba@group-C2BDBBDF155D-FollowerState was interrupted: java.lang.InterruptedException: sleep interrupted
2019-10-17 20:29:09,436 [grpc-default-executor-2] INFO  impl.RoleInfo (RoleInfo.java:updateAndGet(143)) - d81605c5-54b3-45a8-b5ae-2e8d8890cbef: start FollowerState
2019-10-17 20:29:09,436 [grpc-default-executor-1] INFO  impl.RoleInfo (RoleInfo.java:updateAndGet(143)) - 7f29c796-0732-402f-b865-67033766dcba: start FollowerState
2019-10-17 20:29:09,459 [c07977b7-c8ef-4f3c-80b1-66a07c6e3dcd@group-C2BDBBDF155D-LeaderElection335] INFO  impl.LeaderElection (LeaderElection.java:logAndReturn(56)) - c07977b7-c8ef-4f3c-80b1-66a07c6e3dcd@group-C2BDBBDF155D-LeaderElection335: Election REJECTED; received 2 response(s) [c07977b7-c8ef-4f3c-80b1-66a07c6e3dcd<-d81605c5-54b3-45a8-b5ae-2e8d8890cbef#0:FAIL-t345, c07977b7-c8ef-4f3c-80b1-66a07c6e3dcd<-7f29c796-0732-402f-b865-67033766dcba#0:FAIL-t345] and 0 exception(s); c07977b7-c8ef-4f3c-80b1-66a07c6e3dcd@group-C2BDBBDF155D:t345, leader=null, voted=c07977b7-c8ef-4f3c-80b1-66a07c6e3dcd, raftlog=c07977b7-c8ef-4f3c-80b1-66a07c6e3dcd@group-C2BDBBDF155D-SegmentedRaftLog:OPENED:c-1,f-1,i0, conf=-1: [d81605c5-54b3-45a8-b5ae-2e8d8890cbef:192.168.164.201:42755, 7f29c796-0732-402f-b865-67033766dcba:192.168.164.201:40704, c07977b7-c8ef-4f3c-80b1-66a07c6e3dcd:192.168.164.201:38664], old=null
2019-10-17 20:29:09,459 [c07977b7-c8ef-4f3c-80b1-66a07c6e3dcd@group-C2BDBBDF155D-LeaderElection335] INFO  impl.RaftServerImpl (RaftServerImpl.java:setRole(184)) - c07977b7-c8ef-4f3c-80b1-66a07c6e3dcd@group-C2BDBBDF155D: changes role from CANDIDATE to FOLLOWER at term 345 for DISCOVERED_A_NEW_TERM
2019-10-17 20:29:09,459 [c07977b7-c8ef-4f3c-80b1-66a07c6e3dcd@group-C2BDBBDF155D-LeaderElection335] INFO  impl.RoleInfo (RoleInfo.java:shutdownLeaderElection(134)) - c07977b7-c8ef-4f3c-80b1-66a07c6e3dcd: shutdown LeaderElection
2019-10-17 20:29:09,459 [c07977b7-c8ef-4f3c-80b1-66a07c6e3dcd@group-C2BDBBDF155D-LeaderElection335] INFO  impl.RoleInfo (RoleInfo.java:updateAndGet(143)) - c07977b7-c8ef-4f3c-80b1-66a07c6e3dcd: start FollowerState
2019-10-17 20:29:09,552 [Thread-754] INFO  ozone.MiniOzoneClusterImpl (MiniOzoneClusterImpl.java:lambda$waitForClusterToBeReady$2(164)) - Waiting for 1 number of pipelines out of 4, to report a leader.
2019-10-17 20:29:09,563 [Thread-3046] INFO  impl.FollowerState (FollowerState.java:run(108)) - c07977b7-c8ef-4f3c-80b1-66a07c6e3dcd@group-C2BDBBDF155D-FollowerState: change to CANDIDATE, lastRpcTime:103ms, electionTimeout:103ms
2019-10-17 20:29:09,563 [Thread-3046] INFO  impl.RoleInfo (RoleInfo.java:shutdownFollowerState(121)) - c07977b7-c8ef-4f3c-80b1-66a07c6e3dcd: shutdown FollowerState
2019-10-17 20:29:09,563 [Thread-3046] INFO  impl.RaftServerImpl (RaftServerImpl.java:setRole(184)) - c07977b7-c8ef-4f3c-80b1-66a07c6e3dcd@group-C2BDBBDF155D: changes role from  FOLLOWER to CANDIDATE at term 345 for changeToCandidate
2019-10-17 20:29:09,563 [Thread-3046] INFO  impl.RoleInfo (RoleInfo.java:updateAndGet(143)) - c07977b7-c8ef-4f3c-80b1-66a07c6e3dcd: start LeaderElection
2019-10-17 20:29:09,592 [c07977b7-c8ef-4f3c-80b1-66a07c6e3dcd@group-C2BDBBDF155D-LeaderElection336] INFO  impl.LeaderElection (LeaderElection.java:askForVotes(178)) - c07977b7-c8ef-4f3c-80b1-66a07c6e3dcd@group-C2BDBBDF155D-LeaderElection336: begin an election at term 346 for -1: [d81605c5-54b3-45a8-b5ae-2e8d8890cbef:192.168.164.201:42755, 7f29c796-0732-402f-b865-67033766dcba:192.168.164.201:40704, c07977b7-c8ef-4f3c-80b1-66a07c6e3dcd:192.168.164.201:38664], old=null
2019-10-17 20:29:09,593 [grpc-default-executor-2] INFO  impl.RaftServerImpl (RaftServerImpl.java:setRole(184)) - d81605c5-54b3-45a8-b5ae-2e8d8890cbef@group-C2BDBBDF155D: changes role from  FOLLOWER to FOLLOWER at term 346 for recognizeCandidate:c07977b7-c8ef-4f3c-80b1-66a07c6e3dcd
2019-10-17 20:29:09,594 [grpc-default-executor-2] INFO  impl.RoleInfo (RoleInfo.java:shutdownFollowerState(121)) - d81605c5-54b3-45a8-b5ae-2e8d8890cbef: shutdown FollowerState
2019-10-17 20:29:09,594 [grpc-default-executor-1] INFO  impl.RaftServerImpl (RaftServerImpl.java:setRole(184)) - 7f29c796-0732-402f-b865-67033766dcba@group-C2BDBBDF155D: changes role from  FOLLOWER to FOLLOWER at term 346 for recognizeCandidate:c07977b7-c8ef-4f3c-80b1-66a07c6e3dcd
2019-10-17 20:29:09,594 [grpc-default-executor-1] INFO  impl.RoleInfo (RoleInfo.java:shutdownFollowerState(121)) - 7f29c796-0732-402f-b865-67033766dcba: shutdown FollowerState
2019-10-17 20:29:09,594 [Thread-3044] INFO  impl.FollowerState (FollowerState.java:run(117)) - d81605c5-54b3-45a8-b5ae-2e8d8890cbef@group-C2BDBBDF155D-FollowerState was interrupted: java.lang.InterruptedException: sleep interrupted
2019-10-17 20:29:09,594 [grpc-default-executor-2] INFO  impl.RoleInfo (RoleInfo.java:updateAndGet(143)) - d81605c5-54b3-45a8-b5ae-2e8d8890cbef: start FollowerState
2019-10-17 20:29:09,594 [Thread-3045] INFO  impl.FollowerState (FollowerState.java:run(117)) - 7f29c796-0732-402f-b865-67033766dcba@group-C2BDBBDF155D-FollowerState was interrupted: java.lang.InterruptedException: sleep interrupted
2019-10-17 20:29:09,594 [grpc-default-executor-1] INFO  impl.RoleInfo (RoleInfo.java:updateAndGet(143)) - 7f29c796-0732-402f-b865-67033766dcba: start FollowerState
2019-10-17 20:29:09,618 [c07977b7-c8ef-4f3c-80b1-66a07c6e3dcd@group-C2BDBBDF155D-LeaderElection336] INFO  impl.LeaderElection (LeaderElection.java:logAndReturn(56)) - c07977b7-c8ef-4f3c-80b1-66a07c6e3dcd@group-C2BDBBDF155D-LeaderElection336: Election REJECTED; received 2 response(s) [c07977b7-c8ef-4f3c-80b1-66a07c6e3dcd<-d81605c5-54b3-45a8-b5ae-2e8d8890cbef#0:FAIL-t346, c07977b7-c8ef-4f3c-80b1-66a07c6e3dcd<-7f29c796-0732-402f-b865-67033766dcba#0:FAIL-t346] and 0 exception(s); c07977b7-c8ef-4f3c-80b1-66a07c6e3dcd@group-C2BDBBDF155D:t346, leader=null, voted=c07977b7-c8ef-4f3c-80b1-66a07c6e3dcd, raftlog=c07977b7-c8ef-4f3c-80b1-66a07c6e3dcd@group-C2BDBBDF155D-SegmentedRaftLog:OPENED:c-1,f-1,i0, conf=-1: [d81605c5-54b3-45a8-b5ae-2e8d8890cbef:192.168.164.201:42755, 7f29c796-0732-402f-b865-67033766dcba:192.168.164.201:40704, c07977b7-c8ef-4f3c-80b1-66a07c6e3dcd:192.168.164.201:38664], old=null
2019-10-17 20:29:09,618 [c07977b7-c8ef-4f3c-80b1-66a07c6e3dcd@group-C2BDBBDF155D-LeaderElection336] INFO  impl.RaftServerImpl (RaftServerImpl.java:setRole(184)) - c07977b7-c8ef-4f3c-80b1-66a07c6e3dcd@group-C2BDBBDF155D: changes role from CANDIDATE to FOLLOWER at term 346 for DISCOVERED_A_NEW_TERM
2019-10-17 20:29:09,618 [c07977b7-c8ef-4f3c-80b1-66a07c6e3dcd@group-C2BDBBDF155D-LeaderElection336] INFO  impl.RoleInfo (RoleInfo.java:shutdownLeaderElection(134)) - c07977b7-c8ef-4f3c-80b1-66a07c6e3dcd: shutdown LeaderElection
2019-10-17 20:29:09,618 [c07977b7-c8ef-4f3c-80b1-66a07c6e3dcd@group-C2BDBBDF155D-LeaderElection336] INFO  impl.RoleInfo (RoleInfo.java:updateAndGet(143)) - c07977b7-c8ef-4f3c-80b1-66a07c6e3dcd: start FollowerState
2019-10-17 20:29:09,738 [Thread-3052] INFO  impl.FollowerState (FollowerState.java:run(108)) - c07977b7-c8ef-4f3c-80b1-66a07c6e3dcd@group-C2BDBBDF155D-FollowerState: change to CANDIDATE, lastRpcTime:119ms, electionTimeout:119ms
2019-10-17 20:29:09,738 [Thread-3052] INFO  impl.RoleInfo (RoleInfo.java:shutdownFollowerState(121)) - c07977b7-c8ef-4f3c-80b1-66a07c6e3dcd: shutdown FollowerState
2019-10-17 20:29:09,738 [Thread-3052] INFO  impl.RaftServerImpl (RaftServerImpl.java:setRole(184)) - c07977b7-c8ef-4f3c-80b1-66a07c6e3dcd@group-C2BDBBDF155D: changes role from  FOLLOWER to CANDIDATE at term 346 for changeToCandidate
2019-10-17 20:29:09,739 [Thread-3052] INFO  impl.RoleInfo (RoleInfo.java:updateAndGet(143)) - c07977b7-c8ef-4f3c-80b1-66a07c6e3dcd: start LeaderElection
2019-10-17 20:29:09,767 [c07977b7-c8ef-4f3c-80b1-66a07c6e3dcd@group-C2BDBBDF155D-LeaderElection337] INFO  impl.LeaderElection (LeaderElection.java:askForVotes(178)) - c07977b7-c8ef-4f3c-80b1-66a07c6e3dcd@group-C2BDBBDF155D-LeaderElection337: begin an election at term 347 for -1: [d81605c5-54b3-45a8-b5ae-2e8d8890cbef:192.168.164.201:42755, 7f29c796-0732-402f-b865-67033766dcba:192.168.164.201:40704, c07977b7-c8ef-4f3c-80b1-66a07c6e3dcd:192.168.164.201:38664], old=null
2019-10-17 20:29:09,769 [grpc-default-executor-2] INFO  impl.RaftServerImpl (RaftServerImpl.java:setRole(184)) - d81605c5-54b3-45a8-b5ae-2e8d8890cbef@group-C2BDBBDF155D: changes role from  FOLLOWER to FOLLOWER at term 347 for recognizeCandidate:c07977b7-c8ef-4f3c-80b1-66a07c6e3dcd
2019-10-17 20:29:09,769 [grpc-default-executor-2] INFO  impl.RoleInfo (RoleInfo.java:shutdownFollowerState(121)) - d81605c5-54b3-45a8-b5ae-2e8d8890cbef: shutdown FollowerState
2019-10-17 20:29:09,769 [grpc-default-executor-1] INFO  impl.RaftServerImpl (RaftServerImpl.java:setRole(184)) - 7f29c796-0732-402f-b865-67033766dcba@group-C2BDBBDF155D: changes role from  FOLLOWER to FOLLOWER at term 347 for recognizeCandidate:c07977b7-c8ef-4f3c-80b1-66a07c6e3dcd
2019-10-17 20:29:09,770 [grpc-default-executor-1] INFO  impl.RoleInfo (RoleInfo.java:shutdownFollowerState(121)) - 7f29c796-0732-402f-b865-67033766dcba: shutdown FollowerState
2019-10-17 20:29:09,770 [Thread-3050] INFO  impl.FollowerState (FollowerState.java:run(117)) - d81605c5-54b3-45a8-b5ae-2e8d8890cbef@group-C2BDBBDF155D-FollowerState was interrupted: java.lang.InterruptedException: sleep interrupted
2019-10-17 20:29:09,770 [grpc-default-executor-2] INFO  impl.RoleInfo (RoleInfo.java:updateAndGet(143)) - d81605c5-54b3-45a8-b5ae-2e8d8890cbef: start FollowerState
2019-10-17 20:29:09,770 [Thread-3051] INFO  impl.FollowerState (FollowerState.java:run(117)) - 7f29c796-0732-402f-b865-67033766dcba@group-C2BDBBDF155D-FollowerState was interrupted: java.lang.InterruptedException: sleep interrupted
2019-10-17 20:29:09,770 [grpc-default-executor-1] INFO  impl.RoleInfo (RoleInfo.java:updateAndGet(143)) - 7f29c796-0732-402f-b865-67033766dcba: start FollowerState
2019-10-17 20:29:09,793 [c07977b7-c8ef-4f3c-80b1-66a07c6e3dcd@group-C2BDBBDF155D-LeaderElection337] INFO  impl.LeaderElection (LeaderElection.java:logAndReturn(56)) - c07977b7-c8ef-4f3c-80b1-66a07c6e3dcd@group-C2BDBBDF155D-LeaderElection337: Election REJECTED; received 2 response(s) [c07977b7-c8ef-4f3c-80b1-66a07c6e3dcd<-d81605c5-54b3-45a8-b5ae-2e8d8890cbef#0:FAIL-t347, c07977b7-c8ef-4f3c-80b1-66a07c6e3dcd<-7f29c796-0732-402f-b865-67033766dcba#0:FAIL-t347] and 0 exception(s); c07977b7-c8ef-4f3c-80b1-66a07c6e3dcd@group-C2BDBBDF155D:t347, leader=null, voted=c07977b7-c8ef-4f3c-80b1-66a07c6e3dcd, raftlog=c07977b7-c8ef-4f3c-80b1-66a07c6e3dcd@group-C2BDBBDF155D-SegmentedRaftLog:OPENED:c-1,f-1,i0, conf=-1: [d81605c5-54b3-45a8-b5ae-2e8d8890cbef:192.168.164.201:42755, 7f29c796-0732-402f-b865-67033766dcba:192.168.164.201:40704, c07977b7-c8ef-4f3c-80b1-66a07c6e3dcd:192.168.164.201:38664], old=null
2019-10-17 20:29:09,794 [c07977b7-c8ef-4f3c-80b1-66a07c6e3dcd@group-C2BDBBDF155D-LeaderElection337] INFO  impl.RaftServerImpl (RaftServerImpl.java:setRole(184)) - c07977b7-c8ef-4f3c-80b1-66a07c6e3dcd@group-C2BDBBDF155D: changes role from CANDIDATE to FOLLOWER at term 347 for DISCOVERED_A_NEW_TERM
2019-10-17 20:29:09,794 [c07977b7-c8ef-4f3c-80b1-66a07c6e3dcd@group-C2BDBBDF155D-LeaderElection337] INFO  impl.RoleInfo (RoleInfo.java:shutdownLeaderElection(134)) - c07977b7-c8ef-4f3c-80b1-66a07c6e3dcd: shutdown LeaderElection
2019-10-17 20:29:09,794 [c07977b7-c8ef-4f3c-80b1-66a07c6e3dcd@group-C2BDBBDF155D-LeaderElection337] INFO  impl.RoleInfo (RoleInfo.java:updateAndGet(143)) - c07977b7-c8ef-4f3c-80b1-66a07c6e3dcd: start FollowerState
2019-10-17 20:29:09,858 [Thread-3058] INFO  impl.FollowerState (FollowerState.java:run(108)) - c07977b7-c8ef-4f3c-80b1-66a07c6e3dcd@group-C2BDBBDF155D-FollowerState: change to CANDIDATE, lastRpcTime:64ms, electionTimeout:64ms
2019-10-17 20:29:09,859 [Thread-3058] INFO  impl.RoleInfo (RoleInfo.java:shutdownFollowerState(121)) - c07977b7-c8ef-4f3c-80b1-66a07c6e3dcd: shutdown FollowerState
2019-10-17 20:29:09,859 [Thread-3058] INFO  impl.RaftServerImpl (RaftServerImpl.java:setRole(184)) - c07977b7-c8ef-4f3c-80b1-66a07c6e3dcd@group-C2BDBBDF155D: changes role from  FOLLOWER to CANDIDATE at term 347 for changeToCandidate
2019-10-17 20:29:09,859 [Thread-3058] INFO  impl.RoleInfo (RoleInfo.java:updateAndGet(143)) - c07977b7-c8ef-4f3c-80b1-66a07c6e3dcd: start LeaderElection
2019-10-17 20:29:09,885 [c07977b7-c8ef-4f3c-80b1-66a07c6e3dcd@group-C2BDBBDF155D-LeaderElection338] INFO  impl.LeaderElection (LeaderElection.java:askForVotes(178)) - c07977b7-c8ef-4f3c-80b1-66a07c6e3dcd@group-C2BDBBDF155D-LeaderElection338: begin an election at term 348 for -1: [d81605c5-54b3-45a8-b5ae-2e8d8890cbef:192.168.164.201:42755, 7f29c796-0732-402f-b865-67033766dcba:192.168.164.201:40704, c07977b7-c8ef-4f3c-80b1-66a07c6e3dcd:192.168.164.201:38664], old=null
2019-10-17 20:29:09,887 [grpc-default-executor-1] INFO  impl.RaftServerImpl (RaftServerImpl.java:setRole(184)) - 7f29c796-0732-402f-b865-67033766dcba@group-C2BDBBDF155D: changes role from  FOLLOWER to FOLLOWER at term 348 for recognizeCandidate:c07977b7-c8ef-4f3c-80b1-66a07c6e3dcd
2019-10-17 20:29:09,887 [grpc-default-executor-1] INFO  impl.RoleInfo (RoleInfo.java:shutdownFollowerState(121)) - 7f29c796-0732-402f-b865-67033766dcba: shutdown FollowerState
2019-10-17 20:29:09,887 [grpc-default-executor-2] INFO  impl.RaftServerImpl (RaftServerImpl.java:setRole(184)) - d81605c5-54b3-45a8-b5ae-2e8d8890cbef@group-C2BDBBDF155D: changes role from  FOLLOWER to FOLLOWER at term 348 for recognizeCandidate:c07977b7-c8ef-4f3c-80b1-66a07c6e3dcd
2019-10-17 20:29:09,887 [Thread-3057] INFO  impl.FollowerState (FollowerState.java:run(117)) - 7f29c796-0732-402f-b865-67033766dcba@group-C2BDBBDF155D-FollowerState was interrupted: java.lang.InterruptedException: sleep interrupted
2019-10-17 20:29:09,887 [grpc-default-executor-1] INFO  impl.RoleInfo (RoleInfo.java:updateAndGet(143)) - 7f29c796-0732-402f-b865-67033766dcba: start FollowerState
2019-10-17 20:29:09,887 [grpc-default-executor-2] INFO  impl.RoleInfo (RoleInfo.java:shutdownFollowerState(121)) - d81605c5-54b3-45a8-b5ae-2e8d8890cbef: shutdown FollowerState
2019-10-17 20:29:09,888 [grpc-default-executor-2] INFO  impl.RoleInfo (RoleInfo.java:updateAndGet(143)) - d81605c5-54b3-45a8-b5ae-2e8d8890cbef: start FollowerState
2019-10-17 20:29:09,888 [Thread-3056] INFO  impl.FollowerState (FollowerState.java:run(117)) - d81605c5-54b3-45a8-b5ae-2e8d8890cbef@group-C2BDBBDF155D-FollowerState was interrupted: java.lang.InterruptedException: sleep interrupted
2019-10-17 20:29:09,911 [c07977b7-c8ef-4f3c-80b1-66a07c6e3dcd@group-C2BDBBDF155D-LeaderElection338] INFO  impl.LeaderElection (LeaderElection.java:logAndReturn(56)) - c07977b7-c8ef-4f3c-80b1-66a07c6e3dcd@group-C2BDBBDF155D-LeaderElection338: Election REJECTED; received 2 response(s) [c07977b7-c8ef-4f3c-80b1-66a07c6e3dcd<-d81605c5-54b3-45a8-b5ae-2e8d8890cbef#0:FAIL-t348, c07977b7-c8ef-4f3c-80b1-66a07c6e3dcd<-7f29c796-0732-402f-b865-67033766dcba#0:FAIL-t348] and 0 exception(s); c07977b7-c8ef-4f3c-80b1-66a07c6e3dcd@group-C2BDBBDF155D:t348, leader=null, voted=c07977b7-c8ef-4f3c-80b1-66a07c6e3dcd, raftlog=c07977b7-c8ef-4f3c-80b1-66a07c6e3dcd@group-C2BDBBDF155D-SegmentedRaftLog:OPENED:c-1,f-1,i0, conf=-1: [d81605c5-54b3-45a8-b5ae-2e8d8890cbef:192.168.164.201:42755, 7f29c796-0732-402f-b865-67033766dcba:192.168.164.201:40704, c07977b7-c8ef-4f3c-80b1-66a07c6e3dcd:192.168.164.201:38664], old=null
2019-10-17 20:29:09,911 [c07977b7-c8ef-4f3c-80b1-66a07c6e3dcd@group-C2BDBBDF155D-LeaderElection338] INFO  impl.RaftServerImpl (RaftServerImpl.java:setRole(184)) - c07977b7-c8ef-4f3c-80b1-66a07c6e3dcd@group-C2BDBBDF155D: changes role from CANDIDATE to FOLLOWER at term 348 for DISCOVERED_A_NEW_TERM
2019-10-17 20:29:09,911 [c07977b7-c8ef-4f3c-80b1-66a07c6e3dcd@group-C2BDBBDF155D-LeaderElection338] INFO  impl.RoleInfo (RoleInfo.java:shutdownLeaderElection(134)) - c07977b7-c8ef-4f3c-80b1-66a07c6e3dcd: shutdown LeaderElection
2019-10-17 20:29:09,911 [c07977b7-c8ef-4f3c-80b1-66a07c6e3dcd@group-C2BDBBDF155D-LeaderElection338] INFO  impl.RoleInfo (RoleInfo.java:updateAndGet(143)) - c07977b7-c8ef-4f3c-80b1-66a07c6e3dcd: start FollowerState
2019-10-17 20:29:09,986 [Thread-3064] INFO  impl.FollowerState (FollowerState.java:run(108)) - c07977b7-c8ef-4f3c-80b1-66a07c6e3dcd@group-C2BDBBDF155D-FollowerState: change to CANDIDATE, lastRpcTime:74ms, electionTimeout:74ms
2019-10-17 20:29:09,986 [Thread-3064] INFO  impl.RoleInfo (RoleInfo.java:shutdownFollowerState(121)) - c07977b7-c8ef-4f3c-80b1-66a07c6e3dcd: shutdown FollowerState
2019-10-17 20:29:09,986 [Thread-3064] INFO  impl.RaftServerImpl (RaftServerImpl.java:setRole(184)) - c07977b7-c8ef-4f3c-80b1-66a07c6e3dcd@group-C2BDBBDF155D: changes role from  FOLLOWER to CANDIDATE at term 348 for changeToCandidate
2019-10-17 20:29:09,986 [Thread-3064] INFO  impl.RoleInfo (RoleInfo.java:updateAndGet(143)) - c07977b7-c8ef-4f3c-80b1-66a07c6e3dcd: start LeaderElection
2019-10-17 20:29:10,019 [c07977b7-c8ef-4f3c-80b1-66a07c6e3dcd@group-C2BDBBDF155D-LeaderElection339] INFO  impl.LeaderElection (LeaderElection.java:askForVotes(178)) - c07977b7-c8ef-4f3c-80b1-66a07c6e3dcd@group-C2BDBBDF155D-LeaderElection339: begin an election at term 349 for -1: [d81605c5-54b3-45a8-b5ae-2e8d8890cbef:192.168.164.201:42755, 7f29c796-0732-402f-b865-67033766dcba:192.168.164.201:40704, c07977b7-c8ef-4f3c-80b1-66a07c6e3dcd:192.168.164.201:38664], old=null
2019-10-17 20:29:10,021 [grpc-default-executor-1] INFO  impl.RaftServerImpl (RaftServerImpl.java:setRole(184)) - d81605c5-54b3-45a8-b5ae-2e8d8890cbef@group-C2BDBBDF155D: changes role from  FOLLOWER to FOLLOWER at term 349 for recognizeCandidate:c07977b7-c8ef-4f3c-80b1-66a07c6e3dcd
2019-10-17 20:29:10,021 [grpc-default-executor-2] INFO  impl.RaftServerImpl (RaftServerImpl.java:setRole(184)) - 7f29c796-0732-402f-b865-67033766dcba@group-C2BDBBDF155D: changes role from  FOLLOWER to FOLLOWER at term 349 for recognizeCandidate:c07977b7-c8ef-4f3c-80b1-66a07c6e3dcd
2019-10-17 20:29:10,022 [grpc-default-executor-2] INFO  impl.RoleInfo (RoleInfo.java:shutdownFollowerState(121)) - 7f29c796-0732-402f-b865-67033766dcba: shutdown FollowerState
2019-10-17 20:29:10,022 [grpc-default-executor-1] INFO  impl.RoleInfo (RoleInfo.java:shutdownFollowerState(121)) - d81605c5-54b3-45a8-b5ae-2e8d8890cbef: shutdown FollowerState
2019-10-17 20:29:10,022 [Thread-3062] INFO  impl.FollowerState (FollowerState.java:run(117)) - 7f29c796-0732-402f-b865-67033766dcba@group-C2BDBBDF155D-FollowerState was interrupted: java.lang.InterruptedException: sleep interrupted
2019-10-17 20:29:10,022 [grpc-default-executor-2] INFO  impl.RoleInfo (RoleInfo.java:updateAndGet(143)) - 7f29c796-0732-402f-b865-67033766dcba: start FollowerState
2019-10-17 20:29:10,022 [Thread-3063] INFO  impl.FollowerState (FollowerState.java:run(117)) - d81605c5-54b3-45a8-b5ae-2e8d8890cbef@group-C2BDBBDF155D-FollowerState was interrupted: java.lang.InterruptedException: sleep interrupted
2019-10-17 20:29:10,022 [grpc-default-executor-1] INFO  impl.RoleInfo (RoleInfo.java:updateAndGet(143)) - d81605c5-54b3-45a8-b5ae-2e8d8890cbef: start FollowerState
2019-10-17 20:29:10,046 [c07977b7-c8ef-4f3c-80b1-66a07c6e3dcd@group-C2BDBBDF155D-LeaderElection339] INFO  impl.LeaderElection (LeaderElection.java:logAndReturn(56)) - c07977b7-c8ef-4f3c-80b1-66a07c6e3dcd@group-C2BDBBDF155D-LeaderElection339: Election REJECTED; received 2 response(s) [c07977b7-c8ef-4f3c-80b1-66a07c6e3dcd<-d81605c5-54b3-45a8-b5ae-2e8d8890cbef#0:FAIL-t349, c07977b7-c8ef-4f3c-80b1-66a07c6e3dcd<-7f29c796-0732-402f-b865-67033766dcba#0:FAIL-t349] and 0 exception(s); c07977b7-c8ef-4f3c-80b1-66a07c6e3dcd@group-C2BDBBDF155D:t349, leader=null, voted=c07977b7-c8ef-4f3c-80b1-66a07c6e3dcd, raftlog=c07977b7-c8ef-4f3c-80b1-66a07c6e3dcd@group-C2BDBBDF155D-SegmentedRaftLog:OPENED:c-1,f-1,i0, conf=-1: [d81605c5-54b3-45a8-b5ae-2e8d8890cbef:192.168.164.201:42755, 7f29c796-0732-402f-b865-67033766dcba:192.168.164.201:40704, c07977b7-c8ef-4f3c-80b1-66a07c6e3dcd:192.168.164.201:38664], old=null
2019-10-17 20:29:10,046 [c07977b7-c8ef-4f3c-80b1-66a07c6e3dcd@group-C2BDBBDF155D-LeaderElection339] INFO  impl.RaftServerImpl (RaftServerImpl.java:setRole(184)) - c07977b7-c8ef-4f3c-80b1-66a07c6e3dcd@group-C2BDBBDF155D: changes role from CANDIDATE to FOLLOWER at term 349 for DISCOVERED_A_NEW_TERM
2019-10-17 20:29:10,046 [c07977b7-c8ef-4f3c-80b1-66a07c6e3dcd@group-C2BDBBDF155D-LeaderElection339] INFO  impl.RoleInfo (RoleInfo.java:shutdownLeaderElection(134)) - c07977b7-c8ef-4f3c-80b1-66a07c6e3dcd: shutdown LeaderElection
2019-10-17 20:29:10,046 [c07977b7-c8ef-4f3c-80b1-66a07c6e3dcd@group-C2BDBBDF155D-LeaderElection339] INFO  impl.RoleInfo (RoleInfo.java:updateAndGet(143)) - c07977b7-c8ef-4f3c-80b1-66a07c6e3dcd: start FollowerState
2019-10-17 20:29:10,197 [Thread-3070] INFO  impl.FollowerState (FollowerState.java:run(108)) - c07977b7-c8ef-4f3c-80b1-66a07c6e3dcd@group-C2BDBBDF155D-FollowerState: change to CANDIDATE, lastRpcTime:151ms, electionTimeout:151ms
2019-10-17 20:29:10,198 [Thread-3070] INFO  impl.RoleInfo (RoleInfo.java:shutdownFollowerState(121)) - c07977b7-c8ef-4f3c-80b1-66a07c6e3dcd: shutdown FollowerState
2019-10-17 20:29:10,198 [Thread-3070] INFO  impl.RaftServerImpl (RaftServerImpl.java:setRole(184)) - c07977b7-c8ef-4f3c-80b1-66a07c6e3dcd@group-C2BDBBDF155D: changes role from  FOLLOWER to CANDIDATE at term 349 for changeToCandidate
2019-10-17 20:29:10,198 [Thread-3070] INFO  impl.RoleInfo (RoleInfo.java:updateAndGet(143)) - c07977b7-c8ef-4f3c-80b1-66a07c6e3dcd: start LeaderElection
2019-10-17 20:29:10,228 [c07977b7-c8ef-4f3c-80b1-66a07c6e3dcd@group-C2BDBBDF155D-LeaderElection340] INFO  impl.LeaderElection (LeaderElection.java:askForVotes(178)) - c07977b7-c8ef-4f3c-80b1-66a07c6e3dcd@group-C2BDBBDF155D-LeaderElection340: begin an election at term 350 for -1: [d81605c5-54b3-45a8-b5ae-2e8d8890cbef:192.168.164.201:42755, 7f29c796-0732-402f-b865-67033766dcba:192.168.164.201:40704, c07977b7-c8ef-4f3c-80b1-66a07c6e3dcd:192.168.164.201:38664], old=null
2019-10-17 20:29:10,230 [grpc-default-executor-2] INFO  impl.RaftServerImpl (RaftServerImpl.java:setRole(184)) - d81605c5-54b3-45a8-b5ae-2e8d8890cbef@group-C2BDBBDF155D: changes role from  FOLLOWER to FOLLOWER at term 350 for recognizeCandidate:c07977b7-c8ef-4f3c-80b1-66a07c6e3dcd
2019-10-17 20:29:10,231 [grpc-default-executor-2] INFO  impl.RoleInfo (RoleInfo.java:shutdownFollowerState(121)) - d81605c5-54b3-45a8-b5ae-2e8d8890cbef: shutdown FollowerState
2019-10-17 20:29:10,230 [grpc-default-executor-1] INFO  impl.RaftServerImpl (RaftServerImpl.java:setRole(184)) - 7f29c796-0732-402f-b865-67033766dcba@group-C2BDBBDF155D: changes role from  FOLLOWER to FOLLOWER at term 350 for recognizeCandidate:c07977b7-c8ef-4f3c-80b1-66a07c6e3dcd
2019-10-17 20:29:10,231 [grpc-default-executor-1] INFO  impl.RoleInfo (RoleInfo.java:shutdownFollowerState(121)) - 7f29c796-0732-402f-b865-67033766dcba: shutdown FollowerState
2019-10-17 20:29:10,231 [Thread-3069] INFO  impl.FollowerState (FollowerState.java:run(117)) - d81605c5-54b3-45a8-b5ae-2e8d8890cbef@group-C2BDBBDF155D-FollowerState was interrupted: java.lang.InterruptedException: sleep interrupted
2019-10-17 20:29:10,231 [grpc-default-executor-2] INFO  impl.RoleInfo (RoleInfo.java:updateAndGet(143)) - d81605c5-54b3-45a8-b5ae-2e8d8890cbef: start FollowerState
2019-10-17 20:29:10,231 [grpc-default-executor-1] INFO  impl.RoleInfo (RoleInfo.java:updateAndGet(143)) - 7f29c796-0732-402f-b865-67033766dcba: start FollowerState
2019-10-17 20:29:10,232 [Thread-3068] INFO  impl.FollowerState (FollowerState.java:run(117)) - 7f29c796-0732-402f-b865-67033766dcba@group-C2BDBBDF155D-FollowerState was interrupted: java.lang.InterruptedException: sleep interrupted
2019-10-17 20:29:10,255 [c07977b7-c8ef-4f3c-80b1-66a07c6e3dcd@group-C2BDBBDF155D-LeaderElection340] INFO  impl.LeaderElection (LeaderElection.java:logAndReturn(56)) - c07977b7-c8ef-4f3c-80b1-66a07c6e3dcd@group-C2BDBBDF155D-LeaderElection340: Election REJECTED; received 2 response(s) [c07977b7-c8ef-4f3c-80b1-66a07c6e3dcd<-d81605c5-54b3-45a8-b5ae-2e8d8890cbef#0:FAIL-t350, c07977b7-c8ef-4f3c-80b1-66a07c6e3dcd<-7f29c796-0732-402f-b865-67033766dcba#0:FAIL-t350] and 0 exception(s); c07977b7-c8ef-4f3c-80b1-66a07c6e3dcd@group-C2BDBBDF155D:t350, leader=null, voted=c07977b7-c8ef-4f3c-80b1-66a07c6e3dcd, raftlog=c07977b7-c8ef-4f3c-80b1-66a07c6e3dcd@group-C2BDBBDF155D-SegmentedRaftLog:OPENED:c-1,f-1,i0, conf=-1: [d81605c5-54b3-45a8-b5ae-2e8d8890cbef:192.168.164.201:42755, 7f29c796-0732-402f-b865-67033766dcba:192.168.164.201:40704, c07977b7-c8ef-4f3c-80b1-66a07c6e3dcd:192.168.164.201:38664], old=null
2019-10-17 20:29:10,255 [c07977b7-c8ef-4f3c-80b1-66a07c6e3dcd@group-C2BDBBDF155D-LeaderElection340] INFO  impl.RaftServerImpl (RaftServerImpl.java:setRole(184)) - c07977b7-c8ef-4f3c-80b1-66a07c6e3dcd@group-C2BDBBDF155D: changes role from CANDIDATE to FOLLOWER at term 350 for DISCOVERED_A_NEW_TERM
2019-10-17 20:29:10,255 [c07977b7-c8ef-4f3c-80b1-66a07c6e3dcd@group-C2BDBBDF155D-LeaderElection340] INFO  impl.RoleInfo (RoleInfo.java:shutdownLeaderElection(134)) - c07977b7-c8ef-4f3c-80b1-66a07c6e3dcd: shutdown LeaderElection
2019-10-17 20:29:10,256 [c07977b7-c8ef-4f3c-80b1-66a07c6e3dcd@group-C2BDBBDF155D-LeaderElection340] INFO  impl.RoleInfo (RoleInfo.java:updateAndGet(143)) - c07977b7-c8ef-4f3c-80b1-66a07c6e3dcd: start FollowerState
2019-10-17 20:29:10,350 [Thread-3076] INFO  impl.FollowerState (FollowerState.java:run(108)) - c07977b7-c8ef-4f3c-80b1-66a07c6e3dcd@group-C2BDBBDF155D-FollowerState: change to CANDIDATE, lastRpcTime:94ms, electionTimeout:94ms
2019-10-17 20:29:10,350 [Thread-3076] INFO  impl.RoleInfo (RoleInfo.java:shutdownFollowerState(121)) - c07977b7-c8ef-4f3c-80b1-66a07c6e3dcd: shutdown FollowerState
2019-10-17 20:29:10,350 [Thread-3076] INFO  impl.RaftServerImpl (RaftServerImpl.java:setRole(184)) - c07977b7-c8ef-4f3c-80b1-66a07c6e3dcd@group-C2BDBBDF155D: changes role from  FOLLOWER to CANDIDATE at term 350 for changeToCandidate
2019-10-17 20:29:10,351 [Thread-3076] INFO  impl.RoleInfo (RoleInfo.java:updateAndGet(143)) - c07977b7-c8ef-4f3c-80b1-66a07c6e3dcd: start LeaderElection
2019-10-17 20:29:10,379 [c07977b7-c8ef-4f3c-80b1-66a07c6e3dcd@group-C2BDBBDF155D-LeaderElection341] INFO  impl.LeaderElection (LeaderElection.java:askForVotes(178)) - c07977b7-c8ef-4f3c-80b1-66a07c6e3dcd@group-C2BDBBDF155D-LeaderElection341: begin an election at term 351 for -1: [d81605c5-54b3-45a8-b5ae-2e8d8890cbef:192.168.164.201:42755, 7f29c796-0732-402f-b865-67033766dcba:192.168.164.201:40704, c07977b7-c8ef-4f3c-80b1-66a07c6e3dcd:192.168.164.201:38664], old=null
2019-10-17 20:29:10,380 [grpc-default-executor-1] INFO  impl.RaftServerImpl (RaftServerImpl.java:setRole(184)) - d81605c5-54b3-45a8-b5ae-2e8d8890cbef@group-C2BDBBDF155D: changes role from  FOLLOWER to FOLLOWER at term 351 for recognizeCandidate:c07977b7-c8ef-4f3c-80b1-66a07c6e3dcd
2019-10-17 20:29:10,381 [grpc-default-executor-1] INFO  impl.RoleInfo (RoleInfo.java:shutdownFollowerState(121)) - d81605c5-54b3-45a8-b5ae-2e8d8890cbef: shutdown FollowerState
2019-10-17 20:29:10,381 [grpc-default-executor-2] INFO  impl.RaftServerImpl (RaftServerImpl.java:setRole(184)) - 7f29c796-0732-402f-b865-67033766dcba@group-C2BDBBDF155D: changes role from  FOLLOWER to FOLLOWER at term 351 for recognizeCandidate:c07977b7-c8ef-4f3c-80b1-66a07c6e3dcd
2019-10-17 20:29:10,381 [Thread-3074] INFO  impl.FollowerState (FollowerState.java:run(117)) - d81605c5-54b3-45a8-b5ae-2e8d8890cbef@group-C2BDBBDF155D-FollowerState was interrupted: java.lang.InterruptedException: sleep interrupted
2019-10-17 20:29:10,381 [grpc-default-executor-1] INFO  impl.RoleInfo (RoleInfo.java:updateAndGet(143)) - d81605c5-54b3-45a8-b5ae-2e8d8890cbef: start FollowerState
2019-10-17 20:29:10,381 [grpc-default-executor-2] INFO  impl.RoleInfo (RoleInfo.java:shutdownFollowerState(121)) - 7f29c796-0732-402f-b865-67033766dcba: shutdown FollowerState
2019-10-17 20:29:10,381 [grpc-default-executor-2] INFO  impl.RoleInfo (RoleInfo.java:updateAndGet(143)) - 7f29c796-0732-402f-b865-67033766dcba: start FollowerState
2019-10-17 20:29:10,382 [Thread-3075] INFO  impl.FollowerState (FollowerState.java:run(117)) - 7f29c796-0732-402f-b865-67033766dcba@group-C2BDBBDF155D-FollowerState was interrupted: java.lang.InterruptedException: sleep interrupted
2019-10-17 20:29:10,405 [c07977b7-c8ef-4f3c-80b1-66a07c6e3dcd@group-C2BDBBDF155D-LeaderElection341] INFO  impl.LeaderElection (LeaderElection.java:logAndReturn(56)) - c07977b7-c8ef-4f3c-80b1-66a07c6e3dcd@group-C2BDBBDF155D-LeaderElection341: Election REJECTED; received 2 response(s) [c07977b7-c8ef-4f3c-80b1-66a07c6e3dcd<-d81605c5-54b3-45a8-b5ae-2e8d8890cbef#0:FAIL-t351, c07977b7-c8ef-4f3c-80b1-66a07c6e3dcd<-7f29c796-0732-402f-b865-67033766dcba#0:FAIL-t351] and 0 exception(s); c07977b7-c8ef-4f3c-80b1-66a07c6e3dcd@group-C2BDBBDF155D:t351, leader=null, voted=c07977b7-c8ef-4f3c-80b1-66a07c6e3dcd, raftlog=c07977b7-c8ef-4f3c-80b1-66a07c6e3dcd@group-C2BDBBDF155D-SegmentedRaftLog:OPENED:c-1,f-1,i0, conf=-1: [d81605c5-54b3-45a8-b5ae-2e8d8890cbef:192.168.164.201:42755, 7f29c796-0732-402f-b865-67033766dcba:192.168.164.201:40704, c07977b7-c8ef-4f3c-80b1-66a07c6e3dcd:192.168.164.201:38664], old=null
2019-10-17 20:29:10,405 [c07977b7-c8ef-4f3c-80b1-66a07c6e3dcd@group-C2BDBBDF155D-LeaderElection341] INFO  impl.RaftServerImpl (RaftServerImpl.java:setRole(184)) - c07977b7-c8ef-4f3c-80b1-66a07c6e3dcd@group-C2BDBBDF155D: changes role from CANDIDATE to FOLLOWER at term 351 for DISCOVERED_A_NEW_TERM
2019-10-17 20:29:10,405 [c07977b7-c8ef-4f3c-80b1-66a07c6e3dcd@group-C2BDBBDF155D-LeaderElection341] INFO  impl.RoleInfo (RoleInfo.java:shutdownLeaderElection(134)) - c07977b7-c8ef-4f3c-80b1-66a07c6e3dcd: shutdown LeaderElection
2019-10-17 20:29:10,405 [c07977b7-c8ef-4f3c-80b1-66a07c6e3dcd@group-C2BDBBDF155D-LeaderElection341] INFO  impl.RoleInfo (RoleInfo.java:updateAndGet(143)) - c07977b7-c8ef-4f3c-80b1-66a07c6e3dcd: start FollowerState
2019-10-17 20:29:10,553 [Thread-754] INFO  ozone.MiniOzoneClusterImpl (MiniOzoneClusterImpl.java:lambda$waitForClusterToBeReady$2(164)) - Waiting for 1 number of pipelines out of 4, to report a leader.
2019-10-17 20:29:10,587 [Thread-3082] INFO  impl.FollowerState (FollowerState.java:run(108)) - c07977b7-c8ef-4f3c-80b1-66a07c6e3dcd@group-C2BDBBDF155D-FollowerState: change to CANDIDATE, lastRpcTime:181ms, electionTimeout:181ms
2019-10-17 20:29:10,587 [Thread-3082] INFO  impl.RoleInfo (RoleInfo.java:shutdownFollowerState(121)) - c07977b7-c8ef-4f3c-80b1-66a07c6e3dcd: shutdown FollowerState
2019-10-17 20:29:10,587 [Thread-3082] INFO  impl.RaftServerImpl (RaftServerImpl.java:setRole(184)) - c07977b7-c8ef-4f3c-80b1-66a07c6e3dcd@group-C2BDBBDF155D: changes role from  FOLLOWER to CANDIDATE at term 351 for changeToCandidate
2019-10-17 20:29:10,587 [Thread-3082] INFO  impl.RoleInfo (RoleInfo.java:updateAndGet(143)) - c07977b7-c8ef-4f3c-80b1-66a07c6e3dcd: start LeaderElection
2019-10-17 20:29:10,613 [c07977b7-c8ef-4f3c-80b1-66a07c6e3dcd@group-C2BDBBDF155D-LeaderElection342] INFO  impl.LeaderElection (LeaderElection.java:askForVotes(178)) - c07977b7-c8ef-4f3c-80b1-66a07c6e3dcd@group-C2BDBBDF155D-LeaderElection342: begin an election at term 352 for -1: [d81605c5-54b3-45a8-b5ae-2e8d8890cbef:192.168.164.201:42755, 7f29c796-0732-402f-b865-67033766dcba:192.168.164.201:40704, c07977b7-c8ef-4f3c-80b1-66a07c6e3dcd:192.168.164.201:38664], old=null
2019-10-17 20:29:10,615 [grpc-default-executor-2] INFO  impl.RaftServerImpl (RaftServerImpl.java:setRole(184)) - d81605c5-54b3-45a8-b5ae-2e8d8890cbef@group-C2BDBBDF155D: changes role from  FOLLOWER to FOLLOWER at term 352 for recognizeCandidate:c07977b7-c8ef-4f3c-80b1-66a07c6e3dcd
2019-10-17 20:29:10,615 [grpc-default-executor-2] INFO  impl.RoleInfo (RoleInfo.java:shutdownFollowerState(121)) - d81605c5-54b3-45a8-b5ae-2e8d8890cbef: shutdown FollowerState
2019-10-17 20:29:10,615 [grpc-default-executor-1] INFO  impl.RaftServerImpl (RaftServerImpl.java:setRole(184)) - 7f29c796-0732-402f-b865-67033766dcba@group-C2BDBBDF155D: changes role from  FOLLOWER to FOLLOWER at term 352 for recognizeCandidate:c07977b7-c8ef-4f3c-80b1-66a07c6e3dcd
2019-10-17 20:29:10,616 [Thread-3080] INFO  impl.FollowerState (FollowerState.java:run(117)) - d81605c5-54b3-45a8-b5ae-2e8d8890cbef@group-C2BDBBDF155D-FollowerState was interrupted: java.lang.InterruptedException: sleep interrupted
2019-10-17 20:29:10,616 [grpc-default-executor-2] INFO  impl.RoleInfo (RoleInfo.java:updateAndGet(143)) - d81605c5-54b3-45a8-b5ae-2e8d8890cbef: start FollowerState
2019-10-17 20:29:10,616 [grpc-default-executor-1] INFO  impl.RoleInfo (RoleInfo.java:shutdownFollowerState(121)) - 7f29c796-0732-402f-b865-67033766dcba: shutdown FollowerState
2019-10-17 20:29:10,616 [grpc-default-executor-1] INFO  impl.RoleInfo (RoleInfo.java:updateAndGet(143)) - 7f29c796-0732-402f-b865-67033766dcba: start FollowerState
2019-10-17 20:29:10,616 [Thread-3081] INFO  impl.FollowerState (FollowerState.java:run(117)) - 7f29c796-0732-402f-b865-67033766dcba@group-C2BDBBDF155D-FollowerState was interrupted: java.lang.InterruptedException: sleep interrupted
2019-10-17 20:29:10,639 [c07977b7-c8ef-4f3c-80b1-66a07c6e3dcd@group-C2BDBBDF155D-LeaderElection342] INFO  impl.LeaderElection (LeaderElection.java:logAndReturn(56)) - c07977b7-c8ef-4f3c-80b1-66a07c6e3dcd@group-C2BDBBDF155D-LeaderElection342: Election REJECTED; received 2 response(s) [c07977b7-c8ef-4f3c-80b1-66a07c6e3dcd<-d81605c5-54b3-45a8-b5ae-2e8d8890cbef#0:FAIL-t352, c07977b7-c8ef-4f3c-80b1-66a07c6e3dcd<-7f29c796-0732-402f-b865-67033766dcba#0:FAIL-t352] and 0 exception(s); c07977b7-c8ef-4f3c-80b1-66a07c6e3dcd@group-C2BDBBDF155D:t352, leader=null, voted=c07977b7-c8ef-4f3c-80b1-66a07c6e3dcd, raftlog=c07977b7-c8ef-4f3c-80b1-66a07c6e3dcd@group-C2BDBBDF155D-SegmentedRaftLog:OPENED:c-1,f-1,i0, conf=-1: [d81605c5-54b3-45a8-b5ae-2e8d8890cbef:192.168.164.201:42755, 7f29c796-0732-402f-b865-67033766dcba:192.168.164.201:40704, c07977b7-c8ef-4f3c-80b1-66a07c6e3dcd:192.168.164.201:38664], old=null
2019-10-17 20:29:10,639 [c07977b7-c8ef-4f3c-80b1-66a07c6e3dcd@group-C2BDBBDF155D-LeaderElection342] INFO  impl.RaftServerImpl (RaftServerImpl.java:setRole(184)) - c07977b7-c8ef-4f3c-80b1-66a07c6e3dcd@group-C2BDBBDF155D: changes role from CANDIDATE to FOLLOWER at term 352 for DISCOVERED_A_NEW_TERM
2019-10-17 20:29:10,639 [c07977b7-c8ef-4f3c-80b1-66a07c6e3dcd@group-C2BDBBDF155D-LeaderElection342] INFO  impl.RoleInfo (RoleInfo.java:shutdownLeaderElection(134)) - c07977b7-c8ef-4f3c-80b1-66a07c6e3dcd: shutdown LeaderElection
2019-10-17 20:29:10,639 [c07977b7-c8ef-4f3c-80b1-66a07c6e3dcd@group-C2BDBBDF155D-LeaderElection342] INFO  impl.RoleInfo (RoleInfo.java:updateAndGet(143)) - c07977b7-c8ef-4f3c-80b1-66a07c6e3dcd: start FollowerState
2019-10-17 20:29:10,815 [Thread-3088] INFO  impl.FollowerState (FollowerState.java:run(108)) - c07977b7-c8ef-4f3c-80b1-66a07c6e3dcd@group-C2BDBBDF155D-FollowerState: change to CANDIDATE, lastRpcTime:175ms, electionTimeout:175ms
2019-10-17 20:29:10,815 [Thread-3088] INFO  impl.RoleInfo (RoleInfo.java:shutdownFollowerState(121)) - c07977b7-c8ef-4f3c-80b1-66a07c6e3dcd: shutdown FollowerState
2019-10-17 20:29:10,815 [Thread-3088] INFO  impl.RaftServerImpl (RaftServerImpl.java:setRole(184)) - c07977b7-c8ef-4f3c-80b1-66a07c6e3dcd@group-C2BDBBDF155D: changes role from  FOLLOWER to CANDIDATE at term 352 for changeToCandidate
2019-10-17 20:29:10,815 [Thread-3088] INFO  impl.RoleInfo (RoleInfo.java:updateAndGet(143)) - c07977b7-c8ef-4f3c-80b1-66a07c6e3dcd: start LeaderElection
2019-10-17 20:29:10,839 [c07977b7-c8ef-4f3c-80b1-66a07c6e3dcd@group-C2BDBBDF155D-LeaderElection343] INFO  impl.LeaderElection (LeaderElection.java:askForVotes(178)) - c07977b7-c8ef-4f3c-80b1-66a07c6e3dcd@group-C2BDBBDF155D-LeaderElection343: begin an election at term 353 for -1: [d81605c5-54b3-45a8-b5ae-2e8d8890cbef:192.168.164.201:42755, 7f29c796-0732-402f-b865-67033766dcba:192.168.164.201:40704, c07977b7-c8ef-4f3c-80b1-66a07c6e3dcd:192.168.164.201:38664], old=null
2019-10-17 20:29:10,841 [grpc-default-executor-2] INFO  impl.RaftServerImpl (RaftServerImpl.java:setRole(184)) - d81605c5-54b3-45a8-b5ae-2e8d8890cbef@group-C2BDBBDF155D: changes role from  FOLLOWER to FOLLOWER at term 353 for recognizeCandidate:c07977b7-c8ef-4f3c-80b1-66a07c6e3dcd
2019-10-17 20:29:10,841 [grpc-default-executor-2] INFO  impl.RoleInfo (RoleInfo.java:shutdownFollowerState(121)) - d81605c5-54b3-45a8-b5ae-2e8d8890cbef: shutdown FollowerState
2019-10-17 20:29:10,841 [grpc-default-executor-1] INFO  impl.RaftServerImpl (RaftServerImpl.java:setRole(184)) - 7f29c796-0732-402f-b865-67033766dcba@group-C2BDBBDF155D: changes role from  FOLLOWER to FOLLOWER at term 353 for recognizeCandidate:c07977b7-c8ef-4f3c-80b1-66a07c6e3dcd
2019-10-17 20:29:10,841 [Thread-3086] INFO  impl.FollowerState (FollowerState.java:run(117)) - d81605c5-54b3-45a8-b5ae-2e8d8890cbef@group-C2BDBBDF155D-FollowerState was interrupted: java.lang.InterruptedException: sleep interrupted
2019-10-17 20:29:10,841 [grpc-default-executor-2] INFO  impl.RoleInfo (RoleInfo.java:updateAndGet(143)) - d81605c5-54b3-45a8-b5ae-2e8d8890cbef: start FollowerState
2019-10-17 20:29:10,841 [grpc-default-executor-1] INFO  impl.RoleInfo (RoleInfo.java:shutdownFollowerState(121)) - 7f29c796-0732-402f-b865-67033766dcba: shutdown FollowerState
2019-10-17 20:29:10,842 [grpc-default-executor-1] INFO  impl.RoleInfo (RoleInfo.java:updateAndGet(143)) - 7f29c796-0732-402f-b865-67033766dcba: start FollowerState
2019-10-17 20:29:10,842 [Thread-3087] INFO  impl.FollowerState (FollowerState.java:run(117)) - 7f29c796-0732-402f-b865-67033766dcba@group-C2BDBBDF155D-FollowerState was interrupted: java.lang.InterruptedException: sleep interrupted
2019-10-17 20:29:10,865 [c07977b7-c8ef-4f3c-80b1-66a07c6e3dcd@group-C2BDBBDF155D-LeaderElection343] INFO  impl.LeaderElection (LeaderElection.java:logAndReturn(56)) - c07977b7-c8ef-4f3c-80b1-66a07c6e3dcd@group-C2BDBBDF155D-LeaderElection343: Election REJECTED; received 2 response(s) [c07977b7-c8ef-4f3c-80b1-66a07c6e3dcd<-d81605c5-54b3-45a8-b5ae-2e8d8890cbef#0:FAIL-t353, c07977b7-c8ef-4f3c-80b1-66a07c6e3dcd<-7f29c796-0732-402f-b865-67033766dcba#0:FAIL-t353] and 0 exception(s); c07977b7-c8ef-4f3c-80b1-66a07c6e3dcd@group-C2BDBBDF155D:t353, leader=null, voted=c07977b7-c8ef-4f3c-80b1-66a07c6e3dcd, raftlog=c07977b7-c8ef-4f3c-80b1-66a07c6e3dcd@group-C2BDBBDF155D-SegmentedRaftLog:OPENED:c-1,f-1,i0, conf=-1: [d81605c5-54b3-45a8-b5ae-2e8d8890cbef:192.168.164.201:42755, 7f29c796-0732-402f-b865-67033766dcba:192.168.164.201:40704, c07977b7-c8ef-4f3c-80b1-66a07c6e3dcd:192.168.164.201:38664], old=null
2019-10-17 20:29:10,865 [c07977b7-c8ef-4f3c-80b1-66a07c6e3dcd@group-C2BDBBDF155D-LeaderElection343] INFO  impl.RaftServerImpl (RaftServerImpl.java:setRole(184)) - c07977b7-c8ef-4f3c-80b1-66a07c6e3dcd@group-C2BDBBDF155D: changes role from CANDIDATE to FOLLOWER at term 353 for DISCOVERED_A_NEW_TERM
2019-10-17 20:29:10,865 [c07977b7-c8ef-4f3c-80b1-66a07c6e3dcd@group-C2BDBBDF155D-LeaderElection343] INFO  impl.RoleInfo (RoleInfo.java:shutdownLeaderElection(134)) - c07977b7-c8ef-4f3c-80b1-66a07c6e3dcd: shutdown LeaderElection
2019-10-17 20:29:10,865 [c07977b7-c8ef-4f3c-80b1-66a07c6e3dcd@group-C2BDBBDF155D-LeaderElection343] INFO  impl.RoleInfo (RoleInfo.java:updateAndGet(143)) - c07977b7-c8ef-4f3c-80b1-66a07c6e3dcd: start FollowerState
2019-10-17 20:29:10,929 [Thread-3094] INFO  impl.FollowerState (FollowerState.java:run(108)) - c07977b7-c8ef-4f3c-80b1-66a07c6e3dcd@group-C2BDBBDF155D-FollowerState: change to CANDIDATE, lastRpcTime:63ms, electionTimeout:63ms
2019-10-17 20:29:10,929 [Thread-3094] INFO  impl.RoleInfo (RoleInfo.java:shutdownFollowerState(121)) - c07977b7-c8ef-4f3c-80b1-66a07c6e3dcd: shutdown FollowerState
2019-10-17 20:29:10,929 [Thread-3094] INFO  impl.RaftServerImpl (RaftServerImpl.java:setRole(184)) - c07977b7-c8ef-4f3c-80b1-66a07c6e3dcd@group-C2BDBBDF155D: changes role from  FOLLOWER to CANDIDATE at term 353 for changeToCandidate
2019-10-17 20:29:10,929 [Thread-3094] INFO  impl.RoleInfo (RoleInfo.java:updateAndGet(143)) - c07977b7-c8ef-4f3c-80b1-66a07c6e3dcd: start LeaderElection
2019-10-17 20:29:10,956 [c07977b7-c8ef-4f3c-80b1-66a07c6e3dcd@group-C2BDBBDF155D-LeaderElection344] INFO  impl.LeaderElection (LeaderElection.java:askForVotes(178)) - c07977b7-c8ef-4f3c-80b1-66a07c6e3dcd@group-C2BDBBDF155D-LeaderElection344: begin an election at term 354 for -1: [d81605c5-54b3-45a8-b5ae-2e8d8890cbef:192.168.164.201:42755, 7f29c796-0732-402f-b865-67033766dcba:192.168.164.201:40704, c07977b7-c8ef-4f3c-80b1-66a07c6e3dcd:192.168.164.201:38664], old=null
2019-10-17 20:29:10,958 [grpc-default-executor-2] INFO  impl.RaftServerImpl (RaftServerImpl.java:setRole(184)) - d81605c5-54b3-45a8-b5ae-2e8d8890cbef@group-C2BDBBDF155D: changes role from  FOLLOWER to FOLLOWER at term 354 for recognizeCandidate:c07977b7-c8ef-4f3c-80b1-66a07c6e3dcd
2019-10-17 20:29:10,958 [grpc-default-executor-2] INFO  impl.RoleInfo (RoleInfo.java:shutdownFollowerState(121)) - d81605c5-54b3-45a8-b5ae-2e8d8890cbef: shutdown FollowerState
2019-10-17 20:29:10,958 [grpc-default-executor-1] INFO  impl.RaftServerImpl (RaftServerImpl.java:setRole(184)) - 7f29c796-0732-402f-b865-67033766dcba@group-C2BDBBDF155D: changes role from  FOLLOWER to FOLLOWER at term 354 for recognizeCandidate:c07977b7-c8ef-4f3c-80b1-66a07c6e3dcd
2019-10-17 20:29:10,958 [grpc-default-executor-1] INFO  impl.RoleInfo (RoleInfo.java:shutdownFollowerState(121)) - 7f29c796-0732-402f-b865-67033766dcba: shutdown FollowerState
2019-10-17 20:29:10,958 [Thread-3092] INFO  impl.FollowerState (FollowerState.java:run(117)) - d81605c5-54b3-45a8-b5ae-2e8d8890cbef@group-C2BDBBDF155D-FollowerState was interrupted: java.lang.InterruptedException: sleep interrupted
2019-10-17 20:29:10,958 [grpc-default-executor-2] INFO  impl.RoleInfo (RoleInfo.java:updateAndGet(143)) - d81605c5-54b3-45a8-b5ae-2e8d8890cbef: start FollowerState
2019-10-17 20:29:10,958 [Thread-3093] INFO  impl.FollowerState (FollowerState.java:run(117)) - 7f29c796-0732-402f-b865-67033766dcba@group-C2BDBBDF155D-FollowerState was interrupted: java.lang.InterruptedException: sleep interrupted
2019-10-17 20:29:10,958 [grpc-default-executor-1] INFO  impl.RoleInfo (RoleInfo.java:updateAndGet(143)) - 7f29c796-0732-402f-b865-67033766dcba: start FollowerState
2019-10-17 20:29:10,982 [c07977b7-c8ef-4f3c-80b1-66a07c6e3dcd@group-C2BDBBDF155D-LeaderElection344] INFO  impl.LeaderElection (LeaderElection.java:logAndReturn(56)) - c07977b7-c8ef-4f3c-80b1-66a07c6e3dcd@group-C2BDBBDF155D-LeaderElection344: Election REJECTED; received 2 response(s) [c07977b7-c8ef-4f3c-80b1-66a07c6e3dcd<-d81605c5-54b3-45a8-b5ae-2e8d8890cbef#0:FAIL-t354, c07977b7-c8ef-4f3c-80b1-66a07c6e3dcd<-7f29c796-0732-402f-b865-67033766dcba#0:FAIL-t354] and 0 exception(s); c07977b7-c8ef-4f3c-80b1-66a07c6e3dcd@group-C2BDBBDF155D:t354, leader=null, voted=c07977b7-c8ef-4f3c-80b1-66a07c6e3dcd, raftlog=c07977b7-c8ef-4f3c-80b1-66a07c6e3dcd@group-C2BDBBDF155D-SegmentedRaftLog:OPENED:c-1,f-1,i0, conf=-1: [d81605c5-54b3-45a8-b5ae-2e8d8890cbef:192.168.164.201:42755, 7f29c796-0732-402f-b865-67033766dcba:192.168.164.201:40704, c07977b7-c8ef-4f3c-80b1-66a07c6e3dcd:192.168.164.201:38664], old=null
2019-10-17 20:29:10,982 [c07977b7-c8ef-4f3c-80b1-66a07c6e3dcd@group-C2BDBBDF155D-LeaderElection344] INFO  impl.RaftServerImpl (RaftServerImpl.java:setRole(184)) - c07977b7-c8ef-4f3c-80b1-66a07c6e3dcd@group-C2BDBBDF155D: changes role from CANDIDATE to FOLLOWER at term 354 for DISCOVERED_A_NEW_TERM
2019-10-17 20:29:10,982 [c07977b7-c8ef-4f3c-80b1-66a07c6e3dcd@group-C2BDBBDF155D-LeaderElection344] INFO  impl.RoleInfo (RoleInfo.java:shutdownLeaderElection(134)) - c07977b7-c8ef-4f3c-80b1-66a07c6e3dcd: shutdown LeaderElection
2019-10-17 20:29:10,983 [c07977b7-c8ef-4f3c-80b1-66a07c6e3dcd@group-C2BDBBDF155D-LeaderElection344] INFO  impl.RoleInfo (RoleInfo.java:updateAndGet(143)) - c07977b7-c8ef-4f3c-80b1-66a07c6e3dcd: start FollowerState
2019-10-17 20:29:11,124 [Thread-3100] INFO  impl.FollowerState (FollowerState.java:run(108)) - c07977b7-c8ef-4f3c-80b1-66a07c6e3dcd@group-C2BDBBDF155D-FollowerState: change to CANDIDATE, lastRpcTime:141ms, electionTimeout:141ms
2019-10-17 20:29:11,124 [Thread-3100] INFO  impl.RoleInfo (RoleInfo.java:shutdownFollowerState(121)) - c07977b7-c8ef-4f3c-80b1-66a07c6e3dcd: shutdown FollowerState
2019-10-17 20:29:11,125 [Thread-3100] INFO  impl.RaftServerImpl (RaftServerImpl.java:setRole(184)) - c07977b7-c8ef-4f3c-80b1-66a07c6e3dcd@group-C2BDBBDF155D: changes role from  FOLLOWER to CANDIDATE at term 354 for changeToCandidate
2019-10-17 20:29:11,125 [Thread-3100] INFO  impl.RoleInfo (RoleInfo.java:updateAndGet(143)) - c07977b7-c8ef-4f3c-80b1-66a07c6e3dcd: start LeaderElection
2019-10-17 20:29:11,148 [c07977b7-c8ef-4f3c-80b1-66a07c6e3dcd@group-C2BDBBDF155D-LeaderElection345] INFO  impl.LeaderElection (LeaderElection.java:askForVotes(178)) - c07977b7-c8ef-4f3c-80b1-66a07c6e3dcd@group-C2BDBBDF155D-LeaderElection345: begin an election at term 355 for -1: [d81605c5-54b3-45a8-b5ae-2e8d8890cbef:192.168.164.201:42755, 7f29c796-0732-402f-b865-67033766dcba:192.168.164.201:40704, c07977b7-c8ef-4f3c-80b1-66a07c6e3dcd:192.168.164.201:38664], old=null
2019-10-17 20:29:11,151 [grpc-default-executor-2] INFO  impl.RaftServerImpl (RaftServerImpl.java:setRole(184)) - d81605c5-54b3-45a8-b5ae-2e8d8890cbef@group-C2BDBBDF155D: changes role from  FOLLOWER to FOLLOWER at term 355 for recognizeCandidate:c07977b7-c8ef-4f3c-80b1-66a07c6e3dcd
2019-10-17 20:29:11,151 [grpc-default-executor-2] INFO  impl.RoleInfo (RoleInfo.java:shutdownFollowerState(121)) - d81605c5-54b3-45a8-b5ae-2e8d8890cbef: shutdown FollowerState
2019-10-17 20:29:11,151 [grpc-default-executor-1] INFO  impl.RaftServerImpl (RaftServerImpl.java:setRole(184)) - 7f29c796-0732-402f-b865-67033766dcba@group-C2BDBBDF155D: changes role from  FOLLOWER to FOLLOWER at term 355 for recognizeCandidate:c07977b7-c8ef-4f3c-80b1-66a07c6e3dcd
2019-10-17 20:29:11,151 [Thread-3098] INFO  impl.FollowerState (FollowerState.java:run(117)) - d81605c5-54b3-45a8-b5ae-2e8d8890cbef@group-C2BDBBDF155D-FollowerState was interrupted: java.lang.InterruptedException: sleep interrupted
2019-10-17 20:29:11,151 [grpc-default-executor-2] INFO  impl.RoleInfo (RoleInfo.java:updateAndGet(143)) - d81605c5-54b3-45a8-b5ae-2e8d8890cbef: start FollowerState
2019-10-17 20:29:11,151 [grpc-default-executor-1] INFO  impl.RoleInfo (RoleInfo.java:shutdownFollowerState(121)) - 7f29c796-0732-402f-b865-67033766dcba: shutdown FollowerState
2019-10-17 20:29:11,152 [grpc-default-executor-1] INFO  impl.RoleInfo (RoleInfo.java:updateAndGet(143)) - 7f29c796-0732-402f-b865-67033766dcba: start FollowerState
2019-10-17 20:29:11,152 [Thread-3099] INFO  impl.FollowerState (FollowerState.java:run(117)) - 7f29c796-0732-402f-b865-67033766dcba@group-C2BDBBDF155D-FollowerState was interrupted: java.lang.InterruptedException: sleep interrupted
2019-10-17 20:29:11,176 [c07977b7-c8ef-4f3c-80b1-66a07c6e3dcd@group-C2BDBBDF155D-LeaderElection345] INFO  impl.LeaderElection (LeaderElection.java:logAndReturn(56)) - c07977b7-c8ef-4f3c-80b1-66a07c6e3dcd@group-C2BDBBDF155D-LeaderElection345: Election REJECTED; received 2 response(s) [c07977b7-c8ef-4f3c-80b1-66a07c6e3dcd<-d81605c5-54b3-45a8-b5ae-2e8d8890cbef#0:FAIL-t355, c07977b7-c8ef-4f3c-80b1-66a07c6e3dcd<-7f29c796-0732-402f-b865-67033766dcba#0:FAIL-t355] and 0 exception(s); c07977b7-c8ef-4f3c-80b1-66a07c6e3dcd@group-C2BDBBDF155D:t355, leader=null, voted=c07977b7-c8ef-4f3c-80b1-66a07c6e3dcd, raftlog=c07977b7-c8ef-4f3c-80b1-66a07c6e3dcd@group-C2BDBBDF155D-SegmentedRaftLog:OPENED:c-1,f-1,i0, conf=-1: [d81605c5-54b3-45a8-b5ae-2e8d8890cbef:192.168.164.201:42755, 7f29c796-0732-402f-b865-67033766dcba:192.168.164.201:40704, c07977b7-c8ef-4f3c-80b1-66a07c6e3dcd:192.168.164.201:38664], old=null
2019-10-17 20:29:11,176 [c07977b7-c8ef-4f3c-80b1-66a07c6e3dcd@group-C2BDBBDF155D-LeaderElection345] INFO  impl.RaftServerImpl (RaftServerImpl.java:setRole(184)) - c07977b7-c8ef-4f3c-80b1-66a07c6e3dcd@group-C2BDBBDF155D: changes role from CANDIDATE to FOLLOWER at term 355 for DISCOVERED_A_NEW_TERM
2019-10-17 20:29:11,176 [c07977b7-c8ef-4f3c-80b1-66a07c6e3dcd@group-C2BDBBDF155D-LeaderElection345] INFO  impl.RoleInfo (RoleInfo.java:shutdownLeaderElection(134)) - c07977b7-c8ef-4f3c-80b1-66a07c6e3dcd: shutdown LeaderElection
2019-10-17 20:29:11,176 [c07977b7-c8ef-4f3c-80b1-66a07c6e3dcd@group-C2BDBBDF155D-LeaderElection345] INFO  impl.RoleInfo (RoleInfo.java:updateAndGet(143)) - c07977b7-c8ef-4f3c-80b1-66a07c6e3dcd: start FollowerState
2019-10-17 20:29:11,308 [Thread-3106] INFO  impl.FollowerState (FollowerState.java:run(108)) - c07977b7-c8ef-4f3c-80b1-66a07c6e3dcd@group-C2BDBBDF155D-FollowerState: change to CANDIDATE, lastRpcTime:132ms, electionTimeout:132ms
2019-10-17 20:29:11,309 [Thread-3106] INFO  impl.RoleInfo (RoleInfo.java:shutdownFollowerState(121)) - c07977b7-c8ef-4f3c-80b1-66a07c6e3dcd: shutdown FollowerState
2019-10-17 20:29:11,309 [Thread-3106] INFO  impl.RaftServerImpl (RaftServerImpl.java:setRole(184)) - c07977b7-c8ef-4f3c-80b1-66a07c6e3dcd@group-C2BDBBDF155D: changes role from  FOLLOWER to CANDIDATE at term 355 for changeToCandidate
2019-10-17 20:29:11,309 [Thread-3106] INFO  impl.RoleInfo (RoleInfo.java:updateAndGet(143)) - c07977b7-c8ef-4f3c-80b1-66a07c6e3dcd: start LeaderElection
2019-10-17 20:29:11,334 [c07977b7-c8ef-4f3c-80b1-66a07c6e3dcd@group-C2BDBBDF155D-LeaderElection346] INFO  impl.LeaderElection (LeaderElection.java:askForVotes(178)) - c07977b7-c8ef-4f3c-80b1-66a07c6e3dcd@group-C2BDBBDF155D-LeaderElection346: begin an election at term 356 for -1: [d81605c5-54b3-45a8-b5ae-2e8d8890cbef:192.168.164.201:42755, 7f29c796-0732-402f-b865-67033766dcba:192.168.164.201:40704, c07977b7-c8ef-4f3c-80b1-66a07c6e3dcd:192.168.164.201:38664], old=null
2019-10-17 20:29:11,336 [grpc-default-executor-2] INFO  impl.RaftServerImpl (RaftServerImpl.java:setRole(184)) - d81605c5-54b3-45a8-b5ae-2e8d8890cbef@group-C2BDBBDF155D: changes role from  FOLLOWER to FOLLOWER at term 356 for recognizeCandidate:c07977b7-c8ef-4f3c-80b1-66a07c6e3dcd
2019-10-17 20:29:11,336 [grpc-default-executor-2] INFO  impl.RoleInfo (RoleInfo.java:shutdownFollowerState(121)) - d81605c5-54b3-45a8-b5ae-2e8d8890cbef: shutdown FollowerState
2019-10-17 20:29:11,336 [grpc-default-executor-1] INFO  impl.RaftServerImpl (RaftServerImpl.java:setRole(184)) - 7f29c796-0732-402f-b865-67033766dcba@group-C2BDBBDF155D: changes role from  FOLLOWER to FOLLOWER at term 356 for recognizeCandidate:c07977b7-c8ef-4f3c-80b1-66a07c6e3dcd
2019-10-17 20:29:11,336 [Thread-3104] INFO  impl.FollowerState (FollowerState.java:run(117)) - d81605c5-54b3-45a8-b5ae-2e8d8890cbef@group-C2BDBBDF155D-FollowerState was interrupted: java.lang.InterruptedException: sleep interrupted
2019-10-17 20:29:11,336 [grpc-default-executor-2] INFO  impl.RoleInfo (RoleInfo.java:updateAndGet(143)) - d81605c5-54b3-45a8-b5ae-2e8d8890cbef: start FollowerState
2019-10-17 20:29:11,337 [grpc-default-executor-1] INFO  impl.RoleInfo (RoleInfo.java:shutdownFollowerState(121)) - 7f29c796-0732-402f-b865-67033766dcba: shutdown FollowerState
2019-10-17 20:29:11,337 [grpc-default-executor-1] INFO  impl.RoleInfo (RoleInfo.java:updateAndGet(143)) - 7f29c796-0732-402f-b865-67033766dcba: start FollowerState
2019-10-17 20:29:11,337 [Thread-3105] INFO  impl.FollowerState (FollowerState.java:run(117)) - 7f29c796-0732-402f-b865-67033766dcba@group-C2BDBBDF155D-FollowerState was interrupted: java.lang.InterruptedException: sleep interrupted
2019-10-17 20:29:11,360 [c07977b7-c8ef-4f3c-80b1-66a07c6e3dcd@group-C2BDBBDF155D-LeaderElection346] INFO  impl.LeaderElection (LeaderElection.java:logAndReturn(56)) - c07977b7-c8ef-4f3c-80b1-66a07c6e3dcd@group-C2BDBBDF155D-LeaderElection346: Election REJECTED; received 2 response(s) [c07977b7-c8ef-4f3c-80b1-66a07c6e3dcd<-d81605c5-54b3-45a8-b5ae-2e8d8890cbef#0:FAIL-t356, c07977b7-c8ef-4f3c-80b1-66a07c6e3dcd<-7f29c796-0732-402f-b865-67033766dcba#0:FAIL-t356] and 0 exception(s); c07977b7-c8ef-4f3c-80b1-66a07c6e3dcd@group-C2BDBBDF155D:t356, leader=null, voted=c07977b7-c8ef-4f3c-80b1-66a07c6e3dcd, raftlog=c07977b7-c8ef-4f3c-80b1-66a07c6e3dcd@group-C2BDBBDF155D-SegmentedRaftLog:OPENED:c-1,f-1,i0, conf=-1: [d81605c5-54b3-45a8-b5ae-2e8d8890cbef:192.168.164.201:42755, 7f29c796-0732-402f-b865-67033766dcba:192.168.164.201:40704, c07977b7-c8ef-4f3c-80b1-66a07c6e3dcd:192.168.164.201:38664], old=null
2019-10-17 20:29:11,360 [c07977b7-c8ef-4f3c-80b1-66a07c6e3dcd@group-C2BDBBDF155D-LeaderElection346] INFO  impl.RaftServerImpl (RaftServerImpl.java:setRole(184)) - c07977b7-c8ef-4f3c-80b1-66a07c6e3dcd@group-C2BDBBDF155D: changes role from CANDIDATE to FOLLOWER at term 356 for DISCOVERED_A_NEW_TERM
2019-10-17 20:29:11,360 [c07977b7-c8ef-4f3c-80b1-66a07c6e3dcd@group-C2BDBBDF155D-LeaderElection346] INFO  impl.RoleInfo (RoleInfo.java:shutdownLeaderElection(134)) - c07977b7-c8ef-4f3c-80b1-66a07c6e3dcd: shutdown LeaderElection
2019-10-17 20:29:11,360 [c07977b7-c8ef-4f3c-80b1-66a07c6e3dcd@group-C2BDBBDF155D-LeaderElection346] INFO  impl.RoleInfo (RoleInfo.java:updateAndGet(143)) - c07977b7-c8ef-4f3c-80b1-66a07c6e3dcd: start FollowerState
2019-10-17 20:29:11,524 [Thread-3112] INFO  impl.FollowerState (FollowerState.java:run(108)) - c07977b7-c8ef-4f3c-80b1-66a07c6e3dcd@group-C2BDBBDF155D-FollowerState: change to CANDIDATE, lastRpcTime:163ms, electionTimeout:163ms
2019-10-17 20:29:11,524 [Thread-3112] INFO  impl.RoleInfo (RoleInfo.java:shutdownFollowerState(121)) - c07977b7-c8ef-4f3c-80b1-66a07c6e3dcd: shutdown FollowerState
2019-10-17 20:29:11,524 [Thread-3112] INFO  impl.RaftServerImpl (RaftServerImpl.java:setRole(184)) - c07977b7-c8ef-4f3c-80b1-66a07c6e3dcd@group-C2BDBBDF155D: changes role from  FOLLOWER to CANDIDATE at term 356 for changeToCandidate
2019-10-17 20:29:11,524 [Thread-3112] INFO  impl.RoleInfo (RoleInfo.java:updateAndGet(143)) - c07977b7-c8ef-4f3c-80b1-66a07c6e3dcd: start LeaderElection
2019-10-17 20:29:11,551 [c07977b7-c8ef-4f3c-80b1-66a07c6e3dcd@group-C2BDBBDF155D-LeaderElection347] INFO  impl.LeaderElection (LeaderElection.java:askForVotes(178)) - c07977b7-c8ef-4f3c-80b1-66a07c6e3dcd@group-C2BDBBDF155D-LeaderElection347: begin an election at term 357 for -1: [d81605c5-54b3-45a8-b5ae-2e8d8890cbef:192.168.164.201:42755, 7f29c796-0732-402f-b865-67033766dcba:192.168.164.201:40704, c07977b7-c8ef-4f3c-80b1-66a07c6e3dcd:192.168.164.201:38664], old=null
2019-10-17 20:29:11,553 [grpc-default-executor-2] INFO  impl.RaftServerImpl (RaftServerImpl.java:setRole(184)) - d81605c5-54b3-45a8-b5ae-2e8d8890cbef@group-C2BDBBDF155D: changes role from  FOLLOWER to FOLLOWER at term 357 for recognizeCandidate:c07977b7-c8ef-4f3c-80b1-66a07c6e3dcd
2019-10-17 20:29:11,553 [grpc-default-executor-2] INFO  impl.RoleInfo (RoleInfo.java:shutdownFollowerState(121)) - d81605c5-54b3-45a8-b5ae-2e8d8890cbef: shutdown FollowerState
2019-10-17 20:29:11,553 [Thread-754] INFO  ozone.MiniOzoneClusterImpl (MiniOzoneClusterImpl.java:lambda$waitForClusterToBeReady$2(164)) - Waiting for 1 number of pipelines out of 4, to report a leader.
2019-10-17 20:29:11,553 [Thread-3110] INFO  impl.FollowerState (FollowerState.java:run(117)) - d81605c5-54b3-45a8-b5ae-2e8d8890cbef@group-C2BDBBDF155D-FollowerState was interrupted: java.lang.InterruptedException: sleep interrupted
2019-10-17 20:29:11,553 [grpc-default-executor-1] INFO  impl.RaftServerImpl (RaftServerImpl.java:setRole(184)) - 7f29c796-0732-402f-b865-67033766dcba@group-C2BDBBDF155D: changes role from  FOLLOWER to FOLLOWER at term 357 for recognizeCandidate:c07977b7-c8ef-4f3c-80b1-66a07c6e3dcd
2019-10-17 20:29:11,554 [grpc-default-executor-1] INFO  impl.RoleInfo (RoleInfo.java:shutdownFollowerState(121)) - 7f29c796-0732-402f-b865-67033766dcba: shutdown FollowerState
2019-10-17 20:29:11,553 [grpc-default-executor-2] INFO  impl.RoleInfo (RoleInfo.java:updateAndGet(143)) - d81605c5-54b3-45a8-b5ae-2e8d8890cbef: start FollowerState
2019-10-17 20:29:11,554 [Thread-3111] INFO  impl.FollowerState (FollowerState.java:run(117)) - 7f29c796-0732-402f-b865-67033766dcba@group-C2BDBBDF155D-FollowerState was interrupted: java.lang.InterruptedException: sleep interrupted
2019-10-17 20:29:11,554 [grpc-default-executor-1] INFO  impl.RoleInfo (RoleInfo.java:updateAndGet(143)) - 7f29c796-0732-402f-b865-67033766dcba: start FollowerState
2019-10-17 20:29:11,577 [c07977b7-c8ef-4f3c-80b1-66a07c6e3dcd@group-C2BDBBDF155D-LeaderElection347] INFO  impl.LeaderElection (LeaderElection.java:logAndReturn(56)) - c07977b7-c8ef-4f3c-80b1-66a07c6e3dcd@group-C2BDBBDF155D-LeaderElection347: Election REJECTED; received 2 response(s) [c07977b7-c8ef-4f3c-80b1-66a07c6e3dcd<-d81605c5-54b3-45a8-b5ae-2e8d8890cbef#0:FAIL-t357, c07977b7-c8ef-4f3c-80b1-66a07c6e3dcd<-7f29c796-0732-402f-b865-67033766dcba#0:FAIL-t357] and 0 exception(s); c07977b7-c8ef-4f3c-80b1-66a07c6e3dcd@group-C2BDBBDF155D:t357, leader=null, voted=c07977b7-c8ef-4f3c-80b1-66a07c6e3dcd, raftlog=c07977b7-c8ef-4f3c-80b1-66a07c6e3dcd@group-C2BDBBDF155D-SegmentedRaftLog:OPENED:c-1,f-1,i0, conf=-1: [d81605c5-54b3-45a8-b5ae-2e8d8890cbef:192.168.164.201:42755, 7f29c796-0732-402f-b865-67033766dcba:192.168.164.201:40704, c07977b7-c8ef-4f3c-80b1-66a07c6e3dcd:192.168.164.201:38664], old=null
2019-10-17 20:29:11,577 [c07977b7-c8ef-4f3c-80b1-66a07c6e3dcd@group-C2BDBBDF155D-LeaderElection347] INFO  impl.RaftServerImpl (RaftServerImpl.java:setRole(184)) - c07977b7-c8ef-4f3c-80b1-66a07c6e3dcd@group-C2BDBBDF155D: changes role from CANDIDATE to FOLLOWER at term 357 for DISCOVERED_A_NEW_TERM
2019-10-17 20:29:11,577 [c07977b7-c8ef-4f3c-80b1-66a07c6e3dcd@group-C2BDBBDF155D-LeaderElection347] INFO  impl.RoleInfo (RoleInfo.java:shutdownLeaderElection(134)) - c07977b7-c8ef-4f3c-80b1-66a07c6e3dcd: shutdown LeaderElection
2019-10-17 20:29:11,578 [c07977b7-c8ef-4f3c-80b1-66a07c6e3dcd@group-C2BDBBDF155D-LeaderElection347] INFO  impl.RoleInfo (RoleInfo.java:updateAndGet(143)) - c07977b7-c8ef-4f3c-80b1-66a07c6e3dcd: start FollowerState
2019-10-17 20:29:11,744 [Thread-3118] INFO  impl.FollowerState (FollowerState.java:run(108)) - c07977b7-c8ef-4f3c-80b1-66a07c6e3dcd@group-C2BDBBDF155D-FollowerState: change to CANDIDATE, lastRpcTime:166ms, electionTimeout:166ms
2019-10-17 20:29:11,744 [Thread-3118] INFO  impl.RoleInfo (RoleInfo.java:shutdownFollowerState(121)) - c07977b7-c8ef-4f3c-80b1-66a07c6e3dcd: shutdown FollowerState
2019-10-17 20:29:11,744 [Thread-3118] INFO  impl.RaftServerImpl (RaftServerImpl.java:setRole(184)) - c07977b7-c8ef-4f3c-80b1-66a07c6e3dcd@group-C2BDBBDF155D: changes role from  FOLLOWER to CANDIDATE at term 357 for changeToCandidate
2019-10-17 20:29:11,745 [Thread-3118] INFO  impl.RoleInfo (RoleInfo.java:updateAndGet(143)) - c07977b7-c8ef-4f3c-80b1-66a07c6e3dcd: start LeaderElection
2019-10-17 20:29:11,768 [c07977b7-c8ef-4f3c-80b1-66a07c6e3dcd@group-C2BDBBDF155D-LeaderElection348] INFO  impl.LeaderElection (LeaderElection.java:askForVotes(178)) - c07977b7-c8ef-4f3c-80b1-66a07c6e3dcd@group-C2BDBBDF155D-LeaderElection348: begin an election at term 358 for -1: [d81605c5-54b3-45a8-b5ae-2e8d8890cbef:192.168.164.201:42755, 7f29c796-0732-402f-b865-67033766dcba:192.168.164.201:40704, c07977b7-c8ef-4f3c-80b1-66a07c6e3dcd:192.168.164.201:38664], old=null
2019-10-17 20:29:11,771 [grpc-default-executor-2] INFO  impl.RaftServerImpl (RaftServerImpl.java:setRole(184)) - d81605c5-54b3-45a8-b5ae-2e8d8890cbef@group-C2BDBBDF155D: changes role from  FOLLOWER to FOLLOWER at term 358 for recognizeCandidate:c07977b7-c8ef-4f3c-80b1-66a07c6e3dcd
2019-10-17 20:29:11,771 [grpc-default-executor-2] INFO  impl.RoleInfo (RoleInfo.java:shutdownFollowerState(121)) - d81605c5-54b3-45a8-b5ae-2e8d8890cbef: shutdown FollowerState
2019-10-17 20:29:11,771 [grpc-default-executor-2] INFO  impl.RoleInfo (RoleInfo.java:updateAndGet(143)) - d81605c5-54b3-45a8-b5ae-2e8d8890cbef: start FollowerState
2019-10-17 20:29:11,771 [Thread-3116] INFO  impl.FollowerState (FollowerState.java:run(117)) - d81605c5-54b3-45a8-b5ae-2e8d8890cbef@group-C2BDBBDF155D-FollowerState was interrupted: java.lang.InterruptedException: sleep interrupted
2019-10-17 20:29:11,771 [grpc-default-executor-1] INFO  impl.RaftServerImpl (RaftServerImpl.java:setRole(184)) - 7f29c796-0732-402f-b865-67033766dcba@group-C2BDBBDF155D: changes role from  FOLLOWER to FOLLOWER at term 358 for recognizeCandidate:c07977b7-c8ef-4f3c-80b1-66a07c6e3dcd
2019-10-17 20:29:11,772 [grpc-default-executor-1] INFO  impl.RoleInfo (RoleInfo.java:shutdownFollowerState(121)) - 7f29c796-0732-402f-b865-67033766dcba: shutdown FollowerState
2019-10-17 20:29:11,772 [grpc-default-executor-1] INFO  impl.RoleInfo (RoleInfo.java:updateAndGet(143)) - 7f29c796-0732-402f-b865-67033766dcba: start FollowerState
2019-10-17 20:29:11,772 [Thread-3117] INFO  impl.FollowerState (FollowerState.java:run(117)) - 7f29c796-0732-402f-b865-67033766dcba@group-C2BDBBDF155D-FollowerState was interrupted: java.lang.InterruptedException: sleep interrupted
2019-10-17 20:29:11,794 [c07977b7-c8ef-4f3c-80b1-66a07c6e3dcd@group-C2BDBBDF155D-LeaderElection348] INFO  impl.LeaderElection (LeaderElection.java:logAndReturn(56)) - c07977b7-c8ef-4f3c-80b1-66a07c6e3dcd@group-C2BDBBDF155D-LeaderElection348: Election TIMEOUT; received 0 response(s) [] and 0 exception(s); c07977b7-c8ef-4f3c-80b1-66a07c6e3dcd@group-C2BDBBDF155D:t358, leader=null, voted=c07977b7-c8ef-4f3c-80b1-66a07c6e3dcd, raftlog=c07977b7-c8ef-4f3c-80b1-66a07c6e3dcd@group-C2BDBBDF155D-SegmentedRaftLog:OPENED:c-1,f-1,i0, conf=-1: [d81605c5-54b3-45a8-b5ae-2e8d8890cbef:192.168.164.201:42755, 7f29c796-0732-402f-b865-67033766dcba:192.168.164.201:40704, c07977b7-c8ef-4f3c-80b1-66a07c6e3dcd:192.168.164.201:38664], old=null
2019-10-17 20:29:11,819 [c07977b7-c8ef-4f3c-80b1-66a07c6e3dcd@group-C2BDBBDF155D-LeaderElection348] INFO  impl.LeaderElection (LeaderElection.java:askForVotes(178)) - c07977b7-c8ef-4f3c-80b1-66a07c6e3dcd@group-C2BDBBDF155D-LeaderElection348: begin an election at term 359 for -1: [d81605c5-54b3-45a8-b5ae-2e8d8890cbef:192.168.164.201:42755, 7f29c796-0732-402f-b865-67033766dcba:192.168.164.201:40704, c07977b7-c8ef-4f3c-80b1-66a07c6e3dcd:192.168.164.201:38664], old=null
2019-10-17 20:29:11,821 [grpc-default-executor-2] INFO  impl.RaftServerImpl (RaftServerImpl.java:setRole(184)) - d81605c5-54b3-45a8-b5ae-2e8d8890cbef@group-C2BDBBDF155D: changes role from  FOLLOWER to FOLLOWER at term 359 for recognizeCandidate:c07977b7-c8ef-4f3c-80b1-66a07c6e3dcd
2019-10-17 20:29:11,821 [grpc-default-executor-2] INFO  impl.RoleInfo (RoleInfo.java:shutdownFollowerState(121)) - d81605c5-54b3-45a8-b5ae-2e8d8890cbef: shutdown FollowerState
2019-10-17 20:29:11,821 [grpc-default-executor-1] INFO  impl.RaftServerImpl (RaftServerImpl.java:setRole(184)) - 7f29c796-0732-402f-b865-67033766dcba@group-C2BDBBDF155D: changes role from  FOLLOWER to FOLLOWER at term 359 for recognizeCandidate:c07977b7-c8ef-4f3c-80b1-66a07c6e3dcd
2019-10-17 20:29:11,822 [Thread-3122] INFO  impl.FollowerState (FollowerState.java:run(117)) - d81605c5-54b3-45a8-b5ae-2e8d8890cbef@group-C2BDBBDF155D-FollowerState was interrupted: java.lang.InterruptedException: sleep interrupted
2019-10-17 20:29:11,821 [grpc-default-executor-2] INFO  impl.RoleInfo (RoleInfo.java:updateAndGet(143)) - d81605c5-54b3-45a8-b5ae-2e8d8890cbef: start FollowerState
2019-10-17 20:29:11,822 [grpc-default-executor-1] INFO  impl.RoleInfo (RoleInfo.java:shutdownFollowerState(121)) - 7f29c796-0732-402f-b865-67033766dcba: shutdown FollowerState
2019-10-17 20:29:11,822 [grpc-default-executor-1] INFO  impl.RoleInfo (RoleInfo.java:updateAndGet(143)) - 7f29c796-0732-402f-b865-67033766dcba: start FollowerState
2019-10-17 20:29:11,822 [Thread-3123] INFO  impl.FollowerState (FollowerState.java:run(117)) - 7f29c796-0732-402f-b865-67033766dcba@group-C2BDBBDF155D-FollowerState was interrupted: java.lang.InterruptedException: sleep interrupted
2019-10-17 20:29:11,845 [c07977b7-c8ef-4f3c-80b1-66a07c6e3dcd@group-C2BDBBDF155D-LeaderElection348] INFO  impl.LeaderElection (LeaderElection.java:logAndReturn(56)) - c07977b7-c8ef-4f3c-80b1-66a07c6e3dcd@group-C2BDBBDF155D-LeaderElection348: Election REJECTED; received 2 response(s) [c07977b7-c8ef-4f3c-80b1-66a07c6e3dcd<-d81605c5-54b3-45a8-b5ae-2e8d8890cbef#0:FAIL-t359, c07977b7-c8ef-4f3c-80b1-66a07c6e3dcd<-7f29c796-0732-402f-b865-67033766dcba#0:FAIL-t359] and 0 exception(s); c07977b7-c8ef-4f3c-80b1-66a07c6e3dcd@group-C2BDBBDF155D:t359, leader=null, voted=c07977b7-c8ef-4f3c-80b1-66a07c6e3dcd, raftlog=c07977b7-c8ef-4f3c-80b1-66a07c6e3dcd@group-C2BDBBDF155D-SegmentedRaftLog:OPENED:c-1,f-1,i0, conf=-1: [d81605c5-54b3-45a8-b5ae-2e8d8890cbef:192.168.164.201:42755, 7f29c796-0732-402f-b865-67033766dcba:192.168.164.201:40704, c07977b7-c8ef-4f3c-80b1-66a07c6e3dcd:192.168.164.201:38664], old=null
2019-10-17 20:29:11,845 [c07977b7-c8ef-4f3c-80b1-66a07c6e3dcd@group-C2BDBBDF155D-LeaderElection348] INFO  impl.RaftServerImpl (RaftServerImpl.java:setRole(184)) - c07977b7-c8ef-4f3c-80b1-66a07c6e3dcd@group-C2BDBBDF155D: changes role from CANDIDATE to FOLLOWER at term 359 for DISCOVERED_A_NEW_TERM
2019-10-17 20:29:11,846 [c07977b7-c8ef-4f3c-80b1-66a07c6e3dcd@group-C2BDBBDF155D-LeaderElection348] INFO  impl.RoleInfo (RoleInfo.java:shutdownLeaderElection(134)) - c07977b7-c8ef-4f3c-80b1-66a07c6e3dcd: shutdown LeaderElection
2019-10-17 20:29:11,846 [c07977b7-c8ef-4f3c-80b1-66a07c6e3dcd@group-C2BDBBDF155D-LeaderElection348] INFO  impl.RoleInfo (RoleInfo.java:updateAndGet(143)) - c07977b7-c8ef-4f3c-80b1-66a07c6e3dcd: start FollowerState
2019-10-17 20:29:11,903 [Thread-3128] INFO  impl.FollowerState (FollowerState.java:run(108)) - c07977b7-c8ef-4f3c-80b1-66a07c6e3dcd@group-C2BDBBDF155D-FollowerState: change to CANDIDATE, lastRpcTime:57ms, electionTimeout:57ms
2019-10-17 20:29:11,903 [Thread-3128] INFO  impl.RoleInfo (RoleInfo.java:shutdownFollowerState(121)) - c07977b7-c8ef-4f3c-80b1-66a07c6e3dcd: shutdown FollowerState
2019-10-17 20:29:11,903 [Thread-3128] INFO  impl.RaftServerImpl (RaftServerImpl.java:setRole(184)) - c07977b7-c8ef-4f3c-80b1-66a07c6e3dcd@group-C2BDBBDF155D: changes role from  FOLLOWER to CANDIDATE at term 359 for changeToCandidate
2019-10-17 20:29:11,904 [Thread-3128] INFO  impl.RoleInfo (RoleInfo.java:updateAndGet(143)) - c07977b7-c8ef-4f3c-80b1-66a07c6e3dcd: start LeaderElection
2019-10-17 20:29:11,928 [c07977b7-c8ef-4f3c-80b1-66a07c6e3dcd@group-C2BDBBDF155D-LeaderElection349] INFO  impl.LeaderElection (LeaderElection.java:askForVotes(178)) - c07977b7-c8ef-4f3c-80b1-66a07c6e3dcd@group-C2BDBBDF155D-LeaderElection349: begin an election at term 360 for -1: [d81605c5-54b3-45a8-b5ae-2e8d8890cbef:192.168.164.201:42755, 7f29c796-0732-402f-b865-67033766dcba:192.168.164.201:40704, c07977b7-c8ef-4f3c-80b1-66a07c6e3dcd:192.168.164.201:38664], old=null
2019-10-17 20:29:11,930 [grpc-default-executor-2] INFO  impl.RaftServerImpl (RaftServerImpl.java:setRole(184)) - 7f29c796-0732-402f-b865-67033766dcba@group-C2BDBBDF155D: changes role from  FOLLOWER to FOLLOWER at term 360 for recognizeCandidate:c07977b7-c8ef-4f3c-80b1-66a07c6e3dcd
2019-10-17 20:29:11,931 [grpc-default-executor-2] INFO  impl.RoleInfo (RoleInfo.java:shutdownFollowerState(121)) - 7f29c796-0732-402f-b865-67033766dcba: shutdown FollowerState
2019-10-17 20:29:11,930 [grpc-default-executor-1] INFO  impl.RaftServerImpl (RaftServerImpl.java:setRole(184)) - d81605c5-54b3-45a8-b5ae-2e8d8890cbef@group-C2BDBBDF155D: changes role from  FOLLOWER to FOLLOWER at term 360 for recognizeCandidate:c07977b7-c8ef-4f3c-80b1-66a07c6e3dcd
2019-10-17 20:29:11,931 [Thread-3127] INFO  impl.FollowerState (FollowerState.java:run(117)) - 7f29c796-0732-402f-b865-67033766dcba@group-C2BDBBDF155D-FollowerState was interrupted: java.lang.InterruptedException: sleep interrupted
2019-10-17 20:29:11,931 [grpc-default-executor-2] INFO  impl.RoleInfo (RoleInfo.java:updateAndGet(143)) - 7f29c796-0732-402f-b865-67033766dcba: start FollowerState
2019-10-17 20:29:11,931 [grpc-default-executor-1] INFO  impl.RoleInfo (RoleInfo.java:shutdownFollowerState(121)) - d81605c5-54b3-45a8-b5ae-2e8d8890cbef: shutdown FollowerState
2019-10-17 20:29:11,931 [Thread-3126] INFO  impl.FollowerState (FollowerState.java:run(117)) - d81605c5-54b3-45a8-b5ae-2e8d8890cbef@group-C2BDBBDF155D-FollowerState was interrupted: java.lang.InterruptedException: sleep interrupted
2019-10-17 20:29:11,931 [grpc-default-executor-1] INFO  impl.RoleInfo (RoleInfo.java:updateAndGet(143)) - d81605c5-54b3-45a8-b5ae-2e8d8890cbef: start FollowerState
2019-10-17 20:29:11,955 [c07977b7-c8ef-4f3c-80b1-66a07c6e3dcd@group-C2BDBBDF155D-LeaderElection349] INFO  impl.LeaderElection (LeaderElection.java:logAndReturn(56)) - c07977b7-c8ef-4f3c-80b1-66a07c6e3dcd@group-C2BDBBDF155D-LeaderElection349: Election REJECTED; received 2 response(s) [c07977b7-c8ef-4f3c-80b1-66a07c6e3dcd<-d81605c5-54b3-45a8-b5ae-2e8d8890cbef#0:FAIL-t360, c07977b7-c8ef-4f3c-80b1-66a07c6e3dcd<-7f29c796-0732-402f-b865-67033766dcba#0:FAIL-t360] and 0 exception(s); c07977b7-c8ef-4f3c-80b1-66a07c6e3dcd@group-C2BDBBDF155D:t360, leader=null, voted=c07977b7-c8ef-4f3c-80b1-66a07c6e3dcd, raftlog=c07977b7-c8ef-4f3c-80b1-66a07c6e3dcd@group-C2BDBBDF155D-SegmentedRaftLog:OPENED:c-1,f-1,i0, conf=-1: [d81605c5-54b3-45a8-b5ae-2e8d8890cbef:192.168.164.201:42755, 7f29c796-0732-402f-b865-67033766dcba:192.168.164.201:40704, c07977b7-c8ef-4f3c-80b1-66a07c6e3dcd:192.168.164.201:38664], old=null
2019-10-17 20:29:11,955 [c07977b7-c8ef-4f3c-80b1-66a07c6e3dcd@group-C2BDBBDF155D-LeaderElection349] INFO  impl.RaftServerImpl (RaftServerImpl.java:setRole(184)) - c07977b7-c8ef-4f3c-80b1-66a07c6e3dcd@group-C2BDBBDF155D: changes role from CANDIDATE to FOLLOWER at term 360 for DISCOVERED_A_NEW_TERM
2019-10-17 20:29:11,955 [c07977b7-c8ef-4f3c-80b1-66a07c6e3dcd@group-C2BDBBDF155D-LeaderElection349] INFO  impl.RoleInfo (RoleInfo.java:shutdownLeaderElection(134)) - c07977b7-c8ef-4f3c-80b1-66a07c6e3dcd: shutdown LeaderElection
2019-10-17 20:29:11,955 [c07977b7-c8ef-4f3c-80b1-66a07c6e3dcd@group-C2BDBBDF155D-LeaderElection349] INFO  impl.RoleInfo (RoleInfo.java:updateAndGet(143)) - c07977b7-c8ef-4f3c-80b1-66a07c6e3dcd: start FollowerState
2019-10-17 20:29:12,035 [Thread-3134] INFO  impl.FollowerState (FollowerState.java:run(108)) - c07977b7-c8ef-4f3c-80b1-66a07c6e3dcd@group-C2BDBBDF155D-FollowerState: change to CANDIDATE, lastRpcTime:79ms, electionTimeout:79ms
2019-10-17 20:29:12,035 [Thread-3134] INFO  impl.RoleInfo (RoleInfo.java:shutdownFollowerState(121)) - c07977b7-c8ef-4f3c-80b1-66a07c6e3dcd: shutdown FollowerState
2019-10-17 20:29:12,035 [Thread-3134] INFO  impl.RaftServerImpl (RaftServerImpl.java:setRole(184)) - c07977b7-c8ef-4f3c-80b1-66a07c6e3dcd@group-C2BDBBDF155D: changes role from  FOLLOWER to CANDIDATE at term 360 for changeToCandidate
2019-10-17 20:29:12,035 [Thread-3134] INFO  impl.RoleInfo (RoleInfo.java:updateAndGet(143)) - c07977b7-c8ef-4f3c-80b1-66a07c6e3dcd: start LeaderElection
2019-10-17 20:29:12,062 [c07977b7-c8ef-4f3c-80b1-66a07c6e3dcd@group-C2BDBBDF155D-LeaderElection350] INFO  impl.LeaderElection (LeaderElection.java:askForVotes(178)) - c07977b7-c8ef-4f3c-80b1-66a07c6e3dcd@group-C2BDBBDF155D-LeaderElection350: begin an election at term 361 for -1: [d81605c5-54b3-45a8-b5ae-2e8d8890cbef:192.168.164.201:42755, 7f29c796-0732-402f-b865-67033766dcba:192.168.164.201:40704, c07977b7-c8ef-4f3c-80b1-66a07c6e3dcd:192.168.164.201:38664], old=null
2019-10-17 20:29:12,065 [grpc-default-executor-1] INFO  impl.RaftServerImpl (RaftServerImpl.java:setRole(184)) - d81605c5-54b3-45a8-b5ae-2e8d8890cbef@group-C2BDBBDF155D: changes role from  FOLLOWER to FOLLOWER at term 361 for recognizeCandidate:c07977b7-c8ef-4f3c-80b1-66a07c6e3dcd
2019-10-17 20:29:12,065 [grpc-default-executor-1] INFO  impl.RoleInfo (RoleInfo.java:shutdownFollowerState(121)) - d81605c5-54b3-45a8-b5ae-2e8d8890cbef: shutdown FollowerState
2019-10-17 20:29:12,065 [grpc-default-executor-2] INFO  impl.RaftServerImpl (RaftServerImpl.java:setRole(184)) - 7f29c796-0732-402f-b865-67033766dcba@group-C2BDBBDF155D: changes role from  FOLLOWER to FOLLOWER at term 361 for recognizeCandidate:c07977b7-c8ef-4f3c-80b1-66a07c6e3dcd
2019-10-17 20:29:12,065 [grpc-default-executor-2] INFO  impl.RoleInfo (RoleInfo.java:shutdownFollowerState(121)) - 7f29c796-0732-402f-b865-67033766dcba: shutdown FollowerState
2019-10-17 20:29:12,065 [Thread-3133] INFO  impl.FollowerState (FollowerState.java:run(117)) - d81605c5-54b3-45a8-b5ae-2e8d8890cbef@group-C2BDBBDF155D-FollowerState was interrupted: java.lang.InterruptedException: sleep interrupted
2019-10-17 20:29:12,065 [grpc-default-executor-1] INFO  impl.RoleInfo (RoleInfo.java:updateAndGet(143)) - d81605c5-54b3-45a8-b5ae-2e8d8890cbef: start FollowerState
2019-10-17 20:29:12,065 [Thread-3132] INFO  impl.FollowerState (FollowerState.java:run(117)) - 7f29c796-0732-402f-b865-67033766dcba@group-C2BDBBDF155D-FollowerState was interrupted: java.lang.InterruptedException: sleep interrupted
2019-10-17 20:29:12,065 [grpc-default-executor-2] INFO  impl.RoleInfo (RoleInfo.java:updateAndGet(143)) - 7f29c796-0732-402f-b865-67033766dcba: start FollowerState
2019-10-17 20:29:12,089 [c07977b7-c8ef-4f3c-80b1-66a07c6e3dcd@group-C2BDBBDF155D-LeaderElection350] INFO  impl.LeaderElection (LeaderElection.java:logAndReturn(56)) - c07977b7-c8ef-4f3c-80b1-66a07c6e3dcd@group-C2BDBBDF155D-LeaderElection350: Election REJECTED; received 2 response(s) [c07977b7-c8ef-4f3c-80b1-66a07c6e3dcd<-d81605c5-54b3-45a8-b5ae-2e8d8890cbef#0:FAIL-t361, c07977b7-c8ef-4f3c-80b1-66a07c6e3dcd<-7f29c796-0732-402f-b865-67033766dcba#0:FAIL-t361] and 0 exception(s); c07977b7-c8ef-4f3c-80b1-66a07c6e3dcd@group-C2BDBBDF155D:t361, leader=null, voted=c07977b7-c8ef-4f3c-80b1-66a07c6e3dcd, raftlog=c07977b7-c8ef-4f3c-80b1-66a07c6e3dcd@group-C2BDBBDF155D-SegmentedRaftLog:OPENED:c-1,f-1,i0, conf=-1: [d81605c5-54b3-45a8-b5ae-2e8d8890cbef:192.168.164.201:42755, 7f29c796-0732-402f-b865-67033766dcba:192.168.164.201:40704, c07977b7-c8ef-4f3c-80b1-66a07c6e3dcd:192.168.164.201:38664], old=null
2019-10-17 20:29:12,089 [c07977b7-c8ef-4f3c-80b1-66a07c6e3dcd@group-C2BDBBDF155D-LeaderElection350] INFO  impl.RaftServerImpl (RaftServerImpl.java:setRole(184)) - c07977b7-c8ef-4f3c-80b1-66a07c6e3dcd@group-C2BDBBDF155D: changes role from CANDIDATE to FOLLOWER at term 361 for DISCOVERED_A_NEW_TERM
2019-10-17 20:29:12,089 [c07977b7-c8ef-4f3c-80b1-66a07c6e3dcd@group-C2BDBBDF155D-LeaderElection350] INFO  impl.RoleInfo (RoleInfo.java:shutdownLeaderElection(134)) - c07977b7-c8ef-4f3c-80b1-66a07c6e3dcd: shutdown LeaderElection
2019-10-17 20:29:12,089 [c07977b7-c8ef-4f3c-80b1-66a07c6e3dcd@group-C2BDBBDF155D-LeaderElection350] INFO  impl.RoleInfo (RoleInfo.java:updateAndGet(143)) - c07977b7-c8ef-4f3c-80b1-66a07c6e3dcd: start FollowerState
2019-10-17 20:29:12,208 [Thread-3140] INFO  impl.FollowerState (FollowerState.java:run(108)) - c07977b7-c8ef-4f3c-80b1-66a07c6e3dcd@group-C2BDBBDF155D-FollowerState: change to CANDIDATE, lastRpcTime:119ms, electionTimeout:119ms
2019-10-17 20:29:12,208 [Thread-3140] INFO  impl.RoleInfo (RoleInfo.java:shutdownFollowerState(121)) - c07977b7-c8ef-4f3c-80b1-66a07c6e3dcd: shutdown FollowerState
2019-10-17 20:29:12,209 [Thread-3140] INFO  impl.RaftServerImpl (RaftServerImpl.java:setRole(184)) - c07977b7-c8ef-4f3c-80b1-66a07c6e3dcd@group-C2BDBBDF155D: changes role from  FOLLOWER to CANDIDATE at term 361 for changeToCandidate
2019-10-17 20:29:12,209 [Thread-3140] INFO  impl.RoleInfo (RoleInfo.java:updateAndGet(143)) - c07977b7-c8ef-4f3c-80b1-66a07c6e3dcd: start LeaderElection
2019-10-17 20:29:12,238 [c07977b7-c8ef-4f3c-80b1-66a07c6e3dcd@group-C2BDBBDF155D-LeaderElection351] INFO  impl.LeaderElection (LeaderElection.java:askForVotes(178)) - c07977b7-c8ef-4f3c-80b1-66a07c6e3dcd@group-C2BDBBDF155D-LeaderElection351: begin an election at term 362 for -1: [d81605c5-54b3-45a8-b5ae-2e8d8890cbef:192.168.164.201:42755, 7f29c796-0732-402f-b865-67033766dcba:192.168.164.201:40704, c07977b7-c8ef-4f3c-80b1-66a07c6e3dcd:192.168.164.201:38664], old=null
2019-10-17 20:29:12,239 [grpc-default-executor-2] INFO  impl.RaftServerImpl (RaftServerImpl.java:setRole(184)) - d81605c5-54b3-45a8-b5ae-2e8d8890cbef@group-C2BDBBDF155D: changes role from  FOLLOWER to FOLLOWER at term 362 for recognizeCandidate:c07977b7-c8ef-4f3c-80b1-66a07c6e3dcd
2019-10-17 20:29:12,240 [grpc-default-executor-1] INFO  impl.RaftServerImpl (RaftServerImpl.java:setRole(184)) - 7f29c796-0732-402f-b865-67033766dcba@group-C2BDBBDF155D: changes role from  FOLLOWER to FOLLOWER at term 362 for recognizeCandidate:c07977b7-c8ef-4f3c-80b1-66a07c6e3dcd
2019-10-17 20:29:12,240 [grpc-default-executor-1] INFO  impl.RoleInfo (RoleInfo.java:shutdownFollowerState(121)) - 7f29c796-0732-402f-b865-67033766dcba: shutdown FollowerState
2019-10-17 20:29:12,240 [grpc-default-executor-2] INFO  impl.RoleInfo (RoleInfo.java:shutdownFollowerState(121)) - d81605c5-54b3-45a8-b5ae-2e8d8890cbef: shutdown FollowerState
2019-10-17 20:29:12,240 [Thread-3139] INFO  impl.FollowerState (FollowerState.java:run(117)) - 7f29c796-0732-402f-b865-67033766dcba@group-C2BDBBDF155D-FollowerState was interrupted: java.lang.InterruptedException: sleep interrupted
2019-10-17 20:29:12,240 [grpc-default-executor-1] INFO  impl.RoleInfo (RoleInfo.java:updateAndGet(143)) - 7f29c796-0732-402f-b865-67033766dcba: start FollowerState
2019-10-17 20:29:12,240 [Thread-3138] INFO  impl.FollowerState (FollowerState.java:run(117)) - d81605c5-54b3-45a8-b5ae-2e8d8890cbef@group-C2BDBBDF155D-FollowerState was interrupted: java.lang.InterruptedException: sleep interrupted
2019-10-17 20:29:12,240 [grpc-default-executor-2] INFO  impl.RoleInfo (RoleInfo.java:updateAndGet(143)) - d81605c5-54b3-45a8-b5ae-2e8d8890cbef: start FollowerState
2019-10-17 20:29:12,264 [c07977b7-c8ef-4f3c-80b1-66a07c6e3dcd@group-C2BDBBDF155D-LeaderElection351] INFO  impl.LeaderElection (LeaderElection.java:logAndReturn(56)) - c07977b7-c8ef-4f3c-80b1-66a07c6e3dcd@group-C2BDBBDF155D-LeaderElection351: Election REJECTED; received 2 response(s) [c07977b7-c8ef-4f3c-80b1-66a07c6e3dcd<-d81605c5-54b3-45a8-b5ae-2e8d8890cbef#0:FAIL-t362, c07977b7-c8ef-4f3c-80b1-66a07c6e3dcd<-7f29c796-0732-402f-b865-67033766dcba#0:FAIL-t362] and 0 exception(s); c07977b7-c8ef-4f3c-80b1-66a07c6e3dcd@group-C2BDBBDF155D:t362, leader=null, voted=c07977b7-c8ef-4f3c-80b1-66a07c6e3dcd, raftlog=c07977b7-c8ef-4f3c-80b1-66a07c6e3dcd@group-C2BDBBDF155D-SegmentedRaftLog:OPENED:c-1,f-1,i0, conf=-1: [d81605c5-54b3-45a8-b5ae-2e8d8890cbef:192.168.164.201:42755, 7f29c796-0732-402f-b865-67033766dcba:192.168.164.201:40704, c07977b7-c8ef-4f3c-80b1-66a07c6e3dcd:192.168.164.201:38664], old=null
2019-10-17 20:29:12,264 [c07977b7-c8ef-4f3c-80b1-66a07c6e3dcd@group-C2BDBBDF155D-LeaderElection351] INFO  impl.RaftServerImpl (RaftServerImpl.java:setRole(184)) - c07977b7-c8ef-4f3c-80b1-66a07c6e3dcd@group-C2BDBBDF155D: changes role from CANDIDATE to FOLLOWER at term 362 for DISCOVERED_A_NEW_TERM
2019-10-17 20:29:12,265 [c07977b7-c8ef-4f3c-80b1-66a07c6e3dcd@group-C2BDBBDF155D-LeaderElection351] INFO  impl.RoleInfo (RoleInfo.java:shutdownLeaderElection(134)) - c07977b7-c8ef-4f3c-80b1-66a07c6e3dcd: shutdown LeaderElection
2019-10-17 20:29:12,265 [c07977b7-c8ef-4f3c-80b1-66a07c6e3dcd@group-C2BDBBDF155D-LeaderElection351] INFO  impl.RoleInfo (RoleInfo.java:updateAndGet(143)) - c07977b7-c8ef-4f3c-80b1-66a07c6e3dcd: start FollowerState
2019-10-17 20:29:12,303 [Thread-3146] INFO  impl.FollowerState (FollowerState.java:run(108)) - c07977b7-c8ef-4f3c-80b1-66a07c6e3dcd@group-C2BDBBDF155D-FollowerState: change to CANDIDATE, lastRpcTime:38ms, electionTimeout:38ms
2019-10-17 20:29:12,303 [Thread-3146] INFO  impl.RoleInfo (RoleInfo.java:shutdownFollowerState(121)) - c07977b7-c8ef-4f3c-80b1-66a07c6e3dcd: shutdown FollowerState
2019-10-17 20:29:12,303 [Thread-3146] INFO  impl.RaftServerImpl (RaftServerImpl.java:setRole(184)) - c07977b7-c8ef-4f3c-80b1-66a07c6e3dcd@group-C2BDBBDF155D: changes role from  FOLLOWER to CANDIDATE at term 362 for changeToCandidate
2019-10-17 20:29:12,304 [Thread-3146] INFO  impl.RoleInfo (RoleInfo.java:updateAndGet(143)) - c07977b7-c8ef-4f3c-80b1-66a07c6e3dcd: start LeaderElection
2019-10-17 20:29:12,330 [c07977b7-c8ef-4f3c-80b1-66a07c6e3dcd@group-C2BDBBDF155D-LeaderElection352] INFO  impl.LeaderElection (LeaderElection.java:askForVotes(178)) - c07977b7-c8ef-4f3c-80b1-66a07c6e3dcd@group-C2BDBBDF155D-LeaderElection352: begin an election at term 363 for -1: [d81605c5-54b3-45a8-b5ae-2e8d8890cbef:192.168.164.201:42755, 7f29c796-0732-402f-b865-67033766dcba:192.168.164.201:40704, c07977b7-c8ef-4f3c-80b1-66a07c6e3dcd:192.168.164.201:38664], old=null
2019-10-17 20:29:12,332 [grpc-default-executor-2] INFO  impl.RaftServerImpl (RaftServerImpl.java:setRole(184)) - d81605c5-54b3-45a8-b5ae-2e8d8890cbef@group-C2BDBBDF155D: changes role from  FOLLOWER to FOLLOWER at term 363 for recognizeCandidate:c07977b7-c8ef-4f3c-80b1-66a07c6e3dcd
2019-10-17 20:29:12,332 [grpc-default-executor-2] INFO  impl.RoleInfo (RoleInfo.java:shutdownFollowerState(121)) - d81605c5-54b3-45a8-b5ae-2e8d8890cbef: shutdown FollowerState
2019-10-17 20:29:12,332 [grpc-default-executor-2] INFO  impl.RoleInfo (RoleInfo.java:updateAndGet(143)) - d81605c5-54b3-45a8-b5ae-2e8d8890cbef: start FollowerState
2019-10-17 20:29:12,332 [Thread-3145] INFO  impl.FollowerState (FollowerState.java:run(117)) - d81605c5-54b3-45a8-b5ae-2e8d8890cbef@group-C2BDBBDF155D-FollowerState was interrupted: java.lang.InterruptedException: sleep interrupted
2019-10-17 20:29:12,332 [grpc-default-executor-1] INFO  impl.RaftServerImpl (RaftServerImpl.java:setRole(184)) - 7f29c796-0732-402f-b865-67033766dcba@group-C2BDBBDF155D: changes role from  FOLLOWER to FOLLOWER at term 363 for recognizeCandidate:c07977b7-c8ef-4f3c-80b1-66a07c6e3dcd
2019-10-17 20:29:12,332 [grpc-default-executor-1] INFO  impl.RoleInfo (RoleInfo.java:shutdownFollowerState(121)) - 7f29c796-0732-402f-b865-67033766dcba: shutdown FollowerState
2019-10-17 20:29:12,333 [grpc-default-executor-1] INFO  impl.RoleInfo (RoleInfo.java:updateAndGet(143)) - 7f29c796-0732-402f-b865-67033766dcba: start FollowerState
2019-10-17 20:29:12,333 [Thread-3144] INFO  impl.FollowerState (FollowerState.java:run(117)) - 7f29c796-0732-402f-b865-67033766dcba@group-C2BDBBDF155D-FollowerState was interrupted: java.lang.InterruptedException: sleep interrupted
2019-10-17 20:29:12,348 [c07977b7-c8ef-4f3c-80b1-66a07c6e3dcd@group-C2BDBBDF155D-LeaderElection352] INFO  impl.LeaderElection (LeaderElection.java:logAndReturn(56)) - c07977b7-c8ef-4f3c-80b1-66a07c6e3dcd@group-C2BDBBDF155D-LeaderElection352: Election REJECTED; received 2 response(s) [c07977b7-c8ef-4f3c-80b1-66a07c6e3dcd<-d81605c5-54b3-45a8-b5ae-2e8d8890cbef#0:FAIL-t363, c07977b7-c8ef-4f3c-80b1-66a07c6e3dcd<-7f29c796-0732-402f-b865-67033766dcba#0:FAIL-t363] and 0 exception(s); c07977b7-c8ef-4f3c-80b1-66a07c6e3dcd@group-C2BDBBDF155D:t363, leader=null, voted=c07977b7-c8ef-4f3c-80b1-66a07c6e3dcd, raftlog=c07977b7-c8ef-4f3c-80b1-66a07c6e3dcd@group-C2BDBBDF155D-SegmentedRaftLog:OPENED:c-1,f-1,i0, conf=-1: [d81605c5-54b3-45a8-b5ae-2e8d8890cbef:192.168.164.201:42755, 7f29c796-0732-402f-b865-67033766dcba:192.168.164.201:40704, c07977b7-c8ef-4f3c-80b1-66a07c6e3dcd:192.168.164.201:38664], old=null
2019-10-17 20:29:12,348 [c07977b7-c8ef-4f3c-80b1-66a07c6e3dcd@group-C2BDBBDF155D-LeaderElection352] INFO  impl.RaftServerImpl (RaftServerImpl.java:setRole(184)) - c07977b7-c8ef-4f3c-80b1-66a07c6e3dcd@group-C2BDBBDF155D: changes role from CANDIDATE to FOLLOWER at term 363 for DISCOVERED_A_NEW_TERM
2019-10-17 20:29:12,348 [c07977b7-c8ef-4f3c-80b1-66a07c6e3dcd@group-C2BDBBDF155D-LeaderElection352] INFO  impl.RoleInfo (RoleInfo.java:shutdownLeaderElection(134)) - c07977b7-c8ef-4f3c-80b1-66a07c6e3dcd: shutdown LeaderElection
2019-10-17 20:29:12,348 [c07977b7-c8ef-4f3c-80b1-66a07c6e3dcd@group-C2BDBBDF155D-LeaderElection352] INFO  impl.RoleInfo (RoleInfo.java:updateAndGet(143)) - c07977b7-c8ef-4f3c-80b1-66a07c6e3dcd: start FollowerState
2019-10-17 20:29:12,492 [Thread-3152] INFO  impl.FollowerState (FollowerState.java:run(108)) - c07977b7-c8ef-4f3c-80b1-66a07c6e3dcd@group-C2BDBBDF155D-FollowerState: change to CANDIDATE, lastRpcTime:143ms, electionTimeout:143ms
2019-10-17 20:29:12,492 [Thread-3152] INFO  impl.RoleInfo (RoleInfo.java:shutdownFollowerState(121)) - c07977b7-c8ef-4f3c-80b1-66a07c6e3dcd: shutdown FollowerState
2019-10-17 20:29:12,492 [Thread-3152] INFO  impl.RaftServerImpl (RaftServerImpl.java:setRole(184)) - c07977b7-c8ef-4f3c-80b1-66a07c6e3dcd@group-C2BDBBDF155D: changes role from  FOLLOWER to CANDIDATE at term 363 for changeToCandidate
2019-10-17 20:29:12,492 [Thread-3152] INFO  impl.RoleInfo (RoleInfo.java:updateAndGet(143)) - c07977b7-c8ef-4f3c-80b1-66a07c6e3dcd: start LeaderElection
2019-10-17 20:29:12,523 [c07977b7-c8ef-4f3c-80b1-66a07c6e3dcd@group-C2BDBBDF155D-LeaderElection353] INFO  impl.LeaderElection (LeaderElection.java:askForVotes(178)) - c07977b7-c8ef-4f3c-80b1-66a07c6e3dcd@group-C2BDBBDF155D-LeaderElection353: begin an election at term 364 for -1: [d81605c5-54b3-45a8-b5ae-2e8d8890cbef:192.168.164.201:42755, 7f29c796-0732-402f-b865-67033766dcba:192.168.164.201:40704, c07977b7-c8ef-4f3c-80b1-66a07c6e3dcd:192.168.164.201:38664], old=null
2019-10-17 20:29:12,524 [grpc-default-executor-2] INFO  impl.RaftServerImpl (RaftServerImpl.java:setRole(184)) - d81605c5-54b3-45a8-b5ae-2e8d8890cbef@group-C2BDBBDF155D: changes role from  FOLLOWER to FOLLOWER at term 364 for recognizeCandidate:c07977b7-c8ef-4f3c-80b1-66a07c6e3dcd
2019-10-17 20:29:12,525 [grpc-default-executor-2] INFO  impl.RoleInfo (RoleInfo.java:shutdownFollowerState(121)) - d81605c5-54b3-45a8-b5ae-2e8d8890cbef: shutdown FollowerState
2019-10-17 20:29:12,524 [grpc-default-executor-1] INFO  impl.RaftServerImpl (RaftServerImpl.java:setRole(184)) - 7f29c796-0732-402f-b865-67033766dcba@group-C2BDBBDF155D: changes role from  FOLLOWER to FOLLOWER at term 364 for recognizeCandidate:c07977b7-c8ef-4f3c-80b1-66a07c6e3dcd
2019-10-17 20:29:12,525 [Thread-3150] INFO  impl.FollowerState (FollowerState.java:run(117)) - d81605c5-54b3-45a8-b5ae-2e8d8890cbef@group-C2BDBBDF155D-FollowerState was interrupted: java.lang.InterruptedException: sleep interrupted
2019-10-17 20:29:12,525 [grpc-default-executor-2] INFO  impl.RoleInfo (RoleInfo.java:updateAndGet(143)) - d81605c5-54b3-45a8-b5ae-2e8d8890cbef: start FollowerState
2019-10-17 20:29:12,525 [grpc-default-executor-1] INFO  impl.RoleInfo (RoleInfo.java:shutdownFollowerState(121)) - 7f29c796-0732-402f-b865-67033766dcba: shutdown FollowerState
2019-10-17 20:29:12,525 [grpc-default-executor-1] INFO  impl.RoleInfo (RoleInfo.java:updateAndGet(143)) - 7f29c796-0732-402f-b865-67033766dcba: start FollowerState
2019-10-17 20:29:12,525 [Thread-3151] INFO  impl.FollowerState (FollowerState.java:run(117)) - 7f29c796-0732-402f-b865-67033766dcba@group-C2BDBBDF155D-FollowerState was interrupted: java.lang.InterruptedException: sleep interrupted
2019-10-17 20:29:12,549 [c07977b7-c8ef-4f3c-80b1-66a07c6e3dcd@group-C2BDBBDF155D-LeaderElection353] INFO  impl.LeaderElection (LeaderElection.java:logAndReturn(56)) - c07977b7-c8ef-4f3c-80b1-66a07c6e3dcd@group-C2BDBBDF155D-LeaderElection353: Election REJECTED; received 2 response(s) [c07977b7-c8ef-4f3c-80b1-66a07c6e3dcd<-d81605c5-54b3-45a8-b5ae-2e8d8890cbef#0:FAIL-t364, c07977b7-c8ef-4f3c-80b1-66a07c6e3dcd<-7f29c796-0732-402f-b865-67033766dcba#0:FAIL-t364] and 0 exception(s); c07977b7-c8ef-4f3c-80b1-66a07c6e3dcd@group-C2BDBBDF155D:t364, leader=null, voted=c07977b7-c8ef-4f3c-80b1-66a07c6e3dcd, raftlog=c07977b7-c8ef-4f3c-80b1-66a07c6e3dcd@group-C2BDBBDF155D-SegmentedRaftLog:OPENED:c-1,f-1,i0, conf=-1: [d81605c5-54b3-45a8-b5ae-2e8d8890cbef:192.168.164.201:42755, 7f29c796-0732-402f-b865-67033766dcba:192.168.164.201:40704, c07977b7-c8ef-4f3c-80b1-66a07c6e3dcd:192.168.164.201:38664], old=null
2019-10-17 20:29:12,549 [c07977b7-c8ef-4f3c-80b1-66a07c6e3dcd@group-C2BDBBDF155D-LeaderElection353] INFO  impl.RaftServerImpl (RaftServerImpl.java:setRole(184)) - c07977b7-c8ef-4f3c-80b1-66a07c6e3dcd@group-C2BDBBDF155D: changes role from CANDIDATE to FOLLOWER at term 364 for DISCOVERED_A_NEW_TERM
2019-10-17 20:29:12,549 [c07977b7-c8ef-4f3c-80b1-66a07c6e3dcd@group-C2BDBBDF155D-LeaderElection353] INFO  impl.RoleInfo (RoleInfo.java:shutdownLeaderElection(134)) - c07977b7-c8ef-4f3c-80b1-66a07c6e3dcd: shutdown LeaderElection
2019-10-17 20:29:12,549 [c07977b7-c8ef-4f3c-80b1-66a07c6e3dcd@group-C2BDBBDF155D-LeaderElection353] INFO  impl.RoleInfo (RoleInfo.java:updateAndGet(143)) - c07977b7-c8ef-4f3c-80b1-66a07c6e3dcd: start FollowerState
2019-10-17 20:29:12,553 [Thread-754] INFO  ozone.MiniOzoneClusterImpl (MiniOzoneClusterImpl.java:lambda$waitForClusterToBeReady$2(164)) - Waiting for 1 number of pipelines out of 4, to report a leader.
2019-10-17 20:29:12,662 [Thread-3158] INFO  impl.FollowerState (FollowerState.java:run(108)) - c07977b7-c8ef-4f3c-80b1-66a07c6e3dcd@group-C2BDBBDF155D-FollowerState: change to CANDIDATE, lastRpcTime:112ms, electionTimeout:112ms
2019-10-17 20:29:12,662 [Thread-3158] INFO  impl.RoleInfo (RoleInfo.java:shutdownFollowerState(121)) - c07977b7-c8ef-4f3c-80b1-66a07c6e3dcd: shutdown FollowerState
2019-10-17 20:29:12,662 [Thread-3158] INFO  impl.RaftServerImpl (RaftServerImpl.java:setRole(184)) - c07977b7-c8ef-4f3c-80b1-66a07c6e3dcd@group-C2BDBBDF155D: changes role from  FOLLOWER to CANDIDATE at term 364 for changeToCandidate
2019-10-17 20:29:12,662 [Thread-3158] INFO  impl.RoleInfo (RoleInfo.java:updateAndGet(143)) - c07977b7-c8ef-4f3c-80b1-66a07c6e3dcd: start LeaderElection
2019-10-17 20:29:12,690 [c07977b7-c8ef-4f3c-80b1-66a07c6e3dcd@group-C2BDBBDF155D-LeaderElection354] INFO  impl.LeaderElection (LeaderElection.java:askForVotes(178)) - c07977b7-c8ef-4f3c-80b1-66a07c6e3dcd@group-C2BDBBDF155D-LeaderElection354: begin an election at term 365 for -1: [d81605c5-54b3-45a8-b5ae-2e8d8890cbef:192.168.164.201:42755, 7f29c796-0732-402f-b865-67033766dcba:192.168.164.201:40704, c07977b7-c8ef-4f3c-80b1-66a07c6e3dcd:192.168.164.201:38664], old=null
2019-10-17 20:29:12,692 [grpc-default-executor-2] INFO  impl.RaftServerImpl (RaftServerImpl.java:setRole(184)) - d81605c5-54b3-45a8-b5ae-2e8d8890cbef@group-C2BDBBDF155D: changes role from  FOLLOWER to FOLLOWER at term 365 for recognizeCandidate:c07977b7-c8ef-4f3c-80b1-66a07c6e3dcd
2019-10-17 20:29:12,692 [grpc-default-executor-2] INFO  impl.RoleInfo (RoleInfo.java:shutdownFollowerState(121)) - d81605c5-54b3-45a8-b5ae-2e8d8890cbef: shutdown FollowerState
2019-10-17 20:29:12,692 [grpc-default-executor-1] INFO  impl.RaftServerImpl (RaftServerImpl.java:setRole(184)) - 7f29c796-0732-402f-b865-67033766dcba@group-C2BDBBDF155D: changes role from  FOLLOWER to FOLLOWER at term 365 for recognizeCandidate:c07977b7-c8ef-4f3c-80b1-66a07c6e3dcd
2019-10-17 20:29:12,692 [grpc-default-executor-1] INFO  impl.RoleInfo (RoleInfo.java:shutdownFollowerState(121)) - 7f29c796-0732-402f-b865-67033766dcba: shutdown FollowerState
2019-10-17 20:29:12,692 [Thread-3156] INFO  impl.FollowerState (FollowerState.java:run(117)) - d81605c5-54b3-45a8-b5ae-2e8d8890cbef@group-C2BDBBDF155D-FollowerState was interrupted: java.lang.InterruptedException: sleep interrupted
2019-10-17 20:29:12,693 [Thread-3157] INFO  impl.FollowerState (FollowerState.java:run(117)) - 7f29c796-0732-402f-b865-67033766dcba@group-C2BDBBDF155D-FollowerState was interrupted: java.lang.InterruptedException: sleep interrupted
2019-10-17 20:29:12,692 [grpc-default-executor-2] INFO  impl.RoleInfo (RoleInfo.java:updateAndGet(143)) - d81605c5-54b3-45a8-b5ae-2e8d8890cbef: start FollowerState
2019-10-17 20:29:12,693 [grpc-default-executor-1] INFO  impl.RoleInfo (RoleInfo.java:updateAndGet(143)) - 7f29c796-0732-402f-b865-67033766dcba: start FollowerState
2019-10-17 20:29:12,716 [c07977b7-c8ef-4f3c-80b1-66a07c6e3dcd@group-C2BDBBDF155D-LeaderElection354] INFO  impl.LeaderElection (LeaderElection.java:logAndReturn(56)) - c07977b7-c8ef-4f3c-80b1-66a07c6e3dcd@group-C2BDBBDF155D-LeaderElection354: Election REJECTED; received 2 response(s) [c07977b7-c8ef-4f3c-80b1-66a07c6e3dcd<-d81605c5-54b3-45a8-b5ae-2e8d8890cbef#0:FAIL-t365, c07977b7-c8ef-4f3c-80b1-66a07c6e3dcd<-7f29c796-0732-402f-b865-67033766dcba#0:FAIL-t365] and 0 exception(s); c07977b7-c8ef-4f3c-80b1-66a07c6e3dcd@group-C2BDBBDF155D:t365, leader=null, voted=c07977b7-c8ef-4f3c-80b1-66a07c6e3dcd, raftlog=c07977b7-c8ef-4f3c-80b1-66a07c6e3dcd@group-C2BDBBDF155D-SegmentedRaftLog:OPENED:c-1,f-1,i0, conf=-1: [d81605c5-54b3-45a8-b5ae-2e8d8890cbef:192.168.164.201:42755, 7f29c796-0732-402f-b865-67033766dcba:192.168.164.201:40704, c07977b7-c8ef-4f3c-80b1-66a07c6e3dcd:192.168.164.201:38664], old=null
2019-10-17 20:29:12,717 [c07977b7-c8ef-4f3c-80b1-66a07c6e3dcd@group-C2BDBBDF155D-LeaderElection354] INFO  impl.RaftServerImpl (RaftServerImpl.java:setRole(184)) - c07977b7-c8ef-4f3c-80b1-66a07c6e3dcd@group-C2BDBBDF155D: changes role from CANDIDATE to FOLLOWER at term 365 for DISCOVERED_A_NEW_TERM
2019-10-17 20:29:12,717 [c07977b7-c8ef-4f3c-80b1-66a07c6e3dcd@group-C2BDBBDF155D-LeaderElection354] INFO  impl.RoleInfo (RoleInfo.java:shutdownLeaderElection(134)) - c07977b7-c8ef-4f3c-80b1-66a07c6e3dcd: shutdown LeaderElection
2019-10-17 20:29:12,717 [c07977b7-c8ef-4f3c-80b1-66a07c6e3dcd@group-C2BDBBDF155D-LeaderElection354] INFO  impl.RoleInfo (RoleInfo.java:updateAndGet(143)) - c07977b7-c8ef-4f3c-80b1-66a07c6e3dcd: start FollowerState
2019-10-17 20:29:12,836 [Thread-3164] INFO  impl.FollowerState (FollowerState.java:run(108)) - c07977b7-c8ef-4f3c-80b1-66a07c6e3dcd@group-C2BDBBDF155D-FollowerState: change to CANDIDATE, lastRpcTime:119ms, electionTimeout:119ms
2019-10-17 20:29:12,836 [Thread-3164] INFO  impl.RoleInfo (RoleInfo.java:shutdownFollowerState(121)) - c07977b7-c8ef-4f3c-80b1-66a07c6e3dcd: shutdown FollowerState
2019-10-17 20:29:12,836 [Thread-3164] INFO  impl.RaftServerImpl (RaftServerImpl.java:setRole(184)) - c07977b7-c8ef-4f3c-80b1-66a07c6e3dcd@group-C2BDBBDF155D: changes role from  FOLLOWER to CANDIDATE at term 365 for changeToCandidate
2019-10-17 20:29:12,837 [Thread-3164] INFO  impl.RoleInfo (RoleInfo.java:updateAndGet(143)) - c07977b7-c8ef-4f3c-80b1-66a07c6e3dcd: start LeaderElection
2019-10-17 20:29:12,866 [c07977b7-c8ef-4f3c-80b1-66a07c6e3dcd@group-C2BDBBDF155D-LeaderElection355] INFO  impl.LeaderElection (LeaderElection.java:askForVotes(178)) - c07977b7-c8ef-4f3c-80b1-66a07c6e3dcd@group-C2BDBBDF155D-LeaderElection355: begin an election at term 366 for -1: [d81605c5-54b3-45a8-b5ae-2e8d8890cbef:192.168.164.201:42755, 7f29c796-0732-402f-b865-67033766dcba:192.168.164.201:40704, c07977b7-c8ef-4f3c-80b1-66a07c6e3dcd:192.168.164.201:38664], old=null
2019-10-17 20:29:12,867 [grpc-default-executor-2] INFO  impl.RaftServerImpl (RaftServerImpl.java:setRole(184)) - d81605c5-54b3-45a8-b5ae-2e8d8890cbef@group-C2BDBBDF155D: changes role from  FOLLOWER to FOLLOWER at term 366 for recognizeCandidate:c07977b7-c8ef-4f3c-80b1-66a07c6e3dcd
2019-10-17 20:29:12,868 [grpc-default-executor-2] INFO  impl.RoleInfo (RoleInfo.java:shutdownFollowerState(121)) - d81605c5-54b3-45a8-b5ae-2e8d8890cbef: shutdown FollowerState
2019-10-17 20:29:12,868 [grpc-default-executor-1] INFO  impl.RaftServerImpl (RaftServerImpl.java:setRole(184)) - 7f29c796-0732-402f-b865-67033766dcba@group-C2BDBBDF155D: changes role from  FOLLOWER to FOLLOWER at term 366 for recognizeCandidate:c07977b7-c8ef-4f3c-80b1-66a07c6e3dcd
2019-10-17 20:29:12,868 [Thread-3162] INFO  impl.FollowerState (FollowerState.java:run(117)) - d81605c5-54b3-45a8-b5ae-2e8d8890cbef@group-C2BDBBDF155D-FollowerState was interrupted: java.lang.InterruptedException: sleep interrupted
2019-10-17 20:29:12,868 [grpc-default-executor-2] INFO  impl.RoleInfo (RoleInfo.java:updateAndGet(143)) - d81605c5-54b3-45a8-b5ae-2e8d8890cbef: start FollowerState
2019-10-17 20:29:12,868 [grpc-default-executor-1] INFO  impl.RoleInfo (RoleInfo.java:shutdownFollowerState(121)) - 7f29c796-0732-402f-b865-67033766dcba: shutdown FollowerState
2019-10-17 20:29:12,868 [grpc-default-executor-1] INFO  impl.RoleInfo (RoleInfo.java:updateAndGet(143)) - 7f29c796-0732-402f-b865-67033766dcba: start FollowerState
2019-10-17 20:29:12,868 [Thread-3163] INFO  impl.FollowerState (FollowerState.java:run(117)) - 7f29c796-0732-402f-b865-67033766dcba@group-C2BDBBDF155D-FollowerState was interrupted: java.lang.InterruptedException: sleep interrupted
2019-10-17 20:29:12,892 [c07977b7-c8ef-4f3c-80b1-66a07c6e3dcd@group-C2BDBBDF155D-LeaderElection355] INFO  impl.LeaderElection (LeaderElection.java:logAndReturn(56)) - c07977b7-c8ef-4f3c-80b1-66a07c6e3dcd@group-C2BDBBDF155D-LeaderElection355: Election REJECTED; received 2 response(s) [c07977b7-c8ef-4f3c-80b1-66a07c6e3dcd<-d81605c5-54b3-45a8-b5ae-2e8d8890cbef#0:FAIL-t366, c07977b7-c8ef-4f3c-80b1-66a07c6e3dcd<-7f29c796-0732-402f-b865-67033766dcba#0:FAIL-t366] and 0 exception(s); c07977b7-c8ef-4f3c-80b1-66a07c6e3dcd@group-C2BDBBDF155D:t366, leader=null, voted=c07977b7-c8ef-4f3c-80b1-66a07c6e3dcd, raftlog=c07977b7-c8ef-4f3c-80b1-66a07c6e3dcd@group-C2BDBBDF155D-SegmentedRaftLog:OPENED:c-1,f-1,i0, conf=-1: [d81605c5-54b3-45a8-b5ae-2e8d8890cbef:192.168.164.201:42755, 7f29c796-0732-402f-b865-67033766dcba:192.168.164.201:40704, c07977b7-c8ef-4f3c-80b1-66a07c6e3dcd:192.168.164.201:38664], old=null
2019-10-17 20:29:12,892 [c07977b7-c8ef-4f3c-80b1-66a07c6e3dcd@group-C2BDBBDF155D-LeaderElection355] INFO  impl.RaftServerImpl (RaftServerImpl.java:setRole(184)) - c07977b7-c8ef-4f3c-80b1-66a07c6e3dcd@group-C2BDBBDF155D: changes role from CANDIDATE to FOLLOWER at term 366 for DISCOVERED_A_NEW_TERM
2019-10-17 20:29:12,892 [c07977b7-c8ef-4f3c-80b1-66a07c6e3dcd@group-C2BDBBDF155D-LeaderElection355] INFO  impl.RoleInfo (RoleInfo.java:shutdownLeaderElection(134)) - c07977b7-c8ef-4f3c-80b1-66a07c6e3dcd: shutdown LeaderElection
2019-10-17 20:29:12,892 [c07977b7-c8ef-4f3c-80b1-66a07c6e3dcd@group-C2BDBBDF155D-LeaderElection355] INFO  impl.RoleInfo (RoleInfo.java:updateAndGet(143)) - c07977b7-c8ef-4f3c-80b1-66a07c6e3dcd: start FollowerState
2019-10-17 20:29:12,910 [Thread-3170] INFO  impl.FollowerState (FollowerState.java:run(108)) - c07977b7-c8ef-4f3c-80b1-66a07c6e3dcd@group-C2BDBBDF155D-FollowerState: change to CANDIDATE, lastRpcTime:17ms, electionTimeout:17ms
2019-10-17 20:29:12,910 [Thread-3170] INFO  impl.RoleInfo (RoleInfo.java:shutdownFollowerState(121)) - c07977b7-c8ef-4f3c-80b1-66a07c6e3dcd: shutdown FollowerState
2019-10-17 20:29:12,910 [Thread-3170] INFO  impl.RaftServerImpl (RaftServerImpl.java:setRole(184)) - c07977b7-c8ef-4f3c-80b1-66a07c6e3dcd@group-C2BDBBDF155D: changes role from  FOLLOWER to CANDIDATE at term 366 for changeToCandidate
2019-10-17 20:29:12,910 [Thread-3170] INFO  impl.RoleInfo (RoleInfo.java:updateAndGet(143)) - c07977b7-c8ef-4f3c-80b1-66a07c6e3dcd: start LeaderElection
2019-10-17 20:29:12,933 [c07977b7-c8ef-4f3c-80b1-66a07c6e3dcd@group-C2BDBBDF155D-LeaderElection356] INFO  impl.LeaderElection (LeaderElection.java:askForVotes(178)) - c07977b7-c8ef-4f3c-80b1-66a07c6e3dcd@group-C2BDBBDF155D-LeaderElection356: begin an election at term 367 for -1: [d81605c5-54b3-45a8-b5ae-2e8d8890cbef:192.168.164.201:42755, 7f29c796-0732-402f-b865-67033766dcba:192.168.164.201:40704, c07977b7-c8ef-4f3c-80b1-66a07c6e3dcd:192.168.164.201:38664], old=null
2019-10-17 20:29:12,934 [grpc-default-executor-2] INFO  impl.RaftServerImpl (RaftServerImpl.java:setRole(184)) - d81605c5-54b3-45a8-b5ae-2e8d8890cbef@group-C2BDBBDF155D: changes role from  FOLLOWER to FOLLOWER at term 367 for recognizeCandidate:c07977b7-c8ef-4f3c-80b1-66a07c6e3dcd
2019-10-17 20:29:12,935 [grpc-default-executor-2] INFO  impl.RoleInfo (RoleInfo.java:shutdownFollowerState(121)) - d81605c5-54b3-45a8-b5ae-2e8d8890cbef: shutdown FollowerState
2019-10-17 20:29:12,935 [grpc-default-executor-1] INFO  impl.RaftServerImpl (RaftServerImpl.java:setRole(184)) - 7f29c796-0732-402f-b865-67033766dcba@group-C2BDBBDF155D: changes role from  FOLLOWER to FOLLOWER at term 367 for recognizeCandidate:c07977b7-c8ef-4f3c-80b1-66a07c6e3dcd
2019-10-17 20:29:12,935 [grpc-default-executor-1] INFO  impl.RoleInfo (RoleInfo.java:shutdownFollowerState(121)) - 7f29c796-0732-402f-b865-67033766dcba: shutdown FollowerState
2019-10-17 20:29:12,935 [Thread-3168] INFO  impl.FollowerState (FollowerState.java:run(117)) - d81605c5-54b3-45a8-b5ae-2e8d8890cbef@group-C2BDBBDF155D-FollowerState was interrupted: java.lang.InterruptedException: sleep interrupted
2019-10-17 20:29:12,935 [grpc-default-executor-2] INFO  impl.RoleInfo (RoleInfo.java:updateAndGet(143)) - d81605c5-54b3-45a8-b5ae-2e8d8890cbef: start FollowerState
2019-10-17 20:29:12,935 [Thread-3169] INFO  impl.FollowerState (FollowerState.java:run(117)) - 7f29c796-0732-402f-b865-67033766dcba@group-C2BDBBDF155D-FollowerState was interrupted: java.lang.InterruptedException: sleep interrupted
2019-10-17 20:29:12,935 [grpc-default-executor-1] INFO  impl.RoleInfo (RoleInfo.java:updateAndGet(143)) - 7f29c796-0732-402f-b865-67033766dcba: start FollowerState
2019-10-17 20:29:12,960 [c07977b7-c8ef-4f3c-80b1-66a07c6e3dcd@group-C2BDBBDF155D-LeaderElection356] INFO  impl.LeaderElection (LeaderElection.java:logAndReturn(56)) - c07977b7-c8ef-4f3c-80b1-66a07c6e3dcd@group-C2BDBBDF155D-LeaderElection356: Election REJECTED; received 2 response(s) [c07977b7-c8ef-4f3c-80b1-66a07c6e3dcd<-d81605c5-54b3-45a8-b5ae-2e8d8890cbef#0:FAIL-t367, c07977b7-c8ef-4f3c-80b1-66a07c6e3dcd<-7f29c796-0732-402f-b865-67033766dcba#0:FAIL-t367] and 0 exception(s); c07977b7-c8ef-4f3c-80b1-66a07c6e3dcd@group-C2BDBBDF155D:t367, leader=null, voted=c07977b7-c8ef-4f3c-80b1-66a07c6e3dcd, raftlog=c07977b7-c8ef-4f3c-80b1-66a07c6e3dcd@group-C2BDBBDF155D-SegmentedRaftLog:OPENED:c-1,f-1,i0, conf=-1: [d81605c5-54b3-45a8-b5ae-2e8d8890cbef:192.168.164.201:42755, 7f29c796-0732-402f-b865-67033766dcba:192.168.164.201:40704, c07977b7-c8ef-4f3c-80b1-66a07c6e3dcd:192.168.164.201:38664], old=null
2019-10-17 20:29:12,961 [c07977b7-c8ef-4f3c-80b1-66a07c6e3dcd@group-C2BDBBDF155D-LeaderElection356] INFO  impl.RaftServerImpl (RaftServerImpl.java:setRole(184)) - c07977b7-c8ef-4f3c-80b1-66a07c6e3dcd@group-C2BDBBDF155D: changes role from CANDIDATE to FOLLOWER at term 367 for DISCOVERED_A_NEW_TERM
2019-10-17 20:29:12,961 [c07977b7-c8ef-4f3c-80b1-66a07c6e3dcd@group-C2BDBBDF155D-LeaderElection356] INFO  impl.RoleInfo (RoleInfo.java:shutdownLeaderElection(134)) - c07977b7-c8ef-4f3c-80b1-66a07c6e3dcd: shutdown LeaderElection
2019-10-17 20:29:12,961 [c07977b7-c8ef-4f3c-80b1-66a07c6e3dcd@group-C2BDBBDF155D-LeaderElection356] INFO  impl.RoleInfo (RoleInfo.java:updateAndGet(143)) - c07977b7-c8ef-4f3c-80b1-66a07c6e3dcd: start FollowerState
2019-10-17 20:29:12,968 [Thread-3176] INFO  impl.FollowerState (FollowerState.java:run(108)) - c07977b7-c8ef-4f3c-80b1-66a07c6e3dcd@group-C2BDBBDF155D-FollowerState: change to CANDIDATE, lastRpcTime:7ms, electionTimeout:7ms
2019-10-17 20:29:12,968 [Thread-3176] INFO  impl.RoleInfo (RoleInfo.java:shutdownFollowerState(121)) - c07977b7-c8ef-4f3c-80b1-66a07c6e3dcd: shutdown FollowerState
2019-10-17 20:29:12,969 [Thread-3176] INFO  impl.RaftServerImpl (RaftServerImpl.java:setRole(184)) - c07977b7-c8ef-4f3c-80b1-66a07c6e3dcd@group-C2BDBBDF155D: changes role from  FOLLOWER to CANDIDATE at term 367 for changeToCandidate
2019-10-17 20:29:12,969 [Thread-3176] INFO  impl.RoleInfo (RoleInfo.java:updateAndGet(143)) - c07977b7-c8ef-4f3c-80b1-66a07c6e3dcd: start LeaderElection
2019-10-17 20:29:12,993 [c07977b7-c8ef-4f3c-80b1-66a07c6e3dcd@group-C2BDBBDF155D-LeaderElection357] INFO  impl.LeaderElection (LeaderElection.java:askForVotes(178)) - c07977b7-c8ef-4f3c-80b1-66a07c6e3dcd@group-C2BDBBDF155D-LeaderElection357: begin an election at term 368 for -1: [d81605c5-54b3-45a8-b5ae-2e8d8890cbef:192.168.164.201:42755, 7f29c796-0732-402f-b865-67033766dcba:192.168.164.201:40704, c07977b7-c8ef-4f3c-80b1-66a07c6e3dcd:192.168.164.201:38664], old=null
2019-10-17 20:29:12,995 [grpc-default-executor-2] INFO  impl.RaftServerImpl (RaftServerImpl.java:setRole(184)) - d81605c5-54b3-45a8-b5ae-2e8d8890cbef@group-C2BDBBDF155D: changes role from  FOLLOWER to FOLLOWER at term 368 for recognizeCandidate:c07977b7-c8ef-4f3c-80b1-66a07c6e3dcd
2019-10-17 20:29:12,995 [grpc-default-executor-2] INFO  impl.RoleInfo (RoleInfo.java:shutdownFollowerState(121)) - d81605c5-54b3-45a8-b5ae-2e8d8890cbef: shutdown FollowerState
2019-10-17 20:29:12,995 [grpc-default-executor-1] INFO  impl.RaftServerImpl (RaftServerImpl.java:setRole(184)) - 7f29c796-0732-402f-b865-67033766dcba@group-C2BDBBDF155D: changes role from  FOLLOWER to FOLLOWER at term 368 for recognizeCandidate:c07977b7-c8ef-4f3c-80b1-66a07c6e3dcd
2019-10-17 20:29:12,995 [grpc-default-executor-1] INFO  impl.RoleInfo (RoleInfo.java:shutdownFollowerState(121)) - 7f29c796-0732-402f-b865-67033766dcba: shutdown FollowerState
2019-10-17 20:29:12,995 [Thread-3174] INFO  impl.FollowerState (FollowerState.java:run(117)) - d81605c5-54b3-45a8-b5ae-2e8d8890cbef@group-C2BDBBDF155D-FollowerState was interrupted: java.lang.InterruptedException: sleep interrupted
2019-10-17 20:29:12,995 [Thread-3175] INFO  impl.FollowerState (FollowerState.java:run(117)) - 7f29c796-0732-402f-b865-67033766dcba@group-C2BDBBDF155D-FollowerState was interrupted: java.lang.InterruptedException: sleep interrupted
2019-10-17 20:29:12,995 [grpc-default-executor-2] INFO  impl.RoleInfo (RoleInfo.java:updateAndGet(143)) - d81605c5-54b3-45a8-b5ae-2e8d8890cbef: start FollowerState
2019-10-17 20:29:12,995 [grpc-default-executor-1] INFO  impl.RoleInfo (RoleInfo.java:updateAndGet(143)) - 7f29c796-0732-402f-b865-67033766dcba: start FollowerState
2019-10-17 20:29:13,020 [c07977b7-c8ef-4f3c-80b1-66a07c6e3dcd@group-C2BDBBDF155D-LeaderElection357] INFO  impl.LeaderElection (LeaderElection.java:logAndReturn(56)) - c07977b7-c8ef-4f3c-80b1-66a07c6e3dcd@group-C2BDBBDF155D-LeaderElection357: Election REJECTED; received 2 response(s) [c07977b7-c8ef-4f3c-80b1-66a07c6e3dcd<-d81605c5-54b3-45a8-b5ae-2e8d8890cbef#0:FAIL-t368, c07977b7-c8ef-4f3c-80b1-66a07c6e3dcd<-7f29c796-0732-402f-b865-67033766dcba#0:FAIL-t368] and 0 exception(s); c07977b7-c8ef-4f3c-80b1-66a07c6e3dcd@group-C2BDBBDF155D:t368, leader=null, voted=c07977b7-c8ef-4f3c-80b1-66a07c6e3dcd, raftlog=c07977b7-c8ef-4f3c-80b1-66a07c6e3dcd@group-C2BDBBDF155D-SegmentedRaftLog:OPENED:c-1,f-1,i0, conf=-1: [d81605c5-54b3-45a8-b5ae-2e8d8890cbef:192.168.164.201:42755, 7f29c796-0732-402f-b865-67033766dcba:192.168.164.201:40704, c07977b7-c8ef-4f3c-80b1-66a07c6e3dcd:192.168.164.201:38664], old=null
2019-10-17 20:29:13,020 [c07977b7-c8ef-4f3c-80b1-66a07c6e3dcd@group-C2BDBBDF155D-LeaderElection357] INFO  impl.RaftServerImpl (RaftServerImpl.java:setRole(184)) - c07977b7-c8ef-4f3c-80b1-66a07c6e3dcd@group-C2BDBBDF155D: changes role from CANDIDATE to FOLLOWER at term 368 for DISCOVERED_A_NEW_TERM
2019-10-17 20:29:13,020 [c07977b7-c8ef-4f3c-80b1-66a07c6e3dcd@group-C2BDBBDF155D-LeaderElection357] INFO  impl.RoleInfo (RoleInfo.java:shutdownLeaderElection(134)) - c07977b7-c8ef-4f3c-80b1-66a07c6e3dcd: shutdown LeaderElection
2019-10-17 20:29:13,020 [c07977b7-c8ef-4f3c-80b1-66a07c6e3dcd@group-C2BDBBDF155D-LeaderElection357] INFO  impl.RoleInfo (RoleInfo.java:updateAndGet(143)) - c07977b7-c8ef-4f3c-80b1-66a07c6e3dcd: start FollowerState
2019-10-17 20:29:13,142 [Thread-3182] INFO  impl.FollowerState (FollowerState.java:run(108)) - c07977b7-c8ef-4f3c-80b1-66a07c6e3dcd@group-C2BDBBDF155D-FollowerState: change to CANDIDATE, lastRpcTime:122ms, electionTimeout:122ms
2019-10-17 20:29:13,142 [Thread-3182] INFO  impl.RoleInfo (RoleInfo.java:shutdownFollowerState(121)) - c07977b7-c8ef-4f3c-80b1-66a07c6e3dcd: shutdown FollowerState
2019-10-17 20:29:13,143 [Thread-3182] INFO  impl.RaftServerImpl (RaftServerImpl.java:setRole(184)) - c07977b7-c8ef-4f3c-80b1-66a07c6e3dcd@group-C2BDBBDF155D: changes role from  FOLLOWER to CANDIDATE at term 368 for changeToCandidate
2019-10-17 20:29:13,143 [Thread-3182] INFO  impl.RoleInfo (RoleInfo.java:updateAndGet(143)) - c07977b7-c8ef-4f3c-80b1-66a07c6e3dcd: start LeaderElection
2019-10-17 20:29:13,169 [c07977b7-c8ef-4f3c-80b1-66a07c6e3dcd@group-C2BDBBDF155D-LeaderElection358] INFO  impl.LeaderElection (LeaderElection.java:askForVotes(178)) - c07977b7-c8ef-4f3c-80b1-66a07c6e3dcd@group-C2BDBBDF155D-LeaderElection358: begin an election at term 369 for -1: [d81605c5-54b3-45a8-b5ae-2e8d8890cbef:192.168.164.201:42755, 7f29c796-0732-402f-b865-67033766dcba:192.168.164.201:40704, c07977b7-c8ef-4f3c-80b1-66a07c6e3dcd:192.168.164.201:38664], old=null
2019-10-17 20:29:13,171 [grpc-default-executor-2] INFO  impl.RaftServerImpl (RaftServerImpl.java:setRole(184)) - d81605c5-54b3-45a8-b5ae-2e8d8890cbef@group-C2BDBBDF155D: changes role from  FOLLOWER to FOLLOWER at term 369 for recognizeCandidate:c07977b7-c8ef-4f3c-80b1-66a07c6e3dcd
2019-10-17 20:29:13,171 [grpc-default-executor-2] INFO  impl.RoleInfo (RoleInfo.java:shutdownFollowerState(121)) - d81605c5-54b3-45a8-b5ae-2e8d8890cbef: shutdown FollowerState
2019-10-17 20:29:13,171 [grpc-default-executor-1] INFO  impl.RaftServerImpl (RaftServerImpl.java:setRole(184)) - 7f29c796-0732-402f-b865-67033766dcba@group-C2BDBBDF155D: changes role from  FOLLOWER to FOLLOWER at term 369 for recognizeCandidate:c07977b7-c8ef-4f3c-80b1-66a07c6e3dcd
2019-10-17 20:29:13,172 [grpc-default-executor-1] INFO  impl.RoleInfo (RoleInfo.java:shutdownFollowerState(121)) - 7f29c796-0732-402f-b865-67033766dcba: shutdown FollowerState
2019-10-17 20:29:13,172 [Thread-3180] INFO  impl.FollowerState (FollowerState.java:run(117)) - d81605c5-54b3-45a8-b5ae-2e8d8890cbef@group-C2BDBBDF155D-FollowerState was interrupted: java.lang.InterruptedException: sleep interrupted
2019-10-17 20:29:13,172 [Thread-3181] INFO  impl.FollowerState (FollowerState.java:run(117)) - 7f29c796-0732-402f-b865-67033766dcba@group-C2BDBBDF155D-FollowerState was interrupted: java.lang.InterruptedException: sleep interrupted
2019-10-17 20:29:13,171 [grpc-default-executor-2] INFO  impl.RoleInfo (RoleInfo.java:updateAndGet(143)) - d81605c5-54b3-45a8-b5ae-2e8d8890cbef: start FollowerState
2019-10-17 20:29:13,172 [grpc-default-executor-1] INFO  impl.RoleInfo (RoleInfo.java:updateAndGet(143)) - 7f29c796-0732-402f-b865-67033766dcba: start FollowerState
2019-10-17 20:29:13,195 [c07977b7-c8ef-4f3c-80b1-66a07c6e3dcd@group-C2BDBBDF155D-LeaderElection358] INFO  impl.LeaderElection (LeaderElection.java:logAndReturn(56)) - c07977b7-c8ef-4f3c-80b1-66a07c6e3dcd@group-C2BDBBDF155D-LeaderElection358: Election REJECTED; received 2 response(s) [c07977b7-c8ef-4f3c-80b1-66a07c6e3dcd<-d81605c5-54b3-45a8-b5ae-2e8d8890cbef#0:FAIL-t369, c07977b7-c8ef-4f3c-80b1-66a07c6e3dcd<-7f29c796-0732-402f-b865-67033766dcba#0:FAIL-t369] and 0 exception(s); c07977b7-c8ef-4f3c-80b1-66a07c6e3dcd@group-C2BDBBDF155D:t369, leader=null, voted=c07977b7-c8ef-4f3c-80b1-66a07c6e3dcd, raftlog=c07977b7-c8ef-4f3c-80b1-66a07c6e3dcd@group-C2BDBBDF155D-SegmentedRaftLog:OPENED:c-1,f-1,i0, conf=-1: [d81605c5-54b3-45a8-b5ae-2e8d8890cbef:192.168.164.201:42755, 7f29c796-0732-402f-b865-67033766dcba:192.168.164.201:40704, c07977b7-c8ef-4f3c-80b1-66a07c6e3dcd:192.168.164.201:38664], old=null
2019-10-17 20:29:13,196 [c07977b7-c8ef-4f3c-80b1-66a07c6e3dcd@group-C2BDBBDF155D-LeaderElection358] INFO  impl.RaftServerImpl (RaftServerImpl.java:setRole(184)) - c07977b7-c8ef-4f3c-80b1-66a07c6e3dcd@group-C2BDBBDF155D: changes role from CANDIDATE to FOLLOWER at term 369 for DISCOVERED_A_NEW_TERM
2019-10-17 20:29:13,196 [c07977b7-c8ef-4f3c-80b1-66a07c6e3dcd@group-C2BDBBDF155D-LeaderElection358] INFO  impl.RoleInfo (RoleInfo.java:shutdownLeaderElection(134)) - c07977b7-c8ef-4f3c-80b1-66a07c6e3dcd: shutdown LeaderElection
2019-10-17 20:29:13,196 [c07977b7-c8ef-4f3c-80b1-66a07c6e3dcd@group-C2BDBBDF155D-LeaderElection358] INFO  impl.RoleInfo (RoleInfo.java:updateAndGet(143)) - c07977b7-c8ef-4f3c-80b1-66a07c6e3dcd: start FollowerState
2019-10-17 20:29:13,355 [Thread-3188] INFO  impl.FollowerState (FollowerState.java:run(108)) - c07977b7-c8ef-4f3c-80b1-66a07c6e3dcd@group-C2BDBBDF155D-FollowerState: change to CANDIDATE, lastRpcTime:159ms, electionTimeout:159ms
2019-10-17 20:29:13,356 [Thread-3188] INFO  impl.RoleInfo (RoleInfo.java:shutdownFollowerState(121)) - c07977b7-c8ef-4f3c-80b1-66a07c6e3dcd: shutdown FollowerState
2019-10-17 20:29:13,356 [Thread-3188] INFO  impl.RaftServerImpl (RaftServerImpl.java:setRole(184)) - c07977b7-c8ef-4f3c-80b1-66a07c6e3dcd@group-C2BDBBDF155D: changes role from  FOLLOWER to CANDIDATE at term 369 for changeToCandidate
2019-10-17 20:29:13,356 [Thread-3188] INFO  impl.RoleInfo (RoleInfo.java:updateAndGet(143)) - c07977b7-c8ef-4f3c-80b1-66a07c6e3dcd: start LeaderElection
2019-10-17 20:29:13,386 [c07977b7-c8ef-4f3c-80b1-66a07c6e3dcd@group-C2BDBBDF155D-LeaderElection359] INFO  impl.LeaderElection (LeaderElection.java:askForVotes(178)) - c07977b7-c8ef-4f3c-80b1-66a07c6e3dcd@group-C2BDBBDF155D-LeaderElection359: begin an election at term 370 for -1: [d81605c5-54b3-45a8-b5ae-2e8d8890cbef:192.168.164.201:42755, 7f29c796-0732-402f-b865-67033766dcba:192.168.164.201:40704, c07977b7-c8ef-4f3c-80b1-66a07c6e3dcd:192.168.164.201:38664], old=null
2019-10-17 20:29:13,389 [grpc-default-executor-2] INFO  impl.RaftServerImpl (RaftServerImpl.java:setRole(184)) - d81605c5-54b3-45a8-b5ae-2e8d8890cbef@group-C2BDBBDF155D: changes role from  FOLLOWER to FOLLOWER at term 370 for recognizeCandidate:c07977b7-c8ef-4f3c-80b1-66a07c6e3dcd
2019-10-17 20:29:13,389 [grpc-default-executor-2] INFO  impl.RoleInfo (RoleInfo.java:shutdownFollowerState(121)) - d81605c5-54b3-45a8-b5ae-2e8d8890cbef: shutdown FollowerState
2019-10-17 20:29:13,389 [grpc-default-executor-1] INFO  impl.RaftServerImpl (RaftServerImpl.java:setRole(184)) - 7f29c796-0732-402f-b865-67033766dcba@group-C2BDBBDF155D: changes role from  FOLLOWER to FOLLOWER at term 370 for recognizeCandidate:c07977b7-c8ef-4f3c-80b1-66a07c6e3dcd
2019-10-17 20:29:13,389 [Thread-3186] INFO  impl.FollowerState (FollowerState.java:run(117)) - d81605c5-54b3-45a8-b5ae-2e8d8890cbef@group-C2BDBBDF155D-FollowerState was interrupted: java.lang.InterruptedException: sleep interrupted
2019-10-17 20:29:13,389 [grpc-default-executor-2] INFO  impl.RoleInfo (RoleInfo.java:updateAndGet(143)) - d81605c5-54b3-45a8-b5ae-2e8d8890cbef: start FollowerState
2019-10-17 20:29:13,389 [grpc-default-executor-1] INFO  impl.RoleInfo (RoleInfo.java:shutdownFollowerState(121)) - 7f29c796-0732-402f-b865-67033766dcba: shutdown FollowerState
2019-10-17 20:29:13,390 [grpc-default-executor-1] INFO  impl.RoleInfo (RoleInfo.java:updateAndGet(143)) - 7f29c796-0732-402f-b865-67033766dcba: start FollowerState
2019-10-17 20:29:13,390 [Thread-3187] INFO  impl.FollowerState (FollowerState.java:run(117)) - 7f29c796-0732-402f-b865-67033766dcba@group-C2BDBBDF155D-FollowerState was interrupted: java.lang.InterruptedException: sleep interrupted
2019-10-17 20:29:13,413 [c07977b7-c8ef-4f3c-80b1-66a07c6e3dcd@group-C2BDBBDF155D-LeaderElection359] INFO  impl.LeaderElection (LeaderElection.java:logAndReturn(56)) - c07977b7-c8ef-4f3c-80b1-66a07c6e3dcd@group-C2BDBBDF155D-LeaderElection359: Election REJECTED; received 2 response(s) [c07977b7-c8ef-4f3c-80b1-66a07c6e3dcd<-d81605c5-54b3-45a8-b5ae-2e8d8890cbef#0:FAIL-t370, c07977b7-c8ef-4f3c-80b1-66a07c6e3dcd<-7f29c796-0732-402f-b865-67033766dcba#0:FAIL-t370] and 0 exception(s); c07977b7-c8ef-4f3c-80b1-66a07c6e3dcd@group-C2BDBBDF155D:t370, leader=null, voted=c07977b7-c8ef-4f3c-80b1-66a07c6e3dcd, raftlog=c07977b7-c8ef-4f3c-80b1-66a07c6e3dcd@group-C2BDBBDF155D-SegmentedRaftLog:OPENED:c-1,f-1,i0, conf=-1: [d81605c5-54b3-45a8-b5ae-2e8d8890cbef:192.168.164.201:42755, 7f29c796-0732-402f-b865-67033766dcba:192.168.164.201:40704, c07977b7-c8ef-4f3c-80b1-66a07c6e3dcd:192.168.164.201:38664], old=null
2019-10-17 20:29:13,413 [c07977b7-c8ef-4f3c-80b1-66a07c6e3dcd@group-C2BDBBDF155D-LeaderElection359] INFO  impl.RaftServerImpl (RaftServerImpl.java:setRole(184)) - c07977b7-c8ef-4f3c-80b1-66a07c6e3dcd@group-C2BDBBDF155D: changes role from CANDIDATE to FOLLOWER at term 370 for DISCOVERED_A_NEW_TERM
2019-10-17 20:29:13,413 [c07977b7-c8ef-4f3c-80b1-66a07c6e3dcd@group-C2BDBBDF155D-LeaderElection359] INFO  impl.RoleInfo (RoleInfo.java:shutdownLeaderElection(134)) - c07977b7-c8ef-4f3c-80b1-66a07c6e3dcd: shutdown LeaderElection
2019-10-17 20:29:13,413 [c07977b7-c8ef-4f3c-80b1-66a07c6e3dcd@group-C2BDBBDF155D-LeaderElection359] INFO  impl.RoleInfo (RoleInfo.java:updateAndGet(143)) - c07977b7-c8ef-4f3c-80b1-66a07c6e3dcd: start FollowerState
2019-10-17 20:29:13,518 [Thread-3194] INFO  impl.FollowerState (FollowerState.java:run(108)) - c07977b7-c8ef-4f3c-80b1-66a07c6e3dcd@group-C2BDBBDF155D-FollowerState: change to CANDIDATE, lastRpcTime:105ms, electionTimeout:105ms
2019-10-17 20:29:13,519 [Thread-3194] INFO  impl.RoleInfo (RoleInfo.java:shutdownFollowerState(121)) - c07977b7-c8ef-4f3c-80b1-66a07c6e3dcd: shutdown FollowerState
2019-10-17 20:29:13,519 [Thread-3194] INFO  impl.RaftServerImpl (RaftServerImpl.java:setRole(184)) - c07977b7-c8ef-4f3c-80b1-66a07c6e3dcd@group-C2BDBBDF155D: changes role from  FOLLOWER to CANDIDATE at term 370 for changeToCandidate
2019-10-17 20:29:13,519 [Thread-3194] INFO  impl.RoleInfo (RoleInfo.java:updateAndGet(143)) - c07977b7-c8ef-4f3c-80b1-66a07c6e3dcd: start LeaderElection
2019-10-17 20:29:13,545 [c07977b7-c8ef-4f3c-80b1-66a07c6e3dcd@group-C2BDBBDF155D-LeaderElection360] INFO  impl.LeaderElection (LeaderElection.java:askForVotes(178)) - c07977b7-c8ef-4f3c-80b1-66a07c6e3dcd@group-C2BDBBDF155D-LeaderElection360: begin an election at term 371 for -1: [d81605c5-54b3-45a8-b5ae-2e8d8890cbef:192.168.164.201:42755, 7f29c796-0732-402f-b865-67033766dcba:192.168.164.201:40704, c07977b7-c8ef-4f3c-80b1-66a07c6e3dcd:192.168.164.201:38664], old=null
2019-10-17 20:29:13,547 [grpc-default-executor-2] INFO  impl.RaftServerImpl (RaftServerImpl.java:setRole(184)) - d81605c5-54b3-45a8-b5ae-2e8d8890cbef@group-C2BDBBDF155D: changes role from  FOLLOWER to FOLLOWER at term 371 for recognizeCandidate:c07977b7-c8ef-4f3c-80b1-66a07c6e3dcd
2019-10-17 20:29:13,548 [grpc-default-executor-2] INFO  impl.RoleInfo (RoleInfo.java:shutdownFollowerState(121)) - d81605c5-54b3-45a8-b5ae-2e8d8890cbef: shutdown FollowerState
2019-10-17 20:29:13,547 [grpc-default-executor-1] INFO  impl.RaftServerImpl (RaftServerImpl.java:setRole(184)) - 7f29c796-0732-402f-b865-67033766dcba@group-C2BDBBDF155D: changes role from  FOLLOWER to FOLLOWER at term 371 for recognizeCandidate:c07977b7-c8ef-4f3c-80b1-66a07c6e3dcd
2019-10-17 20:29:13,548 [grpc-default-executor-1] INFO  impl.RoleInfo (RoleInfo.java:shutdownFollowerState(121)) - 7f29c796-0732-402f-b865-67033766dcba: shutdown FollowerState
2019-10-17 20:29:13,548 [Thread-3192] INFO  impl.FollowerState (FollowerState.java:run(117)) - d81605c5-54b3-45a8-b5ae-2e8d8890cbef@group-C2BDBBDF155D-FollowerState was interrupted: java.lang.InterruptedException: sleep interrupted
2019-10-17 20:29:13,548 [grpc-default-executor-2] INFO  impl.RoleInfo (RoleInfo.java:updateAndGet(143)) - d81605c5-54b3-45a8-b5ae-2e8d8890cbef: start FollowerState
2019-10-17 20:29:13,548 [Thread-3193] INFO  impl.FollowerState (FollowerState.java:run(117)) - 7f29c796-0732-402f-b865-67033766dcba@group-C2BDBBDF155D-FollowerState was interrupted: java.lang.InterruptedException: sleep interrupted
2019-10-17 20:29:13,548 [grpc-default-executor-1] INFO  impl.RoleInfo (RoleInfo.java:updateAndGet(143)) - 7f29c796-0732-402f-b865-67033766dcba: start FollowerState
2019-10-17 20:29:13,554 [Thread-754] INFO  ozone.MiniOzoneClusterImpl (MiniOzoneClusterImpl.java:lambda$waitForClusterToBeReady$2(164)) - Waiting for 1 number of pipelines out of 4, to report a leader.
2019-10-17 20:29:13,572 [c07977b7-c8ef-4f3c-80b1-66a07c6e3dcd@group-C2BDBBDF155D-LeaderElection360] INFO  impl.LeaderElection (LeaderElection.java:logAndReturn(56)) - c07977b7-c8ef-4f3c-80b1-66a07c6e3dcd@group-C2BDBBDF155D-LeaderElection360: Election REJECTED; received 2 response(s) [c07977b7-c8ef-4f3c-80b1-66a07c6e3dcd<-d81605c5-54b3-45a8-b5ae-2e8d8890cbef#0:FAIL-t371, c07977b7-c8ef-4f3c-80b1-66a07c6e3dcd<-7f29c796-0732-402f-b865-67033766dcba#0:FAIL-t371] and 0 exception(s); c07977b7-c8ef-4f3c-80b1-66a07c6e3dcd@group-C2BDBBDF155D:t371, leader=null, voted=c07977b7-c8ef-4f3c-80b1-66a07c6e3dcd, raftlog=c07977b7-c8ef-4f3c-80b1-66a07c6e3dcd@group-C2BDBBDF155D-SegmentedRaftLog:OPENED:c-1,f-1,i0, conf=-1: [d81605c5-54b3-45a8-b5ae-2e8d8890cbef:192.168.164.201:42755, 7f29c796-0732-402f-b865-67033766dcba:192.168.164.201:40704, c07977b7-c8ef-4f3c-80b1-66a07c6e3dcd:192.168.164.201:38664], old=null
2019-10-17 20:29:13,572 [c07977b7-c8ef-4f3c-80b1-66a07c6e3dcd@group-C2BDBBDF155D-LeaderElection360] INFO  impl.RaftServerImpl (RaftServerImpl.java:setRole(184)) - c07977b7-c8ef-4f3c-80b1-66a07c6e3dcd@group-C2BDBBDF155D: changes role from CANDIDATE to FOLLOWER at term 371 for DISCOVERED_A_NEW_TERM
2019-10-17 20:29:13,572 [c07977b7-c8ef-4f3c-80b1-66a07c6e3dcd@group-C2BDBBDF155D-LeaderElection360] INFO  impl.RoleInfo (RoleInfo.java:shutdownLeaderElection(134)) - c07977b7-c8ef-4f3c-80b1-66a07c6e3dcd: shutdown LeaderElection
2019-10-17 20:29:13,572 [c07977b7-c8ef-4f3c-80b1-66a07c6e3dcd@group-C2BDBBDF155D-LeaderElection360] INFO  impl.RoleInfo (RoleInfo.java:updateAndGet(143)) - c07977b7-c8ef-4f3c-80b1-66a07c6e3dcd: start FollowerState
2019-10-17 20:29:13,739 [Thread-3200] INFO  impl.FollowerState (FollowerState.java:run(108)) - c07977b7-c8ef-4f3c-80b1-66a07c6e3dcd@group-C2BDBBDF155D-FollowerState: change to CANDIDATE, lastRpcTime:166ms, electionTimeout:166ms
2019-10-17 20:29:13,739 [Thread-3200] INFO  impl.RoleInfo (RoleInfo.java:shutdownFollowerState(121)) - c07977b7-c8ef-4f3c-80b1-66a07c6e3dcd: shutdown FollowerState
2019-10-17 20:29:13,739 [Thread-3200] INFO  impl.RaftServerImpl (RaftServerImpl.java:setRole(184)) - c07977b7-c8ef-4f3c-80b1-66a07c6e3dcd@group-C2BDBBDF155D: changes role from  FOLLOWER to CANDIDATE at term 371 for changeToCandidate
2019-10-17 20:29:13,739 [Thread-3200] INFO  impl.RoleInfo (RoleInfo.java:updateAndGet(143)) - c07977b7-c8ef-4f3c-80b1-66a07c6e3dcd: start LeaderElection
2019-10-17 20:29:13,763 [c07977b7-c8ef-4f3c-80b1-66a07c6e3dcd@group-C2BDBBDF155D-LeaderElection361] INFO  impl.LeaderElection (LeaderElection.java:askForVotes(178)) - c07977b7-c8ef-4f3c-80b1-66a07c6e3dcd@group-C2BDBBDF155D-LeaderElection361: begin an election at term 372 for -1: [d81605c5-54b3-45a8-b5ae-2e8d8890cbef:192.168.164.201:42755, 7f29c796-0732-402f-b865-67033766dcba:192.168.164.201:40704, c07977b7-c8ef-4f3c-80b1-66a07c6e3dcd:192.168.164.201:38664], old=null
2019-10-17 20:29:13,765 [grpc-default-executor-2] INFO  impl.RaftServerImpl (RaftServerImpl.java:setRole(184)) - 7f29c796-0732-402f-b865-67033766dcba@group-C2BDBBDF155D: changes role from  FOLLOWER to FOLLOWER at term 372 for recognizeCandidate:c07977b7-c8ef-4f3c-80b1-66a07c6e3dcd
2019-10-17 20:29:13,765 [grpc-default-executor-1] INFO  impl.RaftServerImpl (RaftServerImpl.java:setRole(184)) - d81605c5-54b3-45a8-b5ae-2e8d8890cbef@group-C2BDBBDF155D: changes role from  FOLLOWER to FOLLOWER at term 372 for recognizeCandidate:c07977b7-c8ef-4f3c-80b1-66a07c6e3dcd
2019-10-17 20:29:13,765 [grpc-default-executor-1] INFO  impl.RoleInfo (RoleInfo.java:shutdownFollowerState(121)) - d81605c5-54b3-45a8-b5ae-2e8d8890cbef: shutdown FollowerState
2019-10-17 20:29:13,765 [grpc-default-executor-2] INFO  impl.RoleInfo (RoleInfo.java:shutdownFollowerState(121)) - 7f29c796-0732-402f-b865-67033766dcba: shutdown FollowerState
2019-10-17 20:29:13,766 [Thread-3198] INFO  impl.FollowerState (FollowerState.java:run(117)) - d81605c5-54b3-45a8-b5ae-2e8d8890cbef@group-C2BDBBDF155D-FollowerState was interrupted: java.lang.InterruptedException: sleep interrupted
2019-10-17 20:29:13,765 [grpc-default-executor-1] INFO  impl.RoleInfo (RoleInfo.java:updateAndGet(143)) - d81605c5-54b3-45a8-b5ae-2e8d8890cbef: start FollowerState
2019-10-17 20:29:13,766 [Thread-3199] INFO  impl.FollowerState (FollowerState.java:run(117)) - 7f29c796-0732-402f-b865-67033766dcba@group-C2BDBBDF155D-FollowerState was interrupted: java.lang.InterruptedException: sleep interrupted
2019-10-17 20:29:13,766 [grpc-default-executor-2] INFO  impl.RoleInfo (RoleInfo.java:updateAndGet(143)) - 7f29c796-0732-402f-b865-67033766dcba: start FollowerState
2019-10-17 20:29:13,791 [c07977b7-c8ef-4f3c-80b1-66a07c6e3dcd@group-C2BDBBDF155D-LeaderElection361] INFO  impl.LeaderElection (LeaderElection.java:logAndReturn(56)) - c07977b7-c8ef-4f3c-80b1-66a07c6e3dcd@group-C2BDBBDF155D-LeaderElection361: Election REJECTED; received 2 response(s) [c07977b7-c8ef-4f3c-80b1-66a07c6e3dcd<-d81605c5-54b3-45a8-b5ae-2e8d8890cbef#0:FAIL-t372, c07977b7-c8ef-4f3c-80b1-66a07c6e3dcd<-7f29c796-0732-402f-b865-67033766dcba#0:FAIL-t372] and 0 exception(s); c07977b7-c8ef-4f3c-80b1-66a07c6e3dcd@group-C2BDBBDF155D:t372, leader=null, voted=c07977b7-c8ef-4f3c-80b1-66a07c6e3dcd, raftlog=c07977b7-c8ef-4f3c-80b1-66a07c6e3dcd@group-C2BDBBDF155D-SegmentedRaftLog:OPENED:c-1,f-1,i0, conf=-1: [d81605c5-54b3-45a8-b5ae-2e8d8890cbef:192.168.164.201:42755, 7f29c796-0732-402f-b865-67033766dcba:192.168.164.201:40704, c07977b7-c8ef-4f3c-80b1-66a07c6e3dcd:192.168.164.201:38664], old=null
2019-10-17 20:29:13,791 [c07977b7-c8ef-4f3c-80b1-66a07c6e3dcd@group-C2BDBBDF155D-LeaderElection361] INFO  impl.RaftServerImpl (RaftServerImpl.java:setRole(184)) - c07977b7-c8ef-4f3c-80b1-66a07c6e3dcd@group-C2BDBBDF155D: changes role from CANDIDATE to FOLLOWER at term 372 for DISCOVERED_A_NEW_TERM
2019-10-17 20:29:13,791 [c07977b7-c8ef-4f3c-80b1-66a07c6e3dcd@group-C2BDBBDF155D-LeaderElection361] INFO  impl.RoleInfo (RoleInfo.java:shutdownLeaderElection(134)) - c07977b7-c8ef-4f3c-80b1-66a07c6e3dcd: shutdown LeaderElection
2019-10-17 20:29:13,791 [c07977b7-c8ef-4f3c-80b1-66a07c6e3dcd@group-C2BDBBDF155D-LeaderElection361] INFO  impl.RoleInfo (RoleInfo.java:updateAndGet(143)) - c07977b7-c8ef-4f3c-80b1-66a07c6e3dcd: start FollowerState
2019-10-17 20:29:13,858 [Thread-3206] INFO  impl.FollowerState (FollowerState.java:run(108)) - c07977b7-c8ef-4f3c-80b1-66a07c6e3dcd@group-C2BDBBDF155D-FollowerState: change to CANDIDATE, lastRpcTime:66ms, electionTimeout:66ms
2019-10-17 20:29:13,858 [Thread-3206] INFO  impl.RoleInfo (RoleInfo.java:shutdownFollowerState(121)) - c07977b7-c8ef-4f3c-80b1-66a07c6e3dcd: shutdown FollowerState
2019-10-17 20:29:13,858 [Thread-3206] INFO  impl.RaftServerImpl (RaftServerImpl.java:setRole(184)) - c07977b7-c8ef-4f3c-80b1-66a07c6e3dcd@group-C2BDBBDF155D: changes role from  FOLLOWER to CANDIDATE at term 372 for changeToCandidate
2019-10-17 20:29:13,858 [Thread-3206] INFO  impl.RoleInfo (RoleInfo.java:updateAndGet(143)) - c07977b7-c8ef-4f3c-80b1-66a07c6e3dcd: start LeaderElection
2019-10-17 20:29:13,889 [c07977b7-c8ef-4f3c-80b1-66a07c6e3dcd@group-C2BDBBDF155D-LeaderElection362] INFO  impl.LeaderElection (LeaderElection.java:askForVotes(178)) - c07977b7-c8ef-4f3c-80b1-66a07c6e3dcd@group-C2BDBBDF155D-LeaderElection362: begin an election at term 373 for -1: [d81605c5-54b3-45a8-b5ae-2e8d8890cbef:192.168.164.201:42755, 7f29c796-0732-402f-b865-67033766dcba:192.168.164.201:40704, c07977b7-c8ef-4f3c-80b1-66a07c6e3dcd:192.168.164.201:38664], old=null
2019-10-17 20:29:13,891 [grpc-default-executor-2] INFO  impl.RaftServerImpl (RaftServerImpl.java:setRole(184)) - d81605c5-54b3-45a8-b5ae-2e8d8890cbef@group-C2BDBBDF155D: changes role from  FOLLOWER to FOLLOWER at term 373 for recognizeCandidate:c07977b7-c8ef-4f3c-80b1-66a07c6e3dcd
2019-10-17 20:29:13,891 [grpc-default-executor-2] INFO  impl.RoleInfo (RoleInfo.java:shutdownFollowerState(121)) - d81605c5-54b3-45a8-b5ae-2e8d8890cbef: shutdown FollowerState
2019-10-17 20:29:13,891 [grpc-default-executor-1] INFO  impl.RaftServerImpl (RaftServerImpl.java:setRole(184)) - 7f29c796-0732-402f-b865-67033766dcba@group-C2BDBBDF155D: changes role from  FOLLOWER to FOLLOWER at term 373 for recognizeCandidate:c07977b7-c8ef-4f3c-80b1-66a07c6e3dcd
2019-10-17 20:29:13,892 [Thread-3204] INFO  impl.FollowerState (FollowerState.java:run(117)) - d81605c5-54b3-45a8-b5ae-2e8d8890cbef@group-C2BDBBDF155D-FollowerState was interrupted: java.lang.InterruptedException: sleep interrupted
2019-10-17 20:29:13,892 [grpc-default-executor-2] INFO  impl.RoleInfo (RoleInfo.java:updateAndGet(143)) - d81605c5-54b3-45a8-b5ae-2e8d8890cbef: start FollowerState
2019-10-17 20:29:13,892 [grpc-default-executor-1] INFO  impl.RoleInfo (RoleInfo.java:shutdownFollowerState(121)) - 7f29c796-0732-402f-b865-67033766dcba: shutdown FollowerState
2019-10-17 20:29:13,892 [grpc-default-executor-1] INFO  impl.RoleInfo (RoleInfo.java:updateAndGet(143)) - 7f29c796-0732-402f-b865-67033766dcba: start FollowerState
2019-10-17 20:29:13,892 [Thread-3205] INFO  impl.FollowerState (FollowerState.java:run(117)) - 7f29c796-0732-402f-b865-67033766dcba@group-C2BDBBDF155D-FollowerState was interrupted: java.lang.InterruptedException: sleep interrupted
2019-10-17 20:29:13,915 [c07977b7-c8ef-4f3c-80b1-66a07c6e3dcd@group-C2BDBBDF155D-LeaderElection362] INFO  impl.LeaderElection (LeaderElection.java:logAndReturn(56)) - c07977b7-c8ef-4f3c-80b1-66a07c6e3dcd@group-C2BDBBDF155D-LeaderElection362: Election REJECTED; received 2 response(s) [c07977b7-c8ef-4f3c-80b1-66a07c6e3dcd<-d81605c5-54b3-45a8-b5ae-2e8d8890cbef#0:FAIL-t373, c07977b7-c8ef-4f3c-80b1-66a07c6e3dcd<-7f29c796-0732-402f-b865-67033766dcba#0:FAIL-t373] and 0 exception(s); c07977b7-c8ef-4f3c-80b1-66a07c6e3dcd@group-C2BDBBDF155D:t373, leader=null, voted=c07977b7-c8ef-4f3c-80b1-66a07c6e3dcd, raftlog=c07977b7-c8ef-4f3c-80b1-66a07c6e3dcd@group-C2BDBBDF155D-SegmentedRaftLog:OPENED:c-1,f-1,i0, conf=-1: [d81605c5-54b3-45a8-b5ae-2e8d8890cbef:192.168.164.201:42755, 7f29c796-0732-402f-b865-67033766dcba:192.168.164.201:40704, c07977b7-c8ef-4f3c-80b1-66a07c6e3dcd:192.168.164.201:38664], old=null
2019-10-17 20:29:13,915 [c07977b7-c8ef-4f3c-80b1-66a07c6e3dcd@group-C2BDBBDF155D-LeaderElection362] INFO  impl.RaftServerImpl (RaftServerImpl.java:setRole(184)) - c07977b7-c8ef-4f3c-80b1-66a07c6e3dcd@group-C2BDBBDF155D: changes role from CANDIDATE to FOLLOWER at term 373 for DISCOVERED_A_NEW_TERM
2019-10-17 20:29:13,915 [c07977b7-c8ef-4f3c-80b1-66a07c6e3dcd@group-C2BDBBDF155D-LeaderElection362] INFO  impl.RoleInfo (RoleInfo.java:shutdownLeaderElection(134)) - c07977b7-c8ef-4f3c-80b1-66a07c6e3dcd: shutdown LeaderElection
2019-10-17 20:29:13,915 [c07977b7-c8ef-4f3c-80b1-66a07c6e3dcd@group-C2BDBBDF155D-LeaderElection362] INFO  impl.RoleInfo (RoleInfo.java:updateAndGet(143)) - c07977b7-c8ef-4f3c-80b1-66a07c6e3dcd: start FollowerState
2019-10-17 20:29:14,028 [Thread-3212] INFO  impl.FollowerState (FollowerState.java:run(108)) - c07977b7-c8ef-4f3c-80b1-66a07c6e3dcd@group-C2BDBBDF155D-FollowerState: change to CANDIDATE, lastRpcTime:112ms, electionTimeout:112ms
2019-10-17 20:29:14,028 [Thread-3212] INFO  impl.RoleInfo (RoleInfo.java:shutdownFollowerState(121)) - c07977b7-c8ef-4f3c-80b1-66a07c6e3dcd: shutdown FollowerState
2019-10-17 20:29:14,028 [Thread-3212] INFO  impl.RaftServerImpl (RaftServerImpl.java:setRole(184)) - c07977b7-c8ef-4f3c-80b1-66a07c6e3dcd@group-C2BDBBDF155D: changes role from  FOLLOWER to CANDIDATE at term 373 for changeToCandidate
2019-10-17 20:29:14,029 [Thread-3212] INFO  impl.RoleInfo (RoleInfo.java:updateAndGet(143)) - c07977b7-c8ef-4f3c-80b1-66a07c6e3dcd: start LeaderElection
2019-10-17 20:29:14,056 [c07977b7-c8ef-4f3c-80b1-66a07c6e3dcd@group-C2BDBBDF155D-LeaderElection363] INFO  impl.LeaderElection (LeaderElection.java:askForVotes(178)) - c07977b7-c8ef-4f3c-80b1-66a07c6e3dcd@group-C2BDBBDF155D-LeaderElection363: begin an election at term 374 for -1: [d81605c5-54b3-45a8-b5ae-2e8d8890cbef:192.168.164.201:42755, 7f29c796-0732-402f-b865-67033766dcba:192.168.164.201:40704, c07977b7-c8ef-4f3c-80b1-66a07c6e3dcd:192.168.164.201:38664], old=null
2019-10-17 20:29:14,059 [grpc-default-executor-2] INFO  impl.RaftServerImpl (RaftServerImpl.java:setRole(184)) - 7f29c796-0732-402f-b865-67033766dcba@group-C2BDBBDF155D: changes role from  FOLLOWER to FOLLOWER at term 374 for recognizeCandidate:c07977b7-c8ef-4f3c-80b1-66a07c6e3dcd
2019-10-17 20:29:14,059 [grpc-default-executor-1] INFO  impl.RaftServerImpl (RaftServerImpl.java:setRole(184)) - d81605c5-54b3-45a8-b5ae-2e8d8890cbef@group-C2BDBBDF155D: changes role from  FOLLOWER to FOLLOWER at term 374 for recognizeCandidate:c07977b7-c8ef-4f3c-80b1-66a07c6e3dcd
2019-10-17 20:29:14,059 [grpc-default-executor-1] INFO  impl.RoleInfo (RoleInfo.java:shutdownFollowerState(121)) - d81605c5-54b3-45a8-b5ae-2e8d8890cbef: shutdown FollowerState
2019-10-17 20:29:14,059 [grpc-default-executor-2] INFO  impl.RoleInfo (RoleInfo.java:shutdownFollowerState(121)) - 7f29c796-0732-402f-b865-67033766dcba: shutdown FollowerState
2019-10-17 20:29:14,060 [Thread-3210] INFO  impl.FollowerState (FollowerState.java:run(117)) - d81605c5-54b3-45a8-b5ae-2e8d8890cbef@group-C2BDBBDF155D-FollowerState was interrupted: java.lang.InterruptedException: sleep interrupted
2019-10-17 20:29:14,060 [grpc-default-executor-1] INFO  impl.RoleInfo (RoleInfo.java:updateAndGet(143)) - d81605c5-54b3-45a8-b5ae-2e8d8890cbef: start FollowerState
2019-10-17 20:29:14,060 [Thread-3211] INFO  impl.FollowerState (FollowerState.java:run(117)) - 7f29c796-0732-402f-b865-67033766dcba@group-C2BDBBDF155D-FollowerState was interrupted: java.lang.InterruptedException: sleep interrupted
2019-10-17 20:29:14,060 [grpc-default-executor-2] INFO  impl.RoleInfo (RoleInfo.java:updateAndGet(143)) - 7f29c796-0732-402f-b865-67033766dcba: start FollowerState
2019-10-17 20:29:14,091 [c07977b7-c8ef-4f3c-80b1-66a07c6e3dcd@group-C2BDBBDF155D-LeaderElection363] INFO  impl.LeaderElection (LeaderElection.java:logAndReturn(56)) - c07977b7-c8ef-4f3c-80b1-66a07c6e3dcd@group-C2BDBBDF155D-LeaderElection363: Election REJECTED; received 2 response(s) [c07977b7-c8ef-4f3c-80b1-66a07c6e3dcd<-d81605c5-54b3-45a8-b5ae-2e8d8890cbef#0:FAIL-t374, c07977b7-c8ef-4f3c-80b1-66a07c6e3dcd<-7f29c796-0732-402f-b865-67033766dcba#0:FAIL-t374] and 0 exception(s); c07977b7-c8ef-4f3c-80b1-66a07c6e3dcd@group-C2BDBBDF155D:t374, leader=null, voted=c07977b7-c8ef-4f3c-80b1-66a07c6e3dcd, raftlog=c07977b7-c8ef-4f3c-80b1-66a07c6e3dcd@group-C2BDBBDF155D-SegmentedRaftLog:OPENED:c-1,f-1,i0, conf=-1: [d81605c5-54b3-45a8-b5ae-2e8d8890cbef:192.168.164.201:42755, 7f29c796-0732-402f-b865-67033766dcba:192.168.164.201:40704, c07977b7-c8ef-4f3c-80b1-66a07c6e3dcd:192.168.164.201:38664], old=null
2019-10-17 20:29:14,091 [c07977b7-c8ef-4f3c-80b1-66a07c6e3dcd@group-C2BDBBDF155D-LeaderElection363] INFO  impl.RaftServerImpl (RaftServerImpl.java:setRole(184)) - c07977b7-c8ef-4f3c-80b1-66a07c6e3dcd@group-C2BDBBDF155D: changes role from CANDIDATE to FOLLOWER at term 374 for DISCOVERED_A_NEW_TERM
2019-10-17 20:29:14,091 [c07977b7-c8ef-4f3c-80b1-66a07c6e3dcd@group-C2BDBBDF155D-LeaderElection363] INFO  impl.RoleInfo (RoleInfo.java:shutdownLeaderElection(134)) - c07977b7-c8ef-4f3c-80b1-66a07c6e3dcd: shutdown LeaderElection
2019-10-17 20:29:14,091 [c07977b7-c8ef-4f3c-80b1-66a07c6e3dcd@group-C2BDBBDF155D-LeaderElection363] INFO  impl.RoleInfo (RoleInfo.java:updateAndGet(143)) - c07977b7-c8ef-4f3c-80b1-66a07c6e3dcd: start FollowerState
2019-10-17 20:29:14,196 [Thread-3218] INFO  impl.FollowerState (FollowerState.java:run(108)) - c07977b7-c8ef-4f3c-80b1-66a07c6e3dcd@group-C2BDBBDF155D-FollowerState: change to CANDIDATE, lastRpcTime:104ms, electionTimeout:104ms
2019-10-17 20:29:14,196 [Thread-3218] INFO  impl.RoleInfo (RoleInfo.java:shutdownFollowerState(121)) - c07977b7-c8ef-4f3c-80b1-66a07c6e3dcd: shutdown FollowerState
2019-10-17 20:29:14,196 [Thread-3218] INFO  impl.RaftServerImpl (RaftServerImpl.java:setRole(184)) - c07977b7-c8ef-4f3c-80b1-66a07c6e3dcd@group-C2BDBBDF155D: changes role from  FOLLOWER to CANDIDATE at term 374 for changeToCandidate
2019-10-17 20:29:14,196 [Thread-3218] INFO  impl.RoleInfo (RoleInfo.java:updateAndGet(143)) - c07977b7-c8ef-4f3c-80b1-66a07c6e3dcd: start LeaderElection
2019-10-17 20:29:14,223 [c07977b7-c8ef-4f3c-80b1-66a07c6e3dcd@group-C2BDBBDF155D-LeaderElection364] INFO  impl.LeaderElection (LeaderElection.java:askForVotes(178)) - c07977b7-c8ef-4f3c-80b1-66a07c6e3dcd@group-C2BDBBDF155D-LeaderElection364: begin an election at term 375 for -1: [d81605c5-54b3-45a8-b5ae-2e8d8890cbef:192.168.164.201:42755, 7f29c796-0732-402f-b865-67033766dcba:192.168.164.201:40704, c07977b7-c8ef-4f3c-80b1-66a07c6e3dcd:192.168.164.201:38664], old=null
2019-10-17 20:29:14,225 [grpc-default-executor-1] INFO  impl.RaftServerImpl (RaftServerImpl.java:setRole(184)) - d81605c5-54b3-45a8-b5ae-2e8d8890cbef@group-C2BDBBDF155D: changes role from  FOLLOWER to FOLLOWER at term 375 for recognizeCandidate:c07977b7-c8ef-4f3c-80b1-66a07c6e3dcd
2019-10-17 20:29:14,225 [grpc-default-executor-2] INFO  impl.RaftServerImpl (RaftServerImpl.java:setRole(184)) - 7f29c796-0732-402f-b865-67033766dcba@group-C2BDBBDF155D: changes role from  FOLLOWER to FOLLOWER at term 375 for recognizeCandidate:c07977b7-c8ef-4f3c-80b1-66a07c6e3dcd
2019-10-17 20:29:14,226 [grpc-default-executor-1] INFO  impl.RoleInfo (RoleInfo.java:shutdownFollowerState(121)) - d81605c5-54b3-45a8-b5ae-2e8d8890cbef: shutdown FollowerState
2019-10-17 20:29:14,226 [grpc-default-executor-2] INFO  impl.RoleInfo (RoleInfo.java:shutdownFollowerState(121)) - 7f29c796-0732-402f-b865-67033766dcba: shutdown FollowerState
2019-10-17 20:29:14,226 [Thread-3216] INFO  impl.FollowerState (FollowerState.java:run(117)) - d81605c5-54b3-45a8-b5ae-2e8d8890cbef@group-C2BDBBDF155D-FollowerState was interrupted: java.lang.InterruptedException: sleep interrupted
2019-10-17 20:29:14,226 [grpc-default-executor-1] INFO  impl.RoleInfo (RoleInfo.java:updateAndGet(143)) - d81605c5-54b3-45a8-b5ae-2e8d8890cbef: start FollowerState
2019-10-17 20:29:14,226 [Thread-3217] INFO  impl.FollowerState (FollowerState.java:run(117)) - 7f29c796-0732-402f-b865-67033766dcba@group-C2BDBBDF155D-FollowerState was interrupted: java.lang.InterruptedException: sleep interrupted
2019-10-17 20:29:14,226 [grpc-default-executor-2] INFO  impl.RoleInfo (RoleInfo.java:updateAndGet(143)) - 7f29c796-0732-402f-b865-67033766dcba: start FollowerState
2019-10-17 20:29:14,250 [c07977b7-c8ef-4f3c-80b1-66a07c6e3dcd@group-C2BDBBDF155D-LeaderElection364] INFO  impl.LeaderElection (LeaderElection.java:logAndReturn(56)) - c07977b7-c8ef-4f3c-80b1-66a07c6e3dcd@group-C2BDBBDF155D-LeaderElection364: Election REJECTED; received 2 response(s) [c07977b7-c8ef-4f3c-80b1-66a07c6e3dcd<-d81605c5-54b3-45a8-b5ae-2e8d8890cbef#0:FAIL-t375, c07977b7-c8ef-4f3c-80b1-66a07c6e3dcd<-7f29c796-0732-402f-b865-67033766dcba#0:FAIL-t375] and 0 exception(s); c07977b7-c8ef-4f3c-80b1-66a07c6e3dcd@group-C2BDBBDF155D:t375, leader=null, voted=c07977b7-c8ef-4f3c-80b1-66a07c6e3dcd, raftlog=c07977b7-c8ef-4f3c-80b1-66a07c6e3dcd@group-C2BDBBDF155D-SegmentedRaftLog:OPENED:c-1,f-1,i0, conf=-1: [d81605c5-54b3-45a8-b5ae-2e8d8890cbef:192.168.164.201:42755, 7f29c796-0732-402f-b865-67033766dcba:192.168.164.201:40704, c07977b7-c8ef-4f3c-80b1-66a07c6e3dcd:192.168.164.201:38664], old=null
2019-10-17 20:29:14,250 [c07977b7-c8ef-4f3c-80b1-66a07c6e3dcd@group-C2BDBBDF155D-LeaderElection364] INFO  impl.RaftServerImpl (RaftServerImpl.java:setRole(184)) - c07977b7-c8ef-4f3c-80b1-66a07c6e3dcd@group-C2BDBBDF155D: changes role from CANDIDATE to FOLLOWER at term 375 for DISCOVERED_A_NEW_TERM
2019-10-17 20:29:14,251 [c07977b7-c8ef-4f3c-80b1-66a07c6e3dcd@group-C2BDBBDF155D-LeaderElection364] INFO  impl.RoleInfo (RoleInfo.java:shutdownLeaderElection(134)) - c07977b7-c8ef-4f3c-80b1-66a07c6e3dcd: shutdown LeaderElection
2019-10-17 20:29:14,251 [c07977b7-c8ef-4f3c-80b1-66a07c6e3dcd@group-C2BDBBDF155D-LeaderElection364] INFO  impl.RoleInfo (RoleInfo.java:updateAndGet(143)) - c07977b7-c8ef-4f3c-80b1-66a07c6e3dcd: start FollowerState
2019-10-17 20:29:14,388 [Thread-3224] INFO  impl.FollowerState (FollowerState.java:run(108)) - c07977b7-c8ef-4f3c-80b1-66a07c6e3dcd@group-C2BDBBDF155D-FollowerState: change to CANDIDATE, lastRpcTime:137ms, electionTimeout:137ms
2019-10-17 20:29:14,388 [Thread-3224] INFO  impl.RoleInfo (RoleInfo.java:shutdownFollowerState(121)) - c07977b7-c8ef-4f3c-80b1-66a07c6e3dcd: shutdown FollowerState
2019-10-17 20:29:14,388 [Thread-3224] INFO  impl.RaftServerImpl (RaftServerImpl.java:setRole(184)) - c07977b7-c8ef-4f3c-80b1-66a07c6e3dcd@group-C2BDBBDF155D: changes role from  FOLLOWER to CANDIDATE at term 375 for changeToCandidate
2019-10-17 20:29:14,389 [Thread-3224] INFO  impl.RoleInfo (RoleInfo.java:updateAndGet(143)) - c07977b7-c8ef-4f3c-80b1-66a07c6e3dcd: start LeaderElection
2019-10-17 20:29:14,416 [c07977b7-c8ef-4f3c-80b1-66a07c6e3dcd@group-C2BDBBDF155D-LeaderElection365] INFO  impl.LeaderElection (LeaderElection.java:askForVotes(178)) - c07977b7-c8ef-4f3c-80b1-66a07c6e3dcd@group-C2BDBBDF155D-LeaderElection365: begin an election at term 376 for -1: [d81605c5-54b3-45a8-b5ae-2e8d8890cbef:192.168.164.201:42755, 7f29c796-0732-402f-b865-67033766dcba:192.168.164.201:40704, c07977b7-c8ef-4f3c-80b1-66a07c6e3dcd:192.168.164.201:38664], old=null
2019-10-17 20:29:14,418 [grpc-default-executor-2] INFO  impl.RaftServerImpl (RaftServerImpl.java:setRole(184)) - 7f29c796-0732-402f-b865-67033766dcba@group-C2BDBBDF155D: changes role from  FOLLOWER to FOLLOWER at term 376 for recognizeCandidate:c07977b7-c8ef-4f3c-80b1-66a07c6e3dcd
2019-10-17 20:29:14,418 [grpc-default-executor-1] INFO  impl.RaftServerImpl (RaftServerImpl.java:setRole(184)) - d81605c5-54b3-45a8-b5ae-2e8d8890cbef@group-C2BDBBDF155D: changes role from  FOLLOWER to FOLLOWER at term 376 for recognizeCandidate:c07977b7-c8ef-4f3c-80b1-66a07c6e3dcd
2019-10-17 20:29:14,418 [grpc-default-executor-2] INFO  impl.RoleInfo (RoleInfo.java:shutdownFollowerState(121)) - 7f29c796-0732-402f-b865-67033766dcba: shutdown FollowerState
2019-10-17 20:29:14,418 [grpc-default-executor-1] INFO  impl.RoleInfo (RoleInfo.java:shutdownFollowerState(121)) - d81605c5-54b3-45a8-b5ae-2e8d8890cbef: shutdown FollowerState
2019-10-17 20:29:14,419 [Thread-3223] INFO  impl.FollowerState (FollowerState.java:run(117)) - 7f29c796-0732-402f-b865-67033766dcba@group-C2BDBBDF155D-FollowerState was interrupted: java.lang.InterruptedException: sleep interrupted
2019-10-17 20:29:14,419 [grpc-default-executor-2] INFO  impl.RoleInfo (RoleInfo.java:updateAndGet(143)) - 7f29c796-0732-402f-b865-67033766dcba: start FollowerState
2019-10-17 20:29:14,419 [grpc-default-executor-1] INFO  impl.RoleInfo (RoleInfo.java:updateAndGet(143)) - d81605c5-54b3-45a8-b5ae-2e8d8890cbef: start FollowerState
2019-10-17 20:29:14,419 [Thread-3222] INFO  impl.FollowerState (FollowerState.java:run(117)) - d81605c5-54b3-45a8-b5ae-2e8d8890cbef@group-C2BDBBDF155D-FollowerState was interrupted: java.lang.InterruptedException: sleep interrupted
2019-10-17 20:29:14,442 [c07977b7-c8ef-4f3c-80b1-66a07c6e3dcd@group-C2BDBBDF155D-LeaderElection365] INFO  impl.LeaderElection (LeaderElection.java:logAndReturn(56)) - c07977b7-c8ef-4f3c-80b1-66a07c6e3dcd@group-C2BDBBDF155D-LeaderElection365: Election REJECTED; received 2 response(s) [c07977b7-c8ef-4f3c-80b1-66a07c6e3dcd<-d81605c5-54b3-45a8-b5ae-2e8d8890cbef#0:FAIL-t376, c07977b7-c8ef-4f3c-80b1-66a07c6e3dcd<-7f29c796-0732-402f-b865-67033766dcba#0:FAIL-t376] and 0 exception(s); c07977b7-c8ef-4f3c-80b1-66a07c6e3dcd@group-C2BDBBDF155D:t376, leader=null, voted=c07977b7-c8ef-4f3c-80b1-66a07c6e3dcd, raftlog=c07977b7-c8ef-4f3c-80b1-66a07c6e3dcd@group-C2BDBBDF155D-SegmentedRaftLog:OPENED:c-1,f-1,i0, conf=-1: [d81605c5-54b3-45a8-b5ae-2e8d8890cbef:192.168.164.201:42755, 7f29c796-0732-402f-b865-67033766dcba:192.168.164.201:40704, c07977b7-c8ef-4f3c-80b1-66a07c6e3dcd:192.168.164.201:38664], old=null
2019-10-17 20:29:14,442 [c07977b7-c8ef-4f3c-80b1-66a07c6e3dcd@group-C2BDBBDF155D-LeaderElection365] INFO  impl.RaftServerImpl (RaftServerImpl.java:setRole(184)) - c07977b7-c8ef-4f3c-80b1-66a07c6e3dcd@group-C2BDBBDF155D: changes role from CANDIDATE to FOLLOWER at term 376 for DISCOVERED_A_NEW_TERM
2019-10-17 20:29:14,443 [c07977b7-c8ef-4f3c-80b1-66a07c6e3dcd@group-C2BDBBDF155D-LeaderElection365] INFO  impl.RoleInfo (RoleInfo.java:shutdownLeaderElection(134)) - c07977b7-c8ef-4f3c-80b1-66a07c6e3dcd: shutdown LeaderElection
2019-10-17 20:29:14,443 [c07977b7-c8ef-4f3c-80b1-66a07c6e3dcd@group-C2BDBBDF155D-LeaderElection365] INFO  impl.RoleInfo (RoleInfo.java:updateAndGet(143)) - c07977b7-c8ef-4f3c-80b1-66a07c6e3dcd: start FollowerState
2019-10-17 20:29:14,540 [Thread-3230] INFO  impl.FollowerState (FollowerState.java:run(108)) - c07977b7-c8ef-4f3c-80b1-66a07c6e3dcd@group-C2BDBBDF155D-FollowerState: change to CANDIDATE, lastRpcTime:97ms, electionTimeout:97ms
2019-10-17 20:29:14,540 [Thread-3230] INFO  impl.RoleInfo (RoleInfo.java:shutdownFollowerState(121)) - c07977b7-c8ef-4f3c-80b1-66a07c6e3dcd: shutdown FollowerState
2019-10-17 20:29:14,540 [Thread-3230] INFO  impl.RaftServerImpl (RaftServerImpl.java:setRole(184)) - c07977b7-c8ef-4f3c-80b1-66a07c6e3dcd@group-C2BDBBDF155D: changes role from  FOLLOWER to CANDIDATE at term 376 for changeToCandidate
2019-10-17 20:29:14,541 [Thread-3230] INFO  impl.RoleInfo (RoleInfo.java:updateAndGet(143)) - c07977b7-c8ef-4f3c-80b1-66a07c6e3dcd: start LeaderElection
2019-10-17 20:29:14,554 [Thread-754] INFO  ozone.MiniOzoneClusterImpl (MiniOzoneClusterImpl.java:lambda$waitForClusterToBeReady$2(164)) - Waiting for 1 number of pipelines out of 4, to report a leader.
2019-10-17 20:29:14,571 [c07977b7-c8ef-4f3c-80b1-66a07c6e3dcd@group-C2BDBBDF155D-LeaderElection366] INFO  impl.LeaderElection (LeaderElection.java:askForVotes(178)) - c07977b7-c8ef-4f3c-80b1-66a07c6e3dcd@group-C2BDBBDF155D-LeaderElection366: begin an election at term 377 for -1: [d81605c5-54b3-45a8-b5ae-2e8d8890cbef:192.168.164.201:42755, 7f29c796-0732-402f-b865-67033766dcba:192.168.164.201:40704, c07977b7-c8ef-4f3c-80b1-66a07c6e3dcd:192.168.164.201:38664], old=null
2019-10-17 20:29:14,573 [grpc-default-executor-2] INFO  impl.RaftServerImpl (RaftServerImpl.java:setRole(184)) - 7f29c796-0732-402f-b865-67033766dcba@group-C2BDBBDF155D: changes role from  FOLLOWER to FOLLOWER at term 377 for recognizeCandidate:c07977b7-c8ef-4f3c-80b1-66a07c6e3dcd
2019-10-17 20:29:14,573 [grpc-default-executor-2] INFO  impl.RoleInfo (RoleInfo.java:shutdownFollowerState(121)) - 7f29c796-0732-402f-b865-67033766dcba: shutdown FollowerState
2019-10-17 20:29:14,574 [grpc-default-executor-1] INFO  impl.RaftServerImpl (RaftServerImpl.java:setRole(184)) - d81605c5-54b3-45a8-b5ae-2e8d8890cbef@group-C2BDBBDF155D: changes role from  FOLLOWER to FOLLOWER at term 377 for recognizeCandidate:c07977b7-c8ef-4f3c-80b1-66a07c6e3dcd
2019-10-17 20:29:14,574 [Thread-3228] INFO  impl.FollowerState (FollowerState.java:run(117)) - 7f29c796-0732-402f-b865-67033766dcba@group-C2BDBBDF155D-FollowerState was interrupted: java.lang.InterruptedException: sleep interrupted
2019-10-17 20:29:14,574 [grpc-default-executor-1] INFO  impl.RoleInfo (RoleInfo.java:shutdownFollowerState(121)) - d81605c5-54b3-45a8-b5ae-2e8d8890cbef: shutdown FollowerState
2019-10-17 20:29:14,574 [grpc-default-executor-2] INFO  impl.RoleInfo (RoleInfo.java:updateAndGet(143)) - 7f29c796-0732-402f-b865-67033766dcba: start FollowerState
2019-10-17 20:29:14,574 [Thread-3229] INFO  impl.FollowerState (FollowerState.java:run(117)) - d81605c5-54b3-45a8-b5ae-2e8d8890cbef@group-C2BDBBDF155D-FollowerState was interrupted: java.lang.InterruptedException: sleep interrupted
2019-10-17 20:29:14,574 [grpc-default-executor-1] INFO  impl.RoleInfo (RoleInfo.java:updateAndGet(143)) - d81605c5-54b3-45a8-b5ae-2e8d8890cbef: start FollowerState
2019-10-17 20:29:14,890 [c07977b7-c8ef-4f3c-80b1-66a07c6e3dcd@group-C2BDBBDF155D-LeaderElection366] INFO  impl.LeaderElection (LeaderElection.java:logAndReturn(56)) - c07977b7-c8ef-4f3c-80b1-66a07c6e3dcd@group-C2BDBBDF155D-LeaderElection366: Election TIMEOUT; received 0 response(s) [] and 0 exception(s); c07977b7-c8ef-4f3c-80b1-66a07c6e3dcd@group-C2BDBBDF155D:t377, leader=null, voted=c07977b7-c8ef-4f3c-80b1-66a07c6e3dcd, raftlog=c07977b7-c8ef-4f3c-80b1-66a07c6e3dcd@group-C2BDBBDF155D-SegmentedRaftLog:OPENED:c-1,f-1,i0, conf=-1: [d81605c5-54b3-45a8-b5ae-2e8d8890cbef:192.168.164.201:42755, 7f29c796-0732-402f-b865-67033766dcba:192.168.164.201:40704, c07977b7-c8ef-4f3c-80b1-66a07c6e3dcd:192.168.164.201:38664], old=null
2019-10-17 20:29:14,917 [c07977b7-c8ef-4f3c-80b1-66a07c6e3dcd@group-C2BDBBDF155D-LeaderElection366] INFO  impl.LeaderElection (LeaderElection.java:askForVotes(178)) - c07977b7-c8ef-4f3c-80b1-66a07c6e3dcd@group-C2BDBBDF155D-LeaderElection366: begin an election at term 378 for -1: [d81605c5-54b3-45a8-b5ae-2e8d8890cbef:192.168.164.201:42755, 7f29c796-0732-402f-b865-67033766dcba:192.168.164.201:40704, c07977b7-c8ef-4f3c-80b1-66a07c6e3dcd:192.168.164.201:38664], old=null
2019-10-17 20:29:14,920 [grpc-default-executor-2] INFO  impl.RaftServerImpl (RaftServerImpl.java:setRole(184)) - d81605c5-54b3-45a8-b5ae-2e8d8890cbef@group-C2BDBBDF155D: changes role from  FOLLOWER to FOLLOWER at term 378 for recognizeCandidate:c07977b7-c8ef-4f3c-80b1-66a07c6e3dcd
2019-10-17 20:29:14,920 [grpc-default-executor-1] INFO  impl.RaftServerImpl (RaftServerImpl.java:setRole(184)) - 7f29c796-0732-402f-b865-67033766dcba@group-C2BDBBDF155D: changes role from  FOLLOWER to FOLLOWER at term 378 for recognizeCandidate:c07977b7-c8ef-4f3c-80b1-66a07c6e3dcd
2019-10-17 20:29:14,920 [grpc-default-executor-1] INFO  impl.RoleInfo (RoleInfo.java:shutdownFollowerState(121)) - 7f29c796-0732-402f-b865-67033766dcba: shutdown FollowerState
2019-10-17 20:29:14,920 [grpc-default-executor-2] INFO  impl.RoleInfo (RoleInfo.java:shutdownFollowerState(121)) - d81605c5-54b3-45a8-b5ae-2e8d8890cbef: shutdown FollowerState
2019-10-17 20:29:14,920 [Thread-3234] INFO  impl.FollowerState (FollowerState.java:run(117)) - 7f29c796-0732-402f-b865-67033766dcba@group-C2BDBBDF155D-FollowerState was interrupted: java.lang.InterruptedException: sleep interrupted
2019-10-17 20:29:14,920 [grpc-default-executor-1] INFO  impl.RoleInfo (RoleInfo.java:updateAndGet(143)) - 7f29c796-0732-402f-b865-67033766dcba: start FollowerState
2019-10-17 20:29:14,920 [grpc-default-executor-2] INFO  impl.RoleInfo (RoleInfo.java:updateAndGet(143)) - d81605c5-54b3-45a8-b5ae-2e8d8890cbef: start FollowerState
2019-10-17 20:29:14,920 [Thread-3235] INFO  impl.FollowerState (FollowerState.java:run(117)) - d81605c5-54b3-45a8-b5ae-2e8d8890cbef@group-C2BDBBDF155D-FollowerState was interrupted: java.lang.InterruptedException: sleep interrupted
2019-10-17 20:29:14,925 [Thread-754] INFO  ozone.MiniOzoneClusterImpl (MiniOzoneClusterImpl.java:shutdown(352)) - Shutting down the Mini Ozone Cluster
2019-10-17 20:29:14,926 [Thread-754] INFO  ozone.MiniOzoneClusterImpl (MiniOzoneClusterImpl.java:stop(368)) - Stopping the Mini Ozone Cluster
2019-10-17 20:29:14,926 [Thread-754] INFO  ozone.MiniOzoneClusterImpl (MiniOzoneClusterImpl.java:stopOM(438)) - Stopping the OzoneManager
2019-10-17 20:29:14,926 [Thread-754] INFO  ipc.Server (Server.java:stop(3082)) - Stopping server on 46187
2019-10-17 20:29:14,928 [IPC Server listener on 46187] INFO  ipc.Server (Server.java:run(1185)) - Stopping IPC Server listener on 46187
2019-10-17 20:29:14,928 [Thread-754] INFO  ratis.OzoneManagerDoubleBuffer (OzoneManagerDoubleBuffer.java:stop(250)) - Stopping OMDoubleBuffer flush thread
2019-10-17 20:29:14,928 [IPC Server Responder] INFO  ipc.Server (Server.java:run(1319)) - Stopping IPC Server Responder
2019-10-17 20:29:14,929 [OMDoubleBufferFlushThread] INFO  ratis.OzoneManagerDoubleBuffer (OzoneManagerDoubleBuffer.java:flushTransactions(193)) - OMDoubleBuffer flush thread OMDoubleBufferFlushThread is interrupted and will exit. OMDoubleBufferFlushThread
2019-10-17 20:29:14,930 [Thread-754] INFO  utils.BackgroundService (BackgroundService.java:shutdown(151)) - Shutting down service KeyDeletingService
2019-10-17 20:29:14,939 [Thread-754] INFO  handler.ContextHandler (ContextHandler.java:doStop(910)) - Stopped o.e.j.w.WebAppContext@25702d92{/,null,UNAVAILABLE}{/ozoneManager}
2019-10-17 20:29:14,951 [Thread-754] INFO  server.AbstractConnector (AbstractConnector.java:doStop(318)) - Stopped ServerConnector@7d17d68a{HTTP/1.1,[http/1.1]}{0.0.0.0:0}
2019-10-17 20:29:14,952 [c07977b7-c8ef-4f3c-80b1-66a07c6e3dcd@group-C2BDBBDF155D-LeaderElection366] INFO  impl.LeaderElection (LeaderElection.java:logAndReturn(56)) - c07977b7-c8ef-4f3c-80b1-66a07c6e3dcd@group-C2BDBBDF155D-LeaderElection366: Election REJECTED; received 2 response(s) [c07977b7-c8ef-4f3c-80b1-66a07c6e3dcd<-d81605c5-54b3-45a8-b5ae-2e8d8890cbef#0:FAIL-t378, c07977b7-c8ef-4f3c-80b1-66a07c6e3dcd<-7f29c796-0732-402f-b865-67033766dcba#0:FAIL-t378] and 0 exception(s); c07977b7-c8ef-4f3c-80b1-66a07c6e3dcd@group-C2BDBBDF155D:t378, leader=null, voted=c07977b7-c8ef-4f3c-80b1-66a07c6e3dcd, raftlog=c07977b7-c8ef-4f3c-80b1-66a07c6e3dcd@group-C2BDBBDF155D-SegmentedRaftLog:OPENED:c-1,f-1,i0, conf=-1: [d81605c5-54b3-45a8-b5ae-2e8d8890cbef:192.168.164.201:42755, 7f29c796-0732-402f-b865-67033766dcba:192.168.164.201:40704, c07977b7-c8ef-4f3c-80b1-66a07c6e3dcd:192.168.164.201:38664], old=null
2019-10-17 20:29:14,952 [Thread-754] INFO  handler.ContextHandler (ContextHandler.java:doStop(910)) - Stopped o.e.j.s.ServletContextHandler@2bee25db{/static,jar:file:/home/user/.m2/repository/org/apache/hadoop/hadoop-ozone-ozone-manager/0.5.0-SNAPSHOT/hadoop-ozone-ozone-manager-0.5.0-SNAPSHOT.jar!/webapps/static,UNAVAILABLE}
2019-10-17 20:29:14,952 [c07977b7-c8ef-4f3c-80b1-66a07c6e3dcd@group-C2BDBBDF155D-LeaderElection366] INFO  impl.RaftServerImpl (RaftServerImpl.java:setRole(184)) - c07977b7-c8ef-4f3c-80b1-66a07c6e3dcd@group-C2BDBBDF155D: changes role from CANDIDATE to FOLLOWER at term 378 for DISCOVERED_A_NEW_TERM
2019-10-17 20:29:14,952 [c07977b7-c8ef-4f3c-80b1-66a07c6e3dcd@group-C2BDBBDF155D-LeaderElection366] INFO  impl.RoleInfo (RoleInfo.java:shutdownLeaderElection(134)) - c07977b7-c8ef-4f3c-80b1-66a07c6e3dcd: shutdown LeaderElection
2019-10-17 20:29:14,952 [Thread-754] INFO  handler.ContextHandler (ContextHandler.java:doStop(910)) - Stopped o.e.j.s.ServletContextHandler@3cbfc76b{/logs,file:///workdir/hadoop-ozone/ozonefs/target/log,UNAVAILABLE}
2019-10-17 20:29:14,952 [c07977b7-c8ef-4f3c-80b1-66a07c6e3dcd@group-C2BDBBDF155D-LeaderElection366] INFO  impl.RoleInfo (RoleInfo.java:updateAndGet(143)) - c07977b7-c8ef-4f3c-80b1-66a07c6e3dcd: start FollowerState
2019-10-17 20:29:14,956 [Thread-754] INFO  ozone.MiniOzoneClusterImpl (MiniOzoneClusterImpl.java:stopDatanodes(415)) - Stopping the HddsDatanodes
2019-10-17 20:29:14,997 [Thread-3241] INFO  impl.FollowerState (FollowerState.java:run(108)) - c07977b7-c8ef-4f3c-80b1-66a07c6e3dcd@group-C2BDBBDF155D-FollowerState: change to CANDIDATE, lastRpcTime:44ms, electionTimeout:44ms
2019-10-17 20:29:14,997 [Thread-3241] INFO  impl.RoleInfo (RoleInfo.java:shutdownFollowerState(121)) - c07977b7-c8ef-4f3c-80b1-66a07c6e3dcd: shutdown FollowerState
2019-10-17 20:29:14,997 [Thread-3241] INFO  impl.RaftServerImpl (RaftServerImpl.java:setRole(184)) - c07977b7-c8ef-4f3c-80b1-66a07c6e3dcd@group-C2BDBBDF155D: changes role from  FOLLOWER to CANDIDATE at term 378 for changeToCandidate
2019-10-17 20:29:14,998 [Thread-3241] INFO  impl.RoleInfo (RoleInfo.java:updateAndGet(143)) - c07977b7-c8ef-4f3c-80b1-66a07c6e3dcd: start LeaderElection
2019-10-17 20:29:15,022 [c07977b7-c8ef-4f3c-80b1-66a07c6e3dcd@group-C2BDBBDF155D-LeaderElection367] INFO  impl.LeaderElection (LeaderElection.java:askForVotes(178)) - c07977b7-c8ef-4f3c-80b1-66a07c6e3dcd@group-C2BDBBDF155D-LeaderElection367: begin an election at term 379 for -1: [d81605c5-54b3-45a8-b5ae-2e8d8890cbef:192.168.164.201:42755, 7f29c796-0732-402f-b865-67033766dcba:192.168.164.201:40704, c07977b7-c8ef-4f3c-80b1-66a07c6e3dcd:192.168.164.201:38664], old=null
2019-10-17 20:29:15,024 [grpc-default-executor-2] INFO  impl.RaftServerImpl (RaftServerImpl.java:setRole(184)) - d81605c5-54b3-45a8-b5ae-2e8d8890cbef@group-C2BDBBDF155D: changes role from  FOLLOWER to FOLLOWER at term 379 for recognizeCandidate:c07977b7-c8ef-4f3c-80b1-66a07c6e3dcd
2019-10-17 20:29:15,024 [grpc-default-executor-2] INFO  impl.RoleInfo (RoleInfo.java:shutdownFollowerState(121)) - d81605c5-54b3-45a8-b5ae-2e8d8890cbef: shutdown FollowerState
2019-10-17 20:29:15,024 [grpc-default-executor-1] INFO  impl.RaftServerImpl (RaftServerImpl.java:setRole(184)) - 7f29c796-0732-402f-b865-67033766dcba@group-C2BDBBDF155D: changes role from  FOLLOWER to FOLLOWER at term 379 for recognizeCandidate:c07977b7-c8ef-4f3c-80b1-66a07c6e3dcd
2019-10-17 20:29:15,024 [grpc-default-executor-1] INFO  impl.RoleInfo (RoleInfo.java:shutdownFollowerState(121)) - 7f29c796-0732-402f-b865-67033766dcba: shutdown FollowerState
2019-10-17 20:29:15,024 [Thread-3240] INFO  impl.FollowerState (FollowerState.java:run(117)) - d81605c5-54b3-45a8-b5ae-2e8d8890cbef@group-C2BDBBDF155D-FollowerState was interrupted: java.lang.InterruptedException: sleep interrupted
2019-10-17 20:29:15,024 [grpc-default-executor-2] INFO  impl.RoleInfo (RoleInfo.java:updateAndGet(143)) - d81605c5-54b3-45a8-b5ae-2e8d8890cbef: start FollowerState
2019-10-17 20:29:15,025 [Thread-3239] INFO  impl.FollowerState (FollowerState.java:run(117)) - 7f29c796-0732-402f-b865-67033766dcba@group-C2BDBBDF155D-FollowerState was interrupted: java.lang.InterruptedException: sleep interrupted
2019-10-17 20:29:15,025 [grpc-default-executor-1] INFO  impl.RoleInfo (RoleInfo.java:updateAndGet(143)) - 7f29c796-0732-402f-b865-67033766dcba: start FollowerState
2019-10-17 20:29:15,048 [c07977b7-c8ef-4f3c-80b1-66a07c6e3dcd@group-C2BDBBDF155D-LeaderElection367] INFO  impl.LeaderElection (LeaderElection.java:logAndReturn(56)) - c07977b7-c8ef-4f3c-80b1-66a07c6e3dcd@group-C2BDBBDF155D-LeaderElection367: Election TIMEOUT; received 0 response(s) [] and 0 exception(s); c07977b7-c8ef-4f3c-80b1-66a07c6e3dcd@group-C2BDBBDF155D:t379, leader=null, voted=c07977b7-c8ef-4f3c-80b1-66a07c6e3dcd, raftlog=c07977b7-c8ef-4f3c-80b1-66a07c6e3dcd@group-C2BDBBDF155D-SegmentedRaftLog:OPENED:c-1,f-1,i0, conf=-1: [d81605c5-54b3-45a8-b5ae-2e8d8890cbef:192.168.164.201:42755, 7f29c796-0732-402f-b865-67033766dcba:192.168.164.201:40704, c07977b7-c8ef-4f3c-80b1-66a07c6e3dcd:192.168.164.201:38664], old=null
2019-10-17 20:29:15,071 [c07977b7-c8ef-4f3c-80b1-66a07c6e3dcd@group-C2BDBBDF155D-LeaderElection367] INFO  impl.LeaderElection (LeaderElection.java:askForVotes(178)) - c07977b7-c8ef-4f3c-80b1-66a07c6e3dcd@group-C2BDBBDF155D-LeaderElection367: begin an election at term 380 for -1: [d81605c5-54b3-45a8-b5ae-2e8d8890cbef:192.168.164.201:42755, 7f29c796-0732-402f-b865-67033766dcba:192.168.164.201:40704, c07977b7-c8ef-4f3c-80b1-66a07c6e3dcd:192.168.164.201:38664], old=null
2019-10-17 20:29:15,073 [grpc-default-executor-2] INFO  impl.RaftServerImpl (RaftServerImpl.java:setRole(184)) - d81605c5-54b3-45a8-b5ae-2e8d8890cbef@group-C2BDBBDF155D: changes role from  FOLLOWER to FOLLOWER at term 380 for recognizeCandidate:c07977b7-c8ef-4f3c-80b1-66a07c6e3dcd
2019-10-17 20:29:15,073 [grpc-default-executor-2] INFO  impl.RoleInfo (RoleInfo.java:shutdownFollowerState(121)) - d81605c5-54b3-45a8-b5ae-2e8d8890cbef: shutdown FollowerState
2019-10-17 20:29:15,073 [grpc-default-executor-2] INFO  impl.RoleInfo (RoleInfo.java:updateAndGet(143)) - d81605c5-54b3-45a8-b5ae-2e8d8890cbef: start FollowerState
2019-10-17 20:29:15,073 [grpc-default-executor-1] INFO  impl.RaftServerImpl (RaftServerImpl.java:setRole(184)) - 7f29c796-0732-402f-b865-67033766dcba@group-C2BDBBDF155D: changes role from  FOLLOWER to FOLLOWER at term 380 for recognizeCandidate:c07977b7-c8ef-4f3c-80b1-66a07c6e3dcd
2019-10-17 20:29:15,073 [Thread-3245] INFO  impl.FollowerState (FollowerState.java:run(117)) - d81605c5-54b3-45a8-b5ae-2e8d8890cbef@group-C2BDBBDF155D-FollowerState was interrupted: java.lang.InterruptedException: sleep interrupted
2019-10-17 20:29:15,073 [grpc-default-executor-1] INFO  impl.RoleInfo (RoleInfo.java:shutdownFollowerState(121)) - 7f29c796-0732-402f-b865-67033766dcba: shutdown FollowerState
2019-10-17 20:29:15,074 [grpc-default-executor-1] INFO  impl.RoleInfo (RoleInfo.java:updateAndGet(143)) - 7f29c796-0732-402f-b865-67033766dcba: start FollowerState
2019-10-17 20:29:15,074 [Thread-3246] INFO  impl.FollowerState (FollowerState.java:run(117)) - 7f29c796-0732-402f-b865-67033766dcba@group-C2BDBBDF155D-FollowerState was interrupted: java.lang.InterruptedException: sleep interrupted
2019-10-17 20:29:15,090 [c07977b7-c8ef-4f3c-80b1-66a07c6e3dcd@group-C2BDBBDF155D-LeaderElection367] INFO  impl.LeaderElection (LeaderElection.java:logAndReturn(56)) - c07977b7-c8ef-4f3c-80b1-66a07c6e3dcd@group-C2BDBBDF155D-LeaderElection367: Election REJECTED; received 2 response(s) [c07977b7-c8ef-4f3c-80b1-66a07c6e3dcd<-d81605c5-54b3-45a8-b5ae-2e8d8890cbef#0:FAIL-t380, c07977b7-c8ef-4f3c-80b1-66a07c6e3dcd<-7f29c796-0732-402f-b865-67033766dcba#0:FAIL-t380] and 0 exception(s); c07977b7-c8ef-4f3c-80b1-66a07c6e3dcd@group-C2BDBBDF155D:t380, leader=null, voted=c07977b7-c8ef-4f3c-80b1-66a07c6e3dcd, raftlog=c07977b7-c8ef-4f3c-80b1-66a07c6e3dcd@group-C2BDBBDF155D-SegmentedRaftLog:OPENED:c-1,f-1,i0, conf=-1: [d81605c5-54b3-45a8-b5ae-2e8d8890cbef:192.168.164.201:42755, 7f29c796-0732-402f-b865-67033766dcba:192.168.164.201:40704, c07977b7-c8ef-4f3c-80b1-66a07c6e3dcd:192.168.164.201:38664], old=null
2019-10-17 20:29:15,090 [c07977b7-c8ef-4f3c-80b1-66a07c6e3dcd@group-C2BDBBDF155D-LeaderElection367] INFO  impl.RaftServerImpl (RaftServerImpl.java:setRole(184)) - c07977b7-c8ef-4f3c-80b1-66a07c6e3dcd@group-C2BDBBDF155D: changes role from CANDIDATE to FOLLOWER at term 380 for DISCOVERED_A_NEW_TERM
2019-10-17 20:29:15,090 [c07977b7-c8ef-4f3c-80b1-66a07c6e3dcd@group-C2BDBBDF155D-LeaderElection367] INFO  impl.RoleInfo (RoleInfo.java:shutdownLeaderElection(134)) - c07977b7-c8ef-4f3c-80b1-66a07c6e3dcd: shutdown LeaderElection
2019-10-17 20:29:15,090 [c07977b7-c8ef-4f3c-80b1-66a07c6e3dcd@group-C2BDBBDF155D-LeaderElection367] INFO  impl.RoleInfo (RoleInfo.java:updateAndGet(143)) - c07977b7-c8ef-4f3c-80b1-66a07c6e3dcd: start FollowerState
2019-10-17 20:29:15,265 [Thread-3251] INFO  impl.FollowerState (FollowerState.java:run(108)) - c07977b7-c8ef-4f3c-80b1-66a07c6e3dcd@group-C2BDBBDF155D-FollowerState: change to CANDIDATE, lastRpcTime:174ms, electionTimeout:174ms
2019-10-17 20:29:15,265 [Thread-3251] INFO  impl.RoleInfo (RoleInfo.java:shutdownFollowerState(121)) - c07977b7-c8ef-4f3c-80b1-66a07c6e3dcd: shutdown FollowerState
2019-10-17 20:29:15,265 [Thread-3251] INFO  impl.RaftServerImpl (RaftServerImpl.java:setRole(184)) - c07977b7-c8ef-4f3c-80b1-66a07c6e3dcd@group-C2BDBBDF155D: changes role from  FOLLOWER to CANDIDATE at term 380 for changeToCandidate
2019-10-17 20:29:15,265 [Thread-3251] INFO  impl.RoleInfo (RoleInfo.java:updateAndGet(143)) - c07977b7-c8ef-4f3c-80b1-66a07c6e3dcd: start LeaderElection
2019-10-17 20:29:15,289 [c07977b7-c8ef-4f3c-80b1-66a07c6e3dcd@group-C2BDBBDF155D-LeaderElection368] INFO  impl.LeaderElection (LeaderElection.java:askForVotes(178)) - c07977b7-c8ef-4f3c-80b1-66a07c6e3dcd@group-C2BDBBDF155D-LeaderElection368: begin an election at term 381 for -1: [d81605c5-54b3-45a8-b5ae-2e8d8890cbef:192.168.164.201:42755, 7f29c796-0732-402f-b865-67033766dcba:192.168.164.201:40704, c07977b7-c8ef-4f3c-80b1-66a07c6e3dcd:192.168.164.201:38664], old=null
2019-10-17 20:29:15,291 [grpc-default-executor-1] INFO  impl.RaftServerImpl (RaftServerImpl.java:setRole(184)) - d81605c5-54b3-45a8-b5ae-2e8d8890cbef@group-C2BDBBDF155D: changes role from  FOLLOWER to FOLLOWER at term 381 for recognizeCandidate:c07977b7-c8ef-4f3c-80b1-66a07c6e3dcd
2019-10-17 20:29:15,291 [grpc-default-executor-1] INFO  impl.RoleInfo (RoleInfo.java:shutdownFollowerState(121)) - d81605c5-54b3-45a8-b5ae-2e8d8890cbef: shutdown FollowerState
2019-10-17 20:29:15,291 [grpc-default-executor-2] INFO  impl.RaftServerImpl (RaftServerImpl.java:setRole(184)) - 7f29c796-0732-402f-b865-67033766dcba@group-C2BDBBDF155D: changes role from  FOLLOWER to FOLLOWER at term 381 for recognizeCandidate:c07977b7-c8ef-4f3c-80b1-66a07c6e3dcd
2019-10-17 20:29:15,291 [Thread-3249] INFO  impl.FollowerState (FollowerState.java:run(117)) - d81605c5-54b3-45a8-b5ae-2e8d8890cbef@group-C2BDBBDF155D-FollowerState was interrupted: java.lang.InterruptedException: sleep interrupted
2019-10-17 20:29:15,291 [grpc-default-executor-1] INFO  impl.RoleInfo (RoleInfo.java:updateAndGet(143)) - d81605c5-54b3-45a8-b5ae-2e8d8890cbef: start FollowerState
2019-10-17 20:29:15,291 [grpc-default-executor-2] INFO  impl.RoleInfo (RoleInfo.java:shutdownFollowerState(121)) - 7f29c796-0732-402f-b865-67033766dcba: shutdown FollowerState
2019-10-17 20:29:15,292 [grpc-default-executor-2] INFO  impl.RoleInfo (RoleInfo.java:updateAndGet(143)) - 7f29c796-0732-402f-b865-67033766dcba: start FollowerState
2019-10-17 20:29:15,292 [Thread-3250] INFO  impl.FollowerState (FollowerState.java:run(117)) - 7f29c796-0732-402f-b865-67033766dcba@group-C2BDBBDF155D-FollowerState was interrupted: java.lang.InterruptedException: sleep interrupted
2019-10-17 20:29:15,308 [c07977b7-c8ef-4f3c-80b1-66a07c6e3dcd@group-C2BDBBDF155D-LeaderElection368] INFO  impl.LeaderElection (LeaderElection.java:logAndReturn(56)) - c07977b7-c8ef-4f3c-80b1-66a07c6e3dcd@group-C2BDBBDF155D-LeaderElection368: Election REJECTED; received 2 response(s) [c07977b7-c8ef-4f3c-80b1-66a07c6e3dcd<-d81605c5-54b3-45a8-b5ae-2e8d8890cbef#0:FAIL-t381, c07977b7-c8ef-4f3c-80b1-66a07c6e3dcd<-7f29c796-0732-402f-b865-67033766dcba#0:FAIL-t381] and 0 exception(s); c07977b7-c8ef-4f3c-80b1-66a07c6e3dcd@group-C2BDBBDF155D:t381, leader=null, voted=c07977b7-c8ef-4f3c-80b1-66a07c6e3dcd, raftlog=c07977b7-c8ef-4f3c-80b1-66a07c6e3dcd@group-C2BDBBDF155D-SegmentedRaftLog:OPENED:c-1,f-1,i0, conf=-1: [d81605c5-54b3-45a8-b5ae-2e8d8890cbef:192.168.164.201:42755, 7f29c796-0732-402f-b865-67033766dcba:192.168.164.201:40704, c07977b7-c8ef-4f3c-80b1-66a07c6e3dcd:192.168.164.201:38664], old=null
2019-10-17 20:29:15,308 [c07977b7-c8ef-4f3c-80b1-66a07c6e3dcd@group-C2BDBBDF155D-LeaderElection368] INFO  impl.RaftServerImpl (RaftServerImpl.java:setRole(184)) - c07977b7-c8ef-4f3c-80b1-66a07c6e3dcd@group-C2BDBBDF155D: changes role from CANDIDATE to FOLLOWER at term 381 for DISCOVERED_A_NEW_TERM
2019-10-17 20:29:15,308 [c07977b7-c8ef-4f3c-80b1-66a07c6e3dcd@group-C2BDBBDF155D-LeaderElection368] INFO  impl.RoleInfo (RoleInfo.java:shutdownLeaderElection(134)) - c07977b7-c8ef-4f3c-80b1-66a07c6e3dcd: shutdown LeaderElection
2019-10-17 20:29:15,308 [c07977b7-c8ef-4f3c-80b1-66a07c6e3dcd@group-C2BDBBDF155D-LeaderElection368] INFO  impl.RoleInfo (RoleInfo.java:updateAndGet(143)) - c07977b7-c8ef-4f3c-80b1-66a07c6e3dcd: start FollowerState
2019-10-17 20:29:15,391 [Thread-3257] INFO  impl.FollowerState (FollowerState.java:run(108)) - c07977b7-c8ef-4f3c-80b1-66a07c6e3dcd@group-C2BDBBDF155D-FollowerState: change to CANDIDATE, lastRpcTime:82ms, electionTimeout:82ms
2019-10-17 20:29:15,391 [Thread-3257] INFO  impl.RoleInfo (RoleInfo.java:shutdownFollowerState(121)) - c07977b7-c8ef-4f3c-80b1-66a07c6e3dcd: shutdown FollowerState
2019-10-17 20:29:15,391 [Thread-3257] INFO  impl.RaftServerImpl (RaftServerImpl.java:setRole(184)) - c07977b7-c8ef-4f3c-80b1-66a07c6e3dcd@group-C2BDBBDF155D: changes role from  FOLLOWER to CANDIDATE at term 381 for changeToCandidate
2019-10-17 20:29:15,391 [Thread-3257] INFO  impl.RoleInfo (RoleInfo.java:updateAndGet(143)) - c07977b7-c8ef-4f3c-80b1-66a07c6e3dcd: start LeaderElection
2019-10-17 20:29:15,415 [c07977b7-c8ef-4f3c-80b1-66a07c6e3dcd@group-C2BDBBDF155D-LeaderElection369] INFO  impl.LeaderElection (LeaderElection.java:askForVotes(178)) - c07977b7-c8ef-4f3c-80b1-66a07c6e3dcd@group-C2BDBBDF155D-LeaderElection369: begin an election at term 382 for -1: [d81605c5-54b3-45a8-b5ae-2e8d8890cbef:192.168.164.201:42755, 7f29c796-0732-402f-b865-67033766dcba:192.168.164.201:40704, c07977b7-c8ef-4f3c-80b1-66a07c6e3dcd:192.168.164.201:38664], old=null
2019-10-17 20:29:15,417 [grpc-default-executor-1] INFO  impl.RaftServerImpl (RaftServerImpl.java:setRole(184)) - 7f29c796-0732-402f-b865-67033766dcba@group-C2BDBBDF155D: changes role from  FOLLOWER to FOLLOWER at term 382 for recognizeCandidate:c07977b7-c8ef-4f3c-80b1-66a07c6e3dcd
2019-10-17 20:29:15,417 [grpc-default-executor-2] INFO  impl.RaftServerImpl (RaftServerImpl.java:setRole(184)) - d81605c5-54b3-45a8-b5ae-2e8d8890cbef@group-C2BDBBDF155D: changes role from  FOLLOWER to FOLLOWER at term 382 for recognizeCandidate:c07977b7-c8ef-4f3c-80b1-66a07c6e3dcd
2019-10-17 20:29:15,417 [grpc-default-executor-1] INFO  impl.RoleInfo (RoleInfo.java:shutdownFollowerState(121)) - 7f29c796-0732-402f-b865-67033766dcba: shutdown FollowerState
2019-10-17 20:29:15,418 [grpc-default-executor-2] INFO  impl.RoleInfo (RoleInfo.java:shutdownFollowerState(121)) - d81605c5-54b3-45a8-b5ae-2e8d8890cbef: shutdown FollowerState
2019-10-17 20:29:15,418 [Thread-3256] INFO  impl.FollowerState (FollowerState.java:run(117)) - 7f29c796-0732-402f-b865-67033766dcba@group-C2BDBBDF155D-FollowerState was interrupted: java.lang.InterruptedException: sleep interrupted
2019-10-17 20:29:15,418 [grpc-default-executor-1] INFO  impl.RoleInfo (RoleInfo.java:updateAndGet(143)) - 7f29c796-0732-402f-b865-67033766dcba: start FollowerState
2019-10-17 20:29:15,418 [Thread-3255] INFO  impl.FollowerState (FollowerState.java:run(117)) - d81605c5-54b3-45a8-b5ae-2e8d8890cbef@group-C2BDBBDF155D-FollowerState was interrupted: java.lang.InterruptedException: sleep interrupted
2019-10-17 20:29:15,418 [grpc-default-executor-2] INFO  impl.RoleInfo (RoleInfo.java:updateAndGet(143)) - d81605c5-54b3-45a8-b5ae-2e8d8890cbef: start FollowerState
2019-10-17 20:29:15,448 [c07977b7-c8ef-4f3c-80b1-66a07c6e3dcd@group-C2BDBBDF155D-LeaderElection369] INFO  impl.LeaderElection (LeaderElection.java:logAndReturn(56)) - c07977b7-c8ef-4f3c-80b1-66a07c6e3dcd@group-C2BDBBDF155D-LeaderElection369: Election REJECTED; received 2 response(s) [c07977b7-c8ef-4f3c-80b1-66a07c6e3dcd<-d81605c5-54b3-45a8-b5ae-2e8d8890cbef#0:FAIL-t382, c07977b7-c8ef-4f3c-80b1-66a07c6e3dcd<-7f29c796-0732-402f-b865-67033766dcba#0:FAIL-t382] and 0 exception(s); c07977b7-c8ef-4f3c-80b1-66a07c6e3dcd@group-C2BDBBDF155D:t382, leader=null, voted=c07977b7-c8ef-4f3c-80b1-66a07c6e3dcd, raftlog=c07977b7-c8ef-4f3c-80b1-66a07c6e3dcd@group-C2BDBBDF155D-SegmentedRaftLog:OPENED:c-1,f-1,i0, conf=-1: [d81605c5-54b3-45a8-b5ae-2e8d8890cbef:192.168.164.201:42755, 7f29c796-0732-402f-b865-67033766dcba:192.168.164.201:40704, c07977b7-c8ef-4f3c-80b1-66a07c6e3dcd:192.168.164.201:38664], old=null
2019-10-17 20:29:15,448 [c07977b7-c8ef-4f3c-80b1-66a07c6e3dcd@group-C2BDBBDF155D-LeaderElection369] INFO  impl.RaftServerImpl (RaftServerImpl.java:setRole(184)) - c07977b7-c8ef-4f3c-80b1-66a07c6e3dcd@group-C2BDBBDF155D: changes role from CANDIDATE to FOLLOWER at term 382 for DISCOVERED_A_NEW_TERM
2019-10-17 20:29:15,448 [c07977b7-c8ef-4f3c-80b1-66a07c6e3dcd@group-C2BDBBDF155D-LeaderElection369] INFO  impl.RoleInfo (RoleInfo.java:shutdownLeaderElection(134)) - c07977b7-c8ef-4f3c-80b1-66a07c6e3dcd: shutdown LeaderElection
2019-10-17 20:29:15,448 [c07977b7-c8ef-4f3c-80b1-66a07c6e3dcd@group-C2BDBBDF155D-LeaderElection369] INFO  impl.RoleInfo (RoleInfo.java:updateAndGet(143)) - c07977b7-c8ef-4f3c-80b1-66a07c6e3dcd: start FollowerState
2019-10-17 20:29:15,595 [Thread-3263] INFO  impl.FollowerState (FollowerState.java:run(108)) - c07977b7-c8ef-4f3c-80b1-66a07c6e3dcd@group-C2BDBBDF155D-FollowerState: change to CANDIDATE, lastRpcTime:147ms, electionTimeout:147ms
2019-10-17 20:29:15,596 [Thread-3263] INFO  impl.RoleInfo (RoleInfo.java:shutdownFollowerState(121)) - c07977b7-c8ef-4f3c-80b1-66a07c6e3dcd: shutdown FollowerState
2019-10-17 20:29:15,596 [Thread-3263] INFO  impl.RaftServerImpl (RaftServerImpl.java:setRole(184)) - c07977b7-c8ef-4f3c-80b1-66a07c6e3dcd@group-C2BDBBDF155D: changes role from  FOLLOWER to CANDIDATE at term 382 for changeToCandidate
2019-10-17 20:29:15,596 [Thread-3263] INFO  impl.RoleInfo (RoleInfo.java:updateAndGet(143)) - c07977b7-c8ef-4f3c-80b1-66a07c6e3dcd: start LeaderElection
2019-10-17 20:29:15,631 [c07977b7-c8ef-4f3c-80b1-66a07c6e3dcd@group-C2BDBBDF155D-LeaderElection370] INFO  impl.LeaderElection (LeaderElection.java:askForVotes(178)) - c07977b7-c8ef-4f3c-80b1-66a07c6e3dcd@group-C2BDBBDF155D-LeaderElection370: begin an election at term 383 for -1: [d81605c5-54b3-45a8-b5ae-2e8d8890cbef:192.168.164.201:42755, 7f29c796-0732-402f-b865-67033766dcba:192.168.164.201:40704, c07977b7-c8ef-4f3c-80b1-66a07c6e3dcd:192.168.164.201:38664], old=null
2019-10-17 20:29:15,633 [grpc-default-executor-1] INFO  impl.RaftServerImpl (RaftServerImpl.java:setRole(184)) - d81605c5-54b3-45a8-b5ae-2e8d8890cbef@group-C2BDBBDF155D: changes role from  FOLLOWER to FOLLOWER at term 383 for recognizeCandidate:c07977b7-c8ef-4f3c-80b1-66a07c6e3dcd
2019-10-17 20:29:15,633 [grpc-default-executor-1] INFO  impl.RoleInfo (RoleInfo.java:shutdownFollowerState(121)) - d81605c5-54b3-45a8-b5ae-2e8d8890cbef: shutdown FollowerState
2019-10-17 20:29:15,633 [grpc-default-executor-1] INFO  impl.RoleInfo (RoleInfo.java:updateAndGet(143)) - d81605c5-54b3-45a8-b5ae-2e8d8890cbef: start FollowerState
2019-10-17 20:29:15,633 [grpc-default-executor-2] INFO  impl.RaftServerImpl (RaftServerImpl.java:setRole(184)) - 7f29c796-0732-402f-b865-67033766dcba@group-C2BDBBDF155D: changes role from  FOLLOWER to FOLLOWER at term 383 for recognizeCandidate:c07977b7-c8ef-4f3c-80b1-66a07c6e3dcd
2019-10-17 20:29:15,633 [grpc-default-executor-2] INFO  impl.RoleInfo (RoleInfo.java:shutdownFollowerState(121)) - 7f29c796-0732-402f-b865-67033766dcba: shutdown FollowerState
2019-10-17 20:29:15,634 [grpc-default-executor-2] INFO  impl.RoleInfo (RoleInfo.java:updateAndGet(143)) - 7f29c796-0732-402f-b865-67033766dcba: start FollowerState
2019-10-17 20:29:15,633 [Thread-3262] INFO  impl.FollowerState (FollowerState.java:run(117)) - d81605c5-54b3-45a8-b5ae-2e8d8890cbef@group-C2BDBBDF155D-FollowerState was interrupted: java.lang.InterruptedException: sleep interrupted
2019-10-17 20:29:15,634 [Thread-3261] INFO  impl.FollowerState (FollowerState.java:run(117)) - 7f29c796-0732-402f-b865-67033766dcba@group-C2BDBBDF155D-FollowerState was interrupted: java.lang.InterruptedException: sleep interrupted
2019-10-17 20:29:15,657 [c07977b7-c8ef-4f3c-80b1-66a07c6e3dcd@group-C2BDBBDF155D-LeaderElection370] INFO  impl.LeaderElection (LeaderElection.java:logAndReturn(56)) - c07977b7-c8ef-4f3c-80b1-66a07c6e3dcd@group-C2BDBBDF155D-LeaderElection370: Election REJECTED; received 2 response(s) [c07977b7-c8ef-4f3c-80b1-66a07c6e3dcd<-d81605c5-54b3-45a8-b5ae-2e8d8890cbef#0:FAIL-t383, c07977b7-c8ef-4f3c-80b1-66a07c6e3dcd<-7f29c796-0732-402f-b865-67033766dcba#0:FAIL-t383] and 0 exception(s); c07977b7-c8ef-4f3c-80b1-66a07c6e3dcd@group-C2BDBBDF155D:t383, leader=null, voted=c07977b7-c8ef-4f3c-80b1-66a07c6e3dcd, raftlog=c07977b7-c8ef-4f3c-80b1-66a07c6e3dcd@group-C2BDBBDF155D-SegmentedRaftLog:OPENED:c-1,f-1,i0, conf=-1: [d81605c5-54b3-45a8-b5ae-2e8d8890cbef:192.168.164.201:42755, 7f29c796-0732-402f-b865-67033766dcba:192.168.164.201:40704, c07977b7-c8ef-4f3c-80b1-66a07c6e3dcd:192.168.164.201:38664], old=null
2019-10-17 20:29:15,657 [c07977b7-c8ef-4f3c-80b1-66a07c6e3dcd@group-C2BDBBDF155D-LeaderElection370] INFO  impl.RaftServerImpl (RaftServerImpl.java:setRole(184)) - c07977b7-c8ef-4f3c-80b1-66a07c6e3dcd@group-C2BDBBDF155D: changes role from CANDIDATE to FOLLOWER at term 383 for DISCOVERED_A_NEW_TERM
2019-10-17 20:29:15,657 [c07977b7-c8ef-4f3c-80b1-66a07c6e3dcd@group-C2BDBBDF155D-LeaderElection370] INFO  impl.RoleInfo (RoleInfo.java:shutdownLeaderElection(134)) - c07977b7-c8ef-4f3c-80b1-66a07c6e3dcd: shutdown LeaderElection
2019-10-17 20:29:15,657 [c07977b7-c8ef-4f3c-80b1-66a07c6e3dcd@group-C2BDBBDF155D-LeaderElection370] INFO  impl.RoleInfo (RoleInfo.java:updateAndGet(143)) - c07977b7-c8ef-4f3c-80b1-66a07c6e3dcd: start FollowerState
2019-10-17 20:29:15,818 [Thread-3269] INFO  impl.FollowerState (FollowerState.java:run(108)) - c07977b7-c8ef-4f3c-80b1-66a07c6e3dcd@group-C2BDBBDF155D-FollowerState: change to CANDIDATE, lastRpcTime:160ms, electionTimeout:160ms
2019-10-17 20:29:15,818 [Thread-3269] INFO  impl.RoleInfo (RoleInfo.java:shutdownFollowerState(121)) - c07977b7-c8ef-4f3c-80b1-66a07c6e3dcd: shutdown FollowerState
2019-10-17 20:29:15,818 [Thread-3269] INFO  impl.RaftServerImpl (RaftServerImpl.java:setRole(184)) - c07977b7-c8ef-4f3c-80b1-66a07c6e3dcd@group-C2BDBBDF155D: changes role from  FOLLOWER to CANDIDATE at term 383 for changeToCandidate
2019-10-17 20:29:15,818 [Thread-3269] INFO  impl.RoleInfo (RoleInfo.java:updateAndGet(143)) - c07977b7-c8ef-4f3c-80b1-66a07c6e3dcd: start LeaderElection
2019-10-17 20:29:15,848 [c07977b7-c8ef-4f3c-80b1-66a07c6e3dcd@group-C2BDBBDF155D-LeaderElection371] INFO  impl.LeaderElection (LeaderElection.java:askForVotes(178)) - c07977b7-c8ef-4f3c-80b1-66a07c6e3dcd@group-C2BDBBDF155D-LeaderElection371: begin an election at term 384 for -1: [d81605c5-54b3-45a8-b5ae-2e8d8890cbef:192.168.164.201:42755, 7f29c796-0732-402f-b865-67033766dcba:192.168.164.201:40704, c07977b7-c8ef-4f3c-80b1-66a07c6e3dcd:192.168.164.201:38664], old=null
2019-10-17 20:29:15,850 [grpc-default-executor-2] INFO  impl.RaftServerImpl (RaftServerImpl.java:setRole(184)) - d81605c5-54b3-45a8-b5ae-2e8d8890cbef@group-C2BDBBDF155D: changes role from  FOLLOWER to FOLLOWER at term 384 for recognizeCandidate:c07977b7-c8ef-4f3c-80b1-66a07c6e3dcd
2019-10-17 20:29:15,850 [grpc-default-executor-1] INFO  impl.RaftServerImpl (RaftServerImpl.java:setRole(184)) - 7f29c796-0732-402f-b865-67033766dcba@group-C2BDBBDF155D: changes role from  FOLLOWER to FOLLOWER at term 384 for recognizeCandidate:c07977b7-c8ef-4f3c-80b1-66a07c6e3dcd
2019-10-17 20:29:15,851 [grpc-default-executor-1] INFO  impl.RoleInfo (RoleInfo.java:shutdownFollowerState(121)) - 7f29c796-0732-402f-b865-67033766dcba: shutdown FollowerState
2019-10-17 20:29:15,850 [grpc-default-executor-2] INFO  impl.RoleInfo (RoleInfo.java:shutdownFollowerState(121)) - d81605c5-54b3-45a8-b5ae-2e8d8890cbef: shutdown FollowerState
2019-10-17 20:29:15,851 [Thread-3268] INFO  impl.FollowerState (FollowerState.java:run(117)) - 7f29c796-0732-402f-b865-67033766dcba@group-C2BDBBDF155D-FollowerState was interrupted: java.lang.InterruptedException: sleep interrupted
2019-10-17 20:29:15,851 [grpc-default-executor-1] INFO  impl.RoleInfo (RoleInfo.java:updateAndGet(143)) - 7f29c796-0732-402f-b865-67033766dcba: start FollowerState
2019-10-17 20:29:15,851 [Thread-3267] INFO  impl.FollowerState (FollowerState.java:run(117)) - d81605c5-54b3-45a8-b5ae-2e8d8890cbef@group-C2BDBBDF155D-FollowerState was interrupted: java.lang.InterruptedException: sleep interrupted
2019-10-17 20:29:15,851 [grpc-default-executor-2] INFO  impl.RoleInfo (RoleInfo.java:updateAndGet(143)) - d81605c5-54b3-45a8-b5ae-2e8d8890cbef: start FollowerState
2019-10-17 20:29:15,874 [c07977b7-c8ef-4f3c-80b1-66a07c6e3dcd@group-C2BDBBDF155D-LeaderElection371] INFO  impl.LeaderElection (LeaderElection.java:logAndReturn(56)) - c07977b7-c8ef-4f3c-80b1-66a07c6e3dcd@group-C2BDBBDF155D-LeaderElection371: Election REJECTED; received 2 response(s) [c07977b7-c8ef-4f3c-80b1-66a07c6e3dcd<-d81605c5-54b3-45a8-b5ae-2e8d8890cbef#0:FAIL-t384, c07977b7-c8ef-4f3c-80b1-66a07c6e3dcd<-7f29c796-0732-402f-b865-67033766dcba#0:FAIL-t384] and 0 exception(s); c07977b7-c8ef-4f3c-80b1-66a07c6e3dcd@group-C2BDBBDF155D:t384, leader=null, voted=c07977b7-c8ef-4f3c-80b1-66a07c6e3dcd, raftlog=c07977b7-c8ef-4f3c-80b1-66a07c6e3dcd@group-C2BDBBDF155D-SegmentedRaftLog:OPENED:c-1,f-1,i0, conf=-1: [d81605c5-54b3-45a8-b5ae-2e8d8890cbef:192.168.164.201:42755, 7f29c796-0732-402f-b865-67033766dcba:192.168.164.201:40704, c07977b7-c8ef-4f3c-80b1-66a07c6e3dcd:192.168.164.201:38664], old=null
2019-10-17 20:29:15,874 [c07977b7-c8ef-4f3c-80b1-66a07c6e3dcd@group-C2BDBBDF155D-LeaderElection371] INFO  impl.RaftServerImpl (RaftServerImpl.java:setRole(184)) - c07977b7-c8ef-4f3c-80b1-66a07c6e3dcd@group-C2BDBBDF155D: changes role from CANDIDATE to FOLLOWER at term 384 for DISCOVERED_A_NEW_TERM
2019-10-17 20:29:15,874 [c07977b7-c8ef-4f3c-80b1-66a07c6e3dcd@group-C2BDBBDF155D-LeaderElection371] INFO  impl.RoleInfo (RoleInfo.java:shutdownLeaderElection(134)) - c07977b7-c8ef-4f3c-80b1-66a07c6e3dcd: shutdown LeaderElection
2019-10-17 20:29:15,874 [c07977b7-c8ef-4f3c-80b1-66a07c6e3dcd@group-C2BDBBDF155D-LeaderElection371] INFO  impl.RoleInfo (RoleInfo.java:updateAndGet(143)) - c07977b7-c8ef-4f3c-80b1-66a07c6e3dcd: start FollowerState
2019-10-17 20:29:15,881 [Thread-3275] INFO  impl.FollowerState (FollowerState.java:run(108)) - c07977b7-c8ef-4f3c-80b1-66a07c6e3dcd@group-C2BDBBDF155D-FollowerState: change to CANDIDATE, lastRpcTime:6ms, electionTimeout:6ms
2019-10-17 20:29:15,881 [Thread-3275] INFO  impl.RoleInfo (RoleInfo.java:shutdownFollowerState(121)) - c07977b7-c8ef-4f3c-80b1-66a07c6e3dcd: shutdown FollowerState
2019-10-17 20:29:15,881 [Thread-3275] INFO  impl.RaftServerImpl (RaftServerImpl.java:setRole(184)) - c07977b7-c8ef-4f3c-80b1-66a07c6e3dcd@group-C2BDBBDF155D: changes role from  FOLLOWER to CANDIDATE at term 384 for changeToCandidate
2019-10-17 20:29:15,881 [Thread-3275] INFO  impl.RoleInfo (RoleInfo.java:updateAndGet(143)) - c07977b7-c8ef-4f3c-80b1-66a07c6e3dcd: start LeaderElection
2019-10-17 20:29:15,890 [Datanode State Machine Thread - 0] INFO  statemachine.DatanodeStateMachine (DatanodeStateMachine.java:lambda$startDaemon$0(350)) - Ozone container server started.
2019-10-17 20:29:15,892 [Datanode State Machine Thread - 0] INFO  statemachine.DatanodeStateMachine (DatanodeStateMachine.java:lambda$startDaemon$0(350)) - Ozone container server started.
2019-10-17 20:29:15,915 [c07977b7-c8ef-4f3c-80b1-66a07c6e3dcd@group-C2BDBBDF155D-LeaderElection372] INFO  impl.LeaderElection (LeaderElection.java:askForVotes(178)) - c07977b7-c8ef-4f3c-80b1-66a07c6e3dcd@group-C2BDBBDF155D-LeaderElection372: begin an election at term 385 for -1: [d81605c5-54b3-45a8-b5ae-2e8d8890cbef:192.168.164.201:42755, 7f29c796-0732-402f-b865-67033766dcba:192.168.164.201:40704, c07977b7-c8ef-4f3c-80b1-66a07c6e3dcd:192.168.164.201:38664], old=null
2019-10-17 20:29:15,918 [grpc-default-executor-2] INFO  impl.RaftServerImpl (RaftServerImpl.java:setRole(184)) - d81605c5-54b3-45a8-b5ae-2e8d8890cbef@group-C2BDBBDF155D: changes role from  FOLLOWER to FOLLOWER at term 385 for recognizeCandidate:c07977b7-c8ef-4f3c-80b1-66a07c6e3dcd
2019-10-17 20:29:15,918 [grpc-default-executor-2] INFO  impl.RoleInfo (RoleInfo.java:shutdownFollowerState(121)) - d81605c5-54b3-45a8-b5ae-2e8d8890cbef: shutdown FollowerState
2019-10-17 20:29:15,918 [grpc-default-executor-1] INFO  impl.RaftServerImpl (RaftServerImpl.java:setRole(184)) - 7f29c796-0732-402f-b865-67033766dcba@group-C2BDBBDF155D: changes role from  FOLLOWER to FOLLOWER at term 385 for recognizeCandidate:c07977b7-c8ef-4f3c-80b1-66a07c6e3dcd
2019-10-17 20:29:15,918 [Thread-3274] INFO  impl.FollowerState (FollowerState.java:run(117)) - d81605c5-54b3-45a8-b5ae-2e8d8890cbef@group-C2BDBBDF155D-FollowerState was interrupted: java.lang.InterruptedException: sleep interrupted
2019-10-17 20:29:15,918 [grpc-default-executor-2] INFO  impl.RoleInfo (RoleInfo.java:updateAndGet(143)) - d81605c5-54b3-45a8-b5ae-2e8d8890cbef: start FollowerState
2019-10-17 20:29:15,918 [grpc-default-executor-1] INFO  impl.RoleInfo (RoleInfo.java:shutdownFollowerState(121)) - 7f29c796-0732-402f-b865-67033766dcba: shutdown FollowerState
2019-10-17 20:29:15,919 [grpc-default-executor-1] INFO  impl.RoleInfo (RoleInfo.java:updateAndGet(143)) - 7f29c796-0732-402f-b865-67033766dcba: start FollowerState
2019-10-17 20:29:15,919 [Thread-3273] INFO  impl.FollowerState (FollowerState.java:run(117)) - 7f29c796-0732-402f-b865-67033766dcba@group-C2BDBBDF155D-FollowerState was interrupted: java.lang.InterruptedException: sleep interrupted
2019-10-17 20:29:15,937 [c07977b7-c8ef-4f3c-80b1-66a07c6e3dcd@group-C2BDBBDF155D-LeaderElection372] INFO  impl.LeaderElection (LeaderElection.java:logAndReturn(56)) - c07977b7-c8ef-4f3c-80b1-66a07c6e3dcd@group-C2BDBBDF155D-LeaderElection372: Election TIMEOUT; received 0 response(s) [] and 0 exception(s); c07977b7-c8ef-4f3c-80b1-66a07c6e3dcd@group-C2BDBBDF155D:t385, leader=null, voted=c07977b7-c8ef-4f3c-80b1-66a07c6e3dcd, raftlog=c07977b7-c8ef-4f3c-80b1-66a07c6e3dcd@group-C2BDBBDF155D-SegmentedRaftLog:OPENED:c-1,f-1,i0, conf=-1: [d81605c5-54b3-45a8-b5ae-2e8d8890cbef:192.168.164.201:42755, 7f29c796-0732-402f-b865-67033766dcba:192.168.164.201:40704, c07977b7-c8ef-4f3c-80b1-66a07c6e3dcd:192.168.164.201:38664], old=null
2019-10-17 20:29:15,966 [c07977b7-c8ef-4f3c-80b1-66a07c6e3dcd@group-C2BDBBDF155D-LeaderElection372] INFO  impl.LeaderElection (LeaderElection.java:askForVotes(178)) - c07977b7-c8ef-4f3c-80b1-66a07c6e3dcd@group-C2BDBBDF155D-LeaderElection372: begin an election at term 386 for -1: [d81605c5-54b3-45a8-b5ae-2e8d8890cbef:192.168.164.201:42755, 7f29c796-0732-402f-b865-67033766dcba:192.168.164.201:40704, c07977b7-c8ef-4f3c-80b1-66a07c6e3dcd:192.168.164.201:38664], old=null
2019-10-17 20:29:15,968 [grpc-default-executor-2] INFO  impl.RaftServerImpl (RaftServerImpl.java:setRole(184)) - d81605c5-54b3-45a8-b5ae-2e8d8890cbef@group-C2BDBBDF155D: changes role from  FOLLOWER to FOLLOWER at term 386 for recognizeCandidate:c07977b7-c8ef-4f3c-80b1-66a07c6e3dcd
2019-10-17 20:29:15,968 [grpc-default-executor-1] INFO  impl.RaftServerImpl (RaftServerImpl.java:setRole(184)) - 7f29c796-0732-402f-b865-67033766dcba@group-C2BDBBDF155D: changes role from  FOLLOWER to FOLLOWER at term 386 for recognizeCandidate:c07977b7-c8ef-4f3c-80b1-66a07c6e3dcd
2019-10-17 20:29:15,968 [grpc-default-executor-2] INFO  impl.RoleInfo (RoleInfo.java:shutdownFollowerState(121)) - d81605c5-54b3-45a8-b5ae-2e8d8890cbef: shutdown FollowerState
2019-10-17 20:29:15,969 [grpc-default-executor-1] INFO  impl.RoleInfo (RoleInfo.java:shutdownFollowerState(121)) - 7f29c796-0732-402f-b865-67033766dcba: shutdown FollowerState
2019-10-17 20:29:15,969 [Thread-3279] INFO  impl.FollowerState (FollowerState.java:run(117)) - d81605c5-54b3-45a8-b5ae-2e8d8890cbef@group-C2BDBBDF155D-FollowerState was interrupted: java.lang.InterruptedException: sleep interrupted
2019-10-17 20:29:15,969 [Thread-3280] INFO  impl.FollowerState (FollowerState.java:run(117)) - 7f29c796-0732-402f-b865-67033766dcba@group-C2BDBBDF155D-FollowerState was interrupted: java.lang.InterruptedException: sleep interrupted
2019-10-17 20:29:15,969 [grpc-default-executor-2] INFO  impl.RoleInfo (RoleInfo.java:updateAndGet(143)) - d81605c5-54b3-45a8-b5ae-2e8d8890cbef: start FollowerState
2019-10-17 20:29:15,969 [grpc-default-executor-1] INFO  impl.RoleInfo (RoleInfo.java:updateAndGet(143)) - 7f29c796-0732-402f-b865-67033766dcba: start FollowerState
2019-10-17 20:29:15,993 [c07977b7-c8ef-4f3c-80b1-66a07c6e3dcd@group-C2BDBBDF155D-LeaderElection372] INFO  impl.LeaderElection (LeaderElection.java:logAndReturn(56)) - c07977b7-c8ef-4f3c-80b1-66a07c6e3dcd@group-C2BDBBDF155D-LeaderElection372: Election REJECTED; received 2 response(s) [c07977b7-c8ef-4f3c-80b1-66a07c6e3dcd<-d81605c5-54b3-45a8-b5ae-2e8d8890cbef#0:FAIL-t386, c07977b7-c8ef-4f3c-80b1-66a07c6e3dcd<-7f29c796-0732-402f-b865-67033766dcba#0:FAIL-t386] and 0 exception(s); c07977b7-c8ef-4f3c-80b1-66a07c6e3dcd@group-C2BDBBDF155D:t386, leader=null, voted=c07977b7-c8ef-4f3c-80b1-66a07c6e3dcd, raftlog=c07977b7-c8ef-4f3c-80b1-66a07c6e3dcd@group-C2BDBBDF155D-SegmentedRaftLog:OPENED:c-1,f-1,i0, conf=-1: [d81605c5-54b3-45a8-b5ae-2e8d8890cbef:192.168.164.201:42755, 7f29c796-0732-402f-b865-67033766dcba:192.168.164.201:40704, c07977b7-c8ef-4f3c-80b1-66a07c6e3dcd:192.168.164.201:38664], old=null
2019-10-17 20:29:15,993 [c07977b7-c8ef-4f3c-80b1-66a07c6e3dcd@group-C2BDBBDF155D-LeaderElection372] INFO  impl.RaftServerImpl (RaftServerImpl.java:setRole(184)) - c07977b7-c8ef-4f3c-80b1-66a07c6e3dcd@group-C2BDBBDF155D: changes role from CANDIDATE to FOLLOWER at term 386 for DISCOVERED_A_NEW_TERM
2019-10-17 20:29:15,993 [c07977b7-c8ef-4f3c-80b1-66a07c6e3dcd@group-C2BDBBDF155D-LeaderElection372] INFO  impl.RoleInfo (RoleInfo.java:shutdownLeaderElection(134)) - c07977b7-c8ef-4f3c-80b1-66a07c6e3dcd: shutdown LeaderElection
2019-10-17 20:29:15,993 [c07977b7-c8ef-4f3c-80b1-66a07c6e3dcd@group-C2BDBBDF155D-LeaderElection372] INFO  impl.RoleInfo (RoleInfo.java:updateAndGet(143)) - c07977b7-c8ef-4f3c-80b1-66a07c6e3dcd: start FollowerState
2019-10-17 20:29:16,014 [Thread-3285] INFO  impl.FollowerState (FollowerState.java:run(108)) - c07977b7-c8ef-4f3c-80b1-66a07c6e3dcd@group-C2BDBBDF155D-FollowerState: change to CANDIDATE, lastRpcTime:20ms, electionTimeout:20ms
2019-10-17 20:29:16,014 [Thread-3285] INFO  impl.RoleInfo (RoleInfo.java:shutdownFollowerState(121)) - c07977b7-c8ef-4f3c-80b1-66a07c6e3dcd: shutdown FollowerState
2019-10-17 20:29:16,015 [Thread-3285] INFO  impl.RaftServerImpl (RaftServerImpl.java:setRole(184)) - c07977b7-c8ef-4f3c-80b1-66a07c6e3dcd@group-C2BDBBDF155D: changes role from  FOLLOWER to CANDIDATE at term 386 for changeToCandidate
2019-10-17 20:29:16,015 [Thread-3285] INFO  impl.RoleInfo (RoleInfo.java:updateAndGet(143)) - c07977b7-c8ef-4f3c-80b1-66a07c6e3dcd: start LeaderElection
2019-10-17 20:29:16,042 [c07977b7-c8ef-4f3c-80b1-66a07c6e3dcd@group-C2BDBBDF155D-LeaderElection373] INFO  impl.LeaderElection (LeaderElection.java:askForVotes(178)) - c07977b7-c8ef-4f3c-80b1-66a07c6e3dcd@group-C2BDBBDF155D-LeaderElection373: begin an election at term 387 for -1: [d81605c5-54b3-45a8-b5ae-2e8d8890cbef:192.168.164.201:42755, 7f29c796-0732-402f-b865-67033766dcba:192.168.164.201:40704, c07977b7-c8ef-4f3c-80b1-66a07c6e3dcd:192.168.164.201:38664], old=null
2019-10-17 20:29:16,044 [grpc-default-executor-1] INFO  impl.RaftServerImpl (RaftServerImpl.java:setRole(184)) - 7f29c796-0732-402f-b865-67033766dcba@group-C2BDBBDF155D: changes role from  FOLLOWER to FOLLOWER at term 387 for recognizeCandidate:c07977b7-c8ef-4f3c-80b1-66a07c6e3dcd
2019-10-17 20:29:16,044 [grpc-default-executor-2] INFO  impl.RaftServerImpl (RaftServerImpl.java:setRole(184)) - d81605c5-54b3-45a8-b5ae-2e8d8890cbef@group-C2BDBBDF155D: changes role from  FOLLOWER to FOLLOWER at term 387 for recognizeCandidate:c07977b7-c8ef-4f3c-80b1-66a07c6e3dcd
2019-10-17 20:29:16,045 [grpc-default-executor-2] INFO  impl.RoleInfo (RoleInfo.java:shutdownFollowerState(121)) - d81605c5-54b3-45a8-b5ae-2e8d8890cbef: shutdown FollowerState
2019-10-17 20:29:16,045 [grpc-default-executor-1] INFO  impl.RoleInfo (RoleInfo.java:shutdownFollowerState(121)) - 7f29c796-0732-402f-b865-67033766dcba: shutdown FollowerState
2019-10-17 20:29:16,045 [Thread-3283] INFO  impl.FollowerState (FollowerState.java:run(117)) - d81605c5-54b3-45a8-b5ae-2e8d8890cbef@group-C2BDBBDF155D-FollowerState was interrupted: java.lang.InterruptedException: sleep interrupted
2019-10-17 20:29:16,045 [grpc-default-executor-2] INFO  impl.RoleInfo (RoleInfo.java:updateAndGet(143)) - d81605c5-54b3-45a8-b5ae-2e8d8890cbef: start FollowerState
2019-10-17 20:29:16,045 [Thread-3284] INFO  impl.FollowerState (FollowerState.java:run(117)) - 7f29c796-0732-402f-b865-67033766dcba@group-C2BDBBDF155D-FollowerState was interrupted: java.lang.InterruptedException: sleep interrupted
2019-10-17 20:29:16,045 [grpc-default-executor-1] INFO  impl.RoleInfo (RoleInfo.java:updateAndGet(143)) - 7f29c796-0732-402f-b865-67033766dcba: start FollowerState
2019-10-17 20:29:16,047 [c07977b7-c8ef-4f3c-80b1-66a07c6e3dcd@group-C2BDBBDF155D-LeaderElection373] INFO  impl.LeaderElection (LeaderElection.java:logAndReturn(56)) - c07977b7-c8ef-4f3c-80b1-66a07c6e3dcd@group-C2BDBBDF155D-LeaderElection373: Election TIMEOUT; received 0 response(s) [] and 0 exception(s); c07977b7-c8ef-4f3c-80b1-66a07c6e3dcd@group-C2BDBBDF155D:t387, leader=null, voted=c07977b7-c8ef-4f3c-80b1-66a07c6e3dcd, raftlog=c07977b7-c8ef-4f3c-80b1-66a07c6e3dcd@group-C2BDBBDF155D-SegmentedRaftLog:OPENED:c-1,f-1,i0, conf=-1: [d81605c5-54b3-45a8-b5ae-2e8d8890cbef:192.168.164.201:42755, 7f29c796-0732-402f-b865-67033766dcba:192.168.164.201:40704, c07977b7-c8ef-4f3c-80b1-66a07c6e3dcd:192.168.164.201:38664], old=null
2019-10-17 20:29:16,067 [c07977b7-c8ef-4f3c-80b1-66a07c6e3dcd@group-C2BDBBDF155D-LeaderElection373] INFO  impl.LeaderElection (LeaderElection.java:askForVotes(178)) - c07977b7-c8ef-4f3c-80b1-66a07c6e3dcd@group-C2BDBBDF155D-LeaderElection373: begin an election at term 388 for -1: [d81605c5-54b3-45a8-b5ae-2e8d8890cbef:192.168.164.201:42755, 7f29c796-0732-402f-b865-67033766dcba:192.168.164.201:40704, c07977b7-c8ef-4f3c-80b1-66a07c6e3dcd:192.168.164.201:38664], old=null
2019-10-17 20:29:16,069 [grpc-default-executor-1] INFO  impl.RaftServerImpl (RaftServerImpl.java:setRole(184)) - d81605c5-54b3-45a8-b5ae-2e8d8890cbef@group-C2BDBBDF155D: changes role from  FOLLOWER to FOLLOWER at term 388 for recognizeCandidate:c07977b7-c8ef-4f3c-80b1-66a07c6e3dcd
2019-10-17 20:29:16,069 [grpc-default-executor-2] INFO  impl.RaftServerImpl (RaftServerImpl.java:setRole(184)) - 7f29c796-0732-402f-b865-67033766dcba@group-C2BDBBDF155D: changes role from  FOLLOWER to FOLLOWER at term 388 for recognizeCandidate:c07977b7-c8ef-4f3c-80b1-66a07c6e3dcd
2019-10-17 20:29:16,069 [grpc-default-executor-1] INFO  impl.RoleInfo (RoleInfo.java:shutdownFollowerState(121)) - d81605c5-54b3-45a8-b5ae-2e8d8890cbef: shutdown FollowerState
2019-10-17 20:29:16,069 [grpc-default-executor-2] INFO  impl.RoleInfo (RoleInfo.java:shutdownFollowerState(121)) - 7f29c796-0732-402f-b865-67033766dcba: shutdown FollowerState
2019-10-17 20:29:16,069 [Thread-3289] INFO  impl.FollowerState (FollowerState.java:run(117)) - d81605c5-54b3-45a8-b5ae-2e8d8890cbef@group-C2BDBBDF155D-FollowerState was interrupted: java.lang.InterruptedException: sleep interrupted
2019-10-17 20:29:16,069 [grpc-default-executor-1] INFO  impl.RoleInfo (RoleInfo.java:updateAndGet(143)) - d81605c5-54b3-45a8-b5ae-2e8d8890cbef: start FollowerState
2019-10-17 20:29:16,070 [Thread-3290] INFO  impl.FollowerState (FollowerState.java:run(117)) - 7f29c796-0732-402f-b865-67033766dcba@group-C2BDBBDF155D-FollowerState was interrupted: java.lang.InterruptedException: sleep interrupted
2019-10-17 20:29:16,070 [grpc-default-executor-2] INFO  impl.RoleInfo (RoleInfo.java:updateAndGet(143)) - 7f29c796-0732-402f-b865-67033766dcba: start FollowerState
2019-10-17 20:29:16,093 [c07977b7-c8ef-4f3c-80b1-66a07c6e3dcd@group-C2BDBBDF155D-LeaderElection373] INFO  impl.LeaderElection (LeaderElection.java:logAndReturn(56)) - c07977b7-c8ef-4f3c-80b1-66a07c6e3dcd@group-C2BDBBDF155D-LeaderElection373: Election REJECTED; received 2 response(s) [c07977b7-c8ef-4f3c-80b1-66a07c6e3dcd<-d81605c5-54b3-45a8-b5ae-2e8d8890cbef#0:FAIL-t388, c07977b7-c8ef-4f3c-80b1-66a07c6e3dcd<-7f29c796-0732-402f-b865-67033766dcba#0:FAIL-t388] and 0 exception(s); c07977b7-c8ef-4f3c-80b1-66a07c6e3dcd@group-C2BDBBDF155D:t388, leader=null, voted=c07977b7-c8ef-4f3c-80b1-66a07c6e3dcd, raftlog=c07977b7-c8ef-4f3c-80b1-66a07c6e3dcd@group-C2BDBBDF155D-SegmentedRaftLog:OPENED:c-1,f-1,i0, conf=-1: [d81605c5-54b3-45a8-b5ae-2e8d8890cbef:192.168.164.201:42755, 7f29c796-0732-402f-b865-67033766dcba:192.168.164.201:40704, c07977b7-c8ef-4f3c-80b1-66a07c6e3dcd:192.168.164.201:38664], old=null
2019-10-17 20:29:16,094 [c07977b7-c8ef-4f3c-80b1-66a07c6e3dcd@group-C2BDBBDF155D-LeaderElection373] INFO  impl.RaftServerImpl (RaftServerImpl.java:setRole(184)) - c07977b7-c8ef-4f3c-80b1-66a07c6e3dcd@group-C2BDBBDF155D: changes role from CANDIDATE to FOLLOWER at term 388 for DISCOVERED_A_NEW_TERM
2019-10-17 20:29:16,094 [c07977b7-c8ef-4f3c-80b1-66a07c6e3dcd@group-C2BDBBDF155D-LeaderElection373] INFO  impl.RoleInfo (RoleInfo.java:shutdownLeaderElection(134)) - c07977b7-c8ef-4f3c-80b1-66a07c6e3dcd: shutdown LeaderElection
2019-10-17 20:29:16,094 [c07977b7-c8ef-4f3c-80b1-66a07c6e3dcd@group-C2BDBBDF155D-LeaderElection373] INFO  impl.RoleInfo (RoleInfo.java:updateAndGet(143)) - c07977b7-c8ef-4f3c-80b1-66a07c6e3dcd: start FollowerState
2019-10-17 20:29:16,192 [Thread-3295] INFO  impl.FollowerState (FollowerState.java:run(108)) - c07977b7-c8ef-4f3c-80b1-66a07c6e3dcd@group-C2BDBBDF155D-FollowerState: change to CANDIDATE, lastRpcTime:98ms, electionTimeout:98ms
2019-10-17 20:29:16,193 [Thread-3295] INFO  impl.RoleInfo (RoleInfo.java:shutdownFollowerState(121)) - c07977b7-c8ef-4f3c-80b1-66a07c6e3dcd: shutdown FollowerState
2019-10-17 20:29:16,193 [Thread-3295] INFO  impl.RaftServerImpl (RaftServerImpl.java:setRole(184)) - c07977b7-c8ef-4f3c-80b1-66a07c6e3dcd@group-C2BDBBDF155D: changes role from  FOLLOWER to CANDIDATE at term 388 for changeToCandidate
2019-10-17 20:29:16,193 [Thread-3295] INFO  impl.RoleInfo (RoleInfo.java:updateAndGet(143)) - c07977b7-c8ef-4f3c-80b1-66a07c6e3dcd: start LeaderElection
2019-10-17 20:29:16,218 [c07977b7-c8ef-4f3c-80b1-66a07c6e3dcd@group-C2BDBBDF155D-LeaderElection374] INFO  impl.LeaderElection (LeaderElection.java:askForVotes(178)) - c07977b7-c8ef-4f3c-80b1-66a07c6e3dcd@group-C2BDBBDF155D-LeaderElection374: begin an election at term 389 for -1: [d81605c5-54b3-45a8-b5ae-2e8d8890cbef:192.168.164.201:42755, 7f29c796-0732-402f-b865-67033766dcba:192.168.164.201:40704, c07977b7-c8ef-4f3c-80b1-66a07c6e3dcd:192.168.164.201:38664], old=null
2019-10-17 20:29:16,220 [grpc-default-executor-2] INFO  impl.RaftServerImpl (RaftServerImpl.java:setRole(184)) - 7f29c796-0732-402f-b865-67033766dcba@group-C2BDBBDF155D: changes role from  FOLLOWER to FOLLOWER at term 389 for recognizeCandidate:c07977b7-c8ef-4f3c-80b1-66a07c6e3dcd
2019-10-17 20:29:16,220 [grpc-default-executor-2] INFO  impl.RoleInfo (RoleInfo.java:shutdownFollowerState(121)) - 7f29c796-0732-402f-b865-67033766dcba: shutdown FollowerState
2019-10-17 20:29:16,220 [grpc-default-executor-1] INFO  impl.RaftServerImpl (RaftServerImpl.java:setRole(184)) - d81605c5-54b3-45a8-b5ae-2e8d8890cbef@group-C2BDBBDF155D: changes role from  FOLLOWER to FOLLOWER at term 389 for recognizeCandidate:c07977b7-c8ef-4f3c-80b1-66a07c6e3dcd
2019-10-17 20:29:16,221 [grpc-default-executor-1] INFO  impl.RoleInfo (RoleInfo.java:shutdownFollowerState(121)) - d81605c5-54b3-45a8-b5ae-2e8d8890cbef: shutdown FollowerState
2019-10-17 20:29:16,221 [Thread-3294] INFO  impl.FollowerState (FollowerState.java:run(117)) - 7f29c796-0732-402f-b865-67033766dcba@group-C2BDBBDF155D-FollowerState was interrupted: java.lang.InterruptedException: sleep interrupted
2019-10-17 20:29:16,221 [Thread-3293] INFO  impl.FollowerState (FollowerState.java:run(117)) - d81605c5-54b3-45a8-b5ae-2e8d8890cbef@group-C2BDBBDF155D-FollowerState was interrupted: java.lang.InterruptedException: sleep interrupted
2019-10-17 20:29:16,221 [grpc-default-executor-2] INFO  impl.RoleInfo (RoleInfo.java:updateAndGet(143)) - 7f29c796-0732-402f-b865-67033766dcba: start FollowerState
2019-10-17 20:29:16,221 [grpc-default-executor-1] INFO  impl.RoleInfo (RoleInfo.java:updateAndGet(143)) - d81605c5-54b3-45a8-b5ae-2e8d8890cbef: start FollowerState
2019-10-17 20:29:16,245 [c07977b7-c8ef-4f3c-80b1-66a07c6e3dcd@group-C2BDBBDF155D-LeaderElection374] INFO  impl.LeaderElection (LeaderElection.java:logAndReturn(56)) - c07977b7-c8ef-4f3c-80b1-66a07c6e3dcd@group-C2BDBBDF155D-LeaderElection374: Election REJECTED; received 2 response(s) [c07977b7-c8ef-4f3c-80b1-66a07c6e3dcd<-d81605c5-54b3-45a8-b5ae-2e8d8890cbef#0:FAIL-t389, c07977b7-c8ef-4f3c-80b1-66a07c6e3dcd<-7f29c796-0732-402f-b865-67033766dcba#0:FAIL-t389] and 0 exception(s); c07977b7-c8ef-4f3c-80b1-66a07c6e3dcd@group-C2BDBBDF155D:t389, leader=null, voted=c07977b7-c8ef-4f3c-80b1-66a07c6e3dcd, raftlog=c07977b7-c8ef-4f3c-80b1-66a07c6e3dcd@group-C2BDBBDF155D-SegmentedRaftLog:OPENED:c-1,f-1,i0, conf=-1: [d81605c5-54b3-45a8-b5ae-2e8d8890cbef:192.168.164.201:42755, 7f29c796-0732-402f-b865-67033766dcba:192.168.164.201:40704, c07977b7-c8ef-4f3c-80b1-66a07c6e3dcd:192.168.164.201:38664], old=null
2019-10-17 20:29:16,245 [c07977b7-c8ef-4f3c-80b1-66a07c6e3dcd@group-C2BDBBDF155D-LeaderElection374] INFO  impl.RaftServerImpl (RaftServerImpl.java:setRole(184)) - c07977b7-c8ef-4f3c-80b1-66a07c6e3dcd@group-C2BDBBDF155D: changes role from CANDIDATE to FOLLOWER at term 389 for DISCOVERED_A_NEW_TERM
2019-10-17 20:29:16,245 [c07977b7-c8ef-4f3c-80b1-66a07c6e3dcd@group-C2BDBBDF155D-LeaderElection374] INFO  impl.RoleInfo (RoleInfo.java:shutdownLeaderElection(134)) - c07977b7-c8ef-4f3c-80b1-66a07c6e3dcd: shutdown LeaderElection
2019-10-17 20:29:16,245 [c07977b7-c8ef-4f3c-80b1-66a07c6e3dcd@group-C2BDBBDF155D-LeaderElection374] INFO  impl.RoleInfo (RoleInfo.java:updateAndGet(143)) - c07977b7-c8ef-4f3c-80b1-66a07c6e3dcd: start FollowerState
2019-10-17 20:29:16,302 [Thread-3302] INFO  impl.FollowerState (FollowerState.java:run(108)) - c07977b7-c8ef-4f3c-80b1-66a07c6e3dcd@group-C2BDBBDF155D-FollowerState: change to CANDIDATE, lastRpcTime:56ms, electionTimeout:56ms
2019-10-17 20:29:16,302 [Thread-3302] INFO  impl.RoleInfo (RoleInfo.java:shutdownFollowerState(121)) - c07977b7-c8ef-4f3c-80b1-66a07c6e3dcd: shutdown FollowerState
2019-10-17 20:29:16,302 [Thread-3302] INFO  impl.RaftServerImpl (RaftServerImpl.java:setRole(184)) - c07977b7-c8ef-4f3c-80b1-66a07c6e3dcd@group-C2BDBBDF155D: changes role from  FOLLOWER to CANDIDATE at term 389 for changeToCandidate
2019-10-17 20:29:16,302 [Thread-3302] INFO  impl.RoleInfo (RoleInfo.java:updateAndGet(143)) - c07977b7-c8ef-4f3c-80b1-66a07c6e3dcd: start LeaderElection
2019-10-17 20:29:16,320 [c07977b7-c8ef-4f3c-80b1-66a07c6e3dcd@group-C2BDBBDF155D-LeaderElection375] INFO  impl.LeaderElection (LeaderElection.java:askForVotes(178)) - c07977b7-c8ef-4f3c-80b1-66a07c6e3dcd@group-C2BDBBDF155D-LeaderElection375: begin an election at term 390 for -1: [d81605c5-54b3-45a8-b5ae-2e8d8890cbef:192.168.164.201:42755, 7f29c796-0732-402f-b865-67033766dcba:192.168.164.201:40704, c07977b7-c8ef-4f3c-80b1-66a07c6e3dcd:192.168.164.201:38664], old=null
2019-10-17 20:29:16,322 [grpc-default-executor-1] INFO  impl.RaftServerImpl (RaftServerImpl.java:setRole(184)) - 7f29c796-0732-402f-b865-67033766dcba@group-C2BDBBDF155D: changes role from  FOLLOWER to FOLLOWER at term 390 for recognizeCandidate:c07977b7-c8ef-4f3c-80b1-66a07c6e3dcd
2019-10-17 20:29:16,322 [grpc-default-executor-2] INFO  impl.RaftServerImpl (RaftServerImpl.java:setRole(184)) - d81605c5-54b3-45a8-b5ae-2e8d8890cbef@group-C2BDBBDF155D: changes role from  FOLLOWER to FOLLOWER at term 390 for recognizeCandidate:c07977b7-c8ef-4f3c-80b1-66a07c6e3dcd
2019-10-17 20:29:16,322 [grpc-default-executor-1] INFO  impl.RoleInfo (RoleInfo.java:shutdownFollowerState(121)) - 7f29c796-0732-402f-b865-67033766dcba: shutdown FollowerState
2019-10-17 20:29:16,323 [grpc-default-executor-2] INFO  impl.RoleInfo (RoleInfo.java:shutdownFollowerState(121)) - d81605c5-54b3-45a8-b5ae-2e8d8890cbef: shutdown FollowerState
2019-10-17 20:29:16,323 [Thread-3300] INFO  impl.FollowerState (FollowerState.java:run(117)) - 7f29c796-0732-402f-b865-67033766dcba@group-C2BDBBDF155D-FollowerState was interrupted: java.lang.InterruptedException: sleep interrupted
2019-10-17 20:29:16,323 [grpc-default-executor-1] INFO  impl.RoleInfo (RoleInfo.java:updateAndGet(143)) - 7f29c796-0732-402f-b865-67033766dcba: start FollowerState
2019-10-17 20:29:16,323 [grpc-default-executor-2] INFO  impl.RoleInfo (RoleInfo.java:updateAndGet(143)) - d81605c5-54b3-45a8-b5ae-2e8d8890cbef: start FollowerState
2019-10-17 20:29:16,323 [Thread-3301] INFO  impl.FollowerState (FollowerState.java:run(117)) - d81605c5-54b3-45a8-b5ae-2e8d8890cbef@group-C2BDBBDF155D-FollowerState was interrupted: java.lang.InterruptedException: sleep interrupted
2019-10-17 20:29:16,346 [c07977b7-c8ef-4f3c-80b1-66a07c6e3dcd@group-C2BDBBDF155D-LeaderElection375] INFO  impl.LeaderElection (LeaderElection.java:logAndReturn(56)) - c07977b7-c8ef-4f3c-80b1-66a07c6e3dcd@group-C2BDBBDF155D-LeaderElection375: Election REJECTED; received 2 response(s) [c07977b7-c8ef-4f3c-80b1-66a07c6e3dcd<-d81605c5-54b3-45a8-b5ae-2e8d8890cbef#0:FAIL-t390, c07977b7-c8ef-4f3c-80b1-66a07c6e3dcd<-7f29c796-0732-402f-b865-67033766dcba#0:FAIL-t390] and 0 exception(s); c07977b7-c8ef-4f3c-80b1-66a07c6e3dcd@group-C2BDBBDF155D:t390, leader=null, voted=c07977b7-c8ef-4f3c-80b1-66a07c6e3dcd, raftlog=c07977b7-c8ef-4f3c-80b1-66a07c6e3dcd@group-C2BDBBDF155D-SegmentedRaftLog:OPENED:c-1,f-1,i0, conf=-1: [d81605c5-54b3-45a8-b5ae-2e8d8890cbef:192.168.164.201:42755, 7f29c796-0732-402f-b865-67033766dcba:192.168.164.201:40704, c07977b7-c8ef-4f3c-80b1-66a07c6e3dcd:192.168.164.201:38664], old=null
2019-10-17 20:29:16,346 [c07977b7-c8ef-4f3c-80b1-66a07c6e3dcd@group-C2BDBBDF155D-LeaderElection375] INFO  impl.RaftServerImpl (RaftServerImpl.java:setRole(184)) - c07977b7-c8ef-4f3c-80b1-66a07c6e3dcd@group-C2BDBBDF155D: changes role from CANDIDATE to FOLLOWER at term 390 for DISCOVERED_A_NEW_TERM
2019-10-17 20:29:16,346 [c07977b7-c8ef-4f3c-80b1-66a07c6e3dcd@group-C2BDBBDF155D-LeaderElection375] INFO  impl.RoleInfo (RoleInfo.java:shutdownLeaderElection(134)) - c07977b7-c8ef-4f3c-80b1-66a07c6e3dcd: shutdown LeaderElection
2019-10-17 20:29:16,346 [c07977b7-c8ef-4f3c-80b1-66a07c6e3dcd@group-C2BDBBDF155D-LeaderElection375] INFO  impl.RoleInfo (RoleInfo.java:updateAndGet(143)) - c07977b7-c8ef-4f3c-80b1-66a07c6e3dcd: start FollowerState
2019-10-17 20:29:16,353 [Thread-3309] INFO  impl.FollowerState (FollowerState.java:run(108)) - c07977b7-c8ef-4f3c-80b1-66a07c6e3dcd@group-C2BDBBDF155D-FollowerState: change to CANDIDATE, lastRpcTime:6ms, electionTimeout:6ms
2019-10-17 20:29:16,353 [Thread-3309] INFO  impl.RoleInfo (RoleInfo.java:shutdownFollowerState(121)) - c07977b7-c8ef-4f3c-80b1-66a07c6e3dcd: shutdown FollowerState
2019-10-17 20:29:16,353 [Thread-3309] INFO  impl.RaftServerImpl (RaftServerImpl.java:setRole(184)) - c07977b7-c8ef-4f3c-80b1-66a07c6e3dcd@group-C2BDBBDF155D: changes role from  FOLLOWER to CANDIDATE at term 390 for changeToCandidate
2019-10-17 20:29:16,353 [Thread-3309] INFO  impl.RoleInfo (RoleInfo.java:updateAndGet(143)) - c07977b7-c8ef-4f3c-80b1-66a07c6e3dcd: start LeaderElection
2019-10-17 20:29:16,379 [c07977b7-c8ef-4f3c-80b1-66a07c6e3dcd@group-C2BDBBDF155D-LeaderElection376] INFO  impl.LeaderElection (LeaderElection.java:askForVotes(178)) - c07977b7-c8ef-4f3c-80b1-66a07c6e3dcd@group-C2BDBBDF155D-LeaderElection376: begin an election at term 391 for -1: [d81605c5-54b3-45a8-b5ae-2e8d8890cbef:192.168.164.201:42755, 7f29c796-0732-402f-b865-67033766dcba:192.168.164.201:40704, c07977b7-c8ef-4f3c-80b1-66a07c6e3dcd:192.168.164.201:38664], old=null
2019-10-17 20:29:16,380 [grpc-default-executor-1] INFO  impl.RaftServerImpl (RaftServerImpl.java:setRole(184)) - d81605c5-54b3-45a8-b5ae-2e8d8890cbef@group-C2BDBBDF155D: changes role from  FOLLOWER to FOLLOWER at term 391 for recognizeCandidate:c07977b7-c8ef-4f3c-80b1-66a07c6e3dcd
2019-10-17 20:29:16,380 [grpc-default-executor-1] INFO  impl.RoleInfo (RoleInfo.java:shutdownFollowerState(121)) - d81605c5-54b3-45a8-b5ae-2e8d8890cbef: shutdown FollowerState
2019-10-17 20:29:16,381 [grpc-default-executor-1] INFO  impl.RoleInfo (RoleInfo.java:updateAndGet(143)) - d81605c5-54b3-45a8-b5ae-2e8d8890cbef: start FollowerState
2019-10-17 20:29:16,381 [grpc-default-executor-2] INFO  impl.RaftServerImpl (RaftServerImpl.java:setRole(184)) - 7f29c796-0732-402f-b865-67033766dcba@group-C2BDBBDF155D: changes role from  FOLLOWER to FOLLOWER at term 391 for recognizeCandidate:c07977b7-c8ef-4f3c-80b1-66a07c6e3dcd
2019-10-17 20:29:16,381 [grpc-default-executor-2] INFO  impl.RoleInfo (RoleInfo.java:shutdownFollowerState(121)) - 7f29c796-0732-402f-b865-67033766dcba: shutdown FollowerState
2019-10-17 20:29:16,381 [Thread-3308] INFO  impl.FollowerState (FollowerState.java:run(117)) - d81605c5-54b3-45a8-b5ae-2e8d8890cbef@group-C2BDBBDF155D-FollowerState was interrupted: java.lang.InterruptedException: sleep interrupted
2019-10-17 20:29:16,381 [Thread-3307] INFO  impl.FollowerState (FollowerState.java:run(117)) - 7f29c796-0732-402f-b865-67033766dcba@group-C2BDBBDF155D-FollowerState was interrupted: java.lang.InterruptedException: sleep interrupted
2019-10-17 20:29:16,381 [grpc-default-executor-2] INFO  impl.RoleInfo (RoleInfo.java:updateAndGet(143)) - 7f29c796-0732-402f-b865-67033766dcba: start FollowerState
2019-10-17 20:29:16,405 [c07977b7-c8ef-4f3c-80b1-66a07c6e3dcd@group-C2BDBBDF155D-LeaderElection376] INFO  impl.LeaderElection (LeaderElection.java:logAndReturn(56)) - c07977b7-c8ef-4f3c-80b1-66a07c6e3dcd@group-C2BDBBDF155D-LeaderElection376: Election REJECTED; received 2 response(s) [c07977b7-c8ef-4f3c-80b1-66a07c6e3dcd<-d81605c5-54b3-45a8-b5ae-2e8d8890cbef#0:FAIL-t391, c07977b7-c8ef-4f3c-80b1-66a07c6e3dcd<-7f29c796-0732-402f-b865-67033766dcba#0:FAIL-t391] and 0 exception(s); c07977b7-c8ef-4f3c-80b1-66a07c6e3dcd@group-C2BDBBDF155D:t391, leader=null, voted=c07977b7-c8ef-4f3c-80b1-66a07c6e3dcd, raftlog=c07977b7-c8ef-4f3c-80b1-66a07c6e3dcd@group-C2BDBBDF155D-SegmentedRaftLog:OPENED:c-1,f-1,i0, conf=-1: [d81605c5-54b3-45a8-b5ae-2e8d8890cbef:192.168.164.201:42755, 7f29c796-0732-402f-b865-67033766dcba:192.168.164.201:40704, c07977b7-c8ef-4f3c-80b1-66a07c6e3dcd:192.168.164.201:38664], old=null
2019-10-17 20:29:16,405 [c07977b7-c8ef-4f3c-80b1-66a07c6e3dcd@group-C2BDBBDF155D-LeaderElection376] INFO  impl.RaftServerImpl (RaftServerImpl.java:setRole(184)) - c07977b7-c8ef-4f3c-80b1-66a07c6e3dcd@group-C2BDBBDF155D: changes role from CANDIDATE to FOLLOWER at term 391 for DISCOVERED_A_NEW_TERM
2019-10-17 20:29:16,405 [c07977b7-c8ef-4f3c-80b1-66a07c6e3dcd@group-C2BDBBDF155D-LeaderElection376] INFO  impl.RoleInfo (RoleInfo.java:shutdownLeaderElection(134)) - c07977b7-c8ef-4f3c-80b1-66a07c6e3dcd: shutdown LeaderElection
2019-10-17 20:29:16,405 [c07977b7-c8ef-4f3c-80b1-66a07c6e3dcd@group-C2BDBBDF155D-LeaderElection376] INFO  impl.RoleInfo (RoleInfo.java:updateAndGet(143)) - c07977b7-c8ef-4f3c-80b1-66a07c6e3dcd: start FollowerState
2019-10-17 20:29:16,580 [Thread-3316] INFO  impl.FollowerState (FollowerState.java:run(108)) - c07977b7-c8ef-4f3c-80b1-66a07c6e3dcd@group-C2BDBBDF155D-FollowerState: change to CANDIDATE, lastRpcTime:174ms, electionTimeout:174ms
2019-10-17 20:29:16,580 [Thread-3316] INFO  impl.RoleInfo (RoleInfo.java:shutdownFollowerState(121)) - c07977b7-c8ef-4f3c-80b1-66a07c6e3dcd: shutdown FollowerState
2019-10-17 20:29:16,580 [Thread-3316] INFO  impl.RaftServerImpl (RaftServerImpl.java:setRole(184)) - c07977b7-c8ef-4f3c-80b1-66a07c6e3dcd@group-C2BDBBDF155D: changes role from  FOLLOWER to CANDIDATE at term 391 for changeToCandidate
2019-10-17 20:29:16,580 [Thread-3316] INFO  impl.RoleInfo (RoleInfo.java:updateAndGet(143)) - c07977b7-c8ef-4f3c-80b1-66a07c6e3dcd: start LeaderElection
2019-10-17 20:29:16,605 [c07977b7-c8ef-4f3c-80b1-66a07c6e3dcd@group-C2BDBBDF155D-LeaderElection377] INFO  impl.LeaderElection (LeaderElection.java:askForVotes(178)) - c07977b7-c8ef-4f3c-80b1-66a07c6e3dcd@group-C2BDBBDF155D-LeaderElection377: begin an election at term 392 for -1: [d81605c5-54b3-45a8-b5ae-2e8d8890cbef:192.168.164.201:42755, 7f29c796-0732-402f-b865-67033766dcba:192.168.164.201:40704, c07977b7-c8ef-4f3c-80b1-66a07c6e3dcd:192.168.164.201:38664], old=null
2019-10-17 20:29:16,607 [grpc-default-executor-2] INFO  impl.RaftServerImpl (RaftServerImpl.java:setRole(184)) - d81605c5-54b3-45a8-b5ae-2e8d8890cbef@group-C2BDBBDF155D: changes role from  FOLLOWER to FOLLOWER at term 392 for recognizeCandidate:c07977b7-c8ef-4f3c-80b1-66a07c6e3dcd
2019-10-17 20:29:16,607 [grpc-default-executor-2] INFO  impl.RoleInfo (RoleInfo.java:shutdownFollowerState(121)) - d81605c5-54b3-45a8-b5ae-2e8d8890cbef: shutdown FollowerState
2019-10-17 20:29:16,607 [grpc-default-executor-1] INFO  impl.RaftServerImpl (RaftServerImpl.java:setRole(184)) - 7f29c796-0732-402f-b865-67033766dcba@group-C2BDBBDF155D: changes role from  FOLLOWER to FOLLOWER at term 392 for recognizeCandidate:c07977b7-c8ef-4f3c-80b1-66a07c6e3dcd
2019-10-17 20:29:16,607 [Thread-3314] INFO  impl.FollowerState (FollowerState.java:run(117)) - d81605c5-54b3-45a8-b5ae-2e8d8890cbef@group-C2BDBBDF155D-FollowerState was interrupted: java.lang.InterruptedException: sleep interrupted
2019-10-17 20:29:16,607 [grpc-default-executor-2] INFO  impl.RoleInfo (RoleInfo.java:updateAndGet(143)) - d81605c5-54b3-45a8-b5ae-2e8d8890cbef: start FollowerState
2019-10-17 20:29:16,608 [grpc-default-executor-1] INFO  impl.RoleInfo (RoleInfo.java:shutdownFollowerState(121)) - 7f29c796-0732-402f-b865-67033766dcba: shutdown FollowerState
2019-10-17 20:29:16,608 [grpc-default-executor-1] INFO  impl.RoleInfo (RoleInfo.java:updateAndGet(143)) - 7f29c796-0732-402f-b865-67033766dcba: start FollowerState
2019-10-17 20:29:16,608 [Thread-3315] INFO  impl.FollowerState (FollowerState.java:run(117)) - 7f29c796-0732-402f-b865-67033766dcba@group-C2BDBBDF155D-FollowerState was interrupted: java.lang.InterruptedException: sleep interrupted
2019-10-17 20:29:16,631 [c07977b7-c8ef-4f3c-80b1-66a07c6e3dcd@group-C2BDBBDF155D-LeaderElection377] INFO  impl.LeaderElection (LeaderElection.java:logAndReturn(56)) - c07977b7-c8ef-4f3c-80b1-66a07c6e3dcd@group-C2BDBBDF155D-LeaderElection377: Election REJECTED; received 2 response(s) [c07977b7-c8ef-4f3c-80b1-66a07c6e3dcd<-d81605c5-54b3-45a8-b5ae-2e8d8890cbef#0:FAIL-t392, c07977b7-c8ef-4f3c-80b1-66a07c6e3dcd<-7f29c796-0732-402f-b865-67033766dcba#0:FAIL-t392] and 0 exception(s); c07977b7-c8ef-4f3c-80b1-66a07c6e3dcd@group-C2BDBBDF155D:t392, leader=null, voted=c07977b7-c8ef-4f3c-80b1-66a07c6e3dcd, raftlog=c07977b7-c8ef-4f3c-80b1-66a07c6e3dcd@group-C2BDBBDF155D-SegmentedRaftLog:OPENED:c-1,f-1,i0, conf=-1: [d81605c5-54b3-45a8-b5ae-2e8d8890cbef:192.168.164.201:42755, 7f29c796-0732-402f-b865-67033766dcba:192.168.164.201:40704, c07977b7-c8ef-4f3c-80b1-66a07c6e3dcd:192.168.164.201:38664], old=null
2019-10-17 20:29:16,631 [c07977b7-c8ef-4f3c-80b1-66a07c6e3dcd@group-C2BDBBDF155D-LeaderElection377] INFO  impl.RaftServerImpl (RaftServerImpl.java:setRole(184)) - c07977b7-c8ef-4f3c-80b1-66a07c6e3dcd@group-C2BDBBDF155D: changes role from CANDIDATE to FOLLOWER at term 392 for DISCOVERED_A_NEW_TERM
2019-10-17 20:29:16,631 [c07977b7-c8ef-4f3c-80b1-66a07c6e3dcd@group-C2BDBBDF155D-LeaderElection377] INFO  impl.RoleInfo (RoleInfo.java:shutdownLeaderElection(134)) - c07977b7-c8ef-4f3c-80b1-66a07c6e3dcd: shutdown LeaderElection
2019-10-17 20:29:16,631 [c07977b7-c8ef-4f3c-80b1-66a07c6e3dcd@group-C2BDBBDF155D-LeaderElection377] INFO  impl.RoleInfo (RoleInfo.java:updateAndGet(143)) - c07977b7-c8ef-4f3c-80b1-66a07c6e3dcd: start FollowerState
2019-10-17 20:29:16,823 [Thread-3322] INFO  impl.FollowerState (FollowerState.java:run(108)) - c07977b7-c8ef-4f3c-80b1-66a07c6e3dcd@group-C2BDBBDF155D-FollowerState: change to CANDIDATE, lastRpcTime:191ms, electionTimeout:191ms
2019-10-17 20:29:16,823 [Thread-3322] INFO  impl.RoleInfo (RoleInfo.java:shutdownFollowerState(121)) - c07977b7-c8ef-4f3c-80b1-66a07c6e3dcd: shutdown FollowerState
2019-10-17 20:29:16,823 [Thread-3322] INFO  impl.RaftServerImpl (RaftServerImpl.java:setRole(184)) - c07977b7-c8ef-4f3c-80b1-66a07c6e3dcd@group-C2BDBBDF155D: changes role from  FOLLOWER to CANDIDATE at term 392 for changeToCandidate
2019-10-17 20:29:16,823 [Thread-3322] INFO  impl.RoleInfo (RoleInfo.java:updateAndGet(143)) - c07977b7-c8ef-4f3c-80b1-66a07c6e3dcd: start LeaderElection
2019-10-17 20:29:16,848 [c07977b7-c8ef-4f3c-80b1-66a07c6e3dcd@group-C2BDBBDF155D-LeaderElection378] INFO  impl.LeaderElection (LeaderElection.java:askForVotes(178)) - c07977b7-c8ef-4f3c-80b1-66a07c6e3dcd@group-C2BDBBDF155D-LeaderElection378: begin an election at term 393 for -1: [d81605c5-54b3-45a8-b5ae-2e8d8890cbef:192.168.164.201:42755, 7f29c796-0732-402f-b865-67033766dcba:192.168.164.201:40704, c07977b7-c8ef-4f3c-80b1-66a07c6e3dcd:192.168.164.201:38664], old=null
2019-10-17 20:29:16,851 [grpc-default-executor-2] INFO  impl.RaftServerImpl (RaftServerImpl.java:setRole(184)) - 7f29c796-0732-402f-b865-67033766dcba@group-C2BDBBDF155D: changes role from  FOLLOWER to FOLLOWER at term 393 for recognizeCandidate:c07977b7-c8ef-4f3c-80b1-66a07c6e3dcd
2019-10-17 20:29:16,851 [grpc-default-executor-1] INFO  impl.RaftServerImpl (RaftServerImpl.java:setRole(184)) - d81605c5-54b3-45a8-b5ae-2e8d8890cbef@group-C2BDBBDF155D: changes role from  FOLLOWER to FOLLOWER at term 393 for recognizeCandidate:c07977b7-c8ef-4f3c-80b1-66a07c6e3dcd
2019-10-17 20:29:16,851 [grpc-default-executor-1] INFO  impl.RoleInfo (RoleInfo.java:shutdownFollowerState(121)) - d81605c5-54b3-45a8-b5ae-2e8d8890cbef: shutdown FollowerState
2019-10-17 20:29:16,851 [grpc-default-executor-2] INFO  impl.RoleInfo (RoleInfo.java:shutdownFollowerState(121)) - 7f29c796-0732-402f-b865-67033766dcba: shutdown FollowerState
2019-10-17 20:29:16,851 [Thread-3320] INFO  impl.FollowerState (FollowerState.java:run(117)) - d81605c5-54b3-45a8-b5ae-2e8d8890cbef@group-C2BDBBDF155D-FollowerState was interrupted: java.lang.InterruptedException: sleep interrupted
2019-10-17 20:29:16,851 [grpc-default-executor-1] INFO  impl.RoleInfo (RoleInfo.java:updateAndGet(143)) - d81605c5-54b3-45a8-b5ae-2e8d8890cbef: start FollowerState
2019-10-17 20:29:16,851 [Thread-3321] INFO  impl.FollowerState (FollowerState.java:run(117)) - 7f29c796-0732-402f-b865-67033766dcba@group-C2BDBBDF155D-FollowerState was interrupted: java.lang.InterruptedException: sleep interrupted
2019-10-17 20:29:16,851 [grpc-default-executor-2] INFO  impl.RoleInfo (RoleInfo.java:updateAndGet(143)) - 7f29c796-0732-402f-b865-67033766dcba: start FollowerState
2019-10-17 20:29:16,875 [c07977b7-c8ef-4f3c-80b1-66a07c6e3dcd@group-C2BDBBDF155D-LeaderElection378] INFO  impl.LeaderElection (LeaderElection.java:logAndReturn(56)) - c07977b7-c8ef-4f3c-80b1-66a07c6e3dcd@group-C2BDBBDF155D-LeaderElection378: Election REJECTED; received 2 response(s) [c07977b7-c8ef-4f3c-80b1-66a07c6e3dcd<-d81605c5-54b3-45a8-b5ae-2e8d8890cbef#0:FAIL-t393, c07977b7-c8ef-4f3c-80b1-66a07c6e3dcd<-7f29c796-0732-402f-b865-67033766dcba#0:FAIL-t393] and 0 exception(s); c07977b7-c8ef-4f3c-80b1-66a07c6e3dcd@group-C2BDBBDF155D:t393, leader=null, voted=c07977b7-c8ef-4f3c-80b1-66a07c6e3dcd, raftlog=c07977b7-c8ef-4f3c-80b1-66a07c6e3dcd@group-C2BDBBDF155D-SegmentedRaftLog:OPENED:c-1,f-1,i0, conf=-1: [d81605c5-54b3-45a8-b5ae-2e8d8890cbef:192.168.164.201:42755, 7f29c796-0732-402f-b865-67033766dcba:192.168.164.201:40704, c07977b7-c8ef-4f3c-80b1-66a07c6e3dcd:192.168.164.201:38664], old=null
2019-10-17 20:29:16,876 [c07977b7-c8ef-4f3c-80b1-66a07c6e3dcd@group-C2BDBBDF155D-LeaderElection378] INFO  impl.RaftServerImpl (RaftServerImpl.java:setRole(184)) - c07977b7-c8ef-4f3c-80b1-66a07c6e3dcd@group-C2BDBBDF155D: changes role from CANDIDATE to FOLLOWER at term 393 for DISCOVERED_A_NEW_TERM
2019-10-17 20:29:16,876 [c07977b7-c8ef-4f3c-80b1-66a07c6e3dcd@group-C2BDBBDF155D-LeaderElection378] INFO  impl.RoleInfo (RoleInfo.java:shutdownLeaderElection(134)) - c07977b7-c8ef-4f3c-80b1-66a07c6e3dcd: shutdown LeaderElection
2019-10-17 20:29:16,876 [c07977b7-c8ef-4f3c-80b1-66a07c6e3dcd@group-C2BDBBDF155D-LeaderElection378] INFO  impl.RoleInfo (RoleInfo.java:updateAndGet(143)) - c07977b7-c8ef-4f3c-80b1-66a07c6e3dcd: start FollowerState
2019-10-17 20:29:16,954 [Thread-3328] INFO  impl.FollowerState (FollowerState.java:run(108)) - c07977b7-c8ef-4f3c-80b1-66a07c6e3dcd@group-C2BDBBDF155D-FollowerState: change to CANDIDATE, lastRpcTime:78ms, electionTimeout:78ms
2019-10-17 20:29:16,955 [Thread-3328] INFO  impl.RoleInfo (RoleInfo.java:shutdownFollowerState(121)) - c07977b7-c8ef-4f3c-80b1-66a07c6e3dcd: shutdown FollowerState
2019-10-17 20:29:16,955 [Thread-3328] INFO  impl.RaftServerImpl (RaftServerImpl.java:setRole(184)) - c07977b7-c8ef-4f3c-80b1-66a07c6e3dcd@group-C2BDBBDF155D: changes role from  FOLLOWER to CANDIDATE at term 393 for changeToCandidate
2019-10-17 20:29:16,955 [Thread-3328] INFO  impl.RoleInfo (RoleInfo.java:updateAndGet(143)) - c07977b7-c8ef-4f3c-80b1-66a07c6e3dcd: start LeaderElection
2019-10-17 20:29:16,979 [c07977b7-c8ef-4f3c-80b1-66a07c6e3dcd@group-C2BDBBDF155D-LeaderElection379] INFO  impl.LeaderElection (LeaderElection.java:askForVotes(178)) - c07977b7-c8ef-4f3c-80b1-66a07c6e3dcd@group-C2BDBBDF155D-LeaderElection379: begin an election at term 394 for -1: [d81605c5-54b3-45a8-b5ae-2e8d8890cbef:192.168.164.201:42755, 7f29c796-0732-402f-b865-67033766dcba:192.168.164.201:40704, c07977b7-c8ef-4f3c-80b1-66a07c6e3dcd:192.168.164.201:38664], old=null
2019-10-17 20:29:16,981 [grpc-default-executor-2] INFO  impl.RaftServerImpl (RaftServerImpl.java:setRole(184)) - d81605c5-54b3-45a8-b5ae-2e8d8890cbef@group-C2BDBBDF155D: changes role from  FOLLOWER to FOLLOWER at term 394 for recognizeCandidate:c07977b7-c8ef-4f3c-80b1-66a07c6e3dcd
2019-10-17 20:29:16,981 [grpc-default-executor-2] INFO  impl.RoleInfo (RoleInfo.java:shutdownFollowerState(121)) - d81605c5-54b3-45a8-b5ae-2e8d8890cbef: shutdown FollowerState
2019-10-17 20:29:16,981 [grpc-default-executor-1] INFO  impl.RaftServerImpl (RaftServerImpl.java:setRole(184)) - 7f29c796-0732-402f-b865-67033766dcba@group-C2BDBBDF155D: changes role from  FOLLOWER to FOLLOWER at term 394 for recognizeCandidate:c07977b7-c8ef-4f3c-80b1-66a07c6e3dcd
2019-10-17 20:29:16,982 [Thread-3326] INFO  impl.FollowerState (FollowerState.java:run(117)) - d81605c5-54b3-45a8-b5ae-2e8d8890cbef@group-C2BDBBDF155D-FollowerState was interrupted: java.lang.InterruptedException: sleep interrupted
2019-10-17 20:29:16,981 [grpc-default-executor-2] INFO  impl.RoleInfo (RoleInfo.java:updateAndGet(143)) - d81605c5-54b3-45a8-b5ae-2e8d8890cbef: start FollowerState
2019-10-17 20:29:16,982 [grpc-default-executor-1] INFO  impl.RoleInfo (RoleInfo.java:shutdownFollowerState(121)) - 7f29c796-0732-402f-b865-67033766dcba: shutdown FollowerState
2019-10-17 20:29:16,982 [grpc-default-executor-1] INFO  impl.RoleInfo (RoleInfo.java:updateAndGet(143)) - 7f29c796-0732-402f-b865-67033766dcba: start FollowerState
2019-10-17 20:29:16,982 [Thread-3327] INFO  impl.FollowerState (FollowerState.java:run(117)) - 7f29c796-0732-402f-b865-67033766dcba@group-C2BDBBDF155D-FollowerState was interrupted: java.lang.InterruptedException: sleep interrupted
2019-10-17 20:29:17,006 [c07977b7-c8ef-4f3c-80b1-66a07c6e3dcd@group-C2BDBBDF155D-LeaderElection379] INFO  impl.LeaderElection (LeaderElection.java:logAndReturn(56)) - c07977b7-c8ef-4f3c-80b1-66a07c6e3dcd@group-C2BDBBDF155D-LeaderElection379: Election REJECTED; received 2 response(s) [c07977b7-c8ef-4f3c-80b1-66a07c6e3dcd<-d81605c5-54b3-45a8-b5ae-2e8d8890cbef#0:FAIL-t394, c07977b7-c8ef-4f3c-80b1-66a07c6e3dcd<-7f29c796-0732-402f-b865-67033766dcba#0:FAIL-t394] and 0 exception(s); c07977b7-c8ef-4f3c-80b1-66a07c6e3dcd@group-C2BDBBDF155D:t394, leader=null, voted=c07977b7-c8ef-4f3c-80b1-66a07c6e3dcd, raftlog=c07977b7-c8ef-4f3c-80b1-66a07c6e3dcd@group-C2BDBBDF155D-SegmentedRaftLog:OPENED:c-1,f-1,i0, conf=-1: [d81605c5-54b3-45a8-b5ae-2e8d8890cbef:192.168.164.201:42755, 7f29c796-0732-402f-b865-67033766dcba:192.168.164.201:40704, c07977b7-c8ef-4f3c-80b1-66a07c6e3dcd:192.168.164.201:38664], old=null
2019-10-17 20:29:17,006 [c07977b7-c8ef-4f3c-80b1-66a07c6e3dcd@group-C2BDBBDF155D-LeaderElection379] INFO  impl.RaftServerImpl (RaftServerImpl.java:setRole(184)) - c07977b7-c8ef-4f3c-80b1-66a07c6e3dcd@group-C2BDBBDF155D: changes role from CANDIDATE to FOLLOWER at term 394 for DISCOVERED_A_NEW_TERM
2019-10-17 20:29:17,007 [c07977b7-c8ef-4f3c-80b1-66a07c6e3dcd@group-C2BDBBDF155D-LeaderElection379] INFO  impl.RoleInfo (RoleInfo.java:shutdownLeaderElection(134)) - c07977b7-c8ef-4f3c-80b1-66a07c6e3dcd: shutdown LeaderElection
2019-10-17 20:29:17,007 [c07977b7-c8ef-4f3c-80b1-66a07c6e3dcd@group-C2BDBBDF155D-LeaderElection379] INFO  impl.RoleInfo (RoleInfo.java:updateAndGet(143)) - c07977b7-c8ef-4f3c-80b1-66a07c6e3dcd: start FollowerState
2019-10-17 20:29:17,118 [Thread-3334] INFO  impl.FollowerState (FollowerState.java:run(108)) - c07977b7-c8ef-4f3c-80b1-66a07c6e3dcd@group-C2BDBBDF155D-FollowerState: change to CANDIDATE, lastRpcTime:111ms, electionTimeout:111ms
2019-10-17 20:29:17,118 [Thread-3334] INFO  impl.RoleInfo (RoleInfo.java:shutdownFollowerState(121)) - c07977b7-c8ef-4f3c-80b1-66a07c6e3dcd: shutdown FollowerState
2019-10-17 20:29:17,119 [Thread-3334] INFO  impl.RaftServerImpl (RaftServerImpl.java:setRole(184)) - c07977b7-c8ef-4f3c-80b1-66a07c6e3dcd@group-C2BDBBDF155D: changes role from  FOLLOWER to CANDIDATE at term 394 for changeToCandidate
2019-10-17 20:29:17,119 [Thread-3334] INFO  impl.RoleInfo (RoleInfo.java:updateAndGet(143)) - c07977b7-c8ef-4f3c-80b1-66a07c6e3dcd: start LeaderElection
2019-10-17 20:29:17,143 [c07977b7-c8ef-4f3c-80b1-66a07c6e3dcd@group-C2BDBBDF155D-LeaderElection380] INFO  impl.LeaderElection (LeaderElection.java:askForVotes(178)) - c07977b7-c8ef-4f3c-80b1-66a07c6e3dcd@group-C2BDBBDF155D-LeaderElection380: begin an election at term 395 for -1: [d81605c5-54b3-45a8-b5ae-2e8d8890cbef:192.168.164.201:42755, 7f29c796-0732-402f-b865-67033766dcba:192.168.164.201:40704, c07977b7-c8ef-4f3c-80b1-66a07c6e3dcd:192.168.164.201:38664], old=null
2019-10-17 20:29:17,145 [grpc-default-executor-1] INFO  impl.RaftServerImpl (RaftServerImpl.java:setRole(184)) - d81605c5-54b3-45a8-b5ae-2e8d8890cbef@group-C2BDBBDF155D: changes role from  FOLLOWER to FOLLOWER at term 395 for recognizeCandidate:c07977b7-c8ef-4f3c-80b1-66a07c6e3dcd
2019-10-17 20:29:17,145 [grpc-default-executor-2] INFO  impl.RaftServerImpl (RaftServerImpl.java:setRole(184)) - 7f29c796-0732-402f-b865-67033766dcba@group-C2BDBBDF155D: changes role from  FOLLOWER to FOLLOWER at term 395 for recognizeCandidate:c07977b7-c8ef-4f3c-80b1-66a07c6e3dcd
2019-10-17 20:29:17,145 [grpc-default-executor-1] INFO  impl.RoleInfo (RoleInfo.java:shutdownFollowerState(121)) - d81605c5-54b3-45a8-b5ae-2e8d8890cbef: shutdown FollowerState
2019-10-17 20:29:17,146 [grpc-default-executor-2] INFO  impl.RoleInfo (RoleInfo.java:shutdownFollowerState(121)) - 7f29c796-0732-402f-b865-67033766dcba: shutdown FollowerState
2019-10-17 20:29:17,146 [Thread-3332] INFO  impl.FollowerState (FollowerState.java:run(117)) - d81605c5-54b3-45a8-b5ae-2e8d8890cbef@group-C2BDBBDF155D-FollowerState was interrupted: java.lang.InterruptedException: sleep interrupted
2019-10-17 20:29:17,146 [grpc-default-executor-1] INFO  impl.RoleInfo (RoleInfo.java:updateAndGet(143)) - d81605c5-54b3-45a8-b5ae-2e8d8890cbef: start FollowerState
2019-10-17 20:29:17,146 [grpc-default-executor-2] INFO  impl.RoleInfo (RoleInfo.java:updateAndGet(143)) - 7f29c796-0732-402f-b865-67033766dcba: start FollowerState
2019-10-17 20:29:17,146 [Thread-3333] INFO  impl.FollowerState (FollowerState.java:run(117)) - 7f29c796-0732-402f-b865-67033766dcba@group-C2BDBBDF155D-FollowerState was interrupted: java.lang.InterruptedException: sleep interrupted
2019-10-17 20:29:17,150 [c07977b7-c8ef-4f3c-80b1-66a07c6e3dcd@group-C2BDBBDF155D-LeaderElection380] INFO  impl.LeaderElection (LeaderElection.java:logAndReturn(56)) - c07977b7-c8ef-4f3c-80b1-66a07c6e3dcd@group-C2BDBBDF155D-LeaderElection380: Election TIMEOUT; received 0 response(s) [] and 0 exception(s); c07977b7-c8ef-4f3c-80b1-66a07c6e3dcd@group-C2BDBBDF155D:t395, leader=null, voted=c07977b7-c8ef-4f3c-80b1-66a07c6e3dcd, raftlog=c07977b7-c8ef-4f3c-80b1-66a07c6e3dcd@group-C2BDBBDF155D-SegmentedRaftLog:OPENED:c-1,f-1,i0, conf=-1: [d81605c5-54b3-45a8-b5ae-2e8d8890cbef:192.168.164.201:42755, 7f29c796-0732-402f-b865-67033766dcba:192.168.164.201:40704, c07977b7-c8ef-4f3c-80b1-66a07c6e3dcd:192.168.164.201:38664], old=null
2019-10-17 20:29:17,169 [c07977b7-c8ef-4f3c-80b1-66a07c6e3dcd@group-C2BDBBDF155D-LeaderElection380] INFO  impl.LeaderElection (LeaderElection.java:askForVotes(178)) - c07977b7-c8ef-4f3c-80b1-66a07c6e3dcd@group-C2BDBBDF155D-LeaderElection380: begin an election at term 396 for -1: [d81605c5-54b3-45a8-b5ae-2e8d8890cbef:192.168.164.201:42755, 7f29c796-0732-402f-b865-67033766dcba:192.168.164.201:40704, c07977b7-c8ef-4f3c-80b1-66a07c6e3dcd:192.168.164.201:38664], old=null
2019-10-17 20:29:17,171 [grpc-default-executor-2] INFO  impl.RaftServerImpl (RaftServerImpl.java:setRole(184)) - d81605c5-54b3-45a8-b5ae-2e8d8890cbef@group-C2BDBBDF155D: changes role from  FOLLOWER to FOLLOWER at term 396 for recognizeCandidate:c07977b7-c8ef-4f3c-80b1-66a07c6e3dcd
2019-10-17 20:29:17,171 [grpc-default-executor-2] INFO  impl.RoleInfo (RoleInfo.java:shutdownFollowerState(121)) - d81605c5-54b3-45a8-b5ae-2e8d8890cbef: shutdown FollowerState
2019-10-17 20:29:17,171 [grpc-default-executor-2] INFO  impl.RoleInfo (RoleInfo.java:updateAndGet(143)) - d81605c5-54b3-45a8-b5ae-2e8d8890cbef: start FollowerState
2019-10-17 20:29:17,171 [Thread-3338] INFO  impl.FollowerState (FollowerState.java:run(117)) - d81605c5-54b3-45a8-b5ae-2e8d8890cbef@group-C2BDBBDF155D-FollowerState was interrupted: java.lang.InterruptedException: sleep interrupted
2019-10-17 20:29:17,172 [grpc-default-executor-1] INFO  impl.RaftServerImpl (RaftServerImpl.java:setRole(184)) - 7f29c796-0732-402f-b865-67033766dcba@group-C2BDBBDF155D: changes role from  FOLLOWER to FOLLOWER at term 396 for recognizeCandidate:c07977b7-c8ef-4f3c-80b1-66a07c6e3dcd
2019-10-17 20:29:17,172 [grpc-default-executor-1] INFO  impl.RoleInfo (RoleInfo.java:shutdownFollowerState(121)) - 7f29c796-0732-402f-b865-67033766dcba: shutdown FollowerState
2019-10-17 20:29:17,172 [grpc-default-executor-1] INFO  impl.RoleInfo (RoleInfo.java:updateAndGet(143)) - 7f29c796-0732-402f-b865-67033766dcba: start FollowerState
2019-10-17 20:29:17,172 [Thread-3339] INFO  impl.FollowerState (FollowerState.java:run(117)) - 7f29c796-0732-402f-b865-67033766dcba@group-C2BDBBDF155D-FollowerState was interrupted: java.lang.InterruptedException: sleep interrupted
2019-10-17 20:29:17,195 [c07977b7-c8ef-4f3c-80b1-66a07c6e3dcd@group-C2BDBBDF155D-LeaderElection380] INFO  impl.LeaderElection (LeaderElection.java:logAndReturn(56)) - c07977b7-c8ef-4f3c-80b1-66a07c6e3dcd@group-C2BDBBDF155D-LeaderElection380: Election REJECTED; received 2 response(s) [c07977b7-c8ef-4f3c-80b1-66a07c6e3dcd<-d81605c5-54b3-45a8-b5ae-2e8d8890cbef#0:FAIL-t396, c07977b7-c8ef-4f3c-80b1-66a07c6e3dcd<-7f29c796-0732-402f-b865-67033766dcba#0:FAIL-t396] and 0 exception(s); c07977b7-c8ef-4f3c-80b1-66a07c6e3dcd@group-C2BDBBDF155D:t396, leader=null, voted=c07977b7-c8ef-4f3c-80b1-66a07c6e3dcd, raftlog=c07977b7-c8ef-4f3c-80b1-66a07c6e3dcd@group-C2BDBBDF155D-SegmentedRaftLog:OPENED:c-1,f-1,i0, conf=-1: [d81605c5-54b3-45a8-b5ae-2e8d8890cbef:192.168.164.201:42755, 7f29c796-0732-402f-b865-67033766dcba:192.168.164.201:40704, c07977b7-c8ef-4f3c-80b1-66a07c6e3dcd:192.168.164.201:38664], old=null
2019-10-17 20:29:17,195 [c07977b7-c8ef-4f3c-80b1-66a07c6e3dcd@group-C2BDBBDF155D-LeaderElection380] INFO  impl.RaftServerImpl (RaftServerImpl.java:setRole(184)) - c07977b7-c8ef-4f3c-80b1-66a07c6e3dcd@group-C2BDBBDF155D: changes role from CANDIDATE to FOLLOWER at term 396 for DISCOVERED_A_NEW_TERM
2019-10-17 20:29:17,195 [c07977b7-c8ef-4f3c-80b1-66a07c6e3dcd@group-C2BDBBDF155D-LeaderElection380] INFO  impl.RoleInfo (RoleInfo.java:shutdownLeaderElection(134)) - c07977b7-c8ef-4f3c-80b1-66a07c6e3dcd: shutdown LeaderElection
2019-10-17 20:29:17,195 [c07977b7-c8ef-4f3c-80b1-66a07c6e3dcd@group-C2BDBBDF155D-LeaderElection380] INFO  impl.RoleInfo (RoleInfo.java:updateAndGet(143)) - c07977b7-c8ef-4f3c-80b1-66a07c6e3dcd: start FollowerState
2019-10-17 20:29:17,380 [Thread-3344] INFO  impl.FollowerState (FollowerState.java:run(108)) - c07977b7-c8ef-4f3c-80b1-66a07c6e3dcd@group-C2BDBBDF155D-FollowerState: change to CANDIDATE, lastRpcTime:184ms, electionTimeout:184ms
2019-10-17 20:29:17,380 [Thread-3344] INFO  impl.RoleInfo (RoleInfo.java:shutdownFollowerState(121)) - c07977b7-c8ef-4f3c-80b1-66a07c6e3dcd: shutdown FollowerState
2019-10-17 20:29:17,380 [Thread-3344] INFO  impl.RaftServerImpl (RaftServerImpl.java:setRole(184)) - c07977b7-c8ef-4f3c-80b1-66a07c6e3dcd@group-C2BDBBDF155D: changes role from  FOLLOWER to CANDIDATE at term 396 for changeToCandidate
2019-10-17 20:29:17,380 [Thread-3344] INFO  impl.RoleInfo (RoleInfo.java:updateAndGet(143)) - c07977b7-c8ef-4f3c-80b1-66a07c6e3dcd: start LeaderElection
2019-10-17 20:29:17,424 [c07977b7-c8ef-4f3c-80b1-66a07c6e3dcd@group-C2BDBBDF155D-LeaderElection381] INFO  impl.LeaderElection (LeaderElection.java:askForVotes(178)) - c07977b7-c8ef-4f3c-80b1-66a07c6e3dcd@group-C2BDBBDF155D-LeaderElection381: begin an election at term 397 for -1: [d81605c5-54b3-45a8-b5ae-2e8d8890cbef:192.168.164.201:42755, 7f29c796-0732-402f-b865-67033766dcba:192.168.164.201:40704, c07977b7-c8ef-4f3c-80b1-66a07c6e3dcd:192.168.164.201:38664], old=null
2019-10-17 20:29:17,426 [grpc-default-executor-1] INFO  impl.RaftServerImpl (RaftServerImpl.java:setRole(184)) - d81605c5-54b3-45a8-b5ae-2e8d8890cbef@group-C2BDBBDF155D: changes role from  FOLLOWER to FOLLOWER at term 397 for recognizeCandidate:c07977b7-c8ef-4f3c-80b1-66a07c6e3dcd
2019-10-17 20:29:17,427 [grpc-default-executor-1] INFO  impl.RoleInfo (RoleInfo.java:shutdownFollowerState(121)) - d81605c5-54b3-45a8-b5ae-2e8d8890cbef: shutdown FollowerState
2019-10-17 20:29:17,427 [grpc-default-executor-2] INFO  impl.RaftServerImpl (RaftServerImpl.java:setRole(184)) - 7f29c796-0732-402f-b865-67033766dcba@group-C2BDBBDF155D: changes role from  FOLLOWER to FOLLOWER at term 397 for recognizeCandidate:c07977b7-c8ef-4f3c-80b1-66a07c6e3dcd
2019-10-17 20:29:17,427 [grpc-default-executor-2] INFO  impl.RoleInfo (RoleInfo.java:shutdownFollowerState(121)) - 7f29c796-0732-402f-b865-67033766dcba: shutdown FollowerState
2019-10-17 20:29:17,427 [Thread-3342] INFO  impl.FollowerState (FollowerState.java:run(117)) - d81605c5-54b3-45a8-b5ae-2e8d8890cbef@group-C2BDBBDF155D-FollowerState was interrupted: java.lang.InterruptedException: sleep interrupted
2019-10-17 20:29:17,427 [grpc-default-executor-1] INFO  impl.RoleInfo (RoleInfo.java:updateAndGet(143)) - d81605c5-54b3-45a8-b5ae-2e8d8890cbef: start FollowerState
2019-10-17 20:29:17,427 [Thread-3343] INFO  impl.FollowerState (FollowerState.java:run(117)) - 7f29c796-0732-402f-b865-67033766dcba@group-C2BDBBDF155D-FollowerState was interrupted: java.lang.InterruptedException: sleep interrupted
2019-10-17 20:29:17,427 [grpc-default-executor-2] INFO  impl.RoleInfo (RoleInfo.java:updateAndGet(143)) - 7f29c796-0732-402f-b865-67033766dcba: start FollowerState
2019-10-17 20:29:17,476 [c07977b7-c8ef-4f3c-80b1-66a07c6e3dcd@group-C2BDBBDF155D-LeaderElection381] INFO  impl.LeaderElection (LeaderElection.java:logAndReturn(56)) - c07977b7-c8ef-4f3c-80b1-66a07c6e3dcd@group-C2BDBBDF155D-LeaderElection381: Election REJECTED; received 2 response(s) [c07977b7-c8ef-4f3c-80b1-66a07c6e3dcd<-d81605c5-54b3-45a8-b5ae-2e8d8890cbef#0:FAIL-t397, c07977b7-c8ef-4f3c-80b1-66a07c6e3dcd<-7f29c796-0732-402f-b865-67033766dcba#0:FAIL-t397] and 0 exception(s); c07977b7-c8ef-4f3c-80b1-66a07c6e3dcd@group-C2BDBBDF155D:t397, leader=null, voted=c07977b7-c8ef-4f3c-80b1-66a07c6e3dcd, raftlog=c07977b7-c8ef-4f3c-80b1-66a07c6e3dcd@group-C2BDBBDF155D-SegmentedRaftLog:OPENED:c-1,f-1,i0, conf=-1: [d81605c5-54b3-45a8-b5ae-2e8d8890cbef:192.168.164.201:42755, 7f29c796-0732-402f-b865-67033766dcba:192.168.164.201:40704, c07977b7-c8ef-4f3c-80b1-66a07c6e3dcd:192.168.164.201:38664], old=null
2019-10-17 20:29:17,476 [c07977b7-c8ef-4f3c-80b1-66a07c6e3dcd@group-C2BDBBDF155D-LeaderElection381] INFO  impl.RaftServerImpl (RaftServerImpl.java:setRole(184)) - c07977b7-c8ef-4f3c-80b1-66a07c6e3dcd@group-C2BDBBDF155D: changes role from CANDIDATE to FOLLOWER at term 397 for DISCOVERED_A_NEW_TERM
2019-10-17 20:29:17,476 [c07977b7-c8ef-4f3c-80b1-66a07c6e3dcd@group-C2BDBBDF155D-LeaderElection381] INFO  impl.RoleInfo (RoleInfo.java:shutdownLeaderElection(134)) - c07977b7-c8ef-4f3c-80b1-66a07c6e3dcd: shutdown LeaderElection
2019-10-17 20:29:17,476 [c07977b7-c8ef-4f3c-80b1-66a07c6e3dcd@group-C2BDBBDF155D-LeaderElection381] INFO  impl.RoleInfo (RoleInfo.java:updateAndGet(143)) - c07977b7-c8ef-4f3c-80b1-66a07c6e3dcd: start FollowerState
2019-10-17 20:29:17,516 [Thread-3350] INFO  impl.FollowerState (FollowerState.java:run(108)) - c07977b7-c8ef-4f3c-80b1-66a07c6e3dcd@group-C2BDBBDF155D-FollowerState: change to CANDIDATE, lastRpcTime:39ms, electionTimeout:39ms
2019-10-17 20:29:17,516 [Thread-3350] INFO  impl.RoleInfo (RoleInfo.java:shutdownFollowerState(121)) - c07977b7-c8ef-4f3c-80b1-66a07c6e3dcd: shutdown FollowerState
2019-10-17 20:29:17,516 [Thread-3350] INFO  impl.RaftServerImpl (RaftServerImpl.java:setRole(184)) - c07977b7-c8ef-4f3c-80b1-66a07c6e3dcd@group-C2BDBBDF155D: changes role from  FOLLOWER to CANDIDATE at term 397 for changeToCandidate
2019-10-17 20:29:17,516 [Thread-3350] INFO  impl.RoleInfo (RoleInfo.java:updateAndGet(143)) - c07977b7-c8ef-4f3c-80b1-66a07c6e3dcd: start LeaderElection
2019-10-17 20:29:17,542 [c07977b7-c8ef-4f3c-80b1-66a07c6e3dcd@group-C2BDBBDF155D-LeaderElection382] INFO  impl.LeaderElection (LeaderElection.java:askForVotes(178)) - c07977b7-c8ef-4f3c-80b1-66a07c6e3dcd@group-C2BDBBDF155D-LeaderElection382: begin an election at term 398 for -1: [d81605c5-54b3-45a8-b5ae-2e8d8890cbef:192.168.164.201:42755, 7f29c796-0732-402f-b865-67033766dcba:192.168.164.201:40704, c07977b7-c8ef-4f3c-80b1-66a07c6e3dcd:192.168.164.201:38664], old=null
2019-10-17 20:29:17,544 [grpc-default-executor-1] INFO  impl.RaftServerImpl (RaftServerImpl.java:setRole(184)) - 7f29c796-0732-402f-b865-67033766dcba@group-C2BDBBDF155D: changes role from  FOLLOWER to FOLLOWER at term 398 for recognizeCandidate:c07977b7-c8ef-4f3c-80b1-66a07c6e3dcd
2019-10-17 20:29:17,544 [grpc-default-executor-1] INFO  impl.RoleInfo (RoleInfo.java:shutdownFollowerState(121)) - 7f29c796-0732-402f-b865-67033766dcba: shutdown FollowerState
2019-10-17 20:29:17,544 [grpc-default-executor-2] INFO  impl.RaftServerImpl (RaftServerImpl.java:setRole(184)) - d81605c5-54b3-45a8-b5ae-2e8d8890cbef@group-C2BDBBDF155D: changes role from  FOLLOWER to FOLLOWER at term 398 for recognizeCandidate:c07977b7-c8ef-4f3c-80b1-66a07c6e3dcd
2019-10-17 20:29:17,544 [Thread-3349] INFO  impl.FollowerState (FollowerState.java:run(117)) - 7f29c796-0732-402f-b865-67033766dcba@group-C2BDBBDF155D-FollowerState was interrupted: java.lang.InterruptedException: sleep interrupted
2019-10-17 20:29:17,544 [grpc-default-executor-1] INFO  impl.RoleInfo (RoleInfo.java:updateAndGet(143)) - 7f29c796-0732-402f-b865-67033766dcba: start FollowerState
2019-10-17 20:29:17,544 [grpc-default-executor-2] INFO  impl.RoleInfo (RoleInfo.java:shutdownFollowerState(121)) - d81605c5-54b3-45a8-b5ae-2e8d8890cbef: shutdown FollowerState
2019-10-17 20:29:17,545 [grpc-default-executor-2] INFO  impl.RoleInfo (RoleInfo.java:updateAndGet(143)) - d81605c5-54b3-45a8-b5ae-2e8d8890cbef: start FollowerState
2019-10-17 20:29:17,545 [Thread-3348] INFO  impl.FollowerState (FollowerState.java:run(117)) - d81605c5-54b3-45a8-b5ae-2e8d8890cbef@group-C2BDBBDF155D-FollowerState was interrupted: java.lang.InterruptedException: sleep interrupted
2019-10-17 20:29:17,558 [c07977b7-c8ef-4f3c-80b1-66a07c6e3dcd@group-C2BDBBDF155D-LeaderElection382] INFO  impl.LeaderElection (LeaderElection.java:logAndReturn(56)) - c07977b7-c8ef-4f3c-80b1-66a07c6e3dcd@group-C2BDBBDF155D-LeaderElection382: Election TIMEOUT; received 0 response(s) [] and 0 exception(s); c07977b7-c8ef-4f3c-80b1-66a07c6e3dcd@group-C2BDBBDF155D:t398, leader=null, voted=c07977b7-c8ef-4f3c-80b1-66a07c6e3dcd, raftlog=c07977b7-c8ef-4f3c-80b1-66a07c6e3dcd@group-C2BDBBDF155D-SegmentedRaftLog:OPENED:c-1,f-1,i0, conf=-1: [d81605c5-54b3-45a8-b5ae-2e8d8890cbef:192.168.164.201:42755, 7f29c796-0732-402f-b865-67033766dcba:192.168.164.201:40704, c07977b7-c8ef-4f3c-80b1-66a07c6e3dcd:192.168.164.201:38664], old=null
2019-10-17 20:29:17,584 [c07977b7-c8ef-4f3c-80b1-66a07c6e3dcd@group-C2BDBBDF155D-LeaderElection382] INFO  impl.LeaderElection (LeaderElection.java:askForVotes(178)) - c07977b7-c8ef-4f3c-80b1-66a07c6e3dcd@group-C2BDBBDF155D-LeaderElection382: begin an election at term 399 for -1: [d81605c5-54b3-45a8-b5ae-2e8d8890cbef:192.168.164.201:42755, 7f29c796-0732-402f-b865-67033766dcba:192.168.164.201:40704, c07977b7-c8ef-4f3c-80b1-66a07c6e3dcd:192.168.164.201:38664], old=null
2019-10-17 20:29:17,586 [grpc-default-executor-2] INFO  impl.RaftServerImpl (RaftServerImpl.java:setRole(184)) - d81605c5-54b3-45a8-b5ae-2e8d8890cbef@group-C2BDBBDF155D: changes role from  FOLLOWER to FOLLOWER at term 399 for recognizeCandidate:c07977b7-c8ef-4f3c-80b1-66a07c6e3dcd
2019-10-17 20:29:17,586 [grpc-default-executor-2] INFO  impl.RoleInfo (RoleInfo.java:shutdownFollowerState(121)) - d81605c5-54b3-45a8-b5ae-2e8d8890cbef: shutdown FollowerState
2019-10-17 20:29:17,586 [grpc-default-executor-2] INFO  impl.RoleInfo (RoleInfo.java:updateAndGet(143)) - d81605c5-54b3-45a8-b5ae-2e8d8890cbef: start FollowerState
2019-10-17 20:29:17,586 [grpc-default-executor-1] INFO  impl.RaftServerImpl (RaftServerImpl.java:setRole(184)) - 7f29c796-0732-402f-b865-67033766dcba@group-C2BDBBDF155D: changes role from  FOLLOWER to FOLLOWER at term 399 for recognizeCandidate:c07977b7-c8ef-4f3c-80b1-66a07c6e3dcd
2019-10-17 20:29:17,586 [grpc-default-executor-1] INFO  impl.RoleInfo (RoleInfo.java:shutdownFollowerState(121)) - 7f29c796-0732-402f-b865-67033766dcba: shutdown FollowerState
2019-10-17 20:29:17,586 [Thread-3355] INFO  impl.FollowerState (FollowerState.java:run(117)) - d81605c5-54b3-45a8-b5ae-2e8d8890cbef@group-C2BDBBDF155D-FollowerState was interrupted: java.lang.InterruptedException: sleep interrupted
2019-10-17 20:29:17,587 [Thread-3354] INFO  impl.FollowerState (FollowerState.java:run(117)) - 7f29c796-0732-402f-b865-67033766dcba@group-C2BDBBDF155D-FollowerState was interrupted: java.lang.InterruptedException: sleep interrupted
2019-10-17 20:29:17,587 [grpc-default-executor-1] INFO  impl.RoleInfo (RoleInfo.java:updateAndGet(143)) - 7f29c796-0732-402f-b865-67033766dcba: start FollowerState
2019-10-17 20:29:17,610 [c07977b7-c8ef-4f3c-80b1-66a07c6e3dcd@group-C2BDBBDF155D-LeaderElection382] INFO  impl.LeaderElection (LeaderElection.java:logAndReturn(56)) - c07977b7-c8ef-4f3c-80b1-66a07c6e3dcd@group-C2BDBBDF155D-LeaderElection382: Election REJECTED; received 2 response(s) [c07977b7-c8ef-4f3c-80b1-66a07c6e3dcd<-d81605c5-54b3-45a8-b5ae-2e8d8890cbef#0:FAIL-t399, c07977b7-c8ef-4f3c-80b1-66a07c6e3dcd<-7f29c796-0732-402f-b865-67033766dcba#0:FAIL-t399] and 0 exception(s); c07977b7-c8ef-4f3c-80b1-66a07c6e3dcd@group-C2BDBBDF155D:t399, leader=null, voted=c07977b7-c8ef-4f3c-80b1-66a07c6e3dcd, raftlog=c07977b7-c8ef-4f3c-80b1-66a07c6e3dcd@group-C2BDBBDF155D-SegmentedRaftLog:OPENED:c-1,f-1,i0, conf=-1: [d81605c5-54b3-45a8-b5ae-2e8d8890cbef:192.168.164.201:42755, 7f29c796-0732-402f-b865-67033766dcba:192.168.164.201:40704, c07977b7-c8ef-4f3c-80b1-66a07c6e3dcd:192.168.164.201:38664], old=null
2019-10-17 20:29:17,611 [c07977b7-c8ef-4f3c-80b1-66a07c6e3dcd@group-C2BDBBDF155D-LeaderElection382] INFO  impl.RaftServerImpl (RaftServerImpl.java:setRole(184)) - c07977b7-c8ef-4f3c-80b1-66a07c6e3dcd@group-C2BDBBDF155D: changes role from CANDIDATE to FOLLOWER at term 399 for DISCOVERED_A_NEW_TERM
2019-10-17 20:29:17,611 [c07977b7-c8ef-4f3c-80b1-66a07c6e3dcd@group-C2BDBBDF155D-LeaderElection382] INFO  impl.RoleInfo (RoleInfo.java:shutdownLeaderElection(134)) - c07977b7-c8ef-4f3c-80b1-66a07c6e3dcd: shutdown LeaderElection
2019-10-17 20:29:17,611 [c07977b7-c8ef-4f3c-80b1-66a07c6e3dcd@group-C2BDBBDF155D-LeaderElection382] INFO  impl.RoleInfo (RoleInfo.java:updateAndGet(143)) - c07977b7-c8ef-4f3c-80b1-66a07c6e3dcd: start FollowerState
2019-10-17 20:29:17,780 [Thread-3360] INFO  impl.FollowerState (FollowerState.java:run(108)) - c07977b7-c8ef-4f3c-80b1-66a07c6e3dcd@group-C2BDBBDF155D-FollowerState: change to CANDIDATE, lastRpcTime:169ms, electionTimeout:169ms
2019-10-17 20:29:17,780 [Thread-3360] INFO  impl.RoleInfo (RoleInfo.java:shutdownFollowerState(121)) - c07977b7-c8ef-4f3c-80b1-66a07c6e3dcd: shutdown FollowerState
2019-10-17 20:29:17,781 [Thread-3360] INFO  impl.RaftServerImpl (RaftServerImpl.java:setRole(184)) - c07977b7-c8ef-4f3c-80b1-66a07c6e3dcd@group-C2BDBBDF155D: changes role from  FOLLOWER to CANDIDATE at term 399 for changeToCandidate
2019-10-17 20:29:17,781 [Thread-3360] INFO  impl.RoleInfo (RoleInfo.java:updateAndGet(143)) - c07977b7-c8ef-4f3c-80b1-66a07c6e3dcd: start LeaderElection
2019-10-17 20:29:17,818 [c07977b7-c8ef-4f3c-80b1-66a07c6e3dcd@group-C2BDBBDF155D-LeaderElection383] INFO  impl.LeaderElection (LeaderElection.java:askForVotes(178)) - c07977b7-c8ef-4f3c-80b1-66a07c6e3dcd@group-C2BDBBDF155D-LeaderElection383: begin an election at term 400 for -1: [d81605c5-54b3-45a8-b5ae-2e8d8890cbef:192.168.164.201:42755, 7f29c796-0732-402f-b865-67033766dcba:192.168.164.201:40704, c07977b7-c8ef-4f3c-80b1-66a07c6e3dcd:192.168.164.201:38664], old=null
2019-10-17 20:29:17,820 [grpc-default-executor-1] INFO  impl.RaftServerImpl (RaftServerImpl.java:setRole(184)) - d81605c5-54b3-45a8-b5ae-2e8d8890cbef@group-C2BDBBDF155D: changes role from  FOLLOWER to FOLLOWER at term 400 for recognizeCandidate:c07977b7-c8ef-4f3c-80b1-66a07c6e3dcd
2019-10-17 20:29:17,821 [grpc-default-executor-1] INFO  impl.RoleInfo (RoleInfo.java:shutdownFollowerState(121)) - d81605c5-54b3-45a8-b5ae-2e8d8890cbef: shutdown FollowerState
2019-10-17 20:29:17,821 [grpc-default-executor-2] INFO  impl.RaftServerImpl (RaftServerImpl.java:setRole(184)) - 7f29c796-0732-402f-b865-67033766dcba@group-C2BDBBDF155D: changes role from  FOLLOWER to FOLLOWER at term 400 for recognizeCandidate:c07977b7-c8ef-4f3c-80b1-66a07c6e3dcd
2019-10-17 20:29:17,821 [grpc-default-executor-2] INFO  impl.RoleInfo (RoleInfo.java:shutdownFollowerState(121)) - 7f29c796-0732-402f-b865-67033766dcba: shutdown FollowerState
2019-10-17 20:29:17,821 [Thread-3358] INFO  impl.FollowerState (FollowerState.java:run(117)) - d81605c5-54b3-45a8-b5ae-2e8d8890cbef@group-C2BDBBDF155D-FollowerState was interrupted: java.lang.InterruptedException: sleep interrupted
2019-10-17 20:29:17,821 [Thread-3359] INFO  impl.FollowerState (FollowerState.java:run(117)) - 7f29c796-0732-402f-b865-67033766dcba@group-C2BDBBDF155D-FollowerState was interrupted: java.lang.InterruptedException: sleep interrupted
2019-10-17 20:29:17,821 [grpc-default-executor-2] INFO  impl.RoleInfo (RoleInfo.java:updateAndGet(143)) - 7f29c796-0732-402f-b865-67033766dcba: start FollowerState
2019-10-17 20:29:17,822 [grpc-default-executor-1] INFO  impl.RoleInfo (RoleInfo.java:updateAndGet(143)) - d81605c5-54b3-45a8-b5ae-2e8d8890cbef: start FollowerState
2019-10-17 20:29:17,845 [c07977b7-c8ef-4f3c-80b1-66a07c6e3dcd@group-C2BDBBDF155D-LeaderElection383] INFO  impl.LeaderElection (LeaderElection.java:logAndReturn(56)) - c07977b7-c8ef-4f3c-80b1-66a07c6e3dcd@group-C2BDBBDF155D-LeaderElection383: Election REJECTED; received 2 response(s) [c07977b7-c8ef-4f3c-80b1-66a07c6e3dcd<-d81605c5-54b3-45a8-b5ae-2e8d8890cbef#0:FAIL-t400, c07977b7-c8ef-4f3c-80b1-66a07c6e3dcd<-7f29c796-0732-402f-b865-67033766dcba#0:FAIL-t400] and 0 exception(s); c07977b7-c8ef-4f3c-80b1-66a07c6e3dcd@group-C2BDBBDF155D:t400, leader=null, voted=c07977b7-c8ef-4f3c-80b1-66a07c6e3dcd, raftlog=c07977b7-c8ef-4f3c-80b1-66a07c6e3dcd@group-C2BDBBDF155D-SegmentedRaftLog:OPENED:c-1,f-1,i0, conf=-1: [d81605c5-54b3-45a8-b5ae-2e8d8890cbef:192.168.164.201:42755, 7f29c796-0732-402f-b865-67033766dcba:192.168.164.201:40704, c07977b7-c8ef-4f3c-80b1-66a07c6e3dcd:192.168.164.201:38664], old=null
2019-10-17 20:29:17,845 [c07977b7-c8ef-4f3c-80b1-66a07c6e3dcd@group-C2BDBBDF155D-LeaderElection383] INFO  impl.RaftServerImpl (RaftServerImpl.java:setRole(184)) - c07977b7-c8ef-4f3c-80b1-66a07c6e3dcd@group-C2BDBBDF155D: changes role from CANDIDATE to FOLLOWER at term 400 for DISCOVERED_A_NEW_TERM
2019-10-17 20:29:17,845 [c07977b7-c8ef-4f3c-80b1-66a07c6e3dcd@group-C2BDBBDF155D-LeaderElection383] INFO  impl.RoleInfo (RoleInfo.java:shutdownLeaderElection(134)) - c07977b7-c8ef-4f3c-80b1-66a07c6e3dcd: shutdown LeaderElection
2019-10-17 20:29:17,845 [c07977b7-c8ef-4f3c-80b1-66a07c6e3dcd@group-C2BDBBDF155D-LeaderElection383] INFO  impl.RoleInfo (RoleInfo.java:updateAndGet(143)) - c07977b7-c8ef-4f3c-80b1-66a07c6e3dcd: start FollowerState
2019-10-17 20:29:17,921 [Thread-3366] INFO  impl.FollowerState (FollowerState.java:run(108)) - c07977b7-c8ef-4f3c-80b1-66a07c6e3dcd@group-C2BDBBDF155D-FollowerState: change to CANDIDATE, lastRpcTime:76ms, electionTimeout:76ms
2019-10-17 20:29:17,922 [Thread-3366] INFO  impl.RoleInfo (RoleInfo.java:shutdownFollowerState(121)) - c07977b7-c8ef-4f3c-80b1-66a07c6e3dcd: shutdown FollowerState
2019-10-17 20:29:17,922 [Thread-3366] INFO  impl.RaftServerImpl (RaftServerImpl.java:setRole(184)) - c07977b7-c8ef-4f3c-80b1-66a07c6e3dcd@group-C2BDBBDF155D: changes role from  FOLLOWER to CANDIDATE at term 400 for changeToCandidate
2019-10-17 20:29:17,922 [Thread-3366] INFO  impl.RoleInfo (RoleInfo.java:updateAndGet(143)) - c07977b7-c8ef-4f3c-80b1-66a07c6e3dcd: start LeaderElection
2019-10-17 20:29:17,952 [c07977b7-c8ef-4f3c-80b1-66a07c6e3dcd@group-C2BDBBDF155D-LeaderElection384] INFO  impl.LeaderElection (LeaderElection.java:askForVotes(178)) - c07977b7-c8ef-4f3c-80b1-66a07c6e3dcd@group-C2BDBBDF155D-LeaderElection384: begin an election at term 401 for -1: [d81605c5-54b3-45a8-b5ae-2e8d8890cbef:192.168.164.201:42755, 7f29c796-0732-402f-b865-67033766dcba:192.168.164.201:40704, c07977b7-c8ef-4f3c-80b1-66a07c6e3dcd:192.168.164.201:38664], old=null
2019-10-17 20:29:17,958 [grpc-default-executor-2] INFO  impl.RaftServerImpl (RaftServerImpl.java:setRole(184)) - 7f29c796-0732-402f-b865-67033766dcba@group-C2BDBBDF155D: changes role from  FOLLOWER to FOLLOWER at term 401 for recognizeCandidate:c07977b7-c8ef-4f3c-80b1-66a07c6e3dcd
2019-10-17 20:29:17,958 [grpc-default-executor-1] INFO  impl.RaftServerImpl (RaftServerImpl.java:setRole(184)) - d81605c5-54b3-45a8-b5ae-2e8d8890cbef@group-C2BDBBDF155D: changes role from  FOLLOWER to FOLLOWER at term 401 for recognizeCandidate:c07977b7-c8ef-4f3c-80b1-66a07c6e3dcd
2019-10-17 20:29:17,958 [grpc-default-executor-2] INFO  impl.RoleInfo (RoleInfo.java:shutdownFollowerState(121)) - 7f29c796-0732-402f-b865-67033766dcba: shutdown FollowerState
2019-10-17 20:29:17,959 [grpc-default-executor-1] INFO  impl.RoleInfo (RoleInfo.java:shutdownFollowerState(121)) - d81605c5-54b3-45a8-b5ae-2e8d8890cbef: shutdown FollowerState
2019-10-17 20:29:17,959 [Thread-3365] INFO  impl.FollowerState (FollowerState.java:run(117)) - 7f29c796-0732-402f-b865-67033766dcba@group-C2BDBBDF155D-FollowerState was interrupted: java.lang.InterruptedException: sleep interrupted
2019-10-17 20:29:17,959 [Thread-3364] INFO  impl.FollowerState (FollowerState.java:run(117)) - d81605c5-54b3-45a8-b5ae-2e8d8890cbef@group-C2BDBBDF155D-FollowerState was interrupted: java.lang.InterruptedException: sleep interrupted
2019-10-17 20:29:17,959 [grpc-default-executor-1] INFO  impl.RoleInfo (RoleInfo.java:updateAndGet(143)) - d81605c5-54b3-45a8-b5ae-2e8d8890cbef: start FollowerState
2019-10-17 20:29:17,959 [grpc-default-executor-2] INFO  impl.RoleInfo (RoleInfo.java:updateAndGet(143)) - 7f29c796-0732-402f-b865-67033766dcba: start FollowerState
2019-10-17 20:29:17,995 [c07977b7-c8ef-4f3c-80b1-66a07c6e3dcd@group-C2BDBBDF155D-LeaderElection384] INFO  impl.LeaderElection (LeaderElection.java:logAndReturn(56)) - c07977b7-c8ef-4f3c-80b1-66a07c6e3dcd@group-C2BDBBDF155D-LeaderElection384: Election REJECTED; received 2 response(s) [c07977b7-c8ef-4f3c-80b1-66a07c6e3dcd<-d81605c5-54b3-45a8-b5ae-2e8d8890cbef#0:FAIL-t401, c07977b7-c8ef-4f3c-80b1-66a07c6e3dcd<-7f29c796-0732-402f-b865-67033766dcba#0:FAIL-t401] and 0 exception(s); c07977b7-c8ef-4f3c-80b1-66a07c6e3dcd@group-C2BDBBDF155D:t401, leader=null, voted=c07977b7-c8ef-4f3c-80b1-66a07c6e3dcd, raftlog=c07977b7-c8ef-4f3c-80b1-66a07c6e3dcd@group-C2BDBBDF155D-SegmentedRaftLog:OPENED:c-1,f-1,i0, conf=-1: [d81605c5-54b3-45a8-b5ae-2e8d8890cbef:192.168.164.201:42755, 7f29c796-0732-402f-b865-67033766dcba:192.168.164.201:40704, c07977b7-c8ef-4f3c-80b1-66a07c6e3dcd:192.168.164.201:38664], old=null
2019-10-17 20:29:17,995 [c07977b7-c8ef-4f3c-80b1-66a07c6e3dcd@group-C2BDBBDF155D-LeaderElection384] INFO  impl.RaftServerImpl (RaftServerImpl.java:setRole(184)) - c07977b7-c8ef-4f3c-80b1-66a07c6e3dcd@group-C2BDBBDF155D: changes role from CANDIDATE to FOLLOWER at term 401 for DISCOVERED_A_NEW_TERM
2019-10-17 20:29:17,995 [c07977b7-c8ef-4f3c-80b1-66a07c6e3dcd@group-C2BDBBDF155D-LeaderElection384] INFO  impl.RoleInfo (RoleInfo.java:shutdownLeaderElection(134)) - c07977b7-c8ef-4f3c-80b1-66a07c6e3dcd: shutdown LeaderElection
2019-10-17 20:29:17,996 [c07977b7-c8ef-4f3c-80b1-66a07c6e3dcd@group-C2BDBBDF155D-LeaderElection384] INFO  impl.RoleInfo (RoleInfo.java:updateAndGet(143)) - c07977b7-c8ef-4f3c-80b1-66a07c6e3dcd: start FollowerState
2019-10-17 20:29:18,155 [Thread-3372] INFO  impl.FollowerState (FollowerState.java:run(108)) - c07977b7-c8ef-4f3c-80b1-66a07c6e3dcd@group-C2BDBBDF155D-FollowerState: change to CANDIDATE, lastRpcTime:159ms, electionTimeout:159ms
2019-10-17 20:29:18,155 [Thread-3372] INFO  impl.RoleInfo (RoleInfo.java:shutdownFollowerState(121)) - c07977b7-c8ef-4f3c-80b1-66a07c6e3dcd: shutdown FollowerState
2019-10-17 20:29:18,156 [Thread-3372] INFO  impl.RaftServerImpl (RaftServerImpl.java:setRole(184)) - c07977b7-c8ef-4f3c-80b1-66a07c6e3dcd@group-C2BDBBDF155D: changes role from  FOLLOWER to CANDIDATE at term 401 for changeToCandidate
2019-10-17 20:29:18,156 [Thread-3372] INFO  impl.RoleInfo (RoleInfo.java:updateAndGet(143)) - c07977b7-c8ef-4f3c-80b1-66a07c6e3dcd: start LeaderElection
2019-10-17 20:29:18,186 [c07977b7-c8ef-4f3c-80b1-66a07c6e3dcd@group-C2BDBBDF155D-LeaderElection385] INFO  impl.LeaderElection (LeaderElection.java:askForVotes(178)) - c07977b7-c8ef-4f3c-80b1-66a07c6e3dcd@group-C2BDBBDF155D-LeaderElection385: begin an election at term 402 for -1: [d81605c5-54b3-45a8-b5ae-2e8d8890cbef:192.168.164.201:42755, 7f29c796-0732-402f-b865-67033766dcba:192.168.164.201:40704, c07977b7-c8ef-4f3c-80b1-66a07c6e3dcd:192.168.164.201:38664], old=null
2019-10-17 20:29:18,188 [grpc-default-executor-2] INFO  impl.RaftServerImpl (RaftServerImpl.java:setRole(184)) - 7f29c796-0732-402f-b865-67033766dcba@group-C2BDBBDF155D: changes role from  FOLLOWER to FOLLOWER at term 402 for recognizeCandidate:c07977b7-c8ef-4f3c-80b1-66a07c6e3dcd
2019-10-17 20:29:18,188 [grpc-default-executor-1] INFO  impl.RaftServerImpl (RaftServerImpl.java:setRole(184)) - d81605c5-54b3-45a8-b5ae-2e8d8890cbef@group-C2BDBBDF155D: changes role from  FOLLOWER to FOLLOWER at term 402 for recognizeCandidate:c07977b7-c8ef-4f3c-80b1-66a07c6e3dcd
2019-10-17 20:29:18,188 [grpc-default-executor-2] INFO  impl.RoleInfo (RoleInfo.java:shutdownFollowerState(121)) - 7f29c796-0732-402f-b865-67033766dcba: shutdown FollowerState
2019-10-17 20:29:18,189 [grpc-default-executor-1] INFO  impl.RoleInfo (RoleInfo.java:shutdownFollowerState(121)) - d81605c5-54b3-45a8-b5ae-2e8d8890cbef: shutdown FollowerState
2019-10-17 20:29:18,189 [Thread-3370] INFO  impl.FollowerState (FollowerState.java:run(117)) - 7f29c796-0732-402f-b865-67033766dcba@group-C2BDBBDF155D-FollowerState was interrupted: java.lang.InterruptedException: sleep interrupted
2019-10-17 20:29:18,189 [grpc-default-executor-1] INFO  impl.RoleInfo (RoleInfo.java:updateAndGet(143)) - d81605c5-54b3-45a8-b5ae-2e8d8890cbef: start FollowerState
2019-10-17 20:29:18,189 [grpc-default-executor-2] INFO  impl.RoleInfo (RoleInfo.java:updateAndGet(143)) - 7f29c796-0732-402f-b865-67033766dcba: start FollowerState
2019-10-17 20:29:18,189 [Thread-3371] INFO  impl.FollowerState (FollowerState.java:run(117)) - d81605c5-54b3-45a8-b5ae-2e8d8890cbef@group-C2BDBBDF155D-FollowerState was interrupted: java.lang.InterruptedException: sleep interrupted
2019-10-17 20:29:18,222 [c07977b7-c8ef-4f3c-80b1-66a07c6e3dcd@group-C2BDBBDF155D-LeaderElection385] INFO  impl.LeaderElection (LeaderElection.java:logAndReturn(56)) - c07977b7-c8ef-4f3c-80b1-66a07c6e3dcd@group-C2BDBBDF155D-LeaderElection385: Election REJECTED; received 2 response(s) [c07977b7-c8ef-4f3c-80b1-66a07c6e3dcd<-d81605c5-54b3-45a8-b5ae-2e8d8890cbef#0:FAIL-t402, c07977b7-c8ef-4f3c-80b1-66a07c6e3dcd<-7f29c796-0732-402f-b865-67033766dcba#0:FAIL-t402] and 0 exception(s); c07977b7-c8ef-4f3c-80b1-66a07c6e3dcd@group-C2BDBBDF155D:t402, leader=null, voted=c07977b7-c8ef-4f3c-80b1-66a07c6e3dcd, raftlog=c07977b7-c8ef-4f3c-80b1-66a07c6e3dcd@group-C2BDBBDF155D-SegmentedRaftLog:OPENED:c-1,f-1,i0, conf=-1: [d81605c5-54b3-45a8-b5ae-2e8d8890cbef:192.168.164.201:42755, 7f29c796-0732-402f-b865-67033766dcba:192.168.164.201:40704, c07977b7-c8ef-4f3c-80b1-66a07c6e3dcd:192.168.164.201:38664], old=null
2019-10-17 20:29:18,222 [c07977b7-c8ef-4f3c-80b1-66a07c6e3dcd@group-C2BDBBDF155D-LeaderElection385] INFO  impl.RaftServerImpl (RaftServerImpl.java:setRole(184)) - c07977b7-c8ef-4f3c-80b1-66a07c6e3dcd@group-C2BDBBDF155D: changes role from CANDIDATE to FOLLOWER at term 402 for DISCOVERED_A_NEW_TERM
2019-10-17 20:29:18,222 [c07977b7-c8ef-4f3c-80b1-66a07c6e3dcd@group-C2BDBBDF155D-LeaderElection385] INFO  impl.RoleInfo (RoleInfo.java:shutdownLeaderElection(134)) - c07977b7-c8ef-4f3c-80b1-66a07c6e3dcd: shutdown LeaderElection
2019-10-17 20:29:18,222 [c07977b7-c8ef-4f3c-80b1-66a07c6e3dcd@group-C2BDBBDF155D-LeaderElection385] INFO  impl.RoleInfo (RoleInfo.java:updateAndGet(143)) - c07977b7-c8ef-4f3c-80b1-66a07c6e3dcd: start FollowerState
2019-10-17 20:29:18,229 [Thread-3378] INFO  impl.FollowerState (FollowerState.java:run(108)) - c07977b7-c8ef-4f3c-80b1-66a07c6e3dcd@group-C2BDBBDF155D-FollowerState: change to CANDIDATE, lastRpcTime:7ms, electionTimeout:7ms
2019-10-17 20:29:18,230 [Thread-3378] INFO  impl.RoleInfo (RoleInfo.java:shutdownFollowerState(121)) - c07977b7-c8ef-4f3c-80b1-66a07c6e3dcd: shutdown FollowerState
2019-10-17 20:29:18,230 [Thread-3378] INFO  impl.RaftServerImpl (RaftServerImpl.java:setRole(184)) - c07977b7-c8ef-4f3c-80b1-66a07c6e3dcd@group-C2BDBBDF155D: changes role from  FOLLOWER to CANDIDATE at term 402 for changeToCandidate
2019-10-17 20:29:18,230 [Thread-3378] INFO  impl.RoleInfo (RoleInfo.java:updateAndGet(143)) - c07977b7-c8ef-4f3c-80b1-66a07c6e3dcd: start LeaderElection
2019-10-17 20:29:18,255 [c07977b7-c8ef-4f3c-80b1-66a07c6e3dcd@group-C2BDBBDF155D-LeaderElection386] INFO  impl.LeaderElection (LeaderElection.java:askForVotes(178)) - c07977b7-c8ef-4f3c-80b1-66a07c6e3dcd@group-C2BDBBDF155D-LeaderElection386: begin an election at term 403 for -1: [d81605c5-54b3-45a8-b5ae-2e8d8890cbef:192.168.164.201:42755, 7f29c796-0732-402f-b865-67033766dcba:192.168.164.201:40704, c07977b7-c8ef-4f3c-80b1-66a07c6e3dcd:192.168.164.201:38664], old=null
2019-10-17 20:29:18,256 [grpc-default-executor-2] INFO  impl.RaftServerImpl (RaftServerImpl.java:setRole(184)) - d81605c5-54b3-45a8-b5ae-2e8d8890cbef@group-C2BDBBDF155D: changes role from  FOLLOWER to FOLLOWER at term 403 for recognizeCandidate:c07977b7-c8ef-4f3c-80b1-66a07c6e3dcd
2019-10-17 20:29:18,256 [grpc-default-executor-2] INFO  impl.RoleInfo (RoleInfo.java:shutdownFollowerState(121)) - d81605c5-54b3-45a8-b5ae-2e8d8890cbef: shutdown FollowerState
2019-10-17 20:29:18,256 [grpc-default-executor-2] INFO  impl.RoleInfo (RoleInfo.java:updateAndGet(143)) - d81605c5-54b3-45a8-b5ae-2e8d8890cbef: start FollowerState
2019-10-17 20:29:18,256 [Thread-3377] INFO  impl.FollowerState (FollowerState.java:run(117)) - d81605c5-54b3-45a8-b5ae-2e8d8890cbef@group-C2BDBBDF155D-FollowerState was interrupted: java.lang.InterruptedException: sleep interrupted
2019-10-17 20:29:18,256 [grpc-default-executor-1] INFO  impl.RaftServerImpl (RaftServerImpl.java:setRole(184)) - 7f29c796-0732-402f-b865-67033766dcba@group-C2BDBBDF155D: changes role from  FOLLOWER to FOLLOWER at term 403 for recognizeCandidate:c07977b7-c8ef-4f3c-80b1-66a07c6e3dcd
2019-10-17 20:29:18,257 [grpc-default-executor-1] INFO  impl.RoleInfo (RoleInfo.java:shutdownFollowerState(121)) - 7f29c796-0732-402f-b865-67033766dcba: shutdown FollowerState
2019-10-17 20:29:18,257 [grpc-default-executor-1] INFO  impl.RoleInfo (RoleInfo.java:updateAndGet(143)) - 7f29c796-0732-402f-b865-67033766dcba: start FollowerState
2019-10-17 20:29:18,257 [Thread-3376] INFO  impl.FollowerState (FollowerState.java:run(117)) - 7f29c796-0732-402f-b865-67033766dcba@group-C2BDBBDF155D-FollowerState was interrupted: java.lang.InterruptedException: sleep interrupted
2019-10-17 20:29:18,281 [c07977b7-c8ef-4f3c-80b1-66a07c6e3dcd@group-C2BDBBDF155D-LeaderElection386] INFO  impl.LeaderElection (LeaderElection.java:logAndReturn(56)) - c07977b7-c8ef-4f3c-80b1-66a07c6e3dcd@group-C2BDBBDF155D-LeaderElection386: Election REJECTED; received 2 response(s) [c07977b7-c8ef-4f3c-80b1-66a07c6e3dcd<-d81605c5-54b3-45a8-b5ae-2e8d8890cbef#0:FAIL-t403, c07977b7-c8ef-4f3c-80b1-66a07c6e3dcd<-7f29c796-0732-402f-b865-67033766dcba#0:FAIL-t403] and 0 exception(s); c07977b7-c8ef-4f3c-80b1-66a07c6e3dcd@group-C2BDBBDF155D:t403, leader=null, voted=c07977b7-c8ef-4f3c-80b1-66a07c6e3dcd, raftlog=c07977b7-c8ef-4f3c-80b1-66a07c6e3dcd@group-C2BDBBDF155D-SegmentedRaftLog:OPENED:c-1,f-1,i0, conf=-1: [d81605c5-54b3-45a8-b5ae-2e8d8890cbef:192.168.164.201:42755, 7f29c796-0732-402f-b865-67033766dcba:192.168.164.201:40704, c07977b7-c8ef-4f3c-80b1-66a07c6e3dcd:192.168.164.201:38664], old=null
2019-10-17 20:29:18,281 [c07977b7-c8ef-4f3c-80b1-66a07c6e3dcd@group-C2BDBBDF155D-LeaderElection386] INFO  impl.RaftServerImpl (RaftServerImpl.java:setRole(184)) - c07977b7-c8ef-4f3c-80b1-66a07c6e3dcd@group-C2BDBBDF155D: changes role from CANDIDATE to FOLLOWER at term 403 for DISCOVERED_A_NEW_TERM
2019-10-17 20:29:18,281 [c07977b7-c8ef-4f3c-80b1-66a07c6e3dcd@group-C2BDBBDF155D-LeaderElection386] INFO  impl.RoleInfo (RoleInfo.java:shutdownLeaderElection(134)) - c07977b7-c8ef-4f3c-80b1-66a07c6e3dcd: shutdown LeaderElection
2019-10-17 20:29:18,281 [c07977b7-c8ef-4f3c-80b1-66a07c6e3dcd@group-C2BDBBDF155D-LeaderElection386] INFO  impl.RoleInfo (RoleInfo.java:updateAndGet(143)) - c07977b7-c8ef-4f3c-80b1-66a07c6e3dcd: start FollowerState
2019-10-17 20:29:18,302 [Thread-3384] INFO  impl.FollowerState (FollowerState.java:run(108)) - c07977b7-c8ef-4f3c-80b1-66a07c6e3dcd@group-C2BDBBDF155D-FollowerState: change to CANDIDATE, lastRpcTime:21ms, electionTimeout:21ms
2019-10-17 20:29:18,302 [Thread-3384] INFO  impl.RoleInfo (RoleInfo.java:shutdownFollowerState(121)) - c07977b7-c8ef-4f3c-80b1-66a07c6e3dcd: shutdown FollowerState
2019-10-17 20:29:18,303 [Thread-3384] INFO  impl.RaftServerImpl (RaftServerImpl.java:setRole(184)) - c07977b7-c8ef-4f3c-80b1-66a07c6e3dcd@group-C2BDBBDF155D: changes role from  FOLLOWER to CANDIDATE at term 403 for changeToCandidate
2019-10-17 20:29:18,303 [Thread-3384] INFO  impl.RoleInfo (RoleInfo.java:updateAndGet(143)) - c07977b7-c8ef-4f3c-80b1-66a07c6e3dcd: start LeaderElection
2019-10-17 20:29:18,330 [c07977b7-c8ef-4f3c-80b1-66a07c6e3dcd@group-C2BDBBDF155D-LeaderElection387] INFO  impl.LeaderElection (LeaderElection.java:askForVotes(178)) - c07977b7-c8ef-4f3c-80b1-66a07c6e3dcd@group-C2BDBBDF155D-LeaderElection387: begin an election at term 404 for -1: [d81605c5-54b3-45a8-b5ae-2e8d8890cbef:192.168.164.201:42755, 7f29c796-0732-402f-b865-67033766dcba:192.168.164.201:40704, c07977b7-c8ef-4f3c-80b1-66a07c6e3dcd:192.168.164.201:38664], old=null
2019-10-17 20:29:18,332 [grpc-default-executor-4] INFO  impl.RaftServerImpl (RaftServerImpl.java:setRole(184)) - 7f29c796-0732-402f-b865-67033766dcba@group-C2BDBBDF155D: changes role from  FOLLOWER to FOLLOWER at term 404 for recognizeCandidate:c07977b7-c8ef-4f3c-80b1-66a07c6e3dcd
2019-10-17 20:29:18,332 [grpc-default-executor-4] INFO  impl.RoleInfo (RoleInfo.java:shutdownFollowerState(121)) - 7f29c796-0732-402f-b865-67033766dcba: shutdown FollowerState
2019-10-17 20:29:18,332 [grpc-default-executor-1] INFO  impl.RaftServerImpl (RaftServerImpl.java:setRole(184)) - d81605c5-54b3-45a8-b5ae-2e8d8890cbef@group-C2BDBBDF155D: changes role from  FOLLOWER to FOLLOWER at term 404 for recognizeCandidate:c07977b7-c8ef-4f3c-80b1-66a07c6e3dcd
2019-10-17 20:29:18,332 [Thread-3383] INFO  impl.FollowerState (FollowerState.java:run(117)) - 7f29c796-0732-402f-b865-67033766dcba@group-C2BDBBDF155D-FollowerState was interrupted: java.lang.InterruptedException: sleep interrupted
2019-10-17 20:29:18,332 [grpc-default-executor-4] INFO  impl.RoleInfo (RoleInfo.java:updateAndGet(143)) - 7f29c796-0732-402f-b865-67033766dcba: start FollowerState
2019-10-17 20:29:18,332 [grpc-default-executor-1] INFO  impl.RoleInfo (RoleInfo.java:shutdownFollowerState(121)) - d81605c5-54b3-45a8-b5ae-2e8d8890cbef: shutdown FollowerState
2019-10-17 20:29:18,333 [grpc-default-executor-1] INFO  impl.RoleInfo (RoleInfo.java:updateAndGet(143)) - d81605c5-54b3-45a8-b5ae-2e8d8890cbef: start FollowerState
2019-10-17 20:29:18,333 [Thread-3382] INFO  impl.FollowerState (FollowerState.java:run(117)) - d81605c5-54b3-45a8-b5ae-2e8d8890cbef@group-C2BDBBDF155D-FollowerState was interrupted: java.lang.InterruptedException: sleep interrupted
2019-10-17 20:29:18,357 [c07977b7-c8ef-4f3c-80b1-66a07c6e3dcd@group-C2BDBBDF155D-LeaderElection387] INFO  impl.LeaderElection (LeaderElection.java:logAndReturn(56)) - c07977b7-c8ef-4f3c-80b1-66a07c6e3dcd@group-C2BDBBDF155D-LeaderElection387: Election REJECTED; received 2 response(s) [c07977b7-c8ef-4f3c-80b1-66a07c6e3dcd<-d81605c5-54b3-45a8-b5ae-2e8d8890cbef#0:FAIL-t404, c07977b7-c8ef-4f3c-80b1-66a07c6e3dcd<-7f29c796-0732-402f-b865-67033766dcba#0:FAIL-t404] and 0 exception(s); c07977b7-c8ef-4f3c-80b1-66a07c6e3dcd@group-C2BDBBDF155D:t404, leader=null, voted=c07977b7-c8ef-4f3c-80b1-66a07c6e3dcd, raftlog=c07977b7-c8ef-4f3c-80b1-66a07c6e3dcd@group-C2BDBBDF155D-SegmentedRaftLog:OPENED:c-1,f-1,i0, conf=-1: [d81605c5-54b3-45a8-b5ae-2e8d8890cbef:192.168.164.201:42755, 7f29c796-0732-402f-b865-67033766dcba:192.168.164.201:40704, c07977b7-c8ef-4f3c-80b1-66a07c6e3dcd:192.168.164.201:38664], old=null
2019-10-17 20:29:18,357 [c07977b7-c8ef-4f3c-80b1-66a07c6e3dcd@group-C2BDBBDF155D-LeaderElection387] INFO  impl.RaftServerImpl (RaftServerImpl.java:setRole(184)) - c07977b7-c8ef-4f3c-80b1-66a07c6e3dcd@group-C2BDBBDF155D: changes role from CANDIDATE to FOLLOWER at term 404 for DISCOVERED_A_NEW_TERM
2019-10-17 20:29:18,357 [c07977b7-c8ef-4f3c-80b1-66a07c6e3dcd@group-C2BDBBDF155D-LeaderElection387] INFO  impl.RoleInfo (RoleInfo.java:shutdownLeaderElection(134)) - c07977b7-c8ef-4f3c-80b1-66a07c6e3dcd: shutdown LeaderElection
2019-10-17 20:29:18,357 [c07977b7-c8ef-4f3c-80b1-66a07c6e3dcd@group-C2BDBBDF155D-LeaderElection387] INFO  impl.RoleInfo (RoleInfo.java:updateAndGet(143)) - c07977b7-c8ef-4f3c-80b1-66a07c6e3dcd: start FollowerState
2019-10-17 20:29:18,362 [Thread-3390] INFO  impl.FollowerState (FollowerState.java:run(108)) - c07977b7-c8ef-4f3c-80b1-66a07c6e3dcd@group-C2BDBBDF155D-FollowerState: change to CANDIDATE, lastRpcTime:5ms, electionTimeout:5ms
2019-10-17 20:29:18,362 [Thread-3390] INFO  impl.RoleInfo (RoleInfo.java:shutdownFollowerState(121)) - c07977b7-c8ef-4f3c-80b1-66a07c6e3dcd: shutdown FollowerState
2019-10-17 20:29:18,362 [Thread-3390] INFO  impl.RaftServerImpl (RaftServerImpl.java:setRole(184)) - c07977b7-c8ef-4f3c-80b1-66a07c6e3dcd@group-C2BDBBDF155D: changes role from  FOLLOWER to CANDIDATE at term 404 for changeToCandidate
2019-10-17 20:29:18,363 [Thread-3390] INFO  impl.RoleInfo (RoleInfo.java:updateAndGet(143)) - c07977b7-c8ef-4f3c-80b1-66a07c6e3dcd: start LeaderElection
2019-10-17 20:29:18,389 [c07977b7-c8ef-4f3c-80b1-66a07c6e3dcd@group-C2BDBBDF155D-LeaderElection388] INFO  impl.LeaderElection (LeaderElection.java:askForVotes(178)) - c07977b7-c8ef-4f3c-80b1-66a07c6e3dcd@group-C2BDBBDF155D-LeaderElection388: begin an election at term 405 for -1: [d81605c5-54b3-45a8-b5ae-2e8d8890cbef:192.168.164.201:42755, 7f29c796-0732-402f-b865-67033766dcba:192.168.164.201:40704, c07977b7-c8ef-4f3c-80b1-66a07c6e3dcd:192.168.164.201:38664], old=null
2019-10-17 20:29:18,391 [grpc-default-executor-1] INFO  impl.RaftServerImpl (RaftServerImpl.java:setRole(184)) - d81605c5-54b3-45a8-b5ae-2e8d8890cbef@group-C2BDBBDF155D: changes role from  FOLLOWER to FOLLOWER at term 405 for recognizeCandidate:c07977b7-c8ef-4f3c-80b1-66a07c6e3dcd
2019-10-17 20:29:18,391 [grpc-default-executor-1] INFO  impl.RoleInfo (RoleInfo.java:shutdownFollowerState(121)) - d81605c5-54b3-45a8-b5ae-2e8d8890cbef: shutdown FollowerState
2019-10-17 20:29:18,391 [grpc-default-executor-4] INFO  impl.RaftServerImpl (RaftServerImpl.java:setRole(184)) - 7f29c796-0732-402f-b865-67033766dcba@group-C2BDBBDF155D: changes role from  FOLLOWER to FOLLOWER at term 405 for recognizeCandidate:c07977b7-c8ef-4f3c-80b1-66a07c6e3dcd
2019-10-17 20:29:18,391 [Thread-3389] INFO  impl.FollowerState (FollowerState.java:run(117)) - d81605c5-54b3-45a8-b5ae-2e8d8890cbef@group-C2BDBBDF155D-FollowerState was interrupted: java.lang.InterruptedException: sleep interrupted
2019-10-17 20:29:18,391 [grpc-default-executor-1] INFO  impl.RoleInfo (RoleInfo.java:updateAndGet(143)) - d81605c5-54b3-45a8-b5ae-2e8d8890cbef: start FollowerState
2019-10-17 20:29:18,391 [grpc-default-executor-4] INFO  impl.RoleInfo (RoleInfo.java:shutdownFollowerState(121)) - 7f29c796-0732-402f-b865-67033766dcba: shutdown FollowerState
2019-10-17 20:29:18,392 [grpc-default-executor-4] INFO  impl.RoleInfo (RoleInfo.java:updateAndGet(143)) - 7f29c796-0732-402f-b865-67033766dcba: start FollowerState
2019-10-17 20:29:18,392 [Thread-3388] INFO  impl.FollowerState (FollowerState.java:run(117)) - 7f29c796-0732-402f-b865-67033766dcba@group-C2BDBBDF155D-FollowerState was interrupted: java.lang.InterruptedException: sleep interrupted
2019-10-17 20:29:18,416 [c07977b7-c8ef-4f3c-80b1-66a07c6e3dcd@group-C2BDBBDF155D-LeaderElection388] INFO  impl.LeaderElection (LeaderElection.java:logAndReturn(56)) - c07977b7-c8ef-4f3c-80b1-66a07c6e3dcd@group-C2BDBBDF155D-LeaderElection388: Election REJECTED; received 2 response(s) [c07977b7-c8ef-4f3c-80b1-66a07c6e3dcd<-d81605c5-54b3-45a8-b5ae-2e8d8890cbef#0:FAIL-t405, c07977b7-c8ef-4f3c-80b1-66a07c6e3dcd<-7f29c796-0732-402f-b865-67033766dcba#0:FAIL-t405] and 0 exception(s); c07977b7-c8ef-4f3c-80b1-66a07c6e3dcd@group-C2BDBBDF155D:t405, leader=null, voted=c07977b7-c8ef-4f3c-80b1-66a07c6e3dcd, raftlog=c07977b7-c8ef-4f3c-80b1-66a07c6e3dcd@group-C2BDBBDF155D-SegmentedRaftLog:OPENED:c-1,f-1,i0, conf=-1: [d81605c5-54b3-45a8-b5ae-2e8d8890cbef:192.168.164.201:42755, 7f29c796-0732-402f-b865-67033766dcba:192.168.164.201:40704, c07977b7-c8ef-4f3c-80b1-66a07c6e3dcd:192.168.164.201:38664], old=null
2019-10-17 20:29:18,416 [c07977b7-c8ef-4f3c-80b1-66a07c6e3dcd@group-C2BDBBDF155D-LeaderElection388] INFO  impl.RaftServerImpl (RaftServerImpl.java:setRole(184)) - c07977b7-c8ef-4f3c-80b1-66a07c6e3dcd@group-C2BDBBDF155D: changes role from CANDIDATE to FOLLOWER at term 405 for DISCOVERED_A_NEW_TERM
2019-10-17 20:29:18,416 [c07977b7-c8ef-4f3c-80b1-66a07c6e3dcd@group-C2BDBBDF155D-LeaderElection388] INFO  impl.RoleInfo (RoleInfo.java:shutdownLeaderElection(134)) - c07977b7-c8ef-4f3c-80b1-66a07c6e3dcd: shutdown LeaderElection
2019-10-17 20:29:18,416 [c07977b7-c8ef-4f3c-80b1-66a07c6e3dcd@group-C2BDBBDF155D-LeaderElection388] INFO  impl.RoleInfo (RoleInfo.java:updateAndGet(143)) - c07977b7-c8ef-4f3c-80b1-66a07c6e3dcd: start FollowerState
2019-10-17 20:29:18,457 [Thread-3396] INFO  impl.FollowerState (FollowerState.java:run(108)) - c07977b7-c8ef-4f3c-80b1-66a07c6e3dcd@group-C2BDBBDF155D-FollowerState: change to CANDIDATE, lastRpcTime:41ms, electionTimeout:41ms
2019-10-17 20:29:18,457 [Thread-3396] INFO  impl.RoleInfo (RoleInfo.java:shutdownFollowerState(121)) - c07977b7-c8ef-4f3c-80b1-66a07c6e3dcd: shutdown FollowerState
2019-10-17 20:29:18,458 [Thread-3396] INFO  impl.RaftServerImpl (RaftServerImpl.java:setRole(184)) - c07977b7-c8ef-4f3c-80b1-66a07c6e3dcd@group-C2BDBBDF155D: changes role from  FOLLOWER to CANDIDATE at term 405 for changeToCandidate
2019-10-17 20:29:18,458 [Thread-3396] INFO  impl.RoleInfo (RoleInfo.java:updateAndGet(143)) - c07977b7-c8ef-4f3c-80b1-66a07c6e3dcd: start LeaderElection
2019-10-17 20:29:18,498 [c07977b7-c8ef-4f3c-80b1-66a07c6e3dcd@group-C2BDBBDF155D-LeaderElection389] INFO  impl.LeaderElection (LeaderElection.java:askForVotes(178)) - c07977b7-c8ef-4f3c-80b1-66a07c6e3dcd@group-C2BDBBDF155D-LeaderElection389: begin an election at term 406 for -1: [d81605c5-54b3-45a8-b5ae-2e8d8890cbef:192.168.164.201:42755, 7f29c796-0732-402f-b865-67033766dcba:192.168.164.201:40704, c07977b7-c8ef-4f3c-80b1-66a07c6e3dcd:192.168.164.201:38664], old=null
2019-10-17 20:29:18,500 [grpc-default-executor-1] INFO  impl.RaftServerImpl (RaftServerImpl.java:setRole(184)) - d81605c5-54b3-45a8-b5ae-2e8d8890cbef@group-C2BDBBDF155D: changes role from  FOLLOWER to FOLLOWER at term 406 for recognizeCandidate:c07977b7-c8ef-4f3c-80b1-66a07c6e3dcd
2019-10-17 20:29:18,500 [grpc-default-executor-4] INFO  impl.RaftServerImpl (RaftServerImpl.java:setRole(184)) - 7f29c796-0732-402f-b865-67033766dcba@group-C2BDBBDF155D: changes role from  FOLLOWER to FOLLOWER at term 406 for recognizeCandidate:c07977b7-c8ef-4f3c-80b1-66a07c6e3dcd
2019-10-17 20:29:18,500 [grpc-default-executor-1] INFO  impl.RoleInfo (RoleInfo.java:shutdownFollowerState(121)) - d81605c5-54b3-45a8-b5ae-2e8d8890cbef: shutdown FollowerState
2019-10-17 20:29:18,500 [grpc-default-executor-4] INFO  impl.RoleInfo (RoleInfo.java:shutdownFollowerState(121)) - 7f29c796-0732-402f-b865-67033766dcba: shutdown FollowerState
2019-10-17 20:29:18,501 [grpc-default-executor-4] INFO  impl.RoleInfo (RoleInfo.java:updateAndGet(143)) - 7f29c796-0732-402f-b865-67033766dcba: start FollowerState
2019-10-17 20:29:18,501 [Thread-3394] INFO  impl.FollowerState (FollowerState.java:run(117)) - d81605c5-54b3-45a8-b5ae-2e8d8890cbef@group-C2BDBBDF155D-FollowerState was interrupted: java.lang.InterruptedException: sleep interrupted
2019-10-17 20:29:18,501 [grpc-default-executor-1] INFO  impl.RoleInfo (RoleInfo.java:updateAndGet(143)) - d81605c5-54b3-45a8-b5ae-2e8d8890cbef: start FollowerState
2019-10-17 20:29:18,501 [Thread-3395] INFO  impl.FollowerState (FollowerState.java:run(117)) - 7f29c796-0732-402f-b865-67033766dcba@group-C2BDBBDF155D-FollowerState was interrupted: java.lang.InterruptedException: sleep interrupted
2019-10-17 20:29:18,525 [c07977b7-c8ef-4f3c-80b1-66a07c6e3dcd@group-C2BDBBDF155D-LeaderElection389] INFO  impl.LeaderElection (LeaderElection.java:logAndReturn(56)) - c07977b7-c8ef-4f3c-80b1-66a07c6e3dcd@group-C2BDBBDF155D-LeaderElection389: Election REJECTED; received 2 response(s) [c07977b7-c8ef-4f3c-80b1-66a07c6e3dcd<-d81605c5-54b3-45a8-b5ae-2e8d8890cbef#0:FAIL-t406, c07977b7-c8ef-4f3c-80b1-66a07c6e3dcd<-7f29c796-0732-402f-b865-67033766dcba#0:FAIL-t406] and 0 exception(s); c07977b7-c8ef-4f3c-80b1-66a07c6e3dcd@group-C2BDBBDF155D:t406, leader=null, voted=c07977b7-c8ef-4f3c-80b1-66a07c6e3dcd, raftlog=c07977b7-c8ef-4f3c-80b1-66a07c6e3dcd@group-C2BDBBDF155D-SegmentedRaftLog:OPENED:c-1,f-1,i0, conf=-1: [d81605c5-54b3-45a8-b5ae-2e8d8890cbef:192.168.164.201:42755, 7f29c796-0732-402f-b865-67033766dcba:192.168.164.201:40704, c07977b7-c8ef-4f3c-80b1-66a07c6e3dcd:192.168.164.201:38664], old=null
2019-10-17 20:29:18,525 [c07977b7-c8ef-4f3c-80b1-66a07c6e3dcd@group-C2BDBBDF155D-LeaderElection389] INFO  impl.RaftServerImpl (RaftServerImpl.java:setRole(184)) - c07977b7-c8ef-4f3c-80b1-66a07c6e3dcd@group-C2BDBBDF155D: changes role from CANDIDATE to FOLLOWER at term 406 for DISCOVERED_A_NEW_TERM
2019-10-17 20:29:18,525 [c07977b7-c8ef-4f3c-80b1-66a07c6e3dcd@group-C2BDBBDF155D-LeaderElection389] INFO  impl.RoleInfo (RoleInfo.java:shutdownLeaderElection(134)) - c07977b7-c8ef-4f3c-80b1-66a07c6e3dcd: shutdown LeaderElection
2019-10-17 20:29:18,525 [c07977b7-c8ef-4f3c-80b1-66a07c6e3dcd@group-C2BDBBDF155D-LeaderElection389] INFO  impl.RoleInfo (RoleInfo.java:updateAndGet(143)) - c07977b7-c8ef-4f3c-80b1-66a07c6e3dcd: start FollowerState
2019-10-17 20:29:18,654 [Thread-3402] INFO  impl.FollowerState (FollowerState.java:run(108)) - c07977b7-c8ef-4f3c-80b1-66a07c6e3dcd@group-C2BDBBDF155D-FollowerState: change to CANDIDATE, lastRpcTime:129ms, electionTimeout:129ms
2019-10-17 20:29:18,655 [Thread-3402] INFO  impl.RoleInfo (RoleInfo.java:shutdownFollowerState(121)) - c07977b7-c8ef-4f3c-80b1-66a07c6e3dcd: shutdown FollowerState
2019-10-17 20:29:18,655 [Thread-3402] INFO  impl.RaftServerImpl (RaftServerImpl.java:setRole(184)) - c07977b7-c8ef-4f3c-80b1-66a07c6e3dcd@group-C2BDBBDF155D: changes role from  FOLLOWER to CANDIDATE at term 406 for changeToCandidate
2019-10-17 20:29:18,655 [Thread-3402] INFO  impl.RoleInfo (RoleInfo.java:updateAndGet(143)) - c07977b7-c8ef-4f3c-80b1-66a07c6e3dcd: start LeaderElection
2019-10-17 20:29:18,683 [c07977b7-c8ef-4f3c-80b1-66a07c6e3dcd@group-C2BDBBDF155D-LeaderElection390] INFO  impl.LeaderElection (LeaderElection.java:askForVotes(178)) - c07977b7-c8ef-4f3c-80b1-66a07c6e3dcd@group-C2BDBBDF155D-LeaderElection390: begin an election at term 407 for -1: [d81605c5-54b3-45a8-b5ae-2e8d8890cbef:192.168.164.201:42755, 7f29c796-0732-402f-b865-67033766dcba:192.168.164.201:40704, c07977b7-c8ef-4f3c-80b1-66a07c6e3dcd:192.168.164.201:38664], old=null
2019-10-17 20:29:18,685 [grpc-default-executor-1] INFO  impl.RaftServerImpl (RaftServerImpl.java:setRole(184)) - 7f29c796-0732-402f-b865-67033766dcba@group-C2BDBBDF155D: changes role from  FOLLOWER to FOLLOWER at term 407 for recognizeCandidate:c07977b7-c8ef-4f3c-80b1-66a07c6e3dcd
2019-10-17 20:29:18,685 [grpc-default-executor-1] INFO  impl.RoleInfo (RoleInfo.java:shutdownFollowerState(121)) - 7f29c796-0732-402f-b865-67033766dcba: shutdown FollowerState
2019-10-17 20:29:18,685 [grpc-default-executor-4] INFO  impl.RaftServerImpl (RaftServerImpl.java:setRole(184)) - d81605c5-54b3-45a8-b5ae-2e8d8890cbef@group-C2BDBBDF155D: changes role from  FOLLOWER to FOLLOWER at term 407 for recognizeCandidate:c07977b7-c8ef-4f3c-80b1-66a07c6e3dcd
2019-10-17 20:29:18,685 [grpc-default-executor-4] INFO  impl.RoleInfo (RoleInfo.java:shutdownFollowerState(121)) - d81605c5-54b3-45a8-b5ae-2e8d8890cbef: shutdown FollowerState
2019-10-17 20:29:18,685 [Thread-3401] INFO  impl.FollowerState (FollowerState.java:run(117)) - 7f29c796-0732-402f-b865-67033766dcba@group-C2BDBBDF155D-FollowerState was interrupted: java.lang.InterruptedException: sleep interrupted
2019-10-17 20:29:18,685 [grpc-default-executor-1] INFO  impl.RoleInfo (RoleInfo.java:updateAndGet(143)) - 7f29c796-0732-402f-b865-67033766dcba: start FollowerState
2019-10-17 20:29:18,685 [grpc-default-executor-4] INFO  impl.RoleInfo (RoleInfo.java:updateAndGet(143)) - d81605c5-54b3-45a8-b5ae-2e8d8890cbef: start FollowerState
2019-10-17 20:29:18,685 [Thread-3400] INFO  impl.FollowerState (FollowerState.java:run(117)) - d81605c5-54b3-45a8-b5ae-2e8d8890cbef@group-C2BDBBDF155D-FollowerState was interrupted: java.lang.InterruptedException: sleep interrupted
2019-10-17 20:29:18,709 [c07977b7-c8ef-4f3c-80b1-66a07c6e3dcd@group-C2BDBBDF155D-LeaderElection390] INFO  impl.LeaderElection (LeaderElection.java:logAndReturn(56)) - c07977b7-c8ef-4f3c-80b1-66a07c6e3dcd@group-C2BDBBDF155D-LeaderElection390: Election REJECTED; received 2 response(s) [c07977b7-c8ef-4f3c-80b1-66a07c6e3dcd<-d81605c5-54b3-45a8-b5ae-2e8d8890cbef#0:FAIL-t407, c07977b7-c8ef-4f3c-80b1-66a07c6e3dcd<-7f29c796-0732-402f-b865-67033766dcba#0:FAIL-t407] and 0 exception(s); c07977b7-c8ef-4f3c-80b1-66a07c6e3dcd@group-C2BDBBDF155D:t407, leader=null, voted=c07977b7-c8ef-4f3c-80b1-66a07c6e3dcd, raftlog=c07977b7-c8ef-4f3c-80b1-66a07c6e3dcd@group-C2BDBBDF155D-SegmentedRaftLog:OPENED:c-1,f-1,i0, conf=-1: [d81605c5-54b3-45a8-b5ae-2e8d8890cbef:192.168.164.201:42755, 7f29c796-0732-402f-b865-67033766dcba:192.168.164.201:40704, c07977b7-c8ef-4f3c-80b1-66a07c6e3dcd:192.168.164.201:38664], old=null
2019-10-17 20:29:18,709 [c07977b7-c8ef-4f3c-80b1-66a07c6e3dcd@group-C2BDBBDF155D-LeaderElection390] INFO  impl.RaftServerImpl (RaftServerImpl.java:setRole(184)) - c07977b7-c8ef-4f3c-80b1-66a07c6e3dcd@group-C2BDBBDF155D: changes role from CANDIDATE to FOLLOWER at term 407 for DISCOVERED_A_NEW_TERM
2019-10-17 20:29:18,709 [c07977b7-c8ef-4f3c-80b1-66a07c6e3dcd@group-C2BDBBDF155D-LeaderElection390] INFO  impl.RoleInfo (RoleInfo.java:shutdownLeaderElection(134)) - c07977b7-c8ef-4f3c-80b1-66a07c6e3dcd: shutdown LeaderElection
2019-10-17 20:29:18,709 [c07977b7-c8ef-4f3c-80b1-66a07c6e3dcd@group-C2BDBBDF155D-LeaderElection390] INFO  impl.RoleInfo (RoleInfo.java:updateAndGet(143)) - c07977b7-c8ef-4f3c-80b1-66a07c6e3dcd: start FollowerState
2019-10-17 20:29:18,835 [Thread-3408] INFO  impl.FollowerState (FollowerState.java:run(108)) - c07977b7-c8ef-4f3c-80b1-66a07c6e3dcd@group-C2BDBBDF155D-FollowerState: change to CANDIDATE, lastRpcTime:125ms, electionTimeout:125ms
2019-10-17 20:29:18,835 [Thread-3408] INFO  impl.RoleInfo (RoleInfo.java:shutdownFollowerState(121)) - c07977b7-c8ef-4f3c-80b1-66a07c6e3dcd: shutdown FollowerState
2019-10-17 20:29:18,835 [Thread-3408] INFO  impl.RaftServerImpl (RaftServerImpl.java:setRole(184)) - c07977b7-c8ef-4f3c-80b1-66a07c6e3dcd@group-C2BDBBDF155D: changes role from  FOLLOWER to CANDIDATE at term 407 for changeToCandidate
2019-10-17 20:29:18,835 [Thread-3408] INFO  impl.RoleInfo (RoleInfo.java:updateAndGet(143)) - c07977b7-c8ef-4f3c-80b1-66a07c6e3dcd: start LeaderElection
2019-10-17 20:29:18,858 [c07977b7-c8ef-4f3c-80b1-66a07c6e3dcd@group-C2BDBBDF155D-LeaderElection391] INFO  impl.LeaderElection (LeaderElection.java:askForVotes(178)) - c07977b7-c8ef-4f3c-80b1-66a07c6e3dcd@group-C2BDBBDF155D-LeaderElection391: begin an election at term 408 for -1: [d81605c5-54b3-45a8-b5ae-2e8d8890cbef:192.168.164.201:42755, 7f29c796-0732-402f-b865-67033766dcba:192.168.164.201:40704, c07977b7-c8ef-4f3c-80b1-66a07c6e3dcd:192.168.164.201:38664], old=null
2019-10-17 20:29:18,860 [grpc-default-executor-1] INFO  impl.RaftServerImpl (RaftServerImpl.java:setRole(184)) - 7f29c796-0732-402f-b865-67033766dcba@group-C2BDBBDF155D: changes role from  FOLLOWER to FOLLOWER at term 408 for recognizeCandidate:c07977b7-c8ef-4f3c-80b1-66a07c6e3dcd
2019-10-17 20:29:18,860 [grpc-default-executor-4] INFO  impl.RaftServerImpl (RaftServerImpl.java:setRole(184)) - d81605c5-54b3-45a8-b5ae-2e8d8890cbef@group-C2BDBBDF155D: changes role from  FOLLOWER to FOLLOWER at term 408 for recognizeCandidate:c07977b7-c8ef-4f3c-80b1-66a07c6e3dcd
2019-10-17 20:29:18,861 [grpc-default-executor-4] INFO  impl.RoleInfo (RoleInfo.java:shutdownFollowerState(121)) - d81605c5-54b3-45a8-b5ae-2e8d8890cbef: shutdown FollowerState
2019-10-17 20:29:18,861 [grpc-default-executor-1] INFO  impl.RoleInfo (RoleInfo.java:shutdownFollowerState(121)) - 7f29c796-0732-402f-b865-67033766dcba: shutdown FollowerState
2019-10-17 20:29:18,861 [Thread-3407] INFO  impl.FollowerState (FollowerState.java:run(117)) - d81605c5-54b3-45a8-b5ae-2e8d8890cbef@group-C2BDBBDF155D-FollowerState was interrupted: java.lang.InterruptedException: sleep interrupted
2019-10-17 20:29:18,861 [grpc-default-executor-4] INFO  impl.RoleInfo (RoleInfo.java:updateAndGet(143)) - d81605c5-54b3-45a8-b5ae-2e8d8890cbef: start FollowerState
2019-10-17 20:29:18,861 [Thread-3406] INFO  impl.FollowerState (FollowerState.java:run(117)) - 7f29c796-0732-402f-b865-67033766dcba@group-C2BDBBDF155D-FollowerState was interrupted: java.lang.InterruptedException: sleep interrupted
2019-10-17 20:29:18,861 [grpc-default-executor-1] INFO  impl.RoleInfo (RoleInfo.java:updateAndGet(143)) - 7f29c796-0732-402f-b865-67033766dcba: start FollowerState
2019-10-17 20:29:18,885 [c07977b7-c8ef-4f3c-80b1-66a07c6e3dcd@group-C2BDBBDF155D-LeaderElection391] INFO  impl.LeaderElection (LeaderElection.java:logAndReturn(56)) - c07977b7-c8ef-4f3c-80b1-66a07c6e3dcd@group-C2BDBBDF155D-LeaderElection391: Election REJECTED; received 2 response(s) [c07977b7-c8ef-4f3c-80b1-66a07c6e3dcd<-d81605c5-54b3-45a8-b5ae-2e8d8890cbef#0:FAIL-t408, c07977b7-c8ef-4f3c-80b1-66a07c6e3dcd<-7f29c796-0732-402f-b865-67033766dcba#0:FAIL-t408] and 0 exception(s); c07977b7-c8ef-4f3c-80b1-66a07c6e3dcd@group-C2BDBBDF155D:t408, leader=null, voted=c07977b7-c8ef-4f3c-80b1-66a07c6e3dcd, raftlog=c07977b7-c8ef-4f3c-80b1-66a07c6e3dcd@group-C2BDBBDF155D-SegmentedRaftLog:OPENED:c-1,f-1,i0, conf=-1: [d81605c5-54b3-45a8-b5ae-2e8d8890cbef:192.168.164.201:42755, 7f29c796-0732-402f-b865-67033766dcba:192.168.164.201:40704, c07977b7-c8ef-4f3c-80b1-66a07c6e3dcd:192.168.164.201:38664], old=null
2019-10-17 20:29:18,885 [c07977b7-c8ef-4f3c-80b1-66a07c6e3dcd@group-C2BDBBDF155D-LeaderElection391] INFO  impl.RaftServerImpl (RaftServerImpl.java:setRole(184)) - c07977b7-c8ef-4f3c-80b1-66a07c6e3dcd@group-C2BDBBDF155D: changes role from CANDIDATE to FOLLOWER at term 408 for DISCOVERED_A_NEW_TERM
2019-10-17 20:29:18,885 [c07977b7-c8ef-4f3c-80b1-66a07c6e3dcd@group-C2BDBBDF155D-LeaderElection391] INFO  impl.RoleInfo (RoleInfo.java:shutdownLeaderElection(134)) - c07977b7-c8ef-4f3c-80b1-66a07c6e3dcd: shutdown LeaderElection
2019-10-17 20:29:18,885 [c07977b7-c8ef-4f3c-80b1-66a07c6e3dcd@group-C2BDBBDF155D-LeaderElection391] INFO  impl.RoleInfo (RoleInfo.java:updateAndGet(143)) - c07977b7-c8ef-4f3c-80b1-66a07c6e3dcd: start FollowerState
2019-10-17 20:29:18,990 [Thread-3414] INFO  impl.FollowerState (FollowerState.java:run(108)) - c07977b7-c8ef-4f3c-80b1-66a07c6e3dcd@group-C2BDBBDF155D-FollowerState: change to CANDIDATE, lastRpcTime:105ms, electionTimeout:105ms
2019-10-17 20:29:18,991 [Thread-3414] INFO  impl.RoleInfo (RoleInfo.java:shutdownFollowerState(121)) - c07977b7-c8ef-4f3c-80b1-66a07c6e3dcd: shutdown FollowerState
2019-10-17 20:29:18,991 [Thread-3414] INFO  impl.RaftServerImpl (RaftServerImpl.java:setRole(184)) - c07977b7-c8ef-4f3c-80b1-66a07c6e3dcd@group-C2BDBBDF155D: changes role from  FOLLOWER to CANDIDATE at term 408 for changeToCandidate
2019-10-17 20:29:18,991 [Thread-3414] INFO  impl.RoleInfo (RoleInfo.java:updateAndGet(143)) - c07977b7-c8ef-4f3c-80b1-66a07c6e3dcd: start LeaderElection
2019-10-17 20:29:19,017 [c07977b7-c8ef-4f3c-80b1-66a07c6e3dcd@group-C2BDBBDF155D-LeaderElection392] INFO  impl.LeaderElection (LeaderElection.java:askForVotes(178)) - c07977b7-c8ef-4f3c-80b1-66a07c6e3dcd@group-C2BDBBDF155D-LeaderElection392: begin an election at term 409 for -1: [d81605c5-54b3-45a8-b5ae-2e8d8890cbef:192.168.164.201:42755, 7f29c796-0732-402f-b865-67033766dcba:192.168.164.201:40704, c07977b7-c8ef-4f3c-80b1-66a07c6e3dcd:192.168.164.201:38664], old=null
2019-10-17 20:29:19,019 [grpc-default-executor-1] INFO  impl.RaftServerImpl (RaftServerImpl.java:setRole(184)) - d81605c5-54b3-45a8-b5ae-2e8d8890cbef@group-C2BDBBDF155D: changes role from  FOLLOWER to FOLLOWER at term 409 for recognizeCandidate:c07977b7-c8ef-4f3c-80b1-66a07c6e3dcd
2019-10-17 20:29:19,020 [grpc-default-executor-1] INFO  impl.RoleInfo (RoleInfo.java:shutdownFollowerState(121)) - d81605c5-54b3-45a8-b5ae-2e8d8890cbef: shutdown FollowerState
2019-10-17 20:29:19,020 [grpc-default-executor-1] INFO  impl.RoleInfo (RoleInfo.java:updateAndGet(143)) - d81605c5-54b3-45a8-b5ae-2e8d8890cbef: start FollowerState
2019-10-17 20:29:19,020 [grpc-default-executor-4] INFO  impl.RaftServerImpl (RaftServerImpl.java:setRole(184)) - 7f29c796-0732-402f-b865-67033766dcba@group-C2BDBBDF155D: changes role from  FOLLOWER to FOLLOWER at term 409 for recognizeCandidate:c07977b7-c8ef-4f3c-80b1-66a07c6e3dcd
2019-10-17 20:29:19,020 [grpc-default-executor-4] INFO  impl.RoleInfo (RoleInfo.java:shutdownFollowerState(121)) - 7f29c796-0732-402f-b865-67033766dcba: shutdown FollowerState
2019-10-17 20:29:19,020 [Thread-3412] INFO  impl.FollowerState (FollowerState.java:run(117)) - d81605c5-54b3-45a8-b5ae-2e8d8890cbef@group-C2BDBBDF155D-FollowerState was interrupted: java.lang.InterruptedException: sleep interrupted
2019-10-17 20:29:19,020 [Thread-3413] INFO  impl.FollowerState (FollowerState.java:run(117)) - 7f29c796-0732-402f-b865-67033766dcba@group-C2BDBBDF155D-FollowerState was interrupted: java.lang.InterruptedException: sleep interrupted
2019-10-17 20:29:19,020 [grpc-default-executor-4] INFO  impl.RoleInfo (RoleInfo.java:updateAndGet(143)) - 7f29c796-0732-402f-b865-67033766dcba: start FollowerState
2019-10-17 20:29:19,043 [c07977b7-c8ef-4f3c-80b1-66a07c6e3dcd@group-C2BDBBDF155D-LeaderElection392] INFO  impl.LeaderElection (LeaderElection.java:logAndReturn(56)) - c07977b7-c8ef-4f3c-80b1-66a07c6e3dcd@group-C2BDBBDF155D-LeaderElection392: Election REJECTED; received 2 response(s) [c07977b7-c8ef-4f3c-80b1-66a07c6e3dcd<-d81605c5-54b3-45a8-b5ae-2e8d8890cbef#0:FAIL-t409, c07977b7-c8ef-4f3c-80b1-66a07c6e3dcd<-7f29c796-0732-402f-b865-67033766dcba#0:FAIL-t409] and 0 exception(s); c07977b7-c8ef-4f3c-80b1-66a07c6e3dcd@group-C2BDBBDF155D:t409, leader=null, voted=c07977b7-c8ef-4f3c-80b1-66a07c6e3dcd, raftlog=c07977b7-c8ef-4f3c-80b1-66a07c6e3dcd@group-C2BDBBDF155D-SegmentedRaftLog:OPENED:c-1,f-1,i0, conf=-1: [d81605c5-54b3-45a8-b5ae-2e8d8890cbef:192.168.164.201:42755, 7f29c796-0732-402f-b865-67033766dcba:192.168.164.201:40704, c07977b7-c8ef-4f3c-80b1-66a07c6e3dcd:192.168.164.201:38664], old=null
2019-10-17 20:29:19,044 [c07977b7-c8ef-4f3c-80b1-66a07c6e3dcd@group-C2BDBBDF155D-LeaderElection392] INFO  impl.RaftServerImpl (RaftServerImpl.java:setRole(184)) - c07977b7-c8ef-4f3c-80b1-66a07c6e3dcd@group-C2BDBBDF155D: changes role from CANDIDATE to FOLLOWER at term 409 for DISCOVERED_A_NEW_TERM
2019-10-17 20:29:19,044 [c07977b7-c8ef-4f3c-80b1-66a07c6e3dcd@group-C2BDBBDF155D-LeaderElection392] INFO  impl.RoleInfo (RoleInfo.java:shutdownLeaderElection(134)) - c07977b7-c8ef-4f3c-80b1-66a07c6e3dcd: shutdown LeaderElection
2019-10-17 20:29:19,044 [c07977b7-c8ef-4f3c-80b1-66a07c6e3dcd@group-C2BDBBDF155D-LeaderElection392] INFO  impl.RoleInfo (RoleInfo.java:updateAndGet(143)) - c07977b7-c8ef-4f3c-80b1-66a07c6e3dcd: start FollowerState
2019-10-17 20:29:19,212 [Thread-3420] INFO  impl.FollowerState (FollowerState.java:run(108)) - c07977b7-c8ef-4f3c-80b1-66a07c6e3dcd@group-C2BDBBDF155D-FollowerState: change to CANDIDATE, lastRpcTime:168ms, electionTimeout:168ms
2019-10-17 20:29:19,212 [Thread-3420] INFO  impl.RoleInfo (RoleInfo.java:shutdownFollowerState(121)) - c07977b7-c8ef-4f3c-80b1-66a07c6e3dcd: shutdown FollowerState
2019-10-17 20:29:19,213 [Thread-3420] INFO  impl.RaftServerImpl (RaftServerImpl.java:setRole(184)) - c07977b7-c8ef-4f3c-80b1-66a07c6e3dcd@group-C2BDBBDF155D: changes role from  FOLLOWER to CANDIDATE at term 409 for changeToCandidate
2019-10-17 20:29:19,213 [Thread-3420] INFO  impl.RoleInfo (RoleInfo.java:updateAndGet(143)) - c07977b7-c8ef-4f3c-80b1-66a07c6e3dcd: start LeaderElection
2019-10-17 20:29:19,243 [c07977b7-c8ef-4f3c-80b1-66a07c6e3dcd@group-C2BDBBDF155D-LeaderElection393] INFO  impl.LeaderElection (LeaderElection.java:askForVotes(178)) - c07977b7-c8ef-4f3c-80b1-66a07c6e3dcd@group-C2BDBBDF155D-LeaderElection393: begin an election at term 410 for -1: [d81605c5-54b3-45a8-b5ae-2e8d8890cbef:192.168.164.201:42755, 7f29c796-0732-402f-b865-67033766dcba:192.168.164.201:40704, c07977b7-c8ef-4f3c-80b1-66a07c6e3dcd:192.168.164.201:38664], old=null
2019-10-17 20:29:19,244 [grpc-default-executor-1] INFO  impl.RaftServerImpl (RaftServerImpl.java:setRole(184)) - d81605c5-54b3-45a8-b5ae-2e8d8890cbef@group-C2BDBBDF155D: changes role from  FOLLOWER to FOLLOWER at term 410 for recognizeCandidate:c07977b7-c8ef-4f3c-80b1-66a07c6e3dcd
2019-10-17 20:29:19,245 [grpc-default-executor-1] INFO  impl.RoleInfo (RoleInfo.java:shutdownFollowerState(121)) - d81605c5-54b3-45a8-b5ae-2e8d8890cbef: shutdown FollowerState
2019-10-17 20:29:19,245 [grpc-default-executor-4] INFO  impl.RaftServerImpl (RaftServerImpl.java:setRole(184)) - 7f29c796-0732-402f-b865-67033766dcba@group-C2BDBBDF155D: changes role from  FOLLOWER to FOLLOWER at term 410 for recognizeCandidate:c07977b7-c8ef-4f3c-80b1-66a07c6e3dcd
2019-10-17 20:29:19,245 [grpc-default-executor-4] INFO  impl.RoleInfo (RoleInfo.java:shutdownFollowerState(121)) - 7f29c796-0732-402f-b865-67033766dcba: shutdown FollowerState
2019-10-17 20:29:19,245 [Thread-3418] INFO  impl.FollowerState (FollowerState.java:run(117)) - d81605c5-54b3-45a8-b5ae-2e8d8890cbef@group-C2BDBBDF155D-FollowerState was interrupted: java.lang.InterruptedException: sleep interrupted
2019-10-17 20:29:19,245 [grpc-default-executor-1] INFO  impl.RoleInfo (RoleInfo.java:updateAndGet(143)) - d81605c5-54b3-45a8-b5ae-2e8d8890cbef: start FollowerState
2019-10-17 20:29:19,245 [Thread-3419] INFO  impl.FollowerState (FollowerState.java:run(117)) - 7f29c796-0732-402f-b865-67033766dcba@group-C2BDBBDF155D-FollowerState was interrupted: java.lang.InterruptedException: sleep interrupted
2019-10-17 20:29:19,245 [grpc-default-executor-4] INFO  impl.RoleInfo (RoleInfo.java:updateAndGet(143)) - 7f29c796-0732-402f-b865-67033766dcba: start FollowerState
2019-10-17 20:29:19,269 [c07977b7-c8ef-4f3c-80b1-66a07c6e3dcd@group-C2BDBBDF155D-LeaderElection393] INFO  impl.LeaderElection (LeaderElection.java:logAndReturn(56)) - c07977b7-c8ef-4f3c-80b1-66a07c6e3dcd@group-C2BDBBDF155D-LeaderElection393: Election REJECTED; received 2 response(s) [c07977b7-c8ef-4f3c-80b1-66a07c6e3dcd<-d81605c5-54b3-45a8-b5ae-2e8d8890cbef#0:FAIL-t410, c07977b7-c8ef-4f3c-80b1-66a07c6e3dcd<-7f29c796-0732-402f-b865-67033766dcba#0:FAIL-t410] and 0 exception(s); c07977b7-c8ef-4f3c-80b1-66a07c6e3dcd@group-C2BDBBDF155D:t410, leader=null, voted=c07977b7-c8ef-4f3c-80b1-66a07c6e3dcd, raftlog=c07977b7-c8ef-4f3c-80b1-66a07c6e3dcd@group-C2BDBBDF155D-SegmentedRaftLog:OPENED:c-1,f-1,i0, conf=-1: [d81605c5-54b3-45a8-b5ae-2e8d8890cbef:192.168.164.201:42755, 7f29c796-0732-402f-b865-67033766dcba:192.168.164.201:40704, c07977b7-c8ef-4f3c-80b1-66a07c6e3dcd:192.168.164.201:38664], old=null
2019-10-17 20:29:19,269 [c07977b7-c8ef-4f3c-80b1-66a07c6e3dcd@group-C2BDBBDF155D-LeaderElection393] INFO  impl.RaftServerImpl (RaftServerImpl.java:setRole(184)) - c07977b7-c8ef-4f3c-80b1-66a07c6e3dcd@group-C2BDBBDF155D: changes role from CANDIDATE to FOLLOWER at term 410 for DISCOVERED_A_NEW_TERM
2019-10-17 20:29:19,269 [c07977b7-c8ef-4f3c-80b1-66a07c6e3dcd@group-C2BDBBDF155D-LeaderElection393] INFO  impl.RoleInfo (RoleInfo.java:shutdownLeaderElection(134)) - c07977b7-c8ef-4f3c-80b1-66a07c6e3dcd: shutdown LeaderElection
2019-10-17 20:29:19,269 [c07977b7-c8ef-4f3c-80b1-66a07c6e3dcd@group-C2BDBBDF155D-LeaderElection393] INFO  impl.RoleInfo (RoleInfo.java:updateAndGet(143)) - c07977b7-c8ef-4f3c-80b1-66a07c6e3dcd: start FollowerState
2019-10-17 20:29:19,314 [Thread-3426] INFO  impl.FollowerState (FollowerState.java:run(108)) - c07977b7-c8ef-4f3c-80b1-66a07c6e3dcd@group-C2BDBBDF155D-FollowerState: change to CANDIDATE, lastRpcTime:44ms, electionTimeout:44ms
2019-10-17 20:29:19,314 [Thread-3426] INFO  impl.RoleInfo (RoleInfo.java:shutdownFollowerState(121)) - c07977b7-c8ef-4f3c-80b1-66a07c6e3dcd: shutdown FollowerState
2019-10-17 20:29:19,314 [Thread-3426] INFO  impl.RaftServerImpl (RaftServerImpl.java:setRole(184)) - c07977b7-c8ef-4f3c-80b1-66a07c6e3dcd@group-C2BDBBDF155D: changes role from  FOLLOWER to CANDIDATE at term 410 for changeToCandidate
2019-10-17 20:29:19,314 [Thread-3426] INFO  impl.RoleInfo (RoleInfo.java:updateAndGet(143)) - c07977b7-c8ef-4f3c-80b1-66a07c6e3dcd: start LeaderElection
2019-10-17 20:29:19,335 [c07977b7-c8ef-4f3c-80b1-66a07c6e3dcd@group-C2BDBBDF155D-LeaderElection394] INFO  impl.LeaderElection (LeaderElection.java:askForVotes(178)) - c07977b7-c8ef-4f3c-80b1-66a07c6e3dcd@group-C2BDBBDF155D-LeaderElection394: begin an election at term 411 for -1: [d81605c5-54b3-45a8-b5ae-2e8d8890cbef:192.168.164.201:42755, 7f29c796-0732-402f-b865-67033766dcba:192.168.164.201:40704, c07977b7-c8ef-4f3c-80b1-66a07c6e3dcd:192.168.164.201:38664], old=null
2019-10-17 20:29:19,337 [grpc-default-executor-4] INFO  impl.RaftServerImpl (RaftServerImpl.java:setRole(184)) - 7f29c796-0732-402f-b865-67033766dcba@group-C2BDBBDF155D: changes role from  FOLLOWER to FOLLOWER at term 411 for recognizeCandidate:c07977b7-c8ef-4f3c-80b1-66a07c6e3dcd
2019-10-17 20:29:19,337 [grpc-default-executor-1] INFO  impl.RaftServerImpl (RaftServerImpl.java:setRole(184)) - d81605c5-54b3-45a8-b5ae-2e8d8890cbef@group-C2BDBBDF155D: changes role from  FOLLOWER to FOLLOWER at term 411 for recognizeCandidate:c07977b7-c8ef-4f3c-80b1-66a07c6e3dcd
2019-10-17 20:29:19,337 [grpc-default-executor-4] INFO  impl.RoleInfo (RoleInfo.java:shutdownFollowerState(121)) - 7f29c796-0732-402f-b865-67033766dcba: shutdown FollowerState
2019-10-17 20:29:19,337 [grpc-default-executor-1] INFO  impl.RoleInfo (RoleInfo.java:shutdownFollowerState(121)) - d81605c5-54b3-45a8-b5ae-2e8d8890cbef: shutdown FollowerState
2019-10-17 20:29:19,338 [Thread-3425] INFO  impl.FollowerState (FollowerState.java:run(117)) - 7f29c796-0732-402f-b865-67033766dcba@group-C2BDBBDF155D-FollowerState was interrupted: java.lang.InterruptedException: sleep interrupted
2019-10-17 20:29:19,338 [grpc-default-executor-4] INFO  impl.RoleInfo (RoleInfo.java:updateAndGet(143)) - 7f29c796-0732-402f-b865-67033766dcba: start FollowerState
2019-10-17 20:29:19,338 [Thread-3424] INFO  impl.FollowerState (FollowerState.java:run(117)) - d81605c5-54b3-45a8-b5ae-2e8d8890cbef@group-C2BDBBDF155D-FollowerState was interrupted: java.lang.InterruptedException: sleep interrupted
2019-10-17 20:29:19,338 [grpc-default-executor-1] INFO  impl.RoleInfo (RoleInfo.java:updateAndGet(143)) - d81605c5-54b3-45a8-b5ae-2e8d8890cbef: start FollowerState
2019-10-17 20:29:19,361 [c07977b7-c8ef-4f3c-80b1-66a07c6e3dcd@group-C2BDBBDF155D-LeaderElection394] INFO  impl.LeaderElection (LeaderElection.java:logAndReturn(56)) - c07977b7-c8ef-4f3c-80b1-66a07c6e3dcd@group-C2BDBBDF155D-LeaderElection394: Election REJECTED; received 2 response(s) [c07977b7-c8ef-4f3c-80b1-66a07c6e3dcd<-d81605c5-54b3-45a8-b5ae-2e8d8890cbef#0:FAIL-t411, c07977b7-c8ef-4f3c-80b1-66a07c6e3dcd<-7f29c796-0732-402f-b865-67033766dcba#0:FAIL-t411] and 0 exception(s); c07977b7-c8ef-4f3c-80b1-66a07c6e3dcd@group-C2BDBBDF155D:t411, leader=null, voted=c07977b7-c8ef-4f3c-80b1-66a07c6e3dcd, raftlog=c07977b7-c8ef-4f3c-80b1-66a07c6e3dcd@group-C2BDBBDF155D-SegmentedRaftLog:OPENED:c-1,f-1,i0, conf=-1: [d81605c5-54b3-45a8-b5ae-2e8d8890cbef:192.168.164.201:42755, 7f29c796-0732-402f-b865-67033766dcba:192.168.164.201:40704, c07977b7-c8ef-4f3c-80b1-66a07c6e3dcd:192.168.164.201:38664], old=null
2019-10-17 20:29:19,362 [c07977b7-c8ef-4f3c-80b1-66a07c6e3dcd@group-C2BDBBDF155D-LeaderElection394] INFO  impl.RaftServerImpl (RaftServerImpl.java:setRole(184)) - c07977b7-c8ef-4f3c-80b1-66a07c6e3dcd@group-C2BDBBDF155D: changes role from CANDIDATE to FOLLOWER at term 411 for DISCOVERED_A_NEW_TERM
2019-10-17 20:29:19,362 [c07977b7-c8ef-4f3c-80b1-66a07c6e3dcd@group-C2BDBBDF155D-LeaderElection394] INFO  impl.RoleInfo (RoleInfo.java:shutdownLeaderElection(134)) - c07977b7-c8ef-4f3c-80b1-66a07c6e3dcd: shutdown LeaderElection
2019-10-17 20:29:19,362 [c07977b7-c8ef-4f3c-80b1-66a07c6e3dcd@group-C2BDBBDF155D-LeaderElection394] INFO  impl.RoleInfo (RoleInfo.java:updateAndGet(143)) - c07977b7-c8ef-4f3c-80b1-66a07c6e3dcd: start FollowerState
2019-10-17 20:29:19,550 [Thread-3432] INFO  impl.FollowerState (FollowerState.java:run(108)) - c07977b7-c8ef-4f3c-80b1-66a07c6e3dcd@group-C2BDBBDF155D-FollowerState: change to CANDIDATE, lastRpcTime:188ms, electionTimeout:188ms
2019-10-17 20:29:19,550 [Thread-3432] INFO  impl.RoleInfo (RoleInfo.java:shutdownFollowerState(121)) - c07977b7-c8ef-4f3c-80b1-66a07c6e3dcd: shutdown FollowerState
2019-10-17 20:29:19,551 [Thread-3432] INFO  impl.RaftServerImpl (RaftServerImpl.java:setRole(184)) - c07977b7-c8ef-4f3c-80b1-66a07c6e3dcd@group-C2BDBBDF155D: changes role from  FOLLOWER to CANDIDATE at term 411 for changeToCandidate
2019-10-17 20:29:19,551 [Thread-3432] INFO  impl.RoleInfo (RoleInfo.java:updateAndGet(143)) - c07977b7-c8ef-4f3c-80b1-66a07c6e3dcd: start LeaderElection
2019-10-17 20:29:19,577 [c07977b7-c8ef-4f3c-80b1-66a07c6e3dcd@group-C2BDBBDF155D-LeaderElection395] INFO  impl.LeaderElection (LeaderElection.java:askForVotes(178)) - c07977b7-c8ef-4f3c-80b1-66a07c6e3dcd@group-C2BDBBDF155D-LeaderElection395: begin an election at term 412 for -1: [d81605c5-54b3-45a8-b5ae-2e8d8890cbef:192.168.164.201:42755, 7f29c796-0732-402f-b865-67033766dcba:192.168.164.201:40704, c07977b7-c8ef-4f3c-80b1-66a07c6e3dcd:192.168.164.201:38664], old=null
2019-10-17 20:29:19,579 [grpc-default-executor-2] INFO  impl.RaftServerImpl (RaftServerImpl.java:setRole(184)) - 7f29c796-0732-402f-b865-67033766dcba@group-C2BDBBDF155D: changes role from  FOLLOWER to FOLLOWER at term 412 for recognizeCandidate:c07977b7-c8ef-4f3c-80b1-66a07c6e3dcd
2019-10-17 20:29:19,580 [grpc-default-executor-2] INFO  impl.RoleInfo (RoleInfo.java:shutdownFollowerState(121)) - 7f29c796-0732-402f-b865-67033766dcba: shutdown FollowerState
2019-10-17 20:29:19,579 [grpc-default-executor-4] INFO  impl.RaftServerImpl (RaftServerImpl.java:setRole(184)) - d81605c5-54b3-45a8-b5ae-2e8d8890cbef@group-C2BDBBDF155D: changes role from  FOLLOWER to FOLLOWER at term 412 for recognizeCandidate:c07977b7-c8ef-4f3c-80b1-66a07c6e3dcd
2019-10-17 20:29:19,580 [grpc-default-executor-4] INFO  impl.RoleInfo (RoleInfo.java:shutdownFollowerState(121)) - d81605c5-54b3-45a8-b5ae-2e8d8890cbef: shutdown FollowerState
2019-10-17 20:29:19,580 [grpc-default-executor-2] INFO  impl.RoleInfo (RoleInfo.java:updateAndGet(143)) - 7f29c796-0732-402f-b865-67033766dcba: start FollowerState
2019-10-17 20:29:19,580 [Thread-3430] INFO  impl.FollowerState (FollowerState.java:run(117)) - 7f29c796-0732-402f-b865-67033766dcba@group-C2BDBBDF155D-FollowerState was interrupted: java.lang.InterruptedException: sleep interrupted
2019-10-17 20:29:19,580 [Thread-3431] INFO  impl.FollowerState (FollowerState.java:run(117)) - d81605c5-54b3-45a8-b5ae-2e8d8890cbef@group-C2BDBBDF155D-FollowerState was interrupted: java.lang.InterruptedException: sleep interrupted
2019-10-17 20:29:19,580 [grpc-default-executor-4] INFO  impl.RoleInfo (RoleInfo.java:updateAndGet(143)) - d81605c5-54b3-45a8-b5ae-2e8d8890cbef: start FollowerState
2019-10-17 20:29:19,604 [c07977b7-c8ef-4f3c-80b1-66a07c6e3dcd@group-C2BDBBDF155D-LeaderElection395] INFO  impl.LeaderElection (LeaderElection.java:logAndReturn(56)) - c07977b7-c8ef-4f3c-80b1-66a07c6e3dcd@group-C2BDBBDF155D-LeaderElection395: Election REJECTED; received 2 response(s) [c07977b7-c8ef-4f3c-80b1-66a07c6e3dcd<-d81605c5-54b3-45a8-b5ae-2e8d8890cbef#0:FAIL-t412, c07977b7-c8ef-4f3c-80b1-66a07c6e3dcd<-7f29c796-0732-402f-b865-67033766dcba#0:FAIL-t412] and 0 exception(s); c07977b7-c8ef-4f3c-80b1-66a07c6e3dcd@group-C2BDBBDF155D:t412, leader=null, voted=c07977b7-c8ef-4f3c-80b1-66a07c6e3dcd, raftlog=c07977b7-c8ef-4f3c-80b1-66a07c6e3dcd@group-C2BDBBDF155D-SegmentedRaftLog:OPENED:c-1,f-1,i0, conf=-1: [d81605c5-54b3-45a8-b5ae-2e8d8890cbef:192.168.164.201:42755, 7f29c796-0732-402f-b865-67033766dcba:192.168.164.201:40704, c07977b7-c8ef-4f3c-80b1-66a07c6e3dcd:192.168.164.201:38664], old=null
2019-10-17 20:29:19,604 [c07977b7-c8ef-4f3c-80b1-66a07c6e3dcd@group-C2BDBBDF155D-LeaderElection395] INFO  impl.RaftServerImpl (RaftServerImpl.java:setRole(184)) - c07977b7-c8ef-4f3c-80b1-66a07c6e3dcd@group-C2BDBBDF155D: changes role from CANDIDATE to FOLLOWER at term 412 for DISCOVERED_A_NEW_TERM
2019-10-17 20:29:19,604 [c07977b7-c8ef-4f3c-80b1-66a07c6e3dcd@group-C2BDBBDF155D-LeaderElection395] INFO  impl.RoleInfo (RoleInfo.java:shutdownLeaderElection(134)) - c07977b7-c8ef-4f3c-80b1-66a07c6e3dcd: shutdown LeaderElection
2019-10-17 20:29:19,604 [c07977b7-c8ef-4f3c-80b1-66a07c6e3dcd@group-C2BDBBDF155D-LeaderElection395] INFO  impl.RoleInfo (RoleInfo.java:updateAndGet(143)) - c07977b7-c8ef-4f3c-80b1-66a07c6e3dcd: start FollowerState
2019-10-17 20:29:19,717 [Thread-3438] INFO  impl.FollowerState (FollowerState.java:run(108)) - c07977b7-c8ef-4f3c-80b1-66a07c6e3dcd@group-C2BDBBDF155D-FollowerState: change to CANDIDATE, lastRpcTime:112ms, electionTimeout:112ms
2019-10-17 20:29:19,717 [Thread-3438] INFO  impl.RoleInfo (RoleInfo.java:shutdownFollowerState(121)) - c07977b7-c8ef-4f3c-80b1-66a07c6e3dcd: shutdown FollowerState
2019-10-17 20:29:19,717 [Thread-3438] INFO  impl.RaftServerImpl (RaftServerImpl.java:setRole(184)) - c07977b7-c8ef-4f3c-80b1-66a07c6e3dcd@group-C2BDBBDF155D: changes role from  FOLLOWER to CANDIDATE at term 412 for changeToCandidate
2019-10-17 20:29:19,717 [Thread-3438] INFO  impl.RoleInfo (RoleInfo.java:updateAndGet(143)) - c07977b7-c8ef-4f3c-80b1-66a07c6e3dcd: start LeaderElection
2019-10-17 20:29:19,745 [c07977b7-c8ef-4f3c-80b1-66a07c6e3dcd@group-C2BDBBDF155D-LeaderElection396] INFO  impl.LeaderElection (LeaderElection.java:askForVotes(178)) - c07977b7-c8ef-4f3c-80b1-66a07c6e3dcd@group-C2BDBBDF155D-LeaderElection396: begin an election at term 413 for -1: [d81605c5-54b3-45a8-b5ae-2e8d8890cbef:192.168.164.201:42755, 7f29c796-0732-402f-b865-67033766dcba:192.168.164.201:40704, c07977b7-c8ef-4f3c-80b1-66a07c6e3dcd:192.168.164.201:38664], old=null
2019-10-17 20:29:19,747 [grpc-default-executor-2] INFO  impl.RaftServerImpl (RaftServerImpl.java:setRole(184)) - d81605c5-54b3-45a8-b5ae-2e8d8890cbef@group-C2BDBBDF155D: changes role from  FOLLOWER to FOLLOWER at term 413 for recognizeCandidate:c07977b7-c8ef-4f3c-80b1-66a07c6e3dcd
2019-10-17 20:29:19,747 [grpc-default-executor-2] INFO  impl.RoleInfo (RoleInfo.java:shutdownFollowerState(121)) - d81605c5-54b3-45a8-b5ae-2e8d8890cbef: shutdown FollowerState
2019-10-17 20:29:19,747 [grpc-default-executor-2] INFO  impl.RoleInfo (RoleInfo.java:updateAndGet(143)) - d81605c5-54b3-45a8-b5ae-2e8d8890cbef: start FollowerState
2019-10-17 20:29:19,747 [Thread-3437] INFO  impl.FollowerState (FollowerState.java:run(117)) - d81605c5-54b3-45a8-b5ae-2e8d8890cbef@group-C2BDBBDF155D-FollowerState was interrupted: java.lang.InterruptedException: sleep interrupted
2019-10-17 20:29:19,748 [grpc-default-executor-4] INFO  impl.RaftServerImpl (RaftServerImpl.java:setRole(184)) - 7f29c796-0732-402f-b865-67033766dcba@group-C2BDBBDF155D: changes role from  FOLLOWER to FOLLOWER at term 413 for recognizeCandidate:c07977b7-c8ef-4f3c-80b1-66a07c6e3dcd
2019-10-17 20:29:19,748 [grpc-default-executor-4] INFO  impl.RoleInfo (RoleInfo.java:shutdownFollowerState(121)) - 7f29c796-0732-402f-b865-67033766dcba: shutdown FollowerState
2019-10-17 20:29:19,748 [grpc-default-executor-4] INFO  impl.RoleInfo (RoleInfo.java:updateAndGet(143)) - 7f29c796-0732-402f-b865-67033766dcba: start FollowerState
2019-10-17 20:29:19,748 [Thread-3436] INFO  impl.FollowerState (FollowerState.java:run(117)) - 7f29c796-0732-402f-b865-67033766dcba@group-C2BDBBDF155D-FollowerState was interrupted: java.lang.InterruptedException: sleep interrupted
2019-10-17 20:29:19,771 [c07977b7-c8ef-4f3c-80b1-66a07c6e3dcd@group-C2BDBBDF155D-LeaderElection396] INFO  impl.LeaderElection (LeaderElection.java:logAndReturn(56)) - c07977b7-c8ef-4f3c-80b1-66a07c6e3dcd@group-C2BDBBDF155D-LeaderElection396: Election REJECTED; received 2 response(s) [c07977b7-c8ef-4f3c-80b1-66a07c6e3dcd<-d81605c5-54b3-45a8-b5ae-2e8d8890cbef#0:FAIL-t413, c07977b7-c8ef-4f3c-80b1-66a07c6e3dcd<-7f29c796-0732-402f-b865-67033766dcba#0:FAIL-t413] and 0 exception(s); c07977b7-c8ef-4f3c-80b1-66a07c6e3dcd@group-C2BDBBDF155D:t413, leader=null, voted=c07977b7-c8ef-4f3c-80b1-66a07c6e3dcd, raftlog=c07977b7-c8ef-4f3c-80b1-66a07c6e3dcd@group-C2BDBBDF155D-SegmentedRaftLog:OPENED:c-1,f-1,i0, conf=-1: [d81605c5-54b3-45a8-b5ae-2e8d8890cbef:192.168.164.201:42755, 7f29c796-0732-402f-b865-67033766dcba:192.168.164.201:40704, c07977b7-c8ef-4f3c-80b1-66a07c6e3dcd:192.168.164.201:38664], old=null
2019-10-17 20:29:19,771 [c07977b7-c8ef-4f3c-80b1-66a07c6e3dcd@group-C2BDBBDF155D-LeaderElection396] INFO  impl.RaftServerImpl (RaftServerImpl.java:setRole(184)) - c07977b7-c8ef-4f3c-80b1-66a07c6e3dcd@group-C2BDBBDF155D: changes role from CANDIDATE to FOLLOWER at term 413 for DISCOVERED_A_NEW_TERM
2019-10-17 20:29:19,771 [c07977b7-c8ef-4f3c-80b1-66a07c6e3dcd@group-C2BDBBDF155D-LeaderElection396] INFO  impl.RoleInfo (RoleInfo.java:shutdownLeaderElection(134)) - c07977b7-c8ef-4f3c-80b1-66a07c6e3dcd: shutdown LeaderElection
2019-10-17 20:29:19,771 [c07977b7-c8ef-4f3c-80b1-66a07c6e3dcd@group-C2BDBBDF155D-LeaderElection396] INFO  impl.RoleInfo (RoleInfo.java:updateAndGet(143)) - c07977b7-c8ef-4f3c-80b1-66a07c6e3dcd: start FollowerState
2019-10-17 20:29:19,958 [ForkJoinPool.commonPool-worker-1] INFO  ozoneimpl.OzoneContainer (OzoneContainer.java:stop(227)) - Attempting to stop container services.
2019-10-17 20:29:19,958 [Thread-754] INFO  ozoneimpl.OzoneContainer (OzoneContainer.java:stop(227)) - Attempting to stop container services.
2019-10-17 20:29:19,958 [ForkJoinPool.commonPool-worker-1] INFO  impl.RaftServerProxy (RaftServerProxy.java:lambda$close$4(314)) - d81605c5-54b3-45a8-b5ae-2e8d8890cbef: close
2019-10-17 20:29:19,961 [Thread-754] INFO  impl.RaftServerProxy (RaftServerProxy.java:lambda$close$4(314)) - c07977b7-c8ef-4f3c-80b1-66a07c6e3dcd: close
2019-10-17 20:29:19,961 [ForkJoinPool.commonPool-worker-1] INFO  impl.RaftServerImpl (RaftServerImpl.java:lambda$shutdown$3(261)) - d81605c5-54b3-45a8-b5ae-2e8d8890cbef@group-E84345AE8D9B: shutdown
2019-10-17 20:29:19,962 [Thread-754] INFO  impl.RaftServerImpl (RaftServerImpl.java:lambda$shutdown$3(261)) - c07977b7-c8ef-4f3c-80b1-66a07c6e3dcd@group-C2BDBBDF155D: shutdown
2019-10-17 20:29:19,962 [ForkJoinPool.commonPool-worker-1] INFO  util.JmxRegister (JmxRegister.java:unregister(73)) - Successfully un-registered JMX Bean with object name Ratis:service=RaftServer,group=group-E84345AE8D9B,id=d81605c5-54b3-45a8-b5ae-2e8d8890cbef
2019-10-17 20:29:19,962 [Thread-754] INFO  util.JmxRegister (JmxRegister.java:unregister(73)) - Successfully un-registered JMX Bean with object name Ratis:service=RaftServer,group=group-C2BDBBDF155D,id=c07977b7-c8ef-4f3c-80b1-66a07c6e3dcd
2019-10-17 20:29:19,963 [Thread-754] INFO  impl.RoleInfo (RoleInfo.java:shutdownFollowerState(121)) - c07977b7-c8ef-4f3c-80b1-66a07c6e3dcd: shutdown FollowerState
2019-10-17 20:29:19,963 [ForkJoinPool.commonPool-worker-1] INFO  impl.RoleInfo (RoleInfo.java:shutdownLeaderState(104)) - d81605c5-54b3-45a8-b5ae-2e8d8890cbef: shutdown LeaderState
2019-10-17 20:29:19,964 [Thread-3444] INFO  impl.FollowerState (FollowerState.java:run(117)) - c07977b7-c8ef-4f3c-80b1-66a07c6e3dcd@group-C2BDBBDF155D-FollowerState was interrupted: java.lang.InterruptedException: sleep interrupted
2019-10-17 20:29:19,964 [Thread-754] INFO  impl.StateMachineUpdater (StateMachineUpdater.java:stopAndJoin(136)) - c07977b7-c8ef-4f3c-80b1-66a07c6e3dcd@group-C2BDBBDF155D-StateMachineUpdater: set stopIndex = -1
2019-10-17 20:29:19,965 [Thread-754] INFO  impl.RaftServerImpl (ServerState.java:close(388)) - c07977b7-c8ef-4f3c-80b1-66a07c6e3dcd@group-C2BDBBDF155D: closes. applyIndex: -1
2019-10-17 20:29:19,965 [ForkJoinPool.commonPool-worker-1] INFO  impl.PendingRequests (PendingRequests.java:sendNotLeaderResponses(202)) - d81605c5-54b3-45a8-b5ae-2e8d8890cbef@group-E84345AE8D9B-PendingRequests: sendNotLeaderResponses
2019-10-17 20:29:19,966 [c07977b7-c8ef-4f3c-80b1-66a07c6e3dcd@group-C2BDBBDF155D-SegmentedRaftLogWorker] INFO  segmented.SegmentedRaftLogWorker (SegmentedRaftLogWorker.java:run(316)) - c07977b7-c8ef-4f3c-80b1-66a07c6e3dcd@group-C2BDBBDF155D-SegmentedRaftLogWorker was interrupted, exiting. There are 0 tasks remaining in the queue.
2019-10-17 20:29:19,966 [Thread-754] INFO  segmented.SegmentedRaftLogWorker (SegmentedRaftLogWorker.java:close(224)) - c07977b7-c8ef-4f3c-80b1-66a07c6e3dcd@group-C2BDBBDF155D-SegmentedRaftLogWorker close()
2019-10-17 20:29:19,966 [ForkJoinPool.commonPool-worker-1] INFO  impl.StateMachineUpdater (StateMachineUpdater.java:stopAndJoin(136)) - d81605c5-54b3-45a8-b5ae-2e8d8890cbef@group-E84345AE8D9B-StateMachineUpdater: set stopIndex = 0
2019-10-17 20:29:19,971 [ForkJoinPool.commonPool-worker-1] INFO  impl.RaftServerImpl (ServerState.java:close(388)) - d81605c5-54b3-45a8-b5ae-2e8d8890cbef@group-E84345AE8D9B: closes. applyIndex: 0
2019-10-17 20:29:19,971 [Thread-754] INFO  impl.RaftServerImpl (RaftServerImpl.java:lambda$shutdown$3(261)) - c07977b7-c8ef-4f3c-80b1-66a07c6e3dcd@group-2095AA24612E: shutdown
2019-10-17 20:29:19,971 [d81605c5-54b3-45a8-b5ae-2e8d8890cbef@group-E84345AE8D9B-SegmentedRaftLogWorker] INFO  segmented.SegmentedRaftLogWorker (SegmentedRaftLogWorker.java:run(316)) - d81605c5-54b3-45a8-b5ae-2e8d8890cbef@group-E84345AE8D9B-SegmentedRaftLogWorker was interrupted, exiting. There are 0 tasks remaining in the queue.
2019-10-17 20:29:19,972 [Thread-754] INFO  util.JmxRegister (JmxRegister.java:unregister(73)) - Successfully un-registered JMX Bean with object name Ratis:service=RaftServer,group=group-2095AA24612E,id=c07977b7-c8ef-4f3c-80b1-66a07c6e3dcd
2019-10-17 20:29:19,974 [ForkJoinPool.commonPool-worker-1] INFO  segmented.SegmentedRaftLogWorker (SegmentedRaftLogWorker.java:close(224)) - d81605c5-54b3-45a8-b5ae-2e8d8890cbef@group-E84345AE8D9B-SegmentedRaftLogWorker close()
2019-10-17 20:29:19,974 [Thread-754] INFO  impl.RoleInfo (RoleInfo.java:shutdownLeaderState(104)) - c07977b7-c8ef-4f3c-80b1-66a07c6e3dcd: shutdown LeaderState
2019-10-17 20:29:19,976 [ForkJoinPool.commonPool-worker-1] INFO  impl.RaftServerImpl (RaftServerImpl.java:lambda$shutdown$3(261)) - d81605c5-54b3-45a8-b5ae-2e8d8890cbef@group-C2BDBBDF155D: shutdown
2019-10-17 20:29:19,976 [Thread-754] INFO  impl.PendingRequests (PendingRequests.java:sendNotLeaderResponses(202)) - c07977b7-c8ef-4f3c-80b1-66a07c6e3dcd@group-2095AA24612E-PendingRequests: sendNotLeaderResponses
2019-10-17 20:29:19,977 [ForkJoinPool.commonPool-worker-1] INFO  util.JmxRegister (JmxRegister.java:unregister(73)) - Successfully un-registered JMX Bean with object name Ratis:service=RaftServer,group=group-C2BDBBDF155D,id=d81605c5-54b3-45a8-b5ae-2e8d8890cbef
2019-10-17 20:29:19,977 [ForkJoinPool.commonPool-worker-1] INFO  impl.RoleInfo (RoleInfo.java:shutdownFollowerState(121)) - d81605c5-54b3-45a8-b5ae-2e8d8890cbef: shutdown FollowerState
2019-10-17 20:29:19,977 [Thread-754] INFO  impl.StateMachineUpdater (StateMachineUpdater.java:stopAndJoin(136)) - c07977b7-c8ef-4f3c-80b1-66a07c6e3dcd@group-2095AA24612E-StateMachineUpdater: set stopIndex = 0
2019-10-17 20:29:19,978 [Thread-3442] INFO  impl.FollowerState (FollowerState.java:run(117)) - d81605c5-54b3-45a8-b5ae-2e8d8890cbef@group-C2BDBBDF155D-FollowerState was interrupted: java.lang.InterruptedException: sleep interrupted
2019-10-17 20:29:19,978 [ForkJoinPool.commonPool-worker-1] INFO  impl.StateMachineUpdater (StateMachineUpdater.java:stopAndJoin(136)) - d81605c5-54b3-45a8-b5ae-2e8d8890cbef@group-C2BDBBDF155D-StateMachineUpdater: set stopIndex = -1
2019-10-17 20:29:19,979 [ForkJoinPool.commonPool-worker-1] INFO  impl.RaftServerImpl (ServerState.java:close(388)) - d81605c5-54b3-45a8-b5ae-2e8d8890cbef@group-C2BDBBDF155D: closes. applyIndex: -1
2019-10-17 20:29:19,979 [Thread-754] INFO  impl.RaftServerImpl (ServerState.java:close(388)) - c07977b7-c8ef-4f3c-80b1-66a07c6e3dcd@group-2095AA24612E: closes. applyIndex: 0
2019-10-17 20:29:19,979 [d81605c5-54b3-45a8-b5ae-2e8d8890cbef@group-C2BDBBDF155D-SegmentedRaftLogWorker] INFO  segmented.SegmentedRaftLogWorker (SegmentedRaftLogWorker.java:run(316)) - d81605c5-54b3-45a8-b5ae-2e8d8890cbef@group-C2BDBBDF155D-SegmentedRaftLogWorker was interrupted, exiting. There are 0 tasks remaining in the queue.
2019-10-17 20:29:19,980 [c07977b7-c8ef-4f3c-80b1-66a07c6e3dcd@group-2095AA24612E-SegmentedRaftLogWorker] INFO  segmented.SegmentedRaftLogWorker (SegmentedRaftLogWorker.java:run(316)) - c07977b7-c8ef-4f3c-80b1-66a07c6e3dcd@group-2095AA24612E-SegmentedRaftLogWorker was interrupted, exiting. There are 0 tasks remaining in the queue.
2019-10-17 20:29:19,981 [ForkJoinPool.commonPool-worker-1] INFO  segmented.SegmentedRaftLogWorker (SegmentedRaftLogWorker.java:close(224)) - d81605c5-54b3-45a8-b5ae-2e8d8890cbef@group-C2BDBBDF155D-SegmentedRaftLogWorker close()
2019-10-17 20:29:19,982 [Thread-754] INFO  segmented.SegmentedRaftLogWorker (SegmentedRaftLogWorker.java:close(224)) - c07977b7-c8ef-4f3c-80b1-66a07c6e3dcd@group-2095AA24612E-SegmentedRaftLogWorker close()
2019-10-17 20:29:19,983 [ForkJoinPool.commonPool-worker-1] INFO  server.GrpcService (GrpcService.java:closeImpl(164)) - d81605c5-54b3-45a8-b5ae-2e8d8890cbef: shutdown server with port 42755 now
2019-10-17 20:29:19,985 [Thread-754] INFO  server.GrpcService (GrpcService.java:closeImpl(164)) - c07977b7-c8ef-4f3c-80b1-66a07c6e3dcd: shutdown server with port 38664 now
2019-10-17 20:29:19,986 [ForkJoinPool.commonPool-worker-1] INFO  server.GrpcService (GrpcService.java:closeImpl(172)) - d81605c5-54b3-45a8-b5ae-2e8d8890cbef: shutdown server with port 42755 successfully
2019-10-17 20:29:19,988 [Thread-754] INFO  server.GrpcService (GrpcService.java:closeImpl(172)) - c07977b7-c8ef-4f3c-80b1-66a07c6e3dcd: shutdown server with port 38664 successfully
2019-10-17 20:29:19,989 [refreshUsed-/workdir/hadoop-ozone/ozonefs/target/test-dir/MiniOzoneClusterImpl-0df98be9-49e2-4eb9-b6e4-71f20c3f18cb/datanode-0/data/containers] WARN  fs.CachingGetSpaceUsed (CachingGetSpaceUsed.java:run(183)) - Thread Interrupted waiting to refresh disk information: sleep interrupted
2019-10-17 20:29:19,993 [refreshUsed-/workdir/hadoop-ozone/ozonefs/target/test-dir/MiniOzoneClusterImpl-0df98be9-49e2-4eb9-b6e4-71f20c3f18cb/datanode-1/data/containers] WARN  fs.CachingGetSpaceUsed (CachingGetSpaceUsed.java:run(183)) - Thread Interrupted waiting to refresh disk information: sleep interrupted
2019-10-17 20:29:20,019 [ForkJoinPool.commonPool-worker-1] INFO  utils.BackgroundService (BackgroundService.java:shutdown(151)) - Shutting down service BlockDeletingService
2019-10-17 20:29:20,019 [Thread-754] INFO  utils.BackgroundService (BackgroundService.java:shutdown(151)) - Shutting down service BlockDeletingService
2019-10-17 20:29:20,022 [ForkJoinPool.commonPool-worker-1] INFO  statemachine.DatanodeStateMachine (DatanodeStateMachine.java:stopDaemon(395)) - Ozone container server stopped.
2019-10-17 20:29:20,022 [Thread-754] INFO  statemachine.DatanodeStateMachine (DatanodeStateMachine.java:stopDaemon(395)) - Ozone container server stopped.
2019-10-17 20:29:20,025 [ForkJoinPool.commonPool-worker-1] INFO  handler.ContextHandler (ContextHandler.java:doStop(910)) - Stopped o.e.j.w.WebAppContext@52151dbd{/,null,UNAVAILABLE}{/hddsDatanode}
2019-10-17 20:29:20,025 [Thread-754] INFO  handler.ContextHandler (ContextHandler.java:doStop(910)) - Stopped o.e.j.w.WebAppContext@2145c161{/,null,UNAVAILABLE}{/hddsDatanode}
2019-10-17 20:29:20,026 [Thread-754] INFO  server.AbstractConnector (AbstractConnector.java:doStop(318)) - Stopped ServerConnector@195b4953{HTTP/1.1,[http/1.1]}{0.0.0.0:0}
2019-10-17 20:29:20,026 [ForkJoinPool.commonPool-worker-1] INFO  server.AbstractConnector (AbstractConnector.java:doStop(318)) - Stopped ServerConnector@4891cbfd{HTTP/1.1,[http/1.1]}{0.0.0.0:0}
2019-10-17 20:29:20,026 [Thread-754] INFO  handler.ContextHandler (ContextHandler.java:doStop(910)) - Stopped o.e.j.s.ServletContextHandler@7492cdf1{/static,jar:file:/home/user/.m2/repository/org/apache/hadoop/hadoop-hdds-container-service/0.5.0-SNAPSHOT/hadoop-hdds-container-service-0.5.0-SNAPSHOT.jar!/webapps/static,UNAVAILABLE}
2019-10-17 20:29:20,027 [ForkJoinPool.commonPool-worker-1] INFO  handler.ContextHandler (ContextHandler.java:doStop(910)) - Stopped o.e.j.s.ServletContextHandler@36158dc8{/static,jar:file:/home/user/.m2/repository/org/apache/hadoop/hadoop-hdds-container-service/0.5.0-SNAPSHOT/hadoop-hdds-container-service-0.5.0-SNAPSHOT.jar!/webapps/static,UNAVAILABLE}
2019-10-17 20:29:20,027 [Thread-754] INFO  handler.ContextHandler (ContextHandler.java:doStop(910)) - Stopped o.e.j.s.ServletContextHandler@5900c1a2{/logs,file:///workdir/hadoop-ozone/ozonefs/target/log,UNAVAILABLE}
2019-10-17 20:29:20,028 [ForkJoinPool.commonPool-worker-1] INFO  handler.ContextHandler (ContextHandler.java:doStop(910)) - Stopped o.e.j.s.ServletContextHandler@56ead118{/logs,file:///workdir/hadoop-ozone/ozonefs/target/log,UNAVAILABLE}
2019-10-17 20:29:20,892 [Datanode State Machine Thread - 0] INFO  statemachine.DatanodeStateMachine (DatanodeStateMachine.java:lambda$startDaemon$0(350)) - Ozone container server started.
2019-10-17 20:29:24,788 [Thread-3443] INFO  impl.FollowerState (FollowerState.java:run(108)) - 7f29c796-0732-402f-b865-67033766dcba@group-C2BDBBDF155D-FollowerState: change to CANDIDATE, lastRpcTime:5039ms, electionTimeout:5039ms
2019-10-17 20:29:24,788 [Thread-3443] INFO  impl.RoleInfo (RoleInfo.java:shutdownFollowerState(121)) - 7f29c796-0732-402f-b865-67033766dcba: shutdown FollowerState
2019-10-17 20:29:24,788 [Thread-3443] INFO  impl.RaftServerImpl (RaftServerImpl.java:setRole(184)) - 7f29c796-0732-402f-b865-67033766dcba@group-C2BDBBDF155D: changes role from  FOLLOWER to CANDIDATE at term 413 for changeToCandidate
2019-10-17 20:29:24,788 [Thread-3443] INFO  impl.RoleInfo (RoleInfo.java:updateAndGet(143)) - 7f29c796-0732-402f-b865-67033766dcba: start LeaderElection
2019-10-17 20:29:24,829 [7f29c796-0732-402f-b865-67033766dcba@group-C2BDBBDF155D-LeaderElection397] INFO  impl.LeaderElection (LeaderElection.java:askForVotes(178)) - 7f29c796-0732-402f-b865-67033766dcba@group-C2BDBBDF155D-LeaderElection397: begin an election at term 414 for 0: [d81605c5-54b3-45a8-b5ae-2e8d8890cbef:192.168.164.201:42755, 7f29c796-0732-402f-b865-67033766dcba:192.168.164.201:40704, c07977b7-c8ef-4f3c-80b1-66a07c6e3dcd:192.168.164.201:38664], old=null
2019-10-17 20:29:24,851 [7f29c796-0732-402f-b865-67033766dcba@group-C2BDBBDF155D-LeaderElection397] INFO  impl.LeaderElection (LogUtils.java:infoOrTrace(149)) - 7f29c796-0732-402f-b865-67033766dcba@group-C2BDBBDF155D-LeaderElection397 got exception when requesting votes: {}
java.util.concurrent.ExecutionException: org.apache.ratis.thirdparty.io.grpc.StatusRuntimeException: UNAVAILABLE: io exception
	at java.util.concurrent.FutureTask.report(FutureTask.java:122)
	at java.util.concurrent.FutureTask.get(FutureTask.java:192)
	at org.apache.ratis.server.impl.LeaderElection.waitForResults(LeaderElection.java:259)
	at org.apache.ratis.server.impl.LeaderElection.askForVotes(LeaderElection.java:197)
	at org.apache.ratis.server.impl.LeaderElection.run(LeaderElection.java:133)
	at java.lang.Thread.run(Thread.java:748)
Caused by: org.apache.ratis.thirdparty.io.grpc.StatusRuntimeException: UNAVAILABLE: io exception
	at org.apache.ratis.thirdparty.io.grpc.stub.ClientCalls.toStatusRuntimeException(ClientCalls.java:233)
	at org.apache.ratis.thirdparty.io.grpc.stub.ClientCalls.getUnchecked(ClientCalls.java:214)
	at org.apache.ratis.thirdparty.io.grpc.stub.ClientCalls.blockingUnaryCall(ClientCalls.java:139)
	at org.apache.ratis.proto.grpc.RaftServerProtocolServiceGrpc$RaftServerProtocolServiceBlockingStub.requestVote(RaftServerProtocolServiceGrpc.java:265)
	at org.apache.ratis.grpc.server.GrpcServerProtocolClient.requestVote(GrpcServerProtocolClient.java:99)
	at org.apache.ratis.grpc.server.GrpcService.requestVote(GrpcService.java:204)
	at org.apache.ratis.server.impl.LeaderElection.lambda$submitRequests$1(LeaderElection.java:234)
	at java.util.concurrent.FutureTask.run(FutureTask.java:266)
	at java.util.concurrent.Executors$RunnableAdapter.call(Executors.java:511)
	at java.util.concurrent.FutureTask.run(FutureTask.java:266)
	at java.util.concurrent.ThreadPoolExecutor.runWorker(ThreadPoolExecutor.java:1149)
	at java.util.concurrent.ThreadPoolExecutor$Worker.run(ThreadPoolExecutor.java:624)
	... 1 more
Caused by: org.apache.ratis.thirdparty.io.netty.channel.AbstractChannel$AnnotatedConnectException: Connection refused: /192.168.164.201:38664
	at sun.nio.ch.SocketChannelImpl.checkConnect(Native Method)
	at sun.nio.ch.SocketChannelImpl.finishConnect(SocketChannelImpl.java:717)
	at org.apache.ratis.thirdparty.io.netty.channel.socket.nio.NioSocketChannel.doFinishConnect(NioSocketChannel.java:327)
	at org.apache.ratis.thirdparty.io.netty.channel.nio.AbstractNioChannel$AbstractNioUnsafe.finishConnect(AbstractNioChannel.java:340)
	at org.apache.ratis.thirdparty.io.netty.channel.nio.NioEventLoop.processSelectedKey(NioEventLoop.java:632)
	at org.apache.ratis.thirdparty.io.netty.channel.nio.NioEventLoop.processSelectedKeysOptimized(NioEventLoop.java:579)
	at org.apache.ratis.thirdparty.io.netty.channel.nio.NioEventLoop.processSelectedKeys(NioEventLoop.java:496)
	at org.apache.ratis.thirdparty.io.netty.channel.nio.NioEventLoop.run(NioEventLoop.java:458)
	at org.apache.ratis.thirdparty.io.netty.util.concurrent.SingleThreadEventExecutor$5.run(SingleThreadEventExecutor.java:897)
	at org.apache.ratis.thirdparty.io.netty.util.concurrent.FastThreadLocalRunnable.run(FastThreadLocalRunnable.java:30)
	... 1 more
Caused by: java.net.ConnectException: Connection refused
	... 11 more
2019-10-17 20:29:24,852 [7f29c796-0732-402f-b865-67033766dcba@group-C2BDBBDF155D-LeaderElection397] INFO  impl.LeaderElection (LogUtils.java:infoOrTrace(149)) - 7f29c796-0732-402f-b865-67033766dcba@group-C2BDBBDF155D-LeaderElection397 got exception when requesting votes: {}
java.util.concurrent.ExecutionException: org.apache.ratis.thirdparty.io.grpc.StatusRuntimeException: UNAVAILABLE: io exception
	at java.util.concurrent.FutureTask.report(FutureTask.java:122)
	at java.util.concurrent.FutureTask.get(FutureTask.java:192)
	at org.apache.ratis.server.impl.LeaderElection.waitForResults(LeaderElection.java:259)
	at org.apache.ratis.server.impl.LeaderElection.askForVotes(LeaderElection.java:197)
	at org.apache.ratis.server.impl.LeaderElection.run(LeaderElection.java:133)
	at java.lang.Thread.run(Thread.java:748)
Caused by: org.apache.ratis.thirdparty.io.grpc.StatusRuntimeException: UNAVAILABLE: io exception
	at org.apache.ratis.thirdparty.io.grpc.stub.ClientCalls.toStatusRuntimeException(ClientCalls.java:233)
	at org.apache.ratis.thirdparty.io.grpc.stub.ClientCalls.getUnchecked(ClientCalls.java:214)
	at org.apache.ratis.thirdparty.io.grpc.stub.ClientCalls.blockingUnaryCall(ClientCalls.java:139)
	at org.apache.ratis.proto.grpc.RaftServerProtocolServiceGrpc$RaftServerProtocolServiceBlockingStub.requestVote(RaftServerProtocolServiceGrpc.java:265)
	at org.apache.ratis.grpc.server.GrpcServerProtocolClient.requestVote(GrpcServerProtocolClient.java:99)
	at org.apache.ratis.grpc.server.GrpcService.requestVote(GrpcService.java:204)
	at org.apache.ratis.server.impl.LeaderElection.lambda$submitRequests$1(LeaderElection.java:234)
	at java.util.concurrent.FutureTask.run(FutureTask.java:266)
	at java.util.concurrent.Executors$RunnableAdapter.call(Executors.java:511)
	at java.util.concurrent.FutureTask.run(FutureTask.java:266)
	at java.util.concurrent.ThreadPoolExecutor.runWorker(ThreadPoolExecutor.java:1149)
	at java.util.concurrent.ThreadPoolExecutor$Worker.run(ThreadPoolExecutor.java:624)
	... 1 more
Caused by: org.apache.ratis.thirdparty.io.netty.channel.AbstractChannel$AnnotatedConnectException: Connection refused: /192.168.164.201:42755
	at sun.nio.ch.SocketChannelImpl.checkConnect(Native Method)
	at sun.nio.ch.SocketChannelImpl.finishConnect(SocketChannelImpl.java:717)
	at org.apache.ratis.thirdparty.io.netty.channel.socket.nio.NioSocketChannel.doFinishConnect(NioSocketChannel.java:327)
	at org.apache.ratis.thirdparty.io.netty.channel.nio.AbstractNioChannel$AbstractNioUnsafe.finishConnect(AbstractNioChannel.java:340)
	at org.apache.ratis.thirdparty.io.netty.channel.nio.NioEventLoop.processSelectedKey(NioEventLoop.java:632)
	at org.apache.ratis.thirdparty.io.netty.channel.nio.NioEventLoop.processSelectedKeysOptimized(NioEventLoop.java:579)
	at org.apache.ratis.thirdparty.io.netty.channel.nio.NioEventLoop.processSelectedKeys(NioEventLoop.java:496)
	at org.apache.ratis.thirdparty.io.netty.channel.nio.NioEventLoop.run(NioEventLoop.java:458)
	at org.apache.ratis.thirdparty.io.netty.util.concurrent.SingleThreadEventExecutor$5.run(SingleThreadEventExecutor.java:897)
	at org.apache.ratis.thirdparty.io.netty.util.concurrent.FastThreadLocalRunnable.run(FastThreadLocalRunnable.java:30)
	... 1 more
Caused by: java.net.ConnectException: Connection refused
	... 11 more
2019-10-17 20:29:24,854 [7f29c796-0732-402f-b865-67033766dcba@group-C2BDBBDF155D-LeaderElection397] INFO  impl.LeaderElection (LeaderElection.java:logAndReturn(56)) - 7f29c796-0732-402f-b865-67033766dcba@group-C2BDBBDF155D-LeaderElection397: Election REJECTED; received 0 response(s) [] and 2 exception(s); 7f29c796-0732-402f-b865-67033766dcba@group-C2BDBBDF155D:t414, leader=null, voted=7f29c796-0732-402f-b865-67033766dcba, raftlog=7f29c796-0732-402f-b865-67033766dcba@group-C2BDBBDF155D-SegmentedRaftLog:OPENED:c-1,f0,i0, conf=0: [d81605c5-54b3-45a8-b5ae-2e8d8890cbef:192.168.164.201:42755, 7f29c796-0732-402f-b865-67033766dcba:192.168.164.201:40704, c07977b7-c8ef-4f3c-80b1-66a07c6e3dcd:192.168.164.201:38664], old=null
2019-10-17 20:29:24,855 [7f29c796-0732-402f-b865-67033766dcba@group-C2BDBBDF155D-LeaderElection397] INFO  impl.LeaderElection (LogUtils.java:infoOrTrace(149)) -   Exception 0: {}
java.util.concurrent.ExecutionException: org.apache.ratis.thirdparty.io.grpc.StatusRuntimeException: UNAVAILABLE: io exception
	at java.util.concurrent.FutureTask.report(FutureTask.java:122)
	at java.util.concurrent.FutureTask.get(FutureTask.java:192)
	at org.apache.ratis.server.impl.LeaderElection.waitForResults(LeaderElection.java:259)
	at org.apache.ratis.server.impl.LeaderElection.askForVotes(LeaderElection.java:197)
	at org.apache.ratis.server.impl.LeaderElection.run(LeaderElection.java:133)
	at java.lang.Thread.run(Thread.java:748)
Caused by: org.apache.ratis.thirdparty.io.grpc.StatusRuntimeException: UNAVAILABLE: io exception
	at org.apache.ratis.thirdparty.io.grpc.stub.ClientCalls.toStatusRuntimeException(ClientCalls.java:233)
	at org.apache.ratis.thirdparty.io.grpc.stub.ClientCalls.getUnchecked(ClientCalls.java:214)
	at org.apache.ratis.thirdparty.io.grpc.stub.ClientCalls.blockingUnaryCall(ClientCalls.java:139)
	at org.apache.ratis.proto.grpc.RaftServerProtocolServiceGrpc$RaftServerProtocolServiceBlockingStub.requestVote(RaftServerProtocolServiceGrpc.java:265)
	at org.apache.ratis.grpc.server.GrpcServerProtocolClient.requestVote(GrpcServerProtocolClient.java:99)
	at org.apache.ratis.grpc.server.GrpcService.requestVote(GrpcService.java:204)
	at org.apache.ratis.server.impl.LeaderElection.lambda$submitRequests$1(LeaderElection.java:234)
	at java.util.concurrent.FutureTask.run(FutureTask.java:266)
	at java.util.concurrent.Executors$RunnableAdapter.call(Executors.java:511)
	at java.util.concurrent.FutureTask.run(FutureTask.java:266)
	at java.util.concurrent.ThreadPoolExecutor.runWorker(ThreadPoolExecutor.java:1149)
	at java.util.concurrent.ThreadPoolExecutor$Worker.run(ThreadPoolExecutor.java:624)
	... 1 more
Caused by: org.apache.ratis.thirdparty.io.netty.channel.AbstractChannel$AnnotatedConnectException: Connection refused: /192.168.164.201:38664
	at sun.nio.ch.SocketChannelImpl.checkConnect(Native Method)
	at sun.nio.ch.SocketChannelImpl.finishConnect(SocketChannelImpl.java:717)
	at org.apache.ratis.thirdparty.io.netty.channel.socket.nio.NioSocketChannel.doFinishConnect(NioSocketChannel.java:327)
	at org.apache.ratis.thirdparty.io.netty.channel.nio.AbstractNioChannel$AbstractNioUnsafe.finishConnect(AbstractNioChannel.java:340)
	at org.apache.ratis.thirdparty.io.netty.channel.nio.NioEventLoop.processSelectedKey(NioEventLoop.java:632)
	at org.apache.ratis.thirdparty.io.netty.channel.nio.NioEventLoop.processSelectedKeysOptimized(NioEventLoop.java:579)
	at org.apache.ratis.thirdparty.io.netty.channel.nio.NioEventLoop.processSelectedKeys(NioEventLoop.java:496)
	at org.apache.ratis.thirdparty.io.netty.channel.nio.NioEventLoop.run(NioEventLoop.java:458)
	at org.apache.ratis.thirdparty.io.netty.util.concurrent.SingleThreadEventExecutor$5.run(SingleThreadEventExecutor.java:897)
	at org.apache.ratis.thirdparty.io.netty.util.concurrent.FastThreadLocalRunnable.run(FastThreadLocalRunnable.java:30)
	... 1 more
Caused by: java.net.ConnectException: Connection refused
	... 11 more
2019-10-17 20:29:24,855 [7f29c796-0732-402f-b865-67033766dcba@group-C2BDBBDF155D-LeaderElection397] INFO  impl.LeaderElection (LogUtils.java:infoOrTrace(149)) -   Exception 1: {}
java.util.concurrent.ExecutionException: org.apache.ratis.thirdparty.io.grpc.StatusRuntimeException: UNAVAILABLE: io exception
	at java.util.concurrent.FutureTask.report(FutureTask.java:122)
	at java.util.concurrent.FutureTask.get(FutureTask.java:192)
	at org.apache.ratis.server.impl.LeaderElection.waitForResults(LeaderElection.java:259)
	at org.apache.ratis.server.impl.LeaderElection.askForVotes(LeaderElection.java:197)
	at org.apache.ratis.server.impl.LeaderElection.run(LeaderElection.java:133)
	at java.lang.Thread.run(Thread.java:748)
Caused by: org.apache.ratis.thirdparty.io.grpc.StatusRuntimeException: UNAVAILABLE: io exception
	at org.apache.ratis.thirdparty.io.grpc.stub.ClientCalls.toStatusRuntimeException(ClientCalls.java:233)
	at org.apache.ratis.thirdparty.io.grpc.stub.ClientCalls.getUnchecked(ClientCalls.java:214)
	at org.apache.ratis.thirdparty.io.grpc.stub.ClientCalls.blockingUnaryCall(ClientCalls.java:139)
	at org.apache.ratis.proto.grpc.RaftServerProtocolServiceGrpc$RaftServerProtocolServiceBlockingStub.requestVote(RaftServerProtocolServiceGrpc.java:265)
	at org.apache.ratis.grpc.server.GrpcServerProtocolClient.requestVote(GrpcServerProtocolClient.java:99)
	at org.apache.ratis.grpc.server.GrpcService.requestVote(GrpcService.java:204)
	at org.apache.ratis.server.impl.LeaderElection.lambda$submitRequests$1(LeaderElection.java:234)
	at java.util.concurrent.FutureTask.run(FutureTask.java:266)
	at java.util.concurrent.Executors$RunnableAdapter.call(Executors.java:511)
	at java.util.concurrent.FutureTask.run(FutureTask.java:266)
	at java.util.concurrent.ThreadPoolExecutor.runWorker(ThreadPoolExecutor.java:1149)
	at java.util.concurrent.ThreadPoolExecutor$Worker.run(ThreadPoolExecutor.java:624)
	... 1 more
Caused by: org.apache.ratis.thirdparty.io.netty.channel.AbstractChannel$AnnotatedConnectException: Connection refused: /192.168.164.201:42755
	at sun.nio.ch.SocketChannelImpl.checkConnect(Native Method)
	at sun.nio.ch.SocketChannelImpl.finishConnect(SocketChannelImpl.java:717)
	at org.apache.ratis.thirdparty.io.netty.channel.socket.nio.NioSocketChannel.doFinishConnect(NioSocketChannel.java:327)
	at org.apache.ratis.thirdparty.io.netty.channel.nio.AbstractNioChannel$AbstractNioUnsafe.finishConnect(AbstractNioChannel.java:340)
	at org.apache.ratis.thirdparty.io.netty.channel.nio.NioEventLoop.processSelectedKey(NioEventLoop.java:632)
	at org.apache.ratis.thirdparty.io.netty.channel.nio.NioEventLoop.processSelectedKeysOptimized(NioEventLoop.java:579)
	at org.apache.ratis.thirdparty.io.netty.channel.nio.NioEventLoop.processSelectedKeys(NioEventLoop.java:496)
	at org.apache.ratis.thirdparty.io.netty.channel.nio.NioEventLoop.run(NioEventLoop.java:458)
	at org.apache.ratis.thirdparty.io.netty.util.concurrent.SingleThreadEventExecutor$5.run(SingleThreadEventExecutor.java:897)
	at org.apache.ratis.thirdparty.io.netty.util.concurrent.FastThreadLocalRunnable.run(FastThreadLocalRunnable.java:30)
	... 1 more
Caused by: java.net.ConnectException: Connection refused
	... 11 more
2019-10-17 20:29:24,856 [7f29c796-0732-402f-b865-67033766dcba@group-C2BDBBDF155D-LeaderElection397] INFO  impl.RaftServerImpl (RaftServerImpl.java:setRole(184)) - 7f29c796-0732-402f-b865-67033766dcba@group-C2BDBBDF155D: changes role from CANDIDATE to FOLLOWER at term 414 for DISCOVERED_A_NEW_TERM
2019-10-17 20:29:24,856 [7f29c796-0732-402f-b865-67033766dcba@group-C2BDBBDF155D-LeaderElection397] INFO  impl.RoleInfo (RoleInfo.java:shutdownLeaderElection(134)) - 7f29c796-0732-402f-b865-67033766dcba: shutdown LeaderElection
2019-10-17 20:29:24,856 [7f29c796-0732-402f-b865-67033766dcba@group-C2BDBBDF155D-LeaderElection397] INFO  impl.RoleInfo (RoleInfo.java:updateAndGet(143)) - 7f29c796-0732-402f-b865-67033766dcba: start FollowerState
2019-10-17 20:29:25,030 [Thread-754] INFO  ozoneimpl.OzoneContainer (OzoneContainer.java:stop(227)) - Attempting to stop container services.
2019-10-17 20:29:25,030 [Thread-754] INFO  impl.RaftServerProxy (RaftServerProxy.java:lambda$close$4(314)) - 7f29c796-0732-402f-b865-67033766dcba: close
2019-10-17 20:29:25,031 [Thread-754] INFO  impl.RaftServerImpl (RaftServerImpl.java:lambda$shutdown$3(261)) - 7f29c796-0732-402f-b865-67033766dcba@group-C2BDBBDF155D: shutdown
2019-10-17 20:29:25,031 [Thread-754] INFO  util.JmxRegister (JmxRegister.java:unregister(73)) - Successfully un-registered JMX Bean with object name Ratis:service=RaftServer,group=group-C2BDBBDF155D,id=7f29c796-0732-402f-b865-67033766dcba
2019-10-17 20:29:25,032 [Thread-754] INFO  impl.RoleInfo (RoleInfo.java:shutdownFollowerState(121)) - 7f29c796-0732-402f-b865-67033766dcba: shutdown FollowerState
2019-10-17 20:29:25,032 [Thread-754] INFO  impl.StateMachineUpdater (StateMachineUpdater.java:stopAndJoin(136)) - 7f29c796-0732-402f-b865-67033766dcba@group-C2BDBBDF155D-StateMachineUpdater: set stopIndex = -1
2019-10-17 20:29:25,032 [Thread-3448] INFO  impl.FollowerState (FollowerState.java:run(117)) - 7f29c796-0732-402f-b865-67033766dcba@group-C2BDBBDF155D-FollowerState was interrupted: java.lang.InterruptedException: sleep interrupted
2019-10-17 20:29:25,032 [Thread-754] INFO  impl.RaftServerImpl (ServerState.java:close(388)) - 7f29c796-0732-402f-b865-67033766dcba@group-C2BDBBDF155D: closes. applyIndex: -1
2019-10-17 20:29:25,033 [7f29c796-0732-402f-b865-67033766dcba@group-C2BDBBDF155D-SegmentedRaftLogWorker] INFO  segmented.SegmentedRaftLogWorker (SegmentedRaftLogWorker.java:run(316)) - 7f29c796-0732-402f-b865-67033766dcba@group-C2BDBBDF155D-SegmentedRaftLogWorker was interrupted, exiting. There are 0 tasks remaining in the queue.
2019-10-17 20:29:25,035 [Thread-754] INFO  segmented.SegmentedRaftLogWorker (SegmentedRaftLogWorker.java:close(224)) - 7f29c796-0732-402f-b865-67033766dcba@group-C2BDBBDF155D-SegmentedRaftLogWorker close()
2019-10-17 20:29:25,037 [Thread-754] INFO  impl.RaftServerImpl (RaftServerImpl.java:lambda$shutdown$3(261)) - 7f29c796-0732-402f-b865-67033766dcba@group-BF47CC5A3576: shutdown
2019-10-17 20:29:25,038 [Thread-754] INFO  util.JmxRegister (JmxRegister.java:unregister(73)) - Successfully un-registered JMX Bean with object name Ratis:service=RaftServer,group=group-BF47CC5A3576,id=7f29c796-0732-402f-b865-67033766dcba
2019-10-17 20:29:25,039 [Thread-754] INFO  impl.RoleInfo (RoleInfo.java:shutdownLeaderState(104)) - 7f29c796-0732-402f-b865-67033766dcba: shutdown LeaderState
2019-10-17 20:29:25,039 [Thread-754] INFO  impl.PendingRequests (PendingRequests.java:sendNotLeaderResponses(202)) - 7f29c796-0732-402f-b865-67033766dcba@group-BF47CC5A3576-PendingRequests: sendNotLeaderResponses
2019-10-17 20:29:25,039 [Thread-754] INFO  impl.StateMachineUpdater (StateMachineUpdater.java:stopAndJoin(136)) - 7f29c796-0732-402f-b865-67033766dcba@group-BF47CC5A3576-StateMachineUpdater: set stopIndex = 0
2019-10-17 20:29:25,040 [Thread-754] INFO  impl.RaftServerImpl (ServerState.java:close(388)) - 7f29c796-0732-402f-b865-67033766dcba@group-BF47CC5A3576: closes. applyIndex: 0
2019-10-17 20:29:25,040 [7f29c796-0732-402f-b865-67033766dcba@group-BF47CC5A3576-SegmentedRaftLogWorker] INFO  segmented.SegmentedRaftLogWorker (SegmentedRaftLogWorker.java:run(316)) - 7f29c796-0732-402f-b865-67033766dcba@group-BF47CC5A3576-SegmentedRaftLogWorker was interrupted, exiting. There are 0 tasks remaining in the queue.
2019-10-17 20:29:25,042 [Thread-754] INFO  segmented.SegmentedRaftLogWorker (SegmentedRaftLogWorker.java:close(224)) - 7f29c796-0732-402f-b865-67033766dcba@group-BF47CC5A3576-SegmentedRaftLogWorker close()
2019-10-17 20:29:25,043 [Thread-754] INFO  server.GrpcService (GrpcService.java:closeImpl(164)) - 7f29c796-0732-402f-b865-67033766dcba: shutdown server with port 40704 now
2019-10-17 20:29:25,044 [Thread-754] INFO  server.GrpcService (GrpcService.java:closeImpl(172)) - 7f29c796-0732-402f-b865-67033766dcba: shutdown server with port 40704 successfully
2019-10-17 20:29:25,046 [refreshUsed-/workdir/hadoop-ozone/ozonefs/target/test-dir/MiniOzoneClusterImpl-0df98be9-49e2-4eb9-b6e4-71f20c3f18cb/datanode-2/data/containers] WARN  fs.CachingGetSpaceUsed (CachingGetSpaceUsed.java:run(183)) - Thread Interrupted waiting to refresh disk information: sleep interrupted
2019-10-17 20:29:25,075 [Thread-754] INFO  utils.BackgroundService (BackgroundService.java:shutdown(151)) - Shutting down service BlockDeletingService
2019-10-17 20:29:25,078 [Thread-754] INFO  statemachine.DatanodeStateMachine (DatanodeStateMachine.java:stopDaemon(395)) - Ozone container server stopped.
2019-10-17 20:29:25,079 [Thread-754] INFO  handler.ContextHandler (ContextHandler.java:doStop(910)) - Stopped o.e.j.w.WebAppContext@355efc7f{/,null,UNAVAILABLE}{/hddsDatanode}
2019-10-17 20:29:25,080 [Thread-754] INFO  server.AbstractConnector (AbstractConnector.java:doStop(318)) - Stopped ServerConnector@3e0ac1c4{HTTP/1.1,[http/1.1]}{0.0.0.0:0}
2019-10-17 20:29:25,080 [Thread-754] INFO  handler.ContextHandler (ContextHandler.java:doStop(910)) - Stopped o.e.j.s.ServletContextHandler@64955ff1{/static,jar:file:/home/user/.m2/repository/org/apache/hadoop/hadoop-hdds-container-service/0.5.0-SNAPSHOT/hadoop-hdds-container-service-0.5.0-SNAPSHOT.jar!/webapps/static,UNAVAILABLE}
2019-10-17 20:29:25,081 [Thread-754] INFO  handler.ContextHandler (ContextHandler.java:doStop(910)) - Stopped o.e.j.s.ServletContextHandler@1c001f8b{/logs,file:///workdir/hadoop-ozone/ozonefs/target/log,UNAVAILABLE}
2019-10-17 20:29:25,082 [Thread-754] INFO  ozone.MiniOzoneClusterImpl (MiniOzoneClusterImpl.java:stopSCM(430)) - Stopping the StorageContainerManager
2019-10-17 20:29:25,082 [Thread-754] INFO  server.StorageContainerManager (StorageContainerManager.java:stop(810)) - Stopping Replication Manager Service.
2019-10-17 20:29:25,082 [Thread-754] INFO  container.ReplicationManager (ReplicationManager.java:stop(203)) - Stopping Replication Monitor Thread.
2019-10-17 20:29:25,082 [Thread-754] INFO  server.StorageContainerManager (StorageContainerManager.java:stop(817)) - Stopping Lease Manager of the command watchers
2019-10-17 20:29:25,082 [Thread-754] INFO  server.StorageContainerManager (StorageContainerManager.java:stop(824)) - Stopping datanode service RPC server
2019-10-17 20:29:25,082 [Thread-754] INFO  server.SCMDatanodeProtocolServer (SCMDatanodeProtocolServer.java:stop(346)) - Stopping the RPC server for DataNodes
2019-10-17 20:29:25,083 [Thread-754] INFO  ipc.Server (Server.java:stop(3082)) - Stopping server on 41111
2019-10-17 20:29:25,085 [IPC Server Responder] INFO  ipc.Server (Server.java:run(1319)) - Stopping IPC Server Responder
2019-10-17 20:29:25,085 [IPC Server listener on 41111] INFO  ipc.Server (Server.java:run(1185)) - Stopping IPC Server listener on 41111
2019-10-17 20:29:25,109 [SCM Heartbeat Processing Thread - 0] WARN  node.NodeStateManager (NodeStateManager.java:scheduleNextHealthCheck(646)) - Current Thread is interrupted, shutting down HB processing thread for Node Manager.
2019-10-17 20:29:25,109 [Thread-754] INFO  server.StorageContainerManager (StorageContainerManager.java:stop(832)) - Stopping block service RPC server
2019-10-17 20:29:25,109 [Thread-754] INFO  server.SCMBlockProtocolServer (SCMBlockProtocolServer.java:stop(155)) - Stopping the RPC server for Block Protocol
2019-10-17 20:29:25,109 [Thread-754] INFO  ipc.Server (Server.java:stop(3082)) - Stopping server on 39395
2019-10-17 20:29:25,111 [IPC Server listener on 39395] INFO  ipc.Server (Server.java:run(1185)) - Stopping IPC Server listener on 39395
2019-10-17 20:29:25,111 [Thread-754] INFO  server.StorageContainerManager (StorageContainerManager.java:stop(839)) - Stopping the StorageContainerLocationProtocol RPC server
2019-10-17 20:29:25,112 [Thread-754] INFO  server.SCMClientProtocolServer (SCMClientProtocolServer.java:stop(168)) - Stopping the RPC server for Client Protocol
2019-10-17 20:29:25,113 [IPC Server Responder] INFO  ipc.Server (Server.java:run(1319)) - Stopping IPC Server Responder
2019-10-17 20:29:25,113 [Thread-754] INFO  ipc.Server (Server.java:stop(3082)) - Stopping server on 33059
2019-10-17 20:29:25,115 [IPC Server listener on 33059] INFO  ipc.Server (Server.java:run(1185)) - Stopping IPC Server listener on 33059
2019-10-17 20:29:25,115 [Thread-754] INFO  server.StorageContainerManager (StorageContainerManager.java:stop(846)) - Stopping Storage Container Manager HTTP server.
2019-10-17 20:29:25,116 [IPC Server Responder] INFO  ipc.Server (Server.java:run(1319)) - Stopping IPC Server Responder
2019-10-17 20:29:25,117 [Thread-754] INFO  handler.ContextHandler (ContextHandler.java:doStop(910)) - Stopped o.e.j.w.WebAppContext@4d29cfc2{/,null,UNAVAILABLE}{/scm}
2019-10-17 20:29:25,119 [Thread-754] INFO  server.AbstractConnector (AbstractConnector.java:doStop(318)) - Stopped ServerConnector@167f1d03{HTTP/1.1,[http/1.1]}{0.0.0.0:0}
2019-10-17 20:29:25,119 [Thread-754] INFO  handler.ContextHandler (ContextHandler.java:doStop(910)) - Stopped o.e.j.s.ServletContextHandler@78beb1d5{/static,jar:file:/home/user/.m2/repository/org/apache/hadoop/hadoop-hdds-server-scm/0.5.0-SNAPSHOT/hadoop-hdds-server-scm-0.5.0-SNAPSHOT.jar!/webapps/static,UNAVAILABLE}
2019-10-17 20:29:25,120 [Thread-754] INFO  handler.ContextHandler (ContextHandler.java:doStop(910)) - Stopped o.e.j.s.ServletContextHandler@1c43ced3{/logs,file:///workdir/hadoop-ozone/ozonefs/target/log,UNAVAILABLE}
2019-10-17 20:29:25,120 [Thread-754] INFO  server.StorageContainerManager (StorageContainerManager.java:stop(857)) - Stopping Block Manager Service.
2019-10-17 20:29:25,121 [Thread-754] INFO  utils.BackgroundService (BackgroundService.java:shutdown(151)) - Shutting down service SCMBlockDeletingService
2019-10-17 20:29:25,121 [Thread-754] INFO  utils.BackgroundService (BackgroundService.java:shutdown(151)) - Shutting down service SCMBlockDeletingService
2019-10-17 20:29:25,121 [Thread-754] INFO  server.StorageContainerManager (StorageContainerManager.java:stop(879)) - Stopping SCM Event Queue.
2019-10-17 20:29:25,128 [Thread-754] INFO  impl.MetricsSystemImpl (MetricsSystemImpl.java:stop(210)) - Stopping HddsDatanode metrics system...
2019-10-17 20:29:25,134 [Thread-754] INFO  impl.MetricsSystemImpl (MetricsSystemImpl.java:stop(216)) - HddsDatanode metrics system stopped.
]]></system-out>
  </testcase>
  <testcase name="testCreateDoesNotAddParentDirKeys" classname="org.apache.hadoop.fs.ozone.TestOzoneFileSystem" time="19.253"/>
  <testcase name="testDeleteCreatesFakeParentDir" classname="org.apache.hadoop.fs.ozone.TestOzoneFileSystem" time="17.422"/>
  <testcase name="testNonExplicitlyCreatedPathExistsAfterItsLeafsWereRemoved" classname="org.apache.hadoop.fs.ozone.TestOzoneFileSystem" time="17.373"/>
  <testcase name="testListStatusOnLargeDirectory" classname="org.apache.hadoop.fs.ozone.TestOzoneFileSystem" time="22.221"/>
</testsuite>