<?xml version="1.0" encoding="UTF-8"?>
<testsuite xmlns:xsi="http://www.w3.org/2001/XMLSchema-instance" xsi:noNamespaceSchemaLocation="https://maven.apache.org/surefire/maven-surefire-plugin/xsd/surefire-test-report.xsd" name="org.apache.hadoop.ozone.client.rpc.TestBlockOutputStreamWithFailures" time="684.33" tests="8" errors="0" skipped="0" failures="2">
  <properties>
    <property name="awt.toolkit" value="sun.awt.X11.XToolkit"/>
    <property name="file.encoding.pkg" value="sun.io"/>
    <property name="java.specification.version" value="1.8"/>
    <property name="sun.cpu.isalist" value=""/>
    <property name="sun.jnu.encoding" value="UTF-8"/>
    <property name="java.class.path" value="/workdir/hadoop-ozone/integration-test/target/test-classes:/workdir/hadoop-ozone/integration-test/target/classes:/home/user/.m2/repository/org/apache/hadoop/hadoop-ozone-common/0.5.0-SNAPSHOT/hadoop-ozone-common-0.5.0-SNAPSHOT.jar:/home/user/.m2/repository/org/apache/commons/commons-compress/1.4.1/commons-compress-1.4.1.jar:/home/user/.m2/repository/org/tukaani/xz/1.0/xz-1.0.jar:/home/user/.m2/repository/org/apache/hadoop/hadoop-common/3.2.0/hadoop-common-3.2.0.jar:/home/user/.m2/repository/org/apache/hadoop/hadoop-hdfs/3.2.0/hadoop-hdfs-3.2.0.jar:/home/user/.m2/repository/org/apache/hadoop/hadoop-hdfs-client/3.2.0/hadoop-hdfs-client-3.2.0.jar:/home/user/.m2/repository/com/fasterxml/jackson/core/jackson-annotations/2.9.9/jackson-annotations-2.9.9.jar:/home/user/.m2/repository/org/apache/hadoop/hadoop-hdds-common/0.5.0-SNAPSHOT/hadoop-hdds-common-0.5.0-SNAPSHOT.jar:/home/user/.m2/repository/javax/annotation/javax.annotation-api/1.2/javax.annotation-api-1.2.jar:/home/user/.m2/repository/org/apache/ratis/ratis-server/0.4.0/ratis-server-0.4.0.jar:/home/user/.m2/repository/org/apache/ratis/ratis-thirdparty-misc/0.2.0/ratis-thirdparty-misc-0.2.0.jar:/home/user/.m2/repository/org/apache/ratis/ratis-proto/0.4.0/ratis-proto-0.4.0.jar:/home/user/.m2/repository/org/apache/ratis/ratis-common/0.4.0/ratis-common-0.4.0.jar:/home/user/.m2/repository/org/apache/ratis/ratis-client/0.4.0/ratis-client-0.4.0.jar:/home/user/.m2/repository/org/apache/ratis/ratis-metrics/0.4.0/ratis-metrics-0.4.0.jar:/home/user/.m2/repository/com/github/joshelser/dropwizard-metrics-hadoop-metrics2-reporter/0.1.2/dropwizard-metrics-hadoop-metrics2-reporter-0.1.2.jar:/home/user/.m2/repository/io/dropwizard/metrics/metrics-jvm/3.2.5/metrics-jvm-3.2.5.jar:/home/user/.m2/repository/io/dropwizard/metrics/metrics-ganglia/3.2.5/metrics-ganglia-3.2.5.jar:/home/user/.m2/repository/info/ganglia/gmetric4j/gmetric4j/1.0.7/gmetric4j-1.0.7.jar:/home/user/.m2/repository/org/apache/ratis/ratis-netty/0.4.0/ratis-netty-0.4.0.jar:/home/user/.m2/repository/org/apache/ratis/ratis-grpc/0.4.0/ratis-grpc-0.4.0.jar:/home/user/.m2/repository/org/rocksdb/rocksdbjni/6.0.1/rocksdbjni-6.0.1.jar:/home/user/.m2/repository/org/apache/logging/log4j/log4j-api/2.11.0/log4j-api-2.11.0.jar:/home/user/.m2/repository/org/apache/logging/log4j/log4j-core/2.11.0/log4j-core-2.11.0.jar:/home/user/.m2/repository/com/lmax/disruptor/3.4.2/disruptor-3.4.2.jar:/home/user/.m2/repository/org/apache/commons/commons-pool2/2.6.0/commons-pool2-2.6.0.jar:/home/user/.m2/repository/org/bouncycastle/bcpkix-jdk15on/1.60/bcpkix-jdk15on-1.60.jar:/home/user/.m2/repository/commons-validator/commons-validator/1.6/commons-validator-1.6.jar:/home/user/.m2/repository/commons-digester/commons-digester/1.8.1/commons-digester-1.8.1.jar:/home/user/.m2/repository/io/jaegertracing/jaeger-client/0.34.0/jaeger-client-0.34.0.jar:/home/user/.m2/repository/io/jaegertracing/jaeger-thrift/0.34.0/jaeger-thrift-0.34.0.jar:/home/user/.m2/repository/org/apache/thrift/libthrift/0.12.0/libthrift-0.12.0.jar:/home/user/.m2/repository/com/squareup/okhttp3/okhttp/3.9.0/okhttp-3.9.0.jar:/home/user/.m2/repository/com/squareup/okio/okio/1.13.0/okio-1.13.0.jar:/home/user/.m2/repository/io/jaegertracing/jaeger-core/0.34.0/jaeger-core-0.34.0.jar:/home/user/.m2/repository/io/jaegertracing/jaeger-tracerresolver/0.34.0/jaeger-tracerresolver-0.34.0.jar:/home/user/.m2/repository/io/opentracing/contrib/opentracing-tracerresolver/0.1.5/opentracing-tracerresolver-0.1.5.jar:/home/user/.m2/repository/io/opentracing/opentracing-util/0.31.0/opentracing-util-0.31.0.jar:/home/user/.m2/repository/io/opentracing/opentracing-api/0.31.0/opentracing-api-0.31.0.jar:/home/user/.m2/repository/io/opentracing/opentracing-noop/0.31.0/opentracing-noop-0.31.0.jar:/home/user/.m2/repository/org/apache/hadoop/hadoop-hdds-server-framework/0.5.0-SNAPSHOT/hadoop-hdds-server-framework-0.5.0-SNAPSHOT.jar:/home/user/.m2/repository/org/apache/hadoop/hadoop-hdds-container-service/0.5.0-SNAPSHOT/hadoop-hdds-container-service-0.5.0-SNAPSHOT.jar:/home/user/.m2/repository/org/apache/hadoop/hadoop-hdds-client/0.5.0-SNAPSHOT/hadoop-hdds-client-0.5.0-SNAPSHOT.jar:/home/user/.m2/repository/org/apache/hadoop/hadoop-hdds-tools/0.5.0-SNAPSHOT/hadoop-hdds-tools-0.5.0-SNAPSHOT.jar:/home/user/.m2/repository/org/apache/hadoop/hadoop-hdds-server-scm/0.5.0-SNAPSHOT/hadoop-hdds-server-scm-0.5.0-SNAPSHOT.jar:/home/user/.m2/repository/org/apache/hadoop/hadoop-hdds-docs/0.5.0-SNAPSHOT/hadoop-hdds-docs-0.5.0-SNAPSHOT.jar:/home/user/.m2/repository/io/dropwizard/metrics/metrics-core/3.2.4/metrics-core-3.2.4.jar:/home/user/.m2/repository/org/hamcrest/hamcrest-all/1.3/hamcrest-all-1.3.jar:/home/user/.m2/repository/org/bouncycastle/bcprov-jdk15on/1.60/bcprov-jdk15on-1.60.jar:/home/user/.m2/repository/info/picocli/picocli/3.9.6/picocli-3.9.6.jar:/home/user/.m2/repository/com/google/protobuf/protobuf-java/2.5.0/protobuf-java-2.5.0.jar:/home/user/.m2/repository/com/google/guava/guava/11.0.2/guava-11.0.2.jar:/home/user/.m2/repository/org/apache/hadoop/hadoop-ozone-ozone-manager/0.5.0-SNAPSHOT/hadoop-ozone-ozone-manager-0.5.0-SNAPSHOT.jar:/home/user/.m2/repository/org/apache/hadoop/hadoop-minikdc/3.2.0/hadoop-minikdc-3.2.0.jar:/home/user/.m2/repository/commons-io/commons-io/2.5/commons-io-2.5.jar:/home/user/.m2/repository/org/apache/kerby/kerb-simplekdc/1.0.1/kerb-simplekdc-1.0.1.jar:/home/user/.m2/repository/org/apache/kerby/kerb-client/1.0.1/kerb-client-1.0.1.jar:/home/user/.m2/repository/org/apache/kerby/kerby-config/1.0.1/kerby-config-1.0.1.jar:/home/user/.m2/repository/org/apache/kerby/kerb-core/1.0.1/kerb-core-1.0.1.jar:/home/user/.m2/repository/org/apache/kerby/kerby-pkix/1.0.1/kerby-pkix-1.0.1.jar:/home/user/.m2/repository/org/apache/kerby/kerby-asn1/1.0.1/kerby-asn1-1.0.1.jar:/home/user/.m2/repository/org/apache/kerby/kerby-util/1.0.1/kerby-util-1.0.1.jar:/home/user/.m2/repository/org/apache/kerby/kerb-common/1.0.1/kerb-common-1.0.1.jar:/home/user/.m2/repository/org/apache/kerby/kerb-crypto/1.0.1/kerb-crypto-1.0.1.jar:/home/user/.m2/repository/org/apache/kerby/kerb-util/1.0.1/kerb-util-1.0.1.jar:/home/user/.m2/repository/org/apache/kerby/token-provider/1.0.1/token-provider-1.0.1.jar:/home/user/.m2/repository/org/apache/kerby/kerb-admin/1.0.1/kerb-admin-1.0.1.jar:/home/user/.m2/repository/org/apache/kerby/kerb-server/1.0.1/kerb-server-1.0.1.jar:/home/user/.m2/repository/org/apache/kerby/kerb-identity/1.0.1/kerb-identity-1.0.1.jar:/home/user/.m2/repository/org/apache/kerby/kerby-xdr/1.0.1/kerby-xdr-1.0.1.jar:/home/user/.m2/repository/org/slf4j/slf4j-log4j12/1.7.25/slf4j-log4j12-1.7.25.jar:/home/user/.m2/repository/org/apache/hadoop/hadoop-ozone-s3gateway/0.5.0-SNAPSHOT/hadoop-ozone-s3gateway-0.5.0-SNAPSHOT.jar:/home/user/.m2/repository/org/jboss/weld/servlet/weld-servlet/2.4.7.Final/weld-servlet-2.4.7.Final.jar:/home/user/.m2/repository/org/glassfish/jersey/containers/jersey-container-servlet-core/2.27/jersey-container-servlet-core-2.27.jar:/home/user/.m2/repository/org/glassfish/hk2/external/javax.inject/2.5.0-b42/javax.inject-2.5.0-b42.jar:/home/user/.m2/repository/org/glassfish/jersey/core/jersey-common/2.27/jersey-common-2.27.jar:/home/user/.m2/repository/org/glassfish/hk2/osgi-resource-locator/1.0.1/osgi-resource-locator-1.0.1.jar:/home/user/.m2/repository/javax/ws/rs/javax.ws.rs-api/2.1/javax.ws.rs-api-2.1.jar:/home/user/.m2/repository/org/glassfish/jersey/ext/cdi/jersey-cdi1x/2.27/jersey-cdi1x-2.27.jar:/home/user/.m2/repository/org/glassfish/jersey/inject/jersey-hk2/2.27/jersey-hk2-2.27.jar:/home/user/.m2/repository/org/glassfish/hk2/hk2-locator/2.5.0-b42/hk2-locator-2.5.0-b42.jar:/home/user/.m2/repository/org/javassist/javassist/3.22.0-CR2/javassist-3.22.0-CR2.jar:/home/user/.m2/repository/org/glassfish/hk2/hk2-api/2.5.0/hk2-api-2.5.0.jar:/home/user/.m2/repository/org/glassfish/hk2/external/jakarta.inject/2.5.0/jakarta.inject-2.5.0.jar:/home/user/.m2/repository/org/glassfish/hk2/hk2-utils/2.5.0/hk2-utils-2.5.0.jar:/home/user/.m2/repository/jakarta/annotation/jakarta.annotation-api/1.3.4/jakarta.annotation-api-1.3.4.jar:/home/user/.m2/repository/org/glassfish/hk2/external/aopalliance-repackaged/2.5.0/aopalliance-repackaged-2.5.0.jar:/home/user/.m2/repository/com/fasterxml/jackson/dataformat/jackson-dataformat-xml/2.9.0/jackson-dataformat-xml-2.9.0.jar:/home/user/.m2/repository/com/fasterxml/jackson/core/jackson-core/2.9.9/jackson-core-2.9.9.jar:/home/user/.m2/repository/com/fasterxml/jackson/module/jackson-module-jaxb-annotations/2.9.9/jackson-module-jaxb-annotations-2.9.9.jar:/home/user/.m2/repository/javax/enterprise/cdi-api/1.2/cdi-api-1.2.jar:/home/user/.m2/repository/javax/el/javax.el-api/3.0.0/javax.el-api-3.0.0.jar:/home/user/.m2/repository/javax/interceptor/javax.interceptor-api/1.2/javax.interceptor-api-1.2.jar:/home/user/.m2/repository/javax/inject/javax.inject/1/javax.inject-1.jar:/home/user/.m2/repository/com/sun/xml/bind/jaxb-impl/2.3.0.1/jaxb-impl-2.3.0.1.jar:/home/user/.m2/repository/com/sun/xml/bind/jaxb-core/2.3.0.1/jaxb-core-2.3.0.1.jar:/home/user/.m2/repository/javax/xml/bind/jaxb-api/2.3.0/jaxb-api-2.3.0.jar:/home/user/.m2/repository/javax/activation/activation/1.1.1/activation-1.1.1.jar:/home/user/.m2/repository/org/apache/hadoop/hadoop-ozone-csi/0.5.0-SNAPSHOT/hadoop-ozone-csi-0.5.0-SNAPSHOT.jar:/home/user/.m2/repository/com/google/protobuf/protobuf-java-util/3.5.1/protobuf-java-util-3.5.1.jar:/home/user/.m2/repository/org/apache/hadoop/hadoop-hdds-config/0.5.0-SNAPSHOT/hadoop-hdds-config-0.5.0-SNAPSHOT.jar:/home/user/.m2/repository/io/grpc/grpc-netty/1.17.1/grpc-netty-1.17.1.jar:/home/user/.m2/repository/io/grpc/grpc-core/1.17.1/grpc-core-1.17.1.jar:/home/user/.m2/repository/io/grpc/grpc-context/1.17.1/grpc-context-1.17.1.jar:/home/user/.m2/repository/com/google/errorprone/error_prone_annotations/2.2.0/error_prone_annotations-2.2.0.jar:/home/user/.m2/repository/org/codehaus/mojo/animal-sniffer-annotations/1.17/animal-sniffer-annotations-1.17.jar:/home/user/.m2/repository/io/opencensus/opencensus-api/0.17.0/opencensus-api-0.17.0.jar:/home/user/.m2/repository/io/opencensus/opencensus-contrib-grpc-metrics/0.17.0/opencensus-contrib-grpc-metrics-0.17.0.jar:/home/user/.m2/repository/io/netty/netty-codec-http2/4.1.30.Final/netty-codec-http2-4.1.30.Final.jar:/home/user/.m2/repository/io/netty/netty-codec-http/4.1.30.Final/netty-codec-http-4.1.30.Final.jar:/home/user/.m2/repository/io/netty/netty-codec/4.1.30.Final/netty-codec-4.1.30.Final.jar:/home/user/.m2/repository/io/netty/netty-handler/4.1.30.Final/netty-handler-4.1.30.Final.jar:/home/user/.m2/repository/io/netty/netty-handler-proxy/4.1.30.Final/netty-handler-proxy-4.1.30.Final.jar:/home/user/.m2/repository/io/netty/netty-codec-socks/4.1.30.Final/netty-codec-socks-4.1.30.Final.jar:/home/user/.m2/repository/io/netty/netty-transport-native-epoll/4.1.30.Final/netty-transport-native-epoll-4.1.30.Final.jar:/home/user/.m2/repository/io/netty/netty-common/4.1.30.Final/netty-common-4.1.30.Final.jar:/home/user/.m2/repository/io/netty/netty-buffer/4.1.30.Final/netty-buffer-4.1.30.Final.jar:/home/user/.m2/repository/io/netty/netty-transport/4.1.30.Final/netty-transport-4.1.30.Final.jar:/home/user/.m2/repository/io/netty/netty-resolver/4.1.30.Final/netty-resolver-4.1.30.Final.jar:/home/user/.m2/repository/io/netty/netty-transport-native-unix-common/4.1.30.Final/netty-transport-native-unix-common-4.1.30.Final.jar:/home/user/.m2/repository/io/grpc/grpc-protobuf/1.17.1/grpc-protobuf-1.17.1.jar:/home/user/.m2/repository/com/google/api/grpc/proto-google-common-protos/1.0.0/proto-google-common-protos-1.0.0.jar:/home/user/.m2/repository/io/grpc/grpc-protobuf-lite/1.17.1/grpc-protobuf-lite-1.17.1.jar:/home/user/.m2/repository/io/grpc/grpc-stub/1.17.1/grpc-stub-1.17.1.jar:/home/user/.m2/repository/org/apache/hadoop/hadoop-ozone-recon/0.5.0-SNAPSHOT/hadoop-ozone-recon-0.5.0-SNAPSHOT.jar:/home/user/.m2/repository/org/apache/hadoop/hadoop-ozone-reconcodegen/0.5.0-SNAPSHOT/hadoop-ozone-reconcodegen-0.5.0-SNAPSHOT.jar:/home/user/.m2/repository/com/google/inject/extensions/guice-multibindings/4.0/guice-multibindings-4.0.jar:/home/user/.m2/repository/com/google/inject/guice/4.0/guice-4.0.jar:/home/user/.m2/repository/aopalliance/aopalliance/1.0/aopalliance-1.0.jar:/home/user/.m2/repository/com/google/inject/extensions/guice-servlet/4.0/guice-servlet-4.0.jar:/home/user/.m2/repository/org/glassfish/jersey/containers/jersey-container-servlet/2.27/jersey-container-servlet-2.27.jar:/home/user/.m2/repository/org/glassfish/hk2/guice-bridge/2.5.0/guice-bridge-2.5.0.jar:/home/user/.m2/repository/org/glassfish/jersey/core/jersey-server/2.27/jersey-server-2.27.jar:/home/user/.m2/repository/org/glassfish/jersey/core/jersey-client/2.27/jersey-client-2.27.jar:/home/user/.m2/repository/org/glassfish/jersey/media/jersey-media-jaxb/2.27/jersey-media-jaxb-2.27.jar:/home/user/.m2/repository/javax/validation/validation-api/1.1.0.Final/validation-api-1.1.0.Final.jar:/home/user/.m2/repository/org/glassfish/jersey/media/jersey-media-json-jackson/2.27/jersey-media-json-jackson-2.27.jar:/home/user/.m2/repository/org/glassfish/jersey/ext/jersey-entity-filtering/2.27/jersey-entity-filtering-2.27.jar:/home/user/.m2/repository/com/google/inject/extensions/guice-assistedinject/4.0/guice-assistedinject-4.0.jar:/home/user/.m2/repository/org/jooq/jooq/3.11.10/jooq-3.11.10.jar:/home/user/.m2/repository/org/jooq/jooq-meta/3.11.10/jooq-meta-3.11.10.jar:/home/user/.m2/repository/org/jooq/jooq-codegen/3.11.10/jooq-codegen-3.11.10.jar:/home/user/.m2/repository/com/jolbox/bonecp/0.8.0.RELEASE/bonecp-0.8.0.RELEASE.jar:/home/user/.m2/repository/org/xerial/sqlite-jdbc/3.25.2/sqlite-jdbc-3.25.2.jar:/home/user/.m2/repository/org/springframework/spring-jdbc/5.1.3.RELEASE/spring-jdbc-5.1.3.RELEASE.jar:/home/user/.m2/repository/org/springframework/spring-beans/5.1.3.RELEASE/spring-beans-5.1.3.RELEASE.jar:/home/user/.m2/repository/org/springframework/spring-core/5.1.3.RELEASE/spring-core-5.1.3.RELEASE.jar:/home/user/.m2/repository/org/springframework/spring-jcl/5.1.3.RELEASE/spring-jcl-5.1.3.RELEASE.jar:/home/user/.m2/repository/org/springframework/spring-tx/5.1.3.RELEASE/spring-tx-5.1.3.RELEASE.jar:/home/user/.m2/repository/org/apache/hadoop/hadoop-ozone-client/0.5.0-SNAPSHOT/hadoop-ozone-client-0.5.0-SNAPSHOT.jar:/home/user/.m2/repository/commons-lang/commons-lang/2.6/commons-lang-2.6.jar:/home/user/.m2/repository/org/apache/hadoop/hadoop-ozone-ozone-manager/0.5.0-SNAPSHOT/hadoop-ozone-ozone-manager-0.5.0-SNAPSHOT-tests.jar:/home/user/.m2/repository/junit/junit/4.11/junit-4.11.jar:/home/user/.m2/repository/org/hamcrest/hamcrest-core/1.3/hamcrest-core-1.3.jar:/home/user/.m2/repository/org/openjdk/jmh/jmh-core/1.19/jmh-core-1.19.jar:/home/user/.m2/repository/net/sf/jopt-simple/jopt-simple/4.6/jopt-simple-4.6.jar:/home/user/.m2/repository/org/apache/commons/commons-math3/3.1.1/commons-math3-3.1.1.jar:/home/user/.m2/repository/org/openjdk/jmh/jmh-generator-annprocess/1.19/jmh-generator-annprocess-1.19.jar:/home/user/.m2/repository/org/mockito/mockito-all/1.8.5/mockito-all-1.8.5.jar:/home/user/.m2/repository/org/apache/hadoop/hadoop-kms/3.2.0/hadoop-kms-3.2.0.jar:/home/user/.m2/repository/org/apache/hadoop/hadoop-auth/3.2.0/hadoop-auth-3.2.0.jar:/home/user/.m2/repository/com/nimbusds/nimbus-jose-jwt/4.41.1/nimbus-jose-jwt-4.41.1.jar:/home/user/.m2/repository/com/github/stephenc/jcip/jcip-annotations/1.0-1/jcip-annotations-1.0-1.jar:/home/user/.m2/repository/net/minidev/json-smart/2.3/json-smart-2.3.jar:/home/user/.m2/repository/net/minidev/accessors-smart/1.2/accessors-smart-1.2.jar:/home/user/.m2/repository/org/ow2/asm/asm/5.0.4/asm-5.0.4.jar:/home/user/.m2/repository/org/apache/curator/curator-framework/2.12.0/curator-framework-2.12.0.jar:/home/user/.m2/repository/com/sun/jersey/jersey-core/1.19/jersey-core-1.19.jar:/home/user/.m2/repository/javax/ws/rs/jsr311-api/1.1.1/jsr311-api-1.1.1.jar:/home/user/.m2/repository/com/sun/jersey/jersey-server/1.19/jersey-server-1.19.jar:/home/user/.m2/repository/javax/servlet/javax.servlet-api/3.1.0/javax.servlet-api-3.1.0.jar:/home/user/.m2/repository/org/eclipse/jetty/jetty-server/9.3.25.v20180904/jetty-server-9.3.25.v20180904.jar:/home/user/.m2/repository/org/eclipse/jetty/jetty-http/9.3.25.v20180904/jetty-http-9.3.25.v20180904.jar:/home/user/.m2/repository/org/eclipse/jetty/jetty-io/9.3.25.v20180904/jetty-io-9.3.25.v20180904.jar:/home/user/.m2/repository/org/eclipse/jetty/jetty-webapp/9.3.25.v20180904/jetty-webapp-9.3.25.v20180904.jar:/home/user/.m2/repository/org/eclipse/jetty/jetty-xml/9.3.25.v20180904/jetty-xml-9.3.25.v20180904.jar:/home/user/.m2/repository/log4j/log4j/1.2.17/log4j-1.2.17.jar:/home/user/.m2/repository/org/slf4j/slf4j-api/1.7.25/slf4j-api-1.7.25.jar:/home/user/.m2/repository/org/slf4j/jul-to-slf4j/1.7.25/jul-to-slf4j-1.7.25.jar:/home/user/.m2/repository/org/eclipse/jetty/jetty-util/9.3.25.v20180904/jetty-util-9.3.25.v20180904.jar:/home/user/.m2/repository/com/fasterxml/jackson/core/jackson-databind/2.9.9/jackson-databind-2.9.9.jar:/home/user/.m2/repository/org/apache/hadoop/hadoop-kms/3.2.0/hadoop-kms-3.2.0-tests.jar:/home/user/.m2/repository/org/apache/hadoop/hadoop-hdds-server-scm/0.5.0-SNAPSHOT/hadoop-hdds-server-scm-0.5.0-SNAPSHOT-tests.jar:/home/user/.m2/repository/org/apache/hadoop/hadoop-hdds-container-service/0.5.0-SNAPSHOT/hadoop-hdds-container-service-0.5.0-SNAPSHOT-tests.jar:/home/user/.m2/repository/org/yaml/snakeyaml/1.16/snakeyaml-1.16.jar:/home/user/.m2/repository/org/apache/hadoop/hadoop-common/3.2.0/hadoop-common-3.2.0-tests.jar:/home/user/.m2/repository/org/apache/hadoop/hadoop-annotations/3.2.0/hadoop-annotations-3.2.0.jar:/usr/lib/jvm/java-1.8-openjdk/jre/../lib/tools.jar:/home/user/.m2/repository/commons-cli/commons-cli/1.2/commons-cli-1.2.jar:/home/user/.m2/repository/org/apache/httpcomponents/httpclient/4.5.2/httpclient-4.5.2.jar:/home/user/.m2/repository/org/apache/httpcomponents/httpcore/4.4.4/httpcore-4.4.4.jar:/home/user/.m2/repository/commons-codec/commons-codec/1.11/commons-codec-1.11.jar:/home/user/.m2/repository/commons-net/commons-net/3.6/commons-net-3.6.jar:/home/user/.m2/repository/commons-collections/commons-collections/3.2.2/commons-collections-3.2.2.jar:/home/user/.m2/repository/org/eclipse/jetty/jetty-servlet/9.3.25.v20180904/jetty-servlet-9.3.25.v20180904.jar:/home/user/.m2/repository/org/eclipse/jetty/jetty-security/9.3.25.v20180904/jetty-security-9.3.25.v20180904.jar:/home/user/.m2/repository/javax/servlet/jsp/jsp-api/2.1/jsp-api-2.1.jar:/home/user/.m2/repository/com/sun/jersey/jersey-servlet/1.19/jersey-servlet-1.19.jar:/home/user/.m2/repository/com/sun/jersey/jersey-json/1.19/jersey-json-1.19.jar:/home/user/.m2/repository/org/codehaus/jettison/jettison/1.1/jettison-1.1.jar:/home/user/.m2/repository/org/codehaus/jackson/jackson-core-asl/1.9.13/jackson-core-asl-1.9.13.jar:/home/user/.m2/repository/org/codehaus/jackson/jackson-mapper-asl/1.9.13/jackson-mapper-asl-1.9.13.jar:/home/user/.m2/repository/org/codehaus/jackson/jackson-jaxrs/1.9.13/jackson-jaxrs-1.9.13.jar:/home/user/.m2/repository/org/codehaus/jackson/jackson-xc/1.9.13/jackson-xc-1.9.13.jar:/home/user/.m2/repository/commons-logging/commons-logging/1.1.3/commons-logging-1.1.3.jar:/home/user/.m2/repository/commons-beanutils/commons-beanutils/1.9.4/commons-beanutils-1.9.4.jar:/home/user/.m2/repository/org/apache/commons/commons-configuration2/2.1.1/commons-configuration2-2.1.1.jar:/home/user/.m2/repository/org/apache/commons/commons-lang3/3.7/commons-lang3-3.7.jar:/home/user/.m2/repository/org/apache/commons/commons-text/1.4/commons-text-1.4.jar:/home/user/.m2/repository/org/apache/avro/avro/1.7.7/avro-1.7.7.jar:/home/user/.m2/repository/com/thoughtworks/paranamer/paranamer/2.3/paranamer-2.3.jar:/home/user/.m2/repository/org/xerial/snappy/snappy-java/1.0.5/snappy-java-1.0.5.jar:/home/user/.m2/repository/com/google/re2j/re2j/1.1/re2j-1.1.jar:/home/user/.m2/repository/com/google/code/gson/gson/2.2.4/gson-2.2.4.jar:/home/user/.m2/repository/com/jcraft/jsch/0.1.54/jsch-0.1.54.jar:/home/user/.m2/repository/org/apache/curator/curator-client/2.12.0/curator-client-2.12.0.jar:/home/user/.m2/repository/org/apache/curator/curator-recipes/2.12.0/curator-recipes-2.12.0.jar:/home/user/.m2/repository/com/google/code/findbugs/jsr305/3.0.0/jsr305-3.0.0.jar:/home/user/.m2/repository/org/apache/htrace/htrace-core4/4.1.0-incubating/htrace-core4-4.1.0-incubating.jar:/home/user/.m2/repository/org/apache/zookeeper/zookeeper/3.4.13/zookeeper-3.4.13.jar:/home/user/.m2/repository/jline/jline/0.9.94/jline-0.9.94.jar:/home/user/.m2/repository/org/apache/yetus/audience-annotations/0.5.0/audience-annotations-0.5.0.jar:/home/user/.m2/repository/org/codehaus/woodstox/stax2-api/3.1.4/stax2-api-3.1.4.jar:/home/user/.m2/repository/com/fasterxml/woodstox/woodstox-core/5.0.3/woodstox-core-5.0.3.jar:/home/user/.m2/repository/dnsjava/dnsjava/2.1.7/dnsjava-2.1.7.jar:/home/user/.m2/repository/org/apache/hadoop/hadoop-hdfs/3.2.0/hadoop-hdfs-3.2.0-tests.jar:/home/user/.m2/repository/org/eclipse/jetty/jetty-util-ajax/9.3.25.v20180904/jetty-util-ajax-9.3.25.v20180904.jar:/home/user/.m2/repository/commons-daemon/commons-daemon/1.0.13/commons-daemon-1.0.13.jar:/home/user/.m2/repository/io/netty/netty/3.10.5.Final/netty-3.10.5.Final.jar:/home/user/.m2/repository/io/netty/netty-all/4.0.52.Final/netty-all-4.0.52.Final.jar:/home/user/.m2/repository/org/fusesource/leveldbjni/leveldbjni-all/1.8/leveldbjni-all-1.8.jar:"/>
    <property name="java.vm.vendor" value="IcedTea"/>
    <property name="sun.arch.data.model" value="64"/>
    <property name="test.build.dir" value="/workdir/hadoop-ozone/integration-test/target/test-dir"/>
    <property name="test.cache.data" value=""/>
    <property name="java.vendor.url" value="https://icedtea.classpath.org"/>
    <property name="user.timezone" value=""/>
    <property name="java.vm.specification.version" value="1.8"/>
    <property name="os.name" value="Linux"/>
    <property name="test.build.data" value="/workdir/hadoop-ozone/integration-test/target/test-dir"/>
    <property name="user.country" value="US"/>
    <property name="sun.java.launcher" value="SUN_STANDARD"/>
    <property name="sun.boot.library.path" value="/usr/lib/jvm/java-1.8-openjdk/jre/lib/amd64"/>
    <property name="sun.java.command" value="/workdir/hadoop-ozone/integration-test/target/surefire/surefirebooter4092746121578718325.jar /workdir/hadoop-ozone/integration-test/target/surefire 2019-09-26T14-49-27_111-jvmRun1 surefire8568212060444504932tmp surefire_653439663933060904610tmp"/>
    <property name="test" value="!TestMiniChaosOzoneCluster"/>
    <property name="surefire.test.class.path" value="/workdir/hadoop-ozone/integration-test/target/test-classes:/workdir/hadoop-ozone/integration-test/target/classes:/home/user/.m2/repository/org/apache/hadoop/hadoop-ozone-common/0.5.0-SNAPSHOT/hadoop-ozone-common-0.5.0-SNAPSHOT.jar:/home/user/.m2/repository/org/apache/commons/commons-compress/1.4.1/commons-compress-1.4.1.jar:/home/user/.m2/repository/org/tukaani/xz/1.0/xz-1.0.jar:/home/user/.m2/repository/org/apache/hadoop/hadoop-common/3.2.0/hadoop-common-3.2.0.jar:/home/user/.m2/repository/org/apache/hadoop/hadoop-hdfs/3.2.0/hadoop-hdfs-3.2.0.jar:/home/user/.m2/repository/org/apache/hadoop/hadoop-hdfs-client/3.2.0/hadoop-hdfs-client-3.2.0.jar:/home/user/.m2/repository/com/fasterxml/jackson/core/jackson-annotations/2.9.9/jackson-annotations-2.9.9.jar:/home/user/.m2/repository/org/apache/hadoop/hadoop-hdds-common/0.5.0-SNAPSHOT/hadoop-hdds-common-0.5.0-SNAPSHOT.jar:/home/user/.m2/repository/javax/annotation/javax.annotation-api/1.2/javax.annotation-api-1.2.jar:/home/user/.m2/repository/org/apache/ratis/ratis-server/0.4.0/ratis-server-0.4.0.jar:/home/user/.m2/repository/org/apache/ratis/ratis-thirdparty-misc/0.2.0/ratis-thirdparty-misc-0.2.0.jar:/home/user/.m2/repository/org/apache/ratis/ratis-proto/0.4.0/ratis-proto-0.4.0.jar:/home/user/.m2/repository/org/apache/ratis/ratis-common/0.4.0/ratis-common-0.4.0.jar:/home/user/.m2/repository/org/apache/ratis/ratis-client/0.4.0/ratis-client-0.4.0.jar:/home/user/.m2/repository/org/apache/ratis/ratis-metrics/0.4.0/ratis-metrics-0.4.0.jar:/home/user/.m2/repository/com/github/joshelser/dropwizard-metrics-hadoop-metrics2-reporter/0.1.2/dropwizard-metrics-hadoop-metrics2-reporter-0.1.2.jar:/home/user/.m2/repository/io/dropwizard/metrics/metrics-jvm/3.2.5/metrics-jvm-3.2.5.jar:/home/user/.m2/repository/io/dropwizard/metrics/metrics-ganglia/3.2.5/metrics-ganglia-3.2.5.jar:/home/user/.m2/repository/info/ganglia/gmetric4j/gmetric4j/1.0.7/gmetric4j-1.0.7.jar:/home/user/.m2/repository/org/apache/ratis/ratis-netty/0.4.0/ratis-netty-0.4.0.jar:/home/user/.m2/repository/org/apache/ratis/ratis-grpc/0.4.0/ratis-grpc-0.4.0.jar:/home/user/.m2/repository/org/rocksdb/rocksdbjni/6.0.1/rocksdbjni-6.0.1.jar:/home/user/.m2/repository/org/apache/logging/log4j/log4j-api/2.11.0/log4j-api-2.11.0.jar:/home/user/.m2/repository/org/apache/logging/log4j/log4j-core/2.11.0/log4j-core-2.11.0.jar:/home/user/.m2/repository/com/lmax/disruptor/3.4.2/disruptor-3.4.2.jar:/home/user/.m2/repository/org/apache/commons/commons-pool2/2.6.0/commons-pool2-2.6.0.jar:/home/user/.m2/repository/org/bouncycastle/bcpkix-jdk15on/1.60/bcpkix-jdk15on-1.60.jar:/home/user/.m2/repository/commons-validator/commons-validator/1.6/commons-validator-1.6.jar:/home/user/.m2/repository/commons-digester/commons-digester/1.8.1/commons-digester-1.8.1.jar:/home/user/.m2/repository/io/jaegertracing/jaeger-client/0.34.0/jaeger-client-0.34.0.jar:/home/user/.m2/repository/io/jaegertracing/jaeger-thrift/0.34.0/jaeger-thrift-0.34.0.jar:/home/user/.m2/repository/org/apache/thrift/libthrift/0.12.0/libthrift-0.12.0.jar:/home/user/.m2/repository/com/squareup/okhttp3/okhttp/3.9.0/okhttp-3.9.0.jar:/home/user/.m2/repository/com/squareup/okio/okio/1.13.0/okio-1.13.0.jar:/home/user/.m2/repository/io/jaegertracing/jaeger-core/0.34.0/jaeger-core-0.34.0.jar:/home/user/.m2/repository/io/jaegertracing/jaeger-tracerresolver/0.34.0/jaeger-tracerresolver-0.34.0.jar:/home/user/.m2/repository/io/opentracing/contrib/opentracing-tracerresolver/0.1.5/opentracing-tracerresolver-0.1.5.jar:/home/user/.m2/repository/io/opentracing/opentracing-util/0.31.0/opentracing-util-0.31.0.jar:/home/user/.m2/repository/io/opentracing/opentracing-api/0.31.0/opentracing-api-0.31.0.jar:/home/user/.m2/repository/io/opentracing/opentracing-noop/0.31.0/opentracing-noop-0.31.0.jar:/home/user/.m2/repository/org/apache/hadoop/hadoop-hdds-server-framework/0.5.0-SNAPSHOT/hadoop-hdds-server-framework-0.5.0-SNAPSHOT.jar:/home/user/.m2/repository/org/apache/hadoop/hadoop-hdds-container-service/0.5.0-SNAPSHOT/hadoop-hdds-container-service-0.5.0-SNAPSHOT.jar:/home/user/.m2/repository/org/apache/hadoop/hadoop-hdds-client/0.5.0-SNAPSHOT/hadoop-hdds-client-0.5.0-SNAPSHOT.jar:/home/user/.m2/repository/org/apache/hadoop/hadoop-hdds-tools/0.5.0-SNAPSHOT/hadoop-hdds-tools-0.5.0-SNAPSHOT.jar:/home/user/.m2/repository/org/apache/hadoop/hadoop-hdds-server-scm/0.5.0-SNAPSHOT/hadoop-hdds-server-scm-0.5.0-SNAPSHOT.jar:/home/user/.m2/repository/org/apache/hadoop/hadoop-hdds-docs/0.5.0-SNAPSHOT/hadoop-hdds-docs-0.5.0-SNAPSHOT.jar:/home/user/.m2/repository/io/dropwizard/metrics/metrics-core/3.2.4/metrics-core-3.2.4.jar:/home/user/.m2/repository/org/hamcrest/hamcrest-all/1.3/hamcrest-all-1.3.jar:/home/user/.m2/repository/org/bouncycastle/bcprov-jdk15on/1.60/bcprov-jdk15on-1.60.jar:/home/user/.m2/repository/info/picocli/picocli/3.9.6/picocli-3.9.6.jar:/home/user/.m2/repository/com/google/protobuf/protobuf-java/2.5.0/protobuf-java-2.5.0.jar:/home/user/.m2/repository/com/google/guava/guava/11.0.2/guava-11.0.2.jar:/home/user/.m2/repository/org/apache/hadoop/hadoop-ozone-ozone-manager/0.5.0-SNAPSHOT/hadoop-ozone-ozone-manager-0.5.0-SNAPSHOT.jar:/home/user/.m2/repository/org/apache/hadoop/hadoop-minikdc/3.2.0/hadoop-minikdc-3.2.0.jar:/home/user/.m2/repository/commons-io/commons-io/2.5/commons-io-2.5.jar:/home/user/.m2/repository/org/apache/kerby/kerb-simplekdc/1.0.1/kerb-simplekdc-1.0.1.jar:/home/user/.m2/repository/org/apache/kerby/kerb-client/1.0.1/kerb-client-1.0.1.jar:/home/user/.m2/repository/org/apache/kerby/kerby-config/1.0.1/kerby-config-1.0.1.jar:/home/user/.m2/repository/org/apache/kerby/kerb-core/1.0.1/kerb-core-1.0.1.jar:/home/user/.m2/repository/org/apache/kerby/kerby-pkix/1.0.1/kerby-pkix-1.0.1.jar:/home/user/.m2/repository/org/apache/kerby/kerby-asn1/1.0.1/kerby-asn1-1.0.1.jar:/home/user/.m2/repository/org/apache/kerby/kerby-util/1.0.1/kerby-util-1.0.1.jar:/home/user/.m2/repository/org/apache/kerby/kerb-common/1.0.1/kerb-common-1.0.1.jar:/home/user/.m2/repository/org/apache/kerby/kerb-crypto/1.0.1/kerb-crypto-1.0.1.jar:/home/user/.m2/repository/org/apache/kerby/kerb-util/1.0.1/kerb-util-1.0.1.jar:/home/user/.m2/repository/org/apache/kerby/token-provider/1.0.1/token-provider-1.0.1.jar:/home/user/.m2/repository/org/apache/kerby/kerb-admin/1.0.1/kerb-admin-1.0.1.jar:/home/user/.m2/repository/org/apache/kerby/kerb-server/1.0.1/kerb-server-1.0.1.jar:/home/user/.m2/repository/org/apache/kerby/kerb-identity/1.0.1/kerb-identity-1.0.1.jar:/home/user/.m2/repository/org/apache/kerby/kerby-xdr/1.0.1/kerby-xdr-1.0.1.jar:/home/user/.m2/repository/org/slf4j/slf4j-log4j12/1.7.25/slf4j-log4j12-1.7.25.jar:/home/user/.m2/repository/org/apache/hadoop/hadoop-ozone-s3gateway/0.5.0-SNAPSHOT/hadoop-ozone-s3gateway-0.5.0-SNAPSHOT.jar:/home/user/.m2/repository/org/jboss/weld/servlet/weld-servlet/2.4.7.Final/weld-servlet-2.4.7.Final.jar:/home/user/.m2/repository/org/glassfish/jersey/containers/jersey-container-servlet-core/2.27/jersey-container-servlet-core-2.27.jar:/home/user/.m2/repository/org/glassfish/hk2/external/javax.inject/2.5.0-b42/javax.inject-2.5.0-b42.jar:/home/user/.m2/repository/org/glassfish/jersey/core/jersey-common/2.27/jersey-common-2.27.jar:/home/user/.m2/repository/org/glassfish/hk2/osgi-resource-locator/1.0.1/osgi-resource-locator-1.0.1.jar:/home/user/.m2/repository/javax/ws/rs/javax.ws.rs-api/2.1/javax.ws.rs-api-2.1.jar:/home/user/.m2/repository/org/glassfish/jersey/ext/cdi/jersey-cdi1x/2.27/jersey-cdi1x-2.27.jar:/home/user/.m2/repository/org/glassfish/jersey/inject/jersey-hk2/2.27/jersey-hk2-2.27.jar:/home/user/.m2/repository/org/glassfish/hk2/hk2-locator/2.5.0-b42/hk2-locator-2.5.0-b42.jar:/home/user/.m2/repository/org/javassist/javassist/3.22.0-CR2/javassist-3.22.0-CR2.jar:/home/user/.m2/repository/org/glassfish/hk2/hk2-api/2.5.0/hk2-api-2.5.0.jar:/home/user/.m2/repository/org/glassfish/hk2/external/jakarta.inject/2.5.0/jakarta.inject-2.5.0.jar:/home/user/.m2/repository/org/glassfish/hk2/hk2-utils/2.5.0/hk2-utils-2.5.0.jar:/home/user/.m2/repository/jakarta/annotation/jakarta.annotation-api/1.3.4/jakarta.annotation-api-1.3.4.jar:/home/user/.m2/repository/org/glassfish/hk2/external/aopalliance-repackaged/2.5.0/aopalliance-repackaged-2.5.0.jar:/home/user/.m2/repository/com/fasterxml/jackson/dataformat/jackson-dataformat-xml/2.9.0/jackson-dataformat-xml-2.9.0.jar:/home/user/.m2/repository/com/fasterxml/jackson/core/jackson-core/2.9.9/jackson-core-2.9.9.jar:/home/user/.m2/repository/com/fasterxml/jackson/module/jackson-module-jaxb-annotations/2.9.9/jackson-module-jaxb-annotations-2.9.9.jar:/home/user/.m2/repository/javax/enterprise/cdi-api/1.2/cdi-api-1.2.jar:/home/user/.m2/repository/javax/el/javax.el-api/3.0.0/javax.el-api-3.0.0.jar:/home/user/.m2/repository/javax/interceptor/javax.interceptor-api/1.2/javax.interceptor-api-1.2.jar:/home/user/.m2/repository/javax/inject/javax.inject/1/javax.inject-1.jar:/home/user/.m2/repository/com/sun/xml/bind/jaxb-impl/2.3.0.1/jaxb-impl-2.3.0.1.jar:/home/user/.m2/repository/com/sun/xml/bind/jaxb-core/2.3.0.1/jaxb-core-2.3.0.1.jar:/home/user/.m2/repository/javax/xml/bind/jaxb-api/2.3.0/jaxb-api-2.3.0.jar:/home/user/.m2/repository/javax/activation/activation/1.1.1/activation-1.1.1.jar:/home/user/.m2/repository/org/apache/hadoop/hadoop-ozone-csi/0.5.0-SNAPSHOT/hadoop-ozone-csi-0.5.0-SNAPSHOT.jar:/home/user/.m2/repository/com/google/protobuf/protobuf-java-util/3.5.1/protobuf-java-util-3.5.1.jar:/home/user/.m2/repository/org/apache/hadoop/hadoop-hdds-config/0.5.0-SNAPSHOT/hadoop-hdds-config-0.5.0-SNAPSHOT.jar:/home/user/.m2/repository/io/grpc/grpc-netty/1.17.1/grpc-netty-1.17.1.jar:/home/user/.m2/repository/io/grpc/grpc-core/1.17.1/grpc-core-1.17.1.jar:/home/user/.m2/repository/io/grpc/grpc-context/1.17.1/grpc-context-1.17.1.jar:/home/user/.m2/repository/com/google/errorprone/error_prone_annotations/2.2.0/error_prone_annotations-2.2.0.jar:/home/user/.m2/repository/org/codehaus/mojo/animal-sniffer-annotations/1.17/animal-sniffer-annotations-1.17.jar:/home/user/.m2/repository/io/opencensus/opencensus-api/0.17.0/opencensus-api-0.17.0.jar:/home/user/.m2/repository/io/opencensus/opencensus-contrib-grpc-metrics/0.17.0/opencensus-contrib-grpc-metrics-0.17.0.jar:/home/user/.m2/repository/io/netty/netty-codec-http2/4.1.30.Final/netty-codec-http2-4.1.30.Final.jar:/home/user/.m2/repository/io/netty/netty-codec-http/4.1.30.Final/netty-codec-http-4.1.30.Final.jar:/home/user/.m2/repository/io/netty/netty-codec/4.1.30.Final/netty-codec-4.1.30.Final.jar:/home/user/.m2/repository/io/netty/netty-handler/4.1.30.Final/netty-handler-4.1.30.Final.jar:/home/user/.m2/repository/io/netty/netty-handler-proxy/4.1.30.Final/netty-handler-proxy-4.1.30.Final.jar:/home/user/.m2/repository/io/netty/netty-codec-socks/4.1.30.Final/netty-codec-socks-4.1.30.Final.jar:/home/user/.m2/repository/io/netty/netty-transport-native-epoll/4.1.30.Final/netty-transport-native-epoll-4.1.30.Final.jar:/home/user/.m2/repository/io/netty/netty-common/4.1.30.Final/netty-common-4.1.30.Final.jar:/home/user/.m2/repository/io/netty/netty-buffer/4.1.30.Final/netty-buffer-4.1.30.Final.jar:/home/user/.m2/repository/io/netty/netty-transport/4.1.30.Final/netty-transport-4.1.30.Final.jar:/home/user/.m2/repository/io/netty/netty-resolver/4.1.30.Final/netty-resolver-4.1.30.Final.jar:/home/user/.m2/repository/io/netty/netty-transport-native-unix-common/4.1.30.Final/netty-transport-native-unix-common-4.1.30.Final.jar:/home/user/.m2/repository/io/grpc/grpc-protobuf/1.17.1/grpc-protobuf-1.17.1.jar:/home/user/.m2/repository/com/google/api/grpc/proto-google-common-protos/1.0.0/proto-google-common-protos-1.0.0.jar:/home/user/.m2/repository/io/grpc/grpc-protobuf-lite/1.17.1/grpc-protobuf-lite-1.17.1.jar:/home/user/.m2/repository/io/grpc/grpc-stub/1.17.1/grpc-stub-1.17.1.jar:/home/user/.m2/repository/org/apache/hadoop/hadoop-ozone-recon/0.5.0-SNAPSHOT/hadoop-ozone-recon-0.5.0-SNAPSHOT.jar:/home/user/.m2/repository/org/apache/hadoop/hadoop-ozone-reconcodegen/0.5.0-SNAPSHOT/hadoop-ozone-reconcodegen-0.5.0-SNAPSHOT.jar:/home/user/.m2/repository/com/google/inject/extensions/guice-multibindings/4.0/guice-multibindings-4.0.jar:/home/user/.m2/repository/com/google/inject/guice/4.0/guice-4.0.jar:/home/user/.m2/repository/aopalliance/aopalliance/1.0/aopalliance-1.0.jar:/home/user/.m2/repository/com/google/inject/extensions/guice-servlet/4.0/guice-servlet-4.0.jar:/home/user/.m2/repository/org/glassfish/jersey/containers/jersey-container-servlet/2.27/jersey-container-servlet-2.27.jar:/home/user/.m2/repository/org/glassfish/hk2/guice-bridge/2.5.0/guice-bridge-2.5.0.jar:/home/user/.m2/repository/org/glassfish/jersey/core/jersey-server/2.27/jersey-server-2.27.jar:/home/user/.m2/repository/org/glassfish/jersey/core/jersey-client/2.27/jersey-client-2.27.jar:/home/user/.m2/repository/org/glassfish/jersey/media/jersey-media-jaxb/2.27/jersey-media-jaxb-2.27.jar:/home/user/.m2/repository/javax/validation/validation-api/1.1.0.Final/validation-api-1.1.0.Final.jar:/home/user/.m2/repository/org/glassfish/jersey/media/jersey-media-json-jackson/2.27/jersey-media-json-jackson-2.27.jar:/home/user/.m2/repository/org/glassfish/jersey/ext/jersey-entity-filtering/2.27/jersey-entity-filtering-2.27.jar:/home/user/.m2/repository/com/google/inject/extensions/guice-assistedinject/4.0/guice-assistedinject-4.0.jar:/home/user/.m2/repository/org/jooq/jooq/3.11.10/jooq-3.11.10.jar:/home/user/.m2/repository/org/jooq/jooq-meta/3.11.10/jooq-meta-3.11.10.jar:/home/user/.m2/repository/org/jooq/jooq-codegen/3.11.10/jooq-codegen-3.11.10.jar:/home/user/.m2/repository/com/jolbox/bonecp/0.8.0.RELEASE/bonecp-0.8.0.RELEASE.jar:/home/user/.m2/repository/org/xerial/sqlite-jdbc/3.25.2/sqlite-jdbc-3.25.2.jar:/home/user/.m2/repository/org/springframework/spring-jdbc/5.1.3.RELEASE/spring-jdbc-5.1.3.RELEASE.jar:/home/user/.m2/repository/org/springframework/spring-beans/5.1.3.RELEASE/spring-beans-5.1.3.RELEASE.jar:/home/user/.m2/repository/org/springframework/spring-core/5.1.3.RELEASE/spring-core-5.1.3.RELEASE.jar:/home/user/.m2/repository/org/springframework/spring-jcl/5.1.3.RELEASE/spring-jcl-5.1.3.RELEASE.jar:/home/user/.m2/repository/org/springframework/spring-tx/5.1.3.RELEASE/spring-tx-5.1.3.RELEASE.jar:/home/user/.m2/repository/org/apache/hadoop/hadoop-ozone-client/0.5.0-SNAPSHOT/hadoop-ozone-client-0.5.0-SNAPSHOT.jar:/home/user/.m2/repository/commons-lang/commons-lang/2.6/commons-lang-2.6.jar:/home/user/.m2/repository/org/apache/hadoop/hadoop-ozone-ozone-manager/0.5.0-SNAPSHOT/hadoop-ozone-ozone-manager-0.5.0-SNAPSHOT-tests.jar:/home/user/.m2/repository/junit/junit/4.11/junit-4.11.jar:/home/user/.m2/repository/org/hamcrest/hamcrest-core/1.3/hamcrest-core-1.3.jar:/home/user/.m2/repository/org/openjdk/jmh/jmh-core/1.19/jmh-core-1.19.jar:/home/user/.m2/repository/net/sf/jopt-simple/jopt-simple/4.6/jopt-simple-4.6.jar:/home/user/.m2/repository/org/apache/commons/commons-math3/3.1.1/commons-math3-3.1.1.jar:/home/user/.m2/repository/org/openjdk/jmh/jmh-generator-annprocess/1.19/jmh-generator-annprocess-1.19.jar:/home/user/.m2/repository/org/mockito/mockito-all/1.8.5/mockito-all-1.8.5.jar:/home/user/.m2/repository/org/apache/hadoop/hadoop-kms/3.2.0/hadoop-kms-3.2.0.jar:/home/user/.m2/repository/org/apache/hadoop/hadoop-auth/3.2.0/hadoop-auth-3.2.0.jar:/home/user/.m2/repository/com/nimbusds/nimbus-jose-jwt/4.41.1/nimbus-jose-jwt-4.41.1.jar:/home/user/.m2/repository/com/github/stephenc/jcip/jcip-annotations/1.0-1/jcip-annotations-1.0-1.jar:/home/user/.m2/repository/net/minidev/json-smart/2.3/json-smart-2.3.jar:/home/user/.m2/repository/net/minidev/accessors-smart/1.2/accessors-smart-1.2.jar:/home/user/.m2/repository/org/ow2/asm/asm/5.0.4/asm-5.0.4.jar:/home/user/.m2/repository/org/apache/curator/curator-framework/2.12.0/curator-framework-2.12.0.jar:/home/user/.m2/repository/com/sun/jersey/jersey-core/1.19/jersey-core-1.19.jar:/home/user/.m2/repository/javax/ws/rs/jsr311-api/1.1.1/jsr311-api-1.1.1.jar:/home/user/.m2/repository/com/sun/jersey/jersey-server/1.19/jersey-server-1.19.jar:/home/user/.m2/repository/javax/servlet/javax.servlet-api/3.1.0/javax.servlet-api-3.1.0.jar:/home/user/.m2/repository/org/eclipse/jetty/jetty-server/9.3.25.v20180904/jetty-server-9.3.25.v20180904.jar:/home/user/.m2/repository/org/eclipse/jetty/jetty-http/9.3.25.v20180904/jetty-http-9.3.25.v20180904.jar:/home/user/.m2/repository/org/eclipse/jetty/jetty-io/9.3.25.v20180904/jetty-io-9.3.25.v20180904.jar:/home/user/.m2/repository/org/eclipse/jetty/jetty-webapp/9.3.25.v20180904/jetty-webapp-9.3.25.v20180904.jar:/home/user/.m2/repository/org/eclipse/jetty/jetty-xml/9.3.25.v20180904/jetty-xml-9.3.25.v20180904.jar:/home/user/.m2/repository/log4j/log4j/1.2.17/log4j-1.2.17.jar:/home/user/.m2/repository/org/slf4j/slf4j-api/1.7.25/slf4j-api-1.7.25.jar:/home/user/.m2/repository/org/slf4j/jul-to-slf4j/1.7.25/jul-to-slf4j-1.7.25.jar:/home/user/.m2/repository/org/eclipse/jetty/jetty-util/9.3.25.v20180904/jetty-util-9.3.25.v20180904.jar:/home/user/.m2/repository/com/fasterxml/jackson/core/jackson-databind/2.9.9/jackson-databind-2.9.9.jar:/home/user/.m2/repository/org/apache/hadoop/hadoop-kms/3.2.0/hadoop-kms-3.2.0-tests.jar:/home/user/.m2/repository/org/apache/hadoop/hadoop-hdds-server-scm/0.5.0-SNAPSHOT/hadoop-hdds-server-scm-0.5.0-SNAPSHOT-tests.jar:/home/user/.m2/repository/org/apache/hadoop/hadoop-hdds-container-service/0.5.0-SNAPSHOT/hadoop-hdds-container-service-0.5.0-SNAPSHOT-tests.jar:/home/user/.m2/repository/org/yaml/snakeyaml/1.16/snakeyaml-1.16.jar:/home/user/.m2/repository/org/apache/hadoop/hadoop-common/3.2.0/hadoop-common-3.2.0-tests.jar:/home/user/.m2/repository/org/apache/hadoop/hadoop-annotations/3.2.0/hadoop-annotations-3.2.0.jar:/usr/lib/jvm/java-1.8-openjdk/jre/../lib/tools.jar:/home/user/.m2/repository/commons-cli/commons-cli/1.2/commons-cli-1.2.jar:/home/user/.m2/repository/org/apache/httpcomponents/httpclient/4.5.2/httpclient-4.5.2.jar:/home/user/.m2/repository/org/apache/httpcomponents/httpcore/4.4.4/httpcore-4.4.4.jar:/home/user/.m2/repository/commons-codec/commons-codec/1.11/commons-codec-1.11.jar:/home/user/.m2/repository/commons-net/commons-net/3.6/commons-net-3.6.jar:/home/user/.m2/repository/commons-collections/commons-collections/3.2.2/commons-collections-3.2.2.jar:/home/user/.m2/repository/org/eclipse/jetty/jetty-servlet/9.3.25.v20180904/jetty-servlet-9.3.25.v20180904.jar:/home/user/.m2/repository/org/eclipse/jetty/jetty-security/9.3.25.v20180904/jetty-security-9.3.25.v20180904.jar:/home/user/.m2/repository/javax/servlet/jsp/jsp-api/2.1/jsp-api-2.1.jar:/home/user/.m2/repository/com/sun/jersey/jersey-servlet/1.19/jersey-servlet-1.19.jar:/home/user/.m2/repository/com/sun/jersey/jersey-json/1.19/jersey-json-1.19.jar:/home/user/.m2/repository/org/codehaus/jettison/jettison/1.1/jettison-1.1.jar:/home/user/.m2/repository/org/codehaus/jackson/jackson-core-asl/1.9.13/jackson-core-asl-1.9.13.jar:/home/user/.m2/repository/org/codehaus/jackson/jackson-mapper-asl/1.9.13/jackson-mapper-asl-1.9.13.jar:/home/user/.m2/repository/org/codehaus/jackson/jackson-jaxrs/1.9.13/jackson-jaxrs-1.9.13.jar:/home/user/.m2/repository/org/codehaus/jackson/jackson-xc/1.9.13/jackson-xc-1.9.13.jar:/home/user/.m2/repository/commons-logging/commons-logging/1.1.3/commons-logging-1.1.3.jar:/home/user/.m2/repository/commons-beanutils/commons-beanutils/1.9.4/commons-beanutils-1.9.4.jar:/home/user/.m2/repository/org/apache/commons/commons-configuration2/2.1.1/commons-configuration2-2.1.1.jar:/home/user/.m2/repository/org/apache/commons/commons-lang3/3.7/commons-lang3-3.7.jar:/home/user/.m2/repository/org/apache/commons/commons-text/1.4/commons-text-1.4.jar:/home/user/.m2/repository/org/apache/avro/avro/1.7.7/avro-1.7.7.jar:/home/user/.m2/repository/com/thoughtworks/paranamer/paranamer/2.3/paranamer-2.3.jar:/home/user/.m2/repository/org/xerial/snappy/snappy-java/1.0.5/snappy-java-1.0.5.jar:/home/user/.m2/repository/com/google/re2j/re2j/1.1/re2j-1.1.jar:/home/user/.m2/repository/com/google/code/gson/gson/2.2.4/gson-2.2.4.jar:/home/user/.m2/repository/com/jcraft/jsch/0.1.54/jsch-0.1.54.jar:/home/user/.m2/repository/org/apache/curator/curator-client/2.12.0/curator-client-2.12.0.jar:/home/user/.m2/repository/org/apache/curator/curator-recipes/2.12.0/curator-recipes-2.12.0.jar:/home/user/.m2/repository/com/google/code/findbugs/jsr305/3.0.0/jsr305-3.0.0.jar:/home/user/.m2/repository/org/apache/htrace/htrace-core4/4.1.0-incubating/htrace-core4-4.1.0-incubating.jar:/home/user/.m2/repository/org/apache/zookeeper/zookeeper/3.4.13/zookeeper-3.4.13.jar:/home/user/.m2/repository/jline/jline/0.9.94/jline-0.9.94.jar:/home/user/.m2/repository/org/apache/yetus/audience-annotations/0.5.0/audience-annotations-0.5.0.jar:/home/user/.m2/repository/org/codehaus/woodstox/stax2-api/3.1.4/stax2-api-3.1.4.jar:/home/user/.m2/repository/com/fasterxml/woodstox/woodstox-core/5.0.3/woodstox-core-5.0.3.jar:/home/user/.m2/repository/dnsjava/dnsjava/2.1.7/dnsjava-2.1.7.jar:/home/user/.m2/repository/org/apache/hadoop/hadoop-hdfs/3.2.0/hadoop-hdfs-3.2.0-tests.jar:/home/user/.m2/repository/org/eclipse/jetty/jetty-util-ajax/9.3.25.v20180904/jetty-util-ajax-9.3.25.v20180904.jar:/home/user/.m2/repository/commons-daemon/commons-daemon/1.0.13/commons-daemon-1.0.13.jar:/home/user/.m2/repository/io/netty/netty/3.10.5.Final/netty-3.10.5.Final.jar:/home/user/.m2/repository/io/netty/netty-all/4.0.52.Final/netty-all-4.0.52.Final.jar:/home/user/.m2/repository/org/fusesource/leveldbjni/leveldbjni-all/1.8/leveldbjni-all-1.8.jar:"/>
    <property name="sun.cpu.endian" value="little"/>
    <property name="user.home" value="/home/user"/>
    <property name="user.language" value="en"/>
    <property name="java.specification.vendor" value="Oracle Corporation"/>
    <property name="java.home" value="/usr/lib/jvm/java-1.8-openjdk/jre"/>
    <property name="java.security.krb5.conf" value="/workdir/hadoop-ozone/integration-test/target/test-classes/krb5.conf"/>
    <property name="basedir" value="/workdir/hadoop-ozone/integration-test"/>
    <property name="file.separator" value="/"/>
    <property name="line.separator" value="&#10;"/>
    <property name="java.vm.specification.vendor" value="Oracle Corporation"/>
    <property name="java.specification.name" value="Java Platform API Specification"/>
    <property name="java.awt.graphicsenv" value="sun.awt.X11GraphicsEnvironment"/>
    <property name="surefire.real.class.path" value="/workdir/hadoop-ozone/integration-test/target/surefire/surefirebooter4092746121578718325.jar"/>
    <property name="hadoop.log.dir" value="/workdir/hadoop-ozone/integration-test/target/log"/>
    <property name="sun.boot.class.path" value="/usr/lib/jvm/java-1.8-openjdk/jre/lib/resources.jar:/usr/lib/jvm/java-1.8-openjdk/jre/lib/rt.jar:/usr/lib/jvm/java-1.8-openjdk/jre/lib/sunrsasign.jar:/usr/lib/jvm/java-1.8-openjdk/jre/lib/jsse.jar:/usr/lib/jvm/java-1.8-openjdk/jre/lib/jce.jar:/usr/lib/jvm/java-1.8-openjdk/jre/lib/charsets.jar:/usr/lib/jvm/java-1.8-openjdk/jre/lib/jfr.jar:/usr/lib/jvm/java-1.8-openjdk/jre/classes"/>
    <property name="sun.management.compiler" value="HotSpot 64-Bit Tiered Compilers"/>
    <property name="java.runtime.version" value="1.8.0_212-b04"/>
    <property name="java.net.preferIPv4Stack" value="true"/>
    <property name="user.name" value="jenkins1000"/>
    <property name="path.separator" value=":"/>
    <property name="java.security.egd" value="file:///dev/urandom"/>
    <property name="os.version" value="3.10.0-957.12.2.el7.x86_64"/>
    <property name="java.endorsed.dirs" value="/usr/lib/jvm/java-1.8-openjdk/jre/lib/endorsed"/>
    <property name="java.runtime.name" value="OpenJDK Runtime Environment"/>
    <property name="file.encoding" value="UTF-8"/>
    <property name="java.vm.name" value="OpenJDK 64-Bit Server VM"/>
    <property name="test.build.webapps" value=""/>
    <property name="localRepository" value="/home/user/.m2/repository"/>
    <property name="java.vendor.url.bug" value="https://icedtea.classpath.org/bugzilla"/>
    <property name="java.io.tmpdir" value="/tmp"/>
    <property name="require.test.libhadoop" value=""/>
    <property name="java.version" value="1.8.0_212"/>
    <property name="user.dir" value="/workdir/hadoop-ozone/integration-test"/>
    <property name="os.arch" value="amd64"/>
    <property name="java.vm.specification.name" value="Java Virtual Machine Specification"/>
    <property name="test.build.classes" value="/workdir/hadoop-ozone/integration-test/target/test-classes"/>
    <property name="java.awt.printerjob" value="sun.print.PSPrinterJob"/>
    <property name="sun.os.patch.level" value="unknown"/>
    <property name="hadoop.tmp.dir" value="/workdir/hadoop-ozone/integration-test/target/tmp"/>
    <property name="java.library.path" value="/usr/lib/jvm/java-1.8-openjdk/jre/lib/amd64/server:/usr/lib/jvm/java-1.8-openjdk/jre/lib/amd64:/usr/lib/jvm/java-1.8-openjdk/jre/../lib/amd64:/workdir/hadoop-ozone/integration-test/target/native/target/usr/local/lib:/workdir/hadoop-ozone/integration-test/../../hadoop-common-project/hadoop-common/target/native/target/usr/local/lib:/usr/java/packages/lib/amd64:/usr/lib64:/lib64:/lib:/usr/lib"/>
    <property name="java.vm.info" value="mixed mode"/>
    <property name="java.vendor" value="IcedTea"/>
    <property name="java.vm.version" value="25.212-b04"/>
    <property name="java.ext.dirs" value="/usr/lib/jvm/java-1.8-openjdk/jre/lib/ext:/usr/java/packages/lib/ext"/>
    <property name="sun.io.unicode.encoding" value="UnicodeLittle"/>
    <property name="java.class.version" value="52.0"/>
  </properties>
  <testcase name="test2DatanodesFailure" classname="org.apache.hadoop.ozone.client.rpc.TestBlockOutputStreamWithFailures" time="46.937"/>
  <testcase name="testDatanodeFailureWithPreAllocation" classname="org.apache.hadoop.ozone.client.rpc.TestBlockOutputStreamWithFailures" time="224.386"/>
  <testcase name="testDatanodeFailureWithSingleNodeRatis" classname="org.apache.hadoop.ozone.client.rpc.TestBlockOutputStreamWithFailures" time="222.876"/>
  <testcase name="testWatchForCommitWithSingleNodeRatis" classname="org.apache.hadoop.ozone.client.rpc.TestBlockOutputStreamWithFailures" time="34.724"/>
  <testcase name="testWatchForCommitDatanodeFailure" classname="org.apache.hadoop.ozone.client.rpc.TestBlockOutputStreamWithFailures" time="41.837">
    <failure message="expected:&lt;2&gt; but was:&lt;3&gt;" type="java.lang.AssertionError"><![CDATA[java.lang.AssertionError: expected:<2> but was:<3>
	at org.junit.Assert.fail(Assert.java:88)
	at org.junit.Assert.failNotEquals(Assert.java:743)
	at org.junit.Assert.assertEquals(Assert.java:118)
	at org.junit.Assert.assertEquals(Assert.java:555)
	at org.junit.Assert.assertEquals(Assert.java:542)
	at org.apache.hadoop.ozone.client.rpc.TestBlockOutputStreamWithFailures.testWatchForCommitDatanodeFailure(TestBlockOutputStreamWithFailures.java:366)
	at sun.reflect.NativeMethodAccessorImpl.invoke0(Native Method)
	at sun.reflect.NativeMethodAccessorImpl.invoke(NativeMethodAccessorImpl.java:62)
	at sun.reflect.DelegatingMethodAccessorImpl.invoke(DelegatingMethodAccessorImpl.java:43)
	at java.lang.reflect.Method.invoke(Method.java:498)
	at org.junit.runners.model.FrameworkMethod$1.runReflectiveCall(FrameworkMethod.java:47)
	at org.junit.internal.runners.model.ReflectiveCallable.run(ReflectiveCallable.java:12)
	at org.junit.runners.model.FrameworkMethod.invokeExplosively(FrameworkMethod.java:44)
	at org.junit.internal.runners.statements.InvokeMethod.evaluate(InvokeMethod.java:17)
	at org.junit.internal.runners.statements.RunBefores.evaluate(RunBefores.java:26)
	at org.junit.internal.runners.statements.RunAfters.evaluate(RunAfters.java:27)
	at org.junit.runners.ParentRunner.runLeaf(ParentRunner.java:271)
	at org.junit.runners.BlockJUnit4ClassRunner.runChild(BlockJUnit4ClassRunner.java:70)
	at org.junit.runners.BlockJUnit4ClassRunner.runChild(BlockJUnit4ClassRunner.java:50)
	at org.junit.runners.ParentRunner$3.run(ParentRunner.java:238)
	at org.junit.runners.ParentRunner$1.schedule(ParentRunner.java:63)
	at org.junit.runners.ParentRunner.runChildren(ParentRunner.java:236)
	at org.junit.runners.ParentRunner.access$000(ParentRunner.java:53)
	at org.junit.runners.ParentRunner$2.evaluate(ParentRunner.java:229)
	at org.junit.runners.ParentRunner.run(ParentRunner.java:309)
	at org.apache.maven.surefire.junit4.JUnit4Provider.execute(JUnit4Provider.java:365)
	at org.apache.maven.surefire.junit4.JUnit4Provider.executeWithRerun(JUnit4Provider.java:273)
	at org.apache.maven.surefire.junit4.JUnit4Provider.executeTestSet(JUnit4Provider.java:238)
	at org.apache.maven.surefire.junit4.JUnit4Provider.invoke(JUnit4Provider.java:159)
	at org.apache.maven.surefire.booter.ForkedBooter.invokeProviderInSameClassLoader(ForkedBooter.java:384)
	at org.apache.maven.surefire.booter.ForkedBooter.runSuitesInProcess(ForkedBooter.java:345)
	at org.apache.maven.surefire.booter.ForkedBooter.execute(ForkedBooter.java:126)
	at org.apache.maven.surefire.booter.ForkedBooter.main(ForkedBooter.java:418)
]]></failure>
    <system-out><![CDATA[2019-09-26 15:56:08,190 [main] WARN  server.ServerUtils (ServerUtils.java:getScmDbDir(145)) - ozone.scm.db.dirs is not configured. We recommend adding this setting. Falling back to ozone.metadata.dirs instead.
2019-09-26 15:56:08,205 [main] WARN  server.ServerUtils (ServerUtils.java:getScmDbDir(145)) - ozone.scm.db.dirs is not configured. We recommend adding this setting. Falling back to ozone.metadata.dirs instead.
2019-09-26 15:56:08,205 [main] WARN  server.ServerUtils (ServerUtils.java:getScmDbDir(145)) - ozone.scm.db.dirs is not configured. We recommend adding this setting. Falling back to ozone.metadata.dirs instead.
2019-09-26 15:56:08,206 [main] INFO  db.DBStoreBuilder (DBStoreBuilder.java:addTable(110)) - using custom profile for table: deletedBlocks
2019-09-26 15:56:08,206 [main] INFO  db.DBStoreBuilder (DBStoreBuilder.java:processTables(161)) - Using default column profile:DBProfile.DISK for Table:deletedBlocks
2019-09-26 15:56:08,206 [main] INFO  db.DBStoreBuilder (DBStoreBuilder.java:addTable(110)) - using custom profile for table: validCerts
2019-09-26 15:56:08,206 [main] INFO  db.DBStoreBuilder (DBStoreBuilder.java:processTables(161)) - Using default column profile:DBProfile.DISK for Table:validCerts
2019-09-26 15:56:08,206 [main] INFO  db.DBStoreBuilder (DBStoreBuilder.java:addTable(110)) - using custom profile for table: revokedCerts
2019-09-26 15:56:08,207 [main] INFO  db.DBStoreBuilder (DBStoreBuilder.java:processTables(161)) - Using default column profile:DBProfile.DISK for Table:revokedCerts
2019-09-26 15:56:08,207 [main] INFO  db.DBStoreBuilder (DBStoreBuilder.java:addTable(110)) - using custom profile for table: default
2019-09-26 15:56:08,207 [main] INFO  db.DBStoreBuilder (DBStoreBuilder.java:processTables(167)) - Using default column profile:DBProfile.DISK for Table:default
2019-09-26 15:56:08,207 [main] INFO  db.DBStoreBuilder (DBStoreBuilder.java:getDbProfile(198)) - Using default options. DBProfile.DISK
2019-09-26 15:56:08,353 [main] INFO  net.NodeSchemaLoader (NodeSchemaLoader.java:loadSchemaFromFile(125)) - Loading file from sun.misc.CompoundEnumeration@2ca54da9
2019-09-26 15:56:08,353 [main] INFO  net.NodeSchemaLoader (NodeSchemaLoader.java:loadSchema(171)) - Loading network topology layer schema file
2019-09-26 15:56:08,357 [main] INFO  node.SCMNodeManager (SCMNodeManager.java:<init>(114)) - Entering startup safe mode.
2019-09-26 15:56:08,358 [main] INFO  algorithms.ContainerPlacementPolicyFactory (ContainerPlacementPolicyFactory.java:getPolicy(57)) - Create container placement policy of type org.apache.hadoop.hdds.scm.container.placement.algorithms.SCMContainerPlacementRandom
2019-09-26 15:56:08,358 [main] WARN  server.ServerUtils (ServerUtils.java:getScmDbDir(145)) - ozone.scm.db.dirs is not configured. We recommend adding this setting. Falling back to ozone.metadata.dirs instead.
2019-09-26 15:56:08,418 [main] INFO  pipeline.SCMPipelineManager (SCMPipelineManager.java:initializePipelineState(132)) - No pipeline exists in current db
2019-09-26 15:56:08,418 [main] WARN  server.ServerUtils (ServerUtils.java:getScmDbDir(145)) - ozone.scm.db.dirs is not configured. We recommend adding this setting. Falling back to ozone.metadata.dirs instead.
2019-09-26 15:56:08,456 [main] WARN  events.EventQueue (EventQueue.java:fireEvent(183)) - No event handler registered for event TypedEvent{payloadType=SafeModeStatus, name='SafeModeStatus'}
2019-09-26 15:56:08,457 [main] INFO  ipc.CallQueueManager (CallQueueManager.java:<init>(84)) - Using callQueue: class java.util.concurrent.LinkedBlockingQueue, queueCapacity: 2000, scheduler: class org.apache.hadoop.ipc.DefaultRpcScheduler, ipcBackoff: false.
2019-09-26 15:56:08,458 [Socket Reader #1 for port 36810] INFO  ipc.Server (Server.java:run(1074)) - Starting Socket Reader #1 for port 36810
2019-09-26 15:56:08,460 [main] INFO  ipc.CallQueueManager (CallQueueManager.java:<init>(84)) - Using callQueue: class java.util.concurrent.LinkedBlockingQueue, queueCapacity: 2000, scheduler: class org.apache.hadoop.ipc.DefaultRpcScheduler, ipcBackoff: false.
2019-09-26 15:56:08,460 [Socket Reader #1 for port 44854] INFO  ipc.Server (Server.java:run(1074)) - Starting Socket Reader #1 for port 44854
2019-09-26 15:56:08,461 [main] INFO  ipc.CallQueueManager (CallQueueManager.java:<init>(84)) - Using callQueue: class java.util.concurrent.LinkedBlockingQueue, queueCapacity: 2000, scheduler: class org.apache.hadoop.ipc.DefaultRpcScheduler, ipcBackoff: false.
2019-09-26 15:56:08,462 [Socket Reader #1 for port 44431] INFO  ipc.Server (Server.java:run(1074)) - Starting Socket Reader #1 for port 44431
2019-09-26 15:56:08,464 [main] INFO  hdfs.DFSUtil (DFSUtil.java:httpServerTemplateForNNAndJN(1641)) - Starting Web-server for scm at: http://0.0.0.0:0
2019-09-26 15:56:08,466 [main] INFO  server.AuthenticationFilter (AuthenticationFilter.java:constructSecretProvider(240)) - Unable to initialize FileSignerSecretProvider, falling back to use random secrets.
2019-09-26 15:56:08,466 [main] WARN  http.HttpRequestLog (HttpRequestLog.java:getRequestLog(97)) - Jetty request log can only be enabled using Log4j
2019-09-26 15:56:08,468 [main] INFO  http.HttpServer2 (HttpServer2.java:addGlobalFilter(975)) - Added global filter 'safety' (class=org.apache.hadoop.http.HttpServer2$QuotingInputFilter)
2019-09-26 15:56:08,468 [main] INFO  http.HttpServer2 (HttpServer2.java:addFilter(948)) - Added filter static_user_filter (class=org.apache.hadoop.http.lib.StaticUserWebFilter$StaticUserFilter) to context scm
2019-09-26 15:56:08,468 [main] INFO  http.HttpServer2 (HttpServer2.java:addFilter(958)) - Added filter static_user_filter (class=org.apache.hadoop.http.lib.StaticUserWebFilter$StaticUserFilter) to context static
2019-09-26 15:56:08,468 [main] INFO  http.HttpServer2 (HttpServer2.java:addFilter(958)) - Added filter static_user_filter (class=org.apache.hadoop.http.lib.StaticUserWebFilter$StaticUserFilter) to context logs
2019-09-26 15:56:08,470 [main] INFO  server.StorageContainerManager (StorageContainerManager.java:start(770)) - StorageContainerLocationProtocol RPC server is listening at /0.0.0.0:44431
2019-09-26 15:56:08,471 [main] WARN  impl.MetricsConfig (MetricsConfig.java:loadFirst(134)) - Cannot locate configuration: tried hadoop-metrics2-storagecontainermanager.properties,hadoop-metrics2.properties
2019-09-26 15:56:08,472 [main] INFO  impl.MetricsSystemImpl (MetricsSystemImpl.java:startTimer(374)) - Scheduled Metric snapshot period at 10 second(s).
2019-09-26 15:56:08,472 [main] INFO  impl.MetricsSystemImpl (MetricsSystemImpl.java:start(191)) - StorageContainerManager metrics system started
2019-09-26 15:56:08,510 [main] WARN  impl.MetricsSystemImpl (MetricsSystemImpl.java:register(276)) - Sink prometheus already exists!
2019-09-26 15:56:08,589 [main] INFO  server.SCMClientProtocolServer (SCMClientProtocolServer.java:start(150)) - RPC server for Client  is listening at /0.0.0.0:44431
2019-09-26 15:56:08,590 [IPC Server Responder] INFO  ipc.Server (Server.java:run(1314)) - IPC Server Responder: starting
2019-09-26 15:56:08,591 [IPC Server listener on 44431] INFO  ipc.Server (Server.java:run(1153)) - IPC Server listener on 44431: starting
2019-09-26 15:56:08,594 [main] INFO  server.StorageContainerManager (StorageContainerManager.java:start(780)) - ScmBlockLocationProtocol RPC server is listening at /0.0.0.0:44854
2019-09-26 15:56:08,595 [main] INFO  server.SCMBlockProtocolServer (SCMBlockProtocolServer.java:start(146)) - RPC server for Block Protocol is listening at /0.0.0.0:44854
2019-09-26 15:56:08,595 [IPC Server Responder] INFO  ipc.Server (Server.java:run(1314)) - IPC Server Responder: starting
2019-09-26 15:56:08,595 [IPC Server listener on 44854] INFO  ipc.Server (Server.java:run(1153)) - IPC Server listener on 44854: starting
2019-09-26 15:56:08,598 [main] INFO  server.StorageContainerManager (StorageContainerManager.java:start(784)) - ScmDatanodeProtocl RPC server is listening at /0.0.0.0:36810
2019-09-26 15:56:08,598 [main] INFO  server.SCMDatanodeProtocolServer (SCMDatanodeProtocolServer.java:start(191)) - RPC server for DataNodes is listening at /0.0.0.0:36810
2019-09-26 15:56:08,598 [IPC Server Responder] INFO  ipc.Server (Server.java:run(1314)) - IPC Server Responder: starting
2019-09-26 15:56:08,598 [IPC Server listener on 36810] INFO  ipc.Server (Server.java:run(1153)) - IPC Server listener on 36810: starting
2019-09-26 15:56:08,601 [main] INFO  http.HttpServer2 (HttpServer2.java:bindListener(1191)) - Jetty bound to port 42529
2019-09-26 15:56:08,602 [main] INFO  server.Server (Server.java:doStart(351)) - jetty-9.3.25.v20180904, build timestamp: 2018-09-04T21:11:46Z, git hash: 3ce520221d0240229c862b122d2b06c12a625732
2019-09-26 15:56:08,603 [main] INFO  handler.ContextHandler (ContextHandler.java:doStart(781)) - Started o.e.j.s.ServletContextHandler@26f0141{/logs,file:///workdir/hadoop-ozone/integration-test/target/log,AVAILABLE}
2019-09-26 15:56:08,604 [main] INFO  handler.ContextHandler (ContextHandler.java:doStart(781)) - Started o.e.j.s.ServletContextHandler@6de7778f{/static,file:///workdir/hadoop-ozone/integration-test/target/test-classes/webapps/static,AVAILABLE}
2019-09-26 15:56:08,609 [main] INFO  handler.ContextHandler (ContextHandler.java:doStart(781)) - Started o.e.j.w.WebAppContext@4837f97e{/,file:///workdir/hadoop-ozone/integration-test/target/test-classes/webapps/scm/,AVAILABLE}{/scm}
2019-09-26 15:56:08,609 [main] INFO  server.AbstractConnector (AbstractConnector.java:doStart(278)) - Started ServerConnector@53314f76{HTTP/1.1,[http/1.1]}{0.0.0.0:42529}
2019-09-26 15:56:08,610 [main] INFO  server.Server (Server.java:doStart(419)) - Started @530042ms
2019-09-26 15:56:08,610 [main] WARN  impl.MetricsSystemImpl (MetricsSystemImpl.java:register(276)) - Sink prometheus already exists!
2019-09-26 15:56:08,611 [main] INFO  server.BaseHttpServer (BaseHttpServer.java:updateConnectorAddress(215)) - HTTP server of SCM is listening at http://0.0.0.0:42529
2019-09-26 15:56:08,612 [main] WARN  server.ServerUtils (ServerUtils.java:getDBPath(222)) - ozone.om.db.dirs is not configured. We recommend adding this setting. Falling back to ozone.metadata.dirs instead.
2019-09-26 15:56:08,612 [org.apache.hadoop.util.JvmPauseMonitor$Monitor@70881123] INFO  util.JvmPauseMonitor (JvmPauseMonitor.java:run(188)) - Starting JVM pause monitor
2019-09-26 15:56:08,625 [main] WARN  server.ServerUtils (ServerUtils.java:getDBPath(222)) - ozone.om.db.dirs is not configured. We recommend adding this setting. Falling back to ozone.metadata.dirs instead.
2019-09-26 15:56:08,626 [main] WARN  server.ServerUtils (ServerUtils.java:getDBPath(222)) - ozone.om.db.dirs is not configured. We recommend adding this setting. Falling back to ozone.metadata.dirs instead.
2019-09-26 15:56:08,626 [main] INFO  om.OzoneManager (OzoneManager.java:setOMNodeDetails(652)) - OM Service ID is not set. Setting it to the default ID: omServiceIdDefault
2019-09-26 15:56:08,626 [main] INFO  om.OzoneManager (OzoneManager.java:setOMNodeDetails(658)) - OM Node ID is not set. Setting it to the OmStorage's OmID: e0383131-5e10-4dc1-8fd6-c403c89ab9f1
2019-09-26 15:56:08,626 [main] INFO  om.OzoneManager (OzoneManager.java:loadOMHAConfigs(609)) - Found matching OM address with OMServiceId: null, OMNodeId: null, RPC Address: localhost:0 and Ratis port: 9872
2019-09-26 15:56:08,632 [main] WARN  server.ServerUtils (ServerUtils.java:getDBPath(222)) - ozone.om.db.dirs is not configured. We recommend adding this setting. Falling back to ozone.metadata.dirs instead.
2019-09-26 15:56:08,632 [main] INFO  db.DBStoreBuilder (DBStoreBuilder.java:addTable(110)) - using custom profile for table: userTable
2019-09-26 15:56:08,632 [main] INFO  db.DBStoreBuilder (DBStoreBuilder.java:processTables(161)) - Using default column profile:DBProfile.DISK for Table:userTable
2019-09-26 15:56:08,633 [main] INFO  db.DBStoreBuilder (DBStoreBuilder.java:addTable(110)) - using custom profile for table: volumeTable
2019-09-26 15:56:08,633 [main] INFO  db.DBStoreBuilder (DBStoreBuilder.java:processTables(161)) - Using default column profile:DBProfile.DISK for Table:volumeTable
2019-09-26 15:56:08,633 [main] INFO  db.DBStoreBuilder (DBStoreBuilder.java:addTable(110)) - using custom profile for table: bucketTable
2019-09-26 15:56:08,633 [main] INFO  db.DBStoreBuilder (DBStoreBuilder.java:processTables(161)) - Using default column profile:DBProfile.DISK for Table:bucketTable
2019-09-26 15:56:08,634 [main] INFO  db.DBStoreBuilder (DBStoreBuilder.java:addTable(110)) - using custom profile for table: keyTable
2019-09-26 15:56:08,634 [main] INFO  db.DBStoreBuilder (DBStoreBuilder.java:processTables(161)) - Using default column profile:DBProfile.DISK for Table:keyTable
2019-09-26 15:56:08,634 [main] INFO  db.DBStoreBuilder (DBStoreBuilder.java:addTable(110)) - using custom profile for table: deletedTable
2019-09-26 15:56:08,634 [main] INFO  db.DBStoreBuilder (DBStoreBuilder.java:processTables(161)) - Using default column profile:DBProfile.DISK for Table:deletedTable
2019-09-26 15:56:08,634 [main] INFO  db.DBStoreBuilder (DBStoreBuilder.java:addTable(110)) - using custom profile for table: openKeyTable
2019-09-26 15:56:08,635 [main] INFO  db.DBStoreBuilder (DBStoreBuilder.java:processTables(161)) - Using default column profile:DBProfile.DISK for Table:openKeyTable
2019-09-26 15:56:08,635 [main] INFO  db.DBStoreBuilder (DBStoreBuilder.java:addTable(110)) - using custom profile for table: s3Table
2019-09-26 15:56:08,635 [main] INFO  db.DBStoreBuilder (DBStoreBuilder.java:processTables(161)) - Using default column profile:DBProfile.DISK for Table:s3Table
2019-09-26 15:56:08,635 [main] INFO  db.DBStoreBuilder (DBStoreBuilder.java:addTable(110)) - using custom profile for table: multipartInfoTable
2019-09-26 15:56:08,635 [main] INFO  db.DBStoreBuilder (DBStoreBuilder.java:processTables(161)) - Using default column profile:DBProfile.DISK for Table:multipartInfoTable
2019-09-26 15:56:08,636 [main] INFO  db.DBStoreBuilder (DBStoreBuilder.java:addTable(110)) - using custom profile for table: dTokenTable
2019-09-26 15:56:08,636 [main] INFO  db.DBStoreBuilder (DBStoreBuilder.java:processTables(161)) - Using default column profile:DBProfile.DISK for Table:dTokenTable
2019-09-26 15:56:08,636 [main] INFO  db.DBStoreBuilder (DBStoreBuilder.java:addTable(110)) - using custom profile for table: s3SecretTable
2019-09-26 15:56:08,636 [main] INFO  db.DBStoreBuilder (DBStoreBuilder.java:processTables(161)) - Using default column profile:DBProfile.DISK for Table:s3SecretTable
2019-09-26 15:56:08,636 [main] INFO  db.DBStoreBuilder (DBStoreBuilder.java:addTable(110)) - using custom profile for table: prefixTable
2019-09-26 15:56:08,637 [main] INFO  db.DBStoreBuilder (DBStoreBuilder.java:processTables(161)) - Using default column profile:DBProfile.DISK for Table:prefixTable
2019-09-26 15:56:08,637 [main] INFO  db.DBStoreBuilder (DBStoreBuilder.java:addTable(110)) - using custom profile for table: default
2019-09-26 15:56:08,637 [main] INFO  db.DBStoreBuilder (DBStoreBuilder.java:processTables(167)) - Using default column profile:DBProfile.DISK for Table:default
2019-09-26 15:56:08,637 [main] INFO  db.DBStoreBuilder (DBStoreBuilder.java:getDbProfile(198)) - Using default options. DBProfile.DISK
2019-09-26 15:56:09,024 [main] INFO  ipc.CallQueueManager (CallQueueManager.java:<init>(84)) - Using callQueue: class java.util.concurrent.LinkedBlockingQueue, queueCapacity: 2000, scheduler: class org.apache.hadoop.ipc.DefaultRpcScheduler, ipcBackoff: false.
2019-09-26 15:56:09,026 [Socket Reader #1 for port 42609] INFO  ipc.Server (Server.java:run(1074)) - Starting Socket Reader #1 for port 42609
2019-09-26 15:56:09,037 [main] INFO  om.OzoneManager (OzoneManager.java:start(1243)) - OzoneManager RPC server is listening at localhost/127.0.0.1:42609
2019-09-26 15:56:09,037 [main] INFO  impl.MetricsSystemImpl (MetricsSystemImpl.java:init(158)) - OzoneManager metrics system started (again)
2019-09-26 15:56:09,038 [IPC Server Responder] INFO  ipc.Server (Server.java:run(1314)) - IPC Server Responder: starting
2019-09-26 15:56:09,039 [IPC Server listener on 42609] INFO  ipc.Server (Server.java:run(1153)) - IPC Server listener on 42609: starting
2019-09-26 15:56:09,042 [main] INFO  hdfs.DFSUtil (DFSUtil.java:httpServerTemplateForNNAndJN(1641)) - Starting Web-server for ozoneManager at: http://0.0.0.0:0
2019-09-26 15:56:09,043 [main] INFO  server.AuthenticationFilter (AuthenticationFilter.java:constructSecretProvider(240)) - Unable to initialize FileSignerSecretProvider, falling back to use random secrets.
2019-09-26 15:56:09,043 [main] WARN  http.HttpRequestLog (HttpRequestLog.java:getRequestLog(97)) - Jetty request log can only be enabled using Log4j
2019-09-26 15:56:09,044 [main] INFO  http.HttpServer2 (HttpServer2.java:addGlobalFilter(975)) - Added global filter 'safety' (class=org.apache.hadoop.http.HttpServer2$QuotingInputFilter)
2019-09-26 15:56:09,045 [main] INFO  http.HttpServer2 (HttpServer2.java:addFilter(948)) - Added filter static_user_filter (class=org.apache.hadoop.http.lib.StaticUserWebFilter$StaticUserFilter) to context ozoneManager
2019-09-26 15:56:09,045 [main] INFO  http.HttpServer2 (HttpServer2.java:addFilter(958)) - Added filter static_user_filter (class=org.apache.hadoop.http.lib.StaticUserWebFilter$StaticUserFilter) to context static
2019-09-26 15:56:09,045 [main] INFO  http.HttpServer2 (HttpServer2.java:addFilter(958)) - Added filter static_user_filter (class=org.apache.hadoop.http.lib.StaticUserWebFilter$StaticUserFilter) to context logs
2019-09-26 15:56:09,046 [main] INFO  http.HttpServer2 (HttpServer2.java:bindListener(1191)) - Jetty bound to port 44816
2019-09-26 15:56:09,046 [main] INFO  server.Server (Server.java:doStart(351)) - jetty-9.3.25.v20180904, build timestamp: 2018-09-04T21:11:46Z, git hash: 3ce520221d0240229c862b122d2b06c12a625732
2019-09-26 15:56:09,047 [main] INFO  handler.ContextHandler (ContextHandler.java:doStart(781)) - Started o.e.j.s.ServletContextHandler@23bd0c81{/logs,file:///workdir/hadoop-ozone/integration-test/target/log,AVAILABLE}
2019-09-26 15:56:09,047 [main] INFO  handler.ContextHandler (ContextHandler.java:doStart(781)) - Started o.e.j.s.ServletContextHandler@544e3679{/static,file:///workdir/hadoop-ozone/integration-test/target/test-classes/webapps/static,AVAILABLE}
2019-09-26 15:56:09,050 [main] INFO  handler.ContextHandler (ContextHandler.java:doStart(781)) - Started o.e.j.w.WebAppContext@43c7fe8a{/,file:///workdir/hadoop-ozone/integration-test/target/test-classes/webapps/ozoneManager/,AVAILABLE}{/ozoneManager}
2019-09-26 15:56:09,051 [main] INFO  server.AbstractConnector (AbstractConnector.java:doStart(278)) - Started ServerConnector@67f946c3{HTTP/1.1,[http/1.1]}{0.0.0.0:44816}
2019-09-26 15:56:09,052 [main] INFO  server.Server (Server.java:doStart(419)) - Started @530484ms
2019-09-26 15:56:09,052 [main] WARN  impl.MetricsSystemImpl (MetricsSystemImpl.java:register(276)) - Sink prometheus already exists!
2019-09-26 15:56:09,053 [main] INFO  server.BaseHttpServer (BaseHttpServer.java:updateConnectorAddress(215)) - HTTP server of OZONEMANAGER is listening at http://0.0.0.0:44816
2019-09-26 15:56:09,069 [main] INFO  impl.MetricsSystemImpl (MetricsSystemImpl.java:init(158)) - HddsDatanode metrics system started (again)
2019-09-26 15:56:09,072 [main] INFO  ozone.HddsDatanodeService (HddsDatanodeService.java:start(184)) - HddsDatanodeService host:pr-hdds-2185-nx5sg-2633547614 ip:192.168.164.210
2019-09-26 15:56:09,078 [main] INFO  volume.HddsVolume (HddsVolume.java:<init>(176)) - Creating Volume: /workdir/hadoop-ozone/integration-test/target/test-dir/MiniOzoneClusterImpl-7cae8434-9510-4e3b-823e-048edbbfad91/datanode-0/data/containers/hdds of  storage type : DISK and capacity : 1482555576320
2019-09-26 15:56:09,078 [main] INFO  volume.VolumeSet (VolumeSet.java:initializeVolumeSet(170)) - Added Volume : /workdir/hadoop-ozone/integration-test/target/test-dir/MiniOzoneClusterImpl-7cae8434-9510-4e3b-823e-048edbbfad91/datanode-0/data/containers/hdds to VolumeSet
2019-09-26 15:56:09,078 [main] INFO  volume.ThrottledAsyncChecker (ThrottledAsyncChecker.java:schedule(139)) - Scheduling a check for org.apache.hadoop.ozone.container.common.volume.HddsVolume@3bbf1c0d
2019-09-26 15:56:09,079 [main] INFO  volume.HddsVolumeChecker (HddsVolumeChecker.java:checkAllVolumes(202)) - Scheduled health check for volume org.apache.hadoop.ozone.container.common.volume.HddsVolume@3bbf1c0d
2019-09-26 15:56:09,095 [main] INFO  impl.RaftServerProxy (ConfUtils.java:logGet(43)) - raft.rpc.type = GRPC (default)
2019-09-26 15:56:09,096 [main] INFO  grpc.GrpcFactory (GrpcFactory.java:checkPooledByteBufAllocatorUseCacheForAllThreads(45)) - PERFORMANCE WARNING: useCacheForAllThreads is true that may cause Netty to create a lot garbage objects and, as a result, trigger GC.
	It is recommended to disable useCacheForAllThreads by setting -Dorg.apache.ratis.thirdparty.io.netty.allocator.useCacheForAllThreads=false in command line.
2019-09-26 15:56:09,096 [main] INFO  grpc.GrpcConfigKeys$Server (ConfUtils.java:logGet(43)) - raft.grpc.server.port = 0 (default)
2019-09-26 15:56:09,096 [main] INFO  server.GrpcService (ConfUtils.java:logGet(43)) - raft.grpc.message.size.max = 33570816 (custom)
2019-09-26 15:56:09,096 [main] INFO  server.RaftServerConfigKeys (ConfUtils.java:logGet(43)) - raft.server.log.appender.buffer.byte-limit = 33554432 (custom)
2019-09-26 15:56:09,096 [main] INFO  server.GrpcService (ConfUtils.java:logGet(43)) - raft.grpc.flow.control.window = 1MB (=1048576) (default)
2019-09-26 15:56:09,097 [main] INFO  server.RaftServerConfigKeys (ConfUtils.java:logGet(43)) - raft.server.rpc.request.timeout = 3000ms (default)
2019-09-26 15:56:09,097 [main] INFO  server.RaftServerConfigKeys (ConfUtils.java:logGet(43)) - raft.server.storage.dir = [/workdir/hadoop-ozone/integration-test/target/test-dir/MiniOzoneClusterImpl-7cae8434-9510-4e3b-823e-048edbbfad91/datanode-0/data/ratis] (custom)
2019-09-26 15:56:09,098 [main] INFO  hdfs.DFSUtil (DFSUtil.java:httpServerTemplateForNNAndJN(1641)) - Starting Web-server for hddsDatanode at: http://0.0.0.0:0
2019-09-26 15:56:09,099 [main] INFO  server.AuthenticationFilter (AuthenticationFilter.java:constructSecretProvider(240)) - Unable to initialize FileSignerSecretProvider, falling back to use random secrets.
2019-09-26 15:56:09,100 [main] WARN  http.HttpRequestLog (HttpRequestLog.java:getRequestLog(97)) - Jetty request log can only be enabled using Log4j
2019-09-26 15:56:09,101 [main] INFO  http.HttpServer2 (HttpServer2.java:addGlobalFilter(975)) - Added global filter 'safety' (class=org.apache.hadoop.http.HttpServer2$QuotingInputFilter)
2019-09-26 15:56:09,101 [main] INFO  http.HttpServer2 (HttpServer2.java:addFilter(948)) - Added filter static_user_filter (class=org.apache.hadoop.http.lib.StaticUserWebFilter$StaticUserFilter) to context hddsDatanode
2019-09-26 15:56:09,102 [main] INFO  http.HttpServer2 (HttpServer2.java:addFilter(958)) - Added filter static_user_filter (class=org.apache.hadoop.http.lib.StaticUserWebFilter$StaticUserFilter) to context static
2019-09-26 15:56:09,102 [main] INFO  http.HttpServer2 (HttpServer2.java:addFilter(958)) - Added filter static_user_filter (class=org.apache.hadoop.http.lib.StaticUserWebFilter$StaticUserFilter) to context logs
2019-09-26 15:56:09,102 [main] INFO  http.HttpServer2 (HttpServer2.java:bindListener(1191)) - Jetty bound to port 38840
2019-09-26 15:56:09,102 [main] INFO  server.Server (Server.java:doStart(351)) - jetty-9.3.25.v20180904, build timestamp: 2018-09-04T21:11:46Z, git hash: 3ce520221d0240229c862b122d2b06c12a625732
2019-09-26 15:56:09,104 [main] INFO  handler.ContextHandler (ContextHandler.java:doStart(781)) - Started o.e.j.s.ServletContextHandler@5f8f1712{/logs,file:///workdir/hadoop-ozone/integration-test/target/log,AVAILABLE}
2019-09-26 15:56:09,104 [main] INFO  handler.ContextHandler (ContextHandler.java:doStart(781)) - Started o.e.j.s.ServletContextHandler@52ecc989{/static,jar:file:/home/user/.m2/repository/org/apache/hadoop/hadoop-hdds-container-service/0.5.0-SNAPSHOT/hadoop-hdds-container-service-0.5.0-SNAPSHOT.jar!/webapps/static,AVAILABLE}
2019-09-26 15:56:09,130 [main] INFO  handler.ContextHandler (ContextHandler.java:doStart(781)) - Started o.e.j.w.WebAppContext@5ea7bc4{/,file:///tmp/jetty-0.0.0.0-38840-hddsDatanode-_-any-786480901716690507.dir/webapp/,AVAILABLE}{/hddsDatanode}
2019-09-26 15:56:09,130 [main] INFO  server.AbstractConnector (AbstractConnector.java:doStart(278)) - Started ServerConnector@39d77de9{HTTP/1.1,[http/1.1]}{0.0.0.0:38840}
2019-09-26 15:56:09,132 [main] INFO  server.Server (Server.java:doStart(419)) - Started @530564ms
2019-09-26 15:56:09,132 [main] WARN  impl.MetricsSystemImpl (MetricsSystemImpl.java:register(276)) - Sink prometheus already exists!
2019-09-26 15:56:09,132 [main] INFO  server.BaseHttpServer (BaseHttpServer.java:updateConnectorAddress(215)) - HTTP server of HDDSDATANODE is listening at http://0.0.0.0:38840
2019-09-26 15:56:09,133 [main] INFO  impl.MetricsSystemImpl (MetricsSystemImpl.java:init(158)) - HddsDatanode metrics system started (again)
2019-09-26 15:56:09,136 [org.apache.hadoop.util.JvmPauseMonitor$Monitor@1e0b18b9] INFO  util.JvmPauseMonitor (JvmPauseMonitor.java:run(188)) - Starting JVM pause monitor
2019-09-26 15:56:09,136 [main] INFO  ozone.HddsDatanodeService (HddsDatanodeService.java:start(184)) - HddsDatanodeService host:pr-hdds-2185-nx5sg-2633547614 ip:192.168.164.210
2019-09-26 15:56:09,137 [Datanode State Machine Thread - 0] INFO  datanode.InitDatanodeState (InitDatanodeState.java:persistContainerDatanodeDetails(140)) - DatanodeDetails is persisted to /workdir/hadoop-ozone/integration-test/target/test-dir/MiniOzoneClusterImpl-7cae8434-9510-4e3b-823e-048edbbfad91/datanode-0/meta/datanode.id
2019-09-26 15:56:09,141 [main] INFO  volume.HddsVolume (HddsVolume.java:<init>(176)) - Creating Volume: /workdir/hadoop-ozone/integration-test/target/test-dir/MiniOzoneClusterImpl-7cae8434-9510-4e3b-823e-048edbbfad91/datanode-1/data/containers/hdds of  storage type : DISK and capacity : 1482555576320
2019-09-26 15:56:09,142 [main] INFO  volume.VolumeSet (VolumeSet.java:initializeVolumeSet(170)) - Added Volume : /workdir/hadoop-ozone/integration-test/target/test-dir/MiniOzoneClusterImpl-7cae8434-9510-4e3b-823e-048edbbfad91/datanode-1/data/containers/hdds to VolumeSet
2019-09-26 15:56:09,142 [main] INFO  volume.ThrottledAsyncChecker (ThrottledAsyncChecker.java:schedule(139)) - Scheduling a check for org.apache.hadoop.ozone.container.common.volume.HddsVolume@39c87b42
2019-09-26 15:56:09,142 [main] INFO  volume.HddsVolumeChecker (HddsVolumeChecker.java:checkAllVolumes(202)) - Scheduled health check for volume org.apache.hadoop.ozone.container.common.volume.HddsVolume@39c87b42
2019-09-26 15:56:09,153 [main] INFO  impl.RaftServerProxy (ConfUtils.java:logGet(43)) - raft.rpc.type = GRPC (default)
2019-09-26 15:56:09,153 [main] INFO  grpc.GrpcFactory (GrpcFactory.java:checkPooledByteBufAllocatorUseCacheForAllThreads(45)) - PERFORMANCE WARNING: useCacheForAllThreads is true that may cause Netty to create a lot garbage objects and, as a result, trigger GC.
	It is recommended to disable useCacheForAllThreads by setting -Dorg.apache.ratis.thirdparty.io.netty.allocator.useCacheForAllThreads=false in command line.
2019-09-26 15:56:09,153 [main] INFO  grpc.GrpcConfigKeys$Server (ConfUtils.java:logGet(43)) - raft.grpc.server.port = 0 (default)
2019-09-26 15:56:09,154 [main] INFO  server.GrpcService (ConfUtils.java:logGet(43)) - raft.grpc.message.size.max = 33570816 (custom)
2019-09-26 15:56:09,154 [main] INFO  server.RaftServerConfigKeys (ConfUtils.java:logGet(43)) - raft.server.log.appender.buffer.byte-limit = 33554432 (custom)
2019-09-26 15:56:09,154 [main] INFO  server.GrpcService (ConfUtils.java:logGet(43)) - raft.grpc.flow.control.window = 1MB (=1048576) (default)
2019-09-26 15:56:09,154 [main] INFO  server.RaftServerConfigKeys (ConfUtils.java:logGet(43)) - raft.server.rpc.request.timeout = 3000ms (default)
2019-09-26 15:56:09,155 [main] INFO  server.RaftServerConfigKeys (ConfUtils.java:logGet(43)) - raft.server.storage.dir = [/workdir/hadoop-ozone/integration-test/target/test-dir/MiniOzoneClusterImpl-7cae8434-9510-4e3b-823e-048edbbfad91/datanode-1/data/ratis] (custom)
2019-09-26 15:56:09,156 [main] INFO  hdfs.DFSUtil (DFSUtil.java:httpServerTemplateForNNAndJN(1641)) - Starting Web-server for hddsDatanode at: http://0.0.0.0:0
2019-09-26 15:56:09,157 [main] INFO  server.AuthenticationFilter (AuthenticationFilter.java:constructSecretProvider(240)) - Unable to initialize FileSignerSecretProvider, falling back to use random secrets.
2019-09-26 15:56:09,157 [main] WARN  http.HttpRequestLog (HttpRequestLog.java:getRequestLog(97)) - Jetty request log can only be enabled using Log4j
2019-09-26 15:56:09,159 [main] INFO  http.HttpServer2 (HttpServer2.java:addGlobalFilter(975)) - Added global filter 'safety' (class=org.apache.hadoop.http.HttpServer2$QuotingInputFilter)
2019-09-26 15:56:09,160 [main] INFO  http.HttpServer2 (HttpServer2.java:addFilter(948)) - Added filter static_user_filter (class=org.apache.hadoop.http.lib.StaticUserWebFilter$StaticUserFilter) to context hddsDatanode
2019-09-26 15:56:09,160 [main] INFO  http.HttpServer2 (HttpServer2.java:addFilter(958)) - Added filter static_user_filter (class=org.apache.hadoop.http.lib.StaticUserWebFilter$StaticUserFilter) to context logs
2019-09-26 15:56:09,160 [main] INFO  http.HttpServer2 (HttpServer2.java:addFilter(958)) - Added filter static_user_filter (class=org.apache.hadoop.http.lib.StaticUserWebFilter$StaticUserFilter) to context static
2019-09-26 15:56:09,161 [main] INFO  http.HttpServer2 (HttpServer2.java:bindListener(1191)) - Jetty bound to port 35681
2019-09-26 15:56:09,161 [main] INFO  server.Server (Server.java:doStart(351)) - jetty-9.3.25.v20180904, build timestamp: 2018-09-04T21:11:46Z, git hash: 3ce520221d0240229c862b122d2b06c12a625732
2019-09-26 15:56:09,162 [main] INFO  handler.ContextHandler (ContextHandler.java:doStart(781)) - Started o.e.j.s.ServletContextHandler@70b48eb3{/logs,file:///workdir/hadoop-ozone/integration-test/target/log,AVAILABLE}
2019-09-26 15:56:09,163 [main] INFO  handler.ContextHandler (ContextHandler.java:doStart(781)) - Started o.e.j.s.ServletContextHandler@a91119b{/static,jar:file:/home/user/.m2/repository/org/apache/hadoop/hadoop-hdds-container-service/0.5.0-SNAPSHOT/hadoop-hdds-container-service-0.5.0-SNAPSHOT.jar!/webapps/static,AVAILABLE}
2019-09-26 15:56:09,199 [main] INFO  handler.ContextHandler (ContextHandler.java:doStart(781)) - Started o.e.j.w.WebAppContext@70d4f672{/,file:///tmp/jetty-0.0.0.0-35681-hddsDatanode-_-any-6428293908902663129.dir/webapp/,AVAILABLE}{/hddsDatanode}
2019-09-26 15:56:09,199 [main] INFO  server.AbstractConnector (AbstractConnector.java:doStart(278)) - Started ServerConnector@68dfda77{HTTP/1.1,[http/1.1]}{0.0.0.0:35681}
2019-09-26 15:56:09,201 [main] INFO  server.Server (Server.java:doStart(419)) - Started @530633ms
2019-09-26 15:56:09,201 [main] WARN  impl.MetricsSystemImpl (MetricsSystemImpl.java:register(276)) - Sink prometheus already exists!
2019-09-26 15:56:09,202 [main] INFO  server.BaseHttpServer (BaseHttpServer.java:updateConnectorAddress(215)) - HTTP server of HDDSDATANODE is listening at http://0.0.0.0:35681
2019-09-26 15:56:09,202 [main] INFO  impl.MetricsSystemImpl (MetricsSystemImpl.java:init(158)) - HddsDatanode metrics system started (again)
2019-09-26 15:56:09,205 [org.apache.hadoop.util.JvmPauseMonitor$Monitor@7d43c07a] INFO  util.JvmPauseMonitor (JvmPauseMonitor.java:run(188)) - Starting JVM pause monitor
2019-09-26 15:56:09,205 [main] INFO  ozone.HddsDatanodeService (HddsDatanodeService.java:start(184)) - HddsDatanodeService host:pr-hdds-2185-nx5sg-2633547614 ip:192.168.164.210
2019-09-26 15:56:09,206 [Datanode State Machine Thread - 0] INFO  datanode.InitDatanodeState (InitDatanodeState.java:persistContainerDatanodeDetails(140)) - DatanodeDetails is persisted to /workdir/hadoop-ozone/integration-test/target/test-dir/MiniOzoneClusterImpl-7cae8434-9510-4e3b-823e-048edbbfad91/datanode-1/meta/datanode.id
2019-09-26 15:56:09,211 [main] INFO  volume.HddsVolume (HddsVolume.java:<init>(176)) - Creating Volume: /workdir/hadoop-ozone/integration-test/target/test-dir/MiniOzoneClusterImpl-7cae8434-9510-4e3b-823e-048edbbfad91/datanode-2/data/containers/hdds of  storage type : DISK and capacity : 1482555576320
2019-09-26 15:56:09,211 [main] INFO  volume.VolumeSet (VolumeSet.java:initializeVolumeSet(170)) - Added Volume : /workdir/hadoop-ozone/integration-test/target/test-dir/MiniOzoneClusterImpl-7cae8434-9510-4e3b-823e-048edbbfad91/datanode-2/data/containers/hdds to VolumeSet
2019-09-26 15:56:09,212 [main] INFO  volume.ThrottledAsyncChecker (ThrottledAsyncChecker.java:schedule(139)) - Scheduling a check for org.apache.hadoop.ozone.container.common.volume.HddsVolume@5faeeb56
2019-09-26 15:56:09,212 [main] INFO  volume.HddsVolumeChecker (HddsVolumeChecker.java:checkAllVolumes(202)) - Scheduled health check for volume org.apache.hadoop.ozone.container.common.volume.HddsVolume@5faeeb56
2019-09-26 15:56:09,222 [main] INFO  impl.RaftServerProxy (ConfUtils.java:logGet(43)) - raft.rpc.type = GRPC (default)
2019-09-26 15:56:09,223 [main] INFO  grpc.GrpcFactory (GrpcFactory.java:checkPooledByteBufAllocatorUseCacheForAllThreads(45)) - PERFORMANCE WARNING: useCacheForAllThreads is true that may cause Netty to create a lot garbage objects and, as a result, trigger GC.
	It is recommended to disable useCacheForAllThreads by setting -Dorg.apache.ratis.thirdparty.io.netty.allocator.useCacheForAllThreads=false in command line.
2019-09-26 15:56:09,223 [main] INFO  grpc.GrpcConfigKeys$Server (ConfUtils.java:logGet(43)) - raft.grpc.server.port = 0 (default)
2019-09-26 15:56:09,223 [main] INFO  server.GrpcService (ConfUtils.java:logGet(43)) - raft.grpc.message.size.max = 33570816 (custom)
2019-09-26 15:56:09,223 [main] INFO  server.RaftServerConfigKeys (ConfUtils.java:logGet(43)) - raft.server.log.appender.buffer.byte-limit = 33554432 (custom)
2019-09-26 15:56:09,223 [main] INFO  server.GrpcService (ConfUtils.java:logGet(43)) - raft.grpc.flow.control.window = 1MB (=1048576) (default)
2019-09-26 15:56:09,223 [main] INFO  server.RaftServerConfigKeys (ConfUtils.java:logGet(43)) - raft.server.rpc.request.timeout = 3000ms (default)
2019-09-26 15:56:09,224 [main] INFO  server.RaftServerConfigKeys (ConfUtils.java:logGet(43)) - raft.server.storage.dir = [/workdir/hadoop-ozone/integration-test/target/test-dir/MiniOzoneClusterImpl-7cae8434-9510-4e3b-823e-048edbbfad91/datanode-2/data/ratis] (custom)
2019-09-26 15:56:09,225 [main] INFO  hdfs.DFSUtil (DFSUtil.java:httpServerTemplateForNNAndJN(1641)) - Starting Web-server for hddsDatanode at: http://0.0.0.0:0
2019-09-26 15:56:09,226 [main] INFO  server.AuthenticationFilter (AuthenticationFilter.java:constructSecretProvider(240)) - Unable to initialize FileSignerSecretProvider, falling back to use random secrets.
2019-09-26 15:56:09,226 [main] WARN  http.HttpRequestLog (HttpRequestLog.java:getRequestLog(97)) - Jetty request log can only be enabled using Log4j
2019-09-26 15:56:09,227 [main] INFO  http.HttpServer2 (HttpServer2.java:addGlobalFilter(975)) - Added global filter 'safety' (class=org.apache.hadoop.http.HttpServer2$QuotingInputFilter)
2019-09-26 15:56:09,228 [main] INFO  http.HttpServer2 (HttpServer2.java:addFilter(948)) - Added filter static_user_filter (class=org.apache.hadoop.http.lib.StaticUserWebFilter$StaticUserFilter) to context hddsDatanode
2019-09-26 15:56:09,228 [main] INFO  http.HttpServer2 (HttpServer2.java:addFilter(958)) - Added filter static_user_filter (class=org.apache.hadoop.http.lib.StaticUserWebFilter$StaticUserFilter) to context static
2019-09-26 15:56:09,228 [main] INFO  http.HttpServer2 (HttpServer2.java:addFilter(958)) - Added filter static_user_filter (class=org.apache.hadoop.http.lib.StaticUserWebFilter$StaticUserFilter) to context logs
2019-09-26 15:56:09,229 [main] INFO  http.HttpServer2 (HttpServer2.java:bindListener(1191)) - Jetty bound to port 46309
2019-09-26 15:56:09,229 [main] INFO  server.Server (Server.java:doStart(351)) - jetty-9.3.25.v20180904, build timestamp: 2018-09-04T21:11:46Z, git hash: 3ce520221d0240229c862b122d2b06c12a625732
2019-09-26 15:56:09,230 [main] INFO  handler.ContextHandler (ContextHandler.java:doStart(781)) - Started o.e.j.s.ServletContextHandler@7eb27768{/logs,file:///workdir/hadoop-ozone/integration-test/target/log,AVAILABLE}
2019-09-26 15:56:09,230 [main] INFO  handler.ContextHandler (ContextHandler.java:doStart(781)) - Started o.e.j.s.ServletContextHandler@5e3db14{/static,jar:file:/home/user/.m2/repository/org/apache/hadoop/hadoop-hdds-container-service/0.5.0-SNAPSHOT/hadoop-hdds-container-service-0.5.0-SNAPSHOT.jar!/webapps/static,AVAILABLE}
2019-09-26 15:56:09,259 [main] INFO  handler.ContextHandler (ContextHandler.java:doStart(781)) - Started o.e.j.w.WebAppContext@7841bd30{/,file:///tmp/jetty-0.0.0.0-46309-hddsDatanode-_-any-6962780643814274056.dir/webapp/,AVAILABLE}{/hddsDatanode}
2019-09-26 15:56:09,259 [main] INFO  server.AbstractConnector (AbstractConnector.java:doStart(278)) - Started ServerConnector@45c80312{HTTP/1.1,[http/1.1]}{0.0.0.0:46309}
2019-09-26 15:56:09,260 [main] INFO  server.Server (Server.java:doStart(419)) - Started @530693ms
2019-09-26 15:56:09,261 [main] WARN  impl.MetricsSystemImpl (MetricsSystemImpl.java:register(276)) - Sink prometheus already exists!
2019-09-26 15:56:09,261 [main] INFO  server.BaseHttpServer (BaseHttpServer.java:updateConnectorAddress(215)) - HTTP server of HDDSDATANODE is listening at http://0.0.0.0:46309
2019-09-26 15:56:09,261 [main] INFO  impl.MetricsSystemImpl (MetricsSystemImpl.java:init(158)) - HddsDatanode metrics system started (again)
2019-09-26 15:56:09,265 [org.apache.hadoop.util.JvmPauseMonitor$Monitor@1223ce59] INFO  util.JvmPauseMonitor (JvmPauseMonitor.java:run(188)) - Starting JVM pause monitor
2019-09-26 15:56:09,265 [main] INFO  ozone.HddsDatanodeService (HddsDatanodeService.java:start(184)) - HddsDatanodeService host:pr-hdds-2185-nx5sg-2633547614 ip:192.168.164.210
2019-09-26 15:56:09,266 [Datanode State Machine Thread - 0] INFO  datanode.InitDatanodeState (InitDatanodeState.java:persistContainerDatanodeDetails(140)) - DatanodeDetails is persisted to /workdir/hadoop-ozone/integration-test/target/test-dir/MiniOzoneClusterImpl-7cae8434-9510-4e3b-823e-048edbbfad91/datanode-2/meta/datanode.id
2019-09-26 15:56:09,270 [main] INFO  volume.HddsVolume (HddsVolume.java:<init>(176)) - Creating Volume: /workdir/hadoop-ozone/integration-test/target/test-dir/MiniOzoneClusterImpl-7cae8434-9510-4e3b-823e-048edbbfad91/datanode-3/data/containers/hdds of  storage type : DISK and capacity : 1482555576320
2019-09-26 15:56:09,271 [main] INFO  volume.VolumeSet (VolumeSet.java:initializeVolumeSet(170)) - Added Volume : /workdir/hadoop-ozone/integration-test/target/test-dir/MiniOzoneClusterImpl-7cae8434-9510-4e3b-823e-048edbbfad91/datanode-3/data/containers/hdds to VolumeSet
2019-09-26 15:56:09,271 [main] INFO  volume.ThrottledAsyncChecker (ThrottledAsyncChecker.java:schedule(139)) - Scheduling a check for org.apache.hadoop.ozone.container.common.volume.HddsVolume@723742b2
2019-09-26 15:56:09,272 [main] INFO  volume.HddsVolumeChecker (HddsVolumeChecker.java:checkAllVolumes(202)) - Scheduled health check for volume org.apache.hadoop.ozone.container.common.volume.HddsVolume@723742b2
2019-09-26 15:56:09,283 [main] INFO  impl.RaftServerProxy (ConfUtils.java:logGet(43)) - raft.rpc.type = GRPC (default)
2019-09-26 15:56:09,283 [main] INFO  grpc.GrpcFactory (GrpcFactory.java:checkPooledByteBufAllocatorUseCacheForAllThreads(45)) - PERFORMANCE WARNING: useCacheForAllThreads is true that may cause Netty to create a lot garbage objects and, as a result, trigger GC.
	It is recommended to disable useCacheForAllThreads by setting -Dorg.apache.ratis.thirdparty.io.netty.allocator.useCacheForAllThreads=false in command line.
2019-09-26 15:56:09,283 [main] INFO  grpc.GrpcConfigKeys$Server (ConfUtils.java:logGet(43)) - raft.grpc.server.port = 0 (default)
2019-09-26 15:56:09,283 [main] INFO  server.GrpcService (ConfUtils.java:logGet(43)) - raft.grpc.message.size.max = 33570816 (custom)
2019-09-26 15:56:09,283 [main] INFO  server.RaftServerConfigKeys (ConfUtils.java:logGet(43)) - raft.server.log.appender.buffer.byte-limit = 33554432 (custom)
2019-09-26 15:56:09,284 [main] INFO  server.GrpcService (ConfUtils.java:logGet(43)) - raft.grpc.flow.control.window = 1MB (=1048576) (default)
2019-09-26 15:56:09,284 [main] INFO  server.RaftServerConfigKeys (ConfUtils.java:logGet(43)) - raft.server.rpc.request.timeout = 3000ms (default)
2019-09-26 15:56:09,284 [main] INFO  server.RaftServerConfigKeys (ConfUtils.java:logGet(43)) - raft.server.storage.dir = [/workdir/hadoop-ozone/integration-test/target/test-dir/MiniOzoneClusterImpl-7cae8434-9510-4e3b-823e-048edbbfad91/datanode-3/data/ratis] (custom)
2019-09-26 15:56:09,285 [main] INFO  hdfs.DFSUtil (DFSUtil.java:httpServerTemplateForNNAndJN(1641)) - Starting Web-server for hddsDatanode at: http://0.0.0.0:0
2019-09-26 15:56:09,287 [main] INFO  server.AuthenticationFilter (AuthenticationFilter.java:constructSecretProvider(240)) - Unable to initialize FileSignerSecretProvider, falling back to use random secrets.
2019-09-26 15:56:09,287 [main] WARN  http.HttpRequestLog (HttpRequestLog.java:getRequestLog(97)) - Jetty request log can only be enabled using Log4j
2019-09-26 15:56:09,288 [main] INFO  http.HttpServer2 (HttpServer2.java:addGlobalFilter(975)) - Added global filter 'safety' (class=org.apache.hadoop.http.HttpServer2$QuotingInputFilter)
2019-09-26 15:56:09,289 [main] INFO  http.HttpServer2 (HttpServer2.java:addFilter(948)) - Added filter static_user_filter (class=org.apache.hadoop.http.lib.StaticUserWebFilter$StaticUserFilter) to context hddsDatanode
2019-09-26 15:56:09,289 [main] INFO  http.HttpServer2 (HttpServer2.java:addFilter(958)) - Added filter static_user_filter (class=org.apache.hadoop.http.lib.StaticUserWebFilter$StaticUserFilter) to context static
2019-09-26 15:56:09,289 [main] INFO  http.HttpServer2 (HttpServer2.java:addFilter(958)) - Added filter static_user_filter (class=org.apache.hadoop.http.lib.StaticUserWebFilter$StaticUserFilter) to context logs
2019-09-26 15:56:09,289 [main] INFO  http.HttpServer2 (HttpServer2.java:bindListener(1191)) - Jetty bound to port 37858
2019-09-26 15:56:09,289 [main] INFO  server.Server (Server.java:doStart(351)) - jetty-9.3.25.v20180904, build timestamp: 2018-09-04T21:11:46Z, git hash: 3ce520221d0240229c862b122d2b06c12a625732
2019-09-26 15:56:09,291 [main] INFO  handler.ContextHandler (ContextHandler.java:doStart(781)) - Started o.e.j.s.ServletContextHandler@5e193ef5{/logs,file:///workdir/hadoop-ozone/integration-test/target/log,AVAILABLE}
2019-09-26 15:56:09,291 [main] INFO  handler.ContextHandler (ContextHandler.java:doStart(781)) - Started o.e.j.s.ServletContextHandler@21274afe{/static,jar:file:/home/user/.m2/repository/org/apache/hadoop/hadoop-hdds-container-service/0.5.0-SNAPSHOT/hadoop-hdds-container-service-0.5.0-SNAPSHOT.jar!/webapps/static,AVAILABLE}
2019-09-26 15:56:09,317 [main] INFO  handler.ContextHandler (ContextHandler.java:doStart(781)) - Started o.e.j.w.WebAppContext@3f048c86{/,file:///tmp/jetty-0.0.0.0-37858-hddsDatanode-_-any-4339967387836076386.dir/webapp/,AVAILABLE}{/hddsDatanode}
2019-09-26 15:56:09,317 [main] INFO  server.AbstractConnector (AbstractConnector.java:doStart(278)) - Started ServerConnector@255d9277{HTTP/1.1,[http/1.1]}{0.0.0.0:37858}
2019-09-26 15:56:09,319 [main] INFO  server.Server (Server.java:doStart(419)) - Started @530751ms
2019-09-26 15:56:09,319 [main] WARN  impl.MetricsSystemImpl (MetricsSystemImpl.java:register(276)) - Sink prometheus already exists!
2019-09-26 15:56:09,319 [main] INFO  server.BaseHttpServer (BaseHttpServer.java:updateConnectorAddress(215)) - HTTP server of HDDSDATANODE is listening at http://0.0.0.0:37858
2019-09-26 15:56:09,320 [main] INFO  impl.MetricsSystemImpl (MetricsSystemImpl.java:init(158)) - HddsDatanode metrics system started (again)
2019-09-26 15:56:09,323 [org.apache.hadoop.util.JvmPauseMonitor$Monitor@593c4a37] INFO  util.JvmPauseMonitor (JvmPauseMonitor.java:run(188)) - Starting JVM pause monitor
2019-09-26 15:56:09,323 [main] INFO  ozone.HddsDatanodeService (HddsDatanodeService.java:start(184)) - HddsDatanodeService host:pr-hdds-2185-nx5sg-2633547614 ip:192.168.164.210
2019-09-26 15:56:09,324 [Datanode State Machine Thread - 0] INFO  datanode.InitDatanodeState (InitDatanodeState.java:persistContainerDatanodeDetails(140)) - DatanodeDetails is persisted to /workdir/hadoop-ozone/integration-test/target/test-dir/MiniOzoneClusterImpl-7cae8434-9510-4e3b-823e-048edbbfad91/datanode-3/meta/datanode.id
2019-09-26 15:56:09,328 [main] INFO  volume.HddsVolume (HddsVolume.java:<init>(176)) - Creating Volume: /workdir/hadoop-ozone/integration-test/target/test-dir/MiniOzoneClusterImpl-7cae8434-9510-4e3b-823e-048edbbfad91/datanode-4/data/containers/hdds of  storage type : DISK and capacity : 1482555576320
2019-09-26 15:56:09,328 [main] INFO  volume.VolumeSet (VolumeSet.java:initializeVolumeSet(170)) - Added Volume : /workdir/hadoop-ozone/integration-test/target/test-dir/MiniOzoneClusterImpl-7cae8434-9510-4e3b-823e-048edbbfad91/datanode-4/data/containers/hdds to VolumeSet
2019-09-26 15:56:09,329 [main] INFO  volume.ThrottledAsyncChecker (ThrottledAsyncChecker.java:schedule(139)) - Scheduling a check for org.apache.hadoop.ozone.container.common.volume.HddsVolume@26b3c9a2
2019-09-26 15:56:09,329 [main] INFO  volume.HddsVolumeChecker (HddsVolumeChecker.java:checkAllVolumes(202)) - Scheduled health check for volume org.apache.hadoop.ozone.container.common.volume.HddsVolume@26b3c9a2
2019-09-26 15:56:09,343 [main] INFO  impl.RaftServerProxy (ConfUtils.java:logGet(43)) - raft.rpc.type = GRPC (default)
2019-09-26 15:56:09,344 [main] INFO  grpc.GrpcFactory (GrpcFactory.java:checkPooledByteBufAllocatorUseCacheForAllThreads(45)) - PERFORMANCE WARNING: useCacheForAllThreads is true that may cause Netty to create a lot garbage objects and, as a result, trigger GC.
	It is recommended to disable useCacheForAllThreads by setting -Dorg.apache.ratis.thirdparty.io.netty.allocator.useCacheForAllThreads=false in command line.
2019-09-26 15:56:09,344 [main] INFO  grpc.GrpcConfigKeys$Server (ConfUtils.java:logGet(43)) - raft.grpc.server.port = 0 (default)
2019-09-26 15:56:09,344 [main] INFO  server.GrpcService (ConfUtils.java:logGet(43)) - raft.grpc.message.size.max = 33570816 (custom)
2019-09-26 15:56:09,345 [main] INFO  server.RaftServerConfigKeys (ConfUtils.java:logGet(43)) - raft.server.log.appender.buffer.byte-limit = 33554432 (custom)
2019-09-26 15:56:09,345 [main] INFO  server.GrpcService (ConfUtils.java:logGet(43)) - raft.grpc.flow.control.window = 1MB (=1048576) (default)
2019-09-26 15:56:09,345 [main] INFO  server.RaftServerConfigKeys (ConfUtils.java:logGet(43)) - raft.server.rpc.request.timeout = 3000ms (default)
2019-09-26 15:56:09,345 [main] INFO  server.RaftServerConfigKeys (ConfUtils.java:logGet(43)) - raft.server.storage.dir = [/workdir/hadoop-ozone/integration-test/target/test-dir/MiniOzoneClusterImpl-7cae8434-9510-4e3b-823e-048edbbfad91/datanode-4/data/ratis] (custom)
2019-09-26 15:56:09,347 [main] INFO  hdfs.DFSUtil (DFSUtil.java:httpServerTemplateForNNAndJN(1641)) - Starting Web-server for hddsDatanode at: http://0.0.0.0:0
2019-09-26 15:56:09,348 [main] INFO  server.AuthenticationFilter (AuthenticationFilter.java:constructSecretProvider(240)) - Unable to initialize FileSignerSecretProvider, falling back to use random secrets.
2019-09-26 15:56:09,348 [main] WARN  http.HttpRequestLog (HttpRequestLog.java:getRequestLog(97)) - Jetty request log can only be enabled using Log4j
2019-09-26 15:56:09,349 [main] INFO  http.HttpServer2 (HttpServer2.java:addGlobalFilter(975)) - Added global filter 'safety' (class=org.apache.hadoop.http.HttpServer2$QuotingInputFilter)
2019-09-26 15:56:09,350 [main] INFO  http.HttpServer2 (HttpServer2.java:addFilter(948)) - Added filter static_user_filter (class=org.apache.hadoop.http.lib.StaticUserWebFilter$StaticUserFilter) to context hddsDatanode
2019-09-26 15:56:09,350 [main] INFO  http.HttpServer2 (HttpServer2.java:addFilter(958)) - Added filter static_user_filter (class=org.apache.hadoop.http.lib.StaticUserWebFilter$StaticUserFilter) to context static
2019-09-26 15:56:09,350 [main] INFO  http.HttpServer2 (HttpServer2.java:addFilter(958)) - Added filter static_user_filter (class=org.apache.hadoop.http.lib.StaticUserWebFilter$StaticUserFilter) to context logs
2019-09-26 15:56:09,351 [main] INFO  http.HttpServer2 (HttpServer2.java:bindListener(1191)) - Jetty bound to port 43383
2019-09-26 15:56:09,351 [main] INFO  server.Server (Server.java:doStart(351)) - jetty-9.3.25.v20180904, build timestamp: 2018-09-04T21:11:46Z, git hash: 3ce520221d0240229c862b122d2b06c12a625732
2019-09-26 15:56:09,352 [main] INFO  handler.ContextHandler (ContextHandler.java:doStart(781)) - Started o.e.j.s.ServletContextHandler@ca7e37f{/logs,file:///workdir/hadoop-ozone/integration-test/target/log,AVAILABLE}
2019-09-26 15:56:09,352 [main] INFO  handler.ContextHandler (ContextHandler.java:doStart(781)) - Started o.e.j.s.ServletContextHandler@87f501f{/static,jar:file:/home/user/.m2/repository/org/apache/hadoop/hadoop-hdds-container-service/0.5.0-SNAPSHOT/hadoop-hdds-container-service-0.5.0-SNAPSHOT.jar!/webapps/static,AVAILABLE}
2019-09-26 15:56:09,378 [main] INFO  handler.ContextHandler (ContextHandler.java:doStart(781)) - Started o.e.j.w.WebAppContext@1e495414{/,file:///tmp/jetty-0.0.0.0-43383-hddsDatanode-_-any-5119265545209451895.dir/webapp/,AVAILABLE}{/hddsDatanode}
2019-09-26 15:56:09,378 [main] INFO  server.AbstractConnector (AbstractConnector.java:doStart(278)) - Started ServerConnector@3711c71c{HTTP/1.1,[http/1.1]}{0.0.0.0:43383}
2019-09-26 15:56:09,380 [main] INFO  server.Server (Server.java:doStart(419)) - Started @530812ms
2019-09-26 15:56:09,380 [main] WARN  impl.MetricsSystemImpl (MetricsSystemImpl.java:register(276)) - Sink prometheus already exists!
2019-09-26 15:56:09,381 [main] INFO  server.BaseHttpServer (BaseHttpServer.java:updateConnectorAddress(215)) - HTTP server of HDDSDATANODE is listening at http://0.0.0.0:43383
2019-09-26 15:56:09,381 [main] INFO  impl.MetricsSystemImpl (MetricsSystemImpl.java:init(158)) - HddsDatanode metrics system started (again)
2019-09-26 15:56:09,385 [org.apache.hadoop.util.JvmPauseMonitor$Monitor@308154b5] INFO  util.JvmPauseMonitor (JvmPauseMonitor.java:run(188)) - Starting JVM pause monitor
2019-09-26 15:56:09,385 [main] INFO  ozone.HddsDatanodeService (HddsDatanodeService.java:start(184)) - HddsDatanodeService host:pr-hdds-2185-nx5sg-2633547614 ip:192.168.164.210
2019-09-26 15:56:09,386 [Datanode State Machine Thread - 0] INFO  datanode.InitDatanodeState (InitDatanodeState.java:persistContainerDatanodeDetails(140)) - DatanodeDetails is persisted to /workdir/hadoop-ozone/integration-test/target/test-dir/MiniOzoneClusterImpl-7cae8434-9510-4e3b-823e-048edbbfad91/datanode-4/meta/datanode.id
2019-09-26 15:56:09,390 [main] INFO  volume.HddsVolume (HddsVolume.java:<init>(176)) - Creating Volume: /workdir/hadoop-ozone/integration-test/target/test-dir/MiniOzoneClusterImpl-7cae8434-9510-4e3b-823e-048edbbfad91/datanode-5/data/containers/hdds of  storage type : DISK and capacity : 1482555576320
2019-09-26 15:56:09,390 [main] INFO  volume.VolumeSet (VolumeSet.java:initializeVolumeSet(170)) - Added Volume : /workdir/hadoop-ozone/integration-test/target/test-dir/MiniOzoneClusterImpl-7cae8434-9510-4e3b-823e-048edbbfad91/datanode-5/data/containers/hdds to VolumeSet
2019-09-26 15:56:09,390 [main] INFO  volume.ThrottledAsyncChecker (ThrottledAsyncChecker.java:schedule(139)) - Scheduling a check for org.apache.hadoop.ozone.container.common.volume.HddsVolume@b06d46d
2019-09-26 15:56:09,391 [main] INFO  volume.HddsVolumeChecker (HddsVolumeChecker.java:checkAllVolumes(202)) - Scheduled health check for volume org.apache.hadoop.ozone.container.common.volume.HddsVolume@b06d46d
2019-09-26 15:56:09,402 [main] INFO  impl.RaftServerProxy (ConfUtils.java:logGet(43)) - raft.rpc.type = GRPC (default)
2019-09-26 15:56:09,403 [main] INFO  grpc.GrpcFactory (GrpcFactory.java:checkPooledByteBufAllocatorUseCacheForAllThreads(45)) - PERFORMANCE WARNING: useCacheForAllThreads is true that may cause Netty to create a lot garbage objects and, as a result, trigger GC.
	It is recommended to disable useCacheForAllThreads by setting -Dorg.apache.ratis.thirdparty.io.netty.allocator.useCacheForAllThreads=false in command line.
2019-09-26 15:56:09,403 [main] INFO  grpc.GrpcConfigKeys$Server (ConfUtils.java:logGet(43)) - raft.grpc.server.port = 0 (default)
2019-09-26 15:56:09,403 [main] INFO  server.GrpcService (ConfUtils.java:logGet(43)) - raft.grpc.message.size.max = 33570816 (custom)
2019-09-26 15:56:09,403 [main] INFO  server.RaftServerConfigKeys (ConfUtils.java:logGet(43)) - raft.server.log.appender.buffer.byte-limit = 33554432 (custom)
2019-09-26 15:56:09,403 [main] INFO  server.GrpcService (ConfUtils.java:logGet(43)) - raft.grpc.flow.control.window = 1MB (=1048576) (default)
2019-09-26 15:56:09,404 [main] INFO  server.RaftServerConfigKeys (ConfUtils.java:logGet(43)) - raft.server.rpc.request.timeout = 3000ms (default)
2019-09-26 15:56:09,404 [main] INFO  server.RaftServerConfigKeys (ConfUtils.java:logGet(43)) - raft.server.storage.dir = [/workdir/hadoop-ozone/integration-test/target/test-dir/MiniOzoneClusterImpl-7cae8434-9510-4e3b-823e-048edbbfad91/datanode-5/data/ratis] (custom)
2019-09-26 15:56:09,405 [main] INFO  hdfs.DFSUtil (DFSUtil.java:httpServerTemplateForNNAndJN(1641)) - Starting Web-server for hddsDatanode at: http://0.0.0.0:0
2019-09-26 15:56:09,406 [main] INFO  server.AuthenticationFilter (AuthenticationFilter.java:constructSecretProvider(240)) - Unable to initialize FileSignerSecretProvider, falling back to use random secrets.
2019-09-26 15:56:09,407 [main] WARN  http.HttpRequestLog (HttpRequestLog.java:getRequestLog(97)) - Jetty request log can only be enabled using Log4j
2019-09-26 15:56:09,408 [main] INFO  http.HttpServer2 (HttpServer2.java:addGlobalFilter(975)) - Added global filter 'safety' (class=org.apache.hadoop.http.HttpServer2$QuotingInputFilter)
2019-09-26 15:56:09,409 [main] INFO  http.HttpServer2 (HttpServer2.java:addFilter(948)) - Added filter static_user_filter (class=org.apache.hadoop.http.lib.StaticUserWebFilter$StaticUserFilter) to context hddsDatanode
2019-09-26 15:56:09,409 [main] INFO  http.HttpServer2 (HttpServer2.java:addFilter(958)) - Added filter static_user_filter (class=org.apache.hadoop.http.lib.StaticUserWebFilter$StaticUserFilter) to context static
2019-09-26 15:56:09,409 [main] INFO  http.HttpServer2 (HttpServer2.java:addFilter(958)) - Added filter static_user_filter (class=org.apache.hadoop.http.lib.StaticUserWebFilter$StaticUserFilter) to context logs
2019-09-26 15:56:09,409 [main] INFO  http.HttpServer2 (HttpServer2.java:bindListener(1191)) - Jetty bound to port 36148
2019-09-26 15:56:09,410 [main] INFO  server.Server (Server.java:doStart(351)) - jetty-9.3.25.v20180904, build timestamp: 2018-09-04T21:11:46Z, git hash: 3ce520221d0240229c862b122d2b06c12a625732
2019-09-26 15:56:09,411 [main] INFO  handler.ContextHandler (ContextHandler.java:doStart(781)) - Started o.e.j.s.ServletContextHandler@1c7f9861{/logs,file:///workdir/hadoop-ozone/integration-test/target/log,AVAILABLE}
2019-09-26 15:56:09,411 [main] INFO  handler.ContextHandler (ContextHandler.java:doStart(781)) - Started o.e.j.s.ServletContextHandler@154b8cb6{/static,jar:file:/home/user/.m2/repository/org/apache/hadoop/hadoop-hdds-container-service/0.5.0-SNAPSHOT/hadoop-hdds-container-service-0.5.0-SNAPSHOT.jar!/webapps/static,AVAILABLE}
2019-09-26 15:56:09,443 [main] INFO  handler.ContextHandler (ContextHandler.java:doStart(781)) - Started o.e.j.w.WebAppContext@48f2054d{/,file:///tmp/jetty-0.0.0.0-36148-hddsDatanode-_-any-6525183766162154272.dir/webapp/,AVAILABLE}{/hddsDatanode}
2019-09-26 15:56:09,444 [main] INFO  server.AbstractConnector (AbstractConnector.java:doStart(278)) - Started ServerConnector@4b3a01d8{HTTP/1.1,[http/1.1]}{0.0.0.0:36148}
2019-09-26 15:56:09,446 [main] INFO  server.Server (Server.java:doStart(419)) - Started @530878ms
2019-09-26 15:56:09,446 [main] WARN  impl.MetricsSystemImpl (MetricsSystemImpl.java:register(276)) - Sink prometheus already exists!
2019-09-26 15:56:09,447 [main] INFO  server.BaseHttpServer (BaseHttpServer.java:updateConnectorAddress(215)) - HTTP server of HDDSDATANODE is listening at http://0.0.0.0:36148
2019-09-26 15:56:09,447 [main] INFO  impl.MetricsSystemImpl (MetricsSystemImpl.java:init(158)) - HddsDatanode metrics system started (again)
2019-09-26 15:56:09,452 [org.apache.hadoop.util.JvmPauseMonitor$Monitor@65824bb] INFO  util.JvmPauseMonitor (JvmPauseMonitor.java:run(188)) - Starting JVM pause monitor
2019-09-26 15:56:09,453 [main] INFO  ozone.HddsDatanodeService (HddsDatanodeService.java:start(184)) - HddsDatanodeService host:pr-hdds-2185-nx5sg-2633547614 ip:192.168.164.210
2019-09-26 15:56:09,453 [Datanode State Machine Thread - 0] INFO  datanode.InitDatanodeState (InitDatanodeState.java:persistContainerDatanodeDetails(140)) - DatanodeDetails is persisted to /workdir/hadoop-ozone/integration-test/target/test-dir/MiniOzoneClusterImpl-7cae8434-9510-4e3b-823e-048edbbfad91/datanode-5/meta/datanode.id
2019-09-26 15:56:09,458 [main] INFO  volume.HddsVolume (HddsVolume.java:<init>(176)) - Creating Volume: /workdir/hadoop-ozone/integration-test/target/test-dir/MiniOzoneClusterImpl-7cae8434-9510-4e3b-823e-048edbbfad91/datanode-6/data/containers/hdds of  storage type : DISK and capacity : 1482555576320
2019-09-26 15:56:09,460 [main] INFO  volume.VolumeSet (VolumeSet.java:initializeVolumeSet(170)) - Added Volume : /workdir/hadoop-ozone/integration-test/target/test-dir/MiniOzoneClusterImpl-7cae8434-9510-4e3b-823e-048edbbfad91/datanode-6/data/containers/hdds to VolumeSet
2019-09-26 15:56:09,460 [main] INFO  volume.ThrottledAsyncChecker (ThrottledAsyncChecker.java:schedule(139)) - Scheduling a check for org.apache.hadoop.ozone.container.common.volume.HddsVolume@11e71181
2019-09-26 15:56:09,460 [main] INFO  volume.HddsVolumeChecker (HddsVolumeChecker.java:checkAllVolumes(202)) - Scheduled health check for volume org.apache.hadoop.ozone.container.common.volume.HddsVolume@11e71181
2019-09-26 15:56:09,476 [main] INFO  impl.RaftServerProxy (ConfUtils.java:logGet(43)) - raft.rpc.type = GRPC (default)
2019-09-26 15:56:09,476 [main] INFO  grpc.GrpcFactory (GrpcFactory.java:checkPooledByteBufAllocatorUseCacheForAllThreads(45)) - PERFORMANCE WARNING: useCacheForAllThreads is true that may cause Netty to create a lot garbage objects and, as a result, trigger GC.
	It is recommended to disable useCacheForAllThreads by setting -Dorg.apache.ratis.thirdparty.io.netty.allocator.useCacheForAllThreads=false in command line.
2019-09-26 15:56:09,477 [main] INFO  grpc.GrpcConfigKeys$Server (ConfUtils.java:logGet(43)) - raft.grpc.server.port = 0 (default)
2019-09-26 15:56:09,477 [main] INFO  server.GrpcService (ConfUtils.java:logGet(43)) - raft.grpc.message.size.max = 33570816 (custom)
2019-09-26 15:56:09,477 [main] INFO  server.RaftServerConfigKeys (ConfUtils.java:logGet(43)) - raft.server.log.appender.buffer.byte-limit = 33554432 (custom)
2019-09-26 15:56:09,478 [main] INFO  server.GrpcService (ConfUtils.java:logGet(43)) - raft.grpc.flow.control.window = 1MB (=1048576) (default)
2019-09-26 15:56:09,478 [main] INFO  server.RaftServerConfigKeys (ConfUtils.java:logGet(43)) - raft.server.rpc.request.timeout = 3000ms (default)
2019-09-26 15:56:09,478 [main] INFO  server.RaftServerConfigKeys (ConfUtils.java:logGet(43)) - raft.server.storage.dir = [/workdir/hadoop-ozone/integration-test/target/test-dir/MiniOzoneClusterImpl-7cae8434-9510-4e3b-823e-048edbbfad91/datanode-6/data/ratis] (custom)
2019-09-26 15:56:09,480 [main] INFO  hdfs.DFSUtil (DFSUtil.java:httpServerTemplateForNNAndJN(1641)) - Starting Web-server for hddsDatanode at: http://0.0.0.0:0
2019-09-26 15:56:09,481 [main] INFO  server.AuthenticationFilter (AuthenticationFilter.java:constructSecretProvider(240)) - Unable to initialize FileSignerSecretProvider, falling back to use random secrets.
2019-09-26 15:56:09,481 [main] WARN  http.HttpRequestLog (HttpRequestLog.java:getRequestLog(97)) - Jetty request log can only be enabled using Log4j
2019-09-26 15:56:09,483 [main] INFO  http.HttpServer2 (HttpServer2.java:addGlobalFilter(975)) - Added global filter 'safety' (class=org.apache.hadoop.http.HttpServer2$QuotingInputFilter)
2019-09-26 15:56:09,483 [main] INFO  http.HttpServer2 (HttpServer2.java:addFilter(948)) - Added filter static_user_filter (class=org.apache.hadoop.http.lib.StaticUserWebFilter$StaticUserFilter) to context hddsDatanode
2019-09-26 15:56:09,483 [main] INFO  http.HttpServer2 (HttpServer2.java:addFilter(958)) - Added filter static_user_filter (class=org.apache.hadoop.http.lib.StaticUserWebFilter$StaticUserFilter) to context logs
2019-09-26 15:56:09,484 [main] INFO  http.HttpServer2 (HttpServer2.java:addFilter(958)) - Added filter static_user_filter (class=org.apache.hadoop.http.lib.StaticUserWebFilter$StaticUserFilter) to context static
2019-09-26 15:56:09,484 [main] INFO  http.HttpServer2 (HttpServer2.java:bindListener(1191)) - Jetty bound to port 44290
2019-09-26 15:56:09,484 [main] INFO  server.Server (Server.java:doStart(351)) - jetty-9.3.25.v20180904, build timestamp: 2018-09-04T21:11:46Z, git hash: 3ce520221d0240229c862b122d2b06c12a625732
2019-09-26 15:56:09,486 [main] INFO  handler.ContextHandler (ContextHandler.java:doStart(781)) - Started o.e.j.s.ServletContextHandler@7cd5fcf4{/logs,file:///workdir/hadoop-ozone/integration-test/target/log,AVAILABLE}
2019-09-26 15:56:09,486 [main] INFO  handler.ContextHandler (ContextHandler.java:doStart(781)) - Started o.e.j.s.ServletContextHandler@5f5297e3{/static,jar:file:/home/user/.m2/repository/org/apache/hadoop/hadoop-hdds-container-service/0.5.0-SNAPSHOT/hadoop-hdds-container-service-0.5.0-SNAPSHOT.jar!/webapps/static,AVAILABLE}
2019-09-26 15:56:09,512 [main] INFO  handler.ContextHandler (ContextHandler.java:doStart(781)) - Started o.e.j.w.WebAppContext@489110c2{/,file:///tmp/jetty-0.0.0.0-44290-hddsDatanode-_-any-1139057256842696939.dir/webapp/,AVAILABLE}{/hddsDatanode}
2019-09-26 15:56:09,513 [main] INFO  server.AbstractConnector (AbstractConnector.java:doStart(278)) - Started ServerConnector@700b9e6b{HTTP/1.1,[http/1.1]}{0.0.0.0:44290}
2019-09-26 15:56:09,519 [main] INFO  server.Server (Server.java:doStart(419)) - Started @530951ms
2019-09-26 15:56:09,519 [main] WARN  impl.MetricsSystemImpl (MetricsSystemImpl.java:register(276)) - Sink prometheus already exists!
2019-09-26 15:56:09,519 [main] INFO  server.BaseHttpServer (BaseHttpServer.java:updateConnectorAddress(215)) - HTTP server of HDDSDATANODE is listening at http://0.0.0.0:44290
2019-09-26 15:56:09,520 [main] INFO  ozone.MiniOzoneClusterImpl (MiniOzoneClusterImpl.java:lambda$waitForClusterToBeReady$0(147)) - Waiting for cluster to be ready. Got 0 of 7 DN Heartbeats.
2019-09-26 15:56:09,521 [org.apache.hadoop.util.JvmPauseMonitor$Monitor@1336252e] INFO  util.JvmPauseMonitor (JvmPauseMonitor.java:run(188)) - Starting JVM pause monitor
2019-09-26 15:56:09,522 [Datanode State Machine Thread - 0] INFO  datanode.InitDatanodeState (InitDatanodeState.java:persistContainerDatanodeDetails(140)) - DatanodeDetails is persisted to /workdir/hadoop-ozone/integration-test/target/test-dir/MiniOzoneClusterImpl-7cae8434-9510-4e3b-823e-048edbbfad91/datanode-6/meta/datanode.id
2019-09-26 15:56:10,520 [main] INFO  ozone.MiniOzoneClusterImpl (MiniOzoneClusterImpl.java:lambda$waitForClusterToBeReady$0(147)) - Waiting for cluster to be ready. Got 0 of 7 DN Heartbeats.
2019-09-26 15:56:11,184 [Datanode State Machine Thread - 0] INFO  ozoneimpl.OzoneContainer (OzoneContainer.java:start(217)) - Attempting to start container services.
2019-09-26 15:56:11,184 [Datanode State Machine Thread - 0] INFO  ozoneimpl.OzoneContainer (OzoneContainer.java:startContainerScrub(179)) - Background container scanner has been disabled.
2019-09-26 15:56:11,184 [Datanode State Machine Thread - 0] INFO  ratis.XceiverServerRatis (XceiverServerRatis.java:start(411)) - Starting XceiverServerRatis 4a94d0f0-a72e-405b-8a88-9ffe81034942 at port 0
2019-09-26 15:56:11,189 [Datanode State Machine Thread - 0] INFO  impl.RaftServerProxy (RaftServerProxy.java:lambda$start$3(299)) - 4a94d0f0-a72e-405b-8a88-9ffe81034942: start RPC server
2019-09-26 15:56:11,190 [Datanode State Machine Thread - 0] INFO  server.GrpcService (GrpcService.java:startImpl(158)) - 4a94d0f0-a72e-405b-8a88-9ffe81034942: GrpcService started, listening on 0.0.0.0/0.0.0.0:45821
2019-09-26 15:56:11,190 [Datanode State Machine Thread - 0] INFO  ratis.XceiverServerRatis (XceiverServerRatis.java:start(421)) - XceiverServerRatis 4a94d0f0-a72e-405b-8a88-9ffe81034942 is started using port 45821
2019-09-26 15:56:11,192 [Datanode State Machine Thread - 0] INFO  server.XceiverServerGrpc (XceiverServerGrpc.java:start(149)) - XceiverServerGrpc 4a94d0f0-a72e-405b-8a88-9ffe81034942 is started using port 34556
2019-09-26 15:56:11,214 [Datanode State Machine Thread - 0] INFO  ozoneimpl.OzoneContainer (OzoneContainer.java:start(217)) - Attempting to start container services.
2019-09-26 15:56:11,214 [Datanode State Machine Thread - 0] INFO  ozoneimpl.OzoneContainer (OzoneContainer.java:startContainerScrub(179)) - Background container scanner has been disabled.
2019-09-26 15:56:11,214 [Datanode State Machine Thread - 0] INFO  ratis.XceiverServerRatis (XceiverServerRatis.java:start(411)) - Starting XceiverServerRatis 68000851-4b27-431c-8824-c5fb9d655992 at port 0
2019-09-26 15:56:11,219 [Datanode State Machine Thread - 0] INFO  impl.RaftServerProxy (RaftServerProxy.java:lambda$start$3(299)) - 68000851-4b27-431c-8824-c5fb9d655992: start RPC server
2019-09-26 15:56:11,221 [Datanode State Machine Thread - 0] INFO  server.GrpcService (GrpcService.java:startImpl(158)) - 68000851-4b27-431c-8824-c5fb9d655992: GrpcService started, listening on 0.0.0.0/0.0.0.0:37105
2019-09-26 15:56:11,221 [Datanode State Machine Thread - 0] INFO  ratis.XceiverServerRatis (XceiverServerRatis.java:start(421)) - XceiverServerRatis 68000851-4b27-431c-8824-c5fb9d655992 is started using port 37105
2019-09-26 15:56:11,222 [Datanode State Machine Thread - 0] INFO  server.XceiverServerGrpc (XceiverServerGrpc.java:start(149)) - XceiverServerGrpc 68000851-4b27-431c-8824-c5fb9d655992 is started using port 35358
2019-09-26 15:56:11,271 [Datanode State Machine Thread - 0] INFO  ozoneimpl.OzoneContainer (OzoneContainer.java:start(217)) - Attempting to start container services.
2019-09-26 15:56:11,271 [Datanode State Machine Thread - 0] INFO  ozoneimpl.OzoneContainer (OzoneContainer.java:startContainerScrub(179)) - Background container scanner has been disabled.
2019-09-26 15:56:11,271 [Datanode State Machine Thread - 0] INFO  ratis.XceiverServerRatis (XceiverServerRatis.java:start(411)) - Starting XceiverServerRatis 4928e14d-160d-4293-8792-856e6c51102f at port 0
2019-09-26 15:56:11,276 [Datanode State Machine Thread - 0] INFO  impl.RaftServerProxy (RaftServerProxy.java:lambda$start$3(299)) - 4928e14d-160d-4293-8792-856e6c51102f: start RPC server
2019-09-26 15:56:11,278 [Datanode State Machine Thread - 0] INFO  server.GrpcService (GrpcService.java:startImpl(158)) - 4928e14d-160d-4293-8792-856e6c51102f: GrpcService started, listening on 0.0.0.0/0.0.0.0:38684
2019-09-26 15:56:11,278 [Datanode State Machine Thread - 0] INFO  ratis.XceiverServerRatis (XceiverServerRatis.java:start(421)) - XceiverServerRatis 4928e14d-160d-4293-8792-856e6c51102f is started using port 38684
2019-09-26 15:56:11,279 [Datanode State Machine Thread - 0] INFO  server.XceiverServerGrpc (XceiverServerGrpc.java:start(149)) - XceiverServerGrpc 4928e14d-160d-4293-8792-856e6c51102f is started using port 35115
2019-09-26 15:56:11,337 [Datanode State Machine Thread - 0] INFO  ozoneimpl.OzoneContainer (OzoneContainer.java:start(217)) - Attempting to start container services.
2019-09-26 15:56:11,337 [Datanode State Machine Thread - 0] INFO  ozoneimpl.OzoneContainer (OzoneContainer.java:startContainerScrub(179)) - Background container scanner has been disabled.
2019-09-26 15:56:11,338 [Datanode State Machine Thread - 0] INFO  ratis.XceiverServerRatis (XceiverServerRatis.java:start(411)) - Starting XceiverServerRatis 9dd345de-fd94-4ade-9113-414a99133fea at port 0
2019-09-26 15:56:11,344 [Datanode State Machine Thread - 0] INFO  impl.RaftServerProxy (RaftServerProxy.java:lambda$start$3(299)) - 9dd345de-fd94-4ade-9113-414a99133fea: start RPC server
2019-09-26 15:56:11,345 [Datanode State Machine Thread - 0] INFO  server.GrpcService (GrpcService.java:startImpl(158)) - 9dd345de-fd94-4ade-9113-414a99133fea: GrpcService started, listening on 0.0.0.0/0.0.0.0:42557
2019-09-26 15:56:11,345 [Datanode State Machine Thread - 0] INFO  ratis.XceiverServerRatis (XceiverServerRatis.java:start(421)) - XceiverServerRatis 9dd345de-fd94-4ade-9113-414a99133fea is started using port 42557
2019-09-26 15:56:11,345 [Datanode State Machine Thread - 0] INFO  server.XceiverServerGrpc (XceiverServerGrpc.java:start(149)) - XceiverServerGrpc 9dd345de-fd94-4ade-9113-414a99133fea is started using port 44631
2019-09-26 15:56:11,397 [Datanode State Machine Thread - 0] INFO  ozoneimpl.OzoneContainer (OzoneContainer.java:start(217)) - Attempting to start container services.
2019-09-26 15:56:11,398 [Datanode State Machine Thread - 0] INFO  ozoneimpl.OzoneContainer (OzoneContainer.java:startContainerScrub(179)) - Background container scanner has been disabled.
2019-09-26 15:56:11,398 [Datanode State Machine Thread - 0] INFO  ratis.XceiverServerRatis (XceiverServerRatis.java:start(411)) - Starting XceiverServerRatis 94c8a847-7d00-459a-8381-acafdc795e09 at port 0
2019-09-26 15:56:11,402 [Datanode State Machine Thread - 0] INFO  impl.RaftServerProxy (RaftServerProxy.java:lambda$start$3(299)) - 94c8a847-7d00-459a-8381-acafdc795e09: start RPC server
2019-09-26 15:56:11,405 [Datanode State Machine Thread - 0] INFO  server.GrpcService (GrpcService.java:startImpl(158)) - 94c8a847-7d00-459a-8381-acafdc795e09: GrpcService started, listening on 0.0.0.0/0.0.0.0:39822
2019-09-26 15:56:11,405 [Datanode State Machine Thread - 0] INFO  ratis.XceiverServerRatis (XceiverServerRatis.java:start(421)) - XceiverServerRatis 94c8a847-7d00-459a-8381-acafdc795e09 is started using port 39822
2019-09-26 15:56:11,406 [Datanode State Machine Thread - 0] INFO  server.XceiverServerGrpc (XceiverServerGrpc.java:start(149)) - XceiverServerGrpc 94c8a847-7d00-459a-8381-acafdc795e09 is started using port 45114
2019-09-26 15:56:11,459 [Datanode State Machine Thread - 0] INFO  ozoneimpl.OzoneContainer (OzoneContainer.java:start(217)) - Attempting to start container services.
2019-09-26 15:56:11,460 [Datanode State Machine Thread - 0] INFO  ozoneimpl.OzoneContainer (OzoneContainer.java:startContainerScrub(179)) - Background container scanner has been disabled.
2019-09-26 15:56:11,460 [Datanode State Machine Thread - 0] INFO  ratis.XceiverServerRatis (XceiverServerRatis.java:start(411)) - Starting XceiverServerRatis df750c94-8ed5-41db-9fb9-c6d6817b974c at port 0
2019-09-26 15:56:11,464 [Datanode State Machine Thread - 0] INFO  impl.RaftServerProxy (RaftServerProxy.java:lambda$start$3(299)) - df750c94-8ed5-41db-9fb9-c6d6817b974c: start RPC server
2019-09-26 15:56:11,465 [Datanode State Machine Thread - 0] INFO  server.GrpcService (GrpcService.java:startImpl(158)) - df750c94-8ed5-41db-9fb9-c6d6817b974c: GrpcService started, listening on 0.0.0.0/0.0.0.0:42731
2019-09-26 15:56:11,465 [Datanode State Machine Thread - 0] INFO  ratis.XceiverServerRatis (XceiverServerRatis.java:start(421)) - XceiverServerRatis df750c94-8ed5-41db-9fb9-c6d6817b974c is started using port 42731
2019-09-26 15:56:11,465 [Datanode State Machine Thread - 0] INFO  server.XceiverServerGrpc (XceiverServerGrpc.java:start(149)) - XceiverServerGrpc df750c94-8ed5-41db-9fb9-c6d6817b974c is started using port 36517
2019-09-26 15:56:11,520 [main] INFO  ozone.MiniOzoneClusterImpl (MiniOzoneClusterImpl.java:lambda$waitForClusterToBeReady$0(147)) - Waiting for cluster to be ready. Got 0 of 7 DN Heartbeats.
2019-09-26 15:56:11,534 [Datanode State Machine Thread - 0] INFO  ozoneimpl.OzoneContainer (OzoneContainer.java:start(217)) - Attempting to start container services.
2019-09-26 15:56:11,534 [Datanode State Machine Thread - 0] INFO  ozoneimpl.OzoneContainer (OzoneContainer.java:startContainerScrub(179)) - Background container scanner has been disabled.
2019-09-26 15:56:11,535 [Datanode State Machine Thread - 0] INFO  ratis.XceiverServerRatis (XceiverServerRatis.java:start(411)) - Starting XceiverServerRatis 4d72deaa-e4f8-44c8-ab9f-6c87e8443949 at port 0
2019-09-26 15:56:11,545 [Datanode State Machine Thread - 0] INFO  impl.RaftServerProxy (RaftServerProxy.java:lambda$start$3(299)) - 4d72deaa-e4f8-44c8-ab9f-6c87e8443949: start RPC server
2019-09-26 15:56:11,566 [Datanode State Machine Thread - 0] INFO  server.GrpcService (GrpcService.java:startImpl(158)) - 4d72deaa-e4f8-44c8-ab9f-6c87e8443949: GrpcService started, listening on 0.0.0.0/0.0.0.0:37876
2019-09-26 15:56:11,566 [Datanode State Machine Thread - 0] INFO  ratis.XceiverServerRatis (XceiverServerRatis.java:start(421)) - XceiverServerRatis 4d72deaa-e4f8-44c8-ab9f-6c87e8443949 is started using port 37876
2019-09-26 15:56:11,566 [Datanode State Machine Thread - 0] INFO  server.XceiverServerGrpc (XceiverServerGrpc.java:start(149)) - XceiverServerGrpc 4d72deaa-e4f8-44c8-ab9f-6c87e8443949 is started using port 44588
2019-09-26 15:56:12,521 [main] INFO  ozone.MiniOzoneClusterImpl (MiniOzoneClusterImpl.java:lambda$waitForClusterToBeReady$0(147)) - Waiting for cluster to be ready. Got 0 of 7 DN Heartbeats.
2019-09-26 15:56:13,144 [IPC Server handler 0 on 36810] INFO  net.NetworkTopology (NetworkTopologyImpl.java:add(111)) - Added a new node: /default-rack/4a94d0f0-a72e-405b-8a88-9ffe81034942
2019-09-26 15:56:13,147 [IPC Server handler 0 on 36810] INFO  node.SCMNodeManager (SCMNodeManager.java:register(266)) - Registered Data node : 4a94d0f0-a72e-405b-8a88-9ffe81034942{ip: 192.168.164.210, host: pr-hdds-2185-nx5sg-2633547614, networkLocation: /default-rack, certSerialId: null}
2019-09-26 15:56:13,148 [EventQueue-NodeRegistrationContainerReportForDataNodeSafeModeRule] INFO  safemode.SCMSafeModeManager (DataNodeSafeModeRule.java:process(71)) - SCM in safe mode. 1 DataNodes registered, 1 required.
2019-09-26 15:56:13,152 [EventQueue-NodeRegistrationContainerReportForDataNodeSafeModeRule] INFO  safemode.SCMSafeModeManager (SCMSafeModeManager.java:validateSafeModeExitRules(177)) - ScmSafeModeManager, all rules are successfully validated
2019-09-26 15:56:13,152 [EventQueue-NodeRegistrationContainerReportForDataNodeSafeModeRule] INFO  safemode.SCMSafeModeManager (SCMSafeModeManager.java:exitSafeMode(193)) - SCM exiting safe mode.
2019-09-26 15:56:13,172 [grpc-default-executor-9] INFO  impl.RaftServerProxy (RaftServerProxy.java:addNew(89)) - 4a94d0f0-a72e-405b-8a88-9ffe81034942: addNew group-2A2144CBE6BF:[4a94d0f0-a72e-405b-8a88-9ffe81034942:192.168.164.210:45821] returns group-2A2144CBE6BF:java.util.concurrent.CompletableFuture@23b91d11[Not completed]
2019-09-26 15:56:13,175 [pool-409-thread-1] INFO  impl.RaftServerImpl (RaftServerImpl.java:<init>(95)) - 4a94d0f0-a72e-405b-8a88-9ffe81034942: new RaftServerImpl for group-2A2144CBE6BF:[4a94d0f0-a72e-405b-8a88-9ffe81034942:192.168.164.210:45821] with ContainerStateMachine:uninitialized
2019-09-26 15:56:13,176 [pool-409-thread-1] INFO  server.RaftServerConfigKeys (ConfUtils.java:logGet(43)) - raft.server.rpc.timeout.min = 5s (custom)
2019-09-26 15:56:13,176 [pool-409-thread-1] INFO  server.RaftServerConfigKeys (ConfUtils.java:logGet(43)) - raft.server.rpc.timeout.max = 5200ms (custom)
2019-09-26 15:56:13,176 [pool-409-thread-1] INFO  server.RaftServerConfigKeys (ConfUtils.java:logGet(43)) - raft.server.rpcslowness.timeout = 120s (custom)
2019-09-26 15:56:13,176 [pool-409-thread-1] INFO  server.RaftServerConfigKeys (ConfUtils.java:logGet(43)) - raft.server.sleep.deviation.threshold = 300 (default)
2019-09-26 15:56:13,176 [pool-409-thread-1] INFO  server.RaftServerConfigKeys (ConfUtils.java:logGet(43)) - raft.server.log.appender.install.snapshot.enabled = false (custom)
2019-09-26 15:56:13,176 [pool-409-thread-1] INFO  impl.RaftServerImpl (ServerState.java:<init>(103)) - 4a94d0f0-a72e-405b-8a88-9ffe81034942@group-2A2144CBE6BF: ConfigurationManager, init=-1: [4a94d0f0-a72e-405b-8a88-9ffe81034942:192.168.164.210:45821], old=null, confs=<EMPTY_MAP>
2019-09-26 15:56:13,176 [pool-409-thread-1] INFO  server.RaftServerConfigKeys (ConfUtils.java:logGet(43)) - raft.server.storage.dir = [/workdir/hadoop-ozone/integration-test/target/test-dir/MiniOzoneClusterImpl-7cae8434-9510-4e3b-823e-048edbbfad91/datanode-0/data/ratis] (custom)
2019-09-26 15:56:13,177 [pool-409-thread-1] INFO  storage.RaftStorageDirectory (RaftStorageDirectory.java:analyzeStorage(246)) - The storage directory /workdir/hadoop-ozone/integration-test/target/test-dir/MiniOzoneClusterImpl-7cae8434-9510-4e3b-823e-048edbbfad91/datanode-0/data/ratis/6fa496dc-9807-42de-9a3c-2a2144cbe6bf does not exist. Creating ...
2019-09-26 15:56:13,191 [pool-409-thread-1] INFO  storage.RaftStorageDirectory (RaftStorageDirectory.java:tryLock(328)) - Lock on /workdir/hadoop-ozone/integration-test/target/test-dir/MiniOzoneClusterImpl-7cae8434-9510-4e3b-823e-048edbbfad91/datanode-0/data/ratis/6fa496dc-9807-42de-9a3c-2a2144cbe6bf/in_use.lock acquired by nodename 7536@pr-hdds-2185-nx5sg-2633547614
2019-09-26 15:56:13,204 [pool-409-thread-1] INFO  storage.RaftStorage (RaftStorage.java:format(72)) - Storage directory /workdir/hadoop-ozone/integration-test/target/test-dir/MiniOzoneClusterImpl-7cae8434-9510-4e3b-823e-048edbbfad91/datanode-0/data/ratis/6fa496dc-9807-42de-9a3c-2a2144cbe6bf has been successfully formatted.
2019-09-26 15:56:13,205 [pool-409-thread-1] INFO  ratis.ContainerStateMachine (ContainerStateMachine.java:loadSnapshot(230)) - group-2A2144CBE6BF: The snapshot info is null. Setting the last applied indexto:(t:0, i:~)
2019-09-26 15:56:13,205 [pool-409-thread-1] INFO  server.RaftServerConfigKeys (ConfUtils.java:logGet(43)) - raft.server.notification.no-leader.timeout = 120s (custom)
2019-09-26 15:56:13,205 [pool-409-thread-1] INFO  server.RaftServerConfigKeys (ConfUtils.java:logGet(43)) - raft.server.log.use.memory = false (default)
2019-09-26 15:56:13,205 [pool-409-thread-1] INFO  server.RaftServerConfigKeys (ConfUtils.java:logGet(43)) - raft.server.log.purge.gap = 1000000 (custom)
2019-09-26 15:56:13,205 [pool-409-thread-1] INFO  server.RaftServerConfigKeys (ConfUtils.java:logGet(43)) - raft.server.log.appender.buffer.byte-limit = 33554432 (custom)
2019-09-26 15:56:13,205 [pool-409-thread-1] INFO  server.RaftServerConfigKeys (ConfUtils.java:logGet(43)) - raft.server.log.segment.size.max = 1048576 (custom)
2019-09-26 15:56:13,205 [pool-409-thread-1] INFO  server.RaftServerConfigKeys (ConfUtils.java:logGet(43)) - raft.server.log.segment.cache.num.max = 2 (custom)
2019-09-26 15:56:13,206 [pool-409-thread-1] INFO  segmented.SegmentedRaftLogWorker (SegmentedRaftLogWorker.java:<init>(172)) - new 4a94d0f0-a72e-405b-8a88-9ffe81034942@group-2A2144CBE6BF-SegmentedRaftLogWorker for RaftStorage:Storage Directory /workdir/hadoop-ozone/integration-test/target/test-dir/MiniOzoneClusterImpl-7cae8434-9510-4e3b-823e-048edbbfad91/datanode-0/data/ratis/6fa496dc-9807-42de-9a3c-2a2144cbe6bf
2019-09-26 15:56:13,206 [IPC Server handler 2 on 36810] INFO  net.NetworkTopology (NetworkTopologyImpl.java:add(111)) - Added a new node: /default-rack/68000851-4b27-431c-8824-c5fb9d655992
2019-09-26 15:56:13,206 [IPC Server handler 2 on 36810] INFO  node.SCMNodeManager (SCMNodeManager.java:register(266)) - Registered Data node : 68000851-4b27-431c-8824-c5fb9d655992{ip: 192.168.164.210, host: pr-hdds-2185-nx5sg-2633547614, networkLocation: /default-rack, certSerialId: null}
2019-09-26 15:56:13,207 [pool-409-thread-1] INFO  server.RaftServerConfigKeys (ConfUtils.java:logGet(43)) - raft.server.log.queue.byte-limit = 2147483647 (custom)
2019-09-26 15:56:13,208 [pool-409-thread-1] INFO  server.RaftServerConfigKeys (ConfUtils.java:logGet(43)) - raft.server.log.queue.element-limit = 1024 (custom)
2019-09-26 15:56:13,208 [pool-409-thread-1] INFO  server.RaftServerConfigKeys (ConfUtils.java:logGet(43)) - raft.server.log.segment.size.max = 1048576 (custom)
2019-09-26 15:56:13,208 [pool-409-thread-1] INFO  server.RaftServerConfigKeys (ConfUtils.java:logGet(43)) - raft.server.log.preallocated.size = 16384 (custom)
2019-09-26 15:56:13,208 [pool-409-thread-1] INFO  server.RaftServerConfigKeys (ConfUtils.java:logGet(43)) - raft.server.log.write.buffer.size = 33554432 (custom)
2019-09-26 15:56:13,208 [pool-409-thread-1] INFO  server.RaftServerConfigKeys (ConfUtils.java:logGet(43)) - raft.server.log.force.sync.num = 128 (default)
2019-09-26 15:56:13,208 [pool-409-thread-1] INFO  server.RaftServerConfigKeys (ConfUtils.java:logGet(43)) - raft.server.log.statemachine.data.sync = true (default)
2019-09-26 15:56:13,208 [pool-409-thread-1] INFO  server.RaftServerConfigKeys (ConfUtils.java:logGet(43)) - raft.server.log.statemachine.data.sync.timeout = 10s (default)
2019-09-26 15:56:13,208 [pool-409-thread-1] INFO  server.RaftServerConfigKeys (ConfUtils.java:logGet(43)) - raft.server.log.statemachine.data.sync.timeout.retry = -1 (default)
2019-09-26 15:56:13,209 [pool-409-thread-1] INFO  server.RaftServerConfigKeys (ConfUtils.java:logGet(43)) - raft.server.log.statemachine.data.caching.enabled = true (custom)
2019-09-26 15:56:13,209 [pool-409-thread-1] INFO  segmented.SegmentedRaftLogWorker (SegmentedRaftLogWorker.java:lambda$new$0(132)) - 4a94d0f0-a72e-405b-8a88-9ffe81034942@group-2A2144CBE6BF-SegmentedRaftLogWorker: flushIndex: setUnconditionally 0 -> -1
2019-09-26 15:56:13,209 [pool-409-thread-1] INFO  server.RaftServerConfigKeys (ConfUtils.java:logGet(43)) - raft.server.snapshot.auto.trigger.enabled = true (custom)
2019-09-26 15:56:13,209 [pool-409-thread-1] INFO  server.RaftServerConfigKeys (ConfUtils.java:logGet(43)) - raft.server.snapshot.auto.trigger.threshold = 10000 (custom)
2019-09-26 15:56:13,210 [pool-409-thread-1] INFO  server.RaftServerConfigKeys (ConfUtils.java:logGet(43)) - raft.server.snapshot.retention.num.files = 5 (custom)
2019-09-26 15:56:13,210 [pool-409-thread-1] INFO  server.RaftServerConfigKeys (ConfUtils.java:logGet(43)) - raft.server.retrycache.expirytime = 600000ms (custom)
2019-09-26 15:56:13,211 [pool-409-thread-1] INFO  impl.RaftServerImpl (RaftServerImpl.java:start(185)) - 4a94d0f0-a72e-405b-8a88-9ffe81034942@group-2A2144CBE6BF: start as a follower, conf=-1: [4a94d0f0-a72e-405b-8a88-9ffe81034942:192.168.164.210:45821], old=null
2019-09-26 15:56:13,211 [pool-409-thread-1] INFO  impl.RaftServerImpl (RaftServerImpl.java:setRole(174)) - 4a94d0f0-a72e-405b-8a88-9ffe81034942@group-2A2144CBE6BF: changes role from      null to FOLLOWER at term 0 for startAsFollower
2019-09-26 15:56:13,211 [pool-409-thread-1] INFO  impl.RoleInfo (RoleInfo.java:updateAndGet(143)) - 4a94d0f0-a72e-405b-8a88-9ffe81034942: start FollowerState
2019-09-26 15:56:13,212 [pool-409-thread-1] INFO  util.JmxRegister (JmxRegister.java:tryRegister(44)) - Successfully registered JMX Bean with object name Ratis:service=RaftServer,group=group-2A2144CBE6BF,id=4a94d0f0-a72e-405b-8a88-9ffe81034942
2019-09-26 15:56:13,225 [RatisPipelineUtilsThread] INFO  pipeline.PipelineStateManager (PipelineStateManager.java:addPipeline(56)) - Created pipeline Pipeline[ Id: 6fa496dc-9807-42de-9a3c-2a2144cbe6bf, Nodes: 4a94d0f0-a72e-405b-8a88-9ffe81034942{ip: 192.168.164.210, host: pr-hdds-2185-nx5sg-2633547614, networkLocation: /default-rack, certSerialId: null}, Type:RATIS, Factor:ONE, State:OPEN]
2019-09-26 15:56:13,232 [grpc-default-executor-9] INFO  impl.RaftServerProxy (RaftServerProxy.java:addNew(89)) - 68000851-4b27-431c-8824-c5fb9d655992: addNew group-E0A1BFEE1375:[68000851-4b27-431c-8824-c5fb9d655992:192.168.164.210:37105] returns group-E0A1BFEE1375:java.util.concurrent.CompletableFuture@4ee7047d[Not completed]
2019-09-26 15:56:13,233 [pool-419-thread-1] INFO  impl.RaftServerImpl (RaftServerImpl.java:<init>(95)) - 68000851-4b27-431c-8824-c5fb9d655992: new RaftServerImpl for group-E0A1BFEE1375:[68000851-4b27-431c-8824-c5fb9d655992:192.168.164.210:37105] with ContainerStateMachine:uninitialized
2019-09-26 15:56:13,233 [pool-419-thread-1] INFO  server.RaftServerConfigKeys (ConfUtils.java:logGet(43)) - raft.server.rpc.timeout.min = 5s (custom)
2019-09-26 15:56:13,233 [pool-419-thread-1] INFO  server.RaftServerConfigKeys (ConfUtils.java:logGet(43)) - raft.server.rpc.timeout.max = 5200ms (custom)
2019-09-26 15:56:13,233 [pool-419-thread-1] INFO  server.RaftServerConfigKeys (ConfUtils.java:logGet(43)) - raft.server.rpcslowness.timeout = 120s (custom)
2019-09-26 15:56:13,233 [pool-419-thread-1] INFO  server.RaftServerConfigKeys (ConfUtils.java:logGet(43)) - raft.server.sleep.deviation.threshold = 300 (default)
2019-09-26 15:56:13,233 [pool-419-thread-1] INFO  server.RaftServerConfigKeys (ConfUtils.java:logGet(43)) - raft.server.log.appender.install.snapshot.enabled = false (custom)
2019-09-26 15:56:13,233 [pool-419-thread-1] INFO  impl.RaftServerImpl (ServerState.java:<init>(103)) - 68000851-4b27-431c-8824-c5fb9d655992@group-E0A1BFEE1375: ConfigurationManager, init=-1: [68000851-4b27-431c-8824-c5fb9d655992:192.168.164.210:37105], old=null, confs=<EMPTY_MAP>
2019-09-26 15:56:13,234 [pool-419-thread-1] INFO  server.RaftServerConfigKeys (ConfUtils.java:logGet(43)) - raft.server.storage.dir = [/workdir/hadoop-ozone/integration-test/target/test-dir/MiniOzoneClusterImpl-7cae8434-9510-4e3b-823e-048edbbfad91/datanode-1/data/ratis] (custom)
2019-09-26 15:56:13,234 [pool-419-thread-1] INFO  storage.RaftStorageDirectory (RaftStorageDirectory.java:analyzeStorage(246)) - The storage directory /workdir/hadoop-ozone/integration-test/target/test-dir/MiniOzoneClusterImpl-7cae8434-9510-4e3b-823e-048edbbfad91/datanode-1/data/ratis/6083c749-43c5-4ec1-a918-e0a1bfee1375 does not exist. Creating ...
2019-09-26 15:56:13,247 [pool-419-thread-1] INFO  storage.RaftStorageDirectory (RaftStorageDirectory.java:tryLock(328)) - Lock on /workdir/hadoop-ozone/integration-test/target/test-dir/MiniOzoneClusterImpl-7cae8434-9510-4e3b-823e-048edbbfad91/datanode-1/data/ratis/6083c749-43c5-4ec1-a918-e0a1bfee1375/in_use.lock acquired by nodename 7536@pr-hdds-2185-nx5sg-2633547614
2019-09-26 15:56:13,260 [pool-419-thread-1] INFO  storage.RaftStorage (RaftStorage.java:format(72)) - Storage directory /workdir/hadoop-ozone/integration-test/target/test-dir/MiniOzoneClusterImpl-7cae8434-9510-4e3b-823e-048edbbfad91/datanode-1/data/ratis/6083c749-43c5-4ec1-a918-e0a1bfee1375 has been successfully formatted.
2019-09-26 15:56:13,260 [pool-419-thread-1] INFO  ratis.ContainerStateMachine (ContainerStateMachine.java:loadSnapshot(230)) - group-E0A1BFEE1375: The snapshot info is null. Setting the last applied indexto:(t:0, i:~)
2019-09-26 15:56:13,260 [pool-419-thread-1] INFO  server.RaftServerConfigKeys (ConfUtils.java:logGet(43)) - raft.server.notification.no-leader.timeout = 120s (custom)
2019-09-26 15:56:13,260 [pool-419-thread-1] INFO  server.RaftServerConfigKeys (ConfUtils.java:logGet(43)) - raft.server.log.use.memory = false (default)
2019-09-26 15:56:13,260 [pool-419-thread-1] INFO  server.RaftServerConfigKeys (ConfUtils.java:logGet(43)) - raft.server.log.purge.gap = 1000000 (custom)
2019-09-26 15:56:13,260 [pool-419-thread-1] INFO  server.RaftServerConfigKeys (ConfUtils.java:logGet(43)) - raft.server.log.appender.buffer.byte-limit = 33554432 (custom)
2019-09-26 15:56:13,260 [pool-419-thread-1] INFO  server.RaftServerConfigKeys (ConfUtils.java:logGet(43)) - raft.server.log.segment.size.max = 1048576 (custom)
2019-09-26 15:56:13,260 [pool-419-thread-1] INFO  server.RaftServerConfigKeys (ConfUtils.java:logGet(43)) - raft.server.log.segment.cache.num.max = 2 (custom)
2019-09-26 15:56:13,261 [pool-419-thread-1] INFO  segmented.SegmentedRaftLogWorker (SegmentedRaftLogWorker.java:<init>(172)) - new 68000851-4b27-431c-8824-c5fb9d655992@group-E0A1BFEE1375-SegmentedRaftLogWorker for RaftStorage:Storage Directory /workdir/hadoop-ozone/integration-test/target/test-dir/MiniOzoneClusterImpl-7cae8434-9510-4e3b-823e-048edbbfad91/datanode-1/data/ratis/6083c749-43c5-4ec1-a918-e0a1bfee1375
2019-09-26 15:56:13,262 [pool-419-thread-1] INFO  server.RaftServerConfigKeys (ConfUtils.java:logGet(43)) - raft.server.log.queue.byte-limit = 2147483647 (custom)
2019-09-26 15:56:13,262 [pool-419-thread-1] INFO  server.RaftServerConfigKeys (ConfUtils.java:logGet(43)) - raft.server.log.queue.element-limit = 1024 (custom)
2019-09-26 15:56:13,262 [pool-419-thread-1] INFO  server.RaftServerConfigKeys (ConfUtils.java:logGet(43)) - raft.server.log.segment.size.max = 1048576 (custom)
2019-09-26 15:56:13,262 [pool-419-thread-1] INFO  server.RaftServerConfigKeys (ConfUtils.java:logGet(43)) - raft.server.log.preallocated.size = 16384 (custom)
2019-09-26 15:56:13,262 [pool-419-thread-1] INFO  server.RaftServerConfigKeys (ConfUtils.java:logGet(43)) - raft.server.log.write.buffer.size = 33554432 (custom)
2019-09-26 15:56:13,262 [pool-419-thread-1] INFO  server.RaftServerConfigKeys (ConfUtils.java:logGet(43)) - raft.server.log.force.sync.num = 128 (default)
2019-09-26 15:56:13,262 [pool-419-thread-1] INFO  server.RaftServerConfigKeys (ConfUtils.java:logGet(43)) - raft.server.log.statemachine.data.sync = true (default)
2019-09-26 15:56:13,263 [pool-419-thread-1] INFO  server.RaftServerConfigKeys (ConfUtils.java:logGet(43)) - raft.server.log.statemachine.data.sync.timeout = 10s (default)
2019-09-26 15:56:13,263 [pool-419-thread-1] INFO  server.RaftServerConfigKeys (ConfUtils.java:logGet(43)) - raft.server.log.statemachine.data.sync.timeout.retry = -1 (default)
2019-09-26 15:56:13,263 [pool-419-thread-1] INFO  server.RaftServerConfigKeys (ConfUtils.java:logGet(43)) - raft.server.log.statemachine.data.caching.enabled = true (custom)
2019-09-26 15:56:13,263 [pool-419-thread-1] INFO  segmented.SegmentedRaftLogWorker (SegmentedRaftLogWorker.java:lambda$new$0(132)) - 68000851-4b27-431c-8824-c5fb9d655992@group-E0A1BFEE1375-SegmentedRaftLogWorker: flushIndex: setUnconditionally 0 -> -1
2019-09-26 15:56:13,263 [pool-419-thread-1] INFO  server.RaftServerConfigKeys (ConfUtils.java:logGet(43)) - raft.server.snapshot.auto.trigger.enabled = true (custom)
2019-09-26 15:56:13,263 [pool-419-thread-1] INFO  server.RaftServerConfigKeys (ConfUtils.java:logGet(43)) - raft.server.snapshot.auto.trigger.threshold = 10000 (custom)
2019-09-26 15:56:13,264 [pool-419-thread-1] INFO  server.RaftServerConfigKeys (ConfUtils.java:logGet(43)) - raft.server.snapshot.retention.num.files = 5 (custom)
2019-09-26 15:56:13,264 [pool-419-thread-1] INFO  server.RaftServerConfigKeys (ConfUtils.java:logGet(43)) - raft.server.retrycache.expirytime = 600000ms (custom)
2019-09-26 15:56:13,265 [pool-419-thread-1] INFO  impl.RaftServerImpl (RaftServerImpl.java:start(185)) - 68000851-4b27-431c-8824-c5fb9d655992@group-E0A1BFEE1375: start as a follower, conf=-1: [68000851-4b27-431c-8824-c5fb9d655992:192.168.164.210:37105], old=null
2019-09-26 15:56:13,265 [pool-419-thread-1] INFO  impl.RaftServerImpl (RaftServerImpl.java:setRole(174)) - 68000851-4b27-431c-8824-c5fb9d655992@group-E0A1BFEE1375: changes role from      null to FOLLOWER at term 0 for startAsFollower
2019-09-26 15:56:13,266 [pool-419-thread-1] INFO  impl.RoleInfo (RoleInfo.java:updateAndGet(143)) - 68000851-4b27-431c-8824-c5fb9d655992: start FollowerState
2019-09-26 15:56:13,266 [IPC Server handler 3 on 36810] INFO  net.NetworkTopology (NetworkTopologyImpl.java:add(111)) - Added a new node: /default-rack/4928e14d-160d-4293-8792-856e6c51102f
2019-09-26 15:56:13,266 [pool-419-thread-1] INFO  util.JmxRegister (JmxRegister.java:tryRegister(44)) - Successfully registered JMX Bean with object name Ratis:service=RaftServer,group=group-E0A1BFEE1375,id=68000851-4b27-431c-8824-c5fb9d655992
2019-09-26 15:56:13,266 [IPC Server handler 3 on 36810] INFO  node.SCMNodeManager (SCMNodeManager.java:register(266)) - Registered Data node : 4928e14d-160d-4293-8792-856e6c51102f{ip: 192.168.164.210, host: pr-hdds-2185-nx5sg-2633547614, networkLocation: /default-rack, certSerialId: null}
2019-09-26 15:56:13,268 [RatisPipelineUtilsThread] INFO  pipeline.PipelineStateManager (PipelineStateManager.java:addPipeline(56)) - Created pipeline Pipeline[ Id: 6083c749-43c5-4ec1-a918-e0a1bfee1375, Nodes: 68000851-4b27-431c-8824-c5fb9d655992{ip: 192.168.164.210, host: pr-hdds-2185-nx5sg-2633547614, networkLocation: /default-rack, certSerialId: null}, Type:RATIS, Factor:ONE, State:OPEN]
2019-09-26 15:56:13,276 [grpc-default-executor-9] INFO  impl.RaftServerProxy (RaftServerProxy.java:addNew(89)) - 4928e14d-160d-4293-8792-856e6c51102f: addNew group-B377E196E36B:[4928e14d-160d-4293-8792-856e6c51102f:192.168.164.210:38684] returns group-B377E196E36B:java.util.concurrent.CompletableFuture@4c851d8d[Not completed]
2019-09-26 15:56:13,277 [pool-429-thread-1] INFO  impl.RaftServerImpl (RaftServerImpl.java:<init>(95)) - 4928e14d-160d-4293-8792-856e6c51102f: new RaftServerImpl for group-B377E196E36B:[4928e14d-160d-4293-8792-856e6c51102f:192.168.164.210:38684] with ContainerStateMachine:uninitialized
2019-09-26 15:56:13,277 [pool-429-thread-1] INFO  server.RaftServerConfigKeys (ConfUtils.java:logGet(43)) - raft.server.rpc.timeout.min = 5s (custom)
2019-09-26 15:56:13,277 [pool-429-thread-1] INFO  server.RaftServerConfigKeys (ConfUtils.java:logGet(43)) - raft.server.rpc.timeout.max = 5200ms (custom)
2019-09-26 15:56:13,278 [pool-429-thread-1] INFO  server.RaftServerConfigKeys (ConfUtils.java:logGet(43)) - raft.server.rpcslowness.timeout = 120s (custom)
2019-09-26 15:56:13,278 [pool-429-thread-1] INFO  server.RaftServerConfigKeys (ConfUtils.java:logGet(43)) - raft.server.sleep.deviation.threshold = 300 (default)
2019-09-26 15:56:13,278 [pool-429-thread-1] INFO  server.RaftServerConfigKeys (ConfUtils.java:logGet(43)) - raft.server.log.appender.install.snapshot.enabled = false (custom)
2019-09-26 15:56:13,278 [pool-429-thread-1] INFO  impl.RaftServerImpl (ServerState.java:<init>(103)) - 4928e14d-160d-4293-8792-856e6c51102f@group-B377E196E36B: ConfigurationManager, init=-1: [4928e14d-160d-4293-8792-856e6c51102f:192.168.164.210:38684], old=null, confs=<EMPTY_MAP>
2019-09-26 15:56:13,278 [pool-429-thread-1] INFO  server.RaftServerConfigKeys (ConfUtils.java:logGet(43)) - raft.server.storage.dir = [/workdir/hadoop-ozone/integration-test/target/test-dir/MiniOzoneClusterImpl-7cae8434-9510-4e3b-823e-048edbbfad91/datanode-2/data/ratis] (custom)
2019-09-26 15:56:13,278 [pool-429-thread-1] INFO  storage.RaftStorageDirectory (RaftStorageDirectory.java:analyzeStorage(246)) - The storage directory /workdir/hadoop-ozone/integration-test/target/test-dir/MiniOzoneClusterImpl-7cae8434-9510-4e3b-823e-048edbbfad91/datanode-2/data/ratis/931f8f1e-86ce-4ac9-bb9e-b377e196e36b does not exist. Creating ...
2019-09-26 15:56:13,291 [pool-429-thread-1] INFO  storage.RaftStorageDirectory (RaftStorageDirectory.java:tryLock(328)) - Lock on /workdir/hadoop-ozone/integration-test/target/test-dir/MiniOzoneClusterImpl-7cae8434-9510-4e3b-823e-048edbbfad91/datanode-2/data/ratis/931f8f1e-86ce-4ac9-bb9e-b377e196e36b/in_use.lock acquired by nodename 7536@pr-hdds-2185-nx5sg-2633547614
2019-09-26 15:56:13,304 [pool-429-thread-1] INFO  storage.RaftStorage (RaftStorage.java:format(72)) - Storage directory /workdir/hadoop-ozone/integration-test/target/test-dir/MiniOzoneClusterImpl-7cae8434-9510-4e3b-823e-048edbbfad91/datanode-2/data/ratis/931f8f1e-86ce-4ac9-bb9e-b377e196e36b has been successfully formatted.
2019-09-26 15:56:13,304 [pool-429-thread-1] INFO  ratis.ContainerStateMachine (ContainerStateMachine.java:loadSnapshot(230)) - group-B377E196E36B: The snapshot info is null. Setting the last applied indexto:(t:0, i:~)
2019-09-26 15:56:13,304 [pool-429-thread-1] INFO  server.RaftServerConfigKeys (ConfUtils.java:logGet(43)) - raft.server.notification.no-leader.timeout = 120s (custom)
2019-09-26 15:56:13,304 [pool-429-thread-1] INFO  server.RaftServerConfigKeys (ConfUtils.java:logGet(43)) - raft.server.log.use.memory = false (default)
2019-09-26 15:56:13,304 [pool-429-thread-1] INFO  server.RaftServerConfigKeys (ConfUtils.java:logGet(43)) - raft.server.log.purge.gap = 1000000 (custom)
2019-09-26 15:56:13,305 [pool-429-thread-1] INFO  server.RaftServerConfigKeys (ConfUtils.java:logGet(43)) - raft.server.log.appender.buffer.byte-limit = 33554432 (custom)
2019-09-26 15:56:13,305 [pool-429-thread-1] INFO  server.RaftServerConfigKeys (ConfUtils.java:logGet(43)) - raft.server.log.segment.size.max = 1048576 (custom)
2019-09-26 15:56:13,305 [pool-429-thread-1] INFO  server.RaftServerConfigKeys (ConfUtils.java:logGet(43)) - raft.server.log.segment.cache.num.max = 2 (custom)
2019-09-26 15:56:13,305 [pool-429-thread-1] INFO  segmented.SegmentedRaftLogWorker (SegmentedRaftLogWorker.java:<init>(172)) - new 4928e14d-160d-4293-8792-856e6c51102f@group-B377E196E36B-SegmentedRaftLogWorker for RaftStorage:Storage Directory /workdir/hadoop-ozone/integration-test/target/test-dir/MiniOzoneClusterImpl-7cae8434-9510-4e3b-823e-048edbbfad91/datanode-2/data/ratis/931f8f1e-86ce-4ac9-bb9e-b377e196e36b
2019-09-26 15:56:13,306 [pool-429-thread-1] INFO  server.RaftServerConfigKeys (ConfUtils.java:logGet(43)) - raft.server.log.queue.byte-limit = 2147483647 (custom)
2019-09-26 15:56:13,306 [pool-429-thread-1] INFO  server.RaftServerConfigKeys (ConfUtils.java:logGet(43)) - raft.server.log.queue.element-limit = 1024 (custom)
2019-09-26 15:56:13,307 [pool-429-thread-1] INFO  server.RaftServerConfigKeys (ConfUtils.java:logGet(43)) - raft.server.log.segment.size.max = 1048576 (custom)
2019-09-26 15:56:13,307 [pool-429-thread-1] INFO  server.RaftServerConfigKeys (ConfUtils.java:logGet(43)) - raft.server.log.preallocated.size = 16384 (custom)
2019-09-26 15:56:13,307 [pool-429-thread-1] INFO  server.RaftServerConfigKeys (ConfUtils.java:logGet(43)) - raft.server.log.write.buffer.size = 33554432 (custom)
2019-09-26 15:56:13,307 [pool-429-thread-1] INFO  server.RaftServerConfigKeys (ConfUtils.java:logGet(43)) - raft.server.log.force.sync.num = 128 (default)
2019-09-26 15:56:13,307 [pool-429-thread-1] INFO  server.RaftServerConfigKeys (ConfUtils.java:logGet(43)) - raft.server.log.statemachine.data.sync = true (default)
2019-09-26 15:56:13,307 [pool-429-thread-1] INFO  server.RaftServerConfigKeys (ConfUtils.java:logGet(43)) - raft.server.log.statemachine.data.sync.timeout = 10s (default)
2019-09-26 15:56:13,307 [pool-429-thread-1] INFO  server.RaftServerConfigKeys (ConfUtils.java:logGet(43)) - raft.server.log.statemachine.data.sync.timeout.retry = -1 (default)
2019-09-26 15:56:13,307 [pool-429-thread-1] INFO  server.RaftServerConfigKeys (ConfUtils.java:logGet(43)) - raft.server.log.statemachine.data.caching.enabled = true (custom)
2019-09-26 15:56:13,308 [pool-429-thread-1] INFO  segmented.SegmentedRaftLogWorker (SegmentedRaftLogWorker.java:lambda$new$0(132)) - 4928e14d-160d-4293-8792-856e6c51102f@group-B377E196E36B-SegmentedRaftLogWorker: flushIndex: setUnconditionally 0 -> -1
2019-09-26 15:56:13,308 [pool-429-thread-1] INFO  server.RaftServerConfigKeys (ConfUtils.java:logGet(43)) - raft.server.snapshot.auto.trigger.enabled = true (custom)
2019-09-26 15:56:13,308 [pool-429-thread-1] INFO  server.RaftServerConfigKeys (ConfUtils.java:logGet(43)) - raft.server.snapshot.auto.trigger.threshold = 10000 (custom)
2019-09-26 15:56:13,308 [pool-429-thread-1] INFO  server.RaftServerConfigKeys (ConfUtils.java:logGet(43)) - raft.server.snapshot.retention.num.files = 5 (custom)
2019-09-26 15:56:13,308 [pool-429-thread-1] INFO  server.RaftServerConfigKeys (ConfUtils.java:logGet(43)) - raft.server.retrycache.expirytime = 600000ms (custom)
2019-09-26 15:56:13,310 [pool-429-thread-1] INFO  impl.RaftServerImpl (RaftServerImpl.java:start(185)) - 4928e14d-160d-4293-8792-856e6c51102f@group-B377E196E36B: start as a follower, conf=-1: [4928e14d-160d-4293-8792-856e6c51102f:192.168.164.210:38684], old=null
2019-09-26 15:56:13,310 [pool-429-thread-1] INFO  impl.RaftServerImpl (RaftServerImpl.java:setRole(174)) - 4928e14d-160d-4293-8792-856e6c51102f@group-B377E196E36B: changes role from      null to FOLLOWER at term 0 for startAsFollower
2019-09-26 15:56:13,310 [pool-429-thread-1] INFO  impl.RoleInfo (RoleInfo.java:updateAndGet(143)) - 4928e14d-160d-4293-8792-856e6c51102f: start FollowerState
2019-09-26 15:56:13,310 [pool-429-thread-1] INFO  util.JmxRegister (JmxRegister.java:tryRegister(44)) - Successfully registered JMX Bean with object name Ratis:service=RaftServer,group=group-B377E196E36B,id=4928e14d-160d-4293-8792-856e6c51102f
2019-09-26 15:56:13,312 [RatisPipelineUtilsThread] INFO  pipeline.PipelineStateManager (PipelineStateManager.java:addPipeline(56)) - Created pipeline Pipeline[ Id: 931f8f1e-86ce-4ac9-bb9e-b377e196e36b, Nodes: 4928e14d-160d-4293-8792-856e6c51102f{ip: 192.168.164.210, host: pr-hdds-2185-nx5sg-2633547614, networkLocation: /default-rack, certSerialId: null}, Type:RATIS, Factor:ONE, State:OPEN]
2019-09-26 15:56:13,326 [IPC Server handler 5 on 36810] INFO  net.NetworkTopology (NetworkTopologyImpl.java:add(111)) - Added a new node: /default-rack/9dd345de-fd94-4ade-9113-414a99133fea
2019-09-26 15:56:13,328 [IPC Server handler 5 on 36810] INFO  node.SCMNodeManager (SCMNodeManager.java:register(266)) - Registered Data node : 9dd345de-fd94-4ade-9113-414a99133fea{ip: 192.168.164.210, host: pr-hdds-2185-nx5sg-2633547614, networkLocation: /default-rack, certSerialId: null}
2019-09-26 15:56:13,332 [grpc-default-executor-11] INFO  impl.RaftServerProxy (RaftServerProxy.java:addNew(89)) - 68000851-4b27-431c-8824-c5fb9d655992: addNew group-B902FF815E8A:[4a94d0f0-a72e-405b-8a88-9ffe81034942:192.168.164.210:45821, 68000851-4b27-431c-8824-c5fb9d655992:192.168.164.210:37105, 4928e14d-160d-4293-8792-856e6c51102f:192.168.164.210:38684] returns group-B902FF815E8A:java.util.concurrent.CompletableFuture@b5d7987[Not completed]
2019-09-26 15:56:13,332 [grpc-default-executor-9] INFO  impl.RaftServerProxy (RaftServerProxy.java:addNew(89)) - 4a94d0f0-a72e-405b-8a88-9ffe81034942: addNew group-B902FF815E8A:[4a94d0f0-a72e-405b-8a88-9ffe81034942:192.168.164.210:45821, 68000851-4b27-431c-8824-c5fb9d655992:192.168.164.210:37105, 4928e14d-160d-4293-8792-856e6c51102f:192.168.164.210:38684] returns group-B902FF815E8A:java.util.concurrent.CompletableFuture@7168ce0e[Not completed]
2019-09-26 15:56:13,332 [grpc-default-executor-10] INFO  impl.RaftServerProxy (RaftServerProxy.java:addNew(89)) - 4928e14d-160d-4293-8792-856e6c51102f: addNew group-B902FF815E8A:[4a94d0f0-a72e-405b-8a88-9ffe81034942:192.168.164.210:45821, 68000851-4b27-431c-8824-c5fb9d655992:192.168.164.210:37105, 4928e14d-160d-4293-8792-856e6c51102f:192.168.164.210:38684] returns group-B902FF815E8A:java.util.concurrent.CompletableFuture@5b36185d[Not completed]
2019-09-26 15:56:13,333 [pool-409-thread-1] INFO  impl.RaftServerImpl (RaftServerImpl.java:<init>(95)) - 4a94d0f0-a72e-405b-8a88-9ffe81034942: new RaftServerImpl for group-B902FF815E8A:[4a94d0f0-a72e-405b-8a88-9ffe81034942:192.168.164.210:45821, 68000851-4b27-431c-8824-c5fb9d655992:192.168.164.210:37105, 4928e14d-160d-4293-8792-856e6c51102f:192.168.164.210:38684] with ContainerStateMachine:uninitialized
2019-09-26 15:56:13,333 [pool-409-thread-1] INFO  server.RaftServerConfigKeys (ConfUtils.java:logGet(43)) - raft.server.rpc.timeout.min = 5s (custom)
2019-09-26 15:56:13,333 [pool-409-thread-1] INFO  server.RaftServerConfigKeys (ConfUtils.java:logGet(43)) - raft.server.rpc.timeout.max = 5200ms (custom)
2019-09-26 15:56:13,333 [pool-409-thread-1] INFO  server.RaftServerConfigKeys (ConfUtils.java:logGet(43)) - raft.server.rpcslowness.timeout = 120s (custom)
2019-09-26 15:56:13,333 [pool-409-thread-1] INFO  server.RaftServerConfigKeys (ConfUtils.java:logGet(43)) - raft.server.sleep.deviation.threshold = 300 (default)
2019-09-26 15:56:13,333 [pool-419-thread-1] INFO  impl.RaftServerImpl (RaftServerImpl.java:<init>(95)) - 68000851-4b27-431c-8824-c5fb9d655992: new RaftServerImpl for group-B902FF815E8A:[4a94d0f0-a72e-405b-8a88-9ffe81034942:192.168.164.210:45821, 68000851-4b27-431c-8824-c5fb9d655992:192.168.164.210:37105, 4928e14d-160d-4293-8792-856e6c51102f:192.168.164.210:38684] with ContainerStateMachine:uninitialized
2019-09-26 15:56:13,334 [pool-409-thread-1] INFO  server.RaftServerConfigKeys (ConfUtils.java:logGet(43)) - raft.server.log.appender.install.snapshot.enabled = false (custom)
2019-09-26 15:56:13,334 [pool-419-thread-1] INFO  server.RaftServerConfigKeys (ConfUtils.java:logGet(43)) - raft.server.rpc.timeout.min = 5s (custom)
2019-09-26 15:56:13,334 [pool-409-thread-1] INFO  impl.RaftServerImpl (ServerState.java:<init>(103)) - 4a94d0f0-a72e-405b-8a88-9ffe81034942@group-B902FF815E8A: ConfigurationManager, init=-1: [4a94d0f0-a72e-405b-8a88-9ffe81034942:192.168.164.210:45821, 68000851-4b27-431c-8824-c5fb9d655992:192.168.164.210:37105, 4928e14d-160d-4293-8792-856e6c51102f:192.168.164.210:38684], old=null, confs=<EMPTY_MAP>
2019-09-26 15:56:13,334 [pool-429-thread-1] INFO  impl.RaftServerImpl (RaftServerImpl.java:<init>(95)) - 4928e14d-160d-4293-8792-856e6c51102f: new RaftServerImpl for group-B902FF815E8A:[4a94d0f0-a72e-405b-8a88-9ffe81034942:192.168.164.210:45821, 68000851-4b27-431c-8824-c5fb9d655992:192.168.164.210:37105, 4928e14d-160d-4293-8792-856e6c51102f:192.168.164.210:38684] with ContainerStateMachine:uninitialized
2019-09-26 15:56:13,334 [pool-419-thread-1] INFO  server.RaftServerConfigKeys (ConfUtils.java:logGet(43)) - raft.server.rpc.timeout.max = 5200ms (custom)
2019-09-26 15:56:13,334 [pool-429-thread-1] INFO  server.RaftServerConfigKeys (ConfUtils.java:logGet(43)) - raft.server.rpc.timeout.min = 5s (custom)
2019-09-26 15:56:13,334 [pool-409-thread-1] INFO  server.RaftServerConfigKeys (ConfUtils.java:logGet(43)) - raft.server.storage.dir = [/workdir/hadoop-ozone/integration-test/target/test-dir/MiniOzoneClusterImpl-7cae8434-9510-4e3b-823e-048edbbfad91/datanode-0/data/ratis] (custom)
2019-09-26 15:56:13,334 [pool-429-thread-1] INFO  server.RaftServerConfigKeys (ConfUtils.java:logGet(43)) - raft.server.rpc.timeout.max = 5200ms (custom)
2019-09-26 15:56:13,334 [pool-419-thread-1] INFO  server.RaftServerConfigKeys (ConfUtils.java:logGet(43)) - raft.server.rpcslowness.timeout = 120s (custom)
2019-09-26 15:56:13,334 [pool-429-thread-1] INFO  server.RaftServerConfigKeys (ConfUtils.java:logGet(43)) - raft.server.rpcslowness.timeout = 120s (custom)
2019-09-26 15:56:13,334 [pool-419-thread-1] INFO  server.RaftServerConfigKeys (ConfUtils.java:logGet(43)) - raft.server.sleep.deviation.threshold = 300 (default)
2019-09-26 15:56:13,334 [pool-409-thread-1] INFO  storage.RaftStorageDirectory (RaftStorageDirectory.java:analyzeStorage(246)) - The storage directory /workdir/hadoop-ozone/integration-test/target/test-dir/MiniOzoneClusterImpl-7cae8434-9510-4e3b-823e-048edbbfad91/datanode-0/data/ratis/d747eee0-167b-4bbf-8b73-b902ff815e8a does not exist. Creating ...
2019-09-26 15:56:13,335 [pool-419-thread-1] INFO  server.RaftServerConfigKeys (ConfUtils.java:logGet(43)) - raft.server.log.appender.install.snapshot.enabled = false (custom)
2019-09-26 15:56:13,335 [pool-429-thread-1] INFO  server.RaftServerConfigKeys (ConfUtils.java:logGet(43)) - raft.server.sleep.deviation.threshold = 300 (default)
2019-09-26 15:56:13,335 [pool-419-thread-1] INFO  impl.RaftServerImpl (ServerState.java:<init>(103)) - 68000851-4b27-431c-8824-c5fb9d655992@group-B902FF815E8A: ConfigurationManager, init=-1: [4a94d0f0-a72e-405b-8a88-9ffe81034942:192.168.164.210:45821, 68000851-4b27-431c-8824-c5fb9d655992:192.168.164.210:37105, 4928e14d-160d-4293-8792-856e6c51102f:192.168.164.210:38684], old=null, confs=<EMPTY_MAP>
2019-09-26 15:56:13,335 [pool-429-thread-1] INFO  server.RaftServerConfigKeys (ConfUtils.java:logGet(43)) - raft.server.log.appender.install.snapshot.enabled = false (custom)
2019-09-26 15:56:13,335 [pool-419-thread-1] INFO  server.RaftServerConfigKeys (ConfUtils.java:logGet(43)) - raft.server.storage.dir = [/workdir/hadoop-ozone/integration-test/target/test-dir/MiniOzoneClusterImpl-7cae8434-9510-4e3b-823e-048edbbfad91/datanode-1/data/ratis] (custom)
2019-09-26 15:56:13,335 [pool-429-thread-1] INFO  impl.RaftServerImpl (ServerState.java:<init>(103)) - 4928e14d-160d-4293-8792-856e6c51102f@group-B902FF815E8A: ConfigurationManager, init=-1: [4a94d0f0-a72e-405b-8a88-9ffe81034942:192.168.164.210:45821, 68000851-4b27-431c-8824-c5fb9d655992:192.168.164.210:37105, 4928e14d-160d-4293-8792-856e6c51102f:192.168.164.210:38684], old=null, confs=<EMPTY_MAP>
2019-09-26 15:56:13,335 [pool-429-thread-1] INFO  server.RaftServerConfigKeys (ConfUtils.java:logGet(43)) - raft.server.storage.dir = [/workdir/hadoop-ozone/integration-test/target/test-dir/MiniOzoneClusterImpl-7cae8434-9510-4e3b-823e-048edbbfad91/datanode-2/data/ratis] (custom)
2019-09-26 15:56:13,335 [pool-419-thread-1] INFO  storage.RaftStorageDirectory (RaftStorageDirectory.java:analyzeStorage(246)) - The storage directory /workdir/hadoop-ozone/integration-test/target/test-dir/MiniOzoneClusterImpl-7cae8434-9510-4e3b-823e-048edbbfad91/datanode-1/data/ratis/d747eee0-167b-4bbf-8b73-b902ff815e8a does not exist. Creating ...
2019-09-26 15:56:13,336 [pool-429-thread-1] INFO  storage.RaftStorageDirectory (RaftStorageDirectory.java:analyzeStorage(246)) - The storage directory /workdir/hadoop-ozone/integration-test/target/test-dir/MiniOzoneClusterImpl-7cae8434-9510-4e3b-823e-048edbbfad91/datanode-2/data/ratis/d747eee0-167b-4bbf-8b73-b902ff815e8a does not exist. Creating ...
2019-09-26 15:56:13,348 [pool-419-thread-1] INFO  storage.RaftStorageDirectory (RaftStorageDirectory.java:tryLock(328)) - Lock on /workdir/hadoop-ozone/integration-test/target/test-dir/MiniOzoneClusterImpl-7cae8434-9510-4e3b-823e-048edbbfad91/datanode-1/data/ratis/d747eee0-167b-4bbf-8b73-b902ff815e8a/in_use.lock acquired by nodename 7536@pr-hdds-2185-nx5sg-2633547614
2019-09-26 15:56:13,348 [pool-429-thread-1] INFO  storage.RaftStorageDirectory (RaftStorageDirectory.java:tryLock(328)) - Lock on /workdir/hadoop-ozone/integration-test/target/test-dir/MiniOzoneClusterImpl-7cae8434-9510-4e3b-823e-048edbbfad91/datanode-2/data/ratis/d747eee0-167b-4bbf-8b73-b902ff815e8a/in_use.lock acquired by nodename 7536@pr-hdds-2185-nx5sg-2633547614
2019-09-26 15:56:13,348 [pool-409-thread-1] INFO  storage.RaftStorageDirectory (RaftStorageDirectory.java:tryLock(328)) - Lock on /workdir/hadoop-ozone/integration-test/target/test-dir/MiniOzoneClusterImpl-7cae8434-9510-4e3b-823e-048edbbfad91/datanode-0/data/ratis/d747eee0-167b-4bbf-8b73-b902ff815e8a/in_use.lock acquired by nodename 7536@pr-hdds-2185-nx5sg-2633547614
2019-09-26 15:56:13,361 [pool-419-thread-1] INFO  storage.RaftStorage (RaftStorage.java:format(72)) - Storage directory /workdir/hadoop-ozone/integration-test/target/test-dir/MiniOzoneClusterImpl-7cae8434-9510-4e3b-823e-048edbbfad91/datanode-1/data/ratis/d747eee0-167b-4bbf-8b73-b902ff815e8a has been successfully formatted.
2019-09-26 15:56:13,361 [pool-409-thread-1] INFO  storage.RaftStorage (RaftStorage.java:format(72)) - Storage directory /workdir/hadoop-ozone/integration-test/target/test-dir/MiniOzoneClusterImpl-7cae8434-9510-4e3b-823e-048edbbfad91/datanode-0/data/ratis/d747eee0-167b-4bbf-8b73-b902ff815e8a has been successfully formatted.
2019-09-26 15:56:13,361 [pool-429-thread-1] INFO  storage.RaftStorage (RaftStorage.java:format(72)) - Storage directory /workdir/hadoop-ozone/integration-test/target/test-dir/MiniOzoneClusterImpl-7cae8434-9510-4e3b-823e-048edbbfad91/datanode-2/data/ratis/d747eee0-167b-4bbf-8b73-b902ff815e8a has been successfully formatted.
2019-09-26 15:56:13,361 [pool-419-thread-1] INFO  ratis.ContainerStateMachine (ContainerStateMachine.java:loadSnapshot(230)) - group-B902FF815E8A: The snapshot info is null. Setting the last applied indexto:(t:0, i:~)
2019-09-26 15:56:13,362 [pool-429-thread-1] INFO  ratis.ContainerStateMachine (ContainerStateMachine.java:loadSnapshot(230)) - group-B902FF815E8A: The snapshot info is null. Setting the last applied indexto:(t:0, i:~)
2019-09-26 15:56:13,362 [pool-409-thread-1] INFO  ratis.ContainerStateMachine (ContainerStateMachine.java:loadSnapshot(230)) - group-B902FF815E8A: The snapshot info is null. Setting the last applied indexto:(t:0, i:~)
2019-09-26 15:56:13,362 [pool-429-thread-1] INFO  server.RaftServerConfigKeys (ConfUtils.java:logGet(43)) - raft.server.notification.no-leader.timeout = 120s (custom)
2019-09-26 15:56:13,362 [pool-419-thread-1] INFO  server.RaftServerConfigKeys (ConfUtils.java:logGet(43)) - raft.server.notification.no-leader.timeout = 120s (custom)
2019-09-26 15:56:13,362 [pool-429-thread-1] INFO  server.RaftServerConfigKeys (ConfUtils.java:logGet(43)) - raft.server.log.use.memory = false (default)
2019-09-26 15:56:13,362 [pool-409-thread-1] INFO  server.RaftServerConfigKeys (ConfUtils.java:logGet(43)) - raft.server.notification.no-leader.timeout = 120s (custom)
2019-09-26 15:56:13,362 [pool-429-thread-1] INFO  server.RaftServerConfigKeys (ConfUtils.java:logGet(43)) - raft.server.log.purge.gap = 1000000 (custom)
2019-09-26 15:56:13,362 [pool-419-thread-1] INFO  server.RaftServerConfigKeys (ConfUtils.java:logGet(43)) - raft.server.log.use.memory = false (default)
2019-09-26 15:56:13,362 [pool-429-thread-1] INFO  server.RaftServerConfigKeys (ConfUtils.java:logGet(43)) - raft.server.log.appender.buffer.byte-limit = 33554432 (custom)
2019-09-26 15:56:13,362 [pool-409-thread-1] INFO  server.RaftServerConfigKeys (ConfUtils.java:logGet(43)) - raft.server.log.use.memory = false (default)
2019-09-26 15:56:13,363 [pool-429-thread-1] INFO  server.RaftServerConfigKeys (ConfUtils.java:logGet(43)) - raft.server.log.segment.size.max = 1048576 (custom)
2019-09-26 15:56:13,363 [pool-419-thread-1] INFO  server.RaftServerConfigKeys (ConfUtils.java:logGet(43)) - raft.server.log.purge.gap = 1000000 (custom)
2019-09-26 15:56:13,363 [pool-429-thread-1] INFO  server.RaftServerConfigKeys (ConfUtils.java:logGet(43)) - raft.server.log.segment.cache.num.max = 2 (custom)
2019-09-26 15:56:13,363 [pool-409-thread-1] INFO  server.RaftServerConfigKeys (ConfUtils.java:logGet(43)) - raft.server.log.purge.gap = 1000000 (custom)
2019-09-26 15:56:13,363 [pool-429-thread-1] INFO  segmented.SegmentedRaftLogWorker (SegmentedRaftLogWorker.java:<init>(172)) - new 4928e14d-160d-4293-8792-856e6c51102f@group-B902FF815E8A-SegmentedRaftLogWorker for RaftStorage:Storage Directory /workdir/hadoop-ozone/integration-test/target/test-dir/MiniOzoneClusterImpl-7cae8434-9510-4e3b-823e-048edbbfad91/datanode-2/data/ratis/d747eee0-167b-4bbf-8b73-b902ff815e8a
2019-09-26 15:56:13,363 [pool-419-thread-1] INFO  server.RaftServerConfigKeys (ConfUtils.java:logGet(43)) - raft.server.log.appender.buffer.byte-limit = 33554432 (custom)
2019-09-26 15:56:13,363 [pool-429-thread-1] INFO  server.RaftServerConfigKeys (ConfUtils.java:logGet(43)) - raft.server.log.queue.byte-limit = 2147483647 (custom)
2019-09-26 15:56:13,363 [pool-409-thread-1] INFO  server.RaftServerConfigKeys (ConfUtils.java:logGet(43)) - raft.server.log.appender.buffer.byte-limit = 33554432 (custom)
2019-09-26 15:56:13,364 [pool-429-thread-1] INFO  server.RaftServerConfigKeys (ConfUtils.java:logGet(43)) - raft.server.log.queue.element-limit = 1024 (custom)
2019-09-26 15:56:13,364 [pool-419-thread-1] INFO  server.RaftServerConfigKeys (ConfUtils.java:logGet(43)) - raft.server.log.segment.size.max = 1048576 (custom)
2019-09-26 15:56:13,364 [pool-429-thread-1] INFO  server.RaftServerConfigKeys (ConfUtils.java:logGet(43)) - raft.server.log.segment.size.max = 1048576 (custom)
2019-09-26 15:56:13,364 [pool-409-thread-1] INFO  server.RaftServerConfigKeys (ConfUtils.java:logGet(43)) - raft.server.log.segment.size.max = 1048576 (custom)
2019-09-26 15:56:13,364 [pool-429-thread-1] INFO  server.RaftServerConfigKeys (ConfUtils.java:logGet(43)) - raft.server.log.preallocated.size = 16384 (custom)
2019-09-26 15:56:13,364 [pool-429-thread-1] INFO  server.RaftServerConfigKeys (ConfUtils.java:logGet(43)) - raft.server.log.write.buffer.size = 33554432 (custom)
2019-09-26 15:56:13,364 [pool-429-thread-1] INFO  server.RaftServerConfigKeys (ConfUtils.java:logGet(43)) - raft.server.log.force.sync.num = 128 (default)
2019-09-26 15:56:13,364 [pool-419-thread-1] INFO  server.RaftServerConfigKeys (ConfUtils.java:logGet(43)) - raft.server.log.segment.cache.num.max = 2 (custom)
2019-09-26 15:56:13,364 [pool-429-thread-1] INFO  server.RaftServerConfigKeys (ConfUtils.java:logGet(43)) - raft.server.log.statemachine.data.sync = true (default)
2019-09-26 15:56:13,364 [pool-409-thread-1] INFO  server.RaftServerConfigKeys (ConfUtils.java:logGet(43)) - raft.server.log.segment.cache.num.max = 2 (custom)
2019-09-26 15:56:13,365 [pool-429-thread-1] INFO  server.RaftServerConfigKeys (ConfUtils.java:logGet(43)) - raft.server.log.statemachine.data.sync.timeout = 10s (default)
2019-09-26 15:56:13,365 [pool-419-thread-1] INFO  segmented.SegmentedRaftLogWorker (SegmentedRaftLogWorker.java:<init>(172)) - new 68000851-4b27-431c-8824-c5fb9d655992@group-B902FF815E8A-SegmentedRaftLogWorker for RaftStorage:Storage Directory /workdir/hadoop-ozone/integration-test/target/test-dir/MiniOzoneClusterImpl-7cae8434-9510-4e3b-823e-048edbbfad91/datanode-1/data/ratis/d747eee0-167b-4bbf-8b73-b902ff815e8a
2019-09-26 15:56:13,365 [pool-429-thread-1] INFO  server.RaftServerConfigKeys (ConfUtils.java:logGet(43)) - raft.server.log.statemachine.data.sync.timeout.retry = -1 (default)
2019-09-26 15:56:13,365 [pool-409-thread-1] INFO  segmented.SegmentedRaftLogWorker (SegmentedRaftLogWorker.java:<init>(172)) - new 4a94d0f0-a72e-405b-8a88-9ffe81034942@group-B902FF815E8A-SegmentedRaftLogWorker for RaftStorage:Storage Directory /workdir/hadoop-ozone/integration-test/target/test-dir/MiniOzoneClusterImpl-7cae8434-9510-4e3b-823e-048edbbfad91/datanode-0/data/ratis/d747eee0-167b-4bbf-8b73-b902ff815e8a
2019-09-26 15:56:13,365 [pool-429-thread-1] INFO  server.RaftServerConfigKeys (ConfUtils.java:logGet(43)) - raft.server.log.statemachine.data.caching.enabled = true (custom)
2019-09-26 15:56:13,365 [pool-419-thread-1] INFO  server.RaftServerConfigKeys (ConfUtils.java:logGet(43)) - raft.server.log.queue.byte-limit = 2147483647 (custom)
2019-09-26 15:56:13,365 [pool-409-thread-1] INFO  server.RaftServerConfigKeys (ConfUtils.java:logGet(43)) - raft.server.log.queue.byte-limit = 2147483647 (custom)
2019-09-26 15:56:13,366 [pool-419-thread-1] INFO  server.RaftServerConfigKeys (ConfUtils.java:logGet(43)) - raft.server.log.queue.element-limit = 1024 (custom)
2019-09-26 15:56:13,366 [pool-429-thread-1] INFO  segmented.SegmentedRaftLogWorker (SegmentedRaftLogWorker.java:lambda$new$0(132)) - 4928e14d-160d-4293-8792-856e6c51102f@group-B902FF815E8A-SegmentedRaftLogWorker: flushIndex: setUnconditionally 0 -> -1
2019-09-26 15:56:13,366 [pool-419-thread-1] INFO  server.RaftServerConfigKeys (ConfUtils.java:logGet(43)) - raft.server.log.segment.size.max = 1048576 (custom)
2019-09-26 15:56:13,366 [pool-409-thread-1] INFO  server.RaftServerConfigKeys (ConfUtils.java:logGet(43)) - raft.server.log.queue.element-limit = 1024 (custom)
2019-09-26 15:56:13,367 [pool-429-thread-1] INFO  server.RaftServerConfigKeys (ConfUtils.java:logGet(43)) - raft.server.snapshot.auto.trigger.enabled = true (custom)
2019-09-26 15:56:13,367 [pool-419-thread-1] INFO  server.RaftServerConfigKeys (ConfUtils.java:logGet(43)) - raft.server.log.preallocated.size = 16384 (custom)
2019-09-26 15:56:13,367 [pool-429-thread-1] INFO  server.RaftServerConfigKeys (ConfUtils.java:logGet(43)) - raft.server.snapshot.auto.trigger.threshold = 10000 (custom)
2019-09-26 15:56:13,367 [pool-409-thread-1] INFO  server.RaftServerConfigKeys (ConfUtils.java:logGet(43)) - raft.server.log.segment.size.max = 1048576 (custom)
2019-09-26 15:56:13,367 [pool-429-thread-1] INFO  server.RaftServerConfigKeys (ConfUtils.java:logGet(43)) - raft.server.snapshot.retention.num.files = 5 (custom)
2019-09-26 15:56:13,367 [pool-419-thread-1] INFO  server.RaftServerConfigKeys (ConfUtils.java:logGet(43)) - raft.server.log.write.buffer.size = 33554432 (custom)
2019-09-26 15:56:13,367 [pool-429-thread-1] INFO  server.RaftServerConfigKeys (ConfUtils.java:logGet(43)) - raft.server.retrycache.expirytime = 600000ms (custom)
2019-09-26 15:56:13,367 [pool-409-thread-1] INFO  server.RaftServerConfigKeys (ConfUtils.java:logGet(43)) - raft.server.log.preallocated.size = 16384 (custom)
2019-09-26 15:56:13,368 [pool-419-thread-1] INFO  server.RaftServerConfigKeys (ConfUtils.java:logGet(43)) - raft.server.log.force.sync.num = 128 (default)
2019-09-26 15:56:13,368 [pool-409-thread-1] INFO  server.RaftServerConfigKeys (ConfUtils.java:logGet(43)) - raft.server.log.write.buffer.size = 33554432 (custom)
2019-09-26 15:56:13,368 [pool-419-thread-1] INFO  server.RaftServerConfigKeys (ConfUtils.java:logGet(43)) - raft.server.log.statemachine.data.sync = true (default)
2019-09-26 15:56:13,368 [pool-409-thread-1] INFO  server.RaftServerConfigKeys (ConfUtils.java:logGet(43)) - raft.server.log.force.sync.num = 128 (default)
2019-09-26 15:56:13,368 [pool-419-thread-1] INFO  server.RaftServerConfigKeys (ConfUtils.java:logGet(43)) - raft.server.log.statemachine.data.sync.timeout = 10s (default)
2019-09-26 15:56:13,368 [pool-409-thread-1] INFO  server.RaftServerConfigKeys (ConfUtils.java:logGet(43)) - raft.server.log.statemachine.data.sync = true (default)
2019-09-26 15:56:13,368 [pool-419-thread-1] INFO  server.RaftServerConfigKeys (ConfUtils.java:logGet(43)) - raft.server.log.statemachine.data.sync.timeout.retry = -1 (default)
2019-09-26 15:56:13,369 [pool-409-thread-1] INFO  server.RaftServerConfigKeys (ConfUtils.java:logGet(43)) - raft.server.log.statemachine.data.sync.timeout = 10s (default)
2019-09-26 15:56:13,369 [pool-419-thread-1] INFO  server.RaftServerConfigKeys (ConfUtils.java:logGet(43)) - raft.server.log.statemachine.data.caching.enabled = true (custom)
2019-09-26 15:56:13,369 [pool-409-thread-1] INFO  server.RaftServerConfigKeys (ConfUtils.java:logGet(43)) - raft.server.log.statemachine.data.sync.timeout.retry = -1 (default)
2019-09-26 15:56:13,369 [pool-409-thread-1] INFO  server.RaftServerConfigKeys (ConfUtils.java:logGet(43)) - raft.server.log.statemachine.data.caching.enabled = true (custom)
2019-09-26 15:56:13,369 [pool-419-thread-1] INFO  segmented.SegmentedRaftLogWorker (SegmentedRaftLogWorker.java:lambda$new$0(132)) - 68000851-4b27-431c-8824-c5fb9d655992@group-B902FF815E8A-SegmentedRaftLogWorker: flushIndex: setUnconditionally 0 -> -1
2019-09-26 15:56:13,369 [pool-409-thread-1] INFO  segmented.SegmentedRaftLogWorker (SegmentedRaftLogWorker.java:lambda$new$0(132)) - 4a94d0f0-a72e-405b-8a88-9ffe81034942@group-B902FF815E8A-SegmentedRaftLogWorker: flushIndex: setUnconditionally 0 -> -1
2019-09-26 15:56:13,370 [pool-419-thread-1] INFO  server.RaftServerConfigKeys (ConfUtils.java:logGet(43)) - raft.server.snapshot.auto.trigger.enabled = true (custom)
2019-09-26 15:56:13,370 [pool-409-thread-1] INFO  server.RaftServerConfigKeys (ConfUtils.java:logGet(43)) - raft.server.snapshot.auto.trigger.enabled = true (custom)
2019-09-26 15:56:13,370 [pool-419-thread-1] INFO  server.RaftServerConfigKeys (ConfUtils.java:logGet(43)) - raft.server.snapshot.auto.trigger.threshold = 10000 (custom)
2019-09-26 15:56:13,370 [pool-429-thread-1] INFO  impl.RaftServerImpl (RaftServerImpl.java:start(185)) - 4928e14d-160d-4293-8792-856e6c51102f@group-B902FF815E8A: start as a follower, conf=-1: [4a94d0f0-a72e-405b-8a88-9ffe81034942:192.168.164.210:45821, 68000851-4b27-431c-8824-c5fb9d655992:192.168.164.210:37105, 4928e14d-160d-4293-8792-856e6c51102f:192.168.164.210:38684], old=null
2019-09-26 15:56:13,370 [pool-409-thread-1] INFO  server.RaftServerConfigKeys (ConfUtils.java:logGet(43)) - raft.server.snapshot.auto.trigger.threshold = 10000 (custom)
2019-09-26 15:56:13,370 [pool-429-thread-1] INFO  impl.RaftServerImpl (RaftServerImpl.java:setRole(174)) - 4928e14d-160d-4293-8792-856e6c51102f@group-B902FF815E8A: changes role from      null to FOLLOWER at term 0 for startAsFollower
2019-09-26 15:56:13,370 [pool-419-thread-1] INFO  server.RaftServerConfigKeys (ConfUtils.java:logGet(43)) - raft.server.snapshot.retention.num.files = 5 (custom)
2019-09-26 15:56:13,370 [pool-429-thread-1] INFO  impl.RoleInfo (RoleInfo.java:updateAndGet(143)) - 4928e14d-160d-4293-8792-856e6c51102f: start FollowerState
2019-09-26 15:56:13,370 [pool-409-thread-1] INFO  server.RaftServerConfigKeys (ConfUtils.java:logGet(43)) - raft.server.snapshot.retention.num.files = 5 (custom)
2019-09-26 15:56:13,370 [pool-419-thread-1] INFO  server.RaftServerConfigKeys (ConfUtils.java:logGet(43)) - raft.server.retrycache.expirytime = 600000ms (custom)
2019-09-26 15:56:13,371 [pool-409-thread-1] INFO  server.RaftServerConfigKeys (ConfUtils.java:logGet(43)) - raft.server.retrycache.expirytime = 600000ms (custom)
2019-09-26 15:56:13,371 [pool-429-thread-1] INFO  util.JmxRegister (JmxRegister.java:tryRegister(44)) - Successfully registered JMX Bean with object name Ratis:service=RaftServer,group=group-B902FF815E8A,id=4928e14d-160d-4293-8792-856e6c51102f
2019-09-26 15:56:13,373 [pool-409-thread-1] INFO  impl.RaftServerImpl (RaftServerImpl.java:start(185)) - 4a94d0f0-a72e-405b-8a88-9ffe81034942@group-B902FF815E8A: start as a follower, conf=-1: [4a94d0f0-a72e-405b-8a88-9ffe81034942:192.168.164.210:45821, 68000851-4b27-431c-8824-c5fb9d655992:192.168.164.210:37105, 4928e14d-160d-4293-8792-856e6c51102f:192.168.164.210:38684], old=null
2019-09-26 15:56:13,373 [pool-409-thread-1] INFO  impl.RaftServerImpl (RaftServerImpl.java:setRole(174)) - 4a94d0f0-a72e-405b-8a88-9ffe81034942@group-B902FF815E8A: changes role from      null to FOLLOWER at term 0 for startAsFollower
2019-09-26 15:56:13,373 [pool-409-thread-1] INFO  impl.RoleInfo (RoleInfo.java:updateAndGet(143)) - 4a94d0f0-a72e-405b-8a88-9ffe81034942: start FollowerState
2019-09-26 15:56:13,373 [pool-419-thread-1] INFO  impl.RaftServerImpl (RaftServerImpl.java:start(185)) - 68000851-4b27-431c-8824-c5fb9d655992@group-B902FF815E8A: start as a follower, conf=-1: [4a94d0f0-a72e-405b-8a88-9ffe81034942:192.168.164.210:45821, 68000851-4b27-431c-8824-c5fb9d655992:192.168.164.210:37105, 4928e14d-160d-4293-8792-856e6c51102f:192.168.164.210:38684], old=null
2019-09-26 15:56:13,374 [pool-419-thread-1] INFO  impl.RaftServerImpl (RaftServerImpl.java:setRole(174)) - 68000851-4b27-431c-8824-c5fb9d655992@group-B902FF815E8A: changes role from      null to FOLLOWER at term 0 for startAsFollower
2019-09-26 15:56:13,374 [pool-409-thread-1] INFO  util.JmxRegister (JmxRegister.java:tryRegister(44)) - Successfully registered JMX Bean with object name Ratis:service=RaftServer,group=group-B902FF815E8A,id=4a94d0f0-a72e-405b-8a88-9ffe81034942
2019-09-26 15:56:13,374 [pool-419-thread-1] INFO  impl.RoleInfo (RoleInfo.java:updateAndGet(143)) - 68000851-4b27-431c-8824-c5fb9d655992: start FollowerState
2019-09-26 15:56:13,374 [pool-419-thread-1] INFO  util.JmxRegister (JmxRegister.java:tryRegister(44)) - Successfully registered JMX Bean with object name Ratis:service=RaftServer,group=group-B902FF815E8A,id=68000851-4b27-431c-8824-c5fb9d655992
2019-09-26 15:56:13,376 [RatisPipelineUtilsThread] INFO  pipeline.PipelineStateManager (PipelineStateManager.java:addPipeline(56)) - Created pipeline Pipeline[ Id: d747eee0-167b-4bbf-8b73-b902ff815e8a, Nodes: 68000851-4b27-431c-8824-c5fb9d655992{ip: 192.168.164.210, host: pr-hdds-2185-nx5sg-2633547614, networkLocation: /default-rack, certSerialId: null}4a94d0f0-a72e-405b-8a88-9ffe81034942{ip: 192.168.164.210, host: pr-hdds-2185-nx5sg-2633547614, networkLocation: /default-rack, certSerialId: null}4928e14d-160d-4293-8792-856e6c51102f{ip: 192.168.164.210, host: pr-hdds-2185-nx5sg-2633547614, networkLocation: /default-rack, certSerialId: null}, Type:RATIS, Factor:THREE, State:OPEN]
2019-09-26 15:56:13,387 [grpc-default-executor-10] INFO  impl.RaftServerProxy (RaftServerProxy.java:addNew(89)) - 9dd345de-fd94-4ade-9113-414a99133fea: addNew group-1A3B3099D9B0:[9dd345de-fd94-4ade-9113-414a99133fea:192.168.164.210:42557] returns group-1A3B3099D9B0:java.util.concurrent.CompletableFuture@7012afe3[Not completed]
2019-09-26 15:56:13,388 [IPC Server handler 6 on 36810] INFO  net.NetworkTopology (NetworkTopologyImpl.java:add(111)) - Added a new node: /default-rack/94c8a847-7d00-459a-8381-acafdc795e09
2019-09-26 15:56:13,391 [IPC Server handler 6 on 36810] INFO  node.SCMNodeManager (SCMNodeManager.java:register(266)) - Registered Data node : 94c8a847-7d00-459a-8381-acafdc795e09{ip: 192.168.164.210, host: pr-hdds-2185-nx5sg-2633547614, networkLocation: /default-rack, certSerialId: null}
2019-09-26 15:56:13,391 [pool-439-thread-1] INFO  impl.RaftServerImpl (RaftServerImpl.java:<init>(95)) - 9dd345de-fd94-4ade-9113-414a99133fea: new RaftServerImpl for group-1A3B3099D9B0:[9dd345de-fd94-4ade-9113-414a99133fea:192.168.164.210:42557] with ContainerStateMachine:uninitialized
2019-09-26 15:56:13,391 [pool-439-thread-1] INFO  server.RaftServerConfigKeys (ConfUtils.java:logGet(43)) - raft.server.rpc.timeout.min = 5s (custom)
2019-09-26 15:56:13,391 [pool-439-thread-1] INFO  server.RaftServerConfigKeys (ConfUtils.java:logGet(43)) - raft.server.rpc.timeout.max = 5200ms (custom)
2019-09-26 15:56:13,391 [pool-439-thread-1] INFO  server.RaftServerConfigKeys (ConfUtils.java:logGet(43)) - raft.server.rpcslowness.timeout = 120s (custom)
2019-09-26 15:56:13,391 [pool-439-thread-1] INFO  server.RaftServerConfigKeys (ConfUtils.java:logGet(43)) - raft.server.sleep.deviation.threshold = 300 (default)
2019-09-26 15:56:13,392 [pool-439-thread-1] INFO  server.RaftServerConfigKeys (ConfUtils.java:logGet(43)) - raft.server.log.appender.install.snapshot.enabled = false (custom)
2019-09-26 15:56:13,392 [pool-439-thread-1] INFO  impl.RaftServerImpl (ServerState.java:<init>(103)) - 9dd345de-fd94-4ade-9113-414a99133fea@group-1A3B3099D9B0: ConfigurationManager, init=-1: [9dd345de-fd94-4ade-9113-414a99133fea:192.168.164.210:42557], old=null, confs=<EMPTY_MAP>
2019-09-26 15:56:13,392 [pool-439-thread-1] INFO  server.RaftServerConfigKeys (ConfUtils.java:logGet(43)) - raft.server.storage.dir = [/workdir/hadoop-ozone/integration-test/target/test-dir/MiniOzoneClusterImpl-7cae8434-9510-4e3b-823e-048edbbfad91/datanode-3/data/ratis] (custom)
2019-09-26 15:56:13,392 [pool-439-thread-1] INFO  storage.RaftStorageDirectory (RaftStorageDirectory.java:analyzeStorage(246)) - The storage directory /workdir/hadoop-ozone/integration-test/target/test-dir/MiniOzoneClusterImpl-7cae8434-9510-4e3b-823e-048edbbfad91/datanode-3/data/ratis/d6faa7ce-01d9-46b8-90cf-1a3b3099d9b0 does not exist. Creating ...
2019-09-26 15:56:13,405 [pool-439-thread-1] INFO  storage.RaftStorageDirectory (RaftStorageDirectory.java:tryLock(328)) - Lock on /workdir/hadoop-ozone/integration-test/target/test-dir/MiniOzoneClusterImpl-7cae8434-9510-4e3b-823e-048edbbfad91/datanode-3/data/ratis/d6faa7ce-01d9-46b8-90cf-1a3b3099d9b0/in_use.lock acquired by nodename 7536@pr-hdds-2185-nx5sg-2633547614
2019-09-26 15:56:13,414 [pool-439-thread-1] INFO  storage.RaftStorage (RaftStorage.java:format(72)) - Storage directory /workdir/hadoop-ozone/integration-test/target/test-dir/MiniOzoneClusterImpl-7cae8434-9510-4e3b-823e-048edbbfad91/datanode-3/data/ratis/d6faa7ce-01d9-46b8-90cf-1a3b3099d9b0 has been successfully formatted.
2019-09-26 15:56:13,414 [pool-439-thread-1] INFO  ratis.ContainerStateMachine (ContainerStateMachine.java:loadSnapshot(230)) - group-1A3B3099D9B0: The snapshot info is null. Setting the last applied indexto:(t:0, i:~)
2019-09-26 15:56:13,414 [pool-439-thread-1] INFO  server.RaftServerConfigKeys (ConfUtils.java:logGet(43)) - raft.server.notification.no-leader.timeout = 120s (custom)
2019-09-26 15:56:13,414 [pool-439-thread-1] INFO  server.RaftServerConfigKeys (ConfUtils.java:logGet(43)) - raft.server.log.use.memory = false (default)
2019-09-26 15:56:13,415 [pool-439-thread-1] INFO  server.RaftServerConfigKeys (ConfUtils.java:logGet(43)) - raft.server.log.purge.gap = 1000000 (custom)
2019-09-26 15:56:13,415 [pool-439-thread-1] INFO  server.RaftServerConfigKeys (ConfUtils.java:logGet(43)) - raft.server.log.appender.buffer.byte-limit = 33554432 (custom)
2019-09-26 15:56:13,415 [pool-439-thread-1] INFO  server.RaftServerConfigKeys (ConfUtils.java:logGet(43)) - raft.server.log.segment.size.max = 1048576 (custom)
2019-09-26 15:56:13,415 [pool-439-thread-1] INFO  server.RaftServerConfigKeys (ConfUtils.java:logGet(43)) - raft.server.log.segment.cache.num.max = 2 (custom)
2019-09-26 15:56:13,415 [pool-439-thread-1] INFO  segmented.SegmentedRaftLogWorker (SegmentedRaftLogWorker.java:<init>(172)) - new 9dd345de-fd94-4ade-9113-414a99133fea@group-1A3B3099D9B0-SegmentedRaftLogWorker for RaftStorage:Storage Directory /workdir/hadoop-ozone/integration-test/target/test-dir/MiniOzoneClusterImpl-7cae8434-9510-4e3b-823e-048edbbfad91/datanode-3/data/ratis/d6faa7ce-01d9-46b8-90cf-1a3b3099d9b0
2019-09-26 15:56:13,416 [pool-439-thread-1] INFO  server.RaftServerConfigKeys (ConfUtils.java:logGet(43)) - raft.server.log.queue.byte-limit = 2147483647 (custom)
2019-09-26 15:56:13,417 [pool-439-thread-1] INFO  server.RaftServerConfigKeys (ConfUtils.java:logGet(43)) - raft.server.log.queue.element-limit = 1024 (custom)
2019-09-26 15:56:13,417 [pool-439-thread-1] INFO  server.RaftServerConfigKeys (ConfUtils.java:logGet(43)) - raft.server.log.segment.size.max = 1048576 (custom)
2019-09-26 15:56:13,417 [pool-439-thread-1] INFO  server.RaftServerConfigKeys (ConfUtils.java:logGet(43)) - raft.server.log.preallocated.size = 16384 (custom)
2019-09-26 15:56:13,417 [pool-439-thread-1] INFO  server.RaftServerConfigKeys (ConfUtils.java:logGet(43)) - raft.server.log.write.buffer.size = 33554432 (custom)
2019-09-26 15:56:13,417 [pool-439-thread-1] INFO  server.RaftServerConfigKeys (ConfUtils.java:logGet(43)) - raft.server.log.force.sync.num = 128 (default)
2019-09-26 15:56:13,417 [pool-439-thread-1] INFO  server.RaftServerConfigKeys (ConfUtils.java:logGet(43)) - raft.server.log.statemachine.data.sync = true (default)
2019-09-26 15:56:13,417 [pool-439-thread-1] INFO  server.RaftServerConfigKeys (ConfUtils.java:logGet(43)) - raft.server.log.statemachine.data.sync.timeout = 10s (default)
2019-09-26 15:56:13,418 [pool-439-thread-1] INFO  server.RaftServerConfigKeys (ConfUtils.java:logGet(43)) - raft.server.log.statemachine.data.sync.timeout.retry = -1 (default)
2019-09-26 15:56:13,418 [pool-439-thread-1] INFO  server.RaftServerConfigKeys (ConfUtils.java:logGet(43)) - raft.server.log.statemachine.data.caching.enabled = true (custom)
2019-09-26 15:56:13,418 [pool-439-thread-1] INFO  segmented.SegmentedRaftLogWorker (SegmentedRaftLogWorker.java:lambda$new$0(132)) - 9dd345de-fd94-4ade-9113-414a99133fea@group-1A3B3099D9B0-SegmentedRaftLogWorker: flushIndex: setUnconditionally 0 -> -1
2019-09-26 15:56:13,418 [pool-439-thread-1] INFO  server.RaftServerConfigKeys (ConfUtils.java:logGet(43)) - raft.server.snapshot.auto.trigger.enabled = true (custom)
2019-09-26 15:56:13,418 [pool-439-thread-1] INFO  server.RaftServerConfigKeys (ConfUtils.java:logGet(43)) - raft.server.snapshot.auto.trigger.threshold = 10000 (custom)
2019-09-26 15:56:13,418 [pool-439-thread-1] INFO  server.RaftServerConfigKeys (ConfUtils.java:logGet(43)) - raft.server.snapshot.retention.num.files = 5 (custom)
2019-09-26 15:56:13,419 [pool-439-thread-1] INFO  server.RaftServerConfigKeys (ConfUtils.java:logGet(43)) - raft.server.retrycache.expirytime = 600000ms (custom)
2019-09-26 15:56:13,420 [pool-439-thread-1] INFO  impl.RaftServerImpl (RaftServerImpl.java:start(185)) - 9dd345de-fd94-4ade-9113-414a99133fea@group-1A3B3099D9B0: start as a follower, conf=-1: [9dd345de-fd94-4ade-9113-414a99133fea:192.168.164.210:42557], old=null
2019-09-26 15:56:13,420 [pool-439-thread-1] INFO  impl.RaftServerImpl (RaftServerImpl.java:setRole(174)) - 9dd345de-fd94-4ade-9113-414a99133fea@group-1A3B3099D9B0: changes role from      null to FOLLOWER at term 0 for startAsFollower
2019-09-26 15:56:13,420 [pool-439-thread-1] INFO  impl.RoleInfo (RoleInfo.java:updateAndGet(143)) - 9dd345de-fd94-4ade-9113-414a99133fea: start FollowerState
2019-09-26 15:56:13,421 [pool-439-thread-1] INFO  util.JmxRegister (JmxRegister.java:tryRegister(44)) - Successfully registered JMX Bean with object name Ratis:service=RaftServer,group=group-1A3B3099D9B0,id=9dd345de-fd94-4ade-9113-414a99133fea
2019-09-26 15:56:13,423 [RatisPipelineUtilsThread] INFO  pipeline.PipelineStateManager (PipelineStateManager.java:addPipeline(56)) - Created pipeline Pipeline[ Id: d6faa7ce-01d9-46b8-90cf-1a3b3099d9b0, Nodes: 9dd345de-fd94-4ade-9113-414a99133fea{ip: 192.168.164.210, host: pr-hdds-2185-nx5sg-2633547614, networkLocation: /default-rack, certSerialId: null}, Type:RATIS, Factor:ONE, State:OPEN]
2019-09-26 15:56:13,432 [grpc-default-executor-10] INFO  impl.RaftServerProxy (RaftServerProxy.java:addNew(89)) - 94c8a847-7d00-459a-8381-acafdc795e09: addNew group-749FE6E62B40:[94c8a847-7d00-459a-8381-acafdc795e09:192.168.164.210:39822] returns group-749FE6E62B40:java.util.concurrent.CompletableFuture@342a0d48[Not completed]
2019-09-26 15:56:13,432 [pool-449-thread-1] INFO  impl.RaftServerImpl (RaftServerImpl.java:<init>(95)) - 94c8a847-7d00-459a-8381-acafdc795e09: new RaftServerImpl for group-749FE6E62B40:[94c8a847-7d00-459a-8381-acafdc795e09:192.168.164.210:39822] with ContainerStateMachine:uninitialized
2019-09-26 15:56:13,433 [pool-449-thread-1] INFO  server.RaftServerConfigKeys (ConfUtils.java:logGet(43)) - raft.server.rpc.timeout.min = 5s (custom)
2019-09-26 15:56:13,433 [pool-449-thread-1] INFO  server.RaftServerConfigKeys (ConfUtils.java:logGet(43)) - raft.server.rpc.timeout.max = 5200ms (custom)
2019-09-26 15:56:13,433 [pool-449-thread-1] INFO  server.RaftServerConfigKeys (ConfUtils.java:logGet(43)) - raft.server.rpcslowness.timeout = 120s (custom)
2019-09-26 15:56:13,433 [pool-449-thread-1] INFO  server.RaftServerConfigKeys (ConfUtils.java:logGet(43)) - raft.server.sleep.deviation.threshold = 300 (default)
2019-09-26 15:56:13,433 [pool-449-thread-1] INFO  server.RaftServerConfigKeys (ConfUtils.java:logGet(43)) - raft.server.log.appender.install.snapshot.enabled = false (custom)
2019-09-26 15:56:13,433 [pool-449-thread-1] INFO  impl.RaftServerImpl (ServerState.java:<init>(103)) - 94c8a847-7d00-459a-8381-acafdc795e09@group-749FE6E62B40: ConfigurationManager, init=-1: [94c8a847-7d00-459a-8381-acafdc795e09:192.168.164.210:39822], old=null, confs=<EMPTY_MAP>
2019-09-26 15:56:13,433 [pool-449-thread-1] INFO  server.RaftServerConfigKeys (ConfUtils.java:logGet(43)) - raft.server.storage.dir = [/workdir/hadoop-ozone/integration-test/target/test-dir/MiniOzoneClusterImpl-7cae8434-9510-4e3b-823e-048edbbfad91/datanode-4/data/ratis] (custom)
2019-09-26 15:56:13,434 [pool-449-thread-1] INFO  storage.RaftStorageDirectory (RaftStorageDirectory.java:analyzeStorage(246)) - The storage directory /workdir/hadoop-ozone/integration-test/target/test-dir/MiniOzoneClusterImpl-7cae8434-9510-4e3b-823e-048edbbfad91/datanode-4/data/ratis/6e92f7f1-4a81-40ce-b5c3-749fe6e62b40 does not exist. Creating ...
2019-09-26 15:56:13,446 [pool-449-thread-1] INFO  storage.RaftStorageDirectory (RaftStorageDirectory.java:tryLock(328)) - Lock on /workdir/hadoop-ozone/integration-test/target/test-dir/MiniOzoneClusterImpl-7cae8434-9510-4e3b-823e-048edbbfad91/datanode-4/data/ratis/6e92f7f1-4a81-40ce-b5c3-749fe6e62b40/in_use.lock acquired by nodename 7536@pr-hdds-2185-nx5sg-2633547614
2019-09-26 15:56:13,453 [IPC Server handler 1 on 36810] INFO  net.NetworkTopology (NetworkTopologyImpl.java:add(111)) - Added a new node: /default-rack/df750c94-8ed5-41db-9fb9-c6d6817b974c
2019-09-26 15:56:13,453 [IPC Server handler 1 on 36810] INFO  node.SCMNodeManager (SCMNodeManager.java:register(266)) - Registered Data node : df750c94-8ed5-41db-9fb9-c6d6817b974c{ip: 192.168.164.210, host: pr-hdds-2185-nx5sg-2633547614, networkLocation: /default-rack, certSerialId: null}
2019-09-26 15:56:13,459 [pool-449-thread-1] INFO  storage.RaftStorage (RaftStorage.java:format(72)) - Storage directory /workdir/hadoop-ozone/integration-test/target/test-dir/MiniOzoneClusterImpl-7cae8434-9510-4e3b-823e-048edbbfad91/datanode-4/data/ratis/6e92f7f1-4a81-40ce-b5c3-749fe6e62b40 has been successfully formatted.
2019-09-26 15:56:13,460 [pool-449-thread-1] INFO  ratis.ContainerStateMachine (ContainerStateMachine.java:loadSnapshot(230)) - group-749FE6E62B40: The snapshot info is null. Setting the last applied indexto:(t:0, i:~)
2019-09-26 15:56:13,460 [pool-449-thread-1] INFO  server.RaftServerConfigKeys (ConfUtils.java:logGet(43)) - raft.server.notification.no-leader.timeout = 120s (custom)
2019-09-26 15:56:13,460 [pool-449-thread-1] INFO  server.RaftServerConfigKeys (ConfUtils.java:logGet(43)) - raft.server.log.use.memory = false (default)
2019-09-26 15:56:13,460 [pool-449-thread-1] INFO  server.RaftServerConfigKeys (ConfUtils.java:logGet(43)) - raft.server.log.purge.gap = 1000000 (custom)
2019-09-26 15:56:13,460 [pool-449-thread-1] INFO  server.RaftServerConfigKeys (ConfUtils.java:logGet(43)) - raft.server.log.appender.buffer.byte-limit = 33554432 (custom)
2019-09-26 15:56:13,460 [pool-449-thread-1] INFO  server.RaftServerConfigKeys (ConfUtils.java:logGet(43)) - raft.server.log.segment.size.max = 1048576 (custom)
2019-09-26 15:56:13,460 [pool-449-thread-1] INFO  server.RaftServerConfigKeys (ConfUtils.java:logGet(43)) - raft.server.log.segment.cache.num.max = 2 (custom)
2019-09-26 15:56:13,461 [pool-449-thread-1] INFO  segmented.SegmentedRaftLogWorker (SegmentedRaftLogWorker.java:<init>(172)) - new 94c8a847-7d00-459a-8381-acafdc795e09@group-749FE6E62B40-SegmentedRaftLogWorker for RaftStorage:Storage Directory /workdir/hadoop-ozone/integration-test/target/test-dir/MiniOzoneClusterImpl-7cae8434-9510-4e3b-823e-048edbbfad91/datanode-4/data/ratis/6e92f7f1-4a81-40ce-b5c3-749fe6e62b40
2019-09-26 15:56:13,462 [pool-449-thread-1] INFO  server.RaftServerConfigKeys (ConfUtils.java:logGet(43)) - raft.server.log.queue.byte-limit = 2147483647 (custom)
2019-09-26 15:56:13,462 [pool-449-thread-1] INFO  server.RaftServerConfigKeys (ConfUtils.java:logGet(43)) - raft.server.log.queue.element-limit = 1024 (custom)
2019-09-26 15:56:13,462 [pool-449-thread-1] INFO  server.RaftServerConfigKeys (ConfUtils.java:logGet(43)) - raft.server.log.segment.size.max = 1048576 (custom)
2019-09-26 15:56:13,462 [pool-449-thread-1] INFO  server.RaftServerConfigKeys (ConfUtils.java:logGet(43)) - raft.server.log.preallocated.size = 16384 (custom)
2019-09-26 15:56:13,463 [pool-449-thread-1] INFO  server.RaftServerConfigKeys (ConfUtils.java:logGet(43)) - raft.server.log.write.buffer.size = 33554432 (custom)
2019-09-26 15:56:13,463 [pool-449-thread-1] INFO  server.RaftServerConfigKeys (ConfUtils.java:logGet(43)) - raft.server.log.force.sync.num = 128 (default)
2019-09-26 15:56:13,463 [pool-449-thread-1] INFO  server.RaftServerConfigKeys (ConfUtils.java:logGet(43)) - raft.server.log.statemachine.data.sync = true (default)
2019-09-26 15:56:13,463 [pool-449-thread-1] INFO  server.RaftServerConfigKeys (ConfUtils.java:logGet(43)) - raft.server.log.statemachine.data.sync.timeout = 10s (default)
2019-09-26 15:56:13,463 [pool-449-thread-1] INFO  server.RaftServerConfigKeys (ConfUtils.java:logGet(43)) - raft.server.log.statemachine.data.sync.timeout.retry = -1 (default)
2019-09-26 15:56:13,463 [pool-449-thread-1] INFO  server.RaftServerConfigKeys (ConfUtils.java:logGet(43)) - raft.server.log.statemachine.data.caching.enabled = true (custom)
2019-09-26 15:56:13,463 [pool-449-thread-1] INFO  segmented.SegmentedRaftLogWorker (SegmentedRaftLogWorker.java:lambda$new$0(132)) - 94c8a847-7d00-459a-8381-acafdc795e09@group-749FE6E62B40-SegmentedRaftLogWorker: flushIndex: setUnconditionally 0 -> -1
2019-09-26 15:56:13,464 [pool-449-thread-1] INFO  server.RaftServerConfigKeys (ConfUtils.java:logGet(43)) - raft.server.snapshot.auto.trigger.enabled = true (custom)
2019-09-26 15:56:13,464 [pool-449-thread-1] INFO  server.RaftServerConfigKeys (ConfUtils.java:logGet(43)) - raft.server.snapshot.auto.trigger.threshold = 10000 (custom)
2019-09-26 15:56:13,464 [pool-449-thread-1] INFO  server.RaftServerConfigKeys (ConfUtils.java:logGet(43)) - raft.server.snapshot.retention.num.files = 5 (custom)
2019-09-26 15:56:13,464 [pool-449-thread-1] INFO  server.RaftServerConfigKeys (ConfUtils.java:logGet(43)) - raft.server.retrycache.expirytime = 600000ms (custom)
2019-09-26 15:56:13,466 [pool-449-thread-1] INFO  impl.RaftServerImpl (RaftServerImpl.java:start(185)) - 94c8a847-7d00-459a-8381-acafdc795e09@group-749FE6E62B40: start as a follower, conf=-1: [94c8a847-7d00-459a-8381-acafdc795e09:192.168.164.210:39822], old=null
2019-09-26 15:56:13,466 [pool-449-thread-1] INFO  impl.RaftServerImpl (RaftServerImpl.java:setRole(174)) - 94c8a847-7d00-459a-8381-acafdc795e09@group-749FE6E62B40: changes role from      null to FOLLOWER at term 0 for startAsFollower
2019-09-26 15:56:13,466 [pool-449-thread-1] INFO  impl.RoleInfo (RoleInfo.java:updateAndGet(143)) - 94c8a847-7d00-459a-8381-acafdc795e09: start FollowerState
2019-09-26 15:56:13,479 [pool-449-thread-1] INFO  util.JmxRegister (JmxRegister.java:tryRegister(44)) - Successfully registered JMX Bean with object name Ratis:service=RaftServer,group=group-749FE6E62B40,id=94c8a847-7d00-459a-8381-acafdc795e09
2019-09-26 15:56:13,488 [RatisPipelineUtilsThread] INFO  pipeline.PipelineStateManager (PipelineStateManager.java:addPipeline(56)) - Created pipeline Pipeline[ Id: 6e92f7f1-4a81-40ce-b5c3-749fe6e62b40, Nodes: 94c8a847-7d00-459a-8381-acafdc795e09{ip: 192.168.164.210, host: pr-hdds-2185-nx5sg-2633547614, networkLocation: /default-rack, certSerialId: null}, Type:RATIS, Factor:ONE, State:OPEN]
2019-09-26 15:56:13,496 [grpc-default-executor-10] INFO  impl.RaftServerProxy (RaftServerProxy.java:addNew(89)) - df750c94-8ed5-41db-9fb9-c6d6817b974c: addNew group-D57045B4FE5C:[df750c94-8ed5-41db-9fb9-c6d6817b974c:192.168.164.210:42731] returns group-D57045B4FE5C:java.util.concurrent.CompletableFuture@1ca74f5b[Not completed]
2019-09-26 15:56:13,497 [pool-459-thread-1] INFO  impl.RaftServerImpl (RaftServerImpl.java:<init>(95)) - df750c94-8ed5-41db-9fb9-c6d6817b974c: new RaftServerImpl for group-D57045B4FE5C:[df750c94-8ed5-41db-9fb9-c6d6817b974c:192.168.164.210:42731] with ContainerStateMachine:uninitialized
2019-09-26 15:56:13,497 [pool-459-thread-1] INFO  server.RaftServerConfigKeys (ConfUtils.java:logGet(43)) - raft.server.rpc.timeout.min = 5s (custom)
2019-09-26 15:56:13,497 [pool-459-thread-1] INFO  server.RaftServerConfigKeys (ConfUtils.java:logGet(43)) - raft.server.rpc.timeout.max = 5200ms (custom)
2019-09-26 15:56:13,498 [pool-459-thread-1] INFO  server.RaftServerConfigKeys (ConfUtils.java:logGet(43)) - raft.server.rpcslowness.timeout = 120s (custom)
2019-09-26 15:56:13,498 [pool-459-thread-1] INFO  server.RaftServerConfigKeys (ConfUtils.java:logGet(43)) - raft.server.sleep.deviation.threshold = 300 (default)
2019-09-26 15:56:13,498 [pool-459-thread-1] INFO  server.RaftServerConfigKeys (ConfUtils.java:logGet(43)) - raft.server.log.appender.install.snapshot.enabled = false (custom)
2019-09-26 15:56:13,498 [pool-459-thread-1] INFO  impl.RaftServerImpl (ServerState.java:<init>(103)) - df750c94-8ed5-41db-9fb9-c6d6817b974c@group-D57045B4FE5C: ConfigurationManager, init=-1: [df750c94-8ed5-41db-9fb9-c6d6817b974c:192.168.164.210:42731], old=null, confs=<EMPTY_MAP>
2019-09-26 15:56:13,498 [pool-459-thread-1] INFO  server.RaftServerConfigKeys (ConfUtils.java:logGet(43)) - raft.server.storage.dir = [/workdir/hadoop-ozone/integration-test/target/test-dir/MiniOzoneClusterImpl-7cae8434-9510-4e3b-823e-048edbbfad91/datanode-5/data/ratis] (custom)
2019-09-26 15:56:13,498 [pool-459-thread-1] INFO  storage.RaftStorageDirectory (RaftStorageDirectory.java:analyzeStorage(246)) - The storage directory /workdir/hadoop-ozone/integration-test/target/test-dir/MiniOzoneClusterImpl-7cae8434-9510-4e3b-823e-048edbbfad91/datanode-5/data/ratis/98aff6e6-5b83-40e7-856f-d57045b4fe5c does not exist. Creating ...
2019-09-26 15:56:13,511 [pool-459-thread-1] INFO  storage.RaftStorageDirectory (RaftStorageDirectory.java:tryLock(328)) - Lock on /workdir/hadoop-ozone/integration-test/target/test-dir/MiniOzoneClusterImpl-7cae8434-9510-4e3b-823e-048edbbfad91/datanode-5/data/ratis/98aff6e6-5b83-40e7-856f-d57045b4fe5c/in_use.lock acquired by nodename 7536@pr-hdds-2185-nx5sg-2633547614
2019-09-26 15:56:13,522 [main] INFO  ozone.MiniOzoneClusterImpl (MiniOzoneClusterImpl.java:lambda$waitForClusterToBeReady$0(147)) - Waiting for cluster to be ready. Got 6 of 7 DN Heartbeats.
2019-09-26 15:56:13,522 [IPC Server handler 8 on 36810] INFO  net.NetworkTopology (NetworkTopologyImpl.java:add(111)) - Added a new node: /default-rack/4d72deaa-e4f8-44c8-ab9f-6c87e8443949
2019-09-26 15:56:13,522 [IPC Server handler 8 on 36810] INFO  node.SCMNodeManager (SCMNodeManager.java:register(266)) - Registered Data node : 4d72deaa-e4f8-44c8-ab9f-6c87e8443949{ip: 192.168.164.210, host: pr-hdds-2185-nx5sg-2633547614, networkLocation: /default-rack, certSerialId: null}
2019-09-26 15:56:13,524 [pool-459-thread-1] INFO  storage.RaftStorage (RaftStorage.java:format(72)) - Storage directory /workdir/hadoop-ozone/integration-test/target/test-dir/MiniOzoneClusterImpl-7cae8434-9510-4e3b-823e-048edbbfad91/datanode-5/data/ratis/98aff6e6-5b83-40e7-856f-d57045b4fe5c has been successfully formatted.
2019-09-26 15:56:13,524 [pool-459-thread-1] INFO  ratis.ContainerStateMachine (ContainerStateMachine.java:loadSnapshot(230)) - group-D57045B4FE5C: The snapshot info is null. Setting the last applied indexto:(t:0, i:~)
2019-09-26 15:56:13,524 [pool-459-thread-1] INFO  server.RaftServerConfigKeys (ConfUtils.java:logGet(43)) - raft.server.notification.no-leader.timeout = 120s (custom)
2019-09-26 15:56:13,524 [pool-459-thread-1] INFO  server.RaftServerConfigKeys (ConfUtils.java:logGet(43)) - raft.server.log.use.memory = false (default)
2019-09-26 15:56:13,524 [pool-459-thread-1] INFO  server.RaftServerConfigKeys (ConfUtils.java:logGet(43)) - raft.server.log.purge.gap = 1000000 (custom)
2019-09-26 15:56:13,525 [pool-459-thread-1] INFO  server.RaftServerConfigKeys (ConfUtils.java:logGet(43)) - raft.server.log.appender.buffer.byte-limit = 33554432 (custom)
2019-09-26 15:56:13,525 [pool-459-thread-1] INFO  server.RaftServerConfigKeys (ConfUtils.java:logGet(43)) - raft.server.log.segment.size.max = 1048576 (custom)
2019-09-26 15:56:13,525 [pool-459-thread-1] INFO  server.RaftServerConfigKeys (ConfUtils.java:logGet(43)) - raft.server.log.segment.cache.num.max = 2 (custom)
2019-09-26 15:56:13,525 [pool-459-thread-1] INFO  segmented.SegmentedRaftLogWorker (SegmentedRaftLogWorker.java:<init>(172)) - new df750c94-8ed5-41db-9fb9-c6d6817b974c@group-D57045B4FE5C-SegmentedRaftLogWorker for RaftStorage:Storage Directory /workdir/hadoop-ozone/integration-test/target/test-dir/MiniOzoneClusterImpl-7cae8434-9510-4e3b-823e-048edbbfad91/datanode-5/data/ratis/98aff6e6-5b83-40e7-856f-d57045b4fe5c
2019-09-26 15:56:13,526 [pool-459-thread-1] INFO  server.RaftServerConfigKeys (ConfUtils.java:logGet(43)) - raft.server.log.queue.byte-limit = 2147483647 (custom)
2019-09-26 15:56:13,526 [pool-459-thread-1] INFO  server.RaftServerConfigKeys (ConfUtils.java:logGet(43)) - raft.server.log.queue.element-limit = 1024 (custom)
2019-09-26 15:56:13,526 [pool-459-thread-1] INFO  server.RaftServerConfigKeys (ConfUtils.java:logGet(43)) - raft.server.log.segment.size.max = 1048576 (custom)
2019-09-26 15:56:13,526 [pool-459-thread-1] INFO  server.RaftServerConfigKeys (ConfUtils.java:logGet(43)) - raft.server.log.preallocated.size = 16384 (custom)
2019-09-26 15:56:13,526 [pool-459-thread-1] INFO  server.RaftServerConfigKeys (ConfUtils.java:logGet(43)) - raft.server.log.write.buffer.size = 33554432 (custom)
2019-09-26 15:56:13,527 [pool-459-thread-1] INFO  server.RaftServerConfigKeys (ConfUtils.java:logGet(43)) - raft.server.log.force.sync.num = 128 (default)
2019-09-26 15:56:13,527 [pool-459-thread-1] INFO  server.RaftServerConfigKeys (ConfUtils.java:logGet(43)) - raft.server.log.statemachine.data.sync = true (default)
2019-09-26 15:56:13,527 [pool-459-thread-1] INFO  server.RaftServerConfigKeys (ConfUtils.java:logGet(43)) - raft.server.log.statemachine.data.sync.timeout = 10s (default)
2019-09-26 15:56:13,527 [pool-459-thread-1] INFO  server.RaftServerConfigKeys (ConfUtils.java:logGet(43)) - raft.server.log.statemachine.data.sync.timeout.retry = -1 (default)
2019-09-26 15:56:13,527 [pool-459-thread-1] INFO  server.RaftServerConfigKeys (ConfUtils.java:logGet(43)) - raft.server.log.statemachine.data.caching.enabled = true (custom)
2019-09-26 15:56:13,528 [pool-459-thread-1] INFO  segmented.SegmentedRaftLogWorker (SegmentedRaftLogWorker.java:lambda$new$0(132)) - df750c94-8ed5-41db-9fb9-c6d6817b974c@group-D57045B4FE5C-SegmentedRaftLogWorker: flushIndex: setUnconditionally 0 -> -1
2019-09-26 15:56:13,528 [pool-459-thread-1] INFO  server.RaftServerConfigKeys (ConfUtils.java:logGet(43)) - raft.server.snapshot.auto.trigger.enabled = true (custom)
2019-09-26 15:56:13,529 [pool-459-thread-1] INFO  server.RaftServerConfigKeys (ConfUtils.java:logGet(43)) - raft.server.snapshot.auto.trigger.threshold = 10000 (custom)
2019-09-26 15:56:13,529 [pool-459-thread-1] INFO  server.RaftServerConfigKeys (ConfUtils.java:logGet(43)) - raft.server.snapshot.retention.num.files = 5 (custom)
2019-09-26 15:56:13,529 [pool-459-thread-1] INFO  server.RaftServerConfigKeys (ConfUtils.java:logGet(43)) - raft.server.retrycache.expirytime = 600000ms (custom)
2019-09-26 15:56:13,530 [pool-459-thread-1] INFO  impl.RaftServerImpl (RaftServerImpl.java:start(185)) - df750c94-8ed5-41db-9fb9-c6d6817b974c@group-D57045B4FE5C: start as a follower, conf=-1: [df750c94-8ed5-41db-9fb9-c6d6817b974c:192.168.164.210:42731], old=null
2019-09-26 15:56:13,530 [pool-459-thread-1] INFO  impl.RaftServerImpl (RaftServerImpl.java:setRole(174)) - df750c94-8ed5-41db-9fb9-c6d6817b974c@group-D57045B4FE5C: changes role from      null to FOLLOWER at term 0 for startAsFollower
2019-09-26 15:56:13,530 [pool-459-thread-1] INFO  impl.RoleInfo (RoleInfo.java:updateAndGet(143)) - df750c94-8ed5-41db-9fb9-c6d6817b974c: start FollowerState
2019-09-26 15:56:13,530 [pool-459-thread-1] INFO  util.JmxRegister (JmxRegister.java:tryRegister(44)) - Successfully registered JMX Bean with object name Ratis:service=RaftServer,group=group-D57045B4FE5C,id=df750c94-8ed5-41db-9fb9-c6d6817b974c
2019-09-26 15:56:13,532 [RatisPipelineUtilsThread] INFO  pipeline.PipelineStateManager (PipelineStateManager.java:addPipeline(56)) - Created pipeline Pipeline[ Id: 98aff6e6-5b83-40e7-856f-d57045b4fe5c, Nodes: df750c94-8ed5-41db-9fb9-c6d6817b974c{ip: 192.168.164.210, host: pr-hdds-2185-nx5sg-2633547614, networkLocation: /default-rack, certSerialId: null}, Type:RATIS, Factor:ONE, State:OPEN]
2019-09-26 15:56:13,539 [grpc-default-executor-10] INFO  impl.RaftServerProxy (RaftServerProxy.java:addNew(89)) - 4d72deaa-e4f8-44c8-ab9f-6c87e8443949: addNew group-C8C9DEE15498:[4d72deaa-e4f8-44c8-ab9f-6c87e8443949:192.168.164.210:37876] returns group-C8C9DEE15498:java.util.concurrent.CompletableFuture@1eedd8a[Not completed]
2019-09-26 15:56:13,540 [pool-469-thread-1] INFO  impl.RaftServerImpl (RaftServerImpl.java:<init>(95)) - 4d72deaa-e4f8-44c8-ab9f-6c87e8443949: new RaftServerImpl for group-C8C9DEE15498:[4d72deaa-e4f8-44c8-ab9f-6c87e8443949:192.168.164.210:37876] with ContainerStateMachine:uninitialized
2019-09-26 15:56:13,540 [pool-469-thread-1] INFO  server.RaftServerConfigKeys (ConfUtils.java:logGet(43)) - raft.server.rpc.timeout.min = 5s (custom)
2019-09-26 15:56:13,540 [pool-469-thread-1] INFO  server.RaftServerConfigKeys (ConfUtils.java:logGet(43)) - raft.server.rpc.timeout.max = 5200ms (custom)
2019-09-26 15:56:13,540 [pool-469-thread-1] INFO  server.RaftServerConfigKeys (ConfUtils.java:logGet(43)) - raft.server.rpcslowness.timeout = 120s (custom)
2019-09-26 15:56:13,540 [pool-469-thread-1] INFO  server.RaftServerConfigKeys (ConfUtils.java:logGet(43)) - raft.server.sleep.deviation.threshold = 300 (default)
2019-09-26 15:56:13,541 [pool-469-thread-1] INFO  server.RaftServerConfigKeys (ConfUtils.java:logGet(43)) - raft.server.log.appender.install.snapshot.enabled = false (custom)
2019-09-26 15:56:13,541 [pool-469-thread-1] INFO  impl.RaftServerImpl (ServerState.java:<init>(103)) - 4d72deaa-e4f8-44c8-ab9f-6c87e8443949@group-C8C9DEE15498: ConfigurationManager, init=-1: [4d72deaa-e4f8-44c8-ab9f-6c87e8443949:192.168.164.210:37876], old=null, confs=<EMPTY_MAP>
2019-09-26 15:56:13,541 [pool-469-thread-1] INFO  server.RaftServerConfigKeys (ConfUtils.java:logGet(43)) - raft.server.storage.dir = [/workdir/hadoop-ozone/integration-test/target/test-dir/MiniOzoneClusterImpl-7cae8434-9510-4e3b-823e-048edbbfad91/datanode-6/data/ratis] (custom)
2019-09-26 15:56:13,541 [pool-469-thread-1] INFO  storage.RaftStorageDirectory (RaftStorageDirectory.java:analyzeStorage(246)) - The storage directory /workdir/hadoop-ozone/integration-test/target/test-dir/MiniOzoneClusterImpl-7cae8434-9510-4e3b-823e-048edbbfad91/datanode-6/data/ratis/f22fbf89-d3a5-4359-8b8e-c8c9dee15498 does not exist. Creating ...
2019-09-26 15:56:13,555 [pool-469-thread-1] INFO  storage.RaftStorageDirectory (RaftStorageDirectory.java:tryLock(328)) - Lock on /workdir/hadoop-ozone/integration-test/target/test-dir/MiniOzoneClusterImpl-7cae8434-9510-4e3b-823e-048edbbfad91/datanode-6/data/ratis/f22fbf89-d3a5-4359-8b8e-c8c9dee15498/in_use.lock acquired by nodename 7536@pr-hdds-2185-nx5sg-2633547614
2019-09-26 15:56:13,567 [pool-469-thread-1] INFO  storage.RaftStorage (RaftStorage.java:format(72)) - Storage directory /workdir/hadoop-ozone/integration-test/target/test-dir/MiniOzoneClusterImpl-7cae8434-9510-4e3b-823e-048edbbfad91/datanode-6/data/ratis/f22fbf89-d3a5-4359-8b8e-c8c9dee15498 has been successfully formatted.
2019-09-26 15:56:13,568 [pool-469-thread-1] INFO  ratis.ContainerStateMachine (ContainerStateMachine.java:loadSnapshot(230)) - group-C8C9DEE15498: The snapshot info is null. Setting the last applied indexto:(t:0, i:~)
2019-09-26 15:56:13,568 [pool-469-thread-1] INFO  server.RaftServerConfigKeys (ConfUtils.java:logGet(43)) - raft.server.notification.no-leader.timeout = 120s (custom)
2019-09-26 15:56:13,568 [pool-469-thread-1] INFO  server.RaftServerConfigKeys (ConfUtils.java:logGet(43)) - raft.server.log.use.memory = false (default)
2019-09-26 15:56:13,568 [pool-469-thread-1] INFO  server.RaftServerConfigKeys (ConfUtils.java:logGet(43)) - raft.server.log.purge.gap = 1000000 (custom)
2019-09-26 15:56:13,568 [pool-469-thread-1] INFO  server.RaftServerConfigKeys (ConfUtils.java:logGet(43)) - raft.server.log.appender.buffer.byte-limit = 33554432 (custom)
2019-09-26 15:56:13,568 [pool-469-thread-1] INFO  server.RaftServerConfigKeys (ConfUtils.java:logGet(43)) - raft.server.log.segment.size.max = 1048576 (custom)
2019-09-26 15:56:13,568 [pool-469-thread-1] INFO  server.RaftServerConfigKeys (ConfUtils.java:logGet(43)) - raft.server.log.segment.cache.num.max = 2 (custom)
2019-09-26 15:56:13,569 [pool-469-thread-1] INFO  segmented.SegmentedRaftLogWorker (SegmentedRaftLogWorker.java:<init>(172)) - new 4d72deaa-e4f8-44c8-ab9f-6c87e8443949@group-C8C9DEE15498-SegmentedRaftLogWorker for RaftStorage:Storage Directory /workdir/hadoop-ozone/integration-test/target/test-dir/MiniOzoneClusterImpl-7cae8434-9510-4e3b-823e-048edbbfad91/datanode-6/data/ratis/f22fbf89-d3a5-4359-8b8e-c8c9dee15498
2019-09-26 15:56:13,570 [pool-469-thread-1] INFO  server.RaftServerConfigKeys (ConfUtils.java:logGet(43)) - raft.server.log.queue.byte-limit = 2147483647 (custom)
2019-09-26 15:56:13,570 [pool-469-thread-1] INFO  server.RaftServerConfigKeys (ConfUtils.java:logGet(43)) - raft.server.log.queue.element-limit = 1024 (custom)
2019-09-26 15:56:13,570 [pool-469-thread-1] INFO  server.RaftServerConfigKeys (ConfUtils.java:logGet(43)) - raft.server.log.segment.size.max = 1048576 (custom)
2019-09-26 15:56:13,570 [pool-469-thread-1] INFO  server.RaftServerConfigKeys (ConfUtils.java:logGet(43)) - raft.server.log.preallocated.size = 16384 (custom)
2019-09-26 15:56:13,570 [pool-469-thread-1] INFO  server.RaftServerConfigKeys (ConfUtils.java:logGet(43)) - raft.server.log.write.buffer.size = 33554432 (custom)
2019-09-26 15:56:13,570 [pool-469-thread-1] INFO  server.RaftServerConfigKeys (ConfUtils.java:logGet(43)) - raft.server.log.force.sync.num = 128 (default)
2019-09-26 15:56:13,570 [pool-469-thread-1] INFO  server.RaftServerConfigKeys (ConfUtils.java:logGet(43)) - raft.server.log.statemachine.data.sync = true (default)
2019-09-26 15:56:13,570 [pool-469-thread-1] INFO  server.RaftServerConfigKeys (ConfUtils.java:logGet(43)) - raft.server.log.statemachine.data.sync.timeout = 10s (default)
2019-09-26 15:56:13,570 [pool-469-thread-1] INFO  server.RaftServerConfigKeys (ConfUtils.java:logGet(43)) - raft.server.log.statemachine.data.sync.timeout.retry = -1 (default)
2019-09-26 15:56:13,571 [pool-469-thread-1] INFO  server.RaftServerConfigKeys (ConfUtils.java:logGet(43)) - raft.server.log.statemachine.data.caching.enabled = true (custom)
2019-09-26 15:56:13,571 [pool-469-thread-1] INFO  segmented.SegmentedRaftLogWorker (SegmentedRaftLogWorker.java:lambda$new$0(132)) - 4d72deaa-e4f8-44c8-ab9f-6c87e8443949@group-C8C9DEE15498-SegmentedRaftLogWorker: flushIndex: setUnconditionally 0 -> -1
2019-09-26 15:56:13,571 [pool-469-thread-1] INFO  server.RaftServerConfigKeys (ConfUtils.java:logGet(43)) - raft.server.snapshot.auto.trigger.enabled = true (custom)
2019-09-26 15:56:13,571 [pool-469-thread-1] INFO  server.RaftServerConfigKeys (ConfUtils.java:logGet(43)) - raft.server.snapshot.auto.trigger.threshold = 10000 (custom)
2019-09-26 15:56:13,571 [pool-469-thread-1] INFO  server.RaftServerConfigKeys (ConfUtils.java:logGet(43)) - raft.server.snapshot.retention.num.files = 5 (custom)
2019-09-26 15:56:13,571 [pool-469-thread-1] INFO  server.RaftServerConfigKeys (ConfUtils.java:logGet(43)) - raft.server.retrycache.expirytime = 600000ms (custom)
2019-09-26 15:56:13,572 [pool-469-thread-1] INFO  impl.RaftServerImpl (RaftServerImpl.java:start(185)) - 4d72deaa-e4f8-44c8-ab9f-6c87e8443949@group-C8C9DEE15498: start as a follower, conf=-1: [4d72deaa-e4f8-44c8-ab9f-6c87e8443949:192.168.164.210:37876], old=null
2019-09-26 15:56:13,573 [pool-469-thread-1] INFO  impl.RaftServerImpl (RaftServerImpl.java:setRole(174)) - 4d72deaa-e4f8-44c8-ab9f-6c87e8443949@group-C8C9DEE15498: changes role from      null to FOLLOWER at term 0 for startAsFollower
2019-09-26 15:56:13,573 [pool-469-thread-1] INFO  impl.RoleInfo (RoleInfo.java:updateAndGet(143)) - 4d72deaa-e4f8-44c8-ab9f-6c87e8443949: start FollowerState
2019-09-26 15:56:13,573 [pool-469-thread-1] INFO  util.JmxRegister (JmxRegister.java:tryRegister(44)) - Successfully registered JMX Bean with object name Ratis:service=RaftServer,group=group-C8C9DEE15498,id=4d72deaa-e4f8-44c8-ab9f-6c87e8443949
2019-09-26 15:56:13,575 [RatisPipelineUtilsThread] INFO  pipeline.PipelineStateManager (PipelineStateManager.java:addPipeline(56)) - Created pipeline Pipeline[ Id: f22fbf89-d3a5-4359-8b8e-c8c9dee15498, Nodes: 4d72deaa-e4f8-44c8-ab9f-6c87e8443949{ip: 192.168.164.210, host: pr-hdds-2185-nx5sg-2633547614, networkLocation: /default-rack, certSerialId: null}, Type:RATIS, Factor:ONE, State:OPEN]
2019-09-26 15:56:13,594 [grpc-default-executor-11] INFO  impl.RaftServerProxy (RaftServerProxy.java:addNew(89)) - 94c8a847-7d00-459a-8381-acafdc795e09: addNew group-1F5A0F98849F:[94c8a847-7d00-459a-8381-acafdc795e09:192.168.164.210:39822, 9dd345de-fd94-4ade-9113-414a99133fea:192.168.164.210:42557, df750c94-8ed5-41db-9fb9-c6d6817b974c:192.168.164.210:42731] returns group-1F5A0F98849F:java.util.concurrent.CompletableFuture@c3fd154[Not completed]
2019-09-26 15:56:13,594 [grpc-default-executor-10] INFO  impl.RaftServerProxy (RaftServerProxy.java:addNew(89)) - df750c94-8ed5-41db-9fb9-c6d6817b974c: addNew group-1F5A0F98849F:[94c8a847-7d00-459a-8381-acafdc795e09:192.168.164.210:39822, 9dd345de-fd94-4ade-9113-414a99133fea:192.168.164.210:42557, df750c94-8ed5-41db-9fb9-c6d6817b974c:192.168.164.210:42731] returns group-1F5A0F98849F:java.util.concurrent.CompletableFuture@45fa8f42[Not completed]
2019-09-26 15:56:13,594 [grpc-default-executor-9] INFO  impl.RaftServerProxy (RaftServerProxy.java:addNew(89)) - 9dd345de-fd94-4ade-9113-414a99133fea: addNew group-1F5A0F98849F:[94c8a847-7d00-459a-8381-acafdc795e09:192.168.164.210:39822, 9dd345de-fd94-4ade-9113-414a99133fea:192.168.164.210:42557, df750c94-8ed5-41db-9fb9-c6d6817b974c:192.168.164.210:42731] returns group-1F5A0F98849F:java.util.concurrent.CompletableFuture@4c3ec70[Not completed]
2019-09-26 15:56:13,595 [pool-459-thread-1] INFO  impl.RaftServerImpl (RaftServerImpl.java:<init>(95)) - df750c94-8ed5-41db-9fb9-c6d6817b974c: new RaftServerImpl for group-1F5A0F98849F:[94c8a847-7d00-459a-8381-acafdc795e09:192.168.164.210:39822, 9dd345de-fd94-4ade-9113-414a99133fea:192.168.164.210:42557, df750c94-8ed5-41db-9fb9-c6d6817b974c:192.168.164.210:42731] with ContainerStateMachine:uninitialized
2019-09-26 15:56:13,595 [pool-459-thread-1] INFO  server.RaftServerConfigKeys (ConfUtils.java:logGet(43)) - raft.server.rpc.timeout.min = 5s (custom)
2019-09-26 15:56:13,595 [pool-459-thread-1] INFO  server.RaftServerConfigKeys (ConfUtils.java:logGet(43)) - raft.server.rpc.timeout.max = 5200ms (custom)
2019-09-26 15:56:13,596 [pool-459-thread-1] INFO  server.RaftServerConfigKeys (ConfUtils.java:logGet(43)) - raft.server.rpcslowness.timeout = 120s (custom)
2019-09-26 15:56:13,596 [pool-459-thread-1] INFO  server.RaftServerConfigKeys (ConfUtils.java:logGet(43)) - raft.server.sleep.deviation.threshold = 300 (default)
2019-09-26 15:56:13,596 [pool-459-thread-1] INFO  server.RaftServerConfigKeys (ConfUtils.java:logGet(43)) - raft.server.log.appender.install.snapshot.enabled = false (custom)
2019-09-26 15:56:13,596 [pool-459-thread-1] INFO  impl.RaftServerImpl (ServerState.java:<init>(103)) - df750c94-8ed5-41db-9fb9-c6d6817b974c@group-1F5A0F98849F: ConfigurationManager, init=-1: [94c8a847-7d00-459a-8381-acafdc795e09:192.168.164.210:39822, 9dd345de-fd94-4ade-9113-414a99133fea:192.168.164.210:42557, df750c94-8ed5-41db-9fb9-c6d6817b974c:192.168.164.210:42731], old=null, confs=<EMPTY_MAP>
2019-09-26 15:56:13,596 [pool-439-thread-1] INFO  impl.RaftServerImpl (RaftServerImpl.java:<init>(95)) - 9dd345de-fd94-4ade-9113-414a99133fea: new RaftServerImpl for group-1F5A0F98849F:[94c8a847-7d00-459a-8381-acafdc795e09:192.168.164.210:39822, 9dd345de-fd94-4ade-9113-414a99133fea:192.168.164.210:42557, df750c94-8ed5-41db-9fb9-c6d6817b974c:192.168.164.210:42731] with ContainerStateMachine:uninitialized
2019-09-26 15:56:13,596 [pool-459-thread-1] INFO  server.RaftServerConfigKeys (ConfUtils.java:logGet(43)) - raft.server.storage.dir = [/workdir/hadoop-ozone/integration-test/target/test-dir/MiniOzoneClusterImpl-7cae8434-9510-4e3b-823e-048edbbfad91/datanode-5/data/ratis] (custom)
2019-09-26 15:56:13,596 [pool-439-thread-1] INFO  server.RaftServerConfigKeys (ConfUtils.java:logGet(43)) - raft.server.rpc.timeout.min = 5s (custom)
2019-09-26 15:56:13,596 [pool-439-thread-1] INFO  server.RaftServerConfigKeys (ConfUtils.java:logGet(43)) - raft.server.rpc.timeout.max = 5200ms (custom)
2019-09-26 15:56:13,596 [pool-449-thread-1] INFO  impl.RaftServerImpl (RaftServerImpl.java:<init>(95)) - 94c8a847-7d00-459a-8381-acafdc795e09: new RaftServerImpl for group-1F5A0F98849F:[94c8a847-7d00-459a-8381-acafdc795e09:192.168.164.210:39822, 9dd345de-fd94-4ade-9113-414a99133fea:192.168.164.210:42557, df750c94-8ed5-41db-9fb9-c6d6817b974c:192.168.164.210:42731] with ContainerStateMachine:uninitialized
2019-09-26 15:56:13,596 [pool-459-thread-1] INFO  storage.RaftStorageDirectory (RaftStorageDirectory.java:analyzeStorage(246)) - The storage directory /workdir/hadoop-ozone/integration-test/target/test-dir/MiniOzoneClusterImpl-7cae8434-9510-4e3b-823e-048edbbfad91/datanode-5/data/ratis/15c5a63e-2770-4a70-a088-1f5a0f98849f does not exist. Creating ...
2019-09-26 15:56:13,596 [pool-439-thread-1] INFO  server.RaftServerConfigKeys (ConfUtils.java:logGet(43)) - raft.server.rpcslowness.timeout = 120s (custom)
2019-09-26 15:56:13,596 [pool-449-thread-1] INFO  server.RaftServerConfigKeys (ConfUtils.java:logGet(43)) - raft.server.rpc.timeout.min = 5s (custom)
2019-09-26 15:56:13,597 [pool-439-thread-1] INFO  server.RaftServerConfigKeys (ConfUtils.java:logGet(43)) - raft.server.sleep.deviation.threshold = 300 (default)
2019-09-26 15:56:13,597 [pool-449-thread-1] INFO  server.RaftServerConfigKeys (ConfUtils.java:logGet(43)) - raft.server.rpc.timeout.max = 5200ms (custom)
2019-09-26 15:56:13,597 [pool-439-thread-1] INFO  server.RaftServerConfigKeys (ConfUtils.java:logGet(43)) - raft.server.log.appender.install.snapshot.enabled = false (custom)
2019-09-26 15:56:13,597 [pool-449-thread-1] INFO  server.RaftServerConfigKeys (ConfUtils.java:logGet(43)) - raft.server.rpcslowness.timeout = 120s (custom)
2019-09-26 15:56:13,597 [pool-439-thread-1] INFO  impl.RaftServerImpl (ServerState.java:<init>(103)) - 9dd345de-fd94-4ade-9113-414a99133fea@group-1F5A0F98849F: ConfigurationManager, init=-1: [94c8a847-7d00-459a-8381-acafdc795e09:192.168.164.210:39822, 9dd345de-fd94-4ade-9113-414a99133fea:192.168.164.210:42557, df750c94-8ed5-41db-9fb9-c6d6817b974c:192.168.164.210:42731], old=null, confs=<EMPTY_MAP>
2019-09-26 15:56:13,597 [pool-449-thread-1] INFO  server.RaftServerConfigKeys (ConfUtils.java:logGet(43)) - raft.server.sleep.deviation.threshold = 300 (default)
2019-09-26 15:56:13,597 [pool-439-thread-1] INFO  server.RaftServerConfigKeys (ConfUtils.java:logGet(43)) - raft.server.storage.dir = [/workdir/hadoop-ozone/integration-test/target/test-dir/MiniOzoneClusterImpl-7cae8434-9510-4e3b-823e-048edbbfad91/datanode-3/data/ratis] (custom)
2019-09-26 15:56:13,597 [pool-449-thread-1] INFO  server.RaftServerConfigKeys (ConfUtils.java:logGet(43)) - raft.server.log.appender.install.snapshot.enabled = false (custom)
2019-09-26 15:56:13,597 [pool-449-thread-1] INFO  impl.RaftServerImpl (ServerState.java:<init>(103)) - 94c8a847-7d00-459a-8381-acafdc795e09@group-1F5A0F98849F: ConfigurationManager, init=-1: [94c8a847-7d00-459a-8381-acafdc795e09:192.168.164.210:39822, 9dd345de-fd94-4ade-9113-414a99133fea:192.168.164.210:42557, df750c94-8ed5-41db-9fb9-c6d6817b974c:192.168.164.210:42731], old=null, confs=<EMPTY_MAP>
2019-09-26 15:56:13,597 [pool-449-thread-1] INFO  server.RaftServerConfigKeys (ConfUtils.java:logGet(43)) - raft.server.storage.dir = [/workdir/hadoop-ozone/integration-test/target/test-dir/MiniOzoneClusterImpl-7cae8434-9510-4e3b-823e-048edbbfad91/datanode-4/data/ratis] (custom)
2019-09-26 15:56:13,597 [pool-439-thread-1] INFO  storage.RaftStorageDirectory (RaftStorageDirectory.java:analyzeStorage(246)) - The storage directory /workdir/hadoop-ozone/integration-test/target/test-dir/MiniOzoneClusterImpl-7cae8434-9510-4e3b-823e-048edbbfad91/datanode-3/data/ratis/15c5a63e-2770-4a70-a088-1f5a0f98849f does not exist. Creating ...
2019-09-26 15:56:13,598 [pool-449-thread-1] INFO  storage.RaftStorageDirectory (RaftStorageDirectory.java:analyzeStorage(246)) - The storage directory /workdir/hadoop-ozone/integration-test/target/test-dir/MiniOzoneClusterImpl-7cae8434-9510-4e3b-823e-048edbbfad91/datanode-4/data/ratis/15c5a63e-2770-4a70-a088-1f5a0f98849f does not exist. Creating ...
2019-09-26 15:56:13,603 [pool-449-thread-1] INFO  storage.RaftStorageDirectory (RaftStorageDirectory.java:tryLock(328)) - Lock on /workdir/hadoop-ozone/integration-test/target/test-dir/MiniOzoneClusterImpl-7cae8434-9510-4e3b-823e-048edbbfad91/datanode-4/data/ratis/15c5a63e-2770-4a70-a088-1f5a0f98849f/in_use.lock acquired by nodename 7536@pr-hdds-2185-nx5sg-2633547614
2019-09-26 15:56:13,603 [pool-459-thread-1] INFO  storage.RaftStorageDirectory (RaftStorageDirectory.java:tryLock(328)) - Lock on /workdir/hadoop-ozone/integration-test/target/test-dir/MiniOzoneClusterImpl-7cae8434-9510-4e3b-823e-048edbbfad91/datanode-5/data/ratis/15c5a63e-2770-4a70-a088-1f5a0f98849f/in_use.lock acquired by nodename 7536@pr-hdds-2185-nx5sg-2633547614
2019-09-26 15:56:13,603 [pool-439-thread-1] INFO  storage.RaftStorageDirectory (RaftStorageDirectory.java:tryLock(328)) - Lock on /workdir/hadoop-ozone/integration-test/target/test-dir/MiniOzoneClusterImpl-7cae8434-9510-4e3b-823e-048edbbfad91/datanode-3/data/ratis/15c5a63e-2770-4a70-a088-1f5a0f98849f/in_use.lock acquired by nodename 7536@pr-hdds-2185-nx5sg-2633547614
2019-09-26 15:56:13,616 [pool-439-thread-1] INFO  storage.RaftStorage (RaftStorage.java:format(72)) - Storage directory /workdir/hadoop-ozone/integration-test/target/test-dir/MiniOzoneClusterImpl-7cae8434-9510-4e3b-823e-048edbbfad91/datanode-3/data/ratis/15c5a63e-2770-4a70-a088-1f5a0f98849f has been successfully formatted.
2019-09-26 15:56:13,616 [pool-459-thread-1] INFO  storage.RaftStorage (RaftStorage.java:format(72)) - Storage directory /workdir/hadoop-ozone/integration-test/target/test-dir/MiniOzoneClusterImpl-7cae8434-9510-4e3b-823e-048edbbfad91/datanode-5/data/ratis/15c5a63e-2770-4a70-a088-1f5a0f98849f has been successfully formatted.
2019-09-26 15:56:13,616 [pool-449-thread-1] INFO  storage.RaftStorage (RaftStorage.java:format(72)) - Storage directory /workdir/hadoop-ozone/integration-test/target/test-dir/MiniOzoneClusterImpl-7cae8434-9510-4e3b-823e-048edbbfad91/datanode-4/data/ratis/15c5a63e-2770-4a70-a088-1f5a0f98849f has been successfully formatted.
2019-09-26 15:56:13,616 [pool-439-thread-1] INFO  ratis.ContainerStateMachine (ContainerStateMachine.java:loadSnapshot(230)) - group-1F5A0F98849F: The snapshot info is null. Setting the last applied indexto:(t:0, i:~)
2019-09-26 15:56:13,616 [pool-449-thread-1] INFO  ratis.ContainerStateMachine (ContainerStateMachine.java:loadSnapshot(230)) - group-1F5A0F98849F: The snapshot info is null. Setting the last applied indexto:(t:0, i:~)
2019-09-26 15:56:13,616 [pool-459-thread-1] INFO  ratis.ContainerStateMachine (ContainerStateMachine.java:loadSnapshot(230)) - group-1F5A0F98849F: The snapshot info is null. Setting the last applied indexto:(t:0, i:~)
2019-09-26 15:56:13,617 [pool-449-thread-1] INFO  server.RaftServerConfigKeys (ConfUtils.java:logGet(43)) - raft.server.notification.no-leader.timeout = 120s (custom)
2019-09-26 15:56:13,617 [pool-439-thread-1] INFO  server.RaftServerConfigKeys (ConfUtils.java:logGet(43)) - raft.server.notification.no-leader.timeout = 120s (custom)
2019-09-26 15:56:13,617 [pool-449-thread-1] INFO  server.RaftServerConfigKeys (ConfUtils.java:logGet(43)) - raft.server.log.use.memory = false (default)
2019-09-26 15:56:13,617 [pool-459-thread-1] INFO  server.RaftServerConfigKeys (ConfUtils.java:logGet(43)) - raft.server.notification.no-leader.timeout = 120s (custom)
2019-09-26 15:56:13,617 [pool-449-thread-1] INFO  server.RaftServerConfigKeys (ConfUtils.java:logGet(43)) - raft.server.log.purge.gap = 1000000 (custom)
2019-09-26 15:56:13,617 [pool-439-thread-1] INFO  server.RaftServerConfigKeys (ConfUtils.java:logGet(43)) - raft.server.log.use.memory = false (default)
2019-09-26 15:56:13,617 [pool-449-thread-1] INFO  server.RaftServerConfigKeys (ConfUtils.java:logGet(43)) - raft.server.log.appender.buffer.byte-limit = 33554432 (custom)
2019-09-26 15:56:13,617 [pool-459-thread-1] INFO  server.RaftServerConfigKeys (ConfUtils.java:logGet(43)) - raft.server.log.use.memory = false (default)
2019-09-26 15:56:13,617 [pool-449-thread-1] INFO  server.RaftServerConfigKeys (ConfUtils.java:logGet(43)) - raft.server.log.segment.size.max = 1048576 (custom)
2019-09-26 15:56:13,617 [pool-439-thread-1] INFO  server.RaftServerConfigKeys (ConfUtils.java:logGet(43)) - raft.server.log.purge.gap = 1000000 (custom)
2019-09-26 15:56:13,618 [pool-449-thread-1] INFO  server.RaftServerConfigKeys (ConfUtils.java:logGet(43)) - raft.server.log.segment.cache.num.max = 2 (custom)
2019-09-26 15:56:13,618 [pool-459-thread-1] INFO  server.RaftServerConfigKeys (ConfUtils.java:logGet(43)) - raft.server.log.purge.gap = 1000000 (custom)
2019-09-26 15:56:13,618 [pool-449-thread-1] INFO  segmented.SegmentedRaftLogWorker (SegmentedRaftLogWorker.java:<init>(172)) - new 94c8a847-7d00-459a-8381-acafdc795e09@group-1F5A0F98849F-SegmentedRaftLogWorker for RaftStorage:Storage Directory /workdir/hadoop-ozone/integration-test/target/test-dir/MiniOzoneClusterImpl-7cae8434-9510-4e3b-823e-048edbbfad91/datanode-4/data/ratis/15c5a63e-2770-4a70-a088-1f5a0f98849f
2019-09-26 15:56:13,618 [pool-439-thread-1] INFO  server.RaftServerConfigKeys (ConfUtils.java:logGet(43)) - raft.server.log.appender.buffer.byte-limit = 33554432 (custom)
2019-09-26 15:56:13,618 [pool-449-thread-1] INFO  server.RaftServerConfigKeys (ConfUtils.java:logGet(43)) - raft.server.log.queue.byte-limit = 2147483647 (custom)
2019-09-26 15:56:13,618 [pool-459-thread-1] INFO  server.RaftServerConfigKeys (ConfUtils.java:logGet(43)) - raft.server.log.appender.buffer.byte-limit = 33554432 (custom)
2019-09-26 15:56:13,618 [pool-449-thread-1] INFO  server.RaftServerConfigKeys (ConfUtils.java:logGet(43)) - raft.server.log.queue.element-limit = 1024 (custom)
2019-09-26 15:56:13,618 [pool-439-thread-1] INFO  server.RaftServerConfigKeys (ConfUtils.java:logGet(43)) - raft.server.log.segment.size.max = 1048576 (custom)
2019-09-26 15:56:13,618 [pool-449-thread-1] INFO  server.RaftServerConfigKeys (ConfUtils.java:logGet(43)) - raft.server.log.segment.size.max = 1048576 (custom)
2019-09-26 15:56:13,618 [pool-459-thread-1] INFO  server.RaftServerConfigKeys (ConfUtils.java:logGet(43)) - raft.server.log.segment.size.max = 1048576 (custom)
2019-09-26 15:56:13,619 [pool-449-thread-1] INFO  server.RaftServerConfigKeys (ConfUtils.java:logGet(43)) - raft.server.log.preallocated.size = 16384 (custom)
2019-09-26 15:56:13,619 [pool-439-thread-1] INFO  server.RaftServerConfigKeys (ConfUtils.java:logGet(43)) - raft.server.log.segment.cache.num.max = 2 (custom)
2019-09-26 15:56:13,619 [pool-449-thread-1] INFO  server.RaftServerConfigKeys (ConfUtils.java:logGet(43)) - raft.server.log.write.buffer.size = 33554432 (custom)
2019-09-26 15:56:13,619 [pool-459-thread-1] INFO  server.RaftServerConfigKeys (ConfUtils.java:logGet(43)) - raft.server.log.segment.cache.num.max = 2 (custom)
2019-09-26 15:56:13,619 [pool-449-thread-1] INFO  server.RaftServerConfigKeys (ConfUtils.java:logGet(43)) - raft.server.log.force.sync.num = 128 (default)
2019-09-26 15:56:13,619 [pool-439-thread-1] INFO  segmented.SegmentedRaftLogWorker (SegmentedRaftLogWorker.java:<init>(172)) - new 9dd345de-fd94-4ade-9113-414a99133fea@group-1F5A0F98849F-SegmentedRaftLogWorker for RaftStorage:Storage Directory /workdir/hadoop-ozone/integration-test/target/test-dir/MiniOzoneClusterImpl-7cae8434-9510-4e3b-823e-048edbbfad91/datanode-3/data/ratis/15c5a63e-2770-4a70-a088-1f5a0f98849f
2019-09-26 15:56:13,619 [pool-449-thread-1] INFO  server.RaftServerConfigKeys (ConfUtils.java:logGet(43)) - raft.server.log.statemachine.data.sync = true (default)
2019-09-26 15:56:13,619 [pool-459-thread-1] INFO  segmented.SegmentedRaftLogWorker (SegmentedRaftLogWorker.java:<init>(172)) - new df750c94-8ed5-41db-9fb9-c6d6817b974c@group-1F5A0F98849F-SegmentedRaftLogWorker for RaftStorage:Storage Directory /workdir/hadoop-ozone/integration-test/target/test-dir/MiniOzoneClusterImpl-7cae8434-9510-4e3b-823e-048edbbfad91/datanode-5/data/ratis/15c5a63e-2770-4a70-a088-1f5a0f98849f
2019-09-26 15:56:13,619 [pool-449-thread-1] INFO  server.RaftServerConfigKeys (ConfUtils.java:logGet(43)) - raft.server.log.statemachine.data.sync.timeout = 10s (default)
2019-09-26 15:56:13,619 [pool-439-thread-1] INFO  server.RaftServerConfigKeys (ConfUtils.java:logGet(43)) - raft.server.log.queue.byte-limit = 2147483647 (custom)
2019-09-26 15:56:13,620 [pool-449-thread-1] INFO  server.RaftServerConfigKeys (ConfUtils.java:logGet(43)) - raft.server.log.statemachine.data.sync.timeout.retry = -1 (default)
2019-09-26 15:56:13,619 [pool-459-thread-1] INFO  server.RaftServerConfigKeys (ConfUtils.java:logGet(43)) - raft.server.log.queue.byte-limit = 2147483647 (custom)
2019-09-26 15:56:13,620 [pool-449-thread-1] INFO  server.RaftServerConfigKeys (ConfUtils.java:logGet(43)) - raft.server.log.statemachine.data.caching.enabled = true (custom)
2019-09-26 15:56:13,620 [pool-439-thread-1] INFO  server.RaftServerConfigKeys (ConfUtils.java:logGet(43)) - raft.server.log.queue.element-limit = 1024 (custom)
2019-09-26 15:56:13,620 [pool-459-thread-1] INFO  server.RaftServerConfigKeys (ConfUtils.java:logGet(43)) - raft.server.log.queue.element-limit = 1024 (custom)
2019-09-26 15:56:13,620 [pool-439-thread-1] INFO  server.RaftServerConfigKeys (ConfUtils.java:logGet(43)) - raft.server.log.segment.size.max = 1048576 (custom)
2019-09-26 15:56:13,620 [pool-449-thread-1] INFO  segmented.SegmentedRaftLogWorker (SegmentedRaftLogWorker.java:lambda$new$0(132)) - 94c8a847-7d00-459a-8381-acafdc795e09@group-1F5A0F98849F-SegmentedRaftLogWorker: flushIndex: setUnconditionally 0 -> -1
2019-09-26 15:56:13,620 [pool-439-thread-1] INFO  server.RaftServerConfigKeys (ConfUtils.java:logGet(43)) - raft.server.log.preallocated.size = 16384 (custom)
2019-09-26 15:56:13,620 [pool-459-thread-1] INFO  server.RaftServerConfigKeys (ConfUtils.java:logGet(43)) - raft.server.log.segment.size.max = 1048576 (custom)
2019-09-26 15:56:13,621 [pool-449-thread-1] INFO  server.RaftServerConfigKeys (ConfUtils.java:logGet(43)) - raft.server.snapshot.auto.trigger.enabled = true (custom)
2019-09-26 15:56:13,621 [pool-439-thread-1] INFO  server.RaftServerConfigKeys (ConfUtils.java:logGet(43)) - raft.server.log.write.buffer.size = 33554432 (custom)
2019-09-26 15:56:13,621 [pool-449-thread-1] INFO  server.RaftServerConfigKeys (ConfUtils.java:logGet(43)) - raft.server.snapshot.auto.trigger.threshold = 10000 (custom)
2019-09-26 15:56:13,621 [pool-459-thread-1] INFO  server.RaftServerConfigKeys (ConfUtils.java:logGet(43)) - raft.server.log.preallocated.size = 16384 (custom)
2019-09-26 15:56:13,621 [pool-449-thread-1] INFO  server.RaftServerConfigKeys (ConfUtils.java:logGet(43)) - raft.server.snapshot.retention.num.files = 5 (custom)
2019-09-26 15:56:13,621 [pool-439-thread-1] INFO  server.RaftServerConfigKeys (ConfUtils.java:logGet(43)) - raft.server.log.force.sync.num = 128 (default)
2019-09-26 15:56:13,621 [pool-449-thread-1] INFO  server.RaftServerConfigKeys (ConfUtils.java:logGet(43)) - raft.server.retrycache.expirytime = 600000ms (custom)
2019-09-26 15:56:13,621 [pool-459-thread-1] INFO  server.RaftServerConfigKeys (ConfUtils.java:logGet(43)) - raft.server.log.write.buffer.size = 33554432 (custom)
2019-09-26 15:56:13,621 [pool-439-thread-1] INFO  server.RaftServerConfigKeys (ConfUtils.java:logGet(43)) - raft.server.log.statemachine.data.sync = true (default)
2019-09-26 15:56:13,621 [pool-459-thread-1] INFO  server.RaftServerConfigKeys (ConfUtils.java:logGet(43)) - raft.server.log.force.sync.num = 128 (default)
2019-09-26 15:56:13,622 [pool-439-thread-1] INFO  server.RaftServerConfigKeys (ConfUtils.java:logGet(43)) - raft.server.log.statemachine.data.sync.timeout = 10s (default)
2019-09-26 15:56:13,622 [pool-459-thread-1] INFO  server.RaftServerConfigKeys (ConfUtils.java:logGet(43)) - raft.server.log.statemachine.data.sync = true (default)
2019-09-26 15:56:13,622 [pool-439-thread-1] INFO  server.RaftServerConfigKeys (ConfUtils.java:logGet(43)) - raft.server.log.statemachine.data.sync.timeout.retry = -1 (default)
2019-09-26 15:56:13,622 [pool-459-thread-1] INFO  server.RaftServerConfigKeys (ConfUtils.java:logGet(43)) - raft.server.log.statemachine.data.sync.timeout = 10s (default)
2019-09-26 15:56:13,622 [pool-439-thread-1] INFO  server.RaftServerConfigKeys (ConfUtils.java:logGet(43)) - raft.server.log.statemachine.data.caching.enabled = true (custom)
2019-09-26 15:56:13,622 [pool-459-thread-1] INFO  server.RaftServerConfigKeys (ConfUtils.java:logGet(43)) - raft.server.log.statemachine.data.sync.timeout.retry = -1 (default)
2019-09-26 15:56:13,622 [pool-439-thread-1] INFO  segmented.SegmentedRaftLogWorker (SegmentedRaftLogWorker.java:lambda$new$0(132)) - 9dd345de-fd94-4ade-9113-414a99133fea@group-1F5A0F98849F-SegmentedRaftLogWorker: flushIndex: setUnconditionally 0 -> -1
2019-09-26 15:56:13,622 [pool-459-thread-1] INFO  server.RaftServerConfigKeys (ConfUtils.java:logGet(43)) - raft.server.log.statemachine.data.caching.enabled = true (custom)
2019-09-26 15:56:13,623 [pool-439-thread-1] INFO  server.RaftServerConfigKeys (ConfUtils.java:logGet(43)) - raft.server.snapshot.auto.trigger.enabled = true (custom)
2019-09-26 15:56:13,623 [pool-459-thread-1] INFO  segmented.SegmentedRaftLogWorker (SegmentedRaftLogWorker.java:lambda$new$0(132)) - df750c94-8ed5-41db-9fb9-c6d6817b974c@group-1F5A0F98849F-SegmentedRaftLogWorker: flushIndex: setUnconditionally 0 -> -1
2019-09-26 15:56:13,623 [pool-449-thread-1] INFO  impl.RaftServerImpl (RaftServerImpl.java:start(185)) - 94c8a847-7d00-459a-8381-acafdc795e09@group-1F5A0F98849F: start as a follower, conf=-1: [94c8a847-7d00-459a-8381-acafdc795e09:192.168.164.210:39822, 9dd345de-fd94-4ade-9113-414a99133fea:192.168.164.210:42557, df750c94-8ed5-41db-9fb9-c6d6817b974c:192.168.164.210:42731], old=null
2019-09-26 15:56:13,623 [pool-439-thread-1] INFO  server.RaftServerConfigKeys (ConfUtils.java:logGet(43)) - raft.server.snapshot.auto.trigger.threshold = 10000 (custom)
2019-09-26 15:56:13,623 [pool-459-thread-1] INFO  server.RaftServerConfigKeys (ConfUtils.java:logGet(43)) - raft.server.snapshot.auto.trigger.enabled = true (custom)
2019-09-26 15:56:13,623 [pool-449-thread-1] INFO  impl.RaftServerImpl (RaftServerImpl.java:setRole(174)) - 94c8a847-7d00-459a-8381-acafdc795e09@group-1F5A0F98849F: changes role from      null to FOLLOWER at term 0 for startAsFollower
2019-09-26 15:56:13,623 [pool-459-thread-1] INFO  server.RaftServerConfigKeys (ConfUtils.java:logGet(43)) - raft.server.snapshot.auto.trigger.threshold = 10000 (custom)
2019-09-26 15:56:13,623 [pool-439-thread-1] INFO  server.RaftServerConfigKeys (ConfUtils.java:logGet(43)) - raft.server.snapshot.retention.num.files = 5 (custom)
2019-09-26 15:56:13,623 [pool-459-thread-1] INFO  server.RaftServerConfigKeys (ConfUtils.java:logGet(43)) - raft.server.snapshot.retention.num.files = 5 (custom)
2019-09-26 15:56:13,623 [pool-449-thread-1] INFO  impl.RoleInfo (RoleInfo.java:updateAndGet(143)) - 94c8a847-7d00-459a-8381-acafdc795e09: start FollowerState
2019-09-26 15:56:13,624 [pool-459-thread-1] INFO  server.RaftServerConfigKeys (ConfUtils.java:logGet(43)) - raft.server.retrycache.expirytime = 600000ms (custom)
2019-09-26 15:56:13,623 [pool-439-thread-1] INFO  server.RaftServerConfigKeys (ConfUtils.java:logGet(43)) - raft.server.retrycache.expirytime = 600000ms (custom)
2019-09-26 15:56:13,624 [pool-449-thread-1] INFO  util.JmxRegister (JmxRegister.java:tryRegister(44)) - Successfully registered JMX Bean with object name Ratis:service=RaftServer,group=group-1F5A0F98849F,id=94c8a847-7d00-459a-8381-acafdc795e09
2019-09-26 15:56:13,626 [pool-459-thread-1] INFO  impl.RaftServerImpl (RaftServerImpl.java:start(185)) - df750c94-8ed5-41db-9fb9-c6d6817b974c@group-1F5A0F98849F: start as a follower, conf=-1: [94c8a847-7d00-459a-8381-acafdc795e09:192.168.164.210:39822, 9dd345de-fd94-4ade-9113-414a99133fea:192.168.164.210:42557, df750c94-8ed5-41db-9fb9-c6d6817b974c:192.168.164.210:42731], old=null
2019-09-26 15:56:13,626 [pool-439-thread-1] INFO  impl.RaftServerImpl (RaftServerImpl.java:start(185)) - 9dd345de-fd94-4ade-9113-414a99133fea@group-1F5A0F98849F: start as a follower, conf=-1: [94c8a847-7d00-459a-8381-acafdc795e09:192.168.164.210:39822, 9dd345de-fd94-4ade-9113-414a99133fea:192.168.164.210:42557, df750c94-8ed5-41db-9fb9-c6d6817b974c:192.168.164.210:42731], old=null
2019-09-26 15:56:13,626 [pool-459-thread-1] INFO  impl.RaftServerImpl (RaftServerImpl.java:setRole(174)) - df750c94-8ed5-41db-9fb9-c6d6817b974c@group-1F5A0F98849F: changes role from      null to FOLLOWER at term 0 for startAsFollower
2019-09-26 15:56:13,626 [pool-439-thread-1] INFO  impl.RaftServerImpl (RaftServerImpl.java:setRole(174)) - 9dd345de-fd94-4ade-9113-414a99133fea@group-1F5A0F98849F: changes role from      null to FOLLOWER at term 0 for startAsFollower
2019-09-26 15:56:13,626 [pool-459-thread-1] INFO  impl.RoleInfo (RoleInfo.java:updateAndGet(143)) - df750c94-8ed5-41db-9fb9-c6d6817b974c: start FollowerState
2019-09-26 15:56:13,626 [pool-439-thread-1] INFO  impl.RoleInfo (RoleInfo.java:updateAndGet(143)) - 9dd345de-fd94-4ade-9113-414a99133fea: start FollowerState
2019-09-26 15:56:13,626 [pool-459-thread-1] INFO  util.JmxRegister (JmxRegister.java:tryRegister(44)) - Successfully registered JMX Bean with object name Ratis:service=RaftServer,group=group-1F5A0F98849F,id=df750c94-8ed5-41db-9fb9-c6d6817b974c
2019-09-26 15:56:13,626 [pool-439-thread-1] INFO  util.JmxRegister (JmxRegister.java:tryRegister(44)) - Successfully registered JMX Bean with object name Ratis:service=RaftServer,group=group-1F5A0F98849F,id=9dd345de-fd94-4ade-9113-414a99133fea
2019-09-26 15:56:13,630 [RatisPipelineUtilsThread] INFO  pipeline.PipelineStateManager (PipelineStateManager.java:addPipeline(56)) - Created pipeline Pipeline[ Id: 15c5a63e-2770-4a70-a088-1f5a0f98849f, Nodes: 9dd345de-fd94-4ade-9113-414a99133fea{ip: 192.168.164.210, host: pr-hdds-2185-nx5sg-2633547614, networkLocation: /default-rack, certSerialId: null}df750c94-8ed5-41db-9fb9-c6d6817b974c{ip: 192.168.164.210, host: pr-hdds-2185-nx5sg-2633547614, networkLocation: /default-rack, certSerialId: null}94c8a847-7d00-459a-8381-acafdc795e09{ip: 192.168.164.210, host: pr-hdds-2185-nx5sg-2633547614, networkLocation: /default-rack, certSerialId: null}, Type:RATIS, Factor:THREE, State:OPEN]
2019-09-26 15:56:14,522 [main] INFO  ozone.MiniOzoneClusterImpl (MiniOzoneClusterImpl.java:lambda$waitForClusterToBeReady$0(147)) - Cluster is ready. Got 7 of 7 DN Heartbeats.
2019-09-26 15:56:14,563 [main] INFO  rpc.RpcClient (RpcClient.java:createVolume(276)) - Creating Volume: testblockoutputstream, with jenkins1000 as owner.
2019-09-26 15:56:14,567 [IPC Server handler 2 on 42609] INFO  volume.OMVolumeCreateRequest (OMVolumeCreateRequest.java:validateAndUpdateCache(194)) - created volume:testblockoutputstream for user:jenkins1000
2019-09-26 15:56:14,593 [main] INFO  rpc.RpcClient (RpcClient.java:createBucket(415)) - Creating Bucket: testblockoutputstream/testblockoutputstream, with Versioning false and Storage Type set to DISK and Encryption set to false 
2019-09-26 15:56:16,154 [Thread-2902] INFO  container.ReplicationManager (ReplicationManager.java:start(162)) - Starting Replication Monitor Thread.
2019-09-26 15:56:16,157 [ReplicationMonitor] INFO  container.ReplicationManager (ReplicationManager.java:run(225)) - Replication Monitor Thread took 0 milliseconds for processing 1 containers.
2019-09-26 15:56:18,299 [Thread-2907] INFO  impl.FollowerState (FollowerState.java:run(106)) - 68000851-4b27-431c-8824-c5fb9d655992:group-E0A1BFEE1375 changes to CANDIDATE, lastRpcTime:5033, electionTimeout:5033ms
2019-09-26 15:56:18,300 [Thread-2907] INFO  impl.RoleInfo (RoleInfo.java:shutdownFollowerState(121)) - 68000851-4b27-431c-8824-c5fb9d655992: shutdown FollowerState
2019-09-26 15:56:18,301 [Thread-2907] INFO  impl.RaftServerImpl (RaftServerImpl.java:setRole(174)) - 68000851-4b27-431c-8824-c5fb9d655992@group-E0A1BFEE1375: changes role from  FOLLOWER to CANDIDATE at term 0 for changeToCandidate
2019-09-26 15:56:18,301 [Thread-2907] INFO  impl.RoleInfo (RoleInfo.java:updateAndGet(143)) - 68000851-4b27-431c-8824-c5fb9d655992: start LeaderElection
2019-09-26 15:56:18,324 [Thread-2904] INFO  impl.FollowerState (FollowerState.java:run(106)) - 4a94d0f0-a72e-405b-8a88-9ffe81034942:group-2A2144CBE6BF changes to CANDIDATE, lastRpcTime:5112, electionTimeout:5112ms
2019-09-26 15:56:18,324 [Thread-2904] INFO  impl.RoleInfo (RoleInfo.java:shutdownFollowerState(121)) - 4a94d0f0-a72e-405b-8a88-9ffe81034942: shutdown FollowerState
2019-09-26 15:56:18,324 [Thread-2904] INFO  impl.RaftServerImpl (RaftServerImpl.java:setRole(174)) - 4a94d0f0-a72e-405b-8a88-9ffe81034942@group-2A2144CBE6BF: changes role from  FOLLOWER to CANDIDATE at term 0 for changeToCandidate
2019-09-26 15:56:18,324 [Thread-2904] INFO  impl.RoleInfo (RoleInfo.java:updateAndGet(143)) - 4a94d0f0-a72e-405b-8a88-9ffe81034942: start LeaderElection
2019-09-26 15:56:18,330 [68000851-4b27-431c-8824-c5fb9d655992@group-E0A1BFEE1375:LeaderElection53] INFO  impl.LeaderElection (LeaderElection.java:askForVotes(182)) - 68000851-4b27-431c-8824-c5fb9d655992@group-E0A1BFEE1375:LeaderElection53: begin an election at term 1 for -1: [68000851-4b27-431c-8824-c5fb9d655992:192.168.164.210:37105], old=null
2019-09-26 15:56:18,331 [68000851-4b27-431c-8824-c5fb9d655992@group-E0A1BFEE1375:LeaderElection53] INFO  impl.RoleInfo (RoleInfo.java:shutdownLeaderElection(134)) - 68000851-4b27-431c-8824-c5fb9d655992: shutdown LeaderElection
2019-09-26 15:56:18,331 [68000851-4b27-431c-8824-c5fb9d655992@group-E0A1BFEE1375:LeaderElection53] INFO  impl.RaftServerImpl (RaftServerImpl.java:setRole(174)) - 68000851-4b27-431c-8824-c5fb9d655992@group-E0A1BFEE1375: changes role from CANDIDATE to LEADER at term 1 for changeToLeader
2019-09-26 15:56:18,331 [68000851-4b27-431c-8824-c5fb9d655992@group-E0A1BFEE1375:LeaderElection53] INFO  impl.RaftServerImpl (ServerState.java:setLeader(253)) - 68000851-4b27-431c-8824-c5fb9d655992@group-E0A1BFEE1375: change Leader from null to 68000851-4b27-431c-8824-c5fb9d655992 at term 1 for becomeLeader, leader elected after 5071ms
2019-09-26 15:56:18,331 [68000851-4b27-431c-8824-c5fb9d655992@group-E0A1BFEE1375:LeaderElection53] INFO  server.RaftServerConfigKeys (ConfUtils.java:logGet(43)) - raft.server.staging.catchup.gap = 1000 (default)
2019-09-26 15:56:18,332 [68000851-4b27-431c-8824-c5fb9d655992@group-E0A1BFEE1375:LeaderElection53] INFO  server.RaftServerConfigKeys (ConfUtils.java:logGet(43)) - raft.server.rpc.sleep.time = 25ms (default)
2019-09-26 15:56:18,332 [68000851-4b27-431c-8824-c5fb9d655992@group-E0A1BFEE1375:LeaderElection53] INFO  server.RaftServerConfigKeys (ConfUtils.java:logGet(43)) - raft.server.write.element-limit = 4096 (default)
2019-09-26 15:56:18,332 [68000851-4b27-431c-8824-c5fb9d655992@group-E0A1BFEE1375:LeaderElection53] INFO  server.RaftServerConfigKeys (ConfUtils.java:logGet(43)) - raft.server.watch.timeout = 10s (default)
2019-09-26 15:56:18,333 [68000851-4b27-431c-8824-c5fb9d655992@group-E0A1BFEE1375:LeaderElection53] INFO  server.RaftServerConfigKeys (ConfUtils.java:logGet(43)) - raft.server.watch.timeout.denomination = 1s (default)
2019-09-26 15:56:18,333 [68000851-4b27-431c-8824-c5fb9d655992@group-E0A1BFEE1375:LeaderElection53] INFO  server.RaftServerConfigKeys (ConfUtils.java:logGet(43)) - raft.server.watch.element-limit = 65536 (default)
2019-09-26 15:56:18,338 [68000851-4b27-431c-8824-c5fb9d655992@group-E0A1BFEE1375:LeaderElection53] INFO  impl.RoleInfo (RoleInfo.java:updateAndGet(143)) - 68000851-4b27-431c-8824-c5fb9d655992: start LeaderState
2019-09-26 15:56:18,338 [Thread-2910] INFO  impl.FollowerState (FollowerState.java:run(106)) - 4928e14d-160d-4293-8792-856e6c51102f:group-B377E196E36B changes to CANDIDATE, lastRpcTime:5028, electionTimeout:5028ms
2019-09-26 15:56:18,338 [68000851-4b27-431c-8824-c5fb9d655992@group-E0A1BFEE1375:LeaderElection53] INFO  segmented.SegmentedRaftLogWorker (SegmentedRaftLogWorker.java:startLogSegment(380)) - 68000851-4b27-431c-8824-c5fb9d655992@group-E0A1BFEE1375-SegmentedRaftLogWorker: Starting segment from index:0
2019-09-26 15:56:18,338 [Thread-2910] INFO  impl.RoleInfo (RoleInfo.java:shutdownFollowerState(121)) - 4928e14d-160d-4293-8792-856e6c51102f: shutdown FollowerState
2019-09-26 15:56:18,339 [Thread-2910] INFO  impl.RaftServerImpl (RaftServerImpl.java:setRole(174)) - 4928e14d-160d-4293-8792-856e6c51102f@group-B377E196E36B: changes role from  FOLLOWER to CANDIDATE at term 0 for changeToCandidate
2019-09-26 15:56:18,339 [Thread-2910] INFO  impl.RoleInfo (RoleInfo.java:updateAndGet(143)) - 4928e14d-160d-4293-8792-856e6c51102f: start LeaderElection
2019-09-26 15:56:18,343 [68000851-4b27-431c-8824-c5fb9d655992@group-E0A1BFEE1375:LeaderElection53] INFO  impl.RaftServerImpl (ServerState.java:setRaftConf(354)) - 68000851-4b27-431c-8824-c5fb9d655992@group-E0A1BFEE1375: set configuration 0: [68000851-4b27-431c-8824-c5fb9d655992:192.168.164.210:37105], old=null at 0
2019-09-26 15:56:18,343 [4a94d0f0-a72e-405b-8a88-9ffe81034942@group-2A2144CBE6BF:LeaderElection54] INFO  impl.LeaderElection (LeaderElection.java:askForVotes(182)) - 4a94d0f0-a72e-405b-8a88-9ffe81034942@group-2A2144CBE6BF:LeaderElection54: begin an election at term 1 for -1: [4a94d0f0-a72e-405b-8a88-9ffe81034942:192.168.164.210:45821], old=null
2019-09-26 15:56:18,343 [4a94d0f0-a72e-405b-8a88-9ffe81034942@group-2A2144CBE6BF:LeaderElection54] INFO  impl.RoleInfo (RoleInfo.java:shutdownLeaderElection(134)) - 4a94d0f0-a72e-405b-8a88-9ffe81034942: shutdown LeaderElection
2019-09-26 15:56:18,343 [4a94d0f0-a72e-405b-8a88-9ffe81034942@group-2A2144CBE6BF:LeaderElection54] INFO  impl.RaftServerImpl (RaftServerImpl.java:setRole(174)) - 4a94d0f0-a72e-405b-8a88-9ffe81034942@group-2A2144CBE6BF: changes role from CANDIDATE to LEADER at term 1 for changeToLeader
2019-09-26 15:56:18,343 [4a94d0f0-a72e-405b-8a88-9ffe81034942@group-2A2144CBE6BF:LeaderElection54] INFO  impl.RaftServerImpl (ServerState.java:setLeader(253)) - 4a94d0f0-a72e-405b-8a88-9ffe81034942@group-2A2144CBE6BF: change Leader from null to 4a94d0f0-a72e-405b-8a88-9ffe81034942 at term 1 for becomeLeader, leader elected after 5138ms
2019-09-26 15:56:18,344 [4a94d0f0-a72e-405b-8a88-9ffe81034942@group-2A2144CBE6BF:LeaderElection54] INFO  server.RaftServerConfigKeys (ConfUtils.java:logGet(43)) - raft.server.staging.catchup.gap = 1000 (default)
2019-09-26 15:56:18,344 [4a94d0f0-a72e-405b-8a88-9ffe81034942@group-2A2144CBE6BF:LeaderElection54] INFO  server.RaftServerConfigKeys (ConfUtils.java:logGet(43)) - raft.server.rpc.sleep.time = 25ms (default)
2019-09-26 15:56:18,344 [4a94d0f0-a72e-405b-8a88-9ffe81034942@group-2A2144CBE6BF:LeaderElection54] INFO  server.RaftServerConfigKeys (ConfUtils.java:logGet(43)) - raft.server.write.element-limit = 4096 (default)
2019-09-26 15:56:18,344 [4a94d0f0-a72e-405b-8a88-9ffe81034942@group-2A2144CBE6BF:LeaderElection54] INFO  server.RaftServerConfigKeys (ConfUtils.java:logGet(43)) - raft.server.watch.timeout = 10s (default)
2019-09-26 15:56:18,344 [4a94d0f0-a72e-405b-8a88-9ffe81034942@group-2A2144CBE6BF:LeaderElection54] INFO  server.RaftServerConfigKeys (ConfUtils.java:logGet(43)) - raft.server.watch.timeout.denomination = 1s (default)
2019-09-26 15:56:18,344 [4a94d0f0-a72e-405b-8a88-9ffe81034942@group-2A2144CBE6BF:LeaderElection54] INFO  server.RaftServerConfigKeys (ConfUtils.java:logGet(43)) - raft.server.watch.element-limit = 65536 (default)
2019-09-26 15:56:18,345 [4a94d0f0-a72e-405b-8a88-9ffe81034942@group-2A2144CBE6BF:LeaderElection54] INFO  impl.RoleInfo (RoleInfo.java:updateAndGet(143)) - 4a94d0f0-a72e-405b-8a88-9ffe81034942: start LeaderState
2019-09-26 15:56:18,345 [4a94d0f0-a72e-405b-8a88-9ffe81034942@group-2A2144CBE6BF:LeaderElection54] INFO  segmented.SegmentedRaftLogWorker (SegmentedRaftLogWorker.java:startLogSegment(380)) - 4a94d0f0-a72e-405b-8a88-9ffe81034942@group-2A2144CBE6BF-SegmentedRaftLogWorker: Starting segment from index:0
2019-09-26 15:56:18,345 [4a94d0f0-a72e-405b-8a88-9ffe81034942@group-2A2144CBE6BF:LeaderElection54] INFO  impl.RaftServerImpl (ServerState.java:setRaftConf(354)) - 4a94d0f0-a72e-405b-8a88-9ffe81034942@group-2A2144CBE6BF: set configuration 0: [4a94d0f0-a72e-405b-8a88-9ffe81034942:192.168.164.210:45821], old=null at 0
2019-09-26 15:56:18,346 [4928e14d-160d-4293-8792-856e6c51102f@group-B377E196E36B:LeaderElection55] INFO  impl.LeaderElection (LeaderElection.java:askForVotes(182)) - 4928e14d-160d-4293-8792-856e6c51102f@group-B377E196E36B:LeaderElection55: begin an election at term 1 for -1: [4928e14d-160d-4293-8792-856e6c51102f:192.168.164.210:38684], old=null
2019-09-26 15:56:18,346 [4928e14d-160d-4293-8792-856e6c51102f@group-B377E196E36B:LeaderElection55] INFO  impl.RoleInfo (RoleInfo.java:shutdownLeaderElection(134)) - 4928e14d-160d-4293-8792-856e6c51102f: shutdown LeaderElection
2019-09-26 15:56:18,346 [4928e14d-160d-4293-8792-856e6c51102f@group-B377E196E36B:LeaderElection55] INFO  impl.RaftServerImpl (RaftServerImpl.java:setRole(174)) - 4928e14d-160d-4293-8792-856e6c51102f@group-B377E196E36B: changes role from CANDIDATE to LEADER at term 1 for changeToLeader
2019-09-26 15:56:18,346 [4928e14d-160d-4293-8792-856e6c51102f@group-B377E196E36B:LeaderElection55] INFO  impl.RaftServerImpl (ServerState.java:setLeader(253)) - 4928e14d-160d-4293-8792-856e6c51102f@group-B377E196E36B: change Leader from null to 4928e14d-160d-4293-8792-856e6c51102f at term 1 for becomeLeader, leader elected after 5041ms
2019-09-26 15:56:18,346 [4928e14d-160d-4293-8792-856e6c51102f@group-B377E196E36B:LeaderElection55] INFO  server.RaftServerConfigKeys (ConfUtils.java:logGet(43)) - raft.server.staging.catchup.gap = 1000 (default)
2019-09-26 15:56:18,346 [4928e14d-160d-4293-8792-856e6c51102f@group-B377E196E36B:LeaderElection55] INFO  server.RaftServerConfigKeys (ConfUtils.java:logGet(43)) - raft.server.rpc.sleep.time = 25ms (default)
2019-09-26 15:56:18,346 [4928e14d-160d-4293-8792-856e6c51102f@group-B377E196E36B:LeaderElection55] INFO  server.RaftServerConfigKeys (ConfUtils.java:logGet(43)) - raft.server.write.element-limit = 4096 (default)
2019-09-26 15:56:18,347 [4928e14d-160d-4293-8792-856e6c51102f@group-B377E196E36B:LeaderElection55] INFO  server.RaftServerConfigKeys (ConfUtils.java:logGet(43)) - raft.server.watch.timeout = 10s (default)
2019-09-26 15:56:18,347 [4928e14d-160d-4293-8792-856e6c51102f@group-B377E196E36B:LeaderElection55] INFO  server.RaftServerConfigKeys (ConfUtils.java:logGet(43)) - raft.server.watch.timeout.denomination = 1s (default)
2019-09-26 15:56:18,347 [4928e14d-160d-4293-8792-856e6c51102f@group-B377E196E36B:LeaderElection55] INFO  server.RaftServerConfigKeys (ConfUtils.java:logGet(43)) - raft.server.watch.element-limit = 65536 (default)
2019-09-26 15:56:18,348 [4928e14d-160d-4293-8792-856e6c51102f@group-B377E196E36B:LeaderElection55] INFO  impl.RoleInfo (RoleInfo.java:updateAndGet(143)) - 4928e14d-160d-4293-8792-856e6c51102f: start LeaderState
2019-09-26 15:56:18,348 [4928e14d-160d-4293-8792-856e6c51102f@group-B377E196E36B:LeaderElection55] INFO  segmented.SegmentedRaftLogWorker (SegmentedRaftLogWorker.java:startLogSegment(380)) - 4928e14d-160d-4293-8792-856e6c51102f@group-B377E196E36B-SegmentedRaftLogWorker: Starting segment from index:0
2019-09-26 15:56:18,348 [4928e14d-160d-4293-8792-856e6c51102f@group-B377E196E36B:LeaderElection55] INFO  impl.RaftServerImpl (ServerState.java:setRaftConf(354)) - 4928e14d-160d-4293-8792-856e6c51102f@group-B377E196E36B: set configuration 0: [4928e14d-160d-4293-8792-856e6c51102f:192.168.164.210:38684], old=null at 0
2019-09-26 15:56:18,383 [68000851-4b27-431c-8824-c5fb9d655992@group-E0A1BFEE1375-SegmentedRaftLogWorker] INFO  segmented.SegmentedRaftLogWorker (SegmentedRaftLogWorker.java:execute(569)) - 68000851-4b27-431c-8824-c5fb9d655992@group-E0A1BFEE1375-SegmentedRaftLogWorker: created new log segment /workdir/hadoop-ozone/integration-test/target/test-dir/MiniOzoneClusterImpl-7cae8434-9510-4e3b-823e-048edbbfad91/datanode-1/data/ratis/6083c749-43c5-4ec1-a918-e0a1bfee1375/current/log_inprogress_0
2019-09-26 15:56:18,383 [4a94d0f0-a72e-405b-8a88-9ffe81034942@group-2A2144CBE6BF-SegmentedRaftLogWorker] INFO  segmented.SegmentedRaftLogWorker (SegmentedRaftLogWorker.java:execute(569)) - 4a94d0f0-a72e-405b-8a88-9ffe81034942@group-2A2144CBE6BF-SegmentedRaftLogWorker: created new log segment /workdir/hadoop-ozone/integration-test/target/test-dir/MiniOzoneClusterImpl-7cae8434-9510-4e3b-823e-048edbbfad91/datanode-0/data/ratis/6fa496dc-9807-42de-9a3c-2a2144cbe6bf/current/log_inprogress_0
2019-09-26 15:56:18,383 [4928e14d-160d-4293-8792-856e6c51102f@group-B377E196E36B-SegmentedRaftLogWorker] INFO  segmented.SegmentedRaftLogWorker (SegmentedRaftLogWorker.java:execute(569)) - 4928e14d-160d-4293-8792-856e6c51102f@group-B377E196E36B-SegmentedRaftLogWorker: created new log segment /workdir/hadoop-ozone/integration-test/target/test-dir/MiniOzoneClusterImpl-7cae8434-9510-4e3b-823e-048edbbfad91/datanode-2/data/ratis/931f8f1e-86ce-4ac9-bb9e-b377e196e36b/current/log_inprogress_0
2019-09-26 15:56:18,477 [Thread-2917] INFO  impl.FollowerState (FollowerState.java:run(106)) - 4a94d0f0-a72e-405b-8a88-9ffe81034942:group-B902FF815E8A changes to CANDIDATE, lastRpcTime:5103, electionTimeout:5103ms
2019-09-26 15:56:18,477 [Thread-2917] INFO  impl.RoleInfo (RoleInfo.java:shutdownFollowerState(121)) - 4a94d0f0-a72e-405b-8a88-9ffe81034942: shutdown FollowerState
2019-09-26 15:56:18,477 [Thread-2917] INFO  impl.RaftServerImpl (RaftServerImpl.java:setRole(174)) - 4a94d0f0-a72e-405b-8a88-9ffe81034942@group-B902FF815E8A: changes role from  FOLLOWER to CANDIDATE at term 0 for changeToCandidate
2019-09-26 15:56:18,477 [Thread-2917] INFO  impl.RoleInfo (RoleInfo.java:updateAndGet(143)) - 4a94d0f0-a72e-405b-8a88-9ffe81034942: start LeaderElection
2019-09-26 15:56:18,490 [Thread-2922] INFO  impl.FollowerState (FollowerState.java:run(106)) - 9dd345de-fd94-4ade-9113-414a99133fea:group-1A3B3099D9B0 changes to CANDIDATE, lastRpcTime:5069, electionTimeout:5069ms
2019-09-26 15:56:18,490 [Thread-2922] INFO  impl.RoleInfo (RoleInfo.java:shutdownFollowerState(121)) - 9dd345de-fd94-4ade-9113-414a99133fea: shutdown FollowerState
2019-09-26 15:56:18,490 [Thread-2922] INFO  impl.RaftServerImpl (RaftServerImpl.java:setRole(174)) - 9dd345de-fd94-4ade-9113-414a99133fea@group-1A3B3099D9B0: changes role from  FOLLOWER to CANDIDATE at term 0 for changeToCandidate
2019-09-26 15:56:18,490 [Thread-2922] INFO  impl.RoleInfo (RoleInfo.java:updateAndGet(143)) - 9dd345de-fd94-4ade-9113-414a99133fea: start LeaderElection
2019-09-26 15:56:18,504 [4a94d0f0-a72e-405b-8a88-9ffe81034942@group-B902FF815E8A:LeaderElection56] INFO  impl.LeaderElection (LeaderElection.java:askForVotes(182)) - 4a94d0f0-a72e-405b-8a88-9ffe81034942@group-B902FF815E8A:LeaderElection56: begin an election at term 1 for -1: [4a94d0f0-a72e-405b-8a88-9ffe81034942:192.168.164.210:45821, 68000851-4b27-431c-8824-c5fb9d655992:192.168.164.210:37105, 4928e14d-160d-4293-8792-856e6c51102f:192.168.164.210:38684], old=null
2019-09-26 15:56:18,509 [Thread-2913] INFO  impl.FollowerState (FollowerState.java:run(106)) - 4928e14d-160d-4293-8792-856e6c51102f:group-B902FF815E8A changes to CANDIDATE, lastRpcTime:5138, electionTimeout:5138ms
2019-09-26 15:56:18,509 [Thread-2913] INFO  impl.RoleInfo (RoleInfo.java:shutdownFollowerState(121)) - 4928e14d-160d-4293-8792-856e6c51102f: shutdown FollowerState
2019-09-26 15:56:18,509 [Thread-2913] INFO  impl.RaftServerImpl (RaftServerImpl.java:setRole(174)) - 4928e14d-160d-4293-8792-856e6c51102f@group-B902FF815E8A: changes role from  FOLLOWER to CANDIDATE at term 0 for changeToCandidate
2019-09-26 15:56:18,509 [Thread-2913] INFO  impl.RoleInfo (RoleInfo.java:updateAndGet(143)) - 4928e14d-160d-4293-8792-856e6c51102f: start LeaderElection
2019-09-26 15:56:18,513 [grpc-default-executor-10] INFO  impl.RaftServerImpl (RaftServerImpl.java:setRole(174)) - 68000851-4b27-431c-8824-c5fb9d655992@group-B902FF815E8A: changes role from  FOLLOWER to FOLLOWER at term 1 for recognizeCandidate:4a94d0f0-a72e-405b-8a88-9ffe81034942
2019-09-26 15:56:18,513 [grpc-default-executor-10] INFO  impl.RoleInfo (RoleInfo.java:shutdownFollowerState(121)) - 68000851-4b27-431c-8824-c5fb9d655992: shutdown FollowerState
2019-09-26 15:56:18,513 [grpc-default-executor-10] INFO  impl.RoleInfo (RoleInfo.java:updateAndGet(143)) - 68000851-4b27-431c-8824-c5fb9d655992: start FollowerState
2019-09-26 15:56:18,513 [Thread-2918] INFO  impl.FollowerState (FollowerState.java:run(115)) - 68000851-4b27-431c-8824-c5fb9d655992: FollowerState was interrupted: java.lang.InterruptedException: sleep interrupted
2019-09-26 15:56:18,517 [4928e14d-160d-4293-8792-856e6c51102f@group-B902FF815E8A:LeaderElection58] INFO  impl.LeaderElection (LeaderElection.java:askForVotes(182)) - 4928e14d-160d-4293-8792-856e6c51102f@group-B902FF815E8A:LeaderElection58: begin an election at term 1 for -1: [4a94d0f0-a72e-405b-8a88-9ffe81034942:192.168.164.210:45821, 68000851-4b27-431c-8824-c5fb9d655992:192.168.164.210:37105, 4928e14d-160d-4293-8792-856e6c51102f:192.168.164.210:38684], old=null
2019-09-26 15:56:18,517 [9dd345de-fd94-4ade-9113-414a99133fea@group-1A3B3099D9B0:LeaderElection57] INFO  impl.LeaderElection (LeaderElection.java:askForVotes(182)) - 9dd345de-fd94-4ade-9113-414a99133fea@group-1A3B3099D9B0:LeaderElection57: begin an election at term 1 for -1: [9dd345de-fd94-4ade-9113-414a99133fea:192.168.164.210:42557], old=null
2019-09-26 15:56:18,519 [9dd345de-fd94-4ade-9113-414a99133fea@group-1A3B3099D9B0:LeaderElection57] INFO  impl.RoleInfo (RoleInfo.java:shutdownLeaderElection(134)) - 9dd345de-fd94-4ade-9113-414a99133fea: shutdown LeaderElection
2019-09-26 15:56:18,519 [9dd345de-fd94-4ade-9113-414a99133fea@group-1A3B3099D9B0:LeaderElection57] INFO  impl.RaftServerImpl (RaftServerImpl.java:setRole(174)) - 9dd345de-fd94-4ade-9113-414a99133fea@group-1A3B3099D9B0: changes role from CANDIDATE to LEADER at term 1 for changeToLeader
2019-09-26 15:56:18,519 [9dd345de-fd94-4ade-9113-414a99133fea@group-1A3B3099D9B0:LeaderElection57] INFO  impl.RaftServerImpl (ServerState.java:setLeader(253)) - 9dd345de-fd94-4ade-9113-414a99133fea@group-1A3B3099D9B0: change Leader from null to 9dd345de-fd94-4ade-9113-414a99133fea at term 1 for becomeLeader, leader elected after 5104ms
2019-09-26 15:56:18,519 [9dd345de-fd94-4ade-9113-414a99133fea@group-1A3B3099D9B0:LeaderElection57] INFO  server.RaftServerConfigKeys (ConfUtils.java:logGet(43)) - raft.server.staging.catchup.gap = 1000 (default)
2019-09-26 15:56:18,519 [9dd345de-fd94-4ade-9113-414a99133fea@group-1A3B3099D9B0:LeaderElection57] INFO  server.RaftServerConfigKeys (ConfUtils.java:logGet(43)) - raft.server.rpc.sleep.time = 25ms (default)
2019-09-26 15:56:18,519 [9dd345de-fd94-4ade-9113-414a99133fea@group-1A3B3099D9B0:LeaderElection57] INFO  server.RaftServerConfigKeys (ConfUtils.java:logGet(43)) - raft.server.write.element-limit = 4096 (default)
2019-09-26 15:56:18,519 [9dd345de-fd94-4ade-9113-414a99133fea@group-1A3B3099D9B0:LeaderElection57] INFO  server.RaftServerConfigKeys (ConfUtils.java:logGet(43)) - raft.server.watch.timeout = 10s (default)
2019-09-26 15:56:18,520 [9dd345de-fd94-4ade-9113-414a99133fea@group-1A3B3099D9B0:LeaderElection57] INFO  server.RaftServerConfigKeys (ConfUtils.java:logGet(43)) - raft.server.watch.timeout.denomination = 1s (default)
2019-09-26 15:56:18,520 [9dd345de-fd94-4ade-9113-414a99133fea@group-1A3B3099D9B0:LeaderElection57] INFO  server.RaftServerConfigKeys (ConfUtils.java:logGet(43)) - raft.server.watch.element-limit = 65536 (default)
2019-09-26 15:56:18,520 [4a94d0f0-a72e-405b-8a88-9ffe81034942@group-B902FF815E8A:LeaderElection56] INFO  impl.LeaderElection (LeaderElection.java:logAndReturn(56)) - 4a94d0f0-a72e-405b-8a88-9ffe81034942@group-B902FF815E8A:LeaderElection56: Election PASSED; received 2 response(s) [4a94d0f0-a72e-405b-8a88-9ffe81034942<-68000851-4b27-431c-8824-c5fb9d655992#0:OK-t1, 4a94d0f0-a72e-405b-8a88-9ffe81034942<-4928e14d-160d-4293-8792-856e6c51102f#0:FAIL-t1] and 0 exception(s); 4a94d0f0-a72e-405b-8a88-9ffe81034942@group-B902FF815E8A:t1, leader=null, voted=4a94d0f0-a72e-405b-8a88-9ffe81034942, raftlog=4a94d0f0-a72e-405b-8a88-9ffe81034942@group-B902FF815E8A-SegmentedRaftLog:OPENED:c-1,f-1,i0, conf=-1: [4a94d0f0-a72e-405b-8a88-9ffe81034942:192.168.164.210:45821, 68000851-4b27-431c-8824-c5fb9d655992:192.168.164.210:37105, 4928e14d-160d-4293-8792-856e6c51102f:192.168.164.210:38684], old=null
2019-09-26 15:56:18,520 [4a94d0f0-a72e-405b-8a88-9ffe81034942@group-B902FF815E8A:LeaderElection56] INFO  impl.RoleInfo (RoleInfo.java:shutdownLeaderElection(134)) - 4a94d0f0-a72e-405b-8a88-9ffe81034942: shutdown LeaderElection
2019-09-26 15:56:18,520 [4a94d0f0-a72e-405b-8a88-9ffe81034942@group-B902FF815E8A:LeaderElection56] INFO  impl.RaftServerImpl (RaftServerImpl.java:setRole(174)) - 4a94d0f0-a72e-405b-8a88-9ffe81034942@group-B902FF815E8A: changes role from CANDIDATE to LEADER at term 1 for changeToLeader
2019-09-26 15:56:18,520 [4a94d0f0-a72e-405b-8a88-9ffe81034942@group-B902FF815E8A:LeaderElection56] INFO  impl.RaftServerImpl (ServerState.java:setLeader(253)) - 4a94d0f0-a72e-405b-8a88-9ffe81034942@group-B902FF815E8A: change Leader from null to 4a94d0f0-a72e-405b-8a88-9ffe81034942 at term 1 for becomeLeader, leader elected after 5158ms
2019-09-26 15:56:18,520 [4a94d0f0-a72e-405b-8a88-9ffe81034942@group-B902FF815E8A:LeaderElection56] INFO  server.RaftServerConfigKeys (ConfUtils.java:logGet(43)) - raft.server.staging.catchup.gap = 1000 (default)
2019-09-26 15:56:18,520 [4a94d0f0-a72e-405b-8a88-9ffe81034942@group-B902FF815E8A:LeaderElection56] INFO  server.RaftServerConfigKeys (ConfUtils.java:logGet(43)) - raft.server.rpc.sleep.time = 25ms (default)
2019-09-26 15:56:18,521 [4a94d0f0-a72e-405b-8a88-9ffe81034942@group-B902FF815E8A:LeaderElection56] INFO  server.RaftServerConfigKeys (ConfUtils.java:logGet(43)) - raft.server.write.element-limit = 4096 (default)
2019-09-26 15:56:18,521 [4a94d0f0-a72e-405b-8a88-9ffe81034942@group-B902FF815E8A:LeaderElection56] INFO  server.RaftServerConfigKeys (ConfUtils.java:logGet(43)) - raft.server.watch.timeout = 10s (default)
2019-09-26 15:56:18,521 [4a94d0f0-a72e-405b-8a88-9ffe81034942@group-B902FF815E8A:LeaderElection56] INFO  server.RaftServerConfigKeys (ConfUtils.java:logGet(43)) - raft.server.watch.timeout.denomination = 1s (default)
2019-09-26 15:56:18,521 [4a94d0f0-a72e-405b-8a88-9ffe81034942@group-B902FF815E8A:LeaderElection56] INFO  server.RaftServerConfigKeys (ConfUtils.java:logGet(43)) - raft.server.watch.element-limit = 65536 (default)
2019-09-26 15:56:18,524 [9dd345de-fd94-4ade-9113-414a99133fea@group-1A3B3099D9B0:LeaderElection57] INFO  impl.RoleInfo (RoleInfo.java:updateAndGet(143)) - 9dd345de-fd94-4ade-9113-414a99133fea: start LeaderState
2019-09-26 15:56:18,532 [9dd345de-fd94-4ade-9113-414a99133fea@group-1A3B3099D9B0:LeaderElection57] INFO  segmented.SegmentedRaftLogWorker (SegmentedRaftLogWorker.java:startLogSegment(380)) - 9dd345de-fd94-4ade-9113-414a99133fea@group-1A3B3099D9B0-SegmentedRaftLogWorker: Starting segment from index:0
2019-09-26 15:56:18,532 [4a94d0f0-a72e-405b-8a88-9ffe81034942@group-B902FF815E8A:LeaderElection56] INFO  server.RaftServerConfigKeys (ConfUtils.java:logGet(43)) - raft.server.log.appender.snapshot.chunk.size.max = 16MB (=16777216) (default)
2019-09-26 15:56:18,534 [9dd345de-fd94-4ade-9113-414a99133fea@group-1A3B3099D9B0:LeaderElection57] INFO  impl.RaftServerImpl (ServerState.java:setRaftConf(354)) - 9dd345de-fd94-4ade-9113-414a99133fea@group-1A3B3099D9B0: set configuration 0: [9dd345de-fd94-4ade-9113-414a99133fea:192.168.164.210:42557], old=null at 0
2019-09-26 15:56:18,535 [4a94d0f0-a72e-405b-8a88-9ffe81034942@group-B902FF815E8A:LeaderElection56] INFO  server.RaftServerConfigKeys (ConfUtils.java:logGet(43)) - raft.server.log.appender.buffer.byte-limit = 33554432 (custom)
2019-09-26 15:56:18,559 [Thread-2928] INFO  impl.FollowerState (FollowerState.java:run(106)) - df750c94-8ed5-41db-9fb9-c6d6817b974c:group-D57045B4FE5C changes to CANDIDATE, lastRpcTime:5028, electionTimeout:5007ms
2019-09-26 15:56:18,559 [4a94d0f0-a72e-405b-8a88-9ffe81034942@group-B902FF815E8A:LeaderElection56] INFO  server.RaftServerConfigKeys (ConfUtils.java:logGet(43)) - raft.server.log.appender.buffer.element-limit = 1 (custom)
2019-09-26 15:56:18,559 [Thread-2928] INFO  impl.RoleInfo (RoleInfo.java:shutdownFollowerState(121)) - df750c94-8ed5-41db-9fb9-c6d6817b974c: shutdown FollowerState
2019-09-26 15:56:18,559 [Thread-2925] INFO  impl.FollowerState (FollowerState.java:run(106)) - 94c8a847-7d00-459a-8381-acafdc795e09:group-749FE6E62B40 changes to CANDIDATE, lastRpcTime:5092, electionTimeout:5080ms
2019-09-26 15:56:18,559 [4a94d0f0-a72e-405b-8a88-9ffe81034942@group-B902FF815E8A:LeaderElection56] INFO  grpc.GrpcConfigKeys$Server (ConfUtils.java:logGet(43)) - raft.grpc.server.leader.outstanding.appends.max = 128 (default)
2019-09-26 15:56:18,559 [Thread-2928] INFO  impl.RaftServerImpl (RaftServerImpl.java:setRole(174)) - df750c94-8ed5-41db-9fb9-c6d6817b974c@group-D57045B4FE5C: changes role from  FOLLOWER to CANDIDATE at term 0 for changeToCandidate
2019-09-26 15:56:18,559 [4a94d0f0-a72e-405b-8a88-9ffe81034942@group-B902FF815E8A:LeaderElection56] INFO  server.RaftServerConfigKeys (ConfUtils.java:logGet(43)) - raft.server.rpc.request.timeout = 3000ms (default)
2019-09-26 15:56:18,559 [Thread-2925] INFO  impl.RoleInfo (RoleInfo.java:shutdownFollowerState(121)) - 94c8a847-7d00-459a-8381-acafdc795e09: shutdown FollowerState
2019-09-26 15:56:18,560 [4a94d0f0-a72e-405b-8a88-9ffe81034942@group-B902FF815E8A:LeaderElection56] INFO  server.RaftServerConfigKeys (ConfUtils.java:logGet(43)) - raft.server.log.appender.install.snapshot.enabled = false (custom)
2019-09-26 15:56:18,559 [Thread-2928] INFO  impl.RoleInfo (RoleInfo.java:updateAndGet(143)) - df750c94-8ed5-41db-9fb9-c6d6817b974c: start LeaderElection
2019-09-26 15:56:18,560 [4a94d0f0-a72e-405b-8a88-9ffe81034942@group-B902FF815E8A:LeaderElection56] INFO  server.RaftServerConfigKeys (ConfUtils.java:logGet(43)) - raft.server.log.appender.snapshot.chunk.size.max = 16MB (=16777216) (default)
2019-09-26 15:56:18,560 [Thread-2925] INFO  impl.RaftServerImpl (RaftServerImpl.java:setRole(174)) - 94c8a847-7d00-459a-8381-acafdc795e09@group-749FE6E62B40: changes role from  FOLLOWER to CANDIDATE at term 0 for changeToCandidate
2019-09-26 15:56:18,560 [4a94d0f0-a72e-405b-8a88-9ffe81034942@group-B902FF815E8A:LeaderElection56] INFO  server.RaftServerConfigKeys (ConfUtils.java:logGet(43)) - raft.server.log.appender.buffer.byte-limit = 33554432 (custom)
2019-09-26 15:56:18,564 [Thread-2925] INFO  impl.RoleInfo (RoleInfo.java:updateAndGet(143)) - 94c8a847-7d00-459a-8381-acafdc795e09: start LeaderElection
2019-09-26 15:56:18,564 [4a94d0f0-a72e-405b-8a88-9ffe81034942@group-B902FF815E8A:LeaderElection56] INFO  server.RaftServerConfigKeys (ConfUtils.java:logGet(43)) - raft.server.log.appender.buffer.element-limit = 1 (custom)
2019-09-26 15:56:18,565 [4a94d0f0-a72e-405b-8a88-9ffe81034942@group-B902FF815E8A:LeaderElection56] INFO  grpc.GrpcConfigKeys$Server (ConfUtils.java:logGet(43)) - raft.grpc.server.leader.outstanding.appends.max = 128 (default)
2019-09-26 15:56:18,567 [4a94d0f0-a72e-405b-8a88-9ffe81034942@group-B902FF815E8A:LeaderElection56] INFO  server.RaftServerConfigKeys (ConfUtils.java:logGet(43)) - raft.server.rpc.request.timeout = 3000ms (default)
2019-09-26 15:56:18,569 [4a94d0f0-a72e-405b-8a88-9ffe81034942@group-B902FF815E8A:LeaderElection56] INFO  server.RaftServerConfigKeys (ConfUtils.java:logGet(43)) - raft.server.log.appender.install.snapshot.enabled = false (custom)
2019-09-26 15:56:18,569 [4a94d0f0-a72e-405b-8a88-9ffe81034942@group-B902FF815E8A:LeaderElection56] INFO  impl.RoleInfo (RoleInfo.java:updateAndGet(143)) - 4a94d0f0-a72e-405b-8a88-9ffe81034942: start LeaderState
2019-09-26 15:56:18,569 [4a94d0f0-a72e-405b-8a88-9ffe81034942@group-B902FF815E8A:LeaderElection56] INFO  segmented.SegmentedRaftLogWorker (SegmentedRaftLogWorker.java:startLogSegment(380)) - 4a94d0f0-a72e-405b-8a88-9ffe81034942@group-B902FF815E8A-SegmentedRaftLogWorker: Starting segment from index:0
2019-09-26 15:56:18,570 [4a94d0f0-a72e-405b-8a88-9ffe81034942@group-B902FF815E8A:LeaderElection56] INFO  impl.RaftServerImpl (ServerState.java:setRaftConf(354)) - 4a94d0f0-a72e-405b-8a88-9ffe81034942@group-B902FF815E8A: set configuration 0: [4a94d0f0-a72e-405b-8a88-9ffe81034942:192.168.164.210:45821, 68000851-4b27-431c-8824-c5fb9d655992:192.168.164.210:37105, 4928e14d-160d-4293-8792-856e6c51102f:192.168.164.210:38684], old=null at 0
2019-09-26 15:56:18,572 [9dd345de-fd94-4ade-9113-414a99133fea@group-1A3B3099D9B0-SegmentedRaftLogWorker] INFO  segmented.SegmentedRaftLogWorker (SegmentedRaftLogWorker.java:execute(569)) - 9dd345de-fd94-4ade-9113-414a99133fea@group-1A3B3099D9B0-SegmentedRaftLogWorker: created new log segment /workdir/hadoop-ozone/integration-test/target/test-dir/MiniOzoneClusterImpl-7cae8434-9510-4e3b-823e-048edbbfad91/datanode-3/data/ratis/d6faa7ce-01d9-46b8-90cf-1a3b3099d9b0/current/log_inprogress_0
2019-09-26 15:56:18,572 [grpc-default-executor-9] INFO  impl.RaftServerImpl (RaftServerImpl.java:requestVote(758)) - 4a94d0f0-a72e-405b-8a88-9ffe81034942@group-B902FF815E8A-   LEADER: Withhold vote from candidate 4928e14d-160d-4293-8792-856e6c51102f with term 1. State: leader=4a94d0f0-a72e-405b-8a88-9ffe81034942, term=1, lastRpcElapsed=null
2019-09-26 15:56:18,572 [df750c94-8ed5-41db-9fb9-c6d6817b974c@group-D57045B4FE5C:LeaderElection59] INFO  impl.LeaderElection (LeaderElection.java:askForVotes(182)) - df750c94-8ed5-41db-9fb9-c6d6817b974c@group-D57045B4FE5C:LeaderElection59: begin an election at term 1 for -1: [df750c94-8ed5-41db-9fb9-c6d6817b974c:192.168.164.210:42731], old=null
2019-09-26 15:56:18,572 [df750c94-8ed5-41db-9fb9-c6d6817b974c@group-D57045B4FE5C:LeaderElection59] INFO  impl.RoleInfo (RoleInfo.java:shutdownLeaderElection(134)) - df750c94-8ed5-41db-9fb9-c6d6817b974c: shutdown LeaderElection
2019-09-26 15:56:18,572 [df750c94-8ed5-41db-9fb9-c6d6817b974c@group-D57045B4FE5C:LeaderElection59] INFO  impl.RaftServerImpl (RaftServerImpl.java:setRole(174)) - df750c94-8ed5-41db-9fb9-c6d6817b974c@group-D57045B4FE5C: changes role from CANDIDATE to LEADER at term 1 for changeToLeader
2019-09-26 15:56:18,572 [df750c94-8ed5-41db-9fb9-c6d6817b974c@group-D57045B4FE5C:LeaderElection59] INFO  impl.RaftServerImpl (ServerState.java:setLeader(253)) - df750c94-8ed5-41db-9fb9-c6d6817b974c@group-D57045B4FE5C: change Leader from null to df750c94-8ed5-41db-9fb9-c6d6817b974c at term 1 for becomeLeader, leader elected after 5048ms
2019-09-26 15:56:18,572 [94c8a847-7d00-459a-8381-acafdc795e09@group-749FE6E62B40:LeaderElection60] INFO  impl.LeaderElection (LeaderElection.java:askForVotes(182)) - 94c8a847-7d00-459a-8381-acafdc795e09@group-749FE6E62B40:LeaderElection60: begin an election at term 1 for -1: [94c8a847-7d00-459a-8381-acafdc795e09:192.168.164.210:39822], old=null
2019-09-26 15:56:18,573 [df750c94-8ed5-41db-9fb9-c6d6817b974c@group-D57045B4FE5C:LeaderElection59] INFO  server.RaftServerConfigKeys (ConfUtils.java:logGet(43)) - raft.server.staging.catchup.gap = 1000 (default)
2019-09-26 15:56:18,573 [94c8a847-7d00-459a-8381-acafdc795e09@group-749FE6E62B40:LeaderElection60] INFO  impl.RoleInfo (RoleInfo.java:shutdownLeaderElection(134)) - 94c8a847-7d00-459a-8381-acafdc795e09: shutdown LeaderElection
2019-09-26 15:56:18,573 [df750c94-8ed5-41db-9fb9-c6d6817b974c@group-D57045B4FE5C:LeaderElection59] INFO  server.RaftServerConfigKeys (ConfUtils.java:logGet(43)) - raft.server.rpc.sleep.time = 25ms (default)
2019-09-26 15:56:18,573 [grpc-default-executor-10] INFO  impl.RaftServerImpl (RaftServerImpl.java:setRole(174)) - 4928e14d-160d-4293-8792-856e6c51102f@group-B902FF815E8A: changes role from CANDIDATE to FOLLOWER at term 1 for appendEntries
2019-09-26 15:56:18,573 [94c8a847-7d00-459a-8381-acafdc795e09@group-749FE6E62B40:LeaderElection60] INFO  impl.RaftServerImpl (RaftServerImpl.java:setRole(174)) - 94c8a847-7d00-459a-8381-acafdc795e09@group-749FE6E62B40: changes role from CANDIDATE to LEADER at term 1 for changeToLeader
2019-09-26 15:56:18,599 [grpc-default-executor-10] INFO  impl.RoleInfo (RoleInfo.java:shutdownLeaderElection(134)) - 4928e14d-160d-4293-8792-856e6c51102f: shutdown LeaderElection
2019-09-26 15:56:18,599 [df750c94-8ed5-41db-9fb9-c6d6817b974c@group-D57045B4FE5C:LeaderElection59] INFO  server.RaftServerConfigKeys (ConfUtils.java:logGet(43)) - raft.server.write.element-limit = 4096 (default)
2019-09-26 15:56:18,598 [grpc-default-executor-9] INFO  impl.RaftServerImpl (ServerState.java:setLeader(253)) - 68000851-4b27-431c-8824-c5fb9d655992@group-B902FF815E8A: change Leader from null to 4a94d0f0-a72e-405b-8a88-9ffe81034942 at term 1 for appendEntries, leader elected after 5236ms
2019-09-26 15:56:18,599 [df750c94-8ed5-41db-9fb9-c6d6817b974c@group-D57045B4FE5C:LeaderElection59] INFO  server.RaftServerConfigKeys (ConfUtils.java:logGet(43)) - raft.server.watch.timeout = 10s (default)
2019-09-26 15:56:18,599 [grpc-default-executor-10] INFO  impl.RoleInfo (RoleInfo.java:updateAndGet(143)) - 4928e14d-160d-4293-8792-856e6c51102f: start FollowerState
2019-09-26 15:56:18,599 [4928e14d-160d-4293-8792-856e6c51102f@group-B902FF815E8A:LeaderElection58] INFO  impl.LeaderElection (LeaderElection.java:logAndReturn(56)) - 4928e14d-160d-4293-8792-856e6c51102f@group-B902FF815E8A:LeaderElection58: Election REJECTED; received 2 response(s) [4928e14d-160d-4293-8792-856e6c51102f<-4a94d0f0-a72e-405b-8a88-9ffe81034942#0:FAIL-t1, 4928e14d-160d-4293-8792-856e6c51102f<-68000851-4b27-431c-8824-c5fb9d655992#0:FAIL-t1] and 0 exception(s); 4928e14d-160d-4293-8792-856e6c51102f@group-B902FF815E8A:t1, leader=null, voted=4928e14d-160d-4293-8792-856e6c51102f, raftlog=4928e14d-160d-4293-8792-856e6c51102f@group-B902FF815E8A-SegmentedRaftLog:OPENED:c-1,f-1,i0, conf=-1: [4a94d0f0-a72e-405b-8a88-9ffe81034942:192.168.164.210:45821, 68000851-4b27-431c-8824-c5fb9d655992:192.168.164.210:37105, 4928e14d-160d-4293-8792-856e6c51102f:192.168.164.210:38684], old=null
2019-09-26 15:56:18,599 [94c8a847-7d00-459a-8381-acafdc795e09@group-749FE6E62B40:LeaderElection60] INFO  impl.RaftServerImpl (ServerState.java:setLeader(253)) - 94c8a847-7d00-459a-8381-acafdc795e09@group-749FE6E62B40: change Leader from null to 94c8a847-7d00-459a-8381-acafdc795e09 at term 1 for becomeLeader, leader elected after 5138ms
2019-09-26 15:56:18,599 [df750c94-8ed5-41db-9fb9-c6d6817b974c@group-D57045B4FE5C:LeaderElection59] INFO  server.RaftServerConfigKeys (ConfUtils.java:logGet(43)) - raft.server.watch.timeout.denomination = 1s (default)
2019-09-26 15:56:18,604 [df750c94-8ed5-41db-9fb9-c6d6817b974c@group-D57045B4FE5C:LeaderElection59] INFO  server.RaftServerConfigKeys (ConfUtils.java:logGet(43)) - raft.server.watch.element-limit = 65536 (default)
2019-09-26 15:56:18,600 [grpc-default-executor-10] INFO  impl.RaftServerImpl (ServerState.java:setLeader(253)) - 4928e14d-160d-4293-8792-856e6c51102f@group-B902FF815E8A: change Leader from null to 4a94d0f0-a72e-405b-8a88-9ffe81034942 at term 1 for appendEntries, leader elected after 5238ms
2019-09-26 15:56:18,604 [94c8a847-7d00-459a-8381-acafdc795e09@group-749FE6E62B40:LeaderElection60] INFO  server.RaftServerConfigKeys (ConfUtils.java:logGet(43)) - raft.server.staging.catchup.gap = 1000 (default)
2019-09-26 15:56:18,604 [94c8a847-7d00-459a-8381-acafdc795e09@group-749FE6E62B40:LeaderElection60] INFO  server.RaftServerConfigKeys (ConfUtils.java:logGet(43)) - raft.server.rpc.sleep.time = 25ms (default)
2019-09-26 15:56:18,605 [94c8a847-7d00-459a-8381-acafdc795e09@group-749FE6E62B40:LeaderElection60] INFO  server.RaftServerConfigKeys (ConfUtils.java:logGet(43)) - raft.server.write.element-limit = 4096 (default)
2019-09-26 15:56:18,605 [94c8a847-7d00-459a-8381-acafdc795e09@group-749FE6E62B40:LeaderElection60] INFO  server.RaftServerConfigKeys (ConfUtils.java:logGet(43)) - raft.server.watch.timeout = 10s (default)
2019-09-26 15:56:18,605 [94c8a847-7d00-459a-8381-acafdc795e09@group-749FE6E62B40:LeaderElection60] INFO  server.RaftServerConfigKeys (ConfUtils.java:logGet(43)) - raft.server.watch.timeout.denomination = 1s (default)
2019-09-26 15:56:18,605 [94c8a847-7d00-459a-8381-acafdc795e09@group-749FE6E62B40:LeaderElection60] INFO  server.RaftServerConfigKeys (ConfUtils.java:logGet(43)) - raft.server.watch.element-limit = 65536 (default)
2019-09-26 15:56:18,606 [grpc-default-executor-10] INFO  impl.RaftServerImpl (ServerState.java:setRaftConf(354)) - 68000851-4b27-431c-8824-c5fb9d655992@group-B902FF815E8A: set configuration 0: [4a94d0f0-a72e-405b-8a88-9ffe81034942:192.168.164.210:45821, 68000851-4b27-431c-8824-c5fb9d655992:192.168.164.210:37105, 4928e14d-160d-4293-8792-856e6c51102f:192.168.164.210:38684], old=null at 0
2019-09-26 15:56:18,606 [grpc-default-executor-10] INFO  segmented.SegmentedRaftLogWorker (SegmentedRaftLogWorker.java:startLogSegment(380)) - 68000851-4b27-431c-8824-c5fb9d655992@group-B902FF815E8A-SegmentedRaftLogWorker: Starting segment from index:0
2019-09-26 15:56:18,606 [grpc-default-executor-9] INFO  impl.RaftServerImpl (ServerState.java:setRaftConf(354)) - 4928e14d-160d-4293-8792-856e6c51102f@group-B902FF815E8A: set configuration 0: [4a94d0f0-a72e-405b-8a88-9ffe81034942:192.168.164.210:45821, 68000851-4b27-431c-8824-c5fb9d655992:192.168.164.210:37105, 4928e14d-160d-4293-8792-856e6c51102f:192.168.164.210:38684], old=null at 0
2019-09-26 15:56:18,606 [grpc-default-executor-9] INFO  segmented.SegmentedRaftLogWorker (SegmentedRaftLogWorker.java:startLogSegment(380)) - 4928e14d-160d-4293-8792-856e6c51102f@group-B902FF815E8A-SegmentedRaftLogWorker: Starting segment from index:0
2019-09-26 15:56:18,607 [df750c94-8ed5-41db-9fb9-c6d6817b974c@group-D57045B4FE5C:LeaderElection59] INFO  impl.RoleInfo (RoleInfo.java:updateAndGet(143)) - df750c94-8ed5-41db-9fb9-c6d6817b974c: start LeaderState
2019-09-26 15:56:18,607 [94c8a847-7d00-459a-8381-acafdc795e09@group-749FE6E62B40:LeaderElection60] INFO  impl.RoleInfo (RoleInfo.java:updateAndGet(143)) - 94c8a847-7d00-459a-8381-acafdc795e09: start LeaderState
2019-09-26 15:56:18,607 [df750c94-8ed5-41db-9fb9-c6d6817b974c@group-D57045B4FE5C:LeaderElection59] INFO  segmented.SegmentedRaftLogWorker (SegmentedRaftLogWorker.java:startLogSegment(380)) - df750c94-8ed5-41db-9fb9-c6d6817b974c@group-D57045B4FE5C-SegmentedRaftLogWorker: Starting segment from index:0
2019-09-26 15:56:18,607 [94c8a847-7d00-459a-8381-acafdc795e09@group-749FE6E62B40:LeaderElection60] INFO  segmented.SegmentedRaftLogWorker (SegmentedRaftLogWorker.java:startLogSegment(380)) - 94c8a847-7d00-459a-8381-acafdc795e09@group-749FE6E62B40-SegmentedRaftLogWorker: Starting segment from index:0
2019-09-26 15:56:18,607 [df750c94-8ed5-41db-9fb9-c6d6817b974c@group-D57045B4FE5C:LeaderElection59] INFO  impl.RaftServerImpl (ServerState.java:setRaftConf(354)) - df750c94-8ed5-41db-9fb9-c6d6817b974c@group-D57045B4FE5C: set configuration 0: [df750c94-8ed5-41db-9fb9-c6d6817b974c:192.168.164.210:42731], old=null at 0
2019-09-26 15:56:18,643 [Thread-2939] INFO  impl.FollowerState (FollowerState.java:run(106)) - 9dd345de-fd94-4ade-9113-414a99133fea:group-1F5A0F98849F changes to CANDIDATE, lastRpcTime:5017, electionTimeout:5016ms
2019-09-26 15:56:18,643 [Thread-2939] INFO  impl.RoleInfo (RoleInfo.java:shutdownFollowerState(121)) - 9dd345de-fd94-4ade-9113-414a99133fea: shutdown FollowerState
2019-09-26 15:56:18,644 [Thread-2939] INFO  impl.RaftServerImpl (RaftServerImpl.java:setRole(174)) - 9dd345de-fd94-4ade-9113-414a99133fea@group-1F5A0F98849F: changes role from  FOLLOWER to CANDIDATE at term 0 for changeToCandidate
2019-09-26 15:56:18,644 [4a94d0f0-a72e-405b-8a88-9ffe81034942@group-B902FF815E8A-SegmentedRaftLogWorker] INFO  segmented.SegmentedRaftLogWorker (SegmentedRaftLogWorker.java:execute(569)) - 4a94d0f0-a72e-405b-8a88-9ffe81034942@group-B902FF815E8A-SegmentedRaftLogWorker: created new log segment /workdir/hadoop-ozone/integration-test/target/test-dir/MiniOzoneClusterImpl-7cae8434-9510-4e3b-823e-048edbbfad91/datanode-0/data/ratis/d747eee0-167b-4bbf-8b73-b902ff815e8a/current/log_inprogress_0
2019-09-26 15:56:18,644 [94c8a847-7d00-459a-8381-acafdc795e09@group-749FE6E62B40:LeaderElection60] INFO  impl.RaftServerImpl (ServerState.java:setRaftConf(354)) - 94c8a847-7d00-459a-8381-acafdc795e09@group-749FE6E62B40: set configuration 0: [94c8a847-7d00-459a-8381-acafdc795e09:192.168.164.210:39822], old=null at 0
2019-09-26 15:56:18,644 [Thread-2939] INFO  impl.RoleInfo (RoleInfo.java:updateAndGet(143)) - 9dd345de-fd94-4ade-9113-414a99133fea: start LeaderElection
2019-09-26 15:56:18,667 [4928e14d-160d-4293-8792-856e6c51102f@group-B902FF815E8A-SegmentedRaftLogWorker] INFO  segmented.SegmentedRaftLogWorker (SegmentedRaftLogWorker.java:execute(569)) - 4928e14d-160d-4293-8792-856e6c51102f@group-B902FF815E8A-SegmentedRaftLogWorker: created new log segment /workdir/hadoop-ozone/integration-test/target/test-dir/MiniOzoneClusterImpl-7cae8434-9510-4e3b-823e-048edbbfad91/datanode-2/data/ratis/d747eee0-167b-4bbf-8b73-b902ff815e8a/current/log_inprogress_0
2019-09-26 15:56:18,667 [68000851-4b27-431c-8824-c5fb9d655992@group-B902FF815E8A-SegmentedRaftLogWorker] INFO  segmented.SegmentedRaftLogWorker (SegmentedRaftLogWorker.java:execute(569)) - 68000851-4b27-431c-8824-c5fb9d655992@group-B902FF815E8A-SegmentedRaftLogWorker: created new log segment /workdir/hadoop-ozone/integration-test/target/test-dir/MiniOzoneClusterImpl-7cae8434-9510-4e3b-823e-048edbbfad91/datanode-1/data/ratis/d747eee0-167b-4bbf-8b73-b902ff815e8a/current/log_inprogress_0
2019-09-26 15:56:18,667 [df750c94-8ed5-41db-9fb9-c6d6817b974c@group-D57045B4FE5C-SegmentedRaftLogWorker] INFO  segmented.SegmentedRaftLogWorker (SegmentedRaftLogWorker.java:execute(569)) - df750c94-8ed5-41db-9fb9-c6d6817b974c@group-D57045B4FE5C-SegmentedRaftLogWorker: created new log segment /workdir/hadoop-ozone/integration-test/target/test-dir/MiniOzoneClusterImpl-7cae8434-9510-4e3b-823e-048edbbfad91/datanode-5/data/ratis/98aff6e6-5b83-40e7-856f-d57045b4fe5c/current/log_inprogress_0
2019-09-26 15:56:18,679 [94c8a847-7d00-459a-8381-acafdc795e09@group-749FE6E62B40-SegmentedRaftLogWorker] INFO  segmented.SegmentedRaftLogWorker (SegmentedRaftLogWorker.java:execute(569)) - 94c8a847-7d00-459a-8381-acafdc795e09@group-749FE6E62B40-SegmentedRaftLogWorker: created new log segment /workdir/hadoop-ozone/integration-test/target/test-dir/MiniOzoneClusterImpl-7cae8434-9510-4e3b-823e-048edbbfad91/datanode-4/data/ratis/6e92f7f1-4a81-40ce-b5c3-749fe6e62b40/current/log_inprogress_0
2019-09-26 15:56:18,679 [9dd345de-fd94-4ade-9113-414a99133fea@group-1F5A0F98849F:LeaderElection61] INFO  impl.LeaderElection (LeaderElection.java:askForVotes(182)) - 9dd345de-fd94-4ade-9113-414a99133fea@group-1F5A0F98849F:LeaderElection61: begin an election at term 1 for -1: [94c8a847-7d00-459a-8381-acafdc795e09:192.168.164.210:39822, 9dd345de-fd94-4ade-9113-414a99133fea:192.168.164.210:42557, df750c94-8ed5-41db-9fb9-c6d6817b974c:192.168.164.210:42731], old=null
2019-09-26 15:56:18,681 [grpc-default-executor-9] INFO  impl.RaftServerImpl (RaftServerImpl.java:setRole(174)) - 94c8a847-7d00-459a-8381-acafdc795e09@group-1F5A0F98849F: changes role from  FOLLOWER to FOLLOWER at term 1 for recognizeCandidate:9dd345de-fd94-4ade-9113-414a99133fea
2019-09-26 15:56:18,682 [grpc-default-executor-9] INFO  impl.RoleInfo (RoleInfo.java:shutdownFollowerState(121)) - 94c8a847-7d00-459a-8381-acafdc795e09: shutdown FollowerState
2019-09-26 15:56:18,682 [grpc-default-executor-10] INFO  impl.RaftServerImpl (RaftServerImpl.java:setRole(174)) - df750c94-8ed5-41db-9fb9-c6d6817b974c@group-1F5A0F98849F: changes role from  FOLLOWER to FOLLOWER at term 1 for recognizeCandidate:9dd345de-fd94-4ade-9113-414a99133fea
2019-09-26 15:56:18,682 [Thread-2934] INFO  impl.FollowerState (FollowerState.java:run(115)) - 94c8a847-7d00-459a-8381-acafdc795e09: FollowerState was interrupted: java.lang.InterruptedException: sleep interrupted
2019-09-26 15:56:18,682 [grpc-default-executor-9] INFO  impl.RoleInfo (RoleInfo.java:updateAndGet(143)) - 94c8a847-7d00-459a-8381-acafdc795e09: start FollowerState
2019-09-26 15:56:18,682 [grpc-default-executor-10] INFO  impl.RoleInfo (RoleInfo.java:shutdownFollowerState(121)) - df750c94-8ed5-41db-9fb9-c6d6817b974c: shutdown FollowerState
2019-09-26 15:56:18,683 [grpc-default-executor-10] INFO  impl.RoleInfo (RoleInfo.java:updateAndGet(143)) - df750c94-8ed5-41db-9fb9-c6d6817b974c: start FollowerState
2019-09-26 15:56:18,684 [Thread-2938] INFO  impl.FollowerState (FollowerState.java:run(115)) - df750c94-8ed5-41db-9fb9-c6d6817b974c: FollowerState was interrupted: java.lang.InterruptedException: sleep interrupted
2019-09-26 15:56:18,700 [9dd345de-fd94-4ade-9113-414a99133fea@group-1F5A0F98849F:LeaderElection61] INFO  impl.LeaderElection (LeaderElection.java:logAndReturn(56)) - 9dd345de-fd94-4ade-9113-414a99133fea@group-1F5A0F98849F:LeaderElection61: Election PASSED; received 1 response(s) [9dd345de-fd94-4ade-9113-414a99133fea<-94c8a847-7d00-459a-8381-acafdc795e09#0:OK-t1] and 0 exception(s); 9dd345de-fd94-4ade-9113-414a99133fea@group-1F5A0F98849F:t1, leader=null, voted=9dd345de-fd94-4ade-9113-414a99133fea, raftlog=9dd345de-fd94-4ade-9113-414a99133fea@group-1F5A0F98849F-SegmentedRaftLog:OPENED:c-1,f-1,i0, conf=-1: [94c8a847-7d00-459a-8381-acafdc795e09:192.168.164.210:39822, 9dd345de-fd94-4ade-9113-414a99133fea:192.168.164.210:42557, df750c94-8ed5-41db-9fb9-c6d6817b974c:192.168.164.210:42731], old=null
2019-09-26 15:56:18,700 [9dd345de-fd94-4ade-9113-414a99133fea@group-1F5A0F98849F:LeaderElection61] INFO  impl.RoleInfo (RoleInfo.java:shutdownLeaderElection(134)) - 9dd345de-fd94-4ade-9113-414a99133fea: shutdown LeaderElection
2019-09-26 15:56:18,700 [9dd345de-fd94-4ade-9113-414a99133fea@group-1F5A0F98849F:LeaderElection61] INFO  impl.RaftServerImpl (RaftServerImpl.java:setRole(174)) - 9dd345de-fd94-4ade-9113-414a99133fea@group-1F5A0F98849F: changes role from CANDIDATE to LEADER at term 1 for changeToLeader
2019-09-26 15:56:18,700 [9dd345de-fd94-4ade-9113-414a99133fea@group-1F5A0F98849F:LeaderElection61] INFO  impl.RaftServerImpl (ServerState.java:setLeader(253)) - 9dd345de-fd94-4ade-9113-414a99133fea@group-1F5A0F98849F: change Leader from null to 9dd345de-fd94-4ade-9113-414a99133fea at term 1 for becomeLeader, leader elected after 5083ms
2019-09-26 15:56:18,700 [9dd345de-fd94-4ade-9113-414a99133fea@group-1F5A0F98849F:LeaderElection61] INFO  server.RaftServerConfigKeys (ConfUtils.java:logGet(43)) - raft.server.staging.catchup.gap = 1000 (default)
2019-09-26 15:56:18,700 [9dd345de-fd94-4ade-9113-414a99133fea@group-1F5A0F98849F:LeaderElection61] INFO  server.RaftServerConfigKeys (ConfUtils.java:logGet(43)) - raft.server.rpc.sleep.time = 25ms (default)
2019-09-26 15:56:18,700 [9dd345de-fd94-4ade-9113-414a99133fea@group-1F5A0F98849F:LeaderElection61] INFO  server.RaftServerConfigKeys (ConfUtils.java:logGet(43)) - raft.server.write.element-limit = 4096 (default)
2019-09-26 15:56:18,701 [9dd345de-fd94-4ade-9113-414a99133fea@group-1F5A0F98849F:LeaderElection61] INFO  server.RaftServerConfigKeys (ConfUtils.java:logGet(43)) - raft.server.watch.timeout = 10s (default)
2019-09-26 15:56:18,701 [9dd345de-fd94-4ade-9113-414a99133fea@group-1F5A0F98849F:LeaderElection61] INFO  server.RaftServerConfigKeys (ConfUtils.java:logGet(43)) - raft.server.watch.timeout.denomination = 1s (default)
2019-09-26 15:56:18,701 [9dd345de-fd94-4ade-9113-414a99133fea@group-1F5A0F98849F:LeaderElection61] INFO  server.RaftServerConfigKeys (ConfUtils.java:logGet(43)) - raft.server.watch.element-limit = 65536 (default)
2019-09-26 15:56:18,702 [9dd345de-fd94-4ade-9113-414a99133fea@group-1F5A0F98849F:LeaderElection61] INFO  server.RaftServerConfigKeys (ConfUtils.java:logGet(43)) - raft.server.log.appender.snapshot.chunk.size.max = 16MB (=16777216) (default)
2019-09-26 15:56:18,702 [9dd345de-fd94-4ade-9113-414a99133fea@group-1F5A0F98849F:LeaderElection61] INFO  server.RaftServerConfigKeys (ConfUtils.java:logGet(43)) - raft.server.log.appender.buffer.byte-limit = 33554432 (custom)
2019-09-26 15:56:18,702 [9dd345de-fd94-4ade-9113-414a99133fea@group-1F5A0F98849F:LeaderElection61] INFO  server.RaftServerConfigKeys (ConfUtils.java:logGet(43)) - raft.server.log.appender.buffer.element-limit = 1 (custom)
2019-09-26 15:56:18,702 [9dd345de-fd94-4ade-9113-414a99133fea@group-1F5A0F98849F:LeaderElection61] INFO  grpc.GrpcConfigKeys$Server (ConfUtils.java:logGet(43)) - raft.grpc.server.leader.outstanding.appends.max = 128 (default)
2019-09-26 15:56:18,702 [9dd345de-fd94-4ade-9113-414a99133fea@group-1F5A0F98849F:LeaderElection61] INFO  server.RaftServerConfigKeys (ConfUtils.java:logGet(43)) - raft.server.rpc.request.timeout = 3000ms (default)
2019-09-26 15:56:18,702 [9dd345de-fd94-4ade-9113-414a99133fea@group-1F5A0F98849F:LeaderElection61] INFO  server.RaftServerConfigKeys (ConfUtils.java:logGet(43)) - raft.server.log.appender.install.snapshot.enabled = false (custom)
2019-09-26 15:56:18,703 [9dd345de-fd94-4ade-9113-414a99133fea@group-1F5A0F98849F:LeaderElection61] INFO  server.RaftServerConfigKeys (ConfUtils.java:logGet(43)) - raft.server.log.appender.snapshot.chunk.size.max = 16MB (=16777216) (default)
2019-09-26 15:56:18,703 [9dd345de-fd94-4ade-9113-414a99133fea@group-1F5A0F98849F:LeaderElection61] INFO  server.RaftServerConfigKeys (ConfUtils.java:logGet(43)) - raft.server.log.appender.buffer.byte-limit = 33554432 (custom)
2019-09-26 15:56:18,703 [9dd345de-fd94-4ade-9113-414a99133fea@group-1F5A0F98849F:LeaderElection61] INFO  server.RaftServerConfigKeys (ConfUtils.java:logGet(43)) - raft.server.log.appender.buffer.element-limit = 1 (custom)
2019-09-26 15:56:18,703 [9dd345de-fd94-4ade-9113-414a99133fea@group-1F5A0F98849F:LeaderElection61] INFO  grpc.GrpcConfigKeys$Server (ConfUtils.java:logGet(43)) - raft.grpc.server.leader.outstanding.appends.max = 128 (default)
2019-09-26 15:56:18,703 [9dd345de-fd94-4ade-9113-414a99133fea@group-1F5A0F98849F:LeaderElection61] INFO  server.RaftServerConfigKeys (ConfUtils.java:logGet(43)) - raft.server.rpc.request.timeout = 3000ms (default)
2019-09-26 15:56:18,703 [9dd345de-fd94-4ade-9113-414a99133fea@group-1F5A0F98849F:LeaderElection61] INFO  server.RaftServerConfigKeys (ConfUtils.java:logGet(43)) - raft.server.log.appender.install.snapshot.enabled = false (custom)
2019-09-26 15:56:18,703 [9dd345de-fd94-4ade-9113-414a99133fea@group-1F5A0F98849F:LeaderElection61] INFO  impl.RoleInfo (RoleInfo.java:updateAndGet(143)) - 9dd345de-fd94-4ade-9113-414a99133fea: start LeaderState
2019-09-26 15:56:18,704 [9dd345de-fd94-4ade-9113-414a99133fea@group-1F5A0F98849F:LeaderElection61] INFO  segmented.SegmentedRaftLogWorker (SegmentedRaftLogWorker.java:startLogSegment(380)) - 9dd345de-fd94-4ade-9113-414a99133fea@group-1F5A0F98849F-SegmentedRaftLogWorker: Starting segment from index:0
2019-09-26 15:56:18,704 [9dd345de-fd94-4ade-9113-414a99133fea@group-1F5A0F98849F:LeaderElection61] INFO  impl.RaftServerImpl (ServerState.java:setRaftConf(354)) - 9dd345de-fd94-4ade-9113-414a99133fea@group-1F5A0F98849F: set configuration 0: [94c8a847-7d00-459a-8381-acafdc795e09:192.168.164.210:39822, 9dd345de-fd94-4ade-9113-414a99133fea:192.168.164.210:42557, df750c94-8ed5-41db-9fb9-c6d6817b974c:192.168.164.210:42731], old=null at 0
2019-09-26 15:56:18,730 [grpc-default-executor-9] INFO  impl.RaftServerImpl (ServerState.java:setLeader(253)) - df750c94-8ed5-41db-9fb9-c6d6817b974c@group-1F5A0F98849F: change Leader from null to 9dd345de-fd94-4ade-9113-414a99133fea at term 1 for appendEntries, leader elected after 5113ms
2019-09-26 15:56:18,733 [Thread-2931] INFO  impl.FollowerState (FollowerState.java:run(106)) - 4d72deaa-e4f8-44c8-ab9f-6c87e8443949:group-C8C9DEE15498 changes to CANDIDATE, lastRpcTime:5159, electionTimeout:5158ms
2019-09-26 15:56:18,736 [grpc-default-executor-10] INFO  impl.RaftServerImpl (ServerState.java:setLeader(253)) - 94c8a847-7d00-459a-8381-acafdc795e09@group-1F5A0F98849F: change Leader from null to 9dd345de-fd94-4ade-9113-414a99133fea at term 1 for appendEntries, leader elected after 5119ms
2019-09-26 15:56:18,736 [Thread-2931] INFO  impl.RoleInfo (RoleInfo.java:shutdownFollowerState(121)) - 4d72deaa-e4f8-44c8-ab9f-6c87e8443949: shutdown FollowerState
2019-09-26 15:56:18,736 [Thread-2931] INFO  impl.RaftServerImpl (RaftServerImpl.java:setRole(174)) - 4d72deaa-e4f8-44c8-ab9f-6c87e8443949@group-C8C9DEE15498: changes role from  FOLLOWER to CANDIDATE at term 0 for changeToCandidate
2019-09-26 15:56:18,736 [Thread-2931] INFO  impl.RoleInfo (RoleInfo.java:updateAndGet(143)) - 4d72deaa-e4f8-44c8-ab9f-6c87e8443949: start LeaderElection
2019-09-26 15:56:18,740 [grpc-default-executor-9] INFO  impl.RaftServerImpl (ServerState.java:setRaftConf(354)) - df750c94-8ed5-41db-9fb9-c6d6817b974c@group-1F5A0F98849F: set configuration 0: [94c8a847-7d00-459a-8381-acafdc795e09:192.168.164.210:39822, 9dd345de-fd94-4ade-9113-414a99133fea:192.168.164.210:42557, df750c94-8ed5-41db-9fb9-c6d6817b974c:192.168.164.210:42731], old=null at 0
2019-09-26 15:56:18,740 [grpc-default-executor-9] INFO  segmented.SegmentedRaftLogWorker (SegmentedRaftLogWorker.java:startLogSegment(380)) - df750c94-8ed5-41db-9fb9-c6d6817b974c@group-1F5A0F98849F-SegmentedRaftLogWorker: Starting segment from index:0
2019-09-26 15:56:18,740 [grpc-default-executor-10] INFO  impl.RaftServerImpl (ServerState.java:setRaftConf(354)) - 94c8a847-7d00-459a-8381-acafdc795e09@group-1F5A0F98849F: set configuration 0: [94c8a847-7d00-459a-8381-acafdc795e09:192.168.164.210:39822, 9dd345de-fd94-4ade-9113-414a99133fea:192.168.164.210:42557, df750c94-8ed5-41db-9fb9-c6d6817b974c:192.168.164.210:42731], old=null at 0
2019-09-26 15:56:18,741 [grpc-default-executor-10] INFO  segmented.SegmentedRaftLogWorker (SegmentedRaftLogWorker.java:startLogSegment(380)) - 94c8a847-7d00-459a-8381-acafdc795e09@group-1F5A0F98849F-SegmentedRaftLogWorker: Starting segment from index:0
2019-09-26 15:56:18,741 [9dd345de-fd94-4ade-9113-414a99133fea@group-1F5A0F98849F-SegmentedRaftLogWorker] INFO  segmented.SegmentedRaftLogWorker (SegmentedRaftLogWorker.java:execute(569)) - 9dd345de-fd94-4ade-9113-414a99133fea@group-1F5A0F98849F-SegmentedRaftLogWorker: created new log segment /workdir/hadoop-ozone/integration-test/target/test-dir/MiniOzoneClusterImpl-7cae8434-9510-4e3b-823e-048edbbfad91/datanode-3/data/ratis/15c5a63e-2770-4a70-a088-1f5a0f98849f/current/log_inprogress_0
2019-09-26 15:56:18,743 [4d72deaa-e4f8-44c8-ab9f-6c87e8443949@group-C8C9DEE15498:LeaderElection62] INFO  impl.LeaderElection (LeaderElection.java:askForVotes(182)) - 4d72deaa-e4f8-44c8-ab9f-6c87e8443949@group-C8C9DEE15498:LeaderElection62: begin an election at term 1 for -1: [4d72deaa-e4f8-44c8-ab9f-6c87e8443949:192.168.164.210:37876], old=null
2019-09-26 15:56:18,743 [4d72deaa-e4f8-44c8-ab9f-6c87e8443949@group-C8C9DEE15498:LeaderElection62] INFO  impl.RoleInfo (RoleInfo.java:shutdownLeaderElection(134)) - 4d72deaa-e4f8-44c8-ab9f-6c87e8443949: shutdown LeaderElection
2019-09-26 15:56:18,743 [4d72deaa-e4f8-44c8-ab9f-6c87e8443949@group-C8C9DEE15498:LeaderElection62] INFO  impl.RaftServerImpl (RaftServerImpl.java:setRole(174)) - 4d72deaa-e4f8-44c8-ab9f-6c87e8443949@group-C8C9DEE15498: changes role from CANDIDATE to LEADER at term 1 for changeToLeader
2019-09-26 15:56:18,743 [4d72deaa-e4f8-44c8-ab9f-6c87e8443949@group-C8C9DEE15498:LeaderElection62] INFO  impl.RaftServerImpl (ServerState.java:setLeader(253)) - 4d72deaa-e4f8-44c8-ab9f-6c87e8443949@group-C8C9DEE15498: change Leader from null to 4d72deaa-e4f8-44c8-ab9f-6c87e8443949 at term 1 for becomeLeader, leader elected after 5175ms
2019-09-26 15:56:18,744 [4d72deaa-e4f8-44c8-ab9f-6c87e8443949@group-C8C9DEE15498:LeaderElection62] INFO  server.RaftServerConfigKeys (ConfUtils.java:logGet(43)) - raft.server.staging.catchup.gap = 1000 (default)
2019-09-26 15:56:18,744 [4d72deaa-e4f8-44c8-ab9f-6c87e8443949@group-C8C9DEE15498:LeaderElection62] INFO  server.RaftServerConfigKeys (ConfUtils.java:logGet(43)) - raft.server.rpc.sleep.time = 25ms (default)
2019-09-26 15:56:18,744 [4d72deaa-e4f8-44c8-ab9f-6c87e8443949@group-C8C9DEE15498:LeaderElection62] INFO  server.RaftServerConfigKeys (ConfUtils.java:logGet(43)) - raft.server.write.element-limit = 4096 (default)
2019-09-26 15:56:18,744 [4d72deaa-e4f8-44c8-ab9f-6c87e8443949@group-C8C9DEE15498:LeaderElection62] INFO  server.RaftServerConfigKeys (ConfUtils.java:logGet(43)) - raft.server.watch.timeout = 10s (default)
2019-09-26 15:56:18,744 [4d72deaa-e4f8-44c8-ab9f-6c87e8443949@group-C8C9DEE15498:LeaderElection62] INFO  server.RaftServerConfigKeys (ConfUtils.java:logGet(43)) - raft.server.watch.timeout.denomination = 1s (default)
2019-09-26 15:56:18,744 [4d72deaa-e4f8-44c8-ab9f-6c87e8443949@group-C8C9DEE15498:LeaderElection62] INFO  server.RaftServerConfigKeys (ConfUtils.java:logGet(43)) - raft.server.watch.element-limit = 65536 (default)
2019-09-26 15:56:18,745 [4d72deaa-e4f8-44c8-ab9f-6c87e8443949@group-C8C9DEE15498:LeaderElection62] INFO  impl.RoleInfo (RoleInfo.java:updateAndGet(143)) - 4d72deaa-e4f8-44c8-ab9f-6c87e8443949: start LeaderState
2019-09-26 15:56:18,745 [4d72deaa-e4f8-44c8-ab9f-6c87e8443949@group-C8C9DEE15498:LeaderElection62] INFO  segmented.SegmentedRaftLogWorker (SegmentedRaftLogWorker.java:startLogSegment(380)) - 4d72deaa-e4f8-44c8-ab9f-6c87e8443949@group-C8C9DEE15498-SegmentedRaftLogWorker: Starting segment from index:0
2019-09-26 15:56:18,746 [4d72deaa-e4f8-44c8-ab9f-6c87e8443949@group-C8C9DEE15498:LeaderElection62] INFO  impl.RaftServerImpl (ServerState.java:setRaftConf(354)) - 4d72deaa-e4f8-44c8-ab9f-6c87e8443949@group-C8C9DEE15498: set configuration 0: [4d72deaa-e4f8-44c8-ab9f-6c87e8443949:192.168.164.210:37876], old=null at 0
2019-09-26 15:56:18,786 [94c8a847-7d00-459a-8381-acafdc795e09@group-1F5A0F98849F-SegmentedRaftLogWorker] INFO  segmented.SegmentedRaftLogWorker (SegmentedRaftLogWorker.java:execute(569)) - 94c8a847-7d00-459a-8381-acafdc795e09@group-1F5A0F98849F-SegmentedRaftLogWorker: created new log segment /workdir/hadoop-ozone/integration-test/target/test-dir/MiniOzoneClusterImpl-7cae8434-9510-4e3b-823e-048edbbfad91/datanode-4/data/ratis/15c5a63e-2770-4a70-a088-1f5a0f98849f/current/log_inprogress_0
2019-09-26 15:56:18,786 [df750c94-8ed5-41db-9fb9-c6d6817b974c@group-1F5A0F98849F-SegmentedRaftLogWorker] INFO  segmented.SegmentedRaftLogWorker (SegmentedRaftLogWorker.java:execute(569)) - df750c94-8ed5-41db-9fb9-c6d6817b974c@group-1F5A0F98849F-SegmentedRaftLogWorker: created new log segment /workdir/hadoop-ozone/integration-test/target/test-dir/MiniOzoneClusterImpl-7cae8434-9510-4e3b-823e-048edbbfad91/datanode-5/data/ratis/15c5a63e-2770-4a70-a088-1f5a0f98849f/current/log_inprogress_0
2019-09-26 15:56:18,811 [4d72deaa-e4f8-44c8-ab9f-6c87e8443949@group-C8C9DEE15498-SegmentedRaftLogWorker] INFO  segmented.SegmentedRaftLogWorker (SegmentedRaftLogWorker.java:execute(569)) - 4d72deaa-e4f8-44c8-ab9f-6c87e8443949@group-C8C9DEE15498-SegmentedRaftLogWorker: created new log segment /workdir/hadoop-ozone/integration-test/target/test-dir/MiniOzoneClusterImpl-7cae8434-9510-4e3b-823e-048edbbfad91/datanode-6/data/ratis/f22fbf89-d3a5-4359-8b8e-c8c9dee15498/current/log_inprogress_0
2019-09-26 15:56:20,781 [Datanode State Machine Thread - 0] INFO  statemachine.DatanodeStateMachine (DatanodeStateMachine.java:lambda$startDaemon$0(350)) - Ozone container server started.
2019-09-26 15:56:24,811 [EventQueue-StaleNodeForStaleNodeHandler] INFO  node.StaleNodeHandler (StaleNodeHandler.java:onMessage(58)) - Datanode 9dd345de-fd94-4ade-9113-414a99133fea{ip: 192.168.164.210, host: pr-hdds-2185-nx5sg-2633547614, networkLocation: /default-rack, certSerialId: null} moved to stale state. Finalizing its pipelines [PipelineID=d6faa7ce-01d9-46b8-90cf-1a3b3099d9b0, PipelineID=15c5a63e-2770-4a70-a088-1f5a0f98849f]
2019-09-26 15:56:24,812 [EventQueue-StaleNodeForStaleNodeHandler] INFO  pipeline.SCMPipelineManager (SCMPipelineManager.java:finalizeAndDestroyPipeline(315)) - destroying pipeline:Pipeline[ Id: d6faa7ce-01d9-46b8-90cf-1a3b3099d9b0, Nodes: 9dd345de-fd94-4ade-9113-414a99133fea{ip: 192.168.164.210, host: pr-hdds-2185-nx5sg-2633547614, networkLocation: /default-rack, certSerialId: null}, Type:RATIS, Factor:ONE, State:OPEN]
2019-09-26 15:56:24,812 [EventQueue-StaleNodeForStaleNodeHandler] INFO  pipeline.PipelineStateManager (PipelineStateManager.java:finalizePipeline(123)) - Pipeline Pipeline[ Id: d6faa7ce-01d9-46b8-90cf-1a3b3099d9b0, Nodes: 9dd345de-fd94-4ade-9113-414a99133fea{ip: 192.168.164.210, host: pr-hdds-2185-nx5sg-2633547614, networkLocation: /default-rack, certSerialId: null}, Type:RATIS, Factor:ONE, State:CLOSED] moved to CLOSED state
2019-09-26 15:56:24,812 [EventQueue-StaleNodeForStaleNodeHandler] INFO  pipeline.SCMPipelineManager (SCMPipelineManager.java:finalizeAndDestroyPipeline(315)) - destroying pipeline:Pipeline[ Id: 15c5a63e-2770-4a70-a088-1f5a0f98849f, Nodes: 9dd345de-fd94-4ade-9113-414a99133fea{ip: 192.168.164.210, host: pr-hdds-2185-nx5sg-2633547614, networkLocation: /default-rack, certSerialId: null}df750c94-8ed5-41db-9fb9-c6d6817b974c{ip: 192.168.164.210, host: pr-hdds-2185-nx5sg-2633547614, networkLocation: /default-rack, certSerialId: null}94c8a847-7d00-459a-8381-acafdc795e09{ip: 192.168.164.210, host: pr-hdds-2185-nx5sg-2633547614, networkLocation: /default-rack, certSerialId: null}, Type:RATIS, Factor:THREE, State:OPEN]
2019-09-26 15:56:24,813 [EventQueue-StaleNodeForStaleNodeHandler] INFO  pipeline.PipelineStateManager (PipelineStateManager.java:finalizePipeline(123)) - Pipeline Pipeline[ Id: 15c5a63e-2770-4a70-a088-1f5a0f98849f, Nodes: 9dd345de-fd94-4ade-9113-414a99133fea{ip: 192.168.164.210, host: pr-hdds-2185-nx5sg-2633547614, networkLocation: /default-rack, certSerialId: null}df750c94-8ed5-41db-9fb9-c6d6817b974c{ip: 192.168.164.210, host: pr-hdds-2185-nx5sg-2633547614, networkLocation: /default-rack, certSerialId: null}94c8a847-7d00-459a-8381-acafdc795e09{ip: 192.168.164.210, host: pr-hdds-2185-nx5sg-2633547614, networkLocation: /default-rack, certSerialId: null}, Type:RATIS, Factor:THREE, State:CLOSED] moved to CLOSED state
2019-09-26 15:56:24,813 [EventQueue-CloseContainerForCloseContainerEventHandler] INFO  container.CloseContainerEventHandler (CloseContainerEventHandler.java:onMessage(61)) - Close container Event triggered for container : #1
2019-09-26 15:56:24,970 [main] INFO  ozoneimpl.OzoneContainer (OzoneContainer.java:stop(231)) - Attempting to stop container services.
2019-09-26 15:56:24,974 [main] INFO  impl.RaftServerProxy (RaftServerProxy.java:lambda$close$4(314)) - 9dd345de-fd94-4ade-9113-414a99133fea: close
2019-09-26 15:56:24,975 [main] INFO  impl.RaftServerImpl (RaftServerImpl.java:lambda$shutdown$3(251)) - 9dd345de-fd94-4ade-9113-414a99133fea@group-1A3B3099D9B0: shutdown
2019-09-26 15:56:24,976 [main] INFO  util.JmxRegister (JmxRegister.java:unregister(73)) - Successfully un-registered JMX Bean with object name Ratis:service=RaftServer,group=group-1A3B3099D9B0,id=9dd345de-fd94-4ade-9113-414a99133fea
2019-09-26 15:56:24,976 [main] INFO  impl.RoleInfo (RoleInfo.java:shutdownLeaderState(104)) - 9dd345de-fd94-4ade-9113-414a99133fea: shutdown LeaderState
2019-09-26 15:56:24,977 [main] INFO  impl.PendingRequests (PendingRequests.java:sendNotLeaderResponses(202)) - 9dd345de-fd94-4ade-9113-414a99133fea-PendingRequests: sendNotLeaderResponses
2019-09-26 15:56:24,977 [main] INFO  impl.StateMachineUpdater (StateMachineUpdater.java:stopAndJoin(125)) - 9dd345de-fd94-4ade-9113-414a99133fea@group-1A3B3099D9B0-StateMachineUpdater: set stopIndex = 0
2019-09-26 15:56:24,978 [main] INFO  impl.RaftServerImpl (ServerState.java:close(385)) - 9dd345de-fd94-4ade-9113-414a99133fea@group-1A3B3099D9B0: closes. applyIndex: 0
2019-09-26 15:56:24,979 [9dd345de-fd94-4ade-9113-414a99133fea@group-1A3B3099D9B0-SegmentedRaftLogWorker] INFO  segmented.SegmentedRaftLogWorker (SegmentedRaftLogWorker.java:run(313)) - 9dd345de-fd94-4ade-9113-414a99133fea@group-1A3B3099D9B0-SegmentedRaftLogWorker was interrupted, exiting. There are 0 tasks remaining in the queue.
2019-09-26 15:56:24,981 [main] INFO  segmented.SegmentedRaftLogWorker (SegmentedRaftLogWorker.java:close(228)) - 9dd345de-fd94-4ade-9113-414a99133fea@group-1A3B3099D9B0-SegmentedRaftLogWorker close()
2019-09-26 15:56:24,986 [main] INFO  impl.RaftServerImpl (RaftServerImpl.java:lambda$shutdown$3(251)) - 9dd345de-fd94-4ade-9113-414a99133fea@group-1F5A0F98849F: shutdown
2019-09-26 15:56:24,987 [main] INFO  util.JmxRegister (JmxRegister.java:unregister(73)) - Successfully un-registered JMX Bean with object name Ratis:service=RaftServer,group=group-1F5A0F98849F,id=9dd345de-fd94-4ade-9113-414a99133fea
2019-09-26 15:56:24,987 [main] INFO  impl.RoleInfo (RoleInfo.java:shutdownLeaderState(104)) - 9dd345de-fd94-4ade-9113-414a99133fea: shutdown LeaderState
2019-09-26 15:56:24,991 [main] INFO  impl.PendingRequests (PendingRequests.java:sendNotLeaderResponses(202)) - 9dd345de-fd94-4ade-9113-414a99133fea-PendingRequests: sendNotLeaderResponses
2019-09-26 15:56:24,992 [org.apache.ratis.server.impl.LogAppender$AppenderDaemon$$Lambda$512/332279832@30dba28] WARN  server.GrpcLogAppender (GrpcLogAppender.java:mayWait(143)) - 9dd345de-fd94-4ade-9113-414a99133fea@group-1F5A0F98849F->94c8a847-7d00-459a-8381-acafdc795e09-GrpcLogAppender: Wait interrupted by java.lang.InterruptedException
2019-09-26 15:56:24,992 [org.apache.ratis.server.impl.LogAppender$AppenderDaemon$$Lambda$512/332279832@7533cd1b] WARN  server.GrpcLogAppender (GrpcLogAppender.java:mayWait(143)) - 9dd345de-fd94-4ade-9113-414a99133fea@group-1F5A0F98849F->df750c94-8ed5-41db-9fb9-c6d6817b974c-GrpcLogAppender: Wait interrupted by java.lang.InterruptedException
2019-09-26 15:56:24,999 [main] INFO  impl.StateMachineUpdater (StateMachineUpdater.java:stopAndJoin(125)) - 9dd345de-fd94-4ade-9113-414a99133fea@group-1F5A0F98849F-StateMachineUpdater: set stopIndex = 16
2019-09-26 15:56:24,999 [grpc-default-executor-11] INFO  server.GrpcServerProtocolService (GrpcServerProtocolService.java:onCompleted(113)) - df750c94-8ed5-41db-9fb9-c6d6817b974c: Completed APPEND_ENTRIES, lastRequest: 9dd345de-fd94-4ade-9113-414a99133fea->df750c94-8ed5-41db-9fb9-c6d6817b974c#19-t1, previous=(t:1, i:16), leaderCommit=16, initializing? false, entries: <empty>
2019-09-26 15:56:24,999 [9dd345de-fd94-4ade-9113-414a99133fea@group-1F5A0F98849F-StateMachineUpdater] INFO  ratis.ContainerStateMachine (ContainerStateMachine.java:takeSnapshot(289)) - group-1F5A0F98849F: Taking a snapshot at:(t:1, i:14) file /workdir/hadoop-ozone/integration-test/target/test-dir/MiniOzoneClusterImpl-7cae8434-9510-4e3b-823e-048edbbfad91/datanode-3/data/ratis/15c5a63e-2770-4a70-a088-1f5a0f98849f/sm/snapshot.1_14
2019-09-26 15:56:24,999 [grpc-default-executor-10] INFO  server.GrpcServerProtocolService (GrpcServerProtocolService.java:onCompleted(113)) - 94c8a847-7d00-459a-8381-acafdc795e09: Completed APPEND_ENTRIES, lastRequest: 9dd345de-fd94-4ade-9113-414a99133fea->94c8a847-7d00-459a-8381-acafdc795e09#19-t1, previous=(t:1, i:16), leaderCommit=16, initializing? false, entries: <empty>
2019-09-26 15:56:25,000 [grpc-default-executor-9] INFO  server.GrpcLogAppender (GrpcLogAppender.java:onCompleted(293)) - 9dd345de-fd94-4ade-9113-414a99133fea@group-1F5A0F98849F->94c8a847-7d00-459a-8381-acafdc795e09-AppendLogResponseHandler: follower responses appendEntries COMPLETED
2019-09-26 15:56:25,000 [grpc-default-executor-10] INFO  server.GrpcLogAppender (GrpcLogAppender.java:onCompleted(293)) - 9dd345de-fd94-4ade-9113-414a99133fea@group-1F5A0F98849F->df750c94-8ed5-41db-9fb9-c6d6817b974c-AppendLogResponseHandler: follower responses appendEntries COMPLETED
2019-09-26 15:56:25,001 [grpc-default-executor-9] INFO  impl.FollowerInfo (FollowerInfo.java:lambda$new$0(51)) - 9dd345de-fd94-4ade-9113-414a99133fea@group-1F5A0F98849F->94c8a847-7d00-459a-8381-acafdc795e09: nextIndex: updateUnconditionally 17 -> 16
2019-09-26 15:56:25,001 [grpc-default-executor-10] INFO  impl.FollowerInfo (FollowerInfo.java:lambda$new$0(51)) - 9dd345de-fd94-4ade-9113-414a99133fea@group-1F5A0F98849F->df750c94-8ed5-41db-9fb9-c6d6817b974c: nextIndex: updateUnconditionally 17 -> 16
2019-09-26 15:56:25,005 [9dd345de-fd94-4ade-9113-414a99133fea@group-1F5A0F98849F-StateMachineUpdater] INFO  ratis.ContainerStateMachine (ContainerStateMachine.java:takeSnapshot(300)) - group-1F5A0F98849F: Finished taking a snapshot at:(t:1, i:14) file:/workdir/hadoop-ozone/integration-test/target/test-dir/MiniOzoneClusterImpl-7cae8434-9510-4e3b-823e-048edbbfad91/datanode-3/data/ratis/15c5a63e-2770-4a70-a088-1f5a0f98849f/sm/snapshot.1_14 time:6
2019-09-26 15:56:25,005 [9dd345de-fd94-4ade-9113-414a99133fea@group-1F5A0F98849F-StateMachineUpdater] INFO  impl.StateMachineUpdater (StateMachineUpdater.java:takeSnapshot(258)) - 9dd345de-fd94-4ade-9113-414a99133fea@group-1F5A0F98849F-StateMachineUpdater: Took a snapshot at index 14
2019-09-26 15:56:25,005 [9dd345de-fd94-4ade-9113-414a99133fea@group-1F5A0F98849F-StateMachineUpdater] INFO  impl.StateMachineUpdater (StateMachineUpdater.java:lambda$new$0(83)) - 9dd345de-fd94-4ade-9113-414a99133fea@group-1F5A0F98849F-StateMachineUpdater: snapshotIndex: updateIncreasingly -1 -> 14
2019-09-26 15:56:25,006 [9dd345de-fd94-4ade-9113-414a99133fea@group-1F5A0F98849F-StateMachineUpdater] INFO  ratis.ContainerStateMachine (ContainerStateMachine.java:takeSnapshot(289)) - group-1F5A0F98849F: Taking a snapshot at:(t:1, i:14) file /workdir/hadoop-ozone/integration-test/target/test-dir/MiniOzoneClusterImpl-7cae8434-9510-4e3b-823e-048edbbfad91/datanode-3/data/ratis/15c5a63e-2770-4a70-a088-1f5a0f98849f/sm/snapshot.1_14
2019-09-26 15:56:25,009 [9dd345de-fd94-4ade-9113-414a99133fea@group-1F5A0F98849F-StateMachineUpdater] INFO  ratis.ContainerStateMachine (ContainerStateMachine.java:takeSnapshot(300)) - group-1F5A0F98849F: Finished taking a snapshot at:(t:1, i:14) file:/workdir/hadoop-ozone/integration-test/target/test-dir/MiniOzoneClusterImpl-7cae8434-9510-4e3b-823e-048edbbfad91/datanode-3/data/ratis/15c5a63e-2770-4a70-a088-1f5a0f98849f/sm/snapshot.1_14 time:3
2019-09-26 15:56:25,009 [9dd345de-fd94-4ade-9113-414a99133fea@group-1F5A0F98849F-StateMachineUpdater] INFO  impl.StateMachineUpdater (StateMachineUpdater.java:takeSnapshot(258)) - 9dd345de-fd94-4ade-9113-414a99133fea@group-1F5A0F98849F-StateMachineUpdater: Took a snapshot at index 14
2019-09-26 15:56:25,009 [9dd345de-fd94-4ade-9113-414a99133fea@group-1F5A0F98849F-StateMachineUpdater] INFO  impl.StateMachineUpdater (StateMachineUpdater.java:lambda$new$0(83)) - 9dd345de-fd94-4ade-9113-414a99133fea@group-1F5A0F98849F-StateMachineUpdater: snapshotIndex: updateIncreasingly 14 -> 14
2019-09-26 15:56:25,009 [main] INFO  impl.RaftServerImpl (ServerState.java:close(385)) - 9dd345de-fd94-4ade-9113-414a99133fea@group-1F5A0F98849F: closes. applyIndex: 16
2019-09-26 15:56:25,010 [9dd345de-fd94-4ade-9113-414a99133fea@group-1F5A0F98849F-SegmentedRaftLogWorker] INFO  segmented.SegmentedRaftLogWorker (SegmentedRaftLogWorker.java:run(313)) - 9dd345de-fd94-4ade-9113-414a99133fea@group-1F5A0F98849F-SegmentedRaftLogWorker was interrupted, exiting. There are 0 tasks remaining in the queue.
2019-09-26 15:56:25,012 [main] INFO  segmented.SegmentedRaftLogWorker (SegmentedRaftLogWorker.java:close(228)) - 9dd345de-fd94-4ade-9113-414a99133fea@group-1F5A0F98849F-SegmentedRaftLogWorker close()
2019-09-26 15:56:25,015 [main] INFO  server.GrpcService (GrpcService.java:closeImpl(164)) - 9dd345de-fd94-4ade-9113-414a99133fea: shutdown server with port 42557 now
2019-09-26 15:56:25,016 [main] INFO  server.GrpcService (GrpcService.java:closeImpl(172)) - 9dd345de-fd94-4ade-9113-414a99133fea: shutdown server with port 42557 successfully
2019-09-26 15:56:25,016 [grpc-default-executor-9] WARN  client.GrpcClientProtocolService (LogUtils.java:warn(134)) - 3-UnorderedRequestStreamObserver3: onError: org.apache.ratis.thirdparty.io.grpc.StatusRuntimeException: CANCELLED: cancelled before receiving half close
2019-09-26 15:56:25,022 [refreshUsed-/workdir/hadoop-ozone/integration-test/target/test-dir/MiniOzoneClusterImpl-7cae8434-9510-4e3b-823e-048edbbfad91/datanode-3/data/containers] WARN  fs.CachingGetSpaceUsed (CachingGetSpaceUsed.java:run(183)) - Thread Interrupted waiting to refresh disk information: sleep interrupted
2019-09-26 15:56:25,034 [main] INFO  utils.BackgroundService (BackgroundService.java:shutdown(148)) - Shutting down service BlockDeletingService
2019-09-26 15:56:25,050 [main] INFO  statemachine.DatanodeStateMachine (DatanodeStateMachine.java:stopDaemon(395)) - Ozone container server stopped.
2019-09-26 15:56:25,051 [main] INFO  handler.ContextHandler (ContextHandler.java:doStop(910)) - Stopped o.e.j.w.WebAppContext@3f048c86{/,null,UNAVAILABLE}{/hddsDatanode}
2019-09-26 15:56:25,052 [main] INFO  server.AbstractConnector (AbstractConnector.java:doStop(318)) - Stopped ServerConnector@255d9277{HTTP/1.1,[http/1.1]}{0.0.0.0:0}
2019-09-26 15:56:25,052 [main] INFO  handler.ContextHandler (ContextHandler.java:doStop(910)) - Stopped o.e.j.s.ServletContextHandler@21274afe{/static,jar:file:/home/user/.m2/repository/org/apache/hadoop/hadoop-hdds-container-service/0.5.0-SNAPSHOT/hadoop-hdds-container-service-0.5.0-SNAPSHOT.jar!/webapps/static,UNAVAILABLE}
2019-09-26 15:56:25,053 [main] INFO  handler.ContextHandler (ContextHandler.java:doStop(910)) - Stopped o.e.j.s.ServletContextHandler@5e193ef5{/logs,file:///workdir/hadoop-ozone/integration-test/target/log,UNAVAILABLE}
2019-09-26 15:56:33,781 [Thread-2988] INFO  impl.FollowerState (FollowerState.java:run(106)) - 94c8a847-7d00-459a-8381-acafdc795e09:group-1F5A0F98849F changes to CANDIDATE, lastRpcTime:8789, electionTimeout:5011ms
2019-09-26 15:56:33,782 [Thread-2988] INFO  impl.RoleInfo (RoleInfo.java:shutdownFollowerState(121)) - 94c8a847-7d00-459a-8381-acafdc795e09: shutdown FollowerState
2019-09-26 15:56:33,782 [Thread-2988] INFO  impl.RaftServerImpl (RaftServerImpl.java:setRole(174)) - 94c8a847-7d00-459a-8381-acafdc795e09@group-1F5A0F98849F: changes role from  FOLLOWER to CANDIDATE at term 1 for changeToCandidate
2019-09-26 15:56:33,782 [Thread-2988] INFO  impl.RoleInfo (RoleInfo.java:updateAndGet(143)) - 94c8a847-7d00-459a-8381-acafdc795e09: start LeaderElection
2019-09-26 15:56:33,785 [94c8a847-7d00-459a-8381-acafdc795e09@group-1F5A0F98849F:LeaderElection63] INFO  impl.RaftServerImpl (ServerState.java:setLeader(253)) - 94c8a847-7d00-459a-8381-acafdc795e09@group-1F5A0F98849F: change Leader from 9dd345de-fd94-4ade-9113-414a99133fea to null at term 1 for initElection
2019-09-26 15:56:33,799 [94c8a847-7d00-459a-8381-acafdc795e09@group-1F5A0F98849F:LeaderElection63] INFO  impl.LeaderElection (LeaderElection.java:askForVotes(182)) - 94c8a847-7d00-459a-8381-acafdc795e09@group-1F5A0F98849F:LeaderElection63: begin an election at term 2 for 0: [94c8a847-7d00-459a-8381-acafdc795e09:192.168.164.210:39822, 9dd345de-fd94-4ade-9113-414a99133fea:192.168.164.210:42557, df750c94-8ed5-41db-9fb9-c6d6817b974c:192.168.164.210:42731], old=null
2019-09-26 15:56:33,802 [94c8a847-7d00-459a-8381-acafdc795e09@group-1F5A0F98849F:LeaderElection63] INFO  impl.LeaderElection (LogUtils.java:infoOrTrace(149)) - 94c8a847-7d00-459a-8381-acafdc795e09@group-1F5A0F98849F:LeaderElection63 got exception when requesting votes: {}
java.util.concurrent.ExecutionException: org.apache.ratis.thirdparty.io.grpc.StatusRuntimeException: UNAVAILABLE: io exception
	at java.util.concurrent.FutureTask.report(FutureTask.java:122)
	at java.util.concurrent.FutureTask.get(FutureTask.java:192)
	at org.apache.ratis.server.impl.LeaderElection.waitForResults(LeaderElection.java:263)
	at org.apache.ratis.server.impl.LeaderElection.askForVotes(LeaderElection.java:201)
	at org.apache.ratis.server.impl.LeaderElection.run(LeaderElection.java:133)
	at java.lang.Thread.run(Thread.java:748)
Caused by: org.apache.ratis.thirdparty.io.grpc.StatusRuntimeException: UNAVAILABLE: io exception
	at org.apache.ratis.thirdparty.io.grpc.stub.ClientCalls.toStatusRuntimeException(ClientCalls.java:233)
	at org.apache.ratis.thirdparty.io.grpc.stub.ClientCalls.getUnchecked(ClientCalls.java:214)
	at org.apache.ratis.thirdparty.io.grpc.stub.ClientCalls.blockingUnaryCall(ClientCalls.java:139)
	at org.apache.ratis.proto.grpc.RaftServerProtocolServiceGrpc$RaftServerProtocolServiceBlockingStub.requestVote(RaftServerProtocolServiceGrpc.java:265)
	at org.apache.ratis.grpc.server.GrpcServerProtocolClient.requestVote(GrpcServerProtocolClient.java:90)
	at org.apache.ratis.grpc.server.GrpcService.requestVote(GrpcService.java:204)
	at org.apache.ratis.server.impl.LeaderElection.lambda$submitRequests$1(LeaderElection.java:238)
	at java.util.concurrent.FutureTask.run(FutureTask.java:266)
	at java.util.concurrent.Executors$RunnableAdapter.call(Executors.java:511)
	at java.util.concurrent.FutureTask.run(FutureTask.java:266)
	at java.util.concurrent.ThreadPoolExecutor.runWorker(ThreadPoolExecutor.java:1149)
	at java.util.concurrent.ThreadPoolExecutor$Worker.run(ThreadPoolExecutor.java:624)
	... 1 more
Caused by: org.apache.ratis.thirdparty.io.netty.channel.AbstractChannel$AnnotatedConnectException: Connection refused: /192.168.164.210:42557
	at sun.nio.ch.SocketChannelImpl.checkConnect(Native Method)
	at sun.nio.ch.SocketChannelImpl.finishConnect(SocketChannelImpl.java:717)
	at org.apache.ratis.thirdparty.io.netty.channel.socket.nio.NioSocketChannel.doFinishConnect(NioSocketChannel.java:327)
	at org.apache.ratis.thirdparty.io.netty.channel.nio.AbstractNioChannel$AbstractNioUnsafe.finishConnect(AbstractNioChannel.java:340)
	at org.apache.ratis.thirdparty.io.netty.channel.nio.NioEventLoop.processSelectedKey(NioEventLoop.java:632)
	at org.apache.ratis.thirdparty.io.netty.channel.nio.NioEventLoop.processSelectedKeysOptimized(NioEventLoop.java:579)
	at org.apache.ratis.thirdparty.io.netty.channel.nio.NioEventLoop.processSelectedKeys(NioEventLoop.java:496)
	at org.apache.ratis.thirdparty.io.netty.channel.nio.NioEventLoop.run(NioEventLoop.java:458)
	at org.apache.ratis.thirdparty.io.netty.util.concurrent.SingleThreadEventExecutor$5.run(SingleThreadEventExecutor.java:897)
	at org.apache.ratis.thirdparty.io.netty.util.concurrent.FastThreadLocalRunnable.run(FastThreadLocalRunnable.java:30)
	... 1 more
Caused by: java.net.ConnectException: Connection refused
	... 11 more
2019-09-26 15:56:33,806 [grpc-default-executor-9] INFO  impl.RaftServerImpl (ServerState.java:setLeader(253)) - df750c94-8ed5-41db-9fb9-c6d6817b974c@group-1F5A0F98849F: change Leader from 9dd345de-fd94-4ade-9113-414a99133fea to null at term 2 for updateCurrentTerm
2019-09-26 15:56:33,806 [grpc-default-executor-9] INFO  impl.RaftServerImpl (RaftServerImpl.java:setRole(174)) - df750c94-8ed5-41db-9fb9-c6d6817b974c@group-1F5A0F98849F: changes role from  FOLLOWER to FOLLOWER at term 2 for recognizeCandidate:94c8a847-7d00-459a-8381-acafdc795e09
2019-09-26 15:56:33,806 [grpc-default-executor-9] INFO  impl.RoleInfo (RoleInfo.java:shutdownFollowerState(121)) - df750c94-8ed5-41db-9fb9-c6d6817b974c: shutdown FollowerState
2019-09-26 15:56:33,806 [grpc-default-executor-9] INFO  impl.RoleInfo (RoleInfo.java:updateAndGet(143)) - df750c94-8ed5-41db-9fb9-c6d6817b974c: start FollowerState
2019-09-26 15:56:33,807 [Thread-2989] INFO  impl.FollowerState (FollowerState.java:run(115)) - df750c94-8ed5-41db-9fb9-c6d6817b974c: FollowerState was interrupted: java.lang.InterruptedException: sleep interrupted
2019-09-26 15:56:33,823 [94c8a847-7d00-459a-8381-acafdc795e09@group-1F5A0F98849F:LeaderElection63] INFO  impl.LeaderElection (LeaderElection.java:logAndReturn(56)) - 94c8a847-7d00-459a-8381-acafdc795e09@group-1F5A0F98849F:LeaderElection63: Election PASSED; received 1 response(s) [94c8a847-7d00-459a-8381-acafdc795e09<-df750c94-8ed5-41db-9fb9-c6d6817b974c#0:OK-t2] and 1 exception(s); 94c8a847-7d00-459a-8381-acafdc795e09@group-1F5A0F98849F:t2, leader=null, voted=94c8a847-7d00-459a-8381-acafdc795e09, raftlog=94c8a847-7d00-459a-8381-acafdc795e09@group-1F5A0F98849F-SegmentedRaftLog:OPENED:c16,f16,i16, conf=0: [94c8a847-7d00-459a-8381-acafdc795e09:192.168.164.210:39822, 9dd345de-fd94-4ade-9113-414a99133fea:192.168.164.210:42557, df750c94-8ed5-41db-9fb9-c6d6817b974c:192.168.164.210:42731], old=null
2019-09-26 15:56:33,823 [94c8a847-7d00-459a-8381-acafdc795e09@group-1F5A0F98849F:LeaderElection63] INFO  impl.LeaderElection (LogUtils.java:infoOrTrace(149)) -   Exception 0: {}
java.util.concurrent.ExecutionException: org.apache.ratis.thirdparty.io.grpc.StatusRuntimeException: UNAVAILABLE: io exception
	at java.util.concurrent.FutureTask.report(FutureTask.java:122)
	at java.util.concurrent.FutureTask.get(FutureTask.java:192)
	at org.apache.ratis.server.impl.LeaderElection.waitForResults(LeaderElection.java:263)
	at org.apache.ratis.server.impl.LeaderElection.askForVotes(LeaderElection.java:201)
	at org.apache.ratis.server.impl.LeaderElection.run(LeaderElection.java:133)
	at java.lang.Thread.run(Thread.java:748)
Caused by: org.apache.ratis.thirdparty.io.grpc.StatusRuntimeException: UNAVAILABLE: io exception
	at org.apache.ratis.thirdparty.io.grpc.stub.ClientCalls.toStatusRuntimeException(ClientCalls.java:233)
	at org.apache.ratis.thirdparty.io.grpc.stub.ClientCalls.getUnchecked(ClientCalls.java:214)
	at org.apache.ratis.thirdparty.io.grpc.stub.ClientCalls.blockingUnaryCall(ClientCalls.java:139)
	at org.apache.ratis.proto.grpc.RaftServerProtocolServiceGrpc$RaftServerProtocolServiceBlockingStub.requestVote(RaftServerProtocolServiceGrpc.java:265)
	at org.apache.ratis.grpc.server.GrpcServerProtocolClient.requestVote(GrpcServerProtocolClient.java:90)
	at org.apache.ratis.grpc.server.GrpcService.requestVote(GrpcService.java:204)
	at org.apache.ratis.server.impl.LeaderElection.lambda$submitRequests$1(LeaderElection.java:238)
	at java.util.concurrent.FutureTask.run(FutureTask.java:266)
	at java.util.concurrent.Executors$RunnableAdapter.call(Executors.java:511)
	at java.util.concurrent.FutureTask.run(FutureTask.java:266)
	at java.util.concurrent.ThreadPoolExecutor.runWorker(ThreadPoolExecutor.java:1149)
	at java.util.concurrent.ThreadPoolExecutor$Worker.run(ThreadPoolExecutor.java:624)
	... 1 more
Caused by: org.apache.ratis.thirdparty.io.netty.channel.AbstractChannel$AnnotatedConnectException: Connection refused: /192.168.164.210:42557
	at sun.nio.ch.SocketChannelImpl.checkConnect(Native Method)
	at sun.nio.ch.SocketChannelImpl.finishConnect(SocketChannelImpl.java:717)
	at org.apache.ratis.thirdparty.io.netty.channel.socket.nio.NioSocketChannel.doFinishConnect(NioSocketChannel.java:327)
	at org.apache.ratis.thirdparty.io.netty.channel.nio.AbstractNioChannel$AbstractNioUnsafe.finishConnect(AbstractNioChannel.java:340)
	at org.apache.ratis.thirdparty.io.netty.channel.nio.NioEventLoop.processSelectedKey(NioEventLoop.java:632)
	at org.apache.ratis.thirdparty.io.netty.channel.nio.NioEventLoop.processSelectedKeysOptimized(NioEventLoop.java:579)
	at org.apache.ratis.thirdparty.io.netty.channel.nio.NioEventLoop.processSelectedKeys(NioEventLoop.java:496)
	at org.apache.ratis.thirdparty.io.netty.channel.nio.NioEventLoop.run(NioEventLoop.java:458)
	at org.apache.ratis.thirdparty.io.netty.util.concurrent.SingleThreadEventExecutor$5.run(SingleThreadEventExecutor.java:897)
	at org.apache.ratis.thirdparty.io.netty.util.concurrent.FastThreadLocalRunnable.run(FastThreadLocalRunnable.java:30)
	... 1 more
Caused by: java.net.ConnectException: Connection refused
	... 11 more
2019-09-26 15:56:33,823 [94c8a847-7d00-459a-8381-acafdc795e09@group-1F5A0F98849F:LeaderElection63] INFO  impl.RoleInfo (RoleInfo.java:shutdownLeaderElection(134)) - 94c8a847-7d00-459a-8381-acafdc795e09: shutdown LeaderElection
2019-09-26 15:56:33,823 [94c8a847-7d00-459a-8381-acafdc795e09@group-1F5A0F98849F:LeaderElection63] INFO  impl.RaftServerImpl (RaftServerImpl.java:setRole(174)) - 94c8a847-7d00-459a-8381-acafdc795e09@group-1F5A0F98849F: changes role from CANDIDATE to LEADER at term 2 for changeToLeader
2019-09-26 15:56:33,823 [94c8a847-7d00-459a-8381-acafdc795e09@group-1F5A0F98849F:LeaderElection63] INFO  impl.RaftServerImpl (ServerState.java:setLeader(253)) - 94c8a847-7d00-459a-8381-acafdc795e09@group-1F5A0F98849F: change Leader from null to 94c8a847-7d00-459a-8381-acafdc795e09 at term 2 for becomeLeader, leader elected after 38ms
2019-09-26 15:56:33,824 [94c8a847-7d00-459a-8381-acafdc795e09@group-1F5A0F98849F:LeaderElection63] INFO  server.RaftServerConfigKeys (ConfUtils.java:logGet(43)) - raft.server.staging.catchup.gap = 1000 (default)
2019-09-26 15:56:33,824 [94c8a847-7d00-459a-8381-acafdc795e09@group-1F5A0F98849F:LeaderElection63] INFO  server.RaftServerConfigKeys (ConfUtils.java:logGet(43)) - raft.server.rpc.sleep.time = 25ms (default)
2019-09-26 15:56:33,824 [94c8a847-7d00-459a-8381-acafdc795e09@group-1F5A0F98849F:LeaderElection63] INFO  server.RaftServerConfigKeys (ConfUtils.java:logGet(43)) - raft.server.write.element-limit = 4096 (default)
2019-09-26 15:56:33,824 [94c8a847-7d00-459a-8381-acafdc795e09@group-1F5A0F98849F:LeaderElection63] INFO  server.RaftServerConfigKeys (ConfUtils.java:logGet(43)) - raft.server.watch.timeout = 10s (default)
2019-09-26 15:56:33,824 [94c8a847-7d00-459a-8381-acafdc795e09@group-1F5A0F98849F:LeaderElection63] INFO  server.RaftServerConfigKeys (ConfUtils.java:logGet(43)) - raft.server.watch.timeout.denomination = 1s (default)
2019-09-26 15:56:33,824 [94c8a847-7d00-459a-8381-acafdc795e09@group-1F5A0F98849F:LeaderElection63] INFO  server.RaftServerConfigKeys (ConfUtils.java:logGet(43)) - raft.server.watch.element-limit = 65536 (default)
2019-09-26 15:56:33,826 [94c8a847-7d00-459a-8381-acafdc795e09@group-1F5A0F98849F:LeaderElection63] INFO  server.RaftServerConfigKeys (ConfUtils.java:logGet(43)) - raft.server.log.appender.snapshot.chunk.size.max = 16MB (=16777216) (default)
2019-09-26 15:56:33,826 [94c8a847-7d00-459a-8381-acafdc795e09@group-1F5A0F98849F:LeaderElection63] INFO  server.RaftServerConfigKeys (ConfUtils.java:logGet(43)) - raft.server.log.appender.buffer.byte-limit = 33554432 (custom)
2019-09-26 15:56:33,826 [94c8a847-7d00-459a-8381-acafdc795e09@group-1F5A0F98849F:LeaderElection63] INFO  server.RaftServerConfigKeys (ConfUtils.java:logGet(43)) - raft.server.log.appender.buffer.element-limit = 1 (custom)
2019-09-26 15:56:33,826 [94c8a847-7d00-459a-8381-acafdc795e09@group-1F5A0F98849F:LeaderElection63] INFO  grpc.GrpcConfigKeys$Server (ConfUtils.java:logGet(43)) - raft.grpc.server.leader.outstanding.appends.max = 128 (default)
2019-09-26 15:56:33,826 [94c8a847-7d00-459a-8381-acafdc795e09@group-1F5A0F98849F:LeaderElection63] INFO  server.RaftServerConfigKeys (ConfUtils.java:logGet(43)) - raft.server.rpc.request.timeout = 3000ms (default)
2019-09-26 15:56:33,827 [94c8a847-7d00-459a-8381-acafdc795e09@group-1F5A0F98849F:LeaderElection63] INFO  server.RaftServerConfigKeys (ConfUtils.java:logGet(43)) - raft.server.log.appender.install.snapshot.enabled = false (custom)
2019-09-26 15:56:33,827 [94c8a847-7d00-459a-8381-acafdc795e09@group-1F5A0F98849F:LeaderElection63] INFO  server.RaftServerConfigKeys (ConfUtils.java:logGet(43)) - raft.server.log.appender.snapshot.chunk.size.max = 16MB (=16777216) (default)
2019-09-26 15:56:33,827 [94c8a847-7d00-459a-8381-acafdc795e09@group-1F5A0F98849F:LeaderElection63] INFO  server.RaftServerConfigKeys (ConfUtils.java:logGet(43)) - raft.server.log.appender.buffer.byte-limit = 33554432 (custom)
2019-09-26 15:56:33,827 [94c8a847-7d00-459a-8381-acafdc795e09@group-1F5A0F98849F:LeaderElection63] INFO  server.RaftServerConfigKeys (ConfUtils.java:logGet(43)) - raft.server.log.appender.buffer.element-limit = 1 (custom)
2019-09-26 15:56:33,827 [94c8a847-7d00-459a-8381-acafdc795e09@group-1F5A0F98849F:LeaderElection63] INFO  grpc.GrpcConfigKeys$Server (ConfUtils.java:logGet(43)) - raft.grpc.server.leader.outstanding.appends.max = 128 (default)
2019-09-26 15:56:33,827 [94c8a847-7d00-459a-8381-acafdc795e09@group-1F5A0F98849F:LeaderElection63] INFO  server.RaftServerConfigKeys (ConfUtils.java:logGet(43)) - raft.server.rpc.request.timeout = 3000ms (default)
2019-09-26 15:56:33,827 [94c8a847-7d00-459a-8381-acafdc795e09@group-1F5A0F98849F:LeaderElection63] INFO  server.RaftServerConfigKeys (ConfUtils.java:logGet(43)) - raft.server.log.appender.install.snapshot.enabled = false (custom)
2019-09-26 15:56:33,827 [94c8a847-7d00-459a-8381-acafdc795e09@group-1F5A0F98849F:LeaderElection63] INFO  impl.RoleInfo (RoleInfo.java:updateAndGet(143)) - 94c8a847-7d00-459a-8381-acafdc795e09: start LeaderState
2019-09-26 15:56:33,828 [94c8a847-7d00-459a-8381-acafdc795e09@group-1F5A0F98849F:LeaderElection63] INFO  segmented.SegmentedRaftLogWorker (SegmentedRaftLogWorker.java:rollLogSegment(385)) - 94c8a847-7d00-459a-8381-acafdc795e09@group-1F5A0F98849F-SegmentedRaftLogWorker: Rolling segment log-0_16 to index:16
2019-09-26 15:56:33,829 [94c8a847-7d00-459a-8381-acafdc795e09@group-1F5A0F98849F:LeaderElection63] INFO  impl.RaftServerImpl (ServerState.java:setRaftConf(354)) - 94c8a847-7d00-459a-8381-acafdc795e09@group-1F5A0F98849F: set configuration 17: [94c8a847-7d00-459a-8381-acafdc795e09:192.168.164.210:39822, 9dd345de-fd94-4ade-9113-414a99133fea:192.168.164.210:42557, df750c94-8ed5-41db-9fb9-c6d6817b974c:192.168.164.210:42731], old=null at 17
2019-09-26 15:56:33,829 [94c8a847-7d00-459a-8381-acafdc795e09@group-1F5A0F98849F-SegmentedRaftLogWorker] INFO  segmented.SegmentedRaftLogWorker (SegmentedRaftLogWorker.java:execute(526)) - 94c8a847-7d00-459a-8381-acafdc795e09@group-1F5A0F98849F-SegmentedRaftLogWorker: Rolled log segment from /workdir/hadoop-ozone/integration-test/target/test-dir/MiniOzoneClusterImpl-7cae8434-9510-4e3b-823e-048edbbfad91/datanode-4/data/ratis/15c5a63e-2770-4a70-a088-1f5a0f98849f/current/log_inprogress_0 to /workdir/hadoop-ozone/integration-test/target/test-dir/MiniOzoneClusterImpl-7cae8434-9510-4e3b-823e-048edbbfad91/datanode-4/data/ratis/15c5a63e-2770-4a70-a088-1f5a0f98849f/current/log_0-16
2019-09-26 15:56:33,833 [grpc-default-executor-9] WARN  server.GrpcLogAppender (LogUtils.java:warn(134)) - 94c8a847-7d00-459a-8381-acafdc795e09@group-1F5A0F98849F->9dd345de-fd94-4ade-9113-414a99133fea-AppendLogResponseHandler: Failed appendEntries: org.apache.ratis.thirdparty.io.grpc.StatusRuntimeException: UNAVAILABLE: io exception
2019-09-26 15:56:33,858 [grpc-default-executor-9] INFO  impl.FollowerInfo (FollowerInfo.java:lambda$new$0(51)) - 94c8a847-7d00-459a-8381-acafdc795e09@group-1F5A0F98849F->9dd345de-fd94-4ade-9113-414a99133fea: nextIndex: updateUnconditionally 17 -> 1
2019-09-26 15:56:33,859 [grpc-default-executor-9] INFO  impl.RaftServerImpl (ServerState.java:setLeader(253)) - df750c94-8ed5-41db-9fb9-c6d6817b974c@group-1F5A0F98849F: change Leader from null to 94c8a847-7d00-459a-8381-acafdc795e09 at term 2 for appendEntries, leader elected after 53ms
2019-09-26 15:56:33,861 [grpc-default-executor-9] INFO  impl.RaftServerImpl (ServerState.java:setRaftConf(354)) - df750c94-8ed5-41db-9fb9-c6d6817b974c@group-1F5A0F98849F: set configuration 17: [94c8a847-7d00-459a-8381-acafdc795e09:192.168.164.210:39822, 9dd345de-fd94-4ade-9113-414a99133fea:192.168.164.210:42557, df750c94-8ed5-41db-9fb9-c6d6817b974c:192.168.164.210:42731], old=null at 17
2019-09-26 15:56:33,861 [grpc-default-executor-9] INFO  segmented.SegmentedRaftLogWorker (SegmentedRaftLogWorker.java:rollLogSegment(385)) - df750c94-8ed5-41db-9fb9-c6d6817b974c@group-1F5A0F98849F-SegmentedRaftLogWorker: Rolling segment log-0_16 to index:16
2019-09-26 15:56:33,862 [df750c94-8ed5-41db-9fb9-c6d6817b974c@group-1F5A0F98849F-SegmentedRaftLogWorker] INFO  segmented.SegmentedRaftLogWorker (SegmentedRaftLogWorker.java:execute(526)) - df750c94-8ed5-41db-9fb9-c6d6817b974c@group-1F5A0F98849F-SegmentedRaftLogWorker: Rolled log segment from /workdir/hadoop-ozone/integration-test/target/test-dir/MiniOzoneClusterImpl-7cae8434-9510-4e3b-823e-048edbbfad91/datanode-5/data/ratis/15c5a63e-2770-4a70-a088-1f5a0f98849f/current/log_inprogress_0 to /workdir/hadoop-ozone/integration-test/target/test-dir/MiniOzoneClusterImpl-7cae8434-9510-4e3b-823e-048edbbfad91/datanode-5/data/ratis/15c5a63e-2770-4a70-a088-1f5a0f98849f/current/log_0-16
2019-09-26 15:56:33,883 [94c8a847-7d00-459a-8381-acafdc795e09@group-1F5A0F98849F-SegmentedRaftLogWorker] INFO  segmented.SegmentedRaftLogWorker (SegmentedRaftLogWorker.java:execute(569)) - 94c8a847-7d00-459a-8381-acafdc795e09@group-1F5A0F98849F-SegmentedRaftLogWorker: created new log segment /workdir/hadoop-ozone/integration-test/target/test-dir/MiniOzoneClusterImpl-7cae8434-9510-4e3b-823e-048edbbfad91/datanode-4/data/ratis/15c5a63e-2770-4a70-a088-1f5a0f98849f/current/log_inprogress_17
2019-09-26 15:56:33,896 [df750c94-8ed5-41db-9fb9-c6d6817b974c@group-1F5A0F98849F-SegmentedRaftLogWorker] INFO  segmented.SegmentedRaftLogWorker (SegmentedRaftLogWorker.java:execute(569)) - df750c94-8ed5-41db-9fb9-c6d6817b974c@group-1F5A0F98849F-SegmentedRaftLogWorker: created new log segment /workdir/hadoop-ozone/integration-test/target/test-dir/MiniOzoneClusterImpl-7cae8434-9510-4e3b-823e-048edbbfad91/datanode-5/data/ratis/15c5a63e-2770-4a70-a088-1f5a0f98849f/current/log_inprogress_17
2019-09-26 15:56:33,916 [grpc-default-executor-10] WARN  server.GrpcLogAppender (LogUtils.java:warn(134)) - 94c8a847-7d00-459a-8381-acafdc795e09@group-1F5A0F98849F->9dd345de-fd94-4ade-9113-414a99133fea-AppendLogResponseHandler: Failed appendEntries: org.apache.ratis.thirdparty.io.grpc.StatusRuntimeException: UNAVAILABLE: io exception
2019-09-26 15:56:33,916 [grpc-default-executor-10] INFO  impl.FollowerInfo (FollowerInfo.java:lambda$new$0(51)) - 94c8a847-7d00-459a-8381-acafdc795e09@group-1F5A0F98849F->9dd345de-fd94-4ade-9113-414a99133fea: nextIndex: updateUnconditionally 2 -> 1
2019-09-26 15:56:33,934 [grpc-default-executor-9] WARN  server.GrpcLogAppender (LogUtils.java:warn(134)) - 94c8a847-7d00-459a-8381-acafdc795e09@group-1F5A0F98849F->9dd345de-fd94-4ade-9113-414a99133fea-AppendLogResponseHandler: Failed appendEntries: org.apache.ratis.thirdparty.io.grpc.StatusRuntimeException: UNAVAILABLE: io exception
2019-09-26 15:56:33,934 [grpc-default-executor-9] INFO  impl.FollowerInfo (FollowerInfo.java:lambda$new$0(51)) - 94c8a847-7d00-459a-8381-acafdc795e09@group-1F5A0F98849F->9dd345de-fd94-4ade-9113-414a99133fea: nextIndex: updateUnconditionally 2 -> 1
15:56:34.190 [grpc-default-executor-10] ERROR DNAudit - user=null | ip=null | op=WRITE_CHUNK {blockData=conID: 1 locID: 102859628518047757 bcsId: 14} | ret=FAILURE
org.apache.hadoop.hdds.scm.container.common.helpers.ContainerNotOpenException: Container 1 in CLOSING state
	at org.apache.hadoop.ozone.container.common.impl.HddsDispatcher.validateContainerCommand(HddsDispatcher.java:434) ~[hadoop-hdds-container-service-0.5.0-SNAPSHOT.jar:?]
	at org.apache.hadoop.ozone.container.common.transport.server.ratis.ContainerStateMachine.startTransaction(ContainerStateMachine.java:315) ~[hadoop-hdds-container-service-0.5.0-SNAPSHOT.jar:?]
	at org.apache.ratis.server.impl.RaftServerImpl.submitClientRequestAsync(RaftServerImpl.java:573) ~[ratis-server-0.4.0.jar:0.4.0]
	at org.apache.ratis.server.impl.RaftServerProxy.lambda$submitClientRequestAsync$7(RaftServerProxy.java:333) ~[ratis-server-0.4.0.jar:0.4.0]
	at org.apache.ratis.server.impl.RaftServerProxy.lambda$null$5(RaftServerProxy.java:328) ~[ratis-server-0.4.0.jar:0.4.0]
	at org.apache.ratis.util.JavaUtils.callAsUnchecked(JavaUtils.java:109) ~[ratis-common-0.4.0.jar:0.4.0]
	at org.apache.ratis.server.impl.RaftServerProxy.lambda$submitRequest$6(RaftServerProxy.java:328) ~[ratis-server-0.4.0.jar:0.4.0]
	at java.util.concurrent.CompletableFuture.uniComposeStage(CompletableFuture.java:981) ~[?:1.8.0_212]
	at java.util.concurrent.CompletableFuture.thenCompose(CompletableFuture.java:2124) ~[?:1.8.0_212]
	at org.apache.ratis.server.impl.RaftServerProxy.submitRequest(RaftServerProxy.java:327) ~[ratis-server-0.4.0.jar:0.4.0]
	at org.apache.ratis.server.impl.RaftServerProxy.submitClientRequestAsync(RaftServerProxy.java:333) ~[ratis-server-0.4.0.jar:0.4.0]
	at org.apache.ratis.grpc.client.GrpcClientProtocolService$RequestStreamObserver.processClientRequest(GrpcClientProtocolService.java:220) ~[ratis-grpc-0.4.0.jar:0.4.0]
	at org.apache.ratis.grpc.client.GrpcClientProtocolService$OrderedRequestStreamObserver.processClientRequest(GrpcClientProtocolService.java:326) ~[ratis-grpc-0.4.0.jar:0.4.0]
	at org.apache.ratis.util.SlidingWindow$Server.processRequestsFromHead(SlidingWindow.java:429) [ratis-common-0.4.0.jar:0.4.0]
	at org.apache.ratis.util.SlidingWindow$Server.receivedRequest(SlidingWindow.java:421) [ratis-common-0.4.0.jar:0.4.0]
	at org.apache.ratis.grpc.client.GrpcClientProtocolService$OrderedRequestStreamObserver.processClientRequest(GrpcClientProtocolService.java:345) [ratis-grpc-0.4.0.jar:0.4.0]
	at org.apache.ratis.grpc.client.GrpcClientProtocolService$RequestStreamObserver.onNext(GrpcClientProtocolService.java:240) [ratis-grpc-0.4.0.jar:0.4.0]
	at org.apache.ratis.grpc.client.GrpcClientProtocolService$RequestStreamObserver.onNext(GrpcClientProtocolService.java:168) [ratis-grpc-0.4.0.jar:0.4.0]
	at org.apache.ratis.thirdparty.io.grpc.stub.ServerCalls$StreamingServerCallHandler$StreamingServerCallListener.onMessage(ServerCalls.java:248) [ratis-thirdparty-misc-0.2.0.jar:0.2.0]
	at org.apache.ratis.thirdparty.io.grpc.internal.ServerCallImpl$ServerStreamListenerImpl.messagesAvailable(ServerCallImpl.java:263) [ratis-thirdparty-misc-0.2.0.jar:0.2.0]
	at org.apache.ratis.thirdparty.io.grpc.internal.ServerImpl$JumpToApplicationThreadServerStreamListener$1MessagesAvailable.runInContext(ServerImpl.java:686) [ratis-thirdparty-misc-0.2.0.jar:0.2.0]
	at org.apache.ratis.thirdparty.io.grpc.internal.ContextRunnable.run(ContextRunnable.java:37) [ratis-thirdparty-misc-0.2.0.jar:0.2.0]
	at org.apache.ratis.thirdparty.io.grpc.internal.SerializingExecutor.run(SerializingExecutor.java:123) [ratis-thirdparty-misc-0.2.0.jar:0.2.0]
	at java.util.concurrent.ThreadPoolExecutor.runWorker(ThreadPoolExecutor.java:1149) [?:1.8.0_212]
	at java.util.concurrent.ThreadPoolExecutor$Worker.run(ThreadPoolExecutor.java:624) [?:1.8.0_212]
	at java.lang.Thread.run(Thread.java:748) [?:1.8.0_212]
15:56:34.201 [grpc-default-executor-9] ERROR DNAudit - user=null | ip=null | op=WRITE_CHUNK {blockData=conID: 1 locID: 102859628518047757 bcsId: 14} | ret=FAILURE
org.apache.hadoop.hdds.scm.container.common.helpers.ContainerNotOpenException: Container 1 in CLOSING state
	at org.apache.hadoop.ozone.container.common.impl.HddsDispatcher.validateContainerCommand(HddsDispatcher.java:434) ~[hadoop-hdds-container-service-0.5.0-SNAPSHOT.jar:?]
	at org.apache.hadoop.ozone.container.common.transport.server.ratis.ContainerStateMachine.startTransaction(ContainerStateMachine.java:315) ~[hadoop-hdds-container-service-0.5.0-SNAPSHOT.jar:?]
	at org.apache.ratis.server.impl.RaftServerImpl.submitClientRequestAsync(RaftServerImpl.java:573) ~[ratis-server-0.4.0.jar:0.4.0]
	at org.apache.ratis.server.impl.RaftServerProxy.lambda$submitClientRequestAsync$7(RaftServerProxy.java:333) ~[ratis-server-0.4.0.jar:0.4.0]
	at org.apache.ratis.server.impl.RaftServerProxy.lambda$null$5(RaftServerProxy.java:328) ~[ratis-server-0.4.0.jar:0.4.0]
	at org.apache.ratis.util.JavaUtils.callAsUnchecked(JavaUtils.java:109) ~[ratis-common-0.4.0.jar:0.4.0]
	at org.apache.ratis.server.impl.RaftServerProxy.lambda$submitRequest$6(RaftServerProxy.java:328) ~[ratis-server-0.4.0.jar:0.4.0]
	at java.util.concurrent.CompletableFuture.uniComposeStage(CompletableFuture.java:981) ~[?:1.8.0_212]
	at java.util.concurrent.CompletableFuture.thenCompose(CompletableFuture.java:2124) ~[?:1.8.0_212]
	at org.apache.ratis.server.impl.RaftServerProxy.submitRequest(RaftServerProxy.java:327) ~[ratis-server-0.4.0.jar:0.4.0]
	at org.apache.ratis.server.impl.RaftServerProxy.submitClientRequestAsync(RaftServerProxy.java:333) ~[ratis-server-0.4.0.jar:0.4.0]
	at org.apache.ratis.grpc.client.GrpcClientProtocolService$RequestStreamObserver.processClientRequest(GrpcClientProtocolService.java:220) ~[ratis-grpc-0.4.0.jar:0.4.0]
	at org.apache.ratis.grpc.client.GrpcClientProtocolService$OrderedRequestStreamObserver.processClientRequest(GrpcClientProtocolService.java:326) ~[ratis-grpc-0.4.0.jar:0.4.0]
	at org.apache.ratis.util.SlidingWindow$Server.processRequestsFromHead(SlidingWindow.java:429) [ratis-common-0.4.0.jar:0.4.0]
	at org.apache.ratis.util.SlidingWindow$Server.receivedRequest(SlidingWindow.java:421) [ratis-common-0.4.0.jar:0.4.0]
	at org.apache.ratis.grpc.client.GrpcClientProtocolService$OrderedRequestStreamObserver.processClientRequest(GrpcClientProtocolService.java:345) [ratis-grpc-0.4.0.jar:0.4.0]
	at org.apache.ratis.grpc.client.GrpcClientProtocolService$RequestStreamObserver.onNext(GrpcClientProtocolService.java:240) [ratis-grpc-0.4.0.jar:0.4.0]
	at org.apache.ratis.grpc.client.GrpcClientProtocolService$RequestStreamObserver.onNext(GrpcClientProtocolService.java:168) [ratis-grpc-0.4.0.jar:0.4.0]
	at org.apache.ratis.thirdparty.io.grpc.stub.ServerCalls$StreamingServerCallHandler$StreamingServerCallListener.onMessage(ServerCalls.java:248) [ratis-thirdparty-misc-0.2.0.jar:0.2.0]
	at org.apache.ratis.thirdparty.io.grpc.internal.ServerCallImpl$ServerStreamListenerImpl.messagesAvailable(ServerCallImpl.java:263) [ratis-thirdparty-misc-0.2.0.jar:0.2.0]
	at org.apache.ratis.thirdparty.io.grpc.internal.ServerImpl$JumpToApplicationThreadServerStreamListener$1MessagesAvailable.runInContext(ServerImpl.java:686) [ratis-thirdparty-misc-0.2.0.jar:0.2.0]
	at org.apache.ratis.thirdparty.io.grpc.internal.ContextRunnable.run(ContextRunnable.java:37) [ratis-thirdparty-misc-0.2.0.jar:0.2.0]
	at org.apache.ratis.thirdparty.io.grpc.internal.SerializingExecutor.run(SerializingExecutor.java:123) [ratis-thirdparty-misc-0.2.0.jar:0.2.0]
	at java.util.concurrent.ThreadPoolExecutor.runWorker(ThreadPoolExecutor.java:1149) [?:1.8.0_212]
	at java.util.concurrent.ThreadPoolExecutor$Worker.run(ThreadPoolExecutor.java:624) [?:1.8.0_212]
	at java.lang.Thread.run(Thread.java:748) [?:1.8.0_212]
15:56:34.203 [grpc-default-executor-9] ERROR DNAudit - user=null | ip=null | op=PUT_BLOCK {blockData=[blockId=conID: 1 locID: 102859628518047757 bcsId: 0,size=650]} | ret=FAILURE
org.apache.hadoop.hdds.scm.container.common.helpers.ContainerNotOpenException: Container 1 in CLOSING state
	at org.apache.hadoop.ozone.container.common.impl.HddsDispatcher.validateContainerCommand(HddsDispatcher.java:434) ~[hadoop-hdds-container-service-0.5.0-SNAPSHOT.jar:?]
	at org.apache.hadoop.ozone.container.common.transport.server.ratis.ContainerStateMachine.startTransaction(ContainerStateMachine.java:315) ~[hadoop-hdds-container-service-0.5.0-SNAPSHOT.jar:?]
	at org.apache.ratis.server.impl.RaftServerImpl.submitClientRequestAsync(RaftServerImpl.java:573) ~[ratis-server-0.4.0.jar:0.4.0]
	at org.apache.ratis.server.impl.RaftServerProxy.lambda$submitClientRequestAsync$7(RaftServerProxy.java:333) ~[ratis-server-0.4.0.jar:0.4.0]
	at org.apache.ratis.server.impl.RaftServerProxy.lambda$null$5(RaftServerProxy.java:328) ~[ratis-server-0.4.0.jar:0.4.0]
	at org.apache.ratis.util.JavaUtils.callAsUnchecked(JavaUtils.java:109) ~[ratis-common-0.4.0.jar:0.4.0]
	at org.apache.ratis.server.impl.RaftServerProxy.lambda$submitRequest$6(RaftServerProxy.java:328) ~[ratis-server-0.4.0.jar:0.4.0]
	at java.util.concurrent.CompletableFuture.uniComposeStage(CompletableFuture.java:981) ~[?:1.8.0_212]
	at java.util.concurrent.CompletableFuture.thenCompose(CompletableFuture.java:2124) ~[?:1.8.0_212]
	at org.apache.ratis.server.impl.RaftServerProxy.submitRequest(RaftServerProxy.java:327) ~[ratis-server-0.4.0.jar:0.4.0]
	at org.apache.ratis.server.impl.RaftServerProxy.submitClientRequestAsync(RaftServerProxy.java:333) ~[ratis-server-0.4.0.jar:0.4.0]
	at org.apache.ratis.grpc.client.GrpcClientProtocolService$RequestStreamObserver.processClientRequest(GrpcClientProtocolService.java:220) ~[ratis-grpc-0.4.0.jar:0.4.0]
	at org.apache.ratis.grpc.client.GrpcClientProtocolService$OrderedRequestStreamObserver.processClientRequest(GrpcClientProtocolService.java:326) ~[ratis-grpc-0.4.0.jar:0.4.0]
	at org.apache.ratis.util.SlidingWindow$Server.processRequestsFromHead(SlidingWindow.java:429) [ratis-common-0.4.0.jar:0.4.0]
	at org.apache.ratis.util.SlidingWindow$Server.receivedRequest(SlidingWindow.java:421) [ratis-common-0.4.0.jar:0.4.0]
	at org.apache.ratis.grpc.client.GrpcClientProtocolService$OrderedRequestStreamObserver.processClientRequest(GrpcClientProtocolService.java:345) [ratis-grpc-0.4.0.jar:0.4.0]
	at org.apache.ratis.grpc.client.GrpcClientProtocolService$RequestStreamObserver.onNext(GrpcClientProtocolService.java:240) [ratis-grpc-0.4.0.jar:0.4.0]
	at org.apache.ratis.grpc.client.GrpcClientProtocolService$RequestStreamObserver.onNext(GrpcClientProtocolService.java:168) [ratis-grpc-0.4.0.jar:0.4.0]
	at org.apache.ratis.thirdparty.io.grpc.stub.ServerCalls$StreamingServerCallHandler$StreamingServerCallListener.onMessage(ServerCalls.java:248) [ratis-thirdparty-misc-0.2.0.jar:0.2.0]
	at org.apache.ratis.thirdparty.io.grpc.internal.ServerCallImpl$ServerStreamListenerImpl.messagesAvailable(ServerCallImpl.java:263) [ratis-thirdparty-misc-0.2.0.jar:0.2.0]
	at org.apache.ratis.thirdparty.io.grpc.internal.ServerImpl$JumpToApplicationThreadServerStreamListener$1MessagesAvailable.runInContext(ServerImpl.java:686) [ratis-thirdparty-misc-0.2.0.jar:0.2.0]
	at org.apache.ratis.thirdparty.io.grpc.internal.ContextRunnable.run(ContextRunnable.java:37) [ratis-thirdparty-misc-0.2.0.jar:0.2.0]
	at org.apache.ratis.thirdparty.io.grpc.internal.SerializingExecutor.run(SerializingExecutor.java:123) [ratis-thirdparty-misc-0.2.0.jar:0.2.0]
	at java.util.concurrent.ThreadPoolExecutor.runWorker(ThreadPoolExecutor.java:1149) [?:1.8.0_212]
	at java.util.concurrent.ThreadPoolExecutor$Worker.run(ThreadPoolExecutor.java:624) [?:1.8.0_212]
	at java.lang.Thread.run(Thread.java:748) [?:1.8.0_212]
15:56:34.214 [grpc-default-executor-9] ERROR DNAudit - user=null | ip=null | op=WRITE_CHUNK {blockData=conID: 1 locID: 102859628518047757 bcsId: 14} | ret=FAILURE
org.apache.hadoop.hdds.scm.container.common.helpers.ContainerNotOpenException: Container 1 in CLOSING state
	at org.apache.hadoop.ozone.container.common.impl.HddsDispatcher.validateContainerCommand(HddsDispatcher.java:434) ~[hadoop-hdds-container-service-0.5.0-SNAPSHOT.jar:?]
	at org.apache.hadoop.ozone.container.common.transport.server.ratis.ContainerStateMachine.startTransaction(ContainerStateMachine.java:315) ~[hadoop-hdds-container-service-0.5.0-SNAPSHOT.jar:?]
	at org.apache.ratis.server.impl.RaftServerImpl.submitClientRequestAsync(RaftServerImpl.java:573) ~[ratis-server-0.4.0.jar:0.4.0]
	at org.apache.ratis.server.impl.RaftServerProxy.lambda$submitClientRequestAsync$7(RaftServerProxy.java:333) ~[ratis-server-0.4.0.jar:0.4.0]
	at org.apache.ratis.server.impl.RaftServerProxy.lambda$null$5(RaftServerProxy.java:328) ~[ratis-server-0.4.0.jar:0.4.0]
	at org.apache.ratis.util.JavaUtils.callAsUnchecked(JavaUtils.java:109) ~[ratis-common-0.4.0.jar:0.4.0]
	at org.apache.ratis.server.impl.RaftServerProxy.lambda$submitRequest$6(RaftServerProxy.java:328) ~[ratis-server-0.4.0.jar:0.4.0]
	at java.util.concurrent.CompletableFuture.uniComposeStage(CompletableFuture.java:981) ~[?:1.8.0_212]
	at java.util.concurrent.CompletableFuture.thenCompose(CompletableFuture.java:2124) ~[?:1.8.0_212]
	at org.apache.ratis.server.impl.RaftServerProxy.submitRequest(RaftServerProxy.java:327) ~[ratis-server-0.4.0.jar:0.4.0]
	at org.apache.ratis.server.impl.RaftServerProxy.submitClientRequestAsync(RaftServerProxy.java:333) ~[ratis-server-0.4.0.jar:0.4.0]
	at org.apache.ratis.grpc.client.GrpcClientProtocolService$RequestStreamObserver.processClientRequest(GrpcClientProtocolService.java:220) ~[ratis-grpc-0.4.0.jar:0.4.0]
	at org.apache.ratis.grpc.client.GrpcClientProtocolService$OrderedRequestStreamObserver.processClientRequest(GrpcClientProtocolService.java:326) ~[ratis-grpc-0.4.0.jar:0.4.0]
	at org.apache.ratis.util.SlidingWindow$Server.processRequestsFromHead(SlidingWindow.java:429) [ratis-common-0.4.0.jar:0.4.0]
	at org.apache.ratis.util.SlidingWindow$Server.receivedRequest(SlidingWindow.java:421) [ratis-common-0.4.0.jar:0.4.0]
	at org.apache.ratis.grpc.client.GrpcClientProtocolService$OrderedRequestStreamObserver.processClientRequest(GrpcClientProtocolService.java:345) [ratis-grpc-0.4.0.jar:0.4.0]
	at org.apache.ratis.grpc.client.GrpcClientProtocolService$RequestStreamObserver.onNext(GrpcClientProtocolService.java:240) [ratis-grpc-0.4.0.jar:0.4.0]
	at org.apache.ratis.grpc.client.GrpcClientProtocolService$RequestStreamObserver.onNext(GrpcClientProtocolService.java:168) [ratis-grpc-0.4.0.jar:0.4.0]
	at org.apache.ratis.thirdparty.io.grpc.stub.ServerCalls$StreamingServerCallHandler$StreamingServerCallListener.onMessage(ServerCalls.java:248) [ratis-thirdparty-misc-0.2.0.jar:0.2.0]
	at org.apache.ratis.thirdparty.io.grpc.internal.ServerCallImpl$ServerStreamListenerImpl.messagesAvailable(ServerCallImpl.java:263) [ratis-thirdparty-misc-0.2.0.jar:0.2.0]
	at org.apache.ratis.thirdparty.io.grpc.internal.ServerImpl$JumpToApplicationThreadServerStreamListener$1MessagesAvailable.runInContext(ServerImpl.java:686) [ratis-thirdparty-misc-0.2.0.jar:0.2.0]
	at org.apache.ratis.thirdparty.io.grpc.internal.ContextRunnable.run(ContextRunnable.java:37) [ratis-thirdparty-misc-0.2.0.jar:0.2.0]
	at org.apache.ratis.thirdparty.io.grpc.internal.SerializingExecutor.run(SerializingExecutor.java:123) [ratis-thirdparty-misc-0.2.0.jar:0.2.0]
	at java.util.concurrent.ThreadPoolExecutor.runWorker(ThreadPoolExecutor.java:1149) [?:1.8.0_212]
	at java.util.concurrent.ThreadPoolExecutor$Worker.run(ThreadPoolExecutor.java:624) [?:1.8.0_212]
	at java.lang.Thread.run(Thread.java:748) [?:1.8.0_212]
15:56:34.219 [grpc-default-executor-9] ERROR DNAudit - user=null | ip=null | op=WRITE_CHUNK {blockData=conID: 1 locID: 102859628518047757 bcsId: 14} | ret=FAILURE
org.apache.hadoop.hdds.scm.container.common.helpers.ContainerNotOpenException: Container 1 in CLOSING state
	at org.apache.hadoop.ozone.container.common.impl.HddsDispatcher.validateContainerCommand(HddsDispatcher.java:434) ~[hadoop-hdds-container-service-0.5.0-SNAPSHOT.jar:?]
	at org.apache.hadoop.ozone.container.common.transport.server.ratis.ContainerStateMachine.startTransaction(ContainerStateMachine.java:315) ~[hadoop-hdds-container-service-0.5.0-SNAPSHOT.jar:?]
	at org.apache.ratis.server.impl.RaftServerImpl.submitClientRequestAsync(RaftServerImpl.java:573) ~[ratis-server-0.4.0.jar:0.4.0]
	at org.apache.ratis.server.impl.RaftServerProxy.lambda$submitClientRequestAsync$7(RaftServerProxy.java:333) ~[ratis-server-0.4.0.jar:0.4.0]
	at org.apache.ratis.server.impl.RaftServerProxy.lambda$null$5(RaftServerProxy.java:328) ~[ratis-server-0.4.0.jar:0.4.0]
	at org.apache.ratis.util.JavaUtils.callAsUnchecked(JavaUtils.java:109) ~[ratis-common-0.4.0.jar:0.4.0]
	at org.apache.ratis.server.impl.RaftServerProxy.lambda$submitRequest$6(RaftServerProxy.java:328) ~[ratis-server-0.4.0.jar:0.4.0]
	at java.util.concurrent.CompletableFuture.uniComposeStage(CompletableFuture.java:981) ~[?:1.8.0_212]
	at java.util.concurrent.CompletableFuture.thenCompose(CompletableFuture.java:2124) ~[?:1.8.0_212]
	at org.apache.ratis.server.impl.RaftServerProxy.submitRequest(RaftServerProxy.java:327) ~[ratis-server-0.4.0.jar:0.4.0]
	at org.apache.ratis.server.impl.RaftServerProxy.submitClientRequestAsync(RaftServerProxy.java:333) ~[ratis-server-0.4.0.jar:0.4.0]
	at org.apache.ratis.grpc.client.GrpcClientProtocolService$RequestStreamObserver.processClientRequest(GrpcClientProtocolService.java:220) ~[ratis-grpc-0.4.0.jar:0.4.0]
	at org.apache.ratis.grpc.client.GrpcClientProtocolService$OrderedRequestStreamObserver.processClientRequest(GrpcClientProtocolService.java:326) ~[ratis-grpc-0.4.0.jar:0.4.0]
	at org.apache.ratis.util.SlidingWindow$Server.processRequestsFromHead(SlidingWindow.java:429) [ratis-common-0.4.0.jar:0.4.0]
	at org.apache.ratis.util.SlidingWindow$Server.receivedRequest(SlidingWindow.java:421) [ratis-common-0.4.0.jar:0.4.0]
	at org.apache.ratis.grpc.client.GrpcClientProtocolService$OrderedRequestStreamObserver.processClientRequest(GrpcClientProtocolService.java:345) [ratis-grpc-0.4.0.jar:0.4.0]
	at org.apache.ratis.grpc.client.GrpcClientProtocolService$RequestStreamObserver.onNext(GrpcClientProtocolService.java:240) [ratis-grpc-0.4.0.jar:0.4.0]
	at org.apache.ratis.grpc.client.GrpcClientProtocolService$RequestStreamObserver.onNext(GrpcClientProtocolService.java:168) [ratis-grpc-0.4.0.jar:0.4.0]
	at org.apache.ratis.thirdparty.io.grpc.stub.ServerCalls$StreamingServerCallHandler$StreamingServerCallListener.onMessage(ServerCalls.java:248) [ratis-thirdparty-misc-0.2.0.jar:0.2.0]
	at org.apache.ratis.thirdparty.io.grpc.internal.ServerCallImpl$ServerStreamListenerImpl.messagesAvailable(ServerCallImpl.java:263) [ratis-thirdparty-misc-0.2.0.jar:0.2.0]
	at org.apache.ratis.thirdparty.io.grpc.internal.ServerImpl$JumpToApplicationThreadServerStreamListener$1MessagesAvailable.runInContext(ServerImpl.java:686) [ratis-thirdparty-misc-0.2.0.jar:0.2.0]
	at org.apache.ratis.thirdparty.io.grpc.internal.ContextRunnable.run(ContextRunnable.java:37) [ratis-thirdparty-misc-0.2.0.jar:0.2.0]
	at org.apache.ratis.thirdparty.io.grpc.internal.SerializingExecutor.run(SerializingExecutor.java:123) [ratis-thirdparty-misc-0.2.0.jar:0.2.0]
	at java.util.concurrent.ThreadPoolExecutor.runWorker(ThreadPoolExecutor.java:1149) [?:1.8.0_212]
	at java.util.concurrent.ThreadPoolExecutor$Worker.run(ThreadPoolExecutor.java:624) [?:1.8.0_212]
	at java.lang.Thread.run(Thread.java:748) [?:1.8.0_212]
15:56:34.221 [grpc-default-executor-9] ERROR DNAudit - user=null | ip=null | op=PUT_BLOCK {blockData=[blockId=conID: 1 locID: 102859628518047757 bcsId: 0,size=800]} | ret=FAILURE
org.apache.hadoop.hdds.scm.container.common.helpers.ContainerNotOpenException: Container 1 in CLOSING state
	at org.apache.hadoop.ozone.container.common.impl.HddsDispatcher.validateContainerCommand(HddsDispatcher.java:434) ~[hadoop-hdds-container-service-0.5.0-SNAPSHOT.jar:?]
	at org.apache.hadoop.ozone.container.common.transport.server.ratis.ContainerStateMachine.startTransaction(ContainerStateMachine.java:315) ~[hadoop-hdds-container-service-0.5.0-SNAPSHOT.jar:?]
	at org.apache.ratis.server.impl.RaftServerImpl.submitClientRequestAsync(RaftServerImpl.java:573) ~[ratis-server-0.4.0.jar:0.4.0]
	at org.apache.ratis.server.impl.RaftServerProxy.lambda$submitClientRequestAsync$7(RaftServerProxy.java:333) ~[ratis-server-0.4.0.jar:0.4.0]
	at org.apache.ratis.server.impl.RaftServerProxy.lambda$null$5(RaftServerProxy.java:328) ~[ratis-server-0.4.0.jar:0.4.0]
	at org.apache.ratis.util.JavaUtils.callAsUnchecked(JavaUtils.java:109) ~[ratis-common-0.4.0.jar:0.4.0]
	at org.apache.ratis.server.impl.RaftServerProxy.lambda$submitRequest$6(RaftServerProxy.java:328) ~[ratis-server-0.4.0.jar:0.4.0]
	at java.util.concurrent.CompletableFuture.uniComposeStage(CompletableFuture.java:981) ~[?:1.8.0_212]
	at java.util.concurrent.CompletableFuture.thenCompose(CompletableFuture.java:2124) ~[?:1.8.0_212]
	at org.apache.ratis.server.impl.RaftServerProxy.submitRequest(RaftServerProxy.java:327) ~[ratis-server-0.4.0.jar:0.4.0]
	at org.apache.ratis.server.impl.RaftServerProxy.submitClientRequestAsync(RaftServerProxy.java:333) ~[ratis-server-0.4.0.jar:0.4.0]
	at org.apache.ratis.grpc.client.GrpcClientProtocolService$RequestStreamObserver.processClientRequest(GrpcClientProtocolService.java:220) ~[ratis-grpc-0.4.0.jar:0.4.0]
	at org.apache.ratis.grpc.client.GrpcClientProtocolService$OrderedRequestStreamObserver.processClientRequest(GrpcClientProtocolService.java:326) ~[ratis-grpc-0.4.0.jar:0.4.0]
	at org.apache.ratis.util.SlidingWindow$Server.processRequestsFromHead(SlidingWindow.java:429) [ratis-common-0.4.0.jar:0.4.0]
	at org.apache.ratis.util.SlidingWindow$Server.receivedRequest(SlidingWindow.java:421) [ratis-common-0.4.0.jar:0.4.0]
	at org.apache.ratis.grpc.client.GrpcClientProtocolService$OrderedRequestStreamObserver.processClientRequest(GrpcClientProtocolService.java:345) [ratis-grpc-0.4.0.jar:0.4.0]
	at org.apache.ratis.grpc.client.GrpcClientProtocolService$RequestStreamObserver.onNext(GrpcClientProtocolService.java:240) [ratis-grpc-0.4.0.jar:0.4.0]
	at org.apache.ratis.grpc.client.GrpcClientProtocolService$RequestStreamObserver.onNext(GrpcClientProtocolService.java:168) [ratis-grpc-0.4.0.jar:0.4.0]
	at org.apache.ratis.thirdparty.io.grpc.stub.ServerCalls$StreamingServerCallHandler$StreamingServerCallListener.onMessage(ServerCalls.java:248) [ratis-thirdparty-misc-0.2.0.jar:0.2.0]
	at org.apache.ratis.thirdparty.io.grpc.internal.ServerCallImpl$ServerStreamListenerImpl.messagesAvailable(ServerCallImpl.java:263) [ratis-thirdparty-misc-0.2.0.jar:0.2.0]
	at org.apache.ratis.thirdparty.io.grpc.internal.ServerImpl$JumpToApplicationThreadServerStreamListener$1MessagesAvailable.runInContext(ServerImpl.java:686) [ratis-thirdparty-misc-0.2.0.jar:0.2.0]
	at org.apache.ratis.thirdparty.io.grpc.internal.ContextRunnable.run(ContextRunnable.java:37) [ratis-thirdparty-misc-0.2.0.jar:0.2.0]
	at org.apache.ratis.thirdparty.io.grpc.internal.SerializingExecutor.run(SerializingExecutor.java:123) [ratis-thirdparty-misc-0.2.0.jar:0.2.0]
	at java.util.concurrent.ThreadPoolExecutor.runWorker(ThreadPoolExecutor.java:1149) [?:1.8.0_212]
	at java.util.concurrent.ThreadPoolExecutor$Worker.run(ThreadPoolExecutor.java:624) [?:1.8.0_212]
	at java.lang.Thread.run(Thread.java:748) [?:1.8.0_212]
2019-09-26 15:56:34,581 [main] INFO  ozone.MiniOzoneClusterImpl (MiniOzoneClusterImpl.java:shutdown(314)) - Shutting down the Mini Ozone Cluster
2019-09-26 15:56:34,582 [main] INFO  ozone.MiniOzoneClusterImpl (MiniOzoneClusterImpl.java:stop(330)) - Stopping the Mini Ozone Cluster
2019-09-26 15:56:34,582 [main] INFO  ozone.MiniOzoneClusterImpl (MiniOzoneClusterImpl.java:stopOM(400)) - Stopping the OzoneManager
2019-09-26 15:56:34,582 [main] INFO  ipc.Server (Server.java:stop(3082)) - Stopping server on 42609
2019-09-26 15:56:34,592 [IPC Server listener on 42609] INFO  ipc.Server (Server.java:run(1185)) - Stopping IPC Server listener on 42609
2019-09-26 15:56:34,592 [main] INFO  ratis.OzoneManagerDoubleBuffer (OzoneManagerDoubleBuffer.java:stop(248)) - Stopping OMDoubleBuffer flush thread
2019-09-26 15:56:34,592 [IPC Server Responder] INFO  ipc.Server (Server.java:run(1319)) - Stopping IPC Server Responder
2019-09-26 15:56:34,592 [OMDoubleBufferFlushThread] INFO  ratis.OzoneManagerDoubleBuffer (OzoneManagerDoubleBuffer.java:flushTransactions(191)) - OMDoubleBuffer flush thread OMDoubleBufferFlushThread is interrupted and will exit. OMDoubleBufferFlushThread
2019-09-26 15:56:34,602 [main] INFO  utils.BackgroundService (BackgroundService.java:shutdown(148)) - Shutting down service KeyDeletingService
2019-09-26 15:56:34,608 [main] INFO  handler.ContextHandler (ContextHandler.java:doStop(910)) - Stopped o.e.j.w.WebAppContext@43c7fe8a{/,null,UNAVAILABLE}{/ozoneManager}
2019-09-26 15:56:34,609 [main] INFO  server.AbstractConnector (AbstractConnector.java:doStop(318)) - Stopped ServerConnector@67f946c3{HTTP/1.1,[http/1.1]}{0.0.0.0:0}
2019-09-26 15:56:34,609 [main] INFO  handler.ContextHandler (ContextHandler.java:doStop(910)) - Stopped o.e.j.s.ServletContextHandler@544e3679{/static,file:///workdir/hadoop-ozone/integration-test/target/test-classes/webapps/static,UNAVAILABLE}
2019-09-26 15:56:34,609 [main] INFO  handler.ContextHandler (ContextHandler.java:doStop(910)) - Stopped o.e.j.s.ServletContextHandler@23bd0c81{/logs,file:///workdir/hadoop-ozone/integration-test/target/log,UNAVAILABLE}
2019-09-26 15:56:34,611 [main] INFO  ozone.MiniOzoneClusterImpl (MiniOzoneClusterImpl.java:stopDatanodes(377)) - Stopping the HddsDatanodes
2019-09-26 15:56:34,798 [Datanode State Machine Thread - 0] INFO  statemachine.DatanodeStateMachine (DatanodeStateMachine.java:lambda$startDaemon$0(350)) - Ozone container server started.
2019-09-26 15:56:35,418 [Datanode State Machine Thread - 0] INFO  statemachine.DatanodeStateMachine (DatanodeStateMachine.java:lambda$startDaemon$0(350)) - Ozone container server started.
2019-09-26 15:56:36,435 [grpc-default-executor-11] WARN  server.GrpcLogAppender (LogUtils.java:warn(134)) - 94c8a847-7d00-459a-8381-acafdc795e09@group-1F5A0F98849F->9dd345de-fd94-4ade-9113-414a99133fea-AppendLogResponseHandler: Failed appendEntries: org.apache.ratis.thirdparty.io.grpc.StatusRuntimeException: UNAVAILABLE: io exception
2019-09-26 15:56:36,435 [grpc-default-executor-11] INFO  impl.FollowerInfo (FollowerInfo.java:lambda$new$0(51)) - 94c8a847-7d00-459a-8381-acafdc795e09@group-1F5A0F98849F->9dd345de-fd94-4ade-9113-414a99133fea: nextIndex: updateUnconditionally 1 -> 0
2019-09-26 15:56:38,826 [EventQueue-StaleNodeForStaleNodeHandler] INFO  node.StaleNodeHandler (StaleNodeHandler.java:onMessage(58)) - Datanode 94c8a847-7d00-459a-8381-acafdc795e09{ip: 192.168.164.210, host: pr-hdds-2185-nx5sg-2633547614, networkLocation: /default-rack, certSerialId: null} moved to stale state. Finalizing its pipelines [PipelineID=6e92f7f1-4a81-40ce-b5c3-749fe6e62b40, PipelineID=15c5a63e-2770-4a70-a088-1f5a0f98849f]
2019-09-26 15:56:38,826 [EventQueue-StaleNodeForStaleNodeHandler] INFO  pipeline.SCMPipelineManager (SCMPipelineManager.java:finalizeAndDestroyPipeline(315)) - destroying pipeline:Pipeline[ Id: 6e92f7f1-4a81-40ce-b5c3-749fe6e62b40, Nodes: 94c8a847-7d00-459a-8381-acafdc795e09{ip: 192.168.164.210, host: pr-hdds-2185-nx5sg-2633547614, networkLocation: /default-rack, certSerialId: null}, Type:RATIS, Factor:ONE, State:OPEN]
2019-09-26 15:56:38,827 [EventQueue-StaleNodeForStaleNodeHandler] INFO  pipeline.PipelineStateManager (PipelineStateManager.java:finalizePipeline(123)) - Pipeline Pipeline[ Id: 6e92f7f1-4a81-40ce-b5c3-749fe6e62b40, Nodes: 94c8a847-7d00-459a-8381-acafdc795e09{ip: 192.168.164.210, host: pr-hdds-2185-nx5sg-2633547614, networkLocation: /default-rack, certSerialId: null}, Type:RATIS, Factor:ONE, State:CLOSED] moved to CLOSED state
2019-09-26 15:56:38,827 [EventQueue-StaleNodeForStaleNodeHandler] INFO  pipeline.SCMPipelineManager (SCMPipelineManager.java:finalizeAndDestroyPipeline(315)) - destroying pipeline:Pipeline[ Id: 15c5a63e-2770-4a70-a088-1f5a0f98849f, Nodes: 9dd345de-fd94-4ade-9113-414a99133fea{ip: 192.168.164.210, host: pr-hdds-2185-nx5sg-2633547614, networkLocation: /default-rack, certSerialId: null}df750c94-8ed5-41db-9fb9-c6d6817b974c{ip: 192.168.164.210, host: pr-hdds-2185-nx5sg-2633547614, networkLocation: /default-rack, certSerialId: null}94c8a847-7d00-459a-8381-acafdc795e09{ip: 192.168.164.210, host: pr-hdds-2185-nx5sg-2633547614, networkLocation: /default-rack, certSerialId: null}, Type:RATIS, Factor:THREE, State:CLOSED]
2019-09-26 15:56:38,938 [grpc-default-executor-12] WARN  server.GrpcLogAppender (LogUtils.java:warn(134)) - 94c8a847-7d00-459a-8381-acafdc795e09@group-1F5A0F98849F->9dd345de-fd94-4ade-9113-414a99133fea-AppendLogResponseHandler: Failed appendEntries: org.apache.ratis.thirdparty.io.grpc.StatusRuntimeException: UNAVAILABLE: io exception
2019-09-26 15:56:38,939 [grpc-default-executor-12] INFO  impl.FollowerInfo (FollowerInfo.java:lambda$new$0(51)) - 94c8a847-7d00-459a-8381-acafdc795e09@group-1F5A0F98849F->9dd345de-fd94-4ade-9113-414a99133fea: nextIndex: updateUnconditionally 0 -> 0
2019-09-26 15:56:39,426 [EventQueue-StaleNodeForStaleNodeHandler] INFO  node.StaleNodeHandler (StaleNodeHandler.java:onMessage(58)) - Datanode 68000851-4b27-431c-8824-c5fb9d655992{ip: 192.168.164.210, host: pr-hdds-2185-nx5sg-2633547614, networkLocation: /default-rack, certSerialId: null} moved to stale state. Finalizing its pipelines [PipelineID=d747eee0-167b-4bbf-8b73-b902ff815e8a, PipelineID=6083c749-43c5-4ec1-a918-e0a1bfee1375]
2019-09-26 15:56:39,429 [EventQueue-StaleNodeForStaleNodeHandler] INFO  pipeline.SCMPipelineManager (SCMPipelineManager.java:finalizeAndDestroyPipeline(315)) - destroying pipeline:Pipeline[ Id: d747eee0-167b-4bbf-8b73-b902ff815e8a, Nodes: 68000851-4b27-431c-8824-c5fb9d655992{ip: 192.168.164.210, host: pr-hdds-2185-nx5sg-2633547614, networkLocation: /default-rack, certSerialId: null}4a94d0f0-a72e-405b-8a88-9ffe81034942{ip: 192.168.164.210, host: pr-hdds-2185-nx5sg-2633547614, networkLocation: /default-rack, certSerialId: null}4928e14d-160d-4293-8792-856e6c51102f{ip: 192.168.164.210, host: pr-hdds-2185-nx5sg-2633547614, networkLocation: /default-rack, certSerialId: null}, Type:RATIS, Factor:THREE, State:OPEN]
2019-09-26 15:56:39,430 [EventQueue-StaleNodeForStaleNodeHandler] INFO  pipeline.PipelineStateManager (PipelineStateManager.java:finalizePipeline(123)) - Pipeline Pipeline[ Id: d747eee0-167b-4bbf-8b73-b902ff815e8a, Nodes: 68000851-4b27-431c-8824-c5fb9d655992{ip: 192.168.164.210, host: pr-hdds-2185-nx5sg-2633547614, networkLocation: /default-rack, certSerialId: null}4a94d0f0-a72e-405b-8a88-9ffe81034942{ip: 192.168.164.210, host: pr-hdds-2185-nx5sg-2633547614, networkLocation: /default-rack, certSerialId: null}4928e14d-160d-4293-8792-856e6c51102f{ip: 192.168.164.210, host: pr-hdds-2185-nx5sg-2633547614, networkLocation: /default-rack, certSerialId: null}, Type:RATIS, Factor:THREE, State:CLOSED] moved to CLOSED state
2019-09-26 15:56:39,430 [EventQueue-CloseContainerForCloseContainerEventHandler] INFO  container.CloseContainerEventHandler (CloseContainerEventHandler.java:onMessage(61)) - Close container Event triggered for container : #2
2019-09-26 15:56:39,431 [EventQueue-StaleNodeForStaleNodeHandler] INFO  pipeline.SCMPipelineManager (SCMPipelineManager.java:finalizeAndDestroyPipeline(315)) - destroying pipeline:Pipeline[ Id: 6083c749-43c5-4ec1-a918-e0a1bfee1375, Nodes: 68000851-4b27-431c-8824-c5fb9d655992{ip: 192.168.164.210, host: pr-hdds-2185-nx5sg-2633547614, networkLocation: /default-rack, certSerialId: null}, Type:RATIS, Factor:ONE, State:OPEN]
2019-09-26 15:56:39,433 [EventQueue-StaleNodeForStaleNodeHandler] INFO  pipeline.PipelineStateManager (PipelineStateManager.java:finalizePipeline(123)) - Pipeline Pipeline[ Id: 6083c749-43c5-4ec1-a918-e0a1bfee1375, Nodes: 68000851-4b27-431c-8824-c5fb9d655992{ip: 192.168.164.210, host: pr-hdds-2185-nx5sg-2633547614, networkLocation: /default-rack, certSerialId: null}, Type:RATIS, Factor:ONE, State:CLOSED] moved to CLOSED state
2019-09-26 15:56:39,612 [ForkJoinPool.commonPool-worker-1] INFO  ozoneimpl.OzoneContainer (OzoneContainer.java:stop(231)) - Attempting to stop container services.
2019-09-26 15:56:39,612 [main] INFO  ozoneimpl.OzoneContainer (OzoneContainer.java:stop(231)) - Attempting to stop container services.
2019-09-26 15:56:39,613 [ForkJoinPool.commonPool-worker-1] INFO  impl.RaftServerProxy (RaftServerProxy.java:lambda$close$4(314)) - 68000851-4b27-431c-8824-c5fb9d655992: close
2019-09-26 15:56:39,613 [main] INFO  impl.RaftServerProxy (RaftServerProxy.java:lambda$close$4(314)) - 94c8a847-7d00-459a-8381-acafdc795e09: close
2019-09-26 15:56:39,613 [ForkJoinPool.commonPool-worker-1] INFO  impl.RaftServerImpl (RaftServerImpl.java:lambda$shutdown$3(251)) - 68000851-4b27-431c-8824-c5fb9d655992@group-B902FF815E8A: shutdown
2019-09-26 15:56:39,613 [main] INFO  impl.RaftServerImpl (RaftServerImpl.java:lambda$shutdown$3(251)) - 94c8a847-7d00-459a-8381-acafdc795e09@group-749FE6E62B40: shutdown
2019-09-26 15:56:39,614 [ForkJoinPool.commonPool-worker-1] INFO  util.JmxRegister (JmxRegister.java:unregister(73)) - Successfully un-registered JMX Bean with object name Ratis:service=RaftServer,group=group-B902FF815E8A,id=68000851-4b27-431c-8824-c5fb9d655992
2019-09-26 15:56:39,614 [main] INFO  util.JmxRegister (JmxRegister.java:unregister(73)) - Successfully un-registered JMX Bean with object name Ratis:service=RaftServer,group=group-749FE6E62B40,id=94c8a847-7d00-459a-8381-acafdc795e09
2019-09-26 15:56:39,614 [ForkJoinPool.commonPool-worker-1] INFO  impl.RoleInfo (RoleInfo.java:shutdownFollowerState(121)) - 68000851-4b27-431c-8824-c5fb9d655992: shutdown FollowerState
2019-09-26 15:56:39,614 [main] INFO  impl.RoleInfo (RoleInfo.java:shutdownLeaderState(104)) - 94c8a847-7d00-459a-8381-acafdc795e09: shutdown LeaderState
2019-09-26 15:56:39,615 [68000851-4b27-431c-8824-c5fb9d655992@group-B902FF815E8A-StateMachineUpdater] INFO  ratis.ContainerStateMachine (ContainerStateMachine.java:takeSnapshot(289)) - group-B902FF815E8A: Taking a snapshot at:(t:1, i:14) file /workdir/hadoop-ozone/integration-test/target/test-dir/MiniOzoneClusterImpl-7cae8434-9510-4e3b-823e-048edbbfad91/datanode-1/data/ratis/d747eee0-167b-4bbf-8b73-b902ff815e8a/sm/snapshot.1_14
2019-09-26 15:56:39,615 [Thread-2965] INFO  impl.FollowerState (FollowerState.java:run(115)) - 68000851-4b27-431c-8824-c5fb9d655992: FollowerState was interrupted: java.lang.InterruptedException: sleep interrupted
2019-09-26 15:56:39,615 [ForkJoinPool.commonPool-worker-1] INFO  impl.StateMachineUpdater (StateMachineUpdater.java:stopAndJoin(125)) - 68000851-4b27-431c-8824-c5fb9d655992@group-B902FF815E8A-StateMachineUpdater: set stopIndex = 16
2019-09-26 15:56:39,615 [main] INFO  impl.PendingRequests (PendingRequests.java:sendNotLeaderResponses(202)) - 94c8a847-7d00-459a-8381-acafdc795e09-PendingRequests: sendNotLeaderResponses
2019-09-26 15:56:39,619 [main] INFO  impl.StateMachineUpdater (StateMachineUpdater.java:stopAndJoin(125)) - 94c8a847-7d00-459a-8381-acafdc795e09@group-749FE6E62B40-StateMachineUpdater: set stopIndex = 0
2019-09-26 15:56:39,619 [main] INFO  impl.RaftServerImpl (ServerState.java:close(385)) - 94c8a847-7d00-459a-8381-acafdc795e09@group-749FE6E62B40: closes. applyIndex: 0
2019-09-26 15:56:39,619 [94c8a847-7d00-459a-8381-acafdc795e09@group-749FE6E62B40-SegmentedRaftLogWorker] INFO  segmented.SegmentedRaftLogWorker (SegmentedRaftLogWorker.java:run(313)) - 94c8a847-7d00-459a-8381-acafdc795e09@group-749FE6E62B40-SegmentedRaftLogWorker was interrupted, exiting. There are 0 tasks remaining in the queue.
2019-09-26 15:56:39,627 [main] INFO  segmented.SegmentedRaftLogWorker (SegmentedRaftLogWorker.java:close(228)) - 94c8a847-7d00-459a-8381-acafdc795e09@group-749FE6E62B40-SegmentedRaftLogWorker close()
2019-09-26 15:56:39,633 [68000851-4b27-431c-8824-c5fb9d655992@group-B902FF815E8A-StateMachineUpdater] INFO  ratis.ContainerStateMachine (ContainerStateMachine.java:takeSnapshot(300)) - group-B902FF815E8A: Finished taking a snapshot at:(t:1, i:14) file:/workdir/hadoop-ozone/integration-test/target/test-dir/MiniOzoneClusterImpl-7cae8434-9510-4e3b-823e-048edbbfad91/datanode-1/data/ratis/d747eee0-167b-4bbf-8b73-b902ff815e8a/sm/snapshot.1_14 time:16
2019-09-26 15:56:39,633 [main] INFO  impl.RaftServerImpl (RaftServerImpl.java:lambda$shutdown$3(251)) - 94c8a847-7d00-459a-8381-acafdc795e09@group-1F5A0F98849F: shutdown
2019-09-26 15:56:39,634 [68000851-4b27-431c-8824-c5fb9d655992@group-B902FF815E8A-StateMachineUpdater] INFO  impl.StateMachineUpdater (StateMachineUpdater.java:takeSnapshot(258)) - 68000851-4b27-431c-8824-c5fb9d655992@group-B902FF815E8A-StateMachineUpdater: Took a snapshot at index 14
2019-09-26 15:56:39,634 [main] INFO  util.JmxRegister (JmxRegister.java:unregister(73)) - Successfully un-registered JMX Bean with object name Ratis:service=RaftServer,group=group-1F5A0F98849F,id=94c8a847-7d00-459a-8381-acafdc795e09
2019-09-26 15:56:39,634 [68000851-4b27-431c-8824-c5fb9d655992@group-B902FF815E8A-StateMachineUpdater] INFO  impl.StateMachineUpdater (StateMachineUpdater.java:lambda$new$0(83)) - 68000851-4b27-431c-8824-c5fb9d655992@group-B902FF815E8A-StateMachineUpdater: snapshotIndex: updateIncreasingly -1 -> 14
2019-09-26 15:56:39,634 [main] INFO  impl.RoleInfo (RoleInfo.java:shutdownLeaderState(104)) - 94c8a847-7d00-459a-8381-acafdc795e09: shutdown LeaderState
2019-09-26 15:56:39,635 [68000851-4b27-431c-8824-c5fb9d655992@group-B902FF815E8A-StateMachineUpdater] INFO  ratis.ContainerStateMachine (ContainerStateMachine.java:takeSnapshot(289)) - group-B902FF815E8A: Taking a snapshot at:(t:1, i:14) file /workdir/hadoop-ozone/integration-test/target/test-dir/MiniOzoneClusterImpl-7cae8434-9510-4e3b-823e-048edbbfad91/datanode-1/data/ratis/d747eee0-167b-4bbf-8b73-b902ff815e8a/sm/snapshot.1_14
2019-09-26 15:56:39,639 [org.apache.ratis.server.impl.LogAppender$AppenderDaemon$$Lambda$512/332279832@7dc2e43] WARN  server.GrpcLogAppender (GrpcLogAppender.java:mayWait(143)) - 94c8a847-7d00-459a-8381-acafdc795e09@group-1F5A0F98849F->9dd345de-fd94-4ade-9113-414a99133fea-GrpcLogAppender: Wait interrupted by java.lang.InterruptedException
2019-09-26 15:56:39,639 [org.apache.ratis.server.impl.LogAppender$AppenderDaemon$$Lambda$512/332279832@66626604] WARN  server.GrpcLogAppender (GrpcLogAppender.java:mayWait(143)) - 94c8a847-7d00-459a-8381-acafdc795e09@group-1F5A0F98849F->df750c94-8ed5-41db-9fb9-c6d6817b974c-GrpcLogAppender: Wait interrupted by java.lang.InterruptedException
2019-09-26 15:56:39,639 [main] INFO  impl.PendingRequests (PendingRequests.java:sendNotLeaderResponses(202)) - 94c8a847-7d00-459a-8381-acafdc795e09-PendingRequests: sendNotLeaderResponses
2019-09-26 15:56:39,640 [grpc-default-executor-12] INFO  server.GrpcServerProtocolService (GrpcServerProtocolService.java:onCompleted(113)) - df750c94-8ed5-41db-9fb9-c6d6817b974c: Completed APPEND_ENTRIES, lastRequest: 94c8a847-7d00-459a-8381-acafdc795e09->df750c94-8ed5-41db-9fb9-c6d6817b974c#4-t2, previous=(t:2, i:18), leaderCommit=18, initializing? false, entries: <empty>
2019-09-26 15:56:39,640 [94c8a847-7d00-459a-8381-acafdc795e09@group-1F5A0F98849F-StateMachineUpdater] INFO  ratis.ContainerStateMachine (ContainerStateMachine.java:takeSnapshot(289)) - group-1F5A0F98849F: Taking a snapshot at:(t:1, i:14) file /workdir/hadoop-ozone/integration-test/target/test-dir/MiniOzoneClusterImpl-7cae8434-9510-4e3b-823e-048edbbfad91/datanode-4/data/ratis/15c5a63e-2770-4a70-a088-1f5a0f98849f/sm/snapshot.1_14
2019-09-26 15:56:39,640 [main] INFO  impl.StateMachineUpdater (StateMachineUpdater.java:stopAndJoin(125)) - 94c8a847-7d00-459a-8381-acafdc795e09@group-1F5A0F98849F-StateMachineUpdater: set stopIndex = 18
2019-09-26 15:56:39,641 [grpc-default-executor-11] INFO  server.GrpcLogAppender (GrpcLogAppender.java:onCompleted(293)) - 94c8a847-7d00-459a-8381-acafdc795e09@group-1F5A0F98849F->df750c94-8ed5-41db-9fb9-c6d6817b974c-AppendLogResponseHandler: follower responses appendEntries COMPLETED
2019-09-26 15:56:39,641 [grpc-default-executor-11] INFO  impl.FollowerInfo (FollowerInfo.java:lambda$new$0(51)) - 94c8a847-7d00-459a-8381-acafdc795e09@group-1F5A0F98849F->df750c94-8ed5-41db-9fb9-c6d6817b974c: nextIndex: updateUnconditionally 19 -> 18
2019-09-26 15:56:39,652 [94c8a847-7d00-459a-8381-acafdc795e09@group-1F5A0F98849F-StateMachineUpdater] INFO  ratis.ContainerStateMachine (ContainerStateMachine.java:takeSnapshot(300)) - group-1F5A0F98849F: Finished taking a snapshot at:(t:1, i:14) file:/workdir/hadoop-ozone/integration-test/target/test-dir/MiniOzoneClusterImpl-7cae8434-9510-4e3b-823e-048edbbfad91/datanode-4/data/ratis/15c5a63e-2770-4a70-a088-1f5a0f98849f/sm/snapshot.1_14 time:12
2019-09-26 15:56:39,652 [68000851-4b27-431c-8824-c5fb9d655992@group-B902FF815E8A-StateMachineUpdater] INFO  ratis.ContainerStateMachine (ContainerStateMachine.java:takeSnapshot(300)) - group-B902FF815E8A: Finished taking a snapshot at:(t:1, i:14) file:/workdir/hadoop-ozone/integration-test/target/test-dir/MiniOzoneClusterImpl-7cae8434-9510-4e3b-823e-048edbbfad91/datanode-1/data/ratis/d747eee0-167b-4bbf-8b73-b902ff815e8a/sm/snapshot.1_14 time:18
2019-09-26 15:56:39,653 [94c8a847-7d00-459a-8381-acafdc795e09@group-1F5A0F98849F-StateMachineUpdater] INFO  impl.StateMachineUpdater (StateMachineUpdater.java:takeSnapshot(258)) - 94c8a847-7d00-459a-8381-acafdc795e09@group-1F5A0F98849F-StateMachineUpdater: Took a snapshot at index 14
2019-09-26 15:56:39,653 [68000851-4b27-431c-8824-c5fb9d655992@group-B902FF815E8A-StateMachineUpdater] INFO  impl.StateMachineUpdater (StateMachineUpdater.java:takeSnapshot(258)) - 68000851-4b27-431c-8824-c5fb9d655992@group-B902FF815E8A-StateMachineUpdater: Took a snapshot at index 14
2019-09-26 15:56:39,653 [94c8a847-7d00-459a-8381-acafdc795e09@group-1F5A0F98849F-StateMachineUpdater] INFO  impl.StateMachineUpdater (StateMachineUpdater.java:lambda$new$0(83)) - 94c8a847-7d00-459a-8381-acafdc795e09@group-1F5A0F98849F-StateMachineUpdater: snapshotIndex: updateIncreasingly -1 -> 14
2019-09-26 15:56:39,653 [68000851-4b27-431c-8824-c5fb9d655992@group-B902FF815E8A-StateMachineUpdater] INFO  impl.StateMachineUpdater (StateMachineUpdater.java:lambda$new$0(83)) - 68000851-4b27-431c-8824-c5fb9d655992@group-B902FF815E8A-StateMachineUpdater: snapshotIndex: updateIncreasingly 14 -> 14
2019-09-26 15:56:39,653 [94c8a847-7d00-459a-8381-acafdc795e09@group-1F5A0F98849F-StateMachineUpdater] INFO  ratis.ContainerStateMachine (ContainerStateMachine.java:takeSnapshot(289)) - group-1F5A0F98849F: Taking a snapshot at:(t:1, i:14) file /workdir/hadoop-ozone/integration-test/target/test-dir/MiniOzoneClusterImpl-7cae8434-9510-4e3b-823e-048edbbfad91/datanode-4/data/ratis/15c5a63e-2770-4a70-a088-1f5a0f98849f/sm/snapshot.1_14
2019-09-26 15:56:39,653 [ForkJoinPool.commonPool-worker-1] INFO  impl.RaftServerImpl (ServerState.java:close(385)) - 68000851-4b27-431c-8824-c5fb9d655992@group-B902FF815E8A: closes. applyIndex: 16
2019-09-26 15:56:39,653 [68000851-4b27-431c-8824-c5fb9d655992@group-B902FF815E8A-SegmentedRaftLogWorker] INFO  segmented.SegmentedRaftLogWorker (SegmentedRaftLogWorker.java:run(313)) - 68000851-4b27-431c-8824-c5fb9d655992@group-B902FF815E8A-SegmentedRaftLogWorker was interrupted, exiting. There are 0 tasks remaining in the queue.
2019-09-26 15:56:39,655 [ForkJoinPool.commonPool-worker-1] INFO  segmented.SegmentedRaftLogWorker (SegmentedRaftLogWorker.java:close(228)) - 68000851-4b27-431c-8824-c5fb9d655992@group-B902FF815E8A-SegmentedRaftLogWorker close()
2019-09-26 15:56:39,658 [ForkJoinPool.commonPool-worker-1] INFO  impl.RaftServerImpl (RaftServerImpl.java:lambda$shutdown$3(251)) - 68000851-4b27-431c-8824-c5fb9d655992@group-E0A1BFEE1375: shutdown
2019-09-26 15:56:39,658 [ForkJoinPool.commonPool-worker-1] INFO  util.JmxRegister (JmxRegister.java:unregister(73)) - Successfully un-registered JMX Bean with object name Ratis:service=RaftServer,group=group-E0A1BFEE1375,id=68000851-4b27-431c-8824-c5fb9d655992
2019-09-26 15:56:39,659 [ForkJoinPool.commonPool-worker-1] INFO  impl.RoleInfo (RoleInfo.java:shutdownLeaderState(104)) - 68000851-4b27-431c-8824-c5fb9d655992: shutdown LeaderState
2019-09-26 15:56:39,659 [ForkJoinPool.commonPool-worker-1] INFO  impl.PendingRequests (PendingRequests.java:sendNotLeaderResponses(202)) - 68000851-4b27-431c-8824-c5fb9d655992-PendingRequests: sendNotLeaderResponses
2019-09-26 15:56:39,659 [ForkJoinPool.commonPool-worker-1] INFO  impl.StateMachineUpdater (StateMachineUpdater.java:stopAndJoin(125)) - 68000851-4b27-431c-8824-c5fb9d655992@group-E0A1BFEE1375-StateMachineUpdater: set stopIndex = 0
2019-09-26 15:56:39,659 [ForkJoinPool.commonPool-worker-1] INFO  impl.RaftServerImpl (ServerState.java:close(385)) - 68000851-4b27-431c-8824-c5fb9d655992@group-E0A1BFEE1375: closes. applyIndex: 0
2019-09-26 15:56:39,659 [68000851-4b27-431c-8824-c5fb9d655992@group-E0A1BFEE1375-SegmentedRaftLogWorker] INFO  segmented.SegmentedRaftLogWorker (SegmentedRaftLogWorker.java:run(313)) - 68000851-4b27-431c-8824-c5fb9d655992@group-E0A1BFEE1375-SegmentedRaftLogWorker was interrupted, exiting. There are 0 tasks remaining in the queue.
2019-09-26 15:56:39,661 [ForkJoinPool.commonPool-worker-1] INFO  segmented.SegmentedRaftLogWorker (SegmentedRaftLogWorker.java:close(228)) - 68000851-4b27-431c-8824-c5fb9d655992@group-E0A1BFEE1375-SegmentedRaftLogWorker close()
2019-09-26 15:56:39,664 [ForkJoinPool.commonPool-worker-1] INFO  server.GrpcService (GrpcService.java:closeImpl(164)) - 68000851-4b27-431c-8824-c5fb9d655992: shutdown server with port 37105 now
2019-09-26 15:56:39,664 [grpc-default-executor-12] WARN  server.GrpcServerProtocolService (LogUtils.java:warn(134)) - 68000851-4b27-431c-8824-c5fb9d655992: installSnapshot onError, lastRequest: 4a94d0f0-a72e-405b-8a88-9ffe81034942->68000851-4b27-431c-8824-c5fb9d655992#25-t1, previous=(t:1, i:16), leaderCommit=16, initializing? false, entries: <empty>: org.apache.ratis.thirdparty.io.grpc.StatusRuntimeException: CANCELLED: cancelled before receiving half close
2019-09-26 15:56:39,664 [grpc-default-executor-9] WARN  server.GrpcLogAppender (LogUtils.java:warn(134)) - 4a94d0f0-a72e-405b-8a88-9ffe81034942@group-B902FF815E8A->68000851-4b27-431c-8824-c5fb9d655992-AppendLogResponseHandler: Failed appendEntries: org.apache.ratis.thirdparty.io.grpc.StatusRuntimeException: CANCELLED: HTTP/2 error code: CANCEL
Received Rst Stream
2019-09-26 15:56:39,665 [grpc-default-executor-9] INFO  impl.FollowerInfo (FollowerInfo.java:lambda$new$0(51)) - 4a94d0f0-a72e-405b-8a88-9ffe81034942@group-B902FF815E8A->68000851-4b27-431c-8824-c5fb9d655992: nextIndex: updateUnconditionally 17 -> 16
2019-09-26 15:56:39,665 [ForkJoinPool.commonPool-worker-1] INFO  server.GrpcService (GrpcService.java:closeImpl(172)) - 68000851-4b27-431c-8824-c5fb9d655992: shutdown server with port 37105 successfully
2019-09-26 15:56:39,677 [refreshUsed-/workdir/hadoop-ozone/integration-test/target/test-dir/MiniOzoneClusterImpl-7cae8434-9510-4e3b-823e-048edbbfad91/datanode-1/data/containers] WARN  fs.CachingGetSpaceUsed (CachingGetSpaceUsed.java:run(183)) - Thread Interrupted waiting to refresh disk information: sleep interrupted
2019-09-26 15:56:39,678 [94c8a847-7d00-459a-8381-acafdc795e09@group-1F5A0F98849F-StateMachineUpdater] INFO  ratis.ContainerStateMachine (ContainerStateMachine.java:takeSnapshot(300)) - group-1F5A0F98849F: Finished taking a snapshot at:(t:1, i:14) file:/workdir/hadoop-ozone/integration-test/target/test-dir/MiniOzoneClusterImpl-7cae8434-9510-4e3b-823e-048edbbfad91/datanode-4/data/ratis/15c5a63e-2770-4a70-a088-1f5a0f98849f/sm/snapshot.1_14 time:25
2019-09-26 15:56:39,678 [94c8a847-7d00-459a-8381-acafdc795e09@group-1F5A0F98849F-StateMachineUpdater] INFO  impl.StateMachineUpdater (StateMachineUpdater.java:takeSnapshot(258)) - 94c8a847-7d00-459a-8381-acafdc795e09@group-1F5A0F98849F-StateMachineUpdater: Took a snapshot at index 14
2019-09-26 15:56:39,678 [94c8a847-7d00-459a-8381-acafdc795e09@group-1F5A0F98849F-StateMachineUpdater] INFO  impl.StateMachineUpdater (StateMachineUpdater.java:lambda$new$0(83)) - 94c8a847-7d00-459a-8381-acafdc795e09@group-1F5A0F98849F-StateMachineUpdater: snapshotIndex: updateIncreasingly 14 -> 14
2019-09-26 15:56:39,678 [main] INFO  impl.RaftServerImpl (ServerState.java:close(385)) - 94c8a847-7d00-459a-8381-acafdc795e09@group-1F5A0F98849F: closes. applyIndex: 18
2019-09-26 15:56:39,679 [94c8a847-7d00-459a-8381-acafdc795e09@group-1F5A0F98849F-SegmentedRaftLogWorker] INFO  segmented.SegmentedRaftLogWorker (SegmentedRaftLogWorker.java:run(313)) - 94c8a847-7d00-459a-8381-acafdc795e09@group-1F5A0F98849F-SegmentedRaftLogWorker was interrupted, exiting. There are 0 tasks remaining in the queue.
2019-09-26 15:56:39,681 [main] INFO  segmented.SegmentedRaftLogWorker (SegmentedRaftLogWorker.java:close(228)) - 94c8a847-7d00-459a-8381-acafdc795e09@group-1F5A0F98849F-SegmentedRaftLogWorker close()
2019-09-26 15:56:39,685 [main] INFO  server.GrpcService (GrpcService.java:closeImpl(164)) - 94c8a847-7d00-459a-8381-acafdc795e09: shutdown server with port 39822 now
2019-09-26 15:56:39,686 [main] INFO  server.GrpcService (GrpcService.java:closeImpl(172)) - 94c8a847-7d00-459a-8381-acafdc795e09: shutdown server with port 39822 successfully
2019-09-26 15:56:39,694 [refreshUsed-/workdir/hadoop-ozone/integration-test/target/test-dir/MiniOzoneClusterImpl-7cae8434-9510-4e3b-823e-048edbbfad91/datanode-4/data/containers] WARN  fs.CachingGetSpaceUsed (CachingGetSpaceUsed.java:run(183)) - Thread Interrupted waiting to refresh disk information: sleep interrupted
2019-09-26 15:56:39,704 [ForkJoinPool.commonPool-worker-1] INFO  utils.BackgroundService (BackgroundService.java:shutdown(148)) - Shutting down service BlockDeletingService
2019-09-26 15:56:39,710 [ForkJoinPool.commonPool-worker-1] INFO  statemachine.DatanodeStateMachine (DatanodeStateMachine.java:stopDaemon(395)) - Ozone container server stopped.
2019-09-26 15:56:39,715 [ForkJoinPool.commonPool-worker-1] INFO  handler.ContextHandler (ContextHandler.java:doStop(910)) - Stopped o.e.j.w.WebAppContext@70d4f672{/,null,UNAVAILABLE}{/hddsDatanode}
2019-09-26 15:56:39,716 [ForkJoinPool.commonPool-worker-1] INFO  server.AbstractConnector (AbstractConnector.java:doStop(318)) - Stopped ServerConnector@68dfda77{HTTP/1.1,[http/1.1]}{0.0.0.0:0}
2019-09-26 15:56:39,717 [ForkJoinPool.commonPool-worker-1] INFO  handler.ContextHandler (ContextHandler.java:doStop(910)) - Stopped o.e.j.s.ServletContextHandler@a91119b{/static,jar:file:/home/user/.m2/repository/org/apache/hadoop/hadoop-hdds-container-service/0.5.0-SNAPSHOT/hadoop-hdds-container-service-0.5.0-SNAPSHOT.jar!/webapps/static,UNAVAILABLE}
2019-09-26 15:56:39,719 [ForkJoinPool.commonPool-worker-1] INFO  handler.ContextHandler (ContextHandler.java:doStop(910)) - Stopped o.e.j.s.ServletContextHandler@70b48eb3{/logs,file:///workdir/hadoop-ozone/integration-test/target/log,UNAVAILABLE}
2019-09-26 15:56:39,722 [main] INFO  utils.BackgroundService (BackgroundService.java:shutdown(148)) - Shutting down service BlockDeletingService
2019-09-26 15:56:39,727 [main] INFO  statemachine.DatanodeStateMachine (DatanodeStateMachine.java:stopDaemon(395)) - Ozone container server stopped.
2019-09-26 15:56:39,728 [main] INFO  handler.ContextHandler (ContextHandler.java:doStop(910)) - Stopped o.e.j.w.WebAppContext@1e495414{/,null,UNAVAILABLE}{/hddsDatanode}
2019-09-26 15:56:39,728 [main] INFO  server.AbstractConnector (AbstractConnector.java:doStop(318)) - Stopped ServerConnector@3711c71c{HTTP/1.1,[http/1.1]}{0.0.0.0:0}
2019-09-26 15:56:39,729 [main] INFO  handler.ContextHandler (ContextHandler.java:doStop(910)) - Stopped o.e.j.s.ServletContextHandler@87f501f{/static,jar:file:/home/user/.m2/repository/org/apache/hadoop/hadoop-hdds-container-service/0.5.0-SNAPSHOT/hadoop-hdds-container-service-0.5.0-SNAPSHOT.jar!/webapps/static,UNAVAILABLE}
2019-09-26 15:56:39,729 [main] INFO  handler.ContextHandler (ContextHandler.java:doStop(910)) - Stopped o.e.j.s.ServletContextHandler@ca7e37f{/logs,file:///workdir/hadoop-ozone/integration-test/target/log,UNAVAILABLE}
2019-09-26 15:56:40,418 [Datanode State Machine Thread - 0] INFO  statemachine.DatanodeStateMachine (DatanodeStateMachine.java:lambda$startDaemon$0(350)) - Ozone container server started.
2019-09-26 15:56:40,522 [Datanode State Machine Thread - 0] INFO  statemachine.DatanodeStateMachine (DatanodeStateMachine.java:lambda$startDaemon$0(350)) - Ozone container server started.
2019-09-26 15:56:41,433 [grpc-default-executor-11] WARN  server.GrpcLogAppender (LogUtils.java:warn(134)) - 4a94d0f0-a72e-405b-8a88-9ffe81034942@group-B902FF815E8A->68000851-4b27-431c-8824-c5fb9d655992-AppendLogResponseHandler: Failed appendEntries: org.apache.ratis.thirdparty.io.grpc.StatusRuntimeException: UNAVAILABLE: io exception
2019-09-26 15:56:41,434 [grpc-default-executor-11] INFO  impl.FollowerInfo (FollowerInfo.java:lambda$new$0(51)) - 4a94d0f0-a72e-405b-8a88-9ffe81034942@group-B902FF815E8A->68000851-4b27-431c-8824-c5fb9d655992: nextIndex: updateUnconditionally 17 -> 16
2019-09-26 15:56:41,437 [grpc-default-executor-12] WARN  server.GrpcLogAppender (LogUtils.java:warn(134)) - 4a94d0f0-a72e-405b-8a88-9ffe81034942@group-B902FF815E8A->68000851-4b27-431c-8824-c5fb9d655992-AppendLogResponseHandler: Failed appendEntries: org.apache.ratis.thirdparty.io.grpc.StatusRuntimeException: UNAVAILABLE: io exception
2019-09-26 15:56:41,438 [grpc-default-executor-12] INFO  impl.FollowerInfo (FollowerInfo.java:lambda$new$0(51)) - 4a94d0f0-a72e-405b-8a88-9ffe81034942@group-B902FF815E8A->68000851-4b27-431c-8824-c5fb9d655992: nextIndex: updateUnconditionally 17 -> 16
2019-09-26 15:56:41,440 [grpc-default-executor-9] WARN  server.GrpcLogAppender (LogUtils.java:warn(134)) - 4a94d0f0-a72e-405b-8a88-9ffe81034942@group-B902FF815E8A->68000851-4b27-431c-8824-c5fb9d655992-AppendLogResponseHandler: Failed appendEntries: org.apache.ratis.thirdparty.io.grpc.StatusRuntimeException: UNAVAILABLE: io exception
2019-09-26 15:56:41,440 [grpc-default-executor-9] INFO  impl.FollowerInfo (FollowerInfo.java:lambda$new$0(51)) - 4a94d0f0-a72e-405b-8a88-9ffe81034942@group-B902FF815E8A->68000851-4b27-431c-8824-c5fb9d655992: nextIndex: updateUnconditionally 17 -> 16
2019-09-26 15:56:41,443 [RatisApplyTransactionExecutor 2] INFO  interfaces.Container (KeyValueContainer.java:flushAndSyncDB(386)) - Container 2 is synced with bcsId 14.
2019-09-26 15:56:41,443 [RatisApplyTransactionExecutor 2] INFO  interfaces.Container (KeyValueContainer.java:flushAndSyncDB(386)) - Container 2 is synced with bcsId 14.
2019-09-26 15:56:41,457 [RatisApplyTransactionExecutor 2] INFO  interfaces.Container (KeyValueContainer.java:close(335)) - Container 2 is closed with bcsId 14.
2019-09-26 15:56:41,457 [RatisApplyTransactionExecutor 2] INFO  interfaces.Container (KeyValueContainer.java:flushAndSyncDB(386)) - Container 2 is synced with bcsId 14.
2019-09-26 15:56:41,457 [RatisApplyTransactionExecutor 2] INFO  interfaces.Container (KeyValueContainer.java:flushAndSyncDB(386)) - Container 2 is synced with bcsId 14.
2019-09-26 15:56:41,458 [EventQueue-IncrementalContainerReportForIncrementalContainerReportHandler] INFO  container.IncrementalContainerReportHandler (AbstractContainerReportHandler.java:updateContainerState(176)) - Moving container #2 to CLOSED state, datanode 4a94d0f0-a72e-405b-8a88-9ffe81034942{ip: 192.168.164.210, host: pr-hdds-2185-nx5sg-2633547614, networkLocation: /default-rack, certSerialId: null} reported CLOSED replica.
2019-09-26 15:56:41,464 [RatisApplyTransactionExecutor 2] INFO  interfaces.Container (KeyValueContainer.java:close(335)) - Container 2 is closed with bcsId 14.
2019-09-26 15:56:43,943 [grpc-default-executor-12] WARN  server.GrpcLogAppender (LogUtils.java:warn(134)) - 4a94d0f0-a72e-405b-8a88-9ffe81034942@group-B902FF815E8A->68000851-4b27-431c-8824-c5fb9d655992-AppendLogResponseHandler: Failed appendEntries: org.apache.ratis.thirdparty.io.grpc.StatusRuntimeException: UNAVAILABLE: io exception
2019-09-26 15:56:43,944 [grpc-default-executor-12] INFO  impl.FollowerInfo (FollowerInfo.java:lambda$new$0(51)) - 4a94d0f0-a72e-405b-8a88-9ffe81034942@group-B902FF815E8A->68000851-4b27-431c-8824-c5fb9d655992: nextIndex: updateUnconditionally 16 -> 15
2019-09-26 15:56:44,436 [EventQueue-StaleNodeForStaleNodeHandler] INFO  node.StaleNodeHandler (StaleNodeHandler.java:onMessage(58)) - Datanode 4928e14d-160d-4293-8792-856e6c51102f{ip: 192.168.164.210, host: pr-hdds-2185-nx5sg-2633547614, networkLocation: /default-rack, certSerialId: null} moved to stale state. Finalizing its pipelines [PipelineID=931f8f1e-86ce-4ac9-bb9e-b377e196e36b, PipelineID=d747eee0-167b-4bbf-8b73-b902ff815e8a]
2019-09-26 15:56:44,437 [EventQueue-StaleNodeForStaleNodeHandler] INFO  pipeline.SCMPipelineManager (SCMPipelineManager.java:finalizeAndDestroyPipeline(315)) - destroying pipeline:Pipeline[ Id: 931f8f1e-86ce-4ac9-bb9e-b377e196e36b, Nodes: 4928e14d-160d-4293-8792-856e6c51102f{ip: 192.168.164.210, host: pr-hdds-2185-nx5sg-2633547614, networkLocation: /default-rack, certSerialId: null}, Type:RATIS, Factor:ONE, State:OPEN]
2019-09-26 15:56:44,437 [EventQueue-StaleNodeForStaleNodeHandler] INFO  pipeline.PipelineStateManager (PipelineStateManager.java:finalizePipeline(123)) - Pipeline Pipeline[ Id: 931f8f1e-86ce-4ac9-bb9e-b377e196e36b, Nodes: 4928e14d-160d-4293-8792-856e6c51102f{ip: 192.168.164.210, host: pr-hdds-2185-nx5sg-2633547614, networkLocation: /default-rack, certSerialId: null}, Type:RATIS, Factor:ONE, State:CLOSED] moved to CLOSED state
2019-09-26 15:56:44,437 [EventQueue-StaleNodeForStaleNodeHandler] INFO  pipeline.SCMPipelineManager (SCMPipelineManager.java:finalizeAndDestroyPipeline(315)) - destroying pipeline:Pipeline[ Id: d747eee0-167b-4bbf-8b73-b902ff815e8a, Nodes: 68000851-4b27-431c-8824-c5fb9d655992{ip: 192.168.164.210, host: pr-hdds-2185-nx5sg-2633547614, networkLocation: /default-rack, certSerialId: null}4a94d0f0-a72e-405b-8a88-9ffe81034942{ip: 192.168.164.210, host: pr-hdds-2185-nx5sg-2633547614, networkLocation: /default-rack, certSerialId: null}4928e14d-160d-4293-8792-856e6c51102f{ip: 192.168.164.210, host: pr-hdds-2185-nx5sg-2633547614, networkLocation: /default-rack, certSerialId: null}, Type:RATIS, Factor:THREE, State:CLOSED]
2019-09-26 15:56:44,536 [EventQueue-StaleNodeForStaleNodeHandler] INFO  node.StaleNodeHandler (StaleNodeHandler.java:onMessage(58)) - Datanode 4d72deaa-e4f8-44c8-ab9f-6c87e8443949{ip: 192.168.164.210, host: pr-hdds-2185-nx5sg-2633547614, networkLocation: /default-rack, certSerialId: null} moved to stale state. Finalizing its pipelines [PipelineID=f22fbf89-d3a5-4359-8b8e-c8c9dee15498]
2019-09-26 15:56:44,537 [EventQueue-StaleNodeForStaleNodeHandler] INFO  pipeline.SCMPipelineManager (SCMPipelineManager.java:finalizeAndDestroyPipeline(315)) - destroying pipeline:Pipeline[ Id: f22fbf89-d3a5-4359-8b8e-c8c9dee15498, Nodes: 4d72deaa-e4f8-44c8-ab9f-6c87e8443949{ip: 192.168.164.210, host: pr-hdds-2185-nx5sg-2633547614, networkLocation: /default-rack, certSerialId: null}, Type:RATIS, Factor:ONE, State:OPEN]
2019-09-26 15:56:44,537 [EventQueue-StaleNodeForStaleNodeHandler] INFO  pipeline.PipelineStateManager (PipelineStateManager.java:finalizePipeline(123)) - Pipeline Pipeline[ Id: f22fbf89-d3a5-4359-8b8e-c8c9dee15498, Nodes: 4d72deaa-e4f8-44c8-ab9f-6c87e8443949{ip: 192.168.164.210, host: pr-hdds-2185-nx5sg-2633547614, networkLocation: /default-rack, certSerialId: null}, Type:RATIS, Factor:ONE, State:CLOSED] moved to CLOSED state
2019-09-26 15:56:44,721 [ForkJoinPool.commonPool-worker-1] INFO  ozoneimpl.OzoneContainer (OzoneContainer.java:stop(231)) - Attempting to stop container services.
2019-09-26 15:56:44,723 [ForkJoinPool.commonPool-worker-1] INFO  impl.RaftServerProxy (RaftServerProxy.java:lambda$close$4(314)) - 4928e14d-160d-4293-8792-856e6c51102f: close
2019-09-26 15:56:44,723 [ForkJoinPool.commonPool-worker-1] INFO  impl.RaftServerImpl (RaftServerImpl.java:lambda$shutdown$3(251)) - 4928e14d-160d-4293-8792-856e6c51102f@group-B377E196E36B: shutdown
2019-09-26 15:56:44,723 [ForkJoinPool.commonPool-worker-1] INFO  util.JmxRegister (JmxRegister.java:unregister(73)) - Successfully un-registered JMX Bean with object name Ratis:service=RaftServer,group=group-B377E196E36B,id=4928e14d-160d-4293-8792-856e6c51102f
2019-09-26 15:56:44,724 [ForkJoinPool.commonPool-worker-1] INFO  impl.RoleInfo (RoleInfo.java:shutdownLeaderState(104)) - 4928e14d-160d-4293-8792-856e6c51102f: shutdown LeaderState
2019-09-26 15:56:44,724 [ForkJoinPool.commonPool-worker-1] INFO  impl.PendingRequests (PendingRequests.java:sendNotLeaderResponses(202)) - 4928e14d-160d-4293-8792-856e6c51102f-PendingRequests: sendNotLeaderResponses
2019-09-26 15:56:44,724 [ForkJoinPool.commonPool-worker-1] INFO  impl.StateMachineUpdater (StateMachineUpdater.java:stopAndJoin(125)) - 4928e14d-160d-4293-8792-856e6c51102f@group-B377E196E36B-StateMachineUpdater: set stopIndex = 0
2019-09-26 15:56:44,725 [ForkJoinPool.commonPool-worker-1] INFO  impl.RaftServerImpl (ServerState.java:close(385)) - 4928e14d-160d-4293-8792-856e6c51102f@group-B377E196E36B: closes. applyIndex: 0
2019-09-26 15:56:44,725 [4928e14d-160d-4293-8792-856e6c51102f@group-B377E196E36B-SegmentedRaftLogWorker] INFO  segmented.SegmentedRaftLogWorker (SegmentedRaftLogWorker.java:run(313)) - 4928e14d-160d-4293-8792-856e6c51102f@group-B377E196E36B-SegmentedRaftLogWorker was interrupted, exiting. There are 0 tasks remaining in the queue.
2019-09-26 15:56:44,727 [ForkJoinPool.commonPool-worker-1] INFO  segmented.SegmentedRaftLogWorker (SegmentedRaftLogWorker.java:close(228)) - 4928e14d-160d-4293-8792-856e6c51102f@group-B377E196E36B-SegmentedRaftLogWorker close()
2019-09-26 15:56:44,729 [ForkJoinPool.commonPool-worker-1] INFO  impl.RaftServerImpl (RaftServerImpl.java:lambda$shutdown$3(251)) - 4928e14d-160d-4293-8792-856e6c51102f@group-B902FF815E8A: shutdown
2019-09-26 15:56:44,729 [ForkJoinPool.commonPool-worker-1] INFO  util.JmxRegister (JmxRegister.java:unregister(73)) - Successfully un-registered JMX Bean with object name Ratis:service=RaftServer,group=group-B902FF815E8A,id=4928e14d-160d-4293-8792-856e6c51102f
2019-09-26 15:56:44,730 [ForkJoinPool.commonPool-worker-1] INFO  impl.RoleInfo (RoleInfo.java:shutdownFollowerState(121)) - 4928e14d-160d-4293-8792-856e6c51102f: shutdown FollowerState
2019-09-26 15:56:44,730 [ForkJoinPool.commonPool-worker-1] INFO  impl.StateMachineUpdater (StateMachineUpdater.java:stopAndJoin(125)) - 4928e14d-160d-4293-8792-856e6c51102f@group-B902FF815E8A-StateMachineUpdater: set stopIndex = 18
2019-09-26 15:56:44,730 [4928e14d-160d-4293-8792-856e6c51102f@group-B902FF815E8A-StateMachineUpdater] INFO  ratis.ContainerStateMachine (ContainerStateMachine.java:takeSnapshot(289)) - group-B902FF815E8A: Taking a snapshot at:(t:1, i:17) file /workdir/hadoop-ozone/integration-test/target/test-dir/MiniOzoneClusterImpl-7cae8434-9510-4e3b-823e-048edbbfad91/datanode-2/data/ratis/d747eee0-167b-4bbf-8b73-b902ff815e8a/sm/snapshot.1_17
2019-09-26 15:56:44,730 [Thread-2977] INFO  impl.FollowerState (FollowerState.java:run(115)) - 4928e14d-160d-4293-8792-856e6c51102f: FollowerState was interrupted: java.lang.InterruptedException: sleep interrupted
2019-09-26 15:56:44,740 [main] INFO  ozoneimpl.OzoneContainer (OzoneContainer.java:stop(231)) - Attempting to stop container services.
2019-09-26 15:56:44,741 [main] INFO  impl.RaftServerProxy (RaftServerProxy.java:lambda$close$4(314)) - 4d72deaa-e4f8-44c8-ab9f-6c87e8443949: close
2019-09-26 15:56:44,741 [main] INFO  impl.RaftServerImpl (RaftServerImpl.java:lambda$shutdown$3(251)) - 4d72deaa-e4f8-44c8-ab9f-6c87e8443949@group-C8C9DEE15498: shutdown
2019-09-26 15:56:44,741 [main] INFO  util.JmxRegister (JmxRegister.java:unregister(73)) - Successfully un-registered JMX Bean with object name Ratis:service=RaftServer,group=group-C8C9DEE15498,id=4d72deaa-e4f8-44c8-ab9f-6c87e8443949
2019-09-26 15:56:44,742 [main] INFO  impl.RoleInfo (RoleInfo.java:shutdownLeaderState(104)) - 4d72deaa-e4f8-44c8-ab9f-6c87e8443949: shutdown LeaderState
2019-09-26 15:56:44,742 [main] INFO  impl.PendingRequests (PendingRequests.java:sendNotLeaderResponses(202)) - 4d72deaa-e4f8-44c8-ab9f-6c87e8443949-PendingRequests: sendNotLeaderResponses
2019-09-26 15:56:44,742 [main] INFO  impl.StateMachineUpdater (StateMachineUpdater.java:stopAndJoin(125)) - 4d72deaa-e4f8-44c8-ab9f-6c87e8443949@group-C8C9DEE15498-StateMachineUpdater: set stopIndex = 0
2019-09-26 15:56:44,743 [main] INFO  impl.RaftServerImpl (ServerState.java:close(385)) - 4d72deaa-e4f8-44c8-ab9f-6c87e8443949@group-C8C9DEE15498: closes. applyIndex: 0
2019-09-26 15:56:44,743 [4d72deaa-e4f8-44c8-ab9f-6c87e8443949@group-C8C9DEE15498-SegmentedRaftLogWorker] INFO  segmented.SegmentedRaftLogWorker (SegmentedRaftLogWorker.java:run(313)) - 4d72deaa-e4f8-44c8-ab9f-6c87e8443949@group-C8C9DEE15498-SegmentedRaftLogWorker was interrupted, exiting. There are 0 tasks remaining in the queue.
2019-09-26 15:56:44,745 [4928e14d-160d-4293-8792-856e6c51102f@group-B902FF815E8A-StateMachineUpdater] INFO  ratis.ContainerStateMachine (ContainerStateMachine.java:takeSnapshot(300)) - group-B902FF815E8A: Finished taking a snapshot at:(t:1, i:17) file:/workdir/hadoop-ozone/integration-test/target/test-dir/MiniOzoneClusterImpl-7cae8434-9510-4e3b-823e-048edbbfad91/datanode-2/data/ratis/d747eee0-167b-4bbf-8b73-b902ff815e8a/sm/snapshot.1_17 time:15
2019-09-26 15:56:44,745 [main] INFO  segmented.SegmentedRaftLogWorker (SegmentedRaftLogWorker.java:close(228)) - 4d72deaa-e4f8-44c8-ab9f-6c87e8443949@group-C8C9DEE15498-SegmentedRaftLogWorker close()
2019-09-26 15:56:44,745 [4928e14d-160d-4293-8792-856e6c51102f@group-B902FF815E8A-StateMachineUpdater] INFO  impl.StateMachineUpdater (StateMachineUpdater.java:takeSnapshot(258)) - 4928e14d-160d-4293-8792-856e6c51102f@group-B902FF815E8A-StateMachineUpdater: Took a snapshot at index 17
2019-09-26 15:56:44,747 [main] INFO  server.GrpcService (GrpcService.java:closeImpl(164)) - 4d72deaa-e4f8-44c8-ab9f-6c87e8443949: shutdown server with port 37876 now
2019-09-26 15:56:44,747 [4928e14d-160d-4293-8792-856e6c51102f@group-B902FF815E8A-StateMachineUpdater] INFO  impl.StateMachineUpdater (StateMachineUpdater.java:lambda$new$0(83)) - 4928e14d-160d-4293-8792-856e6c51102f@group-B902FF815E8A-StateMachineUpdater: snapshotIndex: updateIncreasingly -1 -> 17
2019-09-26 15:56:44,755 [4928e14d-160d-4293-8792-856e6c51102f@group-B902FF815E8A-StateMachineUpdater] INFO  ratis.ContainerStateMachine (ContainerStateMachine.java:takeSnapshot(289)) - group-B902FF815E8A: Taking a snapshot at:(t:1, i:17) file /workdir/hadoop-ozone/integration-test/target/test-dir/MiniOzoneClusterImpl-7cae8434-9510-4e3b-823e-048edbbfad91/datanode-2/data/ratis/d747eee0-167b-4bbf-8b73-b902ff815e8a/sm/snapshot.1_17
2019-09-26 15:56:44,755 [main] INFO  server.GrpcService (GrpcService.java:closeImpl(172)) - 4d72deaa-e4f8-44c8-ab9f-6c87e8443949: shutdown server with port 37876 successfully
2019-09-26 15:56:44,760 [refreshUsed-/workdir/hadoop-ozone/integration-test/target/test-dir/MiniOzoneClusterImpl-7cae8434-9510-4e3b-823e-048edbbfad91/datanode-6/data/containers] WARN  fs.CachingGetSpaceUsed (CachingGetSpaceUsed.java:run(183)) - Thread Interrupted waiting to refresh disk information: sleep interrupted
2019-09-26 15:56:44,769 [4928e14d-160d-4293-8792-856e6c51102f@group-B902FF815E8A-StateMachineUpdater] INFO  ratis.ContainerStateMachine (ContainerStateMachine.java:takeSnapshot(300)) - group-B902FF815E8A: Finished taking a snapshot at:(t:1, i:17) file:/workdir/hadoop-ozone/integration-test/target/test-dir/MiniOzoneClusterImpl-7cae8434-9510-4e3b-823e-048edbbfad91/datanode-2/data/ratis/d747eee0-167b-4bbf-8b73-b902ff815e8a/sm/snapshot.1_17 time:14
2019-09-26 15:56:44,769 [4928e14d-160d-4293-8792-856e6c51102f@group-B902FF815E8A-StateMachineUpdater] INFO  impl.StateMachineUpdater (StateMachineUpdater.java:takeSnapshot(258)) - 4928e14d-160d-4293-8792-856e6c51102f@group-B902FF815E8A-StateMachineUpdater: Took a snapshot at index 17
2019-09-26 15:56:44,769 [4928e14d-160d-4293-8792-856e6c51102f@group-B902FF815E8A-StateMachineUpdater] INFO  impl.StateMachineUpdater (StateMachineUpdater.java:lambda$new$0(83)) - 4928e14d-160d-4293-8792-856e6c51102f@group-B902FF815E8A-StateMachineUpdater: snapshotIndex: updateIncreasingly 17 -> 17
2019-09-26 15:56:44,769 [ForkJoinPool.commonPool-worker-1] INFO  impl.RaftServerImpl (ServerState.java:close(385)) - 4928e14d-160d-4293-8792-856e6c51102f@group-B902FF815E8A: closes. applyIndex: 18
2019-09-26 15:56:44,770 [4928e14d-160d-4293-8792-856e6c51102f@group-B902FF815E8A-SegmentedRaftLogWorker] INFO  segmented.SegmentedRaftLogWorker (SegmentedRaftLogWorker.java:run(313)) - 4928e14d-160d-4293-8792-856e6c51102f@group-B902FF815E8A-SegmentedRaftLogWorker was interrupted, exiting. There are 0 tasks remaining in the queue.
2019-09-26 15:56:44,771 [ForkJoinPool.commonPool-worker-1] INFO  segmented.SegmentedRaftLogWorker (SegmentedRaftLogWorker.java:close(228)) - 4928e14d-160d-4293-8792-856e6c51102f@group-B902FF815E8A-SegmentedRaftLogWorker close()
2019-09-26 15:56:44,773 [ForkJoinPool.commonPool-worker-1] INFO  server.GrpcService (GrpcService.java:closeImpl(164)) - 4928e14d-160d-4293-8792-856e6c51102f: shutdown server with port 38684 now
2019-09-26 15:56:44,773 [main] INFO  utils.BackgroundService (BackgroundService.java:shutdown(148)) - Shutting down service BlockDeletingService
2019-09-26 15:56:44,777 [grpc-default-executor-9] WARN  server.GrpcServerProtocolService (LogUtils.java:warn(134)) - 4928e14d-160d-4293-8792-856e6c51102f: installSnapshot onError, lastRequest: 4a94d0f0-a72e-405b-8a88-9ffe81034942->4928e14d-160d-4293-8792-856e6c51102f#28-t1, previous=(t:1, i:18), leaderCommit=18, initializing? false, entries: <empty>: org.apache.ratis.thirdparty.io.grpc.StatusRuntimeException: CANCELLED: cancelled before receiving half close
2019-09-26 15:56:44,779 [grpc-default-executor-12] WARN  server.GrpcLogAppender (LogUtils.java:warn(134)) - 4a94d0f0-a72e-405b-8a88-9ffe81034942@group-B902FF815E8A->4928e14d-160d-4293-8792-856e6c51102f-AppendLogResponseHandler: Failed appendEntries: org.apache.ratis.thirdparty.io.grpc.StatusRuntimeException: CANCELLED: HTTP/2 error code: CANCEL
Received Rst Stream
2019-09-26 15:56:44,777 [ForkJoinPool.commonPool-worker-1] INFO  server.GrpcService (GrpcService.java:closeImpl(172)) - 4928e14d-160d-4293-8792-856e6c51102f: shutdown server with port 38684 successfully
2019-09-26 15:56:44,779 [main] INFO  statemachine.DatanodeStateMachine (DatanodeStateMachine.java:stopDaemon(395)) - Ozone container server stopped.
2019-09-26 15:56:44,779 [grpc-default-executor-12] INFO  impl.FollowerInfo (FollowerInfo.java:lambda$new$0(51)) - 4a94d0f0-a72e-405b-8a88-9ffe81034942@group-B902FF815E8A->4928e14d-160d-4293-8792-856e6c51102f: nextIndex: updateUnconditionally 19 -> 18
2019-09-26 15:56:44,781 [refreshUsed-/workdir/hadoop-ozone/integration-test/target/test-dir/MiniOzoneClusterImpl-7cae8434-9510-4e3b-823e-048edbbfad91/datanode-2/data/containers] WARN  fs.CachingGetSpaceUsed (CachingGetSpaceUsed.java:run(183)) - Thread Interrupted waiting to refresh disk information: sleep interrupted
2019-09-26 15:56:44,786 [main] INFO  handler.ContextHandler (ContextHandler.java:doStop(910)) - Stopped o.e.j.w.WebAppContext@489110c2{/,null,UNAVAILABLE}{/hddsDatanode}
2019-09-26 15:56:44,788 [main] INFO  server.AbstractConnector (AbstractConnector.java:doStop(318)) - Stopped ServerConnector@700b9e6b{HTTP/1.1,[http/1.1]}{0.0.0.0:0}
2019-09-26 15:56:44,790 [main] INFO  handler.ContextHandler (ContextHandler.java:doStop(910)) - Stopped o.e.j.s.ServletContextHandler@5f5297e3{/static,jar:file:/home/user/.m2/repository/org/apache/hadoop/hadoop-hdds-container-service/0.5.0-SNAPSHOT/hadoop-hdds-container-service-0.5.0-SNAPSHOT.jar!/webapps/static,UNAVAILABLE}
2019-09-26 15:56:44,791 [main] INFO  handler.ContextHandler (ContextHandler.java:doStop(910)) - Stopped o.e.j.s.ServletContextHandler@7cd5fcf4{/logs,file:///workdir/hadoop-ozone/integration-test/target/log,UNAVAILABLE}
2019-09-26 15:56:44,797 [ForkJoinPool.commonPool-worker-1] INFO  utils.BackgroundService (BackgroundService.java:shutdown(148)) - Shutting down service BlockDeletingService
2019-09-26 15:56:44,800 [ForkJoinPool.commonPool-worker-1] INFO  statemachine.DatanodeStateMachine (DatanodeStateMachine.java:stopDaemon(395)) - Ozone container server stopped.
2019-09-26 15:56:44,800 [Datanode State Machine Thread - 0] INFO  statemachine.DatanodeStateMachine (DatanodeStateMachine.java:lambda$startDaemon$0(350)) - Ozone container server started.
2019-09-26 15:56:44,804 [ForkJoinPool.commonPool-worker-1] INFO  handler.ContextHandler (ContextHandler.java:doStop(910)) - Stopped o.e.j.w.WebAppContext@7841bd30{/,null,UNAVAILABLE}{/hddsDatanode}
2019-09-26 15:56:44,804 [ForkJoinPool.commonPool-worker-1] INFO  server.AbstractConnector (AbstractConnector.java:doStop(318)) - Stopped ServerConnector@45c80312{HTTP/1.1,[http/1.1]}{0.0.0.0:0}
2019-09-26 15:56:44,805 [ForkJoinPool.commonPool-worker-1] INFO  handler.ContextHandler (ContextHandler.java:doStop(910)) - Stopped o.e.j.s.ServletContextHandler@5e3db14{/static,jar:file:/home/user/.m2/repository/org/apache/hadoop/hadoop-hdds-container-service/0.5.0-SNAPSHOT/hadoop-hdds-container-service-0.5.0-SNAPSHOT.jar!/webapps/static,UNAVAILABLE}
2019-09-26 15:56:44,806 [ForkJoinPool.commonPool-worker-1] INFO  handler.ContextHandler (ContextHandler.java:doStop(910)) - Stopped o.e.j.s.ServletContextHandler@7eb27768{/logs,file:///workdir/hadoop-ozone/integration-test/target/log,UNAVAILABLE}
2019-09-26 15:56:45,457 [Datanode State Machine Thread - 0] INFO  statemachine.DatanodeStateMachine (DatanodeStateMachine.java:lambda$startDaemon$0(350)) - Ozone container server started.
2019-09-26 15:56:46,442 [grpc-default-executor-11] WARN  server.GrpcLogAppender (LogUtils.java:warn(134)) - 4a94d0f0-a72e-405b-8a88-9ffe81034942@group-B902FF815E8A->68000851-4b27-431c-8824-c5fb9d655992-AppendLogResponseHandler: Failed appendEntries: org.apache.ratis.thirdparty.io.grpc.StatusRuntimeException: UNAVAILABLE: io exception
2019-09-26 15:56:46,443 [grpc-default-executor-11] INFO  impl.FollowerInfo (FollowerInfo.java:lambda$new$0(51)) - 4a94d0f0-a72e-405b-8a88-9ffe81034942@group-B902FF815E8A->68000851-4b27-431c-8824-c5fb9d655992: nextIndex: updateUnconditionally 15 -> 14
2019-09-26 15:56:46,444 [grpc-default-executor-12] WARN  server.GrpcLogAppender (LogUtils.java:warn(134)) - 4a94d0f0-a72e-405b-8a88-9ffe81034942@group-B902FF815E8A->4928e14d-160d-4293-8792-856e6c51102f-AppendLogResponseHandler: Failed appendEntries: org.apache.ratis.thirdparty.io.grpc.StatusRuntimeException: UNAVAILABLE: io exception
2019-09-26 15:56:46,444 [grpc-default-executor-12] INFO  impl.FollowerInfo (FollowerInfo.java:lambda$new$0(51)) - 4a94d0f0-a72e-405b-8a88-9ffe81034942@group-B902FF815E8A->4928e14d-160d-4293-8792-856e6c51102f: nextIndex: updateUnconditionally 18 -> 17
2019-09-26 15:56:48,841 [EventQueue-StaleNodeForStaleNodeHandler] INFO  node.StaleNodeHandler (StaleNodeHandler.java:onMessage(58)) - Datanode df750c94-8ed5-41db-9fb9-c6d6817b974c{ip: 192.168.164.210, host: pr-hdds-2185-nx5sg-2633547614, networkLocation: /default-rack, certSerialId: null} moved to stale state. Finalizing its pipelines [PipelineID=98aff6e6-5b83-40e7-856f-d57045b4fe5c, PipelineID=15c5a63e-2770-4a70-a088-1f5a0f98849f]
2019-09-26 15:56:48,842 [EventQueue-StaleNodeForStaleNodeHandler] INFO  pipeline.SCMPipelineManager (SCMPipelineManager.java:finalizeAndDestroyPipeline(315)) - destroying pipeline:Pipeline[ Id: 98aff6e6-5b83-40e7-856f-d57045b4fe5c, Nodes: df750c94-8ed5-41db-9fb9-c6d6817b974c{ip: 192.168.164.210, host: pr-hdds-2185-nx5sg-2633547614, networkLocation: /default-rack, certSerialId: null}, Type:RATIS, Factor:ONE, State:OPEN]
2019-09-26 15:56:48,843 [EventQueue-StaleNodeForStaleNodeHandler] INFO  pipeline.PipelineStateManager (PipelineStateManager.java:finalizePipeline(123)) - Pipeline Pipeline[ Id: 98aff6e6-5b83-40e7-856f-d57045b4fe5c, Nodes: df750c94-8ed5-41db-9fb9-c6d6817b974c{ip: 192.168.164.210, host: pr-hdds-2185-nx5sg-2633547614, networkLocation: /default-rack, certSerialId: null}, Type:RATIS, Factor:ONE, State:CLOSED] moved to CLOSED state
2019-09-26 15:56:48,843 [EventQueue-StaleNodeForStaleNodeHandler] INFO  pipeline.SCMPipelineManager (SCMPipelineManager.java:finalizeAndDestroyPipeline(315)) - destroying pipeline:Pipeline[ Id: 15c5a63e-2770-4a70-a088-1f5a0f98849f, Nodes: 9dd345de-fd94-4ade-9113-414a99133fea{ip: 192.168.164.210, host: pr-hdds-2185-nx5sg-2633547614, networkLocation: /default-rack, certSerialId: null}df750c94-8ed5-41db-9fb9-c6d6817b974c{ip: 192.168.164.210, host: pr-hdds-2185-nx5sg-2633547614, networkLocation: /default-rack, certSerialId: null}94c8a847-7d00-459a-8381-acafdc795e09{ip: 192.168.164.210, host: pr-hdds-2185-nx5sg-2633547614, networkLocation: /default-rack, certSerialId: null}, Type:RATIS, Factor:THREE, State:CLOSED]
2019-09-26 15:56:48,947 [grpc-default-executor-12] WARN  server.GrpcLogAppender (LogUtils.java:warn(134)) - 4a94d0f0-a72e-405b-8a88-9ffe81034942@group-B902FF815E8A->68000851-4b27-431c-8824-c5fb9d655992-AppendLogResponseHandler: Failed appendEntries: org.apache.ratis.thirdparty.io.grpc.StatusRuntimeException: UNAVAILABLE: io exception
2019-09-26 15:56:48,948 [grpc-default-executor-12] INFO  impl.FollowerInfo (FollowerInfo.java:lambda$new$0(51)) - 4a94d0f0-a72e-405b-8a88-9ffe81034942@group-B902FF815E8A->68000851-4b27-431c-8824-c5fb9d655992: nextIndex: updateUnconditionally 14 -> 13
2019-09-26 15:56:48,953 [grpc-default-executor-12] WARN  server.GrpcLogAppender (LogUtils.java:warn(134)) - 4a94d0f0-a72e-405b-8a88-9ffe81034942@group-B902FF815E8A->4928e14d-160d-4293-8792-856e6c51102f-AppendLogResponseHandler: Failed appendEntries: org.apache.ratis.thirdparty.io.grpc.StatusRuntimeException: UNAVAILABLE: io exception
2019-09-26 15:56:48,953 [grpc-default-executor-12] INFO  impl.FollowerInfo (FollowerInfo.java:lambda$new$0(51)) - 4a94d0f0-a72e-405b-8a88-9ffe81034942@group-B902FF815E8A->4928e14d-160d-4293-8792-856e6c51102f: nextIndex: updateUnconditionally 17 -> 16
2019-09-26 15:56:49,138 [Thread-3095] INFO  impl.FollowerState (FollowerState.java:run(106)) - df750c94-8ed5-41db-9fb9-c6d6817b974c:group-1F5A0F98849F changes to CANDIDATE, lastRpcTime:10205, electionTimeout:5121ms
2019-09-26 15:56:49,142 [Thread-3095] INFO  impl.RoleInfo (RoleInfo.java:shutdownFollowerState(121)) - df750c94-8ed5-41db-9fb9-c6d6817b974c: shutdown FollowerState
2019-09-26 15:56:49,142 [Thread-3095] INFO  impl.RaftServerImpl (RaftServerImpl.java:setRole(174)) - df750c94-8ed5-41db-9fb9-c6d6817b974c@group-1F5A0F98849F: changes role from  FOLLOWER to CANDIDATE at term 2 for changeToCandidate
2019-09-26 15:56:49,142 [Thread-3095] INFO  impl.RoleInfo (RoleInfo.java:updateAndGet(143)) - df750c94-8ed5-41db-9fb9-c6d6817b974c: start LeaderElection
2019-09-26 15:56:49,144 [df750c94-8ed5-41db-9fb9-c6d6817b974c@group-1F5A0F98849F:LeaderElection64] INFO  impl.RaftServerImpl (ServerState.java:setLeader(253)) - df750c94-8ed5-41db-9fb9-c6d6817b974c@group-1F5A0F98849F: change Leader from 94c8a847-7d00-459a-8381-acafdc795e09 to null at term 2 for initElection
2019-09-26 15:56:49,158 [df750c94-8ed5-41db-9fb9-c6d6817b974c@group-1F5A0F98849F:LeaderElection64] INFO  impl.LeaderElection (LeaderElection.java:askForVotes(182)) - df750c94-8ed5-41db-9fb9-c6d6817b974c@group-1F5A0F98849F:LeaderElection64: begin an election at term 3 for 17: [94c8a847-7d00-459a-8381-acafdc795e09:192.168.164.210:39822, 9dd345de-fd94-4ade-9113-414a99133fea:192.168.164.210:42557, df750c94-8ed5-41db-9fb9-c6d6817b974c:192.168.164.210:42731], old=null
2019-09-26 15:56:49,160 [df750c94-8ed5-41db-9fb9-c6d6817b974c@group-1F5A0F98849F:LeaderElection64] INFO  impl.LeaderElection (LogUtils.java:infoOrTrace(149)) - df750c94-8ed5-41db-9fb9-c6d6817b974c@group-1F5A0F98849F:LeaderElection64 got exception when requesting votes: {}
java.util.concurrent.ExecutionException: org.apache.ratis.thirdparty.io.grpc.StatusRuntimeException: UNAVAILABLE: io exception
	at java.util.concurrent.FutureTask.report(FutureTask.java:122)
	at java.util.concurrent.FutureTask.get(FutureTask.java:192)
	at org.apache.ratis.server.impl.LeaderElection.waitForResults(LeaderElection.java:263)
	at org.apache.ratis.server.impl.LeaderElection.askForVotes(LeaderElection.java:201)
	at org.apache.ratis.server.impl.LeaderElection.run(LeaderElection.java:133)
	at java.lang.Thread.run(Thread.java:748)
Caused by: org.apache.ratis.thirdparty.io.grpc.StatusRuntimeException: UNAVAILABLE: io exception
	at org.apache.ratis.thirdparty.io.grpc.stub.ClientCalls.toStatusRuntimeException(ClientCalls.java:233)
	at org.apache.ratis.thirdparty.io.grpc.stub.ClientCalls.getUnchecked(ClientCalls.java:214)
	at org.apache.ratis.thirdparty.io.grpc.stub.ClientCalls.blockingUnaryCall(ClientCalls.java:139)
	at org.apache.ratis.proto.grpc.RaftServerProtocolServiceGrpc$RaftServerProtocolServiceBlockingStub.requestVote(RaftServerProtocolServiceGrpc.java:265)
	at org.apache.ratis.grpc.server.GrpcServerProtocolClient.requestVote(GrpcServerProtocolClient.java:90)
	at org.apache.ratis.grpc.server.GrpcService.requestVote(GrpcService.java:204)
	at org.apache.ratis.server.impl.LeaderElection.lambda$submitRequests$1(LeaderElection.java:238)
	at java.util.concurrent.FutureTask.run(FutureTask.java:266)
	at java.util.concurrent.Executors$RunnableAdapter.call(Executors.java:511)
	at java.util.concurrent.FutureTask.run(FutureTask.java:266)
	at java.util.concurrent.ThreadPoolExecutor.runWorker(ThreadPoolExecutor.java:1149)
	at java.util.concurrent.ThreadPoolExecutor$Worker.run(ThreadPoolExecutor.java:624)
	... 1 more
Caused by: org.apache.ratis.thirdparty.io.netty.channel.AbstractChannel$AnnotatedConnectException: Connection refused: /192.168.164.210:42557
	at sun.nio.ch.SocketChannelImpl.checkConnect(Native Method)
	at sun.nio.ch.SocketChannelImpl.finishConnect(SocketChannelImpl.java:717)
	at org.apache.ratis.thirdparty.io.netty.channel.socket.nio.NioSocketChannel.doFinishConnect(NioSocketChannel.java:327)
	at org.apache.ratis.thirdparty.io.netty.channel.nio.AbstractNioChannel$AbstractNioUnsafe.finishConnect(AbstractNioChannel.java:340)
	at org.apache.ratis.thirdparty.io.netty.channel.nio.NioEventLoop.processSelectedKey(NioEventLoop.java:632)
	at org.apache.ratis.thirdparty.io.netty.channel.nio.NioEventLoop.processSelectedKeysOptimized(NioEventLoop.java:579)
	at org.apache.ratis.thirdparty.io.netty.channel.nio.NioEventLoop.processSelectedKeys(NioEventLoop.java:496)
	at org.apache.ratis.thirdparty.io.netty.channel.nio.NioEventLoop.run(NioEventLoop.java:458)
	at org.apache.ratis.thirdparty.io.netty.util.concurrent.SingleThreadEventExecutor$5.run(SingleThreadEventExecutor.java:897)
	at org.apache.ratis.thirdparty.io.netty.util.concurrent.FastThreadLocalRunnable.run(FastThreadLocalRunnable.java:30)
	... 1 more
Caused by: java.net.ConnectException: Connection refused
	... 11 more
2019-09-26 15:56:49,162 [df750c94-8ed5-41db-9fb9-c6d6817b974c@group-1F5A0F98849F:LeaderElection64] INFO  impl.LeaderElection (LogUtils.java:infoOrTrace(149)) - df750c94-8ed5-41db-9fb9-c6d6817b974c@group-1F5A0F98849F:LeaderElection64 got exception when requesting votes: {}
java.util.concurrent.ExecutionException: org.apache.ratis.thirdparty.io.grpc.StatusRuntimeException: UNAVAILABLE: io exception
	at java.util.concurrent.FutureTask.report(FutureTask.java:122)
	at java.util.concurrent.FutureTask.get(FutureTask.java:192)
	at org.apache.ratis.server.impl.LeaderElection.waitForResults(LeaderElection.java:263)
	at org.apache.ratis.server.impl.LeaderElection.askForVotes(LeaderElection.java:201)
	at org.apache.ratis.server.impl.LeaderElection.run(LeaderElection.java:133)
	at java.lang.Thread.run(Thread.java:748)
Caused by: org.apache.ratis.thirdparty.io.grpc.StatusRuntimeException: UNAVAILABLE: io exception
	at org.apache.ratis.thirdparty.io.grpc.stub.ClientCalls.toStatusRuntimeException(ClientCalls.java:233)
	at org.apache.ratis.thirdparty.io.grpc.stub.ClientCalls.getUnchecked(ClientCalls.java:214)
	at org.apache.ratis.thirdparty.io.grpc.stub.ClientCalls.blockingUnaryCall(ClientCalls.java:139)
	at org.apache.ratis.proto.grpc.RaftServerProtocolServiceGrpc$RaftServerProtocolServiceBlockingStub.requestVote(RaftServerProtocolServiceGrpc.java:265)
	at org.apache.ratis.grpc.server.GrpcServerProtocolClient.requestVote(GrpcServerProtocolClient.java:90)
	at org.apache.ratis.grpc.server.GrpcService.requestVote(GrpcService.java:204)
	at org.apache.ratis.server.impl.LeaderElection.lambda$submitRequests$1(LeaderElection.java:238)
	at java.util.concurrent.FutureTask.run(FutureTask.java:266)
	at java.util.concurrent.Executors$RunnableAdapter.call(Executors.java:511)
	at java.util.concurrent.FutureTask.run(FutureTask.java:266)
	at java.util.concurrent.ThreadPoolExecutor.runWorker(ThreadPoolExecutor.java:1149)
	at java.util.concurrent.ThreadPoolExecutor$Worker.run(ThreadPoolExecutor.java:624)
	... 1 more
Caused by: org.apache.ratis.thirdparty.io.netty.channel.AbstractChannel$AnnotatedConnectException: Connection refused: /192.168.164.210:39822
	at sun.nio.ch.SocketChannelImpl.checkConnect(Native Method)
	at sun.nio.ch.SocketChannelImpl.finishConnect(SocketChannelImpl.java:717)
	at org.apache.ratis.thirdparty.io.netty.channel.socket.nio.NioSocketChannel.doFinishConnect(NioSocketChannel.java:327)
	at org.apache.ratis.thirdparty.io.netty.channel.nio.AbstractNioChannel$AbstractNioUnsafe.finishConnect(AbstractNioChannel.java:340)
	at org.apache.ratis.thirdparty.io.netty.channel.nio.NioEventLoop.processSelectedKey(NioEventLoop.java:632)
	at org.apache.ratis.thirdparty.io.netty.channel.nio.NioEventLoop.processSelectedKeysOptimized(NioEventLoop.java:579)
	at org.apache.ratis.thirdparty.io.netty.channel.nio.NioEventLoop.processSelectedKeys(NioEventLoop.java:496)
	at org.apache.ratis.thirdparty.io.netty.channel.nio.NioEventLoop.run(NioEventLoop.java:458)
	at org.apache.ratis.thirdparty.io.netty.util.concurrent.SingleThreadEventExecutor$5.run(SingleThreadEventExecutor.java:897)
	at org.apache.ratis.thirdparty.io.netty.util.concurrent.FastThreadLocalRunnable.run(FastThreadLocalRunnable.java:30)
	... 1 more
Caused by: java.net.ConnectException: Connection refused
	... 11 more
2019-09-26 15:56:49,164 [df750c94-8ed5-41db-9fb9-c6d6817b974c@group-1F5A0F98849F:LeaderElection64] INFO  impl.LeaderElection (LeaderElection.java:logAndReturn(56)) - df750c94-8ed5-41db-9fb9-c6d6817b974c@group-1F5A0F98849F:LeaderElection64: Election REJECTED; received 0 response(s) [] and 2 exception(s); df750c94-8ed5-41db-9fb9-c6d6817b974c@group-1F5A0F98849F:t3, leader=null, voted=df750c94-8ed5-41db-9fb9-c6d6817b974c, raftlog=df750c94-8ed5-41db-9fb9-c6d6817b974c@group-1F5A0F98849F-SegmentedRaftLog:OPENED:c18,f18,i18, conf=17: [94c8a847-7d00-459a-8381-acafdc795e09:192.168.164.210:39822, 9dd345de-fd94-4ade-9113-414a99133fea:192.168.164.210:42557, df750c94-8ed5-41db-9fb9-c6d6817b974c:192.168.164.210:42731], old=null
2019-09-26 15:56:49,164 [df750c94-8ed5-41db-9fb9-c6d6817b974c@group-1F5A0F98849F:LeaderElection64] INFO  impl.LeaderElection (LogUtils.java:infoOrTrace(149)) -   Exception 0: {}
java.util.concurrent.ExecutionException: org.apache.ratis.thirdparty.io.grpc.StatusRuntimeException: UNAVAILABLE: io exception
	at java.util.concurrent.FutureTask.report(FutureTask.java:122)
	at java.util.concurrent.FutureTask.get(FutureTask.java:192)
	at org.apache.ratis.server.impl.LeaderElection.waitForResults(LeaderElection.java:263)
	at org.apache.ratis.server.impl.LeaderElection.askForVotes(LeaderElection.java:201)
	at org.apache.ratis.server.impl.LeaderElection.run(LeaderElection.java:133)
	at java.lang.Thread.run(Thread.java:748)
Caused by: org.apache.ratis.thirdparty.io.grpc.StatusRuntimeException: UNAVAILABLE: io exception
	at org.apache.ratis.thirdparty.io.grpc.stub.ClientCalls.toStatusRuntimeException(ClientCalls.java:233)
	at org.apache.ratis.thirdparty.io.grpc.stub.ClientCalls.getUnchecked(ClientCalls.java:214)
	at org.apache.ratis.thirdparty.io.grpc.stub.ClientCalls.blockingUnaryCall(ClientCalls.java:139)
	at org.apache.ratis.proto.grpc.RaftServerProtocolServiceGrpc$RaftServerProtocolServiceBlockingStub.requestVote(RaftServerProtocolServiceGrpc.java:265)
	at org.apache.ratis.grpc.server.GrpcServerProtocolClient.requestVote(GrpcServerProtocolClient.java:90)
	at org.apache.ratis.grpc.server.GrpcService.requestVote(GrpcService.java:204)
	at org.apache.ratis.server.impl.LeaderElection.lambda$submitRequests$1(LeaderElection.java:238)
	at java.util.concurrent.FutureTask.run(FutureTask.java:266)
	at java.util.concurrent.Executors$RunnableAdapter.call(Executors.java:511)
	at java.util.concurrent.FutureTask.run(FutureTask.java:266)
	at java.util.concurrent.ThreadPoolExecutor.runWorker(ThreadPoolExecutor.java:1149)
	at java.util.concurrent.ThreadPoolExecutor$Worker.run(ThreadPoolExecutor.java:624)
	... 1 more
Caused by: org.apache.ratis.thirdparty.io.netty.channel.AbstractChannel$AnnotatedConnectException: Connection refused: /192.168.164.210:42557
	at sun.nio.ch.SocketChannelImpl.checkConnect(Native Method)
	at sun.nio.ch.SocketChannelImpl.finishConnect(SocketChannelImpl.java:717)
	at org.apache.ratis.thirdparty.io.netty.channel.socket.nio.NioSocketChannel.doFinishConnect(NioSocketChannel.java:327)
	at org.apache.ratis.thirdparty.io.netty.channel.nio.AbstractNioChannel$AbstractNioUnsafe.finishConnect(AbstractNioChannel.java:340)
	at org.apache.ratis.thirdparty.io.netty.channel.nio.NioEventLoop.processSelectedKey(NioEventLoop.java:632)
	at org.apache.ratis.thirdparty.io.netty.channel.nio.NioEventLoop.processSelectedKeysOptimized(NioEventLoop.java:579)
	at org.apache.ratis.thirdparty.io.netty.channel.nio.NioEventLoop.processSelectedKeys(NioEventLoop.java:496)
	at org.apache.ratis.thirdparty.io.netty.channel.nio.NioEventLoop.run(NioEventLoop.java:458)
	at org.apache.ratis.thirdparty.io.netty.util.concurrent.SingleThreadEventExecutor$5.run(SingleThreadEventExecutor.java:897)
	at org.apache.ratis.thirdparty.io.netty.util.concurrent.FastThreadLocalRunnable.run(FastThreadLocalRunnable.java:30)
	... 1 more
Caused by: java.net.ConnectException: Connection refused
	... 11 more
2019-09-26 15:56:49,164 [df750c94-8ed5-41db-9fb9-c6d6817b974c@group-1F5A0F98849F:LeaderElection64] INFO  impl.LeaderElection (LogUtils.java:infoOrTrace(149)) -   Exception 1: {}
java.util.concurrent.ExecutionException: org.apache.ratis.thirdparty.io.grpc.StatusRuntimeException: UNAVAILABLE: io exception
	at java.util.concurrent.FutureTask.report(FutureTask.java:122)
	at java.util.concurrent.FutureTask.get(FutureTask.java:192)
	at org.apache.ratis.server.impl.LeaderElection.waitForResults(LeaderElection.java:263)
	at org.apache.ratis.server.impl.LeaderElection.askForVotes(LeaderElection.java:201)
	at org.apache.ratis.server.impl.LeaderElection.run(LeaderElection.java:133)
	at java.lang.Thread.run(Thread.java:748)
Caused by: org.apache.ratis.thirdparty.io.grpc.StatusRuntimeException: UNAVAILABLE: io exception
	at org.apache.ratis.thirdparty.io.grpc.stub.ClientCalls.toStatusRuntimeException(ClientCalls.java:233)
	at org.apache.ratis.thirdparty.io.grpc.stub.ClientCalls.getUnchecked(ClientCalls.java:214)
	at org.apache.ratis.thirdparty.io.grpc.stub.ClientCalls.blockingUnaryCall(ClientCalls.java:139)
	at org.apache.ratis.proto.grpc.RaftServerProtocolServiceGrpc$RaftServerProtocolServiceBlockingStub.requestVote(RaftServerProtocolServiceGrpc.java:265)
	at org.apache.ratis.grpc.server.GrpcServerProtocolClient.requestVote(GrpcServerProtocolClient.java:90)
	at org.apache.ratis.grpc.server.GrpcService.requestVote(GrpcService.java:204)
	at org.apache.ratis.server.impl.LeaderElection.lambda$submitRequests$1(LeaderElection.java:238)
	at java.util.concurrent.FutureTask.run(FutureTask.java:266)
	at java.util.concurrent.Executors$RunnableAdapter.call(Executors.java:511)
	at java.util.concurrent.FutureTask.run(FutureTask.java:266)
	at java.util.concurrent.ThreadPoolExecutor.runWorker(ThreadPoolExecutor.java:1149)
	at java.util.concurrent.ThreadPoolExecutor$Worker.run(ThreadPoolExecutor.java:624)
	... 1 more
Caused by: org.apache.ratis.thirdparty.io.netty.channel.AbstractChannel$AnnotatedConnectException: Connection refused: /192.168.164.210:39822
	at sun.nio.ch.SocketChannelImpl.checkConnect(Native Method)
	at sun.nio.ch.SocketChannelImpl.finishConnect(SocketChannelImpl.java:717)
	at org.apache.ratis.thirdparty.io.netty.channel.socket.nio.NioSocketChannel.doFinishConnect(NioSocketChannel.java:327)
	at org.apache.ratis.thirdparty.io.netty.channel.nio.AbstractNioChannel$AbstractNioUnsafe.finishConnect(AbstractNioChannel.java:340)
	at org.apache.ratis.thirdparty.io.netty.channel.nio.NioEventLoop.processSelectedKey(NioEventLoop.java:632)
	at org.apache.ratis.thirdparty.io.netty.channel.nio.NioEventLoop.processSelectedKeysOptimized(NioEventLoop.java:579)
	at org.apache.ratis.thirdparty.io.netty.channel.nio.NioEventLoop.processSelectedKeys(NioEventLoop.java:496)
	at org.apache.ratis.thirdparty.io.netty.channel.nio.NioEventLoop.run(NioEventLoop.java:458)
	at org.apache.ratis.thirdparty.io.netty.util.concurrent.SingleThreadEventExecutor$5.run(SingleThreadEventExecutor.java:897)
	at org.apache.ratis.thirdparty.io.netty.util.concurrent.FastThreadLocalRunnable.run(FastThreadLocalRunnable.java:30)
	... 1 more
Caused by: java.net.ConnectException: Connection refused
	... 11 more
2019-09-26 15:56:49,164 [df750c94-8ed5-41db-9fb9-c6d6817b974c@group-1F5A0F98849F:LeaderElection64] INFO  impl.RaftServerImpl (RaftServerImpl.java:setRole(174)) - df750c94-8ed5-41db-9fb9-c6d6817b974c@group-1F5A0F98849F: changes role from CANDIDATE to FOLLOWER at term 3 for DISCOVERED_A_NEW_TERM
2019-09-26 15:56:49,165 [df750c94-8ed5-41db-9fb9-c6d6817b974c@group-1F5A0F98849F:LeaderElection64] INFO  impl.RoleInfo (RoleInfo.java:shutdownLeaderElection(134)) - df750c94-8ed5-41db-9fb9-c6d6817b974c: shutdown LeaderElection
2019-09-26 15:56:49,165 [df750c94-8ed5-41db-9fb9-c6d6817b974c@group-1F5A0F98849F:LeaderElection64] INFO  impl.RoleInfo (RoleInfo.java:updateAndGet(143)) - df750c94-8ed5-41db-9fb9-c6d6817b974c: start FollowerState
2019-09-26 15:56:49,543 [EventQueue-StaleNodeForStaleNodeHandler] INFO  node.StaleNodeHandler (StaleNodeHandler.java:onMessage(58)) - Datanode 4a94d0f0-a72e-405b-8a88-9ffe81034942{ip: 192.168.164.210, host: pr-hdds-2185-nx5sg-2633547614, networkLocation: /default-rack, certSerialId: null} moved to stale state. Finalizing its pipelines [PipelineID=6fa496dc-9807-42de-9a3c-2a2144cbe6bf, PipelineID=d747eee0-167b-4bbf-8b73-b902ff815e8a]
2019-09-26 15:56:49,546 [EventQueue-StaleNodeForStaleNodeHandler] INFO  pipeline.SCMPipelineManager (SCMPipelineManager.java:finalizeAndDestroyPipeline(315)) - destroying pipeline:Pipeline[ Id: 6fa496dc-9807-42de-9a3c-2a2144cbe6bf, Nodes: 4a94d0f0-a72e-405b-8a88-9ffe81034942{ip: 192.168.164.210, host: pr-hdds-2185-nx5sg-2633547614, networkLocation: /default-rack, certSerialId: null}, Type:RATIS, Factor:ONE, State:OPEN]
2019-09-26 15:56:49,547 [EventQueue-StaleNodeForStaleNodeHandler] INFO  pipeline.PipelineStateManager (PipelineStateManager.java:finalizePipeline(123)) - Pipeline Pipeline[ Id: 6fa496dc-9807-42de-9a3c-2a2144cbe6bf, Nodes: 4a94d0f0-a72e-405b-8a88-9ffe81034942{ip: 192.168.164.210, host: pr-hdds-2185-nx5sg-2633547614, networkLocation: /default-rack, certSerialId: null}, Type:RATIS, Factor:ONE, State:CLOSED] moved to CLOSED state
2019-09-26 15:56:49,547 [EventQueue-StaleNodeForStaleNodeHandler] INFO  pipeline.SCMPipelineManager (SCMPipelineManager.java:finalizeAndDestroyPipeline(315)) - destroying pipeline:Pipeline[ Id: d747eee0-167b-4bbf-8b73-b902ff815e8a, Nodes: 68000851-4b27-431c-8824-c5fb9d655992{ip: 192.168.164.210, host: pr-hdds-2185-nx5sg-2633547614, networkLocation: /default-rack, certSerialId: null}4a94d0f0-a72e-405b-8a88-9ffe81034942{ip: 192.168.164.210, host: pr-hdds-2185-nx5sg-2633547614, networkLocation: /default-rack, certSerialId: null}4928e14d-160d-4293-8792-856e6c51102f{ip: 192.168.164.210, host: pr-hdds-2185-nx5sg-2633547614, networkLocation: /default-rack, certSerialId: null}, Type:RATIS, Factor:THREE, State:CLOSED]
2019-09-26 15:56:49,793 [main] INFO  ozoneimpl.OzoneContainer (OzoneContainer.java:stop(231)) - Attempting to stop container services.
2019-09-26 15:56:49,794 [main] INFO  impl.RaftServerProxy (RaftServerProxy.java:lambda$close$4(314)) - df750c94-8ed5-41db-9fb9-c6d6817b974c: close
2019-09-26 15:56:49,794 [main] INFO  impl.RaftServerImpl (RaftServerImpl.java:lambda$shutdown$3(251)) - df750c94-8ed5-41db-9fb9-c6d6817b974c@group-D57045B4FE5C: shutdown
2019-09-26 15:56:49,795 [main] INFO  util.JmxRegister (JmxRegister.java:unregister(73)) - Successfully un-registered JMX Bean with object name Ratis:service=RaftServer,group=group-D57045B4FE5C,id=df750c94-8ed5-41db-9fb9-c6d6817b974c
2019-09-26 15:56:49,795 [main] INFO  impl.RoleInfo (RoleInfo.java:shutdownLeaderState(104)) - df750c94-8ed5-41db-9fb9-c6d6817b974c: shutdown LeaderState
2019-09-26 15:56:49,796 [main] INFO  impl.PendingRequests (PendingRequests.java:sendNotLeaderResponses(202)) - df750c94-8ed5-41db-9fb9-c6d6817b974c-PendingRequests: sendNotLeaderResponses
2019-09-26 15:56:49,796 [main] INFO  impl.StateMachineUpdater (StateMachineUpdater.java:stopAndJoin(125)) - df750c94-8ed5-41db-9fb9-c6d6817b974c@group-D57045B4FE5C-StateMachineUpdater: set stopIndex = 0
2019-09-26 15:56:49,797 [main] INFO  impl.RaftServerImpl (ServerState.java:close(385)) - df750c94-8ed5-41db-9fb9-c6d6817b974c@group-D57045B4FE5C: closes. applyIndex: 0
2019-09-26 15:56:49,797 [df750c94-8ed5-41db-9fb9-c6d6817b974c@group-D57045B4FE5C-SegmentedRaftLogWorker] INFO  segmented.SegmentedRaftLogWorker (SegmentedRaftLogWorker.java:run(313)) - df750c94-8ed5-41db-9fb9-c6d6817b974c@group-D57045B4FE5C-SegmentedRaftLogWorker was interrupted, exiting. There are 0 tasks remaining in the queue.
2019-09-26 15:56:49,800 [main] INFO  segmented.SegmentedRaftLogWorker (SegmentedRaftLogWorker.java:close(228)) - df750c94-8ed5-41db-9fb9-c6d6817b974c@group-D57045B4FE5C-SegmentedRaftLogWorker close()
2019-09-26 15:56:49,802 [main] INFO  impl.RaftServerImpl (RaftServerImpl.java:lambda$shutdown$3(251)) - df750c94-8ed5-41db-9fb9-c6d6817b974c@group-1F5A0F98849F: shutdown
2019-09-26 15:56:49,803 [main] INFO  util.JmxRegister (JmxRegister.java:unregister(73)) - Successfully un-registered JMX Bean with object name Ratis:service=RaftServer,group=group-1F5A0F98849F,id=df750c94-8ed5-41db-9fb9-c6d6817b974c
2019-09-26 15:56:49,803 [main] INFO  impl.RoleInfo (RoleInfo.java:shutdownFollowerState(121)) - df750c94-8ed5-41db-9fb9-c6d6817b974c: shutdown FollowerState
2019-09-26 15:56:49,803 [main] INFO  impl.StateMachineUpdater (StateMachineUpdater.java:stopAndJoin(125)) - df750c94-8ed5-41db-9fb9-c6d6817b974c@group-1F5A0F98849F-StateMachineUpdater: set stopIndex = 18
2019-09-26 15:56:49,803 [Thread-3177] INFO  impl.FollowerState (FollowerState.java:run(115)) - df750c94-8ed5-41db-9fb9-c6d6817b974c: FollowerState was interrupted: java.lang.InterruptedException: sleep interrupted
2019-09-26 15:56:49,803 [df750c94-8ed5-41db-9fb9-c6d6817b974c@group-1F5A0F98849F-StateMachineUpdater] INFO  ratis.ContainerStateMachine (ContainerStateMachine.java:takeSnapshot(289)) - group-1F5A0F98849F: Taking a snapshot at:(t:1, i:14) file /workdir/hadoop-ozone/integration-test/target/test-dir/MiniOzoneClusterImpl-7cae8434-9510-4e3b-823e-048edbbfad91/datanode-5/data/ratis/15c5a63e-2770-4a70-a088-1f5a0f98849f/sm/snapshot.1_14
2019-09-26 15:56:49,808 [ForkJoinPool.commonPool-worker-1] INFO  ozoneimpl.OzoneContainer (OzoneContainer.java:stop(231)) - Attempting to stop container services.
2019-09-26 15:56:49,808 [ForkJoinPool.commonPool-worker-1] INFO  impl.RaftServerProxy (RaftServerProxy.java:lambda$close$4(314)) - 4a94d0f0-a72e-405b-8a88-9ffe81034942: close
2019-09-26 15:56:49,808 [ForkJoinPool.commonPool-worker-1] INFO  impl.RaftServerImpl (RaftServerImpl.java:lambda$shutdown$3(251)) - 4a94d0f0-a72e-405b-8a88-9ffe81034942@group-2A2144CBE6BF: shutdown
2019-09-26 15:56:49,808 [ForkJoinPool.commonPool-worker-1] INFO  util.JmxRegister (JmxRegister.java:unregister(73)) - Successfully un-registered JMX Bean with object name Ratis:service=RaftServer,group=group-2A2144CBE6BF,id=4a94d0f0-a72e-405b-8a88-9ffe81034942
2019-09-26 15:56:49,808 [ForkJoinPool.commonPool-worker-1] INFO  impl.RoleInfo (RoleInfo.java:shutdownLeaderState(104)) - 4a94d0f0-a72e-405b-8a88-9ffe81034942: shutdown LeaderState
2019-09-26 15:56:49,809 [ForkJoinPool.commonPool-worker-1] INFO  impl.PendingRequests (PendingRequests.java:sendNotLeaderResponses(202)) - 4a94d0f0-a72e-405b-8a88-9ffe81034942-PendingRequests: sendNotLeaderResponses
2019-09-26 15:56:49,809 [ForkJoinPool.commonPool-worker-1] INFO  impl.StateMachineUpdater (StateMachineUpdater.java:stopAndJoin(125)) - 4a94d0f0-a72e-405b-8a88-9ffe81034942@group-2A2144CBE6BF-StateMachineUpdater: set stopIndex = 0
2019-09-26 15:56:49,809 [ForkJoinPool.commonPool-worker-1] INFO  impl.RaftServerImpl (ServerState.java:close(385)) - 4a94d0f0-a72e-405b-8a88-9ffe81034942@group-2A2144CBE6BF: closes. applyIndex: 0
2019-09-26 15:56:49,809 [4a94d0f0-a72e-405b-8a88-9ffe81034942@group-2A2144CBE6BF-SegmentedRaftLogWorker] INFO  segmented.SegmentedRaftLogWorker (SegmentedRaftLogWorker.java:run(313)) - 4a94d0f0-a72e-405b-8a88-9ffe81034942@group-2A2144CBE6BF-SegmentedRaftLogWorker was interrupted, exiting. There are 0 tasks remaining in the queue.
2019-09-26 15:56:49,811 [df750c94-8ed5-41db-9fb9-c6d6817b974c@group-1F5A0F98849F-StateMachineUpdater] INFO  ratis.ContainerStateMachine (ContainerStateMachine.java:takeSnapshot(300)) - group-1F5A0F98849F: Finished taking a snapshot at:(t:1, i:14) file:/workdir/hadoop-ozone/integration-test/target/test-dir/MiniOzoneClusterImpl-7cae8434-9510-4e3b-823e-048edbbfad91/datanode-5/data/ratis/15c5a63e-2770-4a70-a088-1f5a0f98849f/sm/snapshot.1_14 time:8
2019-09-26 15:56:49,811 [ForkJoinPool.commonPool-worker-1] INFO  segmented.SegmentedRaftLogWorker (SegmentedRaftLogWorker.java:close(228)) - 4a94d0f0-a72e-405b-8a88-9ffe81034942@group-2A2144CBE6BF-SegmentedRaftLogWorker close()
2019-09-26 15:56:49,811 [df750c94-8ed5-41db-9fb9-c6d6817b974c@group-1F5A0F98849F-StateMachineUpdater] INFO  impl.StateMachineUpdater (StateMachineUpdater.java:takeSnapshot(258)) - df750c94-8ed5-41db-9fb9-c6d6817b974c@group-1F5A0F98849F-StateMachineUpdater: Took a snapshot at index 14
2019-09-26 15:56:49,813 [ForkJoinPool.commonPool-worker-1] INFO  impl.RaftServerImpl (RaftServerImpl.java:lambda$shutdown$3(251)) - 4a94d0f0-a72e-405b-8a88-9ffe81034942@group-B902FF815E8A: shutdown
2019-09-26 15:56:49,813 [df750c94-8ed5-41db-9fb9-c6d6817b974c@group-1F5A0F98849F-StateMachineUpdater] INFO  impl.StateMachineUpdater (StateMachineUpdater.java:lambda$new$0(83)) - df750c94-8ed5-41db-9fb9-c6d6817b974c@group-1F5A0F98849F-StateMachineUpdater: snapshotIndex: updateIncreasingly -1 -> 14
2019-09-26 15:56:49,813 [ForkJoinPool.commonPool-worker-1] INFO  util.JmxRegister (JmxRegister.java:unregister(73)) - Successfully un-registered JMX Bean with object name Ratis:service=RaftServer,group=group-B902FF815E8A,id=4a94d0f0-a72e-405b-8a88-9ffe81034942
2019-09-26 15:56:49,814 [ForkJoinPool.commonPool-worker-1] INFO  impl.RoleInfo (RoleInfo.java:shutdownLeaderState(104)) - 4a94d0f0-a72e-405b-8a88-9ffe81034942: shutdown LeaderState
2019-09-26 15:56:49,814 [df750c94-8ed5-41db-9fb9-c6d6817b974c@group-1F5A0F98849F-StateMachineUpdater] INFO  ratis.ContainerStateMachine (ContainerStateMachine.java:takeSnapshot(289)) - group-1F5A0F98849F: Taking a snapshot at:(t:1, i:14) file /workdir/hadoop-ozone/integration-test/target/test-dir/MiniOzoneClusterImpl-7cae8434-9510-4e3b-823e-048edbbfad91/datanode-5/data/ratis/15c5a63e-2770-4a70-a088-1f5a0f98849f/sm/snapshot.1_14
2019-09-26 15:56:49,816 [org.apache.ratis.server.impl.LogAppender$AppenderDaemon$$Lambda$512/332279832@3924fe52] WARN  server.GrpcLogAppender (GrpcLogAppender.java:mayWait(143)) - 4a94d0f0-a72e-405b-8a88-9ffe81034942@group-B902FF815E8A->4928e14d-160d-4293-8792-856e6c51102f-GrpcLogAppender: Wait interrupted by java.lang.InterruptedException
2019-09-26 15:56:49,816 [org.apache.ratis.server.impl.LogAppender$AppenderDaemon$$Lambda$512/332279832@12243157] WARN  server.GrpcLogAppender (GrpcLogAppender.java:mayWait(143)) - 4a94d0f0-a72e-405b-8a88-9ffe81034942@group-B902FF815E8A->68000851-4b27-431c-8824-c5fb9d655992-GrpcLogAppender: Wait interrupted by java.lang.InterruptedException
2019-09-26 15:56:49,816 [ForkJoinPool.commonPool-worker-1] INFO  impl.PendingRequests (PendingRequests.java:sendNotLeaderResponses(202)) - 4a94d0f0-a72e-405b-8a88-9ffe81034942-PendingRequests: sendNotLeaderResponses
2019-09-26 15:56:49,818 [ForkJoinPool.commonPool-worker-1] INFO  impl.StateMachineUpdater (StateMachineUpdater.java:stopAndJoin(125)) - 4a94d0f0-a72e-405b-8a88-9ffe81034942@group-B902FF815E8A-StateMachineUpdater: set stopIndex = 18
2019-09-26 15:56:49,819 [4a94d0f0-a72e-405b-8a88-9ffe81034942@group-B902FF815E8A-StateMachineUpdater] INFO  ratis.ContainerStateMachine (ContainerStateMachine.java:takeSnapshot(289)) - group-B902FF815E8A: Taking a snapshot at:(t:1, i:18) file /workdir/hadoop-ozone/integration-test/target/test-dir/MiniOzoneClusterImpl-7cae8434-9510-4e3b-823e-048edbbfad91/datanode-0/data/ratis/d747eee0-167b-4bbf-8b73-b902ff815e8a/sm/snapshot.1_18
2019-09-26 15:56:49,820 [df750c94-8ed5-41db-9fb9-c6d6817b974c@group-1F5A0F98849F-StateMachineUpdater] INFO  ratis.ContainerStateMachine (ContainerStateMachine.java:takeSnapshot(300)) - group-1F5A0F98849F: Finished taking a snapshot at:(t:1, i:14) file:/workdir/hadoop-ozone/integration-test/target/test-dir/MiniOzoneClusterImpl-7cae8434-9510-4e3b-823e-048edbbfad91/datanode-5/data/ratis/15c5a63e-2770-4a70-a088-1f5a0f98849f/sm/snapshot.1_14 time:6
2019-09-26 15:56:49,820 [df750c94-8ed5-41db-9fb9-c6d6817b974c@group-1F5A0F98849F-StateMachineUpdater] INFO  impl.StateMachineUpdater (StateMachineUpdater.java:takeSnapshot(258)) - df750c94-8ed5-41db-9fb9-c6d6817b974c@group-1F5A0F98849F-StateMachineUpdater: Took a snapshot at index 14
2019-09-26 15:56:49,821 [df750c94-8ed5-41db-9fb9-c6d6817b974c@group-1F5A0F98849F-StateMachineUpdater] INFO  impl.StateMachineUpdater (StateMachineUpdater.java:lambda$new$0(83)) - df750c94-8ed5-41db-9fb9-c6d6817b974c@group-1F5A0F98849F-StateMachineUpdater: snapshotIndex: updateIncreasingly 14 -> 14
2019-09-26 15:56:49,821 [main] INFO  impl.RaftServerImpl (ServerState.java:close(385)) - df750c94-8ed5-41db-9fb9-c6d6817b974c@group-1F5A0F98849F: closes. applyIndex: 18
2019-09-26 15:56:49,821 [df750c94-8ed5-41db-9fb9-c6d6817b974c@group-1F5A0F98849F-SegmentedRaftLogWorker] INFO  segmented.SegmentedRaftLogWorker (SegmentedRaftLogWorker.java:run(313)) - df750c94-8ed5-41db-9fb9-c6d6817b974c@group-1F5A0F98849F-SegmentedRaftLogWorker was interrupted, exiting. There are 0 tasks remaining in the queue.
2019-09-26 15:56:49,822 [4a94d0f0-a72e-405b-8a88-9ffe81034942@group-B902FF815E8A-StateMachineUpdater] INFO  ratis.ContainerStateMachine (ContainerStateMachine.java:takeSnapshot(300)) - group-B902FF815E8A: Finished taking a snapshot at:(t:1, i:18) file:/workdir/hadoop-ozone/integration-test/target/test-dir/MiniOzoneClusterImpl-7cae8434-9510-4e3b-823e-048edbbfad91/datanode-0/data/ratis/d747eee0-167b-4bbf-8b73-b902ff815e8a/sm/snapshot.1_18 time:3
2019-09-26 15:56:49,823 [main] INFO  segmented.SegmentedRaftLogWorker (SegmentedRaftLogWorker.java:close(228)) - df750c94-8ed5-41db-9fb9-c6d6817b974c@group-1F5A0F98849F-SegmentedRaftLogWorker close()
2019-09-26 15:56:49,823 [4a94d0f0-a72e-405b-8a88-9ffe81034942@group-B902FF815E8A-StateMachineUpdater] INFO  impl.StateMachineUpdater (StateMachineUpdater.java:takeSnapshot(258)) - 4a94d0f0-a72e-405b-8a88-9ffe81034942@group-B902FF815E8A-StateMachineUpdater: Took a snapshot at index 18
2019-09-26 15:56:49,834 [main] INFO  server.GrpcService (GrpcService.java:closeImpl(164)) - df750c94-8ed5-41db-9fb9-c6d6817b974c: shutdown server with port 42731 now
2019-09-26 15:56:49,834 [4a94d0f0-a72e-405b-8a88-9ffe81034942@group-B902FF815E8A-StateMachineUpdater] INFO  impl.StateMachineUpdater (StateMachineUpdater.java:lambda$new$0(83)) - 4a94d0f0-a72e-405b-8a88-9ffe81034942@group-B902FF815E8A-StateMachineUpdater: snapshotIndex: updateIncreasingly -1 -> 18
2019-09-26 15:56:49,835 [main] INFO  server.GrpcService (GrpcService.java:closeImpl(172)) - df750c94-8ed5-41db-9fb9-c6d6817b974c: shutdown server with port 42731 successfully
2019-09-26 15:56:49,835 [ForkJoinPool.commonPool-worker-1] INFO  impl.RaftServerImpl (ServerState.java:close(385)) - 4a94d0f0-a72e-405b-8a88-9ffe81034942@group-B902FF815E8A: closes. applyIndex: 18
2019-09-26 15:56:49,836 [4a94d0f0-a72e-405b-8a88-9ffe81034942@group-B902FF815E8A-SegmentedRaftLogWorker] INFO  segmented.SegmentedRaftLogWorker (SegmentedRaftLogWorker.java:run(313)) - 4a94d0f0-a72e-405b-8a88-9ffe81034942@group-B902FF815E8A-SegmentedRaftLogWorker was interrupted, exiting. There are 0 tasks remaining in the queue.
2019-09-26 15:56:49,836 [ForkJoinPool.commonPool-worker-1] INFO  segmented.SegmentedRaftLogWorker (SegmentedRaftLogWorker.java:close(228)) - 4a94d0f0-a72e-405b-8a88-9ffe81034942@group-B902FF815E8A-SegmentedRaftLogWorker close()
2019-09-26 15:56:49,838 [ForkJoinPool.commonPool-worker-1] INFO  server.GrpcService (GrpcService.java:closeImpl(164)) - 4a94d0f0-a72e-405b-8a88-9ffe81034942: shutdown server with port 45821 now
2019-09-26 15:56:49,838 [refreshUsed-/workdir/hadoop-ozone/integration-test/target/test-dir/MiniOzoneClusterImpl-7cae8434-9510-4e3b-823e-048edbbfad91/datanode-5/data/containers] WARN  fs.CachingGetSpaceUsed (CachingGetSpaceUsed.java:run(183)) - Thread Interrupted waiting to refresh disk information: sleep interrupted
2019-09-26 15:56:49,841 [ForkJoinPool.commonPool-worker-1] INFO  server.GrpcService (GrpcService.java:closeImpl(172)) - 4a94d0f0-a72e-405b-8a88-9ffe81034942: shutdown server with port 45821 successfully
2019-09-26 15:56:49,841 [grpc-default-executor-11] WARN  client.GrpcClientProtocolService (LogUtils.java:warn(134)) - 1-UnorderedRequestStreamObserver1: onError: org.apache.ratis.thirdparty.io.grpc.StatusRuntimeException: CANCELLED: cancelled before receiving half close
2019-09-26 15:56:49,843 [refreshUsed-/workdir/hadoop-ozone/integration-test/target/test-dir/MiniOzoneClusterImpl-7cae8434-9510-4e3b-823e-048edbbfad91/datanode-0/data/containers] WARN  fs.CachingGetSpaceUsed (CachingGetSpaceUsed.java:run(183)) - Thread Interrupted waiting to refresh disk information: sleep interrupted
2019-09-26 15:56:49,854 [main] INFO  utils.BackgroundService (BackgroundService.java:shutdown(148)) - Shutting down service BlockDeletingService
2019-09-26 15:56:49,857 [main] INFO  statemachine.DatanodeStateMachine (DatanodeStateMachine.java:stopDaemon(395)) - Ozone container server stopped.
2019-09-26 15:56:49,859 [main] INFO  handler.ContextHandler (ContextHandler.java:doStop(910)) - Stopped o.e.j.w.WebAppContext@48f2054d{/,null,UNAVAILABLE}{/hddsDatanode}
2019-09-26 15:56:49,859 [ForkJoinPool.commonPool-worker-1] INFO  utils.BackgroundService (BackgroundService.java:shutdown(148)) - Shutting down service BlockDeletingService
2019-09-26 15:56:49,862 [ForkJoinPool.commonPool-worker-1] INFO  statemachine.DatanodeStateMachine (DatanodeStateMachine.java:stopDaemon(395)) - Ozone container server stopped.
2019-09-26 15:56:49,862 [main] INFO  server.AbstractConnector (AbstractConnector.java:doStop(318)) - Stopped ServerConnector@4b3a01d8{HTTP/1.1,[http/1.1]}{0.0.0.0:0}
2019-09-26 15:56:49,865 [main] INFO  handler.ContextHandler (ContextHandler.java:doStop(910)) - Stopped o.e.j.s.ServletContextHandler@154b8cb6{/static,jar:file:/home/user/.m2/repository/org/apache/hadoop/hadoop-hdds-container-service/0.5.0-SNAPSHOT/hadoop-hdds-container-service-0.5.0-SNAPSHOT.jar!/webapps/static,UNAVAILABLE}
2019-09-26 15:56:49,866 [ForkJoinPool.commonPool-worker-1] INFO  handler.ContextHandler (ContextHandler.java:doStop(910)) - Stopped o.e.j.w.WebAppContext@5ea7bc4{/,null,UNAVAILABLE}{/hddsDatanode}
2019-09-26 15:56:49,866 [main] INFO  handler.ContextHandler (ContextHandler.java:doStop(910)) - Stopped o.e.j.s.ServletContextHandler@1c7f9861{/logs,file:///workdir/hadoop-ozone/integration-test/target/log,UNAVAILABLE}
2019-09-26 15:56:49,866 [ForkJoinPool.commonPool-worker-1] INFO  server.AbstractConnector (AbstractConnector.java:doStop(318)) - Stopped ServerConnector@39d77de9{HTTP/1.1,[http/1.1]}{0.0.0.0:0}
2019-09-26 15:56:49,867 [ForkJoinPool.commonPool-worker-1] INFO  handler.ContextHandler (ContextHandler.java:doStop(910)) - Stopped o.e.j.s.ServletContextHandler@52ecc989{/static,jar:file:/home/user/.m2/repository/org/apache/hadoop/hadoop-hdds-container-service/0.5.0-SNAPSHOT/hadoop-hdds-container-service-0.5.0-SNAPSHOT.jar!/webapps/static,UNAVAILABLE}
2019-09-26 15:56:49,868 [ForkJoinPool.commonPool-worker-1] INFO  handler.ContextHandler (ContextHandler.java:doStop(910)) - Stopped o.e.j.s.ServletContextHandler@5f8f1712{/logs,file:///workdir/hadoop-ozone/integration-test/target/log,UNAVAILABLE}
2019-09-26 15:56:49,869 [main] INFO  ozone.MiniOzoneClusterImpl (MiniOzoneClusterImpl.java:stopSCM(392)) - Stopping the StorageContainerManager
2019-09-26 15:56:49,869 [main] INFO  server.StorageContainerManager (StorageContainerManager.java:stop(808)) - Stopping Replication Manager Service.
2019-09-26 15:56:49,869 [main] INFO  container.ReplicationManager (ReplicationManager.java:stop(203)) - Stopping Replication Monitor Thread.
2019-09-26 15:56:49,869 [main] INFO  server.StorageContainerManager (StorageContainerManager.java:stop(815)) - Stopping Lease Manager of the command watchers
2019-09-26 15:56:49,870 [main] INFO  server.StorageContainerManager (StorageContainerManager.java:stop(822)) - Stopping datanode service RPC server
2019-09-26 15:56:49,870 [main] INFO  server.SCMDatanodeProtocolServer (SCMDatanodeProtocolServer.java:stop(367)) - Stopping the RPC server for DataNodes
2019-09-26 15:56:49,870 [main] INFO  ipc.Server (Server.java:stop(3082)) - Stopping server on 36810
2019-09-26 15:56:49,872 [IPC Server listener on 36810] INFO  ipc.Server (Server.java:run(1185)) - Stopping IPC Server listener on 36810
2019-09-26 15:56:49,872 [IPC Server Responder] INFO  ipc.Server (Server.java:run(1319)) - Stopping IPC Server Responder
2019-09-26 15:56:49,943 [SCM Heartbeat Processing Thread - 0] WARN  node.NodeStateManager (NodeStateManager.java:scheduleNextHealthCheck(646)) - Current Thread is interrupted, shutting down HB processing thread for Node Manager.
2019-09-26 15:56:49,943 [main] INFO  server.StorageContainerManager (StorageContainerManager.java:stop(830)) - Stopping block service RPC server
2019-09-26 15:56:49,944 [main] INFO  server.SCMBlockProtocolServer (SCMBlockProtocolServer.java:stop(155)) - Stopping the RPC server for Block Protocol
2019-09-26 15:56:49,944 [main] INFO  ipc.Server (Server.java:stop(3082)) - Stopping server on 44854
2019-09-26 15:56:49,946 [IPC Server listener on 44854] INFO  ipc.Server (Server.java:run(1185)) - Stopping IPC Server listener on 44854
2019-09-26 15:56:49,946 [main] INFO  server.StorageContainerManager (StorageContainerManager.java:stop(837)) - Stopping the StorageContainerLocationProtocol RPC server
2019-09-26 15:56:49,946 [IPC Server Responder] INFO  ipc.Server (Server.java:run(1319)) - Stopping IPC Server Responder
2019-09-26 15:56:49,947 [main] INFO  server.SCMClientProtocolServer (SCMClientProtocolServer.java:stop(158)) - Stopping the RPC server for Client Protocol
2019-09-26 15:56:49,947 [main] INFO  ipc.Server (Server.java:stop(3082)) - Stopping server on 44431
2019-09-26 15:56:49,949 [main] INFO  server.StorageContainerManager (StorageContainerManager.java:stop(844)) - Stopping Storage Container Manager HTTP server.
2019-09-26 15:56:49,949 [IPC Server Responder] INFO  ipc.Server (Server.java:run(1319)) - Stopping IPC Server Responder
2019-09-26 15:56:49,949 [IPC Server listener on 44431] INFO  ipc.Server (Server.java:run(1185)) - Stopping IPC Server listener on 44431
2019-09-26 15:56:49,950 [main] INFO  handler.ContextHandler (ContextHandler.java:doStop(910)) - Stopped o.e.j.w.WebAppContext@4837f97e{/,null,UNAVAILABLE}{/scm}
2019-09-26 15:56:49,950 [main] INFO  server.AbstractConnector (AbstractConnector.java:doStop(318)) - Stopped ServerConnector@53314f76{HTTP/1.1,[http/1.1]}{0.0.0.0:0}
2019-09-26 15:56:49,951 [main] INFO  handler.ContextHandler (ContextHandler.java:doStop(910)) - Stopped o.e.j.s.ServletContextHandler@6de7778f{/static,file:///workdir/hadoop-ozone/integration-test/target/test-classes/webapps/static,UNAVAILABLE}
2019-09-26 15:56:49,951 [main] INFO  handler.ContextHandler (ContextHandler.java:doStop(910)) - Stopped o.e.j.s.ServletContextHandler@26f0141{/logs,file:///workdir/hadoop-ozone/integration-test/target/log,UNAVAILABLE}
2019-09-26 15:56:49,951 [main] INFO  server.StorageContainerManager (StorageContainerManager.java:stop(855)) - Stopping Block Manager Service.
2019-09-26 15:56:49,952 [main] INFO  utils.BackgroundService (BackgroundService.java:shutdown(148)) - Shutting down service SCMBlockDeletingService
2019-09-26 15:56:49,952 [main] INFO  utils.BackgroundService (BackgroundService.java:shutdown(148)) - Shutting down service SCMBlockDeletingService
2019-09-26 15:56:49,952 [main] INFO  server.StorageContainerManager (StorageContainerManager.java:stop(877)) - Stopping SCM Event Queue.
2019-09-26 15:56:49,957 [main] INFO  impl.MetricsSystemImpl (MetricsSystemImpl.java:stop(210)) - Stopping HddsDatanode metrics system...
2019-09-26 15:56:49,975 [main] INFO  impl.MetricsSystemImpl (MetricsSystemImpl.java:stop(216)) - HddsDatanode metrics system stopped.
]]></system-out>
    <system-err><![CDATA[Sep 26, 2019 3:56:39 PM org.apache.ratis.thirdparty.io.grpc.internal.SerializingExecutor run
SEVERE: Exception while executing runnable org.apache.ratis.thirdparty.io.grpc.internal.ServerImpl$JumpToApplicationThreadServerStreamListener$1Closed@780144de
org.apache.ratis.thirdparty.io.grpc.StatusRuntimeException: CANCELLED: call already cancelled
	at org.apache.ratis.thirdparty.io.grpc.Status.asRuntimeException(Status.java:517)
	at org.apache.ratis.thirdparty.io.grpc.stub.ServerCalls$ServerCallStreamObserverImpl.onCompleted(ServerCalls.java:356)
	at org.apache.ratis.grpc.server.GrpcServerProtocolService$ServerRequestStreamObserver.onError(GrpcServerProtocolService.java:121)
	at org.apache.ratis.thirdparty.io.grpc.stub.ServerCalls$StreamingServerCallHandler$StreamingServerCallListener.onCancel(ServerCalls.java:269)
	at org.apache.ratis.thirdparty.io.grpc.internal.ServerCallImpl$ServerStreamListenerImpl.closed(ServerCallImpl.java:293)
	at org.apache.ratis.thirdparty.io.grpc.internal.ServerImpl$JumpToApplicationThreadServerStreamListener$1Closed.runInContext(ServerImpl.java:741)
	at org.apache.ratis.thirdparty.io.grpc.internal.ContextRunnable.run(ContextRunnable.java:37)
	at org.apache.ratis.thirdparty.io.grpc.internal.SerializingExecutor.run(SerializingExecutor.java:123)
	at java.util.concurrent.ThreadPoolExecutor.runWorker(ThreadPoolExecutor.java:1149)
	at java.util.concurrent.ThreadPoolExecutor$Worker.run(ThreadPoolExecutor.java:624)
	at java.lang.Thread.run(Thread.java:748)

Sep 26, 2019 3:56:44 PM org.apache.ratis.thirdparty.io.grpc.internal.SerializingExecutor run
SEVERE: Exception while executing runnable org.apache.ratis.thirdparty.io.grpc.internal.ServerImpl$JumpToApplicationThreadServerStreamListener$1Closed@1af4b32d
org.apache.ratis.thirdparty.io.grpc.StatusRuntimeException: CANCELLED: call already cancelled
	at org.apache.ratis.thirdparty.io.grpc.Status.asRuntimeException(Status.java:517)
	at org.apache.ratis.thirdparty.io.grpc.stub.ServerCalls$ServerCallStreamObserverImpl.onCompleted(ServerCalls.java:356)
	at org.apache.ratis.grpc.server.GrpcServerProtocolService$ServerRequestStreamObserver.onError(GrpcServerProtocolService.java:121)
	at org.apache.ratis.thirdparty.io.grpc.stub.ServerCalls$StreamingServerCallHandler$StreamingServerCallListener.onCancel(ServerCalls.java:269)
	at org.apache.ratis.thirdparty.io.grpc.internal.ServerCallImpl$ServerStreamListenerImpl.closed(ServerCallImpl.java:293)
	at org.apache.ratis.thirdparty.io.grpc.internal.ServerImpl$JumpToApplicationThreadServerStreamListener$1Closed.runInContext(ServerImpl.java:741)
	at org.apache.ratis.thirdparty.io.grpc.internal.ContextRunnable.run(ContextRunnable.java:37)
	at org.apache.ratis.thirdparty.io.grpc.internal.SerializingExecutor.run(SerializingExecutor.java:123)
	at java.util.concurrent.ThreadPoolExecutor.runWorker(ThreadPoolExecutor.java:1149)
	at java.util.concurrent.ThreadPoolExecutor$Worker.run(ThreadPoolExecutor.java:624)
	at java.lang.Thread.run(Thread.java:748)

]]></system-err>
  </testcase>
  <testcase name="testFailureWithPrimeSizedData" classname="org.apache.hadoop.ozone.client.rpc.TestBlockOutputStreamWithFailures" time="35.919"/>
  <testcase name="testWatchForCommitWithCloseContainerException" classname="org.apache.hadoop.ozone.client.rpc.TestBlockOutputStreamWithFailures" time="42.588">
    <failure message="expected:&lt;81&gt; but was:&lt;82&gt;" type="java.lang.AssertionError"><![CDATA[java.lang.AssertionError: expected:<81> but was:<82>
	at org.junit.Assert.fail(Assert.java:88)
	at org.junit.Assert.failNotEquals(Assert.java:743)
	at org.junit.Assert.assertEquals(Assert.java:118)
	at org.junit.Assert.assertEquals(Assert.java:555)
	at org.junit.Assert.assertEquals(Assert.java:542)
	at org.apache.hadoop.ozone.client.rpc.TestBlockOutputStreamWithFailures.testWatchForCommitWithCloseContainerException(TestBlockOutputStreamWithFailures.java:196)
	at sun.reflect.NativeMethodAccessorImpl.invoke0(Native Method)
	at sun.reflect.NativeMethodAccessorImpl.invoke(NativeMethodAccessorImpl.java:62)
	at sun.reflect.DelegatingMethodAccessorImpl.invoke(DelegatingMethodAccessorImpl.java:43)
	at java.lang.reflect.Method.invoke(Method.java:498)
	at org.junit.runners.model.FrameworkMethod$1.runReflectiveCall(FrameworkMethod.java:47)
	at org.junit.internal.runners.model.ReflectiveCallable.run(ReflectiveCallable.java:12)
	at org.junit.runners.model.FrameworkMethod.invokeExplosively(FrameworkMethod.java:44)
	at org.junit.internal.runners.statements.InvokeMethod.evaluate(InvokeMethod.java:17)
	at org.junit.internal.runners.statements.RunBefores.evaluate(RunBefores.java:26)
	at org.junit.internal.runners.statements.RunAfters.evaluate(RunAfters.java:27)
	at org.junit.runners.ParentRunner.runLeaf(ParentRunner.java:271)
	at org.junit.runners.BlockJUnit4ClassRunner.runChild(BlockJUnit4ClassRunner.java:70)
	at org.junit.runners.BlockJUnit4ClassRunner.runChild(BlockJUnit4ClassRunner.java:50)
	at org.junit.runners.ParentRunner$3.run(ParentRunner.java:238)
	at org.junit.runners.ParentRunner$1.schedule(ParentRunner.java:63)
	at org.junit.runners.ParentRunner.runChildren(ParentRunner.java:236)
	at org.junit.runners.ParentRunner.access$000(ParentRunner.java:53)
	at org.junit.runners.ParentRunner$2.evaluate(ParentRunner.java:229)
	at org.junit.runners.ParentRunner.run(ParentRunner.java:309)
	at org.apache.maven.surefire.junit4.JUnit4Provider.execute(JUnit4Provider.java:365)
	at org.apache.maven.surefire.junit4.JUnit4Provider.executeWithRerun(JUnit4Provider.java:273)
	at org.apache.maven.surefire.junit4.JUnit4Provider.executeTestSet(JUnit4Provider.java:238)
	at org.apache.maven.surefire.junit4.JUnit4Provider.invoke(JUnit4Provider.java:159)
	at org.apache.maven.surefire.booter.ForkedBooter.invokeProviderInSameClassLoader(ForkedBooter.java:384)
	at org.apache.maven.surefire.booter.ForkedBooter.runSuitesInProcess(ForkedBooter.java:345)
	at org.apache.maven.surefire.booter.ForkedBooter.execute(ForkedBooter.java:126)
	at org.apache.maven.surefire.booter.ForkedBooter.main(ForkedBooter.java:418)
]]></failure>
    <system-out><![CDATA[2019-09-26 15:57:25,949 [main] WARN  server.ServerUtils (ServerUtils.java:getScmDbDir(145)) - ozone.scm.db.dirs is not configured. We recommend adding this setting. Falling back to ozone.metadata.dirs instead.
2019-09-26 15:57:25,986 [main] WARN  server.ServerUtils (ServerUtils.java:getScmDbDir(145)) - ozone.scm.db.dirs is not configured. We recommend adding this setting. Falling back to ozone.metadata.dirs instead.
2019-09-26 15:57:25,987 [main] WARN  server.ServerUtils (ServerUtils.java:getScmDbDir(145)) - ozone.scm.db.dirs is not configured. We recommend adding this setting. Falling back to ozone.metadata.dirs instead.
2019-09-26 15:57:25,987 [main] INFO  db.DBStoreBuilder (DBStoreBuilder.java:addTable(110)) - using custom profile for table: deletedBlocks
2019-09-26 15:57:25,987 [main] INFO  db.DBStoreBuilder (DBStoreBuilder.java:processTables(161)) - Using default column profile:DBProfile.DISK for Table:deletedBlocks
2019-09-26 15:57:25,987 [main] INFO  db.DBStoreBuilder (DBStoreBuilder.java:addTable(110)) - using custom profile for table: validCerts
2019-09-26 15:57:25,988 [main] INFO  db.DBStoreBuilder (DBStoreBuilder.java:processTables(161)) - Using default column profile:DBProfile.DISK for Table:validCerts
2019-09-26 15:57:25,988 [main] INFO  db.DBStoreBuilder (DBStoreBuilder.java:addTable(110)) - using custom profile for table: revokedCerts
2019-09-26 15:57:25,988 [main] INFO  db.DBStoreBuilder (DBStoreBuilder.java:processTables(161)) - Using default column profile:DBProfile.DISK for Table:revokedCerts
2019-09-26 15:57:25,988 [main] INFO  db.DBStoreBuilder (DBStoreBuilder.java:addTable(110)) - using custom profile for table: default
2019-09-26 15:57:25,988 [main] INFO  db.DBStoreBuilder (DBStoreBuilder.java:processTables(167)) - Using default column profile:DBProfile.DISK for Table:default
2019-09-26 15:57:25,988 [main] INFO  db.DBStoreBuilder (DBStoreBuilder.java:getDbProfile(198)) - Using default options. DBProfile.DISK
2019-09-26 15:57:26,142 [main] INFO  net.NodeSchemaLoader (NodeSchemaLoader.java:loadSchemaFromFile(125)) - Loading file from sun.misc.CompoundEnumeration@4aa3fc9a
2019-09-26 15:57:26,142 [main] INFO  net.NodeSchemaLoader (NodeSchemaLoader.java:loadSchema(171)) - Loading network topology layer schema file
2019-09-26 15:57:26,146 [main] INFO  node.SCMNodeManager (SCMNodeManager.java:<init>(114)) - Entering startup safe mode.
2019-09-26 15:57:26,146 [main] INFO  algorithms.ContainerPlacementPolicyFactory (ContainerPlacementPolicyFactory.java:getPolicy(57)) - Create container placement policy of type org.apache.hadoop.hdds.scm.container.placement.algorithms.SCMContainerPlacementRandom
2019-09-26 15:57:26,147 [main] WARN  server.ServerUtils (ServerUtils.java:getScmDbDir(145)) - ozone.scm.db.dirs is not configured. We recommend adding this setting. Falling back to ozone.metadata.dirs instead.
2019-09-26 15:57:26,194 [main] INFO  pipeline.SCMPipelineManager (SCMPipelineManager.java:initializePipelineState(132)) - No pipeline exists in current db
2019-09-26 15:57:26,194 [main] WARN  server.ServerUtils (ServerUtils.java:getScmDbDir(145)) - ozone.scm.db.dirs is not configured. We recommend adding this setting. Falling back to ozone.metadata.dirs instead.
2019-09-26 15:57:26,243 [main] WARN  events.EventQueue (EventQueue.java:fireEvent(183)) - No event handler registered for event TypedEvent{payloadType=SafeModeStatus, name='SafeModeStatus'}
2019-09-26 15:57:26,244 [main] INFO  ipc.CallQueueManager (CallQueueManager.java:<init>(84)) - Using callQueue: class java.util.concurrent.LinkedBlockingQueue, queueCapacity: 2000, scheduler: class org.apache.hadoop.ipc.DefaultRpcScheduler, ipcBackoff: false.
2019-09-26 15:57:26,245 [Socket Reader #1 for port 34025] INFO  ipc.Server (Server.java:run(1074)) - Starting Socket Reader #1 for port 34025
2019-09-26 15:57:26,247 [main] INFO  ipc.CallQueueManager (CallQueueManager.java:<init>(84)) - Using callQueue: class java.util.concurrent.LinkedBlockingQueue, queueCapacity: 2000, scheduler: class org.apache.hadoop.ipc.DefaultRpcScheduler, ipcBackoff: false.
2019-09-26 15:57:26,248 [Socket Reader #1 for port 43331] INFO  ipc.Server (Server.java:run(1074)) - Starting Socket Reader #1 for port 43331
2019-09-26 15:57:26,250 [main] INFO  ipc.CallQueueManager (CallQueueManager.java:<init>(84)) - Using callQueue: class java.util.concurrent.LinkedBlockingQueue, queueCapacity: 2000, scheduler: class org.apache.hadoop.ipc.DefaultRpcScheduler, ipcBackoff: false.
2019-09-26 15:57:26,251 [Socket Reader #1 for port 37480] INFO  ipc.Server (Server.java:run(1074)) - Starting Socket Reader #1 for port 37480
2019-09-26 15:57:26,254 [main] INFO  hdfs.DFSUtil (DFSUtil.java:httpServerTemplateForNNAndJN(1641)) - Starting Web-server for scm at: http://0.0.0.0:0
2019-09-26 15:57:26,256 [main] INFO  server.AuthenticationFilter (AuthenticationFilter.java:constructSecretProvider(240)) - Unable to initialize FileSignerSecretProvider, falling back to use random secrets.
2019-09-26 15:57:26,257 [main] WARN  http.HttpRequestLog (HttpRequestLog.java:getRequestLog(97)) - Jetty request log can only be enabled using Log4j
2019-09-26 15:57:26,258 [main] INFO  http.HttpServer2 (HttpServer2.java:addGlobalFilter(975)) - Added global filter 'safety' (class=org.apache.hadoop.http.HttpServer2$QuotingInputFilter)
2019-09-26 15:57:26,259 [main] INFO  http.HttpServer2 (HttpServer2.java:addFilter(948)) - Added filter static_user_filter (class=org.apache.hadoop.http.lib.StaticUserWebFilter$StaticUserFilter) to context scm
2019-09-26 15:57:26,259 [main] INFO  http.HttpServer2 (HttpServer2.java:addFilter(958)) - Added filter static_user_filter (class=org.apache.hadoop.http.lib.StaticUserWebFilter$StaticUserFilter) to context static
2019-09-26 15:57:26,259 [main] INFO  http.HttpServer2 (HttpServer2.java:addFilter(958)) - Added filter static_user_filter (class=org.apache.hadoop.http.lib.StaticUserWebFilter$StaticUserFilter) to context logs
2019-09-26 15:57:26,261 [main] INFO  server.StorageContainerManager (StorageContainerManager.java:start(770)) - StorageContainerLocationProtocol RPC server is listening at /0.0.0.0:37480
2019-09-26 15:57:26,263 [main] WARN  impl.MetricsConfig (MetricsConfig.java:loadFirst(134)) - Cannot locate configuration: tried hadoop-metrics2-storagecontainermanager.properties,hadoop-metrics2.properties
2019-09-26 15:57:26,263 [main] INFO  impl.MetricsSystemImpl (MetricsSystemImpl.java:startTimer(374)) - Scheduled Metric snapshot period at 10 second(s).
2019-09-26 15:57:26,263 [main] INFO  impl.MetricsSystemImpl (MetricsSystemImpl.java:start(191)) - StorageContainerManager metrics system started
2019-09-26 15:57:26,280 [main] INFO  lib.Interns (Interns.java:removeEldestEntry(50)) - Metrics intern cache overflow at 2011 for MetricsSystem={MetricsSystem=MetricsInfoImpl{name=MetricsSystem, description=MetricsSystem}, MetricsSystem record=MetricsInfoImpl{name=MetricsSystem, description=MetricsSystem record}}
2019-09-26 15:57:26,394 [main] WARN  impl.MetricsSystemImpl (MetricsSystemImpl.java:register(276)) - Sink prometheus already exists!
2019-09-26 15:57:26,450 [main] INFO  server.SCMClientProtocolServer (SCMClientProtocolServer.java:start(150)) - RPC server for Client  is listening at /0.0.0.0:37480
2019-09-26 15:57:26,450 [IPC Server Responder] INFO  ipc.Server (Server.java:run(1314)) - IPC Server Responder: starting
2019-09-26 15:57:26,452 [IPC Server listener on 37480] INFO  ipc.Server (Server.java:run(1153)) - IPC Server listener on 37480: starting
2019-09-26 15:57:26,454 [main] INFO  server.StorageContainerManager (StorageContainerManager.java:start(780)) - ScmBlockLocationProtocol RPC server is listening at /0.0.0.0:43331
2019-09-26 15:57:26,455 [main] INFO  server.SCMBlockProtocolServer (SCMBlockProtocolServer.java:start(146)) - RPC server for Block Protocol is listening at /0.0.0.0:43331
2019-09-26 15:57:26,455 [IPC Server Responder] INFO  ipc.Server (Server.java:run(1314)) - IPC Server Responder: starting
2019-09-26 15:57:26,455 [IPC Server listener on 43331] INFO  ipc.Server (Server.java:run(1153)) - IPC Server listener on 43331: starting
2019-09-26 15:57:26,459 [main] INFO  server.StorageContainerManager (StorageContainerManager.java:start(784)) - ScmDatanodeProtocl RPC server is listening at /0.0.0.0:34025
2019-09-26 15:57:26,459 [main] INFO  server.SCMDatanodeProtocolServer (SCMDatanodeProtocolServer.java:start(191)) - RPC server for DataNodes is listening at /0.0.0.0:34025
2019-09-26 15:57:26,459 [IPC Server Responder] INFO  ipc.Server (Server.java:run(1314)) - IPC Server Responder: starting
2019-09-26 15:57:26,459 [IPC Server listener on 34025] INFO  ipc.Server (Server.java:run(1153)) - IPC Server listener on 34025: starting
2019-09-26 15:57:26,463 [main] INFO  http.HttpServer2 (HttpServer2.java:bindListener(1191)) - Jetty bound to port 33783
2019-09-26 15:57:26,463 [main] INFO  server.Server (Server.java:doStart(351)) - jetty-9.3.25.v20180904, build timestamp: 2018-09-04T21:11:46Z, git hash: 3ce520221d0240229c862b122d2b06c12a625732
2019-09-26 15:57:26,464 [main] INFO  handler.ContextHandler (ContextHandler.java:doStart(781)) - Started o.e.j.s.ServletContextHandler@22b82ddf{/logs,file:///workdir/hadoop-ozone/integration-test/target/log,AVAILABLE}
2019-09-26 15:57:26,465 [main] INFO  handler.ContextHandler (ContextHandler.java:doStart(781)) - Started o.e.j.s.ServletContextHandler@44ccd75c{/static,file:///workdir/hadoop-ozone/integration-test/target/test-classes/webapps/static,AVAILABLE}
2019-09-26 15:57:26,468 [main] INFO  handler.ContextHandler (ContextHandler.java:doStart(781)) - Started o.e.j.w.WebAppContext@2b098563{/,file:///workdir/hadoop-ozone/integration-test/target/test-classes/webapps/scm/,AVAILABLE}{/scm}
2019-09-26 15:57:26,468 [main] INFO  server.AbstractConnector (AbstractConnector.java:doStart(278)) - Started ServerConnector@c758a2d{HTTP/1.1,[http/1.1]}{0.0.0.0:33783}
2019-09-26 15:57:26,469 [main] INFO  server.Server (Server.java:doStart(419)) - Started @607902ms
2019-09-26 15:57:26,469 [main] WARN  impl.MetricsSystemImpl (MetricsSystemImpl.java:register(276)) - Sink prometheus already exists!
2019-09-26 15:57:26,470 [main] INFO  server.BaseHttpServer (BaseHttpServer.java:updateConnectorAddress(215)) - HTTP server of SCM is listening at http://0.0.0.0:33783
2019-09-26 15:57:26,472 [main] WARN  server.ServerUtils (ServerUtils.java:getDBPath(222)) - ozone.om.db.dirs is not configured. We recommend adding this setting. Falling back to ozone.metadata.dirs instead.
2019-09-26 15:57:26,472 [org.apache.hadoop.util.JvmPauseMonitor$Monitor@6ce15112] INFO  util.JvmPauseMonitor (JvmPauseMonitor.java:run(188)) - Starting JVM pause monitor
2019-09-26 15:57:26,486 [main] WARN  server.ServerUtils (ServerUtils.java:getDBPath(222)) - ozone.om.db.dirs is not configured. We recommend adding this setting. Falling back to ozone.metadata.dirs instead.
2019-09-26 15:57:26,487 [main] WARN  server.ServerUtils (ServerUtils.java:getDBPath(222)) - ozone.om.db.dirs is not configured. We recommend adding this setting. Falling back to ozone.metadata.dirs instead.
2019-09-26 15:57:26,487 [main] INFO  om.OzoneManager (OzoneManager.java:setOMNodeDetails(652)) - OM Service ID is not set. Setting it to the default ID: omServiceIdDefault
2019-09-26 15:57:26,487 [main] INFO  om.OzoneManager (OzoneManager.java:setOMNodeDetails(658)) - OM Node ID is not set. Setting it to the OmStorage's OmID: 870640d0-46ab-4b4f-818c-a3c54d926965
2019-09-26 15:57:26,487 [main] INFO  om.OzoneManager (OzoneManager.java:loadOMHAConfigs(609)) - Found matching OM address with OMServiceId: null, OMNodeId: null, RPC Address: localhost:0 and Ratis port: 9872
2019-09-26 15:57:26,494 [main] WARN  server.ServerUtils (ServerUtils.java:getDBPath(222)) - ozone.om.db.dirs is not configured. We recommend adding this setting. Falling back to ozone.metadata.dirs instead.
2019-09-26 15:57:26,494 [main] INFO  db.DBStoreBuilder (DBStoreBuilder.java:addTable(110)) - using custom profile for table: userTable
2019-09-26 15:57:26,494 [main] INFO  db.DBStoreBuilder (DBStoreBuilder.java:processTables(161)) - Using default column profile:DBProfile.DISK for Table:userTable
2019-09-26 15:57:26,494 [main] INFO  db.DBStoreBuilder (DBStoreBuilder.java:addTable(110)) - using custom profile for table: volumeTable
2019-09-26 15:57:26,495 [main] INFO  db.DBStoreBuilder (DBStoreBuilder.java:processTables(161)) - Using default column profile:DBProfile.DISK for Table:volumeTable
2019-09-26 15:57:26,495 [main] INFO  db.DBStoreBuilder (DBStoreBuilder.java:addTable(110)) - using custom profile for table: bucketTable
2019-09-26 15:57:26,495 [main] INFO  db.DBStoreBuilder (DBStoreBuilder.java:processTables(161)) - Using default column profile:DBProfile.DISK for Table:bucketTable
2019-09-26 15:57:26,495 [main] INFO  db.DBStoreBuilder (DBStoreBuilder.java:addTable(110)) - using custom profile for table: keyTable
2019-09-26 15:57:26,495 [main] INFO  db.DBStoreBuilder (DBStoreBuilder.java:processTables(161)) - Using default column profile:DBProfile.DISK for Table:keyTable
2019-09-26 15:57:26,495 [main] INFO  db.DBStoreBuilder (DBStoreBuilder.java:addTable(110)) - using custom profile for table: deletedTable
2019-09-26 15:57:26,496 [main] INFO  db.DBStoreBuilder (DBStoreBuilder.java:processTables(161)) - Using default column profile:DBProfile.DISK for Table:deletedTable
2019-09-26 15:57:26,496 [main] INFO  db.DBStoreBuilder (DBStoreBuilder.java:addTable(110)) - using custom profile for table: openKeyTable
2019-09-26 15:57:26,496 [main] INFO  db.DBStoreBuilder (DBStoreBuilder.java:processTables(161)) - Using default column profile:DBProfile.DISK for Table:openKeyTable
2019-09-26 15:57:26,496 [main] INFO  db.DBStoreBuilder (DBStoreBuilder.java:addTable(110)) - using custom profile for table: s3Table
2019-09-26 15:57:26,496 [main] INFO  db.DBStoreBuilder (DBStoreBuilder.java:processTables(161)) - Using default column profile:DBProfile.DISK for Table:s3Table
2019-09-26 15:57:26,496 [main] INFO  db.DBStoreBuilder (DBStoreBuilder.java:addTable(110)) - using custom profile for table: multipartInfoTable
2019-09-26 15:57:26,496 [main] INFO  db.DBStoreBuilder (DBStoreBuilder.java:processTables(161)) - Using default column profile:DBProfile.DISK for Table:multipartInfoTable
2019-09-26 15:57:26,497 [main] INFO  db.DBStoreBuilder (DBStoreBuilder.java:addTable(110)) - using custom profile for table: dTokenTable
2019-09-26 15:57:26,497 [main] INFO  db.DBStoreBuilder (DBStoreBuilder.java:processTables(161)) - Using default column profile:DBProfile.DISK for Table:dTokenTable
2019-09-26 15:57:26,497 [main] INFO  db.DBStoreBuilder (DBStoreBuilder.java:addTable(110)) - using custom profile for table: s3SecretTable
2019-09-26 15:57:26,497 [main] INFO  db.DBStoreBuilder (DBStoreBuilder.java:processTables(161)) - Using default column profile:DBProfile.DISK for Table:s3SecretTable
2019-09-26 15:57:26,497 [main] INFO  db.DBStoreBuilder (DBStoreBuilder.java:addTable(110)) - using custom profile for table: prefixTable
2019-09-26 15:57:26,497 [main] INFO  db.DBStoreBuilder (DBStoreBuilder.java:processTables(161)) - Using default column profile:DBProfile.DISK for Table:prefixTable
2019-09-26 15:57:26,498 [main] INFO  db.DBStoreBuilder (DBStoreBuilder.java:addTable(110)) - using custom profile for table: default
2019-09-26 15:57:26,498 [main] INFO  db.DBStoreBuilder (DBStoreBuilder.java:processTables(167)) - Using default column profile:DBProfile.DISK for Table:default
2019-09-26 15:57:26,498 [main] INFO  db.DBStoreBuilder (DBStoreBuilder.java:getDbProfile(198)) - Using default options. DBProfile.DISK
2019-09-26 15:57:26,948 [main] INFO  ipc.CallQueueManager (CallQueueManager.java:<init>(84)) - Using callQueue: class java.util.concurrent.LinkedBlockingQueue, queueCapacity: 2000, scheduler: class org.apache.hadoop.ipc.DefaultRpcScheduler, ipcBackoff: false.
2019-09-26 15:57:26,949 [Socket Reader #1 for port 38670] INFO  ipc.Server (Server.java:run(1074)) - Starting Socket Reader #1 for port 38670
2019-09-26 15:57:26,959 [main] INFO  om.OzoneManager (OzoneManager.java:start(1243)) - OzoneManager RPC server is listening at localhost/127.0.0.1:38670
2019-09-26 15:57:26,959 [main] INFO  impl.MetricsSystemImpl (MetricsSystemImpl.java:init(158)) - OzoneManager metrics system started (again)
2019-09-26 15:57:26,960 [IPC Server Responder] INFO  ipc.Server (Server.java:run(1314)) - IPC Server Responder: starting
2019-09-26 15:57:26,962 [IPC Server listener on 38670] INFO  ipc.Server (Server.java:run(1153)) - IPC Server listener on 38670: starting
2019-09-26 15:57:26,966 [main] INFO  hdfs.DFSUtil (DFSUtil.java:httpServerTemplateForNNAndJN(1641)) - Starting Web-server for ozoneManager at: http://0.0.0.0:0
2019-09-26 15:57:26,967 [main] INFO  server.AuthenticationFilter (AuthenticationFilter.java:constructSecretProvider(240)) - Unable to initialize FileSignerSecretProvider, falling back to use random secrets.
2019-09-26 15:57:26,967 [main] WARN  http.HttpRequestLog (HttpRequestLog.java:getRequestLog(97)) - Jetty request log can only be enabled using Log4j
2019-09-26 15:57:26,968 [main] INFO  http.HttpServer2 (HttpServer2.java:addGlobalFilter(975)) - Added global filter 'safety' (class=org.apache.hadoop.http.HttpServer2$QuotingInputFilter)
2019-09-26 15:57:26,969 [main] INFO  http.HttpServer2 (HttpServer2.java:addFilter(948)) - Added filter static_user_filter (class=org.apache.hadoop.http.lib.StaticUserWebFilter$StaticUserFilter) to context ozoneManager
2019-09-26 15:57:26,969 [main] INFO  http.HttpServer2 (HttpServer2.java:addFilter(958)) - Added filter static_user_filter (class=org.apache.hadoop.http.lib.StaticUserWebFilter$StaticUserFilter) to context static
2019-09-26 15:57:26,969 [main] INFO  http.HttpServer2 (HttpServer2.java:addFilter(958)) - Added filter static_user_filter (class=org.apache.hadoop.http.lib.StaticUserWebFilter$StaticUserFilter) to context logs
2019-09-26 15:57:26,970 [main] INFO  http.HttpServer2 (HttpServer2.java:bindListener(1191)) - Jetty bound to port 34048
2019-09-26 15:57:26,970 [main] INFO  server.Server (Server.java:doStart(351)) - jetty-9.3.25.v20180904, build timestamp: 2018-09-04T21:11:46Z, git hash: 3ce520221d0240229c862b122d2b06c12a625732
2019-09-26 15:57:26,972 [main] INFO  handler.ContextHandler (ContextHandler.java:doStart(781)) - Started o.e.j.s.ServletContextHandler@53e93fb7{/logs,file:///workdir/hadoop-ozone/integration-test/target/log,AVAILABLE}
2019-09-26 15:57:26,972 [main] INFO  handler.ContextHandler (ContextHandler.java:doStart(781)) - Started o.e.j.s.ServletContextHandler@2326180c{/static,file:///workdir/hadoop-ozone/integration-test/target/test-classes/webapps/static,AVAILABLE}
2019-09-26 15:57:26,976 [main] INFO  handler.ContextHandler (ContextHandler.java:doStart(781)) - Started o.e.j.w.WebAppContext@a3b858f{/,file:///workdir/hadoop-ozone/integration-test/target/test-classes/webapps/ozoneManager/,AVAILABLE}{/ozoneManager}
2019-09-26 15:57:26,977 [main] INFO  server.AbstractConnector (AbstractConnector.java:doStart(278)) - Started ServerConnector@600bbf9e{HTTP/1.1,[http/1.1]}{0.0.0.0:34048}
2019-09-26 15:57:26,978 [main] INFO  server.Server (Server.java:doStart(419)) - Started @608410ms
2019-09-26 15:57:26,978 [main] WARN  impl.MetricsSystemImpl (MetricsSystemImpl.java:register(276)) - Sink prometheus already exists!
2019-09-26 15:57:26,979 [main] INFO  server.BaseHttpServer (BaseHttpServer.java:updateConnectorAddress(215)) - HTTP server of OZONEMANAGER is listening at http://0.0.0.0:34048
2019-09-26 15:57:26,992 [main] INFO  impl.MetricsSystemImpl (MetricsSystemImpl.java:init(158)) - HddsDatanode metrics system started (again)
2019-09-26 15:57:26,997 [main] INFO  ozone.HddsDatanodeService (HddsDatanodeService.java:start(184)) - HddsDatanodeService host:pr-hdds-2185-nx5sg-2633547614 ip:192.168.164.210
2019-09-26 15:57:27,004 [main] INFO  volume.HddsVolume (HddsVolume.java:<init>(176)) - Creating Volume: /workdir/hadoop-ozone/integration-test/target/test-dir/MiniOzoneClusterImpl-1df8c159-28a8-44dd-adf8-68b36ae703f1/datanode-0/data/containers/hdds of  storage type : DISK and capacity : 1482555576320
2019-09-26 15:57:27,004 [main] INFO  volume.VolumeSet (VolumeSet.java:initializeVolumeSet(170)) - Added Volume : /workdir/hadoop-ozone/integration-test/target/test-dir/MiniOzoneClusterImpl-1df8c159-28a8-44dd-adf8-68b36ae703f1/datanode-0/data/containers/hdds to VolumeSet
2019-09-26 15:57:27,005 [main] INFO  volume.ThrottledAsyncChecker (ThrottledAsyncChecker.java:schedule(139)) - Scheduling a check for org.apache.hadoop.ozone.container.common.volume.HddsVolume@53f7a906
2019-09-26 15:57:27,005 [main] INFO  volume.HddsVolumeChecker (HddsVolumeChecker.java:checkAllVolumes(202)) - Scheduled health check for volume org.apache.hadoop.ozone.container.common.volume.HddsVolume@53f7a906
2019-09-26 15:57:27,021 [main] INFO  impl.RaftServerProxy (ConfUtils.java:logGet(43)) - raft.rpc.type = GRPC (default)
2019-09-26 15:57:27,021 [main] INFO  grpc.GrpcFactory (GrpcFactory.java:checkPooledByteBufAllocatorUseCacheForAllThreads(45)) - PERFORMANCE WARNING: useCacheForAllThreads is true that may cause Netty to create a lot garbage objects and, as a result, trigger GC.
	It is recommended to disable useCacheForAllThreads by setting -Dorg.apache.ratis.thirdparty.io.netty.allocator.useCacheForAllThreads=false in command line.
2019-09-26 15:57:27,021 [main] INFO  grpc.GrpcConfigKeys$Server (ConfUtils.java:logGet(43)) - raft.grpc.server.port = 0 (default)
2019-09-26 15:57:27,021 [main] INFO  server.GrpcService (ConfUtils.java:logGet(43)) - raft.grpc.message.size.max = 33570816 (custom)
2019-09-26 15:57:27,022 [main] INFO  server.RaftServerConfigKeys (ConfUtils.java:logGet(43)) - raft.server.log.appender.buffer.byte-limit = 33554432 (custom)
2019-09-26 15:57:27,022 [main] INFO  server.GrpcService (ConfUtils.java:logGet(43)) - raft.grpc.flow.control.window = 1MB (=1048576) (default)
2019-09-26 15:57:27,022 [main] INFO  server.RaftServerConfigKeys (ConfUtils.java:logGet(43)) - raft.server.rpc.request.timeout = 3000ms (default)
2019-09-26 15:57:27,023 [main] INFO  server.RaftServerConfigKeys (ConfUtils.java:logGet(43)) - raft.server.storage.dir = [/workdir/hadoop-ozone/integration-test/target/test-dir/MiniOzoneClusterImpl-1df8c159-28a8-44dd-adf8-68b36ae703f1/datanode-0/data/ratis] (custom)
2019-09-26 15:57:27,024 [main] INFO  hdfs.DFSUtil (DFSUtil.java:httpServerTemplateForNNAndJN(1641)) - Starting Web-server for hddsDatanode at: http://0.0.0.0:0
2019-09-26 15:57:27,026 [main] INFO  server.AuthenticationFilter (AuthenticationFilter.java:constructSecretProvider(240)) - Unable to initialize FileSignerSecretProvider, falling back to use random secrets.
2019-09-26 15:57:27,026 [main] WARN  http.HttpRequestLog (HttpRequestLog.java:getRequestLog(97)) - Jetty request log can only be enabled using Log4j
2019-09-26 15:57:27,027 [main] INFO  http.HttpServer2 (HttpServer2.java:addGlobalFilter(975)) - Added global filter 'safety' (class=org.apache.hadoop.http.HttpServer2$QuotingInputFilter)
2019-09-26 15:57:27,028 [main] INFO  http.HttpServer2 (HttpServer2.java:addFilter(948)) - Added filter static_user_filter (class=org.apache.hadoop.http.lib.StaticUserWebFilter$StaticUserFilter) to context hddsDatanode
2019-09-26 15:57:27,028 [main] INFO  http.HttpServer2 (HttpServer2.java:addFilter(958)) - Added filter static_user_filter (class=org.apache.hadoop.http.lib.StaticUserWebFilter$StaticUserFilter) to context logs
2019-09-26 15:57:27,028 [main] INFO  http.HttpServer2 (HttpServer2.java:addFilter(958)) - Added filter static_user_filter (class=org.apache.hadoop.http.lib.StaticUserWebFilter$StaticUserFilter) to context static
2019-09-26 15:57:27,029 [main] INFO  http.HttpServer2 (HttpServer2.java:bindListener(1191)) - Jetty bound to port 34504
2019-09-26 15:57:27,029 [main] INFO  server.Server (Server.java:doStart(351)) - jetty-9.3.25.v20180904, build timestamp: 2018-09-04T21:11:46Z, git hash: 3ce520221d0240229c862b122d2b06c12a625732
2019-09-26 15:57:27,030 [main] INFO  handler.ContextHandler (ContextHandler.java:doStart(781)) - Started o.e.j.s.ServletContextHandler@85ab964{/logs,file:///workdir/hadoop-ozone/integration-test/target/log,AVAILABLE}
2019-09-26 15:57:27,030 [main] INFO  handler.ContextHandler (ContextHandler.java:doStart(781)) - Started o.e.j.s.ServletContextHandler@12365bd8{/static,jar:file:/home/user/.m2/repository/org/apache/hadoop/hadoop-hdds-container-service/0.5.0-SNAPSHOT/hadoop-hdds-container-service-0.5.0-SNAPSHOT.jar!/webapps/static,AVAILABLE}
2019-09-26 15:57:27,055 [main] INFO  handler.ContextHandler (ContextHandler.java:doStart(781)) - Started o.e.j.w.WebAppContext@7e848aea{/,file:///tmp/jetty-0.0.0.0-34504-hddsDatanode-_-any-1759514437976543266.dir/webapp/,AVAILABLE}{/hddsDatanode}
2019-09-26 15:57:27,055 [main] INFO  server.AbstractConnector (AbstractConnector.java:doStart(278)) - Started ServerConnector@786a3477{HTTP/1.1,[http/1.1]}{0.0.0.0:34504}
2019-09-26 15:57:27,058 [main] INFO  server.Server (Server.java:doStart(419)) - Started @608490ms
2019-09-26 15:57:27,058 [main] WARN  impl.MetricsSystemImpl (MetricsSystemImpl.java:register(276)) - Sink prometheus already exists!
2019-09-26 15:57:27,058 [main] INFO  server.BaseHttpServer (BaseHttpServer.java:updateConnectorAddress(215)) - HTTP server of HDDSDATANODE is listening at http://0.0.0.0:34504
2019-09-26 15:57:27,059 [main] INFO  impl.MetricsSystemImpl (MetricsSystemImpl.java:init(158)) - HddsDatanode metrics system started (again)
2019-09-26 15:57:27,062 [org.apache.hadoop.util.JvmPauseMonitor$Monitor@a40014a] INFO  util.JvmPauseMonitor (JvmPauseMonitor.java:run(188)) - Starting JVM pause monitor
2019-09-26 15:57:27,063 [main] INFO  ozone.HddsDatanodeService (HddsDatanodeService.java:start(184)) - HddsDatanodeService host:pr-hdds-2185-nx5sg-2633547614 ip:192.168.164.210
2019-09-26 15:57:27,064 [Datanode State Machine Thread - 0] INFO  datanode.InitDatanodeState (InitDatanodeState.java:persistContainerDatanodeDetails(140)) - DatanodeDetails is persisted to /workdir/hadoop-ozone/integration-test/target/test-dir/MiniOzoneClusterImpl-1df8c159-28a8-44dd-adf8-68b36ae703f1/datanode-0/meta/datanode.id
2019-09-26 15:57:27,069 [main] INFO  volume.HddsVolume (HddsVolume.java:<init>(176)) - Creating Volume: /workdir/hadoop-ozone/integration-test/target/test-dir/MiniOzoneClusterImpl-1df8c159-28a8-44dd-adf8-68b36ae703f1/datanode-1/data/containers/hdds of  storage type : DISK and capacity : 1482555576320
2019-09-26 15:57:27,069 [main] INFO  volume.VolumeSet (VolumeSet.java:initializeVolumeSet(170)) - Added Volume : /workdir/hadoop-ozone/integration-test/target/test-dir/MiniOzoneClusterImpl-1df8c159-28a8-44dd-adf8-68b36ae703f1/datanode-1/data/containers/hdds to VolumeSet
2019-09-26 15:57:27,070 [main] INFO  volume.ThrottledAsyncChecker (ThrottledAsyncChecker.java:schedule(139)) - Scheduling a check for org.apache.hadoop.ozone.container.common.volume.HddsVolume@6658f08a
2019-09-26 15:57:27,070 [main] INFO  volume.HddsVolumeChecker (HddsVolumeChecker.java:checkAllVolumes(202)) - Scheduled health check for volume org.apache.hadoop.ozone.container.common.volume.HddsVolume@6658f08a
2019-09-26 15:57:27,081 [main] INFO  impl.RaftServerProxy (ConfUtils.java:logGet(43)) - raft.rpc.type = GRPC (default)
2019-09-26 15:57:27,081 [main] INFO  grpc.GrpcFactory (GrpcFactory.java:checkPooledByteBufAllocatorUseCacheForAllThreads(45)) - PERFORMANCE WARNING: useCacheForAllThreads is true that may cause Netty to create a lot garbage objects and, as a result, trigger GC.
	It is recommended to disable useCacheForAllThreads by setting -Dorg.apache.ratis.thirdparty.io.netty.allocator.useCacheForAllThreads=false in command line.
2019-09-26 15:57:27,081 [main] INFO  grpc.GrpcConfigKeys$Server (ConfUtils.java:logGet(43)) - raft.grpc.server.port = 0 (default)
2019-09-26 15:57:27,081 [main] INFO  server.GrpcService (ConfUtils.java:logGet(43)) - raft.grpc.message.size.max = 33570816 (custom)
2019-09-26 15:57:27,081 [main] INFO  server.RaftServerConfigKeys (ConfUtils.java:logGet(43)) - raft.server.log.appender.buffer.byte-limit = 33554432 (custom)
2019-09-26 15:57:27,082 [main] INFO  server.GrpcService (ConfUtils.java:logGet(43)) - raft.grpc.flow.control.window = 1MB (=1048576) (default)
2019-09-26 15:57:27,082 [main] INFO  server.RaftServerConfigKeys (ConfUtils.java:logGet(43)) - raft.server.rpc.request.timeout = 3000ms (default)
2019-09-26 15:57:27,082 [main] INFO  server.RaftServerConfigKeys (ConfUtils.java:logGet(43)) - raft.server.storage.dir = [/workdir/hadoop-ozone/integration-test/target/test-dir/MiniOzoneClusterImpl-1df8c159-28a8-44dd-adf8-68b36ae703f1/datanode-1/data/ratis] (custom)
2019-09-26 15:57:27,083 [main] INFO  hdfs.DFSUtil (DFSUtil.java:httpServerTemplateForNNAndJN(1641)) - Starting Web-server for hddsDatanode at: http://0.0.0.0:0
2019-09-26 15:57:27,084 [main] INFO  server.AuthenticationFilter (AuthenticationFilter.java:constructSecretProvider(240)) - Unable to initialize FileSignerSecretProvider, falling back to use random secrets.
2019-09-26 15:57:27,084 [main] WARN  http.HttpRequestLog (HttpRequestLog.java:getRequestLog(97)) - Jetty request log can only be enabled using Log4j
2019-09-26 15:57:27,085 [main] INFO  http.HttpServer2 (HttpServer2.java:addGlobalFilter(975)) - Added global filter 'safety' (class=org.apache.hadoop.http.HttpServer2$QuotingInputFilter)
2019-09-26 15:57:27,086 [main] INFO  http.HttpServer2 (HttpServer2.java:addFilter(948)) - Added filter static_user_filter (class=org.apache.hadoop.http.lib.StaticUserWebFilter$StaticUserFilter) to context hddsDatanode
2019-09-26 15:57:27,086 [main] INFO  http.HttpServer2 (HttpServer2.java:addFilter(958)) - Added filter static_user_filter (class=org.apache.hadoop.http.lib.StaticUserWebFilter$StaticUserFilter) to context logs
2019-09-26 15:57:27,086 [main] INFO  http.HttpServer2 (HttpServer2.java:addFilter(958)) - Added filter static_user_filter (class=org.apache.hadoop.http.lib.StaticUserWebFilter$StaticUserFilter) to context static
2019-09-26 15:57:27,087 [main] INFO  http.HttpServer2 (HttpServer2.java:bindListener(1191)) - Jetty bound to port 38895
2019-09-26 15:57:27,087 [main] INFO  server.Server (Server.java:doStart(351)) - jetty-9.3.25.v20180904, build timestamp: 2018-09-04T21:11:46Z, git hash: 3ce520221d0240229c862b122d2b06c12a625732
2019-09-26 15:57:27,088 [main] INFO  handler.ContextHandler (ContextHandler.java:doStart(781)) - Started o.e.j.s.ServletContextHandler@113eed88{/logs,file:///workdir/hadoop-ozone/integration-test/target/log,AVAILABLE}
2019-09-26 15:57:27,088 [main] INFO  handler.ContextHandler (ContextHandler.java:doStart(781)) - Started o.e.j.s.ServletContextHandler@9d99851{/static,jar:file:/home/user/.m2/repository/org/apache/hadoop/hadoop-hdds-container-service/0.5.0-SNAPSHOT/hadoop-hdds-container-service-0.5.0-SNAPSHOT.jar!/webapps/static,AVAILABLE}
2019-09-26 15:57:27,115 [main] INFO  handler.ContextHandler (ContextHandler.java:doStart(781)) - Started o.e.j.w.WebAppContext@2ff498b0{/,file:///tmp/jetty-0.0.0.0-38895-hddsDatanode-_-any-4059253389907968632.dir/webapp/,AVAILABLE}{/hddsDatanode}
2019-09-26 15:57:27,115 [main] INFO  server.AbstractConnector (AbstractConnector.java:doStart(278)) - Started ServerConnector@b5312df{HTTP/1.1,[http/1.1]}{0.0.0.0:38895}
2019-09-26 15:57:27,117 [main] INFO  server.Server (Server.java:doStart(419)) - Started @608549ms
2019-09-26 15:57:27,117 [main] WARN  impl.MetricsSystemImpl (MetricsSystemImpl.java:register(276)) - Sink prometheus already exists!
2019-09-26 15:57:27,118 [main] INFO  server.BaseHttpServer (BaseHttpServer.java:updateConnectorAddress(215)) - HTTP server of HDDSDATANODE is listening at http://0.0.0.0:38895
2019-09-26 15:57:27,118 [main] INFO  impl.MetricsSystemImpl (MetricsSystemImpl.java:init(158)) - HddsDatanode metrics system started (again)
2019-09-26 15:57:27,122 [org.apache.hadoop.util.JvmPauseMonitor$Monitor@4c9dd2e0] INFO  util.JvmPauseMonitor (JvmPauseMonitor.java:run(188)) - Starting JVM pause monitor
2019-09-26 15:57:27,122 [main] INFO  ozone.HddsDatanodeService (HddsDatanodeService.java:start(184)) - HddsDatanodeService host:pr-hdds-2185-nx5sg-2633547614 ip:192.168.164.210
2019-09-26 15:57:27,123 [Datanode State Machine Thread - 0] INFO  datanode.InitDatanodeState (InitDatanodeState.java:persistContainerDatanodeDetails(140)) - DatanodeDetails is persisted to /workdir/hadoop-ozone/integration-test/target/test-dir/MiniOzoneClusterImpl-1df8c159-28a8-44dd-adf8-68b36ae703f1/datanode-1/meta/datanode.id
2019-09-26 15:57:27,128 [main] INFO  volume.HddsVolume (HddsVolume.java:<init>(176)) - Creating Volume: /workdir/hadoop-ozone/integration-test/target/test-dir/MiniOzoneClusterImpl-1df8c159-28a8-44dd-adf8-68b36ae703f1/datanode-2/data/containers/hdds of  storage type : DISK and capacity : 1482555576320
2019-09-26 15:57:27,129 [main] INFO  volume.VolumeSet (VolumeSet.java:initializeVolumeSet(170)) - Added Volume : /workdir/hadoop-ozone/integration-test/target/test-dir/MiniOzoneClusterImpl-1df8c159-28a8-44dd-adf8-68b36ae703f1/datanode-2/data/containers/hdds to VolumeSet
2019-09-26 15:57:27,129 [main] INFO  volume.ThrottledAsyncChecker (ThrottledAsyncChecker.java:schedule(139)) - Scheduling a check for org.apache.hadoop.ozone.container.common.volume.HddsVolume@3356ff58
2019-09-26 15:57:27,129 [main] INFO  volume.HddsVolumeChecker (HddsVolumeChecker.java:checkAllVolumes(202)) - Scheduled health check for volume org.apache.hadoop.ozone.container.common.volume.HddsVolume@3356ff58
2019-09-26 15:57:27,141 [main] INFO  impl.RaftServerProxy (ConfUtils.java:logGet(43)) - raft.rpc.type = GRPC (default)
2019-09-26 15:57:27,141 [main] INFO  grpc.GrpcFactory (GrpcFactory.java:checkPooledByteBufAllocatorUseCacheForAllThreads(45)) - PERFORMANCE WARNING: useCacheForAllThreads is true that may cause Netty to create a lot garbage objects and, as a result, trigger GC.
	It is recommended to disable useCacheForAllThreads by setting -Dorg.apache.ratis.thirdparty.io.netty.allocator.useCacheForAllThreads=false in command line.
2019-09-26 15:57:27,141 [main] INFO  grpc.GrpcConfigKeys$Server (ConfUtils.java:logGet(43)) - raft.grpc.server.port = 0 (default)
2019-09-26 15:57:27,142 [main] INFO  server.GrpcService (ConfUtils.java:logGet(43)) - raft.grpc.message.size.max = 33570816 (custom)
2019-09-26 15:57:27,142 [main] INFO  server.RaftServerConfigKeys (ConfUtils.java:logGet(43)) - raft.server.log.appender.buffer.byte-limit = 33554432 (custom)
2019-09-26 15:57:27,142 [main] INFO  server.GrpcService (ConfUtils.java:logGet(43)) - raft.grpc.flow.control.window = 1MB (=1048576) (default)
2019-09-26 15:57:27,142 [main] INFO  server.RaftServerConfigKeys (ConfUtils.java:logGet(43)) - raft.server.rpc.request.timeout = 3000ms (default)
2019-09-26 15:57:27,142 [main] INFO  server.RaftServerConfigKeys (ConfUtils.java:logGet(43)) - raft.server.storage.dir = [/workdir/hadoop-ozone/integration-test/target/test-dir/MiniOzoneClusterImpl-1df8c159-28a8-44dd-adf8-68b36ae703f1/datanode-2/data/ratis] (custom)
2019-09-26 15:57:27,143 [main] INFO  hdfs.DFSUtil (DFSUtil.java:httpServerTemplateForNNAndJN(1641)) - Starting Web-server for hddsDatanode at: http://0.0.0.0:0
2019-09-26 15:57:27,144 [main] INFO  server.AuthenticationFilter (AuthenticationFilter.java:constructSecretProvider(240)) - Unable to initialize FileSignerSecretProvider, falling back to use random secrets.
2019-09-26 15:57:27,145 [main] WARN  http.HttpRequestLog (HttpRequestLog.java:getRequestLog(97)) - Jetty request log can only be enabled using Log4j
2019-09-26 15:57:27,146 [main] INFO  http.HttpServer2 (HttpServer2.java:addGlobalFilter(975)) - Added global filter 'safety' (class=org.apache.hadoop.http.HttpServer2$QuotingInputFilter)
2019-09-26 15:57:27,146 [main] INFO  http.HttpServer2 (HttpServer2.java:addFilter(948)) - Added filter static_user_filter (class=org.apache.hadoop.http.lib.StaticUserWebFilter$StaticUserFilter) to context hddsDatanode
2019-09-26 15:57:27,146 [main] INFO  http.HttpServer2 (HttpServer2.java:addFilter(958)) - Added filter static_user_filter (class=org.apache.hadoop.http.lib.StaticUserWebFilter$StaticUserFilter) to context static
2019-09-26 15:57:27,146 [main] INFO  http.HttpServer2 (HttpServer2.java:addFilter(958)) - Added filter static_user_filter (class=org.apache.hadoop.http.lib.StaticUserWebFilter$StaticUserFilter) to context logs
2019-09-26 15:57:27,147 [main] INFO  http.HttpServer2 (HttpServer2.java:bindListener(1191)) - Jetty bound to port 41620
2019-09-26 15:57:27,147 [main] INFO  server.Server (Server.java:doStart(351)) - jetty-9.3.25.v20180904, build timestamp: 2018-09-04T21:11:46Z, git hash: 3ce520221d0240229c862b122d2b06c12a625732
2019-09-26 15:57:27,148 [main] INFO  handler.ContextHandler (ContextHandler.java:doStart(781)) - Started o.e.j.s.ServletContextHandler@a9a8ec3{/logs,file:///workdir/hadoop-ozone/integration-test/target/log,AVAILABLE}
2019-09-26 15:57:27,149 [main] INFO  handler.ContextHandler (ContextHandler.java:doStart(781)) - Started o.e.j.s.ServletContextHandler@40016ce1{/static,jar:file:/home/user/.m2/repository/org/apache/hadoop/hadoop-hdds-container-service/0.5.0-SNAPSHOT/hadoop-hdds-container-service-0.5.0-SNAPSHOT.jar!/webapps/static,AVAILABLE}
2019-09-26 15:57:27,174 [main] INFO  handler.ContextHandler (ContextHandler.java:doStart(781)) - Started o.e.j.w.WebAppContext@2b3f7704{/,file:///tmp/jetty-0.0.0.0-41620-hddsDatanode-_-any-6346853084695973038.dir/webapp/,AVAILABLE}{/hddsDatanode}
2019-09-26 15:57:27,174 [main] INFO  server.AbstractConnector (AbstractConnector.java:doStart(278)) - Started ServerConnector@3a16984c{HTTP/1.1,[http/1.1]}{0.0.0.0:41620}
2019-09-26 15:57:27,176 [main] INFO  server.Server (Server.java:doStart(419)) - Started @608608ms
2019-09-26 15:57:27,176 [main] WARN  impl.MetricsSystemImpl (MetricsSystemImpl.java:register(276)) - Sink prometheus already exists!
2019-09-26 15:57:27,176 [main] INFO  server.BaseHttpServer (BaseHttpServer.java:updateConnectorAddress(215)) - HTTP server of HDDSDATANODE is listening at http://0.0.0.0:41620
2019-09-26 15:57:27,177 [main] INFO  impl.MetricsSystemImpl (MetricsSystemImpl.java:init(158)) - HddsDatanode metrics system started (again)
2019-09-26 15:57:27,181 [org.apache.hadoop.util.JvmPauseMonitor$Monitor@6e85e3a4] INFO  util.JvmPauseMonitor (JvmPauseMonitor.java:run(188)) - Starting JVM pause monitor
2019-09-26 15:57:27,182 [main] INFO  ozone.HddsDatanodeService (HddsDatanodeService.java:start(184)) - HddsDatanodeService host:pr-hdds-2185-nx5sg-2633547614 ip:192.168.164.210
2019-09-26 15:57:27,182 [Datanode State Machine Thread - 0] INFO  datanode.InitDatanodeState (InitDatanodeState.java:persistContainerDatanodeDetails(140)) - DatanodeDetails is persisted to /workdir/hadoop-ozone/integration-test/target/test-dir/MiniOzoneClusterImpl-1df8c159-28a8-44dd-adf8-68b36ae703f1/datanode-2/meta/datanode.id
2019-09-26 15:57:27,187 [main] INFO  volume.HddsVolume (HddsVolume.java:<init>(176)) - Creating Volume: /workdir/hadoop-ozone/integration-test/target/test-dir/MiniOzoneClusterImpl-1df8c159-28a8-44dd-adf8-68b36ae703f1/datanode-3/data/containers/hdds of  storage type : DISK and capacity : 1482555576320
2019-09-26 15:57:27,187 [main] INFO  volume.VolumeSet (VolumeSet.java:initializeVolumeSet(170)) - Added Volume : /workdir/hadoop-ozone/integration-test/target/test-dir/MiniOzoneClusterImpl-1df8c159-28a8-44dd-adf8-68b36ae703f1/datanode-3/data/containers/hdds to VolumeSet
2019-09-26 15:57:27,187 [main] INFO  volume.ThrottledAsyncChecker (ThrottledAsyncChecker.java:schedule(139)) - Scheduling a check for org.apache.hadoop.ozone.container.common.volume.HddsVolume@340c5fb6
2019-09-26 15:57:27,188 [main] INFO  volume.HddsVolumeChecker (HddsVolumeChecker.java:checkAllVolumes(202)) - Scheduled health check for volume org.apache.hadoop.ozone.container.common.volume.HddsVolume@340c5fb6
2019-09-26 15:57:27,200 [main] INFO  impl.RaftServerProxy (ConfUtils.java:logGet(43)) - raft.rpc.type = GRPC (default)
2019-09-26 15:57:27,200 [main] INFO  grpc.GrpcFactory (GrpcFactory.java:checkPooledByteBufAllocatorUseCacheForAllThreads(45)) - PERFORMANCE WARNING: useCacheForAllThreads is true that may cause Netty to create a lot garbage objects and, as a result, trigger GC.
	It is recommended to disable useCacheForAllThreads by setting -Dorg.apache.ratis.thirdparty.io.netty.allocator.useCacheForAllThreads=false in command line.
2019-09-26 15:57:27,200 [main] INFO  grpc.GrpcConfigKeys$Server (ConfUtils.java:logGet(43)) - raft.grpc.server.port = 0 (default)
2019-09-26 15:57:27,200 [main] INFO  server.GrpcService (ConfUtils.java:logGet(43)) - raft.grpc.message.size.max = 33570816 (custom)
2019-09-26 15:57:27,200 [main] INFO  server.RaftServerConfigKeys (ConfUtils.java:logGet(43)) - raft.server.log.appender.buffer.byte-limit = 33554432 (custom)
2019-09-26 15:57:27,200 [main] INFO  server.GrpcService (ConfUtils.java:logGet(43)) - raft.grpc.flow.control.window = 1MB (=1048576) (default)
2019-09-26 15:57:27,201 [main] INFO  server.RaftServerConfigKeys (ConfUtils.java:logGet(43)) - raft.server.rpc.request.timeout = 3000ms (default)
2019-09-26 15:57:27,201 [main] INFO  server.RaftServerConfigKeys (ConfUtils.java:logGet(43)) - raft.server.storage.dir = [/workdir/hadoop-ozone/integration-test/target/test-dir/MiniOzoneClusterImpl-1df8c159-28a8-44dd-adf8-68b36ae703f1/datanode-3/data/ratis] (custom)
2019-09-26 15:57:27,202 [main] INFO  hdfs.DFSUtil (DFSUtil.java:httpServerTemplateForNNAndJN(1641)) - Starting Web-server for hddsDatanode at: http://0.0.0.0:0
2019-09-26 15:57:27,203 [main] INFO  server.AuthenticationFilter (AuthenticationFilter.java:constructSecretProvider(240)) - Unable to initialize FileSignerSecretProvider, falling back to use random secrets.
2019-09-26 15:57:27,203 [main] WARN  http.HttpRequestLog (HttpRequestLog.java:getRequestLog(97)) - Jetty request log can only be enabled using Log4j
2019-09-26 15:57:27,204 [main] INFO  http.HttpServer2 (HttpServer2.java:addGlobalFilter(975)) - Added global filter 'safety' (class=org.apache.hadoop.http.HttpServer2$QuotingInputFilter)
2019-09-26 15:57:27,205 [main] INFO  http.HttpServer2 (HttpServer2.java:addFilter(948)) - Added filter static_user_filter (class=org.apache.hadoop.http.lib.StaticUserWebFilter$StaticUserFilter) to context hddsDatanode
2019-09-26 15:57:27,205 [main] INFO  http.HttpServer2 (HttpServer2.java:addFilter(958)) - Added filter static_user_filter (class=org.apache.hadoop.http.lib.StaticUserWebFilter$StaticUserFilter) to context static
2019-09-26 15:57:27,205 [main] INFO  http.HttpServer2 (HttpServer2.java:addFilter(958)) - Added filter static_user_filter (class=org.apache.hadoop.http.lib.StaticUserWebFilter$StaticUserFilter) to context logs
2019-09-26 15:57:27,205 [main] INFO  http.HttpServer2 (HttpServer2.java:bindListener(1191)) - Jetty bound to port 34828
2019-09-26 15:57:27,205 [main] INFO  server.Server (Server.java:doStart(351)) - jetty-9.3.25.v20180904, build timestamp: 2018-09-04T21:11:46Z, git hash: 3ce520221d0240229c862b122d2b06c12a625732
2019-09-26 15:57:27,206 [main] INFO  handler.ContextHandler (ContextHandler.java:doStart(781)) - Started o.e.j.s.ServletContextHandler@7e2bc2f4{/logs,file:///workdir/hadoop-ozone/integration-test/target/log,AVAILABLE}
2019-09-26 15:57:27,207 [main] INFO  handler.ContextHandler (ContextHandler.java:doStart(781)) - Started o.e.j.s.ServletContextHandler@76af51d6{/static,jar:file:/home/user/.m2/repository/org/apache/hadoop/hadoop-hdds-container-service/0.5.0-SNAPSHOT/hadoop-hdds-container-service-0.5.0-SNAPSHOT.jar!/webapps/static,AVAILABLE}
2019-09-26 15:57:27,233 [main] INFO  handler.ContextHandler (ContextHandler.java:doStart(781)) - Started o.e.j.w.WebAppContext@cec590c{/,file:///tmp/jetty-0.0.0.0-34828-hddsDatanode-_-any-4035884552627113720.dir/webapp/,AVAILABLE}{/hddsDatanode}
2019-09-26 15:57:27,233 [main] INFO  server.AbstractConnector (AbstractConnector.java:doStart(278)) - Started ServerConnector@1570cad0{HTTP/1.1,[http/1.1]}{0.0.0.0:34828}
2019-09-26 15:57:27,234 [main] INFO  server.Server (Server.java:doStart(419)) - Started @608667ms
2019-09-26 15:57:27,234 [main] WARN  impl.MetricsSystemImpl (MetricsSystemImpl.java:register(276)) - Sink prometheus already exists!
2019-09-26 15:57:27,235 [main] INFO  server.BaseHttpServer (BaseHttpServer.java:updateConnectorAddress(215)) - HTTP server of HDDSDATANODE is listening at http://0.0.0.0:34828
2019-09-26 15:57:27,235 [main] INFO  impl.MetricsSystemImpl (MetricsSystemImpl.java:init(158)) - HddsDatanode metrics system started (again)
2019-09-26 15:57:27,239 [org.apache.hadoop.util.JvmPauseMonitor$Monitor@33128588] INFO  util.JvmPauseMonitor (JvmPauseMonitor.java:run(188)) - Starting JVM pause monitor
2019-09-26 15:57:27,240 [main] INFO  ozone.HddsDatanodeService (HddsDatanodeService.java:start(184)) - HddsDatanodeService host:pr-hdds-2185-nx5sg-2633547614 ip:192.168.164.210
2019-09-26 15:57:27,241 [Datanode State Machine Thread - 0] INFO  datanode.InitDatanodeState (InitDatanodeState.java:persistContainerDatanodeDetails(140)) - DatanodeDetails is persisted to /workdir/hadoop-ozone/integration-test/target/test-dir/MiniOzoneClusterImpl-1df8c159-28a8-44dd-adf8-68b36ae703f1/datanode-3/meta/datanode.id
2019-09-26 15:57:27,245 [main] INFO  volume.HddsVolume (HddsVolume.java:<init>(176)) - Creating Volume: /workdir/hadoop-ozone/integration-test/target/test-dir/MiniOzoneClusterImpl-1df8c159-28a8-44dd-adf8-68b36ae703f1/datanode-4/data/containers/hdds of  storage type : DISK and capacity : 1482555576320
2019-09-26 15:57:27,246 [main] INFO  volume.VolumeSet (VolumeSet.java:initializeVolumeSet(170)) - Added Volume : /workdir/hadoop-ozone/integration-test/target/test-dir/MiniOzoneClusterImpl-1df8c159-28a8-44dd-adf8-68b36ae703f1/datanode-4/data/containers/hdds to VolumeSet
2019-09-26 15:57:27,246 [main] INFO  volume.ThrottledAsyncChecker (ThrottledAsyncChecker.java:schedule(139)) - Scheduling a check for org.apache.hadoop.ozone.container.common.volume.HddsVolume@a826ff8
2019-09-26 15:57:27,246 [main] INFO  volume.HddsVolumeChecker (HddsVolumeChecker.java:checkAllVolumes(202)) - Scheduled health check for volume org.apache.hadoop.ozone.container.common.volume.HddsVolume@a826ff8
2019-09-26 15:57:27,260 [main] INFO  impl.RaftServerProxy (ConfUtils.java:logGet(43)) - raft.rpc.type = GRPC (default)
2019-09-26 15:57:27,260 [main] INFO  grpc.GrpcFactory (GrpcFactory.java:checkPooledByteBufAllocatorUseCacheForAllThreads(45)) - PERFORMANCE WARNING: useCacheForAllThreads is true that may cause Netty to create a lot garbage objects and, as a result, trigger GC.
	It is recommended to disable useCacheForAllThreads by setting -Dorg.apache.ratis.thirdparty.io.netty.allocator.useCacheForAllThreads=false in command line.
2019-09-26 15:57:27,260 [main] INFO  grpc.GrpcConfigKeys$Server (ConfUtils.java:logGet(43)) - raft.grpc.server.port = 0 (default)
2019-09-26 15:57:27,260 [main] INFO  server.GrpcService (ConfUtils.java:logGet(43)) - raft.grpc.message.size.max = 33570816 (custom)
2019-09-26 15:57:27,260 [main] INFO  server.RaftServerConfigKeys (ConfUtils.java:logGet(43)) - raft.server.log.appender.buffer.byte-limit = 33554432 (custom)
2019-09-26 15:57:27,261 [main] INFO  server.GrpcService (ConfUtils.java:logGet(43)) - raft.grpc.flow.control.window = 1MB (=1048576) (default)
2019-09-26 15:57:27,261 [main] INFO  server.RaftServerConfigKeys (ConfUtils.java:logGet(43)) - raft.server.rpc.request.timeout = 3000ms (default)
2019-09-26 15:57:27,261 [main] INFO  server.RaftServerConfigKeys (ConfUtils.java:logGet(43)) - raft.server.storage.dir = [/workdir/hadoop-ozone/integration-test/target/test-dir/MiniOzoneClusterImpl-1df8c159-28a8-44dd-adf8-68b36ae703f1/datanode-4/data/ratis] (custom)
2019-09-26 15:57:27,263 [main] INFO  hdfs.DFSUtil (DFSUtil.java:httpServerTemplateForNNAndJN(1641)) - Starting Web-server for hddsDatanode at: http://0.0.0.0:0
2019-09-26 15:57:27,264 [main] INFO  server.AuthenticationFilter (AuthenticationFilter.java:constructSecretProvider(240)) - Unable to initialize FileSignerSecretProvider, falling back to use random secrets.
2019-09-26 15:57:27,264 [main] WARN  http.HttpRequestLog (HttpRequestLog.java:getRequestLog(97)) - Jetty request log can only be enabled using Log4j
2019-09-26 15:57:27,265 [main] INFO  http.HttpServer2 (HttpServer2.java:addGlobalFilter(975)) - Added global filter 'safety' (class=org.apache.hadoop.http.HttpServer2$QuotingInputFilter)
2019-09-26 15:57:27,266 [main] INFO  http.HttpServer2 (HttpServer2.java:addFilter(948)) - Added filter static_user_filter (class=org.apache.hadoop.http.lib.StaticUserWebFilter$StaticUserFilter) to context hddsDatanode
2019-09-26 15:57:27,266 [main] INFO  http.HttpServer2 (HttpServer2.java:addFilter(958)) - Added filter static_user_filter (class=org.apache.hadoop.http.lib.StaticUserWebFilter$StaticUserFilter) to context logs
2019-09-26 15:57:27,266 [main] INFO  http.HttpServer2 (HttpServer2.java:addFilter(958)) - Added filter static_user_filter (class=org.apache.hadoop.http.lib.StaticUserWebFilter$StaticUserFilter) to context static
2019-09-26 15:57:27,267 [main] INFO  http.HttpServer2 (HttpServer2.java:bindListener(1191)) - Jetty bound to port 43151
2019-09-26 15:57:27,267 [main] INFO  server.Server (Server.java:doStart(351)) - jetty-9.3.25.v20180904, build timestamp: 2018-09-04T21:11:46Z, git hash: 3ce520221d0240229c862b122d2b06c12a625732
2019-09-26 15:57:27,268 [main] INFO  handler.ContextHandler (ContextHandler.java:doStart(781)) - Started o.e.j.s.ServletContextHandler@fcf9525{/logs,file:///workdir/hadoop-ozone/integration-test/target/log,AVAILABLE}
2019-09-26 15:57:27,269 [main] INFO  handler.ContextHandler (ContextHandler.java:doStart(781)) - Started o.e.j.s.ServletContextHandler@4243341e{/static,jar:file:/home/user/.m2/repository/org/apache/hadoop/hadoop-hdds-container-service/0.5.0-SNAPSHOT/hadoop-hdds-container-service-0.5.0-SNAPSHOT.jar!/webapps/static,AVAILABLE}
2019-09-26 15:57:27,299 [main] INFO  handler.ContextHandler (ContextHandler.java:doStart(781)) - Started o.e.j.w.WebAppContext@3d033453{/,file:///tmp/jetty-0.0.0.0-43151-hddsDatanode-_-any-4678383693904714117.dir/webapp/,AVAILABLE}{/hddsDatanode}
2019-09-26 15:57:27,299 [main] INFO  server.AbstractConnector (AbstractConnector.java:doStart(278)) - Started ServerConnector@43deba42{HTTP/1.1,[http/1.1]}{0.0.0.0:43151}
2019-09-26 15:57:27,301 [main] INFO  server.Server (Server.java:doStart(419)) - Started @608733ms
2019-09-26 15:57:27,301 [main] WARN  impl.MetricsSystemImpl (MetricsSystemImpl.java:register(276)) - Sink prometheus already exists!
2019-09-26 15:57:27,302 [main] INFO  server.BaseHttpServer (BaseHttpServer.java:updateConnectorAddress(215)) - HTTP server of HDDSDATANODE is listening at http://0.0.0.0:43151
2019-09-26 15:57:27,302 [main] INFO  impl.MetricsSystemImpl (MetricsSystemImpl.java:init(158)) - HddsDatanode metrics system started (again)
2019-09-26 15:57:27,307 [org.apache.hadoop.util.JvmPauseMonitor$Monitor@13603bf9] INFO  util.JvmPauseMonitor (JvmPauseMonitor.java:run(188)) - Starting JVM pause monitor
2019-09-26 15:57:27,307 [main] INFO  ozone.HddsDatanodeService (HddsDatanodeService.java:start(184)) - HddsDatanodeService host:pr-hdds-2185-nx5sg-2633547614 ip:192.168.164.210
2019-09-26 15:57:27,308 [Datanode State Machine Thread - 0] INFO  datanode.InitDatanodeState (InitDatanodeState.java:persistContainerDatanodeDetails(140)) - DatanodeDetails is persisted to /workdir/hadoop-ozone/integration-test/target/test-dir/MiniOzoneClusterImpl-1df8c159-28a8-44dd-adf8-68b36ae703f1/datanode-4/meta/datanode.id
2019-09-26 15:57:27,313 [main] INFO  volume.HddsVolume (HddsVolume.java:<init>(176)) - Creating Volume: /workdir/hadoop-ozone/integration-test/target/test-dir/MiniOzoneClusterImpl-1df8c159-28a8-44dd-adf8-68b36ae703f1/datanode-5/data/containers/hdds of  storage type : DISK and capacity : 1482555576320
2019-09-26 15:57:27,313 [main] INFO  volume.VolumeSet (VolumeSet.java:initializeVolumeSet(170)) - Added Volume : /workdir/hadoop-ozone/integration-test/target/test-dir/MiniOzoneClusterImpl-1df8c159-28a8-44dd-adf8-68b36ae703f1/datanode-5/data/containers/hdds to VolumeSet
2019-09-26 15:57:27,313 [main] INFO  volume.ThrottledAsyncChecker (ThrottledAsyncChecker.java:schedule(139)) - Scheduling a check for org.apache.hadoop.ozone.container.common.volume.HddsVolume@14b5752f
2019-09-26 15:57:27,314 [main] INFO  volume.HddsVolumeChecker (HddsVolumeChecker.java:checkAllVolumes(202)) - Scheduled health check for volume org.apache.hadoop.ozone.container.common.volume.HddsVolume@14b5752f
2019-09-26 15:57:27,326 [main] INFO  impl.RaftServerProxy (ConfUtils.java:logGet(43)) - raft.rpc.type = GRPC (default)
2019-09-26 15:57:27,326 [main] INFO  grpc.GrpcFactory (GrpcFactory.java:checkPooledByteBufAllocatorUseCacheForAllThreads(45)) - PERFORMANCE WARNING: useCacheForAllThreads is true that may cause Netty to create a lot garbage objects and, as a result, trigger GC.
	It is recommended to disable useCacheForAllThreads by setting -Dorg.apache.ratis.thirdparty.io.netty.allocator.useCacheForAllThreads=false in command line.
2019-09-26 15:57:27,326 [main] INFO  grpc.GrpcConfigKeys$Server (ConfUtils.java:logGet(43)) - raft.grpc.server.port = 0 (default)
2019-09-26 15:57:27,326 [main] INFO  server.GrpcService (ConfUtils.java:logGet(43)) - raft.grpc.message.size.max = 33570816 (custom)
2019-09-26 15:57:27,326 [main] INFO  server.RaftServerConfigKeys (ConfUtils.java:logGet(43)) - raft.server.log.appender.buffer.byte-limit = 33554432 (custom)
2019-09-26 15:57:27,327 [main] INFO  server.GrpcService (ConfUtils.java:logGet(43)) - raft.grpc.flow.control.window = 1MB (=1048576) (default)
2019-09-26 15:57:27,327 [main] INFO  server.RaftServerConfigKeys (ConfUtils.java:logGet(43)) - raft.server.rpc.request.timeout = 3000ms (default)
2019-09-26 15:57:27,327 [main] INFO  server.RaftServerConfigKeys (ConfUtils.java:logGet(43)) - raft.server.storage.dir = [/workdir/hadoop-ozone/integration-test/target/test-dir/MiniOzoneClusterImpl-1df8c159-28a8-44dd-adf8-68b36ae703f1/datanode-5/data/ratis] (custom)
2019-09-26 15:57:27,328 [main] INFO  hdfs.DFSUtil (DFSUtil.java:httpServerTemplateForNNAndJN(1641)) - Starting Web-server for hddsDatanode at: http://0.0.0.0:0
2019-09-26 15:57:27,329 [main] INFO  server.AuthenticationFilter (AuthenticationFilter.java:constructSecretProvider(240)) - Unable to initialize FileSignerSecretProvider, falling back to use random secrets.
2019-09-26 15:57:27,329 [main] WARN  http.HttpRequestLog (HttpRequestLog.java:getRequestLog(97)) - Jetty request log can only be enabled using Log4j
2019-09-26 15:57:27,330 [main] INFO  http.HttpServer2 (HttpServer2.java:addGlobalFilter(975)) - Added global filter 'safety' (class=org.apache.hadoop.http.HttpServer2$QuotingInputFilter)
2019-09-26 15:57:27,331 [main] INFO  http.HttpServer2 (HttpServer2.java:addFilter(948)) - Added filter static_user_filter (class=org.apache.hadoop.http.lib.StaticUserWebFilter$StaticUserFilter) to context hddsDatanode
2019-09-26 15:57:27,331 [main] INFO  http.HttpServer2 (HttpServer2.java:addFilter(958)) - Added filter static_user_filter (class=org.apache.hadoop.http.lib.StaticUserWebFilter$StaticUserFilter) to context logs
2019-09-26 15:57:27,331 [main] INFO  http.HttpServer2 (HttpServer2.java:addFilter(958)) - Added filter static_user_filter (class=org.apache.hadoop.http.lib.StaticUserWebFilter$StaticUserFilter) to context static
2019-09-26 15:57:27,332 [main] INFO  http.HttpServer2 (HttpServer2.java:bindListener(1191)) - Jetty bound to port 45436
2019-09-26 15:57:27,332 [main] INFO  server.Server (Server.java:doStart(351)) - jetty-9.3.25.v20180904, build timestamp: 2018-09-04T21:11:46Z, git hash: 3ce520221d0240229c862b122d2b06c12a625732
2019-09-26 15:57:27,333 [main] INFO  handler.ContextHandler (ContextHandler.java:doStart(781)) - Started o.e.j.s.ServletContextHandler@2fc7fa6e{/logs,file:///workdir/hadoop-ozone/integration-test/target/log,AVAILABLE}
2019-09-26 15:57:27,333 [main] INFO  handler.ContextHandler (ContextHandler.java:doStart(781)) - Started o.e.j.s.ServletContextHandler@273dec10{/static,jar:file:/home/user/.m2/repository/org/apache/hadoop/hadoop-hdds-container-service/0.5.0-SNAPSHOT/hadoop-hdds-container-service-0.5.0-SNAPSHOT.jar!/webapps/static,AVAILABLE}
2019-09-26 15:57:27,358 [main] INFO  handler.ContextHandler (ContextHandler.java:doStart(781)) - Started o.e.j.w.WebAppContext@28831d69{/,file:///tmp/jetty-0.0.0.0-45436-hddsDatanode-_-any-622905185191349532.dir/webapp/,AVAILABLE}{/hddsDatanode}
2019-09-26 15:57:27,359 [main] INFO  server.AbstractConnector (AbstractConnector.java:doStart(278)) - Started ServerConnector@315b4202{HTTP/1.1,[http/1.1]}{0.0.0.0:45436}
2019-09-26 15:57:27,360 [main] INFO  server.Server (Server.java:doStart(419)) - Started @608793ms
2019-09-26 15:57:27,360 [main] WARN  impl.MetricsSystemImpl (MetricsSystemImpl.java:register(276)) - Sink prometheus already exists!
2019-09-26 15:57:27,361 [main] INFO  server.BaseHttpServer (BaseHttpServer.java:updateConnectorAddress(215)) - HTTP server of HDDSDATANODE is listening at http://0.0.0.0:45436
2019-09-26 15:57:27,361 [main] INFO  impl.MetricsSystemImpl (MetricsSystemImpl.java:init(158)) - HddsDatanode metrics system started (again)
2019-09-26 15:57:27,366 [org.apache.hadoop.util.JvmPauseMonitor$Monitor@5802d4eb] INFO  util.JvmPauseMonitor (JvmPauseMonitor.java:run(188)) - Starting JVM pause monitor
2019-09-26 15:57:27,367 [Datanode State Machine Thread - 0] INFO  datanode.InitDatanodeState (InitDatanodeState.java:persistContainerDatanodeDetails(140)) - DatanodeDetails is persisted to /workdir/hadoop-ozone/integration-test/target/test-dir/MiniOzoneClusterImpl-1df8c159-28a8-44dd-adf8-68b36ae703f1/datanode-5/meta/datanode.id
2019-09-26 15:57:27,368 [main] INFO  ozone.HddsDatanodeService (HddsDatanodeService.java:start(184)) - HddsDatanodeService host:pr-hdds-2185-nx5sg-2633547614 ip:192.168.164.210
2019-09-26 15:57:27,374 [main] INFO  volume.HddsVolume (HddsVolume.java:<init>(176)) - Creating Volume: /workdir/hadoop-ozone/integration-test/target/test-dir/MiniOzoneClusterImpl-1df8c159-28a8-44dd-adf8-68b36ae703f1/datanode-6/data/containers/hdds of  storage type : DISK and capacity : 1482555576320
2019-09-26 15:57:27,374 [main] INFO  volume.VolumeSet (VolumeSet.java:initializeVolumeSet(170)) - Added Volume : /workdir/hadoop-ozone/integration-test/target/test-dir/MiniOzoneClusterImpl-1df8c159-28a8-44dd-adf8-68b36ae703f1/datanode-6/data/containers/hdds to VolumeSet
2019-09-26 15:57:27,374 [main] INFO  volume.ThrottledAsyncChecker (ThrottledAsyncChecker.java:schedule(139)) - Scheduling a check for org.apache.hadoop.ozone.container.common.volume.HddsVolume@7fd751de
2019-09-26 15:57:27,375 [main] INFO  volume.HddsVolumeChecker (HddsVolumeChecker.java:checkAllVolumes(202)) - Scheduled health check for volume org.apache.hadoop.ozone.container.common.volume.HddsVolume@7fd751de
2019-09-26 15:57:27,386 [main] INFO  impl.RaftServerProxy (ConfUtils.java:logGet(43)) - raft.rpc.type = GRPC (default)
2019-09-26 15:57:27,386 [main] INFO  grpc.GrpcFactory (GrpcFactory.java:checkPooledByteBufAllocatorUseCacheForAllThreads(45)) - PERFORMANCE WARNING: useCacheForAllThreads is true that may cause Netty to create a lot garbage objects and, as a result, trigger GC.
	It is recommended to disable useCacheForAllThreads by setting -Dorg.apache.ratis.thirdparty.io.netty.allocator.useCacheForAllThreads=false in command line.
2019-09-26 15:57:27,386 [main] INFO  grpc.GrpcConfigKeys$Server (ConfUtils.java:logGet(43)) - raft.grpc.server.port = 0 (default)
2019-09-26 15:57:27,386 [main] INFO  server.GrpcService (ConfUtils.java:logGet(43)) - raft.grpc.message.size.max = 33570816 (custom)
2019-09-26 15:57:27,387 [main] INFO  server.RaftServerConfigKeys (ConfUtils.java:logGet(43)) - raft.server.log.appender.buffer.byte-limit = 33554432 (custom)
2019-09-26 15:57:27,387 [main] INFO  server.GrpcService (ConfUtils.java:logGet(43)) - raft.grpc.flow.control.window = 1MB (=1048576) (default)
2019-09-26 15:57:27,387 [main] INFO  server.RaftServerConfigKeys (ConfUtils.java:logGet(43)) - raft.server.rpc.request.timeout = 3000ms (default)
2019-09-26 15:57:27,387 [main] INFO  server.RaftServerConfigKeys (ConfUtils.java:logGet(43)) - raft.server.storage.dir = [/workdir/hadoop-ozone/integration-test/target/test-dir/MiniOzoneClusterImpl-1df8c159-28a8-44dd-adf8-68b36ae703f1/datanode-6/data/ratis] (custom)
2019-09-26 15:57:27,388 [main] INFO  hdfs.DFSUtil (DFSUtil.java:httpServerTemplateForNNAndJN(1641)) - Starting Web-server for hddsDatanode at: http://0.0.0.0:0
2019-09-26 15:57:27,390 [main] INFO  server.AuthenticationFilter (AuthenticationFilter.java:constructSecretProvider(240)) - Unable to initialize FileSignerSecretProvider, falling back to use random secrets.
2019-09-26 15:57:27,390 [main] WARN  http.HttpRequestLog (HttpRequestLog.java:getRequestLog(97)) - Jetty request log can only be enabled using Log4j
2019-09-26 15:57:27,392 [main] INFO  http.HttpServer2 (HttpServer2.java:addGlobalFilter(975)) - Added global filter 'safety' (class=org.apache.hadoop.http.HttpServer2$QuotingInputFilter)
2019-09-26 15:57:27,392 [main] INFO  http.HttpServer2 (HttpServer2.java:addFilter(948)) - Added filter static_user_filter (class=org.apache.hadoop.http.lib.StaticUserWebFilter$StaticUserFilter) to context hddsDatanode
2019-09-26 15:57:27,392 [main] INFO  http.HttpServer2 (HttpServer2.java:addFilter(958)) - Added filter static_user_filter (class=org.apache.hadoop.http.lib.StaticUserWebFilter$StaticUserFilter) to context static
2019-09-26 15:57:27,392 [main] INFO  http.HttpServer2 (HttpServer2.java:addFilter(958)) - Added filter static_user_filter (class=org.apache.hadoop.http.lib.StaticUserWebFilter$StaticUserFilter) to context logs
2019-09-26 15:57:27,393 [main] INFO  http.HttpServer2 (HttpServer2.java:bindListener(1191)) - Jetty bound to port 43961
2019-09-26 15:57:27,393 [main] INFO  server.Server (Server.java:doStart(351)) - jetty-9.3.25.v20180904, build timestamp: 2018-09-04T21:11:46Z, git hash: 3ce520221d0240229c862b122d2b06c12a625732
2019-09-26 15:57:27,394 [main] INFO  handler.ContextHandler (ContextHandler.java:doStart(781)) - Started o.e.j.s.ServletContextHandler@36f6d25c{/logs,file:///workdir/hadoop-ozone/integration-test/target/log,AVAILABLE}
2019-09-26 15:57:27,395 [main] INFO  handler.ContextHandler (ContextHandler.java:doStart(781)) - Started o.e.j.s.ServletContextHandler@7db791df{/static,jar:file:/home/user/.m2/repository/org/apache/hadoop/hadoop-hdds-container-service/0.5.0-SNAPSHOT/hadoop-hdds-container-service-0.5.0-SNAPSHOT.jar!/webapps/static,AVAILABLE}
2019-09-26 15:57:27,424 [main] INFO  handler.ContextHandler (ContextHandler.java:doStart(781)) - Started o.e.j.w.WebAppContext@6cd45b6c{/,file:///tmp/jetty-0.0.0.0-43961-hddsDatanode-_-any-6016598097607638841.dir/webapp/,AVAILABLE}{/hddsDatanode}
2019-09-26 15:57:27,425 [main] INFO  server.AbstractConnector (AbstractConnector.java:doStart(278)) - Started ServerConnector@3a5b7d7e{HTTP/1.1,[http/1.1]}{0.0.0.0:43961}
2019-09-26 15:57:27,427 [main] INFO  server.Server (Server.java:doStart(419)) - Started @608859ms
2019-09-26 15:57:27,427 [main] WARN  impl.MetricsSystemImpl (MetricsSystemImpl.java:register(276)) - Sink prometheus already exists!
2019-09-26 15:57:27,428 [main] INFO  server.BaseHttpServer (BaseHttpServer.java:updateConnectorAddress(215)) - HTTP server of HDDSDATANODE is listening at http://0.0.0.0:43961
2019-09-26 15:57:27,428 [main] INFO  ozone.MiniOzoneClusterImpl (MiniOzoneClusterImpl.java:lambda$waitForClusterToBeReady$0(147)) - Waiting for cluster to be ready. Got 0 of 7 DN Heartbeats.
2019-09-26 15:57:27,429 [org.apache.hadoop.util.JvmPauseMonitor$Monitor@44a816cd] INFO  util.JvmPauseMonitor (JvmPauseMonitor.java:run(188)) - Starting JVM pause monitor
2019-09-26 15:57:27,430 [Datanode State Machine Thread - 0] INFO  datanode.InitDatanodeState (InitDatanodeState.java:persistContainerDatanodeDetails(140)) - DatanodeDetails is persisted to /workdir/hadoop-ozone/integration-test/target/test-dir/MiniOzoneClusterImpl-1df8c159-28a8-44dd-adf8-68b36ae703f1/datanode-6/meta/datanode.id
2019-09-26 15:57:28,428 [main] INFO  ozone.MiniOzoneClusterImpl (MiniOzoneClusterImpl.java:lambda$waitForClusterToBeReady$0(147)) - Waiting for cluster to be ready. Got 0 of 7 DN Heartbeats.
2019-09-26 15:57:29,103 [Datanode State Machine Thread - 0] INFO  ozoneimpl.OzoneContainer (OzoneContainer.java:start(217)) - Attempting to start container services.
2019-09-26 15:57:29,104 [Datanode State Machine Thread - 0] INFO  ozoneimpl.OzoneContainer (OzoneContainer.java:startContainerScrub(179)) - Background container scanner has been disabled.
2019-09-26 15:57:29,104 [Datanode State Machine Thread - 0] INFO  ratis.XceiverServerRatis (XceiverServerRatis.java:start(411)) - Starting XceiverServerRatis 87b128cd-da01-4ba7-9b9b-a2a1b5272d7b at port 0
2019-09-26 15:57:29,108 [Datanode State Machine Thread - 0] INFO  impl.RaftServerProxy (RaftServerProxy.java:lambda$start$3(299)) - 87b128cd-da01-4ba7-9b9b-a2a1b5272d7b: start RPC server
2019-09-26 15:57:29,110 [Datanode State Machine Thread - 0] INFO  server.GrpcService (GrpcService.java:startImpl(158)) - 87b128cd-da01-4ba7-9b9b-a2a1b5272d7b: GrpcService started, listening on 0.0.0.0/0.0.0.0:36462
2019-09-26 15:57:29,110 [Datanode State Machine Thread - 0] INFO  ratis.XceiverServerRatis (XceiverServerRatis.java:start(421)) - XceiverServerRatis 87b128cd-da01-4ba7-9b9b-a2a1b5272d7b is started using port 36462
2019-09-26 15:57:29,110 [Datanode State Machine Thread - 0] INFO  server.XceiverServerGrpc (XceiverServerGrpc.java:start(149)) - XceiverServerGrpc 87b128cd-da01-4ba7-9b9b-a2a1b5272d7b is started using port 46075
2019-09-26 15:57:29,138 [Datanode State Machine Thread - 0] INFO  ozoneimpl.OzoneContainer (OzoneContainer.java:start(217)) - Attempting to start container services.
2019-09-26 15:57:29,139 [Datanode State Machine Thread - 0] INFO  ozoneimpl.OzoneContainer (OzoneContainer.java:startContainerScrub(179)) - Background container scanner has been disabled.
2019-09-26 15:57:29,139 [Datanode State Machine Thread - 0] INFO  ratis.XceiverServerRatis (XceiverServerRatis.java:start(411)) - Starting XceiverServerRatis 735002fd-e857-4e03-a830-88a48acb9de9 at port 0
2019-09-26 15:57:29,144 [Datanode State Machine Thread - 0] INFO  impl.RaftServerProxy (RaftServerProxy.java:lambda$start$3(299)) - 735002fd-e857-4e03-a830-88a48acb9de9: start RPC server
2019-09-26 15:57:29,146 [Datanode State Machine Thread - 0] INFO  server.GrpcService (GrpcService.java:startImpl(158)) - 735002fd-e857-4e03-a830-88a48acb9de9: GrpcService started, listening on 0.0.0.0/0.0.0.0:42412
2019-09-26 15:57:29,146 [Datanode State Machine Thread - 0] INFO  ratis.XceiverServerRatis (XceiverServerRatis.java:start(421)) - XceiverServerRatis 735002fd-e857-4e03-a830-88a48acb9de9 is started using port 42412
2019-09-26 15:57:29,147 [Datanode State Machine Thread - 0] INFO  server.XceiverServerGrpc (XceiverServerGrpc.java:start(149)) - XceiverServerGrpc 735002fd-e857-4e03-a830-88a48acb9de9 is started using port 43251
2019-09-26 15:57:29,195 [Datanode State Machine Thread - 0] INFO  ozoneimpl.OzoneContainer (OzoneContainer.java:start(217)) - Attempting to start container services.
2019-09-26 15:57:29,195 [Datanode State Machine Thread - 0] INFO  ozoneimpl.OzoneContainer (OzoneContainer.java:startContainerScrub(179)) - Background container scanner has been disabled.
2019-09-26 15:57:29,195 [Datanode State Machine Thread - 0] INFO  ratis.XceiverServerRatis (XceiverServerRatis.java:start(411)) - Starting XceiverServerRatis 6899c05a-55c2-4a69-99b1-2cb7e601e4ae at port 0
2019-09-26 15:57:29,199 [Datanode State Machine Thread - 0] INFO  impl.RaftServerProxy (RaftServerProxy.java:lambda$start$3(299)) - 6899c05a-55c2-4a69-99b1-2cb7e601e4ae: start RPC server
2019-09-26 15:57:29,199 [Datanode State Machine Thread - 0] INFO  server.GrpcService (GrpcService.java:startImpl(158)) - 6899c05a-55c2-4a69-99b1-2cb7e601e4ae: GrpcService started, listening on 0.0.0.0/0.0.0.0:34850
2019-09-26 15:57:29,200 [Datanode State Machine Thread - 0] INFO  ratis.XceiverServerRatis (XceiverServerRatis.java:start(421)) - XceiverServerRatis 6899c05a-55c2-4a69-99b1-2cb7e601e4ae is started using port 34850
2019-09-26 15:57:29,200 [Datanode State Machine Thread - 0] INFO  server.XceiverServerGrpc (XceiverServerGrpc.java:start(149)) - XceiverServerGrpc 6899c05a-55c2-4a69-99b1-2cb7e601e4ae is started using port 44431
2019-09-26 15:57:29,254 [Datanode State Machine Thread - 0] INFO  ozoneimpl.OzoneContainer (OzoneContainer.java:start(217)) - Attempting to start container services.
2019-09-26 15:57:29,255 [Datanode State Machine Thread - 0] INFO  ozoneimpl.OzoneContainer (OzoneContainer.java:startContainerScrub(179)) - Background container scanner has been disabled.
2019-09-26 15:57:29,255 [Datanode State Machine Thread - 0] INFO  ratis.XceiverServerRatis (XceiverServerRatis.java:start(411)) - Starting XceiverServerRatis 3c29fdfe-8ae9-43bb-8275-89fa11997db1 at port 0
2019-09-26 15:57:29,261 [Datanode State Machine Thread - 0] INFO  impl.RaftServerProxy (RaftServerProxy.java:lambda$start$3(299)) - 3c29fdfe-8ae9-43bb-8275-89fa11997db1: start RPC server
2019-09-26 15:57:29,264 [Datanode State Machine Thread - 0] INFO  server.GrpcService (GrpcService.java:startImpl(158)) - 3c29fdfe-8ae9-43bb-8275-89fa11997db1: GrpcService started, listening on 0.0.0.0/0.0.0.0:44740
2019-09-26 15:57:29,264 [Datanode State Machine Thread - 0] INFO  ratis.XceiverServerRatis (XceiverServerRatis.java:start(421)) - XceiverServerRatis 3c29fdfe-8ae9-43bb-8275-89fa11997db1 is started using port 44740
2019-09-26 15:57:29,265 [Datanode State Machine Thread - 0] INFO  server.XceiverServerGrpc (XceiverServerGrpc.java:start(149)) - XceiverServerGrpc 3c29fdfe-8ae9-43bb-8275-89fa11997db1 is started using port 38807
2019-09-26 15:57:29,320 [Datanode State Machine Thread - 0] INFO  ozoneimpl.OzoneContainer (OzoneContainer.java:start(217)) - Attempting to start container services.
2019-09-26 15:57:29,321 [Datanode State Machine Thread - 0] INFO  ozoneimpl.OzoneContainer (OzoneContainer.java:startContainerScrub(179)) - Background container scanner has been disabled.
2019-09-26 15:57:29,321 [Datanode State Machine Thread - 0] INFO  ratis.XceiverServerRatis (XceiverServerRatis.java:start(411)) - Starting XceiverServerRatis bea808cd-3eed-4b93-bbe3-f1a90e8e9f57 at port 0
2019-09-26 15:57:29,327 [Datanode State Machine Thread - 0] INFO  impl.RaftServerProxy (RaftServerProxy.java:lambda$start$3(299)) - bea808cd-3eed-4b93-bbe3-f1a90e8e9f57: start RPC server
2019-09-26 15:57:29,330 [Datanode State Machine Thread - 0] INFO  server.GrpcService (GrpcService.java:startImpl(158)) - bea808cd-3eed-4b93-bbe3-f1a90e8e9f57: GrpcService started, listening on 0.0.0.0/0.0.0.0:39791
2019-09-26 15:57:29,330 [Datanode State Machine Thread - 0] INFO  ratis.XceiverServerRatis (XceiverServerRatis.java:start(421)) - XceiverServerRatis bea808cd-3eed-4b93-bbe3-f1a90e8e9f57 is started using port 39791
2019-09-26 15:57:29,332 [Datanode State Machine Thread - 0] INFO  server.XceiverServerGrpc (XceiverServerGrpc.java:start(149)) - XceiverServerGrpc bea808cd-3eed-4b93-bbe3-f1a90e8e9f57 is started using port 37723
2019-09-26 15:57:29,380 [Datanode State Machine Thread - 0] INFO  ozoneimpl.OzoneContainer (OzoneContainer.java:start(217)) - Attempting to start container services.
2019-09-26 15:57:29,380 [Datanode State Machine Thread - 0] INFO  ozoneimpl.OzoneContainer (OzoneContainer.java:startContainerScrub(179)) - Background container scanner has been disabled.
2019-09-26 15:57:29,380 [Datanode State Machine Thread - 0] INFO  ratis.XceiverServerRatis (XceiverServerRatis.java:start(411)) - Starting XceiverServerRatis 81e39e0c-175c-4999-a8b5-57b67040d31c at port 0
2019-09-26 15:57:29,385 [Datanode State Machine Thread - 0] INFO  impl.RaftServerProxy (RaftServerProxy.java:lambda$start$3(299)) - 81e39e0c-175c-4999-a8b5-57b67040d31c: start RPC server
2019-09-26 15:57:29,404 [Datanode State Machine Thread - 0] INFO  server.GrpcService (GrpcService.java:startImpl(158)) - 81e39e0c-175c-4999-a8b5-57b67040d31c: GrpcService started, listening on 0.0.0.0/0.0.0.0:46641
2019-09-26 15:57:29,404 [Datanode State Machine Thread - 0] INFO  ratis.XceiverServerRatis (XceiverServerRatis.java:start(421)) - XceiverServerRatis 81e39e0c-175c-4999-a8b5-57b67040d31c is started using port 46641
2019-09-26 15:57:29,405 [Datanode State Machine Thread - 0] INFO  server.XceiverServerGrpc (XceiverServerGrpc.java:start(149)) - XceiverServerGrpc 81e39e0c-175c-4999-a8b5-57b67040d31c is started using port 36463
2019-09-26 15:57:29,429 [main] INFO  ozone.MiniOzoneClusterImpl (MiniOzoneClusterImpl.java:lambda$waitForClusterToBeReady$0(147)) - Waiting for cluster to be ready. Got 0 of 7 DN Heartbeats.
2019-09-26 15:57:29,443 [Datanode State Machine Thread - 0] INFO  ozoneimpl.OzoneContainer (OzoneContainer.java:start(217)) - Attempting to start container services.
2019-09-26 15:57:29,443 [Datanode State Machine Thread - 0] INFO  ozoneimpl.OzoneContainer (OzoneContainer.java:startContainerScrub(179)) - Background container scanner has been disabled.
2019-09-26 15:57:29,443 [Datanode State Machine Thread - 0] INFO  ratis.XceiverServerRatis (XceiverServerRatis.java:start(411)) - Starting XceiverServerRatis 1346a0e7-0f31-418c-877c-49893fac4105 at port 0
2019-09-26 15:57:29,448 [Datanode State Machine Thread - 0] INFO  impl.RaftServerProxy (RaftServerProxy.java:lambda$start$3(299)) - 1346a0e7-0f31-418c-877c-49893fac4105: start RPC server
2019-09-26 15:57:29,448 [Datanode State Machine Thread - 0] INFO  server.GrpcService (GrpcService.java:startImpl(158)) - 1346a0e7-0f31-418c-877c-49893fac4105: GrpcService started, listening on 0.0.0.0/0.0.0.0:42504
2019-09-26 15:57:29,448 [Datanode State Machine Thread - 0] INFO  ratis.XceiverServerRatis (XceiverServerRatis.java:start(421)) - XceiverServerRatis 1346a0e7-0f31-418c-877c-49893fac4105 is started using port 42504
2019-09-26 15:57:29,449 [Datanode State Machine Thread - 0] INFO  server.XceiverServerGrpc (XceiverServerGrpc.java:start(149)) - XceiverServerGrpc 1346a0e7-0f31-418c-877c-49893fac4105 is started using port 35056
2019-09-26 15:57:30,429 [main] INFO  ozone.MiniOzoneClusterImpl (MiniOzoneClusterImpl.java:lambda$waitForClusterToBeReady$0(147)) - Waiting for cluster to be ready. Got 0 of 7 DN Heartbeats.
2019-09-26 15:57:31,067 [IPC Server handler 0 on 34025] INFO  net.NetworkTopology (NetworkTopologyImpl.java:add(111)) - Added a new node: /default-rack/87b128cd-da01-4ba7-9b9b-a2a1b5272d7b
2019-09-26 15:57:31,069 [IPC Server handler 0 on 34025] INFO  node.SCMNodeManager (SCMNodeManager.java:register(266)) - Registered Data node : 87b128cd-da01-4ba7-9b9b-a2a1b5272d7b{ip: 192.168.164.210, host: pr-hdds-2185-nx5sg-2633547614, networkLocation: /default-rack, certSerialId: null}
2019-09-26 15:57:31,070 [EventQueue-NodeRegistrationContainerReportForDataNodeSafeModeRule] INFO  safemode.SCMSafeModeManager (DataNodeSafeModeRule.java:process(71)) - SCM in safe mode. 1 DataNodes registered, 1 required.
2019-09-26 15:57:31,072 [EventQueue-NodeRegistrationContainerReportForDataNodeSafeModeRule] INFO  safemode.SCMSafeModeManager (SCMSafeModeManager.java:validateSafeModeExitRules(177)) - ScmSafeModeManager, all rules are successfully validated
2019-09-26 15:57:31,072 [EventQueue-NodeRegistrationContainerReportForDataNodeSafeModeRule] INFO  safemode.SCMSafeModeManager (SCMSafeModeManager.java:exitSafeMode(193)) - SCM exiting safe mode.
2019-09-26 15:57:31,080 [grpc-default-executor-10] INFO  impl.RaftServerProxy (RaftServerProxy.java:addNew(89)) - 87b128cd-da01-4ba7-9b9b-a2a1b5272d7b: addNew group-1EBCAFBB5A19:[87b128cd-da01-4ba7-9b9b-a2a1b5272d7b:192.168.164.210:36462] returns group-1EBCAFBB5A19:java.util.concurrent.CompletableFuture@5a5580[Not completed]
2019-09-26 15:57:31,082 [pool-589-thread-1] INFO  impl.RaftServerImpl (RaftServerImpl.java:<init>(95)) - 87b128cd-da01-4ba7-9b9b-a2a1b5272d7b: new RaftServerImpl for group-1EBCAFBB5A19:[87b128cd-da01-4ba7-9b9b-a2a1b5272d7b:192.168.164.210:36462] with ContainerStateMachine:uninitialized
2019-09-26 15:57:31,082 [pool-589-thread-1] INFO  server.RaftServerConfigKeys (ConfUtils.java:logGet(43)) - raft.server.rpc.timeout.min = 5s (custom)
2019-09-26 15:57:31,082 [pool-589-thread-1] INFO  server.RaftServerConfigKeys (ConfUtils.java:logGet(43)) - raft.server.rpc.timeout.max = 5200ms (custom)
2019-09-26 15:57:31,082 [pool-589-thread-1] INFO  server.RaftServerConfigKeys (ConfUtils.java:logGet(43)) - raft.server.rpcslowness.timeout = 120s (custom)
2019-09-26 15:57:31,082 [pool-589-thread-1] INFO  server.RaftServerConfigKeys (ConfUtils.java:logGet(43)) - raft.server.sleep.deviation.threshold = 300 (default)
2019-09-26 15:57:31,082 [pool-589-thread-1] INFO  server.RaftServerConfigKeys (ConfUtils.java:logGet(43)) - raft.server.log.appender.install.snapshot.enabled = false (custom)
2019-09-26 15:57:31,083 [pool-589-thread-1] INFO  impl.RaftServerImpl (ServerState.java:<init>(103)) - 87b128cd-da01-4ba7-9b9b-a2a1b5272d7b@group-1EBCAFBB5A19: ConfigurationManager, init=-1: [87b128cd-da01-4ba7-9b9b-a2a1b5272d7b:192.168.164.210:36462], old=null, confs=<EMPTY_MAP>
2019-09-26 15:57:31,083 [pool-589-thread-1] INFO  server.RaftServerConfigKeys (ConfUtils.java:logGet(43)) - raft.server.storage.dir = [/workdir/hadoop-ozone/integration-test/target/test-dir/MiniOzoneClusterImpl-1df8c159-28a8-44dd-adf8-68b36ae703f1/datanode-0/data/ratis] (custom)
2019-09-26 15:57:31,083 [pool-589-thread-1] INFO  storage.RaftStorageDirectory (RaftStorageDirectory.java:analyzeStorage(246)) - The storage directory /workdir/hadoop-ozone/integration-test/target/test-dir/MiniOzoneClusterImpl-1df8c159-28a8-44dd-adf8-68b36ae703f1/datanode-0/data/ratis/5e1fd6f8-9a95-42b7-8632-1ebcafbb5a19 does not exist. Creating ...
2019-09-26 15:57:31,097 [pool-589-thread-1] INFO  storage.RaftStorageDirectory (RaftStorageDirectory.java:tryLock(328)) - Lock on /workdir/hadoop-ozone/integration-test/target/test-dir/MiniOzoneClusterImpl-1df8c159-28a8-44dd-adf8-68b36ae703f1/datanode-0/data/ratis/5e1fd6f8-9a95-42b7-8632-1ebcafbb5a19/in_use.lock acquired by nodename 7536@pr-hdds-2185-nx5sg-2633547614
2019-09-26 15:57:31,109 [pool-589-thread-1] INFO  storage.RaftStorage (RaftStorage.java:format(72)) - Storage directory /workdir/hadoop-ozone/integration-test/target/test-dir/MiniOzoneClusterImpl-1df8c159-28a8-44dd-adf8-68b36ae703f1/datanode-0/data/ratis/5e1fd6f8-9a95-42b7-8632-1ebcafbb5a19 has been successfully formatted.
2019-09-26 15:57:31,110 [pool-589-thread-1] INFO  ratis.ContainerStateMachine (ContainerStateMachine.java:loadSnapshot(230)) - group-1EBCAFBB5A19: The snapshot info is null. Setting the last applied indexto:(t:0, i:~)
2019-09-26 15:57:31,110 [pool-589-thread-1] INFO  server.RaftServerConfigKeys (ConfUtils.java:logGet(43)) - raft.server.notification.no-leader.timeout = 120s (custom)
2019-09-26 15:57:31,110 [pool-589-thread-1] INFO  server.RaftServerConfigKeys (ConfUtils.java:logGet(43)) - raft.server.log.use.memory = false (default)
2019-09-26 15:57:31,110 [pool-589-thread-1] INFO  server.RaftServerConfigKeys (ConfUtils.java:logGet(43)) - raft.server.log.purge.gap = 1000000 (custom)
2019-09-26 15:57:31,110 [pool-589-thread-1] INFO  server.RaftServerConfigKeys (ConfUtils.java:logGet(43)) - raft.server.log.appender.buffer.byte-limit = 33554432 (custom)
2019-09-26 15:57:31,110 [pool-589-thread-1] INFO  server.RaftServerConfigKeys (ConfUtils.java:logGet(43)) - raft.server.log.segment.size.max = 1048576 (custom)
2019-09-26 15:57:31,110 [pool-589-thread-1] INFO  server.RaftServerConfigKeys (ConfUtils.java:logGet(43)) - raft.server.log.segment.cache.num.max = 2 (custom)
2019-09-26 15:57:31,110 [pool-589-thread-1] INFO  segmented.SegmentedRaftLogWorker (SegmentedRaftLogWorker.java:<init>(172)) - new 87b128cd-da01-4ba7-9b9b-a2a1b5272d7b@group-1EBCAFBB5A19-SegmentedRaftLogWorker for RaftStorage:Storage Directory /workdir/hadoop-ozone/integration-test/target/test-dir/MiniOzoneClusterImpl-1df8c159-28a8-44dd-adf8-68b36ae703f1/datanode-0/data/ratis/5e1fd6f8-9a95-42b7-8632-1ebcafbb5a19
2019-09-26 15:57:31,112 [pool-589-thread-1] INFO  server.RaftServerConfigKeys (ConfUtils.java:logGet(43)) - raft.server.log.queue.byte-limit = 2147483647 (custom)
2019-09-26 15:57:31,112 [pool-589-thread-1] INFO  server.RaftServerConfigKeys (ConfUtils.java:logGet(43)) - raft.server.log.queue.element-limit = 1024 (custom)
2019-09-26 15:57:31,112 [pool-589-thread-1] INFO  server.RaftServerConfigKeys (ConfUtils.java:logGet(43)) - raft.server.log.segment.size.max = 1048576 (custom)
2019-09-26 15:57:31,112 [pool-589-thread-1] INFO  server.RaftServerConfigKeys (ConfUtils.java:logGet(43)) - raft.server.log.preallocated.size = 16384 (custom)
2019-09-26 15:57:31,112 [pool-589-thread-1] INFO  server.RaftServerConfigKeys (ConfUtils.java:logGet(43)) - raft.server.log.write.buffer.size = 33554432 (custom)
2019-09-26 15:57:31,113 [pool-589-thread-1] INFO  server.RaftServerConfigKeys (ConfUtils.java:logGet(43)) - raft.server.log.force.sync.num = 128 (default)
2019-09-26 15:57:31,113 [pool-589-thread-1] INFO  server.RaftServerConfigKeys (ConfUtils.java:logGet(43)) - raft.server.log.statemachine.data.sync = true (default)
2019-09-26 15:57:31,113 [pool-589-thread-1] INFO  server.RaftServerConfigKeys (ConfUtils.java:logGet(43)) - raft.server.log.statemachine.data.sync.timeout = 10s (default)
2019-09-26 15:57:31,113 [pool-589-thread-1] INFO  server.RaftServerConfigKeys (ConfUtils.java:logGet(43)) - raft.server.log.statemachine.data.sync.timeout.retry = -1 (default)
2019-09-26 15:57:31,113 [pool-589-thread-1] INFO  server.RaftServerConfigKeys (ConfUtils.java:logGet(43)) - raft.server.log.statemachine.data.caching.enabled = true (custom)
2019-09-26 15:57:31,113 [pool-589-thread-1] INFO  segmented.SegmentedRaftLogWorker (SegmentedRaftLogWorker.java:lambda$new$0(132)) - 87b128cd-da01-4ba7-9b9b-a2a1b5272d7b@group-1EBCAFBB5A19-SegmentedRaftLogWorker: flushIndex: setUnconditionally 0 -> -1
2019-09-26 15:57:31,114 [pool-589-thread-1] INFO  server.RaftServerConfigKeys (ConfUtils.java:logGet(43)) - raft.server.snapshot.auto.trigger.enabled = true (custom)
2019-09-26 15:57:31,114 [pool-589-thread-1] INFO  server.RaftServerConfigKeys (ConfUtils.java:logGet(43)) - raft.server.snapshot.auto.trigger.threshold = 10000 (custom)
2019-09-26 15:57:31,114 [pool-589-thread-1] INFO  server.RaftServerConfigKeys (ConfUtils.java:logGet(43)) - raft.server.snapshot.retention.num.files = 5 (custom)
2019-09-26 15:57:31,114 [pool-589-thread-1] INFO  server.RaftServerConfigKeys (ConfUtils.java:logGet(43)) - raft.server.retrycache.expirytime = 600000ms (custom)
2019-09-26 15:57:31,116 [pool-589-thread-1] INFO  impl.RaftServerImpl (RaftServerImpl.java:start(185)) - 87b128cd-da01-4ba7-9b9b-a2a1b5272d7b@group-1EBCAFBB5A19: start as a follower, conf=-1: [87b128cd-da01-4ba7-9b9b-a2a1b5272d7b:192.168.164.210:36462], old=null
2019-09-26 15:57:31,116 [pool-589-thread-1] INFO  impl.RaftServerImpl (RaftServerImpl.java:setRole(174)) - 87b128cd-da01-4ba7-9b9b-a2a1b5272d7b@group-1EBCAFBB5A19: changes role from      null to FOLLOWER at term 0 for startAsFollower
2019-09-26 15:57:31,116 [pool-589-thread-1] INFO  impl.RoleInfo (RoleInfo.java:updateAndGet(143)) - 87b128cd-da01-4ba7-9b9b-a2a1b5272d7b: start FollowerState
2019-09-26 15:57:31,117 [pool-589-thread-1] INFO  util.JmxRegister (JmxRegister.java:tryRegister(44)) - Successfully registered JMX Bean with object name Ratis:service=RaftServer,group=group-1EBCAFBB5A19,id=87b128cd-da01-4ba7-9b9b-a2a1b5272d7b
2019-09-26 15:57:31,119 [RatisPipelineUtilsThread] INFO  pipeline.PipelineStateManager (PipelineStateManager.java:addPipeline(56)) - Created pipeline Pipeline[ Id: 5e1fd6f8-9a95-42b7-8632-1ebcafbb5a19, Nodes: 87b128cd-da01-4ba7-9b9b-a2a1b5272d7b{ip: 192.168.164.210, host: pr-hdds-2185-nx5sg-2633547614, networkLocation: /default-rack, certSerialId: null}, Type:RATIS, Factor:ONE, State:OPEN]
2019-09-26 15:57:31,123 [IPC Server handler 2 on 34025] INFO  net.NetworkTopology (NetworkTopologyImpl.java:add(111)) - Added a new node: /default-rack/735002fd-e857-4e03-a830-88a48acb9de9
2019-09-26 15:57:31,123 [IPC Server handler 2 on 34025] INFO  node.SCMNodeManager (SCMNodeManager.java:register(266)) - Registered Data node : 735002fd-e857-4e03-a830-88a48acb9de9{ip: 192.168.164.210, host: pr-hdds-2185-nx5sg-2633547614, networkLocation: /default-rack, certSerialId: null}
2019-09-26 15:57:31,130 [grpc-default-executor-10] INFO  impl.RaftServerProxy (RaftServerProxy.java:addNew(89)) - 735002fd-e857-4e03-a830-88a48acb9de9: addNew group-467D9036BC8E:[735002fd-e857-4e03-a830-88a48acb9de9:192.168.164.210:42412] returns group-467D9036BC8E:java.util.concurrent.CompletableFuture@315f226e[Not completed]
2019-09-26 15:57:31,143 [pool-599-thread-1] INFO  impl.RaftServerImpl (RaftServerImpl.java:<init>(95)) - 735002fd-e857-4e03-a830-88a48acb9de9: new RaftServerImpl for group-467D9036BC8E:[735002fd-e857-4e03-a830-88a48acb9de9:192.168.164.210:42412] with ContainerStateMachine:uninitialized
2019-09-26 15:57:31,144 [pool-599-thread-1] INFO  server.RaftServerConfigKeys (ConfUtils.java:logGet(43)) - raft.server.rpc.timeout.min = 5s (custom)
2019-09-26 15:57:31,144 [pool-599-thread-1] INFO  server.RaftServerConfigKeys (ConfUtils.java:logGet(43)) - raft.server.rpc.timeout.max = 5200ms (custom)
2019-09-26 15:57:31,144 [pool-599-thread-1] INFO  server.RaftServerConfigKeys (ConfUtils.java:logGet(43)) - raft.server.rpcslowness.timeout = 120s (custom)
2019-09-26 15:57:31,144 [pool-599-thread-1] INFO  server.RaftServerConfigKeys (ConfUtils.java:logGet(43)) - raft.server.sleep.deviation.threshold = 300 (default)
2019-09-26 15:57:31,144 [pool-599-thread-1] INFO  server.RaftServerConfigKeys (ConfUtils.java:logGet(43)) - raft.server.log.appender.install.snapshot.enabled = false (custom)
2019-09-26 15:57:31,144 [pool-599-thread-1] INFO  impl.RaftServerImpl (ServerState.java:<init>(103)) - 735002fd-e857-4e03-a830-88a48acb9de9@group-467D9036BC8E: ConfigurationManager, init=-1: [735002fd-e857-4e03-a830-88a48acb9de9:192.168.164.210:42412], old=null, confs=<EMPTY_MAP>
2019-09-26 15:57:31,144 [pool-599-thread-1] INFO  server.RaftServerConfigKeys (ConfUtils.java:logGet(43)) - raft.server.storage.dir = [/workdir/hadoop-ozone/integration-test/target/test-dir/MiniOzoneClusterImpl-1df8c159-28a8-44dd-adf8-68b36ae703f1/datanode-1/data/ratis] (custom)
2019-09-26 15:57:31,145 [pool-599-thread-1] INFO  storage.RaftStorageDirectory (RaftStorageDirectory.java:analyzeStorage(246)) - The storage directory /workdir/hadoop-ozone/integration-test/target/test-dir/MiniOzoneClusterImpl-1df8c159-28a8-44dd-adf8-68b36ae703f1/datanode-1/data/ratis/86534e4e-307e-44da-b7b4-467d9036bc8e does not exist. Creating ...
2019-09-26 15:57:31,158 [pool-599-thread-1] INFO  storage.RaftStorageDirectory (RaftStorageDirectory.java:tryLock(328)) - Lock on /workdir/hadoop-ozone/integration-test/target/test-dir/MiniOzoneClusterImpl-1df8c159-28a8-44dd-adf8-68b36ae703f1/datanode-1/data/ratis/86534e4e-307e-44da-b7b4-467d9036bc8e/in_use.lock acquired by nodename 7536@pr-hdds-2185-nx5sg-2633547614
2019-09-26 15:57:31,172 [pool-599-thread-1] INFO  storage.RaftStorage (RaftStorage.java:format(72)) - Storage directory /workdir/hadoop-ozone/integration-test/target/test-dir/MiniOzoneClusterImpl-1df8c159-28a8-44dd-adf8-68b36ae703f1/datanode-1/data/ratis/86534e4e-307e-44da-b7b4-467d9036bc8e has been successfully formatted.
2019-09-26 15:57:31,172 [pool-599-thread-1] INFO  ratis.ContainerStateMachine (ContainerStateMachine.java:loadSnapshot(230)) - group-467D9036BC8E: The snapshot info is null. Setting the last applied indexto:(t:0, i:~)
2019-09-26 15:57:31,172 [pool-599-thread-1] INFO  server.RaftServerConfigKeys (ConfUtils.java:logGet(43)) - raft.server.notification.no-leader.timeout = 120s (custom)
2019-09-26 15:57:31,172 [pool-599-thread-1] INFO  server.RaftServerConfigKeys (ConfUtils.java:logGet(43)) - raft.server.log.use.memory = false (default)
2019-09-26 15:57:31,172 [pool-599-thread-1] INFO  server.RaftServerConfigKeys (ConfUtils.java:logGet(43)) - raft.server.log.purge.gap = 1000000 (custom)
2019-09-26 15:57:31,172 [pool-599-thread-1] INFO  server.RaftServerConfigKeys (ConfUtils.java:logGet(43)) - raft.server.log.appender.buffer.byte-limit = 33554432 (custom)
2019-09-26 15:57:31,172 [pool-599-thread-1] INFO  server.RaftServerConfigKeys (ConfUtils.java:logGet(43)) - raft.server.log.segment.size.max = 1048576 (custom)
2019-09-26 15:57:31,173 [pool-599-thread-1] INFO  server.RaftServerConfigKeys (ConfUtils.java:logGet(43)) - raft.server.log.segment.cache.num.max = 2 (custom)
2019-09-26 15:57:31,173 [pool-599-thread-1] INFO  segmented.SegmentedRaftLogWorker (SegmentedRaftLogWorker.java:<init>(172)) - new 735002fd-e857-4e03-a830-88a48acb9de9@group-467D9036BC8E-SegmentedRaftLogWorker for RaftStorage:Storage Directory /workdir/hadoop-ozone/integration-test/target/test-dir/MiniOzoneClusterImpl-1df8c159-28a8-44dd-adf8-68b36ae703f1/datanode-1/data/ratis/86534e4e-307e-44da-b7b4-467d9036bc8e
2019-09-26 15:57:31,174 [pool-599-thread-1] INFO  server.RaftServerConfigKeys (ConfUtils.java:logGet(43)) - raft.server.log.queue.byte-limit = 2147483647 (custom)
2019-09-26 15:57:31,174 [pool-599-thread-1] INFO  server.RaftServerConfigKeys (ConfUtils.java:logGet(43)) - raft.server.log.queue.element-limit = 1024 (custom)
2019-09-26 15:57:31,174 [pool-599-thread-1] INFO  server.RaftServerConfigKeys (ConfUtils.java:logGet(43)) - raft.server.log.segment.size.max = 1048576 (custom)
2019-09-26 15:57:31,174 [pool-599-thread-1] INFO  server.RaftServerConfigKeys (ConfUtils.java:logGet(43)) - raft.server.log.preallocated.size = 16384 (custom)
2019-09-26 15:57:31,174 [pool-599-thread-1] INFO  server.RaftServerConfigKeys (ConfUtils.java:logGet(43)) - raft.server.log.write.buffer.size = 33554432 (custom)
2019-09-26 15:57:31,174 [pool-599-thread-1] INFO  server.RaftServerConfigKeys (ConfUtils.java:logGet(43)) - raft.server.log.force.sync.num = 128 (default)
2019-09-26 15:57:31,174 [pool-599-thread-1] INFO  server.RaftServerConfigKeys (ConfUtils.java:logGet(43)) - raft.server.log.statemachine.data.sync = true (default)
2019-09-26 15:57:31,175 [pool-599-thread-1] INFO  server.RaftServerConfigKeys (ConfUtils.java:logGet(43)) - raft.server.log.statemachine.data.sync.timeout = 10s (default)
2019-09-26 15:57:31,175 [pool-599-thread-1] INFO  server.RaftServerConfigKeys (ConfUtils.java:logGet(43)) - raft.server.log.statemachine.data.sync.timeout.retry = -1 (default)
2019-09-26 15:57:31,175 [pool-599-thread-1] INFO  server.RaftServerConfigKeys (ConfUtils.java:logGet(43)) - raft.server.log.statemachine.data.caching.enabled = true (custom)
2019-09-26 15:57:31,175 [pool-599-thread-1] INFO  segmented.SegmentedRaftLogWorker (SegmentedRaftLogWorker.java:lambda$new$0(132)) - 735002fd-e857-4e03-a830-88a48acb9de9@group-467D9036BC8E-SegmentedRaftLogWorker: flushIndex: setUnconditionally 0 -> -1
2019-09-26 15:57:31,183 [pool-599-thread-1] INFO  server.RaftServerConfigKeys (ConfUtils.java:logGet(43)) - raft.server.snapshot.auto.trigger.enabled = true (custom)
2019-09-26 15:57:31,184 [pool-599-thread-1] INFO  server.RaftServerConfigKeys (ConfUtils.java:logGet(43)) - raft.server.snapshot.auto.trigger.threshold = 10000 (custom)
2019-09-26 15:57:31,184 [pool-599-thread-1] INFO  server.RaftServerConfigKeys (ConfUtils.java:logGet(43)) - raft.server.snapshot.retention.num.files = 5 (custom)
2019-09-26 15:57:31,184 [pool-599-thread-1] INFO  server.RaftServerConfigKeys (ConfUtils.java:logGet(43)) - raft.server.retrycache.expirytime = 600000ms (custom)
2019-09-26 15:57:31,184 [IPC Server handler 3 on 34025] INFO  net.NetworkTopology (NetworkTopologyImpl.java:add(111)) - Added a new node: /default-rack/6899c05a-55c2-4a69-99b1-2cb7e601e4ae
2019-09-26 15:57:31,184 [IPC Server handler 3 on 34025] INFO  node.SCMNodeManager (SCMNodeManager.java:register(266)) - Registered Data node : 6899c05a-55c2-4a69-99b1-2cb7e601e4ae{ip: 192.168.164.210, host: pr-hdds-2185-nx5sg-2633547614, networkLocation: /default-rack, certSerialId: null}
2019-09-26 15:57:31,185 [pool-599-thread-1] INFO  impl.RaftServerImpl (RaftServerImpl.java:start(185)) - 735002fd-e857-4e03-a830-88a48acb9de9@group-467D9036BC8E: start as a follower, conf=-1: [735002fd-e857-4e03-a830-88a48acb9de9:192.168.164.210:42412], old=null
2019-09-26 15:57:31,185 [pool-599-thread-1] INFO  impl.RaftServerImpl (RaftServerImpl.java:setRole(174)) - 735002fd-e857-4e03-a830-88a48acb9de9@group-467D9036BC8E: changes role from      null to FOLLOWER at term 0 for startAsFollower
2019-09-26 15:57:31,185 [pool-599-thread-1] INFO  impl.RoleInfo (RoleInfo.java:updateAndGet(143)) - 735002fd-e857-4e03-a830-88a48acb9de9: start FollowerState
2019-09-26 15:57:31,185 [pool-599-thread-1] INFO  util.JmxRegister (JmxRegister.java:tryRegister(44)) - Successfully registered JMX Bean with object name Ratis:service=RaftServer,group=group-467D9036BC8E,id=735002fd-e857-4e03-a830-88a48acb9de9
2019-09-26 15:57:31,187 [RatisPipelineUtilsThread] INFO  pipeline.PipelineStateManager (PipelineStateManager.java:addPipeline(56)) - Created pipeline Pipeline[ Id: 86534e4e-307e-44da-b7b4-467d9036bc8e, Nodes: 735002fd-e857-4e03-a830-88a48acb9de9{ip: 192.168.164.210, host: pr-hdds-2185-nx5sg-2633547614, networkLocation: /default-rack, certSerialId: null}, Type:RATIS, Factor:ONE, State:OPEN]
2019-09-26 15:57:31,195 [grpc-default-executor-10] INFO  impl.RaftServerProxy (RaftServerProxy.java:addNew(89)) - 6899c05a-55c2-4a69-99b1-2cb7e601e4ae: addNew group-FCB0712DF3A7:[6899c05a-55c2-4a69-99b1-2cb7e601e4ae:192.168.164.210:34850] returns group-FCB0712DF3A7:java.util.concurrent.CompletableFuture@4b712239[Not completed]
2019-09-26 15:57:31,196 [pool-609-thread-1] INFO  impl.RaftServerImpl (RaftServerImpl.java:<init>(95)) - 6899c05a-55c2-4a69-99b1-2cb7e601e4ae: new RaftServerImpl for group-FCB0712DF3A7:[6899c05a-55c2-4a69-99b1-2cb7e601e4ae:192.168.164.210:34850] with ContainerStateMachine:uninitialized
2019-09-26 15:57:31,196 [pool-609-thread-1] INFO  server.RaftServerConfigKeys (ConfUtils.java:logGet(43)) - raft.server.rpc.timeout.min = 5s (custom)
2019-09-26 15:57:31,196 [pool-609-thread-1] INFO  server.RaftServerConfigKeys (ConfUtils.java:logGet(43)) - raft.server.rpc.timeout.max = 5200ms (custom)
2019-09-26 15:57:31,196 [pool-609-thread-1] INFO  server.RaftServerConfigKeys (ConfUtils.java:logGet(43)) - raft.server.rpcslowness.timeout = 120s (custom)
2019-09-26 15:57:31,196 [pool-609-thread-1] INFO  server.RaftServerConfigKeys (ConfUtils.java:logGet(43)) - raft.server.sleep.deviation.threshold = 300 (default)
2019-09-26 15:57:31,196 [pool-609-thread-1] INFO  server.RaftServerConfigKeys (ConfUtils.java:logGet(43)) - raft.server.log.appender.install.snapshot.enabled = false (custom)
2019-09-26 15:57:31,196 [pool-609-thread-1] INFO  impl.RaftServerImpl (ServerState.java:<init>(103)) - 6899c05a-55c2-4a69-99b1-2cb7e601e4ae@group-FCB0712DF3A7: ConfigurationManager, init=-1: [6899c05a-55c2-4a69-99b1-2cb7e601e4ae:192.168.164.210:34850], old=null, confs=<EMPTY_MAP>
2019-09-26 15:57:31,196 [pool-609-thread-1] INFO  server.RaftServerConfigKeys (ConfUtils.java:logGet(43)) - raft.server.storage.dir = [/workdir/hadoop-ozone/integration-test/target/test-dir/MiniOzoneClusterImpl-1df8c159-28a8-44dd-adf8-68b36ae703f1/datanode-2/data/ratis] (custom)
2019-09-26 15:57:31,196 [pool-609-thread-1] INFO  storage.RaftStorageDirectory (RaftStorageDirectory.java:analyzeStorage(246)) - The storage directory /workdir/hadoop-ozone/integration-test/target/test-dir/MiniOzoneClusterImpl-1df8c159-28a8-44dd-adf8-68b36ae703f1/datanode-2/data/ratis/62a949c8-0d84-4d60-88f9-fcb0712df3a7 does not exist. Creating ...
2019-09-26 15:57:31,210 [pool-609-thread-1] INFO  storage.RaftStorageDirectory (RaftStorageDirectory.java:tryLock(328)) - Lock on /workdir/hadoop-ozone/integration-test/target/test-dir/MiniOzoneClusterImpl-1df8c159-28a8-44dd-adf8-68b36ae703f1/datanode-2/data/ratis/62a949c8-0d84-4d60-88f9-fcb0712df3a7/in_use.lock acquired by nodename 7536@pr-hdds-2185-nx5sg-2633547614
2019-09-26 15:57:31,223 [pool-609-thread-1] INFO  storage.RaftStorage (RaftStorage.java:format(72)) - Storage directory /workdir/hadoop-ozone/integration-test/target/test-dir/MiniOzoneClusterImpl-1df8c159-28a8-44dd-adf8-68b36ae703f1/datanode-2/data/ratis/62a949c8-0d84-4d60-88f9-fcb0712df3a7 has been successfully formatted.
2019-09-26 15:57:31,224 [pool-609-thread-1] INFO  ratis.ContainerStateMachine (ContainerStateMachine.java:loadSnapshot(230)) - group-FCB0712DF3A7: The snapshot info is null. Setting the last applied indexto:(t:0, i:~)
2019-09-26 15:57:31,224 [pool-609-thread-1] INFO  server.RaftServerConfigKeys (ConfUtils.java:logGet(43)) - raft.server.notification.no-leader.timeout = 120s (custom)
2019-09-26 15:57:31,224 [pool-609-thread-1] INFO  server.RaftServerConfigKeys (ConfUtils.java:logGet(43)) - raft.server.log.use.memory = false (default)
2019-09-26 15:57:31,224 [pool-609-thread-1] INFO  server.RaftServerConfigKeys (ConfUtils.java:logGet(43)) - raft.server.log.purge.gap = 1000000 (custom)
2019-09-26 15:57:31,224 [pool-609-thread-1] INFO  server.RaftServerConfigKeys (ConfUtils.java:logGet(43)) - raft.server.log.appender.buffer.byte-limit = 33554432 (custom)
2019-09-26 15:57:31,224 [pool-609-thread-1] INFO  server.RaftServerConfigKeys (ConfUtils.java:logGet(43)) - raft.server.log.segment.size.max = 1048576 (custom)
2019-09-26 15:57:31,224 [pool-609-thread-1] INFO  server.RaftServerConfigKeys (ConfUtils.java:logGet(43)) - raft.server.log.segment.cache.num.max = 2 (custom)
2019-09-26 15:57:31,225 [pool-609-thread-1] INFO  segmented.SegmentedRaftLogWorker (SegmentedRaftLogWorker.java:<init>(172)) - new 6899c05a-55c2-4a69-99b1-2cb7e601e4ae@group-FCB0712DF3A7-SegmentedRaftLogWorker for RaftStorage:Storage Directory /workdir/hadoop-ozone/integration-test/target/test-dir/MiniOzoneClusterImpl-1df8c159-28a8-44dd-adf8-68b36ae703f1/datanode-2/data/ratis/62a949c8-0d84-4d60-88f9-fcb0712df3a7
2019-09-26 15:57:31,226 [pool-609-thread-1] INFO  server.RaftServerConfigKeys (ConfUtils.java:logGet(43)) - raft.server.log.queue.byte-limit = 2147483647 (custom)
2019-09-26 15:57:31,226 [pool-609-thread-1] INFO  server.RaftServerConfigKeys (ConfUtils.java:logGet(43)) - raft.server.log.queue.element-limit = 1024 (custom)
2019-09-26 15:57:31,226 [pool-609-thread-1] INFO  server.RaftServerConfigKeys (ConfUtils.java:logGet(43)) - raft.server.log.segment.size.max = 1048576 (custom)
2019-09-26 15:57:31,226 [pool-609-thread-1] INFO  server.RaftServerConfigKeys (ConfUtils.java:logGet(43)) - raft.server.log.preallocated.size = 16384 (custom)
2019-09-26 15:57:31,226 [pool-609-thread-1] INFO  server.RaftServerConfigKeys (ConfUtils.java:logGet(43)) - raft.server.log.write.buffer.size = 33554432 (custom)
2019-09-26 15:57:31,226 [pool-609-thread-1] INFO  server.RaftServerConfigKeys (ConfUtils.java:logGet(43)) - raft.server.log.force.sync.num = 128 (default)
2019-09-26 15:57:31,227 [pool-609-thread-1] INFO  server.RaftServerConfigKeys (ConfUtils.java:logGet(43)) - raft.server.log.statemachine.data.sync = true (default)
2019-09-26 15:57:31,227 [pool-609-thread-1] INFO  server.RaftServerConfigKeys (ConfUtils.java:logGet(43)) - raft.server.log.statemachine.data.sync.timeout = 10s (default)
2019-09-26 15:57:31,227 [pool-609-thread-1] INFO  server.RaftServerConfigKeys (ConfUtils.java:logGet(43)) - raft.server.log.statemachine.data.sync.timeout.retry = -1 (default)
2019-09-26 15:57:31,227 [pool-609-thread-1] INFO  server.RaftServerConfigKeys (ConfUtils.java:logGet(43)) - raft.server.log.statemachine.data.caching.enabled = true (custom)
2019-09-26 15:57:31,227 [pool-609-thread-1] INFO  segmented.SegmentedRaftLogWorker (SegmentedRaftLogWorker.java:lambda$new$0(132)) - 6899c05a-55c2-4a69-99b1-2cb7e601e4ae@group-FCB0712DF3A7-SegmentedRaftLogWorker: flushIndex: setUnconditionally 0 -> -1
2019-09-26 15:57:31,227 [pool-609-thread-1] INFO  server.RaftServerConfigKeys (ConfUtils.java:logGet(43)) - raft.server.snapshot.auto.trigger.enabled = true (custom)
2019-09-26 15:57:31,227 [pool-609-thread-1] INFO  server.RaftServerConfigKeys (ConfUtils.java:logGet(43)) - raft.server.snapshot.auto.trigger.threshold = 10000 (custom)
2019-09-26 15:57:31,228 [pool-609-thread-1] INFO  server.RaftServerConfigKeys (ConfUtils.java:logGet(43)) - raft.server.snapshot.retention.num.files = 5 (custom)
2019-09-26 15:57:31,228 [pool-609-thread-1] INFO  server.RaftServerConfigKeys (ConfUtils.java:logGet(43)) - raft.server.retrycache.expirytime = 600000ms (custom)
2019-09-26 15:57:31,229 [pool-609-thread-1] INFO  impl.RaftServerImpl (RaftServerImpl.java:start(185)) - 6899c05a-55c2-4a69-99b1-2cb7e601e4ae@group-FCB0712DF3A7: start as a follower, conf=-1: [6899c05a-55c2-4a69-99b1-2cb7e601e4ae:192.168.164.210:34850], old=null
2019-09-26 15:57:31,229 [pool-609-thread-1] INFO  impl.RaftServerImpl (RaftServerImpl.java:setRole(174)) - 6899c05a-55c2-4a69-99b1-2cb7e601e4ae@group-FCB0712DF3A7: changes role from      null to FOLLOWER at term 0 for startAsFollower
2019-09-26 15:57:31,229 [pool-609-thread-1] INFO  impl.RoleInfo (RoleInfo.java:updateAndGet(143)) - 6899c05a-55c2-4a69-99b1-2cb7e601e4ae: start FollowerState
2019-09-26 15:57:31,229 [pool-609-thread-1] INFO  util.JmxRegister (JmxRegister.java:tryRegister(44)) - Successfully registered JMX Bean with object name Ratis:service=RaftServer,group=group-FCB0712DF3A7,id=6899c05a-55c2-4a69-99b1-2cb7e601e4ae
2019-09-26 15:57:31,231 [RatisPipelineUtilsThread] INFO  pipeline.PipelineStateManager (PipelineStateManager.java:addPipeline(56)) - Created pipeline Pipeline[ Id: 62a949c8-0d84-4d60-88f9-fcb0712df3a7, Nodes: 6899c05a-55c2-4a69-99b1-2cb7e601e4ae{ip: 192.168.164.210, host: pr-hdds-2185-nx5sg-2633547614, networkLocation: /default-rack, certSerialId: null}, Type:RATIS, Factor:ONE, State:OPEN]
2019-09-26 15:57:31,244 [IPC Server handler 4 on 34025] INFO  net.NetworkTopology (NetworkTopologyImpl.java:add(111)) - Added a new node: /default-rack/3c29fdfe-8ae9-43bb-8275-89fa11997db1
2019-09-26 15:57:31,247 [IPC Server handler 4 on 34025] INFO  node.SCMNodeManager (SCMNodeManager.java:register(266)) - Registered Data node : 3c29fdfe-8ae9-43bb-8275-89fa11997db1{ip: 192.168.164.210, host: pr-hdds-2185-nx5sg-2633547614, networkLocation: /default-rack, certSerialId: null}
2019-09-26 15:57:31,249 [grpc-default-executor-11] INFO  impl.RaftServerProxy (RaftServerProxy.java:addNew(89)) - 735002fd-e857-4e03-a830-88a48acb9de9: addNew group-00541B8CF1A2:[6899c05a-55c2-4a69-99b1-2cb7e601e4ae:192.168.164.210:34850, 87b128cd-da01-4ba7-9b9b-a2a1b5272d7b:192.168.164.210:36462, 735002fd-e857-4e03-a830-88a48acb9de9:192.168.164.210:42412] returns group-00541B8CF1A2:java.util.concurrent.CompletableFuture@311e1f19[Not completed]
2019-09-26 15:57:31,249 [grpc-default-executor-10] INFO  impl.RaftServerProxy (RaftServerProxy.java:addNew(89)) - 6899c05a-55c2-4a69-99b1-2cb7e601e4ae: addNew group-00541B8CF1A2:[6899c05a-55c2-4a69-99b1-2cb7e601e4ae:192.168.164.210:34850, 87b128cd-da01-4ba7-9b9b-a2a1b5272d7b:192.168.164.210:36462, 735002fd-e857-4e03-a830-88a48acb9de9:192.168.164.210:42412] returns group-00541B8CF1A2:java.util.concurrent.CompletableFuture@3c0d6582[Not completed]
2019-09-26 15:57:31,249 [grpc-default-executor-11] INFO  impl.RaftServerProxy (RaftServerProxy.java:addNew(89)) - 87b128cd-da01-4ba7-9b9b-a2a1b5272d7b: addNew group-00541B8CF1A2:[6899c05a-55c2-4a69-99b1-2cb7e601e4ae:192.168.164.210:34850, 87b128cd-da01-4ba7-9b9b-a2a1b5272d7b:192.168.164.210:36462, 735002fd-e857-4e03-a830-88a48acb9de9:192.168.164.210:42412] returns group-00541B8CF1A2:java.util.concurrent.CompletableFuture@3dda03f2[Not completed]
2019-09-26 15:57:31,250 [pool-599-thread-1] INFO  impl.RaftServerImpl (RaftServerImpl.java:<init>(95)) - 735002fd-e857-4e03-a830-88a48acb9de9: new RaftServerImpl for group-00541B8CF1A2:[6899c05a-55c2-4a69-99b1-2cb7e601e4ae:192.168.164.210:34850, 87b128cd-da01-4ba7-9b9b-a2a1b5272d7b:192.168.164.210:36462, 735002fd-e857-4e03-a830-88a48acb9de9:192.168.164.210:42412] with ContainerStateMachine:uninitialized
2019-09-26 15:57:31,250 [pool-599-thread-1] INFO  server.RaftServerConfigKeys (ConfUtils.java:logGet(43)) - raft.server.rpc.timeout.min = 5s (custom)
2019-09-26 15:57:31,250 [pool-599-thread-1] INFO  server.RaftServerConfigKeys (ConfUtils.java:logGet(43)) - raft.server.rpc.timeout.max = 5200ms (custom)
2019-09-26 15:57:31,250 [pool-599-thread-1] INFO  server.RaftServerConfigKeys (ConfUtils.java:logGet(43)) - raft.server.rpcslowness.timeout = 120s (custom)
2019-09-26 15:57:31,250 [pool-599-thread-1] INFO  server.RaftServerConfigKeys (ConfUtils.java:logGet(43)) - raft.server.sleep.deviation.threshold = 300 (default)
2019-09-26 15:57:31,250 [pool-599-thread-1] INFO  server.RaftServerConfigKeys (ConfUtils.java:logGet(43)) - raft.server.log.appender.install.snapshot.enabled = false (custom)
2019-09-26 15:57:31,250 [pool-599-thread-1] INFO  impl.RaftServerImpl (ServerState.java:<init>(103)) - 735002fd-e857-4e03-a830-88a48acb9de9@group-00541B8CF1A2: ConfigurationManager, init=-1: [6899c05a-55c2-4a69-99b1-2cb7e601e4ae:192.168.164.210:34850, 87b128cd-da01-4ba7-9b9b-a2a1b5272d7b:192.168.164.210:36462, 735002fd-e857-4e03-a830-88a48acb9de9:192.168.164.210:42412], old=null, confs=<EMPTY_MAP>
2019-09-26 15:57:31,250 [pool-599-thread-1] INFO  server.RaftServerConfigKeys (ConfUtils.java:logGet(43)) - raft.server.storage.dir = [/workdir/hadoop-ozone/integration-test/target/test-dir/MiniOzoneClusterImpl-1df8c159-28a8-44dd-adf8-68b36ae703f1/datanode-1/data/ratis] (custom)
2019-09-26 15:57:31,251 [pool-599-thread-1] INFO  storage.RaftStorageDirectory (RaftStorageDirectory.java:analyzeStorage(246)) - The storage directory /workdir/hadoop-ozone/integration-test/target/test-dir/MiniOzoneClusterImpl-1df8c159-28a8-44dd-adf8-68b36ae703f1/datanode-1/data/ratis/1a887287-7977-4789-ae6d-00541b8cf1a2 does not exist. Creating ...
2019-09-26 15:57:31,251 [pool-589-thread-1] INFO  impl.RaftServerImpl (RaftServerImpl.java:<init>(95)) - 87b128cd-da01-4ba7-9b9b-a2a1b5272d7b: new RaftServerImpl for group-00541B8CF1A2:[6899c05a-55c2-4a69-99b1-2cb7e601e4ae:192.168.164.210:34850, 87b128cd-da01-4ba7-9b9b-a2a1b5272d7b:192.168.164.210:36462, 735002fd-e857-4e03-a830-88a48acb9de9:192.168.164.210:42412] with ContainerStateMachine:uninitialized
2019-09-26 15:57:31,251 [pool-589-thread-1] INFO  server.RaftServerConfigKeys (ConfUtils.java:logGet(43)) - raft.server.rpc.timeout.min = 5s (custom)
2019-09-26 15:57:31,252 [pool-589-thread-1] INFO  server.RaftServerConfigKeys (ConfUtils.java:logGet(43)) - raft.server.rpc.timeout.max = 5200ms (custom)
2019-09-26 15:57:31,252 [pool-609-thread-1] INFO  impl.RaftServerImpl (RaftServerImpl.java:<init>(95)) - 6899c05a-55c2-4a69-99b1-2cb7e601e4ae: new RaftServerImpl for group-00541B8CF1A2:[6899c05a-55c2-4a69-99b1-2cb7e601e4ae:192.168.164.210:34850, 87b128cd-da01-4ba7-9b9b-a2a1b5272d7b:192.168.164.210:36462, 735002fd-e857-4e03-a830-88a48acb9de9:192.168.164.210:42412] with ContainerStateMachine:uninitialized
2019-09-26 15:57:31,252 [pool-589-thread-1] INFO  server.RaftServerConfigKeys (ConfUtils.java:logGet(43)) - raft.server.rpcslowness.timeout = 120s (custom)
2019-09-26 15:57:31,252 [pool-609-thread-1] INFO  server.RaftServerConfigKeys (ConfUtils.java:logGet(43)) - raft.server.rpc.timeout.min = 5s (custom)
2019-09-26 15:57:31,252 [pool-589-thread-1] INFO  server.RaftServerConfigKeys (ConfUtils.java:logGet(43)) - raft.server.sleep.deviation.threshold = 300 (default)
2019-09-26 15:57:31,252 [pool-609-thread-1] INFO  server.RaftServerConfigKeys (ConfUtils.java:logGet(43)) - raft.server.rpc.timeout.max = 5200ms (custom)
2019-09-26 15:57:31,252 [pool-589-thread-1] INFO  server.RaftServerConfigKeys (ConfUtils.java:logGet(43)) - raft.server.log.appender.install.snapshot.enabled = false (custom)
2019-09-26 15:57:31,252 [pool-609-thread-1] INFO  server.RaftServerConfigKeys (ConfUtils.java:logGet(43)) - raft.server.rpcslowness.timeout = 120s (custom)
2019-09-26 15:57:31,252 [pool-589-thread-1] INFO  impl.RaftServerImpl (ServerState.java:<init>(103)) - 87b128cd-da01-4ba7-9b9b-a2a1b5272d7b@group-00541B8CF1A2: ConfigurationManager, init=-1: [6899c05a-55c2-4a69-99b1-2cb7e601e4ae:192.168.164.210:34850, 87b128cd-da01-4ba7-9b9b-a2a1b5272d7b:192.168.164.210:36462, 735002fd-e857-4e03-a830-88a48acb9de9:192.168.164.210:42412], old=null, confs=<EMPTY_MAP>
2019-09-26 15:57:31,252 [pool-609-thread-1] INFO  server.RaftServerConfigKeys (ConfUtils.java:logGet(43)) - raft.server.sleep.deviation.threshold = 300 (default)
2019-09-26 15:57:31,252 [pool-589-thread-1] INFO  server.RaftServerConfigKeys (ConfUtils.java:logGet(43)) - raft.server.storage.dir = [/workdir/hadoop-ozone/integration-test/target/test-dir/MiniOzoneClusterImpl-1df8c159-28a8-44dd-adf8-68b36ae703f1/datanode-0/data/ratis] (custom)
2019-09-26 15:57:31,253 [pool-609-thread-1] INFO  server.RaftServerConfigKeys (ConfUtils.java:logGet(43)) - raft.server.log.appender.install.snapshot.enabled = false (custom)
2019-09-26 15:57:31,253 [pool-609-thread-1] INFO  impl.RaftServerImpl (ServerState.java:<init>(103)) - 6899c05a-55c2-4a69-99b1-2cb7e601e4ae@group-00541B8CF1A2: ConfigurationManager, init=-1: [6899c05a-55c2-4a69-99b1-2cb7e601e4ae:192.168.164.210:34850, 87b128cd-da01-4ba7-9b9b-a2a1b5272d7b:192.168.164.210:36462, 735002fd-e857-4e03-a830-88a48acb9de9:192.168.164.210:42412], old=null, confs=<EMPTY_MAP>
2019-09-26 15:57:31,253 [pool-609-thread-1] INFO  server.RaftServerConfigKeys (ConfUtils.java:logGet(43)) - raft.server.storage.dir = [/workdir/hadoop-ozone/integration-test/target/test-dir/MiniOzoneClusterImpl-1df8c159-28a8-44dd-adf8-68b36ae703f1/datanode-2/data/ratis] (custom)
2019-09-26 15:57:31,253 [pool-589-thread-1] INFO  storage.RaftStorageDirectory (RaftStorageDirectory.java:analyzeStorage(246)) - The storage directory /workdir/hadoop-ozone/integration-test/target/test-dir/MiniOzoneClusterImpl-1df8c159-28a8-44dd-adf8-68b36ae703f1/datanode-0/data/ratis/1a887287-7977-4789-ae6d-00541b8cf1a2 does not exist. Creating ...
2019-09-26 15:57:31,253 [pool-609-thread-1] INFO  storage.RaftStorageDirectory (RaftStorageDirectory.java:analyzeStorage(246)) - The storage directory /workdir/hadoop-ozone/integration-test/target/test-dir/MiniOzoneClusterImpl-1df8c159-28a8-44dd-adf8-68b36ae703f1/datanode-2/data/ratis/1a887287-7977-4789-ae6d-00541b8cf1a2 does not exist. Creating ...
2019-09-26 15:57:31,258 [pool-609-thread-1] INFO  storage.RaftStorageDirectory (RaftStorageDirectory.java:tryLock(328)) - Lock on /workdir/hadoop-ozone/integration-test/target/test-dir/MiniOzoneClusterImpl-1df8c159-28a8-44dd-adf8-68b36ae703f1/datanode-2/data/ratis/1a887287-7977-4789-ae6d-00541b8cf1a2/in_use.lock acquired by nodename 7536@pr-hdds-2185-nx5sg-2633547614
2019-09-26 15:57:31,258 [pool-599-thread-1] INFO  storage.RaftStorageDirectory (RaftStorageDirectory.java:tryLock(328)) - Lock on /workdir/hadoop-ozone/integration-test/target/test-dir/MiniOzoneClusterImpl-1df8c159-28a8-44dd-adf8-68b36ae703f1/datanode-1/data/ratis/1a887287-7977-4789-ae6d-00541b8cf1a2/in_use.lock acquired by nodename 7536@pr-hdds-2185-nx5sg-2633547614
2019-09-26 15:57:31,258 [pool-589-thread-1] INFO  storage.RaftStorageDirectory (RaftStorageDirectory.java:tryLock(328)) - Lock on /workdir/hadoop-ozone/integration-test/target/test-dir/MiniOzoneClusterImpl-1df8c159-28a8-44dd-adf8-68b36ae703f1/datanode-0/data/ratis/1a887287-7977-4789-ae6d-00541b8cf1a2/in_use.lock acquired by nodename 7536@pr-hdds-2185-nx5sg-2633547614
2019-09-26 15:57:31,272 [pool-589-thread-1] INFO  storage.RaftStorage (RaftStorage.java:format(72)) - Storage directory /workdir/hadoop-ozone/integration-test/target/test-dir/MiniOzoneClusterImpl-1df8c159-28a8-44dd-adf8-68b36ae703f1/datanode-0/data/ratis/1a887287-7977-4789-ae6d-00541b8cf1a2 has been successfully formatted.
2019-09-26 15:57:31,272 [pool-609-thread-1] INFO  storage.RaftStorage (RaftStorage.java:format(72)) - Storage directory /workdir/hadoop-ozone/integration-test/target/test-dir/MiniOzoneClusterImpl-1df8c159-28a8-44dd-adf8-68b36ae703f1/datanode-2/data/ratis/1a887287-7977-4789-ae6d-00541b8cf1a2 has been successfully formatted.
2019-09-26 15:57:31,272 [pool-599-thread-1] INFO  storage.RaftStorage (RaftStorage.java:format(72)) - Storage directory /workdir/hadoop-ozone/integration-test/target/test-dir/MiniOzoneClusterImpl-1df8c159-28a8-44dd-adf8-68b36ae703f1/datanode-1/data/ratis/1a887287-7977-4789-ae6d-00541b8cf1a2 has been successfully formatted.
2019-09-26 15:57:31,273 [pool-609-thread-1] INFO  ratis.ContainerStateMachine (ContainerStateMachine.java:loadSnapshot(230)) - group-00541B8CF1A2: The snapshot info is null. Setting the last applied indexto:(t:0, i:~)
2019-09-26 15:57:31,273 [pool-589-thread-1] INFO  ratis.ContainerStateMachine (ContainerStateMachine.java:loadSnapshot(230)) - group-00541B8CF1A2: The snapshot info is null. Setting the last applied indexto:(t:0, i:~)
2019-09-26 15:57:31,273 [pool-609-thread-1] INFO  server.RaftServerConfigKeys (ConfUtils.java:logGet(43)) - raft.server.notification.no-leader.timeout = 120s (custom)
2019-09-26 15:57:31,273 [pool-599-thread-1] INFO  ratis.ContainerStateMachine (ContainerStateMachine.java:loadSnapshot(230)) - group-00541B8CF1A2: The snapshot info is null. Setting the last applied indexto:(t:0, i:~)
2019-09-26 15:57:31,273 [pool-609-thread-1] INFO  server.RaftServerConfigKeys (ConfUtils.java:logGet(43)) - raft.server.log.use.memory = false (default)
2019-09-26 15:57:31,273 [pool-589-thread-1] INFO  server.RaftServerConfigKeys (ConfUtils.java:logGet(43)) - raft.server.notification.no-leader.timeout = 120s (custom)
2019-09-26 15:57:31,273 [pool-609-thread-1] INFO  server.RaftServerConfigKeys (ConfUtils.java:logGet(43)) - raft.server.log.purge.gap = 1000000 (custom)
2019-09-26 15:57:31,273 [pool-599-thread-1] INFO  server.RaftServerConfigKeys (ConfUtils.java:logGet(43)) - raft.server.notification.no-leader.timeout = 120s (custom)
2019-09-26 15:57:31,273 [pool-609-thread-1] INFO  server.RaftServerConfigKeys (ConfUtils.java:logGet(43)) - raft.server.log.appender.buffer.byte-limit = 33554432 (custom)
2019-09-26 15:57:31,273 [pool-589-thread-1] INFO  server.RaftServerConfigKeys (ConfUtils.java:logGet(43)) - raft.server.log.use.memory = false (default)
2019-09-26 15:57:31,273 [pool-609-thread-1] INFO  server.RaftServerConfigKeys (ConfUtils.java:logGet(43)) - raft.server.log.segment.size.max = 1048576 (custom)
2019-09-26 15:57:31,273 [pool-599-thread-1] INFO  server.RaftServerConfigKeys (ConfUtils.java:logGet(43)) - raft.server.log.use.memory = false (default)
2019-09-26 15:57:31,274 [pool-609-thread-1] INFO  server.RaftServerConfigKeys (ConfUtils.java:logGet(43)) - raft.server.log.segment.cache.num.max = 2 (custom)
2019-09-26 15:57:31,273 [pool-589-thread-1] INFO  server.RaftServerConfigKeys (ConfUtils.java:logGet(43)) - raft.server.log.purge.gap = 1000000 (custom)
2019-09-26 15:57:31,274 [pool-609-thread-1] INFO  segmented.SegmentedRaftLogWorker (SegmentedRaftLogWorker.java:<init>(172)) - new 6899c05a-55c2-4a69-99b1-2cb7e601e4ae@group-00541B8CF1A2-SegmentedRaftLogWorker for RaftStorage:Storage Directory /workdir/hadoop-ozone/integration-test/target/test-dir/MiniOzoneClusterImpl-1df8c159-28a8-44dd-adf8-68b36ae703f1/datanode-2/data/ratis/1a887287-7977-4789-ae6d-00541b8cf1a2
2019-09-26 15:57:31,274 [pool-599-thread-1] INFO  server.RaftServerConfigKeys (ConfUtils.java:logGet(43)) - raft.server.log.purge.gap = 1000000 (custom)
2019-09-26 15:57:31,274 [pool-609-thread-1] INFO  server.RaftServerConfigKeys (ConfUtils.java:logGet(43)) - raft.server.log.queue.byte-limit = 2147483647 (custom)
2019-09-26 15:57:31,274 [pool-589-thread-1] INFO  server.RaftServerConfigKeys (ConfUtils.java:logGet(43)) - raft.server.log.appender.buffer.byte-limit = 33554432 (custom)
2019-09-26 15:57:31,274 [pool-609-thread-1] INFO  server.RaftServerConfigKeys (ConfUtils.java:logGet(43)) - raft.server.log.queue.element-limit = 1024 (custom)
2019-09-26 15:57:31,274 [pool-599-thread-1] INFO  server.RaftServerConfigKeys (ConfUtils.java:logGet(43)) - raft.server.log.appender.buffer.byte-limit = 33554432 (custom)
2019-09-26 15:57:31,274 [pool-609-thread-1] INFO  server.RaftServerConfigKeys (ConfUtils.java:logGet(43)) - raft.server.log.segment.size.max = 1048576 (custom)
2019-09-26 15:57:31,274 [pool-589-thread-1] INFO  server.RaftServerConfigKeys (ConfUtils.java:logGet(43)) - raft.server.log.segment.size.max = 1048576 (custom)
2019-09-26 15:57:31,274 [pool-609-thread-1] INFO  server.RaftServerConfigKeys (ConfUtils.java:logGet(43)) - raft.server.log.preallocated.size = 16384 (custom)
2019-09-26 15:57:31,274 [pool-599-thread-1] INFO  server.RaftServerConfigKeys (ConfUtils.java:logGet(43)) - raft.server.log.segment.size.max = 1048576 (custom)
2019-09-26 15:57:31,275 [pool-609-thread-1] INFO  server.RaftServerConfigKeys (ConfUtils.java:logGet(43)) - raft.server.log.write.buffer.size = 33554432 (custom)
2019-09-26 15:57:31,275 [pool-589-thread-1] INFO  server.RaftServerConfigKeys (ConfUtils.java:logGet(43)) - raft.server.log.segment.cache.num.max = 2 (custom)
2019-09-26 15:57:31,275 [pool-609-thread-1] INFO  server.RaftServerConfigKeys (ConfUtils.java:logGet(43)) - raft.server.log.force.sync.num = 128 (default)
2019-09-26 15:57:31,275 [pool-599-thread-1] INFO  server.RaftServerConfigKeys (ConfUtils.java:logGet(43)) - raft.server.log.segment.cache.num.max = 2 (custom)
2019-09-26 15:57:31,275 [pool-609-thread-1] INFO  server.RaftServerConfigKeys (ConfUtils.java:logGet(43)) - raft.server.log.statemachine.data.sync = true (default)
2019-09-26 15:57:31,275 [pool-589-thread-1] INFO  segmented.SegmentedRaftLogWorker (SegmentedRaftLogWorker.java:<init>(172)) - new 87b128cd-da01-4ba7-9b9b-a2a1b5272d7b@group-00541B8CF1A2-SegmentedRaftLogWorker for RaftStorage:Storage Directory /workdir/hadoop-ozone/integration-test/target/test-dir/MiniOzoneClusterImpl-1df8c159-28a8-44dd-adf8-68b36ae703f1/datanode-0/data/ratis/1a887287-7977-4789-ae6d-00541b8cf1a2
2019-09-26 15:57:31,275 [pool-609-thread-1] INFO  server.RaftServerConfigKeys (ConfUtils.java:logGet(43)) - raft.server.log.statemachine.data.sync.timeout = 10s (default)
2019-09-26 15:57:31,275 [pool-599-thread-1] INFO  segmented.SegmentedRaftLogWorker (SegmentedRaftLogWorker.java:<init>(172)) - new 735002fd-e857-4e03-a830-88a48acb9de9@group-00541B8CF1A2-SegmentedRaftLogWorker for RaftStorage:Storage Directory /workdir/hadoop-ozone/integration-test/target/test-dir/MiniOzoneClusterImpl-1df8c159-28a8-44dd-adf8-68b36ae703f1/datanode-1/data/ratis/1a887287-7977-4789-ae6d-00541b8cf1a2
2019-09-26 15:57:31,275 [pool-609-thread-1] INFO  server.RaftServerConfigKeys (ConfUtils.java:logGet(43)) - raft.server.log.statemachine.data.sync.timeout.retry = -1 (default)
2019-09-26 15:57:31,275 [pool-589-thread-1] INFO  server.RaftServerConfigKeys (ConfUtils.java:logGet(43)) - raft.server.log.queue.byte-limit = 2147483647 (custom)
2019-09-26 15:57:31,276 [pool-609-thread-1] INFO  server.RaftServerConfigKeys (ConfUtils.java:logGet(43)) - raft.server.log.statemachine.data.caching.enabled = true (custom)
2019-09-26 15:57:31,275 [pool-599-thread-1] INFO  server.RaftServerConfigKeys (ConfUtils.java:logGet(43)) - raft.server.log.queue.byte-limit = 2147483647 (custom)
2019-09-26 15:57:31,276 [pool-589-thread-1] INFO  server.RaftServerConfigKeys (ConfUtils.java:logGet(43)) - raft.server.log.queue.element-limit = 1024 (custom)
2019-09-26 15:57:31,276 [pool-609-thread-1] INFO  segmented.SegmentedRaftLogWorker (SegmentedRaftLogWorker.java:lambda$new$0(132)) - 6899c05a-55c2-4a69-99b1-2cb7e601e4ae@group-00541B8CF1A2-SegmentedRaftLogWorker: flushIndex: setUnconditionally 0 -> -1
2019-09-26 15:57:31,276 [pool-599-thread-1] INFO  server.RaftServerConfigKeys (ConfUtils.java:logGet(43)) - raft.server.log.queue.element-limit = 1024 (custom)
2019-09-26 15:57:31,276 [pool-589-thread-1] INFO  server.RaftServerConfigKeys (ConfUtils.java:logGet(43)) - raft.server.log.segment.size.max = 1048576 (custom)
2019-09-26 15:57:31,276 [pool-609-thread-1] INFO  server.RaftServerConfigKeys (ConfUtils.java:logGet(43)) - raft.server.snapshot.auto.trigger.enabled = true (custom)
2019-09-26 15:57:31,276 [pool-599-thread-1] INFO  server.RaftServerConfigKeys (ConfUtils.java:logGet(43)) - raft.server.log.segment.size.max = 1048576 (custom)
2019-09-26 15:57:31,276 [pool-609-thread-1] INFO  server.RaftServerConfigKeys (ConfUtils.java:logGet(43)) - raft.server.snapshot.auto.trigger.threshold = 10000 (custom)
2019-09-26 15:57:31,276 [pool-589-thread-1] INFO  server.RaftServerConfigKeys (ConfUtils.java:logGet(43)) - raft.server.log.preallocated.size = 16384 (custom)
2019-09-26 15:57:31,276 [pool-609-thread-1] INFO  server.RaftServerConfigKeys (ConfUtils.java:logGet(43)) - raft.server.snapshot.retention.num.files = 5 (custom)
2019-09-26 15:57:31,276 [pool-599-thread-1] INFO  server.RaftServerConfigKeys (ConfUtils.java:logGet(43)) - raft.server.log.preallocated.size = 16384 (custom)
2019-09-26 15:57:31,277 [pool-609-thread-1] INFO  server.RaftServerConfigKeys (ConfUtils.java:logGet(43)) - raft.server.retrycache.expirytime = 600000ms (custom)
2019-09-26 15:57:31,277 [pool-589-thread-1] INFO  server.RaftServerConfigKeys (ConfUtils.java:logGet(43)) - raft.server.log.write.buffer.size = 33554432 (custom)
2019-09-26 15:57:31,277 [pool-599-thread-1] INFO  server.RaftServerConfigKeys (ConfUtils.java:logGet(43)) - raft.server.log.write.buffer.size = 33554432 (custom)
2019-09-26 15:57:31,277 [pool-589-thread-1] INFO  server.RaftServerConfigKeys (ConfUtils.java:logGet(43)) - raft.server.log.force.sync.num = 128 (default)
2019-09-26 15:57:31,277 [pool-599-thread-1] INFO  server.RaftServerConfigKeys (ConfUtils.java:logGet(43)) - raft.server.log.force.sync.num = 128 (default)
2019-09-26 15:57:31,277 [pool-589-thread-1] INFO  server.RaftServerConfigKeys (ConfUtils.java:logGet(43)) - raft.server.log.statemachine.data.sync = true (default)
2019-09-26 15:57:31,277 [pool-599-thread-1] INFO  server.RaftServerConfigKeys (ConfUtils.java:logGet(43)) - raft.server.log.statemachine.data.sync = true (default)
2019-09-26 15:57:31,277 [pool-589-thread-1] INFO  server.RaftServerConfigKeys (ConfUtils.java:logGet(43)) - raft.server.log.statemachine.data.sync.timeout = 10s (default)
2019-09-26 15:57:31,277 [pool-599-thread-1] INFO  server.RaftServerConfigKeys (ConfUtils.java:logGet(43)) - raft.server.log.statemachine.data.sync.timeout = 10s (default)
2019-09-26 15:57:31,277 [pool-589-thread-1] INFO  server.RaftServerConfigKeys (ConfUtils.java:logGet(43)) - raft.server.log.statemachine.data.sync.timeout.retry = -1 (default)
2019-09-26 15:57:31,277 [pool-599-thread-1] INFO  server.RaftServerConfigKeys (ConfUtils.java:logGet(43)) - raft.server.log.statemachine.data.sync.timeout.retry = -1 (default)
2019-09-26 15:57:31,278 [pool-589-thread-1] INFO  server.RaftServerConfigKeys (ConfUtils.java:logGet(43)) - raft.server.log.statemachine.data.caching.enabled = true (custom)
2019-09-26 15:57:31,278 [pool-599-thread-1] INFO  server.RaftServerConfigKeys (ConfUtils.java:logGet(43)) - raft.server.log.statemachine.data.caching.enabled = true (custom)
2019-09-26 15:57:31,278 [pool-589-thread-1] INFO  segmented.SegmentedRaftLogWorker (SegmentedRaftLogWorker.java:lambda$new$0(132)) - 87b128cd-da01-4ba7-9b9b-a2a1b5272d7b@group-00541B8CF1A2-SegmentedRaftLogWorker: flushIndex: setUnconditionally 0 -> -1
2019-09-26 15:57:31,278 [pool-599-thread-1] INFO  segmented.SegmentedRaftLogWorker (SegmentedRaftLogWorker.java:lambda$new$0(132)) - 735002fd-e857-4e03-a830-88a48acb9de9@group-00541B8CF1A2-SegmentedRaftLogWorker: flushIndex: setUnconditionally 0 -> -1
2019-09-26 15:57:31,278 [pool-589-thread-1] INFO  server.RaftServerConfigKeys (ConfUtils.java:logGet(43)) - raft.server.snapshot.auto.trigger.enabled = true (custom)
2019-09-26 15:57:31,278 [pool-599-thread-1] INFO  server.RaftServerConfigKeys (ConfUtils.java:logGet(43)) - raft.server.snapshot.auto.trigger.enabled = true (custom)
2019-09-26 15:57:31,278 [pool-589-thread-1] INFO  server.RaftServerConfigKeys (ConfUtils.java:logGet(43)) - raft.server.snapshot.auto.trigger.threshold = 10000 (custom)
2019-09-26 15:57:31,278 [pool-599-thread-1] INFO  server.RaftServerConfigKeys (ConfUtils.java:logGet(43)) - raft.server.snapshot.auto.trigger.threshold = 10000 (custom)
2019-09-26 15:57:31,278 [pool-609-thread-1] INFO  impl.RaftServerImpl (RaftServerImpl.java:start(185)) - 6899c05a-55c2-4a69-99b1-2cb7e601e4ae@group-00541B8CF1A2: start as a follower, conf=-1: [6899c05a-55c2-4a69-99b1-2cb7e601e4ae:192.168.164.210:34850, 87b128cd-da01-4ba7-9b9b-a2a1b5272d7b:192.168.164.210:36462, 735002fd-e857-4e03-a830-88a48acb9de9:192.168.164.210:42412], old=null
2019-09-26 15:57:31,278 [pool-589-thread-1] INFO  server.RaftServerConfigKeys (ConfUtils.java:logGet(43)) - raft.server.snapshot.retention.num.files = 5 (custom)
2019-09-26 15:57:31,279 [pool-609-thread-1] INFO  impl.RaftServerImpl (RaftServerImpl.java:setRole(174)) - 6899c05a-55c2-4a69-99b1-2cb7e601e4ae@group-00541B8CF1A2: changes role from      null to FOLLOWER at term 0 for startAsFollower
2019-09-26 15:57:31,279 [pool-599-thread-1] INFO  server.RaftServerConfigKeys (ConfUtils.java:logGet(43)) - raft.server.snapshot.retention.num.files = 5 (custom)
2019-09-26 15:57:31,279 [pool-609-thread-1] INFO  impl.RoleInfo (RoleInfo.java:updateAndGet(143)) - 6899c05a-55c2-4a69-99b1-2cb7e601e4ae: start FollowerState
2019-09-26 15:57:31,279 [pool-589-thread-1] INFO  server.RaftServerConfigKeys (ConfUtils.java:logGet(43)) - raft.server.retrycache.expirytime = 600000ms (custom)
2019-09-26 15:57:31,279 [pool-599-thread-1] INFO  server.RaftServerConfigKeys (ConfUtils.java:logGet(43)) - raft.server.retrycache.expirytime = 600000ms (custom)
2019-09-26 15:57:31,279 [pool-609-thread-1] INFO  util.JmxRegister (JmxRegister.java:tryRegister(44)) - Successfully registered JMX Bean with object name Ratis:service=RaftServer,group=group-00541B8CF1A2,id=6899c05a-55c2-4a69-99b1-2cb7e601e4ae
2019-09-26 15:57:31,281 [pool-589-thread-1] INFO  impl.RaftServerImpl (RaftServerImpl.java:start(185)) - 87b128cd-da01-4ba7-9b9b-a2a1b5272d7b@group-00541B8CF1A2: start as a follower, conf=-1: [6899c05a-55c2-4a69-99b1-2cb7e601e4ae:192.168.164.210:34850, 87b128cd-da01-4ba7-9b9b-a2a1b5272d7b:192.168.164.210:36462, 735002fd-e857-4e03-a830-88a48acb9de9:192.168.164.210:42412], old=null
2019-09-26 15:57:31,281 [pool-589-thread-1] INFO  impl.RaftServerImpl (RaftServerImpl.java:setRole(174)) - 87b128cd-da01-4ba7-9b9b-a2a1b5272d7b@group-00541B8CF1A2: changes role from      null to FOLLOWER at term 0 for startAsFollower
2019-09-26 15:57:31,281 [pool-589-thread-1] INFO  impl.RoleInfo (RoleInfo.java:updateAndGet(143)) - 87b128cd-da01-4ba7-9b9b-a2a1b5272d7b: start FollowerState
2019-09-26 15:57:31,281 [pool-599-thread-1] INFO  impl.RaftServerImpl (RaftServerImpl.java:start(185)) - 735002fd-e857-4e03-a830-88a48acb9de9@group-00541B8CF1A2: start as a follower, conf=-1: [6899c05a-55c2-4a69-99b1-2cb7e601e4ae:192.168.164.210:34850, 87b128cd-da01-4ba7-9b9b-a2a1b5272d7b:192.168.164.210:36462, 735002fd-e857-4e03-a830-88a48acb9de9:192.168.164.210:42412], old=null
2019-09-26 15:57:31,281 [pool-599-thread-1] INFO  impl.RaftServerImpl (RaftServerImpl.java:setRole(174)) - 735002fd-e857-4e03-a830-88a48acb9de9@group-00541B8CF1A2: changes role from      null to FOLLOWER at term 0 for startAsFollower
2019-09-26 15:57:31,281 [pool-589-thread-1] INFO  util.JmxRegister (JmxRegister.java:tryRegister(44)) - Successfully registered JMX Bean with object name Ratis:service=RaftServer,group=group-00541B8CF1A2,id=87b128cd-da01-4ba7-9b9b-a2a1b5272d7b
2019-09-26 15:57:31,281 [pool-599-thread-1] INFO  impl.RoleInfo (RoleInfo.java:updateAndGet(143)) - 735002fd-e857-4e03-a830-88a48acb9de9: start FollowerState
2019-09-26 15:57:31,281 [pool-599-thread-1] INFO  util.JmxRegister (JmxRegister.java:tryRegister(44)) - Successfully registered JMX Bean with object name Ratis:service=RaftServer,group=group-00541B8CF1A2,id=735002fd-e857-4e03-a830-88a48acb9de9
2019-09-26 15:57:31,283 [RatisPipelineUtilsThread] INFO  pipeline.PipelineStateManager (PipelineStateManager.java:addPipeline(56)) - Created pipeline Pipeline[ Id: 1a887287-7977-4789-ae6d-00541b8cf1a2, Nodes: 6899c05a-55c2-4a69-99b1-2cb7e601e4ae{ip: 192.168.164.210, host: pr-hdds-2185-nx5sg-2633547614, networkLocation: /default-rack, certSerialId: null}87b128cd-da01-4ba7-9b9b-a2a1b5272d7b{ip: 192.168.164.210, host: pr-hdds-2185-nx5sg-2633547614, networkLocation: /default-rack, certSerialId: null}735002fd-e857-4e03-a830-88a48acb9de9{ip: 192.168.164.210, host: pr-hdds-2185-nx5sg-2633547614, networkLocation: /default-rack, certSerialId: null}, Type:RATIS, Factor:THREE, State:OPEN]
2019-09-26 15:57:31,308 [IPC Server handler 5 on 34025] INFO  net.NetworkTopology (NetworkTopologyImpl.java:add(111)) - Added a new node: /default-rack/bea808cd-3eed-4b93-bbe3-f1a90e8e9f57
2019-09-26 15:57:31,308 [IPC Server handler 5 on 34025] INFO  node.SCMNodeManager (SCMNodeManager.java:register(266)) - Registered Data node : bea808cd-3eed-4b93-bbe3-f1a90e8e9f57{ip: 192.168.164.210, host: pr-hdds-2185-nx5sg-2633547614, networkLocation: /default-rack, certSerialId: null}
2019-09-26 15:57:31,314 [grpc-default-executor-11] INFO  impl.RaftServerProxy (RaftServerProxy.java:addNew(89)) - 3c29fdfe-8ae9-43bb-8275-89fa11997db1: addNew group-812A238A1111:[3c29fdfe-8ae9-43bb-8275-89fa11997db1:192.168.164.210:44740] returns group-812A238A1111:java.util.concurrent.CompletableFuture@12376d10[Not completed]
2019-09-26 15:57:31,318 [pool-619-thread-1] INFO  impl.RaftServerImpl (RaftServerImpl.java:<init>(95)) - 3c29fdfe-8ae9-43bb-8275-89fa11997db1: new RaftServerImpl for group-812A238A1111:[3c29fdfe-8ae9-43bb-8275-89fa11997db1:192.168.164.210:44740] with ContainerStateMachine:uninitialized
2019-09-26 15:57:31,318 [pool-619-thread-1] INFO  server.RaftServerConfigKeys (ConfUtils.java:logGet(43)) - raft.server.rpc.timeout.min = 5s (custom)
2019-09-26 15:57:31,318 [pool-619-thread-1] INFO  server.RaftServerConfigKeys (ConfUtils.java:logGet(43)) - raft.server.rpc.timeout.max = 5200ms (custom)
2019-09-26 15:57:31,318 [pool-619-thread-1] INFO  server.RaftServerConfigKeys (ConfUtils.java:logGet(43)) - raft.server.rpcslowness.timeout = 120s (custom)
2019-09-26 15:57:31,318 [pool-619-thread-1] INFO  server.RaftServerConfigKeys (ConfUtils.java:logGet(43)) - raft.server.sleep.deviation.threshold = 300 (default)
2019-09-26 15:57:31,319 [pool-619-thread-1] INFO  server.RaftServerConfigKeys (ConfUtils.java:logGet(43)) - raft.server.log.appender.install.snapshot.enabled = false (custom)
2019-09-26 15:57:31,319 [pool-619-thread-1] INFO  impl.RaftServerImpl (ServerState.java:<init>(103)) - 3c29fdfe-8ae9-43bb-8275-89fa11997db1@group-812A238A1111: ConfigurationManager, init=-1: [3c29fdfe-8ae9-43bb-8275-89fa11997db1:192.168.164.210:44740], old=null, confs=<EMPTY_MAP>
2019-09-26 15:57:31,319 [pool-619-thread-1] INFO  server.RaftServerConfigKeys (ConfUtils.java:logGet(43)) - raft.server.storage.dir = [/workdir/hadoop-ozone/integration-test/target/test-dir/MiniOzoneClusterImpl-1df8c159-28a8-44dd-adf8-68b36ae703f1/datanode-3/data/ratis] (custom)
2019-09-26 15:57:31,319 [pool-619-thread-1] INFO  storage.RaftStorageDirectory (RaftStorageDirectory.java:analyzeStorage(246)) - The storage directory /workdir/hadoop-ozone/integration-test/target/test-dir/MiniOzoneClusterImpl-1df8c159-28a8-44dd-adf8-68b36ae703f1/datanode-3/data/ratis/d570a289-e1f7-4d91-b1d5-812a238a1111 does not exist. Creating ...
2019-09-26 15:57:31,328 [pool-619-thread-1] INFO  storage.RaftStorageDirectory (RaftStorageDirectory.java:tryLock(328)) - Lock on /workdir/hadoop-ozone/integration-test/target/test-dir/MiniOzoneClusterImpl-1df8c159-28a8-44dd-adf8-68b36ae703f1/datanode-3/data/ratis/d570a289-e1f7-4d91-b1d5-812a238a1111/in_use.lock acquired by nodename 7536@pr-hdds-2185-nx5sg-2633547614
2019-09-26 15:57:31,355 [pool-619-thread-1] INFO  storage.RaftStorage (RaftStorage.java:format(72)) - Storage directory /workdir/hadoop-ozone/integration-test/target/test-dir/MiniOzoneClusterImpl-1df8c159-28a8-44dd-adf8-68b36ae703f1/datanode-3/data/ratis/d570a289-e1f7-4d91-b1d5-812a238a1111 has been successfully formatted.
2019-09-26 15:57:31,358 [pool-619-thread-1] INFO  ratis.ContainerStateMachine (ContainerStateMachine.java:loadSnapshot(230)) - group-812A238A1111: The snapshot info is null. Setting the last applied indexto:(t:0, i:~)
2019-09-26 15:57:31,358 [pool-619-thread-1] INFO  server.RaftServerConfigKeys (ConfUtils.java:logGet(43)) - raft.server.notification.no-leader.timeout = 120s (custom)
2019-09-26 15:57:31,359 [pool-619-thread-1] INFO  server.RaftServerConfigKeys (ConfUtils.java:logGet(43)) - raft.server.log.use.memory = false (default)
2019-09-26 15:57:31,359 [pool-619-thread-1] INFO  server.RaftServerConfigKeys (ConfUtils.java:logGet(43)) - raft.server.log.purge.gap = 1000000 (custom)
2019-09-26 15:57:31,359 [pool-619-thread-1] INFO  server.RaftServerConfigKeys (ConfUtils.java:logGet(43)) - raft.server.log.appender.buffer.byte-limit = 33554432 (custom)
2019-09-26 15:57:31,359 [pool-619-thread-1] INFO  server.RaftServerConfigKeys (ConfUtils.java:logGet(43)) - raft.server.log.segment.size.max = 1048576 (custom)
2019-09-26 15:57:31,359 [pool-619-thread-1] INFO  server.RaftServerConfigKeys (ConfUtils.java:logGet(43)) - raft.server.log.segment.cache.num.max = 2 (custom)
2019-09-26 15:57:31,359 [pool-619-thread-1] INFO  segmented.SegmentedRaftLogWorker (SegmentedRaftLogWorker.java:<init>(172)) - new 3c29fdfe-8ae9-43bb-8275-89fa11997db1@group-812A238A1111-SegmentedRaftLogWorker for RaftStorage:Storage Directory /workdir/hadoop-ozone/integration-test/target/test-dir/MiniOzoneClusterImpl-1df8c159-28a8-44dd-adf8-68b36ae703f1/datanode-3/data/ratis/d570a289-e1f7-4d91-b1d5-812a238a1111
2019-09-26 15:57:31,362 [pool-619-thread-1] INFO  server.RaftServerConfigKeys (ConfUtils.java:logGet(43)) - raft.server.log.queue.byte-limit = 2147483647 (custom)
2019-09-26 15:57:31,362 [pool-619-thread-1] INFO  server.RaftServerConfigKeys (ConfUtils.java:logGet(43)) - raft.server.log.queue.element-limit = 1024 (custom)
2019-09-26 15:57:31,362 [pool-619-thread-1] INFO  server.RaftServerConfigKeys (ConfUtils.java:logGet(43)) - raft.server.log.segment.size.max = 1048576 (custom)
2019-09-26 15:57:31,362 [pool-619-thread-1] INFO  server.RaftServerConfigKeys (ConfUtils.java:logGet(43)) - raft.server.log.preallocated.size = 16384 (custom)
2019-09-26 15:57:31,362 [pool-619-thread-1] INFO  server.RaftServerConfigKeys (ConfUtils.java:logGet(43)) - raft.server.log.write.buffer.size = 33554432 (custom)
2019-09-26 15:57:31,362 [pool-619-thread-1] INFO  server.RaftServerConfigKeys (ConfUtils.java:logGet(43)) - raft.server.log.force.sync.num = 128 (default)
2019-09-26 15:57:31,363 [pool-619-thread-1] INFO  server.RaftServerConfigKeys (ConfUtils.java:logGet(43)) - raft.server.log.statemachine.data.sync = true (default)
2019-09-26 15:57:31,363 [pool-619-thread-1] INFO  server.RaftServerConfigKeys (ConfUtils.java:logGet(43)) - raft.server.log.statemachine.data.sync.timeout = 10s (default)
2019-09-26 15:57:31,363 [pool-619-thread-1] INFO  server.RaftServerConfigKeys (ConfUtils.java:logGet(43)) - raft.server.log.statemachine.data.sync.timeout.retry = -1 (default)
2019-09-26 15:57:31,363 [pool-619-thread-1] INFO  server.RaftServerConfigKeys (ConfUtils.java:logGet(43)) - raft.server.log.statemachine.data.caching.enabled = true (custom)
2019-09-26 15:57:31,363 [pool-619-thread-1] INFO  segmented.SegmentedRaftLogWorker (SegmentedRaftLogWorker.java:lambda$new$0(132)) - 3c29fdfe-8ae9-43bb-8275-89fa11997db1@group-812A238A1111-SegmentedRaftLogWorker: flushIndex: setUnconditionally 0 -> -1
2019-09-26 15:57:31,364 [pool-619-thread-1] INFO  server.RaftServerConfigKeys (ConfUtils.java:logGet(43)) - raft.server.snapshot.auto.trigger.enabled = true (custom)
2019-09-26 15:57:31,364 [pool-619-thread-1] INFO  server.RaftServerConfigKeys (ConfUtils.java:logGet(43)) - raft.server.snapshot.auto.trigger.threshold = 10000 (custom)
2019-09-26 15:57:31,364 [pool-619-thread-1] INFO  server.RaftServerConfigKeys (ConfUtils.java:logGet(43)) - raft.server.snapshot.retention.num.files = 5 (custom)
2019-09-26 15:57:31,364 [pool-619-thread-1] INFO  server.RaftServerConfigKeys (ConfUtils.java:logGet(43)) - raft.server.retrycache.expirytime = 600000ms (custom)
2019-09-26 15:57:31,366 [pool-619-thread-1] INFO  impl.RaftServerImpl (RaftServerImpl.java:start(185)) - 3c29fdfe-8ae9-43bb-8275-89fa11997db1@group-812A238A1111: start as a follower, conf=-1: [3c29fdfe-8ae9-43bb-8275-89fa11997db1:192.168.164.210:44740], old=null
2019-09-26 15:57:31,366 [pool-619-thread-1] INFO  impl.RaftServerImpl (RaftServerImpl.java:setRole(174)) - 3c29fdfe-8ae9-43bb-8275-89fa11997db1@group-812A238A1111: changes role from      null to FOLLOWER at term 0 for startAsFollower
2019-09-26 15:57:31,366 [pool-619-thread-1] INFO  impl.RoleInfo (RoleInfo.java:updateAndGet(143)) - 3c29fdfe-8ae9-43bb-8275-89fa11997db1: start FollowerState
2019-09-26 15:57:31,380 [pool-619-thread-1] INFO  util.JmxRegister (JmxRegister.java:tryRegister(44)) - Successfully registered JMX Bean with object name Ratis:service=RaftServer,group=group-812A238A1111,id=3c29fdfe-8ae9-43bb-8275-89fa11997db1
2019-09-26 15:57:31,382 [RatisPipelineUtilsThread] INFO  pipeline.PipelineStateManager (PipelineStateManager.java:addPipeline(56)) - Created pipeline Pipeline[ Id: d570a289-e1f7-4d91-b1d5-812a238a1111, Nodes: 3c29fdfe-8ae9-43bb-8275-89fa11997db1{ip: 192.168.164.210, host: pr-hdds-2185-nx5sg-2633547614, networkLocation: /default-rack, certSerialId: null}, Type:RATIS, Factor:ONE, State:OPEN]
2019-09-26 15:57:31,392 [IPC Server handler 6 on 34025] INFO  net.NetworkTopology (NetworkTopologyImpl.java:add(111)) - Added a new node: /default-rack/81e39e0c-175c-4999-a8b5-57b67040d31c
2019-09-26 15:57:31,392 [IPC Server handler 6 on 34025] INFO  node.SCMNodeManager (SCMNodeManager.java:register(266)) - Registered Data node : 81e39e0c-175c-4999-a8b5-57b67040d31c{ip: 192.168.164.210, host: pr-hdds-2185-nx5sg-2633547614, networkLocation: /default-rack, certSerialId: null}
2019-09-26 15:57:31,400 [grpc-default-executor-11] INFO  impl.RaftServerProxy (RaftServerProxy.java:addNew(89)) - bea808cd-3eed-4b93-bbe3-f1a90e8e9f57: addNew group-D2E11CCD69FE:[bea808cd-3eed-4b93-bbe3-f1a90e8e9f57:192.168.164.210:39791] returns group-D2E11CCD69FE:java.util.concurrent.CompletableFuture@db79996[Not completed]
2019-09-26 15:57:31,401 [pool-629-thread-1] INFO  impl.RaftServerImpl (RaftServerImpl.java:<init>(95)) - bea808cd-3eed-4b93-bbe3-f1a90e8e9f57: new RaftServerImpl for group-D2E11CCD69FE:[bea808cd-3eed-4b93-bbe3-f1a90e8e9f57:192.168.164.210:39791] with ContainerStateMachine:uninitialized
2019-09-26 15:57:31,401 [pool-629-thread-1] INFO  server.RaftServerConfigKeys (ConfUtils.java:logGet(43)) - raft.server.rpc.timeout.min = 5s (custom)
2019-09-26 15:57:31,401 [pool-629-thread-1] INFO  server.RaftServerConfigKeys (ConfUtils.java:logGet(43)) - raft.server.rpc.timeout.max = 5200ms (custom)
2019-09-26 15:57:31,401 [pool-629-thread-1] INFO  server.RaftServerConfigKeys (ConfUtils.java:logGet(43)) - raft.server.rpcslowness.timeout = 120s (custom)
2019-09-26 15:57:31,402 [pool-629-thread-1] INFO  server.RaftServerConfigKeys (ConfUtils.java:logGet(43)) - raft.server.sleep.deviation.threshold = 300 (default)
2019-09-26 15:57:31,402 [pool-629-thread-1] INFO  server.RaftServerConfigKeys (ConfUtils.java:logGet(43)) - raft.server.log.appender.install.snapshot.enabled = false (custom)
2019-09-26 15:57:31,402 [pool-629-thread-1] INFO  impl.RaftServerImpl (ServerState.java:<init>(103)) - bea808cd-3eed-4b93-bbe3-f1a90e8e9f57@group-D2E11CCD69FE: ConfigurationManager, init=-1: [bea808cd-3eed-4b93-bbe3-f1a90e8e9f57:192.168.164.210:39791], old=null, confs=<EMPTY_MAP>
2019-09-26 15:57:31,402 [pool-629-thread-1] INFO  server.RaftServerConfigKeys (ConfUtils.java:logGet(43)) - raft.server.storage.dir = [/workdir/hadoop-ozone/integration-test/target/test-dir/MiniOzoneClusterImpl-1df8c159-28a8-44dd-adf8-68b36ae703f1/datanode-4/data/ratis] (custom)
2019-09-26 15:57:31,402 [pool-629-thread-1] INFO  storage.RaftStorageDirectory (RaftStorageDirectory.java:analyzeStorage(246)) - The storage directory /workdir/hadoop-ozone/integration-test/target/test-dir/MiniOzoneClusterImpl-1df8c159-28a8-44dd-adf8-68b36ae703f1/datanode-4/data/ratis/19dd6618-445e-484e-bc03-d2e11ccd69fe does not exist. Creating ...
2019-09-26 15:57:31,407 [pool-629-thread-1] INFO  storage.RaftStorageDirectory (RaftStorageDirectory.java:tryLock(328)) - Lock on /workdir/hadoop-ozone/integration-test/target/test-dir/MiniOzoneClusterImpl-1df8c159-28a8-44dd-adf8-68b36ae703f1/datanode-4/data/ratis/19dd6618-445e-484e-bc03-d2e11ccd69fe/in_use.lock acquired by nodename 7536@pr-hdds-2185-nx5sg-2633547614
2019-09-26 15:57:31,410 [pool-629-thread-1] INFO  storage.RaftStorage (RaftStorage.java:format(72)) - Storage directory /workdir/hadoop-ozone/integration-test/target/test-dir/MiniOzoneClusterImpl-1df8c159-28a8-44dd-adf8-68b36ae703f1/datanode-4/data/ratis/19dd6618-445e-484e-bc03-d2e11ccd69fe has been successfully formatted.
2019-09-26 15:57:31,410 [pool-629-thread-1] INFO  ratis.ContainerStateMachine (ContainerStateMachine.java:loadSnapshot(230)) - group-D2E11CCD69FE: The snapshot info is null. Setting the last applied indexto:(t:0, i:~)
2019-09-26 15:57:31,410 [pool-629-thread-1] INFO  server.RaftServerConfigKeys (ConfUtils.java:logGet(43)) - raft.server.notification.no-leader.timeout = 120s (custom)
2019-09-26 15:57:31,410 [pool-629-thread-1] INFO  server.RaftServerConfigKeys (ConfUtils.java:logGet(43)) - raft.server.log.use.memory = false (default)
2019-09-26 15:57:31,410 [pool-629-thread-1] INFO  server.RaftServerConfigKeys (ConfUtils.java:logGet(43)) - raft.server.log.purge.gap = 1000000 (custom)
2019-09-26 15:57:31,410 [pool-629-thread-1] INFO  server.RaftServerConfigKeys (ConfUtils.java:logGet(43)) - raft.server.log.appender.buffer.byte-limit = 33554432 (custom)
2019-09-26 15:57:31,410 [pool-629-thread-1] INFO  server.RaftServerConfigKeys (ConfUtils.java:logGet(43)) - raft.server.log.segment.size.max = 1048576 (custom)
2019-09-26 15:57:31,410 [pool-629-thread-1] INFO  server.RaftServerConfigKeys (ConfUtils.java:logGet(43)) - raft.server.log.segment.cache.num.max = 2 (custom)
2019-09-26 15:57:31,410 [pool-629-thread-1] INFO  segmented.SegmentedRaftLogWorker (SegmentedRaftLogWorker.java:<init>(172)) - new bea808cd-3eed-4b93-bbe3-f1a90e8e9f57@group-D2E11CCD69FE-SegmentedRaftLogWorker for RaftStorage:Storage Directory /workdir/hadoop-ozone/integration-test/target/test-dir/MiniOzoneClusterImpl-1df8c159-28a8-44dd-adf8-68b36ae703f1/datanode-4/data/ratis/19dd6618-445e-484e-bc03-d2e11ccd69fe
2019-09-26 15:57:31,411 [pool-629-thread-1] INFO  server.RaftServerConfigKeys (ConfUtils.java:logGet(43)) - raft.server.log.queue.byte-limit = 2147483647 (custom)
2019-09-26 15:57:31,411 [pool-629-thread-1] INFO  server.RaftServerConfigKeys (ConfUtils.java:logGet(43)) - raft.server.log.queue.element-limit = 1024 (custom)
2019-09-26 15:57:31,412 [pool-629-thread-1] INFO  server.RaftServerConfigKeys (ConfUtils.java:logGet(43)) - raft.server.log.segment.size.max = 1048576 (custom)
2019-09-26 15:57:31,412 [pool-629-thread-1] INFO  server.RaftServerConfigKeys (ConfUtils.java:logGet(43)) - raft.server.log.preallocated.size = 16384 (custom)
2019-09-26 15:57:31,412 [pool-629-thread-1] INFO  server.RaftServerConfigKeys (ConfUtils.java:logGet(43)) - raft.server.log.write.buffer.size = 33554432 (custom)
2019-09-26 15:57:31,412 [pool-629-thread-1] INFO  server.RaftServerConfigKeys (ConfUtils.java:logGet(43)) - raft.server.log.force.sync.num = 128 (default)
2019-09-26 15:57:31,412 [pool-629-thread-1] INFO  server.RaftServerConfigKeys (ConfUtils.java:logGet(43)) - raft.server.log.statemachine.data.sync = true (default)
2019-09-26 15:57:31,412 [pool-629-thread-1] INFO  server.RaftServerConfigKeys (ConfUtils.java:logGet(43)) - raft.server.log.statemachine.data.sync.timeout = 10s (default)
2019-09-26 15:57:31,412 [pool-629-thread-1] INFO  server.RaftServerConfigKeys (ConfUtils.java:logGet(43)) - raft.server.log.statemachine.data.sync.timeout.retry = -1 (default)
2019-09-26 15:57:31,412 [pool-629-thread-1] INFO  server.RaftServerConfigKeys (ConfUtils.java:logGet(43)) - raft.server.log.statemachine.data.caching.enabled = true (custom)
2019-09-26 15:57:31,412 [pool-629-thread-1] INFO  segmented.SegmentedRaftLogWorker (SegmentedRaftLogWorker.java:lambda$new$0(132)) - bea808cd-3eed-4b93-bbe3-f1a90e8e9f57@group-D2E11CCD69FE-SegmentedRaftLogWorker: flushIndex: setUnconditionally 0 -> -1
2019-09-26 15:57:31,413 [pool-629-thread-1] INFO  server.RaftServerConfigKeys (ConfUtils.java:logGet(43)) - raft.server.snapshot.auto.trigger.enabled = true (custom)
2019-09-26 15:57:31,413 [pool-629-thread-1] INFO  server.RaftServerConfigKeys (ConfUtils.java:logGet(43)) - raft.server.snapshot.auto.trigger.threshold = 10000 (custom)
2019-09-26 15:57:31,413 [pool-629-thread-1] INFO  server.RaftServerConfigKeys (ConfUtils.java:logGet(43)) - raft.server.snapshot.retention.num.files = 5 (custom)
2019-09-26 15:57:31,413 [pool-629-thread-1] INFO  server.RaftServerConfigKeys (ConfUtils.java:logGet(43)) - raft.server.retrycache.expirytime = 600000ms (custom)
2019-09-26 15:57:31,414 [pool-629-thread-1] INFO  impl.RaftServerImpl (RaftServerImpl.java:start(185)) - bea808cd-3eed-4b93-bbe3-f1a90e8e9f57@group-D2E11CCD69FE: start as a follower, conf=-1: [bea808cd-3eed-4b93-bbe3-f1a90e8e9f57:192.168.164.210:39791], old=null
2019-09-26 15:57:31,414 [pool-629-thread-1] INFO  impl.RaftServerImpl (RaftServerImpl.java:setRole(174)) - bea808cd-3eed-4b93-bbe3-f1a90e8e9f57@group-D2E11CCD69FE: changes role from      null to FOLLOWER at term 0 for startAsFollower
2019-09-26 15:57:31,414 [pool-629-thread-1] INFO  impl.RoleInfo (RoleInfo.java:updateAndGet(143)) - bea808cd-3eed-4b93-bbe3-f1a90e8e9f57: start FollowerState
2019-09-26 15:57:31,414 [pool-629-thread-1] INFO  util.JmxRegister (JmxRegister.java:tryRegister(44)) - Successfully registered JMX Bean with object name Ratis:service=RaftServer,group=group-D2E11CCD69FE,id=bea808cd-3eed-4b93-bbe3-f1a90e8e9f57
2019-09-26 15:57:31,416 [RatisPipelineUtilsThread] INFO  pipeline.PipelineStateManager (PipelineStateManager.java:addPipeline(56)) - Created pipeline Pipeline[ Id: 19dd6618-445e-484e-bc03-d2e11ccd69fe, Nodes: bea808cd-3eed-4b93-bbe3-f1a90e8e9f57{ip: 192.168.164.210, host: pr-hdds-2185-nx5sg-2633547614, networkLocation: /default-rack, certSerialId: null}, Type:RATIS, Factor:ONE, State:OPEN]
2019-09-26 15:57:31,424 [grpc-default-executor-11] INFO  impl.RaftServerProxy (RaftServerProxy.java:addNew(89)) - 81e39e0c-175c-4999-a8b5-57b67040d31c: addNew group-155ED640C219:[81e39e0c-175c-4999-a8b5-57b67040d31c:192.168.164.210:46641] returns group-155ED640C219:java.util.concurrent.CompletableFuture@629a8704[Not completed]
2019-09-26 15:57:31,425 [pool-639-thread-1] INFO  impl.RaftServerImpl (RaftServerImpl.java:<init>(95)) - 81e39e0c-175c-4999-a8b5-57b67040d31c: new RaftServerImpl for group-155ED640C219:[81e39e0c-175c-4999-a8b5-57b67040d31c:192.168.164.210:46641] with ContainerStateMachine:uninitialized
2019-09-26 15:57:31,425 [pool-639-thread-1] INFO  server.RaftServerConfigKeys (ConfUtils.java:logGet(43)) - raft.server.rpc.timeout.min = 5s (custom)
2019-09-26 15:57:31,425 [pool-639-thread-1] INFO  server.RaftServerConfigKeys (ConfUtils.java:logGet(43)) - raft.server.rpc.timeout.max = 5200ms (custom)
2019-09-26 15:57:31,425 [pool-639-thread-1] INFO  server.RaftServerConfigKeys (ConfUtils.java:logGet(43)) - raft.server.rpcslowness.timeout = 120s (custom)
2019-09-26 15:57:31,425 [pool-639-thread-1] INFO  server.RaftServerConfigKeys (ConfUtils.java:logGet(43)) - raft.server.sleep.deviation.threshold = 300 (default)
2019-09-26 15:57:31,425 [pool-639-thread-1] INFO  server.RaftServerConfigKeys (ConfUtils.java:logGet(43)) - raft.server.log.appender.install.snapshot.enabled = false (custom)
2019-09-26 15:57:31,425 [pool-639-thread-1] INFO  impl.RaftServerImpl (ServerState.java:<init>(103)) - 81e39e0c-175c-4999-a8b5-57b67040d31c@group-155ED640C219: ConfigurationManager, init=-1: [81e39e0c-175c-4999-a8b5-57b67040d31c:192.168.164.210:46641], old=null, confs=<EMPTY_MAP>
2019-09-26 15:57:31,425 [pool-639-thread-1] INFO  server.RaftServerConfigKeys (ConfUtils.java:logGet(43)) - raft.server.storage.dir = [/workdir/hadoop-ozone/integration-test/target/test-dir/MiniOzoneClusterImpl-1df8c159-28a8-44dd-adf8-68b36ae703f1/datanode-5/data/ratis] (custom)
2019-09-26 15:57:31,425 [pool-639-thread-1] INFO  storage.RaftStorageDirectory (RaftStorageDirectory.java:analyzeStorage(246)) - The storage directory /workdir/hadoop-ozone/integration-test/target/test-dir/MiniOzoneClusterImpl-1df8c159-28a8-44dd-adf8-68b36ae703f1/datanode-5/data/ratis/1d862ab6-db5c-45cc-a261-155ed640c219 does not exist. Creating ...
2019-09-26 15:57:31,428 [pool-639-thread-1] INFO  storage.RaftStorageDirectory (RaftStorageDirectory.java:tryLock(328)) - Lock on /workdir/hadoop-ozone/integration-test/target/test-dir/MiniOzoneClusterImpl-1df8c159-28a8-44dd-adf8-68b36ae703f1/datanode-5/data/ratis/1d862ab6-db5c-45cc-a261-155ed640c219/in_use.lock acquired by nodename 7536@pr-hdds-2185-nx5sg-2633547614
2019-09-26 15:57:31,430 [IPC Server handler 7 on 34025] INFO  net.NetworkTopology (NetworkTopologyImpl.java:add(111)) - Added a new node: /default-rack/1346a0e7-0f31-418c-877c-49893fac4105
2019-09-26 15:57:31,430 [main] INFO  ozone.MiniOzoneClusterImpl (MiniOzoneClusterImpl.java:lambda$waitForClusterToBeReady$0(147)) - Cluster is ready. Got 7 of 7 DN Heartbeats.
2019-09-26 15:57:31,430 [IPC Server handler 7 on 34025] INFO  node.SCMNodeManager (SCMNodeManager.java:register(266)) - Registered Data node : 1346a0e7-0f31-418c-877c-49893fac4105{ip: 192.168.164.210, host: pr-hdds-2185-nx5sg-2633547614, networkLocation: /default-rack, certSerialId: null}
2019-09-26 15:57:31,432 [pool-639-thread-1] INFO  storage.RaftStorage (RaftStorage.java:format(72)) - Storage directory /workdir/hadoop-ozone/integration-test/target/test-dir/MiniOzoneClusterImpl-1df8c159-28a8-44dd-adf8-68b36ae703f1/datanode-5/data/ratis/1d862ab6-db5c-45cc-a261-155ed640c219 has been successfully formatted.
2019-09-26 15:57:31,432 [pool-639-thread-1] INFO  ratis.ContainerStateMachine (ContainerStateMachine.java:loadSnapshot(230)) - group-155ED640C219: The snapshot info is null. Setting the last applied indexto:(t:0, i:~)
2019-09-26 15:57:31,438 [pool-639-thread-1] INFO  server.RaftServerConfigKeys (ConfUtils.java:logGet(43)) - raft.server.notification.no-leader.timeout = 120s (custom)
2019-09-26 15:57:31,438 [pool-639-thread-1] INFO  server.RaftServerConfigKeys (ConfUtils.java:logGet(43)) - raft.server.log.use.memory = false (default)
2019-09-26 15:57:31,439 [pool-639-thread-1] INFO  server.RaftServerConfigKeys (ConfUtils.java:logGet(43)) - raft.server.log.purge.gap = 1000000 (custom)
2019-09-26 15:57:31,439 [pool-639-thread-1] INFO  server.RaftServerConfigKeys (ConfUtils.java:logGet(43)) - raft.server.log.appender.buffer.byte-limit = 33554432 (custom)
2019-09-26 15:57:31,439 [pool-639-thread-1] INFO  server.RaftServerConfigKeys (ConfUtils.java:logGet(43)) - raft.server.log.segment.size.max = 1048576 (custom)
2019-09-26 15:57:31,439 [pool-639-thread-1] INFO  server.RaftServerConfigKeys (ConfUtils.java:logGet(43)) - raft.server.log.segment.cache.num.max = 2 (custom)
2019-09-26 15:57:31,439 [pool-639-thread-1] INFO  segmented.SegmentedRaftLogWorker (SegmentedRaftLogWorker.java:<init>(172)) - new 81e39e0c-175c-4999-a8b5-57b67040d31c@group-155ED640C219-SegmentedRaftLogWorker for RaftStorage:Storage Directory /workdir/hadoop-ozone/integration-test/target/test-dir/MiniOzoneClusterImpl-1df8c159-28a8-44dd-adf8-68b36ae703f1/datanode-5/data/ratis/1d862ab6-db5c-45cc-a261-155ed640c219
2019-09-26 15:57:31,447 [pool-639-thread-1] INFO  server.RaftServerConfigKeys (ConfUtils.java:logGet(43)) - raft.server.log.queue.byte-limit = 2147483647 (custom)
2019-09-26 15:57:31,460 [pool-639-thread-1] INFO  server.RaftServerConfigKeys (ConfUtils.java:logGet(43)) - raft.server.log.queue.element-limit = 1024 (custom)
2019-09-26 15:57:31,460 [pool-639-thread-1] INFO  server.RaftServerConfigKeys (ConfUtils.java:logGet(43)) - raft.server.log.segment.size.max = 1048576 (custom)
2019-09-26 15:57:31,460 [pool-639-thread-1] INFO  server.RaftServerConfigKeys (ConfUtils.java:logGet(43)) - raft.server.log.preallocated.size = 16384 (custom)
2019-09-26 15:57:31,460 [pool-639-thread-1] INFO  server.RaftServerConfigKeys (ConfUtils.java:logGet(43)) - raft.server.log.write.buffer.size = 33554432 (custom)
2019-09-26 15:57:31,460 [pool-639-thread-1] INFO  server.RaftServerConfigKeys (ConfUtils.java:logGet(43)) - raft.server.log.force.sync.num = 128 (default)
2019-09-26 15:57:31,460 [pool-639-thread-1] INFO  server.RaftServerConfigKeys (ConfUtils.java:logGet(43)) - raft.server.log.statemachine.data.sync = true (default)
2019-09-26 15:57:31,460 [pool-639-thread-1] INFO  server.RaftServerConfigKeys (ConfUtils.java:logGet(43)) - raft.server.log.statemachine.data.sync.timeout = 10s (default)
2019-09-26 15:57:31,460 [pool-639-thread-1] INFO  server.RaftServerConfigKeys (ConfUtils.java:logGet(43)) - raft.server.log.statemachine.data.sync.timeout.retry = -1 (default)
2019-09-26 15:57:31,460 [pool-639-thread-1] INFO  server.RaftServerConfigKeys (ConfUtils.java:logGet(43)) - raft.server.log.statemachine.data.caching.enabled = true (custom)
2019-09-26 15:57:31,461 [pool-639-thread-1] INFO  segmented.SegmentedRaftLogWorker (SegmentedRaftLogWorker.java:lambda$new$0(132)) - 81e39e0c-175c-4999-a8b5-57b67040d31c@group-155ED640C219-SegmentedRaftLogWorker: flushIndex: setUnconditionally 0 -> -1
2019-09-26 15:57:31,461 [pool-639-thread-1] INFO  server.RaftServerConfigKeys (ConfUtils.java:logGet(43)) - raft.server.snapshot.auto.trigger.enabled = true (custom)
2019-09-26 15:57:31,461 [pool-639-thread-1] INFO  server.RaftServerConfigKeys (ConfUtils.java:logGet(43)) - raft.server.snapshot.auto.trigger.threshold = 10000 (custom)
2019-09-26 15:57:31,461 [pool-639-thread-1] INFO  server.RaftServerConfigKeys (ConfUtils.java:logGet(43)) - raft.server.snapshot.retention.num.files = 5 (custom)
2019-09-26 15:57:31,461 [pool-639-thread-1] INFO  server.RaftServerConfigKeys (ConfUtils.java:logGet(43)) - raft.server.retrycache.expirytime = 600000ms (custom)
2019-09-26 15:57:31,462 [pool-639-thread-1] INFO  impl.RaftServerImpl (RaftServerImpl.java:start(185)) - 81e39e0c-175c-4999-a8b5-57b67040d31c@group-155ED640C219: start as a follower, conf=-1: [81e39e0c-175c-4999-a8b5-57b67040d31c:192.168.164.210:46641], old=null
2019-09-26 15:57:31,462 [pool-639-thread-1] INFO  impl.RaftServerImpl (RaftServerImpl.java:setRole(174)) - 81e39e0c-175c-4999-a8b5-57b67040d31c@group-155ED640C219: changes role from      null to FOLLOWER at term 0 for startAsFollower
2019-09-26 15:57:31,465 [pool-639-thread-1] INFO  impl.RoleInfo (RoleInfo.java:updateAndGet(143)) - 81e39e0c-175c-4999-a8b5-57b67040d31c: start FollowerState
2019-09-26 15:57:31,466 [pool-639-thread-1] INFO  util.JmxRegister (JmxRegister.java:tryRegister(44)) - Successfully registered JMX Bean with object name Ratis:service=RaftServer,group=group-155ED640C219,id=81e39e0c-175c-4999-a8b5-57b67040d31c
2019-09-26 15:57:31,466 [main] INFO  rpc.RpcClient (RpcClient.java:createVolume(276)) - Creating Volume: testblockoutputstream, with jenkins1000 as owner.
2019-09-26 15:57:31,467 [RatisPipelineUtilsThread] INFO  pipeline.PipelineStateManager (PipelineStateManager.java:addPipeline(56)) - Created pipeline Pipeline[ Id: 1d862ab6-db5c-45cc-a261-155ed640c219, Nodes: 81e39e0c-175c-4999-a8b5-57b67040d31c{ip: 192.168.164.210, host: pr-hdds-2185-nx5sg-2633547614, networkLocation: /default-rack, certSerialId: null}, Type:RATIS, Factor:ONE, State:OPEN]
2019-09-26 15:57:31,473 [IPC Server handler 2 on 38670] INFO  volume.OMVolumeCreateRequest (OMVolumeCreateRequest.java:validateAndUpdateCache(194)) - created volume:testblockoutputstream for user:jenkins1000
2019-09-26 15:57:31,483 [main] INFO  rpc.RpcClient (RpcClient.java:createBucket(415)) - Creating Bucket: testblockoutputstream/testblockoutputstream, with Versioning false and Storage Type set to DISK and Encryption set to false 
2019-09-26 15:57:31,488 [grpc-default-executor-11] INFO  impl.RaftServerProxy (RaftServerProxy.java:addNew(89)) - 1346a0e7-0f31-418c-877c-49893fac4105: addNew group-1B56E4E5826D:[1346a0e7-0f31-418c-877c-49893fac4105:192.168.164.210:42504] returns group-1B56E4E5826D:java.util.concurrent.CompletableFuture@5399a642[Not completed]
2019-09-26 15:57:31,489 [pool-649-thread-1] INFO  impl.RaftServerImpl (RaftServerImpl.java:<init>(95)) - 1346a0e7-0f31-418c-877c-49893fac4105: new RaftServerImpl for group-1B56E4E5826D:[1346a0e7-0f31-418c-877c-49893fac4105:192.168.164.210:42504] with ContainerStateMachine:uninitialized
2019-09-26 15:57:31,489 [pool-649-thread-1] INFO  server.RaftServerConfigKeys (ConfUtils.java:logGet(43)) - raft.server.rpc.timeout.min = 5s (custom)
2019-09-26 15:57:31,489 [pool-649-thread-1] INFO  server.RaftServerConfigKeys (ConfUtils.java:logGet(43)) - raft.server.rpc.timeout.max = 5200ms (custom)
2019-09-26 15:57:31,489 [pool-649-thread-1] INFO  server.RaftServerConfigKeys (ConfUtils.java:logGet(43)) - raft.server.rpcslowness.timeout = 120s (custom)
2019-09-26 15:57:31,489 [pool-649-thread-1] INFO  server.RaftServerConfigKeys (ConfUtils.java:logGet(43)) - raft.server.sleep.deviation.threshold = 300 (default)
2019-09-26 15:57:31,490 [pool-649-thread-1] INFO  server.RaftServerConfigKeys (ConfUtils.java:logGet(43)) - raft.server.log.appender.install.snapshot.enabled = false (custom)
2019-09-26 15:57:31,490 [pool-649-thread-1] INFO  impl.RaftServerImpl (ServerState.java:<init>(103)) - 1346a0e7-0f31-418c-877c-49893fac4105@group-1B56E4E5826D: ConfigurationManager, init=-1: [1346a0e7-0f31-418c-877c-49893fac4105:192.168.164.210:42504], old=null, confs=<EMPTY_MAP>
2019-09-26 15:57:31,490 [pool-649-thread-1] INFO  server.RaftServerConfigKeys (ConfUtils.java:logGet(43)) - raft.server.storage.dir = [/workdir/hadoop-ozone/integration-test/target/test-dir/MiniOzoneClusterImpl-1df8c159-28a8-44dd-adf8-68b36ae703f1/datanode-6/data/ratis] (custom)
2019-09-26 15:57:31,490 [pool-649-thread-1] INFO  storage.RaftStorageDirectory (RaftStorageDirectory.java:analyzeStorage(246)) - The storage directory /workdir/hadoop-ozone/integration-test/target/test-dir/MiniOzoneClusterImpl-1df8c159-28a8-44dd-adf8-68b36ae703f1/datanode-6/data/ratis/eebf469c-3e0e-4699-baf7-1b56e4e5826d does not exist. Creating ...
2019-09-26 15:57:31,502 [pool-649-thread-1] INFO  storage.RaftStorageDirectory (RaftStorageDirectory.java:tryLock(328)) - Lock on /workdir/hadoop-ozone/integration-test/target/test-dir/MiniOzoneClusterImpl-1df8c159-28a8-44dd-adf8-68b36ae703f1/datanode-6/data/ratis/eebf469c-3e0e-4699-baf7-1b56e4e5826d/in_use.lock acquired by nodename 7536@pr-hdds-2185-nx5sg-2633547614
2019-09-26 15:57:31,507 [pool-649-thread-1] INFO  storage.RaftStorage (RaftStorage.java:format(72)) - Storage directory /workdir/hadoop-ozone/integration-test/target/test-dir/MiniOzoneClusterImpl-1df8c159-28a8-44dd-adf8-68b36ae703f1/datanode-6/data/ratis/eebf469c-3e0e-4699-baf7-1b56e4e5826d has been successfully formatted.
2019-09-26 15:57:31,507 [pool-649-thread-1] INFO  ratis.ContainerStateMachine (ContainerStateMachine.java:loadSnapshot(230)) - group-1B56E4E5826D: The snapshot info is null. Setting the last applied indexto:(t:0, i:~)
2019-09-26 15:57:31,507 [pool-649-thread-1] INFO  server.RaftServerConfigKeys (ConfUtils.java:logGet(43)) - raft.server.notification.no-leader.timeout = 120s (custom)
2019-09-26 15:57:31,507 [pool-649-thread-1] INFO  server.RaftServerConfigKeys (ConfUtils.java:logGet(43)) - raft.server.log.use.memory = false (default)
2019-09-26 15:57:31,507 [pool-649-thread-1] INFO  server.RaftServerConfigKeys (ConfUtils.java:logGet(43)) - raft.server.log.purge.gap = 1000000 (custom)
2019-09-26 15:57:31,507 [pool-649-thread-1] INFO  server.RaftServerConfigKeys (ConfUtils.java:logGet(43)) - raft.server.log.appender.buffer.byte-limit = 33554432 (custom)
2019-09-26 15:57:31,507 [pool-649-thread-1] INFO  server.RaftServerConfigKeys (ConfUtils.java:logGet(43)) - raft.server.log.segment.size.max = 1048576 (custom)
2019-09-26 15:57:31,508 [pool-649-thread-1] INFO  server.RaftServerConfigKeys (ConfUtils.java:logGet(43)) - raft.server.log.segment.cache.num.max = 2 (custom)
2019-09-26 15:57:31,508 [pool-649-thread-1] INFO  segmented.SegmentedRaftLogWorker (SegmentedRaftLogWorker.java:<init>(172)) - new 1346a0e7-0f31-418c-877c-49893fac4105@group-1B56E4E5826D-SegmentedRaftLogWorker for RaftStorage:Storage Directory /workdir/hadoop-ozone/integration-test/target/test-dir/MiniOzoneClusterImpl-1df8c159-28a8-44dd-adf8-68b36ae703f1/datanode-6/data/ratis/eebf469c-3e0e-4699-baf7-1b56e4e5826d
2019-09-26 15:57:31,509 [pool-649-thread-1] INFO  server.RaftServerConfigKeys (ConfUtils.java:logGet(43)) - raft.server.log.queue.byte-limit = 2147483647 (custom)
2019-09-26 15:57:31,509 [pool-649-thread-1] INFO  server.RaftServerConfigKeys (ConfUtils.java:logGet(43)) - raft.server.log.queue.element-limit = 1024 (custom)
2019-09-26 15:57:31,509 [pool-649-thread-1] INFO  server.RaftServerConfigKeys (ConfUtils.java:logGet(43)) - raft.server.log.segment.size.max = 1048576 (custom)
2019-09-26 15:57:31,509 [pool-649-thread-1] INFO  server.RaftServerConfigKeys (ConfUtils.java:logGet(43)) - raft.server.log.preallocated.size = 16384 (custom)
2019-09-26 15:57:31,509 [pool-649-thread-1] INFO  server.RaftServerConfigKeys (ConfUtils.java:logGet(43)) - raft.server.log.write.buffer.size = 33554432 (custom)
2019-09-26 15:57:31,509 [pool-649-thread-1] INFO  server.RaftServerConfigKeys (ConfUtils.java:logGet(43)) - raft.server.log.force.sync.num = 128 (default)
2019-09-26 15:57:31,509 [pool-649-thread-1] INFO  server.RaftServerConfigKeys (ConfUtils.java:logGet(43)) - raft.server.log.statemachine.data.sync = true (default)
2019-09-26 15:57:31,509 [pool-649-thread-1] INFO  server.RaftServerConfigKeys (ConfUtils.java:logGet(43)) - raft.server.log.statemachine.data.sync.timeout = 10s (default)
2019-09-26 15:57:31,509 [pool-649-thread-1] INFO  server.RaftServerConfigKeys (ConfUtils.java:logGet(43)) - raft.server.log.statemachine.data.sync.timeout.retry = -1 (default)
2019-09-26 15:57:31,510 [pool-649-thread-1] INFO  server.RaftServerConfigKeys (ConfUtils.java:logGet(43)) - raft.server.log.statemachine.data.caching.enabled = true (custom)
2019-09-26 15:57:31,510 [pool-649-thread-1] INFO  segmented.SegmentedRaftLogWorker (SegmentedRaftLogWorker.java:lambda$new$0(132)) - 1346a0e7-0f31-418c-877c-49893fac4105@group-1B56E4E5826D-SegmentedRaftLogWorker: flushIndex: setUnconditionally 0 -> -1
2019-09-26 15:57:31,510 [pool-649-thread-1] INFO  server.RaftServerConfigKeys (ConfUtils.java:logGet(43)) - raft.server.snapshot.auto.trigger.enabled = true (custom)
2019-09-26 15:57:31,510 [pool-649-thread-1] INFO  server.RaftServerConfigKeys (ConfUtils.java:logGet(43)) - raft.server.snapshot.auto.trigger.threshold = 10000 (custom)
2019-09-26 15:57:31,510 [pool-649-thread-1] INFO  server.RaftServerConfigKeys (ConfUtils.java:logGet(43)) - raft.server.snapshot.retention.num.files = 5 (custom)
2019-09-26 15:57:31,510 [pool-649-thread-1] INFO  server.RaftServerConfigKeys (ConfUtils.java:logGet(43)) - raft.server.retrycache.expirytime = 600000ms (custom)
2019-09-26 15:57:31,511 [pool-649-thread-1] INFO  impl.RaftServerImpl (RaftServerImpl.java:start(185)) - 1346a0e7-0f31-418c-877c-49893fac4105@group-1B56E4E5826D: start as a follower, conf=-1: [1346a0e7-0f31-418c-877c-49893fac4105:192.168.164.210:42504], old=null
2019-09-26 15:57:31,511 [pool-649-thread-1] INFO  impl.RaftServerImpl (RaftServerImpl.java:setRole(174)) - 1346a0e7-0f31-418c-877c-49893fac4105@group-1B56E4E5826D: changes role from      null to FOLLOWER at term 0 for startAsFollower
2019-09-26 15:57:31,511 [pool-649-thread-1] INFO  impl.RoleInfo (RoleInfo.java:updateAndGet(143)) - 1346a0e7-0f31-418c-877c-49893fac4105: start FollowerState
2019-09-26 15:57:31,512 [pool-649-thread-1] INFO  util.JmxRegister (JmxRegister.java:tryRegister(44)) - Successfully registered JMX Bean with object name Ratis:service=RaftServer,group=group-1B56E4E5826D,id=1346a0e7-0f31-418c-877c-49893fac4105
2019-09-26 15:57:31,513 [RatisPipelineUtilsThread] INFO  pipeline.PipelineStateManager (PipelineStateManager.java:addPipeline(56)) - Created pipeline Pipeline[ Id: eebf469c-3e0e-4699-baf7-1b56e4e5826d, Nodes: 1346a0e7-0f31-418c-877c-49893fac4105{ip: 192.168.164.210, host: pr-hdds-2185-nx5sg-2633547614, networkLocation: /default-rack, certSerialId: null}, Type:RATIS, Factor:ONE, State:OPEN]
2019-09-26 15:57:31,529 [grpc-default-executor-11] INFO  impl.RaftServerProxy (RaftServerProxy.java:addNew(89)) - 81e39e0c-175c-4999-a8b5-57b67040d31c: addNew group-A4974D930B56:[1346a0e7-0f31-418c-877c-49893fac4105:192.168.164.210:42504, 81e39e0c-175c-4999-a8b5-57b67040d31c:192.168.164.210:46641, 3c29fdfe-8ae9-43bb-8275-89fa11997db1:192.168.164.210:44740] returns group-A4974D930B56:java.util.concurrent.CompletableFuture@30473352[Not completed]
2019-09-26 15:57:31,529 [grpc-default-executor-9] INFO  impl.RaftServerProxy (RaftServerProxy.java:addNew(89)) - 1346a0e7-0f31-418c-877c-49893fac4105: addNew group-A4974D930B56:[1346a0e7-0f31-418c-877c-49893fac4105:192.168.164.210:42504, 81e39e0c-175c-4999-a8b5-57b67040d31c:192.168.164.210:46641, 3c29fdfe-8ae9-43bb-8275-89fa11997db1:192.168.164.210:44740] returns group-A4974D930B56:java.util.concurrent.CompletableFuture@f584c47[Not completed]
2019-09-26 15:57:31,529 [grpc-default-executor-10] INFO  impl.RaftServerProxy (RaftServerProxy.java:addNew(89)) - 3c29fdfe-8ae9-43bb-8275-89fa11997db1: addNew group-A4974D930B56:[1346a0e7-0f31-418c-877c-49893fac4105:192.168.164.210:42504, 81e39e0c-175c-4999-a8b5-57b67040d31c:192.168.164.210:46641, 3c29fdfe-8ae9-43bb-8275-89fa11997db1:192.168.164.210:44740] returns group-A4974D930B56:java.util.concurrent.CompletableFuture@357ef6b7[Not completed]
2019-09-26 15:57:31,531 [pool-649-thread-1] INFO  impl.RaftServerImpl (RaftServerImpl.java:<init>(95)) - 1346a0e7-0f31-418c-877c-49893fac4105: new RaftServerImpl for group-A4974D930B56:[1346a0e7-0f31-418c-877c-49893fac4105:192.168.164.210:42504, 81e39e0c-175c-4999-a8b5-57b67040d31c:192.168.164.210:46641, 3c29fdfe-8ae9-43bb-8275-89fa11997db1:192.168.164.210:44740] with ContainerStateMachine:uninitialized
2019-09-26 15:57:31,531 [pool-649-thread-1] INFO  server.RaftServerConfigKeys (ConfUtils.java:logGet(43)) - raft.server.rpc.timeout.min = 5s (custom)
2019-09-26 15:57:31,531 [pool-649-thread-1] INFO  server.RaftServerConfigKeys (ConfUtils.java:logGet(43)) - raft.server.rpc.timeout.max = 5200ms (custom)
2019-09-26 15:57:31,531 [pool-649-thread-1] INFO  server.RaftServerConfigKeys (ConfUtils.java:logGet(43)) - raft.server.rpcslowness.timeout = 120s (custom)
2019-09-26 15:57:31,531 [pool-649-thread-1] INFO  server.RaftServerConfigKeys (ConfUtils.java:logGet(43)) - raft.server.sleep.deviation.threshold = 300 (default)
2019-09-26 15:57:31,531 [pool-649-thread-1] INFO  server.RaftServerConfigKeys (ConfUtils.java:logGet(43)) - raft.server.log.appender.install.snapshot.enabled = false (custom)
2019-09-26 15:57:31,531 [pool-639-thread-1] INFO  impl.RaftServerImpl (RaftServerImpl.java:<init>(95)) - 81e39e0c-175c-4999-a8b5-57b67040d31c: new RaftServerImpl for group-A4974D930B56:[1346a0e7-0f31-418c-877c-49893fac4105:192.168.164.210:42504, 81e39e0c-175c-4999-a8b5-57b67040d31c:192.168.164.210:46641, 3c29fdfe-8ae9-43bb-8275-89fa11997db1:192.168.164.210:44740] with ContainerStateMachine:uninitialized
2019-09-26 15:57:31,531 [pool-649-thread-1] INFO  impl.RaftServerImpl (ServerState.java:<init>(103)) - 1346a0e7-0f31-418c-877c-49893fac4105@group-A4974D930B56: ConfigurationManager, init=-1: [1346a0e7-0f31-418c-877c-49893fac4105:192.168.164.210:42504, 81e39e0c-175c-4999-a8b5-57b67040d31c:192.168.164.210:46641, 3c29fdfe-8ae9-43bb-8275-89fa11997db1:192.168.164.210:44740], old=null, confs=<EMPTY_MAP>
2019-09-26 15:57:31,531 [pool-639-thread-1] INFO  server.RaftServerConfigKeys (ConfUtils.java:logGet(43)) - raft.server.rpc.timeout.min = 5s (custom)
2019-09-26 15:57:31,531 [pool-649-thread-1] INFO  server.RaftServerConfigKeys (ConfUtils.java:logGet(43)) - raft.server.storage.dir = [/workdir/hadoop-ozone/integration-test/target/test-dir/MiniOzoneClusterImpl-1df8c159-28a8-44dd-adf8-68b36ae703f1/datanode-6/data/ratis] (custom)
2019-09-26 15:57:31,531 [pool-639-thread-1] INFO  server.RaftServerConfigKeys (ConfUtils.java:logGet(43)) - raft.server.rpc.timeout.max = 5200ms (custom)
2019-09-26 15:57:31,532 [pool-619-thread-1] INFO  impl.RaftServerImpl (RaftServerImpl.java:<init>(95)) - 3c29fdfe-8ae9-43bb-8275-89fa11997db1: new RaftServerImpl for group-A4974D930B56:[1346a0e7-0f31-418c-877c-49893fac4105:192.168.164.210:42504, 81e39e0c-175c-4999-a8b5-57b67040d31c:192.168.164.210:46641, 3c29fdfe-8ae9-43bb-8275-89fa11997db1:192.168.164.210:44740] with ContainerStateMachine:uninitialized
2019-09-26 15:57:31,532 [pool-649-thread-1] INFO  storage.RaftStorageDirectory (RaftStorageDirectory.java:analyzeStorage(246)) - The storage directory /workdir/hadoop-ozone/integration-test/target/test-dir/MiniOzoneClusterImpl-1df8c159-28a8-44dd-adf8-68b36ae703f1/datanode-6/data/ratis/7361a078-e507-432e-800a-a4974d930b56 does not exist. Creating ...
2019-09-26 15:57:31,532 [pool-639-thread-1] INFO  server.RaftServerConfigKeys (ConfUtils.java:logGet(43)) - raft.server.rpcslowness.timeout = 120s (custom)
2019-09-26 15:57:31,532 [pool-619-thread-1] INFO  server.RaftServerConfigKeys (ConfUtils.java:logGet(43)) - raft.server.rpc.timeout.min = 5s (custom)
2019-09-26 15:57:31,532 [pool-639-thread-1] INFO  server.RaftServerConfigKeys (ConfUtils.java:logGet(43)) - raft.server.sleep.deviation.threshold = 300 (default)
2019-09-26 15:57:31,532 [pool-619-thread-1] INFO  server.RaftServerConfigKeys (ConfUtils.java:logGet(43)) - raft.server.rpc.timeout.max = 5200ms (custom)
2019-09-26 15:57:31,532 [pool-619-thread-1] INFO  server.RaftServerConfigKeys (ConfUtils.java:logGet(43)) - raft.server.rpcslowness.timeout = 120s (custom)
2019-09-26 15:57:31,532 [pool-619-thread-1] INFO  server.RaftServerConfigKeys (ConfUtils.java:logGet(43)) - raft.server.sleep.deviation.threshold = 300 (default)
2019-09-26 15:57:31,532 [pool-619-thread-1] INFO  server.RaftServerConfigKeys (ConfUtils.java:logGet(43)) - raft.server.log.appender.install.snapshot.enabled = false (custom)
2019-09-26 15:57:31,533 [pool-619-thread-1] INFO  impl.RaftServerImpl (ServerState.java:<init>(103)) - 3c29fdfe-8ae9-43bb-8275-89fa11997db1@group-A4974D930B56: ConfigurationManager, init=-1: [1346a0e7-0f31-418c-877c-49893fac4105:192.168.164.210:42504, 81e39e0c-175c-4999-a8b5-57b67040d31c:192.168.164.210:46641, 3c29fdfe-8ae9-43bb-8275-89fa11997db1:192.168.164.210:44740], old=null, confs=<EMPTY_MAP>
2019-09-26 15:57:31,533 [pool-619-thread-1] INFO  server.RaftServerConfigKeys (ConfUtils.java:logGet(43)) - raft.server.storage.dir = [/workdir/hadoop-ozone/integration-test/target/test-dir/MiniOzoneClusterImpl-1df8c159-28a8-44dd-adf8-68b36ae703f1/datanode-3/data/ratis] (custom)
2019-09-26 15:57:31,533 [pool-619-thread-1] INFO  storage.RaftStorageDirectory (RaftStorageDirectory.java:analyzeStorage(246)) - The storage directory /workdir/hadoop-ozone/integration-test/target/test-dir/MiniOzoneClusterImpl-1df8c159-28a8-44dd-adf8-68b36ae703f1/datanode-3/data/ratis/7361a078-e507-432e-800a-a4974d930b56 does not exist. Creating ...
2019-09-26 15:57:31,532 [pool-639-thread-1] INFO  server.RaftServerConfigKeys (ConfUtils.java:logGet(43)) - raft.server.log.appender.install.snapshot.enabled = false (custom)
2019-09-26 15:57:31,533 [pool-639-thread-1] INFO  impl.RaftServerImpl (ServerState.java:<init>(103)) - 81e39e0c-175c-4999-a8b5-57b67040d31c@group-A4974D930B56: ConfigurationManager, init=-1: [1346a0e7-0f31-418c-877c-49893fac4105:192.168.164.210:42504, 81e39e0c-175c-4999-a8b5-57b67040d31c:192.168.164.210:46641, 3c29fdfe-8ae9-43bb-8275-89fa11997db1:192.168.164.210:44740], old=null, confs=<EMPTY_MAP>
2019-09-26 15:57:31,534 [pool-639-thread-1] INFO  server.RaftServerConfigKeys (ConfUtils.java:logGet(43)) - raft.server.storage.dir = [/workdir/hadoop-ozone/integration-test/target/test-dir/MiniOzoneClusterImpl-1df8c159-28a8-44dd-adf8-68b36ae703f1/datanode-5/data/ratis] (custom)
2019-09-26 15:57:31,535 [pool-639-thread-1] INFO  storage.RaftStorageDirectory (RaftStorageDirectory.java:analyzeStorage(246)) - The storage directory /workdir/hadoop-ozone/integration-test/target/test-dir/MiniOzoneClusterImpl-1df8c159-28a8-44dd-adf8-68b36ae703f1/datanode-5/data/ratis/7361a078-e507-432e-800a-a4974d930b56 does not exist. Creating ...
2019-09-26 15:57:31,536 [pool-619-thread-1] INFO  storage.RaftStorageDirectory (RaftStorageDirectory.java:tryLock(328)) - Lock on /workdir/hadoop-ozone/integration-test/target/test-dir/MiniOzoneClusterImpl-1df8c159-28a8-44dd-adf8-68b36ae703f1/datanode-3/data/ratis/7361a078-e507-432e-800a-a4974d930b56/in_use.lock acquired by nodename 7536@pr-hdds-2185-nx5sg-2633547614
2019-09-26 15:57:31,536 [pool-649-thread-1] INFO  storage.RaftStorageDirectory (RaftStorageDirectory.java:tryLock(328)) - Lock on /workdir/hadoop-ozone/integration-test/target/test-dir/MiniOzoneClusterImpl-1df8c159-28a8-44dd-adf8-68b36ae703f1/datanode-6/data/ratis/7361a078-e507-432e-800a-a4974d930b56/in_use.lock acquired by nodename 7536@pr-hdds-2185-nx5sg-2633547614
2019-09-26 15:57:31,538 [pool-639-thread-1] INFO  storage.RaftStorageDirectory (RaftStorageDirectory.java:tryLock(328)) - Lock on /workdir/hadoop-ozone/integration-test/target/test-dir/MiniOzoneClusterImpl-1df8c159-28a8-44dd-adf8-68b36ae703f1/datanode-5/data/ratis/7361a078-e507-432e-800a-a4974d930b56/in_use.lock acquired by nodename 7536@pr-hdds-2185-nx5sg-2633547614
2019-09-26 15:57:31,538 [pool-649-thread-1] INFO  storage.RaftStorage (RaftStorage.java:format(72)) - Storage directory /workdir/hadoop-ozone/integration-test/target/test-dir/MiniOzoneClusterImpl-1df8c159-28a8-44dd-adf8-68b36ae703f1/datanode-6/data/ratis/7361a078-e507-432e-800a-a4974d930b56 has been successfully formatted.
2019-09-26 15:57:31,539 [pool-649-thread-1] INFO  ratis.ContainerStateMachine (ContainerStateMachine.java:loadSnapshot(230)) - group-A4974D930B56: The snapshot info is null. Setting the last applied indexto:(t:0, i:~)
2019-09-26 15:57:31,539 [pool-649-thread-1] INFO  server.RaftServerConfigKeys (ConfUtils.java:logGet(43)) - raft.server.notification.no-leader.timeout = 120s (custom)
2019-09-26 15:57:31,539 [pool-649-thread-1] INFO  server.RaftServerConfigKeys (ConfUtils.java:logGet(43)) - raft.server.log.use.memory = false (default)
2019-09-26 15:57:31,539 [pool-649-thread-1] INFO  server.RaftServerConfigKeys (ConfUtils.java:logGet(43)) - raft.server.log.purge.gap = 1000000 (custom)
2019-09-26 15:57:31,539 [pool-619-thread-1] INFO  storage.RaftStorage (RaftStorage.java:format(72)) - Storage directory /workdir/hadoop-ozone/integration-test/target/test-dir/MiniOzoneClusterImpl-1df8c159-28a8-44dd-adf8-68b36ae703f1/datanode-3/data/ratis/7361a078-e507-432e-800a-a4974d930b56 has been successfully formatted.
2019-09-26 15:57:31,539 [pool-649-thread-1] INFO  server.RaftServerConfigKeys (ConfUtils.java:logGet(43)) - raft.server.log.appender.buffer.byte-limit = 33554432 (custom)
2019-09-26 15:57:31,539 [pool-619-thread-1] INFO  ratis.ContainerStateMachine (ContainerStateMachine.java:loadSnapshot(230)) - group-A4974D930B56: The snapshot info is null. Setting the last applied indexto:(t:0, i:~)
2019-09-26 15:57:31,539 [pool-649-thread-1] INFO  server.RaftServerConfigKeys (ConfUtils.java:logGet(43)) - raft.server.log.segment.size.max = 1048576 (custom)
2019-09-26 15:57:31,539 [pool-619-thread-1] INFO  server.RaftServerConfigKeys (ConfUtils.java:logGet(43)) - raft.server.notification.no-leader.timeout = 120s (custom)
2019-09-26 15:57:31,540 [pool-619-thread-1] INFO  server.RaftServerConfigKeys (ConfUtils.java:logGet(43)) - raft.server.log.use.memory = false (default)
2019-09-26 15:57:31,540 [pool-649-thread-1] INFO  server.RaftServerConfigKeys (ConfUtils.java:logGet(43)) - raft.server.log.segment.cache.num.max = 2 (custom)
2019-09-26 15:57:31,540 [pool-619-thread-1] INFO  server.RaftServerConfigKeys (ConfUtils.java:logGet(43)) - raft.server.log.purge.gap = 1000000 (custom)
2019-09-26 15:57:31,540 [pool-649-thread-1] INFO  segmented.SegmentedRaftLogWorker (SegmentedRaftLogWorker.java:<init>(172)) - new 1346a0e7-0f31-418c-877c-49893fac4105@group-A4974D930B56-SegmentedRaftLogWorker for RaftStorage:Storage Directory /workdir/hadoop-ozone/integration-test/target/test-dir/MiniOzoneClusterImpl-1df8c159-28a8-44dd-adf8-68b36ae703f1/datanode-6/data/ratis/7361a078-e507-432e-800a-a4974d930b56
2019-09-26 15:57:31,540 [pool-619-thread-1] INFO  server.RaftServerConfigKeys (ConfUtils.java:logGet(43)) - raft.server.log.appender.buffer.byte-limit = 33554432 (custom)
2019-09-26 15:57:31,540 [pool-649-thread-1] INFO  server.RaftServerConfigKeys (ConfUtils.java:logGet(43)) - raft.server.log.queue.byte-limit = 2147483647 (custom)
2019-09-26 15:57:31,540 [pool-619-thread-1] INFO  server.RaftServerConfigKeys (ConfUtils.java:logGet(43)) - raft.server.log.segment.size.max = 1048576 (custom)
2019-09-26 15:57:31,540 [pool-619-thread-1] INFO  server.RaftServerConfigKeys (ConfUtils.java:logGet(43)) - raft.server.log.segment.cache.num.max = 2 (custom)
2019-09-26 15:57:31,541 [pool-619-thread-1] INFO  segmented.SegmentedRaftLogWorker (SegmentedRaftLogWorker.java:<init>(172)) - new 3c29fdfe-8ae9-43bb-8275-89fa11997db1@group-A4974D930B56-SegmentedRaftLogWorker for RaftStorage:Storage Directory /workdir/hadoop-ozone/integration-test/target/test-dir/MiniOzoneClusterImpl-1df8c159-28a8-44dd-adf8-68b36ae703f1/datanode-3/data/ratis/7361a078-e507-432e-800a-a4974d930b56
2019-09-26 15:57:31,540 [pool-649-thread-1] INFO  server.RaftServerConfigKeys (ConfUtils.java:logGet(43)) - raft.server.log.queue.element-limit = 1024 (custom)
2019-09-26 15:57:31,541 [pool-619-thread-1] INFO  server.RaftServerConfigKeys (ConfUtils.java:logGet(43)) - raft.server.log.queue.byte-limit = 2147483647 (custom)
2019-09-26 15:57:31,541 [pool-619-thread-1] INFO  server.RaftServerConfigKeys (ConfUtils.java:logGet(43)) - raft.server.log.queue.element-limit = 1024 (custom)
2019-09-26 15:57:31,541 [pool-619-thread-1] INFO  server.RaftServerConfigKeys (ConfUtils.java:logGet(43)) - raft.server.log.segment.size.max = 1048576 (custom)
2019-09-26 15:57:31,541 [pool-649-thread-1] INFO  server.RaftServerConfigKeys (ConfUtils.java:logGet(43)) - raft.server.log.segment.size.max = 1048576 (custom)
2019-09-26 15:57:31,541 [pool-619-thread-1] INFO  server.RaftServerConfigKeys (ConfUtils.java:logGet(43)) - raft.server.log.preallocated.size = 16384 (custom)
2019-09-26 15:57:31,541 [pool-619-thread-1] INFO  server.RaftServerConfigKeys (ConfUtils.java:logGet(43)) - raft.server.log.write.buffer.size = 33554432 (custom)
2019-09-26 15:57:31,542 [pool-619-thread-1] INFO  server.RaftServerConfigKeys (ConfUtils.java:logGet(43)) - raft.server.log.force.sync.num = 128 (default)
2019-09-26 15:57:31,542 [pool-619-thread-1] INFO  server.RaftServerConfigKeys (ConfUtils.java:logGet(43)) - raft.server.log.statemachine.data.sync = true (default)
2019-09-26 15:57:31,542 [pool-619-thread-1] INFO  server.RaftServerConfigKeys (ConfUtils.java:logGet(43)) - raft.server.log.statemachine.data.sync.timeout = 10s (default)
2019-09-26 15:57:31,542 [pool-619-thread-1] INFO  server.RaftServerConfigKeys (ConfUtils.java:logGet(43)) - raft.server.log.statemachine.data.sync.timeout.retry = -1 (default)
2019-09-26 15:57:31,541 [pool-639-thread-1] INFO  storage.RaftStorage (RaftStorage.java:format(72)) - Storage directory /workdir/hadoop-ozone/integration-test/target/test-dir/MiniOzoneClusterImpl-1df8c159-28a8-44dd-adf8-68b36ae703f1/datanode-5/data/ratis/7361a078-e507-432e-800a-a4974d930b56 has been successfully formatted.
2019-09-26 15:57:31,542 [pool-619-thread-1] INFO  server.RaftServerConfigKeys (ConfUtils.java:logGet(43)) - raft.server.log.statemachine.data.caching.enabled = true (custom)
2019-09-26 15:57:31,541 [pool-649-thread-1] INFO  server.RaftServerConfigKeys (ConfUtils.java:logGet(43)) - raft.server.log.preallocated.size = 16384 (custom)
2019-09-26 15:57:31,542 [pool-649-thread-1] INFO  server.RaftServerConfigKeys (ConfUtils.java:logGet(43)) - raft.server.log.write.buffer.size = 33554432 (custom)
2019-09-26 15:57:31,542 [pool-639-thread-1] INFO  ratis.ContainerStateMachine (ContainerStateMachine.java:loadSnapshot(230)) - group-A4974D930B56: The snapshot info is null. Setting the last applied indexto:(t:0, i:~)
2019-09-26 15:57:31,542 [pool-619-thread-1] INFO  segmented.SegmentedRaftLogWorker (SegmentedRaftLogWorker.java:lambda$new$0(132)) - 3c29fdfe-8ae9-43bb-8275-89fa11997db1@group-A4974D930B56-SegmentedRaftLogWorker: flushIndex: setUnconditionally 0 -> -1
2019-09-26 15:57:31,543 [pool-649-thread-1] INFO  server.RaftServerConfigKeys (ConfUtils.java:logGet(43)) - raft.server.log.force.sync.num = 128 (default)
2019-09-26 15:57:31,543 [pool-649-thread-1] INFO  server.RaftServerConfigKeys (ConfUtils.java:logGet(43)) - raft.server.log.statemachine.data.sync = true (default)
2019-09-26 15:57:31,543 [pool-639-thread-1] INFO  server.RaftServerConfigKeys (ConfUtils.java:logGet(43)) - raft.server.notification.no-leader.timeout = 120s (custom)
2019-09-26 15:57:31,543 [pool-619-thread-1] INFO  server.RaftServerConfigKeys (ConfUtils.java:logGet(43)) - raft.server.snapshot.auto.trigger.enabled = true (custom)
2019-09-26 15:57:31,543 [pool-649-thread-1] INFO  server.RaftServerConfigKeys (ConfUtils.java:logGet(43)) - raft.server.log.statemachine.data.sync.timeout = 10s (default)
2019-09-26 15:57:31,543 [pool-639-thread-1] INFO  server.RaftServerConfigKeys (ConfUtils.java:logGet(43)) - raft.server.log.use.memory = false (default)
2019-09-26 15:57:31,543 [pool-619-thread-1] INFO  server.RaftServerConfigKeys (ConfUtils.java:logGet(43)) - raft.server.snapshot.auto.trigger.threshold = 10000 (custom)
2019-09-26 15:57:31,544 [pool-619-thread-1] INFO  server.RaftServerConfigKeys (ConfUtils.java:logGet(43)) - raft.server.snapshot.retention.num.files = 5 (custom)
2019-09-26 15:57:31,544 [pool-619-thread-1] INFO  server.RaftServerConfigKeys (ConfUtils.java:logGet(43)) - raft.server.retrycache.expirytime = 600000ms (custom)
2019-09-26 15:57:31,544 [pool-649-thread-1] INFO  server.RaftServerConfigKeys (ConfUtils.java:logGet(43)) - raft.server.log.statemachine.data.sync.timeout.retry = -1 (default)
2019-09-26 15:57:31,545 [pool-649-thread-1] INFO  server.RaftServerConfigKeys (ConfUtils.java:logGet(43)) - raft.server.log.statemachine.data.caching.enabled = true (custom)
2019-09-26 15:57:31,545 [pool-649-thread-1] INFO  segmented.SegmentedRaftLogWorker (SegmentedRaftLogWorker.java:lambda$new$0(132)) - 1346a0e7-0f31-418c-877c-49893fac4105@group-A4974D930B56-SegmentedRaftLogWorker: flushIndex: setUnconditionally 0 -> -1
2019-09-26 15:57:31,545 [pool-649-thread-1] INFO  server.RaftServerConfigKeys (ConfUtils.java:logGet(43)) - raft.server.snapshot.auto.trigger.enabled = true (custom)
2019-09-26 15:57:31,545 [pool-649-thread-1] INFO  server.RaftServerConfigKeys (ConfUtils.java:logGet(43)) - raft.server.snapshot.auto.trigger.threshold = 10000 (custom)
2019-09-26 15:57:31,546 [pool-649-thread-1] INFO  server.RaftServerConfigKeys (ConfUtils.java:logGet(43)) - raft.server.snapshot.retention.num.files = 5 (custom)
2019-09-26 15:57:31,544 [pool-639-thread-1] INFO  server.RaftServerConfigKeys (ConfUtils.java:logGet(43)) - raft.server.log.purge.gap = 1000000 (custom)
2019-09-26 15:57:31,546 [pool-649-thread-1] INFO  server.RaftServerConfigKeys (ConfUtils.java:logGet(43)) - raft.server.retrycache.expirytime = 600000ms (custom)
2019-09-26 15:57:31,546 [pool-619-thread-1] INFO  impl.RaftServerImpl (RaftServerImpl.java:start(185)) - 3c29fdfe-8ae9-43bb-8275-89fa11997db1@group-A4974D930B56: start as a follower, conf=-1: [1346a0e7-0f31-418c-877c-49893fac4105:192.168.164.210:42504, 81e39e0c-175c-4999-a8b5-57b67040d31c:192.168.164.210:46641, 3c29fdfe-8ae9-43bb-8275-89fa11997db1:192.168.164.210:44740], old=null
2019-09-26 15:57:31,546 [pool-619-thread-1] INFO  impl.RaftServerImpl (RaftServerImpl.java:setRole(174)) - 3c29fdfe-8ae9-43bb-8275-89fa11997db1@group-A4974D930B56: changes role from      null to FOLLOWER at term 0 for startAsFollower
2019-09-26 15:57:31,546 [pool-639-thread-1] INFO  server.RaftServerConfigKeys (ConfUtils.java:logGet(43)) - raft.server.log.appender.buffer.byte-limit = 33554432 (custom)
2019-09-26 15:57:31,546 [pool-619-thread-1] INFO  impl.RoleInfo (RoleInfo.java:updateAndGet(143)) - 3c29fdfe-8ae9-43bb-8275-89fa11997db1: start FollowerState
2019-09-26 15:57:31,547 [pool-639-thread-1] INFO  server.RaftServerConfigKeys (ConfUtils.java:logGet(43)) - raft.server.log.segment.size.max = 1048576 (custom)
2019-09-26 15:57:31,547 [pool-639-thread-1] INFO  server.RaftServerConfigKeys (ConfUtils.java:logGet(43)) - raft.server.log.segment.cache.num.max = 2 (custom)
2019-09-26 15:57:31,547 [pool-619-thread-1] INFO  util.JmxRegister (JmxRegister.java:tryRegister(44)) - Successfully registered JMX Bean with object name Ratis:service=RaftServer,group=group-A4974D930B56,id=3c29fdfe-8ae9-43bb-8275-89fa11997db1
2019-09-26 15:57:31,547 [pool-639-thread-1] INFO  segmented.SegmentedRaftLogWorker (SegmentedRaftLogWorker.java:<init>(172)) - new 81e39e0c-175c-4999-a8b5-57b67040d31c@group-A4974D930B56-SegmentedRaftLogWorker for RaftStorage:Storage Directory /workdir/hadoop-ozone/integration-test/target/test-dir/MiniOzoneClusterImpl-1df8c159-28a8-44dd-adf8-68b36ae703f1/datanode-5/data/ratis/7361a078-e507-432e-800a-a4974d930b56
2019-09-26 15:57:31,547 [pool-639-thread-1] INFO  server.RaftServerConfigKeys (ConfUtils.java:logGet(43)) - raft.server.log.queue.byte-limit = 2147483647 (custom)
2019-09-26 15:57:31,548 [pool-639-thread-1] INFO  server.RaftServerConfigKeys (ConfUtils.java:logGet(43)) - raft.server.log.queue.element-limit = 1024 (custom)
2019-09-26 15:57:31,548 [pool-639-thread-1] INFO  server.RaftServerConfigKeys (ConfUtils.java:logGet(43)) - raft.server.log.segment.size.max = 1048576 (custom)
2019-09-26 15:57:31,548 [pool-639-thread-1] INFO  server.RaftServerConfigKeys (ConfUtils.java:logGet(43)) - raft.server.log.preallocated.size = 16384 (custom)
2019-09-26 15:57:31,548 [pool-639-thread-1] INFO  server.RaftServerConfigKeys (ConfUtils.java:logGet(43)) - raft.server.log.write.buffer.size = 33554432 (custom)
2019-09-26 15:57:31,548 [pool-639-thread-1] INFO  server.RaftServerConfigKeys (ConfUtils.java:logGet(43)) - raft.server.log.force.sync.num = 128 (default)
2019-09-26 15:57:31,548 [pool-639-thread-1] INFO  server.RaftServerConfigKeys (ConfUtils.java:logGet(43)) - raft.server.log.statemachine.data.sync = true (default)
2019-09-26 15:57:31,549 [pool-639-thread-1] INFO  server.RaftServerConfigKeys (ConfUtils.java:logGet(43)) - raft.server.log.statemachine.data.sync.timeout = 10s (default)
2019-09-26 15:57:31,549 [pool-639-thread-1] INFO  server.RaftServerConfigKeys (ConfUtils.java:logGet(43)) - raft.server.log.statemachine.data.sync.timeout.retry = -1 (default)
2019-09-26 15:57:31,549 [pool-649-thread-1] INFO  impl.RaftServerImpl (RaftServerImpl.java:start(185)) - 1346a0e7-0f31-418c-877c-49893fac4105@group-A4974D930B56: start as a follower, conf=-1: [1346a0e7-0f31-418c-877c-49893fac4105:192.168.164.210:42504, 81e39e0c-175c-4999-a8b5-57b67040d31c:192.168.164.210:46641, 3c29fdfe-8ae9-43bb-8275-89fa11997db1:192.168.164.210:44740], old=null
2019-09-26 15:57:31,549 [pool-649-thread-1] INFO  impl.RaftServerImpl (RaftServerImpl.java:setRole(174)) - 1346a0e7-0f31-418c-877c-49893fac4105@group-A4974D930B56: changes role from      null to FOLLOWER at term 0 for startAsFollower
2019-09-26 15:57:31,549 [pool-649-thread-1] INFO  impl.RoleInfo (RoleInfo.java:updateAndGet(143)) - 1346a0e7-0f31-418c-877c-49893fac4105: start FollowerState
2019-09-26 15:57:31,549 [pool-639-thread-1] INFO  server.RaftServerConfigKeys (ConfUtils.java:logGet(43)) - raft.server.log.statemachine.data.caching.enabled = true (custom)
2019-09-26 15:57:31,550 [pool-639-thread-1] INFO  segmented.SegmentedRaftLogWorker (SegmentedRaftLogWorker.java:lambda$new$0(132)) - 81e39e0c-175c-4999-a8b5-57b67040d31c@group-A4974D930B56-SegmentedRaftLogWorker: flushIndex: setUnconditionally 0 -> -1
2019-09-26 15:57:31,550 [pool-649-thread-1] INFO  util.JmxRegister (JmxRegister.java:tryRegister(44)) - Successfully registered JMX Bean with object name Ratis:service=RaftServer,group=group-A4974D930B56,id=1346a0e7-0f31-418c-877c-49893fac4105
2019-09-26 15:57:31,550 [pool-639-thread-1] INFO  server.RaftServerConfigKeys (ConfUtils.java:logGet(43)) - raft.server.snapshot.auto.trigger.enabled = true (custom)
2019-09-26 15:57:31,551 [pool-639-thread-1] INFO  server.RaftServerConfigKeys (ConfUtils.java:logGet(43)) - raft.server.snapshot.auto.trigger.threshold = 10000 (custom)
2019-09-26 15:57:31,551 [pool-639-thread-1] INFO  server.RaftServerConfigKeys (ConfUtils.java:logGet(43)) - raft.server.snapshot.retention.num.files = 5 (custom)
2019-09-26 15:57:31,551 [pool-639-thread-1] INFO  server.RaftServerConfigKeys (ConfUtils.java:logGet(43)) - raft.server.retrycache.expirytime = 600000ms (custom)
2019-09-26 15:57:31,556 [pool-639-thread-1] INFO  impl.RaftServerImpl (RaftServerImpl.java:start(185)) - 81e39e0c-175c-4999-a8b5-57b67040d31c@group-A4974D930B56: start as a follower, conf=-1: [1346a0e7-0f31-418c-877c-49893fac4105:192.168.164.210:42504, 81e39e0c-175c-4999-a8b5-57b67040d31c:192.168.164.210:46641, 3c29fdfe-8ae9-43bb-8275-89fa11997db1:192.168.164.210:44740], old=null
2019-09-26 15:57:31,557 [pool-639-thread-1] INFO  impl.RaftServerImpl (RaftServerImpl.java:setRole(174)) - 81e39e0c-175c-4999-a8b5-57b67040d31c@group-A4974D930B56: changes role from      null to FOLLOWER at term 0 for startAsFollower
2019-09-26 15:57:31,557 [pool-639-thread-1] INFO  impl.RoleInfo (RoleInfo.java:updateAndGet(143)) - 81e39e0c-175c-4999-a8b5-57b67040d31c: start FollowerState
2019-09-26 15:57:31,557 [pool-639-thread-1] INFO  util.JmxRegister (JmxRegister.java:tryRegister(44)) - Successfully registered JMX Bean with object name Ratis:service=RaftServer,group=group-A4974D930B56,id=81e39e0c-175c-4999-a8b5-57b67040d31c
2019-09-26 15:57:31,559 [RatisPipelineUtilsThread] INFO  pipeline.PipelineStateManager (PipelineStateManager.java:addPipeline(56)) - Created pipeline Pipeline[ Id: 7361a078-e507-432e-800a-a4974d930b56, Nodes: 1346a0e7-0f31-418c-877c-49893fac4105{ip: 192.168.164.210, host: pr-hdds-2185-nx5sg-2633547614, networkLocation: /default-rack, certSerialId: null}3c29fdfe-8ae9-43bb-8275-89fa11997db1{ip: 192.168.164.210, host: pr-hdds-2185-nx5sg-2633547614, networkLocation: /default-rack, certSerialId: null}81e39e0c-175c-4999-a8b5-57b67040d31c{ip: 192.168.164.210, host: pr-hdds-2185-nx5sg-2633547614, networkLocation: /default-rack, certSerialId: null}, Type:RATIS, Factor:THREE, State:OPEN]
2019-09-26 15:57:31,589 [grpc-default-executor-10] WARN  client.GrpcClientProtocolService (LogUtils.java:warn(134)) - 0-OrderedRequestStreamObserver0: onError: org.apache.ratis.thirdparty.io.grpc.StatusRuntimeException: CANCELLED: cancelled before receiving half close
2019-09-26 15:57:34,073 [Thread-3813] INFO  container.ReplicationManager (ReplicationManager.java:start(162)) - Starting Replication Monitor Thread.
2019-09-26 15:57:34,086 [ReplicationMonitor] INFO  container.ReplicationManager (ReplicationManager.java:run(225)) - Replication Monitor Thread took 0 milliseconds for processing 1 containers.
2019-09-26 15:57:36,201 [Thread-3815] INFO  impl.FollowerState (FollowerState.java:run(106)) - 87b128cd-da01-4ba7-9b9b-a2a1b5272d7b:group-1EBCAFBB5A19 changes to CANDIDATE, lastRpcTime:5084, electionTimeout:5084ms
2019-09-26 15:57:36,201 [Thread-3815] INFO  impl.RoleInfo (RoleInfo.java:shutdownFollowerState(121)) - 87b128cd-da01-4ba7-9b9b-a2a1b5272d7b: shutdown FollowerState
2019-09-26 15:57:36,201 [Thread-3815] INFO  impl.RaftServerImpl (RaftServerImpl.java:setRole(174)) - 87b128cd-da01-4ba7-9b9b-a2a1b5272d7b@group-1EBCAFBB5A19: changes role from  FOLLOWER to CANDIDATE at term 0 for changeToCandidate
2019-09-26 15:57:36,201 [Thread-3815] INFO  impl.RoleInfo (RoleInfo.java:updateAndGet(143)) - 87b128cd-da01-4ba7-9b9b-a2a1b5272d7b: start LeaderElection
2019-09-26 15:57:36,221 [87b128cd-da01-4ba7-9b9b-a2a1b5272d7b@group-1EBCAFBB5A19:LeaderElection78] INFO  impl.LeaderElection (LeaderElection.java:askForVotes(182)) - 87b128cd-da01-4ba7-9b9b-a2a1b5272d7b@group-1EBCAFBB5A19:LeaderElection78: begin an election at term 1 for -1: [87b128cd-da01-4ba7-9b9b-a2a1b5272d7b:192.168.164.210:36462], old=null
2019-09-26 15:57:36,221 [87b128cd-da01-4ba7-9b9b-a2a1b5272d7b@group-1EBCAFBB5A19:LeaderElection78] INFO  impl.RoleInfo (RoleInfo.java:shutdownLeaderElection(134)) - 87b128cd-da01-4ba7-9b9b-a2a1b5272d7b: shutdown LeaderElection
2019-09-26 15:57:36,221 [87b128cd-da01-4ba7-9b9b-a2a1b5272d7b@group-1EBCAFBB5A19:LeaderElection78] INFO  impl.RaftServerImpl (RaftServerImpl.java:setRole(174)) - 87b128cd-da01-4ba7-9b9b-a2a1b5272d7b@group-1EBCAFBB5A19: changes role from CANDIDATE to LEADER at term 1 for changeToLeader
2019-09-26 15:57:36,221 [87b128cd-da01-4ba7-9b9b-a2a1b5272d7b@group-1EBCAFBB5A19:LeaderElection78] INFO  impl.RaftServerImpl (ServerState.java:setLeader(253)) - 87b128cd-da01-4ba7-9b9b-a2a1b5272d7b@group-1EBCAFBB5A19: change Leader from null to 87b128cd-da01-4ba7-9b9b-a2a1b5272d7b at term 1 for becomeLeader, leader elected after 5111ms
2019-09-26 15:57:36,221 [87b128cd-da01-4ba7-9b9b-a2a1b5272d7b@group-1EBCAFBB5A19:LeaderElection78] INFO  server.RaftServerConfigKeys (ConfUtils.java:logGet(43)) - raft.server.staging.catchup.gap = 1000 (default)
2019-09-26 15:57:36,221 [87b128cd-da01-4ba7-9b9b-a2a1b5272d7b@group-1EBCAFBB5A19:LeaderElection78] INFO  server.RaftServerConfigKeys (ConfUtils.java:logGet(43)) - raft.server.rpc.sleep.time = 25ms (default)
2019-09-26 15:57:36,221 [87b128cd-da01-4ba7-9b9b-a2a1b5272d7b@group-1EBCAFBB5A19:LeaderElection78] INFO  server.RaftServerConfigKeys (ConfUtils.java:logGet(43)) - raft.server.write.element-limit = 4096 (default)
2019-09-26 15:57:36,222 [87b128cd-da01-4ba7-9b9b-a2a1b5272d7b@group-1EBCAFBB5A19:LeaderElection78] INFO  server.RaftServerConfigKeys (ConfUtils.java:logGet(43)) - raft.server.watch.timeout = 10s (default)
2019-09-26 15:57:36,222 [87b128cd-da01-4ba7-9b9b-a2a1b5272d7b@group-1EBCAFBB5A19:LeaderElection78] INFO  server.RaftServerConfigKeys (ConfUtils.java:logGet(43)) - raft.server.watch.timeout.denomination = 1s (default)
2019-09-26 15:57:36,222 [87b128cd-da01-4ba7-9b9b-a2a1b5272d7b@group-1EBCAFBB5A19:LeaderElection78] INFO  server.RaftServerConfigKeys (ConfUtils.java:logGet(43)) - raft.server.watch.element-limit = 65536 (default)
2019-09-26 15:57:36,223 [87b128cd-da01-4ba7-9b9b-a2a1b5272d7b@group-1EBCAFBB5A19:LeaderElection78] INFO  impl.RoleInfo (RoleInfo.java:updateAndGet(143)) - 87b128cd-da01-4ba7-9b9b-a2a1b5272d7b: start LeaderState
2019-09-26 15:57:36,223 [87b128cd-da01-4ba7-9b9b-a2a1b5272d7b@group-1EBCAFBB5A19:LeaderElection78] INFO  segmented.SegmentedRaftLogWorker (SegmentedRaftLogWorker.java:startLogSegment(380)) - 87b128cd-da01-4ba7-9b9b-a2a1b5272d7b@group-1EBCAFBB5A19-SegmentedRaftLogWorker: Starting segment from index:0
2019-09-26 15:57:36,224 [87b128cd-da01-4ba7-9b9b-a2a1b5272d7b@group-1EBCAFBB5A19:LeaderElection78] INFO  impl.RaftServerImpl (ServerState.java:setRaftConf(354)) - 87b128cd-da01-4ba7-9b9b-a2a1b5272d7b@group-1EBCAFBB5A19: set configuration 0: [87b128cd-da01-4ba7-9b9b-a2a1b5272d7b:192.168.164.210:36462], old=null at 0
2019-09-26 15:57:36,258 [87b128cd-da01-4ba7-9b9b-a2a1b5272d7b@group-1EBCAFBB5A19-SegmentedRaftLogWorker] INFO  segmented.SegmentedRaftLogWorker (SegmentedRaftLogWorker.java:execute(569)) - 87b128cd-da01-4ba7-9b9b-a2a1b5272d7b@group-1EBCAFBB5A19-SegmentedRaftLogWorker: created new log segment /workdir/hadoop-ozone/integration-test/target/test-dir/MiniOzoneClusterImpl-1df8c159-28a8-44dd-adf8-68b36ae703f1/datanode-0/data/ratis/5e1fd6f8-9a95-42b7-8632-1ebcafbb5a19/current/log_inprogress_0
2019-09-26 15:57:36,310 [Thread-3825] INFO  impl.FollowerState (FollowerState.java:run(106)) - 6899c05a-55c2-4a69-99b1-2cb7e601e4ae:group-00541B8CF1A2 changes to CANDIDATE, lastRpcTime:5031, electionTimeout:5031ms
2019-09-26 15:57:36,310 [Thread-3825] INFO  impl.RoleInfo (RoleInfo.java:shutdownFollowerState(121)) - 6899c05a-55c2-4a69-99b1-2cb7e601e4ae: shutdown FollowerState
2019-09-26 15:57:36,311 [Thread-3825] INFO  impl.RaftServerImpl (RaftServerImpl.java:setRole(174)) - 6899c05a-55c2-4a69-99b1-2cb7e601e4ae@group-00541B8CF1A2: changes role from  FOLLOWER to CANDIDATE at term 0 for changeToCandidate
2019-09-26 15:57:36,311 [Thread-3825] INFO  impl.RoleInfo (RoleInfo.java:updateAndGet(143)) - 6899c05a-55c2-4a69-99b1-2cb7e601e4ae: start LeaderElection
2019-09-26 15:57:36,337 [Thread-3818] INFO  impl.FollowerState (FollowerState.java:run(106)) - 735002fd-e857-4e03-a830-88a48acb9de9:group-467D9036BC8E changes to CANDIDATE, lastRpcTime:5151, electionTimeout:5151ms
2019-09-26 15:57:36,337 [Thread-3818] INFO  impl.RoleInfo (RoleInfo.java:shutdownFollowerState(121)) - 735002fd-e857-4e03-a830-88a48acb9de9: shutdown FollowerState
2019-09-26 15:57:36,337 [Thread-3818] INFO  impl.RaftServerImpl (RaftServerImpl.java:setRole(174)) - 735002fd-e857-4e03-a830-88a48acb9de9@group-467D9036BC8E: changes role from  FOLLOWER to CANDIDATE at term 0 for changeToCandidate
2019-09-26 15:57:36,337 [Thread-3818] INFO  impl.RoleInfo (RoleInfo.java:updateAndGet(143)) - 735002fd-e857-4e03-a830-88a48acb9de9: start LeaderElection
2019-09-26 15:57:36,342 [6899c05a-55c2-4a69-99b1-2cb7e601e4ae@group-00541B8CF1A2:LeaderElection79] INFO  impl.LeaderElection (LeaderElection.java:askForVotes(182)) - 6899c05a-55c2-4a69-99b1-2cb7e601e4ae@group-00541B8CF1A2:LeaderElection79: begin an election at term 1 for -1: [6899c05a-55c2-4a69-99b1-2cb7e601e4ae:192.168.164.210:34850, 87b128cd-da01-4ba7-9b9b-a2a1b5272d7b:192.168.164.210:36462, 735002fd-e857-4e03-a830-88a48acb9de9:192.168.164.210:42412], old=null
2019-09-26 15:57:36,345 [grpc-default-executor-10] INFO  impl.RaftServerImpl (RaftServerImpl.java:setRole(174)) - 87b128cd-da01-4ba7-9b9b-a2a1b5272d7b@group-00541B8CF1A2: changes role from  FOLLOWER to FOLLOWER at term 1 for recognizeCandidate:6899c05a-55c2-4a69-99b1-2cb7e601e4ae
2019-09-26 15:57:36,345 [grpc-default-executor-11] INFO  impl.RaftServerImpl (RaftServerImpl.java:setRole(174)) - 735002fd-e857-4e03-a830-88a48acb9de9@group-00541B8CF1A2: changes role from  FOLLOWER to FOLLOWER at term 1 for recognizeCandidate:6899c05a-55c2-4a69-99b1-2cb7e601e4ae
2019-09-26 15:57:36,345 [grpc-default-executor-10] INFO  impl.RoleInfo (RoleInfo.java:shutdownFollowerState(121)) - 87b128cd-da01-4ba7-9b9b-a2a1b5272d7b: shutdown FollowerState
2019-09-26 15:57:36,345 [grpc-default-executor-11] INFO  impl.RoleInfo (RoleInfo.java:shutdownFollowerState(121)) - 735002fd-e857-4e03-a830-88a48acb9de9: shutdown FollowerState
2019-09-26 15:57:36,345 [grpc-default-executor-10] INFO  impl.RoleInfo (RoleInfo.java:updateAndGet(143)) - 87b128cd-da01-4ba7-9b9b-a2a1b5272d7b: start FollowerState
2019-09-26 15:57:36,345 [Thread-3829] INFO  impl.FollowerState (FollowerState.java:run(115)) - 735002fd-e857-4e03-a830-88a48acb9de9: FollowerState was interrupted: java.lang.InterruptedException: sleep interrupted
2019-09-26 15:57:36,345 [Thread-3828] INFO  impl.FollowerState (FollowerState.java:run(115)) - 87b128cd-da01-4ba7-9b9b-a2a1b5272d7b: FollowerState was interrupted: java.lang.InterruptedException: sleep interrupted
2019-09-26 15:57:36,345 [grpc-default-executor-11] INFO  impl.RoleInfo (RoleInfo.java:updateAndGet(143)) - 735002fd-e857-4e03-a830-88a48acb9de9: start FollowerState
2019-09-26 15:57:36,359 [Thread-3821] INFO  impl.FollowerState (FollowerState.java:run(106)) - 6899c05a-55c2-4a69-99b1-2cb7e601e4ae:group-FCB0712DF3A7 changes to CANDIDATE, lastRpcTime:5130, electionTimeout:5130ms
2019-09-26 15:57:36,359 [Thread-3821] INFO  impl.RoleInfo (RoleInfo.java:shutdownFollowerState(121)) - 6899c05a-55c2-4a69-99b1-2cb7e601e4ae: shutdown FollowerState
2019-09-26 15:57:36,359 [Thread-3821] INFO  impl.RaftServerImpl (RaftServerImpl.java:setRole(174)) - 6899c05a-55c2-4a69-99b1-2cb7e601e4ae@group-FCB0712DF3A7: changes role from  FOLLOWER to CANDIDATE at term 0 for changeToCandidate
2019-09-26 15:57:36,360 [Thread-3821] INFO  impl.RoleInfo (RoleInfo.java:updateAndGet(143)) - 6899c05a-55c2-4a69-99b1-2cb7e601e4ae: start LeaderElection
2019-09-26 15:57:36,375 [Thread-3833] INFO  impl.FollowerState (FollowerState.java:run(106)) - 3c29fdfe-8ae9-43bb-8275-89fa11997db1:group-812A238A1111 changes to CANDIDATE, lastRpcTime:5008, electionTimeout:5008ms
2019-09-26 15:57:36,375 [Thread-3833] INFO  impl.RoleInfo (RoleInfo.java:shutdownFollowerState(121)) - 3c29fdfe-8ae9-43bb-8275-89fa11997db1: shutdown FollowerState
2019-09-26 15:57:36,375 [Thread-3833] INFO  impl.RaftServerImpl (RaftServerImpl.java:setRole(174)) - 3c29fdfe-8ae9-43bb-8275-89fa11997db1@group-812A238A1111: changes role from  FOLLOWER to CANDIDATE at term 0 for changeToCandidate
2019-09-26 15:57:36,375 [Thread-3833] INFO  impl.RoleInfo (RoleInfo.java:updateAndGet(143)) - 3c29fdfe-8ae9-43bb-8275-89fa11997db1: start LeaderElection
2019-09-26 15:57:36,402 [735002fd-e857-4e03-a830-88a48acb9de9@group-467D9036BC8E:LeaderElection80] INFO  impl.LeaderElection (LeaderElection.java:askForVotes(182)) - 735002fd-e857-4e03-a830-88a48acb9de9@group-467D9036BC8E:LeaderElection80: begin an election at term 1 for -1: [735002fd-e857-4e03-a830-88a48acb9de9:192.168.164.210:42412], old=null
2019-09-26 15:57:36,402 [735002fd-e857-4e03-a830-88a48acb9de9@group-467D9036BC8E:LeaderElection80] INFO  impl.RoleInfo (RoleInfo.java:shutdownLeaderElection(134)) - 735002fd-e857-4e03-a830-88a48acb9de9: shutdown LeaderElection
2019-09-26 15:57:36,402 [735002fd-e857-4e03-a830-88a48acb9de9@group-467D9036BC8E:LeaderElection80] INFO  impl.RaftServerImpl (RaftServerImpl.java:setRole(174)) - 735002fd-e857-4e03-a830-88a48acb9de9@group-467D9036BC8E: changes role from CANDIDATE to LEADER at term 1 for changeToLeader
2019-09-26 15:57:36,402 [735002fd-e857-4e03-a830-88a48acb9de9@group-467D9036BC8E:LeaderElection80] INFO  impl.RaftServerImpl (ServerState.java:setLeader(253)) - 735002fd-e857-4e03-a830-88a48acb9de9@group-467D9036BC8E: change Leader from null to 735002fd-e857-4e03-a830-88a48acb9de9 at term 1 for becomeLeader, leader elected after 5229ms
2019-09-26 15:57:36,402 [735002fd-e857-4e03-a830-88a48acb9de9@group-467D9036BC8E:LeaderElection80] INFO  server.RaftServerConfigKeys (ConfUtils.java:logGet(43)) - raft.server.staging.catchup.gap = 1000 (default)
2019-09-26 15:57:36,402 [735002fd-e857-4e03-a830-88a48acb9de9@group-467D9036BC8E:LeaderElection80] INFO  server.RaftServerConfigKeys (ConfUtils.java:logGet(43)) - raft.server.rpc.sleep.time = 25ms (default)
2019-09-26 15:57:36,402 [6899c05a-55c2-4a69-99b1-2cb7e601e4ae@group-00541B8CF1A2:LeaderElection79] INFO  impl.LeaderElection (LeaderElection.java:logAndReturn(56)) - 6899c05a-55c2-4a69-99b1-2cb7e601e4ae@group-00541B8CF1A2:LeaderElection79: Election PASSED; received 1 response(s) [6899c05a-55c2-4a69-99b1-2cb7e601e4ae<-87b128cd-da01-4ba7-9b9b-a2a1b5272d7b#0:OK-t1] and 0 exception(s); 6899c05a-55c2-4a69-99b1-2cb7e601e4ae@group-00541B8CF1A2:t1, leader=null, voted=6899c05a-55c2-4a69-99b1-2cb7e601e4ae, raftlog=6899c05a-55c2-4a69-99b1-2cb7e601e4ae@group-00541B8CF1A2-SegmentedRaftLog:OPENED:c-1,f-1,i0, conf=-1: [6899c05a-55c2-4a69-99b1-2cb7e601e4ae:192.168.164.210:34850, 87b128cd-da01-4ba7-9b9b-a2a1b5272d7b:192.168.164.210:36462, 735002fd-e857-4e03-a830-88a48acb9de9:192.168.164.210:42412], old=null
2019-09-26 15:57:36,402 [735002fd-e857-4e03-a830-88a48acb9de9@group-467D9036BC8E:LeaderElection80] INFO  server.RaftServerConfigKeys (ConfUtils.java:logGet(43)) - raft.server.write.element-limit = 4096 (default)
2019-09-26 15:57:36,403 [6899c05a-55c2-4a69-99b1-2cb7e601e4ae@group-00541B8CF1A2:LeaderElection79] INFO  impl.RoleInfo (RoleInfo.java:shutdownLeaderElection(134)) - 6899c05a-55c2-4a69-99b1-2cb7e601e4ae: shutdown LeaderElection
2019-09-26 15:57:36,403 [735002fd-e857-4e03-a830-88a48acb9de9@group-467D9036BC8E:LeaderElection80] INFO  server.RaftServerConfigKeys (ConfUtils.java:logGet(43)) - raft.server.watch.timeout = 10s (default)
2019-09-26 15:57:36,406 [6899c05a-55c2-4a69-99b1-2cb7e601e4ae@group-00541B8CF1A2:LeaderElection79] INFO  impl.RaftServerImpl (RaftServerImpl.java:setRole(174)) - 6899c05a-55c2-4a69-99b1-2cb7e601e4ae@group-00541B8CF1A2: changes role from CANDIDATE to LEADER at term 1 for changeToLeader
2019-09-26 15:57:36,406 [735002fd-e857-4e03-a830-88a48acb9de9@group-467D9036BC8E:LeaderElection80] INFO  server.RaftServerConfigKeys (ConfUtils.java:logGet(43)) - raft.server.watch.timeout.denomination = 1s (default)
2019-09-26 15:57:36,406 [6899c05a-55c2-4a69-99b1-2cb7e601e4ae@group-00541B8CF1A2:LeaderElection79] INFO  impl.RaftServerImpl (ServerState.java:setLeader(253)) - 6899c05a-55c2-4a69-99b1-2cb7e601e4ae@group-00541B8CF1A2: change Leader from null to 6899c05a-55c2-4a69-99b1-2cb7e601e4ae at term 1 for becomeLeader, leader elected after 5133ms
2019-09-26 15:57:36,406 [735002fd-e857-4e03-a830-88a48acb9de9@group-467D9036BC8E:LeaderElection80] INFO  server.RaftServerConfigKeys (ConfUtils.java:logGet(43)) - raft.server.watch.element-limit = 65536 (default)
2019-09-26 15:57:36,406 [6899c05a-55c2-4a69-99b1-2cb7e601e4ae@group-00541B8CF1A2:LeaderElection79] INFO  server.RaftServerConfigKeys (ConfUtils.java:logGet(43)) - raft.server.staging.catchup.gap = 1000 (default)
2019-09-26 15:57:36,406 [6899c05a-55c2-4a69-99b1-2cb7e601e4ae@group-00541B8CF1A2:LeaderElection79] INFO  server.RaftServerConfigKeys (ConfUtils.java:logGet(43)) - raft.server.rpc.sleep.time = 25ms (default)
2019-09-26 15:57:36,406 [6899c05a-55c2-4a69-99b1-2cb7e601e4ae@group-00541B8CF1A2:LeaderElection79] INFO  server.RaftServerConfigKeys (ConfUtils.java:logGet(43)) - raft.server.write.element-limit = 4096 (default)
2019-09-26 15:57:36,406 [6899c05a-55c2-4a69-99b1-2cb7e601e4ae@group-00541B8CF1A2:LeaderElection79] INFO  server.RaftServerConfigKeys (ConfUtils.java:logGet(43)) - raft.server.watch.timeout = 10s (default)
2019-09-26 15:57:36,407 [6899c05a-55c2-4a69-99b1-2cb7e601e4ae@group-00541B8CF1A2:LeaderElection79] INFO  server.RaftServerConfigKeys (ConfUtils.java:logGet(43)) - raft.server.watch.timeout.denomination = 1s (default)
2019-09-26 15:57:36,407 [6899c05a-55c2-4a69-99b1-2cb7e601e4ae@group-00541B8CF1A2:LeaderElection79] INFO  server.RaftServerConfigKeys (ConfUtils.java:logGet(43)) - raft.server.watch.element-limit = 65536 (default)
2019-09-26 15:57:36,408 [735002fd-e857-4e03-a830-88a48acb9de9@group-467D9036BC8E:LeaderElection80] INFO  impl.RoleInfo (RoleInfo.java:updateAndGet(143)) - 735002fd-e857-4e03-a830-88a48acb9de9: start LeaderState
2019-09-26 15:57:36,408 [735002fd-e857-4e03-a830-88a48acb9de9@group-467D9036BC8E:LeaderElection80] INFO  segmented.SegmentedRaftLogWorker (SegmentedRaftLogWorker.java:startLogSegment(380)) - 735002fd-e857-4e03-a830-88a48acb9de9@group-467D9036BC8E-SegmentedRaftLogWorker: Starting segment from index:0
2019-09-26 15:57:36,408 [735002fd-e857-4e03-a830-88a48acb9de9@group-467D9036BC8E:LeaderElection80] INFO  impl.RaftServerImpl (ServerState.java:setRaftConf(354)) - 735002fd-e857-4e03-a830-88a48acb9de9@group-467D9036BC8E: set configuration 0: [735002fd-e857-4e03-a830-88a48acb9de9:192.168.164.210:42412], old=null at 0
2019-09-26 15:57:36,409 [6899c05a-55c2-4a69-99b1-2cb7e601e4ae@group-00541B8CF1A2:LeaderElection79] INFO  server.RaftServerConfigKeys (ConfUtils.java:logGet(43)) - raft.server.log.appender.snapshot.chunk.size.max = 16MB (=16777216) (default)
2019-09-26 15:57:36,409 [6899c05a-55c2-4a69-99b1-2cb7e601e4ae@group-00541B8CF1A2:LeaderElection79] INFO  server.RaftServerConfigKeys (ConfUtils.java:logGet(43)) - raft.server.log.appender.buffer.byte-limit = 33554432 (custom)
2019-09-26 15:57:36,409 [6899c05a-55c2-4a69-99b1-2cb7e601e4ae@group-00541B8CF1A2:LeaderElection79] INFO  server.RaftServerConfigKeys (ConfUtils.java:logGet(43)) - raft.server.log.appender.buffer.element-limit = 1 (custom)
2019-09-26 15:57:36,409 [6899c05a-55c2-4a69-99b1-2cb7e601e4ae@group-00541B8CF1A2:LeaderElection79] INFO  grpc.GrpcConfigKeys$Server (ConfUtils.java:logGet(43)) - raft.grpc.server.leader.outstanding.appends.max = 128 (default)
2019-09-26 15:57:36,409 [6899c05a-55c2-4a69-99b1-2cb7e601e4ae@group-00541B8CF1A2:LeaderElection79] INFO  server.RaftServerConfigKeys (ConfUtils.java:logGet(43)) - raft.server.rpc.request.timeout = 3000ms (default)
2019-09-26 15:57:36,410 [6899c05a-55c2-4a69-99b1-2cb7e601e4ae@group-00541B8CF1A2:LeaderElection79] INFO  server.RaftServerConfigKeys (ConfUtils.java:logGet(43)) - raft.server.log.appender.install.snapshot.enabled = false (custom)
2019-09-26 15:57:36,410 [6899c05a-55c2-4a69-99b1-2cb7e601e4ae@group-00541B8CF1A2:LeaderElection79] INFO  server.RaftServerConfigKeys (ConfUtils.java:logGet(43)) - raft.server.log.appender.snapshot.chunk.size.max = 16MB (=16777216) (default)
2019-09-26 15:57:36,410 [6899c05a-55c2-4a69-99b1-2cb7e601e4ae@group-00541B8CF1A2:LeaderElection79] INFO  server.RaftServerConfigKeys (ConfUtils.java:logGet(43)) - raft.server.log.appender.buffer.byte-limit = 33554432 (custom)
2019-09-26 15:57:36,410 [6899c05a-55c2-4a69-99b1-2cb7e601e4ae@group-00541B8CF1A2:LeaderElection79] INFO  server.RaftServerConfigKeys (ConfUtils.java:logGet(43)) - raft.server.log.appender.buffer.element-limit = 1 (custom)
2019-09-26 15:57:36,410 [6899c05a-55c2-4a69-99b1-2cb7e601e4ae@group-00541B8CF1A2:LeaderElection79] INFO  grpc.GrpcConfigKeys$Server (ConfUtils.java:logGet(43)) - raft.grpc.server.leader.outstanding.appends.max = 128 (default)
2019-09-26 15:57:36,411 [6899c05a-55c2-4a69-99b1-2cb7e601e4ae@group-00541B8CF1A2:LeaderElection79] INFO  server.RaftServerConfigKeys (ConfUtils.java:logGet(43)) - raft.server.rpc.request.timeout = 3000ms (default)
2019-09-26 15:57:36,411 [6899c05a-55c2-4a69-99b1-2cb7e601e4ae@group-00541B8CF1A2:LeaderElection79] INFO  server.RaftServerConfigKeys (ConfUtils.java:logGet(43)) - raft.server.log.appender.install.snapshot.enabled = false (custom)
2019-09-26 15:57:36,411 [6899c05a-55c2-4a69-99b1-2cb7e601e4ae@group-00541B8CF1A2:LeaderElection79] INFO  impl.RoleInfo (RoleInfo.java:updateAndGet(143)) - 6899c05a-55c2-4a69-99b1-2cb7e601e4ae: start LeaderState
2019-09-26 15:57:36,411 [6899c05a-55c2-4a69-99b1-2cb7e601e4ae@group-00541B8CF1A2:LeaderElection79] INFO  segmented.SegmentedRaftLogWorker (SegmentedRaftLogWorker.java:startLogSegment(380)) - 6899c05a-55c2-4a69-99b1-2cb7e601e4ae@group-00541B8CF1A2-SegmentedRaftLogWorker: Starting segment from index:0
2019-09-26 15:57:36,412 [6899c05a-55c2-4a69-99b1-2cb7e601e4ae@group-00541B8CF1A2:LeaderElection79] INFO  impl.RaftServerImpl (ServerState.java:setRaftConf(354)) - 6899c05a-55c2-4a69-99b1-2cb7e601e4ae@group-00541B8CF1A2: set configuration 0: [6899c05a-55c2-4a69-99b1-2cb7e601e4ae:192.168.164.210:34850, 87b128cd-da01-4ba7-9b9b-a2a1b5272d7b:192.168.164.210:36462, 735002fd-e857-4e03-a830-88a48acb9de9:192.168.164.210:42412], old=null at 0
2019-09-26 15:57:36,440 [grpc-default-executor-11] INFO  impl.RaftServerImpl (ServerState.java:setLeader(253)) - 87b128cd-da01-4ba7-9b9b-a2a1b5272d7b@group-00541B8CF1A2: change Leader from null to 6899c05a-55c2-4a69-99b1-2cb7e601e4ae at term 1 for appendEntries, leader elected after 5167ms
2019-09-26 15:57:36,441 [grpc-default-executor-11] INFO  impl.RaftServerImpl (ServerState.java:setLeader(253)) - 735002fd-e857-4e03-a830-88a48acb9de9@group-00541B8CF1A2: change Leader from null to 6899c05a-55c2-4a69-99b1-2cb7e601e4ae at term 1 for appendEntries, leader elected after 5168ms
2019-09-26 15:57:36,445 [grpc-default-executor-10] INFO  impl.RaftServerImpl (ServerState.java:setRaftConf(354)) - 87b128cd-da01-4ba7-9b9b-a2a1b5272d7b@group-00541B8CF1A2: set configuration 0: [6899c05a-55c2-4a69-99b1-2cb7e601e4ae:192.168.164.210:34850, 87b128cd-da01-4ba7-9b9b-a2a1b5272d7b:192.168.164.210:36462, 735002fd-e857-4e03-a830-88a48acb9de9:192.168.164.210:42412], old=null at 0
2019-09-26 15:57:36,445 [grpc-default-executor-10] INFO  segmented.SegmentedRaftLogWorker (SegmentedRaftLogWorker.java:startLogSegment(380)) - 87b128cd-da01-4ba7-9b9b-a2a1b5272d7b@group-00541B8CF1A2-SegmentedRaftLogWorker: Starting segment from index:0
2019-09-26 15:57:36,445 [grpc-default-executor-11] INFO  impl.RaftServerImpl (ServerState.java:setRaftConf(354)) - 735002fd-e857-4e03-a830-88a48acb9de9@group-00541B8CF1A2: set configuration 0: [6899c05a-55c2-4a69-99b1-2cb7e601e4ae:192.168.164.210:34850, 87b128cd-da01-4ba7-9b9b-a2a1b5272d7b:192.168.164.210:36462, 735002fd-e857-4e03-a830-88a48acb9de9:192.168.164.210:42412], old=null at 0
2019-09-26 15:57:36,445 [grpc-default-executor-11] INFO  segmented.SegmentedRaftLogWorker (SegmentedRaftLogWorker.java:startLogSegment(380)) - 735002fd-e857-4e03-a830-88a48acb9de9@group-00541B8CF1A2-SegmentedRaftLogWorker: Starting segment from index:0
2019-09-26 15:57:36,448 [6899c05a-55c2-4a69-99b1-2cb7e601e4ae@group-FCB0712DF3A7:LeaderElection81] INFO  impl.LeaderElection (LeaderElection.java:askForVotes(182)) - 6899c05a-55c2-4a69-99b1-2cb7e601e4ae@group-FCB0712DF3A7:LeaderElection81: begin an election at term 1 for -1: [6899c05a-55c2-4a69-99b1-2cb7e601e4ae:192.168.164.210:34850], old=null
2019-09-26 15:57:36,448 [6899c05a-55c2-4a69-99b1-2cb7e601e4ae@group-FCB0712DF3A7:LeaderElection81] INFO  impl.RoleInfo (RoleInfo.java:shutdownLeaderElection(134)) - 6899c05a-55c2-4a69-99b1-2cb7e601e4ae: shutdown LeaderElection
2019-09-26 15:57:36,448 [6899c05a-55c2-4a69-99b1-2cb7e601e4ae@group-FCB0712DF3A7:LeaderElection81] INFO  impl.RaftServerImpl (RaftServerImpl.java:setRole(174)) - 6899c05a-55c2-4a69-99b1-2cb7e601e4ae@group-FCB0712DF3A7: changes role from CANDIDATE to LEADER at term 1 for changeToLeader
2019-09-26 15:57:36,448 [6899c05a-55c2-4a69-99b1-2cb7e601e4ae@group-FCB0712DF3A7:LeaderElection81] INFO  impl.RaftServerImpl (ServerState.java:setLeader(253)) - 6899c05a-55c2-4a69-99b1-2cb7e601e4ae@group-FCB0712DF3A7: change Leader from null to 6899c05a-55c2-4a69-99b1-2cb7e601e4ae at term 1 for becomeLeader, leader elected after 5224ms
2019-09-26 15:57:36,448 [6899c05a-55c2-4a69-99b1-2cb7e601e4ae@group-FCB0712DF3A7:LeaderElection81] INFO  server.RaftServerConfigKeys (ConfUtils.java:logGet(43)) - raft.server.staging.catchup.gap = 1000 (default)
2019-09-26 15:57:36,448 [6899c05a-55c2-4a69-99b1-2cb7e601e4ae@group-FCB0712DF3A7:LeaderElection81] INFO  server.RaftServerConfigKeys (ConfUtils.java:logGet(43)) - raft.server.rpc.sleep.time = 25ms (default)
2019-09-26 15:57:36,448 [6899c05a-55c2-4a69-99b1-2cb7e601e4ae@group-FCB0712DF3A7:LeaderElection81] INFO  server.RaftServerConfigKeys (ConfUtils.java:logGet(43)) - raft.server.write.element-limit = 4096 (default)
2019-09-26 15:57:36,449 [6899c05a-55c2-4a69-99b1-2cb7e601e4ae@group-FCB0712DF3A7:LeaderElection81] INFO  server.RaftServerConfigKeys (ConfUtils.java:logGet(43)) - raft.server.watch.timeout = 10s (default)
2019-09-26 15:57:36,449 [6899c05a-55c2-4a69-99b1-2cb7e601e4ae@group-FCB0712DF3A7:LeaderElection81] INFO  server.RaftServerConfigKeys (ConfUtils.java:logGet(43)) - raft.server.watch.timeout.denomination = 1s (default)
2019-09-26 15:57:36,449 [6899c05a-55c2-4a69-99b1-2cb7e601e4ae@group-FCB0712DF3A7:LeaderElection81] INFO  server.RaftServerConfigKeys (ConfUtils.java:logGet(43)) - raft.server.watch.element-limit = 65536 (default)
2019-09-26 15:57:36,451 [6899c05a-55c2-4a69-99b1-2cb7e601e4ae@group-FCB0712DF3A7:LeaderElection81] INFO  impl.RoleInfo (RoleInfo.java:updateAndGet(143)) - 6899c05a-55c2-4a69-99b1-2cb7e601e4ae: start LeaderState
2019-09-26 15:57:36,451 [6899c05a-55c2-4a69-99b1-2cb7e601e4ae@group-FCB0712DF3A7:LeaderElection81] INFO  segmented.SegmentedRaftLogWorker (SegmentedRaftLogWorker.java:startLogSegment(380)) - 6899c05a-55c2-4a69-99b1-2cb7e601e4ae@group-FCB0712DF3A7-SegmentedRaftLogWorker: Starting segment from index:0
2019-09-26 15:57:36,451 [6899c05a-55c2-4a69-99b1-2cb7e601e4ae@group-FCB0712DF3A7:LeaderElection81] INFO  impl.RaftServerImpl (ServerState.java:setRaftConf(354)) - 6899c05a-55c2-4a69-99b1-2cb7e601e4ae@group-FCB0712DF3A7: set configuration 0: [6899c05a-55c2-4a69-99b1-2cb7e601e4ae:192.168.164.210:34850], old=null at 0
2019-09-26 15:57:36,492 [3c29fdfe-8ae9-43bb-8275-89fa11997db1@group-812A238A1111:LeaderElection82] INFO  impl.LeaderElection (LeaderElection.java:askForVotes(182)) - 3c29fdfe-8ae9-43bb-8275-89fa11997db1@group-812A238A1111:LeaderElection82: begin an election at term 1 for -1: [3c29fdfe-8ae9-43bb-8275-89fa11997db1:192.168.164.210:44740], old=null
2019-09-26 15:57:36,493 [3c29fdfe-8ae9-43bb-8275-89fa11997db1@group-812A238A1111:LeaderElection82] INFO  impl.RoleInfo (RoleInfo.java:shutdownLeaderElection(134)) - 3c29fdfe-8ae9-43bb-8275-89fa11997db1: shutdown LeaderElection
2019-09-26 15:57:36,493 [3c29fdfe-8ae9-43bb-8275-89fa11997db1@group-812A238A1111:LeaderElection82] INFO  impl.RaftServerImpl (RaftServerImpl.java:setRole(174)) - 3c29fdfe-8ae9-43bb-8275-89fa11997db1@group-812A238A1111: changes role from CANDIDATE to LEADER at term 1 for changeToLeader
2019-09-26 15:57:36,493 [3c29fdfe-8ae9-43bb-8275-89fa11997db1@group-812A238A1111:LeaderElection82] INFO  impl.RaftServerImpl (ServerState.java:setLeader(253)) - 3c29fdfe-8ae9-43bb-8275-89fa11997db1@group-812A238A1111: change Leader from null to 3c29fdfe-8ae9-43bb-8275-89fa11997db1 at term 1 for becomeLeader, leader elected after 5134ms
2019-09-26 15:57:36,493 [3c29fdfe-8ae9-43bb-8275-89fa11997db1@group-812A238A1111:LeaderElection82] INFO  server.RaftServerConfigKeys (ConfUtils.java:logGet(43)) - raft.server.staging.catchup.gap = 1000 (default)
2019-09-26 15:57:36,493 [3c29fdfe-8ae9-43bb-8275-89fa11997db1@group-812A238A1111:LeaderElection82] INFO  server.RaftServerConfigKeys (ConfUtils.java:logGet(43)) - raft.server.rpc.sleep.time = 25ms (default)
2019-09-26 15:57:36,493 [3c29fdfe-8ae9-43bb-8275-89fa11997db1@group-812A238A1111:LeaderElection82] INFO  server.RaftServerConfigKeys (ConfUtils.java:logGet(43)) - raft.server.write.element-limit = 4096 (default)
2019-09-26 15:57:36,494 [3c29fdfe-8ae9-43bb-8275-89fa11997db1@group-812A238A1111:LeaderElection82] INFO  server.RaftServerConfigKeys (ConfUtils.java:logGet(43)) - raft.server.watch.timeout = 10s (default)
2019-09-26 15:57:36,494 [3c29fdfe-8ae9-43bb-8275-89fa11997db1@group-812A238A1111:LeaderElection82] INFO  server.RaftServerConfigKeys (ConfUtils.java:logGet(43)) - raft.server.watch.timeout.denomination = 1s (default)
2019-09-26 15:57:36,494 [3c29fdfe-8ae9-43bb-8275-89fa11997db1@group-812A238A1111:LeaderElection82] INFO  server.RaftServerConfigKeys (ConfUtils.java:logGet(43)) - raft.server.watch.element-limit = 65536 (default)
2019-09-26 15:57:36,496 [3c29fdfe-8ae9-43bb-8275-89fa11997db1@group-812A238A1111:LeaderElection82] INFO  impl.RoleInfo (RoleInfo.java:updateAndGet(143)) - 3c29fdfe-8ae9-43bb-8275-89fa11997db1: start LeaderState
2019-09-26 15:57:36,496 [3c29fdfe-8ae9-43bb-8275-89fa11997db1@group-812A238A1111:LeaderElection82] INFO  segmented.SegmentedRaftLogWorker (SegmentedRaftLogWorker.java:startLogSegment(380)) - 3c29fdfe-8ae9-43bb-8275-89fa11997db1@group-812A238A1111-SegmentedRaftLogWorker: Starting segment from index:0
2019-09-26 15:57:36,496 [3c29fdfe-8ae9-43bb-8275-89fa11997db1@group-812A238A1111:LeaderElection82] INFO  impl.RaftServerImpl (ServerState.java:setRaftConf(354)) - 3c29fdfe-8ae9-43bb-8275-89fa11997db1@group-812A238A1111: set configuration 0: [3c29fdfe-8ae9-43bb-8275-89fa11997db1:192.168.164.210:44740], old=null at 0
2019-09-26 15:57:36,504 [735002fd-e857-4e03-a830-88a48acb9de9@group-467D9036BC8E-SegmentedRaftLogWorker] INFO  segmented.SegmentedRaftLogWorker (SegmentedRaftLogWorker.java:execute(569)) - 735002fd-e857-4e03-a830-88a48acb9de9@group-467D9036BC8E-SegmentedRaftLogWorker: created new log segment /workdir/hadoop-ozone/integration-test/target/test-dir/MiniOzoneClusterImpl-1df8c159-28a8-44dd-adf8-68b36ae703f1/datanode-1/data/ratis/86534e4e-307e-44da-b7b4-467d9036bc8e/current/log_inprogress_0
2019-09-26 15:57:36,504 [6899c05a-55c2-4a69-99b1-2cb7e601e4ae@group-00541B8CF1A2-SegmentedRaftLogWorker] INFO  segmented.SegmentedRaftLogWorker (SegmentedRaftLogWorker.java:execute(569)) - 6899c05a-55c2-4a69-99b1-2cb7e601e4ae@group-00541B8CF1A2-SegmentedRaftLogWorker: created new log segment /workdir/hadoop-ozone/integration-test/target/test-dir/MiniOzoneClusterImpl-1df8c159-28a8-44dd-adf8-68b36ae703f1/datanode-2/data/ratis/1a887287-7977-4789-ae6d-00541b8cf1a2/current/log_inprogress_0
2019-09-26 15:57:36,505 [Thread-3841] INFO  impl.FollowerState (FollowerState.java:run(106)) - 81e39e0c-175c-4999-a8b5-57b67040d31c:group-155ED640C219 changes to CANDIDATE, lastRpcTime:5039, electionTimeout:5039ms
2019-09-26 15:57:36,505 [Thread-3841] INFO  impl.RoleInfo (RoleInfo.java:shutdownFollowerState(121)) - 81e39e0c-175c-4999-a8b5-57b67040d31c: shutdown FollowerState
2019-09-26 15:57:36,505 [Thread-3841] INFO  impl.RaftServerImpl (RaftServerImpl.java:setRole(174)) - 81e39e0c-175c-4999-a8b5-57b67040d31c@group-155ED640C219: changes role from  FOLLOWER to CANDIDATE at term 0 for changeToCandidate
2019-09-26 15:57:36,505 [Thread-3841] INFO  impl.RoleInfo (RoleInfo.java:updateAndGet(143)) - 81e39e0c-175c-4999-a8b5-57b67040d31c: start LeaderElection
2019-09-26 15:57:36,554 [6899c05a-55c2-4a69-99b1-2cb7e601e4ae@group-FCB0712DF3A7-SegmentedRaftLogWorker] INFO  segmented.SegmentedRaftLogWorker (SegmentedRaftLogWorker.java:execute(569)) - 6899c05a-55c2-4a69-99b1-2cb7e601e4ae@group-FCB0712DF3A7-SegmentedRaftLogWorker: created new log segment /workdir/hadoop-ozone/integration-test/target/test-dir/MiniOzoneClusterImpl-1df8c159-28a8-44dd-adf8-68b36ae703f1/datanode-2/data/ratis/62a949c8-0d84-4d60-88f9-fcb0712df3a7/current/log_inprogress_0
2019-09-26 15:57:36,554 [735002fd-e857-4e03-a830-88a48acb9de9@group-00541B8CF1A2-SegmentedRaftLogWorker] INFO  segmented.SegmentedRaftLogWorker (SegmentedRaftLogWorker.java:execute(569)) - 735002fd-e857-4e03-a830-88a48acb9de9@group-00541B8CF1A2-SegmentedRaftLogWorker: created new log segment /workdir/hadoop-ozone/integration-test/target/test-dir/MiniOzoneClusterImpl-1df8c159-28a8-44dd-adf8-68b36ae703f1/datanode-1/data/ratis/1a887287-7977-4789-ae6d-00541b8cf1a2/current/log_inprogress_0
2019-09-26 15:57:36,554 [87b128cd-da01-4ba7-9b9b-a2a1b5272d7b@group-00541B8CF1A2-SegmentedRaftLogWorker] INFO  segmented.SegmentedRaftLogWorker (SegmentedRaftLogWorker.java:execute(569)) - 87b128cd-da01-4ba7-9b9b-a2a1b5272d7b@group-00541B8CF1A2-SegmentedRaftLogWorker: created new log segment /workdir/hadoop-ozone/integration-test/target/test-dir/MiniOzoneClusterImpl-1df8c159-28a8-44dd-adf8-68b36ae703f1/datanode-0/data/ratis/1a887287-7977-4789-ae6d-00541b8cf1a2/current/log_inprogress_0
2019-09-26 15:57:36,576 [3c29fdfe-8ae9-43bb-8275-89fa11997db1@group-812A238A1111-SegmentedRaftLogWorker] INFO  segmented.SegmentedRaftLogWorker (SegmentedRaftLogWorker.java:execute(569)) - 3c29fdfe-8ae9-43bb-8275-89fa11997db1@group-812A238A1111-SegmentedRaftLogWorker: created new log segment /workdir/hadoop-ozone/integration-test/target/test-dir/MiniOzoneClusterImpl-1df8c159-28a8-44dd-adf8-68b36ae703f1/datanode-3/data/ratis/d570a289-e1f7-4d91-b1d5-812a238a1111/current/log_inprogress_0
2019-09-26 15:57:36,576 [81e39e0c-175c-4999-a8b5-57b67040d31c@group-155ED640C219:LeaderElection83] INFO  impl.LeaderElection (LeaderElection.java:askForVotes(182)) - 81e39e0c-175c-4999-a8b5-57b67040d31c@group-155ED640C219:LeaderElection83: begin an election at term 1 for -1: [81e39e0c-175c-4999-a8b5-57b67040d31c:192.168.164.210:46641], old=null
2019-09-26 15:57:36,576 [81e39e0c-175c-4999-a8b5-57b67040d31c@group-155ED640C219:LeaderElection83] INFO  impl.RoleInfo (RoleInfo.java:shutdownLeaderElection(134)) - 81e39e0c-175c-4999-a8b5-57b67040d31c: shutdown LeaderElection
2019-09-26 15:57:36,576 [81e39e0c-175c-4999-a8b5-57b67040d31c@group-155ED640C219:LeaderElection83] INFO  impl.RaftServerImpl (RaftServerImpl.java:setRole(174)) - 81e39e0c-175c-4999-a8b5-57b67040d31c@group-155ED640C219: changes role from CANDIDATE to LEADER at term 1 for changeToLeader
2019-09-26 15:57:36,577 [81e39e0c-175c-4999-a8b5-57b67040d31c@group-155ED640C219:LeaderElection83] INFO  impl.RaftServerImpl (ServerState.java:setLeader(253)) - 81e39e0c-175c-4999-a8b5-57b67040d31c@group-155ED640C219: change Leader from null to 81e39e0c-175c-4999-a8b5-57b67040d31c at term 1 for becomeLeader, leader elected after 5138ms
2019-09-26 15:57:36,577 [81e39e0c-175c-4999-a8b5-57b67040d31c@group-155ED640C219:LeaderElection83] INFO  server.RaftServerConfigKeys (ConfUtils.java:logGet(43)) - raft.server.staging.catchup.gap = 1000 (default)
2019-09-26 15:57:36,577 [81e39e0c-175c-4999-a8b5-57b67040d31c@group-155ED640C219:LeaderElection83] INFO  server.RaftServerConfigKeys (ConfUtils.java:logGet(43)) - raft.server.rpc.sleep.time = 25ms (default)
2019-09-26 15:57:36,577 [81e39e0c-175c-4999-a8b5-57b67040d31c@group-155ED640C219:LeaderElection83] INFO  server.RaftServerConfigKeys (ConfUtils.java:logGet(43)) - raft.server.write.element-limit = 4096 (default)
2019-09-26 15:57:36,577 [81e39e0c-175c-4999-a8b5-57b67040d31c@group-155ED640C219:LeaderElection83] INFO  server.RaftServerConfigKeys (ConfUtils.java:logGet(43)) - raft.server.watch.timeout = 10s (default)
2019-09-26 15:57:36,577 [81e39e0c-175c-4999-a8b5-57b67040d31c@group-155ED640C219:LeaderElection83] INFO  server.RaftServerConfigKeys (ConfUtils.java:logGet(43)) - raft.server.watch.timeout.denomination = 1s (default)
2019-09-26 15:57:36,577 [81e39e0c-175c-4999-a8b5-57b67040d31c@group-155ED640C219:LeaderElection83] INFO  server.RaftServerConfigKeys (ConfUtils.java:logGet(43)) - raft.server.watch.element-limit = 65536 (default)
2019-09-26 15:57:36,578 [Thread-3853] INFO  impl.FollowerState (FollowerState.java:run(106)) - 81e39e0c-175c-4999-a8b5-57b67040d31c:group-A4974D930B56 changes to CANDIDATE, lastRpcTime:5021, electionTimeout:5021ms
2019-09-26 15:57:36,578 [Thread-3853] INFO  impl.RoleInfo (RoleInfo.java:shutdownFollowerState(121)) - 81e39e0c-175c-4999-a8b5-57b67040d31c: shutdown FollowerState
2019-09-26 15:57:36,578 [Thread-3853] INFO  impl.RaftServerImpl (RaftServerImpl.java:setRole(174)) - 81e39e0c-175c-4999-a8b5-57b67040d31c@group-A4974D930B56: changes role from  FOLLOWER to CANDIDATE at term 0 for changeToCandidate
2019-09-26 15:57:36,578 [81e39e0c-175c-4999-a8b5-57b67040d31c@group-155ED640C219:LeaderElection83] INFO  impl.RoleInfo (RoleInfo.java:updateAndGet(143)) - 81e39e0c-175c-4999-a8b5-57b67040d31c: start LeaderState
2019-09-26 15:57:36,579 [Thread-3853] INFO  impl.RoleInfo (RoleInfo.java:updateAndGet(143)) - 81e39e0c-175c-4999-a8b5-57b67040d31c: start LeaderElection
2019-09-26 15:57:36,579 [81e39e0c-175c-4999-a8b5-57b67040d31c@group-155ED640C219:LeaderElection83] INFO  segmented.SegmentedRaftLogWorker (SegmentedRaftLogWorker.java:startLogSegment(380)) - 81e39e0c-175c-4999-a8b5-57b67040d31c@group-155ED640C219-SegmentedRaftLogWorker: Starting segment from index:0
2019-09-26 15:57:36,584 [81e39e0c-175c-4999-a8b5-57b67040d31c@group-155ED640C219:LeaderElection83] INFO  impl.RaftServerImpl (ServerState.java:setRaftConf(354)) - 81e39e0c-175c-4999-a8b5-57b67040d31c@group-155ED640C219: set configuration 0: [81e39e0c-175c-4999-a8b5-57b67040d31c:192.168.164.210:46641], old=null at 0
2019-09-26 15:57:36,612 [Thread-3836] INFO  impl.FollowerState (FollowerState.java:run(106)) - bea808cd-3eed-4b93-bbe3-f1a90e8e9f57:group-D2E11CCD69FE changes to CANDIDATE, lastRpcTime:5197, electionTimeout:5186ms
2019-09-26 15:57:36,612 [Thread-3836] INFO  impl.RoleInfo (RoleInfo.java:shutdownFollowerState(121)) - bea808cd-3eed-4b93-bbe3-f1a90e8e9f57: shutdown FollowerState
2019-09-26 15:57:36,612 [Thread-3836] INFO  impl.RaftServerImpl (RaftServerImpl.java:setRole(174)) - bea808cd-3eed-4b93-bbe3-f1a90e8e9f57@group-D2E11CCD69FE: changes role from  FOLLOWER to CANDIDATE at term 0 for changeToCandidate
2019-09-26 15:57:36,612 [Thread-3836] INFO  impl.RoleInfo (RoleInfo.java:updateAndGet(143)) - bea808cd-3eed-4b93-bbe3-f1a90e8e9f57: start LeaderElection
2019-09-26 15:57:36,642 [Thread-3850] INFO  impl.FollowerState (FollowerState.java:run(106)) - 1346a0e7-0f31-418c-877c-49893fac4105:group-A4974D930B56 changes to CANDIDATE, lastRpcTime:5092, electionTimeout:5092ms
2019-09-26 15:57:36,642 [Thread-3850] INFO  impl.RoleInfo (RoleInfo.java:shutdownFollowerState(121)) - 1346a0e7-0f31-418c-877c-49893fac4105: shutdown FollowerState
2019-09-26 15:57:36,642 [Thread-3850] INFO  impl.RaftServerImpl (RaftServerImpl.java:setRole(174)) - 1346a0e7-0f31-418c-877c-49893fac4105@group-A4974D930B56: changes role from  FOLLOWER to CANDIDATE at term 0 for changeToCandidate
2019-09-26 15:57:36,643 [Thread-3850] INFO  impl.RoleInfo (RoleInfo.java:updateAndGet(143)) - 1346a0e7-0f31-418c-877c-49893fac4105: start LeaderElection
2019-09-26 15:57:36,655 [Thread-3848] INFO  impl.FollowerState (FollowerState.java:run(106)) - 3c29fdfe-8ae9-43bb-8275-89fa11997db1:group-A4974D930B56 changes to CANDIDATE, lastRpcTime:5108, electionTimeout:5108ms
2019-09-26 15:57:36,655 [Thread-3848] INFO  impl.RoleInfo (RoleInfo.java:shutdownFollowerState(121)) - 3c29fdfe-8ae9-43bb-8275-89fa11997db1: shutdown FollowerState
2019-09-26 15:57:36,655 [Thread-3848] INFO  impl.RaftServerImpl (RaftServerImpl.java:setRole(174)) - 3c29fdfe-8ae9-43bb-8275-89fa11997db1@group-A4974D930B56: changes role from  FOLLOWER to CANDIDATE at term 0 for changeToCandidate
2019-09-26 15:57:36,655 [Thread-3848] INFO  impl.RoleInfo (RoleInfo.java:updateAndGet(143)) - 3c29fdfe-8ae9-43bb-8275-89fa11997db1: start LeaderElection
2019-09-26 15:57:36,679 [81e39e0c-175c-4999-a8b5-57b67040d31c@group-155ED640C219-SegmentedRaftLogWorker] INFO  segmented.SegmentedRaftLogWorker (SegmentedRaftLogWorker.java:execute(569)) - 81e39e0c-175c-4999-a8b5-57b67040d31c@group-155ED640C219-SegmentedRaftLogWorker: created new log segment /workdir/hadoop-ozone/integration-test/target/test-dir/MiniOzoneClusterImpl-1df8c159-28a8-44dd-adf8-68b36ae703f1/datanode-5/data/ratis/1d862ab6-db5c-45cc-a261-155ed640c219/current/log_inprogress_0
2019-09-26 15:57:36,682 [Thread-3844] INFO  impl.FollowerState (FollowerState.java:run(106)) - 1346a0e7-0f31-418c-877c-49893fac4105:group-1B56E4E5826D changes to CANDIDATE, lastRpcTime:5170, electionTimeout:5170ms
2019-09-26 15:57:36,682 [Thread-3844] INFO  impl.RoleInfo (RoleInfo.java:shutdownFollowerState(121)) - 1346a0e7-0f31-418c-877c-49893fac4105: shutdown FollowerState
2019-09-26 15:57:36,682 [Thread-3844] INFO  impl.RaftServerImpl (RaftServerImpl.java:setRole(174)) - 1346a0e7-0f31-418c-877c-49893fac4105@group-1B56E4E5826D: changes role from  FOLLOWER to CANDIDATE at term 0 for changeToCandidate
2019-09-26 15:57:36,682 [Thread-3844] INFO  impl.RoleInfo (RoleInfo.java:updateAndGet(143)) - 1346a0e7-0f31-418c-877c-49893fac4105: start LeaderElection
2019-09-26 15:57:36,691 [bea808cd-3eed-4b93-bbe3-f1a90e8e9f57@group-D2E11CCD69FE:LeaderElection85] INFO  impl.LeaderElection (LeaderElection.java:askForVotes(182)) - bea808cd-3eed-4b93-bbe3-f1a90e8e9f57@group-D2E11CCD69FE:LeaderElection85: begin an election at term 1 for -1: [bea808cd-3eed-4b93-bbe3-f1a90e8e9f57:192.168.164.210:39791], old=null
2019-09-26 15:57:36,691 [81e39e0c-175c-4999-a8b5-57b67040d31c@group-A4974D930B56:LeaderElection84] INFO  impl.LeaderElection (LeaderElection.java:askForVotes(182)) - 81e39e0c-175c-4999-a8b5-57b67040d31c@group-A4974D930B56:LeaderElection84: begin an election at term 1 for -1: [1346a0e7-0f31-418c-877c-49893fac4105:192.168.164.210:42504, 81e39e0c-175c-4999-a8b5-57b67040d31c:192.168.164.210:46641, 3c29fdfe-8ae9-43bb-8275-89fa11997db1:192.168.164.210:44740], old=null
2019-09-26 15:57:36,691 [bea808cd-3eed-4b93-bbe3-f1a90e8e9f57@group-D2E11CCD69FE:LeaderElection85] INFO  impl.RoleInfo (RoleInfo.java:shutdownLeaderElection(134)) - bea808cd-3eed-4b93-bbe3-f1a90e8e9f57: shutdown LeaderElection
2019-09-26 15:57:36,691 [bea808cd-3eed-4b93-bbe3-f1a90e8e9f57@group-D2E11CCD69FE:LeaderElection85] INFO  impl.RaftServerImpl (RaftServerImpl.java:setRole(174)) - bea808cd-3eed-4b93-bbe3-f1a90e8e9f57@group-D2E11CCD69FE: changes role from CANDIDATE to LEADER at term 1 for changeToLeader
2019-09-26 15:57:36,691 [bea808cd-3eed-4b93-bbe3-f1a90e8e9f57@group-D2E11CCD69FE:LeaderElection85] INFO  impl.RaftServerImpl (ServerState.java:setLeader(253)) - bea808cd-3eed-4b93-bbe3-f1a90e8e9f57@group-D2E11CCD69FE: change Leader from null to bea808cd-3eed-4b93-bbe3-f1a90e8e9f57 at term 1 for becomeLeader, leader elected after 5281ms
2019-09-26 15:57:36,691 [bea808cd-3eed-4b93-bbe3-f1a90e8e9f57@group-D2E11CCD69FE:LeaderElection85] INFO  server.RaftServerConfigKeys (ConfUtils.java:logGet(43)) - raft.server.staging.catchup.gap = 1000 (default)
2019-09-26 15:57:36,691 [bea808cd-3eed-4b93-bbe3-f1a90e8e9f57@group-D2E11CCD69FE:LeaderElection85] INFO  server.RaftServerConfigKeys (ConfUtils.java:logGet(43)) - raft.server.rpc.sleep.time = 25ms (default)
2019-09-26 15:57:36,692 [bea808cd-3eed-4b93-bbe3-f1a90e8e9f57@group-D2E11CCD69FE:LeaderElection85] INFO  server.RaftServerConfigKeys (ConfUtils.java:logGet(43)) - raft.server.write.element-limit = 4096 (default)
2019-09-26 15:57:36,692 [bea808cd-3eed-4b93-bbe3-f1a90e8e9f57@group-D2E11CCD69FE:LeaderElection85] INFO  server.RaftServerConfigKeys (ConfUtils.java:logGet(43)) - raft.server.watch.timeout = 10s (default)
2019-09-26 15:57:36,692 [bea808cd-3eed-4b93-bbe3-f1a90e8e9f57@group-D2E11CCD69FE:LeaderElection85] INFO  server.RaftServerConfigKeys (ConfUtils.java:logGet(43)) - raft.server.watch.timeout.denomination = 1s (default)
2019-09-26 15:57:36,692 [bea808cd-3eed-4b93-bbe3-f1a90e8e9f57@group-D2E11CCD69FE:LeaderElection85] INFO  server.RaftServerConfigKeys (ConfUtils.java:logGet(43)) - raft.server.watch.element-limit = 65536 (default)
2019-09-26 15:57:36,694 [bea808cd-3eed-4b93-bbe3-f1a90e8e9f57@group-D2E11CCD69FE:LeaderElection85] INFO  impl.RoleInfo (RoleInfo.java:updateAndGet(143)) - bea808cd-3eed-4b93-bbe3-f1a90e8e9f57: start LeaderState
2019-09-26 15:57:36,694 [bea808cd-3eed-4b93-bbe3-f1a90e8e9f57@group-D2E11CCD69FE:LeaderElection85] INFO  segmented.SegmentedRaftLogWorker (SegmentedRaftLogWorker.java:startLogSegment(380)) - bea808cd-3eed-4b93-bbe3-f1a90e8e9f57@group-D2E11CCD69FE-SegmentedRaftLogWorker: Starting segment from index:0
2019-09-26 15:57:36,694 [bea808cd-3eed-4b93-bbe3-f1a90e8e9f57@group-D2E11CCD69FE:LeaderElection85] INFO  impl.RaftServerImpl (ServerState.java:setRaftConf(354)) - bea808cd-3eed-4b93-bbe3-f1a90e8e9f57@group-D2E11CCD69FE: set configuration 0: [bea808cd-3eed-4b93-bbe3-f1a90e8e9f57:192.168.164.210:39791], old=null at 0
2019-09-26 15:57:36,733 [3c29fdfe-8ae9-43bb-8275-89fa11997db1@group-A4974D930B56:LeaderElection87] INFO  impl.LeaderElection (LeaderElection.java:askForVotes(182)) - 3c29fdfe-8ae9-43bb-8275-89fa11997db1@group-A4974D930B56:LeaderElection87: begin an election at term 1 for -1: [1346a0e7-0f31-418c-877c-49893fac4105:192.168.164.210:42504, 81e39e0c-175c-4999-a8b5-57b67040d31c:192.168.164.210:46641, 3c29fdfe-8ae9-43bb-8275-89fa11997db1:192.168.164.210:44740], old=null
2019-09-26 15:57:36,733 [1346a0e7-0f31-418c-877c-49893fac4105@group-A4974D930B56:LeaderElection86] INFO  impl.LeaderElection (LeaderElection.java:askForVotes(182)) - 1346a0e7-0f31-418c-877c-49893fac4105@group-A4974D930B56:LeaderElection86: begin an election at term 1 for -1: [1346a0e7-0f31-418c-877c-49893fac4105:192.168.164.210:42504, 81e39e0c-175c-4999-a8b5-57b67040d31c:192.168.164.210:46641, 3c29fdfe-8ae9-43bb-8275-89fa11997db1:192.168.164.210:44740], old=null
2019-09-26 15:57:36,736 [81e39e0c-175c-4999-a8b5-57b67040d31c@group-A4974D930B56:LeaderElection84] INFO  impl.LeaderElection (LeaderElection.java:logAndReturn(56)) - 81e39e0c-175c-4999-a8b5-57b67040d31c@group-A4974D930B56:LeaderElection84: Election REJECTED; received 2 response(s) [81e39e0c-175c-4999-a8b5-57b67040d31c<-1346a0e7-0f31-418c-877c-49893fac4105#0:FAIL-t1, 81e39e0c-175c-4999-a8b5-57b67040d31c<-3c29fdfe-8ae9-43bb-8275-89fa11997db1#0:FAIL-t1] and 0 exception(s); 81e39e0c-175c-4999-a8b5-57b67040d31c@group-A4974D930B56:t1, leader=null, voted=81e39e0c-175c-4999-a8b5-57b67040d31c, raftlog=81e39e0c-175c-4999-a8b5-57b67040d31c@group-A4974D930B56-SegmentedRaftLog:OPENED:c-1,f-1,i0, conf=-1: [1346a0e7-0f31-418c-877c-49893fac4105:192.168.164.210:42504, 81e39e0c-175c-4999-a8b5-57b67040d31c:192.168.164.210:46641, 3c29fdfe-8ae9-43bb-8275-89fa11997db1:192.168.164.210:44740], old=null
2019-09-26 15:57:36,736 [81e39e0c-175c-4999-a8b5-57b67040d31c@group-A4974D930B56:LeaderElection84] INFO  impl.RaftServerImpl (RaftServerImpl.java:setRole(174)) - 81e39e0c-175c-4999-a8b5-57b67040d31c@group-A4974D930B56: changes role from CANDIDATE to FOLLOWER at term 1 for DISCOVERED_A_NEW_TERM
2019-09-26 15:57:36,736 [81e39e0c-175c-4999-a8b5-57b67040d31c@group-A4974D930B56:LeaderElection84] INFO  impl.RoleInfo (RoleInfo.java:shutdownLeaderElection(134)) - 81e39e0c-175c-4999-a8b5-57b67040d31c: shutdown LeaderElection
2019-09-26 15:57:36,737 [81e39e0c-175c-4999-a8b5-57b67040d31c@group-A4974D930B56:LeaderElection84] INFO  impl.RoleInfo (RoleInfo.java:updateAndGet(143)) - 81e39e0c-175c-4999-a8b5-57b67040d31c: start FollowerState
2019-09-26 15:57:36,743 [3c29fdfe-8ae9-43bb-8275-89fa11997db1@group-A4974D930B56:LeaderElection87] INFO  impl.LeaderElection (LeaderElection.java:logAndReturn(56)) - 3c29fdfe-8ae9-43bb-8275-89fa11997db1@group-A4974D930B56:LeaderElection87: Election REJECTED; received 2 response(s) [3c29fdfe-8ae9-43bb-8275-89fa11997db1<-1346a0e7-0f31-418c-877c-49893fac4105#0:FAIL-t1, 3c29fdfe-8ae9-43bb-8275-89fa11997db1<-81e39e0c-175c-4999-a8b5-57b67040d31c#0:FAIL-t1] and 0 exception(s); 3c29fdfe-8ae9-43bb-8275-89fa11997db1@group-A4974D930B56:t1, leader=null, voted=3c29fdfe-8ae9-43bb-8275-89fa11997db1, raftlog=3c29fdfe-8ae9-43bb-8275-89fa11997db1@group-A4974D930B56-SegmentedRaftLog:OPENED:c-1,f-1,i0, conf=-1: [1346a0e7-0f31-418c-877c-49893fac4105:192.168.164.210:42504, 81e39e0c-175c-4999-a8b5-57b67040d31c:192.168.164.210:46641, 3c29fdfe-8ae9-43bb-8275-89fa11997db1:192.168.164.210:44740], old=null
2019-09-26 15:57:36,745 [3c29fdfe-8ae9-43bb-8275-89fa11997db1@group-A4974D930B56:LeaderElection87] INFO  impl.RaftServerImpl (RaftServerImpl.java:setRole(174)) - 3c29fdfe-8ae9-43bb-8275-89fa11997db1@group-A4974D930B56: changes role from CANDIDATE to FOLLOWER at term 1 for DISCOVERED_A_NEW_TERM
2019-09-26 15:57:36,745 [3c29fdfe-8ae9-43bb-8275-89fa11997db1@group-A4974D930B56:LeaderElection87] INFO  impl.RoleInfo (RoleInfo.java:shutdownLeaderElection(134)) - 3c29fdfe-8ae9-43bb-8275-89fa11997db1: shutdown LeaderElection
2019-09-26 15:57:36,745 [3c29fdfe-8ae9-43bb-8275-89fa11997db1@group-A4974D930B56:LeaderElection87] INFO  impl.RoleInfo (RoleInfo.java:updateAndGet(143)) - 3c29fdfe-8ae9-43bb-8275-89fa11997db1: start FollowerState
2019-09-26 15:57:36,746 [1346a0e7-0f31-418c-877c-49893fac4105@group-A4974D930B56:LeaderElection86] INFO  impl.LeaderElection (LeaderElection.java:logAndReturn(56)) - 1346a0e7-0f31-418c-877c-49893fac4105@group-A4974D930B56:LeaderElection86: Election REJECTED; received 2 response(s) [1346a0e7-0f31-418c-877c-49893fac4105<-81e39e0c-175c-4999-a8b5-57b67040d31c#0:FAIL-t1, 1346a0e7-0f31-418c-877c-49893fac4105<-3c29fdfe-8ae9-43bb-8275-89fa11997db1#0:FAIL-t1] and 0 exception(s); 1346a0e7-0f31-418c-877c-49893fac4105@group-A4974D930B56:t1, leader=null, voted=1346a0e7-0f31-418c-877c-49893fac4105, raftlog=1346a0e7-0f31-418c-877c-49893fac4105@group-A4974D930B56-SegmentedRaftLog:OPENED:c-1,f-1,i0, conf=-1: [1346a0e7-0f31-418c-877c-49893fac4105:192.168.164.210:42504, 81e39e0c-175c-4999-a8b5-57b67040d31c:192.168.164.210:46641, 3c29fdfe-8ae9-43bb-8275-89fa11997db1:192.168.164.210:44740], old=null
2019-09-26 15:57:36,747 [1346a0e7-0f31-418c-877c-49893fac4105@group-A4974D930B56:LeaderElection86] INFO  impl.RaftServerImpl (RaftServerImpl.java:setRole(174)) - 1346a0e7-0f31-418c-877c-49893fac4105@group-A4974D930B56: changes role from CANDIDATE to FOLLOWER at term 1 for DISCOVERED_A_NEW_TERM
2019-09-26 15:57:36,747 [1346a0e7-0f31-418c-877c-49893fac4105@group-A4974D930B56:LeaderElection86] INFO  impl.RoleInfo (RoleInfo.java:shutdownLeaderElection(134)) - 1346a0e7-0f31-418c-877c-49893fac4105: shutdown LeaderElection
2019-09-26 15:57:36,748 [1346a0e7-0f31-418c-877c-49893fac4105@group-A4974D930B56:LeaderElection86] INFO  impl.RoleInfo (RoleInfo.java:updateAndGet(143)) - 1346a0e7-0f31-418c-877c-49893fac4105: start FollowerState
2019-09-26 15:57:36,767 [1346a0e7-0f31-418c-877c-49893fac4105@group-1B56E4E5826D:LeaderElection88] INFO  impl.LeaderElection (LeaderElection.java:askForVotes(182)) - 1346a0e7-0f31-418c-877c-49893fac4105@group-1B56E4E5826D:LeaderElection88: begin an election at term 1 for -1: [1346a0e7-0f31-418c-877c-49893fac4105:192.168.164.210:42504], old=null
2019-09-26 15:57:36,770 [1346a0e7-0f31-418c-877c-49893fac4105@group-1B56E4E5826D:LeaderElection88] INFO  impl.RoleInfo (RoleInfo.java:shutdownLeaderElection(134)) - 1346a0e7-0f31-418c-877c-49893fac4105: shutdown LeaderElection
2019-09-26 15:57:36,770 [1346a0e7-0f31-418c-877c-49893fac4105@group-1B56E4E5826D:LeaderElection88] INFO  impl.RaftServerImpl (RaftServerImpl.java:setRole(174)) - 1346a0e7-0f31-418c-877c-49893fac4105@group-1B56E4E5826D: changes role from CANDIDATE to LEADER at term 1 for changeToLeader
2019-09-26 15:57:36,770 [1346a0e7-0f31-418c-877c-49893fac4105@group-1B56E4E5826D:LeaderElection88] INFO  impl.RaftServerImpl (ServerState.java:setLeader(253)) - 1346a0e7-0f31-418c-877c-49893fac4105@group-1B56E4E5826D: change Leader from null to 1346a0e7-0f31-418c-877c-49893fac4105 at term 1 for becomeLeader, leader elected after 5263ms
2019-09-26 15:57:36,770 [1346a0e7-0f31-418c-877c-49893fac4105@group-1B56E4E5826D:LeaderElection88] INFO  server.RaftServerConfigKeys (ConfUtils.java:logGet(43)) - raft.server.staging.catchup.gap = 1000 (default)
2019-09-26 15:57:36,770 [1346a0e7-0f31-418c-877c-49893fac4105@group-1B56E4E5826D:LeaderElection88] INFO  server.RaftServerConfigKeys (ConfUtils.java:logGet(43)) - raft.server.rpc.sleep.time = 25ms (default)
2019-09-26 15:57:36,771 [1346a0e7-0f31-418c-877c-49893fac4105@group-1B56E4E5826D:LeaderElection88] INFO  server.RaftServerConfigKeys (ConfUtils.java:logGet(43)) - raft.server.write.element-limit = 4096 (default)
2019-09-26 15:57:36,771 [1346a0e7-0f31-418c-877c-49893fac4105@group-1B56E4E5826D:LeaderElection88] INFO  server.RaftServerConfigKeys (ConfUtils.java:logGet(43)) - raft.server.watch.timeout = 10s (default)
2019-09-26 15:57:36,771 [1346a0e7-0f31-418c-877c-49893fac4105@group-1B56E4E5826D:LeaderElection88] INFO  server.RaftServerConfigKeys (ConfUtils.java:logGet(43)) - raft.server.watch.timeout.denomination = 1s (default)
2019-09-26 15:57:36,771 [1346a0e7-0f31-418c-877c-49893fac4105@group-1B56E4E5826D:LeaderElection88] INFO  server.RaftServerConfigKeys (ConfUtils.java:logGet(43)) - raft.server.watch.element-limit = 65536 (default)
2019-09-26 15:57:36,772 [1346a0e7-0f31-418c-877c-49893fac4105@group-1B56E4E5826D:LeaderElection88] INFO  impl.RoleInfo (RoleInfo.java:updateAndGet(143)) - 1346a0e7-0f31-418c-877c-49893fac4105: start LeaderState
2019-09-26 15:57:36,772 [1346a0e7-0f31-418c-877c-49893fac4105@group-1B56E4E5826D:LeaderElection88] INFO  segmented.SegmentedRaftLogWorker (SegmentedRaftLogWorker.java:startLogSegment(380)) - 1346a0e7-0f31-418c-877c-49893fac4105@group-1B56E4E5826D-SegmentedRaftLogWorker: Starting segment from index:0
2019-09-26 15:57:36,773 [1346a0e7-0f31-418c-877c-49893fac4105@group-1B56E4E5826D:LeaderElection88] INFO  impl.RaftServerImpl (ServerState.java:setRaftConf(354)) - 1346a0e7-0f31-418c-877c-49893fac4105@group-1B56E4E5826D: set configuration 0: [1346a0e7-0f31-418c-877c-49893fac4105:192.168.164.210:42504], old=null at 0
2019-09-26 15:57:36,788 [bea808cd-3eed-4b93-bbe3-f1a90e8e9f57@group-D2E11CCD69FE-SegmentedRaftLogWorker] INFO  segmented.SegmentedRaftLogWorker (SegmentedRaftLogWorker.java:execute(569)) - bea808cd-3eed-4b93-bbe3-f1a90e8e9f57@group-D2E11CCD69FE-SegmentedRaftLogWorker: created new log segment /workdir/hadoop-ozone/integration-test/target/test-dir/MiniOzoneClusterImpl-1df8c159-28a8-44dd-adf8-68b36ae703f1/datanode-4/data/ratis/19dd6618-445e-484e-bc03-d2e11ccd69fe/current/log_inprogress_0
2019-09-26 15:57:36,804 [1346a0e7-0f31-418c-877c-49893fac4105@group-1B56E4E5826D-SegmentedRaftLogWorker] INFO  segmented.SegmentedRaftLogWorker (SegmentedRaftLogWorker.java:execute(569)) - 1346a0e7-0f31-418c-877c-49893fac4105@group-1B56E4E5826D-SegmentedRaftLogWorker: created new log segment /workdir/hadoop-ozone/integration-test/target/test-dir/MiniOzoneClusterImpl-1df8c159-28a8-44dd-adf8-68b36ae703f1/datanode-6/data/ratis/eebf469c-3e0e-4699-baf7-1b56e4e5826d/current/log_inprogress_0
2019-09-26 15:57:38,589 [main] WARN  scm.XceiverClientRatis (XceiverClientRatis.java:watchForCommit(292)) - 3 way commit failed on pipeline Pipeline[ Id: 1a887287-7977-4789-ae6d-00541b8cf1a2, Nodes: 6899c05a-55c2-4a69-99b1-2cb7e601e4ae{ip: 192.168.164.210, host: pr-hdds-2185-nx5sg-2633547614, networkLocation: /default-rack, certSerialId: null}87b128cd-da01-4ba7-9b9b-a2a1b5272d7b{ip: 192.168.164.210, host: pr-hdds-2185-nx5sg-2633547614, networkLocation: /default-rack, certSerialId: null}735002fd-e857-4e03-a830-88a48acb9de9{ip: 192.168.164.210, host: pr-hdds-2185-nx5sg-2633547614, networkLocation: /default-rack, certSerialId: null}, Type:RATIS, Factor:THREE, State:OPEN]
java.util.concurrent.TimeoutException
	at java.util.concurrent.CompletableFuture.timedGet(CompletableFuture.java:1771)
	at java.util.concurrent.CompletableFuture.get(CompletableFuture.java:1915)
	at org.apache.hadoop.hdds.scm.XceiverClientRatis.watchForCommit(XceiverClientRatis.java:289)
	at org.apache.hadoop.hdds.scm.storage.CommitWatcher.watchForCommit(CommitWatcher.java:194)
	at org.apache.hadoop.hdds.scm.storage.CommitWatcher.watchOnLastIndex(CommitWatcher.java:157)
	at org.apache.hadoop.hdds.scm.storage.BlockOutputStream.watchForCommit(BlockOutputStream.java:347)
	at org.apache.hadoop.hdds.scm.storage.BlockOutputStream.handleFlush(BlockOutputStream.java:479)
	at org.apache.hadoop.hdds.scm.storage.BlockOutputStream.flush(BlockOutputStream.java:428)
	at org.apache.hadoop.ozone.client.io.BlockOutputStreamEntry.flush(BlockOutputStreamEntry.java:136)
	at org.apache.hadoop.ozone.client.io.KeyOutputStream.handleFlushOrClose(KeyOutputStream.java:443)
	at org.apache.hadoop.ozone.client.io.KeyOutputStream.flush(KeyOutputStream.java:397)
	at org.apache.hadoop.ozone.client.io.OzoneOutputStream.flush(OzoneOutputStream.java:54)
	at org.apache.hadoop.ozone.client.rpc.TestBlockOutputStreamWithFailures.testWatchForCommitWithCloseContainerException(TestBlockOutputStreamWithFailures.java:190)
	at sun.reflect.NativeMethodAccessorImpl.invoke0(Native Method)
	at sun.reflect.NativeMethodAccessorImpl.invoke(NativeMethodAccessorImpl.java:62)
	at sun.reflect.DelegatingMethodAccessorImpl.invoke(DelegatingMethodAccessorImpl.java:43)
	at java.lang.reflect.Method.invoke(Method.java:498)
	at org.junit.runners.model.FrameworkMethod$1.runReflectiveCall(FrameworkMethod.java:47)
	at org.junit.internal.runners.model.ReflectiveCallable.run(ReflectiveCallable.java:12)
	at org.junit.runners.model.FrameworkMethod.invokeExplosively(FrameworkMethod.java:44)
	at org.junit.internal.runners.statements.InvokeMethod.evaluate(InvokeMethod.java:17)
	at org.junit.internal.runners.statements.RunBefores.evaluate(RunBefores.java:26)
	at org.junit.internal.runners.statements.RunAfters.evaluate(RunAfters.java:27)
	at org.junit.runners.ParentRunner.runLeaf(ParentRunner.java:271)
	at org.junit.runners.BlockJUnit4ClassRunner.runChild(BlockJUnit4ClassRunner.java:70)
	at org.junit.runners.BlockJUnit4ClassRunner.runChild(BlockJUnit4ClassRunner.java:50)
	at org.junit.runners.ParentRunner$3.run(ParentRunner.java:238)
	at org.junit.runners.ParentRunner$1.schedule(ParentRunner.java:63)
	at org.junit.runners.ParentRunner.runChildren(ParentRunner.java:236)
	at org.junit.runners.ParentRunner.access$000(ParentRunner.java:53)
	at org.junit.runners.ParentRunner$2.evaluate(ParentRunner.java:229)
	at org.junit.runners.ParentRunner.run(ParentRunner.java:309)
	at org.apache.maven.surefire.junit4.JUnit4Provider.execute(JUnit4Provider.java:365)
	at org.apache.maven.surefire.junit4.JUnit4Provider.executeWithRerun(JUnit4Provider.java:273)
	at org.apache.maven.surefire.junit4.JUnit4Provider.executeTestSet(JUnit4Provider.java:238)
	at org.apache.maven.surefire.junit4.JUnit4Provider.invoke(JUnit4Provider.java:159)
	at org.apache.maven.surefire.booter.ForkedBooter.invokeProviderInSameClassLoader(ForkedBooter.java:384)
	at org.apache.maven.surefire.booter.ForkedBooter.runSuitesInProcess(ForkedBooter.java:345)
	at org.apache.maven.surefire.booter.ForkedBooter.execute(ForkedBooter.java:126)
	at org.apache.maven.surefire.booter.ForkedBooter.main(ForkedBooter.java:418)
2019-09-26 15:57:39,592 [main] WARN  storage.CommitWatcher (CommitWatcher.java:watchForCommit(203)) - watchForCommit failed for index 14
java.util.concurrent.TimeoutException
	at java.util.concurrent.CompletableFuture.timedGet(CompletableFuture.java:1771)
	at java.util.concurrent.CompletableFuture.get(CompletableFuture.java:1915)
	at org.apache.hadoop.hdds.scm.XceiverClientRatis.watchForCommit(XceiverClientRatis.java:298)
	at org.apache.hadoop.hdds.scm.storage.CommitWatcher.watchForCommit(CommitWatcher.java:194)
	at org.apache.hadoop.hdds.scm.storage.CommitWatcher.watchOnLastIndex(CommitWatcher.java:157)
	at org.apache.hadoop.hdds.scm.storage.BlockOutputStream.watchForCommit(BlockOutputStream.java:347)
	at org.apache.hadoop.hdds.scm.storage.BlockOutputStream.handleFlush(BlockOutputStream.java:479)
	at org.apache.hadoop.hdds.scm.storage.BlockOutputStream.flush(BlockOutputStream.java:428)
	at org.apache.hadoop.ozone.client.io.BlockOutputStreamEntry.flush(BlockOutputStreamEntry.java:136)
	at org.apache.hadoop.ozone.client.io.KeyOutputStream.handleFlushOrClose(KeyOutputStream.java:443)
	at org.apache.hadoop.ozone.client.io.KeyOutputStream.flush(KeyOutputStream.java:397)
	at org.apache.hadoop.ozone.client.io.OzoneOutputStream.flush(OzoneOutputStream.java:54)
	at org.apache.hadoop.ozone.client.rpc.TestBlockOutputStreamWithFailures.testWatchForCommitWithCloseContainerException(TestBlockOutputStreamWithFailures.java:190)
	at sun.reflect.NativeMethodAccessorImpl.invoke0(Native Method)
	at sun.reflect.NativeMethodAccessorImpl.invoke(NativeMethodAccessorImpl.java:62)
	at sun.reflect.DelegatingMethodAccessorImpl.invoke(DelegatingMethodAccessorImpl.java:43)
	at java.lang.reflect.Method.invoke(Method.java:498)
	at org.junit.runners.model.FrameworkMethod$1.runReflectiveCall(FrameworkMethod.java:47)
	at org.junit.internal.runners.model.ReflectiveCallable.run(ReflectiveCallable.java:12)
	at org.junit.runners.model.FrameworkMethod.invokeExplosively(FrameworkMethod.java:44)
	at org.junit.internal.runners.statements.InvokeMethod.evaluate(InvokeMethod.java:17)
	at org.junit.internal.runners.statements.RunBefores.evaluate(RunBefores.java:26)
	at org.junit.internal.runners.statements.RunAfters.evaluate(RunAfters.java:27)
	at org.junit.runners.ParentRunner.runLeaf(ParentRunner.java:271)
	at org.junit.runners.BlockJUnit4ClassRunner.runChild(BlockJUnit4ClassRunner.java:70)
	at org.junit.runners.BlockJUnit4ClassRunner.runChild(BlockJUnit4ClassRunner.java:50)
	at org.junit.runners.ParentRunner$3.run(ParentRunner.java:238)
	at org.junit.runners.ParentRunner$1.schedule(ParentRunner.java:63)
	at org.junit.runners.ParentRunner.runChildren(ParentRunner.java:236)
	at org.junit.runners.ParentRunner.access$000(ParentRunner.java:53)
	at org.junit.runners.ParentRunner$2.evaluate(ParentRunner.java:229)
	at org.junit.runners.ParentRunner.run(ParentRunner.java:309)
	at org.apache.maven.surefire.junit4.JUnit4Provider.execute(JUnit4Provider.java:365)
	at org.apache.maven.surefire.junit4.JUnit4Provider.executeWithRerun(JUnit4Provider.java:273)
	at org.apache.maven.surefire.junit4.JUnit4Provider.executeTestSet(JUnit4Provider.java:238)
	at org.apache.maven.surefire.junit4.JUnit4Provider.invoke(JUnit4Provider.java:159)
	at org.apache.maven.surefire.booter.ForkedBooter.invokeProviderInSameClassLoader(ForkedBooter.java:384)
	at org.apache.maven.surefire.booter.ForkedBooter.runSuitesInProcess(ForkedBooter.java:345)
	at org.apache.maven.surefire.booter.ForkedBooter.execute(ForkedBooter.java:126)
	at org.apache.maven.surefire.booter.ForkedBooter.main(ForkedBooter.java:418)
2019-09-26 15:57:39,593 [main] WARN  io.KeyOutputStream (KeyOutputStream.java:handleException(274)) - Encountered exception java.io.IOException: Unexpected Storage Container Exception: java.io.IOException: Unexpected Storage Container Exception: java.util.concurrent.TimeoutException on the pipeline Pipeline[ Id: 1a887287-7977-4789-ae6d-00541b8cf1a2, Nodes: 6899c05a-55c2-4a69-99b1-2cb7e601e4ae{ip: 192.168.164.210, host: pr-hdds-2185-nx5sg-2633547614, networkLocation: /default-rack, certSerialId: null}87b128cd-da01-4ba7-9b9b-a2a1b5272d7b{ip: 192.168.164.210, host: pr-hdds-2185-nx5sg-2633547614, networkLocation: /default-rack, certSerialId: null}735002fd-e857-4e03-a830-88a48acb9de9{ip: 192.168.164.210, host: pr-hdds-2185-nx5sg-2633547614, networkLocation: /default-rack, certSerialId: null}, Type:RATIS, Factor:THREE, State:OPEN]. The last committed block length is 400, uncommitted data length is 50 retry count 0
2019-09-26 15:57:41,778 [Thread-3908] INFO  impl.FollowerState (FollowerState.java:run(106)) - 1346a0e7-0f31-418c-877c-49893fac4105:group-A4974D930B56 changes to CANDIDATE, lastRpcTime:5030, electionTimeout:5030ms
2019-09-26 15:57:41,781 [Thread-3908] INFO  impl.RoleInfo (RoleInfo.java:shutdownFollowerState(121)) - 1346a0e7-0f31-418c-877c-49893fac4105: shutdown FollowerState
2019-09-26 15:57:41,781 [Thread-3908] INFO  impl.RaftServerImpl (RaftServerImpl.java:setRole(174)) - 1346a0e7-0f31-418c-877c-49893fac4105@group-A4974D930B56: changes role from  FOLLOWER to CANDIDATE at term 1 for changeToCandidate
2019-09-26 15:57:41,781 [Thread-3908] INFO  impl.RoleInfo (RoleInfo.java:updateAndGet(143)) - 1346a0e7-0f31-418c-877c-49893fac4105: start LeaderElection
2019-09-26 15:57:41,807 [Thread-3906] INFO  impl.FollowerState (FollowerState.java:run(106)) - 81e39e0c-175c-4999-a8b5-57b67040d31c:group-A4974D930B56 changes to CANDIDATE, lastRpcTime:5070, electionTimeout:5070ms
2019-09-26 15:57:41,810 [Thread-3906] INFO  impl.RoleInfo (RoleInfo.java:shutdownFollowerState(121)) - 81e39e0c-175c-4999-a8b5-57b67040d31c: shutdown FollowerState
2019-09-26 15:57:41,810 [Thread-3906] INFO  impl.RaftServerImpl (RaftServerImpl.java:setRole(174)) - 81e39e0c-175c-4999-a8b5-57b67040d31c@group-A4974D930B56: changes role from  FOLLOWER to CANDIDATE at term 1 for changeToCandidate
2019-09-26 15:57:41,810 [Thread-3906] INFO  impl.RoleInfo (RoleInfo.java:updateAndGet(143)) - 81e39e0c-175c-4999-a8b5-57b67040d31c: start LeaderElection
2019-09-26 15:57:41,818 [Thread-3907] INFO  impl.FollowerState (FollowerState.java:run(106)) - 3c29fdfe-8ae9-43bb-8275-89fa11997db1:group-A4974D930B56 changes to CANDIDATE, lastRpcTime:5073, electionTimeout:5073ms
2019-09-26 15:57:41,818 [Thread-3907] INFO  impl.RoleInfo (RoleInfo.java:shutdownFollowerState(121)) - 3c29fdfe-8ae9-43bb-8275-89fa11997db1: shutdown FollowerState
2019-09-26 15:57:41,818 [Thread-3907] INFO  impl.RaftServerImpl (RaftServerImpl.java:setRole(174)) - 3c29fdfe-8ae9-43bb-8275-89fa11997db1@group-A4974D930B56: changes role from  FOLLOWER to CANDIDATE at term 1 for changeToCandidate
2019-09-26 15:57:41,818 [Thread-3907] INFO  impl.RoleInfo (RoleInfo.java:updateAndGet(143)) - 3c29fdfe-8ae9-43bb-8275-89fa11997db1: start LeaderElection
2019-09-26 15:57:41,889 [1346a0e7-0f31-418c-877c-49893fac4105@group-A4974D930B56:LeaderElection89] INFO  impl.LeaderElection (LeaderElection.java:askForVotes(182)) - 1346a0e7-0f31-418c-877c-49893fac4105@group-A4974D930B56:LeaderElection89: begin an election at term 2 for -1: [1346a0e7-0f31-418c-877c-49893fac4105:192.168.164.210:42504, 81e39e0c-175c-4999-a8b5-57b67040d31c:192.168.164.210:46641, 3c29fdfe-8ae9-43bb-8275-89fa11997db1:192.168.164.210:44740], old=null
2019-09-26 15:57:41,891 [81e39e0c-175c-4999-a8b5-57b67040d31c@group-A4974D930B56:LeaderElection90] INFO  impl.LeaderElection (LeaderElection.java:askForVotes(182)) - 81e39e0c-175c-4999-a8b5-57b67040d31c@group-A4974D930B56:LeaderElection90: begin an election at term 2 for -1: [1346a0e7-0f31-418c-877c-49893fac4105:192.168.164.210:42504, 81e39e0c-175c-4999-a8b5-57b67040d31c:192.168.164.210:46641, 3c29fdfe-8ae9-43bb-8275-89fa11997db1:192.168.164.210:44740], old=null
2019-09-26 15:57:41,891 [3c29fdfe-8ae9-43bb-8275-89fa11997db1@group-A4974D930B56:LeaderElection91] INFO  impl.LeaderElection (LeaderElection.java:askForVotes(182)) - 3c29fdfe-8ae9-43bb-8275-89fa11997db1@group-A4974D930B56:LeaderElection91: begin an election at term 2 for -1: [1346a0e7-0f31-418c-877c-49893fac4105:192.168.164.210:42504, 81e39e0c-175c-4999-a8b5-57b67040d31c:192.168.164.210:46641, 3c29fdfe-8ae9-43bb-8275-89fa11997db1:192.168.164.210:44740], old=null
2019-09-26 15:57:41,892 [1346a0e7-0f31-418c-877c-49893fac4105@group-A4974D930B56:LeaderElection89] INFO  impl.LeaderElection (LeaderElection.java:logAndReturn(56)) - 1346a0e7-0f31-418c-877c-49893fac4105@group-A4974D930B56:LeaderElection89: Election REJECTED; received 2 response(s) [1346a0e7-0f31-418c-877c-49893fac4105<-81e39e0c-175c-4999-a8b5-57b67040d31c#0:FAIL-t2, 1346a0e7-0f31-418c-877c-49893fac4105<-3c29fdfe-8ae9-43bb-8275-89fa11997db1#0:FAIL-t2] and 0 exception(s); 1346a0e7-0f31-418c-877c-49893fac4105@group-A4974D930B56:t2, leader=null, voted=1346a0e7-0f31-418c-877c-49893fac4105, raftlog=1346a0e7-0f31-418c-877c-49893fac4105@group-A4974D930B56-SegmentedRaftLog:OPENED:c-1,f-1,i0, conf=-1: [1346a0e7-0f31-418c-877c-49893fac4105:192.168.164.210:42504, 81e39e0c-175c-4999-a8b5-57b67040d31c:192.168.164.210:46641, 3c29fdfe-8ae9-43bb-8275-89fa11997db1:192.168.164.210:44740], old=null
2019-09-26 15:57:41,892 [1346a0e7-0f31-418c-877c-49893fac4105@group-A4974D930B56:LeaderElection89] INFO  impl.RaftServerImpl (RaftServerImpl.java:setRole(174)) - 1346a0e7-0f31-418c-877c-49893fac4105@group-A4974D930B56: changes role from CANDIDATE to FOLLOWER at term 2 for DISCOVERED_A_NEW_TERM
2019-09-26 15:57:41,892 [1346a0e7-0f31-418c-877c-49893fac4105@group-A4974D930B56:LeaderElection89] INFO  impl.RoleInfo (RoleInfo.java:shutdownLeaderElection(134)) - 1346a0e7-0f31-418c-877c-49893fac4105: shutdown LeaderElection
2019-09-26 15:57:41,892 [1346a0e7-0f31-418c-877c-49893fac4105@group-A4974D930B56:LeaderElection89] INFO  impl.RoleInfo (RoleInfo.java:updateAndGet(143)) - 1346a0e7-0f31-418c-877c-49893fac4105: start FollowerState
2019-09-26 15:57:41,893 [3c29fdfe-8ae9-43bb-8275-89fa11997db1@group-A4974D930B56:LeaderElection91] INFO  impl.LeaderElection (LeaderElection.java:logAndReturn(56)) - 3c29fdfe-8ae9-43bb-8275-89fa11997db1@group-A4974D930B56:LeaderElection91: Election REJECTED; received 2 response(s) [3c29fdfe-8ae9-43bb-8275-89fa11997db1<-1346a0e7-0f31-418c-877c-49893fac4105#0:FAIL-t2, 3c29fdfe-8ae9-43bb-8275-89fa11997db1<-81e39e0c-175c-4999-a8b5-57b67040d31c#0:FAIL-t2] and 0 exception(s); 3c29fdfe-8ae9-43bb-8275-89fa11997db1@group-A4974D930B56:t2, leader=null, voted=3c29fdfe-8ae9-43bb-8275-89fa11997db1, raftlog=3c29fdfe-8ae9-43bb-8275-89fa11997db1@group-A4974D930B56-SegmentedRaftLog:OPENED:c-1,f-1,i0, conf=-1: [1346a0e7-0f31-418c-877c-49893fac4105:192.168.164.210:42504, 81e39e0c-175c-4999-a8b5-57b67040d31c:192.168.164.210:46641, 3c29fdfe-8ae9-43bb-8275-89fa11997db1:192.168.164.210:44740], old=null
2019-09-26 15:57:41,893 [81e39e0c-175c-4999-a8b5-57b67040d31c@group-A4974D930B56:LeaderElection90] INFO  impl.LeaderElection (LeaderElection.java:logAndReturn(56)) - 81e39e0c-175c-4999-a8b5-57b67040d31c@group-A4974D930B56:LeaderElection90: Election REJECTED; received 2 response(s) [81e39e0c-175c-4999-a8b5-57b67040d31c<-1346a0e7-0f31-418c-877c-49893fac4105#0:FAIL-t2, 81e39e0c-175c-4999-a8b5-57b67040d31c<-3c29fdfe-8ae9-43bb-8275-89fa11997db1#0:FAIL-t2] and 0 exception(s); 81e39e0c-175c-4999-a8b5-57b67040d31c@group-A4974D930B56:t2, leader=null, voted=81e39e0c-175c-4999-a8b5-57b67040d31c, raftlog=81e39e0c-175c-4999-a8b5-57b67040d31c@group-A4974D930B56-SegmentedRaftLog:OPENED:c-1,f-1,i0, conf=-1: [1346a0e7-0f31-418c-877c-49893fac4105:192.168.164.210:42504, 81e39e0c-175c-4999-a8b5-57b67040d31c:192.168.164.210:46641, 3c29fdfe-8ae9-43bb-8275-89fa11997db1:192.168.164.210:44740], old=null
2019-09-26 15:57:41,896 [3c29fdfe-8ae9-43bb-8275-89fa11997db1@group-A4974D930B56:LeaderElection91] INFO  impl.RaftServerImpl (RaftServerImpl.java:setRole(174)) - 3c29fdfe-8ae9-43bb-8275-89fa11997db1@group-A4974D930B56: changes role from CANDIDATE to FOLLOWER at term 2 for DISCOVERED_A_NEW_TERM
2019-09-26 15:57:41,898 [81e39e0c-175c-4999-a8b5-57b67040d31c@group-A4974D930B56:LeaderElection90] INFO  impl.RaftServerImpl (RaftServerImpl.java:setRole(174)) - 81e39e0c-175c-4999-a8b5-57b67040d31c@group-A4974D930B56: changes role from CANDIDATE to FOLLOWER at term 2 for DISCOVERED_A_NEW_TERM
2019-09-26 15:57:41,898 [3c29fdfe-8ae9-43bb-8275-89fa11997db1@group-A4974D930B56:LeaderElection91] INFO  impl.RoleInfo (RoleInfo.java:shutdownLeaderElection(134)) - 3c29fdfe-8ae9-43bb-8275-89fa11997db1: shutdown LeaderElection
2019-09-26 15:57:41,900 [81e39e0c-175c-4999-a8b5-57b67040d31c@group-A4974D930B56:LeaderElection90] INFO  impl.RoleInfo (RoleInfo.java:shutdownLeaderElection(134)) - 81e39e0c-175c-4999-a8b5-57b67040d31c: shutdown LeaderElection
2019-09-26 15:57:41,900 [3c29fdfe-8ae9-43bb-8275-89fa11997db1@group-A4974D930B56:LeaderElection91] INFO  impl.RoleInfo (RoleInfo.java:updateAndGet(143)) - 3c29fdfe-8ae9-43bb-8275-89fa11997db1: start FollowerState
2019-09-26 15:57:41,900 [81e39e0c-175c-4999-a8b5-57b67040d31c@group-A4974D930B56:LeaderElection90] INFO  impl.RoleInfo (RoleInfo.java:updateAndGet(143)) - 81e39e0c-175c-4999-a8b5-57b67040d31c: start FollowerState
2019-09-26 15:57:46,983 [Thread-3977] INFO  impl.FollowerState (FollowerState.java:run(106)) - 1346a0e7-0f31-418c-877c-49893fac4105:group-A4974D930B56 changes to CANDIDATE, lastRpcTime:5090, electionTimeout:5090ms
2019-09-26 15:57:46,983 [Thread-3977] INFO  impl.RoleInfo (RoleInfo.java:shutdownFollowerState(121)) - 1346a0e7-0f31-418c-877c-49893fac4105: shutdown FollowerState
2019-09-26 15:57:46,984 [Thread-3977] INFO  impl.RaftServerImpl (RaftServerImpl.java:setRole(174)) - 1346a0e7-0f31-418c-877c-49893fac4105@group-A4974D930B56: changes role from  FOLLOWER to CANDIDATE at term 2 for changeToCandidate
2019-09-26 15:57:46,984 [Thread-3977] INFO  impl.RoleInfo (RoleInfo.java:updateAndGet(143)) - 1346a0e7-0f31-418c-877c-49893fac4105: start LeaderElection
2019-09-26 15:57:47,000 [1346a0e7-0f31-418c-877c-49893fac4105@group-A4974D930B56:LeaderElection92] INFO  impl.LeaderElection (LeaderElection.java:askForVotes(182)) - 1346a0e7-0f31-418c-877c-49893fac4105@group-A4974D930B56:LeaderElection92: begin an election at term 3 for -1: [1346a0e7-0f31-418c-877c-49893fac4105:192.168.164.210:42504, 81e39e0c-175c-4999-a8b5-57b67040d31c:192.168.164.210:46641, 3c29fdfe-8ae9-43bb-8275-89fa11997db1:192.168.164.210:44740], old=null
2019-09-26 15:57:47,003 [grpc-default-executor-9] INFO  impl.RaftServerImpl (RaftServerImpl.java:setRole(174)) - 3c29fdfe-8ae9-43bb-8275-89fa11997db1@group-A4974D930B56: changes role from  FOLLOWER to FOLLOWER at term 3 for recognizeCandidate:1346a0e7-0f31-418c-877c-49893fac4105
2019-09-26 15:57:47,003 [grpc-default-executor-10] INFO  impl.RaftServerImpl (RaftServerImpl.java:setRole(174)) - 81e39e0c-175c-4999-a8b5-57b67040d31c@group-A4974D930B56: changes role from  FOLLOWER to FOLLOWER at term 3 for recognizeCandidate:1346a0e7-0f31-418c-877c-49893fac4105
2019-09-26 15:57:47,004 [grpc-default-executor-9] INFO  impl.RoleInfo (RoleInfo.java:shutdownFollowerState(121)) - 3c29fdfe-8ae9-43bb-8275-89fa11997db1: shutdown FollowerState
2019-09-26 15:57:47,004 [grpc-default-executor-10] INFO  impl.RoleInfo (RoleInfo.java:shutdownFollowerState(121)) - 81e39e0c-175c-4999-a8b5-57b67040d31c: shutdown FollowerState
2019-09-26 15:57:47,004 [grpc-default-executor-9] INFO  impl.RoleInfo (RoleInfo.java:updateAndGet(143)) - 3c29fdfe-8ae9-43bb-8275-89fa11997db1: start FollowerState
2019-09-26 15:57:47,004 [grpc-default-executor-10] INFO  impl.RoleInfo (RoleInfo.java:updateAndGet(143)) - 81e39e0c-175c-4999-a8b5-57b67040d31c: start FollowerState
2019-09-26 15:57:47,004 [Thread-3978] INFO  impl.FollowerState (FollowerState.java:run(115)) - 3c29fdfe-8ae9-43bb-8275-89fa11997db1: FollowerState was interrupted: java.lang.InterruptedException: sleep interrupted
2019-09-26 15:57:47,004 [Thread-3979] INFO  impl.FollowerState (FollowerState.java:run(115)) - 81e39e0c-175c-4999-a8b5-57b67040d31c: FollowerState was interrupted: java.lang.InterruptedException: sleep interrupted
2019-09-26 15:57:47,028 [1346a0e7-0f31-418c-877c-49893fac4105@group-A4974D930B56:LeaderElection92] INFO  impl.LeaderElection (LeaderElection.java:logAndReturn(56)) - 1346a0e7-0f31-418c-877c-49893fac4105@group-A4974D930B56:LeaderElection92: Election PASSED; received 1 response(s) [1346a0e7-0f31-418c-877c-49893fac4105<-81e39e0c-175c-4999-a8b5-57b67040d31c#0:OK-t3] and 0 exception(s); 1346a0e7-0f31-418c-877c-49893fac4105@group-A4974D930B56:t3, leader=null, voted=1346a0e7-0f31-418c-877c-49893fac4105, raftlog=1346a0e7-0f31-418c-877c-49893fac4105@group-A4974D930B56-SegmentedRaftLog:OPENED:c-1,f-1,i0, conf=-1: [1346a0e7-0f31-418c-877c-49893fac4105:192.168.164.210:42504, 81e39e0c-175c-4999-a8b5-57b67040d31c:192.168.164.210:46641, 3c29fdfe-8ae9-43bb-8275-89fa11997db1:192.168.164.210:44740], old=null
2019-09-26 15:57:47,028 [1346a0e7-0f31-418c-877c-49893fac4105@group-A4974D930B56:LeaderElection92] INFO  impl.RoleInfo (RoleInfo.java:shutdownLeaderElection(134)) - 1346a0e7-0f31-418c-877c-49893fac4105: shutdown LeaderElection
2019-09-26 15:57:47,028 [1346a0e7-0f31-418c-877c-49893fac4105@group-A4974D930B56:LeaderElection92] INFO  impl.RaftServerImpl (RaftServerImpl.java:setRole(174)) - 1346a0e7-0f31-418c-877c-49893fac4105@group-A4974D930B56: changes role from CANDIDATE to LEADER at term 3 for changeToLeader
2019-09-26 15:57:47,029 [1346a0e7-0f31-418c-877c-49893fac4105@group-A4974D930B56:LeaderElection92] INFO  impl.RaftServerImpl (ServerState.java:setLeader(253)) - 1346a0e7-0f31-418c-877c-49893fac4105@group-A4974D930B56: change Leader from null to 1346a0e7-0f31-418c-877c-49893fac4105 at term 3 for becomeLeader, leader elected after 15489ms
2019-09-26 15:57:47,029 [1346a0e7-0f31-418c-877c-49893fac4105@group-A4974D930B56:LeaderElection92] INFO  server.RaftServerConfigKeys (ConfUtils.java:logGet(43)) - raft.server.staging.catchup.gap = 1000 (default)
2019-09-26 15:57:47,029 [1346a0e7-0f31-418c-877c-49893fac4105@group-A4974D930B56:LeaderElection92] INFO  server.RaftServerConfigKeys (ConfUtils.java:logGet(43)) - raft.server.rpc.sleep.time = 25ms (default)
2019-09-26 15:57:47,029 [1346a0e7-0f31-418c-877c-49893fac4105@group-A4974D930B56:LeaderElection92] INFO  server.RaftServerConfigKeys (ConfUtils.java:logGet(43)) - raft.server.write.element-limit = 4096 (default)
2019-09-26 15:57:47,029 [1346a0e7-0f31-418c-877c-49893fac4105@group-A4974D930B56:LeaderElection92] INFO  server.RaftServerConfigKeys (ConfUtils.java:logGet(43)) - raft.server.watch.timeout = 10s (default)
2019-09-26 15:57:47,029 [1346a0e7-0f31-418c-877c-49893fac4105@group-A4974D930B56:LeaderElection92] INFO  server.RaftServerConfigKeys (ConfUtils.java:logGet(43)) - raft.server.watch.timeout.denomination = 1s (default)
2019-09-26 15:57:47,029 [1346a0e7-0f31-418c-877c-49893fac4105@group-A4974D930B56:LeaderElection92] INFO  server.RaftServerConfigKeys (ConfUtils.java:logGet(43)) - raft.server.watch.element-limit = 65536 (default)
2019-09-26 15:57:47,032 [1346a0e7-0f31-418c-877c-49893fac4105@group-A4974D930B56:LeaderElection92] INFO  server.RaftServerConfigKeys (ConfUtils.java:logGet(43)) - raft.server.log.appender.snapshot.chunk.size.max = 16MB (=16777216) (default)
2019-09-26 15:57:47,033 [1346a0e7-0f31-418c-877c-49893fac4105@group-A4974D930B56:LeaderElection92] INFO  server.RaftServerConfigKeys (ConfUtils.java:logGet(43)) - raft.server.log.appender.buffer.byte-limit = 33554432 (custom)
2019-09-26 15:57:47,033 [1346a0e7-0f31-418c-877c-49893fac4105@group-A4974D930B56:LeaderElection92] INFO  server.RaftServerConfigKeys (ConfUtils.java:logGet(43)) - raft.server.log.appender.buffer.element-limit = 1 (custom)
2019-09-26 15:57:47,033 [1346a0e7-0f31-418c-877c-49893fac4105@group-A4974D930B56:LeaderElection92] INFO  grpc.GrpcConfigKeys$Server (ConfUtils.java:logGet(43)) - raft.grpc.server.leader.outstanding.appends.max = 128 (default)
2019-09-26 15:57:47,033 [1346a0e7-0f31-418c-877c-49893fac4105@group-A4974D930B56:LeaderElection92] INFO  server.RaftServerConfigKeys (ConfUtils.java:logGet(43)) - raft.server.rpc.request.timeout = 3000ms (default)
2019-09-26 15:57:47,033 [1346a0e7-0f31-418c-877c-49893fac4105@group-A4974D930B56:LeaderElection92] INFO  server.RaftServerConfigKeys (ConfUtils.java:logGet(43)) - raft.server.log.appender.install.snapshot.enabled = false (custom)
2019-09-26 15:57:47,033 [1346a0e7-0f31-418c-877c-49893fac4105@group-A4974D930B56:LeaderElection92] INFO  server.RaftServerConfigKeys (ConfUtils.java:logGet(43)) - raft.server.log.appender.snapshot.chunk.size.max = 16MB (=16777216) (default)
2019-09-26 15:57:47,033 [1346a0e7-0f31-418c-877c-49893fac4105@group-A4974D930B56:LeaderElection92] INFO  server.RaftServerConfigKeys (ConfUtils.java:logGet(43)) - raft.server.log.appender.buffer.byte-limit = 33554432 (custom)
2019-09-26 15:57:47,033 [1346a0e7-0f31-418c-877c-49893fac4105@group-A4974D930B56:LeaderElection92] INFO  server.RaftServerConfigKeys (ConfUtils.java:logGet(43)) - raft.server.log.appender.buffer.element-limit = 1 (custom)
2019-09-26 15:57:47,034 [1346a0e7-0f31-418c-877c-49893fac4105@group-A4974D930B56:LeaderElection92] INFO  grpc.GrpcConfigKeys$Server (ConfUtils.java:logGet(43)) - raft.grpc.server.leader.outstanding.appends.max = 128 (default)
2019-09-26 15:57:47,034 [1346a0e7-0f31-418c-877c-49893fac4105@group-A4974D930B56:LeaderElection92] INFO  server.RaftServerConfigKeys (ConfUtils.java:logGet(43)) - raft.server.rpc.request.timeout = 3000ms (default)
2019-09-26 15:57:47,034 [1346a0e7-0f31-418c-877c-49893fac4105@group-A4974D930B56:LeaderElection92] INFO  server.RaftServerConfigKeys (ConfUtils.java:logGet(43)) - raft.server.log.appender.install.snapshot.enabled = false (custom)
2019-09-26 15:57:47,034 [1346a0e7-0f31-418c-877c-49893fac4105@group-A4974D930B56:LeaderElection92] INFO  impl.RoleInfo (RoleInfo.java:updateAndGet(143)) - 1346a0e7-0f31-418c-877c-49893fac4105: start LeaderState
2019-09-26 15:57:47,034 [1346a0e7-0f31-418c-877c-49893fac4105@group-A4974D930B56:LeaderElection92] INFO  segmented.SegmentedRaftLogWorker (SegmentedRaftLogWorker.java:startLogSegment(380)) - 1346a0e7-0f31-418c-877c-49893fac4105@group-A4974D930B56-SegmentedRaftLogWorker: Starting segment from index:0
2019-09-26 15:57:47,035 [1346a0e7-0f31-418c-877c-49893fac4105@group-A4974D930B56:LeaderElection92] INFO  impl.RaftServerImpl (ServerState.java:setRaftConf(354)) - 1346a0e7-0f31-418c-877c-49893fac4105@group-A4974D930B56: set configuration 0: [1346a0e7-0f31-418c-877c-49893fac4105:192.168.164.210:42504, 81e39e0c-175c-4999-a8b5-57b67040d31c:192.168.164.210:46641, 3c29fdfe-8ae9-43bb-8275-89fa11997db1:192.168.164.210:44740], old=null at 0
2019-09-26 15:57:47,062 [grpc-default-executor-9] INFO  impl.RaftServerImpl (ServerState.java:setLeader(253)) - 3c29fdfe-8ae9-43bb-8275-89fa11997db1@group-A4974D930B56: change Leader from null to 1346a0e7-0f31-418c-877c-49893fac4105 at term 3 for appendEntries, leader elected after 15522ms
2019-09-26 15:57:47,065 [1346a0e7-0f31-418c-877c-49893fac4105@group-A4974D930B56-SegmentedRaftLogWorker] INFO  segmented.SegmentedRaftLogWorker (SegmentedRaftLogWorker.java:execute(569)) - 1346a0e7-0f31-418c-877c-49893fac4105@group-A4974D930B56-SegmentedRaftLogWorker: created new log segment /workdir/hadoop-ozone/integration-test/target/test-dir/MiniOzoneClusterImpl-1df8c159-28a8-44dd-adf8-68b36ae703f1/datanode-6/data/ratis/7361a078-e507-432e-800a-a4974d930b56/current/log_inprogress_0
2019-09-26 15:57:47,062 [grpc-default-executor-10] INFO  impl.RaftServerImpl (ServerState.java:setLeader(253)) - 81e39e0c-175c-4999-a8b5-57b67040d31c@group-A4974D930B56: change Leader from null to 1346a0e7-0f31-418c-877c-49893fac4105 at term 3 for appendEntries, leader elected after 15519ms
2019-09-26 15:57:47,067 [grpc-default-executor-10] INFO  impl.RaftServerImpl (ServerState.java:setRaftConf(354)) - 81e39e0c-175c-4999-a8b5-57b67040d31c@group-A4974D930B56: set configuration 0: [1346a0e7-0f31-418c-877c-49893fac4105:192.168.164.210:42504, 81e39e0c-175c-4999-a8b5-57b67040d31c:192.168.164.210:46641, 3c29fdfe-8ae9-43bb-8275-89fa11997db1:192.168.164.210:44740], old=null at 0
2019-09-26 15:57:47,067 [grpc-default-executor-9] INFO  impl.RaftServerImpl (ServerState.java:setRaftConf(354)) - 3c29fdfe-8ae9-43bb-8275-89fa11997db1@group-A4974D930B56: set configuration 0: [1346a0e7-0f31-418c-877c-49893fac4105:192.168.164.210:42504, 81e39e0c-175c-4999-a8b5-57b67040d31c:192.168.164.210:46641, 3c29fdfe-8ae9-43bb-8275-89fa11997db1:192.168.164.210:44740], old=null at 0
2019-09-26 15:57:47,067 [grpc-default-executor-10] INFO  segmented.SegmentedRaftLogWorker (SegmentedRaftLogWorker.java:startLogSegment(380)) - 81e39e0c-175c-4999-a8b5-57b67040d31c@group-A4974D930B56-SegmentedRaftLogWorker: Starting segment from index:0
2019-09-26 15:57:47,067 [grpc-default-executor-9] INFO  segmented.SegmentedRaftLogWorker (SegmentedRaftLogWorker.java:startLogSegment(380)) - 3c29fdfe-8ae9-43bb-8275-89fa11997db1@group-A4974D930B56-SegmentedRaftLogWorker: Starting segment from index:0
2019-09-26 15:57:47,095 [3c29fdfe-8ae9-43bb-8275-89fa11997db1@group-A4974D930B56-SegmentedRaftLogWorker] INFO  segmented.SegmentedRaftLogWorker (SegmentedRaftLogWorker.java:execute(569)) - 3c29fdfe-8ae9-43bb-8275-89fa11997db1@group-A4974D930B56-SegmentedRaftLogWorker: created new log segment /workdir/hadoop-ozone/integration-test/target/test-dir/MiniOzoneClusterImpl-1df8c159-28a8-44dd-adf8-68b36ae703f1/datanode-3/data/ratis/7361a078-e507-432e-800a-a4974d930b56/current/log_inprogress_0
2019-09-26 15:57:47,099 [81e39e0c-175c-4999-a8b5-57b67040d31c@group-A4974D930B56-SegmentedRaftLogWorker] INFO  segmented.SegmentedRaftLogWorker (SegmentedRaftLogWorker.java:execute(569)) - 81e39e0c-175c-4999-a8b5-57b67040d31c@group-A4974D930B56-SegmentedRaftLogWorker: created new log segment /workdir/hadoop-ozone/integration-test/target/test-dir/MiniOzoneClusterImpl-1df8c159-28a8-44dd-adf8-68b36ae703f1/datanode-5/data/ratis/7361a078-e507-432e-800a-a4974d930b56/current/log_inprogress_0
2019-09-26 15:57:47,923 [main] INFO  ozone.MiniOzoneClusterImpl (MiniOzoneClusterImpl.java:shutdown(314)) - Shutting down the Mini Ozone Cluster
2019-09-26 15:57:47,924 [main] INFO  ozone.MiniOzoneClusterImpl (MiniOzoneClusterImpl.java:stop(330)) - Stopping the Mini Ozone Cluster
2019-09-26 15:57:47,924 [main] INFO  ozone.MiniOzoneClusterImpl (MiniOzoneClusterImpl.java:stopOM(400)) - Stopping the OzoneManager
2019-09-26 15:57:47,924 [main] INFO  ipc.Server (Server.java:stop(3082)) - Stopping server on 38670
2019-09-26 15:57:47,953 [IPC Server listener on 38670] INFO  ipc.Server (Server.java:run(1185)) - Stopping IPC Server listener on 38670
2019-09-26 15:57:47,953 [main] INFO  ratis.OzoneManagerDoubleBuffer (OzoneManagerDoubleBuffer.java:stop(248)) - Stopping OMDoubleBuffer flush thread
2019-09-26 15:57:47,953 [IPC Server Responder] INFO  ipc.Server (Server.java:run(1319)) - Stopping IPC Server Responder
2019-09-26 15:57:47,957 [OMDoubleBufferFlushThread] INFO  ratis.OzoneManagerDoubleBuffer (OzoneManagerDoubleBuffer.java:flushTransactions(191)) - OMDoubleBuffer flush thread OMDoubleBufferFlushThread is interrupted and will exit. OMDoubleBufferFlushThread
2019-09-26 15:57:47,958 [main] INFO  utils.BackgroundService (BackgroundService.java:shutdown(148)) - Shutting down service KeyDeletingService
2019-09-26 15:57:47,959 [main] INFO  handler.ContextHandler (ContextHandler.java:doStop(910)) - Stopped o.e.j.w.WebAppContext@a3b858f{/,null,UNAVAILABLE}{/ozoneManager}
2019-09-26 15:57:47,959 [main] INFO  server.AbstractConnector (AbstractConnector.java:doStop(318)) - Stopped ServerConnector@600bbf9e{HTTP/1.1,[http/1.1]}{0.0.0.0:0}
2019-09-26 15:57:47,960 [main] INFO  handler.ContextHandler (ContextHandler.java:doStop(910)) - Stopped o.e.j.s.ServletContextHandler@2326180c{/static,file:///workdir/hadoop-ozone/integration-test/target/test-classes/webapps/static,UNAVAILABLE}
2019-09-26 15:57:47,960 [main] INFO  handler.ContextHandler (ContextHandler.java:doStop(910)) - Stopped o.e.j.s.ServletContextHandler@53e93fb7{/logs,file:///workdir/hadoop-ozone/integration-test/target/log,UNAVAILABLE}
2019-09-26 15:57:47,962 [main] INFO  ozone.MiniOzoneClusterImpl (MiniOzoneClusterImpl.java:stopDatanodes(377)) - Stopping the HddsDatanodes
2019-09-26 15:57:47,994 [Datanode State Machine Thread - 0] INFO  statemachine.DatanodeStateMachine (DatanodeStateMachine.java:lambda$startDaemon$0(350)) - Ozone container server started.
2019-09-26 15:57:48,309 [Datanode State Machine Thread - 0] INFO  statemachine.DatanodeStateMachine (DatanodeStateMachine.java:lambda$startDaemon$0(350)) - Ozone container server started.
2019-09-26 15:57:52,043 [EventQueue-StaleNodeForStaleNodeHandler] INFO  node.StaleNodeHandler (StaleNodeHandler.java:onMessage(58)) - Datanode 735002fd-e857-4e03-a830-88a48acb9de9{ip: 192.168.164.210, host: pr-hdds-2185-nx5sg-2633547614, networkLocation: /default-rack, certSerialId: null} moved to stale state. Finalizing its pipelines [PipelineID=1a887287-7977-4789-ae6d-00541b8cf1a2, PipelineID=86534e4e-307e-44da-b7b4-467d9036bc8e]
2019-09-26 15:57:52,044 [EventQueue-StaleNodeForStaleNodeHandler] INFO  pipeline.SCMPipelineManager (SCMPipelineManager.java:finalizeAndDestroyPipeline(315)) - destroying pipeline:Pipeline[ Id: 1a887287-7977-4789-ae6d-00541b8cf1a2, Nodes: 6899c05a-55c2-4a69-99b1-2cb7e601e4ae{ip: 192.168.164.210, host: pr-hdds-2185-nx5sg-2633547614, networkLocation: /default-rack, certSerialId: null}87b128cd-da01-4ba7-9b9b-a2a1b5272d7b{ip: 192.168.164.210, host: pr-hdds-2185-nx5sg-2633547614, networkLocation: /default-rack, certSerialId: null}735002fd-e857-4e03-a830-88a48acb9de9{ip: 192.168.164.210, host: pr-hdds-2185-nx5sg-2633547614, networkLocation: /default-rack, certSerialId: null}, Type:RATIS, Factor:THREE, State:OPEN]
2019-09-26 15:57:52,044 [EventQueue-StaleNodeForStaleNodeHandler] INFO  pipeline.PipelineStateManager (PipelineStateManager.java:finalizePipeline(123)) - Pipeline Pipeline[ Id: 1a887287-7977-4789-ae6d-00541b8cf1a2, Nodes: 6899c05a-55c2-4a69-99b1-2cb7e601e4ae{ip: 192.168.164.210, host: pr-hdds-2185-nx5sg-2633547614, networkLocation: /default-rack, certSerialId: null}87b128cd-da01-4ba7-9b9b-a2a1b5272d7b{ip: 192.168.164.210, host: pr-hdds-2185-nx5sg-2633547614, networkLocation: /default-rack, certSerialId: null}735002fd-e857-4e03-a830-88a48acb9de9{ip: 192.168.164.210, host: pr-hdds-2185-nx5sg-2633547614, networkLocation: /default-rack, certSerialId: null}, Type:RATIS, Factor:THREE, State:CLOSED] moved to CLOSED state
2019-09-26 15:57:52,044 [EventQueue-CloseContainerForCloseContainerEventHandler] INFO  container.CloseContainerEventHandler (CloseContainerEventHandler.java:onMessage(61)) - Close container Event triggered for container : #1
2019-09-26 15:57:52,049 [EventQueue-StaleNodeForStaleNodeHandler] INFO  pipeline.SCMPipelineManager (SCMPipelineManager.java:finalizeAndDestroyPipeline(315)) - destroying pipeline:Pipeline[ Id: 86534e4e-307e-44da-b7b4-467d9036bc8e, Nodes: 735002fd-e857-4e03-a830-88a48acb9de9{ip: 192.168.164.210, host: pr-hdds-2185-nx5sg-2633547614, networkLocation: /default-rack, certSerialId: null}, Type:RATIS, Factor:ONE, State:OPEN]
2019-09-26 15:57:52,051 [EventQueue-StaleNodeForStaleNodeHandler] INFO  pipeline.PipelineStateManager (PipelineStateManager.java:finalizePipeline(123)) - Pipeline Pipeline[ Id: 86534e4e-307e-44da-b7b4-467d9036bc8e, Nodes: 735002fd-e857-4e03-a830-88a48acb9de9{ip: 192.168.164.210, host: pr-hdds-2185-nx5sg-2633547614, networkLocation: /default-rack, certSerialId: null}, Type:RATIS, Factor:ONE, State:CLOSED] moved to CLOSED state
2019-09-26 15:57:52,344 [EventQueue-StaleNodeForStaleNodeHandler] INFO  node.StaleNodeHandler (StaleNodeHandler.java:onMessage(58)) - Datanode bea808cd-3eed-4b93-bbe3-f1a90e8e9f57{ip: 192.168.164.210, host: pr-hdds-2185-nx5sg-2633547614, networkLocation: /default-rack, certSerialId: null} moved to stale state. Finalizing its pipelines [PipelineID=19dd6618-445e-484e-bc03-d2e11ccd69fe]
2019-09-26 15:57:52,344 [EventQueue-StaleNodeForStaleNodeHandler] INFO  pipeline.SCMPipelineManager (SCMPipelineManager.java:finalizeAndDestroyPipeline(315)) - destroying pipeline:Pipeline[ Id: 19dd6618-445e-484e-bc03-d2e11ccd69fe, Nodes: bea808cd-3eed-4b93-bbe3-f1a90e8e9f57{ip: 192.168.164.210, host: pr-hdds-2185-nx5sg-2633547614, networkLocation: /default-rack, certSerialId: null}, Type:RATIS, Factor:ONE, State:OPEN]
2019-09-26 15:57:52,345 [EventQueue-StaleNodeForStaleNodeHandler] INFO  pipeline.PipelineStateManager (PipelineStateManager.java:finalizePipeline(123)) - Pipeline Pipeline[ Id: 19dd6618-445e-484e-bc03-d2e11ccd69fe, Nodes: bea808cd-3eed-4b93-bbe3-f1a90e8e9f57{ip: 192.168.164.210, host: pr-hdds-2185-nx5sg-2633547614, networkLocation: /default-rack, certSerialId: null}, Type:RATIS, Factor:ONE, State:CLOSED] moved to CLOSED state
2019-09-26 15:57:52,964 [main] INFO  ozoneimpl.OzoneContainer (OzoneContainer.java:stop(231)) - Attempting to stop container services.
2019-09-26 15:57:52,965 [ForkJoinPool.commonPool-worker-1] INFO  ozoneimpl.OzoneContainer (OzoneContainer.java:stop(231)) - Attempting to stop container services.
2019-09-26 15:57:52,967 [ForkJoinPool.commonPool-worker-1] INFO  impl.RaftServerProxy (RaftServerProxy.java:lambda$close$4(314)) - 735002fd-e857-4e03-a830-88a48acb9de9: close
2019-09-26 15:57:52,968 [ForkJoinPool.commonPool-worker-1] INFO  impl.RaftServerImpl (RaftServerImpl.java:lambda$shutdown$3(251)) - 735002fd-e857-4e03-a830-88a48acb9de9@group-00541B8CF1A2: shutdown
2019-09-26 15:57:52,968 [ForkJoinPool.commonPool-worker-1] INFO  util.JmxRegister (JmxRegister.java:unregister(73)) - Successfully un-registered JMX Bean with object name Ratis:service=RaftServer,group=group-00541B8CF1A2,id=735002fd-e857-4e03-a830-88a48acb9de9
2019-09-26 15:57:52,968 [ForkJoinPool.commonPool-worker-1] INFO  impl.RoleInfo (RoleInfo.java:shutdownFollowerState(121)) - 735002fd-e857-4e03-a830-88a48acb9de9: shutdown FollowerState
2019-09-26 15:57:52,969 [ForkJoinPool.commonPool-worker-1] INFO  impl.StateMachineUpdater (StateMachineUpdater.java:stopAndJoin(125)) - 735002fd-e857-4e03-a830-88a48acb9de9@group-00541B8CF1A2-StateMachineUpdater: set stopIndex = 16
2019-09-26 15:57:52,969 [Thread-3874] INFO  impl.FollowerState (FollowerState.java:run(115)) - 735002fd-e857-4e03-a830-88a48acb9de9: FollowerState was interrupted: java.lang.InterruptedException: sleep interrupted
2019-09-26 15:57:52,969 [main] INFO  impl.RaftServerProxy (RaftServerProxy.java:lambda$close$4(314)) - bea808cd-3eed-4b93-bbe3-f1a90e8e9f57: close
2019-09-26 15:57:52,970 [main] INFO  impl.RaftServerImpl (RaftServerImpl.java:lambda$shutdown$3(251)) - bea808cd-3eed-4b93-bbe3-f1a90e8e9f57@group-D2E11CCD69FE: shutdown
2019-09-26 15:57:52,970 [main] INFO  util.JmxRegister (JmxRegister.java:unregister(73)) - Successfully un-registered JMX Bean with object name Ratis:service=RaftServer,group=group-D2E11CCD69FE,id=bea808cd-3eed-4b93-bbe3-f1a90e8e9f57
2019-09-26 15:57:52,970 [main] INFO  impl.RoleInfo (RoleInfo.java:shutdownLeaderState(104)) - bea808cd-3eed-4b93-bbe3-f1a90e8e9f57: shutdown LeaderState
2019-09-26 15:57:52,971 [735002fd-e857-4e03-a830-88a48acb9de9@group-00541B8CF1A2-StateMachineUpdater] INFO  ratis.ContainerStateMachine (ContainerStateMachine.java:takeSnapshot(289)) - group-00541B8CF1A2: Taking a snapshot at:(t:1, i:16) file /workdir/hadoop-ozone/integration-test/target/test-dir/MiniOzoneClusterImpl-1df8c159-28a8-44dd-adf8-68b36ae703f1/datanode-1/data/ratis/1a887287-7977-4789-ae6d-00541b8cf1a2/sm/snapshot.1_16
2019-09-26 15:57:52,971 [main] INFO  impl.PendingRequests (PendingRequests.java:sendNotLeaderResponses(202)) - bea808cd-3eed-4b93-bbe3-f1a90e8e9f57-PendingRequests: sendNotLeaderResponses
2019-09-26 15:57:52,972 [main] INFO  impl.StateMachineUpdater (StateMachineUpdater.java:stopAndJoin(125)) - bea808cd-3eed-4b93-bbe3-f1a90e8e9f57@group-D2E11CCD69FE-StateMachineUpdater: set stopIndex = 0
2019-09-26 15:57:52,972 [main] INFO  impl.RaftServerImpl (ServerState.java:close(385)) - bea808cd-3eed-4b93-bbe3-f1a90e8e9f57@group-D2E11CCD69FE: closes. applyIndex: 0
2019-09-26 15:57:52,973 [bea808cd-3eed-4b93-bbe3-f1a90e8e9f57@group-D2E11CCD69FE-SegmentedRaftLogWorker] INFO  segmented.SegmentedRaftLogWorker (SegmentedRaftLogWorker.java:run(313)) - bea808cd-3eed-4b93-bbe3-f1a90e8e9f57@group-D2E11CCD69FE-SegmentedRaftLogWorker was interrupted, exiting. There are 0 tasks remaining in the queue.
2019-09-26 15:57:52,978 [main] INFO  segmented.SegmentedRaftLogWorker (SegmentedRaftLogWorker.java:close(228)) - bea808cd-3eed-4b93-bbe3-f1a90e8e9f57@group-D2E11CCD69FE-SegmentedRaftLogWorker close()
2019-09-26 15:57:52,998 [735002fd-e857-4e03-a830-88a48acb9de9@group-00541B8CF1A2-StateMachineUpdater] INFO  ratis.ContainerStateMachine (ContainerStateMachine.java:takeSnapshot(300)) - group-00541B8CF1A2: Finished taking a snapshot at:(t:1, i:16) file:/workdir/hadoop-ozone/integration-test/target/test-dir/MiniOzoneClusterImpl-1df8c159-28a8-44dd-adf8-68b36ae703f1/datanode-1/data/ratis/1a887287-7977-4789-ae6d-00541b8cf1a2/sm/snapshot.1_16 time:27
2019-09-26 15:57:52,998 [main] INFO  server.GrpcService (GrpcService.java:closeImpl(164)) - bea808cd-3eed-4b93-bbe3-f1a90e8e9f57: shutdown server with port 39791 now
2019-09-26 15:57:52,998 [735002fd-e857-4e03-a830-88a48acb9de9@group-00541B8CF1A2-StateMachineUpdater] INFO  impl.StateMachineUpdater (StateMachineUpdater.java:takeSnapshot(258)) - 735002fd-e857-4e03-a830-88a48acb9de9@group-00541B8CF1A2-StateMachineUpdater: Took a snapshot at index 16
2019-09-26 15:57:52,998 [735002fd-e857-4e03-a830-88a48acb9de9@group-00541B8CF1A2-StateMachineUpdater] INFO  impl.StateMachineUpdater (StateMachineUpdater.java:lambda$new$0(83)) - 735002fd-e857-4e03-a830-88a48acb9de9@group-00541B8CF1A2-StateMachineUpdater: snapshotIndex: updateIncreasingly -1 -> 16
2019-09-26 15:57:53,003 [main] INFO  server.GrpcService (GrpcService.java:closeImpl(172)) - bea808cd-3eed-4b93-bbe3-f1a90e8e9f57: shutdown server with port 39791 successfully
2019-09-26 15:57:53,026 [ForkJoinPool.commonPool-worker-1] INFO  impl.RaftServerImpl (ServerState.java:close(385)) - 735002fd-e857-4e03-a830-88a48acb9de9@group-00541B8CF1A2: closes. applyIndex: 16
2019-09-26 15:57:53,030 [735002fd-e857-4e03-a830-88a48acb9de9@group-00541B8CF1A2-SegmentedRaftLogWorker] INFO  segmented.SegmentedRaftLogWorker (SegmentedRaftLogWorker.java:run(313)) - 735002fd-e857-4e03-a830-88a48acb9de9@group-00541B8CF1A2-SegmentedRaftLogWorker was interrupted, exiting. There are 0 tasks remaining in the queue.
2019-09-26 15:57:53,036 [refreshUsed-/workdir/hadoop-ozone/integration-test/target/test-dir/MiniOzoneClusterImpl-1df8c159-28a8-44dd-adf8-68b36ae703f1/datanode-4/data/containers] WARN  fs.CachingGetSpaceUsed (CachingGetSpaceUsed.java:run(183)) - Thread Interrupted waiting to refresh disk information: sleep interrupted
2019-09-26 15:57:53,037 [ForkJoinPool.commonPool-worker-1] INFO  segmented.SegmentedRaftLogWorker (SegmentedRaftLogWorker.java:close(228)) - 735002fd-e857-4e03-a830-88a48acb9de9@group-00541B8CF1A2-SegmentedRaftLogWorker close()
2019-09-26 15:57:53,043 [ForkJoinPool.commonPool-worker-1] INFO  impl.RaftServerImpl (RaftServerImpl.java:lambda$shutdown$3(251)) - 735002fd-e857-4e03-a830-88a48acb9de9@group-467D9036BC8E: shutdown
2019-09-26 15:57:53,043 [ForkJoinPool.commonPool-worker-1] INFO  util.JmxRegister (JmxRegister.java:unregister(73)) - Successfully un-registered JMX Bean with object name Ratis:service=RaftServer,group=group-467D9036BC8E,id=735002fd-e857-4e03-a830-88a48acb9de9
2019-09-26 15:57:53,043 [ForkJoinPool.commonPool-worker-1] INFO  impl.RoleInfo (RoleInfo.java:shutdownLeaderState(104)) - 735002fd-e857-4e03-a830-88a48acb9de9: shutdown LeaderState
2019-09-26 15:57:53,044 [ForkJoinPool.commonPool-worker-1] INFO  impl.PendingRequests (PendingRequests.java:sendNotLeaderResponses(202)) - 735002fd-e857-4e03-a830-88a48acb9de9-PendingRequests: sendNotLeaderResponses
2019-09-26 15:57:53,044 [ForkJoinPool.commonPool-worker-1] INFO  impl.StateMachineUpdater (StateMachineUpdater.java:stopAndJoin(125)) - 735002fd-e857-4e03-a830-88a48acb9de9@group-467D9036BC8E-StateMachineUpdater: set stopIndex = 0
2019-09-26 15:57:53,045 [ForkJoinPool.commonPool-worker-1] INFO  impl.RaftServerImpl (ServerState.java:close(385)) - 735002fd-e857-4e03-a830-88a48acb9de9@group-467D9036BC8E: closes. applyIndex: 0
2019-09-26 15:57:53,045 [735002fd-e857-4e03-a830-88a48acb9de9@group-467D9036BC8E-SegmentedRaftLogWorker] INFO  segmented.SegmentedRaftLogWorker (SegmentedRaftLogWorker.java:run(313)) - 735002fd-e857-4e03-a830-88a48acb9de9@group-467D9036BC8E-SegmentedRaftLogWorker was interrupted, exiting. There are 0 tasks remaining in the queue.
2019-09-26 15:57:53,045 [ForkJoinPool.commonPool-worker-1] INFO  segmented.SegmentedRaftLogWorker (SegmentedRaftLogWorker.java:close(228)) - 735002fd-e857-4e03-a830-88a48acb9de9@group-467D9036BC8E-SegmentedRaftLogWorker close()
2019-09-26 15:57:53,054 [ForkJoinPool.commonPool-worker-1] INFO  server.GrpcService (GrpcService.java:closeImpl(164)) - 735002fd-e857-4e03-a830-88a48acb9de9: shutdown server with port 42412 now
2019-09-26 15:57:53,055 [ForkJoinPool.commonPool-worker-1] INFO  server.GrpcService (GrpcService.java:closeImpl(172)) - 735002fd-e857-4e03-a830-88a48acb9de9: shutdown server with port 42412 successfully
2019-09-26 15:57:53,055 [grpc-default-executor-9] WARN  server.GrpcServerProtocolService (LogUtils.java:warn(134)) - 735002fd-e857-4e03-a830-88a48acb9de9: installSnapshot onError, lastRequest: 6899c05a-55c2-4a69-99b1-2cb7e601e4ae->735002fd-e857-4e03-a830-88a48acb9de9#23-t1, previous=(t:1, i:16), leaderCommit=16, initializing? false, entries: <empty>: org.apache.ratis.thirdparty.io.grpc.StatusRuntimeException: CANCELLED: cancelled before receiving half close
2019-09-26 15:57:53,058 [grpc-default-executor-10] WARN  server.GrpcLogAppender (LogUtils.java:warn(134)) - 6899c05a-55c2-4a69-99b1-2cb7e601e4ae@group-00541B8CF1A2->735002fd-e857-4e03-a830-88a48acb9de9-AppendLogResponseHandler: Failed appendEntries: org.apache.ratis.thirdparty.io.grpc.StatusRuntimeException: CANCELLED: HTTP/2 error code: CANCEL
Received Rst Stream
2019-09-26 15:57:53,058 [refreshUsed-/workdir/hadoop-ozone/integration-test/target/test-dir/MiniOzoneClusterImpl-1df8c159-28a8-44dd-adf8-68b36ae703f1/datanode-1/data/containers] WARN  fs.CachingGetSpaceUsed (CachingGetSpaceUsed.java:run(183)) - Thread Interrupted waiting to refresh disk information: sleep interrupted
2019-09-26 15:57:53,093 [grpc-default-executor-10] INFO  impl.FollowerInfo (FollowerInfo.java:lambda$new$0(51)) - 6899c05a-55c2-4a69-99b1-2cb7e601e4ae@group-00541B8CF1A2->735002fd-e857-4e03-a830-88a48acb9de9: nextIndex: updateUnconditionally 17 -> 16
2019-09-26 15:57:53,116 [main] INFO  utils.BackgroundService (BackgroundService.java:shutdown(148)) - Shutting down service BlockDeletingService
2019-09-26 15:57:53,127 [main] INFO  statemachine.DatanodeStateMachine (DatanodeStateMachine.java:stopDaemon(395)) - Ozone container server stopped.
2019-09-26 15:57:53,133 [ForkJoinPool.commonPool-worker-1] INFO  utils.BackgroundService (BackgroundService.java:shutdown(148)) - Shutting down service BlockDeletingService
2019-09-26 15:57:53,142 [ForkJoinPool.commonPool-worker-1] INFO  statemachine.DatanodeStateMachine (DatanodeStateMachine.java:stopDaemon(395)) - Ozone container server stopped.
2019-09-26 15:57:53,170 [ForkJoinPool.commonPool-worker-1] INFO  handler.ContextHandler (ContextHandler.java:doStop(910)) - Stopped o.e.j.w.WebAppContext@2ff498b0{/,null,UNAVAILABLE}{/hddsDatanode}
2019-09-26 15:57:53,173 [ForkJoinPool.commonPool-worker-1] INFO  server.AbstractConnector (AbstractConnector.java:doStop(318)) - Stopped ServerConnector@b5312df{HTTP/1.1,[http/1.1]}{0.0.0.0:0}
2019-09-26 15:57:53,176 [ForkJoinPool.commonPool-worker-1] INFO  handler.ContextHandler (ContextHandler.java:doStop(910)) - Stopped o.e.j.s.ServletContextHandler@9d99851{/static,jar:file:/home/user/.m2/repository/org/apache/hadoop/hadoop-hdds-container-service/0.5.0-SNAPSHOT/hadoop-hdds-container-service-0.5.0-SNAPSHOT.jar!/webapps/static,UNAVAILABLE}
2019-09-26 15:57:53,180 [ForkJoinPool.commonPool-worker-1] INFO  handler.ContextHandler (ContextHandler.java:doStop(910)) - Stopped o.e.j.s.ServletContextHandler@113eed88{/logs,file:///workdir/hadoop-ozone/integration-test/target/log,UNAVAILABLE}
2019-09-26 15:57:53,188 [main] INFO  handler.ContextHandler (ContextHandler.java:doStop(910)) - Stopped o.e.j.w.WebAppContext@3d033453{/,null,UNAVAILABLE}{/hddsDatanode}
2019-09-26 15:57:53,189 [main] INFO  server.AbstractConnector (AbstractConnector.java:doStop(318)) - Stopped ServerConnector@43deba42{HTTP/1.1,[http/1.1]}{0.0.0.0:0}
2019-09-26 15:57:53,189 [main] INFO  handler.ContextHandler (ContextHandler.java:doStop(910)) - Stopped o.e.j.s.ServletContextHandler@4243341e{/static,jar:file:/home/user/.m2/repository/org/apache/hadoop/hadoop-hdds-container-service/0.5.0-SNAPSHOT/hadoop-hdds-container-service-0.5.0-SNAPSHOT.jar!/webapps/static,UNAVAILABLE}
2019-09-26 15:57:53,190 [main] INFO  handler.ContextHandler (ContextHandler.java:doStop(910)) - Stopped o.e.j.s.ServletContextHandler@fcf9525{/logs,file:///workdir/hadoop-ozone/integration-test/target/log,UNAVAILABLE}
2019-09-26 15:57:53,832 [Datanode State Machine Thread - 0] INFO  statemachine.DatanodeStateMachine (DatanodeStateMachine.java:lambda$startDaemon$0(350)) - Ozone container server started.
2019-09-26 15:57:54,004 [Datanode State Machine Thread - 0] INFO  statemachine.DatanodeStateMachine (DatanodeStateMachine.java:lambda$startDaemon$0(350)) - Ozone container server started.
2019-09-26 15:57:55,107 [grpc-default-executor-9] WARN  server.GrpcLogAppender (LogUtils.java:warn(134)) - 6899c05a-55c2-4a69-99b1-2cb7e601e4ae@group-00541B8CF1A2->735002fd-e857-4e03-a830-88a48acb9de9-AppendLogResponseHandler: Failed appendEntries: org.apache.ratis.thirdparty.io.grpc.StatusRuntimeException: UNAVAILABLE: io exception
2019-09-26 15:57:55,107 [grpc-default-executor-9] INFO  impl.FollowerInfo (FollowerInfo.java:lambda$new$0(51)) - 6899c05a-55c2-4a69-99b1-2cb7e601e4ae@group-00541B8CF1A2->735002fd-e857-4e03-a830-88a48acb9de9: nextIndex: updateUnconditionally 16 -> 15
2019-09-26 15:57:57,609 [grpc-default-executor-10] WARN  server.GrpcLogAppender (LogUtils.java:warn(134)) - 6899c05a-55c2-4a69-99b1-2cb7e601e4ae@group-00541B8CF1A2->735002fd-e857-4e03-a830-88a48acb9de9-AppendLogResponseHandler: Failed appendEntries: org.apache.ratis.thirdparty.io.grpc.StatusRuntimeException: UNAVAILABLE: io exception
2019-09-26 15:57:57,610 [grpc-default-executor-10] INFO  impl.FollowerInfo (FollowerInfo.java:lambda$new$0(51)) - 6899c05a-55c2-4a69-99b1-2cb7e601e4ae@group-00541B8CF1A2->735002fd-e857-4e03-a830-88a48acb9de9: nextIndex: updateUnconditionally 15 -> 14
2019-09-26 15:57:57,858 [EventQueue-StaleNodeForStaleNodeHandler] INFO  node.StaleNodeHandler (StaleNodeHandler.java:onMessage(58)) - Datanode 3c29fdfe-8ae9-43bb-8275-89fa11997db1{ip: 192.168.164.210, host: pr-hdds-2185-nx5sg-2633547614, networkLocation: /default-rack, certSerialId: null} moved to stale state. Finalizing its pipelines [PipelineID=7361a078-e507-432e-800a-a4974d930b56, PipelineID=d570a289-e1f7-4d91-b1d5-812a238a1111]
2019-09-26 15:57:57,858 [EventQueue-StaleNodeForStaleNodeHandler] INFO  pipeline.SCMPipelineManager (SCMPipelineManager.java:finalizeAndDestroyPipeline(315)) - destroying pipeline:Pipeline[ Id: 7361a078-e507-432e-800a-a4974d930b56, Nodes: 1346a0e7-0f31-418c-877c-49893fac4105{ip: 192.168.164.210, host: pr-hdds-2185-nx5sg-2633547614, networkLocation: /default-rack, certSerialId: null}3c29fdfe-8ae9-43bb-8275-89fa11997db1{ip: 192.168.164.210, host: pr-hdds-2185-nx5sg-2633547614, networkLocation: /default-rack, certSerialId: null}81e39e0c-175c-4999-a8b5-57b67040d31c{ip: 192.168.164.210, host: pr-hdds-2185-nx5sg-2633547614, networkLocation: /default-rack, certSerialId: null}, Type:RATIS, Factor:THREE, State:OPEN]
2019-09-26 15:57:57,858 [EventQueue-StaleNodeForStaleNodeHandler] INFO  pipeline.PipelineStateManager (PipelineStateManager.java:finalizePipeline(123)) - Pipeline Pipeline[ Id: 7361a078-e507-432e-800a-a4974d930b56, Nodes: 1346a0e7-0f31-418c-877c-49893fac4105{ip: 192.168.164.210, host: pr-hdds-2185-nx5sg-2633547614, networkLocation: /default-rack, certSerialId: null}3c29fdfe-8ae9-43bb-8275-89fa11997db1{ip: 192.168.164.210, host: pr-hdds-2185-nx5sg-2633547614, networkLocation: /default-rack, certSerialId: null}81e39e0c-175c-4999-a8b5-57b67040d31c{ip: 192.168.164.210, host: pr-hdds-2185-nx5sg-2633547614, networkLocation: /default-rack, certSerialId: null}, Type:RATIS, Factor:THREE, State:CLOSED] moved to CLOSED state
2019-09-26 15:57:57,859 [EventQueue-CloseContainerForCloseContainerEventHandler] INFO  container.CloseContainerEventHandler (CloseContainerEventHandler.java:onMessage(61)) - Close container Event triggered for container : #2
2019-09-26 15:57:57,861 [EventQueue-StaleNodeForStaleNodeHandler] INFO  pipeline.SCMPipelineManager (SCMPipelineManager.java:finalizeAndDestroyPipeline(315)) - destroying pipeline:Pipeline[ Id: d570a289-e1f7-4d91-b1d5-812a238a1111, Nodes: 3c29fdfe-8ae9-43bb-8275-89fa11997db1{ip: 192.168.164.210, host: pr-hdds-2185-nx5sg-2633547614, networkLocation: /default-rack, certSerialId: null}, Type:RATIS, Factor:ONE, State:OPEN]
2019-09-26 15:57:57,863 [EventQueue-StaleNodeForStaleNodeHandler] INFO  pipeline.PipelineStateManager (PipelineStateManager.java:finalizePipeline(123)) - Pipeline Pipeline[ Id: d570a289-e1f7-4d91-b1d5-812a238a1111, Nodes: 3c29fdfe-8ae9-43bb-8275-89fa11997db1{ip: 192.168.164.210, host: pr-hdds-2185-nx5sg-2633547614, networkLocation: /default-rack, certSerialId: null}, Type:RATIS, Factor:ONE, State:CLOSED] moved to CLOSED state
2019-09-26 15:57:58,058 [EventQueue-StaleNodeForStaleNodeHandler] INFO  node.StaleNodeHandler (StaleNodeHandler.java:onMessage(58)) - Datanode 6899c05a-55c2-4a69-99b1-2cb7e601e4ae{ip: 192.168.164.210, host: pr-hdds-2185-nx5sg-2633547614, networkLocation: /default-rack, certSerialId: null} moved to stale state. Finalizing its pipelines [PipelineID=62a949c8-0d84-4d60-88f9-fcb0712df3a7, PipelineID=1a887287-7977-4789-ae6d-00541b8cf1a2]
2019-09-26 15:57:58,058 [EventQueue-StaleNodeForStaleNodeHandler] INFO  pipeline.SCMPipelineManager (SCMPipelineManager.java:finalizeAndDestroyPipeline(315)) - destroying pipeline:Pipeline[ Id: 62a949c8-0d84-4d60-88f9-fcb0712df3a7, Nodes: 6899c05a-55c2-4a69-99b1-2cb7e601e4ae{ip: 192.168.164.210, host: pr-hdds-2185-nx5sg-2633547614, networkLocation: /default-rack, certSerialId: null}, Type:RATIS, Factor:ONE, State:OPEN]
2019-09-26 15:57:58,058 [EventQueue-StaleNodeForStaleNodeHandler] INFO  pipeline.PipelineStateManager (PipelineStateManager.java:finalizePipeline(123)) - Pipeline Pipeline[ Id: 62a949c8-0d84-4d60-88f9-fcb0712df3a7, Nodes: 6899c05a-55c2-4a69-99b1-2cb7e601e4ae{ip: 192.168.164.210, host: pr-hdds-2185-nx5sg-2633547614, networkLocation: /default-rack, certSerialId: null}, Type:RATIS, Factor:ONE, State:CLOSED] moved to CLOSED state
2019-09-26 15:57:58,059 [EventQueue-StaleNodeForStaleNodeHandler] INFO  pipeline.SCMPipelineManager (SCMPipelineManager.java:finalizeAndDestroyPipeline(315)) - destroying pipeline:Pipeline[ Id: 1a887287-7977-4789-ae6d-00541b8cf1a2, Nodes: 6899c05a-55c2-4a69-99b1-2cb7e601e4ae{ip: 192.168.164.210, host: pr-hdds-2185-nx5sg-2633547614, networkLocation: /default-rack, certSerialId: null}87b128cd-da01-4ba7-9b9b-a2a1b5272d7b{ip: 192.168.164.210, host: pr-hdds-2185-nx5sg-2633547614, networkLocation: /default-rack, certSerialId: null}735002fd-e857-4e03-a830-88a48acb9de9{ip: 192.168.164.210, host: pr-hdds-2185-nx5sg-2633547614, networkLocation: /default-rack, certSerialId: null}, Type:RATIS, Factor:THREE, State:CLOSED]
2019-09-26 15:57:58,187 [ForkJoinPool.commonPool-worker-1] INFO  ozoneimpl.OzoneContainer (OzoneContainer.java:stop(231)) - Attempting to stop container services.
2019-09-26 15:57:58,188 [ForkJoinPool.commonPool-worker-1] INFO  impl.RaftServerProxy (RaftServerProxy.java:lambda$close$4(314)) - 6899c05a-55c2-4a69-99b1-2cb7e601e4ae: close
2019-09-26 15:57:58,189 [ForkJoinPool.commonPool-worker-1] INFO  impl.RaftServerImpl (RaftServerImpl.java:lambda$shutdown$3(251)) - 6899c05a-55c2-4a69-99b1-2cb7e601e4ae@group-FCB0712DF3A7: shutdown
2019-09-26 15:57:58,190 [ForkJoinPool.commonPool-worker-1] INFO  util.JmxRegister (JmxRegister.java:unregister(73)) - Successfully un-registered JMX Bean with object name Ratis:service=RaftServer,group=group-FCB0712DF3A7,id=6899c05a-55c2-4a69-99b1-2cb7e601e4ae
2019-09-26 15:57:58,190 [ForkJoinPool.commonPool-worker-1] INFO  impl.RoleInfo (RoleInfo.java:shutdownLeaderState(104)) - 6899c05a-55c2-4a69-99b1-2cb7e601e4ae: shutdown LeaderState
2019-09-26 15:57:58,191 [ForkJoinPool.commonPool-worker-1] INFO  impl.PendingRequests (PendingRequests.java:sendNotLeaderResponses(202)) - 6899c05a-55c2-4a69-99b1-2cb7e601e4ae-PendingRequests: sendNotLeaderResponses
2019-09-26 15:57:58,191 [ForkJoinPool.commonPool-worker-1] INFO  impl.StateMachineUpdater (StateMachineUpdater.java:stopAndJoin(125)) - 6899c05a-55c2-4a69-99b1-2cb7e601e4ae@group-FCB0712DF3A7-StateMachineUpdater: set stopIndex = 0
2019-09-26 15:57:58,192 [main] INFO  ozoneimpl.OzoneContainer (OzoneContainer.java:stop(231)) - Attempting to stop container services.
2019-09-26 15:57:58,195 [ForkJoinPool.commonPool-worker-1] INFO  impl.RaftServerImpl (ServerState.java:close(385)) - 6899c05a-55c2-4a69-99b1-2cb7e601e4ae@group-FCB0712DF3A7: closes. applyIndex: 0
2019-09-26 15:57:58,196 [main] INFO  impl.RaftServerProxy (RaftServerProxy.java:lambda$close$4(314)) - 3c29fdfe-8ae9-43bb-8275-89fa11997db1: close
2019-09-26 15:57:58,196 [6899c05a-55c2-4a69-99b1-2cb7e601e4ae@group-FCB0712DF3A7-SegmentedRaftLogWorker] INFO  segmented.SegmentedRaftLogWorker (SegmentedRaftLogWorker.java:run(313)) - 6899c05a-55c2-4a69-99b1-2cb7e601e4ae@group-FCB0712DF3A7-SegmentedRaftLogWorker was interrupted, exiting. There are 0 tasks remaining in the queue.
2019-09-26 15:57:58,196 [main] INFO  impl.RaftServerImpl (RaftServerImpl.java:lambda$shutdown$3(251)) - 3c29fdfe-8ae9-43bb-8275-89fa11997db1@group-A4974D930B56: shutdown
2019-09-26 15:57:58,197 [ForkJoinPool.commonPool-worker-1] INFO  segmented.SegmentedRaftLogWorker (SegmentedRaftLogWorker.java:close(228)) - 6899c05a-55c2-4a69-99b1-2cb7e601e4ae@group-FCB0712DF3A7-SegmentedRaftLogWorker close()
2019-09-26 15:57:58,197 [main] INFO  util.JmxRegister (JmxRegister.java:unregister(73)) - Successfully un-registered JMX Bean with object name Ratis:service=RaftServer,group=group-A4974D930B56,id=3c29fdfe-8ae9-43bb-8275-89fa11997db1
2019-09-26 15:57:58,200 [ForkJoinPool.commonPool-worker-1] INFO  impl.RaftServerImpl (RaftServerImpl.java:lambda$shutdown$3(251)) - 6899c05a-55c2-4a69-99b1-2cb7e601e4ae@group-00541B8CF1A2: shutdown
2019-09-26 15:57:58,200 [main] INFO  impl.RoleInfo (RoleInfo.java:shutdownFollowerState(121)) - 3c29fdfe-8ae9-43bb-8275-89fa11997db1: shutdown FollowerState
2019-09-26 15:57:58,200 [ForkJoinPool.commonPool-worker-1] INFO  util.JmxRegister (JmxRegister.java:unregister(73)) - Successfully un-registered JMX Bean with object name Ratis:service=RaftServer,group=group-00541B8CF1A2,id=6899c05a-55c2-4a69-99b1-2cb7e601e4ae
2019-09-26 15:57:58,201 [Thread-3997] INFO  impl.FollowerState (FollowerState.java:run(115)) - 3c29fdfe-8ae9-43bb-8275-89fa11997db1: FollowerState was interrupted: java.lang.InterruptedException: sleep interrupted
2019-09-26 15:57:58,200 [main] INFO  impl.StateMachineUpdater (StateMachineUpdater.java:stopAndJoin(125)) - 3c29fdfe-8ae9-43bb-8275-89fa11997db1@group-A4974D930B56-StateMachineUpdater: set stopIndex = 4
2019-09-26 15:57:58,201 [ForkJoinPool.commonPool-worker-1] INFO  impl.RoleInfo (RoleInfo.java:shutdownLeaderState(104)) - 6899c05a-55c2-4a69-99b1-2cb7e601e4ae: shutdown LeaderState
2019-09-26 15:57:58,205 [org.apache.ratis.server.impl.LogAppender$AppenderDaemon$$Lambda$512/332279832@10d3fce8] WARN  server.GrpcLogAppender (GrpcLogAppender.java:mayWait(143)) - 6899c05a-55c2-4a69-99b1-2cb7e601e4ae@group-00541B8CF1A2->735002fd-e857-4e03-a830-88a48acb9de9-GrpcLogAppender: Wait interrupted by java.lang.InterruptedException
2019-09-26 15:57:58,205 [ForkJoinPool.commonPool-worker-1] INFO  impl.PendingRequests (PendingRequests.java:sendNotLeaderResponses(202)) - 6899c05a-55c2-4a69-99b1-2cb7e601e4ae-PendingRequests: sendNotLeaderResponses
2019-09-26 15:57:58,206 [3c29fdfe-8ae9-43bb-8275-89fa11997db1@group-A4974D930B56-StateMachineUpdater] INFO  ratis.ContainerStateMachine (ContainerStateMachine.java:takeSnapshot(289)) - group-A4974D930B56: Taking a snapshot at:(t:3, i:3) file /workdir/hadoop-ozone/integration-test/target/test-dir/MiniOzoneClusterImpl-1df8c159-28a8-44dd-adf8-68b36ae703f1/datanode-3/data/ratis/7361a078-e507-432e-800a-a4974d930b56/sm/snapshot.3_3
2019-09-26 15:57:58,205 [org.apache.ratis.server.impl.LogAppender$AppenderDaemon$$Lambda$512/332279832@1be10a9d] WARN  server.GrpcLogAppender (GrpcLogAppender.java:mayWait(143)) - 6899c05a-55c2-4a69-99b1-2cb7e601e4ae@group-00541B8CF1A2->87b128cd-da01-4ba7-9b9b-a2a1b5272d7b-GrpcLogAppender: Wait interrupted by java.lang.InterruptedException
2019-09-26 15:57:58,209 [ForkJoinPool.commonPool-worker-1] INFO  impl.StateMachineUpdater (StateMachineUpdater.java:stopAndJoin(125)) - 6899c05a-55c2-4a69-99b1-2cb7e601e4ae@group-00541B8CF1A2-StateMachineUpdater: set stopIndex = 16
2019-09-26 15:57:58,209 [6899c05a-55c2-4a69-99b1-2cb7e601e4ae@group-00541B8CF1A2-StateMachineUpdater] INFO  ratis.ContainerStateMachine (ContainerStateMachine.java:takeSnapshot(289)) - group-00541B8CF1A2: Taking a snapshot at:(t:1, i:14) file /workdir/hadoop-ozone/integration-test/target/test-dir/MiniOzoneClusterImpl-1df8c159-28a8-44dd-adf8-68b36ae703f1/datanode-2/data/ratis/1a887287-7977-4789-ae6d-00541b8cf1a2/sm/snapshot.1_14
2019-09-26 15:57:58,209 [grpc-default-executor-9] INFO  server.GrpcServerProtocolService (GrpcServerProtocolService.java:onCompleted(113)) - 87b128cd-da01-4ba7-9b9b-a2a1b5272d7b: Completed APPEND_ENTRIES, lastRequest: 6899c05a-55c2-4a69-99b1-2cb7e601e4ae->87b128cd-da01-4ba7-9b9b-a2a1b5272d7b#25-t1, previous=(t:1, i:16), leaderCommit=16, initializing? false, entries: <empty>
2019-09-26 15:57:58,210 [grpc-default-executor-9] INFO  server.GrpcLogAppender (GrpcLogAppender.java:onCompleted(293)) - 6899c05a-55c2-4a69-99b1-2cb7e601e4ae@group-00541B8CF1A2->87b128cd-da01-4ba7-9b9b-a2a1b5272d7b-AppendLogResponseHandler: follower responses appendEntries COMPLETED
2019-09-26 15:57:58,210 [grpc-default-executor-9] INFO  impl.FollowerInfo (FollowerInfo.java:lambda$new$0(51)) - 6899c05a-55c2-4a69-99b1-2cb7e601e4ae@group-00541B8CF1A2->87b128cd-da01-4ba7-9b9b-a2a1b5272d7b: nextIndex: updateUnconditionally 17 -> 16
2019-09-26 15:57:58,222 [6899c05a-55c2-4a69-99b1-2cb7e601e4ae@group-00541B8CF1A2-StateMachineUpdater] INFO  ratis.ContainerStateMachine (ContainerStateMachine.java:takeSnapshot(300)) - group-00541B8CF1A2: Finished taking a snapshot at:(t:1, i:14) file:/workdir/hadoop-ozone/integration-test/target/test-dir/MiniOzoneClusterImpl-1df8c159-28a8-44dd-adf8-68b36ae703f1/datanode-2/data/ratis/1a887287-7977-4789-ae6d-00541b8cf1a2/sm/snapshot.1_14 time:13
2019-09-26 15:57:58,222 [6899c05a-55c2-4a69-99b1-2cb7e601e4ae@group-00541B8CF1A2-StateMachineUpdater] INFO  impl.StateMachineUpdater (StateMachineUpdater.java:takeSnapshot(258)) - 6899c05a-55c2-4a69-99b1-2cb7e601e4ae@group-00541B8CF1A2-StateMachineUpdater: Took a snapshot at index 14
2019-09-26 15:57:58,223 [6899c05a-55c2-4a69-99b1-2cb7e601e4ae@group-00541B8CF1A2-StateMachineUpdater] INFO  impl.StateMachineUpdater (StateMachineUpdater.java:lambda$new$0(83)) - 6899c05a-55c2-4a69-99b1-2cb7e601e4ae@group-00541B8CF1A2-StateMachineUpdater: snapshotIndex: updateIncreasingly -1 -> 14
2019-09-26 15:57:58,223 [6899c05a-55c2-4a69-99b1-2cb7e601e4ae@group-00541B8CF1A2-StateMachineUpdater] INFO  ratis.ContainerStateMachine (ContainerStateMachine.java:takeSnapshot(289)) - group-00541B8CF1A2: Taking a snapshot at:(t:1, i:14) file /workdir/hadoop-ozone/integration-test/target/test-dir/MiniOzoneClusterImpl-1df8c159-28a8-44dd-adf8-68b36ae703f1/datanode-2/data/ratis/1a887287-7977-4789-ae6d-00541b8cf1a2/sm/snapshot.1_14
2019-09-26 15:57:58,223 [3c29fdfe-8ae9-43bb-8275-89fa11997db1@group-A4974D930B56-StateMachineUpdater] INFO  ratis.ContainerStateMachine (ContainerStateMachine.java:takeSnapshot(300)) - group-A4974D930B56: Finished taking a snapshot at:(t:3, i:3) file:/workdir/hadoop-ozone/integration-test/target/test-dir/MiniOzoneClusterImpl-1df8c159-28a8-44dd-adf8-68b36ae703f1/datanode-3/data/ratis/7361a078-e507-432e-800a-a4974d930b56/sm/snapshot.3_3 time:17
2019-09-26 15:57:58,223 [3c29fdfe-8ae9-43bb-8275-89fa11997db1@group-A4974D930B56-StateMachineUpdater] INFO  impl.StateMachineUpdater (StateMachineUpdater.java:takeSnapshot(258)) - 3c29fdfe-8ae9-43bb-8275-89fa11997db1@group-A4974D930B56-StateMachineUpdater: Took a snapshot at index 3
2019-09-26 15:57:58,223 [3c29fdfe-8ae9-43bb-8275-89fa11997db1@group-A4974D930B56-StateMachineUpdater] INFO  impl.StateMachineUpdater (StateMachineUpdater.java:lambda$new$0(83)) - 3c29fdfe-8ae9-43bb-8275-89fa11997db1@group-A4974D930B56-StateMachineUpdater: snapshotIndex: updateIncreasingly -1 -> 3
2019-09-26 15:57:58,224 [3c29fdfe-8ae9-43bb-8275-89fa11997db1@group-A4974D930B56-StateMachineUpdater] INFO  ratis.ContainerStateMachine (ContainerStateMachine.java:takeSnapshot(289)) - group-A4974D930B56: Taking a snapshot at:(t:3, i:3) file /workdir/hadoop-ozone/integration-test/target/test-dir/MiniOzoneClusterImpl-1df8c159-28a8-44dd-adf8-68b36ae703f1/datanode-3/data/ratis/7361a078-e507-432e-800a-a4974d930b56/sm/snapshot.3_3
2019-09-26 15:57:58,236 [6899c05a-55c2-4a69-99b1-2cb7e601e4ae@group-00541B8CF1A2-StateMachineUpdater] INFO  ratis.ContainerStateMachine (ContainerStateMachine.java:takeSnapshot(300)) - group-00541B8CF1A2: Finished taking a snapshot at:(t:1, i:14) file:/workdir/hadoop-ozone/integration-test/target/test-dir/MiniOzoneClusterImpl-1df8c159-28a8-44dd-adf8-68b36ae703f1/datanode-2/data/ratis/1a887287-7977-4789-ae6d-00541b8cf1a2/sm/snapshot.1_14 time:13
2019-09-26 15:57:58,236 [3c29fdfe-8ae9-43bb-8275-89fa11997db1@group-A4974D930B56-StateMachineUpdater] INFO  ratis.ContainerStateMachine (ContainerStateMachine.java:takeSnapshot(300)) - group-A4974D930B56: Finished taking a snapshot at:(t:3, i:3) file:/workdir/hadoop-ozone/integration-test/target/test-dir/MiniOzoneClusterImpl-1df8c159-28a8-44dd-adf8-68b36ae703f1/datanode-3/data/ratis/7361a078-e507-432e-800a-a4974d930b56/sm/snapshot.3_3 time:12
2019-09-26 15:57:58,236 [6899c05a-55c2-4a69-99b1-2cb7e601e4ae@group-00541B8CF1A2-StateMachineUpdater] INFO  impl.StateMachineUpdater (StateMachineUpdater.java:takeSnapshot(258)) - 6899c05a-55c2-4a69-99b1-2cb7e601e4ae@group-00541B8CF1A2-StateMachineUpdater: Took a snapshot at index 14
2019-09-26 15:57:58,236 [3c29fdfe-8ae9-43bb-8275-89fa11997db1@group-A4974D930B56-StateMachineUpdater] INFO  impl.StateMachineUpdater (StateMachineUpdater.java:takeSnapshot(258)) - 3c29fdfe-8ae9-43bb-8275-89fa11997db1@group-A4974D930B56-StateMachineUpdater: Took a snapshot at index 3
2019-09-26 15:57:58,236 [6899c05a-55c2-4a69-99b1-2cb7e601e4ae@group-00541B8CF1A2-StateMachineUpdater] INFO  impl.StateMachineUpdater (StateMachineUpdater.java:lambda$new$0(83)) - 6899c05a-55c2-4a69-99b1-2cb7e601e4ae@group-00541B8CF1A2-StateMachineUpdater: snapshotIndex: updateIncreasingly 14 -> 14
2019-09-26 15:57:58,236 [3c29fdfe-8ae9-43bb-8275-89fa11997db1@group-A4974D930B56-StateMachineUpdater] INFO  impl.StateMachineUpdater (StateMachineUpdater.java:lambda$new$0(83)) - 3c29fdfe-8ae9-43bb-8275-89fa11997db1@group-A4974D930B56-StateMachineUpdater: snapshotIndex: updateIncreasingly 3 -> 3
2019-09-26 15:57:58,236 [ForkJoinPool.commonPool-worker-1] INFO  impl.RaftServerImpl (ServerState.java:close(385)) - 6899c05a-55c2-4a69-99b1-2cb7e601e4ae@group-00541B8CF1A2: closes. applyIndex: 16
2019-09-26 15:57:58,237 [main] INFO  impl.RaftServerImpl (ServerState.java:close(385)) - 3c29fdfe-8ae9-43bb-8275-89fa11997db1@group-A4974D930B56: closes. applyIndex: 4
2019-09-26 15:57:58,237 [6899c05a-55c2-4a69-99b1-2cb7e601e4ae@group-00541B8CF1A2-SegmentedRaftLogWorker] INFO  segmented.SegmentedRaftLogWorker (SegmentedRaftLogWorker.java:run(313)) - 6899c05a-55c2-4a69-99b1-2cb7e601e4ae@group-00541B8CF1A2-SegmentedRaftLogWorker was interrupted, exiting. There are 0 tasks remaining in the queue.
2019-09-26 15:57:58,237 [3c29fdfe-8ae9-43bb-8275-89fa11997db1@group-A4974D930B56-SegmentedRaftLogWorker] INFO  segmented.SegmentedRaftLogWorker (SegmentedRaftLogWorker.java:run(313)) - 3c29fdfe-8ae9-43bb-8275-89fa11997db1@group-A4974D930B56-SegmentedRaftLogWorker was interrupted, exiting. There are 0 tasks remaining in the queue.
2019-09-26 15:57:58,237 [ForkJoinPool.commonPool-worker-1] INFO  segmented.SegmentedRaftLogWorker (SegmentedRaftLogWorker.java:close(228)) - 6899c05a-55c2-4a69-99b1-2cb7e601e4ae@group-00541B8CF1A2-SegmentedRaftLogWorker close()
2019-09-26 15:57:58,238 [main] INFO  segmented.SegmentedRaftLogWorker (SegmentedRaftLogWorker.java:close(228)) - 3c29fdfe-8ae9-43bb-8275-89fa11997db1@group-A4974D930B56-SegmentedRaftLogWorker close()
2019-09-26 15:57:58,240 [ForkJoinPool.commonPool-worker-1] INFO  server.GrpcService (GrpcService.java:closeImpl(164)) - 6899c05a-55c2-4a69-99b1-2cb7e601e4ae: shutdown server with port 34850 now
2019-09-26 15:57:58,242 [main] INFO  impl.RaftServerImpl (RaftServerImpl.java:lambda$shutdown$3(251)) - 3c29fdfe-8ae9-43bb-8275-89fa11997db1@group-812A238A1111: shutdown
2019-09-26 15:57:58,242 [main] INFO  util.JmxRegister (JmxRegister.java:unregister(73)) - Successfully un-registered JMX Bean with object name Ratis:service=RaftServer,group=group-812A238A1111,id=3c29fdfe-8ae9-43bb-8275-89fa11997db1
2019-09-26 15:57:58,242 [main] INFO  impl.RoleInfo (RoleInfo.java:shutdownLeaderState(104)) - 3c29fdfe-8ae9-43bb-8275-89fa11997db1: shutdown LeaderState
2019-09-26 15:57:58,243 [ForkJoinPool.commonPool-worker-1] INFO  server.GrpcService (GrpcService.java:closeImpl(172)) - 6899c05a-55c2-4a69-99b1-2cb7e601e4ae: shutdown server with port 34850 successfully
2019-09-26 15:57:58,243 [main] INFO  impl.PendingRequests (PendingRequests.java:sendNotLeaderResponses(202)) - 3c29fdfe-8ae9-43bb-8275-89fa11997db1-PendingRequests: sendNotLeaderResponses
2019-09-26 15:57:58,243 [main] INFO  impl.StateMachineUpdater (StateMachineUpdater.java:stopAndJoin(125)) - 3c29fdfe-8ae9-43bb-8275-89fa11997db1@group-812A238A1111-StateMachineUpdater: set stopIndex = 0
2019-09-26 15:57:58,244 [main] INFO  impl.RaftServerImpl (ServerState.java:close(385)) - 3c29fdfe-8ae9-43bb-8275-89fa11997db1@group-812A238A1111: closes. applyIndex: 0
2019-09-26 15:57:58,243 [grpc-default-executor-10] WARN  client.GrpcClientProtocolService (LogUtils.java:warn(134)) - 3-UnorderedRequestStreamObserver3: onError: org.apache.ratis.thirdparty.io.grpc.StatusRuntimeException: CANCELLED: cancelled before receiving half close
2019-09-26 15:57:58,244 [3c29fdfe-8ae9-43bb-8275-89fa11997db1@group-812A238A1111-SegmentedRaftLogWorker] INFO  segmented.SegmentedRaftLogWorker (SegmentedRaftLogWorker.java:run(313)) - 3c29fdfe-8ae9-43bb-8275-89fa11997db1@group-812A238A1111-SegmentedRaftLogWorker was interrupted, exiting. There are 0 tasks remaining in the queue.
2019-09-26 15:57:58,245 [main] INFO  segmented.SegmentedRaftLogWorker (SegmentedRaftLogWorker.java:close(228)) - 3c29fdfe-8ae9-43bb-8275-89fa11997db1@group-812A238A1111-SegmentedRaftLogWorker close()
2019-09-26 15:57:58,247 [main] INFO  server.GrpcService (GrpcService.java:closeImpl(164)) - 3c29fdfe-8ae9-43bb-8275-89fa11997db1: shutdown server with port 44740 now
2019-09-26 15:57:58,249 [grpc-default-executor-11] WARN  server.GrpcServerProtocolService (LogUtils.java:warn(134)) - 3c29fdfe-8ae9-43bb-8275-89fa11997db1: installSnapshot onError, lastRequest: 1346a0e7-0f31-418c-877c-49893fac4105->3c29fdfe-8ae9-43bb-8275-89fa11997db1#9-t3, previous=(t:3, i:4), leaderCommit=4, initializing? false, entries: <empty>: org.apache.ratis.thirdparty.io.grpc.StatusRuntimeException: CANCELLED: cancelled before receiving half close
2019-09-26 15:57:58,255 [grpc-default-executor-9] WARN  server.GrpcLogAppender (LogUtils.java:warn(134)) - 1346a0e7-0f31-418c-877c-49893fac4105@group-A4974D930B56->3c29fdfe-8ae9-43bb-8275-89fa11997db1-AppendLogResponseHandler: Failed appendEntries: org.apache.ratis.thirdparty.io.grpc.StatusRuntimeException: CANCELLED: HTTP/2 error code: CANCEL
Received Rst Stream
2019-09-26 15:57:58,256 [refreshUsed-/workdir/hadoop-ozone/integration-test/target/test-dir/MiniOzoneClusterImpl-1df8c159-28a8-44dd-adf8-68b36ae703f1/datanode-2/data/containers] WARN  fs.CachingGetSpaceUsed (CachingGetSpaceUsed.java:run(183)) - Thread Interrupted waiting to refresh disk information: sleep interrupted
2019-09-26 15:57:58,255 [main] INFO  server.GrpcService (GrpcService.java:closeImpl(172)) - 3c29fdfe-8ae9-43bb-8275-89fa11997db1: shutdown server with port 44740 successfully
2019-09-26 15:57:58,256 [grpc-default-executor-9] INFO  impl.FollowerInfo (FollowerInfo.java:lambda$new$0(51)) - 1346a0e7-0f31-418c-877c-49893fac4105@group-A4974D930B56->3c29fdfe-8ae9-43bb-8275-89fa11997db1: nextIndex: updateUnconditionally 5 -> 4
2019-09-26 15:57:58,261 [refreshUsed-/workdir/hadoop-ozone/integration-test/target/test-dir/MiniOzoneClusterImpl-1df8c159-28a8-44dd-adf8-68b36ae703f1/datanode-3/data/containers] WARN  fs.CachingGetSpaceUsed (CachingGetSpaceUsed.java:run(183)) - Thread Interrupted waiting to refresh disk information: sleep interrupted
2019-09-26 15:57:58,279 [main] INFO  utils.BackgroundService (BackgroundService.java:shutdown(148)) - Shutting down service BlockDeletingService
2019-09-26 15:57:58,284 [main] INFO  statemachine.DatanodeStateMachine (DatanodeStateMachine.java:stopDaemon(395)) - Ozone container server stopped.
2019-09-26 15:57:58,285 [main] INFO  handler.ContextHandler (ContextHandler.java:doStop(910)) - Stopped o.e.j.w.WebAppContext@cec590c{/,null,UNAVAILABLE}{/hddsDatanode}
2019-09-26 15:57:58,286 [main] INFO  server.AbstractConnector (AbstractConnector.java:doStop(318)) - Stopped ServerConnector@1570cad0{HTTP/1.1,[http/1.1]}{0.0.0.0:0}
2019-09-26 15:57:58,286 [ForkJoinPool.commonPool-worker-1] INFO  utils.BackgroundService (BackgroundService.java:shutdown(148)) - Shutting down service BlockDeletingService
2019-09-26 15:57:58,286 [main] INFO  handler.ContextHandler (ContextHandler.java:doStop(910)) - Stopped o.e.j.s.ServletContextHandler@76af51d6{/static,jar:file:/home/user/.m2/repository/org/apache/hadoop/hadoop-hdds-container-service/0.5.0-SNAPSHOT/hadoop-hdds-container-service-0.5.0-SNAPSHOT.jar!/webapps/static,UNAVAILABLE}
2019-09-26 15:57:58,288 [main] INFO  handler.ContextHandler (ContextHandler.java:doStop(910)) - Stopped o.e.j.s.ServletContextHandler@7e2bc2f4{/logs,file:///workdir/hadoop-ozone/integration-test/target/log,UNAVAILABLE}
2019-09-26 15:57:58,290 [ForkJoinPool.commonPool-worker-1] INFO  statemachine.DatanodeStateMachine (DatanodeStateMachine.java:stopDaemon(395)) - Ozone container server stopped.
2019-09-26 15:57:58,305 [ForkJoinPool.commonPool-worker-1] INFO  handler.ContextHandler (ContextHandler.java:doStop(910)) - Stopped o.e.j.w.WebAppContext@2b3f7704{/,null,UNAVAILABLE}{/hddsDatanode}
2019-09-26 15:57:58,306 [ForkJoinPool.commonPool-worker-1] INFO  server.AbstractConnector (AbstractConnector.java:doStop(318)) - Stopped ServerConnector@3a16984c{HTTP/1.1,[http/1.1]}{0.0.0.0:0}
2019-09-26 15:57:58,308 [ForkJoinPool.commonPool-worker-1] INFO  handler.ContextHandler (ContextHandler.java:doStop(910)) - Stopped o.e.j.s.ServletContextHandler@40016ce1{/static,jar:file:/home/user/.m2/repository/org/apache/hadoop/hadoop-hdds-container-service/0.5.0-SNAPSHOT/hadoop-hdds-container-service-0.5.0-SNAPSHOT.jar!/webapps/static,UNAVAILABLE}
2019-09-26 15:57:58,310 [ForkJoinPool.commonPool-worker-1] INFO  handler.ContextHandler (ContextHandler.java:doStop(910)) - Stopped o.e.j.s.ServletContextHandler@a9a8ec3{/logs,file:///workdir/hadoop-ozone/integration-test/target/log,UNAVAILABLE}
2019-09-26 15:57:58,810 [Datanode State Machine Thread - 0] INFO  statemachine.DatanodeStateMachine (DatanodeStateMachine.java:lambda$startDaemon$0(350)) - Ozone container server started.
2019-09-26 15:57:58,955 [Datanode State Machine Thread - 0] INFO  statemachine.DatanodeStateMachine (DatanodeStateMachine.java:lambda$startDaemon$0(350)) - Ozone container server started.
2019-09-26 15:58:00,392 [grpc-default-executor-10] WARN  server.GrpcLogAppender (LogUtils.java:warn(134)) - 1346a0e7-0f31-418c-877c-49893fac4105@group-A4974D930B56->3c29fdfe-8ae9-43bb-8275-89fa11997db1-AppendLogResponseHandler: Failed appendEntries: org.apache.ratis.thirdparty.io.grpc.StatusRuntimeException: UNAVAILABLE: io exception
2019-09-26 15:58:00,392 [grpc-default-executor-10] INFO  impl.FollowerInfo (FollowerInfo.java:lambda$new$0(51)) - 1346a0e7-0f31-418c-877c-49893fac4105@group-A4974D930B56->3c29fdfe-8ae9-43bb-8275-89fa11997db1: nextIndex: updateUnconditionally 4 -> 3
2019-09-26 15:58:02,864 [EventQueue-StaleNodeForStaleNodeHandler] INFO  node.StaleNodeHandler (StaleNodeHandler.java:onMessage(58)) - Datanode 1346a0e7-0f31-418c-877c-49893fac4105{ip: 192.168.164.210, host: pr-hdds-2185-nx5sg-2633547614, networkLocation: /default-rack, certSerialId: null} moved to stale state. Finalizing its pipelines [PipelineID=7361a078-e507-432e-800a-a4974d930b56, PipelineID=eebf469c-3e0e-4699-baf7-1b56e4e5826d]
2019-09-26 15:58:02,864 [EventQueue-StaleNodeForStaleNodeHandler] INFO  pipeline.SCMPipelineManager (SCMPipelineManager.java:finalizeAndDestroyPipeline(315)) - destroying pipeline:Pipeline[ Id: 7361a078-e507-432e-800a-a4974d930b56, Nodes: 1346a0e7-0f31-418c-877c-49893fac4105{ip: 192.168.164.210, host: pr-hdds-2185-nx5sg-2633547614, networkLocation: /default-rack, certSerialId: null}3c29fdfe-8ae9-43bb-8275-89fa11997db1{ip: 192.168.164.210, host: pr-hdds-2185-nx5sg-2633547614, networkLocation: /default-rack, certSerialId: null}81e39e0c-175c-4999-a8b5-57b67040d31c{ip: 192.168.164.210, host: pr-hdds-2185-nx5sg-2633547614, networkLocation: /default-rack, certSerialId: null}, Type:RATIS, Factor:THREE, State:CLOSED]
2019-09-26 15:58:02,865 [EventQueue-StaleNodeForStaleNodeHandler] INFO  pipeline.SCMPipelineManager (SCMPipelineManager.java:finalizeAndDestroyPipeline(315)) - destroying pipeline:Pipeline[ Id: eebf469c-3e0e-4699-baf7-1b56e4e5826d, Nodes: 1346a0e7-0f31-418c-877c-49893fac4105{ip: 192.168.164.210, host: pr-hdds-2185-nx5sg-2633547614, networkLocation: /default-rack, certSerialId: null}, Type:RATIS, Factor:ONE, State:OPEN]
2019-09-26 15:58:02,865 [EventQueue-StaleNodeForStaleNodeHandler] INFO  pipeline.PipelineStateManager (PipelineStateManager.java:finalizePipeline(123)) - Pipeline Pipeline[ Id: eebf469c-3e0e-4699-baf7-1b56e4e5826d, Nodes: 1346a0e7-0f31-418c-877c-49893fac4105{ip: 192.168.164.210, host: pr-hdds-2185-nx5sg-2633547614, networkLocation: /default-rack, certSerialId: null}, Type:RATIS, Factor:ONE, State:CLOSED] moved to CLOSED state
2019-09-26 15:58:02,895 [grpc-default-executor-10] WARN  server.GrpcLogAppender (LogUtils.java:warn(134)) - 1346a0e7-0f31-418c-877c-49893fac4105@group-A4974D930B56->3c29fdfe-8ae9-43bb-8275-89fa11997db1-AppendLogResponseHandler: Failed appendEntries: org.apache.ratis.thirdparty.io.grpc.StatusRuntimeException: UNAVAILABLE: io exception
2019-09-26 15:58:02,901 [grpc-default-executor-10] INFO  impl.FollowerInfo (FollowerInfo.java:lambda$new$0(51)) - 1346a0e7-0f31-418c-877c-49893fac4105@group-A4974D930B56->3c29fdfe-8ae9-43bb-8275-89fa11997db1: nextIndex: updateUnconditionally 3 -> 2
2019-09-26 15:58:02,963 [EventQueue-StaleNodeForStaleNodeHandler] INFO  node.StaleNodeHandler (StaleNodeHandler.java:onMessage(58)) - Datanode 87b128cd-da01-4ba7-9b9b-a2a1b5272d7b{ip: 192.168.164.210, host: pr-hdds-2185-nx5sg-2633547614, networkLocation: /default-rack, certSerialId: null} moved to stale state. Finalizing its pipelines [PipelineID=1a887287-7977-4789-ae6d-00541b8cf1a2, PipelineID=5e1fd6f8-9a95-42b7-8632-1ebcafbb5a19]
2019-09-26 15:58:02,964 [EventQueue-StaleNodeForStaleNodeHandler] INFO  pipeline.SCMPipelineManager (SCMPipelineManager.java:finalizeAndDestroyPipeline(315)) - destroying pipeline:Pipeline[ Id: 1a887287-7977-4789-ae6d-00541b8cf1a2, Nodes: 6899c05a-55c2-4a69-99b1-2cb7e601e4ae{ip: 192.168.164.210, host: pr-hdds-2185-nx5sg-2633547614, networkLocation: /default-rack, certSerialId: null}87b128cd-da01-4ba7-9b9b-a2a1b5272d7b{ip: 192.168.164.210, host: pr-hdds-2185-nx5sg-2633547614, networkLocation: /default-rack, certSerialId: null}735002fd-e857-4e03-a830-88a48acb9de9{ip: 192.168.164.210, host: pr-hdds-2185-nx5sg-2633547614, networkLocation: /default-rack, certSerialId: null}, Type:RATIS, Factor:THREE, State:CLOSED]
2019-09-26 15:58:02,964 [EventQueue-StaleNodeForStaleNodeHandler] INFO  pipeline.SCMPipelineManager (SCMPipelineManager.java:finalizeAndDestroyPipeline(315)) - destroying pipeline:Pipeline[ Id: 5e1fd6f8-9a95-42b7-8632-1ebcafbb5a19, Nodes: 87b128cd-da01-4ba7-9b9b-a2a1b5272d7b{ip: 192.168.164.210, host: pr-hdds-2185-nx5sg-2633547614, networkLocation: /default-rack, certSerialId: null}, Type:RATIS, Factor:ONE, State:OPEN]
2019-09-26 15:58:02,964 [EventQueue-StaleNodeForStaleNodeHandler] INFO  pipeline.PipelineStateManager (PipelineStateManager.java:finalizePipeline(123)) - Pipeline Pipeline[ Id: 5e1fd6f8-9a95-42b7-8632-1ebcafbb5a19, Nodes: 87b128cd-da01-4ba7-9b9b-a2a1b5272d7b{ip: 192.168.164.210, host: pr-hdds-2185-nx5sg-2633547614, networkLocation: /default-rack, certSerialId: null}, Type:RATIS, Factor:ONE, State:CLOSED] moved to CLOSED state
2019-09-26 15:58:03,292 [main] INFO  ozoneimpl.OzoneContainer (OzoneContainer.java:stop(231)) - Attempting to stop container services.
2019-09-26 15:58:03,296 [main] INFO  impl.RaftServerProxy (RaftServerProxy.java:lambda$close$4(314)) - 1346a0e7-0f31-418c-877c-49893fac4105: close
2019-09-26 15:58:03,296 [main] INFO  impl.RaftServerImpl (RaftServerImpl.java:lambda$shutdown$3(251)) - 1346a0e7-0f31-418c-877c-49893fac4105@group-A4974D930B56: shutdown
2019-09-26 15:58:03,297 [main] INFO  util.JmxRegister (JmxRegister.java:unregister(73)) - Successfully un-registered JMX Bean with object name Ratis:service=RaftServer,group=group-A4974D930B56,id=1346a0e7-0f31-418c-877c-49893fac4105
2019-09-26 15:58:03,297 [main] INFO  impl.RoleInfo (RoleInfo.java:shutdownLeaderState(104)) - 1346a0e7-0f31-418c-877c-49893fac4105: shutdown LeaderState
2019-09-26 15:58:03,301 [org.apache.ratis.server.impl.LogAppender$AppenderDaemon$$Lambda$512/332279832@44dda5a5] WARN  server.GrpcLogAppender (GrpcLogAppender.java:mayWait(143)) - 1346a0e7-0f31-418c-877c-49893fac4105@group-A4974D930B56->3c29fdfe-8ae9-43bb-8275-89fa11997db1-GrpcLogAppender: Wait interrupted by java.lang.InterruptedException
2019-09-26 15:58:03,301 [org.apache.ratis.server.impl.LogAppender$AppenderDaemon$$Lambda$512/332279832@6a5b91d3] WARN  server.GrpcLogAppender (GrpcLogAppender.java:mayWait(143)) - 1346a0e7-0f31-418c-877c-49893fac4105@group-A4974D930B56->81e39e0c-175c-4999-a8b5-57b67040d31c-GrpcLogAppender: Wait interrupted by java.lang.InterruptedException
2019-09-26 15:58:03,301 [main] INFO  impl.PendingRequests (PendingRequests.java:sendNotLeaderResponses(202)) - 1346a0e7-0f31-418c-877c-49893fac4105-PendingRequests: sendNotLeaderResponses
2019-09-26 15:58:03,308 [grpc-default-executor-10] INFO  server.GrpcServerProtocolService (GrpcServerProtocolService.java:onCompleted(113)) - 81e39e0c-175c-4999-a8b5-57b67040d31c: Completed APPEND_ENTRIES, lastRequest: 1346a0e7-0f31-418c-877c-49893fac4105->81e39e0c-175c-4999-a8b5-57b67040d31c#11-t3, previous=(t:3, i:4), leaderCommit=4, initializing? false, entries: <empty>
2019-09-26 15:58:03,310 [main] INFO  impl.StateMachineUpdater (StateMachineUpdater.java:stopAndJoin(125)) - 1346a0e7-0f31-418c-877c-49893fac4105@group-A4974D930B56-StateMachineUpdater: set stopIndex = 4
2019-09-26 15:58:03,310 [1346a0e7-0f31-418c-877c-49893fac4105@group-A4974D930B56-StateMachineUpdater] INFO  ratis.ContainerStateMachine (ContainerStateMachine.java:takeSnapshot(289)) - group-A4974D930B56: Taking a snapshot at:(t:3, i:4) file /workdir/hadoop-ozone/integration-test/target/test-dir/MiniOzoneClusterImpl-1df8c159-28a8-44dd-adf8-68b36ae703f1/datanode-6/data/ratis/7361a078-e507-432e-800a-a4974d930b56/sm/snapshot.3_4
2019-09-26 15:58:03,310 [grpc-default-executor-10] INFO  server.GrpcLogAppender (GrpcLogAppender.java:onCompleted(293)) - 1346a0e7-0f31-418c-877c-49893fac4105@group-A4974D930B56->81e39e0c-175c-4999-a8b5-57b67040d31c-AppendLogResponseHandler: follower responses appendEntries COMPLETED
2019-09-26 15:58:03,311 [grpc-default-executor-10] INFO  impl.FollowerInfo (FollowerInfo.java:lambda$new$0(51)) - 1346a0e7-0f31-418c-877c-49893fac4105@group-A4974D930B56->81e39e0c-175c-4999-a8b5-57b67040d31c: nextIndex: updateUnconditionally 5 -> 4
2019-09-26 15:58:03,313 [ForkJoinPool.commonPool-worker-1] INFO  ozoneimpl.OzoneContainer (OzoneContainer.java:stop(231)) - Attempting to stop container services.
2019-09-26 15:58:03,313 [ForkJoinPool.commonPool-worker-1] INFO  impl.RaftServerProxy (RaftServerProxy.java:lambda$close$4(314)) - 87b128cd-da01-4ba7-9b9b-a2a1b5272d7b: close
2019-09-26 15:58:03,313 [ForkJoinPool.commonPool-worker-1] INFO  impl.RaftServerImpl (RaftServerImpl.java:lambda$shutdown$3(251)) - 87b128cd-da01-4ba7-9b9b-a2a1b5272d7b@group-00541B8CF1A2: shutdown
2019-09-26 15:58:03,313 [ForkJoinPool.commonPool-worker-1] INFO  util.JmxRegister (JmxRegister.java:unregister(73)) - Successfully un-registered JMX Bean with object name Ratis:service=RaftServer,group=group-00541B8CF1A2,id=87b128cd-da01-4ba7-9b9b-a2a1b5272d7b
2019-09-26 15:58:03,314 [ForkJoinPool.commonPool-worker-1] INFO  impl.RoleInfo (RoleInfo.java:shutdownFollowerState(121)) - 87b128cd-da01-4ba7-9b9b-a2a1b5272d7b: shutdown FollowerState
2019-09-26 15:58:03,314 [ForkJoinPool.commonPool-worker-1] INFO  impl.StateMachineUpdater (StateMachineUpdater.java:stopAndJoin(125)) - 87b128cd-da01-4ba7-9b9b-a2a1b5272d7b@group-00541B8CF1A2-StateMachineUpdater: set stopIndex = 16
2019-09-26 15:58:03,314 [Thread-3873] INFO  impl.FollowerState (FollowerState.java:run(115)) - 87b128cd-da01-4ba7-9b9b-a2a1b5272d7b: FollowerState was interrupted: java.lang.InterruptedException: sleep interrupted
2019-09-26 15:58:03,314 [87b128cd-da01-4ba7-9b9b-a2a1b5272d7b@group-00541B8CF1A2-StateMachineUpdater] INFO  ratis.ContainerStateMachine (ContainerStateMachine.java:takeSnapshot(289)) - group-00541B8CF1A2: Taking a snapshot at:(t:1, i:16) file /workdir/hadoop-ozone/integration-test/target/test-dir/MiniOzoneClusterImpl-1df8c159-28a8-44dd-adf8-68b36ae703f1/datanode-0/data/ratis/1a887287-7977-4789-ae6d-00541b8cf1a2/sm/snapshot.1_16
2019-09-26 15:58:03,324 [1346a0e7-0f31-418c-877c-49893fac4105@group-A4974D930B56-StateMachineUpdater] INFO  ratis.ContainerStateMachine (ContainerStateMachine.java:takeSnapshot(300)) - group-A4974D930B56: Finished taking a snapshot at:(t:3, i:4) file:/workdir/hadoop-ozone/integration-test/target/test-dir/MiniOzoneClusterImpl-1df8c159-28a8-44dd-adf8-68b36ae703f1/datanode-6/data/ratis/7361a078-e507-432e-800a-a4974d930b56/sm/snapshot.3_4 time:15
2019-09-26 15:58:03,324 [87b128cd-da01-4ba7-9b9b-a2a1b5272d7b@group-00541B8CF1A2-StateMachineUpdater] INFO  ratis.ContainerStateMachine (ContainerStateMachine.java:takeSnapshot(300)) - group-00541B8CF1A2: Finished taking a snapshot at:(t:1, i:16) file:/workdir/hadoop-ozone/integration-test/target/test-dir/MiniOzoneClusterImpl-1df8c159-28a8-44dd-adf8-68b36ae703f1/datanode-0/data/ratis/1a887287-7977-4789-ae6d-00541b8cf1a2/sm/snapshot.1_16 time:11
2019-09-26 15:58:03,325 [1346a0e7-0f31-418c-877c-49893fac4105@group-A4974D930B56-StateMachineUpdater] INFO  impl.StateMachineUpdater (StateMachineUpdater.java:takeSnapshot(258)) - 1346a0e7-0f31-418c-877c-49893fac4105@group-A4974D930B56-StateMachineUpdater: Took a snapshot at index 4
2019-09-26 15:58:03,325 [87b128cd-da01-4ba7-9b9b-a2a1b5272d7b@group-00541B8CF1A2-StateMachineUpdater] INFO  impl.StateMachineUpdater (StateMachineUpdater.java:takeSnapshot(258)) - 87b128cd-da01-4ba7-9b9b-a2a1b5272d7b@group-00541B8CF1A2-StateMachineUpdater: Took a snapshot at index 16
2019-09-26 15:58:03,325 [1346a0e7-0f31-418c-877c-49893fac4105@group-A4974D930B56-StateMachineUpdater] INFO  impl.StateMachineUpdater (StateMachineUpdater.java:lambda$new$0(83)) - 1346a0e7-0f31-418c-877c-49893fac4105@group-A4974D930B56-StateMachineUpdater: snapshotIndex: updateIncreasingly -1 -> 4
2019-09-26 15:58:03,325 [87b128cd-da01-4ba7-9b9b-a2a1b5272d7b@group-00541B8CF1A2-StateMachineUpdater] INFO  impl.StateMachineUpdater (StateMachineUpdater.java:lambda$new$0(83)) - 87b128cd-da01-4ba7-9b9b-a2a1b5272d7b@group-00541B8CF1A2-StateMachineUpdater: snapshotIndex: updateIncreasingly -1 -> 16
2019-09-26 15:58:03,325 [main] INFO  impl.RaftServerImpl (ServerState.java:close(385)) - 1346a0e7-0f31-418c-877c-49893fac4105@group-A4974D930B56: closes. applyIndex: 4
2019-09-26 15:58:03,326 [ForkJoinPool.commonPool-worker-1] INFO  impl.RaftServerImpl (ServerState.java:close(385)) - 87b128cd-da01-4ba7-9b9b-a2a1b5272d7b@group-00541B8CF1A2: closes. applyIndex: 16
2019-09-26 15:58:03,326 [87b128cd-da01-4ba7-9b9b-a2a1b5272d7b@group-00541B8CF1A2-SegmentedRaftLogWorker] INFO  segmented.SegmentedRaftLogWorker (SegmentedRaftLogWorker.java:run(313)) - 87b128cd-da01-4ba7-9b9b-a2a1b5272d7b@group-00541B8CF1A2-SegmentedRaftLogWorker was interrupted, exiting. There are 0 tasks remaining in the queue.
2019-09-26 15:58:03,326 [1346a0e7-0f31-418c-877c-49893fac4105@group-A4974D930B56-SegmentedRaftLogWorker] INFO  segmented.SegmentedRaftLogWorker (SegmentedRaftLogWorker.java:run(313)) - 1346a0e7-0f31-418c-877c-49893fac4105@group-A4974D930B56-SegmentedRaftLogWorker was interrupted, exiting. There are 0 tasks remaining in the queue.
2019-09-26 15:58:03,326 [ForkJoinPool.commonPool-worker-1] INFO  segmented.SegmentedRaftLogWorker (SegmentedRaftLogWorker.java:close(228)) - 87b128cd-da01-4ba7-9b9b-a2a1b5272d7b@group-00541B8CF1A2-SegmentedRaftLogWorker close()
2019-09-26 15:58:03,327 [main] INFO  segmented.SegmentedRaftLogWorker (SegmentedRaftLogWorker.java:close(228)) - 1346a0e7-0f31-418c-877c-49893fac4105@group-A4974D930B56-SegmentedRaftLogWorker close()
2019-09-26 15:58:03,329 [ForkJoinPool.commonPool-worker-1] INFO  impl.RaftServerImpl (RaftServerImpl.java:lambda$shutdown$3(251)) - 87b128cd-da01-4ba7-9b9b-a2a1b5272d7b@group-1EBCAFBB5A19: shutdown
2019-09-26 15:58:03,331 [main] INFO  impl.RaftServerImpl (RaftServerImpl.java:lambda$shutdown$3(251)) - 1346a0e7-0f31-418c-877c-49893fac4105@group-1B56E4E5826D: shutdown
2019-09-26 15:58:03,331 [ForkJoinPool.commonPool-worker-1] INFO  util.JmxRegister (JmxRegister.java:unregister(73)) - Successfully un-registered JMX Bean with object name Ratis:service=RaftServer,group=group-1EBCAFBB5A19,id=87b128cd-da01-4ba7-9b9b-a2a1b5272d7b
2019-09-26 15:58:03,331 [main] INFO  util.JmxRegister (JmxRegister.java:unregister(73)) - Successfully un-registered JMX Bean with object name Ratis:service=RaftServer,group=group-1B56E4E5826D,id=1346a0e7-0f31-418c-877c-49893fac4105
2019-09-26 15:58:03,331 [ForkJoinPool.commonPool-worker-1] INFO  impl.RoleInfo (RoleInfo.java:shutdownLeaderState(104)) - 87b128cd-da01-4ba7-9b9b-a2a1b5272d7b: shutdown LeaderState
2019-09-26 15:58:03,331 [main] INFO  impl.RoleInfo (RoleInfo.java:shutdownLeaderState(104)) - 1346a0e7-0f31-418c-877c-49893fac4105: shutdown LeaderState
2019-09-26 15:58:03,332 [ForkJoinPool.commonPool-worker-1] INFO  impl.PendingRequests (PendingRequests.java:sendNotLeaderResponses(202)) - 87b128cd-da01-4ba7-9b9b-a2a1b5272d7b-PendingRequests: sendNotLeaderResponses
2019-09-26 15:58:03,332 [main] INFO  impl.PendingRequests (PendingRequests.java:sendNotLeaderResponses(202)) - 1346a0e7-0f31-418c-877c-49893fac4105-PendingRequests: sendNotLeaderResponses
2019-09-26 15:58:03,332 [ForkJoinPool.commonPool-worker-1] INFO  impl.StateMachineUpdater (StateMachineUpdater.java:stopAndJoin(125)) - 87b128cd-da01-4ba7-9b9b-a2a1b5272d7b@group-1EBCAFBB5A19-StateMachineUpdater: set stopIndex = 0
2019-09-26 15:58:03,332 [main] INFO  impl.StateMachineUpdater (StateMachineUpdater.java:stopAndJoin(125)) - 1346a0e7-0f31-418c-877c-49893fac4105@group-1B56E4E5826D-StateMachineUpdater: set stopIndex = 0
2019-09-26 15:58:03,332 [ForkJoinPool.commonPool-worker-1] INFO  impl.RaftServerImpl (ServerState.java:close(385)) - 87b128cd-da01-4ba7-9b9b-a2a1b5272d7b@group-1EBCAFBB5A19: closes. applyIndex: 0
2019-09-26 15:58:03,333 [87b128cd-da01-4ba7-9b9b-a2a1b5272d7b@group-1EBCAFBB5A19-SegmentedRaftLogWorker] INFO  segmented.SegmentedRaftLogWorker (SegmentedRaftLogWorker.java:run(313)) - 87b128cd-da01-4ba7-9b9b-a2a1b5272d7b@group-1EBCAFBB5A19-SegmentedRaftLogWorker was interrupted, exiting. There are 0 tasks remaining in the queue.
2019-09-26 15:58:03,333 [ForkJoinPool.commonPool-worker-1] INFO  segmented.SegmentedRaftLogWorker (SegmentedRaftLogWorker.java:close(228)) - 87b128cd-da01-4ba7-9b9b-a2a1b5272d7b@group-1EBCAFBB5A19-SegmentedRaftLogWorker close()
2019-09-26 15:58:03,335 [ForkJoinPool.commonPool-worker-1] INFO  server.GrpcService (GrpcService.java:closeImpl(164)) - 87b128cd-da01-4ba7-9b9b-a2a1b5272d7b: shutdown server with port 36462 now
2019-09-26 15:58:03,335 [main] INFO  impl.RaftServerImpl (ServerState.java:close(385)) - 1346a0e7-0f31-418c-877c-49893fac4105@group-1B56E4E5826D: closes. applyIndex: 0
2019-09-26 15:58:03,335 [ForkJoinPool.commonPool-worker-1] INFO  server.GrpcService (GrpcService.java:closeImpl(172)) - 87b128cd-da01-4ba7-9b9b-a2a1b5272d7b: shutdown server with port 36462 successfully
2019-09-26 15:58:03,335 [1346a0e7-0f31-418c-877c-49893fac4105@group-1B56E4E5826D-SegmentedRaftLogWorker] INFO  segmented.SegmentedRaftLogWorker (SegmentedRaftLogWorker.java:run(313)) - 1346a0e7-0f31-418c-877c-49893fac4105@group-1B56E4E5826D-SegmentedRaftLogWorker was interrupted, exiting. There are 0 tasks remaining in the queue.
2019-09-26 15:58:03,336 [main] INFO  segmented.SegmentedRaftLogWorker (SegmentedRaftLogWorker.java:close(228)) - 1346a0e7-0f31-418c-877c-49893fac4105@group-1B56E4E5826D-SegmentedRaftLogWorker close()
2019-09-26 15:58:03,338 [main] INFO  server.GrpcService (GrpcService.java:closeImpl(164)) - 1346a0e7-0f31-418c-877c-49893fac4105: shutdown server with port 42504 now
2019-09-26 15:58:03,339 [refreshUsed-/workdir/hadoop-ozone/integration-test/target/test-dir/MiniOzoneClusterImpl-1df8c159-28a8-44dd-adf8-68b36ae703f1/datanode-0/data/containers] WARN  fs.CachingGetSpaceUsed (CachingGetSpaceUsed.java:run(183)) - Thread Interrupted waiting to refresh disk information: sleep interrupted
2019-09-26 15:58:03,339 [main] INFO  server.GrpcService (GrpcService.java:closeImpl(172)) - 1346a0e7-0f31-418c-877c-49893fac4105: shutdown server with port 42504 successfully
2019-09-26 15:58:03,346 [refreshUsed-/workdir/hadoop-ozone/integration-test/target/test-dir/MiniOzoneClusterImpl-1df8c159-28a8-44dd-adf8-68b36ae703f1/datanode-6/data/containers] WARN  fs.CachingGetSpaceUsed (CachingGetSpaceUsed.java:run(183)) - Thread Interrupted waiting to refresh disk information: sleep interrupted
2019-09-26 15:58:03,356 [main] INFO  utils.BackgroundService (BackgroundService.java:shutdown(148)) - Shutting down service BlockDeletingService
2019-09-26 15:58:03,356 [ForkJoinPool.commonPool-worker-1] INFO  utils.BackgroundService (BackgroundService.java:shutdown(148)) - Shutting down service BlockDeletingService
2019-09-26 15:58:03,363 [main] INFO  statemachine.DatanodeStateMachine (DatanodeStateMachine.java:stopDaemon(395)) - Ozone container server stopped.
2019-09-26 15:58:03,364 [ForkJoinPool.commonPool-worker-1] INFO  statemachine.DatanodeStateMachine (DatanodeStateMachine.java:stopDaemon(395)) - Ozone container server stopped.
2019-09-26 15:58:03,366 [main] INFO  handler.ContextHandler (ContextHandler.java:doStop(910)) - Stopped o.e.j.w.WebAppContext@6cd45b6c{/,null,UNAVAILABLE}{/hddsDatanode}
2019-09-26 15:58:03,366 [ForkJoinPool.commonPool-worker-1] INFO  handler.ContextHandler (ContextHandler.java:doStop(910)) - Stopped o.e.j.w.WebAppContext@7e848aea{/,null,UNAVAILABLE}{/hddsDatanode}
2019-09-26 15:58:03,367 [main] INFO  server.AbstractConnector (AbstractConnector.java:doStop(318)) - Stopped ServerConnector@3a5b7d7e{HTTP/1.1,[http/1.1]}{0.0.0.0:0}
2019-09-26 15:58:03,367 [ForkJoinPool.commonPool-worker-1] INFO  server.AbstractConnector (AbstractConnector.java:doStop(318)) - Stopped ServerConnector@786a3477{HTTP/1.1,[http/1.1]}{0.0.0.0:0}
2019-09-26 15:58:03,367 [main] INFO  handler.ContextHandler (ContextHandler.java:doStop(910)) - Stopped o.e.j.s.ServletContextHandler@7db791df{/static,jar:file:/home/user/.m2/repository/org/apache/hadoop/hadoop-hdds-container-service/0.5.0-SNAPSHOT/hadoop-hdds-container-service-0.5.0-SNAPSHOT.jar!/webapps/static,UNAVAILABLE}
2019-09-26 15:58:03,369 [ForkJoinPool.commonPool-worker-1] INFO  handler.ContextHandler (ContextHandler.java:doStop(910)) - Stopped o.e.j.s.ServletContextHandler@12365bd8{/static,jar:file:/home/user/.m2/repository/org/apache/hadoop/hadoop-hdds-container-service/0.5.0-SNAPSHOT/hadoop-hdds-container-service-0.5.0-SNAPSHOT.jar!/webapps/static,UNAVAILABLE}
2019-09-26 15:58:03,369 [main] INFO  handler.ContextHandler (ContextHandler.java:doStop(910)) - Stopped o.e.j.s.ServletContextHandler@36f6d25c{/logs,file:///workdir/hadoop-ozone/integration-test/target/log,UNAVAILABLE}
2019-09-26 15:58:03,370 [ForkJoinPool.commonPool-worker-1] INFO  handler.ContextHandler (ContextHandler.java:doStop(910)) - Stopped o.e.j.s.ServletContextHandler@85ab964{/logs,file:///workdir/hadoop-ozone/integration-test/target/log,UNAVAILABLE}
2019-09-26 15:58:03,855 [Datanode State Machine Thread - 0] INFO  statemachine.DatanodeStateMachine (DatanodeStateMachine.java:lambda$startDaemon$0(350)) - Ozone container server started.
2019-09-26 15:58:07,869 [EventQueue-StaleNodeForStaleNodeHandler] INFO  node.StaleNodeHandler (StaleNodeHandler.java:onMessage(58)) - Datanode 81e39e0c-175c-4999-a8b5-57b67040d31c{ip: 192.168.164.210, host: pr-hdds-2185-nx5sg-2633547614, networkLocation: /default-rack, certSerialId: null} moved to stale state. Finalizing its pipelines [PipelineID=1d862ab6-db5c-45cc-a261-155ed640c219, PipelineID=7361a078-e507-432e-800a-a4974d930b56]
2019-09-26 15:58:07,870 [EventQueue-StaleNodeForStaleNodeHandler] INFO  pipeline.SCMPipelineManager (SCMPipelineManager.java:finalizeAndDestroyPipeline(315)) - destroying pipeline:Pipeline[ Id: 1d862ab6-db5c-45cc-a261-155ed640c219, Nodes: 81e39e0c-175c-4999-a8b5-57b67040d31c{ip: 192.168.164.210, host: pr-hdds-2185-nx5sg-2633547614, networkLocation: /default-rack, certSerialId: null}, Type:RATIS, Factor:ONE, State:OPEN]
2019-09-26 15:58:07,870 [EventQueue-StaleNodeForStaleNodeHandler] INFO  pipeline.PipelineStateManager (PipelineStateManager.java:finalizePipeline(123)) - Pipeline Pipeline[ Id: 1d862ab6-db5c-45cc-a261-155ed640c219, Nodes: 81e39e0c-175c-4999-a8b5-57b67040d31c{ip: 192.168.164.210, host: pr-hdds-2185-nx5sg-2633547614, networkLocation: /default-rack, certSerialId: null}, Type:RATIS, Factor:ONE, State:CLOSED] moved to CLOSED state
2019-09-26 15:58:07,871 [EventQueue-StaleNodeForStaleNodeHandler] INFO  pipeline.SCMPipelineManager (SCMPipelineManager.java:finalizeAndDestroyPipeline(315)) - destroying pipeline:Pipeline[ Id: 7361a078-e507-432e-800a-a4974d930b56, Nodes: 1346a0e7-0f31-418c-877c-49893fac4105{ip: 192.168.164.210, host: pr-hdds-2185-nx5sg-2633547614, networkLocation: /default-rack, certSerialId: null}3c29fdfe-8ae9-43bb-8275-89fa11997db1{ip: 192.168.164.210, host: pr-hdds-2185-nx5sg-2633547614, networkLocation: /default-rack, certSerialId: null}81e39e0c-175c-4999-a8b5-57b67040d31c{ip: 192.168.164.210, host: pr-hdds-2185-nx5sg-2633547614, networkLocation: /default-rack, certSerialId: null}, Type:RATIS, Factor:THREE, State:CLOSED]
2019-09-26 15:58:08,372 [main] INFO  ozoneimpl.OzoneContainer (OzoneContainer.java:stop(231)) - Attempting to stop container services.
2019-09-26 15:58:08,373 [main] INFO  impl.RaftServerProxy (RaftServerProxy.java:lambda$close$4(314)) - 81e39e0c-175c-4999-a8b5-57b67040d31c: close
2019-09-26 15:58:08,375 [ForkJoinPool.commonPool-worker-0] INFO  impl.RaftServerImpl (RaftServerImpl.java:lambda$shutdown$3(251)) - 81e39e0c-175c-4999-a8b5-57b67040d31c@group-A4974D930B56: shutdown
2019-09-26 15:58:08,375 [main] INFO  impl.RaftServerImpl (RaftServerImpl.java:lambda$shutdown$3(251)) - 81e39e0c-175c-4999-a8b5-57b67040d31c@group-155ED640C219: shutdown
2019-09-26 15:58:08,377 [ForkJoinPool.commonPool-worker-0] INFO  util.JmxRegister (JmxRegister.java:unregister(73)) - Successfully un-registered JMX Bean with object name Ratis:service=RaftServer,group=group-A4974D930B56,id=81e39e0c-175c-4999-a8b5-57b67040d31c
2019-09-26 15:58:08,377 [main] INFO  util.JmxRegister (JmxRegister.java:unregister(73)) - Successfully un-registered JMX Bean with object name Ratis:service=RaftServer,group=group-155ED640C219,id=81e39e0c-175c-4999-a8b5-57b67040d31c
2019-09-26 15:58:08,377 [ForkJoinPool.commonPool-worker-0] INFO  impl.RoleInfo (RoleInfo.java:shutdownFollowerState(121)) - 81e39e0c-175c-4999-a8b5-57b67040d31c: shutdown FollowerState
2019-09-26 15:58:08,377 [main] INFO  impl.RoleInfo (RoleInfo.java:shutdownLeaderState(104)) - 81e39e0c-175c-4999-a8b5-57b67040d31c: shutdown LeaderState
2019-09-26 15:58:08,378 [Thread-3998] INFO  impl.FollowerState (FollowerState.java:run(115)) - 81e39e0c-175c-4999-a8b5-57b67040d31c: FollowerState was interrupted: java.lang.InterruptedException: sleep interrupted
2019-09-26 15:58:08,378 [ForkJoinPool.commonPool-worker-0] INFO  impl.StateMachineUpdater (StateMachineUpdater.java:stopAndJoin(125)) - 81e39e0c-175c-4999-a8b5-57b67040d31c@group-A4974D930B56-StateMachineUpdater: set stopIndex = 4
2019-09-26 15:58:08,378 [81e39e0c-175c-4999-a8b5-57b67040d31c@group-A4974D930B56-StateMachineUpdater] INFO  ratis.ContainerStateMachine (ContainerStateMachine.java:takeSnapshot(289)) - group-A4974D930B56: Taking a snapshot at:(t:3, i:3) file /workdir/hadoop-ozone/integration-test/target/test-dir/MiniOzoneClusterImpl-1df8c159-28a8-44dd-adf8-68b36ae703f1/datanode-5/data/ratis/7361a078-e507-432e-800a-a4974d930b56/sm/snapshot.3_3
2019-09-26 15:58:08,378 [main] INFO  impl.PendingRequests (PendingRequests.java:sendNotLeaderResponses(202)) - 81e39e0c-175c-4999-a8b5-57b67040d31c-PendingRequests: sendNotLeaderResponses
2019-09-26 15:58:08,379 [main] INFO  impl.StateMachineUpdater (StateMachineUpdater.java:stopAndJoin(125)) - 81e39e0c-175c-4999-a8b5-57b67040d31c@group-155ED640C219-StateMachineUpdater: set stopIndex = 0
2019-09-26 15:58:08,380 [main] INFO  impl.RaftServerImpl (ServerState.java:close(385)) - 81e39e0c-175c-4999-a8b5-57b67040d31c@group-155ED640C219: closes. applyIndex: 0
2019-09-26 15:58:08,380 [81e39e0c-175c-4999-a8b5-57b67040d31c@group-155ED640C219-SegmentedRaftLogWorker] INFO  segmented.SegmentedRaftLogWorker (SegmentedRaftLogWorker.java:run(313)) - 81e39e0c-175c-4999-a8b5-57b67040d31c@group-155ED640C219-SegmentedRaftLogWorker was interrupted, exiting. There are 0 tasks remaining in the queue.
2019-09-26 15:58:08,381 [main] INFO  segmented.SegmentedRaftLogWorker (SegmentedRaftLogWorker.java:close(228)) - 81e39e0c-175c-4999-a8b5-57b67040d31c@group-155ED640C219-SegmentedRaftLogWorker close()
2019-09-26 15:58:08,392 [81e39e0c-175c-4999-a8b5-57b67040d31c@group-A4974D930B56-StateMachineUpdater] INFO  ratis.ContainerStateMachine (ContainerStateMachine.java:takeSnapshot(300)) - group-A4974D930B56: Finished taking a snapshot at:(t:3, i:3) file:/workdir/hadoop-ozone/integration-test/target/test-dir/MiniOzoneClusterImpl-1df8c159-28a8-44dd-adf8-68b36ae703f1/datanode-5/data/ratis/7361a078-e507-432e-800a-a4974d930b56/sm/snapshot.3_3 time:15
2019-09-26 15:58:08,393 [81e39e0c-175c-4999-a8b5-57b67040d31c@group-A4974D930B56-StateMachineUpdater] INFO  impl.StateMachineUpdater (StateMachineUpdater.java:takeSnapshot(258)) - 81e39e0c-175c-4999-a8b5-57b67040d31c@group-A4974D930B56-StateMachineUpdater: Took a snapshot at index 3
2019-09-26 15:58:08,393 [81e39e0c-175c-4999-a8b5-57b67040d31c@group-A4974D930B56-StateMachineUpdater] INFO  impl.StateMachineUpdater (StateMachineUpdater.java:lambda$new$0(83)) - 81e39e0c-175c-4999-a8b5-57b67040d31c@group-A4974D930B56-StateMachineUpdater: snapshotIndex: updateIncreasingly -1 -> 3
2019-09-26 15:58:08,393 [81e39e0c-175c-4999-a8b5-57b67040d31c@group-A4974D930B56-StateMachineUpdater] INFO  ratis.ContainerStateMachine (ContainerStateMachine.java:takeSnapshot(289)) - group-A4974D930B56: Taking a snapshot at:(t:3, i:3) file /workdir/hadoop-ozone/integration-test/target/test-dir/MiniOzoneClusterImpl-1df8c159-28a8-44dd-adf8-68b36ae703f1/datanode-5/data/ratis/7361a078-e507-432e-800a-a4974d930b56/sm/snapshot.3_3
2019-09-26 15:58:08,405 [81e39e0c-175c-4999-a8b5-57b67040d31c@group-A4974D930B56-StateMachineUpdater] INFO  ratis.ContainerStateMachine (ContainerStateMachine.java:takeSnapshot(300)) - group-A4974D930B56: Finished taking a snapshot at:(t:3, i:3) file:/workdir/hadoop-ozone/integration-test/target/test-dir/MiniOzoneClusterImpl-1df8c159-28a8-44dd-adf8-68b36ae703f1/datanode-5/data/ratis/7361a078-e507-432e-800a-a4974d930b56/sm/snapshot.3_3 time:12
2019-09-26 15:58:08,406 [81e39e0c-175c-4999-a8b5-57b67040d31c@group-A4974D930B56-StateMachineUpdater] INFO  impl.StateMachineUpdater (StateMachineUpdater.java:takeSnapshot(258)) - 81e39e0c-175c-4999-a8b5-57b67040d31c@group-A4974D930B56-StateMachineUpdater: Took a snapshot at index 3
2019-09-26 15:58:08,406 [81e39e0c-175c-4999-a8b5-57b67040d31c@group-A4974D930B56-StateMachineUpdater] INFO  impl.StateMachineUpdater (StateMachineUpdater.java:lambda$new$0(83)) - 81e39e0c-175c-4999-a8b5-57b67040d31c@group-A4974D930B56-StateMachineUpdater: snapshotIndex: updateIncreasingly 3 -> 3
2019-09-26 15:58:08,406 [ForkJoinPool.commonPool-worker-0] INFO  impl.RaftServerImpl (ServerState.java:close(385)) - 81e39e0c-175c-4999-a8b5-57b67040d31c@group-A4974D930B56: closes. applyIndex: 4
2019-09-26 15:58:08,406 [81e39e0c-175c-4999-a8b5-57b67040d31c@group-A4974D930B56-SegmentedRaftLogWorker] INFO  segmented.SegmentedRaftLogWorker (SegmentedRaftLogWorker.java:run(313)) - 81e39e0c-175c-4999-a8b5-57b67040d31c@group-A4974D930B56-SegmentedRaftLogWorker was interrupted, exiting. There are 0 tasks remaining in the queue.
2019-09-26 15:58:08,406 [ForkJoinPool.commonPool-worker-0] INFO  segmented.SegmentedRaftLogWorker (SegmentedRaftLogWorker.java:close(228)) - 81e39e0c-175c-4999-a8b5-57b67040d31c@group-A4974D930B56-SegmentedRaftLogWorker close()
2019-09-26 15:58:08,408 [main] INFO  server.GrpcService (GrpcService.java:closeImpl(164)) - 81e39e0c-175c-4999-a8b5-57b67040d31c: shutdown server with port 46641 now
2019-09-26 15:58:08,409 [main] INFO  server.GrpcService (GrpcService.java:closeImpl(172)) - 81e39e0c-175c-4999-a8b5-57b67040d31c: shutdown server with port 46641 successfully
2019-09-26 15:58:08,413 [refreshUsed-/workdir/hadoop-ozone/integration-test/target/test-dir/MiniOzoneClusterImpl-1df8c159-28a8-44dd-adf8-68b36ae703f1/datanode-5/data/containers] WARN  fs.CachingGetSpaceUsed (CachingGetSpaceUsed.java:run(183)) - Thread Interrupted waiting to refresh disk information: sleep interrupted
2019-09-26 15:58:08,426 [main] INFO  utils.BackgroundService (BackgroundService.java:shutdown(148)) - Shutting down service BlockDeletingService
2019-09-26 15:58:08,429 [main] INFO  statemachine.DatanodeStateMachine (DatanodeStateMachine.java:stopDaemon(395)) - Ozone container server stopped.
2019-09-26 15:58:08,430 [main] INFO  handler.ContextHandler (ContextHandler.java:doStop(910)) - Stopped o.e.j.w.WebAppContext@28831d69{/,null,UNAVAILABLE}{/hddsDatanode}
2019-09-26 15:58:08,431 [main] INFO  server.AbstractConnector (AbstractConnector.java:doStop(318)) - Stopped ServerConnector@315b4202{HTTP/1.1,[http/1.1]}{0.0.0.0:0}
2019-09-26 15:58:08,431 [main] INFO  handler.ContextHandler (ContextHandler.java:doStop(910)) - Stopped o.e.j.s.ServletContextHandler@273dec10{/static,jar:file:/home/user/.m2/repository/org/apache/hadoop/hadoop-hdds-container-service/0.5.0-SNAPSHOT/hadoop-hdds-container-service-0.5.0-SNAPSHOT.jar!/webapps/static,UNAVAILABLE}
2019-09-26 15:58:08,432 [main] INFO  handler.ContextHandler (ContextHandler.java:doStop(910)) - Stopped o.e.j.s.ServletContextHandler@2fc7fa6e{/logs,file:///workdir/hadoop-ozone/integration-test/target/log,UNAVAILABLE}
2019-09-26 15:58:08,432 [main] INFO  ozone.MiniOzoneClusterImpl (MiniOzoneClusterImpl.java:stopSCM(392)) - Stopping the StorageContainerManager
2019-09-26 15:58:08,432 [main] INFO  server.StorageContainerManager (StorageContainerManager.java:stop(808)) - Stopping Replication Manager Service.
2019-09-26 15:58:08,432 [main] INFO  container.ReplicationManager (ReplicationManager.java:stop(203)) - Stopping Replication Monitor Thread.
2019-09-26 15:58:08,433 [main] INFO  server.StorageContainerManager (StorageContainerManager.java:stop(815)) - Stopping Lease Manager of the command watchers
2019-09-26 15:58:08,433 [main] INFO  server.StorageContainerManager (StorageContainerManager.java:stop(822)) - Stopping datanode service RPC server
2019-09-26 15:58:08,433 [main] INFO  server.SCMDatanodeProtocolServer (SCMDatanodeProtocolServer.java:stop(367)) - Stopping the RPC server for DataNodes
2019-09-26 15:58:08,433 [main] INFO  ipc.Server (Server.java:stop(3082)) - Stopping server on 34025
2019-09-26 15:58:08,436 [IPC Server Responder] INFO  ipc.Server (Server.java:run(1319)) - Stopping IPC Server Responder
2019-09-26 15:58:08,436 [IPC Server listener on 34025] INFO  ipc.Server (Server.java:run(1185)) - Stopping IPC Server listener on 34025
2019-09-26 15:58:08,470 [SCM Heartbeat Processing Thread - 0] WARN  node.NodeStateManager (NodeStateManager.java:scheduleNextHealthCheck(646)) - Current Thread is interrupted, shutting down HB processing thread for Node Manager.
2019-09-26 15:58:08,470 [main] INFO  server.StorageContainerManager (StorageContainerManager.java:stop(830)) - Stopping block service RPC server
2019-09-26 15:58:08,470 [main] INFO  server.SCMBlockProtocolServer (SCMBlockProtocolServer.java:stop(155)) - Stopping the RPC server for Block Protocol
2019-09-26 15:58:08,470 [main] INFO  ipc.Server (Server.java:stop(3082)) - Stopping server on 43331
2019-09-26 15:58:08,472 [IPC Server listener on 43331] INFO  ipc.Server (Server.java:run(1185)) - Stopping IPC Server listener on 43331
2019-09-26 15:58:08,472 [main] INFO  server.StorageContainerManager (StorageContainerManager.java:stop(837)) - Stopping the StorageContainerLocationProtocol RPC server
2019-09-26 15:58:08,473 [main] INFO  server.SCMClientProtocolServer (SCMClientProtocolServer.java:stop(158)) - Stopping the RPC server for Client Protocol
2019-09-26 15:58:08,474 [main] INFO  ipc.Server (Server.java:stop(3082)) - Stopping server on 37480
2019-09-26 15:58:08,474 [IPC Server Responder] INFO  ipc.Server (Server.java:run(1319)) - Stopping IPC Server Responder
2019-09-26 15:58:08,477 [IPC Server listener on 37480] INFO  ipc.Server (Server.java:run(1185)) - Stopping IPC Server listener on 37480
2019-09-26 15:58:08,477 [main] INFO  server.StorageContainerManager (StorageContainerManager.java:stop(844)) - Stopping Storage Container Manager HTTP server.
2019-09-26 15:58:08,477 [IPC Server Responder] INFO  ipc.Server (Server.java:run(1319)) - Stopping IPC Server Responder
2019-09-26 15:58:08,478 [main] INFO  handler.ContextHandler (ContextHandler.java:doStop(910)) - Stopped o.e.j.w.WebAppContext@2b098563{/,null,UNAVAILABLE}{/scm}
2019-09-26 15:58:08,479 [main] INFO  server.AbstractConnector (AbstractConnector.java:doStop(318)) - Stopped ServerConnector@c758a2d{HTTP/1.1,[http/1.1]}{0.0.0.0:0}
2019-09-26 15:58:08,479 [main] INFO  handler.ContextHandler (ContextHandler.java:doStop(910)) - Stopped o.e.j.s.ServletContextHandler@44ccd75c{/static,file:///workdir/hadoop-ozone/integration-test/target/test-classes/webapps/static,UNAVAILABLE}
2019-09-26 15:58:08,479 [main] INFO  handler.ContextHandler (ContextHandler.java:doStop(910)) - Stopped o.e.j.s.ServletContextHandler@22b82ddf{/logs,file:///workdir/hadoop-ozone/integration-test/target/log,UNAVAILABLE}
2019-09-26 15:58:08,480 [main] INFO  server.StorageContainerManager (StorageContainerManager.java:stop(855)) - Stopping Block Manager Service.
2019-09-26 15:58:08,480 [main] INFO  utils.BackgroundService (BackgroundService.java:shutdown(148)) - Shutting down service SCMBlockDeletingService
2019-09-26 15:58:08,481 [main] INFO  utils.BackgroundService (BackgroundService.java:shutdown(148)) - Shutting down service SCMBlockDeletingService
2019-09-26 15:58:08,481 [main] INFO  server.StorageContainerManager (StorageContainerManager.java:stop(877)) - Stopping SCM Event Queue.
2019-09-26 15:58:08,484 [main] INFO  impl.MetricsSystemImpl (MetricsSystemImpl.java:stop(210)) - Stopping HddsDatanode metrics system...
2019-09-26 15:58:08,506 [main] INFO  impl.MetricsSystemImpl (MetricsSystemImpl.java:stop(216)) - HddsDatanode metrics system stopped.
]]></system-out>
    <system-err><![CDATA[Sep 26, 2019 3:57:53 PM org.apache.ratis.thirdparty.io.grpc.internal.SerializingExecutor run
SEVERE: Exception while executing runnable org.apache.ratis.thirdparty.io.grpc.internal.ServerImpl$JumpToApplicationThreadServerStreamListener$1Closed@6f056a93
org.apache.ratis.thirdparty.io.grpc.StatusRuntimeException: CANCELLED: call already cancelled
	at org.apache.ratis.thirdparty.io.grpc.Status.asRuntimeException(Status.java:517)
	at org.apache.ratis.thirdparty.io.grpc.stub.ServerCalls$ServerCallStreamObserverImpl.onCompleted(ServerCalls.java:356)
	at org.apache.ratis.grpc.server.GrpcServerProtocolService$ServerRequestStreamObserver.onError(GrpcServerProtocolService.java:121)
	at org.apache.ratis.thirdparty.io.grpc.stub.ServerCalls$StreamingServerCallHandler$StreamingServerCallListener.onCancel(ServerCalls.java:269)
	at org.apache.ratis.thirdparty.io.grpc.internal.ServerCallImpl$ServerStreamListenerImpl.closed(ServerCallImpl.java:293)
	at org.apache.ratis.thirdparty.io.grpc.internal.ServerImpl$JumpToApplicationThreadServerStreamListener$1Closed.runInContext(ServerImpl.java:741)
	at org.apache.ratis.thirdparty.io.grpc.internal.ContextRunnable.run(ContextRunnable.java:37)
	at org.apache.ratis.thirdparty.io.grpc.internal.SerializingExecutor.run(SerializingExecutor.java:123)
	at java.util.concurrent.ThreadPoolExecutor.runWorker(ThreadPoolExecutor.java:1149)
	at java.util.concurrent.ThreadPoolExecutor$Worker.run(ThreadPoolExecutor.java:624)
	at java.lang.Thread.run(Thread.java:748)

Sep 26, 2019 3:57:58 PM org.apache.ratis.thirdparty.io.grpc.internal.SerializingExecutor run
SEVERE: Exception while executing runnable org.apache.ratis.thirdparty.io.grpc.internal.ServerImpl$JumpToApplicationThreadServerStreamListener$1Closed@5ee8e748
org.apache.ratis.thirdparty.io.grpc.StatusRuntimeException: CANCELLED: call already cancelled
	at org.apache.ratis.thirdparty.io.grpc.Status.asRuntimeException(Status.java:517)
	at org.apache.ratis.thirdparty.io.grpc.stub.ServerCalls$ServerCallStreamObserverImpl.onCompleted(ServerCalls.java:356)
	at org.apache.ratis.grpc.server.GrpcServerProtocolService$ServerRequestStreamObserver.onError(GrpcServerProtocolService.java:121)
	at org.apache.ratis.thirdparty.io.grpc.stub.ServerCalls$StreamingServerCallHandler$StreamingServerCallListener.onCancel(ServerCalls.java:269)
	at org.apache.ratis.thirdparty.io.grpc.internal.ServerCallImpl$ServerStreamListenerImpl.closed(ServerCallImpl.java:293)
	at org.apache.ratis.thirdparty.io.grpc.internal.ServerImpl$JumpToApplicationThreadServerStreamListener$1Closed.runInContext(ServerImpl.java:741)
	at org.apache.ratis.thirdparty.io.grpc.internal.ContextRunnable.run(ContextRunnable.java:37)
	at org.apache.ratis.thirdparty.io.grpc.internal.SerializingExecutor.run(SerializingExecutor.java:123)
	at java.util.concurrent.ThreadPoolExecutor.runWorker(ThreadPoolExecutor.java:1149)
	at java.util.concurrent.ThreadPoolExecutor$Worker.run(ThreadPoolExecutor.java:624)
	at java.lang.Thread.run(Thread.java:748)

]]></system-err>
  </testcase>
  <testcase name="testExceptionDuringClose" classname="org.apache.hadoop.ozone.client.rpc.TestBlockOutputStreamWithFailures" time="34.765"/>
</testsuite>