<?xml version="1.0" encoding="UTF-8"?>
<testsuite xmlns:xsi="http://www.w3.org/2001/XMLSchema-instance" xsi:noNamespaceSchemaLocation="https://maven.apache.org/surefire/maven-surefire-plugin/xsd/surefire-test-report.xsd" name="org.apache.hadoop.ozone.client.rpc.Test2WayCommitInRatis" time="16.345" tests="1" errors="1" skipped="0" failures="0">
  <properties>
    <property name="awt.toolkit" value="sun.awt.X11.XToolkit"/>
    <property name="file.encoding.pkg" value="sun.io"/>
    <property name="java.specification.version" value="1.8"/>
    <property name="sun.cpu.isalist" value=""/>
    <property name="sun.jnu.encoding" value="UTF-8"/>
    <property name="java.class.path" value="/workdir/hadoop-ozone/integration-test/target/test-classes:/workdir/hadoop-ozone/integration-test/target/classes:/home/user/.m2/repository/org/apache/hadoop/hadoop-ozone-common/0.5.0-SNAPSHOT/hadoop-ozone-common-0.5.0-SNAPSHOT.jar:/home/user/.m2/repository/org/apache/commons/commons-compress/1.4.1/commons-compress-1.4.1.jar:/home/user/.m2/repository/org/tukaani/xz/1.0/xz-1.0.jar:/home/user/.m2/repository/org/apache/hadoop/hadoop-common/3.2.0/hadoop-common-3.2.0.jar:/home/user/.m2/repository/org/apache/hadoop/hadoop-hdfs/3.2.0/hadoop-hdfs-3.2.0.jar:/home/user/.m2/repository/org/apache/hadoop/hadoop-hdfs-client/3.2.0/hadoop-hdfs-client-3.2.0.jar:/home/user/.m2/repository/com/fasterxml/jackson/core/jackson-annotations/2.9.9/jackson-annotations-2.9.9.jar:/home/user/.m2/repository/org/apache/hadoop/hadoop-hdds-common/0.5.0-SNAPSHOT/hadoop-hdds-common-0.5.0-SNAPSHOT.jar:/home/user/.m2/repository/javax/annotation/javax.annotation-api/1.2/javax.annotation-api-1.2.jar:/home/user/.m2/repository/org/apache/ratis/ratis-server/0.5.0-201fc85-SNAPSHOT/ratis-server-0.5.0-201fc85-SNAPSHOT.jar:/home/user/.m2/repository/org/apache/ratis/ratis-thirdparty-misc/0.2.0/ratis-thirdparty-misc-0.2.0.jar:/home/user/.m2/repository/org/apache/ratis/ratis-proto/0.5.0-201fc85-SNAPSHOT/ratis-proto-0.5.0-201fc85-SNAPSHOT.jar:/home/user/.m2/repository/org/apache/ratis/ratis-common/0.5.0-201fc85-SNAPSHOT/ratis-common-0.5.0-201fc85-SNAPSHOT.jar:/home/user/.m2/repository/org/apache/ratis/ratis-client/0.5.0-201fc85-SNAPSHOT/ratis-client-0.5.0-201fc85-SNAPSHOT.jar:/home/user/.m2/repository/org/apache/ratis/ratis-metrics/0.5.0-201fc85-SNAPSHOT/ratis-metrics-0.5.0-201fc85-SNAPSHOT.jar:/home/user/.m2/repository/com/github/joshelser/dropwizard-metrics-hadoop-metrics2-reporter/0.1.2/dropwizard-metrics-hadoop-metrics2-reporter-0.1.2.jar:/home/user/.m2/repository/io/dropwizard/metrics/metrics-jvm/3.2.5/metrics-jvm-3.2.5.jar:/home/user/.m2/repository/io/dropwizard/metrics/metrics-ganglia/3.2.5/metrics-ganglia-3.2.5.jar:/home/user/.m2/repository/info/ganglia/gmetric4j/gmetric4j/1.0.7/gmetric4j-1.0.7.jar:/home/user/.m2/repository/org/apache/ratis/ratis-netty/0.5.0-201fc85-SNAPSHOT/ratis-netty-0.5.0-201fc85-SNAPSHOT.jar:/home/user/.m2/repository/org/apache/ratis/ratis-grpc/0.5.0-201fc85-SNAPSHOT/ratis-grpc-0.5.0-201fc85-SNAPSHOT.jar:/home/user/.m2/repository/org/rocksdb/rocksdbjni/6.0.1/rocksdbjni-6.0.1.jar:/home/user/.m2/repository/org/apache/logging/log4j/log4j-api/2.11.0/log4j-api-2.11.0.jar:/home/user/.m2/repository/org/apache/logging/log4j/log4j-core/2.11.0/log4j-core-2.11.0.jar:/home/user/.m2/repository/com/lmax/disruptor/3.4.2/disruptor-3.4.2.jar:/home/user/.m2/repository/org/apache/commons/commons-pool2/2.6.0/commons-pool2-2.6.0.jar:/home/user/.m2/repository/org/bouncycastle/bcpkix-jdk15on/1.60/bcpkix-jdk15on-1.60.jar:/home/user/.m2/repository/commons-validator/commons-validator/1.6/commons-validator-1.6.jar:/home/user/.m2/repository/commons-digester/commons-digester/1.8.1/commons-digester-1.8.1.jar:/home/user/.m2/repository/io/jaegertracing/jaeger-client/0.34.0/jaeger-client-0.34.0.jar:/home/user/.m2/repository/io/jaegertracing/jaeger-thrift/0.34.0/jaeger-thrift-0.34.0.jar:/home/user/.m2/repository/org/apache/thrift/libthrift/0.12.0/libthrift-0.12.0.jar:/home/user/.m2/repository/com/squareup/okhttp3/okhttp/3.9.0/okhttp-3.9.0.jar:/home/user/.m2/repository/com/squareup/okio/okio/1.13.0/okio-1.13.0.jar:/home/user/.m2/repository/io/jaegertracing/jaeger-core/0.34.0/jaeger-core-0.34.0.jar:/home/user/.m2/repository/io/jaegertracing/jaeger-tracerresolver/0.34.0/jaeger-tracerresolver-0.34.0.jar:/home/user/.m2/repository/io/opentracing/contrib/opentracing-tracerresolver/0.1.5/opentracing-tracerresolver-0.1.5.jar:/home/user/.m2/repository/io/opentracing/opentracing-util/0.31.0/opentracing-util-0.31.0.jar:/home/user/.m2/repository/io/opentracing/opentracing-api/0.31.0/opentracing-api-0.31.0.jar:/home/user/.m2/repository/io/opentracing/opentracing-noop/0.31.0/opentracing-noop-0.31.0.jar:/home/user/.m2/repository/org/apache/hadoop/hadoop-hdds-server-framework/0.5.0-SNAPSHOT/hadoop-hdds-server-framework-0.5.0-SNAPSHOT.jar:/home/user/.m2/repository/org/apache/hadoop/hadoop-hdds-container-service/0.5.0-SNAPSHOT/hadoop-hdds-container-service-0.5.0-SNAPSHOT.jar:/home/user/.m2/repository/org/apache/hadoop/hadoop-hdds-client/0.5.0-SNAPSHOT/hadoop-hdds-client-0.5.0-SNAPSHOT.jar:/home/user/.m2/repository/org/apache/hadoop/hadoop-hdds-tools/0.5.0-SNAPSHOT/hadoop-hdds-tools-0.5.0-SNAPSHOT.jar:/home/user/.m2/repository/org/apache/hadoop/hadoop-hdds-server-scm/0.5.0-SNAPSHOT/hadoop-hdds-server-scm-0.5.0-SNAPSHOT.jar:/home/user/.m2/repository/org/apache/hadoop/hadoop-hdds-docs/0.5.0-SNAPSHOT/hadoop-hdds-docs-0.5.0-SNAPSHOT.jar:/home/user/.m2/repository/io/dropwizard/metrics/metrics-core/3.2.4/metrics-core-3.2.4.jar:/home/user/.m2/repository/org/hamcrest/hamcrest-all/1.3/hamcrest-all-1.3.jar:/home/user/.m2/repository/org/bouncycastle/bcprov-jdk15on/1.60/bcprov-jdk15on-1.60.jar:/home/user/.m2/repository/info/picocli/picocli/3.9.6/picocli-3.9.6.jar:/home/user/.m2/repository/com/google/protobuf/protobuf-java/2.5.0/protobuf-java-2.5.0.jar:/home/user/.m2/repository/com/google/guava/guava/11.0.2/guava-11.0.2.jar:/home/user/.m2/repository/org/apache/hadoop/hadoop-ozone-ozone-manager/0.5.0-SNAPSHOT/hadoop-ozone-ozone-manager-0.5.0-SNAPSHOT.jar:/home/user/.m2/repository/org/apache/hadoop/hadoop-minikdc/3.2.0/hadoop-minikdc-3.2.0.jar:/home/user/.m2/repository/commons-io/commons-io/2.5/commons-io-2.5.jar:/home/user/.m2/repository/org/apache/kerby/kerb-simplekdc/1.0.1/kerb-simplekdc-1.0.1.jar:/home/user/.m2/repository/org/apache/kerby/kerb-client/1.0.1/kerb-client-1.0.1.jar:/home/user/.m2/repository/org/apache/kerby/kerby-config/1.0.1/kerby-config-1.0.1.jar:/home/user/.m2/repository/org/apache/kerby/kerb-core/1.0.1/kerb-core-1.0.1.jar:/home/user/.m2/repository/org/apache/kerby/kerby-pkix/1.0.1/kerby-pkix-1.0.1.jar:/home/user/.m2/repository/org/apache/kerby/kerby-asn1/1.0.1/kerby-asn1-1.0.1.jar:/home/user/.m2/repository/org/apache/kerby/kerby-util/1.0.1/kerby-util-1.0.1.jar:/home/user/.m2/repository/org/apache/kerby/kerb-common/1.0.1/kerb-common-1.0.1.jar:/home/user/.m2/repository/org/apache/kerby/kerb-crypto/1.0.1/kerb-crypto-1.0.1.jar:/home/user/.m2/repository/org/apache/kerby/kerb-util/1.0.1/kerb-util-1.0.1.jar:/home/user/.m2/repository/org/apache/kerby/token-provider/1.0.1/token-provider-1.0.1.jar:/home/user/.m2/repository/org/apache/kerby/kerb-admin/1.0.1/kerb-admin-1.0.1.jar:/home/user/.m2/repository/org/apache/kerby/kerb-server/1.0.1/kerb-server-1.0.1.jar:/home/user/.m2/repository/org/apache/kerby/kerb-identity/1.0.1/kerb-identity-1.0.1.jar:/home/user/.m2/repository/org/apache/kerby/kerby-xdr/1.0.1/kerby-xdr-1.0.1.jar:/home/user/.m2/repository/org/slf4j/slf4j-log4j12/1.7.25/slf4j-log4j12-1.7.25.jar:/home/user/.m2/repository/org/apache/hadoop/hadoop-ozone-s3gateway/0.5.0-SNAPSHOT/hadoop-ozone-s3gateway-0.5.0-SNAPSHOT.jar:/home/user/.m2/repository/org/jboss/weld/servlet/weld-servlet/2.4.7.Final/weld-servlet-2.4.7.Final.jar:/home/user/.m2/repository/org/glassfish/jersey/containers/jersey-container-servlet-core/2.27/jersey-container-servlet-core-2.27.jar:/home/user/.m2/repository/org/glassfish/hk2/external/javax.inject/2.5.0-b42/javax.inject-2.5.0-b42.jar:/home/user/.m2/repository/org/glassfish/jersey/core/jersey-common/2.27/jersey-common-2.27.jar:/home/user/.m2/repository/org/glassfish/hk2/osgi-resource-locator/1.0.1/osgi-resource-locator-1.0.1.jar:/home/user/.m2/repository/javax/ws/rs/javax.ws.rs-api/2.1/javax.ws.rs-api-2.1.jar:/home/user/.m2/repository/org/glassfish/jersey/ext/cdi/jersey-cdi1x/2.27/jersey-cdi1x-2.27.jar:/home/user/.m2/repository/org/glassfish/jersey/inject/jersey-hk2/2.27/jersey-hk2-2.27.jar:/home/user/.m2/repository/org/glassfish/hk2/hk2-locator/2.5.0-b42/hk2-locator-2.5.0-b42.jar:/home/user/.m2/repository/org/javassist/javassist/3.22.0-CR2/javassist-3.22.0-CR2.jar:/home/user/.m2/repository/org/glassfish/hk2/hk2-api/2.5.0/hk2-api-2.5.0.jar:/home/user/.m2/repository/org/glassfish/hk2/external/jakarta.inject/2.5.0/jakarta.inject-2.5.0.jar:/home/user/.m2/repository/org/glassfish/hk2/hk2-utils/2.5.0/hk2-utils-2.5.0.jar:/home/user/.m2/repository/jakarta/annotation/jakarta.annotation-api/1.3.4/jakarta.annotation-api-1.3.4.jar:/home/user/.m2/repository/org/glassfish/hk2/external/aopalliance-repackaged/2.5.0/aopalliance-repackaged-2.5.0.jar:/home/user/.m2/repository/com/fasterxml/jackson/dataformat/jackson-dataformat-xml/2.9.0/jackson-dataformat-xml-2.9.0.jar:/home/user/.m2/repository/com/fasterxml/jackson/core/jackson-core/2.9.9/jackson-core-2.9.9.jar:/home/user/.m2/repository/com/fasterxml/jackson/module/jackson-module-jaxb-annotations/2.9.9/jackson-module-jaxb-annotations-2.9.9.jar:/home/user/.m2/repository/javax/enterprise/cdi-api/1.2/cdi-api-1.2.jar:/home/user/.m2/repository/javax/el/javax.el-api/3.0.0/javax.el-api-3.0.0.jar:/home/user/.m2/repository/javax/interceptor/javax.interceptor-api/1.2/javax.interceptor-api-1.2.jar:/home/user/.m2/repository/javax/inject/javax.inject/1/javax.inject-1.jar:/home/user/.m2/repository/com/sun/xml/bind/jaxb-impl/2.3.0.1/jaxb-impl-2.3.0.1.jar:/home/user/.m2/repository/com/sun/xml/bind/jaxb-core/2.3.0.1/jaxb-core-2.3.0.1.jar:/home/user/.m2/repository/javax/xml/bind/jaxb-api/2.3.0/jaxb-api-2.3.0.jar:/home/user/.m2/repository/javax/activation/activation/1.1.1/activation-1.1.1.jar:/home/user/.m2/repository/org/apache/hadoop/hadoop-ozone-csi/0.5.0-SNAPSHOT/hadoop-ozone-csi-0.5.0-SNAPSHOT.jar:/home/user/.m2/repository/com/google/protobuf/protobuf-java-util/3.5.1/protobuf-java-util-3.5.1.jar:/home/user/.m2/repository/org/apache/hadoop/hadoop-hdds-config/0.5.0-SNAPSHOT/hadoop-hdds-config-0.5.0-SNAPSHOT.jar:/home/user/.m2/repository/io/grpc/grpc-netty/1.17.1/grpc-netty-1.17.1.jar:/home/user/.m2/repository/io/grpc/grpc-core/1.17.1/grpc-core-1.17.1.jar:/home/user/.m2/repository/io/grpc/grpc-context/1.17.1/grpc-context-1.17.1.jar:/home/user/.m2/repository/com/google/errorprone/error_prone_annotations/2.2.0/error_prone_annotations-2.2.0.jar:/home/user/.m2/repository/org/codehaus/mojo/animal-sniffer-annotations/1.17/animal-sniffer-annotations-1.17.jar:/home/user/.m2/repository/io/opencensus/opencensus-api/0.17.0/opencensus-api-0.17.0.jar:/home/user/.m2/repository/io/opencensus/opencensus-contrib-grpc-metrics/0.17.0/opencensus-contrib-grpc-metrics-0.17.0.jar:/home/user/.m2/repository/io/netty/netty-codec-http2/4.1.30.Final/netty-codec-http2-4.1.30.Final.jar:/home/user/.m2/repository/io/netty/netty-codec-http/4.1.30.Final/netty-codec-http-4.1.30.Final.jar:/home/user/.m2/repository/io/netty/netty-codec/4.1.30.Final/netty-codec-4.1.30.Final.jar:/home/user/.m2/repository/io/netty/netty-handler/4.1.30.Final/netty-handler-4.1.30.Final.jar:/home/user/.m2/repository/io/netty/netty-handler-proxy/4.1.30.Final/netty-handler-proxy-4.1.30.Final.jar:/home/user/.m2/repository/io/netty/netty-codec-socks/4.1.30.Final/netty-codec-socks-4.1.30.Final.jar:/home/user/.m2/repository/io/netty/netty-transport-native-epoll/4.1.30.Final/netty-transport-native-epoll-4.1.30.Final.jar:/home/user/.m2/repository/io/netty/netty-common/4.1.30.Final/netty-common-4.1.30.Final.jar:/home/user/.m2/repository/io/netty/netty-buffer/4.1.30.Final/netty-buffer-4.1.30.Final.jar:/home/user/.m2/repository/io/netty/netty-transport/4.1.30.Final/netty-transport-4.1.30.Final.jar:/home/user/.m2/repository/io/netty/netty-resolver/4.1.30.Final/netty-resolver-4.1.30.Final.jar:/home/user/.m2/repository/io/netty/netty-transport-native-unix-common/4.1.30.Final/netty-transport-native-unix-common-4.1.30.Final.jar:/home/user/.m2/repository/io/grpc/grpc-protobuf/1.17.1/grpc-protobuf-1.17.1.jar:/home/user/.m2/repository/com/google/api/grpc/proto-google-common-protos/1.0.0/proto-google-common-protos-1.0.0.jar:/home/user/.m2/repository/io/grpc/grpc-protobuf-lite/1.17.1/grpc-protobuf-lite-1.17.1.jar:/home/user/.m2/repository/io/grpc/grpc-stub/1.17.1/grpc-stub-1.17.1.jar:/home/user/.m2/repository/org/apache/hadoop/hadoop-ozone-recon/0.5.0-SNAPSHOT/hadoop-ozone-recon-0.5.0-SNAPSHOT.jar:/home/user/.m2/repository/org/apache/hadoop/hadoop-ozone-reconcodegen/0.5.0-SNAPSHOT/hadoop-ozone-reconcodegen-0.5.0-SNAPSHOT.jar:/home/user/.m2/repository/com/google/inject/extensions/guice-multibindings/4.0/guice-multibindings-4.0.jar:/home/user/.m2/repository/com/google/inject/guice/4.0/guice-4.0.jar:/home/user/.m2/repository/aopalliance/aopalliance/1.0/aopalliance-1.0.jar:/home/user/.m2/repository/com/google/inject/extensions/guice-servlet/4.0/guice-servlet-4.0.jar:/home/user/.m2/repository/org/glassfish/jersey/containers/jersey-container-servlet/2.27/jersey-container-servlet-2.27.jar:/home/user/.m2/repository/org/glassfish/hk2/guice-bridge/2.5.0/guice-bridge-2.5.0.jar:/home/user/.m2/repository/org/glassfish/jersey/core/jersey-server/2.27/jersey-server-2.27.jar:/home/user/.m2/repository/org/glassfish/jersey/core/jersey-client/2.27/jersey-client-2.27.jar:/home/user/.m2/repository/org/glassfish/jersey/media/jersey-media-jaxb/2.27/jersey-media-jaxb-2.27.jar:/home/user/.m2/repository/javax/validation/validation-api/1.1.0.Final/validation-api-1.1.0.Final.jar:/home/user/.m2/repository/org/glassfish/jersey/media/jersey-media-json-jackson/2.27/jersey-media-json-jackson-2.27.jar:/home/user/.m2/repository/org/glassfish/jersey/ext/jersey-entity-filtering/2.27/jersey-entity-filtering-2.27.jar:/home/user/.m2/repository/com/google/inject/extensions/guice-assistedinject/4.0/guice-assistedinject-4.0.jar:/home/user/.m2/repository/org/jooq/jooq/3.11.10/jooq-3.11.10.jar:/home/user/.m2/repository/org/jooq/jooq-meta/3.11.10/jooq-meta-3.11.10.jar:/home/user/.m2/repository/org/jooq/jooq-codegen/3.11.10/jooq-codegen-3.11.10.jar:/home/user/.m2/repository/com/jolbox/bonecp/0.8.0.RELEASE/bonecp-0.8.0.RELEASE.jar:/home/user/.m2/repository/org/xerial/sqlite-jdbc/3.25.2/sqlite-jdbc-3.25.2.jar:/home/user/.m2/repository/org/springframework/spring-jdbc/5.1.3.RELEASE/spring-jdbc-5.1.3.RELEASE.jar:/home/user/.m2/repository/org/springframework/spring-beans/5.1.3.RELEASE/spring-beans-5.1.3.RELEASE.jar:/home/user/.m2/repository/org/springframework/spring-core/5.1.3.RELEASE/spring-core-5.1.3.RELEASE.jar:/home/user/.m2/repository/org/springframework/spring-jcl/5.1.3.RELEASE/spring-jcl-5.1.3.RELEASE.jar:/home/user/.m2/repository/org/springframework/spring-tx/5.1.3.RELEASE/spring-tx-5.1.3.RELEASE.jar:/home/user/.m2/repository/org/apache/hadoop/hadoop-ozone-client/0.5.0-SNAPSHOT/hadoop-ozone-client-0.5.0-SNAPSHOT.jar:/home/user/.m2/repository/commons-lang/commons-lang/2.6/commons-lang-2.6.jar:/home/user/.m2/repository/org/apache/hadoop/hadoop-ozone-ozone-manager/0.5.0-SNAPSHOT/hadoop-ozone-ozone-manager-0.5.0-SNAPSHOT-tests.jar:/home/user/.m2/repository/junit/junit/4.11/junit-4.11.jar:/home/user/.m2/repository/org/hamcrest/hamcrest-core/1.3/hamcrest-core-1.3.jar:/home/user/.m2/repository/org/openjdk/jmh/jmh-core/1.19/jmh-core-1.19.jar:/home/user/.m2/repository/net/sf/jopt-simple/jopt-simple/4.6/jopt-simple-4.6.jar:/home/user/.m2/repository/org/apache/commons/commons-math3/3.1.1/commons-math3-3.1.1.jar:/home/user/.m2/repository/org/openjdk/jmh/jmh-generator-annprocess/1.19/jmh-generator-annprocess-1.19.jar:/home/user/.m2/repository/org/mockito/mockito-all/1.8.5/mockito-all-1.8.5.jar:/home/user/.m2/repository/org/apache/hadoop/hadoop-kms/3.2.0/hadoop-kms-3.2.0.jar:/home/user/.m2/repository/org/apache/hadoop/hadoop-auth/3.2.0/hadoop-auth-3.2.0.jar:/home/user/.m2/repository/com/nimbusds/nimbus-jose-jwt/4.41.1/nimbus-jose-jwt-4.41.1.jar:/home/user/.m2/repository/com/github/stephenc/jcip/jcip-annotations/1.0-1/jcip-annotations-1.0-1.jar:/home/user/.m2/repository/net/minidev/json-smart/2.3/json-smart-2.3.jar:/home/user/.m2/repository/net/minidev/accessors-smart/1.2/accessors-smart-1.2.jar:/home/user/.m2/repository/org/ow2/asm/asm/5.0.4/asm-5.0.4.jar:/home/user/.m2/repository/org/apache/curator/curator-framework/2.12.0/curator-framework-2.12.0.jar:/home/user/.m2/repository/com/sun/jersey/jersey-core/1.19/jersey-core-1.19.jar:/home/user/.m2/repository/javax/ws/rs/jsr311-api/1.1.1/jsr311-api-1.1.1.jar:/home/user/.m2/repository/com/sun/jersey/jersey-server/1.19/jersey-server-1.19.jar:/home/user/.m2/repository/javax/servlet/javax.servlet-api/3.1.0/javax.servlet-api-3.1.0.jar:/home/user/.m2/repository/org/eclipse/jetty/jetty-server/9.3.25.v20180904/jetty-server-9.3.25.v20180904.jar:/home/user/.m2/repository/org/eclipse/jetty/jetty-http/9.3.25.v20180904/jetty-http-9.3.25.v20180904.jar:/home/user/.m2/repository/org/eclipse/jetty/jetty-io/9.3.25.v20180904/jetty-io-9.3.25.v20180904.jar:/home/user/.m2/repository/org/eclipse/jetty/jetty-webapp/9.3.25.v20180904/jetty-webapp-9.3.25.v20180904.jar:/home/user/.m2/repository/org/eclipse/jetty/jetty-xml/9.3.25.v20180904/jetty-xml-9.3.25.v20180904.jar:/home/user/.m2/repository/log4j/log4j/1.2.17/log4j-1.2.17.jar:/home/user/.m2/repository/org/slf4j/slf4j-api/1.7.25/slf4j-api-1.7.25.jar:/home/user/.m2/repository/org/slf4j/jul-to-slf4j/1.7.25/jul-to-slf4j-1.7.25.jar:/home/user/.m2/repository/org/eclipse/jetty/jetty-util/9.3.25.v20180904/jetty-util-9.3.25.v20180904.jar:/home/user/.m2/repository/com/fasterxml/jackson/core/jackson-databind/2.9.9/jackson-databind-2.9.9.jar:/home/user/.m2/repository/org/apache/hadoop/hadoop-kms/3.2.0/hadoop-kms-3.2.0-tests.jar:/home/user/.m2/repository/org/apache/hadoop/hadoop-hdds-server-scm/0.5.0-SNAPSHOT/hadoop-hdds-server-scm-0.5.0-SNAPSHOT-tests.jar:/home/user/.m2/repository/org/apache/hadoop/hadoop-hdds-container-service/0.5.0-SNAPSHOT/hadoop-hdds-container-service-0.5.0-SNAPSHOT-tests.jar:/home/user/.m2/repository/org/yaml/snakeyaml/1.16/snakeyaml-1.16.jar:/home/user/.m2/repository/org/apache/hadoop/hadoop-common/3.2.0/hadoop-common-3.2.0-tests.jar:/home/user/.m2/repository/org/apache/hadoop/hadoop-annotations/3.2.0/hadoop-annotations-3.2.0.jar:/usr/lib/jvm/java-1.8-openjdk/jre/../lib/tools.jar:/home/user/.m2/repository/commons-cli/commons-cli/1.2/commons-cli-1.2.jar:/home/user/.m2/repository/org/apache/httpcomponents/httpclient/4.5.2/httpclient-4.5.2.jar:/home/user/.m2/repository/org/apache/httpcomponents/httpcore/4.4.4/httpcore-4.4.4.jar:/home/user/.m2/repository/commons-codec/commons-codec/1.11/commons-codec-1.11.jar:/home/user/.m2/repository/commons-net/commons-net/3.6/commons-net-3.6.jar:/home/user/.m2/repository/commons-collections/commons-collections/3.2.2/commons-collections-3.2.2.jar:/home/user/.m2/repository/org/eclipse/jetty/jetty-servlet/9.3.25.v20180904/jetty-servlet-9.3.25.v20180904.jar:/home/user/.m2/repository/org/eclipse/jetty/jetty-security/9.3.25.v20180904/jetty-security-9.3.25.v20180904.jar:/home/user/.m2/repository/javax/servlet/jsp/jsp-api/2.1/jsp-api-2.1.jar:/home/user/.m2/repository/com/sun/jersey/jersey-servlet/1.19/jersey-servlet-1.19.jar:/home/user/.m2/repository/com/sun/jersey/jersey-json/1.19/jersey-json-1.19.jar:/home/user/.m2/repository/org/codehaus/jettison/jettison/1.1/jettison-1.1.jar:/home/user/.m2/repository/org/codehaus/jackson/jackson-core-asl/1.9.13/jackson-core-asl-1.9.13.jar:/home/user/.m2/repository/org/codehaus/jackson/jackson-mapper-asl/1.9.13/jackson-mapper-asl-1.9.13.jar:/home/user/.m2/repository/org/codehaus/jackson/jackson-jaxrs/1.9.13/jackson-jaxrs-1.9.13.jar:/home/user/.m2/repository/org/codehaus/jackson/jackson-xc/1.9.13/jackson-xc-1.9.13.jar:/home/user/.m2/repository/commons-logging/commons-logging/1.1.3/commons-logging-1.1.3.jar:/home/user/.m2/repository/commons-beanutils/commons-beanutils/1.9.4/commons-beanutils-1.9.4.jar:/home/user/.m2/repository/org/apache/commons/commons-configuration2/2.1.1/commons-configuration2-2.1.1.jar:/home/user/.m2/repository/org/apache/commons/commons-lang3/3.7/commons-lang3-3.7.jar:/home/user/.m2/repository/org/apache/commons/commons-text/1.4/commons-text-1.4.jar:/home/user/.m2/repository/org/apache/avro/avro/1.7.7/avro-1.7.7.jar:/home/user/.m2/repository/com/thoughtworks/paranamer/paranamer/2.3/paranamer-2.3.jar:/home/user/.m2/repository/org/xerial/snappy/snappy-java/1.0.5/snappy-java-1.0.5.jar:/home/user/.m2/repository/com/google/re2j/re2j/1.1/re2j-1.1.jar:/home/user/.m2/repository/com/google/code/gson/gson/2.2.4/gson-2.2.4.jar:/home/user/.m2/repository/com/jcraft/jsch/0.1.54/jsch-0.1.54.jar:/home/user/.m2/repository/org/apache/curator/curator-client/2.12.0/curator-client-2.12.0.jar:/home/user/.m2/repository/org/apache/curator/curator-recipes/2.12.0/curator-recipes-2.12.0.jar:/home/user/.m2/repository/com/google/code/findbugs/jsr305/3.0.0/jsr305-3.0.0.jar:/home/user/.m2/repository/org/apache/htrace/htrace-core4/4.1.0-incubating/htrace-core4-4.1.0-incubating.jar:/home/user/.m2/repository/org/apache/zookeeper/zookeeper/3.4.13/zookeeper-3.4.13.jar:/home/user/.m2/repository/jline/jline/0.9.94/jline-0.9.94.jar:/home/user/.m2/repository/org/apache/yetus/audience-annotations/0.5.0/audience-annotations-0.5.0.jar:/home/user/.m2/repository/org/codehaus/woodstox/stax2-api/3.1.4/stax2-api-3.1.4.jar:/home/user/.m2/repository/com/fasterxml/woodstox/woodstox-core/5.0.3/woodstox-core-5.0.3.jar:/home/user/.m2/repository/dnsjava/dnsjava/2.1.7/dnsjava-2.1.7.jar:/home/user/.m2/repository/org/apache/hadoop/hadoop-hdfs/3.2.0/hadoop-hdfs-3.2.0-tests.jar:/home/user/.m2/repository/org/eclipse/jetty/jetty-util-ajax/9.3.25.v20180904/jetty-util-ajax-9.3.25.v20180904.jar:/home/user/.m2/repository/commons-daemon/commons-daemon/1.0.13/commons-daemon-1.0.13.jar:/home/user/.m2/repository/io/netty/netty/3.10.5.Final/netty-3.10.5.Final.jar:/home/user/.m2/repository/io/netty/netty-all/4.0.52.Final/netty-all-4.0.52.Final.jar:/home/user/.m2/repository/org/fusesource/leveldbjni/leveldbjni-all/1.8/leveldbjni-all-1.8.jar:"/>
    <property name="java.vm.vendor" value="IcedTea"/>
    <property name="sun.arch.data.model" value="64"/>
    <property name="test.build.dir" value="/workdir/hadoop-ozone/integration-test/target/test-dir"/>
    <property name="test.cache.data" value=""/>
    <property name="java.vendor.url" value="https://icedtea.classpath.org"/>
    <property name="user.timezone" value=""/>
    <property name="java.vm.specification.version" value="1.8"/>
    <property name="os.name" value="Linux"/>
    <property name="test.build.data" value="/workdir/hadoop-ozone/integration-test/target/test-dir"/>
    <property name="user.country" value="US"/>
    <property name="sun.java.launcher" value="SUN_STANDARD"/>
    <property name="sun.boot.library.path" value="/usr/lib/jvm/java-1.8-openjdk/jre/lib/amd64"/>
    <property name="sun.java.command" value="/workdir/hadoop-ozone/integration-test/target/surefire/surefirebooter5304945006471906411.jar /workdir/hadoop-ozone/integration-test/target/surefire 2019-10-02T05-27-05_153-jvmRun1 surefire1750373572026199259tmp surefire_376249676780701308462tmp"/>
    <property name="test" value="!TestMiniChaosOzoneCluster"/>
    <property name="surefire.test.class.path" value="/workdir/hadoop-ozone/integration-test/target/test-classes:/workdir/hadoop-ozone/integration-test/target/classes:/home/user/.m2/repository/org/apache/hadoop/hadoop-ozone-common/0.5.0-SNAPSHOT/hadoop-ozone-common-0.5.0-SNAPSHOT.jar:/home/user/.m2/repository/org/apache/commons/commons-compress/1.4.1/commons-compress-1.4.1.jar:/home/user/.m2/repository/org/tukaani/xz/1.0/xz-1.0.jar:/home/user/.m2/repository/org/apache/hadoop/hadoop-common/3.2.0/hadoop-common-3.2.0.jar:/home/user/.m2/repository/org/apache/hadoop/hadoop-hdfs/3.2.0/hadoop-hdfs-3.2.0.jar:/home/user/.m2/repository/org/apache/hadoop/hadoop-hdfs-client/3.2.0/hadoop-hdfs-client-3.2.0.jar:/home/user/.m2/repository/com/fasterxml/jackson/core/jackson-annotations/2.9.9/jackson-annotations-2.9.9.jar:/home/user/.m2/repository/org/apache/hadoop/hadoop-hdds-common/0.5.0-SNAPSHOT/hadoop-hdds-common-0.5.0-SNAPSHOT.jar:/home/user/.m2/repository/javax/annotation/javax.annotation-api/1.2/javax.annotation-api-1.2.jar:/home/user/.m2/repository/org/apache/ratis/ratis-server/0.5.0-201fc85-SNAPSHOT/ratis-server-0.5.0-201fc85-SNAPSHOT.jar:/home/user/.m2/repository/org/apache/ratis/ratis-thirdparty-misc/0.2.0/ratis-thirdparty-misc-0.2.0.jar:/home/user/.m2/repository/org/apache/ratis/ratis-proto/0.5.0-201fc85-SNAPSHOT/ratis-proto-0.5.0-201fc85-SNAPSHOT.jar:/home/user/.m2/repository/org/apache/ratis/ratis-common/0.5.0-201fc85-SNAPSHOT/ratis-common-0.5.0-201fc85-SNAPSHOT.jar:/home/user/.m2/repository/org/apache/ratis/ratis-client/0.5.0-201fc85-SNAPSHOT/ratis-client-0.5.0-201fc85-SNAPSHOT.jar:/home/user/.m2/repository/org/apache/ratis/ratis-metrics/0.5.0-201fc85-SNAPSHOT/ratis-metrics-0.5.0-201fc85-SNAPSHOT.jar:/home/user/.m2/repository/com/github/joshelser/dropwizard-metrics-hadoop-metrics2-reporter/0.1.2/dropwizard-metrics-hadoop-metrics2-reporter-0.1.2.jar:/home/user/.m2/repository/io/dropwizard/metrics/metrics-jvm/3.2.5/metrics-jvm-3.2.5.jar:/home/user/.m2/repository/io/dropwizard/metrics/metrics-ganglia/3.2.5/metrics-ganglia-3.2.5.jar:/home/user/.m2/repository/info/ganglia/gmetric4j/gmetric4j/1.0.7/gmetric4j-1.0.7.jar:/home/user/.m2/repository/org/apache/ratis/ratis-netty/0.5.0-201fc85-SNAPSHOT/ratis-netty-0.5.0-201fc85-SNAPSHOT.jar:/home/user/.m2/repository/org/apache/ratis/ratis-grpc/0.5.0-201fc85-SNAPSHOT/ratis-grpc-0.5.0-201fc85-SNAPSHOT.jar:/home/user/.m2/repository/org/rocksdb/rocksdbjni/6.0.1/rocksdbjni-6.0.1.jar:/home/user/.m2/repository/org/apache/logging/log4j/log4j-api/2.11.0/log4j-api-2.11.0.jar:/home/user/.m2/repository/org/apache/logging/log4j/log4j-core/2.11.0/log4j-core-2.11.0.jar:/home/user/.m2/repository/com/lmax/disruptor/3.4.2/disruptor-3.4.2.jar:/home/user/.m2/repository/org/apache/commons/commons-pool2/2.6.0/commons-pool2-2.6.0.jar:/home/user/.m2/repository/org/bouncycastle/bcpkix-jdk15on/1.60/bcpkix-jdk15on-1.60.jar:/home/user/.m2/repository/commons-validator/commons-validator/1.6/commons-validator-1.6.jar:/home/user/.m2/repository/commons-digester/commons-digester/1.8.1/commons-digester-1.8.1.jar:/home/user/.m2/repository/io/jaegertracing/jaeger-client/0.34.0/jaeger-client-0.34.0.jar:/home/user/.m2/repository/io/jaegertracing/jaeger-thrift/0.34.0/jaeger-thrift-0.34.0.jar:/home/user/.m2/repository/org/apache/thrift/libthrift/0.12.0/libthrift-0.12.0.jar:/home/user/.m2/repository/com/squareup/okhttp3/okhttp/3.9.0/okhttp-3.9.0.jar:/home/user/.m2/repository/com/squareup/okio/okio/1.13.0/okio-1.13.0.jar:/home/user/.m2/repository/io/jaegertracing/jaeger-core/0.34.0/jaeger-core-0.34.0.jar:/home/user/.m2/repository/io/jaegertracing/jaeger-tracerresolver/0.34.0/jaeger-tracerresolver-0.34.0.jar:/home/user/.m2/repository/io/opentracing/contrib/opentracing-tracerresolver/0.1.5/opentracing-tracerresolver-0.1.5.jar:/home/user/.m2/repository/io/opentracing/opentracing-util/0.31.0/opentracing-util-0.31.0.jar:/home/user/.m2/repository/io/opentracing/opentracing-api/0.31.0/opentracing-api-0.31.0.jar:/home/user/.m2/repository/io/opentracing/opentracing-noop/0.31.0/opentracing-noop-0.31.0.jar:/home/user/.m2/repository/org/apache/hadoop/hadoop-hdds-server-framework/0.5.0-SNAPSHOT/hadoop-hdds-server-framework-0.5.0-SNAPSHOT.jar:/home/user/.m2/repository/org/apache/hadoop/hadoop-hdds-container-service/0.5.0-SNAPSHOT/hadoop-hdds-container-service-0.5.0-SNAPSHOT.jar:/home/user/.m2/repository/org/apache/hadoop/hadoop-hdds-client/0.5.0-SNAPSHOT/hadoop-hdds-client-0.5.0-SNAPSHOT.jar:/home/user/.m2/repository/org/apache/hadoop/hadoop-hdds-tools/0.5.0-SNAPSHOT/hadoop-hdds-tools-0.5.0-SNAPSHOT.jar:/home/user/.m2/repository/org/apache/hadoop/hadoop-hdds-server-scm/0.5.0-SNAPSHOT/hadoop-hdds-server-scm-0.5.0-SNAPSHOT.jar:/home/user/.m2/repository/org/apache/hadoop/hadoop-hdds-docs/0.5.0-SNAPSHOT/hadoop-hdds-docs-0.5.0-SNAPSHOT.jar:/home/user/.m2/repository/io/dropwizard/metrics/metrics-core/3.2.4/metrics-core-3.2.4.jar:/home/user/.m2/repository/org/hamcrest/hamcrest-all/1.3/hamcrest-all-1.3.jar:/home/user/.m2/repository/org/bouncycastle/bcprov-jdk15on/1.60/bcprov-jdk15on-1.60.jar:/home/user/.m2/repository/info/picocli/picocli/3.9.6/picocli-3.9.6.jar:/home/user/.m2/repository/com/google/protobuf/protobuf-java/2.5.0/protobuf-java-2.5.0.jar:/home/user/.m2/repository/com/google/guava/guava/11.0.2/guava-11.0.2.jar:/home/user/.m2/repository/org/apache/hadoop/hadoop-ozone-ozone-manager/0.5.0-SNAPSHOT/hadoop-ozone-ozone-manager-0.5.0-SNAPSHOT.jar:/home/user/.m2/repository/org/apache/hadoop/hadoop-minikdc/3.2.0/hadoop-minikdc-3.2.0.jar:/home/user/.m2/repository/commons-io/commons-io/2.5/commons-io-2.5.jar:/home/user/.m2/repository/org/apache/kerby/kerb-simplekdc/1.0.1/kerb-simplekdc-1.0.1.jar:/home/user/.m2/repository/org/apache/kerby/kerb-client/1.0.1/kerb-client-1.0.1.jar:/home/user/.m2/repository/org/apache/kerby/kerby-config/1.0.1/kerby-config-1.0.1.jar:/home/user/.m2/repository/org/apache/kerby/kerb-core/1.0.1/kerb-core-1.0.1.jar:/home/user/.m2/repository/org/apache/kerby/kerby-pkix/1.0.1/kerby-pkix-1.0.1.jar:/home/user/.m2/repository/org/apache/kerby/kerby-asn1/1.0.1/kerby-asn1-1.0.1.jar:/home/user/.m2/repository/org/apache/kerby/kerby-util/1.0.1/kerby-util-1.0.1.jar:/home/user/.m2/repository/org/apache/kerby/kerb-common/1.0.1/kerb-common-1.0.1.jar:/home/user/.m2/repository/org/apache/kerby/kerb-crypto/1.0.1/kerb-crypto-1.0.1.jar:/home/user/.m2/repository/org/apache/kerby/kerb-util/1.0.1/kerb-util-1.0.1.jar:/home/user/.m2/repository/org/apache/kerby/token-provider/1.0.1/token-provider-1.0.1.jar:/home/user/.m2/repository/org/apache/kerby/kerb-admin/1.0.1/kerb-admin-1.0.1.jar:/home/user/.m2/repository/org/apache/kerby/kerb-server/1.0.1/kerb-server-1.0.1.jar:/home/user/.m2/repository/org/apache/kerby/kerb-identity/1.0.1/kerb-identity-1.0.1.jar:/home/user/.m2/repository/org/apache/kerby/kerby-xdr/1.0.1/kerby-xdr-1.0.1.jar:/home/user/.m2/repository/org/slf4j/slf4j-log4j12/1.7.25/slf4j-log4j12-1.7.25.jar:/home/user/.m2/repository/org/apache/hadoop/hadoop-ozone-s3gateway/0.5.0-SNAPSHOT/hadoop-ozone-s3gateway-0.5.0-SNAPSHOT.jar:/home/user/.m2/repository/org/jboss/weld/servlet/weld-servlet/2.4.7.Final/weld-servlet-2.4.7.Final.jar:/home/user/.m2/repository/org/glassfish/jersey/containers/jersey-container-servlet-core/2.27/jersey-container-servlet-core-2.27.jar:/home/user/.m2/repository/org/glassfish/hk2/external/javax.inject/2.5.0-b42/javax.inject-2.5.0-b42.jar:/home/user/.m2/repository/org/glassfish/jersey/core/jersey-common/2.27/jersey-common-2.27.jar:/home/user/.m2/repository/org/glassfish/hk2/osgi-resource-locator/1.0.1/osgi-resource-locator-1.0.1.jar:/home/user/.m2/repository/javax/ws/rs/javax.ws.rs-api/2.1/javax.ws.rs-api-2.1.jar:/home/user/.m2/repository/org/glassfish/jersey/ext/cdi/jersey-cdi1x/2.27/jersey-cdi1x-2.27.jar:/home/user/.m2/repository/org/glassfish/jersey/inject/jersey-hk2/2.27/jersey-hk2-2.27.jar:/home/user/.m2/repository/org/glassfish/hk2/hk2-locator/2.5.0-b42/hk2-locator-2.5.0-b42.jar:/home/user/.m2/repository/org/javassist/javassist/3.22.0-CR2/javassist-3.22.0-CR2.jar:/home/user/.m2/repository/org/glassfish/hk2/hk2-api/2.5.0/hk2-api-2.5.0.jar:/home/user/.m2/repository/org/glassfish/hk2/external/jakarta.inject/2.5.0/jakarta.inject-2.5.0.jar:/home/user/.m2/repository/org/glassfish/hk2/hk2-utils/2.5.0/hk2-utils-2.5.0.jar:/home/user/.m2/repository/jakarta/annotation/jakarta.annotation-api/1.3.4/jakarta.annotation-api-1.3.4.jar:/home/user/.m2/repository/org/glassfish/hk2/external/aopalliance-repackaged/2.5.0/aopalliance-repackaged-2.5.0.jar:/home/user/.m2/repository/com/fasterxml/jackson/dataformat/jackson-dataformat-xml/2.9.0/jackson-dataformat-xml-2.9.0.jar:/home/user/.m2/repository/com/fasterxml/jackson/core/jackson-core/2.9.9/jackson-core-2.9.9.jar:/home/user/.m2/repository/com/fasterxml/jackson/module/jackson-module-jaxb-annotations/2.9.9/jackson-module-jaxb-annotations-2.9.9.jar:/home/user/.m2/repository/javax/enterprise/cdi-api/1.2/cdi-api-1.2.jar:/home/user/.m2/repository/javax/el/javax.el-api/3.0.0/javax.el-api-3.0.0.jar:/home/user/.m2/repository/javax/interceptor/javax.interceptor-api/1.2/javax.interceptor-api-1.2.jar:/home/user/.m2/repository/javax/inject/javax.inject/1/javax.inject-1.jar:/home/user/.m2/repository/com/sun/xml/bind/jaxb-impl/2.3.0.1/jaxb-impl-2.3.0.1.jar:/home/user/.m2/repository/com/sun/xml/bind/jaxb-core/2.3.0.1/jaxb-core-2.3.0.1.jar:/home/user/.m2/repository/javax/xml/bind/jaxb-api/2.3.0/jaxb-api-2.3.0.jar:/home/user/.m2/repository/javax/activation/activation/1.1.1/activation-1.1.1.jar:/home/user/.m2/repository/org/apache/hadoop/hadoop-ozone-csi/0.5.0-SNAPSHOT/hadoop-ozone-csi-0.5.0-SNAPSHOT.jar:/home/user/.m2/repository/com/google/protobuf/protobuf-java-util/3.5.1/protobuf-java-util-3.5.1.jar:/home/user/.m2/repository/org/apache/hadoop/hadoop-hdds-config/0.5.0-SNAPSHOT/hadoop-hdds-config-0.5.0-SNAPSHOT.jar:/home/user/.m2/repository/io/grpc/grpc-netty/1.17.1/grpc-netty-1.17.1.jar:/home/user/.m2/repository/io/grpc/grpc-core/1.17.1/grpc-core-1.17.1.jar:/home/user/.m2/repository/io/grpc/grpc-context/1.17.1/grpc-context-1.17.1.jar:/home/user/.m2/repository/com/google/errorprone/error_prone_annotations/2.2.0/error_prone_annotations-2.2.0.jar:/home/user/.m2/repository/org/codehaus/mojo/animal-sniffer-annotations/1.17/animal-sniffer-annotations-1.17.jar:/home/user/.m2/repository/io/opencensus/opencensus-api/0.17.0/opencensus-api-0.17.0.jar:/home/user/.m2/repository/io/opencensus/opencensus-contrib-grpc-metrics/0.17.0/opencensus-contrib-grpc-metrics-0.17.0.jar:/home/user/.m2/repository/io/netty/netty-codec-http2/4.1.30.Final/netty-codec-http2-4.1.30.Final.jar:/home/user/.m2/repository/io/netty/netty-codec-http/4.1.30.Final/netty-codec-http-4.1.30.Final.jar:/home/user/.m2/repository/io/netty/netty-codec/4.1.30.Final/netty-codec-4.1.30.Final.jar:/home/user/.m2/repository/io/netty/netty-handler/4.1.30.Final/netty-handler-4.1.30.Final.jar:/home/user/.m2/repository/io/netty/netty-handler-proxy/4.1.30.Final/netty-handler-proxy-4.1.30.Final.jar:/home/user/.m2/repository/io/netty/netty-codec-socks/4.1.30.Final/netty-codec-socks-4.1.30.Final.jar:/home/user/.m2/repository/io/netty/netty-transport-native-epoll/4.1.30.Final/netty-transport-native-epoll-4.1.30.Final.jar:/home/user/.m2/repository/io/netty/netty-common/4.1.30.Final/netty-common-4.1.30.Final.jar:/home/user/.m2/repository/io/netty/netty-buffer/4.1.30.Final/netty-buffer-4.1.30.Final.jar:/home/user/.m2/repository/io/netty/netty-transport/4.1.30.Final/netty-transport-4.1.30.Final.jar:/home/user/.m2/repository/io/netty/netty-resolver/4.1.30.Final/netty-resolver-4.1.30.Final.jar:/home/user/.m2/repository/io/netty/netty-transport-native-unix-common/4.1.30.Final/netty-transport-native-unix-common-4.1.30.Final.jar:/home/user/.m2/repository/io/grpc/grpc-protobuf/1.17.1/grpc-protobuf-1.17.1.jar:/home/user/.m2/repository/com/google/api/grpc/proto-google-common-protos/1.0.0/proto-google-common-protos-1.0.0.jar:/home/user/.m2/repository/io/grpc/grpc-protobuf-lite/1.17.1/grpc-protobuf-lite-1.17.1.jar:/home/user/.m2/repository/io/grpc/grpc-stub/1.17.1/grpc-stub-1.17.1.jar:/home/user/.m2/repository/org/apache/hadoop/hadoop-ozone-recon/0.5.0-SNAPSHOT/hadoop-ozone-recon-0.5.0-SNAPSHOT.jar:/home/user/.m2/repository/org/apache/hadoop/hadoop-ozone-reconcodegen/0.5.0-SNAPSHOT/hadoop-ozone-reconcodegen-0.5.0-SNAPSHOT.jar:/home/user/.m2/repository/com/google/inject/extensions/guice-multibindings/4.0/guice-multibindings-4.0.jar:/home/user/.m2/repository/com/google/inject/guice/4.0/guice-4.0.jar:/home/user/.m2/repository/aopalliance/aopalliance/1.0/aopalliance-1.0.jar:/home/user/.m2/repository/com/google/inject/extensions/guice-servlet/4.0/guice-servlet-4.0.jar:/home/user/.m2/repository/org/glassfish/jersey/containers/jersey-container-servlet/2.27/jersey-container-servlet-2.27.jar:/home/user/.m2/repository/org/glassfish/hk2/guice-bridge/2.5.0/guice-bridge-2.5.0.jar:/home/user/.m2/repository/org/glassfish/jersey/core/jersey-server/2.27/jersey-server-2.27.jar:/home/user/.m2/repository/org/glassfish/jersey/core/jersey-client/2.27/jersey-client-2.27.jar:/home/user/.m2/repository/org/glassfish/jersey/media/jersey-media-jaxb/2.27/jersey-media-jaxb-2.27.jar:/home/user/.m2/repository/javax/validation/validation-api/1.1.0.Final/validation-api-1.1.0.Final.jar:/home/user/.m2/repository/org/glassfish/jersey/media/jersey-media-json-jackson/2.27/jersey-media-json-jackson-2.27.jar:/home/user/.m2/repository/org/glassfish/jersey/ext/jersey-entity-filtering/2.27/jersey-entity-filtering-2.27.jar:/home/user/.m2/repository/com/google/inject/extensions/guice-assistedinject/4.0/guice-assistedinject-4.0.jar:/home/user/.m2/repository/org/jooq/jooq/3.11.10/jooq-3.11.10.jar:/home/user/.m2/repository/org/jooq/jooq-meta/3.11.10/jooq-meta-3.11.10.jar:/home/user/.m2/repository/org/jooq/jooq-codegen/3.11.10/jooq-codegen-3.11.10.jar:/home/user/.m2/repository/com/jolbox/bonecp/0.8.0.RELEASE/bonecp-0.8.0.RELEASE.jar:/home/user/.m2/repository/org/xerial/sqlite-jdbc/3.25.2/sqlite-jdbc-3.25.2.jar:/home/user/.m2/repository/org/springframework/spring-jdbc/5.1.3.RELEASE/spring-jdbc-5.1.3.RELEASE.jar:/home/user/.m2/repository/org/springframework/spring-beans/5.1.3.RELEASE/spring-beans-5.1.3.RELEASE.jar:/home/user/.m2/repository/org/springframework/spring-core/5.1.3.RELEASE/spring-core-5.1.3.RELEASE.jar:/home/user/.m2/repository/org/springframework/spring-jcl/5.1.3.RELEASE/spring-jcl-5.1.3.RELEASE.jar:/home/user/.m2/repository/org/springframework/spring-tx/5.1.3.RELEASE/spring-tx-5.1.3.RELEASE.jar:/home/user/.m2/repository/org/apache/hadoop/hadoop-ozone-client/0.5.0-SNAPSHOT/hadoop-ozone-client-0.5.0-SNAPSHOT.jar:/home/user/.m2/repository/commons-lang/commons-lang/2.6/commons-lang-2.6.jar:/home/user/.m2/repository/org/apache/hadoop/hadoop-ozone-ozone-manager/0.5.0-SNAPSHOT/hadoop-ozone-ozone-manager-0.5.0-SNAPSHOT-tests.jar:/home/user/.m2/repository/junit/junit/4.11/junit-4.11.jar:/home/user/.m2/repository/org/hamcrest/hamcrest-core/1.3/hamcrest-core-1.3.jar:/home/user/.m2/repository/org/openjdk/jmh/jmh-core/1.19/jmh-core-1.19.jar:/home/user/.m2/repository/net/sf/jopt-simple/jopt-simple/4.6/jopt-simple-4.6.jar:/home/user/.m2/repository/org/apache/commons/commons-math3/3.1.1/commons-math3-3.1.1.jar:/home/user/.m2/repository/org/openjdk/jmh/jmh-generator-annprocess/1.19/jmh-generator-annprocess-1.19.jar:/home/user/.m2/repository/org/mockito/mockito-all/1.8.5/mockito-all-1.8.5.jar:/home/user/.m2/repository/org/apache/hadoop/hadoop-kms/3.2.0/hadoop-kms-3.2.0.jar:/home/user/.m2/repository/org/apache/hadoop/hadoop-auth/3.2.0/hadoop-auth-3.2.0.jar:/home/user/.m2/repository/com/nimbusds/nimbus-jose-jwt/4.41.1/nimbus-jose-jwt-4.41.1.jar:/home/user/.m2/repository/com/github/stephenc/jcip/jcip-annotations/1.0-1/jcip-annotations-1.0-1.jar:/home/user/.m2/repository/net/minidev/json-smart/2.3/json-smart-2.3.jar:/home/user/.m2/repository/net/minidev/accessors-smart/1.2/accessors-smart-1.2.jar:/home/user/.m2/repository/org/ow2/asm/asm/5.0.4/asm-5.0.4.jar:/home/user/.m2/repository/org/apache/curator/curator-framework/2.12.0/curator-framework-2.12.0.jar:/home/user/.m2/repository/com/sun/jersey/jersey-core/1.19/jersey-core-1.19.jar:/home/user/.m2/repository/javax/ws/rs/jsr311-api/1.1.1/jsr311-api-1.1.1.jar:/home/user/.m2/repository/com/sun/jersey/jersey-server/1.19/jersey-server-1.19.jar:/home/user/.m2/repository/javax/servlet/javax.servlet-api/3.1.0/javax.servlet-api-3.1.0.jar:/home/user/.m2/repository/org/eclipse/jetty/jetty-server/9.3.25.v20180904/jetty-server-9.3.25.v20180904.jar:/home/user/.m2/repository/org/eclipse/jetty/jetty-http/9.3.25.v20180904/jetty-http-9.3.25.v20180904.jar:/home/user/.m2/repository/org/eclipse/jetty/jetty-io/9.3.25.v20180904/jetty-io-9.3.25.v20180904.jar:/home/user/.m2/repository/org/eclipse/jetty/jetty-webapp/9.3.25.v20180904/jetty-webapp-9.3.25.v20180904.jar:/home/user/.m2/repository/org/eclipse/jetty/jetty-xml/9.3.25.v20180904/jetty-xml-9.3.25.v20180904.jar:/home/user/.m2/repository/log4j/log4j/1.2.17/log4j-1.2.17.jar:/home/user/.m2/repository/org/slf4j/slf4j-api/1.7.25/slf4j-api-1.7.25.jar:/home/user/.m2/repository/org/slf4j/jul-to-slf4j/1.7.25/jul-to-slf4j-1.7.25.jar:/home/user/.m2/repository/org/eclipse/jetty/jetty-util/9.3.25.v20180904/jetty-util-9.3.25.v20180904.jar:/home/user/.m2/repository/com/fasterxml/jackson/core/jackson-databind/2.9.9/jackson-databind-2.9.9.jar:/home/user/.m2/repository/org/apache/hadoop/hadoop-kms/3.2.0/hadoop-kms-3.2.0-tests.jar:/home/user/.m2/repository/org/apache/hadoop/hadoop-hdds-server-scm/0.5.0-SNAPSHOT/hadoop-hdds-server-scm-0.5.0-SNAPSHOT-tests.jar:/home/user/.m2/repository/org/apache/hadoop/hadoop-hdds-container-service/0.5.0-SNAPSHOT/hadoop-hdds-container-service-0.5.0-SNAPSHOT-tests.jar:/home/user/.m2/repository/org/yaml/snakeyaml/1.16/snakeyaml-1.16.jar:/home/user/.m2/repository/org/apache/hadoop/hadoop-common/3.2.0/hadoop-common-3.2.0-tests.jar:/home/user/.m2/repository/org/apache/hadoop/hadoop-annotations/3.2.0/hadoop-annotations-3.2.0.jar:/usr/lib/jvm/java-1.8-openjdk/jre/../lib/tools.jar:/home/user/.m2/repository/commons-cli/commons-cli/1.2/commons-cli-1.2.jar:/home/user/.m2/repository/org/apache/httpcomponents/httpclient/4.5.2/httpclient-4.5.2.jar:/home/user/.m2/repository/org/apache/httpcomponents/httpcore/4.4.4/httpcore-4.4.4.jar:/home/user/.m2/repository/commons-codec/commons-codec/1.11/commons-codec-1.11.jar:/home/user/.m2/repository/commons-net/commons-net/3.6/commons-net-3.6.jar:/home/user/.m2/repository/commons-collections/commons-collections/3.2.2/commons-collections-3.2.2.jar:/home/user/.m2/repository/org/eclipse/jetty/jetty-servlet/9.3.25.v20180904/jetty-servlet-9.3.25.v20180904.jar:/home/user/.m2/repository/org/eclipse/jetty/jetty-security/9.3.25.v20180904/jetty-security-9.3.25.v20180904.jar:/home/user/.m2/repository/javax/servlet/jsp/jsp-api/2.1/jsp-api-2.1.jar:/home/user/.m2/repository/com/sun/jersey/jersey-servlet/1.19/jersey-servlet-1.19.jar:/home/user/.m2/repository/com/sun/jersey/jersey-json/1.19/jersey-json-1.19.jar:/home/user/.m2/repository/org/codehaus/jettison/jettison/1.1/jettison-1.1.jar:/home/user/.m2/repository/org/codehaus/jackson/jackson-core-asl/1.9.13/jackson-core-asl-1.9.13.jar:/home/user/.m2/repository/org/codehaus/jackson/jackson-mapper-asl/1.9.13/jackson-mapper-asl-1.9.13.jar:/home/user/.m2/repository/org/codehaus/jackson/jackson-jaxrs/1.9.13/jackson-jaxrs-1.9.13.jar:/home/user/.m2/repository/org/codehaus/jackson/jackson-xc/1.9.13/jackson-xc-1.9.13.jar:/home/user/.m2/repository/commons-logging/commons-logging/1.1.3/commons-logging-1.1.3.jar:/home/user/.m2/repository/commons-beanutils/commons-beanutils/1.9.4/commons-beanutils-1.9.4.jar:/home/user/.m2/repository/org/apache/commons/commons-configuration2/2.1.1/commons-configuration2-2.1.1.jar:/home/user/.m2/repository/org/apache/commons/commons-lang3/3.7/commons-lang3-3.7.jar:/home/user/.m2/repository/org/apache/commons/commons-text/1.4/commons-text-1.4.jar:/home/user/.m2/repository/org/apache/avro/avro/1.7.7/avro-1.7.7.jar:/home/user/.m2/repository/com/thoughtworks/paranamer/paranamer/2.3/paranamer-2.3.jar:/home/user/.m2/repository/org/xerial/snappy/snappy-java/1.0.5/snappy-java-1.0.5.jar:/home/user/.m2/repository/com/google/re2j/re2j/1.1/re2j-1.1.jar:/home/user/.m2/repository/com/google/code/gson/gson/2.2.4/gson-2.2.4.jar:/home/user/.m2/repository/com/jcraft/jsch/0.1.54/jsch-0.1.54.jar:/home/user/.m2/repository/org/apache/curator/curator-client/2.12.0/curator-client-2.12.0.jar:/home/user/.m2/repository/org/apache/curator/curator-recipes/2.12.0/curator-recipes-2.12.0.jar:/home/user/.m2/repository/com/google/code/findbugs/jsr305/3.0.0/jsr305-3.0.0.jar:/home/user/.m2/repository/org/apache/htrace/htrace-core4/4.1.0-incubating/htrace-core4-4.1.0-incubating.jar:/home/user/.m2/repository/org/apache/zookeeper/zookeeper/3.4.13/zookeeper-3.4.13.jar:/home/user/.m2/repository/jline/jline/0.9.94/jline-0.9.94.jar:/home/user/.m2/repository/org/apache/yetus/audience-annotations/0.5.0/audience-annotations-0.5.0.jar:/home/user/.m2/repository/org/codehaus/woodstox/stax2-api/3.1.4/stax2-api-3.1.4.jar:/home/user/.m2/repository/com/fasterxml/woodstox/woodstox-core/5.0.3/woodstox-core-5.0.3.jar:/home/user/.m2/repository/dnsjava/dnsjava/2.1.7/dnsjava-2.1.7.jar:/home/user/.m2/repository/org/apache/hadoop/hadoop-hdfs/3.2.0/hadoop-hdfs-3.2.0-tests.jar:/home/user/.m2/repository/org/eclipse/jetty/jetty-util-ajax/9.3.25.v20180904/jetty-util-ajax-9.3.25.v20180904.jar:/home/user/.m2/repository/commons-daemon/commons-daemon/1.0.13/commons-daemon-1.0.13.jar:/home/user/.m2/repository/io/netty/netty/3.10.5.Final/netty-3.10.5.Final.jar:/home/user/.m2/repository/io/netty/netty-all/4.0.52.Final/netty-all-4.0.52.Final.jar:/home/user/.m2/repository/org/fusesource/leveldbjni/leveldbjni-all/1.8/leveldbjni-all-1.8.jar:"/>
    <property name="sun.cpu.endian" value="little"/>
    <property name="user.home" value="/home/user"/>
    <property name="user.language" value="en"/>
    <property name="java.specification.vendor" value="Oracle Corporation"/>
    <property name="java.home" value="/usr/lib/jvm/java-1.8-openjdk/jre"/>
    <property name="java.security.krb5.conf" value="/workdir/hadoop-ozone/integration-test/target/test-classes/krb5.conf"/>
    <property name="basedir" value="/workdir/hadoop-ozone/integration-test"/>
    <property name="file.separator" value="/"/>
    <property name="line.separator" value="&#10;"/>
    <property name="java.vm.specification.vendor" value="Oracle Corporation"/>
    <property name="java.specification.name" value="Java Platform API Specification"/>
    <property name="java.awt.graphicsenv" value="sun.awt.X11GraphicsEnvironment"/>
    <property name="surefire.real.class.path" value="/workdir/hadoop-ozone/integration-test/target/surefire/surefirebooter5304945006471906411.jar"/>
    <property name="hadoop.log.dir" value="/workdir/hadoop-ozone/integration-test/target/log"/>
    <property name="sun.boot.class.path" value="/usr/lib/jvm/java-1.8-openjdk/jre/lib/resources.jar:/usr/lib/jvm/java-1.8-openjdk/jre/lib/rt.jar:/usr/lib/jvm/java-1.8-openjdk/jre/lib/sunrsasign.jar:/usr/lib/jvm/java-1.8-openjdk/jre/lib/jsse.jar:/usr/lib/jvm/java-1.8-openjdk/jre/lib/jce.jar:/usr/lib/jvm/java-1.8-openjdk/jre/lib/charsets.jar:/usr/lib/jvm/java-1.8-openjdk/jre/lib/jfr.jar:/usr/lib/jvm/java-1.8-openjdk/jre/classes"/>
    <property name="sun.management.compiler" value="HotSpot 64-Bit Tiered Compilers"/>
    <property name="java.runtime.version" value="1.8.0_212-b04"/>
    <property name="java.net.preferIPv4Stack" value="true"/>
    <property name="user.name" value="jenkins1000"/>
    <property name="path.separator" value=":"/>
    <property name="java.security.egd" value="file:///dev/urandom"/>
    <property name="os.version" value="3.10.0-957.12.2.el7.x86_64"/>
    <property name="java.endorsed.dirs" value="/usr/lib/jvm/java-1.8-openjdk/jre/lib/endorsed"/>
    <property name="java.runtime.name" value="OpenJDK Runtime Environment"/>
    <property name="file.encoding" value="UTF-8"/>
    <property name="java.vm.name" value="OpenJDK 64-Bit Server VM"/>
    <property name="test.build.webapps" value=""/>
    <property name="localRepository" value="/home/user/.m2/repository"/>
    <property name="java.vendor.url.bug" value="https://icedtea.classpath.org/bugzilla"/>
    <property name="java.io.tmpdir" value="/tmp"/>
    <property name="require.test.libhadoop" value=""/>
    <property name="java.version" value="1.8.0_212"/>
    <property name="user.dir" value="/workdir/hadoop-ozone/integration-test"/>
    <property name="os.arch" value="amd64"/>
    <property name="java.vm.specification.name" value="Java Virtual Machine Specification"/>
    <property name="test.build.classes" value="/workdir/hadoop-ozone/integration-test/target/test-classes"/>
    <property name="java.awt.printerjob" value="sun.print.PSPrinterJob"/>
    <property name="sun.os.patch.level" value="unknown"/>
    <property name="hadoop.tmp.dir" value="/workdir/hadoop-ozone/integration-test/target/tmp"/>
    <property name="java.library.path" value="/usr/lib/jvm/java-1.8-openjdk/jre/lib/amd64/server:/usr/lib/jvm/java-1.8-openjdk/jre/lib/amd64:/usr/lib/jvm/java-1.8-openjdk/jre/../lib/amd64:/workdir/hadoop-ozone/integration-test/target/native/target/usr/local/lib:/workdir/hadoop-ozone/integration-test/../../hadoop-common-project/hadoop-common/target/native/target/usr/local/lib:/usr/java/packages/lib/amd64:/usr/lib64:/lib64:/lib:/usr/lib"/>
    <property name="java.vm.info" value="mixed mode"/>
    <property name="java.vendor" value="IcedTea"/>
    <property name="java.vm.version" value="25.212-b04"/>
    <property name="java.ext.dirs" value="/usr/lib/jvm/java-1.8-openjdk/jre/lib/ext:/usr/java/packages/lib/ext"/>
    <property name="sun.io.unicode.encoding" value="UnicodeLittle"/>
    <property name="java.class.version" value="52.0"/>
  </properties>
  <testcase name="test2WayCommitForRetryfailure" classname="org.apache.hadoop.ozone.client.rpc.Test2WayCommitInRatis" time="16.282">
    <error message="org.apache.ratis.protocol.StateMachineException: org.apache.ratis.thirdparty.com.google.protobuf.InvalidProtocolBufferException from Server 39a4ff36-db48-44de-b1a6-5fbd876301f5@group-AD9EC464EF2D: Protocol message contained an invalid tag (zero)." type="java.util.concurrent.ExecutionException"><![CDATA[java.util.concurrent.ExecutionException: org.apache.ratis.protocol.StateMachineException: org.apache.ratis.thirdparty.com.google.protobuf.InvalidProtocolBufferException from Server 39a4ff36-db48-44de-b1a6-5fbd876301f5@group-AD9EC464EF2D: Protocol message contained an invalid tag (zero).
	at java.util.concurrent.CompletableFuture.reportGet(CompletableFuture.java:357)
	at java.util.concurrent.CompletableFuture.get(CompletableFuture.java:1895)
	at org.apache.hadoop.ozone.client.rpc.Test2WayCommitInRatis.test2WayCommitForRetryfailure(Test2WayCommitInRatis.java:138)
	at sun.reflect.NativeMethodAccessorImpl.invoke0(Native Method)
	at sun.reflect.NativeMethodAccessorImpl.invoke(NativeMethodAccessorImpl.java:62)
	at sun.reflect.DelegatingMethodAccessorImpl.invoke(DelegatingMethodAccessorImpl.java:43)
	at java.lang.reflect.Method.invoke(Method.java:498)
	at org.junit.runners.model.FrameworkMethod$1.runReflectiveCall(FrameworkMethod.java:47)
	at org.junit.internal.runners.model.ReflectiveCallable.run(ReflectiveCallable.java:12)
	at org.junit.runners.model.FrameworkMethod.invokeExplosively(FrameworkMethod.java:44)
	at org.junit.internal.runners.statements.InvokeMethod.evaluate(InvokeMethod.java:17)
	at org.junit.runners.ParentRunner.runLeaf(ParentRunner.java:271)
	at org.junit.runners.BlockJUnit4ClassRunner.runChild(BlockJUnit4ClassRunner.java:70)
	at org.junit.runners.BlockJUnit4ClassRunner.runChild(BlockJUnit4ClassRunner.java:50)
	at org.junit.runners.ParentRunner$3.run(ParentRunner.java:238)
	at org.junit.runners.ParentRunner$1.schedule(ParentRunner.java:63)
	at org.junit.runners.ParentRunner.runChildren(ParentRunner.java:236)
	at org.junit.runners.ParentRunner.access$000(ParentRunner.java:53)
	at org.junit.runners.ParentRunner$2.evaluate(ParentRunner.java:229)
	at org.junit.runners.ParentRunner.run(ParentRunner.java:309)
	at org.apache.maven.surefire.junit4.JUnit4Provider.execute(JUnit4Provider.java:365)
	at org.apache.maven.surefire.junit4.JUnit4Provider.executeWithRerun(JUnit4Provider.java:273)
	at org.apache.maven.surefire.junit4.JUnit4Provider.executeTestSet(JUnit4Provider.java:238)
	at org.apache.maven.surefire.junit4.JUnit4Provider.invoke(JUnit4Provider.java:159)
	at org.apache.maven.surefire.booter.ForkedBooter.invokeProviderInSameClassLoader(ForkedBooter.java:384)
	at org.apache.maven.surefire.booter.ForkedBooter.runSuitesInProcess(ForkedBooter.java:345)
	at org.apache.maven.surefire.booter.ForkedBooter.execute(ForkedBooter.java:126)
	at org.apache.maven.surefire.booter.ForkedBooter.main(ForkedBooter.java:418)
Caused by: org.apache.ratis.protocol.StateMachineException: org.apache.ratis.thirdparty.com.google.protobuf.InvalidProtocolBufferException from Server 39a4ff36-db48-44de-b1a6-5fbd876301f5@group-AD9EC464EF2D: Protocol message contained an invalid tag (zero).
	at org.apache.ratis.thirdparty.com.google.protobuf.InvalidProtocolBufferException.invalidTag(InvalidProtocolBufferException.java:105)
	at org.apache.ratis.thirdparty.com.google.protobuf.CodedInputStream$ArrayDecoder.readTag(CodedInputStream.java:646)
	at org.apache.hadoop.hdds.protocol.datanode.proto.ContainerProtos$ContainerCommandRequestProto.<init>(ContainerProtos.java:2692)
	at org.apache.hadoop.hdds.protocol.datanode.proto.ContainerProtos$ContainerCommandRequestProto.<init>(ContainerProtos.java:2655)
	at org.apache.hadoop.hdds.protocol.datanode.proto.ContainerProtos$ContainerCommandRequestProto$1.parsePartialFrom(ContainerProtos.java:7272)
	at org.apache.hadoop.hdds.protocol.datanode.proto.ContainerProtos$ContainerCommandRequestProto$1.parsePartialFrom(ContainerProtos.java:7267)
	at org.apache.ratis.thirdparty.com.google.protobuf.AbstractParser.parsePartialFrom(AbstractParser.java:105)
	at org.apache.ratis.thirdparty.com.google.protobuf.AbstractParser.parseFrom(AbstractParser.java:125)
	at org.apache.ratis.thirdparty.com.google.protobuf.AbstractParser.parseFrom(AbstractParser.java:130)
	at org.apache.ratis.thirdparty.com.google.protobuf.AbstractParser.parseFrom(AbstractParser.java:49)
	at org.apache.hadoop.hdds.protocol.datanode.proto.ContainerProtos$ContainerCommandRequestProto.parseFrom(ContainerProtos.java:4110)
	at org.apache.hadoop.ozone.container.common.transport.server.ratis.ContainerStateMachine.getContainerCommandRequestProto(ContainerStateMachine.java:379)
	at org.apache.hadoop.ozone.container.common.transport.server.ratis.ContainerStateMachine.applyTransaction(ContainerStateMachine.java:704)
	at org.apache.ratis.server.impl.RaftServerImpl.applyLogToStateMachine(RaftServerImpl.java:1274)
	at org.apache.ratis.server.impl.StateMachineUpdater.applyLog(StateMachineUpdater.java:224)
	at org.apache.ratis.server.impl.StateMachineUpdater.run(StateMachineUpdater.java:165)
	at java.lang.Thread.run(Thread.java:748)
Caused by: org.apache.ratis.thirdparty.com.google.protobuf.InvalidProtocolBufferException: Protocol message contained an invalid tag (zero).
	at sun.reflect.NativeConstructorAccessorImpl.newInstance0(Native Method)
	at sun.reflect.NativeConstructorAccessorImpl.newInstance(NativeConstructorAccessorImpl.java:62)
	at sun.reflect.DelegatingConstructorAccessorImpl.newInstance(DelegatingConstructorAccessorImpl.java:45)
	at java.lang.reflect.Constructor.newInstance(Constructor.java:423)
	at org.apache.ratis.util.ReflectionUtils.instantiateException(ReflectionUtils.java:222)
	at org.apache.ratis.client.impl.ClientProtoUtils.wrapStateMachineException(ClientProtoUtils.java:296)
	at org.apache.ratis.client.impl.ClientProtoUtils.toRaftClientReply(ClientProtoUtils.java:249)
	at org.apache.ratis.grpc.client.GrpcClientProtocolClient$AsyncStreamObservers$1.onNext(GrpcClientProtocolClient.java:269)
	at org.apache.ratis.grpc.client.GrpcClientProtocolClient$AsyncStreamObservers$1.onNext(GrpcClientProtocolClient.java:264)
	at org.apache.ratis.thirdparty.io.grpc.stub.ClientCalls$StreamObserverToCallListenerAdapter.onMessage(ClientCalls.java:421)
	at org.apache.ratis.thirdparty.io.grpc.ForwardingClientCallListener.onMessage(ForwardingClientCallListener.java:33)
	at org.apache.ratis.thirdparty.io.grpc.ForwardingClientCallListener.onMessage(ForwardingClientCallListener.java:33)
	at org.apache.ratis.thirdparty.io.grpc.internal.ClientCallImpl$ClientStreamListenerImpl$1MessagesAvailable.runInContext(ClientCallImpl.java:519)
	at org.apache.ratis.thirdparty.io.grpc.internal.ContextRunnable.run(ContextRunnable.java:37)
	at org.apache.ratis.thirdparty.io.grpc.internal.SerializingExecutor.run(SerializingExecutor.java:123)
	at java.util.concurrent.ThreadPoolExecutor.runWorker(ThreadPoolExecutor.java:1149)
	at java.util.concurrent.ThreadPoolExecutor$Worker.run(ThreadPoolExecutor.java:624)
	... 1 more
]]></error>
    <system-out><![CDATA[2019-10-02 09:56:15,992 [main] WARN  server.ServerUtils (ServerUtils.java:getScmDbDir(145)) - ozone.scm.db.dirs is not configured. We recommend adding this setting. Falling back to ozone.metadata.dirs instead.
2019-10-02 09:56:16,122 [main] WARN  server.ServerUtils (ServerUtils.java:getScmDbDir(145)) - ozone.scm.db.dirs is not configured. We recommend adding this setting. Falling back to ozone.metadata.dirs instead.
2019-10-02 09:56:16,126 [main] WARN  server.ServerUtils (ServerUtils.java:getScmDbDir(145)) - ozone.scm.db.dirs is not configured. We recommend adding this setting. Falling back to ozone.metadata.dirs instead.
2019-10-02 09:56:16,147 [main] INFO  util.log (Log.java:initialized(192)) - Logging initialized @915ms
2019-10-02 09:56:16,282 [main] INFO  db.DBStoreBuilder (DBStoreBuilder.java:addTable(110)) - using custom profile for table: deletedBlocks
2019-10-02 09:56:16,283 [main] INFO  db.DBStoreBuilder (DBStoreBuilder.java:processTables(161)) - Using default column profile:DBProfile.DISK for Table:deletedBlocks
2019-10-02 09:56:16,283 [main] INFO  db.DBStoreBuilder (DBStoreBuilder.java:addTable(110)) - using custom profile for table: validCerts
2019-10-02 09:56:16,284 [main] INFO  db.DBStoreBuilder (DBStoreBuilder.java:processTables(161)) - Using default column profile:DBProfile.DISK for Table:validCerts
2019-10-02 09:56:16,284 [main] INFO  db.DBStoreBuilder (DBStoreBuilder.java:addTable(110)) - using custom profile for table: revokedCerts
2019-10-02 09:56:16,284 [main] INFO  db.DBStoreBuilder (DBStoreBuilder.java:processTables(161)) - Using default column profile:DBProfile.DISK for Table:revokedCerts
2019-10-02 09:56:16,296 [main] INFO  db.DBStoreBuilder (DBStoreBuilder.java:addTable(110)) - using custom profile for table: default
2019-10-02 09:56:16,296 [main] INFO  db.DBStoreBuilder (DBStoreBuilder.java:processTables(167)) - Using default column profile:DBProfile.DISK for Table:default
2019-10-02 09:56:16,298 [main] INFO  db.DBStoreBuilder (DBStoreBuilder.java:getDbProfile(198)) - Using default options. DBProfile.DISK
2019-10-02 09:56:16,552 [main] INFO  net.NodeSchemaLoader (NodeSchemaLoader.java:loadSchemaFromFile(125)) - Loading file from sun.misc.CompoundEnumeration@77888435
2019-10-02 09:56:16,554 [main] INFO  net.NodeSchemaLoader (NodeSchemaLoader.java:loadSchema(171)) - Loading network topology layer schema file
2019-10-02 09:56:16,622 [main] WARN  server.ServerUtils (ServerUtils.java:sanitizeUserArgs(70)) - ozone.scm.stale.node.interval value = 300000 is larger than max = 100000 based on the key value of ozone.scm.heartbeat.thread.interval, reset to the max value 100000.
2019-10-02 09:56:16,624 [main] WARN  server.ServerUtils (ServerUtils.java:sanitizeUserArgs(70)) - ozone.scm.stale.node.interval value = 300000 is larger than max = 100000 based on the key value of ozone.scm.heartbeat.thread.interval, reset to the max value 100000.
2019-10-02 09:56:16,626 [main] INFO  node.SCMNodeManager (SCMNodeManager.java:<init>(114)) - Entering startup safe mode.
2019-10-02 09:56:16,698 [main] INFO  algorithms.ContainerPlacementPolicyFactory (ContainerPlacementPolicyFactory.java:getPolicy(57)) - Create container placement policy of type org.apache.hadoop.hdds.scm.container.placement.algorithms.SCMContainerPlacementRandom
2019-10-02 09:56:16,711 [main] WARN  server.ServerUtils (ServerUtils.java:getScmDbDir(145)) - ozone.scm.db.dirs is not configured. We recommend adding this setting. Falling back to ozone.metadata.dirs instead.
2019-10-02 09:56:16,771 [main] INFO  pipeline.SCMPipelineManager (SCMPipelineManager.java:initializePipelineState(132)) - No pipeline exists in current db
2019-10-02 09:56:16,773 [main] WARN  server.ServerUtils (ServerUtils.java:getScmDbDir(145)) - ozone.scm.db.dirs is not configured. We recommend adding this setting. Falling back to ozone.metadata.dirs instead.
2019-10-02 09:56:16,904 [main] WARN  events.EventQueue (EventQueue.java:fireEvent(183)) - No event handler registered for event TypedEvent{payloadType=SafeModeStatus, name='SafeModeStatus'}
2019-10-02 09:56:17,276 [main] INFO  ipc.CallQueueManager (CallQueueManager.java:<init>(84)) - Using callQueue: class java.util.concurrent.LinkedBlockingQueue, queueCapacity: 2000, scheduler: class org.apache.hadoop.ipc.DefaultRpcScheduler, ipcBackoff: false.
2019-10-02 09:56:17,305 [Socket Reader #1 for port 35475] INFO  ipc.Server (Server.java:run(1074)) - Starting Socket Reader #1 for port 35475
2019-10-02 09:56:17,436 [main] INFO  ipc.CallQueueManager (CallQueueManager.java:<init>(84)) - Using callQueue: class java.util.concurrent.LinkedBlockingQueue, queueCapacity: 2000, scheduler: class org.apache.hadoop.ipc.DefaultRpcScheduler, ipcBackoff: false.
2019-10-02 09:56:17,437 [Socket Reader #1 for port 45395] INFO  ipc.Server (Server.java:run(1074)) - Starting Socket Reader #1 for port 45395
2019-10-02 09:56:17,448 [main] INFO  ipc.CallQueueManager (CallQueueManager.java:<init>(84)) - Using callQueue: class java.util.concurrent.LinkedBlockingQueue, queueCapacity: 2000, scheduler: class org.apache.hadoop.ipc.DefaultRpcScheduler, ipcBackoff: false.
2019-10-02 09:56:17,449 [Socket Reader #1 for port 44996] INFO  ipc.Server (Server.java:run(1074)) - Starting Socket Reader #1 for port 44996
2019-10-02 09:56:17,473 [main] INFO  hdfs.DFSUtil (DFSUtil.java:httpServerTemplateForNNAndJN(1641)) - Starting Web-server for scm at: http://0.0.0.0:0
2019-10-02 09:56:17,658 [main] INFO  server.AuthenticationFilter (AuthenticationFilter.java:constructSecretProvider(240)) - Unable to initialize FileSignerSecretProvider, falling back to use random secrets.
2019-10-02 09:56:17,665 [main] WARN  http.HttpRequestLog (HttpRequestLog.java:getRequestLog(97)) - Jetty request log can only be enabled using Log4j
2019-10-02 09:56:17,673 [main] INFO  http.HttpServer2 (HttpServer2.java:addGlobalFilter(975)) - Added global filter 'safety' (class=org.apache.hadoop.http.HttpServer2$QuotingInputFilter)
2019-10-02 09:56:17,676 [main] INFO  http.HttpServer2 (HttpServer2.java:addFilter(948)) - Added filter static_user_filter (class=org.apache.hadoop.http.lib.StaticUserWebFilter$StaticUserFilter) to context scm
2019-10-02 09:56:17,676 [main] INFO  http.HttpServer2 (HttpServer2.java:addFilter(958)) - Added filter static_user_filter (class=org.apache.hadoop.http.lib.StaticUserWebFilter$StaticUserFilter) to context static
2019-10-02 09:56:17,677 [main] INFO  http.HttpServer2 (HttpServer2.java:addFilter(958)) - Added filter static_user_filter (class=org.apache.hadoop.http.lib.StaticUserWebFilter$StaticUserFilter) to context logs
2019-10-02 09:56:17,711 [main] INFO  server.StorageContainerManager (StorageContainerManager.java:start(770)) - StorageContainerLocationProtocol RPC server is listening at /0.0.0.0:44996
2019-10-02 09:56:17,792 [main] WARN  impl.MetricsConfig (MetricsConfig.java:loadFirst(134)) - Cannot locate configuration: tried hadoop-metrics2-storagecontainermanager.properties,hadoop-metrics2.properties
2019-10-02 09:56:17,806 [main] INFO  impl.MetricsSystemImpl (MetricsSystemImpl.java:startTimer(374)) - Scheduled Metric snapshot period at 10 second(s).
2019-10-02 09:56:17,806 [main] INFO  impl.MetricsSystemImpl (MetricsSystemImpl.java:start(191)) - StorageContainerManager metrics system started
2019-10-02 09:56:18,040 [main] INFO  server.SCMClientProtocolServer (SCMClientProtocolServer.java:start(150)) - RPC server for Client  is listening at /0.0.0.0:44996
2019-10-02 09:56:18,041 [IPC Server Responder] INFO  ipc.Server (Server.java:run(1314)) - IPC Server Responder: starting
2019-10-02 09:56:18,041 [IPC Server listener on 44996] INFO  ipc.Server (Server.java:run(1153)) - IPC Server listener on 44996: starting
2019-10-02 09:56:18,044 [main] INFO  server.StorageContainerManager (StorageContainerManager.java:start(780)) - ScmBlockLocationProtocol RPC server is listening at /0.0.0.0:45395
2019-10-02 09:56:18,046 [main] INFO  server.SCMBlockProtocolServer (SCMBlockProtocolServer.java:start(146)) - RPC server for Block Protocol is listening at /0.0.0.0:45395
2019-10-02 09:56:18,046 [IPC Server Responder] INFO  ipc.Server (Server.java:run(1314)) - IPC Server Responder: starting
2019-10-02 09:56:18,046 [IPC Server listener on 45395] INFO  ipc.Server (Server.java:run(1153)) - IPC Server listener on 45395: starting
2019-10-02 09:56:18,049 [main] INFO  server.StorageContainerManager (StorageContainerManager.java:start(784)) - ScmDatanodeProtocl RPC server is listening at /0.0.0.0:35475
2019-10-02 09:56:18,049 [main] INFO  server.SCMDatanodeProtocolServer (SCMDatanodeProtocolServer.java:start(191)) - RPC server for DataNodes is listening at /0.0.0.0:35475
2019-10-02 09:56:18,049 [IPC Server Responder] INFO  ipc.Server (Server.java:run(1314)) - IPC Server Responder: starting
2019-10-02 09:56:18,049 [IPC Server listener on 35475] INFO  ipc.Server (Server.java:run(1153)) - IPC Server listener on 35475: starting
2019-10-02 09:56:18,053 [main] INFO  http.HttpServer2 (HttpServer2.java:bindListener(1191)) - Jetty bound to port 38156
2019-10-02 09:56:18,055 [main] INFO  server.Server (Server.java:doStart(351)) - jetty-9.3.25.v20180904, build timestamp: 2018-09-04T21:11:46Z, git hash: 3ce520221d0240229c862b122d2b06c12a625732
2019-10-02 09:56:18,094 [main] INFO  handler.ContextHandler (ContextHandler.java:doStart(781)) - Started o.e.j.s.ServletContextHandler@615091b8{/logs,file:///workdir/hadoop-ozone/integration-test/target/log,AVAILABLE}
2019-10-02 09:56:18,095 [main] INFO  handler.ContextHandler (ContextHandler.java:doStart(781)) - Started o.e.j.s.ServletContextHandler@4aa83f4f{/static,file:///workdir/hadoop-ozone/integration-test/target/test-classes/webapps/static,AVAILABLE}
2019-10-02 09:56:18,129 [main] INFO  handler.ContextHandler (ContextHandler.java:doStart(781)) - Started o.e.j.w.WebAppContext@3574e198{/,file:///workdir/hadoop-ozone/integration-test/target/test-classes/webapps/scm/,AVAILABLE}{/scm}
2019-10-02 09:56:18,135 [main] INFO  server.AbstractConnector (AbstractConnector.java:doStart(278)) - Started ServerConnector@3aa3193a{HTTP/1.1,[http/1.1]}{0.0.0.0:38156}
2019-10-02 09:56:18,136 [main] INFO  server.Server (Server.java:doStart(419)) - Started @2904ms
2019-10-02 09:56:18,138 [main] INFO  impl.MetricsSinkAdapter (MetricsSinkAdapter.java:start(204)) - Sink prometheus started
2019-10-02 09:56:18,138 [main] INFO  impl.MetricsSystemImpl (MetricsSystemImpl.java:registerSink(301)) - Registered sink prometheus
2019-10-02 09:56:18,140 [main] INFO  server.BaseHttpServer (BaseHttpServer.java:updateConnectorAddress(215)) - HTTP server of SCM is listening at http://0.0.0.0:38156
2019-10-02 09:56:18,146 [org.apache.hadoop.util.JvmPauseMonitor$Monitor@3b366632] INFO  util.JvmPauseMonitor (JvmPauseMonitor.java:run(188)) - Starting JVM pause monitor
2019-10-02 09:56:18,148 [main] WARN  server.ServerUtils (ServerUtils.java:getDBPath(222)) - ozone.om.db.dirs is not configured. We recommend adding this setting. Falling back to ozone.metadata.dirs instead.
2019-10-02 09:56:18,254 [main] WARN  server.ServerUtils (ServerUtils.java:getDBPath(222)) - ozone.om.db.dirs is not configured. We recommend adding this setting. Falling back to ozone.metadata.dirs instead.
2019-10-02 09:56:18,255 [main] WARN  server.ServerUtils (ServerUtils.java:getDBPath(222)) - ozone.om.db.dirs is not configured. We recommend adding this setting. Falling back to ozone.metadata.dirs instead.
2019-10-02 09:56:18,256 [main] INFO  om.OzoneManager (OzoneManager.java:setOMNodeDetails(652)) - OM Service ID is not set. Setting it to the default ID: omServiceIdDefault
2019-10-02 09:56:18,256 [main] INFO  om.OzoneManager (OzoneManager.java:setOMNodeDetails(658)) - OM Node ID is not set. Setting it to the OmStorage's OmID: 1c273df3-e52f-4eb2-91b8-13ecd1eb5d5e
2019-10-02 09:56:18,257 [main] INFO  om.OzoneManager (OzoneManager.java:loadOMHAConfigs(609)) - Found matching OM address with OMServiceId: null, OMNodeId: null, RPC Address: localhost:0 and Ratis port: 9872
2019-10-02 09:56:19,074 [main] WARN  server.ServerUtils (ServerUtils.java:getDBPath(222)) - ozone.om.db.dirs is not configured. We recommend adding this setting. Falling back to ozone.metadata.dirs instead.
2019-10-02 09:56:19,082 [main] INFO  db.DBStoreBuilder (DBStoreBuilder.java:addTable(110)) - using custom profile for table: userTable
2019-10-02 09:56:19,082 [main] INFO  db.DBStoreBuilder (DBStoreBuilder.java:processTables(161)) - Using default column profile:DBProfile.DISK for Table:userTable
2019-10-02 09:56:19,083 [main] INFO  db.DBStoreBuilder (DBStoreBuilder.java:addTable(110)) - using custom profile for table: volumeTable
2019-10-02 09:56:19,083 [main] INFO  db.DBStoreBuilder (DBStoreBuilder.java:processTables(161)) - Using default column profile:DBProfile.DISK for Table:volumeTable
2019-10-02 09:56:19,083 [main] INFO  db.DBStoreBuilder (DBStoreBuilder.java:addTable(110)) - using custom profile for table: bucketTable
2019-10-02 09:56:19,083 [main] INFO  db.DBStoreBuilder (DBStoreBuilder.java:processTables(161)) - Using default column profile:DBProfile.DISK for Table:bucketTable
2019-10-02 09:56:19,084 [main] INFO  db.DBStoreBuilder (DBStoreBuilder.java:addTable(110)) - using custom profile for table: keyTable
2019-10-02 09:56:19,084 [main] INFO  db.DBStoreBuilder (DBStoreBuilder.java:processTables(161)) - Using default column profile:DBProfile.DISK for Table:keyTable
2019-10-02 09:56:19,084 [main] INFO  db.DBStoreBuilder (DBStoreBuilder.java:addTable(110)) - using custom profile for table: deletedTable
2019-10-02 09:56:19,085 [main] INFO  db.DBStoreBuilder (DBStoreBuilder.java:processTables(161)) - Using default column profile:DBProfile.DISK for Table:deletedTable
2019-10-02 09:56:19,086 [main] INFO  db.DBStoreBuilder (DBStoreBuilder.java:addTable(110)) - using custom profile for table: openKeyTable
2019-10-02 09:56:19,087 [main] INFO  db.DBStoreBuilder (DBStoreBuilder.java:processTables(161)) - Using default column profile:DBProfile.DISK for Table:openKeyTable
2019-10-02 09:56:19,087 [main] INFO  db.DBStoreBuilder (DBStoreBuilder.java:addTable(110)) - using custom profile for table: s3Table
2019-10-02 09:56:19,088 [main] INFO  db.DBStoreBuilder (DBStoreBuilder.java:processTables(161)) - Using default column profile:DBProfile.DISK for Table:s3Table
2019-10-02 09:56:19,089 [main] INFO  db.DBStoreBuilder (DBStoreBuilder.java:addTable(110)) - using custom profile for table: multipartInfoTable
2019-10-02 09:56:19,089 [main] INFO  db.DBStoreBuilder (DBStoreBuilder.java:processTables(161)) - Using default column profile:DBProfile.DISK for Table:multipartInfoTable
2019-10-02 09:56:19,090 [main] INFO  db.DBStoreBuilder (DBStoreBuilder.java:addTable(110)) - using custom profile for table: dTokenTable
2019-10-02 09:56:19,091 [main] INFO  db.DBStoreBuilder (DBStoreBuilder.java:processTables(161)) - Using default column profile:DBProfile.DISK for Table:dTokenTable
2019-10-02 09:56:19,092 [main] INFO  db.DBStoreBuilder (DBStoreBuilder.java:addTable(110)) - using custom profile for table: s3SecretTable
2019-10-02 09:56:19,092 [main] INFO  db.DBStoreBuilder (DBStoreBuilder.java:processTables(161)) - Using default column profile:DBProfile.DISK for Table:s3SecretTable
2019-10-02 09:56:19,093 [main] INFO  db.DBStoreBuilder (DBStoreBuilder.java:addTable(110)) - using custom profile for table: prefixTable
2019-10-02 09:56:19,094 [main] INFO  db.DBStoreBuilder (DBStoreBuilder.java:processTables(161)) - Using default column profile:DBProfile.DISK for Table:prefixTable
2019-10-02 09:56:19,094 [main] INFO  db.DBStoreBuilder (DBStoreBuilder.java:addTable(110)) - using custom profile for table: default
2019-10-02 09:56:19,095 [main] INFO  db.DBStoreBuilder (DBStoreBuilder.java:processTables(167)) - Using default column profile:DBProfile.DISK for Table:default
2019-10-02 09:56:19,096 [main] INFO  db.DBStoreBuilder (DBStoreBuilder.java:getDbProfile(198)) - Using default options. DBProfile.DISK
2019-10-02 09:56:19,661 [main] INFO  ipc.CallQueueManager (CallQueueManager.java:<init>(84)) - Using callQueue: class java.util.concurrent.LinkedBlockingQueue, queueCapacity: 2000, scheduler: class org.apache.hadoop.ipc.DefaultRpcScheduler, ipcBackoff: false.
2019-10-02 09:56:19,663 [Socket Reader #1 for port 44635] INFO  ipc.Server (Server.java:run(1074)) - Starting Socket Reader #1 for port 44635
2019-10-02 09:56:19,683 [main] INFO  om.OzoneManager (OzoneManager.java:start(1243)) - OzoneManager RPC server is listening at localhost/127.0.0.1:44635
2019-10-02 09:56:19,683 [main] INFO  impl.MetricsSystemImpl (MetricsSystemImpl.java:init(158)) - OzoneManager metrics system started (again)
2019-10-02 09:56:19,685 [IPC Server listener on 44635] INFO  ipc.Server (Server.java:run(1153)) - IPC Server listener on 44635: starting
2019-10-02 09:56:19,685 [IPC Server Responder] INFO  ipc.Server (Server.java:run(1314)) - IPC Server Responder: starting
2019-10-02 09:56:19,691 [main] INFO  hdfs.DFSUtil (DFSUtil.java:httpServerTemplateForNNAndJN(1641)) - Starting Web-server for ozoneManager at: http://0.0.0.0:0
2019-10-02 09:56:19,694 [main] INFO  server.AuthenticationFilter (AuthenticationFilter.java:constructSecretProvider(240)) - Unable to initialize FileSignerSecretProvider, falling back to use random secrets.
2019-10-02 09:56:19,695 [main] WARN  http.HttpRequestLog (HttpRequestLog.java:getRequestLog(97)) - Jetty request log can only be enabled using Log4j
2019-10-02 09:56:19,698 [main] INFO  http.HttpServer2 (HttpServer2.java:addGlobalFilter(975)) - Added global filter 'safety' (class=org.apache.hadoop.http.HttpServer2$QuotingInputFilter)
2019-10-02 09:56:19,700 [main] INFO  http.HttpServer2 (HttpServer2.java:addFilter(948)) - Added filter static_user_filter (class=org.apache.hadoop.http.lib.StaticUserWebFilter$StaticUserFilter) to context ozoneManager
2019-10-02 09:56:19,700 [main] INFO  http.HttpServer2 (HttpServer2.java:addFilter(958)) - Added filter static_user_filter (class=org.apache.hadoop.http.lib.StaticUserWebFilter$StaticUserFilter) to context static
2019-10-02 09:56:19,701 [main] INFO  http.HttpServer2 (HttpServer2.java:addFilter(958)) - Added filter static_user_filter (class=org.apache.hadoop.http.lib.StaticUserWebFilter$StaticUserFilter) to context logs
2019-10-02 09:56:19,704 [main] INFO  http.HttpServer2 (HttpServer2.java:bindListener(1191)) - Jetty bound to port 43039
2019-10-02 09:56:19,704 [main] INFO  server.Server (Server.java:doStart(351)) - jetty-9.3.25.v20180904, build timestamp: 2018-09-04T21:11:46Z, git hash: 3ce520221d0240229c862b122d2b06c12a625732
2019-10-02 09:56:19,707 [main] INFO  handler.ContextHandler (ContextHandler.java:doStart(781)) - Started o.e.j.s.ServletContextHandler@ecfbe91{/logs,file:///workdir/hadoop-ozone/integration-test/target/log,AVAILABLE}
2019-10-02 09:56:19,708 [main] INFO  handler.ContextHandler (ContextHandler.java:doStart(781)) - Started o.e.j.s.ServletContextHandler@3adbe50f{/static,file:///workdir/hadoop-ozone/integration-test/target/test-classes/webapps/static,AVAILABLE}
2019-10-02 09:56:19,716 [main] INFO  handler.ContextHandler (ContextHandler.java:doStart(781)) - Started o.e.j.w.WebAppContext@748fe51d{/,file:///workdir/hadoop-ozone/integration-test/target/test-classes/webapps/ozoneManager/,AVAILABLE}{/ozoneManager}
2019-10-02 09:56:19,716 [main] INFO  server.AbstractConnector (AbstractConnector.java:doStart(278)) - Started ServerConnector@415156bf{HTTP/1.1,[http/1.1]}{0.0.0.0:43039}
2019-10-02 09:56:19,718 [main] INFO  server.Server (Server.java:doStart(419)) - Started @4486ms
2019-10-02 09:56:19,718 [main] WARN  impl.MetricsSystemImpl (MetricsSystemImpl.java:register(276)) - Sink prometheus already exists!
2019-10-02 09:56:19,719 [main] INFO  server.BaseHttpServer (BaseHttpServer.java:updateConnectorAddress(215)) - HTTP server of OZONEMANAGER is listening at http://0.0.0.0:43039
2019-10-02 09:56:20,076 [main] INFO  impl.MetricsSystemImpl (MetricsSystemImpl.java:init(158)) - HddsDatanode metrics system started (again)
2019-10-02 09:56:20,124 [main] INFO  ozone.HddsDatanodeService (HddsDatanodeService.java:start(184)) - HddsDatanodeService host:pr-trunk-8bg6x-723665176 ip:192.168.5.178
2019-10-02 09:56:20,156 [main] INFO  volume.HddsVolume (HddsVolume.java:<init>(176)) - Creating Volume: /workdir/hadoop-ozone/integration-test/target/test-dir/MiniOzoneClusterImpl-630da8fc-ec45-49cc-80b8-0e679c12a70a/datanode-0/data/containers/hdds of  storage type : DISK and capacity : 1482555576320
2019-10-02 09:56:20,158 [main] INFO  volume.VolumeSet (VolumeSet.java:initializeVolumeSet(170)) - Added Volume : /workdir/hadoop-ozone/integration-test/target/test-dir/MiniOzoneClusterImpl-630da8fc-ec45-49cc-80b8-0e679c12a70a/datanode-0/data/containers/hdds to VolumeSet
2019-10-02 09:56:20,161 [main] INFO  volume.ThrottledAsyncChecker (ThrottledAsyncChecker.java:schedule(139)) - Scheduling a check for org.apache.hadoop.ozone.container.common.volume.HddsVolume@2764c546
2019-10-02 09:56:20,182 [main] INFO  volume.HddsVolumeChecker (HddsVolumeChecker.java:checkAllVolumes(202)) - Scheduled health check for volume org.apache.hadoop.ozone.container.common.volume.HddsVolume@2764c546
2019-10-02 09:56:20,315 [main] INFO  impl.RaftServerProxy (ConfUtils.java:logGet(43)) - raft.rpc.type = GRPC (default)
2019-10-02 09:56:20,394 [main] INFO  grpc.GrpcFactory (GrpcFactory.java:checkPooledByteBufAllocatorUseCacheForAllThreads(45)) - PERFORMANCE WARNING: useCacheForAllThreads is true that may cause Netty to create a lot garbage objects and, as a result, trigger GC.
	It is recommended to disable useCacheForAllThreads by setting -Dorg.apache.ratis.thirdparty.io.netty.allocator.useCacheForAllThreads=false in command line.
2019-10-02 09:56:20,402 [main] INFO  grpc.GrpcConfigKeys$Server (ConfUtils.java:logGet(43)) - raft.grpc.server.port = 0 (default)
2019-10-02 09:56:20,404 [main] INFO  server.GrpcService (ConfUtils.java:logGet(43)) - raft.grpc.message.size.max = 33570816 (custom)
2019-10-02 09:56:20,406 [main] INFO  server.RaftServerConfigKeys (ConfUtils.java:logGet(43)) - raft.server.log.appender.buffer.byte-limit = 33554432 (custom)
2019-10-02 09:56:20,407 [main] INFO  server.GrpcService (ConfUtils.java:logGet(43)) - raft.grpc.flow.control.window = 1MB (=1048576) (default)
2019-10-02 09:56:20,408 [main] INFO  server.RaftServerConfigKeys (ConfUtils.java:logGet(43)) - raft.server.rpc.request.timeout = 3000ms (default)
2019-10-02 09:56:20,584 [main] INFO  server.RaftServerConfigKeys (ConfUtils.java:logGet(43)) - raft.server.storage.dir = [/workdir/hadoop-ozone/integration-test/target/test-dir/MiniOzoneClusterImpl-630da8fc-ec45-49cc-80b8-0e679c12a70a/datanode-0/data/ratis] (custom)
2019-10-02 09:56:20,635 [main] INFO  hdfs.DFSUtil (DFSUtil.java:httpServerTemplateForNNAndJN(1641)) - Starting Web-server for hddsDatanode at: http://0.0.0.0:0
2019-10-02 09:56:20,639 [main] INFO  server.AuthenticationFilter (AuthenticationFilter.java:constructSecretProvider(240)) - Unable to initialize FileSignerSecretProvider, falling back to use random secrets.
2019-10-02 09:56:20,640 [main] WARN  http.HttpRequestLog (HttpRequestLog.java:getRequestLog(97)) - Jetty request log can only be enabled using Log4j
2019-10-02 09:56:20,643 [main] INFO  http.HttpServer2 (HttpServer2.java:addGlobalFilter(975)) - Added global filter 'safety' (class=org.apache.hadoop.http.HttpServer2$QuotingInputFilter)
2019-10-02 09:56:20,644 [main] INFO  http.HttpServer2 (HttpServer2.java:addFilter(948)) - Added filter static_user_filter (class=org.apache.hadoop.http.lib.StaticUserWebFilter$StaticUserFilter) to context hddsDatanode
2019-10-02 09:56:20,644 [main] INFO  http.HttpServer2 (HttpServer2.java:addFilter(958)) - Added filter static_user_filter (class=org.apache.hadoop.http.lib.StaticUserWebFilter$StaticUserFilter) to context logs
2019-10-02 09:56:20,645 [main] INFO  http.HttpServer2 (HttpServer2.java:addFilter(958)) - Added filter static_user_filter (class=org.apache.hadoop.http.lib.StaticUserWebFilter$StaticUserFilter) to context static
2019-10-02 09:56:20,646 [main] INFO  http.HttpServer2 (HttpServer2.java:bindListener(1191)) - Jetty bound to port 44375
2019-10-02 09:56:20,647 [main] INFO  server.Server (Server.java:doStart(351)) - jetty-9.3.25.v20180904, build timestamp: 2018-09-04T21:11:46Z, git hash: 3ce520221d0240229c862b122d2b06c12a625732
2019-10-02 09:56:20,650 [main] INFO  handler.ContextHandler (ContextHandler.java:doStart(781)) - Started o.e.j.s.ServletContextHandler@9596ce8{/logs,file:///workdir/hadoop-ozone/integration-test/target/log,AVAILABLE}
2019-10-02 09:56:20,651 [main] INFO  handler.ContextHandler (ContextHandler.java:doStart(781)) - Started o.e.j.s.ServletContextHandler@70228253{/static,jar:file:/home/user/.m2/repository/org/apache/hadoop/hadoop-hdds-container-service/0.5.0-SNAPSHOT/hadoop-hdds-container-service-0.5.0-SNAPSHOT.jar!/webapps/static,AVAILABLE}
2019-10-02 09:56:20,705 [main] INFO  handler.ContextHandler (ContextHandler.java:doStart(781)) - Started o.e.j.w.WebAppContext@e84fb85{/,file:///tmp/jetty-0.0.0.0-44375-hddsDatanode-_-any-7208872322158365401.dir/webapp/,AVAILABLE}{/hddsDatanode}
2019-10-02 09:56:20,706 [main] INFO  server.AbstractConnector (AbstractConnector.java:doStart(278)) - Started ServerConnector@68a4dcc6{HTTP/1.1,[http/1.1]}{0.0.0.0:44375}
2019-10-02 09:56:20,707 [main] INFO  server.Server (Server.java:doStart(419)) - Started @5475ms
2019-10-02 09:56:20,707 [main] WARN  impl.MetricsSystemImpl (MetricsSystemImpl.java:register(276)) - Sink prometheus already exists!
2019-10-02 09:56:20,708 [main] INFO  server.BaseHttpServer (BaseHttpServer.java:updateConnectorAddress(215)) - HTTP server of HDDSDATANODE is listening at http://0.0.0.0:44375
2019-10-02 09:56:20,709 [main] INFO  impl.MetricsSystemImpl (MetricsSystemImpl.java:init(158)) - HddsDatanode metrics system started (again)
2019-10-02 09:56:20,713 [main] INFO  ozone.HddsDatanodeService (HddsDatanodeService.java:start(184)) - HddsDatanodeService host:pr-trunk-8bg6x-723665176 ip:192.168.5.178
2019-10-02 09:56:20,715 [org.apache.hadoop.util.JvmPauseMonitor$Monitor@bbfabd0] INFO  util.JvmPauseMonitor (JvmPauseMonitor.java:run(188)) - Starting JVM pause monitor
2019-10-02 09:56:20,721 [main] INFO  volume.HddsVolume (HddsVolume.java:<init>(176)) - Creating Volume: /workdir/hadoop-ozone/integration-test/target/test-dir/MiniOzoneClusterImpl-630da8fc-ec45-49cc-80b8-0e679c12a70a/datanode-1/data/containers/hdds of  storage type : DISK and capacity : 1482555576320
2019-10-02 09:56:20,721 [main] INFO  volume.VolumeSet (VolumeSet.java:initializeVolumeSet(170)) - Added Volume : /workdir/hadoop-ozone/integration-test/target/test-dir/MiniOzoneClusterImpl-630da8fc-ec45-49cc-80b8-0e679c12a70a/datanode-1/data/containers/hdds to VolumeSet
2019-10-02 09:56:20,722 [main] INFO  volume.ThrottledAsyncChecker (ThrottledAsyncChecker.java:schedule(139)) - Scheduling a check for org.apache.hadoop.ozone.container.common.volume.HddsVolume@15400fff
2019-10-02 09:56:20,723 [main] INFO  volume.HddsVolumeChecker (HddsVolumeChecker.java:checkAllVolumes(202)) - Scheduled health check for volume org.apache.hadoop.ozone.container.common.volume.HddsVolume@15400fff
2019-10-02 09:56:20,736 [main] INFO  impl.RaftServerProxy (ConfUtils.java:logGet(43)) - raft.rpc.type = GRPC (default)
2019-10-02 09:56:20,737 [main] INFO  grpc.GrpcFactory (GrpcFactory.java:checkPooledByteBufAllocatorUseCacheForAllThreads(45)) - PERFORMANCE WARNING: useCacheForAllThreads is true that may cause Netty to create a lot garbage objects and, as a result, trigger GC.
	It is recommended to disable useCacheForAllThreads by setting -Dorg.apache.ratis.thirdparty.io.netty.allocator.useCacheForAllThreads=false in command line.
2019-10-02 09:56:20,737 [main] INFO  grpc.GrpcConfigKeys$Server (ConfUtils.java:logGet(43)) - raft.grpc.server.port = 0 (default)
2019-10-02 09:56:20,737 [main] INFO  server.GrpcService (ConfUtils.java:logGet(43)) - raft.grpc.message.size.max = 33570816 (custom)
2019-10-02 09:56:20,737 [main] INFO  server.RaftServerConfigKeys (ConfUtils.java:logGet(43)) - raft.server.log.appender.buffer.byte-limit = 33554432 (custom)
2019-10-02 09:56:20,738 [main] INFO  server.GrpcService (ConfUtils.java:logGet(43)) - raft.grpc.flow.control.window = 1MB (=1048576) (default)
2019-10-02 09:56:20,738 [main] INFO  server.RaftServerConfigKeys (ConfUtils.java:logGet(43)) - raft.server.rpc.request.timeout = 3000ms (default)
2019-10-02 09:56:20,738 [main] INFO  server.RaftServerConfigKeys (ConfUtils.java:logGet(43)) - raft.server.storage.dir = [/workdir/hadoop-ozone/integration-test/target/test-dir/MiniOzoneClusterImpl-630da8fc-ec45-49cc-80b8-0e679c12a70a/datanode-1/data/ratis] (custom)
2019-10-02 09:56:20,740 [main] INFO  hdfs.DFSUtil (DFSUtil.java:httpServerTemplateForNNAndJN(1641)) - Starting Web-server for hddsDatanode at: http://0.0.0.0:0
2019-10-02 09:56:20,741 [main] INFO  server.AuthenticationFilter (AuthenticationFilter.java:constructSecretProvider(240)) - Unable to initialize FileSignerSecretProvider, falling back to use random secrets.
2019-10-02 09:56:20,742 [main] WARN  http.HttpRequestLog (HttpRequestLog.java:getRequestLog(97)) - Jetty request log can only be enabled using Log4j
2019-10-02 09:56:20,743 [main] INFO  http.HttpServer2 (HttpServer2.java:addGlobalFilter(975)) - Added global filter 'safety' (class=org.apache.hadoop.http.HttpServer2$QuotingInputFilter)
2019-10-02 09:56:20,744 [main] INFO  http.HttpServer2 (HttpServer2.java:addFilter(948)) - Added filter static_user_filter (class=org.apache.hadoop.http.lib.StaticUserWebFilter$StaticUserFilter) to context hddsDatanode
2019-10-02 09:56:20,744 [main] INFO  http.HttpServer2 (HttpServer2.java:addFilter(958)) - Added filter static_user_filter (class=org.apache.hadoop.http.lib.StaticUserWebFilter$StaticUserFilter) to context logs
2019-10-02 09:56:20,744 [main] INFO  http.HttpServer2 (HttpServer2.java:addFilter(958)) - Added filter static_user_filter (class=org.apache.hadoop.http.lib.StaticUserWebFilter$StaticUserFilter) to context static
2019-10-02 09:56:20,745 [main] INFO  http.HttpServer2 (HttpServer2.java:bindListener(1191)) - Jetty bound to port 34351
2019-10-02 09:56:20,745 [main] INFO  server.Server (Server.java:doStart(351)) - jetty-9.3.25.v20180904, build timestamp: 2018-09-04T21:11:46Z, git hash: 3ce520221d0240229c862b122d2b06c12a625732
2019-10-02 09:56:20,752 [main] INFO  handler.ContextHandler (ContextHandler.java:doStart(781)) - Started o.e.j.s.ServletContextHandler@56a4f272{/logs,file:///workdir/hadoop-ozone/integration-test/target/log,AVAILABLE}
2019-10-02 09:56:20,753 [main] INFO  handler.ContextHandler (ContextHandler.java:doStart(781)) - Started o.e.j.s.ServletContextHandler@79b84841{/static,jar:file:/home/user/.m2/repository/org/apache/hadoop/hadoop-hdds-container-service/0.5.0-SNAPSHOT/hadoop-hdds-container-service-0.5.0-SNAPSHOT.jar!/webapps/static,AVAILABLE}
2019-10-02 09:56:20,782 [main] INFO  handler.ContextHandler (ContextHandler.java:doStart(781)) - Started o.e.j.w.WebAppContext@467b684d{/,file:///tmp/jetty-0.0.0.0-34351-hddsDatanode-_-any-614678127626593326.dir/webapp/,AVAILABLE}{/hddsDatanode}
2019-10-02 09:56:20,782 [main] INFO  server.AbstractConnector (AbstractConnector.java:doStart(278)) - Started ServerConnector@7baf1f5a{HTTP/1.1,[http/1.1]}{0.0.0.0:34351}
2019-10-02 09:56:20,783 [main] INFO  server.Server (Server.java:doStart(419)) - Started @5551ms
2019-10-02 09:56:20,784 [main] WARN  impl.MetricsSystemImpl (MetricsSystemImpl.java:register(276)) - Sink prometheus already exists!
2019-10-02 09:56:20,785 [main] INFO  server.BaseHttpServer (BaseHttpServer.java:updateConnectorAddress(215)) - HTTP server of HDDSDATANODE is listening at http://0.0.0.0:34351
2019-10-02 09:56:20,785 [main] INFO  impl.MetricsSystemImpl (MetricsSystemImpl.java:init(158)) - HddsDatanode metrics system started (again)
2019-10-02 09:56:20,788 [main] INFO  ozone.HddsDatanodeService (HddsDatanodeService.java:start(184)) - HddsDatanodeService host:pr-trunk-8bg6x-723665176 ip:192.168.5.178
2019-10-02 09:56:20,788 [org.apache.hadoop.util.JvmPauseMonitor$Monitor@592d44a3] INFO  util.JvmPauseMonitor (JvmPauseMonitor.java:run(188)) - Starting JVM pause monitor
2019-10-02 09:56:20,796 [main] INFO  volume.HddsVolume (HddsVolume.java:<init>(176)) - Creating Volume: /workdir/hadoop-ozone/integration-test/target/test-dir/MiniOzoneClusterImpl-630da8fc-ec45-49cc-80b8-0e679c12a70a/datanode-2/data/containers/hdds of  storage type : DISK and capacity : 1482555576320
2019-10-02 09:56:20,797 [main] INFO  volume.VolumeSet (VolumeSet.java:initializeVolumeSet(170)) - Added Volume : /workdir/hadoop-ozone/integration-test/target/test-dir/MiniOzoneClusterImpl-630da8fc-ec45-49cc-80b8-0e679c12a70a/datanode-2/data/containers/hdds to VolumeSet
2019-10-02 09:56:20,797 [main] INFO  volume.ThrottledAsyncChecker (ThrottledAsyncChecker.java:schedule(139)) - Scheduling a check for org.apache.hadoop.ozone.container.common.volume.HddsVolume@2e66bc32
2019-10-02 09:56:20,798 [main] INFO  volume.HddsVolumeChecker (HddsVolumeChecker.java:checkAllVolumes(202)) - Scheduled health check for volume org.apache.hadoop.ozone.container.common.volume.HddsVolume@2e66bc32
2019-10-02 09:56:20,812 [main] INFO  impl.RaftServerProxy (ConfUtils.java:logGet(43)) - raft.rpc.type = GRPC (default)
2019-10-02 09:56:20,812 [main] INFO  grpc.GrpcFactory (GrpcFactory.java:checkPooledByteBufAllocatorUseCacheForAllThreads(45)) - PERFORMANCE WARNING: useCacheForAllThreads is true that may cause Netty to create a lot garbage objects and, as a result, trigger GC.
	It is recommended to disable useCacheForAllThreads by setting -Dorg.apache.ratis.thirdparty.io.netty.allocator.useCacheForAllThreads=false in command line.
2019-10-02 09:56:20,812 [main] INFO  grpc.GrpcConfigKeys$Server (ConfUtils.java:logGet(43)) - raft.grpc.server.port = 0 (default)
2019-10-02 09:56:20,813 [main] INFO  server.GrpcService (ConfUtils.java:logGet(43)) - raft.grpc.message.size.max = 33570816 (custom)
2019-10-02 09:56:20,813 [main] INFO  server.RaftServerConfigKeys (ConfUtils.java:logGet(43)) - raft.server.log.appender.buffer.byte-limit = 33554432 (custom)
2019-10-02 09:56:20,813 [main] INFO  server.GrpcService (ConfUtils.java:logGet(43)) - raft.grpc.flow.control.window = 1MB (=1048576) (default)
2019-10-02 09:56:20,813 [main] INFO  server.RaftServerConfigKeys (ConfUtils.java:logGet(43)) - raft.server.rpc.request.timeout = 3000ms (default)
2019-10-02 09:56:20,814 [main] INFO  server.RaftServerConfigKeys (ConfUtils.java:logGet(43)) - raft.server.storage.dir = [/workdir/hadoop-ozone/integration-test/target/test-dir/MiniOzoneClusterImpl-630da8fc-ec45-49cc-80b8-0e679c12a70a/datanode-2/data/ratis] (custom)
2019-10-02 09:56:20,816 [main] INFO  hdfs.DFSUtil (DFSUtil.java:httpServerTemplateForNNAndJN(1641)) - Starting Web-server for hddsDatanode at: http://0.0.0.0:0
2019-10-02 09:56:20,817 [main] INFO  server.AuthenticationFilter (AuthenticationFilter.java:constructSecretProvider(240)) - Unable to initialize FileSignerSecretProvider, falling back to use random secrets.
2019-10-02 09:56:20,818 [main] WARN  http.HttpRequestLog (HttpRequestLog.java:getRequestLog(97)) - Jetty request log can only be enabled using Log4j
2019-10-02 09:56:20,819 [main] INFO  http.HttpServer2 (HttpServer2.java:addGlobalFilter(975)) - Added global filter 'safety' (class=org.apache.hadoop.http.HttpServer2$QuotingInputFilter)
2019-10-02 09:56:20,820 [main] INFO  http.HttpServer2 (HttpServer2.java:addFilter(948)) - Added filter static_user_filter (class=org.apache.hadoop.http.lib.StaticUserWebFilter$StaticUserFilter) to context hddsDatanode
2019-10-02 09:56:20,820 [main] INFO  http.HttpServer2 (HttpServer2.java:addFilter(958)) - Added filter static_user_filter (class=org.apache.hadoop.http.lib.StaticUserWebFilter$StaticUserFilter) to context static
2019-10-02 09:56:20,820 [main] INFO  http.HttpServer2 (HttpServer2.java:addFilter(958)) - Added filter static_user_filter (class=org.apache.hadoop.http.lib.StaticUserWebFilter$StaticUserFilter) to context logs
2019-10-02 09:56:20,821 [main] INFO  http.HttpServer2 (HttpServer2.java:bindListener(1191)) - Jetty bound to port 46743
2019-10-02 09:56:20,821 [main] INFO  server.Server (Server.java:doStart(351)) - jetty-9.3.25.v20180904, build timestamp: 2018-09-04T21:11:46Z, git hash: 3ce520221d0240229c862b122d2b06c12a625732
2019-10-02 09:56:20,823 [main] INFO  handler.ContextHandler (ContextHandler.java:doStart(781)) - Started o.e.j.s.ServletContextHandler@b52b755{/logs,file:///workdir/hadoop-ozone/integration-test/target/log,AVAILABLE}
2019-10-02 09:56:20,824 [main] INFO  handler.ContextHandler (ContextHandler.java:doStart(781)) - Started o.e.j.s.ServletContextHandler@40e37b06{/static,jar:file:/home/user/.m2/repository/org/apache/hadoop/hadoop-hdds-container-service/0.5.0-SNAPSHOT/hadoop-hdds-container-service-0.5.0-SNAPSHOT.jar!/webapps/static,AVAILABLE}
2019-10-02 09:56:20,855 [main] INFO  handler.ContextHandler (ContextHandler.java:doStart(781)) - Started o.e.j.w.WebAppContext@36c2b646{/,file:///tmp/jetty-0.0.0.0-46743-hddsDatanode-_-any-6445018638032950179.dir/webapp/,AVAILABLE}{/hddsDatanode}
2019-10-02 09:56:20,858 [main] INFO  server.AbstractConnector (AbstractConnector.java:doStart(278)) - Started ServerConnector@434514d8{HTTP/1.1,[http/1.1]}{0.0.0.0:46743}
2019-10-02 09:56:20,860 [main] INFO  server.Server (Server.java:doStart(419)) - Started @5628ms
2019-10-02 09:56:20,860 [main] WARN  impl.MetricsSystemImpl (MetricsSystemImpl.java:register(276)) - Sink prometheus already exists!
2019-10-02 09:56:20,861 [main] INFO  server.BaseHttpServer (BaseHttpServer.java:updateConnectorAddress(215)) - HTTP server of HDDSDATANODE is listening at http://0.0.0.0:46743
2019-10-02 09:56:20,861 [main] INFO  impl.MetricsSystemImpl (MetricsSystemImpl.java:init(158)) - HddsDatanode metrics system started (again)
2019-10-02 09:56:20,865 [org.apache.hadoop.util.JvmPauseMonitor$Monitor@38e22b8b] INFO  util.JvmPauseMonitor (JvmPauseMonitor.java:run(188)) - Starting JVM pause monitor
2019-10-02 09:56:20,865 [main] INFO  ozone.HddsDatanodeService (HddsDatanodeService.java:start(184)) - HddsDatanodeService host:pr-trunk-8bg6x-723665176 ip:192.168.5.178
2019-10-02 09:56:20,869 [Datanode State Machine Thread - 0] INFO  datanode.InitDatanodeState (InitDatanodeState.java:persistContainerDatanodeDetails(140)) - DatanodeDetails is persisted to /workdir/hadoop-ozone/integration-test/target/test-dir/MiniOzoneClusterImpl-630da8fc-ec45-49cc-80b8-0e679c12a70a/datanode-0/meta/datanode.id
2019-10-02 09:56:20,876 [main] INFO  volume.HddsVolume (HddsVolume.java:<init>(176)) - Creating Volume: /workdir/hadoop-ozone/integration-test/target/test-dir/MiniOzoneClusterImpl-630da8fc-ec45-49cc-80b8-0e679c12a70a/datanode-3/data/containers/hdds of  storage type : DISK and capacity : 1482555576320
2019-10-02 09:56:20,876 [main] INFO  volume.VolumeSet (VolumeSet.java:initializeVolumeSet(170)) - Added Volume : /workdir/hadoop-ozone/integration-test/target/test-dir/MiniOzoneClusterImpl-630da8fc-ec45-49cc-80b8-0e679c12a70a/datanode-3/data/containers/hdds to VolumeSet
2019-10-02 09:56:20,877 [main] INFO  volume.ThrottledAsyncChecker (ThrottledAsyncChecker.java:schedule(139)) - Scheduling a check for org.apache.hadoop.ozone.container.common.volume.HddsVolume@53b7ce6
2019-10-02 09:56:20,877 [main] INFO  volume.HddsVolumeChecker (HddsVolumeChecker.java:checkAllVolumes(202)) - Scheduled health check for volume org.apache.hadoop.ozone.container.common.volume.HddsVolume@53b7ce6
2019-10-02 09:56:20,878 [Datanode State Machine Thread - 0] INFO  datanode.InitDatanodeState (InitDatanodeState.java:persistContainerDatanodeDetails(140)) - DatanodeDetails is persisted to /workdir/hadoop-ozone/integration-test/target/test-dir/MiniOzoneClusterImpl-630da8fc-ec45-49cc-80b8-0e679c12a70a/datanode-2/meta/datanode.id
2019-10-02 09:56:20,880 [Datanode State Machine Thread - 0] INFO  datanode.InitDatanodeState (InitDatanodeState.java:persistContainerDatanodeDetails(140)) - DatanodeDetails is persisted to /workdir/hadoop-ozone/integration-test/target/test-dir/MiniOzoneClusterImpl-630da8fc-ec45-49cc-80b8-0e679c12a70a/datanode-1/meta/datanode.id
2019-10-02 09:56:20,891 [main] INFO  impl.RaftServerProxy (ConfUtils.java:logGet(43)) - raft.rpc.type = GRPC (default)
2019-10-02 09:56:20,891 [main] INFO  grpc.GrpcFactory (GrpcFactory.java:checkPooledByteBufAllocatorUseCacheForAllThreads(45)) - PERFORMANCE WARNING: useCacheForAllThreads is true that may cause Netty to create a lot garbage objects and, as a result, trigger GC.
	It is recommended to disable useCacheForAllThreads by setting -Dorg.apache.ratis.thirdparty.io.netty.allocator.useCacheForAllThreads=false in command line.
2019-10-02 09:56:20,891 [main] INFO  grpc.GrpcConfigKeys$Server (ConfUtils.java:logGet(43)) - raft.grpc.server.port = 0 (default)
2019-10-02 09:56:20,891 [main] INFO  server.GrpcService (ConfUtils.java:logGet(43)) - raft.grpc.message.size.max = 33570816 (custom)
2019-10-02 09:56:20,892 [main] INFO  server.RaftServerConfigKeys (ConfUtils.java:logGet(43)) - raft.server.log.appender.buffer.byte-limit = 33554432 (custom)
2019-10-02 09:56:20,892 [main] INFO  server.GrpcService (ConfUtils.java:logGet(43)) - raft.grpc.flow.control.window = 1MB (=1048576) (default)
2019-10-02 09:56:20,892 [main] INFO  server.RaftServerConfigKeys (ConfUtils.java:logGet(43)) - raft.server.rpc.request.timeout = 3000ms (default)
2019-10-02 09:56:20,893 [main] INFO  server.RaftServerConfigKeys (ConfUtils.java:logGet(43)) - raft.server.storage.dir = [/workdir/hadoop-ozone/integration-test/target/test-dir/MiniOzoneClusterImpl-630da8fc-ec45-49cc-80b8-0e679c12a70a/datanode-3/data/ratis] (custom)
2019-10-02 09:56:20,894 [main] INFO  hdfs.DFSUtil (DFSUtil.java:httpServerTemplateForNNAndJN(1641)) - Starting Web-server for hddsDatanode at: http://0.0.0.0:0
2019-10-02 09:56:20,895 [main] INFO  server.AuthenticationFilter (AuthenticationFilter.java:constructSecretProvider(240)) - Unable to initialize FileSignerSecretProvider, falling back to use random secrets.
2019-10-02 09:56:20,896 [main] WARN  http.HttpRequestLog (HttpRequestLog.java:getRequestLog(97)) - Jetty request log can only be enabled using Log4j
2019-10-02 09:56:20,897 [main] INFO  http.HttpServer2 (HttpServer2.java:addGlobalFilter(975)) - Added global filter 'safety' (class=org.apache.hadoop.http.HttpServer2$QuotingInputFilter)
2019-10-02 09:56:20,898 [main] INFO  http.HttpServer2 (HttpServer2.java:addFilter(948)) - Added filter static_user_filter (class=org.apache.hadoop.http.lib.StaticUserWebFilter$StaticUserFilter) to context hddsDatanode
2019-10-02 09:56:20,898 [main] INFO  http.HttpServer2 (HttpServer2.java:addFilter(958)) - Added filter static_user_filter (class=org.apache.hadoop.http.lib.StaticUserWebFilter$StaticUserFilter) to context logs
2019-10-02 09:56:20,898 [main] INFO  http.HttpServer2 (HttpServer2.java:addFilter(958)) - Added filter static_user_filter (class=org.apache.hadoop.http.lib.StaticUserWebFilter$StaticUserFilter) to context static
2019-10-02 09:56:20,899 [main] INFO  http.HttpServer2 (HttpServer2.java:bindListener(1191)) - Jetty bound to port 37284
2019-10-02 09:56:20,899 [main] INFO  server.Server (Server.java:doStart(351)) - jetty-9.3.25.v20180904, build timestamp: 2018-09-04T21:11:46Z, git hash: 3ce520221d0240229c862b122d2b06c12a625732
2019-10-02 09:56:20,905 [main] INFO  handler.ContextHandler (ContextHandler.java:doStart(781)) - Started o.e.j.s.ServletContextHandler@54e2fe{/logs,file:///workdir/hadoop-ozone/integration-test/target/log,AVAILABLE}
2019-10-02 09:56:20,906 [main] INFO  handler.ContextHandler (ContextHandler.java:doStart(781)) - Started o.e.j.s.ServletContextHandler@119aa36{/static,jar:file:/home/user/.m2/repository/org/apache/hadoop/hadoop-hdds-container-service/0.5.0-SNAPSHOT/hadoop-hdds-container-service-0.5.0-SNAPSHOT.jar!/webapps/static,AVAILABLE}
2019-10-02 09:56:20,935 [main] INFO  handler.ContextHandler (ContextHandler.java:doStart(781)) - Started o.e.j.w.WebAppContext@411c6d44{/,file:///tmp/jetty-0.0.0.0-37284-hddsDatanode-_-any-3028038964374486182.dir/webapp/,AVAILABLE}{/hddsDatanode}
2019-10-02 09:56:20,935 [main] INFO  server.AbstractConnector (AbstractConnector.java:doStart(278)) - Started ServerConnector@1687eb01{HTTP/1.1,[http/1.1]}{0.0.0.0:37284}
2019-10-02 09:56:20,937 [main] INFO  server.Server (Server.java:doStart(419)) - Started @5705ms
2019-10-02 09:56:20,938 [main] WARN  impl.MetricsSystemImpl (MetricsSystemImpl.java:register(276)) - Sink prometheus already exists!
2019-10-02 09:56:20,939 [main] INFO  server.BaseHttpServer (BaseHttpServer.java:updateConnectorAddress(215)) - HTTP server of HDDSDATANODE is listening at http://0.0.0.0:37284
2019-10-02 09:56:20,939 [main] INFO  impl.MetricsSystemImpl (MetricsSystemImpl.java:init(158)) - HddsDatanode metrics system started (again)
2019-10-02 09:56:20,942 [org.apache.hadoop.util.JvmPauseMonitor$Monitor@10064a0e] INFO  util.JvmPauseMonitor (JvmPauseMonitor.java:run(188)) - Starting JVM pause monitor
2019-10-02 09:56:20,943 [main] INFO  ozone.HddsDatanodeService (HddsDatanodeService.java:start(184)) - HddsDatanodeService host:pr-trunk-8bg6x-723665176 ip:192.168.5.178
2019-10-02 09:56:20,946 [Datanode State Machine Thread - 0] INFO  datanode.InitDatanodeState (InitDatanodeState.java:persistContainerDatanodeDetails(140)) - DatanodeDetails is persisted to /workdir/hadoop-ozone/integration-test/target/test-dir/MiniOzoneClusterImpl-630da8fc-ec45-49cc-80b8-0e679c12a70a/datanode-3/meta/datanode.id
2019-10-02 09:56:20,952 [main] INFO  volume.HddsVolume (HddsVolume.java:<init>(176)) - Creating Volume: /workdir/hadoop-ozone/integration-test/target/test-dir/MiniOzoneClusterImpl-630da8fc-ec45-49cc-80b8-0e679c12a70a/datanode-4/data/containers/hdds of  storage type : DISK and capacity : 1482555576320
2019-10-02 09:56:20,952 [main] INFO  volume.VolumeSet (VolumeSet.java:initializeVolumeSet(170)) - Added Volume : /workdir/hadoop-ozone/integration-test/target/test-dir/MiniOzoneClusterImpl-630da8fc-ec45-49cc-80b8-0e679c12a70a/datanode-4/data/containers/hdds to VolumeSet
2019-10-02 09:56:20,952 [main] INFO  volume.ThrottledAsyncChecker (ThrottledAsyncChecker.java:schedule(139)) - Scheduling a check for org.apache.hadoop.ozone.container.common.volume.HddsVolume@22eaa86e
2019-10-02 09:56:20,953 [main] INFO  volume.HddsVolumeChecker (HddsVolumeChecker.java:checkAllVolumes(202)) - Scheduled health check for volume org.apache.hadoop.ozone.container.common.volume.HddsVolume@22eaa86e
2019-10-02 09:56:20,972 [main] INFO  impl.RaftServerProxy (ConfUtils.java:logGet(43)) - raft.rpc.type = GRPC (default)
2019-10-02 09:56:20,973 [main] INFO  grpc.GrpcFactory (GrpcFactory.java:checkPooledByteBufAllocatorUseCacheForAllThreads(45)) - PERFORMANCE WARNING: useCacheForAllThreads is true that may cause Netty to create a lot garbage objects and, as a result, trigger GC.
	It is recommended to disable useCacheForAllThreads by setting -Dorg.apache.ratis.thirdparty.io.netty.allocator.useCacheForAllThreads=false in command line.
2019-10-02 09:56:20,973 [main] INFO  grpc.GrpcConfigKeys$Server (ConfUtils.java:logGet(43)) - raft.grpc.server.port = 0 (default)
2019-10-02 09:56:20,973 [main] INFO  server.GrpcService (ConfUtils.java:logGet(43)) - raft.grpc.message.size.max = 33570816 (custom)
2019-10-02 09:56:20,973 [main] INFO  server.RaftServerConfigKeys (ConfUtils.java:logGet(43)) - raft.server.log.appender.buffer.byte-limit = 33554432 (custom)
2019-10-02 09:56:20,974 [main] INFO  server.GrpcService (ConfUtils.java:logGet(43)) - raft.grpc.flow.control.window = 1MB (=1048576) (default)
2019-10-02 09:56:20,974 [main] INFO  server.RaftServerConfigKeys (ConfUtils.java:logGet(43)) - raft.server.rpc.request.timeout = 3000ms (default)
2019-10-02 09:56:20,974 [main] INFO  server.RaftServerConfigKeys (ConfUtils.java:logGet(43)) - raft.server.storage.dir = [/workdir/hadoop-ozone/integration-test/target/test-dir/MiniOzoneClusterImpl-630da8fc-ec45-49cc-80b8-0e679c12a70a/datanode-4/data/ratis] (custom)
2019-10-02 09:56:20,976 [main] INFO  hdfs.DFSUtil (DFSUtil.java:httpServerTemplateForNNAndJN(1641)) - Starting Web-server for hddsDatanode at: http://0.0.0.0:0
2019-10-02 09:56:20,977 [main] INFO  server.AuthenticationFilter (AuthenticationFilter.java:constructSecretProvider(240)) - Unable to initialize FileSignerSecretProvider, falling back to use random secrets.
2019-10-02 09:56:20,978 [main] WARN  http.HttpRequestLog (HttpRequestLog.java:getRequestLog(97)) - Jetty request log can only be enabled using Log4j
2019-10-02 09:56:20,979 [main] INFO  http.HttpServer2 (HttpServer2.java:addGlobalFilter(975)) - Added global filter 'safety' (class=org.apache.hadoop.http.HttpServer2$QuotingInputFilter)
2019-10-02 09:56:20,980 [main] INFO  http.HttpServer2 (HttpServer2.java:addFilter(948)) - Added filter static_user_filter (class=org.apache.hadoop.http.lib.StaticUserWebFilter$StaticUserFilter) to context hddsDatanode
2019-10-02 09:56:20,980 [main] INFO  http.HttpServer2 (HttpServer2.java:addFilter(958)) - Added filter static_user_filter (class=org.apache.hadoop.http.lib.StaticUserWebFilter$StaticUserFilter) to context logs
2019-10-02 09:56:20,980 [main] INFO  http.HttpServer2 (HttpServer2.java:addFilter(958)) - Added filter static_user_filter (class=org.apache.hadoop.http.lib.StaticUserWebFilter$StaticUserFilter) to context static
2019-10-02 09:56:20,981 [main] INFO  http.HttpServer2 (HttpServer2.java:bindListener(1191)) - Jetty bound to port 33594
2019-10-02 09:56:20,981 [main] INFO  server.Server (Server.java:doStart(351)) - jetty-9.3.25.v20180904, build timestamp: 2018-09-04T21:11:46Z, git hash: 3ce520221d0240229c862b122d2b06c12a625732
2019-10-02 09:56:20,983 [main] INFO  handler.ContextHandler (ContextHandler.java:doStart(781)) - Started o.e.j.s.ServletContextHandler@3bd2af5b{/logs,file:///workdir/hadoop-ozone/integration-test/target/log,AVAILABLE}
2019-10-02 09:56:20,984 [main] INFO  handler.ContextHandler (ContextHandler.java:doStart(781)) - Started o.e.j.s.ServletContextHandler@75d982d3{/static,jar:file:/home/user/.m2/repository/org/apache/hadoop/hadoop-hdds-container-service/0.5.0-SNAPSHOT/hadoop-hdds-container-service-0.5.0-SNAPSHOT.jar!/webapps/static,AVAILABLE}
2019-10-02 09:56:21,012 [main] INFO  handler.ContextHandler (ContextHandler.java:doStart(781)) - Started o.e.j.w.WebAppContext@74ea46e2{/,file:///tmp/jetty-0.0.0.0-33594-hddsDatanode-_-any-5852161387942717135.dir/webapp/,AVAILABLE}{/hddsDatanode}
2019-10-02 09:56:21,013 [main] INFO  server.AbstractConnector (AbstractConnector.java:doStart(278)) - Started ServerConnector@6f911326{HTTP/1.1,[http/1.1]}{0.0.0.0:33594}
2019-10-02 09:56:21,014 [main] INFO  server.Server (Server.java:doStart(419)) - Started @5782ms
2019-10-02 09:56:21,019 [main] WARN  impl.MetricsSystemImpl (MetricsSystemImpl.java:register(276)) - Sink prometheus already exists!
2019-10-02 09:56:21,020 [main] INFO  server.BaseHttpServer (BaseHttpServer.java:updateConnectorAddress(215)) - HTTP server of HDDSDATANODE is listening at http://0.0.0.0:33594
2019-10-02 09:56:21,021 [main] INFO  impl.MetricsSystemImpl (MetricsSystemImpl.java:init(158)) - HddsDatanode metrics system started (again)
2019-10-02 09:56:21,024 [main] INFO  ozone.HddsDatanodeService (HddsDatanodeService.java:start(184)) - HddsDatanodeService host:pr-trunk-8bg6x-723665176 ip:192.168.5.178
2019-10-02 09:56:21,024 [org.apache.hadoop.util.JvmPauseMonitor$Monitor@2af167d7] INFO  util.JvmPauseMonitor (JvmPauseMonitor.java:run(188)) - Starting JVM pause monitor
2019-10-02 09:56:21,028 [Datanode State Machine Thread - 0] INFO  datanode.InitDatanodeState (InitDatanodeState.java:persistContainerDatanodeDetails(140)) - DatanodeDetails is persisted to /workdir/hadoop-ozone/integration-test/target/test-dir/MiniOzoneClusterImpl-630da8fc-ec45-49cc-80b8-0e679c12a70a/datanode-4/meta/datanode.id
2019-10-02 09:56:21,032 [main] INFO  volume.HddsVolume (HddsVolume.java:<init>(176)) - Creating Volume: /workdir/hadoop-ozone/integration-test/target/test-dir/MiniOzoneClusterImpl-630da8fc-ec45-49cc-80b8-0e679c12a70a/datanode-5/data/containers/hdds of  storage type : DISK and capacity : 1482555576320
2019-10-02 09:56:21,032 [main] INFO  volume.VolumeSet (VolumeSet.java:initializeVolumeSet(170)) - Added Volume : /workdir/hadoop-ozone/integration-test/target/test-dir/MiniOzoneClusterImpl-630da8fc-ec45-49cc-80b8-0e679c12a70a/datanode-5/data/containers/hdds to VolumeSet
2019-10-02 09:56:21,032 [main] INFO  volume.ThrottledAsyncChecker (ThrottledAsyncChecker.java:schedule(139)) - Scheduling a check for org.apache.hadoop.ozone.container.common.volume.HddsVolume@117d32e
2019-10-02 09:56:21,033 [main] INFO  volume.HddsVolumeChecker (HddsVolumeChecker.java:checkAllVolumes(202)) - Scheduled health check for volume org.apache.hadoop.ozone.container.common.volume.HddsVolume@117d32e
2019-10-02 09:56:21,054 [main] INFO  impl.RaftServerProxy (ConfUtils.java:logGet(43)) - raft.rpc.type = GRPC (default)
2019-10-02 09:56:21,055 [main] INFO  grpc.GrpcFactory (GrpcFactory.java:checkPooledByteBufAllocatorUseCacheForAllThreads(45)) - PERFORMANCE WARNING: useCacheForAllThreads is true that may cause Netty to create a lot garbage objects and, as a result, trigger GC.
	It is recommended to disable useCacheForAllThreads by setting -Dorg.apache.ratis.thirdparty.io.netty.allocator.useCacheForAllThreads=false in command line.
2019-10-02 09:56:21,055 [main] INFO  grpc.GrpcConfigKeys$Server (ConfUtils.java:logGet(43)) - raft.grpc.server.port = 0 (default)
2019-10-02 09:56:21,056 [main] INFO  server.GrpcService (ConfUtils.java:logGet(43)) - raft.grpc.message.size.max = 33570816 (custom)
2019-10-02 09:56:21,056 [main] INFO  server.RaftServerConfigKeys (ConfUtils.java:logGet(43)) - raft.server.log.appender.buffer.byte-limit = 33554432 (custom)
2019-10-02 09:56:21,056 [main] INFO  server.GrpcService (ConfUtils.java:logGet(43)) - raft.grpc.flow.control.window = 1MB (=1048576) (default)
2019-10-02 09:56:21,057 [main] INFO  server.RaftServerConfigKeys (ConfUtils.java:logGet(43)) - raft.server.rpc.request.timeout = 3000ms (default)
2019-10-02 09:56:21,058 [main] INFO  server.RaftServerConfigKeys (ConfUtils.java:logGet(43)) - raft.server.storage.dir = [/workdir/hadoop-ozone/integration-test/target/test-dir/MiniOzoneClusterImpl-630da8fc-ec45-49cc-80b8-0e679c12a70a/datanode-5/data/ratis] (custom)
2019-10-02 09:56:21,060 [main] INFO  hdfs.DFSUtil (DFSUtil.java:httpServerTemplateForNNAndJN(1641)) - Starting Web-server for hddsDatanode at: http://0.0.0.0:0
2019-10-02 09:56:21,061 [main] INFO  server.AuthenticationFilter (AuthenticationFilter.java:constructSecretProvider(240)) - Unable to initialize FileSignerSecretProvider, falling back to use random secrets.
2019-10-02 09:56:21,062 [main] WARN  http.HttpRequestLog (HttpRequestLog.java:getRequestLog(97)) - Jetty request log can only be enabled using Log4j
2019-10-02 09:56:21,063 [main] INFO  http.HttpServer2 (HttpServer2.java:addGlobalFilter(975)) - Added global filter 'safety' (class=org.apache.hadoop.http.HttpServer2$QuotingInputFilter)
2019-10-02 09:56:21,064 [main] INFO  http.HttpServer2 (HttpServer2.java:addFilter(948)) - Added filter static_user_filter (class=org.apache.hadoop.http.lib.StaticUserWebFilter$StaticUserFilter) to context hddsDatanode
2019-10-02 09:56:21,064 [main] INFO  http.HttpServer2 (HttpServer2.java:addFilter(958)) - Added filter static_user_filter (class=org.apache.hadoop.http.lib.StaticUserWebFilter$StaticUserFilter) to context logs
2019-10-02 09:56:21,065 [main] INFO  http.HttpServer2 (HttpServer2.java:addFilter(958)) - Added filter static_user_filter (class=org.apache.hadoop.http.lib.StaticUserWebFilter$StaticUserFilter) to context static
2019-10-02 09:56:21,065 [main] INFO  http.HttpServer2 (HttpServer2.java:bindListener(1191)) - Jetty bound to port 35126
2019-10-02 09:56:21,066 [main] INFO  server.Server (Server.java:doStart(351)) - jetty-9.3.25.v20180904, build timestamp: 2018-09-04T21:11:46Z, git hash: 3ce520221d0240229c862b122d2b06c12a625732
2019-10-02 09:56:21,067 [main] INFO  handler.ContextHandler (ContextHandler.java:doStart(781)) - Started o.e.j.s.ServletContextHandler@181d8899{/logs,file:///workdir/hadoop-ozone/integration-test/target/log,AVAILABLE}
2019-10-02 09:56:21,068 [main] INFO  handler.ContextHandler (ContextHandler.java:doStart(781)) - Started o.e.j.s.ServletContextHandler@b887730{/static,jar:file:/home/user/.m2/repository/org/apache/hadoop/hadoop-hdds-container-service/0.5.0-SNAPSHOT/hadoop-hdds-container-service-0.5.0-SNAPSHOT.jar!/webapps/static,AVAILABLE}
2019-10-02 09:56:21,098 [main] INFO  handler.ContextHandler (ContextHandler.java:doStart(781)) - Started o.e.j.w.WebAppContext@7ab34619{/,file:///tmp/jetty-0.0.0.0-35126-hddsDatanode-_-any-771032940265046080.dir/webapp/,AVAILABLE}{/hddsDatanode}
2019-10-02 09:56:21,100 [main] INFO  server.AbstractConnector (AbstractConnector.java:doStart(278)) - Started ServerConnector@ae2db25{HTTP/1.1,[http/1.1]}{0.0.0.0:35126}
2019-10-02 09:56:21,100 [main] INFO  server.Server (Server.java:doStart(419)) - Started @5868ms
2019-10-02 09:56:21,100 [main] WARN  impl.MetricsSystemImpl (MetricsSystemImpl.java:register(276)) - Sink prometheus already exists!
2019-10-02 09:56:21,101 [main] INFO  server.BaseHttpServer (BaseHttpServer.java:updateConnectorAddress(215)) - HTTP server of HDDSDATANODE is listening at http://0.0.0.0:35126
2019-10-02 09:56:21,101 [main] INFO  impl.MetricsSystemImpl (MetricsSystemImpl.java:init(158)) - HddsDatanode metrics system started (again)
2019-10-02 09:56:21,105 [org.apache.hadoop.util.JvmPauseMonitor$Monitor@59f3a51] INFO  util.JvmPauseMonitor (JvmPauseMonitor.java:run(188)) - Starting JVM pause monitor
2019-10-02 09:56:21,106 [main] INFO  ozone.HddsDatanodeService (HddsDatanodeService.java:start(184)) - HddsDatanodeService host:pr-trunk-8bg6x-723665176 ip:192.168.5.178
2019-10-02 09:56:21,108 [Datanode State Machine Thread - 0] INFO  datanode.InitDatanodeState (InitDatanodeState.java:persistContainerDatanodeDetails(140)) - DatanodeDetails is persisted to /workdir/hadoop-ozone/integration-test/target/test-dir/MiniOzoneClusterImpl-630da8fc-ec45-49cc-80b8-0e679c12a70a/datanode-5/meta/datanode.id
2019-10-02 09:56:21,114 [main] INFO  volume.HddsVolume (HddsVolume.java:<init>(176)) - Creating Volume: /workdir/hadoop-ozone/integration-test/target/test-dir/MiniOzoneClusterImpl-630da8fc-ec45-49cc-80b8-0e679c12a70a/datanode-6/data/containers/hdds of  storage type : DISK and capacity : 1482555576320
2019-10-02 09:56:21,115 [main] INFO  volume.VolumeSet (VolumeSet.java:initializeVolumeSet(170)) - Added Volume : /workdir/hadoop-ozone/integration-test/target/test-dir/MiniOzoneClusterImpl-630da8fc-ec45-49cc-80b8-0e679c12a70a/datanode-6/data/containers/hdds to VolumeSet
2019-10-02 09:56:21,115 [main] INFO  volume.ThrottledAsyncChecker (ThrottledAsyncChecker.java:schedule(139)) - Scheduling a check for org.apache.hadoop.ozone.container.common.volume.HddsVolume@72fd8a3c
2019-10-02 09:56:21,116 [main] INFO  volume.HddsVolumeChecker (HddsVolumeChecker.java:checkAllVolumes(202)) - Scheduled health check for volume org.apache.hadoop.ozone.container.common.volume.HddsVolume@72fd8a3c
2019-10-02 09:56:21,129 [main] INFO  impl.RaftServerProxy (ConfUtils.java:logGet(43)) - raft.rpc.type = GRPC (default)
2019-10-02 09:56:21,130 [main] INFO  grpc.GrpcFactory (GrpcFactory.java:checkPooledByteBufAllocatorUseCacheForAllThreads(45)) - PERFORMANCE WARNING: useCacheForAllThreads is true that may cause Netty to create a lot garbage objects and, as a result, trigger GC.
	It is recommended to disable useCacheForAllThreads by setting -Dorg.apache.ratis.thirdparty.io.netty.allocator.useCacheForAllThreads=false in command line.
2019-10-02 09:56:21,130 [main] INFO  grpc.GrpcConfigKeys$Server (ConfUtils.java:logGet(43)) - raft.grpc.server.port = 0 (default)
2019-10-02 09:56:21,130 [main] INFO  server.GrpcService (ConfUtils.java:logGet(43)) - raft.grpc.message.size.max = 33570816 (custom)
2019-10-02 09:56:21,130 [main] INFO  server.RaftServerConfigKeys (ConfUtils.java:logGet(43)) - raft.server.log.appender.buffer.byte-limit = 33554432 (custom)
2019-10-02 09:56:21,131 [main] INFO  server.GrpcService (ConfUtils.java:logGet(43)) - raft.grpc.flow.control.window = 1MB (=1048576) (default)
2019-10-02 09:56:21,131 [main] INFO  server.RaftServerConfigKeys (ConfUtils.java:logGet(43)) - raft.server.rpc.request.timeout = 3000ms (default)
2019-10-02 09:56:21,131 [main] INFO  server.RaftServerConfigKeys (ConfUtils.java:logGet(43)) - raft.server.storage.dir = [/workdir/hadoop-ozone/integration-test/target/test-dir/MiniOzoneClusterImpl-630da8fc-ec45-49cc-80b8-0e679c12a70a/datanode-6/data/ratis] (custom)
2019-10-02 09:56:21,133 [main] INFO  hdfs.DFSUtil (DFSUtil.java:httpServerTemplateForNNAndJN(1641)) - Starting Web-server for hddsDatanode at: http://0.0.0.0:0
2019-10-02 09:56:21,134 [main] INFO  server.AuthenticationFilter (AuthenticationFilter.java:constructSecretProvider(240)) - Unable to initialize FileSignerSecretProvider, falling back to use random secrets.
2019-10-02 09:56:21,135 [main] WARN  http.HttpRequestLog (HttpRequestLog.java:getRequestLog(97)) - Jetty request log can only be enabled using Log4j
2019-10-02 09:56:21,136 [main] INFO  http.HttpServer2 (HttpServer2.java:addGlobalFilter(975)) - Added global filter 'safety' (class=org.apache.hadoop.http.HttpServer2$QuotingInputFilter)
2019-10-02 09:56:21,137 [main] INFO  http.HttpServer2 (HttpServer2.java:addFilter(948)) - Added filter static_user_filter (class=org.apache.hadoop.http.lib.StaticUserWebFilter$StaticUserFilter) to context hddsDatanode
2019-10-02 09:56:21,137 [main] INFO  http.HttpServer2 (HttpServer2.java:addFilter(958)) - Added filter static_user_filter (class=org.apache.hadoop.http.lib.StaticUserWebFilter$StaticUserFilter) to context logs
2019-10-02 09:56:21,137 [main] INFO  http.HttpServer2 (HttpServer2.java:addFilter(958)) - Added filter static_user_filter (class=org.apache.hadoop.http.lib.StaticUserWebFilter$StaticUserFilter) to context static
2019-10-02 09:56:21,138 [main] INFO  http.HttpServer2 (HttpServer2.java:bindListener(1191)) - Jetty bound to port 46466
2019-10-02 09:56:21,138 [main] INFO  server.Server (Server.java:doStart(351)) - jetty-9.3.25.v20180904, build timestamp: 2018-09-04T21:11:46Z, git hash: 3ce520221d0240229c862b122d2b06c12a625732
2019-10-02 09:56:21,140 [main] INFO  handler.ContextHandler (ContextHandler.java:doStart(781)) - Started o.e.j.s.ServletContextHandler@7d3fb0ef{/logs,file:///workdir/hadoop-ozone/integration-test/target/log,AVAILABLE}
2019-10-02 09:56:21,140 [main] INFO  handler.ContextHandler (ContextHandler.java:doStart(781)) - Started o.e.j.s.ServletContextHandler@4adc663e{/static,jar:file:/home/user/.m2/repository/org/apache/hadoop/hadoop-hdds-container-service/0.5.0-SNAPSHOT/hadoop-hdds-container-service-0.5.0-SNAPSHOT.jar!/webapps/static,AVAILABLE}
2019-10-02 09:56:21,169 [main] INFO  handler.ContextHandler (ContextHandler.java:doStart(781)) - Started o.e.j.w.WebAppContext@6c841199{/,file:///tmp/jetty-0.0.0.0-46466-hddsDatanode-_-any-4820560813627815812.dir/webapp/,AVAILABLE}{/hddsDatanode}
2019-10-02 09:56:21,171 [main] INFO  server.AbstractConnector (AbstractConnector.java:doStart(278)) - Started ServerConnector@6a818392{HTTP/1.1,[http/1.1]}{0.0.0.0:46466}
2019-10-02 09:56:21,172 [main] INFO  server.Server (Server.java:doStart(419)) - Started @5940ms
2019-10-02 09:56:21,172 [main] WARN  impl.MetricsSystemImpl (MetricsSystemImpl.java:register(276)) - Sink prometheus already exists!
2019-10-02 09:56:21,173 [main] INFO  server.BaseHttpServer (BaseHttpServer.java:updateConnectorAddress(215)) - HTTP server of HDDSDATANODE is listening at http://0.0.0.0:46466
2019-10-02 09:56:21,175 [main] INFO  ozone.MiniOzoneClusterImpl (MiniOzoneClusterImpl.java:lambda$waitForClusterToBeReady$0(147)) - Waiting for cluster to be ready. Got 0 of 7 DN Heartbeats.
2019-10-02 09:56:21,176 [org.apache.hadoop.util.JvmPauseMonitor$Monitor@670c36e6] INFO  util.JvmPauseMonitor (JvmPauseMonitor.java:run(188)) - Starting JVM pause monitor
2019-10-02 09:56:21,180 [Datanode State Machine Thread - 0] INFO  datanode.InitDatanodeState (InitDatanodeState.java:persistContainerDatanodeDetails(140)) - DatanodeDetails is persisted to /workdir/hadoop-ozone/integration-test/target/test-dir/MiniOzoneClusterImpl-630da8fc-ec45-49cc-80b8-0e679c12a70a/datanode-6/meta/datanode.id
2019-10-02 09:56:22,176 [main] INFO  ozone.MiniOzoneClusterImpl (MiniOzoneClusterImpl.java:lambda$waitForClusterToBeReady$0(147)) - Waiting for cluster to be ready. Got 0 of 7 DN Heartbeats.
2019-10-02 09:56:22,804 [Datanode State Machine Thread - 0] INFO  ozoneimpl.OzoneContainer (OzoneContainer.java:start(217)) - Attempting to start container services.
2019-10-02 09:56:22,806 [Datanode State Machine Thread - 0] INFO  ozoneimpl.OzoneContainer (OzoneContainer.java:start(217)) - Attempting to start container services.
2019-10-02 09:56:22,815 [Datanode State Machine Thread - 0] INFO  ozoneimpl.OzoneContainer (OzoneContainer.java:startContainerScrub(179)) - Background container scanner has been disabled.
2019-10-02 09:56:22,815 [Datanode State Machine Thread - 0] INFO  ozoneimpl.OzoneContainer (OzoneContainer.java:startContainerScrub(179)) - Background container scanner has been disabled.
2019-10-02 09:56:22,815 [Datanode State Machine Thread - 0] INFO  ratis.XceiverServerRatis (XceiverServerRatis.java:start(417)) - Starting XceiverServerRatis d341b98d-0f02-46e0-bfd5-027dc15f0188 at port 0
2019-10-02 09:56:22,815 [Datanode State Machine Thread - 0] INFO  ratis.XceiverServerRatis (XceiverServerRatis.java:start(417)) - Starting XceiverServerRatis 3fc93b3f-3a52-4a17-b8ec-5cfab34322dd at port 0
2019-10-02 09:56:22,863 [Datanode State Machine Thread - 0] INFO  impl.RaftServerProxy (RaftServerProxy.java:lambda$start$3(299)) - 3fc93b3f-3a52-4a17-b8ec-5cfab34322dd: start RPC server
2019-10-02 09:56:22,863 [Datanode State Machine Thread - 0] INFO  impl.RaftServerProxy (RaftServerProxy.java:lambda$start$3(299)) - d341b98d-0f02-46e0-bfd5-027dc15f0188: start RPC server
2019-10-02 09:56:22,884 [Datanode State Machine Thread - 0] INFO  ozoneimpl.OzoneContainer (OzoneContainer.java:start(217)) - Attempting to start container services.
2019-10-02 09:56:22,889 [Datanode State Machine Thread - 0] INFO  ozoneimpl.OzoneContainer (OzoneContainer.java:startContainerScrub(179)) - Background container scanner has been disabled.
2019-10-02 09:56:22,889 [Datanode State Machine Thread - 0] INFO  ratis.XceiverServerRatis (XceiverServerRatis.java:start(417)) - Starting XceiverServerRatis 67b996e5-612b-4a65-9edf-95c78746ed20 at port 0
2019-10-02 09:56:22,902 [Datanode State Machine Thread - 0] INFO  impl.RaftServerProxy (RaftServerProxy.java:lambda$start$3(299)) - 67b996e5-612b-4a65-9edf-95c78746ed20: start RPC server
2019-10-02 09:56:22,960 [Datanode State Machine Thread - 0] INFO  ozoneimpl.OzoneContainer (OzoneContainer.java:start(217)) - Attempting to start container services.
2019-10-02 09:56:22,961 [Datanode State Machine Thread - 0] INFO  ozoneimpl.OzoneContainer (OzoneContainer.java:startContainerScrub(179)) - Background container scanner has been disabled.
2019-10-02 09:56:22,962 [Datanode State Machine Thread - 0] INFO  ratis.XceiverServerRatis (XceiverServerRatis.java:start(417)) - Starting XceiverServerRatis 39a4ff36-db48-44de-b1a6-5fbd876301f5 at port 0
2019-10-02 09:56:22,974 [Datanode State Machine Thread - 0] INFO  impl.RaftServerProxy (RaftServerProxy.java:lambda$start$3(299)) - 39a4ff36-db48-44de-b1a6-5fbd876301f5: start RPC server
2019-10-02 09:56:23,051 [Datanode State Machine Thread - 0] INFO  ozoneimpl.OzoneContainer (OzoneContainer.java:start(217)) - Attempting to start container services.
2019-10-02 09:56:23,053 [Datanode State Machine Thread - 0] INFO  ozoneimpl.OzoneContainer (OzoneContainer.java:startContainerScrub(179)) - Background container scanner has been disabled.
2019-10-02 09:56:23,053 [Datanode State Machine Thread - 0] INFO  server.GrpcService (GrpcService.java:startImpl(158)) - 39a4ff36-db48-44de-b1a6-5fbd876301f5: GrpcService started, listening on 0.0.0.0/0.0.0.0:37716
2019-10-02 09:56:23,054 [Datanode State Machine Thread - 0] INFO  ratis.XceiverServerRatis (XceiverServerRatis.java:start(417)) - Starting XceiverServerRatis 561404ce-d9c8-42fd-9d5f-d8b84ab53bec at port 0
2019-10-02 09:56:23,053 [Datanode State Machine Thread - 0] INFO  server.GrpcService (GrpcService.java:startImpl(158)) - 67b996e5-612b-4a65-9edf-95c78746ed20: GrpcService started, listening on 0.0.0.0/0.0.0.0:32809
2019-10-02 09:56:23,053 [Datanode State Machine Thread - 0] INFO  server.GrpcService (GrpcService.java:startImpl(158)) - 3fc93b3f-3a52-4a17-b8ec-5cfab34322dd: GrpcService started, listening on 0.0.0.0/0.0.0.0:45107
2019-10-02 09:56:23,053 [Datanode State Machine Thread - 0] INFO  server.GrpcService (GrpcService.java:startImpl(158)) - d341b98d-0f02-46e0-bfd5-027dc15f0188: GrpcService started, listening on 0.0.0.0/0.0.0.0:39764
2019-10-02 09:56:23,055 [Datanode State Machine Thread - 0] INFO  ratis.XceiverServerRatis (XceiverServerRatis.java:start(427)) - XceiverServerRatis 3fc93b3f-3a52-4a17-b8ec-5cfab34322dd is started using port 45107
2019-10-02 09:56:23,054 [Datanode State Machine Thread - 0] INFO  ratis.XceiverServerRatis (XceiverServerRatis.java:start(427)) - XceiverServerRatis 67b996e5-612b-4a65-9edf-95c78746ed20 is started using port 32809
2019-10-02 09:56:23,054 [Datanode State Machine Thread - 0] INFO  ratis.XceiverServerRatis (XceiverServerRatis.java:start(427)) - XceiverServerRatis 39a4ff36-db48-44de-b1a6-5fbd876301f5 is started using port 37716
2019-10-02 09:56:23,055 [Datanode State Machine Thread - 0] INFO  ratis.XceiverServerRatis (XceiverServerRatis.java:start(427)) - XceiverServerRatis d341b98d-0f02-46e0-bfd5-027dc15f0188 is started using port 39764
2019-10-02 09:56:23,063 [Datanode State Machine Thread - 0] INFO  server.XceiverServerGrpc (XceiverServerGrpc.java:start(149)) - XceiverServerGrpc d341b98d-0f02-46e0-bfd5-027dc15f0188 is started using port 42318
2019-10-02 09:56:23,063 [Datanode State Machine Thread - 0] INFO  server.XceiverServerGrpc (XceiverServerGrpc.java:start(149)) - XceiverServerGrpc 67b996e5-612b-4a65-9edf-95c78746ed20 is started using port 43188
2019-10-02 09:56:23,064 [Datanode State Machine Thread - 0] INFO  server.XceiverServerGrpc (XceiverServerGrpc.java:start(149)) - XceiverServerGrpc 39a4ff36-db48-44de-b1a6-5fbd876301f5 is started using port 45391
2019-10-02 09:56:23,063 [Datanode State Machine Thread - 0] INFO  server.XceiverServerGrpc (XceiverServerGrpc.java:start(149)) - XceiverServerGrpc 3fc93b3f-3a52-4a17-b8ec-5cfab34322dd is started using port 34274
2019-10-02 09:56:23,071 [Datanode State Machine Thread - 0] INFO  impl.RaftServerProxy (RaftServerProxy.java:lambda$start$3(299)) - 561404ce-d9c8-42fd-9d5f-d8b84ab53bec: start RPC server
2019-10-02 09:56:23,074 [Datanode State Machine Thread - 0] INFO  server.GrpcService (GrpcService.java:startImpl(158)) - 561404ce-d9c8-42fd-9d5f-d8b84ab53bec: GrpcService started, listening on 0.0.0.0/0.0.0.0:41352
2019-10-02 09:56:23,075 [Datanode State Machine Thread - 0] INFO  ratis.XceiverServerRatis (XceiverServerRatis.java:start(427)) - XceiverServerRatis 561404ce-d9c8-42fd-9d5f-d8b84ab53bec is started using port 41352
2019-10-02 09:56:23,078 [Datanode State Machine Thread - 0] INFO  server.XceiverServerGrpc (XceiverServerGrpc.java:start(149)) - XceiverServerGrpc 561404ce-d9c8-42fd-9d5f-d8b84ab53bec is started using port 46643
2019-10-02 09:56:23,121 [Datanode State Machine Thread - 0] INFO  ozoneimpl.OzoneContainer (OzoneContainer.java:start(217)) - Attempting to start container services.
2019-10-02 09:56:23,121 [Datanode State Machine Thread - 0] INFO  ozoneimpl.OzoneContainer (OzoneContainer.java:startContainerScrub(179)) - Background container scanner has been disabled.
2019-10-02 09:56:23,121 [Datanode State Machine Thread - 0] INFO  ratis.XceiverServerRatis (XceiverServerRatis.java:start(417)) - Starting XceiverServerRatis 9bcfc624-a847-40b5-b41d-130cbcc8f22b at port 0
2019-10-02 09:56:23,131 [Datanode State Machine Thread - 0] INFO  impl.RaftServerProxy (RaftServerProxy.java:lambda$start$3(299)) - 9bcfc624-a847-40b5-b41d-130cbcc8f22b: start RPC server
2019-10-02 09:56:23,135 [Datanode State Machine Thread - 0] INFO  server.GrpcService (GrpcService.java:startImpl(158)) - 9bcfc624-a847-40b5-b41d-130cbcc8f22b: GrpcService started, listening on 0.0.0.0/0.0.0.0:43374
2019-10-02 09:56:23,135 [Datanode State Machine Thread - 0] INFO  ratis.XceiverServerRatis (XceiverServerRatis.java:start(427)) - XceiverServerRatis 9bcfc624-a847-40b5-b41d-130cbcc8f22b is started using port 43374
2019-10-02 09:56:23,138 [Datanode State Machine Thread - 0] INFO  server.XceiverServerGrpc (XceiverServerGrpc.java:start(149)) - XceiverServerGrpc 9bcfc624-a847-40b5-b41d-130cbcc8f22b is started using port 35630
2019-10-02 09:56:23,178 [main] INFO  ozone.MiniOzoneClusterImpl (MiniOzoneClusterImpl.java:lambda$waitForClusterToBeReady$0(147)) - Waiting for cluster to be ready. Got 0 of 7 DN Heartbeats.
2019-10-02 09:56:23,194 [Datanode State Machine Thread - 0] INFO  ozoneimpl.OzoneContainer (OzoneContainer.java:start(217)) - Attempting to start container services.
2019-10-02 09:56:23,194 [Datanode State Machine Thread - 0] INFO  ozoneimpl.OzoneContainer (OzoneContainer.java:startContainerScrub(179)) - Background container scanner has been disabled.
2019-10-02 09:56:23,194 [Datanode State Machine Thread - 0] INFO  ratis.XceiverServerRatis (XceiverServerRatis.java:start(417)) - Starting XceiverServerRatis 459bb913-cbfc-493e-bb85-f2feb0fd9e00 at port 0
2019-10-02 09:56:23,204 [Datanode State Machine Thread - 0] INFO  impl.RaftServerProxy (RaftServerProxy.java:lambda$start$3(299)) - 459bb913-cbfc-493e-bb85-f2feb0fd9e00: start RPC server
2019-10-02 09:56:23,208 [Datanode State Machine Thread - 0] INFO  server.GrpcService (GrpcService.java:startImpl(158)) - 459bb913-cbfc-493e-bb85-f2feb0fd9e00: GrpcService started, listening on 0.0.0.0/0.0.0.0:45904
2019-10-02 09:56:23,208 [Datanode State Machine Thread - 0] INFO  ratis.XceiverServerRatis (XceiverServerRatis.java:start(427)) - XceiverServerRatis 459bb913-cbfc-493e-bb85-f2feb0fd9e00 is started using port 45904
2019-10-02 09:56:23,212 [Datanode State Machine Thread - 0] INFO  server.XceiverServerGrpc (XceiverServerGrpc.java:start(149)) - XceiverServerGrpc 459bb913-cbfc-493e-bb85-f2feb0fd9e00 is started using port 35550
2019-10-02 09:56:24,179 [main] INFO  ozone.MiniOzoneClusterImpl (MiniOzoneClusterImpl.java:lambda$waitForClusterToBeReady$0(147)) - Waiting for cluster to be ready. Got 0 of 7 DN Heartbeats.
2019-10-02 09:56:24,784 [IPC Server handler 2 on 35475] INFO  net.NetworkTopology (NetworkTopologyImpl.java:add(111)) - Added a new node: /default-rack/d341b98d-0f02-46e0-bfd5-027dc15f0188
2019-10-02 09:56:24,786 [IPC Server handler 2 on 35475] INFO  node.SCMNodeManager (SCMNodeManager.java:register(266)) - Registered Data node : d341b98d-0f02-46e0-bfd5-027dc15f0188{ip: 192.168.5.178, host: pr-trunk-8bg6x-723665176, networkLocation: /default-rack, certSerialId: null}
2019-10-02 09:56:24,792 [IPC Server handler 4 on 35475] INFO  net.NetworkTopology (NetworkTopologyImpl.java:add(111)) - Added a new node: /default-rack/3fc93b3f-3a52-4a17-b8ec-5cfab34322dd
2019-10-02 09:56:24,792 [IPC Server handler 4 on 35475] INFO  node.SCMNodeManager (SCMNodeManager.java:register(266)) - Registered Data node : 3fc93b3f-3a52-4a17-b8ec-5cfab34322dd{ip: 192.168.5.178, host: pr-trunk-8bg6x-723665176, networkLocation: /default-rack, certSerialId: null}
2019-10-02 09:56:24,792 [EventQueue-NodeRegistrationContainerReportForDataNodeSafeModeRule] INFO  safemode.SCMSafeModeManager (DataNodeSafeModeRule.java:process(71)) - SCM in safe mode. 1 DataNodes registered, 1 required.
2019-10-02 09:56:24,793 [EventQueue-NodeRegistrationContainerReportForDataNodeSafeModeRule] INFO  safemode.SCMSafeModeManager (SCMSafeModeManager.java:validateSafeModeExitRules(177)) - ScmSafeModeManager, all rules are successfully validated
2019-10-02 09:56:24,793 [EventQueue-NodeRegistrationContainerReportForDataNodeSafeModeRule] INFO  safemode.SCMSafeModeManager (SCMSafeModeManager.java:exitSafeMode(193)) - SCM exiting safe mode.
2019-10-02 09:56:24,869 [IPC Server handler 3 on 35475] INFO  net.NetworkTopology (NetworkTopologyImpl.java:add(111)) - Added a new node: /default-rack/67b996e5-612b-4a65-9edf-95c78746ed20
2019-10-02 09:56:24,869 [IPC Server handler 3 on 35475] INFO  node.SCMNodeManager (SCMNodeManager.java:register(266)) - Registered Data node : 67b996e5-612b-4a65-9edf-95c78746ed20{ip: 192.168.5.178, host: pr-trunk-8bg6x-723665176, networkLocation: /default-rack, certSerialId: null}
2019-10-02 09:56:24,947 [IPC Server handler 6 on 35475] INFO  net.NetworkTopology (NetworkTopologyImpl.java:add(111)) - Added a new node: /default-rack/39a4ff36-db48-44de-b1a6-5fbd876301f5
2019-10-02 09:56:24,947 [IPC Server handler 6 on 35475] INFO  node.SCMNodeManager (SCMNodeManager.java:register(266)) - Registered Data node : 39a4ff36-db48-44de-b1a6-5fbd876301f5{ip: 192.168.5.178, host: pr-trunk-8bg6x-723665176, networkLocation: /default-rack, certSerialId: null}
2019-10-02 09:56:25,031 [IPC Server handler 5 on 35475] INFO  net.NetworkTopology (NetworkTopologyImpl.java:add(111)) - Added a new node: /default-rack/561404ce-d9c8-42fd-9d5f-d8b84ab53bec
2019-10-02 09:56:25,032 [IPC Server handler 5 on 35475] INFO  node.SCMNodeManager (SCMNodeManager.java:register(266)) - Registered Data node : 561404ce-d9c8-42fd-9d5f-d8b84ab53bec{ip: 192.168.5.178, host: pr-trunk-8bg6x-723665176, networkLocation: /default-rack, certSerialId: null}
2019-10-02 09:56:25,109 [IPC Server handler 1 on 35475] INFO  net.NetworkTopology (NetworkTopologyImpl.java:add(111)) - Added a new node: /default-rack/9bcfc624-a847-40b5-b41d-130cbcc8f22b
2019-10-02 09:56:25,109 [IPC Server handler 1 on 35475] INFO  node.SCMNodeManager (SCMNodeManager.java:register(266)) - Registered Data node : 9bcfc624-a847-40b5-b41d-130cbcc8f22b{ip: 192.168.5.178, host: pr-trunk-8bg6x-723665176, networkLocation: /default-rack, certSerialId: null}
2019-10-02 09:56:25,188 [main] INFO  ozone.MiniOzoneClusterImpl (MiniOzoneClusterImpl.java:lambda$waitForClusterToBeReady$0(147)) - Waiting for cluster to be ready. Got 6 of 7 DN Heartbeats.
2019-10-02 09:56:25,191 [IPC Server handler 4 on 35475] INFO  net.NetworkTopology (NetworkTopologyImpl.java:add(111)) - Added a new node: /default-rack/459bb913-cbfc-493e-bb85-f2feb0fd9e00
2019-10-02 09:56:25,191 [IPC Server handler 4 on 35475] INFO  node.SCMNodeManager (SCMNodeManager.java:register(266)) - Registered Data node : 459bb913-cbfc-493e-bb85-f2feb0fd9e00{ip: 192.168.5.178, host: pr-trunk-8bg6x-723665176, networkLocation: /default-rack, certSerialId: null}
2019-10-02 09:56:25,335 [grpc-default-executor-0] INFO  impl.RaftServerProxy (RaftServerProxy.java:addNew(89)) - d341b98d-0f02-46e0-bfd5-027dc15f0188: addNew group-3842C2ED79F9:[d341b98d-0f02-46e0-bfd5-027dc15f0188:192.168.5.178:39764] returns group-3842C2ED79F9:java.util.concurrent.CompletableFuture@70d86430[Not completed]
2019-10-02 09:56:25,359 [pool-27-thread-1] INFO  impl.RaftServerImpl (RaftServerImpl.java:<init>(95)) - d341b98d-0f02-46e0-bfd5-027dc15f0188: new RaftServerImpl for group-3842C2ED79F9:[d341b98d-0f02-46e0-bfd5-027dc15f0188:192.168.5.178:39764] with ContainerStateMachine:uninitialized
2019-10-02 09:56:25,361 [pool-27-thread-1] INFO  server.RaftServerConfigKeys (ConfUtils.java:logGet(43)) - raft.server.rpc.timeout.min = 5s (custom)
2019-10-02 09:56:25,363 [pool-27-thread-1] INFO  server.RaftServerConfigKeys (ConfUtils.java:logGet(43)) - raft.server.rpc.timeout.max = 5200ms (custom)
2019-10-02 09:56:25,363 [pool-27-thread-1] INFO  server.RaftServerConfigKeys (ConfUtils.java:logGet(43)) - raft.server.rpcslowness.timeout = 120s (custom)
2019-10-02 09:56:25,364 [pool-27-thread-1] INFO  server.RaftServerConfigKeys (ConfUtils.java:logGet(43)) - raft.server.sleep.deviation.threshold = 300 (default)
2019-10-02 09:56:25,365 [pool-27-thread-1] INFO  server.RaftServerConfigKeys (ConfUtils.java:logGet(43)) - raft.server.log.appender.install.snapshot.enabled = false (custom)
2019-10-02 09:56:25,376 [pool-27-thread-1] INFO  impl.RaftServerImpl (ServerState.java:<init>(103)) - d341b98d-0f02-46e0-bfd5-027dc15f0188@group-3842C2ED79F9: ConfigurationManager, init=-1: [d341b98d-0f02-46e0-bfd5-027dc15f0188:192.168.5.178:39764], old=null, confs=<EMPTY_MAP>
2019-10-02 09:56:25,376 [pool-27-thread-1] INFO  server.RaftServerConfigKeys (ConfUtils.java:logGet(43)) - raft.server.storage.dir = [/workdir/hadoop-ozone/integration-test/target/test-dir/MiniOzoneClusterImpl-630da8fc-ec45-49cc-80b8-0e679c12a70a/datanode-0/data/ratis] (custom)
2019-10-02 09:56:25,384 [pool-27-thread-1] INFO  server.RaftServerConfigKeys (ConfUtils.java:logGet(43)) - raft.server.log.corruption.policy = EXCEPTION (default)
2019-10-02 09:56:25,386 [pool-27-thread-1] INFO  storage.RaftStorageDirectory (RaftStorageDirectory.java:analyzeStorage(246)) - The storage directory /workdir/hadoop-ozone/integration-test/target/test-dir/MiniOzoneClusterImpl-630da8fc-ec45-49cc-80b8-0e679c12a70a/datanode-0/data/ratis/88a9dfc0-7e61-4aa6-9644-3842c2ed79f9 does not exist. Creating ...
2019-10-02 09:56:25,405 [pool-27-thread-1] INFO  storage.RaftStorageDirectory (RaftStorageDirectory.java:tryLock(328)) - Lock on /workdir/hadoop-ozone/integration-test/target/test-dir/MiniOzoneClusterImpl-630da8fc-ec45-49cc-80b8-0e679c12a70a/datanode-0/data/ratis/88a9dfc0-7e61-4aa6-9644-3842c2ed79f9/in_use.lock acquired by nodename 10582@pr-trunk-8bg6x-723665176
2019-10-02 09:56:25,420 [pool-27-thread-1] INFO  storage.RaftStorage (RaftStorage.java:format(84)) - Storage directory /workdir/hadoop-ozone/integration-test/target/test-dir/MiniOzoneClusterImpl-630da8fc-ec45-49cc-80b8-0e679c12a70a/datanode-0/data/ratis/88a9dfc0-7e61-4aa6-9644-3842c2ed79f9 has been successfully formatted.
2019-10-02 09:56:25,423 [pool-27-thread-1] INFO  ratis.ContainerStateMachine (ContainerStateMachine.java:loadSnapshot(231)) - group-3842C2ED79F9: The snapshot info is null. Setting the last applied indexto:(t:0, i:~)
2019-10-02 09:56:25,423 [pool-27-thread-1] INFO  server.RaftServerConfigKeys (ConfUtils.java:logGet(43)) - raft.server.notification.no-leader.timeout = 120s (custom)
2019-10-02 09:56:25,426 [pool-27-thread-1] INFO  server.RaftServerConfigKeys (ConfUtils.java:logGet(43)) - raft.server.log.use.memory = false (default)
2019-10-02 09:56:25,432 [pool-27-thread-1] INFO  server.RaftServerConfigKeys (ConfUtils.java:logGet(43)) - raft.server.log.purge.gap = 1000000 (custom)
2019-10-02 09:56:25,432 [pool-27-thread-1] INFO  server.RaftServerConfigKeys (ConfUtils.java:logGet(43)) - raft.server.log.appender.buffer.byte-limit = 33554432 (custom)
2019-10-02 09:56:25,435 [pool-27-thread-1] INFO  server.RaftServerConfigKeys (ConfUtils.java:logGet(43)) - raft.server.log.segment.size.max = 1048576 (custom)
2019-10-02 09:56:25,437 [pool-27-thread-1] INFO  impl.MetricsSystemImpl (MetricsSystemImpl.java:init(158)) - ratis metrics system started (again)
2019-10-02 09:56:25,441 [pool-27-thread-1] INFO  metrics.MetricRegistries (MetricRegistriesLoader.java:load(64)) - Loaded MetricRegistries class org.apache.ratis.metrics.impl.MetricRegistriesImpl
2019-10-02 09:56:25,481 [pool-27-thread-1] INFO  server.RaftServerConfigKeys (ConfUtils.java:logGet(43)) - raft.server.log.segment.cache.num.max = 2 (custom)
2019-10-02 09:56:25,486 [pool-27-thread-1] INFO  segmented.SegmentedRaftLogWorker (SegmentedRaftLogWorker.java:<init>(173)) - new d341b98d-0f02-46e0-bfd5-027dc15f0188@group-3842C2ED79F9-SegmentedRaftLogWorker for RaftStorage:Storage Directory /workdir/hadoop-ozone/integration-test/target/test-dir/MiniOzoneClusterImpl-630da8fc-ec45-49cc-80b8-0e679c12a70a/datanode-0/data/ratis/88a9dfc0-7e61-4aa6-9644-3842c2ed79f9
2019-10-02 09:56:25,487 [pool-27-thread-1] INFO  server.RaftServerConfigKeys (ConfUtils.java:logGet(43)) - raft.server.log.queue.byte-limit = 2147483647 (custom)
2019-10-02 09:56:25,487 [pool-27-thread-1] INFO  server.RaftServerConfigKeys (ConfUtils.java:logGet(43)) - raft.server.log.queue.element-limit = 1024 (custom)
2019-10-02 09:56:25,488 [pool-27-thread-1] INFO  server.RaftServerConfigKeys (ConfUtils.java:logGet(43)) - raft.server.log.segment.size.max = 1048576 (custom)
2019-10-02 09:56:25,489 [pool-27-thread-1] INFO  server.RaftServerConfigKeys (ConfUtils.java:logGet(43)) - raft.server.log.preallocated.size = 16384 (custom)
2019-10-02 09:56:25,489 [pool-27-thread-1] INFO  server.RaftServerConfigKeys (ConfUtils.java:logGet(43)) - raft.server.log.write.buffer.size = 33554432 (custom)
2019-10-02 09:56:25,489 [pool-27-thread-1] INFO  server.RaftServerConfigKeys (ConfUtils.java:logGet(43)) - raft.server.log.force.sync.num = 128 (default)
2019-10-02 09:56:25,490 [pool-27-thread-1] INFO  server.RaftServerConfigKeys (ConfUtils.java:logGet(43)) - raft.server.log.statemachine.data.sync = true (default)
2019-10-02 09:56:25,490 [pool-27-thread-1] INFO  server.RaftServerConfigKeys (ConfUtils.java:logGet(43)) - raft.server.log.statemachine.data.sync.timeout = 10s (default)
2019-10-02 09:56:25,491 [pool-27-thread-1] INFO  server.RaftServerConfigKeys (ConfUtils.java:logGet(43)) - raft.server.log.statemachine.data.sync.timeout.retry = -1 (default)
2019-10-02 09:56:25,502 [pool-27-thread-1] INFO  server.RaftServerConfigKeys (ConfUtils.java:logGet(43)) - raft.server.log.statemachine.data.caching.enabled = true (custom)
2019-10-02 09:56:25,506 [pool-27-thread-1] INFO  segmented.SegmentedRaftLogWorker (SegmentedRaftLogWorker.java:lambda$new$0(128)) - d341b98d-0f02-46e0-bfd5-027dc15f0188@group-3842C2ED79F9-SegmentedRaftLogWorker: flushIndex: setUnconditionally 0 -> -1
2019-10-02 09:56:25,510 [pool-27-thread-1] INFO  server.RaftServerConfigKeys (ConfUtils.java:logGet(43)) - raft.server.snapshot.auto.trigger.enabled = true (custom)
2019-10-02 09:56:25,511 [pool-27-thread-1] INFO  server.RaftServerConfigKeys (ConfUtils.java:logGet(43)) - raft.server.snapshot.auto.trigger.threshold = 10000 (custom)
2019-10-02 09:56:25,511 [pool-27-thread-1] INFO  server.RaftServerConfigKeys (ConfUtils.java:logGet(43)) - raft.server.snapshot.retention.file.num = 5 (custom)
2019-10-02 09:56:25,512 [pool-27-thread-1] INFO  server.RaftServerConfigKeys (ConfUtils.java:logGet(43)) - raft.server.retrycache.expirytime = 600000ms (custom)
2019-10-02 09:56:25,537 [pool-27-thread-1] INFO  impl.RaftServerImpl (RaftServerImpl.java:start(181)) - d341b98d-0f02-46e0-bfd5-027dc15f0188@group-3842C2ED79F9: start as a follower, conf=-1: [d341b98d-0f02-46e0-bfd5-027dc15f0188:192.168.5.178:39764], old=null
2019-10-02 09:56:25,538 [pool-27-thread-1] INFO  impl.RaftServerImpl (RaftServerImpl.java:setRole(170)) - d341b98d-0f02-46e0-bfd5-027dc15f0188@group-3842C2ED79F9: changes role from      null to FOLLOWER at term 0 for startAsFollower
2019-10-02 09:56:25,539 [pool-27-thread-1] INFO  impl.RoleInfo (RoleInfo.java:updateAndGet(143)) - d341b98d-0f02-46e0-bfd5-027dc15f0188: start FollowerState
2019-10-02 09:56:25,541 [pool-27-thread-1] INFO  util.JmxRegister (JmxRegister.java:tryRegister(44)) - Successfully registered JMX Bean with object name Ratis:service=RaftServer,group=group-3842C2ED79F9,id=d341b98d-0f02-46e0-bfd5-027dc15f0188
2019-10-02 09:56:25,621 [RatisPipelineUtilsThread] INFO  pipeline.PipelineStateManager (PipelineStateManager.java:addPipeline(56)) - Created pipeline Pipeline[ Id: 88a9dfc0-7e61-4aa6-9644-3842c2ed79f9, Nodes: d341b98d-0f02-46e0-bfd5-027dc15f0188{ip: 192.168.5.178, host: pr-trunk-8bg6x-723665176, networkLocation: /default-rack, certSerialId: null}, Type:RATIS, Factor:ONE, State:OPEN]
2019-10-02 09:56:25,649 [grpc-default-executor-0] INFO  impl.RaftServerProxy (RaftServerProxy.java:addNew(89)) - 561404ce-d9c8-42fd-9d5f-d8b84ab53bec: addNew group-019C3A061DEF:[561404ce-d9c8-42fd-9d5f-d8b84ab53bec:192.168.5.178:41352] returns group-019C3A061DEF:java.util.concurrent.CompletableFuture@6e5c8876[Not completed]
2019-10-02 09:56:25,704 [pool-67-thread-1] INFO  impl.RaftServerImpl (RaftServerImpl.java:<init>(95)) - 561404ce-d9c8-42fd-9d5f-d8b84ab53bec: new RaftServerImpl for group-019C3A061DEF:[561404ce-d9c8-42fd-9d5f-d8b84ab53bec:192.168.5.178:41352] with ContainerStateMachine:uninitialized
2019-10-02 09:56:25,706 [pool-67-thread-1] INFO  server.RaftServerConfigKeys (ConfUtils.java:logGet(43)) - raft.server.rpc.timeout.min = 5s (custom)
2019-10-02 09:56:25,706 [pool-67-thread-1] INFO  server.RaftServerConfigKeys (ConfUtils.java:logGet(43)) - raft.server.rpc.timeout.max = 5200ms (custom)
2019-10-02 09:56:25,706 [pool-67-thread-1] INFO  server.RaftServerConfigKeys (ConfUtils.java:logGet(43)) - raft.server.rpcslowness.timeout = 120s (custom)
2019-10-02 09:56:25,706 [pool-67-thread-1] INFO  server.RaftServerConfigKeys (ConfUtils.java:logGet(43)) - raft.server.sleep.deviation.threshold = 300 (default)
2019-10-02 09:56:25,706 [pool-67-thread-1] INFO  server.RaftServerConfigKeys (ConfUtils.java:logGet(43)) - raft.server.log.appender.install.snapshot.enabled = false (custom)
2019-10-02 09:56:25,707 [pool-67-thread-1] INFO  impl.RaftServerImpl (ServerState.java:<init>(103)) - 561404ce-d9c8-42fd-9d5f-d8b84ab53bec@group-019C3A061DEF: ConfigurationManager, init=-1: [561404ce-d9c8-42fd-9d5f-d8b84ab53bec:192.168.5.178:41352], old=null, confs=<EMPTY_MAP>
2019-10-02 09:56:25,707 [pool-67-thread-1] INFO  server.RaftServerConfigKeys (ConfUtils.java:logGet(43)) - raft.server.storage.dir = [/workdir/hadoop-ozone/integration-test/target/test-dir/MiniOzoneClusterImpl-630da8fc-ec45-49cc-80b8-0e679c12a70a/datanode-4/data/ratis] (custom)
2019-10-02 09:56:25,707 [pool-67-thread-1] INFO  server.RaftServerConfigKeys (ConfUtils.java:logGet(43)) - raft.server.log.corruption.policy = EXCEPTION (default)
2019-10-02 09:56:25,708 [pool-67-thread-1] INFO  storage.RaftStorageDirectory (RaftStorageDirectory.java:analyzeStorage(246)) - The storage directory /workdir/hadoop-ozone/integration-test/target/test-dir/MiniOzoneClusterImpl-630da8fc-ec45-49cc-80b8-0e679c12a70a/datanode-4/data/ratis/56d7bf24-f80d-4dba-bdc2-019c3a061def does not exist. Creating ...
2019-10-02 09:56:25,722 [pool-67-thread-1] INFO  storage.RaftStorageDirectory (RaftStorageDirectory.java:tryLock(328)) - Lock on /workdir/hadoop-ozone/integration-test/target/test-dir/MiniOzoneClusterImpl-630da8fc-ec45-49cc-80b8-0e679c12a70a/datanode-4/data/ratis/56d7bf24-f80d-4dba-bdc2-019c3a061def/in_use.lock acquired by nodename 10582@pr-trunk-8bg6x-723665176
2019-10-02 09:56:25,736 [pool-67-thread-1] INFO  storage.RaftStorage (RaftStorage.java:format(84)) - Storage directory /workdir/hadoop-ozone/integration-test/target/test-dir/MiniOzoneClusterImpl-630da8fc-ec45-49cc-80b8-0e679c12a70a/datanode-4/data/ratis/56d7bf24-f80d-4dba-bdc2-019c3a061def has been successfully formatted.
2019-10-02 09:56:25,737 [pool-67-thread-1] INFO  ratis.ContainerStateMachine (ContainerStateMachine.java:loadSnapshot(231)) - group-019C3A061DEF: The snapshot info is null. Setting the last applied indexto:(t:0, i:~)
2019-10-02 09:56:25,739 [pool-67-thread-1] INFO  server.RaftServerConfigKeys (ConfUtils.java:logGet(43)) - raft.server.notification.no-leader.timeout = 120s (custom)
2019-10-02 09:56:25,739 [pool-67-thread-1] INFO  server.RaftServerConfigKeys (ConfUtils.java:logGet(43)) - raft.server.log.use.memory = false (default)
2019-10-02 09:56:25,739 [pool-67-thread-1] INFO  server.RaftServerConfigKeys (ConfUtils.java:logGet(43)) - raft.server.log.purge.gap = 1000000 (custom)
2019-10-02 09:56:25,739 [pool-67-thread-1] INFO  server.RaftServerConfigKeys (ConfUtils.java:logGet(43)) - raft.server.log.appender.buffer.byte-limit = 33554432 (custom)
2019-10-02 09:56:25,740 [pool-67-thread-1] INFO  server.RaftServerConfigKeys (ConfUtils.java:logGet(43)) - raft.server.log.segment.size.max = 1048576 (custom)
2019-10-02 09:56:25,747 [pool-67-thread-1] INFO  server.RaftServerConfigKeys (ConfUtils.java:logGet(43)) - raft.server.log.segment.cache.num.max = 2 (custom)
2019-10-02 09:56:25,747 [pool-67-thread-1] INFO  segmented.SegmentedRaftLogWorker (SegmentedRaftLogWorker.java:<init>(173)) - new 561404ce-d9c8-42fd-9d5f-d8b84ab53bec@group-019C3A061DEF-SegmentedRaftLogWorker for RaftStorage:Storage Directory /workdir/hadoop-ozone/integration-test/target/test-dir/MiniOzoneClusterImpl-630da8fc-ec45-49cc-80b8-0e679c12a70a/datanode-4/data/ratis/56d7bf24-f80d-4dba-bdc2-019c3a061def
2019-10-02 09:56:25,749 [pool-67-thread-1] INFO  server.RaftServerConfigKeys (ConfUtils.java:logGet(43)) - raft.server.log.queue.byte-limit = 2147483647 (custom)
2019-10-02 09:56:25,749 [pool-67-thread-1] INFO  server.RaftServerConfigKeys (ConfUtils.java:logGet(43)) - raft.server.log.queue.element-limit = 1024 (custom)
2019-10-02 09:56:25,749 [pool-67-thread-1] INFO  server.RaftServerConfigKeys (ConfUtils.java:logGet(43)) - raft.server.log.segment.size.max = 1048576 (custom)
2019-10-02 09:56:25,750 [pool-67-thread-1] INFO  server.RaftServerConfigKeys (ConfUtils.java:logGet(43)) - raft.server.log.preallocated.size = 16384 (custom)
2019-10-02 09:56:25,750 [pool-67-thread-1] INFO  server.RaftServerConfigKeys (ConfUtils.java:logGet(43)) - raft.server.log.write.buffer.size = 33554432 (custom)
2019-10-02 09:56:25,750 [pool-67-thread-1] INFO  server.RaftServerConfigKeys (ConfUtils.java:logGet(43)) - raft.server.log.force.sync.num = 128 (default)
2019-10-02 09:56:25,750 [pool-67-thread-1] INFO  server.RaftServerConfigKeys (ConfUtils.java:logGet(43)) - raft.server.log.statemachine.data.sync = true (default)
2019-10-02 09:56:25,750 [pool-67-thread-1] INFO  server.RaftServerConfigKeys (ConfUtils.java:logGet(43)) - raft.server.log.statemachine.data.sync.timeout = 10s (default)
2019-10-02 09:56:25,751 [pool-67-thread-1] INFO  server.RaftServerConfigKeys (ConfUtils.java:logGet(43)) - raft.server.log.statemachine.data.sync.timeout.retry = -1 (default)
2019-10-02 09:56:25,752 [pool-67-thread-1] INFO  server.RaftServerConfigKeys (ConfUtils.java:logGet(43)) - raft.server.log.statemachine.data.caching.enabled = true (custom)
2019-10-02 09:56:25,752 [pool-67-thread-1] INFO  segmented.SegmentedRaftLogWorker (SegmentedRaftLogWorker.java:lambda$new$0(128)) - 561404ce-d9c8-42fd-9d5f-d8b84ab53bec@group-019C3A061DEF-SegmentedRaftLogWorker: flushIndex: setUnconditionally 0 -> -1
2019-10-02 09:56:25,753 [pool-67-thread-1] INFO  server.RaftServerConfigKeys (ConfUtils.java:logGet(43)) - raft.server.snapshot.auto.trigger.enabled = true (custom)
2019-10-02 09:56:25,753 [pool-67-thread-1] INFO  server.RaftServerConfigKeys (ConfUtils.java:logGet(43)) - raft.server.snapshot.auto.trigger.threshold = 10000 (custom)
2019-10-02 09:56:25,753 [pool-67-thread-1] INFO  server.RaftServerConfigKeys (ConfUtils.java:logGet(43)) - raft.server.snapshot.retention.file.num = 5 (custom)
2019-10-02 09:56:25,754 [pool-67-thread-1] INFO  server.RaftServerConfigKeys (ConfUtils.java:logGet(43)) - raft.server.retrycache.expirytime = 600000ms (custom)
2019-10-02 09:56:25,760 [pool-67-thread-1] INFO  impl.RaftServerImpl (RaftServerImpl.java:start(181)) - 561404ce-d9c8-42fd-9d5f-d8b84ab53bec@group-019C3A061DEF: start as a follower, conf=-1: [561404ce-d9c8-42fd-9d5f-d8b84ab53bec:192.168.5.178:41352], old=null
2019-10-02 09:56:25,760 [pool-67-thread-1] INFO  impl.RaftServerImpl (RaftServerImpl.java:setRole(170)) - 561404ce-d9c8-42fd-9d5f-d8b84ab53bec@group-019C3A061DEF: changes role from      null to FOLLOWER at term 0 for startAsFollower
2019-10-02 09:56:25,761 [pool-67-thread-1] INFO  impl.RoleInfo (RoleInfo.java:updateAndGet(143)) - 561404ce-d9c8-42fd-9d5f-d8b84ab53bec: start FollowerState
2019-10-02 09:56:25,763 [pool-67-thread-1] INFO  util.JmxRegister (JmxRegister.java:tryRegister(44)) - Successfully registered JMX Bean with object name Ratis:service=RaftServer,group=group-019C3A061DEF,id=561404ce-d9c8-42fd-9d5f-d8b84ab53bec
2019-10-02 09:56:25,790 [RatisPipelineUtilsThread] INFO  pipeline.PipelineStateManager (PipelineStateManager.java:addPipeline(56)) - Created pipeline Pipeline[ Id: 56d7bf24-f80d-4dba-bdc2-019c3a061def, Nodes: 561404ce-d9c8-42fd-9d5f-d8b84ab53bec{ip: 192.168.5.178, host: pr-trunk-8bg6x-723665176, networkLocation: /default-rack, certSerialId: null}, Type:RATIS, Factor:ONE, State:OPEN]
2019-10-02 09:56:25,818 [grpc-default-executor-0] INFO  impl.RaftServerProxy (RaftServerProxy.java:addNew(89)) - 39a4ff36-db48-44de-b1a6-5fbd876301f5: addNew group-99D7973DDDB8:[39a4ff36-db48-44de-b1a6-5fbd876301f5:192.168.5.178:37716] returns group-99D7973DDDB8:java.util.concurrent.CompletableFuture@16116270[Not completed]
2019-10-02 09:56:25,844 [pool-57-thread-1] INFO  impl.RaftServerImpl (RaftServerImpl.java:<init>(95)) - 39a4ff36-db48-44de-b1a6-5fbd876301f5: new RaftServerImpl for group-99D7973DDDB8:[39a4ff36-db48-44de-b1a6-5fbd876301f5:192.168.5.178:37716] with ContainerStateMachine:uninitialized
2019-10-02 09:56:25,845 [pool-57-thread-1] INFO  server.RaftServerConfigKeys (ConfUtils.java:logGet(43)) - raft.server.rpc.timeout.min = 5s (custom)
2019-10-02 09:56:25,845 [pool-57-thread-1] INFO  server.RaftServerConfigKeys (ConfUtils.java:logGet(43)) - raft.server.rpc.timeout.max = 5200ms (custom)
2019-10-02 09:56:25,845 [pool-57-thread-1] INFO  server.RaftServerConfigKeys (ConfUtils.java:logGet(43)) - raft.server.rpcslowness.timeout = 120s (custom)
2019-10-02 09:56:25,845 [pool-57-thread-1] INFO  server.RaftServerConfigKeys (ConfUtils.java:logGet(43)) - raft.server.sleep.deviation.threshold = 300 (default)
2019-10-02 09:56:25,845 [pool-57-thread-1] INFO  server.RaftServerConfigKeys (ConfUtils.java:logGet(43)) - raft.server.log.appender.install.snapshot.enabled = false (custom)
2019-10-02 09:56:25,846 [pool-57-thread-1] INFO  impl.RaftServerImpl (ServerState.java:<init>(103)) - 39a4ff36-db48-44de-b1a6-5fbd876301f5@group-99D7973DDDB8: ConfigurationManager, init=-1: [39a4ff36-db48-44de-b1a6-5fbd876301f5:192.168.5.178:37716], old=null, confs=<EMPTY_MAP>
2019-10-02 09:56:25,846 [pool-57-thread-1] INFO  server.RaftServerConfigKeys (ConfUtils.java:logGet(43)) - raft.server.storage.dir = [/workdir/hadoop-ozone/integration-test/target/test-dir/MiniOzoneClusterImpl-630da8fc-ec45-49cc-80b8-0e679c12a70a/datanode-3/data/ratis] (custom)
2019-10-02 09:56:25,846 [pool-57-thread-1] INFO  server.RaftServerConfigKeys (ConfUtils.java:logGet(43)) - raft.server.log.corruption.policy = EXCEPTION (default)
2019-10-02 09:56:25,847 [pool-57-thread-1] INFO  storage.RaftStorageDirectory (RaftStorageDirectory.java:analyzeStorage(246)) - The storage directory /workdir/hadoop-ozone/integration-test/target/test-dir/MiniOzoneClusterImpl-630da8fc-ec45-49cc-80b8-0e679c12a70a/datanode-3/data/ratis/44f1b709-e33b-4580-8e79-99d7973dddb8 does not exist. Creating ...
2019-10-02 09:56:25,860 [pool-57-thread-1] INFO  storage.RaftStorageDirectory (RaftStorageDirectory.java:tryLock(328)) - Lock on /workdir/hadoop-ozone/integration-test/target/test-dir/MiniOzoneClusterImpl-630da8fc-ec45-49cc-80b8-0e679c12a70a/datanode-3/data/ratis/44f1b709-e33b-4580-8e79-99d7973dddb8/in_use.lock acquired by nodename 10582@pr-trunk-8bg6x-723665176
2019-10-02 09:56:25,874 [pool-57-thread-1] INFO  storage.RaftStorage (RaftStorage.java:format(84)) - Storage directory /workdir/hadoop-ozone/integration-test/target/test-dir/MiniOzoneClusterImpl-630da8fc-ec45-49cc-80b8-0e679c12a70a/datanode-3/data/ratis/44f1b709-e33b-4580-8e79-99d7973dddb8 has been successfully formatted.
2019-10-02 09:56:25,874 [pool-57-thread-1] INFO  ratis.ContainerStateMachine (ContainerStateMachine.java:loadSnapshot(231)) - group-99D7973DDDB8: The snapshot info is null. Setting the last applied indexto:(t:0, i:~)
2019-10-02 09:56:25,875 [pool-57-thread-1] INFO  server.RaftServerConfigKeys (ConfUtils.java:logGet(43)) - raft.server.notification.no-leader.timeout = 120s (custom)
2019-10-02 09:56:25,875 [pool-57-thread-1] INFO  server.RaftServerConfigKeys (ConfUtils.java:logGet(43)) - raft.server.log.use.memory = false (default)
2019-10-02 09:56:25,875 [pool-57-thread-1] INFO  server.RaftServerConfigKeys (ConfUtils.java:logGet(43)) - raft.server.log.purge.gap = 1000000 (custom)
2019-10-02 09:56:25,876 [pool-57-thread-1] INFO  server.RaftServerConfigKeys (ConfUtils.java:logGet(43)) - raft.server.log.appender.buffer.byte-limit = 33554432 (custom)
2019-10-02 09:56:25,876 [pool-57-thread-1] INFO  server.RaftServerConfigKeys (ConfUtils.java:logGet(43)) - raft.server.log.segment.size.max = 1048576 (custom)
2019-10-02 09:56:25,922 [pool-57-thread-1] INFO  server.RaftServerConfigKeys (ConfUtils.java:logGet(43)) - raft.server.log.segment.cache.num.max = 2 (custom)
2019-10-02 09:56:25,922 [pool-57-thread-1] INFO  segmented.SegmentedRaftLogWorker (SegmentedRaftLogWorker.java:<init>(173)) - new 39a4ff36-db48-44de-b1a6-5fbd876301f5@group-99D7973DDDB8-SegmentedRaftLogWorker for RaftStorage:Storage Directory /workdir/hadoop-ozone/integration-test/target/test-dir/MiniOzoneClusterImpl-630da8fc-ec45-49cc-80b8-0e679c12a70a/datanode-3/data/ratis/44f1b709-e33b-4580-8e79-99d7973dddb8
2019-10-02 09:56:25,922 [pool-57-thread-1] INFO  server.RaftServerConfigKeys (ConfUtils.java:logGet(43)) - raft.server.log.queue.byte-limit = 2147483647 (custom)
2019-10-02 09:56:25,922 [pool-57-thread-1] INFO  server.RaftServerConfigKeys (ConfUtils.java:logGet(43)) - raft.server.log.queue.element-limit = 1024 (custom)
2019-10-02 09:56:25,923 [pool-57-thread-1] INFO  server.RaftServerConfigKeys (ConfUtils.java:logGet(43)) - raft.server.log.segment.size.max = 1048576 (custom)
2019-10-02 09:56:25,923 [pool-57-thread-1] INFO  server.RaftServerConfigKeys (ConfUtils.java:logGet(43)) - raft.server.log.preallocated.size = 16384 (custom)
2019-10-02 09:56:25,923 [pool-57-thread-1] INFO  server.RaftServerConfigKeys (ConfUtils.java:logGet(43)) - raft.server.log.write.buffer.size = 33554432 (custom)
2019-10-02 09:56:25,923 [pool-57-thread-1] INFO  server.RaftServerConfigKeys (ConfUtils.java:logGet(43)) - raft.server.log.force.sync.num = 128 (default)
2019-10-02 09:56:25,923 [pool-57-thread-1] INFO  server.RaftServerConfigKeys (ConfUtils.java:logGet(43)) - raft.server.log.statemachine.data.sync = true (default)
2019-10-02 09:56:25,924 [pool-57-thread-1] INFO  server.RaftServerConfigKeys (ConfUtils.java:logGet(43)) - raft.server.log.statemachine.data.sync.timeout = 10s (default)
2019-10-02 09:56:25,924 [pool-57-thread-1] INFO  server.RaftServerConfigKeys (ConfUtils.java:logGet(43)) - raft.server.log.statemachine.data.sync.timeout.retry = -1 (default)
2019-10-02 09:56:25,925 [pool-57-thread-1] INFO  server.RaftServerConfigKeys (ConfUtils.java:logGet(43)) - raft.server.log.statemachine.data.caching.enabled = true (custom)
2019-10-02 09:56:25,925 [pool-57-thread-1] INFO  segmented.SegmentedRaftLogWorker (SegmentedRaftLogWorker.java:lambda$new$0(128)) - 39a4ff36-db48-44de-b1a6-5fbd876301f5@group-99D7973DDDB8-SegmentedRaftLogWorker: flushIndex: setUnconditionally 0 -> -1
2019-10-02 09:56:25,926 [pool-57-thread-1] INFO  server.RaftServerConfigKeys (ConfUtils.java:logGet(43)) - raft.server.snapshot.auto.trigger.enabled = true (custom)
2019-10-02 09:56:25,926 [pool-57-thread-1] INFO  server.RaftServerConfigKeys (ConfUtils.java:logGet(43)) - raft.server.snapshot.auto.trigger.threshold = 10000 (custom)
2019-10-02 09:56:25,926 [pool-57-thread-1] INFO  server.RaftServerConfigKeys (ConfUtils.java:logGet(43)) - raft.server.snapshot.retention.file.num = 5 (custom)
2019-10-02 09:56:25,926 [pool-57-thread-1] INFO  server.RaftServerConfigKeys (ConfUtils.java:logGet(43)) - raft.server.retrycache.expirytime = 600000ms (custom)
2019-10-02 09:56:25,931 [pool-57-thread-1] INFO  impl.RaftServerImpl (RaftServerImpl.java:start(181)) - 39a4ff36-db48-44de-b1a6-5fbd876301f5@group-99D7973DDDB8: start as a follower, conf=-1: [39a4ff36-db48-44de-b1a6-5fbd876301f5:192.168.5.178:37716], old=null
2019-10-02 09:56:25,932 [pool-57-thread-1] INFO  impl.RaftServerImpl (RaftServerImpl.java:setRole(170)) - 39a4ff36-db48-44de-b1a6-5fbd876301f5@group-99D7973DDDB8: changes role from      null to FOLLOWER at term 0 for startAsFollower
2019-10-02 09:56:25,932 [pool-57-thread-1] INFO  impl.RoleInfo (RoleInfo.java:updateAndGet(143)) - 39a4ff36-db48-44de-b1a6-5fbd876301f5: start FollowerState
2019-10-02 09:56:25,932 [pool-57-thread-1] INFO  util.JmxRegister (JmxRegister.java:tryRegister(44)) - Successfully registered JMX Bean with object name Ratis:service=RaftServer,group=group-99D7973DDDB8,id=39a4ff36-db48-44de-b1a6-5fbd876301f5
2019-10-02 09:56:25,952 [RatisPipelineUtilsThread] INFO  pipeline.PipelineStateManager (PipelineStateManager.java:addPipeline(56)) - Created pipeline Pipeline[ Id: 44f1b709-e33b-4580-8e79-99d7973dddb8, Nodes: 39a4ff36-db48-44de-b1a6-5fbd876301f5{ip: 192.168.5.178, host: pr-trunk-8bg6x-723665176, networkLocation: /default-rack, certSerialId: null}, Type:RATIS, Factor:ONE, State:OPEN]
2019-10-02 09:56:25,974 [grpc-default-executor-0] INFO  impl.RaftServerProxy (RaftServerProxy.java:addNew(89)) - 3fc93b3f-3a52-4a17-b8ec-5cfab34322dd: addNew group-A8154A0C965D:[3fc93b3f-3a52-4a17-b8ec-5cfab34322dd:192.168.5.178:45107] returns group-A8154A0C965D:java.util.concurrent.CompletableFuture@397fa55c[Not completed]
2019-10-02 09:56:25,978 [pool-37-thread-1] INFO  impl.RaftServerImpl (RaftServerImpl.java:<init>(95)) - 3fc93b3f-3a52-4a17-b8ec-5cfab34322dd: new RaftServerImpl for group-A8154A0C965D:[3fc93b3f-3a52-4a17-b8ec-5cfab34322dd:192.168.5.178:45107] with ContainerStateMachine:uninitialized
2019-10-02 09:56:25,978 [pool-37-thread-1] INFO  server.RaftServerConfigKeys (ConfUtils.java:logGet(43)) - raft.server.rpc.timeout.min = 5s (custom)
2019-10-02 09:56:25,978 [pool-37-thread-1] INFO  server.RaftServerConfigKeys (ConfUtils.java:logGet(43)) - raft.server.rpc.timeout.max = 5200ms (custom)
2019-10-02 09:56:25,978 [pool-37-thread-1] INFO  server.RaftServerConfigKeys (ConfUtils.java:logGet(43)) - raft.server.rpcslowness.timeout = 120s (custom)
2019-10-02 09:56:25,978 [pool-37-thread-1] INFO  server.RaftServerConfigKeys (ConfUtils.java:logGet(43)) - raft.server.sleep.deviation.threshold = 300 (default)
2019-10-02 09:56:25,979 [pool-37-thread-1] INFO  server.RaftServerConfigKeys (ConfUtils.java:logGet(43)) - raft.server.log.appender.install.snapshot.enabled = false (custom)
2019-10-02 09:56:25,979 [pool-37-thread-1] INFO  impl.RaftServerImpl (ServerState.java:<init>(103)) - 3fc93b3f-3a52-4a17-b8ec-5cfab34322dd@group-A8154A0C965D: ConfigurationManager, init=-1: [3fc93b3f-3a52-4a17-b8ec-5cfab34322dd:192.168.5.178:45107], old=null, confs=<EMPTY_MAP>
2019-10-02 09:56:25,979 [pool-37-thread-1] INFO  server.RaftServerConfigKeys (ConfUtils.java:logGet(43)) - raft.server.storage.dir = [/workdir/hadoop-ozone/integration-test/target/test-dir/MiniOzoneClusterImpl-630da8fc-ec45-49cc-80b8-0e679c12a70a/datanode-1/data/ratis] (custom)
2019-10-02 09:56:25,980 [pool-37-thread-1] INFO  server.RaftServerConfigKeys (ConfUtils.java:logGet(43)) - raft.server.log.corruption.policy = EXCEPTION (default)
2019-10-02 09:56:25,980 [pool-37-thread-1] INFO  storage.RaftStorageDirectory (RaftStorageDirectory.java:analyzeStorage(246)) - The storage directory /workdir/hadoop-ozone/integration-test/target/test-dir/MiniOzoneClusterImpl-630da8fc-ec45-49cc-80b8-0e679c12a70a/datanode-1/data/ratis/0595e93c-244f-454f-8ded-a8154a0c965d does not exist. Creating ...
2019-10-02 09:56:26,002 [pool-37-thread-1] INFO  storage.RaftStorageDirectory (RaftStorageDirectory.java:tryLock(328)) - Lock on /workdir/hadoop-ozone/integration-test/target/test-dir/MiniOzoneClusterImpl-630da8fc-ec45-49cc-80b8-0e679c12a70a/datanode-1/data/ratis/0595e93c-244f-454f-8ded-a8154a0c965d/in_use.lock acquired by nodename 10582@pr-trunk-8bg6x-723665176
2019-10-02 09:56:26,013 [pool-37-thread-1] INFO  storage.RaftStorage (RaftStorage.java:format(84)) - Storage directory /workdir/hadoop-ozone/integration-test/target/test-dir/MiniOzoneClusterImpl-630da8fc-ec45-49cc-80b8-0e679c12a70a/datanode-1/data/ratis/0595e93c-244f-454f-8ded-a8154a0c965d has been successfully formatted.
2019-10-02 09:56:26,014 [pool-37-thread-1] INFO  ratis.ContainerStateMachine (ContainerStateMachine.java:loadSnapshot(231)) - group-A8154A0C965D: The snapshot info is null. Setting the last applied indexto:(t:0, i:~)
2019-10-02 09:56:26,014 [pool-37-thread-1] INFO  server.RaftServerConfigKeys (ConfUtils.java:logGet(43)) - raft.server.notification.no-leader.timeout = 120s (custom)
2019-10-02 09:56:26,014 [pool-37-thread-1] INFO  server.RaftServerConfigKeys (ConfUtils.java:logGet(43)) - raft.server.log.use.memory = false (default)
2019-10-02 09:56:26,014 [pool-37-thread-1] INFO  server.RaftServerConfigKeys (ConfUtils.java:logGet(43)) - raft.server.log.purge.gap = 1000000 (custom)
2019-10-02 09:56:26,014 [pool-37-thread-1] INFO  server.RaftServerConfigKeys (ConfUtils.java:logGet(43)) - raft.server.log.appender.buffer.byte-limit = 33554432 (custom)
2019-10-02 09:56:26,015 [pool-37-thread-1] INFO  server.RaftServerConfigKeys (ConfUtils.java:logGet(43)) - raft.server.log.segment.size.max = 1048576 (custom)
2019-10-02 09:56:26,021 [pool-37-thread-1] INFO  server.RaftServerConfigKeys (ConfUtils.java:logGet(43)) - raft.server.log.segment.cache.num.max = 2 (custom)
2019-10-02 09:56:26,021 [pool-37-thread-1] INFO  segmented.SegmentedRaftLogWorker (SegmentedRaftLogWorker.java:<init>(173)) - new 3fc93b3f-3a52-4a17-b8ec-5cfab34322dd@group-A8154A0C965D-SegmentedRaftLogWorker for RaftStorage:Storage Directory /workdir/hadoop-ozone/integration-test/target/test-dir/MiniOzoneClusterImpl-630da8fc-ec45-49cc-80b8-0e679c12a70a/datanode-1/data/ratis/0595e93c-244f-454f-8ded-a8154a0c965d
2019-10-02 09:56:26,021 [pool-37-thread-1] INFO  server.RaftServerConfigKeys (ConfUtils.java:logGet(43)) - raft.server.log.queue.byte-limit = 2147483647 (custom)
2019-10-02 09:56:26,021 [pool-37-thread-1] INFO  server.RaftServerConfigKeys (ConfUtils.java:logGet(43)) - raft.server.log.queue.element-limit = 1024 (custom)
2019-10-02 09:56:26,021 [pool-37-thread-1] INFO  server.RaftServerConfigKeys (ConfUtils.java:logGet(43)) - raft.server.log.segment.size.max = 1048576 (custom)
2019-10-02 09:56:26,022 [pool-37-thread-1] INFO  server.RaftServerConfigKeys (ConfUtils.java:logGet(43)) - raft.server.log.preallocated.size = 16384 (custom)
2019-10-02 09:56:26,022 [pool-37-thread-1] INFO  server.RaftServerConfigKeys (ConfUtils.java:logGet(43)) - raft.server.log.write.buffer.size = 33554432 (custom)
2019-10-02 09:56:26,022 [pool-37-thread-1] INFO  server.RaftServerConfigKeys (ConfUtils.java:logGet(43)) - raft.server.log.force.sync.num = 128 (default)
2019-10-02 09:56:26,022 [pool-37-thread-1] INFO  server.RaftServerConfigKeys (ConfUtils.java:logGet(43)) - raft.server.log.statemachine.data.sync = true (default)
2019-10-02 09:56:26,022 [pool-37-thread-1] INFO  server.RaftServerConfigKeys (ConfUtils.java:logGet(43)) - raft.server.log.statemachine.data.sync.timeout = 10s (default)
2019-10-02 09:56:26,022 [pool-37-thread-1] INFO  server.RaftServerConfigKeys (ConfUtils.java:logGet(43)) - raft.server.log.statemachine.data.sync.timeout.retry = -1 (default)
2019-10-02 09:56:26,023 [pool-37-thread-1] INFO  server.RaftServerConfigKeys (ConfUtils.java:logGet(43)) - raft.server.log.statemachine.data.caching.enabled = true (custom)
2019-10-02 09:56:26,024 [pool-37-thread-1] INFO  segmented.SegmentedRaftLogWorker (SegmentedRaftLogWorker.java:lambda$new$0(128)) - 3fc93b3f-3a52-4a17-b8ec-5cfab34322dd@group-A8154A0C965D-SegmentedRaftLogWorker: flushIndex: setUnconditionally 0 -> -1
2019-10-02 09:56:26,024 [pool-37-thread-1] INFO  server.RaftServerConfigKeys (ConfUtils.java:logGet(43)) - raft.server.snapshot.auto.trigger.enabled = true (custom)
2019-10-02 09:56:26,024 [pool-37-thread-1] INFO  server.RaftServerConfigKeys (ConfUtils.java:logGet(43)) - raft.server.snapshot.auto.trigger.threshold = 10000 (custom)
2019-10-02 09:56:26,025 [pool-37-thread-1] INFO  server.RaftServerConfigKeys (ConfUtils.java:logGet(43)) - raft.server.snapshot.retention.file.num = 5 (custom)
2019-10-02 09:56:26,025 [pool-37-thread-1] INFO  server.RaftServerConfigKeys (ConfUtils.java:logGet(43)) - raft.server.retrycache.expirytime = 600000ms (custom)
2019-10-02 09:56:26,029 [pool-37-thread-1] INFO  impl.RaftServerImpl (RaftServerImpl.java:start(181)) - 3fc93b3f-3a52-4a17-b8ec-5cfab34322dd@group-A8154A0C965D: start as a follower, conf=-1: [3fc93b3f-3a52-4a17-b8ec-5cfab34322dd:192.168.5.178:45107], old=null
2019-10-02 09:56:26,030 [pool-37-thread-1] INFO  impl.RaftServerImpl (RaftServerImpl.java:setRole(170)) - 3fc93b3f-3a52-4a17-b8ec-5cfab34322dd@group-A8154A0C965D: changes role from      null to FOLLOWER at term 0 for startAsFollower
2019-10-02 09:56:26,030 [pool-37-thread-1] INFO  impl.RoleInfo (RoleInfo.java:updateAndGet(143)) - 3fc93b3f-3a52-4a17-b8ec-5cfab34322dd: start FollowerState
2019-10-02 09:56:26,030 [pool-37-thread-1] INFO  util.JmxRegister (JmxRegister.java:tryRegister(44)) - Successfully registered JMX Bean with object name Ratis:service=RaftServer,group=group-A8154A0C965D,id=3fc93b3f-3a52-4a17-b8ec-5cfab34322dd
2019-10-02 09:56:26,053 [RatisPipelineUtilsThread] INFO  pipeline.PipelineStateManager (PipelineStateManager.java:addPipeline(56)) - Created pipeline Pipeline[ Id: 0595e93c-244f-454f-8ded-a8154a0c965d, Nodes: 3fc93b3f-3a52-4a17-b8ec-5cfab34322dd{ip: 192.168.5.178, host: pr-trunk-8bg6x-723665176, networkLocation: /default-rack, certSerialId: null}, Type:RATIS, Factor:ONE, State:OPEN]
2019-10-02 09:56:26,073 [grpc-default-executor-0] INFO  impl.RaftServerProxy (RaftServerProxy.java:addNew(89)) - 9bcfc624-a847-40b5-b41d-130cbcc8f22b: addNew group-786E8A1E6CD6:[9bcfc624-a847-40b5-b41d-130cbcc8f22b:192.168.5.178:43374] returns group-786E8A1E6CD6:java.util.concurrent.CompletableFuture@19384724[Not completed]
2019-10-02 09:56:26,078 [pool-77-thread-1] INFO  impl.RaftServerImpl (RaftServerImpl.java:<init>(95)) - 9bcfc624-a847-40b5-b41d-130cbcc8f22b: new RaftServerImpl for group-786E8A1E6CD6:[9bcfc624-a847-40b5-b41d-130cbcc8f22b:192.168.5.178:43374] with ContainerStateMachine:uninitialized
2019-10-02 09:56:26,078 [pool-77-thread-1] INFO  server.RaftServerConfigKeys (ConfUtils.java:logGet(43)) - raft.server.rpc.timeout.min = 5s (custom)
2019-10-02 09:56:26,078 [pool-77-thread-1] INFO  server.RaftServerConfigKeys (ConfUtils.java:logGet(43)) - raft.server.rpc.timeout.max = 5200ms (custom)
2019-10-02 09:56:26,078 [pool-77-thread-1] INFO  server.RaftServerConfigKeys (ConfUtils.java:logGet(43)) - raft.server.rpcslowness.timeout = 120s (custom)
2019-10-02 09:56:26,078 [pool-77-thread-1] INFO  server.RaftServerConfigKeys (ConfUtils.java:logGet(43)) - raft.server.sleep.deviation.threshold = 300 (default)
2019-10-02 09:56:26,079 [pool-77-thread-1] INFO  server.RaftServerConfigKeys (ConfUtils.java:logGet(43)) - raft.server.log.appender.install.snapshot.enabled = false (custom)
2019-10-02 09:56:26,079 [pool-77-thread-1] INFO  impl.RaftServerImpl (ServerState.java:<init>(103)) - 9bcfc624-a847-40b5-b41d-130cbcc8f22b@group-786E8A1E6CD6: ConfigurationManager, init=-1: [9bcfc624-a847-40b5-b41d-130cbcc8f22b:192.168.5.178:43374], old=null, confs=<EMPTY_MAP>
2019-10-02 09:56:26,079 [pool-77-thread-1] INFO  server.RaftServerConfigKeys (ConfUtils.java:logGet(43)) - raft.server.storage.dir = [/workdir/hadoop-ozone/integration-test/target/test-dir/MiniOzoneClusterImpl-630da8fc-ec45-49cc-80b8-0e679c12a70a/datanode-5/data/ratis] (custom)
2019-10-02 09:56:26,079 [pool-77-thread-1] INFO  server.RaftServerConfigKeys (ConfUtils.java:logGet(43)) - raft.server.log.corruption.policy = EXCEPTION (default)
2019-10-02 09:56:26,079 [pool-77-thread-1] INFO  storage.RaftStorageDirectory (RaftStorageDirectory.java:analyzeStorage(246)) - The storage directory /workdir/hadoop-ozone/integration-test/target/test-dir/MiniOzoneClusterImpl-630da8fc-ec45-49cc-80b8-0e679c12a70a/datanode-5/data/ratis/3fc73488-b86d-43de-959e-786e8a1e6cd6 does not exist. Creating ...
2019-10-02 09:56:26,093 [pool-77-thread-1] INFO  storage.RaftStorageDirectory (RaftStorageDirectory.java:tryLock(328)) - Lock on /workdir/hadoop-ozone/integration-test/target/test-dir/MiniOzoneClusterImpl-630da8fc-ec45-49cc-80b8-0e679c12a70a/datanode-5/data/ratis/3fc73488-b86d-43de-959e-786e8a1e6cd6/in_use.lock acquired by nodename 10582@pr-trunk-8bg6x-723665176
2019-10-02 09:56:26,106 [pool-77-thread-1] INFO  storage.RaftStorage (RaftStorage.java:format(84)) - Storage directory /workdir/hadoop-ozone/integration-test/target/test-dir/MiniOzoneClusterImpl-630da8fc-ec45-49cc-80b8-0e679c12a70a/datanode-5/data/ratis/3fc73488-b86d-43de-959e-786e8a1e6cd6 has been successfully formatted.
2019-10-02 09:56:26,107 [pool-77-thread-1] INFO  ratis.ContainerStateMachine (ContainerStateMachine.java:loadSnapshot(231)) - group-786E8A1E6CD6: The snapshot info is null. Setting the last applied indexto:(t:0, i:~)
2019-10-02 09:56:26,107 [pool-77-thread-1] INFO  server.RaftServerConfigKeys (ConfUtils.java:logGet(43)) - raft.server.notification.no-leader.timeout = 120s (custom)
2019-10-02 09:56:26,107 [pool-77-thread-1] INFO  server.RaftServerConfigKeys (ConfUtils.java:logGet(43)) - raft.server.log.use.memory = false (default)
2019-10-02 09:56:26,107 [pool-77-thread-1] INFO  server.RaftServerConfigKeys (ConfUtils.java:logGet(43)) - raft.server.log.purge.gap = 1000000 (custom)
2019-10-02 09:56:26,107 [pool-77-thread-1] INFO  server.RaftServerConfigKeys (ConfUtils.java:logGet(43)) - raft.server.log.appender.buffer.byte-limit = 33554432 (custom)
2019-10-02 09:56:26,107 [pool-77-thread-1] INFO  server.RaftServerConfigKeys (ConfUtils.java:logGet(43)) - raft.server.log.segment.size.max = 1048576 (custom)
2019-10-02 09:56:26,111 [pool-77-thread-1] INFO  server.RaftServerConfigKeys (ConfUtils.java:logGet(43)) - raft.server.log.segment.cache.num.max = 2 (custom)
2019-10-02 09:56:26,111 [pool-77-thread-1] INFO  segmented.SegmentedRaftLogWorker (SegmentedRaftLogWorker.java:<init>(173)) - new 9bcfc624-a847-40b5-b41d-130cbcc8f22b@group-786E8A1E6CD6-SegmentedRaftLogWorker for RaftStorage:Storage Directory /workdir/hadoop-ozone/integration-test/target/test-dir/MiniOzoneClusterImpl-630da8fc-ec45-49cc-80b8-0e679c12a70a/datanode-5/data/ratis/3fc73488-b86d-43de-959e-786e8a1e6cd6
2019-10-02 09:56:26,111 [pool-77-thread-1] INFO  server.RaftServerConfigKeys (ConfUtils.java:logGet(43)) - raft.server.log.queue.byte-limit = 2147483647 (custom)
2019-10-02 09:56:26,112 [pool-77-thread-1] INFO  server.RaftServerConfigKeys (ConfUtils.java:logGet(43)) - raft.server.log.queue.element-limit = 1024 (custom)
2019-10-02 09:56:26,112 [pool-77-thread-1] INFO  server.RaftServerConfigKeys (ConfUtils.java:logGet(43)) - raft.server.log.segment.size.max = 1048576 (custom)
2019-10-02 09:56:26,112 [pool-77-thread-1] INFO  server.RaftServerConfigKeys (ConfUtils.java:logGet(43)) - raft.server.log.preallocated.size = 16384 (custom)
2019-10-02 09:56:26,112 [pool-77-thread-1] INFO  server.RaftServerConfigKeys (ConfUtils.java:logGet(43)) - raft.server.log.write.buffer.size = 33554432 (custom)
2019-10-02 09:56:26,112 [pool-77-thread-1] INFO  server.RaftServerConfigKeys (ConfUtils.java:logGet(43)) - raft.server.log.force.sync.num = 128 (default)
2019-10-02 09:56:26,112 [pool-77-thread-1] INFO  server.RaftServerConfigKeys (ConfUtils.java:logGet(43)) - raft.server.log.statemachine.data.sync = true (default)
2019-10-02 09:56:26,113 [pool-77-thread-1] INFO  server.RaftServerConfigKeys (ConfUtils.java:logGet(43)) - raft.server.log.statemachine.data.sync.timeout = 10s (default)
2019-10-02 09:56:26,113 [pool-77-thread-1] INFO  server.RaftServerConfigKeys (ConfUtils.java:logGet(43)) - raft.server.log.statemachine.data.sync.timeout.retry = -1 (default)
2019-10-02 09:56:26,113 [pool-77-thread-1] INFO  server.RaftServerConfigKeys (ConfUtils.java:logGet(43)) - raft.server.log.statemachine.data.caching.enabled = true (custom)
2019-10-02 09:56:26,114 [pool-77-thread-1] INFO  segmented.SegmentedRaftLogWorker (SegmentedRaftLogWorker.java:lambda$new$0(128)) - 9bcfc624-a847-40b5-b41d-130cbcc8f22b@group-786E8A1E6CD6-SegmentedRaftLogWorker: flushIndex: setUnconditionally 0 -> -1
2019-10-02 09:56:26,114 [pool-77-thread-1] INFO  server.RaftServerConfigKeys (ConfUtils.java:logGet(43)) - raft.server.snapshot.auto.trigger.enabled = true (custom)
2019-10-02 09:56:26,114 [pool-77-thread-1] INFO  server.RaftServerConfigKeys (ConfUtils.java:logGet(43)) - raft.server.snapshot.auto.trigger.threshold = 10000 (custom)
2019-10-02 09:56:26,115 [pool-77-thread-1] INFO  server.RaftServerConfigKeys (ConfUtils.java:logGet(43)) - raft.server.snapshot.retention.file.num = 5 (custom)
2019-10-02 09:56:26,115 [pool-77-thread-1] INFO  server.RaftServerConfigKeys (ConfUtils.java:logGet(43)) - raft.server.retrycache.expirytime = 600000ms (custom)
2019-10-02 09:56:26,118 [pool-77-thread-1] INFO  impl.RaftServerImpl (RaftServerImpl.java:start(181)) - 9bcfc624-a847-40b5-b41d-130cbcc8f22b@group-786E8A1E6CD6: start as a follower, conf=-1: [9bcfc624-a847-40b5-b41d-130cbcc8f22b:192.168.5.178:43374], old=null
2019-10-02 09:56:26,118 [pool-77-thread-1] INFO  impl.RaftServerImpl (RaftServerImpl.java:setRole(170)) - 9bcfc624-a847-40b5-b41d-130cbcc8f22b@group-786E8A1E6CD6: changes role from      null to FOLLOWER at term 0 for startAsFollower
2019-10-02 09:56:26,118 [pool-77-thread-1] INFO  impl.RoleInfo (RoleInfo.java:updateAndGet(143)) - 9bcfc624-a847-40b5-b41d-130cbcc8f22b: start FollowerState
2019-10-02 09:56:26,119 [pool-77-thread-1] INFO  util.JmxRegister (JmxRegister.java:tryRegister(44)) - Successfully registered JMX Bean with object name Ratis:service=RaftServer,group=group-786E8A1E6CD6,id=9bcfc624-a847-40b5-b41d-130cbcc8f22b
2019-10-02 09:56:26,139 [RatisPipelineUtilsThread] INFO  pipeline.PipelineStateManager (PipelineStateManager.java:addPipeline(56)) - Created pipeline Pipeline[ Id: 3fc73488-b86d-43de-959e-786e8a1e6cd6, Nodes: 9bcfc624-a847-40b5-b41d-130cbcc8f22b{ip: 192.168.5.178, host: pr-trunk-8bg6x-723665176, networkLocation: /default-rack, certSerialId: null}, Type:RATIS, Factor:ONE, State:OPEN]
2019-10-02 09:56:26,166 [grpc-default-executor-0] INFO  impl.RaftServerProxy (RaftServerProxy.java:addNew(89)) - 67b996e5-612b-4a65-9edf-95c78746ed20: addNew group-BE86A8521CB1:[67b996e5-612b-4a65-9edf-95c78746ed20:192.168.5.178:32809] returns group-BE86A8521CB1:java.util.concurrent.CompletableFuture@4b7c3327[Not completed]
2019-10-02 09:56:26,170 [pool-47-thread-1] INFO  impl.RaftServerImpl (RaftServerImpl.java:<init>(95)) - 67b996e5-612b-4a65-9edf-95c78746ed20: new RaftServerImpl for group-BE86A8521CB1:[67b996e5-612b-4a65-9edf-95c78746ed20:192.168.5.178:32809] with ContainerStateMachine:uninitialized
2019-10-02 09:56:26,170 [pool-47-thread-1] INFO  server.RaftServerConfigKeys (ConfUtils.java:logGet(43)) - raft.server.rpc.timeout.min = 5s (custom)
2019-10-02 09:56:26,170 [pool-47-thread-1] INFO  server.RaftServerConfigKeys (ConfUtils.java:logGet(43)) - raft.server.rpc.timeout.max = 5200ms (custom)
2019-10-02 09:56:26,171 [pool-47-thread-1] INFO  server.RaftServerConfigKeys (ConfUtils.java:logGet(43)) - raft.server.rpcslowness.timeout = 120s (custom)
2019-10-02 09:56:26,171 [pool-47-thread-1] INFO  server.RaftServerConfigKeys (ConfUtils.java:logGet(43)) - raft.server.sleep.deviation.threshold = 300 (default)
2019-10-02 09:56:26,171 [pool-47-thread-1] INFO  server.RaftServerConfigKeys (ConfUtils.java:logGet(43)) - raft.server.log.appender.install.snapshot.enabled = false (custom)
2019-10-02 09:56:26,171 [pool-47-thread-1] INFO  impl.RaftServerImpl (ServerState.java:<init>(103)) - 67b996e5-612b-4a65-9edf-95c78746ed20@group-BE86A8521CB1: ConfigurationManager, init=-1: [67b996e5-612b-4a65-9edf-95c78746ed20:192.168.5.178:32809], old=null, confs=<EMPTY_MAP>
2019-10-02 09:56:26,172 [pool-47-thread-1] INFO  server.RaftServerConfigKeys (ConfUtils.java:logGet(43)) - raft.server.storage.dir = [/workdir/hadoop-ozone/integration-test/target/test-dir/MiniOzoneClusterImpl-630da8fc-ec45-49cc-80b8-0e679c12a70a/datanode-2/data/ratis] (custom)
2019-10-02 09:56:26,172 [pool-47-thread-1] INFO  server.RaftServerConfigKeys (ConfUtils.java:logGet(43)) - raft.server.log.corruption.policy = EXCEPTION (default)
2019-10-02 09:56:26,172 [pool-47-thread-1] INFO  storage.RaftStorageDirectory (RaftStorageDirectory.java:analyzeStorage(246)) - The storage directory /workdir/hadoop-ozone/integration-test/target/test-dir/MiniOzoneClusterImpl-630da8fc-ec45-49cc-80b8-0e679c12a70a/datanode-2/data/ratis/ce240b3a-85c4-44ee-abaf-be86a8521cb1 does not exist. Creating ...
2019-10-02 09:56:26,186 [pool-47-thread-1] INFO  storage.RaftStorageDirectory (RaftStorageDirectory.java:tryLock(328)) - Lock on /workdir/hadoop-ozone/integration-test/target/test-dir/MiniOzoneClusterImpl-630da8fc-ec45-49cc-80b8-0e679c12a70a/datanode-2/data/ratis/ce240b3a-85c4-44ee-abaf-be86a8521cb1/in_use.lock acquired by nodename 10582@pr-trunk-8bg6x-723665176
2019-10-02 09:56:26,189 [main] INFO  ozone.MiniOzoneClusterImpl (MiniOzoneClusterImpl.java:lambda$waitForClusterToBeReady$0(147)) - Cluster is ready. Got 7 of 7 DN Heartbeats.
2019-10-02 09:56:26,199 [pool-47-thread-1] INFO  storage.RaftStorage (RaftStorage.java:format(84)) - Storage directory /workdir/hadoop-ozone/integration-test/target/test-dir/MiniOzoneClusterImpl-630da8fc-ec45-49cc-80b8-0e679c12a70a/datanode-2/data/ratis/ce240b3a-85c4-44ee-abaf-be86a8521cb1 has been successfully formatted.
2019-10-02 09:56:26,200 [pool-47-thread-1] INFO  ratis.ContainerStateMachine (ContainerStateMachine.java:loadSnapshot(231)) - group-BE86A8521CB1: The snapshot info is null. Setting the last applied indexto:(t:0, i:~)
2019-10-02 09:56:26,200 [pool-47-thread-1] INFO  server.RaftServerConfigKeys (ConfUtils.java:logGet(43)) - raft.server.notification.no-leader.timeout = 120s (custom)
2019-10-02 09:56:26,200 [pool-47-thread-1] INFO  server.RaftServerConfigKeys (ConfUtils.java:logGet(43)) - raft.server.log.use.memory = false (default)
2019-10-02 09:56:26,200 [pool-47-thread-1] INFO  server.RaftServerConfigKeys (ConfUtils.java:logGet(43)) - raft.server.log.purge.gap = 1000000 (custom)
2019-10-02 09:56:26,200 [pool-47-thread-1] INFO  server.RaftServerConfigKeys (ConfUtils.java:logGet(43)) - raft.server.log.appender.buffer.byte-limit = 33554432 (custom)
2019-10-02 09:56:26,201 [pool-47-thread-1] INFO  server.RaftServerConfigKeys (ConfUtils.java:logGet(43)) - raft.server.log.segment.size.max = 1048576 (custom)
2019-10-02 09:56:26,203 [pool-47-thread-1] INFO  server.RaftServerConfigKeys (ConfUtils.java:logGet(43)) - raft.server.log.segment.cache.num.max = 2 (custom)
2019-10-02 09:56:26,204 [pool-47-thread-1] INFO  segmented.SegmentedRaftLogWorker (SegmentedRaftLogWorker.java:<init>(173)) - new 67b996e5-612b-4a65-9edf-95c78746ed20@group-BE86A8521CB1-SegmentedRaftLogWorker for RaftStorage:Storage Directory /workdir/hadoop-ozone/integration-test/target/test-dir/MiniOzoneClusterImpl-630da8fc-ec45-49cc-80b8-0e679c12a70a/datanode-2/data/ratis/ce240b3a-85c4-44ee-abaf-be86a8521cb1
2019-10-02 09:56:26,204 [pool-47-thread-1] INFO  server.RaftServerConfigKeys (ConfUtils.java:logGet(43)) - raft.server.log.queue.byte-limit = 2147483647 (custom)
2019-10-02 09:56:26,204 [pool-47-thread-1] INFO  server.RaftServerConfigKeys (ConfUtils.java:logGet(43)) - raft.server.log.queue.element-limit = 1024 (custom)
2019-10-02 09:56:26,204 [pool-47-thread-1] INFO  server.RaftServerConfigKeys (ConfUtils.java:logGet(43)) - raft.server.log.segment.size.max = 1048576 (custom)
2019-10-02 09:56:26,204 [pool-47-thread-1] INFO  server.RaftServerConfigKeys (ConfUtils.java:logGet(43)) - raft.server.log.preallocated.size = 16384 (custom)
2019-10-02 09:56:26,204 [pool-47-thread-1] INFO  server.RaftServerConfigKeys (ConfUtils.java:logGet(43)) - raft.server.log.write.buffer.size = 33554432 (custom)
2019-10-02 09:56:26,205 [pool-47-thread-1] INFO  server.RaftServerConfigKeys (ConfUtils.java:logGet(43)) - raft.server.log.force.sync.num = 128 (default)
2019-10-02 09:56:26,205 [pool-47-thread-1] INFO  server.RaftServerConfigKeys (ConfUtils.java:logGet(43)) - raft.server.log.statemachine.data.sync = true (default)
2019-10-02 09:56:26,205 [pool-47-thread-1] INFO  server.RaftServerConfigKeys (ConfUtils.java:logGet(43)) - raft.server.log.statemachine.data.sync.timeout = 10s (default)
2019-10-02 09:56:26,205 [pool-47-thread-1] INFO  server.RaftServerConfigKeys (ConfUtils.java:logGet(43)) - raft.server.log.statemachine.data.sync.timeout.retry = -1 (default)
2019-10-02 09:56:26,206 [pool-47-thread-1] INFO  server.RaftServerConfigKeys (ConfUtils.java:logGet(43)) - raft.server.log.statemachine.data.caching.enabled = true (custom)
2019-10-02 09:56:26,206 [pool-47-thread-1] INFO  segmented.SegmentedRaftLogWorker (SegmentedRaftLogWorker.java:lambda$new$0(128)) - 67b996e5-612b-4a65-9edf-95c78746ed20@group-BE86A8521CB1-SegmentedRaftLogWorker: flushIndex: setUnconditionally 0 -> -1
2019-10-02 09:56:26,206 [pool-47-thread-1] INFO  server.RaftServerConfigKeys (ConfUtils.java:logGet(43)) - raft.server.snapshot.auto.trigger.enabled = true (custom)
2019-10-02 09:56:26,207 [pool-47-thread-1] INFO  server.RaftServerConfigKeys (ConfUtils.java:logGet(43)) - raft.server.snapshot.auto.trigger.threshold = 10000 (custom)
2019-10-02 09:56:26,207 [pool-47-thread-1] INFO  server.RaftServerConfigKeys (ConfUtils.java:logGet(43)) - raft.server.snapshot.retention.file.num = 5 (custom)
2019-10-02 09:56:26,207 [pool-47-thread-1] INFO  server.RaftServerConfigKeys (ConfUtils.java:logGet(43)) - raft.server.retrycache.expirytime = 600000ms (custom)
2019-10-02 09:56:26,210 [pool-47-thread-1] INFO  impl.RaftServerImpl (RaftServerImpl.java:start(181)) - 67b996e5-612b-4a65-9edf-95c78746ed20@group-BE86A8521CB1: start as a follower, conf=-1: [67b996e5-612b-4a65-9edf-95c78746ed20:192.168.5.178:32809], old=null
2019-10-02 09:56:26,210 [pool-47-thread-1] INFO  impl.RaftServerImpl (RaftServerImpl.java:setRole(170)) - 67b996e5-612b-4a65-9edf-95c78746ed20@group-BE86A8521CB1: changes role from      null to FOLLOWER at term 0 for startAsFollower
2019-10-02 09:56:26,210 [pool-47-thread-1] INFO  impl.RoleInfo (RoleInfo.java:updateAndGet(143)) - 67b996e5-612b-4a65-9edf-95c78746ed20: start FollowerState
2019-10-02 09:56:26,211 [pool-47-thread-1] INFO  util.JmxRegister (JmxRegister.java:tryRegister(44)) - Successfully registered JMX Bean with object name Ratis:service=RaftServer,group=group-BE86A8521CB1,id=67b996e5-612b-4a65-9edf-95c78746ed20
2019-10-02 09:56:26,230 [RatisPipelineUtilsThread] INFO  pipeline.PipelineStateManager (PipelineStateManager.java:addPipeline(56)) - Created pipeline Pipeline[ Id: ce240b3a-85c4-44ee-abaf-be86a8521cb1, Nodes: 67b996e5-612b-4a65-9edf-95c78746ed20{ip: 192.168.5.178, host: pr-trunk-8bg6x-723665176, networkLocation: /default-rack, certSerialId: null}, Type:RATIS, Factor:ONE, State:OPEN]
2019-10-02 09:56:26,253 [grpc-default-executor-0] INFO  impl.RaftServerProxy (RaftServerProxy.java:addNew(89)) - 459bb913-cbfc-493e-bb85-f2feb0fd9e00: addNew group-A31B717A3C93:[459bb913-cbfc-493e-bb85-f2feb0fd9e00:192.168.5.178:45904] returns group-A31B717A3C93:java.util.concurrent.CompletableFuture@3bec79b0[Not completed]
2019-10-02 09:56:26,260 [pool-87-thread-1] INFO  impl.RaftServerImpl (RaftServerImpl.java:<init>(95)) - 459bb913-cbfc-493e-bb85-f2feb0fd9e00: new RaftServerImpl for group-A31B717A3C93:[459bb913-cbfc-493e-bb85-f2feb0fd9e00:192.168.5.178:45904] with ContainerStateMachine:uninitialized
2019-10-02 09:56:26,260 [pool-87-thread-1] INFO  server.RaftServerConfigKeys (ConfUtils.java:logGet(43)) - raft.server.rpc.timeout.min = 5s (custom)
2019-10-02 09:56:26,260 [pool-87-thread-1] INFO  server.RaftServerConfigKeys (ConfUtils.java:logGet(43)) - raft.server.rpc.timeout.max = 5200ms (custom)
2019-10-02 09:56:26,261 [pool-87-thread-1] INFO  server.RaftServerConfigKeys (ConfUtils.java:logGet(43)) - raft.server.rpcslowness.timeout = 120s (custom)
2019-10-02 09:56:26,261 [pool-87-thread-1] INFO  server.RaftServerConfigKeys (ConfUtils.java:logGet(43)) - raft.server.sleep.deviation.threshold = 300 (default)
2019-10-02 09:56:26,261 [pool-87-thread-1] INFO  server.RaftServerConfigKeys (ConfUtils.java:logGet(43)) - raft.server.log.appender.install.snapshot.enabled = false (custom)
2019-10-02 09:56:26,261 [pool-87-thread-1] INFO  impl.RaftServerImpl (ServerState.java:<init>(103)) - 459bb913-cbfc-493e-bb85-f2feb0fd9e00@group-A31B717A3C93: ConfigurationManager, init=-1: [459bb913-cbfc-493e-bb85-f2feb0fd9e00:192.168.5.178:45904], old=null, confs=<EMPTY_MAP>
2019-10-02 09:56:26,261 [pool-87-thread-1] INFO  server.RaftServerConfigKeys (ConfUtils.java:logGet(43)) - raft.server.storage.dir = [/workdir/hadoop-ozone/integration-test/target/test-dir/MiniOzoneClusterImpl-630da8fc-ec45-49cc-80b8-0e679c12a70a/datanode-6/data/ratis] (custom)
2019-10-02 09:56:26,262 [pool-87-thread-1] INFO  server.RaftServerConfigKeys (ConfUtils.java:logGet(43)) - raft.server.log.corruption.policy = EXCEPTION (default)
2019-10-02 09:56:26,262 [pool-87-thread-1] INFO  storage.RaftStorageDirectory (RaftStorageDirectory.java:analyzeStorage(246)) - The storage directory /workdir/hadoop-ozone/integration-test/target/test-dir/MiniOzoneClusterImpl-630da8fc-ec45-49cc-80b8-0e679c12a70a/datanode-6/data/ratis/d9cd4603-2faa-40f8-9dd6-a31b717a3c93 does not exist. Creating ...
2019-10-02 09:56:26,275 [pool-87-thread-1] INFO  storage.RaftStorageDirectory (RaftStorageDirectory.java:tryLock(328)) - Lock on /workdir/hadoop-ozone/integration-test/target/test-dir/MiniOzoneClusterImpl-630da8fc-ec45-49cc-80b8-0e679c12a70a/datanode-6/data/ratis/d9cd4603-2faa-40f8-9dd6-a31b717a3c93/in_use.lock acquired by nodename 10582@pr-trunk-8bg6x-723665176
2019-10-02 09:56:26,292 [pool-87-thread-1] INFO  storage.RaftStorage (RaftStorage.java:format(84)) - Storage directory /workdir/hadoop-ozone/integration-test/target/test-dir/MiniOzoneClusterImpl-630da8fc-ec45-49cc-80b8-0e679c12a70a/datanode-6/data/ratis/d9cd4603-2faa-40f8-9dd6-a31b717a3c93 has been successfully formatted.
2019-10-02 09:56:26,292 [pool-87-thread-1] INFO  ratis.ContainerStateMachine (ContainerStateMachine.java:loadSnapshot(231)) - group-A31B717A3C93: The snapshot info is null. Setting the last applied indexto:(t:0, i:~)
2019-10-02 09:56:26,292 [pool-87-thread-1] INFO  server.RaftServerConfigKeys (ConfUtils.java:logGet(43)) - raft.server.notification.no-leader.timeout = 120s (custom)
2019-10-02 09:56:26,293 [pool-87-thread-1] INFO  server.RaftServerConfigKeys (ConfUtils.java:logGet(43)) - raft.server.log.use.memory = false (default)
2019-10-02 09:56:26,293 [pool-87-thread-1] INFO  server.RaftServerConfigKeys (ConfUtils.java:logGet(43)) - raft.server.log.purge.gap = 1000000 (custom)
2019-10-02 09:56:26,293 [pool-87-thread-1] INFO  server.RaftServerConfigKeys (ConfUtils.java:logGet(43)) - raft.server.log.appender.buffer.byte-limit = 33554432 (custom)
2019-10-02 09:56:26,293 [pool-87-thread-1] INFO  server.RaftServerConfigKeys (ConfUtils.java:logGet(43)) - raft.server.log.segment.size.max = 1048576 (custom)
2019-10-02 09:56:26,298 [pool-87-thread-1] INFO  server.RaftServerConfigKeys (ConfUtils.java:logGet(43)) - raft.server.log.segment.cache.num.max = 2 (custom)
2019-10-02 09:56:26,298 [pool-87-thread-1] INFO  segmented.SegmentedRaftLogWorker (SegmentedRaftLogWorker.java:<init>(173)) - new 459bb913-cbfc-493e-bb85-f2feb0fd9e00@group-A31B717A3C93-SegmentedRaftLogWorker for RaftStorage:Storage Directory /workdir/hadoop-ozone/integration-test/target/test-dir/MiniOzoneClusterImpl-630da8fc-ec45-49cc-80b8-0e679c12a70a/datanode-6/data/ratis/d9cd4603-2faa-40f8-9dd6-a31b717a3c93
2019-10-02 09:56:26,298 [pool-87-thread-1] INFO  server.RaftServerConfigKeys (ConfUtils.java:logGet(43)) - raft.server.log.queue.byte-limit = 2147483647 (custom)
2019-10-02 09:56:26,298 [pool-87-thread-1] INFO  server.RaftServerConfigKeys (ConfUtils.java:logGet(43)) - raft.server.log.queue.element-limit = 1024 (custom)
2019-10-02 09:56:26,298 [pool-87-thread-1] INFO  server.RaftServerConfigKeys (ConfUtils.java:logGet(43)) - raft.server.log.segment.size.max = 1048576 (custom)
2019-10-02 09:56:26,299 [pool-87-thread-1] INFO  server.RaftServerConfigKeys (ConfUtils.java:logGet(43)) - raft.server.log.preallocated.size = 16384 (custom)
2019-10-02 09:56:26,299 [pool-87-thread-1] INFO  server.RaftServerConfigKeys (ConfUtils.java:logGet(43)) - raft.server.log.write.buffer.size = 33554432 (custom)
2019-10-02 09:56:26,299 [pool-87-thread-1] INFO  server.RaftServerConfigKeys (ConfUtils.java:logGet(43)) - raft.server.log.force.sync.num = 128 (default)
2019-10-02 09:56:26,299 [pool-87-thread-1] INFO  server.RaftServerConfigKeys (ConfUtils.java:logGet(43)) - raft.server.log.statemachine.data.sync = true (default)
2019-10-02 09:56:26,299 [pool-87-thread-1] INFO  server.RaftServerConfigKeys (ConfUtils.java:logGet(43)) - raft.server.log.statemachine.data.sync.timeout = 10s (default)
2019-10-02 09:56:26,300 [pool-87-thread-1] INFO  server.RaftServerConfigKeys (ConfUtils.java:logGet(43)) - raft.server.log.statemachine.data.sync.timeout.retry = -1 (default)
2019-10-02 09:56:26,301 [pool-87-thread-1] INFO  server.RaftServerConfigKeys (ConfUtils.java:logGet(43)) - raft.server.log.statemachine.data.caching.enabled = true (custom)
2019-10-02 09:56:26,301 [pool-87-thread-1] INFO  segmented.SegmentedRaftLogWorker (SegmentedRaftLogWorker.java:lambda$new$0(128)) - 459bb913-cbfc-493e-bb85-f2feb0fd9e00@group-A31B717A3C93-SegmentedRaftLogWorker: flushIndex: setUnconditionally 0 -> -1
2019-10-02 09:56:26,301 [pool-87-thread-1] INFO  server.RaftServerConfigKeys (ConfUtils.java:logGet(43)) - raft.server.snapshot.auto.trigger.enabled = true (custom)
2019-10-02 09:56:26,302 [pool-87-thread-1] INFO  server.RaftServerConfigKeys (ConfUtils.java:logGet(43)) - raft.server.snapshot.auto.trigger.threshold = 10000 (custom)
2019-10-02 09:56:26,302 [pool-87-thread-1] INFO  server.RaftServerConfigKeys (ConfUtils.java:logGet(43)) - raft.server.snapshot.retention.file.num = 5 (custom)
2019-10-02 09:56:26,302 [pool-87-thread-1] INFO  server.RaftServerConfigKeys (ConfUtils.java:logGet(43)) - raft.server.retrycache.expirytime = 600000ms (custom)
2019-10-02 09:56:26,306 [pool-87-thread-1] INFO  impl.RaftServerImpl (RaftServerImpl.java:start(181)) - 459bb913-cbfc-493e-bb85-f2feb0fd9e00@group-A31B717A3C93: start as a follower, conf=-1: [459bb913-cbfc-493e-bb85-f2feb0fd9e00:192.168.5.178:45904], old=null
2019-10-02 09:56:26,306 [pool-87-thread-1] INFO  impl.RaftServerImpl (RaftServerImpl.java:setRole(170)) - 459bb913-cbfc-493e-bb85-f2feb0fd9e00@group-A31B717A3C93: changes role from      null to FOLLOWER at term 0 for startAsFollower
2019-10-02 09:56:26,306 [pool-87-thread-1] INFO  impl.RoleInfo (RoleInfo.java:updateAndGet(143)) - 459bb913-cbfc-493e-bb85-f2feb0fd9e00: start FollowerState
2019-10-02 09:56:26,307 [pool-87-thread-1] INFO  util.JmxRegister (JmxRegister.java:tryRegister(44)) - Successfully registered JMX Bean with object name Ratis:service=RaftServer,group=group-A31B717A3C93,id=459bb913-cbfc-493e-bb85-f2feb0fd9e00
2019-10-02 09:56:26,332 [RatisPipelineUtilsThread] INFO  pipeline.PipelineStateManager (PipelineStateManager.java:addPipeline(56)) - Created pipeline Pipeline[ Id: d9cd4603-2faa-40f8-9dd6-a31b717a3c93, Nodes: 459bb913-cbfc-493e-bb85-f2feb0fd9e00{ip: 192.168.5.178, host: pr-trunk-8bg6x-723665176, networkLocation: /default-rack, certSerialId: null}, Type:RATIS, Factor:ONE, State:OPEN]
2019-10-02 09:56:26,369 [grpc-default-executor-1] INFO  impl.RaftServerProxy (RaftServerProxy.java:addNew(89)) - 561404ce-d9c8-42fd-9d5f-d8b84ab53bec: addNew group-AD9EC464EF2D:[39a4ff36-db48-44de-b1a6-5fbd876301f5:192.168.5.178:37716, 561404ce-d9c8-42fd-9d5f-d8b84ab53bec:192.168.5.178:41352, d341b98d-0f02-46e0-bfd5-027dc15f0188:192.168.5.178:39764] returns group-AD9EC464EF2D:java.util.concurrent.CompletableFuture@3921b4f6[Not completed]
2019-10-02 09:56:26,369 [grpc-default-executor-0] INFO  impl.RaftServerProxy (RaftServerProxy.java:addNew(89)) - d341b98d-0f02-46e0-bfd5-027dc15f0188: addNew group-AD9EC464EF2D:[39a4ff36-db48-44de-b1a6-5fbd876301f5:192.168.5.178:37716, 561404ce-d9c8-42fd-9d5f-d8b84ab53bec:192.168.5.178:41352, d341b98d-0f02-46e0-bfd5-027dc15f0188:192.168.5.178:39764] returns group-AD9EC464EF2D:java.util.concurrent.CompletableFuture@3347c0da[Not completed]
2019-10-02 09:56:26,369 [grpc-default-executor-2] INFO  impl.RaftServerProxy (RaftServerProxy.java:addNew(89)) - 39a4ff36-db48-44de-b1a6-5fbd876301f5: addNew group-AD9EC464EF2D:[39a4ff36-db48-44de-b1a6-5fbd876301f5:192.168.5.178:37716, 561404ce-d9c8-42fd-9d5f-d8b84ab53bec:192.168.5.178:41352, d341b98d-0f02-46e0-bfd5-027dc15f0188:192.168.5.178:39764] returns group-AD9EC464EF2D:java.util.concurrent.CompletableFuture@3b08543d[Not completed]
2019-10-02 09:56:26,372 [pool-67-thread-1] INFO  impl.RaftServerImpl (RaftServerImpl.java:<init>(95)) - 561404ce-d9c8-42fd-9d5f-d8b84ab53bec: new RaftServerImpl for group-AD9EC464EF2D:[39a4ff36-db48-44de-b1a6-5fbd876301f5:192.168.5.178:37716, 561404ce-d9c8-42fd-9d5f-d8b84ab53bec:192.168.5.178:41352, d341b98d-0f02-46e0-bfd5-027dc15f0188:192.168.5.178:39764] with ContainerStateMachine:uninitialized
2019-10-02 09:56:26,373 [pool-67-thread-1] INFO  server.RaftServerConfigKeys (ConfUtils.java:logGet(43)) - raft.server.rpc.timeout.min = 5s (custom)
2019-10-02 09:56:26,373 [pool-67-thread-1] INFO  server.RaftServerConfigKeys (ConfUtils.java:logGet(43)) - raft.server.rpc.timeout.max = 5200ms (custom)
2019-10-02 09:56:26,373 [pool-67-thread-1] INFO  server.RaftServerConfigKeys (ConfUtils.java:logGet(43)) - raft.server.rpcslowness.timeout = 120s (custom)
2019-10-02 09:56:26,373 [pool-67-thread-1] INFO  server.RaftServerConfigKeys (ConfUtils.java:logGet(43)) - raft.server.sleep.deviation.threshold = 300 (default)
2019-10-02 09:56:26,373 [pool-67-thread-1] INFO  server.RaftServerConfigKeys (ConfUtils.java:logGet(43)) - raft.server.log.appender.install.snapshot.enabled = false (custom)
2019-10-02 09:56:26,373 [pool-27-thread-1] INFO  impl.RaftServerImpl (RaftServerImpl.java:<init>(95)) - d341b98d-0f02-46e0-bfd5-027dc15f0188: new RaftServerImpl for group-AD9EC464EF2D:[39a4ff36-db48-44de-b1a6-5fbd876301f5:192.168.5.178:37716, 561404ce-d9c8-42fd-9d5f-d8b84ab53bec:192.168.5.178:41352, d341b98d-0f02-46e0-bfd5-027dc15f0188:192.168.5.178:39764] with ContainerStateMachine:uninitialized
2019-10-02 09:56:26,373 [pool-67-thread-1] INFO  impl.RaftServerImpl (ServerState.java:<init>(103)) - 561404ce-d9c8-42fd-9d5f-d8b84ab53bec@group-AD9EC464EF2D: ConfigurationManager, init=-1: [39a4ff36-db48-44de-b1a6-5fbd876301f5:192.168.5.178:37716, 561404ce-d9c8-42fd-9d5f-d8b84ab53bec:192.168.5.178:41352, d341b98d-0f02-46e0-bfd5-027dc15f0188:192.168.5.178:39764], old=null, confs=<EMPTY_MAP>
2019-10-02 09:56:26,374 [pool-27-thread-1] INFO  server.RaftServerConfigKeys (ConfUtils.java:logGet(43)) - raft.server.rpc.timeout.min = 5s (custom)
2019-10-02 09:56:26,374 [pool-27-thread-1] INFO  server.RaftServerConfigKeys (ConfUtils.java:logGet(43)) - raft.server.rpc.timeout.max = 5200ms (custom)
2019-10-02 09:56:26,374 [pool-67-thread-1] INFO  server.RaftServerConfigKeys (ConfUtils.java:logGet(43)) - raft.server.storage.dir = [/workdir/hadoop-ozone/integration-test/target/test-dir/MiniOzoneClusterImpl-630da8fc-ec45-49cc-80b8-0e679c12a70a/datanode-4/data/ratis] (custom)
2019-10-02 09:56:26,374 [pool-27-thread-1] INFO  server.RaftServerConfigKeys (ConfUtils.java:logGet(43)) - raft.server.rpcslowness.timeout = 120s (custom)
2019-10-02 09:56:26,374 [pool-27-thread-1] INFO  server.RaftServerConfigKeys (ConfUtils.java:logGet(43)) - raft.server.sleep.deviation.threshold = 300 (default)
2019-10-02 09:56:26,374 [pool-27-thread-1] INFO  server.RaftServerConfigKeys (ConfUtils.java:logGet(43)) - raft.server.log.appender.install.snapshot.enabled = false (custom)
2019-10-02 09:56:26,374 [pool-67-thread-1] INFO  server.RaftServerConfigKeys (ConfUtils.java:logGet(43)) - raft.server.log.corruption.policy = EXCEPTION (default)
2019-10-02 09:56:26,374 [pool-27-thread-1] INFO  impl.RaftServerImpl (ServerState.java:<init>(103)) - d341b98d-0f02-46e0-bfd5-027dc15f0188@group-AD9EC464EF2D: ConfigurationManager, init=-1: [39a4ff36-db48-44de-b1a6-5fbd876301f5:192.168.5.178:37716, 561404ce-d9c8-42fd-9d5f-d8b84ab53bec:192.168.5.178:41352, d341b98d-0f02-46e0-bfd5-027dc15f0188:192.168.5.178:39764], old=null, confs=<EMPTY_MAP>
2019-10-02 09:56:26,375 [pool-67-thread-1] INFO  storage.RaftStorageDirectory (RaftStorageDirectory.java:analyzeStorage(246)) - The storage directory /workdir/hadoop-ozone/integration-test/target/test-dir/MiniOzoneClusterImpl-630da8fc-ec45-49cc-80b8-0e679c12a70a/datanode-4/data/ratis/aac88eae-553d-48cb-aa21-ad9ec464ef2d does not exist. Creating ...
2019-10-02 09:56:26,375 [pool-27-thread-1] INFO  server.RaftServerConfigKeys (ConfUtils.java:logGet(43)) - raft.server.storage.dir = [/workdir/hadoop-ozone/integration-test/target/test-dir/MiniOzoneClusterImpl-630da8fc-ec45-49cc-80b8-0e679c12a70a/datanode-0/data/ratis] (custom)
2019-10-02 09:56:26,375 [pool-57-thread-1] INFO  impl.RaftServerImpl (RaftServerImpl.java:<init>(95)) - 39a4ff36-db48-44de-b1a6-5fbd876301f5: new RaftServerImpl for group-AD9EC464EF2D:[39a4ff36-db48-44de-b1a6-5fbd876301f5:192.168.5.178:37716, 561404ce-d9c8-42fd-9d5f-d8b84ab53bec:192.168.5.178:41352, d341b98d-0f02-46e0-bfd5-027dc15f0188:192.168.5.178:39764] with ContainerStateMachine:uninitialized
2019-10-02 09:56:26,375 [pool-27-thread-1] INFO  server.RaftServerConfigKeys (ConfUtils.java:logGet(43)) - raft.server.log.corruption.policy = EXCEPTION (default)
2019-10-02 09:56:26,375 [pool-57-thread-1] INFO  server.RaftServerConfigKeys (ConfUtils.java:logGet(43)) - raft.server.rpc.timeout.min = 5s (custom)
2019-10-02 09:56:26,375 [pool-27-thread-1] INFO  storage.RaftStorageDirectory (RaftStorageDirectory.java:analyzeStorage(246)) - The storage directory /workdir/hadoop-ozone/integration-test/target/test-dir/MiniOzoneClusterImpl-630da8fc-ec45-49cc-80b8-0e679c12a70a/datanode-0/data/ratis/aac88eae-553d-48cb-aa21-ad9ec464ef2d does not exist. Creating ...
2019-10-02 09:56:26,376 [pool-57-thread-1] INFO  server.RaftServerConfigKeys (ConfUtils.java:logGet(43)) - raft.server.rpc.timeout.max = 5200ms (custom)
2019-10-02 09:56:26,376 [pool-57-thread-1] INFO  server.RaftServerConfigKeys (ConfUtils.java:logGet(43)) - raft.server.rpcslowness.timeout = 120s (custom)
2019-10-02 09:56:26,376 [pool-57-thread-1] INFO  server.RaftServerConfigKeys (ConfUtils.java:logGet(43)) - raft.server.sleep.deviation.threshold = 300 (default)
2019-10-02 09:56:26,376 [pool-57-thread-1] INFO  server.RaftServerConfigKeys (ConfUtils.java:logGet(43)) - raft.server.log.appender.install.snapshot.enabled = false (custom)
2019-10-02 09:56:26,376 [pool-57-thread-1] INFO  impl.RaftServerImpl (ServerState.java:<init>(103)) - 39a4ff36-db48-44de-b1a6-5fbd876301f5@group-AD9EC464EF2D: ConfigurationManager, init=-1: [39a4ff36-db48-44de-b1a6-5fbd876301f5:192.168.5.178:37716, 561404ce-d9c8-42fd-9d5f-d8b84ab53bec:192.168.5.178:41352, d341b98d-0f02-46e0-bfd5-027dc15f0188:192.168.5.178:39764], old=null, confs=<EMPTY_MAP>
2019-10-02 09:56:26,377 [pool-57-thread-1] INFO  server.RaftServerConfigKeys (ConfUtils.java:logGet(43)) - raft.server.storage.dir = [/workdir/hadoop-ozone/integration-test/target/test-dir/MiniOzoneClusterImpl-630da8fc-ec45-49cc-80b8-0e679c12a70a/datanode-3/data/ratis] (custom)
2019-10-02 09:56:26,377 [pool-57-thread-1] INFO  server.RaftServerConfigKeys (ConfUtils.java:logGet(43)) - raft.server.log.corruption.policy = EXCEPTION (default)
2019-10-02 09:56:26,377 [pool-57-thread-1] INFO  storage.RaftStorageDirectory (RaftStorageDirectory.java:analyzeStorage(246)) - The storage directory /workdir/hadoop-ozone/integration-test/target/test-dir/MiniOzoneClusterImpl-630da8fc-ec45-49cc-80b8-0e679c12a70a/datanode-3/data/ratis/aac88eae-553d-48cb-aa21-ad9ec464ef2d does not exist. Creating ...
2019-10-02 09:56:26,389 [pool-27-thread-1] INFO  storage.RaftStorageDirectory (RaftStorageDirectory.java:tryLock(328)) - Lock on /workdir/hadoop-ozone/integration-test/target/test-dir/MiniOzoneClusterImpl-630da8fc-ec45-49cc-80b8-0e679c12a70a/datanode-0/data/ratis/aac88eae-553d-48cb-aa21-ad9ec464ef2d/in_use.lock acquired by nodename 10582@pr-trunk-8bg6x-723665176
2019-10-02 09:56:26,389 [pool-57-thread-1] INFO  storage.RaftStorageDirectory (RaftStorageDirectory.java:tryLock(328)) - Lock on /workdir/hadoop-ozone/integration-test/target/test-dir/MiniOzoneClusterImpl-630da8fc-ec45-49cc-80b8-0e679c12a70a/datanode-3/data/ratis/aac88eae-553d-48cb-aa21-ad9ec464ef2d/in_use.lock acquired by nodename 10582@pr-trunk-8bg6x-723665176
2019-10-02 09:56:26,389 [pool-67-thread-1] INFO  storage.RaftStorageDirectory (RaftStorageDirectory.java:tryLock(328)) - Lock on /workdir/hadoop-ozone/integration-test/target/test-dir/MiniOzoneClusterImpl-630da8fc-ec45-49cc-80b8-0e679c12a70a/datanode-4/data/ratis/aac88eae-553d-48cb-aa21-ad9ec464ef2d/in_use.lock acquired by nodename 10582@pr-trunk-8bg6x-723665176
2019-10-02 09:56:26,403 [pool-27-thread-1] INFO  storage.RaftStorage (RaftStorage.java:format(84)) - Storage directory /workdir/hadoop-ozone/integration-test/target/test-dir/MiniOzoneClusterImpl-630da8fc-ec45-49cc-80b8-0e679c12a70a/datanode-0/data/ratis/aac88eae-553d-48cb-aa21-ad9ec464ef2d has been successfully formatted.
2019-10-02 09:56:26,403 [pool-57-thread-1] INFO  storage.RaftStorage (RaftStorage.java:format(84)) - Storage directory /workdir/hadoop-ozone/integration-test/target/test-dir/MiniOzoneClusterImpl-630da8fc-ec45-49cc-80b8-0e679c12a70a/datanode-3/data/ratis/aac88eae-553d-48cb-aa21-ad9ec464ef2d has been successfully formatted.
2019-10-02 09:56:26,403 [pool-67-thread-1] INFO  storage.RaftStorage (RaftStorage.java:format(84)) - Storage directory /workdir/hadoop-ozone/integration-test/target/test-dir/MiniOzoneClusterImpl-630da8fc-ec45-49cc-80b8-0e679c12a70a/datanode-4/data/ratis/aac88eae-553d-48cb-aa21-ad9ec464ef2d has been successfully formatted.
2019-10-02 09:56:26,403 [pool-27-thread-1] INFO  ratis.ContainerStateMachine (ContainerStateMachine.java:loadSnapshot(231)) - group-AD9EC464EF2D: The snapshot info is null. Setting the last applied indexto:(t:0, i:~)
2019-10-02 09:56:26,403 [pool-57-thread-1] INFO  ratis.ContainerStateMachine (ContainerStateMachine.java:loadSnapshot(231)) - group-AD9EC464EF2D: The snapshot info is null. Setting the last applied indexto:(t:0, i:~)
2019-10-02 09:56:26,404 [pool-27-thread-1] INFO  server.RaftServerConfigKeys (ConfUtils.java:logGet(43)) - raft.server.notification.no-leader.timeout = 120s (custom)
2019-10-02 09:56:26,404 [pool-67-thread-1] INFO  ratis.ContainerStateMachine (ContainerStateMachine.java:loadSnapshot(231)) - group-AD9EC464EF2D: The snapshot info is null. Setting the last applied indexto:(t:0, i:~)
2019-10-02 09:56:26,404 [pool-27-thread-1] INFO  server.RaftServerConfigKeys (ConfUtils.java:logGet(43)) - raft.server.log.use.memory = false (default)
2019-10-02 09:56:26,404 [pool-57-thread-1] INFO  server.RaftServerConfigKeys (ConfUtils.java:logGet(43)) - raft.server.notification.no-leader.timeout = 120s (custom)
2019-10-02 09:56:26,404 [pool-27-thread-1] INFO  server.RaftServerConfigKeys (ConfUtils.java:logGet(43)) - raft.server.log.purge.gap = 1000000 (custom)
2019-10-02 09:56:26,404 [pool-67-thread-1] INFO  server.RaftServerConfigKeys (ConfUtils.java:logGet(43)) - raft.server.notification.no-leader.timeout = 120s (custom)
2019-10-02 09:56:26,405 [pool-27-thread-1] INFO  server.RaftServerConfigKeys (ConfUtils.java:logGet(43)) - raft.server.log.appender.buffer.byte-limit = 33554432 (custom)
2019-10-02 09:56:26,404 [pool-57-thread-1] INFO  server.RaftServerConfigKeys (ConfUtils.java:logGet(43)) - raft.server.log.use.memory = false (default)
2019-10-02 09:56:26,405 [pool-27-thread-1] INFO  server.RaftServerConfigKeys (ConfUtils.java:logGet(43)) - raft.server.log.segment.size.max = 1048576 (custom)
2019-10-02 09:56:26,405 [pool-67-thread-1] INFO  server.RaftServerConfigKeys (ConfUtils.java:logGet(43)) - raft.server.log.use.memory = false (default)
2019-10-02 09:56:26,405 [pool-27-thread-1] INFO  server.RaftServerConfigKeys (ConfUtils.java:logGet(43)) - raft.server.log.segment.cache.num.max = 2 (custom)
2019-10-02 09:56:26,405 [pool-57-thread-1] INFO  server.RaftServerConfigKeys (ConfUtils.java:logGet(43)) - raft.server.log.purge.gap = 1000000 (custom)
2019-10-02 09:56:26,405 [pool-27-thread-1] INFO  segmented.SegmentedRaftLogWorker (SegmentedRaftLogWorker.java:<init>(173)) - new d341b98d-0f02-46e0-bfd5-027dc15f0188@group-AD9EC464EF2D-SegmentedRaftLogWorker for RaftStorage:Storage Directory /workdir/hadoop-ozone/integration-test/target/test-dir/MiniOzoneClusterImpl-630da8fc-ec45-49cc-80b8-0e679c12a70a/datanode-0/data/ratis/aac88eae-553d-48cb-aa21-ad9ec464ef2d
2019-10-02 09:56:26,405 [pool-67-thread-1] INFO  server.RaftServerConfigKeys (ConfUtils.java:logGet(43)) - raft.server.log.purge.gap = 1000000 (custom)
2019-10-02 09:56:26,406 [pool-27-thread-1] INFO  server.RaftServerConfigKeys (ConfUtils.java:logGet(43)) - raft.server.log.queue.byte-limit = 2147483647 (custom)
2019-10-02 09:56:26,406 [pool-57-thread-1] INFO  server.RaftServerConfigKeys (ConfUtils.java:logGet(43)) - raft.server.log.appender.buffer.byte-limit = 33554432 (custom)
2019-10-02 09:56:26,406 [pool-27-thread-1] INFO  server.RaftServerConfigKeys (ConfUtils.java:logGet(43)) - raft.server.log.queue.element-limit = 1024 (custom)
2019-10-02 09:56:26,406 [pool-67-thread-1] INFO  server.RaftServerConfigKeys (ConfUtils.java:logGet(43)) - raft.server.log.appender.buffer.byte-limit = 33554432 (custom)
2019-10-02 09:56:26,406 [pool-27-thread-1] INFO  server.RaftServerConfigKeys (ConfUtils.java:logGet(43)) - raft.server.log.segment.size.max = 1048576 (custom)
2019-10-02 09:56:26,406 [pool-57-thread-1] INFO  server.RaftServerConfigKeys (ConfUtils.java:logGet(43)) - raft.server.log.segment.size.max = 1048576 (custom)
2019-10-02 09:56:26,407 [pool-27-thread-1] INFO  server.RaftServerConfigKeys (ConfUtils.java:logGet(43)) - raft.server.log.preallocated.size = 16384 (custom)
2019-10-02 09:56:26,406 [pool-67-thread-1] INFO  server.RaftServerConfigKeys (ConfUtils.java:logGet(43)) - raft.server.log.segment.size.max = 1048576 (custom)
2019-10-02 09:56:26,407 [pool-27-thread-1] INFO  server.RaftServerConfigKeys (ConfUtils.java:logGet(43)) - raft.server.log.write.buffer.size = 33554432 (custom)
2019-10-02 09:56:26,407 [pool-57-thread-1] INFO  server.RaftServerConfigKeys (ConfUtils.java:logGet(43)) - raft.server.log.segment.cache.num.max = 2 (custom)
2019-10-02 09:56:26,407 [pool-27-thread-1] INFO  server.RaftServerConfigKeys (ConfUtils.java:logGet(43)) - raft.server.log.force.sync.num = 128 (default)
2019-10-02 09:56:26,407 [pool-67-thread-1] INFO  server.RaftServerConfigKeys (ConfUtils.java:logGet(43)) - raft.server.log.segment.cache.num.max = 2 (custom)
2019-10-02 09:56:26,408 [pool-27-thread-1] INFO  server.RaftServerConfigKeys (ConfUtils.java:logGet(43)) - raft.server.log.statemachine.data.sync = true (default)
2019-10-02 09:56:26,407 [pool-57-thread-1] INFO  segmented.SegmentedRaftLogWorker (SegmentedRaftLogWorker.java:<init>(173)) - new 39a4ff36-db48-44de-b1a6-5fbd876301f5@group-AD9EC464EF2D-SegmentedRaftLogWorker for RaftStorage:Storage Directory /workdir/hadoop-ozone/integration-test/target/test-dir/MiniOzoneClusterImpl-630da8fc-ec45-49cc-80b8-0e679c12a70a/datanode-3/data/ratis/aac88eae-553d-48cb-aa21-ad9ec464ef2d
2019-10-02 09:56:26,408 [pool-27-thread-1] INFO  server.RaftServerConfigKeys (ConfUtils.java:logGet(43)) - raft.server.log.statemachine.data.sync.timeout = 10s (default)
2019-10-02 09:56:26,408 [pool-67-thread-1] INFO  segmented.SegmentedRaftLogWorker (SegmentedRaftLogWorker.java:<init>(173)) - new 561404ce-d9c8-42fd-9d5f-d8b84ab53bec@group-AD9EC464EF2D-SegmentedRaftLogWorker for RaftStorage:Storage Directory /workdir/hadoop-ozone/integration-test/target/test-dir/MiniOzoneClusterImpl-630da8fc-ec45-49cc-80b8-0e679c12a70a/datanode-4/data/ratis/aac88eae-553d-48cb-aa21-ad9ec464ef2d
2019-10-02 09:56:26,408 [pool-27-thread-1] INFO  server.RaftServerConfigKeys (ConfUtils.java:logGet(43)) - raft.server.log.statemachine.data.sync.timeout.retry = -1 (default)
2019-10-02 09:56:26,408 [pool-57-thread-1] INFO  server.RaftServerConfigKeys (ConfUtils.java:logGet(43)) - raft.server.log.queue.byte-limit = 2147483647 (custom)
2019-10-02 09:56:26,409 [pool-27-thread-1] INFO  server.RaftServerConfigKeys (ConfUtils.java:logGet(43)) - raft.server.log.statemachine.data.caching.enabled = true (custom)
2019-10-02 09:56:26,408 [pool-67-thread-1] INFO  server.RaftServerConfigKeys (ConfUtils.java:logGet(43)) - raft.server.log.queue.byte-limit = 2147483647 (custom)
2019-10-02 09:56:26,409 [pool-27-thread-1] INFO  segmented.SegmentedRaftLogWorker (SegmentedRaftLogWorker.java:lambda$new$0(128)) - d341b98d-0f02-46e0-bfd5-027dc15f0188@group-AD9EC464EF2D-SegmentedRaftLogWorker: flushIndex: setUnconditionally 0 -> -1
2019-10-02 09:56:26,409 [pool-57-thread-1] INFO  server.RaftServerConfigKeys (ConfUtils.java:logGet(43)) - raft.server.log.queue.element-limit = 1024 (custom)
2019-10-02 09:56:26,409 [pool-67-thread-1] INFO  server.RaftServerConfigKeys (ConfUtils.java:logGet(43)) - raft.server.log.queue.element-limit = 1024 (custom)
2019-10-02 09:56:26,409 [pool-57-thread-1] INFO  server.RaftServerConfigKeys (ConfUtils.java:logGet(43)) - raft.server.log.segment.size.max = 1048576 (custom)
2019-10-02 09:56:26,409 [pool-27-thread-1] INFO  server.RaftServerConfigKeys (ConfUtils.java:logGet(43)) - raft.server.snapshot.auto.trigger.enabled = true (custom)
2019-10-02 09:56:26,410 [pool-57-thread-1] INFO  server.RaftServerConfigKeys (ConfUtils.java:logGet(43)) - raft.server.log.preallocated.size = 16384 (custom)
2019-10-02 09:56:26,410 [pool-67-thread-1] INFO  server.RaftServerConfigKeys (ConfUtils.java:logGet(43)) - raft.server.log.segment.size.max = 1048576 (custom)
2019-10-02 09:56:26,410 [pool-57-thread-1] INFO  server.RaftServerConfigKeys (ConfUtils.java:logGet(43)) - raft.server.log.write.buffer.size = 33554432 (custom)
2019-10-02 09:56:26,410 [pool-27-thread-1] INFO  server.RaftServerConfigKeys (ConfUtils.java:logGet(43)) - raft.server.snapshot.auto.trigger.threshold = 10000 (custom)
2019-10-02 09:56:26,410 [pool-57-thread-1] INFO  server.RaftServerConfigKeys (ConfUtils.java:logGet(43)) - raft.server.log.force.sync.num = 128 (default)
2019-10-02 09:56:26,410 [pool-67-thread-1] INFO  server.RaftServerConfigKeys (ConfUtils.java:logGet(43)) - raft.server.log.preallocated.size = 16384 (custom)
2019-10-02 09:56:26,411 [pool-57-thread-1] INFO  server.RaftServerConfigKeys (ConfUtils.java:logGet(43)) - raft.server.log.statemachine.data.sync = true (default)
2019-10-02 09:56:26,410 [pool-27-thread-1] INFO  server.RaftServerConfigKeys (ConfUtils.java:logGet(43)) - raft.server.snapshot.retention.file.num = 5 (custom)
2019-10-02 09:56:26,411 [pool-57-thread-1] INFO  server.RaftServerConfigKeys (ConfUtils.java:logGet(43)) - raft.server.log.statemachine.data.sync.timeout = 10s (default)
2019-10-02 09:56:26,411 [pool-67-thread-1] INFO  server.RaftServerConfigKeys (ConfUtils.java:logGet(43)) - raft.server.log.write.buffer.size = 33554432 (custom)
2019-10-02 09:56:26,411 [pool-57-thread-1] INFO  server.RaftServerConfigKeys (ConfUtils.java:logGet(43)) - raft.server.log.statemachine.data.sync.timeout.retry = -1 (default)
2019-10-02 09:56:26,411 [pool-27-thread-1] INFO  server.RaftServerConfigKeys (ConfUtils.java:logGet(43)) - raft.server.retrycache.expirytime = 600000ms (custom)
2019-10-02 09:56:26,412 [pool-67-thread-1] INFO  server.RaftServerConfigKeys (ConfUtils.java:logGet(43)) - raft.server.log.force.sync.num = 128 (default)
2019-10-02 09:56:26,412 [pool-57-thread-1] INFO  server.RaftServerConfigKeys (ConfUtils.java:logGet(43)) - raft.server.log.statemachine.data.caching.enabled = true (custom)
2019-10-02 09:56:26,412 [pool-67-thread-1] INFO  server.RaftServerConfigKeys (ConfUtils.java:logGet(43)) - raft.server.log.statemachine.data.sync = true (default)
2019-10-02 09:56:26,412 [pool-67-thread-1] INFO  server.RaftServerConfigKeys (ConfUtils.java:logGet(43)) - raft.server.log.statemachine.data.sync.timeout = 10s (default)
2019-10-02 09:56:26,412 [pool-57-thread-1] INFO  segmented.SegmentedRaftLogWorker (SegmentedRaftLogWorker.java:lambda$new$0(128)) - 39a4ff36-db48-44de-b1a6-5fbd876301f5@group-AD9EC464EF2D-SegmentedRaftLogWorker: flushIndex: setUnconditionally 0 -> -1
2019-10-02 09:56:26,412 [pool-67-thread-1] INFO  server.RaftServerConfigKeys (ConfUtils.java:logGet(43)) - raft.server.log.statemachine.data.sync.timeout.retry = -1 (default)
2019-10-02 09:56:26,413 [pool-57-thread-1] INFO  server.RaftServerConfigKeys (ConfUtils.java:logGet(43)) - raft.server.snapshot.auto.trigger.enabled = true (custom)
2019-10-02 09:56:26,413 [pool-67-thread-1] INFO  server.RaftServerConfigKeys (ConfUtils.java:logGet(43)) - raft.server.log.statemachine.data.caching.enabled = true (custom)
2019-10-02 09:56:26,413 [pool-57-thread-1] INFO  server.RaftServerConfigKeys (ConfUtils.java:logGet(43)) - raft.server.snapshot.auto.trigger.threshold = 10000 (custom)
2019-10-02 09:56:26,413 [pool-57-thread-1] INFO  server.RaftServerConfigKeys (ConfUtils.java:logGet(43)) - raft.server.snapshot.retention.file.num = 5 (custom)
2019-10-02 09:56:26,413 [pool-67-thread-1] INFO  segmented.SegmentedRaftLogWorker (SegmentedRaftLogWorker.java:lambda$new$0(128)) - 561404ce-d9c8-42fd-9d5f-d8b84ab53bec@group-AD9EC464EF2D-SegmentedRaftLogWorker: flushIndex: setUnconditionally 0 -> -1
2019-10-02 09:56:26,414 [pool-57-thread-1] INFO  server.RaftServerConfigKeys (ConfUtils.java:logGet(43)) - raft.server.retrycache.expirytime = 600000ms (custom)
2019-10-02 09:56:26,414 [pool-67-thread-1] INFO  server.RaftServerConfigKeys (ConfUtils.java:logGet(43)) - raft.server.snapshot.auto.trigger.enabled = true (custom)
2019-10-02 09:56:26,414 [pool-67-thread-1] INFO  server.RaftServerConfigKeys (ConfUtils.java:logGet(43)) - raft.server.snapshot.auto.trigger.threshold = 10000 (custom)
2019-10-02 09:56:26,414 [pool-67-thread-1] INFO  server.RaftServerConfigKeys (ConfUtils.java:logGet(43)) - raft.server.snapshot.retention.file.num = 5 (custom)
2019-10-02 09:56:26,414 [pool-27-thread-1] INFO  impl.RaftServerImpl (RaftServerImpl.java:start(181)) - d341b98d-0f02-46e0-bfd5-027dc15f0188@group-AD9EC464EF2D: start as a follower, conf=-1: [39a4ff36-db48-44de-b1a6-5fbd876301f5:192.168.5.178:37716, 561404ce-d9c8-42fd-9d5f-d8b84ab53bec:192.168.5.178:41352, d341b98d-0f02-46e0-bfd5-027dc15f0188:192.168.5.178:39764], old=null
2019-10-02 09:56:26,415 [pool-67-thread-1] INFO  server.RaftServerConfigKeys (ConfUtils.java:logGet(43)) - raft.server.retrycache.expirytime = 600000ms (custom)
2019-10-02 09:56:26,415 [pool-27-thread-1] INFO  impl.RaftServerImpl (RaftServerImpl.java:setRole(170)) - d341b98d-0f02-46e0-bfd5-027dc15f0188@group-AD9EC464EF2D: changes role from      null to FOLLOWER at term 0 for startAsFollower
2019-10-02 09:56:26,415 [pool-27-thread-1] INFO  impl.RoleInfo (RoleInfo.java:updateAndGet(143)) - d341b98d-0f02-46e0-bfd5-027dc15f0188: start FollowerState
2019-10-02 09:56:26,415 [pool-27-thread-1] INFO  util.JmxRegister (JmxRegister.java:tryRegister(44)) - Successfully registered JMX Bean with object name Ratis:service=RaftServer,group=group-AD9EC464EF2D,id=d341b98d-0f02-46e0-bfd5-027dc15f0188
2019-10-02 09:56:26,421 [pool-57-thread-1] INFO  impl.RaftServerImpl (RaftServerImpl.java:start(181)) - 39a4ff36-db48-44de-b1a6-5fbd876301f5@group-AD9EC464EF2D: start as a follower, conf=-1: [39a4ff36-db48-44de-b1a6-5fbd876301f5:192.168.5.178:37716, 561404ce-d9c8-42fd-9d5f-d8b84ab53bec:192.168.5.178:41352, d341b98d-0f02-46e0-bfd5-027dc15f0188:192.168.5.178:39764], old=null
2019-10-02 09:56:26,422 [pool-57-thread-1] INFO  impl.RaftServerImpl (RaftServerImpl.java:setRole(170)) - 39a4ff36-db48-44de-b1a6-5fbd876301f5@group-AD9EC464EF2D: changes role from      null to FOLLOWER at term 0 for startAsFollower
2019-10-02 09:56:26,422 [pool-57-thread-1] INFO  impl.RoleInfo (RoleInfo.java:updateAndGet(143)) - 39a4ff36-db48-44de-b1a6-5fbd876301f5: start FollowerState
2019-10-02 09:56:26,422 [pool-67-thread-1] INFO  impl.RaftServerImpl (RaftServerImpl.java:start(181)) - 561404ce-d9c8-42fd-9d5f-d8b84ab53bec@group-AD9EC464EF2D: start as a follower, conf=-1: [39a4ff36-db48-44de-b1a6-5fbd876301f5:192.168.5.178:37716, 561404ce-d9c8-42fd-9d5f-d8b84ab53bec:192.168.5.178:41352, d341b98d-0f02-46e0-bfd5-027dc15f0188:192.168.5.178:39764], old=null
2019-10-02 09:56:26,422 [pool-67-thread-1] INFO  impl.RaftServerImpl (RaftServerImpl.java:setRole(170)) - 561404ce-d9c8-42fd-9d5f-d8b84ab53bec@group-AD9EC464EF2D: changes role from      null to FOLLOWER at term 0 for startAsFollower
2019-10-02 09:56:26,422 [pool-57-thread-1] INFO  util.JmxRegister (JmxRegister.java:tryRegister(44)) - Successfully registered JMX Bean with object name Ratis:service=RaftServer,group=group-AD9EC464EF2D,id=39a4ff36-db48-44de-b1a6-5fbd876301f5
2019-10-02 09:56:26,422 [pool-67-thread-1] INFO  impl.RoleInfo (RoleInfo.java:updateAndGet(143)) - 561404ce-d9c8-42fd-9d5f-d8b84ab53bec: start FollowerState
2019-10-02 09:56:26,423 [pool-67-thread-1] INFO  util.JmxRegister (JmxRegister.java:tryRegister(44)) - Successfully registered JMX Bean with object name Ratis:service=RaftServer,group=group-AD9EC464EF2D,id=561404ce-d9c8-42fd-9d5f-d8b84ab53bec
2019-10-02 09:56:26,454 [RatisPipelineUtilsThread] INFO  pipeline.PipelineStateManager (PipelineStateManager.java:addPipeline(56)) - Created pipeline Pipeline[ Id: aac88eae-553d-48cb-aa21-ad9ec464ef2d, Nodes: d341b98d-0f02-46e0-bfd5-027dc15f0188{ip: 192.168.5.178, host: pr-trunk-8bg6x-723665176, networkLocation: /default-rack, certSerialId: null}561404ce-d9c8-42fd-9d5f-d8b84ab53bec{ip: 192.168.5.178, host: pr-trunk-8bg6x-723665176, networkLocation: /default-rack, certSerialId: null}39a4ff36-db48-44de-b1a6-5fbd876301f5{ip: 192.168.5.178, host: pr-trunk-8bg6x-723665176, networkLocation: /default-rack, certSerialId: null}, Type:RATIS, Factor:THREE, State:OPEN]
2019-10-02 09:56:26,486 [grpc-default-executor-0] INFO  impl.RaftServerProxy (RaftServerProxy.java:addNew(89)) - 3fc93b3f-3a52-4a17-b8ec-5cfab34322dd: addNew group-DC7C559FEA01:[67b996e5-612b-4a65-9edf-95c78746ed20:192.168.5.178:32809, 3fc93b3f-3a52-4a17-b8ec-5cfab34322dd:192.168.5.178:45107, 9bcfc624-a847-40b5-b41d-130cbcc8f22b:192.168.5.178:43374] returns group-DC7C559FEA01:java.util.concurrent.CompletableFuture@2a5befe5[Not completed]
2019-10-02 09:56:26,490 [grpc-default-executor-2] INFO  impl.RaftServerProxy (RaftServerProxy.java:addNew(89)) - 67b996e5-612b-4a65-9edf-95c78746ed20: addNew group-DC7C559FEA01:[67b996e5-612b-4a65-9edf-95c78746ed20:192.168.5.178:32809, 3fc93b3f-3a52-4a17-b8ec-5cfab34322dd:192.168.5.178:45107, 9bcfc624-a847-40b5-b41d-130cbcc8f22b:192.168.5.178:43374] returns group-DC7C559FEA01:java.util.concurrent.CompletableFuture@4fbe56e9[Not completed]
2019-10-02 09:56:26,491 [grpc-default-executor-1] INFO  impl.RaftServerProxy (RaftServerProxy.java:addNew(89)) - 9bcfc624-a847-40b5-b41d-130cbcc8f22b: addNew group-DC7C559FEA01:[67b996e5-612b-4a65-9edf-95c78746ed20:192.168.5.178:32809, 3fc93b3f-3a52-4a17-b8ec-5cfab34322dd:192.168.5.178:45107, 9bcfc624-a847-40b5-b41d-130cbcc8f22b:192.168.5.178:43374] returns group-DC7C559FEA01:java.util.concurrent.CompletableFuture@17bf85b[Not completed]
2019-10-02 09:56:26,493 [pool-37-thread-1] INFO  impl.RaftServerImpl (RaftServerImpl.java:<init>(95)) - 3fc93b3f-3a52-4a17-b8ec-5cfab34322dd: new RaftServerImpl for group-DC7C559FEA01:[67b996e5-612b-4a65-9edf-95c78746ed20:192.168.5.178:32809, 3fc93b3f-3a52-4a17-b8ec-5cfab34322dd:192.168.5.178:45107, 9bcfc624-a847-40b5-b41d-130cbcc8f22b:192.168.5.178:43374] with ContainerStateMachine:uninitialized
2019-10-02 09:56:26,493 [pool-37-thread-1] INFO  server.RaftServerConfigKeys (ConfUtils.java:logGet(43)) - raft.server.rpc.timeout.min = 5s (custom)
2019-10-02 09:56:26,493 [pool-37-thread-1] INFO  server.RaftServerConfigKeys (ConfUtils.java:logGet(43)) - raft.server.rpc.timeout.max = 5200ms (custom)
2019-10-02 09:56:26,493 [pool-37-thread-1] INFO  server.RaftServerConfigKeys (ConfUtils.java:logGet(43)) - raft.server.rpcslowness.timeout = 120s (custom)
2019-10-02 09:56:26,494 [pool-37-thread-1] INFO  server.RaftServerConfigKeys (ConfUtils.java:logGet(43)) - raft.server.sleep.deviation.threshold = 300 (default)
2019-10-02 09:56:26,494 [pool-37-thread-1] INFO  server.RaftServerConfigKeys (ConfUtils.java:logGet(43)) - raft.server.log.appender.install.snapshot.enabled = false (custom)
2019-10-02 09:56:26,494 [pool-37-thread-1] INFO  impl.RaftServerImpl (ServerState.java:<init>(103)) - 3fc93b3f-3a52-4a17-b8ec-5cfab34322dd@group-DC7C559FEA01: ConfigurationManager, init=-1: [67b996e5-612b-4a65-9edf-95c78746ed20:192.168.5.178:32809, 3fc93b3f-3a52-4a17-b8ec-5cfab34322dd:192.168.5.178:45107, 9bcfc624-a847-40b5-b41d-130cbcc8f22b:192.168.5.178:43374], old=null, confs=<EMPTY_MAP>
2019-10-02 09:56:26,494 [pool-37-thread-1] INFO  server.RaftServerConfigKeys (ConfUtils.java:logGet(43)) - raft.server.storage.dir = [/workdir/hadoop-ozone/integration-test/target/test-dir/MiniOzoneClusterImpl-630da8fc-ec45-49cc-80b8-0e679c12a70a/datanode-1/data/ratis] (custom)
2019-10-02 09:56:26,494 [pool-77-thread-1] INFO  impl.RaftServerImpl (RaftServerImpl.java:<init>(95)) - 9bcfc624-a847-40b5-b41d-130cbcc8f22b: new RaftServerImpl for group-DC7C559FEA01:[67b996e5-612b-4a65-9edf-95c78746ed20:192.168.5.178:32809, 3fc93b3f-3a52-4a17-b8ec-5cfab34322dd:192.168.5.178:45107, 9bcfc624-a847-40b5-b41d-130cbcc8f22b:192.168.5.178:43374] with ContainerStateMachine:uninitialized
2019-10-02 09:56:26,495 [pool-77-thread-1] INFO  server.RaftServerConfigKeys (ConfUtils.java:logGet(43)) - raft.server.rpc.timeout.min = 5s (custom)
2019-10-02 09:56:26,495 [pool-37-thread-1] INFO  server.RaftServerConfigKeys (ConfUtils.java:logGet(43)) - raft.server.log.corruption.policy = EXCEPTION (default)
2019-10-02 09:56:26,495 [pool-77-thread-1] INFO  server.RaftServerConfigKeys (ConfUtils.java:logGet(43)) - raft.server.rpc.timeout.max = 5200ms (custom)
2019-10-02 09:56:26,495 [pool-37-thread-1] INFO  storage.RaftStorageDirectory (RaftStorageDirectory.java:analyzeStorage(246)) - The storage directory /workdir/hadoop-ozone/integration-test/target/test-dir/MiniOzoneClusterImpl-630da8fc-ec45-49cc-80b8-0e679c12a70a/datanode-1/data/ratis/cf66a836-dad3-4f80-a9d7-dc7c559fea01 does not exist. Creating ...
2019-10-02 09:56:26,495 [pool-77-thread-1] INFO  server.RaftServerConfigKeys (ConfUtils.java:logGet(43)) - raft.server.rpcslowness.timeout = 120s (custom)
2019-10-02 09:56:26,495 [pool-77-thread-1] INFO  server.RaftServerConfigKeys (ConfUtils.java:logGet(43)) - raft.server.sleep.deviation.threshold = 300 (default)
2019-10-02 09:56:26,495 [pool-77-thread-1] INFO  server.RaftServerConfigKeys (ConfUtils.java:logGet(43)) - raft.server.log.appender.install.snapshot.enabled = false (custom)
2019-10-02 09:56:26,496 [pool-77-thread-1] INFO  impl.RaftServerImpl (ServerState.java:<init>(103)) - 9bcfc624-a847-40b5-b41d-130cbcc8f22b@group-DC7C559FEA01: ConfigurationManager, init=-1: [67b996e5-612b-4a65-9edf-95c78746ed20:192.168.5.178:32809, 3fc93b3f-3a52-4a17-b8ec-5cfab34322dd:192.168.5.178:45107, 9bcfc624-a847-40b5-b41d-130cbcc8f22b:192.168.5.178:43374], old=null, confs=<EMPTY_MAP>
2019-10-02 09:56:26,496 [pool-77-thread-1] INFO  server.RaftServerConfigKeys (ConfUtils.java:logGet(43)) - raft.server.storage.dir = [/workdir/hadoop-ozone/integration-test/target/test-dir/MiniOzoneClusterImpl-630da8fc-ec45-49cc-80b8-0e679c12a70a/datanode-5/data/ratis] (custom)
2019-10-02 09:56:26,496 [pool-47-thread-1] INFO  impl.RaftServerImpl (RaftServerImpl.java:<init>(95)) - 67b996e5-612b-4a65-9edf-95c78746ed20: new RaftServerImpl for group-DC7C559FEA01:[67b996e5-612b-4a65-9edf-95c78746ed20:192.168.5.178:32809, 3fc93b3f-3a52-4a17-b8ec-5cfab34322dd:192.168.5.178:45107, 9bcfc624-a847-40b5-b41d-130cbcc8f22b:192.168.5.178:43374] with ContainerStateMachine:uninitialized
2019-10-02 09:56:26,496 [pool-77-thread-1] INFO  server.RaftServerConfigKeys (ConfUtils.java:logGet(43)) - raft.server.log.corruption.policy = EXCEPTION (default)
2019-10-02 09:56:26,496 [pool-47-thread-1] INFO  server.RaftServerConfigKeys (ConfUtils.java:logGet(43)) - raft.server.rpc.timeout.min = 5s (custom)
2019-10-02 09:56:26,496 [pool-77-thread-1] INFO  storage.RaftStorageDirectory (RaftStorageDirectory.java:analyzeStorage(246)) - The storage directory /workdir/hadoop-ozone/integration-test/target/test-dir/MiniOzoneClusterImpl-630da8fc-ec45-49cc-80b8-0e679c12a70a/datanode-5/data/ratis/cf66a836-dad3-4f80-a9d7-dc7c559fea01 does not exist. Creating ...
2019-10-02 09:56:26,497 [pool-47-thread-1] INFO  server.RaftServerConfigKeys (ConfUtils.java:logGet(43)) - raft.server.rpc.timeout.max = 5200ms (custom)
2019-10-02 09:56:26,497 [pool-47-thread-1] INFO  server.RaftServerConfigKeys (ConfUtils.java:logGet(43)) - raft.server.rpcslowness.timeout = 120s (custom)
2019-10-02 09:56:26,497 [pool-47-thread-1] INFO  server.RaftServerConfigKeys (ConfUtils.java:logGet(43)) - raft.server.sleep.deviation.threshold = 300 (default)
2019-10-02 09:56:26,497 [pool-47-thread-1] INFO  server.RaftServerConfigKeys (ConfUtils.java:logGet(43)) - raft.server.log.appender.install.snapshot.enabled = false (custom)
2019-10-02 09:56:26,497 [pool-47-thread-1] INFO  impl.RaftServerImpl (ServerState.java:<init>(103)) - 67b996e5-612b-4a65-9edf-95c78746ed20@group-DC7C559FEA01: ConfigurationManager, init=-1: [67b996e5-612b-4a65-9edf-95c78746ed20:192.168.5.178:32809, 3fc93b3f-3a52-4a17-b8ec-5cfab34322dd:192.168.5.178:45107, 9bcfc624-a847-40b5-b41d-130cbcc8f22b:192.168.5.178:43374], old=null, confs=<EMPTY_MAP>
2019-10-02 09:56:26,497 [pool-47-thread-1] INFO  server.RaftServerConfigKeys (ConfUtils.java:logGet(43)) - raft.server.storage.dir = [/workdir/hadoop-ozone/integration-test/target/test-dir/MiniOzoneClusterImpl-630da8fc-ec45-49cc-80b8-0e679c12a70a/datanode-2/data/ratis] (custom)
2019-10-02 09:56:26,498 [pool-47-thread-1] INFO  server.RaftServerConfigKeys (ConfUtils.java:logGet(43)) - raft.server.log.corruption.policy = EXCEPTION (default)
2019-10-02 09:56:26,498 [pool-47-thread-1] INFO  storage.RaftStorageDirectory (RaftStorageDirectory.java:analyzeStorage(246)) - The storage directory /workdir/hadoop-ozone/integration-test/target/test-dir/MiniOzoneClusterImpl-630da8fc-ec45-49cc-80b8-0e679c12a70a/datanode-2/data/ratis/cf66a836-dad3-4f80-a9d7-dc7c559fea01 does not exist. Creating ...
2019-10-02 09:56:26,509 [pool-77-thread-1] INFO  storage.RaftStorageDirectory (RaftStorageDirectory.java:tryLock(328)) - Lock on /workdir/hadoop-ozone/integration-test/target/test-dir/MiniOzoneClusterImpl-630da8fc-ec45-49cc-80b8-0e679c12a70a/datanode-5/data/ratis/cf66a836-dad3-4f80-a9d7-dc7c559fea01/in_use.lock acquired by nodename 10582@pr-trunk-8bg6x-723665176
2019-10-02 09:56:26,509 [pool-47-thread-1] INFO  storage.RaftStorageDirectory (RaftStorageDirectory.java:tryLock(328)) - Lock on /workdir/hadoop-ozone/integration-test/target/test-dir/MiniOzoneClusterImpl-630da8fc-ec45-49cc-80b8-0e679c12a70a/datanode-2/data/ratis/cf66a836-dad3-4f80-a9d7-dc7c559fea01/in_use.lock acquired by nodename 10582@pr-trunk-8bg6x-723665176
2019-10-02 09:56:26,509 [pool-37-thread-1] INFO  storage.RaftStorageDirectory (RaftStorageDirectory.java:tryLock(328)) - Lock on /workdir/hadoop-ozone/integration-test/target/test-dir/MiniOzoneClusterImpl-630da8fc-ec45-49cc-80b8-0e679c12a70a/datanode-1/data/ratis/cf66a836-dad3-4f80-a9d7-dc7c559fea01/in_use.lock acquired by nodename 10582@pr-trunk-8bg6x-723665176
2019-10-02 09:56:26,528 [pool-77-thread-1] INFO  storage.RaftStorage (RaftStorage.java:format(84)) - Storage directory /workdir/hadoop-ozone/integration-test/target/test-dir/MiniOzoneClusterImpl-630da8fc-ec45-49cc-80b8-0e679c12a70a/datanode-5/data/ratis/cf66a836-dad3-4f80-a9d7-dc7c559fea01 has been successfully formatted.
2019-10-02 09:56:26,530 [pool-37-thread-1] INFO  storage.RaftStorage (RaftStorage.java:format(84)) - Storage directory /workdir/hadoop-ozone/integration-test/target/test-dir/MiniOzoneClusterImpl-630da8fc-ec45-49cc-80b8-0e679c12a70a/datanode-1/data/ratis/cf66a836-dad3-4f80-a9d7-dc7c559fea01 has been successfully formatted.
2019-10-02 09:56:26,530 [pool-77-thread-1] INFO  ratis.ContainerStateMachine (ContainerStateMachine.java:loadSnapshot(231)) - group-DC7C559FEA01: The snapshot info is null. Setting the last applied indexto:(t:0, i:~)
2019-10-02 09:56:26,528 [pool-47-thread-1] INFO  storage.RaftStorage (RaftStorage.java:format(84)) - Storage directory /workdir/hadoop-ozone/integration-test/target/test-dir/MiniOzoneClusterImpl-630da8fc-ec45-49cc-80b8-0e679c12a70a/datanode-2/data/ratis/cf66a836-dad3-4f80-a9d7-dc7c559fea01 has been successfully formatted.
2019-10-02 09:56:26,530 [pool-77-thread-1] INFO  server.RaftServerConfigKeys (ConfUtils.java:logGet(43)) - raft.server.notification.no-leader.timeout = 120s (custom)
2019-10-02 09:56:26,530 [pool-37-thread-1] INFO  ratis.ContainerStateMachine (ContainerStateMachine.java:loadSnapshot(231)) - group-DC7C559FEA01: The snapshot info is null. Setting the last applied indexto:(t:0, i:~)
2019-10-02 09:56:26,531 [pool-77-thread-1] INFO  server.RaftServerConfigKeys (ConfUtils.java:logGet(43)) - raft.server.log.use.memory = false (default)
2019-10-02 09:56:26,531 [pool-47-thread-1] INFO  ratis.ContainerStateMachine (ContainerStateMachine.java:loadSnapshot(231)) - group-DC7C559FEA01: The snapshot info is null. Setting the last applied indexto:(t:0, i:~)
2019-10-02 09:56:26,531 [pool-77-thread-1] INFO  server.RaftServerConfigKeys (ConfUtils.java:logGet(43)) - raft.server.log.purge.gap = 1000000 (custom)
2019-10-02 09:56:26,531 [pool-37-thread-1] INFO  server.RaftServerConfigKeys (ConfUtils.java:logGet(43)) - raft.server.notification.no-leader.timeout = 120s (custom)
2019-10-02 09:56:26,531 [pool-77-thread-1] INFO  server.RaftServerConfigKeys (ConfUtils.java:logGet(43)) - raft.server.log.appender.buffer.byte-limit = 33554432 (custom)
2019-10-02 09:56:26,531 [pool-47-thread-1] INFO  server.RaftServerConfigKeys (ConfUtils.java:logGet(43)) - raft.server.notification.no-leader.timeout = 120s (custom)
2019-10-02 09:56:26,533 [pool-77-thread-1] INFO  server.RaftServerConfigKeys (ConfUtils.java:logGet(43)) - raft.server.log.segment.size.max = 1048576 (custom)
2019-10-02 09:56:26,533 [pool-37-thread-1] INFO  server.RaftServerConfigKeys (ConfUtils.java:logGet(43)) - raft.server.log.use.memory = false (default)
2019-10-02 09:56:26,534 [pool-77-thread-1] INFO  server.RaftServerConfigKeys (ConfUtils.java:logGet(43)) - raft.server.log.segment.cache.num.max = 2 (custom)
2019-10-02 09:56:26,534 [pool-47-thread-1] INFO  server.RaftServerConfigKeys (ConfUtils.java:logGet(43)) - raft.server.log.use.memory = false (default)
2019-10-02 09:56:26,534 [pool-77-thread-1] INFO  segmented.SegmentedRaftLogWorker (SegmentedRaftLogWorker.java:<init>(173)) - new 9bcfc624-a847-40b5-b41d-130cbcc8f22b@group-DC7C559FEA01-SegmentedRaftLogWorker for RaftStorage:Storage Directory /workdir/hadoop-ozone/integration-test/target/test-dir/MiniOzoneClusterImpl-630da8fc-ec45-49cc-80b8-0e679c12a70a/datanode-5/data/ratis/cf66a836-dad3-4f80-a9d7-dc7c559fea01
2019-10-02 09:56:26,534 [pool-37-thread-1] INFO  server.RaftServerConfigKeys (ConfUtils.java:logGet(43)) - raft.server.log.purge.gap = 1000000 (custom)
2019-10-02 09:56:26,534 [pool-77-thread-1] INFO  server.RaftServerConfigKeys (ConfUtils.java:logGet(43)) - raft.server.log.queue.byte-limit = 2147483647 (custom)
2019-10-02 09:56:26,534 [pool-47-thread-1] INFO  server.RaftServerConfigKeys (ConfUtils.java:logGet(43)) - raft.server.log.purge.gap = 1000000 (custom)
2019-10-02 09:56:26,535 [pool-77-thread-1] INFO  server.RaftServerConfigKeys (ConfUtils.java:logGet(43)) - raft.server.log.queue.element-limit = 1024 (custom)
2019-10-02 09:56:26,535 [pool-37-thread-1] INFO  server.RaftServerConfigKeys (ConfUtils.java:logGet(43)) - raft.server.log.appender.buffer.byte-limit = 33554432 (custom)
2019-10-02 09:56:26,535 [pool-77-thread-1] INFO  server.RaftServerConfigKeys (ConfUtils.java:logGet(43)) - raft.server.log.segment.size.max = 1048576 (custom)
2019-10-02 09:56:26,535 [pool-47-thread-1] INFO  server.RaftServerConfigKeys (ConfUtils.java:logGet(43)) - raft.server.log.appender.buffer.byte-limit = 33554432 (custom)
2019-10-02 09:56:26,536 [pool-77-thread-1] INFO  server.RaftServerConfigKeys (ConfUtils.java:logGet(43)) - raft.server.log.preallocated.size = 16384 (custom)
2019-10-02 09:56:26,535 [pool-37-thread-1] INFO  server.RaftServerConfigKeys (ConfUtils.java:logGet(43)) - raft.server.log.segment.size.max = 1048576 (custom)
2019-10-02 09:56:26,536 [pool-77-thread-1] INFO  server.RaftServerConfigKeys (ConfUtils.java:logGet(43)) - raft.server.log.write.buffer.size = 33554432 (custom)
2019-10-02 09:56:26,536 [pool-37-thread-1] INFO  server.RaftServerConfigKeys (ConfUtils.java:logGet(43)) - raft.server.log.segment.cache.num.max = 2 (custom)
2019-10-02 09:56:26,536 [pool-47-thread-1] INFO  server.RaftServerConfigKeys (ConfUtils.java:logGet(43)) - raft.server.log.segment.size.max = 1048576 (custom)
2019-10-02 09:56:26,536 [pool-37-thread-1] INFO  segmented.SegmentedRaftLogWorker (SegmentedRaftLogWorker.java:<init>(173)) - new 3fc93b3f-3a52-4a17-b8ec-5cfab34322dd@group-DC7C559FEA01-SegmentedRaftLogWorker for RaftStorage:Storage Directory /workdir/hadoop-ozone/integration-test/target/test-dir/MiniOzoneClusterImpl-630da8fc-ec45-49cc-80b8-0e679c12a70a/datanode-1/data/ratis/cf66a836-dad3-4f80-a9d7-dc7c559fea01
2019-10-02 09:56:26,536 [pool-77-thread-1] INFO  server.RaftServerConfigKeys (ConfUtils.java:logGet(43)) - raft.server.log.force.sync.num = 128 (default)
2019-10-02 09:56:26,537 [pool-37-thread-1] INFO  server.RaftServerConfigKeys (ConfUtils.java:logGet(43)) - raft.server.log.queue.byte-limit = 2147483647 (custom)
2019-10-02 09:56:26,537 [pool-47-thread-1] INFO  server.RaftServerConfigKeys (ConfUtils.java:logGet(43)) - raft.server.log.segment.cache.num.max = 2 (custom)
2019-10-02 09:56:26,537 [pool-37-thread-1] INFO  server.RaftServerConfigKeys (ConfUtils.java:logGet(43)) - raft.server.log.queue.element-limit = 1024 (custom)
2019-10-02 09:56:26,537 [pool-77-thread-1] INFO  server.RaftServerConfigKeys (ConfUtils.java:logGet(43)) - raft.server.log.statemachine.data.sync = true (default)
2019-10-02 09:56:26,538 [pool-37-thread-1] INFO  server.RaftServerConfigKeys (ConfUtils.java:logGet(43)) - raft.server.log.segment.size.max = 1048576 (custom)
2019-10-02 09:56:26,537 [pool-47-thread-1] INFO  segmented.SegmentedRaftLogWorker (SegmentedRaftLogWorker.java:<init>(173)) - new 67b996e5-612b-4a65-9edf-95c78746ed20@group-DC7C559FEA01-SegmentedRaftLogWorker for RaftStorage:Storage Directory /workdir/hadoop-ozone/integration-test/target/test-dir/MiniOzoneClusterImpl-630da8fc-ec45-49cc-80b8-0e679c12a70a/datanode-2/data/ratis/cf66a836-dad3-4f80-a9d7-dc7c559fea01
2019-10-02 09:56:26,538 [pool-37-thread-1] INFO  server.RaftServerConfigKeys (ConfUtils.java:logGet(43)) - raft.server.log.preallocated.size = 16384 (custom)
2019-10-02 09:56:26,538 [pool-77-thread-1] INFO  server.RaftServerConfigKeys (ConfUtils.java:logGet(43)) - raft.server.log.statemachine.data.sync.timeout = 10s (default)
2019-10-02 09:56:26,538 [pool-37-thread-1] INFO  server.RaftServerConfigKeys (ConfUtils.java:logGet(43)) - raft.server.log.write.buffer.size = 33554432 (custom)
2019-10-02 09:56:26,538 [pool-47-thread-1] INFO  server.RaftServerConfigKeys (ConfUtils.java:logGet(43)) - raft.server.log.queue.byte-limit = 2147483647 (custom)
2019-10-02 09:56:26,539 [pool-37-thread-1] INFO  server.RaftServerConfigKeys (ConfUtils.java:logGet(43)) - raft.server.log.force.sync.num = 128 (default)
2019-10-02 09:56:26,538 [pool-77-thread-1] INFO  server.RaftServerConfigKeys (ConfUtils.java:logGet(43)) - raft.server.log.statemachine.data.sync.timeout.retry = -1 (default)
2019-10-02 09:56:26,539 [pool-37-thread-1] INFO  server.RaftServerConfigKeys (ConfUtils.java:logGet(43)) - raft.server.log.statemachine.data.sync = true (default)
2019-10-02 09:56:26,539 [pool-77-thread-1] INFO  server.RaftServerConfigKeys (ConfUtils.java:logGet(43)) - raft.server.log.statemachine.data.caching.enabled = true (custom)
2019-10-02 09:56:26,539 [pool-47-thread-1] INFO  server.RaftServerConfigKeys (ConfUtils.java:logGet(43)) - raft.server.log.queue.element-limit = 1024 (custom)
2019-10-02 09:56:26,539 [pool-37-thread-1] INFO  server.RaftServerConfigKeys (ConfUtils.java:logGet(43)) - raft.server.log.statemachine.data.sync.timeout = 10s (default)
2019-10-02 09:56:26,540 [pool-77-thread-1] INFO  segmented.SegmentedRaftLogWorker (SegmentedRaftLogWorker.java:lambda$new$0(128)) - 9bcfc624-a847-40b5-b41d-130cbcc8f22b@group-DC7C559FEA01-SegmentedRaftLogWorker: flushIndex: setUnconditionally 0 -> -1
2019-10-02 09:56:26,540 [pool-47-thread-1] INFO  server.RaftServerConfigKeys (ConfUtils.java:logGet(43)) - raft.server.log.segment.size.max = 1048576 (custom)
2019-10-02 09:56:26,540 [pool-37-thread-1] INFO  server.RaftServerConfigKeys (ConfUtils.java:logGet(43)) - raft.server.log.statemachine.data.sync.timeout.retry = -1 (default)
2019-10-02 09:56:26,540 [pool-77-thread-1] INFO  server.RaftServerConfigKeys (ConfUtils.java:logGet(43)) - raft.server.snapshot.auto.trigger.enabled = true (custom)
2019-10-02 09:56:26,540 [pool-47-thread-1] INFO  server.RaftServerConfigKeys (ConfUtils.java:logGet(43)) - raft.server.log.preallocated.size = 16384 (custom)
2019-10-02 09:56:26,540 [pool-77-thread-1] INFO  server.RaftServerConfigKeys (ConfUtils.java:logGet(43)) - raft.server.snapshot.auto.trigger.threshold = 10000 (custom)
2019-10-02 09:56:26,540 [pool-37-thread-1] INFO  server.RaftServerConfigKeys (ConfUtils.java:logGet(43)) - raft.server.log.statemachine.data.caching.enabled = true (custom)
2019-10-02 09:56:26,541 [pool-77-thread-1] INFO  server.RaftServerConfigKeys (ConfUtils.java:logGet(43)) - raft.server.snapshot.retention.file.num = 5 (custom)
2019-10-02 09:56:26,541 [pool-47-thread-1] INFO  server.RaftServerConfigKeys (ConfUtils.java:logGet(43)) - raft.server.log.write.buffer.size = 33554432 (custom)
2019-10-02 09:56:26,541 [pool-77-thread-1] INFO  server.RaftServerConfigKeys (ConfUtils.java:logGet(43)) - raft.server.retrycache.expirytime = 600000ms (custom)
2019-10-02 09:56:26,541 [pool-37-thread-1] INFO  segmented.SegmentedRaftLogWorker (SegmentedRaftLogWorker.java:lambda$new$0(128)) - 3fc93b3f-3a52-4a17-b8ec-5cfab34322dd@group-DC7C559FEA01-SegmentedRaftLogWorker: flushIndex: setUnconditionally 0 -> -1
2019-10-02 09:56:26,541 [pool-47-thread-1] INFO  server.RaftServerConfigKeys (ConfUtils.java:logGet(43)) - raft.server.log.force.sync.num = 128 (default)
2019-10-02 09:56:26,542 [pool-47-thread-1] INFO  server.RaftServerConfigKeys (ConfUtils.java:logGet(43)) - raft.server.log.statemachine.data.sync = true (default)
2019-10-02 09:56:26,542 [pool-37-thread-1] INFO  server.RaftServerConfigKeys (ConfUtils.java:logGet(43)) - raft.server.snapshot.auto.trigger.enabled = true (custom)
2019-10-02 09:56:26,542 [pool-47-thread-1] INFO  server.RaftServerConfigKeys (ConfUtils.java:logGet(43)) - raft.server.log.statemachine.data.sync.timeout = 10s (default)
2019-10-02 09:56:26,542 [pool-37-thread-1] INFO  server.RaftServerConfigKeys (ConfUtils.java:logGet(43)) - raft.server.snapshot.auto.trigger.threshold = 10000 (custom)
2019-10-02 09:56:26,542 [pool-47-thread-1] INFO  server.RaftServerConfigKeys (ConfUtils.java:logGet(43)) - raft.server.log.statemachine.data.sync.timeout.retry = -1 (default)
2019-10-02 09:56:26,543 [pool-37-thread-1] INFO  server.RaftServerConfigKeys (ConfUtils.java:logGet(43)) - raft.server.snapshot.retention.file.num = 5 (custom)
2019-10-02 09:56:26,543 [pool-47-thread-1] INFO  server.RaftServerConfigKeys (ConfUtils.java:logGet(43)) - raft.server.log.statemachine.data.caching.enabled = true (custom)
2019-10-02 09:56:26,543 [pool-37-thread-1] INFO  server.RaftServerConfigKeys (ConfUtils.java:logGet(43)) - raft.server.retrycache.expirytime = 600000ms (custom)
2019-10-02 09:56:26,543 [pool-47-thread-1] INFO  segmented.SegmentedRaftLogWorker (SegmentedRaftLogWorker.java:lambda$new$0(128)) - 67b996e5-612b-4a65-9edf-95c78746ed20@group-DC7C559FEA01-SegmentedRaftLogWorker: flushIndex: setUnconditionally 0 -> -1
2019-10-02 09:56:26,544 [pool-47-thread-1] INFO  server.RaftServerConfigKeys (ConfUtils.java:logGet(43)) - raft.server.snapshot.auto.trigger.enabled = true (custom)
2019-10-02 09:56:26,544 [pool-47-thread-1] INFO  server.RaftServerConfigKeys (ConfUtils.java:logGet(43)) - raft.server.snapshot.auto.trigger.threshold = 10000 (custom)
2019-10-02 09:56:26,544 [pool-47-thread-1] INFO  server.RaftServerConfigKeys (ConfUtils.java:logGet(43)) - raft.server.snapshot.retention.file.num = 5 (custom)
2019-10-02 09:56:26,544 [pool-47-thread-1] INFO  server.RaftServerConfigKeys (ConfUtils.java:logGet(43)) - raft.server.retrycache.expirytime = 600000ms (custom)
2019-10-02 09:56:26,545 [pool-77-thread-1] INFO  impl.RaftServerImpl (RaftServerImpl.java:start(181)) - 9bcfc624-a847-40b5-b41d-130cbcc8f22b@group-DC7C559FEA01: start as a follower, conf=-1: [67b996e5-612b-4a65-9edf-95c78746ed20:192.168.5.178:32809, 3fc93b3f-3a52-4a17-b8ec-5cfab34322dd:192.168.5.178:45107, 9bcfc624-a847-40b5-b41d-130cbcc8f22b:192.168.5.178:43374], old=null
2019-10-02 09:56:26,545 [pool-77-thread-1] INFO  impl.RaftServerImpl (RaftServerImpl.java:setRole(170)) - 9bcfc624-a847-40b5-b41d-130cbcc8f22b@group-DC7C559FEA01: changes role from      null to FOLLOWER at term 0 for startAsFollower
2019-10-02 09:56:26,545 [pool-77-thread-1] INFO  impl.RoleInfo (RoleInfo.java:updateAndGet(143)) - 9bcfc624-a847-40b5-b41d-130cbcc8f22b: start FollowerState
2019-10-02 09:56:26,546 [pool-77-thread-1] INFO  util.JmxRegister (JmxRegister.java:tryRegister(44)) - Successfully registered JMX Bean with object name Ratis:service=RaftServer,group=group-DC7C559FEA01,id=9bcfc624-a847-40b5-b41d-130cbcc8f22b
2019-10-02 09:56:26,547 [pool-37-thread-1] INFO  impl.RaftServerImpl (RaftServerImpl.java:start(181)) - 3fc93b3f-3a52-4a17-b8ec-5cfab34322dd@group-DC7C559FEA01: start as a follower, conf=-1: [67b996e5-612b-4a65-9edf-95c78746ed20:192.168.5.178:32809, 3fc93b3f-3a52-4a17-b8ec-5cfab34322dd:192.168.5.178:45107, 9bcfc624-a847-40b5-b41d-130cbcc8f22b:192.168.5.178:43374], old=null
2019-10-02 09:56:26,547 [pool-37-thread-1] INFO  impl.RaftServerImpl (RaftServerImpl.java:setRole(170)) - 3fc93b3f-3a52-4a17-b8ec-5cfab34322dd@group-DC7C559FEA01: changes role from      null to FOLLOWER at term 0 for startAsFollower
2019-10-02 09:56:26,547 [pool-37-thread-1] INFO  impl.RoleInfo (RoleInfo.java:updateAndGet(143)) - 3fc93b3f-3a52-4a17-b8ec-5cfab34322dd: start FollowerState
2019-10-02 09:56:26,548 [pool-37-thread-1] INFO  util.JmxRegister (JmxRegister.java:tryRegister(44)) - Successfully registered JMX Bean with object name Ratis:service=RaftServer,group=group-DC7C559FEA01,id=3fc93b3f-3a52-4a17-b8ec-5cfab34322dd
2019-10-02 09:56:26,548 [pool-47-thread-1] INFO  impl.RaftServerImpl (RaftServerImpl.java:start(181)) - 67b996e5-612b-4a65-9edf-95c78746ed20@group-DC7C559FEA01: start as a follower, conf=-1: [67b996e5-612b-4a65-9edf-95c78746ed20:192.168.5.178:32809, 3fc93b3f-3a52-4a17-b8ec-5cfab34322dd:192.168.5.178:45107, 9bcfc624-a847-40b5-b41d-130cbcc8f22b:192.168.5.178:43374], old=null
2019-10-02 09:56:26,549 [pool-47-thread-1] INFO  impl.RaftServerImpl (RaftServerImpl.java:setRole(170)) - 67b996e5-612b-4a65-9edf-95c78746ed20@group-DC7C559FEA01: changes role from      null to FOLLOWER at term 0 for startAsFollower
2019-10-02 09:56:26,549 [pool-47-thread-1] INFO  impl.RoleInfo (RoleInfo.java:updateAndGet(143)) - 67b996e5-612b-4a65-9edf-95c78746ed20: start FollowerState
2019-10-02 09:56:26,549 [pool-47-thread-1] INFO  util.JmxRegister (JmxRegister.java:tryRegister(44)) - Successfully registered JMX Bean with object name Ratis:service=RaftServer,group=group-DC7C559FEA01,id=67b996e5-612b-4a65-9edf-95c78746ed20
2019-10-02 09:56:26,581 [RatisPipelineUtilsThread] INFO  pipeline.PipelineStateManager (PipelineStateManager.java:addPipeline(56)) - Created pipeline Pipeline[ Id: cf66a836-dad3-4f80-a9d7-dc7c559fea01, Nodes: 3fc93b3f-3a52-4a17-b8ec-5cfab34322dd{ip: 192.168.5.178, host: pr-trunk-8bg6x-723665176, networkLocation: /default-rack, certSerialId: null}9bcfc624-a847-40b5-b41d-130cbcc8f22b{ip: 192.168.5.178, host: pr-trunk-8bg6x-723665176, networkLocation: /default-rack, certSerialId: null}67b996e5-612b-4a65-9edf-95c78746ed20{ip: 192.168.5.178, host: pr-trunk-8bg6x-723665176, networkLocation: /default-rack, certSerialId: null}, Type:RATIS, Factor:THREE, State:OPEN]
2019-10-02 09:56:26,922 [main] INFO  rpc.RpcClient (RpcClient.java:createVolume(276)) - Creating Volume: watchforcommithandlingtest, with jenkins1000 as owner.
2019-10-02 09:56:27,038 [IPC Server handler 5 on 44635] INFO  volume.OMVolumeCreateRequest (OMVolumeCreateRequest.java:validateAndUpdateCache(194)) - created volume:watchforcommithandlingtest for user:jenkins1000
2019-10-02 09:56:27,067 [main] INFO  rpc.RpcClient (RpcClient.java:createBucket(415)) - Creating Bucket: watchforcommithandlingtest/watchforcommithandlingtest, with Versioning false and Storage Type set to DISK and Encryption set to false 
2019-10-02 09:56:27,543 [main] INFO  ozone.MiniOzoneClusterImpl (MiniOzoneClusterImpl.java:getStorageContainerLocationClient(234)) - Creating StorageContainerLocationProtocol RPC client with address /0.0.0.0:44996
2019-10-02 09:56:27,578 [main] INFO  impl.MetricsSystemImpl (MetricsSystemImpl.java:init(158)) - XceiverClientMetrics metrics system started (again)
2019-10-02 09:56:27,797 [Thread-238] INFO  container.ReplicationManager (ReplicationManager.java:start(162)) - Starting Replication Monitor Thread.
2019-10-02 09:56:27,806 [ReplicationMonitor] INFO  container.ReplicationManager (ReplicationManager.java:run(225)) - Replication Monitor Thread took 7 milliseconds for processing 1 containers.
2019-10-02 09:56:30,733 [Thread-240] INFO  impl.FollowerState (FollowerState.java:run(108)) - d341b98d-0f02-46e0-bfd5-027dc15f0188@group-3842C2ED79F9-FollowerState: change to CANDIDATE, lastRpcTime:5193ms, electionTimeout:5193ms
2019-10-02 09:56:30,737 [Thread-240] INFO  impl.RoleInfo (RoleInfo.java:shutdownFollowerState(121)) - d341b98d-0f02-46e0-bfd5-027dc15f0188: shutdown FollowerState
2019-10-02 09:56:30,737 [Thread-240] INFO  impl.RaftServerImpl (RaftServerImpl.java:setRole(170)) - d341b98d-0f02-46e0-bfd5-027dc15f0188@group-3842C2ED79F9: changes role from  FOLLOWER to CANDIDATE at term 0 for changeToCandidate
2019-10-02 09:56:30,743 [Thread-240] INFO  impl.RoleInfo (RoleInfo.java:updateAndGet(143)) - d341b98d-0f02-46e0-bfd5-027dc15f0188: start LeaderElection
2019-10-02 09:56:30,762 [d341b98d-0f02-46e0-bfd5-027dc15f0188@group-3842C2ED79F9-LeaderElection1] INFO  impl.LeaderElection (LeaderElection.java:askForVotes(178)) - d341b98d-0f02-46e0-bfd5-027dc15f0188@group-3842C2ED79F9-LeaderElection1: begin an election at term 1 for -1: [d341b98d-0f02-46e0-bfd5-027dc15f0188:192.168.5.178:39764], old=null
2019-10-02 09:56:30,770 [d341b98d-0f02-46e0-bfd5-027dc15f0188@group-3842C2ED79F9-LeaderElection1] INFO  impl.RoleInfo (RoleInfo.java:shutdownLeaderElection(134)) - d341b98d-0f02-46e0-bfd5-027dc15f0188: shutdown LeaderElection
2019-10-02 09:56:30,771 [d341b98d-0f02-46e0-bfd5-027dc15f0188@group-3842C2ED79F9-LeaderElection1] INFO  impl.RaftServerImpl (RaftServerImpl.java:setRole(170)) - d341b98d-0f02-46e0-bfd5-027dc15f0188@group-3842C2ED79F9: changes role from CANDIDATE to LEADER at term 1 for changeToLeader
2019-10-02 09:56:30,771 [d341b98d-0f02-46e0-bfd5-027dc15f0188@group-3842C2ED79F9-LeaderElection1] INFO  impl.RaftServerImpl (ServerState.java:setLeader(255)) - d341b98d-0f02-46e0-bfd5-027dc15f0188@group-3842C2ED79F9: change Leader from null to d341b98d-0f02-46e0-bfd5-027dc15f0188 at term 1 for becomeLeader, leader elected after 5347ms
2019-10-02 09:56:30,778 [d341b98d-0f02-46e0-bfd5-027dc15f0188@group-3842C2ED79F9-LeaderElection1] INFO  server.RaftServerConfigKeys (ConfUtils.java:logGet(43)) - raft.server.staging.catchup.gap = 1000 (default)
2019-10-02 09:56:30,778 [d341b98d-0f02-46e0-bfd5-027dc15f0188@group-3842C2ED79F9-LeaderElection1] INFO  server.RaftServerConfigKeys (ConfUtils.java:logGet(43)) - raft.server.rpc.sleep.time = 25ms (default)
2019-10-02 09:56:30,781 [d341b98d-0f02-46e0-bfd5-027dc15f0188@group-3842C2ED79F9-LeaderElection1] INFO  server.RaftServerConfigKeys (ConfUtils.java:logGet(43)) - raft.server.write.element-limit = 4096 (default)
2019-10-02 09:56:30,782 [d341b98d-0f02-46e0-bfd5-027dc15f0188@group-3842C2ED79F9-LeaderElection1] INFO  server.RaftServerConfigKeys (ConfUtils.java:logGet(43)) - raft.server.watch.timeout = 10s (default)
2019-10-02 09:56:30,782 [d341b98d-0f02-46e0-bfd5-027dc15f0188@group-3842C2ED79F9-LeaderElection1] INFO  server.RaftServerConfigKeys (ConfUtils.java:logGet(43)) - raft.server.watch.timeout.denomination = 1s (default)
2019-10-02 09:56:30,783 [Thread-243] INFO  impl.FollowerState (FollowerState.java:run(108)) - 561404ce-d9c8-42fd-9d5f-d8b84ab53bec@group-019C3A061DEF-FollowerState: change to CANDIDATE, lastRpcTime:5021ms, electionTimeout:5020ms
2019-10-02 09:56:30,789 [Thread-243] INFO  impl.RoleInfo (RoleInfo.java:shutdownFollowerState(121)) - 561404ce-d9c8-42fd-9d5f-d8b84ab53bec: shutdown FollowerState
2019-10-02 09:56:30,789 [Thread-243] INFO  impl.RaftServerImpl (RaftServerImpl.java:setRole(170)) - 561404ce-d9c8-42fd-9d5f-d8b84ab53bec@group-019C3A061DEF: changes role from  FOLLOWER to CANDIDATE at term 0 for changeToCandidate
2019-10-02 09:56:30,789 [d341b98d-0f02-46e0-bfd5-027dc15f0188@group-3842C2ED79F9-LeaderElection1] INFO  server.RaftServerConfigKeys (ConfUtils.java:logGet(43)) - raft.server.watch.element-limit = 65536 (default)
2019-10-02 09:56:30,789 [Thread-243] INFO  impl.RoleInfo (RoleInfo.java:updateAndGet(143)) - 561404ce-d9c8-42fd-9d5f-d8b84ab53bec: start LeaderElection
2019-10-02 09:56:30,806 [d341b98d-0f02-46e0-bfd5-027dc15f0188@group-3842C2ED79F9-LeaderElection1] INFO  impl.RoleInfo (RoleInfo.java:updateAndGet(143)) - d341b98d-0f02-46e0-bfd5-027dc15f0188: start LeaderState
2019-10-02 09:56:30,819 [561404ce-d9c8-42fd-9d5f-d8b84ab53bec@group-019C3A061DEF-LeaderElection2] INFO  impl.LeaderElection (LeaderElection.java:askForVotes(178)) - 561404ce-d9c8-42fd-9d5f-d8b84ab53bec@group-019C3A061DEF-LeaderElection2: begin an election at term 1 for -1: [561404ce-d9c8-42fd-9d5f-d8b84ab53bec:192.168.5.178:41352], old=null
2019-10-02 09:56:30,819 [561404ce-d9c8-42fd-9d5f-d8b84ab53bec@group-019C3A061DEF-LeaderElection2] INFO  impl.RoleInfo (RoleInfo.java:shutdownLeaderElection(134)) - 561404ce-d9c8-42fd-9d5f-d8b84ab53bec: shutdown LeaderElection
2019-10-02 09:56:30,819 [561404ce-d9c8-42fd-9d5f-d8b84ab53bec@group-019C3A061DEF-LeaderElection2] INFO  impl.RaftServerImpl (RaftServerImpl.java:setRole(170)) - 561404ce-d9c8-42fd-9d5f-d8b84ab53bec@group-019C3A061DEF: changes role from CANDIDATE to LEADER at term 1 for changeToLeader
2019-10-02 09:56:30,820 [561404ce-d9c8-42fd-9d5f-d8b84ab53bec@group-019C3A061DEF-LeaderElection2] INFO  impl.RaftServerImpl (ServerState.java:setLeader(255)) - 561404ce-d9c8-42fd-9d5f-d8b84ab53bec@group-019C3A061DEF: change Leader from null to 561404ce-d9c8-42fd-9d5f-d8b84ab53bec at term 1 for becomeLeader, leader elected after 5080ms
2019-10-02 09:56:30,822 [561404ce-d9c8-42fd-9d5f-d8b84ab53bec@group-019C3A061DEF-LeaderElection2] INFO  server.RaftServerConfigKeys (ConfUtils.java:logGet(43)) - raft.server.staging.catchup.gap = 1000 (default)
2019-10-02 09:56:30,822 [561404ce-d9c8-42fd-9d5f-d8b84ab53bec@group-019C3A061DEF-LeaderElection2] INFO  server.RaftServerConfigKeys (ConfUtils.java:logGet(43)) - raft.server.rpc.sleep.time = 25ms (default)
2019-10-02 09:56:30,822 [561404ce-d9c8-42fd-9d5f-d8b84ab53bec@group-019C3A061DEF-LeaderElection2] INFO  server.RaftServerConfigKeys (ConfUtils.java:logGet(43)) - raft.server.write.element-limit = 4096 (default)
2019-10-02 09:56:30,823 [561404ce-d9c8-42fd-9d5f-d8b84ab53bec@group-019C3A061DEF-LeaderElection2] INFO  server.RaftServerConfigKeys (ConfUtils.java:logGet(43)) - raft.server.watch.timeout = 10s (default)
2019-10-02 09:56:30,823 [561404ce-d9c8-42fd-9d5f-d8b84ab53bec@group-019C3A061DEF-LeaderElection2] INFO  server.RaftServerConfigKeys (ConfUtils.java:logGet(43)) - raft.server.watch.timeout.denomination = 1s (default)
2019-10-02 09:56:30,823 [561404ce-d9c8-42fd-9d5f-d8b84ab53bec@group-019C3A061DEF-LeaderElection2] INFO  server.RaftServerConfigKeys (ConfUtils.java:logGet(43)) - raft.server.watch.element-limit = 65536 (default)
2019-10-02 09:56:30,826 [561404ce-d9c8-42fd-9d5f-d8b84ab53bec@group-019C3A061DEF-LeaderElection2] INFO  impl.RoleInfo (RoleInfo.java:updateAndGet(143)) - 561404ce-d9c8-42fd-9d5f-d8b84ab53bec: start LeaderState
2019-10-02 09:56:30,850 [561404ce-d9c8-42fd-9d5f-d8b84ab53bec@group-019C3A061DEF-LeaderElection2] INFO  segmented.SegmentedRaftLogWorker (SegmentedRaftLogWorker.java:startLogSegment(385)) - 561404ce-d9c8-42fd-9d5f-d8b84ab53bec@group-019C3A061DEF-SegmentedRaftLogWorker: Starting segment from index:0
2019-10-02 09:56:30,850 [d341b98d-0f02-46e0-bfd5-027dc15f0188@group-3842C2ED79F9-LeaderElection1] INFO  segmented.SegmentedRaftLogWorker (SegmentedRaftLogWorker.java:startLogSegment(385)) - d341b98d-0f02-46e0-bfd5-027dc15f0188@group-3842C2ED79F9-SegmentedRaftLogWorker: Starting segment from index:0
2019-10-02 09:56:30,858 [561404ce-d9c8-42fd-9d5f-d8b84ab53bec@group-019C3A061DEF-LeaderElection2] INFO  impl.RaftServerImpl (ServerState.java:setRaftConf(356)) - 561404ce-d9c8-42fd-9d5f-d8b84ab53bec@group-019C3A061DEF: set configuration 0: [561404ce-d9c8-42fd-9d5f-d8b84ab53bec:192.168.5.178:41352], old=null at 0
2019-10-02 09:56:30,858 [d341b98d-0f02-46e0-bfd5-027dc15f0188@group-3842C2ED79F9-LeaderElection1] INFO  impl.RaftServerImpl (ServerState.java:setRaftConf(356)) - d341b98d-0f02-46e0-bfd5-027dc15f0188@group-3842C2ED79F9: set configuration 0: [d341b98d-0f02-46e0-bfd5-027dc15f0188:192.168.5.178:39764], old=null at 0
2019-10-02 09:56:31,001 [Thread-246] INFO  impl.FollowerState (FollowerState.java:run(108)) - 39a4ff36-db48-44de-b1a6-5fbd876301f5@group-99D7973DDDB8-FollowerState: change to CANDIDATE, lastRpcTime:5069ms, electionTimeout:5069ms
2019-10-02 09:56:31,033 [Thread-246] INFO  impl.RoleInfo (RoleInfo.java:shutdownFollowerState(121)) - 39a4ff36-db48-44de-b1a6-5fbd876301f5: shutdown FollowerState
2019-10-02 09:56:31,033 [Thread-246] INFO  impl.RaftServerImpl (RaftServerImpl.java:setRole(170)) - 39a4ff36-db48-44de-b1a6-5fbd876301f5@group-99D7973DDDB8: changes role from  FOLLOWER to CANDIDATE at term 0 for changeToCandidate
2019-10-02 09:56:31,033 [Thread-246] INFO  impl.RoleInfo (RoleInfo.java:updateAndGet(143)) - 39a4ff36-db48-44de-b1a6-5fbd876301f5: start LeaderElection
2019-10-02 09:56:31,038 [Thread-249] INFO  impl.FollowerState (FollowerState.java:run(108)) - 3fc93b3f-3a52-4a17-b8ec-5cfab34322dd@group-A8154A0C965D-FollowerState: change to CANDIDATE, lastRpcTime:5008ms, electionTimeout:5007ms
2019-10-02 09:56:31,038 [Thread-249] INFO  impl.RoleInfo (RoleInfo.java:shutdownFollowerState(121)) - 3fc93b3f-3a52-4a17-b8ec-5cfab34322dd: shutdown FollowerState
2019-10-02 09:56:31,038 [Thread-249] INFO  impl.RaftServerImpl (RaftServerImpl.java:setRole(170)) - 3fc93b3f-3a52-4a17-b8ec-5cfab34322dd@group-A8154A0C965D: changes role from  FOLLOWER to CANDIDATE at term 0 for changeToCandidate
2019-10-02 09:56:31,039 [Thread-249] INFO  impl.RoleInfo (RoleInfo.java:updateAndGet(143)) - 3fc93b3f-3a52-4a17-b8ec-5cfab34322dd: start LeaderElection
2019-10-02 09:56:31,055 [d341b98d-0f02-46e0-bfd5-027dc15f0188@group-3842C2ED79F9-SegmentedRaftLogWorker] INFO  segmented.SegmentedRaftLogWorker (SegmentedRaftLogWorker.java:execute(574)) - d341b98d-0f02-46e0-bfd5-027dc15f0188@group-3842C2ED79F9-SegmentedRaftLogWorker: created new log segment /workdir/hadoop-ozone/integration-test/target/test-dir/MiniOzoneClusterImpl-630da8fc-ec45-49cc-80b8-0e679c12a70a/datanode-0/data/ratis/88a9dfc0-7e61-4aa6-9644-3842c2ed79f9/current/log_inprogress_0
2019-10-02 09:56:31,055 [39a4ff36-db48-44de-b1a6-5fbd876301f5@group-99D7973DDDB8-LeaderElection3] INFO  impl.LeaderElection (LeaderElection.java:askForVotes(178)) - 39a4ff36-db48-44de-b1a6-5fbd876301f5@group-99D7973DDDB8-LeaderElection3: begin an election at term 1 for -1: [39a4ff36-db48-44de-b1a6-5fbd876301f5:192.168.5.178:37716], old=null
2019-10-02 09:56:31,055 [3fc93b3f-3a52-4a17-b8ec-5cfab34322dd@group-A8154A0C965D-LeaderElection4] INFO  impl.LeaderElection (LeaderElection.java:askForVotes(178)) - 3fc93b3f-3a52-4a17-b8ec-5cfab34322dd@group-A8154A0C965D-LeaderElection4: begin an election at term 1 for -1: [3fc93b3f-3a52-4a17-b8ec-5cfab34322dd:192.168.5.178:45107], old=null
2019-10-02 09:56:31,058 [39a4ff36-db48-44de-b1a6-5fbd876301f5@group-99D7973DDDB8-LeaderElection3] INFO  impl.RoleInfo (RoleInfo.java:shutdownLeaderElection(134)) - 39a4ff36-db48-44de-b1a6-5fbd876301f5: shutdown LeaderElection
2019-10-02 09:56:31,055 [561404ce-d9c8-42fd-9d5f-d8b84ab53bec@group-019C3A061DEF-SegmentedRaftLogWorker] INFO  segmented.SegmentedRaftLogWorker (SegmentedRaftLogWorker.java:execute(574)) - 561404ce-d9c8-42fd-9d5f-d8b84ab53bec@group-019C3A061DEF-SegmentedRaftLogWorker: created new log segment /workdir/hadoop-ozone/integration-test/target/test-dir/MiniOzoneClusterImpl-630da8fc-ec45-49cc-80b8-0e679c12a70a/datanode-4/data/ratis/56d7bf24-f80d-4dba-bdc2-019c3a061def/current/log_inprogress_0
2019-10-02 09:56:31,058 [39a4ff36-db48-44de-b1a6-5fbd876301f5@group-99D7973DDDB8-LeaderElection3] INFO  impl.RaftServerImpl (RaftServerImpl.java:setRole(170)) - 39a4ff36-db48-44de-b1a6-5fbd876301f5@group-99D7973DDDB8: changes role from CANDIDATE to LEADER at term 1 for changeToLeader
2019-10-02 09:56:31,058 [3fc93b3f-3a52-4a17-b8ec-5cfab34322dd@group-A8154A0C965D-LeaderElection4] INFO  impl.RoleInfo (RoleInfo.java:shutdownLeaderElection(134)) - 3fc93b3f-3a52-4a17-b8ec-5cfab34322dd: shutdown LeaderElection
2019-10-02 09:56:31,058 [39a4ff36-db48-44de-b1a6-5fbd876301f5@group-99D7973DDDB8-LeaderElection3] INFO  impl.RaftServerImpl (ServerState.java:setLeader(255)) - 39a4ff36-db48-44de-b1a6-5fbd876301f5@group-99D7973DDDB8: change Leader from null to 39a4ff36-db48-44de-b1a6-5fbd876301f5 at term 1 for becomeLeader, leader elected after 5183ms
2019-10-02 09:56:31,058 [3fc93b3f-3a52-4a17-b8ec-5cfab34322dd@group-A8154A0C965D-LeaderElection4] INFO  impl.RaftServerImpl (RaftServerImpl.java:setRole(170)) - 3fc93b3f-3a52-4a17-b8ec-5cfab34322dd@group-A8154A0C965D: changes role from CANDIDATE to LEADER at term 1 for changeToLeader
2019-10-02 09:56:31,060 [39a4ff36-db48-44de-b1a6-5fbd876301f5@group-99D7973DDDB8-LeaderElection3] INFO  server.RaftServerConfigKeys (ConfUtils.java:logGet(43)) - raft.server.staging.catchup.gap = 1000 (default)
2019-10-02 09:56:31,060 [3fc93b3f-3a52-4a17-b8ec-5cfab34322dd@group-A8154A0C965D-LeaderElection4] INFO  impl.RaftServerImpl (ServerState.java:setLeader(255)) - 3fc93b3f-3a52-4a17-b8ec-5cfab34322dd@group-A8154A0C965D: change Leader from null to 3fc93b3f-3a52-4a17-b8ec-5cfab34322dd at term 1 for becomeLeader, leader elected after 5046ms
2019-10-02 09:56:31,060 [39a4ff36-db48-44de-b1a6-5fbd876301f5@group-99D7973DDDB8-LeaderElection3] INFO  server.RaftServerConfigKeys (ConfUtils.java:logGet(43)) - raft.server.rpc.sleep.time = 25ms (default)
2019-10-02 09:56:31,062 [3fc93b3f-3a52-4a17-b8ec-5cfab34322dd@group-A8154A0C965D-LeaderElection4] INFO  server.RaftServerConfigKeys (ConfUtils.java:logGet(43)) - raft.server.staging.catchup.gap = 1000 (default)
2019-10-02 09:56:31,062 [3fc93b3f-3a52-4a17-b8ec-5cfab34322dd@group-A8154A0C965D-LeaderElection4] INFO  server.RaftServerConfigKeys (ConfUtils.java:logGet(43)) - raft.server.rpc.sleep.time = 25ms (default)
2019-10-02 09:56:31,062 [39a4ff36-db48-44de-b1a6-5fbd876301f5@group-99D7973DDDB8-LeaderElection3] INFO  server.RaftServerConfigKeys (ConfUtils.java:logGet(43)) - raft.server.write.element-limit = 4096 (default)
2019-10-02 09:56:31,063 [3fc93b3f-3a52-4a17-b8ec-5cfab34322dd@group-A8154A0C965D-LeaderElection4] INFO  server.RaftServerConfigKeys (ConfUtils.java:logGet(43)) - raft.server.write.element-limit = 4096 (default)
2019-10-02 09:56:31,063 [39a4ff36-db48-44de-b1a6-5fbd876301f5@group-99D7973DDDB8-LeaderElection3] INFO  server.RaftServerConfigKeys (ConfUtils.java:logGet(43)) - raft.server.watch.timeout = 10s (default)
2019-10-02 09:56:31,063 [3fc93b3f-3a52-4a17-b8ec-5cfab34322dd@group-A8154A0C965D-LeaderElection4] INFO  server.RaftServerConfigKeys (ConfUtils.java:logGet(43)) - raft.server.watch.timeout = 10s (default)
2019-10-02 09:56:31,063 [39a4ff36-db48-44de-b1a6-5fbd876301f5@group-99D7973DDDB8-LeaderElection3] INFO  server.RaftServerConfigKeys (ConfUtils.java:logGet(43)) - raft.server.watch.timeout.denomination = 1s (default)
2019-10-02 09:56:31,063 [3fc93b3f-3a52-4a17-b8ec-5cfab34322dd@group-A8154A0C965D-LeaderElection4] INFO  server.RaftServerConfigKeys (ConfUtils.java:logGet(43)) - raft.server.watch.timeout.denomination = 1s (default)
2019-10-02 09:56:31,063 [39a4ff36-db48-44de-b1a6-5fbd876301f5@group-99D7973DDDB8-LeaderElection3] INFO  server.RaftServerConfigKeys (ConfUtils.java:logGet(43)) - raft.server.watch.element-limit = 65536 (default)
2019-10-02 09:56:31,063 [3fc93b3f-3a52-4a17-b8ec-5cfab34322dd@group-A8154A0C965D-LeaderElection4] INFO  server.RaftServerConfigKeys (ConfUtils.java:logGet(43)) - raft.server.watch.element-limit = 65536 (default)
2019-10-02 09:56:31,067 [39a4ff36-db48-44de-b1a6-5fbd876301f5@group-99D7973DDDB8-LeaderElection3] INFO  impl.RoleInfo (RoleInfo.java:updateAndGet(143)) - 39a4ff36-db48-44de-b1a6-5fbd876301f5: start LeaderState
2019-10-02 09:56:31,067 [3fc93b3f-3a52-4a17-b8ec-5cfab34322dd@group-A8154A0C965D-LeaderElection4] INFO  impl.RoleInfo (RoleInfo.java:updateAndGet(143)) - 3fc93b3f-3a52-4a17-b8ec-5cfab34322dd: start LeaderState
2019-10-02 09:56:31,067 [39a4ff36-db48-44de-b1a6-5fbd876301f5@group-99D7973DDDB8-LeaderElection3] INFO  segmented.SegmentedRaftLogWorker (SegmentedRaftLogWorker.java:startLogSegment(385)) - 39a4ff36-db48-44de-b1a6-5fbd876301f5@group-99D7973DDDB8-SegmentedRaftLogWorker: Starting segment from index:0
2019-10-02 09:56:31,067 [3fc93b3f-3a52-4a17-b8ec-5cfab34322dd@group-A8154A0C965D-LeaderElection4] INFO  segmented.SegmentedRaftLogWorker (SegmentedRaftLogWorker.java:startLogSegment(385)) - 3fc93b3f-3a52-4a17-b8ec-5cfab34322dd@group-A8154A0C965D-SegmentedRaftLogWorker: Starting segment from index:0
2019-10-02 09:56:31,068 [39a4ff36-db48-44de-b1a6-5fbd876301f5@group-99D7973DDDB8-LeaderElection3] INFO  impl.RaftServerImpl (ServerState.java:setRaftConf(356)) - 39a4ff36-db48-44de-b1a6-5fbd876301f5@group-99D7973DDDB8: set configuration 0: [39a4ff36-db48-44de-b1a6-5fbd876301f5:192.168.5.178:37716], old=null at 0
2019-10-02 09:56:31,068 [3fc93b3f-3a52-4a17-b8ec-5cfab34322dd@group-A8154A0C965D-LeaderElection4] INFO  impl.RaftServerImpl (ServerState.java:setRaftConf(356)) - 3fc93b3f-3a52-4a17-b8ec-5cfab34322dd@group-A8154A0C965D: set configuration 0: [3fc93b3f-3a52-4a17-b8ec-5cfab34322dd:192.168.5.178:45107], old=null at 0
2019-10-02 09:56:31,116 [39a4ff36-db48-44de-b1a6-5fbd876301f5@group-99D7973DDDB8-SegmentedRaftLogWorker] INFO  segmented.SegmentedRaftLogWorker (SegmentedRaftLogWorker.java:execute(574)) - 39a4ff36-db48-44de-b1a6-5fbd876301f5@group-99D7973DDDB8-SegmentedRaftLogWorker: created new log segment /workdir/hadoop-ozone/integration-test/target/test-dir/MiniOzoneClusterImpl-630da8fc-ec45-49cc-80b8-0e679c12a70a/datanode-3/data/ratis/44f1b709-e33b-4580-8e79-99d7973dddb8/current/log_inprogress_0
2019-10-02 09:56:31,116 [3fc93b3f-3a52-4a17-b8ec-5cfab34322dd@group-A8154A0C965D-SegmentedRaftLogWorker] INFO  segmented.SegmentedRaftLogWorker (SegmentedRaftLogWorker.java:execute(574)) - 3fc93b3f-3a52-4a17-b8ec-5cfab34322dd@group-A8154A0C965D-SegmentedRaftLogWorker: created new log segment /workdir/hadoop-ozone/integration-test/target/test-dir/MiniOzoneClusterImpl-630da8fc-ec45-49cc-80b8-0e679c12a70a/datanode-1/data/ratis/0595e93c-244f-454f-8ded-a8154a0c965d/current/log_inprogress_0
2019-10-02 09:56:31,216 [Thread-252] INFO  impl.FollowerState (FollowerState.java:run(108)) - 9bcfc624-a847-40b5-b41d-130cbcc8f22b@group-786E8A1E6CD6-FollowerState: change to CANDIDATE, lastRpcTime:5097ms, electionTimeout:5097ms
2019-10-02 09:56:31,216 [Thread-252] INFO  impl.RoleInfo (RoleInfo.java:shutdownFollowerState(121)) - 9bcfc624-a847-40b5-b41d-130cbcc8f22b: shutdown FollowerState
2019-10-02 09:56:31,216 [Thread-252] INFO  impl.RaftServerImpl (RaftServerImpl.java:setRole(170)) - 9bcfc624-a847-40b5-b41d-130cbcc8f22b@group-786E8A1E6CD6: changes role from  FOLLOWER to CANDIDATE at term 0 for changeToCandidate
2019-10-02 09:56:31,217 [Thread-252] INFO  impl.RoleInfo (RoleInfo.java:updateAndGet(143)) - 9bcfc624-a847-40b5-b41d-130cbcc8f22b: start LeaderElection
2019-10-02 09:56:31,234 [9bcfc624-a847-40b5-b41d-130cbcc8f22b@group-786E8A1E6CD6-LeaderElection5] INFO  impl.LeaderElection (LeaderElection.java:askForVotes(178)) - 9bcfc624-a847-40b5-b41d-130cbcc8f22b@group-786E8A1E6CD6-LeaderElection5: begin an election at term 1 for -1: [9bcfc624-a847-40b5-b41d-130cbcc8f22b:192.168.5.178:43374], old=null
2019-10-02 09:56:31,235 [9bcfc624-a847-40b5-b41d-130cbcc8f22b@group-786E8A1E6CD6-LeaderElection5] INFO  impl.RoleInfo (RoleInfo.java:shutdownLeaderElection(134)) - 9bcfc624-a847-40b5-b41d-130cbcc8f22b: shutdown LeaderElection
2019-10-02 09:56:31,235 [9bcfc624-a847-40b5-b41d-130cbcc8f22b@group-786E8A1E6CD6-LeaderElection5] INFO  impl.RaftServerImpl (RaftServerImpl.java:setRole(170)) - 9bcfc624-a847-40b5-b41d-130cbcc8f22b@group-786E8A1E6CD6: changes role from CANDIDATE to LEADER at term 1 for changeToLeader
2019-10-02 09:56:31,235 [9bcfc624-a847-40b5-b41d-130cbcc8f22b@group-786E8A1E6CD6-LeaderElection5] INFO  impl.RaftServerImpl (ServerState.java:setLeader(255)) - 9bcfc624-a847-40b5-b41d-130cbcc8f22b@group-786E8A1E6CD6: change Leader from null to 9bcfc624-a847-40b5-b41d-130cbcc8f22b at term 1 for becomeLeader, leader elected after 5128ms
2019-10-02 09:56:31,237 [9bcfc624-a847-40b5-b41d-130cbcc8f22b@group-786E8A1E6CD6-LeaderElection5] INFO  server.RaftServerConfigKeys (ConfUtils.java:logGet(43)) - raft.server.staging.catchup.gap = 1000 (default)
2019-10-02 09:56:31,237 [9bcfc624-a847-40b5-b41d-130cbcc8f22b@group-786E8A1E6CD6-LeaderElection5] INFO  server.RaftServerConfigKeys (ConfUtils.java:logGet(43)) - raft.server.rpc.sleep.time = 25ms (default)
2019-10-02 09:56:31,237 [9bcfc624-a847-40b5-b41d-130cbcc8f22b@group-786E8A1E6CD6-LeaderElection5] INFO  server.RaftServerConfigKeys (ConfUtils.java:logGet(43)) - raft.server.write.element-limit = 4096 (default)
2019-10-02 09:56:31,237 [9bcfc624-a847-40b5-b41d-130cbcc8f22b@group-786E8A1E6CD6-LeaderElection5] INFO  server.RaftServerConfigKeys (ConfUtils.java:logGet(43)) - raft.server.watch.timeout = 10s (default)
2019-10-02 09:56:31,237 [9bcfc624-a847-40b5-b41d-130cbcc8f22b@group-786E8A1E6CD6-LeaderElection5] INFO  server.RaftServerConfigKeys (ConfUtils.java:logGet(43)) - raft.server.watch.timeout.denomination = 1s (default)
2019-10-02 09:56:31,238 [9bcfc624-a847-40b5-b41d-130cbcc8f22b@group-786E8A1E6CD6-LeaderElection5] INFO  server.RaftServerConfigKeys (ConfUtils.java:logGet(43)) - raft.server.watch.element-limit = 65536 (default)
2019-10-02 09:56:31,240 [9bcfc624-a847-40b5-b41d-130cbcc8f22b@group-786E8A1E6CD6-LeaderElection5] INFO  impl.RoleInfo (RoleInfo.java:updateAndGet(143)) - 9bcfc624-a847-40b5-b41d-130cbcc8f22b: start LeaderState
2019-10-02 09:56:31,241 [9bcfc624-a847-40b5-b41d-130cbcc8f22b@group-786E8A1E6CD6-LeaderElection5] INFO  segmented.SegmentedRaftLogWorker (SegmentedRaftLogWorker.java:startLogSegment(385)) - 9bcfc624-a847-40b5-b41d-130cbcc8f22b@group-786E8A1E6CD6-SegmentedRaftLogWorker: Starting segment from index:0
2019-10-02 09:56:31,241 [9bcfc624-a847-40b5-b41d-130cbcc8f22b@group-786E8A1E6CD6-LeaderElection5] INFO  impl.RaftServerImpl (ServerState.java:setRaftConf(356)) - 9bcfc624-a847-40b5-b41d-130cbcc8f22b@group-786E8A1E6CD6: set configuration 0: [9bcfc624-a847-40b5-b41d-130cbcc8f22b:192.168.5.178:43374], old=null at 0
2019-10-02 09:56:31,289 [9bcfc624-a847-40b5-b41d-130cbcc8f22b@group-786E8A1E6CD6-SegmentedRaftLogWorker] INFO  segmented.SegmentedRaftLogWorker (SegmentedRaftLogWorker.java:execute(574)) - 9bcfc624-a847-40b5-b41d-130cbcc8f22b@group-786E8A1E6CD6-SegmentedRaftLogWorker: created new log segment /workdir/hadoop-ozone/integration-test/target/test-dir/MiniOzoneClusterImpl-630da8fc-ec45-49cc-80b8-0e679c12a70a/datanode-5/data/ratis/3fc73488-b86d-43de-959e-786e8a1e6cd6/current/log_inprogress_0
2019-10-02 09:56:31,290 [Thread-255] INFO  impl.FollowerState (FollowerState.java:run(108)) - 67b996e5-612b-4a65-9edf-95c78746ed20@group-BE86A8521CB1-FollowerState: change to CANDIDATE, lastRpcTime:5079ms, electionTimeout:5079ms
2019-10-02 09:56:31,290 [Thread-255] INFO  impl.RoleInfo (RoleInfo.java:shutdownFollowerState(121)) - 67b996e5-612b-4a65-9edf-95c78746ed20: shutdown FollowerState
2019-10-02 09:56:31,290 [Thread-255] INFO  impl.RaftServerImpl (RaftServerImpl.java:setRole(170)) - 67b996e5-612b-4a65-9edf-95c78746ed20@group-BE86A8521CB1: changes role from  FOLLOWER to CANDIDATE at term 0 for changeToCandidate
2019-10-02 09:56:31,291 [Thread-255] INFO  impl.RoleInfo (RoleInfo.java:updateAndGet(143)) - 67b996e5-612b-4a65-9edf-95c78746ed20: start LeaderElection
2019-10-02 09:56:31,308 [67b996e5-612b-4a65-9edf-95c78746ed20@group-BE86A8521CB1-LeaderElection6] INFO  impl.LeaderElection (LeaderElection.java:askForVotes(178)) - 67b996e5-612b-4a65-9edf-95c78746ed20@group-BE86A8521CB1-LeaderElection6: begin an election at term 1 for -1: [67b996e5-612b-4a65-9edf-95c78746ed20:192.168.5.178:32809], old=null
2019-10-02 09:56:31,309 [67b996e5-612b-4a65-9edf-95c78746ed20@group-BE86A8521CB1-LeaderElection6] INFO  impl.RoleInfo (RoleInfo.java:shutdownLeaderElection(134)) - 67b996e5-612b-4a65-9edf-95c78746ed20: shutdown LeaderElection
2019-10-02 09:56:31,309 [67b996e5-612b-4a65-9edf-95c78746ed20@group-BE86A8521CB1-LeaderElection6] INFO  impl.RaftServerImpl (RaftServerImpl.java:setRole(170)) - 67b996e5-612b-4a65-9edf-95c78746ed20@group-BE86A8521CB1: changes role from CANDIDATE to LEADER at term 1 for changeToLeader
2019-10-02 09:56:31,309 [67b996e5-612b-4a65-9edf-95c78746ed20@group-BE86A8521CB1-LeaderElection6] INFO  impl.RaftServerImpl (ServerState.java:setLeader(255)) - 67b996e5-612b-4a65-9edf-95c78746ed20@group-BE86A8521CB1: change Leader from null to 67b996e5-612b-4a65-9edf-95c78746ed20 at term 1 for becomeLeader, leader elected after 5109ms
2019-10-02 09:56:31,311 [67b996e5-612b-4a65-9edf-95c78746ed20@group-BE86A8521CB1-LeaderElection6] INFO  server.RaftServerConfigKeys (ConfUtils.java:logGet(43)) - raft.server.staging.catchup.gap = 1000 (default)
2019-10-02 09:56:31,311 [67b996e5-612b-4a65-9edf-95c78746ed20@group-BE86A8521CB1-LeaderElection6] INFO  server.RaftServerConfigKeys (ConfUtils.java:logGet(43)) - raft.server.rpc.sleep.time = 25ms (default)
2019-10-02 09:56:31,312 [67b996e5-612b-4a65-9edf-95c78746ed20@group-BE86A8521CB1-LeaderElection6] INFO  server.RaftServerConfigKeys (ConfUtils.java:logGet(43)) - raft.server.write.element-limit = 4096 (default)
2019-10-02 09:56:31,312 [67b996e5-612b-4a65-9edf-95c78746ed20@group-BE86A8521CB1-LeaderElection6] INFO  server.RaftServerConfigKeys (ConfUtils.java:logGet(43)) - raft.server.watch.timeout = 10s (default)
2019-10-02 09:56:31,312 [67b996e5-612b-4a65-9edf-95c78746ed20@group-BE86A8521CB1-LeaderElection6] INFO  server.RaftServerConfigKeys (ConfUtils.java:logGet(43)) - raft.server.watch.timeout.denomination = 1s (default)
2019-10-02 09:56:31,312 [67b996e5-612b-4a65-9edf-95c78746ed20@group-BE86A8521CB1-LeaderElection6] INFO  server.RaftServerConfigKeys (ConfUtils.java:logGet(43)) - raft.server.watch.element-limit = 65536 (default)
2019-10-02 09:56:31,315 [67b996e5-612b-4a65-9edf-95c78746ed20@group-BE86A8521CB1-LeaderElection6] INFO  impl.RoleInfo (RoleInfo.java:updateAndGet(143)) - 67b996e5-612b-4a65-9edf-95c78746ed20: start LeaderState
2019-10-02 09:56:31,316 [67b996e5-612b-4a65-9edf-95c78746ed20@group-BE86A8521CB1-LeaderElection6] INFO  segmented.SegmentedRaftLogWorker (SegmentedRaftLogWorker.java:startLogSegment(385)) - 67b996e5-612b-4a65-9edf-95c78746ed20@group-BE86A8521CB1-SegmentedRaftLogWorker: Starting segment from index:0
2019-10-02 09:56:31,316 [67b996e5-612b-4a65-9edf-95c78746ed20@group-BE86A8521CB1-LeaderElection6] INFO  impl.RaftServerImpl (ServerState.java:setRaftConf(356)) - 67b996e5-612b-4a65-9edf-95c78746ed20@group-BE86A8521CB1: set configuration 0: [67b996e5-612b-4a65-9edf-95c78746ed20:192.168.5.178:32809], old=null at 0
2019-10-02 09:56:31,361 [67b996e5-612b-4a65-9edf-95c78746ed20@group-BE86A8521CB1-SegmentedRaftLogWorker] INFO  segmented.SegmentedRaftLogWorker (SegmentedRaftLogWorker.java:execute(574)) - 67b996e5-612b-4a65-9edf-95c78746ed20@group-BE86A8521CB1-SegmentedRaftLogWorker: created new log segment /workdir/hadoop-ozone/integration-test/target/test-dir/MiniOzoneClusterImpl-630da8fc-ec45-49cc-80b8-0e679c12a70a/datanode-2/data/ratis/ce240b3a-85c4-44ee-abaf-be86a8521cb1/current/log_inprogress_0
2019-10-02 09:56:31,429 [Thread-264] INFO  impl.FollowerState (FollowerState.java:run(108)) - 39a4ff36-db48-44de-b1a6-5fbd876301f5@group-AD9EC464EF2D-FollowerState: change to CANDIDATE, lastRpcTime:5006ms, electionTimeout:5006ms
2019-10-02 09:56:31,429 [Thread-258] INFO  impl.FollowerState (FollowerState.java:run(108)) - 459bb913-cbfc-493e-bb85-f2feb0fd9e00@group-A31B717A3C93-FollowerState: change to CANDIDATE, lastRpcTime:5122ms, electionTimeout:5122ms
2019-10-02 09:56:31,429 [Thread-264] INFO  impl.RoleInfo (RoleInfo.java:shutdownFollowerState(121)) - 39a4ff36-db48-44de-b1a6-5fbd876301f5: shutdown FollowerState
2019-10-02 09:56:31,429 [Thread-258] INFO  impl.RoleInfo (RoleInfo.java:shutdownFollowerState(121)) - 459bb913-cbfc-493e-bb85-f2feb0fd9e00: shutdown FollowerState
2019-10-02 09:56:31,429 [Thread-264] INFO  impl.RaftServerImpl (RaftServerImpl.java:setRole(170)) - 39a4ff36-db48-44de-b1a6-5fbd876301f5@group-AD9EC464EF2D: changes role from  FOLLOWER to CANDIDATE at term 0 for changeToCandidate
2019-10-02 09:56:31,429 [Thread-258] INFO  impl.RaftServerImpl (RaftServerImpl.java:setRole(170)) - 459bb913-cbfc-493e-bb85-f2feb0fd9e00@group-A31B717A3C93: changes role from  FOLLOWER to CANDIDATE at term 0 for changeToCandidate
2019-10-02 09:56:31,429 [Thread-264] INFO  impl.RoleInfo (RoleInfo.java:updateAndGet(143)) - 39a4ff36-db48-44de-b1a6-5fbd876301f5: start LeaderElection
2019-10-02 09:56:31,429 [Thread-258] INFO  impl.RoleInfo (RoleInfo.java:updateAndGet(143)) - 459bb913-cbfc-493e-bb85-f2feb0fd9e00: start LeaderElection
2019-10-02 09:56:31,446 [Thread-263] INFO  impl.FollowerState (FollowerState.java:run(108)) - d341b98d-0f02-46e0-bfd5-027dc15f0188@group-AD9EC464EF2D-FollowerState: change to CANDIDATE, lastRpcTime:5031ms, electionTimeout:5031ms
2019-10-02 09:56:31,447 [Thread-263] INFO  impl.RoleInfo (RoleInfo.java:shutdownFollowerState(121)) - d341b98d-0f02-46e0-bfd5-027dc15f0188: shutdown FollowerState
2019-10-02 09:56:31,447 [Thread-263] INFO  impl.RaftServerImpl (RaftServerImpl.java:setRole(170)) - d341b98d-0f02-46e0-bfd5-027dc15f0188@group-AD9EC464EF2D: changes role from  FOLLOWER to CANDIDATE at term 0 for changeToCandidate
2019-10-02 09:56:31,447 [Thread-263] INFO  impl.RoleInfo (RoleInfo.java:updateAndGet(143)) - d341b98d-0f02-46e0-bfd5-027dc15f0188: start LeaderElection
2019-10-02 09:56:31,456 [459bb913-cbfc-493e-bb85-f2feb0fd9e00@group-A31B717A3C93-LeaderElection8] INFO  impl.LeaderElection (LeaderElection.java:askForVotes(178)) - 459bb913-cbfc-493e-bb85-f2feb0fd9e00@group-A31B717A3C93-LeaderElection8: begin an election at term 1 for -1: [459bb913-cbfc-493e-bb85-f2feb0fd9e00:192.168.5.178:45904], old=null
2019-10-02 09:56:31,456 [39a4ff36-db48-44de-b1a6-5fbd876301f5@group-AD9EC464EF2D-LeaderElection7] INFO  impl.LeaderElection (LeaderElection.java:askForVotes(178)) - 39a4ff36-db48-44de-b1a6-5fbd876301f5@group-AD9EC464EF2D-LeaderElection7: begin an election at term 1 for -1: [39a4ff36-db48-44de-b1a6-5fbd876301f5:192.168.5.178:37716, 561404ce-d9c8-42fd-9d5f-d8b84ab53bec:192.168.5.178:41352, d341b98d-0f02-46e0-bfd5-027dc15f0188:192.168.5.178:39764], old=null
2019-10-02 09:56:31,457 [459bb913-cbfc-493e-bb85-f2feb0fd9e00@group-A31B717A3C93-LeaderElection8] INFO  impl.RoleInfo (RoleInfo.java:shutdownLeaderElection(134)) - 459bb913-cbfc-493e-bb85-f2feb0fd9e00: shutdown LeaderElection
2019-10-02 09:56:31,457 [459bb913-cbfc-493e-bb85-f2feb0fd9e00@group-A31B717A3C93-LeaderElection8] INFO  impl.RaftServerImpl (RaftServerImpl.java:setRole(170)) - 459bb913-cbfc-493e-bb85-f2feb0fd9e00@group-A31B717A3C93: changes role from CANDIDATE to LEADER at term 1 for changeToLeader
2019-10-02 09:56:31,457 [459bb913-cbfc-493e-bb85-f2feb0fd9e00@group-A31B717A3C93-LeaderElection8] INFO  impl.RaftServerImpl (ServerState.java:setLeader(255)) - 459bb913-cbfc-493e-bb85-f2feb0fd9e00@group-A31B717A3C93: change Leader from null to 459bb913-cbfc-493e-bb85-f2feb0fd9e00 at term 1 for becomeLeader, leader elected after 5165ms
2019-10-02 09:56:31,461 [459bb913-cbfc-493e-bb85-f2feb0fd9e00@group-A31B717A3C93-LeaderElection8] INFO  server.RaftServerConfigKeys (ConfUtils.java:logGet(43)) - raft.server.staging.catchup.gap = 1000 (default)
2019-10-02 09:56:31,461 [459bb913-cbfc-493e-bb85-f2feb0fd9e00@group-A31B717A3C93-LeaderElection8] INFO  server.RaftServerConfigKeys (ConfUtils.java:logGet(43)) - raft.server.rpc.sleep.time = 25ms (default)
2019-10-02 09:56:31,462 [459bb913-cbfc-493e-bb85-f2feb0fd9e00@group-A31B717A3C93-LeaderElection8] INFO  server.RaftServerConfigKeys (ConfUtils.java:logGet(43)) - raft.server.write.element-limit = 4096 (default)
2019-10-02 09:56:31,462 [459bb913-cbfc-493e-bb85-f2feb0fd9e00@group-A31B717A3C93-LeaderElection8] INFO  server.RaftServerConfigKeys (ConfUtils.java:logGet(43)) - raft.server.watch.timeout = 10s (default)
2019-10-02 09:56:31,462 [459bb913-cbfc-493e-bb85-f2feb0fd9e00@group-A31B717A3C93-LeaderElection8] INFO  server.RaftServerConfigKeys (ConfUtils.java:logGet(43)) - raft.server.watch.timeout.denomination = 1s (default)
2019-10-02 09:56:31,462 [459bb913-cbfc-493e-bb85-f2feb0fd9e00@group-A31B717A3C93-LeaderElection8] INFO  server.RaftServerConfigKeys (ConfUtils.java:logGet(43)) - raft.server.watch.element-limit = 65536 (default)
2019-10-02 09:56:31,466 [459bb913-cbfc-493e-bb85-f2feb0fd9e00@group-A31B717A3C93-LeaderElection8] INFO  impl.RoleInfo (RoleInfo.java:updateAndGet(143)) - 459bb913-cbfc-493e-bb85-f2feb0fd9e00: start LeaderState
2019-10-02 09:56:31,467 [459bb913-cbfc-493e-bb85-f2feb0fd9e00@group-A31B717A3C93-LeaderElection8] INFO  segmented.SegmentedRaftLogWorker (SegmentedRaftLogWorker.java:startLogSegment(385)) - 459bb913-cbfc-493e-bb85-f2feb0fd9e00@group-A31B717A3C93-SegmentedRaftLogWorker: Starting segment from index:0
2019-10-02 09:56:31,468 [459bb913-cbfc-493e-bb85-f2feb0fd9e00@group-A31B717A3C93-LeaderElection8] INFO  impl.RaftServerImpl (ServerState.java:setRaftConf(356)) - 459bb913-cbfc-493e-bb85-f2feb0fd9e00@group-A31B717A3C93: set configuration 0: [459bb913-cbfc-493e-bb85-f2feb0fd9e00:192.168.5.178:45904], old=null at 0
2019-10-02 09:56:31,495 [d341b98d-0f02-46e0-bfd5-027dc15f0188@group-AD9EC464EF2D-LeaderElection9] INFO  impl.LeaderElection (LeaderElection.java:askForVotes(178)) - d341b98d-0f02-46e0-bfd5-027dc15f0188@group-AD9EC464EF2D-LeaderElection9: begin an election at term 1 for -1: [39a4ff36-db48-44de-b1a6-5fbd876301f5:192.168.5.178:37716, 561404ce-d9c8-42fd-9d5f-d8b84ab53bec:192.168.5.178:41352, d341b98d-0f02-46e0-bfd5-027dc15f0188:192.168.5.178:39764], old=null
2019-10-02 09:56:31,508 [459bb913-cbfc-493e-bb85-f2feb0fd9e00@group-A31B717A3C93-SegmentedRaftLogWorker] INFO  segmented.SegmentedRaftLogWorker (SegmentedRaftLogWorker.java:execute(574)) - 459bb913-cbfc-493e-bb85-f2feb0fd9e00@group-A31B717A3C93-SegmentedRaftLogWorker: created new log segment /workdir/hadoop-ozone/integration-test/target/test-dir/MiniOzoneClusterImpl-630da8fc-ec45-49cc-80b8-0e679c12a70a/datanode-6/data/ratis/d9cd4603-2faa-40f8-9dd6-a31b717a3c93/current/log_inprogress_0
2019-10-02 09:56:31,529 [grpc-default-executor-3] INFO  impl.RaftServerImpl (RaftServerImpl.java:setRole(170)) - 561404ce-d9c8-42fd-9d5f-d8b84ab53bec@group-AD9EC464EF2D: changes role from  FOLLOWER to FOLLOWER at term 1 for recognizeCandidate:39a4ff36-db48-44de-b1a6-5fbd876301f5
2019-10-02 09:56:31,529 [grpc-default-executor-3] INFO  impl.RoleInfo (RoleInfo.java:shutdownFollowerState(121)) - 561404ce-d9c8-42fd-9d5f-d8b84ab53bec: shutdown FollowerState
2019-10-02 09:56:31,529 [grpc-default-executor-3] INFO  impl.RoleInfo (RoleInfo.java:updateAndGet(143)) - 561404ce-d9c8-42fd-9d5f-d8b84ab53bec: start FollowerState
2019-10-02 09:56:31,529 [Thread-265] INFO  impl.FollowerState (FollowerState.java:run(117)) - 561404ce-d9c8-42fd-9d5f-d8b84ab53bec@group-AD9EC464EF2D-FollowerState was interrupted: java.lang.InterruptedException: sleep interrupted
2019-10-02 09:56:31,560 [d341b98d-0f02-46e0-bfd5-027dc15f0188@group-AD9EC464EF2D-LeaderElection9] INFO  impl.LeaderElection (LeaderElection.java:logAndReturn(56)) - d341b98d-0f02-46e0-bfd5-027dc15f0188@group-AD9EC464EF2D-LeaderElection9: Election REJECTED; received 2 response(s) [d341b98d-0f02-46e0-bfd5-027dc15f0188<-39a4ff36-db48-44de-b1a6-5fbd876301f5#0:FAIL-t1, d341b98d-0f02-46e0-bfd5-027dc15f0188<-561404ce-d9c8-42fd-9d5f-d8b84ab53bec#0:FAIL-t1] and 0 exception(s); d341b98d-0f02-46e0-bfd5-027dc15f0188@group-AD9EC464EF2D:t1, leader=null, voted=d341b98d-0f02-46e0-bfd5-027dc15f0188, raftlog=d341b98d-0f02-46e0-bfd5-027dc15f0188@group-AD9EC464EF2D-SegmentedRaftLog:OPENED:c-1,f-1,i0, conf=-1: [39a4ff36-db48-44de-b1a6-5fbd876301f5:192.168.5.178:37716, 561404ce-d9c8-42fd-9d5f-d8b84ab53bec:192.168.5.178:41352, d341b98d-0f02-46e0-bfd5-027dc15f0188:192.168.5.178:39764], old=null
2019-10-02 09:56:31,560 [39a4ff36-db48-44de-b1a6-5fbd876301f5@group-AD9EC464EF2D-LeaderElection7] INFO  impl.LeaderElection (LeaderElection.java:logAndReturn(56)) - 39a4ff36-db48-44de-b1a6-5fbd876301f5@group-AD9EC464EF2D-LeaderElection7: Election PASSED; received 2 response(s) [39a4ff36-db48-44de-b1a6-5fbd876301f5<-561404ce-d9c8-42fd-9d5f-d8b84ab53bec#0:OK-t1, 39a4ff36-db48-44de-b1a6-5fbd876301f5<-d341b98d-0f02-46e0-bfd5-027dc15f0188#0:FAIL-t1] and 0 exception(s); 39a4ff36-db48-44de-b1a6-5fbd876301f5@group-AD9EC464EF2D:t1, leader=null, voted=39a4ff36-db48-44de-b1a6-5fbd876301f5, raftlog=39a4ff36-db48-44de-b1a6-5fbd876301f5@group-AD9EC464EF2D-SegmentedRaftLog:OPENED:c-1,f-1,i0, conf=-1: [39a4ff36-db48-44de-b1a6-5fbd876301f5:192.168.5.178:37716, 561404ce-d9c8-42fd-9d5f-d8b84ab53bec:192.168.5.178:41352, d341b98d-0f02-46e0-bfd5-027dc15f0188:192.168.5.178:39764], old=null
2019-10-02 09:56:31,560 [d341b98d-0f02-46e0-bfd5-027dc15f0188@group-AD9EC464EF2D-LeaderElection9] INFO  impl.RaftServerImpl (RaftServerImpl.java:setRole(170)) - d341b98d-0f02-46e0-bfd5-027dc15f0188@group-AD9EC464EF2D: changes role from CANDIDATE to FOLLOWER at term 1 for DISCOVERED_A_NEW_TERM
2019-10-02 09:56:31,562 [d341b98d-0f02-46e0-bfd5-027dc15f0188@group-AD9EC464EF2D-LeaderElection9] INFO  impl.RoleInfo (RoleInfo.java:shutdownLeaderElection(134)) - d341b98d-0f02-46e0-bfd5-027dc15f0188: shutdown LeaderElection
2019-10-02 09:56:31,564 [d341b98d-0f02-46e0-bfd5-027dc15f0188@group-AD9EC464EF2D-LeaderElection9] INFO  impl.RoleInfo (RoleInfo.java:updateAndGet(143)) - d341b98d-0f02-46e0-bfd5-027dc15f0188: start FollowerState
2019-10-02 09:56:31,565 [39a4ff36-db48-44de-b1a6-5fbd876301f5@group-AD9EC464EF2D-LeaderElection7] INFO  impl.RoleInfo (RoleInfo.java:shutdownLeaderElection(134)) - 39a4ff36-db48-44de-b1a6-5fbd876301f5: shutdown LeaderElection
2019-10-02 09:56:31,569 [39a4ff36-db48-44de-b1a6-5fbd876301f5@group-AD9EC464EF2D-LeaderElection7] INFO  impl.RaftServerImpl (RaftServerImpl.java:setRole(170)) - 39a4ff36-db48-44de-b1a6-5fbd876301f5@group-AD9EC464EF2D: changes role from CANDIDATE to LEADER at term 1 for changeToLeader
2019-10-02 09:56:31,572 [39a4ff36-db48-44de-b1a6-5fbd876301f5@group-AD9EC464EF2D-LeaderElection7] INFO  impl.RaftServerImpl (ServerState.java:setLeader(255)) - 39a4ff36-db48-44de-b1a6-5fbd876301f5@group-AD9EC464EF2D: change Leader from null to 39a4ff36-db48-44de-b1a6-5fbd876301f5 at term 1 for becomeLeader, leader elected after 5168ms
2019-10-02 09:56:31,573 [39a4ff36-db48-44de-b1a6-5fbd876301f5@group-AD9EC464EF2D-LeaderElection7] INFO  server.RaftServerConfigKeys (ConfUtils.java:logGet(43)) - raft.server.staging.catchup.gap = 1000 (default)
2019-10-02 09:56:31,573 [39a4ff36-db48-44de-b1a6-5fbd876301f5@group-AD9EC464EF2D-LeaderElection7] INFO  server.RaftServerConfigKeys (ConfUtils.java:logGet(43)) - raft.server.rpc.sleep.time = 25ms (default)
2019-10-02 09:56:31,573 [39a4ff36-db48-44de-b1a6-5fbd876301f5@group-AD9EC464EF2D-LeaderElection7] INFO  server.RaftServerConfigKeys (ConfUtils.java:logGet(43)) - raft.server.write.element-limit = 4096 (default)
2019-10-02 09:56:31,573 [39a4ff36-db48-44de-b1a6-5fbd876301f5@group-AD9EC464EF2D-LeaderElection7] INFO  server.RaftServerConfigKeys (ConfUtils.java:logGet(43)) - raft.server.watch.timeout = 10s (default)
2019-10-02 09:56:31,573 [39a4ff36-db48-44de-b1a6-5fbd876301f5@group-AD9EC464EF2D-LeaderElection7] INFO  server.RaftServerConfigKeys (ConfUtils.java:logGet(43)) - raft.server.watch.timeout.denomination = 1s (default)
2019-10-02 09:56:31,573 [39a4ff36-db48-44de-b1a6-5fbd876301f5@group-AD9EC464EF2D-LeaderElection7] INFO  server.RaftServerConfigKeys (ConfUtils.java:logGet(43)) - raft.server.watch.element-limit = 65536 (default)
2019-10-02 09:56:31,580 [39a4ff36-db48-44de-b1a6-5fbd876301f5@group-AD9EC464EF2D-LeaderElection7] INFO  server.RaftServerConfigKeys (ConfUtils.java:logGet(43)) - raft.server.log.appender.snapshot.chunk.size.max = 16MB (=16777216) (default)
2019-10-02 09:56:31,580 [39a4ff36-db48-44de-b1a6-5fbd876301f5@group-AD9EC464EF2D-LeaderElection7] INFO  server.RaftServerConfigKeys (ConfUtils.java:logGet(43)) - raft.server.log.appender.buffer.byte-limit = 33554432 (custom)
2019-10-02 09:56:31,581 [39a4ff36-db48-44de-b1a6-5fbd876301f5@group-AD9EC464EF2D-LeaderElection7] INFO  server.RaftServerConfigKeys (ConfUtils.java:logGet(43)) - raft.server.log.appender.buffer.element-limit = 1 (custom)
2019-10-02 09:56:31,585 [39a4ff36-db48-44de-b1a6-5fbd876301f5@group-AD9EC464EF2D-LeaderElection7] INFO  grpc.GrpcConfigKeys$Server (ConfUtils.java:logGet(43)) - raft.grpc.server.leader.outstanding.appends.max = 128 (default)
2019-10-02 09:56:31,585 [39a4ff36-db48-44de-b1a6-5fbd876301f5@group-AD9EC464EF2D-LeaderElection7] INFO  server.RaftServerConfigKeys (ConfUtils.java:logGet(43)) - raft.server.rpc.request.timeout = 3000ms (default)
2019-10-02 09:56:31,585 [39a4ff36-db48-44de-b1a6-5fbd876301f5@group-AD9EC464EF2D-LeaderElection7] INFO  server.RaftServerConfigKeys (ConfUtils.java:logGet(43)) - raft.server.log.appender.install.snapshot.enabled = false (custom)
2019-10-02 09:56:31,586 [39a4ff36-db48-44de-b1a6-5fbd876301f5@group-AD9EC464EF2D-LeaderElection7] INFO  server.RaftServerConfigKeys (ConfUtils.java:logGet(43)) - raft.server.log.appender.snapshot.chunk.size.max = 16MB (=16777216) (default)
2019-10-02 09:56:31,587 [39a4ff36-db48-44de-b1a6-5fbd876301f5@group-AD9EC464EF2D-LeaderElection7] INFO  server.RaftServerConfigKeys (ConfUtils.java:logGet(43)) - raft.server.log.appender.buffer.byte-limit = 33554432 (custom)
2019-10-02 09:56:31,587 [39a4ff36-db48-44de-b1a6-5fbd876301f5@group-AD9EC464EF2D-LeaderElection7] INFO  server.RaftServerConfigKeys (ConfUtils.java:logGet(43)) - raft.server.log.appender.buffer.element-limit = 1 (custom)
2019-10-02 09:56:31,587 [39a4ff36-db48-44de-b1a6-5fbd876301f5@group-AD9EC464EF2D-LeaderElection7] INFO  grpc.GrpcConfigKeys$Server (ConfUtils.java:logGet(43)) - raft.grpc.server.leader.outstanding.appends.max = 128 (default)
2019-10-02 09:56:31,587 [39a4ff36-db48-44de-b1a6-5fbd876301f5@group-AD9EC464EF2D-LeaderElection7] INFO  server.RaftServerConfigKeys (ConfUtils.java:logGet(43)) - raft.server.rpc.request.timeout = 3000ms (default)
2019-10-02 09:56:31,587 [39a4ff36-db48-44de-b1a6-5fbd876301f5@group-AD9EC464EF2D-LeaderElection7] INFO  server.RaftServerConfigKeys (ConfUtils.java:logGet(43)) - raft.server.log.appender.install.snapshot.enabled = false (custom)
2019-10-02 09:56:31,589 [39a4ff36-db48-44de-b1a6-5fbd876301f5@group-AD9EC464EF2D-LeaderElection7] INFO  impl.RoleInfo (RoleInfo.java:updateAndGet(143)) - 39a4ff36-db48-44de-b1a6-5fbd876301f5: start LeaderState
2019-10-02 09:56:31,589 [39a4ff36-db48-44de-b1a6-5fbd876301f5@group-AD9EC464EF2D-LeaderElection7] INFO  segmented.SegmentedRaftLogWorker (SegmentedRaftLogWorker.java:startLogSegment(385)) - 39a4ff36-db48-44de-b1a6-5fbd876301f5@group-AD9EC464EF2D-SegmentedRaftLogWorker: Starting segment from index:0
2019-10-02 09:56:31,590 [39a4ff36-db48-44de-b1a6-5fbd876301f5@group-AD9EC464EF2D-LeaderElection7] INFO  impl.RaftServerImpl (ServerState.java:setRaftConf(356)) - 39a4ff36-db48-44de-b1a6-5fbd876301f5@group-AD9EC464EF2D: set configuration 0: [39a4ff36-db48-44de-b1a6-5fbd876301f5:192.168.5.178:37716, 561404ce-d9c8-42fd-9d5f-d8b84ab53bec:192.168.5.178:41352, d341b98d-0f02-46e0-bfd5-027dc15f0188:192.168.5.178:39764], old=null at 0
2019-10-02 09:56:31,639 [39a4ff36-db48-44de-b1a6-5fbd876301f5@group-AD9EC464EF2D-SegmentedRaftLogWorker] INFO  segmented.SegmentedRaftLogWorker (SegmentedRaftLogWorker.java:execute(574)) - 39a4ff36-db48-44de-b1a6-5fbd876301f5@group-AD9EC464EF2D-SegmentedRaftLogWorker: created new log segment /workdir/hadoop-ozone/integration-test/target/test-dir/MiniOzoneClusterImpl-630da8fc-ec45-49cc-80b8-0e679c12a70a/datanode-3/data/ratis/aac88eae-553d-48cb-aa21-ad9ec464ef2d/current/log_inprogress_0
2019-10-02 09:56:31,652 [grpc-default-executor-0] INFO  impl.RaftServerImpl (ServerState.java:setLeader(255)) - d341b98d-0f02-46e0-bfd5-027dc15f0188@group-AD9EC464EF2D: change Leader from null to 39a4ff36-db48-44de-b1a6-5fbd876301f5 at term 1 for appendEntries, leader elected after 5248ms
2019-10-02 09:56:31,652 [grpc-default-executor-3] INFO  impl.RaftServerImpl (ServerState.java:setLeader(255)) - 561404ce-d9c8-42fd-9d5f-d8b84ab53bec@group-AD9EC464EF2D: change Leader from null to 39a4ff36-db48-44de-b1a6-5fbd876301f5 at term 1 for appendEntries, leader elected after 5247ms
2019-10-02 09:56:31,660 [Thread-273] INFO  impl.FollowerState (FollowerState.java:run(108)) - 9bcfc624-a847-40b5-b41d-130cbcc8f22b@group-DC7C559FEA01-FollowerState: change to CANDIDATE, lastRpcTime:5114ms, electionTimeout:5113ms
2019-10-02 09:56:31,660 [Thread-273] INFO  impl.RoleInfo (RoleInfo.java:shutdownFollowerState(121)) - 9bcfc624-a847-40b5-b41d-130cbcc8f22b: shutdown FollowerState
2019-10-02 09:56:31,660 [Thread-273] INFO  impl.RaftServerImpl (RaftServerImpl.java:setRole(170)) - 9bcfc624-a847-40b5-b41d-130cbcc8f22b@group-DC7C559FEA01: changes role from  FOLLOWER to CANDIDATE at term 0 for changeToCandidate
2019-10-02 09:56:31,660 [Thread-273] INFO  impl.RoleInfo (RoleInfo.java:updateAndGet(143)) - 9bcfc624-a847-40b5-b41d-130cbcc8f22b: start LeaderElection
2019-10-02 09:56:31,669 [Thread-274] INFO  impl.FollowerState (FollowerState.java:run(108)) - 3fc93b3f-3a52-4a17-b8ec-5cfab34322dd@group-DC7C559FEA01-FollowerState: change to CANDIDATE, lastRpcTime:5121ms, electionTimeout:5121ms
2019-10-02 09:56:31,669 [Thread-274] INFO  impl.RoleInfo (RoleInfo.java:shutdownFollowerState(121)) - 3fc93b3f-3a52-4a17-b8ec-5cfab34322dd: shutdown FollowerState
2019-10-02 09:56:31,669 [Thread-274] INFO  impl.RaftServerImpl (RaftServerImpl.java:setRole(170)) - 3fc93b3f-3a52-4a17-b8ec-5cfab34322dd@group-DC7C559FEA01: changes role from  FOLLOWER to CANDIDATE at term 0 for changeToCandidate
2019-10-02 09:56:31,669 [Thread-274] INFO  impl.RoleInfo (RoleInfo.java:updateAndGet(143)) - 3fc93b3f-3a52-4a17-b8ec-5cfab34322dd: start LeaderElection
2019-10-02 09:56:31,678 [9bcfc624-a847-40b5-b41d-130cbcc8f22b@group-DC7C559FEA01-LeaderElection10] INFO  impl.LeaderElection (LeaderElection.java:askForVotes(178)) - 9bcfc624-a847-40b5-b41d-130cbcc8f22b@group-DC7C559FEA01-LeaderElection10: begin an election at term 1 for -1: [67b996e5-612b-4a65-9edf-95c78746ed20:192.168.5.178:32809, 3fc93b3f-3a52-4a17-b8ec-5cfab34322dd:192.168.5.178:45107, 9bcfc624-a847-40b5-b41d-130cbcc8f22b:192.168.5.178:43374], old=null
2019-10-02 09:56:31,678 [3fc93b3f-3a52-4a17-b8ec-5cfab34322dd@group-DC7C559FEA01-LeaderElection11] INFO  impl.LeaderElection (LeaderElection.java:askForVotes(178)) - 3fc93b3f-3a52-4a17-b8ec-5cfab34322dd@group-DC7C559FEA01-LeaderElection11: begin an election at term 1 for -1: [67b996e5-612b-4a65-9edf-95c78746ed20:192.168.5.178:32809, 3fc93b3f-3a52-4a17-b8ec-5cfab34322dd:192.168.5.178:45107, 9bcfc624-a847-40b5-b41d-130cbcc8f22b:192.168.5.178:43374], old=null
2019-10-02 09:56:31,680 [Thread-275] INFO  impl.FollowerState (FollowerState.java:run(108)) - 67b996e5-612b-4a65-9edf-95c78746ed20@group-DC7C559FEA01-FollowerState: change to CANDIDATE, lastRpcTime:5131ms, electionTimeout:5131ms
2019-10-02 09:56:31,680 [Thread-275] INFO  impl.RoleInfo (RoleInfo.java:shutdownFollowerState(121)) - 67b996e5-612b-4a65-9edf-95c78746ed20: shutdown FollowerState
2019-10-02 09:56:31,681 [Thread-275] INFO  impl.RaftServerImpl (RaftServerImpl.java:setRole(170)) - 67b996e5-612b-4a65-9edf-95c78746ed20@group-DC7C559FEA01: changes role from  FOLLOWER to CANDIDATE at term 0 for changeToCandidate
2019-10-02 09:56:31,685 [Thread-275] INFO  impl.RoleInfo (RoleInfo.java:updateAndGet(143)) - 67b996e5-612b-4a65-9edf-95c78746ed20: start LeaderElection
2019-10-02 09:56:31,705 [grpc-default-executor-1] INFO  impl.RaftServerImpl (ServerState.java:setRaftConf(356)) - 561404ce-d9c8-42fd-9d5f-d8b84ab53bec@group-AD9EC464EF2D: set configuration 0: [39a4ff36-db48-44de-b1a6-5fbd876301f5:192.168.5.178:37716, 561404ce-d9c8-42fd-9d5f-d8b84ab53bec:192.168.5.178:41352, d341b98d-0f02-46e0-bfd5-027dc15f0188:192.168.5.178:39764], old=null at 0
2019-10-02 09:56:31,705 [67b996e5-612b-4a65-9edf-95c78746ed20@group-DC7C559FEA01-LeaderElection12] INFO  impl.LeaderElection (LeaderElection.java:askForVotes(178)) - 67b996e5-612b-4a65-9edf-95c78746ed20@group-DC7C559FEA01-LeaderElection12: begin an election at term 1 for -1: [67b996e5-612b-4a65-9edf-95c78746ed20:192.168.5.178:32809, 3fc93b3f-3a52-4a17-b8ec-5cfab34322dd:192.168.5.178:45107, 9bcfc624-a847-40b5-b41d-130cbcc8f22b:192.168.5.178:43374], old=null
2019-10-02 09:56:31,705 [grpc-default-executor-2] INFO  impl.RaftServerImpl (ServerState.java:setRaftConf(356)) - d341b98d-0f02-46e0-bfd5-027dc15f0188@group-AD9EC464EF2D: set configuration 0: [39a4ff36-db48-44de-b1a6-5fbd876301f5:192.168.5.178:37716, 561404ce-d9c8-42fd-9d5f-d8b84ab53bec:192.168.5.178:41352, d341b98d-0f02-46e0-bfd5-027dc15f0188:192.168.5.178:39764], old=null at 0
2019-10-02 09:56:31,707 [grpc-default-executor-1] INFO  segmented.SegmentedRaftLogWorker (SegmentedRaftLogWorker.java:startLogSegment(385)) - 561404ce-d9c8-42fd-9d5f-d8b84ab53bec@group-AD9EC464EF2D-SegmentedRaftLogWorker: Starting segment from index:0
2019-10-02 09:56:31,707 [grpc-default-executor-2] INFO  segmented.SegmentedRaftLogWorker (SegmentedRaftLogWorker.java:startLogSegment(385)) - d341b98d-0f02-46e0-bfd5-027dc15f0188@group-AD9EC464EF2D-SegmentedRaftLogWorker: Starting segment from index:0
2019-10-02 09:56:31,779 [561404ce-d9c8-42fd-9d5f-d8b84ab53bec@group-AD9EC464EF2D-SegmentedRaftLogWorker] INFO  segmented.SegmentedRaftLogWorker (SegmentedRaftLogWorker.java:execute(574)) - 561404ce-d9c8-42fd-9d5f-d8b84ab53bec@group-AD9EC464EF2D-SegmentedRaftLogWorker: created new log segment /workdir/hadoop-ozone/integration-test/target/test-dir/MiniOzoneClusterImpl-630da8fc-ec45-49cc-80b8-0e679c12a70a/datanode-4/data/ratis/aac88eae-553d-48cb-aa21-ad9ec464ef2d/current/log_inprogress_0
2019-10-02 09:56:31,783 [3fc93b3f-3a52-4a17-b8ec-5cfab34322dd@group-DC7C559FEA01-LeaderElection11] INFO  impl.LeaderElection (LeaderElection.java:logAndReturn(56)) - 3fc93b3f-3a52-4a17-b8ec-5cfab34322dd@group-DC7C559FEA01-LeaderElection11: Election REJECTED; received 2 response(s) [3fc93b3f-3a52-4a17-b8ec-5cfab34322dd<-67b996e5-612b-4a65-9edf-95c78746ed20#0:FAIL-t1, 3fc93b3f-3a52-4a17-b8ec-5cfab34322dd<-9bcfc624-a847-40b5-b41d-130cbcc8f22b#0:FAIL-t1] and 0 exception(s); 3fc93b3f-3a52-4a17-b8ec-5cfab34322dd@group-DC7C559FEA01:t1, leader=null, voted=3fc93b3f-3a52-4a17-b8ec-5cfab34322dd, raftlog=3fc93b3f-3a52-4a17-b8ec-5cfab34322dd@group-DC7C559FEA01-SegmentedRaftLog:OPENED:c-1,f-1,i0, conf=-1: [67b996e5-612b-4a65-9edf-95c78746ed20:192.168.5.178:32809, 3fc93b3f-3a52-4a17-b8ec-5cfab34322dd:192.168.5.178:45107, 9bcfc624-a847-40b5-b41d-130cbcc8f22b:192.168.5.178:43374], old=null
2019-10-02 09:56:31,788 [3fc93b3f-3a52-4a17-b8ec-5cfab34322dd@group-DC7C559FEA01-LeaderElection11] INFO  impl.RaftServerImpl (RaftServerImpl.java:setRole(170)) - 3fc93b3f-3a52-4a17-b8ec-5cfab34322dd@group-DC7C559FEA01: changes role from CANDIDATE to FOLLOWER at term 1 for DISCOVERED_A_NEW_TERM
2019-10-02 09:56:31,792 [d341b98d-0f02-46e0-bfd5-027dc15f0188@group-AD9EC464EF2D-SegmentedRaftLogWorker] INFO  segmented.SegmentedRaftLogWorker (SegmentedRaftLogWorker.java:execute(574)) - d341b98d-0f02-46e0-bfd5-027dc15f0188@group-AD9EC464EF2D-SegmentedRaftLogWorker: created new log segment /workdir/hadoop-ozone/integration-test/target/test-dir/MiniOzoneClusterImpl-630da8fc-ec45-49cc-80b8-0e679c12a70a/datanode-0/data/ratis/aac88eae-553d-48cb-aa21-ad9ec464ef2d/current/log_inprogress_0
2019-10-02 09:56:31,794 [3fc93b3f-3a52-4a17-b8ec-5cfab34322dd@group-DC7C559FEA01-LeaderElection11] INFO  impl.RoleInfo (RoleInfo.java:shutdownLeaderElection(134)) - 3fc93b3f-3a52-4a17-b8ec-5cfab34322dd: shutdown LeaderElection
2019-10-02 09:56:31,795 [3fc93b3f-3a52-4a17-b8ec-5cfab34322dd@group-DC7C559FEA01-LeaderElection11] INFO  impl.RoleInfo (RoleInfo.java:updateAndGet(143)) - 3fc93b3f-3a52-4a17-b8ec-5cfab34322dd: start FollowerState
2019-10-02 09:56:31,795 [9bcfc624-a847-40b5-b41d-130cbcc8f22b@group-DC7C559FEA01-LeaderElection10] INFO  impl.LeaderElection (LeaderElection.java:logAndReturn(56)) - 9bcfc624-a847-40b5-b41d-130cbcc8f22b@group-DC7C559FEA01-LeaderElection10: Election REJECTED; received 2 response(s) [9bcfc624-a847-40b5-b41d-130cbcc8f22b<-67b996e5-612b-4a65-9edf-95c78746ed20#0:FAIL-t1, 9bcfc624-a847-40b5-b41d-130cbcc8f22b<-3fc93b3f-3a52-4a17-b8ec-5cfab34322dd#0:FAIL-t1] and 0 exception(s); 9bcfc624-a847-40b5-b41d-130cbcc8f22b@group-DC7C559FEA01:t1, leader=null, voted=9bcfc624-a847-40b5-b41d-130cbcc8f22b, raftlog=9bcfc624-a847-40b5-b41d-130cbcc8f22b@group-DC7C559FEA01-SegmentedRaftLog:OPENED:c-1,f-1,i0, conf=-1: [67b996e5-612b-4a65-9edf-95c78746ed20:192.168.5.178:32809, 3fc93b3f-3a52-4a17-b8ec-5cfab34322dd:192.168.5.178:45107, 9bcfc624-a847-40b5-b41d-130cbcc8f22b:192.168.5.178:43374], old=null
2019-10-02 09:56:31,795 [9bcfc624-a847-40b5-b41d-130cbcc8f22b@group-DC7C559FEA01-LeaderElection10] INFO  impl.RaftServerImpl (RaftServerImpl.java:setRole(170)) - 9bcfc624-a847-40b5-b41d-130cbcc8f22b@group-DC7C559FEA01: changes role from CANDIDATE to FOLLOWER at term 1 for DISCOVERED_A_NEW_TERM
2019-10-02 09:56:31,795 [9bcfc624-a847-40b5-b41d-130cbcc8f22b@group-DC7C559FEA01-LeaderElection10] INFO  impl.RoleInfo (RoleInfo.java:shutdownLeaderElection(134)) - 9bcfc624-a847-40b5-b41d-130cbcc8f22b: shutdown LeaderElection
2019-10-02 09:56:31,803 [9bcfc624-a847-40b5-b41d-130cbcc8f22b@group-DC7C559FEA01-LeaderElection10] INFO  impl.RoleInfo (RoleInfo.java:updateAndGet(143)) - 9bcfc624-a847-40b5-b41d-130cbcc8f22b: start FollowerState
2019-10-02 09:56:31,833 [67b996e5-612b-4a65-9edf-95c78746ed20@group-DC7C559FEA01-LeaderElection12] INFO  impl.LeaderElection (LeaderElection.java:logAndReturn(56)) - 67b996e5-612b-4a65-9edf-95c78746ed20@group-DC7C559FEA01-LeaderElection12: Election REJECTED; received 2 response(s) [67b996e5-612b-4a65-9edf-95c78746ed20<-3fc93b3f-3a52-4a17-b8ec-5cfab34322dd#0:FAIL-t1, 67b996e5-612b-4a65-9edf-95c78746ed20<-9bcfc624-a847-40b5-b41d-130cbcc8f22b#0:FAIL-t1] and 0 exception(s); 67b996e5-612b-4a65-9edf-95c78746ed20@group-DC7C559FEA01:t1, leader=null, voted=67b996e5-612b-4a65-9edf-95c78746ed20, raftlog=67b996e5-612b-4a65-9edf-95c78746ed20@group-DC7C559FEA01-SegmentedRaftLog:OPENED:c-1,f-1,i0, conf=-1: [67b996e5-612b-4a65-9edf-95c78746ed20:192.168.5.178:32809, 3fc93b3f-3a52-4a17-b8ec-5cfab34322dd:192.168.5.178:45107, 9bcfc624-a847-40b5-b41d-130cbcc8f22b:192.168.5.178:43374], old=null
2019-10-02 09:56:31,834 [67b996e5-612b-4a65-9edf-95c78746ed20@group-DC7C559FEA01-LeaderElection12] INFO  impl.RaftServerImpl (RaftServerImpl.java:setRole(170)) - 67b996e5-612b-4a65-9edf-95c78746ed20@group-DC7C559FEA01: changes role from CANDIDATE to FOLLOWER at term 1 for DISCOVERED_A_NEW_TERM
2019-10-02 09:56:31,835 [67b996e5-612b-4a65-9edf-95c78746ed20@group-DC7C559FEA01-LeaderElection12] INFO  impl.RoleInfo (RoleInfo.java:shutdownLeaderElection(134)) - 67b996e5-612b-4a65-9edf-95c78746ed20: shutdown LeaderElection
2019-10-02 09:56:31,836 [67b996e5-612b-4a65-9edf-95c78746ed20@group-DC7C559FEA01-LeaderElection12] INFO  impl.RoleInfo (RoleInfo.java:updateAndGet(143)) - 67b996e5-612b-4a65-9edf-95c78746ed20: start FollowerState
]]></system-out>
    <system-err><![CDATA[ERROR StatusLogger No Log4j 2 configuration file found. Using default configuration (logging only errors to the console), or user programmatically provided configurations. Set system property 'log4j2.debug' to show Log4j 2 internal initialization logging. See https://logging.apache.org/log4j/2.x/manual/configuration.html for instructions on how to configure Log4j 2
]]></system-err>
  </testcase>
</testsuite>